<?xml version="1.0" encoding="UTF-8"?>
<testsuites tests="49" failures="0" errors="0" skipped="0">
  <testsuite timestamp="2025-05-26T17:02:26" time="1935.183" tests="49" failures="0" errors="0" skipped="0">
    <properties>
      <property name="specId" value="0"/>
      <property name="suiteName" value="Sanity Tests US104253"/>
      <property name="capabilities" value="chrome.136_0_7103_93.windows"/>
      <property name="file" value="file:///D:/a/1/s/test/specs/General/sanity.spec.js"/>
    </properties>
    <testcase classname="chrome.136_0_7103_93.windows.Sanity_Tests_US104253" name="Should open Manage Partners page" time="52.075">
      <system-out><![CDATA[
COMMAND: POST /session/4836453b402f92b7e9e81344a4aab013/execute/async - {"script":"<script> [1562 bytes]","args":[{"selector":{"controlType":"sap.m.GenericTile","properties":{"header":"Manage Partners"}},"wdio_ui5_key":"sapm.GenericTile{\"header\":\"Manage Partners\"}"}]}
RESULT: {"script":"<script> [1562 bytes]","args":[{"selector":{"controlType":"sap.m.GenericTile","properties":{"header":"Manage Partners"}},"wdio_ui5_key":"sapm.GenericTile{\"header\":\"Manage Partners\"}"}]}
RESULT: undefined
COMMAND: POST /session/4836453b402f92b7e9e81344a4aab013/element - {"using":"xpath","value":"//*[@id=\"__tile38\"]"}
RESULT: {"using":"xpath","value":"//*[@id=\"__tile38\"]"}
COMMAND: POST /session/4836453b402f92b7e9e81344a4aab013/element/f.6EEA9E36D47CD0C072FE09BA509AC88B.d.207C23C52723C766730775980BFFF609.e.115/click - {}
RESULT: {}
COMMAND: GET /session/4836453b402f92b7e9e81344a4aab013/screenshot - {}
RESULT: {}
COMMAND: POST /session/4836453b402f92b7e9e81344a4aab013/elements - {"using":"xpath","value":"//span[text()='Error']"}
RESULT: {"using":"xpath","value":"//span[text()='Error']"}
RESULT: undefined
COMMAND: POST /session/4836453b402f92b7e9e81344a4aab013/element - {"using":"xpath","value":"//*[@id=\"__tile38\"]"}
RESULT: {"using":"xpath","value":"//*[@id=\"__tile38\"]"}
COMMAND: POST /session/4836453b402f92b7e9e81344a4aab013/element/f.6EEA9E36D47CD0C072FE09BA509AC88B.d.207C23C52723C766730775980BFFF609.e.115/click - {}
RESULT: undefined
COMMAND: POST /session/4836453b402f92b7e9e81344a4aab013/element - {"using":"xpath","value":"//*[@id=\"__tile38\"]"}
RESULT: {"using":"xpath","value":"//*[@id=\"__tile38\"]"}
COMMAND: POST /session/4836453b402f92b7e9e81344a4aab013/element/f.6EEA9E36D47CD0C072FE09BA509AC88B.d.207C23C52723C766730775980BFFF609.e.115/click - {}
COMMAND: POST /session/4836453b402f92b7e9e81344a4aab013/execute/async - {"script":"<script> [1562 bytes]","args":[{"selector":{"id":"shellAppTitle"},"wdio_ui5_key":"shellAppTitle"}]}
RESULT: {"script":"<script> [1562 bytes]","args":[{"selector":{"id":"shellAppTitle"},"wdio_ui5_key":"shellAppTitle"}]}
RESULT: undefined
COMMAND: POST /session/4836453b402f92b7e9e81344a4aab013/execute/async - {"script":"<script> [6424 bytes]","args":[{"element-6066-11e4-a52e-4f735466cecf":"f.6EEA9E36D47CD0C072FE09BA509AC88B.d.207C23C52723C766730775980BFFF609.e.288"},"getTitle",[]]}
RESULT: {"script":"<script> [6424 bytes]","args":[{"element-6066-11e4-a52e-4f735466cecf":"f.6EEA9E36D47CD0C072FE09BA509AC88B.d.207C23C52723C766730775980BFFF609.e.288"},"getTitle",[]]}
COMMAND: POST /session/4836453b402f92b7e9e81344a4aab013/execute/async - {"script":"<script> [1562 bytes]","args":[{"selector":{"id":"backBtn"},"wdio_ui5_key":"backBtn"}]}
RESULT: {"script":"<script> [1562 bytes]","args":[{"selector":{"id":"backBtn"},"wdio_ui5_key":"backBtn"}]}
RESULT: undefined
COMMAND: POST /session/4836453b402f92b7e9e81344a4aab013/element - {"using":"xpath","value":"//*[@id=\"backBtn\"]"}
RESULT: {"using":"xpath","value":"//*[@id=\"backBtn\"]"}
COMMAND: POST /session/4836453b402f92b7e9e81344a4aab013/element/f.6EEA9E36D47CD0C072FE09BA509AC88B.d.207C23C52723C766730775980BFFF609.e.289/click - {}
RESULT: {}
COMMAND: GET /session/4836453b402f92b7e9e81344a4aab013/screenshot - {}
RESULT: {}
]]></system-out>
    </testcase>
    <testcase classname="chrome.136_0_7103_93.windows.Sanity_Tests_US104253" name="Should open Manage Sites page" time="36.721">
      <system-out><![CDATA[
COMMAND: POST /session/4836453b402f92b7e9e81344a4aab013/execute/async - {"script":"<script> [1562 bytes]","args":[{"selector":{"controlType":"sap.m.GenericTile","properties":{"header":"Manage Sites"}},"wdio_ui5_key":"sapm.GenericTile{\"header\":\"Manage Sites\"}"}]}
RESULT: {"script":"<script> [1562 bytes]","args":[{"selector":{"controlType":"sap.m.GenericTile","properties":{"header":"Manage Sites"}},"wdio_ui5_key":"sapm.GenericTile{\"header\":\"Manage Sites\"}"}]}
RESULT: undefined
COMMAND: POST /session/4836453b402f92b7e9e81344a4aab013/element - {"using":"xpath","value":"//*[@id=\"__tile40\"]"}
RESULT: {"using":"xpath","value":"//*[@id=\"__tile40\"]"}
COMMAND: POST /session/4836453b402f92b7e9e81344a4aab013/element/f.6EEA9E36D47CD0C072FE09BA509AC88B.d.207C23C52723C766730775980BFFF609.e.291/click - {}
RESULT: {}
COMMAND: GET /session/4836453b402f92b7e9e81344a4aab013/screenshot - {}
RESULT: {}
COMMAND: POST /session/4836453b402f92b7e9e81344a4aab013/elements - {"using":"xpath","value":"//span[text()='Error']"}
RESULT: {"using":"xpath","value":"//span[text()='Error']"}
RESULT: undefined
COMMAND: POST /session/4836453b402f92b7e9e81344a4aab013/element - {"using":"xpath","value":"//*[@id=\"__tile40\"]"}
RESULT: {"using":"xpath","value":"//*[@id=\"__tile40\"]"}
COMMAND: POST /session/4836453b402f92b7e9e81344a4aab013/element/f.6EEA9E36D47CD0C072FE09BA509AC88B.d.207C23C52723C766730775980BFFF609.e.291/click - {}
RESULT: undefined
COMMAND: POST /session/4836453b402f92b7e9e81344a4aab013/element - {"using":"xpath","value":"//*[@id=\"__tile40\"]"}
RESULT: {"using":"xpath","value":"//*[@id=\"__tile40\"]"}
COMMAND: POST /session/4836453b402f92b7e9e81344a4aab013/element/f.6EEA9E36D47CD0C072FE09BA509AC88B.d.207C23C52723C766730775980BFFF609.e.291/click - {}
RESULT: undefined
COMMAND: POST /session/4836453b402f92b7e9e81344a4aab013/execute/async - {"script":"<script> [6424 bytes]","args":[{"element-6066-11e4-a52e-4f735466cecf":"f.6EEA9E36D47CD0C072FE09BA509AC88B.d.207C23C52723C766730775980BFFF609.e.288"},"getTitle",[]]}
COMMAND: POST /session/4836453b402f92b7e9e81344a4aab013/execute/async - {"script":"<script> [1562 bytes]","args":[{"selector":{"id":"shellAppTitle"},"wdio_ui5_key":"shellAppTitle"}]}
RESULT: {"script":"<script> [1562 bytes]","args":[{"selector":{"id":"shellAppTitle"},"wdio_ui5_key":"shellAppTitle"}]}
COMMAND: POST /session/4836453b402f92b7e9e81344a4aab013/execute/async - {"script":"<script> [6424 bytes]","args":[{"element-6066-11e4-a52e-4f735466cecf":"f.6EEA9E36D47CD0C072FE09BA509AC88B.d.207C23C52723C766730775980BFFF609.e.478"},"getTitle",[]]}
RESULT: {"script":"<script> [6424 bytes]","args":[{"element-6066-11e4-a52e-4f735466cecf":"f.6EEA9E36D47CD0C072FE09BA509AC88B.d.207C23C52723C766730775980BFFF609.e.478"},"getTitle",[]]}
RESULT: undefined
COMMAND: POST /session/4836453b402f92b7e9e81344a4aab013/element/f.6EEA9E36D47CD0C072FE09BA509AC88B.d.207C23C52723C766730775980BFFF609.e.289/click - {}
RESULT: {}
COMMAND: GET /session/4836453b402f92b7e9e81344a4aab013/screenshot - {}
RESULT: {}
]]></system-out>
    </testcase>
    <testcase classname="chrome.136_0_7103_93.windows.Sanity_Tests_US104253" name="Should open Manage Resources page" time="41.107">
      <system-out><![CDATA[
COMMAND: POST /session/4836453b402f92b7e9e81344a4aab013/execute/async - {"script":"<script> [1562 bytes]","args":[{"selector":{"controlType":"sap.m.GenericTile","properties":{"header":"Manage Resources"}},"wdio_ui5_key":"sapm.GenericTile{\"header\":\"Manage Resources\"}"}]}
RESULT: {"script":"<script> [1562 bytes]","args":[{"selector":{"controlType":"sap.m.GenericTile","properties":{"header":"Manage Resources"}},"wdio_ui5_key":"sapm.GenericTile{\"header\":\"Manage Resources\"}"}]}
RESULT: undefined
COMMAND: POST /session/4836453b402f92b7e9e81344a4aab013/element - {"using":"xpath","value":"//*[@id=\"__tile39\"]"}
RESULT: {"using":"xpath","value":"//*[@id=\"__tile39\"]"}
COMMAND: POST /session/4836453b402f92b7e9e81344a4aab013/element/f.6EEA9E36D47CD0C072FE09BA509AC88B.d.207C23C52723C766730775980BFFF609.e.480/click - {}
RESULT: {}
COMMAND: GET /session/4836453b402f92b7e9e81344a4aab013/screenshot - {}
RESULT: {}
COMMAND: POST /session/4836453b402f92b7e9e81344a4aab013/elements - {"using":"xpath","value":"//span[text()='Error']"}
RESULT: {"using":"xpath","value":"//span[text()='Error']"}
RESULT: undefined
COMMAND: POST /session/4836453b402f92b7e9e81344a4aab013/element - {"using":"xpath","value":"//*[@id=\"__tile39\"]"}
RESULT: {"using":"xpath","value":"//*[@id=\"__tile39\"]"}
COMMAND: POST /session/4836453b402f92b7e9e81344a4aab013/element/f.6EEA9E36D47CD0C072FE09BA509AC88B.d.207C23C52723C766730775980BFFF609.e.480/click - {}
RESULT: undefined
COMMAND: POST /session/4836453b402f92b7e9e81344a4aab013/element - {"using":"xpath","value":"//*[@id=\"__tile39\"]"}
RESULT: {"using":"xpath","value":"//*[@id=\"__tile39\"]"}
COMMAND: POST /session/4836453b402f92b7e9e81344a4aab013/element/f.6EEA9E36D47CD0C072FE09BA509AC88B.d.207C23C52723C766730775980BFFF609.e.480/click - {}
RESULT: undefined
COMMAND: POST /session/4836453b402f92b7e9e81344a4aab013/execute/async - {"script":"<script> [6424 bytes]","args":[{"element-6066-11e4-a52e-4f735466cecf":"f.6EEA9E36D47CD0C072FE09BA509AC88B.d.207C23C52723C766730775980BFFF609.e.288"},"getTitle",[]]}
COMMAND: POST /session/4836453b402f92b7e9e81344a4aab013/execute/async - {"script":"<script> [1562 bytes]","args":[{"selector":{"id":"shellAppTitle"},"wdio_ui5_key":"shellAppTitle"}]}
RESULT: {"script":"<script> [1562 bytes]","args":[{"selector":{"id":"shellAppTitle"},"wdio_ui5_key":"shellAppTitle"}]}
COMMAND: POST /session/4836453b402f92b7e9e81344a4aab013/execute/async - {"script":"<script> [6424 bytes]","args":[{"element-6066-11e4-a52e-4f735466cecf":"f.6EEA9E36D47CD0C072FE09BA509AC88B.d.207C23C52723C766730775980BFFF609.e.653"},"getTitle",[]]}
RESULT: {"script":"<script> [6424 bytes]","args":[{"element-6066-11e4-a52e-4f735466cecf":"f.6EEA9E36D47CD0C072FE09BA509AC88B.d.207C23C52723C766730775980BFFF609.e.653"},"getTitle",[]]}
RESULT: undefined
COMMAND: POST /session/4836453b402f92b7e9e81344a4aab013/element/f.6EEA9E36D47CD0C072FE09BA509AC88B.d.207C23C52723C766730775980BFFF609.e.289/click - {}
COMMAND: POST /session/4836453b402f92b7e9e81344a4aab013/element - {"using":"xpath","value":"//*[@id=\"backBtn\"]"}
RESULT: {"using":"xpath","value":"//*[@id=\"backBtn\"]"}
COMMAND: POST /session/4836453b402f92b7e9e81344a4aab013/element/f.6EEA9E36D47CD0C072FE09BA509AC88B.d.207C23C52723C766730775980BFFF609.e.289/click - {}
COMMAND: POST /session/4836453b402f92b7e9e81344a4aab013/element - {"using":"xpath","value":"//*[@id=\"backBtn\"]"}
RESULT: {"using":"xpath","value":"//*[@id=\"backBtn\"]"}
COMMAND: POST /session/4836453b402f92b7e9e81344a4aab013/element/f.6EEA9E36D47CD0C072FE09BA509AC88B.d.207C23C52723C766730775980BFFF609.e.654/click - {}
RESULT: {}
COMMAND: GET /session/4836453b402f92b7e9e81344a4aab013/screenshot - {}
RESULT: {}
]]></system-out>
    </testcase>
    <testcase classname="chrome.136_0_7103_93.windows.Sanity_Tests_US104253" name="Should open Manage Catalogs page" time="36.002">
      <system-out><![CDATA[
COMMAND: POST /session/4836453b402f92b7e9e81344a4aab013/execute/async - {"script":"<script> [1562 bytes]","args":[{"selector":{"controlType":"sap.m.GenericTile","properties":{"header":"Manage Catalogs"}},"wdio_ui5_key":"sapm.GenericTile{\"header\":\"Manage Catalogs\"}"}]}
RESULT: {"script":"<script> [1562 bytes]","args":[{"selector":{"controlType":"sap.m.GenericTile","properties":{"header":"Manage Catalogs"}},"wdio_ui5_key":"sapm.GenericTile{\"header\":\"Manage Catalogs\"}"}]}
RESULT: undefined
COMMAND: POST /session/4836453b402f92b7e9e81344a4aab013/element - {"using":"xpath","value":"//*[@id=\"__tile37\"]"}
RESULT: {"using":"xpath","value":"//*[@id=\"__tile37\"]"}
COMMAND: POST /session/4836453b402f92b7e9e81344a4aab013/element/f.6EEA9E36D47CD0C072FE09BA509AC88B.d.207C23C52723C766730775980BFFF609.e.656/click - {}
RESULT: {}
COMMAND: GET /session/4836453b402f92b7e9e81344a4aab013/screenshot - {}
RESULT: {}
COMMAND: POST /session/4836453b402f92b7e9e81344a4aab013/elements - {"using":"xpath","value":"//span[text()='Error']"}
RESULT: {"using":"xpath","value":"//span[text()='Error']"}
RESULT: undefined
COMMAND: POST /session/4836453b402f92b7e9e81344a4aab013/element - {"using":"xpath","value":"//*[@id=\"__tile37\"]"}
RESULT: {"using":"xpath","value":"//*[@id=\"__tile37\"]"}
COMMAND: POST /session/4836453b402f92b7e9e81344a4aab013/element/f.6EEA9E36D47CD0C072FE09BA509AC88B.d.207C23C52723C766730775980BFFF609.e.656/click - {}
RESULT: undefined
COMMAND: POST /session/4836453b402f92b7e9e81344a4aab013/element - {"using":"xpath","value":"//*[@id=\"__tile37\"]"}
RESULT: {"using":"xpath","value":"//*[@id=\"__tile37\"]"}
COMMAND: POST /session/4836453b402f92b7e9e81344a4aab013/element/f.6EEA9E36D47CD0C072FE09BA509AC88B.d.207C23C52723C766730775980BFFF609.e.656/click - {}
RESULT: undefined
COMMAND: POST /session/4836453b402f92b7e9e81344a4aab013/execute/async - {"script":"<script> [6424 bytes]","args":[{"element-6066-11e4-a52e-4f735466cecf":"f.6EEA9E36D47CD0C072FE09BA509AC88B.d.207C23C52723C766730775980BFFF609.e.288"},"getTitle",[]]}
COMMAND: POST /session/4836453b402f92b7e9e81344a4aab013/execute/async - {"script":"<script> [1562 bytes]","args":[{"selector":{"id":"shellAppTitle"},"wdio_ui5_key":"shellAppTitle"}]}
RESULT: {"script":"<script> [1562 bytes]","args":[{"selector":{"id":"shellAppTitle"},"wdio_ui5_key":"shellAppTitle"}]}
COMMAND: POST /session/4836453b402f92b7e9e81344a4aab013/execute/async - {"script":"<script> [6424 bytes]","args":[{"element-6066-11e4-a52e-4f735466cecf":"f.6EEA9E36D47CD0C072FE09BA509AC88B.d.207C23C52723C766730775980BFFF609.e.726"},"getTitle",[]]}
RESULT: {"script":"<script> [6424 bytes]","args":[{"element-6066-11e4-a52e-4f735466cecf":"f.6EEA9E36D47CD0C072FE09BA509AC88B.d.207C23C52723C766730775980BFFF609.e.726"},"getTitle",[]]}
RESULT: undefined
COMMAND: POST /session/4836453b402f92b7e9e81344a4aab013/element/f.6EEA9E36D47CD0C072FE09BA509AC88B.d.207C23C52723C766730775980BFFF609.e.654/click - {}
RESULT: {}
COMMAND: GET /session/4836453b402f92b7e9e81344a4aab013/screenshot - {}
RESULT: {}
]]></system-out>
    </testcase>
    <testcase classname="chrome.136_0_7103_93.windows.Sanity_Tests_US104253" name="Should open Manage Calendars page" time="36.05">
      <system-out><![CDATA[
COMMAND: POST /session/4836453b402f92b7e9e81344a4aab013/execute/async - {"script":"<script> [1562 bytes]","args":[{"selector":{"controlType":"sap.m.GenericTile","properties":{"header":"Manage Calendars"}},"wdio_ui5_key":"sapm.GenericTile{\"header\":\"Manage Calendars\"}"}]}
RESULT: {"script":"<script> [1562 bytes]","args":[{"selector":{"controlType":"sap.m.GenericTile","properties":{"header":"Manage Calendars"}},"wdio_ui5_key":"sapm.GenericTile{\"header\":\"Manage Calendars\"}"}]}
RESULT: undefined
COMMAND: POST /session/4836453b402f92b7e9e81344a4aab013/element - {"using":"xpath","value":"//*[@id=\"__tile36\"]"}
RESULT: {"using":"xpath","value":"//*[@id=\"__tile36\"]"}
COMMAND: POST /session/4836453b402f92b7e9e81344a4aab013/element/f.6EEA9E36D47CD0C072FE09BA509AC88B.d.207C23C52723C766730775980BFFF609.e.728/click - {}
RESULT: {}
COMMAND: GET /session/4836453b402f92b7e9e81344a4aab013/screenshot - {}
RESULT: {}
COMMAND: POST /session/4836453b402f92b7e9e81344a4aab013/elements - {"using":"xpath","value":"//span[text()='Error']"}
RESULT: {"using":"xpath","value":"//span[text()='Error']"}
RESULT: undefined
COMMAND: POST /session/4836453b402f92b7e9e81344a4aab013/element - {"using":"xpath","value":"//*[@id=\"__tile36\"]"}
RESULT: {"using":"xpath","value":"//*[@id=\"__tile36\"]"}
COMMAND: POST /session/4836453b402f92b7e9e81344a4aab013/element/f.6EEA9E36D47CD0C072FE09BA509AC88B.d.207C23C52723C766730775980BFFF609.e.728/click - {}
RESULT: undefined
COMMAND: POST /session/4836453b402f92b7e9e81344a4aab013/element - {"using":"xpath","value":"//*[@id=\"__tile36\"]"}
RESULT: {"using":"xpath","value":"//*[@id=\"__tile36\"]"}
COMMAND: POST /session/4836453b402f92b7e9e81344a4aab013/element/f.6EEA9E36D47CD0C072FE09BA509AC88B.d.207C23C52723C766730775980BFFF609.e.728/click - {}
RESULT: undefined
COMMAND: POST /session/4836453b402f92b7e9e81344a4aab013/execute/async - {"script":"<script> [6424 bytes]","args":[{"element-6066-11e4-a52e-4f735466cecf":"f.6EEA9E36D47CD0C072FE09BA509AC88B.d.207C23C52723C766730775980BFFF609.e.288"},"getTitle",[]]}
COMMAND: POST /session/4836453b402f92b7e9e81344a4aab013/execute/async - {"script":"<script> [1562 bytes]","args":[{"selector":{"id":"shellAppTitle"},"wdio_ui5_key":"shellAppTitle"}]}
RESULT: {"script":"<script> [1562 bytes]","args":[{"selector":{"id":"shellAppTitle"},"wdio_ui5_key":"shellAppTitle"}]}
COMMAND: POST /session/4836453b402f92b7e9e81344a4aab013/execute/async - {"script":"<script> [6424 bytes]","args":[{"element-6066-11e4-a52e-4f735466cecf":"f.6EEA9E36D47CD0C072FE09BA509AC88B.d.207C23C52723C766730775980BFFF609.e.789"},"getTitle",[]]}
RESULT: {"script":"<script> [6424 bytes]","args":[{"element-6066-11e4-a52e-4f735466cecf":"f.6EEA9E36D47CD0C072FE09BA509AC88B.d.207C23C52723C766730775980BFFF609.e.789"},"getTitle",[]]}
RESULT: undefined
COMMAND: POST /session/4836453b402f92b7e9e81344a4aab013/element/f.6EEA9E36D47CD0C072FE09BA509AC88B.d.207C23C52723C766730775980BFFF609.e.654/click - {}
COMMAND: POST /session/4836453b402f92b7e9e81344a4aab013/element - {"using":"xpath","value":"//*[@id=\"backBtn\"]"}
RESULT: {"using":"xpath","value":"//*[@id=\"backBtn\"]"}
COMMAND: POST /session/4836453b402f92b7e9e81344a4aab013/element/f.6EEA9E36D47CD0C072FE09BA509AC88B.d.207C23C52723C766730775980BFFF609.e.654/click - {}
COMMAND: POST /session/4836453b402f92b7e9e81344a4aab013/element - {"using":"xpath","value":"//*[@id=\"backBtn\"]"}
RESULT: {"using":"xpath","value":"//*[@id=\"backBtn\"]"}
COMMAND: POST /session/4836453b402f92b7e9e81344a4aab013/element/f.6EEA9E36D47CD0C072FE09BA509AC88B.d.207C23C52723C766730775980BFFF609.e.790/click - {}
RESULT: {}
COMMAND: GET /session/4836453b402f92b7e9e81344a4aab013/screenshot - {}
RESULT: {}
]]></system-out>
    </testcase>
    <testcase classname="chrome.136_0_7103_93.windows.Sanity_Tests_US104253" name="Should open Address Management page" time="37.249">
      <system-out><![CDATA[
COMMAND: POST /session/4836453b402f92b7e9e81344a4aab013/execute/async - {"script":"<script> [1562 bytes]","args":[{"selector":{"controlType":"sap.m.GenericTile","properties":{"header":"Address Management"}},"wdio_ui5_key":"sapm.GenericTile{\"header\":\"Address Management\"}"}]}
RESULT: {"script":"<script> [1562 bytes]","args":[{"selector":{"controlType":"sap.m.GenericTile","properties":{"header":"Address Management"}},"wdio_ui5_key":"sapm.GenericTile{\"header\":\"Address Management\"}"}]}
RESULT: undefined
COMMAND: POST /session/4836453b402f92b7e9e81344a4aab013/element - {"using":"xpath","value":"//*[@id=\"__tile33\"]"}
RESULT: {"using":"xpath","value":"//*[@id=\"__tile33\"]"}
COMMAND: POST /session/4836453b402f92b7e9e81344a4aab013/element/f.6EEA9E36D47CD0C072FE09BA509AC88B.d.207C23C52723C766730775980BFFF609.e.792/click - {}
RESULT: {}
COMMAND: GET /session/4836453b402f92b7e9e81344a4aab013/screenshot - {}
RESULT: {}
COMMAND: POST /session/4836453b402f92b7e9e81344a4aab013/elements - {"using":"xpath","value":"//span[text()='Error']"}
RESULT: {"using":"xpath","value":"//span[text()='Error']"}
RESULT: undefined
COMMAND: POST /session/4836453b402f92b7e9e81344a4aab013/element - {"using":"xpath","value":"//*[@id=\"__tile33\"]"}
RESULT: {"using":"xpath","value":"//*[@id=\"__tile33\"]"}
COMMAND: POST /session/4836453b402f92b7e9e81344a4aab013/element/f.6EEA9E36D47CD0C072FE09BA509AC88B.d.207C23C52723C766730775980BFFF609.e.792/click - {}
RESULT: undefined
COMMAND: POST /session/4836453b402f92b7e9e81344a4aab013/element - {"using":"xpath","value":"//*[@id=\"__tile33\"]"}
RESULT: {"using":"xpath","value":"//*[@id=\"__tile33\"]"}
COMMAND: POST /session/4836453b402f92b7e9e81344a4aab013/element/f.6EEA9E36D47CD0C072FE09BA509AC88B.d.207C23C52723C766730775980BFFF609.e.792/click - {}
RESULT: undefined
COMMAND: POST /session/4836453b402f92b7e9e81344a4aab013/execute/async - {"script":"<script> [6424 bytes]","args":[{"element-6066-11e4-a52e-4f735466cecf":"f.6EEA9E36D47CD0C072FE09BA509AC88B.d.207C23C52723C766730775980BFFF609.e.288"},"getTitle",[]]}
COMMAND: POST /session/4836453b402f92b7e9e81344a4aab013/execute/async - {"script":"<script> [1562 bytes]","args":[{"selector":{"id":"shellAppTitle"},"wdio_ui5_key":"shellAppTitle"}]}
RESULT: {"script":"<script> [1562 bytes]","args":[{"selector":{"id":"shellAppTitle"},"wdio_ui5_key":"shellAppTitle"}]}
COMMAND: POST /session/4836453b402f92b7e9e81344a4aab013/execute/async - {"script":"<script> [6424 bytes]","args":[{"element-6066-11e4-a52e-4f735466cecf":"f.6EEA9E36D47CD0C072FE09BA509AC88B.d.207C23C52723C766730775980BFFF609.e.984"},"getTitle",[]]}
RESULT: {"script":"<script> [6424 bytes]","args":[{"element-6066-11e4-a52e-4f735466cecf":"f.6EEA9E36D47CD0C072FE09BA509AC88B.d.207C23C52723C766730775980BFFF609.e.984"},"getTitle",[]]}
RESULT: undefined
COMMAND: POST /session/4836453b402f92b7e9e81344a4aab013/element/f.6EEA9E36D47CD0C072FE09BA509AC88B.d.207C23C52723C766730775980BFFF609.e.790/click - {}
RESULT: {}
COMMAND: GET /session/4836453b402f92b7e9e81344a4aab013/screenshot - {}
RESULT: {}
]]></system-out>
    </testcase>
    <testcase classname="chrome.136_0_7103_93.windows.Sanity_Tests_US104253" name="Should open Bill Of Resources page" time="36.655">
      <system-out><![CDATA[
COMMAND: POST /session/4836453b402f92b7e9e81344a4aab013/execute/async - {"script":"<script> [1562 bytes]","args":[{"selector":{"controlType":"sap.m.GenericTile","properties":{"header":"Bill Of Resources"}},"wdio_ui5_key":"sapm.GenericTile{\"header\":\"Bill Of Resources\"}"}]}
RESULT: {"script":"<script> [1562 bytes]","args":[{"selector":{"controlType":"sap.m.GenericTile","properties":{"header":"Bill Of Resources"}},"wdio_ui5_key":"sapm.GenericTile{\"header\":\"Bill Of Resources\"}"}]}
RESULT: undefined
COMMAND: POST /session/4836453b402f92b7e9e81344a4aab013/element - {"using":"xpath","value":"//*[@id=\"__tile34\"]"}
RESULT: {"using":"xpath","value":"//*[@id=\"__tile34\"]"}
COMMAND: POST /session/4836453b402f92b7e9e81344a4aab013/element/f.6EEA9E36D47CD0C072FE09BA509AC88B.d.207C23C52723C766730775980BFFF609.e.986/click - {}
RESULT: {}
COMMAND: GET /session/4836453b402f92b7e9e81344a4aab013/screenshot - {}
RESULT: {}
COMMAND: POST /session/4836453b402f92b7e9e81344a4aab013/elements - {"using":"xpath","value":"//span[text()='Error']"}
RESULT: {"using":"xpath","value":"//span[text()='Error']"}
RESULT: undefined
COMMAND: POST /session/4836453b402f92b7e9e81344a4aab013/element - {"using":"xpath","value":"//*[@id=\"__tile34\"]"}
RESULT: {"using":"xpath","value":"//*[@id=\"__tile34\"]"}
COMMAND: POST /session/4836453b402f92b7e9e81344a4aab013/element/f.6EEA9E36D47CD0C072FE09BA509AC88B.d.207C23C52723C766730775980BFFF609.e.986/click - {}
RESULT: undefined
COMMAND: POST /session/4836453b402f92b7e9e81344a4aab013/element - {"using":"xpath","value":"//*[@id=\"__tile34\"]"}
RESULT: {"using":"xpath","value":"//*[@id=\"__tile34\"]"}
COMMAND: POST /session/4836453b402f92b7e9e81344a4aab013/element/f.6EEA9E36D47CD0C072FE09BA509AC88B.d.207C23C52723C766730775980BFFF609.e.986/click - {}
RESULT: undefined
COMMAND: POST /session/4836453b402f92b7e9e81344a4aab013/execute/async - {"script":"<script> [6424 bytes]","args":[{"element-6066-11e4-a52e-4f735466cecf":"f.6EEA9E36D47CD0C072FE09BA509AC88B.d.207C23C52723C766730775980BFFF609.e.288"},"getTitle",[]]}
COMMAND: POST /session/4836453b402f92b7e9e81344a4aab013/execute/async - {"script":"<script> [1562 bytes]","args":[{"selector":{"id":"shellAppTitle"},"wdio_ui5_key":"shellAppTitle"}]}
RESULT: {"script":"<script> [1562 bytes]","args":[{"selector":{"id":"shellAppTitle"},"wdio_ui5_key":"shellAppTitle"}]}
COMMAND: POST /session/4836453b402f92b7e9e81344a4aab013/execute/async - {"script":"<script> [6424 bytes]","args":[{"element-6066-11e4-a52e-4f735466cecf":"f.6EEA9E36D47CD0C072FE09BA509AC88B.d.207C23C52723C766730775980BFFF609.e.1072"},"getTitle",[]]}
RESULT: {"script":"<script> [6424 bytes]","args":[{"element-6066-11e4-a52e-4f735466cecf":"f.6EEA9E36D47CD0C072FE09BA509AC88B.d.207C23C52723C766730775980BFFF609.e.1072"},"getTitle",[]]}
RESULT: undefined
COMMAND: POST /session/4836453b402f92b7e9e81344a4aab013/element/f.6EEA9E36D47CD0C072FE09BA509AC88B.d.207C23C52723C766730775980BFFF609.e.790/click - {}
COMMAND: POST /session/4836453b402f92b7e9e81344a4aab013/element - {"using":"xpath","value":"//*[@id=\"backBtn\"]"}
RESULT: {"using":"xpath","value":"//*[@id=\"backBtn\"]"}
COMMAND: POST /session/4836453b402f92b7e9e81344a4aab013/element/f.6EEA9E36D47CD0C072FE09BA509AC88B.d.207C23C52723C766730775980BFFF609.e.790/click - {}
COMMAND: POST /session/4836453b402f92b7e9e81344a4aab013/element - {"using":"xpath","value":"//*[@id=\"backBtn\"]"}
RESULT: {"using":"xpath","value":"//*[@id=\"backBtn\"]"}
COMMAND: POST /session/4836453b402f92b7e9e81344a4aab013/element/f.6EEA9E36D47CD0C072FE09BA509AC88B.d.207C23C52723C766730775980BFFF609.e.1073/click - {}
RESULT: {}
COMMAND: GET /session/4836453b402f92b7e9e81344a4aab013/screenshot - {}
RESULT: {}
]]></system-out>
    </testcase>
    <testcase classname="chrome.136_0_7103_93.windows.Sanity_Tests_US104253" name="Should open Manage Yards page" time="36.377">
      <system-out><![CDATA[
COMMAND: POST /session/4836453b402f92b7e9e81344a4aab013/execute/async - {"script":"<script> [1562 bytes]","args":[{"selector":{"controlType":"sap.m.GenericTile","properties":{"header":"Manage Yards"}},"wdio_ui5_key":"sapm.GenericTile{\"header\":\"Manage Yards\"}"}]}
RESULT: {"script":"<script> [1562 bytes]","args":[{"selector":{"controlType":"sap.m.GenericTile","properties":{"header":"Manage Yards"}},"wdio_ui5_key":"sapm.GenericTile{\"header\":\"Manage Yards\"}"}]}
RESULT: undefined
COMMAND: POST /session/4836453b402f92b7e9e81344a4aab013/element - {"using":"xpath","value":"//*[@id=\"__tile41\"]"}
RESULT: {"using":"xpath","value":"//*[@id=\"__tile41\"]"}
COMMAND: POST /session/4836453b402f92b7e9e81344a4aab013/element/f.6EEA9E36D47CD0C072FE09BA509AC88B.d.207C23C52723C766730775980BFFF609.e.1075/click - {}
RESULT: {}
COMMAND: GET /session/4836453b402f92b7e9e81344a4aab013/screenshot - {}
RESULT: {}
COMMAND: POST /session/4836453b402f92b7e9e81344a4aab013/elements - {"using":"xpath","value":"//span[text()='Error']"}
RESULT: {"using":"xpath","value":"//span[text()='Error']"}
RESULT: undefined
COMMAND: POST /session/4836453b402f92b7e9e81344a4aab013/element - {"using":"xpath","value":"//*[@id=\"__tile41\"]"}
RESULT: {"using":"xpath","value":"//*[@id=\"__tile41\"]"}
COMMAND: POST /session/4836453b402f92b7e9e81344a4aab013/element/f.6EEA9E36D47CD0C072FE09BA509AC88B.d.207C23C52723C766730775980BFFF609.e.1075/click - {}
RESULT: undefined
COMMAND: POST /session/4836453b402f92b7e9e81344a4aab013/element - {"using":"xpath","value":"//*[@id=\"__tile41\"]"}
RESULT: {"using":"xpath","value":"//*[@id=\"__tile41\"]"}
COMMAND: POST /session/4836453b402f92b7e9e81344a4aab013/element/f.6EEA9E36D47CD0C072FE09BA509AC88B.d.207C23C52723C766730775980BFFF609.e.1075/click - {}
RESULT: undefined
COMMAND: POST /session/4836453b402f92b7e9e81344a4aab013/execute/async - {"script":"<script> [6424 bytes]","args":[{"element-6066-11e4-a52e-4f735466cecf":"f.6EEA9E36D47CD0C072FE09BA509AC88B.d.207C23C52723C766730775980BFFF609.e.288"},"getTitle",[]]}
COMMAND: POST /session/4836453b402f92b7e9e81344a4aab013/execute/async - {"script":"<script> [1562 bytes]","args":[{"selector":{"id":"shellAppTitle"},"wdio_ui5_key":"shellAppTitle"}]}
RESULT: {"script":"<script> [1562 bytes]","args":[{"selector":{"id":"shellAppTitle"},"wdio_ui5_key":"shellAppTitle"}]}
COMMAND: POST /session/4836453b402f92b7e9e81344a4aab013/execute/async - {"script":"<script> [6424 bytes]","args":[{"element-6066-11e4-a52e-4f735466cecf":"f.6EEA9E36D47CD0C072FE09BA509AC88B.d.207C23C52723C766730775980BFFF609.e.1252"},"getTitle",[]]}
RESULT: {"script":"<script> [6424 bytes]","args":[{"element-6066-11e4-a52e-4f735466cecf":"f.6EEA9E36D47CD0C072FE09BA509AC88B.d.207C23C52723C766730775980BFFF609.e.1252"},"getTitle",[]]}
RESULT: undefined
COMMAND: POST /session/4836453b402f92b7e9e81344a4aab013/element/f.6EEA9E36D47CD0C072FE09BA509AC88B.d.207C23C52723C766730775980BFFF609.e.1073/click - {}
RESULT: {}
COMMAND: GET /session/4836453b402f92b7e9e81344a4aab013/screenshot - {}
RESULT: {}
]]></system-out>
    </testcase>
    <testcase classname="chrome.136_0_7103_93.windows.Sanity_Tests_US104253" name="Should open Manage Requests page" time="36.363">
      <system-out><![CDATA[
COMMAND: POST /session/4836453b402f92b7e9e81344a4aab013/execute/async - {"script":"<script> [1562 bytes]","args":[{"selector":{"controlType":"sap.m.GenericTile","properties":{"header":"Manage Requests"}},"wdio_ui5_key":"sapm.GenericTile{\"header\":\"Manage Requests\"}"}]}
RESULT: {"script":"<script> [1562 bytes]","args":[{"selector":{"controlType":"sap.m.GenericTile","properties":{"header":"Manage Requests"}},"wdio_ui5_key":"sapm.GenericTile{\"header\":\"Manage Requests\"}"}]}
RESULT: undefined
COMMAND: POST /session/4836453b402f92b7e9e81344a4aab013/element - {"using":"xpath","value":"//*[@id=\"__tile47\"]"}
RESULT: {"using":"xpath","value":"//*[@id=\"__tile47\"]"}
COMMAND: POST /session/4836453b402f92b7e9e81344a4aab013/element/f.6EEA9E36D47CD0C072FE09BA509AC88B.d.207C23C52723C766730775980BFFF609.e.1254/click - {}
RESULT: {}
COMMAND: GET /session/4836453b402f92b7e9e81344a4aab013/screenshot - {}
RESULT: {}
COMMAND: POST /session/4836453b402f92b7e9e81344a4aab013/elements - {"using":"xpath","value":"//span[text()='Error']"}
RESULT: {"using":"xpath","value":"//span[text()='Error']"}
RESULT: undefined
COMMAND: POST /session/4836453b402f92b7e9e81344a4aab013/element - {"using":"xpath","value":"//*[@id=\"__tile47\"]"}
RESULT: {"using":"xpath","value":"//*[@id=\"__tile47\"]"}
COMMAND: POST /session/4836453b402f92b7e9e81344a4aab013/element/f.6EEA9E36D47CD0C072FE09BA509AC88B.d.207C23C52723C766730775980BFFF609.e.1254/click - {}
RESULT: undefined
COMMAND: POST /session/4836453b402f92b7e9e81344a4aab013/element - {"using":"xpath","value":"//*[@id=\"__tile47\"]"}
RESULT: {"using":"xpath","value":"//*[@id=\"__tile47\"]"}
COMMAND: POST /session/4836453b402f92b7e9e81344a4aab013/element/f.6EEA9E36D47CD0C072FE09BA509AC88B.d.207C23C52723C766730775980BFFF609.e.1254/click - {}
RESULT: undefined
COMMAND: POST /session/4836453b402f92b7e9e81344a4aab013/execute/async - {"script":"<script> [6424 bytes]","args":[{"element-6066-11e4-a52e-4f735466cecf":"f.6EEA9E36D47CD0C072FE09BA509AC88B.d.207C23C52723C766730775980BFFF609.e.288"},"getTitle",[]]}
COMMAND: POST /session/4836453b402f92b7e9e81344a4aab013/execute/async - {"script":"<script> [1562 bytes]","args":[{"selector":{"id":"shellAppTitle"},"wdio_ui5_key":"shellAppTitle"}]}
RESULT: {"script":"<script> [1562 bytes]","args":[{"selector":{"id":"shellAppTitle"},"wdio_ui5_key":"shellAppTitle"}]}
COMMAND: POST /session/4836453b402f92b7e9e81344a4aab013/execute/async - {"script":"<script> [6424 bytes]","args":[{"element-6066-11e4-a52e-4f735466cecf":"f.6EEA9E36D47CD0C072FE09BA509AC88B.d.207C23C52723C766730775980BFFF609.e.1347"},"getTitle",[]]}
RESULT: {"script":"<script> [6424 bytes]","args":[{"element-6066-11e4-a52e-4f735466cecf":"f.6EEA9E36D47CD0C072FE09BA509AC88B.d.207C23C52723C766730775980BFFF609.e.1347"},"getTitle",[]]}
RESULT: undefined
COMMAND: POST /session/4836453b402f92b7e9e81344a4aab013/element/f.6EEA9E36D47CD0C072FE09BA509AC88B.d.207C23C52723C766730775980BFFF609.e.1073/click - {}
COMMAND: POST /session/4836453b402f92b7e9e81344a4aab013/element - {"using":"xpath","value":"//*[@id=\"backBtn\"]"}
RESULT: {"using":"xpath","value":"//*[@id=\"backBtn\"]"}
COMMAND: POST /session/4836453b402f92b7e9e81344a4aab013/element/f.6EEA9E36D47CD0C072FE09BA509AC88B.d.207C23C52723C766730775980BFFF609.e.1073/click - {}
COMMAND: POST /session/4836453b402f92b7e9e81344a4aab013/element - {"using":"xpath","value":"//*[@id=\"backBtn\"]"}
RESULT: {"using":"xpath","value":"//*[@id=\"backBtn\"]"}
COMMAND: POST /session/4836453b402f92b7e9e81344a4aab013/element/f.6EEA9E36D47CD0C072FE09BA509AC88B.d.207C23C52723C766730775980BFFF609.e.1348/click - {}
RESULT: {}
COMMAND: GET /session/4836453b402f92b7e9e81344a4aab013/screenshot - {}
RESULT: {}
]]></system-out>
    </testcase>
    <testcase classname="chrome.136_0_7103_93.windows.Sanity_Tests_US104253" name="Should open Manage Purchasing page" time="37.147">
      <system-out><![CDATA[
COMMAND: POST /session/4836453b402f92b7e9e81344a4aab013/execute/async - {"script":"<script> [1562 bytes]","args":[{"selector":{"controlType":"sap.m.GenericTile","properties":{"header":"Manage Purchasing"}},"wdio_ui5_key":"sapm.GenericTile{\"header\":\"Manage Purchasing\"}"}]}
RESULT: {"script":"<script> [1562 bytes]","args":[{"selector":{"controlType":"sap.m.GenericTile","properties":{"header":"Manage Purchasing"}},"wdio_ui5_key":"sapm.GenericTile{\"header\":\"Manage Purchasing\"}"}]}
RESULT: undefined
COMMAND: POST /session/4836453b402f92b7e9e81344a4aab013/element - {"using":"xpath","value":"//*[@id=\"__tile46\"]"}
RESULT: {"using":"xpath","value":"//*[@id=\"__tile46\"]"}
COMMAND: POST /session/4836453b402f92b7e9e81344a4aab013/element/f.6EEA9E36D47CD0C072FE09BA509AC88B.d.207C23C52723C766730775980BFFF609.e.1351/click - {}
RESULT: {}
COMMAND: GET /session/4836453b402f92b7e9e81344a4aab013/screenshot - {}
RESULT: {}
COMMAND: POST /session/4836453b402f92b7e9e81344a4aab013/elements - {"using":"xpath","value":"//span[text()='Error']"}
RESULT: {"using":"xpath","value":"//span[text()='Error']"}
RESULT: undefined
COMMAND: POST /session/4836453b402f92b7e9e81344a4aab013/element - {"using":"xpath","value":"//*[@id=\"__tile46\"]"}
RESULT: {"using":"xpath","value":"//*[@id=\"__tile46\"]"}
COMMAND: POST /session/4836453b402f92b7e9e81344a4aab013/element/f.6EEA9E36D47CD0C072FE09BA509AC88B.d.207C23C52723C766730775980BFFF609.e.1351/click - {}
RESULT: undefined
COMMAND: POST /session/4836453b402f92b7e9e81344a4aab013/element - {"using":"xpath","value":"//*[@id=\"__tile46\"]"}
RESULT: {"using":"xpath","value":"//*[@id=\"__tile46\"]"}
COMMAND: POST /session/4836453b402f92b7e9e81344a4aab013/element/f.6EEA9E36D47CD0C072FE09BA509AC88B.d.207C23C52723C766730775980BFFF609.e.1351/click - {}
RESULT: undefined
COMMAND: POST /session/4836453b402f92b7e9e81344a4aab013/execute/async - {"script":"<script> [6424 bytes]","args":[{"element-6066-11e4-a52e-4f735466cecf":"f.6EEA9E36D47CD0C072FE09BA509AC88B.d.207C23C52723C766730775980BFFF609.e.288"},"getTitle",[]]}
COMMAND: POST /session/4836453b402f92b7e9e81344a4aab013/execute/async - {"script":"<script> [1562 bytes]","args":[{"selector":{"id":"shellAppTitle"},"wdio_ui5_key":"shellAppTitle"}]}
RESULT: {"script":"<script> [1562 bytes]","args":[{"selector":{"id":"shellAppTitle"},"wdio_ui5_key":"shellAppTitle"}]}
COMMAND: POST /session/4836453b402f92b7e9e81344a4aab013/execute/async - {"script":"<script> [6424 bytes]","args":[{"element-6066-11e4-a52e-4f735466cecf":"f.6EEA9E36D47CD0C072FE09BA509AC88B.d.207C23C52723C766730775980BFFF609.e.1428"},"getTitle",[]]}
RESULT: {"script":"<script> [6424 bytes]","args":[{"element-6066-11e4-a52e-4f735466cecf":"f.6EEA9E36D47CD0C072FE09BA509AC88B.d.207C23C52723C766730775980BFFF609.e.1428"},"getTitle",[]]}
RESULT: undefined
COMMAND: POST /session/4836453b402f92b7e9e81344a4aab013/element/f.6EEA9E36D47CD0C072FE09BA509AC88B.d.207C23C52723C766730775980BFFF609.e.1348/click - {}
RESULT: {}
COMMAND: GET /session/4836453b402f92b7e9e81344a4aab013/screenshot - {}
RESULT: {}
]]></system-out>
    </testcase>
    <testcase classname="chrome.136_0_7103_93.windows.Sanity_Tests_US104253" name="Should open Planning Board page" time="36.017">
      <system-out><![CDATA[
COMMAND: POST /session/4836453b402f92b7e9e81344a4aab013/execute/async - {"script":"<script> [1562 bytes]","args":[{"selector":{"controlType":"sap.m.GenericTile","properties":{"header":"Planning Board"}},"wdio_ui5_key":"sapm.GenericTile{\"header\":\"Planning Board\"}"}]}
RESULT: {"script":"<script> [1562 bytes]","args":[{"selector":{"controlType":"sap.m.GenericTile","properties":{"header":"Planning Board"}},"wdio_ui5_key":"sapm.GenericTile{\"header\":\"Planning Board\"}"}]}
RESULT: undefined
COMMAND: POST /session/4836453b402f92b7e9e81344a4aab013/element - {"using":"xpath","value":"//*[@id=\"__tile133\"]"}
RESULT: {"using":"xpath","value":"//*[@id=\"__tile133\"]"}
COMMAND: POST /session/4836453b402f92b7e9e81344a4aab013/element/f.6EEA9E36D47CD0C072FE09BA509AC88B.d.207C23C52723C766730775980BFFF609.e.1430/click - {}
RESULT: {}
COMMAND: GET /session/4836453b402f92b7e9e81344a4aab013/screenshot - {}
RESULT: {}
COMMAND: POST /session/4836453b402f92b7e9e81344a4aab013/elements - {"using":"xpath","value":"//span[text()='Error']"}
RESULT: {"using":"xpath","value":"//span[text()='Error']"}
RESULT: undefined
COMMAND: POST /session/4836453b402f92b7e9e81344a4aab013/element - {"using":"xpath","value":"//*[@id=\"__tile133\"]"}
RESULT: {"using":"xpath","value":"//*[@id=\"__tile133\"]"}
COMMAND: POST /session/4836453b402f92b7e9e81344a4aab013/element/f.6EEA9E36D47CD0C072FE09BA509AC88B.d.207C23C52723C766730775980BFFF609.e.1430/click - {}
RESULT: undefined
COMMAND: POST /session/4836453b402f92b7e9e81344a4aab013/element - {"using":"xpath","value":"//*[@id=\"__tile133\"]"}
RESULT: {"using":"xpath","value":"//*[@id=\"__tile133\"]"}
COMMAND: POST /session/4836453b402f92b7e9e81344a4aab013/element/f.6EEA9E36D47CD0C072FE09BA509AC88B.d.207C23C52723C766730775980BFFF609.e.1430/click - {}
RESULT: undefined
COMMAND: POST /session/4836453b402f92b7e9e81344a4aab013/execute/async - {"script":"<script> [6424 bytes]","args":[{"element-6066-11e4-a52e-4f735466cecf":"f.6EEA9E36D47CD0C072FE09BA509AC88B.d.207C23C52723C766730775980BFFF609.e.288"},"getTitle",[]]}
COMMAND: POST /session/4836453b402f92b7e9e81344a4aab013/execute/async - {"script":"<script> [1562 bytes]","args":[{"selector":{"id":"shellAppTitle"},"wdio_ui5_key":"shellAppTitle"}]}
RESULT: {"script":"<script> [1562 bytes]","args":[{"selector":{"id":"shellAppTitle"},"wdio_ui5_key":"shellAppTitle"}]}
COMMAND: POST /session/4836453b402f92b7e9e81344a4aab013/execute/async - {"script":"<script> [6424 bytes]","args":[{"element-6066-11e4-a52e-4f735466cecf":"f.6EEA9E36D47CD0C072FE09BA509AC88B.d.207C23C52723C766730775980BFFF609.e.1479"},"getTitle",[]]}
RESULT: {"script":"<script> [6424 bytes]","args":[{"element-6066-11e4-a52e-4f735466cecf":"f.6EEA9E36D47CD0C072FE09BA509AC88B.d.207C23C52723C766730775980BFFF609.e.1479"},"getTitle",[]]}
RESULT: undefined
COMMAND: POST /session/4836453b402f92b7e9e81344a4aab013/element/f.6EEA9E36D47CD0C072FE09BA509AC88B.d.207C23C52723C766730775980BFFF609.e.1348/click - {}
COMMAND: POST /session/4836453b402f92b7e9e81344a4aab013/element/f.6EEA9E36D47CD0C072FE09BA509AC88B.d.207C23C52723C766730775980BFFF609.e.1348/click - {}
COMMAND: POST /session/4836453b402f92b7e9e81344a4aab013/element - {"using":"xpath","value":"//*[@id=\"backBtn\"]"}
COMMAND: POST /session/4836453b402f92b7e9e81344a4aab013/element - {"using":"xpath","value":"//*[@id=\"backBtn\"]"}
RESULT: {"using":"xpath","value":"//*[@id=\"backBtn\"]"}
COMMAND: POST /session/4836453b402f92b7e9e81344a4aab013/element/f.6EEA9E36D47CD0C072FE09BA509AC88B.d.207C23C52723C766730775980BFFF609.e.1348/click - {}
RESULT: {"using":"xpath","value":"//*[@id=\"backBtn\"]"}
COMMAND: POST /session/4836453b402f92b7e9e81344a4aab013/element/f.6EEA9E36D47CD0C072FE09BA509AC88B.d.207C23C52723C766730775980BFFF609.e.1348/click - {}
COMMAND: POST /session/4836453b402f92b7e9e81344a4aab013/element - {"using":"xpath","value":"//*[@id=\"backBtn\"]"}
COMMAND: POST /session/4836453b402f92b7e9e81344a4aab013/element - {"using":"xpath","value":"//*[@id=\"backBtn\"]"}
RESULT: {"using":"xpath","value":"//*[@id=\"backBtn\"]"}
COMMAND: POST /session/4836453b402f92b7e9e81344a4aab013/element/f.6EEA9E36D47CD0C072FE09BA509AC88B.d.207C23C52723C766730775980BFFF609.e.1480/click - {}
RESULT: {"using":"xpath","value":"//*[@id=\"backBtn\"]"}
COMMAND: POST /session/4836453b402f92b7e9e81344a4aab013/element/f.6EEA9E36D47CD0C072FE09BA509AC88B.d.207C23C52723C766730775980BFFF609.e.1480/click - {}
RESULT: {}
COMMAND: GET /session/4836453b402f92b7e9e81344a4aab013/screenshot - {}
RESULT: {}
COMMAND: GET /session/4836453b402f92b7e9e81344a4aab013/screenshot - {}
RESULT: {}
RESULT: {}
]]></system-out>
    </testcase>
    <testcase classname="chrome.136_0_7103_93.windows.Sanity_Tests_US104253" name="Should open Manage Contracts page" time="38.395">
      <system-out><![CDATA[
COMMAND: POST /session/4836453b402f92b7e9e81344a4aab013/execute/async - {"script":"<script> [1562 bytes]","args":[{"selector":{"controlType":"sap.m.GenericTile","properties":{"header":"Manage Contracts"}},"wdio_ui5_key":"sapm.GenericTile{\"header\":\"Manage Contracts\"}"}]}
RESULT: {"script":"<script> [1562 bytes]","args":[{"selector":{"controlType":"sap.m.GenericTile","properties":{"header":"Manage Contracts"}},"wdio_ui5_key":"sapm.GenericTile{\"header\":\"Manage Contracts\"}"}]}
RESULT: undefined
COMMAND: POST /session/4836453b402f92b7e9e81344a4aab013/element - {"using":"xpath","value":"//*[@id=\"__tile132\"]"}
RESULT: {"using":"xpath","value":"//*[@id=\"__tile132\"]"}
COMMAND: POST /session/4836453b402f92b7e9e81344a4aab013/element/f.6EEA9E36D47CD0C072FE09BA509AC88B.d.207C23C52723C766730775980BFFF609.e.1482/click - {}
RESULT: {}
COMMAND: GET /session/4836453b402f92b7e9e81344a4aab013/screenshot - {}
RESULT: {}
COMMAND: POST /session/4836453b402f92b7e9e81344a4aab013/elements - {"using":"xpath","value":"//span[text()='Error']"}
RESULT: {"using":"xpath","value":"//span[text()='Error']"}
RESULT: undefined
COMMAND: POST /session/4836453b402f92b7e9e81344a4aab013/element - {"using":"xpath","value":"//*[@id=\"__tile132\"]"}
RESULT: {"using":"xpath","value":"//*[@id=\"__tile132\"]"}
COMMAND: POST /session/4836453b402f92b7e9e81344a4aab013/element/f.6EEA9E36D47CD0C072FE09BA509AC88B.d.207C23C52723C766730775980BFFF609.e.1482/click - {}
RESULT: undefined
COMMAND: POST /session/4836453b402f92b7e9e81344a4aab013/element - {"using":"xpath","value":"//*[@id=\"__tile132\"]"}
RESULT: {"using":"xpath","value":"//*[@id=\"__tile132\"]"}
COMMAND: POST /session/4836453b402f92b7e9e81344a4aab013/element/f.6EEA9E36D47CD0C072FE09BA509AC88B.d.207C23C52723C766730775980BFFF609.e.1482/click - {}
RESULT: undefined
COMMAND: POST /session/4836453b402f92b7e9e81344a4aab013/execute/async - {"script":"<script> [6424 bytes]","args":[{"element-6066-11e4-a52e-4f735466cecf":"f.6EEA9E36D47CD0C072FE09BA509AC88B.d.207C23C52723C766730775980BFFF609.e.288"},"getTitle",[]]}
COMMAND: POST /session/4836453b402f92b7e9e81344a4aab013/execute/async - {"script":"<script> [1562 bytes]","args":[{"selector":{"id":"shellAppTitle"},"wdio_ui5_key":"shellAppTitle"}]}
RESULT: {"script":"<script> [1562 bytes]","args":[{"selector":{"id":"shellAppTitle"},"wdio_ui5_key":"shellAppTitle"}]}
COMMAND: POST /session/4836453b402f92b7e9e81344a4aab013/execute/async - {"script":"<script> [6424 bytes]","args":[{"element-6066-11e4-a52e-4f735466cecf":"f.6EEA9E36D47CD0C072FE09BA509AC88B.d.207C23C52723C766730775980BFFF609.e.1544"},"getTitle",[]]}
RESULT: {"script":"<script> [6424 bytes]","args":[{"element-6066-11e4-a52e-4f735466cecf":"f.6EEA9E36D47CD0C072FE09BA509AC88B.d.207C23C52723C766730775980BFFF609.e.1544"},"getTitle",[]]}
RESULT: undefined
COMMAND: POST /session/4836453b402f92b7e9e81344a4aab013/element/f.6EEA9E36D47CD0C072FE09BA509AC88B.d.207C23C52723C766730775980BFFF609.e.1480/click - {}
RESULT: {}
COMMAND: GET /session/4836453b402f92b7e9e81344a4aab013/screenshot - {}
RESULT: {}
]]></system-out>
    </testcase>
    <testcase classname="chrome.136_0_7103_93.windows.Sanity_Tests_US104253" name="Should open Manage Quotations page" time="36.493">
      <system-out><![CDATA[
COMMAND: POST /session/4836453b402f92b7e9e81344a4aab013/execute/async - {"script":"<script> [1562 bytes]","args":[{"selector":{"controlType":"sap.m.GenericTile","properties":{"header":"Manage Quotations"}},"wdio_ui5_key":"sapm.GenericTile{\"header\":\"Manage Quotations\"}"}]}
RESULT: {"script":"<script> [1562 bytes]","args":[{"selector":{"controlType":"sap.m.GenericTile","properties":{"header":"Manage Quotations"}},"wdio_ui5_key":"sapm.GenericTile{\"header\":\"Manage Quotations\"}"}]}
RESULT: undefined
COMMAND: POST /session/4836453b402f92b7e9e81344a4aab013/element - {"using":"xpath","value":"//*[@id=\"__tile131\"]"}
RESULT: {"using":"xpath","value":"//*[@id=\"__tile131\"]"}
COMMAND: POST /session/4836453b402f92b7e9e81344a4aab013/element/f.6EEA9E36D47CD0C072FE09BA509AC88B.d.207C23C52723C766730775980BFFF609.e.1546/click - {}
RESULT: {}
COMMAND: GET /session/4836453b402f92b7e9e81344a4aab013/screenshot - {}
RESULT: {}
COMMAND: POST /session/4836453b402f92b7e9e81344a4aab013/elements - {"using":"xpath","value":"//span[text()='Error']"}
RESULT: {"using":"xpath","value":"//span[text()='Error']"}
RESULT: undefined
COMMAND: POST /session/4836453b402f92b7e9e81344a4aab013/element - {"using":"xpath","value":"//*[@id=\"__tile131\"]"}
RESULT: {"using":"xpath","value":"//*[@id=\"__tile131\"]"}
COMMAND: POST /session/4836453b402f92b7e9e81344a4aab013/element/f.6EEA9E36D47CD0C072FE09BA509AC88B.d.207C23C52723C766730775980BFFF609.e.1546/click - {}
RESULT: undefined
COMMAND: POST /session/4836453b402f92b7e9e81344a4aab013/element - {"using":"xpath","value":"//*[@id=\"__tile131\"]"}
RESULT: {"using":"xpath","value":"//*[@id=\"__tile131\"]"}
COMMAND: POST /session/4836453b402f92b7e9e81344a4aab013/element/f.6EEA9E36D47CD0C072FE09BA509AC88B.d.207C23C52723C766730775980BFFF609.e.1546/click - {}
RESULT: undefined
COMMAND: POST /session/4836453b402f92b7e9e81344a4aab013/execute/async - {"script":"<script> [6424 bytes]","args":[{"element-6066-11e4-a52e-4f735466cecf":"f.6EEA9E36D47CD0C072FE09BA509AC88B.d.207C23C52723C766730775980BFFF609.e.288"},"getTitle",[]]}
COMMAND: POST /session/4836453b402f92b7e9e81344a4aab013/execute/async - {"script":"<script> [1562 bytes]","args":[{"selector":{"id":"shellAppTitle"},"wdio_ui5_key":"shellAppTitle"}]}
RESULT: {"script":"<script> [1562 bytes]","args":[{"selector":{"id":"shellAppTitle"},"wdio_ui5_key":"shellAppTitle"}]}
COMMAND: POST /session/4836453b402f92b7e9e81344a4aab013/execute/async - {"script":"<script> [6424 bytes]","args":[{"element-6066-11e4-a52e-4f735466cecf":"f.6EEA9E36D47CD0C072FE09BA509AC88B.d.207C23C52723C766730775980BFFF609.e.1619"},"getTitle",[]]}
RESULT: {"script":"<script> [6424 bytes]","args":[{"element-6066-11e4-a52e-4f735466cecf":"f.6EEA9E36D47CD0C072FE09BA509AC88B.d.207C23C52723C766730775980BFFF609.e.1619"},"getTitle",[]]}
RESULT: undefined
COMMAND: POST /session/4836453b402f92b7e9e81344a4aab013/element/f.6EEA9E36D47CD0C072FE09BA509AC88B.d.207C23C52723C766730775980BFFF609.e.1480/click - {}
COMMAND: POST /session/4836453b402f92b7e9e81344a4aab013/element - {"using":"xpath","value":"//*[@id=\"backBtn\"]"}
RESULT: {"using":"xpath","value":"//*[@id=\"backBtn\"]"}
COMMAND: POST /session/4836453b402f92b7e9e81344a4aab013/element/f.6EEA9E36D47CD0C072FE09BA509AC88B.d.207C23C52723C766730775980BFFF609.e.1480/click - {}
COMMAND: POST /session/4836453b402f92b7e9e81344a4aab013/element - {"using":"xpath","value":"//*[@id=\"backBtn\"]"}
RESULT: {"using":"xpath","value":"//*[@id=\"backBtn\"]"}
COMMAND: POST /session/4836453b402f92b7e9e81344a4aab013/element/f.6EEA9E36D47CD0C072FE09BA509AC88B.d.207C23C52723C766730775980BFFF609.e.1620/click - {}
RESULT: {}
COMMAND: GET /session/4836453b402f92b7e9e81344a4aab013/screenshot - {}
RESULT: {}
]]></system-out>
    </testcase>
    <testcase classname="chrome.136_0_7103_93.windows.Sanity_Tests_US104253" name="Should open Manage Handovers page" time="37.44">
      <system-out><![CDATA[
COMMAND: POST /session/4836453b402f92b7e9e81344a4aab013/execute/async - {"script":"<script> [1562 bytes]","args":[{"selector":{"controlType":"sap.m.GenericTile","properties":{"header":"Manage Handovers"}},"wdio_ui5_key":"sapm.GenericTile{\"header\":\"Manage Handovers\"}"}]}
RESULT: {"script":"<script> [1562 bytes]","args":[{"selector":{"controlType":"sap.m.GenericTile","properties":{"header":"Manage Handovers"}},"wdio_ui5_key":"sapm.GenericTile{\"header\":\"Manage Handovers\"}"}]}
RESULT: undefined
COMMAND: POST /session/4836453b402f92b7e9e81344a4aab013/element - {"using":"xpath","value":"//*[@id=\"__tile130\"]"}
RESULT: {"using":"xpath","value":"//*[@id=\"__tile130\"]"}
COMMAND: POST /session/4836453b402f92b7e9e81344a4aab013/element/f.6EEA9E36D47CD0C072FE09BA509AC88B.d.207C23C52723C766730775980BFFF609.e.1622/click - {}
RESULT: {}
COMMAND: GET /session/4836453b402f92b7e9e81344a4aab013/screenshot - {}
RESULT: {}
COMMAND: POST /session/4836453b402f92b7e9e81344a4aab013/elements - {"using":"xpath","value":"//span[text()='Error']"}
RESULT: {"using":"xpath","value":"//span[text()='Error']"}
RESULT: undefined
COMMAND: POST /session/4836453b402f92b7e9e81344a4aab013/element - {"using":"xpath","value":"//*[@id=\"__tile130\"]"}
RESULT: {"using":"xpath","value":"//*[@id=\"__tile130\"]"}
COMMAND: POST /session/4836453b402f92b7e9e81344a4aab013/element/f.6EEA9E36D47CD0C072FE09BA509AC88B.d.207C23C52723C766730775980BFFF609.e.1622/click - {}
RESULT: undefined
COMMAND: POST /session/4836453b402f92b7e9e81344a4aab013/element - {"using":"xpath","value":"//*[@id=\"__tile130\"]"}
RESULT: {"using":"xpath","value":"//*[@id=\"__tile130\"]"}
COMMAND: POST /session/4836453b402f92b7e9e81344a4aab013/element/f.6EEA9E36D47CD0C072FE09BA509AC88B.d.207C23C52723C766730775980BFFF609.e.1622/click - {}
RESULT: undefined
COMMAND: POST /session/4836453b402f92b7e9e81344a4aab013/execute/async - {"script":"<script> [6424 bytes]","args":[{"element-6066-11e4-a52e-4f735466cecf":"f.6EEA9E36D47CD0C072FE09BA509AC88B.d.207C23C52723C766730775980BFFF609.e.288"},"getTitle",[]]}
COMMAND: POST /session/4836453b402f92b7e9e81344a4aab013/execute/async - {"script":"<script> [1562 bytes]","args":[{"selector":{"id":"shellAppTitle"},"wdio_ui5_key":"shellAppTitle"}]}
RESULT: {"script":"<script> [1562 bytes]","args":[{"selector":{"id":"shellAppTitle"},"wdio_ui5_key":"shellAppTitle"}]}
COMMAND: POST /session/4836453b402f92b7e9e81344a4aab013/execute/async - {"script":"<script> [6424 bytes]","args":[{"element-6066-11e4-a52e-4f735466cecf":"f.6EEA9E36D47CD0C072FE09BA509AC88B.d.207C23C52723C766730775980BFFF609.e.1712"},"getTitle",[]]}
RESULT: {"script":"<script> [6424 bytes]","args":[{"element-6066-11e4-a52e-4f735466cecf":"f.6EEA9E36D47CD0C072FE09BA509AC88B.d.207C23C52723C766730775980BFFF609.e.1712"},"getTitle",[]]}
RESULT: undefined
COMMAND: POST /session/4836453b402f92b7e9e81344a4aab013/element/f.6EEA9E36D47CD0C072FE09BA509AC88B.d.207C23C52723C766730775980BFFF609.e.1620/click - {}
RESULT: {}
COMMAND: GET /session/4836453b402f92b7e9e81344a4aab013/screenshot - {}
RESULT: {}
]]></system-out>
    </testcase>
    <testcase classname="chrome.136_0_7103_93.windows.Sanity_Tests_US104253" name="Should open Delivery Monitor page" time="37.208">
      <system-out><![CDATA[
COMMAND: POST /session/4836453b402f92b7e9e81344a4aab013/execute/async - {"script":"<script> [1562 bytes]","args":[{"selector":{"controlType":"sap.m.GenericTile","properties":{"header":"Delivery Monitor"}},"wdio_ui5_key":"sapm.GenericTile{\"header\":\"Delivery Monitor\"}"}]}
RESULT: {"script":"<script> [1562 bytes]","args":[{"selector":{"controlType":"sap.m.GenericTile","properties":{"header":"Delivery Monitor"}},"wdio_ui5_key":"sapm.GenericTile{\"header\":\"Delivery Monitor\"}"}]}
RESULT: undefined
COMMAND: POST /session/4836453b402f92b7e9e81344a4aab013/element - {"using":"xpath","value":"//*[@id=\"__tile43\"]"}
RESULT: {"using":"xpath","value":"//*[@id=\"__tile43\"]"}
COMMAND: POST /session/4836453b402f92b7e9e81344a4aab013/element/f.6EEA9E36D47CD0C072FE09BA509AC88B.d.207C23C52723C766730775980BFFF609.e.1714/click - {}
RESULT: {}
COMMAND: GET /session/4836453b402f92b7e9e81344a4aab013/screenshot - {}
RESULT: {}
COMMAND: POST /session/4836453b402f92b7e9e81344a4aab013/elements - {"using":"xpath","value":"//span[text()='Error']"}
RESULT: {"using":"xpath","value":"//span[text()='Error']"}
RESULT: undefined
COMMAND: POST /session/4836453b402f92b7e9e81344a4aab013/element - {"using":"xpath","value":"//*[@id=\"__tile43\"]"}
RESULT: {"using":"xpath","value":"//*[@id=\"__tile43\"]"}
COMMAND: POST /session/4836453b402f92b7e9e81344a4aab013/element/f.6EEA9E36D47CD0C072FE09BA509AC88B.d.207C23C52723C766730775980BFFF609.e.1714/click - {}
RESULT: undefined
COMMAND: POST /session/4836453b402f92b7e9e81344a4aab013/element - {"using":"xpath","value":"//*[@id=\"__tile43\"]"}
RESULT: {"using":"xpath","value":"//*[@id=\"__tile43\"]"}
COMMAND: POST /session/4836453b402f92b7e9e81344a4aab013/element/f.6EEA9E36D47CD0C072FE09BA509AC88B.d.207C23C52723C766730775980BFFF609.e.1714/click - {}
RESULT: undefined
COMMAND: POST /session/4836453b402f92b7e9e81344a4aab013/execute/async - {"script":"<script> [6424 bytes]","args":[{"element-6066-11e4-a52e-4f735466cecf":"f.6EEA9E36D47CD0C072FE09BA509AC88B.d.207C23C52723C766730775980BFFF609.e.288"},"getTitle",[]]}
COMMAND: POST /session/4836453b402f92b7e9e81344a4aab013/execute/async - {"script":"<script> [1562 bytes]","args":[{"selector":{"id":"shellAppTitle"},"wdio_ui5_key":"shellAppTitle"}]}
RESULT: {"script":"<script> [1562 bytes]","args":[{"selector":{"id":"shellAppTitle"},"wdio_ui5_key":"shellAppTitle"}]}
COMMAND: POST /session/4836453b402f92b7e9e81344a4aab013/execute/async - {"script":"<script> [6424 bytes]","args":[{"element-6066-11e4-a52e-4f735466cecf":"f.6EEA9E36D47CD0C072FE09BA509AC88B.d.207C23C52723C766730775980BFFF609.e.1821"},"getTitle",[]]}
RESULT: {"script":"<script> [6424 bytes]","args":[{"element-6066-11e4-a52e-4f735466cecf":"f.6EEA9E36D47CD0C072FE09BA509AC88B.d.207C23C52723C766730775980BFFF609.e.1821"},"getTitle",[]]}
RESULT: undefined
COMMAND: POST /session/4836453b402f92b7e9e81344a4aab013/element/f.6EEA9E36D47CD0C072FE09BA509AC88B.d.207C23C52723C766730775980BFFF609.e.1620/click - {}
COMMAND: POST /session/4836453b402f92b7e9e81344a4aab013/element - {"using":"xpath","value":"//*[@id=\"backBtn\"]"}
RESULT: {"using":"xpath","value":"//*[@id=\"backBtn\"]"}
COMMAND: POST /session/4836453b402f92b7e9e81344a4aab013/element/f.6EEA9E36D47CD0C072FE09BA509AC88B.d.207C23C52723C766730775980BFFF609.e.1620/click - {}
COMMAND: POST /session/4836453b402f92b7e9e81344a4aab013/element - {"using":"xpath","value":"//*[@id=\"backBtn\"]"}
RESULT: {"using":"xpath","value":"//*[@id=\"backBtn\"]"}
COMMAND: POST /session/4836453b402f92b7e9e81344a4aab013/element/f.6EEA9E36D47CD0C072FE09BA509AC88B.d.207C23C52723C766730775980BFFF609.e.1822/click - {}
RESULT: {}
COMMAND: GET /session/4836453b402f92b7e9e81344a4aab013/screenshot - {}
RESULT: {}
]]></system-out>
    </testcase>
    <testcase classname="chrome.136_0_7103_93.windows.Sanity_Tests_US104253" name="Should open Manage Calendar Exceptions page" time="36.199">
      <system-out><![CDATA[
COMMAND: POST /session/4836453b402f92b7e9e81344a4aab013/execute/async - {"script":"<script> [1562 bytes]","args":[{"selector":{"controlType":"sap.m.GenericTile","properties":{"header":"Manage Calendar Exceptions"}},"wdio_ui5_key":"sapm.GenericTile{\"header\":\"Manage Calendar Exceptions\"}"}]}
RESULT: {"script":"<script> [1562 bytes]","args":[{"selector":{"controlType":"sap.m.GenericTile","properties":{"header":"Manage Calendar Exceptions"}},"wdio_ui5_key":"sapm.GenericTile{\"header\":\"Manage Calendar Exceptions\"}"}]}
RESULT: undefined
COMMAND: POST /session/4836453b402f92b7e9e81344a4aab013/element - {"using":"xpath","value":"//*[@id=\"__tile52\"]"}
RESULT: {"using":"xpath","value":"//*[@id=\"__tile52\"]"}
COMMAND: POST /session/4836453b402f92b7e9e81344a4aab013/element/f.6EEA9E36D47CD0C072FE09BA509AC88B.d.207C23C52723C766730775980BFFF609.e.1824/click - {}
RESULT: {}
COMMAND: GET /session/4836453b402f92b7e9e81344a4aab013/screenshot - {}
RESULT: {}
COMMAND: POST /session/4836453b402f92b7e9e81344a4aab013/elements - {"using":"xpath","value":"//span[text()='Error']"}
RESULT: {"using":"xpath","value":"//span[text()='Error']"}
RESULT: undefined
COMMAND: POST /session/4836453b402f92b7e9e81344a4aab013/element - {"using":"xpath","value":"//*[@id=\"__tile52\"]"}
RESULT: {"using":"xpath","value":"//*[@id=\"__tile52\"]"}
COMMAND: POST /session/4836453b402f92b7e9e81344a4aab013/element/f.6EEA9E36D47CD0C072FE09BA509AC88B.d.207C23C52723C766730775980BFFF609.e.1824/click - {}
RESULT: undefined
COMMAND: POST /session/4836453b402f92b7e9e81344a4aab013/element - {"using":"xpath","value":"//*[@id=\"__tile52\"]"}
RESULT: {"using":"xpath","value":"//*[@id=\"__tile52\"]"}
COMMAND: POST /session/4836453b402f92b7e9e81344a4aab013/element/f.6EEA9E36D47CD0C072FE09BA509AC88B.d.207C23C52723C766730775980BFFF609.e.1824/click - {}
RESULT: undefined
COMMAND: POST /session/4836453b402f92b7e9e81344a4aab013/execute/async - {"script":"<script> [6424 bytes]","args":[{"element-6066-11e4-a52e-4f735466cecf":"f.6EEA9E36D47CD0C072FE09BA509AC88B.d.207C23C52723C766730775980BFFF609.e.288"},"getTitle",[]]}
COMMAND: POST /session/4836453b402f92b7e9e81344a4aab013/execute/async - {"script":"<script> [1562 bytes]","args":[{"selector":{"id":"shellAppTitle"},"wdio_ui5_key":"shellAppTitle"}]}
RESULT: {"script":"<script> [1562 bytes]","args":[{"selector":{"id":"shellAppTitle"},"wdio_ui5_key":"shellAppTitle"}]}
COMMAND: POST /session/4836453b402f92b7e9e81344a4aab013/execute/async - {"script":"<script> [6424 bytes]","args":[{"element-6066-11e4-a52e-4f735466cecf":"f.6EEA9E36D47CD0C072FE09BA509AC88B.d.207C23C52723C766730775980BFFF609.e.1888"},"getTitle",[]]}
RESULT: {"script":"<script> [6424 bytes]","args":[{"element-6066-11e4-a52e-4f735466cecf":"f.6EEA9E36D47CD0C072FE09BA509AC88B.d.207C23C52723C766730775980BFFF609.e.1888"},"getTitle",[]]}
RESULT: undefined
COMMAND: POST /session/4836453b402f92b7e9e81344a4aab013/element/f.6EEA9E36D47CD0C072FE09BA509AC88B.d.207C23C52723C766730775980BFFF609.e.1822/click - {}
RESULT: {}
COMMAND: GET /session/4836453b402f92b7e9e81344a4aab013/screenshot - {}
RESULT: {}
]]></system-out>
    </testcase>
    <testcase classname="chrome.136_0_7103_93.windows.Sanity_Tests_US104253" name="Should open Manage States Performance page" time="41.267">
      <system-out><![CDATA[
COMMAND: POST /session/4836453b402f92b7e9e81344a4aab013/execute/async - {"script":"<script> [1562 bytes]","args":[{"selector":{"controlType":"sap.m.GenericTile","properties":{"header":"Manage States & Performance"}},"wdio_ui5_key":"sapm.GenericTile{\"header\":\"Manage States & Performance\"}"}]}
RESULT: {"script":"<script> [1562 bytes]","args":[{"selector":{"controlType":"sap.m.GenericTile","properties":{"header":"Manage States & Performance"}},"wdio_ui5_key":"sapm.GenericTile{\"header\":\"Manage States & Performance\"}"}]}
RESULT: undefined
COMMAND: POST /session/4836453b402f92b7e9e81344a4aab013/element - {"using":"xpath","value":"//*[@id=\"__tile56\"]"}
RESULT: {"using":"xpath","value":"//*[@id=\"__tile56\"]"}
COMMAND: POST /session/4836453b402f92b7e9e81344a4aab013/element/f.6EEA9E36D47CD0C072FE09BA509AC88B.d.207C23C52723C766730775980BFFF609.e.1892/click - {}
RESULT: {}
COMMAND: GET /session/4836453b402f92b7e9e81344a4aab013/screenshot - {}
RESULT: {}
COMMAND: POST /session/4836453b402f92b7e9e81344a4aab013/elements - {"using":"xpath","value":"//span[text()='Error']"}
RESULT: {"using":"xpath","value":"//span[text()='Error']"}
RESULT: undefined
COMMAND: POST /session/4836453b402f92b7e9e81344a4aab013/element - {"using":"xpath","value":"//*[@id=\"__tile56\"]"}
RESULT: {"using":"xpath","value":"//*[@id=\"__tile56\"]"}
COMMAND: POST /session/4836453b402f92b7e9e81344a4aab013/element/f.6EEA9E36D47CD0C072FE09BA509AC88B.d.207C23C52723C766730775980BFFF609.e.1892/click - {}
RESULT: undefined
COMMAND: POST /session/4836453b402f92b7e9e81344a4aab013/element - {"using":"xpath","value":"//*[@id=\"__tile56\"]"}
RESULT: {"using":"xpath","value":"//*[@id=\"__tile56\"]"}
COMMAND: POST /session/4836453b402f92b7e9e81344a4aab013/element/f.6EEA9E36D47CD0C072FE09BA509AC88B.d.207C23C52723C766730775980BFFF609.e.1892/click - {}
RESULT: undefined
COMMAND: POST /session/4836453b402f92b7e9e81344a4aab013/execute/async - {"script":"<script> [6424 bytes]","args":[{"element-6066-11e4-a52e-4f735466cecf":"f.6EEA9E36D47CD0C072FE09BA509AC88B.d.207C23C52723C766730775980BFFF609.e.288"},"getTitle",[]]}
COMMAND: POST /session/4836453b402f92b7e9e81344a4aab013/execute/async - {"script":"<script> [1562 bytes]","args":[{"selector":{"id":"shellAppTitle"},"wdio_ui5_key":"shellAppTitle"}]}
RESULT: {"script":"<script> [1562 bytes]","args":[{"selector":{"id":"shellAppTitle"},"wdio_ui5_key":"shellAppTitle"}]}
COMMAND: POST /session/4836453b402f92b7e9e81344a4aab013/execute/async - {"script":"<script> [6424 bytes]","args":[{"element-6066-11e4-a52e-4f735466cecf":"f.6EEA9E36D47CD0C072FE09BA509AC88B.d.207C23C52723C766730775980BFFF609.e.1984"},"getTitle",[]]}
RESULT: {"script":"<script> [6424 bytes]","args":[{"element-6066-11e4-a52e-4f735466cecf":"f.6EEA9E36D47CD0C072FE09BA509AC88B.d.207C23C52723C766730775980BFFF609.e.1984"},"getTitle",[]]}
RESULT: undefined
COMMAND: POST /session/4836453b402f92b7e9e81344a4aab013/element/f.6EEA9E36D47CD0C072FE09BA509AC88B.d.207C23C52723C766730775980BFFF609.e.1822/click - {}
COMMAND: POST /session/4836453b402f92b7e9e81344a4aab013/element - {"using":"xpath","value":"//*[@id=\"backBtn\"]"}
RESULT: {"using":"xpath","value":"//*[@id=\"backBtn\"]"}
COMMAND: POST /session/4836453b402f92b7e9e81344a4aab013/element/f.6EEA9E36D47CD0C072FE09BA509AC88B.d.207C23C52723C766730775980BFFF609.e.1822/click - {}
COMMAND: POST /session/4836453b402f92b7e9e81344a4aab013/element - {"using":"xpath","value":"//*[@id=\"backBtn\"]"}
RESULT: {"using":"xpath","value":"//*[@id=\"backBtn\"]"}
COMMAND: POST /session/4836453b402f92b7e9e81344a4aab013/element/f.6EEA9E36D47CD0C072FE09BA509AC88B.d.207C23C52723C766730775980BFFF609.e.1985/click - {}
RESULT: {}
COMMAND: GET /session/4836453b402f92b7e9e81344a4aab013/screenshot - {}
RESULT: {}
]]></system-out>
    </testcase>
    <testcase classname="chrome.136_0_7103_93.windows.Sanity_Tests_US104253" name="Should open Manage Billings page" time="38.346">
      <system-out><![CDATA[
COMMAND: POST /session/4836453b402f92b7e9e81344a4aab013/execute/async - {"script":"<script> [1562 bytes]","args":[{"selector":{"controlType":"sap.m.GenericTile","properties":{"header":"Manage Billings"}},"wdio_ui5_key":"sapm.GenericTile{\"header\":\"Manage Billings\"}"}]}
RESULT: {"script":"<script> [1562 bytes]","args":[{"selector":{"controlType":"sap.m.GenericTile","properties":{"header":"Manage Billings"}},"wdio_ui5_key":"sapm.GenericTile{\"header\":\"Manage Billings\"}"}]}
RESULT: undefined
COMMAND: POST /session/4836453b402f92b7e9e81344a4aab013/element - {"using":"xpath","value":"//*[@id=\"__tile51\"]"}
RESULT: {"using":"xpath","value":"//*[@id=\"__tile51\"]"}
COMMAND: POST /session/4836453b402f92b7e9e81344a4aab013/element/f.6EEA9E36D47CD0C072FE09BA509AC88B.d.207C23C52723C766730775980BFFF609.e.1987/click - {}
RESULT: {}
COMMAND: GET /session/4836453b402f92b7e9e81344a4aab013/screenshot - {}
RESULT: {}
COMMAND: POST /session/4836453b402f92b7e9e81344a4aab013/elements - {"using":"xpath","value":"//span[text()='Error']"}
RESULT: {"using":"xpath","value":"//span[text()='Error']"}
RESULT: undefined
COMMAND: POST /session/4836453b402f92b7e9e81344a4aab013/element - {"using":"xpath","value":"//*[@id=\"__tile51\"]"}
RESULT: {"using":"xpath","value":"//*[@id=\"__tile51\"]"}
COMMAND: POST /session/4836453b402f92b7e9e81344a4aab013/element/f.6EEA9E36D47CD0C072FE09BA509AC88B.d.207C23C52723C766730775980BFFF609.e.1987/click - {}
RESULT: undefined
COMMAND: POST /session/4836453b402f92b7e9e81344a4aab013/element - {"using":"xpath","value":"//*[@id=\"__tile51\"]"}
RESULT: {"using":"xpath","value":"//*[@id=\"__tile51\"]"}
COMMAND: POST /session/4836453b402f92b7e9e81344a4aab013/element/f.6EEA9E36D47CD0C072FE09BA509AC88B.d.207C23C52723C766730775980BFFF609.e.1987/click - {}
RESULT: undefined
COMMAND: POST /session/4836453b402f92b7e9e81344a4aab013/execute/async - {"script":"<script> [6424 bytes]","args":[{"element-6066-11e4-a52e-4f735466cecf":"f.6EEA9E36D47CD0C072FE09BA509AC88B.d.207C23C52723C766730775980BFFF609.e.288"},"getTitle",[]]}
COMMAND: POST /session/4836453b402f92b7e9e81344a4aab013/execute/async - {"script":"<script> [1562 bytes]","args":[{"selector":{"id":"shellAppTitle"},"wdio_ui5_key":"shellAppTitle"}]}
RESULT: {"script":"<script> [1562 bytes]","args":[{"selector":{"id":"shellAppTitle"},"wdio_ui5_key":"shellAppTitle"}]}
COMMAND: POST /session/4836453b402f92b7e9e81344a4aab013/execute/async - {"script":"<script> [6424 bytes]","args":[{"element-6066-11e4-a52e-4f735466cecf":"f.6EEA9E36D47CD0C072FE09BA509AC88B.d.207C23C52723C766730775980BFFF609.e.2203"},"getTitle",[]]}
RESULT: {"script":"<script> [6424 bytes]","args":[{"element-6066-11e4-a52e-4f735466cecf":"f.6EEA9E36D47CD0C072FE09BA509AC88B.d.207C23C52723C766730775980BFFF609.e.2203"},"getTitle",[]]}
RESULT: undefined
COMMAND: POST /session/4836453b402f92b7e9e81344a4aab013/element/f.6EEA9E36D47CD0C072FE09BA509AC88B.d.207C23C52723C766730775980BFFF609.e.1985/click - {}
COMMAND: POST /session/4836453b402f92b7e9e81344a4aab013/element/f.6EEA9E36D47CD0C072FE09BA509AC88B.d.207C23C52723C766730775980BFFF609.e.1985/click - {}
RESULT: {}
COMMAND: GET /session/4836453b402f92b7e9e81344a4aab013/screenshot - {}
COMMAND: POST /session/4836453b402f92b7e9e81344a4aab013/element - {"using":"xpath","value":"//*[@id=\"backBtn\"]"}
RESULT: {}
RESULT: {"using":"xpath","value":"//*[@id=\"backBtn\"]"}
COMMAND: POST /session/4836453b402f92b7e9e81344a4aab013/elements - {"using":"xpath","value":"//*[@id=\"backBtn\"]"}
RESULT: {"using":"xpath","value":"//*[@id=\"backBtn\"]"}
COMMAND: POST /session/4836453b402f92b7e9e81344a4aab013/elements - {"using":"xpath","value":"//*[@id=\"backBtn\"]"}
RESULT: {"using":"xpath","value":"//*[@id=\"backBtn\"]"}
COMMAND: POST /session/4836453b402f92b7e9e81344a4aab013/elements - {"using":"xpath","value":"//*[@id=\"backBtn\"]"}
RESULT: {"using":"xpath","value":"//*[@id=\"backBtn\"]"}
COMMAND: POST /session/4836453b402f92b7e9e81344a4aab013/elements - {"using":"xpath","value":"//*[@id=\"backBtn\"]"}
RESULT: {"using":"xpath","value":"//*[@id=\"backBtn\"]"}
COMMAND: POST /session/4836453b402f92b7e9e81344a4aab013/elements - {"using":"xpath","value":"//*[@id=\"backBtn\"]"}
RESULT: {"using":"xpath","value":"//*[@id=\"backBtn\"]"}
COMMAND: POST /session/4836453b402f92b7e9e81344a4aab013/elements - {"using":"xpath","value":"//*[@id=\"backBtn\"]"}
RESULT: {"using":"xpath","value":"//*[@id=\"backBtn\"]"}
COMMAND: POST /session/4836453b402f92b7e9e81344a4aab013/elements - {"using":"xpath","value":"//*[@id=\"backBtn\"]"}
RESULT: {"using":"xpath","value":"//*[@id=\"backBtn\"]"}
COMMAND: POST /session/4836453b402f92b7e9e81344a4aab013/elements - {"using":"xpath","value":"//*[@id=\"backBtn\"]"}
RESULT: {"using":"xpath","value":"//*[@id=\"backBtn\"]"}
COMMAND: POST /session/4836453b402f92b7e9e81344a4aab013/elements - {"using":"xpath","value":"//*[@id=\"backBtn\"]"}
RESULT: {"using":"xpath","value":"//*[@id=\"backBtn\"]"}
COMMAND: POST /session/4836453b402f92b7e9e81344a4aab013/elements - {"using":"xpath","value":"//*[@id=\"backBtn\"]"}
RESULT: {"using":"xpath","value":"//*[@id=\"backBtn\"]"}
COMMAND: POST /session/4836453b402f92b7e9e81344a4aab013/elements - {"using":"xpath","value":"//*[@id=\"backBtn\"]"}
RESULT: {"using":"xpath","value":"//*[@id=\"backBtn\"]"}
COMMAND: POST /session/4836453b402f92b7e9e81344a4aab013/elements - {"using":"xpath","value":"//*[@id=\"backBtn\"]"}
RESULT: {"using":"xpath","value":"//*[@id=\"backBtn\"]"}
COMMAND: POST /session/4836453b402f92b7e9e81344a4aab013/elements - {"using":"xpath","value":"//*[@id=\"backBtn\"]"}
RESULT: {"using":"xpath","value":"//*[@id=\"backBtn\"]"}
COMMAND: POST /session/4836453b402f92b7e9e81344a4aab013/elements - {"using":"xpath","value":"//*[@id=\"backBtn\"]"}
RESULT: {"using":"xpath","value":"//*[@id=\"backBtn\"]"}
COMMAND: POST /session/4836453b402f92b7e9e81344a4aab013/elements - {"using":"xpath","value":"//*[@id=\"backBtn\"]"}
RESULT: {"using":"xpath","value":"//*[@id=\"backBtn\"]"}
COMMAND: POST /session/4836453b402f92b7e9e81344a4aab013/elements - {"using":"xpath","value":"//*[@id=\"backBtn\"]"}
RESULT: {"using":"xpath","value":"//*[@id=\"backBtn\"]"}
COMMAND: POST /session/4836453b402f92b7e9e81344a4aab013/elements - {"using":"xpath","value":"//*[@id=\"backBtn\"]"}
RESULT: {"using":"xpath","value":"//*[@id=\"backBtn\"]"}
COMMAND: POST /session/4836453b402f92b7e9e81344a4aab013/elements - {"using":"xpath","value":"//*[@id=\"backBtn\"]"}
RESULT: {"using":"xpath","value":"//*[@id=\"backBtn\"]"}
]]></system-out>
    </testcase>
    <testcase classname="chrome.136_0_7103_93.windows.Sanity_Tests_US104253" name="Should open Manage Conditions Prices page" time="57.469">
      <system-out><![CDATA[
COMMAND: POST /session/4836453b402f92b7e9e81344a4aab013/execute/async - {"script":"<script> [1562 bytes]","args":[{"selector":{"controlType":"sap.m.GenericTile","properties":{"header":"Manage Conditions & Prices"}},"wdio_ui5_key":"sapm.GenericTile{\"header\":\"Manage Conditions & Prices\"}"}]}
COMMAND: POST /session/4836453b402f92b7e9e81344a4aab013/elements - {"using":"xpath","value":"//*[@id=\"backBtn\"]"}
RESULT: {"script":"<script> [1562 bytes]","args":[{"selector":{"controlType":"sap.m.GenericTile","properties":{"header":"Manage Conditions & Prices"}},"wdio_ui5_key":"sapm.GenericTile{\"header\":\"Manage Conditions & Prices\"}"}]}
RESULT: undefined
COMMAND: POST /session/4836453b402f92b7e9e81344a4aab013/element - {"using":"xpath","value":"//*[@id=\"__tile53\"]"}
RESULT: {"using":"xpath","value":"//*[@id=\"backBtn\"]"}
RESULT: {"using":"xpath","value":"//*[@id=\"__tile53\"]"}
COMMAND: POST /session/4836453b402f92b7e9e81344a4aab013/element/f.6EEA9E36D47CD0C072FE09BA509AC88B.d.207C23C52723C766730775980BFFF609.e.2205/click - {}
COMMAND: POST /session/4836453b402f92b7e9e81344a4aab013/elements - {"using":"xpath","value":"//*[@id=\"backBtn\"]"}
RESULT: {}
COMMAND: GET /session/4836453b402f92b7e9e81344a4aab013/screenshot - {}
RESULT: {"using":"xpath","value":"//*[@id=\"backBtn\"]"}
RESULT: {}
COMMAND: POST /session/4836453b402f92b7e9e81344a4aab013/elements - {"using":"xpath","value":"//*[@id=\"backBtn\"]"}
RESULT: {"using":"xpath","value":"//*[@id=\"backBtn\"]"}
COMMAND: POST /session/4836453b402f92b7e9e81344a4aab013/elements - {"using":"xpath","value":"//*[@id=\"backBtn\"]"}
RESULT: {"using":"xpath","value":"//*[@id=\"backBtn\"]"}
COMMAND: POST /session/4836453b402f92b7e9e81344a4aab013/elements - {"using":"xpath","value":"//*[@id=\"backBtn\"]"}
RESULT: {"using":"xpath","value":"//*[@id=\"backBtn\"]"}
COMMAND: POST /session/4836453b402f92b7e9e81344a4aab013/element - {"using":"xpath","value":"//*[@id=\"backBtn\"]"}
RESULT: {"using":"xpath","value":"//*[@id=\"backBtn\"]"}
COMMAND: POST /session/4836453b402f92b7e9e81344a4aab013/element/f.6EEA9E36D47CD0C072FE09BA509AC88B.d.207C23C52723C766730775980BFFF609.e.1985/click - {}
COMMAND: POST /session/4836453b402f92b7e9e81344a4aab013/element - {"using":"xpath","value":"//*[@id=\"backBtn\"]"}
RESULT: {"using":"xpath","value":"//*[@id=\"backBtn\"]"}
COMMAND: POST /session/4836453b402f92b7e9e81344a4aab013/element/f.6EEA9E36D47CD0C072FE09BA509AC88B.d.207C23C52723C766730775980BFFF609.e.2236/click - {}
COMMAND: POST /session/4836453b402f92b7e9e81344a4aab013/elements - {"using":"xpath","value":"//span[text()='Error']"}
RESULT: {}
COMMAND: GET /session/4836453b402f92b7e9e81344a4aab013/screenshot - {}
RESULT: {"using":"xpath","value":"//span[text()='Error']"}
RESULT: {}
RESULT: undefined
COMMAND: POST /session/4836453b402f92b7e9e81344a4aab013/element - {"using":"xpath","value":"//*[@id=\"__tile53\"]"}
RESULT: {"using":"xpath","value":"//*[@id=\"__tile53\"]"}
COMMAND: POST /session/4836453b402f92b7e9e81344a4aab013/element/f.6EEA9E36D47CD0C072FE09BA509AC88B.d.207C23C52723C766730775980BFFF609.e.2205/click - {}
RESULT: {}
RESULT: undefined
COMMAND: POST /session/4836453b402f92b7e9e81344a4aab013/element - {"using":"xpath","value":"//*[@id=\"__tile53\"]"}
COMMAND: GET /session/4836453b402f92b7e9e81344a4aab013/screenshot - {}
RESULT: {"using":"xpath","value":"//*[@id=\"__tile53\"]"}
COMMAND: POST /session/4836453b402f92b7e9e81344a4aab013/element/f.6EEA9E36D47CD0C072FE09BA509AC88B.d.207C23C52723C766730775980BFFF609.e.2205/click - {}
RESULT: {}
RESULT: undefined
COMMAND: POST /session/4836453b402f92b7e9e81344a4aab013/execute/async - {"script":"<script> [6424 bytes]","args":[{"element-6066-11e4-a52e-4f735466cecf":"f.6EEA9E36D47CD0C072FE09BA509AC88B.d.207C23C52723C766730775980BFFF609.e.288"},"getTitle",[]]}
COMMAND: POST /session/4836453b402f92b7e9e81344a4aab013/execute/async - {"script":"<script> [1562 bytes]","args":[{"selector":{"id":"shellAppTitle"},"wdio_ui5_key":"shellAppTitle"}]}
RESULT: {"script":"<script> [1562 bytes]","args":[{"selector":{"id":"shellAppTitle"},"wdio_ui5_key":"shellAppTitle"}]}
COMMAND: POST /session/4836453b402f92b7e9e81344a4aab013/execute/async - {"script":"<script> [6424 bytes]","args":[{"element-6066-11e4-a52e-4f735466cecf":"f.6EEA9E36D47CD0C072FE09BA509AC88B.d.207C23C52723C766730775980BFFF609.e.2544"},"getTitle",[]]}
RESULT: {"script":"<script> [6424 bytes]","args":[{"element-6066-11e4-a52e-4f735466cecf":"f.6EEA9E36D47CD0C072FE09BA509AC88B.d.207C23C52723C766730775980BFFF609.e.2544"},"getTitle",[]]}
RESULT: undefined
COMMAND: POST /session/4836453b402f92b7e9e81344a4aab013/element/f.6EEA9E36D47CD0C072FE09BA509AC88B.d.207C23C52723C766730775980BFFF609.e.2236/click - {}
RESULT: {}
COMMAND: GET /session/4836453b402f92b7e9e81344a4aab013/screenshot - {}
RESULT: {}
]]></system-out>
    </testcase>
    <testcase classname="chrome.136_0_7103_93.windows.Sanity_Tests_US104253" name="Should open Billing Transfer page" time="38.798">
      <system-out><![CDATA[
COMMAND: POST /session/4836453b402f92b7e9e81344a4aab013/execute/async - {"script":"<script> [1562 bytes]","args":[{"selector":{"controlType":"sap.m.GenericTile","properties":{"header":"Billing Transfer"}},"wdio_ui5_key":"sapm.GenericTile{\"header\":\"Billing Transfer\"}"}]}
RESULT: {"script":"<script> [1562 bytes]","args":[{"selector":{"controlType":"sap.m.GenericTile","properties":{"header":"Billing Transfer"}},"wdio_ui5_key":"sapm.GenericTile{\"header\":\"Billing Transfer\"}"}]}
RESULT: undefined
COMMAND: POST /session/4836453b402f92b7e9e81344a4aab013/element - {"using":"xpath","value":"//*[@id=\"__tile50\"]"}
RESULT: {"using":"xpath","value":"//*[@id=\"__tile50\"]"}
COMMAND: POST /session/4836453b402f92b7e9e81344a4aab013/element/f.6EEA9E36D47CD0C072FE09BA509AC88B.d.207C23C52723C766730775980BFFF609.e.2546/click - {}
RESULT: {}
COMMAND: GET /session/4836453b402f92b7e9e81344a4aab013/screenshot - {}
RESULT: {}
COMMAND: POST /session/4836453b402f92b7e9e81344a4aab013/elements - {"using":"xpath","value":"//span[text()='Error']"}
RESULT: {"using":"xpath","value":"//span[text()='Error']"}
RESULT: undefined
COMMAND: POST /session/4836453b402f92b7e9e81344a4aab013/element - {"using":"xpath","value":"//*[@id=\"__tile50\"]"}
RESULT: {"using":"xpath","value":"//*[@id=\"__tile50\"]"}
COMMAND: POST /session/4836453b402f92b7e9e81344a4aab013/element/f.6EEA9E36D47CD0C072FE09BA509AC88B.d.207C23C52723C766730775980BFFF609.e.2546/click - {}
RESULT: undefined
COMMAND: POST /session/4836453b402f92b7e9e81344a4aab013/element - {"using":"xpath","value":"//*[@id=\"__tile50\"]"}
RESULT: {"using":"xpath","value":"//*[@id=\"__tile50\"]"}
COMMAND: POST /session/4836453b402f92b7e9e81344a4aab013/element/f.6EEA9E36D47CD0C072FE09BA509AC88B.d.207C23C52723C766730775980BFFF609.e.2546/click - {}
RESULT: undefined
COMMAND: POST /session/4836453b402f92b7e9e81344a4aab013/execute/async - {"script":"<script> [6424 bytes]","args":[{"element-6066-11e4-a52e-4f735466cecf":"f.6EEA9E36D47CD0C072FE09BA509AC88B.d.207C23C52723C766730775980BFFF609.e.288"},"getTitle",[]]}
COMMAND: POST /session/4836453b402f92b7e9e81344a4aab013/execute/async - {"script":"<script> [1562 bytes]","args":[{"selector":{"id":"shellAppTitle"},"wdio_ui5_key":"shellAppTitle"}]}
RESULT: {"script":"<script> [1562 bytes]","args":[{"selector":{"id":"shellAppTitle"},"wdio_ui5_key":"shellAppTitle"}]}
COMMAND: POST /session/4836453b402f92b7e9e81344a4aab013/execute/async - {"script":"<script> [6424 bytes]","args":[{"element-6066-11e4-a52e-4f735466cecf":"f.6EEA9E36D47CD0C072FE09BA509AC88B.d.207C23C52723C766730775980BFFF609.e.2676"},"getTitle",[]]}
RESULT: {"script":"<script> [6424 bytes]","args":[{"element-6066-11e4-a52e-4f735466cecf":"f.6EEA9E36D47CD0C072FE09BA509AC88B.d.207C23C52723C766730775980BFFF609.e.2676"},"getTitle",[]]}
RESULT: undefined
COMMAND: POST /session/4836453b402f92b7e9e81344a4aab013/element/f.6EEA9E36D47CD0C072FE09BA509AC88B.d.207C23C52723C766730775980BFFF609.e.2236/click - {}
COMMAND: POST /session/4836453b402f92b7e9e81344a4aab013/element - {"using":"xpath","value":"//*[@id=\"backBtn\"]"}
RESULT: {"using":"xpath","value":"//*[@id=\"backBtn\"]"}
COMMAND: POST /session/4836453b402f92b7e9e81344a4aab013/element/f.6EEA9E36D47CD0C072FE09BA509AC88B.d.207C23C52723C766730775980BFFF609.e.2236/click - {}
COMMAND: POST /session/4836453b402f92b7e9e81344a4aab013/element - {"using":"xpath","value":"//*[@id=\"backBtn\"]"}
RESULT: {"using":"xpath","value":"//*[@id=\"backBtn\"]"}
COMMAND: POST /session/4836453b402f92b7e9e81344a4aab013/element/f.6EEA9E36D47CD0C072FE09BA509AC88B.d.207C23C52723C766730775980BFFF609.e.2677/click - {}
RESULT: {}
COMMAND: GET /session/4836453b402f92b7e9e81344a4aab013/screenshot - {}
RESULT: {}
]]></system-out>
    </testcase>
    <testcase classname="chrome.136_0_7103_93.windows.Sanity_Tests_US104253" name="Should open Manage Pricing Rules page" time="36.922">
      <system-out><![CDATA[
COMMAND: POST /session/4836453b402f92b7e9e81344a4aab013/execute/async - {"script":"<script> [1562 bytes]","args":[{"selector":{"controlType":"sap.m.GenericTile","properties":{"header":"Manage Pricing Rules"}},"wdio_ui5_key":"sapm.GenericTile{\"header\":\"Manage Pricing Rules\"}"}]}
RESULT: {"script":"<script> [1562 bytes]","args":[{"selector":{"controlType":"sap.m.GenericTile","properties":{"header":"Manage Pricing Rules"}},"wdio_ui5_key":"sapm.GenericTile{\"header\":\"Manage Pricing Rules\"}"}]}
RESULT: undefined
COMMAND: POST /session/4836453b402f92b7e9e81344a4aab013/element - {"using":"xpath","value":"//*[@id=\"__tile55\"]"}
RESULT: {"using":"xpath","value":"//*[@id=\"__tile55\"]"}
COMMAND: POST /session/4836453b402f92b7e9e81344a4aab013/element/f.6EEA9E36D47CD0C072FE09BA509AC88B.d.207C23C52723C766730775980BFFF609.e.2679/click - {}
RESULT: {}
COMMAND: GET /session/4836453b402f92b7e9e81344a4aab013/screenshot - {}
RESULT: {}
COMMAND: POST /session/4836453b402f92b7e9e81344a4aab013/elements - {"using":"xpath","value":"//span[text()='Error']"}
RESULT: {"using":"xpath","value":"//span[text()='Error']"}
RESULT: undefined
COMMAND: POST /session/4836453b402f92b7e9e81344a4aab013/element - {"using":"xpath","value":"//*[@id=\"__tile55\"]"}
RESULT: {"using":"xpath","value":"//*[@id=\"__tile55\"]"}
COMMAND: POST /session/4836453b402f92b7e9e81344a4aab013/element/f.6EEA9E36D47CD0C072FE09BA509AC88B.d.207C23C52723C766730775980BFFF609.e.2679/click - {}
RESULT: undefined
COMMAND: POST /session/4836453b402f92b7e9e81344a4aab013/element - {"using":"xpath","value":"//*[@id=\"__tile55\"]"}
RESULT: {"using":"xpath","value":"//*[@id=\"__tile55\"]"}
COMMAND: POST /session/4836453b402f92b7e9e81344a4aab013/element/f.6EEA9E36D47CD0C072FE09BA509AC88B.d.207C23C52723C766730775980BFFF609.e.2679/click - {}
RESULT: undefined
COMMAND: POST /session/4836453b402f92b7e9e81344a4aab013/execute/async - {"script":"<script> [6424 bytes]","args":[{"element-6066-11e4-a52e-4f735466cecf":"f.6EEA9E36D47CD0C072FE09BA509AC88B.d.207C23C52723C766730775980BFFF609.e.288"},"getTitle",[]]}
COMMAND: POST /session/4836453b402f92b7e9e81344a4aab013/execute/async - {"script":"<script> [1562 bytes]","args":[{"selector":{"id":"shellAppTitle"},"wdio_ui5_key":"shellAppTitle"}]}
RESULT: {"script":"<script> [1562 bytes]","args":[{"selector":{"id":"shellAppTitle"},"wdio_ui5_key":"shellAppTitle"}]}
COMMAND: POST /session/4836453b402f92b7e9e81344a4aab013/execute/async - {"script":"<script> [6424 bytes]","args":[{"element-6066-11e4-a52e-4f735466cecf":"f.6EEA9E36D47CD0C072FE09BA509AC88B.d.207C23C52723C766730775980BFFF609.e.2727"},"getTitle",[]]}
RESULT: {"script":"<script> [6424 bytes]","args":[{"element-6066-11e4-a52e-4f735466cecf":"f.6EEA9E36D47CD0C072FE09BA509AC88B.d.207C23C52723C766730775980BFFF609.e.2727"},"getTitle",[]]}
RESULT: undefined
COMMAND: POST /session/4836453b402f92b7e9e81344a4aab013/element/f.6EEA9E36D47CD0C072FE09BA509AC88B.d.207C23C52723C766730775980BFFF609.e.2677/click - {}
RESULT: {}
COMMAND: GET /session/4836453b402f92b7e9e81344a4aab013/screenshot - {}
RESULT: {}
]]></system-out>
    </testcase>
    <testcase classname="chrome.136_0_7103_93.windows.Sanity_Tests_US104253" name="Should open Manage Price Determination Matrices page" time="36.191">
      <system-out><![CDATA[
COMMAND: POST /session/4836453b402f92b7e9e81344a4aab013/execute/async - {"script":"<script> [1562 bytes]","args":[{"selector":{"controlType":"sap.m.GenericTile","properties":{"header":"Manage Price Determination Matrices"}},"wdio_ui5_key":"sapm.GenericTile{\"header\":\"Manage Price Determination Matrices\"}"}]}
RESULT: {"script":"<script> [1562 bytes]","args":[{"selector":{"controlType":"sap.m.GenericTile","properties":{"header":"Manage Price Determination Matrices"}},"wdio_ui5_key":"sapm.GenericTile{\"header\":\"Manage Price Determination Matrices\"}"}]}
RESULT: undefined
COMMAND: POST /session/4836453b402f92b7e9e81344a4aab013/element - {"using":"xpath","value":"//*[@id=\"__tile54\"]"}
RESULT: {"using":"xpath","value":"//*[@id=\"__tile54\"]"}
COMMAND: POST /session/4836453b402f92b7e9e81344a4aab013/element/f.6EEA9E36D47CD0C072FE09BA509AC88B.d.207C23C52723C766730775980BFFF609.e.2729/click - {}
RESULT: {}
COMMAND: GET /session/4836453b402f92b7e9e81344a4aab013/screenshot - {}
RESULT: {}
COMMAND: POST /session/4836453b402f92b7e9e81344a4aab013/elements - {"using":"xpath","value":"//span[text()='Error']"}
RESULT: {"using":"xpath","value":"//span[text()='Error']"}
RESULT: undefined
COMMAND: POST /session/4836453b402f92b7e9e81344a4aab013/element - {"using":"xpath","value":"//*[@id=\"__tile54\"]"}
RESULT: {"using":"xpath","value":"//*[@id=\"__tile54\"]"}
COMMAND: POST /session/4836453b402f92b7e9e81344a4aab013/element/f.6EEA9E36D47CD0C072FE09BA509AC88B.d.207C23C52723C766730775980BFFF609.e.2729/click - {}
RESULT: undefined
COMMAND: POST /session/4836453b402f92b7e9e81344a4aab013/element - {"using":"xpath","value":"//*[@id=\"__tile54\"]"}
RESULT: {"using":"xpath","value":"//*[@id=\"__tile54\"]"}
COMMAND: POST /session/4836453b402f92b7e9e81344a4aab013/element/f.6EEA9E36D47CD0C072FE09BA509AC88B.d.207C23C52723C766730775980BFFF609.e.2729/click - {}
RESULT: undefined
COMMAND: POST /session/4836453b402f92b7e9e81344a4aab013/execute/async - {"script":"<script> [6424 bytes]","args":[{"element-6066-11e4-a52e-4f735466cecf":"f.6EEA9E36D47CD0C072FE09BA509AC88B.d.207C23C52723C766730775980BFFF609.e.288"},"getTitle",[]]}
COMMAND: POST /session/4836453b402f92b7e9e81344a4aab013/execute/async - {"script":"<script> [1562 bytes]","args":[{"selector":{"id":"shellAppTitle"},"wdio_ui5_key":"shellAppTitle"}]}
RESULT: {"script":"<script> [1562 bytes]","args":[{"selector":{"id":"shellAppTitle"},"wdio_ui5_key":"shellAppTitle"}]}
COMMAND: POST /session/4836453b402f92b7e9e81344a4aab013/execute/async - {"script":"<script> [6424 bytes]","args":[{"element-6066-11e4-a52e-4f735466cecf":"f.6EEA9E36D47CD0C072FE09BA509AC88B.d.207C23C52723C766730775980BFFF609.e.2830"},"getTitle",[]]}
RESULT: {"script":"<script> [6424 bytes]","args":[{"element-6066-11e4-a52e-4f735466cecf":"f.6EEA9E36D47CD0C072FE09BA509AC88B.d.207C23C52723C766730775980BFFF609.e.2830"},"getTitle",[]]}
RESULT: undefined
COMMAND: POST /session/4836453b402f92b7e9e81344a4aab013/element/f.6EEA9E36D47CD0C072FE09BA509AC88B.d.207C23C52723C766730775980BFFF609.e.2677/click - {}
COMMAND: POST /session/4836453b402f92b7e9e81344a4aab013/element - {"using":"xpath","value":"//*[@id=\"backBtn\"]"}
RESULT: {"using":"xpath","value":"//*[@id=\"backBtn\"]"}
COMMAND: POST /session/4836453b402f92b7e9e81344a4aab013/element/f.6EEA9E36D47CD0C072FE09BA509AC88B.d.207C23C52723C766730775980BFFF609.e.2677/click - {}
COMMAND: POST /session/4836453b402f92b7e9e81344a4aab013/element - {"using":"xpath","value":"//*[@id=\"backBtn\"]"}
RESULT: {"using":"xpath","value":"//*[@id=\"backBtn\"]"}
COMMAND: POST /session/4836453b402f92b7e9e81344a4aab013/element/f.6EEA9E36D47CD0C072FE09BA509AC88B.d.207C23C52723C766730775980BFFF609.e.2831/click - {}
RESULT: {}
COMMAND: GET /session/4836453b402f92b7e9e81344a4aab013/screenshot - {}
RESULT: {}
]]></system-out>
    </testcase>
    <testcase classname="chrome.136_0_7103_93.windows.Sanity_Tests_US104253" name="Should open Yard Overview page" time="37.031">
      <system-out><![CDATA[
COMMAND: POST /session/4836453b402f92b7e9e81344a4aab013/execute/async - {"script":"<script> [1562 bytes]","args":[{"selector":{"controlType":"sap.m.GenericTile","properties":{"header":"Yard Overview"}},"wdio_ui5_key":"sapm.GenericTile{\"header\":\"Yard Overview\"}"}]}
RESULT: {"script":"<script> [1562 bytes]","args":[{"selector":{"controlType":"sap.m.GenericTile","properties":{"header":"Yard Overview"}},"wdio_ui5_key":"sapm.GenericTile{\"header\":\"Yard Overview\"}"}]}
RESULT: undefined
COMMAND: POST /session/4836453b402f92b7e9e81344a4aab013/element - {"using":"xpath","value":"//*[@id=\"__tile102\"]"}
RESULT: {"using":"xpath","value":"//*[@id=\"__tile102\"]"}
COMMAND: POST /session/4836453b402f92b7e9e81344a4aab013/element/f.6EEA9E36D47CD0C072FE09BA509AC88B.d.207C23C52723C766730775980BFFF609.e.2833/click - {}
RESULT: {}
COMMAND: GET /session/4836453b402f92b7e9e81344a4aab013/screenshot - {}
RESULT: {}
COMMAND: POST /session/4836453b402f92b7e9e81344a4aab013/elements - {"using":"xpath","value":"//span[text()='Error']"}
RESULT: {"using":"xpath","value":"//span[text()='Error']"}
RESULT: undefined
COMMAND: POST /session/4836453b402f92b7e9e81344a4aab013/element - {"using":"xpath","value":"//*[@id=\"__tile102\"]"}
RESULT: {"using":"xpath","value":"//*[@id=\"__tile102\"]"}
COMMAND: POST /session/4836453b402f92b7e9e81344a4aab013/element/f.6EEA9E36D47CD0C072FE09BA509AC88B.d.207C23C52723C766730775980BFFF609.e.2833/click - {}
RESULT: undefined
COMMAND: POST /session/4836453b402f92b7e9e81344a4aab013/element - {"using":"xpath","value":"//*[@id=\"__tile102\"]"}
RESULT: {"using":"xpath","value":"//*[@id=\"__tile102\"]"}
COMMAND: POST /session/4836453b402f92b7e9e81344a4aab013/element/f.6EEA9E36D47CD0C072FE09BA509AC88B.d.207C23C52723C766730775980BFFF609.e.2833/click - {}
RESULT: undefined
COMMAND: POST /session/4836453b402f92b7e9e81344a4aab013/execute/async - {"script":"<script> [6424 bytes]","args":[{"element-6066-11e4-a52e-4f735466cecf":"f.6EEA9E36D47CD0C072FE09BA509AC88B.d.207C23C52723C766730775980BFFF609.e.288"},"getTitle",[]]}
COMMAND: POST /session/4836453b402f92b7e9e81344a4aab013/execute/async - {"script":"<script> [1562 bytes]","args":[{"selector":{"id":"shellAppTitle"},"wdio_ui5_key":"shellAppTitle"}]}
RESULT: {"script":"<script> [1562 bytes]","args":[{"selector":{"id":"shellAppTitle"},"wdio_ui5_key":"shellAppTitle"}]}
COMMAND: POST /session/4836453b402f92b7e9e81344a4aab013/execute/async - {"script":"<script> [6424 bytes]","args":[{"element-6066-11e4-a52e-4f735466cecf":"f.6EEA9E36D47CD0C072FE09BA509AC88B.d.207C23C52723C766730775980BFFF609.e.2891"},"getTitle",[]]}
RESULT: {"script":"<script> [6424 bytes]","args":[{"element-6066-11e4-a52e-4f735466cecf":"f.6EEA9E36D47CD0C072FE09BA509AC88B.d.207C23C52723C766730775980BFFF609.e.2891"},"getTitle",[]]}
RESULT: undefined
COMMAND: POST /session/4836453b402f92b7e9e81344a4aab013/element/f.6EEA9E36D47CD0C072FE09BA509AC88B.d.207C23C52723C766730775980BFFF609.e.2831/click - {}
RESULT: {}
COMMAND: GET /session/4836453b402f92b7e9e81344a4aab013/screenshot - {}
RESULT: {}
]]></system-out>
    </testcase>
    <testcase classname="chrome.136_0_7103_93.windows.Sanity_Tests_US104253" name="Should open Site Overview page" time="36.218">
      <system-out><![CDATA[
COMMAND: POST /session/4836453b402f92b7e9e81344a4aab013/execute/async - {"script":"<script> [1562 bytes]","args":[{"selector":{"controlType":"sap.m.GenericTile","properties":{"header":"Site Overview"}},"wdio_ui5_key":"sapm.GenericTile{\"header\":\"Site Overview\"}"}]}
RESULT: {"script":"<script> [1562 bytes]","args":[{"selector":{"controlType":"sap.m.GenericTile","properties":{"header":"Site Overview"}},"wdio_ui5_key":"sapm.GenericTile{\"header\":\"Site Overview\"}"}]}
RESULT: undefined
COMMAND: POST /session/4836453b402f92b7e9e81344a4aab013/element - {"using":"xpath","value":"//*[@id=\"__tile100\"]"}
RESULT: {"using":"xpath","value":"//*[@id=\"__tile100\"]"}
COMMAND: POST /session/4836453b402f92b7e9e81344a4aab013/element/f.6EEA9E36D47CD0C072FE09BA509AC88B.d.207C23C52723C766730775980BFFF609.e.2894/click - {}
RESULT: {}
COMMAND: GET /session/4836453b402f92b7e9e81344a4aab013/screenshot - {}
RESULT: {}
COMMAND: POST /session/4836453b402f92b7e9e81344a4aab013/elements - {"using":"xpath","value":"//span[text()='Error']"}
RESULT: {"using":"xpath","value":"//span[text()='Error']"}
RESULT: undefined
COMMAND: POST /session/4836453b402f92b7e9e81344a4aab013/element - {"using":"xpath","value":"//*[@id=\"__tile100\"]"}
RESULT: {"using":"xpath","value":"//*[@id=\"__tile100\"]"}
COMMAND: POST /session/4836453b402f92b7e9e81344a4aab013/element/f.6EEA9E36D47CD0C072FE09BA509AC88B.d.207C23C52723C766730775980BFFF609.e.2894/click - {}
RESULT: undefined
COMMAND: POST /session/4836453b402f92b7e9e81344a4aab013/element - {"using":"xpath","value":"//*[@id=\"__tile100\"]"}
RESULT: {"using":"xpath","value":"//*[@id=\"__tile100\"]"}
COMMAND: POST /session/4836453b402f92b7e9e81344a4aab013/element/f.6EEA9E36D47CD0C072FE09BA509AC88B.d.207C23C52723C766730775980BFFF609.e.2894/click - {}
RESULT: undefined
COMMAND: POST /session/4836453b402f92b7e9e81344a4aab013/execute/async - {"script":"<script> [6424 bytes]","args":[{"element-6066-11e4-a52e-4f735466cecf":"f.6EEA9E36D47CD0C072FE09BA509AC88B.d.207C23C52723C766730775980BFFF609.e.288"},"getTitle",[]]}
COMMAND: POST /session/4836453b402f92b7e9e81344a4aab013/execute/async - {"script":"<script> [1562 bytes]","args":[{"selector":{"id":"shellAppTitle"},"wdio_ui5_key":"shellAppTitle"}]}
RESULT: {"script":"<script> [1562 bytes]","args":[{"selector":{"id":"shellAppTitle"},"wdio_ui5_key":"shellAppTitle"}]}
COMMAND: POST /session/4836453b402f92b7e9e81344a4aab013/execute/async - {"script":"<script> [6424 bytes]","args":[{"element-6066-11e4-a52e-4f735466cecf":"f.6EEA9E36D47CD0C072FE09BA509AC88B.d.207C23C52723C766730775980BFFF609.e.3015"},"getTitle",[]]}
RESULT: {"script":"<script> [6424 bytes]","args":[{"element-6066-11e4-a52e-4f735466cecf":"f.6EEA9E36D47CD0C072FE09BA509AC88B.d.207C23C52723C766730775980BFFF609.e.3015"},"getTitle",[]]}
RESULT: undefined
COMMAND: POST /session/4836453b402f92b7e9e81344a4aab013/element/f.6EEA9E36D47CD0C072FE09BA509AC88B.d.207C23C52723C766730775980BFFF609.e.2831/click - {}
COMMAND: POST /session/4836453b402f92b7e9e81344a4aab013/element - {"using":"xpath","value":"//*[@id=\"backBtn\"]"}
RESULT: {"using":"xpath","value":"//*[@id=\"backBtn\"]"}
COMMAND: POST /session/4836453b402f92b7e9e81344a4aab013/element/f.6EEA9E36D47CD0C072FE09BA509AC88B.d.207C23C52723C766730775980BFFF609.e.2831/click - {}
COMMAND: POST /session/4836453b402f92b7e9e81344a4aab013/element - {"using":"xpath","value":"//*[@id=\"backBtn\"]"}
RESULT: {"using":"xpath","value":"//*[@id=\"backBtn\"]"}
COMMAND: POST /session/4836453b402f92b7e9e81344a4aab013/element/f.6EEA9E36D47CD0C072FE09BA509AC88B.d.207C23C52723C766730775980BFFF609.e.3016/click - {}
RESULT: {}
COMMAND: GET /session/4836453b402f92b7e9e81344a4aab013/screenshot - {}
RESULT: {}
]]></system-out>
    </testcase>
    <testcase classname="chrome.136_0_7103_93.windows.Sanity_Tests_US104253" name="Should open Trace Track Resources page" time="37.533">
      <system-out><![CDATA[
COMMAND: POST /session/4836453b402f92b7e9e81344a4aab013/execute/async - {"script":"<script> [1562 bytes]","args":[{"selector":{"controlType":"sap.m.GenericTile","properties":{"header":"Trace & Track Resources"}},"wdio_ui5_key":"sapm.GenericTile{\"header\":\"Trace & Track Resources\"}"}]}
RESULT: {"script":"<script> [1562 bytes]","args":[{"selector":{"controlType":"sap.m.GenericTile","properties":{"header":"Trace & Track Resources"}},"wdio_ui5_key":"sapm.GenericTile{\"header\":\"Trace & Track Resources\"}"}]}
RESULT: undefined
COMMAND: POST /session/4836453b402f92b7e9e81344a4aab013/element - {"using":"xpath","value":"//*[@id=\"__tile101\"]"}
RESULT: {"using":"xpath","value":"//*[@id=\"__tile101\"]"}
COMMAND: POST /session/4836453b402f92b7e9e81344a4aab013/element/f.6EEA9E36D47CD0C072FE09BA509AC88B.d.207C23C52723C766730775980BFFF609.e.3018/click - {}
RESULT: {}
COMMAND: GET /session/4836453b402f92b7e9e81344a4aab013/screenshot - {}
RESULT: {}
COMMAND: POST /session/4836453b402f92b7e9e81344a4aab013/elements - {"using":"xpath","value":"//span[text()='Error']"}
RESULT: {"using":"xpath","value":"//span[text()='Error']"}
RESULT: undefined
COMMAND: POST /session/4836453b402f92b7e9e81344a4aab013/element - {"using":"xpath","value":"//*[@id=\"__tile101\"]"}
RESULT: {"using":"xpath","value":"//*[@id=\"__tile101\"]"}
COMMAND: POST /session/4836453b402f92b7e9e81344a4aab013/element/f.6EEA9E36D47CD0C072FE09BA509AC88B.d.207C23C52723C766730775980BFFF609.e.3018/click - {}
RESULT: undefined
COMMAND: POST /session/4836453b402f92b7e9e81344a4aab013/element - {"using":"xpath","value":"//*[@id=\"__tile101\"]"}
RESULT: {"using":"xpath","value":"//*[@id=\"__tile101\"]"}
COMMAND: POST /session/4836453b402f92b7e9e81344a4aab013/element/f.6EEA9E36D47CD0C072FE09BA509AC88B.d.207C23C52723C766730775980BFFF609.e.3018/click - {}
RESULT: undefined
COMMAND: POST /session/4836453b402f92b7e9e81344a4aab013/execute/async - {"script":"<script> [6424 bytes]","args":[{"element-6066-11e4-a52e-4f735466cecf":"f.6EEA9E36D47CD0C072FE09BA509AC88B.d.207C23C52723C766730775980BFFF609.e.288"},"getTitle",[]]}
COMMAND: POST /session/4836453b402f92b7e9e81344a4aab013/execute/async - {"script":"<script> [1562 bytes]","args":[{"selector":{"id":"shellAppTitle"},"wdio_ui5_key":"shellAppTitle"}]}
RESULT: {"script":"<script> [1562 bytes]","args":[{"selector":{"id":"shellAppTitle"},"wdio_ui5_key":"shellAppTitle"}]}
COMMAND: POST /session/4836453b402f92b7e9e81344a4aab013/execute/async - {"script":"<script> [6424 bytes]","args":[{"element-6066-11e4-a52e-4f735466cecf":"f.6EEA9E36D47CD0C072FE09BA509AC88B.d.207C23C52723C766730775980BFFF609.e.3053"},"getTitle",[]]}
RESULT: {"script":"<script> [6424 bytes]","args":[{"element-6066-11e4-a52e-4f735466cecf":"f.6EEA9E36D47CD0C072FE09BA509AC88B.d.207C23C52723C766730775980BFFF609.e.3053"},"getTitle",[]]}
RESULT: undefined
COMMAND: POST /session/4836453b402f92b7e9e81344a4aab013/element/f.6EEA9E36D47CD0C072FE09BA509AC88B.d.207C23C52723C766730775980BFFF609.e.3016/click - {}
RESULT: {}
COMMAND: GET /session/4836453b402f92b7e9e81344a4aab013/screenshot - {}
RESULT: {}
]]></system-out>
    </testcase>
    <testcase classname="chrome.136_0_7103_93.windows.Sanity_Tests_US104253" name="Should open RU Inventory List page" time="37.393">
      <system-out><![CDATA[
COMMAND: POST /session/4836453b402f92b7e9e81344a4aab013/execute/async - {"script":"<script> [1562 bytes]","args":[{"selector":{"controlType":"sap.m.GenericTile","properties":{"header":"RU Inventory List"}},"wdio_ui5_key":"sapm.GenericTile{\"header\":\"RU Inventory List\"}"}]}
RESULT: {"script":"<script> [1562 bytes]","args":[{"selector":{"controlType":"sap.m.GenericTile","properties":{"header":"RU Inventory List"}},"wdio_ui5_key":"sapm.GenericTile{\"header\":\"RU Inventory List\"}"}]}
RESULT: undefined
COMMAND: POST /session/4836453b402f92b7e9e81344a4aab013/element - {"using":"xpath","value":"//*[@id=\"__tile99\"]"}
RESULT: {"using":"xpath","value":"//*[@id=\"__tile99\"]"}
COMMAND: POST /session/4836453b402f92b7e9e81344a4aab013/element/f.6EEA9E36D47CD0C072FE09BA509AC88B.d.207C23C52723C766730775980BFFF609.e.3055/click - {}
RESULT: {}
COMMAND: GET /session/4836453b402f92b7e9e81344a4aab013/screenshot - {}
RESULT: {}
COMMAND: POST /session/4836453b402f92b7e9e81344a4aab013/elements - {"using":"xpath","value":"//span[text()='Error']"}
RESULT: {"using":"xpath","value":"//span[text()='Error']"}
RESULT: undefined
COMMAND: POST /session/4836453b402f92b7e9e81344a4aab013/element - {"using":"xpath","value":"//*[@id=\"__tile99\"]"}
RESULT: {"using":"xpath","value":"//*[@id=\"__tile99\"]"}
COMMAND: POST /session/4836453b402f92b7e9e81344a4aab013/element/f.6EEA9E36D47CD0C072FE09BA509AC88B.d.207C23C52723C766730775980BFFF609.e.3055/click - {}
RESULT: undefined
COMMAND: POST /session/4836453b402f92b7e9e81344a4aab013/element - {"using":"xpath","value":"//*[@id=\"__tile99\"]"}
RESULT: {"using":"xpath","value":"//*[@id=\"__tile99\"]"}
COMMAND: POST /session/4836453b402f92b7e9e81344a4aab013/element/f.6EEA9E36D47CD0C072FE09BA509AC88B.d.207C23C52723C766730775980BFFF609.e.3055/click - {}
RESULT: undefined
COMMAND: POST /session/4836453b402f92b7e9e81344a4aab013/execute/async - {"script":"<script> [6424 bytes]","args":[{"element-6066-11e4-a52e-4f735466cecf":"f.6EEA9E36D47CD0C072FE09BA509AC88B.d.207C23C52723C766730775980BFFF609.e.288"},"getTitle",[]]}
COMMAND: POST /session/4836453b402f92b7e9e81344a4aab013/execute/async - {"script":"<script> [1562 bytes]","args":[{"selector":{"id":"shellAppTitle"},"wdio_ui5_key":"shellAppTitle"}]}
RESULT: {"script":"<script> [1562 bytes]","args":[{"selector":{"id":"shellAppTitle"},"wdio_ui5_key":"shellAppTitle"}]}
COMMAND: POST /session/4836453b402f92b7e9e81344a4aab013/execute/async - {"script":"<script> [6424 bytes]","args":[{"element-6066-11e4-a52e-4f735466cecf":"f.6EEA9E36D47CD0C072FE09BA509AC88B.d.207C23C52723C766730775980BFFF609.e.3250"},"getTitle",[]]}
RESULT: {"script":"<script> [6424 bytes]","args":[{"element-6066-11e4-a52e-4f735466cecf":"f.6EEA9E36D47CD0C072FE09BA509AC88B.d.207C23C52723C766730775980BFFF609.e.3250"},"getTitle",[]]}
RESULT: undefined
COMMAND: POST /session/4836453b402f92b7e9e81344a4aab013/element/f.6EEA9E36D47CD0C072FE09BA509AC88B.d.207C23C52723C766730775980BFFF609.e.3016/click - {}
COMMAND: POST /session/4836453b402f92b7e9e81344a4aab013/element - {"using":"xpath","value":"//*[@id=\"backBtn\"]"}
RESULT: {"using":"xpath","value":"//*[@id=\"backBtn\"]"}
COMMAND: POST /session/4836453b402f92b7e9e81344a4aab013/element/f.6EEA9E36D47CD0C072FE09BA509AC88B.d.207C23C52723C766730775980BFFF609.e.3016/click - {}
COMMAND: POST /session/4836453b402f92b7e9e81344a4aab013/element - {"using":"xpath","value":"//*[@id=\"backBtn\"]"}
RESULT: {"using":"xpath","value":"//*[@id=\"backBtn\"]"}
COMMAND: POST /session/4836453b402f92b7e9e81344a4aab013/element/f.6EEA9E36D47CD0C072FE09BA509AC88B.d.207C23C52723C766730775980BFFF609.e.3251/click - {}
RESULT: {}
COMMAND: GET /session/4836453b402f92b7e9e81344a4aab013/screenshot - {}
RESULT: {}
]]></system-out>
    </testcase>
    <testcase classname="chrome.136_0_7103_93.windows.Sanity_Tests_US104253" name="Should open Contracts Dashboard page" time="40.98">
      <system-out><![CDATA[
COMMAND: POST /session/4836453b402f92b7e9e81344a4aab013/execute/async - {"script":"<script> [1562 bytes]","args":[{"selector":{"controlType":"sap.m.GenericTile","properties":{"header":"Contracts Dashboard"}},"wdio_ui5_key":"sapm.GenericTile{\"header\":\"Contracts Dashboard\"}"}]}
RESULT: {"script":"<script> [1562 bytes]","args":[{"selector":{"controlType":"sap.m.GenericTile","properties":{"header":"Contracts Dashboard"}},"wdio_ui5_key":"sapm.GenericTile{\"header\":\"Contracts Dashboard\"}"}]}
RESULT: undefined
COMMAND: POST /session/4836453b402f92b7e9e81344a4aab013/element - {"using":"xpath","value":"//*[@id=\"__tile97\"]"}
RESULT: {"using":"xpath","value":"//*[@id=\"__tile97\"]"}
COMMAND: POST /session/4836453b402f92b7e9e81344a4aab013/element/f.6EEA9E36D47CD0C072FE09BA509AC88B.d.207C23C52723C766730775980BFFF609.e.3253/click - {}
RESULT: {}
COMMAND: GET /session/4836453b402f92b7e9e81344a4aab013/screenshot - {}
RESULT: {}
COMMAND: POST /session/4836453b402f92b7e9e81344a4aab013/elements - {"using":"xpath","value":"//span[text()='Error']"}
RESULT: {"using":"xpath","value":"//span[text()='Error']"}
RESULT: undefined
COMMAND: POST /session/4836453b402f92b7e9e81344a4aab013/element - {"using":"xpath","value":"//*[@id=\"__tile97\"]"}
RESULT: {"using":"xpath","value":"//*[@id=\"__tile97\"]"}
COMMAND: POST /session/4836453b402f92b7e9e81344a4aab013/element/f.6EEA9E36D47CD0C072FE09BA509AC88B.d.207C23C52723C766730775980BFFF609.e.3253/click - {}
RESULT: undefined
COMMAND: POST /session/4836453b402f92b7e9e81344a4aab013/element - {"using":"xpath","value":"//*[@id=\"__tile97\"]"}
RESULT: {"using":"xpath","value":"//*[@id=\"__tile97\"]"}
COMMAND: POST /session/4836453b402f92b7e9e81344a4aab013/element/f.6EEA9E36D47CD0C072FE09BA509AC88B.d.207C23C52723C766730775980BFFF609.e.3253/click - {}
RESULT: undefined
COMMAND: POST /session/4836453b402f92b7e9e81344a4aab013/execute/async - {"script":"<script> [6424 bytes]","args":[{"element-6066-11e4-a52e-4f735466cecf":"f.6EEA9E36D47CD0C072FE09BA509AC88B.d.207C23C52723C766730775980BFFF609.e.288"},"getTitle",[]]}
COMMAND: POST /session/4836453b402f92b7e9e81344a4aab013/execute/async - {"script":"<script> [1562 bytes]","args":[{"selector":{"id":"shellAppTitle"},"wdio_ui5_key":"shellAppTitle"}]}
RESULT: {"script":"<script> [1562 bytes]","args":[{"selector":{"id":"shellAppTitle"},"wdio_ui5_key":"shellAppTitle"}]}
COMMAND: POST /session/4836453b402f92b7e9e81344a4aab013/execute/async - {"script":"<script> [6424 bytes]","args":[{"element-6066-11e4-a52e-4f735466cecf":"f.6EEA9E36D47CD0C072FE09BA509AC88B.d.207C23C52723C766730775980BFFF609.e.3275"},"getTitle",[]]}
RESULT: {"script":"<script> [6424 bytes]","args":[{"element-6066-11e4-a52e-4f735466cecf":"f.6EEA9E36D47CD0C072FE09BA509AC88B.d.207C23C52723C766730775980BFFF609.e.3275"},"getTitle",[]]}
RESULT: undefined
COMMAND: POST /session/4836453b402f92b7e9e81344a4aab013/element/f.6EEA9E36D47CD0C072FE09BA509AC88B.d.207C23C52723C766730775980BFFF609.e.3251/click - {}
RESULT: {}
COMMAND: GET /session/4836453b402f92b7e9e81344a4aab013/screenshot - {}
RESULT: {}
]]></system-out>
    </testcase>
    <testcase classname="chrome.136_0_7103_93.windows.Sanity_Tests_US104253" name="Should open Bin Status Report page" time="42.692">
      <system-out><![CDATA[
COMMAND: POST /session/4836453b402f92b7e9e81344a4aab013/execute/async - {"script":"<script> [1562 bytes]","args":[{"selector":{"controlType":"sap.m.GenericTile","properties":{"header":"Bin Status Report"}},"wdio_ui5_key":"sapm.GenericTile{\"header\":\"Bin Status Report\"}"}]}
RESULT: {"script":"<script> [1562 bytes]","args":[{"selector":{"controlType":"sap.m.GenericTile","properties":{"header":"Bin Status Report"}},"wdio_ui5_key":"sapm.GenericTile{\"header\":\"Bin Status Report\"}"}]}
RESULT: undefined
COMMAND: POST /session/4836453b402f92b7e9e81344a4aab013/element - {"using":"xpath","value":"//*[@id=\"__tile104\"]"}
RESULT: {"using":"xpath","value":"//*[@id=\"__tile104\"]"}
COMMAND: POST /session/4836453b402f92b7e9e81344a4aab013/element/f.6EEA9E36D47CD0C072FE09BA509AC88B.d.207C23C52723C766730775980BFFF609.e.3277/click - {}
RESULT: {}
COMMAND: GET /session/4836453b402f92b7e9e81344a4aab013/screenshot - {}
RESULT: {}
COMMAND: POST /session/4836453b402f92b7e9e81344a4aab013/elements - {"using":"xpath","value":"//span[text()='Error']"}
RESULT: {"using":"xpath","value":"//span[text()='Error']"}
RESULT: undefined
COMMAND: POST /session/4836453b402f92b7e9e81344a4aab013/element - {"using":"xpath","value":"//*[@id=\"__tile104\"]"}
RESULT: {"using":"xpath","value":"//*[@id=\"__tile104\"]"}
COMMAND: POST /session/4836453b402f92b7e9e81344a4aab013/element/f.6EEA9E36D47CD0C072FE09BA509AC88B.d.207C23C52723C766730775980BFFF609.e.3277/click - {}
RESULT: undefined
COMMAND: POST /session/4836453b402f92b7e9e81344a4aab013/element - {"using":"xpath","value":"//*[@id=\"__tile104\"]"}
RESULT: {"using":"xpath","value":"//*[@id=\"__tile104\"]"}
COMMAND: POST /session/4836453b402f92b7e9e81344a4aab013/element/f.6EEA9E36D47CD0C072FE09BA509AC88B.d.207C23C52723C766730775980BFFF609.e.3277/click - {}
RESULT: undefined
COMMAND: POST /session/4836453b402f92b7e9e81344a4aab013/execute/async - {"script":"<script> [6424 bytes]","args":[{"element-6066-11e4-a52e-4f735466cecf":"f.6EEA9E36D47CD0C072FE09BA509AC88B.d.207C23C52723C766730775980BFFF609.e.288"},"getTitle",[]]}
COMMAND: POST /session/4836453b402f92b7e9e81344a4aab013/execute/async - {"script":"<script> [1562 bytes]","args":[{"selector":{"id":"shellAppTitle"},"wdio_ui5_key":"shellAppTitle"}]}
RESULT: {"script":"<script> [1562 bytes]","args":[{"selector":{"id":"shellAppTitle"},"wdio_ui5_key":"shellAppTitle"}]}
COMMAND: POST /session/4836453b402f92b7e9e81344a4aab013/execute/async - {"script":"<script> [6424 bytes]","args":[{"element-6066-11e4-a52e-4f735466cecf":"f.6EEA9E36D47CD0C072FE09BA509AC88B.d.207C23C52723C766730775980BFFF609.e.3374"},"getTitle",[]]}
RESULT: {"script":"<script> [6424 bytes]","args":[{"element-6066-11e4-a52e-4f735466cecf":"f.6EEA9E36D47CD0C072FE09BA509AC88B.d.207C23C52723C766730775980BFFF609.e.3374"},"getTitle",[]]}
RESULT: undefined
COMMAND: POST /session/4836453b402f92b7e9e81344a4aab013/element/f.6EEA9E36D47CD0C072FE09BA509AC88B.d.207C23C52723C766730775980BFFF609.e.3251/click - {}
COMMAND: POST /session/4836453b402f92b7e9e81344a4aab013/element - {"using":"xpath","value":"//*[@id=\"backBtn\"]"}
RESULT: {"using":"xpath","value":"//*[@id=\"backBtn\"]"}
COMMAND: POST /session/4836453b402f92b7e9e81344a4aab013/element/f.6EEA9E36D47CD0C072FE09BA509AC88B.d.207C23C52723C766730775980BFFF609.e.3251/click - {}
COMMAND: POST /session/4836453b402f92b7e9e81344a4aab013/element - {"using":"xpath","value":"//*[@id=\"backBtn\"]"}
RESULT: {"using":"xpath","value":"//*[@id=\"backBtn\"]"}
COMMAND: POST /session/4836453b402f92b7e9e81344a4aab013/element/f.6EEA9E36D47CD0C072FE09BA509AC88B.d.207C23C52723C766730775980BFFF609.e.3375/click - {}
RESULT: {}
COMMAND: GET /session/4836453b402f92b7e9e81344a4aab013/screenshot - {}
RESULT: {}
]]></system-out>
    </testcase>
    <testcase classname="chrome.136_0_7103_93.windows.Sanity_Tests_US104253" name="Should open Manage Warehouse Movements page" time="37.716">
      <system-out><![CDATA[
COMMAND: POST /session/4836453b402f92b7e9e81344a4aab013/execute/async - {"script":"<script> [1562 bytes]","args":[{"selector":{"controlType":"sap.m.GenericTile","properties":{"header":"Manage Warehouse Movements"}},"wdio_ui5_key":"sapm.GenericTile{\"header\":\"Manage Warehouse Movements\"}"}]}
RESULT: {"script":"<script> [1562 bytes]","args":[{"selector":{"controlType":"sap.m.GenericTile","properties":{"header":"Manage Warehouse Movements"}},"wdio_ui5_key":"sapm.GenericTile{\"header\":\"Manage Warehouse Movements\"}"}]}
RESULT: undefined
COMMAND: POST /session/4836453b402f92b7e9e81344a4aab013/element - {"using":"xpath","value":"//*[@id=\"__tile105\"]"}
RESULT: {"using":"xpath","value":"//*[@id=\"__tile105\"]"}
COMMAND: POST /session/4836453b402f92b7e9e81344a4aab013/element/f.6EEA9E36D47CD0C072FE09BA509AC88B.d.207C23C52723C766730775980BFFF609.e.3379/click - {}
RESULT: {}
COMMAND: GET /session/4836453b402f92b7e9e81344a4aab013/screenshot - {}
RESULT: {}
COMMAND: POST /session/4836453b402f92b7e9e81344a4aab013/elements - {"using":"xpath","value":"//span[text()='Error']"}
RESULT: {"using":"xpath","value":"//span[text()='Error']"}
RESULT: undefined
COMMAND: POST /session/4836453b402f92b7e9e81344a4aab013/element - {"using":"xpath","value":"//*[@id=\"__tile105\"]"}
RESULT: {"using":"xpath","value":"//*[@id=\"__tile105\"]"}
COMMAND: POST /session/4836453b402f92b7e9e81344a4aab013/element/f.6EEA9E36D47CD0C072FE09BA509AC88B.d.207C23C52723C766730775980BFFF609.e.3379/click - {}
RESULT: undefined
COMMAND: POST /session/4836453b402f92b7e9e81344a4aab013/element - {"using":"xpath","value":"//*[@id=\"__tile105\"]"}
RESULT: {"using":"xpath","value":"//*[@id=\"__tile105\"]"}
COMMAND: POST /session/4836453b402f92b7e9e81344a4aab013/element/f.6EEA9E36D47CD0C072FE09BA509AC88B.d.207C23C52723C766730775980BFFF609.e.3379/click - {}
RESULT: undefined
COMMAND: POST /session/4836453b402f92b7e9e81344a4aab013/execute/async - {"script":"<script> [6424 bytes]","args":[{"element-6066-11e4-a52e-4f735466cecf":"f.6EEA9E36D47CD0C072FE09BA509AC88B.d.207C23C52723C766730775980BFFF609.e.288"},"getTitle",[]]}
COMMAND: POST /session/4836453b402f92b7e9e81344a4aab013/execute/async - {"script":"<script> [1562 bytes]","args":[{"selector":{"id":"shellAppTitle"},"wdio_ui5_key":"shellAppTitle"}]}
RESULT: {"script":"<script> [1562 bytes]","args":[{"selector":{"id":"shellAppTitle"},"wdio_ui5_key":"shellAppTitle"}]}
COMMAND: POST /session/4836453b402f92b7e9e81344a4aab013/execute/async - {"script":"<script> [6424 bytes]","args":[{"element-6066-11e4-a52e-4f735466cecf":"f.6EEA9E36D47CD0C072FE09BA509AC88B.d.207C23C52723C766730775980BFFF609.e.3466"},"getTitle",[]]}
RESULT: {"script":"<script> [6424 bytes]","args":[{"element-6066-11e4-a52e-4f735466cecf":"f.6EEA9E36D47CD0C072FE09BA509AC88B.d.207C23C52723C766730775980BFFF609.e.3466"},"getTitle",[]]}
RESULT: undefined
COMMAND: POST /session/4836453b402f92b7e9e81344a4aab013/element/f.6EEA9E36D47CD0C072FE09BA509AC88B.d.207C23C52723C766730775980BFFF609.e.3375/click - {}
RESULT: {}
COMMAND: GET /session/4836453b402f92b7e9e81344a4aab013/screenshot - {}
RESULT: {}
]]></system-out>
    </testcase>
    <testcase classname="chrome.136_0_7103_93.windows.Sanity_Tests_US104253" name="Should open Bin Inventory List page" time="38.055">
      <system-out><![CDATA[
COMMAND: POST /session/4836453b402f92b7e9e81344a4aab013/execute/async - {"script":"<script> [1562 bytes]","args":[{"selector":{"controlType":"sap.m.GenericTile","properties":{"header":"Bin Inventory List"}},"wdio_ui5_key":"sapm.GenericTile{\"header\":\"Bin Inventory List\"}"}]}
RESULT: {"script":"<script> [1562 bytes]","args":[{"selector":{"controlType":"sap.m.GenericTile","properties":{"header":"Bin Inventory List"}},"wdio_ui5_key":"sapm.GenericTile{\"header\":\"Bin Inventory List\"}"}]}
RESULT: undefined
COMMAND: POST /session/4836453b402f92b7e9e81344a4aab013/element - {"using":"xpath","value":"//*[@id=\"__tile103\"]"}
RESULT: {"using":"xpath","value":"//*[@id=\"__tile103\"]"}
COMMAND: POST /session/4836453b402f92b7e9e81344a4aab013/element/f.6EEA9E36D47CD0C072FE09BA509AC88B.d.207C23C52723C766730775980BFFF609.e.3468/click - {}
RESULT: {}
COMMAND: GET /session/4836453b402f92b7e9e81344a4aab013/screenshot - {}
RESULT: {}
COMMAND: POST /session/4836453b402f92b7e9e81344a4aab013/elements - {"using":"xpath","value":"//span[text()='Error']"}
RESULT: {"using":"xpath","value":"//span[text()='Error']"}
RESULT: undefined
COMMAND: POST /session/4836453b402f92b7e9e81344a4aab013/element - {"using":"xpath","value":"//*[@id=\"__tile103\"]"}
RESULT: {"using":"xpath","value":"//*[@id=\"__tile103\"]"}
COMMAND: POST /session/4836453b402f92b7e9e81344a4aab013/element/f.6EEA9E36D47CD0C072FE09BA509AC88B.d.207C23C52723C766730775980BFFF609.e.3468/click - {}
RESULT: undefined
COMMAND: POST /session/4836453b402f92b7e9e81344a4aab013/element - {"using":"xpath","value":"//*[@id=\"__tile103\"]"}
RESULT: {"using":"xpath","value":"//*[@id=\"__tile103\"]"}
COMMAND: POST /session/4836453b402f92b7e9e81344a4aab013/element/f.6EEA9E36D47CD0C072FE09BA509AC88B.d.207C23C52723C766730775980BFFF609.e.3468/click - {}
RESULT: undefined
COMMAND: POST /session/4836453b402f92b7e9e81344a4aab013/execute/async - {"script":"<script> [6424 bytes]","args":[{"element-6066-11e4-a52e-4f735466cecf":"f.6EEA9E36D47CD0C072FE09BA509AC88B.d.207C23C52723C766730775980BFFF609.e.288"},"getTitle",[]]}
COMMAND: POST /session/4836453b402f92b7e9e81344a4aab013/execute/async - {"script":"<script> [1562 bytes]","args":[{"selector":{"id":"shellAppTitle"},"wdio_ui5_key":"shellAppTitle"}]}
RESULT: {"script":"<script> [1562 bytes]","args":[{"selector":{"id":"shellAppTitle"},"wdio_ui5_key":"shellAppTitle"}]}
COMMAND: POST /session/4836453b402f92b7e9e81344a4aab013/execute/async - {"script":"<script> [6424 bytes]","args":[{"element-6066-11e4-a52e-4f735466cecf":"f.6EEA9E36D47CD0C072FE09BA509AC88B.d.207C23C52723C766730775980BFFF609.e.3553"},"getTitle",[]]}
RESULT: {"script":"<script> [6424 bytes]","args":[{"element-6066-11e4-a52e-4f735466cecf":"f.6EEA9E36D47CD0C072FE09BA509AC88B.d.207C23C52723C766730775980BFFF609.e.3553"},"getTitle",[]]}
RESULT: undefined
COMMAND: POST /session/4836453b402f92b7e9e81344a4aab013/element/f.6EEA9E36D47CD0C072FE09BA509AC88B.d.207C23C52723C766730775980BFFF609.e.3375/click - {}
COMMAND: POST /session/4836453b402f92b7e9e81344a4aab013/element - {"using":"xpath","value":"//*[@id=\"backBtn\"]"}
RESULT: {"using":"xpath","value":"//*[@id=\"backBtn\"]"}
COMMAND: POST /session/4836453b402f92b7e9e81344a4aab013/element/f.6EEA9E36D47CD0C072FE09BA509AC88B.d.207C23C52723C766730775980BFFF609.e.3375/click - {}
COMMAND: POST /session/4836453b402f92b7e9e81344a4aab013/element - {"using":"xpath","value":"//*[@id=\"backBtn\"]"}
RESULT: {"using":"xpath","value":"//*[@id=\"backBtn\"]"}
COMMAND: POST /session/4836453b402f92b7e9e81344a4aab013/element/f.6EEA9E36D47CD0C072FE09BA509AC88B.d.207C23C52723C766730775980BFFF609.e.3554/click - {}
RESULT: {}
COMMAND: GET /session/4836453b402f92b7e9e81344a4aab013/screenshot - {}
RESULT: {}
]]></system-out>
    </testcase>
    <testcase classname="chrome.136_0_7103_93.windows.Sanity_Tests_US104253" name="Should open ISC Templates page" time="39.141">
      <system-out><![CDATA[
COMMAND: POST /session/4836453b402f92b7e9e81344a4aab013/execute/async - {"script":"<script> [1562 bytes]","args":[{"selector":{"controlType":"sap.m.GenericTile","properties":{"header":"ISC Templates"}},"wdio_ui5_key":"sapm.GenericTile{\"header\":\"ISC Templates\"}"}]}
RESULT: {"script":"<script> [1562 bytes]","args":[{"selector":{"controlType":"sap.m.GenericTile","properties":{"header":"ISC Templates"}},"wdio_ui5_key":"sapm.GenericTile{\"header\":\"ISC Templates\"}"}]}
RESULT: undefined
COMMAND: POST /session/4836453b402f92b7e9e81344a4aab013/element - {"using":"xpath","value":"//*[@id=\"__tile111\"]"}
RESULT: {"using":"xpath","value":"//*[@id=\"__tile111\"]"}
COMMAND: POST /session/4836453b402f92b7e9e81344a4aab013/element/f.6EEA9E36D47CD0C072FE09BA509AC88B.d.207C23C52723C766730775980BFFF609.e.3556/click - {}
RESULT: {}
COMMAND: GET /session/4836453b402f92b7e9e81344a4aab013/screenshot - {}
RESULT: {}
COMMAND: POST /session/4836453b402f92b7e9e81344a4aab013/elements - {"using":"xpath","value":"//span[text()='Error']"}
RESULT: {"using":"xpath","value":"//span[text()='Error']"}
RESULT: undefined
COMMAND: POST /session/4836453b402f92b7e9e81344a4aab013/element - {"using":"xpath","value":"//*[@id=\"__tile111\"]"}
RESULT: {"using":"xpath","value":"//*[@id=\"__tile111\"]"}
COMMAND: POST /session/4836453b402f92b7e9e81344a4aab013/element/f.6EEA9E36D47CD0C072FE09BA509AC88B.d.207C23C52723C766730775980BFFF609.e.3556/click - {}
RESULT: undefined
COMMAND: POST /session/4836453b402f92b7e9e81344a4aab013/element - {"using":"xpath","value":"//*[@id=\"__tile111\"]"}
RESULT: {"using":"xpath","value":"//*[@id=\"__tile111\"]"}
COMMAND: POST /session/4836453b402f92b7e9e81344a4aab013/element/f.6EEA9E36D47CD0C072FE09BA509AC88B.d.207C23C52723C766730775980BFFF609.e.3556/click - {}
RESULT: undefined
COMMAND: POST /session/4836453b402f92b7e9e81344a4aab013/execute/async - {"script":"<script> [6424 bytes]","args":[{"element-6066-11e4-a52e-4f735466cecf":"f.6EEA9E36D47CD0C072FE09BA509AC88B.d.207C23C52723C766730775980BFFF609.e.288"},"getTitle",[]]}
COMMAND: POST /session/4836453b402f92b7e9e81344a4aab013/execute/async - {"script":"<script> [1562 bytes]","args":[{"selector":{"id":"shellAppTitle"},"wdio_ui5_key":"shellAppTitle"}]}
RESULT: {"script":"<script> [1562 bytes]","args":[{"selector":{"id":"shellAppTitle"},"wdio_ui5_key":"shellAppTitle"}]}
COMMAND: POST /session/4836453b402f92b7e9e81344a4aab013/execute/async - {"script":"<script> [6424 bytes]","args":[{"element-6066-11e4-a52e-4f735466cecf":"f.6EEA9E36D47CD0C072FE09BA509AC88B.d.207C23C52723C766730775980BFFF609.e.3623"},"getTitle",[]]}
RESULT: {"script":"<script> [6424 bytes]","args":[{"element-6066-11e4-a52e-4f735466cecf":"f.6EEA9E36D47CD0C072FE09BA509AC88B.d.207C23C52723C766730775980BFFF609.e.3623"},"getTitle",[]]}
RESULT: undefined
COMMAND: POST /session/4836453b402f92b7e9e81344a4aab013/element/f.6EEA9E36D47CD0C072FE09BA509AC88B.d.207C23C52723C766730775980BFFF609.e.3554/click - {}
RESULT: {}
COMMAND: GET /session/4836453b402f92b7e9e81344a4aab013/screenshot - {}
RESULT: {}
]]></system-out>
    </testcase>
    <testcase classname="chrome.136_0_7103_93.windows.Sanity_Tests_US104253" name="Should open ISC Schedules page" time="36.974">
      <system-out><![CDATA[
COMMAND: POST /session/4836453b402f92b7e9e81344a4aab013/execute/async - {"script":"<script> [1562 bytes]","args":[{"selector":{"controlType":"sap.m.GenericTile","properties":{"header":"ISC Schedules"}},"wdio_ui5_key":"sapm.GenericTile{\"header\":\"ISC Schedules\"}"}]}
RESULT: {"script":"<script> [1562 bytes]","args":[{"selector":{"controlType":"sap.m.GenericTile","properties":{"header":"ISC Schedules"}},"wdio_ui5_key":"sapm.GenericTile{\"header\":\"ISC Schedules\"}"}]}
RESULT: undefined
COMMAND: POST /session/4836453b402f92b7e9e81344a4aab013/element - {"using":"xpath","value":"//*[@id=\"__tile109\"]"}
RESULT: {"using":"xpath","value":"//*[@id=\"__tile109\"]"}
COMMAND: POST /session/4836453b402f92b7e9e81344a4aab013/element/f.6EEA9E36D47CD0C072FE09BA509AC88B.d.207C23C52723C766730775980BFFF609.e.3626/click - {}
RESULT: {}
COMMAND: GET /session/4836453b402f92b7e9e81344a4aab013/screenshot - {}
RESULT: {}
COMMAND: POST /session/4836453b402f92b7e9e81344a4aab013/elements - {"using":"xpath","value":"//span[text()='Error']"}
RESULT: {"using":"xpath","value":"//span[text()='Error']"}
RESULT: undefined
COMMAND: POST /session/4836453b402f92b7e9e81344a4aab013/element - {"using":"xpath","value":"//*[@id=\"__tile109\"]"}
RESULT: {"using":"xpath","value":"//*[@id=\"__tile109\"]"}
COMMAND: POST /session/4836453b402f92b7e9e81344a4aab013/element/f.6EEA9E36D47CD0C072FE09BA509AC88B.d.207C23C52723C766730775980BFFF609.e.3626/click - {}
RESULT: undefined
COMMAND: POST /session/4836453b402f92b7e9e81344a4aab013/element - {"using":"xpath","value":"//*[@id=\"__tile109\"]"}
RESULT: {"using":"xpath","value":"//*[@id=\"__tile109\"]"}
COMMAND: POST /session/4836453b402f92b7e9e81344a4aab013/element/f.6EEA9E36D47CD0C072FE09BA509AC88B.d.207C23C52723C766730775980BFFF609.e.3626/click - {}
RESULT: undefined
COMMAND: POST /session/4836453b402f92b7e9e81344a4aab013/execute/async - {"script":"<script> [6424 bytes]","args":[{"element-6066-11e4-a52e-4f735466cecf":"f.6EEA9E36D47CD0C072FE09BA509AC88B.d.207C23C52723C766730775980BFFF609.e.288"},"getTitle",[]]}
COMMAND: POST /session/4836453b402f92b7e9e81344a4aab013/execute/async - {"script":"<script> [1562 bytes]","args":[{"selector":{"id":"shellAppTitle"},"wdio_ui5_key":"shellAppTitle"}]}
RESULT: {"script":"<script> [1562 bytes]","args":[{"selector":{"id":"shellAppTitle"},"wdio_ui5_key":"shellAppTitle"}]}
COMMAND: POST /session/4836453b402f92b7e9e81344a4aab013/execute/async - {"script":"<script> [6424 bytes]","args":[{"element-6066-11e4-a52e-4f735466cecf":"f.6EEA9E36D47CD0C072FE09BA509AC88B.d.207C23C52723C766730775980BFFF609.e.3701"},"getTitle",[]]}
RESULT: {"script":"<script> [6424 bytes]","args":[{"element-6066-11e4-a52e-4f735466cecf":"f.6EEA9E36D47CD0C072FE09BA509AC88B.d.207C23C52723C766730775980BFFF609.e.3701"},"getTitle",[]]}
RESULT: undefined
COMMAND: POST /session/4836453b402f92b7e9e81344a4aab013/element/f.6EEA9E36D47CD0C072FE09BA509AC88B.d.207C23C52723C766730775980BFFF609.e.3554/click - {}
COMMAND: POST /session/4836453b402f92b7e9e81344a4aab013/element - {"using":"xpath","value":"//*[@id=\"backBtn\"]"}
RESULT: {"using":"xpath","value":"//*[@id=\"backBtn\"]"}
COMMAND: POST /session/4836453b402f92b7e9e81344a4aab013/element/f.6EEA9E36D47CD0C072FE09BA509AC88B.d.207C23C52723C766730775980BFFF609.e.3554/click - {}
COMMAND: POST /session/4836453b402f92b7e9e81344a4aab013/element - {"using":"xpath","value":"//*[@id=\"backBtn\"]"}
RESULT: {"using":"xpath","value":"//*[@id=\"backBtn\"]"}
COMMAND: POST /session/4836453b402f92b7e9e81344a4aab013/element/f.6EEA9E36D47CD0C072FE09BA509AC88B.d.207C23C52723C766730775980BFFF609.e.3702/click - {}
RESULT: {}
COMMAND: GET /session/4836453b402f92b7e9e81344a4aab013/screenshot - {}
RESULT: {}
]]></system-out>
    </testcase>
    <testcase classname="chrome.136_0_7103_93.windows.Sanity_Tests_US104253" name="Should open ISC Dashboard page" time="37.877">
      <system-out><![CDATA[
COMMAND: POST /session/4836453b402f92b7e9e81344a4aab013/execute/async - {"script":"<script> [1562 bytes]","args":[{"selector":{"controlType":"sap.m.GenericTile","properties":{"header":"ISC Dashboard"}},"wdio_ui5_key":"sapm.GenericTile{\"header\":\"ISC Dashboard\"}"}]}
RESULT: {"script":"<script> [1562 bytes]","args":[{"selector":{"controlType":"sap.m.GenericTile","properties":{"header":"ISC Dashboard"}},"wdio_ui5_key":"sapm.GenericTile{\"header\":\"ISC Dashboard\"}"}]}
RESULT: undefined
COMMAND: POST /session/4836453b402f92b7e9e81344a4aab013/element - {"using":"xpath","value":"//*[@id=\"__tile106\"]"}
RESULT: {"using":"xpath","value":"//*[@id=\"__tile106\"]"}
COMMAND: POST /session/4836453b402f92b7e9e81344a4aab013/element/f.6EEA9E36D47CD0C072FE09BA509AC88B.d.207C23C52723C766730775980BFFF609.e.3704/click - {}
RESULT: {}
COMMAND: GET /session/4836453b402f92b7e9e81344a4aab013/screenshot - {}
RESULT: {}
COMMAND: POST /session/4836453b402f92b7e9e81344a4aab013/elements - {"using":"xpath","value":"//span[text()='Error']"}
RESULT: {"using":"xpath","value":"//span[text()='Error']"}
RESULT: undefined
COMMAND: POST /session/4836453b402f92b7e9e81344a4aab013/element - {"using":"xpath","value":"//*[@id=\"__tile106\"]"}
RESULT: {"using":"xpath","value":"//*[@id=\"__tile106\"]"}
COMMAND: POST /session/4836453b402f92b7e9e81344a4aab013/element/f.6EEA9E36D47CD0C072FE09BA509AC88B.d.207C23C52723C766730775980BFFF609.e.3704/click - {}
RESULT: undefined
COMMAND: POST /session/4836453b402f92b7e9e81344a4aab013/element - {"using":"xpath","value":"//*[@id=\"__tile106\"]"}
RESULT: {"using":"xpath","value":"//*[@id=\"__tile106\"]"}
COMMAND: POST /session/4836453b402f92b7e9e81344a4aab013/element/f.6EEA9E36D47CD0C072FE09BA509AC88B.d.207C23C52723C766730775980BFFF609.e.3704/click - {}
RESULT: undefined
COMMAND: POST /session/4836453b402f92b7e9e81344a4aab013/execute/async - {"script":"<script> [6424 bytes]","args":[{"element-6066-11e4-a52e-4f735466cecf":"f.6EEA9E36D47CD0C072FE09BA509AC88B.d.207C23C52723C766730775980BFFF609.e.288"},"getTitle",[]]}
COMMAND: POST /session/4836453b402f92b7e9e81344a4aab013/execute/async - {"script":"<script> [1562 bytes]","args":[{"selector":{"id":"shellAppTitle"},"wdio_ui5_key":"shellAppTitle"}]}
RESULT: {"script":"<script> [1562 bytes]","args":[{"selector":{"id":"shellAppTitle"},"wdio_ui5_key":"shellAppTitle"}]}
COMMAND: POST /session/4836453b402f92b7e9e81344a4aab013/execute/async - {"script":"<script> [6424 bytes]","args":[{"element-6066-11e4-a52e-4f735466cecf":"f.6EEA9E36D47CD0C072FE09BA509AC88B.d.207C23C52723C766730775980BFFF609.e.3825"},"getTitle",[]]}
RESULT: {"script":"<script> [6424 bytes]","args":[{"element-6066-11e4-a52e-4f735466cecf":"f.6EEA9E36D47CD0C072FE09BA509AC88B.d.207C23C52723C766730775980BFFF609.e.3825"},"getTitle",[]]}
RESULT: undefined
COMMAND: POST /session/4836453b402f92b7e9e81344a4aab013/element/f.6EEA9E36D47CD0C072FE09BA509AC88B.d.207C23C52723C766730775980BFFF609.e.3702/click - {}
RESULT: {}
COMMAND: GET /session/4836453b402f92b7e9e81344a4aab013/screenshot - {}
RESULT: {}
]]></system-out>
    </testcase>
    <testcase classname="chrome.136_0_7103_93.windows.Sanity_Tests_US104253" name="Should open ISC Orders page" time="39.434">
      <system-out><![CDATA[
COMMAND: POST /session/4836453b402f92b7e9e81344a4aab013/execute/async - {"script":"<script> [1562 bytes]","args":[{"selector":{"controlType":"sap.m.GenericTile","properties":{"header":"ISC Orders"}},"wdio_ui5_key":"sapm.GenericTile{\"header\":\"ISC Orders\"}"}]}
RESULT: {"script":"<script> [1562 bytes]","args":[{"selector":{"controlType":"sap.m.GenericTile","properties":{"header":"ISC Orders"}},"wdio_ui5_key":"sapm.GenericTile{\"header\":\"ISC Orders\"}"}]}
RESULT: undefined
COMMAND: POST /session/4836453b402f92b7e9e81344a4aab013/element - {"using":"xpath","value":"//*[@id=\"__tile108\"]"}
RESULT: {"using":"xpath","value":"//*[@id=\"__tile108\"]"}
COMMAND: POST /session/4836453b402f92b7e9e81344a4aab013/element/f.6EEA9E36D47CD0C072FE09BA509AC88B.d.207C23C52723C766730775980BFFF609.e.3827/click - {}
RESULT: {}
COMMAND: GET /session/4836453b402f92b7e9e81344a4aab013/screenshot - {}
RESULT: {}
COMMAND: POST /session/4836453b402f92b7e9e81344a4aab013/elements - {"using":"xpath","value":"//span[text()='Error']"}
RESULT: {"using":"xpath","value":"//span[text()='Error']"}
RESULT: undefined
COMMAND: POST /session/4836453b402f92b7e9e81344a4aab013/element - {"using":"xpath","value":"//*[@id=\"__tile108\"]"}
RESULT: {"using":"xpath","value":"//*[@id=\"__tile108\"]"}
COMMAND: POST /session/4836453b402f92b7e9e81344a4aab013/element/f.6EEA9E36D47CD0C072FE09BA509AC88B.d.207C23C52723C766730775980BFFF609.e.3827/click - {}
RESULT: undefined
COMMAND: POST /session/4836453b402f92b7e9e81344a4aab013/element - {"using":"xpath","value":"//*[@id=\"__tile108\"]"}
RESULT: {"using":"xpath","value":"//*[@id=\"__tile108\"]"}
COMMAND: POST /session/4836453b402f92b7e9e81344a4aab013/element/f.6EEA9E36D47CD0C072FE09BA509AC88B.d.207C23C52723C766730775980BFFF609.e.3827/click - {}
RESULT: undefined
COMMAND: POST /session/4836453b402f92b7e9e81344a4aab013/execute/async - {"script":"<script> [6424 bytes]","args":[{"element-6066-11e4-a52e-4f735466cecf":"f.6EEA9E36D47CD0C072FE09BA509AC88B.d.207C23C52723C766730775980BFFF609.e.288"},"getTitle",[]]}
COMMAND: POST /session/4836453b402f92b7e9e81344a4aab013/execute/async - {"script":"<script> [1562 bytes]","args":[{"selector":{"id":"shellAppTitle"},"wdio_ui5_key":"shellAppTitle"}]}
RESULT: {"script":"<script> [1562 bytes]","args":[{"selector":{"id":"shellAppTitle"},"wdio_ui5_key":"shellAppTitle"}]}
COMMAND: POST /session/4836453b402f92b7e9e81344a4aab013/execute/async - {"script":"<script> [6424 bytes]","args":[{"element-6066-11e4-a52e-4f735466cecf":"f.6EEA9E36D47CD0C072FE09BA509AC88B.d.207C23C52723C766730775980BFFF609.e.3941"},"getTitle",[]]}
RESULT: {"script":"<script> [6424 bytes]","args":[{"element-6066-11e4-a52e-4f735466cecf":"f.6EEA9E36D47CD0C072FE09BA509AC88B.d.207C23C52723C766730775980BFFF609.e.3941"},"getTitle",[]]}
RESULT: undefined
COMMAND: POST /session/4836453b402f92b7e9e81344a4aab013/element/f.6EEA9E36D47CD0C072FE09BA509AC88B.d.207C23C52723C766730775980BFFF609.e.3702/click - {}
COMMAND: POST /session/4836453b402f92b7e9e81344a4aab013/element - {"using":"xpath","value":"//*[@id=\"backBtn\"]"}
RESULT: {"using":"xpath","value":"//*[@id=\"backBtn\"]"}
COMMAND: POST /session/4836453b402f92b7e9e81344a4aab013/element/f.6EEA9E36D47CD0C072FE09BA509AC88B.d.207C23C52723C766730775980BFFF609.e.3702/click - {}
COMMAND: POST /session/4836453b402f92b7e9e81344a4aab013/element - {"using":"xpath","value":"//*[@id=\"backBtn\"]"}
RESULT: {"using":"xpath","value":"//*[@id=\"backBtn\"]"}
COMMAND: POST /session/4836453b402f92b7e9e81344a4aab013/element/f.6EEA9E36D47CD0C072FE09BA509AC88B.d.207C23C52723C766730775980BFFF609.e.3942/click - {}
RESULT: {}
COMMAND: GET /session/4836453b402f92b7e9e81344a4aab013/screenshot - {}
RESULT: {}
]]></system-out>
    </testcase>
    <testcase classname="chrome.136_0_7103_93.windows.Sanity_Tests_US104253" name="Should open ISC Tasks page" time="36.068">
      <system-out><![CDATA[
COMMAND: POST /session/4836453b402f92b7e9e81344a4aab013/execute/async - {"script":"<script> [1562 bytes]","args":[{"selector":{"controlType":"sap.m.GenericTile","properties":{"header":"ISC Tasks"}},"wdio_ui5_key":"sapm.GenericTile{\"header\":\"ISC Tasks\"}"}]}
RESULT: {"script":"<script> [1562 bytes]","args":[{"selector":{"controlType":"sap.m.GenericTile","properties":{"header":"ISC Tasks"}},"wdio_ui5_key":"sapm.GenericTile{\"header\":\"ISC Tasks\"}"}]}
RESULT: undefined
COMMAND: POST /session/4836453b402f92b7e9e81344a4aab013/element - {"using":"xpath","value":"//*[@id=\"__tile110\"]"}
RESULT: {"using":"xpath","value":"//*[@id=\"__tile110\"]"}
COMMAND: POST /session/4836453b402f92b7e9e81344a4aab013/element/f.6EEA9E36D47CD0C072FE09BA509AC88B.d.207C23C52723C766730775980BFFF609.e.3944/click - {}
RESULT: {}
COMMAND: GET /session/4836453b402f92b7e9e81344a4aab013/screenshot - {}
RESULT: {}
COMMAND: POST /session/4836453b402f92b7e9e81344a4aab013/elements - {"using":"xpath","value":"//span[text()='Error']"}
RESULT: {"using":"xpath","value":"//span[text()='Error']"}
RESULT: undefined
COMMAND: POST /session/4836453b402f92b7e9e81344a4aab013/element - {"using":"xpath","value":"//*[@id=\"__tile110\"]"}
RESULT: {"using":"xpath","value":"//*[@id=\"__tile110\"]"}
COMMAND: POST /session/4836453b402f92b7e9e81344a4aab013/element/f.6EEA9E36D47CD0C072FE09BA509AC88B.d.207C23C52723C766730775980BFFF609.e.3944/click - {}
RESULT: undefined
COMMAND: POST /session/4836453b402f92b7e9e81344a4aab013/element - {"using":"xpath","value":"//*[@id=\"__tile110\"]"}
RESULT: {"using":"xpath","value":"//*[@id=\"__tile110\"]"}
COMMAND: POST /session/4836453b402f92b7e9e81344a4aab013/element/f.6EEA9E36D47CD0C072FE09BA509AC88B.d.207C23C52723C766730775980BFFF609.e.3944/click - {}
RESULT: undefined
COMMAND: POST /session/4836453b402f92b7e9e81344a4aab013/execute/async - {"script":"<script> [6424 bytes]","args":[{"element-6066-11e4-a52e-4f735466cecf":"f.6EEA9E36D47CD0C072FE09BA509AC88B.d.207C23C52723C766730775980BFFF609.e.288"},"getTitle",[]]}
COMMAND: POST /session/4836453b402f92b7e9e81344a4aab013/execute/async - {"script":"<script> [1562 bytes]","args":[{"selector":{"id":"shellAppTitle"},"wdio_ui5_key":"shellAppTitle"}]}
RESULT: {"script":"<script> [1562 bytes]","args":[{"selector":{"id":"shellAppTitle"},"wdio_ui5_key":"shellAppTitle"}]}
COMMAND: POST /session/4836453b402f92b7e9e81344a4aab013/execute/async - {"script":"<script> [6424 bytes]","args":[{"element-6066-11e4-a52e-4f735466cecf":"f.6EEA9E36D47CD0C072FE09BA509AC88B.d.207C23C52723C766730775980BFFF609.e.4038"},"getTitle",[]]}
RESULT: {"script":"<script> [6424 bytes]","args":[{"element-6066-11e4-a52e-4f735466cecf":"f.6EEA9E36D47CD0C072FE09BA509AC88B.d.207C23C52723C766730775980BFFF609.e.4038"},"getTitle",[]]}
RESULT: undefined
COMMAND: POST /session/4836453b402f92b7e9e81344a4aab013/element/f.6EEA9E36D47CD0C072FE09BA509AC88B.d.207C23C52723C766730775980BFFF609.e.3942/click - {}
RESULT: {}
COMMAND: GET /session/4836453b402f92b7e9e81344a4aab013/screenshot - {}
RESULT: {}
]]></system-out>
    </testcase>
    <testcase classname="chrome.136_0_7103_93.windows.Sanity_Tests_US104253" name="Should open Manage Resource Logbook page" time="35.975">
      <system-out><![CDATA[
COMMAND: POST /session/4836453b402f92b7e9e81344a4aab013/execute/async - {"script":"<script> [1562 bytes]","args":[{"selector":{"controlType":"sap.m.GenericTile","properties":{"header":"Manage Resource Logbook"}},"wdio_ui5_key":"sapm.GenericTile{\"header\":\"Manage Resource Logbook\"}"}]}
RESULT: {"script":"<script> [1562 bytes]","args":[{"selector":{"controlType":"sap.m.GenericTile","properties":{"header":"Manage Resource Logbook"}},"wdio_ui5_key":"sapm.GenericTile{\"header\":\"Manage Resource Logbook\"}"}]}
RESULT: undefined
COMMAND: POST /session/4836453b402f92b7e9e81344a4aab013/element - {"using":"xpath","value":"//*[@id=\"__tile113\"]"}
RESULT: {"using":"xpath","value":"//*[@id=\"__tile113\"]"}
COMMAND: POST /session/4836453b402f92b7e9e81344a4aab013/element/f.6EEA9E36D47CD0C072FE09BA509AC88B.d.207C23C52723C766730775980BFFF609.e.4040/click - {}
RESULT: {}
COMMAND: GET /session/4836453b402f92b7e9e81344a4aab013/screenshot - {}
RESULT: {}
COMMAND: POST /session/4836453b402f92b7e9e81344a4aab013/elements - {"using":"xpath","value":"//span[text()='Error']"}
RESULT: {"using":"xpath","value":"//span[text()='Error']"}
RESULT: undefined
COMMAND: POST /session/4836453b402f92b7e9e81344a4aab013/element - {"using":"xpath","value":"//*[@id=\"__tile113\"]"}
RESULT: {"using":"xpath","value":"//*[@id=\"__tile113\"]"}
COMMAND: POST /session/4836453b402f92b7e9e81344a4aab013/element/f.6EEA9E36D47CD0C072FE09BA509AC88B.d.207C23C52723C766730775980BFFF609.e.4040/click - {}
RESULT: undefined
COMMAND: POST /session/4836453b402f92b7e9e81344a4aab013/element - {"using":"xpath","value":"//*[@id=\"__tile113\"]"}
RESULT: {"using":"xpath","value":"//*[@id=\"__tile113\"]"}
COMMAND: POST /session/4836453b402f92b7e9e81344a4aab013/element/f.6EEA9E36D47CD0C072FE09BA509AC88B.d.207C23C52723C766730775980BFFF609.e.4040/click - {}
RESULT: undefined
COMMAND: POST /session/4836453b402f92b7e9e81344a4aab013/execute/async - {"script":"<script> [6424 bytes]","args":[{"element-6066-11e4-a52e-4f735466cecf":"f.6EEA9E36D47CD0C072FE09BA509AC88B.d.207C23C52723C766730775980BFFF609.e.288"},"getTitle",[]]}
COMMAND: POST /session/4836453b402f92b7e9e81344a4aab013/execute/async - {"script":"<script> [1562 bytes]","args":[{"selector":{"id":"shellAppTitle"},"wdio_ui5_key":"shellAppTitle"}]}
RESULT: {"script":"<script> [1562 bytes]","args":[{"selector":{"id":"shellAppTitle"},"wdio_ui5_key":"shellAppTitle"}]}
COMMAND: POST /session/4836453b402f92b7e9e81344a4aab013/execute/async - {"script":"<script> [6424 bytes]","args":[{"element-6066-11e4-a52e-4f735466cecf":"f.6EEA9E36D47CD0C072FE09BA509AC88B.d.207C23C52723C766730775980BFFF609.e.4137"},"getTitle",[]]}
RESULT: {"script":"<script> [6424 bytes]","args":[{"element-6066-11e4-a52e-4f735466cecf":"f.6EEA9E36D47CD0C072FE09BA509AC88B.d.207C23C52723C766730775980BFFF609.e.4137"},"getTitle",[]]}
RESULT: undefined
COMMAND: POST /session/4836453b402f92b7e9e81344a4aab013/element/f.6EEA9E36D47CD0C072FE09BA509AC88B.d.207C23C52723C766730775980BFFF609.e.3942/click - {}
COMMAND: POST /session/4836453b402f92b7e9e81344a4aab013/element - {"using":"xpath","value":"//*[@id=\"backBtn\"]"}
RESULT: {"using":"xpath","value":"//*[@id=\"backBtn\"]"}
COMMAND: POST /session/4836453b402f92b7e9e81344a4aab013/element/f.6EEA9E36D47CD0C072FE09BA509AC88B.d.207C23C52723C766730775980BFFF609.e.3942/click - {}
COMMAND: POST /session/4836453b402f92b7e9e81344a4aab013/element - {"using":"xpath","value":"//*[@id=\"backBtn\"]"}
RESULT: {"using":"xpath","value":"//*[@id=\"backBtn\"]"}
COMMAND: POST /session/4836453b402f92b7e9e81344a4aab013/element/f.6EEA9E36D47CD0C072FE09BA509AC88B.d.207C23C52723C766730775980BFFF609.e.4138/click - {}
RESULT: {}
COMMAND: GET /session/4836453b402f92b7e9e81344a4aab013/screenshot - {}
RESULT: {}
]]></system-out>
    </testcase>
    <testcase classname="chrome.136_0_7103_93.windows.Sanity_Tests_US104253" name="Should open Manage Logbook page" time="42.243">
      <system-out><![CDATA[
COMMAND: POST /session/4836453b402f92b7e9e81344a4aab013/execute/async - {"script":"<script> [1562 bytes]","args":[{"selector":{"controlType":"sap.m.GenericTile","properties":{"header":"Manage Logbook"}},"wdio_ui5_key":"sapm.GenericTile{\"header\":\"Manage Logbook\"}"}]}
RESULT: {"script":"<script> [1562 bytes]","args":[{"selector":{"controlType":"sap.m.GenericTile","properties":{"header":"Manage Logbook"}},"wdio_ui5_key":"sapm.GenericTile{\"header\":\"Manage Logbook\"}"}]}
RESULT: undefined
COMMAND: POST /session/4836453b402f92b7e9e81344a4aab013/element - {"using":"xpath","value":"//*[@id=\"__tile112\"]"}
RESULT: {"using":"xpath","value":"//*[@id=\"__tile112\"]"}
COMMAND: POST /session/4836453b402f92b7e9e81344a4aab013/element/f.6EEA9E36D47CD0C072FE09BA509AC88B.d.207C23C52723C766730775980BFFF609.e.4140/click - {}
RESULT: {}
COMMAND: GET /session/4836453b402f92b7e9e81344a4aab013/screenshot - {}
RESULT: {}
COMMAND: POST /session/4836453b402f92b7e9e81344a4aab013/elements - {"using":"xpath","value":"//span[text()='Error']"}
RESULT: {"using":"xpath","value":"//span[text()='Error']"}
RESULT: undefined
COMMAND: POST /session/4836453b402f92b7e9e81344a4aab013/element - {"using":"xpath","value":"//*[@id=\"__tile112\"]"}
RESULT: {"using":"xpath","value":"//*[@id=\"__tile112\"]"}
COMMAND: POST /session/4836453b402f92b7e9e81344a4aab013/element/f.6EEA9E36D47CD0C072FE09BA509AC88B.d.207C23C52723C766730775980BFFF609.e.4140/click - {}
RESULT: undefined
COMMAND: POST /session/4836453b402f92b7e9e81344a4aab013/element - {"using":"xpath","value":"//*[@id=\"__tile112\"]"}
RESULT: {"using":"xpath","value":"//*[@id=\"__tile112\"]"}
COMMAND: POST /session/4836453b402f92b7e9e81344a4aab013/element/f.6EEA9E36D47CD0C072FE09BA509AC88B.d.207C23C52723C766730775980BFFF609.e.4140/click - {}
RESULT: undefined
COMMAND: POST /session/4836453b402f92b7e9e81344a4aab013/execute/async - {"script":"<script> [6424 bytes]","args":[{"element-6066-11e4-a52e-4f735466cecf":"f.6EEA9E36D47CD0C072FE09BA509AC88B.d.207C23C52723C766730775980BFFF609.e.288"},"getTitle",[]]}
COMMAND: POST /session/4836453b402f92b7e9e81344a4aab013/execute/async - {"script":"<script> [1562 bytes]","args":[{"selector":{"id":"shellAppTitle"},"wdio_ui5_key":"shellAppTitle"}]}
RESULT: {"script":"<script> [1562 bytes]","args":[{"selector":{"id":"shellAppTitle"},"wdio_ui5_key":"shellAppTitle"}]}
COMMAND: POST /session/4836453b402f92b7e9e81344a4aab013/execute/async - {"script":"<script> [6424 bytes]","args":[{"element-6066-11e4-a52e-4f735466cecf":"f.6EEA9E36D47CD0C072FE09BA509AC88B.d.207C23C52723C766730775980BFFF609.e.4215"},"getTitle",[]]}
RESULT: {"script":"<script> [6424 bytes]","args":[{"element-6066-11e4-a52e-4f735466cecf":"f.6EEA9E36D47CD0C072FE09BA509AC88B.d.207C23C52723C766730775980BFFF609.e.4215"},"getTitle",[]]}
RESULT: undefined
COMMAND: POST /session/4836453b402f92b7e9e81344a4aab013/element/f.6EEA9E36D47CD0C072FE09BA509AC88B.d.207C23C52723C766730775980BFFF609.e.4138/click - {}
RESULT: {}
COMMAND: GET /session/4836453b402f92b7e9e81344a4aab013/screenshot - {}
RESULT: {}
]]></system-out>
    </testcase>
    <testcase classname="chrome.136_0_7103_93.windows.Sanity_Tests_US104253" name="Should open ISC Orders Calendar page" time="37.934">
      <system-out><![CDATA[
COMMAND: POST /session/4836453b402f92b7e9e81344a4aab013/execute/async - {"script":"<script> [1562 bytes]","args":[{"selector":{"controlType":"sap.m.GenericTile","properties":{"header":"ISC Orders Calendar"}},"wdio_ui5_key":"sapm.GenericTile{\"header\":\"ISC Orders Calendar\"}"}]}
RESULT: {"script":"<script> [1562 bytes]","args":[{"selector":{"controlType":"sap.m.GenericTile","properties":{"header":"ISC Orders Calendar"}},"wdio_ui5_key":"sapm.GenericTile{\"header\":\"ISC Orders Calendar\"}"}]}
RESULT: undefined
COMMAND: POST /session/4836453b402f92b7e9e81344a4aab013/element - {"using":"xpath","value":"//*[@id=\"__tile107\"]"}
RESULT: {"using":"xpath","value":"//*[@id=\"__tile107\"]"}
COMMAND: POST /session/4836453b402f92b7e9e81344a4aab013/element/f.6EEA9E36D47CD0C072FE09BA509AC88B.d.207C23C52723C766730775980BFFF609.e.4217/click - {}
RESULT: {}
COMMAND: GET /session/4836453b402f92b7e9e81344a4aab013/screenshot - {}
RESULT: {}
COMMAND: POST /session/4836453b402f92b7e9e81344a4aab013/elements - {"using":"xpath","value":"//span[text()='Error']"}
RESULT: {"using":"xpath","value":"//span[text()='Error']"}
RESULT: undefined
COMMAND: POST /session/4836453b402f92b7e9e81344a4aab013/element - {"using":"xpath","value":"//*[@id=\"__tile107\"]"}
RESULT: {"using":"xpath","value":"//*[@id=\"__tile107\"]"}
COMMAND: POST /session/4836453b402f92b7e9e81344a4aab013/element/f.6EEA9E36D47CD0C072FE09BA509AC88B.d.207C23C52723C766730775980BFFF609.e.4217/click - {}
RESULT: undefined
COMMAND: POST /session/4836453b402f92b7e9e81344a4aab013/element - {"using":"xpath","value":"//*[@id=\"__tile107\"]"}
RESULT: {"using":"xpath","value":"//*[@id=\"__tile107\"]"}
COMMAND: POST /session/4836453b402f92b7e9e81344a4aab013/element/f.6EEA9E36D47CD0C072FE09BA509AC88B.d.207C23C52723C766730775980BFFF609.e.4217/click - {}
RESULT: undefined
COMMAND: POST /session/4836453b402f92b7e9e81344a4aab013/execute/async - {"script":"<script> [6424 bytes]","args":[{"element-6066-11e4-a52e-4f735466cecf":"f.6EEA9E36D47CD0C072FE09BA509AC88B.d.207C23C52723C766730775980BFFF609.e.288"},"getTitle",[]]}
COMMAND: POST /session/4836453b402f92b7e9e81344a4aab013/execute/async - {"script":"<script> [1562 bytes]","args":[{"selector":{"id":"shellAppTitle"},"wdio_ui5_key":"shellAppTitle"}]}
RESULT: {"script":"<script> [1562 bytes]","args":[{"selector":{"id":"shellAppTitle"},"wdio_ui5_key":"shellAppTitle"}]}
COMMAND: POST /session/4836453b402f92b7e9e81344a4aab013/execute/async - {"script":"<script> [6424 bytes]","args":[{"element-6066-11e4-a52e-4f735466cecf":"f.6EEA9E36D47CD0C072FE09BA509AC88B.d.207C23C52723C766730775980BFFF609.e.4423"},"getTitle",[]]}
RESULT: {"script":"<script> [6424 bytes]","args":[{"element-6066-11e4-a52e-4f735466cecf":"f.6EEA9E36D47CD0C072FE09BA509AC88B.d.207C23C52723C766730775980BFFF609.e.4423"},"getTitle",[]]}
RESULT: undefined
COMMAND: POST /session/4836453b402f92b7e9e81344a4aab013/element/f.6EEA9E36D47CD0C072FE09BA509AC88B.d.207C23C52723C766730775980BFFF609.e.4138/click - {}
COMMAND: POST /session/4836453b402f92b7e9e81344a4aab013/element - {"using":"xpath","value":"//*[@id=\"backBtn\"]"}
RESULT: {"using":"xpath","value":"//*[@id=\"backBtn\"]"}
COMMAND: POST /session/4836453b402f92b7e9e81344a4aab013/element/f.6EEA9E36D47CD0C072FE09BA509AC88B.d.207C23C52723C766730775980BFFF609.e.4138/click - {}
COMMAND: POST /session/4836453b402f92b7e9e81344a4aab013/element - {"using":"xpath","value":"//*[@id=\"backBtn\"]"}
RESULT: {"using":"xpath","value":"//*[@id=\"backBtn\"]"}
COMMAND: POST /session/4836453b402f92b7e9e81344a4aab013/element/f.6EEA9E36D47CD0C072FE09BA509AC88B.d.207C23C52723C766730775980BFFF609.e.4424/click - {}
RESULT: {}
COMMAND: GET /session/4836453b402f92b7e9e81344a4aab013/screenshot - {}
RESULT: {}
]]></system-out>
    </testcase>
    <testcase classname="chrome.136_0_7103_93.windows.Sanity_Tests_US104253" name="Should open Configure System page" time="38.034">
      <system-out><![CDATA[
COMMAND: POST /session/4836453b402f92b7e9e81344a4aab013/execute/async - {"script":"<script> [1562 bytes]","args":[{"selector":{"controlType":"sap.m.GenericTile","properties":{"header":"Configure System"}},"wdio_ui5_key":"sapm.GenericTile{\"header\":\"Configure System\"}"}]}
RESULT: {"script":"<script> [1562 bytes]","args":[{"selector":{"controlType":"sap.m.GenericTile","properties":{"header":"Configure System"}},"wdio_ui5_key":"sapm.GenericTile{\"header\":\"Configure System\"}"}]}
RESULT: undefined
COMMAND: POST /session/4836453b402f92b7e9e81344a4aab013/element - {"using":"xpath","value":"//*[@id=\"__tile114\"]"}
RESULT: {"using":"xpath","value":"//*[@id=\"__tile114\"]"}
COMMAND: POST /session/4836453b402f92b7e9e81344a4aab013/element/f.6EEA9E36D47CD0C072FE09BA509AC88B.d.207C23C52723C766730775980BFFF609.e.4426/click - {}
RESULT: {}
COMMAND: GET /session/4836453b402f92b7e9e81344a4aab013/screenshot - {}
RESULT: {}
COMMAND: POST /session/4836453b402f92b7e9e81344a4aab013/elements - {"using":"xpath","value":"//span[text()='Error']"}
RESULT: {"using":"xpath","value":"//span[text()='Error']"}
RESULT: undefined
COMMAND: POST /session/4836453b402f92b7e9e81344a4aab013/element - {"using":"xpath","value":"//*[@id=\"__tile114\"]"}
RESULT: {"using":"xpath","value":"//*[@id=\"__tile114\"]"}
COMMAND: POST /session/4836453b402f92b7e9e81344a4aab013/element/f.6EEA9E36D47CD0C072FE09BA509AC88B.d.207C23C52723C766730775980BFFF609.e.4426/click - {}
RESULT: undefined
COMMAND: POST /session/4836453b402f92b7e9e81344a4aab013/element - {"using":"xpath","value":"//*[@id=\"__tile114\"]"}
RESULT: {"using":"xpath","value":"//*[@id=\"__tile114\"]"}
COMMAND: POST /session/4836453b402f92b7e9e81344a4aab013/element/f.6EEA9E36D47CD0C072FE09BA509AC88B.d.207C23C52723C766730775980BFFF609.e.4426/click - {}
RESULT: undefined
COMMAND: POST /session/4836453b402f92b7e9e81344a4aab013/execute/async - {"script":"<script> [6424 bytes]","args":[{"element-6066-11e4-a52e-4f735466cecf":"f.6EEA9E36D47CD0C072FE09BA509AC88B.d.207C23C52723C766730775980BFFF609.e.288"},"getTitle",[]]}
COMMAND: POST /session/4836453b402f92b7e9e81344a4aab013/execute/async - {"script":"<script> [1562 bytes]","args":[{"selector":{"id":"shellAppTitle"},"wdio_ui5_key":"shellAppTitle"}]}
RESULT: {"script":"<script> [1562 bytes]","args":[{"selector":{"id":"shellAppTitle"},"wdio_ui5_key":"shellAppTitle"}]}
COMMAND: POST /session/4836453b402f92b7e9e81344a4aab013/execute/async - {"script":"<script> [6424 bytes]","args":[{"element-6066-11e4-a52e-4f735466cecf":"f.6EEA9E36D47CD0C072FE09BA509AC88B.d.207C23C52723C766730775980BFFF609.e.4466"},"getTitle",[]]}
RESULT: {"script":"<script> [6424 bytes]","args":[{"element-6066-11e4-a52e-4f735466cecf":"f.6EEA9E36D47CD0C072FE09BA509AC88B.d.207C23C52723C766730775980BFFF609.e.4466"},"getTitle",[]]}
RESULT: undefined
COMMAND: POST /session/4836453b402f92b7e9e81344a4aab013/element/f.6EEA9E36D47CD0C072FE09BA509AC88B.d.207C23C52723C766730775980BFFF609.e.4424/click - {}
RESULT: {}
COMMAND: GET /session/4836453b402f92b7e9e81344a4aab013/screenshot - {}
RESULT: {}
]]></system-out>
    </testcase>
    <testcase classname="chrome.136_0_7103_93.windows.Sanity_Tests_US104253" name="Should open Manage Classifications page" time="38.251">
      <system-out><![CDATA[
COMMAND: POST /session/4836453b402f92b7e9e81344a4aab013/execute/async - {"script":"<script> [1562 bytes]","args":[{"selector":{"controlType":"sap.m.GenericTile","properties":{"header":"Manage Classifications"}},"wdio_ui5_key":"sapm.GenericTile{\"header\":\"Manage Classifications\"}"}]}
RESULT: {"script":"<script> [1562 bytes]","args":[{"selector":{"controlType":"sap.m.GenericTile","properties":{"header":"Manage Classifications"}},"wdio_ui5_key":"sapm.GenericTile{\"header\":\"Manage Classifications\"}"}]}
RESULT: undefined
COMMAND: POST /session/4836453b402f92b7e9e81344a4aab013/element - {"using":"xpath","value":"//*[@id=\"__tile115\"]"}
RESULT: {"using":"xpath","value":"//*[@id=\"__tile115\"]"}
COMMAND: POST /session/4836453b402f92b7e9e81344a4aab013/element/f.6EEA9E36D47CD0C072FE09BA509AC88B.d.207C23C52723C766730775980BFFF609.e.4470/click - {}
RESULT: {}
COMMAND: GET /session/4836453b402f92b7e9e81344a4aab013/screenshot - {}
RESULT: {}
COMMAND: POST /session/4836453b402f92b7e9e81344a4aab013/elements - {"using":"xpath","value":"//span[text()='Error']"}
RESULT: {"using":"xpath","value":"//span[text()='Error']"}
RESULT: undefined
COMMAND: POST /session/4836453b402f92b7e9e81344a4aab013/element - {"using":"xpath","value":"//*[@id=\"__tile115\"]"}
RESULT: {"using":"xpath","value":"//*[@id=\"__tile115\"]"}
COMMAND: POST /session/4836453b402f92b7e9e81344a4aab013/element/f.6EEA9E36D47CD0C072FE09BA509AC88B.d.207C23C52723C766730775980BFFF609.e.4470/click - {}
RESULT: undefined
COMMAND: POST /session/4836453b402f92b7e9e81344a4aab013/element - {"using":"xpath","value":"//*[@id=\"__tile115\"]"}
RESULT: {"using":"xpath","value":"//*[@id=\"__tile115\"]"}
COMMAND: POST /session/4836453b402f92b7e9e81344a4aab013/element/f.6EEA9E36D47CD0C072FE09BA509AC88B.d.207C23C52723C766730775980BFFF609.e.4470/click - {}
RESULT: undefined
COMMAND: POST /session/4836453b402f92b7e9e81344a4aab013/execute/async - {"script":"<script> [6424 bytes]","args":[{"element-6066-11e4-a52e-4f735466cecf":"f.6EEA9E36D47CD0C072FE09BA509AC88B.d.207C23C52723C766730775980BFFF609.e.288"},"getTitle",[]]}
COMMAND: POST /session/4836453b402f92b7e9e81344a4aab013/execute/async - {"script":"<script> [1562 bytes]","args":[{"selector":{"id":"shellAppTitle"},"wdio_ui5_key":"shellAppTitle"}]}
RESULT: {"script":"<script> [1562 bytes]","args":[{"selector":{"id":"shellAppTitle"},"wdio_ui5_key":"shellAppTitle"}]}
COMMAND: POST /session/4836453b402f92b7e9e81344a4aab013/execute/async - {"script":"<script> [6424 bytes]","args":[{"element-6066-11e4-a52e-4f735466cecf":"f.6EEA9E36D47CD0C072FE09BA509AC88B.d.207C23C52723C766730775980BFFF609.e.4691"},"getTitle",[]]}
RESULT: {"script":"<script> [6424 bytes]","args":[{"element-6066-11e4-a52e-4f735466cecf":"f.6EEA9E36D47CD0C072FE09BA509AC88B.d.207C23C52723C766730775980BFFF609.e.4691"},"getTitle",[]]}
RESULT: undefined
COMMAND: POST /session/4836453b402f92b7e9e81344a4aab013/element/f.6EEA9E36D47CD0C072FE09BA509AC88B.d.207C23C52723C766730775980BFFF609.e.4424/click - {}
COMMAND: POST /session/4836453b402f92b7e9e81344a4aab013/element - {"using":"xpath","value":"//*[@id=\"backBtn\"]"}
RESULT: {"using":"xpath","value":"//*[@id=\"backBtn\"]"}
COMMAND: POST /session/4836453b402f92b7e9e81344a4aab013/element/f.6EEA9E36D47CD0C072FE09BA509AC88B.d.207C23C52723C766730775980BFFF609.e.4424/click - {}
COMMAND: POST /session/4836453b402f92b7e9e81344a4aab013/element - {"using":"xpath","value":"//*[@id=\"backBtn\"]"}
RESULT: {"using":"xpath","value":"//*[@id=\"backBtn\"]"}
COMMAND: POST /session/4836453b402f92b7e9e81344a4aab013/element/f.6EEA9E36D47CD0C072FE09BA509AC88B.d.207C23C52723C766730775980BFFF609.e.4692/click - {}
RESULT: {}
COMMAND: GET /session/4836453b402f92b7e9e81344a4aab013/screenshot - {}
RESULT: {}
]]></system-out>
    </testcase>
    <testcase classname="chrome.136_0_7103_93.windows.Sanity_Tests_US104253" name="Should open Data Explorer page" time="39.296">
      <system-out><![CDATA[
COMMAND: POST /session/4836453b402f92b7e9e81344a4aab013/execute/async - {"script":"<script> [1562 bytes]","args":[{"selector":{"controlType":"sap.m.GenericTile","properties":{"header":"Data Explorer"}},"wdio_ui5_key":"sapm.GenericTile{\"header\":\"Data Explorer\"}"}]}
RESULT: {"script":"<script> [1562 bytes]","args":[{"selector":{"controlType":"sap.m.GenericTile","properties":{"header":"Data Explorer"}},"wdio_ui5_key":"sapm.GenericTile{\"header\":\"Data Explorer\"}"}]}
RESULT: undefined
COMMAND: POST /session/4836453b402f92b7e9e81344a4aab013/element - {"using":"xpath","value":"//*[@id=\"__tile117\"]"}
RESULT: {"using":"xpath","value":"//*[@id=\"__tile117\"]"}
COMMAND: POST /session/4836453b402f92b7e9e81344a4aab013/element/f.6EEA9E36D47CD0C072FE09BA509AC88B.d.207C23C52723C766730775980BFFF609.e.4694/click - {}
RESULT: {}
COMMAND: GET /session/4836453b402f92b7e9e81344a4aab013/screenshot - {}
RESULT: {}
COMMAND: POST /session/4836453b402f92b7e9e81344a4aab013/elements - {"using":"xpath","value":"//span[text()='Error']"}
RESULT: {"using":"xpath","value":"//span[text()='Error']"}
RESULT: undefined
COMMAND: POST /session/4836453b402f92b7e9e81344a4aab013/element - {"using":"xpath","value":"//*[@id=\"__tile117\"]"}
RESULT: {"using":"xpath","value":"//*[@id=\"__tile117\"]"}
COMMAND: POST /session/4836453b402f92b7e9e81344a4aab013/element/f.6EEA9E36D47CD0C072FE09BA509AC88B.d.207C23C52723C766730775980BFFF609.e.4694/click - {}
RESULT: undefined
COMMAND: POST /session/4836453b402f92b7e9e81344a4aab013/element - {"using":"xpath","value":"//*[@id=\"__tile117\"]"}
RESULT: {"using":"xpath","value":"//*[@id=\"__tile117\"]"}
COMMAND: POST /session/4836453b402f92b7e9e81344a4aab013/element/f.6EEA9E36D47CD0C072FE09BA509AC88B.d.207C23C52723C766730775980BFFF609.e.4694/click - {}
RESULT: undefined
COMMAND: POST /session/4836453b402f92b7e9e81344a4aab013/execute/async - {"script":"<script> [6424 bytes]","args":[{"element-6066-11e4-a52e-4f735466cecf":"f.6EEA9E36D47CD0C072FE09BA509AC88B.d.207C23C52723C766730775980BFFF609.e.288"},"getTitle",[]]}
COMMAND: POST /session/4836453b402f92b7e9e81344a4aab013/execute/async - {"script":"<script> [1562 bytes]","args":[{"selector":{"id":"shellAppTitle"},"wdio_ui5_key":"shellAppTitle"}]}
RESULT: {"script":"<script> [1562 bytes]","args":[{"selector":{"id":"shellAppTitle"},"wdio_ui5_key":"shellAppTitle"}]}
COMMAND: POST /session/4836453b402f92b7e9e81344a4aab013/execute/async - {"script":"<script> [6424 bytes]","args":[{"element-6066-11e4-a52e-4f735466cecf":"f.6EEA9E36D47CD0C072FE09BA509AC88B.d.207C23C52723C766730775980BFFF609.e.4866"},"getTitle",[]]}
RESULT: {"script":"<script> [6424 bytes]","args":[{"element-6066-11e4-a52e-4f735466cecf":"f.6EEA9E36D47CD0C072FE09BA509AC88B.d.207C23C52723C766730775980BFFF609.e.4866"},"getTitle",[]]}
RESULT: undefined
COMMAND: POST /session/4836453b402f92b7e9e81344a4aab013/element/f.6EEA9E36D47CD0C072FE09BA509AC88B.d.207C23C52723C766730775980BFFF609.e.4692/click - {}
RESULT: {}
COMMAND: GET /session/4836453b402f92b7e9e81344a4aab013/screenshot - {}
RESULT: {}
]]></system-out>
    </testcase>
    <testcase classname="chrome.136_0_7103_93.windows.Sanity_Tests_US104253" name="Should open Performance Monitor page" time="42.741">
      <system-out><![CDATA[
COMMAND: POST /session/4836453b402f92b7e9e81344a4aab013/execute/async - {"script":"<script> [1562 bytes]","args":[{"selector":{"controlType":"sap.m.GenericTile","properties":{"header":"Performance Monitor"}},"wdio_ui5_key":"sapm.GenericTile{\"header\":\"Performance Monitor\"}"}]}
RESULT: {"script":"<script> [1562 bytes]","args":[{"selector":{"controlType":"sap.m.GenericTile","properties":{"header":"Performance Monitor"}},"wdio_ui5_key":"sapm.GenericTile{\"header\":\"Performance Monitor\"}"}]}
RESULT: undefined
COMMAND: POST /session/4836453b402f92b7e9e81344a4aab013/element - {"using":"xpath","value":"//*[@id=\"__tile116\"]"}
RESULT: {"using":"xpath","value":"//*[@id=\"__tile116\"]"}
COMMAND: POST /session/4836453b402f92b7e9e81344a4aab013/element/f.6EEA9E36D47CD0C072FE09BA509AC88B.d.207C23C52723C766730775980BFFF609.e.4868/click - {}
RESULT: {}
COMMAND: GET /session/4836453b402f92b7e9e81344a4aab013/screenshot - {}
RESULT: {}
COMMAND: POST /session/4836453b402f92b7e9e81344a4aab013/elements - {"using":"xpath","value":"//span[text()='Error']"}
RESULT: {"using":"xpath","value":"//span[text()='Error']"}
RESULT: undefined
COMMAND: POST /session/4836453b402f92b7e9e81344a4aab013/element - {"using":"xpath","value":"//*[@id=\"__tile116\"]"}
RESULT: {"using":"xpath","value":"//*[@id=\"__tile116\"]"}
COMMAND: POST /session/4836453b402f92b7e9e81344a4aab013/element/f.6EEA9E36D47CD0C072FE09BA509AC88B.d.207C23C52723C766730775980BFFF609.e.4868/click - {}
RESULT: undefined
COMMAND: POST /session/4836453b402f92b7e9e81344a4aab013/element - {"using":"xpath","value":"//*[@id=\"__tile116\"]"}
RESULT: {"using":"xpath","value":"//*[@id=\"__tile116\"]"}
COMMAND: POST /session/4836453b402f92b7e9e81344a4aab013/element/f.6EEA9E36D47CD0C072FE09BA509AC88B.d.207C23C52723C766730775980BFFF609.e.4868/click - {}
RESULT: undefined
COMMAND: POST /session/4836453b402f92b7e9e81344a4aab013/execute/async - {"script":"<script> [6424 bytes]","args":[{"element-6066-11e4-a52e-4f735466cecf":"f.6EEA9E36D47CD0C072FE09BA509AC88B.d.207C23C52723C766730775980BFFF609.e.288"},"getTitle",[]]}
COMMAND: POST /session/4836453b402f92b7e9e81344a4aab013/execute/async - {"script":"<script> [1562 bytes]","args":[{"selector":{"id":"shellAppTitle"},"wdio_ui5_key":"shellAppTitle"}]}
RESULT: {"script":"<script> [1562 bytes]","args":[{"selector":{"id":"shellAppTitle"},"wdio_ui5_key":"shellAppTitle"}]}
COMMAND: POST /session/4836453b402f92b7e9e81344a4aab013/execute/async - {"script":"<script> [6424 bytes]","args":[{"element-6066-11e4-a52e-4f735466cecf":"f.6EEA9E36D47CD0C072FE09BA509AC88B.d.207C23C52723C766730775980BFFF609.e.4906"},"getTitle",[]]}
RESULT: {"script":"<script> [6424 bytes]","args":[{"element-6066-11e4-a52e-4f735466cecf":"f.6EEA9E36D47CD0C072FE09BA509AC88B.d.207C23C52723C766730775980BFFF609.e.4906"},"getTitle",[]]}
RESULT: undefined
COMMAND: POST /session/4836453b402f92b7e9e81344a4aab013/element/f.6EEA9E36D47CD0C072FE09BA509AC88B.d.207C23C52723C766730775980BFFF609.e.4692/click - {}
COMMAND: POST /session/4836453b402f92b7e9e81344a4aab013/element - {"using":"xpath","value":"//*[@id=\"backBtn\"]"}
RESULT: {"using":"xpath","value":"//*[@id=\"backBtn\"]"}
COMMAND: POST /session/4836453b402f92b7e9e81344a4aab013/element/f.6EEA9E36D47CD0C072FE09BA509AC88B.d.207C23C52723C766730775980BFFF609.e.4692/click - {}
COMMAND: POST /session/4836453b402f92b7e9e81344a4aab013/element - {"using":"xpath","value":"//*[@id=\"backBtn\"]"}
RESULT: {"using":"xpath","value":"//*[@id=\"backBtn\"]"}
COMMAND: POST /session/4836453b402f92b7e9e81344a4aab013/element/f.6EEA9E36D47CD0C072FE09BA509AC88B.d.207C23C52723C766730775980BFFF609.e.4907/click - {}
RESULT: {}
COMMAND: GET /session/4836453b402f92b7e9e81344a4aab013/screenshot - {}
RESULT: {}
]]></system-out>
    </testcase>
    <testcase classname="chrome.136_0_7103_93.windows.Sanity_Tests_US104253" name="Should open Organizational Model page" time="44.501">
      <system-out><![CDATA[
COMMAND: POST /session/4836453b402f92b7e9e81344a4aab013/execute/async - {"script":"<script> [1562 bytes]","args":[{"selector":{"controlType":"sap.m.GenericTile","properties":{"header":"Organizational Model"}},"wdio_ui5_key":"sapm.GenericTile{\"header\":\"Organizational Model\"}"}]}
RESULT: {"script":"<script> [1562 bytes]","args":[{"selector":{"controlType":"sap.m.GenericTile","properties":{"header":"Organizational Model"}},"wdio_ui5_key":"sapm.GenericTile{\"header\":\"Organizational Model\"}"}]}
RESULT: undefined
COMMAND: POST /session/4836453b402f92b7e9e81344a4aab013/element - {"using":"xpath","value":"//*[@id=\"__tile120\"]"}
RESULT: {"using":"xpath","value":"//*[@id=\"__tile120\"]"}
COMMAND: POST /session/4836453b402f92b7e9e81344a4aab013/element/f.6EEA9E36D47CD0C072FE09BA509AC88B.d.207C23C52723C766730775980BFFF609.e.4909/click - {}
RESULT: {}
COMMAND: GET /session/4836453b402f92b7e9e81344a4aab013/screenshot - {}
RESULT: {}
COMMAND: POST /session/4836453b402f92b7e9e81344a4aab013/elements - {"using":"xpath","value":"//span[text()='Error']"}
RESULT: {"using":"xpath","value":"//span[text()='Error']"}
RESULT: undefined
COMMAND: POST /session/4836453b402f92b7e9e81344a4aab013/element - {"using":"xpath","value":"//*[@id=\"__tile120\"]"}
RESULT: {"using":"xpath","value":"//*[@id=\"__tile120\"]"}
COMMAND: POST /session/4836453b402f92b7e9e81344a4aab013/element/f.6EEA9E36D47CD0C072FE09BA509AC88B.d.207C23C52723C766730775980BFFF609.e.4909/click - {}
RESULT: undefined
COMMAND: POST /session/4836453b402f92b7e9e81344a4aab013/element - {"using":"xpath","value":"//*[@id=\"__tile120\"]"}
RESULT: {"using":"xpath","value":"//*[@id=\"__tile120\"]"}
COMMAND: POST /session/4836453b402f92b7e9e81344a4aab013/element/f.6EEA9E36D47CD0C072FE09BA509AC88B.d.207C23C52723C766730775980BFFF609.e.4909/click - {}
RESULT: undefined
COMMAND: POST /session/4836453b402f92b7e9e81344a4aab013/execute/async - {"script":"<script> [6424 bytes]","args":[{"element-6066-11e4-a52e-4f735466cecf":"f.6EEA9E36D47CD0C072FE09BA509AC88B.d.207C23C52723C766730775980BFFF609.e.288"},"getTitle",[]]}
COMMAND: POST /session/4836453b402f92b7e9e81344a4aab013/execute/async - {"script":"<script> [1562 bytes]","args":[{"selector":{"id":"shellAppTitle"},"wdio_ui5_key":"shellAppTitle"}]}
RESULT: {"script":"<script> [1562 bytes]","args":[{"selector":{"id":"shellAppTitle"},"wdio_ui5_key":"shellAppTitle"}]}
COMMAND: POST /session/4836453b402f92b7e9e81344a4aab013/execute/async - {"script":"<script> [6424 bytes]","args":[{"element-6066-11e4-a52e-4f735466cecf":"f.6EEA9E36D47CD0C072FE09BA509AC88B.d.207C23C52723C766730775980BFFF609.e.4928"},"getTitle",[]]}
RESULT: {"script":"<script> [6424 bytes]","args":[{"element-6066-11e4-a52e-4f735466cecf":"f.6EEA9E36D47CD0C072FE09BA509AC88B.d.207C23C52723C766730775980BFFF609.e.4928"},"getTitle",[]]}
RESULT: undefined
COMMAND: POST /session/4836453b402f92b7e9e81344a4aab013/element/f.6EEA9E36D47CD0C072FE09BA509AC88B.d.207C23C52723C766730775980BFFF609.e.4907/click - {}
RESULT: {}
COMMAND: GET /session/4836453b402f92b7e9e81344a4aab013/screenshot - {}
RESULT: {}
]]></system-out>
    </testcase>
    <testcase classname="chrome.136_0_7103_93.windows.Sanity_Tests_US104253" name="Should open Manage Roles page" time="38.838">
      <system-out><![CDATA[
COMMAND: POST /session/4836453b402f92b7e9e81344a4aab013/execute/async - {"script":"<script> [1562 bytes]","args":[{"selector":{"controlType":"sap.m.GenericTile","properties":{"header":"Manage Roles"}},"wdio_ui5_key":"sapm.GenericTile{\"header\":\"Manage Roles\"}"}]}
RESULT: {"script":"<script> [1562 bytes]","args":[{"selector":{"controlType":"sap.m.GenericTile","properties":{"header":"Manage Roles"}},"wdio_ui5_key":"sapm.GenericTile{\"header\":\"Manage Roles\"}"}]}
RESULT: undefined
COMMAND: POST /session/4836453b402f92b7e9e81344a4aab013/element - {"using":"xpath","value":"//*[@id=\"__tile119\"]"}
RESULT: {"using":"xpath","value":"//*[@id=\"__tile119\"]"}
COMMAND: POST /session/4836453b402f92b7e9e81344a4aab013/element/f.6EEA9E36D47CD0C072FE09BA509AC88B.d.207C23C52723C766730775980BFFF609.e.4930/click - {}
RESULT: {}
COMMAND: GET /session/4836453b402f92b7e9e81344a4aab013/screenshot - {}
RESULT: {}
COMMAND: POST /session/4836453b402f92b7e9e81344a4aab013/elements - {"using":"xpath","value":"//span[text()='Error']"}
RESULT: {"using":"xpath","value":"//span[text()='Error']"}
RESULT: undefined
COMMAND: POST /session/4836453b402f92b7e9e81344a4aab013/element - {"using":"xpath","value":"//*[@id=\"__tile119\"]"}
RESULT: {"using":"xpath","value":"//*[@id=\"__tile119\"]"}
COMMAND: POST /session/4836453b402f92b7e9e81344a4aab013/element/f.6EEA9E36D47CD0C072FE09BA509AC88B.d.207C23C52723C766730775980BFFF609.e.4930/click - {}
RESULT: undefined
COMMAND: POST /session/4836453b402f92b7e9e81344a4aab013/element - {"using":"xpath","value":"//*[@id=\"__tile119\"]"}
RESULT: {"using":"xpath","value":"//*[@id=\"__tile119\"]"}
COMMAND: POST /session/4836453b402f92b7e9e81344a4aab013/element/f.6EEA9E36D47CD0C072FE09BA509AC88B.d.207C23C52723C766730775980BFFF609.e.4930/click - {}
RESULT: undefined
COMMAND: POST /session/4836453b402f92b7e9e81344a4aab013/execute/async - {"script":"<script> [6424 bytes]","args":[{"element-6066-11e4-a52e-4f735466cecf":"f.6EEA9E36D47CD0C072FE09BA509AC88B.d.207C23C52723C766730775980BFFF609.e.288"},"getTitle",[]]}
COMMAND: POST /session/4836453b402f92b7e9e81344a4aab013/execute/async - {"script":"<script> [1562 bytes]","args":[{"selector":{"id":"shellAppTitle"},"wdio_ui5_key":"shellAppTitle"}]}
RESULT: {"script":"<script> [1562 bytes]","args":[{"selector":{"id":"shellAppTitle"},"wdio_ui5_key":"shellAppTitle"}]}
COMMAND: POST /session/4836453b402f92b7e9e81344a4aab013/execute/async - {"script":"<script> [6424 bytes]","args":[{"element-6066-11e4-a52e-4f735466cecf":"f.6EEA9E36D47CD0C072FE09BA509AC88B.d.207C23C52723C766730775980BFFF609.e.4973"},"getTitle",[]]}
RESULT: {"script":"<script> [6424 bytes]","args":[{"element-6066-11e4-a52e-4f735466cecf":"f.6EEA9E36D47CD0C072FE09BA509AC88B.d.207C23C52723C766730775980BFFF609.e.4973"},"getTitle",[]]}
RESULT: undefined
COMMAND: POST /session/4836453b402f92b7e9e81344a4aab013/element/f.6EEA9E36D47CD0C072FE09BA509AC88B.d.207C23C52723C766730775980BFFF609.e.4907/click - {}
COMMAND: POST /session/4836453b402f92b7e9e81344a4aab013/element - {"using":"xpath","value":"//*[@id=\"backBtn\"]"}
RESULT: {"using":"xpath","value":"//*[@id=\"backBtn\"]"}
COMMAND: POST /session/4836453b402f92b7e9e81344a4aab013/element/f.6EEA9E36D47CD0C072FE09BA509AC88B.d.207C23C52723C766730775980BFFF609.e.4907/click - {}
COMMAND: POST /session/4836453b402f92b7e9e81344a4aab013/element - {"using":"xpath","value":"//*[@id=\"backBtn\"]"}
RESULT: {"using":"xpath","value":"//*[@id=\"backBtn\"]"}
COMMAND: POST /session/4836453b402f92b7e9e81344a4aab013/element/f.6EEA9E36D47CD0C072FE09BA509AC88B.d.207C23C52723C766730775980BFFF609.e.4974/click - {}
RESULT: {}
COMMAND: GET /session/4836453b402f92b7e9e81344a4aab013/screenshot - {}
RESULT: {}
]]></system-out>
    </testcase>
    <testcase classname="chrome.136_0_7103_93.windows.Sanity_Tests_US104253" name="Should open Authorization Tables page" time="36.707">
      <system-out><![CDATA[
COMMAND: POST /session/4836453b402f92b7e9e81344a4aab013/execute/async - {"script":"<script> [1562 bytes]","args":[{"selector":{"controlType":"sap.m.GenericTile","properties":{"header":"Authorization Tables"}},"wdio_ui5_key":"sapm.GenericTile{\"header\":\"Authorization Tables\"}"}]}
RESULT: {"script":"<script> [1562 bytes]","args":[{"selector":{"controlType":"sap.m.GenericTile","properties":{"header":"Authorization Tables"}},"wdio_ui5_key":"sapm.GenericTile{\"header\":\"Authorization Tables\"}"}]}
RESULT: undefined
COMMAND: POST /session/4836453b402f92b7e9e81344a4aab013/element - {"using":"xpath","value":"//*[@id=\"__tile118\"]"}
RESULT: {"using":"xpath","value":"//*[@id=\"__tile118\"]"}
COMMAND: POST /session/4836453b402f92b7e9e81344a4aab013/element/f.6EEA9E36D47CD0C072FE09BA509AC88B.d.207C23C52723C766730775980BFFF609.e.4976/click - {}
RESULT: {}
COMMAND: GET /session/4836453b402f92b7e9e81344a4aab013/screenshot - {}
RESULT: {}
COMMAND: POST /session/4836453b402f92b7e9e81344a4aab013/elements - {"using":"xpath","value":"//span[text()='Error']"}
RESULT: {"using":"xpath","value":"//span[text()='Error']"}
RESULT: undefined
COMMAND: POST /session/4836453b402f92b7e9e81344a4aab013/element - {"using":"xpath","value":"//*[@id=\"__tile118\"]"}
RESULT: {"using":"xpath","value":"//*[@id=\"__tile118\"]"}
COMMAND: POST /session/4836453b402f92b7e9e81344a4aab013/element/f.6EEA9E36D47CD0C072FE09BA509AC88B.d.207C23C52723C766730775980BFFF609.e.4976/click - {}
RESULT: undefined
COMMAND: POST /session/4836453b402f92b7e9e81344a4aab013/element - {"using":"xpath","value":"//*[@id=\"__tile118\"]"}
RESULT: {"using":"xpath","value":"//*[@id=\"__tile118\"]"}
COMMAND: POST /session/4836453b402f92b7e9e81344a4aab013/element/f.6EEA9E36D47CD0C072FE09BA509AC88B.d.207C23C52723C766730775980BFFF609.e.4976/click - {}
RESULT: undefined
COMMAND: POST /session/4836453b402f92b7e9e81344a4aab013/execute/async - {"script":"<script> [6424 bytes]","args":[{"element-6066-11e4-a52e-4f735466cecf":"f.6EEA9E36D47CD0C072FE09BA509AC88B.d.207C23C52723C766730775980BFFF609.e.288"},"getTitle",[]]}
COMMAND: POST /session/4836453b402f92b7e9e81344a4aab013/execute/async - {"script":"<script> [1562 bytes]","args":[{"selector":{"id":"shellAppTitle"},"wdio_ui5_key":"shellAppTitle"}]}
RESULT: {"script":"<script> [1562 bytes]","args":[{"selector":{"id":"shellAppTitle"},"wdio_ui5_key":"shellAppTitle"}]}
COMMAND: POST /session/4836453b402f92b7e9e81344a4aab013/execute/async - {"script":"<script> [6424 bytes]","args":[{"element-6066-11e4-a52e-4f735466cecf":"f.6EEA9E36D47CD0C072FE09BA509AC88B.d.207C23C52723C766730775980BFFF609.e.5040"},"getTitle",[]]}
RESULT: {"script":"<script> [6424 bytes]","args":[{"element-6066-11e4-a52e-4f735466cecf":"f.6EEA9E36D47CD0C072FE09BA509AC88B.d.207C23C52723C766730775980BFFF609.e.5040"},"getTitle",[]]}
RESULT: undefined
COMMAND: POST /session/4836453b402f92b7e9e81344a4aab013/element/f.6EEA9E36D47CD0C072FE09BA509AC88B.d.207C23C52723C766730775980BFFF609.e.4974/click - {}
RESULT: {}
COMMAND: GET /session/4836453b402f92b7e9e81344a4aab013/screenshot - {}
RESULT: {}
]]></system-out>
    </testcase>
    <testcase classname="chrome.136_0_7103_93.windows.Sanity_Tests_US104253" name="Should open User Maintenance page" time="38.293">
      <system-out><![CDATA[
COMMAND: POST /session/4836453b402f92b7e9e81344a4aab013/execute/async - {"script":"<script> [1562 bytes]","args":[{"selector":{"controlType":"sap.m.GenericTile","properties":{"header":"User Maintenance"}},"wdio_ui5_key":"sapm.GenericTile{\"header\":\"User Maintenance\"}"}]}
RESULT: {"script":"<script> [1562 bytes]","args":[{"selector":{"controlType":"sap.m.GenericTile","properties":{"header":"User Maintenance"}},"wdio_ui5_key":"sapm.GenericTile{\"header\":\"User Maintenance\"}"}]}
RESULT: undefined
COMMAND: POST /session/4836453b402f92b7e9e81344a4aab013/element - {"using":"xpath","value":"//*[@id=\"__tile121\"]"}
RESULT: {"using":"xpath","value":"//*[@id=\"__tile121\"]"}
COMMAND: POST /session/4836453b402f92b7e9e81344a4aab013/element/f.6EEA9E36D47CD0C072FE09BA509AC88B.d.207C23C52723C766730775980BFFF609.e.5042/click - {}
RESULT: {}
COMMAND: GET /session/4836453b402f92b7e9e81344a4aab013/screenshot - {}
RESULT: {}
COMMAND: POST /session/4836453b402f92b7e9e81344a4aab013/elements - {"using":"xpath","value":"//span[text()='Error']"}
RESULT: {"using":"xpath","value":"//span[text()='Error']"}
RESULT: undefined
COMMAND: POST /session/4836453b402f92b7e9e81344a4aab013/element - {"using":"xpath","value":"//*[@id=\"__tile121\"]"}
RESULT: {"using":"xpath","value":"//*[@id=\"__tile121\"]"}
COMMAND: POST /session/4836453b402f92b7e9e81344a4aab013/element/f.6EEA9E36D47CD0C072FE09BA509AC88B.d.207C23C52723C766730775980BFFF609.e.5042/click - {}
RESULT: undefined
COMMAND: POST /session/4836453b402f92b7e9e81344a4aab013/element - {"using":"xpath","value":"//*[@id=\"__tile121\"]"}
RESULT: {"using":"xpath","value":"//*[@id=\"__tile121\"]"}
COMMAND: POST /session/4836453b402f92b7e9e81344a4aab013/element/f.6EEA9E36D47CD0C072FE09BA509AC88B.d.207C23C52723C766730775980BFFF609.e.5042/click - {}
RESULT: undefined
COMMAND: POST /session/4836453b402f92b7e9e81344a4aab013/execute/async - {"script":"<script> [6424 bytes]","args":[{"element-6066-11e4-a52e-4f735466cecf":"f.6EEA9E36D47CD0C072FE09BA509AC88B.d.207C23C52723C766730775980BFFF609.e.288"},"getTitle",[]]}
COMMAND: POST /session/4836453b402f92b7e9e81344a4aab013/execute/async - {"script":"<script> [1562 bytes]","args":[{"selector":{"id":"shellAppTitle"},"wdio_ui5_key":"shellAppTitle"}]}
RESULT: {"script":"<script> [1562 bytes]","args":[{"selector":{"id":"shellAppTitle"},"wdio_ui5_key":"shellAppTitle"}]}
COMMAND: POST /session/4836453b402f92b7e9e81344a4aab013/execute/async - {"script":"<script> [6424 bytes]","args":[{"element-6066-11e4-a52e-4f735466cecf":"f.6EEA9E36D47CD0C072FE09BA509AC88B.d.207C23C52723C766730775980BFFF609.e.5134"},"getTitle",[]]}
RESULT: {"script":"<script> [6424 bytes]","args":[{"element-6066-11e4-a52e-4f735466cecf":"f.6EEA9E36D47CD0C072FE09BA509AC88B.d.207C23C52723C766730775980BFFF609.e.5134"},"getTitle",[]]}
RESULT: undefined
COMMAND: POST /session/4836453b402f92b7e9e81344a4aab013/element/f.6EEA9E36D47CD0C072FE09BA509AC88B.d.207C23C52723C766730775980BFFF609.e.4974/click - {}
COMMAND: POST /session/4836453b402f92b7e9e81344a4aab013/element - {"using":"xpath","value":"//*[@id=\"backBtn\"]"}
RESULT: {"using":"xpath","value":"//*[@id=\"backBtn\"]"}
COMMAND: POST /session/4836453b402f92b7e9e81344a4aab013/element/f.6EEA9E36D47CD0C072FE09BA509AC88B.d.207C23C52723C766730775980BFFF609.e.4974/click - {}
COMMAND: POST /session/4836453b402f92b7e9e81344a4aab013/element - {"using":"xpath","value":"//*[@id=\"backBtn\"]"}
RESULT: {"using":"xpath","value":"//*[@id=\"backBtn\"]"}
COMMAND: POST /session/4836453b402f92b7e9e81344a4aab013/element/f.6EEA9E36D47CD0C072FE09BA509AC88B.d.207C23C52723C766730775980BFFF609.e.5135/click - {}
RESULT: {}
COMMAND: GET /session/4836453b402f92b7e9e81344a4aab013/screenshot - {}
RESULT: {}
]]></system-out>
    </testcase>
    <testcase classname="chrome.136_0_7103_93.windows.Sanity_Tests_US104253" name="Should open Schedule Jobs page" time="37.073">
      <system-out><![CDATA[
COMMAND: POST /session/4836453b402f92b7e9e81344a4aab013/execute/async - {"script":"<script> [1562 bytes]","args":[{"selector":{"controlType":"sap.m.GenericTile","properties":{"header":"Schedule Jobs"}},"wdio_ui5_key":"sapm.GenericTile{\"header\":\"Schedule Jobs\"}"}]}
RESULT: {"script":"<script> [1562 bytes]","args":[{"selector":{"controlType":"sap.m.GenericTile","properties":{"header":"Schedule Jobs"}},"wdio_ui5_key":"sapm.GenericTile{\"header\":\"Schedule Jobs\"}"}]}
RESULT: undefined
COMMAND: POST /session/4836453b402f92b7e9e81344a4aab013/element - {"using":"xpath","value":"//*[@id=\"__tile127\"]"}
RESULT: {"using":"xpath","value":"//*[@id=\"__tile127\"]"}
COMMAND: POST /session/4836453b402f92b7e9e81344a4aab013/element/f.6EEA9E36D47CD0C072FE09BA509AC88B.d.207C23C52723C766730775980BFFF609.e.5139/click - {}
RESULT: {}
COMMAND: GET /session/4836453b402f92b7e9e81344a4aab013/screenshot - {}
RESULT: {}
COMMAND: POST /session/4836453b402f92b7e9e81344a4aab013/elements - {"using":"xpath","value":"//span[text()='Error']"}
RESULT: {"using":"xpath","value":"//span[text()='Error']"}
RESULT: undefined
COMMAND: POST /session/4836453b402f92b7e9e81344a4aab013/element - {"using":"xpath","value":"//*[@id=\"__tile127\"]"}
RESULT: {"using":"xpath","value":"//*[@id=\"__tile127\"]"}
COMMAND: POST /session/4836453b402f92b7e9e81344a4aab013/element/f.6EEA9E36D47CD0C072FE09BA509AC88B.d.207C23C52723C766730775980BFFF609.e.5139/click - {}
RESULT: undefined
COMMAND: POST /session/4836453b402f92b7e9e81344a4aab013/element - {"using":"xpath","value":"//*[@id=\"__tile127\"]"}
RESULT: {"using":"xpath","value":"//*[@id=\"__tile127\"]"}
COMMAND: POST /session/4836453b402f92b7e9e81344a4aab013/element/f.6EEA9E36D47CD0C072FE09BA509AC88B.d.207C23C52723C766730775980BFFF609.e.5139/click - {}
RESULT: undefined
COMMAND: POST /session/4836453b402f92b7e9e81344a4aab013/execute/async - {"script":"<script> [6424 bytes]","args":[{"element-6066-11e4-a52e-4f735466cecf":"f.6EEA9E36D47CD0C072FE09BA509AC88B.d.207C23C52723C766730775980BFFF609.e.288"},"getTitle",[]]}
COMMAND: POST /session/4836453b402f92b7e9e81344a4aab013/execute/async - {"script":"<script> [1562 bytes]","args":[{"selector":{"id":"shellAppTitle"},"wdio_ui5_key":"shellAppTitle"}]}
RESULT: {"script":"<script> [1562 bytes]","args":[{"selector":{"id":"shellAppTitle"},"wdio_ui5_key":"shellAppTitle"}]}
COMMAND: POST /session/4836453b402f92b7e9e81344a4aab013/execute/async - {"script":"<script> [6424 bytes]","args":[{"element-6066-11e4-a52e-4f735466cecf":"f.6EEA9E36D47CD0C072FE09BA509AC88B.d.207C23C52723C766730775980BFFF609.e.5184"},"getTitle",[]]}
RESULT: {"script":"<script> [6424 bytes]","args":[{"element-6066-11e4-a52e-4f735466cecf":"f.6EEA9E36D47CD0C072FE09BA509AC88B.d.207C23C52723C766730775980BFFF609.e.5184"},"getTitle",[]]}
RESULT: undefined
COMMAND: POST /session/4836453b402f92b7e9e81344a4aab013/element/f.6EEA9E36D47CD0C072FE09BA509AC88B.d.207C23C52723C766730775980BFFF609.e.5135/click - {}
COMMAND: POST /session/4836453b402f92b7e9e81344a4aab013/element/f.6EEA9E36D47CD0C072FE09BA509AC88B.d.207C23C52723C766730775980BFFF609.e.5135/click - {}
RESULT: {}
COMMAND: GET /session/4836453b402f92b7e9e81344a4aab013/screenshot - {}
COMMAND: POST /session/4836453b402f92b7e9e81344a4aab013/element - {"using":"xpath","value":"//*[@id=\"backBtn\"]"}
RESULT: {}
RESULT: {"using":"xpath","value":"//*[@id=\"backBtn\"]"}
COMMAND: POST /session/4836453b402f92b7e9e81344a4aab013/elements - {"using":"xpath","value":"//*[@id=\"backBtn\"]"}
RESULT: {"using":"xpath","value":"//*[@id=\"backBtn\"]"}
COMMAND: POST /session/4836453b402f92b7e9e81344a4aab013/elements - {"using":"xpath","value":"//*[@id=\"backBtn\"]"}
RESULT: {"using":"xpath","value":"//*[@id=\"backBtn\"]"}
COMMAND: POST /session/4836453b402f92b7e9e81344a4aab013/elements - {"using":"xpath","value":"//*[@id=\"backBtn\"]"}
RESULT: {"using":"xpath","value":"//*[@id=\"backBtn\"]"}
COMMAND: POST /session/4836453b402f92b7e9e81344a4aab013/elements - {"using":"xpath","value":"//*[@id=\"backBtn\"]"}
RESULT: {"using":"xpath","value":"//*[@id=\"backBtn\"]"}
COMMAND: POST /session/4836453b402f92b7e9e81344a4aab013/elements - {"using":"xpath","value":"//*[@id=\"backBtn\"]"}
RESULT: {"using":"xpath","value":"//*[@id=\"backBtn\"]"}
COMMAND: POST /session/4836453b402f92b7e9e81344a4aab013/elements - {"using":"xpath","value":"//*[@id=\"backBtn\"]"}
RESULT: {"using":"xpath","value":"//*[@id=\"backBtn\"]"}
COMMAND: POST /session/4836453b402f92b7e9e81344a4aab013/elements - {"using":"xpath","value":"//*[@id=\"backBtn\"]"}
RESULT: {"using":"xpath","value":"//*[@id=\"backBtn\"]"}
COMMAND: POST /session/4836453b402f92b7e9e81344a4aab013/elements - {"using":"xpath","value":"//*[@id=\"backBtn\"]"}
RESULT: {"using":"xpath","value":"//*[@id=\"backBtn\"]"}
COMMAND: POST /session/4836453b402f92b7e9e81344a4aab013/elements - {"using":"xpath","value":"//*[@id=\"backBtn\"]"}
RESULT: {"using":"xpath","value":"//*[@id=\"backBtn\"]"}
COMMAND: POST /session/4836453b402f92b7e9e81344a4aab013/elements - {"using":"xpath","value":"//*[@id=\"backBtn\"]"}
RESULT: {"using":"xpath","value":"//*[@id=\"backBtn\"]"}
COMMAND: POST /session/4836453b402f92b7e9e81344a4aab013/elements - {"using":"xpath","value":"//*[@id=\"backBtn\"]"}
RESULT: {"using":"xpath","value":"//*[@id=\"backBtn\"]"}
COMMAND: POST /session/4836453b402f92b7e9e81344a4aab013/elements - {"using":"xpath","value":"//*[@id=\"backBtn\"]"}
RESULT: {"using":"xpath","value":"//*[@id=\"backBtn\"]"}
COMMAND: POST /session/4836453b402f92b7e9e81344a4aab013/elements - {"using":"xpath","value":"//*[@id=\"backBtn\"]"}
RESULT: {"using":"xpath","value":"//*[@id=\"backBtn\"]"}
COMMAND: POST /session/4836453b402f92b7e9e81344a4aab013/elements - {"using":"xpath","value":"//*[@id=\"backBtn\"]"}
RESULT: {"using":"xpath","value":"//*[@id=\"backBtn\"]"}
COMMAND: POST /session/4836453b402f92b7e9e81344a4aab013/elements - {"using":"xpath","value":"//*[@id=\"backBtn\"]"}
RESULT: {"using":"xpath","value":"//*[@id=\"backBtn\"]"}
COMMAND: POST /session/4836453b402f92b7e9e81344a4aab013/elements - {"using":"xpath","value":"//*[@id=\"backBtn\"]"}
RESULT: {"using":"xpath","value":"//*[@id=\"backBtn\"]"}
COMMAND: POST /session/4836453b402f92b7e9e81344a4aab013/elements - {"using":"xpath","value":"//*[@id=\"backBtn\"]"}
RESULT: {"using":"xpath","value":"//*[@id=\"backBtn\"]"}
COMMAND: POST /session/4836453b402f92b7e9e81344a4aab013/elements - {"using":"xpath","value":"//*[@id=\"backBtn\"]"}
RESULT: {"using":"xpath","value":"//*[@id=\"backBtn\"]"}
COMMAND: POST /session/4836453b402f92b7e9e81344a4aab013/elements - {"using":"xpath","value":"//*[@id=\"backBtn\"]"}
RESULT: {"using":"xpath","value":"//*[@id=\"backBtn\"]"}
]]></system-out>
    </testcase>
    <testcase classname="chrome.136_0_7103_93.windows.Sanity_Tests_US104253" name="Should open Jobs Setup page" time="37.308">
      <system-out><![CDATA[
COMMAND: POST /session/4836453b402f92b7e9e81344a4aab013/execute/async - {"script":"<script> [1562 bytes]","args":[{"selector":{"controlType":"sap.m.GenericTile","properties":{"header":"Jobs Setup"}},"wdio_ui5_key":"sapm.GenericTile{\"header\":\"Jobs Setup\"}"}]}
COMMAND: POST /session/4836453b402f92b7e9e81344a4aab013/elements - {"using":"xpath","value":"//*[@id=\"backBtn\"]"}
RESULT: {"script":"<script> [1562 bytes]","args":[{"selector":{"controlType":"sap.m.GenericTile","properties":{"header":"Jobs Setup"}},"wdio_ui5_key":"sapm.GenericTile{\"header\":\"Jobs Setup\"}"}]}
RESULT: undefined
COMMAND: POST /session/4836453b402f92b7e9e81344a4aab013/element - {"using":"xpath","value":"//*[@id=\"__tile128\"]"}
RESULT: {"using":"xpath","value":"//*[@id=\"backBtn\"]"}
RESULT: {"using":"xpath","value":"//*[@id=\"__tile128\"]"}
COMMAND: POST /session/4836453b402f92b7e9e81344a4aab013/element/f.6EEA9E36D47CD0C072FE09BA509AC88B.d.207C23C52723C766730775980BFFF609.e.5186/click - {}
COMMAND: POST /session/4836453b402f92b7e9e81344a4aab013/elements - {"using":"xpath","value":"//*[@id=\"backBtn\"]"}
RESULT: {}
COMMAND: GET /session/4836453b402f92b7e9e81344a4aab013/screenshot - {}
RESULT: {"using":"xpath","value":"//*[@id=\"backBtn\"]"}
RESULT: {}
COMMAND: POST /session/4836453b402f92b7e9e81344a4aab013/elements - {"using":"xpath","value":"//*[@id=\"backBtn\"]"}
RESULT: {"using":"xpath","value":"//*[@id=\"backBtn\"]"}
COMMAND: POST /session/4836453b402f92b7e9e81344a4aab013/element - {"using":"xpath","value":"//*[@id=\"backBtn\"]"}
RESULT: {"using":"xpath","value":"//*[@id=\"backBtn\"]"}
COMMAND: POST /session/4836453b402f92b7e9e81344a4aab013/element/f.6EEA9E36D47CD0C072FE09BA509AC88B.d.207C23C52723C766730775980BFFF609.e.5135/click - {}
COMMAND: POST /session/4836453b402f92b7e9e81344a4aab013/element - {"using":"xpath","value":"//*[@id=\"backBtn\"]"}
RESULT: {"using":"xpath","value":"//*[@id=\"backBtn\"]"}
COMMAND: POST /session/4836453b402f92b7e9e81344a4aab013/element/f.6EEA9E36D47CD0C072FE09BA509AC88B.d.207C23C52723C766730775980BFFF609.e.5247/click - {}
RESULT: {}
COMMAND: GET /session/4836453b402f92b7e9e81344a4aab013/screenshot - {}
RESULT: {}
COMMAND: POST /session/4836453b402f92b7e9e81344a4aab013/elements - {"using":"xpath","value":"//span[text()='Error']"}
RESULT: {"using":"xpath","value":"//span[text()='Error']"}
RESULT: undefined
COMMAND: POST /session/4836453b402f92b7e9e81344a4aab013/element - {"using":"xpath","value":"//*[@id=\"__tile128\"]"}
RESULT: {"using":"xpath","value":"//*[@id=\"__tile128\"]"}
COMMAND: POST /session/4836453b402f92b7e9e81344a4aab013/element/f.6EEA9E36D47CD0C072FE09BA509AC88B.d.207C23C52723C766730775980BFFF609.e.5186/click - {}
RESULT: undefined
COMMAND: POST /session/4836453b402f92b7e9e81344a4aab013/element - {"using":"xpath","value":"//*[@id=\"__tile128\"]"}
RESULT: {"using":"xpath","value":"//*[@id=\"__tile128\"]"}
COMMAND: POST /session/4836453b402f92b7e9e81344a4aab013/element/f.6EEA9E36D47CD0C072FE09BA509AC88B.d.207C23C52723C766730775980BFFF609.e.5186/click - {}
RESULT: undefined
COMMAND: POST /session/4836453b402f92b7e9e81344a4aab013/execute/async - {"script":"<script> [6424 bytes]","args":[{"element-6066-11e4-a52e-4f735466cecf":"f.6EEA9E36D47CD0C072FE09BA509AC88B.d.207C23C52723C766730775980BFFF609.e.288"},"getTitle",[]]}
COMMAND: POST /session/4836453b402f92b7e9e81344a4aab013/execute/async - {"script":"<script> [1562 bytes]","args":[{"selector":{"id":"shellAppTitle"},"wdio_ui5_key":"shellAppTitle"}]}
RESULT: {"script":"<script> [1562 bytes]","args":[{"selector":{"id":"shellAppTitle"},"wdio_ui5_key":"shellAppTitle"}]}
COMMAND: POST /session/4836453b402f92b7e9e81344a4aab013/execute/async - {"script":"<script> [6424 bytes]","args":[{"element-6066-11e4-a52e-4f735466cecf":"f.6EEA9E36D47CD0C072FE09BA509AC88B.d.207C23C52723C766730775980BFFF609.e.5275"},"getTitle",[]]}
RESULT: {"script":"<script> [6424 bytes]","args":[{"element-6066-11e4-a52e-4f735466cecf":"f.6EEA9E36D47CD0C072FE09BA509AC88B.d.207C23C52723C766730775980BFFF609.e.5275"},"getTitle",[]]}
RESULT: undefined
COMMAND: POST /session/4836453b402f92b7e9e81344a4aab013/element/f.6EEA9E36D47CD0C072FE09BA509AC88B.d.207C23C52723C766730775980BFFF609.e.5247/click - {}
COMMAND: POST /session/4836453b402f92b7e9e81344a4aab013/element/f.6EEA9E36D47CD0C072FE09BA509AC88B.d.207C23C52723C766730775980BFFF609.e.5247/click - {}
RESULT: {}
COMMAND: GET /session/4836453b402f92b7e9e81344a4aab013/screenshot - {}
RESULT: {}
COMMAND: GET /session/4836453b402f92b7e9e81344a4aab013/screenshot - {}
RESULT: {}
RESULT: {}
]]></system-out>
    </testcase>
    <testcase classname="chrome.136_0_7103_93.windows.Sanity_Tests_US104253" name="Should open Target Systems Configuration page" time="36.184">
      <system-out><![CDATA[
COMMAND: POST /session/4836453b402f92b7e9e81344a4aab013/execute/async - {"script":"<script> [1562 bytes]","args":[{"selector":{"controlType":"sap.m.GenericTile","properties":{"header":"Target Systems Configuration"}},"wdio_ui5_key":"sapm.GenericTile{\"header\":\"Target Systems Configuration\"}"}]}
RESULT: {"script":"<script> [1562 bytes]","args":[{"selector":{"controlType":"sap.m.GenericTile","properties":{"header":"Target Systems Configuration"}},"wdio_ui5_key":"sapm.GenericTile{\"header\":\"Target Systems Configuration\"}"}]}
RESULT: undefined
COMMAND: POST /session/4836453b402f92b7e9e81344a4aab013/element - {"using":"xpath","value":"//*[@id=\"__tile129\"]"}
RESULT: {"using":"xpath","value":"//*[@id=\"__tile129\"]"}
COMMAND: POST /session/4836453b402f92b7e9e81344a4aab013/element/f.6EEA9E36D47CD0C072FE09BA509AC88B.d.207C23C52723C766730775980BFFF609.e.5277/click - {}
RESULT: {}
COMMAND: GET /session/4836453b402f92b7e9e81344a4aab013/screenshot - {}
RESULT: {}
COMMAND: POST /session/4836453b402f92b7e9e81344a4aab013/elements - {"using":"xpath","value":"//span[text()='Error']"}
RESULT: {"using":"xpath","value":"//span[text()='Error']"}
RESULT: undefined
COMMAND: POST /session/4836453b402f92b7e9e81344a4aab013/element - {"using":"xpath","value":"//*[@id=\"__tile129\"]"}
RESULT: {"using":"xpath","value":"//*[@id=\"__tile129\"]"}
COMMAND: POST /session/4836453b402f92b7e9e81344a4aab013/element/f.6EEA9E36D47CD0C072FE09BA509AC88B.d.207C23C52723C766730775980BFFF609.e.5277/click - {}
RESULT: undefined
COMMAND: POST /session/4836453b402f92b7e9e81344a4aab013/element - {"using":"xpath","value":"//*[@id=\"__tile129\"]"}
RESULT: {"using":"xpath","value":"//*[@id=\"__tile129\"]"}
COMMAND: POST /session/4836453b402f92b7e9e81344a4aab013/element/f.6EEA9E36D47CD0C072FE09BA509AC88B.d.207C23C52723C766730775980BFFF609.e.5277/click - {}
RESULT: undefined
COMMAND: POST /session/4836453b402f92b7e9e81344a4aab013/execute/async - {"script":"<script> [6424 bytes]","args":[{"element-6066-11e4-a52e-4f735466cecf":"f.6EEA9E36D47CD0C072FE09BA509AC88B.d.207C23C52723C766730775980BFFF609.e.288"},"getTitle",[]]}
COMMAND: POST /session/4836453b402f92b7e9e81344a4aab013/execute/async - {"script":"<script> [1562 bytes]","args":[{"selector":{"id":"shellAppTitle"},"wdio_ui5_key":"shellAppTitle"}]}
RESULT: {"script":"<script> [1562 bytes]","args":[{"selector":{"id":"shellAppTitle"},"wdio_ui5_key":"shellAppTitle"}]}
COMMAND: POST /session/4836453b402f92b7e9e81344a4aab013/execute/async - {"script":"<script> [6424 bytes]","args":[{"element-6066-11e4-a52e-4f735466cecf":"f.6EEA9E36D47CD0C072FE09BA509AC88B.d.207C23C52723C766730775980BFFF609.e.5366"},"getTitle",[]]}
RESULT: {"script":"<script> [6424 bytes]","args":[{"element-6066-11e4-a52e-4f735466cecf":"f.6EEA9E36D47CD0C072FE09BA509AC88B.d.207C23C52723C766730775980BFFF609.e.5366"},"getTitle",[]]}
RESULT: undefined
COMMAND: POST /session/4836453b402f92b7e9e81344a4aab013/element/f.6EEA9E36D47CD0C072FE09BA509AC88B.d.207C23C52723C766730775980BFFF609.e.5247/click - {}
COMMAND: POST /session/4836453b402f92b7e9e81344a4aab013/element/f.6EEA9E36D47CD0C072FE09BA509AC88B.d.207C23C52723C766730775980BFFF609.e.5247/click - {}
RESULT: {}
COMMAND: GET /session/4836453b402f92b7e9e81344a4aab013/screenshot - {}
COMMAND: POST /session/4836453b402f92b7e9e81344a4aab013/element - {"using":"xpath","value":"//*[@id=\"backBtn\"]"}
RESULT: {}
RESULT: {"using":"xpath","value":"//*[@id=\"backBtn\"]"}
COMMAND: POST /session/4836453b402f92b7e9e81344a4aab013/elements - {"using":"xpath","value":"//*[@id=\"backBtn\"]"}
RESULT: {"using":"xpath","value":"//*[@id=\"backBtn\"]"}
COMMAND: POST /session/4836453b402f92b7e9e81344a4aab013/elements - {"using":"xpath","value":"//*[@id=\"backBtn\"]"}
RESULT: {"using":"xpath","value":"//*[@id=\"backBtn\"]"}
COMMAND: POST /session/4836453b402f92b7e9e81344a4aab013/elements - {"using":"xpath","value":"//*[@id=\"backBtn\"]"}
RESULT: {"using":"xpath","value":"//*[@id=\"backBtn\"]"}
COMMAND: POST /session/4836453b402f92b7e9e81344a4aab013/elements - {"using":"xpath","value":"//*[@id=\"backBtn\"]"}
RESULT: {"using":"xpath","value":"//*[@id=\"backBtn\"]"}
COMMAND: POST /session/4836453b402f92b7e9e81344a4aab013/elements - {"using":"xpath","value":"//*[@id=\"backBtn\"]"}
RESULT: {"using":"xpath","value":"//*[@id=\"backBtn\"]"}
COMMAND: POST /session/4836453b402f92b7e9e81344a4aab013/elements - {"using":"xpath","value":"//*[@id=\"backBtn\"]"}
RESULT: {"using":"xpath","value":"//*[@id=\"backBtn\"]"}
COMMAND: POST /session/4836453b402f92b7e9e81344a4aab013/elements - {"using":"xpath","value":"//*[@id=\"backBtn\"]"}
RESULT: {"using":"xpath","value":"//*[@id=\"backBtn\"]"}
COMMAND: POST /session/4836453b402f92b7e9e81344a4aab013/elements - {"using":"xpath","value":"//*[@id=\"backBtn\"]"}
RESULT: {"using":"xpath","value":"//*[@id=\"backBtn\"]"}
COMMAND: POST /session/4836453b402f92b7e9e81344a4aab013/elements - {"using":"xpath","value":"//*[@id=\"backBtn\"]"}
RESULT: {"using":"xpath","value":"//*[@id=\"backBtn\"]"}
COMMAND: POST /session/4836453b402f92b7e9e81344a4aab013/elements - {"using":"xpath","value":"//*[@id=\"backBtn\"]"}
RESULT: {"using":"xpath","value":"//*[@id=\"backBtn\"]"}
COMMAND: POST /session/4836453b402f92b7e9e81344a4aab013/elements - {"using":"xpath","value":"//*[@id=\"backBtn\"]"}
RESULT: {"using":"xpath","value":"//*[@id=\"backBtn\"]"}
COMMAND: POST /session/4836453b402f92b7e9e81344a4aab013/elements - {"using":"xpath","value":"//*[@id=\"backBtn\"]"}
RESULT: {"using":"xpath","value":"//*[@id=\"backBtn\"]"}
COMMAND: POST /session/4836453b402f92b7e9e81344a4aab013/elements - {"using":"xpath","value":"//*[@id=\"backBtn\"]"}
RESULT: {"using":"xpath","value":"//*[@id=\"backBtn\"]"}
COMMAND: POST /session/4836453b402f92b7e9e81344a4aab013/elements - {"using":"xpath","value":"//*[@id=\"backBtn\"]"}
RESULT: {"using":"xpath","value":"//*[@id=\"backBtn\"]"}
COMMAND: POST /session/4836453b402f92b7e9e81344a4aab013/elements - {"using":"xpath","value":"//*[@id=\"backBtn\"]"}
RESULT: {"using":"xpath","value":"//*[@id=\"backBtn\"]"}
COMMAND: POST /session/4836453b402f92b7e9e81344a4aab013/elements - {"using":"xpath","value":"//*[@id=\"backBtn\"]"}
RESULT: {"using":"xpath","value":"//*[@id=\"backBtn\"]"}
COMMAND: POST /session/4836453b402f92b7e9e81344a4aab013/elements - {"using":"xpath","value":"//*[@id=\"backBtn\"]"}
RESULT: {"using":"xpath","value":"//*[@id=\"backBtn\"]"}
COMMAND: POST /session/4836453b402f92b7e9e81344a4aab013/elements - {"using":"xpath","value":"//*[@id=\"backBtn\"]"}
RESULT: {"using":"xpath","value":"//*[@id=\"backBtn\"]"}
COMMAND: POST /session/4836453b402f92b7e9e81344a4aab013/elements - {"using":"xpath","value":"//*[@id=\"backBtn\"]"}
RESULT: {"using":"xpath","value":"//*[@id=\"backBtn\"]"}
COMMAND: POST /session/4836453b402f92b7e9e81344a4aab013/elements - {"using":"xpath","value":"//*[@id=\"backBtn\"]"}
RESULT: {"using":"xpath","value":"//*[@id=\"backBtn\"]"}
COMMAND: POST /session/4836453b402f92b7e9e81344a4aab013/elements - {"using":"xpath","value":"//*[@id=\"backBtn\"]"}
RESULT: {"using":"xpath","value":"//*[@id=\"backBtn\"]"}
COMMAND: POST /session/4836453b402f92b7e9e81344a4aab013/elements - {"using":"xpath","value":"//*[@id=\"backBtn\"]"}
RESULT: {"using":"xpath","value":"//*[@id=\"backBtn\"]"}
COMMAND: POST /session/4836453b402f92b7e9e81344a4aab013/elements - {"using":"xpath","value":"//*[@id=\"backBtn\"]"}
RESULT: {"using":"xpath","value":"//*[@id=\"backBtn\"]"}
COMMAND: POST /session/4836453b402f92b7e9e81344a4aab013/elements - {"using":"xpath","value":"//*[@id=\"backBtn\"]"}
RESULT: {"using":"xpath","value":"//*[@id=\"backBtn\"]"}
COMMAND: POST /session/4836453b402f92b7e9e81344a4aab013/elements - {"using":"xpath","value":"//*[@id=\"backBtn\"]"}
RESULT: {"using":"xpath","value":"//*[@id=\"backBtn\"]"}
COMMAND: POST /session/4836453b402f92b7e9e81344a4aab013/elements - {"using":"xpath","value":"//*[@id=\"backBtn\"]"}
RESULT: {"using":"xpath","value":"//*[@id=\"backBtn\"]"}
COMMAND: POST /session/4836453b402f92b7e9e81344a4aab013/elements - {"using":"xpath","value":"//*[@id=\"backBtn\"]"}
RESULT: {"using":"xpath","value":"//*[@id=\"backBtn\"]"}
COMMAND: POST /session/4836453b402f92b7e9e81344a4aab013/elements - {"using":"xpath","value":"//*[@id=\"backBtn\"]"}
RESULT: {"using":"xpath","value":"//*[@id=\"backBtn\"]"}
COMMAND: POST /session/4836453b402f92b7e9e81344a4aab013/elements - {"using":"xpath","value":"//*[@id=\"backBtn\"]"}
RESULT: {"using":"xpath","value":"//*[@id=\"backBtn\"]"}
COMMAND: POST /session/4836453b402f92b7e9e81344a4aab013/elements - {"using":"xpath","value":"//*[@id=\"backBtn\"]"}
RESULT: {"using":"xpath","value":"//*[@id=\"backBtn\"]"}
COMMAND: POST /session/4836453b402f92b7e9e81344a4aab013/elements - {"using":"xpath","value":"//*[@id=\"backBtn\"]"}
RESULT: {"using":"xpath","value":"//*[@id=\"backBtn\"]"}
COMMAND: POST /session/4836453b402f92b7e9e81344a4aab013/elements - {"using":"xpath","value":"//*[@id=\"backBtn\"]"}
RESULT: {"using":"xpath","value":"//*[@id=\"backBtn\"]"}
COMMAND: POST /session/4836453b402f92b7e9e81344a4aab013/elements - {"using":"xpath","value":"//*[@id=\"backBtn\"]"}
RESULT: {"using":"xpath","value":"//*[@id=\"backBtn\"]"}
COMMAND: POST /session/4836453b402f92b7e9e81344a4aab013/elements - {"using":"xpath","value":"//*[@id=\"backBtn\"]"}
COMMAND: DELETE /session/4836453b402f92b7e9e81344a4aab013 - {}
RESULT: {"using":"xpath","value":"//*[@id=\"backBtn\"]"}
COMMAND: POST /session/4836453b402f92b7e9e81344a4aab013/elements - {"using":"xpath","value":"//*[@id=\"backBtn\"]"}
RESULT: {}
]]></system-out>
    </testcase>
  </testsuite>
</testsuites>