<?xml version="1.0" encoding="UTF-8"?>
<testsuites tests="24" failures="0" errors="0" skipped="0">
  <testsuite timestamp="2025-06-13T15:36:32" time="659.468" tests="5" failures="0" errors="0" skipped="0">
    <properties>
      <property name="specId" value="0"/>
      <property name="suiteName" value="Manage Requests Tags Tests US120163"/>
      <property name="capabilities" value="chrome.137_0_7151_69.windows"/>
      <property name="file" value="file:///D:/a/1/s/test/specs/R2C/create-request-Tags.spec.js"/>
    </properties>
    <testcase classname="chrome.137_0_7151_69.windows.Manage_Requests_Tags_Tests_US120163" name="Should create a new yard" time="126.636">
      <system-out><![CDATA[
COMMAND: POST /session/764ef295c8f44d2e14b184d73c4fb1a3/execute/async - {"script":"<script> [1562 bytes]","args":[{"selector":{"controlType":"sap.m.GenericTile","properties":{"header":"Manage Yards"}},"wdio_ui5_key":"sapm.GenericTile{\"header\":\"Manage Yards\"}"}]}
RESULT: {"script":"<script> [1562 bytes]","args":[{"selector":{"controlType":"sap.m.GenericTile","properties":{"header":"Manage Yards"}},"wdio_ui5_key":"sapm.GenericTile{\"header\":\"Manage Yards\"}"}]}
RESULT: undefined
COMMAND: POST /session/764ef295c8f44d2e14b184d73c4fb1a3/element - {"using":"xpath","value":"//*[@id=\"__tile42\"]"}
RESULT: {"using":"xpath","value":"//*[@id=\"__tile42\"]"}
COMMAND: POST /session/764ef295c8f44d2e14b184d73c4fb1a3/element/f.809832546CBCDBCC14053EE8D21219E9.d.E19186B4DEAE9C70FB22804D9663CACC.e.121/click - {}
RESULT: {}
COMMAND: GET /session/764ef295c8f44d2e14b184d73c4fb1a3/screenshot - {}
RESULT: {}
COMMAND: POST /session/764ef295c8f44d2e14b184d73c4fb1a3/elements - {"using":"xpath","value":"//span[text()='Error']"}
RESULT: {"using":"xpath","value":"//span[text()='Error']"}
COMMAND: POST /session/764ef295c8f44d2e14b184d73c4fb1a3/execute/async - {"script":"<script> [1562 bytes]","args":[{"selector":{"controlType":"sap.ui.core.Icon","viewName":"etm.portal.ui.manageyards.view.Master","viewId":"application-manageyards-display-component---masterYard","properties":{"src":{"regex":{"source":"add"}}}},"wdio_ui5_key":"etmportal.ui.manageyards.view.Mastersap.ui.core.Icon{\"src\":{\"regex\":{\"source\":\"add\"}}}"}]}
RESULT: {"script":"<script> [1562 bytes]","args":[{"selector":{"controlType":"sap.ui.core.Icon","viewName":"etm.portal.ui.manageyards.view.Master","viewId":"application-manageyards-display-component---masterYard","properties":{"src":{"regex":{"source":"add"}}}},"wdio_ui5_key":"etmportal.ui.manageyards.view.Mastersap.ui.core.Icon{\"src\":{\"regex\":{\"source\":\"add\"}}}"}]}
RESULT: undefined
COMMAND: POST /session/764ef295c8f44d2e14b184d73c4fb1a3/element - {"using":"xpath","value":"//*[@id=\"__button4-img\"]"}
RESULT: {"using":"xpath","value":"//*[@id=\"__button4-img\"]"}
COMMAND: POST /session/764ef295c8f44d2e14b184d73c4fb1a3/element/f.809832546CBCDBCC14053EE8D21219E9.d.E19186B4DEAE9C70FB22804D9663CACC.e.169/click - {}
RESULT: {}
COMMAND: GET /session/764ef295c8f44d2e14b184d73c4fb1a3/screenshot - {}
RESULT: {}
COMMAND: POST /session/764ef295c8f44d2e14b184d73c4fb1a3/execute/async - {"script":"<script> [1562 bytes]","args":[{"selector":{"id":"application-manageyards-display-component---NewYard--yardId","interaction":{"idSuffix":"inner"}},"wdio_ui5_key":"applicationmanageyards-display-component---NewYard--yardId"}]}
RESULT: {"script":"<script> [1562 bytes]","args":[{"selector":{"id":"application-manageyards-display-component---NewYard--yardId","interaction":{"idSuffix":"inner"}},"wdio_ui5_key":"applicationmanageyards-display-component---NewYard--yardId"}]}
RESULT: undefined
COMMAND: POST /session/764ef295c8f44d2e14b184d73c4fb1a3/element - {"using":"xpath","value":"//*[@id=\"application-manageyards-display-component---NewYard--addressDetailDetailsName1-inner\"]"}
RESULT: {"using":"xpath","value":"//*[@id=\"application-manageyards-display-component---NewYard--addressDetailDetailsName1-inner\"]"}
COMMAND: POST /session/764ef295c8f44d2e14b184d73c4fb1a3/element/f.809832546CBCDBCC14053EE8D21219E9.d.E19186B4DEAE9C70FB22804D9663CACC.e.381/clear - {}
RESULT: {}
COMMAND: POST /session/764ef295c8f44d2e14b184d73c4fb1a3/element/f.809832546CBCDBCC14053EE8D21219E9.d.E19186B4DEAE9C70FB22804D9663CACC.e.381/value - {"text":"WebdriverYardsn1ov"}
COMMAND: GET /session/764ef295c8f44d2e14b184d73c4fb1a3/screenshot - {}
RESULT: {"text":"WebdriverYardsn1ov"}
COMMAND: POST /session/764ef295c8f44d2e14b184d73c4fb1a3/element - {"using":"xpath","value":"//*[@id=\"application-manageyards-display-component---NewYard--addressDetailDetailsLanguage-inner\"]"}
COMMAND: GET /session/764ef295c8f44d2e14b184d73c4fb1a3/screenshot - {}
RESULT: {}
RESULT: {"using":"xpath","value":"//*[@id=\"application-manageyards-display-component---NewYard--addressDetailDetailsLanguage-inner\"]"}
COMMAND: POST /session/764ef295c8f44d2e14b184d73c4fb1a3/element/f.809832546CBCDBCC14053EE8D21219E9.d.E19186B4DEAE9C70FB22804D9663CACC.e.382/clear - {}
RESULT: {}
RESULT: {}
COMMAND: POST /session/764ef295c8f44d2e14b184d73c4fb1a3/element/f.809832546CBCDBCC14053EE8D21219E9.d.E19186B4DEAE9C70FB22804D9663CACC.e.382/value - {"text":"Romanian"}
COMMAND: GET /session/764ef295c8f44d2e14b184d73c4fb1a3/screenshot - {}
RESULT: {"text":"Romanian"}
COMMAND: POST /session/764ef295c8f44d2e14b184d73c4fb1a3/element - {"using":"xpath","value":"//input[contains(@id ,\"application-manageyards-display-component---NewYard--addressDetailDetailsName1-inner\")]"}
COMMAND: GET /session/764ef295c8f44d2e14b184d73c4fb1a3/screenshot - {}
RESULT: {}
RESULT: {"using":"xpath","value":"//input[contains(@id ,\"application-manageyards-display-component---NewYard--addressDetailDetailsName1-inner\")]"}
COMMAND: GET /session/764ef295c8f44d2e14b184d73c4fb1a3/element/f.809832546CBCDBCC14053EE8D21219E9.d.E19186B4DEAE9C70FB22804D9663CACC.e.381/property/value - {}
RESULT: {}
RESULT: {}
COMMAND: GET /session/764ef295c8f44d2e14b184d73c4fb1a3/screenshot - {}
RESULT: {}
COMMAND: POST /session/764ef295c8f44d2e14b184d73c4fb1a3/element - {"using":"xpath","value":"//*[@id=\"application-manageyards-display-component---NewYard--addressDetailDetailsCity1-inner\"]"}
RESULT: {"using":"xpath","value":"//*[@id=\"application-manageyards-display-component---NewYard--addressDetailDetailsCity1-inner\"]"}
COMMAND: POST /session/764ef295c8f44d2e14b184d73c4fb1a3/element/f.809832546CBCDBCC14053EE8D21219E9.d.E19186B4DEAE9C70FB22804D9663CACC.e.384/clear - {}
RESULT: {}
COMMAND: POST /session/764ef295c8f44d2e14b184d73c4fb1a3/element/f.809832546CBCDBCC14053EE8D21219E9.d.E19186B4DEAE9C70FB22804D9663CACC.e.384/value - {"text":"Bucuresti"}
COMMAND: GET /session/764ef295c8f44d2e14b184d73c4fb1a3/screenshot - {}
RESULT: {"text":"Bucuresti"}
COMMAND: GET /session/764ef295c8f44d2e14b184d73c4fb1a3/screenshot - {}
RESULT: {}
RESULT: {}
COMMAND: POST /session/764ef295c8f44d2e14b184d73c4fb1a3/element - {"using":"xpath","value":"//*[@id=\"application-manageyards-display-component---NewYard--addressDetailDetailsCountry-inner\"]"}
RESULT: {"using":"xpath","value":"//*[@id=\"application-manageyards-display-component---NewYard--addressDetailDetailsCountry-inner\"]"}
COMMAND: POST /session/764ef295c8f44d2e14b184d73c4fb1a3/element/f.809832546CBCDBCC14053EE8D21219E9.d.E19186B4DEAE9C70FB22804D9663CACC.e.388/clear - {}
RESULT: {}
COMMAND: POST /session/764ef295c8f44d2e14b184d73c4fb1a3/element/f.809832546CBCDBCC14053EE8D21219E9.d.E19186B4DEAE9C70FB22804D9663CACC.e.388/value - {"text":"Romania"}
COMMAND: GET /session/764ef295c8f44d2e14b184d73c4fb1a3/screenshot - {}
RESULT: {"text":"Romania"}
COMMAND: GET /session/764ef295c8f44d2e14b184d73c4fb1a3/screenshot - {}
RESULT: {}
RESULT: {}
COMMAND: POST /session/764ef295c8f44d2e14b184d73c4fb1a3/element - {"using":"xpath","value":"//div[contains(text(), \"Commercial\")]"}
RESULT: {"using":"xpath","value":"//div[contains(text(), \"Commercial\")]"}
COMMAND: GET /session/764ef295c8f44d2e14b184d73c4fb1a3/element/f.809832546CBCDBCC14053EE8D21219E9.d.E19186B4DEAE9C70FB22804D9663CACC.e.583/rect - {}
RESULT: {}
COMMAND: GET /session/764ef295c8f44d2e14b184d73c4fb1a3/window/rect - {}
RESULT: {}
COMMAND: POST /session/764ef295c8f44d2e14b184d73c4fb1a3/execute/sync - {"script":"<script> [92 bytes]","args":[]}
RESULT: {"script":"<script> [92 bytes]","args":[]}
COMMAND: POST /session/764ef295c8f44d2e14b184d73c4fb1a3/actions - {"actions":[{"id":"action1","type":"wheel","parameters":{},"actions":[{"type":"scroll","x":-1841,"y":-44,"deltaX":0,"deltaY":0,"duration":0,"origin":{"element-6066-11e4-a52e-4f735466cecf":"f.809832546CBCDBCC14053EE8D21219E9.d.E19186B4DEAE9C70FB22804D9663CACC.e.583"}}]}]}
COMMAND: GET /session/764ef295c8f44d2e14b184d73c4fb1a3/screenshot - {}
RESULT: {}
COMMAND: POST /session/764ef295c8f44d2e14b184d73c4fb1a3/execute/sync - {"script":"<script> [79 bytes]","args":[{"element-6066-11e4-a52e-4f735466cecf":"f.809832546CBCDBCC14053EE8D21219E9.d.E19186B4DEAE9C70FB22804D9663CACC.e.583","ELEMENT":"f.809832546CBCDBCC14053EE8D21219E9.d.E19186B4DEAE9C70FB22804D9663CACC.e.583"},{"block":"start","inline":"nearest"}]}
RESULT: {"script":"<script> [79 bytes]","args":[{"element-6066-11e4-a52e-4f735466cecf":"f.809832546CBCDBCC14053EE8D21219E9.d.E19186B4DEAE9C70FB22804D9663CACC.e.583","ELEMENT":"f.809832546CBCDBCC14053EE8D21219E9.d.E19186B4DEAE9C70FB22804D9663CACC.e.583"},{"block":"start","inline":"nearest"}]}
COMMAND: GET /session/764ef295c8f44d2e14b184d73c4fb1a3/screenshot - {}
RESULT: {}
COMMAND: POST /session/764ef295c8f44d2e14b184d73c4fb1a3/execute/async - {"script":"<script> [1562 bytes]","args":[{"selector":{"id":"application-manageyards-display-component---NewYard--addressEditDetailsCostObjectCstType-arrow"},"wdio_ui5_key":"applicationmanageyards-display-component---NewYard--addressEditDetailsCostObjectCstType-arrow"}]}
RESULT: {"script":"<script> [1562 bytes]","args":[{"selector":{"id":"application-manageyards-display-component---NewYard--addressEditDetailsCostObjectCstType-arrow"},"wdio_ui5_key":"applicationmanageyards-display-component---NewYard--addressEditDetailsCostObjectCstType-arrow"}]}
RESULT: undefined
COMMAND: POST /session/764ef295c8f44d2e14b184d73c4fb1a3/element - {"using":"xpath","value":"//*[@id=\"application-manageyards-display-component---NewYard--addressEditDetailsCostObjectCstType-arrow\"]"}
RESULT: {"using":"xpath","value":"//*[@id=\"application-manageyards-display-component---NewYard--addressEditDetailsCostObjectCstType-arrow\"]"}
COMMAND: POST /session/764ef295c8f44d2e14b184d73c4fb1a3/element/f.809832546CBCDBCC14053EE8D21219E9.d.E19186B4DEAE9C70FB22804D9663CACC.e.592/click - {}
RESULT: {}
COMMAND: POST /session/764ef295c8f44d2e14b184d73c4fb1a3/element - {"using":"xpath","value":"//span[contains(text(), \"Cost Center\")]"}
COMMAND: GET /session/764ef295c8f44d2e14b184d73c4fb1a3/screenshot - {}
RESULT: {"using":"xpath","value":"//span[contains(text(), \"Cost Center\")]"}
COMMAND: POST /session/764ef295c8f44d2e14b184d73c4fb1a3/element/f.809832546CBCDBCC14053EE8D21219E9.d.E19186B4DEAE9C70FB22804D9663CACC.e.593/click - {}
RESULT: {}
RESULT: {}
COMMAND: GET /session/764ef295c8f44d2e14b184d73c4fb1a3/screenshot - {}
RESULT: {}
COMMAND: POST /session/764ef295c8f44d2e14b184d73c4fb1a3/execute/async - {"script":"<script> [1562 bytes]","args":[{"selector":{"id":"application-manageyards-display-component---NewYard--addressNewCostObjectCstID-vhi"},"wdio_ui5_key":"applicationmanageyards-display-component---NewYard--addressNewCostObjectCstID-vhi"}]}
RESULT: {"script":"<script> [1562 bytes]","args":[{"selector":{"id":"application-manageyards-display-component---NewYard--addressNewCostObjectCstID-vhi"},"wdio_ui5_key":"applicationmanageyards-display-component---NewYard--addressNewCostObjectCstID-vhi"}]}
RESULT: undefined
COMMAND: POST /session/764ef295c8f44d2e14b184d73c4fb1a3/element - {"using":"xpath","value":"//*[@id=\"application-manageyards-display-component---NewYard--addressNewCostObjectCstID-vhi\"]"}
RESULT: {"using":"xpath","value":"//*[@id=\"application-manageyards-display-component---NewYard--addressNewCostObjectCstID-vhi\"]"}
COMMAND: POST /session/764ef295c8f44d2e14b184d73c4fb1a3/element/f.809832546CBCDBCC14053EE8D21219E9.d.E19186B4DEAE9C70FB22804D9663CACC.e.597/click - {}
RESULT: {}
COMMAND: GET /session/764ef295c8f44d2e14b184d73c4fb1a3/screenshot - {}
RESULT: {}
COMMAND: POST /session/764ef295c8f44d2e14b184d73c4fb1a3/execute/async - {"script":"<script> [1562 bytes]","args":[{"selector":{"controlType":"sap.m.SearchField","properties":{"placeholder":"Search"},"searchOpenDialogs":true,"interaction":{"idSuffix":"I"}},"wdio_ui5_key":"sapm.SearchField{\"placeholder\":\"Search\"}"}]}
RESULT: {"script":"<script> [1562 bytes]","args":[{"selector":{"controlType":"sap.m.SearchField","properties":{"placeholder":"Search"},"searchOpenDialogs":true,"interaction":{"idSuffix":"I"}},"wdio_ui5_key":"sapm.SearchField{\"placeholder\":\"Search\"}"}]}
RESULT: undefined
COMMAND: POST /session/764ef295c8f44d2e14b184d73c4fb1a3/execute/async - {"script":"<script> [776 bytes]","args":[{"enterText":"10001013","selector":{"controlType":"sap.m.SearchField","properties":{"placeholder":"Search"},"searchOpenDialogs":true,"interaction":{"idSuffix":"I"}},"clearTextFirst":true,"interactionType":"ENTER_TEXT"}]}
RESULT: {"script":"<script> [776 bytes]","args":[{"enterText":"10001013","selector":{"controlType":"sap.m.SearchField","properties":{"placeholder":"Search"},"searchOpenDialogs":true,"interaction":{"idSuffix":"I"}},"clearTextFirst":true,"interactionType":"ENTER_TEXT"}]}
COMMAND: POST /session/764ef295c8f44d2e14b184d73c4fb1a3/actions - {"actions":[{"id":"action2","type":"key","parameters":{},"actions":[{"type":"keyDown","value":""},{"type":"pause","duration":10},{"type":"keyUp","value":""}]}]}
RESULT: {"actions":[{"id":"action2","type":"key","parameters":{},"actions":[{"type":"keyDown","value":""},{"type":"pause","duration":10},{"type":"keyUp","value":""}]}]}
COMMAND: GET /session/764ef295c8f44d2e14b184d73c4fb1a3/screenshot - {}
RESULT: {}
COMMAND: POST /session/764ef295c8f44d2e14b184d73c4fb1a3/element - {"using":"xpath","value":"//span[contains(text(), \"General Management\")]"}
RESULT: {"using":"xpath","value":"//span[contains(text(), \"General Management\")]"}
COMMAND: POST /session/764ef295c8f44d2e14b184d73c4fb1a3/element/f.809832546CBCDBCC14053EE8D21219E9.d.E19186B4DEAE9C70FB22804D9663CACC.e.638/click - {}
RESULT: {}
COMMAND: GET /session/764ef295c8f44d2e14b184d73c4fb1a3/screenshot - {}
RESULT: {}
COMMAND: POST /session/764ef295c8f44d2e14b184d73c4fb1a3/element - {"using":"xpath","value":"//bdi[contains(text(), \"OK\")]"}
RESULT: {"using":"xpath","value":"//bdi[contains(text(), \"OK\")]"}
COMMAND: POST /session/764ef295c8f44d2e14b184d73c4fb1a3/element/f.809832546CBCDBCC14053EE8D21219E9.d.E19186B4DEAE9C70FB22804D9663CACC.e.639/click - {}
RESULT: {}
COMMAND: GET /session/764ef295c8f44d2e14b184d73c4fb1a3/screenshot - {}
RESULT: {}
COMMAND: POST /session/764ef295c8f44d2e14b184d73c4fb1a3/execute/async - {"script":"<script> [1562 bytes]","args":[{"selector":{"controlType":"sap.m.Button","viewName":"etm.portal.ui.manageyards.view.New","viewId":"application-manageyards-display-component---NewYard","i18NText":{"propertyName":"text","key":"save"},"interaction":{"idSuffix":"inner"}},"wdio_ui5_key":"etmportal.ui.manageyards.view.Newsap.m.Button{\"propertyName\":\"text\",\"key\":\"save\"}"}]}
RESULT: {"script":"<script> [1562 bytes]","args":[{"selector":{"controlType":"sap.m.Button","viewName":"etm.portal.ui.manageyards.view.New","viewId":"application-manageyards-display-component---NewYard","i18NText":{"propertyName":"text","key":"save"},"interaction":{"idSuffix":"inner"}},"wdio_ui5_key":"etmportal.ui.manageyards.view.Newsap.m.Button{\"propertyName\":\"text\",\"key\":\"save\"}"}]}
RESULT: undefined
COMMAND: POST /session/764ef295c8f44d2e14b184d73c4fb1a3/element - {"using":"xpath","value":"//*[@id=\"__button18\"]"}
RESULT: {"using":"xpath","value":"//*[@id=\"__button18\"]"}
COMMAND: POST /session/764ef295c8f44d2e14b184d73c4fb1a3/element/f.809832546CBCDBCC14053EE8D21219E9.d.E19186B4DEAE9C70FB22804D9663CACC.e.561/click - {}
RESULT: {}
COMMAND: GET /session/764ef295c8f44d2e14b184d73c4fb1a3/screenshot - {}
RESULT: {}
COMMAND: POST /session/764ef295c8f44d2e14b184d73c4fb1a3/element - {"using":"xpath","value":"//header/div/div[2]/div[2]/span"}
RESULT: {"using":"xpath","value":"//header/div/div[2]/div[2]/span"}
COMMAND: GET /session/764ef295c8f44d2e14b184d73c4fb1a3/element/f.809832546CBCDBCC14053EE8D21219E9.d.E19186B4DEAE9C70FB22804D9663CACC.e.837/text - {}
RESULT: {}
COMMAND: POST /session/764ef295c8f44d2e14b184d73c4fb1a3/execute/async - {"script":"<script> [1562 bytes]","args":[{"selector":{"controlType":"sap.m.OverflowToolbarButton","viewName":"etm.portal.ui.manageyards.view.Detail","viewId":"application-manageyards-display-component---detailYard","i18NText":{"propertyName":"tooltip","key":"closeColumn"},"interaction":{"idSuffix":"inner"}},"wdio_ui5_key":"etmportal.ui.manageyards.view.Detailsap.m.OverflowToolbarButton{\"propertyName\":\"tooltip\",\"key\":\"closeColumn\"}"}]}
RESULT: {"script":"<script> [1562 bytes]","args":[{"selector":{"controlType":"sap.m.OverflowToolbarButton","viewName":"etm.portal.ui.manageyards.view.Detail","viewId":"application-manageyards-display-component---detailYard","i18NText":{"propertyName":"tooltip","key":"closeColumn"},"interaction":{"idSuffix":"inner"}},"wdio_ui5_key":"etmportal.ui.manageyards.view.Detailsap.m.OverflowToolbarButton{\"propertyName\":\"tooltip\",\"key\":\"closeColumn\"}"}]}
RESULT: undefined
COMMAND: POST /session/764ef295c8f44d2e14b184d73c4fb1a3/element - {"using":"xpath","value":"//*[@id=\"__button42\"]"}
RESULT: {"using":"xpath","value":"//*[@id=\"__button42\"]"}
COMMAND: POST /session/764ef295c8f44d2e14b184d73c4fb1a3/element/f.809832546CBCDBCC14053EE8D21219E9.d.E19186B4DEAE9C70FB22804D9663CACC.e.839/click - {}
RESULT: {}
COMMAND: GET /session/764ef295c8f44d2e14b184d73c4fb1a3/screenshot - {}
RESULT: {}
COMMAND: POST /session/764ef295c8f44d2e14b184d73c4fb1a3/element - {"using":"css selector","value":"#shell-header-logo"}
RESULT: {"using":"css selector","value":"#shell-header-logo"}
COMMAND: POST /session/764ef295c8f44d2e14b184d73c4fb1a3/element/f.809832546CBCDBCC14053EE8D21219E9.d.E19186B4DEAE9C70FB22804D9663CACC.e.124/click - {}
RESULT: {}
COMMAND: GET /session/764ef295c8f44d2e14b184d73c4fb1a3/screenshot - {}
RESULT: {}
COMMAND: POST /session/764ef295c8f44d2e14b184d73c4fb1a3/refresh - {}
RESULT: {}
COMMAND: GET /session/764ef295c8f44d2e14b184d73c4fb1a3/screenshot - {}
RESULT: {}
COMMAND: POST /session/764ef295c8f44d2e14b184d73c4fb1a3/execute/async - {"script":"<script> [189 bytes]","args":[]}
RESULT: {"script":"<script> [189 bytes]","args":[]}
COMMAND: POST /session/764ef295c8f44d2e14b184d73c4fb1a3/execute/async - {"script":"<script> [123 bytes]","args":[]}
RESULT: {"script":"<script> [123 bytes]","args":[]}
COMMAND: POST /session/764ef295c8f44d2e14b184d73c4fb1a3/timeouts - {"script":"<number>"}
RESULT: {"script":"<number>"}
COMMAND: GET /session/764ef295c8f44d2e14b184d73c4fb1a3/timeouts - {}
RESULT: {}
RESULT: undefined
COMMAND: POST /session/764ef295c8f44d2e14b184d73c4fb1a3/execute/async - {"script":"<script> [2676 bytes]","args":[]}
RESULT: {"script":"<script> [2676 bytes]","args":[]}
COMMAND: POST /session/764ef295c8f44d2e14b184d73c4fb1a3/execute/async - {"script":"<script> [2342 bytes]","args":[{"protocol":"http","hostname":"0.0.0.0","path":"/","capabilities":{"browserName":"chrome","goog:chromeOptions":{"binary":"C:\\Program Files\\Google\\Chrome\\Application\\chrome.exe","args":["--start-maximized"]}},"logLevel":"warn","connectionRetryTimeout":120000,"connectionRetryCount":3,"logLevels":{},"enableDirectConnect":true,"strictSSL":true,"_":"65 more keys: [\"cacheDir\",\"port\",\"requestedCapabilities\",\"automationProtocol\",\"baseUrl\",\"waitforInterval\",\"waitforTimeout\",\"onReload\",\"beforeCommand\",\"afterCommand\",\"rootDir\",\"specs\",\"suites\",\"exclude\",\"groupLogsByTestSpec\",\"excludeDriverLogs\",\"bail\",\"framework\",\"reporters\",\"services\",\"maxInstances\",\"maxInstancesPerCapability\",\"injectGlobals\",\"filesToWatch\",\"execArgv\",\"runnerEnv\",\"runner\",\"shard\",\"specFileRetries\",\"specFileRetriesDelay\",\"specFileRetriesDeferred\",\"reporterSyncInterval\",\"reporterSyncTimeout\",\"cucumberFeaturesWithLineNumbers\",\"autoCompileOpts\",\"mochaOpts\",\"jasmineOpts\",\"cucumberOpts\",\"onPrepare\",\"onWorkerStart\",\"onWorkerEnd\",\"before\",\"beforeSession\",\"beforeSuite\",\"beforeHook\",\"beforeTest\",\"afterTest\",\"afterHook\",\"afterSuite\",\"afterSession\",\"after\",\"onComplete\",\"beforeAssertion\",\"afterAssertion\",\"beforeFeature\",\"beforeScenario\",\"beforeStep\",\"afterStep\",\"afterScenario\",\"afterFeature\",\"_\",\"suite\",\"$0\",\"ignoredWorkerServices\",\"wdi5\"]"}]}
RESULT: {"script":"<script> [2342 bytes]","args":[{"protocol":"http","hostname":"0.0.0.0","path":"/","capabilities":{"browserName":"chrome","goog:chromeOptions":{"binary":"C:\\Program Files\\Google\\Chrome\\Application\\chrome.exe","args":["--start-maximized"]}},"logLevel":"warn","connectionRetryTimeout":120000,"connectionRetryCount":3,"logLevels":{},"enableDirectConnect":true,"strictSSL":true,"_":"65 more keys: [\"cacheDir\",\"port\",\"requestedCapabilities\",\"automationProtocol\",\"baseUrl\",\"waitforInterval\",\"waitforTimeout\",\"onReload\",\"beforeCommand\",\"afterCommand\",\"rootDir\",\"specs\",\"suites\",\"exclude\",\"groupLogsByTestSpec\",\"excludeDriverLogs\",\"bail\",\"framework\",\"reporters\",\"services\",\"maxInstances\",\"maxInstancesPerCapability\",\"injectGlobals\",\"filesToWatch\",\"execArgv\",\"runnerEnv\",\"runner\",\"shard\",\"specFileRetries\",\"specFileRetriesDelay\",\"specFileRetriesDeferred\",\"reporterSyncInterval\",\"reporterSyncTimeout\",\"cucumberFeaturesWithLineNumbers\",\"autoCompileOpts\",\"mochaOpts\",\"jasmineOpts\",\"cucumberOpts\",\"onPrepare\",\"onWorkerStart\",\"onWorkerEnd\",\"before\",\"beforeSession\",\"beforeSuite\",\"beforeHook\",\"beforeTest\",\"afterTest\",\"afterHook\",\"afterSuite\",\"afterSession\",\"after\",\"onComplete\",\"beforeAssertion\",\"afterAssertion\",\"beforeFeature\",\"beforeScenario\",\"beforeStep\",\"afterStep\",\"afterScenario\",\"afterFeature\",\"_\",\"suite\",\"$0\",\"ignoredWorkerServices\",\"wdi5\"]"}]}
COMMAND: POST /session/764ef295c8f44d2e14b184d73c4fb1a3/execute/async - {"script":"<script> [21126 bytes]","args":[35000]}
RESULT: {"script":"<script> [21126 bytes]","args":[35000]}
]]></system-out>
    </testcase>
    <testcase classname="chrome.137_0_7151_69.windows.Manage_Requests_Tags_Tests_US120163" name="Should create a new partner" time="90.897">
      <system-out><![CDATA[
COMMAND: POST /session/764ef295c8f44d2e14b184d73c4fb1a3/execute/async - {"script":"<script> [1562 bytes]","args":[{"selector":{"controlType":"sap.m.GenericTile","properties":{"header":"Manage Partners"}},"wdio_ui5_key":"sapm.GenericTile{\"header\":\"Manage Partners\"}"}]}
RESULT: {"script":"<script> [1562 bytes]","args":[{"selector":{"controlType":"sap.m.GenericTile","properties":{"header":"Manage Partners"}},"wdio_ui5_key":"sapm.GenericTile{\"header\":\"Manage Partners\"}"}]}
RESULT: undefined
COMMAND: POST /session/764ef295c8f44d2e14b184d73c4fb1a3/element - {"using":"xpath","value":"//*[@id=\"__tile39\"]"}
RESULT: {"using":"xpath","value":"//*[@id=\"__tile39\"]"}
COMMAND: POST /session/764ef295c8f44d2e14b184d73c4fb1a3/element/f.809832546CBCDBCC14053EE8D21219E9.d.9CCD5228B8F310BB8DBC6247E679CE27.e.1190/click - {}
RESULT: {}
COMMAND: GET /session/764ef295c8f44d2e14b184d73c4fb1a3/screenshot - {}
RESULT: {}
COMMAND: POST /session/764ef295c8f44d2e14b184d73c4fb1a3/elements - {"using":"xpath","value":"//span[text()='Error']"}
RESULT: {"using":"xpath","value":"//span[text()='Error']"}
COMMAND: POST /session/764ef295c8f44d2e14b184d73c4fb1a3/execute/async - {"script":"<script> [1562 bytes]","args":[{"selector":{"controlType":"sap.ui.core.Icon","viewName":"etm.portal.ui.managepartners.view.Master","viewId":"application-managepartners-display-component---masterPtm","properties":{"src":{"regex":{"source":"add"}}}},"wdio_ui5_key":"etmportal.ui.managepartners.view.Mastersap.ui.core.Icon{\"src\":{\"regex\":{\"source\":\"add\"}}}"}]}
RESULT: {"script":"<script> [1562 bytes]","args":[{"selector":{"controlType":"sap.ui.core.Icon","viewName":"etm.portal.ui.managepartners.view.Master","viewId":"application-managepartners-display-component---masterPtm","properties":{"src":{"regex":{"source":"add"}}}},"wdio_ui5_key":"etmportal.ui.managepartners.view.Mastersap.ui.core.Icon{\"src\":{\"regex\":{\"source\":\"add\"}}}"}]}
RESULT: undefined
COMMAND: POST /session/764ef295c8f44d2e14b184d73c4fb1a3/element - {"using":"xpath","value":"//*[@id=\"__button4-img\"]"}
RESULT: {"using":"xpath","value":"//*[@id=\"__button4-img\"]"}
COMMAND: POST /session/764ef295c8f44d2e14b184d73c4fb1a3/element/f.809832546CBCDBCC14053EE8D21219E9.d.9CCD5228B8F310BB8DBC6247E679CE27.e.1242/click - {}
RESULT: {}
COMMAND: GET /session/764ef295c8f44d2e14b184d73c4fb1a3/screenshot - {}
RESULT: {}
COMMAND: POST /session/764ef295c8f44d2e14b184d73c4fb1a3/execute/async - {"script":"<script> [1562 bytes]","args":[{"selector":{"id":"application-managepartners-display-component---NewPartner--partnerId","interaction":{"idSuffix":"inner"}},"wdio_ui5_key":"applicationmanagepartners-display-component---NewPartner--partnerId"}]}
RESULT: {"script":"<script> [1562 bytes]","args":[{"selector":{"id":"application-managepartners-display-component---NewPartner--partnerId","interaction":{"idSuffix":"inner"}},"wdio_ui5_key":"applicationmanagepartners-display-component---NewPartner--partnerId"}]}
RESULT: undefined
COMMAND: POST /session/764ef295c8f44d2e14b184d73c4fb1a3/execute/async - {"script":"<script> [1562 bytes]","args":[{"selector":{"id":"application-managepartners-display-component---NewPartner--addressDetailDetailsName1","interaction":{"idSuffix":"inner"}},"wdio_ui5_key":"applicationmanagepartners-display-component---NewPartner--addressDetailDetailsName1"}]}
RESULT: {"script":"<script> [1562 bytes]","args":[{"selector":{"id":"application-managepartners-display-component---NewPartner--addressDetailDetailsName1","interaction":{"idSuffix":"inner"}},"wdio_ui5_key":"applicationmanagepartners-display-component---NewPartner--addressDetailDetailsName1"}]}
RESULT: undefined
COMMAND: POST /session/764ef295c8f44d2e14b184d73c4fb1a3/execute/async - {"script":"<script> [776 bytes]","args":[{"enterText":"WebdriverPartnerex9g5j","selector":{"id":"application-managepartners-display-component---NewPartner--addressDetailDetailsName1","interaction":{"idSuffix":"inner"}},"clearTextFirst":true,"interactionType":"ENTER_TEXT"}]}
RESULT: {"script":"<script> [776 bytes]","args":[{"enterText":"WebdriverPartnerex9g5j","selector":{"id":"application-managepartners-display-component---NewPartner--addressDetailDetailsName1","interaction":{"idSuffix":"inner"}},"clearTextFirst":true,"interactionType":"ENTER_TEXT"}]}
COMMAND: POST /session/764ef295c8f44d2e14b184d73c4fb1a3/execute/async - {"script":"<script> [1562 bytes]","args":[{"selector":{"id":"application-managepartners-display-component---NewPartner--addressDetailDetailsLanguage","interaction":{"idSuffix":"inner"}},"wdio_ui5_key":"applicationmanagepartners-display-component---NewPartner--addressDetailDetailsLanguage"}]}
RESULT: {"script":"<script> [1562 bytes]","args":[{"selector":{"id":"application-managepartners-display-component---NewPartner--addressDetailDetailsLanguage","interaction":{"idSuffix":"inner"}},"wdio_ui5_key":"applicationmanagepartners-display-component---NewPartner--addressDetailDetailsLanguage"}]}
RESULT: undefined
COMMAND: POST /session/764ef295c8f44d2e14b184d73c4fb1a3/execute/async - {"script":"<script> [776 bytes]","args":[{"enterText":"Romanian","selector":{"id":"application-managepartners-display-component---NewPartner--addressDetailDetailsLanguage","interaction":{"idSuffix":"inner"}},"clearTextFirst":true,"interactionType":"ENTER_TEXT"}]}
RESULT: {"script":"<script> [776 bytes]","args":[{"enterText":"Romanian","selector":{"id":"application-managepartners-display-component---NewPartner--addressDetailDetailsLanguage","interaction":{"idSuffix":"inner"}},"clearTextFirst":true,"interactionType":"ENTER_TEXT"}]}
COMMAND: POST /session/764ef295c8f44d2e14b184d73c4fb1a3/element - {"using":"xpath","value":"//input[contains(@id ,\"application-managepartners-display-component---NewPartner--addressDetailDetailsName1-inner\")]"}
RESULT: {"using":"xpath","value":"//input[contains(@id ,\"application-managepartners-display-component---NewPartner--addressDetailDetailsName1-inner\")]"}
COMMAND: GET /session/764ef295c8f44d2e14b184d73c4fb1a3/element/f.809832546CBCDBCC14053EE8D21219E9.d.9CCD5228B8F310BB8DBC6247E679CE27.e.1400/property/value - {}
RESULT: {}
COMMAND: POST /session/764ef295c8f44d2e14b184d73c4fb1a3/execute/async - {"script":"<script> [1562 bytes]","args":[{"selector":{"id":"application-managepartners-display-component---NewPartner--addressDetailDetailsCity1","interaction":{"idSuffix":"inner"}},"wdio_ui5_key":"applicationmanagepartners-display-component---NewPartner--addressDetailDetailsCity1"}]}
COMMAND: GET /session/764ef295c8f44d2e14b184d73c4fb1a3/screenshot - {}
RESULT: {"script":"<script> [1562 bytes]","args":[{"selector":{"id":"application-managepartners-display-component---NewPartner--addressDetailDetailsCity1","interaction":{"idSuffix":"inner"}},"wdio_ui5_key":"applicationmanagepartners-display-component---NewPartner--addressDetailDetailsCity1"}]}
RESULT: undefined
COMMAND: POST /session/764ef295c8f44d2e14b184d73c4fb1a3/execute/async - {"script":"<script> [776 bytes]","args":[{"enterText":"Bucharest","selector":{"id":"application-managepartners-display-component---NewPartner--addressDetailDetailsCity1","interaction":{"idSuffix":"inner"}},"clearTextFirst":true,"interactionType":"ENTER_TEXT"}]}
RESULT: {}
RESULT: {"script":"<script> [776 bytes]","args":[{"enterText":"Bucharest","selector":{"id":"application-managepartners-display-component---NewPartner--addressDetailDetailsCity1","interaction":{"idSuffix":"inner"}},"clearTextFirst":true,"interactionType":"ENTER_TEXT"}]}
COMMAND: POST /session/764ef295c8f44d2e14b184d73c4fb1a3/execute/async - {"script":"<script> [1562 bytes]","args":[{"selector":{"id":"application-managepartners-display-component---NewPartner--addressDetailDetailsCountry","interaction":{"idSuffix":"inner"}},"wdio_ui5_key":"applicationmanagepartners-display-component---NewPartner--addressDetailDetailsCountry"}]}
RESULT: {"script":"<script> [1562 bytes]","args":[{"selector":{"id":"application-managepartners-display-component---NewPartner--addressDetailDetailsCountry","interaction":{"idSuffix":"inner"}},"wdio_ui5_key":"applicationmanagepartners-display-component---NewPartner--addressDetailDetailsCountry"}]}
RESULT: undefined
COMMAND: POST /session/764ef295c8f44d2e14b184d73c4fb1a3/execute/async - {"script":"<script> [6424 bytes]","args":[{"element-6066-11e4-a52e-4f735466cecf":"f.809832546CBCDBCC14053EE8D21219E9.d.9CCD5228B8F310BB8DBC6247E679CE27.e.1407"},"setValue",["Romania"]]}
RESULT: {"script":"<script> [6424 bytes]","args":[{"element-6066-11e4-a52e-4f735466cecf":"f.809832546CBCDBCC14053EE8D21219E9.d.9CCD5228B8F310BB8DBC6247E679CE27.e.1407"},"setValue",["Romania"]]}
COMMAND: POST /session/764ef295c8f44d2e14b184d73c4fb1a3/execute/async - {"script":"<script> [1562 bytes]","args":[{"selector":{"id":"application-managepartners-display-component---NewPartner--partnerDetailInternal","interaction":{"idSuffix":"inner"}},"wdio_ui5_key":"applicationmanagepartners-display-component---NewPartner--partnerDetailInternal"}]}
RESULT: {"script":"<script> [1562 bytes]","args":[{"selector":{"id":"application-managepartners-display-component---NewPartner--partnerDetailInternal","interaction":{"idSuffix":"inner"}},"wdio_ui5_key":"applicationmanagepartners-display-component---NewPartner--partnerDetailInternal"}]}
RESULT: undefined
COMMAND: POST /session/764ef295c8f44d2e14b184d73c4fb1a3/execute/async - {"script":"<script> [776 bytes]","args":[{"enterText":"External partner","selector":{"id":"application-managepartners-display-component---NewPartner--partnerDetailInternal","interaction":{"idSuffix":"inner"}},"clearTextFirst":true,"interactionType":"ENTER_TEXT"}]}
RESULT: {"script":"<script> [776 bytes]","args":[{"enterText":"External partner","selector":{"id":"application-managepartners-display-component---NewPartner--partnerDetailInternal","interaction":{"idSuffix":"inner"}},"clearTextFirst":true,"interactionType":"ENTER_TEXT"}]}
COMMAND: POST /session/764ef295c8f44d2e14b184d73c4fb1a3/execute/async - {"script":"<script> [1562 bytes]","args":[{"selector":{"id":"application-managepartners-display-component---NewPartner--partnerDetailsCurrency","interaction":{"idSuffix":"inner"}},"wdio_ui5_key":"applicationmanagepartners-display-component---NewPartner--partnerDetailsCurrency"}]}
RESULT: {"script":"<script> [1562 bytes]","args":[{"selector":{"id":"application-managepartners-display-component---NewPartner--partnerDetailsCurrency","interaction":{"idSuffix":"inner"}},"wdio_ui5_key":"applicationmanagepartners-display-component---NewPartner--partnerDetailsCurrency"}]}
RESULT: undefined
COMMAND: POST /session/764ef295c8f44d2e14b184d73c4fb1a3/execute/async - {"script":"<script> [776 bytes]","args":[{"enterText":"Euro","selector":{"id":"application-managepartners-display-component---NewPartner--partnerDetailsCurrency","interaction":{"idSuffix":"inner"}},"clearTextFirst":true,"interactionType":"ENTER_TEXT"}]}
RESULT: {"script":"<script> [776 bytes]","args":[{"enterText":"Euro","selector":{"id":"application-managepartners-display-component---NewPartner--partnerDetailsCurrency","interaction":{"idSuffix":"inner"}},"clearTextFirst":true,"interactionType":"ENTER_TEXT"}]}
COMMAND: POST /session/764ef295c8f44d2e14b184d73c4fb1a3/execute/async - {"script":"<script> [1562 bytes]","args":[{"selector":{"controlType":"sap.m.Button","viewName":"etm.portal.ui.managepartners.view.NewPartner","viewId":"application-managepartners-display-component---NewPartner","properties":{"text":"Commercial"},"interaction":{"idSuffix":"BDI-content"}},"wdio_ui5_key":"etmportal.ui.managepartners.view.NewPartnersap.m.Button{\"text\":\"Commercial\"}"}]}
RESULT: {"script":"<script> [1562 bytes]","args":[{"selector":{"controlType":"sap.m.Button","viewName":"etm.portal.ui.managepartners.view.NewPartner","viewId":"application-managepartners-display-component---NewPartner","properties":{"text":"Commercial"},"interaction":{"idSuffix":"BDI-content"}},"wdio_ui5_key":"etmportal.ui.managepartners.view.NewPartnersap.m.Button{\"text\":\"Commercial\"}"}]}
RESULT: undefined
COMMAND: POST /session/764ef295c8f44d2e14b184d73c4fb1a3/element - {"using":"xpath","value":"//*[@id=\"application-managepartners-display-component---NewPartner--ObjectPageLayout-anchBar-__section5-anchor\"]"}
RESULT: {"using":"xpath","value":"//*[@id=\"application-managepartners-display-component---NewPartner--ObjectPageLayout-anchBar-__section5-anchor\"]"}
COMMAND: POST /session/764ef295c8f44d2e14b184d73c4fb1a3/element/f.809832546CBCDBCC14053EE8D21219E9.d.9CCD5228B8F310BB8DBC6247E679CE27.e.1631/click - {}
RESULT: {}
COMMAND: GET /session/764ef295c8f44d2e14b184d73c4fb1a3/screenshot - {}
RESULT: {}
COMMAND: POST /session/764ef295c8f44d2e14b184d73c4fb1a3/execute/async - {"script":"<script> [1562 bytes]","args":[{"selector":{"id":"application-managepartners-display-component---NewPartner--btnAddTableRow-img"},"wdio_ui5_key":"applicationmanagepartners-display-component---NewPartner--btnAddTableRow-img"}]}
RESULT: {"script":"<script> [1562 bytes]","args":[{"selector":{"id":"application-managepartners-display-component---NewPartner--btnAddTableRow-img"},"wdio_ui5_key":"applicationmanagepartners-display-component---NewPartner--btnAddTableRow-img"}]}
RESULT: undefined
COMMAND: POST /session/764ef295c8f44d2e14b184d73c4fb1a3/element - {"using":"xpath","value":"//*[@id=\"application-managepartners-display-component---NewPartner--btnAddTableRow-img\"]"}
RESULT: {"using":"xpath","value":"//*[@id=\"application-managepartners-display-component---NewPartner--btnAddTableRow-img\"]"}
COMMAND: POST /session/764ef295c8f44d2e14b184d73c4fb1a3/element/f.809832546CBCDBCC14053EE8D21219E9.d.9CCD5228B8F310BB8DBC6247E679CE27.e.1639/click - {}
RESULT: {}
COMMAND: POST /session/764ef295c8f44d2e14b184d73c4fb1a3/element - {"using":"xpath","value":"//input[contains(@id ,\"application-managepartners-display-component---NewPartner--assignmentYard-application-managepartners-display-component---NewPartner\")]"}
COMMAND: GET /session/764ef295c8f44d2e14b184d73c4fb1a3/screenshot - {}
RESULT: {"using":"xpath","value":"//input[contains(@id ,\"application-managepartners-display-component---NewPartner--assignmentYard-application-managepartners-display-component---NewPartner\")]"}
COMMAND: POST /session/764ef295c8f44d2e14b184d73c4fb1a3/element/f.809832546CBCDBCC14053EE8D21219E9.d.9CCD5228B8F310BB8DBC6247E679CE27.e.1642/clear - {}
RESULT: {}
RESULT: {}
COMMAND: POST /session/764ef295c8f44d2e14b184d73c4fb1a3/element/f.809832546CBCDBCC14053EE8D21219E9.d.9CCD5228B8F310BB8DBC6247E679CE27.e.1642/value - {"text":"WebdriverYardsn1ov"}
COMMAND: GET /session/764ef295c8f44d2e14b184d73c4fb1a3/screenshot - {}
RESULT: {"text":"WebdriverYardsn1ov"}
COMMAND: GET /session/764ef295c8f44d2e14b184d73c4fb1a3/screenshot - {}
RESULT: {}
RESULT: {}
COMMAND: POST /session/764ef295c8f44d2e14b184d73c4fb1a3/execute/async - {"script":"<script> [1562 bytes]","args":[{"selector":{"controlType":"sap.m.Button","viewName":"etm.portal.ui.managepartners.view.NewPartner","viewId":"application-managepartners-display-component---NewPartner","i18NText":{"propertyName":"text","key":"save"},"interaction":{"idSuffix":"BDI-content"}},"wdio_ui5_key":"etmportal.ui.managepartners.view.NewPartnersap.m.Button{\"propertyName\":\"text\",\"key\":\"save\"}"}]}
RESULT: {"script":"<script> [1562 bytes]","args":[{"selector":{"controlType":"sap.m.Button","viewName":"etm.portal.ui.managepartners.view.NewPartner","viewId":"application-managepartners-display-component---NewPartner","i18NText":{"propertyName":"text","key":"save"},"interaction":{"idSuffix":"BDI-content"}},"wdio_ui5_key":"etmportal.ui.managepartners.view.NewPartnersap.m.Button{\"propertyName\":\"text\",\"key\":\"save\"}"}]}
RESULT: undefined
COMMAND: POST /session/764ef295c8f44d2e14b184d73c4fb1a3/element - {"using":"xpath","value":"//*[@id=\"__button12\"]"}
RESULT: {"using":"xpath","value":"//*[@id=\"__button12\"]"}
COMMAND: POST /session/764ef295c8f44d2e14b184d73c4fb1a3/element/f.809832546CBCDBCC14053EE8D21219E9.d.9CCD5228B8F310BB8DBC6247E679CE27.e.1570/click - {}
RESULT: {}
COMMAND: GET /session/764ef295c8f44d2e14b184d73c4fb1a3/screenshot - {}
RESULT: {}
COMMAND: POST /session/764ef295c8f44d2e14b184d73c4fb1a3/element - {"using":"xpath","value":"//header/div/div[2]/div[2]/span"}
RESULT: {"using":"xpath","value":"//header/div/div[2]/div[2]/span"}
COMMAND: GET /session/764ef295c8f44d2e14b184d73c4fb1a3/element/f.809832546CBCDBCC14053EE8D21219E9.d.9CCD5228B8F310BB8DBC6247E679CE27.e.1796/text - {}
RESULT: {}
COMMAND: POST /session/764ef295c8f44d2e14b184d73c4fb1a3/element - {"using":"xpath","value":"//header/div/div/div/div/div/div[2]/div/span"}
RESULT: {"using":"xpath","value":"//header/div/div/div/div/div/div[2]/div/span"}
COMMAND: GET /session/764ef295c8f44d2e14b184d73c4fb1a3/element/f.809832546CBCDBCC14053EE8D21219E9.d.9CCD5228B8F310BB8DBC6247E679CE27.e.1797/text - {}
RESULT: {}
COMMAND: POST /session/764ef295c8f44d2e14b184d73c4fb1a3/execute/async - {"script":"<script> [1562 bytes]","args":[{"selector":{"id":"application-managepartners-display-component---detailPtm--partnerType"},"wdio_ui5_key":"applicationmanagepartners-display-component---detailPtm--partnerType"}]}
RESULT: {"script":"<script> [1562 bytes]","args":[{"selector":{"id":"application-managepartners-display-component---detailPtm--partnerType"},"wdio_ui5_key":"applicationmanagepartners-display-component---detailPtm--partnerType"}]}
RESULT: undefined
COMMAND: POST /session/764ef295c8f44d2e14b184d73c4fb1a3/execute/async - {"script":"<script> [6424 bytes]","args":[{"element-6066-11e4-a52e-4f735466cecf":"f.809832546CBCDBCC14053EE8D21219E9.d.9CCD5228B8F310BB8DBC6247E679CE27.e.1798"},"getText",[]]}
RESULT: {"script":"<script> [6424 bytes]","args":[{"element-6066-11e4-a52e-4f735466cecf":"f.809832546CBCDBCC14053EE8D21219E9.d.9CCD5228B8F310BB8DBC6247E679CE27.e.1798"},"getText",[]]}
COMMAND: POST /session/764ef295c8f44d2e14b184d73c4fb1a3/element - {"using":"css selector","value":"#shell-header-logo"}
RESULT: {"using":"css selector","value":"#shell-header-logo"}
COMMAND: POST /session/764ef295c8f44d2e14b184d73c4fb1a3/element/f.809832546CBCDBCC14053EE8D21219E9.d.9CCD5228B8F310BB8DBC6247E679CE27.e.1193/click - {}
RESULT: {}
COMMAND: GET /session/764ef295c8f44d2e14b184d73c4fb1a3/screenshot - {}
RESULT: {}
]]></system-out>
    </testcase>
    <testcase classname="chrome.137_0_7151_69.windows.Manage_Requests_Tags_Tests_US120163" name="Should create a new site" time="105.198">
      <system-out><![CDATA[
COMMAND: POST /session/764ef295c8f44d2e14b184d73c4fb1a3/execute/async - {"script":"<script> [1562 bytes]","args":[{"selector":{"controlType":"sap.m.GenericTile","properties":{"header":"Manage Sites"}},"wdio_ui5_key":"sapm.GenericTile{\"header\":\"Manage Sites\"}"}]}
RESULT: {"script":"<script> [1562 bytes]","args":[{"selector":{"controlType":"sap.m.GenericTile","properties":{"header":"Manage Sites"}},"wdio_ui5_key":"sapm.GenericTile{\"header\":\"Manage Sites\"}"}]}
RESULT: undefined
COMMAND: POST /session/764ef295c8f44d2e14b184d73c4fb1a3/element - {"using":"xpath","value":"//*[@id=\"__tile41\"]"}
RESULT: {"using":"xpath","value":"//*[@id=\"__tile41\"]"}
COMMAND: POST /session/764ef295c8f44d2e14b184d73c4fb1a3/element/f.809832546CBCDBCC14053EE8D21219E9.d.9CCD5228B8F310BB8DBC6247E679CE27.e.1800/click - {}
RESULT: {}
COMMAND: GET /session/764ef295c8f44d2e14b184d73c4fb1a3/screenshot - {}
RESULT: {}
COMMAND: POST /session/764ef295c8f44d2e14b184d73c4fb1a3/elements - {"using":"xpath","value":"//span[text()='Error']"}
RESULT: {"using":"xpath","value":"//span[text()='Error']"}
COMMAND: POST /session/764ef295c8f44d2e14b184d73c4fb1a3/execute/async - {"script":"<script> [1562 bytes]","args":[{"selector":{"controlType":"sap.ui.core.Icon","viewName":"etm.portal.ui.managesites.view.Master","viewId":"application-managesites-display-component---masterSite","properties":{"src":{"regex":{"source":"add"}}}},"wdio_ui5_key":"etmportal.ui.managesites.view.Mastersap.ui.core.Icon{\"src\":{\"regex\":{\"source\":\"add\"}}}"}]}
RESULT: {"script":"<script> [1562 bytes]","args":[{"selector":{"controlType":"sap.ui.core.Icon","viewName":"etm.portal.ui.managesites.view.Master","viewId":"application-managesites-display-component---masterSite","properties":{"src":{"regex":{"source":"add"}}}},"wdio_ui5_key":"etmportal.ui.managesites.view.Mastersap.ui.core.Icon{\"src\":{\"regex\":{\"source\":\"add\"}}}"}]}
RESULT: undefined
COMMAND: POST /session/764ef295c8f44d2e14b184d73c4fb1a3/element - {"using":"xpath","value":"//*[@id=\"__button52-img\"]"}
RESULT: {"using":"xpath","value":"//*[@id=\"__button52-img\"]"}
COMMAND: POST /session/764ef295c8f44d2e14b184d73c4fb1a3/element/f.809832546CBCDBCC14053EE8D21219E9.d.9CCD5228B8F310BB8DBC6247E679CE27.e.1848/click - {}
RESULT: {}
COMMAND: POST /session/764ef295c8f44d2e14b184d73c4fb1a3/execute/async - {"script":"<script> [1562 bytes]","args":[{"selector":{"id":"application-managesites-display-component---NewSite--siteId","interaction":{"idSuffix":"inner"}},"wdio_ui5_key":"applicationmanagesites-display-component---NewSite--siteId"}]}
COMMAND: GET /session/764ef295c8f44d2e14b184d73c4fb1a3/screenshot - {}
RESULT: {"script":"<script> [1562 bytes]","args":[{"selector":{"id":"application-managesites-display-component---NewSite--siteId","interaction":{"idSuffix":"inner"}},"wdio_ui5_key":"applicationmanagesites-display-component---NewSite--siteId"}]}
RESULT: undefined
COMMAND: POST /session/764ef295c8f44d2e14b184d73c4fb1a3/execute/async - {"script":"<script> [1562 bytes]","args":[{"selector":{"id":"application-managesites-display-component---NewSite--addressDetailDetailsName1","interaction":{"idSuffix":"inner"}},"wdio_ui5_key":"applicationmanagesites-display-component---NewSite--addressDetailDetailsName1"}]}
RESULT: {}
RESULT: {"script":"<script> [1562 bytes]","args":[{"selector":{"id":"application-managesites-display-component---NewSite--addressDetailDetailsName1","interaction":{"idSuffix":"inner"}},"wdio_ui5_key":"applicationmanagesites-display-component---NewSite--addressDetailDetailsName1"}]}
RESULT: undefined
COMMAND: POST /session/764ef295c8f44d2e14b184d73c4fb1a3/execute/async - {"script":"<script> [776 bytes]","args":[{"enterText":"WebdriverSitezj22r","selector":{"id":"application-managesites-display-component---NewSite--addressDetailDetailsName1","interaction":{"idSuffix":"inner"}},"clearTextFirst":true,"interactionType":"ENTER_TEXT"}]}
RESULT: {"script":"<script> [776 bytes]","args":[{"enterText":"WebdriverSitezj22r","selector":{"id":"application-managesites-display-component---NewSite--addressDetailDetailsName1","interaction":{"idSuffix":"inner"}},"clearTextFirst":true,"interactionType":"ENTER_TEXT"}]}
COMMAND: POST /session/764ef295c8f44d2e14b184d73c4fb1a3/execute/async - {"script":"<script> [1562 bytes]","args":[{"selector":{"id":"application-managesites-display-component---NewSite--addressDetailDetailsLanguage","interaction":{"idSuffix":"inner"}},"wdio_ui5_key":"applicationmanagesites-display-component---NewSite--addressDetailDetailsLanguage"}]}
RESULT: {"script":"<script> [1562 bytes]","args":[{"selector":{"id":"application-managesites-display-component---NewSite--addressDetailDetailsLanguage","interaction":{"idSuffix":"inner"}},"wdio_ui5_key":"applicationmanagesites-display-component---NewSite--addressDetailDetailsLanguage"}]}
RESULT: undefined
COMMAND: POST /session/764ef295c8f44d2e14b184d73c4fb1a3/execute/async - {"script":"<script> [776 bytes]","args":[{"enterText":"Romanian","selector":{"id":"application-managesites-display-component---NewSite--addressDetailDetailsLanguage","interaction":{"idSuffix":"inner"}},"clearTextFirst":true,"interactionType":"ENTER_TEXT"}]}
RESULT: {"script":"<script> [776 bytes]","args":[{"enterText":"Romanian","selector":{"id":"application-managesites-display-component---NewSite--addressDetailDetailsLanguage","interaction":{"idSuffix":"inner"}},"clearTextFirst":true,"interactionType":"ENTER_TEXT"}]}
COMMAND: POST /session/764ef295c8f44d2e14b184d73c4fb1a3/execute/async - {"script":"<script> [1562 bytes]","args":[{"selector":{"id":"application-managesites-display-component---NewSite--addressDetailDetailsCity1","interaction":{"idSuffix":"inner"}},"wdio_ui5_key":"applicationmanagesites-display-component---NewSite--addressDetailDetailsCity1"}]}
RESULT: {"script":"<script> [1562 bytes]","args":[{"selector":{"id":"application-managesites-display-component---NewSite--addressDetailDetailsCity1","interaction":{"idSuffix":"inner"}},"wdio_ui5_key":"applicationmanagesites-display-component---NewSite--addressDetailDetailsCity1"}]}
RESULT: undefined
COMMAND: POST /session/764ef295c8f44d2e14b184d73c4fb1a3/execute/async - {"script":"<script> [776 bytes]","args":[{"enterText":"Bucharest","selector":{"id":"application-managesites-display-component---NewSite--addressDetailDetailsCity1","interaction":{"idSuffix":"inner"}},"clearTextFirst":true,"interactionType":"ENTER_TEXT"}]}
RESULT: {"script":"<script> [776 bytes]","args":[{"enterText":"Bucharest","selector":{"id":"application-managesites-display-component---NewSite--addressDetailDetailsCity1","interaction":{"idSuffix":"inner"}},"clearTextFirst":true,"interactionType":"ENTER_TEXT"}]}
COMMAND: POST /session/764ef295c8f44d2e14b184d73c4fb1a3/execute/async - {"script":"<script> [1562 bytes]","args":[{"selector":{"id":"application-managesites-display-component---NewSite--addressDetailDetailsCountry","interaction":{"idSuffix":"inner"}},"wdio_ui5_key":"applicationmanagesites-display-component---NewSite--addressDetailDetailsCountry"}]}
RESULT: {"script":"<script> [1562 bytes]","args":[{"selector":{"id":"application-managesites-display-component---NewSite--addressDetailDetailsCountry","interaction":{"idSuffix":"inner"}},"wdio_ui5_key":"applicationmanagesites-display-component---NewSite--addressDetailDetailsCountry"}]}
RESULT: undefined
COMMAND: POST /session/764ef295c8f44d2e14b184d73c4fb1a3/execute/async - {"script":"<script> [776 bytes]","args":[{"enterText":"Romania","selector":{"id":"application-managesites-display-component---NewSite--addressDetailDetailsCountry","interaction":{"idSuffix":"inner"}},"clearTextFirst":true,"interactionType":"ENTER_TEXT"}]}
RESULT: {"script":"<script> [776 bytes]","args":[{"enterText":"Romania","selector":{"id":"application-managesites-display-component---NewSite--addressDetailDetailsCountry","interaction":{"idSuffix":"inner"}},"clearTextFirst":true,"interactionType":"ENTER_TEXT"}]}
COMMAND: POST /session/764ef295c8f44d2e14b184d73c4fb1a3/element - {"using":"css selector","value":"#application-managesites-display-component---NewSite--addressDetailDetailsCalendar-inner"}
RESULT: {"using":"css selector","value":"#application-managesites-display-component---NewSite--addressDetailDetailsCalendar-inner"}
COMMAND: POST /session/764ef295c8f44d2e14b184d73c4fb1a3/element/f.809832546CBCDBCC14053EE8D21219E9.d.9CCD5228B8F310BB8DBC6247E679CE27.e.2023/clear - {}
RESULT: {}
COMMAND: POST /session/764ef295c8f44d2e14b184d73c4fb1a3/element/f.809832546CBCDBCC14053EE8D21219E9.d.9CCD5228B8F310BB8DBC6247E679CE27.e.2023/value - {"text":"Germany"}
COMMAND: GET /session/764ef295c8f44d2e14b184d73c4fb1a3/screenshot - {}
RESULT: {"text":"Germany"}
COMMAND: POST /session/764ef295c8f44d2e14b184d73c4fb1a3/execute/async - {"script":"<script> [1562 bytes]","args":[{"selector":{"id":"application-managesites-display-component---NewSite--addressEditDetailsCostObjectCstType-arrow"},"wdio_ui5_key":"applicationmanagesites-display-component---NewSite--addressEditDetailsCostObjectCstType-arrow"}]}
COMMAND: GET /session/764ef295c8f44d2e14b184d73c4fb1a3/screenshot - {}
RESULT: {}
RESULT: {"script":"<script> [1562 bytes]","args":[{"selector":{"id":"application-managesites-display-component---NewSite--addressEditDetailsCostObjectCstType-arrow"},"wdio_ui5_key":"applicationmanagesites-display-component---NewSite--addressEditDetailsCostObjectCstType-arrow"}]}
RESULT: undefined
COMMAND: POST /session/764ef295c8f44d2e14b184d73c4fb1a3/element - {"using":"xpath","value":"//*[@id=\"application-managesites-display-component---NewSite--addressEditDetailsCostObjectCstType-arrow\"]"}
RESULT: {}
RESULT: {"using":"xpath","value":"//*[@id=\"application-managesites-display-component---NewSite--addressEditDetailsCostObjectCstType-arrow\"]"}
COMMAND: POST /session/764ef295c8f44d2e14b184d73c4fb1a3/element/f.809832546CBCDBCC14053EE8D21219E9.d.9CCD5228B8F310BB8DBC6247E679CE27.e.2208/click - {}
RESULT: {}
COMMAND: POST /session/764ef295c8f44d2e14b184d73c4fb1a3/element - {"using":"xpath","value":"//span[contains(text(), \"Work Breakdown Structure\")]"}
COMMAND: GET /session/764ef295c8f44d2e14b184d73c4fb1a3/screenshot - {}
RESULT: {"using":"xpath","value":"//span[contains(text(), \"Work Breakdown Structure\")]"}
COMMAND: POST /session/764ef295c8f44d2e14b184d73c4fb1a3/element/f.809832546CBCDBCC14053EE8D21219E9.d.9CCD5228B8F310BB8DBC6247E679CE27.e.2209/click - {}
RESULT: {}
RESULT: {}
COMMAND: GET /session/764ef295c8f44d2e14b184d73c4fb1a3/screenshot - {}
RESULT: {}
RESULT: undefined
COMMAND: POST /session/764ef295c8f44d2e14b184d73c4fb1a3/execute/async - {"script":"<script> [1562 bytes]","args":[{"selector":{"id":"application-managesites-display-component---NewSite--addressNewCostObjectCstID-vhi"},"wdio_ui5_key":"applicationmanagesites-display-component---NewSite--addressNewCostObjectCstID-vhi"}]}
RESULT: {"script":"<script> [1562 bytes]","args":[{"selector":{"id":"application-managesites-display-component---NewSite--addressNewCostObjectCstID-vhi"},"wdio_ui5_key":"applicationmanagesites-display-component---NewSite--addressNewCostObjectCstID-vhi"}]}
RESULT: undefined
COMMAND: POST /session/764ef295c8f44d2e14b184d73c4fb1a3/element - {"using":"xpath","value":"//*[@id=\"application-managesites-display-component---NewSite--addressNewCostObjectCstID-vhi\"]"}
RESULT: {"using":"xpath","value":"//*[@id=\"application-managesites-display-component---NewSite--addressNewCostObjectCstID-vhi\"]"}
COMMAND: POST /session/764ef295c8f44d2e14b184d73c4fb1a3/element/f.809832546CBCDBCC14053EE8D21219E9.d.9CCD5228B8F310BB8DBC6247E679CE27.e.2214/click - {}
RESULT: {}
COMMAND: GET /session/764ef295c8f44d2e14b184d73c4fb1a3/screenshot - {}
RESULT: {}
COMMAND: POST /session/764ef295c8f44d2e14b184d73c4fb1a3/execute/async - {"script":"<script> [1562 bytes]","args":[{"selector":{"controlType":"sap.m.SearchField","properties":{"placeholder":"Search"},"searchOpenDialogs":true,"interaction":{"idSuffix":"I"}},"wdio_ui5_key":"sapm.SearchField{\"placeholder\":\"Search\"}"}]}
RESULT: {"script":"<script> [1562 bytes]","args":[{"selector":{"controlType":"sap.m.SearchField","properties":{"placeholder":"Search"},"searchOpenDialogs":true,"interaction":{"idSuffix":"I"}},"wdio_ui5_key":"sapm.SearchField{\"placeholder\":\"Search\"}"}]}
RESULT: undefined
COMMAND: POST /session/764ef295c8f44d2e14b184d73c4fb1a3/execute/async - {"script":"<script> [776 bytes]","args":[{"enterText":"A1-000100-01","selector":{"controlType":"sap.m.SearchField","properties":{"placeholder":"Search"},"searchOpenDialogs":true,"interaction":{"idSuffix":"I"}},"clearTextFirst":true,"interactionType":"ENTER_TEXT"}]}
RESULT: {"script":"<script> [776 bytes]","args":[{"enterText":"A1-000100-01","selector":{"controlType":"sap.m.SearchField","properties":{"placeholder":"Search"},"searchOpenDialogs":true,"interaction":{"idSuffix":"I"}},"clearTextFirst":true,"interactionType":"ENTER_TEXT"}]}
COMMAND: POST /session/764ef295c8f44d2e14b184d73c4fb1a3/actions - {"actions":[{"id":"action3","type":"key","parameters":{},"actions":[{"type":"keyDown","value":""},{"type":"pause","duration":10},{"type":"keyUp","value":""}]}]}
RESULT: {"actions":[{"id":"action3","type":"key","parameters":{},"actions":[{"type":"keyDown","value":""},{"type":"pause","duration":10},{"type":"keyUp","value":""}]}]}
COMMAND: GET /session/764ef295c8f44d2e14b184d73c4fb1a3/screenshot - {}
RESULT: {}
COMMAND: POST /session/764ef295c8f44d2e14b184d73c4fb1a3/element - {"using":"xpath","value":"//span[contains(text(), \"Template for ETO-Process\")]"}
RESULT: {"using":"xpath","value":"//span[contains(text(), \"Template for ETO-Process\")]"}
COMMAND: POST /session/764ef295c8f44d2e14b184d73c4fb1a3/element/f.809832546CBCDBCC14053EE8D21219E9.d.9CCD5228B8F310BB8DBC6247E679CE27.e.2234/click - {}
RESULT: {}
COMMAND: GET /session/764ef295c8f44d2e14b184d73c4fb1a3/screenshot - {}
RESULT: {}
COMMAND: POST /session/764ef295c8f44d2e14b184d73c4fb1a3/element - {"using":"xpath","value":"//bdi[contains(text(), \"OK\")]"}
RESULT: {"using":"xpath","value":"//bdi[contains(text(), \"OK\")]"}
COMMAND: POST /session/764ef295c8f44d2e14b184d73c4fb1a3/element/f.809832546CBCDBCC14053EE8D21219E9.d.9CCD5228B8F310BB8DBC6247E679CE27.e.2235/click - {}
RESULT: {}
COMMAND: GET /session/764ef295c8f44d2e14b184d73c4fb1a3/screenshot - {}
RESULT: {}
COMMAND: POST /session/764ef295c8f44d2e14b184d73c4fb1a3/element - {"using":"xpath","value":"//input[@id=\"application-managesites-display-component---NewSite--addressDetailDetailsYard-inner\"]"}
RESULT: {"using":"xpath","value":"//input[@id=\"application-managesites-display-component---NewSite--addressDetailDetailsYard-inner\"]"}
COMMAND: POST /session/764ef295c8f44d2e14b184d73c4fb1a3/element/f.809832546CBCDBCC14053EE8D21219E9.d.9CCD5228B8F310BB8DBC6247E679CE27.e.2024/value - {"text":"WebdriverYardsn1ov"}
RESULT: {"text":"WebdriverYardsn1ov"}
COMMAND: GET /session/764ef295c8f44d2e14b184d73c4fb1a3/screenshot - {}
RESULT: {}
COMMAND: POST /session/764ef295c8f44d2e14b184d73c4fb1a3/actions - {"actions":[{"id":"action4","type":"key","parameters":{},"actions":[{"type":"keyDown","value":""},{"type":"pause","duration":10},{"type":"keyUp","value":""}]}]}
RESULT: {"actions":[{"id":"action4","type":"key","parameters":{},"actions":[{"type":"keyDown","value":""},{"type":"pause","duration":10},{"type":"keyUp","value":""}]}]}
COMMAND: GET /session/764ef295c8f44d2e14b184d73c4fb1a3/screenshot - {}
RESULT: {}
COMMAND: POST /session/764ef295c8f44d2e14b184d73c4fb1a3/element - {"using":"xpath","value":"//input[@id=\"application-managesites-display-component---NewSite--addressDetailDetailsPartner-inner\"]"}
RESULT: {"using":"xpath","value":"//input[@id=\"application-managesites-display-component---NewSite--addressDetailDetailsPartner-inner\"]"}
COMMAND: POST /session/764ef295c8f44d2e14b184d73c4fb1a3/elements - {"using":"xpath","value":"//input[@id=\"application-managesites-display-component---NewSite--addressDetailDetailsPartner-inner\"]"}
RESULT: {"using":"xpath","value":"//input[@id=\"application-managesites-display-component---NewSite--addressDetailDetailsPartner-inner\"]"}
COMMAND: POST /session/764ef295c8f44d2e14b184d73c4fb1a3/execute/async - {"script":"<script> [1562 bytes]","args":[{"selector":{"controlType":"sap.m.Button","viewName":"etm.portal.ui.managesites.view.NewSmartSite","viewId":"application-managesites-display-component---NewSite","properties":{"text":"Commercial"},"interaction":{"idSuffix":"BDI-content"}},"wdio_ui5_key":"etmportal.ui.managesites.view.NewSmartSitesap.m.Button{\"text\":\"Commercial\"}"}]}
RESULT: {"script":"<script> [1562 bytes]","args":[{"selector":{"controlType":"sap.m.Button","viewName":"etm.portal.ui.managesites.view.NewSmartSite","viewId":"application-managesites-display-component---NewSite","properties":{"text":"Commercial"},"interaction":{"idSuffix":"BDI-content"}},"wdio_ui5_key":"etmportal.ui.managesites.view.NewSmartSitesap.m.Button{\"text\":\"Commercial\"}"}]}
RESULT: undefined
COMMAND: POST /session/764ef295c8f44d2e14b184d73c4fb1a3/element - {"using":"xpath","value":"//*[@id=\"application-managesites-display-component---NewSite--ObjectPageLayout-anchBar-__section31-anchor\"]"}
RESULT: {"using":"xpath","value":"//*[@id=\"application-managesites-display-component---NewSite--ObjectPageLayout-anchBar-__section31-anchor\"]"}
COMMAND: POST /session/764ef295c8f44d2e14b184d73c4fb1a3/element/f.809832546CBCDBCC14053EE8D21219E9.d.9CCD5228B8F310BB8DBC6247E679CE27.e.2242/click - {}
RESULT: {}
COMMAND: POST /session/764ef295c8f44d2e14b184d73c4fb1a3/execute/async - {"script":"<script> [1562 bytes]","args":[{"selector":{"controlType":"sap.m.Button","viewName":"etm.portal.ui.managesites.view.NewSmartSite","viewId":"application-managesites-display-component---NewSite","i18NText":{"propertyName":"text","key":"save"},"interaction":{"idSuffix":"BDI-content"}},"wdio_ui5_key":"etmportal.ui.managesites.view.NewSmartSitesap.m.Button{\"propertyName\":\"text\",\"key\":\"save\"}"}]}
COMMAND: GET /session/764ef295c8f44d2e14b184d73c4fb1a3/screenshot - {}
RESULT: {"script":"<script> [1562 bytes]","args":[{"selector":{"controlType":"sap.m.Button","viewName":"etm.portal.ui.managesites.view.NewSmartSite","viewId":"application-managesites-display-component---NewSite","i18NText":{"propertyName":"text","key":"save"},"interaction":{"idSuffix":"BDI-content"}},"wdio_ui5_key":"etmportal.ui.managesites.view.NewSmartSitesap.m.Button{\"propertyName\":\"text\",\"key\":\"save\"}"}]}
RESULT: undefined
COMMAND: POST /session/764ef295c8f44d2e14b184d73c4fb1a3/element - {"using":"xpath","value":"//*[@id=\"__button64\"]"}
RESULT: {}
RESULT: {"using":"xpath","value":"//*[@id=\"__button64\"]"}
COMMAND: POST /session/764ef295c8f44d2e14b184d73c4fb1a3/element/f.809832546CBCDBCC14053EE8D21219E9.d.9CCD5228B8F310BB8DBC6247E679CE27.e.2188/click - {}
RESULT: {}
COMMAND: GET /session/764ef295c8f44d2e14b184d73c4fb1a3/screenshot - {}
RESULT: {}
COMMAND: POST /session/764ef295c8f44d2e14b184d73c4fb1a3/execute/async - {"script":"<script> [1562 bytes]","args":[{"selector":{"id":"application-managesites-display-component---detailSite--addressDetailDetailsYardText"},"wdio_ui5_key":"applicationmanagesites-display-component---detailSite--addressDetailDetailsYardText"}]}
RESULT: {"script":"<script> [1562 bytes]","args":[{"selector":{"id":"application-managesites-display-component---detailSite--addressDetailDetailsYardText"},"wdio_ui5_key":"applicationmanagesites-display-component---detailSite--addressDetailDetailsYardText"}]}
RESULT: undefined
COMMAND: POST /session/764ef295c8f44d2e14b184d73c4fb1a3/element - {"using":"xpath","value":"//header/div/div[2]/div[2]/span"}
RESULT: {"using":"xpath","value":"//header/div/div[2]/div[2]/span"}
COMMAND: GET /session/764ef295c8f44d2e14b184d73c4fb1a3/element/f.809832546CBCDBCC14053EE8D21219E9.d.9CCD5228B8F310BB8DBC6247E679CE27.e.2431/text - {}
RESULT: {}
COMMAND: POST /session/764ef295c8f44d2e14b184d73c4fb1a3/element - {"using":"xpath","value":"//header/div/div/div/div/div/div[2]/div/span"}
RESULT: {"using":"xpath","value":"//header/div/div/div/div/div/div[2]/div/span"}
COMMAND: GET /session/764ef295c8f44d2e14b184d73c4fb1a3/element/f.809832546CBCDBCC14053EE8D21219E9.d.9CCD5228B8F310BB8DBC6247E679CE27.e.2432/text - {}
RESULT: {}
COMMAND: POST /session/764ef295c8f44d2e14b184d73c4fb1a3/element - {"using":"css selector","value":"#shell-header-logo"}
RESULT: {"using":"css selector","value":"#shell-header-logo"}
COMMAND: POST /session/764ef295c8f44d2e14b184d73c4fb1a3/element/f.809832546CBCDBCC14053EE8D21219E9.d.9CCD5228B8F310BB8DBC6247E679CE27.e.1803/click - {}
RESULT: {}
COMMAND: GET /session/764ef295c8f44d2e14b184d73c4fb1a3/screenshot - {}
RESULT: {}
]]></system-out>
    </testcase>
    <testcase classname="chrome.137_0_7151_69.windows.Manage_Requests_Tags_Tests_US120163" name="Should Create New Request Tags" time="206.739">
      <system-out><![CDATA[
COMMAND: POST /session/764ef295c8f44d2e14b184d73c4fb1a3/execute/async - {"script":"<script> [1562 bytes]","args":[{"selector":{"controlType":"sap.m.GenericTile","properties":{"header":"Manage Requests"}},"wdio_ui5_key":"sapm.GenericTile{\"header\":\"Manage Requests\"}"}]}
RESULT: {"script":"<script> [1562 bytes]","args":[{"selector":{"controlType":"sap.m.GenericTile","properties":{"header":"Manage Requests"}},"wdio_ui5_key":"sapm.GenericTile{\"header\":\"Manage Requests\"}"}]}
RESULT: undefined
COMMAND: POST /session/764ef295c8f44d2e14b184d73c4fb1a3/element - {"using":"xpath","value":"//*[@id=\"__tile48\"]"}
RESULT: {"using":"xpath","value":"//*[@id=\"__tile48\"]"}
COMMAND: POST /session/764ef295c8f44d2e14b184d73c4fb1a3/element/f.809832546CBCDBCC14053EE8D21219E9.d.9CCD5228B8F310BB8DBC6247E679CE27.e.2435/click - {}
RESULT: {}
COMMAND: GET /session/764ef295c8f44d2e14b184d73c4fb1a3/screenshot - {}
RESULT: {}
COMMAND: POST /session/764ef295c8f44d2e14b184d73c4fb1a3/elements - {"using":"xpath","value":"//span[text()='Error']"}
RESULT: {"using":"xpath","value":"//span[text()='Error']"}
COMMAND: POST /session/764ef295c8f44d2e14b184d73c4fb1a3/element - {"using":"xpath","value":"//button[contains(@data-kt ,\"btnCreateNewOverflowToolbarButton\")]"}
COMMAND: POST /session/764ef295c8f44d2e14b184d73c4fb1a3/element - {"using":"xpath","value":"(//span[contains(@class ,\"sapMObjStatusText\")])[1]"}
RESULT: {"using":"xpath","value":"//button[contains(@data-kt ,\"btnCreateNewOverflowToolbarButton\")]"}
COMMAND: POST /session/764ef295c8f44d2e14b184d73c4fb1a3/element/f.809832546CBCDBCC14053EE8D21219E9.d.9CCD5228B8F310BB8DBC6247E679CE27.e.2491/click - {}
RESULT: {"using":"xpath","value":"(//span[contains(@class ,\"sapMObjStatusText\")])[1]"}
COMMAND: POST /session/764ef295c8f44d2e14b184d73c4fb1a3/execute/sync - {"script":"<script> [8489 bytes]","args":[{"element-6066-11e4-a52e-4f735466cecf":"f.809832546CBCDBCC14053EE8D21219E9.d.9CCD5228B8F310BB8DBC6247E679CE27.e.2532","ELEMENT":"f.809832546CBCDBCC14053EE8D21219E9.d.9CCD5228B8F310BB8DBC6247E679CE27.e.2532"}]}
RESULT: {}
COMMAND: GET /session/764ef295c8f44d2e14b184d73c4fb1a3/screenshot - {}
RESULT: {"script":"<script> [8489 bytes]","args":[{"element-6066-11e4-a52e-4f735466cecf":"f.809832546CBCDBCC14053EE8D21219E9.d.9CCD5228B8F310BB8DBC6247E679CE27.e.2532","ELEMENT":"f.809832546CBCDBCC14053EE8D21219E9.d.9CCD5228B8F310BB8DBC6247E679CE27.e.2532"}]}
COMMAND: GET /session/764ef295c8f44d2e14b184d73c4fb1a3/screenshot - {}
RESULT: {}
RESULT: {}
COMMAND: POST /session/764ef295c8f44d2e14b184d73c4fb1a3/element - {"using":"xpath","value":"//input[contains(@id ,\"yardId-inner\")]"}
RESULT: {"using":"xpath","value":"//input[contains(@id ,\"yardId-inner\")]"}
COMMAND: POST /session/764ef295c8f44d2e14b184d73c4fb1a3/execute/sync - {"script":"<script> [8489 bytes]","args":[{"element-6066-11e4-a52e-4f735466cecf":"f.809832546CBCDBCC14053EE8D21219E9.d.9CCD5228B8F310BB8DBC6247E679CE27.e.2614","ELEMENT":"f.809832546CBCDBCC14053EE8D21219E9.d.9CCD5228B8F310BB8DBC6247E679CE27.e.2614"}]}
RESULT: {"script":"<script> [8489 bytes]","args":[{"element-6066-11e4-a52e-4f735466cecf":"f.809832546CBCDBCC14053EE8D21219E9.d.9CCD5228B8F310BB8DBC6247E679CE27.e.2614","ELEMENT":"f.809832546CBCDBCC14053EE8D21219E9.d.9CCD5228B8F310BB8DBC6247E679CE27.e.2614"}]}
COMMAND: POST /session/764ef295c8f44d2e14b184d73c4fb1a3/element - {"using":"xpath","value":"//input[contains(@id ,\"yardId-inner\")]"}
COMMAND: GET /session/764ef295c8f44d2e14b184d73c4fb1a3/screenshot - {}
RESULT: {"using":"xpath","value":"//input[contains(@id ,\"yardId-inner\")]"}
COMMAND: GET /session/764ef295c8f44d2e14b184d73c4fb1a3/element/f.809832546CBCDBCC14053EE8D21219E9.d.9CCD5228B8F310BB8DBC6247E679CE27.e.2614/enabled - {}
RESULT: {}
RESULT: {}
COMMAND: POST /session/764ef295c8f44d2e14b184d73c4fb1a3/element/f.809832546CBCDBCC14053EE8D21219E9.d.9CCD5228B8F310BB8DBC6247E679CE27.e.2614/clear - {}
COMMAND: GET /session/764ef295c8f44d2e14b184d73c4fb1a3/screenshot - {}
RESULT: {}
COMMAND: POST /session/764ef295c8f44d2e14b184d73c4fb1a3/element/f.809832546CBCDBCC14053EE8D21219E9.d.9CCD5228B8F310BB8DBC6247E679CE27.e.2614/value - {"text":"WebdriverYardsn1ov"}
COMMAND: GET /session/764ef295c8f44d2e14b184d73c4fb1a3/screenshot - {}
RESULT: {}
RESULT: {"text":"WebdriverYardsn1ov"}
COMMAND: GET /session/764ef295c8f44d2e14b184d73c4fb1a3/screenshot - {}
RESULT: {}
RESULT: {}
COMMAND: POST /session/764ef295c8f44d2e14b184d73c4fb1a3/element - {"using":"xpath","value":"//input[contains(@id ,\"customerNumber-inner\")]"}
RESULT: {"using":"xpath","value":"//input[contains(@id ,\"customerNumber-inner\")]"}
COMMAND: POST /session/764ef295c8f44d2e14b184d73c4fb1a3/element/f.809832546CBCDBCC14053EE8D21219E9.d.9CCD5228B8F310BB8DBC6247E679CE27.e.2608/value - {"text":"WebdriverPartnerex9g5j"}
COMMAND: POST /session/764ef295c8f44d2e14b184d73c4fb1a3/actions - {"actions":[{"id":"action5","type":"key","parameters":{},"actions":[{"type":"keyDown","value":""},{"type":"pause","duration":10},{"type":"keyUp","value":""}]}]}
RESULT: {"text":"WebdriverPartnerex9g5j"}
COMMAND: GET /session/764ef295c8f44d2e14b184d73c4fb1a3/screenshot - {}
RESULT: {"actions":[{"id":"action5","type":"key","parameters":{},"actions":[{"type":"keyDown","value":""},{"type":"pause","duration":10},{"type":"keyUp","value":""}]}]}
COMMAND: GET /session/764ef295c8f44d2e14b184d73c4fb1a3/screenshot - {}
RESULT: {}
RESULT: {}
COMMAND: POST /session/764ef295c8f44d2e14b184d73c4fb1a3/element/f.809832546CBCDBCC14053EE8D21219E9.d.9CCD5228B8F310BB8DBC6247E679CE27.e.2614/clear - {}
RESULT: {}
COMMAND: POST /session/764ef295c8f44d2e14b184d73c4fb1a3/element/f.809832546CBCDBCC14053EE8D21219E9.d.9CCD5228B8F310BB8DBC6247E679CE27.e.2614/clear - {}
COMMAND: GET /session/764ef295c8f44d2e14b184d73c4fb1a3/screenshot - {}
RESULT: {}
COMMAND: POST /session/764ef295c8f44d2e14b184d73c4fb1a3/element/f.809832546CBCDBCC14053EE8D21219E9.d.9CCD5228B8F310BB8DBC6247E679CE27.e.2614/value - {"text":"WebdriverYardsn1ov"}
RESULT: {}
COMMAND: GET /session/764ef295c8f44d2e14b184d73c4fb1a3/screenshot - {}
RESULT: {"text":"WebdriverYardsn1ov"}
COMMAND: GET /session/764ef295c8f44d2e14b184d73c4fb1a3/screenshot - {}
RESULT: {}
RESULT: {}
COMMAND: POST /session/764ef295c8f44d2e14b184d73c4fb1a3/actions - {"actions":[{"id":"action6","type":"key","parameters":{},"actions":[{"type":"keyDown","value":""},{"type":"pause","duration":10},{"type":"keyUp","value":""}]}]}
RESULT: {"actions":[{"id":"action6","type":"key","parameters":{},"actions":[{"type":"keyDown","value":""},{"type":"pause","duration":10},{"type":"keyUp","value":""}]}]}
COMMAND: GET /session/764ef295c8f44d2e14b184d73c4fb1a3/screenshot - {}
RESULT: {}
COMMAND: GET /session/764ef295c8f44d2e14b184d73c4fb1a3/element/f.809832546CBCDBCC14053EE8D21219E9.d.9CCD5228B8F310BB8DBC6247E679CE27.e.2608/property/value - {}
RESULT: {}
COMMAND: POST /session/764ef295c8f44d2e14b184d73c4fb1a3/element/f.809832546CBCDBCC14053EE8D21219E9.d.9CCD5228B8F310BB8DBC6247E679CE27.e.2608/clear - {}
COMMAND: GET /session/764ef295c8f44d2e14b184d73c4fb1a3/screenshot - {}
RESULT: {}
COMMAND: GET /session/764ef295c8f44d2e14b184d73c4fb1a3/screenshot - {}
RESULT: {}
COMMAND: POST /session/764ef295c8f44d2e14b184d73c4fb1a3/actions - {"actions":[{"id":"action7","type":"key","parameters":{},"actions":[{"type":"keyDown","value":""},{"type":"pause","duration":10},{"type":"keyUp","value":""}]}]}
RESULT: {}
RESULT: {"actions":[{"id":"action7","type":"key","parameters":{},"actions":[{"type":"keyDown","value":""},{"type":"pause","duration":10},{"type":"keyUp","value":""}]}]}
COMMAND: GET /session/764ef295c8f44d2e14b184d73c4fb1a3/screenshot - {}
RESULT: {}
COMMAND: POST /session/764ef295c8f44d2e14b184d73c4fb1a3/element/f.809832546CBCDBCC14053EE8D21219E9.d.9CCD5228B8F310BB8DBC6247E679CE27.e.2608/value - {"text":"WebdriverPartnerex9g5j"}
RESULT: {"text":"WebdriverPartnerex9g5j"}
COMMAND: GET /session/764ef295c8f44d2e14b184d73c4fb1a3/screenshot - {}
RESULT: {}
COMMAND: POST /session/764ef295c8f44d2e14b184d73c4fb1a3/actions - {"actions":[{"id":"action8","type":"key","parameters":{},"actions":[{"type":"keyDown","value":""},{"type":"pause","duration":10},{"type":"keyUp","value":""}]}]}
RESULT: {"actions":[{"id":"action8","type":"key","parameters":{},"actions":[{"type":"keyDown","value":""},{"type":"pause","duration":10},{"type":"keyUp","value":""}]}]}
COMMAND: GET /session/764ef295c8f44d2e14b184d73c4fb1a3/screenshot - {}
RESULT: {}
COMMAND: POST /session/764ef295c8f44d2e14b184d73c4fb1a3/element - {"using":"xpath","value":"//input[contains(@id ,\"requestSiteId-inner\")]"}
RESULT: {"using":"xpath","value":"//input[contains(@id ,\"requestSiteId-inner\")]"}
COMMAND: POST /session/764ef295c8f44d2e14b184d73c4fb1a3/element/f.809832546CBCDBCC14053EE8D21219E9.d.9CCD5228B8F310BB8DBC6247E679CE27.e.2607/value - {"text":"WebdriverSitezj22r"}
RESULT: {"text":"WebdriverSitezj22r"}
COMMAND: GET /session/764ef295c8f44d2e14b184d73c4fb1a3/screenshot - {}
RESULT: {}
COMMAND: POST /session/764ef295c8f44d2e14b184d73c4fb1a3/actions - {"actions":[{"id":"action9","type":"key","parameters":{},"actions":[{"type":"keyDown","value":""},{"type":"pause","duration":10},{"type":"keyUp","value":""}]}]}
RESULT: {"actions":[{"id":"action9","type":"key","parameters":{},"actions":[{"type":"keyDown","value":""},{"type":"pause","duration":10},{"type":"keyUp","value":""}]}]}
COMMAND: GET /session/764ef295c8f44d2e14b184d73c4fb1a3/screenshot - {}
RESULT: {}
COMMAND: POST /session/764ef295c8f44d2e14b184d73c4fb1a3/execute/async - {"script":"<script> [1562 bytes]","args":[{"selector":{"controlType":"sap.m.Input","viewName":"etm.portal.ui.managerequests.view.NewRequest","bindingPath":{"path":"","propertyPath":"/DESCRIPTION","modelName":"oNewRequestModel"},"interaction":{"idSuffix":"inner"}},"wdio_ui5_key":"etmportal.ui.managerequests.view.NewRequestsap.m.Input{\"path\":\"\",\"propertyPath\":\"/DESCRIPTION\",\"modelName\":\"oNewRequestModel\"}"}]}
RESULT: {"script":"<script> [1562 bytes]","args":[{"selector":{"controlType":"sap.m.Input","viewName":"etm.portal.ui.managerequests.view.NewRequest","bindingPath":{"path":"","propertyPath":"/DESCRIPTION","modelName":"oNewRequestModel"},"interaction":{"idSuffix":"inner"}},"wdio_ui5_key":"etmportal.ui.managerequests.view.NewRequestsap.m.Input{\"path\":\"\",\"propertyPath\":\"/DESCRIPTION\",\"modelName\":\"oNewRequestModel\"}"}]}
RESULT: undefined
COMMAND: POST /session/764ef295c8f44d2e14b184d73c4fb1a3/execute/async - {"script":"<script> [776 bytes]","args":[{"enterText":"Wdi5 Tags Test","selector":{"controlType":"sap.m.Input","viewName":"etm.portal.ui.managerequests.view.NewRequest","bindingPath":{"path":"","propertyPath":"/DESCRIPTION","modelName":"oNewRequestModel"},"interaction":{"idSuffix":"inner"}},"clearTextFirst":true,"interactionType":"ENTER_TEXT"}]}
RESULT: {"script":"<script> [776 bytes]","args":[{"enterText":"Wdi5 Tags Test","selector":{"controlType":"sap.m.Input","viewName":"etm.portal.ui.managerequests.view.NewRequest","bindingPath":{"path":"","propertyPath":"/DESCRIPTION","modelName":"oNewRequestModel"},"interaction":{"idSuffix":"inner"}},"clearTextFirst":true,"interactionType":"ENTER_TEXT"}]}
COMMAND: POST /session/764ef295c8f44d2e14b184d73c4fb1a3/execute/async - {"script":"<script> [1562 bytes]","args":[{"selector":{"id":"tagInputAdd","viewName":"etm.portal.ui.managerequests.view.NewRequest","interaction":{"idSuffix":"inner"}},"wdio_ui5_key":"tagInputAddetmportal.ui.managerequests.view.NewRequest"}]}
RESULT: {"script":"<script> [1562 bytes]","args":[{"selector":{"id":"tagInputAdd","viewName":"etm.portal.ui.managerequests.view.NewRequest","interaction":{"idSuffix":"inner"}},"wdio_ui5_key":"tagInputAddetmportal.ui.managerequests.view.NewRequest"}]}
RESULT: undefined
COMMAND: POST /session/764ef295c8f44d2e14b184d73c4fb1a3/execute/async - {"script":"<script> [776 bytes]","args":[{"enterText":"RefTag","selector":{"id":"tagInputAdd","viewName":"etm.portal.ui.managerequests.view.NewRequest","interaction":{"idSuffix":"inner"}},"clearTextFirst":true,"interactionType":"ENTER_TEXT"}]}
RESULT: {"script":"<script> [776 bytes]","args":[{"enterText":"RefTag","selector":{"id":"tagInputAdd","viewName":"etm.portal.ui.managerequests.view.NewRequest","interaction":{"idSuffix":"inner"}},"clearTextFirst":true,"interactionType":"ENTER_TEXT"}]}
COMMAND: POST /session/764ef295c8f44d2e14b184d73c4fb1a3/actions - {"actions":[{"id":"action10","type":"key","parameters":{},"actions":[{"type":"keyDown","value":""},{"type":"pause","duration":10},{"type":"keyUp","value":""}]}]}
RESULT: {"actions":[{"id":"action10","type":"key","parameters":{},"actions":[{"type":"keyDown","value":""},{"type":"pause","duration":10},{"type":"keyUp","value":""}]}]}
COMMAND: GET /session/764ef295c8f44d2e14b184d73c4fb1a3/screenshot - {}
RESULT: {}
RESULT: undefined
COMMAND: POST /session/764ef295c8f44d2e14b184d73c4fb1a3/execute/async - {"script":"<script> [776 bytes]","args":[{"enterText":"tag-header","selector":{"id":"tagInputAdd","viewName":"etm.portal.ui.managerequests.view.NewRequest","interaction":{"idSuffix":"inner"}},"clearTextFirst":true,"interactionType":"ENTER_TEXT"}]}
RESULT: {"script":"<script> [776 bytes]","args":[{"enterText":"tag-header","selector":{"id":"tagInputAdd","viewName":"etm.portal.ui.managerequests.view.NewRequest","interaction":{"idSuffix":"inner"}},"clearTextFirst":true,"interactionType":"ENTER_TEXT"}]}
COMMAND: POST /session/764ef295c8f44d2e14b184d73c4fb1a3/actions - {"actions":[{"id":"action11","type":"key","parameters":{},"actions":[{"type":"keyDown","value":""},{"type":"pause","duration":10},{"type":"keyUp","value":""}]}]}
RESULT: {"actions":[{"id":"action11","type":"key","parameters":{},"actions":[{"type":"keyDown","value":""},{"type":"pause","duration":10},{"type":"keyUp","value":""}]}]}
COMMAND: GET /session/764ef295c8f44d2e14b184d73c4fb1a3/screenshot - {}
RESULT: {}
RESULT: undefined
COMMAND: POST /session/764ef295c8f44d2e14b184d73c4fb1a3/execute/async - {"script":"<script> [776 bytes]","args":[{"enterText":"tag-duplicate","selector":{"id":"tagInputAdd","viewName":"etm.portal.ui.managerequests.view.NewRequest","interaction":{"idSuffix":"inner"}},"clearTextFirst":true,"interactionType":"ENTER_TEXT"}]}
RESULT: {"script":"<script> [776 bytes]","args":[{"enterText":"tag-duplicate","selector":{"id":"tagInputAdd","viewName":"etm.portal.ui.managerequests.view.NewRequest","interaction":{"idSuffix":"inner"}},"clearTextFirst":true,"interactionType":"ENTER_TEXT"}]}
COMMAND: POST /session/764ef295c8f44d2e14b184d73c4fb1a3/actions - {"actions":[{"id":"action12","type":"key","parameters":{},"actions":[{"type":"keyDown","value":""},{"type":"pause","duration":10},{"type":"keyUp","value":""}]}]}
RESULT: {"actions":[{"id":"action12","type":"key","parameters":{},"actions":[{"type":"keyDown","value":""},{"type":"pause","duration":10},{"type":"keyUp","value":""}]}]}
COMMAND: GET /session/764ef295c8f44d2e14b184d73c4fb1a3/screenshot - {}
RESULT: {}
COMMAND: POST /session/764ef295c8f44d2e14b184d73c4fb1a3/execute/async - {"script":"<script> [1562 bytes]","args":[{"selector":{"id":"tagsLayoutAdd","viewName":"etm.portal.ui.managerequests.view.NewRequest"},"wdio_ui5_key":"tagsLayoutAddetmportal.ui.managerequests.view.NewRequest"}]}
RESULT: {"script":"<script> [1562 bytes]","args":[{"selector":{"id":"tagsLayoutAdd","viewName":"etm.portal.ui.managerequests.view.NewRequest"},"wdio_ui5_key":"tagsLayoutAddetmportal.ui.managerequests.view.NewRequest"}]}
RESULT: undefined
COMMAND: POST /session/764ef295c8f44d2e14b184d73c4fb1a3/execute/async - {"script":"<script> [6424 bytes]","args":[{"element-6066-11e4-a52e-4f735466cecf":"f.809832546CBCDBCC14053EE8D21219E9.d.9CCD5228B8F310BB8DBC6247E679CE27.e.2765"},"getTokens",[]]}
RESULT: {"script":"<script> [6424 bytes]","args":[{"element-6066-11e4-a52e-4f735466cecf":"f.809832546CBCDBCC14053EE8D21219E9.d.9CCD5228B8F310BB8DBC6247E679CE27.e.2765"},"getTokens",[]]}
COMMAND: POST /session/764ef295c8f44d2e14b184d73c4fb1a3/execute/async - {"script":"<script> [1562 bytes]","args":[{"wdio_ui5_key":"__token9","selector":{"id":"__token9"}}]}
COMMAND: POST /session/764ef295c8f44d2e14b184d73c4fb1a3/execute/async - {"script":"<script> [1562 bytes]","args":[{"wdio_ui5_key":"__token10","selector":{"id":"__token10"}}]}
COMMAND: POST /session/764ef295c8f44d2e14b184d73c4fb1a3/execute/async - {"script":"<script> [1562 bytes]","args":[{"wdio_ui5_key":"__token8","selector":{"id":"__token8"}}]}
RESULT: {"script":"<script> [1562 bytes]","args":[{"wdio_ui5_key":"__token9","selector":{"id":"__token9"}}]}
RESULT: undefined
RESULT: {"script":"<script> [1562 bytes]","args":[{"wdio_ui5_key":"__token10","selector":{"id":"__token10"}}]}
RESULT: undefined
RESULT: {"script":"<script> [1562 bytes]","args":[{"wdio_ui5_key":"__token8","selector":{"id":"__token8"}}]}
RESULT: undefined
COMMAND: POST /session/764ef295c8f44d2e14b184d73c4fb1a3/execute/async - {"script":"<script> [1562 bytes]","args":[{"selector":{"controlType":"sap.ui.core.Icon","viewName":"etm.portal.ui.managerequests.view.NewRequest","properties":{"src":{"regex":{"source":"decline"}}},"ancestor":{"controlType":"sap.m.Token","viewName":"etm.portal.ui.managerequests.view.NewRequest","properties":{"text":"tag-duplicate"}}},"wdio_ui5_key":"etmportal.ui.managerequests.view.NewRequestsap.ui.core.Icon{\"src\":{\"regex\":{\"source\":\"decline\"}}}{\"controlType\":\"sap.m.Token\",\"viewName\":\"etm.portal.ui.managerequests.view.NewRequest\",\"properties\":{\"text\":\"tag-duplicate\"}}"}]}
RESULT: {"script":"<script> [1562 bytes]","args":[{"selector":{"controlType":"sap.ui.core.Icon","viewName":"etm.portal.ui.managerequests.view.NewRequest","properties":{"src":{"regex":{"source":"decline"}}},"ancestor":{"controlType":"sap.m.Token","viewName":"etm.portal.ui.managerequests.view.NewRequest","properties":{"text":"tag-duplicate"}}},"wdio_ui5_key":"etmportal.ui.managerequests.view.NewRequestsap.ui.core.Icon{\"src\":{\"regex\":{\"source\":\"decline\"}}}{\"controlType\":\"sap.m.Token\",\"viewName\":\"etm.portal.ui.managerequests.view.NewRequest\",\"properties\":{\"text\":\"tag-duplicate\"}}"}]}
RESULT: undefined
COMMAND: POST /session/764ef295c8f44d2e14b184d73c4fb1a3/element - {"using":"xpath","value":"//*[@id=\"__token10-icon\"]"}
RESULT: {"using":"xpath","value":"//*[@id=\"__token10-icon\"]"}
COMMAND: POST /session/764ef295c8f44d2e14b184d73c4fb1a3/element/f.809832546CBCDBCC14053EE8D21219E9.d.9CCD5228B8F310BB8DBC6247E679CE27.e.2796/click - {}
RESULT: {}
COMMAND: POST /session/764ef295c8f44d2e14b184d73c4fb1a3/execute/async - {"script":"<script> [1562 bytes]","args":[{"selector":{"controlType":"sap.ui.core.Icon","viewName":"etm.portal.ui.managerequests.view.NewRequest","properties":{"src":{"regex":{"source":"decline"}}},"ancestor":{"controlType":"sap.m.Token","viewName":"etm.portal.ui.managerequests.view.NewRequest","properties":{"text":"tag1"}}},"wdio_ui5_key":"etmportal.ui.managerequests.view.NewRequestsap.ui.core.Icon{\"src\":{\"regex\":{\"source\":\"decline\"}}}{\"controlType\":\"sap.m.Token\",\"viewName\":\"etm.portal.ui.managerequests.view.NewRequest\",\"properties\":{\"text\":\"tag1\"}}"}]}
COMMAND: GET /session/764ef295c8f44d2e14b184d73c4fb1a3/screenshot - {}
RESULT: {"script":"<script> [1562 bytes]","args":[{"selector":{"controlType":"sap.ui.core.Icon","viewName":"etm.portal.ui.managerequests.view.NewRequest","properties":{"src":{"regex":{"source":"decline"}}},"ancestor":{"controlType":"sap.m.Token","viewName":"etm.portal.ui.managerequests.view.NewRequest","properties":{"text":"tag1"}}},"wdio_ui5_key":"etmportal.ui.managerequests.view.NewRequestsap.ui.core.Icon{\"src\":{\"regex\":{\"source\":\"decline\"}}}{\"controlType\":\"sap.m.Token\",\"viewName\":\"etm.portal.ui.managerequests.view.NewRequest\",\"properties\":{\"text\":\"tag1\"}}"}]}
RESULT: undefined
RESULT: {}
COMMAND: POST /session/764ef295c8f44d2e14b184d73c4fb1a3/actions - {"actions":[{"id":"action13","type":"key","parameters":{},"actions":[{"type":"keyDown","value":""},{"type":"pause","duration":10},{"type":"keyUp","value":""}]}]}
RESULT: {"actions":[{"id":"action13","type":"key","parameters":{},"actions":[{"type":"keyDown","value":""},{"type":"pause","duration":10},{"type":"keyUp","value":""}]}]}
COMMAND: GET /session/764ef295c8f44d2e14b184d73c4fb1a3/screenshot - {}
RESULT: {}
RESULT: undefined
COMMAND: POST /session/764ef295c8f44d2e14b184d73c4fb1a3/execute/async - {"script":"<script> [6424 bytes]","args":[{"element-6066-11e4-a52e-4f735466cecf":"f.809832546CBCDBCC14053EE8D21219E9.d.9CCD5228B8F310BB8DBC6247E679CE27.e.2765"},"getTokens",[]]}
RESULT: {"script":"<script> [6424 bytes]","args":[{"element-6066-11e4-a52e-4f735466cecf":"f.809832546CBCDBCC14053EE8D21219E9.d.9CCD5228B8F310BB8DBC6247E679CE27.e.2765"},"getTokens",[]]}
RESULT: undefined
RESULT: undefined
COMMAND: POST /session/764ef295c8f44d2e14b184d73c4fb1a3/execute/async - {"script":"<script> [1562 bytes]","args":[{"selector":{"controlType":"sap.m.Button","viewName":"etm.portal.ui.managerequests.view.NewRequest","properties":{"text":"Items"},"interaction":{"idSuffix":"BDI-content"}},"wdio_ui5_key":"etmportal.ui.managerequests.view.NewRequestsap.m.Button{\"text\":\"Items\"}"}]}
RESULT: {"script":"<script> [1562 bytes]","args":[{"selector":{"controlType":"sap.m.Button","viewName":"etm.portal.ui.managerequests.view.NewRequest","properties":{"text":"Items"},"interaction":{"idSuffix":"BDI-content"}},"wdio_ui5_key":"etmportal.ui.managerequests.view.NewRequestsap.m.Button{\"text\":\"Items\"}"}]}
RESULT: undefined
COMMAND: POST /session/764ef295c8f44d2e14b184d73c4fb1a3/element - {"using":"xpath","value":"//*[@id=\"__xmlview60--newRequestPage-anchBar-__xmlview60--requestItemsSection-anchor\"]"}
RESULT: {"using":"xpath","value":"//*[@id=\"__xmlview60--newRequestPage-anchBar-__xmlview60--requestItemsSection-anchor\"]"}
COMMAND: POST /session/764ef295c8f44d2e14b184d73c4fb1a3/element/f.809832546CBCDBCC14053EE8D21219E9.d.9CCD5228B8F310BB8DBC6247E679CE27.e.2803/click - {}
RESULT: {}
COMMAND: GET /session/764ef295c8f44d2e14b184d73c4fb1a3/screenshot - {}
RESULT: {}
COMMAND: POST /session/764ef295c8f44d2e14b184d73c4fb1a3/execute/async - {"script":"<script> [1562 bytes]","args":[{"selector":{"controlType":"sap.ui.core.Icon","viewName":"etm.portal.ui.managerequests.view.NewRequest","properties":{"src":{"regex":{"source":"inspect"}}}},"wdio_ui5_key":"etmportal.ui.managerequests.view.NewRequestsap.ui.core.Icon{\"src\":{\"regex\":{\"source\":\"inspect\"}}}"}]}
RESULT: {"script":"<script> [1562 bytes]","args":[{"selector":{"controlType":"sap.ui.core.Icon","viewName":"etm.portal.ui.managerequests.view.NewRequest","properties":{"src":{"regex":{"source":"inspect"}}}},"wdio_ui5_key":"etmportal.ui.managerequests.view.NewRequestsap.ui.core.Icon{\"src\":{\"regex\":{\"source\":\"inspect\"}}}"}]}
RESULT: undefined
COMMAND: POST /session/764ef295c8f44d2e14b184d73c4fb1a3/element - {"using":"xpath","value":"//*[@id=\"__button114-img\"]"}
RESULT: {"using":"xpath","value":"//*[@id=\"__button114-img\"]"}
COMMAND: POST /session/764ef295c8f44d2e14b184d73c4fb1a3/element/f.809832546CBCDBCC14053EE8D21219E9.d.9CCD5228B8F310BB8DBC6247E679CE27.e.2808/click - {}
RESULT: {}
COMMAND: GET /session/764ef295c8f44d2e14b184d73c4fb1a3/screenshot - {}
RESULT: {}
COMMAND: POST /session/764ef295c8f44d2e14b184d73c4fb1a3/execute/async - {"script":"<script> [1562 bytes]","args":[{"selector":{"controlType":"sap.ui.core.Icon","viewName":"etm.portal.ui.managerequests.view.NewRequest","properties":{"src":{"regex":{"source":"add"}}}},"wdio_ui5_key":"etmportal.ui.managerequests.view.NewRequestsap.ui.core.Icon{\"src\":{\"regex\":{\"source\":\"add\"}}}"}]}
RESULT: {"script":"<script> [1562 bytes]","args":[{"selector":{"controlType":"sap.ui.core.Icon","viewName":"etm.portal.ui.managerequests.view.NewRequest","properties":{"src":{"regex":{"source":"add"}}}},"wdio_ui5_key":"etmportal.ui.managerequests.view.NewRequestsap.ui.core.Icon{\"src\":{\"regex\":{\"source\":\"add\"}}}"}]}
RESULT: undefined
COMMAND: POST /session/764ef295c8f44d2e14b184d73c4fb1a3/element - {"using":"xpath","value":"//*[@id=\"__xmlview60--btnAddTableRow-img\"]"}
RESULT: {"using":"xpath","value":"//*[@id=\"__xmlview60--btnAddTableRow-img\"]"}
COMMAND: POST /session/764ef295c8f44d2e14b184d73c4fb1a3/element/f.809832546CBCDBCC14053EE8D21219E9.d.9CCD5228B8F310BB8DBC6247E679CE27.e.2816/click - {}
RESULT: {}
COMMAND: GET /session/764ef295c8f44d2e14b184d73c4fb1a3/screenshot - {}
RESULT: {}
COMMAND: POST /session/764ef295c8f44d2e14b184d73c4fb1a3/execute/async - {"script":"<script> [1562 bytes]","args":[{"selector":{"controlType":"sap.ui.unified.MenuItem","viewName":"etm.portal.ui.managerequests.view.NewRequest","i18NText":{"propertyName":"text","key":"standardEntry"},"searchOpenDialogs":true,"interaction":{"idSuffix":"txt"}},"wdio_ui5_key":"etmportal.ui.managerequests.view.NewRequestsap.ui.unified.MenuItem{\"propertyName\":\"text\",\"key\":\"standardEntry\"}"}]}
RESULT: {"script":"<script> [1562 bytes]","args":[{"selector":{"controlType":"sap.ui.unified.MenuItem","viewName":"etm.portal.ui.managerequests.view.NewRequest","i18NText":{"propertyName":"text","key":"standardEntry"},"searchOpenDialogs":true,"interaction":{"idSuffix":"txt"}},"wdio_ui5_key":"etmportal.ui.managerequests.view.NewRequestsap.ui.unified.MenuItem{\"propertyName\":\"text\",\"key\":\"standardEntry\"}"}]}
RESULT: undefined
COMMAND: POST /session/764ef295c8f44d2e14b184d73c4fb1a3/element - {"using":"xpath","value":"//*[@id=\"__item992\"]"}
RESULT: {"using":"xpath","value":"//*[@id=\"__item992\"]"}
COMMAND: POST /session/764ef295c8f44d2e14b184d73c4fb1a3/element/f.809832546CBCDBCC14053EE8D21219E9.d.9CCD5228B8F310BB8DBC6247E679CE27.e.2819/click - {}
RESULT: {}
COMMAND: GET /session/764ef295c8f44d2e14b184d73c4fb1a3/screenshot - {}
RESULT: {}
RESULT: undefined
COMMAND: POST /session/764ef295c8f44d2e14b184d73c4fb1a3/element - {"using":"xpath","value":"//*[@id=\"__xmlview60--btnAddTableRow-img\"]"}
RESULT: {"using":"xpath","value":"//*[@id=\"__xmlview60--btnAddTableRow-img\"]"}
COMMAND: POST /session/764ef295c8f44d2e14b184d73c4fb1a3/element/f.809832546CBCDBCC14053EE8D21219E9.d.9CCD5228B8F310BB8DBC6247E679CE27.e.2816/click - {}
RESULT: {}
COMMAND: GET /session/764ef295c8f44d2e14b184d73c4fb1a3/screenshot - {}
RESULT: {}
RESULT: undefined
COMMAND: POST /session/764ef295c8f44d2e14b184d73c4fb1a3/element - {"using":"xpath","value":"//*[@id=\"__item992\"]"}
RESULT: {"using":"xpath","value":"//*[@id=\"__item992\"]"}
COMMAND: POST /session/764ef295c8f44d2e14b184d73c4fb1a3/element/f.809832546CBCDBCC14053EE8D21219E9.d.9CCD5228B8F310BB8DBC6247E679CE27.e.2840/click - {}
RESULT: {}
COMMAND: GET /session/764ef295c8f44d2e14b184d73c4fb1a3/screenshot - {}
RESULT: {}
COMMAND: POST /session/764ef295c8f44d2e14b184d73c4fb1a3/element - {"using":"xpath","value":"(//input[contains(@id ,\"requestItemsTable-0-inner\")])[5]"}
RESULT: {"using":"xpath","value":"(//input[contains(@id ,\"requestItemsTable-0-inner\")])[5]"}
COMMAND: POST /session/764ef295c8f44d2e14b184d73c4fb1a3/element/f.809832546CBCDBCC14053EE8D21219E9.d.9CCD5228B8F310BB8DBC6247E679CE27.e.2831/clear - {}
RESULT: {}
COMMAND: POST /session/764ef295c8f44d2e14b184d73c4fb1a3/element/f.809832546CBCDBCC14053EE8D21219E9.d.9CCD5228B8F310BB8DBC6247E679CE27.e.2831/value - {"text":"1000001"}
COMMAND: GET /session/764ef295c8f44d2e14b184d73c4fb1a3/screenshot - {}
RESULT: {"text":"1000001"}
COMMAND: GET /session/764ef295c8f44d2e14b184d73c4fb1a3/screenshot - {}
RESULT: {}
RESULT: {}
COMMAND: POST /session/764ef295c8f44d2e14b184d73c4fb1a3/actions - {"actions":[{"id":"action14","type":"key","parameters":{},"actions":[{"type":"keyDown","value":""},{"type":"pause","duration":10},{"type":"keyUp","value":""}]}]}
RESULT: {"actions":[{"id":"action14","type":"key","parameters":{},"actions":[{"type":"keyDown","value":""},{"type":"pause","duration":10},{"type":"keyUp","value":""}]}]}
COMMAND: POST /session/764ef295c8f44d2e14b184d73c4fb1a3/element - {"using":"xpath","value":"(//input[contains(@id ,\"requestItemsTable-1-inner\")])[5]"}
COMMAND: GET /session/764ef295c8f44d2e14b184d73c4fb1a3/screenshot - {}
RESULT: {"using":"xpath","value":"(//input[contains(@id ,\"requestItemsTable-1-inner\")])[5]"}
COMMAND: POST /session/764ef295c8f44d2e14b184d73c4fb1a3/element/f.809832546CBCDBCC14053EE8D21219E9.d.9CCD5228B8F310BB8DBC6247E679CE27.e.2846/clear - {}
RESULT: {}
RESULT: {}
COMMAND: POST /session/764ef295c8f44d2e14b184d73c4fb1a3/element/f.809832546CBCDBCC14053EE8D21219E9.d.9CCD5228B8F310BB8DBC6247E679CE27.e.2846/value - {"text":"1000002"}
COMMAND: GET /session/764ef295c8f44d2e14b184d73c4fb1a3/screenshot - {}
RESULT: {"text":"1000002"}
COMMAND: GET /session/764ef295c8f44d2e14b184d73c4fb1a3/screenshot - {}
RESULT: {}
RESULT: {}
COMMAND: POST /session/764ef295c8f44d2e14b184d73c4fb1a3/actions - {"actions":[{"id":"action15","type":"key","parameters":{},"actions":[{"type":"keyDown","value":""},{"type":"pause","duration":10},{"type":"keyUp","value":""}]}]}
RESULT: {"actions":[{"id":"action15","type":"key","parameters":{},"actions":[{"type":"keyDown","value":""},{"type":"pause","duration":10},{"type":"keyUp","value":""}]}]}
COMMAND: POST /session/764ef295c8f44d2e14b184d73c4fb1a3/execute/async - {"script":"<script> [1562 bytes]","args":[{"selector":{"controlType":"sap.m.Input","viewName":"etm.portal.ui.managerequests.view.NewRequest","bindingPath":{"path":"","propertyPath":"/Tags","modelName":"catalogModel"},"ancestor":{"controlType":"sap.m.ColumnListItem","viewName":"etm.portal.ui.managerequests.view.NewRequest","bindingPath":{"modelName":"newRequestItems","path":"/RequestItems/0"},"ancestor":{"id":"requestItemsTable","viewName":"etm.portal.ui.managerequests.view.NewRequest"}},"interaction":{"idSuffix":"inner"}},"wdio_ui5_key":"etmportal.ui.managerequests.view.NewRequestsap.m.Input{\"path\":\"\",\"propertyPath\":\"/Tags\",\"modelName\":\"catalogModel\"}{\"controlType\":\"sap.m.ColumnListItem\",\"viewName\":\"etm.portal.ui.managerequests.view.NewRequest\",\"bindingPath\":{\"modelName\":\"newRequestItems\",\"path\":\"/RequestItems/0\"},\"ancestor\":{\"id\":\"requestItemsTable\",\"viewName\":\"etm.portal.ui.managerequests.view.NewRequest\"}}"}]}
COMMAND: GET /session/764ef295c8f44d2e14b184d73c4fb1a3/screenshot - {}
RESULT: {"script":"<script> [1562 bytes]","args":[{"selector":{"controlType":"sap.m.Input","viewName":"etm.portal.ui.managerequests.view.NewRequest","bindingPath":{"path":"","propertyPath":"/Tags","modelName":"catalogModel"},"ancestor":{"controlType":"sap.m.ColumnListItem","viewName":"etm.portal.ui.managerequests.view.NewRequest","bindingPath":{"modelName":"newRequestItems","path":"/RequestItems/0"},"ancestor":{"id":"requestItemsTable","viewName":"etm.portal.ui.managerequests.view.NewRequest"}},"interaction":{"idSuffix":"inner"}},"wdio_ui5_key":"etmportal.ui.managerequests.view.NewRequestsap.m.Input{\"path\":\"\",\"propertyPath\":\"/Tags\",\"modelName\":\"catalogModel\"}{\"controlType\":\"sap.m.ColumnListItem\",\"viewName\":\"etm.portal.ui.managerequests.view.NewRequest\",\"bindingPath\":{\"modelName\":\"newRequestItems\",\"path\":\"/RequestItems/0\"},\"ancestor\":{\"id\":\"requestItemsTable\",\"viewName\":\"etm.portal.ui.managerequests.view.NewRequest\"}}"}]}
RESULT: undefined
COMMAND: POST /session/764ef295c8f44d2e14b184d73c4fb1a3/execute/async - {"script":"<script> [776 bytes]","args":[{"enterText":"tag1","selector":{"controlType":"sap.m.Input","viewName":"etm.portal.ui.managerequests.view.NewRequest","bindingPath":{"path":"","propertyPath":"/Tags","modelName":"catalogModel"},"ancestor":{"controlType":"sap.m.ColumnListItem","viewName":"etm.portal.ui.managerequests.view.NewRequest","bindingPath":{"modelName":"newRequestItems","path":"/RequestItems/0"},"ancestor":{"id":"requestItemsTable","viewName":"etm.portal.ui.managerequests.view.NewRequest"}},"interaction":{"idSuffix":"inner"}},"clearTextFirst":true,"interactionType":"ENTER_TEXT"}]}
RESULT: {}
RESULT: {"script":"<script> [776 bytes]","args":[{"enterText":"tag1","selector":{"controlType":"sap.m.Input","viewName":"etm.portal.ui.managerequests.view.NewRequest","bindingPath":{"path":"","propertyPath":"/Tags","modelName":"catalogModel"},"ancestor":{"controlType":"sap.m.ColumnListItem","viewName":"etm.portal.ui.managerequests.view.NewRequest","bindingPath":{"modelName":"newRequestItems","path":"/RequestItems/0"},"ancestor":{"id":"requestItemsTable","viewName":"etm.portal.ui.managerequests.view.NewRequest"}},"interaction":{"idSuffix":"inner"}},"clearTextFirst":true,"interactionType":"ENTER_TEXT"}]}
COMMAND: POST /session/764ef295c8f44d2e14b184d73c4fb1a3/actions - {"actions":[{"id":"action16","type":"key","parameters":{},"actions":[{"type":"keyDown","value":""},{"type":"pause","duration":10},{"type":"keyUp","value":""}]}]}
RESULT: {"actions":[{"id":"action16","type":"key","parameters":{},"actions":[{"type":"keyDown","value":""},{"type":"pause","duration":10},{"type":"keyUp","value":""}]}]}
RESULT: undefined
COMMAND: POST /session/764ef295c8f44d2e14b184d73c4fb1a3/execute/async - {"script":"<script> [776 bytes]","args":[{"enterText":"tag-duplicate","selector":{"controlType":"sap.m.Input","viewName":"etm.portal.ui.managerequests.view.NewRequest","bindingPath":{"path":"","propertyPath":"/Tags","modelName":"catalogModel"},"ancestor":{"controlType":"sap.m.ColumnListItem","viewName":"etm.portal.ui.managerequests.view.NewRequest","bindingPath":{"modelName":"newRequestItems","path":"/RequestItems/0"},"ancestor":{"id":"requestItemsTable","viewName":"etm.portal.ui.managerequests.view.NewRequest"}},"interaction":{"idSuffix":"inner"}},"clearTextFirst":true,"interactionType":"ENTER_TEXT"}]}
COMMAND: GET /session/764ef295c8f44d2e14b184d73c4fb1a3/screenshot - {}
RESULT: {"script":"<script> [776 bytes]","args":[{"enterText":"tag-duplicate","selector":{"controlType":"sap.m.Input","viewName":"etm.portal.ui.managerequests.view.NewRequest","bindingPath":{"path":"","propertyPath":"/Tags","modelName":"catalogModel"},"ancestor":{"controlType":"sap.m.ColumnListItem","viewName":"etm.portal.ui.managerequests.view.NewRequest","bindingPath":{"modelName":"newRequestItems","path":"/RequestItems/0"},"ancestor":{"id":"requestItemsTable","viewName":"etm.portal.ui.managerequests.view.NewRequest"}},"interaction":{"idSuffix":"inner"}},"clearTextFirst":true,"interactionType":"ENTER_TEXT"}]}
RESULT: {}
COMMAND: POST /session/764ef295c8f44d2e14b184d73c4fb1a3/actions - {"actions":[{"id":"action17","type":"key","parameters":{},"actions":[{"type":"keyDown","value":""},{"type":"pause","duration":10},{"type":"keyUp","value":""}]}]}
RESULT: {"actions":[{"id":"action17","type":"key","parameters":{},"actions":[{"type":"keyDown","value":""},{"type":"pause","duration":10},{"type":"keyUp","value":""}]}]}
COMMAND: GET /session/764ef295c8f44d2e14b184d73c4fb1a3/screenshot - {}
RESULT: {}
COMMAND: POST /session/764ef295c8f44d2e14b184d73c4fb1a3/execute/async - {"script":"<script> [1562 bytes]","args":[{"selector":{"controlType":"sap.m.Input","viewName":"etm.portal.ui.managerequests.view.NewRequest","bindingPath":{"path":"","propertyPath":"/Tags","modelName":"catalogModel"},"ancestor":{"controlType":"sap.m.ColumnListItem","viewName":"etm.portal.ui.managerequests.view.NewRequest","bindingPath":{"modelName":"newRequestItems","path":"/RequestItems/1"},"ancestor":{"id":"requestItemsTable","viewName":"etm.portal.ui.managerequests.view.NewRequest"}},"interaction":{"idSuffix":"inner"}},"wdio_ui5_key":"etmportal.ui.managerequests.view.NewRequestsap.m.Input{\"path\":\"\",\"propertyPath\":\"/Tags\",\"modelName\":\"catalogModel\"}{\"controlType\":\"sap.m.ColumnListItem\",\"viewName\":\"etm.portal.ui.managerequests.view.NewRequest\",\"bindingPath\":{\"modelName\":\"newRequestItems\",\"path\":\"/RequestItems/1\"},\"ancestor\":{\"id\":\"requestItemsTable\",\"viewName\":\"etm.portal.ui.managerequests.view.NewRequest\"}}"}]}
RESULT: {"script":"<script> [1562 bytes]","args":[{"selector":{"controlType":"sap.m.Input","viewName":"etm.portal.ui.managerequests.view.NewRequest","bindingPath":{"path":"","propertyPath":"/Tags","modelName":"catalogModel"},"ancestor":{"controlType":"sap.m.ColumnListItem","viewName":"etm.portal.ui.managerequests.view.NewRequest","bindingPath":{"modelName":"newRequestItems","path":"/RequestItems/1"},"ancestor":{"id":"requestItemsTable","viewName":"etm.portal.ui.managerequests.view.NewRequest"}},"interaction":{"idSuffix":"inner"}},"wdio_ui5_key":"etmportal.ui.managerequests.view.NewRequestsap.m.Input{\"path\":\"\",\"propertyPath\":\"/Tags\",\"modelName\":\"catalogModel\"}{\"controlType\":\"sap.m.ColumnListItem\",\"viewName\":\"etm.portal.ui.managerequests.view.NewRequest\",\"bindingPath\":{\"modelName\":\"newRequestItems\",\"path\":\"/RequestItems/1\"},\"ancestor\":{\"id\":\"requestItemsTable\",\"viewName\":\"etm.portal.ui.managerequests.view.NewRequest\"}}"}]}
RESULT: undefined
COMMAND: POST /session/764ef295c8f44d2e14b184d73c4fb1a3/execute/async - {"script":"<script> [776 bytes]","args":[{"enterText":"tag1","selector":{"controlType":"sap.m.Input","viewName":"etm.portal.ui.managerequests.view.NewRequest","bindingPath":{"path":"","propertyPath":"/Tags","modelName":"catalogModel"},"ancestor":{"controlType":"sap.m.ColumnListItem","viewName":"etm.portal.ui.managerequests.view.NewRequest","bindingPath":{"modelName":"newRequestItems","path":"/RequestItems/1"},"ancestor":{"id":"requestItemsTable","viewName":"etm.portal.ui.managerequests.view.NewRequest"}},"interaction":{"idSuffix":"inner"}},"clearTextFirst":true,"interactionType":"ENTER_TEXT"}]}
RESULT: {"script":"<script> [776 bytes]","args":[{"enterText":"tag1","selector":{"controlType":"sap.m.Input","viewName":"etm.portal.ui.managerequests.view.NewRequest","bindingPath":{"path":"","propertyPath":"/Tags","modelName":"catalogModel"},"ancestor":{"controlType":"sap.m.ColumnListItem","viewName":"etm.portal.ui.managerequests.view.NewRequest","bindingPath":{"modelName":"newRequestItems","path":"/RequestItems/1"},"ancestor":{"id":"requestItemsTable","viewName":"etm.portal.ui.managerequests.view.NewRequest"}},"interaction":{"idSuffix":"inner"}},"clearTextFirst":true,"interactionType":"ENTER_TEXT"}]}
COMMAND: POST /session/764ef295c8f44d2e14b184d73c4fb1a3/actions - {"actions":[{"id":"action18","type":"key","parameters":{},"actions":[{"type":"keyDown","value":""},{"type":"pause","duration":10},{"type":"keyUp","value":""}]}]}
RESULT: {"actions":[{"id":"action18","type":"key","parameters":{},"actions":[{"type":"keyDown","value":""},{"type":"pause","duration":10},{"type":"keyUp","value":""}]}]}
RESULT: undefined
COMMAND: POST /session/764ef295c8f44d2e14b184d73c4fb1a3/execute/async - {"script":"<script> [776 bytes]","args":[{"enterText":"tag-duplicate","selector":{"controlType":"sap.m.Input","viewName":"etm.portal.ui.managerequests.view.NewRequest","bindingPath":{"path":"","propertyPath":"/Tags","modelName":"catalogModel"},"ancestor":{"controlType":"sap.m.ColumnListItem","viewName":"etm.portal.ui.managerequests.view.NewRequest","bindingPath":{"modelName":"newRequestItems","path":"/RequestItems/1"},"ancestor":{"id":"requestItemsTable","viewName":"etm.portal.ui.managerequests.view.NewRequest"}},"interaction":{"idSuffix":"inner"}},"clearTextFirst":true,"interactionType":"ENTER_TEXT"}]}
COMMAND: GET /session/764ef295c8f44d2e14b184d73c4fb1a3/screenshot - {}
RESULT: {"script":"<script> [776 bytes]","args":[{"enterText":"tag-duplicate","selector":{"controlType":"sap.m.Input","viewName":"etm.portal.ui.managerequests.view.NewRequest","bindingPath":{"path":"","propertyPath":"/Tags","modelName":"catalogModel"},"ancestor":{"controlType":"sap.m.ColumnListItem","viewName":"etm.portal.ui.managerequests.view.NewRequest","bindingPath":{"modelName":"newRequestItems","path":"/RequestItems/1"},"ancestor":{"id":"requestItemsTable","viewName":"etm.portal.ui.managerequests.view.NewRequest"}},"interaction":{"idSuffix":"inner"}},"clearTextFirst":true,"interactionType":"ENTER_TEXT"}]}
RESULT: {}
COMMAND: POST /session/764ef295c8f44d2e14b184d73c4fb1a3/actions - {"actions":[{"id":"action19","type":"key","parameters":{},"actions":[{"type":"keyDown","value":""},{"type":"pause","duration":10},{"type":"keyUp","value":""}]}]}
RESULT: {"actions":[{"id":"action19","type":"key","parameters":{},"actions":[{"type":"keyDown","value":""},{"type":"pause","duration":10},{"type":"keyUp","value":""}]}]}
COMMAND: GET /session/764ef295c8f44d2e14b184d73c4fb1a3/screenshot - {}
RESULT: {}
COMMAND: POST /session/764ef295c8f44d2e14b184d73c4fb1a3/execute/async - {"script":"<script> [1562 bytes]","args":[{"selector":{"controlType":"sap.ui.core.Icon","viewName":"etm.portal.ui.managerequests.view.NewRequest","properties":{"src":{"regex":{"source":"slim\\-arrow\\-down"}}},"ancestor":{"controlType":"sap.m.Button","viewName":"etm.portal.ui.managerequests.view.NewRequest","properties":{"icon":"sap-icon://slim-arrow-down"}}},"wdio_ui5_key":"etmportal.ui.managerequests.view.NewRequestsap.ui.core.Icon{\"src\":{\"regex\":{\"source\":\"slim\\\\-arrow\\\\-down\"}}}{\"controlType\":\"sap.m.Button\",\"viewName\":\"etm.portal.ui.managerequests.view.NewRequest\",\"properties\":{\"icon\":\"sap-icon://slim-arrow-down\"}}"}]}
RESULT: {"script":"<script> [1562 bytes]","args":[{"selector":{"controlType":"sap.ui.core.Icon","viewName":"etm.portal.ui.managerequests.view.NewRequest","properties":{"src":{"regex":{"source":"slim\\-arrow\\-down"}}},"ancestor":{"controlType":"sap.m.Button","viewName":"etm.portal.ui.managerequests.view.NewRequest","properties":{"icon":"sap-icon://slim-arrow-down"}}},"wdio_ui5_key":"etmportal.ui.managerequests.view.NewRequestsap.ui.core.Icon{\"src\":{\"regex\":{\"source\":\"slim\\\\-arrow\\\\-down\"}}}{\"controlType\":\"sap.m.Button\",\"viewName\":\"etm.portal.ui.managerequests.view.NewRequest\",\"properties\":{\"icon\":\"sap-icon://slim-arrow-down\"}}"}]}
RESULT: undefined
COMMAND: POST /session/764ef295c8f44d2e14b184d73c4fb1a3/element - {"using":"xpath","value":"//*[@id=\"__title25-expandBtn-img\"]"}
RESULT: {"using":"xpath","value":"//*[@id=\"__title25-expandBtn-img\"]"}
COMMAND: POST /session/764ef295c8f44d2e14b184d73c4fb1a3/element/f.809832546CBCDBCC14053EE8D21219E9.d.9CCD5228B8F310BB8DBC6247E679CE27.e.2892/click - {}
RESULT: {}
COMMAND: GET /session/764ef295c8f44d2e14b184d73c4fb1a3/screenshot - {}
RESULT: {}
COMMAND: POST /session/764ef295c8f44d2e14b184d73c4fb1a3/element - {"using":"xpath","value":"//div[contains(@data-kt ,\"splitAllocationObjectStatus\")]"}
RESULT: {"using":"xpath","value":"//div[contains(@data-kt ,\"splitAllocationObjectStatus\")]"}
COMMAND: POST /session/764ef295c8f44d2e14b184d73c4fb1a3/elements - {"using":"xpath","value":"//div[contains(@data-kt ,\"splitAllocationObjectStatus\")]"}
RESULT: {"using":"xpath","value":"//div[contains(@data-kt ,\"splitAllocationObjectStatus\")]"}
COMMAND: POST /session/764ef295c8f44d2e14b184d73c4fb1a3/execute/async - {"script":"<script> [1562 bytes]","args":[{"selector":{"controlType":"sap.ui.core.Icon","viewName":"etm.portal.ui.managerequests.view.NewRequest","properties":{"src":{"regex":{"source":"message\\-error"}}},"ancestor":{"controlType":"sap.m.ColumnListItem","viewName":"etm.portal.ui.managerequests.view.NewRequest","bindingPath":{"modelName":"newRequestItems","path":"/RequestItems/0"},"ancestor":{"id":"requestItemsTable","viewName":"etm.portal.ui.managerequests.view.NewRequest"}}},"wdio_ui5_key":"etmportal.ui.managerequests.view.NewRequestsap.ui.core.Icon{\"src\":{\"regex\":{\"source\":\"message\\\\-error\"}}}{\"controlType\":\"sap.m.ColumnListItem\",\"viewName\":\"etm.portal.ui.managerequests.view.NewRequest\",\"bindingPath\":{\"modelName\":\"newRequestItems\",\"path\":\"/RequestItems/0\"},\"ancestor\":{\"id\":\"requestItemsTable\",\"viewName\":\"etm.portal.ui.managerequests.view.NewRequest\"}}"}]}
RESULT: {"script":"<script> [1562 bytes]","args":[{"selector":{"controlType":"sap.ui.core.Icon","viewName":"etm.portal.ui.managerequests.view.NewRequest","properties":{"src":{"regex":{"source":"message\\-error"}}},"ancestor":{"controlType":"sap.m.ColumnListItem","viewName":"etm.portal.ui.managerequests.view.NewRequest","bindingPath":{"modelName":"newRequestItems","path":"/RequestItems/0"},"ancestor":{"id":"requestItemsTable","viewName":"etm.portal.ui.managerequests.view.NewRequest"}}},"wdio_ui5_key":"etmportal.ui.managerequests.view.NewRequestsap.ui.core.Icon{\"src\":{\"regex\":{\"source\":\"message\\\\-error\"}}}{\"controlType\":\"sap.m.ColumnListItem\",\"viewName\":\"etm.portal.ui.managerequests.view.NewRequest\",\"bindingPath\":{\"modelName\":\"newRequestItems\",\"path\":\"/RequestItems/0\"},\"ancestor\":{\"id\":\"requestItemsTable\",\"viewName\":\"etm.portal.ui.managerequests.view.NewRequest\"}}"}]}
RESULT: undefined
COMMAND: POST /session/764ef295c8f44d2e14b184d73c4fb1a3/element - {"using":"xpath","value":"//*[@id=\"__status6-__xmlview60--requestItemsTable-0-icon\"]"}
RESULT: {"using":"xpath","value":"//*[@id=\"__status6-__xmlview60--requestItemsTable-0-icon\"]"}
COMMAND: POST /session/764ef295c8f44d2e14b184d73c4fb1a3/element/f.809832546CBCDBCC14053EE8D21219E9.d.9CCD5228B8F310BB8DBC6247E679CE27.e.2873/click - {}
RESULT: {}
COMMAND: GET /session/764ef295c8f44d2e14b184d73c4fb1a3/screenshot - {}
RESULT: {}
COMMAND: POST /session/764ef295c8f44d2e14b184d73c4fb1a3/execute/async - {"script":"<script> [1562 bytes]","args":[{"selector":{"id":"costObjectAdminTypeComboBox","viewName":"etm.portal.ui.managerequests.view.NewRequest","searchOpenDialogs":true,"interaction":{"idSuffix":"inner"}},"wdio_ui5_key":"costObjectAdminTypeComboBoxetmportal.ui.managerequests.view.NewRequest"}]}
RESULT: {"script":"<script> [1562 bytes]","args":[{"selector":{"id":"costObjectAdminTypeComboBox","viewName":"etm.portal.ui.managerequests.view.NewRequest","searchOpenDialogs":true,"interaction":{"idSuffix":"inner"}},"wdio_ui5_key":"costObjectAdminTypeComboBoxetmportal.ui.managerequests.view.NewRequest"}]}
RESULT: undefined
COMMAND: POST /session/764ef295c8f44d2e14b184d73c4fb1a3/execute/async - {"script":"<script> [776 bytes]","args":[{"enterText":"Cost Center","selector":{"id":"costObjectAdminTypeComboBox","viewName":"etm.portal.ui.managerequests.view.NewRequest","searchOpenDialogs":true,"interaction":{"idSuffix":"inner"}},"clearTextFirst":true,"interactionType":"ENTER_TEXT"}]}
RESULT: {"script":"<script> [776 bytes]","args":[{"enterText":"Cost Center","selector":{"id":"costObjectAdminTypeComboBox","viewName":"etm.portal.ui.managerequests.view.NewRequest","searchOpenDialogs":true,"interaction":{"idSuffix":"inner"}},"clearTextFirst":true,"interactionType":"ENTER_TEXT"}]}
COMMAND: POST /session/764ef295c8f44d2e14b184d73c4fb1a3/actions - {"actions":[{"id":"action20","type":"key","parameters":{},"actions":[{"type":"keyDown","value":""},{"type":"pause","duration":10},{"type":"keyUp","value":""}]}]}
RESULT: {"actions":[{"id":"action20","type":"key","parameters":{},"actions":[{"type":"keyDown","value":""},{"type":"pause","duration":10},{"type":"keyUp","value":""}]}]}
COMMAND: GET /session/764ef295c8f44d2e14b184d73c4fb1a3/screenshot - {}
RESULT: {}
COMMAND: POST /session/764ef295c8f44d2e14b184d73c4fb1a3/execute/async - {"script":"<script> [1562 bytes]","args":[{"selector":{"id":"costObjectIdComboBox","viewName":"etm.portal.ui.managerequests.view.NewRequest","searchOpenDialogs":true,"interaction":{"idSuffix":"inner"}},"wdio_ui5_key":"costObjectIdComboBoxetmportal.ui.managerequests.view.NewRequest"}]}
RESULT: {"script":"<script> [1562 bytes]","args":[{"selector":{"id":"costObjectIdComboBox","viewName":"etm.portal.ui.managerequests.view.NewRequest","searchOpenDialogs":true,"interaction":{"idSuffix":"inner"}},"wdio_ui5_key":"costObjectIdComboBoxetmportal.ui.managerequests.view.NewRequest"}]}
RESULT: undefined
COMMAND: POST /session/764ef295c8f44d2e14b184d73c4fb1a3/execute/async - {"script":"<script> [776 bytes]","args":[{"enterText":"1001 - 1001","selector":{"id":"costObjectIdComboBox","viewName":"etm.portal.ui.managerequests.view.NewRequest","searchOpenDialogs":true,"interaction":{"idSuffix":"inner"}},"clearTextFirst":true,"interactionType":"ENTER_TEXT"}]}
RESULT: {"script":"<script> [776 bytes]","args":[{"enterText":"1001 - 1001","selector":{"id":"costObjectIdComboBox","viewName":"etm.portal.ui.managerequests.view.NewRequest","searchOpenDialogs":true,"interaction":{"idSuffix":"inner"}},"clearTextFirst":true,"interactionType":"ENTER_TEXT"}]}
COMMAND: POST /session/764ef295c8f44d2e14b184d73c4fb1a3/actions - {"actions":[{"id":"action21","type":"key","parameters":{},"actions":[{"type":"keyDown","value":""},{"type":"pause","duration":10},{"type":"keyUp","value":""}]}]}
RESULT: {"actions":[{"id":"action21","type":"key","parameters":{},"actions":[{"type":"keyDown","value":""},{"type":"pause","duration":10},{"type":"keyUp","value":""}]}]}
COMMAND: GET /session/764ef295c8f44d2e14b184d73c4fb1a3/screenshot - {}
RESULT: {}
COMMAND: POST /session/764ef295c8f44d2e14b184d73c4fb1a3/element - {"using":"xpath","value":"(//bdi[(text() = 'Save' or . = 'Save')])[1]"}
RESULT: {"using":"xpath","value":"(//bdi[(text() = 'Save' or . = 'Save')])[1]"}
COMMAND: POST /session/764ef295c8f44d2e14b184d73c4fb1a3/element/f.809832546CBCDBCC14053EE8D21219E9.d.9CCD5228B8F310BB8DBC6247E679CE27.e.2912/click - {}
RESULT: {}
COMMAND: POST /session/764ef295c8f44d2e14b184d73c4fb1a3/execute/async - {"script":"<script> [1562 bytes]","args":[{"selector":{"controlType":"sap.ui.core.Icon","viewName":"etm.portal.ui.managerequests.view.NewRequest","properties":{"src":{"regex":{"source":"message\\-error"}}},"ancestor":{"controlType":"sap.m.ColumnListItem","viewName":"etm.portal.ui.managerequests.view.NewRequest","bindingPath":{"modelName":"newRequestItems","path":"/RequestItems/1"},"ancestor":{"id":"requestItemsTable","viewName":"etm.portal.ui.managerequests.view.NewRequest"}}},"wdio_ui5_key":"etmportal.ui.managerequests.view.NewRequestsap.ui.core.Icon{\"src\":{\"regex\":{\"source\":\"message\\\\-error\"}}}{\"controlType\":\"sap.m.ColumnListItem\",\"viewName\":\"etm.portal.ui.managerequests.view.NewRequest\",\"bindingPath\":{\"modelName\":\"newRequestItems\",\"path\":\"/RequestItems/1\"},\"ancestor\":{\"id\":\"requestItemsTable\",\"viewName\":\"etm.portal.ui.managerequests.view.NewRequest\"}}"}]}
COMMAND: GET /session/764ef295c8f44d2e14b184d73c4fb1a3/screenshot - {}
RESULT: {"script":"<script> [1562 bytes]","args":[{"selector":{"controlType":"sap.ui.core.Icon","viewName":"etm.portal.ui.managerequests.view.NewRequest","properties":{"src":{"regex":{"source":"message\\-error"}}},"ancestor":{"controlType":"sap.m.ColumnListItem","viewName":"etm.portal.ui.managerequests.view.NewRequest","bindingPath":{"modelName":"newRequestItems","path":"/RequestItems/1"},"ancestor":{"id":"requestItemsTable","viewName":"etm.portal.ui.managerequests.view.NewRequest"}}},"wdio_ui5_key":"etmportal.ui.managerequests.view.NewRequestsap.ui.core.Icon{\"src\":{\"regex\":{\"source\":\"message\\\\-error\"}}}{\"controlType\":\"sap.m.ColumnListItem\",\"viewName\":\"etm.portal.ui.managerequests.view.NewRequest\",\"bindingPath\":{\"modelName\":\"newRequestItems\",\"path\":\"/RequestItems/1\"},\"ancestor\":{\"id\":\"requestItemsTable\",\"viewName\":\"etm.portal.ui.managerequests.view.NewRequest\"}}"}]}
RESULT: undefined
COMMAND: POST /session/764ef295c8f44d2e14b184d73c4fb1a3/element - {"using":"xpath","value":"//*[@id=\"__status6-__xmlview60--requestItemsTable-1-icon\"]"}
RESULT: {}
RESULT: {"using":"xpath","value":"//*[@id=\"__status6-__xmlview60--requestItemsTable-1-icon\"]"}
COMMAND: POST /session/764ef295c8f44d2e14b184d73c4fb1a3/element/f.809832546CBCDBCC14053EE8D21219E9.d.9CCD5228B8F310BB8DBC6247E679CE27.e.2890/click - {}
RESULT: {}
COMMAND: GET /session/764ef295c8f44d2e14b184d73c4fb1a3/screenshot - {}
RESULT: {}
RESULT: undefined
COMMAND: POST /session/764ef295c8f44d2e14b184d73c4fb1a3/execute/async - {"script":"<script> [776 bytes]","args":[{"enterText":"Cost Center","selector":{"id":"costObjectAdminTypeComboBox","viewName":"etm.portal.ui.managerequests.view.NewRequest","searchOpenDialogs":true,"interaction":{"idSuffix":"inner"}},"clearTextFirst":true,"interactionType":"ENTER_TEXT"}]}
RESULT: {"script":"<script> [776 bytes]","args":[{"enterText":"Cost Center","selector":{"id":"costObjectAdminTypeComboBox","viewName":"etm.portal.ui.managerequests.view.NewRequest","searchOpenDialogs":true,"interaction":{"idSuffix":"inner"}},"clearTextFirst":true,"interactionType":"ENTER_TEXT"}]}
COMMAND: POST /session/764ef295c8f44d2e14b184d73c4fb1a3/actions - {"actions":[{"id":"action22","type":"key","parameters":{},"actions":[{"type":"keyDown","value":""},{"type":"pause","duration":10},{"type":"keyUp","value":""}]}]}
RESULT: {"actions":[{"id":"action22","type":"key","parameters":{},"actions":[{"type":"keyDown","value":""},{"type":"pause","duration":10},{"type":"keyUp","value":""}]}]}
COMMAND: GET /session/764ef295c8f44d2e14b184d73c4fb1a3/screenshot - {}
RESULT: {}
RESULT: undefined
COMMAND: POST /session/764ef295c8f44d2e14b184d73c4fb1a3/execute/async - {"script":"<script> [776 bytes]","args":[{"enterText":"1001 - 1001","selector":{"id":"costObjectIdComboBox","viewName":"etm.portal.ui.managerequests.view.NewRequest","searchOpenDialogs":true,"interaction":{"idSuffix":"inner"}},"clearTextFirst":true,"interactionType":"ENTER_TEXT"}]}
RESULT: {"script":"<script> [776 bytes]","args":[{"enterText":"1001 - 1001","selector":{"id":"costObjectIdComboBox","viewName":"etm.portal.ui.managerequests.view.NewRequest","searchOpenDialogs":true,"interaction":{"idSuffix":"inner"}},"clearTextFirst":true,"interactionType":"ENTER_TEXT"}]}
COMMAND: POST /session/764ef295c8f44d2e14b184d73c4fb1a3/actions - {"actions":[{"id":"action23","type":"key","parameters":{},"actions":[{"type":"keyDown","value":""},{"type":"pause","duration":10},{"type":"keyUp","value":""}]}]}
RESULT: {"actions":[{"id":"action23","type":"key","parameters":{},"actions":[{"type":"keyDown","value":""},{"type":"pause","duration":10},{"type":"keyUp","value":""}]}]}
COMMAND: GET /session/764ef295c8f44d2e14b184d73c4fb1a3/screenshot - {}
RESULT: {}
COMMAND: POST /session/764ef295c8f44d2e14b184d73c4fb1a3/element - {"using":"xpath","value":"(//bdi[(text() = 'Save' or . = 'Save')])[1]"}
RESULT: {"using":"xpath","value":"(//bdi[(text() = 'Save' or . = 'Save')])[1]"}
COMMAND: POST /session/764ef295c8f44d2e14b184d73c4fb1a3/element/f.809832546CBCDBCC14053EE8D21219E9.d.9CCD5228B8F310BB8DBC6247E679CE27.e.2926/click - {}
RESULT: {}
COMMAND: POST /session/764ef295c8f44d2e14b184d73c4fb1a3/execute/async - {"script":"<script> [1562 bytes]","args":[{"selector":{"controlType":"sap.ui.core.Icon","viewName":"etm.portal.ui.managerequests.view.NewRequest","properties":{"src":{"regex":{"source":"decline"}}},"ancestor":{"controlType":"sap.m.Token","viewName":"etm.portal.ui.managerequests.view.NewRequest","bindingPath":{"path":"/RequestItems/0/TOKENS/0","propertyPath":"TAG","modelName":"newRequestItems"}}},"wdio_ui5_key":"etmportal.ui.managerequests.view.NewRequestsap.ui.core.Icon{\"src\":{\"regex\":{\"source\":\"decline\"}}}{\"controlType\":\"sap.m.Token\",\"viewName\":\"etm.portal.ui.managerequests.view.NewRequest\",\"bindingPath\":{\"path\":\"/RequestItems/0/TOKENS/0\",\"propertyPath\":\"TAG\",\"modelName\":\"newRequestItems\"}}"}]}
COMMAND: GET /session/764ef295c8f44d2e14b184d73c4fb1a3/screenshot - {}
RESULT: {"script":"<script> [1562 bytes]","args":[{"selector":{"controlType":"sap.ui.core.Icon","viewName":"etm.portal.ui.managerequests.view.NewRequest","properties":{"src":{"regex":{"source":"decline"}}},"ancestor":{"controlType":"sap.m.Token","viewName":"etm.portal.ui.managerequests.view.NewRequest","bindingPath":{"path":"/RequestItems/0/TOKENS/0","propertyPath":"TAG","modelName":"newRequestItems"}}},"wdio_ui5_key":"etmportal.ui.managerequests.view.NewRequestsap.ui.core.Icon{\"src\":{\"regex\":{\"source\":\"decline\"}}}{\"controlType\":\"sap.m.Token\",\"viewName\":\"etm.portal.ui.managerequests.view.NewRequest\",\"bindingPath\":{\"path\":\"/RequestItems/0/TOKENS/0\",\"propertyPath\":\"TAG\",\"modelName\":\"newRequestItems\"}}"}]}
RESULT: undefined
COMMAND: POST /session/764ef295c8f44d2e14b184d73c4fb1a3/element - {"using":"xpath","value":"//*[@id=\"__token7-__tokenizer62-__xmlview60--requestItemsTable-0-0-icon\"]"}
RESULT: {}
RESULT: {"using":"xpath","value":"//*[@id=\"__token7-__tokenizer62-__xmlview60--requestItemsTable-0-0-icon\"]"}
COMMAND: POST /session/764ef295c8f44d2e14b184d73c4fb1a3/element/f.809832546CBCDBCC14053EE8D21219E9.d.9CCD5228B8F310BB8DBC6247E679CE27.e.2928/click - {}
RESULT: {}
COMMAND: GET /session/764ef295c8f44d2e14b184d73c4fb1a3/screenshot - {}
RESULT: {}
COMMAND: POST /session/764ef295c8f44d2e14b184d73c4fb1a3/actions - {"actions":[{"id":"action24","type":"key","parameters":{},"actions":[{"type":"keyDown","value":""},{"type":"pause","duration":10},{"type":"keyUp","value":""}]}]}
RESULT: {"actions":[{"id":"action24","type":"key","parameters":{},"actions":[{"type":"keyDown","value":""},{"type":"pause","duration":10},{"type":"keyUp","value":""}]}]}
COMMAND: GET /session/764ef295c8f44d2e14b184d73c4fb1a3/screenshot - {}
RESULT: {}
COMMAND: POST /session/764ef295c8f44d2e14b184d73c4fb1a3/execute/async - {"script":"<script> [1562 bytes]","args":[{"selector":{"controlType":"sap.m.Tokenizer","viewName":"etm.portal.ui.managerequests.view.NewRequest","bindingPath":{"path":"/RequestItems/0","propertyPath":"TOKENS","modelName":"newRequestItems"}},"wdio_ui5_key":"etmportal.ui.managerequests.view.NewRequestsap.m.Tokenizer{\"path\":\"/RequestItems/0\",\"propertyPath\":\"TOKENS\",\"modelName\":\"newRequestItems\"}"}]}
RESULT: {"script":"<script> [1562 bytes]","args":[{"selector":{"controlType":"sap.m.Tokenizer","viewName":"etm.portal.ui.managerequests.view.NewRequest","bindingPath":{"path":"/RequestItems/0","propertyPath":"TOKENS","modelName":"newRequestItems"}},"wdio_ui5_key":"etmportal.ui.managerequests.view.NewRequestsap.m.Tokenizer{\"path\":\"/RequestItems/0\",\"propertyPath\":\"TOKENS\",\"modelName\":\"newRequestItems\"}"}]}
RESULT: undefined
COMMAND: POST /session/764ef295c8f44d2e14b184d73c4fb1a3/execute/async - {"script":"<script> [6424 bytes]","args":[{"element-6066-11e4-a52e-4f735466cecf":"f.809832546CBCDBCC14053EE8D21219E9.d.9CCD5228B8F310BB8DBC6247E679CE27.e.2934"},"getTokens",[]]}
RESULT: {"script":"<script> [6424 bytes]","args":[{"element-6066-11e4-a52e-4f735466cecf":"f.809832546CBCDBCC14053EE8D21219E9.d.9CCD5228B8F310BB8DBC6247E679CE27.e.2934"},"getTokens",[]]}
COMMAND: POST /session/764ef295c8f44d2e14b184d73c4fb1a3/execute/async - {"script":"<script> [1562 bytes]","args":[{"wdio_ui5_key":"__token7-__tokenizer62-__xmlview60--requestItemsTable-0-0","selector":{"id":"__token7-__tokenizer62-__xmlview60--requestItemsTable-0-0"}}]}
RESULT: {"script":"<script> [1562 bytes]","args":[{"wdio_ui5_key":"__token7-__tokenizer62-__xmlview60--requestItemsTable-0-0","selector":{"id":"__token7-__tokenizer62-__xmlview60--requestItemsTable-0-0"}}]}
RESULT: undefined
RESULT: undefined
COMMAND: POST /session/764ef295c8f44d2e14b184d73c4fb1a3/execute/async - {"script":"<script> [776 bytes]","args":[{"enterText":"tagRequest1","selector":{"controlType":"sap.m.Input","viewName":"etm.portal.ui.managerequests.view.NewRequest","bindingPath":{"path":"","propertyPath":"/Tags","modelName":"catalogModel"},"ancestor":{"controlType":"sap.m.ColumnListItem","viewName":"etm.portal.ui.managerequests.view.NewRequest","bindingPath":{"modelName":"newRequestItems","path":"/RequestItems/0"},"ancestor":{"id":"requestItemsTable","viewName":"etm.portal.ui.managerequests.view.NewRequest"}},"interaction":{"idSuffix":"inner"}},"clearTextFirst":true,"interactionType":"ENTER_TEXT"}]}
RESULT: {"script":"<script> [776 bytes]","args":[{"enterText":"tagRequest1","selector":{"controlType":"sap.m.Input","viewName":"etm.portal.ui.managerequests.view.NewRequest","bindingPath":{"path":"","propertyPath":"/Tags","modelName":"catalogModel"},"ancestor":{"controlType":"sap.m.ColumnListItem","viewName":"etm.portal.ui.managerequests.view.NewRequest","bindingPath":{"modelName":"newRequestItems","path":"/RequestItems/0"},"ancestor":{"id":"requestItemsTable","viewName":"etm.portal.ui.managerequests.view.NewRequest"}},"interaction":{"idSuffix":"inner"}},"clearTextFirst":true,"interactionType":"ENTER_TEXT"}]}
COMMAND: POST /session/764ef295c8f44d2e14b184d73c4fb1a3/actions - {"actions":[{"id":"action25","type":"key","parameters":{},"actions":[{"type":"keyDown","value":""},{"type":"pause","duration":10},{"type":"keyUp","value":""}]}]}
RESULT: {"actions":[{"id":"action25","type":"key","parameters":{},"actions":[{"type":"keyDown","value":""},{"type":"pause","duration":10},{"type":"keyUp","value":""}]}]}
COMMAND: GET /session/764ef295c8f44d2e14b184d73c4fb1a3/screenshot - {}
RESULT: {}
RESULT: undefined
COMMAND: POST /session/764ef295c8f44d2e14b184d73c4fb1a3/execute/async - {"script":"<script> [6424 bytes]","args":[{"element-6066-11e4-a52e-4f735466cecf":"f.809832546CBCDBCC14053EE8D21219E9.d.9CCD5228B8F310BB8DBC6247E679CE27.e.2934"},"getTokens",[]]}
RESULT: {"script":"<script> [6424 bytes]","args":[{"element-6066-11e4-a52e-4f735466cecf":"f.809832546CBCDBCC14053EE8D21219E9.d.9CCD5228B8F310BB8DBC6247E679CE27.e.2934"},"getTokens",[]]}
COMMAND: POST /session/764ef295c8f44d2e14b184d73c4fb1a3/execute/async - {"script":"<script> [1562 bytes]","args":[{"wdio_ui5_key":"__token7-__tokenizer62-__xmlview60--requestItemsTable-0-1","selector":{"id":"__token7-__tokenizer62-__xmlview60--requestItemsTable-0-1"}}]}
RESULT: undefined
RESULT: {"script":"<script> [1562 bytes]","args":[{"wdio_ui5_key":"__token7-__tokenizer62-__xmlview60--requestItemsTable-0-1","selector":{"id":"__token7-__tokenizer62-__xmlview60--requestItemsTable-0-1"}}]}
RESULT: undefined
COMMAND: POST /session/764ef295c8f44d2e14b184d73c4fb1a3/execute/async - {"script":"<script> [1562 bytes]","args":[{"selector":{"controlType":"sap.ui.core.Icon","viewName":"etm.portal.ui.managerequests.view.NewRequest","properties":{"src":{"regex":{"source":"decline"}}},"ancestor":{"controlType":"sap.m.Token","viewName":"etm.portal.ui.managerequests.view.NewRequest","bindingPath":{"path":"/RequestItems/1/TOKENS/0","propertyPath":"TAG","modelName":"newRequestItems"}}},"wdio_ui5_key":"etmportal.ui.managerequests.view.NewRequestsap.ui.core.Icon{\"src\":{\"regex\":{\"source\":\"decline\"}}}{\"controlType\":\"sap.m.Token\",\"viewName\":\"etm.portal.ui.managerequests.view.NewRequest\",\"bindingPath\":{\"path\":\"/RequestItems/1/TOKENS/0\",\"propertyPath\":\"TAG\",\"modelName\":\"newRequestItems\"}}"}]}
RESULT: {"script":"<script> [1562 bytes]","args":[{"selector":{"controlType":"sap.ui.core.Icon","viewName":"etm.portal.ui.managerequests.view.NewRequest","properties":{"src":{"regex":{"source":"decline"}}},"ancestor":{"controlType":"sap.m.Token","viewName":"etm.portal.ui.managerequests.view.NewRequest","bindingPath":{"path":"/RequestItems/1/TOKENS/0","propertyPath":"TAG","modelName":"newRequestItems"}}},"wdio_ui5_key":"etmportal.ui.managerequests.view.NewRequestsap.ui.core.Icon{\"src\":{\"regex\":{\"source\":\"decline\"}}}{\"controlType\":\"sap.m.Token\",\"viewName\":\"etm.portal.ui.managerequests.view.NewRequest\",\"bindingPath\":{\"path\":\"/RequestItems/1/TOKENS/0\",\"propertyPath\":\"TAG\",\"modelName\":\"newRequestItems\"}}"}]}
RESULT: undefined
COMMAND: POST /session/764ef295c8f44d2e14b184d73c4fb1a3/element - {"using":"xpath","value":"//*[@id=\"__token7-__tokenizer62-__xmlview60--requestItemsTable-1-0-icon\"]"}
RESULT: {"using":"xpath","value":"//*[@id=\"__token7-__tokenizer62-__xmlview60--requestItemsTable-1-0-icon\"]"}
COMMAND: POST /session/764ef295c8f44d2e14b184d73c4fb1a3/element/f.809832546CBCDBCC14053EE8D21219E9.d.9CCD5228B8F310BB8DBC6247E679CE27.e.2936/click - {}
RESULT: {}
COMMAND: GET /session/764ef295c8f44d2e14b184d73c4fb1a3/screenshot - {}
RESULT: {}
COMMAND: POST /session/764ef295c8f44d2e14b184d73c4fb1a3/actions - {"actions":[{"id":"action26","type":"key","parameters":{},"actions":[{"type":"keyDown","value":""},{"type":"pause","duration":10},{"type":"keyUp","value":""}]}]}
RESULT: {"actions":[{"id":"action26","type":"key","parameters":{},"actions":[{"type":"keyDown","value":""},{"type":"pause","duration":10},{"type":"keyUp","value":""}]}]}
COMMAND: GET /session/764ef295c8f44d2e14b184d73c4fb1a3/screenshot - {}
RESULT: {}
COMMAND: POST /session/764ef295c8f44d2e14b184d73c4fb1a3/execute/async - {"script":"<script> [1562 bytes]","args":[{"selector":{"controlType":"sap.m.Tokenizer","viewName":"etm.portal.ui.managerequests.view.NewRequest","bindingPath":{"path":"/RequestItems/1","propertyPath":"TOKENS","modelName":"newRequestItems"}},"wdio_ui5_key":"etmportal.ui.managerequests.view.NewRequestsap.m.Tokenizer{\"path\":\"/RequestItems/1\",\"propertyPath\":\"TOKENS\",\"modelName\":\"newRequestItems\"}"}]}
RESULT: {"script":"<script> [1562 bytes]","args":[{"selector":{"controlType":"sap.m.Tokenizer","viewName":"etm.portal.ui.managerequests.view.NewRequest","bindingPath":{"path":"/RequestItems/1","propertyPath":"TOKENS","modelName":"newRequestItems"}},"wdio_ui5_key":"etmportal.ui.managerequests.view.NewRequestsap.m.Tokenizer{\"path\":\"/RequestItems/1\",\"propertyPath\":\"TOKENS\",\"modelName\":\"newRequestItems\"}"}]}
RESULT: undefined
COMMAND: POST /session/764ef295c8f44d2e14b184d73c4fb1a3/execute/async - {"script":"<script> [6424 bytes]","args":[{"element-6066-11e4-a52e-4f735466cecf":"f.809832546CBCDBCC14053EE8D21219E9.d.9CCD5228B8F310BB8DBC6247E679CE27.e.2942"},"getTokens",[]]}
RESULT: {"script":"<script> [6424 bytes]","args":[{"element-6066-11e4-a52e-4f735466cecf":"f.809832546CBCDBCC14053EE8D21219E9.d.9CCD5228B8F310BB8DBC6247E679CE27.e.2942"},"getTokens",[]]}
COMMAND: POST /session/764ef295c8f44d2e14b184d73c4fb1a3/execute/async - {"script":"<script> [1562 bytes]","args":[{"wdio_ui5_key":"__token7-__tokenizer62-__xmlview60--requestItemsTable-1-0","selector":{"id":"__token7-__tokenizer62-__xmlview60--requestItemsTable-1-0"}}]}
RESULT: {"script":"<script> [1562 bytes]","args":[{"wdio_ui5_key":"__token7-__tokenizer62-__xmlview60--requestItemsTable-1-0","selector":{"id":"__token7-__tokenizer62-__xmlview60--requestItemsTable-1-0"}}]}
RESULT: undefined
RESULT: undefined
COMMAND: POST /session/764ef295c8f44d2e14b184d73c4fb1a3/execute/async - {"script":"<script> [776 bytes]","args":[{"enterText":"tagRequest1","selector":{"controlType":"sap.m.Input","viewName":"etm.portal.ui.managerequests.view.NewRequest","bindingPath":{"path":"","propertyPath":"/Tags","modelName":"catalogModel"},"ancestor":{"controlType":"sap.m.ColumnListItem","viewName":"etm.portal.ui.managerequests.view.NewRequest","bindingPath":{"modelName":"newRequestItems","path":"/RequestItems/1"},"ancestor":{"id":"requestItemsTable","viewName":"etm.portal.ui.managerequests.view.NewRequest"}},"interaction":{"idSuffix":"inner"}},"clearTextFirst":true,"interactionType":"ENTER_TEXT"}]}
RESULT: {"script":"<script> [776 bytes]","args":[{"enterText":"tagRequest1","selector":{"controlType":"sap.m.Input","viewName":"etm.portal.ui.managerequests.view.NewRequest","bindingPath":{"path":"","propertyPath":"/Tags","modelName":"catalogModel"},"ancestor":{"controlType":"sap.m.ColumnListItem","viewName":"etm.portal.ui.managerequests.view.NewRequest","bindingPath":{"modelName":"newRequestItems","path":"/RequestItems/1"},"ancestor":{"id":"requestItemsTable","viewName":"etm.portal.ui.managerequests.view.NewRequest"}},"interaction":{"idSuffix":"inner"}},"clearTextFirst":true,"interactionType":"ENTER_TEXT"}]}
COMMAND: POST /session/764ef295c8f44d2e14b184d73c4fb1a3/actions - {"actions":[{"id":"action27","type":"key","parameters":{},"actions":[{"type":"keyDown","value":""},{"type":"pause","duration":10},{"type":"keyUp","value":""}]}]}
RESULT: {"actions":[{"id":"action27","type":"key","parameters":{},"actions":[{"type":"keyDown","value":""},{"type":"pause","duration":10},{"type":"keyUp","value":""}]}]}
COMMAND: GET /session/764ef295c8f44d2e14b184d73c4fb1a3/screenshot - {}
RESULT: {}
RESULT: undefined
COMMAND: POST /session/764ef295c8f44d2e14b184d73c4fb1a3/execute/async - {"script":"<script> [6424 bytes]","args":[{"element-6066-11e4-a52e-4f735466cecf":"f.809832546CBCDBCC14053EE8D21219E9.d.9CCD5228B8F310BB8DBC6247E679CE27.e.2942"},"getTokens",[]]}
RESULT: {"script":"<script> [6424 bytes]","args":[{"element-6066-11e4-a52e-4f735466cecf":"f.809832546CBCDBCC14053EE8D21219E9.d.9CCD5228B8F310BB8DBC6247E679CE27.e.2942"},"getTokens",[]]}
COMMAND: POST /session/764ef295c8f44d2e14b184d73c4fb1a3/execute/async - {"script":"<script> [1562 bytes]","args":[{"wdio_ui5_key":"__token7-__tokenizer62-__xmlview60--requestItemsTable-1-1","selector":{"id":"__token7-__tokenizer62-__xmlview60--requestItemsTable-1-1"}}]}
RESULT: undefined
RESULT: {"script":"<script> [1562 bytes]","args":[{"wdio_ui5_key":"__token7-__tokenizer62-__xmlview60--requestItemsTable-1-1","selector":{"id":"__token7-__tokenizer62-__xmlview60--requestItemsTable-1-1"}}]}
RESULT: undefined
COMMAND: POST /session/764ef295c8f44d2e14b184d73c4fb1a3/execute/async - {"script":"<script> [1562 bytes]","args":[{"selector":{"controlType":"sap.m.Button","viewName":"etm.portal.ui.managerequests.view.NewRequest","properties":{"text":"Save"},"i18NText":{"propertyName":"tooltip","key":"save"},"interaction":{"idSuffix":"BDI-content"}},"wdio_ui5_key":"etmportal.ui.managerequests.view.NewRequestsap.m.Button{\"propertyName\":\"tooltip\",\"key\":\"save\"}{\"text\":\"Save\"}"}]}
RESULT: {"script":"<script> [1562 bytes]","args":[{"selector":{"controlType":"sap.m.Button","viewName":"etm.portal.ui.managerequests.view.NewRequest","properties":{"text":"Save"},"i18NText":{"propertyName":"tooltip","key":"save"},"interaction":{"idSuffix":"BDI-content"}},"wdio_ui5_key":"etmportal.ui.managerequests.view.NewRequestsap.m.Button{\"propertyName\":\"tooltip\",\"key\":\"save\"}{\"text\":\"Save\"}"}]}
RESULT: undefined
COMMAND: POST /session/764ef295c8f44d2e14b184d73c4fb1a3/element - {"using":"xpath","value":"//*[@id=\"__button117\"]"}
RESULT: {"using":"xpath","value":"//*[@id=\"__button117\"]"}
COMMAND: POST /session/764ef295c8f44d2e14b184d73c4fb1a3/element/f.809832546CBCDBCC14053EE8D21219E9.d.9CCD5228B8F310BB8DBC6247E679CE27.e.2720/click - {}
RESULT: {}
COMMAND: GET /session/764ef295c8f44d2e14b184d73c4fb1a3/screenshot - {}
RESULT: {}
COMMAND: POST /session/764ef295c8f44d2e14b184d73c4fb1a3/element - {"using":"xpath","value":"//bdi[contains(@id ,\"BDI-content\")][contains(text(), \"Close\")]"}
RESULT: {"using":"xpath","value":"//bdi[contains(@id ,\"BDI-content\")][contains(text(), \"Close\")]"}
COMMAND: POST /session/764ef295c8f44d2e14b184d73c4fb1a3/element/f.809832546CBCDBCC14053EE8D21219E9.d.9CCD5228B8F310BB8DBC6247E679CE27.e.2951/click - {}
RESULT: {}
COMMAND: GET /session/764ef295c8f44d2e14b184d73c4fb1a3/screenshot - {}
RESULT: {}
]]></system-out>
    </testcase>
    <testcase classname="chrome.137_0_7151_69.windows.Manage_Requests_Tags_Tests_US120163" name="Should Edit Request Tags" time="96.838">
      <system-out><![CDATA[
COMMAND: POST /session/764ef295c8f44d2e14b184d73c4fb1a3/execute/async - {"script":"<script> [1562 bytes]","args":[{"selector":{"controlType":"sap.ui.core.Icon","viewName":"etm.portal.ui.managerequests.view.Detail","properties":{"src":{"regex":{"source":"overflow"}}}},"wdio_ui5_key":"etmportal.ui.managerequests.view.Detailsap.ui.core.Icon{\"src\":{\"regex\":{\"source\":\"overflow\"}}}"}]}
RESULT: {"script":"<script> [1562 bytes]","args":[{"selector":{"controlType":"sap.ui.core.Icon","viewName":"etm.portal.ui.managerequests.view.Detail","properties":{"src":{"regex":{"source":"overflow"}}}},"wdio_ui5_key":"etmportal.ui.managerequests.view.Detailsap.ui.core.Icon{\"src\":{\"regex\":{\"source\":\"overflow\"}}}"}]}
RESULT: undefined
COMMAND: POST /session/764ef295c8f44d2e14b184d73c4fb1a3/element - {"using":"xpath","value":"//*[@id=\"__xmlview61--detailHeaderTitle-_actionsToolbar-overflowButton-img\"]"}
RESULT: {"using":"xpath","value":"//*[@id=\"__xmlview61--detailHeaderTitle-_actionsToolbar-overflowButton-img\"]"}
COMMAND: POST /session/764ef295c8f44d2e14b184d73c4fb1a3/element/f.809832546CBCDBCC14053EE8D21219E9.d.9CCD5228B8F310BB8DBC6247E679CE27.e.3075/click - {}
RESULT: {}
COMMAND: GET /session/764ef295c8f44d2e14b184d73c4fb1a3/screenshot - {}
RESULT: {}
COMMAND: POST /session/764ef295c8f44d2e14b184d73c4fb1a3/execute/async - {"script":"<script> [1562 bytes]","args":[{"selector":{"controlType":"sap.uxap.ObjectPageHeaderActionButton","viewName":"etm.portal.ui.managerequests.view.Detail","i18NText":{"propertyName":"text","key":"edit"},"searchOpenDialogs":true,"interaction":{"idSuffix":"inner"}},"wdio_ui5_key":"etmportal.ui.managerequests.view.Detailsap.uxap.ObjectPageHeaderActionButton{\"propertyName\":\"text\",\"key\":\"edit\"}"}]}
RESULT: {"script":"<script> [1562 bytes]","args":[{"selector":{"controlType":"sap.uxap.ObjectPageHeaderActionButton","viewName":"etm.portal.ui.managerequests.view.Detail","i18NText":{"propertyName":"text","key":"edit"},"searchOpenDialogs":true,"interaction":{"idSuffix":"inner"}},"wdio_ui5_key":"etmportal.ui.managerequests.view.Detailsap.uxap.ObjectPageHeaderActionButton{\"propertyName\":\"text\",\"key\":\"edit\"}"}]}
RESULT: undefined
COMMAND: POST /session/764ef295c8f44d2e14b184d73c4fb1a3/element - {"using":"xpath","value":"//*[@id=\"__button136\"]"}
RESULT: {"using":"xpath","value":"//*[@id=\"__button136\"]"}
COMMAND: POST /session/764ef295c8f44d2e14b184d73c4fb1a3/element/f.809832546CBCDBCC14053EE8D21219E9.d.9CCD5228B8F310BB8DBC6247E679CE27.e.3078/click - {}
RESULT: {}
COMMAND: GET /session/764ef295c8f44d2e14b184d73c4fb1a3/screenshot - {}
RESULT: {}
COMMAND: POST /session/764ef295c8f44d2e14b184d73c4fb1a3/execute/async - {"script":"<script> [1562 bytes]","args":[{"selector":{"controlType":"sap.ui.core.Icon","viewName":"etm.portal.ui.managerequests.view.Edit","properties":{"src":{"regex":{"source":"decline"}}},"ancestor":{"controlType":"sap.m.Token","viewName":"etm.portal.ui.managerequests.view.Edit","bindingPath":{"propertyPath":"TAG","modelName":"catalogModel"},"properties":{"text":"RefTag"}}},"wdio_ui5_key":"etmportal.ui.managerequests.view.Editsap.ui.core.Icon{\"src\":{\"regex\":{\"source\":\"decline\"}}}{\"controlType\":\"sap.m.Token\",\"viewName\":\"etm.portal.ui.managerequests.view.Edit\",\"bindingPath\":{\"propertyPath\":\"TAG\",\"modelName\":\"catalogModel\"},\"properties\":{\"text\":\"RefTag\"}}"}]}
RESULT: {"script":"<script> [1562 bytes]","args":[{"selector":{"controlType":"sap.ui.core.Icon","viewName":"etm.portal.ui.managerequests.view.Edit","properties":{"src":{"regex":{"source":"decline"}}},"ancestor":{"controlType":"sap.m.Token","viewName":"etm.portal.ui.managerequests.view.Edit","bindingPath":{"propertyPath":"TAG","modelName":"catalogModel"},"properties":{"text":"RefTag"}}},"wdio_ui5_key":"etmportal.ui.managerequests.view.Editsap.ui.core.Icon{\"src\":{\"regex\":{\"source\":\"decline\"}}}{\"controlType\":\"sap.m.Token\",\"viewName\":\"etm.portal.ui.managerequests.view.Edit\",\"bindingPath\":{\"propertyPath\":\"TAG\",\"modelName\":\"catalogModel\"},\"properties\":{\"text\":\"RefTag\"}}"}]}
RESULT: undefined
COMMAND: POST /session/764ef295c8f44d2e14b184d73c4fb1a3/element - {"using":"xpath","value":"//*[@id=\"__token13-__tokenizer64-0-icon\"]"}
RESULT: {"using":"xpath","value":"//*[@id=\"__token13-__tokenizer64-0-icon\"]"}
COMMAND: POST /session/764ef295c8f44d2e14b184d73c4fb1a3/element/f.809832546CBCDBCC14053EE8D21219E9.d.9CCD5228B8F310BB8DBC6247E679CE27.e.3187/click - {}
RESULT: {}
COMMAND: POST /session/764ef295c8f44d2e14b184d73c4fb1a3/execute/async - {"script":"<script> [1562 bytes]","args":[{"selector":{"id":"tagMultiInputRequests","viewName":"etm.portal.ui.managerequests.view.Edit","interaction":{"idSuffix":"inner"}},"wdio_ui5_key":"tagMultiInputRequestsetmportal.ui.managerequests.view.Edit"}]}
COMMAND: GET /session/764ef295c8f44d2e14b184d73c4fb1a3/screenshot - {}
RESULT: {"script":"<script> [1562 bytes]","args":[{"selector":{"id":"tagMultiInputRequests","viewName":"etm.portal.ui.managerequests.view.Edit","interaction":{"idSuffix":"inner"}},"wdio_ui5_key":"tagMultiInputRequestsetmportal.ui.managerequests.view.Edit"}]}
RESULT: undefined
COMMAND: POST /session/764ef295c8f44d2e14b184d73c4fb1a3/execute/async - {"script":"<script> [6424 bytes]","args":[{"element-6066-11e4-a52e-4f735466cecf":"f.809832546CBCDBCC14053EE8D21219E9.d.9CCD5228B8F310BB8DBC6247E679CE27.e.3112"},"getTokens",[]]}
RESULT: {}
RESULT: {"script":"<script> [6424 bytes]","args":[{"element-6066-11e4-a52e-4f735466cecf":"f.809832546CBCDBCC14053EE8D21219E9.d.9CCD5228B8F310BB8DBC6247E679CE27.e.3112"},"getTokens",[]]}
COMMAND: POST /session/764ef295c8f44d2e14b184d73c4fb1a3/execute/async - {"script":"<script> [1562 bytes]","args":[{"wdio_ui5_key":"__token13-__tokenizer64-1","selector":{"id":"__token13-__tokenizer64-1"}}]}
RESULT: {"script":"<script> [1562 bytes]","args":[{"wdio_ui5_key":"__token13-__tokenizer64-1","selector":{"id":"__token13-__tokenizer64-1"}}]}
RESULT: undefined
RESULT: undefined
COMMAND: POST /session/764ef295c8f44d2e14b184d73c4fb1a3/execute/async - {"script":"<script> [776 bytes]","args":[{"enterText":"RefTag","selector":{"id":"tagMultiInputRequests","viewName":"etm.portal.ui.managerequests.view.Edit","interaction":{"idSuffix":"inner"}},"clearTextFirst":true,"interactionType":"ENTER_TEXT"}]}
RESULT: {"script":"<script> [776 bytes]","args":[{"enterText":"RefTag","selector":{"id":"tagMultiInputRequests","viewName":"etm.portal.ui.managerequests.view.Edit","interaction":{"idSuffix":"inner"}},"clearTextFirst":true,"interactionType":"ENTER_TEXT"}]}
COMMAND: POST /session/764ef295c8f44d2e14b184d73c4fb1a3/actions - {"actions":[{"id":"action28","type":"key","parameters":{},"actions":[{"type":"keyDown","value":""},{"type":"pause","duration":10},{"type":"keyUp","value":""}]}]}
RESULT: {"actions":[{"id":"action28","type":"key","parameters":{},"actions":[{"type":"keyDown","value":""},{"type":"pause","duration":10},{"type":"keyUp","value":""}]}]}
COMMAND: GET /session/764ef295c8f44d2e14b184d73c4fb1a3/screenshot - {}
RESULT: {}
RESULT: undefined
COMMAND: POST /session/764ef295c8f44d2e14b184d73c4fb1a3/execute/async - {"script":"<script> [6424 bytes]","args":[{"element-6066-11e4-a52e-4f735466cecf":"f.809832546CBCDBCC14053EE8D21219E9.d.9CCD5228B8F310BB8DBC6247E679CE27.e.3112"},"getTokens",[]]}
RESULT: {"script":"<script> [6424 bytes]","args":[{"element-6066-11e4-a52e-4f735466cecf":"f.809832546CBCDBCC14053EE8D21219E9.d.9CCD5228B8F310BB8DBC6247E679CE27.e.3112"},"getTokens",[]]}
COMMAND: POST /session/764ef295c8f44d2e14b184d73c4fb1a3/execute/async - {"script":"<script> [1562 bytes]","args":[{"wdio_ui5_key":"__token16","selector":{"id":"__token16"}}]}
RESULT: undefined
RESULT: {"script":"<script> [1562 bytes]","args":[{"wdio_ui5_key":"__token16","selector":{"id":"__token16"}}]}
RESULT: undefined
COMMAND: POST /session/764ef295c8f44d2e14b184d73c4fb1a3/execute/async - {"script":"<script> [1562 bytes]","args":[{"selector":{"controlType":"sap.m.Button","viewName":"etm.portal.ui.managerequests.view.Edit","properties":{"text":"Items (2)"},"interaction":{"idSuffix":"BDI-content"}},"wdio_ui5_key":"etmportal.ui.managerequests.view.Editsap.m.Button{\"text\":\"Items (2)\"}"}]}
RESULT: {"script":"<script> [1562 bytes]","args":[{"selector":{"controlType":"sap.m.Button","viewName":"etm.portal.ui.managerequests.view.Edit","properties":{"text":"Items (2)"},"interaction":{"idSuffix":"BDI-content"}},"wdio_ui5_key":"etmportal.ui.managerequests.view.Editsap.m.Button{\"text\":\"Items (2)\"}"}]}
RESULT: undefined
COMMAND: POST /session/764ef295c8f44d2e14b184d73c4fb1a3/element - {"using":"xpath","value":"//*[@id=\"__xmlview62--editRequestPage-anchBar-__xmlview62--requestItemsSection-anchor\"]"}
RESULT: {"using":"xpath","value":"//*[@id=\"__xmlview62--editRequestPage-anchBar-__xmlview62--requestItemsSection-anchor\"]"}
COMMAND: POST /session/764ef295c8f44d2e14b184d73c4fb1a3/element/f.809832546CBCDBCC14053EE8D21219E9.d.9CCD5228B8F310BB8DBC6247E679CE27.e.3192/click - {}
RESULT: {}
COMMAND: GET /session/764ef295c8f44d2e14b184d73c4fb1a3/screenshot - {}
RESULT: {}
COMMAND: POST /session/764ef295c8f44d2e14b184d73c4fb1a3/execute/async - {"script":"<script> [1562 bytes]","args":[{"selector":{"controlType":"sap.ui.core.Icon","viewName":"etm.portal.ui.managerequests.view.Edit","properties":{"src":{"regex":{"source":"inspect"}}}},"wdio_ui5_key":"etmportal.ui.managerequests.view.Editsap.ui.core.Icon{\"src\":{\"regex\":{\"source\":\"inspect\"}}}"}]}
RESULT: {"script":"<script> [1562 bytes]","args":[{"selector":{"controlType":"sap.ui.core.Icon","viewName":"etm.portal.ui.managerequests.view.Edit","properties":{"src":{"regex":{"source":"inspect"}}}},"wdio_ui5_key":"etmportal.ui.managerequests.view.Editsap.ui.core.Icon{\"src\":{\"regex\":{\"source\":\"inspect\"}}}"}]}
RESULT: undefined
COMMAND: POST /session/764ef295c8f44d2e14b184d73c4fb1a3/element - {"using":"xpath","value":"//*[@id=\"__button163-img\"]"}
RESULT: {"using":"xpath","value":"//*[@id=\"__button163-img\"]"}
COMMAND: POST /session/764ef295c8f44d2e14b184d73c4fb1a3/element/f.809832546CBCDBCC14053EE8D21219E9.d.9CCD5228B8F310BB8DBC6247E679CE27.e.3198/click - {}
RESULT: {}
COMMAND: GET /session/764ef295c8f44d2e14b184d73c4fb1a3/screenshot - {}
RESULT: {}
COMMAND: POST /session/764ef295c8f44d2e14b184d73c4fb1a3/execute/async - {"script":"<script> [1562 bytes]","args":[{"selector":{"controlType":"sap.m.Tokenizer","viewName":"etm.portal.ui.managerequests.view.Edit","bindingPath":{"path":"/RequestItems/0","propertyPath":"LINK_TO_TAGS","modelName":"RequestItemsModel"}},"wdio_ui5_key":"etmportal.ui.managerequests.view.Editsap.m.Tokenizer{\"path\":\"/RequestItems/0\",\"propertyPath\":\"LINK_TO_TAGS\",\"modelName\":\"RequestItemsModel\"}"}]}
RESULT: {"script":"<script> [1562 bytes]","args":[{"selector":{"controlType":"sap.m.Tokenizer","viewName":"etm.portal.ui.managerequests.view.Edit","bindingPath":{"path":"/RequestItems/0","propertyPath":"LINK_TO_TAGS","modelName":"RequestItemsModel"}},"wdio_ui5_key":"etmportal.ui.managerequests.view.Editsap.m.Tokenizer{\"path\":\"/RequestItems/0\",\"propertyPath\":\"LINK_TO_TAGS\",\"modelName\":\"RequestItemsModel\"}"}]}
RESULT: undefined
COMMAND: POST /session/764ef295c8f44d2e14b184d73c4fb1a3/element - {"using":"xpath","value":"//*[@id=\"__tokenizer66\"]"}
RESULT: {"using":"xpath","value":"//*[@id=\"__tokenizer66\"]"}
COMMAND: POST /session/764ef295c8f44d2e14b184d73c4fb1a3/element/f.809832546CBCDBCC14053EE8D21219E9.d.9CCD5228B8F310BB8DBC6247E679CE27.e.3201/click - {}
RESULT: {}
COMMAND: GET /session/764ef295c8f44d2e14b184d73c4fb1a3/screenshot - {}
RESULT: {}
COMMAND: POST /session/764ef295c8f44d2e14b184d73c4fb1a3/execute/async - {"script":"<script> [1562 bytes]","args":[{"selector":{"controlType":"sap.ui.core.Icon","viewName":"etm.portal.ui.managerequests.view.Edit","properties":{"src":{"regex":{"source":"decline"}}},"searchOpenDialogs":true,"ancestor":{"controlType":"sap.m.StandardListItem","viewName":"etm.portal.ui.managerequests.view.Edit","properties":{"title":"tag-duplicate"},"searchOpenDialogs":true}},"wdio_ui5_key":"etmportal.ui.managerequests.view.Editsap.ui.core.Icon{\"src\":{\"regex\":{\"source\":\"decline\"}}}{\"controlType\":\"sap.m.StandardListItem\",\"viewName\":\"etm.portal.ui.managerequests.view.Edit\",\"properties\":{\"title\":\"tag-duplicate\"},\"searchOpenDialogs\":true}"}]}
RESULT: {"script":"<script> [1562 bytes]","args":[{"selector":{"controlType":"sap.ui.core.Icon","viewName":"etm.portal.ui.managerequests.view.Edit","properties":{"src":{"regex":{"source":"decline"}}},"searchOpenDialogs":true,"ancestor":{"controlType":"sap.m.StandardListItem","viewName":"etm.portal.ui.managerequests.view.Edit","properties":{"title":"tag-duplicate"},"searchOpenDialogs":true}},"wdio_ui5_key":"etmportal.ui.managerequests.view.Editsap.ui.core.Icon{\"src\":{\"regex\":{\"source\":\"decline\"}}}{\"controlType\":\"sap.m.StandardListItem\",\"viewName\":\"etm.portal.ui.managerequests.view.Edit\",\"properties\":{\"title\":\"tag-duplicate\"},\"searchOpenDialogs\":true}"}]}
RESULT: undefined
COMMAND: POST /session/764ef295c8f44d2e14b184d73c4fb1a3/element - {"using":"xpath","value":"//*[@id=\"__item1335-imgDel-img\"]"}
RESULT: {"using":"xpath","value":"//*[@id=\"__item1335-imgDel-img\"]"}
COMMAND: POST /session/764ef295c8f44d2e14b184d73c4fb1a3/element/f.809832546CBCDBCC14053EE8D21219E9.d.9CCD5228B8F310BB8DBC6247E679CE27.e.3204/click - {}
RESULT: {}
COMMAND: GET /session/764ef295c8f44d2e14b184d73c4fb1a3/screenshot - {}
RESULT: {}
COMMAND: POST /session/764ef295c8f44d2e14b184d73c4fb1a3/actions - {"actions":[{"id":"action29","type":"key","parameters":{},"actions":[{"type":"keyDown","value":""},{"type":"pause","duration":10},{"type":"keyUp","value":""}]}]}
RESULT: {"actions":[{"id":"action29","type":"key","parameters":{},"actions":[{"type":"keyDown","value":""},{"type":"pause","duration":10},{"type":"keyUp","value":""}]}]}
COMMAND: POST /session/764ef295c8f44d2e14b184d73c4fb1a3/execute/async - {"script":"<script> [1562 bytes]","args":[{"selector":{"controlType":"sap.m.Tokenizer","viewName":"etm.portal.ui.managerequests.view.Edit","bindingPath":{"path":"/RequestItems/1","propertyPath":"LINK_TO_TAGS","modelName":"RequestItemsModel"}},"wdio_ui5_key":"etmportal.ui.managerequests.view.Editsap.m.Tokenizer{\"path\":\"/RequestItems/1\",\"propertyPath\":\"LINK_TO_TAGS\",\"modelName\":\"RequestItemsModel\"}"}]}
COMMAND: GET /session/764ef295c8f44d2e14b184d73c4fb1a3/screenshot - {}
RESULT: {"script":"<script> [1562 bytes]","args":[{"selector":{"controlType":"sap.m.Tokenizer","viewName":"etm.portal.ui.managerequests.view.Edit","bindingPath":{"path":"/RequestItems/1","propertyPath":"LINK_TO_TAGS","modelName":"RequestItemsModel"}},"wdio_ui5_key":"etmportal.ui.managerequests.view.Editsap.m.Tokenizer{\"path\":\"/RequestItems/1\",\"propertyPath\":\"LINK_TO_TAGS\",\"modelName\":\"RequestItemsModel\"}"}]}
RESULT: undefined
COMMAND: POST /session/764ef295c8f44d2e14b184d73c4fb1a3/element - {"using":"xpath","value":"//*[@id=\"__tokenizer67\"]"}
RESULT: {}
RESULT: {"using":"xpath","value":"//*[@id=\"__tokenizer67\"]"}
COMMAND: POST /session/764ef295c8f44d2e14b184d73c4fb1a3/element/f.809832546CBCDBCC14053EE8D21219E9.d.9CCD5228B8F310BB8DBC6247E679CE27.e.3207/click - {}
RESULT: {}
COMMAND: GET /session/764ef295c8f44d2e14b184d73c4fb1a3/screenshot - {}
RESULT: {}
COMMAND: POST /session/764ef295c8f44d2e14b184d73c4fb1a3/execute/async - {"script":"<script> [1562 bytes]","args":[{"selector":{"controlType":"sap.ui.core.Icon","viewName":"etm.portal.ui.managerequests.view.Edit","properties":{"src":{"regex":{"source":"decline"}}},"searchOpenDialogs":true,"ancestor":{"controlType":"sap.m.StandardListItem","viewName":"etm.portal.ui.managerequests.view.Edit","properties":{"title":"tagRequest1"},"searchOpenDialogs":true}},"wdio_ui5_key":"etmportal.ui.managerequests.view.Editsap.ui.core.Icon{\"src\":{\"regex\":{\"source\":\"decline\"}}}{\"controlType\":\"sap.m.StandardListItem\",\"viewName\":\"etm.portal.ui.managerequests.view.Edit\",\"properties\":{\"title\":\"tagRequest1\"},\"searchOpenDialogs\":true}"}]}
RESULT: {"script":"<script> [1562 bytes]","args":[{"selector":{"controlType":"sap.ui.core.Icon","viewName":"etm.portal.ui.managerequests.view.Edit","properties":{"src":{"regex":{"source":"decline"}}},"searchOpenDialogs":true,"ancestor":{"controlType":"sap.m.StandardListItem","viewName":"etm.portal.ui.managerequests.view.Edit","properties":{"title":"tagRequest1"},"searchOpenDialogs":true}},"wdio_ui5_key":"etmportal.ui.managerequests.view.Editsap.ui.core.Icon{\"src\":{\"regex\":{\"source\":\"decline\"}}}{\"controlType\":\"sap.m.StandardListItem\",\"viewName\":\"etm.portal.ui.managerequests.view.Edit\",\"properties\":{\"title\":\"tagRequest1\"},\"searchOpenDialogs\":true}"}]}
RESULT: undefined
COMMAND: POST /session/764ef295c8f44d2e14b184d73c4fb1a3/element - {"using":"xpath","value":"//*[@id=\"__item1343-imgDel-img\"]"}
RESULT: {"using":"xpath","value":"//*[@id=\"__item1343-imgDel-img\"]"}
COMMAND: POST /session/764ef295c8f44d2e14b184d73c4fb1a3/element/f.809832546CBCDBCC14053EE8D21219E9.d.9CCD5228B8F310BB8DBC6247E679CE27.e.3210/click - {}
RESULT: {}
COMMAND: GET /session/764ef295c8f44d2e14b184d73c4fb1a3/screenshot - {}
RESULT: {}
COMMAND: POST /session/764ef295c8f44d2e14b184d73c4fb1a3/execute/async - {"script":"<script> [1562 bytes]","args":[{"selector":{"controlType":"sap.ui.core.Icon","viewName":"etm.portal.ui.managerequests.view.Edit","properties":{"src":{"regex":{"source":"decline"}}},"searchOpenDialogs":true,"ancestor":{"controlType":"sap.m.StandardListItem","viewName":"etm.portal.ui.managerequests.view.Edit","properties":{"title":"RefTag"},"searchOpenDialogs":true}},"wdio_ui5_key":"etmportal.ui.managerequests.view.Editsap.ui.core.Icon{\"src\":{\"regex\":{\"source\":\"decline\"}}}{\"controlType\":\"sap.m.StandardListItem\",\"viewName\":\"etm.portal.ui.managerequests.view.Edit\",\"properties\":{\"title\":\"RefTag\"},\"searchOpenDialogs\":true}"}]}
RESULT: {"script":"<script> [1562 bytes]","args":[{"selector":{"controlType":"sap.ui.core.Icon","viewName":"etm.portal.ui.managerequests.view.Edit","properties":{"src":{"regex":{"source":"decline"}}},"searchOpenDialogs":true,"ancestor":{"controlType":"sap.m.StandardListItem","viewName":"etm.portal.ui.managerequests.view.Edit","properties":{"title":"RefTag"},"searchOpenDialogs":true}},"wdio_ui5_key":"etmportal.ui.managerequests.view.Editsap.ui.core.Icon{\"src\":{\"regex\":{\"source\":\"decline\"}}}{\"controlType\":\"sap.m.StandardListItem\",\"viewName\":\"etm.portal.ui.managerequests.view.Edit\",\"properties\":{\"title\":\"RefTag\"},\"searchOpenDialogs\":true}"}]}
RESULT: undefined
COMMAND: POST /session/764ef295c8f44d2e14b184d73c4fb1a3/element - {"using":"xpath","value":"//*[@id=\"__item1347-imgDel-img\"]"}
RESULT: {"using":"xpath","value":"//*[@id=\"__item1347-imgDel-img\"]"}
COMMAND: POST /session/764ef295c8f44d2e14b184d73c4fb1a3/element/f.809832546CBCDBCC14053EE8D21219E9.d.9CCD5228B8F310BB8DBC6247E679CE27.e.3213/click - {}
RESULT: {}
COMMAND: GET /session/764ef295c8f44d2e14b184d73c4fb1a3/screenshot - {}
RESULT: {}
COMMAND: POST /session/764ef295c8f44d2e14b184d73c4fb1a3/execute/async - {"script":"<script> [1562 bytes]","args":[{"selector":{"controlType":"sap.ui.core.Icon","viewName":"etm.portal.ui.managerequests.view.Edit","properties":{"src":{"regex":{"source":"decline"}}},"searchOpenDialogs":true,"ancestor":{"controlType":"sap.m.StandardListItem","viewName":"etm.portal.ui.managerequests.view.Edit","properties":{"title":"tag-header"},"searchOpenDialogs":true}},"wdio_ui5_key":"etmportal.ui.managerequests.view.Editsap.ui.core.Icon{\"src\":{\"regex\":{\"source\":\"decline\"}}}{\"controlType\":\"sap.m.StandardListItem\",\"viewName\":\"etm.portal.ui.managerequests.view.Edit\",\"properties\":{\"title\":\"tag-header\"},\"searchOpenDialogs\":true}"}]}
RESULT: {"script":"<script> [1562 bytes]","args":[{"selector":{"controlType":"sap.ui.core.Icon","viewName":"etm.portal.ui.managerequests.view.Edit","properties":{"src":{"regex":{"source":"decline"}}},"searchOpenDialogs":true,"ancestor":{"controlType":"sap.m.StandardListItem","viewName":"etm.portal.ui.managerequests.view.Edit","properties":{"title":"tag-header"},"searchOpenDialogs":true}},"wdio_ui5_key":"etmportal.ui.managerequests.view.Editsap.ui.core.Icon{\"src\":{\"regex\":{\"source\":\"decline\"}}}{\"controlType\":\"sap.m.StandardListItem\",\"viewName\":\"etm.portal.ui.managerequests.view.Edit\",\"properties\":{\"title\":\"tag-header\"},\"searchOpenDialogs\":true}"}]}
RESULT: undefined
COMMAND: POST /session/764ef295c8f44d2e14b184d73c4fb1a3/element - {"using":"xpath","value":"//*[@id=\"__item1350-imgDel-img\"]"}
RESULT: {"using":"xpath","value":"//*[@id=\"__item1350-imgDel-img\"]"}
COMMAND: POST /session/764ef295c8f44d2e14b184d73c4fb1a3/element/f.809832546CBCDBCC14053EE8D21219E9.d.9CCD5228B8F310BB8DBC6247E679CE27.e.3216/click - {}
RESULT: {}
COMMAND: GET /session/764ef295c8f44d2e14b184d73c4fb1a3/screenshot - {}
RESULT: {}
COMMAND: POST /session/764ef295c8f44d2e14b184d73c4fb1a3/actions - {"actions":[{"id":"action30","type":"key","parameters":{},"actions":[{"type":"keyDown","value":""},{"type":"pause","duration":10},{"type":"keyUp","value":""}]}]}
RESULT: {"actions":[{"id":"action30","type":"key","parameters":{},"actions":[{"type":"keyDown","value":""},{"type":"pause","duration":10},{"type":"keyUp","value":""}]}]}
COMMAND: POST /session/764ef295c8f44d2e14b184d73c4fb1a3/actions - {"actions":[{"id":"action31","type":"key","parameters":{},"actions":[{"type":"keyDown","value":""},{"type":"pause","duration":10},{"type":"keyUp","value":""}]}]}
COMMAND: GET /session/764ef295c8f44d2e14b184d73c4fb1a3/screenshot - {}
RESULT: {"actions":[{"id":"action31","type":"key","parameters":{},"actions":[{"type":"keyDown","value":""},{"type":"pause","duration":10},{"type":"keyUp","value":""}]}]}
COMMAND: GET /session/764ef295c8f44d2e14b184d73c4fb1a3/screenshot - {}
RESULT: {}
RESULT: {}
COMMAND: POST /session/764ef295c8f44d2e14b184d73c4fb1a3/execute/async - {"script":"<script> [1562 bytes]","args":[{"selector":{"controlType":"sap.m.Button","viewName":"etm.portal.ui.managerequests.view.Edit","i18NText":{"propertyName":"tooltip","key":"save"},"interaction":{"idSuffix":"BDI-content"}},"wdio_ui5_key":"etmportal.ui.managerequests.view.Editsap.m.Button{\"propertyName\":\"tooltip\",\"key\":\"save\"}"}]}
RESULT: {"script":"<script> [1562 bytes]","args":[{"selector":{"controlType":"sap.m.Button","viewName":"etm.portal.ui.managerequests.view.Edit","i18NText":{"propertyName":"tooltip","key":"save"},"interaction":{"idSuffix":"BDI-content"}},"wdio_ui5_key":"etmportal.ui.managerequests.view.Editsap.m.Button{\"propertyName\":\"tooltip\",\"key\":\"save\"}"}]}
RESULT: undefined
COMMAND: POST /session/764ef295c8f44d2e14b184d73c4fb1a3/element - {"using":"xpath","value":"//*[@id=\"__xmlview62--saveButtonId\"]"}
RESULT: {"using":"xpath","value":"//*[@id=\"__xmlview62--saveButtonId\"]"}
COMMAND: POST /session/764ef295c8f44d2e14b184d73c4fb1a3/element/f.809832546CBCDBCC14053EE8D21219E9.d.9CCD5228B8F310BB8DBC6247E679CE27.e.3121/click - {}
RESULT: {}
COMMAND: GET /session/764ef295c8f44d2e14b184d73c4fb1a3/screenshot - {}
RESULT: {}
COMMAND: POST /session/764ef295c8f44d2e14b184d73c4fb1a3/execute/async - {"script":"<script> [1562 bytes]","args":[{"selector":{"id":"tagsLayoutViewMode","viewName":"etm.portal.ui.managerequests.view.Detail"},"wdio_ui5_key":"tagsLayoutViewModeetmportal.ui.managerequests.view.Detail"}]}
RESULT: {"script":"<script> [1562 bytes]","args":[{"selector":{"id":"tagsLayoutViewMode","viewName":"etm.portal.ui.managerequests.view.Detail"},"wdio_ui5_key":"tagsLayoutViewModeetmportal.ui.managerequests.view.Detail"}]}
RESULT: undefined
COMMAND: POST /session/764ef295c8f44d2e14b184d73c4fb1a3/execute/async - {"script":"<script> [6424 bytes]","args":[{"element-6066-11e4-a52e-4f735466cecf":"f.809832546CBCDBCC14053EE8D21219E9.d.9CCD5228B8F310BB8DBC6247E679CE27.e.3344"},"getTokens",[]]}
RESULT: {"script":"<script> [6424 bytes]","args":[{"element-6066-11e4-a52e-4f735466cecf":"f.809832546CBCDBCC14053EE8D21219E9.d.9CCD5228B8F310BB8DBC6247E679CE27.e.3344"},"getTokens",[]]}
COMMAND: POST /session/764ef295c8f44d2e14b184d73c4fb1a3/execute/async - {"script":"<script> [1562 bytes]","args":[{"wdio_ui5_key":"__token11-__xmlview61--tagsLayoutViewMode-1","selector":{"id":"__token11-__xmlview61--tagsLayoutViewMode-1"}}]}
COMMAND: POST /session/764ef295c8f44d2e14b184d73c4fb1a3/execute/async - {"script":"<script> [1562 bytes]","args":[{"wdio_ui5_key":"__token11-__xmlview61--tagsLayoutViewMode-0","selector":{"id":"__token11-__xmlview61--tagsLayoutViewMode-0"}}]}
RESULT: {"script":"<script> [1562 bytes]","args":[{"wdio_ui5_key":"__token11-__xmlview61--tagsLayoutViewMode-1","selector":{"id":"__token11-__xmlview61--tagsLayoutViewMode-1"}}]}
RESULT: undefined
RESULT: {"script":"<script> [1562 bytes]","args":[{"wdio_ui5_key":"__token11-__xmlview61--tagsLayoutViewMode-0","selector":{"id":"__token11-__xmlview61--tagsLayoutViewMode-0"}}]}
RESULT: undefined
COMMAND: POST /session/764ef295c8f44d2e14b184d73c4fb1a3/execute/async - {"script":"<script> [1562 bytes]","args":[{"selector":{"controlType":"sap.m.OverflowToolbarButton","viewName":"etm.portal.ui.managerequests.view.Detail","properties":{"text":"Settings"},"interaction":{"idSuffix":"inner"}},"wdio_ui5_key":"etmportal.ui.managerequests.view.Detailsap.m.OverflowToolbarButton{\"text\":\"Settings\"}"}]}
RESULT: {"script":"<script> [1562 bytes]","args":[{"selector":{"controlType":"sap.m.OverflowToolbarButton","viewName":"etm.portal.ui.managerequests.view.Detail","properties":{"text":"Settings"},"interaction":{"idSuffix":"inner"}},"wdio_ui5_key":"etmportal.ui.managerequests.view.Detailsap.m.OverflowToolbarButton{\"text\":\"Settings\"}"}]}
RESULT: undefined
COMMAND: POST /session/764ef295c8f44d2e14b184d73c4fb1a3/element - {"using":"xpath","value":"//*[@id=\"__xmlview61--smartTableRequestItems-btnPersonalisation\"]"}
RESULT: {"using":"xpath","value":"//*[@id=\"__xmlview61--smartTableRequestItems-btnPersonalisation\"]"}
COMMAND: POST /session/764ef295c8f44d2e14b184d73c4fb1a3/element/f.809832546CBCDBCC14053EE8D21219E9.d.9CCD5228B8F310BB8DBC6247E679CE27.e.3348/click - {}
RESULT: {}
COMMAND: POST /session/764ef295c8f44d2e14b184d73c4fb1a3/execute/async - {"script":"<script> [1562 bytes]","args":[{"selector":{"controlType":"sap.m.SearchField","viewName":"etm.portal.ui.managerequests.view.Detail","searchOpenDialogs":true,"interaction":{"idSuffix":"I"}},"wdio_ui5_key":"etmportal.ui.managerequests.view.Detailsap.m.SearchField"}]}
COMMAND: GET /session/764ef295c8f44d2e14b184d73c4fb1a3/screenshot - {}
RESULT: {"script":"<script> [1562 bytes]","args":[{"selector":{"controlType":"sap.m.SearchField","viewName":"etm.portal.ui.managerequests.view.Detail","searchOpenDialogs":true,"interaction":{"idSuffix":"I"}},"wdio_ui5_key":"etmportal.ui.managerequests.view.Detailsap.m.SearchField"}]}
RESULT: undefined
COMMAND: POST /session/764ef295c8f44d2e14b184d73c4fb1a3/execute/async - {"script":"<script> [776 bytes]","args":[{"enterText":"tag","selector":{"controlType":"sap.m.SearchField","viewName":"etm.portal.ui.managerequests.view.Detail","searchOpenDialogs":true,"interaction":{"idSuffix":"I"}},"clearTextFirst":true,"interactionType":"ENTER_TEXT"}]}
RESULT: {}
RESULT: {"script":"<script> [776 bytes]","args":[{"enterText":"tag","selector":{"controlType":"sap.m.SearchField","viewName":"etm.portal.ui.managerequests.view.Detail","searchOpenDialogs":true,"interaction":{"idSuffix":"I"}},"clearTextFirst":true,"interactionType":"ENTER_TEXT"}]}
COMMAND: POST /session/764ef295c8f44d2e14b184d73c4fb1a3/element - {"using":"xpath","value":"//div[contains(@id ,\"innerSelectionPanelTable-0-selectMulti-CbBg\")]"}
RESULT: {"using":"xpath","value":"//div[contains(@id ,\"innerSelectionPanelTable-0-selectMulti-CbBg\")]"}
COMMAND: POST /session/764ef295c8f44d2e14b184d73c4fb1a3/element/f.809832546CBCDBCC14053EE8D21219E9.d.9CCD5228B8F310BB8DBC6247E679CE27.e.3385/click - {}
RESULT: {}
COMMAND: POST /session/764ef295c8f44d2e14b184d73c4fb1a3/execute/async - {"script":"<script> [1562 bytes]","args":[{"selector":{"controlType":"sap.m.Button","viewName":"etm.portal.ui.managerequests.view.Detail","properties":{"text":"OK"},"searchOpenDialogs":true,"interaction":{"idSuffix":"BDI-content"}},"wdio_ui5_key":"etmportal.ui.managerequests.view.Detailsap.m.Button{\"text\":\"OK\"}"}]}
COMMAND: GET /session/764ef295c8f44d2e14b184d73c4fb1a3/screenshot - {}
RESULT: {"script":"<script> [1562 bytes]","args":[{"selector":{"controlType":"sap.m.Button","viewName":"etm.portal.ui.managerequests.view.Detail","properties":{"text":"OK"},"searchOpenDialogs":true,"interaction":{"idSuffix":"BDI-content"}},"wdio_ui5_key":"etmportal.ui.managerequests.view.Detailsap.m.Button{\"text\":\"OK\"}"}]}
RESULT: undefined
COMMAND: POST /session/764ef295c8f44d2e14b184d73c4fb1a3/element - {"using":"xpath","value":"//*[@id=\"__popup378-confirmBtn\"]"}
RESULT: {}
RESULT: {"using":"xpath","value":"//*[@id=\"__popup378-confirmBtn\"]"}
COMMAND: POST /session/764ef295c8f44d2e14b184d73c4fb1a3/element/f.809832546CBCDBCC14053EE8D21219E9.d.9CCD5228B8F310BB8DBC6247E679CE27.e.3390/click - {}
RESULT: {}
COMMAND: GET /session/764ef295c8f44d2e14b184d73c4fb1a3/screenshot - {}
RESULT: {}
COMMAND: POST /session/764ef295c8f44d2e14b184d73c4fb1a3/execute/async - {"script":"<script> [1562 bytes]","args":[{"selector":{"controlType":"sap.m.Text","viewName":"etm.portal.ui.managerequests.view.Detail","bindingPath":{"propertyPath":"NO","modelName":"catalogModel"}},"wdio_ui5_key":"etmportal.ui.managerequests.view.Detailsap.m.Text{\"propertyPath\":\"NO\",\"modelName\":\"catalogModel\"}"}]}
RESULT: {"script":"<script> [1562 bytes]","args":[{"selector":{"controlType":"sap.m.Text","viewName":"etm.portal.ui.managerequests.view.Detail","bindingPath":{"propertyPath":"NO","modelName":"catalogModel"}},"wdio_ui5_key":"etmportal.ui.managerequests.view.Detailsap.m.Text{\"propertyPath\":\"NO\",\"modelName\":\"catalogModel\"}"}]}
RESULT: undefined
COMMAND: POST /session/764ef295c8f44d2e14b184d73c4fb1a3/execute/async - {"script":"<script> [6424 bytes]","args":[{"element-6066-11e4-a52e-4f735466cecf":"f.809832546CBCDBCC14053EE8D21219E9.d.9CCD5228B8F310BB8DBC6247E679CE27.e.3402"},"getText",[]]}
RESULT: {"script":"<script> [6424 bytes]","args":[{"element-6066-11e4-a52e-4f735466cecf":"f.809832546CBCDBCC14053EE8D21219E9.d.9CCD5228B8F310BB8DBC6247E679CE27.e.3402"},"getText",[]]}
COMMAND: POST /session/764ef295c8f44d2e14b184d73c4fb1a3/execute/async - {"script":"<script> [1562 bytes]","args":[{"selector":{"controlType":"sap.m.Tokenizer","viewName":"etm.portal.ui.managerequests.view.Detail","bindingPath":{"path":"/SmartRequestItemsPlanningBoard(ITEM=10m,REQUEST='20073')","propertyPath":"LINK_TO_TAGS"}},"wdio_ui5_key":"etmportal.ui.managerequests.view.Detailsap.m.Tokenizer{\"path\":\"/SmartRequestItemsPlanningBoard(ITEM=10m,REQUEST='20073')\",\"propertyPath\":\"LINK_TO_TAGS\"}"}]}
RESULT: {"script":"<script> [1562 bytes]","args":[{"selector":{"controlType":"sap.m.Tokenizer","viewName":"etm.portal.ui.managerequests.view.Detail","bindingPath":{"path":"/SmartRequestItemsPlanningBoard(ITEM=10m,REQUEST='20073')","propertyPath":"LINK_TO_TAGS"}},"wdio_ui5_key":"etmportal.ui.managerequests.view.Detailsap.m.Tokenizer{\"path\":\"/SmartRequestItemsPlanningBoard(ITEM=10m,REQUEST='20073')\",\"propertyPath\":\"LINK_TO_TAGS\"}"}]}
RESULT: undefined
COMMAND: POST /session/764ef295c8f44d2e14b184d73c4fb1a3/execute/async - {"script":"<script> [6424 bytes]","args":[{"element-6066-11e4-a52e-4f735466cecf":"f.809832546CBCDBCC14053EE8D21219E9.d.9CCD5228B8F310BB8DBC6247E679CE27.e.3403"},"getTokens",[]]}
RESULT: {"script":"<script> [6424 bytes]","args":[{"element-6066-11e4-a52e-4f735466cecf":"f.809832546CBCDBCC14053EE8D21219E9.d.9CCD5228B8F310BB8DBC6247E679CE27.e.3403"},"getTokens",[]]}
COMMAND: POST /session/764ef295c8f44d2e14b184d73c4fb1a3/execute/async - {"script":"<script> [1562 bytes]","args":[{"wdio_ui5_key":"__token12-__tokenizer63-__clone3907-1","selector":{"id":"__token12-__tokenizer63-__clone3907-1"}}]}
COMMAND: POST /session/764ef295c8f44d2e14b184d73c4fb1a3/execute/async - {"script":"<script> [1562 bytes]","args":[{"wdio_ui5_key":"__token12-__tokenizer63-__clone3907-2","selector":{"id":"__token12-__tokenizer63-__clone3907-2"}}]}
COMMAND: POST /session/764ef295c8f44d2e14b184d73c4fb1a3/execute/async - {"script":"<script> [1562 bytes]","args":[{"wdio_ui5_key":"__token12-__tokenizer63-__clone3907-0","selector":{"id":"__token12-__tokenizer63-__clone3907-0"}}]}
RESULT: {"script":"<script> [1562 bytes]","args":[{"wdio_ui5_key":"__token12-__tokenizer63-__clone3907-1","selector":{"id":"__token12-__tokenizer63-__clone3907-1"}}]}
RESULT: undefined
RESULT: {"script":"<script> [1562 bytes]","args":[{"wdio_ui5_key":"__token12-__tokenizer63-__clone3907-2","selector":{"id":"__token12-__tokenizer63-__clone3907-2"}}]}
RESULT: undefined
RESULT: {"script":"<script> [1562 bytes]","args":[{"wdio_ui5_key":"__token12-__tokenizer63-__clone3907-0","selector":{"id":"__token12-__tokenizer63-__clone3907-0"}}]}
RESULT: undefined
COMMAND: POST /session/764ef295c8f44d2e14b184d73c4fb1a3/element - {"using":"xpath","value":"(//span[contains(text(), \"tag-header\")])[2]"}
RESULT: {"using":"xpath","value":"(//span[contains(text(), \"tag-header\")])[2]"}
COMMAND: POST /session/764ef295c8f44d2e14b184d73c4fb1a3/elements - {"using":"xpath","value":"(//span[contains(text(), \"tag-header\")])[2]"}
RESULT: {"using":"xpath","value":"(//span[contains(text(), \"tag-header\")])[2]"}
COMMAND: POST /session/764ef295c8f44d2e14b184d73c4fb1a3/execute/async - {"script":"<script> [1562 bytes]","args":[{"selector":{"controlType":"sap.m.Tokenizer","viewName":"etm.portal.ui.managerequests.view.Detail","bindingPath":{"path":"/SmartRequestItemsPlanningBoard(ITEM=20m,REQUEST='20073')","propertyPath":"LINK_TO_TAGS"}},"wdio_ui5_key":"etmportal.ui.managerequests.view.Detailsap.m.Tokenizer{\"path\":\"/SmartRequestItemsPlanningBoard(ITEM=20m,REQUEST='20073')\",\"propertyPath\":\"LINK_TO_TAGS\"}"}]}
RESULT: {"script":"<script> [1562 bytes]","args":[{"selector":{"controlType":"sap.m.Tokenizer","viewName":"etm.portal.ui.managerequests.view.Detail","bindingPath":{"path":"/SmartRequestItemsPlanningBoard(ITEM=20m,REQUEST='20073')","propertyPath":"LINK_TO_TAGS"}},"wdio_ui5_key":"etmportal.ui.managerequests.view.Detailsap.m.Tokenizer{\"path\":\"/SmartRequestItemsPlanningBoard(ITEM=20m,REQUEST='20073')\",\"propertyPath\":\"LINK_TO_TAGS\"}"}]}
RESULT: undefined
COMMAND: POST /session/764ef295c8f44d2e14b184d73c4fb1a3/execute/async - {"script":"<script> [6424 bytes]","args":[{"element-6066-11e4-a52e-4f735466cecf":"f.809832546CBCDBCC14053EE8D21219E9.d.9CCD5228B8F310BB8DBC6247E679CE27.e.3408"},"getTokens",[]]}
RESULT: {"script":"<script> [6424 bytes]","args":[{"element-6066-11e4-a52e-4f735466cecf":"f.809832546CBCDBCC14053EE8D21219E9.d.9CCD5228B8F310BB8DBC6247E679CE27.e.3408"},"getTokens",[]]}
COMMAND: POST /session/764ef295c8f44d2e14b184d73c4fb1a3/element - {"using":"css selector","value":"#shell-header-logo"}
RESULT: {"using":"css selector","value":"#shell-header-logo"}
COMMAND: POST /session/764ef295c8f44d2e14b184d73c4fb1a3/element/f.809832546CBCDBCC14053EE8D21219E9.d.9CCD5228B8F310BB8DBC6247E679CE27.e.2438/click - {}
RESULT: {}
COMMAND: GET /session/764ef295c8f44d2e14b184d73c4fb1a3/screenshot - {}
RESULT: {}
]]></system-out>
    </testcase>
  </testsuite>
  <testsuite timestamp="2025-06-13T15:47:31" time="567.893" tests="4" failures="0" errors="0" skipped="0">
    <properties>
      <property name="specId" value="0"/>
      <property name="suiteName" value="Manage request + Contract processing pick up option US120163 "/>
      <property name="capabilities" value="chrome.137_0_7151_69.windows"/>
      <property name="file" value="file:///D:/a/1/s/test/specs/R2C/create-request-Pickup.spec.js"/>
    </properties>
    <testcase classname="chrome.137_0_7151_69.windows.Manage_request_+_Contract_processing_pick_up_option_US120163_" name="Should create a new contract" time="65.499">
      <system-out><![CDATA[
COMMAND: POST /session/764ef295c8f44d2e14b184d73c4fb1a3/execute/async - {"script":"<script> [1562 bytes]","args":[{"selector":{"controlType":"sap.m.Text","viewName":"etm.portal.ui.managecontractstile.view.Master","properties":{"text":"Manage Contracts"},"interaction":{"idSuffix":"inner"}},"wdio_ui5_key":"etmportal.ui.managecontractstile.view.Mastersap.m.Text{\"text\":\"Manage Contracts\"}"}]}
RESULT: {"script":"<script> [1562 bytes]","args":[{"selector":{"controlType":"sap.m.Text","viewName":"etm.portal.ui.managecontractstile.view.Master","properties":{"text":"Manage Contracts"},"interaction":{"idSuffix":"inner"}},"wdio_ui5_key":"etmportal.ui.managecontractstile.view.Mastersap.m.Text{\"text\":\"Manage Contracts\"}"}]}
RESULT: undefined
COMMAND: POST /session/764ef295c8f44d2e14b184d73c4fb1a3/element - {"using":"xpath","value":"//*[@id=\"__tile133-title\"]"}
RESULT: {"using":"xpath","value":"//*[@id=\"__tile133-title\"]"}
COMMAND: POST /session/764ef295c8f44d2e14b184d73c4fb1a3/element/f.809832546CBCDBCC14053EE8D21219E9.d.9CCD5228B8F310BB8DBC6247E679CE27.e.3412/click - {}
RESULT: {}
COMMAND: GET /session/764ef295c8f44d2e14b184d73c4fb1a3/screenshot - {}
RESULT: {}
COMMAND: POST /session/764ef295c8f44d2e14b184d73c4fb1a3/execute/async - {"script":"<script> [1562 bytes]","args":[{"selector":{"controlType":"sap.ui.core.Icon","viewName":"etm.portal.ui.managecontracts.view.Master","properties":{"src":{"regex":{"source":"add"}}}},"wdio_ui5_key":"etmportal.ui.managecontracts.view.Mastersap.ui.core.Icon{\"src\":{\"regex\":{\"source\":\"add\"}}}"}]}
RESULT: {"script":"<script> [1562 bytes]","args":[{"selector":{"controlType":"sap.ui.core.Icon","viewName":"etm.portal.ui.managecontracts.view.Master","properties":{"src":{"regex":{"source":"add"}}}},"wdio_ui5_key":"etmportal.ui.managecontracts.view.Mastersap.ui.core.Icon{\"src\":{\"regex\":{\"source\":\"add\"}}}"}]}
RESULT: undefined
COMMAND: POST /session/764ef295c8f44d2e14b184d73c4fb1a3/element - {"using":"xpath","value":"//*[@id=\"__button185-img\"]"}
RESULT: {"using":"xpath","value":"//*[@id=\"__button185-img\"]"}
COMMAND: POST /session/764ef295c8f44d2e14b184d73c4fb1a3/element/f.809832546CBCDBCC14053EE8D21219E9.d.9CCD5228B8F310BB8DBC6247E679CE27.e.3466/click - {}
RESULT: {}
COMMAND: POST /session/764ef295c8f44d2e14b184d73c4fb1a3/execute/async - {"script":"<script> [1562 bytes]","args":[{"selector":{"id":"application-managecontracts-display-component---AddNewContract--projectDescription","interaction":{"idSuffix":"inner"}},"wdio_ui5_key":"applicationmanagecontracts-display-component---AddNewContract--projectDescription"}]}
COMMAND: GET /session/764ef295c8f44d2e14b184d73c4fb1a3/screenshot - {}
RESULT: {"script":"<script> [1562 bytes]","args":[{"selector":{"id":"application-managecontracts-display-component---AddNewContract--projectDescription","interaction":{"idSuffix":"inner"}},"wdio_ui5_key":"applicationmanagecontracts-display-component---AddNewContract--projectDescription"}]}
RESULT: undefined
COMMAND: POST /session/764ef295c8f44d2e14b184d73c4fb1a3/execute/async - {"script":"<script> [776 bytes]","args":[{"enterText":"PickupContract17p12","selector":{"id":"application-managecontracts-display-component---AddNewContract--projectDescription","interaction":{"idSuffix":"inner"}},"clearTextFirst":true,"interactionType":"ENTER_TEXT"}]}
RESULT: {}
RESULT: {"script":"<script> [776 bytes]","args":[{"enterText":"PickupContract17p12","selector":{"id":"application-managecontracts-display-component---AddNewContract--projectDescription","interaction":{"idSuffix":"inner"}},"clearTextFirst":true,"interactionType":"ENTER_TEXT"}]}
COMMAND: POST /session/764ef295c8f44d2e14b184d73c4fb1a3/element - {"using":"xpath","value":"//input[contains(@id ,\"application-managecontracts-display-component---AddNewContract--yardId-inner\")]"}
RESULT: {"using":"xpath","value":"//input[contains(@id ,\"application-managecontracts-display-component---AddNewContract--yardId-inner\")]"}
COMMAND: POST /session/764ef295c8f44d2e14b184d73c4fb1a3/element/f.809832546CBCDBCC14053EE8D21219E9.d.9CCD5228B8F310BB8DBC6247E679CE27.e.3728/value - {"text":"WebdriverYardsn1ov"}
RESULT: {"text":"WebdriverYardsn1ov"}
COMMAND: GET /session/764ef295c8f44d2e14b184d73c4fb1a3/screenshot - {}
RESULT: {}
COMMAND: POST /session/764ef295c8f44d2e14b184d73c4fb1a3/actions - {"actions":[{"id":"action32","type":"key","parameters":{},"actions":[{"type":"keyDown","value":""},{"type":"pause","duration":10},{"type":"keyUp","value":""}]}]}
RESULT: {"actions":[{"id":"action32","type":"key","parameters":{},"actions":[{"type":"keyDown","value":""},{"type":"pause","duration":10},{"type":"keyUp","value":""}]}]}
COMMAND: GET /session/764ef295c8f44d2e14b184d73c4fb1a3/screenshot - {}
RESULT: {}
COMMAND: POST /session/764ef295c8f44d2e14b184d73c4fb1a3/element - {"using":"xpath","value":"//input[contains(@id ,\"application-managecontracts-display-component---AddNewContract--customerSelect-inner\")]"}
RESULT: {"using":"xpath","value":"//input[contains(@id ,\"application-managecontracts-display-component---AddNewContract--customerSelect-inner\")]"}
COMMAND: POST /session/764ef295c8f44d2e14b184d73c4fb1a3/element/f.809832546CBCDBCC14053EE8D21219E9.d.9CCD5228B8F310BB8DBC6247E679CE27.e.3726/value - {"text":"WebdriverPartnerex9g5j"}
RESULT: {"text":"WebdriverPartnerex9g5j"}
COMMAND: GET /session/764ef295c8f44d2e14b184d73c4fb1a3/screenshot - {}
RESULT: {}
COMMAND: POST /session/764ef295c8f44d2e14b184d73c4fb1a3/actions - {"actions":[{"id":"action33","type":"key","parameters":{},"actions":[{"type":"keyDown","value":""},{"type":"pause","duration":10},{"type":"keyUp","value":""}]}]}
RESULT: {"actions":[{"id":"action33","type":"key","parameters":{},"actions":[{"type":"keyDown","value":""},{"type":"pause","duration":10},{"type":"keyUp","value":""}]}]}
COMMAND: GET /session/764ef295c8f44d2e14b184d73c4fb1a3/screenshot - {}
RESULT: {}
COMMAND: POST /session/764ef295c8f44d2e14b184d73c4fb1a3/element - {"using":"xpath","value":"//input[contains(@id ,\"application-managecontracts-display-component---AddNewContract--site-inner\")]"}
RESULT: {"using":"xpath","value":"//input[contains(@id ,\"application-managecontracts-display-component---AddNewContract--site-inner\")]"}
COMMAND: POST /session/764ef295c8f44d2e14b184d73c4fb1a3/element/f.809832546CBCDBCC14053EE8D21219E9.d.9CCD5228B8F310BB8DBC6247E679CE27.e.3727/value - {"text":"WebdriverSitezj22r"}
RESULT: {"text":"WebdriverSitezj22r"}
COMMAND: GET /session/764ef295c8f44d2e14b184d73c4fb1a3/screenshot - {}
RESULT: {}
COMMAND: POST /session/764ef295c8f44d2e14b184d73c4fb1a3/actions - {"actions":[{"id":"action34","type":"key","parameters":{},"actions":[{"type":"keyDown","value":""},{"type":"pause","duration":10},{"type":"keyUp","value":""}]}]}
RESULT: {"actions":[{"id":"action34","type":"key","parameters":{},"actions":[{"type":"keyDown","value":""},{"type":"pause","duration":10},{"type":"keyUp","value":""}]}]}
COMMAND: GET /session/764ef295c8f44d2e14b184d73c4fb1a3/screenshot - {}
RESULT: {}
COMMAND: POST /session/764ef295c8f44d2e14b184d73c4fb1a3/execute/async - {"script":"<script> [1562 bytes]","args":[{"selector":{"id":"application-managecontracts-display-component---AddNewContract--saveBtn","interaction":{"idSuffix":"BDI-content"}},"wdio_ui5_key":"applicationmanagecontracts-display-component---AddNewContract--saveBtn"}]}
RESULT: {"script":"<script> [1562 bytes]","args":[{"selector":{"id":"application-managecontracts-display-component---AddNewContract--saveBtn","interaction":{"idSuffix":"BDI-content"}},"wdio_ui5_key":"applicationmanagecontracts-display-component---AddNewContract--saveBtn"}]}
RESULT: undefined
COMMAND: POST /session/764ef295c8f44d2e14b184d73c4fb1a3/element - {"using":"xpath","value":"//*[@id=\"application-managecontracts-display-component---AddNewContract--saveBtn\"]"}
RESULT: {"using":"xpath","value":"//*[@id=\"application-managecontracts-display-component---AddNewContract--saveBtn\"]"}
COMMAND: POST /session/764ef295c8f44d2e14b184d73c4fb1a3/element/f.809832546CBCDBCC14053EE8D21219E9.d.9CCD5228B8F310BB8DBC6247E679CE27.e.3801/click - {}
RESULT: {}
COMMAND: GET /session/764ef295c8f44d2e14b184d73c4fb1a3/screenshot - {}
RESULT: {}
COMMAND: POST /session/764ef295c8f44d2e14b184d73c4fb1a3/element - {"using":"xpath","value":"//span[contains(@id ,\"contractDetailTitleNoExpanded\")]"}
RESULT: {"using":"xpath","value":"//span[contains(@id ,\"contractDetailTitleNoExpanded\")]"}
COMMAND: GET /session/764ef295c8f44d2e14b184d73c4fb1a3/element/f.809832546CBCDBCC14053EE8D21219E9.d.9CCD5228B8F310BB8DBC6247E679CE27.e.3885/text - {}
RESULT: {}
COMMAND: POST /session/764ef295c8f44d2e14b184d73c4fb1a3/element - {"using":"css selector","value":"#shell-header-logo"}
RESULT: {"using":"css selector","value":"#shell-header-logo"}
COMMAND: POST /session/764ef295c8f44d2e14b184d73c4fb1a3/element/f.809832546CBCDBCC14053EE8D21219E9.d.9CCD5228B8F310BB8DBC6247E679CE27.e.3415/click - {}
RESULT: {}
COMMAND: GET /session/764ef295c8f44d2e14b184d73c4fb1a3/screenshot - {}
RESULT: {}
]]></system-out>
    </testcase>
    <testcase classname="chrome.137_0_7151_69.windows.Manage_request_+_Contract_processing_pick_up_option_US120163_" name="Should create a new material" time="136.535">
      <system-out><![CDATA[
COMMAND: POST /session/764ef295c8f44d2e14b184d73c4fb1a3/execute/async - {"script":"<script> [1562 bytes]","args":[{"selector":{"controlType":"sap.m.GenericTile","properties":{"header":"Manage Resources"}},"wdio_ui5_key":"sapm.GenericTile{\"header\":\"Manage Resources\"}"}]}
RESULT: {"script":"<script> [1562 bytes]","args":[{"selector":{"controlType":"sap.m.GenericTile","properties":{"header":"Manage Resources"}},"wdio_ui5_key":"sapm.GenericTile{\"header\":\"Manage Resources\"}"}]}
RESULT: undefined
COMMAND: POST /session/764ef295c8f44d2e14b184d73c4fb1a3/element - {"using":"xpath","value":"//*[@id=\"__tile40\"]"}
RESULT: {"using":"xpath","value":"//*[@id=\"__tile40\"]"}
COMMAND: POST /session/764ef295c8f44d2e14b184d73c4fb1a3/element/f.809832546CBCDBCC14053EE8D21219E9.d.9CCD5228B8F310BB8DBC6247E679CE27.e.3887/click - {}
RESULT: {}
COMMAND: GET /session/764ef295c8f44d2e14b184d73c4fb1a3/screenshot - {}
RESULT: {}
COMMAND: POST /session/764ef295c8f44d2e14b184d73c4fb1a3/elements - {"using":"xpath","value":"//span[text()='Error']"}
RESULT: {"using":"xpath","value":"//span[text()='Error']"}
COMMAND: POST /session/764ef295c8f44d2e14b184d73c4fb1a3/element - {"using":"xpath","value":"//button[@data-kt=\"addNewRUOverflowToolbarButton\"]"}
RESULT: {"using":"xpath","value":"//button[@data-kt=\"addNewRUOverflowToolbarButton\"]"}
COMMAND: POST /session/764ef295c8f44d2e14b184d73c4fb1a3/execute/sync - {"script":"<script> [8489 bytes]","args":[{"element-6066-11e4-a52e-4f735466cecf":"f.809832546CBCDBCC14053EE8D21219E9.d.9CCD5228B8F310BB8DBC6247E679CE27.e.3928","ELEMENT":"f.809832546CBCDBCC14053EE8D21219E9.d.9CCD5228B8F310BB8DBC6247E679CE27.e.3928"}]}
RESULT: {"script":"<script> [8489 bytes]","args":[{"element-6066-11e4-a52e-4f735466cecf":"f.809832546CBCDBCC14053EE8D21219E9.d.9CCD5228B8F310BB8DBC6247E679CE27.e.3928","ELEMENT":"f.809832546CBCDBCC14053EE8D21219E9.d.9CCD5228B8F310BB8DBC6247E679CE27.e.3928"}]}
COMMAND: POST /session/764ef295c8f44d2e14b184d73c4fb1a3/element/f.809832546CBCDBCC14053EE8D21219E9.d.9CCD5228B8F310BB8DBC6247E679CE27.e.3928/click - {}
COMMAND: GET /session/764ef295c8f44d2e14b184d73c4fb1a3/screenshot - {}
RESULT: {}
COMMAND: POST /session/764ef295c8f44d2e14b184d73c4fb1a3/execute/async - {"script":"<script> [1562 bytes]","args":[{"selector":{"id":"application-manageresources-display-component---newResourceUnit--TYPE-arrow"},"wdio_ui5_key":"applicationmanageresources-display-component---newResourceUnit--TYPE-arrow"}]}
COMMAND: GET /session/764ef295c8f44d2e14b184d73c4fb1a3/screenshot - {}
RESULT: {}
RESULT: {"script":"<script> [1562 bytes]","args":[{"selector":{"id":"application-manageresources-display-component---newResourceUnit--TYPE-arrow"},"wdio_ui5_key":"applicationmanageresources-display-component---newResourceUnit--TYPE-arrow"}]}
RESULT: undefined
COMMAND: POST /session/764ef295c8f44d2e14b184d73c4fb1a3/element - {"using":"xpath","value":"//*[@id=\"application-manageresources-display-component---newResourceUnit--TYPE-arrow\"]"}
RESULT: {}
RESULT: {"using":"xpath","value":"//*[@id=\"application-manageresources-display-component---newResourceUnit--TYPE-arrow\"]"}
COMMAND: POST /session/764ef295c8f44d2e14b184d73c4fb1a3/element/f.809832546CBCDBCC14053EE8D21219E9.d.9CCD5228B8F310BB8DBC6247E679CE27.e.4245/click - {}
RESULT: {}
COMMAND: POST /session/764ef295c8f44d2e14b184d73c4fb1a3/execute/async - {"script":"<script> [1562 bytes]","args":[{"selector":{"controlType":"sap.m.StandardListItem","viewName":"reusables.view.manageresources.NewResourceUnit","viewId":"application-manageresources-display-component---newResourceUnit","properties":{"title":"Material"},"searchOpenDialogs":true,"interaction":{"idSuffix":"titleText"}},"wdio_ui5_key":"reusablesview.manageresources.NewResourceUnitsap.m.StandardListItem{\"title\":\"Material\"}"}]}
COMMAND: GET /session/764ef295c8f44d2e14b184d73c4fb1a3/screenshot - {}
RESULT: {"script":"<script> [1562 bytes]","args":[{"selector":{"controlType":"sap.m.StandardListItem","viewName":"reusables.view.manageresources.NewResourceUnit","viewId":"application-manageresources-display-component---newResourceUnit","properties":{"title":"Material"},"searchOpenDialogs":true,"interaction":{"idSuffix":"titleText"}},"wdio_ui5_key":"reusablesview.manageresources.NewResourceUnitsap.m.StandardListItem{\"title\":\"Material\"}"}]}
RESULT: undefined
COMMAND: POST /session/764ef295c8f44d2e14b184d73c4fb1a3/element - {"using":"xpath","value":"//*[@id=\"__item2059\"]"}
RESULT: {}
RESULT: {"using":"xpath","value":"//*[@id=\"__item2059\"]"}
COMMAND: POST /session/764ef295c8f44d2e14b184d73c4fb1a3/element/f.809832546CBCDBCC14053EE8D21219E9.d.9CCD5228B8F310BB8DBC6247E679CE27.e.4248/click - {}
RESULT: {}
COMMAND: POST /session/764ef295c8f44d2e14b184d73c4fb1a3/execute/async - {"script":"<script> [1562 bytes]","args":[{"selector":{"id":"application-manageresources-display-component---newResourceUnit--SHORT_TEXT","interaction":{"idSuffix":"inner"}},"wdio_ui5_key":"applicationmanageresources-display-component---newResourceUnit--SHORT_TEXT"}]}
COMMAND: GET /session/764ef295c8f44d2e14b184d73c4fb1a3/screenshot - {}
RESULT: undefined
RESULT: {"script":"<script> [1562 bytes]","args":[{"selector":{"id":"application-manageresources-display-component---newResourceUnit--SHORT_TEXT","interaction":{"idSuffix":"inner"}},"wdio_ui5_key":"applicationmanageresources-display-component---newResourceUnit--SHORT_TEXT"}]}
RESULT: undefined
COMMAND: POST /session/764ef295c8f44d2e14b184d73c4fb1a3/execute/async - {"script":"<script> [776 bytes]","args":[{"enterText":"WebdriverMatTestpyrab","selector":{"id":"application-manageresources-display-component---newResourceUnit--SHORT_TEXT","interaction":{"idSuffix":"inner"}},"clearTextFirst":true,"interactionType":"ENTER_TEXT"}]}
RESULT: {}
RESULT: {"script":"<script> [776 bytes]","args":[{"enterText":"WebdriverMatTestpyrab","selector":{"id":"application-manageresources-display-component---newResourceUnit--SHORT_TEXT","interaction":{"idSuffix":"inner"}},"clearTextFirst":true,"interactionType":"ENTER_TEXT"}]}
COMMAND: POST /session/764ef295c8f44d2e14b184d73c4fb1a3/execute/async - {"script":"<script> [1562 bytes]","args":[{"selector":{"id":"application-manageresources-display-component---newResourceUnit--BASE_UNIT_OF_MEASURE-arrow"},"wdio_ui5_key":"applicationmanageresources-display-component---newResourceUnit--BASE_UNIT_OF_MEASURE-arrow"}]}
RESULT: {"script":"<script> [1562 bytes]","args":[{"selector":{"id":"application-manageresources-display-component---newResourceUnit--BASE_UNIT_OF_MEASURE-arrow"},"wdio_ui5_key":"applicationmanageresources-display-component---newResourceUnit--BASE_UNIT_OF_MEASURE-arrow"}]}
RESULT: undefined
COMMAND: POST /session/764ef295c8f44d2e14b184d73c4fb1a3/element - {"using":"xpath","value":"//*[@id=\"application-manageresources-display-component---newResourceUnit--BASE_UNIT_OF_MEASURE-arrow\"]"}
RESULT: {"using":"xpath","value":"//*[@id=\"application-manageresources-display-component---newResourceUnit--BASE_UNIT_OF_MEASURE-arrow\"]"}
COMMAND: POST /session/764ef295c8f44d2e14b184d73c4fb1a3/element/f.809832546CBCDBCC14053EE8D21219E9.d.9CCD5228B8F310BB8DBC6247E679CE27.e.4370/click - {}
RESULT: {}
COMMAND: POST /session/764ef295c8f44d2e14b184d73c4fb1a3/execute/async - {"script":"<script> [1562 bytes]","args":[{"selector":{"controlType":"sap.m.StandardListItem","viewName":"reusables.view.manageresources.NewResourceUnit","viewId":"application-manageresources-display-component---newResourceUnit","properties":{"title":"Piece"},"searchOpenDialogs":true,"interaction":{"idSuffix":"titleText"}},"wdio_ui5_key":"reusablesview.manageresources.NewResourceUnitsap.m.StandardListItem{\"title\":\"Piece\"}"}]}
COMMAND: GET /session/764ef295c8f44d2e14b184d73c4fb1a3/screenshot - {}
RESULT: {"script":"<script> [1562 bytes]","args":[{"selector":{"controlType":"sap.m.StandardListItem","viewName":"reusables.view.manageresources.NewResourceUnit","viewId":"application-manageresources-display-component---newResourceUnit","properties":{"title":"Piece"},"searchOpenDialogs":true,"interaction":{"idSuffix":"titleText"}},"wdio_ui5_key":"reusablesview.manageresources.NewResourceUnitsap.m.StandardListItem{\"title\":\"Piece\"}"}]}
RESULT: undefined
COMMAND: POST /session/764ef295c8f44d2e14b184d73c4fb1a3/element - {"using":"xpath","value":"//*[@id=\"__item2112\"]"}
RESULT: {}
RESULT: {"using":"xpath","value":"//*[@id=\"__item2112\"]"}
COMMAND: POST /session/764ef295c8f44d2e14b184d73c4fb1a3/element/f.809832546CBCDBCC14053EE8D21219E9.d.9CCD5228B8F310BB8DBC6247E679CE27.e.4372/click - {}
RESULT: {}
COMMAND: POST /session/764ef295c8f44d2e14b184d73c4fb1a3/element - {"using":"xpath","value":"//input[contains(@id ,\"application-manageresources-display-component---newResourceUnit--SHORT_TEXT-inner\")]"}
COMMAND: GET /session/764ef295c8f44d2e14b184d73c4fb1a3/screenshot - {}
RESULT: {"using":"xpath","value":"//input[contains(@id ,\"application-manageresources-display-component---newResourceUnit--SHORT_TEXT-inner\")]"}
COMMAND: GET /session/764ef295c8f44d2e14b184d73c4fb1a3/element/f.809832546CBCDBCC14053EE8D21219E9.d.9CCD5228B8F310BB8DBC6247E679CE27.e.4265/property/value - {}
RESULT: {}
RESULT: {}
COMMAND: POST /session/764ef295c8f44d2e14b184d73c4fb1a3/execute/async - {"script":"<script> [1562 bytes]","args":[{"selector":{"id":"application-manageresources-display-component---newResourceUnit--WEIGHT_UNIT-arrow"},"wdio_ui5_key":"applicationmanageresources-display-component---newResourceUnit--WEIGHT_UNIT-arrow"}]}
COMMAND: GET /session/764ef295c8f44d2e14b184d73c4fb1a3/screenshot - {}
RESULT: {"script":"<script> [1562 bytes]","args":[{"selector":{"id":"application-manageresources-display-component---newResourceUnit--WEIGHT_UNIT-arrow"},"wdio_ui5_key":"applicationmanageresources-display-component---newResourceUnit--WEIGHT_UNIT-arrow"}]}
RESULT: undefined
COMMAND: POST /session/764ef295c8f44d2e14b184d73c4fb1a3/element - {"using":"xpath","value":"//*[@id=\"application-manageresources-display-component---newResourceUnit--WEIGHT_UNIT-arrow\"]"}
RESULT: {}
RESULT: {"using":"xpath","value":"//*[@id=\"application-manageresources-display-component---newResourceUnit--WEIGHT_UNIT-arrow\"]"}
COMMAND: POST /session/764ef295c8f44d2e14b184d73c4fb1a3/element/f.809832546CBCDBCC14053EE8D21219E9.d.9CCD5228B8F310BB8DBC6247E679CE27.e.4373/click - {}
RESULT: {}
COMMAND: POST /session/764ef295c8f44d2e14b184d73c4fb1a3/execute/async - {"script":"<script> [1562 bytes]","args":[{"selector":{"controlType":"sap.m.StandardListItem","viewName":"reusables.view.manageresources.NewResourceUnit","viewId":"application-manageresources-display-component---newResourceUnit","properties":{"title":"Gram"},"searchOpenDialogs":true,"interaction":{"idSuffix":"content"}},"wdio_ui5_key":"reusablesview.manageresources.NewResourceUnitsap.m.StandardListItem{\"title\":\"Gram\"}"}]}
COMMAND: GET /session/764ef295c8f44d2e14b184d73c4fb1a3/screenshot - {}
RESULT: {"script":"<script> [1562 bytes]","args":[{"selector":{"controlType":"sap.m.StandardListItem","viewName":"reusables.view.manageresources.NewResourceUnit","viewId":"application-manageresources-display-component---newResourceUnit","properties":{"title":"Gram"},"searchOpenDialogs":true,"interaction":{"idSuffix":"content"}},"wdio_ui5_key":"reusablesview.manageresources.NewResourceUnitsap.m.StandardListItem{\"title\":\"Gram\"}"}]}
RESULT: undefined
COMMAND: POST /session/764ef295c8f44d2e14b184d73c4fb1a3/element - {"using":"xpath","value":"//*[@id=\"__item2177\"]"}
RESULT: {}
RESULT: {"using":"xpath","value":"//*[@id=\"__item2177\"]"}
COMMAND: POST /session/764ef295c8f44d2e14b184d73c4fb1a3/element/f.809832546CBCDBCC14053EE8D21219E9.d.9CCD5228B8F310BB8DBC6247E679CE27.e.4375/click - {}
RESULT: {}
COMMAND: POST /session/764ef295c8f44d2e14b184d73c4fb1a3/execute/async - {"script":"<script> [1562 bytes]","args":[{"selector":{"id":"application-manageresources-display-component---newResourceUnit--newRRUPage-OPHeaderContent-collapseBtn-img"},"wdio_ui5_key":"applicationmanageresources-display-component---newResourceUnit--newRRUPage-OPHeaderContent-collapseBtn-img"}]}
COMMAND: GET /session/764ef295c8f44d2e14b184d73c4fb1a3/screenshot - {}
RESULT: {"script":"<script> [1562 bytes]","args":[{"selector":{"id":"application-manageresources-display-component---newResourceUnit--newRRUPage-OPHeaderContent-collapseBtn-img"},"wdio_ui5_key":"applicationmanageresources-display-component---newResourceUnit--newRRUPage-OPHeaderContent-collapseBtn-img"}]}
RESULT: undefined
COMMAND: POST /session/764ef295c8f44d2e14b184d73c4fb1a3/element - {"using":"xpath","value":"//*[@id=\"application-manageresources-display-component---newResourceUnit--newRRUPage-OPHeaderContent-collapseBtn-img\"]"}
RESULT: {}
RESULT: {"using":"xpath","value":"//*[@id=\"application-manageresources-display-component---newResourceUnit--newRRUPage-OPHeaderContent-collapseBtn-img\"]"}
COMMAND: POST /session/764ef295c8f44d2e14b184d73c4fb1a3/element/f.809832546CBCDBCC14053EE8D21219E9.d.9CCD5228B8F310BB8DBC6247E679CE27.e.4255/click - {}
RESULT: {}
COMMAND: GET /session/764ef295c8f44d2e14b184d73c4fb1a3/screenshot - {}
RESULT: {}
COMMAND: POST /session/764ef295c8f44d2e14b184d73c4fb1a3/element - {"using":"xpath","value":"(//span[contains(@id ,\"application-manageresources-display-component---newResourceUnit--DIMENSION_UNIT-arrow\")])[1]"}
RESULT: {"using":"xpath","value":"(//span[contains(@id ,\"application-manageresources-display-component---newResourceUnit--DIMENSION_UNIT-arrow\")])[1]"}
COMMAND: POST /session/764ef295c8f44d2e14b184d73c4fb1a3/element/f.809832546CBCDBCC14053EE8D21219E9.d.9CCD5228B8F310BB8DBC6247E679CE27.e.4381/click - {}
RESULT: {}
COMMAND: GET /session/764ef295c8f44d2e14b184d73c4fb1a3/screenshot - {}
RESULT: {}
COMMAND: POST /session/764ef295c8f44d2e14b184d73c4fb1a3/execute/async - {"script":"<script> [1562 bytes]","args":[{"selector":{"controlType":"sap.m.StandardListItem","viewName":"reusables.view.manageresources.NewResourceUnit","viewId":"application-manageresources-display-component---newResourceUnit","properties":{"title":"Centimeter"},"searchOpenDialogs":true,"interaction":{"idSuffix":"titleText"}},"wdio_ui5_key":"reusablesview.manageresources.NewResourceUnitsap.m.StandardListItem{\"title\":\"Centimeter\"}"}]}
RESULT: {"script":"<script> [1562 bytes]","args":[{"selector":{"controlType":"sap.m.StandardListItem","viewName":"reusables.view.manageresources.NewResourceUnit","viewId":"application-manageresources-display-component---newResourceUnit","properties":{"title":"Centimeter"},"searchOpenDialogs":true,"interaction":{"idSuffix":"titleText"}},"wdio_ui5_key":"reusablesview.manageresources.NewResourceUnitsap.m.StandardListItem{\"title\":\"Centimeter\"}"}]}
RESULT: undefined
COMMAND: POST /session/764ef295c8f44d2e14b184d73c4fb1a3/element - {"using":"xpath","value":"//*[@id=\"__item2180\"]"}
RESULT: {"using":"xpath","value":"//*[@id=\"__item2180\"]"}
COMMAND: POST /session/764ef295c8f44d2e14b184d73c4fb1a3/element/f.809832546CBCDBCC14053EE8D21219E9.d.9CCD5228B8F310BB8DBC6247E679CE27.e.4383/click - {}
RESULT: {}
COMMAND: POST /session/764ef295c8f44d2e14b184d73c4fb1a3/execute/async - {"script":"<script> [1562 bytes]","args":[{"selector":{"id":"application-manageresources-display-component---newResourceUnit--newRRUPage-anchBar-application-manageresources-display-component---newResourceUnit--reference-anchor","interaction":{"idSuffix":"BDI-content"}},"wdio_ui5_key":"applicationmanageresources-display-component---newResourceUnit--newRRUPage-anchBar-application-manageresources-display-component---newResourceUnit--reference-anchor"}]}
COMMAND: GET /session/764ef295c8f44d2e14b184d73c4fb1a3/screenshot - {}
RESULT: {"script":"<script> [1562 bytes]","args":[{"selector":{"id":"application-manageresources-display-component---newResourceUnit--newRRUPage-anchBar-application-manageresources-display-component---newResourceUnit--reference-anchor","interaction":{"idSuffix":"BDI-content"}},"wdio_ui5_key":"applicationmanageresources-display-component---newResourceUnit--newRRUPage-anchBar-application-manageresources-display-component---newResourceUnit--reference-anchor"}]}
RESULT: undefined
COMMAND: POST /session/764ef295c8f44d2e14b184d73c4fb1a3/element - {"using":"xpath","value":"//*[@id=\"application-manageresources-display-component---newResourceUnit--newRRUPage-anchBar-application-manageresources-display-component---newResourceUnit--reference-anchor\"]"}
RESULT: {}
RESULT: {"using":"xpath","value":"//*[@id=\"application-manageresources-display-component---newResourceUnit--newRRUPage-anchBar-application-manageresources-display-component---newResourceUnit--reference-anchor\"]"}
COMMAND: POST /session/764ef295c8f44d2e14b184d73c4fb1a3/element/f.809832546CBCDBCC14053EE8D21219E9.d.9CCD5228B8F310BB8DBC6247E679CE27.e.4385/click - {}
RESULT: {}
COMMAND: POST /session/764ef295c8f44d2e14b184d73c4fb1a3/execute/async - {"script":"<script> [1562 bytes]","args":[{"selector":{"id":"application-manageresources-display-component---newResourceUnit--PLANNING_GROUP-arrow"},"wdio_ui5_key":"applicationmanageresources-display-component---newResourceUnit--PLANNING_GROUP-arrow"}]}
COMMAND: GET /session/764ef295c8f44d2e14b184d73c4fb1a3/screenshot - {}
RESULT: {"script":"<script> [1562 bytes]","args":[{"selector":{"id":"application-manageresources-display-component---newResourceUnit--PLANNING_GROUP-arrow"},"wdio_ui5_key":"applicationmanageresources-display-component---newResourceUnit--PLANNING_GROUP-arrow"}]}
RESULT: undefined
COMMAND: POST /session/764ef295c8f44d2e14b184d73c4fb1a3/element - {"using":"xpath","value":"//*[@id=\"application-manageresources-display-component---newResourceUnit--PLANNING_GROUP-arrow\"]"}
RESULT: {}
RESULT: {"using":"xpath","value":"//*[@id=\"application-manageresources-display-component---newResourceUnit--PLANNING_GROUP-arrow\"]"}
COMMAND: POST /session/764ef295c8f44d2e14b184d73c4fb1a3/element/f.809832546CBCDBCC14053EE8D21219E9.d.9CCD5228B8F310BB8DBC6247E679CE27.e.4389/click - {}
RESULT: {}
COMMAND: POST /session/764ef295c8f44d2e14b184d73c4fb1a3/execute/async - {"script":"<script> [1562 bytes]","args":[{"selector":{"controlType":"sap.m.StandardListItem","viewName":"reusables.view.manageresources.NewResourceUnit","viewId":"application-manageresources-display-component---newResourceUnit","properties":{"title":"Heavy Equi"},"searchOpenDialogs":true,"interaction":{"idSuffix":"content"}},"wdio_ui5_key":"reusablesview.manageresources.NewResourceUnitsap.m.StandardListItem{\"title\":\"Heavy Equi\"}"}]}
COMMAND: GET /session/764ef295c8f44d2e14b184d73c4fb1a3/screenshot - {}
RESULT: {"script":"<script> [1562 bytes]","args":[{"selector":{"controlType":"sap.m.StandardListItem","viewName":"reusables.view.manageresources.NewResourceUnit","viewId":"application-manageresources-display-component---newResourceUnit","properties":{"title":"Heavy Equi"},"searchOpenDialogs":true,"interaction":{"idSuffix":"content"}},"wdio_ui5_key":"reusablesview.manageresources.NewResourceUnitsap.m.StandardListItem{\"title\":\"Heavy Equi\"}"}]}
RESULT: undefined
COMMAND: POST /session/764ef295c8f44d2e14b184d73c4fb1a3/element - {"using":"xpath","value":"//*[@id=\"__item2188\"]"}
RESULT: {}
RESULT: {"using":"xpath","value":"//*[@id=\"__item2188\"]"}
COMMAND: POST /session/764ef295c8f44d2e14b184d73c4fb1a3/element/f.809832546CBCDBCC14053EE8D21219E9.d.9CCD5228B8F310BB8DBC6247E679CE27.e.4391/click - {}
RESULT: {}
COMMAND: GET /session/764ef295c8f44d2e14b184d73c4fb1a3/screenshot - {}
RESULT: {}
COMMAND: POST /session/764ef295c8f44d2e14b184d73c4fb1a3/execute/async - {"script":"<script> [1562 bytes]","args":[{"selector":{"id":"application-manageresources-display-component---newResourceUnit--PLANNING_INDICATOR-arrow"},"wdio_ui5_key":"applicationmanageresources-display-component---newResourceUnit--PLANNING_INDICATOR-arrow"}]}
RESULT: {"script":"<script> [1562 bytes]","args":[{"selector":{"id":"application-manageresources-display-component---newResourceUnit--PLANNING_INDICATOR-arrow"},"wdio_ui5_key":"applicationmanageresources-display-component---newResourceUnit--PLANNING_INDICATOR-arrow"}]}
RESULT: undefined
COMMAND: POST /session/764ef295c8f44d2e14b184d73c4fb1a3/element - {"using":"xpath","value":"//*[@id=\"application-manageresources-display-component---newResourceUnit--PLANNING_INDICATOR-arrow\"]"}
RESULT: {"using":"xpath","value":"//*[@id=\"application-manageresources-display-component---newResourceUnit--PLANNING_INDICATOR-arrow\"]"}
COMMAND: POST /session/764ef295c8f44d2e14b184d73c4fb1a3/element/f.809832546CBCDBCC14053EE8D21219E9.d.9CCD5228B8F310BB8DBC6247E679CE27.e.4392/click - {}
RESULT: {}
COMMAND: POST /session/764ef295c8f44d2e14b184d73c4fb1a3/execute/async - {"script":"<script> [1562 bytes]","args":[{"selector":{"controlType":"sap.m.StandardListItem","viewName":"reusables.view.manageresources.NewResourceUnit","viewId":"application-manageresources-display-component---newResourceUnit","properties":{"title":"10 - infinite"},"searchOpenDialogs":true,"interaction":{"idSuffix":"content"}},"wdio_ui5_key":"reusablesview.manageresources.NewResourceUnitsap.m.StandardListItem{\"title\":\"10 - infinite\"}"}]}
COMMAND: GET /session/764ef295c8f44d2e14b184d73c4fb1a3/screenshot - {}
RESULT: {"script":"<script> [1562 bytes]","args":[{"selector":{"controlType":"sap.m.StandardListItem","viewName":"reusables.view.manageresources.NewResourceUnit","viewId":"application-manageresources-display-component---newResourceUnit","properties":{"title":"10 - infinite"},"searchOpenDialogs":true,"interaction":{"idSuffix":"content"}},"wdio_ui5_key":"reusablesview.manageresources.NewResourceUnitsap.m.StandardListItem{\"title\":\"10 - infinite\"}"}]}
RESULT: undefined
COMMAND: POST /session/764ef295c8f44d2e14b184d73c4fb1a3/element - {"using":"xpath","value":"//*[@id=\"__item2198\"]"}
RESULT: {}
RESULT: {"using":"xpath","value":"//*[@id=\"__item2198\"]"}
COMMAND: POST /session/764ef295c8f44d2e14b184d73c4fb1a3/element/f.809832546CBCDBCC14053EE8D21219E9.d.9CCD5228B8F310BB8DBC6247E679CE27.e.4394/click - {}
RESULT: {}
COMMAND: GET /session/764ef295c8f44d2e14b184d73c4fb1a3/screenshot - {}
RESULT: {}
COMMAND: POST /session/764ef295c8f44d2e14b184d73c4fb1a3/element - {"using":"xpath","value":"//bdi[contains(text(), \"Time Segment\")]"}
RESULT: {"using":"xpath","value":"//bdi[contains(text(), \"Time Segment\")]"}
COMMAND: GET /session/764ef295c8f44d2e14b184d73c4fb1a3/element/f.809832546CBCDBCC14053EE8D21219E9.d.9CCD5228B8F310BB8DBC6247E679CE27.e.4395/rect - {}
RESULT: {}
COMMAND: GET /session/764ef295c8f44d2e14b184d73c4fb1a3/window/rect - {}
RESULT: {}
COMMAND: POST /session/764ef295c8f44d2e14b184d73c4fb1a3/execute/sync - {"script":"<script> [92 bytes]","args":[]}
RESULT: {"script":"<script> [92 bytes]","args":[]}
COMMAND: POST /session/764ef295c8f44d2e14b184d73c4fb1a3/actions - {"actions":[{"id":"action35","type":"wheel","parameters":{},"actions":[{"type":"scroll","x":-1820,"y":-21,"deltaX":0,"deltaY":0,"duration":0,"origin":{"element-6066-11e4-a52e-4f735466cecf":"f.809832546CBCDBCC14053EE8D21219E9.d.9CCD5228B8F310BB8DBC6247E679CE27.e.4395"}}]}]}
COMMAND: GET /session/764ef295c8f44d2e14b184d73c4fb1a3/screenshot - {}
RESULT: {}
COMMAND: POST /session/764ef295c8f44d2e14b184d73c4fb1a3/execute/sync - {"script":"<script> [79 bytes]","args":[{"element-6066-11e4-a52e-4f735466cecf":"f.809832546CBCDBCC14053EE8D21219E9.d.9CCD5228B8F310BB8DBC6247E679CE27.e.4395","ELEMENT":"f.809832546CBCDBCC14053EE8D21219E9.d.9CCD5228B8F310BB8DBC6247E679CE27.e.4395"},{"block":"start","inline":"nearest"}]}
RESULT: {"script":"<script> [79 bytes]","args":[{"element-6066-11e4-a52e-4f735466cecf":"f.809832546CBCDBCC14053EE8D21219E9.d.9CCD5228B8F310BB8DBC6247E679CE27.e.4395","ELEMENT":"f.809832546CBCDBCC14053EE8D21219E9.d.9CCD5228B8F310BB8DBC6247E679CE27.e.4395"},{"block":"start","inline":"nearest"}]}
COMMAND: GET /session/764ef295c8f44d2e14b184d73c4fb1a3/screenshot - {}
RESULT: {}
COMMAND: POST /session/764ef295c8f44d2e14b184d73c4fb1a3/element - {"using":"xpath","value":"//span[@id=\"application-manageresources-display-component---newResourceUnit--btnAddTimeSegment-img\"]"}
RESULT: {"using":"xpath","value":"//span[@id=\"application-manageresources-display-component---newResourceUnit--btnAddTimeSegment-img\"]"}
COMMAND: POST /session/764ef295c8f44d2e14b184d73c4fb1a3/execute/sync - {"script":"<script> [8489 bytes]","args":[{"element-6066-11e4-a52e-4f735466cecf":"f.809832546CBCDBCC14053EE8D21219E9.d.9CCD5228B8F310BB8DBC6247E679CE27.e.4398","ELEMENT":"f.809832546CBCDBCC14053EE8D21219E9.d.9CCD5228B8F310BB8DBC6247E679CE27.e.4398"}]}
RESULT: {"script":"<script> [8489 bytes]","args":[{"element-6066-11e4-a52e-4f735466cecf":"f.809832546CBCDBCC14053EE8D21219E9.d.9CCD5228B8F310BB8DBC6247E679CE27.e.4398","ELEMENT":"f.809832546CBCDBCC14053EE8D21219E9.d.9CCD5228B8F310BB8DBC6247E679CE27.e.4398"}]}
COMMAND: POST /session/764ef295c8f44d2e14b184d73c4fb1a3/element/f.809832546CBCDBCC14053EE8D21219E9.d.9CCD5228B8F310BB8DBC6247E679CE27.e.4398/click - {}
COMMAND: GET /session/764ef295c8f44d2e14b184d73c4fb1a3/screenshot - {}
RESULT: {}
COMMAND: GET /session/764ef295c8f44d2e14b184d73c4fb1a3/screenshot - {}
RESULT: {}
RESULT: {}
COMMAND: POST /session/764ef295c8f44d2e14b184d73c4fb1a3/element - {"using":"xpath","value":"//input[@id=\"application-manageresources-display-component---newResourceUnit--idRuTSAdmin-application-manageresources-display-component---newResourceUnit--RUTimeSegment-0-inner\"]"}
RESULT: {"using":"xpath","value":"//input[@id=\"application-manageresources-display-component---newResourceUnit--idRuTSAdmin-application-manageresources-display-component---newResourceUnit--RUTimeSegment-0-inner\"]"}
COMMAND: POST /session/764ef295c8f44d2e14b184d73c4fb1a3/element/f.809832546CBCDBCC14053EE8D21219E9.d.9CCD5228B8F310BB8DBC6247E679CE27.e.4401/clear - {}
RESULT: {}
COMMAND: POST /session/764ef295c8f44d2e14b184d73c4fb1a3/element/f.809832546CBCDBCC14053EE8D21219E9.d.9CCD5228B8F310BB8DBC6247E679CE27.e.4401/value - {"text":"WebdriverYardsn1ov"}
COMMAND: GET /session/764ef295c8f44d2e14b184d73c4fb1a3/screenshot - {}
RESULT: {"text":"WebdriverYardsn1ov"}
COMMAND: GET /session/764ef295c8f44d2e14b184d73c4fb1a3/screenshot - {}
RESULT: {}
RESULT: {}
COMMAND: POST /session/764ef295c8f44d2e14b184d73c4fb1a3/actions - {"actions":[{"id":"action36","type":"key","parameters":{},"actions":[{"type":"keyDown","value":""},{"type":"pause","duration":10},{"type":"keyUp","value":""}]}]}
RESULT: {"actions":[{"id":"action36","type":"key","parameters":{},"actions":[{"type":"keyDown","value":""},{"type":"pause","duration":10},{"type":"keyUp","value":""}]}]}
COMMAND: GET /session/764ef295c8f44d2e14b184d73c4fb1a3/screenshot - {}
RESULT: {}
COMMAND: POST /session/764ef295c8f44d2e14b184d73c4fb1a3/execute/async - {"script":"<script> [1562 bytes]","args":[{"selector":{"controlType":"sap.m.Button","viewName":"reusables.view.manageresources.NewResourceUnit","viewId":"application-manageresources-display-component---newResourceUnit","i18NText":{"propertyName":"tooltip","key":"save"},"interaction":{"idSuffix":"BDI-content"}},"wdio_ui5_key":"reusablesview.manageresources.NewResourceUnitsap.m.Button{\"propertyName\":\"tooltip\",\"key\":\"save\"}"}]}
RESULT: {"script":"<script> [1562 bytes]","args":[{"selector":{"controlType":"sap.m.Button","viewName":"reusables.view.manageresources.NewResourceUnit","viewId":"application-manageresources-display-component---newResourceUnit","i18NText":{"propertyName":"tooltip","key":"save"},"interaction":{"idSuffix":"BDI-content"}},"wdio_ui5_key":"reusablesview.manageresources.NewResourceUnitsap.m.Button{\"propertyName\":\"tooltip\",\"key\":\"save\"}"}]}
RESULT: undefined
COMMAND: POST /session/764ef295c8f44d2e14b184d73c4fb1a3/element - {"using":"xpath","value":"//*[@id=\"application-manageresources-display-component---newResourceUnit--createRuButton\"]"}
RESULT: {"using":"xpath","value":"//*[@id=\"application-manageresources-display-component---newResourceUnit--createRuButton\"]"}
COMMAND: POST /session/764ef295c8f44d2e14b184d73c4fb1a3/element/f.809832546CBCDBCC14053EE8D21219E9.d.9CCD5228B8F310BB8DBC6247E679CE27.e.4261/click - {}
RESULT: {}
COMMAND: GET /session/764ef295c8f44d2e14b184d73c4fb1a3/screenshot - {}
RESULT: {}
COMMAND: POST /session/764ef295c8f44d2e14b184d73c4fb1a3/execute/async - {"script":"<script> [1562 bytes]","args":[{"selector":{"controlType":"sap.m.Title","properties":{"text":"Success"},"searchOpenDialogs":true},"wdio_ui5_key":"sapm.Title{\"text\":\"Success\"}"}]}
RESULT: {"script":"<script> [1562 bytes]","args":[{"selector":{"controlType":"sap.m.Title","properties":{"text":"Success"},"searchOpenDialogs":true},"wdio_ui5_key":"sapm.Title{\"text\":\"Success\"}"}]}
RESULT: undefined
COMMAND: POST /session/764ef295c8f44d2e14b184d73c4fb1a3/execute/async - {"script":"<script> [6424 bytes]","args":[{"element-6066-11e4-a52e-4f735466cecf":"f.809832546CBCDBCC14053EE8D21219E9.d.9CCD5228B8F310BB8DBC6247E679CE27.e.4415"},"getText",[]]}
RESULT: {"script":"<script> [6424 bytes]","args":[{"element-6066-11e4-a52e-4f735466cecf":"f.809832546CBCDBCC14053EE8D21219E9.d.9CCD5228B8F310BB8DBC6247E679CE27.e.4415"},"getText",[]]}
COMMAND: POST /session/764ef295c8f44d2e14b184d73c4fb1a3/element - {"using":"xpath","value":"//*[contains(@id, '__text') and (contains(text(), 'successfully created') or contains(., 'successfully created'))]"}
RESULT: {"using":"xpath","value":"//*[contains(@id, '__text') and (contains(text(), 'successfully created') or contains(., 'successfully created'))]"}
COMMAND: GET /session/764ef295c8f44d2e14b184d73c4fb1a3/element/f.809832546CBCDBCC14053EE8D21219E9.d.9CCD5228B8F310BB8DBC6247E679CE27.e.4414/text - {}
RESULT: {}
COMMAND: POST /session/764ef295c8f44d2e14b184d73c4fb1a3/execute/async - {"script":"<script> [1562 bytes]","args":[{"selector":{"controlType":"sap.m.Button","properties":{"text":"Close"},"searchOpenDialogs":true,"interaction":{"idSuffix":"BDI-content"}},"wdio_ui5_key":"sapm.Button{\"text\":\"Close\"}"}]}
RESULT: {"script":"<script> [1562 bytes]","args":[{"selector":{"controlType":"sap.m.Button","properties":{"text":"Close"},"searchOpenDialogs":true,"interaction":{"idSuffix":"BDI-content"}},"wdio_ui5_key":"sapm.Button{\"text\":\"Close\"}"}]}
RESULT: undefined
COMMAND: POST /session/764ef295c8f44d2e14b184d73c4fb1a3/element - {"using":"xpath","value":"//*[@id=\"__mbox-btn-1\"]"}
RESULT: {"using":"xpath","value":"//*[@id=\"__mbox-btn-1\"]"}
COMMAND: POST /session/764ef295c8f44d2e14b184d73c4fb1a3/element/f.809832546CBCDBCC14053EE8D21219E9.d.9CCD5228B8F310BB8DBC6247E679CE27.e.4412/click - {}
RESULT: {}
COMMAND: GET /session/764ef295c8f44d2e14b184d73c4fb1a3/screenshot - {}
RESULT: {}
COMMAND: POST /session/764ef295c8f44d2e14b184d73c4fb1a3/execute/async - {"script":"<script> [1562 bytes]","args":[{"selector":{"controlType":"sap.ui.core.Icon","viewName":"etm.portal.ui.manageresources.view.Detail","viewId":"application-manageresources-display-component---detailRU","properties":{"src":{"regex":{"source":"overflow"}}}},"wdio_ui5_key":"etmportal.ui.manageresources.view.Detailsap.ui.core.Icon{\"src\":{\"regex\":{\"source\":\"overflow\"}}}"}]}
RESULT: {"script":"<script> [1562 bytes]","args":[{"selector":{"controlType":"sap.ui.core.Icon","viewName":"etm.portal.ui.manageresources.view.Detail","viewId":"application-manageresources-display-component---detailRU","properties":{"src":{"regex":{"source":"overflow"}}}},"wdio_ui5_key":"etmportal.ui.manageresources.view.Detailsap.ui.core.Icon{\"src\":{\"regex\":{\"source\":\"overflow\"}}}"}]}
RESULT: undefined
COMMAND: POST /session/764ef295c8f44d2e14b184d73c4fb1a3/element - {"using":"xpath","value":"//*[@id=\"__title81-_actionsToolbar-overflowButton-img\"]"}
RESULT: {"using":"xpath","value":"//*[@id=\"__title81-_actionsToolbar-overflowButton-img\"]"}
COMMAND: POST /session/764ef295c8f44d2e14b184d73c4fb1a3/element/f.809832546CBCDBCC14053EE8D21219E9.d.9CCD5228B8F310BB8DBC6247E679CE27.e.4445/click - {}
RESULT: {}
COMMAND: POST /session/764ef295c8f44d2e14b184d73c4fb1a3/execute/async - {"script":"<script> [1562 bytes]","args":[{"selector":{"controlType":"sap.m.Button","viewName":"etm.portal.ui.manageresources.view.Detail","viewId":"application-manageresources-display-component---detailRU","i18NText":{"propertyName":"tooltip","key":"closeColumn"},"searchOpenDialogs":true,"interaction":{"idSuffix":"inner"}},"wdio_ui5_key":"etmportal.ui.manageresources.view.Detailsap.m.Button{\"propertyName\":\"tooltip\",\"key\":\"closeColumn\"}"}]}
COMMAND: GET /session/764ef295c8f44d2e14b184d73c4fb1a3/screenshot - {}
RESULT: {"script":"<script> [1562 bytes]","args":[{"selector":{"controlType":"sap.m.Button","viewName":"etm.portal.ui.manageresources.view.Detail","viewId":"application-manageresources-display-component---detailRU","i18NText":{"propertyName":"tooltip","key":"closeColumn"},"searchOpenDialogs":true,"interaction":{"idSuffix":"inner"}},"wdio_ui5_key":"etmportal.ui.manageresources.view.Detailsap.m.Button{\"propertyName\":\"tooltip\",\"key\":\"closeColumn\"}"}]}
RESULT: undefined
COMMAND: POST /session/764ef295c8f44d2e14b184d73c4fb1a3/element - {"using":"xpath","value":"//*[@id=\"__button255\"]"}
RESULT: {}
RESULT: {"using":"xpath","value":"//*[@id=\"__button255\"]"}
COMMAND: POST /session/764ef295c8f44d2e14b184d73c4fb1a3/element/f.809832546CBCDBCC14053EE8D21219E9.d.9CCD5228B8F310BB8DBC6247E679CE27.e.4447/click - {}
RESULT: {}
COMMAND: GET /session/764ef295c8f44d2e14b184d73c4fb1a3/screenshot - {}
RESULT: {}
COMMAND: POST /session/764ef295c8f44d2e14b184d73c4fb1a3/refresh - {}
RESULT: {}
COMMAND: GET /session/764ef295c8f44d2e14b184d73c4fb1a3/screenshot - {}
RESULT: {}
COMMAND: POST /session/764ef295c8f44d2e14b184d73c4fb1a3/execute/async - {"script":"<script> [189 bytes]","args":[]}
RESULT: {"script":"<script> [189 bytes]","args":[]}
COMMAND: POST /session/764ef295c8f44d2e14b184d73c4fb1a3/execute/async - {"script":"<script> [123 bytes]","args":[]}
RESULT: {"script":"<script> [123 bytes]","args":[]}
COMMAND: POST /session/764ef295c8f44d2e14b184d73c4fb1a3/timeouts - {"script":"<number>"}
RESULT: {"script":"<number>"}
COMMAND: GET /session/764ef295c8f44d2e14b184d73c4fb1a3/timeouts - {}
RESULT: {}
RESULT: undefined
COMMAND: POST /session/764ef295c8f44d2e14b184d73c4fb1a3/execute/async - {"script":"<script> [2676 bytes]","args":[]}
RESULT: {"script":"<script> [2676 bytes]","args":[]}
COMMAND: POST /session/764ef295c8f44d2e14b184d73c4fb1a3/execute/async - {"script":"<script> [2342 bytes]","args":[{"protocol":"http","hostname":"0.0.0.0","path":"/","capabilities":{"browserName":"chrome","goog:chromeOptions":{"binary":"C:\\Program Files\\Google\\Chrome\\Application\\chrome.exe","args":["--start-maximized"]}},"logLevel":"warn","connectionRetryTimeout":120000,"connectionRetryCount":3,"logLevels":{},"enableDirectConnect":true,"strictSSL":true,"_":"65 more keys: [\"cacheDir\",\"port\",\"requestedCapabilities\",\"automationProtocol\",\"baseUrl\",\"waitforInterval\",\"waitforTimeout\",\"onReload\",\"beforeCommand\",\"afterCommand\",\"rootDir\",\"specs\",\"suites\",\"exclude\",\"groupLogsByTestSpec\",\"excludeDriverLogs\",\"bail\",\"framework\",\"reporters\",\"services\",\"maxInstances\",\"maxInstancesPerCapability\",\"injectGlobals\",\"filesToWatch\",\"execArgv\",\"runnerEnv\",\"runner\",\"shard\",\"specFileRetries\",\"specFileRetriesDelay\",\"specFileRetriesDeferred\",\"reporterSyncInterval\",\"reporterSyncTimeout\",\"cucumberFeaturesWithLineNumbers\",\"autoCompileOpts\",\"mochaOpts\",\"jasmineOpts\",\"cucumberOpts\",\"onPrepare\",\"onWorkerStart\",\"onWorkerEnd\",\"before\",\"beforeSession\",\"beforeSuite\",\"beforeHook\",\"beforeTest\",\"afterTest\",\"afterHook\",\"afterSuite\",\"afterSession\",\"after\",\"onComplete\",\"beforeAssertion\",\"afterAssertion\",\"beforeFeature\",\"beforeScenario\",\"beforeStep\",\"afterStep\",\"afterScenario\",\"afterFeature\",\"_\",\"suite\",\"$0\",\"ignoredWorkerServices\",\"wdi5\"]"}]}
RESULT: {"script":"<script> [2342 bytes]","args":[{"protocol":"http","hostname":"0.0.0.0","path":"/","capabilities":{"browserName":"chrome","goog:chromeOptions":{"binary":"C:\\Program Files\\Google\\Chrome\\Application\\chrome.exe","args":["--start-maximized"]}},"logLevel":"warn","connectionRetryTimeout":120000,"connectionRetryCount":3,"logLevels":{},"enableDirectConnect":true,"strictSSL":true,"_":"65 more keys: [\"cacheDir\",\"port\",\"requestedCapabilities\",\"automationProtocol\",\"baseUrl\",\"waitforInterval\",\"waitforTimeout\",\"onReload\",\"beforeCommand\",\"afterCommand\",\"rootDir\",\"specs\",\"suites\",\"exclude\",\"groupLogsByTestSpec\",\"excludeDriverLogs\",\"bail\",\"framework\",\"reporters\",\"services\",\"maxInstances\",\"maxInstancesPerCapability\",\"injectGlobals\",\"filesToWatch\",\"execArgv\",\"runnerEnv\",\"runner\",\"shard\",\"specFileRetries\",\"specFileRetriesDelay\",\"specFileRetriesDeferred\",\"reporterSyncInterval\",\"reporterSyncTimeout\",\"cucumberFeaturesWithLineNumbers\",\"autoCompileOpts\",\"mochaOpts\",\"jasmineOpts\",\"cucumberOpts\",\"onPrepare\",\"onWorkerStart\",\"onWorkerEnd\",\"before\",\"beforeSession\",\"beforeSuite\",\"beforeHook\",\"beforeTest\",\"afterTest\",\"afterHook\",\"afterSuite\",\"afterSession\",\"after\",\"onComplete\",\"beforeAssertion\",\"afterAssertion\",\"beforeFeature\",\"beforeScenario\",\"beforeStep\",\"afterStep\",\"afterScenario\",\"afterFeature\",\"_\",\"suite\",\"$0\",\"ignoredWorkerServices\",\"wdi5\"]"}]}
COMMAND: POST /session/764ef295c8f44d2e14b184d73c4fb1a3/execute/async - {"script":"<script> [21126 bytes]","args":[35000]}
RESULT: {"script":"<script> [21126 bytes]","args":[35000]}
COMMAND: POST /session/764ef295c8f44d2e14b184d73c4fb1a3/element - {"using":"css selector","value":"#shell-header-logo"}
RESULT: {"using":"css selector","value":"#shell-header-logo"}
COMMAND: POST /session/764ef295c8f44d2e14b184d73c4fb1a3/element/f.809832546CBCDBCC14053EE8D21219E9.d.6318346CEE55C86A675F44096E01E294.e.4528/click - {}
RESULT: {}
COMMAND: GET /session/764ef295c8f44d2e14b184d73c4fb1a3/screenshot - {}
RESULT: {}
COMMAND: POST /session/764ef295c8f44d2e14b184d73c4fb1a3/element - {"using":"css selector","value":"#shell-header-logo"}
RESULT: {"using":"css selector","value":"#shell-header-logo"}
COMMAND: POST /session/764ef295c8f44d2e14b184d73c4fb1a3/element/f.809832546CBCDBCC14053EE8D21219E9.d.6318346CEE55C86A675F44096E01E294.e.4713/click - {}
RESULT: {}
COMMAND: GET /session/764ef295c8f44d2e14b184d73c4fb1a3/screenshot - {}
RESULT: {}
]]></system-out>
    </testcase>
    <testcase classname="chrome.137_0_7151_69.windows.Manage_request_+_Contract_processing_pick_up_option_US120163_" name="Should Create New Request pick up option" time="171.659">
      <system-out><![CDATA[
COMMAND: POST /session/764ef295c8f44d2e14b184d73c4fb1a3/element - {"using":"css selector","value":"#shell-header-logo"}
RESULT: {"using":"css selector","value":"#shell-header-logo"}
COMMAND: POST /session/764ef295c8f44d2e14b184d73c4fb1a3/element/f.809832546CBCDBCC14053EE8D21219E9.d.6318346CEE55C86A675F44096E01E294.e.4713/click - {}
RESULT: {}
COMMAND: GET /session/764ef295c8f44d2e14b184d73c4fb1a3/screenshot - {}
RESULT: {}
COMMAND: POST /session/764ef295c8f44d2e14b184d73c4fb1a3/execute/async - {"script":"<script> [1562 bytes]","args":[{"selector":{"controlType":"sap.m.GenericTile","properties":{"header":"Manage Requests"}},"wdio_ui5_key":"sapm.GenericTile{\"header\":\"Manage Requests\"}"}]}
RESULT: {"script":"<script> [1562 bytes]","args":[{"selector":{"controlType":"sap.m.GenericTile","properties":{"header":"Manage Requests"}},"wdio_ui5_key":"sapm.GenericTile{\"header\":\"Manage Requests\"}"}]}
RESULT: undefined
COMMAND: POST /session/764ef295c8f44d2e14b184d73c4fb1a3/element - {"using":"xpath","value":"//*[@id=\"__tile48\"]"}
RESULT: {"using":"xpath","value":"//*[@id=\"__tile48\"]"}
COMMAND: POST /session/764ef295c8f44d2e14b184d73c4fb1a3/element/f.809832546CBCDBCC14053EE8D21219E9.d.6318346CEE55C86A675F44096E01E294.e.4716/click - {}
RESULT: {}
COMMAND: GET /session/764ef295c8f44d2e14b184d73c4fb1a3/screenshot - {}
RESULT: {}
COMMAND: POST /session/764ef295c8f44d2e14b184d73c4fb1a3/elements - {"using":"xpath","value":"//span[text()='Error']"}
RESULT: {"using":"xpath","value":"//span[text()='Error']"}
COMMAND: POST /session/764ef295c8f44d2e14b184d73c4fb1a3/refresh - {}
RESULT: {}
COMMAND: GET /session/764ef295c8f44d2e14b184d73c4fb1a3/screenshot - {}
RESULT: {}
COMMAND: POST /session/764ef295c8f44d2e14b184d73c4fb1a3/execute/async - {"script":"<script> [189 bytes]","args":[]}
RESULT: {"script":"<script> [189 bytes]","args":[]}
COMMAND: POST /session/764ef295c8f44d2e14b184d73c4fb1a3/execute/async - {"script":"<script> [123 bytes]","args":[]}
RESULT: {"script":"<script> [123 bytes]","args":[]}
COMMAND: POST /session/764ef295c8f44d2e14b184d73c4fb1a3/timeouts - {"script":"<number>"}
RESULT: {"script":"<number>"}
COMMAND: GET /session/764ef295c8f44d2e14b184d73c4fb1a3/timeouts - {}
RESULT: {}
RESULT: undefined
COMMAND: POST /session/764ef295c8f44d2e14b184d73c4fb1a3/execute/async - {"script":"<script> [2676 bytes]","args":[]}
RESULT: {"script":"<script> [2676 bytes]","args":[]}
COMMAND: POST /session/764ef295c8f44d2e14b184d73c4fb1a3/execute/async - {"script":"<script> [2342 bytes]","args":[{"protocol":"http","hostname":"0.0.0.0","path":"/","capabilities":{"browserName":"chrome","goog:chromeOptions":{"binary":"C:\\Program Files\\Google\\Chrome\\Application\\chrome.exe","args":["--start-maximized"]}},"logLevel":"warn","connectionRetryTimeout":120000,"connectionRetryCount":3,"logLevels":{},"enableDirectConnect":true,"strictSSL":true,"_":"65 more keys: [\"cacheDir\",\"port\",\"requestedCapabilities\",\"automationProtocol\",\"baseUrl\",\"waitforInterval\",\"waitforTimeout\",\"onReload\",\"beforeCommand\",\"afterCommand\",\"rootDir\",\"specs\",\"suites\",\"exclude\",\"groupLogsByTestSpec\",\"excludeDriverLogs\",\"bail\",\"framework\",\"reporters\",\"services\",\"maxInstances\",\"maxInstancesPerCapability\",\"injectGlobals\",\"filesToWatch\",\"execArgv\",\"runnerEnv\",\"runner\",\"shard\",\"specFileRetries\",\"specFileRetriesDelay\",\"specFileRetriesDeferred\",\"reporterSyncInterval\",\"reporterSyncTimeout\",\"cucumberFeaturesWithLineNumbers\",\"autoCompileOpts\",\"mochaOpts\",\"jasmineOpts\",\"cucumberOpts\",\"onPrepare\",\"onWorkerStart\",\"onWorkerEnd\",\"before\",\"beforeSession\",\"beforeSuite\",\"beforeHook\",\"beforeTest\",\"afterTest\",\"afterHook\",\"afterSuite\",\"afterSession\",\"after\",\"onComplete\",\"beforeAssertion\",\"afterAssertion\",\"beforeFeature\",\"beforeScenario\",\"beforeStep\",\"afterStep\",\"afterScenario\",\"afterFeature\",\"_\",\"suite\",\"$0\",\"ignoredWorkerServices\",\"wdi5\"]"}]}
RESULT: {"script":"<script> [2342 bytes]","args":[{"protocol":"http","hostname":"0.0.0.0","path":"/","capabilities":{"browserName":"chrome","goog:chromeOptions":{"binary":"C:\\Program Files\\Google\\Chrome\\Application\\chrome.exe","args":["--start-maximized"]}},"logLevel":"warn","connectionRetryTimeout":120000,"connectionRetryCount":3,"logLevels":{},"enableDirectConnect":true,"strictSSL":true,"_":"65 more keys: [\"cacheDir\",\"port\",\"requestedCapabilities\",\"automationProtocol\",\"baseUrl\",\"waitforInterval\",\"waitforTimeout\",\"onReload\",\"beforeCommand\",\"afterCommand\",\"rootDir\",\"specs\",\"suites\",\"exclude\",\"groupLogsByTestSpec\",\"excludeDriverLogs\",\"bail\",\"framework\",\"reporters\",\"services\",\"maxInstances\",\"maxInstancesPerCapability\",\"injectGlobals\",\"filesToWatch\",\"execArgv\",\"runnerEnv\",\"runner\",\"shard\",\"specFileRetries\",\"specFileRetriesDelay\",\"specFileRetriesDeferred\",\"reporterSyncInterval\",\"reporterSyncTimeout\",\"cucumberFeaturesWithLineNumbers\",\"autoCompileOpts\",\"mochaOpts\",\"jasmineOpts\",\"cucumberOpts\",\"onPrepare\",\"onWorkerStart\",\"onWorkerEnd\",\"before\",\"beforeSession\",\"beforeSuite\",\"beforeHook\",\"beforeTest\",\"afterTest\",\"afterHook\",\"afterSuite\",\"afterSession\",\"after\",\"onComplete\",\"beforeAssertion\",\"afterAssertion\",\"beforeFeature\",\"beforeScenario\",\"beforeStep\",\"afterStep\",\"afterScenario\",\"afterFeature\",\"_\",\"suite\",\"$0\",\"ignoredWorkerServices\",\"wdi5\"]"}]}
COMMAND: POST /session/764ef295c8f44d2e14b184d73c4fb1a3/execute/async - {"script":"<script> [21126 bytes]","args":[35000]}
RESULT: {"script":"<script> [21126 bytes]","args":[35000]}
COMMAND: POST /session/764ef295c8f44d2e14b184d73c4fb1a3/element - {"using":"xpath","value":"//button[contains(@data-kt ,\"btnCreateNewOverflowToolbarButton\")]"}
COMMAND: POST /session/764ef295c8f44d2e14b184d73c4fb1a3/element - {"using":"xpath","value":"(//span[contains(@class ,\"sapMObjStatusText\")])[1]"}
RESULT: {"using":"xpath","value":"//button[contains(@data-kt ,\"btnCreateNewOverflowToolbarButton\")]"}
COMMAND: POST /session/764ef295c8f44d2e14b184d73c4fb1a3/element/f.809832546CBCDBCC14053EE8D21219E9.d.2E96D6DA16E9FCDB3C483F41E0F837E3.e.4869/click - {}
RESULT: {"using":"xpath","value":"(//span[contains(@class ,\"sapMObjStatusText\")])[1]"}
COMMAND: POST /session/764ef295c8f44d2e14b184d73c4fb1a3/execute/sync - {"script":"<script> [8489 bytes]","args":[{"element-6066-11e4-a52e-4f735466cecf":"f.809832546CBCDBCC14053EE8D21219E9.d.2E96D6DA16E9FCDB3C483F41E0F837E3.e.4905","ELEMENT":"f.809832546CBCDBCC14053EE8D21219E9.d.2E96D6DA16E9FCDB3C483F41E0F837E3.e.4905"}]}
RESULT: {}
COMMAND: GET /session/764ef295c8f44d2e14b184d73c4fb1a3/screenshot - {}
RESULT: {"script":"<script> [8489 bytes]","args":[{"element-6066-11e4-a52e-4f735466cecf":"f.809832546CBCDBCC14053EE8D21219E9.d.2E96D6DA16E9FCDB3C483F41E0F837E3.e.4905","ELEMENT":"f.809832546CBCDBCC14053EE8D21219E9.d.2E96D6DA16E9FCDB3C483F41E0F837E3.e.4905"}]}
COMMAND: GET /session/764ef295c8f44d2e14b184d73c4fb1a3/screenshot - {}
RESULT: {}
RESULT: {}
COMMAND: POST /session/764ef295c8f44d2e14b184d73c4fb1a3/element - {"using":"xpath","value":"//input[contains(@id ,\"yardId-inner\")]"}
RESULT: {"using":"xpath","value":"//input[contains(@id ,\"yardId-inner\")]"}
COMMAND: POST /session/764ef295c8f44d2e14b184d73c4fb1a3/execute/sync - {"script":"<script> [8489 bytes]","args":[{"element-6066-11e4-a52e-4f735466cecf":"f.809832546CBCDBCC14053EE8D21219E9.d.2E96D6DA16E9FCDB3C483F41E0F837E3.e.4986","ELEMENT":"f.809832546CBCDBCC14053EE8D21219E9.d.2E96D6DA16E9FCDB3C483F41E0F837E3.e.4986"}]}
RESULT: {"script":"<script> [8489 bytes]","args":[{"element-6066-11e4-a52e-4f735466cecf":"f.809832546CBCDBCC14053EE8D21219E9.d.2E96D6DA16E9FCDB3C483F41E0F837E3.e.4986","ELEMENT":"f.809832546CBCDBCC14053EE8D21219E9.d.2E96D6DA16E9FCDB3C483F41E0F837E3.e.4986"}]}
COMMAND: POST /session/764ef295c8f44d2e14b184d73c4fb1a3/element - {"using":"xpath","value":"//input[contains(@id ,\"requestContractNo-inner\")]"}
COMMAND: POST /session/764ef295c8f44d2e14b184d73c4fb1a3/element - {"using":"xpath","value":"//input[contains(@id ,\"yardId-inner\")]"}
COMMAND: GET /session/764ef295c8f44d2e14b184d73c4fb1a3/screenshot - {}
RESULT: {"using":"xpath","value":"//input[contains(@id ,\"requestContractNo-inner\")]"}
COMMAND: POST /session/764ef295c8f44d2e14b184d73c4fb1a3/element/f.809832546CBCDBCC14053EE8D21219E9.d.2E96D6DA16E9FCDB3C483F41E0F837E3.e.4981/value - {"text":"10165"}
RESULT: {"using":"xpath","value":"//input[contains(@id ,\"yardId-inner\")]"}
COMMAND: GET /session/764ef295c8f44d2e14b184d73c4fb1a3/element/f.809832546CBCDBCC14053EE8D21219E9.d.2E96D6DA16E9FCDB3C483F41E0F837E3.e.4986/enabled - {}
RESULT: {}
RESULT: {"text":"10165"}
COMMAND: GET /session/764ef295c8f44d2e14b184d73c4fb1a3/screenshot - {}
RESULT: {}
COMMAND: GET /session/764ef295c8f44d2e14b184d73c4fb1a3/screenshot - {}
RESULT: {}
RESULT: {}
COMMAND: POST /session/764ef295c8f44d2e14b184d73c4fb1a3/actions - {"actions":[{"id":"action37","type":"key","parameters":{},"actions":[{"type":"keyDown","value":""},{"type":"pause","duration":10},{"type":"keyUp","value":""}]}]}
RESULT: {"actions":[{"id":"action37","type":"key","parameters":{},"actions":[{"type":"keyDown","value":""},{"type":"pause","duration":10},{"type":"keyUp","value":""}]}]}
COMMAND: GET /session/764ef295c8f44d2e14b184d73c4fb1a3/screenshot - {}
RESULT: {}
COMMAND: POST /session/764ef295c8f44d2e14b184d73c4fb1a3/execute/async - {"script":"<script> [1562 bytes]","args":[{"selector":{"controlType":"sap.m.Button","viewName":"etm.portal.ui.managerequests.view.NewRequest","properties":{"text":"Items"},"interaction":{"idSuffix":"BDI-content"}},"wdio_ui5_key":"etmportal.ui.managerequests.view.NewRequestsap.m.Button{\"text\":\"Items\"}"}]}
RESULT: {"script":"<script> [1562 bytes]","args":[{"selector":{"controlType":"sap.m.Button","viewName":"etm.portal.ui.managerequests.view.NewRequest","properties":{"text":"Items"},"interaction":{"idSuffix":"BDI-content"}},"wdio_ui5_key":"etmportal.ui.managerequests.view.NewRequestsap.m.Button{\"text\":\"Items\"}"}]}
RESULT: undefined
COMMAND: POST /session/764ef295c8f44d2e14b184d73c4fb1a3/element - {"using":"xpath","value":"//*[@id=\"__xmlview1--newRequestPage-anchBar-__xmlview1--requestItemsSection-anchor\"]"}
RESULT: {"using":"xpath","value":"//*[@id=\"__xmlview1--newRequestPage-anchBar-__xmlview1--requestItemsSection-anchor\"]"}
COMMAND: POST /session/764ef295c8f44d2e14b184d73c4fb1a3/element/f.809832546CBCDBCC14053EE8D21219E9.d.2E96D6DA16E9FCDB3C483F41E0F837E3.e.5166/click - {}
RESULT: {}
COMMAND: GET /session/764ef295c8f44d2e14b184d73c4fb1a3/screenshot - {}
RESULT: {}
COMMAND: POST /session/764ef295c8f44d2e14b184d73c4fb1a3/execute/async - {"script":"<script> [1562 bytes]","args":[{"selector":{"controlType":"sap.ui.core.Icon","viewName":"etm.portal.ui.managerequests.view.NewRequest","properties":{"src":{"regex":{"source":"inspect"}}}},"wdio_ui5_key":"etmportal.ui.managerequests.view.NewRequestsap.ui.core.Icon{\"src\":{\"regex\":{\"source\":\"inspect\"}}}"}]}
RESULT: {"script":"<script> [1562 bytes]","args":[{"selector":{"controlType":"sap.ui.core.Icon","viewName":"etm.portal.ui.managerequests.view.NewRequest","properties":{"src":{"regex":{"source":"inspect"}}}},"wdio_ui5_key":"etmportal.ui.managerequests.view.NewRequestsap.ui.core.Icon{\"src\":{\"regex\":{\"source\":\"inspect\"}}}"}]}
RESULT: undefined
COMMAND: POST /session/764ef295c8f44d2e14b184d73c4fb1a3/element - {"using":"xpath","value":"//*[@id=\"__button8-img\"]"}
RESULT: {"using":"xpath","value":"//*[@id=\"__button8-img\"]"}
COMMAND: POST /session/764ef295c8f44d2e14b184d73c4fb1a3/element/f.809832546CBCDBCC14053EE8D21219E9.d.2E96D6DA16E9FCDB3C483F41E0F837E3.e.5171/click - {}
RESULT: {}
COMMAND: GET /session/764ef295c8f44d2e14b184d73c4fb1a3/screenshot - {}
RESULT: {}
COMMAND: POST /session/764ef295c8f44d2e14b184d73c4fb1a3/execute/async - {"script":"<script> [1562 bytes]","args":[{"selector":{"controlType":"sap.ui.core.Icon","viewName":"etm.portal.ui.managerequests.view.NewRequest","properties":{"src":{"regex":{"source":"add"}}}},"wdio_ui5_key":"etmportal.ui.managerequests.view.NewRequestsap.ui.core.Icon{\"src\":{\"regex\":{\"source\":\"add\"}}}"}]}
RESULT: {"script":"<script> [1562 bytes]","args":[{"selector":{"controlType":"sap.ui.core.Icon","viewName":"etm.portal.ui.managerequests.view.NewRequest","properties":{"src":{"regex":{"source":"add"}}}},"wdio_ui5_key":"etmportal.ui.managerequests.view.NewRequestsap.ui.core.Icon{\"src\":{\"regex\":{\"source\":\"add\"}}}"}]}
RESULT: undefined
COMMAND: POST /session/764ef295c8f44d2e14b184d73c4fb1a3/element - {"using":"xpath","value":"//*[@id=\"__xmlview1--btnAddTableRow-img\"]"}
RESULT: {"using":"xpath","value":"//*[@id=\"__xmlview1--btnAddTableRow-img\"]"}
COMMAND: POST /session/764ef295c8f44d2e14b184d73c4fb1a3/element/f.809832546CBCDBCC14053EE8D21219E9.d.2E96D6DA16E9FCDB3C483F41E0F837E3.e.5179/click - {}
RESULT: {}
COMMAND: GET /session/764ef295c8f44d2e14b184d73c4fb1a3/screenshot - {}
RESULT: {}
COMMAND: POST /session/764ef295c8f44d2e14b184d73c4fb1a3/execute/async - {"script":"<script> [1562 bytes]","args":[{"selector":{"controlType":"sap.ui.unified.MenuItem","viewName":"etm.portal.ui.managerequests.view.NewRequest","i18NText":{"propertyName":"text","key":"standardEntry"},"searchOpenDialogs":true,"interaction":{"idSuffix":"txt"}},"wdio_ui5_key":"etmportal.ui.managerequests.view.NewRequestsap.ui.unified.MenuItem{\"propertyName\":\"text\",\"key\":\"standardEntry\"}"}]}
RESULT: {"script":"<script> [1562 bytes]","args":[{"selector":{"controlType":"sap.ui.unified.MenuItem","viewName":"etm.portal.ui.managerequests.view.NewRequest","i18NText":{"propertyName":"text","key":"standardEntry"},"searchOpenDialogs":true,"interaction":{"idSuffix":"txt"}},"wdio_ui5_key":"etmportal.ui.managerequests.view.NewRequestsap.ui.unified.MenuItem{\"propertyName\":\"text\",\"key\":\"standardEntry\"}"}]}
RESULT: undefined
COMMAND: POST /session/764ef295c8f44d2e14b184d73c4fb1a3/element - {"using":"xpath","value":"//*[@id=\"__item177\"]"}
RESULT: {"using":"xpath","value":"//*[@id=\"__item177\"]"}
COMMAND: POST /session/764ef295c8f44d2e14b184d73c4fb1a3/element/f.809832546CBCDBCC14053EE8D21219E9.d.2E96D6DA16E9FCDB3C483F41E0F837E3.e.5183/click - {}
RESULT: {}
COMMAND: GET /session/764ef295c8f44d2e14b184d73c4fb1a3/screenshot - {}
RESULT: {}
RESULT: undefined
COMMAND: POST /session/764ef295c8f44d2e14b184d73c4fb1a3/element - {"using":"xpath","value":"//*[@id=\"__xmlview1--btnAddTableRow-img\"]"}
RESULT: {"using":"xpath","value":"//*[@id=\"__xmlview1--btnAddTableRow-img\"]"}
COMMAND: POST /session/764ef295c8f44d2e14b184d73c4fb1a3/element/f.809832546CBCDBCC14053EE8D21219E9.d.2E96D6DA16E9FCDB3C483F41E0F837E3.e.5179/click - {}
RESULT: {}
COMMAND: GET /session/764ef295c8f44d2e14b184d73c4fb1a3/screenshot - {}
RESULT: {}
RESULT: undefined
COMMAND: POST /session/764ef295c8f44d2e14b184d73c4fb1a3/element - {"using":"xpath","value":"//*[@id=\"__item177\"]"}
RESULT: {"using":"xpath","value":"//*[@id=\"__item177\"]"}
COMMAND: POST /session/764ef295c8f44d2e14b184d73c4fb1a3/element/f.809832546CBCDBCC14053EE8D21219E9.d.2E96D6DA16E9FCDB3C483F41E0F837E3.e.5204/click - {}
RESULT: {}
COMMAND: GET /session/764ef295c8f44d2e14b184d73c4fb1a3/screenshot - {}
RESULT: {}
COMMAND: POST /session/764ef295c8f44d2e14b184d73c4fb1a3/element - {"using":"xpath","value":"(//input[contains(@id ,\"requestItemsTable-0-inner\")])[5]"}
RESULT: {"using":"xpath","value":"(//input[contains(@id ,\"requestItemsTable-0-inner\")])[5]"}
COMMAND: POST /session/764ef295c8f44d2e14b184d73c4fb1a3/element/f.809832546CBCDBCC14053EE8D21219E9.d.2E96D6DA16E9FCDB3C483F41E0F837E3.e.5195/clear - {}
RESULT: {}
COMMAND: POST /session/764ef295c8f44d2e14b184d73c4fb1a3/element/f.809832546CBCDBCC14053EE8D21219E9.d.2E96D6DA16E9FCDB3C483F41E0F837E3.e.5195/value - {"text":"1000001"}
COMMAND: GET /session/764ef295c8f44d2e14b184d73c4fb1a3/screenshot - {}
RESULT: {"text":"1000001"}
COMMAND: GET /session/764ef295c8f44d2e14b184d73c4fb1a3/screenshot - {}
RESULT: {}
RESULT: {}
COMMAND: POST /session/764ef295c8f44d2e14b184d73c4fb1a3/actions - {"actions":[{"id":"action38","type":"key","parameters":{},"actions":[{"type":"keyDown","value":""},{"type":"pause","duration":10},{"type":"keyUp","value":""}]}]}
RESULT: {"actions":[{"id":"action38","type":"key","parameters":{},"actions":[{"type":"keyDown","value":""},{"type":"pause","duration":10},{"type":"keyUp","value":""}]}]}
COMMAND: POST /session/764ef295c8f44d2e14b184d73c4fb1a3/element - {"using":"xpath","value":"(//input[contains(@id ,\"requestItemsTable-1-inner\")])[5]"}
COMMAND: GET /session/764ef295c8f44d2e14b184d73c4fb1a3/screenshot - {}
RESULT: {"using":"xpath","value":"(//input[contains(@id ,\"requestItemsTable-1-inner\")])[5]"}
COMMAND: POST /session/764ef295c8f44d2e14b184d73c4fb1a3/element/f.809832546CBCDBCC14053EE8D21219E9.d.2E96D6DA16E9FCDB3C483F41E0F837E3.e.5210/clear - {}
RESULT: {}
RESULT: {}
COMMAND: POST /session/764ef295c8f44d2e14b184d73c4fb1a3/element/f.809832546CBCDBCC14053EE8D21219E9.d.2E96D6DA16E9FCDB3C483F41E0F837E3.e.5210/value - {"text":"200112"}
COMMAND: GET /session/764ef295c8f44d2e14b184d73c4fb1a3/screenshot - {}
RESULT: {"text":"200112"}
COMMAND: GET /session/764ef295c8f44d2e14b184d73c4fb1a3/screenshot - {}
RESULT: {}
RESULT: {}
COMMAND: POST /session/764ef295c8f44d2e14b184d73c4fb1a3/actions - {"actions":[{"id":"action39","type":"key","parameters":{},"actions":[{"type":"keyDown","value":""},{"type":"pause","duration":10},{"type":"keyUp","value":""}]}]}
RESULT: {"actions":[{"id":"action39","type":"key","parameters":{},"actions":[{"type":"keyDown","value":""},{"type":"pause","duration":10},{"type":"keyUp","value":""}]}]}
COMMAND: POST /session/764ef295c8f44d2e14b184d73c4fb1a3/element - {"using":"xpath","value":"//div[contains(@data-kt ,\"splitAllocationObjectStatus\")]"}
COMMAND: GET /session/764ef295c8f44d2e14b184d73c4fb1a3/screenshot - {}
RESULT: {"using":"xpath","value":"//div[contains(@data-kt ,\"splitAllocationObjectStatus\")]"}
COMMAND: POST /session/764ef295c8f44d2e14b184d73c4fb1a3/elements - {"using":"xpath","value":"//div[contains(@data-kt ,\"splitAllocationObjectStatus\")]"}
RESULT: {}
RESULT: {"using":"xpath","value":"//div[contains(@data-kt ,\"splitAllocationObjectStatus\")]"}
COMMAND: POST /session/764ef295c8f44d2e14b184d73c4fb1a3/execute/async - {"script":"<script> [1562 bytes]","args":[{"selector":{"controlType":"sap.ui.core.Icon","viewName":"etm.portal.ui.managerequests.view.NewRequest","properties":{"src":{"regex":{"source":"message\\-error"}}},"ancestor":{"controlType":"sap.m.ColumnListItem","viewName":"etm.portal.ui.managerequests.view.NewRequest","bindingPath":{"modelName":"newRequestItems","path":"/RequestItems/0"},"ancestor":{"id":"requestItemsTable","viewName":"etm.portal.ui.managerequests.view.NewRequest"}}},"wdio_ui5_key":"etmportal.ui.managerequests.view.NewRequestsap.ui.core.Icon{\"src\":{\"regex\":{\"source\":\"message\\\\-error\"}}}{\"controlType\":\"sap.m.ColumnListItem\",\"viewName\":\"etm.portal.ui.managerequests.view.NewRequest\",\"bindingPath\":{\"modelName\":\"newRequestItems\",\"path\":\"/RequestItems/0\"},\"ancestor\":{\"id\":\"requestItemsTable\",\"viewName\":\"etm.portal.ui.managerequests.view.NewRequest\"}}"}]}
RESULT: {"script":"<script> [1562 bytes]","args":[{"selector":{"controlType":"sap.ui.core.Icon","viewName":"etm.portal.ui.managerequests.view.NewRequest","properties":{"src":{"regex":{"source":"message\\-error"}}},"ancestor":{"controlType":"sap.m.ColumnListItem","viewName":"etm.portal.ui.managerequests.view.NewRequest","bindingPath":{"modelName":"newRequestItems","path":"/RequestItems/0"},"ancestor":{"id":"requestItemsTable","viewName":"etm.portal.ui.managerequests.view.NewRequest"}}},"wdio_ui5_key":"etmportal.ui.managerequests.view.NewRequestsap.ui.core.Icon{\"src\":{\"regex\":{\"source\":\"message\\\\-error\"}}}{\"controlType\":\"sap.m.ColumnListItem\",\"viewName\":\"etm.portal.ui.managerequests.view.NewRequest\",\"bindingPath\":{\"modelName\":\"newRequestItems\",\"path\":\"/RequestItems/0\"},\"ancestor\":{\"id\":\"requestItemsTable\",\"viewName\":\"etm.portal.ui.managerequests.view.NewRequest\"}}"}]}
RESULT: undefined
COMMAND: POST /session/764ef295c8f44d2e14b184d73c4fb1a3/element - {"using":"xpath","value":"//*[@id=\"__status4-__xmlview1--requestItemsTable-0-icon\"]"}
RESULT: {"using":"xpath","value":"//*[@id=\"__status4-__xmlview1--requestItemsTable-0-icon\"]"}
COMMAND: POST /session/764ef295c8f44d2e14b184d73c4fb1a3/element/f.809832546CBCDBCC14053EE8D21219E9.d.2E96D6DA16E9FCDB3C483F41E0F837E3.e.5222/click - {}
RESULT: {}
COMMAND: GET /session/764ef295c8f44d2e14b184d73c4fb1a3/screenshot - {}
RESULT: {}
COMMAND: POST /session/764ef295c8f44d2e14b184d73c4fb1a3/execute/async - {"script":"<script> [1562 bytes]","args":[{"selector":{"id":"costObjectAdminTypeComboBox","viewName":"etm.portal.ui.managerequests.view.NewRequest","searchOpenDialogs":true,"interaction":{"idSuffix":"inner"}},"wdio_ui5_key":"costObjectAdminTypeComboBoxetmportal.ui.managerequests.view.NewRequest"}]}
RESULT: {"script":"<script> [1562 bytes]","args":[{"selector":{"id":"costObjectAdminTypeComboBox","viewName":"etm.portal.ui.managerequests.view.NewRequest","searchOpenDialogs":true,"interaction":{"idSuffix":"inner"}},"wdio_ui5_key":"costObjectAdminTypeComboBoxetmportal.ui.managerequests.view.NewRequest"}]}
RESULT: undefined
COMMAND: POST /session/764ef295c8f44d2e14b184d73c4fb1a3/execute/async - {"script":"<script> [776 bytes]","args":[{"enterText":"Cost Center","selector":{"id":"costObjectAdminTypeComboBox","viewName":"etm.portal.ui.managerequests.view.NewRequest","searchOpenDialogs":true,"interaction":{"idSuffix":"inner"}},"clearTextFirst":true,"interactionType":"ENTER_TEXT"}]}
RESULT: {"script":"<script> [776 bytes]","args":[{"enterText":"Cost Center","selector":{"id":"costObjectAdminTypeComboBox","viewName":"etm.portal.ui.managerequests.view.NewRequest","searchOpenDialogs":true,"interaction":{"idSuffix":"inner"}},"clearTextFirst":true,"interactionType":"ENTER_TEXT"}]}
COMMAND: POST /session/764ef295c8f44d2e14b184d73c4fb1a3/actions - {"actions":[{"id":"action40","type":"key","parameters":{},"actions":[{"type":"keyDown","value":""},{"type":"pause","duration":10},{"type":"keyUp","value":""}]}]}
RESULT: {"actions":[{"id":"action40","type":"key","parameters":{},"actions":[{"type":"keyDown","value":""},{"type":"pause","duration":10},{"type":"keyUp","value":""}]}]}
COMMAND: GET /session/764ef295c8f44d2e14b184d73c4fb1a3/screenshot - {}
RESULT: {}
COMMAND: POST /session/764ef295c8f44d2e14b184d73c4fb1a3/execute/async - {"script":"<script> [1562 bytes]","args":[{"selector":{"id":"costObjectIdComboBox","viewName":"etm.portal.ui.managerequests.view.NewRequest","searchOpenDialogs":true,"interaction":{"idSuffix":"inner"}},"wdio_ui5_key":"costObjectIdComboBoxetmportal.ui.managerequests.view.NewRequest"}]}
RESULT: {"script":"<script> [1562 bytes]","args":[{"selector":{"id":"costObjectIdComboBox","viewName":"etm.portal.ui.managerequests.view.NewRequest","searchOpenDialogs":true,"interaction":{"idSuffix":"inner"}},"wdio_ui5_key":"costObjectIdComboBoxetmportal.ui.managerequests.view.NewRequest"}]}
RESULT: undefined
COMMAND: POST /session/764ef295c8f44d2e14b184d73c4fb1a3/execute/async - {"script":"<script> [776 bytes]","args":[{"enterText":"1001 - 1001","selector":{"id":"costObjectIdComboBox","viewName":"etm.portal.ui.managerequests.view.NewRequest","searchOpenDialogs":true,"interaction":{"idSuffix":"inner"}},"clearTextFirst":true,"interactionType":"ENTER_TEXT"}]}
RESULT: {"script":"<script> [776 bytes]","args":[{"enterText":"1001 - 1001","selector":{"id":"costObjectIdComboBox","viewName":"etm.portal.ui.managerequests.view.NewRequest","searchOpenDialogs":true,"interaction":{"idSuffix":"inner"}},"clearTextFirst":true,"interactionType":"ENTER_TEXT"}]}
COMMAND: POST /session/764ef295c8f44d2e14b184d73c4fb1a3/actions - {"actions":[{"id":"action41","type":"key","parameters":{},"actions":[{"type":"keyDown","value":""},{"type":"pause","duration":10},{"type":"keyUp","value":""}]}]}
RESULT: {"actions":[{"id":"action41","type":"key","parameters":{},"actions":[{"type":"keyDown","value":""},{"type":"pause","duration":10},{"type":"keyUp","value":""}]}]}
COMMAND: GET /session/764ef295c8f44d2e14b184d73c4fb1a3/screenshot - {}
RESULT: {}
COMMAND: POST /session/764ef295c8f44d2e14b184d73c4fb1a3/element - {"using":"xpath","value":"(//bdi[(text() = 'Save' or . = 'Save')])[1]"}
RESULT: {"using":"xpath","value":"(//bdi[(text() = 'Save' or . = 'Save')])[1]"}
COMMAND: POST /session/764ef295c8f44d2e14b184d73c4fb1a3/element/f.809832546CBCDBCC14053EE8D21219E9.d.2E96D6DA16E9FCDB3C483F41E0F837E3.e.5237/click - {}
RESULT: {}
COMMAND: POST /session/764ef295c8f44d2e14b184d73c4fb1a3/execute/async - {"script":"<script> [1562 bytes]","args":[{"selector":{"controlType":"sap.ui.core.Icon","viewName":"etm.portal.ui.managerequests.view.NewRequest","properties":{"src":{"regex":{"source":"message\\-error"}}},"ancestor":{"controlType":"sap.m.ColumnListItem","viewName":"etm.portal.ui.managerequests.view.NewRequest","bindingPath":{"modelName":"newRequestItems","path":"/RequestItems/1"},"ancestor":{"id":"requestItemsTable","viewName":"etm.portal.ui.managerequests.view.NewRequest"}}},"wdio_ui5_key":"etmportal.ui.managerequests.view.NewRequestsap.ui.core.Icon{\"src\":{\"regex\":{\"source\":\"message\\\\-error\"}}}{\"controlType\":\"sap.m.ColumnListItem\",\"viewName\":\"etm.portal.ui.managerequests.view.NewRequest\",\"bindingPath\":{\"modelName\":\"newRequestItems\",\"path\":\"/RequestItems/1\"},\"ancestor\":{\"id\":\"requestItemsTable\",\"viewName\":\"etm.portal.ui.managerequests.view.NewRequest\"}}"}]}
COMMAND: GET /session/764ef295c8f44d2e14b184d73c4fb1a3/screenshot - {}
RESULT: {"script":"<script> [1562 bytes]","args":[{"selector":{"controlType":"sap.ui.core.Icon","viewName":"etm.portal.ui.managerequests.view.NewRequest","properties":{"src":{"regex":{"source":"message\\-error"}}},"ancestor":{"controlType":"sap.m.ColumnListItem","viewName":"etm.portal.ui.managerequests.view.NewRequest","bindingPath":{"modelName":"newRequestItems","path":"/RequestItems/1"},"ancestor":{"id":"requestItemsTable","viewName":"etm.portal.ui.managerequests.view.NewRequest"}}},"wdio_ui5_key":"etmportal.ui.managerequests.view.NewRequestsap.ui.core.Icon{\"src\":{\"regex\":{\"source\":\"message\\\\-error\"}}}{\"controlType\":\"sap.m.ColumnListItem\",\"viewName\":\"etm.portal.ui.managerequests.view.NewRequest\",\"bindingPath\":{\"modelName\":\"newRequestItems\",\"path\":\"/RequestItems/1\"},\"ancestor\":{\"id\":\"requestItemsTable\",\"viewName\":\"etm.portal.ui.managerequests.view.NewRequest\"}}"}]}
RESULT: undefined
COMMAND: POST /session/764ef295c8f44d2e14b184d73c4fb1a3/element - {"using":"xpath","value":"//*[@id=\"__status4-__xmlview1--requestItemsTable-1-icon\"]"}
RESULT: {}
RESULT: {"using":"xpath","value":"//*[@id=\"__status4-__xmlview1--requestItemsTable-1-icon\"]"}
COMMAND: POST /session/764ef295c8f44d2e14b184d73c4fb1a3/element/f.809832546CBCDBCC14053EE8D21219E9.d.2E96D6DA16E9FCDB3C483F41E0F837E3.e.5240/click - {}
RESULT: {}
COMMAND: GET /session/764ef295c8f44d2e14b184d73c4fb1a3/screenshot - {}
RESULT: {}
RESULT: undefined
COMMAND: POST /session/764ef295c8f44d2e14b184d73c4fb1a3/execute/async - {"script":"<script> [776 bytes]","args":[{"enterText":"Cost Center","selector":{"id":"costObjectAdminTypeComboBox","viewName":"etm.portal.ui.managerequests.view.NewRequest","searchOpenDialogs":true,"interaction":{"idSuffix":"inner"}},"clearTextFirst":true,"interactionType":"ENTER_TEXT"}]}
RESULT: {"script":"<script> [776 bytes]","args":[{"enterText":"Cost Center","selector":{"id":"costObjectAdminTypeComboBox","viewName":"etm.portal.ui.managerequests.view.NewRequest","searchOpenDialogs":true,"interaction":{"idSuffix":"inner"}},"clearTextFirst":true,"interactionType":"ENTER_TEXT"}]}
COMMAND: POST /session/764ef295c8f44d2e14b184d73c4fb1a3/actions - {"actions":[{"id":"action42","type":"key","parameters":{},"actions":[{"type":"keyDown","value":""},{"type":"pause","duration":10},{"type":"keyUp","value":""}]}]}
RESULT: {"actions":[{"id":"action42","type":"key","parameters":{},"actions":[{"type":"keyDown","value":""},{"type":"pause","duration":10},{"type":"keyUp","value":""}]}]}
COMMAND: GET /session/764ef295c8f44d2e14b184d73c4fb1a3/screenshot - {}
RESULT: {}
RESULT: undefined
COMMAND: POST /session/764ef295c8f44d2e14b184d73c4fb1a3/execute/async - {"script":"<script> [776 bytes]","args":[{"enterText":"1001 - 1001","selector":{"id":"costObjectIdComboBox","viewName":"etm.portal.ui.managerequests.view.NewRequest","searchOpenDialogs":true,"interaction":{"idSuffix":"inner"}},"clearTextFirst":true,"interactionType":"ENTER_TEXT"}]}
RESULT: {"script":"<script> [776 bytes]","args":[{"enterText":"1001 - 1001","selector":{"id":"costObjectIdComboBox","viewName":"etm.portal.ui.managerequests.view.NewRequest","searchOpenDialogs":true,"interaction":{"idSuffix":"inner"}},"clearTextFirst":true,"interactionType":"ENTER_TEXT"}]}
COMMAND: POST /session/764ef295c8f44d2e14b184d73c4fb1a3/actions - {"actions":[{"id":"action43","type":"key","parameters":{},"actions":[{"type":"keyDown","value":""},{"type":"pause","duration":10},{"type":"keyUp","value":""}]}]}
RESULT: {"actions":[{"id":"action43","type":"key","parameters":{},"actions":[{"type":"keyDown","value":""},{"type":"pause","duration":10},{"type":"keyUp","value":""}]}]}
COMMAND: GET /session/764ef295c8f44d2e14b184d73c4fb1a3/screenshot - {}
RESULT: {}
COMMAND: POST /session/764ef295c8f44d2e14b184d73c4fb1a3/element - {"using":"xpath","value":"(//bdi[(text() = 'Save' or . = 'Save')])[1]"}
RESULT: {"using":"xpath","value":"(//bdi[(text() = 'Save' or . = 'Save')])[1]"}
COMMAND: POST /session/764ef295c8f44d2e14b184d73c4fb1a3/element/f.809832546CBCDBCC14053EE8D21219E9.d.2E96D6DA16E9FCDB3C483F41E0F837E3.e.5252/click - {}
RESULT: {}
COMMAND: GET /session/764ef295c8f44d2e14b184d73c4fb1a3/screenshot - {}
RESULT: {}
COMMAND: POST /session/764ef295c8f44d2e14b184d73c4fb1a3/execute/async - {"script":"<script> [1562 bytes]","args":[{"selector":{"controlType":"sap.m.Button","viewName":"etm.portal.ui.managerequests.view.NewRequest","bindingPath":{"path":"/RequestItems/0","propertyPath":"PICK_UP","modelName":"newRequestItems"},"interaction":{"idSuffix":"BDI-content"}},"wdio_ui5_key":"etmportal.ui.managerequests.view.NewRequestsap.m.Button{\"path\":\"/RequestItems/0\",\"propertyPath\":\"PICK_UP\",\"modelName\":\"newRequestItems\"}"}]}
RESULT: {"script":"<script> [1562 bytes]","args":[{"selector":{"controlType":"sap.m.Button","viewName":"etm.portal.ui.managerequests.view.NewRequest","bindingPath":{"path":"/RequestItems/0","propertyPath":"PICK_UP","modelName":"newRequestItems"},"interaction":{"idSuffix":"BDI-content"}},"wdio_ui5_key":"etmportal.ui.managerequests.view.NewRequestsap.m.Button{\"path\":\"/RequestItems/0\",\"propertyPath\":\"PICK_UP\",\"modelName\":\"newRequestItems\"}"}]}
RESULT: undefined
COMMAND: POST /session/764ef295c8f44d2e14b184d73c4fb1a3/element - {"using":"xpath","value":"//*[@id=\"__xmlview1--pickUpItemButton-__xmlview1--requestItemsTable-0\"]"}
RESULT: {"using":"xpath","value":"//*[@id=\"__xmlview1--pickUpItemButton-__xmlview1--requestItemsTable-0\"]"}
COMMAND: POST /session/764ef295c8f44d2e14b184d73c4fb1a3/element/f.809832546CBCDBCC14053EE8D21219E9.d.2E96D6DA16E9FCDB3C483F41E0F837E3.e.5256/click - {}
RESULT: {}
COMMAND: GET /session/764ef295c8f44d2e14b184d73c4fb1a3/screenshot - {}
RESULT: {}
COMMAND: POST /session/764ef295c8f44d2e14b184d73c4fb1a3/execute/async - {"script":"<script> [1562 bytes]","args":[{"selector":{"controlType":"sap.m.Button","viewName":"etm.portal.ui.managerequests.view.NewRequest","properties":{"text":"Save"},"i18NText":{"propertyName":"tooltip","key":"save"},"interaction":{"idSuffix":"BDI-content"}},"wdio_ui5_key":"etmportal.ui.managerequests.view.NewRequestsap.m.Button{\"propertyName\":\"tooltip\",\"key\":\"save\"}{\"text\":\"Save\"}"}]}
RESULT: {"script":"<script> [1562 bytes]","args":[{"selector":{"controlType":"sap.m.Button","viewName":"etm.portal.ui.managerequests.view.NewRequest","properties":{"text":"Save"},"i18NText":{"propertyName":"tooltip","key":"save"},"interaction":{"idSuffix":"BDI-content"}},"wdio_ui5_key":"etmportal.ui.managerequests.view.NewRequestsap.m.Button{\"propertyName\":\"tooltip\",\"key\":\"save\"}{\"text\":\"Save\"}"}]}
RESULT: undefined
COMMAND: POST /session/764ef295c8f44d2e14b184d73c4fb1a3/element - {"using":"xpath","value":"//*[@id=\"__button11\"]"}
RESULT: {"using":"xpath","value":"//*[@id=\"__button11\"]"}
COMMAND: POST /session/764ef295c8f44d2e14b184d73c4fb1a3/element/f.809832546CBCDBCC14053EE8D21219E9.d.2E96D6DA16E9FCDB3C483F41E0F837E3.e.5093/click - {}
RESULT: {}
COMMAND: GET /session/764ef295c8f44d2e14b184d73c4fb1a3/screenshot - {}
RESULT: {}
COMMAND: POST /session/764ef295c8f44d2e14b184d73c4fb1a3/execute/async - {"script":"<script> [1562 bytes]","args":[{"selector":{"controlType":"sap.m.Text","searchOpenDialogs":true},"wdio_ui5_key":"sapm.Text"}]}
RESULT: {"script":"<script> [1562 bytes]","args":[{"selector":{"controlType":"sap.m.Text","searchOpenDialogs":true},"wdio_ui5_key":"sapm.Text"}]}
RESULT: undefined
COMMAND: POST /session/764ef295c8f44d2e14b184d73c4fb1a3/execute/async - {"script":"<script> [6424 bytes]","args":[{"element-6066-11e4-a52e-4f735466cecf":"f.809832546CBCDBCC14053EE8D21219E9.d.2E96D6DA16E9FCDB3C483F41E0F837E3.e.5260"},"getText",[]]}
RESULT: {"script":"<script> [6424 bytes]","args":[{"element-6066-11e4-a52e-4f735466cecf":"f.809832546CBCDBCC14053EE8D21219E9.d.2E96D6DA16E9FCDB3C483F41E0F837E3.e.5260"},"getText",[]]}
COMMAND: POST /session/764ef295c8f44d2e14b184d73c4fb1a3/execute/async - {"script":"<script> [1562 bytes]","args":[{"selector":{"controlType":"sap.m.Button","properties":{"text":"Close"},"searchOpenDialogs":true,"interaction":{"idSuffix":"BDI-content"}},"wdio_ui5_key":"sapm.Button{\"text\":\"Close\"}"}]}
RESULT: {"script":"<script> [1562 bytes]","args":[{"selector":{"controlType":"sap.m.Button","properties":{"text":"Close"},"searchOpenDialogs":true,"interaction":{"idSuffix":"BDI-content"}},"wdio_ui5_key":"sapm.Button{\"text\":\"Close\"}"}]}
RESULT: undefined
COMMAND: POST /session/764ef295c8f44d2e14b184d73c4fb1a3/element - {"using":"xpath","value":"//*[@id=\"__mbox-btn-0\"]"}
RESULT: {"using":"xpath","value":"//*[@id=\"__mbox-btn-0\"]"}
COMMAND: POST /session/764ef295c8f44d2e14b184d73c4fb1a3/element/f.809832546CBCDBCC14053EE8D21219E9.d.2E96D6DA16E9FCDB3C483F41E0F837E3.e.5259/click - {}
RESULT: {}
COMMAND: GET /session/764ef295c8f44d2e14b184d73c4fb1a3/screenshot - {}
RESULT: {}
COMMAND: POST /session/764ef295c8f44d2e14b184d73c4fb1a3/execute/async - {"script":"<script> [1562 bytes]","args":[{"selector":{"controlType":"sap.m.Button","viewName":"etm.portal.ui.managerequests.view.Detail","bindingPath":{"path":"/SmartRequestItemsPlanningBoard(ITEM=10m,REQUEST='20074')","propertyPath":"PICK_UP"}},"wdio_ui5_key":"etmportal.ui.managerequests.view.Detailsap.m.Button{\"path\":\"/SmartRequestItemsPlanningBoard(ITEM=10m,REQUEST='20074')\",\"propertyPath\":\"PICK_UP\"}"}]}
RESULT: {"script":"<script> [1562 bytes]","args":[{"selector":{"controlType":"sap.m.Button","viewName":"etm.portal.ui.managerequests.view.Detail","bindingPath":{"path":"/SmartRequestItemsPlanningBoard(ITEM=10m,REQUEST='20074')","propertyPath":"PICK_UP"}},"wdio_ui5_key":"etmportal.ui.managerequests.view.Detailsap.m.Button{\"path\":\"/SmartRequestItemsPlanningBoard(ITEM=10m,REQUEST='20074')\",\"propertyPath\":\"PICK_UP\"}"}]}
RESULT: undefined
COMMAND: POST /session/764ef295c8f44d2e14b184d73c4fb1a3/execute/async - {"script":"<script> [6424 bytes]","args":[{"element-6066-11e4-a52e-4f735466cecf":"f.809832546CBCDBCC14053EE8D21219E9.d.2E96D6DA16E9FCDB3C483F41E0F837E3.e.5369"},"getType",[]]}
RESULT: {"script":"<script> [6424 bytes]","args":[{"element-6066-11e4-a52e-4f735466cecf":"f.809832546CBCDBCC14053EE8D21219E9.d.2E96D6DA16E9FCDB3C483F41E0F837E3.e.5369"},"getType",[]]}
COMMAND: POST /session/764ef295c8f44d2e14b184d73c4fb1a3/execute/async - {"script":"<script> [1562 bytes]","args":[{"selector":{"controlType":"sap.m.Button","viewName":"etm.portal.ui.managerequests.view.Detail","bindingPath":{"path":"/SmartRequestItemsPlanningBoard(ITEM=20m,REQUEST='20074')","propertyPath":"PICK_UP"}},"wdio_ui5_key":"etmportal.ui.managerequests.view.Detailsap.m.Button{\"path\":\"/SmartRequestItemsPlanningBoard(ITEM=20m,REQUEST='20074')\",\"propertyPath\":\"PICK_UP\"}"}]}
RESULT: {"script":"<script> [1562 bytes]","args":[{"selector":{"controlType":"sap.m.Button","viewName":"etm.portal.ui.managerequests.view.Detail","bindingPath":{"path":"/SmartRequestItemsPlanningBoard(ITEM=20m,REQUEST='20074')","propertyPath":"PICK_UP"}},"wdio_ui5_key":"etmportal.ui.managerequests.view.Detailsap.m.Button{\"path\":\"/SmartRequestItemsPlanningBoard(ITEM=20m,REQUEST='20074')\",\"propertyPath\":\"PICK_UP\"}"}]}
RESULT: undefined
COMMAND: POST /session/764ef295c8f44d2e14b184d73c4fb1a3/execute/async - {"script":"<script> [6424 bytes]","args":[{"element-6066-11e4-a52e-4f735466cecf":"f.809832546CBCDBCC14053EE8D21219E9.d.2E96D6DA16E9FCDB3C483F41E0F837E3.e.5387"},"getType",[]]}
RESULT: {"script":"<script> [6424 bytes]","args":[{"element-6066-11e4-a52e-4f735466cecf":"f.809832546CBCDBCC14053EE8D21219E9.d.2E96D6DA16E9FCDB3C483F41E0F837E3.e.5387"},"getType",[]]}
COMMAND: POST /session/764ef295c8f44d2e14b184d73c4fb1a3/execute/async - {"script":"<script> [1562 bytes]","args":[{"selector":{"id":"pickUpSwitchHeader","viewName":"etm.portal.ui.managerequests.view.Detail","interaction":{"idSuffix":"handle"}},"wdio_ui5_key":"pickUpSwitchHeaderetmportal.ui.managerequests.view.Detail"}]}
RESULT: {"script":"<script> [1562 bytes]","args":[{"selector":{"id":"pickUpSwitchHeader","viewName":"etm.portal.ui.managerequests.view.Detail","interaction":{"idSuffix":"handle"}},"wdio_ui5_key":"pickUpSwitchHeaderetmportal.ui.managerequests.view.Detail"}]}
RESULT: undefined
COMMAND: POST /session/764ef295c8f44d2e14b184d73c4fb1a3/element - {"using":"xpath","value":"//*[@id=\"__xmlview2--pickUpSwitchHeader\"]"}
RESULT: {"using":"xpath","value":"//*[@id=\"__xmlview2--pickUpSwitchHeader\"]"}
COMMAND: POST /session/764ef295c8f44d2e14b184d73c4fb1a3/element/f.809832546CBCDBCC14053EE8D21219E9.d.2E96D6DA16E9FCDB3C483F41E0F837E3.e.5339/click - {}
RESULT: {}
COMMAND: POST /session/764ef295c8f44d2e14b184d73c4fb1a3/execute/async - {"script":"<script> [1562 bytes]","args":[{"selector":{"controlType":"sap.ui.core.Icon","viewName":"etm.portal.ui.managerequests.view.Detail","properties":{"src":{"regex":{"source":"pushpin\\-off"}}}},"wdio_ui5_key":"etmportal.ui.managerequests.view.Detailsap.ui.core.Icon{\"src\":{\"regex\":{\"source\":\"pushpin\\\\-off\"}}}"}]}
COMMAND: GET /session/764ef295c8f44d2e14b184d73c4fb1a3/screenshot - {}
RESULT: {"script":"<script> [1562 bytes]","args":[{"selector":{"controlType":"sap.ui.core.Icon","viewName":"etm.portal.ui.managerequests.view.Detail","properties":{"src":{"regex":{"source":"pushpin\\-off"}}}},"wdio_ui5_key":"etmportal.ui.managerequests.view.Detailsap.ui.core.Icon{\"src\":{\"regex\":{\"source\":\"pushpin\\\\-off\"}}}"}]}
RESULT: undefined
COMMAND: POST /session/764ef295c8f44d2e14b184d73c4fb1a3/element - {"using":"xpath","value":"//*[@id=\"__xmlview2--detailRequestPage-OPHeaderContent-pinBtn-img\"]"}
RESULT: {}
RESULT: {"using":"xpath","value":"//*[@id=\"__xmlview2--detailRequestPage-OPHeaderContent-pinBtn-img\"]"}
COMMAND: POST /session/764ef295c8f44d2e14b184d73c4fb1a3/element/f.809832546CBCDBCC14053EE8D21219E9.d.2E96D6DA16E9FCDB3C483F41E0F837E3.e.5347/click - {}
RESULT: {}
RESULT: undefined
COMMAND: POST /session/764ef295c8f44d2e14b184d73c4fb1a3/execute/async - {"script":"<script> [6424 bytes]","args":[{"element-6066-11e4-a52e-4f735466cecf":"f.809832546CBCDBCC14053EE8D21219E9.d.2E96D6DA16E9FCDB3C483F41E0F837E3.e.5369"},"getType",[]]}
COMMAND: GET /session/764ef295c8f44d2e14b184d73c4fb1a3/screenshot - {}
RESULT: {"script":"<script> [6424 bytes]","args":[{"element-6066-11e4-a52e-4f735466cecf":"f.809832546CBCDBCC14053EE8D21219E9.d.2E96D6DA16E9FCDB3C483F41E0F837E3.e.5369"},"getType",[]]}
RESULT: undefined
COMMAND: POST /session/764ef295c8f44d2e14b184d73c4fb1a3/execute/async - {"script":"<script> [6424 bytes]","args":[{"element-6066-11e4-a52e-4f735466cecf":"f.809832546CBCDBCC14053EE8D21219E9.d.2E96D6DA16E9FCDB3C483F41E0F837E3.e.5387"},"getType",[]]}
RESULT: {}
RESULT: {"script":"<script> [6424 bytes]","args":[{"element-6066-11e4-a52e-4f735466cecf":"f.809832546CBCDBCC14053EE8D21219E9.d.2E96D6DA16E9FCDB3C483F41E0F837E3.e.5387"},"getType",[]]}
COMMAND: POST /session/764ef295c8f44d2e14b184d73c4fb1a3/execute/async - {"script":"<script> [1562 bytes]","args":[{"selector":{"controlType":"sap.ui.core.Icon","viewName":"etm.portal.ui.managerequests.view.Detail","properties":{"src":{"regex":{"source":"date\\-time"}}},"ancestor":{"controlType":"sap.m.ColumnListItem","viewName":"etm.portal.ui.managerequests.view.Detail","bindingPath":{"path":"/SmartRequestItemsPlanningBoard(ITEM=10m,REQUEST='20074')"},"ancestor":{"id":"requestItemsTable","viewName":"etm.portal.ui.managerequests.view.Detail"}}},"wdio_ui5_key":"etmportal.ui.managerequests.view.Detailsap.ui.core.Icon{\"src\":{\"regex\":{\"source\":\"date\\\\-time\"}}}{\"controlType\":\"sap.m.ColumnListItem\",\"viewName\":\"etm.portal.ui.managerequests.view.Detail\",\"bindingPath\":{\"path\":\"/SmartRequestItemsPlanningBoard(ITEM=10m,REQUEST='20074')\"},\"ancestor\":{\"id\":\"requestItemsTable\",\"viewName\":\"etm.portal.ui.managerequests.view.Detail\"}}"}]}
RESULT: {"script":"<script> [1562 bytes]","args":[{"selector":{"controlType":"sap.ui.core.Icon","viewName":"etm.portal.ui.managerequests.view.Detail","properties":{"src":{"regex":{"source":"date\\-time"}}},"ancestor":{"controlType":"sap.m.ColumnListItem","viewName":"etm.portal.ui.managerequests.view.Detail","bindingPath":{"path":"/SmartRequestItemsPlanningBoard(ITEM=10m,REQUEST='20074')"},"ancestor":{"id":"requestItemsTable","viewName":"etm.portal.ui.managerequests.view.Detail"}}},"wdio_ui5_key":"etmportal.ui.managerequests.view.Detailsap.ui.core.Icon{\"src\":{\"regex\":{\"source\":\"date\\\\-time\"}}}{\"controlType\":\"sap.m.ColumnListItem\",\"viewName\":\"etm.portal.ui.managerequests.view.Detail\",\"bindingPath\":{\"path\":\"/SmartRequestItemsPlanningBoard(ITEM=10m,REQUEST='20074')\"},\"ancestor\":{\"id\":\"requestItemsTable\",\"viewName\":\"etm.portal.ui.managerequests.view.Detail\"}}"}]}
RESULT: undefined
COMMAND: POST /session/764ef295c8f44d2e14b184d73c4fb1a3/element - {"using":"xpath","value":"//*[@id=\"__button37-__clone1926-img\"]"}
RESULT: {"using":"xpath","value":"//*[@id=\"__button37-__clone1926-img\"]"}
COMMAND: POST /session/764ef295c8f44d2e14b184d73c4fb1a3/element/f.809832546CBCDBCC14053EE8D21219E9.d.2E96D6DA16E9FCDB3C483F41E0F837E3.e.5394/click - {}
RESULT: {}
COMMAND: POST /session/764ef295c8f44d2e14b184d73c4fb1a3/execute/async - {"script":"<script> [1562 bytes]","args":[{"selector":{"controlType":"sap.m.Button","viewName":"etm.portal.ui.managerequests.view.Detail","properties":{"text":"Close"},"searchOpenDialogs":true,"interaction":{"idSuffix":"inner"}},"wdio_ui5_key":"etmportal.ui.managerequests.view.Detailsap.m.Button{\"text\":\"Close\"}"}]}
COMMAND: GET /session/764ef295c8f44d2e14b184d73c4fb1a3/screenshot - {}
RESULT: {"script":"<script> [1562 bytes]","args":[{"selector":{"controlType":"sap.m.Button","viewName":"etm.portal.ui.managerequests.view.Detail","properties":{"text":"Close"},"searchOpenDialogs":true,"interaction":{"idSuffix":"inner"}},"wdio_ui5_key":"etmportal.ui.managerequests.view.Detailsap.m.Button{\"text\":\"Close\"}"}]}
RESULT: undefined
COMMAND: POST /session/764ef295c8f44d2e14b184d73c4fb1a3/element - {"using":"xpath","value":"//*[@id=\"__button47\"]"}
RESULT: {}
RESULT: {"using":"xpath","value":"//*[@id=\"__button47\"]"}
COMMAND: POST /session/764ef295c8f44d2e14b184d73c4fb1a3/element/f.809832546CBCDBCC14053EE8D21219E9.d.2E96D6DA16E9FCDB3C483F41E0F837E3.e.5396/click - {}
RESULT: {}
COMMAND: POST /session/764ef295c8f44d2e14b184d73c4fb1a3/execute/async - {"script":"<script> [1562 bytes]","args":[{"selector":{"controlType":"sap.ui.core.Icon","viewName":"etm.portal.ui.managerequests.view.Detail","properties":{"src":{"regex":{"source":"date\\-time"}}},"ancestor":{"controlType":"sap.m.ColumnListItem","viewName":"etm.portal.ui.managerequests.view.Detail","bindingPath":{"path":"/SmartRequestItemsPlanningBoard(ITEM=20m,REQUEST='20074')"},"ancestor":{"id":"requestItemsTable","viewName":"etm.portal.ui.managerequests.view.Detail"}}},"wdio_ui5_key":"etmportal.ui.managerequests.view.Detailsap.ui.core.Icon{\"src\":{\"regex\":{\"source\":\"date\\\\-time\"}}}{\"controlType\":\"sap.m.ColumnListItem\",\"viewName\":\"etm.portal.ui.managerequests.view.Detail\",\"bindingPath\":{\"path\":\"/SmartRequestItemsPlanningBoard(ITEM=20m,REQUEST='20074')\"},\"ancestor\":{\"id\":\"requestItemsTable\",\"viewName\":\"etm.portal.ui.managerequests.view.Detail\"}}"}]}
COMMAND: GET /session/764ef295c8f44d2e14b184d73c4fb1a3/screenshot - {}
RESULT: {"script":"<script> [1562 bytes]","args":[{"selector":{"controlType":"sap.ui.core.Icon","viewName":"etm.portal.ui.managerequests.view.Detail","properties":{"src":{"regex":{"source":"date\\-time"}}},"ancestor":{"controlType":"sap.m.ColumnListItem","viewName":"etm.portal.ui.managerequests.view.Detail","bindingPath":{"path":"/SmartRequestItemsPlanningBoard(ITEM=20m,REQUEST='20074')"},"ancestor":{"id":"requestItemsTable","viewName":"etm.portal.ui.managerequests.view.Detail"}}},"wdio_ui5_key":"etmportal.ui.managerequests.view.Detailsap.ui.core.Icon{\"src\":{\"regex\":{\"source\":\"date\\\\-time\"}}}{\"controlType\":\"sap.m.ColumnListItem\",\"viewName\":\"etm.portal.ui.managerequests.view.Detail\",\"bindingPath\":{\"path\":\"/SmartRequestItemsPlanningBoard(ITEM=20m,REQUEST='20074')\"},\"ancestor\":{\"id\":\"requestItemsTable\",\"viewName\":\"etm.portal.ui.managerequests.view.Detail\"}}"}]}
RESULT: undefined
COMMAND: POST /session/764ef295c8f44d2e14b184d73c4fb1a3/element - {"using":"xpath","value":"//*[@id=\"__button37-__clone1927-img\"]"}
RESULT: {}
RESULT: {"using":"xpath","value":"//*[@id=\"__button37-__clone1927-img\"]"}
COMMAND: POST /session/764ef295c8f44d2e14b184d73c4fb1a3/element/f.809832546CBCDBCC14053EE8D21219E9.d.2E96D6DA16E9FCDB3C483F41E0F837E3.e.5402/click - {}
RESULT: {}
RESULT: undefined
COMMAND: POST /session/764ef295c8f44d2e14b184d73c4fb1a3/element - {"using":"xpath","value":"//*[@id=\"__button47\"]"}
COMMAND: GET /session/764ef295c8f44d2e14b184d73c4fb1a3/screenshot - {}
RESULT: {"using":"xpath","value":"//*[@id=\"__button47\"]"}
COMMAND: POST /session/764ef295c8f44d2e14b184d73c4fb1a3/elements - {"using":"xpath","value":"//*[@id=\"__button47\"]"}
RESULT: {}
RESULT: {"using":"xpath","value":"//*[@id=\"__button47\"]"}
COMMAND: POST /session/764ef295c8f44d2e14b184d73c4fb1a3/elements - {"using":"xpath","value":"//*[@id=\"__button47\"]"}
RESULT: {"using":"xpath","value":"//*[@id=\"__button47\"]"}
COMMAND: POST /session/764ef295c8f44d2e14b184d73c4fb1a3/element - {"using":"xpath","value":"//*[@id=\"__button47\"]"}
RESULT: {"using":"xpath","value":"//*[@id=\"__button47\"]"}
COMMAND: POST /session/764ef295c8f44d2e14b184d73c4fb1a3/element/f.809832546CBCDBCC14053EE8D21219E9.d.2E96D6DA16E9FCDB3C483F41E0F837E3.e.5406/click - {}
RESULT: {}
COMMAND: POST /session/764ef295c8f44d2e14b184d73c4fb1a3/execute/async - {"script":"<script> [189 bytes]","args":[]}
COMMAND: GET /session/764ef295c8f44d2e14b184d73c4fb1a3/screenshot - {}
RESULT: {"script":"<script> [189 bytes]","args":[]}
COMMAND: POST /session/764ef295c8f44d2e14b184d73c4fb1a3/execute/async - {"script":"<script> [123 bytes]","args":[]}
RESULT: {}
RESULT: {"script":"<script> [123 bytes]","args":[]}
COMMAND: POST /session/764ef295c8f44d2e14b184d73c4fb1a3/timeouts - {"script":"<number>"}
RESULT: {"script":"<number>"}
COMMAND: GET /session/764ef295c8f44d2e14b184d73c4fb1a3/timeouts - {}
RESULT: {}
RESULT: undefined
COMMAND: POST /session/764ef295c8f44d2e14b184d73c4fb1a3/execute/async - {"script":"<script> [2676 bytes]","args":[]}
RESULT: {"script":"<script> [2676 bytes]","args":[]}
COMMAND: POST /session/764ef295c8f44d2e14b184d73c4fb1a3/execute/async - {"script":"<script> [2342 bytes]","args":[{"protocol":"http","hostname":"0.0.0.0","path":"/","capabilities":{"browserName":"chrome","goog:chromeOptions":{"binary":"C:\\Program Files\\Google\\Chrome\\Application\\chrome.exe","args":["--start-maximized"]}},"logLevel":"warn","connectionRetryTimeout":120000,"connectionRetryCount":3,"logLevels":{},"enableDirectConnect":true,"strictSSL":true,"_":"65 more keys: [\"cacheDir\",\"port\",\"requestedCapabilities\",\"automationProtocol\",\"baseUrl\",\"waitforInterval\",\"waitforTimeout\",\"onReload\",\"beforeCommand\",\"afterCommand\",\"rootDir\",\"specs\",\"suites\",\"exclude\",\"groupLogsByTestSpec\",\"excludeDriverLogs\",\"bail\",\"framework\",\"reporters\",\"services\",\"maxInstances\",\"maxInstancesPerCapability\",\"injectGlobals\",\"filesToWatch\",\"execArgv\",\"runnerEnv\",\"runner\",\"shard\",\"specFileRetries\",\"specFileRetriesDelay\",\"specFileRetriesDeferred\",\"reporterSyncInterval\",\"reporterSyncTimeout\",\"cucumberFeaturesWithLineNumbers\",\"autoCompileOpts\",\"mochaOpts\",\"jasmineOpts\",\"cucumberOpts\",\"onPrepare\",\"onWorkerStart\",\"onWorkerEnd\",\"before\",\"beforeSession\",\"beforeSuite\",\"beforeHook\",\"beforeTest\",\"afterTest\",\"afterHook\",\"afterSuite\",\"afterSession\",\"after\",\"onComplete\",\"beforeAssertion\",\"afterAssertion\",\"beforeFeature\",\"beforeScenario\",\"beforeStep\",\"afterStep\",\"afterScenario\",\"afterFeature\",\"_\",\"suite\",\"$0\",\"ignoredWorkerServices\",\"wdi5\"]"}]}
RESULT: {"script":"<script> [2342 bytes]","args":[{"protocol":"http","hostname":"0.0.0.0","path":"/","capabilities":{"browserName":"chrome","goog:chromeOptions":{"binary":"C:\\Program Files\\Google\\Chrome\\Application\\chrome.exe","args":["--start-maximized"]}},"logLevel":"warn","connectionRetryTimeout":120000,"connectionRetryCount":3,"logLevels":{},"enableDirectConnect":true,"strictSSL":true,"_":"65 more keys: [\"cacheDir\",\"port\",\"requestedCapabilities\",\"automationProtocol\",\"baseUrl\",\"waitforInterval\",\"waitforTimeout\",\"onReload\",\"beforeCommand\",\"afterCommand\",\"rootDir\",\"specs\",\"suites\",\"exclude\",\"groupLogsByTestSpec\",\"excludeDriverLogs\",\"bail\",\"framework\",\"reporters\",\"services\",\"maxInstances\",\"maxInstancesPerCapability\",\"injectGlobals\",\"filesToWatch\",\"execArgv\",\"runnerEnv\",\"runner\",\"shard\",\"specFileRetries\",\"specFileRetriesDelay\",\"specFileRetriesDeferred\",\"reporterSyncInterval\",\"reporterSyncTimeout\",\"cucumberFeaturesWithLineNumbers\",\"autoCompileOpts\",\"mochaOpts\",\"jasmineOpts\",\"cucumberOpts\",\"onPrepare\",\"onWorkerStart\",\"onWorkerEnd\",\"before\",\"beforeSession\",\"beforeSuite\",\"beforeHook\",\"beforeTest\",\"afterTest\",\"afterHook\",\"afterSuite\",\"afterSession\",\"after\",\"onComplete\",\"beforeAssertion\",\"afterAssertion\",\"beforeFeature\",\"beforeScenario\",\"beforeStep\",\"afterStep\",\"afterScenario\",\"afterFeature\",\"_\",\"suite\",\"$0\",\"ignoredWorkerServices\",\"wdi5\"]"}]}
COMMAND: POST /session/764ef295c8f44d2e14b184d73c4fb1a3/execute/async - {"script":"<script> [21126 bytes]","args":[35000]}
RESULT: {"script":"<script> [21126 bytes]","args":[35000]}
COMMAND: POST /session/764ef295c8f44d2e14b184d73c4fb1a3/execute/async - {"script":"<script> [1562 bytes]","args":[{"selector":{"controlType":"sap.m.Button","viewName":"etm.portal.ui.managerequests.view.Detail","bindingPath":{"path":"/SmartRequestItemsPlanningBoard(ITEM=10m,REQUEST='20074')","propertyPath":"PICK_UP"}},"wdio_ui5_key":"etmportal.ui.managerequests.view.Detailsap.m.Button{\"path\":\"/SmartRequestItemsPlanningBoard(ITEM=10m,REQUEST='20074')\",\"propertyPath\":\"PICK_UP\"}"}]}
RESULT: {"script":"<script> [1562 bytes]","args":[{"selector":{"controlType":"sap.m.Button","viewName":"etm.portal.ui.managerequests.view.Detail","bindingPath":{"path":"/SmartRequestItemsPlanningBoard(ITEM=10m,REQUEST='20074')","propertyPath":"PICK_UP"}},"wdio_ui5_key":"etmportal.ui.managerequests.view.Detailsap.m.Button{\"path\":\"/SmartRequestItemsPlanningBoard(ITEM=10m,REQUEST='20074')\",\"propertyPath\":\"PICK_UP\"}"}]}
RESULT: undefined
COMMAND: POST /session/764ef295c8f44d2e14b184d73c4fb1a3/execute/async - {"script":"<script> [6424 bytes]","args":[{"element-6066-11e4-a52e-4f735466cecf":"f.809832546CBCDBCC14053EE8D21219E9.d.2E96D6DA16E9FCDB3C483F41E0F837E3.e.5369"},"getType",[]]}
RESULT: {"script":"<script> [6424 bytes]","args":[{"element-6066-11e4-a52e-4f735466cecf":"f.809832546CBCDBCC14053EE8D21219E9.d.2E96D6DA16E9FCDB3C483F41E0F837E3.e.5369"},"getType",[]]}
COMMAND: POST /session/764ef295c8f44d2e14b184d73c4fb1a3/execute/async - {"script":"<script> [1562 bytes]","args":[{"selector":{"controlType":"sap.m.Button","viewName":"etm.portal.ui.managerequests.view.Detail","bindingPath":{"path":"/SmartRequestItemsPlanningBoard(ITEM=20m,REQUEST='20074')","propertyPath":"PICK_UP"}},"wdio_ui5_key":"etmportal.ui.managerequests.view.Detailsap.m.Button{\"path\":\"/SmartRequestItemsPlanningBoard(ITEM=20m,REQUEST='20074')\",\"propertyPath\":\"PICK_UP\"}"}]}
RESULT: {"script":"<script> [1562 bytes]","args":[{"selector":{"controlType":"sap.m.Button","viewName":"etm.portal.ui.managerequests.view.Detail","bindingPath":{"path":"/SmartRequestItemsPlanningBoard(ITEM=20m,REQUEST='20074')","propertyPath":"PICK_UP"}},"wdio_ui5_key":"etmportal.ui.managerequests.view.Detailsap.m.Button{\"path\":\"/SmartRequestItemsPlanningBoard(ITEM=20m,REQUEST='20074')\",\"propertyPath\":\"PICK_UP\"}"}]}
RESULT: undefined
COMMAND: POST /session/764ef295c8f44d2e14b184d73c4fb1a3/execute/async - {"script":"<script> [6424 bytes]","args":[{"element-6066-11e4-a52e-4f735466cecf":"f.809832546CBCDBCC14053EE8D21219E9.d.2E96D6DA16E9FCDB3C483F41E0F837E3.e.5387"},"getType",[]]}
RESULT: {"script":"<script> [6424 bytes]","args":[{"element-6066-11e4-a52e-4f735466cecf":"f.809832546CBCDBCC14053EE8D21219E9.d.2E96D6DA16E9FCDB3C483F41E0F837E3.e.5387"},"getType",[]]}
]]></system-out>
    </testcase>
    <testcase classname="chrome.137_0_7151_69.windows.Manage_request_+_Contract_processing_pick_up_option_US120163_" name="Should Contract processing pick up option" time="187.191">
      <system-out><![CDATA[
COMMAND: POST /session/764ef295c8f44d2e14b184d73c4fb1a3/execute/async - {"script":"<script> [1562 bytes]","args":[{"selector":{"id":"requestContractNo","viewName":"etm.portal.ui.managerequests.view.Detail"},"wdio_ui5_key":"requestContractNoetmportal.ui.managerequests.view.Detail"}]}
RESULT: {"script":"<script> [1562 bytes]","args":[{"selector":{"id":"requestContractNo","viewName":"etm.portal.ui.managerequests.view.Detail"},"wdio_ui5_key":"requestContractNoetmportal.ui.managerequests.view.Detail"}]}
RESULT: undefined
COMMAND: POST /session/764ef295c8f44d2e14b184d73c4fb1a3/element - {"using":"xpath","value":"//*[@id=\"__xmlview2--requestContractNo\"]"}
RESULT: {"using":"xpath","value":"//*[@id=\"__xmlview2--requestContractNo\"]"}
COMMAND: POST /session/764ef295c8f44d2e14b184d73c4fb1a3/element/f.809832546CBCDBCC14053EE8D21219E9.d.2E96D6DA16E9FCDB3C483F41E0F837E3.e.5412/click - {}
RESULT: {}
COMMAND: POST /session/764ef295c8f44d2e14b184d73c4fb1a3/execute/async - {"script":"<script> [1562 bytes]","args":[{"selector":{"controlType":"sap.m.Link","viewName":"etm.portal.ui.managerequests.view.Detail","properties":{"text":"Contract Overview"},"searchOpenDialogs":true},"wdio_ui5_key":"etmportal.ui.managerequests.view.Detailsap.m.Link{\"text\":\"Contract Overview\"}"}]}
COMMAND: GET /session/764ef295c8f44d2e14b184d73c4fb1a3/screenshot - {}
RESULT: {"script":"<script> [1562 bytes]","args":[{"selector":{"controlType":"sap.m.Link","viewName":"etm.portal.ui.managerequests.view.Detail","properties":{"text":"Contract Overview"},"searchOpenDialogs":true},"wdio_ui5_key":"etmportal.ui.managerequests.view.Detailsap.m.Link{\"text\":\"Contract Overview\"}"}]}
RESULT: undefined
COMMAND: POST /session/764ef295c8f44d2e14b184d73c4fb1a3/element - {"using":"xpath","value":"//*[@id=\"__link8\"]"}
RESULT: {}
RESULT: {"using":"xpath","value":"//*[@id=\"__link8\"]"}
COMMAND: POST /session/764ef295c8f44d2e14b184d73c4fb1a3/element/f.809832546CBCDBCC14053EE8D21219E9.d.2E96D6DA16E9FCDB3C483F41E0F837E3.e.5414/click - {}
RESULT: {}
COMMAND: GET /session/764ef295c8f44d2e14b184d73c4fb1a3/screenshot - {}
RESULT: {}
COMMAND: POST /session/764ef295c8f44d2e14b184d73c4fb1a3/element - {"using":"xpath","value":"//div[contains(@id ,\"headerBillingItemsTabFilter-text\")]"}
RESULT: {"using":"xpath","value":"//div[contains(@id ,\"headerBillingItemsTabFilter-text\")]"}
COMMAND: POST /session/764ef295c8f44d2e14b184d73c4fb1a3/elements - {"using":"xpath","value":"//div[contains(@id ,\"headerBillingItemsTabFilter-text\")]"}
RESULT: {"using":"xpath","value":"//div[contains(@id ,\"headerBillingItemsTabFilter-text\")]"}
COMMAND: POST /session/764ef295c8f44d2e14b184d73c4fb1a3/elements - {"using":"xpath","value":"//div[contains(@id ,\"headerBillingItemsTabFilter-text\")]"}
RESULT: {"using":"xpath","value":"//div[contains(@id ,\"headerBillingItemsTabFilter-text\")]"}
COMMAND: POST /session/764ef295c8f44d2e14b184d73c4fb1a3/elements - {"using":"xpath","value":"//div[contains(@id ,\"headerBillingItemsTabFilter-text\")]"}
RESULT: {"using":"xpath","value":"//div[contains(@id ,\"headerBillingItemsTabFilter-text\")]"}
COMMAND: POST /session/764ef295c8f44d2e14b184d73c4fb1a3/element - {"using":"xpath","value":"//div[contains(@id ,\"headerBillingItemsTabFilter-text\")]"}
RESULT: {"using":"xpath","value":"//div[contains(@id ,\"headerBillingItemsTabFilter-text\")]"}
COMMAND: POST /session/764ef295c8f44d2e14b184d73c4fb1a3/element/f.809832546CBCDBCC14053EE8D21219E9.d.2E96D6DA16E9FCDB3C483F41E0F837E3.e.5512/click - {}
RESULT: {}
COMMAND: GET /session/764ef295c8f44d2e14b184d73c4fb1a3/screenshot - {}
RESULT: {}
COMMAND: POST /session/764ef295c8f44d2e14b184d73c4fb1a3/execute/async - {"script":"<script> [1562 bytes]","args":[{"selector":{"id":"addRequestItemBtn","viewName":"etm.portal.ui.managecontracts.view.Detail","interaction":{"idSuffix":"BDI-content"}},"wdio_ui5_key":"addRequestItemBtnetmportal.ui.managecontracts.view.Detail"}]}
RESULT: {"script":"<script> [1562 bytes]","args":[{"selector":{"id":"addRequestItemBtn","viewName":"etm.portal.ui.managecontracts.view.Detail","interaction":{"idSuffix":"BDI-content"}},"wdio_ui5_key":"addRequestItemBtnetmportal.ui.managecontracts.view.Detail"}]}
RESULT: undefined
COMMAND: POST /session/764ef295c8f44d2e14b184d73c4fb1a3/element - {"using":"xpath","value":"//*[@id=\"__xmlview4--addRequestItemBtn\"]"}
RESULT: {"using":"xpath","value":"//*[@id=\"__xmlview4--addRequestItemBtn\"]"}
COMMAND: POST /session/764ef295c8f44d2e14b184d73c4fb1a3/element/f.809832546CBCDBCC14053EE8D21219E9.d.2E96D6DA16E9FCDB3C483F41E0F837E3.e.5590/click - {}
RESULT: {}
COMMAND: GET /session/764ef295c8f44d2e14b184d73c4fb1a3/screenshot - {}
RESULT: {}
COMMAND: POST /session/764ef295c8f44d2e14b184d73c4fb1a3/element - {"using":"xpath","value":"//div[contains(@id ,\"popupRequestTable-sa-CbBg\")]"}
RESULT: {"using":"xpath","value":"//div[contains(@id ,\"popupRequestTable-sa-CbBg\")]"}
COMMAND: POST /session/764ef295c8f44d2e14b184d73c4fb1a3/element/f.809832546CBCDBCC14053EE8D21219E9.d.2E96D6DA16E9FCDB3C483F41E0F837E3.e.5611/click - {}
RESULT: {}
COMMAND: GET /session/764ef295c8f44d2e14b184d73c4fb1a3/screenshot - {}
RESULT: {}
COMMAND: POST /session/764ef295c8f44d2e14b184d73c4fb1a3/execute/async - {"script":"<script> [1562 bytes]","args":[{"selector":{"controlType":"sap.m.Button","viewName":"etm.portal.ui.managecontracts.view.Detail","i18NText":{"propertyName":"text","key":"selectionDone"},"searchOpenDialogs":true,"interaction":{"idSuffix":"content"}},"wdio_ui5_key":"etmportal.ui.managecontracts.view.Detailsap.m.Button{\"propertyName\":\"text\",\"key\":\"selectionDone\"}"}]}
RESULT: {"script":"<script> [1562 bytes]","args":[{"selector":{"controlType":"sap.m.Button","viewName":"etm.portal.ui.managecontracts.view.Detail","i18NText":{"propertyName":"text","key":"selectionDone"},"searchOpenDialogs":true,"interaction":{"idSuffix":"content"}},"wdio_ui5_key":"etmportal.ui.managecontracts.view.Detailsap.m.Button{\"propertyName\":\"text\",\"key\":\"selectionDone\"}"}]}
RESULT: undefined
COMMAND: POST /session/764ef295c8f44d2e14b184d73c4fb1a3/element - {"using":"xpath","value":"//*[@id=\"__button62\"]"}
RESULT: {"using":"xpath","value":"//*[@id=\"__button62\"]"}
COMMAND: POST /session/764ef295c8f44d2e14b184d73c4fb1a3/element/f.809832546CBCDBCC14053EE8D21219E9.d.2E96D6DA16E9FCDB3C483F41E0F837E3.e.5613/click - {}
RESULT: {}
COMMAND: POST /session/764ef295c8f44d2e14b184d73c4fb1a3/execute/async - {"script":"<script> [1562 bytes]","args":[{"selector":{"controlType":"sap.m.Button","properties":{"text":"OK"},"searchOpenDialogs":true,"interaction":{"idSuffix":"inner"}},"wdio_ui5_key":"sapm.Button{\"text\":\"OK\"}"}]}
COMMAND: GET /session/764ef295c8f44d2e14b184d73c4fb1a3/screenshot - {}
RESULT: {"script":"<script> [1562 bytes]","args":[{"selector":{"controlType":"sap.m.Button","properties":{"text":"OK"},"searchOpenDialogs":true,"interaction":{"idSuffix":"inner"}},"wdio_ui5_key":"sapm.Button{\"text\":\"OK\"}"}]}
RESULT: undefined
COMMAND: POST /session/764ef295c8f44d2e14b184d73c4fb1a3/element - {"using":"xpath","value":"//*[@id=\"__mbox-btn-1\"]"}
RESULT: {}
RESULT: {"using":"xpath","value":"//*[@id=\"__mbox-btn-1\"]"}
COMMAND: POST /session/764ef295c8f44d2e14b184d73c4fb1a3/element/f.809832546CBCDBCC14053EE8D21219E9.d.2E96D6DA16E9FCDB3C483F41E0F837E3.e.5614/click - {}
RESULT: {}
COMMAND: GET /session/764ef295c8f44d2e14b184d73c4fb1a3/screenshot - {}
RESULT: {}
COMMAND: POST /session/764ef295c8f44d2e14b184d73c4fb1a3/element - {"using":"xpath","value":"//div[contains(@id ,\"headerBillingItemsTabFilter-text\")]"}
RESULT: {"using":"xpath","value":"//div[contains(@id ,\"headerBillingItemsTabFilter-text\")]"}
COMMAND: POST /session/764ef295c8f44d2e14b184d73c4fb1a3/element/f.809832546CBCDBCC14053EE8D21219E9.d.2E96D6DA16E9FCDB3C483F41E0F837E3.e.5512/click - {}
RESULT: {}
COMMAND: GET /session/764ef295c8f44d2e14b184d73c4fb1a3/screenshot - {}
RESULT: {}
COMMAND: POST /session/764ef295c8f44d2e14b184d73c4fb1a3/element - {"using":"xpath","value":"//button[contains(@data-kt ,\"refreshButton\")]"}
RESULT: {"using":"xpath","value":"//button[contains(@data-kt ,\"refreshButton\")]"}
COMMAND: POST /session/764ef295c8f44d2e14b184d73c4fb1a3/element/f.809832546CBCDBCC14053EE8D21219E9.d.2E96D6DA16E9FCDB3C483F41E0F837E3.e.5628/click - {}
RESULT: {}
COMMAND: GET /session/764ef295c8f44d2e14b184d73c4fb1a3/screenshot - {}
RESULT: {}
COMMAND: POST /session/764ef295c8f44d2e14b184d73c4fb1a3/element - {"using":"xpath","value":"//div[contains(@id ,\"headerBillingItemsTabFilter-text\")]"}
RESULT: {"using":"xpath","value":"//div[contains(@id ,\"headerBillingItemsTabFilter-text\")]"}
COMMAND: POST /session/764ef295c8f44d2e14b184d73c4fb1a3/element/f.809832546CBCDBCC14053EE8D21219E9.d.2E96D6DA16E9FCDB3C483F41E0F837E3.e.5512/click - {}
RESULT: {}
COMMAND: GET /session/764ef295c8f44d2e14b184d73c4fb1a3/screenshot - {}
RESULT: {}
COMMAND: POST /session/764ef295c8f44d2e14b184d73c4fb1a3/execute/async - {"script":"<script> [1562 bytes]","args":[{"selector":{"id":"contractDetailProvideButton","viewName":"etm.portal.ui.managecontracts.view.Detail","interaction":{"idSuffix":"BDI-content"}},"wdio_ui5_key":"contractDetailProvideButtonetmportal.ui.managecontracts.view.Detail"}]}
RESULT: {"script":"<script> [1562 bytes]","args":[{"selector":{"id":"contractDetailProvideButton","viewName":"etm.portal.ui.managecontracts.view.Detail","interaction":{"idSuffix":"BDI-content"}},"wdio_ui5_key":"contractDetailProvideButtonetmportal.ui.managecontracts.view.Detail"}]}
RESULT: undefined
COMMAND: POST /session/764ef295c8f44d2e14b184d73c4fb1a3/element - {"using":"xpath","value":"//*[@id=\"__xmlview4--contractDetailProvideButton\"]"}
RESULT: {"using":"xpath","value":"//*[@id=\"__xmlview4--contractDetailProvideButton\"]"}
COMMAND: POST /session/764ef295c8f44d2e14b184d73c4fb1a3/element/f.809832546CBCDBCC14053EE8D21219E9.d.2E96D6DA16E9FCDB3C483F41E0F837E3.e.5636/click - {}
RESULT: {}
COMMAND: GET /session/764ef295c8f44d2e14b184d73c4fb1a3/screenshot - {}
RESULT: {}
COMMAND: POST /session/764ef295c8f44d2e14b184d73c4fb1a3/execute/async - {"script":"<script> [1562 bytes]","args":[{"selector":{"id":"application-managehandovers-display-component---AddNewHO--pickUpCheckbox","interaction":{"idSuffix":"CbBg"}},"wdio_ui5_key":"applicationmanagehandovers-display-component---AddNewHO--pickUpCheckbox"}]}
RESULT: {"script":"<script> [1562 bytes]","args":[{"selector":{"id":"application-managehandovers-display-component---AddNewHO--pickUpCheckbox","interaction":{"idSuffix":"CbBg"}},"wdio_ui5_key":"applicationmanagehandovers-display-component---AddNewHO--pickUpCheckbox"}]}
RESULT: undefined
COMMAND: POST /session/764ef295c8f44d2e14b184d73c4fb1a3/element - {"using":"xpath","value":"//*[@id=\"application-managehandovers-display-component---AddNewHO--pickUpCheckbox\"]"}
RESULT: {"using":"xpath","value":"//*[@id=\"application-managehandovers-display-component---AddNewHO--pickUpCheckbox\"]"}
COMMAND: POST /session/764ef295c8f44d2e14b184d73c4fb1a3/element/f.809832546CBCDBCC14053EE8D21219E9.d.2E96D6DA16E9FCDB3C483F41E0F837E3.e.5796/click - {}
RESULT: {}
COMMAND: POST /session/764ef295c8f44d2e14b184d73c4fb1a3/execute/async - {"script":"<script> [1562 bytes]","args":[{"selector":{"id":"application-managehandovers-display-component---AddNewHO--ObjectPageLayout-anchBar-application-managehandovers-display-component---AddNewHO--section4-anchor","interaction":{"idSuffix":"content"}},"wdio_ui5_key":"applicationmanagehandovers-display-component---AddNewHO--ObjectPageLayout-anchBar-application-managehandovers-display-component---AddNewHO--section4-anchor"}]}
COMMAND: GET /session/764ef295c8f44d2e14b184d73c4fb1a3/screenshot - {}
RESULT: {"script":"<script> [1562 bytes]","args":[{"selector":{"id":"application-managehandovers-display-component---AddNewHO--ObjectPageLayout-anchBar-application-managehandovers-display-component---AddNewHO--section4-anchor","interaction":{"idSuffix":"content"}},"wdio_ui5_key":"applicationmanagehandovers-display-component---AddNewHO--ObjectPageLayout-anchBar-application-managehandovers-display-component---AddNewHO--section4-anchor"}]}
RESULT: undefined
COMMAND: POST /session/764ef295c8f44d2e14b184d73c4fb1a3/element - {"using":"xpath","value":"//*[@id=\"application-managehandovers-display-component---AddNewHO--ObjectPageLayout-anchBar-application-managehandovers-display-component---AddNewHO--section4-anchor\"]"}
RESULT: {}
RESULT: {"using":"xpath","value":"//*[@id=\"application-managehandovers-display-component---AddNewHO--ObjectPageLayout-anchBar-application-managehandovers-display-component---AddNewHO--section4-anchor\"]"}
COMMAND: POST /session/764ef295c8f44d2e14b184d73c4fb1a3/element/f.809832546CBCDBCC14053EE8D21219E9.d.2E96D6DA16E9FCDB3C483F41E0F837E3.e.5800/click - {}
RESULT: {}
COMMAND: POST /session/764ef295c8f44d2e14b184d73c4fb1a3/execute/async - {"script":"<script> [1562 bytes]","args":[{"selector":{"controlType":"sap.m.Button","viewName":"etm.portal.ui.managehandovers.view.AddNewHO","viewId":"application-managehandovers-display-component---AddNewHO","i18NText":{"propertyName":"tooltip","key":"addItems"},"interaction":{"idSuffix":"inner"}},"wdio_ui5_key":"etmportal.ui.managehandovers.view.AddNewHOsap.m.Button{\"propertyName\":\"tooltip\",\"key\":\"addItems\"}"}]}
COMMAND: GET /session/764ef295c8f44d2e14b184d73c4fb1a3/screenshot - {}
RESULT: {}
RESULT: {"script":"<script> [1562 bytes]","args":[{"selector":{"controlType":"sap.m.Button","viewName":"etm.portal.ui.managehandovers.view.AddNewHO","viewId":"application-managehandovers-display-component---AddNewHO","i18NText":{"propertyName":"tooltip","key":"addItems"},"interaction":{"idSuffix":"inner"}},"wdio_ui5_key":"etmportal.ui.managehandovers.view.AddNewHOsap.m.Button{\"propertyName\":\"tooltip\",\"key\":\"addItems\"}"}]}
RESULT: undefined
COMMAND: POST /session/764ef295c8f44d2e14b184d73c4fb1a3/element - {"using":"xpath","value":"//*[@id=\"__button79\"]"}
RESULT: {"using":"xpath","value":"//*[@id=\"__button79\"]"}
COMMAND: POST /session/764ef295c8f44d2e14b184d73c4fb1a3/element/f.809832546CBCDBCC14053EE8D21219E9.d.2E96D6DA16E9FCDB3C483F41E0F837E3.e.5804/click - {}
RESULT: {}
COMMAND: POST /session/764ef295c8f44d2e14b184d73c4fb1a3/execute/async - {"script":"<script> [1562 bytes]","args":[{"selector":{"id":"application-managehandovers-display-component---AddNewHO--smartTableHOPopup-header","searchOpenDialogs":true},"wdio_ui5_key":"applicationmanagehandovers-display-component---AddNewHO--smartTableHOPopup-header"}]}
COMMAND: GET /session/764ef295c8f44d2e14b184d73c4fb1a3/screenshot - {}
RESULT: {"script":"<script> [1562 bytes]","args":[{"selector":{"id":"application-managehandovers-display-component---AddNewHO--smartTableHOPopup-header","searchOpenDialogs":true},"wdio_ui5_key":"applicationmanagehandovers-display-component---AddNewHO--smartTableHOPopup-header"}]}
RESULT: undefined
COMMAND: POST /session/764ef295c8f44d2e14b184d73c4fb1a3/execute/async - {"script":"<script> [6424 bytes]","args":[{"element-6066-11e4-a52e-4f735466cecf":"f.809832546CBCDBCC14053EE8D21219E9.d.2E96D6DA16E9FCDB3C483F41E0F837E3.e.5819"},"getText",[]]}
RESULT: {}
RESULT: {"script":"<script> [6424 bytes]","args":[{"element-6066-11e4-a52e-4f735466cecf":"f.809832546CBCDBCC14053EE8D21219E9.d.2E96D6DA16E9FCDB3C483F41E0F837E3.e.5819"},"getText",[]]}
COMMAND: POST /session/764ef295c8f44d2e14b184d73c4fb1a3/actions - {"actions":[{"id":"action44","type":"key","parameters":{},"actions":[{"type":"keyDown","value":""},{"type":"pause","duration":10},{"type":"keyUp","value":""}]}]}
RESULT: {"actions":[{"id":"action44","type":"key","parameters":{},"actions":[{"type":"keyDown","value":""},{"type":"pause","duration":10},{"type":"keyUp","value":""}]}]}
COMMAND: GET /session/764ef295c8f44d2e14b184d73c4fb1a3/screenshot - {}
RESULT: {}
COMMAND: POST /session/764ef295c8f44d2e14b184d73c4fb1a3/execute/async - {"script":"<script> [1562 bytes]","args":[{"selector":{"id":"backBtn"},"wdio_ui5_key":"backBtn"}]}
RESULT: {"script":"<script> [1562 bytes]","args":[{"selector":{"id":"backBtn"},"wdio_ui5_key":"backBtn"}]}
RESULT: undefined
COMMAND: POST /session/764ef295c8f44d2e14b184d73c4fb1a3/element - {"using":"xpath","value":"//*[@id=\"backBtn\"]"}
RESULT: {"using":"xpath","value":"//*[@id=\"backBtn\"]"}
COMMAND: POST /session/764ef295c8f44d2e14b184d73c4fb1a3/element/f.809832546CBCDBCC14053EE8D21219E9.d.2E96D6DA16E9FCDB3C483F41E0F837E3.e.5821/click - {}
RESULT: {}
COMMAND: GET /session/764ef295c8f44d2e14b184d73c4fb1a3/screenshot - {}
RESULT: {}
COMMAND: POST /session/764ef295c8f44d2e14b184d73c4fb1a3/refresh - {}
RESULT: {}
COMMAND: GET /session/764ef295c8f44d2e14b184d73c4fb1a3/screenshot - {}
RESULT: {}
COMMAND: POST /session/764ef295c8f44d2e14b184d73c4fb1a3/execute/async - {"script":"<script> [189 bytes]","args":[]}
RESULT: {"script":"<script> [189 bytes]","args":[]}
COMMAND: POST /session/764ef295c8f44d2e14b184d73c4fb1a3/execute/async - {"script":"<script> [123 bytes]","args":[]}
RESULT: {"script":"<script> [123 bytes]","args":[]}
COMMAND: POST /session/764ef295c8f44d2e14b184d73c4fb1a3/timeouts - {"script":"<number>"}
RESULT: {"script":"<number>"}
COMMAND: GET /session/764ef295c8f44d2e14b184d73c4fb1a3/timeouts - {}
RESULT: {}
RESULT: undefined
COMMAND: POST /session/764ef295c8f44d2e14b184d73c4fb1a3/execute/async - {"script":"<script> [2676 bytes]","args":[]}
RESULT: {"script":"<script> [2676 bytes]","args":[]}
COMMAND: POST /session/764ef295c8f44d2e14b184d73c4fb1a3/execute/async - {"script":"<script> [2342 bytes]","args":[{"protocol":"http","hostname":"0.0.0.0","path":"/","capabilities":{"browserName":"chrome","goog:chromeOptions":{"binary":"C:\\Program Files\\Google\\Chrome\\Application\\chrome.exe","args":["--start-maximized"]}},"logLevel":"warn","connectionRetryTimeout":120000,"connectionRetryCount":3,"logLevels":{},"enableDirectConnect":true,"strictSSL":true,"_":"65 more keys: [\"cacheDir\",\"port\",\"requestedCapabilities\",\"automationProtocol\",\"baseUrl\",\"waitforInterval\",\"waitforTimeout\",\"onReload\",\"beforeCommand\",\"afterCommand\",\"rootDir\",\"specs\",\"suites\",\"exclude\",\"groupLogsByTestSpec\",\"excludeDriverLogs\",\"bail\",\"framework\",\"reporters\",\"services\",\"maxInstances\",\"maxInstancesPerCapability\",\"injectGlobals\",\"filesToWatch\",\"execArgv\",\"runnerEnv\",\"runner\",\"shard\",\"specFileRetries\",\"specFileRetriesDelay\",\"specFileRetriesDeferred\",\"reporterSyncInterval\",\"reporterSyncTimeout\",\"cucumberFeaturesWithLineNumbers\",\"autoCompileOpts\",\"mochaOpts\",\"jasmineOpts\",\"cucumberOpts\",\"onPrepare\",\"onWorkerStart\",\"onWorkerEnd\",\"before\",\"beforeSession\",\"beforeSuite\",\"beforeHook\",\"beforeTest\",\"afterTest\",\"afterHook\",\"afterSuite\",\"afterSession\",\"after\",\"onComplete\",\"beforeAssertion\",\"afterAssertion\",\"beforeFeature\",\"beforeScenario\",\"beforeStep\",\"afterStep\",\"afterScenario\",\"afterFeature\",\"_\",\"suite\",\"$0\",\"ignoredWorkerServices\",\"wdi5\"]"}]}
RESULT: {"script":"<script> [2342 bytes]","args":[{"protocol":"http","hostname":"0.0.0.0","path":"/","capabilities":{"browserName":"chrome","goog:chromeOptions":{"binary":"C:\\Program Files\\Google\\Chrome\\Application\\chrome.exe","args":["--start-maximized"]}},"logLevel":"warn","connectionRetryTimeout":120000,"connectionRetryCount":3,"logLevels":{},"enableDirectConnect":true,"strictSSL":true,"_":"65 more keys: [\"cacheDir\",\"port\",\"requestedCapabilities\",\"automationProtocol\",\"baseUrl\",\"waitforInterval\",\"waitforTimeout\",\"onReload\",\"beforeCommand\",\"afterCommand\",\"rootDir\",\"specs\",\"suites\",\"exclude\",\"groupLogsByTestSpec\",\"excludeDriverLogs\",\"bail\",\"framework\",\"reporters\",\"services\",\"maxInstances\",\"maxInstancesPerCapability\",\"injectGlobals\",\"filesToWatch\",\"execArgv\",\"runnerEnv\",\"runner\",\"shard\",\"specFileRetries\",\"specFileRetriesDelay\",\"specFileRetriesDeferred\",\"reporterSyncInterval\",\"reporterSyncTimeout\",\"cucumberFeaturesWithLineNumbers\",\"autoCompileOpts\",\"mochaOpts\",\"jasmineOpts\",\"cucumberOpts\",\"onPrepare\",\"onWorkerStart\",\"onWorkerEnd\",\"before\",\"beforeSession\",\"beforeSuite\",\"beforeHook\",\"beforeTest\",\"afterTest\",\"afterHook\",\"afterSuite\",\"afterSession\",\"after\",\"onComplete\",\"beforeAssertion\",\"afterAssertion\",\"beforeFeature\",\"beforeScenario\",\"beforeStep\",\"afterStep\",\"afterScenario\",\"afterFeature\",\"_\",\"suite\",\"$0\",\"ignoredWorkerServices\",\"wdi5\"]"}]}
COMMAND: POST /session/764ef295c8f44d2e14b184d73c4fb1a3/execute/async - {"script":"<script> [21126 bytes]","args":[35000]}
RESULT: {"script":"<script> [21126 bytes]","args":[35000]}
COMMAND: POST /session/764ef295c8f44d2e14b184d73c4fb1a3/element - {"using":"xpath","value":"//div[contains(@id ,\"headerBillingItemsTabFilter-text\")]"}
RESULT: {"using":"xpath","value":"//div[contains(@id ,\"headerBillingItemsTabFilter-text\")]"}
COMMAND: POST /session/764ef295c8f44d2e14b184d73c4fb1a3/element/f.809832546CBCDBCC14053EE8D21219E9.d.65150863B2AD83C665B7D9C522A61169.e.6072/click - {}
RESULT: {}
COMMAND: GET /session/764ef295c8f44d2e14b184d73c4fb1a3/screenshot - {}
RESULT: {}
COMMAND: POST /session/764ef295c8f44d2e14b184d73c4fb1a3/execute/async - {"script":"<script> [1562 bytes]","args":[{"selector":{"id":"revertPlanningBtn","viewName":"etm.portal.ui.managecontracts.view.Detail","interaction":{"idSuffix":"BDI-content"}},"wdio_ui5_key":"revertPlanningBtnetmportal.ui.managecontracts.view.Detail"}]}
RESULT: {"script":"<script> [1562 bytes]","args":[{"selector":{"id":"revertPlanningBtn","viewName":"etm.portal.ui.managecontracts.view.Detail","interaction":{"idSuffix":"BDI-content"}},"wdio_ui5_key":"revertPlanningBtnetmportal.ui.managecontracts.view.Detail"}]}
RESULT: undefined
COMMAND: POST /session/764ef295c8f44d2e14b184d73c4fb1a3/element - {"using":"xpath","value":"//*[@id=\"__xmlview1--revertPlanningBtn\"]"}
RESULT: {"using":"xpath","value":"//*[@id=\"__xmlview1--revertPlanningBtn\"]"}
COMMAND: POST /session/764ef295c8f44d2e14b184d73c4fb1a3/element/f.809832546CBCDBCC14053EE8D21219E9.d.65150863B2AD83C665B7D9C522A61169.e.5961/click - {}
RESULT: {}
COMMAND: GET /session/764ef295c8f44d2e14b184d73c4fb1a3/screenshot - {}
RESULT: {}
COMMAND: POST /session/764ef295c8f44d2e14b184d73c4fb1a3/actions - {"actions":[{"id":"action45","type":"key","parameters":{},"actions":[{"type":"keyDown","value":""},{"type":"pause","duration":10},{"type":"keyUp","value":""}]}]}
RESULT: {"actions":[{"id":"action45","type":"key","parameters":{},"actions":[{"type":"keyDown","value":""},{"type":"pause","duration":10},{"type":"keyUp","value":""}]}]}
COMMAND: GET /session/764ef295c8f44d2e14b184d73c4fb1a3/screenshot - {}
RESULT: {}
COMMAND: POST /session/764ef295c8f44d2e14b184d73c4fb1a3/element - {"using":"xpath","value":"//div[contains(@id ,\"ProductsTable-sa-CbBg\")]"}
RESULT: {"using":"xpath","value":"//div[contains(@id ,\"ProductsTable-sa-CbBg\")]"}
COMMAND: POST /session/764ef295c8f44d2e14b184d73c4fb1a3/element/f.809832546CBCDBCC14053EE8D21219E9.d.65150863B2AD83C665B7D9C522A61169.e.6122/click - {}
RESULT: {}
COMMAND: GET /session/764ef295c8f44d2e14b184d73c4fb1a3/screenshot - {}
RESULT: {}
COMMAND: POST /session/764ef295c8f44d2e14b184d73c4fb1a3/execute/async - {"script":"<script> [1562 bytes]","args":[{"selector":{"id":"executeRevertPlanningBtn","viewName":"etm.portal.ui.managecontracts.view.Detail","interaction":{"idSuffix":"BDI-content"}},"wdio_ui5_key":"executeRevertPlanningBtnetmportal.ui.managecontracts.view.Detail"}]}
RESULT: {"script":"<script> [1562 bytes]","args":[{"selector":{"id":"executeRevertPlanningBtn","viewName":"etm.portal.ui.managecontracts.view.Detail","interaction":{"idSuffix":"BDI-content"}},"wdio_ui5_key":"executeRevertPlanningBtnetmportal.ui.managecontracts.view.Detail"}]}
RESULT: undefined
COMMAND: POST /session/764ef295c8f44d2e14b184d73c4fb1a3/element - {"using":"xpath","value":"//*[@id=\"__xmlview1--executeRevertPlanningBtn\"]"}
RESULT: {"using":"xpath","value":"//*[@id=\"__xmlview1--executeRevertPlanningBtn\"]"}
COMMAND: POST /session/764ef295c8f44d2e14b184d73c4fb1a3/element/f.809832546CBCDBCC14053EE8D21219E9.d.65150863B2AD83C665B7D9C522A61169.e.6121/click - {}
RESULT: {}
COMMAND: GET /session/764ef295c8f44d2e14b184d73c4fb1a3/screenshot - {}
RESULT: {}
COMMAND: POST /session/764ef295c8f44d2e14b184d73c4fb1a3/actions - {"actions":[{"id":"action46","type":"key","parameters":{},"actions":[{"type":"keyDown","value":""},{"type":"pause","duration":10},{"type":"keyUp","value":""}]}]}
RESULT: {"actions":[{"id":"action46","type":"key","parameters":{},"actions":[{"type":"keyDown","value":""},{"type":"pause","duration":10},{"type":"keyUp","value":""}]}]}
COMMAND: POST /session/764ef295c8f44d2e14b184d73c4fb1a3/execute/async - {"script":"<script> [1562 bytes]","args":[{"selector":{"id":"backBtn"},"wdio_ui5_key":"backBtn"}]}
COMMAND: GET /session/764ef295c8f44d2e14b184d73c4fb1a3/screenshot - {}
RESULT: {"script":"<script> [1562 bytes]","args":[{"selector":{"id":"backBtn"},"wdio_ui5_key":"backBtn"}]}
RESULT: undefined
COMMAND: POST /session/764ef295c8f44d2e14b184d73c4fb1a3/element - {"using":"xpath","value":"//*[@id=\"backBtn\"]"}
RESULT: {}
RESULT: {"using":"xpath","value":"//*[@id=\"backBtn\"]"}
COMMAND: POST /session/764ef295c8f44d2e14b184d73c4fb1a3/element/f.809832546CBCDBCC14053EE8D21219E9.d.65150863B2AD83C665B7D9C522A61169.e.6134/click - {}
RESULT: {}
COMMAND: GET /session/764ef295c8f44d2e14b184d73c4fb1a3/screenshot - {}
COMMAND: POST /session/764ef295c8f44d2e14b184d73c4fb1a3/refresh - {}
RESULT: {}
RESULT: {}
COMMAND: GET /session/764ef295c8f44d2e14b184d73c4fb1a3/screenshot - {}
RESULT: {}
COMMAND: POST /session/764ef295c8f44d2e14b184d73c4fb1a3/execute/async - {"script":"<script> [189 bytes]","args":[]}
RESULT: {"script":"<script> [189 bytes]","args":[]}
COMMAND: POST /session/764ef295c8f44d2e14b184d73c4fb1a3/execute/async - {"script":"<script> [123 bytes]","args":[]}
RESULT: {"script":"<script> [123 bytes]","args":[]}
COMMAND: POST /session/764ef295c8f44d2e14b184d73c4fb1a3/timeouts - {"script":"<number>"}
RESULT: {"script":"<number>"}
COMMAND: GET /session/764ef295c8f44d2e14b184d73c4fb1a3/timeouts - {}
RESULT: {}
RESULT: undefined
COMMAND: POST /session/764ef295c8f44d2e14b184d73c4fb1a3/execute/async - {"script":"<script> [2676 bytes]","args":[]}
RESULT: {"script":"<script> [2676 bytes]","args":[]}
COMMAND: POST /session/764ef295c8f44d2e14b184d73c4fb1a3/execute/async - {"script":"<script> [2342 bytes]","args":[{"protocol":"http","hostname":"0.0.0.0","path":"/","capabilities":{"browserName":"chrome","goog:chromeOptions":{"binary":"C:\\Program Files\\Google\\Chrome\\Application\\chrome.exe","args":["--start-maximized"]}},"logLevel":"warn","connectionRetryTimeout":120000,"connectionRetryCount":3,"logLevels":{},"enableDirectConnect":true,"strictSSL":true,"_":"65 more keys: [\"cacheDir\",\"port\",\"requestedCapabilities\",\"automationProtocol\",\"baseUrl\",\"waitforInterval\",\"waitforTimeout\",\"onReload\",\"beforeCommand\",\"afterCommand\",\"rootDir\",\"specs\",\"suites\",\"exclude\",\"groupLogsByTestSpec\",\"excludeDriverLogs\",\"bail\",\"framework\",\"reporters\",\"services\",\"maxInstances\",\"maxInstancesPerCapability\",\"injectGlobals\",\"filesToWatch\",\"execArgv\",\"runnerEnv\",\"runner\",\"shard\",\"specFileRetries\",\"specFileRetriesDelay\",\"specFileRetriesDeferred\",\"reporterSyncInterval\",\"reporterSyncTimeout\",\"cucumberFeaturesWithLineNumbers\",\"autoCompileOpts\",\"mochaOpts\",\"jasmineOpts\",\"cucumberOpts\",\"onPrepare\",\"onWorkerStart\",\"onWorkerEnd\",\"before\",\"beforeSession\",\"beforeSuite\",\"beforeHook\",\"beforeTest\",\"afterTest\",\"afterHook\",\"afterSuite\",\"afterSession\",\"after\",\"onComplete\",\"beforeAssertion\",\"afterAssertion\",\"beforeFeature\",\"beforeScenario\",\"beforeStep\",\"afterStep\",\"afterScenario\",\"afterFeature\",\"_\",\"suite\",\"$0\",\"ignoredWorkerServices\",\"wdi5\"]"}]}
RESULT: {"script":"<script> [2342 bytes]","args":[{"protocol":"http","hostname":"0.0.0.0","path":"/","capabilities":{"browserName":"chrome","goog:chromeOptions":{"binary":"C:\\Program Files\\Google\\Chrome\\Application\\chrome.exe","args":["--start-maximized"]}},"logLevel":"warn","connectionRetryTimeout":120000,"connectionRetryCount":3,"logLevels":{},"enableDirectConnect":true,"strictSSL":true,"_":"65 more keys: [\"cacheDir\",\"port\",\"requestedCapabilities\",\"automationProtocol\",\"baseUrl\",\"waitforInterval\",\"waitforTimeout\",\"onReload\",\"beforeCommand\",\"afterCommand\",\"rootDir\",\"specs\",\"suites\",\"exclude\",\"groupLogsByTestSpec\",\"excludeDriverLogs\",\"bail\",\"framework\",\"reporters\",\"services\",\"maxInstances\",\"maxInstancesPerCapability\",\"injectGlobals\",\"filesToWatch\",\"execArgv\",\"runnerEnv\",\"runner\",\"shard\",\"specFileRetries\",\"specFileRetriesDelay\",\"specFileRetriesDeferred\",\"reporterSyncInterval\",\"reporterSyncTimeout\",\"cucumberFeaturesWithLineNumbers\",\"autoCompileOpts\",\"mochaOpts\",\"jasmineOpts\",\"cucumberOpts\",\"onPrepare\",\"onWorkerStart\",\"onWorkerEnd\",\"before\",\"beforeSession\",\"beforeSuite\",\"beforeHook\",\"beforeTest\",\"afterTest\",\"afterHook\",\"afterSuite\",\"afterSession\",\"after\",\"onComplete\",\"beforeAssertion\",\"afterAssertion\",\"beforeFeature\",\"beforeScenario\",\"beforeStep\",\"afterStep\",\"afterScenario\",\"afterFeature\",\"_\",\"suite\",\"$0\",\"ignoredWorkerServices\",\"wdi5\"]"}]}
COMMAND: POST /session/764ef295c8f44d2e14b184d73c4fb1a3/execute/async - {"script":"<script> [21126 bytes]","args":[35000]}
RESULT: {"script":"<script> [21126 bytes]","args":[35000]}
COMMAND: POST /session/764ef295c8f44d2e14b184d73c4fb1a3/execute/async - {"script":"<script> [1562 bytes]","args":[{"selector":{"controlType":"sap.m.ObjectStatus","viewName":"etm.portal.ui.managerequests.view.Detail","bindingPath":{"path":"/RequestHeaders('20074')","propertyPath":"LINK_TO_STATUS/DESCRIPTION","modelName":"catalogModel"}},"wdio_ui5_key":"etmportal.ui.managerequests.view.Detailsap.m.ObjectStatus{\"path\":\"/RequestHeaders('20074')\",\"propertyPath\":\"LINK_TO_STATUS/DESCRIPTION\",\"modelName\":\"catalogModel\"}"}]}
RESULT: {"script":"<script> [1562 bytes]","args":[{"selector":{"controlType":"sap.m.ObjectStatus","viewName":"etm.portal.ui.managerequests.view.Detail","bindingPath":{"path":"/RequestHeaders('20074')","propertyPath":"LINK_TO_STATUS/DESCRIPTION","modelName":"catalogModel"}},"wdio_ui5_key":"etmportal.ui.managerequests.view.Detailsap.m.ObjectStatus{\"path\":\"/RequestHeaders('20074')\",\"propertyPath\":\"LINK_TO_STATUS/DESCRIPTION\",\"modelName\":\"catalogModel\"}"}]}
RESULT: undefined
COMMAND: POST /session/764ef295c8f44d2e14b184d73c4fb1a3/execute/async - {"script":"<script> [6424 bytes]","args":[{"element-6066-11e4-a52e-4f735466cecf":"f.809832546CBCDBCC14053EE8D21219E9.d.7DE7856615BF04A3FA3D959B49BE036B.e.6433"},"getText",[]]}
RESULT: {"script":"<script> [6424 bytes]","args":[{"element-6066-11e4-a52e-4f735466cecf":"f.809832546CBCDBCC14053EE8D21219E9.d.7DE7856615BF04A3FA3D959B49BE036B.e.6433"},"getText",[]]}
COMMAND: POST /session/764ef295c8f44d2e14b184d73c4fb1a3/execute/async - {"script":"<script> [1562 bytes]","args":[{"selector":{"controlType":"sap.m.Button","viewName":"etm.portal.ui.managerequests.view.Detail","bindingPath":{"path":"/SmartRequestItemsPlanningBoard(ITEM=10m,REQUEST='20074')","propertyPath":"PICK_UP"}},"wdio_ui5_key":"etmportal.ui.managerequests.view.Detailsap.m.Button{\"path\":\"/SmartRequestItemsPlanningBoard(ITEM=10m,REQUEST='20074')\",\"propertyPath\":\"PICK_UP\"}"}]}
RESULT: {"script":"<script> [1562 bytes]","args":[{"selector":{"controlType":"sap.m.Button","viewName":"etm.portal.ui.managerequests.view.Detail","bindingPath":{"path":"/SmartRequestItemsPlanningBoard(ITEM=10m,REQUEST='20074')","propertyPath":"PICK_UP"}},"wdio_ui5_key":"etmportal.ui.managerequests.view.Detailsap.m.Button{\"path\":\"/SmartRequestItemsPlanningBoard(ITEM=10m,REQUEST='20074')\",\"propertyPath\":\"PICK_UP\"}"}]}
RESULT: undefined
COMMAND: POST /session/764ef295c8f44d2e14b184d73c4fb1a3/execute/async - {"script":"<script> [6424 bytes]","args":[{"element-6066-11e4-a52e-4f735466cecf":"f.809832546CBCDBCC14053EE8D21219E9.d.7DE7856615BF04A3FA3D959B49BE036B.e.6425"},"getType",[]]}
RESULT: {"script":"<script> [6424 bytes]","args":[{"element-6066-11e4-a52e-4f735466cecf":"f.809832546CBCDBCC14053EE8D21219E9.d.7DE7856615BF04A3FA3D959B49BE036B.e.6425"},"getType",[]]}
COMMAND: POST /session/764ef295c8f44d2e14b184d73c4fb1a3/execute/async - {"script":"<script> [1562 bytes]","args":[{"selector":{"controlType":"sap.m.Button","viewName":"etm.portal.ui.managerequests.view.Detail","bindingPath":{"path":"/SmartRequestItemsPlanningBoard(ITEM=20m,REQUEST='20074')","propertyPath":"PICK_UP"}},"wdio_ui5_key":"etmportal.ui.managerequests.view.Detailsap.m.Button{\"path\":\"/SmartRequestItemsPlanningBoard(ITEM=20m,REQUEST='20074')\",\"propertyPath\":\"PICK_UP\"}"}]}
RESULT: {"script":"<script> [1562 bytes]","args":[{"selector":{"controlType":"sap.m.Button","viewName":"etm.portal.ui.managerequests.view.Detail","bindingPath":{"path":"/SmartRequestItemsPlanningBoard(ITEM=20m,REQUEST='20074')","propertyPath":"PICK_UP"}},"wdio_ui5_key":"etmportal.ui.managerequests.view.Detailsap.m.Button{\"path\":\"/SmartRequestItemsPlanningBoard(ITEM=20m,REQUEST='20074')\",\"propertyPath\":\"PICK_UP\"}"}]}
RESULT: undefined
COMMAND: POST /session/764ef295c8f44d2e14b184d73c4fb1a3/execute/async - {"script":"<script> [6424 bytes]","args":[{"element-6066-11e4-a52e-4f735466cecf":"f.809832546CBCDBCC14053EE8D21219E9.d.7DE7856615BF04A3FA3D959B49BE036B.e.6434"},"getType",[]]}
RESULT: {"script":"<script> [6424 bytes]","args":[{"element-6066-11e4-a52e-4f735466cecf":"f.809832546CBCDBCC14053EE8D21219E9.d.7DE7856615BF04A3FA3D959B49BE036B.e.6434"},"getType",[]]}
COMMAND: POST /session/764ef295c8f44d2e14b184d73c4fb1a3/element - {"using":"css selector","value":"#shell-header-logo"}
RESULT: {"using":"css selector","value":"#shell-header-logo"}
COMMAND: POST /session/764ef295c8f44d2e14b184d73c4fb1a3/element/f.809832546CBCDBCC14053EE8D21219E9.d.7DE7856615BF04A3FA3D959B49BE036B.e.6228/click - {}
RESULT: {}
COMMAND: GET /session/764ef295c8f44d2e14b184d73c4fb1a3/screenshot - {}
RESULT: {}
COMMAND: POST /session/764ef295c8f44d2e14b184d73c4fb1a3/execute/async - {"script":"<script> [1562 bytes]","args":[{"selector":{"controlType":"sap.m.GenericTile","properties":{"header":"Manage Classifications"}},"wdio_ui5_key":"sapm.GenericTile{\"header\":\"Manage Classifications\"}"}]}
RESULT: {"script":"<script> [1562 bytes]","args":[{"selector":{"controlType":"sap.m.GenericTile","properties":{"header":"Manage Classifications"}},"wdio_ui5_key":"sapm.GenericTile{\"header\":\"Manage Classifications\"}"}]}
RESULT: undefined
COMMAND: POST /session/764ef295c8f44d2e14b184d73c4fb1a3/element - {"using":"xpath","value":"//*[@id=\"__tile117\"]"}
RESULT: {"using":"xpath","value":"//*[@id=\"__tile117\"]"}
COMMAND: POST /session/764ef295c8f44d2e14b184d73c4fb1a3/element/f.809832546CBCDBCC14053EE8D21219E9.d.7DE7856615BF04A3FA3D959B49BE036B.e.6453/click - {}
RESULT: {}
COMMAND: GET /session/764ef295c8f44d2e14b184d73c4fb1a3/screenshot - {}
RESULT: {}
COMMAND: POST /session/764ef295c8f44d2e14b184d73c4fb1a3/elements - {"using":"xpath","value":"//span[text()='Error']"}
RESULT: {"using":"xpath","value":"//span[text()='Error']"}
]]></system-out>
    </testcase>
  </testsuite>
  <testsuite timestamp="2025-06-13T15:56:59" time="394.343" tests="4" failures="0" errors="0" skipped="0">
    <properties>
      <property name="specId" value="0"/>
      <property name="suiteName" value="Manage requests - requests specifications US141095"/>
      <property name="capabilities" value="chrome.137_0_7151_69.windows"/>
      <property name="file" value="file:///D:/a/1/s/test/specs/R2C/manage-requests-request-specifications.spec.js"/>
    </properties>
    <testcase classname="chrome.137_0_7151_69.windows.Manage_requests_-_requests_specifications_US141095" name="Should create a new classification of type request item" time="45.291">
      <system-out><![CDATA[
COMMAND: POST /session/764ef295c8f44d2e14b184d73c4fb1a3/execute/async - {"script":"<script> [1562 bytes]","args":[{"selector":{"controlType":"sap.ui.core.Icon","viewName":"etm.portal.ui.manageclassifications.view.Master","viewId":"application-manageclassifications-display-component---classificationMaster","properties":{"src":{"regex":{"source":"add"}}}},"wdio_ui5_key":"etmportal.ui.manageclassifications.view.Mastersap.ui.core.Icon{\"src\":{\"regex\":{\"source\":\"add\"}}}"}]}
RESULT: {"script":"<script> [1562 bytes]","args":[{"selector":{"controlType":"sap.ui.core.Icon","viewName":"etm.portal.ui.manageclassifications.view.Master","viewId":"application-manageclassifications-display-component---classificationMaster","properties":{"src":{"regex":{"source":"add"}}}},"wdio_ui5_key":"etmportal.ui.manageclassifications.view.Mastersap.ui.core.Icon{\"src\":{\"regex\":{\"source\":\"add\"}}}"}]}
RESULT: undefined
COMMAND: POST /session/764ef295c8f44d2e14b184d73c4fb1a3/element - {"using":"xpath","value":"//*[@id=\"__button27-img\"]"}
RESULT: {"using":"xpath","value":"//*[@id=\"__button27-img\"]"}
COMMAND: POST /session/764ef295c8f44d2e14b184d73c4fb1a3/element/f.809832546CBCDBCC14053EE8D21219E9.d.7DE7856615BF04A3FA3D959B49BE036B.e.6491/click - {}
RESULT: {}
COMMAND: POST /session/764ef295c8f44d2e14b184d73c4fb1a3/execute/async - {"script":"<script> [1562 bytes]","args":[{"selector":{"id":"application-manageclassifications-display-component---classificationCreate--classHeaderName","interaction":{"idSuffix":"inner"}},"wdio_ui5_key":"applicationmanageclassifications-display-component---classificationCreate--classHeaderName"}]}
COMMAND: GET /session/764ef295c8f44d2e14b184d73c4fb1a3/screenshot - {}
RESULT: {"script":"<script> [1562 bytes]","args":[{"selector":{"id":"application-manageclassifications-display-component---classificationCreate--classHeaderName","interaction":{"idSuffix":"inner"}},"wdio_ui5_key":"applicationmanageclassifications-display-component---classificationCreate--classHeaderName"}]}
RESULT: undefined
COMMAND: POST /session/764ef295c8f44d2e14b184d73c4fb1a3/execute/async - {"script":"<script> [776 bytes]","args":[{"enterText":"WebdriverItemClassgkvhk","selector":{"id":"application-manageclassifications-display-component---classificationCreate--classHeaderName","interaction":{"idSuffix":"inner"}},"clearTextFirst":true,"interactionType":"ENTER_TEXT"}]}
RESULT: {}
RESULT: {"script":"<script> [776 bytes]","args":[{"enterText":"WebdriverItemClassgkvhk","selector":{"id":"application-manageclassifications-display-component---classificationCreate--classHeaderName","interaction":{"idSuffix":"inner"}},"clearTextFirst":true,"interactionType":"ENTER_TEXT"}]}
COMMAND: POST /session/764ef295c8f44d2e14b184d73c4fb1a3/execute/async - {"script":"<script> [1562 bytes]","args":[{"selector":{"controlType":"sap.ui.core.Icon","viewName":"etm.portal.ui.manageclassifications.view.Create","viewId":"application-manageclassifications-display-component---classificationCreate","properties":{"src":{"regex":{"source":"slim\\-arrow\\-down"}}}},"wdio_ui5_key":"etmportal.ui.manageclassifications.view.Createsap.ui.core.Icon{\"src\":{\"regex\":{\"source\":\"slim\\\\-arrow\\\\-down\"}}}"}]}
RESULT: {"script":"<script> [1562 bytes]","args":[{"selector":{"controlType":"sap.ui.core.Icon","viewName":"etm.portal.ui.manageclassifications.view.Create","viewId":"application-manageclassifications-display-component---classificationCreate","properties":{"src":{"regex":{"source":"slim\\-arrow\\-down"}}}},"wdio_ui5_key":"etmportal.ui.manageclassifications.view.Createsap.ui.core.Icon{\"src\":{\"regex\":{\"source\":\"slim\\\\-arrow\\\\-down\"}}}"}]}
RESULT: undefined
COMMAND: POST /session/764ef295c8f44d2e14b184d73c4fb1a3/element - {"using":"xpath","value":"//*[@id=\"__box12-arrow\"]"}
RESULT: {"using":"xpath","value":"//*[@id=\"__box12-arrow\"]"}
COMMAND: POST /session/764ef295c8f44d2e14b184d73c4fb1a3/element/f.809832546CBCDBCC14053EE8D21219E9.d.7DE7856615BF04A3FA3D959B49BE036B.e.6760/click - {}
RESULT: {}
COMMAND: POST /session/764ef295c8f44d2e14b184d73c4fb1a3/execute/async - {"script":"<script> [1562 bytes]","args":[{"selector":{"controlType":"sap.m.StandardListItem","viewName":"etm.portal.ui.manageclassifications.view.Create","viewId":"application-manageclassifications-display-component---classificationCreate","properties":{"title":"Request Item Specifications"},"searchOpenDialogs":true,"interaction":{"idSuffix":"titleText"}},"wdio_ui5_key":"etmportal.ui.manageclassifications.view.Createsap.m.StandardListItem{\"title\":\"Request Item Specifications\"}"}]}
COMMAND: GET /session/764ef295c8f44d2e14b184d73c4fb1a3/screenshot - {}
RESULT: {"script":"<script> [1562 bytes]","args":[{"selector":{"controlType":"sap.m.StandardListItem","viewName":"etm.portal.ui.manageclassifications.view.Create","viewId":"application-manageclassifications-display-component---classificationCreate","properties":{"title":"Request Item Specifications"},"searchOpenDialogs":true,"interaction":{"idSuffix":"titleText"}},"wdio_ui5_key":"etmportal.ui.manageclassifications.view.Createsap.m.StandardListItem{\"title\":\"Request Item Specifications\"}"}]}
RESULT: undefined
COMMAND: POST /session/764ef295c8f44d2e14b184d73c4fb1a3/element - {"using":"xpath","value":"//*[@id=\"__item85\"]"}
RESULT: {}
RESULT: {"using":"xpath","value":"//*[@id=\"__item85\"]"}
COMMAND: POST /session/764ef295c8f44d2e14b184d73c4fb1a3/element/f.809832546CBCDBCC14053EE8D21219E9.d.7DE7856615BF04A3FA3D959B49BE036B.e.6804/click - {}
RESULT: {}
COMMAND: POST /session/764ef295c8f44d2e14b184d73c4fb1a3/execute/async - {"script":"<script> [1562 bytes]","args":[{"selector":{"controlType":"sap.ui.core.Icon","viewName":"etm.portal.ui.manageclassifications.view.Create","viewId":"application-manageclassifications-display-component---classificationCreate","properties":{"src":{"regex":{"source":"add"}}}},"wdio_ui5_key":"etmportal.ui.manageclassifications.view.Createsap.ui.core.Icon{\"src\":{\"regex\":{\"source\":\"add\"}}}"}]}
COMMAND: GET /session/764ef295c8f44d2e14b184d73c4fb1a3/screenshot - {}
RESULT: {"script":"<script> [1562 bytes]","args":[{"selector":{"controlType":"sap.ui.core.Icon","viewName":"etm.portal.ui.manageclassifications.view.Create","viewId":"application-manageclassifications-display-component---classificationCreate","properties":{"src":{"regex":{"source":"add"}}}},"wdio_ui5_key":"etmportal.ui.manageclassifications.view.Createsap.ui.core.Icon{\"src\":{\"regex\":{\"source\":\"add\"}}}"}]}
RESULT: undefined
COMMAND: POST /session/764ef295c8f44d2e14b184d73c4fb1a3/element - {"using":"xpath","value":"//*[@id=\"__button32-img\"]"}
RESULT: {}
RESULT: {"using":"xpath","value":"//*[@id=\"__button32-img\"]"}
COMMAND: POST /session/764ef295c8f44d2e14b184d73c4fb1a3/element/f.809832546CBCDBCC14053EE8D21219E9.d.7DE7856615BF04A3FA3D959B49BE036B.e.6763/click - {}
RESULT: {}
COMMAND: POST /session/764ef295c8f44d2e14b184d73c4fb1a3/execute/async - {"script":"<script> [1562 bytes]","args":[{"selector":{"controlType":"sap.m.Input","viewName":"etm.portal.ui.manageclassifications.view.Create","viewId":"application-manageclassifications-display-component---classificationCreate","bindingPath":{"path":"/0","propertyPath":"PROPERTY","modelName":"newConfigModel"},"interaction":{"idSuffix":"inner"}},"wdio_ui5_key":"etmportal.ui.manageclassifications.view.Createsap.m.Input{\"path\":\"/0\",\"propertyPath\":\"PROPERTY\",\"modelName\":\"newConfigModel\"}"}]}
COMMAND: GET /session/764ef295c8f44d2e14b184d73c4fb1a3/screenshot - {}
RESULT: {"script":"<script> [1562 bytes]","args":[{"selector":{"controlType":"sap.m.Input","viewName":"etm.portal.ui.manageclassifications.view.Create","viewId":"application-manageclassifications-display-component---classificationCreate","bindingPath":{"path":"/0","propertyPath":"PROPERTY","modelName":"newConfigModel"},"interaction":{"idSuffix":"inner"}},"wdio_ui5_key":"etmportal.ui.manageclassifications.view.Createsap.m.Input{\"path\":\"/0\",\"propertyPath\":\"PROPERTY\",\"modelName\":\"newConfigModel\"}"}]}
RESULT: undefined
COMMAND: POST /session/764ef295c8f44d2e14b184d73c4fb1a3/execute/async - {"script":"<script> [776 bytes]","args":[{"enterText":"Color","selector":{"controlType":"sap.m.Input","viewName":"etm.portal.ui.manageclassifications.view.Create","viewId":"application-manageclassifications-display-component---classificationCreate","bindingPath":{"path":"/0","propertyPath":"PROPERTY","modelName":"newConfigModel"},"interaction":{"idSuffix":"inner"}},"clearTextFirst":true,"interactionType":"ENTER_TEXT"}]}
RESULT: {}
RESULT: {"script":"<script> [776 bytes]","args":[{"enterText":"Color","selector":{"controlType":"sap.m.Input","viewName":"etm.portal.ui.manageclassifications.view.Create","viewId":"application-manageclassifications-display-component---classificationCreate","bindingPath":{"path":"/0","propertyPath":"PROPERTY","modelName":"newConfigModel"},"interaction":{"idSuffix":"inner"}},"clearTextFirst":true,"interactionType":"ENTER_TEXT"}]}
COMMAND: POST /session/764ef295c8f44d2e14b184d73c4fb1a3/execute/async - {"script":"<script> [1562 bytes]","args":[{"selector":{"controlType":"sap.m.Input","viewName":"etm.portal.ui.manageclassifications.view.Create","viewId":"application-manageclassifications-display-component---classificationCreate","bindingPath":{"path":"/0","propertyPath":"DESCRIPTION","modelName":"newConfigModel"},"interaction":{"idSuffix":"inner"}},"wdio_ui5_key":"etmportal.ui.manageclassifications.view.Createsap.m.Input{\"path\":\"/0\",\"propertyPath\":\"DESCRIPTION\",\"modelName\":\"newConfigModel\"}"}]}
RESULT: {"script":"<script> [1562 bytes]","args":[{"selector":{"controlType":"sap.m.Input","viewName":"etm.portal.ui.manageclassifications.view.Create","viewId":"application-manageclassifications-display-component---classificationCreate","bindingPath":{"path":"/0","propertyPath":"DESCRIPTION","modelName":"newConfigModel"},"interaction":{"idSuffix":"inner"}},"wdio_ui5_key":"etmportal.ui.manageclassifications.view.Createsap.m.Input{\"path\":\"/0\",\"propertyPath\":\"DESCRIPTION\",\"modelName\":\"newConfigModel\"}"}]}
RESULT: undefined
COMMAND: POST /session/764ef295c8f44d2e14b184d73c4fb1a3/execute/async - {"script":"<script> [776 bytes]","args":[{"enterText":"Color","selector":{"controlType":"sap.m.Input","viewName":"etm.portal.ui.manageclassifications.view.Create","viewId":"application-manageclassifications-display-component---classificationCreate","bindingPath":{"path":"/0","propertyPath":"DESCRIPTION","modelName":"newConfigModel"},"interaction":{"idSuffix":"inner"}},"clearTextFirst":true,"interactionType":"ENTER_TEXT"}]}
RESULT: {"script":"<script> [776 bytes]","args":[{"enterText":"Color","selector":{"controlType":"sap.m.Input","viewName":"etm.portal.ui.manageclassifications.view.Create","viewId":"application-manageclassifications-display-component---classificationCreate","bindingPath":{"path":"/0","propertyPath":"DESCRIPTION","modelName":"newConfigModel"},"interaction":{"idSuffix":"inner"}},"clearTextFirst":true,"interactionType":"ENTER_TEXT"}]}
COMMAND: POST /session/764ef295c8f44d2e14b184d73c4fb1a3/execute/async - {"script":"<script> [1562 bytes]","args":[{"selector":{"controlType":"sap.ui.core.Icon","viewName":"etm.portal.ui.manageclassifications.view.Create","viewId":"application-manageclassifications-display-component---classificationCreate","properties":{"src":{"regex":{"source":"slim\\-arrow\\-down"}}},"ancestor":{"controlType":"sap.m.ComboBox","viewName":"etm.portal.ui.manageclassifications.view.Create","viewId":"application-manageclassifications-display-component---classificationCreate","bindingPath":{"path":"/0","propertyPath":"VALUE_TYPE","modelName":"newConfigModel"}}},"wdio_ui5_key":"etmportal.ui.manageclassifications.view.Createsap.ui.core.Icon{\"src\":{\"regex\":{\"source\":\"slim\\\\-arrow\\\\-down\"}}}{\"controlType\":\"sap.m.ComboBox\",\"viewName\":\"etm.portal.ui.manageclassifications.view.Create\",\"viewId\":\"application-manageclassifications-display-component---classificationCreate\",\"bindingPath\":{\"path\":\"/0\",\"propertyPath\":\"VALUE_TYPE\",\"modelName\":\"newConfigModel\"}}"}]}
RESULT: {"script":"<script> [1562 bytes]","args":[{"selector":{"controlType":"sap.ui.core.Icon","viewName":"etm.portal.ui.manageclassifications.view.Create","viewId":"application-manageclassifications-display-component---classificationCreate","properties":{"src":{"regex":{"source":"slim\\-arrow\\-down"}}},"ancestor":{"controlType":"sap.m.ComboBox","viewName":"etm.portal.ui.manageclassifications.view.Create","viewId":"application-manageclassifications-display-component---classificationCreate","bindingPath":{"path":"/0","propertyPath":"VALUE_TYPE","modelName":"newConfigModel"}}},"wdio_ui5_key":"etmportal.ui.manageclassifications.view.Createsap.ui.core.Icon{\"src\":{\"regex\":{\"source\":\"slim\\\\-arrow\\\\-down\"}}}{\"controlType\":\"sap.m.ComboBox\",\"viewName\":\"etm.portal.ui.manageclassifications.view.Create\",\"viewId\":\"application-manageclassifications-display-component---classificationCreate\",\"bindingPath\":{\"path\":\"/0\",\"propertyPath\":\"VALUE_TYPE\",\"modelName\":\"newConfigModel\"}}"}]}
RESULT: undefined
COMMAND: POST /session/764ef295c8f44d2e14b184d73c4fb1a3/element - {"using":"xpath","value":"//*[@id=\"__box13-application-manageclassifications-display-component---classificationCreate--configurationList-0-arrow\"]"}
RESULT: {"using":"xpath","value":"//*[@id=\"__box13-application-manageclassifications-display-component---classificationCreate--configurationList-0-arrow\"]"}
COMMAND: POST /session/764ef295c8f44d2e14b184d73c4fb1a3/element/f.809832546CBCDBCC14053EE8D21219E9.d.7DE7856615BF04A3FA3D959B49BE036B.e.6813/click - {}
RESULT: {}
COMMAND: POST /session/764ef295c8f44d2e14b184d73c4fb1a3/execute/async - {"script":"<script> [1562 bytes]","args":[{"selector":{"controlType":"sap.m.StandardListItem","viewName":"etm.portal.ui.manageclassifications.view.Create","viewId":"application-manageclassifications-display-component---classificationCreate","properties":{"title":"Dropdown"},"searchOpenDialogs":true,"interaction":{"idSuffix":"titleText"}},"wdio_ui5_key":"etmportal.ui.manageclassifications.view.Createsap.m.StandardListItem{\"title\":\"Dropdown\"}"}]}
COMMAND: GET /session/764ef295c8f44d2e14b184d73c4fb1a3/screenshot - {}
RESULT: {"script":"<script> [1562 bytes]","args":[{"selector":{"controlType":"sap.m.StandardListItem","viewName":"etm.portal.ui.manageclassifications.view.Create","viewId":"application-manageclassifications-display-component---classificationCreate","properties":{"title":"Dropdown"},"searchOpenDialogs":true,"interaction":{"idSuffix":"titleText"}},"wdio_ui5_key":"etmportal.ui.manageclassifications.view.Createsap.m.StandardListItem{\"title\":\"Dropdown\"}"}]}
RESULT: undefined
COMMAND: POST /session/764ef295c8f44d2e14b184d73c4fb1a3/element - {"using":"xpath","value":"//*[@id=\"__item93\"]"}
RESULT: {}
RESULT: {"using":"xpath","value":"//*[@id=\"__item93\"]"}
COMMAND: POST /session/764ef295c8f44d2e14b184d73c4fb1a3/element/f.809832546CBCDBCC14053EE8D21219E9.d.7DE7856615BF04A3FA3D959B49BE036B.e.6815/click - {}
RESULT: {}
COMMAND: POST /session/764ef295c8f44d2e14b184d73c4fb1a3/execute/async - {"script":"<script> [1562 bytes]","args":[{"selector":{"controlType":"sap.ui.core.Icon","viewName":"etm.portal.ui.manageclassifications.view.Create","viewId":"application-manageclassifications-display-component---classificationCreate","properties":{"src":{"regex":{"source":"crm\\-service\\-manager"}}}},"wdio_ui5_key":"etmportal.ui.manageclassifications.view.Createsap.ui.core.Icon{\"src\":{\"regex\":{\"source\":\"crm\\\\-service\\\\-manager\"}}}"}]}
COMMAND: GET /session/764ef295c8f44d2e14b184d73c4fb1a3/screenshot - {}
RESULT: {"script":"<script> [1562 bytes]","args":[{"selector":{"controlType":"sap.ui.core.Icon","viewName":"etm.portal.ui.manageclassifications.view.Create","viewId":"application-manageclassifications-display-component---classificationCreate","properties":{"src":{"regex":{"source":"crm\\-service\\-manager"}}}},"wdio_ui5_key":"etmportal.ui.manageclassifications.view.Createsap.ui.core.Icon{\"src\":{\"regex\":{\"source\":\"crm\\\\-service\\\\-manager\"}}}"}]}
RESULT: undefined
COMMAND: POST /session/764ef295c8f44d2e14b184d73c4fb1a3/element - {"using":"xpath","value":"//*[@id=\"__button34-application-manageclassifications-display-component---classificationCreate--configurationList-0-img\"]"}
RESULT: {}
RESULT: {"using":"xpath","value":"//*[@id=\"__button34-application-manageclassifications-display-component---classificationCreate--configurationList-0-img\"]"}
COMMAND: POST /session/764ef295c8f44d2e14b184d73c4fb1a3/element/f.809832546CBCDBCC14053EE8D21219E9.d.7DE7856615BF04A3FA3D959B49BE036B.e.6817/click - {}
RESULT: {}
COMMAND: POST /session/764ef295c8f44d2e14b184d73c4fb1a3/element - {"using":"xpath","value":"//button[@title=\"Add additional value\"]"}
COMMAND: GET /session/764ef295c8f44d2e14b184d73c4fb1a3/screenshot - {}
RESULT: {"using":"xpath","value":"//button[@title=\"Add additional value\"]"}
COMMAND: POST /session/764ef295c8f44d2e14b184d73c4fb1a3/element/f.809832546CBCDBCC14053EE8D21219E9.d.7DE7856615BF04A3FA3D959B49BE036B.e.6818/click - {}
RESULT: {}
RESULT: {}
COMMAND: POST /session/764ef295c8f44d2e14b184d73c4fb1a3/execute/async - {"script":"<script> [1562 bytes]","args":[{"selector":{"controlType":"sap.m.Input","viewName":"etm.portal.ui.manageclassifications.view.Create","viewId":"application-manageclassifications-display-component---classificationCreate","bindingPath":{"path":"/VALUES/0","propertyPath":"VALUE","modelName":"dropdownValuesModel"},"searchOpenDialogs":true,"interaction":{"idSuffix":"inner"}},"wdio_ui5_key":"etmportal.ui.manageclassifications.view.Createsap.m.Input{\"path\":\"/VALUES/0\",\"propertyPath\":\"VALUE\",\"modelName\":\"dropdownValuesModel\"}"}]}
COMMAND: GET /session/764ef295c8f44d2e14b184d73c4fb1a3/screenshot - {}
RESULT: {"script":"<script> [1562 bytes]","args":[{"selector":{"controlType":"sap.m.Input","viewName":"etm.portal.ui.manageclassifications.view.Create","viewId":"application-manageclassifications-display-component---classificationCreate","bindingPath":{"path":"/VALUES/0","propertyPath":"VALUE","modelName":"dropdownValuesModel"},"searchOpenDialogs":true,"interaction":{"idSuffix":"inner"}},"wdio_ui5_key":"etmportal.ui.manageclassifications.view.Createsap.m.Input{\"path\":\"/VALUES/0\",\"propertyPath\":\"VALUE\",\"modelName\":\"dropdownValuesModel\"}"}]}
RESULT: undefined
COMMAND: POST /session/764ef295c8f44d2e14b184d73c4fb1a3/execute/async - {"script":"<script> [776 bytes]","args":[{"enterText":"1","selector":{"controlType":"sap.m.Input","viewName":"etm.portal.ui.manageclassifications.view.Create","viewId":"application-manageclassifications-display-component---classificationCreate","bindingPath":{"path":"/VALUES/0","propertyPath":"VALUE","modelName":"dropdownValuesModel"},"searchOpenDialogs":true,"interaction":{"idSuffix":"inner"}},"clearTextFirst":true,"interactionType":"ENTER_TEXT"}]}
RESULT: {}
RESULT: {"script":"<script> [776 bytes]","args":[{"enterText":"1","selector":{"controlType":"sap.m.Input","viewName":"etm.portal.ui.manageclassifications.view.Create","viewId":"application-manageclassifications-display-component---classificationCreate","bindingPath":{"path":"/VALUES/0","propertyPath":"VALUE","modelName":"dropdownValuesModel"},"searchOpenDialogs":true,"interaction":{"idSuffix":"inner"}},"clearTextFirst":true,"interactionType":"ENTER_TEXT"}]}
COMMAND: POST /session/764ef295c8f44d2e14b184d73c4fb1a3/execute/async - {"script":"<script> [1562 bytes]","args":[{"selector":{"controlType":"sap.m.Input","viewName":"etm.portal.ui.manageclassifications.view.Create","viewId":"application-manageclassifications-display-component---classificationCreate","bindingPath":{"path":"/VALUES/0","propertyPath":"TEXT","modelName":"dropdownValuesModel"},"searchOpenDialogs":true,"interaction":{"idSuffix":"inner"}},"wdio_ui5_key":"etmportal.ui.manageclassifications.view.Createsap.m.Input{\"path\":\"/VALUES/0\",\"propertyPath\":\"TEXT\",\"modelName\":\"dropdownValuesModel\"}"}]}
RESULT: {"script":"<script> [1562 bytes]","args":[{"selector":{"controlType":"sap.m.Input","viewName":"etm.portal.ui.manageclassifications.view.Create","viewId":"application-manageclassifications-display-component---classificationCreate","bindingPath":{"path":"/VALUES/0","propertyPath":"TEXT","modelName":"dropdownValuesModel"},"searchOpenDialogs":true,"interaction":{"idSuffix":"inner"}},"wdio_ui5_key":"etmportal.ui.manageclassifications.view.Createsap.m.Input{\"path\":\"/VALUES/0\",\"propertyPath\":\"TEXT\",\"modelName\":\"dropdownValuesModel\"}"}]}
RESULT: undefined
COMMAND: POST /session/764ef295c8f44d2e14b184d73c4fb1a3/execute/async - {"script":"<script> [776 bytes]","args":[{"enterText":"blue","selector":{"controlType":"sap.m.Input","viewName":"etm.portal.ui.manageclassifications.view.Create","viewId":"application-manageclassifications-display-component---classificationCreate","bindingPath":{"path":"/VALUES/0","propertyPath":"TEXT","modelName":"dropdownValuesModel"},"searchOpenDialogs":true,"interaction":{"idSuffix":"inner"}},"clearTextFirst":true,"interactionType":"ENTER_TEXT"}]}
RESULT: {"script":"<script> [776 bytes]","args":[{"enterText":"blue","selector":{"controlType":"sap.m.Input","viewName":"etm.portal.ui.manageclassifications.view.Create","viewId":"application-manageclassifications-display-component---classificationCreate","bindingPath":{"path":"/VALUES/0","propertyPath":"TEXT","modelName":"dropdownValuesModel"},"searchOpenDialogs":true,"interaction":{"idSuffix":"inner"}},"clearTextFirst":true,"interactionType":"ENTER_TEXT"}]}
COMMAND: POST /session/764ef295c8f44d2e14b184d73c4fb1a3/element - {"using":"xpath","value":"//button[@title=\"Add additional value\"]"}
RESULT: {"using":"xpath","value":"//button[@title=\"Add additional value\"]"}
COMMAND: POST /session/764ef295c8f44d2e14b184d73c4fb1a3/element/f.809832546CBCDBCC14053EE8D21219E9.d.7DE7856615BF04A3FA3D959B49BE036B.e.6818/click - {}
RESULT: {}
COMMAND: POST /session/764ef295c8f44d2e14b184d73c4fb1a3/execute/async - {"script":"<script> [1562 bytes]","args":[{"selector":{"controlType":"sap.m.Input","viewName":"etm.portal.ui.manageclassifications.view.Create","viewId":"application-manageclassifications-display-component---classificationCreate","bindingPath":{"path":"/VALUES/1","propertyPath":"VALUE","modelName":"dropdownValuesModel"},"searchOpenDialogs":true,"interaction":{"idSuffix":"inner"}},"wdio_ui5_key":"etmportal.ui.manageclassifications.view.Createsap.m.Input{\"path\":\"/VALUES/1\",\"propertyPath\":\"VALUE\",\"modelName\":\"dropdownValuesModel\"}"}]}
COMMAND: GET /session/764ef295c8f44d2e14b184d73c4fb1a3/screenshot - {}
RESULT: {"script":"<script> [1562 bytes]","args":[{"selector":{"controlType":"sap.m.Input","viewName":"etm.portal.ui.manageclassifications.view.Create","viewId":"application-manageclassifications-display-component---classificationCreate","bindingPath":{"path":"/VALUES/1","propertyPath":"VALUE","modelName":"dropdownValuesModel"},"searchOpenDialogs":true,"interaction":{"idSuffix":"inner"}},"wdio_ui5_key":"etmportal.ui.manageclassifications.view.Createsap.m.Input{\"path\":\"/VALUES/1\",\"propertyPath\":\"VALUE\",\"modelName\":\"dropdownValuesModel\"}"}]}
RESULT: undefined
COMMAND: POST /session/764ef295c8f44d2e14b184d73c4fb1a3/execute/async - {"script":"<script> [776 bytes]","args":[{"enterText":"2","selector":{"controlType":"sap.m.Input","viewName":"etm.portal.ui.manageclassifications.view.Create","viewId":"application-manageclassifications-display-component---classificationCreate","bindingPath":{"path":"/VALUES/1","propertyPath":"VALUE","modelName":"dropdownValuesModel"},"searchOpenDialogs":true,"interaction":{"idSuffix":"inner"}},"clearTextFirst":true,"interactionType":"ENTER_TEXT"}]}
RESULT: {}
RESULT: {"script":"<script> [776 bytes]","args":[{"enterText":"2","selector":{"controlType":"sap.m.Input","viewName":"etm.portal.ui.manageclassifications.view.Create","viewId":"application-manageclassifications-display-component---classificationCreate","bindingPath":{"path":"/VALUES/1","propertyPath":"VALUE","modelName":"dropdownValuesModel"},"searchOpenDialogs":true,"interaction":{"idSuffix":"inner"}},"clearTextFirst":true,"interactionType":"ENTER_TEXT"}]}
COMMAND: POST /session/764ef295c8f44d2e14b184d73c4fb1a3/execute/async - {"script":"<script> [1562 bytes]","args":[{"selector":{"controlType":"sap.m.Input","viewName":"etm.portal.ui.manageclassifications.view.Create","viewId":"application-manageclassifications-display-component---classificationCreate","bindingPath":{"path":"/VALUES/1","propertyPath":"TEXT","modelName":"dropdownValuesModel"},"searchOpenDialogs":true,"interaction":{"idSuffix":"inner"}},"wdio_ui5_key":"etmportal.ui.manageclassifications.view.Createsap.m.Input{\"path\":\"/VALUES/1\",\"propertyPath\":\"TEXT\",\"modelName\":\"dropdownValuesModel\"}"}]}
RESULT: {"script":"<script> [1562 bytes]","args":[{"selector":{"controlType":"sap.m.Input","viewName":"etm.portal.ui.manageclassifications.view.Create","viewId":"application-manageclassifications-display-component---classificationCreate","bindingPath":{"path":"/VALUES/1","propertyPath":"TEXT","modelName":"dropdownValuesModel"},"searchOpenDialogs":true,"interaction":{"idSuffix":"inner"}},"wdio_ui5_key":"etmportal.ui.manageclassifications.view.Createsap.m.Input{\"path\":\"/VALUES/1\",\"propertyPath\":\"TEXT\",\"modelName\":\"dropdownValuesModel\"}"}]}
RESULT: undefined
COMMAND: POST /session/764ef295c8f44d2e14b184d73c4fb1a3/execute/async - {"script":"<script> [776 bytes]","args":[{"enterText":"red","selector":{"controlType":"sap.m.Input","viewName":"etm.portal.ui.manageclassifications.view.Create","viewId":"application-manageclassifications-display-component---classificationCreate","bindingPath":{"path":"/VALUES/1","propertyPath":"TEXT","modelName":"dropdownValuesModel"},"searchOpenDialogs":true,"interaction":{"idSuffix":"inner"}},"clearTextFirst":true,"interactionType":"ENTER_TEXT"}]}
RESULT: {"script":"<script> [776 bytes]","args":[{"enterText":"red","selector":{"controlType":"sap.m.Input","viewName":"etm.portal.ui.manageclassifications.view.Create","viewId":"application-manageclassifications-display-component---classificationCreate","bindingPath":{"path":"/VALUES/1","propertyPath":"TEXT","modelName":"dropdownValuesModel"},"searchOpenDialogs":true,"interaction":{"idSuffix":"inner"}},"clearTextFirst":true,"interactionType":"ENTER_TEXT"}]}
COMMAND: POST /session/764ef295c8f44d2e14b184d73c4fb1a3/execute/async - {"script":"<script> [1562 bytes]","args":[{"selector":{"controlType":"sap.m.Button","viewName":"etm.portal.ui.manageclassifications.view.Create","viewId":"application-manageclassifications-display-component---classificationCreate","i18NText":{"propertyName":"text","key":"save"},"searchOpenDialogs":true,"interaction":{"idSuffix":"BDI-content"}},"wdio_ui5_key":"etmportal.ui.manageclassifications.view.Createsap.m.Button{\"propertyName\":\"text\",\"key\":\"save\"}"}]}
RESULT: {"script":"<script> [1562 bytes]","args":[{"selector":{"controlType":"sap.m.Button","viewName":"etm.portal.ui.manageclassifications.view.Create","viewId":"application-manageclassifications-display-component---classificationCreate","i18NText":{"propertyName":"text","key":"save"},"searchOpenDialogs":true,"interaction":{"idSuffix":"BDI-content"}},"wdio_ui5_key":"etmportal.ui.manageclassifications.view.Createsap.m.Button{\"propertyName\":\"text\",\"key\":\"save\"}"}]}
RESULT: undefined
COMMAND: POST /session/764ef295c8f44d2e14b184d73c4fb1a3/element - {"using":"xpath","value":"//*[@id=\"__button44\"]"}
RESULT: {"using":"xpath","value":"//*[@id=\"__button44\"]"}
COMMAND: POST /session/764ef295c8f44d2e14b184d73c4fb1a3/element/f.809832546CBCDBCC14053EE8D21219E9.d.7DE7856615BF04A3FA3D959B49BE036B.e.6839/click - {}
RESULT: {}
COMMAND: GET /session/764ef295c8f44d2e14b184d73c4fb1a3/screenshot - {}
RESULT: {}
COMMAND: POST /session/764ef295c8f44d2e14b184d73c4fb1a3/element - {"using":"xpath","value":"//button[@title=\"Save\"]"}
RESULT: {"using":"xpath","value":"//button[@title=\"Save\"]"}
COMMAND: POST /session/764ef295c8f44d2e14b184d73c4fb1a3/element/f.809832546CBCDBCC14053EE8D21219E9.d.7DE7856615BF04A3FA3D959B49BE036B.e.6771/click - {}
RESULT: {}
COMMAND: GET /session/764ef295c8f44d2e14b184d73c4fb1a3/screenshot - {}
RESULT: {}
COMMAND: POST /session/764ef295c8f44d2e14b184d73c4fb1a3/execute/async - {"script":"<script> [1562 bytes]","args":[{"selector":{"id":"application-manageclassifications-display-component---classificationMaster--smartFilterBar-btnBasicSearch","interaction":{"idSuffix":"I"}},"wdio_ui5_key":"applicationmanageclassifications-display-component---classificationMaster--smartFilterBar-btnBasicSearch"}]}
RESULT: {"script":"<script> [1562 bytes]","args":[{"selector":{"id":"application-manageclassifications-display-component---classificationMaster--smartFilterBar-btnBasicSearch","interaction":{"idSuffix":"I"}},"wdio_ui5_key":"applicationmanageclassifications-display-component---classificationMaster--smartFilterBar-btnBasicSearch"}]}
RESULT: undefined
COMMAND: POST /session/764ef295c8f44d2e14b184d73c4fb1a3/execute/async - {"script":"<script> [776 bytes]","args":[{"enterText":"WebdriverItemClassgkvhk","selector":{"id":"application-manageclassifications-display-component---classificationMaster--smartFilterBar-btnBasicSearch","interaction":{"idSuffix":"I"}},"clearTextFirst":true,"interactionType":"ENTER_TEXT"}]}
RESULT: {"script":"<script> [776 bytes]","args":[{"enterText":"WebdriverItemClassgkvhk","selector":{"id":"application-manageclassifications-display-component---classificationMaster--smartFilterBar-btnBasicSearch","interaction":{"idSuffix":"I"}},"clearTextFirst":true,"interactionType":"ENTER_TEXT"}]}
COMMAND: POST /session/764ef295c8f44d2e14b184d73c4fb1a3/actions - {"actions":[{"id":"action47","type":"key","parameters":{},"actions":[{"type":"keyDown","value":""},{"type":"pause","duration":10},{"type":"keyUp","value":""}]}]}
RESULT: {"actions":[{"id":"action47","type":"key","parameters":{},"actions":[{"type":"keyDown","value":""},{"type":"pause","duration":10},{"type":"keyUp","value":""}]}]}
COMMAND: POST /session/764ef295c8f44d2e14b184d73c4fb1a3/execute/async - {"script":"<script> [1562 bytes]","args":[{"selector":{"id":"application-manageclassifications-display-component---classificationMaster--smartTable-header"},"wdio_ui5_key":"applicationmanageclassifications-display-component---classificationMaster--smartTable-header"}]}
COMMAND: GET /session/764ef295c8f44d2e14b184d73c4fb1a3/screenshot - {}
RESULT: {"script":"<script> [1562 bytes]","args":[{"selector":{"id":"application-manageclassifications-display-component---classificationMaster--smartTable-header"},"wdio_ui5_key":"applicationmanageclassifications-display-component---classificationMaster--smartTable-header"}]}
RESULT: undefined
COMMAND: POST /session/764ef295c8f44d2e14b184d73c4fb1a3/execute/async - {"script":"<script> [6424 bytes]","args":[{"element-6066-11e4-a52e-4f735466cecf":"f.809832546CBCDBCC14053EE8D21219E9.d.7DE7856615BF04A3FA3D959B49BE036B.e.7004"},"getText",[]]}
RESULT: {}
RESULT: {"script":"<script> [6424 bytes]","args":[{"element-6066-11e4-a52e-4f735466cecf":"f.809832546CBCDBCC14053EE8D21219E9.d.7DE7856615BF04A3FA3D959B49BE036B.e.7004"},"getText",[]]}
COMMAND: POST /session/764ef295c8f44d2e14b184d73c4fb1a3/element - {"using":"css selector","value":"#shell-header-logo"}
RESULT: {"using":"css selector","value":"#shell-header-logo"}
COMMAND: POST /session/764ef295c8f44d2e14b184d73c4fb1a3/element/f.809832546CBCDBCC14053EE8D21219E9.d.7DE7856615BF04A3FA3D959B49BE036B.e.6456/click - {}
RESULT: {}
COMMAND: GET /session/764ef295c8f44d2e14b184d73c4fb1a3/screenshot - {}
RESULT: {}
]]></system-out>
    </testcase>
    <testcase classname="chrome.137_0_7151_69.windows.Manage_requests_-_requests_specifications_US141095" name="Should create a new section and a catalog item" time="132.685">
      <system-out><![CDATA[
COMMAND: POST /session/764ef295c8f44d2e14b184d73c4fb1a3/execute/async - {"script":"<script> [1562 bytes]","args":[{"selector":{"controlType":"sap.m.GenericTile","properties":{"header":"Manage Catalogs"}},"wdio_ui5_key":"sapm.GenericTile{\"header\":\"Manage Catalogs\"}"}]}
RESULT: {"script":"<script> [1562 bytes]","args":[{"selector":{"controlType":"sap.m.GenericTile","properties":{"header":"Manage Catalogs"}},"wdio_ui5_key":"sapm.GenericTile{\"header\":\"Manage Catalogs\"}"}]}
RESULT: undefined
COMMAND: POST /session/764ef295c8f44d2e14b184d73c4fb1a3/element - {"using":"xpath","value":"//*[@id=\"__tile38\"]"}
RESULT: {"using":"xpath","value":"//*[@id=\"__tile38\"]"}
COMMAND: POST /session/764ef295c8f44d2e14b184d73c4fb1a3/element/f.809832546CBCDBCC14053EE8D21219E9.d.7DE7856615BF04A3FA3D959B49BE036B.e.7008/click - {}
RESULT: {}
COMMAND: GET /session/764ef295c8f44d2e14b184d73c4fb1a3/screenshot - {}
RESULT: {}
COMMAND: POST /session/764ef295c8f44d2e14b184d73c4fb1a3/elements - {"using":"xpath","value":"//span[text()='Error']"}
RESULT: {"using":"xpath","value":"//span[text()='Error']"}
COMMAND: POST /session/764ef295c8f44d2e14b184d73c4fb1a3/execute/async - {"script":"<script> [1562 bytes]","args":[{"selector":{"controlType":"sap.m.Text","viewName":"etm.portal.ui.managecatalogs.view.MasterCatalogs","viewId":"application-managecatalogs-display-component---masterCatalogs","bindingPath":{"path":"/Catalogs('0D7502D073D53A0F1700BE067B89AFF9')","propertyPath":"DESCRIPTION","modelName":"catalogModel"}},"wdio_ui5_key":"etmportal.ui.managecatalogs.view.MasterCatalogssap.m.Text{\"path\":\"/Catalogs('0D7502D073D53A0F1700BE067B89AFF9')\",\"propertyPath\":\"DESCRIPTION\",\"modelName\":\"catalogModel\"}"}]}
RESULT: {"script":"<script> [1562 bytes]","args":[{"selector":{"controlType":"sap.m.Text","viewName":"etm.portal.ui.managecatalogs.view.MasterCatalogs","viewId":"application-managecatalogs-display-component---masterCatalogs","bindingPath":{"path":"/Catalogs('0D7502D073D53A0F1700BE067B89AFF9')","propertyPath":"DESCRIPTION","modelName":"catalogModel"}},"wdio_ui5_key":"etmportal.ui.managecatalogs.view.MasterCatalogssap.m.Text{\"path\":\"/Catalogs('0D7502D073D53A0F1700BE067B89AFF9')\",\"propertyPath\":\"DESCRIPTION\",\"modelName\":\"catalogModel\"}"}]}
RESULT: undefined
COMMAND: POST /session/764ef295c8f44d2e14b184d73c4fb1a3/element - {"using":"xpath","value":"//*[@id=\"__text434-application-managecatalogs-display-component---masterCatalogs--CatalogsTable-11\"]"}
RESULT: {"using":"xpath","value":"//*[@id=\"__text434-application-managecatalogs-display-component---masterCatalogs--CatalogsTable-11\"]"}
COMMAND: POST /session/764ef295c8f44d2e14b184d73c4fb1a3/element/f.809832546CBCDBCC14053EE8D21219E9.d.7DE7856615BF04A3FA3D959B49BE036B.e.7077/click - {}
RESULT: {}
COMMAND: POST /session/764ef295c8f44d2e14b184d73c4fb1a3/execute/async - {"script":"<script> [1562 bytes]","args":[{"selector":{"controlType":"sap.ui.layout.HorizontalLayout","viewName":"etm.portal.ui.managecatalogs.view.MasterItems","viewId":"application-managecatalogs-display-component---masterCatalogItems","ancestor":{"id":"application-managecatalogs-display-component---masterCatalogItems--idCatalogItemsTree-rows-row0"}},"wdio_ui5_key":"etmportal.ui.managecatalogs.view.MasterItemssap.ui.layout.HorizontalLayout{\"id\":\"application-managecatalogs-display-component---masterCatalogItems--idCatalogItemsTree-rows-row0\"}"}]}
COMMAND: GET /session/764ef295c8f44d2e14b184d73c4fb1a3/screenshot - {}
RESULT: {"script":"<script> [1562 bytes]","args":[{"selector":{"controlType":"sap.ui.layout.HorizontalLayout","viewName":"etm.portal.ui.managecatalogs.view.MasterItems","viewId":"application-managecatalogs-display-component---masterCatalogItems","ancestor":{"id":"application-managecatalogs-display-component---masterCatalogItems--idCatalogItemsTree-rows-row0"}},"wdio_ui5_key":"etmportal.ui.managecatalogs.view.MasterItemssap.ui.layout.HorizontalLayout{\"id\":\"application-managecatalogs-display-component---masterCatalogItems--idCatalogItemsTree-rows-row0\"}"}]}
RESULT: undefined
COMMAND: POST /session/764ef295c8f44d2e14b184d73c4fb1a3/element - {"using":"xpath","value":"//*[@id=\"__layout40-__clone388\"]"}
RESULT: {}
RESULT: {"using":"xpath","value":"//*[@id=\"__layout40-__clone388\"]"}
COMMAND: POST /session/764ef295c8f44d2e14b184d73c4fb1a3/element/f.809832546CBCDBCC14053EE8D21219E9.d.7DE7856615BF04A3FA3D959B49BE036B.e.7088/click - {}
RESULT: {}
COMMAND: GET /session/764ef295c8f44d2e14b184d73c4fb1a3/screenshot - {}
RESULT: {}
COMMAND: POST /session/764ef295c8f44d2e14b184d73c4fb1a3/execute/async - {"script":"<script> [1562 bytes]","args":[{"selector":{"controlType":"sap.m.Button","viewName":"etm.portal.ui.managecatalogs.view.Detail","viewId":"application-managecatalogs-display-component---detailCatalog","i18NText":{"propertyName":"text","key":"edit"},"interaction":{"idSuffix":"BDI-content"}},"wdio_ui5_key":"etmportal.ui.managecatalogs.view.Detailsap.m.Button{\"propertyName\":\"text\",\"key\":\"edit\"}"}]}
RESULT: {"script":"<script> [1562 bytes]","args":[{"selector":{"controlType":"sap.m.Button","viewName":"etm.portal.ui.managecatalogs.view.Detail","viewId":"application-managecatalogs-display-component---detailCatalog","i18NText":{"propertyName":"text","key":"edit"},"interaction":{"idSuffix":"BDI-content"}},"wdio_ui5_key":"etmportal.ui.managecatalogs.view.Detailsap.m.Button{\"propertyName\":\"text\",\"key\":\"edit\"}"}]}
RESULT: undefined
COMMAND: POST /session/764ef295c8f44d2e14b184d73c4fb1a3/element - {"using":"xpath","value":"//*[@id=\"__button88\"]"}
RESULT: {"using":"xpath","value":"//*[@id=\"__button88\"]"}
COMMAND: POST /session/764ef295c8f44d2e14b184d73c4fb1a3/element/f.809832546CBCDBCC14053EE8D21219E9.d.7DE7856615BF04A3FA3D959B49BE036B.e.7193/click - {}
RESULT: {}
COMMAND: GET /session/764ef295c8f44d2e14b184d73c4fb1a3/screenshot - {}
RESULT: undefined
RESULT: {}
COMMAND: POST /session/764ef295c8f44d2e14b184d73c4fb1a3/element - {"using":"xpath","value":"//bdi[contains(text(), \"Unlock\")]"}
RESULT: {"using":"xpath","value":"//bdi[contains(text(), \"Unlock\")]"}
COMMAND: POST /session/764ef295c8f44d2e14b184d73c4fb1a3/elements - {"using":"xpath","value":"//bdi[contains(text(), \"Unlock\")]"}
RESULT: {"using":"xpath","value":"//bdi[contains(text(), \"Unlock\")]"}
COMMAND: POST /session/764ef295c8f44d2e14b184d73c4fb1a3/execute/async - {"script":"<script> [1562 bytes]","args":[{"selector":{"controlType":"sap.ui.core.Icon","viewName":"etm.portal.ui.managecatalogs.view.Detail","viewId":"application-managecatalogs-display-component---detailCatalog","properties":{"src":{"regex":{"source":"add\\-folder"}}}},"wdio_ui5_key":"etmportal.ui.managecatalogs.view.Detailsap.ui.core.Icon{\"src\":{\"regex\":{\"source\":\"add\\\\-folder\"}}}"}]}
RESULT: {"script":"<script> [1562 bytes]","args":[{"selector":{"controlType":"sap.ui.core.Icon","viewName":"etm.portal.ui.managecatalogs.view.Detail","viewId":"application-managecatalogs-display-component---detailCatalog","properties":{"src":{"regex":{"source":"add\\-folder"}}}},"wdio_ui5_key":"etmportal.ui.managecatalogs.view.Detailsap.ui.core.Icon{\"src\":{\"regex\":{\"source\":\"add\\\\-folder\"}}}"}]}
RESULT: undefined
COMMAND: POST /session/764ef295c8f44d2e14b184d73c4fb1a3/element - {"using":"xpath","value":"//*[@id=\"__button96-img\"]"}
RESULT: {"using":"xpath","value":"//*[@id=\"__button96-img\"]"}
COMMAND: POST /session/764ef295c8f44d2e14b184d73c4fb1a3/element/f.809832546CBCDBCC14053EE8D21219E9.d.7DE7856615BF04A3FA3D959B49BE036B.e.7202/click - {}
RESULT: {}
COMMAND: GET /session/764ef295c8f44d2e14b184d73c4fb1a3/screenshot - {}
RESULT: {}
COMMAND: POST /session/764ef295c8f44d2e14b184d73c4fb1a3/execute/async - {"script":"<script> [1562 bytes]","args":[{"selector":{"id":"application-managecatalogs-display-component---detailCatalog--numberInput","searchOpenDialogs":true,"interaction":{"idSuffix":"inner"}},"wdio_ui5_key":"applicationmanagecatalogs-display-component---detailCatalog--numberInput"}]}
RESULT: {"script":"<script> [1562 bytes]","args":[{"selector":{"id":"application-managecatalogs-display-component---detailCatalog--numberInput","searchOpenDialogs":true,"interaction":{"idSuffix":"inner"}},"wdio_ui5_key":"applicationmanagecatalogs-display-component---detailCatalog--numberInput"}]}
RESULT: undefined
COMMAND: POST /session/764ef295c8f44d2e14b184d73c4fb1a3/execute/async - {"script":"<script> [776 bytes]","args":[{"enterText":"Sectionwvnc0g","selector":{"id":"application-managecatalogs-display-component---detailCatalog--numberInput","searchOpenDialogs":true,"interaction":{"idSuffix":"inner"}},"clearTextFirst":true,"interactionType":"ENTER_TEXT"}]}
RESULT: {"script":"<script> [776 bytes]","args":[{"enterText":"Sectionwvnc0g","selector":{"id":"application-managecatalogs-display-component---detailCatalog--numberInput","searchOpenDialogs":true,"interaction":{"idSuffix":"inner"}},"clearTextFirst":true,"interactionType":"ENTER_TEXT"}]}
COMMAND: POST /session/764ef295c8f44d2e14b184d73c4fb1a3/element - {"using":"css selector","value":"#application-managecatalogs-display-component---detailCatalog--nameInput-inner"}
RESULT: {"using":"css selector","value":"#application-managecatalogs-display-component---detailCatalog--nameInput-inner"}
COMMAND: POST /session/764ef295c8f44d2e14b184d73c4fb1a3/elements - {"using":"css selector","value":"#application-managecatalogs-display-component---detailCatalog--nameInput-inner"}
RESULT: {"using":"css selector","value":"#application-managecatalogs-display-component---detailCatalog--nameInput-inner"}
COMMAND: POST /session/764ef295c8f44d2e14b184d73c4fb1a3/element/f.809832546CBCDBCC14053EE8D21219E9.d.7DE7856615BF04A3FA3D959B49BE036B.e.7206/clear - {}
RESULT: {}
COMMAND: POST /session/764ef295c8f44d2e14b184d73c4fb1a3/element/f.809832546CBCDBCC14053EE8D21219E9.d.7DE7856615BF04A3FA3D959B49BE036B.e.7206/value - {"text":"Webdriverj527vk"}
COMMAND: GET /session/764ef295c8f44d2e14b184d73c4fb1a3/screenshot - {}
RESULT: {"text":"Webdriverj527vk"}
COMMAND: POST /session/764ef295c8f44d2e14b184d73c4fb1a3/execute/async - {"script":"<script> [1562 bytes]","args":[{"selector":{"controlType":"sap.m.Button","viewName":"etm.portal.ui.managecatalogs.view.Detail","viewId":"application-managecatalogs-display-component---detailCatalog","i18NText":{"propertyName":"text","key":"create"},"searchOpenDialogs":true,"interaction":{"idSuffix":"BDI-content"}},"wdio_ui5_key":"etmportal.ui.managecatalogs.view.Detailsap.m.Button{\"propertyName\":\"text\",\"key\":\"create\"}"}]}
COMMAND: GET /session/764ef295c8f44d2e14b184d73c4fb1a3/screenshot - {}
RESULT: {}
RESULT: {"script":"<script> [1562 bytes]","args":[{"selector":{"controlType":"sap.m.Button","viewName":"etm.portal.ui.managecatalogs.view.Detail","viewId":"application-managecatalogs-display-component---detailCatalog","i18NText":{"propertyName":"text","key":"create"},"searchOpenDialogs":true,"interaction":{"idSuffix":"BDI-content"}},"wdio_ui5_key":"etmportal.ui.managecatalogs.view.Detailsap.m.Button{\"propertyName\":\"text\",\"key\":\"create\"}"}]}
RESULT: undefined
COMMAND: POST /session/764ef295c8f44d2e14b184d73c4fb1a3/element - {"using":"xpath","value":"//*[@id=\"__button66\"]"}
RESULT: {}
RESULT: {"using":"xpath","value":"//*[@id=\"__button66\"]"}
COMMAND: POST /session/764ef295c8f44d2e14b184d73c4fb1a3/element/f.809832546CBCDBCC14053EE8D21219E9.d.7DE7856615BF04A3FA3D959B49BE036B.e.7211/click - {}
RESULT: {}
COMMAND: GET /session/764ef295c8f44d2e14b184d73c4fb1a3/screenshot - {}
RESULT: {}
COMMAND: POST /session/764ef295c8f44d2e14b184d73c4fb1a3/element - {"using":"xpath","value":"//button[@title=\"Save\"]"}
RESULT: {"using":"xpath","value":"//button[@title=\"Save\"]"}
COMMAND: POST /session/764ef295c8f44d2e14b184d73c4fb1a3/element/f.809832546CBCDBCC14053EE8D21219E9.d.7DE7856615BF04A3FA3D959B49BE036B.e.7212/click - {}
RESULT: {}
COMMAND: POST /session/764ef295c8f44d2e14b184d73c4fb1a3/execute/async - {"script":"<script> [1562 bytes]","args":[{"selector":{"controlType":"sap.ui.core.Icon","viewName":"etm.portal.ui.managecatalogs.view.Detail","viewId":"application-managecatalogs-display-component---detailCatalog","properties":{"src":{"regex":{"source":"decline"}}}},"wdio_ui5_key":"etmportal.ui.managecatalogs.view.Detailsap.ui.core.Icon{\"src\":{\"regex\":{\"source\":\"decline\"}}}"}]}
COMMAND: GET /session/764ef295c8f44d2e14b184d73c4fb1a3/screenshot - {}
RESULT: {"script":"<script> [1562 bytes]","args":[{"selector":{"controlType":"sap.ui.core.Icon","viewName":"etm.portal.ui.managecatalogs.view.Detail","viewId":"application-managecatalogs-display-component---detailCatalog","properties":{"src":{"regex":{"source":"decline"}}}},"wdio_ui5_key":"etmportal.ui.managecatalogs.view.Detailsap.ui.core.Icon{\"src\":{\"regex\":{\"source\":\"decline\"}}}"}]}
RESULT: undefined
COMMAND: POST /session/764ef295c8f44d2e14b184d73c4fb1a3/element - {"using":"xpath","value":"//*[@id=\"__button91-img\"]"}
RESULT: {}
RESULT: {"using":"xpath","value":"//*[@id=\"__button91-img\"]"}
COMMAND: POST /session/764ef295c8f44d2e14b184d73c4fb1a3/element/f.809832546CBCDBCC14053EE8D21219E9.d.7DE7856615BF04A3FA3D959B49BE036B.e.7217/click - {}
RESULT: {}
COMMAND: GET /session/764ef295c8f44d2e14b184d73c4fb1a3/screenshot - {}
RESULT: {}
COMMAND: POST /session/764ef295c8f44d2e14b184d73c4fb1a3/execute/async - {"script":"<script> [1562 bytes]","args":[{"selector":{"controlType":"sap.ui.core.Icon","viewName":"etm.portal.ui.managecatalogs.view.MasterItems","viewId":"application-managecatalogs-display-component---masterCatalogItems","properties":{"src":{"regex":{"source":"refresh"}}}},"wdio_ui5_key":"etmportal.ui.managecatalogs.view.MasterItemssap.ui.core.Icon{\"src\":{\"regex\":{\"source\":\"refresh\"}}}"}]}
RESULT: {"script":"<script> [1562 bytes]","args":[{"selector":{"controlType":"sap.ui.core.Icon","viewName":"etm.portal.ui.managecatalogs.view.MasterItems","viewId":"application-managecatalogs-display-component---masterCatalogItems","properties":{"src":{"regex":{"source":"refresh"}}}},"wdio_ui5_key":"etmportal.ui.managecatalogs.view.MasterItemssap.ui.core.Icon{\"src\":{\"regex\":{\"source\":\"refresh\"}}}"}]}
RESULT: undefined
COMMAND: POST /session/764ef295c8f44d2e14b184d73c4fb1a3/element - {"using":"xpath","value":"//*[@id=\"__button64-img\"]"}
RESULT: {"using":"xpath","value":"//*[@id=\"__button64-img\"]"}
COMMAND: POST /session/764ef295c8f44d2e14b184d73c4fb1a3/element/f.809832546CBCDBCC14053EE8D21219E9.d.7DE7856615BF04A3FA3D959B49BE036B.e.7250/click - {}
RESULT: {}
COMMAND: POST /session/764ef295c8f44d2e14b184d73c4fb1a3/execute/async - {"script":"<script> [1562 bytes]","args":[{"selector":{"id":"application-managecatalogs-display-component---masterCatalogItems--searchItemsField","interaction":{"idSuffix":"I"}},"wdio_ui5_key":"applicationmanagecatalogs-display-component---masterCatalogItems--searchItemsField"}]}
COMMAND: GET /session/764ef295c8f44d2e14b184d73c4fb1a3/screenshot - {}
RESULT: {"script":"<script> [1562 bytes]","args":[{"selector":{"id":"application-managecatalogs-display-component---masterCatalogItems--searchItemsField","interaction":{"idSuffix":"I"}},"wdio_ui5_key":"applicationmanagecatalogs-display-component---masterCatalogItems--searchItemsField"}]}
RESULT: undefined
COMMAND: POST /session/764ef295c8f44d2e14b184d73c4fb1a3/execute/async - {"script":"<script> [776 bytes]","args":[{"enterText":"Webdriverj527vk","selector":{"id":"application-managecatalogs-display-component---masterCatalogItems--searchItemsField","interaction":{"idSuffix":"I"}},"clearTextFirst":true,"interactionType":"ENTER_TEXT"}]}
RESULT: {}
RESULT: {"script":"<script> [776 bytes]","args":[{"enterText":"Webdriverj527vk","selector":{"id":"application-managecatalogs-display-component---masterCatalogItems--searchItemsField","interaction":{"idSuffix":"I"}},"clearTextFirst":true,"interactionType":"ENTER_TEXT"}]}
COMMAND: POST /session/764ef295c8f44d2e14b184d73c4fb1a3/actions - {"actions":[{"id":"action48","type":"key","parameters":{},"actions":[{"type":"keyDown","value":""},{"type":"pause","duration":10},{"type":"keyUp","value":""}]}]}
RESULT: {"actions":[{"id":"action48","type":"key","parameters":{},"actions":[{"type":"keyDown","value":""},{"type":"pause","duration":10},{"type":"keyUp","value":""}]}]}
COMMAND: POST /session/764ef295c8f44d2e14b184d73c4fb1a3/element - {"using":"xpath","value":"(//span[contains(text(), \"Webdriverj527vk\")])[1]"}
COMMAND: GET /session/764ef295c8f44d2e14b184d73c4fb1a3/screenshot - {}
RESULT: {"using":"xpath","value":"(//span[contains(text(), \"Webdriverj527vk\")])[1]"}
COMMAND: POST /session/764ef295c8f44d2e14b184d73c4fb1a3/element/f.809832546CBCDBCC14053EE8D21219E9.d.7DE7856615BF04A3FA3D959B49BE036B.e.7253/click - {}
RESULT: {}
RESULT: {}
COMMAND: GET /session/764ef295c8f44d2e14b184d73c4fb1a3/screenshot - {}
RESULT: {}
RESULT: undefined
COMMAND: POST /session/764ef295c8f44d2e14b184d73c4fb1a3/element - {"using":"xpath","value":"//*[@id=\"__button88\"]"}
RESULT: {"using":"xpath","value":"//*[@id=\"__button88\"]"}
COMMAND: POST /session/764ef295c8f44d2e14b184d73c4fb1a3/element/f.809832546CBCDBCC14053EE8D21219E9.d.7DE7856615BF04A3FA3D959B49BE036B.e.7290/click - {}
RESULT: {}
COMMAND: GET /session/764ef295c8f44d2e14b184d73c4fb1a3/screenshot - {}
RESULT: {}
RESULT: undefined
COMMAND: POST /session/764ef295c8f44d2e14b184d73c4fb1a3/element - {"using":"xpath","value":"//*[@id=\"__button96-img\"]"}
RESULT: {"using":"xpath","value":"//*[@id=\"__button96-img\"]"}
COMMAND: POST /session/764ef295c8f44d2e14b184d73c4fb1a3/element/f.809832546CBCDBCC14053EE8D21219E9.d.7DE7856615BF04A3FA3D959B49BE036B.e.7339/click - {}
RESULT: {}
COMMAND: GET /session/764ef295c8f44d2e14b184d73c4fb1a3/screenshot - {}
RESULT: {}
RESULT: undefined
COMMAND: POST /session/764ef295c8f44d2e14b184d73c4fb1a3/execute/async - {"script":"<script> [776 bytes]","args":[{"enterText":"SecondSection9occy","selector":{"id":"application-managecatalogs-display-component---detailCatalog--numberInput","searchOpenDialogs":true,"interaction":{"idSuffix":"inner"}},"clearTextFirst":true,"interactionType":"ENTER_TEXT"}]}
RESULT: {"script":"<script> [776 bytes]","args":[{"enterText":"SecondSection9occy","selector":{"id":"application-managecatalogs-display-component---detailCatalog--numberInput","searchOpenDialogs":true,"interaction":{"idSuffix":"inner"}},"clearTextFirst":true,"interactionType":"ENTER_TEXT"}]}
COMMAND: POST /session/764ef295c8f44d2e14b184d73c4fb1a3/element - {"using":"xpath","value":"//input[contains(@id ,\"application-managecatalogs-display-component---detailCatalog--nameInput-inner\")]"}
RESULT: {"using":"xpath","value":"//input[contains(@id ,\"application-managecatalogs-display-component---detailCatalog--nameInput-inner\")]"}
COMMAND: POST /session/764ef295c8f44d2e14b184d73c4fb1a3/elements - {"using":"xpath","value":"//input[contains(@id ,\"application-managecatalogs-display-component---detailCatalog--nameInput-inner\")]"}
RESULT: {"using":"xpath","value":"//input[contains(@id ,\"application-managecatalogs-display-component---detailCatalog--nameInput-inner\")]"}
COMMAND: POST /session/764ef295c8f44d2e14b184d73c4fb1a3/element/f.809832546CBCDBCC14053EE8D21219E9.d.7DE7856615BF04A3FA3D959B49BE036B.e.7342/clear - {}
RESULT: {}
COMMAND: POST /session/764ef295c8f44d2e14b184d73c4fb1a3/element/f.809832546CBCDBCC14053EE8D21219E9.d.7DE7856615BF04A3FA3D959B49BE036B.e.7342/value - {"text":"webdriversecondfdgds"}
COMMAND: GET /session/764ef295c8f44d2e14b184d73c4fb1a3/screenshot - {}
RESULT: {"text":"webdriversecondfdgds"}
RESULT: undefined
COMMAND: POST /session/764ef295c8f44d2e14b184d73c4fb1a3/element - {"using":"xpath","value":"//*[@id=\"__button66\"]"}
COMMAND: GET /session/764ef295c8f44d2e14b184d73c4fb1a3/screenshot - {}
RESULT: {}
RESULT: {"using":"xpath","value":"//*[@id=\"__button66\"]"}
COMMAND: POST /session/764ef295c8f44d2e14b184d73c4fb1a3/element/f.809832546CBCDBCC14053EE8D21219E9.d.7DE7856615BF04A3FA3D959B49BE036B.e.7346/click - {}
RESULT: {}
RESULT: {}
COMMAND: GET /session/764ef295c8f44d2e14b184d73c4fb1a3/screenshot - {}
RESULT: {}
COMMAND: POST /session/764ef295c8f44d2e14b184d73c4fb1a3/element - {"using":"xpath","value":"//button[@title=\"Save\"]"}
RESULT: {"using":"xpath","value":"//button[@title=\"Save\"]"}
COMMAND: POST /session/764ef295c8f44d2e14b184d73c4fb1a3/element/f.809832546CBCDBCC14053EE8D21219E9.d.7DE7856615BF04A3FA3D959B49BE036B.e.7324/click - {}
RESULT: {}
COMMAND: GET /session/764ef295c8f44d2e14b184d73c4fb1a3/screenshot - {}
RESULT: {}
RESULT: undefined
COMMAND: POST /session/764ef295c8f44d2e14b184d73c4fb1a3/element - {"using":"xpath","value":"//*[@id=\"__button91-img\"]"}
RESULT: {"using":"xpath","value":"//*[@id=\"__button91-img\"]"}
COMMAND: POST /session/764ef295c8f44d2e14b184d73c4fb1a3/element/f.809832546CBCDBCC14053EE8D21219E9.d.7DE7856615BF04A3FA3D959B49BE036B.e.7297/click - {}
RESULT: {}
COMMAND: GET /session/764ef295c8f44d2e14b184d73c4fb1a3/screenshot - {}
RESULT: {}
RESULT: undefined
COMMAND: POST /session/764ef295c8f44d2e14b184d73c4fb1a3/element - {"using":"xpath","value":"//*[@id=\"__button64-img\"]"}
RESULT: {"using":"xpath","value":"//*[@id=\"__button64-img\"]"}
COMMAND: POST /session/764ef295c8f44d2e14b184d73c4fb1a3/element/f.809832546CBCDBCC14053EE8D21219E9.d.7DE7856615BF04A3FA3D959B49BE036B.e.7383/click - {}
RESULT: {}
COMMAND: GET /session/764ef295c8f44d2e14b184d73c4fb1a3/screenshot - {}
RESULT: {}
RESULT: undefined
COMMAND: POST /session/764ef295c8f44d2e14b184d73c4fb1a3/execute/async - {"script":"<script> [776 bytes]","args":[{"enterText":"SecondSection9occy","selector":{"id":"application-managecatalogs-display-component---masterCatalogItems--searchItemsField","interaction":{"idSuffix":"I"}},"clearTextFirst":true,"interactionType":"ENTER_TEXT"}]}
RESULT: {"script":"<script> [776 bytes]","args":[{"enterText":"SecondSection9occy","selector":{"id":"application-managecatalogs-display-component---masterCatalogItems--searchItemsField","interaction":{"idSuffix":"I"}},"clearTextFirst":true,"interactionType":"ENTER_TEXT"}]}
COMMAND: POST /session/764ef295c8f44d2e14b184d73c4fb1a3/actions - {"actions":[{"id":"action49","type":"key","parameters":{},"actions":[{"type":"keyDown","value":""},{"type":"pause","duration":10},{"type":"keyUp","value":""}]}]}
RESULT: {"actions":[{"id":"action49","type":"key","parameters":{},"actions":[{"type":"keyDown","value":""},{"type":"pause","duration":10},{"type":"keyUp","value":""}]}]}
COMMAND: POST /session/764ef295c8f44d2e14b184d73c4fb1a3/element - {"using":"xpath","value":"(//span[contains(text(), \"SecondSection9occy\")])[1]"}
COMMAND: GET /session/764ef295c8f44d2e14b184d73c4fb1a3/screenshot - {}
RESULT: {}
RESULT: {"using":"xpath","value":"(//span[contains(text(), \"SecondSection9occy\")])[1]"}
COMMAND: POST /session/764ef295c8f44d2e14b184d73c4fb1a3/element/f.809832546CBCDBCC14053EE8D21219E9.d.7DE7856615BF04A3FA3D959B49BE036B.e.7386/click - {}
RESULT: {}
COMMAND: POST /session/764ef295c8f44d2e14b184d73c4fb1a3/element - {"using":"xpath","value":"(//span[contains(text(), \"SecondSection9occy\")])[1]"}
COMMAND: GET /session/764ef295c8f44d2e14b184d73c4fb1a3/screenshot - {}
RESULT: {"using":"xpath","value":"(//span[contains(text(), \"SecondSection9occy\")])[1]"}
COMMAND: GET /session/764ef295c8f44d2e14b184d73c4fb1a3/element/f.809832546CBCDBCC14053EE8D21219E9.d.7DE7856615BF04A3FA3D959B49BE036B.e.7386/text - {}
RESULT: {}
COMMAND: POST /session/764ef295c8f44d2e14b184d73c4fb1a3/element - {"using":"xpath","value":"(//span[contains(text(), \"SecondSection9occy\")])[1]"}
RESULT: {"using":"xpath","value":"(//span[contains(text(), \"SecondSection9occy\")])[1]"}
COMMAND: GET /session/764ef295c8f44d2e14b184d73c4fb1a3/element/f.809832546CBCDBCC14053EE8D21219E9.d.7DE7856615BF04A3FA3D959B49BE036B.e.7386/text - {}
COMMAND: POST /session/764ef295c8f44d2e14b184d73c4fb1a3/element - {"using":"xpath","value":"(//span[contains(text(), \"SecondSection9occy\")])[1]"}
RESULT: {"using":"xpath","value":"(//span[contains(text(), \"SecondSection9occy\")])[1]"}
COMMAND: GET /session/764ef295c8f44d2e14b184d73c4fb1a3/element/f.809832546CBCDBCC14053EE8D21219E9.d.7DE7856615BF04A3FA3D959B49BE036B.e.7441/text - {}
RESULT: {}
COMMAND: POST /session/764ef295c8f44d2e14b184d73c4fb1a3/refresh - {}
RESULT: {}
COMMAND: GET /session/764ef295c8f44d2e14b184d73c4fb1a3/screenshot - {}
RESULT: {}
COMMAND: POST /session/764ef295c8f44d2e14b184d73c4fb1a3/execute/async - {"script":"<script> [189 bytes]","args":[]}
RESULT: {"script":"<script> [189 bytes]","args":[]}
COMMAND: POST /session/764ef295c8f44d2e14b184d73c4fb1a3/execute/async - {"script":"<script> [123 bytes]","args":[]}
RESULT: {"script":"<script> [123 bytes]","args":[]}
COMMAND: POST /session/764ef295c8f44d2e14b184d73c4fb1a3/timeouts - {"script":"<number>"}
RESULT: {"script":"<number>"}
COMMAND: GET /session/764ef295c8f44d2e14b184d73c4fb1a3/timeouts - {}
RESULT: {}
RESULT: undefined
COMMAND: POST /session/764ef295c8f44d2e14b184d73c4fb1a3/execute/async - {"script":"<script> [2676 bytes]","args":[]}
RESULT: {"script":"<script> [2676 bytes]","args":[]}
COMMAND: POST /session/764ef295c8f44d2e14b184d73c4fb1a3/execute/async - {"script":"<script> [2342 bytes]","args":[{"protocol":"http","hostname":"0.0.0.0","path":"/","capabilities":{"browserName":"chrome","goog:chromeOptions":{"binary":"C:\\Program Files\\Google\\Chrome\\Application\\chrome.exe","args":["--start-maximized"]}},"logLevel":"warn","connectionRetryTimeout":120000,"connectionRetryCount":3,"logLevels":{},"enableDirectConnect":true,"strictSSL":true,"_":"65 more keys: [\"cacheDir\",\"port\",\"requestedCapabilities\",\"automationProtocol\",\"baseUrl\",\"waitforInterval\",\"waitforTimeout\",\"onReload\",\"beforeCommand\",\"afterCommand\",\"rootDir\",\"specs\",\"suites\",\"exclude\",\"groupLogsByTestSpec\",\"excludeDriverLogs\",\"bail\",\"framework\",\"reporters\",\"services\",\"maxInstances\",\"maxInstancesPerCapability\",\"injectGlobals\",\"filesToWatch\",\"execArgv\",\"runnerEnv\",\"runner\",\"shard\",\"specFileRetries\",\"specFileRetriesDelay\",\"specFileRetriesDeferred\",\"reporterSyncInterval\",\"reporterSyncTimeout\",\"cucumberFeaturesWithLineNumbers\",\"autoCompileOpts\",\"mochaOpts\",\"jasmineOpts\",\"cucumberOpts\",\"onPrepare\",\"onWorkerStart\",\"onWorkerEnd\",\"before\",\"beforeSession\",\"beforeSuite\",\"beforeHook\",\"beforeTest\",\"afterTest\",\"afterHook\",\"afterSuite\",\"afterSession\",\"after\",\"onComplete\",\"beforeAssertion\",\"afterAssertion\",\"beforeFeature\",\"beforeScenario\",\"beforeStep\",\"afterStep\",\"afterScenario\",\"afterFeature\",\"_\",\"suite\",\"$0\",\"ignoredWorkerServices\",\"wdi5\"]"}]}
RESULT: {"script":"<script> [2342 bytes]","args":[{"protocol":"http","hostname":"0.0.0.0","path":"/","capabilities":{"browserName":"chrome","goog:chromeOptions":{"binary":"C:\\Program Files\\Google\\Chrome\\Application\\chrome.exe","args":["--start-maximized"]}},"logLevel":"warn","connectionRetryTimeout":120000,"connectionRetryCount":3,"logLevels":{},"enableDirectConnect":true,"strictSSL":true,"_":"65 more keys: [\"cacheDir\",\"port\",\"requestedCapabilities\",\"automationProtocol\",\"baseUrl\",\"waitforInterval\",\"waitforTimeout\",\"onReload\",\"beforeCommand\",\"afterCommand\",\"rootDir\",\"specs\",\"suites\",\"exclude\",\"groupLogsByTestSpec\",\"excludeDriverLogs\",\"bail\",\"framework\",\"reporters\",\"services\",\"maxInstances\",\"maxInstancesPerCapability\",\"injectGlobals\",\"filesToWatch\",\"execArgv\",\"runnerEnv\",\"runner\",\"shard\",\"specFileRetries\",\"specFileRetriesDelay\",\"specFileRetriesDeferred\",\"reporterSyncInterval\",\"reporterSyncTimeout\",\"cucumberFeaturesWithLineNumbers\",\"autoCompileOpts\",\"mochaOpts\",\"jasmineOpts\",\"cucumberOpts\",\"onPrepare\",\"onWorkerStart\",\"onWorkerEnd\",\"before\",\"beforeSession\",\"beforeSuite\",\"beforeHook\",\"beforeTest\",\"afterTest\",\"afterHook\",\"afterSuite\",\"afterSession\",\"after\",\"onComplete\",\"beforeAssertion\",\"afterAssertion\",\"beforeFeature\",\"beforeScenario\",\"beforeStep\",\"afterStep\",\"afterScenario\",\"afterFeature\",\"_\",\"suite\",\"$0\",\"ignoredWorkerServices\",\"wdi5\"]"}]}
COMMAND: POST /session/764ef295c8f44d2e14b184d73c4fb1a3/execute/async - {"script":"<script> [21126 bytes]","args":[35000]}
RESULT: {"script":"<script> [21126 bytes]","args":[35000]}
COMMAND: POST /session/764ef295c8f44d2e14b184d73c4fb1a3/execute/async - {"script":"<script> [1562 bytes]","args":[{"selector":{"controlType":"sap.m.Button","viewName":"etm.portal.ui.managecatalogs.view.Detail","viewId":"application-managecatalogs-display-component---detailCatalog","i18NText":{"propertyName":"text","key":"edit"},"interaction":{"idSuffix":"BDI-content"}},"wdio_ui5_key":"etmportal.ui.managecatalogs.view.Detailsap.m.Button{\"propertyName\":\"text\",\"key\":\"edit\"}"}]}
RESULT: {"script":"<script> [1562 bytes]","args":[{"selector":{"controlType":"sap.m.Button","viewName":"etm.portal.ui.managecatalogs.view.Detail","viewId":"application-managecatalogs-display-component---detailCatalog","i18NText":{"propertyName":"text","key":"edit"},"interaction":{"idSuffix":"BDI-content"}},"wdio_ui5_key":"etmportal.ui.managecatalogs.view.Detailsap.m.Button{\"propertyName\":\"text\",\"key\":\"edit\"}"}]}
RESULT: undefined
COMMAND: POST /session/764ef295c8f44d2e14b184d73c4fb1a3/element - {"using":"xpath","value":"//*[@id=\"__button25\"]"}
RESULT: {"using":"xpath","value":"//*[@id=\"__button25\"]"}
COMMAND: POST /session/764ef295c8f44d2e14b184d73c4fb1a3/element/f.809832546CBCDBCC14053EE8D21219E9.d.5875FB01CC4006970FAAF0DB8914670B.e.7493/click - {}
RESULT: {}
COMMAND: POST /session/764ef295c8f44d2e14b184d73c4fb1a3/execute/async - {"script":"<script> [1562 bytes]","args":[{"selector":{"controlType":"sap.ui.core.Icon","viewName":"etm.portal.ui.managecatalogs.view.Detail","viewId":"application-managecatalogs-display-component---detailCatalog","properties":{"src":{"regex":{"source":"add\\-document"}}}},"wdio_ui5_key":"etmportal.ui.managecatalogs.view.Detailsap.ui.core.Icon{\"src\":{\"regex\":{\"source\":\"add\\\\-document\"}}}"}]}
COMMAND: GET /session/764ef295c8f44d2e14b184d73c4fb1a3/screenshot - {}
RESULT: undefined
RESULT: {"script":"<script> [1562 bytes]","args":[{"selector":{"controlType":"sap.ui.core.Icon","viewName":"etm.portal.ui.managecatalogs.view.Detail","viewId":"application-managecatalogs-display-component---detailCatalog","properties":{"src":{"regex":{"source":"add\\-document"}}}},"wdio_ui5_key":"etmportal.ui.managecatalogs.view.Detailsap.ui.core.Icon{\"src\":{\"regex\":{\"source\":\"add\\\\-document\"}}}"}]}
RESULT: undefined
COMMAND: POST /session/764ef295c8f44d2e14b184d73c4fb1a3/element - {"using":"xpath","value":"//*[@id=\"__button34-img\"]"}
RESULT: {}
RESULT: {"using":"xpath","value":"//*[@id=\"__button34-img\"]"}
COMMAND: POST /session/764ef295c8f44d2e14b184d73c4fb1a3/element/f.809832546CBCDBCC14053EE8D21219E9.d.5875FB01CC4006970FAAF0DB8914670B.e.7500/click - {}
RESULT: {}
COMMAND: POST /session/764ef295c8f44d2e14b184d73c4fb1a3/execute/async - {"script":"<script> [1562 bytes]","args":[{"selector":{"id":"application-managecatalogs-display-component---detailCatalog--newItemNumberInput","searchOpenDialogs":true,"interaction":{"idSuffix":"inner"}},"wdio_ui5_key":"applicationmanagecatalogs-display-component---detailCatalog--newItemNumberInput"}]}
COMMAND: GET /session/764ef295c8f44d2e14b184d73c4fb1a3/screenshot - {}
RESULT: {"script":"<script> [1562 bytes]","args":[{"selector":{"id":"application-managecatalogs-display-component---detailCatalog--newItemNumberInput","searchOpenDialogs":true,"interaction":{"idSuffix":"inner"}},"wdio_ui5_key":"applicationmanagecatalogs-display-component---detailCatalog--newItemNumberInput"}]}
RESULT: undefined
COMMAND: POST /session/764ef295c8f44d2e14b184d73c4fb1a3/execute/async - {"script":"<script> [776 bytes]","args":[{"enterText":"catalogItem5c9wl","selector":{"id":"application-managecatalogs-display-component---detailCatalog--newItemNumberInput","searchOpenDialogs":true,"interaction":{"idSuffix":"inner"}},"clearTextFirst":true,"interactionType":"ENTER_TEXT"}]}
RESULT: {}
RESULT: {"script":"<script> [776 bytes]","args":[{"enterText":"catalogItem5c9wl","selector":{"id":"application-managecatalogs-display-component---detailCatalog--newItemNumberInput","searchOpenDialogs":true,"interaction":{"idSuffix":"inner"}},"clearTextFirst":true,"interactionType":"ENTER_TEXT"}]}
COMMAND: POST /session/764ef295c8f44d2e14b184d73c4fb1a3/execute/async - {"script":"<script> [1562 bytes]","args":[{"selector":{"controlType":"sap.m.Input","viewName":"etm.portal.ui.managecatalogs.view.Detail","viewId":"application-managecatalogs-display-component---detailCatalog","bindingPath":{"path":"","propertyPath":"/DESCRIPTION"},"searchOpenDialogs":true,"interaction":{"idSuffix":"inner"}},"wdio_ui5_key":"etmportal.ui.managecatalogs.view.Detailsap.m.Input{\"path\":\"\",\"propertyPath\":\"/DESCRIPTION\"}"}]}
RESULT: {"script":"<script> [1562 bytes]","args":[{"selector":{"controlType":"sap.m.Input","viewName":"etm.portal.ui.managecatalogs.view.Detail","viewId":"application-managecatalogs-display-component---detailCatalog","bindingPath":{"path":"","propertyPath":"/DESCRIPTION"},"searchOpenDialogs":true,"interaction":{"idSuffix":"inner"}},"wdio_ui5_key":"etmportal.ui.managecatalogs.view.Detailsap.m.Input{\"path\":\"\",\"propertyPath\":\"/DESCRIPTION\"}"}]}
RESULT: undefined
COMMAND: POST /session/764ef295c8f44d2e14b184d73c4fb1a3/execute/async - {"script":"<script> [776 bytes]","args":[{"enterText":"catalogItemName2ygg9","selector":{"controlType":"sap.m.Input","viewName":"etm.portal.ui.managecatalogs.view.Detail","viewId":"application-managecatalogs-display-component---detailCatalog","bindingPath":{"path":"","propertyPath":"/DESCRIPTION"},"searchOpenDialogs":true,"interaction":{"idSuffix":"inner"}},"clearTextFirst":true,"interactionType":"ENTER_TEXT"}]}
RESULT: {"script":"<script> [776 bytes]","args":[{"enterText":"catalogItemName2ygg9","selector":{"controlType":"sap.m.Input","viewName":"etm.portal.ui.managecatalogs.view.Detail","viewId":"application-managecatalogs-display-component---detailCatalog","bindingPath":{"path":"","propertyPath":"/DESCRIPTION"},"searchOpenDialogs":true,"interaction":{"idSuffix":"inner"}},"clearTextFirst":true,"interactionType":"ENTER_TEXT"}]}
COMMAND: POST /session/764ef295c8f44d2e14b184d73c4fb1a3/execute/async - {"script":"<script> [1562 bytes]","args":[{"selector":{"controlType":"sap.m.Button","viewName":"etm.portal.ui.managecatalogs.view.Detail","viewId":"application-managecatalogs-display-component---detailCatalog","i18NText":{"propertyName":"text","key":"create"},"searchOpenDialogs":true,"interaction":{"idSuffix":"BDI-content"}},"wdio_ui5_key":"etmportal.ui.managecatalogs.view.Detailsap.m.Button{\"propertyName\":\"text\",\"key\":\"create\"}"}]}
RESULT: {"script":"<script> [1562 bytes]","args":[{"selector":{"controlType":"sap.m.Button","viewName":"etm.portal.ui.managecatalogs.view.Detail","viewId":"application-managecatalogs-display-component---detailCatalog","i18NText":{"propertyName":"text","key":"create"},"searchOpenDialogs":true,"interaction":{"idSuffix":"BDI-content"}},"wdio_ui5_key":"etmportal.ui.managecatalogs.view.Detailsap.m.Button{\"propertyName\":\"text\",\"key\":\"create\"}"}]}
RESULT: undefined
COMMAND: POST /session/764ef295c8f44d2e14b184d73c4fb1a3/element - {"using":"xpath","value":"//*[@id=\"__button9\"]"}
RESULT: {"using":"xpath","value":"//*[@id=\"__button9\"]"}
COMMAND: POST /session/764ef295c8f44d2e14b184d73c4fb1a3/element/f.809832546CBCDBCC14053EE8D21219E9.d.5875FB01CC4006970FAAF0DB8914670B.e.7510/click - {}
RESULT: {}
COMMAND: GET /session/764ef295c8f44d2e14b184d73c4fb1a3/screenshot - {}
RESULT: {}
COMMAND: POST /session/764ef295c8f44d2e14b184d73c4fb1a3/element - {"using":"xpath","value":"//button[@title=\"Save\"]"}
RESULT: {"using":"xpath","value":"//button[@title=\"Save\"]"}
COMMAND: POST /session/764ef295c8f44d2e14b184d73c4fb1a3/element/f.809832546CBCDBCC14053EE8D21219E9.d.5875FB01CC4006970FAAF0DB8914670B.e.7511/click - {}
RESULT: {}
COMMAND: GET /session/764ef295c8f44d2e14b184d73c4fb1a3/screenshot - {}
RESULT: {}
COMMAND: POST /session/764ef295c8f44d2e14b184d73c4fb1a3/execute/async - {"script":"<script> [1562 bytes]","args":[{"selector":{"controlType":"sap.ui.core.Icon","viewName":"etm.portal.ui.managecatalogs.view.Detail","viewId":"application-managecatalogs-display-component---detailCatalog","properties":{"src":{"regex":{"source":"decline"}}}},"wdio_ui5_key":"etmportal.ui.managecatalogs.view.Detailsap.ui.core.Icon{\"src\":{\"regex\":{\"source\":\"decline\"}}}"}]}
RESULT: {"script":"<script> [1562 bytes]","args":[{"selector":{"controlType":"sap.ui.core.Icon","viewName":"etm.portal.ui.managecatalogs.view.Detail","viewId":"application-managecatalogs-display-component---detailCatalog","properties":{"src":{"regex":{"source":"decline"}}}},"wdio_ui5_key":"etmportal.ui.managecatalogs.view.Detailsap.ui.core.Icon{\"src\":{\"regex\":{\"source\":\"decline\"}}}"}]}
RESULT: undefined
COMMAND: POST /session/764ef295c8f44d2e14b184d73c4fb1a3/element - {"using":"xpath","value":"//*[@id=\"__button28-img\"]"}
RESULT: {"using":"xpath","value":"//*[@id=\"__button28-img\"]"}
COMMAND: POST /session/764ef295c8f44d2e14b184d73c4fb1a3/element/f.809832546CBCDBCC14053EE8D21219E9.d.5875FB01CC4006970FAAF0DB8914670B.e.7518/click - {}
RESULT: {}
COMMAND: GET /session/764ef295c8f44d2e14b184d73c4fb1a3/screenshot - {}
RESULT: {}
COMMAND: POST /session/764ef295c8f44d2e14b184d73c4fb1a3/execute/async - {"script":"<script> [1562 bytes]","args":[{"selector":{"controlType":"sap.ui.core.Icon","viewName":"etm.portal.ui.managecatalogs.view.MasterItems","viewId":"application-managecatalogs-display-component---masterCatalogItems","properties":{"src":{"regex":{"source":"refresh"}}}},"wdio_ui5_key":"etmportal.ui.managecatalogs.view.MasterItemssap.ui.core.Icon{\"src\":{\"regex\":{\"source\":\"refresh\"}}}"}]}
RESULT: {"script":"<script> [1562 bytes]","args":[{"selector":{"controlType":"sap.ui.core.Icon","viewName":"etm.portal.ui.managecatalogs.view.MasterItems","viewId":"application-managecatalogs-display-component---masterCatalogItems","properties":{"src":{"regex":{"source":"refresh"}}}},"wdio_ui5_key":"etmportal.ui.managecatalogs.view.MasterItemssap.ui.core.Icon{\"src\":{\"regex\":{\"source\":\"refresh\"}}}"}]}
RESULT: undefined
COMMAND: POST /session/764ef295c8f44d2e14b184d73c4fb1a3/element - {"using":"xpath","value":"//*[@id=\"__button1-img\"]"}
RESULT: {"using":"xpath","value":"//*[@id=\"__button1-img\"]"}
COMMAND: POST /session/764ef295c8f44d2e14b184d73c4fb1a3/element/f.809832546CBCDBCC14053EE8D21219E9.d.5875FB01CC4006970FAAF0DB8914670B.e.7526/click - {}
RESULT: {}
COMMAND: GET /session/764ef295c8f44d2e14b184d73c4fb1a3/screenshot - {}
RESULT: {}
COMMAND: POST /session/764ef295c8f44d2e14b184d73c4fb1a3/execute/async - {"script":"<script> [1562 bytes]","args":[{"selector":{"id":"application-managecatalogs-display-component---masterCatalogItems--searchItemsField","interaction":{"idSuffix":"I"}},"wdio_ui5_key":"applicationmanagecatalogs-display-component---masterCatalogItems--searchItemsField"}]}
RESULT: {"script":"<script> [1562 bytes]","args":[{"selector":{"id":"application-managecatalogs-display-component---masterCatalogItems--searchItemsField","interaction":{"idSuffix":"I"}},"wdio_ui5_key":"applicationmanagecatalogs-display-component---masterCatalogItems--searchItemsField"}]}
RESULT: undefined
COMMAND: POST /session/764ef295c8f44d2e14b184d73c4fb1a3/execute/async - {"script":"<script> [776 bytes]","args":[{"enterText":"catalogItemName2ygg9","selector":{"id":"application-managecatalogs-display-component---masterCatalogItems--searchItemsField","interaction":{"idSuffix":"I"}},"clearTextFirst":true,"interactionType":"ENTER_TEXT"}]}
RESULT: {"script":"<script> [776 bytes]","args":[{"enterText":"catalogItemName2ygg9","selector":{"id":"application-managecatalogs-display-component---masterCatalogItems--searchItemsField","interaction":{"idSuffix":"I"}},"clearTextFirst":true,"interactionType":"ENTER_TEXT"}]}
COMMAND: POST /session/764ef295c8f44d2e14b184d73c4fb1a3/actions - {"actions":[{"id":"action50","type":"key","parameters":{},"actions":[{"type":"keyDown","value":""},{"type":"pause","duration":10},{"type":"keyUp","value":""}]}]}
RESULT: {"actions":[{"id":"action50","type":"key","parameters":{},"actions":[{"type":"keyDown","value":""},{"type":"pause","duration":10},{"type":"keyUp","value":""}]}]}
COMMAND: POST /session/764ef295c8f44d2e14b184d73c4fb1a3/element - {"using":"xpath","value":"(//span[contains(text(), \"catalogItemName2ygg9\")])[1]"}
COMMAND: GET /session/764ef295c8f44d2e14b184d73c4fb1a3/screenshot - {}
RESULT: {"using":"xpath","value":"(//span[contains(text(), \"catalogItemName2ygg9\")])[1]"}
COMMAND: POST /session/764ef295c8f44d2e14b184d73c4fb1a3/element/f.809832546CBCDBCC14053EE8D21219E9.d.5875FB01CC4006970FAAF0DB8914670B.e.7560/click - {}
RESULT: {}
RESULT: {}
COMMAND: GET /session/764ef295c8f44d2e14b184d73c4fb1a3/screenshot - {}
RESULT: {}
COMMAND: POST /session/764ef295c8f44d2e14b184d73c4fb1a3/element - {"using":"xpath","value":"//span[contains(text(), \"catalogItem5c9wl\")]"}
RESULT: {"using":"xpath","value":"//span[contains(text(), \"catalogItem5c9wl\")]"}
COMMAND: GET /session/764ef295c8f44d2e14b184d73c4fb1a3/element/f.809832546CBCDBCC14053EE8D21219E9.d.5875FB01CC4006970FAAF0DB8914670B.e.7623/text - {}
RESULT: {}
]]></system-out>
    </testcase>
    <testcase classname="chrome.137_0_7151_69.windows.Manage_requests_-_requests_specifications_US141095" name="Should add the classification to the catalog item" time="39.823">
      <system-out><![CDATA[
RESULT: undefined
COMMAND: POST /session/764ef295c8f44d2e14b184d73c4fb1a3/element - {"using":"xpath","value":"//*[@id=\"__button25\"]"}
RESULT: {"using":"xpath","value":"//*[@id=\"__button25\"]"}
COMMAND: POST /session/764ef295c8f44d2e14b184d73c4fb1a3/element/f.809832546CBCDBCC14053EE8D21219E9.d.5875FB01CC4006970FAAF0DB8914670B.e.7624/click - {}
RESULT: {}
COMMAND: GET /session/764ef295c8f44d2e14b184d73c4fb1a3/screenshot - {}
RESULT: {}
COMMAND: POST /session/764ef295c8f44d2e14b184d73c4fb1a3/execute/async - {"script":"<script> [1562 bytes]","args":[{"selector":{"id":"application-managecatalogs-display-component---detailCatalog--BASE_UNIT_OF_MEASURE-arrow"},"wdio_ui5_key":"applicationmanagecatalogs-display-component---detailCatalog--BASE_UNIT_OF_MEASURE-arrow"}]}
RESULT: {"script":"<script> [1562 bytes]","args":[{"selector":{"id":"application-managecatalogs-display-component---detailCatalog--BASE_UNIT_OF_MEASURE-arrow"},"wdio_ui5_key":"applicationmanagecatalogs-display-component---detailCatalog--BASE_UNIT_OF_MEASURE-arrow"}]}
RESULT: undefined
COMMAND: POST /session/764ef295c8f44d2e14b184d73c4fb1a3/element - {"using":"xpath","value":"//*[@id=\"application-managecatalogs-display-component---detailCatalog--BASE_UNIT_OF_MEASURE-arrow\"]"}
RESULT: {"using":"xpath","value":"//*[@id=\"application-managecatalogs-display-component---detailCatalog--BASE_UNIT_OF_MEASURE-arrow\"]"}
COMMAND: POST /session/764ef295c8f44d2e14b184d73c4fb1a3/element/f.809832546CBCDBCC14053EE8D21219E9.d.5875FB01CC4006970FAAF0DB8914670B.e.7654/click - {}
RESULT: {}
COMMAND: POST /session/764ef295c8f44d2e14b184d73c4fb1a3/execute/async - {"script":"<script> [1562 bytes]","args":[{"selector":{"controlType":"sap.m.StandardListItem","viewName":"etm.portal.ui.managecatalogs.view.Detail","viewId":"application-managecatalogs-display-component---detailCatalog","properties":{"title":"Piece"},"searchOpenDialogs":true,"interaction":{"idSuffix":"titleText"}},"wdio_ui5_key":"etmportal.ui.managecatalogs.view.Detailsap.m.StandardListItem{\"title\":\"Piece\"}"}]}
COMMAND: GET /session/764ef295c8f44d2e14b184d73c4fb1a3/screenshot - {}
RESULT: {"script":"<script> [1562 bytes]","args":[{"selector":{"controlType":"sap.m.StandardListItem","viewName":"etm.portal.ui.managecatalogs.view.Detail","viewId":"application-managecatalogs-display-component---detailCatalog","properties":{"title":"Piece"},"searchOpenDialogs":true,"interaction":{"idSuffix":"titleText"}},"wdio_ui5_key":"etmportal.ui.managecatalogs.view.Detailsap.m.StandardListItem{\"title\":\"Piece\"}"}]}
RESULT: undefined
COMMAND: POST /session/764ef295c8f44d2e14b184d73c4fb1a3/element - {"using":"xpath","value":"//*[@id=\"__item218\"]"}
RESULT: {}
RESULT: {"using":"xpath","value":"//*[@id=\"__item218\"]"}
COMMAND: POST /session/764ef295c8f44d2e14b184d73c4fb1a3/element/f.809832546CBCDBCC14053EE8D21219E9.d.5875FB01CC4006970FAAF0DB8914670B.e.7658/click - {}
RESULT: {}
COMMAND: POST /session/764ef295c8f44d2e14b184d73c4fb1a3/element - {"using":"xpath","value":"//button[contains(@data-kt ,\"ClassificationAddClassButton\")]"}
COMMAND: GET /session/764ef295c8f44d2e14b184d73c4fb1a3/screenshot - {}
RESULT: {"using":"xpath","value":"//button[contains(@data-kt ,\"ClassificationAddClassButton\")]"}
COMMAND: POST /session/764ef295c8f44d2e14b184d73c4fb1a3/element/f.809832546CBCDBCC14053EE8D21219E9.d.5875FB01CC4006970FAAF0DB8914670B.e.7659/click - {}
RESULT: {}
RESULT: {}
COMMAND: GET /session/764ef295c8f44d2e14b184d73c4fb1a3/screenshot - {}
RESULT: {}
COMMAND: POST /session/764ef295c8f44d2e14b184d73c4fb1a3/element - {"using":"xpath","value":"//input[contains(@id ,\"searchField-I\")]"}
RESULT: {"using":"xpath","value":"//input[contains(@id ,\"searchField-I\")]"}
COMMAND: POST /session/764ef295c8f44d2e14b184d73c4fb1a3/element/f.809832546CBCDBCC14053EE8D21219E9.d.5875FB01CC4006970FAAF0DB8914670B.e.7662/value - {"text":"WebdriverItemClassgkvhk"}
RESULT: {"text":"WebdriverItemClassgkvhk"}
COMMAND: POST /session/764ef295c8f44d2e14b184d73c4fb1a3/actions - {"actions":[{"id":"action51","type":"key","parameters":{},"actions":[{"type":"keyDown","value":""},{"type":"pause","duration":10},{"type":"keyUp","value":""}]}]}
COMMAND: GET /session/764ef295c8f44d2e14b184d73c4fb1a3/screenshot - {}
RESULT: {"actions":[{"id":"action51","type":"key","parameters":{},"actions":[{"type":"keyDown","value":""},{"type":"pause","duration":10},{"type":"keyUp","value":""}]}]}
COMMAND: GET /session/764ef295c8f44d2e14b184d73c4fb1a3/screenshot - {}
RESULT: {}
RESULT: {}
COMMAND: POST /session/764ef295c8f44d2e14b184d73c4fb1a3/element - {"using":"xpath","value":"//span[contains(text(), \"WebdriverItemClassgkvhk\")]"}
RESULT: {"using":"xpath","value":"//span[contains(text(), \"WebdriverItemClassgkvhk\")]"}
COMMAND: POST /session/764ef295c8f44d2e14b184d73c4fb1a3/element/f.809832546CBCDBCC14053EE8D21219E9.d.5875FB01CC4006970FAAF0DB8914670B.e.7693/click - {}
RESULT: {}
COMMAND: GET /session/764ef295c8f44d2e14b184d73c4fb1a3/screenshot - {}
RESULT: {}
COMMAND: POST /session/764ef295c8f44d2e14b184d73c4fb1a3/execute/async - {"script":"<script> [1562 bytes]","args":[{"selector":{"controlType":"sap.m.Button","viewName":"etm.portal.ui.managecatalogs.view.Detail","viewId":"application-managecatalogs-display-component---detailCatalog","properties":{"text":"Classification"},"interaction":{"idSuffix":"BDI-content"}},"wdio_ui5_key":"etmportal.ui.managecatalogs.view.Detailsap.m.Button{\"text\":\"Classification\"}"}]}
RESULT: {"script":"<script> [1562 bytes]","args":[{"selector":{"controlType":"sap.m.Button","viewName":"etm.portal.ui.managecatalogs.view.Detail","viewId":"application-managecatalogs-display-component---detailCatalog","properties":{"text":"Classification"},"interaction":{"idSuffix":"BDI-content"}},"wdio_ui5_key":"etmportal.ui.managecatalogs.view.Detailsap.m.Button{\"text\":\"Classification\"}"}]}
RESULT: undefined
COMMAND: POST /session/764ef295c8f44d2e14b184d73c4fb1a3/element - {"using":"xpath","value":"//*[@id=\"application-managecatalogs-display-component---detailCatalog--ObjectPageLayout-anchBar-__section3-anchor\"]"}
RESULT: {"using":"xpath","value":"//*[@id=\"application-managecatalogs-display-component---detailCatalog--ObjectPageLayout-anchBar-__section3-anchor\"]"}
COMMAND: POST /session/764ef295c8f44d2e14b184d73c4fb1a3/element/f.809832546CBCDBCC14053EE8D21219E9.d.5875FB01CC4006970FAAF0DB8914670B.e.7698/click - {}
RESULT: {}
COMMAND: POST /session/764ef295c8f44d2e14b184d73c4fb1a3/execute/async - {"script":"<script> [1562 bytes]","args":[{"selector":{"controlType":"sap.ui.core.Icon","viewName":"etm.portal.ui.managecatalogs.view.Detail","viewId":"application-managecatalogs-display-component---detailCatalog","properties":{"src":{"regex":{"source":"slim\\-arrow\\-right"}}},"ancestor":{"controlType":"sap.m.Panel","viewName":"etm.portal.ui.managecatalogs.view.Detail","viewId":"application-managecatalogs-display-component---detailCatalog"}},"wdio_ui5_key":"etmportal.ui.managecatalogs.view.Detailsap.ui.core.Icon{\"src\":{\"regex\":{\"source\":\"slim\\\\-arrow\\\\-right\"}}}{\"controlType\":\"sap.m.Panel\",\"viewName\":\"etm.portal.ui.managecatalogs.view.Detail\",\"viewId\":\"application-managecatalogs-display-component---detailCatalog\"}"}]}
COMMAND: GET /session/764ef295c8f44d2e14b184d73c4fb1a3/screenshot - {}
RESULT: {"script":"<script> [1562 bytes]","args":[{"selector":{"controlType":"sap.ui.core.Icon","viewName":"etm.portal.ui.managecatalogs.view.Detail","viewId":"application-managecatalogs-display-component---detailCatalog","properties":{"src":{"regex":{"source":"slim\\-arrow\\-right"}}},"ancestor":{"controlType":"sap.m.Panel","viewName":"etm.portal.ui.managecatalogs.view.Detail","viewId":"application-managecatalogs-display-component---detailCatalog"}},"wdio_ui5_key":"etmportal.ui.managecatalogs.view.Detailsap.ui.core.Icon{\"src\":{\"regex\":{\"source\":\"slim\\\\-arrow\\\\-right\"}}}{\"controlType\":\"sap.m.Panel\",\"viewName\":\"etm.portal.ui.managecatalogs.view.Detail\",\"viewId\":\"application-managecatalogs-display-component---detailCatalog\"}"}]}
RESULT: undefined
COMMAND: POST /session/764ef295c8f44d2e14b184d73c4fb1a3/element - {"using":"xpath","value":"//*[@id=\"__panel0-__layout17-0-expandButton-img\"]"}
RESULT: {}
RESULT: {"using":"xpath","value":"//*[@id=\"__panel0-__layout17-0-expandButton-img\"]"}
COMMAND: POST /session/764ef295c8f44d2e14b184d73c4fb1a3/element/f.809832546CBCDBCC14053EE8D21219E9.d.5875FB01CC4006970FAAF0DB8914670B.e.7704/click - {}
RESULT: {}
COMMAND: POST /session/764ef295c8f44d2e14b184d73c4fb1a3/execute/async - {"script":"<script> [1562 bytes]","args":[{"selector":{"controlType":"sap.ui.core.Icon","viewName":"etm.portal.ui.managecatalogs.view.Detail","viewId":"application-managecatalogs-display-component---detailCatalog","properties":{"src":{"regex":{"source":"slim\\-arrow\\-down"}}},"ancestor":{"controlType":"sap.m.ColumnListItem","viewName":"etm.portal.ui.managecatalogs.view.Detail","viewId":"application-managecatalogs-display-component---detailCatalog","bindingPath":{"modelName":"classModel","path":"/data/0/PROPERTIES/0"},"ancestor":{"controlType":"sap.m.Table","viewName":"etm.portal.ui.managecatalogs.view.Detail","viewId":"application-managecatalogs-display-component---detailCatalog","bindingPath":{"path":"/data/0","propertyPath":"PROPERTIES","modelName":"classModel"}}}},"wdio_ui5_key":"etmportal.ui.managecatalogs.view.Detailsap.ui.core.Icon{\"src\":{\"regex\":{\"source\":\"slim\\\\-arrow\\\\-down\"}}}{\"controlType\":\"sap.m.ColumnListItem\",\"viewName\":\"etm.portal.ui.managecatalogs.view.Detail\",\"viewId\":\"application-managecatalogs-display-component---detailCatalog\",\"bindingPath\":{\"modelName\":\"classModel\",\"path\":\"/data/0/PROPERTIES/0\"},\"ancestor\":{\"controlType\":\"sap.m.Table\",\"viewName\":\"etm.portal.ui.managecatalogs.view.Detail\",\"viewId\":\"application-managecatalogs-display-component---detailCatalog\",\"bindingPath\":{\"path\":\"/data/0\",\"propertyPath\":\"PROPERTIES\",\"modelName\":\"classModel\"}}}"}]}
COMMAND: GET /session/764ef295c8f44d2e14b184d73c4fb1a3/screenshot - {}
RESULT: {"script":"<script> [1562 bytes]","args":[{"selector":{"controlType":"sap.ui.core.Icon","viewName":"etm.portal.ui.managecatalogs.view.Detail","viewId":"application-managecatalogs-display-component---detailCatalog","properties":{"src":{"regex":{"source":"slim\\-arrow\\-down"}}},"ancestor":{"controlType":"sap.m.ColumnListItem","viewName":"etm.portal.ui.managecatalogs.view.Detail","viewId":"application-managecatalogs-display-component---detailCatalog","bindingPath":{"modelName":"classModel","path":"/data/0/PROPERTIES/0"},"ancestor":{"controlType":"sap.m.Table","viewName":"etm.portal.ui.managecatalogs.view.Detail","viewId":"application-managecatalogs-display-component---detailCatalog","bindingPath":{"path":"/data/0","propertyPath":"PROPERTIES","modelName":"classModel"}}}},"wdio_ui5_key":"etmportal.ui.managecatalogs.view.Detailsap.ui.core.Icon{\"src\":{\"regex\":{\"source\":\"slim\\\\-arrow\\\\-down\"}}}{\"controlType\":\"sap.m.ColumnListItem\",\"viewName\":\"etm.portal.ui.managecatalogs.view.Detail\",\"viewId\":\"application-managecatalogs-display-component---detailCatalog\",\"bindingPath\":{\"modelName\":\"classModel\",\"path\":\"/data/0/PROPERTIES/0\"},\"ancestor\":{\"controlType\":\"sap.m.Table\",\"viewName\":\"etm.portal.ui.managecatalogs.view.Detail\",\"viewId\":\"application-managecatalogs-display-component---detailCatalog\",\"bindingPath\":{\"path\":\"/data/0\",\"propertyPath\":\"PROPERTIES\",\"modelName\":\"classModel\"}}}"}]}
RESULT: undefined
COMMAND: POST /session/764ef295c8f44d2e14b184d73c4fb1a3/element - {"using":"xpath","value":"//*[@id=\"__box31-arrow\"]"}
RESULT: {}
RESULT: {"using":"xpath","value":"//*[@id=\"__box31-arrow\"]"}
COMMAND: POST /session/764ef295c8f44d2e14b184d73c4fb1a3/element/f.809832546CBCDBCC14053EE8D21219E9.d.5875FB01CC4006970FAAF0DB8914670B.e.7717/click - {}
RESULT: {}
COMMAND: POST /session/764ef295c8f44d2e14b184d73c4fb1a3/execute/async - {"script":"<script> [1562 bytes]","args":[{"selector":{"controlType":"sap.m.StandardListItem","viewName":"etm.portal.ui.managecatalogs.view.Detail","viewId":"application-managecatalogs-display-component---detailCatalog","properties":{"title":"red"},"searchOpenDialogs":true,"interaction":{"idSuffix":"content"}},"wdio_ui5_key":"etmportal.ui.managecatalogs.view.Detailsap.m.StandardListItem{\"title\":\"red\"}"}]}
COMMAND: GET /session/764ef295c8f44d2e14b184d73c4fb1a3/screenshot - {}
RESULT: {"script":"<script> [1562 bytes]","args":[{"selector":{"controlType":"sap.m.StandardListItem","viewName":"etm.portal.ui.managecatalogs.view.Detail","viewId":"application-managecatalogs-display-component---detailCatalog","properties":{"title":"red"},"searchOpenDialogs":true,"interaction":{"idSuffix":"content"}},"wdio_ui5_key":"etmportal.ui.managecatalogs.view.Detailsap.m.StandardListItem{\"title\":\"red\"}"}]}
RESULT: undefined
COMMAND: POST /session/764ef295c8f44d2e14b184d73c4fb1a3/element - {"using":"xpath","value":"//*[@id=\"__item226\"]"}
RESULT: {}
RESULT: {"using":"xpath","value":"//*[@id=\"__item226\"]"}
COMMAND: POST /session/764ef295c8f44d2e14b184d73c4fb1a3/element/f.809832546CBCDBCC14053EE8D21219E9.d.5875FB01CC4006970FAAF0DB8914670B.e.7720/click - {}
RESULT: {}
COMMAND: GET /session/764ef295c8f44d2e14b184d73c4fb1a3/screenshot - {}
RESULT: {}
COMMAND: POST /session/764ef295c8f44d2e14b184d73c4fb1a3/execute/async - {"script":"<script> [1562 bytes]","args":[{"selector":{"controlType":"sap.m.Button","viewName":"etm.portal.ui.managecatalogs.view.Detail","viewId":"application-managecatalogs-display-component---detailCatalog","i18NText":{"propertyName":"text","key":"save"},"interaction":{"idSuffix":"BDI-content"}},"wdio_ui5_key":"etmportal.ui.managecatalogs.view.Detailsap.m.Button{\"propertyName\":\"text\",\"key\":\"save\"}"}]}
RESULT: {"script":"<script> [1562 bytes]","args":[{"selector":{"controlType":"sap.m.Button","viewName":"etm.portal.ui.managecatalogs.view.Detail","viewId":"application-managecatalogs-display-component---detailCatalog","i18NText":{"propertyName":"text","key":"save"},"interaction":{"idSuffix":"BDI-content"}},"wdio_ui5_key":"etmportal.ui.managecatalogs.view.Detailsap.m.Button{\"propertyName\":\"text\",\"key\":\"save\"}"}]}
RESULT: undefined
COMMAND: POST /session/764ef295c8f44d2e14b184d73c4fb1a3/element - {"using":"xpath","value":"//*[@id=\"__button43\"]"}
RESULT: {"using":"xpath","value":"//*[@id=\"__button43\"]"}
COMMAND: POST /session/764ef295c8f44d2e14b184d73c4fb1a3/element/f.809832546CBCDBCC14053EE8D21219E9.d.5875FB01CC4006970FAAF0DB8914670B.e.7627/click - {}
RESULT: {}
COMMAND: GET /session/764ef295c8f44d2e14b184d73c4fb1a3/screenshot - {}
RESULT: {}
COMMAND: POST /session/764ef295c8f44d2e14b184d73c4fb1a3/element - {"using":"css selector","value":"#shell-header-logo"}
RESULT: {"using":"css selector","value":"#shell-header-logo"}
COMMAND: POST /session/764ef295c8f44d2e14b184d73c4fb1a3/element/f.809832546CBCDBCC14053EE8D21219E9.d.5875FB01CC4006970FAAF0DB8914670B.e.7448/click - {}
RESULT: {}
RESULT: undefined
COMMAND: GET /session/764ef295c8f44d2e14b184d73c4fb1a3/screenshot - {}
RESULT: {}
]]></system-out>
    </testcase>
    <testcase classname="chrome.137_0_7151_69.windows.Manage_requests_-_requests_specifications_US141095" name="Should create a new request and add the catalog item with the specifications" time="148.545">
      <system-out><![CDATA[
COMMAND: POST /session/764ef295c8f44d2e14b184d73c4fb1a3/execute/async - {"script":"<script> [1562 bytes]","args":[{"selector":{"controlType":"sap.m.GenericTile","properties":{"header":"Manage Requests"}},"wdio_ui5_key":"sapm.GenericTile{\"header\":\"Manage Requests\"}"}]}
RESULT: {"script":"<script> [1562 bytes]","args":[{"selector":{"controlType":"sap.m.GenericTile","properties":{"header":"Manage Requests"}},"wdio_ui5_key":"sapm.GenericTile{\"header\":\"Manage Requests\"}"}]}
RESULT: undefined
COMMAND: POST /session/764ef295c8f44d2e14b184d73c4fb1a3/element - {"using":"xpath","value":"//*[@id=\"__tile48\"]"}
RESULT: {"using":"xpath","value":"//*[@id=\"__tile48\"]"}
COMMAND: POST /session/764ef295c8f44d2e14b184d73c4fb1a3/element/f.809832546CBCDBCC14053EE8D21219E9.d.5875FB01CC4006970FAAF0DB8914670B.e.7750/click - {}
RESULT: {}
COMMAND: GET /session/764ef295c8f44d2e14b184d73c4fb1a3/screenshot - {}
RESULT: {}
COMMAND: POST /session/764ef295c8f44d2e14b184d73c4fb1a3/elements - {"using":"xpath","value":"//span[text()='Error']"}
RESULT: {"using":"xpath","value":"//span[text()='Error']"}
COMMAND: POST /session/764ef295c8f44d2e14b184d73c4fb1a3/element - {"using":"xpath","value":"//button[contains(@data-kt ,\"btnCreateNewOverflowToolbarButton\")]"}
COMMAND: POST /session/764ef295c8f44d2e14b184d73c4fb1a3/element - {"using":"xpath","value":"(//span[contains(@class ,\"sapMObjStatusText\")])[1]"}
RESULT: {"using":"xpath","value":"//button[contains(@data-kt ,\"btnCreateNewOverflowToolbarButton\")]"}
COMMAND: POST /session/764ef295c8f44d2e14b184d73c4fb1a3/element/f.809832546CBCDBCC14053EE8D21219E9.d.5875FB01CC4006970FAAF0DB8914670B.e.7806/click - {}
RESULT: {"using":"xpath","value":"(//span[contains(@class ,\"sapMObjStatusText\")])[1]"}
COMMAND: POST /session/764ef295c8f44d2e14b184d73c4fb1a3/execute/sync - {"script":"<script> [8489 bytes]","args":[{"element-6066-11e4-a52e-4f735466cecf":"f.809832546CBCDBCC14053EE8D21219E9.d.5875FB01CC4006970FAAF0DB8914670B.e.7844","ELEMENT":"f.809832546CBCDBCC14053EE8D21219E9.d.5875FB01CC4006970FAAF0DB8914670B.e.7844"}]}
RESULT: {}
COMMAND: GET /session/764ef295c8f44d2e14b184d73c4fb1a3/screenshot - {}
RESULT: {"script":"<script> [8489 bytes]","args":[{"element-6066-11e4-a52e-4f735466cecf":"f.809832546CBCDBCC14053EE8D21219E9.d.5875FB01CC4006970FAAF0DB8914670B.e.7844","ELEMENT":"f.809832546CBCDBCC14053EE8D21219E9.d.5875FB01CC4006970FAAF0DB8914670B.e.7844"}]}
COMMAND: GET /session/764ef295c8f44d2e14b184d73c4fb1a3/screenshot - {}
RESULT: {}
RESULT: {}
COMMAND: POST /session/764ef295c8f44d2e14b184d73c4fb1a3/element - {"using":"xpath","value":"//input[contains(@id ,\"yardId-inner\")]"}
RESULT: {"using":"xpath","value":"//input[contains(@id ,\"yardId-inner\")]"}
COMMAND: POST /session/764ef295c8f44d2e14b184d73c4fb1a3/execute/sync - {"script":"<script> [8489 bytes]","args":[{"element-6066-11e4-a52e-4f735466cecf":"f.809832546CBCDBCC14053EE8D21219E9.d.5875FB01CC4006970FAAF0DB8914670B.e.7925","ELEMENT":"f.809832546CBCDBCC14053EE8D21219E9.d.5875FB01CC4006970FAAF0DB8914670B.e.7925"}]}
RESULT: {"script":"<script> [8489 bytes]","args":[{"element-6066-11e4-a52e-4f735466cecf":"f.809832546CBCDBCC14053EE8D21219E9.d.5875FB01CC4006970FAAF0DB8914670B.e.7925","ELEMENT":"f.809832546CBCDBCC14053EE8D21219E9.d.5875FB01CC4006970FAAF0DB8914670B.e.7925"}]}
COMMAND: POST /session/764ef295c8f44d2e14b184d73c4fb1a3/element - {"using":"xpath","value":"//input[contains(@id ,\"yardId-inner\")]"}
COMMAND: GET /session/764ef295c8f44d2e14b184d73c4fb1a3/screenshot - {}
RESULT: {"using":"xpath","value":"//input[contains(@id ,\"yardId-inner\")]"}
COMMAND: GET /session/764ef295c8f44d2e14b184d73c4fb1a3/element/f.809832546CBCDBCC14053EE8D21219E9.d.5875FB01CC4006970FAAF0DB8914670B.e.7925/enabled - {}
RESULT: {}
RESULT: {}
COMMAND: POST /session/764ef295c8f44d2e14b184d73c4fb1a3/element/f.809832546CBCDBCC14053EE8D21219E9.d.5875FB01CC4006970FAAF0DB8914670B.e.7925/clear - {}
COMMAND: GET /session/764ef295c8f44d2e14b184d73c4fb1a3/screenshot - {}
RESULT: {}
COMMAND: POST /session/764ef295c8f44d2e14b184d73c4fb1a3/element/f.809832546CBCDBCC14053EE8D21219E9.d.5875FB01CC4006970FAAF0DB8914670B.e.7925/value - {"text":"WebdriverYardsn1ov"}
COMMAND: GET /session/764ef295c8f44d2e14b184d73c4fb1a3/screenshot - {}
RESULT: {}
RESULT: {"text":"WebdriverYardsn1ov"}
COMMAND: GET /session/764ef295c8f44d2e14b184d73c4fb1a3/screenshot - {}
RESULT: {}
RESULT: {}
COMMAND: POST /session/764ef295c8f44d2e14b184d73c4fb1a3/actions - {"actions":[{"id":"action52","type":"key","parameters":{},"actions":[{"type":"keyDown","value":""},{"type":"pause","duration":10},{"type":"keyUp","value":""}]}]}
COMMAND: POST /session/764ef295c8f44d2e14b184d73c4fb1a3/element - {"using":"xpath","value":"//input[contains(@id ,\"customerNumber-inner\")]"}
RESULT: {"actions":[{"id":"action52","type":"key","parameters":{},"actions":[{"type":"keyDown","value":""},{"type":"pause","duration":10},{"type":"keyUp","value":""}]}]}
COMMAND: GET /session/764ef295c8f44d2e14b184d73c4fb1a3/screenshot - {}
RESULT: {"using":"xpath","value":"//input[contains(@id ,\"customerNumber-inner\")]"}
COMMAND: POST /session/764ef295c8f44d2e14b184d73c4fb1a3/element/f.809832546CBCDBCC14053EE8D21219E9.d.5875FB01CC4006970FAAF0DB8914670B.e.7919/value - {"text":"WebdriverPartnerex9g5j"}
RESULT: {}
RESULT: {"text":"WebdriverPartnerex9g5j"}
COMMAND: GET /session/764ef295c8f44d2e14b184d73c4fb1a3/screenshot - {}
RESULT: {}
COMMAND: POST /session/764ef295c8f44d2e14b184d73c4fb1a3/actions - {"actions":[{"id":"action53","type":"key","parameters":{},"actions":[{"type":"keyDown","value":""},{"type":"pause","duration":10},{"type":"keyUp","value":""}]}]}
RESULT: {"actions":[{"id":"action53","type":"key","parameters":{},"actions":[{"type":"keyDown","value":""},{"type":"pause","duration":10},{"type":"keyUp","value":""}]}]}
COMMAND: GET /session/764ef295c8f44d2e14b184d73c4fb1a3/screenshot - {}
RESULT: {}
COMMAND: POST /session/764ef295c8f44d2e14b184d73c4fb1a3/element - {"using":"xpath","value":"//input[contains(@id ,\"requestSiteId-inner\")]"}
RESULT: {"using":"xpath","value":"//input[contains(@id ,\"requestSiteId-inner\")]"}
COMMAND: POST /session/764ef295c8f44d2e14b184d73c4fb1a3/element/f.809832546CBCDBCC14053EE8D21219E9.d.5875FB01CC4006970FAAF0DB8914670B.e.7918/value - {"text":"WebdriverSitezj22r"}
RESULT: {"text":"WebdriverSitezj22r"}
COMMAND: GET /session/764ef295c8f44d2e14b184d73c4fb1a3/screenshot - {}
RESULT: {}
COMMAND: POST /session/764ef295c8f44d2e14b184d73c4fb1a3/actions - {"actions":[{"id":"action54","type":"key","parameters":{},"actions":[{"type":"keyDown","value":""},{"type":"pause","duration":10},{"type":"keyUp","value":""}]}]}
RESULT: {"actions":[{"id":"action54","type":"key","parameters":{},"actions":[{"type":"keyDown","value":""},{"type":"pause","duration":10},{"type":"keyUp","value":""}]}]}
COMMAND: POST /session/764ef295c8f44d2e14b184d73c4fb1a3/execute/async - {"script":"<script> [1562 bytes]","args":[{"selector":{"controlType":"sap.ui.core.Icon","viewName":"etm.portal.ui.managerequests.view.NewRequest","properties":{"src":{"regex":{"source":"add"}}}},"wdio_ui5_key":"etmportal.ui.managerequests.view.NewRequestsap.ui.core.Icon{\"src\":{\"regex\":{\"source\":\"add\"}}}"}]}
COMMAND: GET /session/764ef295c8f44d2e14b184d73c4fb1a3/screenshot - {}
RESULT: {"script":"<script> [1562 bytes]","args":[{"selector":{"controlType":"sap.ui.core.Icon","viewName":"etm.portal.ui.managerequests.view.NewRequest","properties":{"src":{"regex":{"source":"add"}}}},"wdio_ui5_key":"etmportal.ui.managerequests.view.NewRequestsap.ui.core.Icon{\"src\":{\"regex\":{\"source\":\"add\"}}}"}]}
RESULT: undefined
COMMAND: POST /session/764ef295c8f44d2e14b184d73c4fb1a3/element - {"using":"xpath","value":"//*[@id=\"__xmlview60--btnAddTableRow-img\"]"}
RESULT: {}
RESULT: {"using":"xpath","value":"//*[@id=\"__xmlview60--btnAddTableRow-img\"]"}
COMMAND: POST /session/764ef295c8f44d2e14b184d73c4fb1a3/element/f.809832546CBCDBCC14053EE8D21219E9.d.5875FB01CC4006970FAAF0DB8914670B.e.8098/click - {}
RESULT: {}
COMMAND: GET /session/764ef295c8f44d2e14b184d73c4fb1a3/screenshot - {}
RESULT: {}
COMMAND: POST /session/764ef295c8f44d2e14b184d73c4fb1a3/actions - {"actions":[{"id":"action55","type":"key","parameters":{},"actions":[{"type":"keyDown","value":""},{"type":"pause","duration":10},{"type":"keyUp","value":""}]}]}
RESULT: {"actions":[{"id":"action55","type":"key","parameters":{},"actions":[{"type":"keyDown","value":""},{"type":"pause","duration":10},{"type":"keyUp","value":""}]}]}
COMMAND: POST /session/764ef295c8f44d2e14b184d73c4fb1a3/actions - {"actions":[{"id":"action56","type":"key","parameters":{},"actions":[{"type":"keyDown","value":""},{"type":"pause","duration":10},{"type":"keyUp","value":""}]}]}
COMMAND: GET /session/764ef295c8f44d2e14b184d73c4fb1a3/screenshot - {}
RESULT: {"actions":[{"id":"action56","type":"key","parameters":{},"actions":[{"type":"keyDown","value":""},{"type":"pause","duration":10},{"type":"keyUp","value":""}]}]}
COMMAND: POST /session/764ef295c8f44d2e14b184d73c4fb1a3/element - {"using":"xpath","value":"(//input[contains(@id ,\"requestItemsTable-0-inner\")])[1]"}
COMMAND: GET /session/764ef295c8f44d2e14b184d73c4fb1a3/screenshot - {}
RESULT: {}
RESULT: {"using":"xpath","value":"(//input[contains(@id ,\"requestItemsTable-0-inner\")])[1]"}
COMMAND: POST /session/764ef295c8f44d2e14b184d73c4fb1a3/element/f.809832546CBCDBCC14053EE8D21219E9.d.5875FB01CC4006970FAAF0DB8914670B.e.8103/clear - {}
RESULT: {}
RESULT: {}
COMMAND: POST /session/764ef295c8f44d2e14b184d73c4fb1a3/element/f.809832546CBCDBCC14053EE8D21219E9.d.5875FB01CC4006970FAAF0DB8914670B.e.8103/value - {"text":"catalogItemName2ygg9"}
COMMAND: GET /session/764ef295c8f44d2e14b184d73c4fb1a3/screenshot - {}
RESULT: {"text":"catalogItemName2ygg9"}
COMMAND: GET /session/764ef295c8f44d2e14b184d73c4fb1a3/screenshot - {}
RESULT: {}
RESULT: {}
COMMAND: POST /session/764ef295c8f44d2e14b184d73c4fb1a3/actions - {"actions":[{"id":"action57","type":"key","parameters":{},"actions":[{"type":"keyDown","value":""},{"type":"pause","duration":10},{"type":"keyUp","value":""}]}]}
RESULT: {"actions":[{"id":"action57","type":"key","parameters":{},"actions":[{"type":"keyDown","value":""},{"type":"pause","duration":10},{"type":"keyUp","value":""}]}]}
COMMAND: GET /session/764ef295c8f44d2e14b184d73c4fb1a3/screenshot - {}
RESULT: {}
COMMAND: POST /session/764ef295c8f44d2e14b184d73c4fb1a3/execute/async - {"script":"<script> [1562 bytes]","args":[{"selector":{"controlType":"sap.m.Button","viewName":"etm.portal.ui.managerequests.view.NewRequest","i18NText":{"propertyName":"text","key":"requestSpecifications"},"interaction":{"idSuffix":"BDI-content"}},"wdio_ui5_key":"etmportal.ui.managerequests.view.NewRequestsap.m.Button{\"propertyName\":\"text\",\"key\":\"requestSpecifications\"}"}]}
RESULT: {"script":"<script> [1562 bytes]","args":[{"selector":{"controlType":"sap.m.Button","viewName":"etm.portal.ui.managerequests.view.NewRequest","i18NText":{"propertyName":"text","key":"requestSpecifications"},"interaction":{"idSuffix":"BDI-content"}},"wdio_ui5_key":"etmportal.ui.managerequests.view.NewRequestsap.m.Button{\"propertyName\":\"text\",\"key\":\"requestSpecifications\"}"}]}
RESULT: undefined
COMMAND: POST /session/764ef295c8f44d2e14b184d73c4fb1a3/element - {"using":"xpath","value":"//*[@id=\"__button78-__xmlview60--requestItemsTable-0\"]"}
RESULT: {"using":"xpath","value":"//*[@id=\"__button78-__xmlview60--requestItemsTable-0\"]"}
COMMAND: POST /session/764ef295c8f44d2e14b184d73c4fb1a3/element/f.809832546CBCDBCC14053EE8D21219E9.d.5875FB01CC4006970FAAF0DB8914670B.e.8117/click - {}
RESULT: {}
COMMAND: GET /session/764ef295c8f44d2e14b184d73c4fb1a3/screenshot - {}
RESULT: {}
COMMAND: POST /session/764ef295c8f44d2e14b184d73c4fb1a3/element - {"using":"xpath","value":"//input[@value=\"red\"]"}
RESULT: {"using":"xpath","value":"//input[@value=\"red\"]"}
COMMAND: POST /session/764ef295c8f44d2e14b184d73c4fb1a3/elements - {"using":"xpath","value":"//input[@value=\"red\"]"}
RESULT: {"using":"xpath","value":"//input[@value=\"red\"]"}
COMMAND: POST /session/764ef295c8f44d2e14b184d73c4fb1a3/execute/async - {"script":"<script> [1562 bytes]","args":[{"selector":{"controlType":"sap.m.Text","viewName":"etm.portal.ui.managerequests.view.NewRequest","bindingPath":{"path":"/currentEntries/0/PROPERTIES/0","propertyPath":"DESCRIPTION","modelName":"techSpecsClassificationModel"},"searchOpenDialogs":true},"wdio_ui5_key":"etmportal.ui.managerequests.view.NewRequestsap.m.Text{\"path\":\"/currentEntries/0/PROPERTIES/0\",\"propertyPath\":\"DESCRIPTION\",\"modelName\":\"techSpecsClassificationModel\"}"}]}
RESULT: {"script":"<script> [1562 bytes]","args":[{"selector":{"controlType":"sap.m.Text","viewName":"etm.portal.ui.managerequests.view.NewRequest","bindingPath":{"path":"/currentEntries/0/PROPERTIES/0","propertyPath":"DESCRIPTION","modelName":"techSpecsClassificationModel"},"searchOpenDialogs":true},"wdio_ui5_key":"etmportal.ui.managerequests.view.NewRequestsap.m.Text{\"path\":\"/currentEntries/0/PROPERTIES/0\",\"propertyPath\":\"DESCRIPTION\",\"modelName\":\"techSpecsClassificationModel\"}"}]}
RESULT: undefined
COMMAND: POST /session/764ef295c8f44d2e14b184d73c4fb1a3/execute/async - {"script":"<script> [6424 bytes]","args":[{"element-6066-11e4-a52e-4f735466cecf":"f.809832546CBCDBCC14053EE8D21219E9.d.5875FB01CC4006970FAAF0DB8914670B.e.8126"},"getText",[]]}
RESULT: {"script":"<script> [6424 bytes]","args":[{"element-6066-11e4-a52e-4f735466cecf":"f.809832546CBCDBCC14053EE8D21219E9.d.5875FB01CC4006970FAAF0DB8914670B.e.8126"},"getText",[]]}
COMMAND: POST /session/764ef295c8f44d2e14b184d73c4fb1a3/execute/async - {"script":"<script> [1562 bytes]","args":[{"selector":{"controlType":"sap.ui.core.Icon","viewName":"etm.portal.ui.managerequests.view.NewRequest","properties":{"src":{"regex":{"source":"slim\\-arrow\\-down"}}},"searchOpenDialogs":true},"wdio_ui5_key":"etmportal.ui.managerequests.view.NewRequestsap.ui.core.Icon{\"src\":{\"regex\":{\"source\":\"slim\\\\-arrow\\\\-down\"}}}"}]}
RESULT: {"script":"<script> [1562 bytes]","args":[{"selector":{"controlType":"sap.ui.core.Icon","viewName":"etm.portal.ui.managerequests.view.NewRequest","properties":{"src":{"regex":{"source":"slim\\-arrow\\-down"}}},"searchOpenDialogs":true},"wdio_ui5_key":"etmportal.ui.managerequests.view.NewRequestsap.ui.core.Icon{\"src\":{\"regex\":{\"source\":\"slim\\\\-arrow\\\\-down\"}}}"}]}
RESULT: undefined
COMMAND: POST /session/764ef295c8f44d2e14b184d73c4fb1a3/element - {"using":"xpath","value":"//*[@id=\"__box58-arrow\"]"}
RESULT: {"using":"xpath","value":"//*[@id=\"__box58-arrow\"]"}
COMMAND: POST /session/764ef295c8f44d2e14b184d73c4fb1a3/element/f.809832546CBCDBCC14053EE8D21219E9.d.5875FB01CC4006970FAAF0DB8914670B.e.8127/click - {}
RESULT: {}
COMMAND: POST /session/764ef295c8f44d2e14b184d73c4fb1a3/execute/async - {"script":"<script> [1562 bytes]","args":[{"selector":{"controlType":"sap.m.StandardListItem","viewName":"etm.portal.ui.managerequests.view.NewRequest","properties":{"title":"blue"},"searchOpenDialogs":true,"interaction":{"idSuffix":"content"}},"wdio_ui5_key":"etmportal.ui.managerequests.view.NewRequestsap.m.StandardListItem{\"title\":\"blue\"}"}]}
COMMAND: GET /session/764ef295c8f44d2e14b184d73c4fb1a3/screenshot - {}
RESULT: {"script":"<script> [1562 bytes]","args":[{"selector":{"controlType":"sap.m.StandardListItem","viewName":"etm.portal.ui.managerequests.view.NewRequest","properties":{"title":"blue"},"searchOpenDialogs":true,"interaction":{"idSuffix":"content"}},"wdio_ui5_key":"etmportal.ui.managerequests.view.NewRequestsap.m.StandardListItem{\"title\":\"blue\"}"}]}
RESULT: undefined
COMMAND: POST /session/764ef295c8f44d2e14b184d73c4fb1a3/element - {"using":"xpath","value":"//*[@id=\"__item646\"]"}
RESULT: {}
RESULT: {"using":"xpath","value":"//*[@id=\"__item646\"]"}
COMMAND: POST /session/764ef295c8f44d2e14b184d73c4fb1a3/element/f.809832546CBCDBCC14053EE8D21219E9.d.5875FB01CC4006970FAAF0DB8914670B.e.8129/click - {}
RESULT: {}
COMMAND: GET /session/764ef295c8f44d2e14b184d73c4fb1a3/screenshot - {}
RESULT: {}
COMMAND: POST /session/764ef295c8f44d2e14b184d73c4fb1a3/execute/async - {"script":"<script> [1562 bytes]","args":[{"selector":{"id":"saveButton","viewName":"etm.portal.ui.managerequests.view.NewRequest","searchOpenDialogs":true,"interaction":{"idSuffix":"BDI-content"}},"wdio_ui5_key":"saveButtonetmportal.ui.managerequests.view.NewRequest"}]}
RESULT: {"script":"<script> [1562 bytes]","args":[{"selector":{"id":"saveButton","viewName":"etm.portal.ui.managerequests.view.NewRequest","searchOpenDialogs":true,"interaction":{"idSuffix":"BDI-content"}},"wdio_ui5_key":"saveButtonetmportal.ui.managerequests.view.NewRequest"}]}
RESULT: undefined
COMMAND: POST /session/764ef295c8f44d2e14b184d73c4fb1a3/element - {"using":"xpath","value":"//*[@id=\"__xmlview60--saveButton\"]"}
RESULT: {"using":"xpath","value":"//*[@id=\"__xmlview60--saveButton\"]"}
COMMAND: POST /session/764ef295c8f44d2e14b184d73c4fb1a3/element/f.809832546CBCDBCC14053EE8D21219E9.d.5875FB01CC4006970FAAF0DB8914670B.e.8124/click - {}
RESULT: {}
COMMAND: POST /session/764ef295c8f44d2e14b184d73c4fb1a3/execute/async - {"script":"<script> [1562 bytes]","args":[{"selector":{"controlType":"sap.ui.core.Icon","viewName":"etm.portal.ui.managerequests.view.NewRequest","properties":{"src":{"regex":{"source":"slim\\-arrow\\-down"}}},"ancestor":{"controlType":"sap.m.Button","viewName":"etm.portal.ui.managerequests.view.NewRequest","properties":{"icon":"sap-icon://slim-arrow-down"}}},"wdio_ui5_key":"etmportal.ui.managerequests.view.NewRequestsap.ui.core.Icon{\"src\":{\"regex\":{\"source\":\"slim\\\\-arrow\\\\-down\"}}}{\"controlType\":\"sap.m.Button\",\"viewName\":\"etm.portal.ui.managerequests.view.NewRequest\",\"properties\":{\"icon\":\"sap-icon://slim-arrow-down\"}}"}]}
COMMAND: GET /session/764ef295c8f44d2e14b184d73c4fb1a3/screenshot - {}
RESULT: {"script":"<script> [1562 bytes]","args":[{"selector":{"controlType":"sap.ui.core.Icon","viewName":"etm.portal.ui.managerequests.view.NewRequest","properties":{"src":{"regex":{"source":"slim\\-arrow\\-down"}}},"ancestor":{"controlType":"sap.m.Button","viewName":"etm.portal.ui.managerequests.view.NewRequest","properties":{"icon":"sap-icon://slim-arrow-down"}}},"wdio_ui5_key":"etmportal.ui.managerequests.view.NewRequestsap.ui.core.Icon{\"src\":{\"regex\":{\"source\":\"slim\\\\-arrow\\\\-down\"}}}{\"controlType\":\"sap.m.Button\",\"viewName\":\"etm.portal.ui.managerequests.view.NewRequest\",\"properties\":{\"icon\":\"sap-icon://slim-arrow-down\"}}"}]}
RESULT: undefined
RESULT: {}
COMMAND: POST /session/764ef295c8f44d2e14b184d73c4fb1a3/element - {"using":"xpath","value":"//div[contains(@data-kt ,\"splitAllocationObjectStatus\")]"}
RESULT: {"using":"xpath","value":"//div[contains(@data-kt ,\"splitAllocationObjectStatus\")]"}
COMMAND: POST /session/764ef295c8f44d2e14b184d73c4fb1a3/elements - {"using":"xpath","value":"//div[contains(@data-kt ,\"splitAllocationObjectStatus\")]"}
RESULT: {"using":"xpath","value":"//div[contains(@data-kt ,\"splitAllocationObjectStatus\")]"}
COMMAND: POST /session/764ef295c8f44d2e14b184d73c4fb1a3/execute/async - {"script":"<script> [1562 bytes]","args":[{"selector":{"controlType":"sap.ui.core.Icon","viewName":"etm.portal.ui.managerequests.view.NewRequest","properties":{"src":{"regex":{"source":"message\\-error"}}}},"wdio_ui5_key":"etmportal.ui.managerequests.view.NewRequestsap.ui.core.Icon{\"src\":{\"regex\":{\"source\":\"message\\\\-error\"}}}"}]}
RESULT: {"script":"<script> [1562 bytes]","args":[{"selector":{"controlType":"sap.ui.core.Icon","viewName":"etm.portal.ui.managerequests.view.NewRequest","properties":{"src":{"regex":{"source":"message\\-error"}}}},"wdio_ui5_key":"etmportal.ui.managerequests.view.NewRequestsap.ui.core.Icon{\"src\":{\"regex\":{\"source\":\"message\\\\-error\"}}}"}]}
RESULT: undefined
COMMAND: POST /session/764ef295c8f44d2e14b184d73c4fb1a3/element - {"using":"xpath","value":"//*[@id=\"__status4-__xmlview60--requestItemsTable-0-icon\"]"}
RESULT: {"using":"xpath","value":"//*[@id=\"__status4-__xmlview60--requestItemsTable-0-icon\"]"}
COMMAND: POST /session/764ef295c8f44d2e14b184d73c4fb1a3/element/f.809832546CBCDBCC14053EE8D21219E9.d.5875FB01CC4006970FAAF0DB8914670B.e.8132/click - {}
RESULT: {}
COMMAND: POST /session/764ef295c8f44d2e14b184d73c4fb1a3/execute/async - {"script":"<script> [1562 bytes]","args":[{"selector":{"controlType":"sap.ui.core.Icon","viewName":"etm.portal.ui.managerequests.view.NewRequest","properties":{"src":{"regex":{"source":"slim\\-arrow\\-down"}}},"searchOpenDialogs":true,"ancestor":{"id":"costObjectAdminTypeComboBox","viewName":"etm.portal.ui.managerequests.view.NewRequest","searchOpenDialogs":true}},"wdio_ui5_key":"etmportal.ui.managerequests.view.NewRequestsap.ui.core.Icon{\"src\":{\"regex\":{\"source\":\"slim\\\\-arrow\\\\-down\"}}}{\"id\":\"costObjectAdminTypeComboBox\",\"viewName\":\"etm.portal.ui.managerequests.view.NewRequest\",\"searchOpenDialogs\":true}"}]}
COMMAND: GET /session/764ef295c8f44d2e14b184d73c4fb1a3/screenshot - {}
RESULT: {"script":"<script> [1562 bytes]","args":[{"selector":{"controlType":"sap.ui.core.Icon","viewName":"etm.portal.ui.managerequests.view.NewRequest","properties":{"src":{"regex":{"source":"slim\\-arrow\\-down"}}},"searchOpenDialogs":true,"ancestor":{"id":"costObjectAdminTypeComboBox","viewName":"etm.portal.ui.managerequests.view.NewRequest","searchOpenDialogs":true}},"wdio_ui5_key":"etmportal.ui.managerequests.view.NewRequestsap.ui.core.Icon{\"src\":{\"regex\":{\"source\":\"slim\\\\-arrow\\\\-down\"}}}{\"id\":\"costObjectAdminTypeComboBox\",\"viewName\":\"etm.portal.ui.managerequests.view.NewRequest\",\"searchOpenDialogs\":true}"}]}
RESULT: undefined
COMMAND: POST /session/764ef295c8f44d2e14b184d73c4fb1a3/element - {"using":"xpath","value":"//*[@id=\"__xmlview60--costObjectAdminTypeComboBox-arrow\"]"}
RESULT: {}
RESULT: {"using":"xpath","value":"//*[@id=\"__xmlview60--costObjectAdminTypeComboBox-arrow\"]"}
COMMAND: POST /session/764ef295c8f44d2e14b184d73c4fb1a3/element/f.809832546CBCDBCC14053EE8D21219E9.d.5875FB01CC4006970FAAF0DB8914670B.e.8136/click - {}
RESULT: {}
COMMAND: POST /session/764ef295c8f44d2e14b184d73c4fb1a3/execute/async - {"script":"<script> [1562 bytes]","args":[{"selector":{"controlType":"sap.m.StandardListItem","viewName":"etm.portal.ui.managerequests.view.NewRequest","properties":{"title":"Cost Center"},"searchOpenDialogs":true,"interaction":{"idSuffix":"titleText"}},"wdio_ui5_key":"etmportal.ui.managerequests.view.NewRequestsap.m.StandardListItem{\"title\":\"Cost Center\"}"}]}
COMMAND: GET /session/764ef295c8f44d2e14b184d73c4fb1a3/screenshot - {}
RESULT: {"script":"<script> [1562 bytes]","args":[{"selector":{"controlType":"sap.m.StandardListItem","viewName":"etm.portal.ui.managerequests.view.NewRequest","properties":{"title":"Cost Center"},"searchOpenDialogs":true,"interaction":{"idSuffix":"titleText"}},"wdio_ui5_key":"etmportal.ui.managerequests.view.NewRequestsap.m.StandardListItem{\"title\":\"Cost Center\"}"}]}
RESULT: undefined
COMMAND: POST /session/764ef295c8f44d2e14b184d73c4fb1a3/element - {"using":"xpath","value":"//*[@id=\"__item649\"]"}
RESULT: {}
RESULT: {"using":"xpath","value":"//*[@id=\"__item649\"]"}
COMMAND: POST /session/764ef295c8f44d2e14b184d73c4fb1a3/element/f.809832546CBCDBCC14053EE8D21219E9.d.5875FB01CC4006970FAAF0DB8914670B.e.8139/click - {}
RESULT: {}
COMMAND: GET /session/764ef295c8f44d2e14b184d73c4fb1a3/screenshot - {}
RESULT: {}
COMMAND: POST /session/764ef295c8f44d2e14b184d73c4fb1a3/execute/async - {"script":"<script> [1562 bytes]","args":[{"selector":{"controlType":"sap.ui.core.Icon","viewName":"etm.portal.ui.managerequests.view.NewRequest","properties":{"src":{"regex":{"source":"value\\-help"}}},"searchOpenDialogs":true},"wdio_ui5_key":"etmportal.ui.managerequests.view.NewRequestsap.ui.core.Icon{\"src\":{\"regex\":{\"source\":\"value\\\\-help\"}}}"}]}
RESULT: {"script":"<script> [1562 bytes]","args":[{"selector":{"controlType":"sap.ui.core.Icon","viewName":"etm.portal.ui.managerequests.view.NewRequest","properties":{"src":{"regex":{"source":"value\\-help"}}},"searchOpenDialogs":true},"wdio_ui5_key":"etmportal.ui.managerequests.view.NewRequestsap.ui.core.Icon{\"src\":{\"regex\":{\"source\":\"value\\\\-help\"}}}"}]}
RESULT: undefined
COMMAND: POST /session/764ef295c8f44d2e14b184d73c4fb1a3/element - {"using":"xpath","value":"//*[@id=\"__xmlview60--costObjectIdComboBox-vhi\"]"}
RESULT: {"using":"xpath","value":"//*[@id=\"__xmlview60--costObjectIdComboBox-vhi\"]"}
COMMAND: POST /session/764ef295c8f44d2e14b184d73c4fb1a3/element/f.809832546CBCDBCC14053EE8D21219E9.d.5875FB01CC4006970FAAF0DB8914670B.e.8145/click - {}
RESULT: {}
COMMAND: POST /session/764ef295c8f44d2e14b184d73c4fb1a3/execute/async - {"script":"<script> [1562 bytes]","args":[{"selector":{"controlType":"sap.m.SearchField","properties":{"placeholder":"Search"},"searchOpenDialogs":true,"interaction":{"idSuffix":"I"}},"wdio_ui5_key":"sapm.SearchField{\"placeholder\":\"Search\"}"}]}
COMMAND: GET /session/764ef295c8f44d2e14b184d73c4fb1a3/screenshot - {}
RESULT: {"script":"<script> [1562 bytes]","args":[{"selector":{"controlType":"sap.m.SearchField","properties":{"placeholder":"Search"},"searchOpenDialogs":true,"interaction":{"idSuffix":"I"}},"wdio_ui5_key":"sapm.SearchField{\"placeholder\":\"Search\"}"}]}
RESULT: undefined
COMMAND: POST /session/764ef295c8f44d2e14b184d73c4fb1a3/execute/async - {"script":"<script> [776 bytes]","args":[{"enterText":"10001010","selector":{"controlType":"sap.m.SearchField","properties":{"placeholder":"Search"},"searchOpenDialogs":true,"interaction":{"idSuffix":"I"}},"clearTextFirst":true,"interactionType":"ENTER_TEXT"}]}
RESULT: {}
RESULT: {"script":"<script> [776 bytes]","args":[{"enterText":"10001010","selector":{"controlType":"sap.m.SearchField","properties":{"placeholder":"Search"},"searchOpenDialogs":true,"interaction":{"idSuffix":"I"}},"clearTextFirst":true,"interactionType":"ENTER_TEXT"}]}
COMMAND: POST /session/764ef295c8f44d2e14b184d73c4fb1a3/actions - {"actions":[{"id":"action58","type":"key","parameters":{},"actions":[{"type":"keyDown","value":""},{"type":"pause","duration":10},{"type":"keyUp","value":""}]}]}
RESULT: {"actions":[{"id":"action58","type":"key","parameters":{},"actions":[{"type":"keyDown","value":""},{"type":"pause","duration":10},{"type":"keyUp","value":""}]}]}
COMMAND: GET /session/764ef295c8f44d2e14b184d73c4fb1a3/screenshot - {}
RESULT: {}
COMMAND: POST /session/764ef295c8f44d2e14b184d73c4fb1a3/execute/async - {"script":"<script> [1562 bytes]","args":[{"selector":{"controlType":"sap.m.Text","bindingPath":{"path":"/C_CostCtrValueHelp(CostCenter='10001010',ControllingArea='Z001')","propertyPath":"CostCenterName","modelName":"CostCenterModel"},"searchOpenDialogs":true},"wdio_ui5_key":"sapm.Text{\"path\":\"/C_CostCtrValueHelp(CostCenter='10001010',ControllingArea='Z001')\",\"propertyPath\":\"CostCenterName\",\"modelName\":\"CostCenterModel\"}"}]}
RESULT: {"script":"<script> [1562 bytes]","args":[{"selector":{"controlType":"sap.m.Text","bindingPath":{"path":"/C_CostCtrValueHelp(CostCenter='10001010',ControllingArea='Z001')","propertyPath":"CostCenterName","modelName":"CostCenterModel"},"searchOpenDialogs":true},"wdio_ui5_key":"sapm.Text{\"path\":\"/C_CostCtrValueHelp(CostCenter='10001010',ControllingArea='Z001')\",\"propertyPath\":\"CostCenterName\",\"modelName\":\"CostCenterModel\"}"}]}
RESULT: undefined
COMMAND: POST /session/764ef295c8f44d2e14b184d73c4fb1a3/element - {"using":"xpath","value":"//*[@id=\"__text548-__clone855\"]"}
RESULT: {"using":"xpath","value":"//*[@id=\"__text548-__clone855\"]"}
COMMAND: POST /session/764ef295c8f44d2e14b184d73c4fb1a3/element/f.809832546CBCDBCC14053EE8D21219E9.d.5875FB01CC4006970FAAF0DB8914670B.e.8184/click - {}
RESULT: {}
COMMAND: POST /session/764ef295c8f44d2e14b184d73c4fb1a3/execute/async - {"script":"<script> [1562 bytes]","args":[{"selector":{"controlType":"sap.m.Button","properties":{"text":"OK"},"searchOpenDialogs":true,"interaction":{"idSuffix":"BDI-content"}},"wdio_ui5_key":"sapm.Button{\"text\":\"OK\"}"}]}
COMMAND: GET /session/764ef295c8f44d2e14b184d73c4fb1a3/screenshot - {}
RESULT: {"script":"<script> [1562 bytes]","args":[{"selector":{"controlType":"sap.m.Button","properties":{"text":"OK"},"searchOpenDialogs":true,"interaction":{"idSuffix":"BDI-content"}},"wdio_ui5_key":"sapm.Button{\"text\":\"OK\"}"}]}
RESULT: undefined
COMMAND: POST /session/764ef295c8f44d2e14b184d73c4fb1a3/element - {"using":"xpath","value":"//*[@id=\"__dialog2-ok\"]"}
RESULT: {}
RESULT: {"using":"xpath","value":"//*[@id=\"__dialog2-ok\"]"}
COMMAND: POST /session/764ef295c8f44d2e14b184d73c4fb1a3/element/f.809832546CBCDBCC14053EE8D21219E9.d.5875FB01CC4006970FAAF0DB8914670B.e.8186/click - {}
RESULT: {}
COMMAND: GET /session/764ef295c8f44d2e14b184d73c4fb1a3/screenshot - {}
RESULT: {}
COMMAND: POST /session/764ef295c8f44d2e14b184d73c4fb1a3/execute/async - {"script":"<script> [1562 bytes]","args":[{"selector":{"controlType":"sap.m.Button","viewName":"etm.portal.ui.managerequests.view.NewRequest","i18NText":{"propertyName":"text","key":"save"},"searchOpenDialogs":true,"interaction":{"idSuffix":"BDI-content"}},"wdio_ui5_key":"etmportal.ui.managerequests.view.NewRequestsap.m.Button{\"propertyName\":\"text\",\"key\":\"save\"}"}]}
RESULT: {"script":"<script> [1562 bytes]","args":[{"selector":{"controlType":"sap.m.Button","viewName":"etm.portal.ui.managerequests.view.NewRequest","i18NText":{"propertyName":"text","key":"save"},"searchOpenDialogs":true,"interaction":{"idSuffix":"BDI-content"}},"wdio_ui5_key":"etmportal.ui.managerequests.view.NewRequestsap.m.Button{\"propertyName\":\"text\",\"key\":\"save\"}"}]}
RESULT: undefined
COMMAND: POST /session/764ef295c8f44d2e14b184d73c4fb1a3/element - {"using":"xpath","value":"//*[@id=\"__button90\"]"}
RESULT: {"using":"xpath","value":"//*[@id=\"__button90\"]"}
COMMAND: POST /session/764ef295c8f44d2e14b184d73c4fb1a3/element/f.809832546CBCDBCC14053EE8D21219E9.d.5875FB01CC4006970FAAF0DB8914670B.e.8190/click - {}
RESULT: {}
COMMAND: GET /session/764ef295c8f44d2e14b184d73c4fb1a3/screenshot - {}
RESULT: {}
COMMAND: POST /session/764ef295c8f44d2e14b184d73c4fb1a3/execute/async - {"script":"<script> [1562 bytes]","args":[{"selector":{"controlType":"sap.m.Button","viewName":"etm.portal.ui.managerequests.view.NewRequest","i18NText":{"propertyName":"tooltip","key":"save"},"interaction":{"idSuffix":"content"}},"wdio_ui5_key":"etmportal.ui.managerequests.view.NewRequestsap.m.Button{\"propertyName\":\"tooltip\",\"key\":\"save\"}"}]}
RESULT: {"script":"<script> [1562 bytes]","args":[{"selector":{"controlType":"sap.m.Button","viewName":"etm.portal.ui.managerequests.view.NewRequest","i18NText":{"propertyName":"tooltip","key":"save"},"interaction":{"idSuffix":"content"}},"wdio_ui5_key":"etmportal.ui.managerequests.view.NewRequestsap.m.Button{\"propertyName\":\"tooltip\",\"key\":\"save\"}"}]}
RESULT: undefined
COMMAND: POST /session/764ef295c8f44d2e14b184d73c4fb1a3/element - {"using":"xpath","value":"//*[@id=\"__button80\"]"}
RESULT: {"using":"xpath","value":"//*[@id=\"__button80\"]"}
COMMAND: POST /session/764ef295c8f44d2e14b184d73c4fb1a3/element/f.809832546CBCDBCC14053EE8D21219E9.d.5875FB01CC4006970FAAF0DB8914670B.e.8065/click - {}
RESULT: {}
COMMAND: GET /session/764ef295c8f44d2e14b184d73c4fb1a3/screenshot - {}
RESULT: {}
COMMAND: POST /session/764ef295c8f44d2e14b184d73c4fb1a3/execute/async - {"script":"<script> [1562 bytes]","args":[{"selector":{"controlType":"sap.m.Title","properties":{"text":"Success"},"searchOpenDialogs":true},"wdio_ui5_key":"sapm.Title{\"text\":\"Success\"}"}]}
RESULT: {"script":"<script> [1562 bytes]","args":[{"selector":{"controlType":"sap.m.Title","properties":{"text":"Success"},"searchOpenDialogs":true},"wdio_ui5_key":"sapm.Title{\"text\":\"Success\"}"}]}
RESULT: undefined
COMMAND: POST /session/764ef295c8f44d2e14b184d73c4fb1a3/execute/async - {"script":"<script> [6424 bytes]","args":[{"element-6066-11e4-a52e-4f735466cecf":"f.809832546CBCDBCC14053EE8D21219E9.d.5875FB01CC4006970FAAF0DB8914670B.e.8195"},"getText",[]]}
RESULT: {"script":"<script> [6424 bytes]","args":[{"element-6066-11e4-a52e-4f735466cecf":"f.809832546CBCDBCC14053EE8D21219E9.d.5875FB01CC4006970FAAF0DB8914670B.e.8195"},"getText",[]]}
COMMAND: POST /session/764ef295c8f44d2e14b184d73c4fb1a3/execute/async - {"script":"<script> [1562 bytes]","args":[{"selector":{"controlType":"sap.m.Button","properties":{"text":"Close"},"searchOpenDialogs":true,"interaction":{"idSuffix":"BDI-content"}},"wdio_ui5_key":"sapm.Button{\"text\":\"Close\"}"}]}
RESULT: {"script":"<script> [1562 bytes]","args":[{"selector":{"controlType":"sap.m.Button","properties":{"text":"Close"},"searchOpenDialogs":true,"interaction":{"idSuffix":"BDI-content"}},"wdio_ui5_key":"sapm.Button{\"text\":\"Close\"}"}]}
RESULT: undefined
COMMAND: POST /session/764ef295c8f44d2e14b184d73c4fb1a3/element - {"using":"xpath","value":"//*[@id=\"__mbox-btn-0\"]"}
RESULT: {"using":"xpath","value":"//*[@id=\"__mbox-btn-0\"]"}
COMMAND: POST /session/764ef295c8f44d2e14b184d73c4fb1a3/element/f.809832546CBCDBCC14053EE8D21219E9.d.5875FB01CC4006970FAAF0DB8914670B.e.8194/click - {}
RESULT: {}
COMMAND: GET /session/764ef295c8f44d2e14b184d73c4fb1a3/screenshot - {}
RESULT: {}
COMMAND: POST /session/764ef295c8f44d2e14b184d73c4fb1a3/execute/async - {"script":"<script> [1562 bytes]","args":[{"selector":{"controlType":"sap.m.Button","viewName":"etm.portal.ui.managerequests.view.Detail","i18NText":{"propertyName":"text","key":"requestSpecifications"},"interaction":{"idSuffix":"BDI-content"}},"wdio_ui5_key":"etmportal.ui.managerequests.view.Detailsap.m.Button{\"propertyName\":\"text\",\"key\":\"requestSpecifications\"}"}]}
RESULT: {"script":"<script> [1562 bytes]","args":[{"selector":{"controlType":"sap.m.Button","viewName":"etm.portal.ui.managerequests.view.Detail","i18NText":{"propertyName":"text","key":"requestSpecifications"},"interaction":{"idSuffix":"BDI-content"}},"wdio_ui5_key":"etmportal.ui.managerequests.view.Detailsap.m.Button{\"propertyName\":\"text\",\"key\":\"requestSpecifications\"}"}]}
RESULT: undefined
COMMAND: POST /session/764ef295c8f44d2e14b184d73c4fb1a3/element - {"using":"xpath","value":"//*[@id=\"__button106-__clone894\"]"}
RESULT: {"using":"xpath","value":"//*[@id=\"__button106-__clone894\"]"}
COMMAND: POST /session/764ef295c8f44d2e14b184d73c4fb1a3/element/f.809832546CBCDBCC14053EE8D21219E9.d.5875FB01CC4006970FAAF0DB8914670B.e.8308/click - {}
RESULT: {}
COMMAND: GET /session/764ef295c8f44d2e14b184d73c4fb1a3/screenshot - {}
RESULT: {}
COMMAND: POST /session/764ef295c8f44d2e14b184d73c4fb1a3/element - {"using":"xpath","value":"//input[@value=\"blue\"]"}
RESULT: {"using":"xpath","value":"//input[@value=\"blue\"]"}
COMMAND: POST /session/764ef295c8f44d2e14b184d73c4fb1a3/elements - {"using":"xpath","value":"//input[@value=\"blue\"]"}
RESULT: {"using":"xpath","value":"//input[@value=\"blue\"]"}
COMMAND: POST /session/764ef295c8f44d2e14b184d73c4fb1a3/execute/async - {"script":"<script> [1562 bytes]","args":[{"selector":{"id":"cancelRequestSpecificationsButton","viewName":"etm.portal.ui.managerequests.view.Detail","searchOpenDialogs":true,"interaction":{"idSuffix":"BDI-content"}},"wdio_ui5_key":"cancelRequestSpecificationsButtonetmportal.ui.managerequests.view.Detail"}]}
RESULT: {"script":"<script> [1562 bytes]","args":[{"selector":{"id":"cancelRequestSpecificationsButton","viewName":"etm.portal.ui.managerequests.view.Detail","searchOpenDialogs":true,"interaction":{"idSuffix":"BDI-content"}},"wdio_ui5_key":"cancelRequestSpecificationsButtonetmportal.ui.managerequests.view.Detail"}]}
RESULT: undefined
COMMAND: POST /session/764ef295c8f44d2e14b184d73c4fb1a3/element - {"using":"xpath","value":"//*[@id=\"__xmlview61--cancelRequestSpecificationsButton\"]"}
RESULT: {"using":"xpath","value":"//*[@id=\"__xmlview61--cancelRequestSpecificationsButton\"]"}
COMMAND: POST /session/764ef295c8f44d2e14b184d73c4fb1a3/element/f.809832546CBCDBCC14053EE8D21219E9.d.5875FB01CC4006970FAAF0DB8914670B.e.8321/click - {}
RESULT: {}
COMMAND: GET /session/764ef295c8f44d2e14b184d73c4fb1a3/screenshot - {}
COMMAND: POST /session/764ef295c8f44d2e14b184d73c4fb1a3/element - {"using":"css selector","value":"#shell-header-logo"}
RESULT: {}
RESULT: {"using":"css selector","value":"#shell-header-logo"}
COMMAND: POST /session/764ef295c8f44d2e14b184d73c4fb1a3/element/f.809832546CBCDBCC14053EE8D21219E9.d.5875FB01CC4006970FAAF0DB8914670B.e.7753/click - {}
RESULT: {}
COMMAND: GET /session/764ef295c8f44d2e14b184d73c4fb1a3/screenshot - {}
RESULT: {}
]]></system-out>
    </testcase>
  </testsuite>
  <testsuite timestamp="2025-06-13T16:03:33" time="350.424" tests="3" failures="0" errors="0" skipped="0">
    <properties>
      <property name="specId" value="0"/>
      <property name="suiteName" value="Reserve/Unreserve request item via reserve option US139161"/>
      <property name="capabilities" value="chrome.137_0_7151_69.windows"/>
      <property name="file" value="file:///D:/a/1/s/test/specs/R2C/reserve-unreserve-request-item-via-reserve-option.spec.js"/>
    </properties>
    <testcase classname="chrome.137_0_7151_69.windows.Reserve/Unreserve_request_item_via_reserve_option_US139161" name="Should add the material to the catalog item" time="86.372">
      <system-out><![CDATA[
COMMAND: POST /session/764ef295c8f44d2e14b184d73c4fb1a3/execute/async - {"script":"<script> [1562 bytes]","args":[{"selector":{"controlType":"sap.m.GenericTile","properties":{"header":"Manage Catalogs"}},"wdio_ui5_key":"sapm.GenericTile{\"header\":\"Manage Catalogs\"}"}]}
RESULT: {"script":"<script> [1562 bytes]","args":[{"selector":{"controlType":"sap.m.GenericTile","properties":{"header":"Manage Catalogs"}},"wdio_ui5_key":"sapm.GenericTile{\"header\":\"Manage Catalogs\"}"}]}
RESULT: undefined
COMMAND: POST /session/764ef295c8f44d2e14b184d73c4fb1a3/element - {"using":"xpath","value":"//*[@id=\"__tile38\"]"}
RESULT: {"using":"xpath","value":"//*[@id=\"__tile38\"]"}
COMMAND: POST /session/764ef295c8f44d2e14b184d73c4fb1a3/element/f.809832546CBCDBCC14053EE8D21219E9.d.5875FB01CC4006970FAAF0DB8914670B.e.8328/click - {}
RESULT: {}
COMMAND: GET /session/764ef295c8f44d2e14b184d73c4fb1a3/screenshot - {}
RESULT: {}
COMMAND: POST /session/764ef295c8f44d2e14b184d73c4fb1a3/elements - {"using":"xpath","value":"//span[text()='Error']"}
RESULT: {"using":"xpath","value":"//span[text()='Error']"}
COMMAND: POST /session/764ef295c8f44d2e14b184d73c4fb1a3/execute/async - {"script":"<script> [1562 bytes]","args":[{"selector":{"controlType":"sap.m.Text","viewName":"etm.portal.ui.managecatalogs.view.MasterCatalogs","viewId":"application-managecatalogs-display-component---masterCatalogs","bindingPath":{"path":"/Catalogs('0D7502D073D53A0F1700BE067B89AFF9')","propertyPath":"DESCRIPTION","modelName":"catalogModel"}},"wdio_ui5_key":"etmportal.ui.managecatalogs.view.MasterCatalogssap.m.Text{\"path\":\"/Catalogs('0D7502D073D53A0F1700BE067B89AFF9')\",\"propertyPath\":\"DESCRIPTION\",\"modelName\":\"catalogModel\"}"}]}
RESULT: {"script":"<script> [1562 bytes]","args":[{"selector":{"controlType":"sap.m.Text","viewName":"etm.portal.ui.managecatalogs.view.MasterCatalogs","viewId":"application-managecatalogs-display-component---masterCatalogs","bindingPath":{"path":"/Catalogs('0D7502D073D53A0F1700BE067B89AFF9')","propertyPath":"DESCRIPTION","modelName":"catalogModel"}},"wdio_ui5_key":"etmportal.ui.managecatalogs.view.MasterCatalogssap.m.Text{\"path\":\"/Catalogs('0D7502D073D53A0F1700BE067B89AFF9')\",\"propertyPath\":\"DESCRIPTION\",\"modelName\":\"catalogModel\"}"}]}
RESULT: undefined
COMMAND: POST /session/764ef295c8f44d2e14b184d73c4fb1a3/element - {"using":"xpath","value":"//*[@id=\"__text683-application-managecatalogs-display-component---masterCatalogs--CatalogsTable-11\"]"}
RESULT: {"using":"xpath","value":"//*[@id=\"__text683-application-managecatalogs-display-component---masterCatalogs--CatalogsTable-11\"]"}
COMMAND: POST /session/764ef295c8f44d2e14b184d73c4fb1a3/element/f.809832546CBCDBCC14053EE8D21219E9.d.5875FB01CC4006970FAAF0DB8914670B.e.8398/click - {}
RESULT: {}
RESULT: undefined
COMMAND: POST /session/764ef295c8f44d2e14b184d73c4fb1a3/execute/async - {"script":"<script> [776 bytes]","args":[{"enterText":"catalogItem5c9wl","selector":{"id":"application-managecatalogs-display-component---masterCatalogItems--searchItemsField","interaction":{"idSuffix":"I"}},"clearTextFirst":true,"interactionType":"ENTER_TEXT"}]}
COMMAND: GET /session/764ef295c8f44d2e14b184d73c4fb1a3/screenshot - {}
RESULT: {"script":"<script> [776 bytes]","args":[{"enterText":"catalogItem5c9wl","selector":{"id":"application-managecatalogs-display-component---masterCatalogItems--searchItemsField","interaction":{"idSuffix":"I"}},"clearTextFirst":true,"interactionType":"ENTER_TEXT"}]}
COMMAND: POST /session/764ef295c8f44d2e14b184d73c4fb1a3/actions - {"actions":[{"id":"action59","type":"key","parameters":{},"actions":[{"type":"keyDown","value":""},{"type":"pause","duration":10},{"type":"keyUp","value":""}]}]}
RESULT: {}
RESULT: {"actions":[{"id":"action59","type":"key","parameters":{},"actions":[{"type":"keyDown","value":""},{"type":"pause","duration":10},{"type":"keyUp","value":""}]}]}
COMMAND: POST /session/764ef295c8f44d2e14b184d73c4fb1a3/element - {"using":"xpath","value":"(//span[contains(text(), \"catalogItem5c9wl\")])[1]"}
COMMAND: GET /session/764ef295c8f44d2e14b184d73c4fb1a3/screenshot - {}
RESULT: {"using":"xpath","value":"(//span[contains(text(), \"catalogItem5c9wl\")])[1]"}
COMMAND: POST /session/764ef295c8f44d2e14b184d73c4fb1a3/element/f.809832546CBCDBCC14053EE8D21219E9.d.5875FB01CC4006970FAAF0DB8914670B.e.8414/click - {}
RESULT: {}
RESULT: {}
COMMAND: GET /session/764ef295c8f44d2e14b184d73c4fb1a3/screenshot - {}
RESULT: {}
COMMAND: POST /session/764ef295c8f44d2e14b184d73c4fb1a3/element - {"using":"xpath","value":"//*[contains(@id ,\"BDI-content\")][contains(text(), \"Edit\")]"}
RESULT: {"using":"xpath","value":"//*[contains(@id ,\"BDI-content\")][contains(text(), \"Edit\")]"}
COMMAND: POST /session/764ef295c8f44d2e14b184d73c4fb1a3/element/f.809832546CBCDBCC14053EE8D21219E9.d.5875FB01CC4006970FAAF0DB8914670B.e.8495/click - {}
RESULT: {}
COMMAND: GET /session/764ef295c8f44d2e14b184d73c4fb1a3/screenshot - {}
RESULT: {}
COMMAND: POST /session/764ef295c8f44d2e14b184d73c4fb1a3/element - {"using":"xpath","value":"//bdi[contains(text(), \"Assigned Resources\")]"}
RESULT: {"using":"xpath","value":"//bdi[contains(text(), \"Assigned Resources\")]"}
COMMAND: POST /session/764ef295c8f44d2e14b184d73c4fb1a3/element/f.809832546CBCDBCC14053EE8D21219E9.d.5875FB01CC4006970FAAF0DB8914670B.e.8520/click - {}
RESULT: {}
COMMAND: GET /session/764ef295c8f44d2e14b184d73c4fb1a3/screenshot - {}
RESULT: {}
COMMAND: POST /session/764ef295c8f44d2e14b184d73c4fb1a3/element - {"using":"xpath","value":"//button[contains(@data-kt ,\"catalogItemAssignRuButton\")]"}
RESULT: {"using":"xpath","value":"//button[contains(@data-kt ,\"catalogItemAssignRuButton\")]"}
COMMAND: POST /session/764ef295c8f44d2e14b184d73c4fb1a3/element/f.809832546CBCDBCC14053EE8D21219E9.d.5875FB01CC4006970FAAF0DB8914670B.e.8528/click - {}
RESULT: {}
COMMAND: GET /session/764ef295c8f44d2e14b184d73c4fb1a3/screenshot - {}
RESULT: {}
COMMAND: POST /session/764ef295c8f44d2e14b184d73c4fb1a3/actions - {"actions":[{"id":"action60","type":"key","parameters":{},"actions":[{"type":"keyDown","value":""},{"type":"pause","duration":10},{"type":"keyUp","value":""}]}]}
RESULT: {"actions":[{"id":"action60","type":"key","parameters":{},"actions":[{"type":"keyDown","value":""},{"type":"pause","duration":10},{"type":"keyUp","value":""}]}]}
COMMAND: GET /session/764ef295c8f44d2e14b184d73c4fb1a3/screenshot - {}
RESULT: {}
COMMAND: POST /session/764ef295c8f44d2e14b184d73c4fb1a3/execute/async - {"script":"<script> [1562 bytes]","args":[{"selector":{"id":"application-managecatalogs-display-component---detailCatalog--assignRUSearchField-vhi","searchOpenDialogs":true},"wdio_ui5_key":"applicationmanagecatalogs-display-component---detailCatalog--assignRUSearchField-vhi"}]}
RESULT: {"script":"<script> [1562 bytes]","args":[{"selector":{"id":"application-managecatalogs-display-component---detailCatalog--assignRUSearchField-vhi","searchOpenDialogs":true},"wdio_ui5_key":"applicationmanagecatalogs-display-component---detailCatalog--assignRUSearchField-vhi"}]}
RESULT: undefined
COMMAND: POST /session/764ef295c8f44d2e14b184d73c4fb1a3/element - {"using":"xpath","value":"//*[@id=\"application-managecatalogs-display-component---detailCatalog--assignRUSearchField-vhi\"]"}
RESULT: {"using":"xpath","value":"//*[@id=\"application-managecatalogs-display-component---detailCatalog--assignRUSearchField-vhi\"]"}
COMMAND: POST /session/764ef295c8f44d2e14b184d73c4fb1a3/element/f.809832546CBCDBCC14053EE8D21219E9.d.5875FB01CC4006970FAAF0DB8914670B.e.8544/click - {}
RESULT: {}
COMMAND: GET /session/764ef295c8f44d2e14b184d73c4fb1a3/screenshot - {}
RESULT: {}
COMMAND: POST /session/764ef295c8f44d2e14b184d73c4fb1a3/element - {"using":"xpath","value":"//input[contains(@id ,\"searchField-I\")]"}
RESULT: {"using":"xpath","value":"//input[contains(@id ,\"searchField-I\")]"}
COMMAND: POST /session/764ef295c8f44d2e14b184d73c4fb1a3/element/f.809832546CBCDBCC14053EE8D21219E9.d.5875FB01CC4006970FAAF0DB8914670B.e.8548/clear - {}
RESULT: {}
COMMAND: POST /session/764ef295c8f44d2e14b184d73c4fb1a3/element/f.809832546CBCDBCC14053EE8D21219E9.d.5875FB01CC4006970FAAF0DB8914670B.e.8548/value - {"text":"WebdriverMatTestpyrab"}
COMMAND: GET /session/764ef295c8f44d2e14b184d73c4fb1a3/screenshot - {}
RESULT: {"text":"WebdriverMatTestpyrab"}
COMMAND: GET /session/764ef295c8f44d2e14b184d73c4fb1a3/screenshot - {}
RESULT: {}
RESULT: {}
COMMAND: POST /session/764ef295c8f44d2e14b184d73c4fb1a3/actions - {"actions":[{"id":"action61","type":"key","parameters":{},"actions":[{"type":"keyDown","value":""},{"type":"pause","duration":10},{"type":"keyUp","value":""}]}]}
RESULT: {"actions":[{"id":"action61","type":"key","parameters":{},"actions":[{"type":"keyDown","value":""},{"type":"pause","duration":10},{"type":"keyUp","value":""}]}]}
COMMAND: GET /session/764ef295c8f44d2e14b184d73c4fb1a3/screenshot - {}
RESULT: {}
COMMAND: POST /session/764ef295c8f44d2e14b184d73c4fb1a3/actions - {"actions":[{"id":"action62","type":"key","parameters":{},"actions":[{"type":"keyDown","value":""},{"type":"pause","duration":10},{"type":"keyUp","value":""}]}]}
RESULT: {"actions":[{"id":"action62","type":"key","parameters":{},"actions":[{"type":"keyDown","value":""},{"type":"pause","duration":10},{"type":"keyUp","value":""}]}]}
COMMAND: GET /session/764ef295c8f44d2e14b184d73c4fb1a3/screenshot - {}
RESULT: {}
COMMAND: POST /session/764ef295c8f44d2e14b184d73c4fb1a3/actions - {"actions":[{"id":"action63","type":"key","parameters":{},"actions":[{"type":"keyDown","value":""},{"type":"pause","duration":10},{"type":"keyUp","value":""}]}]}
RESULT: {"actions":[{"id":"action63","type":"key","parameters":{},"actions":[{"type":"keyDown","value":""},{"type":"pause","duration":10},{"type":"keyUp","value":""}]}]}
COMMAND: GET /session/764ef295c8f44d2e14b184d73c4fb1a3/screenshot - {}
RESULT: {}
COMMAND: POST /session/764ef295c8f44d2e14b184d73c4fb1a3/element - {"using":"xpath","value":"//bdi[contains(@id ,\"application-managecatalogs-display-component---detailCatalog--RUAssignmentSaveButton-BDI-content\")]"}
RESULT: {"using":"xpath","value":"//bdi[contains(@id ,\"application-managecatalogs-display-component---detailCatalog--RUAssignmentSaveButton-BDI-content\")]"}
COMMAND: POST /session/764ef295c8f44d2e14b184d73c4fb1a3/element/f.809832546CBCDBCC14053EE8D21219E9.d.5875FB01CC4006970FAAF0DB8914670B.e.8563/click - {}
RESULT: {}
COMMAND: GET /session/764ef295c8f44d2e14b184d73c4fb1a3/screenshot - {}
RESULT: {}
COMMAND: POST /session/764ef295c8f44d2e14b184d73c4fb1a3/element - {"using":"xpath","value":"//bdi[contains(text(), \"Save\")]"}
RESULT: {"using":"xpath","value":"//bdi[contains(text(), \"Save\")]"}
COMMAND: POST /session/764ef295c8f44d2e14b184d73c4fb1a3/element/f.809832546CBCDBCC14053EE8D21219E9.d.5875FB01CC4006970FAAF0DB8914670B.e.8588/click - {}
RESULT: {}
COMMAND: GET /session/764ef295c8f44d2e14b184d73c4fb1a3/screenshot - {}
RESULT: {}
COMMAND: POST /session/764ef295c8f44d2e14b184d73c4fb1a3/element - {"using":"css selector","value":"#shell-header-logo"}
RESULT: {"using":"css selector","value":"#shell-header-logo"}
COMMAND: POST /session/764ef295c8f44d2e14b184d73c4fb1a3/element/f.809832546CBCDBCC14053EE8D21219E9.d.5875FB01CC4006970FAAF0DB8914670B.e.8332/click - {}
RESULT: {}
COMMAND: GET /session/764ef295c8f44d2e14b184d73c4fb1a3/screenshot - {}
RESULT: {}
COMMAND: POST /session/764ef295c8f44d2e14b184d73c4fb1a3/refresh - {}
RESULT: undefined
RESULT: {}
COMMAND: GET /session/764ef295c8f44d2e14b184d73c4fb1a3/screenshot - {}
RESULT: {}
COMMAND: POST /session/764ef295c8f44d2e14b184d73c4fb1a3/execute/async - {"script":"<script> [189 bytes]","args":[]}
RESULT: {"script":"<script> [189 bytes]","args":[]}
COMMAND: POST /session/764ef295c8f44d2e14b184d73c4fb1a3/execute/async - {"script":"<script> [123 bytes]","args":[]}
RESULT: {"script":"<script> [123 bytes]","args":[]}
COMMAND: POST /session/764ef295c8f44d2e14b184d73c4fb1a3/timeouts - {"script":"<number>"}
RESULT: {"script":"<number>"}
COMMAND: GET /session/764ef295c8f44d2e14b184d73c4fb1a3/timeouts - {}
RESULT: {}
RESULT: undefined
COMMAND: POST /session/764ef295c8f44d2e14b184d73c4fb1a3/execute/async - {"script":"<script> [2676 bytes]","args":[]}
RESULT: {"script":"<script> [2676 bytes]","args":[]}
COMMAND: POST /session/764ef295c8f44d2e14b184d73c4fb1a3/execute/async - {"script":"<script> [2342 bytes]","args":[{"protocol":"http","hostname":"0.0.0.0","path":"/","capabilities":{"browserName":"chrome","goog:chromeOptions":{"binary":"C:\\Program Files\\Google\\Chrome\\Application\\chrome.exe","args":["--start-maximized"]}},"logLevel":"warn","connectionRetryTimeout":120000,"connectionRetryCount":3,"logLevels":{},"enableDirectConnect":true,"strictSSL":true,"_":"65 more keys: [\"cacheDir\",\"port\",\"requestedCapabilities\",\"automationProtocol\",\"baseUrl\",\"waitforInterval\",\"waitforTimeout\",\"onReload\",\"beforeCommand\",\"afterCommand\",\"rootDir\",\"specs\",\"suites\",\"exclude\",\"groupLogsByTestSpec\",\"excludeDriverLogs\",\"bail\",\"framework\",\"reporters\",\"services\",\"maxInstances\",\"maxInstancesPerCapability\",\"injectGlobals\",\"filesToWatch\",\"execArgv\",\"runnerEnv\",\"runner\",\"shard\",\"specFileRetries\",\"specFileRetriesDelay\",\"specFileRetriesDeferred\",\"reporterSyncInterval\",\"reporterSyncTimeout\",\"cucumberFeaturesWithLineNumbers\",\"autoCompileOpts\",\"mochaOpts\",\"jasmineOpts\",\"cucumberOpts\",\"onPrepare\",\"onWorkerStart\",\"onWorkerEnd\",\"before\",\"beforeSession\",\"beforeSuite\",\"beforeHook\",\"beforeTest\",\"afterTest\",\"afterHook\",\"afterSuite\",\"afterSession\",\"after\",\"onComplete\",\"beforeAssertion\",\"afterAssertion\",\"beforeFeature\",\"beforeScenario\",\"beforeStep\",\"afterStep\",\"afterScenario\",\"afterFeature\",\"_\",\"suite\",\"$0\",\"ignoredWorkerServices\",\"wdi5\"]"}]}
RESULT: {"script":"<script> [2342 bytes]","args":[{"protocol":"http","hostname":"0.0.0.0","path":"/","capabilities":{"browserName":"chrome","goog:chromeOptions":{"binary":"C:\\Program Files\\Google\\Chrome\\Application\\chrome.exe","args":["--start-maximized"]}},"logLevel":"warn","connectionRetryTimeout":120000,"connectionRetryCount":3,"logLevels":{},"enableDirectConnect":true,"strictSSL":true,"_":"65 more keys: [\"cacheDir\",\"port\",\"requestedCapabilities\",\"automationProtocol\",\"baseUrl\",\"waitforInterval\",\"waitforTimeout\",\"onReload\",\"beforeCommand\",\"afterCommand\",\"rootDir\",\"specs\",\"suites\",\"exclude\",\"groupLogsByTestSpec\",\"excludeDriverLogs\",\"bail\",\"framework\",\"reporters\",\"services\",\"maxInstances\",\"maxInstancesPerCapability\",\"injectGlobals\",\"filesToWatch\",\"execArgv\",\"runnerEnv\",\"runner\",\"shard\",\"specFileRetries\",\"specFileRetriesDelay\",\"specFileRetriesDeferred\",\"reporterSyncInterval\",\"reporterSyncTimeout\",\"cucumberFeaturesWithLineNumbers\",\"autoCompileOpts\",\"mochaOpts\",\"jasmineOpts\",\"cucumberOpts\",\"onPrepare\",\"onWorkerStart\",\"onWorkerEnd\",\"before\",\"beforeSession\",\"beforeSuite\",\"beforeHook\",\"beforeTest\",\"afterTest\",\"afterHook\",\"afterSuite\",\"afterSession\",\"after\",\"onComplete\",\"beforeAssertion\",\"afterAssertion\",\"beforeFeature\",\"beforeScenario\",\"beforeStep\",\"afterStep\",\"afterScenario\",\"afterFeature\",\"_\",\"suite\",\"$0\",\"ignoredWorkerServices\",\"wdi5\"]"}]}
COMMAND: POST /session/764ef295c8f44d2e14b184d73c4fb1a3/execute/async - {"script":"<script> [21126 bytes]","args":[35000]}
RESULT: {"script":"<script> [21126 bytes]","args":[35000]}
]]></system-out>
    </testcase>
    <testcase classname="chrome.137_0_7151_69.windows.Reserve/Unreserve_request_item_via_reserve_option_US139161" name="Should create a new request with a catalog item that can be planned" time="161.652">
      <system-out><![CDATA[
COMMAND: POST /session/764ef295c8f44d2e14b184d73c4fb1a3/execute/async - {"script":"<script> [1562 bytes]","args":[{"selector":{"controlType":"sap.m.GenericTile","properties":{"header":"Manage Requests"}},"wdio_ui5_key":"sapm.GenericTile{\"header\":\"Manage Requests\"}"}]}
RESULT: {"script":"<script> [1562 bytes]","args":[{"selector":{"controlType":"sap.m.GenericTile","properties":{"header":"Manage Requests"}},"wdio_ui5_key":"sapm.GenericTile{\"header\":\"Manage Requests\"}"}]}
RESULT: undefined
COMMAND: POST /session/764ef295c8f44d2e14b184d73c4fb1a3/element - {"using":"xpath","value":"//*[@id=\"__tile48\"]"}
RESULT: {"using":"xpath","value":"//*[@id=\"__tile48\"]"}
COMMAND: POST /session/764ef295c8f44d2e14b184d73c4fb1a3/element/f.809832546CBCDBCC14053EE8D21219E9.d.4C3AC5CBEC2FA76AB7C9E65D31CCDD6B.e.8623/click - {}
RESULT: {}
COMMAND: GET /session/764ef295c8f44d2e14b184d73c4fb1a3/screenshot - {}
RESULT: {}
COMMAND: POST /session/764ef295c8f44d2e14b184d73c4fb1a3/elements - {"using":"xpath","value":"//span[text()='Error']"}
RESULT: {"using":"xpath","value":"//span[text()='Error']"}
COMMAND: POST /session/764ef295c8f44d2e14b184d73c4fb1a3/element - {"using":"xpath","value":"//button[contains(@data-kt ,\"btnCreateNewOverflowToolbarButton\")]"}
COMMAND: POST /session/764ef295c8f44d2e14b184d73c4fb1a3/element - {"using":"xpath","value":"(//span[contains(@class ,\"sapMObjStatusText\")])[1]"}
RESULT: {"using":"xpath","value":"//button[contains(@data-kt ,\"btnCreateNewOverflowToolbarButton\")]"}
COMMAND: POST /session/764ef295c8f44d2e14b184d73c4fb1a3/element/f.809832546CBCDBCC14053EE8D21219E9.d.4C3AC5CBEC2FA76AB7C9E65D31CCDD6B.e.8681/click - {}
RESULT: {"using":"xpath","value":"(//span[contains(@class ,\"sapMObjStatusText\")])[1]"}
COMMAND: POST /session/764ef295c8f44d2e14b184d73c4fb1a3/execute/sync - {"script":"<script> [8489 bytes]","args":[{"element-6066-11e4-a52e-4f735466cecf":"f.809832546CBCDBCC14053EE8D21219E9.d.4C3AC5CBEC2FA76AB7C9E65D31CCDD6B.e.8718","ELEMENT":"f.809832546CBCDBCC14053EE8D21219E9.d.4C3AC5CBEC2FA76AB7C9E65D31CCDD6B.e.8718"}]}
RESULT: {}
COMMAND: GET /session/764ef295c8f44d2e14b184d73c4fb1a3/screenshot - {}
COMMAND: POST /session/764ef295c8f44d2e14b184d73c4fb1a3/element - {"using":"xpath","value":"(//span[contains(@class ,\"sapMObjStatusText\")])[1]"}
RESULT: {}
RESULT: {"using":"xpath","value":"(//span[contains(@class ,\"sapMObjStatusText\")])[1]"}
COMMAND: POST /session/764ef295c8f44d2e14b184d73c4fb1a3/execute/sync - {"script":"<script> [8489 bytes]","args":[{"element-6066-11e4-a52e-4f735466cecf":"f.809832546CBCDBCC14053EE8D21219E9.d.4C3AC5CBEC2FA76AB7C9E65D31CCDD6B.e.8962","ELEMENT":"f.809832546CBCDBCC14053EE8D21219E9.d.4C3AC5CBEC2FA76AB7C9E65D31CCDD6B.e.8962"}]}
RESULT: {"script":"<script> [8489 bytes]","args":[{"element-6066-11e4-a52e-4f735466cecf":"f.809832546CBCDBCC14053EE8D21219E9.d.4C3AC5CBEC2FA76AB7C9E65D31CCDD6B.e.8962","ELEMENT":"f.809832546CBCDBCC14053EE8D21219E9.d.4C3AC5CBEC2FA76AB7C9E65D31CCDD6B.e.8962"}]}
COMMAND: GET /session/764ef295c8f44d2e14b184d73c4fb1a3/screenshot - {}
RESULT: {}
COMMAND: POST /session/764ef295c8f44d2e14b184d73c4fb1a3/element - {"using":"xpath","value":"//input[contains(@id ,\"yardId-inner\")]"}
RESULT: {"using":"xpath","value":"//input[contains(@id ,\"yardId-inner\")]"}
COMMAND: POST /session/764ef295c8f44d2e14b184d73c4fb1a3/execute/sync - {"script":"<script> [8489 bytes]","args":[{"element-6066-11e4-a52e-4f735466cecf":"f.809832546CBCDBCC14053EE8D21219E9.d.4C3AC5CBEC2FA76AB7C9E65D31CCDD6B.e.8799","ELEMENT":"f.809832546CBCDBCC14053EE8D21219E9.d.4C3AC5CBEC2FA76AB7C9E65D31CCDD6B.e.8799"}]}
RESULT: {"script":"<script> [8489 bytes]","args":[{"element-6066-11e4-a52e-4f735466cecf":"f.809832546CBCDBCC14053EE8D21219E9.d.4C3AC5CBEC2FA76AB7C9E65D31CCDD6B.e.8799","ELEMENT":"f.809832546CBCDBCC14053EE8D21219E9.d.4C3AC5CBEC2FA76AB7C9E65D31CCDD6B.e.8799"}]}
COMMAND: POST /session/764ef295c8f44d2e14b184d73c4fb1a3/element - {"using":"xpath","value":"//input[contains(@id ,\"yardId-inner\")]"}
COMMAND: GET /session/764ef295c8f44d2e14b184d73c4fb1a3/screenshot - {}
RESULT: {"using":"xpath","value":"//input[contains(@id ,\"yardId-inner\")]"}
COMMAND: GET /session/764ef295c8f44d2e14b184d73c4fb1a3/element/f.809832546CBCDBCC14053EE8D21219E9.d.4C3AC5CBEC2FA76AB7C9E65D31CCDD6B.e.8799/enabled - {}
RESULT: {}
RESULT: {}
COMMAND: POST /session/764ef295c8f44d2e14b184d73c4fb1a3/element/f.809832546CBCDBCC14053EE8D21219E9.d.4C3AC5CBEC2FA76AB7C9E65D31CCDD6B.e.8799/clear - {}
COMMAND: GET /session/764ef295c8f44d2e14b184d73c4fb1a3/screenshot - {}
RESULT: {}
COMMAND: POST /session/764ef295c8f44d2e14b184d73c4fb1a3/element/f.809832546CBCDBCC14053EE8D21219E9.d.4C3AC5CBEC2FA76AB7C9E65D31CCDD6B.e.8799/value - {"text":"WebdriverYardsn1ov"}
COMMAND: GET /session/764ef295c8f44d2e14b184d73c4fb1a3/screenshot - {}
RESULT: {}
RESULT: {"text":"WebdriverYardsn1ov"}
COMMAND: GET /session/764ef295c8f44d2e14b184d73c4fb1a3/screenshot - {}
RESULT: {}
RESULT: {}
COMMAND: POST /session/764ef295c8f44d2e14b184d73c4fb1a3/actions - {"actions":[{"id":"action64","type":"key","parameters":{},"actions":[{"type":"keyDown","value":""},{"type":"pause","duration":10},{"type":"keyUp","value":""}]}]}
COMMAND: POST /session/764ef295c8f44d2e14b184d73c4fb1a3/element - {"using":"xpath","value":"//input[contains(@id ,\"customerNumber-inner\")]"}
RESULT: {"actions":[{"id":"action64","type":"key","parameters":{},"actions":[{"type":"keyDown","value":""},{"type":"pause","duration":10},{"type":"keyUp","value":""}]}]}
COMMAND: GET /session/764ef295c8f44d2e14b184d73c4fb1a3/screenshot - {}
RESULT: {"using":"xpath","value":"//input[contains(@id ,\"customerNumber-inner\")]"}
COMMAND: POST /session/764ef295c8f44d2e14b184d73c4fb1a3/element/f.809832546CBCDBCC14053EE8D21219E9.d.4C3AC5CBEC2FA76AB7C9E65D31CCDD6B.e.8793/value - {"text":"WebdriverPartnerex9g5j"}
RESULT: {}
RESULT: {"text":"WebdriverPartnerex9g5j"}
COMMAND: GET /session/764ef295c8f44d2e14b184d73c4fb1a3/screenshot - {}
RESULT: {}
COMMAND: POST /session/764ef295c8f44d2e14b184d73c4fb1a3/actions - {"actions":[{"id":"action65","type":"key","parameters":{},"actions":[{"type":"keyDown","value":""},{"type":"pause","duration":10},{"type":"keyUp","value":""}]}]}
RESULT: {"actions":[{"id":"action65","type":"key","parameters":{},"actions":[{"type":"keyDown","value":""},{"type":"pause","duration":10},{"type":"keyUp","value":""}]}]}
COMMAND: GET /session/764ef295c8f44d2e14b184d73c4fb1a3/screenshot - {}
RESULT: {}
COMMAND: GET /session/764ef295c8f44d2e14b184d73c4fb1a3/element/f.809832546CBCDBCC14053EE8D21219E9.d.4C3AC5CBEC2FA76AB7C9E65D31CCDD6B.e.8793/property/value - {}
RESULT: {}
COMMAND: GET /session/764ef295c8f44d2e14b184d73c4fb1a3/screenshot - {}
RESULT: {}
COMMAND: POST /session/764ef295c8f44d2e14b184d73c4fb1a3/element - {"using":"xpath","value":"//input[contains(@id ,\"requestSiteId-inner\")]"}
RESULT: {"using":"xpath","value":"//input[contains(@id ,\"requestSiteId-inner\")]"}
COMMAND: POST /session/764ef295c8f44d2e14b184d73c4fb1a3/element/f.809832546CBCDBCC14053EE8D21219E9.d.4C3AC5CBEC2FA76AB7C9E65D31CCDD6B.e.8792/value - {"text":"WebdriverSitezj22r"}
RESULT: {"text":"WebdriverSitezj22r"}
COMMAND: GET /session/764ef295c8f44d2e14b184d73c4fb1a3/screenshot - {}
RESULT: {}
COMMAND: POST /session/764ef295c8f44d2e14b184d73c4fb1a3/actions - {"actions":[{"id":"action66","type":"key","parameters":{},"actions":[{"type":"keyDown","value":""},{"type":"pause","duration":10},{"type":"keyUp","value":""}]}]}
RESULT: {"actions":[{"id":"action66","type":"key","parameters":{},"actions":[{"type":"keyDown","value":""},{"type":"pause","duration":10},{"type":"keyUp","value":""}]}]}
COMMAND: GET /session/764ef295c8f44d2e14b184d73c4fb1a3/screenshot - {}
RESULT: {}
COMMAND: POST /session/764ef295c8f44d2e14b184d73c4fb1a3/element - {"using":"xpath","value":"//button[contains(@data-kt ,\"requestItemAddOverflowToolbarButton\")]"}
RESULT: {"using":"xpath","value":"//button[contains(@data-kt ,\"requestItemAddOverflowToolbarButton\")]"}
COMMAND: POST /session/764ef295c8f44d2e14b184d73c4fb1a3/element/f.809832546CBCDBCC14053EE8D21219E9.d.4C3AC5CBEC2FA76AB7C9E65D31CCDD6B.e.8972/click - {}
RESULT: {}
COMMAND: GET /session/764ef295c8f44d2e14b184d73c4fb1a3/screenshot - {}
RESULT: {}
COMMAND: POST /session/764ef295c8f44d2e14b184d73c4fb1a3/actions - {"actions":[{"id":"action67","type":"key","parameters":{},"actions":[{"type":"keyDown","value":""},{"type":"pause","duration":10},{"type":"keyUp","value":""}]}]}
RESULT: {"actions":[{"id":"action67","type":"key","parameters":{},"actions":[{"type":"keyDown","value":""},{"type":"pause","duration":10},{"type":"keyUp","value":""}]}]}
COMMAND: POST /session/764ef295c8f44d2e14b184d73c4fb1a3/actions - {"actions":[{"id":"action68","type":"key","parameters":{},"actions":[{"type":"keyDown","value":""},{"type":"pause","duration":10},{"type":"keyUp","value":""}]}]}
COMMAND: GET /session/764ef295c8f44d2e14b184d73c4fb1a3/screenshot - {}
RESULT: {"actions":[{"id":"action68","type":"key","parameters":{},"actions":[{"type":"keyDown","value":""},{"type":"pause","duration":10},{"type":"keyUp","value":""}]}]}
COMMAND: POST /session/764ef295c8f44d2e14b184d73c4fb1a3/element - {"using":"xpath","value":"(//input[contains(@id ,\"requestItemsTable-0-inner\")])[1]"}
COMMAND: GET /session/764ef295c8f44d2e14b184d73c4fb1a3/screenshot - {}
RESULT: {}
RESULT: {"using":"xpath","value":"(//input[contains(@id ,\"requestItemsTable-0-inner\")])[1]"}
COMMAND: POST /session/764ef295c8f44d2e14b184d73c4fb1a3/element/f.809832546CBCDBCC14053EE8D21219E9.d.4C3AC5CBEC2FA76AB7C9E65D31CCDD6B.e.8976/clear - {}
RESULT: {}
RESULT: {}
COMMAND: POST /session/764ef295c8f44d2e14b184d73c4fb1a3/element/f.809832546CBCDBCC14053EE8D21219E9.d.4C3AC5CBEC2FA76AB7C9E65D31CCDD6B.e.8976/value - {"text":"catalogItem5c9wl"}
COMMAND: GET /session/764ef295c8f44d2e14b184d73c4fb1a3/screenshot - {}
RESULT: {"text":"catalogItem5c9wl"}
COMMAND: GET /session/764ef295c8f44d2e14b184d73c4fb1a3/screenshot - {}
RESULT: {}
RESULT: {}
COMMAND: POST /session/764ef295c8f44d2e14b184d73c4fb1a3/actions - {"actions":[{"id":"action69","type":"key","parameters":{},"actions":[{"type":"keyDown","value":""},{"type":"pause","duration":10},{"type":"keyUp","value":""}]}]}
RESULT: {"actions":[{"id":"action69","type":"key","parameters":{},"actions":[{"type":"keyDown","value":""},{"type":"pause","duration":10},{"type":"keyUp","value":""}]}]}
COMMAND: GET /session/764ef295c8f44d2e14b184d73c4fb1a3/screenshot - {}
RESULT: {}
COMMAND: POST /session/764ef295c8f44d2e14b184d73c4fb1a3/execute/async - {"script":"<script> [1562 bytes]","args":[{"selector":{"controlType":"sap.ui.core.Icon","viewName":"etm.portal.ui.managerequests.view.NewRequest","properties":{"src":{"regex":{"source":"slim\\-arrow\\-down"}}},"ancestor":{"controlType":"sap.m.Button","viewName":"etm.portal.ui.managerequests.view.NewRequest","properties":{"icon":"sap-icon://slim-arrow-down"}}},"wdio_ui5_key":"etmportal.ui.managerequests.view.NewRequestsap.ui.core.Icon{\"src\":{\"regex\":{\"source\":\"slim\\\\-arrow\\\\-down\"}}}{\"controlType\":\"sap.m.Button\",\"viewName\":\"etm.portal.ui.managerequests.view.NewRequest\",\"properties\":{\"icon\":\"sap-icon://slim-arrow-down\"}}"}]}
RESULT: {"script":"<script> [1562 bytes]","args":[{"selector":{"controlType":"sap.ui.core.Icon","viewName":"etm.portal.ui.managerequests.view.NewRequest","properties":{"src":{"regex":{"source":"slim\\-arrow\\-down"}}},"ancestor":{"controlType":"sap.m.Button","viewName":"etm.portal.ui.managerequests.view.NewRequest","properties":{"icon":"sap-icon://slim-arrow-down"}}},"wdio_ui5_key":"etmportal.ui.managerequests.view.NewRequestsap.ui.core.Icon{\"src\":{\"regex\":{\"source\":\"slim\\\\-arrow\\\\-down\"}}}{\"controlType\":\"sap.m.Button\",\"viewName\":\"etm.portal.ui.managerequests.view.NewRequest\",\"properties\":{\"icon\":\"sap-icon://slim-arrow-down\"}}"}]}
RESULT: undefined
COMMAND: POST /session/764ef295c8f44d2e14b184d73c4fb1a3/element - {"using":"xpath","value":"//div[contains(@data-kt ,\"splitAllocationObjectStatus\")]"}
RESULT: {"using":"xpath","value":"//div[contains(@data-kt ,\"splitAllocationObjectStatus\")]"}
COMMAND: POST /session/764ef295c8f44d2e14b184d73c4fb1a3/elements - {"using":"xpath","value":"//div[contains(@data-kt ,\"splitAllocationObjectStatus\")]"}
RESULT: {"using":"xpath","value":"//div[contains(@data-kt ,\"splitAllocationObjectStatus\")]"}
COMMAND: POST /session/764ef295c8f44d2e14b184d73c4fb1a3/execute/async - {"script":"<script> [1562 bytes]","args":[{"selector":{"controlType":"sap.ui.core.Icon","viewName":"etm.portal.ui.managerequests.view.NewRequest","properties":{"src":{"regex":{"source":"message\\-error"}}}},"wdio_ui5_key":"etmportal.ui.managerequests.view.NewRequestsap.ui.core.Icon{\"src\":{\"regex\":{\"source\":\"message\\\\-error\"}}}"}]}
RESULT: {"script":"<script> [1562 bytes]","args":[{"selector":{"controlType":"sap.ui.core.Icon","viewName":"etm.portal.ui.managerequests.view.NewRequest","properties":{"src":{"regex":{"source":"message\\-error"}}}},"wdio_ui5_key":"etmportal.ui.managerequests.view.NewRequestsap.ui.core.Icon{\"src\":{\"regex\":{\"source\":\"message\\\\-error\"}}}"}]}
RESULT: undefined
COMMAND: POST /session/764ef295c8f44d2e14b184d73c4fb1a3/element - {"using":"xpath","value":"//*[@id=\"__status4-__xmlview60--requestItemsTable-0-icon\"]"}
RESULT: {"using":"xpath","value":"//*[@id=\"__status4-__xmlview60--requestItemsTable-0-icon\"]"}
COMMAND: POST /session/764ef295c8f44d2e14b184d73c4fb1a3/element/f.809832546CBCDBCC14053EE8D21219E9.d.4C3AC5CBEC2FA76AB7C9E65D31CCDD6B.e.8991/click - {}
RESULT: {}
COMMAND: POST /session/764ef295c8f44d2e14b184d73c4fb1a3/execute/async - {"script":"<script> [1562 bytes]","args":[{"selector":{"controlType":"sap.ui.core.Icon","viewName":"etm.portal.ui.managerequests.view.NewRequest","properties":{"src":{"regex":{"source":"slim\\-arrow\\-down"}}},"searchOpenDialogs":true,"ancestor":{"id":"costObjectAdminTypeComboBox","viewName":"etm.portal.ui.managerequests.view.NewRequest","searchOpenDialogs":true}},"wdio_ui5_key":"etmportal.ui.managerequests.view.NewRequestsap.ui.core.Icon{\"src\":{\"regex\":{\"source\":\"slim\\\\-arrow\\\\-down\"}}}{\"id\":\"costObjectAdminTypeComboBox\",\"viewName\":\"etm.portal.ui.managerequests.view.NewRequest\",\"searchOpenDialogs\":true}"}]}
COMMAND: GET /session/764ef295c8f44d2e14b184d73c4fb1a3/screenshot - {}
RESULT: {"script":"<script> [1562 bytes]","args":[{"selector":{"controlType":"sap.ui.core.Icon","viewName":"etm.portal.ui.managerequests.view.NewRequest","properties":{"src":{"regex":{"source":"slim\\-arrow\\-down"}}},"searchOpenDialogs":true,"ancestor":{"id":"costObjectAdminTypeComboBox","viewName":"etm.portal.ui.managerequests.view.NewRequest","searchOpenDialogs":true}},"wdio_ui5_key":"etmportal.ui.managerequests.view.NewRequestsap.ui.core.Icon{\"src\":{\"regex\":{\"source\":\"slim\\\\-arrow\\\\-down\"}}}{\"id\":\"costObjectAdminTypeComboBox\",\"viewName\":\"etm.portal.ui.managerequests.view.NewRequest\",\"searchOpenDialogs\":true}"}]}
RESULT: undefined
COMMAND: POST /session/764ef295c8f44d2e14b184d73c4fb1a3/element - {"using":"xpath","value":"//*[@id=\"__xmlview60--costObjectAdminTypeComboBox-arrow\"]"}
RESULT: {}
RESULT: {"using":"xpath","value":"//*[@id=\"__xmlview60--costObjectAdminTypeComboBox-arrow\"]"}
COMMAND: POST /session/764ef295c8f44d2e14b184d73c4fb1a3/element/f.809832546CBCDBCC14053EE8D21219E9.d.4C3AC5CBEC2FA76AB7C9E65D31CCDD6B.e.8995/click - {}
RESULT: {}
COMMAND: POST /session/764ef295c8f44d2e14b184d73c4fb1a3/execute/async - {"script":"<script> [1562 bytes]","args":[{"selector":{"controlType":"sap.m.StandardListItem","viewName":"etm.portal.ui.managerequests.view.NewRequest","properties":{"title":"Cost Center"},"searchOpenDialogs":true,"interaction":{"idSuffix":"titleText"}},"wdio_ui5_key":"etmportal.ui.managerequests.view.NewRequestsap.m.StandardListItem{\"title\":\"Cost Center\"}"}]}
COMMAND: GET /session/764ef295c8f44d2e14b184d73c4fb1a3/screenshot - {}
RESULT: {"script":"<script> [1562 bytes]","args":[{"selector":{"controlType":"sap.m.StandardListItem","viewName":"etm.portal.ui.managerequests.view.NewRequest","properties":{"title":"Cost Center"},"searchOpenDialogs":true,"interaction":{"idSuffix":"titleText"}},"wdio_ui5_key":"etmportal.ui.managerequests.view.NewRequestsap.m.StandardListItem{\"title\":\"Cost Center\"}"}]}
RESULT: undefined
COMMAND: POST /session/764ef295c8f44d2e14b184d73c4fb1a3/element - {"using":"xpath","value":"//*[@id=\"__item405\"]"}
RESULT: {}
RESULT: {"using":"xpath","value":"//*[@id=\"__item405\"]"}
COMMAND: POST /session/764ef295c8f44d2e14b184d73c4fb1a3/element/f.809832546CBCDBCC14053EE8D21219E9.d.4C3AC5CBEC2FA76AB7C9E65D31CCDD6B.e.8998/click - {}
RESULT: {}
COMMAND: GET /session/764ef295c8f44d2e14b184d73c4fb1a3/screenshot - {}
RESULT: {}
COMMAND: POST /session/764ef295c8f44d2e14b184d73c4fb1a3/execute/async - {"script":"<script> [1562 bytes]","args":[{"selector":{"controlType":"sap.ui.core.Icon","viewName":"etm.portal.ui.managerequests.view.NewRequest","properties":{"src":{"regex":{"source":"value\\-help"}}},"searchOpenDialogs":true},"wdio_ui5_key":"etmportal.ui.managerequests.view.NewRequestsap.ui.core.Icon{\"src\":{\"regex\":{\"source\":\"value\\\\-help\"}}}"}]}
RESULT: {"script":"<script> [1562 bytes]","args":[{"selector":{"controlType":"sap.ui.core.Icon","viewName":"etm.portal.ui.managerequests.view.NewRequest","properties":{"src":{"regex":{"source":"value\\-help"}}},"searchOpenDialogs":true},"wdio_ui5_key":"etmportal.ui.managerequests.view.NewRequestsap.ui.core.Icon{\"src\":{\"regex\":{\"source\":\"value\\\\-help\"}}}"}]}
RESULT: undefined
COMMAND: POST /session/764ef295c8f44d2e14b184d73c4fb1a3/element - {"using":"xpath","value":"//*[@id=\"__xmlview60--costObjectIdComboBox-vhi\"]"}
RESULT: {"using":"xpath","value":"//*[@id=\"__xmlview60--costObjectIdComboBox-vhi\"]"}
COMMAND: POST /session/764ef295c8f44d2e14b184d73c4fb1a3/element/f.809832546CBCDBCC14053EE8D21219E9.d.4C3AC5CBEC2FA76AB7C9E65D31CCDD6B.e.9005/click - {}
RESULT: {}
COMMAND: POST /session/764ef295c8f44d2e14b184d73c4fb1a3/execute/async - {"script":"<script> [1562 bytes]","args":[{"selector":{"controlType":"sap.m.SearchField","properties":{"placeholder":"Search"},"searchOpenDialogs":true,"interaction":{"idSuffix":"I"}},"wdio_ui5_key":"sapm.SearchField{\"placeholder\":\"Search\"}"}]}
COMMAND: GET /session/764ef295c8f44d2e14b184d73c4fb1a3/screenshot - {}
RESULT: {"script":"<script> [1562 bytes]","args":[{"selector":{"controlType":"sap.m.SearchField","properties":{"placeholder":"Search"},"searchOpenDialogs":true,"interaction":{"idSuffix":"I"}},"wdio_ui5_key":"sapm.SearchField{\"placeholder\":\"Search\"}"}]}
RESULT: undefined
COMMAND: POST /session/764ef295c8f44d2e14b184d73c4fb1a3/execute/async - {"script":"<script> [776 bytes]","args":[{"enterText":"10001010","selector":{"controlType":"sap.m.SearchField","properties":{"placeholder":"Search"},"searchOpenDialogs":true,"interaction":{"idSuffix":"I"}},"clearTextFirst":true,"interactionType":"ENTER_TEXT"}]}
RESULT: {}
RESULT: {"script":"<script> [776 bytes]","args":[{"enterText":"10001010","selector":{"controlType":"sap.m.SearchField","properties":{"placeholder":"Search"},"searchOpenDialogs":true,"interaction":{"idSuffix":"I"}},"clearTextFirst":true,"interactionType":"ENTER_TEXT"}]}
COMMAND: POST /session/764ef295c8f44d2e14b184d73c4fb1a3/actions - {"actions":[{"id":"action70","type":"key","parameters":{},"actions":[{"type":"keyDown","value":""},{"type":"pause","duration":10},{"type":"keyUp","value":""}]}]}
RESULT: {"actions":[{"id":"action70","type":"key","parameters":{},"actions":[{"type":"keyDown","value":""},{"type":"pause","duration":10},{"type":"keyUp","value":""}]}]}
COMMAND: GET /session/764ef295c8f44d2e14b184d73c4fb1a3/screenshot - {}
RESULT: {}
COMMAND: POST /session/764ef295c8f44d2e14b184d73c4fb1a3/execute/async - {"script":"<script> [1562 bytes]","args":[{"selector":{"controlType":"sap.m.Text","bindingPath":{"path":"/C_CostCtrValueHelp(CostCenter='10001010',ControllingArea='Z001')","propertyPath":"CostCenterName","modelName":"CostCenterModel"},"searchOpenDialogs":true},"wdio_ui5_key":"sapm.Text{\"path\":\"/C_CostCtrValueHelp(CostCenter='10001010',ControllingArea='Z001')\",\"propertyPath\":\"CostCenterName\",\"modelName\":\"CostCenterModel\"}"}]}
RESULT: {"script":"<script> [1562 bytes]","args":[{"selector":{"controlType":"sap.m.Text","bindingPath":{"path":"/C_CostCtrValueHelp(CostCenter='10001010',ControllingArea='Z001')","propertyPath":"CostCenterName","modelName":"CostCenterModel"},"searchOpenDialogs":true},"wdio_ui5_key":"sapm.Text{\"path\":\"/C_CostCtrValueHelp(CostCenter='10001010',ControllingArea='Z001')\",\"propertyPath\":\"CostCenterName\",\"modelName\":\"CostCenterModel\"}"}]}
RESULT: undefined
COMMAND: POST /session/764ef295c8f44d2e14b184d73c4fb1a3/element - {"using":"xpath","value":"//*[@id=\"__text289-__clone527\"]"}
RESULT: {"using":"xpath","value":"//*[@id=\"__text289-__clone527\"]"}
COMMAND: POST /session/764ef295c8f44d2e14b184d73c4fb1a3/element/f.809832546CBCDBCC14053EE8D21219E9.d.4C3AC5CBEC2FA76AB7C9E65D31CCDD6B.e.9045/click - {}
RESULT: {}
COMMAND: POST /session/764ef295c8f44d2e14b184d73c4fb1a3/execute/async - {"script":"<script> [1562 bytes]","args":[{"selector":{"controlType":"sap.m.Button","properties":{"text":"OK"},"searchOpenDialogs":true,"interaction":{"idSuffix":"BDI-content"}},"wdio_ui5_key":"sapm.Button{\"text\":\"OK\"}"}]}
COMMAND: GET /session/764ef295c8f44d2e14b184d73c4fb1a3/screenshot - {}
RESULT: {"script":"<script> [1562 bytes]","args":[{"selector":{"controlType":"sap.m.Button","properties":{"text":"OK"},"searchOpenDialogs":true,"interaction":{"idSuffix":"BDI-content"}},"wdio_ui5_key":"sapm.Button{\"text\":\"OK\"}"}]}
RESULT: undefined
COMMAND: POST /session/764ef295c8f44d2e14b184d73c4fb1a3/element - {"using":"xpath","value":"//*[@id=\"__dialog1-ok\"]"}
RESULT: {}
RESULT: {"using":"xpath","value":"//*[@id=\"__dialog1-ok\"]"}
COMMAND: POST /session/764ef295c8f44d2e14b184d73c4fb1a3/element/f.809832546CBCDBCC14053EE8D21219E9.d.4C3AC5CBEC2FA76AB7C9E65D31CCDD6B.e.9047/click - {}
RESULT: {}
COMMAND: GET /session/764ef295c8f44d2e14b184d73c4fb1a3/screenshot - {}
RESULT: {}
COMMAND: POST /session/764ef295c8f44d2e14b184d73c4fb1a3/execute/async - {"script":"<script> [1562 bytes]","args":[{"selector":{"controlType":"sap.m.Button","viewName":"etm.portal.ui.managerequests.view.NewRequest","i18NText":{"propertyName":"text","key":"save"},"searchOpenDialogs":true,"interaction":{"idSuffix":"BDI-content"}},"wdio_ui5_key":"etmportal.ui.managerequests.view.NewRequestsap.m.Button{\"propertyName\":\"text\",\"key\":\"save\"}"}]}
RESULT: {"script":"<script> [1562 bytes]","args":[{"selector":{"controlType":"sap.m.Button","viewName":"etm.portal.ui.managerequests.view.NewRequest","i18NText":{"propertyName":"text","key":"save"},"searchOpenDialogs":true,"interaction":{"idSuffix":"BDI-content"}},"wdio_ui5_key":"etmportal.ui.managerequests.view.NewRequestsap.m.Button{\"propertyName\":\"text\",\"key\":\"save\"}"}]}
RESULT: undefined
COMMAND: POST /session/764ef295c8f44d2e14b184d73c4fb1a3/element - {"using":"xpath","value":"//*[@id=\"__button23\"]"}
RESULT: {"using":"xpath","value":"//*[@id=\"__button23\"]"}
COMMAND: POST /session/764ef295c8f44d2e14b184d73c4fb1a3/element/f.809832546CBCDBCC14053EE8D21219E9.d.4C3AC5CBEC2FA76AB7C9E65D31CCDD6B.e.9051/click - {}
RESULT: {}
COMMAND: GET /session/764ef295c8f44d2e14b184d73c4fb1a3/screenshot - {}
RESULT: {}
COMMAND: POST /session/764ef295c8f44d2e14b184d73c4fb1a3/element - {"using":"xpath","value":"(//bdi[contains(text() ,\"Save\")])[1]"}
RESULT: {"using":"xpath","value":"(//bdi[contains(text() ,\"Save\")])[1]"}
COMMAND: POST /session/764ef295c8f44d2e14b184d73c4fb1a3/element/f.809832546CBCDBCC14053EE8D21219E9.d.4C3AC5CBEC2FA76AB7C9E65D31CCDD6B.e.9054/click - {}
RESULT: {}
COMMAND: GET /session/764ef295c8f44d2e14b184d73c4fb1a3/screenshot - {}
RESULT: {}
COMMAND: POST /session/764ef295c8f44d2e14b184d73c4fb1a3/execute/async - {"script":"<script> [1562 bytes]","args":[{"selector":{"controlType":"sap.m.Title","properties":{"text":"Success"},"searchOpenDialogs":true},"wdio_ui5_key":"sapm.Title{\"text\":\"Success\"}"}]}
RESULT: {"script":"<script> [1562 bytes]","args":[{"selector":{"controlType":"sap.m.Title","properties":{"text":"Success"},"searchOpenDialogs":true},"wdio_ui5_key":"sapm.Title{\"text\":\"Success\"}"}]}
RESULT: undefined
COMMAND: POST /session/764ef295c8f44d2e14b184d73c4fb1a3/execute/async - {"script":"<script> [6424 bytes]","args":[{"element-6066-11e4-a52e-4f735466cecf":"f.809832546CBCDBCC14053EE8D21219E9.d.4C3AC5CBEC2FA76AB7C9E65D31CCDD6B.e.9057"},"getText",[]]}
RESULT: {"script":"<script> [6424 bytes]","args":[{"element-6066-11e4-a52e-4f735466cecf":"f.809832546CBCDBCC14053EE8D21219E9.d.4C3AC5CBEC2FA76AB7C9E65D31CCDD6B.e.9057"},"getText",[]]}
COMMAND: POST /session/764ef295c8f44d2e14b184d73c4fb1a3/execute/async - {"script":"<script> [1562 bytes]","args":[{"selector":{"controlType":"sap.m.Button","properties":{"text":"Close"},"searchOpenDialogs":true,"interaction":{"idSuffix":"BDI-content"}},"wdio_ui5_key":"sapm.Button{\"text\":\"Close\"}"}]}
RESULT: {"script":"<script> [1562 bytes]","args":[{"selector":{"controlType":"sap.m.Button","properties":{"text":"Close"},"searchOpenDialogs":true,"interaction":{"idSuffix":"BDI-content"}},"wdio_ui5_key":"sapm.Button{\"text\":\"Close\"}"}]}
RESULT: undefined
COMMAND: POST /session/764ef295c8f44d2e14b184d73c4fb1a3/element - {"using":"xpath","value":"//*[@id=\"__mbox-btn-0\"]"}
RESULT: {"using":"xpath","value":"//*[@id=\"__mbox-btn-0\"]"}
COMMAND: POST /session/764ef295c8f44d2e14b184d73c4fb1a3/element/f.809832546CBCDBCC14053EE8D21219E9.d.4C3AC5CBEC2FA76AB7C9E65D31CCDD6B.e.9056/click - {}
RESULT: {}
COMMAND: GET /session/764ef295c8f44d2e14b184d73c4fb1a3/screenshot - {}
RESULT: {}
]]></system-out>
    </testcase>
    <testcase classname="chrome.137_0_7151_69.windows.Reserve/Unreserve_request_item_via_reserve_option_US139161" name="Should navigate to planning board and reserve the resource" time="97.763">
      <system-out><![CDATA[
COMMAND: POST /session/764ef295c8f44d2e14b184d73c4fb1a3/execute/async - {"script":"<script> [1562 bytes]","args":[{"selector":{"controlType":"sap.m.Button","viewName":"etm.portal.ui.managerequests.view.Detail","i18NText":{"propertyName":"text","key":"planningSituation"},"interaction":{"idSuffix":"BDI-content"}},"wdio_ui5_key":"etmportal.ui.managerequests.view.Detailsap.m.Button{\"propertyName\":\"text\",\"key\":\"planningSituation\"}"}]}
RESULT: {"script":"<script> [1562 bytes]","args":[{"selector":{"controlType":"sap.m.Button","viewName":"etm.portal.ui.managerequests.view.Detail","i18NText":{"propertyName":"text","key":"planningSituation"},"interaction":{"idSuffix":"BDI-content"}},"wdio_ui5_key":"etmportal.ui.managerequests.view.Detailsap.m.Button{\"propertyName\":\"text\",\"key\":\"planningSituation\"}"}]}
RESULT: undefined
COMMAND: POST /session/764ef295c8f44d2e14b184d73c4fb1a3/element - {"using":"xpath","value":"//*[@id=\"__button26\"]"}
RESULT: {"using":"xpath","value":"//*[@id=\"__button26\"]"}
COMMAND: POST /session/764ef295c8f44d2e14b184d73c4fb1a3/element/f.809832546CBCDBCC14053EE8D21219E9.d.4C3AC5CBEC2FA76AB7C9E65D31CCDD6B.e.9076/click - {}
RESULT: {}
COMMAND: GET /session/764ef295c8f44d2e14b184d73c4fb1a3/screenshot - {}
RESULT: {}
COMMAND: POST /session/764ef295c8f44d2e14b184d73c4fb1a3/element - {"using":"xpath","value":"(//span[contains(@title ,\"WebdriverYardsn1ov\")])[1]"}
RESULT: {"using":"xpath","value":"(//span[contains(@title ,\"WebdriverYardsn1ov\")])[1]"}
COMMAND: POST /session/764ef295c8f44d2e14b184d73c4fb1a3/elements - {"using":"xpath","value":"(//span[contains(@title ,\"WebdriverYardsn1ov\")])[1]"}
RESULT: {"using":"xpath","value":"(//span[contains(@title ,\"WebdriverYardsn1ov\")])[1]"}
COMMAND: POST /session/764ef295c8f44d2e14b184d73c4fb1a3/elements - {"using":"xpath","value":"(//span[contains(@title ,\"WebdriverYardsn1ov\")])[1]"}
RESULT: {"using":"xpath","value":"(//span[contains(@title ,\"WebdriverYardsn1ov\")])[1]"}
COMMAND: POST /session/764ef295c8f44d2e14b184d73c4fb1a3/elements - {"using":"xpath","value":"(//span[contains(@title ,\"WebdriverYardsn1ov\")])[1]"}
RESULT: {"using":"xpath","value":"(//span[contains(@title ,\"WebdriverYardsn1ov\")])[1]"}
COMMAND: POST /session/764ef295c8f44d2e14b184d73c4fb1a3/elements - {"using":"xpath","value":"(//span[contains(@title ,\"WebdriverYardsn1ov\")])[1]"}
RESULT: {"using":"xpath","value":"(//span[contains(@title ,\"WebdriverYardsn1ov\")])[1]"}
COMMAND: POST /session/764ef295c8f44d2e14b184d73c4fb1a3/elements - {"using":"xpath","value":"(//span[contains(@title ,\"WebdriverYardsn1ov\")])[1]"}
RESULT: {"using":"xpath","value":"(//span[contains(@title ,\"WebdriverYardsn1ov\")])[1]"}
COMMAND: POST /session/764ef295c8f44d2e14b184d73c4fb1a3/elements - {"using":"xpath","value":"(//span[contains(@title ,\"WebdriverYardsn1ov\")])[1]"}
RESULT: {"using":"xpath","value":"(//span[contains(@title ,\"WebdriverYardsn1ov\")])[1]"}
COMMAND: POST /session/764ef295c8f44d2e14b184d73c4fb1a3/elements - {"using":"xpath","value":"(//span[contains(@title ,\"WebdriverYardsn1ov\")])[1]"}
RESULT: {"using":"xpath","value":"(//span[contains(@title ,\"WebdriverYardsn1ov\")])[1]"}
COMMAND: POST /session/764ef295c8f44d2e14b184d73c4fb1a3/elements - {"using":"xpath","value":"(//span[contains(@title ,\"WebdriverYardsn1ov\")])[1]"}
RESULT: {"using":"xpath","value":"(//span[contains(@title ,\"WebdriverYardsn1ov\")])[1]"}
COMMAND: POST /session/764ef295c8f44d2e14b184d73c4fb1a3/elements - {"using":"xpath","value":"(//span[contains(@title ,\"WebdriverYardsn1ov\")])[1]"}
RESULT: {"using":"xpath","value":"(//span[contains(@title ,\"WebdriverYardsn1ov\")])[1]"}
COMMAND: POST /session/764ef295c8f44d2e14b184d73c4fb1a3/elements - {"using":"xpath","value":"(//span[contains(@title ,\"WebdriverYardsn1ov\")])[1]"}
RESULT: {"using":"xpath","value":"(//span[contains(@title ,\"WebdriverYardsn1ov\")])[1]"}
COMMAND: POST /session/764ef295c8f44d2e14b184d73c4fb1a3/elements - {"using":"xpath","value":"(//span[contains(@title ,\"WebdriverYardsn1ov\")])[1]"}
RESULT: {"using":"xpath","value":"(//span[contains(@title ,\"WebdriverYardsn1ov\")])[1]"}
COMMAND: POST /session/764ef295c8f44d2e14b184d73c4fb1a3/elements - {"using":"xpath","value":"(//span[contains(@title ,\"WebdriverYardsn1ov\")])[1]"}
RESULT: {"using":"xpath","value":"(//span[contains(@title ,\"WebdriverYardsn1ov\")])[1]"}
COMMAND: POST /session/764ef295c8f44d2e14b184d73c4fb1a3/elements - {"using":"xpath","value":"(//span[contains(@title ,\"WebdriverYardsn1ov\")])[1]"}
RESULT: {"using":"xpath","value":"(//span[contains(@title ,\"WebdriverYardsn1ov\")])[1]"}
COMMAND: POST /session/764ef295c8f44d2e14b184d73c4fb1a3/elements - {"using":"xpath","value":"(//span[contains(@title ,\"WebdriverYardsn1ov\")])[1]"}
RESULT: {"using":"xpath","value":"(//span[contains(@title ,\"WebdriverYardsn1ov\")])[1]"}
COMMAND: POST /session/764ef295c8f44d2e14b184d73c4fb1a3/elements - {"using":"xpath","value":"(//span[contains(@title ,\"WebdriverYardsn1ov\")])[1]"}
RESULT: {"using":"xpath","value":"(//span[contains(@title ,\"WebdriverYardsn1ov\")])[1]"}
COMMAND: POST /session/764ef295c8f44d2e14b184d73c4fb1a3/elements - {"using":"xpath","value":"(//span[contains(@title ,\"WebdriverYardsn1ov\")])[1]"}
RESULT: {"using":"xpath","value":"(//span[contains(@title ,\"WebdriverYardsn1ov\")])[1]"}
COMMAND: POST /session/764ef295c8f44d2e14b184d73c4fb1a3/elements - {"using":"xpath","value":"(//span[contains(@title ,\"WebdriverYardsn1ov\")])[1]"}
RESULT: {"using":"xpath","value":"(//span[contains(@title ,\"WebdriverYardsn1ov\")])[1]"}
COMMAND: POST /session/764ef295c8f44d2e14b184d73c4fb1a3/elements - {"using":"xpath","value":"(//span[contains(@title ,\"WebdriverYardsn1ov\")])[1]"}
RESULT: {"using":"xpath","value":"(//span[contains(@title ,\"WebdriverYardsn1ov\")])[1]"}
COMMAND: POST /session/764ef295c8f44d2e14b184d73c4fb1a3/elements - {"using":"xpath","value":"(//span[contains(@title ,\"WebdriverYardsn1ov\")])[1]"}
RESULT: {"using":"xpath","value":"(//span[contains(@title ,\"WebdriverYardsn1ov\")])[1]"}
COMMAND: POST /session/764ef295c8f44d2e14b184d73c4fb1a3/elements - {"using":"xpath","value":"(//span[contains(@title ,\"WebdriverYardsn1ov\")])[1]"}
RESULT: {"using":"xpath","value":"(//span[contains(@title ,\"WebdriverYardsn1ov\")])[1]"}
COMMAND: POST /session/764ef295c8f44d2e14b184d73c4fb1a3/elements - {"using":"xpath","value":"(//span[contains(@title ,\"WebdriverYardsn1ov\")])[1]"}
RESULT: {"using":"xpath","value":"(//span[contains(@title ,\"WebdriverYardsn1ov\")])[1]"}
COMMAND: POST /session/764ef295c8f44d2e14b184d73c4fb1a3/elements - {"using":"xpath","value":"(//span[contains(@title ,\"WebdriverYardsn1ov\")])[1]"}
RESULT: {"using":"xpath","value":"(//span[contains(@title ,\"WebdriverYardsn1ov\")])[1]"}
COMMAND: POST /session/764ef295c8f44d2e14b184d73c4fb1a3/elements - {"using":"xpath","value":"(//span[contains(@title ,\"WebdriverYardsn1ov\")])[1]"}
RESULT: {"using":"xpath","value":"(//span[contains(@title ,\"WebdriverYardsn1ov\")])[1]"}
COMMAND: POST /session/764ef295c8f44d2e14b184d73c4fb1a3/elements - {"using":"xpath","value":"(//span[contains(@title ,\"WebdriverYardsn1ov\")])[1]"}
RESULT: {"using":"xpath","value":"(//span[contains(@title ,\"WebdriverYardsn1ov\")])[1]"}
COMMAND: POST /session/764ef295c8f44d2e14b184d73c4fb1a3/elements - {"using":"xpath","value":"(//span[contains(@title ,\"WebdriverYardsn1ov\")])[1]"}
RESULT: {"using":"xpath","value":"(//span[contains(@title ,\"WebdriverYardsn1ov\")])[1]"}
COMMAND: POST /session/764ef295c8f44d2e14b184d73c4fb1a3/elements - {"using":"xpath","value":"(//span[contains(@title ,\"WebdriverYardsn1ov\")])[1]"}
RESULT: {"using":"xpath","value":"(//span[contains(@title ,\"WebdriverYardsn1ov\")])[1]"}
COMMAND: POST /session/764ef295c8f44d2e14b184d73c4fb1a3/elements - {"using":"xpath","value":"(//span[contains(@title ,\"WebdriverYardsn1ov\")])[1]"}
RESULT: {"using":"xpath","value":"(//span[contains(@title ,\"WebdriverYardsn1ov\")])[1]"}
COMMAND: POST /session/764ef295c8f44d2e14b184d73c4fb1a3/elements - {"using":"xpath","value":"(//span[contains(@title ,\"WebdriverYardsn1ov\")])[1]"}
RESULT: {"using":"xpath","value":"(//span[contains(@title ,\"WebdriverYardsn1ov\")])[1]"}
COMMAND: POST /session/764ef295c8f44d2e14b184d73c4fb1a3/elements - {"using":"xpath","value":"(//span[contains(@title ,\"WebdriverYardsn1ov\")])[1]"}
RESULT: {"using":"xpath","value":"(//span[contains(@title ,\"WebdriverYardsn1ov\")])[1]"}
COMMAND: POST /session/764ef295c8f44d2e14b184d73c4fb1a3/elements - {"using":"xpath","value":"(//span[contains(@title ,\"WebdriverYardsn1ov\")])[1]"}
RESULT: {"using":"xpath","value":"(//span[contains(@title ,\"WebdriverYardsn1ov\")])[1]"}
COMMAND: POST /session/764ef295c8f44d2e14b184d73c4fb1a3/elements - {"using":"xpath","value":"(//span[contains(@title ,\"WebdriverYardsn1ov\")])[1]"}
RESULT: {"using":"xpath","value":"(//span[contains(@title ,\"WebdriverYardsn1ov\")])[1]"}
COMMAND: POST /session/764ef295c8f44d2e14b184d73c4fb1a3/elements - {"using":"xpath","value":"(//span[contains(@title ,\"WebdriverYardsn1ov\")])[1]"}
RESULT: {"using":"xpath","value":"(//span[contains(@title ,\"WebdriverYardsn1ov\")])[1]"}
COMMAND: POST /session/764ef295c8f44d2e14b184d73c4fb1a3/elements - {"using":"xpath","value":"(//span[contains(@title ,\"WebdriverYardsn1ov\")])[1]"}
RESULT: {"using":"xpath","value":"(//span[contains(@title ,\"WebdriverYardsn1ov\")])[1]"}
COMMAND: POST /session/764ef295c8f44d2e14b184d73c4fb1a3/elements - {"using":"xpath","value":"(//span[contains(@title ,\"WebdriverYardsn1ov\")])[1]"}
RESULT: {"using":"xpath","value":"(//span[contains(@title ,\"WebdriverYardsn1ov\")])[1]"}
COMMAND: POST /session/764ef295c8f44d2e14b184d73c4fb1a3/elements - {"using":"xpath","value":"(//span[contains(@title ,\"WebdriverYardsn1ov\")])[1]"}
RESULT: {"using":"xpath","value":"(//span[contains(@title ,\"WebdriverYardsn1ov\")])[1]"}
COMMAND: POST /session/764ef295c8f44d2e14b184d73c4fb1a3/element - {"using":"xpath","value":"(//span[contains(@title ,\"WebdriverYardsn1ov\")])[1]"}
RESULT: {"using":"xpath","value":"(//span[contains(@title ,\"WebdriverYardsn1ov\")])[1]"}
COMMAND: POST /session/764ef295c8f44d2e14b184d73c4fb1a3/execute/sync - {"script":"<script> [8489 bytes]","args":[{"element-6066-11e4-a52e-4f735466cecf":"f.809832546CBCDBCC14053EE8D21219E9.d.4C3AC5CBEC2FA76AB7C9E65D31CCDD6B.e.9488","ELEMENT":"f.809832546CBCDBCC14053EE8D21219E9.d.4C3AC5CBEC2FA76AB7C9E65D31CCDD6B.e.9488"}]}
RESULT: {"script":"<script> [8489 bytes]","args":[{"element-6066-11e4-a52e-4f735466cecf":"f.809832546CBCDBCC14053EE8D21219E9.d.4C3AC5CBEC2FA76AB7C9E65D31CCDD6B.e.9488","ELEMENT":"f.809832546CBCDBCC14053EE8D21219E9.d.4C3AC5CBEC2FA76AB7C9E65D31CCDD6B.e.9488"}]}
COMMAND: POST /session/764ef295c8f44d2e14b184d73c4fb1a3/element - {"using":"xpath","value":"(//span[contains(@title ,\"WebdriverYardsn1ov\")])[1]"}
COMMAND: GET /session/764ef295c8f44d2e14b184d73c4fb1a3/screenshot - {}
RESULT: {"using":"xpath","value":"(//span[contains(@title ,\"WebdriverYardsn1ov\")])[1]"}
COMMAND: POST /session/764ef295c8f44d2e14b184d73c4fb1a3/actions - {"actions":[{"id":"action71","type":"pointer","parameters":{"pointerType":"mouse"},"actions":[{"type":"pointerMove","button":0,"width":0,"height":0,"pressure":0,"tangentialPressure":0,"tiltX":0,"tiltY":0,"twist":0,"altitudeAngle":0,"_":"5 more keys: [\"azimuthAngle\",\"x\",\"y\",\"duration\",\"origin\"]"},{"type":"pointerDown","button":2,"width":0,"height":0,"pressure":0,"tangentialPressure":0,"tiltX":0,"tiltY":0,"twist":0,"altitudeAngle":0,"_":"1 more keys: [\"azimuthAngle\"]"},{"type":"pointerUp","button":2}]}]}
RESULT: {}
RESULT: {"actions":[{"id":"action71","type":"pointer","parameters":{"pointerType":"mouse"},"actions":[{"type":"pointerMove","button":0,"width":0,"height":0,"pressure":0,"tangentialPressure":0,"tiltX":0,"tiltY":0,"twist":0,"altitudeAngle":0,"_":"5 more keys: [\"azimuthAngle\",\"x\",\"y\",\"duration\",\"origin\"]"},{"type":"pointerDown","button":2,"width":0,"height":0,"pressure":0,"tangentialPressure":0,"tiltX":0,"tiltY":0,"twist":0,"altitudeAngle":0,"_":"1 more keys: [\"azimuthAngle\"]"},{"type":"pointerUp","button":2}]}]}
COMMAND: DELETE /session/764ef295c8f44d2e14b184d73c4fb1a3/actions - {}
COMMAND: GET /session/764ef295c8f44d2e14b184d73c4fb1a3/screenshot - {}
RESULT: {}
COMMAND: GET /session/764ef295c8f44d2e14b184d73c4fb1a3/screenshot - {}
RESULT: {}
RESULT: {}
COMMAND: POST /session/764ef295c8f44d2e14b184d73c4fb1a3/actions - {"actions":[{"id":"action72","type":"key","parameters":{},"actions":[{"type":"keyDown","value":""},{"type":"pause","duration":10},{"type":"keyUp","value":""}]}]}
RESULT: {"actions":[{"id":"action72","type":"key","parameters":{},"actions":[{"type":"keyDown","value":""},{"type":"pause","duration":10},{"type":"keyUp","value":""}]}]}
COMMAND: GET /session/764ef295c8f44d2e14b184d73c4fb1a3/screenshot - {}
RESULT: {}
COMMAND: POST /session/764ef295c8f44d2e14b184d73c4fb1a3/actions - {"actions":[{"id":"action73","type":"key","parameters":{},"actions":[{"type":"keyDown","value":""},{"type":"pause","duration":10},{"type":"keyUp","value":""}]}]}
RESULT: {"actions":[{"id":"action73","type":"key","parameters":{},"actions":[{"type":"keyDown","value":""},{"type":"pause","duration":10},{"type":"keyUp","value":""}]}]}
COMMAND: GET /session/764ef295c8f44d2e14b184d73c4fb1a3/screenshot - {}
RESULT: {}
COMMAND: POST /session/764ef295c8f44d2e14b184d73c4fb1a3/execute/async - {"script":"<script> [1562 bytes]","args":[{"selector":{"id":"application-planningboard-display-component---pB_RequestHeader--RUreservationComment","searchOpenDialogs":true,"interaction":{"idSuffix":"inner"}},"wdio_ui5_key":"applicationplanningboard-display-component---pB_RequestHeader--RUreservationComment"}]}
RESULT: {"script":"<script> [1562 bytes]","args":[{"selector":{"id":"application-planningboard-display-component---pB_RequestHeader--RUreservationComment","searchOpenDialogs":true,"interaction":{"idSuffix":"inner"}},"wdio_ui5_key":"applicationplanningboard-display-component---pB_RequestHeader--RUreservationComment"}]}
RESULT: undefined
COMMAND: POST /session/764ef295c8f44d2e14b184d73c4fb1a3/execute/async - {"script":"<script> [776 bytes]","args":[{"enterText":"WdIORes10ikevi","selector":{"id":"application-planningboard-display-component---pB_RequestHeader--RUreservationComment","searchOpenDialogs":true,"interaction":{"idSuffix":"inner"}},"clearTextFirst":true,"interactionType":"ENTER_TEXT"}]}
RESULT: {"script":"<script> [776 bytes]","args":[{"enterText":"WdIORes10ikevi","selector":{"id":"application-planningboard-display-component---pB_RequestHeader--RUreservationComment","searchOpenDialogs":true,"interaction":{"idSuffix":"inner"}},"clearTextFirst":true,"interactionType":"ENTER_TEXT"}]}
COMMAND: POST /session/764ef295c8f44d2e14b184d73c4fb1a3/execute/async - {"script":"<script> [1562 bytes]","args":[{"selector":{"controlType":"sap.m.Button","viewName":"etm.portal.ui.planningboard.view.detail.RequestHeader","viewId":"application-planningboard-display-component---pB_RequestHeader","properties":{"text":"Ok"},"searchOpenDialogs":true,"interaction":{"idSuffix":"BDI-content"}},"wdio_ui5_key":"etmportal.ui.planningboard.view.detail.RequestHeadersap.m.Button{\"text\":\"Ok\"}"}]}
RESULT: {"script":"<script> [1562 bytes]","args":[{"selector":{"controlType":"sap.m.Button","viewName":"etm.portal.ui.planningboard.view.detail.RequestHeader","viewId":"application-planningboard-display-component---pB_RequestHeader","properties":{"text":"Ok"},"searchOpenDialogs":true,"interaction":{"idSuffix":"BDI-content"}},"wdio_ui5_key":"etmportal.ui.planningboard.view.detail.RequestHeadersap.m.Button{\"text\":\"Ok\"}"}]}
RESULT: undefined
COMMAND: POST /session/764ef295c8f44d2e14b184d73c4fb1a3/element - {"using":"xpath","value":"//*[@id=\"__button191\"]"}
RESULT: {"using":"xpath","value":"//*[@id=\"__button191\"]"}
COMMAND: POST /session/764ef295c8f44d2e14b184d73c4fb1a3/element/f.809832546CBCDBCC14053EE8D21219E9.d.4C3AC5CBEC2FA76AB7C9E65D31CCDD6B.e.9503/click - {}
RESULT: {}
COMMAND: GET /session/764ef295c8f44d2e14b184d73c4fb1a3/screenshot - {}
RESULT: {}
COMMAND: POST /session/764ef295c8f44d2e14b184d73c4fb1a3/element - {"using":"xpath","value":"//span[contains(@title ,\"WebdriverYardsn1ov\")]"}
RESULT: {"using":"xpath","value":"//span[contains(@title ,\"WebdriverYardsn1ov\")]"}
COMMAND: POST /session/764ef295c8f44d2e14b184d73c4fb1a3/actions - {"actions":[{"id":"action74","type":"pointer","parameters":{"pointerType":"mouse"},"actions":[{"type":"pointerMove","button":0,"width":0,"height":0,"pressure":0,"tangentialPressure":0,"tiltX":0,"tiltY":0,"twist":0,"altitudeAngle":0,"_":"5 more keys: [\"azimuthAngle\",\"x\",\"y\",\"duration\",\"origin\"]"},{"type":"pointerDown","button":2,"width":0,"height":0,"pressure":0,"tangentialPressure":0,"tiltX":0,"tiltY":0,"twist":0,"altitudeAngle":0,"_":"1 more keys: [\"azimuthAngle\"]"},{"type":"pointerUp","button":2}]}]}
RESULT: {"actions":[{"id":"action74","type":"pointer","parameters":{"pointerType":"mouse"},"actions":[{"type":"pointerMove","button":0,"width":0,"height":0,"pressure":0,"tangentialPressure":0,"tiltX":0,"tiltY":0,"twist":0,"altitudeAngle":0,"_":"5 more keys: [\"azimuthAngle\",\"x\",\"y\",\"duration\",\"origin\"]"},{"type":"pointerDown","button":2,"width":0,"height":0,"pressure":0,"tangentialPressure":0,"tiltX":0,"tiltY":0,"twist":0,"altitudeAngle":0,"_":"1 more keys: [\"azimuthAngle\"]"},{"type":"pointerUp","button":2}]}]}
COMMAND: DELETE /session/764ef295c8f44d2e14b184d73c4fb1a3/actions - {}
COMMAND: GET /session/764ef295c8f44d2e14b184d73c4fb1a3/screenshot - {}
RESULT: {}
COMMAND: GET /session/764ef295c8f44d2e14b184d73c4fb1a3/screenshot - {}
RESULT: {}
RESULT: {}
COMMAND: POST /session/764ef295c8f44d2e14b184d73c4fb1a3/actions - {"actions":[{"id":"action75","type":"key","parameters":{},"actions":[{"type":"keyDown","value":""},{"type":"pause","duration":10},{"type":"keyUp","value":""}]}]}
RESULT: {"actions":[{"id":"action75","type":"key","parameters":{},"actions":[{"type":"keyDown","value":""},{"type":"pause","duration":10},{"type":"keyUp","value":""}]}]}
COMMAND: GET /session/764ef295c8f44d2e14b184d73c4fb1a3/screenshot - {}
RESULT: {}
COMMAND: POST /session/764ef295c8f44d2e14b184d73c4fb1a3/actions - {"actions":[{"id":"action76","type":"key","parameters":{},"actions":[{"type":"keyDown","value":""},{"type":"pause","duration":10},{"type":"keyUp","value":""}]}]}
RESULT: {"actions":[{"id":"action76","type":"key","parameters":{},"actions":[{"type":"keyDown","value":""},{"type":"pause","duration":10},{"type":"keyUp","value":""}]}]}
COMMAND: GET /session/764ef295c8f44d2e14b184d73c4fb1a3/screenshot - {}
RESULT: {}
RESULT: undefined
COMMAND: POST /session/764ef295c8f44d2e14b184d73c4fb1a3/execute/async - {"script":"<script> [776 bytes]","args":[{"enterText":"WdIORes29i8b5","selector":{"id":"application-planningboard-display-component---pB_RequestHeader--RUreservationComment","searchOpenDialogs":true,"interaction":{"idSuffix":"inner"}},"clearTextFirst":true,"interactionType":"ENTER_TEXT"}]}
RESULT: {"script":"<script> [776 bytes]","args":[{"enterText":"WdIORes29i8b5","selector":{"id":"application-planningboard-display-component---pB_RequestHeader--RUreservationComment","searchOpenDialogs":true,"interaction":{"idSuffix":"inner"}},"clearTextFirst":true,"interactionType":"ENTER_TEXT"}]}
RESULT: undefined
COMMAND: POST /session/764ef295c8f44d2e14b184d73c4fb1a3/element - {"using":"xpath","value":"//*[@id=\"__button191\"]"}
RESULT: {"using":"xpath","value":"//*[@id=\"__button191\"]"}
COMMAND: POST /session/764ef295c8f44d2e14b184d73c4fb1a3/element/f.809832546CBCDBCC14053EE8D21219E9.d.4C3AC5CBEC2FA76AB7C9E65D31CCDD6B.e.9589/click - {}
RESULT: {}
COMMAND: GET /session/764ef295c8f44d2e14b184d73c4fb1a3/screenshot - {}
RESULT: {}
COMMAND: POST /session/764ef295c8f44d2e14b184d73c4fb1a3/execute/async - {"script":"<script> [1562 bytes]","args":[{"selector":{"controlType":"sap.m.Button","viewName":"etm.portal.ui.planningboard.view.detail.RequestHeader","viewId":"application-planningboard-display-component---pB_RequestHeader","i18NText":{"propertyName":"text","key":"close"},"ancestor":{"id":"application-planningboard-display-component---pB_RequestHeader--requestItemDetails"},"interaction":{"idSuffix":"BDI-content"}},"wdio_ui5_key":"etmportal.ui.planningboard.view.detail.RequestHeadersap.m.Button{\"propertyName\":\"text\",\"key\":\"close\"}{\"id\":\"application-planningboard-display-component---pB_RequestHeader--requestItemDetails\"}"}]}
RESULT: {"script":"<script> [1562 bytes]","args":[{"selector":{"controlType":"sap.m.Button","viewName":"etm.portal.ui.planningboard.view.detail.RequestHeader","viewId":"application-planningboard-display-component---pB_RequestHeader","i18NText":{"propertyName":"text","key":"close"},"ancestor":{"id":"application-planningboard-display-component---pB_RequestHeader--requestItemDetails"},"interaction":{"idSuffix":"BDI-content"}},"wdio_ui5_key":"etmportal.ui.planningboard.view.detail.RequestHeadersap.m.Button{\"propertyName\":\"text\",\"key\":\"close\"}{\"id\":\"application-planningboard-display-component---pB_RequestHeader--requestItemDetails\"}"}]}
RESULT: undefined
COMMAND: POST /session/764ef295c8f44d2e14b184d73c4fb1a3/element - {"using":"xpath","value":"//*[@id=\"__button61\"]"}
RESULT: {"using":"xpath","value":"//*[@id=\"__button61\"]"}
COMMAND: POST /session/764ef295c8f44d2e14b184d73c4fb1a3/element/f.809832546CBCDBCC14053EE8D21219E9.d.4C3AC5CBEC2FA76AB7C9E65D31CCDD6B.e.9372/click - {}
RESULT: {}
COMMAND: GET /session/764ef295c8f44d2e14b184d73c4fb1a3/screenshot - {}
RESULT: {}
COMMAND: POST /session/764ef295c8f44d2e14b184d73c4fb1a3/execute/async - {"script":"<script> [1562 bytes]","args":[{"selector":{"id":"application-planningboard-display-component---pB_Master--selectView","interaction":{"idSuffix":"arrow"}},"wdio_ui5_key":"applicationplanningboard-display-component---pB_Master--selectView"}]}
RESULT: {"script":"<script> [1562 bytes]","args":[{"selector":{"id":"application-planningboard-display-component---pB_Master--selectView","interaction":{"idSuffix":"arrow"}},"wdio_ui5_key":"applicationplanningboard-display-component---pB_Master--selectView"}]}
RESULT: undefined
COMMAND: POST /session/764ef295c8f44d2e14b184d73c4fb1a3/element - {"using":"xpath","value":"//*[@id=\"application-planningboard-display-component---pB_Master--selectView\"]"}
RESULT: {"using":"xpath","value":"//*[@id=\"application-planningboard-display-component---pB_Master--selectView\"]"}
COMMAND: POST /session/764ef295c8f44d2e14b184d73c4fb1a3/element/f.809832546CBCDBCC14053EE8D21219E9.d.4C3AC5CBEC2FA76AB7C9E65D31CCDD6B.e.9735/click - {}
RESULT: {}
COMMAND: GET /session/764ef295c8f44d2e14b184d73c4fb1a3/screenshot - {}
RESULT: {}
COMMAND: POST /session/764ef295c8f44d2e14b184d73c4fb1a3/execute/async - {"script":"<script> [1562 bytes]","args":[{"selector":{"controlType":"sap.ui.core.Item","viewName":"etm.portal.ui.planningboard.view.Master","viewId":"application-planningboard-display-component---pB_Master","i18NText":{"propertyName":"text","key":"manageReservations"},"searchOpenDialogs":true},"wdio_ui5_key":"etmportal.ui.planningboard.view.Mastersap.ui.core.Item{\"propertyName\":\"text\",\"key\":\"manageReservations\"}"}]}
RESULT: {"script":"<script> [1562 bytes]","args":[{"selector":{"controlType":"sap.ui.core.Item","viewName":"etm.portal.ui.planningboard.view.Master","viewId":"application-planningboard-display-component---pB_Master","i18NText":{"propertyName":"text","key":"manageReservations"},"searchOpenDialogs":true},"wdio_ui5_key":"etmportal.ui.planningboard.view.Mastersap.ui.core.Item{\"propertyName\":\"text\",\"key\":\"manageReservations\"}"}]}
RESULT: undefined
COMMAND: POST /session/764ef295c8f44d2e14b184d73c4fb1a3/element - {"using":"xpath","value":"//*[@id=\"__item448\"]"}
RESULT: {"using":"xpath","value":"//*[@id=\"__item448\"]"}
COMMAND: POST /session/764ef295c8f44d2e14b184d73c4fb1a3/element/f.809832546CBCDBCC14053EE8D21219E9.d.4C3AC5CBEC2FA76AB7C9E65D31CCDD6B.e.9736/click - {}
RESULT: {}
COMMAND: GET /session/764ef295c8f44d2e14b184d73c4fb1a3/screenshot - {}
RESULT: {}
COMMAND: POST /session/764ef295c8f44d2e14b184d73c4fb1a3/element - {"using":"xpath","value":"//span[contains(@id ,\"clone\")][contains(text(), \"WdIORes10ikevi\")]"}
RESULT: {"using":"xpath","value":"//span[contains(@id ,\"clone\")][contains(text(), \"WdIORes10ikevi\")]"}
COMMAND: GET /session/764ef295c8f44d2e14b184d73c4fb1a3/element/f.809832546CBCDBCC14053EE8D21219E9.d.4C3AC5CBEC2FA76AB7C9E65D31CCDD6B.e.9751/text - {}
RESULT: {}
COMMAND: POST /session/764ef295c8f44d2e14b184d73c4fb1a3/element - {"using":"xpath","value":"//span[contains(@id ,\"clone\")][contains(text(), \"WdIORes29i8b5\")]"}
RESULT: {"using":"xpath","value":"//span[contains(@id ,\"clone\")][contains(text(), \"WdIORes29i8b5\")]"}
COMMAND: POST /session/764ef295c8f44d2e14b184d73c4fb1a3/element/f.809832546CBCDBCC14053EE8D21219E9.d.4C3AC5CBEC2FA76AB7C9E65D31CCDD6B.e.9752/click - {}
RESULT: {}
COMMAND: GET /session/764ef295c8f44d2e14b184d73c4fb1a3/screenshot - {}
RESULT: {}
COMMAND: POST /session/764ef295c8f44d2e14b184d73c4fb1a3/actions - {"actions":[{"id":"action77","type":"key","parameters":{},"actions":[{"type":"keyDown","value":""},{"type":"pause","duration":10},{"type":"keyUp","value":""}]}]}
RESULT: {"actions":[{"id":"action77","type":"key","parameters":{},"actions":[{"type":"keyDown","value":""},{"type":"pause","duration":10},{"type":"keyUp","value":""}]}]}
COMMAND: GET /session/764ef295c8f44d2e14b184d73c4fb1a3/screenshot - {}
RESULT: {}
COMMAND: POST /session/764ef295c8f44d2e14b184d73c4fb1a3/execute/async - {"script":"<script> [1562 bytes]","args":[{"selector":{"controlType":"sap.m.Button","viewName":"etm.portal.ui.planningboard.view.detail.Planning","viewId":"application-planningboard-display-component---pB_Planning","i18NText":{"propertyName":"text","key":"unplan"},"interaction":{"idSuffix":"BDI-content"}},"wdio_ui5_key":"etmportal.ui.planningboard.view.detail.Planningsap.m.Button{\"propertyName\":\"text\",\"key\":\"unplan\"}"}]}
RESULT: {"script":"<script> [1562 bytes]","args":[{"selector":{"controlType":"sap.m.Button","viewName":"etm.portal.ui.planningboard.view.detail.Planning","viewId":"application-planningboard-display-component---pB_Planning","i18NText":{"propertyName":"text","key":"unplan"},"interaction":{"idSuffix":"BDI-content"}},"wdio_ui5_key":"etmportal.ui.planningboard.view.detail.Planningsap.m.Button{\"propertyName\":\"text\",\"key\":\"unplan\"}"}]}
RESULT: undefined
COMMAND: POST /session/764ef295c8f44d2e14b184d73c4fb1a3/element - {"using":"xpath","value":"//*[@id=\"__button251\"]"}
RESULT: {"using":"xpath","value":"//*[@id=\"__button251\"]"}
COMMAND: POST /session/764ef295c8f44d2e14b184d73c4fb1a3/element/f.809832546CBCDBCC14053EE8D21219E9.d.4C3AC5CBEC2FA76AB7C9E65D31CCDD6B.e.9816/click - {}
RESULT: {}
COMMAND: GET /session/764ef295c8f44d2e14b184d73c4fb1a3/screenshot - {}
RESULT: {}
COMMAND: POST /session/764ef295c8f44d2e14b184d73c4fb1a3/element - {"using":"xpath","value":"//span[contains(@id ,\"clone\")][contains(text(), \"WdIORes29i8b5\")]"}
RESULT: {"using":"xpath","value":"//span[contains(@id ,\"clone\")][contains(text(), \"WdIORes29i8b5\")]"}
COMMAND: POST /session/764ef295c8f44d2e14b184d73c4fb1a3/element - {"using":"xpath","value":"//span[contains(@id ,\"clone\")][contains(text(), \"WdIORes29i8b5\")]"}
RESULT: {"using":"xpath","value":"//span[contains(@id ,\"clone\")][contains(text(), \"WdIORes29i8b5\")]"}
COMMAND: POST /session/764ef295c8f44d2e14b184d73c4fb1a3/element - {"using":"xpath","value":"//span[contains(@id ,\"clone\")][contains(text(), \"WdIORes10ikevi\")]"}
RESULT: {"using":"xpath","value":"//span[contains(@id ,\"clone\")][contains(text(), \"WdIORes10ikevi\")]"}
COMMAND: POST /session/764ef295c8f44d2e14b184d73c4fb1a3/element/f.809832546CBCDBCC14053EE8D21219E9.d.4C3AC5CBEC2FA76AB7C9E65D31CCDD6B.e.9882/click - {}
RESULT: {}
COMMAND: GET /session/764ef295c8f44d2e14b184d73c4fb1a3/screenshot - {}
RESULT: {}
COMMAND: POST /session/764ef295c8f44d2e14b184d73c4fb1a3/actions - {"actions":[{"id":"action78","type":"key","parameters":{},"actions":[{"type":"keyDown","value":""},{"type":"pause","duration":10},{"type":"keyUp","value":""}]}]}
RESULT: {"actions":[{"id":"action78","type":"key","parameters":{},"actions":[{"type":"keyDown","value":""},{"type":"pause","duration":10},{"type":"keyUp","value":""}]}]}
COMMAND: GET /session/764ef295c8f44d2e14b184d73c4fb1a3/screenshot - {}
RESULT: {}
]]></system-out>
    </testcase>
  </testsuite>
  <testsuite timestamp="2025-06-13T16:09:24" time="31.382" tests="1" failures="0" errors="0" skipped="0">
    <properties>
      <property name="specId" value="0"/>
      <property name="suiteName" value="Reserve/Unreserve request item via reserve option US139161"/>
      <property name="capabilities" value="chrome.137_0_7151_69.windows"/>
      <property name="file" value="file:///D:/a/1/s/test/specs/R2C/manage-reservations-view-planning-board.spec.js"/>
    </properties>
    <testcase classname="chrome.137_0_7151_69.windows.Reserve/Unreserve_request_item_via_reserve_option_US139161" name="Should open a reservation to verify and edit the details" time="31.38">
      <system-out><![CDATA[
COMMAND: POST /session/764ef295c8f44d2e14b184d73c4fb1a3/element - {"using":"xpath","value":"//button[contains(@data-kt, \"editButton\")]"}
RESULT: {"using":"xpath","value":"//button[contains(@data-kt, \"editButton\")]"}
COMMAND: POST /session/764ef295c8f44d2e14b184d73c4fb1a3/execute/sync - {"script":"<script> [8489 bytes]","args":[{"element-6066-11e4-a52e-4f735466cecf":"f.809832546CBCDBCC14053EE8D21219E9.d.4C3AC5CBEC2FA76AB7C9E65D31CCDD6B.e.9933","ELEMENT":"f.809832546CBCDBCC14053EE8D21219E9.d.4C3AC5CBEC2FA76AB7C9E65D31CCDD6B.e.9933"}]}
RESULT: {"script":"<script> [8489 bytes]","args":[{"element-6066-11e4-a52e-4f735466cecf":"f.809832546CBCDBCC14053EE8D21219E9.d.4C3AC5CBEC2FA76AB7C9E65D31CCDD6B.e.9933","ELEMENT":"f.809832546CBCDBCC14053EE8D21219E9.d.4C3AC5CBEC2FA76AB7C9E65D31CCDD6B.e.9933"}]}
COMMAND: POST /session/764ef295c8f44d2e14b184d73c4fb1a3/element - {"using":"xpath","value":"//button[contains(@data-kt, \"unplanButton\")]"}
COMMAND: GET /session/764ef295c8f44d2e14b184d73c4fb1a3/screenshot - {}
RESULT: {"using":"xpath","value":"//button[contains(@data-kt, \"unplanButton\")]"}
COMMAND: POST /session/764ef295c8f44d2e14b184d73c4fb1a3/execute/sync - {"script":"<script> [8489 bytes]","args":[{"element-6066-11e4-a52e-4f735466cecf":"f.809832546CBCDBCC14053EE8D21219E9.d.4C3AC5CBEC2FA76AB7C9E65D31CCDD6B.e.9936","ELEMENT":"f.809832546CBCDBCC14053EE8D21219E9.d.4C3AC5CBEC2FA76AB7C9E65D31CCDD6B.e.9936"}]}
RESULT: {}
RESULT: {"script":"<script> [8489 bytes]","args":[{"element-6066-11e4-a52e-4f735466cecf":"f.809832546CBCDBCC14053EE8D21219E9.d.4C3AC5CBEC2FA76AB7C9E65D31CCDD6B.e.9936","ELEMENT":"f.809832546CBCDBCC14053EE8D21219E9.d.4C3AC5CBEC2FA76AB7C9E65D31CCDD6B.e.9936"}]}
COMMAND: POST /session/764ef295c8f44d2e14b184d73c4fb1a3/element - {"using":"xpath","value":"//button[contains(@data-kt, \"editButton\")]"}
COMMAND: GET /session/764ef295c8f44d2e14b184d73c4fb1a3/screenshot - {}
RESULT: {"using":"xpath","value":"//button[contains(@data-kt, \"editButton\")]"}
COMMAND: POST /session/764ef295c8f44d2e14b184d73c4fb1a3/element/f.809832546CBCDBCC14053EE8D21219E9.d.4C3AC5CBEC2FA76AB7C9E65D31CCDD6B.e.9933/click - {}
RESULT: {}
RESULT: {}
COMMAND: POST /session/764ef295c8f44d2e14b184d73c4fb1a3/element - {"using":"xpath","value":"(//input[contains(@id ,\"picker\")][contains(@aria-roledescription ,\"Date Input\")])[4]"}
COMMAND: GET /session/764ef295c8f44d2e14b184d73c4fb1a3/screenshot - {}
RESULT: {"using":"xpath","value":"(//input[contains(@id ,\"picker\")][contains(@aria-roledescription ,\"Date Input\")])[4]"}
COMMAND: POST /session/764ef295c8f44d2e14b184d73c4fb1a3/element/f.809832546CBCDBCC14053EE8D21219E9.d.4C3AC5CBEC2FA76AB7C9E65D31CCDD6B.e.9902/clear - {}
RESULT: {}
RESULT: {}
COMMAND: POST /session/764ef295c8f44d2e14b184d73c4fb1a3/element/f.809832546CBCDBCC14053EE8D21219E9.d.4C3AC5CBEC2FA76AB7C9E65D31CCDD6B.e.9902/value - {"text":"6/15/25"}
COMMAND: GET /session/764ef295c8f44d2e14b184d73c4fb1a3/screenshot - {}
RESULT: {"text":"6/15/25"}
COMMAND: GET /session/764ef295c8f44d2e14b184d73c4fb1a3/screenshot - {}
RESULT: {}
RESULT: {}
COMMAND: POST /session/764ef295c8f44d2e14b184d73c4fb1a3/element - {"using":"xpath","value":"//bdi[contains(text(), \"Save\")]"}
RESULT: {"using":"xpath","value":"//bdi[contains(text(), \"Save\")]"}
COMMAND: POST /session/764ef295c8f44d2e14b184d73c4fb1a3/element/f.809832546CBCDBCC14053EE8D21219E9.d.4C3AC5CBEC2FA76AB7C9E65D31CCDD6B.e.9958/click - {}
RESULT: {}
COMMAND: GET /session/764ef295c8f44d2e14b184d73c4fb1a3/screenshot - {}
RESULT: {}
COMMAND: POST /session/764ef295c8f44d2e14b184d73c4fb1a3/element - {"using":"xpath","value":"(//input[contains(@id ,\"picker\")][contains(@aria-roledescription ,\"Date Input\")])[4]"}
RESULT: {"using":"xpath","value":"(//input[contains(@id ,\"picker\")][contains(@aria-roledescription ,\"Date Input\")])[4]"}
COMMAND: GET /session/764ef295c8f44d2e14b184d73c4fb1a3/element/f.809832546CBCDBCC14053EE8D21219E9.d.4C3AC5CBEC2FA76AB7C9E65D31CCDD6B.e.9902/property/value - {}
RESULT: {}
COMMAND: GET /session/764ef295c8f44d2e14b184d73c4fb1a3/screenshot - {}
RESULT: {}
COMMAND: POST /session/764ef295c8f44d2e14b184d73c4fb1a3/element - {"using":"xpath","value":"//bdi[contains(text(), \"Unplan\")]"}
RESULT: {"using":"xpath","value":"//bdi[contains(text(), \"Unplan\")]"}
COMMAND: POST /session/764ef295c8f44d2e14b184d73c4fb1a3/element/f.809832546CBCDBCC14053EE8D21219E9.d.4C3AC5CBEC2FA76AB7C9E65D31CCDD6B.e.9974/click - {}
RESULT: {}
COMMAND: GET /session/764ef295c8f44d2e14b184d73c4fb1a3/screenshot - {}
RESULT: {}
COMMAND: POST /session/764ef295c8f44d2e14b184d73c4fb1a3/element - {"using":"css selector","value":"#shell-header-logo"}
RESULT: {"using":"css selector","value":"#shell-header-logo"}
COMMAND: POST /session/764ef295c8f44d2e14b184d73c4fb1a3/element/f.809832546CBCDBCC14053EE8D21219E9.d.4C3AC5CBEC2FA76AB7C9E65D31CCDD6B.e.8624/click - {}
RESULT: {}
COMMAND: GET /session/764ef295c8f44d2e14b184d73c4fb1a3/screenshot - {}
RESULT: {}
]]></system-out>
    </testcase>
  </testsuite>
  <testsuite timestamp="2025-06-13T16:09:55" time="423.332" tests="4" failures="0" errors="0" skipped="0">
    <properties>
      <property name="specId" value="0"/>
      <property name="suiteName" value="Process request items into an existing quotation US120163"/>
      <property name="capabilities" value="chrome.137_0_7151_69.windows"/>
      <property name="file" value="file:///D:/a/1/s/test/specs/R2C/process-request-items-into-existing-quotation.spec.js"/>
    </properties>
    <testcase classname="chrome.137_0_7151_69.windows.Process_request_items_into_an_existing_quotation_US120163" name="Should create a new quotation" time="94.918">
      <system-out><![CDATA[
COMMAND: POST /session/764ef295c8f44d2e14b184d73c4fb1a3/execute/async - {"script":"<script> [1562 bytes]","args":[{"selector":{"controlType":"sap.m.GenericTile","properties":{"header":"Manage Quotations"}},"wdio_ui5_key":"sapm.GenericTile{\"header\":\"Manage Quotations\"}"}]}
RESULT: {"script":"<script> [1562 bytes]","args":[{"selector":{"controlType":"sap.m.GenericTile","properties":{"header":"Manage Quotations"}},"wdio_ui5_key":"sapm.GenericTile{\"header\":\"Manage Quotations\"}"}]}
RESULT: undefined
COMMAND: POST /session/764ef295c8f44d2e14b184d73c4fb1a3/element - {"using":"xpath","value":"//*[@id=\"__tile133\"]"}
RESULT: {"using":"xpath","value":"//*[@id=\"__tile133\"]"}
COMMAND: POST /session/764ef295c8f44d2e14b184d73c4fb1a3/element/f.809832546CBCDBCC14053EE8D21219E9.d.4C3AC5CBEC2FA76AB7C9E65D31CCDD6B.e.10029/click - {}
RESULT: {}
COMMAND: GET /session/764ef295c8f44d2e14b184d73c4fb1a3/screenshot - {}
COMMAND: POST /session/764ef295c8f44d2e14b184d73c4fb1a3/elements - {"using":"xpath","value":"//span[text()='Error']"}
RESULT: {}
RESULT: {"using":"xpath","value":"//span[text()='Error']"}
COMMAND: POST /session/764ef295c8f44d2e14b184d73c4fb1a3/element - {"using":"xpath","value":"//button[contains(@title ,\"Add New Contract\")]"}
RESULT: {"using":"xpath","value":"//button[contains(@title ,\"Add New Contract\")]"}
COMMAND: POST /session/764ef295c8f44d2e14b184d73c4fb1a3/element/f.809832546CBCDBCC14053EE8D21219E9.d.4C3AC5CBEC2FA76AB7C9E65D31CCDD6B.e.10070/click - {}
RESULT: {}
COMMAND: GET /session/764ef295c8f44d2e14b184d73c4fb1a3/screenshot - {}
RESULT: {}
COMMAND: POST /session/764ef295c8f44d2e14b184d73c4fb1a3/element - {"using":"xpath","value":"//input[contains(@id ,\"application-managequotations-display-component---AddNewContract--projectDescription-inner\")]"}
RESULT: {"using":"xpath","value":"//input[contains(@id ,\"application-managequotations-display-component---AddNewContract--projectDescription-inner\")]"}
COMMAND: POST /session/764ef295c8f44d2e14b184d73c4fb1a3/element/f.809832546CBCDBCC14053EE8D21219E9.d.4C3AC5CBEC2FA76AB7C9E65D31CCDD6B.e.10336/value - {"text":"WdIOQuotation7u7dv"}
RESULT: {"text":"WdIOQuotation7u7dv"}
COMMAND: GET /session/764ef295c8f44d2e14b184d73c4fb1a3/screenshot - {}
RESULT: {}
COMMAND: POST /session/764ef295c8f44d2e14b184d73c4fb1a3/element - {"using":"xpath","value":"//input[contains(@id ,\"application-managequotations-display-component---AddNewContract--yardId-inner\")]"}
RESULT: {"using":"xpath","value":"//input[contains(@id ,\"application-managequotations-display-component---AddNewContract--yardId-inner\")]"}
COMMAND: POST /session/764ef295c8f44d2e14b184d73c4fb1a3/element/f.809832546CBCDBCC14053EE8D21219E9.d.4C3AC5CBEC2FA76AB7C9E65D31CCDD6B.e.10339/value - {"text":"WebdriverYardsn1ov"}
RESULT: {"text":"WebdriverYardsn1ov"}
COMMAND: GET /session/764ef295c8f44d2e14b184d73c4fb1a3/screenshot - {}
RESULT: {}
COMMAND: POST /session/764ef295c8f44d2e14b184d73c4fb1a3/actions - {"actions":[{"id":"action79","type":"key","parameters":{},"actions":[{"type":"keyDown","value":""},{"type":"pause","duration":10},{"type":"keyUp","value":""}]}]}
RESULT: {"actions":[{"id":"action79","type":"key","parameters":{},"actions":[{"type":"keyDown","value":""},{"type":"pause","duration":10},{"type":"keyUp","value":""}]}]}
COMMAND: GET /session/764ef295c8f44d2e14b184d73c4fb1a3/screenshot - {}
RESULT: {}
COMMAND: POST /session/764ef295c8f44d2e14b184d73c4fb1a3/element - {"using":"xpath","value":"//input[contains(@id ,\"application-managequotations-display-component---AddNewContract--customerSelect-inner\")]"}
RESULT: {"using":"xpath","value":"//input[contains(@id ,\"application-managequotations-display-component---AddNewContract--customerSelect-inner\")]"}
COMMAND: POST /session/764ef295c8f44d2e14b184d73c4fb1a3/element/f.809832546CBCDBCC14053EE8D21219E9.d.4C3AC5CBEC2FA76AB7C9E65D31CCDD6B.e.10337/value - {"text":"WebdriverPartnerex9g5j"}
RESULT: {"text":"WebdriverPartnerex9g5j"}
COMMAND: GET /session/764ef295c8f44d2e14b184d73c4fb1a3/screenshot - {}
RESULT: {}
COMMAND: POST /session/764ef295c8f44d2e14b184d73c4fb1a3/actions - {"actions":[{"id":"action80","type":"key","parameters":{},"actions":[{"type":"keyDown","value":""},{"type":"pause","duration":10},{"type":"keyUp","value":""}]}]}
RESULT: {"actions":[{"id":"action80","type":"key","parameters":{},"actions":[{"type":"keyDown","value":""},{"type":"pause","duration":10},{"type":"keyUp","value":""}]}]}
COMMAND: GET /session/764ef295c8f44d2e14b184d73c4fb1a3/screenshot - {}
RESULT: {}
COMMAND: POST /session/764ef295c8f44d2e14b184d73c4fb1a3/element - {"using":"xpath","value":"//input[contains(@id ,\"application-managequotations-display-component---AddNewContract--site-inner\")]"}
RESULT: {"using":"xpath","value":"//input[contains(@id ,\"application-managequotations-display-component---AddNewContract--site-inner\")]"}
COMMAND: POST /session/764ef295c8f44d2e14b184d73c4fb1a3/element/f.809832546CBCDBCC14053EE8D21219E9.d.4C3AC5CBEC2FA76AB7C9E65D31CCDD6B.e.10338/value - {"text":"WebdriverSitezj22r"}
RESULT: {"text":"WebdriverSitezj22r"}
COMMAND: GET /session/764ef295c8f44d2e14b184d73c4fb1a3/screenshot - {}
RESULT: {}
COMMAND: POST /session/764ef295c8f44d2e14b184d73c4fb1a3/actions - {"actions":[{"id":"action81","type":"key","parameters":{},"actions":[{"type":"keyDown","value":""},{"type":"pause","duration":10},{"type":"keyUp","value":""}]}]}
RESULT: {"actions":[{"id":"action81","type":"key","parameters":{},"actions":[{"type":"keyDown","value":""},{"type":"pause","duration":10},{"type":"keyUp","value":""}]}]}
COMMAND: GET /session/764ef295c8f44d2e14b184d73c4fb1a3/screenshot - {}
RESULT: {}
COMMAND: POST /session/764ef295c8f44d2e14b184d73c4fb1a3/element - {"using":"xpath","value":"//bdi[contains(text(), \"Save\")]"}
RESULT: {"using":"xpath","value":"//bdi[contains(text(), \"Save\")]"}
COMMAND: POST /session/764ef295c8f44d2e14b184d73c4fb1a3/element/f.809832546CBCDBCC14053EE8D21219E9.d.4C3AC5CBEC2FA76AB7C9E65D31CCDD6B.e.10425/click - {}
RESULT: {}
COMMAND: GET /session/764ef295c8f44d2e14b184d73c4fb1a3/screenshot - {}
RESULT: {}
COMMAND: POST /session/764ef295c8f44d2e14b184d73c4fb1a3/element - {"using":"css selector","value":"#shell-header-logo"}
RESULT: {"using":"css selector","value":"#shell-header-logo"}
COMMAND: POST /session/764ef295c8f44d2e14b184d73c4fb1a3/element/f.809832546CBCDBCC14053EE8D21219E9.d.4C3AC5CBEC2FA76AB7C9E65D31CCDD6B.e.10031/click - {}
RESULT: {}
COMMAND: GET /session/764ef295c8f44d2e14b184d73c4fb1a3/screenshot - {}
RESULT: {}
COMMAND: POST /session/764ef295c8f44d2e14b184d73c4fb1a3/refresh - {}
RESULT: {}
COMMAND: GET /session/764ef295c8f44d2e14b184d73c4fb1a3/screenshot - {}
RESULT: {}
COMMAND: POST /session/764ef295c8f44d2e14b184d73c4fb1a3/execute/async - {"script":"<script> [189 bytes]","args":[]}
RESULT: {"script":"<script> [189 bytes]","args":[]}
COMMAND: POST /session/764ef295c8f44d2e14b184d73c4fb1a3/execute/async - {"script":"<script> [123 bytes]","args":[]}
RESULT: {"script":"<script> [123 bytes]","args":[]}
COMMAND: POST /session/764ef295c8f44d2e14b184d73c4fb1a3/timeouts - {"script":"<number>"}
RESULT: {"script":"<number>"}
COMMAND: GET /session/764ef295c8f44d2e14b184d73c4fb1a3/timeouts - {}
RESULT: {}
RESULT: undefined
COMMAND: POST /session/764ef295c8f44d2e14b184d73c4fb1a3/execute/async - {"script":"<script> [2676 bytes]","args":[]}
RESULT: {"script":"<script> [2676 bytes]","args":[]}
COMMAND: POST /session/764ef295c8f44d2e14b184d73c4fb1a3/execute/async - {"script":"<script> [2342 bytes]","args":[{"protocol":"http","hostname":"0.0.0.0","path":"/","capabilities":{"browserName":"chrome","goog:chromeOptions":{"binary":"C:\\Program Files\\Google\\Chrome\\Application\\chrome.exe","args":["--start-maximized"]}},"logLevel":"warn","connectionRetryTimeout":120000,"connectionRetryCount":3,"logLevels":{},"enableDirectConnect":true,"strictSSL":true,"_":"65 more keys: [\"cacheDir\",\"port\",\"requestedCapabilities\",\"automationProtocol\",\"baseUrl\",\"waitforInterval\",\"waitforTimeout\",\"onReload\",\"beforeCommand\",\"afterCommand\",\"rootDir\",\"specs\",\"suites\",\"exclude\",\"groupLogsByTestSpec\",\"excludeDriverLogs\",\"bail\",\"framework\",\"reporters\",\"services\",\"maxInstances\",\"maxInstancesPerCapability\",\"injectGlobals\",\"filesToWatch\",\"execArgv\",\"runnerEnv\",\"runner\",\"shard\",\"specFileRetries\",\"specFileRetriesDelay\",\"specFileRetriesDeferred\",\"reporterSyncInterval\",\"reporterSyncTimeout\",\"cucumberFeaturesWithLineNumbers\",\"autoCompileOpts\",\"mochaOpts\",\"jasmineOpts\",\"cucumberOpts\",\"onPrepare\",\"onWorkerStart\",\"onWorkerEnd\",\"before\",\"beforeSession\",\"beforeSuite\",\"beforeHook\",\"beforeTest\",\"afterTest\",\"afterHook\",\"afterSuite\",\"afterSession\",\"after\",\"onComplete\",\"beforeAssertion\",\"afterAssertion\",\"beforeFeature\",\"beforeScenario\",\"beforeStep\",\"afterStep\",\"afterScenario\",\"afterFeature\",\"_\",\"suite\",\"$0\",\"ignoredWorkerServices\",\"wdi5\"]"}]}
RESULT: {"script":"<script> [2342 bytes]","args":[{"protocol":"http","hostname":"0.0.0.0","path":"/","capabilities":{"browserName":"chrome","goog:chromeOptions":{"binary":"C:\\Program Files\\Google\\Chrome\\Application\\chrome.exe","args":["--start-maximized"]}},"logLevel":"warn","connectionRetryTimeout":120000,"connectionRetryCount":3,"logLevels":{},"enableDirectConnect":true,"strictSSL":true,"_":"65 more keys: [\"cacheDir\",\"port\",\"requestedCapabilities\",\"automationProtocol\",\"baseUrl\",\"waitforInterval\",\"waitforTimeout\",\"onReload\",\"beforeCommand\",\"afterCommand\",\"rootDir\",\"specs\",\"suites\",\"exclude\",\"groupLogsByTestSpec\",\"excludeDriverLogs\",\"bail\",\"framework\",\"reporters\",\"services\",\"maxInstances\",\"maxInstancesPerCapability\",\"injectGlobals\",\"filesToWatch\",\"execArgv\",\"runnerEnv\",\"runner\",\"shard\",\"specFileRetries\",\"specFileRetriesDelay\",\"specFileRetriesDeferred\",\"reporterSyncInterval\",\"reporterSyncTimeout\",\"cucumberFeaturesWithLineNumbers\",\"autoCompileOpts\",\"mochaOpts\",\"jasmineOpts\",\"cucumberOpts\",\"onPrepare\",\"onWorkerStart\",\"onWorkerEnd\",\"before\",\"beforeSession\",\"beforeSuite\",\"beforeHook\",\"beforeTest\",\"afterTest\",\"afterHook\",\"afterSuite\",\"afterSession\",\"after\",\"onComplete\",\"beforeAssertion\",\"afterAssertion\",\"beforeFeature\",\"beforeScenario\",\"beforeStep\",\"afterStep\",\"afterScenario\",\"afterFeature\",\"_\",\"suite\",\"$0\",\"ignoredWorkerServices\",\"wdi5\"]"}]}
COMMAND: POST /session/764ef295c8f44d2e14b184d73c4fb1a3/execute/async - {"script":"<script> [21126 bytes]","args":[35000]}
RESULT: {"script":"<script> [21126 bytes]","args":[35000]}
]]></system-out>
    </testcase>
    <testcase classname="chrome.137_0_7151_69.windows.Process_request_items_into_an_existing_quotation_US120163" name="Should create a new request with catalog items and plan it" time="221.916">
      <system-out><![CDATA[
COMMAND: POST /session/764ef295c8f44d2e14b184d73c4fb1a3/execute/async - {"script":"<script> [1562 bytes]","args":[{"selector":{"controlType":"sap.m.GenericTile","properties":{"header":"Manage Requests"}},"wdio_ui5_key":"sapm.GenericTile{\"header\":\"Manage Requests\"}"}]}
RESULT: {"script":"<script> [1562 bytes]","args":[{"selector":{"controlType":"sap.m.GenericTile","properties":{"header":"Manage Requests"}},"wdio_ui5_key":"sapm.GenericTile{\"header\":\"Manage Requests\"}"}]}
RESULT: undefined
COMMAND: POST /session/764ef295c8f44d2e14b184d73c4fb1a3/element - {"using":"xpath","value":"//*[@id=\"__tile48\"]"}
RESULT: {"using":"xpath","value":"//*[@id=\"__tile48\"]"}
COMMAND: POST /session/764ef295c8f44d2e14b184d73c4fb1a3/element/f.809832546CBCDBCC14053EE8D21219E9.d.BAF54B78A44E3D6C2893F654D218B4ED.e.10452/click - {}
RESULT: {}
COMMAND: GET /session/764ef295c8f44d2e14b184d73c4fb1a3/screenshot - {}
RESULT: {}
COMMAND: POST /session/764ef295c8f44d2e14b184d73c4fb1a3/elements - {"using":"xpath","value":"//span[text()='Error']"}
RESULT: {"using":"xpath","value":"//span[text()='Error']"}
COMMAND: POST /session/764ef295c8f44d2e14b184d73c4fb1a3/element - {"using":"xpath","value":"(//span[contains(@class ,\"sapMObjStatusText\")])[1]"}
RESULT: {"using":"xpath","value":"(//span[contains(@class ,\"sapMObjStatusText\")])[1]"}
COMMAND: POST /session/764ef295c8f44d2e14b184d73c4fb1a3/execute/sync - {"script":"<script> [8489 bytes]","args":[{"element-6066-11e4-a52e-4f735466cecf":"f.809832546CBCDBCC14053EE8D21219E9.d.BAF54B78A44E3D6C2893F654D218B4ED.e.10547","ELEMENT":"f.809832546CBCDBCC14053EE8D21219E9.d.BAF54B78A44E3D6C2893F654D218B4ED.e.10547"}]}
RESULT: {"script":"<script> [8489 bytes]","args":[{"element-6066-11e4-a52e-4f735466cecf":"f.809832546CBCDBCC14053EE8D21219E9.d.BAF54B78A44E3D6C2893F654D218B4ED.e.10547","ELEMENT":"f.809832546CBCDBCC14053EE8D21219E9.d.BAF54B78A44E3D6C2893F654D218B4ED.e.10547"}]}
COMMAND: POST /session/764ef295c8f44d2e14b184d73c4fb1a3/element - {"using":"xpath","value":"//button[contains(@data-kt ,\"btnCreateNewOverflowToolbarButton\")]"}
COMMAND: GET /session/764ef295c8f44d2e14b184d73c4fb1a3/screenshot - {}
RESULT: {"using":"xpath","value":"//button[contains(@data-kt ,\"btnCreateNewOverflowToolbarButton\")]"}
COMMAND: POST /session/764ef295c8f44d2e14b184d73c4fb1a3/element/f.809832546CBCDBCC14053EE8D21219E9.d.BAF54B78A44E3D6C2893F654D218B4ED.e.10509/click - {}
RESULT: {}
RESULT: {}
COMMAND: GET /session/764ef295c8f44d2e14b184d73c4fb1a3/screenshot - {}
RESULT: {}
COMMAND: POST /session/764ef295c8f44d2e14b184d73c4fb1a3/element - {"using":"xpath","value":"//input[contains(@id ,\"yardId-inner\")]"}
RESULT: {"using":"xpath","value":"//input[contains(@id ,\"yardId-inner\")]"}
COMMAND: POST /session/764ef295c8f44d2e14b184d73c4fb1a3/execute/sync - {"script":"<script> [8489 bytes]","args":[{"element-6066-11e4-a52e-4f735466cecf":"f.809832546CBCDBCC14053EE8D21219E9.d.BAF54B78A44E3D6C2893F654D218B4ED.e.10629","ELEMENT":"f.809832546CBCDBCC14053EE8D21219E9.d.BAF54B78A44E3D6C2893F654D218B4ED.e.10629"}]}
RESULT: {"script":"<script> [8489 bytes]","args":[{"element-6066-11e4-a52e-4f735466cecf":"f.809832546CBCDBCC14053EE8D21219E9.d.BAF54B78A44E3D6C2893F654D218B4ED.e.10629","ELEMENT":"f.809832546CBCDBCC14053EE8D21219E9.d.BAF54B78A44E3D6C2893F654D218B4ED.e.10629"}]}
COMMAND: POST /session/764ef295c8f44d2e14b184d73c4fb1a3/element - {"using":"xpath","value":"//input[contains(@id ,\"yardId-inner\")]"}
COMMAND: GET /session/764ef295c8f44d2e14b184d73c4fb1a3/screenshot - {}
RESULT: {"using":"xpath","value":"//input[contains(@id ,\"yardId-inner\")]"}
COMMAND: GET /session/764ef295c8f44d2e14b184d73c4fb1a3/element/f.809832546CBCDBCC14053EE8D21219E9.d.BAF54B78A44E3D6C2893F654D218B4ED.e.10629/enabled - {}
RESULT: {}
RESULT: {}
COMMAND: POST /session/764ef295c8f44d2e14b184d73c4fb1a3/element/f.809832546CBCDBCC14053EE8D21219E9.d.BAF54B78A44E3D6C2893F654D218B4ED.e.10629/clear - {}
COMMAND: GET /session/764ef295c8f44d2e14b184d73c4fb1a3/screenshot - {}
RESULT: {}
COMMAND: POST /session/764ef295c8f44d2e14b184d73c4fb1a3/element/f.809832546CBCDBCC14053EE8D21219E9.d.BAF54B78A44E3D6C2893F654D218B4ED.e.10629/value - {"text":"WebdriverYardsn1ov"}
COMMAND: GET /session/764ef295c8f44d2e14b184d73c4fb1a3/screenshot - {}
RESULT: {}
RESULT: {"text":"WebdriverYardsn1ov"}
COMMAND: GET /session/764ef295c8f44d2e14b184d73c4fb1a3/screenshot - {}
RESULT: {}
RESULT: {}
COMMAND: POST /session/764ef295c8f44d2e14b184d73c4fb1a3/actions - {"actions":[{"id":"action82","type":"key","parameters":{},"actions":[{"type":"keyDown","value":""},{"type":"pause","duration":10},{"type":"keyUp","value":""}]}]}
RESULT: {"actions":[{"id":"action82","type":"key","parameters":{},"actions":[{"type":"keyDown","value":""},{"type":"pause","duration":10},{"type":"keyUp","value":""}]}]}
COMMAND: GET /session/764ef295c8f44d2e14b184d73c4fb1a3/screenshot - {}
RESULT: {}
COMMAND: POST /session/764ef295c8f44d2e14b184d73c4fb1a3/element - {"using":"xpath","value":"//input[contains(@id ,\"customerNumber-inner\")]"}
RESULT: {"using":"xpath","value":"//input[contains(@id ,\"customerNumber-inner\")]"}
COMMAND: POST /session/764ef295c8f44d2e14b184d73c4fb1a3/element/f.809832546CBCDBCC14053EE8D21219E9.d.BAF54B78A44E3D6C2893F654D218B4ED.e.10623/value - {"text":"WebdriverPartnerex9g5j"}
RESULT: {"text":"WebdriverPartnerex9g5j"}
COMMAND: GET /session/764ef295c8f44d2e14b184d73c4fb1a3/screenshot - {}
RESULT: {}
COMMAND: POST /session/764ef295c8f44d2e14b184d73c4fb1a3/actions - {"actions":[{"id":"action83","type":"key","parameters":{},"actions":[{"type":"keyDown","value":""},{"type":"pause","duration":10},{"type":"keyUp","value":""}]}]}
RESULT: {"actions":[{"id":"action83","type":"key","parameters":{},"actions":[{"type":"keyDown","value":""},{"type":"pause","duration":10},{"type":"keyUp","value":""}]}]}
COMMAND: GET /session/764ef295c8f44d2e14b184d73c4fb1a3/screenshot - {}
RESULT: {}
COMMAND: GET /session/764ef295c8f44d2e14b184d73c4fb1a3/element/f.809832546CBCDBCC14053EE8D21219E9.d.BAF54B78A44E3D6C2893F654D218B4ED.e.10623/property/value - {}
RESULT: {}
COMMAND: POST /session/764ef295c8f44d2e14b184d73c4fb1a3/element/f.809832546CBCDBCC14053EE8D21219E9.d.BAF54B78A44E3D6C2893F654D218B4ED.e.10623/value - {"text":"WebdriverPartnerex9g5j"}
COMMAND: GET /session/764ef295c8f44d2e14b184d73c4fb1a3/screenshot - {}
RESULT: {"text":"WebdriverPartnerex9g5j"}
COMMAND: GET /session/764ef295c8f44d2e14b184d73c4fb1a3/screenshot - {}
RESULT: {}
RESULT: {}
COMMAND: POST /session/764ef295c8f44d2e14b184d73c4fb1a3/actions - {"actions":[{"id":"action84","type":"key","parameters":{},"actions":[{"type":"keyDown","value":""},{"type":"pause","duration":10},{"type":"keyUp","value":""}]}]}
RESULT: {"actions":[{"id":"action84","type":"key","parameters":{},"actions":[{"type":"keyDown","value":""},{"type":"pause","duration":10},{"type":"keyUp","value":""}]}]}
COMMAND: GET /session/764ef295c8f44d2e14b184d73c4fb1a3/screenshot - {}
RESULT: {}
COMMAND: POST /session/764ef295c8f44d2e14b184d73c4fb1a3/element - {"using":"xpath","value":"//input[contains(@id ,\"requestSiteId-inner\")]"}
RESULT: {"using":"xpath","value":"//input[contains(@id ,\"requestSiteId-inner\")]"}
COMMAND: POST /session/764ef295c8f44d2e14b184d73c4fb1a3/element/f.809832546CBCDBCC14053EE8D21219E9.d.BAF54B78A44E3D6C2893F654D218B4ED.e.10622/value - {"text":"WebdriverSitezj22r"}
RESULT: {"text":"WebdriverSitezj22r"}
COMMAND: GET /session/764ef295c8f44d2e14b184d73c4fb1a3/screenshot - {}
RESULT: {}
COMMAND: POST /session/764ef295c8f44d2e14b184d73c4fb1a3/actions - {"actions":[{"id":"action85","type":"key","parameters":{},"actions":[{"type":"keyDown","value":""},{"type":"pause","duration":10},{"type":"keyUp","value":""}]}]}
RESULT: {"actions":[{"id":"action85","type":"key","parameters":{},"actions":[{"type":"keyDown","value":""},{"type":"pause","duration":10},{"type":"keyUp","value":""}]}]}
COMMAND: GET /session/764ef295c8f44d2e14b184d73c4fb1a3/screenshot - {}
RESULT: {}
COMMAND: POST /session/764ef295c8f44d2e14b184d73c4fb1a3/element - {"using":"xpath","value":"//button[contains(@data-kt ,\"requestItemAddOverflowToolbarButton\")]"}
RESULT: {"using":"xpath","value":"//button[contains(@data-kt ,\"requestItemAddOverflowToolbarButton\")]"}
COMMAND: POST /session/764ef295c8f44d2e14b184d73c4fb1a3/element/f.809832546CBCDBCC14053EE8D21219E9.d.BAF54B78A44E3D6C2893F654D218B4ED.e.10808/click - {}
RESULT: {}
COMMAND: GET /session/764ef295c8f44d2e14b184d73c4fb1a3/screenshot - {}
RESULT: {}
COMMAND: POST /session/764ef295c8f44d2e14b184d73c4fb1a3/actions - {"actions":[{"id":"action86","type":"key","parameters":{},"actions":[{"type":"keyDown","value":""},{"type":"pause","duration":10},{"type":"keyUp","value":""}]}]}
RESULT: {"actions":[{"id":"action86","type":"key","parameters":{},"actions":[{"type":"keyDown","value":""},{"type":"pause","duration":10},{"type":"keyUp","value":""}]}]}
COMMAND: POST /session/764ef295c8f44d2e14b184d73c4fb1a3/actions - {"actions":[{"id":"action87","type":"key","parameters":{},"actions":[{"type":"keyDown","value":""},{"type":"pause","duration":10},{"type":"keyUp","value":""}]}]}
COMMAND: GET /session/764ef295c8f44d2e14b184d73c4fb1a3/screenshot - {}
RESULT: {"actions":[{"id":"action87","type":"key","parameters":{},"actions":[{"type":"keyDown","value":""},{"type":"pause","duration":10},{"type":"keyUp","value":""}]}]}
COMMAND: GET /session/764ef295c8f44d2e14b184d73c4fb1a3/screenshot - {}
RESULT: {}
RESULT: {}
COMMAND: POST /session/764ef295c8f44d2e14b184d73c4fb1a3/element - {"using":"xpath","value":"(//input[contains(@id ,\"requestItemsTable-0-inner\")])[1]"}
RESULT: {"using":"xpath","value":"(//input[contains(@id ,\"requestItemsTable-0-inner\")])[1]"}
COMMAND: POST /session/764ef295c8f44d2e14b184d73c4fb1a3/element/f.809832546CBCDBCC14053EE8D21219E9.d.BAF54B78A44E3D6C2893F654D218B4ED.e.10812/clear - {}
RESULT: {}
COMMAND: POST /session/764ef295c8f44d2e14b184d73c4fb1a3/element/f.809832546CBCDBCC14053EE8D21219E9.d.BAF54B78A44E3D6C2893F654D218B4ED.e.10812/value - {"text":"catalogItem5c9wl"}
COMMAND: GET /session/764ef295c8f44d2e14b184d73c4fb1a3/screenshot - {}
RESULT: {"text":"catalogItem5c9wl"}
COMMAND: GET /session/764ef295c8f44d2e14b184d73c4fb1a3/screenshot - {}
RESULT: {}
RESULT: {}
COMMAND: POST /session/764ef295c8f44d2e14b184d73c4fb1a3/actions - {"actions":[{"id":"action88","type":"key","parameters":{},"actions":[{"type":"keyDown","value":""},{"type":"pause","duration":10},{"type":"keyUp","value":""}]}]}
RESULT: {"actions":[{"id":"action88","type":"key","parameters":{},"actions":[{"type":"keyDown","value":""},{"type":"pause","duration":10},{"type":"keyUp","value":""}]}]}
COMMAND: GET /session/764ef295c8f44d2e14b184d73c4fb1a3/screenshot - {}
RESULT: {}
COMMAND: POST /session/764ef295c8f44d2e14b184d73c4fb1a3/execute/async - {"script":"<script> [1562 bytes]","args":[{"selector":{"controlType":"sap.ui.core.Icon","viewName":"etm.portal.ui.managerequests.view.NewRequest","properties":{"src":{"regex":{"source":"slim\\-arrow\\-down"}}},"ancestor":{"controlType":"sap.m.Button","viewName":"etm.portal.ui.managerequests.view.NewRequest","properties":{"icon":"sap-icon://slim-arrow-down"}}},"wdio_ui5_key":"etmportal.ui.managerequests.view.NewRequestsap.ui.core.Icon{\"src\":{\"regex\":{\"source\":\"slim\\\\-arrow\\\\-down\"}}}{\"controlType\":\"sap.m.Button\",\"viewName\":\"etm.portal.ui.managerequests.view.NewRequest\",\"properties\":{\"icon\":\"sap-icon://slim-arrow-down\"}}"}]}
RESULT: {"script":"<script> [1562 bytes]","args":[{"selector":{"controlType":"sap.ui.core.Icon","viewName":"etm.portal.ui.managerequests.view.NewRequest","properties":{"src":{"regex":{"source":"slim\\-arrow\\-down"}}},"ancestor":{"controlType":"sap.m.Button","viewName":"etm.portal.ui.managerequests.view.NewRequest","properties":{"icon":"sap-icon://slim-arrow-down"}}},"wdio_ui5_key":"etmportal.ui.managerequests.view.NewRequestsap.ui.core.Icon{\"src\":{\"regex\":{\"source\":\"slim\\\\-arrow\\\\-down\"}}}{\"controlType\":\"sap.m.Button\",\"viewName\":\"etm.portal.ui.managerequests.view.NewRequest\",\"properties\":{\"icon\":\"sap-icon://slim-arrow-down\"}}"}]}
RESULT: undefined
COMMAND: POST /session/764ef295c8f44d2e14b184d73c4fb1a3/element - {"using":"xpath","value":"//div[contains(@data-kt ,\"splitAllocationObjectStatus\")]"}
RESULT: {"using":"xpath","value":"//div[contains(@data-kt ,\"splitAllocationObjectStatus\")]"}
COMMAND: POST /session/764ef295c8f44d2e14b184d73c4fb1a3/elements - {"using":"xpath","value":"//div[contains(@data-kt ,\"splitAllocationObjectStatus\")]"}
RESULT: {"using":"xpath","value":"//div[contains(@data-kt ,\"splitAllocationObjectStatus\")]"}
COMMAND: POST /session/764ef295c8f44d2e14b184d73c4fb1a3/execute/async - {"script":"<script> [1562 bytes]","args":[{"selector":{"controlType":"sap.ui.core.Icon","viewName":"etm.portal.ui.managerequests.view.NewRequest","properties":{"src":{"regex":{"source":"message\\-error"}}}},"wdio_ui5_key":"etmportal.ui.managerequests.view.NewRequestsap.ui.core.Icon{\"src\":{\"regex\":{\"source\":\"message\\\\-error\"}}}"}]}
RESULT: {"script":"<script> [1562 bytes]","args":[{"selector":{"controlType":"sap.ui.core.Icon","viewName":"etm.portal.ui.managerequests.view.NewRequest","properties":{"src":{"regex":{"source":"message\\-error"}}}},"wdio_ui5_key":"etmportal.ui.managerequests.view.NewRequestsap.ui.core.Icon{\"src\":{\"regex\":{\"source\":\"message\\\\-error\"}}}"}]}
RESULT: undefined
COMMAND: POST /session/764ef295c8f44d2e14b184d73c4fb1a3/element - {"using":"xpath","value":"//*[@id=\"__status4-__xmlview60--requestItemsTable-0-icon\"]"}
RESULT: {"using":"xpath","value":"//*[@id=\"__status4-__xmlview60--requestItemsTable-0-icon\"]"}
COMMAND: POST /session/764ef295c8f44d2e14b184d73c4fb1a3/element/f.809832546CBCDBCC14053EE8D21219E9.d.BAF54B78A44E3D6C2893F654D218B4ED.e.10826/click - {}
RESULT: {}
COMMAND: POST /session/764ef295c8f44d2e14b184d73c4fb1a3/execute/async - {"script":"<script> [1562 bytes]","args":[{"selector":{"controlType":"sap.ui.core.Icon","viewName":"etm.portal.ui.managerequests.view.NewRequest","properties":{"src":{"regex":{"source":"slim\\-arrow\\-down"}}},"searchOpenDialogs":true,"ancestor":{"id":"costObjectAdminTypeComboBox","viewName":"etm.portal.ui.managerequests.view.NewRequest","searchOpenDialogs":true}},"wdio_ui5_key":"etmportal.ui.managerequests.view.NewRequestsap.ui.core.Icon{\"src\":{\"regex\":{\"source\":\"slim\\\\-arrow\\\\-down\"}}}{\"id\":\"costObjectAdminTypeComboBox\",\"viewName\":\"etm.portal.ui.managerequests.view.NewRequest\",\"searchOpenDialogs\":true}"}]}
COMMAND: GET /session/764ef295c8f44d2e14b184d73c4fb1a3/screenshot - {}
RESULT: {"script":"<script> [1562 bytes]","args":[{"selector":{"controlType":"sap.ui.core.Icon","viewName":"etm.portal.ui.managerequests.view.NewRequest","properties":{"src":{"regex":{"source":"slim\\-arrow\\-down"}}},"searchOpenDialogs":true,"ancestor":{"id":"costObjectAdminTypeComboBox","viewName":"etm.portal.ui.managerequests.view.NewRequest","searchOpenDialogs":true}},"wdio_ui5_key":"etmportal.ui.managerequests.view.NewRequestsap.ui.core.Icon{\"src\":{\"regex\":{\"source\":\"slim\\\\-arrow\\\\-down\"}}}{\"id\":\"costObjectAdminTypeComboBox\",\"viewName\":\"etm.portal.ui.managerequests.view.NewRequest\",\"searchOpenDialogs\":true}"}]}
RESULT: undefined
COMMAND: POST /session/764ef295c8f44d2e14b184d73c4fb1a3/element - {"using":"xpath","value":"//*[@id=\"__xmlview60--costObjectAdminTypeComboBox-arrow\"]"}
RESULT: {}
RESULT: {"using":"xpath","value":"//*[@id=\"__xmlview60--costObjectAdminTypeComboBox-arrow\"]"}
COMMAND: POST /session/764ef295c8f44d2e14b184d73c4fb1a3/element/f.809832546CBCDBCC14053EE8D21219E9.d.BAF54B78A44E3D6C2893F654D218B4ED.e.10831/click - {}
RESULT: {}
COMMAND: POST /session/764ef295c8f44d2e14b184d73c4fb1a3/execute/async - {"script":"<script> [1562 bytes]","args":[{"selector":{"controlType":"sap.m.StandardListItem","viewName":"etm.portal.ui.managerequests.view.NewRequest","properties":{"title":"Cost Center"},"searchOpenDialogs":true,"interaction":{"idSuffix":"titleText"}},"wdio_ui5_key":"etmportal.ui.managerequests.view.NewRequestsap.m.StandardListItem{\"title\":\"Cost Center\"}"}]}
COMMAND: GET /session/764ef295c8f44d2e14b184d73c4fb1a3/screenshot - {}
RESULT: {"script":"<script> [1562 bytes]","args":[{"selector":{"controlType":"sap.m.StandardListItem","viewName":"etm.portal.ui.managerequests.view.NewRequest","properties":{"title":"Cost Center"},"searchOpenDialogs":true,"interaction":{"idSuffix":"titleText"}},"wdio_ui5_key":"etmportal.ui.managerequests.view.NewRequestsap.m.StandardListItem{\"title\":\"Cost Center\"}"}]}
RESULT: undefined
COMMAND: POST /session/764ef295c8f44d2e14b184d73c4fb1a3/element - {"using":"xpath","value":"//*[@id=\"__item405\"]"}
RESULT: {}
RESULT: {"using":"xpath","value":"//*[@id=\"__item405\"]"}
COMMAND: POST /session/764ef295c8f44d2e14b184d73c4fb1a3/element/f.809832546CBCDBCC14053EE8D21219E9.d.BAF54B78A44E3D6C2893F654D218B4ED.e.10833/click - {}
RESULT: {}
COMMAND: GET /session/764ef295c8f44d2e14b184d73c4fb1a3/screenshot - {}
RESULT: {}
COMMAND: POST /session/764ef295c8f44d2e14b184d73c4fb1a3/execute/async - {"script":"<script> [1562 bytes]","args":[{"selector":{"controlType":"sap.ui.core.Icon","viewName":"etm.portal.ui.managerequests.view.NewRequest","properties":{"src":{"regex":{"source":"value\\-help"}}},"searchOpenDialogs":true},"wdio_ui5_key":"etmportal.ui.managerequests.view.NewRequestsap.ui.core.Icon{\"src\":{\"regex\":{\"source\":\"value\\\\-help\"}}}"}]}
RESULT: {"script":"<script> [1562 bytes]","args":[{"selector":{"controlType":"sap.ui.core.Icon","viewName":"etm.portal.ui.managerequests.view.NewRequest","properties":{"src":{"regex":{"source":"value\\-help"}}},"searchOpenDialogs":true},"wdio_ui5_key":"etmportal.ui.managerequests.view.NewRequestsap.ui.core.Icon{\"src\":{\"regex\":{\"source\":\"value\\\\-help\"}}}"}]}
RESULT: undefined
COMMAND: POST /session/764ef295c8f44d2e14b184d73c4fb1a3/element - {"using":"xpath","value":"//*[@id=\"__xmlview60--costObjectIdComboBox-vhi\"]"}
RESULT: {"using":"xpath","value":"//*[@id=\"__xmlview60--costObjectIdComboBox-vhi\"]"}
COMMAND: POST /session/764ef295c8f44d2e14b184d73c4fb1a3/element/f.809832546CBCDBCC14053EE8D21219E9.d.BAF54B78A44E3D6C2893F654D218B4ED.e.10840/click - {}
RESULT: {}
COMMAND: POST /session/764ef295c8f44d2e14b184d73c4fb1a3/execute/async - {"script":"<script> [1562 bytes]","args":[{"selector":{"controlType":"sap.m.SearchField","properties":{"placeholder":"Search"},"searchOpenDialogs":true,"interaction":{"idSuffix":"I"}},"wdio_ui5_key":"sapm.SearchField{\"placeholder\":\"Search\"}"}]}
COMMAND: GET /session/764ef295c8f44d2e14b184d73c4fb1a3/screenshot - {}
RESULT: {"script":"<script> [1562 bytes]","args":[{"selector":{"controlType":"sap.m.SearchField","properties":{"placeholder":"Search"},"searchOpenDialogs":true,"interaction":{"idSuffix":"I"}},"wdio_ui5_key":"sapm.SearchField{\"placeholder\":\"Search\"}"}]}
RESULT: undefined
COMMAND: POST /session/764ef295c8f44d2e14b184d73c4fb1a3/execute/async - {"script":"<script> [776 bytes]","args":[{"enterText":"10001010","selector":{"controlType":"sap.m.SearchField","properties":{"placeholder":"Search"},"searchOpenDialogs":true,"interaction":{"idSuffix":"I"}},"clearTextFirst":true,"interactionType":"ENTER_TEXT"}]}
RESULT: {}
RESULT: {"script":"<script> [776 bytes]","args":[{"enterText":"10001010","selector":{"controlType":"sap.m.SearchField","properties":{"placeholder":"Search"},"searchOpenDialogs":true,"interaction":{"idSuffix":"I"}},"clearTextFirst":true,"interactionType":"ENTER_TEXT"}]}
COMMAND: POST /session/764ef295c8f44d2e14b184d73c4fb1a3/actions - {"actions":[{"id":"action89","type":"key","parameters":{},"actions":[{"type":"keyDown","value":""},{"type":"pause","duration":10},{"type":"keyUp","value":""}]}]}
RESULT: {"actions":[{"id":"action89","type":"key","parameters":{},"actions":[{"type":"keyDown","value":""},{"type":"pause","duration":10},{"type":"keyUp","value":""}]}]}
COMMAND: GET /session/764ef295c8f44d2e14b184d73c4fb1a3/screenshot - {}
RESULT: {}
COMMAND: POST /session/764ef295c8f44d2e14b184d73c4fb1a3/execute/async - {"script":"<script> [1562 bytes]","args":[{"selector":{"controlType":"sap.m.Text","bindingPath":{"path":"/C_CostCtrValueHelp(CostCenter='10001010',ControllingArea='Z001')","propertyPath":"CostCenterName","modelName":"CostCenterModel"},"searchOpenDialogs":true},"wdio_ui5_key":"sapm.Text{\"path\":\"/C_CostCtrValueHelp(CostCenter='10001010',ControllingArea='Z001')\",\"propertyPath\":\"CostCenterName\",\"modelName\":\"CostCenterModel\"}"}]}
RESULT: {"script":"<script> [1562 bytes]","args":[{"selector":{"controlType":"sap.m.Text","bindingPath":{"path":"/C_CostCtrValueHelp(CostCenter='10001010',ControllingArea='Z001')","propertyPath":"CostCenterName","modelName":"CostCenterModel"},"searchOpenDialogs":true},"wdio_ui5_key":"sapm.Text{\"path\":\"/C_CostCtrValueHelp(CostCenter='10001010',ControllingArea='Z001')\",\"propertyPath\":\"CostCenterName\",\"modelName\":\"CostCenterModel\"}"}]}
RESULT: undefined
COMMAND: POST /session/764ef295c8f44d2e14b184d73c4fb1a3/element - {"using":"xpath","value":"//*[@id=\"__text289-__clone527\"]"}
RESULT: {"using":"xpath","value":"//*[@id=\"__text289-__clone527\"]"}
COMMAND: POST /session/764ef295c8f44d2e14b184d73c4fb1a3/element/f.809832546CBCDBCC14053EE8D21219E9.d.BAF54B78A44E3D6C2893F654D218B4ED.e.10880/click - {}
RESULT: {}
COMMAND: POST /session/764ef295c8f44d2e14b184d73c4fb1a3/execute/async - {"script":"<script> [1562 bytes]","args":[{"selector":{"controlType":"sap.m.Button","properties":{"text":"OK"},"searchOpenDialogs":true,"interaction":{"idSuffix":"BDI-content"}},"wdio_ui5_key":"sapm.Button{\"text\":\"OK\"}"}]}
COMMAND: GET /session/764ef295c8f44d2e14b184d73c4fb1a3/screenshot - {}
RESULT: {"script":"<script> [1562 bytes]","args":[{"selector":{"controlType":"sap.m.Button","properties":{"text":"OK"},"searchOpenDialogs":true,"interaction":{"idSuffix":"BDI-content"}},"wdio_ui5_key":"sapm.Button{\"text\":\"OK\"}"}]}
RESULT: undefined
COMMAND: POST /session/764ef295c8f44d2e14b184d73c4fb1a3/element - {"using":"xpath","value":"//*[@id=\"__dialog1-ok\"]"}
RESULT: {}
RESULT: {"using":"xpath","value":"//*[@id=\"__dialog1-ok\"]"}
COMMAND: POST /session/764ef295c8f44d2e14b184d73c4fb1a3/element/f.809832546CBCDBCC14053EE8D21219E9.d.BAF54B78A44E3D6C2893F654D218B4ED.e.10882/click - {}
RESULT: {}
COMMAND: GET /session/764ef295c8f44d2e14b184d73c4fb1a3/screenshot - {}
RESULT: {}
COMMAND: POST /session/764ef295c8f44d2e14b184d73c4fb1a3/execute/async - {"script":"<script> [1562 bytes]","args":[{"selector":{"controlType":"sap.m.Button","viewName":"etm.portal.ui.managerequests.view.NewRequest","i18NText":{"propertyName":"text","key":"save"},"searchOpenDialogs":true,"interaction":{"idSuffix":"BDI-content"}},"wdio_ui5_key":"etmportal.ui.managerequests.view.NewRequestsap.m.Button{\"propertyName\":\"text\",\"key\":\"save\"}"}]}
RESULT: {"script":"<script> [1562 bytes]","args":[{"selector":{"controlType":"sap.m.Button","viewName":"etm.portal.ui.managerequests.view.NewRequest","i18NText":{"propertyName":"text","key":"save"},"searchOpenDialogs":true,"interaction":{"idSuffix":"BDI-content"}},"wdio_ui5_key":"etmportal.ui.managerequests.view.NewRequestsap.m.Button{\"propertyName\":\"text\",\"key\":\"save\"}"}]}
RESULT: undefined
COMMAND: POST /session/764ef295c8f44d2e14b184d73c4fb1a3/element - {"using":"xpath","value":"//*[@id=\"__button23\"]"}
RESULT: {"using":"xpath","value":"//*[@id=\"__button23\"]"}
COMMAND: POST /session/764ef295c8f44d2e14b184d73c4fb1a3/element/f.809832546CBCDBCC14053EE8D21219E9.d.BAF54B78A44E3D6C2893F654D218B4ED.e.10886/click - {}
RESULT: {}
COMMAND: GET /session/764ef295c8f44d2e14b184d73c4fb1a3/screenshot - {}
RESULT: {}
COMMAND: POST /session/764ef295c8f44d2e14b184d73c4fb1a3/element - {"using":"xpath","value":"(//bdi[contains(text() ,\"Save\")])[1]"}
RESULT: {"using":"xpath","value":"(//bdi[contains(text() ,\"Save\")])[1]"}
COMMAND: POST /session/764ef295c8f44d2e14b184d73c4fb1a3/element/f.809832546CBCDBCC14053EE8D21219E9.d.BAF54B78A44E3D6C2893F654D218B4ED.e.10889/click - {}
RESULT: {}
COMMAND: GET /session/764ef295c8f44d2e14b184d73c4fb1a3/screenshot - {}
RESULT: {}
COMMAND: POST /session/764ef295c8f44d2e14b184d73c4fb1a3/execute/async - {"script":"<script> [1562 bytes]","args":[{"selector":{"controlType":"sap.m.Title","properties":{"text":"Success"},"searchOpenDialogs":true},"wdio_ui5_key":"sapm.Title{\"text\":\"Success\"}"}]}
RESULT: {"script":"<script> [1562 bytes]","args":[{"selector":{"controlType":"sap.m.Title","properties":{"text":"Success"},"searchOpenDialogs":true},"wdio_ui5_key":"sapm.Title{\"text\":\"Success\"}"}]}
RESULT: undefined
COMMAND: POST /session/764ef295c8f44d2e14b184d73c4fb1a3/execute/async - {"script":"<script> [6424 bytes]","args":[{"element-6066-11e4-a52e-4f735466cecf":"f.809832546CBCDBCC14053EE8D21219E9.d.BAF54B78A44E3D6C2893F654D218B4ED.e.10892"},"getText",[]]}
RESULT: {"script":"<script> [6424 bytes]","args":[{"element-6066-11e4-a52e-4f735466cecf":"f.809832546CBCDBCC14053EE8D21219E9.d.BAF54B78A44E3D6C2893F654D218B4ED.e.10892"},"getText",[]]}
COMMAND: POST /session/764ef295c8f44d2e14b184d73c4fb1a3/execute/async - {"script":"<script> [1562 bytes]","args":[{"selector":{"controlType":"sap.m.Button","properties":{"text":"Close"},"searchOpenDialogs":true,"interaction":{"idSuffix":"BDI-content"}},"wdio_ui5_key":"sapm.Button{\"text\":\"Close\"}"}]}
RESULT: {"script":"<script> [1562 bytes]","args":[{"selector":{"controlType":"sap.m.Button","properties":{"text":"Close"},"searchOpenDialogs":true,"interaction":{"idSuffix":"BDI-content"}},"wdio_ui5_key":"sapm.Button{\"text\":\"Close\"}"}]}
RESULT: undefined
COMMAND: POST /session/764ef295c8f44d2e14b184d73c4fb1a3/element - {"using":"xpath","value":"//*[@id=\"__mbox-btn-0\"]"}
RESULT: {"using":"xpath","value":"//*[@id=\"__mbox-btn-0\"]"}
COMMAND: POST /session/764ef295c8f44d2e14b184d73c4fb1a3/element/f.809832546CBCDBCC14053EE8D21219E9.d.BAF54B78A44E3D6C2893F654D218B4ED.e.10891/click - {}
RESULT: {}
COMMAND: GET /session/764ef295c8f44d2e14b184d73c4fb1a3/screenshot - {}
RESULT: {}
COMMAND: POST /session/764ef295c8f44d2e14b184d73c4fb1a3/execute/async - {"script":"<script> [1562 bytes]","args":[{"selector":{"controlType":"sap.m.Text","viewName":"etm.portal.ui.managerequests.view.Detail","bindingPath":{"propertyPath":"NO","modelName":"catalogModel"}},"wdio_ui5_key":"etmportal.ui.managerequests.view.Detailsap.m.Text{\"propertyPath\":\"NO\",\"modelName\":\"catalogModel\"}"}]}
RESULT: {"script":"<script> [1562 bytes]","args":[{"selector":{"controlType":"sap.m.Text","viewName":"etm.portal.ui.managerequests.view.Detail","bindingPath":{"propertyPath":"NO","modelName":"catalogModel"}},"wdio_ui5_key":"etmportal.ui.managerequests.view.Detailsap.m.Text{\"propertyPath\":\"NO\",\"modelName\":\"catalogModel\"}"}]}
RESULT: undefined
COMMAND: POST /session/764ef295c8f44d2e14b184d73c4fb1a3/execute/async - {"script":"<script> [6424 bytes]","args":[{"element-6066-11e4-a52e-4f735466cecf":"f.809832546CBCDBCC14053EE8D21219E9.d.BAF54B78A44E3D6C2893F654D218B4ED.e.11018"},"getText",[]]}
RESULT: {"script":"<script> [6424 bytes]","args":[{"element-6066-11e4-a52e-4f735466cecf":"f.809832546CBCDBCC14053EE8D21219E9.d.BAF54B78A44E3D6C2893F654D218B4ED.e.11018"},"getText",[]]}
COMMAND: POST /session/764ef295c8f44d2e14b184d73c4fb1a3/execute/async - {"script":"<script> [1562 bytes]","args":[{"selector":{"controlType":"sap.ui.core.Icon","viewName":"etm.portal.ui.managerequests.view.Detail","properties":{"src":{"regex":{"source":"date\\-time"}}},"ancestor":{"controlType":"sap.m.ColumnListItem","viewName":"etm.portal.ui.managerequests.view.Detail","bindingPath":{"path":"/SmartRequestItemsPlanningBoard(ITEM=10m,REQUEST='20078')"},"ancestor":{"id":"requestItemsTable","viewName":"etm.portal.ui.managerequests.view.Detail"}}},"wdio_ui5_key":"etmportal.ui.managerequests.view.Detailsap.ui.core.Icon{\"src\":{\"regex\":{\"source\":\"date\\\\-time\"}}}{\"controlType\":\"sap.m.ColumnListItem\",\"viewName\":\"etm.portal.ui.managerequests.view.Detail\",\"bindingPath\":{\"path\":\"/SmartRequestItemsPlanningBoard(ITEM=10m,REQUEST='20078')\"},\"ancestor\":{\"id\":\"requestItemsTable\",\"viewName\":\"etm.portal.ui.managerequests.view.Detail\"}}"}]}
RESULT: {"script":"<script> [1562 bytes]","args":[{"selector":{"controlType":"sap.ui.core.Icon","viewName":"etm.portal.ui.managerequests.view.Detail","properties":{"src":{"regex":{"source":"date\\-time"}}},"ancestor":{"controlType":"sap.m.ColumnListItem","viewName":"etm.portal.ui.managerequests.view.Detail","bindingPath":{"path":"/SmartRequestItemsPlanningBoard(ITEM=10m,REQUEST='20078')"},"ancestor":{"id":"requestItemsTable","viewName":"etm.portal.ui.managerequests.view.Detail"}}},"wdio_ui5_key":"etmportal.ui.managerequests.view.Detailsap.ui.core.Icon{\"src\":{\"regex\":{\"source\":\"date\\\\-time\"}}}{\"controlType\":\"sap.m.ColumnListItem\",\"viewName\":\"etm.portal.ui.managerequests.view.Detail\",\"bindingPath\":{\"path\":\"/SmartRequestItemsPlanningBoard(ITEM=10m,REQUEST='20078')\"},\"ancestor\":{\"id\":\"requestItemsTable\",\"viewName\":\"etm.portal.ui.managerequests.view.Detail\"}}"}]}
RESULT: undefined
COMMAND: POST /session/764ef295c8f44d2e14b184d73c4fb1a3/element - {"using":"xpath","value":"//*[@id=\"__button38-__clone566-img\"]"}
RESULT: {"using":"xpath","value":"//*[@id=\"__button38-__clone566-img\"]"}
COMMAND: POST /session/764ef295c8f44d2e14b184d73c4fb1a3/element/f.809832546CBCDBCC14053EE8D21219E9.d.BAF54B78A44E3D6C2893F654D218B4ED.e.11019/click - {}
RESULT: {}
COMMAND: POST /session/764ef295c8f44d2e14b184d73c4fb1a3/execute/async - {"script":"<script> [1562 bytes]","args":[{"selector":{"controlType":"sap.m.Button","viewName":"etm.portal.ui.managerequests.view.Detail","properties":{"text":"Close"},"searchOpenDialogs":true,"interaction":{"idSuffix":"BDI-content"}},"wdio_ui5_key":"etmportal.ui.managerequests.view.Detailsap.m.Button{\"text\":\"Close\"}"}]}
COMMAND: GET /session/764ef295c8f44d2e14b184d73c4fb1a3/screenshot - {}
RESULT: {"script":"<script> [1562 bytes]","args":[{"selector":{"controlType":"sap.m.Button","viewName":"etm.portal.ui.managerequests.view.Detail","properties":{"text":"Close"},"searchOpenDialogs":true,"interaction":{"idSuffix":"BDI-content"}},"wdio_ui5_key":"etmportal.ui.managerequests.view.Detailsap.m.Button{\"text\":\"Close\"}"}]}
RESULT: undefined
COMMAND: POST /session/764ef295c8f44d2e14b184d73c4fb1a3/element - {"using":"xpath","value":"//*[@id=\"__button48\"]"}
RESULT: {}
RESULT: {"using":"xpath","value":"//*[@id=\"__button48\"]"}
COMMAND: POST /session/764ef295c8f44d2e14b184d73c4fb1a3/element/f.809832546CBCDBCC14053EE8D21219E9.d.BAF54B78A44E3D6C2893F654D218B4ED.e.11022/click - {}
RESULT: {}
COMMAND: GET /session/764ef295c8f44d2e14b184d73c4fb1a3/screenshot - {}
RESULT: {}
COMMAND: POST /session/764ef295c8f44d2e14b184d73c4fb1a3/refresh - {}
RESULT: {}
COMMAND: GET /session/764ef295c8f44d2e14b184d73c4fb1a3/screenshot - {}
RESULT: {}
COMMAND: POST /session/764ef295c8f44d2e14b184d73c4fb1a3/execute/async - {"script":"<script> [189 bytes]","args":[]}
RESULT: {"script":"<script> [189 bytes]","args":[]}
COMMAND: POST /session/764ef295c8f44d2e14b184d73c4fb1a3/execute/async - {"script":"<script> [123 bytes]","args":[]}
RESULT: {"script":"<script> [123 bytes]","args":[]}
COMMAND: POST /session/764ef295c8f44d2e14b184d73c4fb1a3/timeouts - {"script":"<number>"}
RESULT: {"script":"<number>"}
COMMAND: GET /session/764ef295c8f44d2e14b184d73c4fb1a3/timeouts - {}
RESULT: {}
RESULT: undefined
COMMAND: POST /session/764ef295c8f44d2e14b184d73c4fb1a3/execute/async - {"script":"<script> [2676 bytes]","args":[]}
RESULT: {"script":"<script> [2676 bytes]","args":[]}
COMMAND: POST /session/764ef295c8f44d2e14b184d73c4fb1a3/execute/async - {"script":"<script> [2342 bytes]","args":[{"protocol":"http","hostname":"0.0.0.0","path":"/","capabilities":{"browserName":"chrome","goog:chromeOptions":{"binary":"C:\\Program Files\\Google\\Chrome\\Application\\chrome.exe","args":["--start-maximized"]}},"logLevel":"warn","connectionRetryTimeout":120000,"connectionRetryCount":3,"logLevels":{},"enableDirectConnect":true,"strictSSL":true,"_":"65 more keys: [\"cacheDir\",\"port\",\"requestedCapabilities\",\"automationProtocol\",\"baseUrl\",\"waitforInterval\",\"waitforTimeout\",\"onReload\",\"beforeCommand\",\"afterCommand\",\"rootDir\",\"specs\",\"suites\",\"exclude\",\"groupLogsByTestSpec\",\"excludeDriverLogs\",\"bail\",\"framework\",\"reporters\",\"services\",\"maxInstances\",\"maxInstancesPerCapability\",\"injectGlobals\",\"filesToWatch\",\"execArgv\",\"runnerEnv\",\"runner\",\"shard\",\"specFileRetries\",\"specFileRetriesDelay\",\"specFileRetriesDeferred\",\"reporterSyncInterval\",\"reporterSyncTimeout\",\"cucumberFeaturesWithLineNumbers\",\"autoCompileOpts\",\"mochaOpts\",\"jasmineOpts\",\"cucumberOpts\",\"onPrepare\",\"onWorkerStart\",\"onWorkerEnd\",\"before\",\"beforeSession\",\"beforeSuite\",\"beforeHook\",\"beforeTest\",\"afterTest\",\"afterHook\",\"afterSuite\",\"afterSession\",\"after\",\"onComplete\",\"beforeAssertion\",\"afterAssertion\",\"beforeFeature\",\"beforeScenario\",\"beforeStep\",\"afterStep\",\"afterScenario\",\"afterFeature\",\"_\",\"suite\",\"$0\",\"ignoredWorkerServices\",\"wdi5\"]"}]}
RESULT: {"script":"<script> [2342 bytes]","args":[{"protocol":"http","hostname":"0.0.0.0","path":"/","capabilities":{"browserName":"chrome","goog:chromeOptions":{"binary":"C:\\Program Files\\Google\\Chrome\\Application\\chrome.exe","args":["--start-maximized"]}},"logLevel":"warn","connectionRetryTimeout":120000,"connectionRetryCount":3,"logLevels":{},"enableDirectConnect":true,"strictSSL":true,"_":"65 more keys: [\"cacheDir\",\"port\",\"requestedCapabilities\",\"automationProtocol\",\"baseUrl\",\"waitforInterval\",\"waitforTimeout\",\"onReload\",\"beforeCommand\",\"afterCommand\",\"rootDir\",\"specs\",\"suites\",\"exclude\",\"groupLogsByTestSpec\",\"excludeDriverLogs\",\"bail\",\"framework\",\"reporters\",\"services\",\"maxInstances\",\"maxInstancesPerCapability\",\"injectGlobals\",\"filesToWatch\",\"execArgv\",\"runnerEnv\",\"runner\",\"shard\",\"specFileRetries\",\"specFileRetriesDelay\",\"specFileRetriesDeferred\",\"reporterSyncInterval\",\"reporterSyncTimeout\",\"cucumberFeaturesWithLineNumbers\",\"autoCompileOpts\",\"mochaOpts\",\"jasmineOpts\",\"cucumberOpts\",\"onPrepare\",\"onWorkerStart\",\"onWorkerEnd\",\"before\",\"beforeSession\",\"beforeSuite\",\"beforeHook\",\"beforeTest\",\"afterTest\",\"afterHook\",\"afterSuite\",\"afterSession\",\"after\",\"onComplete\",\"beforeAssertion\",\"afterAssertion\",\"beforeFeature\",\"beforeScenario\",\"beforeStep\",\"afterStep\",\"afterScenario\",\"afterFeature\",\"_\",\"suite\",\"$0\",\"ignoredWorkerServices\",\"wdi5\"]"}]}
COMMAND: POST /session/764ef295c8f44d2e14b184d73c4fb1a3/execute/async - {"script":"<script> [21126 bytes]","args":[35000]}
RESULT: {"script":"<script> [21126 bytes]","args":[35000]}
]]></system-out>
    </testcase>
    <testcase classname="chrome.137_0_7151_69.windows.Process_request_items_into_an_existing_quotation_US120163" name="Should process the request into an existing quotation" time="71.146">
      <system-out><![CDATA[
COMMAND: GET /session/764ef295c8f44d2e14b184d73c4fb1a3/window - {}
RESULT: {}
COMMAND: POST /session/764ef295c8f44d2e14b184d73c4fb1a3/element - {"using":"xpath","value":"//span[contains(@id ,\"detailHeaderTitle-_actionsToolbar-overflowButton-img\")]"}
RESULT: {"using":"xpath","value":"//span[contains(@id ,\"detailHeaderTitle-_actionsToolbar-overflowButton-img\")]"}
COMMAND: POST /session/764ef295c8f44d2e14b184d73c4fb1a3/element/f.809832546CBCDBCC14053EE8D21219E9.d.2692175565303C7B7491BE55323AF58D.e.11247/click - {}
RESULT: {}
COMMAND: GET /session/764ef295c8f44d2e14b184d73c4fb1a3/screenshot - {}
RESULT: {}
COMMAND: POST /session/764ef295c8f44d2e14b184d73c4fb1a3/element - {"using":"xpath","value":"//span[contains(@id ,\"actionsMenuButton-internalSplitBtn-arrowButton-img\")]"}
RESULT: {"using":"xpath","value":"//span[contains(@id ,\"actionsMenuButton-internalSplitBtn-arrowButton-img\")]"}
COMMAND: POST /session/764ef295c8f44d2e14b184d73c4fb1a3/element/f.809832546CBCDBCC14053EE8D21219E9.d.2692175565303C7B7491BE55323AF58D.e.11251/click - {}
RESULT: {}
COMMAND: GET /session/764ef295c8f44d2e14b184d73c4fb1a3/screenshot - {}
RESULT: {}
COMMAND: POST /session/764ef295c8f44d2e14b184d73c4fb1a3/actions - {"actions":[{"id":"action90","type":"key","parameters":{},"actions":[{"type":"keyDown","value":""},{"type":"pause","duration":10},{"type":"keyUp","value":""}]}]}
RESULT: {"actions":[{"id":"action90","type":"key","parameters":{},"actions":[{"type":"keyDown","value":""},{"type":"pause","duration":10},{"type":"keyUp","value":""}]}]}
COMMAND: GET /session/764ef295c8f44d2e14b184d73c4fb1a3/screenshot - {}
RESULT: {}
COMMAND: POST /session/764ef295c8f44d2e14b184d73c4fb1a3/actions - {"actions":[{"id":"action91","type":"key","parameters":{},"actions":[{"type":"keyDown","value":""},{"type":"pause","duration":10},{"type":"keyUp","value":""}]}]}
RESULT: {"actions":[{"id":"action91","type":"key","parameters":{},"actions":[{"type":"keyDown","value":""},{"type":"pause","duration":10},{"type":"keyUp","value":""}]}]}
COMMAND: GET /session/764ef295c8f44d2e14b184d73c4fb1a3/screenshot - {}
RESULT: {}
COMMAND: POST /session/764ef295c8f44d2e14b184d73c4fb1a3/actions - {"actions":[{"id":"action92","type":"key","parameters":{},"actions":[{"type":"keyDown","value":""},{"type":"pause","duration":10},{"type":"keyUp","value":""}]}]}
RESULT: {"actions":[{"id":"action92","type":"key","parameters":{},"actions":[{"type":"keyDown","value":""},{"type":"pause","duration":10},{"type":"keyUp","value":""}]}]}
COMMAND: GET /session/764ef295c8f44d2e14b184d73c4fb1a3/screenshot - {}
RESULT: {}
COMMAND: POST /session/764ef295c8f44d2e14b184d73c4fb1a3/actions - {"actions":[{"id":"action93","type":"key","parameters":{},"actions":[{"type":"keyDown","value":""},{"type":"pause","duration":10},{"type":"keyUp","value":""}]}]}
RESULT: {"actions":[{"id":"action93","type":"key","parameters":{},"actions":[{"type":"keyDown","value":""},{"type":"pause","duration":10},{"type":"keyUp","value":""}]}]}
COMMAND: GET /session/764ef295c8f44d2e14b184d73c4fb1a3/screenshot - {}
RESULT: {}
COMMAND: POST /session/764ef295c8f44d2e14b184d73c4fb1a3/element - {"using":"xpath","value":"//input[contains(@id ,\"quotationsSearchField-I\")]"}
RESULT: {"using":"xpath","value":"//input[contains(@id ,\"quotationsSearchField-I\")]"}
COMMAND: POST /session/764ef295c8f44d2e14b184d73c4fb1a3/element/f.809832546CBCDBCC14053EE8D21219E9.d.2692175565303C7B7491BE55323AF58D.e.11254/clear - {}
RESULT: {}
COMMAND: POST /session/764ef295c8f44d2e14b184d73c4fb1a3/element/f.809832546CBCDBCC14053EE8D21219E9.d.2692175565303C7B7491BE55323AF58D.e.11254/value - {"text":"WdIOQuotation7u7dv"}
COMMAND: GET /session/764ef295c8f44d2e14b184d73c4fb1a3/screenshot - {}
RESULT: {"text":"WdIOQuotation7u7dv"}
COMMAND: GET /session/764ef295c8f44d2e14b184d73c4fb1a3/screenshot - {}
RESULT: {}
RESULT: {}
COMMAND: POST /session/764ef295c8f44d2e14b184d73c4fb1a3/actions - {"actions":[{"id":"action94","type":"key","parameters":{},"actions":[{"type":"keyDown","value":""},{"type":"pause","duration":10},{"type":"keyUp","value":""}]}]}
RESULT: {"actions":[{"id":"action94","type":"key","parameters":{},"actions":[{"type":"keyDown","value":""},{"type":"pause","duration":10},{"type":"keyUp","value":""}]}]}
COMMAND: GET /session/764ef295c8f44d2e14b184d73c4fb1a3/screenshot - {}
RESULT: {}
COMMAND: POST /session/764ef295c8f44d2e14b184d73c4fb1a3/element - {"using":"xpath","value":"//div[contains(@id ,\"selectSingle\")]"}
RESULT: {"using":"xpath","value":"//div[contains(@id ,\"selectSingle\")]"}
COMMAND: POST /session/764ef295c8f44d2e14b184d73c4fb1a3/element/f.809832546CBCDBCC14053EE8D21219E9.d.2692175565303C7B7491BE55323AF58D.e.11258/click - {}
RESULT: {}
COMMAND: GET /session/764ef295c8f44d2e14b184d73c4fb1a3/screenshot - {}
RESULT: {}
COMMAND: POST /session/764ef295c8f44d2e14b184d73c4fb1a3/element - {"using":"xpath","value":"//bdi[contains(text() ,\"Selection Done\")]"}
RESULT: {"using":"xpath","value":"//bdi[contains(text() ,\"Selection Done\")]"}
COMMAND: POST /session/764ef295c8f44d2e14b184d73c4fb1a3/element/f.809832546CBCDBCC14053EE8D21219E9.d.2692175565303C7B7491BE55323AF58D.e.11264/click - {}
RESULT: {}
COMMAND: GET /session/764ef295c8f44d2e14b184d73c4fb1a3/screenshot - {}
RESULT: {}
COMMAND: POST /session/764ef295c8f44d2e14b184d73c4fb1a3/actions - {"actions":[{"id":"action95","type":"key","parameters":{},"actions":[{"type":"keyDown","value":""},{"type":"pause","duration":10},{"type":"keyUp","value":""}]}]}
RESULT: {"actions":[{"id":"action95","type":"key","parameters":{},"actions":[{"type":"keyDown","value":""},{"type":"pause","duration":10},{"type":"keyUp","value":""}]}]}
COMMAND: GET /session/764ef295c8f44d2e14b184d73c4fb1a3/screenshot - {}
RESULT: {}
COMMAND: POST /session/764ef295c8f44d2e14b184d73c4fb1a3/actions - {"actions":[{"id":"action96","type":"key","parameters":{},"actions":[{"type":"keyDown","value":""},{"type":"pause","duration":10},{"type":"keyUp","value":""}]}]}
RESULT: {"actions":[{"id":"action96","type":"key","parameters":{},"actions":[{"type":"keyDown","value":""},{"type":"pause","duration":10},{"type":"keyUp","value":""}]}]}
COMMAND: GET /session/764ef295c8f44d2e14b184d73c4fb1a3/screenshot - {}
RESULT: {}
COMMAND: GET /session/764ef295c8f44d2e14b184d73c4fb1a3/window/handles - {}
RESULT: {}
COMMAND: GET /session/764ef295c8f44d2e14b184d73c4fb1a3/window/handles - {}
RESULT: {}
COMMAND: POST /session/764ef295c8f44d2e14b184d73c4fb1a3/window - {"handle":"DF411825FD1F965965DFB3262AA08CAE"}
RESULT: {"handle":"DF411825FD1F965965DFB3262AA08CAE"}
COMMAND: GET /session/764ef295c8f44d2e14b184d73c4fb1a3/url - {}
RESULT: {}
COMMAND: GET /session/764ef295c8f44d2e14b184d73c4fb1a3/screenshot - {}
RESULT: {}
COMMAND: POST /session/764ef295c8f44d2e14b184d73c4fb1a3/element - {"using":"xpath","value":"//span[contains(text(), \"Header Billing Items\")]"}
RESULT: {"using":"xpath","value":"//span[contains(text(), \"Header Billing Items\")]"}
COMMAND: POST /session/764ef295c8f44d2e14b184d73c4fb1a3/element/f.DF411825FD1F965965DFB3262AA08CAE.d.0AA931170AF3DEED49B3238FAE1D44B5.e.11479/click - {}
RESULT: {}
COMMAND: GET /session/764ef295c8f44d2e14b184d73c4fb1a3/screenshot - {}
RESULT: {}
COMMAND: POST /session/764ef295c8f44d2e14b184d73c4fb1a3/element - {"using":"xpath","value":"//span[contains(@id ,\"contractItemsSmartTable-header-inner\")]"}
RESULT: {"using":"xpath","value":"//span[contains(@id ,\"contractItemsSmartTable-header-inner\")]"}
COMMAND: GET /session/764ef295c8f44d2e14b184d73c4fb1a3/element/f.DF411825FD1F965965DFB3262AA08CAE.d.0AA931170AF3DEED49B3238FAE1D44B5.e.11481/text - {}
RESULT: {}
COMMAND: POST /session/764ef295c8f44d2e14b184d73c4fb1a3/element - {"using":"xpath","value":"//span[@class=\"sapMObjStatusText\"][contains(text(), \"proposed\")]"}
RESULT: {"using":"xpath","value":"//span[@class=\"sapMObjStatusText\"][contains(text(), \"proposed\")]"}
COMMAND: GET /session/764ef295c8f44d2e14b184d73c4fb1a3/element/f.DF411825FD1F965965DFB3262AA08CAE.d.0AA931170AF3DEED49B3238FAE1D44B5.e.11482/text - {}
RESULT: {}
COMMAND: DELETE /session/764ef295c8f44d2e14b184d73c4fb1a3/window - {}
RESULT: {}
COMMAND: POST /session/764ef295c8f44d2e14b184d73c4fb1a3/window - {"handle":"809832546CBCDBCC14053EE8D21219E9"}
RESULT: {"handle":"809832546CBCDBCC14053EE8D21219E9"}
COMMAND: GET /session/764ef295c8f44d2e14b184d73c4fb1a3/url - {}
RESULT: {}
COMMAND: GET /session/764ef295c8f44d2e14b184d73c4fb1a3/screenshot - {}
RESULT: {}
]]></system-out>
    </testcase>
    <testcase classname="chrome.137_0_7151_69.windows.Process_request_items_into_an_existing_quotation_US120163" name="Should navigate back to the request and check the request and item statuses" time="31.428">
      <system-out><![CDATA[
COMMAND: POST /session/764ef295c8f44d2e14b184d73c4fb1a3/refresh - {}
RESULT: {}
COMMAND: GET /session/764ef295c8f44d2e14b184d73c4fb1a3/screenshot - {}
RESULT: {}
COMMAND: POST /session/764ef295c8f44d2e14b184d73c4fb1a3/execute/async - {"script":"<script> [189 bytes]","args":[]}
RESULT: {"script":"<script> [189 bytes]","args":[]}
COMMAND: POST /session/764ef295c8f44d2e14b184d73c4fb1a3/execute/async - {"script":"<script> [123 bytes]","args":[]}
RESULT: {"script":"<script> [123 bytes]","args":[]}
COMMAND: POST /session/764ef295c8f44d2e14b184d73c4fb1a3/timeouts - {"script":"<number>"}
RESULT: {"script":"<number>"}
COMMAND: GET /session/764ef295c8f44d2e14b184d73c4fb1a3/timeouts - {}
RESULT: {}
RESULT: undefined
COMMAND: POST /session/764ef295c8f44d2e14b184d73c4fb1a3/execute/async - {"script":"<script> [2676 bytes]","args":[]}
RESULT: {"script":"<script> [2676 bytes]","args":[]}
COMMAND: POST /session/764ef295c8f44d2e14b184d73c4fb1a3/execute/async - {"script":"<script> [2342 bytes]","args":[{"protocol":"http","hostname":"0.0.0.0","path":"/","capabilities":{"browserName":"chrome","goog:chromeOptions":{"binary":"C:\\Program Files\\Google\\Chrome\\Application\\chrome.exe","args":["--start-maximized"]}},"logLevel":"warn","connectionRetryTimeout":120000,"connectionRetryCount":3,"logLevels":{},"enableDirectConnect":true,"strictSSL":true,"_":"65 more keys: [\"cacheDir\",\"port\",\"requestedCapabilities\",\"automationProtocol\",\"baseUrl\",\"waitforInterval\",\"waitforTimeout\",\"onReload\",\"beforeCommand\",\"afterCommand\",\"rootDir\",\"specs\",\"suites\",\"exclude\",\"groupLogsByTestSpec\",\"excludeDriverLogs\",\"bail\",\"framework\",\"reporters\",\"services\",\"maxInstances\",\"maxInstancesPerCapability\",\"injectGlobals\",\"filesToWatch\",\"execArgv\",\"runnerEnv\",\"runner\",\"shard\",\"specFileRetries\",\"specFileRetriesDelay\",\"specFileRetriesDeferred\",\"reporterSyncInterval\",\"reporterSyncTimeout\",\"cucumberFeaturesWithLineNumbers\",\"autoCompileOpts\",\"mochaOpts\",\"jasmineOpts\",\"cucumberOpts\",\"onPrepare\",\"onWorkerStart\",\"onWorkerEnd\",\"before\",\"beforeSession\",\"beforeSuite\",\"beforeHook\",\"beforeTest\",\"afterTest\",\"afterHook\",\"afterSuite\",\"afterSession\",\"after\",\"onComplete\",\"beforeAssertion\",\"afterAssertion\",\"beforeFeature\",\"beforeScenario\",\"beforeStep\",\"afterStep\",\"afterScenario\",\"afterFeature\",\"_\",\"suite\",\"$0\",\"ignoredWorkerServices\",\"wdi5\"]"}]}
RESULT: {"script":"<script> [2342 bytes]","args":[{"protocol":"http","hostname":"0.0.0.0","path":"/","capabilities":{"browserName":"chrome","goog:chromeOptions":{"binary":"C:\\Program Files\\Google\\Chrome\\Application\\chrome.exe","args":["--start-maximized"]}},"logLevel":"warn","connectionRetryTimeout":120000,"connectionRetryCount":3,"logLevels":{},"enableDirectConnect":true,"strictSSL":true,"_":"65 more keys: [\"cacheDir\",\"port\",\"requestedCapabilities\",\"automationProtocol\",\"baseUrl\",\"waitforInterval\",\"waitforTimeout\",\"onReload\",\"beforeCommand\",\"afterCommand\",\"rootDir\",\"specs\",\"suites\",\"exclude\",\"groupLogsByTestSpec\",\"excludeDriverLogs\",\"bail\",\"framework\",\"reporters\",\"services\",\"maxInstances\",\"maxInstancesPerCapability\",\"injectGlobals\",\"filesToWatch\",\"execArgv\",\"runnerEnv\",\"runner\",\"shard\",\"specFileRetries\",\"specFileRetriesDelay\",\"specFileRetriesDeferred\",\"reporterSyncInterval\",\"reporterSyncTimeout\",\"cucumberFeaturesWithLineNumbers\",\"autoCompileOpts\",\"mochaOpts\",\"jasmineOpts\",\"cucumberOpts\",\"onPrepare\",\"onWorkerStart\",\"onWorkerEnd\",\"before\",\"beforeSession\",\"beforeSuite\",\"beforeHook\",\"beforeTest\",\"afterTest\",\"afterHook\",\"afterSuite\",\"afterSession\",\"after\",\"onComplete\",\"beforeAssertion\",\"afterAssertion\",\"beforeFeature\",\"beforeScenario\",\"beforeStep\",\"afterStep\",\"afterScenario\",\"afterFeature\",\"_\",\"suite\",\"$0\",\"ignoredWorkerServices\",\"wdi5\"]"}]}
COMMAND: POST /session/764ef295c8f44d2e14b184d73c4fb1a3/execute/async - {"script":"<script> [21126 bytes]","args":[35000]}
RESULT: {"script":"<script> [21126 bytes]","args":[35000]}
COMMAND: POST /session/764ef295c8f44d2e14b184d73c4fb1a3/execute/async - {"script":"<script> [1562 bytes]","args":[{"selector":{"controlType":"sap.m.Text","viewName":"etm.portal.ui.managerequests.view.Detail","bindingPath":{"path":"/SmartRequestItemsPlanningBoard(ITEM=10m,REQUEST='20078')","propertyPath":"STATUS_DESC"}},"wdio_ui5_key":"etmportal.ui.managerequests.view.Detailsap.m.Text{\"path\":\"/SmartRequestItemsPlanningBoard(ITEM=10m,REQUEST='20078')\",\"propertyPath\":\"STATUS_DESC\"}"}]}
RESULT: {"script":"<script> [1562 bytes]","args":[{"selector":{"controlType":"sap.m.Text","viewName":"etm.portal.ui.managerequests.view.Detail","bindingPath":{"path":"/SmartRequestItemsPlanningBoard(ITEM=10m,REQUEST='20078')","propertyPath":"STATUS_DESC"}},"wdio_ui5_key":"etmportal.ui.managerequests.view.Detailsap.m.Text{\"path\":\"/SmartRequestItemsPlanningBoard(ITEM=10m,REQUEST='20078')\",\"propertyPath\":\"STATUS_DESC\"}"}]}
RESULT: undefined
COMMAND: POST /session/764ef295c8f44d2e14b184d73c4fb1a3/execute/async - {"script":"<script> [6424 bytes]","args":[{"element-6066-11e4-a52e-4f735466cecf":"f.809832546CBCDBCC14053EE8D21219E9.d.6A24EDD848FA01D214F0A196D04724A6.e.11697"},"getText",[]]}
RESULT: {"script":"<script> [6424 bytes]","args":[{"element-6066-11e4-a52e-4f735466cecf":"f.809832546CBCDBCC14053EE8D21219E9.d.6A24EDD848FA01D214F0A196D04724A6.e.11697"},"getText",[]]}
COMMAND: POST /session/764ef295c8f44d2e14b184d73c4fb1a3/execute/async - {"script":"<script> [1562 bytes]","args":[{"selector":{"controlType":"sap.m.ObjectStatus","viewName":"etm.portal.ui.managerequests.view.Detail","bindingPath":{"path":"/RequestHeaders('20078')","propertyPath":"LINK_TO_STATUS/DESCRIPTION","modelName":"catalogModel"}},"wdio_ui5_key":"etmportal.ui.managerequests.view.Detailsap.m.ObjectStatus{\"path\":\"/RequestHeaders('20078')\",\"propertyPath\":\"LINK_TO_STATUS/DESCRIPTION\",\"modelName\":\"catalogModel\"}"}]}
RESULT: {"script":"<script> [1562 bytes]","args":[{"selector":{"controlType":"sap.m.ObjectStatus","viewName":"etm.portal.ui.managerequests.view.Detail","bindingPath":{"path":"/RequestHeaders('20078')","propertyPath":"LINK_TO_STATUS/DESCRIPTION","modelName":"catalogModel"}},"wdio_ui5_key":"etmportal.ui.managerequests.view.Detailsap.m.ObjectStatus{\"path\":\"/RequestHeaders('20078')\",\"propertyPath\":\"LINK_TO_STATUS/DESCRIPTION\",\"modelName\":\"catalogModel\"}"}]}
RESULT: undefined
COMMAND: POST /session/764ef295c8f44d2e14b184d73c4fb1a3/execute/async - {"script":"<script> [6424 bytes]","args":[{"element-6066-11e4-a52e-4f735466cecf":"f.809832546CBCDBCC14053EE8D21219E9.d.6A24EDD848FA01D214F0A196D04724A6.e.11698"},"getText",[]]}
RESULT: {"script":"<script> [6424 bytes]","args":[{"element-6066-11e4-a52e-4f735466cecf":"f.809832546CBCDBCC14053EE8D21219E9.d.6A24EDD848FA01D214F0A196D04724A6.e.11698"},"getText",[]]}
COMMAND: POST /session/764ef295c8f44d2e14b184d73c4fb1a3/element - {"using":"css selector","value":"#shell-header-logo"}
RESULT: {"using":"css selector","value":"#shell-header-logo"}
COMMAND: POST /session/764ef295c8f44d2e14b184d73c4fb1a3/element/f.809832546CBCDBCC14053EE8D21219E9.d.6A24EDD848FA01D214F0A196D04724A6.e.11490/click - {}
RESULT: {}
COMMAND: GET /session/764ef295c8f44d2e14b184d73c4fb1a3/screenshot - {}
RESULT: {}
COMMAND: POST /session/764ef295c8f44d2e14b184d73c4fb1a3/refresh - {}
RESULT: {}
COMMAND: GET /session/764ef295c8f44d2e14b184d73c4fb1a3/screenshot - {}
RESULT: {}
COMMAND: POST /session/764ef295c8f44d2e14b184d73c4fb1a3/execute/async - {"script":"<script> [189 bytes]","args":[]}
RESULT: {"script":"<script> [189 bytes]","args":[]}
COMMAND: POST /session/764ef295c8f44d2e14b184d73c4fb1a3/execute/async - {"script":"<script> [123 bytes]","args":[]}
RESULT: {"script":"<script> [123 bytes]","args":[]}
COMMAND: POST /session/764ef295c8f44d2e14b184d73c4fb1a3/timeouts - {"script":"<number>"}
RESULT: {"script":"<number>"}
COMMAND: GET /session/764ef295c8f44d2e14b184d73c4fb1a3/timeouts - {}
RESULT: {}
RESULT: undefined
COMMAND: POST /session/764ef295c8f44d2e14b184d73c4fb1a3/execute/async - {"script":"<script> [2676 bytes]","args":[]}
RESULT: {"script":"<script> [2676 bytes]","args":[]}
COMMAND: POST /session/764ef295c8f44d2e14b184d73c4fb1a3/execute/async - {"script":"<script> [2342 bytes]","args":[{"protocol":"http","hostname":"0.0.0.0","path":"/","capabilities":{"browserName":"chrome","goog:chromeOptions":{"binary":"C:\\Program Files\\Google\\Chrome\\Application\\chrome.exe","args":["--start-maximized"]}},"logLevel":"warn","connectionRetryTimeout":120000,"connectionRetryCount":3,"logLevels":{},"enableDirectConnect":true,"strictSSL":true,"_":"65 more keys: [\"cacheDir\",\"port\",\"requestedCapabilities\",\"automationProtocol\",\"baseUrl\",\"waitforInterval\",\"waitforTimeout\",\"onReload\",\"beforeCommand\",\"afterCommand\",\"rootDir\",\"specs\",\"suites\",\"exclude\",\"groupLogsByTestSpec\",\"excludeDriverLogs\",\"bail\",\"framework\",\"reporters\",\"services\",\"maxInstances\",\"maxInstancesPerCapability\",\"injectGlobals\",\"filesToWatch\",\"execArgv\",\"runnerEnv\",\"runner\",\"shard\",\"specFileRetries\",\"specFileRetriesDelay\",\"specFileRetriesDeferred\",\"reporterSyncInterval\",\"reporterSyncTimeout\",\"cucumberFeaturesWithLineNumbers\",\"autoCompileOpts\",\"mochaOpts\",\"jasmineOpts\",\"cucumberOpts\",\"onPrepare\",\"onWorkerStart\",\"onWorkerEnd\",\"before\",\"beforeSession\",\"beforeSuite\",\"beforeHook\",\"beforeTest\",\"afterTest\",\"afterHook\",\"afterSuite\",\"afterSession\",\"after\",\"onComplete\",\"beforeAssertion\",\"afterAssertion\",\"beforeFeature\",\"beforeScenario\",\"beforeStep\",\"afterStep\",\"afterScenario\",\"afterFeature\",\"_\",\"suite\",\"$0\",\"ignoredWorkerServices\",\"wdi5\"]"}]}
RESULT: {"script":"<script> [2342 bytes]","args":[{"protocol":"http","hostname":"0.0.0.0","path":"/","capabilities":{"browserName":"chrome","goog:chromeOptions":{"binary":"C:\\Program Files\\Google\\Chrome\\Application\\chrome.exe","args":["--start-maximized"]}},"logLevel":"warn","connectionRetryTimeout":120000,"connectionRetryCount":3,"logLevels":{},"enableDirectConnect":true,"strictSSL":true,"_":"65 more keys: [\"cacheDir\",\"port\",\"requestedCapabilities\",\"automationProtocol\",\"baseUrl\",\"waitforInterval\",\"waitforTimeout\",\"onReload\",\"beforeCommand\",\"afterCommand\",\"rootDir\",\"specs\",\"suites\",\"exclude\",\"groupLogsByTestSpec\",\"excludeDriverLogs\",\"bail\",\"framework\",\"reporters\",\"services\",\"maxInstances\",\"maxInstancesPerCapability\",\"injectGlobals\",\"filesToWatch\",\"execArgv\",\"runnerEnv\",\"runner\",\"shard\",\"specFileRetries\",\"specFileRetriesDelay\",\"specFileRetriesDeferred\",\"reporterSyncInterval\",\"reporterSyncTimeout\",\"cucumberFeaturesWithLineNumbers\",\"autoCompileOpts\",\"mochaOpts\",\"jasmineOpts\",\"cucumberOpts\",\"onPrepare\",\"onWorkerStart\",\"onWorkerEnd\",\"before\",\"beforeSession\",\"beforeSuite\",\"beforeHook\",\"beforeTest\",\"afterTest\",\"afterHook\",\"afterSuite\",\"afterSession\",\"after\",\"onComplete\",\"beforeAssertion\",\"afterAssertion\",\"beforeFeature\",\"beforeScenario\",\"beforeStep\",\"afterStep\",\"afterScenario\",\"afterFeature\",\"_\",\"suite\",\"$0\",\"ignoredWorkerServices\",\"wdi5\"]"}]}
COMMAND: POST /session/764ef295c8f44d2e14b184d73c4fb1a3/execute/async - {"script":"<script> [21126 bytes]","args":[35000]}
RESULT: {"script":"<script> [21126 bytes]","args":[35000]}
]]></system-out>
    </testcase>
  </testsuite>
  <testsuite timestamp="2025-06-13T16:16:58" time="300.736" tests="3" failures="0" errors="0" skipped="0">
    <properties>
      <property name="specId" value="0"/>
      <property name="suiteName" value="Process request items into new quotation US120163"/>
      <property name="capabilities" value="chrome.137_0_7151_69.windows"/>
      <property name="file" value="file:///D:/a/1/s/test/specs/R2C/process-request-items-into-new-quotation.spec.js"/>
    </properties>
    <testcase classname="chrome.137_0_7151_69.windows.Process_request_items_into_new_quotation_US120163" name="Should create a new request with catalog items and plan it" time="196.061">
      <system-out><![CDATA[
COMMAND: POST /session/764ef295c8f44d2e14b184d73c4fb1a3/execute/async - {"script":"<script> [1562 bytes]","args":[{"selector":{"controlType":"sap.m.GenericTile","properties":{"header":"Manage Requests"}},"wdio_ui5_key":"sapm.GenericTile{\"header\":\"Manage Requests\"}"}]}
RESULT: {"script":"<script> [1562 bytes]","args":[{"selector":{"controlType":"sap.m.GenericTile","properties":{"header":"Manage Requests"}},"wdio_ui5_key":"sapm.GenericTile{\"header\":\"Manage Requests\"}"}]}
RESULT: undefined
COMMAND: POST /session/764ef295c8f44d2e14b184d73c4fb1a3/element - {"using":"xpath","value":"//*[@id=\"__tile48\"]"}
RESULT: {"using":"xpath","value":"//*[@id=\"__tile48\"]"}
COMMAND: POST /session/764ef295c8f44d2e14b184d73c4fb1a3/element/f.809832546CBCDBCC14053EE8D21219E9.d.1C8F1A13FCC096D68440E4831392533B.e.11737/click - {}
RESULT: {}
COMMAND: GET /session/764ef295c8f44d2e14b184d73c4fb1a3/screenshot - {}
RESULT: {}
COMMAND: POST /session/764ef295c8f44d2e14b184d73c4fb1a3/elements - {"using":"xpath","value":"//span[text()='Error']"}
RESULT: {"using":"xpath","value":"//span[text()='Error']"}
COMMAND: POST /session/764ef295c8f44d2e14b184d73c4fb1a3/element - {"using":"xpath","value":"//button[contains(@data-kt ,\"btnCreateNewOverflowToolbarButton\")]"}
COMMAND: POST /session/764ef295c8f44d2e14b184d73c4fb1a3/element - {"using":"xpath","value":"(//span[contains(@class ,\"sapMObjStatusText\")])[1]"}
RESULT: {"using":"xpath","value":"//button[contains(@data-kt ,\"btnCreateNewOverflowToolbarButton\")]"}
COMMAND: POST /session/764ef295c8f44d2e14b184d73c4fb1a3/element/f.809832546CBCDBCC14053EE8D21219E9.d.1C8F1A13FCC096D68440E4831392533B.e.11794/click - {}
RESULT: {"using":"xpath","value":"(//span[contains(@class ,\"sapMObjStatusText\")])[1]"}
COMMAND: POST /session/764ef295c8f44d2e14b184d73c4fb1a3/execute/sync - {"script":"<script> [8489 bytes]","args":[{"element-6066-11e4-a52e-4f735466cecf":"f.809832546CBCDBCC14053EE8D21219E9.d.1C8F1A13FCC096D68440E4831392533B.e.11832","ELEMENT":"f.809832546CBCDBCC14053EE8D21219E9.d.1C8F1A13FCC096D68440E4831392533B.e.11832"}]}
RESULT: {}
COMMAND: GET /session/764ef295c8f44d2e14b184d73c4fb1a3/screenshot - {}
RESULT: {"script":"<script> [8489 bytes]","args":[{"element-6066-11e4-a52e-4f735466cecf":"f.809832546CBCDBCC14053EE8D21219E9.d.1C8F1A13FCC096D68440E4831392533B.e.11832","ELEMENT":"f.809832546CBCDBCC14053EE8D21219E9.d.1C8F1A13FCC096D68440E4831392533B.e.11832"}]}
COMMAND: GET /session/764ef295c8f44d2e14b184d73c4fb1a3/screenshot - {}
RESULT: {}
RESULT: {}
COMMAND: POST /session/764ef295c8f44d2e14b184d73c4fb1a3/element - {"using":"xpath","value":"//input[contains(@id ,\"yardId-inner\")]"}
RESULT: {"using":"xpath","value":"//input[contains(@id ,\"yardId-inner\")]"}
COMMAND: POST /session/764ef295c8f44d2e14b184d73c4fb1a3/execute/sync - {"script":"<script> [8489 bytes]","args":[{"element-6066-11e4-a52e-4f735466cecf":"f.809832546CBCDBCC14053EE8D21219E9.d.1C8F1A13FCC096D68440E4831392533B.e.11988","ELEMENT":"f.809832546CBCDBCC14053EE8D21219E9.d.1C8F1A13FCC096D68440E4831392533B.e.11988"}]}
RESULT: {"script":"<script> [8489 bytes]","args":[{"element-6066-11e4-a52e-4f735466cecf":"f.809832546CBCDBCC14053EE8D21219E9.d.1C8F1A13FCC096D68440E4831392533B.e.11988","ELEMENT":"f.809832546CBCDBCC14053EE8D21219E9.d.1C8F1A13FCC096D68440E4831392533B.e.11988"}]}
COMMAND: POST /session/764ef295c8f44d2e14b184d73c4fb1a3/element - {"using":"xpath","value":"//input[contains(@id ,\"yardId-inner\")]"}
COMMAND: GET /session/764ef295c8f44d2e14b184d73c4fb1a3/screenshot - {}
RESULT: {"using":"xpath","value":"//input[contains(@id ,\"yardId-inner\")]"}
COMMAND: GET /session/764ef295c8f44d2e14b184d73c4fb1a3/element/f.809832546CBCDBCC14053EE8D21219E9.d.1C8F1A13FCC096D68440E4831392533B.e.11988/enabled - {}
RESULT: {}
RESULT: {}
COMMAND: POST /session/764ef295c8f44d2e14b184d73c4fb1a3/element/f.809832546CBCDBCC14053EE8D21219E9.d.1C8F1A13FCC096D68440E4831392533B.e.11988/clear - {}
COMMAND: GET /session/764ef295c8f44d2e14b184d73c4fb1a3/screenshot - {}
RESULT: {}
COMMAND: POST /session/764ef295c8f44d2e14b184d73c4fb1a3/element/f.809832546CBCDBCC14053EE8D21219E9.d.1C8F1A13FCC096D68440E4831392533B.e.11988/value - {"text":"WebdriverYardsn1ov"}
COMMAND: GET /session/764ef295c8f44d2e14b184d73c4fb1a3/screenshot - {}
RESULT: {}
RESULT: {"text":"WebdriverYardsn1ov"}
COMMAND: GET /session/764ef295c8f44d2e14b184d73c4fb1a3/screenshot - {}
RESULT: {}
RESULT: {}
COMMAND: POST /session/764ef295c8f44d2e14b184d73c4fb1a3/element - {"using":"xpath","value":"//input[contains(@id ,\"customerNumber-inner\")]"}
RESULT: {"using":"xpath","value":"//input[contains(@id ,\"customerNumber-inner\")]"}
COMMAND: POST /session/764ef295c8f44d2e14b184d73c4fb1a3/element/f.809832546CBCDBCC14053EE8D21219E9.d.1C8F1A13FCC096D68440E4831392533B.e.11982/value - {"text":"WebdriverPartnerex9g5j"}
COMMAND: POST /session/764ef295c8f44d2e14b184d73c4fb1a3/actions - {"actions":[{"id":"action97","type":"key","parameters":{},"actions":[{"type":"keyDown","value":""},{"type":"pause","duration":10},{"type":"keyUp","value":""}]}]}
RESULT: {"actions":[{"id":"action97","type":"key","parameters":{},"actions":[{"type":"keyDown","value":""},{"type":"pause","duration":10},{"type":"keyUp","value":""}]}]}
COMMAND: GET /session/764ef295c8f44d2e14b184d73c4fb1a3/screenshot - {}
RESULT: {"text":"WebdriverPartnerex9g5j"}
COMMAND: GET /session/764ef295c8f44d2e14b184d73c4fb1a3/screenshot - {}
RESULT: {}
COMMAND: POST /session/764ef295c8f44d2e14b184d73c4fb1a3/element/f.809832546CBCDBCC14053EE8D21219E9.d.1C8F1A13FCC096D68440E4831392533B.e.11988/clear - {}
RESULT: {}
RESULT: {}
COMMAND: POST /session/764ef295c8f44d2e14b184d73c4fb1a3/element/f.809832546CBCDBCC14053EE8D21219E9.d.1C8F1A13FCC096D68440E4831392533B.e.11988/clear - {}
COMMAND: GET /session/764ef295c8f44d2e14b184d73c4fb1a3/screenshot - {}
RESULT: {}
COMMAND: POST /session/764ef295c8f44d2e14b184d73c4fb1a3/element/f.809832546CBCDBCC14053EE8D21219E9.d.1C8F1A13FCC096D68440E4831392533B.e.11988/value - {"text":"WebdriverYardsn1ov"}
COMMAND: GET /session/764ef295c8f44d2e14b184d73c4fb1a3/screenshot - {}
RESULT: {}
RESULT: {"text":"WebdriverYardsn1ov"}
COMMAND: GET /session/764ef295c8f44d2e14b184d73c4fb1a3/screenshot - {}
RESULT: {}
RESULT: {}
COMMAND: POST /session/764ef295c8f44d2e14b184d73c4fb1a3/actions - {"actions":[{"id":"action98","type":"key","parameters":{},"actions":[{"type":"keyDown","value":""},{"type":"pause","duration":10},{"type":"keyUp","value":""}]}]}
RESULT: {"actions":[{"id":"action98","type":"key","parameters":{},"actions":[{"type":"keyDown","value":""},{"type":"pause","duration":10},{"type":"keyUp","value":""}]}]}
COMMAND: GET /session/764ef295c8f44d2e14b184d73c4fb1a3/screenshot - {}
RESULT: {}
COMMAND: POST /session/764ef295c8f44d2e14b184d73c4fb1a3/actions - {"actions":[{"id":"action99","type":"key","parameters":{},"actions":[{"type":"keyDown","value":""},{"type":"pause","duration":10},{"type":"keyUp","value":""}]}]}
RESULT: {"actions":[{"id":"action99","type":"key","parameters":{},"actions":[{"type":"keyDown","value":""},{"type":"pause","duration":10},{"type":"keyUp","value":""}]}]}
COMMAND: GET /session/764ef295c8f44d2e14b184d73c4fb1a3/screenshot - {}
RESULT: {}
COMMAND: GET /session/764ef295c8f44d2e14b184d73c4fb1a3/element/f.809832546CBCDBCC14053EE8D21219E9.d.1C8F1A13FCC096D68440E4831392533B.e.11982/property/value - {}
RESULT: {}
COMMAND: POST /session/764ef295c8f44d2e14b184d73c4fb1a3/element - {"using":"xpath","value":"//input[contains(@id ,\"requestSiteId-inner\")]"}
COMMAND: GET /session/764ef295c8f44d2e14b184d73c4fb1a3/screenshot - {}
RESULT: {"using":"xpath","value":"//input[contains(@id ,\"requestSiteId-inner\")]"}
COMMAND: POST /session/764ef295c8f44d2e14b184d73c4fb1a3/element/f.809832546CBCDBCC14053EE8D21219E9.d.1C8F1A13FCC096D68440E4831392533B.e.11981/value - {"text":"WebdriverSitezj22r"}
RESULT: {}
RESULT: {"text":"WebdriverSitezj22r"}
COMMAND: GET /session/764ef295c8f44d2e14b184d73c4fb1a3/screenshot - {}
RESULT: {}
COMMAND: POST /session/764ef295c8f44d2e14b184d73c4fb1a3/actions - {"actions":[{"id":"action100","type":"key","parameters":{},"actions":[{"type":"keyDown","value":""},{"type":"pause","duration":10},{"type":"keyUp","value":""}]}]}
RESULT: {"actions":[{"id":"action100","type":"key","parameters":{},"actions":[{"type":"keyDown","value":""},{"type":"pause","duration":10},{"type":"keyUp","value":""}]}]}
COMMAND: GET /session/764ef295c8f44d2e14b184d73c4fb1a3/screenshot - {}
RESULT: {}
COMMAND: POST /session/764ef295c8f44d2e14b184d73c4fb1a3/element - {"using":"xpath","value":"//button[contains(@data-kt ,\"requestItemAddOverflowToolbarButton\")]"}
RESULT: {"using":"xpath","value":"//button[contains(@data-kt ,\"requestItemAddOverflowToolbarButton\")]"}
COMMAND: POST /session/764ef295c8f44d2e14b184d73c4fb1a3/element/f.809832546CBCDBCC14053EE8D21219E9.d.1C8F1A13FCC096D68440E4831392533B.e.12082/click - {}
RESULT: {}
COMMAND: GET /session/764ef295c8f44d2e14b184d73c4fb1a3/screenshot - {}
RESULT: {}
COMMAND: POST /session/764ef295c8f44d2e14b184d73c4fb1a3/actions - {"actions":[{"id":"action101","type":"key","parameters":{},"actions":[{"type":"keyDown","value":""},{"type":"pause","duration":10},{"type":"keyUp","value":""}]}]}
RESULT: {"actions":[{"id":"action101","type":"key","parameters":{},"actions":[{"type":"keyDown","value":""},{"type":"pause","duration":10},{"type":"keyUp","value":""}]}]}
COMMAND: POST /session/764ef295c8f44d2e14b184d73c4fb1a3/actions - {"actions":[{"id":"action102","type":"key","parameters":{},"actions":[{"type":"keyDown","value":""},{"type":"pause","duration":10},{"type":"keyUp","value":""}]}]}
COMMAND: GET /session/764ef295c8f44d2e14b184d73c4fb1a3/screenshot - {}
RESULT: {"actions":[{"id":"action102","type":"key","parameters":{},"actions":[{"type":"keyDown","value":""},{"type":"pause","duration":10},{"type":"keyUp","value":""}]}]}
COMMAND: GET /session/764ef295c8f44d2e14b184d73c4fb1a3/screenshot - {}
RESULT: {}
RESULT: {}
COMMAND: POST /session/764ef295c8f44d2e14b184d73c4fb1a3/element - {"using":"xpath","value":"(//input[contains(@id ,\"requestItemsTable-0-inner\")])[1]"}
RESULT: {"using":"xpath","value":"(//input[contains(@id ,\"requestItemsTable-0-inner\")])[1]"}
COMMAND: POST /session/764ef295c8f44d2e14b184d73c4fb1a3/element/f.809832546CBCDBCC14053EE8D21219E9.d.1C8F1A13FCC096D68440E4831392533B.e.12086/clear - {}
RESULT: {}
COMMAND: POST /session/764ef295c8f44d2e14b184d73c4fb1a3/element/f.809832546CBCDBCC14053EE8D21219E9.d.1C8F1A13FCC096D68440E4831392533B.e.12086/value - {"text":"catalogItem5c9wl"}
COMMAND: GET /session/764ef295c8f44d2e14b184d73c4fb1a3/screenshot - {}
RESULT: {"text":"catalogItem5c9wl"}
COMMAND: GET /session/764ef295c8f44d2e14b184d73c4fb1a3/screenshot - {}
RESULT: {}
RESULT: {}
COMMAND: POST /session/764ef295c8f44d2e14b184d73c4fb1a3/actions - {"actions":[{"id":"action103","type":"key","parameters":{},"actions":[{"type":"keyDown","value":""},{"type":"pause","duration":10},{"type":"keyUp","value":""}]}]}
RESULT: {"actions":[{"id":"action103","type":"key","parameters":{},"actions":[{"type":"keyDown","value":""},{"type":"pause","duration":10},{"type":"keyUp","value":""}]}]}
COMMAND: GET /session/764ef295c8f44d2e14b184d73c4fb1a3/screenshot - {}
RESULT: {}
COMMAND: POST /session/764ef295c8f44d2e14b184d73c4fb1a3/execute/async - {"script":"<script> [1562 bytes]","args":[{"selector":{"controlType":"sap.ui.core.Icon","viewName":"etm.portal.ui.managerequests.view.NewRequest","properties":{"src":{"regex":{"source":"slim\\-arrow\\-down"}}},"ancestor":{"controlType":"sap.m.Button","viewName":"etm.portal.ui.managerequests.view.NewRequest","properties":{"icon":"sap-icon://slim-arrow-down"}}},"wdio_ui5_key":"etmportal.ui.managerequests.view.NewRequestsap.ui.core.Icon{\"src\":{\"regex\":{\"source\":\"slim\\\\-arrow\\\\-down\"}}}{\"controlType\":\"sap.m.Button\",\"viewName\":\"etm.portal.ui.managerequests.view.NewRequest\",\"properties\":{\"icon\":\"sap-icon://slim-arrow-down\"}}"}]}
RESULT: {"script":"<script> [1562 bytes]","args":[{"selector":{"controlType":"sap.ui.core.Icon","viewName":"etm.portal.ui.managerequests.view.NewRequest","properties":{"src":{"regex":{"source":"slim\\-arrow\\-down"}}},"ancestor":{"controlType":"sap.m.Button","viewName":"etm.portal.ui.managerequests.view.NewRequest","properties":{"icon":"sap-icon://slim-arrow-down"}}},"wdio_ui5_key":"etmportal.ui.managerequests.view.NewRequestsap.ui.core.Icon{\"src\":{\"regex\":{\"source\":\"slim\\\\-arrow\\\\-down\"}}}{\"controlType\":\"sap.m.Button\",\"viewName\":\"etm.portal.ui.managerequests.view.NewRequest\",\"properties\":{\"icon\":\"sap-icon://slim-arrow-down\"}}"}]}
RESULT: undefined
COMMAND: POST /session/764ef295c8f44d2e14b184d73c4fb1a3/element - {"using":"xpath","value":"//div[contains(@data-kt ,\"splitAllocationObjectStatus\")]"}
RESULT: {"using":"xpath","value":"//div[contains(@data-kt ,\"splitAllocationObjectStatus\")]"}
COMMAND: POST /session/764ef295c8f44d2e14b184d73c4fb1a3/elements - {"using":"xpath","value":"//div[contains(@data-kt ,\"splitAllocationObjectStatus\")]"}
RESULT: {"using":"xpath","value":"//div[contains(@data-kt ,\"splitAllocationObjectStatus\")]"}
COMMAND: POST /session/764ef295c8f44d2e14b184d73c4fb1a3/execute/async - {"script":"<script> [1562 bytes]","args":[{"selector":{"controlType":"sap.ui.core.Icon","viewName":"etm.portal.ui.managerequests.view.NewRequest","properties":{"src":{"regex":{"source":"message\\-error"}}}},"wdio_ui5_key":"etmportal.ui.managerequests.view.NewRequestsap.ui.core.Icon{\"src\":{\"regex\":{\"source\":\"message\\\\-error\"}}}"}]}
RESULT: {"script":"<script> [1562 bytes]","args":[{"selector":{"controlType":"sap.ui.core.Icon","viewName":"etm.portal.ui.managerequests.view.NewRequest","properties":{"src":{"regex":{"source":"message\\-error"}}}},"wdio_ui5_key":"etmportal.ui.managerequests.view.NewRequestsap.ui.core.Icon{\"src\":{\"regex\":{\"source\":\"message\\\\-error\"}}}"}]}
RESULT: undefined
COMMAND: POST /session/764ef295c8f44d2e14b184d73c4fb1a3/element - {"using":"xpath","value":"//*[@id=\"__status4-__xmlview60--requestItemsTable-0-icon\"]"}
RESULT: {"using":"xpath","value":"//*[@id=\"__status4-__xmlview60--requestItemsTable-0-icon\"]"}
COMMAND: POST /session/764ef295c8f44d2e14b184d73c4fb1a3/element/f.809832546CBCDBCC14053EE8D21219E9.d.1C8F1A13FCC096D68440E4831392533B.e.12101/click - {}
RESULT: {}
COMMAND: POST /session/764ef295c8f44d2e14b184d73c4fb1a3/execute/async - {"script":"<script> [1562 bytes]","args":[{"selector":{"controlType":"sap.ui.core.Icon","viewName":"etm.portal.ui.managerequests.view.NewRequest","properties":{"src":{"regex":{"source":"slim\\-arrow\\-down"}}},"searchOpenDialogs":true,"ancestor":{"id":"costObjectAdminTypeComboBox","viewName":"etm.portal.ui.managerequests.view.NewRequest","searchOpenDialogs":true}},"wdio_ui5_key":"etmportal.ui.managerequests.view.NewRequestsap.ui.core.Icon{\"src\":{\"regex\":{\"source\":\"slim\\\\-arrow\\\\-down\"}}}{\"id\":\"costObjectAdminTypeComboBox\",\"viewName\":\"etm.portal.ui.managerequests.view.NewRequest\",\"searchOpenDialogs\":true}"}]}
COMMAND: GET /session/764ef295c8f44d2e14b184d73c4fb1a3/screenshot - {}
RESULT: {"script":"<script> [1562 bytes]","args":[{"selector":{"controlType":"sap.ui.core.Icon","viewName":"etm.portal.ui.managerequests.view.NewRequest","properties":{"src":{"regex":{"source":"slim\\-arrow\\-down"}}},"searchOpenDialogs":true,"ancestor":{"id":"costObjectAdminTypeComboBox","viewName":"etm.portal.ui.managerequests.view.NewRequest","searchOpenDialogs":true}},"wdio_ui5_key":"etmportal.ui.managerequests.view.NewRequestsap.ui.core.Icon{\"src\":{\"regex\":{\"source\":\"slim\\\\-arrow\\\\-down\"}}}{\"id\":\"costObjectAdminTypeComboBox\",\"viewName\":\"etm.portal.ui.managerequests.view.NewRequest\",\"searchOpenDialogs\":true}"}]}
RESULT: undefined
COMMAND: POST /session/764ef295c8f44d2e14b184d73c4fb1a3/element - {"using":"xpath","value":"//*[@id=\"__xmlview60--costObjectAdminTypeComboBox-arrow\"]"}
RESULT: {}
RESULT: {"using":"xpath","value":"//*[@id=\"__xmlview60--costObjectAdminTypeComboBox-arrow\"]"}
COMMAND: POST /session/764ef295c8f44d2e14b184d73c4fb1a3/element/f.809832546CBCDBCC14053EE8D21219E9.d.1C8F1A13FCC096D68440E4831392533B.e.12105/click - {}
RESULT: {}
COMMAND: POST /session/764ef295c8f44d2e14b184d73c4fb1a3/execute/async - {"script":"<script> [1562 bytes]","args":[{"selector":{"controlType":"sap.m.StandardListItem","viewName":"etm.portal.ui.managerequests.view.NewRequest","properties":{"title":"Cost Center"},"searchOpenDialogs":true,"interaction":{"idSuffix":"titleText"}},"wdio_ui5_key":"etmportal.ui.managerequests.view.NewRequestsap.m.StandardListItem{\"title\":\"Cost Center\"}"}]}
COMMAND: GET /session/764ef295c8f44d2e14b184d73c4fb1a3/screenshot - {}
RESULT: {"script":"<script> [1562 bytes]","args":[{"selector":{"controlType":"sap.m.StandardListItem","viewName":"etm.portal.ui.managerequests.view.NewRequest","properties":{"title":"Cost Center"},"searchOpenDialogs":true,"interaction":{"idSuffix":"titleText"}},"wdio_ui5_key":"etmportal.ui.managerequests.view.NewRequestsap.m.StandardListItem{\"title\":\"Cost Center\"}"}]}
RESULT: undefined
COMMAND: POST /session/764ef295c8f44d2e14b184d73c4fb1a3/element - {"using":"xpath","value":"//*[@id=\"__item407\"]"}
RESULT: {}
RESULT: {"using":"xpath","value":"//*[@id=\"__item407\"]"}
COMMAND: POST /session/764ef295c8f44d2e14b184d73c4fb1a3/element/f.809832546CBCDBCC14053EE8D21219E9.d.1C8F1A13FCC096D68440E4831392533B.e.12108/click - {}
RESULT: {}
COMMAND: GET /session/764ef295c8f44d2e14b184d73c4fb1a3/screenshot - {}
RESULT: {}
COMMAND: POST /session/764ef295c8f44d2e14b184d73c4fb1a3/execute/async - {"script":"<script> [1562 bytes]","args":[{"selector":{"controlType":"sap.ui.core.Icon","viewName":"etm.portal.ui.managerequests.view.NewRequest","properties":{"src":{"regex":{"source":"value\\-help"}}},"searchOpenDialogs":true},"wdio_ui5_key":"etmportal.ui.managerequests.view.NewRequestsap.ui.core.Icon{\"src\":{\"regex\":{\"source\":\"value\\\\-help\"}}}"}]}
RESULT: {"script":"<script> [1562 bytes]","args":[{"selector":{"controlType":"sap.ui.core.Icon","viewName":"etm.portal.ui.managerequests.view.NewRequest","properties":{"src":{"regex":{"source":"value\\-help"}}},"searchOpenDialogs":true},"wdio_ui5_key":"etmportal.ui.managerequests.view.NewRequestsap.ui.core.Icon{\"src\":{\"regex\":{\"source\":\"value\\\\-help\"}}}"}]}
RESULT: undefined
COMMAND: POST /session/764ef295c8f44d2e14b184d73c4fb1a3/element - {"using":"xpath","value":"//*[@id=\"__xmlview60--costObjectIdComboBox-vhi\"]"}
RESULT: {"using":"xpath","value":"//*[@id=\"__xmlview60--costObjectIdComboBox-vhi\"]"}
COMMAND: POST /session/764ef295c8f44d2e14b184d73c4fb1a3/element/f.809832546CBCDBCC14053EE8D21219E9.d.1C8F1A13FCC096D68440E4831392533B.e.12115/click - {}
RESULT: {}
COMMAND: POST /session/764ef295c8f44d2e14b184d73c4fb1a3/execute/async - {"script":"<script> [1562 bytes]","args":[{"selector":{"controlType":"sap.m.SearchField","properties":{"placeholder":"Search"},"searchOpenDialogs":true,"interaction":{"idSuffix":"I"}},"wdio_ui5_key":"sapm.SearchField{\"placeholder\":\"Search\"}"}]}
COMMAND: GET /session/764ef295c8f44d2e14b184d73c4fb1a3/screenshot - {}
RESULT: {"script":"<script> [1562 bytes]","args":[{"selector":{"controlType":"sap.m.SearchField","properties":{"placeholder":"Search"},"searchOpenDialogs":true,"interaction":{"idSuffix":"I"}},"wdio_ui5_key":"sapm.SearchField{\"placeholder\":\"Search\"}"}]}
RESULT: undefined
COMMAND: POST /session/764ef295c8f44d2e14b184d73c4fb1a3/execute/async - {"script":"<script> [776 bytes]","args":[{"enterText":"10001010","selector":{"controlType":"sap.m.SearchField","properties":{"placeholder":"Search"},"searchOpenDialogs":true,"interaction":{"idSuffix":"I"}},"clearTextFirst":true,"interactionType":"ENTER_TEXT"}]}
RESULT: {}
RESULT: {"script":"<script> [776 bytes]","args":[{"enterText":"10001010","selector":{"controlType":"sap.m.SearchField","properties":{"placeholder":"Search"},"searchOpenDialogs":true,"interaction":{"idSuffix":"I"}},"clearTextFirst":true,"interactionType":"ENTER_TEXT"}]}
COMMAND: POST /session/764ef295c8f44d2e14b184d73c4fb1a3/actions - {"actions":[{"id":"action104","type":"key","parameters":{},"actions":[{"type":"keyDown","value":""},{"type":"pause","duration":10},{"type":"keyUp","value":""}]}]}
RESULT: {"actions":[{"id":"action104","type":"key","parameters":{},"actions":[{"type":"keyDown","value":""},{"type":"pause","duration":10},{"type":"keyUp","value":""}]}]}
COMMAND: GET /session/764ef295c8f44d2e14b184d73c4fb1a3/screenshot - {}
RESULT: {}
COMMAND: POST /session/764ef295c8f44d2e14b184d73c4fb1a3/execute/async - {"script":"<script> [1562 bytes]","args":[{"selector":{"controlType":"sap.m.Text","bindingPath":{"path":"/C_CostCtrValueHelp(CostCenter='10001010',ControllingArea='Z001')","propertyPath":"CostCenterName","modelName":"CostCenterModel"},"searchOpenDialogs":true},"wdio_ui5_key":"sapm.Text{\"path\":\"/C_CostCtrValueHelp(CostCenter='10001010',ControllingArea='Z001')\",\"propertyPath\":\"CostCenterName\",\"modelName\":\"CostCenterModel\"}"}]}
RESULT: {"script":"<script> [1562 bytes]","args":[{"selector":{"controlType":"sap.m.Text","bindingPath":{"path":"/C_CostCtrValueHelp(CostCenter='10001010',ControllingArea='Z001')","propertyPath":"CostCenterName","modelName":"CostCenterModel"},"searchOpenDialogs":true},"wdio_ui5_key":"sapm.Text{\"path\":\"/C_CostCtrValueHelp(CostCenter='10001010',ControllingArea='Z001')\",\"propertyPath\":\"CostCenterName\",\"modelName\":\"CostCenterModel\"}"}]}
RESULT: undefined
COMMAND: POST /session/764ef295c8f44d2e14b184d73c4fb1a3/element - {"using":"xpath","value":"//*[@id=\"__text289-__clone530\"]"}
RESULT: {"using":"xpath","value":"//*[@id=\"__text289-__clone530\"]"}
COMMAND: POST /session/764ef295c8f44d2e14b184d73c4fb1a3/element/f.809832546CBCDBCC14053EE8D21219E9.d.1C8F1A13FCC096D68440E4831392533B.e.12156/click - {}
RESULT: {}
COMMAND: POST /session/764ef295c8f44d2e14b184d73c4fb1a3/execute/async - {"script":"<script> [1562 bytes]","args":[{"selector":{"controlType":"sap.m.Button","properties":{"text":"OK"},"searchOpenDialogs":true,"interaction":{"idSuffix":"BDI-content"}},"wdio_ui5_key":"sapm.Button{\"text\":\"OK\"}"}]}
COMMAND: GET /session/764ef295c8f44d2e14b184d73c4fb1a3/screenshot - {}
RESULT: {"script":"<script> [1562 bytes]","args":[{"selector":{"controlType":"sap.m.Button","properties":{"text":"OK"},"searchOpenDialogs":true,"interaction":{"idSuffix":"BDI-content"}},"wdio_ui5_key":"sapm.Button{\"text\":\"OK\"}"}]}
RESULT: undefined
COMMAND: POST /session/764ef295c8f44d2e14b184d73c4fb1a3/element - {"using":"xpath","value":"//*[@id=\"__dialog1-ok\"]"}
RESULT: {}
RESULT: {"using":"xpath","value":"//*[@id=\"__dialog1-ok\"]"}
COMMAND: POST /session/764ef295c8f44d2e14b184d73c4fb1a3/element/f.809832546CBCDBCC14053EE8D21219E9.d.1C8F1A13FCC096D68440E4831392533B.e.12158/click - {}
RESULT: {}
COMMAND: GET /session/764ef295c8f44d2e14b184d73c4fb1a3/screenshot - {}
RESULT: {}
COMMAND: POST /session/764ef295c8f44d2e14b184d73c4fb1a3/execute/async - {"script":"<script> [1562 bytes]","args":[{"selector":{"controlType":"sap.m.Button","viewName":"etm.portal.ui.managerequests.view.NewRequest","i18NText":{"propertyName":"text","key":"save"},"searchOpenDialogs":true,"interaction":{"idSuffix":"BDI-content"}},"wdio_ui5_key":"etmportal.ui.managerequests.view.NewRequestsap.m.Button{\"propertyName\":\"text\",\"key\":\"save\"}"}]}
RESULT: {"script":"<script> [1562 bytes]","args":[{"selector":{"controlType":"sap.m.Button","viewName":"etm.portal.ui.managerequests.view.NewRequest","i18NText":{"propertyName":"text","key":"save"},"searchOpenDialogs":true,"interaction":{"idSuffix":"BDI-content"}},"wdio_ui5_key":"etmportal.ui.managerequests.view.NewRequestsap.m.Button{\"propertyName\":\"text\",\"key\":\"save\"}"}]}
RESULT: undefined
COMMAND: POST /session/764ef295c8f44d2e14b184d73c4fb1a3/element - {"using":"xpath","value":"//*[@id=\"__button23\"]"}
RESULT: {"using":"xpath","value":"//*[@id=\"__button23\"]"}
COMMAND: POST /session/764ef295c8f44d2e14b184d73c4fb1a3/element/f.809832546CBCDBCC14053EE8D21219E9.d.1C8F1A13FCC096D68440E4831392533B.e.12162/click - {}
RESULT: {}
COMMAND: GET /session/764ef295c8f44d2e14b184d73c4fb1a3/screenshot - {}
RESULT: {}
COMMAND: POST /session/764ef295c8f44d2e14b184d73c4fb1a3/element - {"using":"xpath","value":"(//bdi[contains(text() ,\"Save\")])[1]"}
RESULT: {"using":"xpath","value":"(//bdi[contains(text() ,\"Save\")])[1]"}
COMMAND: POST /session/764ef295c8f44d2e14b184d73c4fb1a3/element/f.809832546CBCDBCC14053EE8D21219E9.d.1C8F1A13FCC096D68440E4831392533B.e.12164/click - {}
RESULT: {}
COMMAND: GET /session/764ef295c8f44d2e14b184d73c4fb1a3/screenshot - {}
RESULT: {}
COMMAND: POST /session/764ef295c8f44d2e14b184d73c4fb1a3/execute/async - {"script":"<script> [1562 bytes]","args":[{"selector":{"controlType":"sap.m.Title","properties":{"text":"Success"},"searchOpenDialogs":true},"wdio_ui5_key":"sapm.Title{\"text\":\"Success\"}"}]}
RESULT: {"script":"<script> [1562 bytes]","args":[{"selector":{"controlType":"sap.m.Title","properties":{"text":"Success"},"searchOpenDialogs":true},"wdio_ui5_key":"sapm.Title{\"text\":\"Success\"}"}]}
RESULT: undefined
COMMAND: POST /session/764ef295c8f44d2e14b184d73c4fb1a3/execute/async - {"script":"<script> [6424 bytes]","args":[{"element-6066-11e4-a52e-4f735466cecf":"f.809832546CBCDBCC14053EE8D21219E9.d.1C8F1A13FCC096D68440E4831392533B.e.12168"},"getText",[]]}
RESULT: {"script":"<script> [6424 bytes]","args":[{"element-6066-11e4-a52e-4f735466cecf":"f.809832546CBCDBCC14053EE8D21219E9.d.1C8F1A13FCC096D68440E4831392533B.e.12168"},"getText",[]]}
COMMAND: POST /session/764ef295c8f44d2e14b184d73c4fb1a3/execute/async - {"script":"<script> [1562 bytes]","args":[{"selector":{"controlType":"sap.m.Button","properties":{"text":"Close"},"searchOpenDialogs":true,"interaction":{"idSuffix":"BDI-content"}},"wdio_ui5_key":"sapm.Button{\"text\":\"Close\"}"}]}
RESULT: {"script":"<script> [1562 bytes]","args":[{"selector":{"controlType":"sap.m.Button","properties":{"text":"Close"},"searchOpenDialogs":true,"interaction":{"idSuffix":"BDI-content"}},"wdio_ui5_key":"sapm.Button{\"text\":\"Close\"}"}]}
RESULT: undefined
COMMAND: POST /session/764ef295c8f44d2e14b184d73c4fb1a3/element - {"using":"xpath","value":"//*[@id=\"__mbox-btn-0\"]"}
RESULT: {"using":"xpath","value":"//*[@id=\"__mbox-btn-0\"]"}
COMMAND: POST /session/764ef295c8f44d2e14b184d73c4fb1a3/element/f.809832546CBCDBCC14053EE8D21219E9.d.1C8F1A13FCC096D68440E4831392533B.e.12167/click - {}
RESULT: {}
COMMAND: GET /session/764ef295c8f44d2e14b184d73c4fb1a3/screenshot - {}
RESULT: {}
COMMAND: POST /session/764ef295c8f44d2e14b184d73c4fb1a3/execute/async - {"script":"<script> [1562 bytes]","args":[{"selector":{"controlType":"sap.m.Text","viewName":"etm.portal.ui.managerequests.view.Detail","bindingPath":{"propertyPath":"NO","modelName":"catalogModel"}},"wdio_ui5_key":"etmportal.ui.managerequests.view.Detailsap.m.Text{\"propertyPath\":\"NO\",\"modelName\":\"catalogModel\"}"}]}
RESULT: {"script":"<script> [1562 bytes]","args":[{"selector":{"controlType":"sap.m.Text","viewName":"etm.portal.ui.managerequests.view.Detail","bindingPath":{"propertyPath":"NO","modelName":"catalogModel"}},"wdio_ui5_key":"etmportal.ui.managerequests.view.Detailsap.m.Text{\"propertyPath\":\"NO\",\"modelName\":\"catalogModel\"}"}]}
RESULT: undefined
COMMAND: POST /session/764ef295c8f44d2e14b184d73c4fb1a3/execute/async - {"script":"<script> [6424 bytes]","args":[{"element-6066-11e4-a52e-4f735466cecf":"f.809832546CBCDBCC14053EE8D21219E9.d.1C8F1A13FCC096D68440E4831392533B.e.12295"},"getText",[]]}
RESULT: {"script":"<script> [6424 bytes]","args":[{"element-6066-11e4-a52e-4f735466cecf":"f.809832546CBCDBCC14053EE8D21219E9.d.1C8F1A13FCC096D68440E4831392533B.e.12295"},"getText",[]]}
COMMAND: POST /session/764ef295c8f44d2e14b184d73c4fb1a3/execute/async - {"script":"<script> [1562 bytes]","args":[{"selector":{"controlType":"sap.ui.core.Icon","viewName":"etm.portal.ui.managerequests.view.Detail","properties":{"src":{"regex":{"source":"date\\-time"}}},"ancestor":{"controlType":"sap.m.ColumnListItem","viewName":"etm.portal.ui.managerequests.view.Detail","bindingPath":{"path":"/SmartRequestItemsPlanningBoard(ITEM=10m,REQUEST='20079')"},"ancestor":{"id":"requestItemsTable","viewName":"etm.portal.ui.managerequests.view.Detail"}}},"wdio_ui5_key":"etmportal.ui.managerequests.view.Detailsap.ui.core.Icon{\"src\":{\"regex\":{\"source\":\"date\\\\-time\"}}}{\"controlType\":\"sap.m.ColumnListItem\",\"viewName\":\"etm.portal.ui.managerequests.view.Detail\",\"bindingPath\":{\"path\":\"/SmartRequestItemsPlanningBoard(ITEM=10m,REQUEST='20079')\"},\"ancestor\":{\"id\":\"requestItemsTable\",\"viewName\":\"etm.portal.ui.managerequests.view.Detail\"}}"}]}
RESULT: {"script":"<script> [1562 bytes]","args":[{"selector":{"controlType":"sap.ui.core.Icon","viewName":"etm.portal.ui.managerequests.view.Detail","properties":{"src":{"regex":{"source":"date\\-time"}}},"ancestor":{"controlType":"sap.m.ColumnListItem","viewName":"etm.portal.ui.managerequests.view.Detail","bindingPath":{"path":"/SmartRequestItemsPlanningBoard(ITEM=10m,REQUEST='20079')"},"ancestor":{"id":"requestItemsTable","viewName":"etm.portal.ui.managerequests.view.Detail"}}},"wdio_ui5_key":"etmportal.ui.managerequests.view.Detailsap.ui.core.Icon{\"src\":{\"regex\":{\"source\":\"date\\\\-time\"}}}{\"controlType\":\"sap.m.ColumnListItem\",\"viewName\":\"etm.portal.ui.managerequests.view.Detail\",\"bindingPath\":{\"path\":\"/SmartRequestItemsPlanningBoard(ITEM=10m,REQUEST='20079')\"},\"ancestor\":{\"id\":\"requestItemsTable\",\"viewName\":\"etm.portal.ui.managerequests.view.Detail\"}}"}]}
RESULT: undefined
COMMAND: POST /session/764ef295c8f44d2e14b184d73c4fb1a3/element - {"using":"xpath","value":"//*[@id=\"__button38-__clone569-img\"]"}
RESULT: {"using":"xpath","value":"//*[@id=\"__button38-__clone569-img\"]"}
COMMAND: POST /session/764ef295c8f44d2e14b184d73c4fb1a3/element/f.809832546CBCDBCC14053EE8D21219E9.d.1C8F1A13FCC096D68440E4831392533B.e.12296/click - {}
RESULT: {}
COMMAND: POST /session/764ef295c8f44d2e14b184d73c4fb1a3/execute/async - {"script":"<script> [1562 bytes]","args":[{"selector":{"controlType":"sap.m.Button","viewName":"etm.portal.ui.managerequests.view.Detail","properties":{"text":"Close"},"searchOpenDialogs":true,"interaction":{"idSuffix":"BDI-content"}},"wdio_ui5_key":"etmportal.ui.managerequests.view.Detailsap.m.Button{\"text\":\"Close\"}"}]}
COMMAND: GET /session/764ef295c8f44d2e14b184d73c4fb1a3/screenshot - {}
RESULT: {"script":"<script> [1562 bytes]","args":[{"selector":{"controlType":"sap.m.Button","viewName":"etm.portal.ui.managerequests.view.Detail","properties":{"text":"Close"},"searchOpenDialogs":true,"interaction":{"idSuffix":"BDI-content"}},"wdio_ui5_key":"etmportal.ui.managerequests.view.Detailsap.m.Button{\"text\":\"Close\"}"}]}
RESULT: undefined
COMMAND: POST /session/764ef295c8f44d2e14b184d73c4fb1a3/element - {"using":"xpath","value":"//*[@id=\"__button48\"]"}
RESULT: {}
RESULT: {"using":"xpath","value":"//*[@id=\"__button48\"]"}
COMMAND: POST /session/764ef295c8f44d2e14b184d73c4fb1a3/element/f.809832546CBCDBCC14053EE8D21219E9.d.1C8F1A13FCC096D68440E4831392533B.e.12299/click - {}
RESULT: {}
COMMAND: POST /session/764ef295c8f44d2e14b184d73c4fb1a3/refresh - {}
COMMAND: GET /session/764ef295c8f44d2e14b184d73c4fb1a3/screenshot - {}
RESULT: {}
COMMAND: GET /session/764ef295c8f44d2e14b184d73c4fb1a3/screenshot - {}
RESULT: {}
RESULT: {}
COMMAND: POST /session/764ef295c8f44d2e14b184d73c4fb1a3/execute/async - {"script":"<script> [189 bytes]","args":[]}
RESULT: {"script":"<script> [189 bytes]","args":[]}
COMMAND: POST /session/764ef295c8f44d2e14b184d73c4fb1a3/execute/async - {"script":"<script> [123 bytes]","args":[]}
RESULT: {"script":"<script> [123 bytes]","args":[]}
COMMAND: POST /session/764ef295c8f44d2e14b184d73c4fb1a3/timeouts - {"script":"<number>"}
RESULT: {"script":"<number>"}
COMMAND: GET /session/764ef295c8f44d2e14b184d73c4fb1a3/timeouts - {}
RESULT: {}
RESULT: undefined
COMMAND: POST /session/764ef295c8f44d2e14b184d73c4fb1a3/execute/async - {"script":"<script> [2676 bytes]","args":[]}
RESULT: {"script":"<script> [2676 bytes]","args":[]}
COMMAND: POST /session/764ef295c8f44d2e14b184d73c4fb1a3/execute/async - {"script":"<script> [2342 bytes]","args":[{"protocol":"http","hostname":"0.0.0.0","path":"/","capabilities":{"browserName":"chrome","goog:chromeOptions":{"binary":"C:\\Program Files\\Google\\Chrome\\Application\\chrome.exe","args":["--start-maximized"]}},"logLevel":"warn","connectionRetryTimeout":120000,"connectionRetryCount":3,"logLevels":{},"enableDirectConnect":true,"strictSSL":true,"_":"65 more keys: [\"cacheDir\",\"port\",\"requestedCapabilities\",\"automationProtocol\",\"baseUrl\",\"waitforInterval\",\"waitforTimeout\",\"onReload\",\"beforeCommand\",\"afterCommand\",\"rootDir\",\"specs\",\"suites\",\"exclude\",\"groupLogsByTestSpec\",\"excludeDriverLogs\",\"bail\",\"framework\",\"reporters\",\"services\",\"maxInstances\",\"maxInstancesPerCapability\",\"injectGlobals\",\"filesToWatch\",\"execArgv\",\"runnerEnv\",\"runner\",\"shard\",\"specFileRetries\",\"specFileRetriesDelay\",\"specFileRetriesDeferred\",\"reporterSyncInterval\",\"reporterSyncTimeout\",\"cucumberFeaturesWithLineNumbers\",\"autoCompileOpts\",\"mochaOpts\",\"jasmineOpts\",\"cucumberOpts\",\"onPrepare\",\"onWorkerStart\",\"onWorkerEnd\",\"before\",\"beforeSession\",\"beforeSuite\",\"beforeHook\",\"beforeTest\",\"afterTest\",\"afterHook\",\"afterSuite\",\"afterSession\",\"after\",\"onComplete\",\"beforeAssertion\",\"afterAssertion\",\"beforeFeature\",\"beforeScenario\",\"beforeStep\",\"afterStep\",\"afterScenario\",\"afterFeature\",\"_\",\"suite\",\"$0\",\"ignoredWorkerServices\",\"wdi5\"]"}]}
RESULT: {"script":"<script> [2342 bytes]","args":[{"protocol":"http","hostname":"0.0.0.0","path":"/","capabilities":{"browserName":"chrome","goog:chromeOptions":{"binary":"C:\\Program Files\\Google\\Chrome\\Application\\chrome.exe","args":["--start-maximized"]}},"logLevel":"warn","connectionRetryTimeout":120000,"connectionRetryCount":3,"logLevels":{},"enableDirectConnect":true,"strictSSL":true,"_":"65 more keys: [\"cacheDir\",\"port\",\"requestedCapabilities\",\"automationProtocol\",\"baseUrl\",\"waitforInterval\",\"waitforTimeout\",\"onReload\",\"beforeCommand\",\"afterCommand\",\"rootDir\",\"specs\",\"suites\",\"exclude\",\"groupLogsByTestSpec\",\"excludeDriverLogs\",\"bail\",\"framework\",\"reporters\",\"services\",\"maxInstances\",\"maxInstancesPerCapability\",\"injectGlobals\",\"filesToWatch\",\"execArgv\",\"runnerEnv\",\"runner\",\"shard\",\"specFileRetries\",\"specFileRetriesDelay\",\"specFileRetriesDeferred\",\"reporterSyncInterval\",\"reporterSyncTimeout\",\"cucumberFeaturesWithLineNumbers\",\"autoCompileOpts\",\"mochaOpts\",\"jasmineOpts\",\"cucumberOpts\",\"onPrepare\",\"onWorkerStart\",\"onWorkerEnd\",\"before\",\"beforeSession\",\"beforeSuite\",\"beforeHook\",\"beforeTest\",\"afterTest\",\"afterHook\",\"afterSuite\",\"afterSession\",\"after\",\"onComplete\",\"beforeAssertion\",\"afterAssertion\",\"beforeFeature\",\"beforeScenario\",\"beforeStep\",\"afterStep\",\"afterScenario\",\"afterFeature\",\"_\",\"suite\",\"$0\",\"ignoredWorkerServices\",\"wdi5\"]"}]}
COMMAND: POST /session/764ef295c8f44d2e14b184d73c4fb1a3/execute/async - {"script":"<script> [21126 bytes]","args":[35000]}
RESULT: {"script":"<script> [21126 bytes]","args":[35000]}
]]></system-out>
    </testcase>
    <testcase classname="chrome.137_0_7151_69.windows.Process_request_items_into_new_quotation_US120163" name="Should process the request into a new quotation" time="52.062">
      <system-out><![CDATA[
COMMAND: GET /session/764ef295c8f44d2e14b184d73c4fb1a3/window - {}
RESULT: {}
COMMAND: POST /session/764ef295c8f44d2e14b184d73c4fb1a3/element - {"using":"xpath","value":"//span[contains(@id ,\"detailHeaderTitle-_actionsToolbar-overflowButton-img\")]"}
RESULT: {"using":"xpath","value":"//span[contains(@id ,\"detailHeaderTitle-_actionsToolbar-overflowButton-img\")]"}
COMMAND: POST /session/764ef295c8f44d2e14b184d73c4fb1a3/element/f.809832546CBCDBCC14053EE8D21219E9.d.2F4C020DAC663591F5BF7006AFB1DD33.e.12521/click - {}
RESULT: {}
COMMAND: GET /session/764ef295c8f44d2e14b184d73c4fb1a3/screenshot - {}
RESULT: {}
COMMAND: POST /session/764ef295c8f44d2e14b184d73c4fb1a3/element - {"using":"xpath","value":"//span[contains(@id ,\"actionsMenuButton-internalSplitBtn-arrowButton-img\")]"}
RESULT: {"using":"xpath","value":"//span[contains(@id ,\"actionsMenuButton-internalSplitBtn-arrowButton-img\")]"}
COMMAND: POST /session/764ef295c8f44d2e14b184d73c4fb1a3/element/f.809832546CBCDBCC14053EE8D21219E9.d.2F4C020DAC663591F5BF7006AFB1DD33.e.12524/click - {}
RESULT: {}
COMMAND: GET /session/764ef295c8f44d2e14b184d73c4fb1a3/screenshot - {}
RESULT: {}
COMMAND: POST /session/764ef295c8f44d2e14b184d73c4fb1a3/actions - {"actions":[{"id":"action105","type":"key","parameters":{},"actions":[{"type":"keyDown","value":""},{"type":"pause","duration":10},{"type":"keyUp","value":""}]}]}
RESULT: {"actions":[{"id":"action105","type":"key","parameters":{},"actions":[{"type":"keyDown","value":""},{"type":"pause","duration":10},{"type":"keyUp","value":""}]}]}
COMMAND: GET /session/764ef295c8f44d2e14b184d73c4fb1a3/screenshot - {}
RESULT: {}
COMMAND: POST /session/764ef295c8f44d2e14b184d73c4fb1a3/actions - {"actions":[{"id":"action106","type":"key","parameters":{},"actions":[{"type":"keyDown","value":""},{"type":"pause","duration":10},{"type":"keyUp","value":""}]}]}
RESULT: {"actions":[{"id":"action106","type":"key","parameters":{},"actions":[{"type":"keyDown","value":""},{"type":"pause","duration":10},{"type":"keyUp","value":""}]}]}
COMMAND: GET /session/764ef295c8f44d2e14b184d73c4fb1a3/screenshot - {}
RESULT: {}
COMMAND: POST /session/764ef295c8f44d2e14b184d73c4fb1a3/actions - {"actions":[{"id":"action107","type":"key","parameters":{},"actions":[{"type":"keyDown","value":""},{"type":"pause","duration":10},{"type":"keyUp","value":""}]}]}
RESULT: {"actions":[{"id":"action107","type":"key","parameters":{},"actions":[{"type":"keyDown","value":""},{"type":"pause","duration":10},{"type":"keyUp","value":""}]}]}
COMMAND: GET /session/764ef295c8f44d2e14b184d73c4fb1a3/screenshot - {}
RESULT: {}
COMMAND: POST /session/764ef295c8f44d2e14b184d73c4fb1a3/actions - {"actions":[{"id":"action108","type":"key","parameters":{},"actions":[{"type":"keyDown","value":""},{"type":"pause","duration":10},{"type":"keyUp","value":""}]}]}
RESULT: {"actions":[{"id":"action108","type":"key","parameters":{},"actions":[{"type":"keyDown","value":""},{"type":"pause","duration":10},{"type":"keyUp","value":""}]}]}
COMMAND: GET /session/764ef295c8f44d2e14b184d73c4fb1a3/screenshot - {}
RESULT: {}
COMMAND: POST /session/764ef295c8f44d2e14b184d73c4fb1a3/actions - {"actions":[{"id":"action109","type":"key","parameters":{},"actions":[{"type":"keyDown","value":""},{"type":"pause","duration":10},{"type":"keyUp","value":""}]}]}
RESULT: {"actions":[{"id":"action109","type":"key","parameters":{},"actions":[{"type":"keyDown","value":""},{"type":"pause","duration":10},{"type":"keyUp","value":""}]}]}
COMMAND: GET /session/764ef295c8f44d2e14b184d73c4fb1a3/screenshot - {}
RESULT: {}
COMMAND: GET /session/764ef295c8f44d2e14b184d73c4fb1a3/window/handles - {}
RESULT: {}
COMMAND: GET /session/764ef295c8f44d2e14b184d73c4fb1a3/window/handles - {}
RESULT: {}
COMMAND: POST /session/764ef295c8f44d2e14b184d73c4fb1a3/window - {"handle":"1113CF8DB2A620388B4F88F120D434CD"}
RESULT: {"handle":"1113CF8DB2A620388B4F88F120D434CD"}
COMMAND: GET /session/764ef295c8f44d2e14b184d73c4fb1a3/url - {}
RESULT: {}
COMMAND: GET /session/764ef295c8f44d2e14b184d73c4fb1a3/screenshot - {}
RESULT: {}
COMMAND: POST /session/764ef295c8f44d2e14b184d73c4fb1a3/element - {"using":"xpath","value":"//span[contains(text(), \"Header Billing Items\")]"}
RESULT: {"using":"xpath","value":"//span[contains(text(), \"Header Billing Items\")]"}
COMMAND: POST /session/764ef295c8f44d2e14b184d73c4fb1a3/element/f.1113CF8DB2A620388B4F88F120D434CD.d.FC6B697B44A819923D1838C0544B565B.e.12751/click - {}
RESULT: {}
COMMAND: GET /session/764ef295c8f44d2e14b184d73c4fb1a3/screenshot - {}
RESULT: {}
COMMAND: POST /session/764ef295c8f44d2e14b184d73c4fb1a3/element - {"using":"xpath","value":"//span[contains(@id ,\"contractItemsSmartTable-header-inner\")]"}
RESULT: {"using":"xpath","value":"//span[contains(@id ,\"contractItemsSmartTable-header-inner\")]"}
COMMAND: GET /session/764ef295c8f44d2e14b184d73c4fb1a3/element/f.1113CF8DB2A620388B4F88F120D434CD.d.FC6B697B44A819923D1838C0544B565B.e.12753/text - {}
RESULT: {}
COMMAND: POST /session/764ef295c8f44d2e14b184d73c4fb1a3/element - {"using":"xpath","value":"//span[@class=\"sapMObjStatusText\"][contains(text(), \"proposed\")]"}
RESULT: {"using":"xpath","value":"//span[@class=\"sapMObjStatusText\"][contains(text(), \"proposed\")]"}
COMMAND: GET /session/764ef295c8f44d2e14b184d73c4fb1a3/element/f.1113CF8DB2A620388B4F88F120D434CD.d.FC6B697B44A819923D1838C0544B565B.e.12754/text - {}
RESULT: {}
COMMAND: DELETE /session/764ef295c8f44d2e14b184d73c4fb1a3/window - {}
RESULT: {}
COMMAND: POST /session/764ef295c8f44d2e14b184d73c4fb1a3/window - {"handle":"809832546CBCDBCC14053EE8D21219E9"}
RESULT: {"handle":"809832546CBCDBCC14053EE8D21219E9"}
COMMAND: GET /session/764ef295c8f44d2e14b184d73c4fb1a3/url - {}
RESULT: {}
COMMAND: GET /session/764ef295c8f44d2e14b184d73c4fb1a3/screenshot - {}
RESULT: {}
]]></system-out>
    </testcase>
    <testcase classname="chrome.137_0_7151_69.windows.Process_request_items_into_new_quotation_US120163" name="Should navigate back to the request and check the request and item statuses" time="26.095">
      <system-out><![CDATA[
COMMAND: POST /session/764ef295c8f44d2e14b184d73c4fb1a3/refresh - {}
RESULT: {}
COMMAND: GET /session/764ef295c8f44d2e14b184d73c4fb1a3/screenshot - {}
RESULT: {}
COMMAND: POST /session/764ef295c8f44d2e14b184d73c4fb1a3/execute/async - {"script":"<script> [189 bytes]","args":[]}
RESULT: {"script":"<script> [189 bytes]","args":[]}
COMMAND: POST /session/764ef295c8f44d2e14b184d73c4fb1a3/execute/async - {"script":"<script> [123 bytes]","args":[]}
RESULT: {"script":"<script> [123 bytes]","args":[]}
COMMAND: POST /session/764ef295c8f44d2e14b184d73c4fb1a3/timeouts - {"script":"<number>"}
RESULT: {"script":"<number>"}
COMMAND: GET /session/764ef295c8f44d2e14b184d73c4fb1a3/timeouts - {}
RESULT: {}
RESULT: undefined
COMMAND: POST /session/764ef295c8f44d2e14b184d73c4fb1a3/execute/async - {"script":"<script> [2676 bytes]","args":[]}
RESULT: {"script":"<script> [2676 bytes]","args":[]}
COMMAND: POST /session/764ef295c8f44d2e14b184d73c4fb1a3/execute/async - {"script":"<script> [2342 bytes]","args":[{"protocol":"http","hostname":"0.0.0.0","path":"/","capabilities":{"browserName":"chrome","goog:chromeOptions":{"binary":"C:\\Program Files\\Google\\Chrome\\Application\\chrome.exe","args":["--start-maximized"]}},"logLevel":"warn","connectionRetryTimeout":120000,"connectionRetryCount":3,"logLevels":{},"enableDirectConnect":true,"strictSSL":true,"_":"65 more keys: [\"cacheDir\",\"port\",\"requestedCapabilities\",\"automationProtocol\",\"baseUrl\",\"waitforInterval\",\"waitforTimeout\",\"onReload\",\"beforeCommand\",\"afterCommand\",\"rootDir\",\"specs\",\"suites\",\"exclude\",\"groupLogsByTestSpec\",\"excludeDriverLogs\",\"bail\",\"framework\",\"reporters\",\"services\",\"maxInstances\",\"maxInstancesPerCapability\",\"injectGlobals\",\"filesToWatch\",\"execArgv\",\"runnerEnv\",\"runner\",\"shard\",\"specFileRetries\",\"specFileRetriesDelay\",\"specFileRetriesDeferred\",\"reporterSyncInterval\",\"reporterSyncTimeout\",\"cucumberFeaturesWithLineNumbers\",\"autoCompileOpts\",\"mochaOpts\",\"jasmineOpts\",\"cucumberOpts\",\"onPrepare\",\"onWorkerStart\",\"onWorkerEnd\",\"before\",\"beforeSession\",\"beforeSuite\",\"beforeHook\",\"beforeTest\",\"afterTest\",\"afterHook\",\"afterSuite\",\"afterSession\",\"after\",\"onComplete\",\"beforeAssertion\",\"afterAssertion\",\"beforeFeature\",\"beforeScenario\",\"beforeStep\",\"afterStep\",\"afterScenario\",\"afterFeature\",\"_\",\"suite\",\"$0\",\"ignoredWorkerServices\",\"wdi5\"]"}]}
RESULT: {"script":"<script> [2342 bytes]","args":[{"protocol":"http","hostname":"0.0.0.0","path":"/","capabilities":{"browserName":"chrome","goog:chromeOptions":{"binary":"C:\\Program Files\\Google\\Chrome\\Application\\chrome.exe","args":["--start-maximized"]}},"logLevel":"warn","connectionRetryTimeout":120000,"connectionRetryCount":3,"logLevels":{},"enableDirectConnect":true,"strictSSL":true,"_":"65 more keys: [\"cacheDir\",\"port\",\"requestedCapabilities\",\"automationProtocol\",\"baseUrl\",\"waitforInterval\",\"waitforTimeout\",\"onReload\",\"beforeCommand\",\"afterCommand\",\"rootDir\",\"specs\",\"suites\",\"exclude\",\"groupLogsByTestSpec\",\"excludeDriverLogs\",\"bail\",\"framework\",\"reporters\",\"services\",\"maxInstances\",\"maxInstancesPerCapability\",\"injectGlobals\",\"filesToWatch\",\"execArgv\",\"runnerEnv\",\"runner\",\"shard\",\"specFileRetries\",\"specFileRetriesDelay\",\"specFileRetriesDeferred\",\"reporterSyncInterval\",\"reporterSyncTimeout\",\"cucumberFeaturesWithLineNumbers\",\"autoCompileOpts\",\"mochaOpts\",\"jasmineOpts\",\"cucumberOpts\",\"onPrepare\",\"onWorkerStart\",\"onWorkerEnd\",\"before\",\"beforeSession\",\"beforeSuite\",\"beforeHook\",\"beforeTest\",\"afterTest\",\"afterHook\",\"afterSuite\",\"afterSession\",\"after\",\"onComplete\",\"beforeAssertion\",\"afterAssertion\",\"beforeFeature\",\"beforeScenario\",\"beforeStep\",\"afterStep\",\"afterScenario\",\"afterFeature\",\"_\",\"suite\",\"$0\",\"ignoredWorkerServices\",\"wdi5\"]"}]}
COMMAND: POST /session/764ef295c8f44d2e14b184d73c4fb1a3/execute/async - {"script":"<script> [21126 bytes]","args":[35000]}
RESULT: {"script":"<script> [21126 bytes]","args":[35000]}
COMMAND: POST /session/764ef295c8f44d2e14b184d73c4fb1a3/execute/async - {"script":"<script> [1562 bytes]","args":[{"selector":{"controlType":"sap.m.Text","viewName":"etm.portal.ui.managerequests.view.Detail","bindingPath":{"path":"/SmartRequestItemsPlanningBoard(ITEM=10m,REQUEST='20079')","propertyPath":"STATUS_DESC"}},"wdio_ui5_key":"etmportal.ui.managerequests.view.Detailsap.m.Text{\"path\":\"/SmartRequestItemsPlanningBoard(ITEM=10m,REQUEST='20079')\",\"propertyPath\":\"STATUS_DESC\"}"}]}
RESULT: {"script":"<script> [1562 bytes]","args":[{"selector":{"controlType":"sap.m.Text","viewName":"etm.portal.ui.managerequests.view.Detail","bindingPath":{"path":"/SmartRequestItemsPlanningBoard(ITEM=10m,REQUEST='20079')","propertyPath":"STATUS_DESC"}},"wdio_ui5_key":"etmportal.ui.managerequests.view.Detailsap.m.Text{\"path\":\"/SmartRequestItemsPlanningBoard(ITEM=10m,REQUEST='20079')\",\"propertyPath\":\"STATUS_DESC\"}"}]}
RESULT: undefined
COMMAND: POST /session/764ef295c8f44d2e14b184d73c4fb1a3/execute/async - {"script":"<script> [6424 bytes]","args":[{"element-6066-11e4-a52e-4f735466cecf":"f.809832546CBCDBCC14053EE8D21219E9.d.5BBBAE653E1017D8C4A7065C444352F6.e.12968"},"getText",[]]}
RESULT: {"script":"<script> [6424 bytes]","args":[{"element-6066-11e4-a52e-4f735466cecf":"f.809832546CBCDBCC14053EE8D21219E9.d.5BBBAE653E1017D8C4A7065C444352F6.e.12968"},"getText",[]]}
COMMAND: POST /session/764ef295c8f44d2e14b184d73c4fb1a3/execute/async - {"script":"<script> [1562 bytes]","args":[{"selector":{"controlType":"sap.m.ObjectStatus","viewName":"etm.portal.ui.managerequests.view.Detail","bindingPath":{"path":"/RequestHeaders('20079')","propertyPath":"LINK_TO_STATUS/DESCRIPTION","modelName":"catalogModel"}},"wdio_ui5_key":"etmportal.ui.managerequests.view.Detailsap.m.ObjectStatus{\"path\":\"/RequestHeaders('20079')\",\"propertyPath\":\"LINK_TO_STATUS/DESCRIPTION\",\"modelName\":\"catalogModel\"}"}]}
RESULT: {"script":"<script> [1562 bytes]","args":[{"selector":{"controlType":"sap.m.ObjectStatus","viewName":"etm.portal.ui.managerequests.view.Detail","bindingPath":{"path":"/RequestHeaders('20079')","propertyPath":"LINK_TO_STATUS/DESCRIPTION","modelName":"catalogModel"}},"wdio_ui5_key":"etmportal.ui.managerequests.view.Detailsap.m.ObjectStatus{\"path\":\"/RequestHeaders('20079')\",\"propertyPath\":\"LINK_TO_STATUS/DESCRIPTION\",\"modelName\":\"catalogModel\"}"}]}
RESULT: undefined
COMMAND: POST /session/764ef295c8f44d2e14b184d73c4fb1a3/execute/async - {"script":"<script> [6424 bytes]","args":[{"element-6066-11e4-a52e-4f735466cecf":"f.809832546CBCDBCC14053EE8D21219E9.d.5BBBAE653E1017D8C4A7065C444352F6.e.12969"},"getText",[]]}
RESULT: {"script":"<script> [6424 bytes]","args":[{"element-6066-11e4-a52e-4f735466cecf":"f.809832546CBCDBCC14053EE8D21219E9.d.5BBBAE653E1017D8C4A7065C444352F6.e.12969"},"getText",[]]}
COMMAND: DELETE /session/764ef295c8f44d2e14b184d73c4fb1a3 - {}
RESULT: {}
]]></system-out>
    </testcase>
  </testsuite>
</testsuites>