<?xml version="1.0" encoding="UTF-8"?>
<testsuites tests="7" failures="0" errors="0" skipped="0">
  <testsuite timestamp="2025-05-13T16:07:40" time="806.485" tests="4" failures="0" errors="0" skipped="0">
    <properties>
      <property name="specId" value="0" />
      <property name="suiteName" value="Webshop - Hyperlinks visible and working properly  US139085" />
      <property name="capabilities" value="chrome.136_0_7103_49.windows" />
      <property name="file" value="file:///D:/a/1/s/test/specs/R2C/webshop-hyperlinks-yard-site.spec.js" />
    </properties>
    <testcase classname="chrome.136_0_7103_49.windows.Webshop_-_Hyperlinks_visible_and_working_properly__US139085" name="Should create prerequisites for webshop suite" time="289.91">
      <system-out><![CDATA[
COMMAND: POST /session/1c509b1daf78d5bd7fa30d63e65e61da/execute/async - {"script":"<script> [1562 bytes]","args":[{"selector":{"controlType":"sap.m.GenericTile","properties":{"header":"Manage Yards"}},"wdio_ui5_key":"sapm.GenericTile{\"header\":\"Manage Yards\"}"}]}
RESULT: {"script":"<script> [1562 bytes]","args":[{"selector":{"controlType":"sap.m.GenericTile","properties":{"header":"Manage Yards"}},"wdio_ui5_key":"sapm.GenericTile{\"header\":\"Manage Yards\"}"}]}
RESULT: undefined
COMMAND: POST /session/1c509b1daf78d5bd7fa30d63e65e61da/element - {"using":"xpath","value":"//*[@id=\"__tile41\"]"}
RESULT: {"using":"xpath","value":"//*[@id=\"__tile41\"]"}
COMMAND: POST /session/1c509b1daf78d5bd7fa30d63e65e61da/element/f.5F4D13A366F511D63C807E683D9EB3B8.d.52D91E51E58A1BE918297BDD56126768.e.113/click - {}
RESULT: {}
COMMAND: GET /session/1c509b1daf78d5bd7fa30d63e65e61da/screenshot - {}
RESULT: {}
COMMAND: POST /session/1c509b1daf78d5bd7fa30d63e65e61da/elements - {"using":"xpath","value":"//span[text()='Error']"}
RESULT: {"using":"xpath","value":"//span[text()='Error']"}
COMMAND: POST /session/1c509b1daf78d5bd7fa30d63e65e61da/execute/async - {"script":"<script> [1562 bytes]","args":[{"selector":{"controlType":"sap.ui.core.Icon","viewName":"etm.portal.ui.manageyards.view.Master","viewId":"application-manageyards-display-component---masterYard","properties":{"src":{"regex":{"source":"add"}}}},"wdio_ui5_key":"etmportal.ui.manageyards.view.Mastersap.ui.core.Icon{\"src\":{\"regex\":{\"source\":\"add\"}}}"}]}
RESULT: {"script":"<script> [1562 bytes]","args":[{"selector":{"controlType":"sap.ui.core.Icon","viewName":"etm.portal.ui.manageyards.view.Master","viewId":"application-manageyards-display-component---masterYard","properties":{"src":{"regex":{"source":"add"}}}},"wdio_ui5_key":"etmportal.ui.manageyards.view.Mastersap.ui.core.Icon{\"src\":{\"regex\":{\"source\":\"add\"}}}"}]}
RESULT: undefined
COMMAND: POST /session/1c509b1daf78d5bd7fa30d63e65e61da/element - {"using":"xpath","value":"//*[@id=\"__button4-img\"]"}
RESULT: {"using":"xpath","value":"//*[@id=\"__button4-img\"]"}
COMMAND: POST /session/1c509b1daf78d5bd7fa30d63e65e61da/element/f.5F4D13A366F511D63C807E683D9EB3B8.d.52D91E51E58A1BE918297BDD56126768.e.160/click - {}
RESULT: {}
COMMAND: GET /session/1c509b1daf78d5bd7fa30d63e65e61da/screenshot - {}
RESULT: {}
COMMAND: POST /session/1c509b1daf78d5bd7fa30d63e65e61da/execute/async - {"script":"<script> [1562 bytes]","args":[{"selector":{"id":"application-manageyards-display-component---NewYard--yardId","interaction":{"idSuffix":"inner"}},"wdio_ui5_key":"applicationmanageyards-display-component---NewYard--yardId"}]}
RESULT: {"script":"<script> [1562 bytes]","args":[{"selector":{"id":"application-manageyards-display-component---NewYard--yardId","interaction":{"idSuffix":"inner"}},"wdio_ui5_key":"applicationmanageyards-display-component---NewYard--yardId"}]}
RESULT: undefined
COMMAND: POST /session/1c509b1daf78d5bd7fa30d63e65e61da/element - {"using":"xpath","value":"//*[@id=\"application-manageyards-display-component---NewYard--addressDetailDetailsName1-inner\"]"}
RESULT: {"using":"xpath","value":"//*[@id=\"application-manageyards-display-component---NewYard--addressDetailDetailsName1-inner\"]"}
COMMAND: POST /session/1c509b1daf78d5bd7fa30d63e65e61da/element/f.5F4D13A366F511D63C807E683D9EB3B8.d.52D91E51E58A1BE918297BDD56126768.e.377/clear - {}
RESULT: {}
COMMAND: POST /session/1c509b1daf78d5bd7fa30d63e65e61da/element/f.5F4D13A366F511D63C807E683D9EB3B8.d.52D91E51E58A1BE918297BDD56126768.e.377/value - {"text":"WebdriverYard03bt4"}
COMMAND: GET /session/1c509b1daf78d5bd7fa30d63e65e61da/screenshot - {}
RESULT: {"text":"WebdriverYard03bt4"}
COMMAND: POST /session/1c509b1daf78d5bd7fa30d63e65e61da/element - {"using":"xpath","value":"//*[@id=\"application-manageyards-display-component---NewYard--addressDetailDetailsLanguage-inner\"]"}
COMMAND: GET /session/1c509b1daf78d5bd7fa30d63e65e61da/screenshot - {}
RESULT: {}
RESULT: {"using":"xpath","value":"//*[@id=\"application-manageyards-display-component---NewYard--addressDetailDetailsLanguage-inner\"]"}
COMMAND: POST /session/1c509b1daf78d5bd7fa30d63e65e61da/element/f.5F4D13A366F511D63C807E683D9EB3B8.d.52D91E51E58A1BE918297BDD56126768.e.378/clear - {}
RESULT: {}
RESULT: {}
COMMAND: POST /session/1c509b1daf78d5bd7fa30d63e65e61da/element/f.5F4D13A366F511D63C807E683D9EB3B8.d.52D91E51E58A1BE918297BDD56126768.e.378/value - {"text":"Romanian"}
COMMAND: GET /session/1c509b1daf78d5bd7fa30d63e65e61da/screenshot - {}
RESULT: {"text":"Romanian"}
COMMAND: POST /session/1c509b1daf78d5bd7fa30d63e65e61da/element - {"using":"xpath","value":"//input[contains(@id ,\"application-manageyards-display-component---NewYard--addressDetailDetailsName1-inner\")]"}
COMMAND: GET /session/1c509b1daf78d5bd7fa30d63e65e61da/screenshot - {}
RESULT: {}
RESULT: {"using":"xpath","value":"//input[contains(@id ,\"application-manageyards-display-component---NewYard--addressDetailDetailsName1-inner\")]"}
COMMAND: GET /session/1c509b1daf78d5bd7fa30d63e65e61da/element/f.5F4D13A366F511D63C807E683D9EB3B8.d.52D91E51E58A1BE918297BDD56126768.e.377/property/value - {}
RESULT: {}
RESULT: {}
COMMAND: GET /session/1c509b1daf78d5bd7fa30d63e65e61da/screenshot - {}
RESULT: {}
COMMAND: POST /session/1c509b1daf78d5bd7fa30d63e65e61da/element - {"using":"xpath","value":"//*[@id=\"application-manageyards-display-component---NewYard--addressDetailDetailsCity1-inner\"]"}
RESULT: {"using":"xpath","value":"//*[@id=\"application-manageyards-display-component---NewYard--addressDetailDetailsCity1-inner\"]"}
COMMAND: POST /session/1c509b1daf78d5bd7fa30d63e65e61da/element/f.5F4D13A366F511D63C807E683D9EB3B8.d.52D91E51E58A1BE918297BDD56126768.e.380/clear - {}
RESULT: {}
COMMAND: POST /session/1c509b1daf78d5bd7fa30d63e65e61da/element/f.5F4D13A366F511D63C807E683D9EB3B8.d.52D91E51E58A1BE918297BDD56126768.e.380/value - {"text":"Bucuresti"}
COMMAND: GET /session/1c509b1daf78d5bd7fa30d63e65e61da/screenshot - {}
RESULT: {"text":"Bucuresti"}
COMMAND: GET /session/1c509b1daf78d5bd7fa30d63e65e61da/screenshot - {}
RESULT: {}
RESULT: {}
COMMAND: POST /session/1c509b1daf78d5bd7fa30d63e65e61da/element - {"using":"xpath","value":"//*[@id=\"application-manageyards-display-component---NewYard--addressDetailDetailsCountry-inner\"]"}
RESULT: {"using":"xpath","value":"//*[@id=\"application-manageyards-display-component---NewYard--addressDetailDetailsCountry-inner\"]"}
COMMAND: POST /session/1c509b1daf78d5bd7fa30d63e65e61da/element/f.5F4D13A366F511D63C807E683D9EB3B8.d.52D91E51E58A1BE918297BDD56126768.e.384/clear - {}
RESULT: {}
COMMAND: POST /session/1c509b1daf78d5bd7fa30d63e65e61da/element/f.5F4D13A366F511D63C807E683D9EB3B8.d.52D91E51E58A1BE918297BDD56126768.e.384/value - {"text":"Romania"}
COMMAND: GET /session/1c509b1daf78d5bd7fa30d63e65e61da/screenshot - {}
RESULT: {"text":"Romania"}
COMMAND: GET /session/1c509b1daf78d5bd7fa30d63e65e61da/screenshot - {}
RESULT: {}
RESULT: {}
COMMAND: POST /session/1c509b1daf78d5bd7fa30d63e65e61da/element - {"using":"xpath","value":"//div[contains(text(), \"Commercial\")]"}
RESULT: {"using":"xpath","value":"//div[contains(text(), \"Commercial\")]"}
COMMAND: GET /session/1c509b1daf78d5bd7fa30d63e65e61da/element/f.5F4D13A366F511D63C807E683D9EB3B8.d.52D91E51E58A1BE918297BDD56126768.e.576/rect - {}
RESULT: {}
COMMAND: GET /session/1c509b1daf78d5bd7fa30d63e65e61da/window/rect - {}
RESULT: {}
COMMAND: POST /session/1c509b1daf78d5bd7fa30d63e65e61da/execute/sync - {"script":"<script> [92 bytes]","args":[]}
RESULT: {"script":"<script> [92 bytes]","args":[]}
COMMAND: POST /session/1c509b1daf78d5bd7fa30d63e65e61da/actions - {"actions":[{"id":"action1","type":"wheel","parameters":{},"actions":[{"type":"scroll","x":-1841,"y":-44,"deltaX":0,"deltaY":0,"duration":0,"origin":{"element-6066-11e4-a52e-4f735466cecf":"f.5F4D13A366F511D63C807E683D9EB3B8.d.52D91E51E58A1BE918297BDD56126768.e.576"}}]}]}
COMMAND: GET /session/1c509b1daf78d5bd7fa30d63e65e61da/screenshot - {}
RESULT: {}
COMMAND: POST /session/1c509b1daf78d5bd7fa30d63e65e61da/execute/sync - {"script":"<script> [79 bytes]","args":[{"element-6066-11e4-a52e-4f735466cecf":"f.5F4D13A366F511D63C807E683D9EB3B8.d.52D91E51E58A1BE918297BDD56126768.e.576","ELEMENT":"f.5F4D13A366F511D63C807E683D9EB3B8.d.52D91E51E58A1BE918297BDD56126768.e.576"},{"block":"start","inline":"nearest"}]}
RESULT: {"script":"<script> [79 bytes]","args":[{"element-6066-11e4-a52e-4f735466cecf":"f.5F4D13A366F511D63C807E683D9EB3B8.d.52D91E51E58A1BE918297BDD56126768.e.576","ELEMENT":"f.5F4D13A366F511D63C807E683D9EB3B8.d.52D91E51E58A1BE918297BDD56126768.e.576"},{"block":"start","inline":"nearest"}]}
COMMAND: GET /session/1c509b1daf78d5bd7fa30d63e65e61da/screenshot - {}
RESULT: {}
COMMAND: POST /session/1c509b1daf78d5bd7fa30d63e65e61da/execute/async - {"script":"<script> [1562 bytes]","args":[{"selector":{"id":"application-manageyards-display-component---NewYard--addressEditDetailsCostObjectCstType-arrow"},"wdio_ui5_key":"applicationmanageyards-display-component---NewYard--addressEditDetailsCostObjectCstType-arrow"}]}
RESULT: {"script":"<script> [1562 bytes]","args":[{"selector":{"id":"application-manageyards-display-component---NewYard--addressEditDetailsCostObjectCstType-arrow"},"wdio_ui5_key":"applicationmanageyards-display-component---NewYard--addressEditDetailsCostObjectCstType-arrow"}]}
RESULT: undefined
COMMAND: POST /session/1c509b1daf78d5bd7fa30d63e65e61da/element - {"using":"xpath","value":"//*[@id=\"application-manageyards-display-component---NewYard--addressEditDetailsCostObjectCstType-arrow\"]"}
RESULT: {"using":"xpath","value":"//*[@id=\"application-manageyards-display-component---NewYard--addressEditDetailsCostObjectCstType-arrow\"]"}
COMMAND: POST /session/1c509b1daf78d5bd7fa30d63e65e61da/element/f.5F4D13A366F511D63C807E683D9EB3B8.d.52D91E51E58A1BE918297BDD56126768.e.584/click - {}
RESULT: {}
COMMAND: POST /session/1c509b1daf78d5bd7fa30d63e65e61da/element - {"using":"xpath","value":"//span[contains(text(), \"Cost Center\")]"}
COMMAND: GET /session/1c509b1daf78d5bd7fa30d63e65e61da/screenshot - {}
RESULT: {}
RESULT: {"using":"xpath","value":"//span[contains(text(), \"Cost Center\")]"}
COMMAND: POST /session/1c509b1daf78d5bd7fa30d63e65e61da/element/f.5F4D13A366F511D63C807E683D9EB3B8.d.52D91E51E58A1BE918297BDD56126768.e.585/click - {}
RESULT: {}
COMMAND: GET /session/1c509b1daf78d5bd7fa30d63e65e61da/screenshot - {}
RESULT: {}
COMMAND: POST /session/1c509b1daf78d5bd7fa30d63e65e61da/execute/async - {"script":"<script> [1562 bytes]","args":[{"selector":{"id":"application-manageyards-display-component---NewYard--addressNewCostObjectCstID-vhi"},"wdio_ui5_key":"applicationmanageyards-display-component---NewYard--addressNewCostObjectCstID-vhi"}]}
RESULT: {"script":"<script> [1562 bytes]","args":[{"selector":{"id":"application-manageyards-display-component---NewYard--addressNewCostObjectCstID-vhi"},"wdio_ui5_key":"applicationmanageyards-display-component---NewYard--addressNewCostObjectCstID-vhi"}]}
RESULT: undefined
COMMAND: POST /session/1c509b1daf78d5bd7fa30d63e65e61da/element - {"using":"xpath","value":"//*[@id=\"application-manageyards-display-component---NewYard--addressNewCostObjectCstID-vhi\"]"}
RESULT: {"using":"xpath","value":"//*[@id=\"application-manageyards-display-component---NewYard--addressNewCostObjectCstID-vhi\"]"}
COMMAND: POST /session/1c509b1daf78d5bd7fa30d63e65e61da/element/f.5F4D13A366F511D63C807E683D9EB3B8.d.52D91E51E58A1BE918297BDD56126768.e.589/click - {}
RESULT: {}
COMMAND: GET /session/1c509b1daf78d5bd7fa30d63e65e61da/screenshot - {}
RESULT: {}
COMMAND: POST /session/1c509b1daf78d5bd7fa30d63e65e61da/execute/async - {"script":"<script> [1562 bytes]","args":[{"selector":{"controlType":"sap.m.SearchField","properties":{"placeholder":"Search"},"searchOpenDialogs":true,"interaction":{"idSuffix":"I"}},"wdio_ui5_key":"sapm.SearchField{\"placeholder\":\"Search\"}"}]}
RESULT: {"script":"<script> [1562 bytes]","args":[{"selector":{"controlType":"sap.m.SearchField","properties":{"placeholder":"Search"},"searchOpenDialogs":true,"interaction":{"idSuffix":"I"}},"wdio_ui5_key":"sapm.SearchField{\"placeholder\":\"Search\"}"}]}
RESULT: undefined
COMMAND: POST /session/1c509b1daf78d5bd7fa30d63e65e61da/execute/async - {"script":"<script> [776 bytes]","args":[{"enterText":"10001013","selector":{"controlType":"sap.m.SearchField","properties":{"placeholder":"Search"},"searchOpenDialogs":true,"interaction":{"idSuffix":"I"}},"clearTextFirst":true,"interactionType":"ENTER_TEXT"}]}
RESULT: {"script":"<script> [776 bytes]","args":[{"enterText":"10001013","selector":{"controlType":"sap.m.SearchField","properties":{"placeholder":"Search"},"searchOpenDialogs":true,"interaction":{"idSuffix":"I"}},"clearTextFirst":true,"interactionType":"ENTER_TEXT"}]}
COMMAND: POST /session/1c509b1daf78d5bd7fa30d63e65e61da/actions - {"actions":[{"id":"action2","type":"key","parameters":{},"actions":[{"type":"keyDown","value":"î€‡"},{"type":"pause","duration":10},{"type":"keyUp","value":"î€‡"}]}]}
RESULT: {"actions":[{"id":"action2","type":"key","parameters":{},"actions":[{"type":"keyDown","value":"î€‡"},{"type":"pause","duration":10},{"type":"keyUp","value":"î€‡"}]}]}
COMMAND: GET /session/1c509b1daf78d5bd7fa30d63e65e61da/screenshot - {}
RESULT: {}
COMMAND: POST /session/1c509b1daf78d5bd7fa30d63e65e61da/element - {"using":"xpath","value":"//span[contains(text(), \"General Management\")]"}
RESULT: {"using":"xpath","value":"//span[contains(text(), \"General Management\")]"}
COMMAND: POST /session/1c509b1daf78d5bd7fa30d63e65e61da/element/f.5F4D13A366F511D63C807E683D9EB3B8.d.52D91E51E58A1BE918297BDD56126768.e.629/click - {}
RESULT: {}
COMMAND: GET /session/1c509b1daf78d5bd7fa30d63e65e61da/screenshot - {}
RESULT: {}
COMMAND: POST /session/1c509b1daf78d5bd7fa30d63e65e61da/element - {"using":"xpath","value":"//bdi[contains(text(), \"OK\")]"}
RESULT: {"using":"xpath","value":"//bdi[contains(text(), \"OK\")]"}
COMMAND: POST /session/1c509b1daf78d5bd7fa30d63e65e61da/element/f.5F4D13A366F511D63C807E683D9EB3B8.d.52D91E51E58A1BE918297BDD56126768.e.630/click - {}
RESULT: {}
COMMAND: GET /session/1c509b1daf78d5bd7fa30d63e65e61da/screenshot - {}
RESULT: {}
COMMAND: POST /session/1c509b1daf78d5bd7fa30d63e65e61da/execute/async - {"script":"<script> [1562 bytes]","args":[{"selector":{"controlType":"sap.m.Button","viewName":"etm.portal.ui.manageyards.view.New","viewId":"application-manageyards-display-component---NewYard","i18NText":{"propertyName":"text","key":"save"},"interaction":{"idSuffix":"inner"}},"wdio_ui5_key":"etmportal.ui.manageyards.view.Newsap.m.Button{\"propertyName\":\"text\",\"key\":\"save\"}"}]}
RESULT: {"script":"<script> [1562 bytes]","args":[{"selector":{"controlType":"sap.m.Button","viewName":"etm.portal.ui.manageyards.view.New","viewId":"application-manageyards-display-component---NewYard","i18NText":{"propertyName":"text","key":"save"},"interaction":{"idSuffix":"inner"}},"wdio_ui5_key":"etmportal.ui.manageyards.view.Newsap.m.Button{\"propertyName\":\"text\",\"key\":\"save\"}"}]}
RESULT: undefined
COMMAND: POST /session/1c509b1daf78d5bd7fa30d63e65e61da/element - {"using":"xpath","value":"//*[@id=\"__button18\"]"}
RESULT: {"using":"xpath","value":"//*[@id=\"__button18\"]"}
COMMAND: POST /session/1c509b1daf78d5bd7fa30d63e65e61da/element/f.5F4D13A366F511D63C807E683D9EB3B8.d.52D91E51E58A1BE918297BDD56126768.e.536/click - {}
RESULT: {}
COMMAND: GET /session/1c509b1daf78d5bd7fa30d63e65e61da/screenshot - {}
RESULT: {}
COMMAND: POST /session/1c509b1daf78d5bd7fa30d63e65e61da/element - {"using":"xpath","value":"//header/div/div[2]/div[2]/span"}
RESULT: {"using":"xpath","value":"//header/div/div[2]/div[2]/span"}
COMMAND: GET /session/1c509b1daf78d5bd7fa30d63e65e61da/element/f.5F4D13A366F511D63C807E683D9EB3B8.d.52D91E51E58A1BE918297BDD56126768.e.830/text - {}
RESULT: {}
COMMAND: POST /session/1c509b1daf78d5bd7fa30d63e65e61da/execute/async - {"script":"<script> [1562 bytes]","args":[{"selector":{"controlType":"sap.m.OverflowToolbarButton","viewName":"etm.portal.ui.manageyards.view.Detail","viewId":"application-manageyards-display-component---detailYard","i18NText":{"propertyName":"tooltip","key":"closeColumn"},"interaction":{"idSuffix":"inner"}},"wdio_ui5_key":"etmportal.ui.manageyards.view.Detailsap.m.OverflowToolbarButton{\"propertyName\":\"tooltip\",\"key\":\"closeColumn\"}"}]}
RESULT: {"script":"<script> [1562 bytes]","args":[{"selector":{"controlType":"sap.m.OverflowToolbarButton","viewName":"etm.portal.ui.manageyards.view.Detail","viewId":"application-manageyards-display-component---detailYard","i18NText":{"propertyName":"tooltip","key":"closeColumn"},"interaction":{"idSuffix":"inner"}},"wdio_ui5_key":"etmportal.ui.manageyards.view.Detailsap.m.OverflowToolbarButton{\"propertyName\":\"tooltip\",\"key\":\"closeColumn\"}"}]}
RESULT: undefined
COMMAND: POST /session/1c509b1daf78d5bd7fa30d63e65e61da/element - {"using":"xpath","value":"//*[@id=\"__button40\"]"}
RESULT: {"using":"xpath","value":"//*[@id=\"__button40\"]"}
COMMAND: POST /session/1c509b1daf78d5bd7fa30d63e65e61da/element/f.5F4D13A366F511D63C807E683D9EB3B8.d.52D91E51E58A1BE918297BDD56126768.e.832/click - {}
RESULT: {}
COMMAND: GET /session/1c509b1daf78d5bd7fa30d63e65e61da/screenshot - {}
RESULT: {}
COMMAND: POST /session/1c509b1daf78d5bd7fa30d63e65e61da/element - {"using":"css selector","value":"#shell-header-logo"}
RESULT: {"using":"css selector","value":"#shell-header-logo"}
COMMAND: POST /session/1c509b1daf78d5bd7fa30d63e65e61da/element/f.5F4D13A366F511D63C807E683D9EB3B8.d.52D91E51E58A1BE918297BDD56126768.e.115/click - {}
RESULT: {}
COMMAND: GET /session/1c509b1daf78d5bd7fa30d63e65e61da/screenshot - {}
RESULT: {}
COMMAND: POST /session/1c509b1daf78d5bd7fa30d63e65e61da/refresh - {}
RESULT: {}
COMMAND: GET /session/1c509b1daf78d5bd7fa30d63e65e61da/screenshot - {}
RESULT: {}
COMMAND: POST /session/1c509b1daf78d5bd7fa30d63e65e61da/execute/async - {"script":"<script> [189 bytes]","args":[]}
RESULT: {"script":"<script> [189 bytes]","args":[]}
COMMAND: POST /session/1c509b1daf78d5bd7fa30d63e65e61da/execute/async - {"script":"<script> [123 bytes]","args":[]}
RESULT: {"script":"<script> [123 bytes]","args":[]}
COMMAND: POST /session/1c509b1daf78d5bd7fa30d63e65e61da/timeouts - {"script":"<number>"}
RESULT: {"script":"<number>"}
COMMAND: GET /session/1c509b1daf78d5bd7fa30d63e65e61da/timeouts - {}
RESULT: {}
RESULT: undefined
COMMAND: POST /session/1c509b1daf78d5bd7fa30d63e65e61da/execute/async - {"script":"<script> [2676 bytes]","args":[]}
RESULT: {"script":"<script> [2676 bytes]","args":[]}
COMMAND: POST /session/1c509b1daf78d5bd7fa30d63e65e61da/execute/async - {"script":"<script> [2342 bytes]","args":[{"protocol":"http","hostname":"0.0.0.0","path":"/","capabilities":{"browserName":"chrome","goog:chromeOptions":{"binary":"C:\\Program Files\\Google\\Chrome\\Application\\chrome.exe","args":["--start-maximized"]}},"logLevel":"warn","connectionRetryTimeout":120000,"connectionRetryCount":3,"logLevels":{},"enableDirectConnect":true,"strictSSL":true,"_":"65 more keys: [\"cacheDir\",\"port\",\"requestedCapabilities\",\"automationProtocol\",\"baseUrl\",\"waitforInterval\",\"waitforTimeout\",\"onReload\",\"beforeCommand\",\"afterCommand\",\"rootDir\",\"specs\",\"suites\",\"exclude\",\"groupLogsByTestSpec\",\"excludeDriverLogs\",\"bail\",\"framework\",\"reporters\",\"services\",\"maxInstances\",\"maxInstancesPerCapability\",\"injectGlobals\",\"filesToWatch\",\"execArgv\",\"runnerEnv\",\"runner\",\"shard\",\"specFileRetries\",\"specFileRetriesDelay\",\"specFileRetriesDeferred\",\"reporterSyncInterval\",\"reporterSyncTimeout\",\"cucumberFeaturesWithLineNumbers\",\"autoCompileOpts\",\"mochaOpts\",\"jasmineOpts\",\"cucumberOpts\",\"onPrepare\",\"onWorkerStart\",\"onWorkerEnd\",\"before\",\"beforeSession\",\"beforeSuite\",\"beforeHook\",\"beforeTest\",\"afterTest\",\"afterHook\",\"afterSuite\",\"afterSession\",\"after\",\"onComplete\",\"beforeAssertion\",\"afterAssertion\",\"beforeFeature\",\"beforeScenario\",\"beforeStep\",\"afterStep\",\"afterScenario\",\"afterFeature\",\"_\",\"suite\",\"$0\",\"ignoredWorkerServices\",\"wdi5\"]"}]}
RESULT: {"script":"<script> [2342 bytes]","args":[{"protocol":"http","hostname":"0.0.0.0","path":"/","capabilities":{"browserName":"chrome","goog:chromeOptions":{"binary":"C:\\Program Files\\Google\\Chrome\\Application\\chrome.exe","args":["--start-maximized"]}},"logLevel":"warn","connectionRetryTimeout":120000,"connectionRetryCount":3,"logLevels":{},"enableDirectConnect":true,"strictSSL":true,"_":"65 more keys: [\"cacheDir\",\"port\",\"requestedCapabilities\",\"automationProtocol\",\"baseUrl\",\"waitforInterval\",\"waitforTimeout\",\"onReload\",\"beforeCommand\",\"afterCommand\",\"rootDir\",\"specs\",\"suites\",\"exclude\",\"groupLogsByTestSpec\",\"excludeDriverLogs\",\"bail\",\"framework\",\"reporters\",\"services\",\"maxInstances\",\"maxInstancesPerCapability\",\"injectGlobals\",\"filesToWatch\",\"execArgv\",\"runnerEnv\",\"runner\",\"shard\",\"specFileRetries\",\"specFileRetriesDelay\",\"specFileRetriesDeferred\",\"reporterSyncInterval\",\"reporterSyncTimeout\",\"cucumberFeaturesWithLineNumbers\",\"autoCompileOpts\",\"mochaOpts\",\"jasmineOpts\",\"cucumberOpts\",\"onPrepare\",\"onWorkerStart\",\"onWorkerEnd\",\"before\",\"beforeSession\",\"beforeSuite\",\"beforeHook\",\"beforeTest\",\"afterTest\",\"afterHook\",\"afterSuite\",\"afterSession\",\"after\",\"onComplete\",\"beforeAssertion\",\"afterAssertion\",\"beforeFeature\",\"beforeScenario\",\"beforeStep\",\"afterStep\",\"afterScenario\",\"afterFeature\",\"_\",\"suite\",\"$0\",\"ignoredWorkerServices\",\"wdi5\"]"}]}
COMMAND: POST /session/1c509b1daf78d5bd7fa30d63e65e61da/execute/async - {"script":"<script> [21126 bytes]","args":[35000]}
RESULT: {"script":"<script> [21126 bytes]","args":[35000]}
COMMAND: POST /session/1c509b1daf78d5bd7fa30d63e65e61da/execute/async - {"script":"<script> [1562 bytes]","args":[{"selector":{"controlType":"sap.m.GenericTile","properties":{"header":"Manage Sites"}},"wdio_ui5_key":"sapm.GenericTile{\"header\":\"Manage Sites\"}"}]}
RESULT: {"script":"<script> [1562 bytes]","args":[{"selector":{"controlType":"sap.m.GenericTile","properties":{"header":"Manage Sites"}},"wdio_ui5_key":"sapm.GenericTile{\"header\":\"Manage Sites\"}"}]}
RESULT: undefined
COMMAND: POST /session/1c509b1daf78d5bd7fa30d63e65e61da/element - {"using":"xpath","value":"//*[@id=\"__tile40\"]"}
RESULT: {"using":"xpath","value":"//*[@id=\"__tile40\"]"}
COMMAND: POST /session/1c509b1daf78d5bd7fa30d63e65e61da/element/f.5F4D13A366F511D63C807E683D9EB3B8.d.C015F803BD6B2D5905A25FB0FA3D3D01.e.1182/click - {}
RESULT: {}
COMMAND: GET /session/1c509b1daf78d5bd7fa30d63e65e61da/screenshot - {}
RESULT: {}
COMMAND: POST /session/1c509b1daf78d5bd7fa30d63e65e61da/elements - {"using":"xpath","value":"//span[text()='Error']"}
RESULT: {"using":"xpath","value":"//span[text()='Error']"}
COMMAND: POST /session/1c509b1daf78d5bd7fa30d63e65e61da/execute/async - {"script":"<script> [1562 bytes]","args":[{"selector":{"controlType":"sap.ui.core.Icon","viewName":"etm.portal.ui.managesites.view.Master","viewId":"application-managesites-display-component---masterSite","properties":{"src":{"regex":{"source":"add"}}}},"wdio_ui5_key":"etmportal.ui.managesites.view.Mastersap.ui.core.Icon{\"src\":{\"regex\":{\"source\":\"add\"}}}"}]}
RESULT: {"script":"<script> [1562 bytes]","args":[{"selector":{"controlType":"sap.ui.core.Icon","viewName":"etm.portal.ui.managesites.view.Master","viewId":"application-managesites-display-component---masterSite","properties":{"src":{"regex":{"source":"add"}}}},"wdio_ui5_key":"etmportal.ui.managesites.view.Mastersap.ui.core.Icon{\"src\":{\"regex\":{\"source\":\"add\"}}}"}]}
RESULT: undefined
COMMAND: POST /session/1c509b1daf78d5bd7fa30d63e65e61da/element - {"using":"xpath","value":"//*[@id=\"__button4-img\"]"}
RESULT: {"using":"xpath","value":"//*[@id=\"__button4-img\"]"}
COMMAND: POST /session/1c509b1daf78d5bd7fa30d63e65e61da/element/f.5F4D13A366F511D63C807E683D9EB3B8.d.C015F803BD6B2D5905A25FB0FA3D3D01.e.1231/click - {}
RESULT: {}
COMMAND: POST /session/1c509b1daf78d5bd7fa30d63e65e61da/execute/async - {"script":"<script> [1562 bytes]","args":[{"selector":{"id":"application-managesites-display-component---NewSite--siteId","interaction":{"idSuffix":"inner"}},"wdio_ui5_key":"applicationmanagesites-display-component---NewSite--siteId"}]}
COMMAND: GET /session/1c509b1daf78d5bd7fa30d63e65e61da/screenshot - {}
RESULT: {"script":"<script> [1562 bytes]","args":[{"selector":{"id":"application-managesites-display-component---NewSite--siteId","interaction":{"idSuffix":"inner"}},"wdio_ui5_key":"applicationmanagesites-display-component---NewSite--siteId"}]}
RESULT: undefined
COMMAND: POST /session/1c509b1daf78d5bd7fa30d63e65e61da/execute/async - {"script":"<script> [1562 bytes]","args":[{"selector":{"id":"application-managesites-display-component---NewSite--addressDetailDetailsName1","interaction":{"idSuffix":"inner"}},"wdio_ui5_key":"applicationmanagesites-display-component---NewSite--addressDetailDetailsName1"}]}
RESULT: {}
RESULT: {"script":"<script> [1562 bytes]","args":[{"selector":{"id":"application-managesites-display-component---NewSite--addressDetailDetailsName1","interaction":{"idSuffix":"inner"}},"wdio_ui5_key":"applicationmanagesites-display-component---NewSite--addressDetailDetailsName1"}]}
RESULT: undefined
COMMAND: POST /session/1c509b1daf78d5bd7fa30d63e65e61da/execute/async - {"script":"<script> [776 bytes]","args":[{"enterText":"WebdriverSitetb01h","selector":{"id":"application-managesites-display-component---NewSite--addressDetailDetailsName1","interaction":{"idSuffix":"inner"}},"clearTextFirst":true,"interactionType":"ENTER_TEXT"}]}
RESULT: {"script":"<script> [776 bytes]","args":[{"enterText":"WebdriverSitetb01h","selector":{"id":"application-managesites-display-component---NewSite--addressDetailDetailsName1","interaction":{"idSuffix":"inner"}},"clearTextFirst":true,"interactionType":"ENTER_TEXT"}]}
COMMAND: POST /session/1c509b1daf78d5bd7fa30d63e65e61da/execute/async - {"script":"<script> [1562 bytes]","args":[{"selector":{"id":"application-managesites-display-component---NewSite--addressDetailDetailsLanguage","interaction":{"idSuffix":"inner"}},"wdio_ui5_key":"applicationmanagesites-display-component---NewSite--addressDetailDetailsLanguage"}]}
RESULT: {"script":"<script> [1562 bytes]","args":[{"selector":{"id":"application-managesites-display-component---NewSite--addressDetailDetailsLanguage","interaction":{"idSuffix":"inner"}},"wdio_ui5_key":"applicationmanagesites-display-component---NewSite--addressDetailDetailsLanguage"}]}
RESULT: undefined
COMMAND: POST /session/1c509b1daf78d5bd7fa30d63e65e61da/execute/async - {"script":"<script> [776 bytes]","args":[{"enterText":"Romanian","selector":{"id":"application-managesites-display-component---NewSite--addressDetailDetailsLanguage","interaction":{"idSuffix":"inner"}},"clearTextFirst":true,"interactionType":"ENTER_TEXT"}]}
RESULT: {"script":"<script> [776 bytes]","args":[{"enterText":"Romanian","selector":{"id":"application-managesites-display-component---NewSite--addressDetailDetailsLanguage","interaction":{"idSuffix":"inner"}},"clearTextFirst":true,"interactionType":"ENTER_TEXT"}]}
COMMAND: POST /session/1c509b1daf78d5bd7fa30d63e65e61da/execute/async - {"script":"<script> [1562 bytes]","args":[{"selector":{"id":"application-managesites-display-component---NewSite--addressDetailDetailsCity1","interaction":{"idSuffix":"inner"}},"wdio_ui5_key":"applicationmanagesites-display-component---NewSite--addressDetailDetailsCity1"}]}
RESULT: {"script":"<script> [1562 bytes]","args":[{"selector":{"id":"application-managesites-display-component---NewSite--addressDetailDetailsCity1","interaction":{"idSuffix":"inner"}},"wdio_ui5_key":"applicationmanagesites-display-component---NewSite--addressDetailDetailsCity1"}]}
RESULT: undefined
COMMAND: POST /session/1c509b1daf78d5bd7fa30d63e65e61da/execute/async - {"script":"<script> [776 bytes]","args":[{"enterText":"Bucharest","selector":{"id":"application-managesites-display-component---NewSite--addressDetailDetailsCity1","interaction":{"idSuffix":"inner"}},"clearTextFirst":true,"interactionType":"ENTER_TEXT"}]}
RESULT: {"script":"<script> [776 bytes]","args":[{"enterText":"Bucharest","selector":{"id":"application-managesites-display-component---NewSite--addressDetailDetailsCity1","interaction":{"idSuffix":"inner"}},"clearTextFirst":true,"interactionType":"ENTER_TEXT"}]}
COMMAND: POST /session/1c509b1daf78d5bd7fa30d63e65e61da/execute/async - {"script":"<script> [1562 bytes]","args":[{"selector":{"id":"application-managesites-display-component---NewSite--addressDetailDetailsCountry","interaction":{"idSuffix":"inner"}},"wdio_ui5_key":"applicationmanagesites-display-component---NewSite--addressDetailDetailsCountry"}]}
RESULT: {"script":"<script> [1562 bytes]","args":[{"selector":{"id":"application-managesites-display-component---NewSite--addressDetailDetailsCountry","interaction":{"idSuffix":"inner"}},"wdio_ui5_key":"applicationmanagesites-display-component---NewSite--addressDetailDetailsCountry"}]}
RESULT: undefined
COMMAND: POST /session/1c509b1daf78d5bd7fa30d63e65e61da/execute/async - {"script":"<script> [776 bytes]","args":[{"enterText":"Romania","selector":{"id":"application-managesites-display-component---NewSite--addressDetailDetailsCountry","interaction":{"idSuffix":"inner"}},"clearTextFirst":true,"interactionType":"ENTER_TEXT"}]}
RESULT: {"script":"<script> [776 bytes]","args":[{"enterText":"Romania","selector":{"id":"application-managesites-display-component---NewSite--addressDetailDetailsCountry","interaction":{"idSuffix":"inner"}},"clearTextFirst":true,"interactionType":"ENTER_TEXT"}]}
COMMAND: POST /session/1c509b1daf78d5bd7fa30d63e65e61da/element - {"using":"css selector","value":"#application-managesites-display-component---NewSite--addressDetailDetailsCalendar-inner"}
RESULT: {"using":"css selector","value":"#application-managesites-display-component---NewSite--addressDetailDetailsCalendar-inner"}
COMMAND: POST /session/1c509b1daf78d5bd7fa30d63e65e61da/element/f.5F4D13A366F511D63C807E683D9EB3B8.d.C015F803BD6B2D5905A25FB0FA3D3D01.e.1396/clear - {}
RESULT: {}
COMMAND: POST /session/1c509b1daf78d5bd7fa30d63e65e61da/element/f.5F4D13A366F511D63C807E683D9EB3B8.d.C015F803BD6B2D5905A25FB0FA3D3D01.e.1396/value - {"text":"Germany"}
COMMAND: GET /session/1c509b1daf78d5bd7fa30d63e65e61da/screenshot - {}
RESULT: {"text":"Germany"}
COMMAND: POST /session/1c509b1daf78d5bd7fa30d63e65e61da/execute/async - {"script":"<script> [1562 bytes]","args":[{"selector":{"id":"application-managesites-display-component---NewSite--addressEditDetailsCostObjectCstType-arrow"},"wdio_ui5_key":"applicationmanagesites-display-component---NewSite--addressEditDetailsCostObjectCstType-arrow"}]}
COMMAND: GET /session/1c509b1daf78d5bd7fa30d63e65e61da/screenshot - {}
RESULT: {}
RESULT: {"script":"<script> [1562 bytes]","args":[{"selector":{"id":"application-managesites-display-component---NewSite--addressEditDetailsCostObjectCstType-arrow"},"wdio_ui5_key":"applicationmanagesites-display-component---NewSite--addressEditDetailsCostObjectCstType-arrow"}]}
RESULT: undefined
COMMAND: POST /session/1c509b1daf78d5bd7fa30d63e65e61da/element - {"using":"xpath","value":"//*[@id=\"application-managesites-display-component---NewSite--addressEditDetailsCostObjectCstType-arrow\"]"}
RESULT: {}
RESULT: {"using":"xpath","value":"//*[@id=\"application-managesites-display-component---NewSite--addressEditDetailsCostObjectCstType-arrow\"]"}
COMMAND: POST /session/1c509b1daf78d5bd7fa30d63e65e61da/element/f.5F4D13A366F511D63C807E683D9EB3B8.d.C015F803BD6B2D5905A25FB0FA3D3D01.e.1577/click - {}
RESULT: {}
COMMAND: POST /session/1c509b1daf78d5bd7fa30d63e65e61da/element - {"using":"xpath","value":"//span[contains(text(), \"Work Breakdown Structure\")]"}
COMMAND: GET /session/1c509b1daf78d5bd7fa30d63e65e61da/screenshot - {}
RESULT: {"using":"xpath","value":"//span[contains(text(), \"Work Breakdown Structure\")]"}
COMMAND: POST /session/1c509b1daf78d5bd7fa30d63e65e61da/element/f.5F4D13A366F511D63C807E683D9EB3B8.d.C015F803BD6B2D5905A25FB0FA3D3D01.e.1579/click - {}
RESULT: {}
RESULT: {}
COMMAND: GET /session/1c509b1daf78d5bd7fa30d63e65e61da/screenshot - {}
RESULT: {}
COMMAND: POST /session/1c509b1daf78d5bd7fa30d63e65e61da/execute/async - {"script":"<script> [1562 bytes]","args":[{"selector":{"id":"application-managesites-display-component---NewSite--addressNewCostObjectCstID-vhi"},"wdio_ui5_key":"applicationmanagesites-display-component---NewSite--addressNewCostObjectCstID-vhi"}]}
RESULT: {"script":"<script> [1562 bytes]","args":[{"selector":{"id":"application-managesites-display-component---NewSite--addressNewCostObjectCstID-vhi"},"wdio_ui5_key":"applicationmanagesites-display-component---NewSite--addressNewCostObjectCstID-vhi"}]}
RESULT: undefined
COMMAND: POST /session/1c509b1daf78d5bd7fa30d63e65e61da/element - {"using":"xpath","value":"//*[@id=\"application-managesites-display-component---NewSite--addressNewCostObjectCstID-vhi\"]"}
RESULT: {"using":"xpath","value":"//*[@id=\"application-managesites-display-component---NewSite--addressNewCostObjectCstID-vhi\"]"}
COMMAND: POST /session/1c509b1daf78d5bd7fa30d63e65e61da/element/f.5F4D13A366F511D63C807E683D9EB3B8.d.C015F803BD6B2D5905A25FB0FA3D3D01.e.1583/click - {}
RESULT: {}
COMMAND: GET /session/1c509b1daf78d5bd7fa30d63e65e61da/screenshot - {}
RESULT: {}
COMMAND: POST /session/1c509b1daf78d5bd7fa30d63e65e61da/execute/async - {"script":"<script> [1562 bytes]","args":[{"selector":{"controlType":"sap.m.SearchField","properties":{"placeholder":"Search"},"searchOpenDialogs":true,"interaction":{"idSuffix":"I"}},"wdio_ui5_key":"sapm.SearchField{\"placeholder\":\"Search\"}"}]}
RESULT: {"script":"<script> [1562 bytes]","args":[{"selector":{"controlType":"sap.m.SearchField","properties":{"placeholder":"Search"},"searchOpenDialogs":true,"interaction":{"idSuffix":"I"}},"wdio_ui5_key":"sapm.SearchField{\"placeholder\":\"Search\"}"}]}
RESULT: undefined
COMMAND: POST /session/1c509b1daf78d5bd7fa30d63e65e61da/execute/async - {"script":"<script> [776 bytes]","args":[{"enterText":"A1-000100-01","selector":{"controlType":"sap.m.SearchField","properties":{"placeholder":"Search"},"searchOpenDialogs":true,"interaction":{"idSuffix":"I"}},"clearTextFirst":true,"interactionType":"ENTER_TEXT"}]}
RESULT: {"script":"<script> [776 bytes]","args":[{"enterText":"A1-000100-01","selector":{"controlType":"sap.m.SearchField","properties":{"placeholder":"Search"},"searchOpenDialogs":true,"interaction":{"idSuffix":"I"}},"clearTextFirst":true,"interactionType":"ENTER_TEXT"}]}
COMMAND: POST /session/1c509b1daf78d5bd7fa30d63e65e61da/actions - {"actions":[{"id":"action3","type":"key","parameters":{},"actions":[{"type":"keyDown","value":"î€‡"},{"type":"pause","duration":10},{"type":"keyUp","value":"î€‡"}]}]}
RESULT: {"actions":[{"id":"action3","type":"key","parameters":{},"actions":[{"type":"keyDown","value":"î€‡"},{"type":"pause","duration":10},{"type":"keyUp","value":"î€‡"}]}]}
COMMAND: GET /session/1c509b1daf78d5bd7fa30d63e65e61da/screenshot - {}
RESULT: {}
COMMAND: POST /session/1c509b1daf78d5bd7fa30d63e65e61da/element - {"using":"xpath","value":"//span[contains(text(), \"Template for ETO-Process\")]"}
RESULT: {"using":"xpath","value":"//span[contains(text(), \"Template for ETO-Process\")]"}
COMMAND: POST /session/1c509b1daf78d5bd7fa30d63e65e61da/element/f.5F4D13A366F511D63C807E683D9EB3B8.d.C015F803BD6B2D5905A25FB0FA3D3D01.e.1604/click - {}
RESULT: {}
COMMAND: GET /session/1c509b1daf78d5bd7fa30d63e65e61da/screenshot - {}
RESULT: {}
COMMAND: POST /session/1c509b1daf78d5bd7fa30d63e65e61da/element - {"using":"xpath","value":"//bdi[contains(text(), \"OK\")]"}
RESULT: {"using":"xpath","value":"//bdi[contains(text(), \"OK\")]"}
COMMAND: POST /session/1c509b1daf78d5bd7fa30d63e65e61da/element/f.5F4D13A366F511D63C807E683D9EB3B8.d.C015F803BD6B2D5905A25FB0FA3D3D01.e.1605/click - {}
RESULT: {}
COMMAND: GET /session/1c509b1daf78d5bd7fa30d63e65e61da/screenshot - {}
RESULT: {}
COMMAND: POST /session/1c509b1daf78d5bd7fa30d63e65e61da/element - {"using":"xpath","value":"//input[@id=\"application-managesites-display-component---NewSite--addressDetailDetailsYard-inner\"]"}
RESULT: {"using":"xpath","value":"//input[@id=\"application-managesites-display-component---NewSite--addressDetailDetailsYard-inner\"]"}
COMMAND: POST /session/1c509b1daf78d5bd7fa30d63e65e61da/element/f.5F4D13A366F511D63C807E683D9EB3B8.d.C015F803BD6B2D5905A25FB0FA3D3D01.e.1397/value - {"text":"265"}
RESULT: {"text":"265"}
COMMAND: GET /session/1c509b1daf78d5bd7fa30d63e65e61da/screenshot - {}
RESULT: {}
COMMAND: POST /session/1c509b1daf78d5bd7fa30d63e65e61da/actions - {"actions":[{"id":"action4","type":"key","parameters":{},"actions":[{"type":"keyDown","value":"î€‡"},{"type":"pause","duration":10},{"type":"keyUp","value":"î€‡"}]}]}
RESULT: {"actions":[{"id":"action4","type":"key","parameters":{},"actions":[{"type":"keyDown","value":"î€‡"},{"type":"pause","duration":10},{"type":"keyUp","value":"î€‡"}]}]}
COMMAND: GET /session/1c509b1daf78d5bd7fa30d63e65e61da/screenshot - {}
RESULT: {}
COMMAND: POST /session/1c509b1daf78d5bd7fa30d63e65e61da/element - {"using":"xpath","value":"//input[@id=\"application-managesites-display-component---NewSite--addressDetailDetailsPartner-inner\"]"}
RESULT: {"using":"xpath","value":"//input[@id=\"application-managesites-display-component---NewSite--addressDetailDetailsPartner-inner\"]"}
COMMAND: POST /session/1c509b1daf78d5bd7fa30d63e65e61da/elements - {"using":"xpath","value":"//input[@id=\"application-managesites-display-component---NewSite--addressDetailDetailsPartner-inner\"]"}
RESULT: {"using":"xpath","value":"//input[@id=\"application-managesites-display-component---NewSite--addressDetailDetailsPartner-inner\"]"}
COMMAND: POST /session/1c509b1daf78d5bd7fa30d63e65e61da/execute/async - {"script":"<script> [1562 bytes]","args":[{"selector":{"controlType":"sap.m.Button","viewName":"etm.portal.ui.managesites.view.NewSmartSite","viewId":"application-managesites-display-component---NewSite","properties":{"text":"Commercial"},"interaction":{"idSuffix":"BDI-content"}},"wdio_ui5_key":"etmportal.ui.managesites.view.NewSmartSitesap.m.Button{\"text\":\"Commercial\"}"}]}
RESULT: {"script":"<script> [1562 bytes]","args":[{"selector":{"controlType":"sap.m.Button","viewName":"etm.portal.ui.managesites.view.NewSmartSite","viewId":"application-managesites-display-component---NewSite","properties":{"text":"Commercial"},"interaction":{"idSuffix":"BDI-content"}},"wdio_ui5_key":"etmportal.ui.managesites.view.NewSmartSitesap.m.Button{\"text\":\"Commercial\"}"}]}
RESULT: undefined
COMMAND: POST /session/1c509b1daf78d5bd7fa30d63e65e61da/element - {"using":"xpath","value":"//*[@id=\"application-managesites-display-component---NewSite--ObjectPageLayout-anchBar-__section5-anchor\"]"}
RESULT: {"using":"xpath","value":"//*[@id=\"application-managesites-display-component---NewSite--ObjectPageLayout-anchBar-__section5-anchor\"]"}
COMMAND: POST /session/1c509b1daf78d5bd7fa30d63e65e61da/element/f.5F4D13A366F511D63C807E683D9EB3B8.d.C015F803BD6B2D5905A25FB0FA3D3D01.e.1612/click - {}
RESULT: {}
COMMAND: POST /session/1c509b1daf78d5bd7fa30d63e65e61da/execute/async - {"script":"<script> [1562 bytes]","args":[{"selector":{"controlType":"sap.m.Button","viewName":"etm.portal.ui.managesites.view.NewSmartSite","viewId":"application-managesites-display-component---NewSite","i18NText":{"propertyName":"text","key":"save"},"interaction":{"idSuffix":"BDI-content"}},"wdio_ui5_key":"etmportal.ui.managesites.view.NewSmartSitesap.m.Button{\"propertyName\":\"text\",\"key\":\"save\"}"}]}
COMMAND: GET /session/1c509b1daf78d5bd7fa30d63e65e61da/screenshot - {}
RESULT: {"script":"<script> [1562 bytes]","args":[{"selector":{"controlType":"sap.m.Button","viewName":"etm.portal.ui.managesites.view.NewSmartSite","viewId":"application-managesites-display-component---NewSite","i18NText":{"propertyName":"text","key":"save"},"interaction":{"idSuffix":"BDI-content"}},"wdio_ui5_key":"etmportal.ui.managesites.view.NewSmartSitesap.m.Button{\"propertyName\":\"text\",\"key\":\"save\"}"}]}
RESULT: undefined
COMMAND: POST /session/1c509b1daf78d5bd7fa30d63e65e61da/element - {"using":"xpath","value":"//*[@id=\"__button16\"]"}
RESULT: {}
RESULT: {"using":"xpath","value":"//*[@id=\"__button16\"]"}
COMMAND: POST /session/1c509b1daf78d5bd7fa30d63e65e61da/element/f.5F4D13A366F511D63C807E683D9EB3B8.d.C015F803BD6B2D5905A25FB0FA3D3D01.e.1509/click - {}
RESULT: {}
COMMAND: GET /session/1c509b1daf78d5bd7fa30d63e65e61da/screenshot - {}
RESULT: {}
COMMAND: POST /session/1c509b1daf78d5bd7fa30d63e65e61da/execute/async - {"script":"<script> [1562 bytes]","args":[{"selector":{"id":"application-managesites-display-component---detailSite--addressDetailDetailsYardText"},"wdio_ui5_key":"applicationmanagesites-display-component---detailSite--addressDetailDetailsYardText"}]}
RESULT: {"script":"<script> [1562 bytes]","args":[{"selector":{"id":"application-managesites-display-component---detailSite--addressDetailDetailsYardText"},"wdio_ui5_key":"applicationmanagesites-display-component---detailSite--addressDetailDetailsYardText"}]}
RESULT: undefined
COMMAND: POST /session/1c509b1daf78d5bd7fa30d63e65e61da/element - {"using":"xpath","value":"//header/div/div[2]/div[2]/span"}
RESULT: {"using":"xpath","value":"//header/div/div[2]/div[2]/span"}
COMMAND: GET /session/1c509b1daf78d5bd7fa30d63e65e61da/element/f.5F4D13A366F511D63C807E683D9EB3B8.d.C015F803BD6B2D5905A25FB0FA3D3D01.e.1797/text - {}
RESULT: {}
COMMAND: POST /session/1c509b1daf78d5bd7fa30d63e65e61da/element - {"using":"xpath","value":"//header/div/div/div/div/div/div[2]/div/span"}
RESULT: {"using":"xpath","value":"//header/div/div/div/div/div/div[2]/div/span"}
COMMAND: GET /session/1c509b1daf78d5bd7fa30d63e65e61da/element/f.5F4D13A366F511D63C807E683D9EB3B8.d.C015F803BD6B2D5905A25FB0FA3D3D01.e.1798/text - {}
RESULT: {}
COMMAND: POST /session/1c509b1daf78d5bd7fa30d63e65e61da/element - {"using":"css selector","value":"#shell-header-logo"}
RESULT: {"using":"css selector","value":"#shell-header-logo"}
COMMAND: POST /session/1c509b1daf78d5bd7fa30d63e65e61da/element/f.5F4D13A366F511D63C807E683D9EB3B8.d.C015F803BD6B2D5905A25FB0FA3D3D01.e.1185/click - {}
RESULT: {}
COMMAND: GET /session/1c509b1daf78d5bd7fa30d63e65e61da/screenshot - {}
RESULT: {}
COMMAND: POST /session/1c509b1daf78d5bd7fa30d63e65e61da/execute/async - {"script":"<script> [1562 bytes]","args":[{"selector":{"controlType":"sap.m.GenericTile","properties":{"header":"Manage Partners"}},"wdio_ui5_key":"sapm.GenericTile{\"header\":\"Manage Partners\"}"}]}
RESULT: {"script":"<script> [1562 bytes]","args":[{"selector":{"controlType":"sap.m.GenericTile","properties":{"header":"Manage Partners"}},"wdio_ui5_key":"sapm.GenericTile{\"header\":\"Manage Partners\"}"}]}
RESULT: undefined
COMMAND: POST /session/1c509b1daf78d5bd7fa30d63e65e61da/element - {"using":"xpath","value":"//*[@id=\"__tile38\"]"}
RESULT: {"using":"xpath","value":"//*[@id=\"__tile38\"]"}
COMMAND: POST /session/1c509b1daf78d5bd7fa30d63e65e61da/element/f.5F4D13A366F511D63C807E683D9EB3B8.d.C015F803BD6B2D5905A25FB0FA3D3D01.e.1800/click - {}
RESULT: {}
COMMAND: GET /session/1c509b1daf78d5bd7fa30d63e65e61da/screenshot - {}
RESULT: {}
COMMAND: POST /session/1c509b1daf78d5bd7fa30d63e65e61da/elements - {"using":"xpath","value":"//span[text()='Error']"}
RESULT: {"using":"xpath","value":"//span[text()='Error']"}
COMMAND: POST /session/1c509b1daf78d5bd7fa30d63e65e61da/execute/async - {"script":"<script> [1562 bytes]","args":[{"selector":{"controlType":"sap.ui.core.Icon","viewName":"etm.portal.ui.managepartners.view.Master","viewId":"application-managepartners-display-component---masterPtm","properties":{"src":{"regex":{"source":"add"}}}},"wdio_ui5_key":"etmportal.ui.managepartners.view.Mastersap.ui.core.Icon{\"src\":{\"regex\":{\"source\":\"add\"}}}"}]}
RESULT: {"script":"<script> [1562 bytes]","args":[{"selector":{"controlType":"sap.ui.core.Icon","viewName":"etm.portal.ui.managepartners.view.Master","viewId":"application-managepartners-display-component---masterPtm","properties":{"src":{"regex":{"source":"add"}}}},"wdio_ui5_key":"etmportal.ui.managepartners.view.Mastersap.ui.core.Icon{\"src\":{\"regex\":{\"source\":\"add\"}}}"}]}
RESULT: undefined
COMMAND: POST /session/1c509b1daf78d5bd7fa30d63e65e61da/element - {"using":"xpath","value":"//*[@id=\"__button56-img\"]"}
RESULT: {"using":"xpath","value":"//*[@id=\"__button56-img\"]"}
COMMAND: POST /session/1c509b1daf78d5bd7fa30d63e65e61da/element/f.5F4D13A366F511D63C807E683D9EB3B8.d.C015F803BD6B2D5905A25FB0FA3D3D01.e.1849/click - {}
RESULT: {}
COMMAND: GET /session/1c509b1daf78d5bd7fa30d63e65e61da/screenshot - {}
RESULT: {}
COMMAND: POST /session/1c509b1daf78d5bd7fa30d63e65e61da/execute/async - {"script":"<script> [1562 bytes]","args":[{"selector":{"id":"application-managepartners-display-component---NewPartner--partnerId","interaction":{"idSuffix":"inner"}},"wdio_ui5_key":"applicationmanagepartners-display-component---NewPartner--partnerId"}]}
RESULT: {"script":"<script> [1562 bytes]","args":[{"selector":{"id":"application-managepartners-display-component---NewPartner--partnerId","interaction":{"idSuffix":"inner"}},"wdio_ui5_key":"applicationmanagepartners-display-component---NewPartner--partnerId"}]}
RESULT: undefined
COMMAND: POST /session/1c509b1daf78d5bd7fa30d63e65e61da/execute/async - {"script":"<script> [1562 bytes]","args":[{"selector":{"id":"application-managepartners-display-component---NewPartner--addressDetailDetailsName1","interaction":{"idSuffix":"inner"}},"wdio_ui5_key":"applicationmanagepartners-display-component---NewPartner--addressDetailDetailsName1"}]}
RESULT: {"script":"<script> [1562 bytes]","args":[{"selector":{"id":"application-managepartners-display-component---NewPartner--addressDetailDetailsName1","interaction":{"idSuffix":"inner"}},"wdio_ui5_key":"applicationmanagepartners-display-component---NewPartner--addressDetailDetailsName1"}]}
RESULT: undefined
COMMAND: POST /session/1c509b1daf78d5bd7fa30d63e65e61da/execute/async - {"script":"<script> [776 bytes]","args":[{"enterText":"WebdriverPartnerqi7a8","selector":{"id":"application-managepartners-display-component---NewPartner--addressDetailDetailsName1","interaction":{"idSuffix":"inner"}},"clearTextFirst":true,"interactionType":"ENTER_TEXT"}]}
RESULT: {"script":"<script> [776 bytes]","args":[{"enterText":"WebdriverPartnerqi7a8","selector":{"id":"application-managepartners-display-component---NewPartner--addressDetailDetailsName1","interaction":{"idSuffix":"inner"}},"clearTextFirst":true,"interactionType":"ENTER_TEXT"}]}
COMMAND: POST /session/1c509b1daf78d5bd7fa30d63e65e61da/execute/async - {"script":"<script> [1562 bytes]","args":[{"selector":{"id":"application-managepartners-display-component---NewPartner--addressDetailDetailsLanguage","interaction":{"idSuffix":"inner"}},"wdio_ui5_key":"applicationmanagepartners-display-component---NewPartner--addressDetailDetailsLanguage"}]}
RESULT: {"script":"<script> [1562 bytes]","args":[{"selector":{"id":"application-managepartners-display-component---NewPartner--addressDetailDetailsLanguage","interaction":{"idSuffix":"inner"}},"wdio_ui5_key":"applicationmanagepartners-display-component---NewPartner--addressDetailDetailsLanguage"}]}
RESULT: undefined
COMMAND: POST /session/1c509b1daf78d5bd7fa30d63e65e61da/execute/async - {"script":"<script> [776 bytes]","args":[{"enterText":"Romanian","selector":{"id":"application-managepartners-display-component---NewPartner--addressDetailDetailsLanguage","interaction":{"idSuffix":"inner"}},"clearTextFirst":true,"interactionType":"ENTER_TEXT"}]}
RESULT: {"script":"<script> [776 bytes]","args":[{"enterText":"Romanian","selector":{"id":"application-managepartners-display-component---NewPartner--addressDetailDetailsLanguage","interaction":{"idSuffix":"inner"}},"clearTextFirst":true,"interactionType":"ENTER_TEXT"}]}
COMMAND: POST /session/1c509b1daf78d5bd7fa30d63e65e61da/element - {"using":"xpath","value":"//input[contains(@id ,\"application-managepartners-display-component---NewPartner--addressDetailDetailsName1-inner\")]"}
RESULT: {"using":"xpath","value":"//input[contains(@id ,\"application-managepartners-display-component---NewPartner--addressDetailDetailsName1-inner\")]"}
COMMAND: GET /session/1c509b1daf78d5bd7fa30d63e65e61da/element/f.5F4D13A366F511D63C807E683D9EB3B8.d.C015F803BD6B2D5905A25FB0FA3D3D01.e.2015/property/value - {}
RESULT: {}
COMMAND: POST /session/1c509b1daf78d5bd7fa30d63e65e61da/execute/async - {"script":"<script> [1562 bytes]","args":[{"selector":{"id":"application-managepartners-display-component---NewPartner--addressDetailDetailsCity1","interaction":{"idSuffix":"inner"}},"wdio_ui5_key":"applicationmanagepartners-display-component---NewPartner--addressDetailDetailsCity1"}]}
COMMAND: GET /session/1c509b1daf78d5bd7fa30d63e65e61da/screenshot - {}
RESULT: {"script":"<script> [1562 bytes]","args":[{"selector":{"id":"application-managepartners-display-component---NewPartner--addressDetailDetailsCity1","interaction":{"idSuffix":"inner"}},"wdio_ui5_key":"applicationmanagepartners-display-component---NewPartner--addressDetailDetailsCity1"}]}
RESULT: undefined
COMMAND: POST /session/1c509b1daf78d5bd7fa30d63e65e61da/execute/async - {"script":"<script> [776 bytes]","args":[{"enterText":"Bucharest","selector":{"id":"application-managepartners-display-component---NewPartner--addressDetailDetailsCity1","interaction":{"idSuffix":"inner"}},"clearTextFirst":true,"interactionType":"ENTER_TEXT"}]}
RESULT: {}
RESULT: {"script":"<script> [776 bytes]","args":[{"enterText":"Bucharest","selector":{"id":"application-managepartners-display-component---NewPartner--addressDetailDetailsCity1","interaction":{"idSuffix":"inner"}},"clearTextFirst":true,"interactionType":"ENTER_TEXT"}]}
COMMAND: POST /session/1c509b1daf78d5bd7fa30d63e65e61da/execute/async - {"script":"<script> [1562 bytes]","args":[{"selector":{"id":"application-managepartners-display-component---NewPartner--addressDetailDetailsCountry","interaction":{"idSuffix":"inner"}},"wdio_ui5_key":"applicationmanagepartners-display-component---NewPartner--addressDetailDetailsCountry"}]}
RESULT: {"script":"<script> [1562 bytes]","args":[{"selector":{"id":"application-managepartners-display-component---NewPartner--addressDetailDetailsCountry","interaction":{"idSuffix":"inner"}},"wdio_ui5_key":"applicationmanagepartners-display-component---NewPartner--addressDetailDetailsCountry"}]}
RESULT: undefined
COMMAND: POST /session/1c509b1daf78d5bd7fa30d63e65e61da/execute/async - {"script":"<script> [6424 bytes]","args":[{"element-6066-11e4-a52e-4f735466cecf":"f.5F4D13A366F511D63C807E683D9EB3B8.d.C015F803BD6B2D5905A25FB0FA3D3D01.e.2022"},"setValue",["Romania"]]}
RESULT: {"script":"<script> [6424 bytes]","args":[{"element-6066-11e4-a52e-4f735466cecf":"f.5F4D13A366F511D63C807E683D9EB3B8.d.C015F803BD6B2D5905A25FB0FA3D3D01.e.2022"},"setValue",["Romania"]]}
COMMAND: POST /session/1c509b1daf78d5bd7fa30d63e65e61da/execute/async - {"script":"<script> [1562 bytes]","args":[{"selector":{"id":"application-managepartners-display-component---NewPartner--partnerDetailInternal","interaction":{"idSuffix":"inner"}},"wdio_ui5_key":"applicationmanagepartners-display-component---NewPartner--partnerDetailInternal"}]}
RESULT: {"script":"<script> [1562 bytes]","args":[{"selector":{"id":"application-managepartners-display-component---NewPartner--partnerDetailInternal","interaction":{"idSuffix":"inner"}},"wdio_ui5_key":"applicationmanagepartners-display-component---NewPartner--partnerDetailInternal"}]}
RESULT: undefined
COMMAND: POST /session/1c509b1daf78d5bd7fa30d63e65e61da/execute/async - {"script":"<script> [776 bytes]","args":[{"enterText":"External partner","selector":{"id":"application-managepartners-display-component---NewPartner--partnerDetailInternal","interaction":{"idSuffix":"inner"}},"clearTextFirst":true,"interactionType":"ENTER_TEXT"}]}
RESULT: {"script":"<script> [776 bytes]","args":[{"enterText":"External partner","selector":{"id":"application-managepartners-display-component---NewPartner--partnerDetailInternal","interaction":{"idSuffix":"inner"}},"clearTextFirst":true,"interactionType":"ENTER_TEXT"}]}
COMMAND: POST /session/1c509b1daf78d5bd7fa30d63e65e61da/execute/async - {"script":"<script> [1562 bytes]","args":[{"selector":{"id":"application-managepartners-display-component---NewPartner--partnerDetailsCurrency","interaction":{"idSuffix":"inner"}},"wdio_ui5_key":"applicationmanagepartners-display-component---NewPartner--partnerDetailsCurrency"}]}
RESULT: {"script":"<script> [1562 bytes]","args":[{"selector":{"id":"application-managepartners-display-component---NewPartner--partnerDetailsCurrency","interaction":{"idSuffix":"inner"}},"wdio_ui5_key":"applicationmanagepartners-display-component---NewPartner--partnerDetailsCurrency"}]}
RESULT: undefined
COMMAND: POST /session/1c509b1daf78d5bd7fa30d63e65e61da/execute/async - {"script":"<script> [776 bytes]","args":[{"enterText":"Euro","selector":{"id":"application-managepartners-display-component---NewPartner--partnerDetailsCurrency","interaction":{"idSuffix":"inner"}},"clearTextFirst":true,"interactionType":"ENTER_TEXT"}]}
RESULT: {"script":"<script> [776 bytes]","args":[{"enterText":"Euro","selector":{"id":"application-managepartners-display-component---NewPartner--partnerDetailsCurrency","interaction":{"idSuffix":"inner"}},"clearTextFirst":true,"interactionType":"ENTER_TEXT"}]}
COMMAND: POST /session/1c509b1daf78d5bd7fa30d63e65e61da/execute/async - {"script":"<script> [1562 bytes]","args":[{"selector":{"controlType":"sap.m.Button","viewName":"etm.portal.ui.managepartners.view.NewPartner","viewId":"application-managepartners-display-component---NewPartner","properties":{"text":"Commercial"},"interaction":{"idSuffix":"BDI-content"}},"wdio_ui5_key":"etmportal.ui.managepartners.view.NewPartnersap.m.Button{\"text\":\"Commercial\"}"}]}
RESULT: {"script":"<script> [1562 bytes]","args":[{"selector":{"controlType":"sap.m.Button","viewName":"etm.portal.ui.managepartners.view.NewPartner","viewId":"application-managepartners-display-component---NewPartner","properties":{"text":"Commercial"},"interaction":{"idSuffix":"BDI-content"}},"wdio_ui5_key":"etmportal.ui.managepartners.view.NewPartnersap.m.Button{\"text\":\"Commercial\"}"}]}
RESULT: undefined
COMMAND: POST /session/1c509b1daf78d5bd7fa30d63e65e61da/element - {"using":"xpath","value":"//*[@id=\"application-managepartners-display-component---NewPartner--ObjectPageLayout-anchBar-__section27-anchor\"]"}
RESULT: {"using":"xpath","value":"//*[@id=\"application-managepartners-display-component---NewPartner--ObjectPageLayout-anchBar-__section27-anchor\"]"}
COMMAND: POST /session/1c509b1daf78d5bd7fa30d63e65e61da/element/f.5F4D13A366F511D63C807E683D9EB3B8.d.C015F803BD6B2D5905A25FB0FA3D3D01.e.2247/click - {}
RESULT: {}
COMMAND: GET /session/1c509b1daf78d5bd7fa30d63e65e61da/screenshot - {}
RESULT: {}
COMMAND: POST /session/1c509b1daf78d5bd7fa30d63e65e61da/execute/async - {"script":"<script> [1562 bytes]","args":[{"selector":{"id":"application-managepartners-display-component---NewPartner--btnAddTableRow-img"},"wdio_ui5_key":"applicationmanagepartners-display-component---NewPartner--btnAddTableRow-img"}]}
RESULT: {"script":"<script> [1562 bytes]","args":[{"selector":{"id":"application-managepartners-display-component---NewPartner--btnAddTableRow-img"},"wdio_ui5_key":"applicationmanagepartners-display-component---NewPartner--btnAddTableRow-img"}]}
RESULT: undefined
COMMAND: POST /session/1c509b1daf78d5bd7fa30d63e65e61da/element - {"using":"xpath","value":"//*[@id=\"application-managepartners-display-component---NewPartner--btnAddTableRow-img\"]"}
RESULT: {"using":"xpath","value":"//*[@id=\"application-managepartners-display-component---NewPartner--btnAddTableRow-img\"]"}
COMMAND: POST /session/1c509b1daf78d5bd7fa30d63e65e61da/element/f.5F4D13A366F511D63C807E683D9EB3B8.d.C015F803BD6B2D5905A25FB0FA3D3D01.e.2253/click - {}
RESULT: {}
COMMAND: POST /session/1c509b1daf78d5bd7fa30d63e65e61da/element - {"using":"xpath","value":"//input[contains(@id ,\"application-managepartners-display-component---NewPartner--assignmentYard-application-managepartners-display-component---NewPartner\")]"}
COMMAND: GET /session/1c509b1daf78d5bd7fa30d63e65e61da/screenshot - {}
RESULT: {"using":"xpath","value":"//input[contains(@id ,\"application-managepartners-display-component---NewPartner--assignmentYard-application-managepartners-display-component---NewPartner\")]"}
COMMAND: POST /session/1c509b1daf78d5bd7fa30d63e65e61da/element/f.5F4D13A366F511D63C807E683D9EB3B8.d.C015F803BD6B2D5905A25FB0FA3D3D01.e.2256/clear - {}
RESULT: {}
RESULT: {}
COMMAND: POST /session/1c509b1daf78d5bd7fa30d63e65e61da/element/f.5F4D13A366F511D63C807E683D9EB3B8.d.C015F803BD6B2D5905A25FB0FA3D3D01.e.2256/value - {"text":"265"}
COMMAND: GET /session/1c509b1daf78d5bd7fa30d63e65e61da/screenshot - {}
RESULT: {"text":"265"}
COMMAND: GET /session/1c509b1daf78d5bd7fa30d63e65e61da/screenshot - {}
RESULT: {}
RESULT: {}
COMMAND: POST /session/1c509b1daf78d5bd7fa30d63e65e61da/execute/async - {"script":"<script> [1562 bytes]","args":[{"selector":{"controlType":"sap.m.Button","viewName":"etm.portal.ui.managepartners.view.NewPartner","viewId":"application-managepartners-display-component---NewPartner","i18NText":{"propertyName":"text","key":"save"},"interaction":{"idSuffix":"BDI-content"}},"wdio_ui5_key":"etmportal.ui.managepartners.view.NewPartnersap.m.Button{\"propertyName\":\"text\",\"key\":\"save\"}"}]}
RESULT: {"script":"<script> [1562 bytes]","args":[{"selector":{"controlType":"sap.m.Button","viewName":"etm.portal.ui.managepartners.view.NewPartner","viewId":"application-managepartners-display-component---NewPartner","i18NText":{"propertyName":"text","key":"save"},"interaction":{"idSuffix":"BDI-content"}},"wdio_ui5_key":"etmportal.ui.managepartners.view.NewPartnersap.m.Button{\"propertyName\":\"text\",\"key\":\"save\"}"}]}
RESULT: undefined
COMMAND: POST /session/1c509b1daf78d5bd7fa30d63e65e61da/element - {"using":"xpath","value":"//*[@id=\"__button64\"]"}
RESULT: {"using":"xpath","value":"//*[@id=\"__button64\"]"}
COMMAND: POST /session/1c509b1daf78d5bd7fa30d63e65e61da/element/f.5F4D13A366F511D63C807E683D9EB3B8.d.C015F803BD6B2D5905A25FB0FA3D3D01.e.2145/click - {}
RESULT: {}
COMMAND: GET /session/1c509b1daf78d5bd7fa30d63e65e61da/screenshot - {}
RESULT: {}
COMMAND: POST /session/1c509b1daf78d5bd7fa30d63e65e61da/element - {"using":"xpath","value":"//header/div/div[2]/div[2]/span"}
RESULT: {"using":"xpath","value":"//header/div/div[2]/div[2]/span"}
COMMAND: GET /session/1c509b1daf78d5bd7fa30d63e65e61da/element/f.5F4D13A366F511D63C807E683D9EB3B8.d.C015F803BD6B2D5905A25FB0FA3D3D01.e.2413/text - {}
RESULT: {}
COMMAND: POST /session/1c509b1daf78d5bd7fa30d63e65e61da/element - {"using":"xpath","value":"//header/div/div/div/div/div/div[2]/div/span"}
RESULT: {"using":"xpath","value":"//header/div/div/div/div/div/div[2]/div/span"}
COMMAND: GET /session/1c509b1daf78d5bd7fa30d63e65e61da/element/f.5F4D13A366F511D63C807E683D9EB3B8.d.C015F803BD6B2D5905A25FB0FA3D3D01.e.2414/text - {}
RESULT: {}
COMMAND: POST /session/1c509b1daf78d5bd7fa30d63e65e61da/execute/async - {"script":"<script> [1562 bytes]","args":[{"selector":{"id":"application-managepartners-display-component---detailPtm--partnerType"},"wdio_ui5_key":"applicationmanagepartners-display-component---detailPtm--partnerType"}]}
RESULT: {"script":"<script> [1562 bytes]","args":[{"selector":{"id":"application-managepartners-display-component---detailPtm--partnerType"},"wdio_ui5_key":"applicationmanagepartners-display-component---detailPtm--partnerType"}]}
RESULT: undefined
COMMAND: POST /session/1c509b1daf78d5bd7fa30d63e65e61da/execute/async - {"script":"<script> [6424 bytes]","args":[{"element-6066-11e4-a52e-4f735466cecf":"f.5F4D13A366F511D63C807E683D9EB3B8.d.C015F803BD6B2D5905A25FB0FA3D3D01.e.2415"},"getText",[]]}
RESULT: {"script":"<script> [6424 bytes]","args":[{"element-6066-11e4-a52e-4f735466cecf":"f.5F4D13A366F511D63C807E683D9EB3B8.d.C015F803BD6B2D5905A25FB0FA3D3D01.e.2415"},"getText",[]]}
COMMAND: POST /session/1c509b1daf78d5bd7fa30d63e65e61da/element - {"using":"css selector","value":"#shell-header-logo"}
RESULT: {"using":"css selector","value":"#shell-header-logo"}
COMMAND: POST /session/1c509b1daf78d5bd7fa30d63e65e61da/element/f.5F4D13A366F511D63C807E683D9EB3B8.d.C015F803BD6B2D5905A25FB0FA3D3D01.e.1803/click - {}
RESULT: {}
COMMAND: GET /session/1c509b1daf78d5bd7fa30d63e65e61da/screenshot - {}
RESULT: {}
]]></system-out>
    </testcase>
    <testcase classname="chrome.136_0_7103_49.windows.Webshop_-_Hyperlinks_visible_and_working_properly__US139085" name="Should create a new contract" time="100.362">
      <system-out><![CDATA[
COMMAND: POST /session/1c509b1daf78d5bd7fa30d63e65e61da/execute/async - {"script":"<script> [1562 bytes]","args":[{"selector":{"controlType":"sap.m.GenericTile","properties":{"header":"Manage Contracts"}},"wdio_ui5_key":"sapm.GenericTile{\"header\":\"Manage Contracts\"}"}]}
RESULT: {"script":"<script> [1562 bytes]","args":[{"selector":{"controlType":"sap.m.GenericTile","properties":{"header":"Manage Contracts"}},"wdio_ui5_key":"sapm.GenericTile{\"header\":\"Manage Contracts\"}"}]}
RESULT: undefined
COMMAND: POST /session/1c509b1daf78d5bd7fa30d63e65e61da/element - {"using":"xpath","value":"//*[@id=\"__tile130\"]"}
RESULT: {"using":"xpath","value":"//*[@id=\"__tile130\"]"}
COMMAND: POST /session/1c509b1daf78d5bd7fa30d63e65e61da/element/f.5F4D13A366F511D63C807E683D9EB3B8.d.C015F803BD6B2D5905A25FB0FA3D3D01.e.2417/click - {}
RESULT: {}
COMMAND: GET /session/1c509b1daf78d5bd7fa30d63e65e61da/screenshot - {}
RESULT: {}
COMMAND: POST /session/1c509b1daf78d5bd7fa30d63e65e61da/elements - {"using":"xpath","value":"//span[text()='Error']"}
RESULT: {"using":"xpath","value":"//span[text()='Error']"}
COMMAND: POST /session/1c509b1daf78d5bd7fa30d63e65e61da/element - {"using":"xpath","value":"//button[@data-kt=\"addButton\"]"}
RESULT: {"using":"xpath","value":"//button[@data-kt=\"addButton\"]"}
COMMAND: POST /session/1c509b1daf78d5bd7fa30d63e65e61da/element/f.5F4D13A366F511D63C807E683D9EB3B8.d.C015F803BD6B2D5905A25FB0FA3D3D01.e.2470/click - {}
RESULT: {}
COMMAND: GET /session/1c509b1daf78d5bd7fa30d63e65e61da/screenshot - {}
RESULT: {}
COMMAND: POST /session/1c509b1daf78d5bd7fa30d63e65e61da/execute/async - {"script":"<script> [1562 bytes]","args":[{"selector":{"id":"application-managecontracts-display-component---AddNewContract--projectDescription","interaction":{"idSuffix":"inner"}},"wdio_ui5_key":"applicationmanagecontracts-display-component---AddNewContract--projectDescription"}]}
RESULT: {"script":"<script> [1562 bytes]","args":[{"selector":{"id":"application-managecontracts-display-component---AddNewContract--projectDescription","interaction":{"idSuffix":"inner"}},"wdio_ui5_key":"applicationmanagecontracts-display-component---AddNewContract--projectDescription"}]}
RESULT: undefined
COMMAND: POST /session/1c509b1daf78d5bd7fa30d63e65e61da/execute/async - {"script":"<script> [776 bytes]","args":[{"enterText":"WdIOR2c7odh8","selector":{"id":"application-managecontracts-display-component---AddNewContract--projectDescription","interaction":{"idSuffix":"inner"}},"clearTextFirst":true,"interactionType":"ENTER_TEXT"}]}
RESULT: {"script":"<script> [776 bytes]","args":[{"enterText":"WdIOR2c7odh8","selector":{"id":"application-managecontracts-display-component---AddNewContract--projectDescription","interaction":{"idSuffix":"inner"}},"clearTextFirst":true,"interactionType":"ENTER_TEXT"}]}
COMMAND: POST /session/1c509b1daf78d5bd7fa30d63e65e61da/element - {"using":"xpath","value":"//input[@id=\"application-managecontracts-display-component---AddNewContract--yardId-inner\"]"}
RESULT: {"using":"xpath","value":"//input[@id=\"application-managecontracts-display-component---AddNewContract--yardId-inner\"]"}
COMMAND: POST /session/1c509b1daf78d5bd7fa30d63e65e61da/element/f.5F4D13A366F511D63C807E683D9EB3B8.d.C015F803BD6B2D5905A25FB0FA3D3D01.e.2768/clear - {}
RESULT: {}
COMMAND: POST /session/1c509b1daf78d5bd7fa30d63e65e61da/element/f.5F4D13A366F511D63C807E683D9EB3B8.d.C015F803BD6B2D5905A25FB0FA3D3D01.e.2768/value - {"text":"WebdriverYard03bt4"}
COMMAND: GET /session/1c509b1daf78d5bd7fa30d63e65e61da/screenshot - {}
RESULT: {"text":"WebdriverYard03bt4"}
COMMAND: GET /session/1c509b1daf78d5bd7fa30d63e65e61da/screenshot - {}
RESULT: {}
RESULT: {}
COMMAND: POST /session/1c509b1daf78d5bd7fa30d63e65e61da/actions - {"actions":[{"id":"action5","type":"key","parameters":{},"actions":[{"type":"keyDown","value":"î€‡"},{"type":"pause","duration":10},{"type":"keyUp","value":"î€‡"}]}]}
RESULT: {"actions":[{"id":"action5","type":"key","parameters":{},"actions":[{"type":"keyDown","value":"î€‡"},{"type":"pause","duration":10},{"type":"keyUp","value":"î€‡"}]}]}
COMMAND: GET /session/1c509b1daf78d5bd7fa30d63e65e61da/screenshot - {}
RESULT: {}
COMMAND: POST /session/1c509b1daf78d5bd7fa30d63e65e61da/element - {"using":"xpath","value":"//input[@id=\"application-managecontracts-display-component---AddNewContract--customerSelect-inner\"]"}
RESULT: {"using":"xpath","value":"//input[@id=\"application-managecontracts-display-component---AddNewContract--customerSelect-inner\"]"}
COMMAND: POST /session/1c509b1daf78d5bd7fa30d63e65e61da/element/f.5F4D13A366F511D63C807E683D9EB3B8.d.C015F803BD6B2D5905A25FB0FA3D3D01.e.2766/clear - {}
RESULT: {}
COMMAND: POST /session/1c509b1daf78d5bd7fa30d63e65e61da/element/f.5F4D13A366F511D63C807E683D9EB3B8.d.C015F803BD6B2D5905A25FB0FA3D3D01.e.2766/value - {"text":"WebdriverPartnerqi7a8"}
COMMAND: GET /session/1c509b1daf78d5bd7fa30d63e65e61da/screenshot - {}
RESULT: {"text":"WebdriverPartnerqi7a8"}
COMMAND: GET /session/1c509b1daf78d5bd7fa30d63e65e61da/screenshot - {}
RESULT: {}
RESULT: {}
COMMAND: POST /session/1c509b1daf78d5bd7fa30d63e65e61da/actions - {"actions":[{"id":"action6","type":"key","parameters":{},"actions":[{"type":"keyDown","value":"î€‡"},{"type":"pause","duration":10},{"type":"keyUp","value":"î€‡"}]}]}
RESULT: {"actions":[{"id":"action6","type":"key","parameters":{},"actions":[{"type":"keyDown","value":"î€‡"},{"type":"pause","duration":10},{"type":"keyUp","value":"î€‡"}]}]}
COMMAND: GET /session/1c509b1daf78d5bd7fa30d63e65e61da/screenshot - {}
RESULT: {}
COMMAND: POST /session/1c509b1daf78d5bd7fa30d63e65e61da/element - {"using":"xpath","value":"//input[@id=\"application-managecontracts-display-component---AddNewContract--site-inner\"]"}
RESULT: {"using":"xpath","value":"//input[@id=\"application-managecontracts-display-component---AddNewContract--site-inner\"]"}
COMMAND: POST /session/1c509b1daf78d5bd7fa30d63e65e61da/element/f.5F4D13A366F511D63C807E683D9EB3B8.d.C015F803BD6B2D5905A25FB0FA3D3D01.e.2767/clear - {}
RESULT: {}
COMMAND: POST /session/1c509b1daf78d5bd7fa30d63e65e61da/element/f.5F4D13A366F511D63C807E683D9EB3B8.d.C015F803BD6B2D5905A25FB0FA3D3D01.e.2767/value - {"text":"WebdriverSitetb01h"}
COMMAND: GET /session/1c509b1daf78d5bd7fa30d63e65e61da/screenshot - {}
RESULT: {"text":"WebdriverSitetb01h"}
COMMAND: GET /session/1c509b1daf78d5bd7fa30d63e65e61da/screenshot - {}
RESULT: {}
RESULT: {}
COMMAND: POST /session/1c509b1daf78d5bd7fa30d63e65e61da/actions - {"actions":[{"id":"action7","type":"key","parameters":{},"actions":[{"type":"keyDown","value":"î€‡"},{"type":"pause","duration":10},{"type":"keyUp","value":"î€‡"}]}]}
RESULT: {"actions":[{"id":"action7","type":"key","parameters":{},"actions":[{"type":"keyDown","value":"î€‡"},{"type":"pause","duration":10},{"type":"keyUp","value":"î€‡"}]}]}
COMMAND: GET /session/1c509b1daf78d5bd7fa30d63e65e61da/screenshot - {}
RESULT: {}
COMMAND: POST /session/1c509b1daf78d5bd7fa30d63e65e61da/element - {"using":"xpath","value":"//button[@data-kt=\"saveButton\"]"}
RESULT: {"using":"xpath","value":"//button[@data-kt=\"saveButton\"]"}
COMMAND: POST /session/1c509b1daf78d5bd7fa30d63e65e61da/element/f.5F4D13A366F511D63C807E683D9EB3B8.d.C015F803BD6B2D5905A25FB0FA3D3D01.e.2803/click - {}
RESULT: {}
COMMAND: GET /session/1c509b1daf78d5bd7fa30d63e65e61da/screenshot - {}
RESULT: {}
COMMAND: POST /session/1c509b1daf78d5bd7fa30d63e65e61da/execute/async - {"script":"<script> [1562 bytes]","args":[{"selector":{"id":"contractDetailTitleNoExpanded","viewName":"etm.portal.ui.managecontracts.view.Detail"},"wdio_ui5_key":"contractDetailTitleNoExpandedetmportal.ui.managecontracts.view.Detail"}]}
RESULT: {"script":"<script> [1562 bytes]","args":[{"selector":{"id":"contractDetailTitleNoExpanded","viewName":"etm.portal.ui.managecontracts.view.Detail"},"wdio_ui5_key":"contractDetailTitleNoExpandedetmportal.ui.managecontracts.view.Detail"}]}
RESULT: undefined
COMMAND: POST /session/1c509b1daf78d5bd7fa30d63e65e61da/execute/async - {"script":"<script> [6424 bytes]","args":[{"element-6066-11e4-a52e-4f735466cecf":"f.5F4D13A366F511D63C807E683D9EB3B8.d.C015F803BD6B2D5905A25FB0FA3D3D01.e.2819"},"getText",[]]}
RESULT: {"script":"<script> [6424 bytes]","args":[{"element-6066-11e4-a52e-4f735466cecf":"f.5F4D13A366F511D63C807E683D9EB3B8.d.C015F803BD6B2D5905A25FB0FA3D3D01.e.2819"},"getText",[]]}
COMMAND: POST /session/1c509b1daf78d5bd7fa30d63e65e61da/element - {"using":"css selector","value":"#shell-header-logo"}
RESULT: {"using":"css selector","value":"#shell-header-logo"}
COMMAND: POST /session/1c509b1daf78d5bd7fa30d63e65e61da/element/f.5F4D13A366F511D63C807E683D9EB3B8.d.C015F803BD6B2D5905A25FB0FA3D3D01.e.2420/click - {}
RESULT: {}
COMMAND: GET /session/1c509b1daf78d5bd7fa30d63e65e61da/screenshot - {}
RESULT: {}
]]></system-out>
    </testcase>
    <testcase classname="chrome.136_0_7103_49.windows.Webshop_-_Hyperlinks_visible_and_working_properly__US139085" name="Should create a new webshop request and verify yard hyperlinks" time="198.262">
      <system-out><![CDATA[
COMMAND: POST /session/1c509b1daf78d5bd7fa30d63e65e61da/execute/async - {"script":"<script> [1562 bytes]","args":[{"selector":{"controlType":"sap.m.GenericTile","properties":{"header":"Webshop"}},"wdio_ui5_key":"sapm.GenericTile{\"header\":\"Webshop\"}"}]}
RESULT: {"script":"<script> [1562 bytes]","args":[{"selector":{"controlType":"sap.m.GenericTile","properties":{"header":"Webshop"}},"wdio_ui5_key":"sapm.GenericTile{\"header\":\"Webshop\"}"}]}
RESULT: undefined
COMMAND: POST /session/1c509b1daf78d5bd7fa30d63e65e61da/element - {"using":"xpath","value":"//*[@id=\"__tile49\"]"}
RESULT: {"using":"xpath","value":"//*[@id=\"__tile49\"]"}
COMMAND: POST /session/1c509b1daf78d5bd7fa30d63e65e61da/element/f.5F4D13A366F511D63C807E683D9EB3B8.d.C015F803BD6B2D5905A25FB0FA3D3D01.e.2824/click - {}
RESULT: {}
COMMAND: GET /session/1c509b1daf78d5bd7fa30d63e65e61da/screenshot - {}
RESULT: {}
COMMAND: POST /session/1c509b1daf78d5bd7fa30d63e65e61da/elements - {"using":"xpath","value":"//span[text()='Error']"}
RESULT: {"using":"xpath","value":"//span[text()='Error']"}
COMMAND: POST /session/1c509b1daf78d5bd7fa30d63e65e61da/element - {"using":"css selector","value":"#requestCreationDialog--createRequestPopUp-title-inner"}
RESULT: {"using":"css selector","value":"#requestCreationDialog--createRequestPopUp-title-inner"}
COMMAND: POST /session/1c509b1daf78d5bd7fa30d63e65e61da/execute/sync - {"script":"<script> [8489 bytes]","args":[{"element-6066-11e4-a52e-4f735466cecf":"f.5F4D13A366F511D63C807E683D9EB3B8.d.C015F803BD6B2D5905A25FB0FA3D3D01.e.2850","ELEMENT":"f.5F4D13A366F511D63C807E683D9EB3B8.d.C015F803BD6B2D5905A25FB0FA3D3D01.e.2850"}]}
RESULT: {"script":"<script> [8489 bytes]","args":[{"element-6066-11e4-a52e-4f735466cecf":"f.5F4D13A366F511D63C807E683D9EB3B8.d.C015F803BD6B2D5905A25FB0FA3D3D01.e.2850","ELEMENT":"f.5F4D13A366F511D63C807E683D9EB3B8.d.C015F803BD6B2D5905A25FB0FA3D3D01.e.2850"}]}
COMMAND: GET /session/1c509b1daf78d5bd7fa30d63e65e61da/element/f.5F4D13A366F511D63C807E683D9EB3B8.d.C015F803BD6B2D5905A25FB0FA3D3D01.e.2850/enabled - {}
COMMAND: GET /session/1c509b1daf78d5bd7fa30d63e65e61da/screenshot - {}
RESULT: {}
COMMAND: POST /session/1c509b1daf78d5bd7fa30d63e65e61da/execute/async - {"script":"<script> [1562 bytes]","args":[{"selector":{"id":"requestCreationDialog--requestName","searchOpenDialogs":true,"interaction":{"idSuffix":"inner"}},"wdio_ui5_key":"requestCreationDialogrequestName"}]}
COMMAND: GET /session/1c509b1daf78d5bd7fa30d63e65e61da/screenshot - {}
RESULT: {}
RESULT: {"script":"<script> [1562 bytes]","args":[{"selector":{"id":"requestCreationDialog--requestName","searchOpenDialogs":true,"interaction":{"idSuffix":"inner"}},"wdio_ui5_key":"requestCreationDialogrequestName"}]}
RESULT: undefined
COMMAND: POST /session/1c509b1daf78d5bd7fa30d63e65e61da/execute/async - {"script":"<script> [776 bytes]","args":[{"enterText":"WebdriverTest","selector":{"id":"requestCreationDialog--requestName","searchOpenDialogs":true,"interaction":{"idSuffix":"inner"}},"clearTextFirst":true,"interactionType":"ENTER_TEXT"}]}
RESULT: {}
RESULT: {"script":"<script> [776 bytes]","args":[{"enterText":"WebdriverTest","selector":{"id":"requestCreationDialog--requestName","searchOpenDialogs":true,"interaction":{"idSuffix":"inner"}},"clearTextFirst":true,"interactionType":"ENTER_TEXT"}]}
COMMAND: POST /session/1c509b1daf78d5bd7fa30d63e65e61da/element - {"using":"xpath","value":"//input[contains(@id ,\"requestCreationDialog--contract-inner\")]"}
RESULT: {"using":"xpath","value":"//input[contains(@id ,\"requestCreationDialog--contract-inner\")]"}
COMMAND: POST /session/1c509b1daf78d5bd7fa30d63e65e61da/element/f.5F4D13A366F511D63C807E683D9EB3B8.d.C015F803BD6B2D5905A25FB0FA3D3D01.e.2836/clear - {}
RESULT: {}
COMMAND: POST /session/1c509b1daf78d5bd7fa30d63e65e61da/element/f.5F4D13A366F511D63C807E683D9EB3B8.d.C015F803BD6B2D5905A25FB0FA3D3D01.e.2836/value - {"text":"10135"}
COMMAND: GET /session/1c509b1daf78d5bd7fa30d63e65e61da/screenshot - {}
RESULT: {"text":"10135"}
COMMAND: GET /session/1c509b1daf78d5bd7fa30d63e65e61da/screenshot - {}
RESULT: {}
RESULT: {}
COMMAND: POST /session/1c509b1daf78d5bd7fa30d63e65e61da/actions - {"actions":[{"id":"action8","type":"key","parameters":{},"actions":[{"type":"keyDown","value":"î€‡"},{"type":"pause","duration":10},{"type":"keyUp","value":"î€‡"}]}]}
RESULT: {"actions":[{"id":"action8","type":"key","parameters":{},"actions":[{"type":"keyDown","value":"î€‡"},{"type":"pause","duration":10},{"type":"keyUp","value":"î€‡"}]}]}
COMMAND: GET /session/1c509b1daf78d5bd7fa30d63e65e61da/screenshot - {}
RESULT: {}
COMMAND: POST /session/1c509b1daf78d5bd7fa30d63e65e61da/element - {"using":"xpath","value":"//input[contains(@id ,\"requestCreationDialog--contract-inner\")]"}
RESULT: {"using":"xpath","value":"//input[contains(@id ,\"requestCreationDialog--contract-inner\")]"}
COMMAND: GET /session/1c509b1daf78d5bd7fa30d63e65e61da/element/f.5F4D13A366F511D63C807E683D9EB3B8.d.C015F803BD6B2D5905A25FB0FA3D3D01.e.2836/property/value - {}
RESULT: {}
COMMAND: POST /session/1c509b1daf78d5bd7fa30d63e65e61da/element - {"using":"xpath","value":"//input[contains(@id ,\"requestCreationDialog--contract-inner\")]"}
COMMAND: GET /session/1c509b1daf78d5bd7fa30d63e65e61da/screenshot - {}
RESULT: {"using":"xpath","value":"//input[contains(@id ,\"requestCreationDialog--contract-inner\")]"}
COMMAND: POST /session/1c509b1daf78d5bd7fa30d63e65e61da/execute/async - {"script":"<script> [1562 bytes]","args":[{"selector":{"id":"requestCreationDialog--okButton","searchOpenDialogs":true,"interaction":{"idSuffix":"BDI-content"}},"wdio_ui5_key":"requestCreationDialogokButton"}]}
RESULT: {}
RESULT: {"script":"<script> [1562 bytes]","args":[{"selector":{"id":"requestCreationDialog--okButton","searchOpenDialogs":true,"interaction":{"idSuffix":"BDI-content"}},"wdio_ui5_key":"requestCreationDialogokButton"}]}
RESULT: undefined
COMMAND: POST /session/1c509b1daf78d5bd7fa30d63e65e61da/element - {"using":"xpath","value":"//*[@id=\"requestCreationDialog--okButton\"]"}
RESULT: {"using":"xpath","value":"//*[@id=\"requestCreationDialog--okButton\"]"}
COMMAND: POST /session/1c509b1daf78d5bd7fa30d63e65e61da/element/f.5F4D13A366F511D63C807E683D9EB3B8.d.C015F803BD6B2D5905A25FB0FA3D3D01.e.2861/click - {}
RESULT: {}
COMMAND: GET /session/1c509b1daf78d5bd7fa30d63e65e61da/screenshot - {}
RESULT: {}
COMMAND: POST /session/1c509b1daf78d5bd7fa30d63e65e61da/element - {"using":"xpath","value":"//input[contains(@id ,\"searchFiledId-I\")]"}
RESULT: {"using":"xpath","value":"//input[contains(@id ,\"searchFiledId-I\")]"}
COMMAND: POST /session/1c509b1daf78d5bd7fa30d63e65e61da/element/f.5F4D13A366F511D63C807E683D9EB3B8.d.C015F803BD6B2D5905A25FB0FA3D3D01.e.2829/value - {"text":"Dri-Prime CD150M Diesel Pump"}
RESULT: {"text":"Dri-Prime CD150M Diesel Pump"}
COMMAND: POST /session/1c509b1daf78d5bd7fa30d63e65e61da/actions - {"actions":[{"id":"action9","type":"key","parameters":{},"actions":[{"type":"keyDown","value":"î€‡"},{"type":"pause","duration":10},{"type":"keyUp","value":"î€‡"}]}]}
COMMAND: GET /session/1c509b1daf78d5bd7fa30d63e65e61da/screenshot - {}
RESULT: {"actions":[{"id":"action9","type":"key","parameters":{},"actions":[{"type":"keyDown","value":"î€‡"},{"type":"pause","duration":10},{"type":"keyUp","value":"î€‡"}]}]}
COMMAND: GET /session/1c509b1daf78d5bd7fa30d63e65e61da/screenshot - {}
RESULT: {}
RESULT: {}
COMMAND: POST /session/1c509b1daf78d5bd7fa30d63e65e61da/element - {"using":"xpath","value":"//span[contains(@id ,\"subTitle\")][contains(text(), \"Dri-Prime CD150M Diesel Pump\")]"}
RESULT: {"using":"xpath","value":"//span[contains(@id ,\"subTitle\")][contains(text(), \"Dri-Prime CD150M Diesel Pump\")]"}
COMMAND: POST /session/1c509b1daf78d5bd7fa30d63e65e61da/element/f.5F4D13A366F511D63C807E683D9EB3B8.d.C015F803BD6B2D5905A25FB0FA3D3D01.e.2869/click - {}
RESULT: {}
COMMAND: GET /session/1c509b1daf78d5bd7fa30d63e65e61da/screenshot - {}
RESULT: {}
COMMAND: POST /session/1c509b1daf78d5bd7fa30d63e65e61da/execute/async - {"script":"<script> [1562 bytes]","args":[{"selector":{"controlType":"sap.m.Button","viewName":"etm.portal.ui.webshop.view.Homepage","i18NText":{"propertyName":"text","key":"addToRequest"},"interaction":{"idSuffix":"BDI-content"}},"wdio_ui5_key":"etmportal.ui.webshop.view.Homepagesap.m.Button{\"propertyName\":\"text\",\"key\":\"addToRequest\"}"}]}
RESULT: {"script":"<script> [1562 bytes]","args":[{"selector":{"controlType":"sap.m.Button","viewName":"etm.portal.ui.webshop.view.Homepage","i18NText":{"propertyName":"text","key":"addToRequest"},"interaction":{"idSuffix":"BDI-content"}},"wdio_ui5_key":"etmportal.ui.webshop.view.Homepagesap.m.Button{\"propertyName\":\"text\",\"key\":\"addToRequest\"}"}]}
RESULT: undefined
COMMAND: POST /session/1c509b1daf78d5bd7fa30d63e65e61da/element - {"using":"xpath","value":"//*[@id=\"__button122\"]"}
RESULT: {"using":"xpath","value":"//*[@id=\"__button122\"]"}
COMMAND: POST /session/1c509b1daf78d5bd7fa30d63e65e61da/element/f.5F4D13A366F511D63C807E683D9EB3B8.d.C015F803BD6B2D5905A25FB0FA3D3D01.e.2885/click - {}
RESULT: {}
COMMAND: GET /session/1c509b1daf78d5bd7fa30d63e65e61da/screenshot - {}
RESULT: {}
COMMAND: POST /session/1c509b1daf78d5bd7fa30d63e65e61da/element - {"using":"xpath","value":"//*[contains(@id ,\"activeCartId-BDI-content\")]"}
RESULT: {"using":"xpath","value":"//*[contains(@id ,\"activeCartId-BDI-content\")]"}
COMMAND: POST /session/1c509b1daf78d5bd7fa30d63e65e61da/element/f.5F4D13A366F511D63C807E683D9EB3B8.d.C015F803BD6B2D5905A25FB0FA3D3D01.e.2890/click - {}
RESULT: {}
COMMAND: GET /session/1c509b1daf78d5bd7fa30d63e65e61da/screenshot - {}
RESULT: {}
COMMAND: POST /session/1c509b1daf78d5bd7fa30d63e65e61da/element - {"using":"xpath","value":"//bdi[contains(text(), \"Check out my request\")]"}
RESULT: {"using":"xpath","value":"//bdi[contains(text(), \"Check out my request\")]"}
COMMAND: POST /session/1c509b1daf78d5bd7fa30d63e65e61da/element/f.5F4D13A366F511D63C807E683D9EB3B8.d.C015F803BD6B2D5905A25FB0FA3D3D01.e.2893/click - {}
RESULT: {}
COMMAND: GET /session/1c509b1daf78d5bd7fa30d63e65e61da/screenshot - {}
RESULT: {}
COMMAND: POST /session/1c509b1daf78d5bd7fa30d63e65e61da/element - {"using":"xpath","value":"//*[contains(@data-kt ,\"webshopDetailYardLink\")]"}
RESULT: {"using":"xpath","value":"//*[contains(@data-kt ,\"webshopDetailYardLink\")]"}
COMMAND: POST /session/1c509b1daf78d5bd7fa30d63e65e61da/element/f.5F4D13A366F511D63C807E683D9EB3B8.d.C015F803BD6B2D5905A25FB0FA3D3D01.e.2958/click - {}
RESULT: {}
COMMAND: POST /session/1c509b1daf78d5bd7fa30d63e65e61da/element - {"using":"xpath","value":"//*[contains(@data-kt ,\"ContextMenuId2Link\")][contains(text(), \"Yard Overview\")]"}
COMMAND: GET /session/1c509b1daf78d5bd7fa30d63e65e61da/screenshot - {}
RESULT: {"using":"xpath","value":"//*[contains(@data-kt ,\"ContextMenuId2Link\")][contains(text(), \"Yard Overview\")]"}
COMMAND: POST /session/1c509b1daf78d5bd7fa30d63e65e61da/execute/sync - {"script":"<script> [8489 bytes]","args":[{"element-6066-11e4-a52e-4f735466cecf":"f.5F4D13A366F511D63C807E683D9EB3B8.d.C015F803BD6B2D5905A25FB0FA3D3D01.e.2960","ELEMENT":"f.5F4D13A366F511D63C807E683D9EB3B8.d.C015F803BD6B2D5905A25FB0FA3D3D01.e.2960"}]}
COMMAND: POST /session/1c509b1daf78d5bd7fa30d63e65e61da/element - {"using":"xpath","value":"//*[contains(@data-kt ,\"ContextMenuId3Link\")][contains(text(), \"Yard Main Address\")]"}
RESULT: {}
RESULT: {"using":"xpath","value":"//*[contains(@data-kt ,\"ContextMenuId3Link\")][contains(text(), \"Yard Main Address\")]"}
COMMAND: POST /session/1c509b1daf78d5bd7fa30d63e65e61da/execute/sync - {"script":"<script> [8489 bytes]","args":[{"element-6066-11e4-a52e-4f735466cecf":"f.5F4D13A366F511D63C807E683D9EB3B8.d.C015F803BD6B2D5905A25FB0FA3D3D01.e.2961","ELEMENT":"f.5F4D13A366F511D63C807E683D9EB3B8.d.C015F803BD6B2D5905A25FB0FA3D3D01.e.2961"}]}
COMMAND: POST /session/1c509b1daf78d5bd7fa30d63e65e61da/element - {"using":"xpath","value":"//*[contains(@data-kt ,\"ContextMenuId2Link\")][contains(text(), \"Yard Overview\")]"}
RESULT: {"script":"<script> [8489 bytes]","args":[{"element-6066-11e4-a52e-4f735466cecf":"f.5F4D13A366F511D63C807E683D9EB3B8.d.C015F803BD6B2D5905A25FB0FA3D3D01.e.2960","ELEMENT":"f.5F4D13A366F511D63C807E683D9EB3B8.d.C015F803BD6B2D5905A25FB0FA3D3D01.e.2960"}]}
COMMAND: GET /session/1c509b1daf78d5bd7fa30d63e65e61da/screenshot - {}
RESULT: {"script":"<script> [8489 bytes]","args":[{"element-6066-11e4-a52e-4f735466cecf":"f.5F4D13A366F511D63C807E683D9EB3B8.d.C015F803BD6B2D5905A25FB0FA3D3D01.e.2961","ELEMENT":"f.5F4D13A366F511D63C807E683D9EB3B8.d.C015F803BD6B2D5905A25FB0FA3D3D01.e.2961"}]}
COMMAND: GET /session/1c509b1daf78d5bd7fa30d63e65e61da/screenshot - {}
RESULT: {"using":"xpath","value":"//*[contains(@data-kt ,\"ContextMenuId2Link\")][contains(text(), \"Yard Overview\")]"}
COMMAND: POST /session/1c509b1daf78d5bd7fa30d63e65e61da/element/f.5F4D13A366F511D63C807E683D9EB3B8.d.C015F803BD6B2D5905A25FB0FA3D3D01.e.2960/click - {}
RESULT: {}
RESULT: {}
RESULT: {}
COMMAND: GET /session/1c509b1daf78d5bd7fa30d63e65e61da/screenshot - {}
RESULT: {}
COMMAND: POST /session/1c509b1daf78d5bd7fa30d63e65e61da/execute/async - {"script":"<script> [1562 bytes]","args":[{"selector":{"id":"shellAppTitle"},"wdio_ui5_key":"shellAppTitle"}]}
RESULT: {"script":"<script> [1562 bytes]","args":[{"selector":{"id":"shellAppTitle"},"wdio_ui5_key":"shellAppTitle"}]}
RESULT: undefined
COMMAND: POST /session/1c509b1daf78d5bd7fa30d63e65e61da/execute/async - {"script":"<script> [6424 bytes]","args":[{"element-6066-11e4-a52e-4f735466cecf":"f.5F4D13A366F511D63C807E683D9EB3B8.d.C015F803BD6B2D5905A25FB0FA3D3D01.e.3041"},"getTitle",[]]}
RESULT: {"script":"<script> [6424 bytes]","args":[{"element-6066-11e4-a52e-4f735466cecf":"f.5F4D13A366F511D63C807E683D9EB3B8.d.C015F803BD6B2D5905A25FB0FA3D3D01.e.3041"},"getTitle",[]]}
COMMAND: POST /session/1c509b1daf78d5bd7fa30d63e65e61da/element - {"using":"xpath","value":"//span[contains(@id ,\"title\")][contains(text(), \"WebdriverYard03bt4\")]"}
RESULT: {"using":"xpath","value":"//span[contains(@id ,\"title\")][contains(text(), \"WebdriverYard03bt4\")]"}
COMMAND: POST /session/1c509b1daf78d5bd7fa30d63e65e61da/execute/sync - {"script":"<script> [8489 bytes]","args":[{"element-6066-11e4-a52e-4f735466cecf":"f.5F4D13A366F511D63C807E683D9EB3B8.d.C015F803BD6B2D5905A25FB0FA3D3D01.e.3042","ELEMENT":"f.5F4D13A366F511D63C807E683D9EB3B8.d.C015F803BD6B2D5905A25FB0FA3D3D01.e.3042"}]}
COMMAND: POST /session/1c509b1daf78d5bd7fa30d63e65e61da/execute/async - {"script":"<script> [1562 bytes]","args":[{"selector":{"id":"backBtn"},"wdio_ui5_key":"backBtn"}]}
RESULT: {"script":"<script> [1562 bytes]","args":[{"selector":{"id":"backBtn"},"wdio_ui5_key":"backBtn"}]}
RESULT: undefined
COMMAND: POST /session/1c509b1daf78d5bd7fa30d63e65e61da/element - {"using":"xpath","value":"//*[@id=\"backBtn\"]"}
RESULT: {"script":"<script> [8489 bytes]","args":[{"element-6066-11e4-a52e-4f735466cecf":"f.5F4D13A366F511D63C807E683D9EB3B8.d.C015F803BD6B2D5905A25FB0FA3D3D01.e.3042","ELEMENT":"f.5F4D13A366F511D63C807E683D9EB3B8.d.C015F803BD6B2D5905A25FB0FA3D3D01.e.3042"}]}
COMMAND: GET /session/1c509b1daf78d5bd7fa30d63e65e61da/screenshot - {}
RESULT: {"using":"xpath","value":"//*[@id=\"backBtn\"]"}
COMMAND: POST /session/1c509b1daf78d5bd7fa30d63e65e61da/element/f.5F4D13A366F511D63C807E683D9EB3B8.d.C015F803BD6B2D5905A25FB0FA3D3D01.e.3043/click - {}
RESULT: {}
RESULT: {}
COMMAND: GET /session/1c509b1daf78d5bd7fa30d63e65e61da/screenshot - {}
COMMAND: POST /session/1c509b1daf78d5bd7fa30d63e65e61da/execute/sync - {"script":"<script> [8489 bytes]","args":[{"element-6066-11e4-a52e-4f735466cecf":"f.5F4D13A366F511D63C807E683D9EB3B8.d.C015F803BD6B2D5905A25FB0FA3D3D01.e.3042","ELEMENT":"f.5F4D13A366F511D63C807E683D9EB3B8.d.C015F803BD6B2D5905A25FB0FA3D3D01.e.3042"}]}
RESULT: {}
COMMAND: POST /session/1c509b1daf78d5bd7fa30d63e65e61da/element - {"using":"xpath","value":"//span[contains(@id ,\"title\")][contains(text(), \"WebdriverYard03bt4\")]"}
RESULT: {"using":"xpath","value":"//span[contains(@id ,\"title\")][contains(text(), \"WebdriverYard03bt4\")]"}
COMMAND: POST /session/1c509b1daf78d5bd7fa30d63e65e61da/element - {"using":"xpath","value":"//span[contains(@id ,\"title\")][contains(text(), \"WebdriverYard03bt4\")]"}
RESULT: {"using":"xpath","value":"//span[contains(@id ,\"title\")][contains(text(), \"WebdriverYard03bt4\")]"}
COMMAND: POST /session/1c509b1daf78d5bd7fa30d63e65e61da/element - {"using":"xpath","value":"//span[contains(@id ,\"title\")][contains(text(), \"WebdriverYard03bt4\")]"}
RESULT: {"using":"xpath","value":"//span[contains(@id ,\"title\")][contains(text(), \"WebdriverYard03bt4\")]"}
COMMAND: POST /session/1c509b1daf78d5bd7fa30d63e65e61da/element - {"using":"xpath","value":"//span[contains(@id ,\"title\")][contains(text(), \"WebdriverYard03bt4\")]"}
RESULT: {"using":"xpath","value":"//span[contains(@id ,\"title\")][contains(text(), \"WebdriverYard03bt4\")]"}
COMMAND: POST /session/1c509b1daf78d5bd7fa30d63e65e61da/element - {"using":"xpath","value":"//span[contains(@id ,\"title\")][contains(text(), \"WebdriverYard03bt4\")]"}
RESULT: {"using":"xpath","value":"//span[contains(@id ,\"title\")][contains(text(), \"WebdriverYard03bt4\")]"}
COMMAND: POST /session/1c509b1daf78d5bd7fa30d63e65e61da/element - {"using":"xpath","value":"//span[contains(@id ,\"title\")][contains(text(), \"WebdriverYard03bt4\")]"}
RESULT: {"using":"xpath","value":"//span[contains(@id ,\"title\")][contains(text(), \"WebdriverYard03bt4\")]"}
COMMAND: POST /session/1c509b1daf78d5bd7fa30d63e65e61da/element - {"using":"xpath","value":"//span[contains(@id ,\"title\")][contains(text(), \"WebdriverYard03bt4\")]"}
RESULT: {"using":"xpath","value":"//span[contains(@id ,\"title\")][contains(text(), \"WebdriverYard03bt4\")]"}
COMMAND: POST /session/1c509b1daf78d5bd7fa30d63e65e61da/element - {"using":"xpath","value":"//span[contains(@id ,\"title\")][contains(text(), \"WebdriverYard03bt4\")]"}
RESULT: {"using":"xpath","value":"//span[contains(@id ,\"title\")][contains(text(), \"WebdriverYard03bt4\")]"}
COMMAND: POST /session/1c509b1daf78d5bd7fa30d63e65e61da/element - {"using":"xpath","value":"//span[contains(@id ,\"title\")][contains(text(), \"WebdriverYard03bt4\")]"}
RESULT: {"using":"xpath","value":"//span[contains(@id ,\"title\")][contains(text(), \"WebdriverYard03bt4\")]"}
COMMAND: POST /session/1c509b1daf78d5bd7fa30d63e65e61da/element - {"using":"xpath","value":"//span[contains(@id ,\"title\")][contains(text(), \"WebdriverYard03bt4\")]"}
RESULT: {"using":"xpath","value":"//span[contains(@id ,\"title\")][contains(text(), \"WebdriverYard03bt4\")]"}
COMMAND: POST /session/1c509b1daf78d5bd7fa30d63e65e61da/element - {"using":"xpath","value":"//span[contains(@id ,\"title\")][contains(text(), \"WebdriverYard03bt4\")]"}
RESULT: {"using":"xpath","value":"//span[contains(@id ,\"title\")][contains(text(), \"WebdriverYard03bt4\")]"}
COMMAND: POST /session/1c509b1daf78d5bd7fa30d63e65e61da/element - {"using":"xpath","value":"//span[contains(@id ,\"title\")][contains(text(), \"WebdriverYard03bt4\")]"}
RESULT: {"using":"xpath","value":"//span[contains(@id ,\"title\")][contains(text(), \"WebdriverYard03bt4\")]"}
COMMAND: POST /session/1c509b1daf78d5bd7fa30d63e65e61da/element - {"using":"xpath","value":"//span[contains(@id ,\"title\")][contains(text(), \"WebdriverYard03bt4\")]"}
RESULT: {"using":"xpath","value":"//span[contains(@id ,\"title\")][contains(text(), \"WebdriverYard03bt4\")]"}
COMMAND: POST /session/1c509b1daf78d5bd7fa30d63e65e61da/element - {"using":"xpath","value":"//span[contains(@id ,\"title\")][contains(text(), \"WebdriverYard03bt4\")]"}
RESULT: {"using":"xpath","value":"//span[contains(@id ,\"title\")][contains(text(), \"WebdriverYard03bt4\")]"}
COMMAND: POST /session/1c509b1daf78d5bd7fa30d63e65e61da/element - {"using":"xpath","value":"//span[contains(@id ,\"title\")][contains(text(), \"WebdriverYard03bt4\")]"}
RESULT: {"using":"xpath","value":"//span[contains(@id ,\"title\")][contains(text(), \"WebdriverYard03bt4\")]"}
COMMAND: POST /session/1c509b1daf78d5bd7fa30d63e65e61da/element - {"using":"xpath","value":"//span[contains(@id ,\"title\")][contains(text(), \"WebdriverYard03bt4\")]"}
RESULT: {"using":"xpath","value":"//span[contains(@id ,\"title\")][contains(text(), \"WebdriverYard03bt4\")]"}
COMMAND: POST /session/1c509b1daf78d5bd7fa30d63e65e61da/element - {"using":"xpath","value":"//span[contains(@id ,\"title\")][contains(text(), \"WebdriverYard03bt4\")]"}
RESULT: {"using":"xpath","value":"//span[contains(@id ,\"title\")][contains(text(), \"WebdriverYard03bt4\")]"}
COMMAND: POST /session/1c509b1daf78d5bd7fa30d63e65e61da/element - {"using":"xpath","value":"//*[contains(@data-kt ,\"webshopDetailYardLink\")]"}
RESULT: {"using":"xpath","value":"//*[contains(@data-kt ,\"webshopDetailYardLink\")]"}
COMMAND: POST /session/1c509b1daf78d5bd7fa30d63e65e61da/execute/sync - {"script":"<script> [8489 bytes]","args":[{"element-6066-11e4-a52e-4f735466cecf":"f.5F4D13A366F511D63C807E683D9EB3B8.d.C015F803BD6B2D5905A25FB0FA3D3D01.e.3209","ELEMENT":"f.5F4D13A366F511D63C807E683D9EB3B8.d.C015F803BD6B2D5905A25FB0FA3D3D01.e.3209"}]}
RESULT: {"script":"<script> [8489 bytes]","args":[{"element-6066-11e4-a52e-4f735466cecf":"f.5F4D13A366F511D63C807E683D9EB3B8.d.C015F803BD6B2D5905A25FB0FA3D3D01.e.3209","ELEMENT":"f.5F4D13A366F511D63C807E683D9EB3B8.d.C015F803BD6B2D5905A25FB0FA3D3D01.e.3209"}]}
COMMAND: POST /session/1c509b1daf78d5bd7fa30d63e65e61da/execute/sync - {"script":"<script> [5351 bytes]","args":[{"element-6066-11e4-a52e-4f735466cecf":"f.5F4D13A366F511D63C807E683D9EB3B8.d.C015F803BD6B2D5905A25FB0FA3D3D01.e.3209","ELEMENT":"f.5F4D13A366F511D63C807E683D9EB3B8.d.C015F803BD6B2D5905A25FB0FA3D3D01.e.3209"}]}
COMMAND: GET /session/1c509b1daf78d5bd7fa30d63e65e61da/screenshot - {}
RESULT: {"script":"<script> [5351 bytes]","args":[{"element-6066-11e4-a52e-4f735466cecf":"f.5F4D13A366F511D63C807E683D9EB3B8.d.C015F803BD6B2D5905A25FB0FA3D3D01.e.3209","ELEMENT":"f.5F4D13A366F511D63C807E683D9EB3B8.d.C015F803BD6B2D5905A25FB0FA3D3D01.e.3209"}]}
COMMAND: POST /session/1c509b1daf78d5bd7fa30d63e65e61da/element - {"using":"xpath","value":"//*[contains(@data-kt ,\"webshopDetailYardLink\")]"}
COMMAND: GET /session/1c509b1daf78d5bd7fa30d63e65e61da/screenshot - {}
RESULT: {}
RESULT: {"using":"xpath","value":"//*[contains(@data-kt ,\"webshopDetailYardLink\")]"}
COMMAND: POST /session/1c509b1daf78d5bd7fa30d63e65e61da/element/f.5F4D13A366F511D63C807E683D9EB3B8.d.C015F803BD6B2D5905A25FB0FA3D3D01.e.3209/click - {}
COMMAND: POST /session/1c509b1daf78d5bd7fa30d63e65e61da/element - {"using":"xpath","value":"//span[contains(@id ,\"title\")][contains(text(), \"WebdriverYard03bt4\")]"}
RESULT: {}
RESULT: {}
COMMAND: GET /session/1c509b1daf78d5bd7fa30d63e65e61da/screenshot - {}
RESULT: {"using":"xpath","value":"//span[contains(@id ,\"title\")][contains(text(), \"WebdriverYard03bt4\")]"}
COMMAND: POST /session/1c509b1daf78d5bd7fa30d63e65e61da/execute/sync - {"script":"<script> [8489 bytes]","args":[{"element-6066-11e4-a52e-4f735466cecf":"f.5F4D13A366F511D63C807E683D9EB3B8.d.C015F803BD6B2D5905A25FB0FA3D3D01.e.3212","ELEMENT":"f.5F4D13A366F511D63C807E683D9EB3B8.d.C015F803BD6B2D5905A25FB0FA3D3D01.e.3212"}]}
RESULT: {}
RESULT: {"script":"<script> [8489 bytes]","args":[{"element-6066-11e4-a52e-4f735466cecf":"f.5F4D13A366F511D63C807E683D9EB3B8.d.C015F803BD6B2D5905A25FB0FA3D3D01.e.3212","ELEMENT":"f.5F4D13A366F511D63C807E683D9EB3B8.d.C015F803BD6B2D5905A25FB0FA3D3D01.e.3212"}]}
COMMAND: GET /session/1c509b1daf78d5bd7fa30d63e65e61da/screenshot - {}
RESULT: {}
COMMAND: POST /session/1c509b1daf78d5bd7fa30d63e65e61da/element - {"using":"xpath","value":"//*[contains(@data-kt ,\"ContextMenuId3Link\")][contains(text(), \"Yard Main Address\")]"}
RESULT: {"using":"xpath","value":"//*[contains(@data-kt ,\"ContextMenuId3Link\")][contains(text(), \"Yard Main Address\")]"}
COMMAND: POST /session/1c509b1daf78d5bd7fa30d63e65e61da/element/f.5F4D13A366F511D63C807E683D9EB3B8.d.C015F803BD6B2D5905A25FB0FA3D3D01.e.3213/click - {}
RESULT: {}
COMMAND: GET /session/1c509b1daf78d5bd7fa30d63e65e61da/screenshot - {}
RESULT: {}
COMMAND: POST /session/1c509b1daf78d5bd7fa30d63e65e61da/execute/async - {"script":"<script> [1562 bytes]","args":[{"selector":{"id":"application-addressmanagement-display-component---masterAdm--title1"},"wdio_ui5_key":"applicationaddressmanagement-display-component---masterAdm--title1"}]}
RESULT: {"script":"<script> [1562 bytes]","args":[{"selector":{"id":"application-addressmanagement-display-component---masterAdm--title1"},"wdio_ui5_key":"applicationaddressmanagement-display-component---masterAdm--title1"}]}
RESULT: undefined
COMMAND: POST /session/1c509b1daf78d5bd7fa30d63e65e61da/execute/async - {"script":"<script> [6424 bytes]","args":[{"element-6066-11e4-a52e-4f735466cecf":"f.5F4D13A366F511D63C807E683D9EB3B8.d.C015F803BD6B2D5905A25FB0FA3D3D01.e.3508"},"getText",[]]}
RESULT: {"script":"<script> [6424 bytes]","args":[{"element-6066-11e4-a52e-4f735466cecf":"f.5F4D13A366F511D63C807E683D9EB3B8.d.C015F803BD6B2D5905A25FB0FA3D3D01.e.3508"},"getText",[]]}
COMMAND: POST /session/1c509b1daf78d5bd7fa30d63e65e61da/element - {"using":"xpath","value":"//span[contains(text(), \"WebdriverYardjjtihg\")][contains(@id ,\"application-addressmanagement-display-component---detailAdm--addressDetailDetailsName1\")]"}
RESULT: {"using":"xpath","value":"//span[contains(text(), \"WebdriverYardjjtihg\")][contains(@id ,\"application-addressmanagement-display-component---detailAdm--addressDetailDetailsName1\")]"}
COMMAND: POST /session/1c509b1daf78d5bd7fa30d63e65e61da/element - {"using":"xpath","value":"//span[contains(text(), \"WebdriverYardjjtihg\")][contains(@id ,\"application-addressmanagement-display-component---detailAdm--addressDetailDetailsName1\")]"}
RESULT: undefined
COMMAND: POST /session/1c509b1daf78d5bd7fa30d63e65e61da/element - {"using":"xpath","value":"//*[@id=\"backBtn\"]"}
RESULT: {"using":"xpath","value":"//span[contains(text(), \"WebdriverYardjjtihg\")][contains(@id ,\"application-addressmanagement-display-component---detailAdm--addressDetailDetailsName1\")]"}
RESULT: {"using":"xpath","value":"//*[@id=\"backBtn\"]"}
COMMAND: POST /session/1c509b1daf78d5bd7fa30d63e65e61da/element/f.5F4D13A366F511D63C807E683D9EB3B8.d.C015F803BD6B2D5905A25FB0FA3D3D01.e.3043/click - {}
RESULT: {}
COMMAND: GET /session/1c509b1daf78d5bd7fa30d63e65e61da/screenshot - {}
COMMAND: POST /session/1c509b1daf78d5bd7fa30d63e65e61da/element - {"using":"xpath","value":"//span[contains(text(), \"WebdriverYardjjtihg\")][contains(@id ,\"application-addressmanagement-display-component---detailAdm--addressDetailDetailsName1\")]"}
RESULT: {}
RESULT: {"using":"xpath","value":"//span[contains(text(), \"WebdriverYardjjtihg\")][contains(@id ,\"application-addressmanagement-display-component---detailAdm--addressDetailDetailsName1\")]"}
COMMAND: POST /session/1c509b1daf78d5bd7fa30d63e65e61da/element - {"using":"xpath","value":"//span[contains(text(), \"WebdriverYardjjtihg\")][contains(@id ,\"application-addressmanagement-display-component---detailAdm--addressDetailDetailsName1\")]"}
RESULT: {"using":"xpath","value":"//span[contains(text(), \"WebdriverYardjjtihg\")][contains(@id ,\"application-addressmanagement-display-component---detailAdm--addressDetailDetailsName1\")]"}
COMMAND: POST /session/1c509b1daf78d5bd7fa30d63e65e61da/element - {"using":"xpath","value":"//span[contains(text(), \"WebdriverYardjjtihg\")][contains(@id ,\"application-addressmanagement-display-component---detailAdm--addressDetailDetailsName1\")]"}
RESULT: {"using":"xpath","value":"//span[contains(text(), \"WebdriverYardjjtihg\")][contains(@id ,\"application-addressmanagement-display-component---detailAdm--addressDetailDetailsName1\")]"}
COMMAND: POST /session/1c509b1daf78d5bd7fa30d63e65e61da/element - {"using":"xpath","value":"//span[contains(text(), \"WebdriverYardjjtihg\")][contains(@id ,\"application-addressmanagement-display-component---detailAdm--addressDetailDetailsName1\")]"}
RESULT: {"using":"xpath","value":"//span[contains(text(), \"WebdriverYardjjtihg\")][contains(@id ,\"application-addressmanagement-display-component---detailAdm--addressDetailDetailsName1\")]"}
COMMAND: POST /session/1c509b1daf78d5bd7fa30d63e65e61da/element - {"using":"xpath","value":"//span[contains(text(), \"WebdriverYardjjtihg\")][contains(@id ,\"application-addressmanagement-display-component---detailAdm--addressDetailDetailsName1\")]"}
RESULT: {"using":"xpath","value":"//span[contains(text(), \"WebdriverYardjjtihg\")][contains(@id ,\"application-addressmanagement-display-component---detailAdm--addressDetailDetailsName1\")]"}
COMMAND: POST /session/1c509b1daf78d5bd7fa30d63e65e61da/element - {"using":"xpath","value":"//span[contains(text(), \"WebdriverYardjjtihg\")][contains(@id ,\"application-addressmanagement-display-component---detailAdm--addressDetailDetailsName1\")]"}
RESULT: {"using":"xpath","value":"//span[contains(text(), \"WebdriverYardjjtihg\")][contains(@id ,\"application-addressmanagement-display-component---detailAdm--addressDetailDetailsName1\")]"}
COMMAND: POST /session/1c509b1daf78d5bd7fa30d63e65e61da/element - {"using":"xpath","value":"//span[contains(text(), \"WebdriverYardjjtihg\")][contains(@id ,\"application-addressmanagement-display-component---detailAdm--addressDetailDetailsName1\")]"}
RESULT: {"using":"xpath","value":"//span[contains(text(), \"WebdriverYardjjtihg\")][contains(@id ,\"application-addressmanagement-display-component---detailAdm--addressDetailDetailsName1\")]"}
COMMAND: POST /session/1c509b1daf78d5bd7fa30d63e65e61da/element - {"using":"xpath","value":"//span[contains(text(), \"WebdriverYardjjtihg\")][contains(@id ,\"application-addressmanagement-display-component---detailAdm--addressDetailDetailsName1\")]"}
RESULT: {"using":"xpath","value":"//span[contains(text(), \"WebdriverYardjjtihg\")][contains(@id ,\"application-addressmanagement-display-component---detailAdm--addressDetailDetailsName1\")]"}
COMMAND: POST /session/1c509b1daf78d5bd7fa30d63e65e61da/element - {"using":"xpath","value":"//span[contains(text(), \"WebdriverYardjjtihg\")][contains(@id ,\"application-addressmanagement-display-component---detailAdm--addressDetailDetailsName1\")]"}
RESULT: {"using":"xpath","value":"//span[contains(text(), \"WebdriverYardjjtihg\")][contains(@id ,\"application-addressmanagement-display-component---detailAdm--addressDetailDetailsName1\")]"}
COMMAND: POST /session/1c509b1daf78d5bd7fa30d63e65e61da/element - {"using":"xpath","value":"//span[contains(text(), \"WebdriverYardjjtihg\")][contains(@id ,\"application-addressmanagement-display-component---detailAdm--addressDetailDetailsName1\")]"}
RESULT: {"using":"xpath","value":"//span[contains(text(), \"WebdriverYardjjtihg\")][contains(@id ,\"application-addressmanagement-display-component---detailAdm--addressDetailDetailsName1\")]"}
COMMAND: POST /session/1c509b1daf78d5bd7fa30d63e65e61da/element - {"using":"xpath","value":"//span[contains(text(), \"WebdriverYardjjtihg\")][contains(@id ,\"application-addressmanagement-display-component---detailAdm--addressDetailDetailsName1\")]"}
RESULT: {"using":"xpath","value":"//span[contains(text(), \"WebdriverYardjjtihg\")][contains(@id ,\"application-addressmanagement-display-component---detailAdm--addressDetailDetailsName1\")]"}
COMMAND: POST /session/1c509b1daf78d5bd7fa30d63e65e61da/element - {"using":"xpath","value":"//span[contains(text(), \"WebdriverYardjjtihg\")][contains(@id ,\"application-addressmanagement-display-component---detailAdm--addressDetailDetailsName1\")]"}
RESULT: {"using":"xpath","value":"//span[contains(text(), \"WebdriverYardjjtihg\")][contains(@id ,\"application-addressmanagement-display-component---detailAdm--addressDetailDetailsName1\")]"}
COMMAND: POST /session/1c509b1daf78d5bd7fa30d63e65e61da/element - {"using":"xpath","value":"//span[contains(text(), \"WebdriverYardjjtihg\")][contains(@id ,\"application-addressmanagement-display-component---detailAdm--addressDetailDetailsName1\")]"}
RESULT: {"using":"xpath","value":"//span[contains(text(), \"WebdriverYardjjtihg\")][contains(@id ,\"application-addressmanagement-display-component---detailAdm--addressDetailDetailsName1\")]"}
COMMAND: POST /session/1c509b1daf78d5bd7fa30d63e65e61da/execute/sync - {"script":"<script> [8489 bytes]","args":[{"element-6066-11e4-a52e-4f735466cecf":"f.5F4D13A366F511D63C807E683D9EB3B8.d.C015F803BD6B2D5905A25FB0FA3D3D01.e.3209","ELEMENT":"f.5F4D13A366F511D63C807E683D9EB3B8.d.C015F803BD6B2D5905A25FB0FA3D3D01.e.3209"}]}
COMMAND: POST /session/1c509b1daf78d5bd7fa30d63e65e61da/element - {"using":"xpath","value":"//*[contains(@data-kt ,\"webshopDetailYardLink\")]"}
RESULT: {"using":"xpath","value":"//*[contains(@data-kt ,\"webshopDetailYardLink\")]"}
COMMAND: POST /session/1c509b1daf78d5bd7fa30d63e65e61da/execute/sync - {"script":"<script> [8489 bytes]","args":[{"element-6066-11e4-a52e-4f735466cecf":"f.5F4D13A366F511D63C807E683D9EB3B8.d.C015F803BD6B2D5905A25FB0FA3D3D01.e.3655","ELEMENT":"f.5F4D13A366F511D63C807E683D9EB3B8.d.C015F803BD6B2D5905A25FB0FA3D3D01.e.3655"}]}
RESULT: {"script":"<script> [8489 bytes]","args":[{"element-6066-11e4-a52e-4f735466cecf":"f.5F4D13A366F511D63C807E683D9EB3B8.d.C015F803BD6B2D5905A25FB0FA3D3D01.e.3655","ELEMENT":"f.5F4D13A366F511D63C807E683D9EB3B8.d.C015F803BD6B2D5905A25FB0FA3D3D01.e.3655"}]}
COMMAND: POST /session/1c509b1daf78d5bd7fa30d63e65e61da/execute/sync - {"script":"<script> [5351 bytes]","args":[{"element-6066-11e4-a52e-4f735466cecf":"f.5F4D13A366F511D63C807E683D9EB3B8.d.C015F803BD6B2D5905A25FB0FA3D3D01.e.3655","ELEMENT":"f.5F4D13A366F511D63C807E683D9EB3B8.d.C015F803BD6B2D5905A25FB0FA3D3D01.e.3655"}]}
COMMAND: GET /session/1c509b1daf78d5bd7fa30d63e65e61da/screenshot - {}
RESULT: {"script":"<script> [5351 bytes]","args":[{"element-6066-11e4-a52e-4f735466cecf":"f.5F4D13A366F511D63C807E683D9EB3B8.d.C015F803BD6B2D5905A25FB0FA3D3D01.e.3655","ELEMENT":"f.5F4D13A366F511D63C807E683D9EB3B8.d.C015F803BD6B2D5905A25FB0FA3D3D01.e.3655"}]}
COMMAND: POST /session/1c509b1daf78d5bd7fa30d63e65e61da/element - {"using":"xpath","value":"//*[contains(@data-kt ,\"webshopDetailYardLink\")]"}
COMMAND: GET /session/1c509b1daf78d5bd7fa30d63e65e61da/screenshot - {}
RESULT: {}
RESULT: {"using":"xpath","value":"//*[contains(@data-kt ,\"webshopDetailYardLink\")]"}
COMMAND: POST /session/1c509b1daf78d5bd7fa30d63e65e61da/element/f.5F4D13A366F511D63C807E683D9EB3B8.d.C015F803BD6B2D5905A25FB0FA3D3D01.e.3655/click - {}
COMMAND: POST /session/1c509b1daf78d5bd7fa30d63e65e61da/element - {"using":"xpath","value":"//span[contains(text(), \"WebdriverYardjjtihg\")][contains(@id ,\"application-addressmanagement-display-component---detailAdm--addressDetailDetailsName1\")]"}
RESULT: {}
RESULT: {}
COMMAND: GET /session/1c509b1daf78d5bd7fa30d63e65e61da/screenshot - {}
RESULT: {"using":"xpath","value":"//span[contains(text(), \"WebdriverYardjjtihg\")][contains(@id ,\"application-addressmanagement-display-component---detailAdm--addressDetailDetailsName1\")]"}
RESULT: {}
COMMAND: POST /session/1c509b1daf78d5bd7fa30d63e65e61da/element - {"using":"xpath","value":"//span[contains(text(), \"WebdriverYardjjtihg\")][contains(@id ,\"application-addressmanagement-display-component---detailAdm--addressDetailDetailsName1\")]"}
RESULT: {"using":"xpath","value":"//span[contains(text(), \"WebdriverYardjjtihg\")][contains(@id ,\"application-addressmanagement-display-component---detailAdm--addressDetailDetailsName1\")]"}
COMMAND: POST /session/1c509b1daf78d5bd7fa30d63e65e61da/element - {"using":"xpath","value":"//span[contains(text(), \"WebdriverYardjjtihg\")][contains(@id ,\"application-addressmanagement-display-component---detailAdm--addressDetailDetailsName1\")]"}
RESULT: {"using":"xpath","value":"//span[contains(text(), \"WebdriverYardjjtihg\")][contains(@id ,\"application-addressmanagement-display-component---detailAdm--addressDetailDetailsName1\")]"}
COMMAND: POST /session/1c509b1daf78d5bd7fa30d63e65e61da/element - {"using":"xpath","value":"//span[contains(text(), \"WebdriverYardjjtihg\")][contains(@id ,\"application-addressmanagement-display-component---detailAdm--addressDetailDetailsName1\")]"}
RESULT: {"using":"xpath","value":"//span[contains(text(), \"WebdriverYardjjtihg\")][contains(@id ,\"application-addressmanagement-display-component---detailAdm--addressDetailDetailsName1\")]"}
COMMAND: POST /session/1c509b1daf78d5bd7fa30d63e65e61da/element - {"using":"xpath","value":"//button[contains(@data-kt ,\"ContextMenuExternalId2Link\")]"}
RESULT: {"using":"xpath","value":"//button[contains(@data-kt ,\"ContextMenuExternalId2Link\")]"}
COMMAND: POST /session/1c509b1daf78d5bd7fa30d63e65e61da/element/f.5F4D13A366F511D63C807E683D9EB3B8.d.C015F803BD6B2D5905A25FB0FA3D3D01.e.3657/click - {}
COMMAND: POST /session/1c509b1daf78d5bd7fa30d63e65e61da/element - {"using":"xpath","value":"//span[contains(text(), \"WebdriverYardjjtihg\")][contains(@id ,\"application-addressmanagement-display-component---detailAdm--addressDetailDetailsName1\")]"}
RESULT: {}
COMMAND: GET /session/1c509b1daf78d5bd7fa30d63e65e61da/screenshot - {}
RESULT: {"using":"xpath","value":"//span[contains(text(), \"WebdriverYardjjtihg\")][contains(@id ,\"application-addressmanagement-display-component---detailAdm--addressDetailDetailsName1\")]"}
COMMAND: POST /session/1c509b1daf78d5bd7fa30d63e65e61da/element - {"using":"xpath","value":"//span[contains(text(), \"WebdriverYardjjtihg\")][contains(@id ,\"application-addressmanagement-display-component---detailAdm--addressDetailDetailsName1\")]"}
RESULT: {}
RESULT: {"using":"xpath","value":"//span[contains(text(), \"WebdriverYardjjtihg\")][contains(@id ,\"application-addressmanagement-display-component---detailAdm--addressDetailDetailsName1\")]"}
COMMAND: POST /session/1c509b1daf78d5bd7fa30d63e65e61da/element - {"using":"xpath","value":"//span[contains(text(), \"WebdriverYardjjtihg\")][contains(@id ,\"application-addressmanagement-display-component---detailAdm--addressDetailDetailsName1\")]"}
RESULT: {"using":"xpath","value":"//span[contains(text(), \"WebdriverYardjjtihg\")][contains(@id ,\"application-addressmanagement-display-component---detailAdm--addressDetailDetailsName1\")]"}
COMMAND: POST /session/1c509b1daf78d5bd7fa30d63e65e61da/element - {"using":"xpath","value":"//span[contains(text(), \"WebdriverYardjjtihg\")][contains(@id ,\"application-addressmanagement-display-component---detailAdm--addressDetailDetailsName1\")]"}
RESULT: {"using":"xpath","value":"//span[contains(text(), \"WebdriverYardjjtihg\")][contains(@id ,\"application-addressmanagement-display-component---detailAdm--addressDetailDetailsName1\")]"}
COMMAND: POST /session/1c509b1daf78d5bd7fa30d63e65e61da/element - {"using":"xpath","value":"//span[contains(text(), \"WebdriverYardjjtihg\")][contains(@id ,\"application-addressmanagement-display-component---detailAdm--addressDetailDetailsName1\")]"}
RESULT: {"using":"xpath","value":"//span[contains(text(), \"WebdriverYardjjtihg\")][contains(@id ,\"application-addressmanagement-display-component---detailAdm--addressDetailDetailsName1\")]"}
COMMAND: POST /session/1c509b1daf78d5bd7fa30d63e65e61da/element - {"using":"xpath","value":"//span[contains(text(), \"WebdriverYardjjtihg\")][contains(@id ,\"application-addressmanagement-display-component---detailAdm--addressDetailDetailsName1\")]"}
RESULT: {"using":"xpath","value":"//span[contains(text(), \"WebdriverYardjjtihg\")][contains(@id ,\"application-addressmanagement-display-component---detailAdm--addressDetailDetailsName1\")]"}
COMMAND: POST /session/1c509b1daf78d5bd7fa30d63e65e61da/element - {"using":"xpath","value":"//span[contains(text(), \"WebdriverYardjjtihg\")][contains(@id ,\"application-addressmanagement-display-component---detailAdm--addressDetailDetailsName1\")]"}
COMMAND: GET /session/1c509b1daf78d5bd7fa30d63e65e61da/window/handles - {}
RESULT: {"using":"xpath","value":"//span[contains(text(), \"WebdriverYardjjtihg\")][contains(@id ,\"application-addressmanagement-display-component---detailAdm--addressDetailDetailsName1\")]"}
RESULT: {}
COMMAND: POST /session/1c509b1daf78d5bd7fa30d63e65e61da/window - {"handle":"44FC9E28979348E37D7A3CA61507FD23"}
RESULT: {"handle":"44FC9E28979348E37D7A3CA61507FD23"}
COMMAND: GET /session/1c509b1daf78d5bd7fa30d63e65e61da/url - {}
RESULT: {}
COMMAND: GET /session/1c509b1daf78d5bd7fa30d63e65e61da/screenshot - {}
RESULT: {}
COMMAND: POST /session/1c509b1daf78d5bd7fa30d63e65e61da/element - {"using":"xpath","value":"//span[contains(text(), \"WebdriverYardjjtihg\")][contains(@id ,\"application-addressmanagement-display-component---detailAdm--addressDetailDetailsName1\")]"}
RESULT: {"using":"xpath","value":"//span[contains(text(), \"WebdriverYardjjtihg\")][contains(@id ,\"application-addressmanagement-display-component---detailAdm--addressDetailDetailsName1\")]"}
COMMAND: POST /session/1c509b1daf78d5bd7fa30d63e65e61da/element - {"using":"xpath","value":"//span[contains(text(), \"WebdriverYardjjtihg\")][contains(@id ,\"application-addressmanagement-display-component---detailAdm--addressDetailDetailsName1\")]"}
RESULT: {"using":"xpath","value":"//span[contains(text(), \"WebdriverYardjjtihg\")][contains(@id ,\"application-addressmanagement-display-component---detailAdm--addressDetailDetailsName1\")]"}
COMMAND: POST /session/1c509b1daf78d5bd7fa30d63e65e61da/element - {"using":"xpath","value":"//span[contains(text(), \"WebdriverYardjjtihg\")][contains(@id ,\"application-addressmanagement-display-component---detailAdm--addressDetailDetailsName1\")]"}
RESULT: {"using":"xpath","value":"//span[contains(text(), \"WebdriverYardjjtihg\")][contains(@id ,\"application-addressmanagement-display-component---detailAdm--addressDetailDetailsName1\")]"}
COMMAND: POST /session/1c509b1daf78d5bd7fa30d63e65e61da/element - {"using":"xpath","value":"//span[contains(text(), \"WebdriverYardjjtihg\")][contains(@id ,\"application-addressmanagement-display-component---detailAdm--addressDetailDetailsName1\")]"}
RESULT: {"using":"xpath","value":"//span[contains(text(), \"WebdriverYardjjtihg\")][contains(@id ,\"application-addressmanagement-display-component---detailAdm--addressDetailDetailsName1\")]"}
COMMAND: POST /session/1c509b1daf78d5bd7fa30d63e65e61da/element - {"using":"xpath","value":"//span[contains(text(), \"WebdriverYardjjtihg\")][contains(@id ,\"application-addressmanagement-display-component---detailAdm--addressDetailDetailsName1\")]"}
RESULT: {"using":"xpath","value":"//span[contains(text(), \"WebdriverYardjjtihg\")][contains(@id ,\"application-addressmanagement-display-component---detailAdm--addressDetailDetailsName1\")]"}
COMMAND: POST /session/1c509b1daf78d5bd7fa30d63e65e61da/element - {"using":"xpath","value":"//span[contains(text(), \"WebdriverYardjjtihg\")][contains(@id ,\"application-addressmanagement-display-component---detailAdm--addressDetailDetailsName1\")]"}
RESULT: {"using":"xpath","value":"//span[contains(text(), \"WebdriverYardjjtihg\")][contains(@id ,\"application-addressmanagement-display-component---detailAdm--addressDetailDetailsName1\")]"}
COMMAND: POST /session/1c509b1daf78d5bd7fa30d63e65e61da/element - {"using":"xpath","value":"//span[contains(text(), \"WebdriverYardjjtihg\")][contains(@id ,\"application-addressmanagement-display-component---detailAdm--addressDetailDetailsName1\")]"}
RESULT: {"using":"xpath","value":"//span[contains(text(), \"WebdriverYardjjtihg\")][contains(@id ,\"application-addressmanagement-display-component---detailAdm--addressDetailDetailsName1\")]"}
COMMAND: POST /session/1c509b1daf78d5bd7fa30d63e65e61da/element - {"using":"xpath","value":"//span[contains(text(), \"WebdriverYardjjtihg\")][contains(@id ,\"application-addressmanagement-display-component---detailAdm--addressDetailDetailsName1\")]"}
RESULT: {"using":"xpath","value":"//span[contains(text(), \"WebdriverYardjjtihg\")][contains(@id ,\"application-addressmanagement-display-component---detailAdm--addressDetailDetailsName1\")]"}
COMMAND: POST /session/1c509b1daf78d5bd7fa30d63e65e61da/element - {"using":"xpath","value":"//span[contains(text(), \"WebdriverYardjjtihg\")][contains(@id ,\"application-addressmanagement-display-component---detailAdm--addressDetailDetailsName1\")]"}
RESULT: {"using":"xpath","value":"//span[contains(text(), \"WebdriverYardjjtihg\")][contains(@id ,\"application-addressmanagement-display-component---detailAdm--addressDetailDetailsName1\")]"}
COMMAND: POST /session/1c509b1daf78d5bd7fa30d63e65e61da/element - {"using":"xpath","value":"//span[contains(text(), \"WebdriverYardjjtihg\")][contains(@id ,\"application-addressmanagement-display-component---detailAdm--addressDetailDetailsName1\")]"}
RESULT: {"using":"xpath","value":"//span[contains(text(), \"WebdriverYardjjtihg\")][contains(@id ,\"application-addressmanagement-display-component---detailAdm--addressDetailDetailsName1\")]"}
COMMAND: POST /session/1c509b1daf78d5bd7fa30d63e65e61da/element - {"using":"xpath","value":"//span[contains(text(), \"WebdriverYardjjtihg\")][contains(@id ,\"application-addressmanagement-display-component---detailAdm--addressDetailDetailsName1\")]"}
RESULT: {"using":"xpath","value":"//span[contains(text(), \"WebdriverYardjjtihg\")][contains(@id ,\"application-addressmanagement-display-component---detailAdm--addressDetailDetailsName1\")]"}
COMMAND: POST /session/1c509b1daf78d5bd7fa30d63e65e61da/execute/sync - {"script":"<script> [8489 bytes]","args":[{"element-6066-11e4-a52e-4f735466cecf":"f.5F4D13A366F511D63C807E683D9EB3B8.d.C015F803BD6B2D5905A25FB0FA3D3D01.e.3212","ELEMENT":"f.5F4D13A366F511D63C807E683D9EB3B8.d.C015F803BD6B2D5905A25FB0FA3D3D01.e.3212"}]}
COMMAND: DELETE /session/1c509b1daf78d5bd7fa30d63e65e61da/window - {}
RESULT: {}
COMMAND: POST /session/1c509b1daf78d5bd7fa30d63e65e61da/window - {"handle":"5F4D13A366F511D63C807E683D9EB3B8"}
RESULT: {"handle":"5F4D13A366F511D63C807E683D9EB3B8"}
COMMAND: GET /session/1c509b1daf78d5bd7fa30d63e65e61da/url - {}
COMMAND: POST /session/1c509b1daf78d5bd7fa30d63e65e61da/element - {"using":"xpath","value":"//span[contains(text(), \"WebdriverYardjjtihg\")][contains(@id ,\"application-addressmanagement-display-component---detailAdm--addressDetailDetailsName1\")]"}
COMMAND: POST /session/1c509b1daf78d5bd7fa30d63e65e61da/element - {"using":"xpath","value":"//span[contains(@id ,\"title\")][contains(text(), \"WebdriverYard03bt4\")]"}
RESULT: {}
COMMAND: GET /session/1c509b1daf78d5bd7fa30d63e65e61da/screenshot - {}
RESULT: {"using":"xpath","value":"//span[contains(text(), \"WebdriverYardjjtihg\")][contains(@id ,\"application-addressmanagement-display-component---detailAdm--addressDetailDetailsName1\")]"}
RESULT: {"using":"xpath","value":"//span[contains(@id ,\"title\")][contains(text(), \"WebdriverYard03bt4\")]"}
COMMAND: POST /session/1c509b1daf78d5bd7fa30d63e65e61da/execute/sync - {"script":"<script> [8489 bytes]","args":[{"element-6066-11e4-a52e-4f735466cecf":"f.5F4D13A366F511D63C807E683D9EB3B8.d.C015F803BD6B2D5905A25FB0FA3D3D01.e.3784","ELEMENT":"f.5F4D13A366F511D63C807E683D9EB3B8.d.C015F803BD6B2D5905A25FB0FA3D3D01.e.3784"}]}
RESULT: {}
RESULT: {"script":"<script> [8489 bytes]","args":[{"element-6066-11e4-a52e-4f735466cecf":"f.5F4D13A366F511D63C807E683D9EB3B8.d.C015F803BD6B2D5905A25FB0FA3D3D01.e.3784","ELEMENT":"f.5F4D13A366F511D63C807E683D9EB3B8.d.C015F803BD6B2D5905A25FB0FA3D3D01.e.3784"}]}
COMMAND: GET /session/1c509b1daf78d5bd7fa30d63e65e61da/screenshot - {}
RESULT: {}
COMMAND: POST /session/1c509b1daf78d5bd7fa30d63e65e61da/element - {"using":"xpath","value":"//span[contains(text(), \"WebdriverYardjjtihg\")][contains(@id ,\"application-addressmanagement-display-component---detailAdm--addressDetailDetailsName1\")]"}
RESULT: {"using":"xpath","value":"//span[contains(text(), \"WebdriverYardjjtihg\")][contains(@id ,\"application-addressmanagement-display-component---detailAdm--addressDetailDetailsName1\")]"}
COMMAND: POST /session/1c509b1daf78d5bd7fa30d63e65e61da/element - {"using":"xpath","value":"//span[contains(text(), \"WebdriverYardjjtihg\")][contains(@id ,\"application-addressmanagement-display-component---detailAdm--addressDetailDetailsName1\")]"}
RESULT: {"using":"xpath","value":"//span[contains(text(), \"WebdriverYardjjtihg\")][contains(@id ,\"application-addressmanagement-display-component---detailAdm--addressDetailDetailsName1\")]"}
COMMAND: POST /session/1c509b1daf78d5bd7fa30d63e65e61da/element - {"using":"xpath","value":"//span[contains(text(), \"WebdriverYardjjtihg\")][contains(@id ,\"application-addressmanagement-display-component---detailAdm--addressDetailDetailsName1\")]"}
RESULT: {"using":"xpath","value":"//span[contains(text(), \"WebdriverYardjjtihg\")][contains(@id ,\"application-addressmanagement-display-component---detailAdm--addressDetailDetailsName1\")]"}
COMMAND: POST /session/1c509b1daf78d5bd7fa30d63e65e61da/element - {"using":"xpath","value":"//span[contains(text(), \"WebdriverYardjjtihg\")][contains(@id ,\"application-addressmanagement-display-component---detailAdm--addressDetailDetailsName1\")]"}
RESULT: {"using":"xpath","value":"//span[contains(text(), \"WebdriverYardjjtihg\")][contains(@id ,\"application-addressmanagement-display-component---detailAdm--addressDetailDetailsName1\")]"}
COMMAND: POST /session/1c509b1daf78d5bd7fa30d63e65e61da/element - {"using":"xpath","value":"//span[contains(text(), \"WebdriverYardjjtihg\")][contains(@id ,\"application-addressmanagement-display-component---detailAdm--addressDetailDetailsName1\")]"}
RESULT: {"using":"xpath","value":"//span[contains(text(), \"WebdriverYardjjtihg\")][contains(@id ,\"application-addressmanagement-display-component---detailAdm--addressDetailDetailsName1\")]"}
COMMAND: POST /session/1c509b1daf78d5bd7fa30d63e65e61da/element - {"using":"xpath","value":"//span[contains(text(), \"WebdriverYardjjtihg\")][contains(@id ,\"application-addressmanagement-display-component---detailAdm--addressDetailDetailsName1\")]"}
RESULT: {"using":"xpath","value":"//span[contains(text(), \"WebdriverYardjjtihg\")][contains(@id ,\"application-addressmanagement-display-component---detailAdm--addressDetailDetailsName1\")]"}
COMMAND: POST /session/1c509b1daf78d5bd7fa30d63e65e61da/element - {"using":"xpath","value":"//span[contains(text(), \"WebdriverYardjjtihg\")][contains(@id ,\"application-addressmanagement-display-component---detailAdm--addressDetailDetailsName1\")]"}
RESULT: {"using":"xpath","value":"//span[contains(text(), \"WebdriverYardjjtihg\")][contains(@id ,\"application-addressmanagement-display-component---detailAdm--addressDetailDetailsName1\")]"}
COMMAND: POST /session/1c509b1daf78d5bd7fa30d63e65e61da/element - {"using":"xpath","value":"//span[contains(text(), \"WebdriverYardjjtihg\")][contains(@id ,\"application-addressmanagement-display-component---detailAdm--addressDetailDetailsName1\")]"}
RESULT: {"using":"xpath","value":"//span[contains(text(), \"WebdriverYardjjtihg\")][contains(@id ,\"application-addressmanagement-display-component---detailAdm--addressDetailDetailsName1\")]"}
COMMAND: POST /session/1c509b1daf78d5bd7fa30d63e65e61da/element - {"using":"xpath","value":"//span[contains(text(), \"WebdriverYardjjtihg\")][contains(@id ,\"application-addressmanagement-display-component---detailAdm--addressDetailDetailsName1\")]"}
RESULT: {"using":"xpath","value":"//span[contains(text(), \"WebdriverYardjjtihg\")][contains(@id ,\"application-addressmanagement-display-component---detailAdm--addressDetailDetailsName1\")]"}
COMMAND: POST /session/1c509b1daf78d5bd7fa30d63e65e61da/element - {"using":"xpath","value":"//button[contains(@data-kt ,\"ContextMenuExternalId3Link\")]"}
RESULT: {"using":"xpath","value":"//button[contains(@data-kt ,\"ContextMenuExternalId3Link\")]"}
COMMAND: POST /session/1c509b1daf78d5bd7fa30d63e65e61da/element/f.5F4D13A366F511D63C807E683D9EB3B8.d.C015F803BD6B2D5905A25FB0FA3D3D01.e.3785/click - {}
RESULT: {}
COMMAND: POST /session/1c509b1daf78d5bd7fa30d63e65e61da/element - {"using":"xpath","value":"//span[contains(text(), \"WebdriverYardjjtihg\")][contains(@id ,\"application-addressmanagement-display-component---detailAdm--addressDetailDetailsName1\")]"}
COMMAND: GET /session/1c509b1daf78d5bd7fa30d63e65e61da/screenshot - {}
RESULT: {"using":"xpath","value":"//span[contains(text(), \"WebdriverYardjjtihg\")][contains(@id ,\"application-addressmanagement-display-component---detailAdm--addressDetailDetailsName1\")]"}
RESULT: {}
COMMAND: POST /session/1c509b1daf78d5bd7fa30d63e65e61da/element - {"using":"xpath","value":"//span[contains(text(), \"WebdriverYardjjtihg\")][contains(@id ,\"application-addressmanagement-display-component---detailAdm--addressDetailDetailsName1\")]"}
RESULT: {"using":"xpath","value":"//span[contains(text(), \"WebdriverYardjjtihg\")][contains(@id ,\"application-addressmanagement-display-component---detailAdm--addressDetailDetailsName1\")]"}
COMMAND: POST /session/1c509b1daf78d5bd7fa30d63e65e61da/element - {"using":"xpath","value":"//span[contains(text(), \"WebdriverYardjjtihg\")][contains(@id ,\"application-addressmanagement-display-component---detailAdm--addressDetailDetailsName1\")]"}
RESULT: {"using":"xpath","value":"//span[contains(text(), \"WebdriverYardjjtihg\")][contains(@id ,\"application-addressmanagement-display-component---detailAdm--addressDetailDetailsName1\")]"}
COMMAND: POST /session/1c509b1daf78d5bd7fa30d63e65e61da/element - {"using":"xpath","value":"//span[contains(text(), \"WebdriverYardjjtihg\")][contains(@id ,\"application-addressmanagement-display-component---detailAdm--addressDetailDetailsName1\")]"}
RESULT: {"using":"xpath","value":"//span[contains(text(), \"WebdriverYardjjtihg\")][contains(@id ,\"application-addressmanagement-display-component---detailAdm--addressDetailDetailsName1\")]"}
COMMAND: POST /session/1c509b1daf78d5bd7fa30d63e65e61da/element - {"using":"xpath","value":"//span[contains(text(), \"WebdriverYardjjtihg\")][contains(@id ,\"application-addressmanagement-display-component---detailAdm--addressDetailDetailsName1\")]"}
RESULT: {"using":"xpath","value":"//span[contains(text(), \"WebdriverYardjjtihg\")][contains(@id ,\"application-addressmanagement-display-component---detailAdm--addressDetailDetailsName1\")]"}
COMMAND: POST /session/1c509b1daf78d5bd7fa30d63e65e61da/element - {"using":"xpath","value":"//span[contains(text(), \"WebdriverYardjjtihg\")][contains(@id ,\"application-addressmanagement-display-component---detailAdm--addressDetailDetailsName1\")]"}
RESULT: {"using":"xpath","value":"//span[contains(text(), \"WebdriverYardjjtihg\")][contains(@id ,\"application-addressmanagement-display-component---detailAdm--addressDetailDetailsName1\")]"}
COMMAND: POST /session/1c509b1daf78d5bd7fa30d63e65e61da/element - {"using":"xpath","value":"//span[contains(text(), \"WebdriverYardjjtihg\")][contains(@id ,\"application-addressmanagement-display-component---detailAdm--addressDetailDetailsName1\")]"}
RESULT: {"using":"xpath","value":"//span[contains(text(), \"WebdriverYardjjtihg\")][contains(@id ,\"application-addressmanagement-display-component---detailAdm--addressDetailDetailsName1\")]"}
COMMAND: POST /session/1c509b1daf78d5bd7fa30d63e65e61da/element - {"using":"xpath","value":"//span[contains(text(), \"WebdriverYardjjtihg\")][contains(@id ,\"application-addressmanagement-display-component---detailAdm--addressDetailDetailsName1\")]"}
RESULT: {"using":"xpath","value":"//span[contains(text(), \"WebdriverYardjjtihg\")][contains(@id ,\"application-addressmanagement-display-component---detailAdm--addressDetailDetailsName1\")]"}
COMMAND: POST /session/1c509b1daf78d5bd7fa30d63e65e61da/element - {"using":"xpath","value":"//span[contains(text(), \"WebdriverYardjjtihg\")][contains(@id ,\"application-addressmanagement-display-component---detailAdm--addressDetailDetailsName1\")]"}
RESULT: {"using":"xpath","value":"//span[contains(text(), \"WebdriverYardjjtihg\")][contains(@id ,\"application-addressmanagement-display-component---detailAdm--addressDetailDetailsName1\")]"}
COMMAND: POST /session/1c509b1daf78d5bd7fa30d63e65e61da/element - {"using":"xpath","value":"//span[contains(text(), \"WebdriverYardjjtihg\")][contains(@id ,\"application-addressmanagement-display-component---detailAdm--addressDetailDetailsName1\")]"}
RESULT: {"using":"xpath","value":"//span[contains(text(), \"WebdriverYardjjtihg\")][contains(@id ,\"application-addressmanagement-display-component---detailAdm--addressDetailDetailsName1\")]"}
COMMAND: POST /session/1c509b1daf78d5bd7fa30d63e65e61da/element - {"using":"xpath","value":"//span[contains(text(), \"WebdriverYardjjtihg\")][contains(@id ,\"application-addressmanagement-display-component---detailAdm--addressDetailDetailsName1\")]"}
RESULT: {"using":"xpath","value":"//span[contains(text(), \"WebdriverYardjjtihg\")][contains(@id ,\"application-addressmanagement-display-component---detailAdm--addressDetailDetailsName1\")]"}
COMMAND: GET /session/1c509b1daf78d5bd7fa30d63e65e61da/window/handles - {}
RESULT: {}
COMMAND: POST /session/1c509b1daf78d5bd7fa30d63e65e61da/window - {"handle":"DC5FE089E6DD26BB5D7AF9C7804F75A4"}
RESULT: {"handle":"DC5FE089E6DD26BB5D7AF9C7804F75A4"}
COMMAND: GET /session/1c509b1daf78d5bd7fa30d63e65e61da/url - {}
RESULT: {}
COMMAND: GET /session/1c509b1daf78d5bd7fa30d63e65e61da/screenshot - {}
RESULT: {}
COMMAND: POST /session/1c509b1daf78d5bd7fa30d63e65e61da/element - {"using":"xpath","value":"//span[contains(text(), \"WebdriverYardjjtihg\")][contains(@id ,\"application-addressmanagement-display-component---detailAdm--addressDetailDetailsName1\")]"}
COMMAND: DELETE /session/1c509b1daf78d5bd7fa30d63e65e61da/window - {}
RESULT: {}
COMMAND: POST /session/1c509b1daf78d5bd7fa30d63e65e61da/window - {"handle":"5F4D13A366F511D63C807E683D9EB3B8"}
RESULT: {"handle":"5F4D13A366F511D63C807E683D9EB3B8"}
COMMAND: GET /session/1c509b1daf78d5bd7fa30d63e65e61da/url - {}
RESULT: {"using":"xpath","value":"//span[contains(text(), \"WebdriverYardjjtihg\")][contains(@id ,\"application-addressmanagement-display-component---detailAdm--addressDetailDetailsName1\")]"}
RESULT: {}
COMMAND: GET /session/1c509b1daf78d5bd7fa30d63e65e61da/screenshot - {}
RESULT: {}
COMMAND: POST /session/1c509b1daf78d5bd7fa30d63e65e61da/element - {"using":"xpath","value":"//span[contains(text(), \"WebdriverYardjjtihg\")][contains(@id ,\"application-addressmanagement-display-component---detailAdm--addressDetailDetailsName1\")]"}
RESULT: {"using":"xpath","value":"//span[contains(text(), \"WebdriverYardjjtihg\")][contains(@id ,\"application-addressmanagement-display-component---detailAdm--addressDetailDetailsName1\")]"}
COMMAND: POST /session/1c509b1daf78d5bd7fa30d63e65e61da/element - {"using":"xpath","value":"//span[contains(text(), \"WebdriverYardjjtihg\")][contains(@id ,\"application-addressmanagement-display-component---detailAdm--addressDetailDetailsName1\")]"}
RESULT: {"using":"xpath","value":"//span[contains(text(), \"WebdriverYardjjtihg\")][contains(@id ,\"application-addressmanagement-display-component---detailAdm--addressDetailDetailsName1\")]"}
COMMAND: POST /session/1c509b1daf78d5bd7fa30d63e65e61da/element - {"using":"xpath","value":"//span[contains(text(), \"WebdriverYardjjtihg\")][contains(@id ,\"application-addressmanagement-display-component---detailAdm--addressDetailDetailsName1\")]"}
RESULT: {"using":"xpath","value":"//span[contains(text(), \"WebdriverYardjjtihg\")][contains(@id ,\"application-addressmanagement-display-component---detailAdm--addressDetailDetailsName1\")]"}
COMMAND: POST /session/1c509b1daf78d5bd7fa30d63e65e61da/element - {"using":"xpath","value":"//span[contains(text(), \"WebdriverYardjjtihg\")][contains(@id ,\"application-addressmanagement-display-component---detailAdm--addressDetailDetailsName1\")]"}
RESULT: {"using":"xpath","value":"//span[contains(text(), \"WebdriverYardjjtihg\")][contains(@id ,\"application-addressmanagement-display-component---detailAdm--addressDetailDetailsName1\")]"}
COMMAND: POST /session/1c509b1daf78d5bd7fa30d63e65e61da/element - {"using":"xpath","value":"//span[contains(text(), \"WebdriverYardjjtihg\")][contains(@id ,\"application-addressmanagement-display-component---detailAdm--addressDetailDetailsName1\")]"}
RESULT: {"using":"xpath","value":"//span[contains(text(), \"WebdriverYardjjtihg\")][contains(@id ,\"application-addressmanagement-display-component---detailAdm--addressDetailDetailsName1\")]"}
COMMAND: POST /session/1c509b1daf78d5bd7fa30d63e65e61da/element - {"using":"xpath","value":"//span[contains(text(), \"WebdriverYardjjtihg\")][contains(@id ,\"application-addressmanagement-display-component---detailAdm--addressDetailDetailsName1\")]"}
RESULT: {"using":"xpath","value":"//span[contains(text(), \"WebdriverYardjjtihg\")][contains(@id ,\"application-addressmanagement-display-component---detailAdm--addressDetailDetailsName1\")]"}
COMMAND: POST /session/1c509b1daf78d5bd7fa30d63e65e61da/element - {"using":"xpath","value":"//span[contains(text(), \"WebdriverYardjjtihg\")][contains(@id ,\"application-addressmanagement-display-component---detailAdm--addressDetailDetailsName1\")]"}
RESULT: {"using":"xpath","value":"//span[contains(text(), \"WebdriverYardjjtihg\")][contains(@id ,\"application-addressmanagement-display-component---detailAdm--addressDetailDetailsName1\")]"}
COMMAND: POST /session/1c509b1daf78d5bd7fa30d63e65e61da/element - {"using":"xpath","value":"//span[contains(text(), \"WebdriverYardjjtihg\")][contains(@id ,\"application-addressmanagement-display-component---detailAdm--addressDetailDetailsName1\")]"}
RESULT: {"using":"xpath","value":"//span[contains(text(), \"WebdriverYardjjtihg\")][contains(@id ,\"application-addressmanagement-display-component---detailAdm--addressDetailDetailsName1\")]"}
COMMAND: POST /session/1c509b1daf78d5bd7fa30d63e65e61da/element - {"using":"xpath","value":"//span[contains(text(), \"WebdriverYardjjtihg\")][contains(@id ,\"application-addressmanagement-display-component---detailAdm--addressDetailDetailsName1\")]"}
RESULT: {"using":"xpath","value":"//span[contains(text(), \"WebdriverYardjjtihg\")][contains(@id ,\"application-addressmanagement-display-component---detailAdm--addressDetailDetailsName1\")]"}
]]></system-out>
    </testcase>
    <testcase classname="chrome.136_0_7103_49.windows.Webshop_-_Hyperlinks_visible_and_working_properly__US139085" name="Shpuld verify site hyperlinks" time="186.381">
      <system-out><![CDATA[
COMMAND: POST /session/1c509b1daf78d5bd7fa30d63e65e61da/element - {"using":"xpath","value":"//*[contains(@data-kt ,\"webshopDetailSiteLink\")]"}
RESULT: {"using":"xpath","value":"//*[contains(@data-kt ,\"webshopDetailSiteLink\")]"}
COMMAND: POST /session/1c509b1daf78d5bd7fa30d63e65e61da/execute/sync - {"script":"<script> [8489 bytes]","args":[{"element-6066-11e4-a52e-4f735466cecf":"f.5F4D13A366F511D63C807E683D9EB3B8.d.C015F803BD6B2D5905A25FB0FA3D3D01.e.3997","ELEMENT":"f.5F4D13A366F511D63C807E683D9EB3B8.d.C015F803BD6B2D5905A25FB0FA3D3D01.e.3997"}]}
RESULT: {"script":"<script> [8489 bytes]","args":[{"element-6066-11e4-a52e-4f735466cecf":"f.5F4D13A366F511D63C807E683D9EB3B8.d.C015F803BD6B2D5905A25FB0FA3D3D01.e.3997","ELEMENT":"f.5F4D13A366F511D63C807E683D9EB3B8.d.C015F803BD6B2D5905A25FB0FA3D3D01.e.3997"}]}
COMMAND: POST /session/1c509b1daf78d5bd7fa30d63e65e61da/execute/sync - {"script":"<script> [5351 bytes]","args":[{"element-6066-11e4-a52e-4f735466cecf":"f.5F4D13A366F511D63C807E683D9EB3B8.d.C015F803BD6B2D5905A25FB0FA3D3D01.e.3997","ELEMENT":"f.5F4D13A366F511D63C807E683D9EB3B8.d.C015F803BD6B2D5905A25FB0FA3D3D01.e.3997"}]}
COMMAND: GET /session/1c509b1daf78d5bd7fa30d63e65e61da/screenshot - {}
RESULT: {"script":"<script> [5351 bytes]","args":[{"element-6066-11e4-a52e-4f735466cecf":"f.5F4D13A366F511D63C807E683D9EB3B8.d.C015F803BD6B2D5905A25FB0FA3D3D01.e.3997","ELEMENT":"f.5F4D13A366F511D63C807E683D9EB3B8.d.C015F803BD6B2D5905A25FB0FA3D3D01.e.3997"}]}
COMMAND: POST /session/1c509b1daf78d5bd7fa30d63e65e61da/element - {"using":"xpath","value":"//*[contains(@data-kt ,\"webshopDetailSiteLink\")]"}
COMMAND: GET /session/1c509b1daf78d5bd7fa30d63e65e61da/screenshot - {}
COMMAND: POST /session/1c509b1daf78d5bd7fa30d63e65e61da/element - {"using":"xpath","value":"//span[contains(text(), \"WebdriverYardjjtihg\")][contains(@id ,\"application-addressmanagement-display-component---detailAdm--addressDetailDetailsName1\")]"}
RESULT: {}
RESULT: {"using":"xpath","value":"//*[contains(@data-kt ,\"webshopDetailSiteLink\")]"}
COMMAND: POST /session/1c509b1daf78d5bd7fa30d63e65e61da/element/f.5F4D13A366F511D63C807E683D9EB3B8.d.C015F803BD6B2D5905A25FB0FA3D3D01.e.3997/click - {}
RESULT: {}
RESULT: {"using":"xpath","value":"//span[contains(text(), \"WebdriverYardjjtihg\")][contains(@id ,\"application-addressmanagement-display-component---detailAdm--addressDetailDetailsName1\")]"}
RESULT: {}
COMMAND: GET /session/1c509b1daf78d5bd7fa30d63e65e61da/screenshot - {}
RESULT: {}
COMMAND: POST /session/1c509b1daf78d5bd7fa30d63e65e61da/element - {"using":"xpath","value":"//span[contains(text(), \"WebdriverYardjjtihg\")][contains(@id ,\"application-addressmanagement-display-component---detailAdm--addressDetailDetailsName1\")]"}
RESULT: {"using":"xpath","value":"//span[contains(text(), \"WebdriverYardjjtihg\")][contains(@id ,\"application-addressmanagement-display-component---detailAdm--addressDetailDetailsName1\")]"}
COMMAND: POST /session/1c509b1daf78d5bd7fa30d63e65e61da/element - {"using":"xpath","value":"//span[contains(text(), \"WebdriverYardjjtihg\")][contains(@id ,\"application-addressmanagement-display-component---detailAdm--addressDetailDetailsName1\")]"}
RESULT: {"using":"xpath","value":"//span[contains(text(), \"WebdriverYardjjtihg\")][contains(@id ,\"application-addressmanagement-display-component---detailAdm--addressDetailDetailsName1\")]"}
COMMAND: POST /session/1c509b1daf78d5bd7fa30d63e65e61da/element - {"using":"xpath","value":"//span[contains(text(), \"WebdriverYardjjtihg\")][contains(@id ,\"application-addressmanagement-display-component---detailAdm--addressDetailDetailsName1\")]"}
RESULT: {"using":"xpath","value":"//span[contains(text(), \"WebdriverYardjjtihg\")][contains(@id ,\"application-addressmanagement-display-component---detailAdm--addressDetailDetailsName1\")]"}
COMMAND: POST /session/1c509b1daf78d5bd7fa30d63e65e61da/element - {"using":"xpath","value":"//span[contains(text(), \"WebdriverYardjjtihg\")][contains(@id ,\"application-addressmanagement-display-component---detailAdm--addressDetailDetailsName1\")]"}
RESULT: {"using":"xpath","value":"//span[contains(text(), \"WebdriverYardjjtihg\")][contains(@id ,\"application-addressmanagement-display-component---detailAdm--addressDetailDetailsName1\")]"}
COMMAND: POST /session/1c509b1daf78d5bd7fa30d63e65e61da/element - {"using":"xpath","value":"//*[contains(@data-kt ,\"ContextMenuIdLink\")][contains(text(), \"Manage Site\")]"}
RESULT: {"using":"xpath","value":"//*[contains(@data-kt ,\"ContextMenuIdLink\")][contains(text(), \"Manage Site\")]"}
COMMAND: POST /session/1c509b1daf78d5bd7fa30d63e65e61da/execute/sync - {"script":"<script> [8489 bytes]","args":[{"element-6066-11e4-a52e-4f735466cecf":"f.5F4D13A366F511D63C807E683D9EB3B8.d.C015F803BD6B2D5905A25FB0FA3D3D01.e.3999","ELEMENT":"f.5F4D13A366F511D63C807E683D9EB3B8.d.C015F803BD6B2D5905A25FB0FA3D3D01.e.3999"}]}
COMMAND: POST /session/1c509b1daf78d5bd7fa30d63e65e61da/element - {"using":"xpath","value":"//*[contains(@data-kt ,\"ContextMenuId2Link\")][contains(text(), \"Site Overview\")]"}
RESULT: {"using":"xpath","value":"//*[contains(@data-kt ,\"ContextMenuId2Link\")][contains(text(), \"Site Overview\")]"}
COMMAND: POST /session/1c509b1daf78d5bd7fa30d63e65e61da/execute/sync - {"script":"<script> [8489 bytes]","args":[{"element-6066-11e4-a52e-4f735466cecf":"f.5F4D13A366F511D63C807E683D9EB3B8.d.C015F803BD6B2D5905A25FB0FA3D3D01.e.4000","ELEMENT":"f.5F4D13A366F511D63C807E683D9EB3B8.d.C015F803BD6B2D5905A25FB0FA3D3D01.e.4000"}]}
COMMAND: POST /session/1c509b1daf78d5bd7fa30d63e65e61da/element - {"using":"xpath","value":"//*[contains(@data-kt ,\"ContextMenuId3Link\")][contains(text(), \"Site Main Address\")]"}
RESULT: {"script":"<script> [8489 bytes]","args":[{"element-6066-11e4-a52e-4f735466cecf":"f.5F4D13A366F511D63C807E683D9EB3B8.d.C015F803BD6B2D5905A25FB0FA3D3D01.e.3999","ELEMENT":"f.5F4D13A366F511D63C807E683D9EB3B8.d.C015F803BD6B2D5905A25FB0FA3D3D01.e.3999"}]}
RESULT: {"script":"<script> [8489 bytes]","args":[{"element-6066-11e4-a52e-4f735466cecf":"f.5F4D13A366F511D63C807E683D9EB3B8.d.C015F803BD6B2D5905A25FB0FA3D3D01.e.4000","ELEMENT":"f.5F4D13A366F511D63C807E683D9EB3B8.d.C015F803BD6B2D5905A25FB0FA3D3D01.e.4000"}]}
COMMAND: GET /session/1c509b1daf78d5bd7fa30d63e65e61da/screenshot - {}
COMMAND: GET /session/1c509b1daf78d5bd7fa30d63e65e61da/screenshot - {}
RESULT: {"using":"xpath","value":"//*[contains(@data-kt ,\"ContextMenuId3Link\")][contains(text(), \"Site Main Address\")]"}
COMMAND: POST /session/1c509b1daf78d5bd7fa30d63e65e61da/execute/sync - {"script":"<script> [8489 bytes]","args":[{"element-6066-11e4-a52e-4f735466cecf":"f.5F4D13A366F511D63C807E683D9EB3B8.d.C015F803BD6B2D5905A25FB0FA3D3D01.e.4001","ELEMENT":"f.5F4D13A366F511D63C807E683D9EB3B8.d.C015F803BD6B2D5905A25FB0FA3D3D01.e.4001"}]}
COMMAND: POST /session/1c509b1daf78d5bd7fa30d63e65e61da/element/f.5F4D13A366F511D63C807E683D9EB3B8.d.C015F803BD6B2D5905A25FB0FA3D3D01.e.3999/click - {}
RESULT: {}
COMMAND: POST /session/1c509b1daf78d5bd7fa30d63e65e61da/element - {"using":"xpath","value":"//span[contains(text(), \"WebdriverYardjjtihg\")][contains(@id ,\"application-addressmanagement-display-component---detailAdm--addressDetailDetailsName1\")]"}
RESULT: {}
RESULT: {}
RESULT: {"script":"<script> [8489 bytes]","args":[{"element-6066-11e4-a52e-4f735466cecf":"f.5F4D13A366F511D63C807E683D9EB3B8.d.C015F803BD6B2D5905A25FB0FA3D3D01.e.4001","ELEMENT":"f.5F4D13A366F511D63C807E683D9EB3B8.d.C015F803BD6B2D5905A25FB0FA3D3D01.e.4001"}]}
COMMAND: GET /session/1c509b1daf78d5bd7fa30d63e65e61da/screenshot - {}
COMMAND: GET /session/1c509b1daf78d5bd7fa30d63e65e61da/screenshot - {}
RESULT: {"using":"xpath","value":"//span[contains(text(), \"WebdriverYardjjtihg\")][contains(@id ,\"application-addressmanagement-display-component---detailAdm--addressDetailDetailsName1\")]"}
RESULT: {}
RESULT: {}
COMMAND: POST /session/1c509b1daf78d5bd7fa30d63e65e61da/element - {"using":"xpath","value":"//span[contains(text(), \"WebdriverYardjjtihg\")][contains(@id ,\"application-addressmanagement-display-component---detailAdm--addressDetailDetailsName1\")]"}
RESULT: {"using":"xpath","value":"//span[contains(text(), \"WebdriverYardjjtihg\")][contains(@id ,\"application-addressmanagement-display-component---detailAdm--addressDetailDetailsName1\")]"}
COMMAND: POST /session/1c509b1daf78d5bd7fa30d63e65e61da/element - {"using":"xpath","value":"//span[contains(text(), \"WebdriverYardjjtihg\")][contains(@id ,\"application-addressmanagement-display-component---detailAdm--addressDetailDetailsName1\")]"}
RESULT: {"using":"xpath","value":"//span[contains(text(), \"WebdriverYardjjtihg\")][contains(@id ,\"application-addressmanagement-display-component---detailAdm--addressDetailDetailsName1\")]"}
COMMAND: POST /session/1c509b1daf78d5bd7fa30d63e65e61da/element - {"using":"xpath","value":"//span[contains(text(), \"WebdriverYardjjtihg\")][contains(@id ,\"application-addressmanagement-display-component---detailAdm--addressDetailDetailsName1\")]"}
RESULT: {"using":"xpath","value":"//span[contains(text(), \"WebdriverYardjjtihg\")][contains(@id ,\"application-addressmanagement-display-component---detailAdm--addressDetailDetailsName1\")]"}
COMMAND: POST /session/1c509b1daf78d5bd7fa30d63e65e61da/element - {"using":"xpath","value":"//span[contains(text(), \"WebdriverYardjjtihg\")][contains(@id ,\"application-addressmanagement-display-component---detailAdm--addressDetailDetailsName1\")]"}
RESULT: {"using":"xpath","value":"//span[contains(text(), \"WebdriverYardjjtihg\")][contains(@id ,\"application-addressmanagement-display-component---detailAdm--addressDetailDetailsName1\")]"}
COMMAND: POST /session/1c509b1daf78d5bd7fa30d63e65e61da/element - {"using":"xpath","value":"//span[contains(text(), \"WebdriverYardjjtihg\")][contains(@id ,\"application-addressmanagement-display-component---detailAdm--addressDetailDetailsName1\")]"}
RESULT: {"using":"xpath","value":"//span[contains(text(), \"WebdriverYardjjtihg\")][contains(@id ,\"application-addressmanagement-display-component---detailAdm--addressDetailDetailsName1\")]"}
COMMAND: POST /session/1c509b1daf78d5bd7fa30d63e65e61da/element - {"using":"xpath","value":"//span[contains(text(), \"WebdriverYardjjtihg\")][contains(@id ,\"application-addressmanagement-display-component---detailAdm--addressDetailDetailsName1\")]"}
RESULT: {"using":"xpath","value":"//span[contains(text(), \"WebdriverYardjjtihg\")][contains(@id ,\"application-addressmanagement-display-component---detailAdm--addressDetailDetailsName1\")]"}
COMMAND: POST /session/1c509b1daf78d5bd7fa30d63e65e61da/element - {"using":"xpath","value":"//span[contains(text(), \"WebdriverYardjjtihg\")][contains(@id ,\"application-addressmanagement-display-component---detailAdm--addressDetailDetailsName1\")]"}
RESULT: {"using":"xpath","value":"//span[contains(text(), \"WebdriverYardjjtihg\")][contains(@id ,\"application-addressmanagement-display-component---detailAdm--addressDetailDetailsName1\")]"}
COMMAND: POST /session/1c509b1daf78d5bd7fa30d63e65e61da/element - {"using":"xpath","value":"//span[contains(text(), \"WebdriverYardjjtihg\")][contains(@id ,\"application-addressmanagement-display-component---detailAdm--addressDetailDetailsName1\")]"}
RESULT: {"using":"xpath","value":"//span[contains(text(), \"WebdriverYardjjtihg\")][contains(@id ,\"application-addressmanagement-display-component---detailAdm--addressDetailDetailsName1\")]"}
COMMAND: POST /session/1c509b1daf78d5bd7fa30d63e65e61da/element - {"using":"xpath","value":"//span[contains(text(), \"WebdriverYardjjtihg\")][contains(@id ,\"application-addressmanagement-display-component---detailAdm--addressDetailDetailsName1\")]"}
RESULT: {"using":"xpath","value":"//span[contains(text(), \"WebdriverYardjjtihg\")][contains(@id ,\"application-addressmanagement-display-component---detailAdm--addressDetailDetailsName1\")]"}
COMMAND: POST /session/1c509b1daf78d5bd7fa30d63e65e61da/element - {"using":"xpath","value":"//span[contains(text(), \"WebdriverYardjjtihg\")][contains(@id ,\"application-addressmanagement-display-component---detailAdm--addressDetailDetailsName1\")]"}
RESULT: {"using":"xpath","value":"//span[contains(text(), \"WebdriverYardjjtihg\")][contains(@id ,\"application-addressmanagement-display-component---detailAdm--addressDetailDetailsName1\")]"}
COMMAND: POST /session/1c509b1daf78d5bd7fa30d63e65e61da/element - {"using":"xpath","value":"//span[contains(text(), \"WebdriverYardjjtihg\")][contains(@id ,\"application-addressmanagement-display-component---detailAdm--addressDetailDetailsName1\")]"}
RESULT: {"using":"xpath","value":"//span[contains(text(), \"WebdriverYardjjtihg\")][contains(@id ,\"application-addressmanagement-display-component---detailAdm--addressDetailDetailsName1\")]"}
COMMAND: POST /session/1c509b1daf78d5bd7fa30d63e65e61da/execute/async - {"script":"<script> [1562 bytes]","args":[{"selector":{"controlType":"sap.m.Title","viewName":"etm.portal.ui.managesites.view.Master","viewId":"application-managesites-display-component---masterSite","i18NText":{"propertyName":"text","key":"sites"}},"wdio_ui5_key":"etmportal.ui.managesites.view.Mastersap.m.Title{\"propertyName\":\"text\",\"key\":\"sites\"}"}]}
RESULT: {"script":"<script> [1562 bytes]","args":[{"selector":{"controlType":"sap.m.Title","viewName":"etm.portal.ui.managesites.view.Master","viewId":"application-managesites-display-component---masterSite","i18NText":{"propertyName":"text","key":"sites"}},"wdio_ui5_key":"etmportal.ui.managesites.view.Mastersap.m.Title{\"propertyName\":\"text\",\"key\":\"sites\"}"}]}
RESULT: undefined
COMMAND: POST /session/1c509b1daf78d5bd7fa30d63e65e61da/execute/async - {"script":"<script> [6424 bytes]","args":[{"element-6066-11e4-a52e-4f735466cecf":"f.5F4D13A366F511D63C807E683D9EB3B8.d.C015F803BD6B2D5905A25FB0FA3D3D01.e.4188"},"getText",[]]}
COMMAND: POST /session/1c509b1daf78d5bd7fa30d63e65e61da/element - {"using":"xpath","value":"//span[contains(text(), \"WebdriverYardjjtihg\")][contains(@id ,\"application-addressmanagement-display-component---detailAdm--addressDetailDetailsName1\")]"}
RESULT: {"script":"<script> [6424 bytes]","args":[{"element-6066-11e4-a52e-4f735466cecf":"f.5F4D13A366F511D63C807E683D9EB3B8.d.C015F803BD6B2D5905A25FB0FA3D3D01.e.4188"},"getText",[]]}
COMMAND: POST /session/1c509b1daf78d5bd7fa30d63e65e61da/execute/async - {"script":"<script> [1562 bytes]","args":[{"selector":{"id":"application-managesites-display-component---detailSite--addressDetailDetailsName1"},"wdio_ui5_key":"applicationmanagesites-display-component---detailSite--addressDetailDetailsName1"}]}
RESULT: {"using":"xpath","value":"//span[contains(text(), \"WebdriverYardjjtihg\")][contains(@id ,\"application-addressmanagement-display-component---detailAdm--addressDetailDetailsName1\")]"}
RESULT: {"script":"<script> [1562 bytes]","args":[{"selector":{"id":"application-managesites-display-component---detailSite--addressDetailDetailsName1"},"wdio_ui5_key":"applicationmanagesites-display-component---detailSite--addressDetailDetailsName1"}]}
RESULT: undefined
COMMAND: POST /session/1c509b1daf78d5bd7fa30d63e65e61da/execute/async - {"script":"<script> [6424 bytes]","args":[{"element-6066-11e4-a52e-4f735466cecf":"f.5F4D13A366F511D63C807E683D9EB3B8.d.C015F803BD6B2D5905A25FB0FA3D3D01.e.4061"},"getValue",[]]}
COMMAND: POST /session/1c509b1daf78d5bd7fa30d63e65e61da/element - {"using":"xpath","value":"//span[contains(text(), \"WebdriverYardjjtihg\")][contains(@id ,\"application-addressmanagement-display-component---detailAdm--addressDetailDetailsName1\")]"}
RESULT: {"script":"<script> [6424 bytes]","args":[{"element-6066-11e4-a52e-4f735466cecf":"f.5F4D13A366F511D63C807E683D9EB3B8.d.C015F803BD6B2D5905A25FB0FA3D3D01.e.4061"},"getValue",[]]}
RESULT: undefined
COMMAND: POST /session/1c509b1daf78d5bd7fa30d63e65e61da/element - {"using":"xpath","value":"//*[@id=\"backBtn\"]"}
RESULT: {"using":"xpath","value":"//span[contains(text(), \"WebdriverYardjjtihg\")][contains(@id ,\"application-addressmanagement-display-component---detailAdm--addressDetailDetailsName1\")]"}
RESULT: {"using":"xpath","value":"//*[@id=\"backBtn\"]"}
COMMAND: POST /session/1c509b1daf78d5bd7fa30d63e65e61da/element/f.5F4D13A366F511D63C807E683D9EB3B8.d.C015F803BD6B2D5905A25FB0FA3D3D01.e.3043/click - {}
RESULT: {}
COMMAND: GET /session/1c509b1daf78d5bd7fa30d63e65e61da/screenshot - {}
RESULT: {}
COMMAND: POST /session/1c509b1daf78d5bd7fa30d63e65e61da/element - {"using":"xpath","value":"//span[contains(text(), \"WebdriverYardjjtihg\")][contains(@id ,\"application-addressmanagement-display-component---detailAdm--addressDetailDetailsName1\")]"}
RESULT: {"using":"xpath","value":"//span[contains(text(), \"WebdriverYardjjtihg\")][contains(@id ,\"application-addressmanagement-display-component---detailAdm--addressDetailDetailsName1\")]"}
COMMAND: POST /session/1c509b1daf78d5bd7fa30d63e65e61da/element - {"using":"xpath","value":"//span[contains(text(), \"WebdriverYardjjtihg\")][contains(@id ,\"application-addressmanagement-display-component---detailAdm--addressDetailDetailsName1\")]"}
RESULT: {"using":"xpath","value":"//span[contains(text(), \"WebdriverYardjjtihg\")][contains(@id ,\"application-addressmanagement-display-component---detailAdm--addressDetailDetailsName1\")]"}
COMMAND: POST /session/1c509b1daf78d5bd7fa30d63e65e61da/element - {"using":"xpath","value":"//span[contains(text(), \"WebdriverYardjjtihg\")][contains(@id ,\"application-addressmanagement-display-component---detailAdm--addressDetailDetailsName1\")]"}
RESULT: {"using":"xpath","value":"//span[contains(text(), \"WebdriverYardjjtihg\")][contains(@id ,\"application-addressmanagement-display-component---detailAdm--addressDetailDetailsName1\")]"}
COMMAND: POST /session/1c509b1daf78d5bd7fa30d63e65e61da/element - {"using":"xpath","value":"//span[contains(text(), \"WebdriverYardjjtihg\")][contains(@id ,\"application-addressmanagement-display-component---detailAdm--addressDetailDetailsName1\")]"}
RESULT: {"using":"xpath","value":"//span[contains(text(), \"WebdriverYardjjtihg\")][contains(@id ,\"application-addressmanagement-display-component---detailAdm--addressDetailDetailsName1\")]"}
COMMAND: POST /session/1c509b1daf78d5bd7fa30d63e65e61da/element - {"using":"xpath","value":"//span[contains(text(), \"WebdriverYardjjtihg\")][contains(@id ,\"application-addressmanagement-display-component---detailAdm--addressDetailDetailsName1\")]"}
RESULT: {"using":"xpath","value":"//span[contains(text(), \"WebdriverYardjjtihg\")][contains(@id ,\"application-addressmanagement-display-component---detailAdm--addressDetailDetailsName1\")]"}
COMMAND: POST /session/1c509b1daf78d5bd7fa30d63e65e61da/element - {"using":"xpath","value":"//span[contains(text(), \"WebdriverYardjjtihg\")][contains(@id ,\"application-addressmanagement-display-component---detailAdm--addressDetailDetailsName1\")]"}
RESULT: {"using":"xpath","value":"//span[contains(text(), \"WebdriverYardjjtihg\")][contains(@id ,\"application-addressmanagement-display-component---detailAdm--addressDetailDetailsName1\")]"}
COMMAND: POST /session/1c509b1daf78d5bd7fa30d63e65e61da/element - {"using":"xpath","value":"//span[contains(text(), \"WebdriverYardjjtihg\")][contains(@id ,\"application-addressmanagement-display-component---detailAdm--addressDetailDetailsName1\")]"}
RESULT: {"using":"xpath","value":"//span[contains(text(), \"WebdriverYardjjtihg\")][contains(@id ,\"application-addressmanagement-display-component---detailAdm--addressDetailDetailsName1\")]"}
COMMAND: POST /session/1c509b1daf78d5bd7fa30d63e65e61da/element - {"using":"xpath","value":"//span[contains(text(), \"WebdriverYardjjtihg\")][contains(@id ,\"application-addressmanagement-display-component---detailAdm--addressDetailDetailsName1\")]"}
RESULT: {"using":"xpath","value":"//span[contains(text(), \"WebdriverYardjjtihg\")][contains(@id ,\"application-addressmanagement-display-component---detailAdm--addressDetailDetailsName1\")]"}
COMMAND: POST /session/1c509b1daf78d5bd7fa30d63e65e61da/element - {"using":"xpath","value":"//span[contains(text(), \"WebdriverYardjjtihg\")][contains(@id ,\"application-addressmanagement-display-component---detailAdm--addressDetailDetailsName1\")]"}
RESULT: {"using":"xpath","value":"//span[contains(text(), \"WebdriverYardjjtihg\")][contains(@id ,\"application-addressmanagement-display-component---detailAdm--addressDetailDetailsName1\")]"}
COMMAND: POST /session/1c509b1daf78d5bd7fa30d63e65e61da/element - {"using":"xpath","value":"//span[contains(text(), \"WebdriverYardjjtihg\")][contains(@id ,\"application-addressmanagement-display-component---detailAdm--addressDetailDetailsName1\")]"}
RESULT: {"using":"xpath","value":"//span[contains(text(), \"WebdriverYardjjtihg\")][contains(@id ,\"application-addressmanagement-display-component---detailAdm--addressDetailDetailsName1\")]"}
COMMAND: POST /session/1c509b1daf78d5bd7fa30d63e65e61da/element - {"using":"xpath","value":"//span[contains(text(), \"WebdriverYardjjtihg\")][contains(@id ,\"application-addressmanagement-display-component---detailAdm--addressDetailDetailsName1\")]"}
RESULT: {"using":"xpath","value":"//span[contains(text(), \"WebdriverYardjjtihg\")][contains(@id ,\"application-addressmanagement-display-component---detailAdm--addressDetailDetailsName1\")]"}
COMMAND: POST /session/1c509b1daf78d5bd7fa30d63e65e61da/element - {"using":"xpath","value":"//span[contains(text(), \"WebdriverYardjjtihg\")][contains(@id ,\"application-addressmanagement-display-component---detailAdm--addressDetailDetailsName1\")]"}
RESULT: {"using":"xpath","value":"//span[contains(text(), \"WebdriverYardjjtihg\")][contains(@id ,\"application-addressmanagement-display-component---detailAdm--addressDetailDetailsName1\")]"}
COMMAND: POST /session/1c509b1daf78d5bd7fa30d63e65e61da/element - {"using":"xpath","value":"//span[contains(text(), \"WebdriverYardjjtihg\")][contains(@id ,\"application-addressmanagement-display-component---detailAdm--addressDetailDetailsName1\")]"}
RESULT: {"using":"xpath","value":"//span[contains(text(), \"WebdriverYardjjtihg\")][contains(@id ,\"application-addressmanagement-display-component---detailAdm--addressDetailDetailsName1\")]"}
COMMAND: POST /session/1c509b1daf78d5bd7fa30d63e65e61da/element - {"using":"xpath","value":"//span[contains(text(), \"WebdriverYardjjtihg\")][contains(@id ,\"application-addressmanagement-display-component---detailAdm--addressDetailDetailsName1\")]"}
RESULT: {"using":"xpath","value":"//span[contains(text(), \"WebdriverYardjjtihg\")][contains(@id ,\"application-addressmanagement-display-component---detailAdm--addressDetailDetailsName1\")]"}
COMMAND: POST /session/1c509b1daf78d5bd7fa30d63e65e61da/execute/sync - {"script":"<script> [8489 bytes]","args":[{"element-6066-11e4-a52e-4f735466cecf":"f.5F4D13A366F511D63C807E683D9EB3B8.d.C015F803BD6B2D5905A25FB0FA3D3D01.e.3997","ELEMENT":"f.5F4D13A366F511D63C807E683D9EB3B8.d.C015F803BD6B2D5905A25FB0FA3D3D01.e.3997"}]}
COMMAND: POST /session/1c509b1daf78d5bd7fa30d63e65e61da/element - {"using":"xpath","value":"//*[contains(@data-kt ,\"webshopDetailSiteLink\")]"}
RESULT: {"using":"xpath","value":"//*[contains(@data-kt ,\"webshopDetailSiteLink\")]"}
COMMAND: POST /session/1c509b1daf78d5bd7fa30d63e65e61da/execute/sync - {"script":"<script> [8489 bytes]","args":[{"element-6066-11e4-a52e-4f735466cecf":"f.5F4D13A366F511D63C807E683D9EB3B8.d.C015F803BD6B2D5905A25FB0FA3D3D01.e.4396","ELEMENT":"f.5F4D13A366F511D63C807E683D9EB3B8.d.C015F803BD6B2D5905A25FB0FA3D3D01.e.4396"}]}
RESULT: {"script":"<script> [8489 bytes]","args":[{"element-6066-11e4-a52e-4f735466cecf":"f.5F4D13A366F511D63C807E683D9EB3B8.d.C015F803BD6B2D5905A25FB0FA3D3D01.e.4396","ELEMENT":"f.5F4D13A366F511D63C807E683D9EB3B8.d.C015F803BD6B2D5905A25FB0FA3D3D01.e.4396"}]}
COMMAND: POST /session/1c509b1daf78d5bd7fa30d63e65e61da/execute/sync - {"script":"<script> [5351 bytes]","args":[{"element-6066-11e4-a52e-4f735466cecf":"f.5F4D13A366F511D63C807E683D9EB3B8.d.C015F803BD6B2D5905A25FB0FA3D3D01.e.4396","ELEMENT":"f.5F4D13A366F511D63C807E683D9EB3B8.d.C015F803BD6B2D5905A25FB0FA3D3D01.e.4396"}]}
COMMAND: GET /session/1c509b1daf78d5bd7fa30d63e65e61da/screenshot - {}
RESULT: {"script":"<script> [5351 bytes]","args":[{"element-6066-11e4-a52e-4f735466cecf":"f.5F4D13A366F511D63C807E683D9EB3B8.d.C015F803BD6B2D5905A25FB0FA3D3D01.e.4396","ELEMENT":"f.5F4D13A366F511D63C807E683D9EB3B8.d.C015F803BD6B2D5905A25FB0FA3D3D01.e.4396"}]}
COMMAND: POST /session/1c509b1daf78d5bd7fa30d63e65e61da/element - {"using":"xpath","value":"//*[contains(@data-kt ,\"webshopDetailSiteLink\")]"}
COMMAND: GET /session/1c509b1daf78d5bd7fa30d63e65e61da/screenshot - {}
COMMAND: POST /session/1c509b1daf78d5bd7fa30d63e65e61da/element - {"using":"xpath","value":"//span[contains(text(), \"WebdriverYardjjtihg\")][contains(@id ,\"application-addressmanagement-display-component---detailAdm--addressDetailDetailsName1\")]"}
RESULT: {}
RESULT: {"using":"xpath","value":"//*[contains(@data-kt ,\"webshopDetailSiteLink\")]"}
COMMAND: POST /session/1c509b1daf78d5bd7fa30d63e65e61da/element/f.5F4D13A366F511D63C807E683D9EB3B8.d.C015F803BD6B2D5905A25FB0FA3D3D01.e.4396/click - {}
RESULT: {}
RESULT: {"using":"xpath","value":"//span[contains(text(), \"WebdriverYardjjtihg\")][contains(@id ,\"application-addressmanagement-display-component---detailAdm--addressDetailDetailsName1\")]"}
RESULT: {}
COMMAND: GET /session/1c509b1daf78d5bd7fa30d63e65e61da/screenshot - {}
RESULT: {}
COMMAND: POST /session/1c509b1daf78d5bd7fa30d63e65e61da/element - {"using":"xpath","value":"//span[contains(text(), \"WebdriverYardjjtihg\")][contains(@id ,\"application-addressmanagement-display-component---detailAdm--addressDetailDetailsName1\")]"}
RESULT: {"using":"xpath","value":"//span[contains(text(), \"WebdriverYardjjtihg\")][contains(@id ,\"application-addressmanagement-display-component---detailAdm--addressDetailDetailsName1\")]"}
COMMAND: POST /session/1c509b1daf78d5bd7fa30d63e65e61da/element - {"using":"xpath","value":"//span[contains(text(), \"WebdriverYardjjtihg\")][contains(@id ,\"application-addressmanagement-display-component---detailAdm--addressDetailDetailsName1\")]"}
RESULT: {"using":"xpath","value":"//span[contains(text(), \"WebdriverYardjjtihg\")][contains(@id ,\"application-addressmanagement-display-component---detailAdm--addressDetailDetailsName1\")]"}
COMMAND: POST /session/1c509b1daf78d5bd7fa30d63e65e61da/element - {"using":"xpath","value":"//span[contains(text(), \"WebdriverYardjjtihg\")][contains(@id ,\"application-addressmanagement-display-component---detailAdm--addressDetailDetailsName1\")]"}
RESULT: {"using":"xpath","value":"//span[contains(text(), \"WebdriverYardjjtihg\")][contains(@id ,\"application-addressmanagement-display-component---detailAdm--addressDetailDetailsName1\")]"}
COMMAND: POST /session/1c509b1daf78d5bd7fa30d63e65e61da/element - {"using":"xpath","value":"//span[contains(text(), \"WebdriverYardjjtihg\")][contains(@id ,\"application-addressmanagement-display-component---detailAdm--addressDetailDetailsName1\")]"}
RESULT: {"using":"xpath","value":"//span[contains(text(), \"WebdriverYardjjtihg\")][contains(@id ,\"application-addressmanagement-display-component---detailAdm--addressDetailDetailsName1\")]"}
COMMAND: POST /session/1c509b1daf78d5bd7fa30d63e65e61da/element/f.5F4D13A366F511D63C807E683D9EB3B8.d.C015F803BD6B2D5905A25FB0FA3D3D01.e.4000/click - {}
COMMAND: POST /session/1c509b1daf78d5bd7fa30d63e65e61da/element - {"using":"xpath","value":"//*[contains(@data-kt ,\"ContextMenuId2Link\")][contains(text(), \"Site Overview\")]"}
RESULT: {"using":"xpath","value":"//*[contains(@data-kt ,\"ContextMenuId2Link\")][contains(text(), \"Site Overview\")]"}
COMMAND: POST /session/1c509b1daf78d5bd7fa30d63e65e61da/element/f.5F4D13A366F511D63C807E683D9EB3B8.d.C015F803BD6B2D5905A25FB0FA3D3D01.e.4000/click - {}
COMMAND: POST /session/1c509b1daf78d5bd7fa30d63e65e61da/element - {"using":"xpath","value":"//*[contains(@data-kt ,\"ContextMenuId2Link\")][contains(text(), \"Site Overview\")]"}
RESULT: {"using":"xpath","value":"//*[contains(@data-kt ,\"ContextMenuId2Link\")][contains(text(), \"Site Overview\")]"}
COMMAND: POST /session/1c509b1daf78d5bd7fa30d63e65e61da/element/f.5F4D13A366F511D63C807E683D9EB3B8.d.C015F803BD6B2D5905A25FB0FA3D3D01.e.4399/click - {}
RESULT: {}
COMMAND: GET /session/1c509b1daf78d5bd7fa30d63e65e61da/screenshot - {}
RESULT: {}
COMMAND: POST /session/1c509b1daf78d5bd7fa30d63e65e61da/element - {"using":"xpath","value":"//span[contains(text(), \"WebdriverYardjjtihg\")][contains(@id ,\"application-addressmanagement-display-component---detailAdm--addressDetailDetailsName1\")]"}
RESULT: {"using":"xpath","value":"//span[contains(text(), \"WebdriverYardjjtihg\")][contains(@id ,\"application-addressmanagement-display-component---detailAdm--addressDetailDetailsName1\")]"}
COMMAND: POST /session/1c509b1daf78d5bd7fa30d63e65e61da/element - {"using":"xpath","value":"//span[contains(text(), \"WebdriverYardjjtihg\")][contains(@id ,\"application-addressmanagement-display-component---detailAdm--addressDetailDetailsName1\")]"}
RESULT: {"using":"xpath","value":"//span[contains(text(), \"WebdriverYardjjtihg\")][contains(@id ,\"application-addressmanagement-display-component---detailAdm--addressDetailDetailsName1\")]"}
COMMAND: POST /session/1c509b1daf78d5bd7fa30d63e65e61da/element - {"using":"xpath","value":"//span[contains(text(), \"WebdriverYardjjtihg\")][contains(@id ,\"application-addressmanagement-display-component---detailAdm--addressDetailDetailsName1\")]"}
RESULT: {"using":"xpath","value":"//span[contains(text(), \"WebdriverYardjjtihg\")][contains(@id ,\"application-addressmanagement-display-component---detailAdm--addressDetailDetailsName1\")]"}
COMMAND: POST /session/1c509b1daf78d5bd7fa30d63e65e61da/element - {"using":"xpath","value":"//span[contains(text(), \"WebdriverYardjjtihg\")][contains(@id ,\"application-addressmanagement-display-component---detailAdm--addressDetailDetailsName1\")]"}
RESULT: {"using":"xpath","value":"//span[contains(text(), \"WebdriverYardjjtihg\")][contains(@id ,\"application-addressmanagement-display-component---detailAdm--addressDetailDetailsName1\")]"}
COMMAND: POST /session/1c509b1daf78d5bd7fa30d63e65e61da/element - {"using":"xpath","value":"//span[contains(text(), \"WebdriverYardjjtihg\")][contains(@id ,\"application-addressmanagement-display-component---detailAdm--addressDetailDetailsName1\")]"}
RESULT: {"using":"xpath","value":"//span[contains(text(), \"WebdriverYardjjtihg\")][contains(@id ,\"application-addressmanagement-display-component---detailAdm--addressDetailDetailsName1\")]"}
COMMAND: POST /session/1c509b1daf78d5bd7fa30d63e65e61da/element - {"using":"xpath","value":"//span[contains(text(), \"WebdriverYardjjtihg\")][contains(@id ,\"application-addressmanagement-display-component---detailAdm--addressDetailDetailsName1\")]"}
RESULT: {"using":"xpath","value":"//span[contains(text(), \"WebdriverYardjjtihg\")][contains(@id ,\"application-addressmanagement-display-component---detailAdm--addressDetailDetailsName1\")]"}
COMMAND: POST /session/1c509b1daf78d5bd7fa30d63e65e61da/element - {"using":"xpath","value":"//span[contains(text(), \"WebdriverYardjjtihg\")][contains(@id ,\"application-addressmanagement-display-component---detailAdm--addressDetailDetailsName1\")]"}
RESULT: {"using":"xpath","value":"//span[contains(text(), \"WebdriverYardjjtihg\")][contains(@id ,\"application-addressmanagement-display-component---detailAdm--addressDetailDetailsName1\")]"}
COMMAND: POST /session/1c509b1daf78d5bd7fa30d63e65e61da/element - {"using":"xpath","value":"//span[contains(text(), \"WebdriverYardjjtihg\")][contains(@id ,\"application-addressmanagement-display-component---detailAdm--addressDetailDetailsName1\")]"}
RESULT: {"using":"xpath","value":"//span[contains(text(), \"WebdriverYardjjtihg\")][contains(@id ,\"application-addressmanagement-display-component---detailAdm--addressDetailDetailsName1\")]"}
COMMAND: POST /session/1c509b1daf78d5bd7fa30d63e65e61da/element - {"using":"xpath","value":"//span[contains(text(), \"WebdriverYardjjtihg\")][contains(@id ,\"application-addressmanagement-display-component---detailAdm--addressDetailDetailsName1\")]"}
RESULT: {"using":"xpath","value":"//span[contains(text(), \"WebdriverYardjjtihg\")][contains(@id ,\"application-addressmanagement-display-component---detailAdm--addressDetailDetailsName1\")]"}
COMMAND: POST /session/1c509b1daf78d5bd7fa30d63e65e61da/element - {"using":"xpath","value":"//span[contains(text(), \"WebdriverYardjjtihg\")][contains(@id ,\"application-addressmanagement-display-component---detailAdm--addressDetailDetailsName1\")]"}
RESULT: {"using":"xpath","value":"//span[contains(text(), \"WebdriverYardjjtihg\")][contains(@id ,\"application-addressmanagement-display-component---detailAdm--addressDetailDetailsName1\")]"}
COMMAND: POST /session/1c509b1daf78d5bd7fa30d63e65e61da/element - {"using":"xpath","value":"//span[contains(text(), \"WebdriverYardjjtihg\")][contains(@id ,\"application-addressmanagement-display-component---detailAdm--addressDetailDetailsName1\")]"}
RESULT: {"using":"xpath","value":"//span[contains(text(), \"WebdriverYardjjtihg\")][contains(@id ,\"application-addressmanagement-display-component---detailAdm--addressDetailDetailsName1\")]"}
COMMAND: POST /session/1c509b1daf78d5bd7fa30d63e65e61da/element - {"using":"xpath","value":"//span[contains(text(), \"WebdriverYardjjtihg\")][contains(@id ,\"application-addressmanagement-display-component---detailAdm--addressDetailDetailsName1\")]"}
RESULT: {"using":"xpath","value":"//span[contains(text(), \"WebdriverYardjjtihg\")][contains(@id ,\"application-addressmanagement-display-component---detailAdm--addressDetailDetailsName1\")]"}
COMMAND: POST /session/1c509b1daf78d5bd7fa30d63e65e61da/element - {"using":"xpath","value":"//span[contains(text(), \"WebdriverYardjjtihg\")][contains(@id ,\"application-addressmanagement-display-component---detailAdm--addressDetailDetailsName1\")]"}
RESULT: {"using":"xpath","value":"//span[contains(text(), \"WebdriverYardjjtihg\")][contains(@id ,\"application-addressmanagement-display-component---detailAdm--addressDetailDetailsName1\")]"}
COMMAND: POST /session/1c509b1daf78d5bd7fa30d63e65e61da/element - {"using":"xpath","value":"//span[contains(text(), \"WebdriverYardjjtihg\")][contains(@id ,\"application-addressmanagement-display-component---detailAdm--addressDetailDetailsName1\")]"}
RESULT: {"using":"xpath","value":"//span[contains(text(), \"WebdriverYardjjtihg\")][contains(@id ,\"application-addressmanagement-display-component---detailAdm--addressDetailDetailsName1\")]"}
COMMAND: POST /session/1c509b1daf78d5bd7fa30d63e65e61da/element - {"using":"xpath","value":"//span[contains(text(), \"WebdriverYardjjtihg\")][contains(@id ,\"application-addressmanagement-display-component---detailAdm--addressDetailDetailsName1\")]"}
RESULT: {"using":"xpath","value":"//span[contains(text(), \"WebdriverYardjjtihg\")][contains(@id ,\"application-addressmanagement-display-component---detailAdm--addressDetailDetailsName1\")]"}
RESULT: undefined
COMMAND: POST /session/1c509b1daf78d5bd7fa30d63e65e61da/execute/async - {"script":"<script> [6424 bytes]","args":[{"element-6066-11e4-a52e-4f735466cecf":"f.5F4D13A366F511D63C807E683D9EB3B8.d.C015F803BD6B2D5905A25FB0FA3D3D01.e.3041"},"getTitle",[]]}
COMMAND: POST /session/1c509b1daf78d5bd7fa30d63e65e61da/execute/async - {"script":"<script> [1562 bytes]","args":[{"selector":{"id":"shellAppTitle"},"wdio_ui5_key":"shellAppTitle"}]}
RESULT: {"script":"<script> [1562 bytes]","args":[{"selector":{"id":"shellAppTitle"},"wdio_ui5_key":"shellAppTitle"}]}
COMMAND: POST /session/1c509b1daf78d5bd7fa30d63e65e61da/execute/async - {"script":"<script> [6424 bytes]","args":[{"element-6066-11e4-a52e-4f735466cecf":"f.5F4D13A366F511D63C807E683D9EB3B8.d.C015F803BD6B2D5905A25FB0FA3D3D01.e.4480"},"getTitle",[]]}
RESULT: {"script":"<script> [6424 bytes]","args":[{"element-6066-11e4-a52e-4f735466cecf":"f.5F4D13A366F511D63C807E683D9EB3B8.d.C015F803BD6B2D5905A25FB0FA3D3D01.e.4480"},"getTitle",[]]}
COMMAND: POST /session/1c509b1daf78d5bd7fa30d63e65e61da/element - {"using":"xpath","value":"(//span[contains(text(), \"WebdriverSitetb01h\")])[2]"}
RESULT: {"using":"xpath","value":"(//span[contains(text(), \"WebdriverSitetb01h\")])[2]"}
COMMAND: POST /session/1c509b1daf78d5bd7fa30d63e65e61da/execute/sync - {"script":"<script> [8489 bytes]","args":[{"element-6066-11e4-a52e-4f735466cecf":"f.5F4D13A366F511D63C807E683D9EB3B8.d.C015F803BD6B2D5905A25FB0FA3D3D01.e.4481","ELEMENT":"f.5F4D13A366F511D63C807E683D9EB3B8.d.C015F803BD6B2D5905A25FB0FA3D3D01.e.4481"}]}
RESULT: undefined
COMMAND: POST /session/1c509b1daf78d5bd7fa30d63e65e61da/element - {"using":"xpath","value":"//*[@id=\"backBtn\"]"}
RESULT: {"script":"<script> [8489 bytes]","args":[{"element-6066-11e4-a52e-4f735466cecf":"f.5F4D13A366F511D63C807E683D9EB3B8.d.C015F803BD6B2D5905A25FB0FA3D3D01.e.4481","ELEMENT":"f.5F4D13A366F511D63C807E683D9EB3B8.d.C015F803BD6B2D5905A25FB0FA3D3D01.e.4481"}]}
COMMAND: GET /session/1c509b1daf78d5bd7fa30d63e65e61da/screenshot - {}
RESULT: {"using":"xpath","value":"//*[@id=\"backBtn\"]"}
COMMAND: POST /session/1c509b1daf78d5bd7fa30d63e65e61da/element/f.5F4D13A366F511D63C807E683D9EB3B8.d.C015F803BD6B2D5905A25FB0FA3D3D01.e.3043/click - {}
RESULT: {}
RESULT: {}
COMMAND: GET /session/1c509b1daf78d5bd7fa30d63e65e61da/screenshot - {}
RESULT: {}
COMMAND: POST /session/1c509b1daf78d5bd7fa30d63e65e61da/execute/sync - {"script":"<script> [8489 bytes]","args":[{"element-6066-11e4-a52e-4f735466cecf":"f.5F4D13A366F511D63C807E683D9EB3B8.d.C015F803BD6B2D5905A25FB0FA3D3D01.e.4396","ELEMENT":"f.5F4D13A366F511D63C807E683D9EB3B8.d.C015F803BD6B2D5905A25FB0FA3D3D01.e.4396"}]}
COMMAND: POST /session/1c509b1daf78d5bd7fa30d63e65e61da/element - {"using":"xpath","value":"//*[contains(@data-kt ,\"webshopDetailSiteLink\")]"}
RESULT: {"using":"xpath","value":"//*[contains(@data-kt ,\"webshopDetailSiteLink\")]"}
COMMAND: POST /session/1c509b1daf78d5bd7fa30d63e65e61da/execute/sync - {"script":"<script> [8489 bytes]","args":[{"element-6066-11e4-a52e-4f735466cecf":"f.5F4D13A366F511D63C807E683D9EB3B8.d.C015F803BD6B2D5905A25FB0FA3D3D01.e.4659","ELEMENT":"f.5F4D13A366F511D63C807E683D9EB3B8.d.C015F803BD6B2D5905A25FB0FA3D3D01.e.4659"}]}
RESULT: {"script":"<script> [8489 bytes]","args":[{"element-6066-11e4-a52e-4f735466cecf":"f.5F4D13A366F511D63C807E683D9EB3B8.d.C015F803BD6B2D5905A25FB0FA3D3D01.e.4659","ELEMENT":"f.5F4D13A366F511D63C807E683D9EB3B8.d.C015F803BD6B2D5905A25FB0FA3D3D01.e.4659"}]}
COMMAND: POST /session/1c509b1daf78d5bd7fa30d63e65e61da/execute/sync - {"script":"<script> [5351 bytes]","args":[{"element-6066-11e4-a52e-4f735466cecf":"f.5F4D13A366F511D63C807E683D9EB3B8.d.C015F803BD6B2D5905A25FB0FA3D3D01.e.4659","ELEMENT":"f.5F4D13A366F511D63C807E683D9EB3B8.d.C015F803BD6B2D5905A25FB0FA3D3D01.e.4659"}]}
COMMAND: GET /session/1c509b1daf78d5bd7fa30d63e65e61da/screenshot - {}
RESULT: {"script":"<script> [5351 bytes]","args":[{"element-6066-11e4-a52e-4f735466cecf":"f.5F4D13A366F511D63C807E683D9EB3B8.d.C015F803BD6B2D5905A25FB0FA3D3D01.e.4659","ELEMENT":"f.5F4D13A366F511D63C807E683D9EB3B8.d.C015F803BD6B2D5905A25FB0FA3D3D01.e.4659"}]}
COMMAND: POST /session/1c509b1daf78d5bd7fa30d63e65e61da/element - {"using":"xpath","value":"//*[contains(@data-kt ,\"webshopDetailSiteLink\")]"}
COMMAND: GET /session/1c509b1daf78d5bd7fa30d63e65e61da/screenshot - {}
RESULT: {}
RESULT: {"using":"xpath","value":"//*[contains(@data-kt ,\"webshopDetailSiteLink\")]"}
COMMAND: POST /session/1c509b1daf78d5bd7fa30d63e65e61da/element/f.5F4D13A366F511D63C807E683D9EB3B8.d.C015F803BD6B2D5905A25FB0FA3D3D01.e.4659/click - {}
RESULT: {}
RESULT: {}
COMMAND: GET /session/1c509b1daf78d5bd7fa30d63e65e61da/screenshot - {}
RESULT: {}
COMMAND: POST /session/1c509b1daf78d5bd7fa30d63e65e61da/element/f.5F4D13A366F511D63C807E683D9EB3B8.d.C015F803BD6B2D5905A25FB0FA3D3D01.e.4001/click - {}
COMMAND: POST /session/1c509b1daf78d5bd7fa30d63e65e61da/element - {"using":"xpath","value":"//*[contains(@data-kt ,\"ContextMenuId3Link\")][contains(text(), \"Site Main Address\")]"}
RESULT: {"using":"xpath","value":"//*[contains(@data-kt ,\"ContextMenuId3Link\")][contains(text(), \"Site Main Address\")]"}
COMMAND: POST /session/1c509b1daf78d5bd7fa30d63e65e61da/element/f.5F4D13A366F511D63C807E683D9EB3B8.d.C015F803BD6B2D5905A25FB0FA3D3D01.e.4001/click - {}
COMMAND: POST /session/1c509b1daf78d5bd7fa30d63e65e61da/element - {"using":"xpath","value":"//*[contains(@data-kt ,\"ContextMenuId3Link\")][contains(text(), \"Site Main Address\")]"}
RESULT: {"using":"xpath","value":"//*[contains(@data-kt ,\"ContextMenuId3Link\")][contains(text(), \"Site Main Address\")]"}
COMMAND: POST /session/1c509b1daf78d5bd7fa30d63e65e61da/element/f.5F4D13A366F511D63C807E683D9EB3B8.d.C015F803BD6B2D5905A25FB0FA3D3D01.e.4661/click - {}
RESULT: {}
COMMAND: GET /session/1c509b1daf78d5bd7fa30d63e65e61da/screenshot - {}
RESULT: {}
COMMAND: POST /session/1c509b1daf78d5bd7fa30d63e65e61da/element - {"using":"xpath","value":"//span[contains(@id ,\"application-addressmanagement-display-component---masterAdm--title1-inner\")]"}
RESULT: {"using":"xpath","value":"//span[contains(@id ,\"application-addressmanagement-display-component---masterAdm--title1-inner\")]"}
COMMAND: GET /session/1c509b1daf78d5bd7fa30d63e65e61da/element/f.5F4D13A366F511D63C807E683D9EB3B8.d.C015F803BD6B2D5905A25FB0FA3D3D01.e.4946/text - {}
RESULT: {}
COMMAND: POST /session/1c509b1daf78d5bd7fa30d63e65e61da/element - {"using":"xpath","value":"//span[contains(@id ,\"application-addressmanagement-display-component---detailAdm--addressDetailDetailsName1\")][contains(text(), \"WebdriverSitetb01h\")]"}
RESULT: {"using":"xpath","value":"//span[contains(@id ,\"application-addressmanagement-display-component---detailAdm--addressDetailDetailsName1\")][contains(text(), \"WebdriverSitetb01h\")]"}
COMMAND: POST /session/1c509b1daf78d5bd7fa30d63e65e61da/execute/sync - {"script":"<script> [8489 bytes]","args":[{"element-6066-11e4-a52e-4f735466cecf":"f.5F4D13A366F511D63C807E683D9EB3B8.d.C015F803BD6B2D5905A25FB0FA3D3D01.e.4947","ELEMENT":"f.5F4D13A366F511D63C807E683D9EB3B8.d.C015F803BD6B2D5905A25FB0FA3D3D01.e.4947"}]}
RESULT: undefined
COMMAND: POST /session/1c509b1daf78d5bd7fa30d63e65e61da/element - {"using":"xpath","value":"//*[@id=\"backBtn\"]"}
RESULT: {"script":"<script> [8489 bytes]","args":[{"element-6066-11e4-a52e-4f735466cecf":"f.5F4D13A366F511D63C807E683D9EB3B8.d.C015F803BD6B2D5905A25FB0FA3D3D01.e.4947","ELEMENT":"f.5F4D13A366F511D63C807E683D9EB3B8.d.C015F803BD6B2D5905A25FB0FA3D3D01.e.4947"}]}
COMMAND: GET /session/1c509b1daf78d5bd7fa30d63e65e61da/screenshot - {}
RESULT: {"using":"xpath","value":"//*[@id=\"backBtn\"]"}
COMMAND: POST /session/1c509b1daf78d5bd7fa30d63e65e61da/element/f.5F4D13A366F511D63C807E683D9EB3B8.d.C015F803BD6B2D5905A25FB0FA3D3D01.e.3043/click - {}
RESULT: {}
RESULT: {}
COMMAND: GET /session/1c509b1daf78d5bd7fa30d63e65e61da/screenshot - {}
RESULT: {}
COMMAND: POST /session/1c509b1daf78d5bd7fa30d63e65e61da/execute/sync - {"script":"<script> [8489 bytes]","args":[{"element-6066-11e4-a52e-4f735466cecf":"f.5F4D13A366F511D63C807E683D9EB3B8.d.C015F803BD6B2D5905A25FB0FA3D3D01.e.4659","ELEMENT":"f.5F4D13A366F511D63C807E683D9EB3B8.d.C015F803BD6B2D5905A25FB0FA3D3D01.e.4659"}]}
COMMAND: POST /session/1c509b1daf78d5bd7fa30d63e65e61da/element - {"using":"xpath","value":"//*[contains(@data-kt ,\"webshopDetailSiteLink\")]"}
RESULT: {"using":"xpath","value":"//*[contains(@data-kt ,\"webshopDetailSiteLink\")]"}
COMMAND: POST /session/1c509b1daf78d5bd7fa30d63e65e61da/execute/sync - {"script":"<script> [8489 bytes]","args":[{"element-6066-11e4-a52e-4f735466cecf":"f.5F4D13A366F511D63C807E683D9EB3B8.d.C015F803BD6B2D5905A25FB0FA3D3D01.e.5124","ELEMENT":"f.5F4D13A366F511D63C807E683D9EB3B8.d.C015F803BD6B2D5905A25FB0FA3D3D01.e.5124"}]}
RESULT: {"script":"<script> [8489 bytes]","args":[{"element-6066-11e4-a52e-4f735466cecf":"f.5F4D13A366F511D63C807E683D9EB3B8.d.C015F803BD6B2D5905A25FB0FA3D3D01.e.5124","ELEMENT":"f.5F4D13A366F511D63C807E683D9EB3B8.d.C015F803BD6B2D5905A25FB0FA3D3D01.e.5124"}]}
COMMAND: POST /session/1c509b1daf78d5bd7fa30d63e65e61da/execute/sync - {"script":"<script> [5351 bytes]","args":[{"element-6066-11e4-a52e-4f735466cecf":"f.5F4D13A366F511D63C807E683D9EB3B8.d.C015F803BD6B2D5905A25FB0FA3D3D01.e.5124","ELEMENT":"f.5F4D13A366F511D63C807E683D9EB3B8.d.C015F803BD6B2D5905A25FB0FA3D3D01.e.5124"}]}
COMMAND: GET /session/1c509b1daf78d5bd7fa30d63e65e61da/screenshot - {}
RESULT: {"script":"<script> [5351 bytes]","args":[{"element-6066-11e4-a52e-4f735466cecf":"f.5F4D13A366F511D63C807E683D9EB3B8.d.C015F803BD6B2D5905A25FB0FA3D3D01.e.5124","ELEMENT":"f.5F4D13A366F511D63C807E683D9EB3B8.d.C015F803BD6B2D5905A25FB0FA3D3D01.e.5124"}]}
COMMAND: POST /session/1c509b1daf78d5bd7fa30d63e65e61da/element - {"using":"xpath","value":"//*[contains(@data-kt ,\"webshopDetailSiteLink\")]"}
COMMAND: GET /session/1c509b1daf78d5bd7fa30d63e65e61da/screenshot - {}
RESULT: {}
RESULT: {"using":"xpath","value":"//*[contains(@data-kt ,\"webshopDetailSiteLink\")]"}
COMMAND: POST /session/1c509b1daf78d5bd7fa30d63e65e61da/element/f.5F4D13A366F511D63C807E683D9EB3B8.d.C015F803BD6B2D5905A25FB0FA3D3D01.e.5124/click - {}
RESULT: {}
RESULT: {}
COMMAND: GET /session/1c509b1daf78d5bd7fa30d63e65e61da/screenshot - {}
RESULT: {}
COMMAND: POST /session/1c509b1daf78d5bd7fa30d63e65e61da/element - {"using":"xpath","value":"//button[contains(@data-kt ,\"ContextMenuIdExternalLink\")]"}
RESULT: {"using":"xpath","value":"//button[contains(@data-kt ,\"ContextMenuIdExternalLink\")]"}
COMMAND: POST /session/1c509b1daf78d5bd7fa30d63e65e61da/element/f.5F4D13A366F511D63C807E683D9EB3B8.d.C015F803BD6B2D5905A25FB0FA3D3D01.e.5126/click - {}
RESULT: {}
COMMAND: GET /session/1c509b1daf78d5bd7fa30d63e65e61da/screenshot - {}
RESULT: {}
COMMAND: GET /session/1c509b1daf78d5bd7fa30d63e65e61da/window/handles - {}
RESULT: {}
COMMAND: POST /session/1c509b1daf78d5bd7fa30d63e65e61da/window - {"handle":"EBE0ABF5B573D439EFA2256E1DDB4126"}
RESULT: {"handle":"EBE0ABF5B573D439EFA2256E1DDB4126"}
COMMAND: GET /session/1c509b1daf78d5bd7fa30d63e65e61da/url - {}
RESULT: {}
COMMAND: GET /session/1c509b1daf78d5bd7fa30d63e65e61da/screenshot - {}
COMMAND: DELETE /session/1c509b1daf78d5bd7fa30d63e65e61da/window - {}
RESULT: {}
RESULT: {}
COMMAND: POST /session/1c509b1daf78d5bd7fa30d63e65e61da/window - {"handle":"5F4D13A366F511D63C807E683D9EB3B8"}
RESULT: {"handle":"5F4D13A366F511D63C807E683D9EB3B8"}
COMMAND: GET /session/1c509b1daf78d5bd7fa30d63e65e61da/url - {}
RESULT: {}
COMMAND: GET /session/1c509b1daf78d5bd7fa30d63e65e61da/screenshot - {}
RESULT: {}
COMMAND: POST /session/1c509b1daf78d5bd7fa30d63e65e61da/element - {"using":"xpath","value":"//button[contains(@data-kt ,\"ContextMenuExternalId2Link\")]"}
RESULT: {"using":"xpath","value":"//button[contains(@data-kt ,\"ContextMenuExternalId2Link\")]"}
COMMAND: POST /session/1c509b1daf78d5bd7fa30d63e65e61da/element/f.5F4D13A366F511D63C807E683D9EB3B8.d.C015F803BD6B2D5905A25FB0FA3D3D01.e.5342/click - {}
RESULT: {}
COMMAND: GET /session/1c509b1daf78d5bd7fa30d63e65e61da/screenshot - {}
RESULT: {}
COMMAND: GET /session/1c509b1daf78d5bd7fa30d63e65e61da/window/handles - {}
RESULT: {}
COMMAND: POST /session/1c509b1daf78d5bd7fa30d63e65e61da/window - {"handle":"731D252D5D6BEACEE45AC9598F63DED7"}
RESULT: {"handle":"731D252D5D6BEACEE45AC9598F63DED7"}
COMMAND: GET /session/1c509b1daf78d5bd7fa30d63e65e61da/url - {}
RESULT: {}
COMMAND: GET /session/1c509b1daf78d5bd7fa30d63e65e61da/screenshot - {}
RESULT: {}
COMMAND: POST /session/1c509b1daf78d5bd7fa30d63e65e61da/execute/sync - {"script":"<script> [8489 bytes]","args":[{"element-6066-11e4-a52e-4f735466cecf":"f.5F4D13A366F511D63C807E683D9EB3B8.d.C015F803BD6B2D5905A25FB0FA3D3D01.e.4481","ELEMENT":"f.5F4D13A366F511D63C807E683D9EB3B8.d.C015F803BD6B2D5905A25FB0FA3D3D01.e.4481"}]}
COMMAND: DELETE /session/1c509b1daf78d5bd7fa30d63e65e61da/window - {}
RESULT: {}
COMMAND: POST /session/1c509b1daf78d5bd7fa30d63e65e61da/window - {"handle":"5F4D13A366F511D63C807E683D9EB3B8"}
RESULT: {"handle":"5F4D13A366F511D63C807E683D9EB3B8"}
COMMAND: GET /session/1c509b1daf78d5bd7fa30d63e65e61da/url - {}
COMMAND: POST /session/1c509b1daf78d5bd7fa30d63e65e61da/element - {"using":"xpath","value":"(//span[contains(text(), \"WebdriverSitetb01h\")])[2]"}
RESULT: {}
COMMAND: GET /session/1c509b1daf78d5bd7fa30d63e65e61da/screenshot - {}
RESULT: {"using":"xpath","value":"(//span[contains(text(), \"WebdriverSitetb01h\")])[2]"}
COMMAND: POST /session/1c509b1daf78d5bd7fa30d63e65e61da/element - {"using":"xpath","value":"(//span[contains(text(), \"WebdriverSitetb01h\")])[2]"}
RESULT: {}
RESULT: {"using":"xpath","value":"(//span[contains(text(), \"WebdriverSitetb01h\")])[2]"}
COMMAND: POST /session/1c509b1daf78d5bd7fa30d63e65e61da/element - {"using":"xpath","value":"(//span[contains(text(), \"WebdriverSitetb01h\")])[2]"}
RESULT: {"using":"xpath","value":"(//span[contains(text(), \"WebdriverSitetb01h\")])[2]"}
COMMAND: POST /session/1c509b1daf78d5bd7fa30d63e65e61da/element - {"using":"xpath","value":"(//span[contains(text(), \"WebdriverSitetb01h\")])[2]"}
RESULT: {"using":"xpath","value":"(//span[contains(text(), \"WebdriverSitetb01h\")])[2]"}
COMMAND: POST /session/1c509b1daf78d5bd7fa30d63e65e61da/element - {"using":"xpath","value":"(//span[contains(text(), \"WebdriverSitetb01h\")])[2]"}
RESULT: {"using":"xpath","value":"(//span[contains(text(), \"WebdriverSitetb01h\")])[2]"}
COMMAND: POST /session/1c509b1daf78d5bd7fa30d63e65e61da/element - {"using":"xpath","value":"(//span[contains(text(), \"WebdriverSitetb01h\")])[2]"}
RESULT: {"using":"xpath","value":"(//span[contains(text(), \"WebdriverSitetb01h\")])[2]"}
COMMAND: POST /session/1c509b1daf78d5bd7fa30d63e65e61da/element - {"using":"xpath","value":"(//span[contains(text(), \"WebdriverSitetb01h\")])[2]"}
RESULT: {"using":"xpath","value":"(//span[contains(text(), \"WebdriverSitetb01h\")])[2]"}
COMMAND: POST /session/1c509b1daf78d5bd7fa30d63e65e61da/element - {"using":"xpath","value":"(//span[contains(text(), \"WebdriverSitetb01h\")])[2]"}
RESULT: {"using":"xpath","value":"(//span[contains(text(), \"WebdriverSitetb01h\")])[2]"}
COMMAND: POST /session/1c509b1daf78d5bd7fa30d63e65e61da/element - {"using":"xpath","value":"(//span[contains(text(), \"WebdriverSitetb01h\")])[2]"}
RESULT: {"using":"xpath","value":"(//span[contains(text(), \"WebdriverSitetb01h\")])[2]"}
COMMAND: POST /session/1c509b1daf78d5bd7fa30d63e65e61da/element - {"using":"xpath","value":"(//span[contains(text(), \"WebdriverSitetb01h\")])[2]"}
RESULT: {"using":"xpath","value":"(//span[contains(text(), \"WebdriverSitetb01h\")])[2]"}
COMMAND: POST /session/1c509b1daf78d5bd7fa30d63e65e61da/execute/sync - {"script":"<script> [8489 bytes]","args":[{"element-6066-11e4-a52e-4f735466cecf":"f.5F4D13A366F511D63C807E683D9EB3B8.d.C015F803BD6B2D5905A25FB0FA3D3D01.e.5124","ELEMENT":"f.5F4D13A366F511D63C807E683D9EB3B8.d.C015F803BD6B2D5905A25FB0FA3D3D01.e.5124"}]}
RESULT: {"script":"<script> [8489 bytes]","args":[{"element-6066-11e4-a52e-4f735466cecf":"f.5F4D13A366F511D63C807E683D9EB3B8.d.C015F803BD6B2D5905A25FB0FA3D3D01.e.5124","ELEMENT":"f.5F4D13A366F511D63C807E683D9EB3B8.d.C015F803BD6B2D5905A25FB0FA3D3D01.e.5124"}]}
COMMAND: POST /session/1c509b1daf78d5bd7fa30d63e65e61da/execute/sync - {"script":"<script> [5351 bytes]","args":[{"element-6066-11e4-a52e-4f735466cecf":"f.5F4D13A366F511D63C807E683D9EB3B8.d.C015F803BD6B2D5905A25FB0FA3D3D01.e.5124","ELEMENT":"f.5F4D13A366F511D63C807E683D9EB3B8.d.C015F803BD6B2D5905A25FB0FA3D3D01.e.5124"}]}
COMMAND: GET /session/1c509b1daf78d5bd7fa30d63e65e61da/screenshot - {}
RESULT: {"script":"<script> [5351 bytes]","args":[{"element-6066-11e4-a52e-4f735466cecf":"f.5F4D13A366F511D63C807E683D9EB3B8.d.C015F803BD6B2D5905A25FB0FA3D3D01.e.5124","ELEMENT":"f.5F4D13A366F511D63C807E683D9EB3B8.d.C015F803BD6B2D5905A25FB0FA3D3D01.e.5124"}]}
COMMAND: POST /session/1c509b1daf78d5bd7fa30d63e65e61da/element - {"using":"xpath","value":"//*[contains(@data-kt ,\"webshopDetailSiteLink\")]"}
COMMAND: GET /session/1c509b1daf78d5bd7fa30d63e65e61da/screenshot - {}
RESULT: {}
COMMAND: POST /session/1c509b1daf78d5bd7fa30d63e65e61da/element - {"using":"xpath","value":"(//span[contains(text(), \"WebdriverSitetb01h\")])[2]"}
RESULT: {"using":"xpath","value":"//*[contains(@data-kt ,\"webshopDetailSiteLink\")]"}
COMMAND: POST /session/1c509b1daf78d5bd7fa30d63e65e61da/element/f.5F4D13A366F511D63C807E683D9EB3B8.d.C015F803BD6B2D5905A25FB0FA3D3D01.e.5124/click - {}
RESULT: {}
RESULT: {"using":"xpath","value":"(//span[contains(text(), \"WebdriverSitetb01h\")])[2]"}
RESULT: {}
COMMAND: GET /session/1c509b1daf78d5bd7fa30d63e65e61da/screenshot - {}
RESULT: {}
COMMAND: POST /session/1c509b1daf78d5bd7fa30d63e65e61da/element - {"using":"xpath","value":"(//span[contains(text(), \"WebdriverSitetb01h\")])[2]"}
RESULT: {"using":"xpath","value":"(//span[contains(text(), \"WebdriverSitetb01h\")])[2]"}
COMMAND: POST /session/1c509b1daf78d5bd7fa30d63e65e61da/execute/sync - {"script":"<script> [8489 bytes]","args":[{"element-6066-11e4-a52e-4f735466cecf":"f.5F4D13A366F511D63C807E683D9EB3B8.d.C015F803BD6B2D5905A25FB0FA3D3D01.e.5357","ELEMENT":"f.5F4D13A366F511D63C807E683D9EB3B8.d.C015F803BD6B2D5905A25FB0FA3D3D01.e.5357"}]}
RESULT: {"script":"<script> [8489 bytes]","args":[{"element-6066-11e4-a52e-4f735466cecf":"f.5F4D13A366F511D63C807E683D9EB3B8.d.C015F803BD6B2D5905A25FB0FA3D3D01.e.5357","ELEMENT":"f.5F4D13A366F511D63C807E683D9EB3B8.d.C015F803BD6B2D5905A25FB0FA3D3D01.e.5357"}]}
COMMAND: GET /session/1c509b1daf78d5bd7fa30d63e65e61da/screenshot - {}
RESULT: {}
COMMAND: POST /session/1c509b1daf78d5bd7fa30d63e65e61da/element - {"using":"xpath","value":"(//button[contains(@data-kt ,\"ContextMenuExternalId3Link\")])[2]"}
RESULT: {"using":"xpath","value":"(//button[contains(@data-kt ,\"ContextMenuExternalId3Link\")])[2]"}
COMMAND: POST /session/1c509b1daf78d5bd7fa30d63e65e61da/element/f.5F4D13A366F511D63C807E683D9EB3B8.d.C015F803BD6B2D5905A25FB0FA3D3D01.e.5358/click - {}
RESULT: {}
COMMAND: GET /session/1c509b1daf78d5bd7fa30d63e65e61da/screenshot - {}
RESULT: {}
COMMAND: GET /session/1c509b1daf78d5bd7fa30d63e65e61da/window/handles - {}
RESULT: {}
COMMAND: POST /session/1c509b1daf78d5bd7fa30d63e65e61da/window - {"handle":"62C7E04EC3CA60BB4BBF02F699ED15E9"}
RESULT: {"handle":"62C7E04EC3CA60BB4BBF02F699ED15E9"}
COMMAND: GET /session/1c509b1daf78d5bd7fa30d63e65e61da/url - {}
RESULT: {}
COMMAND: GET /session/1c509b1daf78d5bd7fa30d63e65e61da/screenshot - {}
COMMAND: POST /session/1c509b1daf78d5bd7fa30d63e65e61da/execute/sync - {"script":"<script> [8489 bytes]","args":[{"element-6066-11e4-a52e-4f735466cecf":"f.5F4D13A366F511D63C807E683D9EB3B8.d.C015F803BD6B2D5905A25FB0FA3D3D01.e.4947","ELEMENT":"f.5F4D13A366F511D63C807E683D9EB3B8.d.C015F803BD6B2D5905A25FB0FA3D3D01.e.4947"}]}
RESULT: {}
RESULT: {"script":"<script> [8489 bytes]","args":[{"element-6066-11e4-a52e-4f735466cecf":"f.5F4D13A366F511D63C807E683D9EB3B8.d.C015F803BD6B2D5905A25FB0FA3D3D01.e.4947","ELEMENT":"f.5F4D13A366F511D63C807E683D9EB3B8.d.C015F803BD6B2D5905A25FB0FA3D3D01.e.4947"}]}
COMMAND: GET /session/1c509b1daf78d5bd7fa30d63e65e61da/screenshot - {}
RESULT: {}
COMMAND: POST /session/1c509b1daf78d5bd7fa30d63e65e61da/execute/sync - {"script":"<script> [8489 bytes]","args":[{"element-6066-11e4-a52e-4f735466cecf":"f.5F4D13A366F511D63C807E683D9EB3B8.d.C015F803BD6B2D5905A25FB0FA3D3D01.e.4947","ELEMENT":"f.5F4D13A366F511D63C807E683D9EB3B8.d.C015F803BD6B2D5905A25FB0FA3D3D01.e.4947"}]}
RESULT: {"script":"<script> [8489 bytes]","args":[{"element-6066-11e4-a52e-4f735466cecf":"f.5F4D13A366F511D63C807E683D9EB3B8.d.C015F803BD6B2D5905A25FB0FA3D3D01.e.4947","ELEMENT":"f.5F4D13A366F511D63C807E683D9EB3B8.d.C015F803BD6B2D5905A25FB0FA3D3D01.e.4947"}]}
COMMAND: GET /session/1c509b1daf78d5bd7fa30d63e65e61da/screenshot - {}
RESULT: {}
COMMAND: POST /session/1c509b1daf78d5bd7fa30d63e65e61da/execute/sync - {"script":"<script> [8489 bytes]","args":[{"element-6066-11e4-a52e-4f735466cecf":"f.5F4D13A366F511D63C807E683D9EB3B8.d.C015F803BD6B2D5905A25FB0FA3D3D01.e.4947","ELEMENT":"f.5F4D13A366F511D63C807E683D9EB3B8.d.C015F803BD6B2D5905A25FB0FA3D3D01.e.4947"}]}
RESULT: {"script":"<script> [8489 bytes]","args":[{"element-6066-11e4-a52e-4f735466cecf":"f.5F4D13A366F511D63C807E683D9EB3B8.d.C015F803BD6B2D5905A25FB0FA3D3D01.e.4947","ELEMENT":"f.5F4D13A366F511D63C807E683D9EB3B8.d.C015F803BD6B2D5905A25FB0FA3D3D01.e.4947"}]}
COMMAND: GET /session/1c509b1daf78d5bd7fa30d63e65e61da/screenshot - {}
RESULT: {}
COMMAND: POST /session/1c509b1daf78d5bd7fa30d63e65e61da/execute/sync - {"script":"<script> [8489 bytes]","args":[{"element-6066-11e4-a52e-4f735466cecf":"f.5F4D13A366F511D63C807E683D9EB3B8.d.C015F803BD6B2D5905A25FB0FA3D3D01.e.4947","ELEMENT":"f.5F4D13A366F511D63C807E683D9EB3B8.d.C015F803BD6B2D5905A25FB0FA3D3D01.e.4947"}]}
RESULT: {"script":"<script> [8489 bytes]","args":[{"element-6066-11e4-a52e-4f735466cecf":"f.5F4D13A366F511D63C807E683D9EB3B8.d.C015F803BD6B2D5905A25FB0FA3D3D01.e.4947","ELEMENT":"f.5F4D13A366F511D63C807E683D9EB3B8.d.C015F803BD6B2D5905A25FB0FA3D3D01.e.4947"}]}
COMMAND: GET /session/1c509b1daf78d5bd7fa30d63e65e61da/screenshot - {}
RESULT: {}
COMMAND: POST /session/1c509b1daf78d5bd7fa30d63e65e61da/execute/sync - {"script":"<script> [8489 bytes]","args":[{"element-6066-11e4-a52e-4f735466cecf":"f.5F4D13A366F511D63C807E683D9EB3B8.d.C015F803BD6B2D5905A25FB0FA3D3D01.e.4947","ELEMENT":"f.5F4D13A366F511D63C807E683D9EB3B8.d.C015F803BD6B2D5905A25FB0FA3D3D01.e.4947"}]}
RESULT: {"script":"<script> [8489 bytes]","args":[{"element-6066-11e4-a52e-4f735466cecf":"f.5F4D13A366F511D63C807E683D9EB3B8.d.C015F803BD6B2D5905A25FB0FA3D3D01.e.4947","ELEMENT":"f.5F4D13A366F511D63C807E683D9EB3B8.d.C015F803BD6B2D5905A25FB0FA3D3D01.e.4947"}]}
COMMAND: GET /session/1c509b1daf78d5bd7fa30d63e65e61da/screenshot - {}
RESULT: {}
COMMAND: POST /session/1c509b1daf78d5bd7fa30d63e65e61da/execute/sync - {"script":"<script> [8489 bytes]","args":[{"element-6066-11e4-a52e-4f735466cecf":"f.5F4D13A366F511D63C807E683D9EB3B8.d.C015F803BD6B2D5905A25FB0FA3D3D01.e.4947","ELEMENT":"f.5F4D13A366F511D63C807E683D9EB3B8.d.C015F803BD6B2D5905A25FB0FA3D3D01.e.4947"}]}
RESULT: {"script":"<script> [8489 bytes]","args":[{"element-6066-11e4-a52e-4f735466cecf":"f.5F4D13A366F511D63C807E683D9EB3B8.d.C015F803BD6B2D5905A25FB0FA3D3D01.e.4947","ELEMENT":"f.5F4D13A366F511D63C807E683D9EB3B8.d.C015F803BD6B2D5905A25FB0FA3D3D01.e.4947"}]}
COMMAND: GET /session/1c509b1daf78d5bd7fa30d63e65e61da/screenshot - {}
RESULT: {}
COMMAND: POST /session/1c509b1daf78d5bd7fa30d63e65e61da/execute/sync - {"script":"<script> [8489 bytes]","args":[{"element-6066-11e4-a52e-4f735466cecf":"f.5F4D13A366F511D63C807E683D9EB3B8.d.C015F803BD6B2D5905A25FB0FA3D3D01.e.4947","ELEMENT":"f.5F4D13A366F511D63C807E683D9EB3B8.d.C015F803BD6B2D5905A25FB0FA3D3D01.e.4947"}]}
RESULT: {"script":"<script> [8489 bytes]","args":[{"element-6066-11e4-a52e-4f735466cecf":"f.5F4D13A366F511D63C807E683D9EB3B8.d.C015F803BD6B2D5905A25FB0FA3D3D01.e.4947","ELEMENT":"f.5F4D13A366F511D63C807E683D9EB3B8.d.C015F803BD6B2D5905A25FB0FA3D3D01.e.4947"}]}
COMMAND: GET /session/1c509b1daf78d5bd7fa30d63e65e61da/screenshot - {}
RESULT: {}
COMMAND: POST /session/1c509b1daf78d5bd7fa30d63e65e61da/execute/sync - {"script":"<script> [8489 bytes]","args":[{"element-6066-11e4-a52e-4f735466cecf":"f.5F4D13A366F511D63C807E683D9EB3B8.d.C015F803BD6B2D5905A25FB0FA3D3D01.e.4947","ELEMENT":"f.5F4D13A366F511D63C807E683D9EB3B8.d.C015F803BD6B2D5905A25FB0FA3D3D01.e.4947"}]}
RESULT: {"script":"<script> [8489 bytes]","args":[{"element-6066-11e4-a52e-4f735466cecf":"f.5F4D13A366F511D63C807E683D9EB3B8.d.C015F803BD6B2D5905A25FB0FA3D3D01.e.4947","ELEMENT":"f.5F4D13A366F511D63C807E683D9EB3B8.d.C015F803BD6B2D5905A25FB0FA3D3D01.e.4947"}]}
COMMAND: GET /session/1c509b1daf78d5bd7fa30d63e65e61da/screenshot - {}
COMMAND: DELETE /session/1c509b1daf78d5bd7fa30d63e65e61da/window - {}
RESULT: {}
COMMAND: POST /session/1c509b1daf78d5bd7fa30d63e65e61da/execute/sync - {"script":"<script> [8489 bytes]","args":[{"element-6066-11e4-a52e-4f735466cecf":"f.5F4D13A366F511D63C807E683D9EB3B8.d.C015F803BD6B2D5905A25FB0FA3D3D01.e.4947","ELEMENT":"f.5F4D13A366F511D63C807E683D9EB3B8.d.C015F803BD6B2D5905A25FB0FA3D3D01.e.4947"}]}
RESULT: {}
COMMAND: POST /session/1c509b1daf78d5bd7fa30d63e65e61da/window - {"handle":"5F4D13A366F511D63C807E683D9EB3B8"}
RESULT: {"handle":"5F4D13A366F511D63C807E683D9EB3B8"}
COMMAND: GET /session/1c509b1daf78d5bd7fa30d63e65e61da/url - {}
COMMAND: POST /session/1c509b1daf78d5bd7fa30d63e65e61da/element - {"using":"xpath","value":"//span[contains(@id ,\"application-addressmanagement-display-component---detailAdm--addressDetailDetailsName1\")][contains(text(), \"WebdriverSitetb01h\")]"}
RESULT: {}
COMMAND: GET /session/1c509b1daf78d5bd7fa30d63e65e61da/screenshot - {}
RESULT: {"using":"xpath","value":"//span[contains(@id ,\"application-addressmanagement-display-component---detailAdm--addressDetailDetailsName1\")][contains(text(), \"WebdriverSitetb01h\")]"}
COMMAND: POST /session/1c509b1daf78d5bd7fa30d63e65e61da/element - {"using":"xpath","value":"//span[contains(@id ,\"application-addressmanagement-display-component---detailAdm--addressDetailDetailsName1\")][contains(text(), \"WebdriverSitetb01h\")]"}
RESULT: {}
RESULT: {"using":"xpath","value":"//span[contains(@id ,\"application-addressmanagement-display-component---detailAdm--addressDetailDetailsName1\")][contains(text(), \"WebdriverSitetb01h\")]"}
COMMAND: POST /session/1c509b1daf78d5bd7fa30d63e65e61da/element - {"using":"xpath","value":"//span[contains(@id ,\"application-addressmanagement-display-component---detailAdm--addressDetailDetailsName1\")][contains(text(), \"WebdriverSitetb01h\")]"}
RESULT: {"using":"xpath","value":"//span[contains(@id ,\"application-addressmanagement-display-component---detailAdm--addressDetailDetailsName1\")][contains(text(), \"WebdriverSitetb01h\")]"}
COMMAND: POST /session/1c509b1daf78d5bd7fa30d63e65e61da/element - {"using":"xpath","value":"//span[contains(@id ,\"application-addressmanagement-display-component---detailAdm--addressDetailDetailsName1\")][contains(text(), \"WebdriverSitetb01h\")]"}
RESULT: {"using":"xpath","value":"//span[contains(@id ,\"application-addressmanagement-display-component---detailAdm--addressDetailDetailsName1\")][contains(text(), \"WebdriverSitetb01h\")]"}
COMMAND: POST /session/1c509b1daf78d5bd7fa30d63e65e61da/element - {"using":"xpath","value":"//span[contains(@id ,\"application-addressmanagement-display-component---detailAdm--addressDetailDetailsName1\")][contains(text(), \"WebdriverSitetb01h\")]"}
RESULT: {"using":"xpath","value":"//span[contains(@id ,\"application-addressmanagement-display-component---detailAdm--addressDetailDetailsName1\")][contains(text(), \"WebdriverSitetb01h\")]"}
COMMAND: POST /session/1c509b1daf78d5bd7fa30d63e65e61da/element - {"using":"xpath","value":"//span[contains(@id ,\"application-addressmanagement-display-component---detailAdm--addressDetailDetailsName1\")][contains(text(), \"WebdriverSitetb01h\")]"}
RESULT: {"using":"xpath","value":"//span[contains(@id ,\"application-addressmanagement-display-component---detailAdm--addressDetailDetailsName1\")][contains(text(), \"WebdriverSitetb01h\")]"}
COMMAND: POST /session/1c509b1daf78d5bd7fa30d63e65e61da/element - {"using":"xpath","value":"//span[contains(@id ,\"application-addressmanagement-display-component---detailAdm--addressDetailDetailsName1\")][contains(text(), \"WebdriverSitetb01h\")]"}
RESULT: {"using":"xpath","value":"//span[contains(@id ,\"application-addressmanagement-display-component---detailAdm--addressDetailDetailsName1\")][contains(text(), \"WebdriverSitetb01h\")]"}
COMMAND: POST /session/1c509b1daf78d5bd7fa30d63e65e61da/element - {"using":"xpath","value":"//span[contains(@id ,\"application-addressmanagement-display-component---detailAdm--addressDetailDetailsName1\")][contains(text(), \"WebdriverSitetb01h\")]"}
RESULT: {"using":"xpath","value":"//span[contains(@id ,\"application-addressmanagement-display-component---detailAdm--addressDetailDetailsName1\")][contains(text(), \"WebdriverSitetb01h\")]"}
COMMAND: POST /session/1c509b1daf78d5bd7fa30d63e65e61da/element - {"using":"xpath","value":"//span[contains(@id ,\"application-addressmanagement-display-component---detailAdm--addressDetailDetailsName1\")][contains(text(), \"WebdriverSitetb01h\")]"}
RESULT: {"using":"xpath","value":"//span[contains(@id ,\"application-addressmanagement-display-component---detailAdm--addressDetailDetailsName1\")][contains(text(), \"WebdriverSitetb01h\")]"}
COMMAND: POST /session/1c509b1daf78d5bd7fa30d63e65e61da/element - {"using":"xpath","value":"//span[contains(@id ,\"application-addressmanagement-display-component---detailAdm--addressDetailDetailsName1\")][contains(text(), \"WebdriverSitetb01h\")]"}
RESULT: {"using":"xpath","value":"//span[contains(@id ,\"application-addressmanagement-display-component---detailAdm--addressDetailDetailsName1\")][contains(text(), \"WebdriverSitetb01h\")]"}
]]></system-out>
    </testcase>
  </testsuite>
  <testsuite timestamp="2025-05-13T16:21:07" time="234.925" tests="2" failures="0" errors="0" skipped="0">
    <properties>
      <property name="specId" value="0" />
      <property name="suiteName" value="Webshop - Hyperlinks visible and working properly  US139085" />
      <property name="capabilities" value="chrome.136_0_7103_49.windows" />
      <property name="file" value="file:///D:/a/1/s/test/specs/R2C/webshop-hyperlinks-partner-address-contract-item.spec.js" />
    </properties>
    <testcase classname="chrome.136_0_7103_49.windows.Webshop_-_Hyperlinks_visible_and_working_properly__US139085" name="Should verify the customer and address hyperlinks" time="146.236">
      <system-out><![CDATA[
COMMAND: POST /session/1c509b1daf78d5bd7fa30d63e65e61da/element - {"using":"xpath","value":"//*[contains(@data-kt ,\"webshopDetailAddressLink\")]"}
RESULT: {"using":"xpath","value":"//*[contains(@data-kt ,\"webshopDetailAddressLink\")]"}
COMMAND: POST /session/1c509b1daf78d5bd7fa30d63e65e61da/execute/sync - {"script":"<script> [8489 bytes]","args":[{"element-6066-11e4-a52e-4f735466cecf":"f.5F4D13A366F511D63C807E683D9EB3B8.d.C015F803BD6B2D5905A25FB0FA3D3D01.e.5569","ELEMENT":"f.5F4D13A366F511D63C807E683D9EB3B8.d.C015F803BD6B2D5905A25FB0FA3D3D01.e.5569"}]}
RESULT: {"script":"<script> [8489 bytes]","args":[{"element-6066-11e4-a52e-4f735466cecf":"f.5F4D13A366F511D63C807E683D9EB3B8.d.C015F803BD6B2D5905A25FB0FA3D3D01.e.5569","ELEMENT":"f.5F4D13A366F511D63C807E683D9EB3B8.d.C015F803BD6B2D5905A25FB0FA3D3D01.e.5569"}]}
COMMAND: POST /session/1c509b1daf78d5bd7fa30d63e65e61da/execute/sync - {"script":"<script> [5351 bytes]","args":[{"element-6066-11e4-a52e-4f735466cecf":"f.5F4D13A366F511D63C807E683D9EB3B8.d.C015F803BD6B2D5905A25FB0FA3D3D01.e.5569","ELEMENT":"f.5F4D13A366F511D63C807E683D9EB3B8.d.C015F803BD6B2D5905A25FB0FA3D3D01.e.5569"}]}
COMMAND: GET /session/1c509b1daf78d5bd7fa30d63e65e61da/screenshot - {}
RESULT: {"script":"<script> [5351 bytes]","args":[{"element-6066-11e4-a52e-4f735466cecf":"f.5F4D13A366F511D63C807E683D9EB3B8.d.C015F803BD6B2D5905A25FB0FA3D3D01.e.5569","ELEMENT":"f.5F4D13A366F511D63C807E683D9EB3B8.d.C015F803BD6B2D5905A25FB0FA3D3D01.e.5569"}]}
COMMAND: GET /session/1c509b1daf78d5bd7fa30d63e65e61da/screenshot - {}
COMMAND: POST /session/1c509b1daf78d5bd7fa30d63e65e61da/element - {"using":"xpath","value":"//span[contains(@id ,\"application-addressmanagement-display-component---detailAdm--addressDetailDetailsName1\")][contains(text(), \"WebdriverSitetb01h\")]"}
RESULT: {}
RESULT: {}
RESULT: {"using":"xpath","value":"//span[contains(@id ,\"application-addressmanagement-display-component---detailAdm--addressDetailDetailsName1\")][contains(text(), \"WebdriverSitetb01h\")]"}
COMMAND: POST /session/1c509b1daf78d5bd7fa30d63e65e61da/element - {"using":"xpath","value":"//span[contains(@id ,\"application-addressmanagement-display-component---detailAdm--addressDetailDetailsName1\")][contains(text(), \"WebdriverSitetb01h\")]"}
RESULT: {"using":"xpath","value":"//span[contains(@id ,\"application-addressmanagement-display-component---detailAdm--addressDetailDetailsName1\")][contains(text(), \"WebdriverSitetb01h\")]"}
COMMAND: POST /session/1c509b1daf78d5bd7fa30d63e65e61da/element - {"using":"xpath","value":"//span[contains(@id ,\"application-addressmanagement-display-component---detailAdm--addressDetailDetailsName1\")][contains(text(), \"WebdriverSitetb01h\")]"}
RESULT: {"using":"xpath","value":"//span[contains(@id ,\"application-addressmanagement-display-component---detailAdm--addressDetailDetailsName1\")][contains(text(), \"WebdriverSitetb01h\")]"}
COMMAND: POST /session/1c509b1daf78d5bd7fa30d63e65e61da/element - {"using":"xpath","value":"//span[contains(@id ,\"application-addressmanagement-display-component---detailAdm--addressDetailDetailsName1\")][contains(text(), \"WebdriverSitetb01h\")]"}
RESULT: {"using":"xpath","value":"//span[contains(@id ,\"application-addressmanagement-display-component---detailAdm--addressDetailDetailsName1\")][contains(text(), \"WebdriverSitetb01h\")]"}
COMMAND: POST /session/1c509b1daf78d5bd7fa30d63e65e61da/element - {"using":"xpath","value":"//span[contains(@id ,\"application-addressmanagement-display-component---detailAdm--addressDetailDetailsName1\")][contains(text(), \"WebdriverSitetb01h\")]"}
RESULT: {"using":"xpath","value":"//span[contains(@id ,\"application-addressmanagement-display-component---detailAdm--addressDetailDetailsName1\")][contains(text(), \"WebdriverSitetb01h\")]"}
COMMAND: POST /session/1c509b1daf78d5bd7fa30d63e65e61da/element - {"using":"xpath","value":"//span[contains(@id ,\"application-addressmanagement-display-component---detailAdm--addressDetailDetailsName1\")][contains(text(), \"WebdriverSitetb01h\")]"}
RESULT: {"using":"xpath","value":"//span[contains(@id ,\"application-addressmanagement-display-component---detailAdm--addressDetailDetailsName1\")][contains(text(), \"WebdriverSitetb01h\")]"}
COMMAND: POST /session/1c509b1daf78d5bd7fa30d63e65e61da/element - {"using":"xpath","value":"//span[contains(@id ,\"application-addressmanagement-display-component---detailAdm--addressDetailDetailsName1\")][contains(text(), \"WebdriverSitetb01h\")]"}
RESULT: {"using":"xpath","value":"//span[contains(@id ,\"application-addressmanagement-display-component---detailAdm--addressDetailDetailsName1\")][contains(text(), \"WebdriverSitetb01h\")]"}
COMMAND: POST /session/1c509b1daf78d5bd7fa30d63e65e61da/element - {"using":"xpath","value":"//span[contains(@id ,\"application-addressmanagement-display-component---detailAdm--addressDetailDetailsName1\")][contains(text(), \"WebdriverSitetb01h\")]"}
RESULT: {"using":"xpath","value":"//span[contains(@id ,\"application-addressmanagement-display-component---detailAdm--addressDetailDetailsName1\")][contains(text(), \"WebdriverSitetb01h\")]"}
COMMAND: POST /session/1c509b1daf78d5bd7fa30d63e65e61da/element - {"using":"xpath","value":"//span[contains(@id ,\"application-addressmanagement-display-component---detailAdm--addressDetailDetailsName1\")][contains(text(), \"WebdriverSitetb01h\")]"}
RESULT: {"using":"xpath","value":"//span[contains(@id ,\"application-addressmanagement-display-component---detailAdm--addressDetailDetailsName1\")][contains(text(), \"WebdriverSitetb01h\")]"}
COMMAND: POST /session/1c509b1daf78d5bd7fa30d63e65e61da/element - {"using":"xpath","value":"//*[contains(@data-kt ,\"webshopDetailAddressLink\")]"}
RESULT: {"using":"xpath","value":"//*[contains(@data-kt ,\"webshopDetailAddressLink\")]"}
COMMAND: POST /session/1c509b1daf78d5bd7fa30d63e65e61da/element/f.5F4D13A366F511D63C807E683D9EB3B8.d.C015F803BD6B2D5905A25FB0FA3D3D01.e.5569/click - {}
COMMAND: POST /session/1c509b1daf78d5bd7fa30d63e65e61da/element - {"using":"xpath","value":"//span[contains(@id ,\"application-addressmanagement-display-component---detailAdm--addressDetailDetailsName1\")][contains(text(), \"WebdriverSitetb01h\")]"}
RESULT: {}
COMMAND: GET /session/1c509b1daf78d5bd7fa30d63e65e61da/screenshot - {}
RESULT: {"using":"xpath","value":"//span[contains(@id ,\"application-addressmanagement-display-component---detailAdm--addressDetailDetailsName1\")][contains(text(), \"WebdriverSitetb01h\")]"}
RESULT: {}
COMMAND: POST /session/1c509b1daf78d5bd7fa30d63e65e61da/element - {"using":"xpath","value":"//span[contains(@id ,\"application-addressmanagement-display-component---detailAdm--addressDetailDetailsName1\")][contains(text(), \"WebdriverSitetb01h\")]"}
RESULT: {"using":"xpath","value":"//span[contains(@id ,\"application-addressmanagement-display-component---detailAdm--addressDetailDetailsName1\")][contains(text(), \"WebdriverSitetb01h\")]"}
COMMAND: POST /session/1c509b1daf78d5bd7fa30d63e65e61da/element - {"using":"xpath","value":"//span[contains(@id ,\"application-addressmanagement-display-component---detailAdm--addressDetailDetailsName1\")][contains(text(), \"WebdriverSitetb01h\")]"}
RESULT: {"using":"xpath","value":"//span[contains(@id ,\"application-addressmanagement-display-component---detailAdm--addressDetailDetailsName1\")][contains(text(), \"WebdriverSitetb01h\")]"}
COMMAND: POST /session/1c509b1daf78d5bd7fa30d63e65e61da/element - {"using":"xpath","value":"//span[contains(@id ,\"application-addressmanagement-display-component---detailAdm--addressDetailDetailsName1\")][contains(text(), \"WebdriverSitetb01h\")]"}
RESULT: {"using":"xpath","value":"//span[contains(@id ,\"application-addressmanagement-display-component---detailAdm--addressDetailDetailsName1\")][contains(text(), \"WebdriverSitetb01h\")]"}
COMMAND: POST /session/1c509b1daf78d5bd7fa30d63e65e61da/element - {"using":"xpath","value":"//*[contains(@data-kt ,\"ContextMenuId2Link\")][contains(text(), \"Address Overview\")]"}
RESULT: {"using":"xpath","value":"//*[contains(@data-kt ,\"ContextMenuId2Link\")][contains(text(), \"Address Overview\")]"}
COMMAND: POST /session/1c509b1daf78d5bd7fa30d63e65e61da/execute/sync - {"script":"<script> [8489 bytes]","args":[{"element-6066-11e4-a52e-4f735466cecf":"f.5F4D13A366F511D63C807E683D9EB3B8.d.C015F803BD6B2D5905A25FB0FA3D3D01.e.5571","ELEMENT":"f.5F4D13A366F511D63C807E683D9EB3B8.d.C015F803BD6B2D5905A25FB0FA3D3D01.e.5571"}]}
COMMAND: POST /session/1c509b1daf78d5bd7fa30d63e65e61da/element - {"using":"xpath","value":"//*[contains(@data-kt ,\"ContextMenuId2Link\")][contains(text(), \"Address Overview\")]"}
RESULT: {"script":"<script> [8489 bytes]","args":[{"element-6066-11e4-a52e-4f735466cecf":"f.5F4D13A366F511D63C807E683D9EB3B8.d.C015F803BD6B2D5905A25FB0FA3D3D01.e.5571","ELEMENT":"f.5F4D13A366F511D63C807E683D9EB3B8.d.C015F803BD6B2D5905A25FB0FA3D3D01.e.5571"}]}
COMMAND: GET /session/1c509b1daf78d5bd7fa30d63e65e61da/screenshot - {}
RESULT: {"using":"xpath","value":"//*[contains(@data-kt ,\"ContextMenuId2Link\")][contains(text(), \"Address Overview\")]"}
COMMAND: POST /session/1c509b1daf78d5bd7fa30d63e65e61da/element/f.5F4D13A366F511D63C807E683D9EB3B8.d.C015F803BD6B2D5905A25FB0FA3D3D01.e.5571/click - {}
COMMAND: POST /session/1c509b1daf78d5bd7fa30d63e65e61da/element - {"using":"xpath","value":"//span[contains(@id ,\"application-addressmanagement-display-component---detailAdm--addressDetailDetailsName1\")][contains(text(), \"WebdriverSitetb01h\")]"}
RESULT: {}
RESULT: {}
COMMAND: GET /session/1c509b1daf78d5bd7fa30d63e65e61da/screenshot - {}
RESULT: {"using":"xpath","value":"//span[contains(@id ,\"application-addressmanagement-display-component---detailAdm--addressDetailDetailsName1\")][contains(text(), \"WebdriverSitetb01h\")]"}
COMMAND: POST /session/1c509b1daf78d5bd7fa30d63e65e61da/element - {"using":"xpath","value":"//span[contains(@id ,\"application-addressmanagement-display-component---detailAdm--addressDetailDetailsName1\")][contains(text(), \"WebdriverSitetb01h\")]"}
RESULT: {}
RESULT: {"using":"xpath","value":"//span[contains(@id ,\"application-addressmanagement-display-component---detailAdm--addressDetailDetailsName1\")][contains(text(), \"WebdriverSitetb01h\")]"}
COMMAND: POST /session/1c509b1daf78d5bd7fa30d63e65e61da/element - {"using":"xpath","value":"//span[contains(@id ,\"application-addressmanagement-display-component---detailAdm--addressDetailDetailsName1\")][contains(text(), \"WebdriverSitetb01h\")]"}
RESULT: {"using":"xpath","value":"//span[contains(@id ,\"application-addressmanagement-display-component---detailAdm--addressDetailDetailsName1\")][contains(text(), \"WebdriverSitetb01h\")]"}
COMMAND: POST /session/1c509b1daf78d5bd7fa30d63e65e61da/element - {"using":"xpath","value":"//span[contains(@id ,\"application-addressmanagement-display-component---detailAdm--addressDetailDetailsName1\")][contains(text(), \"WebdriverSitetb01h\")]"}
RESULT: {"using":"xpath","value":"//span[contains(@id ,\"application-addressmanagement-display-component---detailAdm--addressDetailDetailsName1\")][contains(text(), \"WebdriverSitetb01h\")]"}
COMMAND: POST /session/1c509b1daf78d5bd7fa30d63e65e61da/execute/sync - {"script":"<script> [8489 bytes]","args":[{"element-6066-11e4-a52e-4f735466cecf":"f.5F4D13A366F511D63C807E683D9EB3B8.d.C015F803BD6B2D5905A25FB0FA3D3D01.e.5843","ELEMENT":"f.5F4D13A366F511D63C807E683D9EB3B8.d.C015F803BD6B2D5905A25FB0FA3D3D01.e.5843"}]}
RESULT: {"script":"<script> [8489 bytes]","args":[{"element-6066-11e4-a52e-4f735466cecf":"f.5F4D13A366F511D63C807E683D9EB3B8.d.C015F803BD6B2D5905A25FB0FA3D3D01.e.5843","ELEMENT":"f.5F4D13A366F511D63C807E683D9EB3B8.d.C015F803BD6B2D5905A25FB0FA3D3D01.e.5843"}]}
COMMAND: GET /session/1c509b1daf78d5bd7fa30d63e65e61da/screenshot - {}
RESULT: {}
RESULT: undefined
COMMAND: POST /session/1c509b1daf78d5bd7fa30d63e65e61da/execute/async - {"script":"<script> [6424 bytes]","args":[{"element-6066-11e4-a52e-4f735466cecf":"f.5F4D13A366F511D63C807E683D9EB3B8.d.C015F803BD6B2D5905A25FB0FA3D3D01.e.3041"},"getTitle",[]]}
COMMAND: POST /session/1c509b1daf78d5bd7fa30d63e65e61da/execute/async - {"script":"<script> [1562 bytes]","args":[{"selector":{"id":"shellAppTitle"},"wdio_ui5_key":"shellAppTitle"}]}
RESULT: {"script":"<script> [1562 bytes]","args":[{"selector":{"id":"shellAppTitle"},"wdio_ui5_key":"shellAppTitle"}]}
COMMAND: POST /session/1c509b1daf78d5bd7fa30d63e65e61da/execute/async - {"script":"<script> [6424 bytes]","args":[{"element-6066-11e4-a52e-4f735466cecf":"f.5F4D13A366F511D63C807E683D9EB3B8.d.C015F803BD6B2D5905A25FB0FA3D3D01.e.5844"},"getTitle",[]]}
RESULT: {"script":"<script> [6424 bytes]","args":[{"element-6066-11e4-a52e-4f735466cecf":"f.5F4D13A366F511D63C807E683D9EB3B8.d.C015F803BD6B2D5905A25FB0FA3D3D01.e.5844"},"getTitle",[]]}
COMMAND: POST /session/1c509b1daf78d5bd7fa30d63e65e61da/element - {"using":"xpath","value":"//span[contains(@id ,\"application-addressmanagement-display-component---detailAdm--addressDetailDetailsName1\")][contains(text(), \"WebdriverSitetb01h\")]"}
RESULT: {"using":"xpath","value":"//span[contains(@id ,\"application-addressmanagement-display-component---detailAdm--addressDetailDetailsName1\")][contains(text(), \"WebdriverSitetb01h\")]"}
COMMAND: POST /session/1c509b1daf78d5bd7fa30d63e65e61da/execute/sync - {"script":"<script> [8489 bytes]","args":[{"element-6066-11e4-a52e-4f735466cecf":"f.5F4D13A366F511D63C807E683D9EB3B8.d.C015F803BD6B2D5905A25FB0FA3D3D01.e.5843","ELEMENT":"f.5F4D13A366F511D63C807E683D9EB3B8.d.C015F803BD6B2D5905A25FB0FA3D3D01.e.5843"}]}
RESULT: undefined
COMMAND: POST /session/1c509b1daf78d5bd7fa30d63e65e61da/element - {"using":"xpath","value":"//*[@id=\"backBtn\"]"}
RESULT: {"script":"<script> [8489 bytes]","args":[{"element-6066-11e4-a52e-4f735466cecf":"f.5F4D13A366F511D63C807E683D9EB3B8.d.C015F803BD6B2D5905A25FB0FA3D3D01.e.5843","ELEMENT":"f.5F4D13A366F511D63C807E683D9EB3B8.d.C015F803BD6B2D5905A25FB0FA3D3D01.e.5843"}]}
COMMAND: GET /session/1c509b1daf78d5bd7fa30d63e65e61da/screenshot - {}
RESULT: {"using":"xpath","value":"//*[@id=\"backBtn\"]"}
COMMAND: POST /session/1c509b1daf78d5bd7fa30d63e65e61da/element/f.5F4D13A366F511D63C807E683D9EB3B8.d.C015F803BD6B2D5905A25FB0FA3D3D01.e.3043/click - {}
RESULT: {}
RESULT: {}
COMMAND: GET /session/1c509b1daf78d5bd7fa30d63e65e61da/screenshot - {}
RESULT: {}
COMMAND: POST /session/1c509b1daf78d5bd7fa30d63e65e61da/execute/sync - {"script":"<script> [8489 bytes]","args":[{"element-6066-11e4-a52e-4f735466cecf":"f.5F4D13A366F511D63C807E683D9EB3B8.d.C015F803BD6B2D5905A25FB0FA3D3D01.e.5569","ELEMENT":"f.5F4D13A366F511D63C807E683D9EB3B8.d.C015F803BD6B2D5905A25FB0FA3D3D01.e.5569"}]}
COMMAND: POST /session/1c509b1daf78d5bd7fa30d63e65e61da/element - {"using":"xpath","value":"//*[contains(@data-kt ,\"webshopDetailAddressLink\")]"}
RESULT: {"using":"xpath","value":"//*[contains(@data-kt ,\"webshopDetailAddressLink\")]"}
COMMAND: POST /session/1c509b1daf78d5bd7fa30d63e65e61da/execute/sync - {"script":"<script> [8489 bytes]","args":[{"element-6066-11e4-a52e-4f735466cecf":"f.5F4D13A366F511D63C807E683D9EB3B8.d.C015F803BD6B2D5905A25FB0FA3D3D01.e.6003","ELEMENT":"f.5F4D13A366F511D63C807E683D9EB3B8.d.C015F803BD6B2D5905A25FB0FA3D3D01.e.6003"}]}
RESULT: {"script":"<script> [8489 bytes]","args":[{"element-6066-11e4-a52e-4f735466cecf":"f.5F4D13A366F511D63C807E683D9EB3B8.d.C015F803BD6B2D5905A25FB0FA3D3D01.e.6003","ELEMENT":"f.5F4D13A366F511D63C807E683D9EB3B8.d.C015F803BD6B2D5905A25FB0FA3D3D01.e.6003"}]}
COMMAND: POST /session/1c509b1daf78d5bd7fa30d63e65e61da/execute/sync - {"script":"<script> [5351 bytes]","args":[{"element-6066-11e4-a52e-4f735466cecf":"f.5F4D13A366F511D63C807E683D9EB3B8.d.C015F803BD6B2D5905A25FB0FA3D3D01.e.6003","ELEMENT":"f.5F4D13A366F511D63C807E683D9EB3B8.d.C015F803BD6B2D5905A25FB0FA3D3D01.e.6003"}]}
COMMAND: GET /session/1c509b1daf78d5bd7fa30d63e65e61da/screenshot - {}
RESULT: {"script":"<script> [5351 bytes]","args":[{"element-6066-11e4-a52e-4f735466cecf":"f.5F4D13A366F511D63C807E683D9EB3B8.d.C015F803BD6B2D5905A25FB0FA3D3D01.e.6003","ELEMENT":"f.5F4D13A366F511D63C807E683D9EB3B8.d.C015F803BD6B2D5905A25FB0FA3D3D01.e.6003"}]}
COMMAND: POST /session/1c509b1daf78d5bd7fa30d63e65e61da/element - {"using":"xpath","value":"//*[contains(@data-kt ,\"webshopDetailAddressLink\")]"}
COMMAND: GET /session/1c509b1daf78d5bd7fa30d63e65e61da/screenshot - {}
RESULT: {}
RESULT: {"using":"xpath","value":"//*[contains(@data-kt ,\"webshopDetailAddressLink\")]"}
COMMAND: POST /session/1c509b1daf78d5bd7fa30d63e65e61da/element/f.5F4D13A366F511D63C807E683D9EB3B8.d.C015F803BD6B2D5905A25FB0FA3D3D01.e.6003/click - {}
RESULT: {}
RESULT: {}
COMMAND: GET /session/1c509b1daf78d5bd7fa30d63e65e61da/screenshot - {}
RESULT: {}
COMMAND: POST /session/1c509b1daf78d5bd7fa30d63e65e61da/element - {"using":"xpath","value":"//button[contains(@data-kt ,\"ContextMenuExternalId2Link\")]"}
RESULT: {"using":"xpath","value":"//button[contains(@data-kt ,\"ContextMenuExternalId2Link\")]"}
COMMAND: POST /session/1c509b1daf78d5bd7fa30d63e65e61da/element/f.5F4D13A366F511D63C807E683D9EB3B8.d.C015F803BD6B2D5905A25FB0FA3D3D01.e.6005/click - {}
RESULT: {}
COMMAND: GET /session/1c509b1daf78d5bd7fa30d63e65e61da/screenshot - {}
RESULT: {}
COMMAND: GET /session/1c509b1daf78d5bd7fa30d63e65e61da/window/handles - {}
RESULT: {}
COMMAND: POST /session/1c509b1daf78d5bd7fa30d63e65e61da/window - {"handle":"1F3BB22E2E9DE3C003D56EC92FC67955"}
RESULT: {"handle":"1F3BB22E2E9DE3C003D56EC92FC67955"}
COMMAND: GET /session/1c509b1daf78d5bd7fa30d63e65e61da/url - {}
RESULT: {}
COMMAND: GET /session/1c509b1daf78d5bd7fa30d63e65e61da/screenshot - {}
RESULT: {}
COMMAND: POST /session/1c509b1daf78d5bd7fa30d63e65e61da/execute/sync - {"script":"<script> [8489 bytes]","args":[{"element-6066-11e4-a52e-4f735466cecf":"f.5F4D13A366F511D63C807E683D9EB3B8.d.C015F803BD6B2D5905A25FB0FA3D3D01.e.5843","ELEMENT":"f.5F4D13A366F511D63C807E683D9EB3B8.d.C015F803BD6B2D5905A25FB0FA3D3D01.e.5843"}]}
COMMAND: DELETE /session/1c509b1daf78d5bd7fa30d63e65e61da/window - {}
RESULT: {}
COMMAND: POST /session/1c509b1daf78d5bd7fa30d63e65e61da/window - {"handle":"5F4D13A366F511D63C807E683D9EB3B8"}
RESULT: {"handle":"5F4D13A366F511D63C807E683D9EB3B8"}
COMMAND: GET /session/1c509b1daf78d5bd7fa30d63e65e61da/url - {}
COMMAND: POST /session/1c509b1daf78d5bd7fa30d63e65e61da/element - {"using":"xpath","value":"//span[contains(@id ,\"application-addressmanagement-display-component---detailAdm--addressDetailDetailsName1\")][contains(text(), \"WebdriverSitetb01h\")]"}
RESULT: {}
COMMAND: GET /session/1c509b1daf78d5bd7fa30d63e65e61da/screenshot - {}
RESULT: {"using":"xpath","value":"//span[contains(@id ,\"application-addressmanagement-display-component---detailAdm--addressDetailDetailsName1\")][contains(text(), \"WebdriverSitetb01h\")]"}
COMMAND: POST /session/1c509b1daf78d5bd7fa30d63e65e61da/element - {"using":"xpath","value":"//span[contains(@id ,\"application-addressmanagement-display-component---detailAdm--addressDetailDetailsName1\")][contains(text(), \"WebdriverSitetb01h\")]"}
RESULT: {}
RESULT: {"using":"xpath","value":"//span[contains(@id ,\"application-addressmanagement-display-component---detailAdm--addressDetailDetailsName1\")][contains(text(), \"WebdriverSitetb01h\")]"}
COMMAND: POST /session/1c509b1daf78d5bd7fa30d63e65e61da/element - {"using":"xpath","value":"//span[contains(@id ,\"application-addressmanagement-display-component---detailAdm--addressDetailDetailsName1\")][contains(text(), \"WebdriverSitetb01h\")]"}
RESULT: {"using":"xpath","value":"//span[contains(@id ,\"application-addressmanagement-display-component---detailAdm--addressDetailDetailsName1\")][contains(text(), \"WebdriverSitetb01h\")]"}
COMMAND: POST /session/1c509b1daf78d5bd7fa30d63e65e61da/element - {"using":"xpath","value":"//span[contains(@id ,\"application-addressmanagement-display-component---detailAdm--addressDetailDetailsName1\")][contains(text(), \"WebdriverSitetb01h\")]"}
RESULT: {"using":"xpath","value":"//span[contains(@id ,\"application-addressmanagement-display-component---detailAdm--addressDetailDetailsName1\")][contains(text(), \"WebdriverSitetb01h\")]"}
COMMAND: POST /session/1c509b1daf78d5bd7fa30d63e65e61da/element - {"using":"xpath","value":"//span[contains(@id ,\"application-addressmanagement-display-component---detailAdm--addressDetailDetailsName1\")][contains(text(), \"WebdriverSitetb01h\")]"}
RESULT: {"using":"xpath","value":"//span[contains(@id ,\"application-addressmanagement-display-component---detailAdm--addressDetailDetailsName1\")][contains(text(), \"WebdriverSitetb01h\")]"}
COMMAND: POST /session/1c509b1daf78d5bd7fa30d63e65e61da/element - {"using":"xpath","value":"//span[contains(@id ,\"application-addressmanagement-display-component---detailAdm--addressDetailDetailsName1\")][contains(text(), \"WebdriverSitetb01h\")]"}
RESULT: {"using":"xpath","value":"//span[contains(@id ,\"application-addressmanagement-display-component---detailAdm--addressDetailDetailsName1\")][contains(text(), \"WebdriverSitetb01h\")]"}
COMMAND: POST /session/1c509b1daf78d5bd7fa30d63e65e61da/element - {"using":"xpath","value":"//*[contains(@data-kt ,\"webshopDetailCustomerLink\")]"}
COMMAND: POST /session/1c509b1daf78d5bd7fa30d63e65e61da/element - {"using":"xpath","value":"//span[contains(@id ,\"application-addressmanagement-display-component---detailAdm--addressDetailDetailsName1\")][contains(text(), \"WebdriverSitetb01h\")]"}
RESULT: {"using":"xpath","value":"//*[contains(@data-kt ,\"webshopDetailCustomerLink\")]"}
COMMAND: POST /session/1c509b1daf78d5bd7fa30d63e65e61da/execute/sync - {"script":"<script> [8489 bytes]","args":[{"element-6066-11e4-a52e-4f735466cecf":"f.5F4D13A366F511D63C807E683D9EB3B8.d.C015F803BD6B2D5905A25FB0FA3D3D01.e.6153","ELEMENT":"f.5F4D13A366F511D63C807E683D9EB3B8.d.C015F803BD6B2D5905A25FB0FA3D3D01.e.6153"}]}
RESULT: {"using":"xpath","value":"//span[contains(@id ,\"application-addressmanagement-display-component---detailAdm--addressDetailDetailsName1\")][contains(text(), \"WebdriverSitetb01h\")]"}
RESULT: {"script":"<script> [8489 bytes]","args":[{"element-6066-11e4-a52e-4f735466cecf":"f.5F4D13A366F511D63C807E683D9EB3B8.d.C015F803BD6B2D5905A25FB0FA3D3D01.e.6153","ELEMENT":"f.5F4D13A366F511D63C807E683D9EB3B8.d.C015F803BD6B2D5905A25FB0FA3D3D01.e.6153"}]}
COMMAND: POST /session/1c509b1daf78d5bd7fa30d63e65e61da/execute/sync - {"script":"<script> [5351 bytes]","args":[{"element-6066-11e4-a52e-4f735466cecf":"f.5F4D13A366F511D63C807E683D9EB3B8.d.C015F803BD6B2D5905A25FB0FA3D3D01.e.6153","ELEMENT":"f.5F4D13A366F511D63C807E683D9EB3B8.d.C015F803BD6B2D5905A25FB0FA3D3D01.e.6153"}]}
COMMAND: GET /session/1c509b1daf78d5bd7fa30d63e65e61da/screenshot - {}
RESULT: {"script":"<script> [5351 bytes]","args":[{"element-6066-11e4-a52e-4f735466cecf":"f.5F4D13A366F511D63C807E683D9EB3B8.d.C015F803BD6B2D5905A25FB0FA3D3D01.e.6153","ELEMENT":"f.5F4D13A366F511D63C807E683D9EB3B8.d.C015F803BD6B2D5905A25FB0FA3D3D01.e.6153"}]}
COMMAND: POST /session/1c509b1daf78d5bd7fa30d63e65e61da/element - {"using":"xpath","value":"//*[contains(@data-kt ,\"webshopDetailCustomerLink\")]"}
COMMAND: GET /session/1c509b1daf78d5bd7fa30d63e65e61da/screenshot - {}
RESULT: {}
RESULT: {"using":"xpath","value":"//*[contains(@data-kt ,\"webshopDetailCustomerLink\")]"}
COMMAND: POST /session/1c509b1daf78d5bd7fa30d63e65e61da/element/f.5F4D13A366F511D63C807E683D9EB3B8.d.C015F803BD6B2D5905A25FB0FA3D3D01.e.6153/click - {}
RESULT: {}
COMMAND: POST /session/1c509b1daf78d5bd7fa30d63e65e61da/element - {"using":"xpath","value":"//span[contains(@id ,\"application-addressmanagement-display-component---detailAdm--addressDetailDetailsName1\")][contains(text(), \"WebdriverSitetb01h\")]"}
RESULT: {}
COMMAND: GET /session/1c509b1daf78d5bd7fa30d63e65e61da/screenshot - {}
COMMAND: POST /session/1c509b1daf78d5bd7fa30d63e65e61da/element - {"using":"xpath","value":"//*[contains(@data-kt ,\"ContextMenuId2Link\")][contains(text(), \"Partner Overview\")]"}
RESULT: {"using":"xpath","value":"//span[contains(@id ,\"application-addressmanagement-display-component---detailAdm--addressDetailDetailsName1\")][contains(text(), \"WebdriverSitetb01h\")]"}
RESULT: {}
RESULT: {"using":"xpath","value":"//*[contains(@data-kt ,\"ContextMenuId2Link\")][contains(text(), \"Partner Overview\")]"}
COMMAND: POST /session/1c509b1daf78d5bd7fa30d63e65e61da/execute/sync - {"script":"<script> [8489 bytes]","args":[{"element-6066-11e4-a52e-4f735466cecf":"f.5F4D13A366F511D63C807E683D9EB3B8.d.C015F803BD6B2D5905A25FB0FA3D3D01.e.6155","ELEMENT":"f.5F4D13A366F511D63C807E683D9EB3B8.d.C015F803BD6B2D5905A25FB0FA3D3D01.e.6155"}]}
COMMAND: POST /session/1c509b1daf78d5bd7fa30d63e65e61da/element - {"using":"xpath","value":"//*[contains(@data-kt ,\"ContextMenuId2Link\")][contains(text(), \"Partner Overview\")]"}
RESULT: {"script":"<script> [8489 bytes]","args":[{"element-6066-11e4-a52e-4f735466cecf":"f.5F4D13A366F511D63C807E683D9EB3B8.d.C015F803BD6B2D5905A25FB0FA3D3D01.e.6155","ELEMENT":"f.5F4D13A366F511D63C807E683D9EB3B8.d.C015F803BD6B2D5905A25FB0FA3D3D01.e.6155"}]}
COMMAND: GET /session/1c509b1daf78d5bd7fa30d63e65e61da/screenshot - {}
RESULT: {"using":"xpath","value":"//*[contains(@data-kt ,\"ContextMenuId2Link\")][contains(text(), \"Partner Overview\")]"}
COMMAND: POST /session/1c509b1daf78d5bd7fa30d63e65e61da/element/f.5F4D13A366F511D63C807E683D9EB3B8.d.C015F803BD6B2D5905A25FB0FA3D3D01.e.6155/click - {}
COMMAND: POST /session/1c509b1daf78d5bd7fa30d63e65e61da/element - {"using":"xpath","value":"//span[contains(@id ,\"application-addressmanagement-display-component---detailAdm--addressDetailDetailsName1\")][contains(text(), \"WebdriverSitetb01h\")]"}
RESULT: {}
RESULT: {}
COMMAND: GET /session/1c509b1daf78d5bd7fa30d63e65e61da/screenshot - {}
RESULT: {"using":"xpath","value":"//span[contains(@id ,\"application-addressmanagement-display-component---detailAdm--addressDetailDetailsName1\")][contains(text(), \"WebdriverSitetb01h\")]"}
RESULT: {}
COMMAND: POST /session/1c509b1daf78d5bd7fa30d63e65e61da/element - {"using":"xpath","value":"//span[contains(@id ,\"application-addressmanagement-display-component---detailAdm--addressDetailDetailsName1\")][contains(text(), \"WebdriverSitetb01h\")]"}
RESULT: {"using":"xpath","value":"//span[contains(@id ,\"application-addressmanagement-display-component---detailAdm--addressDetailDetailsName1\")][contains(text(), \"WebdriverSitetb01h\")]"}
COMMAND: POST /session/1c509b1daf78d5bd7fa30d63e65e61da/element - {"using":"xpath","value":"//span[contains(@id ,\"application-addressmanagement-display-component---detailAdm--addressDetailDetailsName1\")][contains(text(), \"WebdriverSitetb01h\")]"}
RESULT: {"using":"xpath","value":"//span[contains(@id ,\"application-addressmanagement-display-component---detailAdm--addressDetailDetailsName1\")][contains(text(), \"WebdriverSitetb01h\")]"}
COMMAND: POST /session/1c509b1daf78d5bd7fa30d63e65e61da/element - {"using":"xpath","value":"//span[contains(@id ,\"application-addressmanagement-display-component---detailAdm--addressDetailDetailsName1\")][contains(text(), \"WebdriverSitetb01h\")]"}
RESULT: {"using":"xpath","value":"//span[contains(@id ,\"application-addressmanagement-display-component---detailAdm--addressDetailDetailsName1\")][contains(text(), \"WebdriverSitetb01h\")]"}
COMMAND: POST /session/1c509b1daf78d5bd7fa30d63e65e61da/element - {"using":"xpath","value":"//span[contains(@id ,\"application-addressmanagement-display-component---detailAdm--addressDetailDetailsName1\")][contains(text(), \"WebdriverSitetb01h\")]"}
RESULT: {"using":"xpath","value":"//span[contains(@id ,\"application-addressmanagement-display-component---detailAdm--addressDetailDetailsName1\")][contains(text(), \"WebdriverSitetb01h\")]"}
COMMAND: POST /session/1c509b1daf78d5bd7fa30d63e65e61da/element - {"using":"xpath","value":"//span[contains(@id ,\"application-addressmanagement-display-component---detailAdm--addressDetailDetailsName1\")][contains(text(), \"WebdriverSitetb01h\")]"}
RESULT: {"using":"xpath","value":"//span[contains(@id ,\"application-addressmanagement-display-component---detailAdm--addressDetailDetailsName1\")][contains(text(), \"WebdriverSitetb01h\")]"}
COMMAND: POST /session/1c509b1daf78d5bd7fa30d63e65e61da/element - {"using":"xpath","value":"//span[contains(@id ,\"application-addressmanagement-display-component---detailAdm--addressDetailDetailsName1\")][contains(text(), \"WebdriverSitetb01h\")]"}
RESULT: {"using":"xpath","value":"//span[contains(@id ,\"application-addressmanagement-display-component---detailAdm--addressDetailDetailsName1\")][contains(text(), \"WebdriverSitetb01h\")]"}
COMMAND: POST /session/1c509b1daf78d5bd7fa30d63e65e61da/element - {"using":"xpath","value":"//span[contains(@id ,\"application-addressmanagement-display-component---detailAdm--addressDetailDetailsName1\")][contains(text(), \"WebdriverSitetb01h\")]"}
RESULT: {"using":"xpath","value":"//span[contains(@id ,\"application-addressmanagement-display-component---detailAdm--addressDetailDetailsName1\")][contains(text(), \"WebdriverSitetb01h\")]"}
COMMAND: POST /session/1c509b1daf78d5bd7fa30d63e65e61da/element - {"using":"xpath","value":"//span[contains(@id ,\"application-addressmanagement-display-component---detailAdm--addressDetailDetailsName1\")][contains(text(), \"WebdriverSitetb01h\")]"}
RESULT: {"using":"xpath","value":"//span[contains(@id ,\"application-addressmanagement-display-component---detailAdm--addressDetailDetailsName1\")][contains(text(), \"WebdriverSitetb01h\")]"}
COMMAND: POST /session/1c509b1daf78d5bd7fa30d63e65e61da/element - {"using":"xpath","value":"//span[contains(@id ,\"application-addressmanagement-display-component---detailAdm--addressDetailDetailsName1\")][contains(text(), \"WebdriverSitetb01h\")]"}
RESULT: {"using":"xpath","value":"//span[contains(@id ,\"application-addressmanagement-display-component---detailAdm--addressDetailDetailsName1\")][contains(text(), \"WebdriverSitetb01h\")]"}
COMMAND: POST /session/1c509b1daf78d5bd7fa30d63e65e61da/element - {"using":"xpath","value":"//span[contains(@id ,\"application-addressmanagement-display-component---detailAdm--addressDetailDetailsName1\")][contains(text(), \"WebdriverSitetb01h\")]"}
RESULT: {"using":"xpath","value":"//span[contains(@id ,\"application-addressmanagement-display-component---detailAdm--addressDetailDetailsName1\")][contains(text(), \"WebdriverSitetb01h\")]"}
COMMAND: POST /session/1c509b1daf78d5bd7fa30d63e65e61da/element - {"using":"xpath","value":"//span[contains(@id ,\"application-addressmanagement-display-component---detailAdm--addressDetailDetailsName1\")][contains(text(), \"WebdriverSitetb01h\")]"}
RESULT: {"using":"xpath","value":"//span[contains(@id ,\"application-addressmanagement-display-component---detailAdm--addressDetailDetailsName1\")][contains(text(), \"WebdriverSitetb01h\")]"}
COMMAND: POST /session/1c509b1daf78d5bd7fa30d63e65e61da/element - {"using":"xpath","value":"//span[contains(@id ,\"application-addressmanagement-display-component---detailAdm--addressDetailDetailsName1\")][contains(text(), \"WebdriverSitetb01h\")]"}
RESULT: {"using":"xpath","value":"//span[contains(@id ,\"application-addressmanagement-display-component---detailAdm--addressDetailDetailsName1\")][contains(text(), \"WebdriverSitetb01h\")]"}
COMMAND: POST /session/1c509b1daf78d5bd7fa30d63e65e61da/element - {"using":"xpath","value":"//span[contains(@id ,\"application-addressmanagement-display-component---detailAdm--addressDetailDetailsName1\")][contains(text(), \"WebdriverSitetb01h\")]"}
RESULT: {"using":"xpath","value":"//span[contains(@id ,\"application-addressmanagement-display-component---detailAdm--addressDetailDetailsName1\")][contains(text(), \"WebdriverSitetb01h\")]"}
COMMAND: POST /session/1c509b1daf78d5bd7fa30d63e65e61da/element - {"using":"xpath","value":"//span[contains(@id ,\"application-addressmanagement-display-component---detailAdm--addressDetailDetailsName1\")][contains(text(), \"WebdriverSitetb01h\")]"}
RESULT: {"using":"xpath","value":"//span[contains(@id ,\"application-addressmanagement-display-component---detailAdm--addressDetailDetailsName1\")][contains(text(), \"WebdriverSitetb01h\")]"}
COMMAND: POST /session/1c509b1daf78d5bd7fa30d63e65e61da/element - {"using":"xpath","value":"//span[contains(@id ,\"application-addressmanagement-display-component---detailAdm--addressDetailDetailsName1\")][contains(text(), \"WebdriverSitetb01h\")]"}
RESULT: {"using":"xpath","value":"//span[contains(@id ,\"application-addressmanagement-display-component---detailAdm--addressDetailDetailsName1\")][contains(text(), \"WebdriverSitetb01h\")]"}
COMMAND: POST /session/1c509b1daf78d5bd7fa30d63e65e61da/element - {"using":"xpath","value":"//span[contains(@id ,\"application-addressmanagement-display-component---detailAdm--addressDetailDetailsName1\")][contains(text(), \"WebdriverSitetb01h\")]"}
RESULT: {"using":"xpath","value":"//span[contains(@id ,\"application-addressmanagement-display-component---detailAdm--addressDetailDetailsName1\")][contains(text(), \"WebdriverSitetb01h\")]"}
RESULT: undefined
COMMAND: POST /session/1c509b1daf78d5bd7fa30d63e65e61da/execute/async - {"script":"<script> [6424 bytes]","args":[{"element-6066-11e4-a52e-4f735466cecf":"f.5F4D13A366F511D63C807E683D9EB3B8.d.C015F803BD6B2D5905A25FB0FA3D3D01.e.3041"},"getTitle",[]]}
COMMAND: POST /session/1c509b1daf78d5bd7fa30d63e65e61da/execute/async - {"script":"<script> [1562 bytes]","args":[{"selector":{"id":"shellAppTitle"},"wdio_ui5_key":"shellAppTitle"}]}
RESULT: {"script":"<script> [1562 bytes]","args":[{"selector":{"id":"shellAppTitle"},"wdio_ui5_key":"shellAppTitle"}]}
COMMAND: POST /session/1c509b1daf78d5bd7fa30d63e65e61da/execute/async - {"script":"<script> [6424 bytes]","args":[{"element-6066-11e4-a52e-4f735466cecf":"f.5F4D13A366F511D63C807E683D9EB3B8.d.C015F803BD6B2D5905A25FB0FA3D3D01.e.6385"},"getTitle",[]]}
COMMAND: POST /session/1c509b1daf78d5bd7fa30d63e65e61da/element - {"using":"xpath","value":"//span[contains(@id ,\"application-addressmanagement-display-component---detailAdm--addressDetailDetailsName1\")][contains(text(), \"WebdriverSitetb01h\")]"}
RESULT: {"script":"<script> [6424 bytes]","args":[{"element-6066-11e4-a52e-4f735466cecf":"f.5F4D13A366F511D63C807E683D9EB3B8.d.C015F803BD6B2D5905A25FB0FA3D3D01.e.6385"},"getTitle",[]]}
COMMAND: POST /session/1c509b1daf78d5bd7fa30d63e65e61da/element - {"using":"xpath","value":"//span[contains(@id ,\"title\")][contains(text(), \"WebdriverPartnerqi7a8\")]"}
RESULT: {"using":"xpath","value":"//span[contains(@id ,\"application-addressmanagement-display-component---detailAdm--addressDetailDetailsName1\")][contains(text(), \"WebdriverSitetb01h\")]"}
RESULT: {"using":"xpath","value":"//span[contains(@id ,\"title\")][contains(text(), \"WebdriverPartnerqi7a8\")]"}
COMMAND: POST /session/1c509b1daf78d5bd7fa30d63e65e61da/execute/sync - {"script":"<script> [8489 bytes]","args":[{"element-6066-11e4-a52e-4f735466cecf":"f.5F4D13A366F511D63C807E683D9EB3B8.d.C015F803BD6B2D5905A25FB0FA3D3D01.e.6386","ELEMENT":"f.5F4D13A366F511D63C807E683D9EB3B8.d.C015F803BD6B2D5905A25FB0FA3D3D01.e.6386"}]}
RESULT: undefined
COMMAND: POST /session/1c509b1daf78d5bd7fa30d63e65e61da/element - {"using":"xpath","value":"//*[@id=\"backBtn\"]"}
RESULT: {"using":"xpath","value":"//*[@id=\"backBtn\"]"}
COMMAND: POST /session/1c509b1daf78d5bd7fa30d63e65e61da/element/f.5F4D13A366F511D63C807E683D9EB3B8.d.C015F803BD6B2D5905A25FB0FA3D3D01.e.3043/click - {}
RESULT: {"script":"<script> [8489 bytes]","args":[{"element-6066-11e4-a52e-4f735466cecf":"f.5F4D13A366F511D63C807E683D9EB3B8.d.C015F803BD6B2D5905A25FB0FA3D3D01.e.6386","ELEMENT":"f.5F4D13A366F511D63C807E683D9EB3B8.d.C015F803BD6B2D5905A25FB0FA3D3D01.e.6386"}]}
COMMAND: GET /session/1c509b1daf78d5bd7fa30d63e65e61da/screenshot - {}
COMMAND: POST /session/1c509b1daf78d5bd7fa30d63e65e61da/element - {"using":"xpath","value":"//span[contains(@id ,\"application-addressmanagement-display-component---detailAdm--addressDetailDetailsName1\")][contains(text(), \"WebdriverSitetb01h\")]"}
COMMAND: POST /session/1c509b1daf78d5bd7fa30d63e65e61da/execute/sync - {"script":"<script> [8489 bytes]","args":[{"element-6066-11e4-a52e-4f735466cecf":"f.5F4D13A366F511D63C807E683D9EB3B8.d.C015F803BD6B2D5905A25FB0FA3D3D01.e.6386","ELEMENT":"f.5F4D13A366F511D63C807E683D9EB3B8.d.C015F803BD6B2D5905A25FB0FA3D3D01.e.6386"}]}
RESULT: {}
COMMAND: GET /session/1c509b1daf78d5bd7fa30d63e65e61da/screenshot - {}
RESULT: {}
RESULT: {"using":"xpath","value":"//span[contains(@id ,\"application-addressmanagement-display-component---detailAdm--addressDetailDetailsName1\")][contains(text(), \"WebdriverSitetb01h\")]"}
COMMAND: POST /session/1c509b1daf78d5bd7fa30d63e65e61da/element - {"using":"xpath","value":"//span[contains(@id ,\"title\")][contains(text(), \"WebdriverPartnerqi7a8\")]"}
RESULT: {}
RESULT: {"using":"xpath","value":"//span[contains(@id ,\"title\")][contains(text(), \"WebdriverPartnerqi7a8\")]"}
COMMAND: POST /session/1c509b1daf78d5bd7fa30d63e65e61da/element - {"using":"xpath","value":"//span[contains(@id ,\"title\")][contains(text(), \"WebdriverPartnerqi7a8\")]"}
RESULT: {"using":"xpath","value":"//span[contains(@id ,\"title\")][contains(text(), \"WebdriverPartnerqi7a8\")]"}
COMMAND: POST /session/1c509b1daf78d5bd7fa30d63e65e61da/element - {"using":"xpath","value":"//span[contains(@id ,\"application-addressmanagement-display-component---detailAdm--addressDetailDetailsName1\")][contains(text(), \"WebdriverSitetb01h\")]"}
RESULT: {"using":"xpath","value":"//span[contains(@id ,\"application-addressmanagement-display-component---detailAdm--addressDetailDetailsName1\")][contains(text(), \"WebdriverSitetb01h\")]"}
COMMAND: POST /session/1c509b1daf78d5bd7fa30d63e65e61da/element - {"using":"xpath","value":"//span[contains(@id ,\"title\")][contains(text(), \"WebdriverPartnerqi7a8\")]"}
COMMAND: POST /session/1c509b1daf78d5bd7fa30d63e65e61da/element - {"using":"xpath","value":"//span[contains(@id ,\"application-addressmanagement-display-component---detailAdm--addressDetailDetailsName1\")][contains(text(), \"WebdriverSitetb01h\")]"}
RESULT: {"using":"xpath","value":"//span[contains(@id ,\"title\")][contains(text(), \"WebdriverPartnerqi7a8\")]"}
RESULT: {"using":"xpath","value":"//span[contains(@id ,\"application-addressmanagement-display-component---detailAdm--addressDetailDetailsName1\")][contains(text(), \"WebdriverSitetb01h\")]"}
COMMAND: POST /session/1c509b1daf78d5bd7fa30d63e65e61da/element - {"using":"xpath","value":"//span[contains(@id ,\"title\")][contains(text(), \"WebdriverPartnerqi7a8\")]"}
RESULT: {"using":"xpath","value":"//span[contains(@id ,\"title\")][contains(text(), \"WebdriverPartnerqi7a8\")]"}
COMMAND: POST /session/1c509b1daf78d5bd7fa30d63e65e61da/element - {"using":"xpath","value":"//span[contains(@id ,\"application-addressmanagement-display-component---detailAdm--addressDetailDetailsName1\")][contains(text(), \"WebdriverSitetb01h\")]"}
RESULT: {"using":"xpath","value":"//span[contains(@id ,\"application-addressmanagement-display-component---detailAdm--addressDetailDetailsName1\")][contains(text(), \"WebdriverSitetb01h\")]"}
COMMAND: POST /session/1c509b1daf78d5bd7fa30d63e65e61da/element - {"using":"xpath","value":"//span[contains(@id ,\"title\")][contains(text(), \"WebdriverPartnerqi7a8\")]"}
RESULT: {"using":"xpath","value":"//span[contains(@id ,\"title\")][contains(text(), \"WebdriverPartnerqi7a8\")]"}
COMMAND: POST /session/1c509b1daf78d5bd7fa30d63e65e61da/element - {"using":"xpath","value":"//span[contains(@id ,\"application-addressmanagement-display-component---detailAdm--addressDetailDetailsName1\")][contains(text(), \"WebdriverSitetb01h\")]"}
RESULT: {"using":"xpath","value":"//span[contains(@id ,\"application-addressmanagement-display-component---detailAdm--addressDetailDetailsName1\")][contains(text(), \"WebdriverSitetb01h\")]"}
COMMAND: POST /session/1c509b1daf78d5bd7fa30d63e65e61da/element - {"using":"xpath","value":"//span[contains(@id ,\"title\")][contains(text(), \"WebdriverPartnerqi7a8\")]"}
RESULT: {"using":"xpath","value":"//span[contains(@id ,\"title\")][contains(text(), \"WebdriverPartnerqi7a8\")]"}
COMMAND: POST /session/1c509b1daf78d5bd7fa30d63e65e61da/element - {"using":"xpath","value":"//span[contains(@id ,\"application-addressmanagement-display-component---detailAdm--addressDetailDetailsName1\")][contains(text(), \"WebdriverSitetb01h\")]"}
RESULT: {"using":"xpath","value":"//span[contains(@id ,\"application-addressmanagement-display-component---detailAdm--addressDetailDetailsName1\")][contains(text(), \"WebdriverSitetb01h\")]"}
COMMAND: POST /session/1c509b1daf78d5bd7fa30d63e65e61da/execute/sync - {"script":"<script> [8489 bytes]","args":[{"element-6066-11e4-a52e-4f735466cecf":"f.5F4D13A366F511D63C807E683D9EB3B8.d.C015F803BD6B2D5905A25FB0FA3D3D01.e.6153","ELEMENT":"f.5F4D13A366F511D63C807E683D9EB3B8.d.C015F803BD6B2D5905A25FB0FA3D3D01.e.6153"}]}
COMMAND: POST /session/1c509b1daf78d5bd7fa30d63e65e61da/element - {"using":"xpath","value":"//*[contains(@data-kt ,\"webshopDetailCustomerLink\")]"}
RESULT: {"using":"xpath","value":"//*[contains(@data-kt ,\"webshopDetailCustomerLink\")]"}
COMMAND: POST /session/1c509b1daf78d5bd7fa30d63e65e61da/execute/sync - {"script":"<script> [8489 bytes]","args":[{"element-6066-11e4-a52e-4f735466cecf":"f.5F4D13A366F511D63C807E683D9EB3B8.d.C015F803BD6B2D5905A25FB0FA3D3D01.e.6564","ELEMENT":"f.5F4D13A366F511D63C807E683D9EB3B8.d.C015F803BD6B2D5905A25FB0FA3D3D01.e.6564"}]}
RESULT: {"script":"<script> [8489 bytes]","args":[{"element-6066-11e4-a52e-4f735466cecf":"f.5F4D13A366F511D63C807E683D9EB3B8.d.C015F803BD6B2D5905A25FB0FA3D3D01.e.6564","ELEMENT":"f.5F4D13A366F511D63C807E683D9EB3B8.d.C015F803BD6B2D5905A25FB0FA3D3D01.e.6564"}]}
COMMAND: POST /session/1c509b1daf78d5bd7fa30d63e65e61da/execute/sync - {"script":"<script> [5351 bytes]","args":[{"element-6066-11e4-a52e-4f735466cecf":"f.5F4D13A366F511D63C807E683D9EB3B8.d.C015F803BD6B2D5905A25FB0FA3D3D01.e.6564","ELEMENT":"f.5F4D13A366F511D63C807E683D9EB3B8.d.C015F803BD6B2D5905A25FB0FA3D3D01.e.6564"}]}
COMMAND: GET /session/1c509b1daf78d5bd7fa30d63e65e61da/screenshot - {}
RESULT: {"script":"<script> [5351 bytes]","args":[{"element-6066-11e4-a52e-4f735466cecf":"f.5F4D13A366F511D63C807E683D9EB3B8.d.C015F803BD6B2D5905A25FB0FA3D3D01.e.6564","ELEMENT":"f.5F4D13A366F511D63C807E683D9EB3B8.d.C015F803BD6B2D5905A25FB0FA3D3D01.e.6564"}]}
COMMAND: POST /session/1c509b1daf78d5bd7fa30d63e65e61da/element - {"using":"xpath","value":"//*[contains(@data-kt ,\"webshopDetailCustomerLink\")]"}
COMMAND: GET /session/1c509b1daf78d5bd7fa30d63e65e61da/screenshot - {}
COMMAND: POST /session/1c509b1daf78d5bd7fa30d63e65e61da/element - {"using":"xpath","value":"//span[contains(@id ,\"title\")][contains(text(), \"WebdriverPartnerqi7a8\")]"}
RESULT: {}
RESULT: {"using":"xpath","value":"//*[contains(@data-kt ,\"webshopDetailCustomerLink\")]"}
COMMAND: POST /session/1c509b1daf78d5bd7fa30d63e65e61da/element/f.5F4D13A366F511D63C807E683D9EB3B8.d.C015F803BD6B2D5905A25FB0FA3D3D01.e.6564/click - {}
COMMAND: POST /session/1c509b1daf78d5bd7fa30d63e65e61da/element - {"using":"xpath","value":"//span[contains(@id ,\"application-addressmanagement-display-component---detailAdm--addressDetailDetailsName1\")][contains(text(), \"WebdriverSitetb01h\")]"}
RESULT: {}
RESULT: {"using":"xpath","value":"//span[contains(@id ,\"title\")][contains(text(), \"WebdriverPartnerqi7a8\")]"}
RESULT: {}
COMMAND: GET /session/1c509b1daf78d5bd7fa30d63e65e61da/screenshot - {}
RESULT: {"using":"xpath","value":"//span[contains(@id ,\"application-addressmanagement-display-component---detailAdm--addressDetailDetailsName1\")][contains(text(), \"WebdriverSitetb01h\")]"}
RESULT: {}
COMMAND: POST /session/1c509b1daf78d5bd7fa30d63e65e61da/element - {"using":"xpath","value":"//span[contains(@id ,\"title\")][contains(text(), \"WebdriverPartnerqi7a8\")]"}
RESULT: {"using":"xpath","value":"//span[contains(@id ,\"title\")][contains(text(), \"WebdriverPartnerqi7a8\")]"}
COMMAND: POST /session/1c509b1daf78d5bd7fa30d63e65e61da/execute/sync - {"script":"<script> [8489 bytes]","args":[{"element-6066-11e4-a52e-4f735466cecf":"f.5F4D13A366F511D63C807E683D9EB3B8.d.C015F803BD6B2D5905A25FB0FA3D3D01.e.6567","ELEMENT":"f.5F4D13A366F511D63C807E683D9EB3B8.d.C015F803BD6B2D5905A25FB0FA3D3D01.e.6567"}]}
RESULT: {"script":"<script> [8489 bytes]","args":[{"element-6066-11e4-a52e-4f735466cecf":"f.5F4D13A366F511D63C807E683D9EB3B8.d.C015F803BD6B2D5905A25FB0FA3D3D01.e.6567","ELEMENT":"f.5F4D13A366F511D63C807E683D9EB3B8.d.C015F803BD6B2D5905A25FB0FA3D3D01.e.6567"}]}
COMMAND: GET /session/1c509b1daf78d5bd7fa30d63e65e61da/screenshot - {}
COMMAND: POST /session/1c509b1daf78d5bd7fa30d63e65e61da/element - {"using":"xpath","value":"//span[contains(@id ,\"application-addressmanagement-display-component---detailAdm--addressDetailDetailsName1\")][contains(text(), \"WebdriverSitetb01h\")]"}
RESULT: {}
RESULT: {"using":"xpath","value":"//span[contains(@id ,\"application-addressmanagement-display-component---detailAdm--addressDetailDetailsName1\")][contains(text(), \"WebdriverSitetb01h\")]"}
COMMAND: POST /session/1c509b1daf78d5bd7fa30d63e65e61da/element - {"using":"xpath","value":"//span[contains(@id ,\"application-addressmanagement-display-component---detailAdm--addressDetailDetailsName1\")][contains(text(), \"WebdriverSitetb01h\")]"}
RESULT: {"using":"xpath","value":"//span[contains(@id ,\"application-addressmanagement-display-component---detailAdm--addressDetailDetailsName1\")][contains(text(), \"WebdriverSitetb01h\")]"}
COMMAND: POST /session/1c509b1daf78d5bd7fa30d63e65e61da/element - {"using":"xpath","value":"//span[contains(@id ,\"application-addressmanagement-display-component---detailAdm--addressDetailDetailsName1\")][contains(text(), \"WebdriverSitetb01h\")]"}
RESULT: {"using":"xpath","value":"//span[contains(@id ,\"application-addressmanagement-display-component---detailAdm--addressDetailDetailsName1\")][contains(text(), \"WebdriverSitetb01h\")]"}
COMMAND: POST /session/1c509b1daf78d5bd7fa30d63e65e61da/element - {"using":"xpath","value":"//button[contains(@data-kt ,\"ContextMenuExternalId2Link\")]"}
RESULT: {"using":"xpath","value":"//button[contains(@data-kt ,\"ContextMenuExternalId2Link\")]"}
COMMAND: POST /session/1c509b1daf78d5bd7fa30d63e65e61da/element/f.5F4D13A366F511D63C807E683D9EB3B8.d.C015F803BD6B2D5905A25FB0FA3D3D01.e.6566/click - {}
COMMAND: POST /session/1c509b1daf78d5bd7fa30d63e65e61da/element - {"using":"xpath","value":"//span[contains(@id ,\"application-addressmanagement-display-component---detailAdm--addressDetailDetailsName1\")][contains(text(), \"WebdriverSitetb01h\")]"}
RESULT: {}
COMMAND: GET /session/1c509b1daf78d5bd7fa30d63e65e61da/screenshot - {}
RESULT: {"using":"xpath","value":"//span[contains(@id ,\"application-addressmanagement-display-component---detailAdm--addressDetailDetailsName1\")][contains(text(), \"WebdriverSitetb01h\")]"}
COMMAND: POST /session/1c509b1daf78d5bd7fa30d63e65e61da/element - {"using":"xpath","value":"//span[contains(@id ,\"application-addressmanagement-display-component---detailAdm--addressDetailDetailsName1\")][contains(text(), \"WebdriverSitetb01h\")]"}
RESULT: {}
RESULT: {"using":"xpath","value":"//span[contains(@id ,\"application-addressmanagement-display-component---detailAdm--addressDetailDetailsName1\")][contains(text(), \"WebdriverSitetb01h\")]"}
COMMAND: POST /session/1c509b1daf78d5bd7fa30d63e65e61da/element - {"using":"xpath","value":"//span[contains(@id ,\"application-addressmanagement-display-component---detailAdm--addressDetailDetailsName1\")][contains(text(), \"WebdriverSitetb01h\")]"}
RESULT: {"using":"xpath","value":"//span[contains(@id ,\"application-addressmanagement-display-component---detailAdm--addressDetailDetailsName1\")][contains(text(), \"WebdriverSitetb01h\")]"}
COMMAND: POST /session/1c509b1daf78d5bd7fa30d63e65e61da/element - {"using":"xpath","value":"//span[contains(@id ,\"application-addressmanagement-display-component---detailAdm--addressDetailDetailsName1\")][contains(text(), \"WebdriverSitetb01h\")]"}
RESULT: {"using":"xpath","value":"//span[contains(@id ,\"application-addressmanagement-display-component---detailAdm--addressDetailDetailsName1\")][contains(text(), \"WebdriverSitetb01h\")]"}
COMMAND: POST /session/1c509b1daf78d5bd7fa30d63e65e61da/element - {"using":"xpath","value":"//span[contains(@id ,\"application-addressmanagement-display-component---detailAdm--addressDetailDetailsName1\")][contains(text(), \"WebdriverSitetb01h\")]"}
RESULT: {"using":"xpath","value":"//span[contains(@id ,\"application-addressmanagement-display-component---detailAdm--addressDetailDetailsName1\")][contains(text(), \"WebdriverSitetb01h\")]"}
COMMAND: POST /session/1c509b1daf78d5bd7fa30d63e65e61da/element - {"using":"xpath","value":"//span[contains(@id ,\"application-addressmanagement-display-component---detailAdm--addressDetailDetailsName1\")][contains(text(), \"WebdriverSitetb01h\")]"}
RESULT: {"using":"xpath","value":"//span[contains(@id ,\"application-addressmanagement-display-component---detailAdm--addressDetailDetailsName1\")][contains(text(), \"WebdriverSitetb01h\")]"}
COMMAND: POST /session/1c509b1daf78d5bd7fa30d63e65e61da/element - {"using":"xpath","value":"//span[contains(@id ,\"application-addressmanagement-display-component---detailAdm--addressDetailDetailsName1\")][contains(text(), \"WebdriverSitetb01h\")]"}
RESULT: {"using":"xpath","value":"//span[contains(@id ,\"application-addressmanagement-display-component---detailAdm--addressDetailDetailsName1\")][contains(text(), \"WebdriverSitetb01h\")]"}
COMMAND: POST /session/1c509b1daf78d5bd7fa30d63e65e61da/element - {"using":"xpath","value":"//span[contains(@id ,\"application-addressmanagement-display-component---detailAdm--addressDetailDetailsName1\")][contains(text(), \"WebdriverSitetb01h\")]"}
RESULT: {"using":"xpath","value":"//span[contains(@id ,\"application-addressmanagement-display-component---detailAdm--addressDetailDetailsName1\")][contains(text(), \"WebdriverSitetb01h\")]"}
COMMAND: POST /session/1c509b1daf78d5bd7fa30d63e65e61da/element - {"using":"xpath","value":"//span[contains(@id ,\"application-addressmanagement-display-component---detailAdm--addressDetailDetailsName1\")][contains(text(), \"WebdriverSitetb01h\")]"}
RESULT: {"using":"xpath","value":"//span[contains(@id ,\"application-addressmanagement-display-component---detailAdm--addressDetailDetailsName1\")][contains(text(), \"WebdriverSitetb01h\")]"}
COMMAND: POST /session/1c509b1daf78d5bd7fa30d63e65e61da/element - {"using":"xpath","value":"//span[contains(@id ,\"application-addressmanagement-display-component---detailAdm--addressDetailDetailsName1\")][contains(text(), \"WebdriverSitetb01h\")]"}
COMMAND: GET /session/1c509b1daf78d5bd7fa30d63e65e61da/window/handles - {}
RESULT: {"using":"xpath","value":"//span[contains(@id ,\"application-addressmanagement-display-component---detailAdm--addressDetailDetailsName1\")][contains(text(), \"WebdriverSitetb01h\")]"}
RESULT: {}
COMMAND: POST /session/1c509b1daf78d5bd7fa30d63e65e61da/window - {"handle":"6E841F69751B2C4D2EAD5775B822ACA7"}
RESULT: {"handle":"6E841F69751B2C4D2EAD5775B822ACA7"}
COMMAND: GET /session/1c509b1daf78d5bd7fa30d63e65e61da/url - {}
RESULT: {}
COMMAND: GET /session/1c509b1daf78d5bd7fa30d63e65e61da/screenshot - {}
RESULT: {}
COMMAND: POST /session/1c509b1daf78d5bd7fa30d63e65e61da/execute/sync - {"script":"<script> [8489 bytes]","args":[{"element-6066-11e4-a52e-4f735466cecf":"f.5F4D13A366F511D63C807E683D9EB3B8.d.C015F803BD6B2D5905A25FB0FA3D3D01.e.6567","ELEMENT":"f.5F4D13A366F511D63C807E683D9EB3B8.d.C015F803BD6B2D5905A25FB0FA3D3D01.e.6567"}]}
COMMAND: DELETE /session/1c509b1daf78d5bd7fa30d63e65e61da/window - {}
RESULT: {}
COMMAND: POST /session/1c509b1daf78d5bd7fa30d63e65e61da/window - {"handle":"5F4D13A366F511D63C807E683D9EB3B8"}
RESULT: {"handle":"5F4D13A366F511D63C807E683D9EB3B8"}
COMMAND: GET /session/1c509b1daf78d5bd7fa30d63e65e61da/url - {}
RESULT: {"script":"<script> [8489 bytes]","args":[{"element-6066-11e4-a52e-4f735466cecf":"f.5F4D13A366F511D63C807E683D9EB3B8.d.C015F803BD6B2D5905A25FB0FA3D3D01.e.6567","ELEMENT":"f.5F4D13A366F511D63C807E683D9EB3B8.d.C015F803BD6B2D5905A25FB0FA3D3D01.e.6567"}]}
COMMAND: GET /session/1c509b1daf78d5bd7fa30d63e65e61da/screenshot - {}
RESULT: {}
COMMAND: GET /session/1c509b1daf78d5bd7fa30d63e65e61da/screenshot - {}
RESULT: {}
RESULT: {}
]]></system-out>
    </testcase>
    <testcase classname="chrome.136_0_7103_49.windows.Webshop_-_Hyperlinks_visible_and_working_properly__US139085" name="Should verify the contract and catalog item hyperlinks" time="88.685">
      <system-out><![CDATA[
COMMAND: POST /session/1c509b1daf78d5bd7fa30d63e65e61da/element - {"using":"xpath","value":"//*[contains(@data-kt ,\"webshopDetailContractLink\")]"}
RESULT: {"using":"xpath","value":"//*[contains(@data-kt ,\"webshopDetailContractLink\")]"}
COMMAND: POST /session/1c509b1daf78d5bd7fa30d63e65e61da/execute/sync - {"script":"<script> [8489 bytes]","args":[{"element-6066-11e4-a52e-4f735466cecf":"f.5F4D13A366F511D63C807E683D9EB3B8.d.C015F803BD6B2D5905A25FB0FA3D3D01.e.6780","ELEMENT":"f.5F4D13A366F511D63C807E683D9EB3B8.d.C015F803BD6B2D5905A25FB0FA3D3D01.e.6780"}]}
RESULT: {"script":"<script> [8489 bytes]","args":[{"element-6066-11e4-a52e-4f735466cecf":"f.5F4D13A366F511D63C807E683D9EB3B8.d.C015F803BD6B2D5905A25FB0FA3D3D01.e.6780","ELEMENT":"f.5F4D13A366F511D63C807E683D9EB3B8.d.C015F803BD6B2D5905A25FB0FA3D3D01.e.6780"}]}
COMMAND: POST /session/1c509b1daf78d5bd7fa30d63e65e61da/execute/sync - {"script":"<script> [5351 bytes]","args":[{"element-6066-11e4-a52e-4f735466cecf":"f.5F4D13A366F511D63C807E683D9EB3B8.d.C015F803BD6B2D5905A25FB0FA3D3D01.e.6780","ELEMENT":"f.5F4D13A366F511D63C807E683D9EB3B8.d.C015F803BD6B2D5905A25FB0FA3D3D01.e.6780"}]}
COMMAND: GET /session/1c509b1daf78d5bd7fa30d63e65e61da/screenshot - {}
RESULT: {"script":"<script> [5351 bytes]","args":[{"element-6066-11e4-a52e-4f735466cecf":"f.5F4D13A366F511D63C807E683D9EB3B8.d.C015F803BD6B2D5905A25FB0FA3D3D01.e.6780","ELEMENT":"f.5F4D13A366F511D63C807E683D9EB3B8.d.C015F803BD6B2D5905A25FB0FA3D3D01.e.6780"}]}
COMMAND: POST /session/1c509b1daf78d5bd7fa30d63e65e61da/element - {"using":"xpath","value":"//*[contains(@data-kt ,\"webshopDetailContractLink\")]"}
COMMAND: GET /session/1c509b1daf78d5bd7fa30d63e65e61da/screenshot - {}
RESULT: {}
RESULT: {"using":"xpath","value":"//*[contains(@data-kt ,\"webshopDetailContractLink\")]"}
COMMAND: POST /session/1c509b1daf78d5bd7fa30d63e65e61da/element/f.5F4D13A366F511D63C807E683D9EB3B8.d.C015F803BD6B2D5905A25FB0FA3D3D01.e.6780/click - {}
RESULT: {}
RESULT: {}
COMMAND: GET /session/1c509b1daf78d5bd7fa30d63e65e61da/screenshot - {}
RESULT: {}
COMMAND: POST /session/1c509b1daf78d5bd7fa30d63e65e61da/element - {"using":"xpath","value":"//*[contains(@data-kt ,\"ContextMenuId2Link\")][contains(text(), \"Contract Overview\")]"}
RESULT: {"using":"xpath","value":"//*[contains(@data-kt ,\"ContextMenuId2Link\")][contains(text(), \"Contract Overview\")]"}
COMMAND: POST /session/1c509b1daf78d5bd7fa30d63e65e61da/execute/sync - {"script":"<script> [8489 bytes]","args":[{"element-6066-11e4-a52e-4f735466cecf":"f.5F4D13A366F511D63C807E683D9EB3B8.d.C015F803BD6B2D5905A25FB0FA3D3D01.e.6782","ELEMENT":"f.5F4D13A366F511D63C807E683D9EB3B8.d.C015F803BD6B2D5905A25FB0FA3D3D01.e.6782"}]}
COMMAND: POST /session/1c509b1daf78d5bd7fa30d63e65e61da/element - {"using":"xpath","value":"//*[contains(@data-kt ,\"ContextMenuId2Link\")][contains(text(), \"Contract Overview\")]"}
RESULT: {"script":"<script> [8489 bytes]","args":[{"element-6066-11e4-a52e-4f735466cecf":"f.5F4D13A366F511D63C807E683D9EB3B8.d.C015F803BD6B2D5905A25FB0FA3D3D01.e.6782","ELEMENT":"f.5F4D13A366F511D63C807E683D9EB3B8.d.C015F803BD6B2D5905A25FB0FA3D3D01.e.6782"}]}
COMMAND: GET /session/1c509b1daf78d5bd7fa30d63e65e61da/screenshot - {}
RESULT: {"using":"xpath","value":"//*[contains(@data-kt ,\"ContextMenuId2Link\")][contains(text(), \"Contract Overview\")]"}
COMMAND: POST /session/1c509b1daf78d5bd7fa30d63e65e61da/element/f.5F4D13A366F511D63C807E683D9EB3B8.d.C015F803BD6B2D5905A25FB0FA3D3D01.e.6782/click - {}
RESULT: {}
RESULT: {}
COMMAND: GET /session/1c509b1daf78d5bd7fa30d63e65e61da/screenshot - {}
RESULT: {}
RESULT: undefined
COMMAND: POST /session/1c509b1daf78d5bd7fa30d63e65e61da/execute/async - {"script":"<script> [6424 bytes]","args":[{"element-6066-11e4-a52e-4f735466cecf":"f.5F4D13A366F511D63C807E683D9EB3B8.d.C015F803BD6B2D5905A25FB0FA3D3D01.e.3041"},"getTitle",[]]}
COMMAND: POST /session/1c509b1daf78d5bd7fa30d63e65e61da/execute/async - {"script":"<script> [1562 bytes]","args":[{"selector":{"id":"shellAppTitle"},"wdio_ui5_key":"shellAppTitle"}]}
RESULT: {"script":"<script> [1562 bytes]","args":[{"selector":{"id":"shellAppTitle"},"wdio_ui5_key":"shellAppTitle"}]}
COMMAND: POST /session/1c509b1daf78d5bd7fa30d63e65e61da/execute/async - {"script":"<script> [6424 bytes]","args":[{"element-6066-11e4-a52e-4f735466cecf":"f.5F4D13A366F511D63C807E683D9EB3B8.d.C015F803BD6B2D5905A25FB0FA3D3D01.e.7017"},"getTitle",[]]}
RESULT: {"script":"<script> [6424 bytes]","args":[{"element-6066-11e4-a52e-4f735466cecf":"f.5F4D13A366F511D63C807E683D9EB3B8.d.C015F803BD6B2D5905A25FB0FA3D3D01.e.7017"},"getTitle",[]]}
COMMAND: POST /session/1c509b1daf78d5bd7fa30d63e65e61da/element - {"using":"xpath","value":"//span[contains(@id ,\"contractDetailTitleNoExpanded\")][contains(text(), \"10135\")]"}
RESULT: {"using":"xpath","value":"//span[contains(@id ,\"contractDetailTitleNoExpanded\")][contains(text(), \"10135\")]"}
COMMAND: POST /session/1c509b1daf78d5bd7fa30d63e65e61da/execute/sync - {"script":"<script> [8489 bytes]","args":[{"element-6066-11e4-a52e-4f735466cecf":"f.5F4D13A366F511D63C807E683D9EB3B8.d.C015F803BD6B2D5905A25FB0FA3D3D01.e.7018","ELEMENT":"f.5F4D13A366F511D63C807E683D9EB3B8.d.C015F803BD6B2D5905A25FB0FA3D3D01.e.7018"}]}
RESULT: undefined
COMMAND: POST /session/1c509b1daf78d5bd7fa30d63e65e61da/element - {"using":"xpath","value":"//*[@id=\"backBtn\"]"}
RESULT: {"script":"<script> [8489 bytes]","args":[{"element-6066-11e4-a52e-4f735466cecf":"f.5F4D13A366F511D63C807E683D9EB3B8.d.C015F803BD6B2D5905A25FB0FA3D3D01.e.7018","ELEMENT":"f.5F4D13A366F511D63C807E683D9EB3B8.d.C015F803BD6B2D5905A25FB0FA3D3D01.e.7018"}]}
COMMAND: GET /session/1c509b1daf78d5bd7fa30d63e65e61da/screenshot - {}
RESULT: {"using":"xpath","value":"//*[@id=\"backBtn\"]"}
COMMAND: POST /session/1c509b1daf78d5bd7fa30d63e65e61da/element/f.5F4D13A366F511D63C807E683D9EB3B8.d.C015F803BD6B2D5905A25FB0FA3D3D01.e.3043/click - {}
RESULT: {}
RESULT: {}
COMMAND: GET /session/1c509b1daf78d5bd7fa30d63e65e61da/screenshot - {}
RESULT: {}
COMMAND: POST /session/1c509b1daf78d5bd7fa30d63e65e61da/execute/sync - {"script":"<script> [8489 bytes]","args":[{"element-6066-11e4-a52e-4f735466cecf":"f.5F4D13A366F511D63C807E683D9EB3B8.d.C015F803BD6B2D5905A25FB0FA3D3D01.e.6780","ELEMENT":"f.5F4D13A366F511D63C807E683D9EB3B8.d.C015F803BD6B2D5905A25FB0FA3D3D01.e.6780"}]}
COMMAND: POST /session/1c509b1daf78d5bd7fa30d63e65e61da/element - {"using":"xpath","value":"//*[contains(@data-kt ,\"webshopDetailContractLink\")]"}
RESULT: {"using":"xpath","value":"//*[contains(@data-kt ,\"webshopDetailContractLink\")]"}
COMMAND: POST /session/1c509b1daf78d5bd7fa30d63e65e61da/execute/sync - {"script":"<script> [8489 bytes]","args":[{"element-6066-11e4-a52e-4f735466cecf":"f.5F4D13A366F511D63C807E683D9EB3B8.d.C015F803BD6B2D5905A25FB0FA3D3D01.e.7219","ELEMENT":"f.5F4D13A366F511D63C807E683D9EB3B8.d.C015F803BD6B2D5905A25FB0FA3D3D01.e.7219"}]}
RESULT: {"script":"<script> [8489 bytes]","args":[{"element-6066-11e4-a52e-4f735466cecf":"f.5F4D13A366F511D63C807E683D9EB3B8.d.C015F803BD6B2D5905A25FB0FA3D3D01.e.7219","ELEMENT":"f.5F4D13A366F511D63C807E683D9EB3B8.d.C015F803BD6B2D5905A25FB0FA3D3D01.e.7219"}]}
COMMAND: POST /session/1c509b1daf78d5bd7fa30d63e65e61da/execute/sync - {"script":"<script> [5351 bytes]","args":[{"element-6066-11e4-a52e-4f735466cecf":"f.5F4D13A366F511D63C807E683D9EB3B8.d.C015F803BD6B2D5905A25FB0FA3D3D01.e.7219","ELEMENT":"f.5F4D13A366F511D63C807E683D9EB3B8.d.C015F803BD6B2D5905A25FB0FA3D3D01.e.7219"}]}
COMMAND: GET /session/1c509b1daf78d5bd7fa30d63e65e61da/screenshot - {}
RESULT: {"script":"<script> [5351 bytes]","args":[{"element-6066-11e4-a52e-4f735466cecf":"f.5F4D13A366F511D63C807E683D9EB3B8.d.C015F803BD6B2D5905A25FB0FA3D3D01.e.7219","ELEMENT":"f.5F4D13A366F511D63C807E683D9EB3B8.d.C015F803BD6B2D5905A25FB0FA3D3D01.e.7219"}]}
COMMAND: POST /session/1c509b1daf78d5bd7fa30d63e65e61da/element - {"using":"xpath","value":"//*[contains(@data-kt ,\"webshopDetailContractLink\")]"}
COMMAND: GET /session/1c509b1daf78d5bd7fa30d63e65e61da/screenshot - {}
RESULT: {}
RESULT: {"using":"xpath","value":"//*[contains(@data-kt ,\"webshopDetailContractLink\")]"}
COMMAND: POST /session/1c509b1daf78d5bd7fa30d63e65e61da/element/f.5F4D13A366F511D63C807E683D9EB3B8.d.C015F803BD6B2D5905A25FB0FA3D3D01.e.7219/click - {}
RESULT: {}
RESULT: {}
COMMAND: GET /session/1c509b1daf78d5bd7fa30d63e65e61da/screenshot - {}
RESULT: {}
COMMAND: POST /session/1c509b1daf78d5bd7fa30d63e65e61da/element - {"using":"xpath","value":"//button[contains(@data-kt ,\"ContextMenuExternalId2Link\")]"}
RESULT: {"using":"xpath","value":"//button[contains(@data-kt ,\"ContextMenuExternalId2Link\")]"}
COMMAND: POST /session/1c509b1daf78d5bd7fa30d63e65e61da/element/f.5F4D13A366F511D63C807E683D9EB3B8.d.C015F803BD6B2D5905A25FB0FA3D3D01.e.7220/click - {}
RESULT: {}
COMMAND: GET /session/1c509b1daf78d5bd7fa30d63e65e61da/screenshot - {}
RESULT: {}
COMMAND: GET /session/1c509b1daf78d5bd7fa30d63e65e61da/window/handles - {}
RESULT: {}
COMMAND: POST /session/1c509b1daf78d5bd7fa30d63e65e61da/window - {"handle":"36F753E0FBD093B2FCB49850E3248E6D"}
RESULT: {"handle":"36F753E0FBD093B2FCB49850E3248E6D"}
COMMAND: GET /session/1c509b1daf78d5bd7fa30d63e65e61da/url - {}
RESULT: {}
COMMAND: GET /session/1c509b1daf78d5bd7fa30d63e65e61da/screenshot - {}
RESULT: {}
COMMAND: POST /session/1c509b1daf78d5bd7fa30d63e65e61da/execute/sync - {"script":"<script> [8489 bytes]","args":[{"element-6066-11e4-a52e-4f735466cecf":"f.5F4D13A366F511D63C807E683D9EB3B8.d.C015F803BD6B2D5905A25FB0FA3D3D01.e.7018","ELEMENT":"f.5F4D13A366F511D63C807E683D9EB3B8.d.C015F803BD6B2D5905A25FB0FA3D3D01.e.7018"}]}
COMMAND: DELETE /session/1c509b1daf78d5bd7fa30d63e65e61da/window - {}
RESULT: {"script":"<script> [8489 bytes]","args":[{"element-6066-11e4-a52e-4f735466cecf":"f.5F4D13A366F511D63C807E683D9EB3B8.d.C015F803BD6B2D5905A25FB0FA3D3D01.e.7018","ELEMENT":"f.5F4D13A366F511D63C807E683D9EB3B8.d.C015F803BD6B2D5905A25FB0FA3D3D01.e.7018"}]}
COMMAND: GET /session/1c509b1daf78d5bd7fa30d63e65e61da/screenshot - {}
RESULT: {}
COMMAND: POST /session/1c509b1daf78d5bd7fa30d63e65e61da/window - {"handle":"5F4D13A366F511D63C807E683D9EB3B8"}
RESULT: {"handle":"5F4D13A366F511D63C807E683D9EB3B8"}
COMMAND: GET /session/1c509b1daf78d5bd7fa30d63e65e61da/url - {}
COMMAND: POST /session/1c509b1daf78d5bd7fa30d63e65e61da/execute/sync - {"script":"<script> [8489 bytes]","args":[{"element-6066-11e4-a52e-4f735466cecf":"f.5F4D13A366F511D63C807E683D9EB3B8.d.C015F803BD6B2D5905A25FB0FA3D3D01.e.7018","ELEMENT":"f.5F4D13A366F511D63C807E683D9EB3B8.d.C015F803BD6B2D5905A25FB0FA3D3D01.e.7018"}]}
RESULT: {}
RESULT: {}
COMMAND: POST /session/1c509b1daf78d5bd7fa30d63e65e61da/element - {"using":"xpath","value":"//span[contains(@id ,\"contractDetailTitleNoExpanded\")][contains(text(), \"10135\")]"}
COMMAND: GET /session/1c509b1daf78d5bd7fa30d63e65e61da/screenshot - {}
RESULT: {"using":"xpath","value":"//span[contains(@id ,\"contractDetailTitleNoExpanded\")][contains(text(), \"10135\")]"}
COMMAND: POST /session/1c509b1daf78d5bd7fa30d63e65e61da/element - {"using":"xpath","value":"//span[contains(@id ,\"contractDetailTitleNoExpanded\")][contains(text(), \"10135\")]"}
RESULT: {}
RESULT: {"using":"xpath","value":"//span[contains(@id ,\"contractDetailTitleNoExpanded\")][contains(text(), \"10135\")]"}
COMMAND: POST /session/1c509b1daf78d5bd7fa30d63e65e61da/element - {"using":"xpath","value":"//span[contains(@id ,\"contractDetailTitleNoExpanded\")][contains(text(), \"10135\")]"}
RESULT: {"using":"xpath","value":"//span[contains(@id ,\"contractDetailTitleNoExpanded\")][contains(text(), \"10135\")]"}
COMMAND: POST /session/1c509b1daf78d5bd7fa30d63e65e61da/element - {"using":"xpath","value":"//span[contains(@id ,\"contractDetailTitleNoExpanded\")][contains(text(), \"10135\")]"}
RESULT: {"using":"xpath","value":"//span[contains(@id ,\"contractDetailTitleNoExpanded\")][contains(text(), \"10135\")]"}
COMMAND: POST /session/1c509b1daf78d5bd7fa30d63e65e61da/element - {"using":"xpath","value":"//span[contains(@id ,\"contractDetailTitleNoExpanded\")][contains(text(), \"10135\")]"}
RESULT: {"using":"xpath","value":"//span[contains(@id ,\"contractDetailTitleNoExpanded\")][contains(text(), \"10135\")]"}
COMMAND: POST /session/1c509b1daf78d5bd7fa30d63e65e61da/element - {"using":"xpath","value":"//span[contains(@id ,\"contractDetailTitleNoExpanded\")][contains(text(), \"10135\")]"}
RESULT: {"using":"xpath","value":"//span[contains(@id ,\"contractDetailTitleNoExpanded\")][contains(text(), \"10135\")]"}
COMMAND: POST /session/1c509b1daf78d5bd7fa30d63e65e61da/element - {"using":"xpath","value":"//span[contains(@id ,\"contractDetailTitleNoExpanded\")][contains(text(), \"10135\")]"}
RESULT: {"using":"xpath","value":"//span[contains(@id ,\"contractDetailTitleNoExpanded\")][contains(text(), \"10135\")]"}
COMMAND: POST /session/1c509b1daf78d5bd7fa30d63e65e61da/element - {"using":"xpath","value":"//span[contains(@id ,\"contractDetailTitleNoExpanded\")][contains(text(), \"10135\")]"}
RESULT: {"using":"xpath","value":"//span[contains(@id ,\"contractDetailTitleNoExpanded\")][contains(text(), \"10135\")]"}
COMMAND: POST /session/1c509b1daf78d5bd7fa30d63e65e61da/element - {"using":"xpath","value":"//span[contains(@id ,\"contractDetailTitleNoExpanded\")][contains(text(), \"10135\")]"}
RESULT: {"using":"xpath","value":"//span[contains(@id ,\"contractDetailTitleNoExpanded\")][contains(text(), \"10135\")]"}
COMMAND: POST /session/1c509b1daf78d5bd7fa30d63e65e61da/element - {"using":"xpath","value":"//span[contains(@id ,\"contractDetailTitleNoExpanded\")][contains(text(), \"10135\")]"}
RESULT: {"using":"xpath","value":"//span[contains(@id ,\"contractDetailTitleNoExpanded\")][contains(text(), \"10135\")]"}
COMMAND: POST /session/1c509b1daf78d5bd7fa30d63e65e61da/element - {"using":"xpath","value":"//*[contains(@data-kt ,\"webshopDetailCatalogItemLink\")]"}
RESULT: {"using":"xpath","value":"//*[contains(@data-kt ,\"webshopDetailCatalogItemLink\")]"}
COMMAND: POST /session/1c509b1daf78d5bd7fa30d63e65e61da/execute/sync - {"script":"<script> [8489 bytes]","args":[{"element-6066-11e4-a52e-4f735466cecf":"f.5F4D13A366F511D63C807E683D9EB3B8.d.C015F803BD6B2D5905A25FB0FA3D3D01.e.7182","ELEMENT":"f.5F4D13A366F511D63C807E683D9EB3B8.d.C015F803BD6B2D5905A25FB0FA3D3D01.e.7182"}]}
RESULT: {"script":"<script> [8489 bytes]","args":[{"element-6066-11e4-a52e-4f735466cecf":"f.5F4D13A366F511D63C807E683D9EB3B8.d.C015F803BD6B2D5905A25FB0FA3D3D01.e.7182","ELEMENT":"f.5F4D13A366F511D63C807E683D9EB3B8.d.C015F803BD6B2D5905A25FB0FA3D3D01.e.7182"}]}
COMMAND: POST /session/1c509b1daf78d5bd7fa30d63e65e61da/execute/sync - {"script":"<script> [5351 bytes]","args":[{"element-6066-11e4-a52e-4f735466cecf":"f.5F4D13A366F511D63C807E683D9EB3B8.d.C015F803BD6B2D5905A25FB0FA3D3D01.e.7182","ELEMENT":"f.5F4D13A366F511D63C807E683D9EB3B8.d.C015F803BD6B2D5905A25FB0FA3D3D01.e.7182"}]}
COMMAND: GET /session/1c509b1daf78d5bd7fa30d63e65e61da/screenshot - {}
RESULT: {"script":"<script> [5351 bytes]","args":[{"element-6066-11e4-a52e-4f735466cecf":"f.5F4D13A366F511D63C807E683D9EB3B8.d.C015F803BD6B2D5905A25FB0FA3D3D01.e.7182","ELEMENT":"f.5F4D13A366F511D63C807E683D9EB3B8.d.C015F803BD6B2D5905A25FB0FA3D3D01.e.7182"}]}
COMMAND: POST /session/1c509b1daf78d5bd7fa30d63e65e61da/element - {"using":"xpath","value":"//*[contains(@data-kt ,\"webshopDetailCatalogItemLink\")]"}
COMMAND: POST /session/1c509b1daf78d5bd7fa30d63e65e61da/element - {"using":"xpath","value":"//span[contains(@id ,\"contractDetailTitleNoExpanded\")][contains(text(), \"10135\")]"}
COMMAND: GET /session/1c509b1daf78d5bd7fa30d63e65e61da/screenshot - {}
RESULT: {}
RESULT: {"using":"xpath","value":"//*[contains(@data-kt ,\"webshopDetailCatalogItemLink\")]"}
COMMAND: POST /session/1c509b1daf78d5bd7fa30d63e65e61da/element/f.5F4D13A366F511D63C807E683D9EB3B8.d.C015F803BD6B2D5905A25FB0FA3D3D01.e.7182/click - {}
RESULT: {"using":"xpath","value":"//span[contains(@id ,\"contractDetailTitleNoExpanded\")][contains(text(), \"10135\")]"}
RESULT: {}
RESULT: {}
COMMAND: GET /session/1c509b1daf78d5bd7fa30d63e65e61da/screenshot - {}
COMMAND: POST /session/1c509b1daf78d5bd7fa30d63e65e61da/element - {"using":"xpath","value":"//span[contains(@id ,\"contractDetailTitleNoExpanded\")][contains(text(), \"10135\")]"}
RESULT: {}
RESULT: {"using":"xpath","value":"//span[contains(@id ,\"contractDetailTitleNoExpanded\")][contains(text(), \"10135\")]"}
COMMAND: POST /session/1c509b1daf78d5bd7fa30d63e65e61da/element - {"using":"xpath","value":"//span[contains(@id ,\"contractDetailTitleNoExpanded\")][contains(text(), \"10135\")]"}
RESULT: {"using":"xpath","value":"//span[contains(@id ,\"contractDetailTitleNoExpanded\")][contains(text(), \"10135\")]"}
COMMAND: POST /session/1c509b1daf78d5bd7fa30d63e65e61da/element - {"using":"xpath","value":"//span[contains(@id ,\"contractDetailTitleNoExpanded\")][contains(text(), \"10135\")]"}
RESULT: {"using":"xpath","value":"//span[contains(@id ,\"contractDetailTitleNoExpanded\")][contains(text(), \"10135\")]"}
COMMAND: POST /session/1c509b1daf78d5bd7fa30d63e65e61da/element - {"using":"xpath","value":"//span[contains(@id ,\"contractDetailTitleNoExpanded\")][contains(text(), \"10135\")]"}
RESULT: {"using":"xpath","value":"//span[contains(@id ,\"contractDetailTitleNoExpanded\")][contains(text(), \"10135\")]"}
COMMAND: POST /session/1c509b1daf78d5bd7fa30d63e65e61da/element - {"using":"xpath","value":"//span[contains(@id ,\"contractDetailTitleNoExpanded\")][contains(text(), \"10135\")]"}
RESULT: {"using":"xpath","value":"//span[contains(@id ,\"contractDetailTitleNoExpanded\")][contains(text(), \"10135\")]"}
COMMAND: POST /session/1c509b1daf78d5bd7fa30d63e65e61da/element - {"using":"xpath","value":"//span[contains(@id ,\"contractDetailTitleNoExpanded\")][contains(text(), \"10135\")]"}
RESULT: {"using":"xpath","value":"//span[contains(@id ,\"contractDetailTitleNoExpanded\")][contains(text(), \"10135\")]"}
COMMAND: POST /session/1c509b1daf78d5bd7fa30d63e65e61da/element - {"using":"xpath","value":"//span[contains(@id ,\"contractDetailTitleNoExpanded\")][contains(text(), \"10135\")]"}
RESULT: {"using":"xpath","value":"//span[contains(@id ,\"contractDetailTitleNoExpanded\")][contains(text(), \"10135\")]"}
COMMAND: POST /session/1c509b1daf78d5bd7fa30d63e65e61da/element - {"using":"xpath","value":"//span[contains(@id ,\"contractDetailTitleNoExpanded\")][contains(text(), \"10135\")]"}
RESULT: {"using":"xpath","value":"//span[contains(@id ,\"contractDetailTitleNoExpanded\")][contains(text(), \"10135\")]"}
COMMAND: POST /session/1c509b1daf78d5bd7fa30d63e65e61da/element - {"using":"xpath","value":"(//span[contains(text(), \"Dri-Prime CD150M Diesel Pump\")])[2]"}
RESULT: {"using":"xpath","value":"(//span[contains(text(), \"Dri-Prime CD150M Diesel Pump\")])[2]"}
COMMAND: POST /session/1c509b1daf78d5bd7fa30d63e65e61da/execute/sync - {"script":"<script> [8489 bytes]","args":[{"element-6066-11e4-a52e-4f735466cecf":"f.5F4D13A366F511D63C807E683D9EB3B8.d.C015F803BD6B2D5905A25FB0FA3D3D01.e.7251","ELEMENT":"f.5F4D13A366F511D63C807E683D9EB3B8.d.C015F803BD6B2D5905A25FB0FA3D3D01.e.7251"}]}
COMMAND: POST /session/1c509b1daf78d5bd7fa30d63e65e61da/element - {"using":"xpath","value":"(//span[contains(text(), \"Description\")])[1]"}
RESULT: {"script":"<script> [8489 bytes]","args":[{"element-6066-11e4-a52e-4f735466cecf":"f.5F4D13A366F511D63C807E683D9EB3B8.d.C015F803BD6B2D5905A25FB0FA3D3D01.e.7251","ELEMENT":"f.5F4D13A366F511D63C807E683D9EB3B8.d.C015F803BD6B2D5905A25FB0FA3D3D01.e.7251"}]}
RESULT: {"using":"xpath","value":"(//span[contains(text(), \"Description\")])[1]"}
COMMAND: GET /session/1c509b1daf78d5bd7fa30d63e65e61da/element/f.5F4D13A366F511D63C807E683D9EB3B8.d.C015F803BD6B2D5905A25FB0FA3D3D01.e.7252/rect - {}
COMMAND: GET /session/1c509b1daf78d5bd7fa30d63e65e61da/screenshot - {}
RESULT: {}
COMMAND: GET /session/1c509b1daf78d5bd7fa30d63e65e61da/window/rect - {}
RESULT: {}
COMMAND: POST /session/1c509b1daf78d5bd7fa30d63e65e61da/execute/sync - {"script":"<script> [92 bytes]","args":[]}
RESULT: {"script":"<script> [92 bytes]","args":[]}
COMMAND: POST /session/1c509b1daf78d5bd7fa30d63e65e61da/actions - {"actions":[{"id":"action10","type":"wheel","parameters":{},"actions":[{"type":"scroll","x":-1833,"y":-23,"deltaX":0,"deltaY":0,"duration":0,"origin":{"element-6066-11e4-a52e-4f735466cecf":"f.5F4D13A366F511D63C807E683D9EB3B8.d.C015F803BD6B2D5905A25FB0FA3D3D01.e.7252"}}]}]}
RESULT: {}
COMMAND: GET /session/1c509b1daf78d5bd7fa30d63e65e61da/screenshot - {}
COMMAND: POST /session/1c509b1daf78d5bd7fa30d63e65e61da/element - {"using":"xpath","value":"//span[contains(@id ,\"contractDetailTitleNoExpanded\")][contains(text(), \"10135\")]"}
RESULT: {}
RESULT: {"using":"xpath","value":"//span[contains(@id ,\"contractDetailTitleNoExpanded\")][contains(text(), \"10135\")]"}
COMMAND: POST /session/1c509b1daf78d5bd7fa30d63e65e61da/execute/sync - {"script":"<script> [79 bytes]","args":[{"element-6066-11e4-a52e-4f735466cecf":"f.5F4D13A366F511D63C807E683D9EB3B8.d.C015F803BD6B2D5905A25FB0FA3D3D01.e.7252","ELEMENT":"f.5F4D13A366F511D63C807E683D9EB3B8.d.C015F803BD6B2D5905A25FB0FA3D3D01.e.7252"},{"block":"start","inline":"nearest"}]}
RESULT: {"script":"<script> [79 bytes]","args":[{"element-6066-11e4-a52e-4f735466cecf":"f.5F4D13A366F511D63C807E683D9EB3B8.d.C015F803BD6B2D5905A25FB0FA3D3D01.e.7252","ELEMENT":"f.5F4D13A366F511D63C807E683D9EB3B8.d.C015F803BD6B2D5905A25FB0FA3D3D01.e.7252"},{"block":"start","inline":"nearest"}]}
COMMAND: GET /session/1c509b1daf78d5bd7fa30d63e65e61da/screenshot - {}
RESULT: {}
COMMAND: POST /session/1c509b1daf78d5bd7fa30d63e65e61da/element - {"using":"xpath","value":"//span[contains(@id ,\"contractDetailTitleNoExpanded\")][contains(text(), \"10135\")]"}
RESULT: {"using":"xpath","value":"//span[contains(@id ,\"contractDetailTitleNoExpanded\")][contains(text(), \"10135\")]"}
COMMAND: POST /session/1c509b1daf78d5bd7fa30d63e65e61da/element - {"using":"xpath","value":"//span[contains(@id ,\"contractDetailTitleNoExpanded\")][contains(text(), \"10135\")]"}
RESULT: {"using":"xpath","value":"//span[contains(@id ,\"contractDetailTitleNoExpanded\")][contains(text(), \"10135\")]"}
COMMAND: POST /session/1c509b1daf78d5bd7fa30d63e65e61da/element - {"using":"xpath","value":"//span[contains(@id ,\"contractDetailTitleNoExpanded\")][contains(text(), \"10135\")]"}
RESULT: {"using":"xpath","value":"//span[contains(@id ,\"contractDetailTitleNoExpanded\")][contains(text(), \"10135\")]"}
COMMAND: POST /session/1c509b1daf78d5bd7fa30d63e65e61da/element - {"using":"xpath","value":"//span[contains(@id ,\"contractDetailTitleNoExpanded\")][contains(text(), \"10135\")]"}
RESULT: {"using":"xpath","value":"//span[contains(@id ,\"contractDetailTitleNoExpanded\")][contains(text(), \"10135\")]"}
COMMAND: POST /session/1c509b1daf78d5bd7fa30d63e65e61da/element - {"using":"xpath","value":"//span[contains(@id ,\"contractDetailTitleNoExpanded\")][contains(text(), \"10135\")]"}
RESULT: {"using":"xpath","value":"//span[contains(@id ,\"contractDetailTitleNoExpanded\")][contains(text(), \"10135\")]"}
COMMAND: POST /session/1c509b1daf78d5bd7fa30d63e65e61da/element - {"using":"xpath","value":"(//textarea[@rows=\"15\"])[1]"}
RESULT: {"using":"xpath","value":"(//textarea[@rows=\"15\"])[1]"}
COMMAND: POST /session/1c509b1daf78d5bd7fa30d63e65e61da/execute/sync - {"script":"<script> [8489 bytes]","args":[{"element-6066-11e4-a52e-4f735466cecf":"f.5F4D13A366F511D63C807E683D9EB3B8.d.C015F803BD6B2D5905A25FB0FA3D3D01.e.7250","ELEMENT":"f.5F4D13A366F511D63C807E683D9EB3B8.d.C015F803BD6B2D5905A25FB0FA3D3D01.e.7250"}]}
RESULT: {"script":"<script> [8489 bytes]","args":[{"element-6066-11e4-a52e-4f735466cecf":"f.5F4D13A366F511D63C807E683D9EB3B8.d.C015F803BD6B2D5905A25FB0FA3D3D01.e.7250","ELEMENT":"f.5F4D13A366F511D63C807E683D9EB3B8.d.C015F803BD6B2D5905A25FB0FA3D3D01.e.7250"}]}
COMMAND: GET /session/1c509b1daf78d5bd7fa30d63e65e61da/screenshot - {}
COMMAND: POST /session/1c509b1daf78d5bd7fa30d63e65e61da/element - {"using":"xpath","value":"//span[contains(@id ,\"contractDetailTitleNoExpanded\")][contains(text(), \"10135\")]"}
RESULT: {}
RESULT: {"using":"xpath","value":"//span[contains(@id ,\"contractDetailTitleNoExpanded\")][contains(text(), \"10135\")]"}
COMMAND: POST /session/1c509b1daf78d5bd7fa30d63e65e61da/element - {"using":"xpath","value":"//span[contains(@id ,\"contractDetailTitleNoExpanded\")][contains(text(), \"10135\")]"}
RESULT: {"using":"xpath","value":"//span[contains(@id ,\"contractDetailTitleNoExpanded\")][contains(text(), \"10135\")]"}
COMMAND: POST /session/1c509b1daf78d5bd7fa30d63e65e61da/element - {"using":"xpath","value":"//span[contains(@id ,\"contractDetailTitleNoExpanded\")][contains(text(), \"10135\")]"}
RESULT: {"using":"xpath","value":"//span[contains(@id ,\"contractDetailTitleNoExpanded\")][contains(text(), \"10135\")]"}
COMMAND: POST /session/1c509b1daf78d5bd7fa30d63e65e61da/element - {"using":"xpath","value":"//span[contains(@id ,\"contractDetailTitleNoExpanded\")][contains(text(), \"10135\")]"}
RESULT: {"using":"xpath","value":"//span[contains(@id ,\"contractDetailTitleNoExpanded\")][contains(text(), \"10135\")]"}
COMMAND: POST /session/1c509b1daf78d5bd7fa30d63e65e61da/element - {"using":"xpath","value":"//span[contains(@id ,\"contractDetailTitleNoExpanded\")][contains(text(), \"10135\")]"}
RESULT: {"using":"xpath","value":"//span[contains(@id ,\"contractDetailTitleNoExpanded\")][contains(text(), \"10135\")]"}
COMMAND: POST /session/1c509b1daf78d5bd7fa30d63e65e61da/element - {"using":"xpath","value":"//span[contains(@id ,\"contractDetailTitleNoExpanded\")][contains(text(), \"10135\")]"}
RESULT: {"using":"xpath","value":"//span[contains(@id ,\"contractDetailTitleNoExpanded\")][contains(text(), \"10135\")]"}
COMMAND: POST /session/1c509b1daf78d5bd7fa30d63e65e61da/element - {"using":"xpath","value":"//span[contains(@id ,\"contractDetailTitleNoExpanded\")][contains(text(), \"10135\")]"}
RESULT: {"using":"xpath","value":"//span[contains(@id ,\"contractDetailTitleNoExpanded\")][contains(text(), \"10135\")]"}
COMMAND: POST /session/1c509b1daf78d5bd7fa30d63e65e61da/element - {"using":"xpath","value":"//span[contains(@id ,\"contractDetailTitleNoExpanded\")][contains(text(), \"10135\")]"}
RESULT: {"using":"xpath","value":"//span[contains(@id ,\"contractDetailTitleNoExpanded\")][contains(text(), \"10135\")]"}
COMMAND: POST /session/1c509b1daf78d5bd7fa30d63e65e61da/execute/async - {"script":"<script> [1562 bytes]","args":[{"selector":{"controlType":"sap.tnt.NavigationListItem","viewName":"etm.portal.ui.webshop.view.RequestDetail","i18NText":{"propertyName":"text","key":"exit"},"interaction":{"idSuffix":"a"}},"wdio_ui5_key":"etmportal.ui.webshop.view.RequestDetailsap.tnt.NavigationListItem{\"propertyName\":\"text\",\"key\":\"exit\"}"}]}
COMMAND: POST /session/1c509b1daf78d5bd7fa30d63e65e61da/element - {"using":"xpath","value":"//span[contains(@id ,\"contractDetailTitleNoExpanded\")][contains(text(), \"10135\")]"}
RESULT: {"script":"<script> [1562 bytes]","args":[{"selector":{"controlType":"sap.tnt.NavigationListItem","viewName":"etm.portal.ui.webshop.view.RequestDetail","i18NText":{"propertyName":"text","key":"exit"},"interaction":{"idSuffix":"a"}},"wdio_ui5_key":"etmportal.ui.webshop.view.RequestDetailsap.tnt.NavigationListItem{\"propertyName\":\"text\",\"key\":\"exit\"}"}]}
RESULT: undefined
COMMAND: POST /session/1c509b1daf78d5bd7fa30d63e65e61da/element - {"using":"xpath","value":"//*[@id=\"__item2088\"]"}
RESULT: {"using":"xpath","value":"//span[contains(@id ,\"contractDetailTitleNoExpanded\")][contains(text(), \"10135\")]"}
RESULT: {"using":"xpath","value":"//*[@id=\"__item2088\"]"}
COMMAND: POST /session/1c509b1daf78d5bd7fa30d63e65e61da/element/f.5F4D13A366F511D63C807E683D9EB3B8.d.C015F803BD6B2D5905A25FB0FA3D3D01.e.7258/click - {}
COMMAND: POST /session/1c509b1daf78d5bd7fa30d63e65e61da/element - {"using":"xpath","value":"//span[contains(@id ,\"contractDetailTitleNoExpanded\")][contains(text(), \"10135\")]"}
RESULT: {}
COMMAND: GET /session/1c509b1daf78d5bd7fa30d63e65e61da/screenshot - {}
RESULT: {"using":"xpath","value":"//span[contains(@id ,\"contractDetailTitleNoExpanded\")][contains(text(), \"10135\")]"}
COMMAND: POST /session/1c509b1daf78d5bd7fa30d63e65e61da/element - {"using":"xpath","value":"//span[contains(@id ,\"contractDetailTitleNoExpanded\")][contains(text(), \"10135\")]"}
RESULT: {}
RESULT: {"using":"xpath","value":"//span[contains(@id ,\"contractDetailTitleNoExpanded\")][contains(text(), \"10135\")]"}
COMMAND: POST /session/1c509b1daf78d5bd7fa30d63e65e61da/element - {"using":"xpath","value":"//span[contains(@id ,\"contractDetailTitleNoExpanded\")][contains(text(), \"10135\")]"}
RESULT: {"using":"xpath","value":"//span[contains(@id ,\"contractDetailTitleNoExpanded\")][contains(text(), \"10135\")]"}
COMMAND: POST /session/1c509b1daf78d5bd7fa30d63e65e61da/element - {"using":"xpath","value":"//span[contains(@id ,\"contractDetailTitleNoExpanded\")][contains(text(), \"10135\")]"}
RESULT: {"using":"xpath","value":"//span[contains(@id ,\"contractDetailTitleNoExpanded\")][contains(text(), \"10135\")]"}
COMMAND: POST /session/1c509b1daf78d5bd7fa30d63e65e61da/element - {"using":"xpath","value":"//span[contains(@id ,\"contractDetailTitleNoExpanded\")][contains(text(), \"10135\")]"}
RESULT: {"using":"xpath","value":"//span[contains(@id ,\"contractDetailTitleNoExpanded\")][contains(text(), \"10135\")]"}
COMMAND: POST /session/1c509b1daf78d5bd7fa30d63e65e61da/element - {"using":"xpath","value":"//span[contains(@id ,\"contractDetailTitleNoExpanded\")][contains(text(), \"10135\")]"}
RESULT: {"using":"xpath","value":"//span[contains(@id ,\"contractDetailTitleNoExpanded\")][contains(text(), \"10135\")]"}
COMMAND: POST /session/1c509b1daf78d5bd7fa30d63e65e61da/element - {"using":"css selector","value":"#shell-header-logo"}
RESULT: {"using":"css selector","value":"#shell-header-logo"}
COMMAND: POST /session/1c509b1daf78d5bd7fa30d63e65e61da/element/f.5F4D13A366F511D63C807E683D9EB3B8.d.C015F803BD6B2D5905A25FB0FA3D3D01.e.3043/click - {}
RESULT: {}
COMMAND: GET /session/1c509b1daf78d5bd7fa30d63e65e61da/screenshot - {}
RESULT: {}
COMMAND: POST /session/1c509b1daf78d5bd7fa30d63e65e61da/element - {"using":"xpath","value":"//span[contains(@id ,\"contractDetailTitleNoExpanded\")][contains(text(), \"10135\")]"}
RESULT: {"using":"xpath","value":"//span[contains(@id ,\"contractDetailTitleNoExpanded\")][contains(text(), \"10135\")]"}
COMMAND: POST /session/1c509b1daf78d5bd7fa30d63e65e61da/element - {"using":"xpath","value":"//span[contains(@id ,\"contractDetailTitleNoExpanded\")][contains(text(), \"10135\")]"}
RESULT: {"using":"xpath","value":"//span[contains(@id ,\"contractDetailTitleNoExpanded\")][contains(text(), \"10135\")]"}
COMMAND: POST /session/1c509b1daf78d5bd7fa30d63e65e61da/element - {"using":"xpath","value":"//span[contains(@id ,\"contractDetailTitleNoExpanded\")][contains(text(), \"10135\")]"}
RESULT: {"using":"xpath","value":"//span[contains(@id ,\"contractDetailTitleNoExpanded\")][contains(text(), \"10135\")]"}
COMMAND: POST /session/1c509b1daf78d5bd7fa30d63e65e61da/element - {"using":"xpath","value":"//span[contains(@id ,\"contractDetailTitleNoExpanded\")][contains(text(), \"10135\")]"}
RESULT: {"using":"xpath","value":"//span[contains(@id ,\"contractDetailTitleNoExpanded\")][contains(text(), \"10135\")]"}
COMMAND: POST /session/1c509b1daf78d5bd7fa30d63e65e61da/element - {"using":"xpath","value":"//span[contains(@id ,\"contractDetailTitleNoExpanded\")][contains(text(), \"10135\")]"}
RESULT: {"using":"xpath","value":"//span[contains(@id ,\"contractDetailTitleNoExpanded\")][contains(text(), \"10135\")]"}
COMMAND: POST /session/1c509b1daf78d5bd7fa30d63e65e61da/element - {"using":"xpath","value":"//span[contains(@id ,\"contractDetailTitleNoExpanded\")][contains(text(), \"10135\")]"}
RESULT: {"using":"xpath","value":"//span[contains(@id ,\"contractDetailTitleNoExpanded\")][contains(text(), \"10135\")]"}
]]></system-out>
    </testcase>
  </testsuite>
  <testsuite timestamp="2025-05-13T16:25:02" time="68.174" tests="1" failures="0" errors="0" skipped="0">
    <properties>
      <property name="specId" value="0" />
      <property name="suiteName" value="Add items into the basket without creating a request US151315" />
      <property name="capabilities" value="chrome.136_0_7103_49.windows" />
      <property name="file" value="file:///D:/a/1/s/test/specs/R2C/add-items-into-basket-wo-creating-a-request.spec.js" />
    </properties>
    <testcase classname="chrome.136_0_7103_49.windows.Add_items_into_the_basket_without_creating_a_request_US151315" name="Should verify if a catalog item can be added without creating a request" time="65.03">
      <system-out><![CDATA[
RESULT: undefined
COMMAND: POST /session/1c509b1daf78d5bd7fa30d63e65e61da/element - {"using":"xpath","value":"//*[@id=\"__tile49\"]"}
RESULT: {"using":"xpath","value":"//*[@id=\"__tile49\"]"}
COMMAND: POST /session/1c509b1daf78d5bd7fa30d63e65e61da/element/f.5F4D13A366F511D63C807E683D9EB3B8.d.C015F803BD6B2D5905A25FB0FA3D3D01.e.2824/click - {}
COMMAND: POST /session/1c509b1daf78d5bd7fa30d63e65e61da/element - {"using":"xpath","value":"//span[contains(@id ,\"contractDetailTitleNoExpanded\")][contains(text(), \"10135\")]"}
RESULT: {}
COMMAND: GET /session/1c509b1daf78d5bd7fa30d63e65e61da/screenshot - {}
RESULT: {"using":"xpath","value":"//span[contains(@id ,\"contractDetailTitleNoExpanded\")][contains(text(), \"10135\")]"}
RESULT: {}
COMMAND: POST /session/1c509b1daf78d5bd7fa30d63e65e61da/element - {"using":"xpath","value":"//span[contains(@id ,\"contractDetailTitleNoExpanded\")][contains(text(), \"10135\")]"}
RESULT: {"using":"xpath","value":"//span[contains(@id ,\"contractDetailTitleNoExpanded\")][contains(text(), \"10135\")]"}
COMMAND: POST /session/1c509b1daf78d5bd7fa30d63e65e61da/element - {"using":"xpath","value":"//span[contains(@id ,\"contractDetailTitleNoExpanded\")][contains(text(), \"10135\")]"}
RESULT: {"using":"xpath","value":"//span[contains(@id ,\"contractDetailTitleNoExpanded\")][contains(text(), \"10135\")]"}
COMMAND: POST /session/1c509b1daf78d5bd7fa30d63e65e61da/element - {"using":"xpath","value":"//span[contains(@id ,\"contractDetailTitleNoExpanded\")][contains(text(), \"10135\")]"}
RESULT: {"using":"xpath","value":"//span[contains(@id ,\"contractDetailTitleNoExpanded\")][contains(text(), \"10135\")]"}
COMMAND: POST /session/1c509b1daf78d5bd7fa30d63e65e61da/element - {"using":"xpath","value":"//span[contains(@id ,\"contractDetailTitleNoExpanded\")][contains(text(), \"10135\")]"}
RESULT: {"using":"xpath","value":"//span[contains(@id ,\"contractDetailTitleNoExpanded\")][contains(text(), \"10135\")]"}
COMMAND: POST /session/1c509b1daf78d5bd7fa30d63e65e61da/elements - {"using":"xpath","value":"//span[text()='Error']"}
COMMAND: POST /session/1c509b1daf78d5bd7fa30d63e65e61da/element - {"using":"xpath","value":"//span[contains(@id ,\"contractDetailTitleNoExpanded\")][contains(text(), \"10135\")]"}
RESULT: {"using":"xpath","value":"//span[text()='Error']"}
RESULT: {"using":"xpath","value":"//span[contains(@id ,\"contractDetailTitleNoExpanded\")][contains(text(), \"10135\")]"}
COMMAND: POST /session/1c509b1daf78d5bd7fa30d63e65e61da/element - {"using":"xpath","value":"//span[contains(@id ,\"contractDetailTitleNoExpanded\")][contains(text(), \"10135\")]"}
RESULT: {"using":"xpath","value":"//span[contains(@id ,\"contractDetailTitleNoExpanded\")][contains(text(), \"10135\")]"}
COMMAND: POST /session/1c509b1daf78d5bd7fa30d63e65e61da/element - {"using":"xpath","value":"//span[contains(@id ,\"contractDetailTitleNoExpanded\")][contains(text(), \"10135\")]"}
RESULT: {"using":"xpath","value":"//span[contains(@id ,\"contractDetailTitleNoExpanded\")][contains(text(), \"10135\")]"}
COMMAND: POST /session/1c509b1daf78d5bd7fa30d63e65e61da/element - {"using":"xpath","value":"//span[contains(@id ,\"contractDetailTitleNoExpanded\")][contains(text(), \"10135\")]"}
RESULT: {"using":"xpath","value":"//span[contains(@id ,\"contractDetailTitleNoExpanded\")][contains(text(), \"10135\")]"}
COMMAND: POST /session/1c509b1daf78d5bd7fa30d63e65e61da/element - {"using":"xpath","value":"//span[contains(@id ,\"contractDetailTitleNoExpanded\")][contains(text(), \"10135\")]"}
RESULT: {"using":"xpath","value":"//span[contains(@id ,\"contractDetailTitleNoExpanded\")][contains(text(), \"10135\")]"}
COMMAND: POST /session/1c509b1daf78d5bd7fa30d63e65e61da/element - {"using":"xpath","value":"//span[contains(@id ,\"contractDetailTitleNoExpanded\")][contains(text(), \"10135\")]"}
RESULT: {"using":"xpath","value":"//span[contains(@id ,\"contractDetailTitleNoExpanded\")][contains(text(), \"10135\")]"}
COMMAND: POST /session/1c509b1daf78d5bd7fa30d63e65e61da/element - {"using":"xpath","value":"//span[contains(@id ,\"contractDetailTitleNoExpanded\")][contains(text(), \"10135\")]"}
RESULT: {"using":"xpath","value":"//span[contains(@id ,\"contractDetailTitleNoExpanded\")][contains(text(), \"10135\")]"}
COMMAND: POST /session/1c509b1daf78d5bd7fa30d63e65e61da/element - {"using":"xpath","value":"//span[contains(@id ,\"contractDetailTitleNoExpanded\")][contains(text(), \"10135\")]"}
RESULT: {"using":"xpath","value":"//span[contains(@id ,\"contractDetailTitleNoExpanded\")][contains(text(), \"10135\")]"}
COMMAND: POST /session/1c509b1daf78d5bd7fa30d63e65e61da/element - {"using":"xpath","value":"//span[contains(@id ,\"contractDetailTitleNoExpanded\")][contains(text(), \"10135\")]"}
RESULT: {"using":"xpath","value":"//span[contains(@id ,\"contractDetailTitleNoExpanded\")][contains(text(), \"10135\")]"}
COMMAND: POST /session/1c509b1daf78d5bd7fa30d63e65e61da/element - {"using":"xpath","value":"//span[contains(@id ,\"contractDetailTitleNoExpanded\")][contains(text(), \"10135\")]"}
RESULT: {"using":"xpath","value":"//span[contains(@id ,\"contractDetailTitleNoExpanded\")][contains(text(), \"10135\")]"}
COMMAND: POST /session/1c509b1daf78d5bd7fa30d63e65e61da/element - {"using":"xpath","value":"//span[contains(@id ,\"contractDetailTitleNoExpanded\")][contains(text(), \"10135\")]"}
RESULT: {"using":"xpath","value":"//span[contains(@id ,\"contractDetailTitleNoExpanded\")][contains(text(), \"10135\")]"}
COMMAND: POST /session/1c509b1daf78d5bd7fa30d63e65e61da/element - {"using":"xpath","value":"//span[contains(@id ,\"contractDetailTitleNoExpanded\")][contains(text(), \"10135\")]"}
RESULT: {"using":"xpath","value":"//span[contains(@id ,\"contractDetailTitleNoExpanded\")][contains(text(), \"10135\")]"}
COMMAND: POST /session/1c509b1daf78d5bd7fa30d63e65e61da/element - {"using":"xpath","value":"//span[contains(@id ,\"contractDetailTitleNoExpanded\")][contains(text(), \"10135\")]"}
RESULT: {"using":"xpath","value":"//span[contains(@id ,\"contractDetailTitleNoExpanded\")][contains(text(), \"10135\")]"}
COMMAND: POST /session/1c509b1daf78d5bd7fa30d63e65e61da/element - {"using":"xpath","value":"//span[contains(@id ,\"contractDetailTitleNoExpanded\")][contains(text(), \"10135\")]"}
RESULT: {"using":"xpath","value":"//span[contains(@id ,\"contractDetailTitleNoExpanded\")][contains(text(), \"10135\")]"}
COMMAND: POST /session/1c509b1daf78d5bd7fa30d63e65e61da/element - {"using":"xpath","value":"//span[contains(@id ,\"contractDetailTitleNoExpanded\")][contains(text(), \"10135\")]"}
RESULT: {"using":"xpath","value":"//span[contains(@id ,\"contractDetailTitleNoExpanded\")][contains(text(), \"10135\")]"}
COMMAND: POST /session/1c509b1daf78d5bd7fa30d63e65e61da/element - {"using":"xpath","value":"//span[contains(@id ,\"contractDetailTitleNoExpanded\")][contains(text(), \"10135\")]"}
RESULT: {"using":"xpath","value":"//span[contains(@id ,\"contractDetailTitleNoExpanded\")][contains(text(), \"10135\")]"}
COMMAND: POST /session/1c509b1daf78d5bd7fa30d63e65e61da/element - {"using":"xpath","value":"//span[contains(@id ,\"contractDetailTitleNoExpanded\")][contains(text(), \"10135\")]"}
RESULT: {"using":"xpath","value":"//span[contains(@id ,\"contractDetailTitleNoExpanded\")][contains(text(), \"10135\")]"}
COMMAND: POST /session/1c509b1daf78d5bd7fa30d63e65e61da/element - {"using":"xpath","value":"//span[contains(@id ,\"contractDetailTitleNoExpanded\")][contains(text(), \"10135\")]"}
RESULT: {"using":"xpath","value":"//span[contains(@id ,\"contractDetailTitleNoExpanded\")][contains(text(), \"10135\")]"}
COMMAND: POST /session/1c509b1daf78d5bd7fa30d63e65e61da/element - {"using":"xpath","value":"//span[contains(@id ,\"contractDetailTitleNoExpanded\")][contains(text(), \"10135\")]"}
RESULT: {"using":"xpath","value":"//span[contains(@id ,\"contractDetailTitleNoExpanded\")][contains(text(), \"10135\")]"}
COMMAND: POST /session/1c509b1daf78d5bd7fa30d63e65e61da/element - {"using":"xpath","value":"//span[contains(@id ,\"contractDetailTitleNoExpanded\")][contains(text(), \"10135\")]"}
RESULT: {"using":"xpath","value":"//span[contains(@id ,\"contractDetailTitleNoExpanded\")][contains(text(), \"10135\")]"}
COMMAND: POST /session/1c509b1daf78d5bd7fa30d63e65e61da/element - {"using":"xpath","value":"//span[contains(@id ,\"contractDetailTitleNoExpanded\")][contains(text(), \"10135\")]"}
RESULT: {"using":"xpath","value":"//span[contains(@id ,\"contractDetailTitleNoExpanded\")][contains(text(), \"10135\")]"}
COMMAND: POST /session/1c509b1daf78d5bd7fa30d63e65e61da/element - {"using":"xpath","value":"//span[contains(@id ,\"contractDetailTitleNoExpanded\")][contains(text(), \"10135\")]"}
RESULT: {"using":"xpath","value":"//span[contains(@id ,\"contractDetailTitleNoExpanded\")][contains(text(), \"10135\")]"}
COMMAND: POST /session/1c509b1daf78d5bd7fa30d63e65e61da/element - {"using":"xpath","value":"//span[contains(@id ,\"contractDetailTitleNoExpanded\")][contains(text(), \"10135\")]"}
RESULT: {"using":"xpath","value":"//span[contains(@id ,\"contractDetailTitleNoExpanded\")][contains(text(), \"10135\")]"}
COMMAND: POST /session/1c509b1daf78d5bd7fa30d63e65e61da/element - {"using":"xpath","value":"//span[contains(@id ,\"contractDetailTitleNoExpanded\")][contains(text(), \"10135\")]"}
RESULT: {"using":"xpath","value":"//span[contains(@id ,\"contractDetailTitleNoExpanded\")][contains(text(), \"10135\")]"}
COMMAND: POST /session/1c509b1daf78d5bd7fa30d63e65e61da/element - {"using":"css selector","value":"#requestCreationDialog--createRequestPopUp-title-inner"}
RESULT: {"using":"css selector","value":"#requestCreationDialog--createRequestPopUp-title-inner"}
COMMAND: POST /session/1c509b1daf78d5bd7fa30d63e65e61da/execute/sync - {"script":"<script> [8489 bytes]","args":[{"element-6066-11e4-a52e-4f735466cecf":"f.5F4D13A366F511D63C807E683D9EB3B8.d.C015F803BD6B2D5905A25FB0FA3D3D01.e.7311","ELEMENT":"f.5F4D13A366F511D63C807E683D9EB3B8.d.C015F803BD6B2D5905A25FB0FA3D3D01.e.7311"}]}
RESULT: {"script":"<script> [8489 bytes]","args":[{"element-6066-11e4-a52e-4f735466cecf":"f.5F4D13A366F511D63C807E683D9EB3B8.d.C015F803BD6B2D5905A25FB0FA3D3D01.e.7311","ELEMENT":"f.5F4D13A366F511D63C807E683D9EB3B8.d.C015F803BD6B2D5905A25FB0FA3D3D01.e.7311"}]}
COMMAND: GET /session/1c509b1daf78d5bd7fa30d63e65e61da/element/f.5F4D13A366F511D63C807E683D9EB3B8.d.C015F803BD6B2D5905A25FB0FA3D3D01.e.7311/enabled - {}
COMMAND: GET /session/1c509b1daf78d5bd7fa30d63e65e61da/screenshot - {}
RESULT: {}
RESULT: {}
COMMAND: POST /session/1c509b1daf78d5bd7fa30d63e65e61da/element - {"using":"xpath","value":"//span[contains(@id ,\"requestCreationDialog--cancelButton-content\")]"}
COMMAND: GET /session/1c509b1daf78d5bd7fa30d63e65e61da/screenshot - {}
RESULT: {"using":"xpath","value":"//span[contains(@id ,\"requestCreationDialog--cancelButton-content\")]"}
COMMAND: POST /session/1c509b1daf78d5bd7fa30d63e65e61da/element/f.5F4D13A366F511D63C807E683D9EB3B8.d.C015F803BD6B2D5905A25FB0FA3D3D01.e.7312/click - {}
RESULT: {}
RESULT: {}
COMMAND: GET /session/1c509b1daf78d5bd7fa30d63e65e61da/screenshot - {}
RESULT: {}
COMMAND: POST /session/1c509b1daf78d5bd7fa30d63e65e61da/element - {"using":"xpath","value":"//input[contains(@id ,\"searchFiledId-I\")]"}
RESULT: {"using":"xpath","value":"//input[contains(@id ,\"searchFiledId-I\")]"}
COMMAND: POST /session/1c509b1daf78d5bd7fa30d63e65e61da/element/f.5F4D13A366F511D63C807E683D9EB3B8.d.C015F803BD6B2D5905A25FB0FA3D3D01.e.7261/value - {"text":"Dri-Prime CD150M Diesel Pump"}
RESULT: {"text":"Dri-Prime CD150M Diesel Pump"}
COMMAND: POST /session/1c509b1daf78d5bd7fa30d63e65e61da/actions - {"actions":[{"id":"action11","type":"key","parameters":{},"actions":[{"type":"keyDown","value":"î€‡"},{"type":"pause","duration":10},{"type":"keyUp","value":"î€‡"}]}]}
COMMAND: GET /session/1c509b1daf78d5bd7fa30d63e65e61da/screenshot - {}
RESULT: {"actions":[{"id":"action11","type":"key","parameters":{},"actions":[{"type":"keyDown","value":"î€‡"},{"type":"pause","duration":10},{"type":"keyUp","value":"î€‡"}]}]}
COMMAND: GET /session/1c509b1daf78d5bd7fa30d63e65e61da/screenshot - {}
RESULT: {}
RESULT: {}
COMMAND: POST /session/1c509b1daf78d5bd7fa30d63e65e61da/element - {"using":"xpath","value":"//span[contains(@id ,\"subTitle\")][contains(text(), \"Dri-Prime CD150M Diesel Pump\")]"}
RESULT: {"using":"xpath","value":"//span[contains(@id ,\"subTitle\")][contains(text(), \"Dri-Prime CD150M Diesel Pump\")]"}
COMMAND: POST /session/1c509b1daf78d5bd7fa30d63e65e61da/element/f.5F4D13A366F511D63C807E683D9EB3B8.d.C015F803BD6B2D5905A25FB0FA3D3D01.e.7319/click - {}
RESULT: {}
COMMAND: GET /session/1c509b1daf78d5bd7fa30d63e65e61da/screenshot - {}
RESULT: {}
COMMAND: POST /session/1c509b1daf78d5bd7fa30d63e65e61da/element - {"using":"xpath","value":"//bdi[contains(text(), \"Add to Request\")]"}
RESULT: {"using":"xpath","value":"//bdi[contains(text(), \"Add to Request\")]"}
COMMAND: POST /session/1c509b1daf78d5bd7fa30d63e65e61da/element/f.5F4D13A366F511D63C807E683D9EB3B8.d.C015F803BD6B2D5905A25FB0FA3D3D01.e.7334/click - {}
RESULT: {}
COMMAND: POST /session/1c509b1daf78d5bd7fa30d63e65e61da/element - {"using":"xpath","value":"//div[contains(@class ,\"sapMMessageToast sapUiSelectable sapContrast sapContrastPlus sapUiUserSelectable\")]"}
COMMAND: GET /session/1c509b1daf78d5bd7fa30d63e65e61da/screenshot - {}
RESULT: {"using":"xpath","value":"//div[contains(@class ,\"sapMMessageToast sapUiSelectable sapContrast sapContrastPlus sapUiUserSelectable\")]"}
COMMAND: POST /session/1c509b1daf78d5bd7fa30d63e65e61da/execute/sync - {"script":"<script> [8489 bytes]","args":[{"element-6066-11e4-a52e-4f735466cecf":"f.5F4D13A366F511D63C807E683D9EB3B8.d.C015F803BD6B2D5905A25FB0FA3D3D01.e.7336","ELEMENT":"f.5F4D13A366F511D63C807E683D9EB3B8.d.C015F803BD6B2D5905A25FB0FA3D3D01.e.7336"}]}
RESULT: {}
RESULT: {"script":"<script> [8489 bytes]","args":[{"element-6066-11e4-a52e-4f735466cecf":"f.5F4D13A366F511D63C807E683D9EB3B8.d.C015F803BD6B2D5905A25FB0FA3D3D01.e.7336","ELEMENT":"f.5F4D13A366F511D63C807E683D9EB3B8.d.C015F803BD6B2D5905A25FB0FA3D3D01.e.7336"}]}
COMMAND: GET /session/1c509b1daf78d5bd7fa30d63e65e61da/element/f.5F4D13A366F511D63C807E683D9EB3B8.d.C015F803BD6B2D5905A25FB0FA3D3D01.e.7336/text - {}
COMMAND: GET /session/1c509b1daf78d5bd7fa30d63e65e61da/screenshot - {}
RESULT: {}
RESULT: {}
COMMAND: POST /session/1c509b1daf78d5bd7fa30d63e65e61da/element - {"using":"xpath","value":"//bdi[contains(@id ,\"activeCartId-BDI-content\")]"}
RESULT: {"using":"xpath","value":"//bdi[contains(@id ,\"activeCartId-BDI-content\")]"}
COMMAND: GET /session/1c509b1daf78d5bd7fa30d63e65e61da/element/f.5F4D13A366F511D63C807E683D9EB3B8.d.C015F803BD6B2D5905A25FB0FA3D3D01.e.7337/text - {}
RESULT: {}
COMMAND: POST /session/1c509b1daf78d5bd7fa30d63e65e61da/element - {"using":"xpath","value":"//li[@title=\"Exit\"]"}
RESULT: {"using":"xpath","value":"//li[@title=\"Exit\"]"}
COMMAND: POST /session/1c509b1daf78d5bd7fa30d63e65e61da/element/f.5F4D13A366F511D63C807E683D9EB3B8.d.C015F803BD6B2D5905A25FB0FA3D3D01.e.7338/click - {}
RESULT: {}
COMMAND: GET /session/1c509b1daf78d5bd7fa30d63e65e61da/screenshot - {}
RESULT: {}
COMMAND: DELETE /session/1c509b1daf78d5bd7fa30d63e65e61da - {}
RESULT: {}
]]></system-out>
    </testcase>
  </testsuite>
</testsuites>