<?xml version="1.0" encoding="UTF-8"?>
<testsuites tests="23" failures="2" errors="2" skipped="0">
  <testsuite timestamp="2025-05-13T17:49:16" time="1196.608" tests="6" failures="0" errors="0" skipped="0">
    <properties>
      <property name="specId" value="0" />
      <property name="suiteName" value="Standard contract - add contract items by Insert Request US118222" />
      <property name="capabilities" value="chrome.136_0_7103_49.windows" />
      <property name="file" value="file:///D:/a/1/s/test/specs/R2C/standard-contract-add-contract-items-by-insert-request.spec.js" />
    </properties>
    <testcase classname="chrome.136_0_7103_49.windows.Standard_contract_-_add_contract_items_by_Insert_Request_US118222" name="Should create prerequisites yard partner site material and equipment" time="328.325">
      <system-out><![CDATA[
COMMAND: POST /session/dbe42a6913d933bf746f002719692f06/execute/async - {"script":"<script> [1562 bytes]","args":[{"selector":{"controlType":"sap.m.GenericTile","properties":{"header":"Manage Yards"}},"wdio_ui5_key":"sapm.GenericTile{\"header\":\"Manage Yards\"}"}]}
RESULT: {"script":"<script> [1562 bytes]","args":[{"selector":{"controlType":"sap.m.GenericTile","properties":{"header":"Manage Yards"}},"wdio_ui5_key":"sapm.GenericTile{\"header\":\"Manage Yards\"}"}]}
RESULT: undefined
COMMAND: POST /session/dbe42a6913d933bf746f002719692f06/element - {"using":"xpath","value":"//*[@id=\"__tile41\"]"}
RESULT: {"using":"xpath","value":"//*[@id=\"__tile41\"]"}
COMMAND: POST /session/dbe42a6913d933bf746f002719692f06/element/f.AC1E98235C03768F9F99043C9DF93856.d.14007360A5C79B57A7BF69E25C7F3382.e.114/click - {}
RESULT: {}
COMMAND: GET /session/dbe42a6913d933bf746f002719692f06/screenshot - {}
RESULT: {}
COMMAND: POST /session/dbe42a6913d933bf746f002719692f06/elements - {"using":"xpath","value":"//span[text()='Error']"}
RESULT: {"using":"xpath","value":"//span[text()='Error']"}
COMMAND: POST /session/dbe42a6913d933bf746f002719692f06/execute/async - {"script":"<script> [1562 bytes]","args":[{"selector":{"controlType":"sap.ui.core.Icon","viewName":"etm.portal.ui.manageyards.view.Master","viewId":"application-manageyards-display-component---masterYard","properties":{"src":{"regex":{"source":"add"}}}},"wdio_ui5_key":"etmportal.ui.manageyards.view.Mastersap.ui.core.Icon{\"src\":{\"regex\":{\"source\":\"add\"}}}"}]}
RESULT: {"script":"<script> [1562 bytes]","args":[{"selector":{"controlType":"sap.ui.core.Icon","viewName":"etm.portal.ui.manageyards.view.Master","viewId":"application-manageyards-display-component---masterYard","properties":{"src":{"regex":{"source":"add"}}}},"wdio_ui5_key":"etmportal.ui.manageyards.view.Mastersap.ui.core.Icon{\"src\":{\"regex\":{\"source\":\"add\"}}}"}]}
RESULT: undefined
COMMAND: POST /session/dbe42a6913d933bf746f002719692f06/element - {"using":"xpath","value":"//*[@id=\"__button4-img\"]"}
RESULT: {"using":"xpath","value":"//*[@id=\"__button4-img\"]"}
COMMAND: POST /session/dbe42a6913d933bf746f002719692f06/element/f.AC1E98235C03768F9F99043C9DF93856.d.14007360A5C79B57A7BF69E25C7F3382.e.161/click - {}
RESULT: {}
COMMAND: GET /session/dbe42a6913d933bf746f002719692f06/screenshot - {}
RESULT: {}
COMMAND: POST /session/dbe42a6913d933bf746f002719692f06/execute/async - {"script":"<script> [1562 bytes]","args":[{"selector":{"id":"application-manageyards-display-component---NewYard--yardId","interaction":{"idSuffix":"inner"}},"wdio_ui5_key":"applicationmanageyards-display-component---NewYard--yardId"}]}
RESULT: {"script":"<script> [1562 bytes]","args":[{"selector":{"id":"application-manageyards-display-component---NewYard--yardId","interaction":{"idSuffix":"inner"}},"wdio_ui5_key":"applicationmanageyards-display-component---NewYard--yardId"}]}
RESULT: undefined
COMMAND: POST /session/dbe42a6913d933bf746f002719692f06/element - {"using":"xpath","value":"//*[@id=\"application-manageyards-display-component---NewYard--addressDetailDetailsName1-inner\"]"}
RESULT: {"using":"xpath","value":"//*[@id=\"application-manageyards-display-component---NewYard--addressDetailDetailsName1-inner\"]"}
COMMAND: POST /session/dbe42a6913d933bf746f002719692f06/element/f.AC1E98235C03768F9F99043C9DF93856.d.14007360A5C79B57A7BF69E25C7F3382.e.319/clear - {}
RESULT: {}
COMMAND: POST /session/dbe42a6913d933bf746f002719692f06/element/f.AC1E98235C03768F9F99043C9DF93856.d.14007360A5C79B57A7BF69E25C7F3382.e.319/value - {"text":"WebdriverYardxe8gd"}
COMMAND: GET /session/dbe42a6913d933bf746f002719692f06/screenshot - {}
RESULT: {"text":"WebdriverYardxe8gd"}
COMMAND: POST /session/dbe42a6913d933bf746f002719692f06/element - {"using":"xpath","value":"//*[@id=\"application-manageyards-display-component---NewYard--addressDetailDetailsLanguage-inner\"]"}
COMMAND: GET /session/dbe42a6913d933bf746f002719692f06/screenshot - {}
RESULT: {}
RESULT: {"using":"xpath","value":"//*[@id=\"application-manageyards-display-component---NewYard--addressDetailDetailsLanguage-inner\"]"}
COMMAND: POST /session/dbe42a6913d933bf746f002719692f06/element/f.AC1E98235C03768F9F99043C9DF93856.d.14007360A5C79B57A7BF69E25C7F3382.e.320/clear - {}
RESULT: {}
RESULT: {}
COMMAND: POST /session/dbe42a6913d933bf746f002719692f06/element/f.AC1E98235C03768F9F99043C9DF93856.d.14007360A5C79B57A7BF69E25C7F3382.e.320/value - {"text":"Romanian"}
COMMAND: GET /session/dbe42a6913d933bf746f002719692f06/screenshot - {}
RESULT: {"text":"Romanian"}
COMMAND: POST /session/dbe42a6913d933bf746f002719692f06/element - {"using":"xpath","value":"//input[contains(@id ,\"application-manageyards-display-component---NewYard--addressDetailDetailsName1-inner\")]"}
COMMAND: GET /session/dbe42a6913d933bf746f002719692f06/screenshot - {}
RESULT: {}
RESULT: {"using":"xpath","value":"//input[contains(@id ,\"application-manageyards-display-component---NewYard--addressDetailDetailsName1-inner\")]"}
COMMAND: GET /session/dbe42a6913d933bf746f002719692f06/element/f.AC1E98235C03768F9F99043C9DF93856.d.14007360A5C79B57A7BF69E25C7F3382.e.319/property/value - {}
RESULT: {}
RESULT: {}
COMMAND: GET /session/dbe42a6913d933bf746f002719692f06/screenshot - {}
RESULT: {}
COMMAND: POST /session/dbe42a6913d933bf746f002719692f06/element - {"using":"xpath","value":"//*[@id=\"application-manageyards-display-component---NewYard--addressDetailDetailsCity1-inner\"]"}
RESULT: {"using":"xpath","value":"//*[@id=\"application-manageyards-display-component---NewYard--addressDetailDetailsCity1-inner\"]"}
COMMAND: POST /session/dbe42a6913d933bf746f002719692f06/element/f.AC1E98235C03768F9F99043C9DF93856.d.14007360A5C79B57A7BF69E25C7F3382.e.322/clear - {}
RESULT: {}
COMMAND: POST /session/dbe42a6913d933bf746f002719692f06/element/f.AC1E98235C03768F9F99043C9DF93856.d.14007360A5C79B57A7BF69E25C7F3382.e.322/value - {"text":"Bucuresti"}
COMMAND: GET /session/dbe42a6913d933bf746f002719692f06/screenshot - {}
RESULT: {"text":"Bucuresti"}
COMMAND: GET /session/dbe42a6913d933bf746f002719692f06/screenshot - {}
RESULT: {}
RESULT: {}
COMMAND: POST /session/dbe42a6913d933bf746f002719692f06/element - {"using":"xpath","value":"//*[@id=\"application-manageyards-display-component---NewYard--addressDetailDetailsCountry-inner\"]"}
RESULT: {"using":"xpath","value":"//*[@id=\"application-manageyards-display-component---NewYard--addressDetailDetailsCountry-inner\"]"}
COMMAND: POST /session/dbe42a6913d933bf746f002719692f06/element/f.AC1E98235C03768F9F99043C9DF93856.d.14007360A5C79B57A7BF69E25C7F3382.e.326/clear - {}
RESULT: {}
COMMAND: POST /session/dbe42a6913d933bf746f002719692f06/element/f.AC1E98235C03768F9F99043C9DF93856.d.14007360A5C79B57A7BF69E25C7F3382.e.326/value - {"text":"Romania"}
COMMAND: GET /session/dbe42a6913d933bf746f002719692f06/screenshot - {}
RESULT: {"text":"Romania"}
COMMAND: GET /session/dbe42a6913d933bf746f002719692f06/screenshot - {}
RESULT: {}
RESULT: {}
COMMAND: POST /session/dbe42a6913d933bf746f002719692f06/element - {"using":"xpath","value":"//div[contains(text(), \"Commercial\")]"}
RESULT: {"using":"xpath","value":"//div[contains(text(), \"Commercial\")]"}
COMMAND: GET /session/dbe42a6913d933bf746f002719692f06/element/f.AC1E98235C03768F9F99043C9DF93856.d.14007360A5C79B57A7BF69E25C7F3382.e.578/rect - {}
RESULT: {}
COMMAND: GET /session/dbe42a6913d933bf746f002719692f06/window/rect - {}
RESULT: {}
COMMAND: POST /session/dbe42a6913d933bf746f002719692f06/execute/sync - {"script":"<script> [92 bytes]","args":[]}
RESULT: {"script":"<script> [92 bytes]","args":[]}
COMMAND: POST /session/dbe42a6913d933bf746f002719692f06/actions - {"actions":[{"id":"action1","type":"wheel","parameters":{},"actions":[{"type":"scroll","x":-1841,"y":-44,"deltaX":0,"deltaY":0,"duration":0,"origin":{"element-6066-11e4-a52e-4f735466cecf":"f.AC1E98235C03768F9F99043C9DF93856.d.14007360A5C79B57A7BF69E25C7F3382.e.578"}}]}]}
COMMAND: GET /session/dbe42a6913d933bf746f002719692f06/screenshot - {}
RESULT: {}
COMMAND: POST /session/dbe42a6913d933bf746f002719692f06/execute/sync - {"script":"<script> [79 bytes]","args":[{"element-6066-11e4-a52e-4f735466cecf":"f.AC1E98235C03768F9F99043C9DF93856.d.14007360A5C79B57A7BF69E25C7F3382.e.578","ELEMENT":"f.AC1E98235C03768F9F99043C9DF93856.d.14007360A5C79B57A7BF69E25C7F3382.e.578"},{"block":"start","inline":"nearest"}]}
RESULT: {"script":"<script> [79 bytes]","args":[{"element-6066-11e4-a52e-4f735466cecf":"f.AC1E98235C03768F9F99043C9DF93856.d.14007360A5C79B57A7BF69E25C7F3382.e.578","ELEMENT":"f.AC1E98235C03768F9F99043C9DF93856.d.14007360A5C79B57A7BF69E25C7F3382.e.578"},{"block":"start","inline":"nearest"}]}
COMMAND: GET /session/dbe42a6913d933bf746f002719692f06/screenshot - {}
RESULT: {}
COMMAND: POST /session/dbe42a6913d933bf746f002719692f06/execute/async - {"script":"<script> [1562 bytes]","args":[{"selector":{"id":"application-manageyards-display-component---NewYard--addressEditDetailsCostObjectCstType-arrow"},"wdio_ui5_key":"applicationmanageyards-display-component---NewYard--addressEditDetailsCostObjectCstType-arrow"}]}
RESULT: {"script":"<script> [1562 bytes]","args":[{"selector":{"id":"application-manageyards-display-component---NewYard--addressEditDetailsCostObjectCstType-arrow"},"wdio_ui5_key":"applicationmanageyards-display-component---NewYard--addressEditDetailsCostObjectCstType-arrow"}]}
RESULT: undefined
COMMAND: POST /session/dbe42a6913d933bf746f002719692f06/element - {"using":"xpath","value":"//*[@id=\"application-manageyards-display-component---NewYard--addressEditDetailsCostObjectCstType-arrow\"]"}
RESULT: {"using":"xpath","value":"//*[@id=\"application-manageyards-display-component---NewYard--addressEditDetailsCostObjectCstType-arrow\"]"}
COMMAND: POST /session/dbe42a6913d933bf746f002719692f06/element/f.AC1E98235C03768F9F99043C9DF93856.d.14007360A5C79B57A7BF69E25C7F3382.e.587/click - {}
RESULT: {}
COMMAND: POST /session/dbe42a6913d933bf746f002719692f06/element - {"using":"xpath","value":"//span[contains(text(), \"Cost Center\")]"}
COMMAND: GET /session/dbe42a6913d933bf746f002719692f06/screenshot - {}
RESULT: {"using":"xpath","value":"//span[contains(text(), \"Cost Center\")]"}
COMMAND: POST /session/dbe42a6913d933bf746f002719692f06/element/f.AC1E98235C03768F9F99043C9DF93856.d.14007360A5C79B57A7BF69E25C7F3382.e.588/click - {}
RESULT: {}
RESULT: {}
COMMAND: GET /session/dbe42a6913d933bf746f002719692f06/screenshot - {}
RESULT: {}
COMMAND: POST /session/dbe42a6913d933bf746f002719692f06/execute/async - {"script":"<script> [1562 bytes]","args":[{"selector":{"id":"application-manageyards-display-component---NewYard--addressNewCostObjectCstID-vhi"},"wdio_ui5_key":"applicationmanageyards-display-component---NewYard--addressNewCostObjectCstID-vhi"}]}
RESULT: {"script":"<script> [1562 bytes]","args":[{"selector":{"id":"application-manageyards-display-component---NewYard--addressNewCostObjectCstID-vhi"},"wdio_ui5_key":"applicationmanageyards-display-component---NewYard--addressNewCostObjectCstID-vhi"}]}
RESULT: undefined
COMMAND: POST /session/dbe42a6913d933bf746f002719692f06/element - {"using":"xpath","value":"//*[@id=\"application-manageyards-display-component---NewYard--addressNewCostObjectCstID-vhi\"]"}
RESULT: {"using":"xpath","value":"//*[@id=\"application-manageyards-display-component---NewYard--addressNewCostObjectCstID-vhi\"]"}
COMMAND: POST /session/dbe42a6913d933bf746f002719692f06/element/f.AC1E98235C03768F9F99043C9DF93856.d.14007360A5C79B57A7BF69E25C7F3382.e.592/click - {}
RESULT: {}
COMMAND: GET /session/dbe42a6913d933bf746f002719692f06/screenshot - {}
RESULT: {}
COMMAND: POST /session/dbe42a6913d933bf746f002719692f06/execute/async - {"script":"<script> [1562 bytes]","args":[{"selector":{"controlType":"sap.m.SearchField","properties":{"placeholder":"Search"},"searchOpenDialogs":true,"interaction":{"idSuffix":"I"}},"wdio_ui5_key":"sapm.SearchField{\"placeholder\":\"Search\"}"}]}
RESULT: {"script":"<script> [1562 bytes]","args":[{"selector":{"controlType":"sap.m.SearchField","properties":{"placeholder":"Search"},"searchOpenDialogs":true,"interaction":{"idSuffix":"I"}},"wdio_ui5_key":"sapm.SearchField{\"placeholder\":\"Search\"}"}]}
RESULT: undefined
COMMAND: POST /session/dbe42a6913d933bf746f002719692f06/execute/async - {"script":"<script> [776 bytes]","args":[{"enterText":"10001013","selector":{"controlType":"sap.m.SearchField","properties":{"placeholder":"Search"},"searchOpenDialogs":true,"interaction":{"idSuffix":"I"}},"clearTextFirst":true,"interactionType":"ENTER_TEXT"}]}
RESULT: {"script":"<script> [776 bytes]","args":[{"enterText":"10001013","selector":{"controlType":"sap.m.SearchField","properties":{"placeholder":"Search"},"searchOpenDialogs":true,"interaction":{"idSuffix":"I"}},"clearTextFirst":true,"interactionType":"ENTER_TEXT"}]}
COMMAND: POST /session/dbe42a6913d933bf746f002719692f06/actions - {"actions":[{"id":"action2","type":"key","parameters":{},"actions":[{"type":"keyDown","value":"î€‡"},{"type":"pause","duration":10},{"type":"keyUp","value":"î€‡"}]}]}
RESULT: {"actions":[{"id":"action2","type":"key","parameters":{},"actions":[{"type":"keyDown","value":"î€‡"},{"type":"pause","duration":10},{"type":"keyUp","value":"î€‡"}]}]}
COMMAND: GET /session/dbe42a6913d933bf746f002719692f06/screenshot - {}
RESULT: {}
COMMAND: POST /session/dbe42a6913d933bf746f002719692f06/element - {"using":"xpath","value":"//span[contains(text(), \"General Management\")]"}
RESULT: {"using":"xpath","value":"//span[contains(text(), \"General Management\")]"}
COMMAND: POST /session/dbe42a6913d933bf746f002719692f06/element/f.AC1E98235C03768F9F99043C9DF93856.d.14007360A5C79B57A7BF69E25C7F3382.e.633/click - {}
RESULT: {}
COMMAND: GET /session/dbe42a6913d933bf746f002719692f06/screenshot - {}
RESULT: {}
COMMAND: POST /session/dbe42a6913d933bf746f002719692f06/element - {"using":"xpath","value":"//bdi[contains(text(), \"OK\")]"}
RESULT: {"using":"xpath","value":"//bdi[contains(text(), \"OK\")]"}
COMMAND: POST /session/dbe42a6913d933bf746f002719692f06/element/f.AC1E98235C03768F9F99043C9DF93856.d.14007360A5C79B57A7BF69E25C7F3382.e.634/click - {}
RESULT: {}
COMMAND: GET /session/dbe42a6913d933bf746f002719692f06/screenshot - {}
RESULT: {}
COMMAND: POST /session/dbe42a6913d933bf746f002719692f06/execute/async - {"script":"<script> [1562 bytes]","args":[{"selector":{"controlType":"sap.m.Button","viewName":"etm.portal.ui.manageyards.view.New","viewId":"application-manageyards-display-component---NewYard","i18NText":{"propertyName":"text","key":"save"},"interaction":{"idSuffix":"inner"}},"wdio_ui5_key":"etmportal.ui.manageyards.view.Newsap.m.Button{\"propertyName\":\"text\",\"key\":\"save\"}"}]}
RESULT: {"script":"<script> [1562 bytes]","args":[{"selector":{"controlType":"sap.m.Button","viewName":"etm.portal.ui.manageyards.view.New","viewId":"application-manageyards-display-component---NewYard","i18NText":{"propertyName":"text","key":"save"},"interaction":{"idSuffix":"inner"}},"wdio_ui5_key":"etmportal.ui.manageyards.view.Newsap.m.Button{\"propertyName\":\"text\",\"key\":\"save\"}"}]}
RESULT: undefined
COMMAND: POST /session/dbe42a6913d933bf746f002719692f06/element - {"using":"xpath","value":"//*[@id=\"__button18\"]"}
RESULT: {"using":"xpath","value":"//*[@id=\"__button18\"]"}
COMMAND: POST /session/dbe42a6913d933bf746f002719692f06/element/f.AC1E98235C03768F9F99043C9DF93856.d.14007360A5C79B57A7BF69E25C7F3382.e.537/click - {}
RESULT: {}
COMMAND: GET /session/dbe42a6913d933bf746f002719692f06/screenshot - {}
RESULT: {}
COMMAND: POST /session/dbe42a6913d933bf746f002719692f06/element - {"using":"xpath","value":"//header/div/div[2]/div[2]/span"}
RESULT: {"using":"xpath","value":"//header/div/div[2]/div[2]/span"}
COMMAND: GET /session/dbe42a6913d933bf746f002719692f06/element/f.AC1E98235C03768F9F99043C9DF93856.d.14007360A5C79B57A7BF69E25C7F3382.e.819/text - {}
RESULT: {}
COMMAND: POST /session/dbe42a6913d933bf746f002719692f06/execute/async - {"script":"<script> [1562 bytes]","args":[{"selector":{"controlType":"sap.m.OverflowToolbarButton","viewName":"etm.portal.ui.manageyards.view.Detail","viewId":"application-manageyards-display-component---detailYard","i18NText":{"propertyName":"tooltip","key":"closeColumn"},"interaction":{"idSuffix":"inner"}},"wdio_ui5_key":"etmportal.ui.manageyards.view.Detailsap.m.OverflowToolbarButton{\"propertyName\":\"tooltip\",\"key\":\"closeColumn\"}"}]}
RESULT: {"script":"<script> [1562 bytes]","args":[{"selector":{"controlType":"sap.m.OverflowToolbarButton","viewName":"etm.portal.ui.manageyards.view.Detail","viewId":"application-manageyards-display-component---detailYard","i18NText":{"propertyName":"tooltip","key":"closeColumn"},"interaction":{"idSuffix":"inner"}},"wdio_ui5_key":"etmportal.ui.manageyards.view.Detailsap.m.OverflowToolbarButton{\"propertyName\":\"tooltip\",\"key\":\"closeColumn\"}"}]}
RESULT: undefined
COMMAND: POST /session/dbe42a6913d933bf746f002719692f06/element - {"using":"xpath","value":"//*[@id=\"__button40\"]"}
RESULT: {"using":"xpath","value":"//*[@id=\"__button40\"]"}
COMMAND: POST /session/dbe42a6913d933bf746f002719692f06/element/f.AC1E98235C03768F9F99043C9DF93856.d.14007360A5C79B57A7BF69E25C7F3382.e.821/click - {}
RESULT: {}
COMMAND: GET /session/dbe42a6913d933bf746f002719692f06/screenshot - {}
RESULT: {}
COMMAND: POST /session/dbe42a6913d933bf746f002719692f06/element - {"using":"css selector","value":"#shell-header-logo"}
RESULT: {"using":"css selector","value":"#shell-header-logo"}
COMMAND: POST /session/dbe42a6913d933bf746f002719692f06/element/f.AC1E98235C03768F9F99043C9DF93856.d.14007360A5C79B57A7BF69E25C7F3382.e.116/click - {}
RESULT: {}
COMMAND: GET /session/dbe42a6913d933bf746f002719692f06/screenshot - {}
RESULT: {}
COMMAND: POST /session/dbe42a6913d933bf746f002719692f06/refresh - {}
RESULT: {}
COMMAND: GET /session/dbe42a6913d933bf746f002719692f06/screenshot - {}
RESULT: {}
COMMAND: POST /session/dbe42a6913d933bf746f002719692f06/execute/async - {"script":"<script> [189 bytes]","args":[]}
RESULT: {"script":"<script> [189 bytes]","args":[]}
COMMAND: POST /session/dbe42a6913d933bf746f002719692f06/execute/async - {"script":"<script> [123 bytes]","args":[]}
RESULT: {"script":"<script> [123 bytes]","args":[]}
COMMAND: POST /session/dbe42a6913d933bf746f002719692f06/timeouts - {"script":"<number>"}
RESULT: {"script":"<number>"}
COMMAND: GET /session/dbe42a6913d933bf746f002719692f06/timeouts - {}
RESULT: {}
RESULT: undefined
COMMAND: POST /session/dbe42a6913d933bf746f002719692f06/execute/async - {"script":"<script> [2676 bytes]","args":[]}
RESULT: {"script":"<script> [2676 bytes]","args":[]}
COMMAND: POST /session/dbe42a6913d933bf746f002719692f06/execute/async - {"script":"<script> [2342 bytes]","args":[{"protocol":"http","hostname":"0.0.0.0","path":"/","capabilities":{"browserName":"chrome","goog:chromeOptions":{"binary":"C:\\Program Files\\Google\\Chrome\\Application\\chrome.exe","args":["--start-maximized"]}},"logLevel":"warn","connectionRetryTimeout":120000,"connectionRetryCount":3,"logLevels":{},"enableDirectConnect":true,"strictSSL":true,"_":"65 more keys: [\"cacheDir\",\"port\",\"requestedCapabilities\",\"automationProtocol\",\"baseUrl\",\"waitforInterval\",\"waitforTimeout\",\"onReload\",\"beforeCommand\",\"afterCommand\",\"rootDir\",\"specs\",\"suites\",\"exclude\",\"groupLogsByTestSpec\",\"excludeDriverLogs\",\"bail\",\"framework\",\"reporters\",\"services\",\"maxInstances\",\"maxInstancesPerCapability\",\"injectGlobals\",\"filesToWatch\",\"execArgv\",\"runnerEnv\",\"runner\",\"shard\",\"specFileRetries\",\"specFileRetriesDelay\",\"specFileRetriesDeferred\",\"reporterSyncInterval\",\"reporterSyncTimeout\",\"cucumberFeaturesWithLineNumbers\",\"autoCompileOpts\",\"mochaOpts\",\"jasmineOpts\",\"cucumberOpts\",\"onPrepare\",\"onWorkerStart\",\"onWorkerEnd\",\"before\",\"beforeSession\",\"beforeSuite\",\"beforeHook\",\"beforeTest\",\"afterTest\",\"afterHook\",\"afterSuite\",\"afterSession\",\"after\",\"onComplete\",\"beforeAssertion\",\"afterAssertion\",\"beforeFeature\",\"beforeScenario\",\"beforeStep\",\"afterStep\",\"afterScenario\",\"afterFeature\",\"_\",\"suite\",\"$0\",\"ignoredWorkerServices\",\"wdi5\"]"}]}
RESULT: {"script":"<script> [2342 bytes]","args":[{"protocol":"http","hostname":"0.0.0.0","path":"/","capabilities":{"browserName":"chrome","goog:chromeOptions":{"binary":"C:\\Program Files\\Google\\Chrome\\Application\\chrome.exe","args":["--start-maximized"]}},"logLevel":"warn","connectionRetryTimeout":120000,"connectionRetryCount":3,"logLevels":{},"enableDirectConnect":true,"strictSSL":true,"_":"65 more keys: [\"cacheDir\",\"port\",\"requestedCapabilities\",\"automationProtocol\",\"baseUrl\",\"waitforInterval\",\"waitforTimeout\",\"onReload\",\"beforeCommand\",\"afterCommand\",\"rootDir\",\"specs\",\"suites\",\"exclude\",\"groupLogsByTestSpec\",\"excludeDriverLogs\",\"bail\",\"framework\",\"reporters\",\"services\",\"maxInstances\",\"maxInstancesPerCapability\",\"injectGlobals\",\"filesToWatch\",\"execArgv\",\"runnerEnv\",\"runner\",\"shard\",\"specFileRetries\",\"specFileRetriesDelay\",\"specFileRetriesDeferred\",\"reporterSyncInterval\",\"reporterSyncTimeout\",\"cucumberFeaturesWithLineNumbers\",\"autoCompileOpts\",\"mochaOpts\",\"jasmineOpts\",\"cucumberOpts\",\"onPrepare\",\"onWorkerStart\",\"onWorkerEnd\",\"before\",\"beforeSession\",\"beforeSuite\",\"beforeHook\",\"beforeTest\",\"afterTest\",\"afterHook\",\"afterSuite\",\"afterSession\",\"after\",\"onComplete\",\"beforeAssertion\",\"afterAssertion\",\"beforeFeature\",\"beforeScenario\",\"beforeStep\",\"afterStep\",\"afterScenario\",\"afterFeature\",\"_\",\"suite\",\"$0\",\"ignoredWorkerServices\",\"wdi5\"]"}]}
COMMAND: POST /session/dbe42a6913d933bf746f002719692f06/execute/async - {"script":"<script> [21126 bytes]","args":[35000]}
RESULT: {"script":"<script> [21126 bytes]","args":[35000]}
COMMAND: POST /session/dbe42a6913d933bf746f002719692f06/execute/async - {"script":"<script> [1562 bytes]","args":[{"selector":{"controlType":"sap.m.GenericTile","properties":{"header":"Manage Partners"}},"wdio_ui5_key":"sapm.GenericTile{\"header\":\"Manage Partners\"}"}]}
RESULT: {"script":"<script> [1562 bytes]","args":[{"selector":{"controlType":"sap.m.GenericTile","properties":{"header":"Manage Partners"}},"wdio_ui5_key":"sapm.GenericTile{\"header\":\"Manage Partners\"}"}]}
RESULT: undefined
COMMAND: POST /session/dbe42a6913d933bf746f002719692f06/element - {"using":"xpath","value":"//*[@id=\"__tile38\"]"}
RESULT: {"using":"xpath","value":"//*[@id=\"__tile38\"]"}
COMMAND: POST /session/dbe42a6913d933bf746f002719692f06/element/f.AC1E98235C03768F9F99043C9DF93856.d.51396BCBB489A2E410F5073CC4A030F9.e.1178/click - {}
RESULT: {}
COMMAND: GET /session/dbe42a6913d933bf746f002719692f06/screenshot - {}
RESULT: {}
COMMAND: POST /session/dbe42a6913d933bf746f002719692f06/elements - {"using":"xpath","value":"//span[text()='Error']"}
RESULT: {"using":"xpath","value":"//span[text()='Error']"}
COMMAND: POST /session/dbe42a6913d933bf746f002719692f06/execute/async - {"script":"<script> [1562 bytes]","args":[{"selector":{"controlType":"sap.ui.core.Icon","viewName":"etm.portal.ui.managepartners.view.Master","viewId":"application-managepartners-display-component---masterPtm","properties":{"src":{"regex":{"source":"add"}}}},"wdio_ui5_key":"etmportal.ui.managepartners.view.Mastersap.ui.core.Icon{\"src\":{\"regex\":{\"source\":\"add\"}}}"}]}
RESULT: {"script":"<script> [1562 bytes]","args":[{"selector":{"controlType":"sap.ui.core.Icon","viewName":"etm.portal.ui.managepartners.view.Master","viewId":"application-managepartners-display-component---masterPtm","properties":{"src":{"regex":{"source":"add"}}}},"wdio_ui5_key":"etmportal.ui.managepartners.view.Mastersap.ui.core.Icon{\"src\":{\"regex\":{\"source\":\"add\"}}}"}]}
RESULT: undefined
COMMAND: POST /session/dbe42a6913d933bf746f002719692f06/element - {"using":"xpath","value":"//*[@id=\"__button4-img\"]"}
RESULT: {"using":"xpath","value":"//*[@id=\"__button4-img\"]"}
COMMAND: POST /session/dbe42a6913d933bf746f002719692f06/element/f.AC1E98235C03768F9F99043C9DF93856.d.51396BCBB489A2E410F5073CC4A030F9.e.1229/click - {}
RESULT: {}
COMMAND: GET /session/dbe42a6913d933bf746f002719692f06/screenshot - {}
COMMAND: POST /session/dbe42a6913d933bf746f002719692f06/execute/async - {"script":"<script> [1562 bytes]","args":[{"selector":{"id":"application-managepartners-display-component---NewPartner--partnerId","interaction":{"idSuffix":"inner"}},"wdio_ui5_key":"applicationmanagepartners-display-component---NewPartner--partnerId"}]}
RESULT: {}
RESULT: {"script":"<script> [1562 bytes]","args":[{"selector":{"id":"application-managepartners-display-component---NewPartner--partnerId","interaction":{"idSuffix":"inner"}},"wdio_ui5_key":"applicationmanagepartners-display-component---NewPartner--partnerId"}]}
RESULT: undefined
COMMAND: POST /session/dbe42a6913d933bf746f002719692f06/execute/async - {"script":"<script> [1562 bytes]","args":[{"selector":{"id":"application-managepartners-display-component---NewPartner--addressDetailDetailsName1","interaction":{"idSuffix":"inner"}},"wdio_ui5_key":"applicationmanagepartners-display-component---NewPartner--addressDetailDetailsName1"}]}
RESULT: {"script":"<script> [1562 bytes]","args":[{"selector":{"id":"application-managepartners-display-component---NewPartner--addressDetailDetailsName1","interaction":{"idSuffix":"inner"}},"wdio_ui5_key":"applicationmanagepartners-display-component---NewPartner--addressDetailDetailsName1"}]}
RESULT: undefined
COMMAND: POST /session/dbe42a6913d933bf746f002719692f06/execute/async - {"script":"<script> [776 bytes]","args":[{"enterText":"WebdriverPartnerm93hri","selector":{"id":"application-managepartners-display-component---NewPartner--addressDetailDetailsName1","interaction":{"idSuffix":"inner"}},"clearTextFirst":true,"interactionType":"ENTER_TEXT"}]}
RESULT: {"script":"<script> [776 bytes]","args":[{"enterText":"WebdriverPartnerm93hri","selector":{"id":"application-managepartners-display-component---NewPartner--addressDetailDetailsName1","interaction":{"idSuffix":"inner"}},"clearTextFirst":true,"interactionType":"ENTER_TEXT"}]}
COMMAND: POST /session/dbe42a6913d933bf746f002719692f06/execute/async - {"script":"<script> [1562 bytes]","args":[{"selector":{"id":"application-managepartners-display-component---NewPartner--addressDetailDetailsLanguage","interaction":{"idSuffix":"inner"}},"wdio_ui5_key":"applicationmanagepartners-display-component---NewPartner--addressDetailDetailsLanguage"}]}
RESULT: {"script":"<script> [1562 bytes]","args":[{"selector":{"id":"application-managepartners-display-component---NewPartner--addressDetailDetailsLanguage","interaction":{"idSuffix":"inner"}},"wdio_ui5_key":"applicationmanagepartners-display-component---NewPartner--addressDetailDetailsLanguage"}]}
RESULT: undefined
COMMAND: POST /session/dbe42a6913d933bf746f002719692f06/execute/async - {"script":"<script> [776 bytes]","args":[{"enterText":"Romanian","selector":{"id":"application-managepartners-display-component---NewPartner--addressDetailDetailsLanguage","interaction":{"idSuffix":"inner"}},"clearTextFirst":true,"interactionType":"ENTER_TEXT"}]}
RESULT: {"script":"<script> [776 bytes]","args":[{"enterText":"Romanian","selector":{"id":"application-managepartners-display-component---NewPartner--addressDetailDetailsLanguage","interaction":{"idSuffix":"inner"}},"clearTextFirst":true,"interactionType":"ENTER_TEXT"}]}
COMMAND: POST /session/dbe42a6913d933bf746f002719692f06/element - {"using":"xpath","value":"//input[contains(@id ,\"application-managepartners-display-component---NewPartner--addressDetailDetailsName1-inner\")]"}
RESULT: {"using":"xpath","value":"//input[contains(@id ,\"application-managepartners-display-component---NewPartner--addressDetailDetailsName1-inner\")]"}
COMMAND: GET /session/dbe42a6913d933bf746f002719692f06/element/f.AC1E98235C03768F9F99043C9DF93856.d.51396BCBB489A2E410F5073CC4A030F9.e.1411/property/value - {}
RESULT: {}
COMMAND: POST /session/dbe42a6913d933bf746f002719692f06/execute/async - {"script":"<script> [1562 bytes]","args":[{"selector":{"id":"application-managepartners-display-component---NewPartner--addressDetailDetailsCity1","interaction":{"idSuffix":"inner"}},"wdio_ui5_key":"applicationmanagepartners-display-component---NewPartner--addressDetailDetailsCity1"}]}
COMMAND: GET /session/dbe42a6913d933bf746f002719692f06/screenshot - {}
RESULT: {"script":"<script> [1562 bytes]","args":[{"selector":{"id":"application-managepartners-display-component---NewPartner--addressDetailDetailsCity1","interaction":{"idSuffix":"inner"}},"wdio_ui5_key":"applicationmanagepartners-display-component---NewPartner--addressDetailDetailsCity1"}]}
RESULT: undefined
COMMAND: POST /session/dbe42a6913d933bf746f002719692f06/execute/async - {"script":"<script> [776 bytes]","args":[{"enterText":"Bucharest","selector":{"id":"application-managepartners-display-component---NewPartner--addressDetailDetailsCity1","interaction":{"idSuffix":"inner"}},"clearTextFirst":true,"interactionType":"ENTER_TEXT"}]}
RESULT: {}
RESULT: {"script":"<script> [776 bytes]","args":[{"enterText":"Bucharest","selector":{"id":"application-managepartners-display-component---NewPartner--addressDetailDetailsCity1","interaction":{"idSuffix":"inner"}},"clearTextFirst":true,"interactionType":"ENTER_TEXT"}]}
COMMAND: POST /session/dbe42a6913d933bf746f002719692f06/execute/async - {"script":"<script> [1562 bytes]","args":[{"selector":{"id":"application-managepartners-display-component---NewPartner--addressDetailDetailsCountry","interaction":{"idSuffix":"inner"}},"wdio_ui5_key":"applicationmanagepartners-display-component---NewPartner--addressDetailDetailsCountry"}]}
RESULT: {"script":"<script> [1562 bytes]","args":[{"selector":{"id":"application-managepartners-display-component---NewPartner--addressDetailDetailsCountry","interaction":{"idSuffix":"inner"}},"wdio_ui5_key":"applicationmanagepartners-display-component---NewPartner--addressDetailDetailsCountry"}]}
RESULT: undefined
COMMAND: POST /session/dbe42a6913d933bf746f002719692f06/execute/async - {"script":"<script> [6424 bytes]","args":[{"element-6066-11e4-a52e-4f735466cecf":"f.AC1E98235C03768F9F99043C9DF93856.d.51396BCBB489A2E410F5073CC4A030F9.e.1418"},"setValue",["Romania"]]}
RESULT: {"script":"<script> [6424 bytes]","args":[{"element-6066-11e4-a52e-4f735466cecf":"f.AC1E98235C03768F9F99043C9DF93856.d.51396BCBB489A2E410F5073CC4A030F9.e.1418"},"setValue",["Romania"]]}
COMMAND: POST /session/dbe42a6913d933bf746f002719692f06/execute/async - {"script":"<script> [1562 bytes]","args":[{"selector":{"id":"application-managepartners-display-component---NewPartner--partnerDetailInternal","interaction":{"idSuffix":"inner"}},"wdio_ui5_key":"applicationmanagepartners-display-component---NewPartner--partnerDetailInternal"}]}
RESULT: {"script":"<script> [1562 bytes]","args":[{"selector":{"id":"application-managepartners-display-component---NewPartner--partnerDetailInternal","interaction":{"idSuffix":"inner"}},"wdio_ui5_key":"applicationmanagepartners-display-component---NewPartner--partnerDetailInternal"}]}
RESULT: undefined
COMMAND: POST /session/dbe42a6913d933bf746f002719692f06/execute/async - {"script":"<script> [776 bytes]","args":[{"enterText":"External partner","selector":{"id":"application-managepartners-display-component---NewPartner--partnerDetailInternal","interaction":{"idSuffix":"inner"}},"clearTextFirst":true,"interactionType":"ENTER_TEXT"}]}
RESULT: {"script":"<script> [776 bytes]","args":[{"enterText":"External partner","selector":{"id":"application-managepartners-display-component---NewPartner--partnerDetailInternal","interaction":{"idSuffix":"inner"}},"clearTextFirst":true,"interactionType":"ENTER_TEXT"}]}
COMMAND: POST /session/dbe42a6913d933bf746f002719692f06/execute/async - {"script":"<script> [1562 bytes]","args":[{"selector":{"id":"application-managepartners-display-component---NewPartner--partnerDetailsCurrency","interaction":{"idSuffix":"inner"}},"wdio_ui5_key":"applicationmanagepartners-display-component---NewPartner--partnerDetailsCurrency"}]}
RESULT: {"script":"<script> [1562 bytes]","args":[{"selector":{"id":"application-managepartners-display-component---NewPartner--partnerDetailsCurrency","interaction":{"idSuffix":"inner"}},"wdio_ui5_key":"applicationmanagepartners-display-component---NewPartner--partnerDetailsCurrency"}]}
RESULT: undefined
COMMAND: POST /session/dbe42a6913d933bf746f002719692f06/execute/async - {"script":"<script> [776 bytes]","args":[{"enterText":"Euro","selector":{"id":"application-managepartners-display-component---NewPartner--partnerDetailsCurrency","interaction":{"idSuffix":"inner"}},"clearTextFirst":true,"interactionType":"ENTER_TEXT"}]}
RESULT: {"script":"<script> [776 bytes]","args":[{"enterText":"Euro","selector":{"id":"application-managepartners-display-component---NewPartner--partnerDetailsCurrency","interaction":{"idSuffix":"inner"}},"clearTextFirst":true,"interactionType":"ENTER_TEXT"}]}
COMMAND: POST /session/dbe42a6913d933bf746f002719692f06/execute/async - {"script":"<script> [1562 bytes]","args":[{"selector":{"controlType":"sap.m.Button","viewName":"etm.portal.ui.managepartners.view.NewPartner","viewId":"application-managepartners-display-component---NewPartner","properties":{"text":"Commercial"},"interaction":{"idSuffix":"BDI-content"}},"wdio_ui5_key":"etmportal.ui.managepartners.view.NewPartnersap.m.Button{\"text\":\"Commercial\"}"}]}
RESULT: {"script":"<script> [1562 bytes]","args":[{"selector":{"controlType":"sap.m.Button","viewName":"etm.portal.ui.managepartners.view.NewPartner","viewId":"application-managepartners-display-component---NewPartner","properties":{"text":"Commercial"},"interaction":{"idSuffix":"BDI-content"}},"wdio_ui5_key":"etmportal.ui.managepartners.view.NewPartnersap.m.Button{\"text\":\"Commercial\"}"}]}
RESULT: undefined
COMMAND: POST /session/dbe42a6913d933bf746f002719692f06/element - {"using":"xpath","value":"//*[@id=\"application-managepartners-display-component---NewPartner--ObjectPageLayout-anchBar-__section5-anchor\"]"}
RESULT: {"using":"xpath","value":"//*[@id=\"application-managepartners-display-component---NewPartner--ObjectPageLayout-anchBar-__section5-anchor\"]"}
COMMAND: POST /session/dbe42a6913d933bf746f002719692f06/element/f.AC1E98235C03768F9F99043C9DF93856.d.51396BCBB489A2E410F5073CC4A030F9.e.1639/click - {}
RESULT: {}
COMMAND: GET /session/dbe42a6913d933bf746f002719692f06/screenshot - {}
RESULT: {}
COMMAND: POST /session/dbe42a6913d933bf746f002719692f06/execute/async - {"script":"<script> [1562 bytes]","args":[{"selector":{"id":"application-managepartners-display-component---NewPartner--btnAddTableRow-img"},"wdio_ui5_key":"applicationmanagepartners-display-component---NewPartner--btnAddTableRow-img"}]}
RESULT: {"script":"<script> [1562 bytes]","args":[{"selector":{"id":"application-managepartners-display-component---NewPartner--btnAddTableRow-img"},"wdio_ui5_key":"applicationmanagepartners-display-component---NewPartner--btnAddTableRow-img"}]}
RESULT: undefined
COMMAND: POST /session/dbe42a6913d933bf746f002719692f06/element - {"using":"xpath","value":"//*[@id=\"application-managepartners-display-component---NewPartner--btnAddTableRow-img\"]"}
RESULT: {"using":"xpath","value":"//*[@id=\"application-managepartners-display-component---NewPartner--btnAddTableRow-img\"]"}
COMMAND: POST /session/dbe42a6913d933bf746f002719692f06/element/f.AC1E98235C03768F9F99043C9DF93856.d.51396BCBB489A2E410F5073CC4A030F9.e.1645/click - {}
RESULT: {}
COMMAND: POST /session/dbe42a6913d933bf746f002719692f06/element - {"using":"xpath","value":"//input[contains(@id ,\"application-managepartners-display-component---NewPartner--assignmentYard-application-managepartners-display-component---NewPartner\")]"}
COMMAND: GET /session/dbe42a6913d933bf746f002719692f06/screenshot - {}
RESULT: {"using":"xpath","value":"//input[contains(@id ,\"application-managepartners-display-component---NewPartner--assignmentYard-application-managepartners-display-component---NewPartner\")]"}
COMMAND: POST /session/dbe42a6913d933bf746f002719692f06/element/f.AC1E98235C03768F9F99043C9DF93856.d.51396BCBB489A2E410F5073CC4A030F9.e.1648/clear - {}
RESULT: {}
RESULT: {}
COMMAND: POST /session/dbe42a6913d933bf746f002719692f06/element/f.AC1E98235C03768F9F99043C9DF93856.d.51396BCBB489A2E410F5073CC4A030F9.e.1648/value - {"text":"278"}
COMMAND: GET /session/dbe42a6913d933bf746f002719692f06/screenshot - {}
RESULT: {"text":"278"}
COMMAND: GET /session/dbe42a6913d933bf746f002719692f06/screenshot - {}
RESULT: {}
RESULT: {}
COMMAND: POST /session/dbe42a6913d933bf746f002719692f06/execute/async - {"script":"<script> [1562 bytes]","args":[{"selector":{"controlType":"sap.m.Button","viewName":"etm.portal.ui.managepartners.view.NewPartner","viewId":"application-managepartners-display-component---NewPartner","i18NText":{"propertyName":"text","key":"save"},"interaction":{"idSuffix":"BDI-content"}},"wdio_ui5_key":"etmportal.ui.managepartners.view.NewPartnersap.m.Button{\"propertyName\":\"text\",\"key\":\"save\"}"}]}
RESULT: {"script":"<script> [1562 bytes]","args":[{"selector":{"controlType":"sap.m.Button","viewName":"etm.portal.ui.managepartners.view.NewPartner","viewId":"application-managepartners-display-component---NewPartner","i18NText":{"propertyName":"text","key":"save"},"interaction":{"idSuffix":"BDI-content"}},"wdio_ui5_key":"etmportal.ui.managepartners.view.NewPartnersap.m.Button{\"propertyName\":\"text\",\"key\":\"save\"}"}]}
RESULT: undefined
COMMAND: POST /session/dbe42a6913d933bf746f002719692f06/element - {"using":"xpath","value":"//*[@id=\"__button12\"]"}
RESULT: {"using":"xpath","value":"//*[@id=\"__button12\"]"}
COMMAND: POST /session/dbe42a6913d933bf746f002719692f06/element/f.AC1E98235C03768F9F99043C9DF93856.d.51396BCBB489A2E410F5073CC4A030F9.e.1562/click - {}
RESULT: {}
COMMAND: GET /session/dbe42a6913d933bf746f002719692f06/screenshot - {}
RESULT: {}
COMMAND: POST /session/dbe42a6913d933bf746f002719692f06/element - {"using":"xpath","value":"//header/div/div[2]/div[2]/span"}
RESULT: {"using":"xpath","value":"//header/div/div[2]/div[2]/span"}
COMMAND: GET /session/dbe42a6913d933bf746f002719692f06/element/f.AC1E98235C03768F9F99043C9DF93856.d.51396BCBB489A2E410F5073CC4A030F9.e.1822/text - {}
RESULT: {}
COMMAND: POST /session/dbe42a6913d933bf746f002719692f06/element - {"using":"xpath","value":"//header/div/div/div/div/div/div[2]/div/span"}
RESULT: {"using":"xpath","value":"//header/div/div/div/div/div/div[2]/div/span"}
COMMAND: GET /session/dbe42a6913d933bf746f002719692f06/element/f.AC1E98235C03768F9F99043C9DF93856.d.51396BCBB489A2E410F5073CC4A030F9.e.1823/text - {}
RESULT: {}
COMMAND: POST /session/dbe42a6913d933bf746f002719692f06/execute/async - {"script":"<script> [1562 bytes]","args":[{"selector":{"id":"application-managepartners-display-component---detailPtm--partnerType"},"wdio_ui5_key":"applicationmanagepartners-display-component---detailPtm--partnerType"}]}
RESULT: {"script":"<script> [1562 bytes]","args":[{"selector":{"id":"application-managepartners-display-component---detailPtm--partnerType"},"wdio_ui5_key":"applicationmanagepartners-display-component---detailPtm--partnerType"}]}
RESULT: undefined
COMMAND: POST /session/dbe42a6913d933bf746f002719692f06/execute/async - {"script":"<script> [6424 bytes]","args":[{"element-6066-11e4-a52e-4f735466cecf":"f.AC1E98235C03768F9F99043C9DF93856.d.51396BCBB489A2E410F5073CC4A030F9.e.1824"},"getText",[]]}
RESULT: {"script":"<script> [6424 bytes]","args":[{"element-6066-11e4-a52e-4f735466cecf":"f.AC1E98235C03768F9F99043C9DF93856.d.51396BCBB489A2E410F5073CC4A030F9.e.1824"},"getText",[]]}
COMMAND: POST /session/dbe42a6913d933bf746f002719692f06/element - {"using":"css selector","value":"#shell-header-logo"}
RESULT: {"using":"css selector","value":"#shell-header-logo"}
COMMAND: POST /session/dbe42a6913d933bf746f002719692f06/element/f.AC1E98235C03768F9F99043C9DF93856.d.51396BCBB489A2E410F5073CC4A030F9.e.1181/click - {}
RESULT: {}
COMMAND: GET /session/dbe42a6913d933bf746f002719692f06/screenshot - {}
RESULT: {}
COMMAND: POST /session/dbe42a6913d933bf746f002719692f06/execute/async - {"script":"<script> [1562 bytes]","args":[{"selector":{"controlType":"sap.m.GenericTile","properties":{"header":"Manage Sites"}},"wdio_ui5_key":"sapm.GenericTile{\"header\":\"Manage Sites\"}"}]}
RESULT: {"script":"<script> [1562 bytes]","args":[{"selector":{"controlType":"sap.m.GenericTile","properties":{"header":"Manage Sites"}},"wdio_ui5_key":"sapm.GenericTile{\"header\":\"Manage Sites\"}"}]}
RESULT: undefined
COMMAND: POST /session/dbe42a6913d933bf746f002719692f06/element - {"using":"xpath","value":"//*[@id=\"__tile40\"]"}
RESULT: {"using":"xpath","value":"//*[@id=\"__tile40\"]"}
COMMAND: POST /session/dbe42a6913d933bf746f002719692f06/element/f.AC1E98235C03768F9F99043C9DF93856.d.51396BCBB489A2E410F5073CC4A030F9.e.1826/click - {}
RESULT: {}
COMMAND: GET /session/dbe42a6913d933bf746f002719692f06/screenshot - {}
RESULT: {}
COMMAND: POST /session/dbe42a6913d933bf746f002719692f06/elements - {"using":"xpath","value":"//span[text()='Error']"}
RESULT: {"using":"xpath","value":"//span[text()='Error']"}
COMMAND: POST /session/dbe42a6913d933bf746f002719692f06/execute/async - {"script":"<script> [1562 bytes]","args":[{"selector":{"controlType":"sap.ui.core.Icon","viewName":"etm.portal.ui.managesites.view.Master","viewId":"application-managesites-display-component---masterSite","properties":{"src":{"regex":{"source":"add"}}}},"wdio_ui5_key":"etmportal.ui.managesites.view.Mastersap.ui.core.Icon{\"src\":{\"regex\":{\"source\":\"add\"}}}"}]}
RESULT: {"script":"<script> [1562 bytes]","args":[{"selector":{"controlType":"sap.ui.core.Icon","viewName":"etm.portal.ui.managesites.view.Master","viewId":"application-managesites-display-component---masterSite","properties":{"src":{"regex":{"source":"add"}}}},"wdio_ui5_key":"etmportal.ui.managesites.view.Mastersap.ui.core.Icon{\"src\":{\"regex\":{\"source\":\"add\"}}}"}]}
RESULT: undefined
COMMAND: POST /session/dbe42a6913d933bf746f002719692f06/element - {"using":"xpath","value":"//*[@id=\"__button48-img\"]"}
RESULT: {"using":"xpath","value":"//*[@id=\"__button48-img\"]"}
COMMAND: POST /session/dbe42a6913d933bf746f002719692f06/element/f.AC1E98235C03768F9F99043C9DF93856.d.51396BCBB489A2E410F5073CC4A030F9.e.1876/click - {}
RESULT: {}
COMMAND: POST /session/dbe42a6913d933bf746f002719692f06/execute/async - {"script":"<script> [1562 bytes]","args":[{"selector":{"id":"application-managesites-display-component---NewSite--siteId","interaction":{"idSuffix":"inner"}},"wdio_ui5_key":"applicationmanagesites-display-component---NewSite--siteId"}]}
COMMAND: GET /session/dbe42a6913d933bf746f002719692f06/screenshot - {}
RESULT: {"script":"<script> [1562 bytes]","args":[{"selector":{"id":"application-managesites-display-component---NewSite--siteId","interaction":{"idSuffix":"inner"}},"wdio_ui5_key":"applicationmanagesites-display-component---NewSite--siteId"}]}
RESULT: undefined
COMMAND: POST /session/dbe42a6913d933bf746f002719692f06/execute/async - {"script":"<script> [1562 bytes]","args":[{"selector":{"id":"application-managesites-display-component---NewSite--addressDetailDetailsName1","interaction":{"idSuffix":"inner"}},"wdio_ui5_key":"applicationmanagesites-display-component---NewSite--addressDetailDetailsName1"}]}
RESULT: {}
RESULT: {"script":"<script> [1562 bytes]","args":[{"selector":{"id":"application-managesites-display-component---NewSite--addressDetailDetailsName1","interaction":{"idSuffix":"inner"}},"wdio_ui5_key":"applicationmanagesites-display-component---NewSite--addressDetailDetailsName1"}]}
RESULT: undefined
COMMAND: POST /session/dbe42a6913d933bf746f002719692f06/execute/async - {"script":"<script> [776 bytes]","args":[{"enterText":"WebdriverSitetv19i","selector":{"id":"application-managesites-display-component---NewSite--addressDetailDetailsName1","interaction":{"idSuffix":"inner"}},"clearTextFirst":true,"interactionType":"ENTER_TEXT"}]}
RESULT: {"script":"<script> [776 bytes]","args":[{"enterText":"WebdriverSitetv19i","selector":{"id":"application-managesites-display-component---NewSite--addressDetailDetailsName1","interaction":{"idSuffix":"inner"}},"clearTextFirst":true,"interactionType":"ENTER_TEXT"}]}
COMMAND: POST /session/dbe42a6913d933bf746f002719692f06/execute/async - {"script":"<script> [1562 bytes]","args":[{"selector":{"id":"application-managesites-display-component---NewSite--addressDetailDetailsLanguage","interaction":{"idSuffix":"inner"}},"wdio_ui5_key":"applicationmanagesites-display-component---NewSite--addressDetailDetailsLanguage"}]}
RESULT: {"script":"<script> [1562 bytes]","args":[{"selector":{"id":"application-managesites-display-component---NewSite--addressDetailDetailsLanguage","interaction":{"idSuffix":"inner"}},"wdio_ui5_key":"applicationmanagesites-display-component---NewSite--addressDetailDetailsLanguage"}]}
RESULT: undefined
COMMAND: POST /session/dbe42a6913d933bf746f002719692f06/execute/async - {"script":"<script> [776 bytes]","args":[{"enterText":"Romanian","selector":{"id":"application-managesites-display-component---NewSite--addressDetailDetailsLanguage","interaction":{"idSuffix":"inner"}},"clearTextFirst":true,"interactionType":"ENTER_TEXT"}]}
RESULT: {"script":"<script> [776 bytes]","args":[{"enterText":"Romanian","selector":{"id":"application-managesites-display-component---NewSite--addressDetailDetailsLanguage","interaction":{"idSuffix":"inner"}},"clearTextFirst":true,"interactionType":"ENTER_TEXT"}]}
COMMAND: POST /session/dbe42a6913d933bf746f002719692f06/execute/async - {"script":"<script> [1562 bytes]","args":[{"selector":{"id":"application-managesites-display-component---NewSite--addressDetailDetailsCity1","interaction":{"idSuffix":"inner"}},"wdio_ui5_key":"applicationmanagesites-display-component---NewSite--addressDetailDetailsCity1"}]}
RESULT: {"script":"<script> [1562 bytes]","args":[{"selector":{"id":"application-managesites-display-component---NewSite--addressDetailDetailsCity1","interaction":{"idSuffix":"inner"}},"wdio_ui5_key":"applicationmanagesites-display-component---NewSite--addressDetailDetailsCity1"}]}
RESULT: undefined
COMMAND: POST /session/dbe42a6913d933bf746f002719692f06/execute/async - {"script":"<script> [776 bytes]","args":[{"enterText":"Bucharest","selector":{"id":"application-managesites-display-component---NewSite--addressDetailDetailsCity1","interaction":{"idSuffix":"inner"}},"clearTextFirst":true,"interactionType":"ENTER_TEXT"}]}
RESULT: {"script":"<script> [776 bytes]","args":[{"enterText":"Bucharest","selector":{"id":"application-managesites-display-component---NewSite--addressDetailDetailsCity1","interaction":{"idSuffix":"inner"}},"clearTextFirst":true,"interactionType":"ENTER_TEXT"}]}
COMMAND: POST /session/dbe42a6913d933bf746f002719692f06/execute/async - {"script":"<script> [1562 bytes]","args":[{"selector":{"id":"application-managesites-display-component---NewSite--addressDetailDetailsCountry","interaction":{"idSuffix":"inner"}},"wdio_ui5_key":"applicationmanagesites-display-component---NewSite--addressDetailDetailsCountry"}]}
RESULT: {"script":"<script> [1562 bytes]","args":[{"selector":{"id":"application-managesites-display-component---NewSite--addressDetailDetailsCountry","interaction":{"idSuffix":"inner"}},"wdio_ui5_key":"applicationmanagesites-display-component---NewSite--addressDetailDetailsCountry"}]}
RESULT: undefined
COMMAND: POST /session/dbe42a6913d933bf746f002719692f06/execute/async - {"script":"<script> [776 bytes]","args":[{"enterText":"Romania","selector":{"id":"application-managesites-display-component---NewSite--addressDetailDetailsCountry","interaction":{"idSuffix":"inner"}},"clearTextFirst":true,"interactionType":"ENTER_TEXT"}]}
RESULT: {"script":"<script> [776 bytes]","args":[{"enterText":"Romania","selector":{"id":"application-managesites-display-component---NewSite--addressDetailDetailsCountry","interaction":{"idSuffix":"inner"}},"clearTextFirst":true,"interactionType":"ENTER_TEXT"}]}
COMMAND: POST /session/dbe42a6913d933bf746f002719692f06/element - {"using":"css selector","value":"#application-managesites-display-component---NewSite--addressDetailDetailsCalendar-inner"}
RESULT: {"using":"css selector","value":"#application-managesites-display-component---NewSite--addressDetailDetailsCalendar-inner"}
COMMAND: POST /session/dbe42a6913d933bf746f002719692f06/element/f.AC1E98235C03768F9F99043C9DF93856.d.51396BCBB489A2E410F5073CC4A030F9.e.2113/clear - {}
RESULT: {}
COMMAND: POST /session/dbe42a6913d933bf746f002719692f06/element/f.AC1E98235C03768F9F99043C9DF93856.d.51396BCBB489A2E410F5073CC4A030F9.e.2113/value - {"text":"Germany"}
COMMAND: GET /session/dbe42a6913d933bf746f002719692f06/screenshot - {}
RESULT: {"text":"Germany"}
COMMAND: POST /session/dbe42a6913d933bf746f002719692f06/execute/async - {"script":"<script> [1562 bytes]","args":[{"selector":{"id":"application-managesites-display-component---NewSite--addressEditDetailsCostObjectCstType-arrow"},"wdio_ui5_key":"applicationmanagesites-display-component---NewSite--addressEditDetailsCostObjectCstType-arrow"}]}
COMMAND: GET /session/dbe42a6913d933bf746f002719692f06/screenshot - {}
RESULT: {}
RESULT: {"script":"<script> [1562 bytes]","args":[{"selector":{"id":"application-managesites-display-component---NewSite--addressEditDetailsCostObjectCstType-arrow"},"wdio_ui5_key":"applicationmanagesites-display-component---NewSite--addressEditDetailsCostObjectCstType-arrow"}]}
RESULT: undefined
COMMAND: POST /session/dbe42a6913d933bf746f002719692f06/element - {"using":"xpath","value":"//*[@id=\"application-managesites-display-component---NewSite--addressEditDetailsCostObjectCstType-arrow\"]"}
RESULT: {}
RESULT: {"using":"xpath","value":"//*[@id=\"application-managesites-display-component---NewSite--addressEditDetailsCostObjectCstType-arrow\"]"}
COMMAND: POST /session/dbe42a6913d933bf746f002719692f06/element/f.AC1E98235C03768F9F99043C9DF93856.d.51396BCBB489A2E410F5073CC4A030F9.e.2290/click - {}
RESULT: {}
COMMAND: POST /session/dbe42a6913d933bf746f002719692f06/element - {"using":"xpath","value":"//span[contains(text(), \"Work Breakdown Structure\")]"}
COMMAND: GET /session/dbe42a6913d933bf746f002719692f06/screenshot - {}
RESULT: {"using":"xpath","value":"//span[contains(text(), \"Work Breakdown Structure\")]"}
COMMAND: POST /session/dbe42a6913d933bf746f002719692f06/element/f.AC1E98235C03768F9F99043C9DF93856.d.51396BCBB489A2E410F5073CC4A030F9.e.2291/click - {}
RESULT: {}
RESULT: {}
COMMAND: GET /session/dbe42a6913d933bf746f002719692f06/screenshot - {}
RESULT: {}
COMMAND: POST /session/dbe42a6913d933bf746f002719692f06/execute/async - {"script":"<script> [1562 bytes]","args":[{"selector":{"id":"application-managesites-display-component---NewSite--addressNewCostObjectCstID-vhi"},"wdio_ui5_key":"applicationmanagesites-display-component---NewSite--addressNewCostObjectCstID-vhi"}]}
RESULT: {"script":"<script> [1562 bytes]","args":[{"selector":{"id":"application-managesites-display-component---NewSite--addressNewCostObjectCstID-vhi"},"wdio_ui5_key":"applicationmanagesites-display-component---NewSite--addressNewCostObjectCstID-vhi"}]}
RESULT: undefined
COMMAND: POST /session/dbe42a6913d933bf746f002719692f06/element - {"using":"xpath","value":"//*[@id=\"application-managesites-display-component---NewSite--addressNewCostObjectCstID-vhi\"]"}
RESULT: {"using":"xpath","value":"//*[@id=\"application-managesites-display-component---NewSite--addressNewCostObjectCstID-vhi\"]"}
COMMAND: POST /session/dbe42a6913d933bf746f002719692f06/element/f.AC1E98235C03768F9F99043C9DF93856.d.51396BCBB489A2E410F5073CC4A030F9.e.2296/click - {}
RESULT: {}
COMMAND: GET /session/dbe42a6913d933bf746f002719692f06/screenshot - {}
RESULT: {}
COMMAND: POST /session/dbe42a6913d933bf746f002719692f06/execute/async - {"script":"<script> [1562 bytes]","args":[{"selector":{"controlType":"sap.m.SearchField","properties":{"placeholder":"Search"},"searchOpenDialogs":true,"interaction":{"idSuffix":"I"}},"wdio_ui5_key":"sapm.SearchField{\"placeholder\":\"Search\"}"}]}
RESULT: {"script":"<script> [1562 bytes]","args":[{"selector":{"controlType":"sap.m.SearchField","properties":{"placeholder":"Search"},"searchOpenDialogs":true,"interaction":{"idSuffix":"I"}},"wdio_ui5_key":"sapm.SearchField{\"placeholder\":\"Search\"}"}]}
RESULT: undefined
COMMAND: POST /session/dbe42a6913d933bf746f002719692f06/execute/async - {"script":"<script> [776 bytes]","args":[{"enterText":"A1-000100-01","selector":{"controlType":"sap.m.SearchField","properties":{"placeholder":"Search"},"searchOpenDialogs":true,"interaction":{"idSuffix":"I"}},"clearTextFirst":true,"interactionType":"ENTER_TEXT"}]}
RESULT: {"script":"<script> [776 bytes]","args":[{"enterText":"A1-000100-01","selector":{"controlType":"sap.m.SearchField","properties":{"placeholder":"Search"},"searchOpenDialogs":true,"interaction":{"idSuffix":"I"}},"clearTextFirst":true,"interactionType":"ENTER_TEXT"}]}
COMMAND: POST /session/dbe42a6913d933bf746f002719692f06/actions - {"actions":[{"id":"action3","type":"key","parameters":{},"actions":[{"type":"keyDown","value":"î€‡"},{"type":"pause","duration":10},{"type":"keyUp","value":"î€‡"}]}]}
RESULT: {"actions":[{"id":"action3","type":"key","parameters":{},"actions":[{"type":"keyDown","value":"î€‡"},{"type":"pause","duration":10},{"type":"keyUp","value":"î€‡"}]}]}
COMMAND: GET /session/dbe42a6913d933bf746f002719692f06/screenshot - {}
RESULT: {}
COMMAND: POST /session/dbe42a6913d933bf746f002719692f06/element - {"using":"xpath","value":"//span[contains(text(), \"Template for ETO-Process\")]"}
RESULT: {"using":"xpath","value":"//span[contains(text(), \"Template for ETO-Process\")]"}
COMMAND: POST /session/dbe42a6913d933bf746f002719692f06/element/f.AC1E98235C03768F9F99043C9DF93856.d.51396BCBB489A2E410F5073CC4A030F9.e.2317/click - {}
RESULT: {}
COMMAND: GET /session/dbe42a6913d933bf746f002719692f06/screenshot - {}
RESULT: {}
COMMAND: POST /session/dbe42a6913d933bf746f002719692f06/element - {"using":"xpath","value":"//bdi[contains(text(), \"OK\")]"}
RESULT: {"using":"xpath","value":"//bdi[contains(text(), \"OK\")]"}
COMMAND: POST /session/dbe42a6913d933bf746f002719692f06/element/f.AC1E98235C03768F9F99043C9DF93856.d.51396BCBB489A2E410F5073CC4A030F9.e.2318/click - {}
RESULT: {}
COMMAND: GET /session/dbe42a6913d933bf746f002719692f06/screenshot - {}
RESULT: {}
COMMAND: POST /session/dbe42a6913d933bf746f002719692f06/element - {"using":"xpath","value":"//input[@id=\"application-managesites-display-component---NewSite--addressDetailDetailsYard-inner\"]"}
RESULT: {"using":"xpath","value":"//input[@id=\"application-managesites-display-component---NewSite--addressDetailDetailsYard-inner\"]"}
COMMAND: POST /session/dbe42a6913d933bf746f002719692f06/element/f.AC1E98235C03768F9F99043C9DF93856.d.51396BCBB489A2E410F5073CC4A030F9.e.2114/value - {"text":"278"}
RESULT: {"text":"278"}
COMMAND: GET /session/dbe42a6913d933bf746f002719692f06/screenshot - {}
RESULT: {}
COMMAND: POST /session/dbe42a6913d933bf746f002719692f06/actions - {"actions":[{"id":"action4","type":"key","parameters":{},"actions":[{"type":"keyDown","value":"î€‡"},{"type":"pause","duration":10},{"type":"keyUp","value":"î€‡"}]}]}
RESULT: {"actions":[{"id":"action4","type":"key","parameters":{},"actions":[{"type":"keyDown","value":"î€‡"},{"type":"pause","duration":10},{"type":"keyUp","value":"î€‡"}]}]}
COMMAND: GET /session/dbe42a6913d933bf746f002719692f06/screenshot - {}
RESULT: {}
COMMAND: POST /session/dbe42a6913d933bf746f002719692f06/element - {"using":"xpath","value":"//input[@id=\"application-managesites-display-component---NewSite--addressDetailDetailsPartner-inner\"]"}
RESULT: {"using":"xpath","value":"//input[@id=\"application-managesites-display-component---NewSite--addressDetailDetailsPartner-inner\"]"}
COMMAND: POST /session/dbe42a6913d933bf746f002719692f06/elements - {"using":"xpath","value":"//input[@id=\"application-managesites-display-component---NewSite--addressDetailDetailsPartner-inner\"]"}
RESULT: {"using":"xpath","value":"//input[@id=\"application-managesites-display-component---NewSite--addressDetailDetailsPartner-inner\"]"}
COMMAND: POST /session/dbe42a6913d933bf746f002719692f06/execute/async - {"script":"<script> [1562 bytes]","args":[{"selector":{"controlType":"sap.m.Button","viewName":"etm.portal.ui.managesites.view.NewSmartSite","viewId":"application-managesites-display-component---NewSite","properties":{"text":"Commercial"},"interaction":{"idSuffix":"BDI-content"}},"wdio_ui5_key":"etmportal.ui.managesites.view.NewSmartSitesap.m.Button{\"text\":\"Commercial\"}"}]}
RESULT: {"script":"<script> [1562 bytes]","args":[{"selector":{"controlType":"sap.m.Button","viewName":"etm.portal.ui.managesites.view.NewSmartSite","viewId":"application-managesites-display-component---NewSite","properties":{"text":"Commercial"},"interaction":{"idSuffix":"BDI-content"}},"wdio_ui5_key":"etmportal.ui.managesites.view.NewSmartSitesap.m.Button{\"text\":\"Commercial\"}"}]}
RESULT: undefined
COMMAND: POST /session/dbe42a6913d933bf746f002719692f06/element - {"using":"xpath","value":"//*[@id=\"application-managesites-display-component---NewSite--ObjectPageLayout-anchBar-__section29-anchor\"]"}
RESULT: {"using":"xpath","value":"//*[@id=\"application-managesites-display-component---NewSite--ObjectPageLayout-anchBar-__section29-anchor\"]"}
COMMAND: POST /session/dbe42a6913d933bf746f002719692f06/element/f.AC1E98235C03768F9F99043C9DF93856.d.51396BCBB489A2E410F5073CC4A030F9.e.2325/click - {}
RESULT: {}
COMMAND: POST /session/dbe42a6913d933bf746f002719692f06/execute/async - {"script":"<script> [1562 bytes]","args":[{"selector":{"controlType":"sap.m.Button","viewName":"etm.portal.ui.managesites.view.NewSmartSite","viewId":"application-managesites-display-component---NewSite","i18NText":{"propertyName":"text","key":"save"},"interaction":{"idSuffix":"BDI-content"}},"wdio_ui5_key":"etmportal.ui.managesites.view.NewSmartSitesap.m.Button{\"propertyName\":\"text\",\"key\":\"save\"}"}]}
COMMAND: GET /session/dbe42a6913d933bf746f002719692f06/screenshot - {}
RESULT: {"script":"<script> [1562 bytes]","args":[{"selector":{"controlType":"sap.m.Button","viewName":"etm.portal.ui.managesites.view.NewSmartSite","viewId":"application-managesites-display-component---NewSite","i18NText":{"propertyName":"text","key":"save"},"interaction":{"idSuffix":"BDI-content"}},"wdio_ui5_key":"etmportal.ui.managesites.view.NewSmartSitesap.m.Button{\"propertyName\":\"text\",\"key\":\"save\"}"}]}
RESULT: undefined
COMMAND: POST /session/dbe42a6913d933bf746f002719692f06/element - {"using":"xpath","value":"//*[@id=\"__button60\"]"}
RESULT: {}
RESULT: {"using":"xpath","value":"//*[@id=\"__button60\"]"}
COMMAND: POST /session/dbe42a6913d933bf746f002719692f06/element/f.AC1E98235C03768F9F99043C9DF93856.d.51396BCBB489A2E410F5073CC4A030F9.e.2250/click - {}
RESULT: {}
COMMAND: GET /session/dbe42a6913d933bf746f002719692f06/screenshot - {}
RESULT: {}
COMMAND: POST /session/dbe42a6913d933bf746f002719692f06/execute/async - {"script":"<script> [1562 bytes]","args":[{"selector":{"id":"application-managesites-display-component---detailSite--addressDetailDetailsYardText"},"wdio_ui5_key":"applicationmanagesites-display-component---detailSite--addressDetailDetailsYardText"}]}
RESULT: {"script":"<script> [1562 bytes]","args":[{"selector":{"id":"application-managesites-display-component---detailSite--addressDetailDetailsYardText"},"wdio_ui5_key":"applicationmanagesites-display-component---detailSite--addressDetailDetailsYardText"}]}
RESULT: undefined
COMMAND: POST /session/dbe42a6913d933bf746f002719692f06/element - {"using":"xpath","value":"//header/div/div[2]/div[2]/span"}
RESULT: {"using":"xpath","value":"//header/div/div[2]/div[2]/span"}
COMMAND: GET /session/dbe42a6913d933bf746f002719692f06/element/f.AC1E98235C03768F9F99043C9DF93856.d.51396BCBB489A2E410F5073CC4A030F9.e.2533/text - {}
RESULT: {}
COMMAND: POST /session/dbe42a6913d933bf746f002719692f06/element - {"using":"xpath","value":"//header/div/div/div/div/div/div[2]/div/span"}
RESULT: {"using":"xpath","value":"//header/div/div/div/div/div/div[2]/div/span"}
COMMAND: GET /session/dbe42a6913d933bf746f002719692f06/element/f.AC1E98235C03768F9F99043C9DF93856.d.51396BCBB489A2E410F5073CC4A030F9.e.2534/text - {}
RESULT: {}
COMMAND: POST /session/dbe42a6913d933bf746f002719692f06/element - {"using":"css selector","value":"#shell-header-logo"}
RESULT: {"using":"css selector","value":"#shell-header-logo"}
COMMAND: POST /session/dbe42a6913d933bf746f002719692f06/element/f.AC1E98235C03768F9F99043C9DF93856.d.51396BCBB489A2E410F5073CC4A030F9.e.1831/click - {}
RESULT: {}
COMMAND: GET /session/dbe42a6913d933bf746f002719692f06/screenshot - {}
RESULT: {}
]]></system-out>
    </testcase>
    <testcase classname="chrome.136_0_7103_49.windows.Standard_contract_-_add_contract_items_by_Insert_Request_US118222" name="Should create 2 new resources and a catalog item" time="423.339">
      <system-out><![CDATA[
COMMAND: POST /session/dbe42a6913d933bf746f002719692f06/execute/async - {"script":"<script> [1562 bytes]","args":[{"selector":{"controlType":"sap.m.GenericTile","properties":{"header":"Manage Resources"}},"wdio_ui5_key":"sapm.GenericTile{\"header\":\"Manage Resources\"}"}]}
RESULT: {"script":"<script> [1562 bytes]","args":[{"selector":{"controlType":"sap.m.GenericTile","properties":{"header":"Manage Resources"}},"wdio_ui5_key":"sapm.GenericTile{\"header\":\"Manage Resources\"}"}]}
RESULT: undefined
COMMAND: POST /session/dbe42a6913d933bf746f002719692f06/element - {"using":"xpath","value":"//*[@id=\"__tile39\"]"}
RESULT: {"using":"xpath","value":"//*[@id=\"__tile39\"]"}
COMMAND: POST /session/dbe42a6913d933bf746f002719692f06/element/f.AC1E98235C03768F9F99043C9DF93856.d.51396BCBB489A2E410F5073CC4A030F9.e.2536/click - {}
RESULT: {}
COMMAND: GET /session/dbe42a6913d933bf746f002719692f06/screenshot - {}
RESULT: {}
COMMAND: POST /session/dbe42a6913d933bf746f002719692f06/elements - {"using":"xpath","value":"//span[text()='Error']"}
RESULT: {"using":"xpath","value":"//span[text()='Error']"}
COMMAND: POST /session/dbe42a6913d933bf746f002719692f06/element - {"using":"xpath","value":"//button[@data-kt=\"addNewRUOverflowToolbarButton\"]"}
RESULT: {"using":"xpath","value":"//button[@data-kt=\"addNewRUOverflowToolbarButton\"]"}
COMMAND: POST /session/dbe42a6913d933bf746f002719692f06/execute/sync - {"script":"<script> [8489 bytes]","args":[{"element-6066-11e4-a52e-4f735466cecf":"f.AC1E98235C03768F9F99043C9DF93856.d.51396BCBB489A2E410F5073CC4A030F9.e.2579","ELEMENT":"f.AC1E98235C03768F9F99043C9DF93856.d.51396BCBB489A2E410F5073CC4A030F9.e.2579"}]}
RESULT: {"script":"<script> [8489 bytes]","args":[{"element-6066-11e4-a52e-4f735466cecf":"f.AC1E98235C03768F9F99043C9DF93856.d.51396BCBB489A2E410F5073CC4A030F9.e.2579","ELEMENT":"f.AC1E98235C03768F9F99043C9DF93856.d.51396BCBB489A2E410F5073CC4A030F9.e.2579"}]}
COMMAND: POST /session/dbe42a6913d933bf746f002719692f06/element/f.AC1E98235C03768F9F99043C9DF93856.d.51396BCBB489A2E410F5073CC4A030F9.e.2579/click - {}
COMMAND: GET /session/dbe42a6913d933bf746f002719692f06/screenshot - {}
RESULT: {}
COMMAND: POST /session/dbe42a6913d933bf746f002719692f06/execute/async - {"script":"<script> [1562 bytes]","args":[{"selector":{"id":"application-manageresources-display-component---newResourceUnit--TYPE-arrow"},"wdio_ui5_key":"applicationmanageresources-display-component---newResourceUnit--TYPE-arrow"}]}
COMMAND: GET /session/dbe42a6913d933bf746f002719692f06/screenshot - {}
RESULT: {}
RESULT: {"script":"<script> [1562 bytes]","args":[{"selector":{"id":"application-manageresources-display-component---newResourceUnit--TYPE-arrow"},"wdio_ui5_key":"applicationmanageresources-display-component---newResourceUnit--TYPE-arrow"}]}
RESULT: undefined
COMMAND: POST /session/dbe42a6913d933bf746f002719692f06/element - {"using":"xpath","value":"//*[@id=\"application-manageresources-display-component---newResourceUnit--TYPE-arrow\"]"}
RESULT: {}
RESULT: {"using":"xpath","value":"//*[@id=\"application-manageresources-display-component---newResourceUnit--TYPE-arrow\"]"}
COMMAND: POST /session/dbe42a6913d933bf746f002719692f06/element/f.AC1E98235C03768F9F99043C9DF93856.d.51396BCBB489A2E410F5073CC4A030F9.e.2894/click - {}
RESULT: {}
COMMAND: POST /session/dbe42a6913d933bf746f002719692f06/execute/async - {"script":"<script> [1562 bytes]","args":[{"selector":{"controlType":"sap.m.StandardListItem","viewName":"reusables.view.manageresources.NewResourceUnit","viewId":"application-manageresources-display-component---newResourceUnit","properties":{"title":"Material"},"searchOpenDialogs":true,"interaction":{"idSuffix":"titleText"}},"wdio_ui5_key":"reusablesview.manageresources.NewResourceUnitsap.m.StandardListItem{\"title\":\"Material\"}"}]}
COMMAND: GET /session/dbe42a6913d933bf746f002719692f06/screenshot - {}
RESULT: {"script":"<script> [1562 bytes]","args":[{"selector":{"controlType":"sap.m.StandardListItem","viewName":"reusables.view.manageresources.NewResourceUnit","viewId":"application-manageresources-display-component---newResourceUnit","properties":{"title":"Material"},"searchOpenDialogs":true,"interaction":{"idSuffix":"titleText"}},"wdio_ui5_key":"reusablesview.manageresources.NewResourceUnitsap.m.StandardListItem{\"title\":\"Material\"}"}]}
RESULT: undefined
COMMAND: POST /session/dbe42a6913d933bf746f002719692f06/element - {"using":"xpath","value":"//*[@id=\"__item837\"]"}
RESULT: {}
RESULT: {"using":"xpath","value":"//*[@id=\"__item837\"]"}
COMMAND: POST /session/dbe42a6913d933bf746f002719692f06/element/f.AC1E98235C03768F9F99043C9DF93856.d.51396BCBB489A2E410F5073CC4A030F9.e.2897/click - {}
RESULT: {}
COMMAND: POST /session/dbe42a6913d933bf746f002719692f06/execute/async - {"script":"<script> [1562 bytes]","args":[{"selector":{"id":"application-manageresources-display-component---newResourceUnit--SHORT_TEXT","interaction":{"idSuffix":"inner"}},"wdio_ui5_key":"applicationmanageresources-display-component---newResourceUnit--SHORT_TEXT"}]}
COMMAND: GET /session/dbe42a6913d933bf746f002719692f06/screenshot - {}
RESULT: {"script":"<script> [1562 bytes]","args":[{"selector":{"id":"application-manageresources-display-component---newResourceUnit--SHORT_TEXT","interaction":{"idSuffix":"inner"}},"wdio_ui5_key":"applicationmanageresources-display-component---newResourceUnit--SHORT_TEXT"}]}
RESULT: undefined
COMMAND: POST /session/dbe42a6913d933bf746f002719692f06/execute/async - {"script":"<script> [776 bytes]","args":[{"enterText":"WebdriverRUR2C3bn39","selector":{"id":"application-manageresources-display-component---newResourceUnit--SHORT_TEXT","interaction":{"idSuffix":"inner"}},"clearTextFirst":true,"interactionType":"ENTER_TEXT"}]}
RESULT: {}
RESULT: {"script":"<script> [776 bytes]","args":[{"enterText":"WebdriverRUR2C3bn39","selector":{"id":"application-manageresources-display-component---newResourceUnit--SHORT_TEXT","interaction":{"idSuffix":"inner"}},"clearTextFirst":true,"interactionType":"ENTER_TEXT"}]}
COMMAND: POST /session/dbe42a6913d933bf746f002719692f06/execute/async - {"script":"<script> [1562 bytes]","args":[{"selector":{"id":"application-manageresources-display-component---newResourceUnit--BASE_UNIT_OF_MEASURE-arrow"},"wdio_ui5_key":"applicationmanageresources-display-component---newResourceUnit--BASE_UNIT_OF_MEASURE-arrow"}]}
RESULT: {"script":"<script> [1562 bytes]","args":[{"selector":{"id":"application-manageresources-display-component---newResourceUnit--BASE_UNIT_OF_MEASURE-arrow"},"wdio_ui5_key":"applicationmanageresources-display-component---newResourceUnit--BASE_UNIT_OF_MEASURE-arrow"}]}
RESULT: undefined
COMMAND: POST /session/dbe42a6913d933bf746f002719692f06/element - {"using":"xpath","value":"//*[@id=\"application-manageresources-display-component---newResourceUnit--BASE_UNIT_OF_MEASURE-arrow\"]"}
RESULT: {"using":"xpath","value":"//*[@id=\"application-manageresources-display-component---newResourceUnit--BASE_UNIT_OF_MEASURE-arrow\"]"}
COMMAND: POST /session/dbe42a6913d933bf746f002719692f06/element/f.AC1E98235C03768F9F99043C9DF93856.d.51396BCBB489A2E410F5073CC4A030F9.e.2951/click - {}
RESULT: {}
COMMAND: POST /session/dbe42a6913d933bf746f002719692f06/execute/async - {"script":"<script> [1562 bytes]","args":[{"selector":{"controlType":"sap.m.StandardListItem","viewName":"reusables.view.manageresources.NewResourceUnit","viewId":"application-manageresources-display-component---newResourceUnit","properties":{"title":"Piece"},"searchOpenDialogs":true,"interaction":{"idSuffix":"titleText"}},"wdio_ui5_key":"reusablesview.manageresources.NewResourceUnitsap.m.StandardListItem{\"title\":\"Piece\"}"}]}
COMMAND: GET /session/dbe42a6913d933bf746f002719692f06/screenshot - {}
RESULT: {"script":"<script> [1562 bytes]","args":[{"selector":{"controlType":"sap.m.StandardListItem","viewName":"reusables.view.manageresources.NewResourceUnit","viewId":"application-manageresources-display-component---newResourceUnit","properties":{"title":"Piece"},"searchOpenDialogs":true,"interaction":{"idSuffix":"titleText"}},"wdio_ui5_key":"reusablesview.manageresources.NewResourceUnitsap.m.StandardListItem{\"title\":\"Piece\"}"}]}
RESULT: undefined
COMMAND: POST /session/dbe42a6913d933bf746f002719692f06/element - {"using":"xpath","value":"//*[@id=\"__item879\"]"}
RESULT: {}
RESULT: {"using":"xpath","value":"//*[@id=\"__item879\"]"}
COMMAND: POST /session/dbe42a6913d933bf746f002719692f06/element/f.AC1E98235C03768F9F99043C9DF93856.d.51396BCBB489A2E410F5073CC4A030F9.e.2953/click - {}
RESULT: {}
COMMAND: POST /session/dbe42a6913d933bf746f002719692f06/element - {"using":"xpath","value":"//input[contains(@id ,\"application-manageresources-display-component---newResourceUnit--SHORT_TEXT-inner\")]"}
COMMAND: GET /session/dbe42a6913d933bf746f002719692f06/screenshot - {}
RESULT: {"using":"xpath","value":"//input[contains(@id ,\"application-manageresources-display-component---newResourceUnit--SHORT_TEXT-inner\")]"}
COMMAND: GET /session/dbe42a6913d933bf746f002719692f06/element/f.AC1E98235C03768F9F99043C9DF93856.d.51396BCBB489A2E410F5073CC4A030F9.e.2914/property/value - {}
RESULT: {}
RESULT: {}
COMMAND: POST /session/dbe42a6913d933bf746f002719692f06/execute/async - {"script":"<script> [1562 bytes]","args":[{"selector":{"id":"application-manageresources-display-component---newResourceUnit--WEIGHT_UNIT-arrow"},"wdio_ui5_key":"applicationmanageresources-display-component---newResourceUnit--WEIGHT_UNIT-arrow"}]}
COMMAND: GET /session/dbe42a6913d933bf746f002719692f06/screenshot - {}
RESULT: {"script":"<script> [1562 bytes]","args":[{"selector":{"id":"application-manageresources-display-component---newResourceUnit--WEIGHT_UNIT-arrow"},"wdio_ui5_key":"applicationmanageresources-display-component---newResourceUnit--WEIGHT_UNIT-arrow"}]}
RESULT: undefined
COMMAND: POST /session/dbe42a6913d933bf746f002719692f06/element - {"using":"xpath","value":"//*[@id=\"application-manageresources-display-component---newResourceUnit--WEIGHT_UNIT-arrow\"]"}
RESULT: {}
RESULT: {"using":"xpath","value":"//*[@id=\"application-manageresources-display-component---newResourceUnit--WEIGHT_UNIT-arrow\"]"}
COMMAND: POST /session/dbe42a6913d933bf746f002719692f06/element/f.AC1E98235C03768F9F99043C9DF93856.d.51396BCBB489A2E410F5073CC4A030F9.e.2954/click - {}
RESULT: {}
COMMAND: POST /session/dbe42a6913d933bf746f002719692f06/execute/async - {"script":"<script> [1562 bytes]","args":[{"selector":{"controlType":"sap.m.StandardListItem","viewName":"reusables.view.manageresources.NewResourceUnit","viewId":"application-manageresources-display-component---newResourceUnit","properties":{"title":"Gram"},"searchOpenDialogs":true,"interaction":{"idSuffix":"content"}},"wdio_ui5_key":"reusablesview.manageresources.NewResourceUnitsap.m.StandardListItem{\"title\":\"Gram\"}"}]}
COMMAND: GET /session/dbe42a6913d933bf746f002719692f06/screenshot - {}
RESULT: {"script":"<script> [1562 bytes]","args":[{"selector":{"controlType":"sap.m.StandardListItem","viewName":"reusables.view.manageresources.NewResourceUnit","viewId":"application-manageresources-display-component---newResourceUnit","properties":{"title":"Gram"},"searchOpenDialogs":true,"interaction":{"idSuffix":"content"}},"wdio_ui5_key":"reusablesview.manageresources.NewResourceUnitsap.m.StandardListItem{\"title\":\"Gram\"}"}]}
RESULT: undefined
COMMAND: POST /session/dbe42a6913d933bf746f002719692f06/element - {"using":"xpath","value":"//*[@id=\"__item944\"]"}
RESULT: {}
RESULT: {"using":"xpath","value":"//*[@id=\"__item944\"]"}
COMMAND: POST /session/dbe42a6913d933bf746f002719692f06/element/f.AC1E98235C03768F9F99043C9DF93856.d.51396BCBB489A2E410F5073CC4A030F9.e.2956/click - {}
RESULT: {}
COMMAND: POST /session/dbe42a6913d933bf746f002719692f06/execute/async - {"script":"<script> [1562 bytes]","args":[{"selector":{"id":"application-manageresources-display-component---newResourceUnit--newRRUPage-OPHeaderContent-collapseBtn-img"},"wdio_ui5_key":"applicationmanageresources-display-component---newResourceUnit--newRRUPage-OPHeaderContent-collapseBtn-img"}]}
COMMAND: GET /session/dbe42a6913d933bf746f002719692f06/screenshot - {}
RESULT: {"script":"<script> [1562 bytes]","args":[{"selector":{"id":"application-manageresources-display-component---newResourceUnit--newRRUPage-OPHeaderContent-collapseBtn-img"},"wdio_ui5_key":"applicationmanageresources-display-component---newResourceUnit--newRRUPage-OPHeaderContent-collapseBtn-img"}]}
RESULT: undefined
COMMAND: POST /session/dbe42a6913d933bf746f002719692f06/element - {"using":"xpath","value":"//*[@id=\"application-manageresources-display-component---newResourceUnit--newRRUPage-OPHeaderContent-collapseBtn-img\"]"}
RESULT: {}
RESULT: {"using":"xpath","value":"//*[@id=\"application-manageresources-display-component---newResourceUnit--newRRUPage-OPHeaderContent-collapseBtn-img\"]"}
COMMAND: POST /session/dbe42a6913d933bf746f002719692f06/element/f.AC1E98235C03768F9F99043C9DF93856.d.51396BCBB489A2E410F5073CC4A030F9.e.2904/click - {}
RESULT: {}
COMMAND: GET /session/dbe42a6913d933bf746f002719692f06/screenshot - {}
RESULT: {}
COMMAND: POST /session/dbe42a6913d933bf746f002719692f06/element - {"using":"xpath","value":"(//span[contains(@id ,\"application-manageresources-display-component---newResourceUnit--DIMENSION_UNIT-arrow\")])[1]"}
RESULT: {"using":"xpath","value":"(//span[contains(@id ,\"application-manageresources-display-component---newResourceUnit--DIMENSION_UNIT-arrow\")])[1]"}
COMMAND: POST /session/dbe42a6913d933bf746f002719692f06/element/f.AC1E98235C03768F9F99043C9DF93856.d.51396BCBB489A2E410F5073CC4A030F9.e.2962/click - {}
RESULT: {}
COMMAND: GET /session/dbe42a6913d933bf746f002719692f06/screenshot - {}
RESULT: {}
COMMAND: POST /session/dbe42a6913d933bf746f002719692f06/execute/async - {"script":"<script> [1562 bytes]","args":[{"selector":{"controlType":"sap.m.StandardListItem","viewName":"reusables.view.manageresources.NewResourceUnit","viewId":"application-manageresources-display-component---newResourceUnit","properties":{"title":"Centimeter"},"searchOpenDialogs":true,"interaction":{"idSuffix":"titleText"}},"wdio_ui5_key":"reusablesview.manageresources.NewResourceUnitsap.m.StandardListItem{\"title\":\"Centimeter\"}"}]}
RESULT: {"script":"<script> [1562 bytes]","args":[{"selector":{"controlType":"sap.m.StandardListItem","viewName":"reusables.view.manageresources.NewResourceUnit","viewId":"application-manageresources-display-component---newResourceUnit","properties":{"title":"Centimeter"},"searchOpenDialogs":true,"interaction":{"idSuffix":"titleText"}},"wdio_ui5_key":"reusablesview.manageresources.NewResourceUnitsap.m.StandardListItem{\"title\":\"Centimeter\"}"}]}
RESULT: undefined
COMMAND: POST /session/dbe42a6913d933bf746f002719692f06/element - {"using":"xpath","value":"//*[@id=\"__item947\"]"}
RESULT: {"using":"xpath","value":"//*[@id=\"__item947\"]"}
COMMAND: POST /session/dbe42a6913d933bf746f002719692f06/element/f.AC1E98235C03768F9F99043C9DF93856.d.51396BCBB489A2E410F5073CC4A030F9.e.2964/click - {}
RESULT: {}
COMMAND: POST /session/dbe42a6913d933bf746f002719692f06/execute/async - {"script":"<script> [1562 bytes]","args":[{"selector":{"id":"application-manageresources-display-component---newResourceUnit--newRRUPage-anchBar-application-manageresources-display-component---newResourceUnit--reference-anchor","interaction":{"idSuffix":"BDI-content"}},"wdio_ui5_key":"applicationmanageresources-display-component---newResourceUnit--newRRUPage-anchBar-application-manageresources-display-component---newResourceUnit--reference-anchor"}]}
COMMAND: GET /session/dbe42a6913d933bf746f002719692f06/screenshot - {}
RESULT: {"script":"<script> [1562 bytes]","args":[{"selector":{"id":"application-manageresources-display-component---newResourceUnit--newRRUPage-anchBar-application-manageresources-display-component---newResourceUnit--reference-anchor","interaction":{"idSuffix":"BDI-content"}},"wdio_ui5_key":"applicationmanageresources-display-component---newResourceUnit--newRRUPage-anchBar-application-manageresources-display-component---newResourceUnit--reference-anchor"}]}
RESULT: undefined
COMMAND: POST /session/dbe42a6913d933bf746f002719692f06/element - {"using":"xpath","value":"//*[@id=\"application-manageresources-display-component---newResourceUnit--newRRUPage-anchBar-application-manageresources-display-component---newResourceUnit--reference-anchor\"]"}
RESULT: {}
RESULT: {"using":"xpath","value":"//*[@id=\"application-manageresources-display-component---newResourceUnit--newRRUPage-anchBar-application-manageresources-display-component---newResourceUnit--reference-anchor\"]"}
COMMAND: POST /session/dbe42a6913d933bf746f002719692f06/element/f.AC1E98235C03768F9F99043C9DF93856.d.51396BCBB489A2E410F5073CC4A030F9.e.2966/click - {}
RESULT: {}
COMMAND: POST /session/dbe42a6913d933bf746f002719692f06/execute/async - {"script":"<script> [1562 bytes]","args":[{"selector":{"id":"application-manageresources-display-component---newResourceUnit--PLANNING_GROUP-arrow"},"wdio_ui5_key":"applicationmanageresources-display-component---newResourceUnit--PLANNING_GROUP-arrow"}]}
COMMAND: GET /session/dbe42a6913d933bf746f002719692f06/screenshot - {}
RESULT: {"script":"<script> [1562 bytes]","args":[{"selector":{"id":"application-manageresources-display-component---newResourceUnit--PLANNING_GROUP-arrow"},"wdio_ui5_key":"applicationmanageresources-display-component---newResourceUnit--PLANNING_GROUP-arrow"}]}
RESULT: undefined
COMMAND: POST /session/dbe42a6913d933bf746f002719692f06/element - {"using":"xpath","value":"//*[@id=\"application-manageresources-display-component---newResourceUnit--PLANNING_GROUP-arrow\"]"}
RESULT: {}
RESULT: {"using":"xpath","value":"//*[@id=\"application-manageresources-display-component---newResourceUnit--PLANNING_GROUP-arrow\"]"}
COMMAND: POST /session/dbe42a6913d933bf746f002719692f06/element/f.AC1E98235C03768F9F99043C9DF93856.d.51396BCBB489A2E410F5073CC4A030F9.e.2970/click - {}
RESULT: {}
COMMAND: POST /session/dbe42a6913d933bf746f002719692f06/execute/async - {"script":"<script> [1562 bytes]","args":[{"selector":{"controlType":"sap.m.StandardListItem","viewName":"reusables.view.manageresources.NewResourceUnit","viewId":"application-manageresources-display-component---newResourceUnit","properties":{"title":"Heavy Equi"},"searchOpenDialogs":true,"interaction":{"idSuffix":"content"}},"wdio_ui5_key":"reusablesview.manageresources.NewResourceUnitsap.m.StandardListItem{\"title\":\"Heavy Equi\"}"}]}
COMMAND: GET /session/dbe42a6913d933bf746f002719692f06/screenshot - {}
RESULT: {"script":"<script> [1562 bytes]","args":[{"selector":{"controlType":"sap.m.StandardListItem","viewName":"reusables.view.manageresources.NewResourceUnit","viewId":"application-manageresources-display-component---newResourceUnit","properties":{"title":"Heavy Equi"},"searchOpenDialogs":true,"interaction":{"idSuffix":"content"}},"wdio_ui5_key":"reusablesview.manageresources.NewResourceUnitsap.m.StandardListItem{\"title\":\"Heavy Equi\"}"}]}
RESULT: undefined
COMMAND: POST /session/dbe42a6913d933bf746f002719692f06/element - {"using":"xpath","value":"//*[@id=\"__item955\"]"}
RESULT: {}
RESULT: {"using":"xpath","value":"//*[@id=\"__item955\"]"}
COMMAND: POST /session/dbe42a6913d933bf746f002719692f06/element/f.AC1E98235C03768F9F99043C9DF93856.d.51396BCBB489A2E410F5073CC4A030F9.e.2974/click - {}
RESULT: {}
COMMAND: GET /session/dbe42a6913d933bf746f002719692f06/screenshot - {}
RESULT: {}
COMMAND: POST /session/dbe42a6913d933bf746f002719692f06/execute/async - {"script":"<script> [1562 bytes]","args":[{"selector":{"id":"application-manageresources-display-component---newResourceUnit--PLANNING_INDICATOR-arrow"},"wdio_ui5_key":"applicationmanageresources-display-component---newResourceUnit--PLANNING_INDICATOR-arrow"}]}
RESULT: {"script":"<script> [1562 bytes]","args":[{"selector":{"id":"application-manageresources-display-component---newResourceUnit--PLANNING_INDICATOR-arrow"},"wdio_ui5_key":"applicationmanageresources-display-component---newResourceUnit--PLANNING_INDICATOR-arrow"}]}
RESULT: undefined
COMMAND: POST /session/dbe42a6913d933bf746f002719692f06/element - {"using":"xpath","value":"//*[@id=\"application-manageresources-display-component---newResourceUnit--PLANNING_INDICATOR-arrow\"]"}
RESULT: {"using":"xpath","value":"//*[@id=\"application-manageresources-display-component---newResourceUnit--PLANNING_INDICATOR-arrow\"]"}
COMMAND: POST /session/dbe42a6913d933bf746f002719692f06/element/f.AC1E98235C03768F9F99043C9DF93856.d.51396BCBB489A2E410F5073CC4A030F9.e.2975/click - {}
RESULT: {}
COMMAND: POST /session/dbe42a6913d933bf746f002719692f06/execute/async - {"script":"<script> [1562 bytes]","args":[{"selector":{"controlType":"sap.m.StandardListItem","viewName":"reusables.view.manageresources.NewResourceUnit","viewId":"application-manageresources-display-component---newResourceUnit","properties":{"title":"10 - infinite"},"searchOpenDialogs":true,"interaction":{"idSuffix":"content"}},"wdio_ui5_key":"reusablesview.manageresources.NewResourceUnitsap.m.StandardListItem{\"title\":\"10 - infinite\"}"}]}
COMMAND: GET /session/dbe42a6913d933bf746f002719692f06/screenshot - {}
RESULT: {"script":"<script> [1562 bytes]","args":[{"selector":{"controlType":"sap.m.StandardListItem","viewName":"reusables.view.manageresources.NewResourceUnit","viewId":"application-manageresources-display-component---newResourceUnit","properties":{"title":"10 - infinite"},"searchOpenDialogs":true,"interaction":{"idSuffix":"content"}},"wdio_ui5_key":"reusablesview.manageresources.NewResourceUnitsap.m.StandardListItem{\"title\":\"10 - infinite\"}"}]}
RESULT: undefined
COMMAND: POST /session/dbe42a6913d933bf746f002719692f06/element - {"using":"xpath","value":"//*[@id=\"__item965\"]"}
RESULT: {}
RESULT: {"using":"xpath","value":"//*[@id=\"__item965\"]"}
COMMAND: POST /session/dbe42a6913d933bf746f002719692f06/element/f.AC1E98235C03768F9F99043C9DF93856.d.51396BCBB489A2E410F5073CC4A030F9.e.2977/click - {}
RESULT: {}
COMMAND: GET /session/dbe42a6913d933bf746f002719692f06/screenshot - {}
RESULT: {}
COMMAND: POST /session/dbe42a6913d933bf746f002719692f06/element - {"using":"xpath","value":"//bdi[contains(text(), \"Time Segment\")]"}
RESULT: {"using":"xpath","value":"//bdi[contains(text(), \"Time Segment\")]"}
COMMAND: GET /session/dbe42a6913d933bf746f002719692f06/element/f.AC1E98235C03768F9F99043C9DF93856.d.51396BCBB489A2E410F5073CC4A030F9.e.2978/rect - {}
RESULT: {}
COMMAND: GET /session/dbe42a6913d933bf746f002719692f06/window/rect - {}
RESULT: {}
COMMAND: POST /session/dbe42a6913d933bf746f002719692f06/execute/sync - {"script":"<script> [92 bytes]","args":[]}
RESULT: {"script":"<script> [92 bytes]","args":[]}
COMMAND: POST /session/dbe42a6913d933bf746f002719692f06/actions - {"actions":[{"id":"action5","type":"wheel","parameters":{},"actions":[{"type":"scroll","x":-1820,"y":-21,"deltaX":0,"deltaY":0,"duration":0,"origin":{"element-6066-11e4-a52e-4f735466cecf":"f.AC1E98235C03768F9F99043C9DF93856.d.51396BCBB489A2E410F5073CC4A030F9.e.2978"}}]}]}
COMMAND: GET /session/dbe42a6913d933bf746f002719692f06/screenshot - {}
RESULT: {}
COMMAND: POST /session/dbe42a6913d933bf746f002719692f06/execute/sync - {"script":"<script> [79 bytes]","args":[{"element-6066-11e4-a52e-4f735466cecf":"f.AC1E98235C03768F9F99043C9DF93856.d.51396BCBB489A2E410F5073CC4A030F9.e.2978","ELEMENT":"f.AC1E98235C03768F9F99043C9DF93856.d.51396BCBB489A2E410F5073CC4A030F9.e.2978"},{"block":"start","inline":"nearest"}]}
RESULT: {"script":"<script> [79 bytes]","args":[{"element-6066-11e4-a52e-4f735466cecf":"f.AC1E98235C03768F9F99043C9DF93856.d.51396BCBB489A2E410F5073CC4A030F9.e.2978","ELEMENT":"f.AC1E98235C03768F9F99043C9DF93856.d.51396BCBB489A2E410F5073CC4A030F9.e.2978"},{"block":"start","inline":"nearest"}]}
COMMAND: GET /session/dbe42a6913d933bf746f002719692f06/screenshot - {}
RESULT: {}
COMMAND: POST /session/dbe42a6913d933bf746f002719692f06/element - {"using":"xpath","value":"//span[@id=\"application-manageresources-display-component---newResourceUnit--btnAddTimeSegment-img\"]"}
RESULT: {"using":"xpath","value":"//span[@id=\"application-manageresources-display-component---newResourceUnit--btnAddTimeSegment-img\"]"}
COMMAND: POST /session/dbe42a6913d933bf746f002719692f06/execute/sync - {"script":"<script> [8489 bytes]","args":[{"element-6066-11e4-a52e-4f735466cecf":"f.AC1E98235C03768F9F99043C9DF93856.d.51396BCBB489A2E410F5073CC4A030F9.e.2981","ELEMENT":"f.AC1E98235C03768F9F99043C9DF93856.d.51396BCBB489A2E410F5073CC4A030F9.e.2981"}]}
RESULT: {"script":"<script> [8489 bytes]","args":[{"element-6066-11e4-a52e-4f735466cecf":"f.AC1E98235C03768F9F99043C9DF93856.d.51396BCBB489A2E410F5073CC4A030F9.e.2981","ELEMENT":"f.AC1E98235C03768F9F99043C9DF93856.d.51396BCBB489A2E410F5073CC4A030F9.e.2981"}]}
COMMAND: POST /session/dbe42a6913d933bf746f002719692f06/element/f.AC1E98235C03768F9F99043C9DF93856.d.51396BCBB489A2E410F5073CC4A030F9.e.2981/click - {}
COMMAND: GET /session/dbe42a6913d933bf746f002719692f06/screenshot - {}
RESULT: {}
COMMAND: GET /session/dbe42a6913d933bf746f002719692f06/screenshot - {}
COMMAND: POST /session/dbe42a6913d933bf746f002719692f06/element - {"using":"xpath","value":"//input[@id=\"application-manageresources-display-component---newResourceUnit--idRuTSAdmin-application-manageresources-display-component---newResourceUnit--RUTimeSegment-0-inner\"]"}
RESULT: {}
RESULT: {}
RESULT: {"using":"xpath","value":"//input[@id=\"application-manageresources-display-component---newResourceUnit--idRuTSAdmin-application-manageresources-display-component---newResourceUnit--RUTimeSegment-0-inner\"]"}
COMMAND: POST /session/dbe42a6913d933bf746f002719692f06/element/f.AC1E98235C03768F9F99043C9DF93856.d.51396BCBB489A2E410F5073CC4A030F9.e.2984/clear - {}
RESULT: {}
COMMAND: POST /session/dbe42a6913d933bf746f002719692f06/element/f.AC1E98235C03768F9F99043C9DF93856.d.51396BCBB489A2E410F5073CC4A030F9.e.2984/value - {"text":"WebdriverYardxe8gd"}
COMMAND: GET /session/dbe42a6913d933bf746f002719692f06/screenshot - {}
RESULT: {"text":"WebdriverYardxe8gd"}
COMMAND: GET /session/dbe42a6913d933bf746f002719692f06/screenshot - {}
RESULT: {}
RESULT: {}
COMMAND: POST /session/dbe42a6913d933bf746f002719692f06/actions - {"actions":[{"id":"action6","type":"key","parameters":{},"actions":[{"type":"keyDown","value":"î€‡"},{"type":"pause","duration":10},{"type":"keyUp","value":"î€‡"}]}]}
RESULT: {"actions":[{"id":"action6","type":"key","parameters":{},"actions":[{"type":"keyDown","value":"î€‡"},{"type":"pause","duration":10},{"type":"keyUp","value":"î€‡"}]}]}
COMMAND: GET /session/dbe42a6913d933bf746f002719692f06/screenshot - {}
RESULT: {}
COMMAND: POST /session/dbe42a6913d933bf746f002719692f06/execute/async - {"script":"<script> [1562 bytes]","args":[{"selector":{"controlType":"sap.m.Button","viewName":"reusables.view.manageresources.NewResourceUnit","viewId":"application-manageresources-display-component---newResourceUnit","i18NText":{"propertyName":"tooltip","key":"save"},"interaction":{"idSuffix":"BDI-content"}},"wdio_ui5_key":"reusablesview.manageresources.NewResourceUnitsap.m.Button{\"propertyName\":\"tooltip\",\"key\":\"save\"}"}]}
RESULT: {"script":"<script> [1562 bytes]","args":[{"selector":{"controlType":"sap.m.Button","viewName":"reusables.view.manageresources.NewResourceUnit","viewId":"application-manageresources-display-component---newResourceUnit","i18NText":{"propertyName":"tooltip","key":"save"},"interaction":{"idSuffix":"BDI-content"}},"wdio_ui5_key":"reusablesview.manageresources.NewResourceUnitsap.m.Button{\"propertyName\":\"tooltip\",\"key\":\"save\"}"}]}
RESULT: undefined
COMMAND: POST /session/dbe42a6913d933bf746f002719692f06/element - {"using":"xpath","value":"//*[@id=\"application-manageresources-display-component---newResourceUnit--createRuButton\"]"}
RESULT: {"using":"xpath","value":"//*[@id=\"application-manageresources-display-component---newResourceUnit--createRuButton\"]"}
COMMAND: POST /session/dbe42a6913d933bf746f002719692f06/element/f.AC1E98235C03768F9F99043C9DF93856.d.51396BCBB489A2E410F5073CC4A030F9.e.2910/click - {}
RESULT: {}
COMMAND: GET /session/dbe42a6913d933bf746f002719692f06/screenshot - {}
RESULT: {}
COMMAND: POST /session/dbe42a6913d933bf746f002719692f06/execute/async - {"script":"<script> [1562 bytes]","args":[{"selector":{"controlType":"sap.m.Title","properties":{"text":"Success"},"searchOpenDialogs":true},"wdio_ui5_key":"sapm.Title{\"text\":\"Success\"}"}]}
RESULT: {"script":"<script> [1562 bytes]","args":[{"selector":{"controlType":"sap.m.Title","properties":{"text":"Success"},"searchOpenDialogs":true},"wdio_ui5_key":"sapm.Title{\"text\":\"Success\"}"}]}
RESULT: undefined
COMMAND: POST /session/dbe42a6913d933bf746f002719692f06/execute/async - {"script":"<script> [6424 bytes]","args":[{"element-6066-11e4-a52e-4f735466cecf":"f.AC1E98235C03768F9F99043C9DF93856.d.51396BCBB489A2E410F5073CC4A030F9.e.2997"},"getText",[]]}
RESULT: {"script":"<script> [6424 bytes]","args":[{"element-6066-11e4-a52e-4f735466cecf":"f.AC1E98235C03768F9F99043C9DF93856.d.51396BCBB489A2E410F5073CC4A030F9.e.2997"},"getText",[]]}
COMMAND: POST /session/dbe42a6913d933bf746f002719692f06/element - {"using":"xpath","value":"//*[contains(@id, '__text') and (contains(text(), 'successfully created') or contains(., 'successfully created'))]"}
RESULT: {"using":"xpath","value":"//*[contains(@id, '__text') and (contains(text(), 'successfully created') or contains(., 'successfully created'))]"}
COMMAND: GET /session/dbe42a6913d933bf746f002719692f06/element/f.AC1E98235C03768F9F99043C9DF93856.d.51396BCBB489A2E410F5073CC4A030F9.e.2995/text - {}
RESULT: {}
COMMAND: POST /session/dbe42a6913d933bf746f002719692f06/execute/async - {"script":"<script> [1562 bytes]","args":[{"selector":{"controlType":"sap.m.Button","properties":{"text":"Close"},"searchOpenDialogs":true,"interaction":{"idSuffix":"BDI-content"}},"wdio_ui5_key":"sapm.Button{\"text\":\"Close\"}"}]}
RESULT: {"script":"<script> [1562 bytes]","args":[{"selector":{"controlType":"sap.m.Button","properties":{"text":"Close"},"searchOpenDialogs":true,"interaction":{"idSuffix":"BDI-content"}},"wdio_ui5_key":"sapm.Button{\"text\":\"Close\"}"}]}
RESULT: undefined
COMMAND: POST /session/dbe42a6913d933bf746f002719692f06/element - {"using":"xpath","value":"//*[@id=\"__mbox-btn-0\"]"}
RESULT: {"using":"xpath","value":"//*[@id=\"__mbox-btn-0\"]"}
COMMAND: POST /session/dbe42a6913d933bf746f002719692f06/element/f.AC1E98235C03768F9F99043C9DF93856.d.51396BCBB489A2E410F5073CC4A030F9.e.2994/click - {}
RESULT: {}
COMMAND: GET /session/dbe42a6913d933bf746f002719692f06/screenshot - {}
RESULT: {}
COMMAND: POST /session/dbe42a6913d933bf746f002719692f06/execute/async - {"script":"<script> [1562 bytes]","args":[{"selector":{"controlType":"sap.ui.core.Icon","viewName":"etm.portal.ui.manageresources.view.Detail","viewId":"application-manageresources-display-component---detailRU","properties":{"src":{"regex":{"source":"overflow"}}}},"wdio_ui5_key":"etmportal.ui.manageresources.view.Detailsap.ui.core.Icon{\"src\":{\"regex\":{\"source\":\"overflow\"}}}"}]}
RESULT: {"script":"<script> [1562 bytes]","args":[{"selector":{"controlType":"sap.ui.core.Icon","viewName":"etm.portal.ui.manageresources.view.Detail","viewId":"application-manageresources-display-component---detailRU","properties":{"src":{"regex":{"source":"overflow"}}}},"wdio_ui5_key":"etmportal.ui.manageresources.view.Detailsap.ui.core.Icon{\"src\":{\"regex\":{\"source\":\"overflow\"}}}"}]}
RESULT: undefined
COMMAND: POST /session/dbe42a6913d933bf746f002719692f06/element - {"using":"xpath","value":"//*[@id=\"__title31-_actionsToolbar-overflowButton-img\"]"}
RESULT: {"using":"xpath","value":"//*[@id=\"__title31-_actionsToolbar-overflowButton-img\"]"}
COMMAND: POST /session/dbe42a6913d933bf746f002719692f06/element/f.AC1E98235C03768F9F99043C9DF93856.d.51396BCBB489A2E410F5073CC4A030F9.e.3027/click - {}
RESULT: {}
COMMAND: POST /session/dbe42a6913d933bf746f002719692f06/execute/async - {"script":"<script> [1562 bytes]","args":[{"selector":{"controlType":"sap.m.Button","viewName":"etm.portal.ui.manageresources.view.Detail","viewId":"application-manageresources-display-component---detailRU","i18NText":{"propertyName":"tooltip","key":"closeColumn"},"searchOpenDialogs":true,"interaction":{"idSuffix":"inner"}},"wdio_ui5_key":"etmportal.ui.manageresources.view.Detailsap.m.Button{\"propertyName\":\"tooltip\",\"key\":\"closeColumn\"}"}]}
COMMAND: GET /session/dbe42a6913d933bf746f002719692f06/screenshot - {}
RESULT: {"script":"<script> [1562 bytes]","args":[{"selector":{"controlType":"sap.m.Button","viewName":"etm.portal.ui.manageresources.view.Detail","viewId":"application-manageresources-display-component---detailRU","i18NText":{"propertyName":"tooltip","key":"closeColumn"},"searchOpenDialogs":true,"interaction":{"idSuffix":"inner"}},"wdio_ui5_key":"etmportal.ui.manageresources.view.Detailsap.m.Button{\"propertyName\":\"tooltip\",\"key\":\"closeColumn\"}"}]}
RESULT: undefined
COMMAND: POST /session/dbe42a6913d933bf746f002719692f06/element - {"using":"xpath","value":"//*[@id=\"__button137\"]"}
RESULT: {}
RESULT: {"using":"xpath","value":"//*[@id=\"__button137\"]"}
COMMAND: POST /session/dbe42a6913d933bf746f002719692f06/element/f.AC1E98235C03768F9F99043C9DF93856.d.51396BCBB489A2E410F5073CC4A030F9.e.3029/click - {}
RESULT: {}
COMMAND: GET /session/dbe42a6913d933bf746f002719692f06/screenshot - {}
RESULT: {}
COMMAND: POST /session/dbe42a6913d933bf746f002719692f06/refresh - {}
RESULT: {}
COMMAND: GET /session/dbe42a6913d933bf746f002719692f06/screenshot - {}
RESULT: {}
COMMAND: POST /session/dbe42a6913d933bf746f002719692f06/execute/async - {"script":"<script> [189 bytes]","args":[]}
RESULT: {"script":"<script> [189 bytes]","args":[]}
COMMAND: POST /session/dbe42a6913d933bf746f002719692f06/execute/async - {"script":"<script> [123 bytes]","args":[]}
RESULT: {"script":"<script> [123 bytes]","args":[]}
COMMAND: POST /session/dbe42a6913d933bf746f002719692f06/timeouts - {"script":"<number>"}
RESULT: {"script":"<number>"}
COMMAND: GET /session/dbe42a6913d933bf746f002719692f06/timeouts - {}
RESULT: {}
RESULT: undefined
COMMAND: POST /session/dbe42a6913d933bf746f002719692f06/execute/async - {"script":"<script> [2676 bytes]","args":[]}
RESULT: {"script":"<script> [2676 bytes]","args":[]}
COMMAND: POST /session/dbe42a6913d933bf746f002719692f06/execute/async - {"script":"<script> [2342 bytes]","args":[{"protocol":"http","hostname":"0.0.0.0","path":"/","capabilities":{"browserName":"chrome","goog:chromeOptions":{"binary":"C:\\Program Files\\Google\\Chrome\\Application\\chrome.exe","args":["--start-maximized"]}},"logLevel":"warn","connectionRetryTimeout":120000,"connectionRetryCount":3,"logLevels":{},"enableDirectConnect":true,"strictSSL":true,"_":"65 more keys: [\"cacheDir\",\"port\",\"requestedCapabilities\",\"automationProtocol\",\"baseUrl\",\"waitforInterval\",\"waitforTimeout\",\"onReload\",\"beforeCommand\",\"afterCommand\",\"rootDir\",\"specs\",\"suites\",\"exclude\",\"groupLogsByTestSpec\",\"excludeDriverLogs\",\"bail\",\"framework\",\"reporters\",\"services\",\"maxInstances\",\"maxInstancesPerCapability\",\"injectGlobals\",\"filesToWatch\",\"execArgv\",\"runnerEnv\",\"runner\",\"shard\",\"specFileRetries\",\"specFileRetriesDelay\",\"specFileRetriesDeferred\",\"reporterSyncInterval\",\"reporterSyncTimeout\",\"cucumberFeaturesWithLineNumbers\",\"autoCompileOpts\",\"mochaOpts\",\"jasmineOpts\",\"cucumberOpts\",\"onPrepare\",\"onWorkerStart\",\"onWorkerEnd\",\"before\",\"beforeSession\",\"beforeSuite\",\"beforeHook\",\"beforeTest\",\"afterTest\",\"afterHook\",\"afterSuite\",\"afterSession\",\"after\",\"onComplete\",\"beforeAssertion\",\"afterAssertion\",\"beforeFeature\",\"beforeScenario\",\"beforeStep\",\"afterStep\",\"afterScenario\",\"afterFeature\",\"_\",\"suite\",\"$0\",\"ignoredWorkerServices\",\"wdi5\"]"}]}
RESULT: {"script":"<script> [2342 bytes]","args":[{"protocol":"http","hostname":"0.0.0.0","path":"/","capabilities":{"browserName":"chrome","goog:chromeOptions":{"binary":"C:\\Program Files\\Google\\Chrome\\Application\\chrome.exe","args":["--start-maximized"]}},"logLevel":"warn","connectionRetryTimeout":120000,"connectionRetryCount":3,"logLevels":{},"enableDirectConnect":true,"strictSSL":true,"_":"65 more keys: [\"cacheDir\",\"port\",\"requestedCapabilities\",\"automationProtocol\",\"baseUrl\",\"waitforInterval\",\"waitforTimeout\",\"onReload\",\"beforeCommand\",\"afterCommand\",\"rootDir\",\"specs\",\"suites\",\"exclude\",\"groupLogsByTestSpec\",\"excludeDriverLogs\",\"bail\",\"framework\",\"reporters\",\"services\",\"maxInstances\",\"maxInstancesPerCapability\",\"injectGlobals\",\"filesToWatch\",\"execArgv\",\"runnerEnv\",\"runner\",\"shard\",\"specFileRetries\",\"specFileRetriesDelay\",\"specFileRetriesDeferred\",\"reporterSyncInterval\",\"reporterSyncTimeout\",\"cucumberFeaturesWithLineNumbers\",\"autoCompileOpts\",\"mochaOpts\",\"jasmineOpts\",\"cucumberOpts\",\"onPrepare\",\"onWorkerStart\",\"onWorkerEnd\",\"before\",\"beforeSession\",\"beforeSuite\",\"beforeHook\",\"beforeTest\",\"afterTest\",\"afterHook\",\"afterSuite\",\"afterSession\",\"after\",\"onComplete\",\"beforeAssertion\",\"afterAssertion\",\"beforeFeature\",\"beforeScenario\",\"beforeStep\",\"afterStep\",\"afterScenario\",\"afterFeature\",\"_\",\"suite\",\"$0\",\"ignoredWorkerServices\",\"wdi5\"]"}]}
COMMAND: POST /session/dbe42a6913d933bf746f002719692f06/execute/async - {"script":"<script> [21126 bytes]","args":[35000]}
RESULT: {"script":"<script> [21126 bytes]","args":[35000]}
COMMAND: POST /session/dbe42a6913d933bf746f002719692f06/element - {"using":"css selector","value":"#shell-header-logo"}
RESULT: {"using":"css selector","value":"#shell-header-logo"}
COMMAND: POST /session/dbe42a6913d933bf746f002719692f06/element/f.AC1E98235C03768F9F99043C9DF93856.d.2D10A1FD18DBF7EF270BBD4947584A92.e.3086/click - {}
RESULT: {}
COMMAND: GET /session/dbe42a6913d933bf746f002719692f06/screenshot - {}
RESULT: {}
COMMAND: POST /session/dbe42a6913d933bf746f002719692f06/execute/async - {"script":"<script> [1562 bytes]","args":[{"selector":{"controlType":"sap.m.GenericTile","properties":{"header":"Manage Resources"}},"wdio_ui5_key":"sapm.GenericTile{\"header\":\"Manage Resources\"}"}]}
RESULT: {"script":"<script> [1562 bytes]","args":[{"selector":{"controlType":"sap.m.GenericTile","properties":{"header":"Manage Resources"}},"wdio_ui5_key":"sapm.GenericTile{\"header\":\"Manage Resources\"}"}]}
RESULT: undefined
COMMAND: POST /session/dbe42a6913d933bf746f002719692f06/element - {"using":"xpath","value":"//*[@id=\"__tile39\"]"}
RESULT: {"using":"xpath","value":"//*[@id=\"__tile39\"]"}
COMMAND: POST /session/dbe42a6913d933bf746f002719692f06/element/f.AC1E98235C03768F9F99043C9DF93856.d.2D10A1FD18DBF7EF270BBD4947584A92.e.3267/click - {}
RESULT: {}
COMMAND: GET /session/dbe42a6913d933bf746f002719692f06/screenshot - {}
RESULT: {}
COMMAND: POST /session/dbe42a6913d933bf746f002719692f06/elements - {"using":"xpath","value":"//span[text()='Error']"}
RESULT: {"using":"xpath","value":"//span[text()='Error']"}
COMMAND: POST /session/dbe42a6913d933bf746f002719692f06/element - {"using":"xpath","value":"//button[@data-kt=\"addNewRUOverflowToolbarButton\"]"}
RESULT: {"using":"xpath","value":"//button[@data-kt=\"addNewRUOverflowToolbarButton\"]"}
COMMAND: POST /session/dbe42a6913d933bf746f002719692f06/execute/sync - {"script":"<script> [8489 bytes]","args":[{"element-6066-11e4-a52e-4f735466cecf":"f.AC1E98235C03768F9F99043C9DF93856.d.2D10A1FD18DBF7EF270BBD4947584A92.e.3309","ELEMENT":"f.AC1E98235C03768F9F99043C9DF93856.d.2D10A1FD18DBF7EF270BBD4947584A92.e.3309"}]}
RESULT: {"script":"<script> [8489 bytes]","args":[{"element-6066-11e4-a52e-4f735466cecf":"f.AC1E98235C03768F9F99043C9DF93856.d.2D10A1FD18DBF7EF270BBD4947584A92.e.3309","ELEMENT":"f.AC1E98235C03768F9F99043C9DF93856.d.2D10A1FD18DBF7EF270BBD4947584A92.e.3309"}]}
COMMAND: POST /session/dbe42a6913d933bf746f002719692f06/element/f.AC1E98235C03768F9F99043C9DF93856.d.2D10A1FD18DBF7EF270BBD4947584A92.e.3309/click - {}
COMMAND: GET /session/dbe42a6913d933bf746f002719692f06/screenshot - {}
RESULT: {}
COMMAND: GET /session/dbe42a6913d933bf746f002719692f06/screenshot - {}
COMMAND: POST /session/dbe42a6913d933bf746f002719692f06/execute/async - {"script":"<script> [1562 bytes]","args":[{"selector":{"id":"application-manageresources-display-component---newResourceUnit--TYPE-arrow"},"wdio_ui5_key":"applicationmanageresources-display-component---newResourceUnit--TYPE-arrow"}]}
RESULT: {}
RESULT: {}
RESULT: {"script":"<script> [1562 bytes]","args":[{"selector":{"id":"application-manageresources-display-component---newResourceUnit--TYPE-arrow"},"wdio_ui5_key":"applicationmanageresources-display-component---newResourceUnit--TYPE-arrow"}]}
RESULT: undefined
COMMAND: POST /session/dbe42a6913d933bf746f002719692f06/element - {"using":"xpath","value":"//*[@id=\"application-manageresources-display-component---newResourceUnit--TYPE-arrow\"]"}
RESULT: {"using":"xpath","value":"//*[@id=\"application-manageresources-display-component---newResourceUnit--TYPE-arrow\"]"}
COMMAND: POST /session/dbe42a6913d933bf746f002719692f06/element/f.AC1E98235C03768F9F99043C9DF93856.d.2D10A1FD18DBF7EF270BBD4947584A92.e.3662/click - {}
RESULT: {}
COMMAND: POST /session/dbe42a6913d933bf746f002719692f06/execute/async - {"script":"<script> [1562 bytes]","args":[{"selector":{"controlType":"sap.m.StandardListItem","viewName":"reusables.view.manageresources.NewResourceUnit","viewId":"application-manageresources-display-component---newResourceUnit","properties":{"title":"Equipment"},"searchOpenDialogs":true,"interaction":{"idSuffix":"content"}},"wdio_ui5_key":"reusablesview.manageresources.NewResourceUnitsap.m.StandardListItem{\"title\":\"Equipment\"}"}]}
COMMAND: GET /session/dbe42a6913d933bf746f002719692f06/screenshot - {}
RESULT: {"script":"<script> [1562 bytes]","args":[{"selector":{"controlType":"sap.m.StandardListItem","viewName":"reusables.view.manageresources.NewResourceUnit","viewId":"application-manageresources-display-component---newResourceUnit","properties":{"title":"Equipment"},"searchOpenDialogs":true,"interaction":{"idSuffix":"content"}},"wdio_ui5_key":"reusablesview.manageresources.NewResourceUnitsap.m.StandardListItem{\"title\":\"Equipment\"}"}]}
RESULT: undefined
COMMAND: POST /session/dbe42a6913d933bf746f002719692f06/element - {"using":"xpath","value":"//*[@id=\"__item180\"]"}
RESULT: {}
RESULT: {"using":"xpath","value":"//*[@id=\"__item180\"]"}
COMMAND: POST /session/dbe42a6913d933bf746f002719692f06/element/f.AC1E98235C03768F9F99043C9DF93856.d.2D10A1FD18DBF7EF270BBD4947584A92.e.3665/click - {}
RESULT: {}
COMMAND: POST /session/dbe42a6913d933bf746f002719692f06/execute/async - {"script":"<script> [1562 bytes]","args":[{"selector":{"id":"application-manageresources-display-component---newResourceUnit--resourceId","interaction":{"idSuffix":"inner"}},"wdio_ui5_key":"applicationmanageresources-display-component---newResourceUnit--resourceId"}]}
COMMAND: GET /session/dbe42a6913d933bf746f002719692f06/screenshot - {}
RESULT: {"script":"<script> [1562 bytes]","args":[{"selector":{"id":"application-manageresources-display-component---newResourceUnit--resourceId","interaction":{"idSuffix":"inner"}},"wdio_ui5_key":"applicationmanageresources-display-component---newResourceUnit--resourceId"}]}
RESULT: undefined
COMMAND: POST /session/dbe42a6913d933bf746f002719692f06/execute/async - {"script":"<script> [776 bytes]","args":[{"enterText":"WdIOR2cEquipnc2zq","selector":{"id":"application-manageresources-display-component---newResourceUnit--resourceId","interaction":{"idSuffix":"inner"}},"clearTextFirst":true,"interactionType":"ENTER_TEXT"}]}
RESULT: {}
RESULT: {"script":"<script> [776 bytes]","args":[{"enterText":"WdIOR2cEquipnc2zq","selector":{"id":"application-manageresources-display-component---newResourceUnit--resourceId","interaction":{"idSuffix":"inner"}},"clearTextFirst":true,"interactionType":"ENTER_TEXT"}]}
COMMAND: POST /session/dbe42a6913d933bf746f002719692f06/execute/async - {"script":"<script> [1562 bytes]","args":[{"selector":{"id":"application-manageresources-display-component---newResourceUnit--SHORT_TEXT","interaction":{"idSuffix":"inner"}},"wdio_ui5_key":"applicationmanageresources-display-component---newResourceUnit--SHORT_TEXT"}]}
RESULT: {"script":"<script> [1562 bytes]","args":[{"selector":{"id":"application-manageresources-display-component---newResourceUnit--SHORT_TEXT","interaction":{"idSuffix":"inner"}},"wdio_ui5_key":"applicationmanageresources-display-component---newResourceUnit--SHORT_TEXT"}]}
RESULT: undefined
COMMAND: POST /session/dbe42a6913d933bf746f002719692f06/execute/async - {"script":"<script> [776 bytes]","args":[{"enterText":"WdIOR2cEquipnc2zq","selector":{"id":"application-manageresources-display-component---newResourceUnit--SHORT_TEXT","interaction":{"idSuffix":"inner"}},"clearTextFirst":true,"interactionType":"ENTER_TEXT"}]}
RESULT: {"script":"<script> [776 bytes]","args":[{"enterText":"WdIOR2cEquipnc2zq","selector":{"id":"application-manageresources-display-component---newResourceUnit--SHORT_TEXT","interaction":{"idSuffix":"inner"}},"clearTextFirst":true,"interactionType":"ENTER_TEXT"}]}
COMMAND: POST /session/dbe42a6913d933bf746f002719692f06/execute/async - {"script":"<script> [1562 bytes]","args":[{"selector":{"id":"application-manageresources-display-component---newResourceUnit--BASE_UNIT_OF_MEASURE","interaction":{"idSuffix":"inner"}},"wdio_ui5_key":"applicationmanageresources-display-component---newResourceUnit--BASE_UNIT_OF_MEASURE"}]}
RESULT: {"script":"<script> [1562 bytes]","args":[{"selector":{"id":"application-manageresources-display-component---newResourceUnit--BASE_UNIT_OF_MEASURE","interaction":{"idSuffix":"inner"}},"wdio_ui5_key":"applicationmanageresources-display-component---newResourceUnit--BASE_UNIT_OF_MEASURE"}]}
RESULT: undefined
COMMAND: POST /session/dbe42a6913d933bf746f002719692f06/execute/async - {"script":"<script> [776 bytes]","args":[{"enterText":"Piece","selector":{"id":"application-manageresources-display-component---newResourceUnit--BASE_UNIT_OF_MEASURE","interaction":{"idSuffix":"inner"}},"clearTextFirst":true,"interactionType":"ENTER_TEXT"}]}
RESULT: {"script":"<script> [776 bytes]","args":[{"enterText":"Piece","selector":{"id":"application-manageresources-display-component---newResourceUnit--BASE_UNIT_OF_MEASURE","interaction":{"idSuffix":"inner"}},"clearTextFirst":true,"interactionType":"ENTER_TEXT"}]}
COMMAND: POST /session/dbe42a6913d933bf746f002719692f06/execute/async - {"script":"<script> [1562 bytes]","args":[{"selector":{"id":"application-manageresources-display-component---newResourceUnit--WEIGHT_UNIT","interaction":{"idSuffix":"inner"}},"wdio_ui5_key":"applicationmanageresources-display-component---newResourceUnit--WEIGHT_UNIT"}]}
RESULT: {"script":"<script> [1562 bytes]","args":[{"selector":{"id":"application-manageresources-display-component---newResourceUnit--WEIGHT_UNIT","interaction":{"idSuffix":"inner"}},"wdio_ui5_key":"applicationmanageresources-display-component---newResourceUnit--WEIGHT_UNIT"}]}
RESULT: undefined
COMMAND: POST /session/dbe42a6913d933bf746f002719692f06/execute/async - {"script":"<script> [776 bytes]","args":[{"enterText":"Gram","selector":{"id":"application-manageresources-display-component---newResourceUnit--WEIGHT_UNIT","interaction":{"idSuffix":"inner"}},"clearTextFirst":true,"interactionType":"ENTER_TEXT"}]}
RESULT: {"script":"<script> [776 bytes]","args":[{"enterText":"Gram","selector":{"id":"application-manageresources-display-component---newResourceUnit--WEIGHT_UNIT","interaction":{"idSuffix":"inner"}},"clearTextFirst":true,"interactionType":"ENTER_TEXT"}]}
COMMAND: POST /session/dbe42a6913d933bf746f002719692f06/execute/async - {"script":"<script> [1562 bytes]","args":[{"selector":{"id":"application-manageresources-display-component---newResourceUnit--newRRUPage-OPHeaderContent-collapseBtn-img"},"wdio_ui5_key":"applicationmanageresources-display-component---newResourceUnit--newRRUPage-OPHeaderContent-collapseBtn-img"}]}
RESULT: {"script":"<script> [1562 bytes]","args":[{"selector":{"id":"application-manageresources-display-component---newResourceUnit--newRRUPage-OPHeaderContent-collapseBtn-img"},"wdio_ui5_key":"applicationmanageresources-display-component---newResourceUnit--newRRUPage-OPHeaderContent-collapseBtn-img"}]}
RESULT: undefined
COMMAND: POST /session/dbe42a6913d933bf746f002719692f06/element - {"using":"xpath","value":"//*[@id=\"application-manageresources-display-component---newResourceUnit--newRRUPage-OPHeaderContent-collapseBtn-img\"]"}
RESULT: {"using":"xpath","value":"//*[@id=\"application-manageresources-display-component---newResourceUnit--newRRUPage-OPHeaderContent-collapseBtn-img\"]"}
COMMAND: POST /session/dbe42a6913d933bf746f002719692f06/element/f.AC1E98235C03768F9F99043C9DF93856.d.2D10A1FD18DBF7EF270BBD4947584A92.e.3675/click - {}
RESULT: {}
COMMAND: GET /session/dbe42a6913d933bf746f002719692f06/screenshot - {}
RESULT: {}
COMMAND: POST /session/dbe42a6913d933bf746f002719692f06/element - {"using":"xpath","value":"(//span[contains(@id ,\"application-manageresources-display-component---newResourceUnit--DIMENSION_UNIT-arrow\")])[1]"}
RESULT: {"using":"xpath","value":"(//span[contains(@id ,\"application-manageresources-display-component---newResourceUnit--DIMENSION_UNIT-arrow\")])[1]"}
COMMAND: POST /session/dbe42a6913d933bf746f002719692f06/element/f.AC1E98235C03768F9F99043C9DF93856.d.2D10A1FD18DBF7EF270BBD4947584A92.e.3797/click - {}
RESULT: {}
COMMAND: GET /session/dbe42a6913d933bf746f002719692f06/screenshot - {}
RESULT: {}
COMMAND: POST /session/dbe42a6913d933bf746f002719692f06/execute/async - {"script":"<script> [1562 bytes]","args":[{"selector":{"controlType":"sap.m.StandardListItem","viewName":"reusables.view.manageresources.NewResourceUnit","viewId":"application-manageresources-display-component---newResourceUnit","properties":{"title":"Centimeter"},"searchOpenDialogs":true,"interaction":{"idSuffix":"titleText"}},"wdio_ui5_key":"reusablesview.manageresources.NewResourceUnitsap.m.StandardListItem{\"title\":\"Centimeter\"}"}]}
RESULT: {"script":"<script> [1562 bytes]","args":[{"selector":{"controlType":"sap.m.StandardListItem","viewName":"reusables.view.manageresources.NewResourceUnit","viewId":"application-manageresources-display-component---newResourceUnit","properties":{"title":"Centimeter"},"searchOpenDialogs":true,"interaction":{"idSuffix":"titleText"}},"wdio_ui5_key":"reusablesview.manageresources.NewResourceUnitsap.m.StandardListItem{\"title\":\"Centimeter\"}"}]}
RESULT: undefined
COMMAND: POST /session/dbe42a6913d933bf746f002719692f06/element - {"using":"xpath","value":"//*[@id=\"__item221\"]"}
RESULT: {"using":"xpath","value":"//*[@id=\"__item221\"]"}
COMMAND: POST /session/dbe42a6913d933bf746f002719692f06/element/f.AC1E98235C03768F9F99043C9DF93856.d.2D10A1FD18DBF7EF270BBD4947584A92.e.3799/click - {}
RESULT: {}
COMMAND: GET /session/dbe42a6913d933bf746f002719692f06/screenshot - {}
RESULT: {}
COMMAND: POST /session/dbe42a6913d933bf746f002719692f06/execute/async - {"script":"<script> [1562 bytes]","args":[{"selector":{"id":"application-manageresources-display-component---newResourceUnit--newRRUPage-anchBar-application-manageresources-display-component---newResourceUnit--control-anchor","interaction":{"idSuffix":"BDI-content"}},"wdio_ui5_key":"applicationmanageresources-display-component---newResourceUnit--newRRUPage-anchBar-application-manageresources-display-component---newResourceUnit--control-anchor"}]}
RESULT: {"script":"<script> [1562 bytes]","args":[{"selector":{"id":"application-manageresources-display-component---newResourceUnit--newRRUPage-anchBar-application-manageresources-display-component---newResourceUnit--control-anchor","interaction":{"idSuffix":"BDI-content"}},"wdio_ui5_key":"applicationmanageresources-display-component---newResourceUnit--newRRUPage-anchBar-application-manageresources-display-component---newResourceUnit--control-anchor"}]}
RESULT: undefined
COMMAND: POST /session/dbe42a6913d933bf746f002719692f06/element - {"using":"xpath","value":"//*[@id=\"application-manageresources-display-component---newResourceUnit--newRRUPage-anchBar-application-manageresources-display-component---newResourceUnit--control-anchor\"]"}
RESULT: {"using":"xpath","value":"//*[@id=\"application-manageresources-display-component---newResourceUnit--newRRUPage-anchBar-application-manageresources-display-component---newResourceUnit--control-anchor\"]"}
COMMAND: POST /session/dbe42a6913d933bf746f002719692f06/element/f.AC1E98235C03768F9F99043C9DF93856.d.2D10A1FD18DBF7EF270BBD4947584A92.e.3801/click - {}
RESULT: {}
COMMAND: POST /session/dbe42a6913d933bf746f002719692f06/execute/async - {"script":"<script> [1562 bytes]","args":[{"selector":{"id":"application-manageresources-display-component---newResourceUnit--PLANNING_GROUP","interaction":{"idSuffix":"inner"}},"wdio_ui5_key":"applicationmanageresources-display-component---newResourceUnit--PLANNING_GROUP"}]}
COMMAND: GET /session/dbe42a6913d933bf746f002719692f06/screenshot - {}
RESULT: {"script":"<script> [1562 bytes]","args":[{"selector":{"id":"application-manageresources-display-component---newResourceUnit--PLANNING_GROUP","interaction":{"idSuffix":"inner"}},"wdio_ui5_key":"applicationmanageresources-display-component---newResourceUnit--PLANNING_GROUP"}]}
RESULT: undefined
COMMAND: POST /session/dbe42a6913d933bf746f002719692f06/execute/async - {"script":"<script> [776 bytes]","args":[{"enterText":"Heavy Equi","selector":{"id":"application-manageresources-display-component---newResourceUnit--PLANNING_GROUP","interaction":{"idSuffix":"inner"}},"clearTextFirst":true,"interactionType":"ENTER_TEXT"}]}
RESULT: {}
RESULT: {"script":"<script> [776 bytes]","args":[{"enterText":"Heavy Equi","selector":{"id":"application-manageresources-display-component---newResourceUnit--PLANNING_GROUP","interaction":{"idSuffix":"inner"}},"clearTextFirst":true,"interactionType":"ENTER_TEXT"}]}
COMMAND: POST /session/dbe42a6913d933bf746f002719692f06/execute/async - {"script":"<script> [1562 bytes]","args":[{"selector":{"id":"application-manageresources-display-component---newResourceUnit--ITEM_TYPE-arrow"},"wdio_ui5_key":"applicationmanageresources-display-component---newResourceUnit--ITEM_TYPE-arrow"}]}
RESULT: {"script":"<script> [1562 bytes]","args":[{"selector":{"id":"application-manageresources-display-component---newResourceUnit--ITEM_TYPE-arrow"},"wdio_ui5_key":"applicationmanageresources-display-component---newResourceUnit--ITEM_TYPE-arrow"}]}
RESULT: undefined
COMMAND: POST /session/dbe42a6913d933bf746f002719692f06/element - {"using":"xpath","value":"//*[@id=\"application-manageresources-display-component---newResourceUnit--ITEM_TYPE-arrow\"]"}
RESULT: {"using":"xpath","value":"//*[@id=\"application-manageresources-display-component---newResourceUnit--ITEM_TYPE-arrow\"]"}
COMMAND: POST /session/dbe42a6913d933bf746f002719692f06/element/f.AC1E98235C03768F9F99043C9DF93856.d.2D10A1FD18DBF7EF270BBD4947584A92.e.3806/click - {}
RESULT: {}
COMMAND: POST /session/dbe42a6913d933bf746f002719692f06/execute/async - {"script":"<script> [1562 bytes]","args":[{"selector":{"controlType":"sap.m.StandardListItem","viewName":"reusables.view.manageresources.NewResourceUnit","viewId":"application-manageresources-display-component---newResourceUnit","properties":{"title":"Resource Unit"},"searchOpenDialogs":true,"interaction":{"idSuffix":"titleText"}},"wdio_ui5_key":"reusablesview.manageresources.NewResourceUnitsap.m.StandardListItem{\"title\":\"Resource Unit\"}"}]}
COMMAND: GET /session/dbe42a6913d933bf746f002719692f06/screenshot - {}
RESULT: {}
RESULT: {"script":"<script> [1562 bytes]","args":[{"selector":{"controlType":"sap.m.StandardListItem","viewName":"reusables.view.manageresources.NewResourceUnit","viewId":"application-manageresources-display-component---newResourceUnit","properties":{"title":"Resource Unit"},"searchOpenDialogs":true,"interaction":{"idSuffix":"titleText"}},"wdio_ui5_key":"reusablesview.manageresources.NewResourceUnitsap.m.StandardListItem{\"title\":\"Resource Unit\"}"}]}
RESULT: undefined
COMMAND: POST /session/dbe42a6913d933bf746f002719692f06/element - {"using":"xpath","value":"//*[@id=\"__item243\"]"}
RESULT: {"using":"xpath","value":"//*[@id=\"__item243\"]"}
COMMAND: POST /session/dbe42a6913d933bf746f002719692f06/element/f.AC1E98235C03768F9F99043C9DF93856.d.2D10A1FD18DBF7EF270BBD4947584A92.e.3808/click - {}
RESULT: {}
COMMAND: POST /session/dbe42a6913d933bf746f002719692f06/element - {"using":"xpath","value":"//bdi[contains(text(), \"Time Segment\")]"}
COMMAND: GET /session/dbe42a6913d933bf746f002719692f06/screenshot - {}
RESULT: {}
RESULT: {"using":"xpath","value":"//bdi[contains(text(), \"Time Segment\")]"}
COMMAND: GET /session/dbe42a6913d933bf746f002719692f06/element/f.AC1E98235C03768F9F99043C9DF93856.d.2D10A1FD18DBF7EF270BBD4947584A92.e.3809/rect - {}
RESULT: {}
COMMAND: GET /session/dbe42a6913d933bf746f002719692f06/window/rect - {}
RESULT: {}
COMMAND: POST /session/dbe42a6913d933bf746f002719692f06/execute/sync - {"script":"<script> [92 bytes]","args":[]}
RESULT: {"script":"<script> [92 bytes]","args":[]}
COMMAND: POST /session/dbe42a6913d933bf746f002719692f06/actions - {"actions":[{"id":"action7","type":"wheel","parameters":{},"actions":[{"type":"scroll","x":-1820,"y":-21,"deltaX":0,"deltaY":0,"duration":0,"origin":{"element-6066-11e4-a52e-4f735466cecf":"f.AC1E98235C03768F9F99043C9DF93856.d.2D10A1FD18DBF7EF270BBD4947584A92.e.3809"}}]}]}
COMMAND: GET /session/dbe42a6913d933bf746f002719692f06/screenshot - {}
RESULT: {}
COMMAND: POST /session/dbe42a6913d933bf746f002719692f06/execute/sync - {"script":"<script> [79 bytes]","args":[{"element-6066-11e4-a52e-4f735466cecf":"f.AC1E98235C03768F9F99043C9DF93856.d.2D10A1FD18DBF7EF270BBD4947584A92.e.3809","ELEMENT":"f.AC1E98235C03768F9F99043C9DF93856.d.2D10A1FD18DBF7EF270BBD4947584A92.e.3809"},{"block":"start","inline":"nearest"}]}
RESULT: {"script":"<script> [79 bytes]","args":[{"element-6066-11e4-a52e-4f735466cecf":"f.AC1E98235C03768F9F99043C9DF93856.d.2D10A1FD18DBF7EF270BBD4947584A92.e.3809","ELEMENT":"f.AC1E98235C03768F9F99043C9DF93856.d.2D10A1FD18DBF7EF270BBD4947584A92.e.3809"},{"block":"start","inline":"nearest"}]}
COMMAND: POST /session/dbe42a6913d933bf746f002719692f06/execute/async - {"script":"<script> [1562 bytes]","args":[{"selector":{"id":"application-manageresources-display-component---newResourceUnit--btnAddTimeSegment-img"},"wdio_ui5_key":"applicationmanageresources-display-component---newResourceUnit--btnAddTimeSegment-img"}]}
COMMAND: GET /session/dbe42a6913d933bf746f002719692f06/screenshot - {}
RESULT: {"script":"<script> [1562 bytes]","args":[{"selector":{"id":"application-manageresources-display-component---newResourceUnit--btnAddTimeSegment-img"},"wdio_ui5_key":"applicationmanageresources-display-component---newResourceUnit--btnAddTimeSegment-img"}]}
RESULT: undefined
COMMAND: POST /session/dbe42a6913d933bf746f002719692f06/element - {"using":"xpath","value":"//*[@id=\"application-manageresources-display-component---newResourceUnit--btnAddTimeSegment-img\"]"}
RESULT: {}
RESULT: {"using":"xpath","value":"//*[@id=\"application-manageresources-display-component---newResourceUnit--btnAddTimeSegment-img\"]"}
COMMAND: POST /session/dbe42a6913d933bf746f002719692f06/element/f.AC1E98235C03768F9F99043C9DF93856.d.2D10A1FD18DBF7EF270BBD4947584A92.e.3810/click - {}
RESULT: {}
COMMAND: GET /session/dbe42a6913d933bf746f002719692f06/screenshot - {}
RESULT: {}
COMMAND: POST /session/dbe42a6913d933bf746f002719692f06/element - {"using":"xpath","value":"//input[@id=\"application-manageresources-display-component---newResourceUnit--idRuTSAdmin-application-manageresources-display-component---newResourceUnit--RUTimeSegment-0-inner\"]"}
RESULT: {"using":"xpath","value":"//input[@id=\"application-manageresources-display-component---newResourceUnit--idRuTSAdmin-application-manageresources-display-component---newResourceUnit--RUTimeSegment-0-inner\"]"}
COMMAND: POST /session/dbe42a6913d933bf746f002719692f06/element/f.AC1E98235C03768F9F99043C9DF93856.d.2D10A1FD18DBF7EF270BBD4947584A92.e.3816/clear - {}
RESULT: {}
COMMAND: POST /session/dbe42a6913d933bf746f002719692f06/element/f.AC1E98235C03768F9F99043C9DF93856.d.2D10A1FD18DBF7EF270BBD4947584A92.e.3816/value - {"text":"WebdriverYardxe8gd"}
COMMAND: GET /session/dbe42a6913d933bf746f002719692f06/screenshot - {}
RESULT: {"text":"WebdriverYardxe8gd"}
RESULT: {}
COMMAND: GET /session/dbe42a6913d933bf746f002719692f06/screenshot - {}
RESULT: {}
COMMAND: POST /session/dbe42a6913d933bf746f002719692f06/actions - {"actions":[{"id":"action8","type":"key","parameters":{},"actions":[{"type":"keyDown","value":"î€‡"},{"type":"pause","duration":10},{"type":"keyUp","value":"î€‡"}]}]}
RESULT: {"actions":[{"id":"action8","type":"key","parameters":{},"actions":[{"type":"keyDown","value":"î€‡"},{"type":"pause","duration":10},{"type":"keyUp","value":"î€‡"}]}]}
COMMAND: POST /session/dbe42a6913d933bf746f002719692f06/execute/async - {"script":"<script> [1562 bytes]","args":[{"selector":{"controlType":"sap.ui.core.Icon","viewName":"reusables.view.manageresources.NewResourceUnit","viewId":"application-manageresources-display-component---newResourceUnit","properties":{"src":{"regex":{"source":"slim\\-arrow\\-down"}}},"ancestor":{"controlType":"sap.m.ComboBox","viewName":"reusables.view.manageresources.NewResourceUnit","viewId":"application-manageresources-display-component---newResourceUnit","bindingPath":{"path":"/RESOURCE_UNIT_TIME_SEQUENCES/0","propertyPath":"COST_OBJECT_ADMIN_CST_TYPE","modelName":"oNewRruModel"}}},"wdio_ui5_key":"reusablesview.manageresources.NewResourceUnitsap.ui.core.Icon{\"src\":{\"regex\":{\"source\":\"slim\\\\-arrow\\\\-down\"}}}{\"controlType\":\"sap.m.ComboBox\",\"viewName\":\"reusables.view.manageresources.NewResourceUnit\",\"viewId\":\"application-manageresources-display-component---newResourceUnit\",\"bindingPath\":{\"path\":\"/RESOURCE_UNIT_TIME_SEQUENCES/0\",\"propertyPath\":\"COST_OBJECT_ADMIN_CST_TYPE\",\"modelName\":\"oNewRruModel\"}}"}]}
COMMAND: GET /session/dbe42a6913d933bf746f002719692f06/screenshot - {}
RESULT: {"script":"<script> [1562 bytes]","args":[{"selector":{"controlType":"sap.ui.core.Icon","viewName":"reusables.view.manageresources.NewResourceUnit","viewId":"application-manageresources-display-component---newResourceUnit","properties":{"src":{"regex":{"source":"slim\\-arrow\\-down"}}},"ancestor":{"controlType":"sap.m.ComboBox","viewName":"reusables.view.manageresources.NewResourceUnit","viewId":"application-manageresources-display-component---newResourceUnit","bindingPath":{"path":"/RESOURCE_UNIT_TIME_SEQUENCES/0","propertyPath":"COST_OBJECT_ADMIN_CST_TYPE","modelName":"oNewRruModel"}}},"wdio_ui5_key":"reusablesview.manageresources.NewResourceUnitsap.ui.core.Icon{\"src\":{\"regex\":{\"source\":\"slim\\\\-arrow\\\\-down\"}}}{\"controlType\":\"sap.m.ComboBox\",\"viewName\":\"reusables.view.manageresources.NewResourceUnit\",\"viewId\":\"application-manageresources-display-component---newResourceUnit\",\"bindingPath\":{\"path\":\"/RESOURCE_UNIT_TIME_SEQUENCES/0\",\"propertyPath\":\"COST_OBJECT_ADMIN_CST_TYPE\",\"modelName\":\"oNewRruModel\"}}"}]}
RESULT: undefined
COMMAND: POST /session/dbe42a6913d933bf746f002719692f06/element - {"using":"xpath","value":"//*[@id=\"__box7-application-manageresources-display-component---newResourceUnit--RUTimeSegment-0-arrow\"]"}
RESULT: {}
RESULT: {"using":"xpath","value":"//*[@id=\"__box7-application-manageresources-display-component---newResourceUnit--RUTimeSegment-0-arrow\"]"}
COMMAND: POST /session/dbe42a6913d933bf746f002719692f06/element/f.AC1E98235C03768F9F99043C9DF93856.d.2D10A1FD18DBF7EF270BBD4947584A92.e.3828/click - {}
RESULT: {}
COMMAND: POST /session/dbe42a6913d933bf746f002719692f06/execute/async - {"script":"<script> [1562 bytes]","args":[{"selector":{"controlType":"sap.m.StandardListItem","viewName":"reusables.view.manageresources.NewResourceUnit","viewId":"application-manageresources-display-component---newResourceUnit","properties":{"title":"PM Order"},"searchOpenDialogs":true,"interaction":{"idSuffix":"titleText"}},"wdio_ui5_key":"reusablesview.manageresources.NewResourceUnitsap.m.StandardListItem{\"title\":\"PM Order\"}"}]}
COMMAND: GET /session/dbe42a6913d933bf746f002719692f06/screenshot - {}
RESULT: {"script":"<script> [1562 bytes]","args":[{"selector":{"controlType":"sap.m.StandardListItem","viewName":"reusables.view.manageresources.NewResourceUnit","viewId":"application-manageresources-display-component---newResourceUnit","properties":{"title":"PM Order"},"searchOpenDialogs":true,"interaction":{"idSuffix":"titleText"}},"wdio_ui5_key":"reusablesview.manageresources.NewResourceUnitsap.m.StandardListItem{\"title\":\"PM Order\"}"}]}
RESULT: undefined
COMMAND: POST /session/dbe42a6913d933bf746f002719692f06/element - {"using":"xpath","value":"//*[@id=\"__item422\"]"}
RESULT: {}
RESULT: {"using":"xpath","value":"//*[@id=\"__item422\"]"}
COMMAND: POST /session/dbe42a6913d933bf746f002719692f06/element/f.AC1E98235C03768F9F99043C9DF93856.d.2D10A1FD18DBF7EF270BBD4947584A92.e.3832/click - {}
RESULT: {}
COMMAND: GET /session/dbe42a6913d933bf746f002719692f06/screenshot - {}
RESULT: {}
COMMAND: POST /session/dbe42a6913d933bf746f002719692f06/element - {"using":"xpath","value":"(//input[contains(@id ,\"-application-manageresources-display-component---newResourceUnit--RUTimeSegment-0-inner\")])[8]"}
RESULT: {"using":"xpath","value":"(//input[contains(@id ,\"-application-manageresources-display-component---newResourceUnit--RUTimeSegment-0-inner\")])[8]"}
COMMAND: POST /session/dbe42a6913d933bf746f002719692f06/element/f.AC1E98235C03768F9F99043C9DF93856.d.2D10A1FD18DBF7EF270BBD4947584A92.e.3835/clear - {}
RESULT: {}
COMMAND: POST /session/dbe42a6913d933bf746f002719692f06/element/f.AC1E98235C03768F9F99043C9DF93856.d.2D10A1FD18DBF7EF270BBD4947584A92.e.3835/value - {"text":"4000360"}
COMMAND: GET /session/dbe42a6913d933bf746f002719692f06/screenshot - {}
RESULT: {"text":"4000360"}
COMMAND: GET /session/dbe42a6913d933bf746f002719692f06/screenshot - {}
RESULT: {}
RESULT: {}
COMMAND: POST /session/dbe42a6913d933bf746f002719692f06/actions - {"actions":[{"id":"action9","type":"key","parameters":{},"actions":[{"type":"keyDown","value":"î€‡"},{"type":"pause","duration":10},{"type":"keyUp","value":"î€‡"}]}]}
RESULT: {"actions":[{"id":"action9","type":"key","parameters":{},"actions":[{"type":"keyDown","value":"î€‡"},{"type":"pause","duration":10},{"type":"keyUp","value":"î€‡"}]}]}
COMMAND: GET /session/dbe42a6913d933bf746f002719692f06/screenshot - {}
RESULT: {}
COMMAND: POST /session/dbe42a6913d933bf746f002719692f06/element - {"using":"xpath","value":"//input[contains(@id ,\"application-manageresources-display-component---newResourceUnit--newTimeSegmentFromDatePicker-application-manageresources-display-component---newResourceUnit--RUTimeSegment-0-inner\")]"}
RESULT: {"using":"xpath","value":"//input[contains(@id ,\"application-manageresources-display-component---newResourceUnit--newTimeSegmentFromDatePicker-application-manageresources-display-component---newResourceUnit--RUTimeSegment-0-inner\")]"}
COMMAND: POST /session/dbe42a6913d933bf746f002719692f06/element/f.AC1E98235C03768F9F99043C9DF93856.d.2D10A1FD18DBF7EF270BBD4947584A92.e.3823/clear - {}
RESULT: {}
COMMAND: POST /session/dbe42a6913d933bf746f002719692f06/element/f.AC1E98235C03768F9F99043C9DF93856.d.2D10A1FD18DBF7EF270BBD4947584A92.e.3823/clear - {}
COMMAND: GET /session/dbe42a6913d933bf746f002719692f06/screenshot - {}
RESULT: {}
COMMAND: POST /session/dbe42a6913d933bf746f002719692f06/element/f.AC1E98235C03768F9F99043C9DF93856.d.2D10A1FD18DBF7EF270BBD4947584A92.e.3823/value - {"text":"06/13/24"}
COMMAND: GET /session/dbe42a6913d933bf746f002719692f06/screenshot - {}
RESULT: {}
RESULT: {"text":"06/13/24"}
COMMAND: POST /session/dbe42a6913d933bf746f002719692f06/execute/async - {"script":"<script> [1562 bytes]","args":[{"selector":{"id":"application-manageresources-display-component---newResourceUnit--newRRUPage-anchBar-application-manageresources-display-component---newResourceUnit--resource-anchor","interaction":{"idSuffix":"BDI-content"}},"wdio_ui5_key":"applicationmanageresources-display-component---newResourceUnit--newRRUPage-anchBar-application-manageresources-display-component---newResourceUnit--resource-anchor"}]}
COMMAND: GET /session/dbe42a6913d933bf746f002719692f06/screenshot - {}
RESULT: {}
RESULT: {"script":"<script> [1562 bytes]","args":[{"selector":{"id":"application-manageresources-display-component---newResourceUnit--newRRUPage-anchBar-application-manageresources-display-component---newResourceUnit--resource-anchor","interaction":{"idSuffix":"BDI-content"}},"wdio_ui5_key":"applicationmanageresources-display-component---newResourceUnit--newRRUPage-anchBar-application-manageresources-display-component---newResourceUnit--resource-anchor"}]}
RESULT: undefined
COMMAND: POST /session/dbe42a6913d933bf746f002719692f06/element - {"using":"xpath","value":"//*[@id=\"application-manageresources-display-component---newResourceUnit--newRRUPage-anchBar-application-manageresources-display-component---newResourceUnit--resource-anchor\"]"}
RESULT: {}
RESULT: {"using":"xpath","value":"//*[@id=\"application-manageresources-display-component---newResourceUnit--newRRUPage-anchBar-application-manageresources-display-component---newResourceUnit--resource-anchor\"]"}
COMMAND: POST /session/dbe42a6913d933bf746f002719692f06/element/f.AC1E98235C03768F9F99043C9DF93856.d.2D10A1FD18DBF7EF270BBD4947584A92.e.3857/click - {}
RESULT: {}
COMMAND: POST /session/dbe42a6913d933bf746f002719692f06/execute/async - {"script":"<script> [1562 bytes]","args":[{"selector":{"id":"application-manageresources-display-component---newResourceUnit--PLANNED_DELIVERY_DATE","interaction":{"idSuffix":"inner"}},"wdio_ui5_key":"applicationmanageresources-display-component---newResourceUnit--PLANNED_DELIVERY_DATE"}]}
COMMAND: GET /session/dbe42a6913d933bf746f002719692f06/screenshot - {}
RESULT: {"script":"<script> [1562 bytes]","args":[{"selector":{"id":"application-manageresources-display-component---newResourceUnit--PLANNED_DELIVERY_DATE","interaction":{"idSuffix":"inner"}},"wdio_ui5_key":"applicationmanageresources-display-component---newResourceUnit--PLANNED_DELIVERY_DATE"}]}
RESULT: undefined
COMMAND: POST /session/dbe42a6913d933bf746f002719692f06/execute/async - {"script":"<script> [6424 bytes]","args":[{"element-6066-11e4-a52e-4f735466cecf":"f.AC1E98235C03768F9F99043C9DF93856.d.2D10A1FD18DBF7EF270BBD4947584A92.e.3720"},"setValue",["06/13/24"]]}
RESULT: {}
RESULT: {"script":"<script> [6424 bytes]","args":[{"element-6066-11e4-a52e-4f735466cecf":"f.AC1E98235C03768F9F99043C9DF93856.d.2D10A1FD18DBF7EF270BBD4947584A92.e.3720"},"setValue",["06/13/24"]]}
COMMAND: POST /session/dbe42a6913d933bf746f002719692f06/execute/async - {"script":"<script> [1562 bytes]","args":[{"selector":{"id":"application-manageresources-display-component---newResourceUnit--RETIRE_PLANNED_DATE","interaction":{"idSuffix":"inner"}},"wdio_ui5_key":"applicationmanageresources-display-component---newResourceUnit--RETIRE_PLANNED_DATE"}]}
RESULT: {"script":"<script> [1562 bytes]","args":[{"selector":{"id":"application-manageresources-display-component---newResourceUnit--RETIRE_PLANNED_DATE","interaction":{"idSuffix":"inner"}},"wdio_ui5_key":"applicationmanageresources-display-component---newResourceUnit--RETIRE_PLANNED_DATE"}]}
RESULT: undefined
COMMAND: POST /session/dbe42a6913d933bf746f002719692f06/execute/async - {"script":"<script> [776 bytes]","args":[{"enterText":"3/14/29","selector":{"id":"application-manageresources-display-component---newResourceUnit--RETIRE_PLANNED_DATE","interaction":{"idSuffix":"inner"}},"clearTextFirst":true,"interactionType":"ENTER_TEXT"}]}
RESULT: {"script":"<script> [776 bytes]","args":[{"enterText":"3/14/29","selector":{"id":"application-manageresources-display-component---newResourceUnit--RETIRE_PLANNED_DATE","interaction":{"idSuffix":"inner"}},"clearTextFirst":true,"interactionType":"ENTER_TEXT"}]}
COMMAND: POST /session/dbe42a6913d933bf746f002719692f06/execute/async - {"script":"<script> [1562 bytes]","args":[{"selector":{"controlType":"sap.m.Button","viewName":"reusables.view.manageresources.NewResourceUnit","viewId":"application-manageresources-display-component---newResourceUnit","i18NText":{"propertyName":"tooltip","key":"save"},"interaction":{"idSuffix":"BDI-content"}},"wdio_ui5_key":"reusablesview.manageresources.NewResourceUnitsap.m.Button{\"propertyName\":\"tooltip\",\"key\":\"save\"}"}]}
RESULT: {"script":"<script> [1562 bytes]","args":[{"selector":{"controlType":"sap.m.Button","viewName":"reusables.view.manageresources.NewResourceUnit","viewId":"application-manageresources-display-component---newResourceUnit","i18NText":{"propertyName":"tooltip","key":"save"},"interaction":{"idSuffix":"BDI-content"}},"wdio_ui5_key":"reusablesview.manageresources.NewResourceUnitsap.m.Button{\"propertyName\":\"tooltip\",\"key\":\"save\"}"}]}
RESULT: undefined
COMMAND: POST /session/dbe42a6913d933bf746f002719692f06/element - {"using":"xpath","value":"//*[@id=\"application-manageresources-display-component---newResourceUnit--createRuButton\"]"}
RESULT: {"using":"xpath","value":"//*[@id=\"application-manageresources-display-component---newResourceUnit--createRuButton\"]"}
COMMAND: POST /session/dbe42a6913d933bf746f002719692f06/element/f.AC1E98235C03768F9F99043C9DF93856.d.2D10A1FD18DBF7EF270BBD4947584A92.e.3681/click - {}
RESULT: {}
COMMAND: GET /session/dbe42a6913d933bf746f002719692f06/screenshot - {}
RESULT: {}
COMMAND: POST /session/dbe42a6913d933bf746f002719692f06/execute/async - {"script":"<script> [1562 bytes]","args":[{"selector":{"controlType":"sap.m.Button","properties":{"text":"Close"},"searchOpenDialogs":true,"interaction":{"idSuffix":"inner"}},"wdio_ui5_key":"sapm.Button{\"text\":\"Close\"}"}]}
RESULT: {"script":"<script> [1562 bytes]","args":[{"selector":{"controlType":"sap.m.Button","properties":{"text":"Close"},"searchOpenDialogs":true,"interaction":{"idSuffix":"inner"}},"wdio_ui5_key":"sapm.Button{\"text\":\"Close\"}"}]}
RESULT: undefined
COMMAND: POST /session/dbe42a6913d933bf746f002719692f06/element - {"using":"xpath","value":"//*[@id=\"__mbox-btn-0\"]"}
RESULT: {"using":"xpath","value":"//*[@id=\"__mbox-btn-0\"]"}
COMMAND: POST /session/dbe42a6913d933bf746f002719692f06/element/f.AC1E98235C03768F9F99043C9DF93856.d.2D10A1FD18DBF7EF270BBD4947584A92.e.3867/click - {}
RESULT: {}
COMMAND: GET /session/dbe42a6913d933bf746f002719692f06/screenshot - {}
COMMAND: POST /session/dbe42a6913d933bf746f002719692f06/execute/async - {"script":"<script> [1562 bytes]","args":[{"selector":{"controlType":"sap.m.Text","viewName":"etm.portal.ui.manageresources.view.Detail","viewId":"application-manageresources-display-component---detailRU","bindingPath":{"propertyPath":"ID","modelName":"catalogModel"}},"wdio_ui5_key":"etmportal.ui.manageresources.view.Detailsap.m.Text{\"propertyPath\":\"ID\",\"modelName\":\"catalogModel\"}"}]}
RESULT: {}
RESULT: {"script":"<script> [1562 bytes]","args":[{"selector":{"controlType":"sap.m.Text","viewName":"etm.portal.ui.manageresources.view.Detail","viewId":"application-manageresources-display-component---detailRU","bindingPath":{"propertyPath":"ID","modelName":"catalogModel"}},"wdio_ui5_key":"etmportal.ui.manageresources.view.Detailsap.m.Text{\"propertyPath\":\"ID\",\"modelName\":\"catalogModel\"}"}]}
RESULT: undefined
COMMAND: POST /session/dbe42a6913d933bf746f002719692f06/execute/async - {"script":"<script> [6424 bytes]","args":[{"element-6066-11e4-a52e-4f735466cecf":"f.AC1E98235C03768F9F99043C9DF93856.d.2D10A1FD18DBF7EF270BBD4947584A92.e.3902"},"getText",[]]}
RESULT: {"script":"<script> [6424 bytes]","args":[{"element-6066-11e4-a52e-4f735466cecf":"f.AC1E98235C03768F9F99043C9DF93856.d.2D10A1FD18DBF7EF270BBD4947584A92.e.3902"},"getText",[]]}
COMMAND: POST /session/dbe42a6913d933bf746f002719692f06/element - {"using":"css selector","value":"#shell-header-logo"}
RESULT: {"using":"css selector","value":"#shell-header-logo"}
COMMAND: POST /session/dbe42a6913d933bf746f002719692f06/element/f.AC1E98235C03768F9F99043C9DF93856.d.2D10A1FD18DBF7EF270BBD4947584A92.e.3269/click - {}
RESULT: {}
COMMAND: GET /session/dbe42a6913d933bf746f002719692f06/screenshot - {}
RESULT: {}
COMMAND: POST /session/dbe42a6913d933bf746f002719692f06/execute/async - {"script":"<script> [1562 bytes]","args":[{"selector":{"controlType":"sap.m.GenericTile","properties":{"header":"Manage Catalogs"}},"wdio_ui5_key":"sapm.GenericTile{\"header\":\"Manage Catalogs\"}"}]}
RESULT: {"script":"<script> [1562 bytes]","args":[{"selector":{"controlType":"sap.m.GenericTile","properties":{"header":"Manage Catalogs"}},"wdio_ui5_key":"sapm.GenericTile{\"header\":\"Manage Catalogs\"}"}]}
RESULT: undefined
COMMAND: POST /session/dbe42a6913d933bf746f002719692f06/element - {"using":"xpath","value":"//*[@id=\"__tile37\"]"}
RESULT: {"using":"xpath","value":"//*[@id=\"__tile37\"]"}
COMMAND: POST /session/dbe42a6913d933bf746f002719692f06/element/f.AC1E98235C03768F9F99043C9DF93856.d.2D10A1FD18DBF7EF270BBD4947584A92.e.3904/click - {}
RESULT: {}
COMMAND: GET /session/dbe42a6913d933bf746f002719692f06/screenshot - {}
RESULT: {}
COMMAND: POST /session/dbe42a6913d933bf746f002719692f06/elements - {"using":"xpath","value":"//span[text()='Error']"}
RESULT: {"using":"xpath","value":"//span[text()='Error']"}
COMMAND: POST /session/dbe42a6913d933bf746f002719692f06/execute/async - {"script":"<script> [1562 bytes]","args":[{"selector":{"controlType":"sap.m.Text","viewName":"etm.portal.ui.managecatalogs.view.MasterCatalogs","viewId":"application-managecatalogs-display-component---masterCatalogs","bindingPath":{"path":"/Catalogs('0D7502D073D53A0F1700BE067B89AFF9')","propertyPath":"DESCRIPTION","modelName":"catalogModel"}},"wdio_ui5_key":"etmportal.ui.managecatalogs.view.MasterCatalogssap.m.Text{\"path\":\"/Catalogs('0D7502D073D53A0F1700BE067B89AFF9')\",\"propertyPath\":\"DESCRIPTION\",\"modelName\":\"catalogModel\"}"}]}
RESULT: {"script":"<script> [1562 bytes]","args":[{"selector":{"controlType":"sap.m.Text","viewName":"etm.portal.ui.managecatalogs.view.MasterCatalogs","viewId":"application-managecatalogs-display-component---masterCatalogs","bindingPath":{"path":"/Catalogs('0D7502D073D53A0F1700BE067B89AFF9')","propertyPath":"DESCRIPTION","modelName":"catalogModel"}},"wdio_ui5_key":"etmportal.ui.managecatalogs.view.MasterCatalogssap.m.Text{\"path\":\"/Catalogs('0D7502D073D53A0F1700BE067B89AFF9')\",\"propertyPath\":\"DESCRIPTION\",\"modelName\":\"catalogModel\"}"}]}
RESULT: undefined
COMMAND: POST /session/dbe42a6913d933bf746f002719692f06/element - {"using":"xpath","value":"//*[@id=\"__text919-application-managecatalogs-display-component---masterCatalogs--CatalogsTable-11\"]"}
RESULT: {"using":"xpath","value":"//*[@id=\"__text919-application-managecatalogs-display-component---masterCatalogs--CatalogsTable-11\"]"}
COMMAND: POST /session/dbe42a6913d933bf746f002719692f06/element/f.AC1E98235C03768F9F99043C9DF93856.d.2D10A1FD18DBF7EF270BBD4947584A92.e.3972/click - {}
RESULT: {}
COMMAND: POST /session/dbe42a6913d933bf746f002719692f06/execute/async - {"script":"<script> [1562 bytes]","args":[{"selector":{"controlType":"sap.ui.layout.HorizontalLayout","viewName":"etm.portal.ui.managecatalogs.view.MasterItems","viewId":"application-managecatalogs-display-component---masterCatalogItems","ancestor":{"id":"application-managecatalogs-display-component---masterCatalogItems--idCatalogItemsTree-rows-row0"}},"wdio_ui5_key":"etmportal.ui.managecatalogs.view.MasterItemssap.ui.layout.HorizontalLayout{\"id\":\"application-managecatalogs-display-component---masterCatalogItems--idCatalogItemsTree-rows-row0\"}"}]}
COMMAND: GET /session/dbe42a6913d933bf746f002719692f06/screenshot - {}
RESULT: {"script":"<script> [1562 bytes]","args":[{"selector":{"controlType":"sap.ui.layout.HorizontalLayout","viewName":"etm.portal.ui.managecatalogs.view.MasterItems","viewId":"application-managecatalogs-display-component---masterCatalogItems","ancestor":{"id":"application-managecatalogs-display-component---masterCatalogItems--idCatalogItemsTree-rows-row0"}},"wdio_ui5_key":"etmportal.ui.managecatalogs.view.MasterItemssap.ui.layout.HorizontalLayout{\"id\":\"application-managecatalogs-display-component---masterCatalogItems--idCatalogItemsTree-rows-row0\"}"}]}
RESULT: undefined
COMMAND: POST /session/dbe42a6913d933bf746f002719692f06/element - {"using":"xpath","value":"//*[@id=\"__layout279-__clone1107\"]"}
RESULT: {}
RESULT: {"using":"xpath","value":"//*[@id=\"__layout279-__clone1107\"]"}
COMMAND: POST /session/dbe42a6913d933bf746f002719692f06/element/f.AC1E98235C03768F9F99043C9DF93856.d.2D10A1FD18DBF7EF270BBD4947584A92.e.3984/click - {}
RESULT: {}
COMMAND: GET /session/dbe42a6913d933bf746f002719692f06/screenshot - {}
COMMAND: POST /session/dbe42a6913d933bf746f002719692f06/execute/async - {"script":"<script> [1562 bytes]","args":[{"selector":{"controlType":"sap.m.Button","viewName":"etm.portal.ui.managecatalogs.view.Detail","viewId":"application-managecatalogs-display-component---detailCatalog","i18NText":{"propertyName":"text","key":"edit"},"interaction":{"idSuffix":"BDI-content"}},"wdio_ui5_key":"etmportal.ui.managecatalogs.view.Detailsap.m.Button{\"propertyName\":\"text\",\"key\":\"edit\"}"}]}
RESULT: {}
RESULT: {"script":"<script> [1562 bytes]","args":[{"selector":{"controlType":"sap.m.Button","viewName":"etm.portal.ui.managecatalogs.view.Detail","viewId":"application-managecatalogs-display-component---detailCatalog","i18NText":{"propertyName":"text","key":"edit"},"interaction":{"idSuffix":"BDI-content"}},"wdio_ui5_key":"etmportal.ui.managecatalogs.view.Detailsap.m.Button{\"propertyName\":\"text\",\"key\":\"edit\"}"}]}
RESULT: undefined
COMMAND: POST /session/dbe42a6913d933bf746f002719692f06/element - {"using":"xpath","value":"//*[@id=\"__button118\"]"}
RESULT: {"using":"xpath","value":"//*[@id=\"__button118\"]"}
COMMAND: POST /session/dbe42a6913d933bf746f002719692f06/element/f.AC1E98235C03768F9F99043C9DF93856.d.2D10A1FD18DBF7EF270BBD4947584A92.e.4098/click - {}
RESULT: {}
COMMAND: GET /session/dbe42a6913d933bf746f002719692f06/screenshot - {}
RESULT: {}
COMMAND: POST /session/dbe42a6913d933bf746f002719692f06/element - {"using":"xpath","value":"//bdi[contains(text(), \"Unlock\")]"}
RESULT: {"using":"xpath","value":"//bdi[contains(text(), \"Unlock\")]"}
COMMAND: POST /session/dbe42a6913d933bf746f002719692f06/elements - {"using":"xpath","value":"//bdi[contains(text(), \"Unlock\")]"}
RESULT: {"using":"xpath","value":"//bdi[contains(text(), \"Unlock\")]"}
COMMAND: POST /session/dbe42a6913d933bf746f002719692f06/execute/async - {"script":"<script> [1562 bytes]","args":[{"selector":{"controlType":"sap.ui.core.Icon","viewName":"etm.portal.ui.managecatalogs.view.Detail","viewId":"application-managecatalogs-display-component---detailCatalog","properties":{"src":{"regex":{"source":"add\\-folder"}}}},"wdio_ui5_key":"etmportal.ui.managecatalogs.view.Detailsap.ui.core.Icon{\"src\":{\"regex\":{\"source\":\"add\\\\-folder\"}}}"}]}
RESULT: {"script":"<script> [1562 bytes]","args":[{"selector":{"controlType":"sap.ui.core.Icon","viewName":"etm.portal.ui.managecatalogs.view.Detail","viewId":"application-managecatalogs-display-component---detailCatalog","properties":{"src":{"regex":{"source":"add\\-folder"}}}},"wdio_ui5_key":"etmportal.ui.managecatalogs.view.Detailsap.ui.core.Icon{\"src\":{\"regex\":{\"source\":\"add\\\\-folder\"}}}"}]}
RESULT: undefined
COMMAND: POST /session/dbe42a6913d933bf746f002719692f06/element - {"using":"xpath","value":"//*[@id=\"__button126-img\"]"}
RESULT: {"using":"xpath","value":"//*[@id=\"__button126-img\"]"}
COMMAND: POST /session/dbe42a6913d933bf746f002719692f06/element/f.AC1E98235C03768F9F99043C9DF93856.d.2D10A1FD18DBF7EF270BBD4947584A92.e.4104/click - {}
RESULT: {}
COMMAND: GET /session/dbe42a6913d933bf746f002719692f06/screenshot - {}
RESULT: {}
COMMAND: POST /session/dbe42a6913d933bf746f002719692f06/execute/async - {"script":"<script> [1562 bytes]","args":[{"selector":{"id":"application-managecatalogs-display-component---detailCatalog--numberInput","searchOpenDialogs":true,"interaction":{"idSuffix":"inner"}},"wdio_ui5_key":"applicationmanagecatalogs-display-component---detailCatalog--numberInput"}]}
RESULT: {"script":"<script> [1562 bytes]","args":[{"selector":{"id":"application-managecatalogs-display-component---detailCatalog--numberInput","searchOpenDialogs":true,"interaction":{"idSuffix":"inner"}},"wdio_ui5_key":"applicationmanagecatalogs-display-component---detailCatalog--numberInput"}]}
RESULT: undefined
COMMAND: POST /session/dbe42a6913d933bf746f002719692f06/execute/async - {"script":"<script> [776 bytes]","args":[{"enterText":"Sectionkjdm2","selector":{"id":"application-managecatalogs-display-component---detailCatalog--numberInput","searchOpenDialogs":true,"interaction":{"idSuffix":"inner"}},"clearTextFirst":true,"interactionType":"ENTER_TEXT"}]}
RESULT: {"script":"<script> [776 bytes]","args":[{"enterText":"Sectionkjdm2","selector":{"id":"application-managecatalogs-display-component---detailCatalog--numberInput","searchOpenDialogs":true,"interaction":{"idSuffix":"inner"}},"clearTextFirst":true,"interactionType":"ENTER_TEXT"}]}
COMMAND: POST /session/dbe42a6913d933bf746f002719692f06/element - {"using":"css selector","value":"#application-managecatalogs-display-component---detailCatalog--nameInput-inner"}
RESULT: {"using":"css selector","value":"#application-managecatalogs-display-component---detailCatalog--nameInput-inner"}
COMMAND: POST /session/dbe42a6913d933bf746f002719692f06/elements - {"using":"css selector","value":"#application-managecatalogs-display-component---detailCatalog--nameInput-inner"}
RESULT: {"using":"css selector","value":"#application-managecatalogs-display-component---detailCatalog--nameInput-inner"}
COMMAND: POST /session/dbe42a6913d933bf746f002719692f06/element/f.AC1E98235C03768F9F99043C9DF93856.d.2D10A1FD18DBF7EF270BBD4947584A92.e.4108/clear - {}
RESULT: {}
COMMAND: POST /session/dbe42a6913d933bf746f002719692f06/element/f.AC1E98235C03768F9F99043C9DF93856.d.2D10A1FD18DBF7EF270BBD4947584A92.e.4108/value - {"text":"Webdriver8gs5s"}
COMMAND: GET /session/dbe42a6913d933bf746f002719692f06/screenshot - {}
RESULT: {"text":"Webdriver8gs5s"}
COMMAND: POST /session/dbe42a6913d933bf746f002719692f06/execute/async - {"script":"<script> [1562 bytes]","args":[{"selector":{"controlType":"sap.m.Button","viewName":"etm.portal.ui.managecatalogs.view.Detail","viewId":"application-managecatalogs-display-component---detailCatalog","i18NText":{"propertyName":"text","key":"create"},"searchOpenDialogs":true,"interaction":{"idSuffix":"BDI-content"}},"wdio_ui5_key":"etmportal.ui.managecatalogs.view.Detailsap.m.Button{\"propertyName\":\"text\",\"key\":\"create\"}"}]}
COMMAND: GET /session/dbe42a6913d933bf746f002719692f06/screenshot - {}
RESULT: {}
RESULT: {"script":"<script> [1562 bytes]","args":[{"selector":{"controlType":"sap.m.Button","viewName":"etm.portal.ui.managecatalogs.view.Detail","viewId":"application-managecatalogs-display-component---detailCatalog","i18NText":{"propertyName":"text","key":"create"},"searchOpenDialogs":true,"interaction":{"idSuffix":"BDI-content"}},"wdio_ui5_key":"etmportal.ui.managecatalogs.view.Detailsap.m.Button{\"propertyName\":\"text\",\"key\":\"create\"}"}]}
RESULT: undefined
COMMAND: POST /session/dbe42a6913d933bf746f002719692f06/element - {"using":"xpath","value":"//*[@id=\"__button96\"]"}
RESULT: {}
RESULT: {"using":"xpath","value":"//*[@id=\"__button96\"]"}
COMMAND: POST /session/dbe42a6913d933bf746f002719692f06/element/f.AC1E98235C03768F9F99043C9DF93856.d.2D10A1FD18DBF7EF270BBD4947584A92.e.4113/click - {}
RESULT: {}
COMMAND: GET /session/dbe42a6913d933bf746f002719692f06/screenshot - {}
RESULT: {}
COMMAND: POST /session/dbe42a6913d933bf746f002719692f06/element - {"using":"xpath","value":"//button[@title=\"Save\"]"}
RESULT: {"using":"xpath","value":"//button[@title=\"Save\"]"}
COMMAND: POST /session/dbe42a6913d933bf746f002719692f06/element/f.AC1E98235C03768F9F99043C9DF93856.d.2D10A1FD18DBF7EF270BBD4947584A92.e.4114/click - {}
RESULT: {}
COMMAND: POST /session/dbe42a6913d933bf746f002719692f06/execute/async - {"script":"<script> [1562 bytes]","args":[{"selector":{"controlType":"sap.ui.core.Icon","viewName":"etm.portal.ui.managecatalogs.view.Detail","viewId":"application-managecatalogs-display-component---detailCatalog","properties":{"src":{"regex":{"source":"decline"}}}},"wdio_ui5_key":"etmportal.ui.managecatalogs.view.Detailsap.ui.core.Icon{\"src\":{\"regex\":{\"source\":\"decline\"}}}"}]}
COMMAND: GET /session/dbe42a6913d933bf746f002719692f06/screenshot - {}
RESULT: {"script":"<script> [1562 bytes]","args":[{"selector":{"controlType":"sap.ui.core.Icon","viewName":"etm.portal.ui.managecatalogs.view.Detail","viewId":"application-managecatalogs-display-component---detailCatalog","properties":{"src":{"regex":{"source":"decline"}}}},"wdio_ui5_key":"etmportal.ui.managecatalogs.view.Detailsap.ui.core.Icon{\"src\":{\"regex\":{\"source\":\"decline\"}}}"}]}
RESULT: undefined
COMMAND: POST /session/dbe42a6913d933bf746f002719692f06/element - {"using":"xpath","value":"//*[@id=\"__button121-img\"]"}
RESULT: {}
RESULT: {"using":"xpath","value":"//*[@id=\"__button121-img\"]"}
COMMAND: POST /session/dbe42a6913d933bf746f002719692f06/element/f.AC1E98235C03768F9F99043C9DF93856.d.2D10A1FD18DBF7EF270BBD4947584A92.e.4119/click - {}
RESULT: {}
COMMAND: GET /session/dbe42a6913d933bf746f002719692f06/screenshot - {}
RESULT: {}
COMMAND: POST /session/dbe42a6913d933bf746f002719692f06/execute/async - {"script":"<script> [1562 bytes]","args":[{"selector":{"controlType":"sap.ui.core.Icon","viewName":"etm.portal.ui.managecatalogs.view.MasterItems","viewId":"application-managecatalogs-display-component---masterCatalogItems","properties":{"src":{"regex":{"source":"refresh"}}}},"wdio_ui5_key":"etmportal.ui.managecatalogs.view.MasterItemssap.ui.core.Icon{\"src\":{\"regex\":{\"source\":\"refresh\"}}}"}]}
RESULT: {"script":"<script> [1562 bytes]","args":[{"selector":{"controlType":"sap.ui.core.Icon","viewName":"etm.portal.ui.managecatalogs.view.MasterItems","viewId":"application-managecatalogs-display-component---masterCatalogItems","properties":{"src":{"regex":{"source":"refresh"}}}},"wdio_ui5_key":"etmportal.ui.managecatalogs.view.MasterItemssap.ui.core.Icon{\"src\":{\"regex\":{\"source\":\"refresh\"}}}"}]}
RESULT: undefined
COMMAND: POST /session/dbe42a6913d933bf746f002719692f06/element - {"using":"xpath","value":"//*[@id=\"__button94-img\"]"}
RESULT: {"using":"xpath","value":"//*[@id=\"__button94-img\"]"}
COMMAND: POST /session/dbe42a6913d933bf746f002719692f06/element/f.AC1E98235C03768F9F99043C9DF93856.d.2D10A1FD18DBF7EF270BBD4947584A92.e.4152/click - {}
RESULT: {}
COMMAND: POST /session/dbe42a6913d933bf746f002719692f06/execute/async - {"script":"<script> [1562 bytes]","args":[{"selector":{"id":"application-managecatalogs-display-component---masterCatalogItems--searchItemsField","interaction":{"idSuffix":"I"}},"wdio_ui5_key":"applicationmanagecatalogs-display-component---masterCatalogItems--searchItemsField"}]}
COMMAND: GET /session/dbe42a6913d933bf746f002719692f06/screenshot - {}
RESULT: {"script":"<script> [1562 bytes]","args":[{"selector":{"id":"application-managecatalogs-display-component---masterCatalogItems--searchItemsField","interaction":{"idSuffix":"I"}},"wdio_ui5_key":"applicationmanagecatalogs-display-component---masterCatalogItems--searchItemsField"}]}
RESULT: undefined
COMMAND: POST /session/dbe42a6913d933bf746f002719692f06/execute/async - {"script":"<script> [776 bytes]","args":[{"enterText":"Webdriver8gs5s","selector":{"id":"application-managecatalogs-display-component---masterCatalogItems--searchItemsField","interaction":{"idSuffix":"I"}},"clearTextFirst":true,"interactionType":"ENTER_TEXT"}]}
RESULT: {}
RESULT: {"script":"<script> [776 bytes]","args":[{"enterText":"Webdriver8gs5s","selector":{"id":"application-managecatalogs-display-component---masterCatalogItems--searchItemsField","interaction":{"idSuffix":"I"}},"clearTextFirst":true,"interactionType":"ENTER_TEXT"}]}
COMMAND: POST /session/dbe42a6913d933bf746f002719692f06/actions - {"actions":[{"id":"action10","type":"key","parameters":{},"actions":[{"type":"keyDown","value":"î€‡"},{"type":"pause","duration":10},{"type":"keyUp","value":"î€‡"}]}]}
RESULT: {"actions":[{"id":"action10","type":"key","parameters":{},"actions":[{"type":"keyDown","value":"î€‡"},{"type":"pause","duration":10},{"type":"keyUp","value":"î€‡"}]}]}
COMMAND: POST /session/dbe42a6913d933bf746f002719692f06/element - {"using":"xpath","value":"(//span[contains(text(), \"Webdriver8gs5s\")])[1]"}
COMMAND: GET /session/dbe42a6913d933bf746f002719692f06/screenshot - {}
RESULT: {"using":"xpath","value":"(//span[contains(text(), \"Webdriver8gs5s\")])[1]"}
COMMAND: POST /session/dbe42a6913d933bf746f002719692f06/element/f.AC1E98235C03768F9F99043C9DF93856.d.2D10A1FD18DBF7EF270BBD4947584A92.e.4155/click - {}
RESULT: {}
RESULT: {}
COMMAND: GET /session/dbe42a6913d933bf746f002719692f06/screenshot - {}
RESULT: {}
RESULT: undefined
COMMAND: POST /session/dbe42a6913d933bf746f002719692f06/element - {"using":"xpath","value":"//*[@id=\"__button118\"]"}
RESULT: {"using":"xpath","value":"//*[@id=\"__button118\"]"}
COMMAND: POST /session/dbe42a6913d933bf746f002719692f06/element/f.AC1E98235C03768F9F99043C9DF93856.d.2D10A1FD18DBF7EF270BBD4947584A92.e.4225/click - {}
RESULT: {}
COMMAND: GET /session/dbe42a6913d933bf746f002719692f06/screenshot - {}
RESULT: {}
RESULT: undefined
COMMAND: POST /session/dbe42a6913d933bf746f002719692f06/element - {"using":"xpath","value":"//*[@id=\"__button126-img\"]"}
RESULT: {"using":"xpath","value":"//*[@id=\"__button126-img\"]"}
COMMAND: POST /session/dbe42a6913d933bf746f002719692f06/element/f.AC1E98235C03768F9F99043C9DF93856.d.2D10A1FD18DBF7EF270BBD4947584A92.e.4242/click - {}
RESULT: {}
COMMAND: GET /session/dbe42a6913d933bf746f002719692f06/screenshot - {}
RESULT: {}
RESULT: undefined
COMMAND: POST /session/dbe42a6913d933bf746f002719692f06/execute/async - {"script":"<script> [776 bytes]","args":[{"enterText":"SecondSection2wdvl","selector":{"id":"application-managecatalogs-display-component---detailCatalog--numberInput","searchOpenDialogs":true,"interaction":{"idSuffix":"inner"}},"clearTextFirst":true,"interactionType":"ENTER_TEXT"}]}
RESULT: {"script":"<script> [776 bytes]","args":[{"enterText":"SecondSection2wdvl","selector":{"id":"application-managecatalogs-display-component---detailCatalog--numberInput","searchOpenDialogs":true,"interaction":{"idSuffix":"inner"}},"clearTextFirst":true,"interactionType":"ENTER_TEXT"}]}
COMMAND: POST /session/dbe42a6913d933bf746f002719692f06/element - {"using":"xpath","value":"//input[contains(@id ,\"application-managecatalogs-display-component---detailCatalog--nameInput-inner\")]"}
RESULT: {"using":"xpath","value":"//input[contains(@id ,\"application-managecatalogs-display-component---detailCatalog--nameInput-inner\")]"}
COMMAND: POST /session/dbe42a6913d933bf746f002719692f06/elements - {"using":"xpath","value":"//input[contains(@id ,\"application-managecatalogs-display-component---detailCatalog--nameInput-inner\")]"}
RESULT: {"using":"xpath","value":"//input[contains(@id ,\"application-managecatalogs-display-component---detailCatalog--nameInput-inner\")]"}
COMMAND: POST /session/dbe42a6913d933bf746f002719692f06/element/f.AC1E98235C03768F9F99043C9DF93856.d.2D10A1FD18DBF7EF270BBD4947584A92.e.4245/clear - {}
RESULT: {}
COMMAND: POST /session/dbe42a6913d933bf746f002719692f06/element/f.AC1E98235C03768F9F99043C9DF93856.d.2D10A1FD18DBF7EF270BBD4947584A92.e.4245/value - {"text":"webdriversecond5pvbz"}
COMMAND: GET /session/dbe42a6913d933bf746f002719692f06/screenshot - {}
RESULT: {"text":"webdriversecond5pvbz"}
RESULT: undefined
COMMAND: POST /session/dbe42a6913d933bf746f002719692f06/element - {"using":"xpath","value":"//*[@id=\"__button96\"]"}
COMMAND: GET /session/dbe42a6913d933bf746f002719692f06/screenshot - {}
RESULT: {}
RESULT: {"using":"xpath","value":"//*[@id=\"__button96\"]"}
COMMAND: POST /session/dbe42a6913d933bf746f002719692f06/element/f.AC1E98235C03768F9F99043C9DF93856.d.2D10A1FD18DBF7EF270BBD4947584A92.e.4249/click - {}
RESULT: {}
RESULT: {}
COMMAND: GET /session/dbe42a6913d933bf746f002719692f06/screenshot - {}
RESULT: {}
COMMAND: POST /session/dbe42a6913d933bf746f002719692f06/element - {"using":"xpath","value":"//button[@title=\"Save\"]"}
RESULT: {"using":"xpath","value":"//button[@title=\"Save\"]"}
COMMAND: POST /session/dbe42a6913d933bf746f002719692f06/element/f.AC1E98235C03768F9F99043C9DF93856.d.2D10A1FD18DBF7EF270BBD4947584A92.e.4229/click - {}
RESULT: {}
COMMAND: GET /session/dbe42a6913d933bf746f002719692f06/screenshot - {}
RESULT: {}
RESULT: undefined
COMMAND: POST /session/dbe42a6913d933bf746f002719692f06/element - {"using":"xpath","value":"//*[@id=\"__button121-img\"]"}
RESULT: {"using":"xpath","value":"//*[@id=\"__button121-img\"]"}
COMMAND: POST /session/dbe42a6913d933bf746f002719692f06/element/f.AC1E98235C03768F9F99043C9DF93856.d.2D10A1FD18DBF7EF270BBD4947584A92.e.4254/click - {}
RESULT: {}
COMMAND: GET /session/dbe42a6913d933bf746f002719692f06/screenshot - {}
RESULT: {}
RESULT: undefined
COMMAND: POST /session/dbe42a6913d933bf746f002719692f06/element - {"using":"xpath","value":"//*[@id=\"__button94-img\"]"}
RESULT: {"using":"xpath","value":"//*[@id=\"__button94-img\"]"}
COMMAND: POST /session/dbe42a6913d933bf746f002719692f06/element/f.AC1E98235C03768F9F99043C9DF93856.d.2D10A1FD18DBF7EF270BBD4947584A92.e.4288/click - {}
RESULT: {}
COMMAND: GET /session/dbe42a6913d933bf746f002719692f06/screenshot - {}
RESULT: {}
RESULT: undefined
COMMAND: POST /session/dbe42a6913d933bf746f002719692f06/execute/async - {"script":"<script> [776 bytes]","args":[{"enterText":"SecondSection2wdvl","selector":{"id":"application-managecatalogs-display-component---masterCatalogItems--searchItemsField","interaction":{"idSuffix":"I"}},"clearTextFirst":true,"interactionType":"ENTER_TEXT"}]}
RESULT: {"script":"<script> [776 bytes]","args":[{"enterText":"SecondSection2wdvl","selector":{"id":"application-managecatalogs-display-component---masterCatalogItems--searchItemsField","interaction":{"idSuffix":"I"}},"clearTextFirst":true,"interactionType":"ENTER_TEXT"}]}
COMMAND: POST /session/dbe42a6913d933bf746f002719692f06/actions - {"actions":[{"id":"action11","type":"key","parameters":{},"actions":[{"type":"keyDown","value":"î€‡"},{"type":"pause","duration":10},{"type":"keyUp","value":"î€‡"}]}]}
RESULT: {"actions":[{"id":"action11","type":"key","parameters":{},"actions":[{"type":"keyDown","value":"î€‡"},{"type":"pause","duration":10},{"type":"keyUp","value":"î€‡"}]}]}
COMMAND: POST /session/dbe42a6913d933bf746f002719692f06/element - {"using":"xpath","value":"(//span[contains(text(), \"SecondSection2wdvl\")])[1]"}
COMMAND: GET /session/dbe42a6913d933bf746f002719692f06/screenshot - {}
RESULT: {"using":"xpath","value":"(//span[contains(text(), \"SecondSection2wdvl\")])[1]"}
COMMAND: POST /session/dbe42a6913d933bf746f002719692f06/element/f.AC1E98235C03768F9F99043C9DF93856.d.2D10A1FD18DBF7EF270BBD4947584A92.e.4291/click - {}
RESULT: {}
RESULT: {}
COMMAND: POST /session/dbe42a6913d933bf746f002719692f06/element - {"using":"xpath","value":"(//span[contains(text(), \"SecondSection2wdvl\")])[1]"}
COMMAND: GET /session/dbe42a6913d933bf746f002719692f06/screenshot - {}
RESULT: {"using":"xpath","value":"(//span[contains(text(), \"SecondSection2wdvl\")])[1]"}
COMMAND: GET /session/dbe42a6913d933bf746f002719692f06/element/f.AC1E98235C03768F9F99043C9DF93856.d.2D10A1FD18DBF7EF270BBD4947584A92.e.4291/text - {}
RESULT: {}
COMMAND: POST /session/dbe42a6913d933bf746f002719692f06/element - {"using":"xpath","value":"(//span[contains(text(), \"SecondSection2wdvl\")])[1]"}
RESULT: {"using":"xpath","value":"(//span[contains(text(), \"SecondSection2wdvl\")])[1]"}
COMMAND: GET /session/dbe42a6913d933bf746f002719692f06/element/f.AC1E98235C03768F9F99043C9DF93856.d.2D10A1FD18DBF7EF270BBD4947584A92.e.4291/text - {}
COMMAND: POST /session/dbe42a6913d933bf746f002719692f06/element - {"using":"xpath","value":"(//span[contains(text(), \"SecondSection2wdvl\")])[1]"}
RESULT: {"using":"xpath","value":"(//span[contains(text(), \"SecondSection2wdvl\")])[1]"}
COMMAND: GET /session/dbe42a6913d933bf746f002719692f06/element/f.AC1E98235C03768F9F99043C9DF93856.d.2D10A1FD18DBF7EF270BBD4947584A92.e.4344/text - {}
RESULT: {}
COMMAND: POST /session/dbe42a6913d933bf746f002719692f06/refresh - {}
RESULT: {}
COMMAND: GET /session/dbe42a6913d933bf746f002719692f06/screenshot - {}
RESULT: {}
COMMAND: POST /session/dbe42a6913d933bf746f002719692f06/execute/async - {"script":"<script> [189 bytes]","args":[]}
RESULT: {"script":"<script> [189 bytes]","args":[]}
COMMAND: POST /session/dbe42a6913d933bf746f002719692f06/execute/async - {"script":"<script> [123 bytes]","args":[]}
RESULT: {"script":"<script> [123 bytes]","args":[]}
COMMAND: POST /session/dbe42a6913d933bf746f002719692f06/timeouts - {"script":"<number>"}
RESULT: {"script":"<number>"}
COMMAND: GET /session/dbe42a6913d933bf746f002719692f06/timeouts - {}
RESULT: {}
RESULT: undefined
COMMAND: POST /session/dbe42a6913d933bf746f002719692f06/execute/async - {"script":"<script> [2676 bytes]","args":[]}
RESULT: {"script":"<script> [2676 bytes]","args":[]}
COMMAND: POST /session/dbe42a6913d933bf746f002719692f06/execute/async - {"script":"<script> [2342 bytes]","args":[{"protocol":"http","hostname":"0.0.0.0","path":"/","capabilities":{"browserName":"chrome","goog:chromeOptions":{"binary":"C:\\Program Files\\Google\\Chrome\\Application\\chrome.exe","args":["--start-maximized"]}},"logLevel":"warn","connectionRetryTimeout":120000,"connectionRetryCount":3,"logLevels":{},"enableDirectConnect":true,"strictSSL":true,"_":"65 more keys: [\"cacheDir\",\"port\",\"requestedCapabilities\",\"automationProtocol\",\"baseUrl\",\"waitforInterval\",\"waitforTimeout\",\"onReload\",\"beforeCommand\",\"afterCommand\",\"rootDir\",\"specs\",\"suites\",\"exclude\",\"groupLogsByTestSpec\",\"excludeDriverLogs\",\"bail\",\"framework\",\"reporters\",\"services\",\"maxInstances\",\"maxInstancesPerCapability\",\"injectGlobals\",\"filesToWatch\",\"execArgv\",\"runnerEnv\",\"runner\",\"shard\",\"specFileRetries\",\"specFileRetriesDelay\",\"specFileRetriesDeferred\",\"reporterSyncInterval\",\"reporterSyncTimeout\",\"cucumberFeaturesWithLineNumbers\",\"autoCompileOpts\",\"mochaOpts\",\"jasmineOpts\",\"cucumberOpts\",\"onPrepare\",\"onWorkerStart\",\"onWorkerEnd\",\"before\",\"beforeSession\",\"beforeSuite\",\"beforeHook\",\"beforeTest\",\"afterTest\",\"afterHook\",\"afterSuite\",\"afterSession\",\"after\",\"onComplete\",\"beforeAssertion\",\"afterAssertion\",\"beforeFeature\",\"beforeScenario\",\"beforeStep\",\"afterStep\",\"afterScenario\",\"afterFeature\",\"_\",\"suite\",\"$0\",\"ignoredWorkerServices\",\"wdi5\"]"}]}
RESULT: {"script":"<script> [2342 bytes]","args":[{"protocol":"http","hostname":"0.0.0.0","path":"/","capabilities":{"browserName":"chrome","goog:chromeOptions":{"binary":"C:\\Program Files\\Google\\Chrome\\Application\\chrome.exe","args":["--start-maximized"]}},"logLevel":"warn","connectionRetryTimeout":120000,"connectionRetryCount":3,"logLevels":{},"enableDirectConnect":true,"strictSSL":true,"_":"65 more keys: [\"cacheDir\",\"port\",\"requestedCapabilities\",\"automationProtocol\",\"baseUrl\",\"waitforInterval\",\"waitforTimeout\",\"onReload\",\"beforeCommand\",\"afterCommand\",\"rootDir\",\"specs\",\"suites\",\"exclude\",\"groupLogsByTestSpec\",\"excludeDriverLogs\",\"bail\",\"framework\",\"reporters\",\"services\",\"maxInstances\",\"maxInstancesPerCapability\",\"injectGlobals\",\"filesToWatch\",\"execArgv\",\"runnerEnv\",\"runner\",\"shard\",\"specFileRetries\",\"specFileRetriesDelay\",\"specFileRetriesDeferred\",\"reporterSyncInterval\",\"reporterSyncTimeout\",\"cucumberFeaturesWithLineNumbers\",\"autoCompileOpts\",\"mochaOpts\",\"jasmineOpts\",\"cucumberOpts\",\"onPrepare\",\"onWorkerStart\",\"onWorkerEnd\",\"before\",\"beforeSession\",\"beforeSuite\",\"beforeHook\",\"beforeTest\",\"afterTest\",\"afterHook\",\"afterSuite\",\"afterSession\",\"after\",\"onComplete\",\"beforeAssertion\",\"afterAssertion\",\"beforeFeature\",\"beforeScenario\",\"beforeStep\",\"afterStep\",\"afterScenario\",\"afterFeature\",\"_\",\"suite\",\"$0\",\"ignoredWorkerServices\",\"wdi5\"]"}]}
COMMAND: POST /session/dbe42a6913d933bf746f002719692f06/execute/async - {"script":"<script> [21126 bytes]","args":[35000]}
RESULT: {"script":"<script> [21126 bytes]","args":[35000]}
COMMAND: POST /session/dbe42a6913d933bf746f002719692f06/execute/async - {"script":"<script> [1562 bytes]","args":[{"selector":{"controlType":"sap.m.Button","viewName":"etm.portal.ui.managecatalogs.view.Detail","viewId":"application-managecatalogs-display-component---detailCatalog","i18NText":{"propertyName":"text","key":"edit"},"interaction":{"idSuffix":"BDI-content"}},"wdio_ui5_key":"etmportal.ui.managecatalogs.view.Detailsap.m.Button{\"propertyName\":\"text\",\"key\":\"edit\"}"}]}
RESULT: {"script":"<script> [1562 bytes]","args":[{"selector":{"controlType":"sap.m.Button","viewName":"etm.portal.ui.managecatalogs.view.Detail","viewId":"application-managecatalogs-display-component---detailCatalog","i18NText":{"propertyName":"text","key":"edit"},"interaction":{"idSuffix":"BDI-content"}},"wdio_ui5_key":"etmportal.ui.managecatalogs.view.Detailsap.m.Button{\"propertyName\":\"text\",\"key\":\"edit\"}"}]}
RESULT: undefined
COMMAND: POST /session/dbe42a6913d933bf746f002719692f06/element - {"using":"xpath","value":"//*[@id=\"__button25\"]"}
RESULT: {"using":"xpath","value":"//*[@id=\"__button25\"]"}
COMMAND: POST /session/dbe42a6913d933bf746f002719692f06/element/f.AC1E98235C03768F9F99043C9DF93856.d.6DCABCE59CF682C6CFCF327516A64064.e.4402/click - {}
RESULT: {}
COMMAND: GET /session/dbe42a6913d933bf746f002719692f06/screenshot - {}
RESULT: {}
COMMAND: POST /session/dbe42a6913d933bf746f002719692f06/element - {"using":"xpath","value":"//button[contains(@title ,\"Create Catalog Item\")]"}
RESULT: {"using":"xpath","value":"//button[contains(@title ,\"Create Catalog Item\")]"}
COMMAND: POST /session/dbe42a6913d933bf746f002719692f06/element/f.AC1E98235C03768F9F99043C9DF93856.d.6DCABCE59CF682C6CFCF327516A64064.e.4407/click - {}
RESULT: {}
COMMAND: POST /session/dbe42a6913d933bf746f002719692f06/execute/async - {"script":"<script> [1562 bytes]","args":[{"selector":{"id":"application-managecatalogs-display-component---detailCatalog--newItemNumberInput","searchOpenDialogs":true,"interaction":{"idSuffix":"inner"}},"wdio_ui5_key":"applicationmanagecatalogs-display-component---detailCatalog--newItemNumberInput"}]}
COMMAND: GET /session/dbe42a6913d933bf746f002719692f06/screenshot - {}
RESULT: {"script":"<script> [1562 bytes]","args":[{"selector":{"id":"application-managecatalogs-display-component---detailCatalog--newItemNumberInput","searchOpenDialogs":true,"interaction":{"idSuffix":"inner"}},"wdio_ui5_key":"applicationmanagecatalogs-display-component---detailCatalog--newItemNumberInput"}]}
RESULT: undefined
COMMAND: POST /session/dbe42a6913d933bf746f002719692f06/execute/async - {"script":"<script> [776 bytes]","args":[{"enterText":"catalogItemjt77fh","selector":{"id":"application-managecatalogs-display-component---detailCatalog--newItemNumberInput","searchOpenDialogs":true,"interaction":{"idSuffix":"inner"}},"clearTextFirst":true,"interactionType":"ENTER_TEXT"}]}
RESULT: {}
RESULT: {"script":"<script> [776 bytes]","args":[{"enterText":"catalogItemjt77fh","selector":{"id":"application-managecatalogs-display-component---detailCatalog--newItemNumberInput","searchOpenDialogs":true,"interaction":{"idSuffix":"inner"}},"clearTextFirst":true,"interactionType":"ENTER_TEXT"}]}
COMMAND: POST /session/dbe42a6913d933bf746f002719692f06/execute/async - {"script":"<script> [1562 bytes]","args":[{"selector":{"controlType":"sap.m.Input","viewName":"etm.portal.ui.managecatalogs.view.Detail","viewId":"application-managecatalogs-display-component---detailCatalog","bindingPath":{"path":"","propertyPath":"/DESCRIPTION"},"searchOpenDialogs":true,"interaction":{"idSuffix":"inner"}},"wdio_ui5_key":"etmportal.ui.managecatalogs.view.Detailsap.m.Input{\"path\":\"\",\"propertyPath\":\"/DESCRIPTION\"}"}]}
RESULT: {"script":"<script> [1562 bytes]","args":[{"selector":{"controlType":"sap.m.Input","viewName":"etm.portal.ui.managecatalogs.view.Detail","viewId":"application-managecatalogs-display-component---detailCatalog","bindingPath":{"path":"","propertyPath":"/DESCRIPTION"},"searchOpenDialogs":true,"interaction":{"idSuffix":"inner"}},"wdio_ui5_key":"etmportal.ui.managecatalogs.view.Detailsap.m.Input{\"path\":\"\",\"propertyPath\":\"/DESCRIPTION\"}"}]}
RESULT: undefined
COMMAND: POST /session/dbe42a6913d933bf746f002719692f06/execute/async - {"script":"<script> [776 bytes]","args":[{"enterText":"catalogItemNamejriz8","selector":{"controlType":"sap.m.Input","viewName":"etm.portal.ui.managecatalogs.view.Detail","viewId":"application-managecatalogs-display-component---detailCatalog","bindingPath":{"path":"","propertyPath":"/DESCRIPTION"},"searchOpenDialogs":true,"interaction":{"idSuffix":"inner"}},"clearTextFirst":true,"interactionType":"ENTER_TEXT"}]}
RESULT: {"script":"<script> [776 bytes]","args":[{"enterText":"catalogItemNamejriz8","selector":{"controlType":"sap.m.Input","viewName":"etm.portal.ui.managecatalogs.view.Detail","viewId":"application-managecatalogs-display-component---detailCatalog","bindingPath":{"path":"","propertyPath":"/DESCRIPTION"},"searchOpenDialogs":true,"interaction":{"idSuffix":"inner"}},"clearTextFirst":true,"interactionType":"ENTER_TEXT"}]}
COMMAND: POST /session/dbe42a6913d933bf746f002719692f06/actions - {"actions":[{"id":"action12","type":"key","parameters":{},"actions":[{"type":"keyDown","value":"î€„"},{"type":"pause","duration":10},{"type":"keyUp","value":"î€„"}]}]}
RESULT: {"actions":[{"id":"action12","type":"key","parameters":{},"actions":[{"type":"keyDown","value":"î€„"},{"type":"pause","duration":10},{"type":"keyUp","value":"î€„"}]}]}
COMMAND: GET /session/dbe42a6913d933bf746f002719692f06/screenshot - {}
RESULT: {}
COMMAND: POST /session/dbe42a6913d933bf746f002719692f06/actions - {"actions":[{"id":"action13","type":"key","parameters":{},"actions":[{"type":"keyDown","value":"î€‡"},{"type":"pause","duration":10},{"type":"keyUp","value":"î€‡"}]}]}
RESULT: {"actions":[{"id":"action13","type":"key","parameters":{},"actions":[{"type":"keyDown","value":"î€‡"},{"type":"pause","duration":10},{"type":"keyUp","value":"î€‡"}]}]}
COMMAND: GET /session/dbe42a6913d933bf746f002719692f06/screenshot - {}
RESULT: {}
COMMAND: POST /session/dbe42a6913d933bf746f002719692f06/element - {"using":"xpath","value":"//button[@title=\"Save\"]"}
RESULT: {"using":"xpath","value":"//button[@title=\"Save\"]"}
COMMAND: POST /session/dbe42a6913d933bf746f002719692f06/element/f.AC1E98235C03768F9F99043C9DF93856.d.6DCABCE59CF682C6CFCF327516A64064.e.4415/click - {}
RESULT: {}
COMMAND: GET /session/dbe42a6913d933bf746f002719692f06/screenshot - {}
RESULT: {}
COMMAND: POST /session/dbe42a6913d933bf746f002719692f06/execute/async - {"script":"<script> [1562 bytes]","args":[{"selector":{"controlType":"sap.ui.core.Icon","viewName":"etm.portal.ui.managecatalogs.view.Detail","viewId":"application-managecatalogs-display-component---detailCatalog","properties":{"src":{"regex":{"source":"decline"}}}},"wdio_ui5_key":"etmportal.ui.managecatalogs.view.Detailsap.ui.core.Icon{\"src\":{\"regex\":{\"source\":\"decline\"}}}"}]}
RESULT: {"script":"<script> [1562 bytes]","args":[{"selector":{"controlType":"sap.ui.core.Icon","viewName":"etm.portal.ui.managecatalogs.view.Detail","viewId":"application-managecatalogs-display-component---detailCatalog","properties":{"src":{"regex":{"source":"decline"}}}},"wdio_ui5_key":"etmportal.ui.managecatalogs.view.Detailsap.ui.core.Icon{\"src\":{\"regex\":{\"source\":\"decline\"}}}"}]}
RESULT: undefined
COMMAND: POST /session/dbe42a6913d933bf746f002719692f06/element - {"using":"xpath","value":"//*[@id=\"__button28-img\"]"}
RESULT: {"using":"xpath","value":"//*[@id=\"__button28-img\"]"}
COMMAND: POST /session/dbe42a6913d933bf746f002719692f06/element/f.AC1E98235C03768F9F99043C9DF93856.d.6DCABCE59CF682C6CFCF327516A64064.e.4420/click - {}
RESULT: {}
COMMAND: GET /session/dbe42a6913d933bf746f002719692f06/screenshot - {}
RESULT: {}
COMMAND: POST /session/dbe42a6913d933bf746f002719692f06/execute/async - {"script":"<script> [1562 bytes]","args":[{"selector":{"controlType":"sap.ui.core.Icon","viewName":"etm.portal.ui.managecatalogs.view.MasterItems","viewId":"application-managecatalogs-display-component---masterCatalogItems","properties":{"src":{"regex":{"source":"refresh"}}}},"wdio_ui5_key":"etmportal.ui.managecatalogs.view.MasterItemssap.ui.core.Icon{\"src\":{\"regex\":{\"source\":\"refresh\"}}}"}]}
RESULT: {"script":"<script> [1562 bytes]","args":[{"selector":{"controlType":"sap.ui.core.Icon","viewName":"etm.portal.ui.managecatalogs.view.MasterItems","viewId":"application-managecatalogs-display-component---masterCatalogItems","properties":{"src":{"regex":{"source":"refresh"}}}},"wdio_ui5_key":"etmportal.ui.managecatalogs.view.MasterItemssap.ui.core.Icon{\"src\":{\"regex\":{\"source\":\"refresh\"}}}"}]}
RESULT: undefined
COMMAND: POST /session/dbe42a6913d933bf746f002719692f06/element - {"using":"xpath","value":"//*[@id=\"__button1-img\"]"}
RESULT: {"using":"xpath","value":"//*[@id=\"__button1-img\"]"}
COMMAND: POST /session/dbe42a6913d933bf746f002719692f06/element/f.AC1E98235C03768F9F99043C9DF93856.d.6DCABCE59CF682C6CFCF327516A64064.e.4428/click - {}
RESULT: {}
COMMAND: GET /session/dbe42a6913d933bf746f002719692f06/screenshot - {}
RESULT: {}
COMMAND: POST /session/dbe42a6913d933bf746f002719692f06/execute/async - {"script":"<script> [1562 bytes]","args":[{"selector":{"id":"application-managecatalogs-display-component---masterCatalogItems--searchItemsField","interaction":{"idSuffix":"I"}},"wdio_ui5_key":"applicationmanagecatalogs-display-component---masterCatalogItems--searchItemsField"}]}
RESULT: {"script":"<script> [1562 bytes]","args":[{"selector":{"id":"application-managecatalogs-display-component---masterCatalogItems--searchItemsField","interaction":{"idSuffix":"I"}},"wdio_ui5_key":"applicationmanagecatalogs-display-component---masterCatalogItems--searchItemsField"}]}
RESULT: undefined
COMMAND: POST /session/dbe42a6913d933bf746f002719692f06/execute/async - {"script":"<script> [776 bytes]","args":[{"enterText":"catalogItemNamejriz8","selector":{"id":"application-managecatalogs-display-component---masterCatalogItems--searchItemsField","interaction":{"idSuffix":"I"}},"clearTextFirst":true,"interactionType":"ENTER_TEXT"}]}
RESULT: {"script":"<script> [776 bytes]","args":[{"enterText":"catalogItemNamejriz8","selector":{"id":"application-managecatalogs-display-component---masterCatalogItems--searchItemsField","interaction":{"idSuffix":"I"}},"clearTextFirst":true,"interactionType":"ENTER_TEXT"}]}
COMMAND: POST /session/dbe42a6913d933bf746f002719692f06/actions - {"actions":[{"id":"action14","type":"key","parameters":{},"actions":[{"type":"keyDown","value":"î€‡"},{"type":"pause","duration":10},{"type":"keyUp","value":"î€‡"}]}]}
RESULT: {"actions":[{"id":"action14","type":"key","parameters":{},"actions":[{"type":"keyDown","value":"î€‡"},{"type":"pause","duration":10},{"type":"keyUp","value":"î€‡"}]}]}
COMMAND: POST /session/dbe42a6913d933bf746f002719692f06/element - {"using":"xpath","value":"(//span[contains(text(), \"catalogItemNamejriz8\")])[1]"}
COMMAND: GET /session/dbe42a6913d933bf746f002719692f06/screenshot - {}
RESULT: {"using":"xpath","value":"(//span[contains(text(), \"catalogItemNamejriz8\")])[1]"}
COMMAND: POST /session/dbe42a6913d933bf746f002719692f06/element/f.AC1E98235C03768F9F99043C9DF93856.d.6DCABCE59CF682C6CFCF327516A64064.e.4462/click - {}
RESULT: {}
RESULT: {}
COMMAND: GET /session/dbe42a6913d933bf746f002719692f06/screenshot - {}
RESULT: {}
COMMAND: POST /session/dbe42a6913d933bf746f002719692f06/element - {"using":"xpath","value":"//span[contains(text(), \"catalogItemjt77fh\")]"}
RESULT: {"using":"xpath","value":"//span[contains(text(), \"catalogItemjt77fh\")]"}
COMMAND: GET /session/dbe42a6913d933bf746f002719692f06/element/f.AC1E98235C03768F9F99043C9DF93856.d.6DCABCE59CF682C6CFCF327516A64064.e.4526/text - {}
RESULT: {}
]]></system-out>
    </testcase>
    <testcase classname="chrome.136_0_7103_49.windows.Standard_contract_-_add_contract_items_by_Insert_Request_US118222" name="Should assign resources to the catalog item" time="61.123">
      <system-out><![CDATA[
RESULT: undefined
COMMAND: POST /session/dbe42a6913d933bf746f002719692f06/element - {"using":"xpath","value":"//*[@id=\"__button25\"]"}
RESULT: {"using":"xpath","value":"//*[@id=\"__button25\"]"}
COMMAND: POST /session/dbe42a6913d933bf746f002719692f06/element/f.AC1E98235C03768F9F99043C9DF93856.d.6DCABCE59CF682C6CFCF327516A64064.e.4527/click - {}
RESULT: {}
COMMAND: GET /session/dbe42a6913d933bf746f002719692f06/screenshot - {}
RESULT: {}
COMMAND: POST /session/dbe42a6913d933bf746f002719692f06/execute/async - {"script":"<script> [1562 bytes]","args":[{"selector":{"id":"application-managecatalogs-display-component---detailCatalog--BASE_UNIT_OF_MEASURE-arrow"},"wdio_ui5_key":"applicationmanagecatalogs-display-component---detailCatalog--BASE_UNIT_OF_MEASURE-arrow"}]}
RESULT: {"script":"<script> [1562 bytes]","args":[{"selector":{"id":"application-managecatalogs-display-component---detailCatalog--BASE_UNIT_OF_MEASURE-arrow"},"wdio_ui5_key":"applicationmanagecatalogs-display-component---detailCatalog--BASE_UNIT_OF_MEASURE-arrow"}]}
RESULT: undefined
COMMAND: POST /session/dbe42a6913d933bf746f002719692f06/element - {"using":"xpath","value":"//*[@id=\"application-managecatalogs-display-component---detailCatalog--BASE_UNIT_OF_MEASURE-arrow\"]"}
RESULT: {"using":"xpath","value":"//*[@id=\"application-managecatalogs-display-component---detailCatalog--BASE_UNIT_OF_MEASURE-arrow\"]"}
COMMAND: POST /session/dbe42a6913d933bf746f002719692f06/element/f.AC1E98235C03768F9F99043C9DF93856.d.6DCABCE59CF682C6CFCF327516A64064.e.4554/click - {}
RESULT: {}
COMMAND: POST /session/dbe42a6913d933bf746f002719692f06/execute/async - {"script":"<script> [1562 bytes]","args":[{"selector":{"controlType":"sap.m.StandardListItem","viewName":"etm.portal.ui.managecatalogs.view.Detail","viewId":"application-managecatalogs-display-component---detailCatalog","properties":{"title":"Piece"},"searchOpenDialogs":true,"interaction":{"idSuffix":"titleText"}},"wdio_ui5_key":"etmportal.ui.managecatalogs.view.Detailsap.m.StandardListItem{\"title\":\"Piece\"}"}]}
COMMAND: GET /session/dbe42a6913d933bf746f002719692f06/screenshot - {}
RESULT: {"script":"<script> [1562 bytes]","args":[{"selector":{"controlType":"sap.m.StandardListItem","viewName":"etm.portal.ui.managecatalogs.view.Detail","viewId":"application-managecatalogs-display-component---detailCatalog","properties":{"title":"Piece"},"searchOpenDialogs":true,"interaction":{"idSuffix":"titleText"}},"wdio_ui5_key":"etmportal.ui.managecatalogs.view.Detailsap.m.StandardListItem{\"title\":\"Piece\"}"}]}
RESULT: undefined
COMMAND: POST /session/dbe42a6913d933bf746f002719692f06/element - {"using":"xpath","value":"//*[@id=\"__item225\"]"}
RESULT: {}
RESULT: {"using":"xpath","value":"//*[@id=\"__item225\"]"}
COMMAND: POST /session/dbe42a6913d933bf746f002719692f06/element/f.AC1E98235C03768F9F99043C9DF93856.d.6DCABCE59CF682C6CFCF327516A64064.e.4558/click - {}
RESULT: {}
COMMAND: POST /session/dbe42a6913d933bf746f002719692f06/execute/async - {"script":"<script> [1562 bytes]","args":[{"selector":{"id":"application-managecatalogs-display-component---detailCatalog--ObjectPageLayout-anchBar-application-managecatalogs-display-component---detailCatalog--sectionRUs-anchor","interaction":{"idSuffix":"BDI-content"}},"wdio_ui5_key":"applicationmanagecatalogs-display-component---detailCatalog--ObjectPageLayout-anchBar-application-managecatalogs-display-component---detailCatalog--sectionRUs-anchor"}]}
COMMAND: GET /session/dbe42a6913d933bf746f002719692f06/screenshot - {}
RESULT: {"script":"<script> [1562 bytes]","args":[{"selector":{"id":"application-managecatalogs-display-component---detailCatalog--ObjectPageLayout-anchBar-application-managecatalogs-display-component---detailCatalog--sectionRUs-anchor","interaction":{"idSuffix":"BDI-content"}},"wdio_ui5_key":"applicationmanagecatalogs-display-component---detailCatalog--ObjectPageLayout-anchBar-application-managecatalogs-display-component---detailCatalog--sectionRUs-anchor"}]}
RESULT: undefined
COMMAND: POST /session/dbe42a6913d933bf746f002719692f06/element - {"using":"xpath","value":"//*[@id=\"application-managecatalogs-display-component---detailCatalog--ObjectPageLayout-anchBar-application-managecatalogs-display-component---detailCatalog--sectionRUs-anchor\"]"}
RESULT: {}
RESULT: {"using":"xpath","value":"//*[@id=\"application-managecatalogs-display-component---detailCatalog--ObjectPageLayout-anchBar-application-managecatalogs-display-component---detailCatalog--sectionRUs-anchor\"]"}
COMMAND: POST /session/dbe42a6913d933bf746f002719692f06/element/f.AC1E98235C03768F9F99043C9DF93856.d.6DCABCE59CF682C6CFCF327516A64064.e.4560/click - {}
RESULT: {}
COMMAND: POST /session/dbe42a6913d933bf746f002719692f06/element - {"using":"xpath","value":"//button[contains(@data-kt ,\"catalogItemAssignRuButton\")]"}
COMMAND: GET /session/dbe42a6913d933bf746f002719692f06/screenshot - {}
RESULT: {"using":"xpath","value":"//button[contains(@data-kt ,\"catalogItemAssignRuButton\")]"}
COMMAND: POST /session/dbe42a6913d933bf746f002719692f06/element/f.AC1E98235C03768F9F99043C9DF93856.d.6DCABCE59CF682C6CFCF327516A64064.e.4564/click - {}
RESULT: {}
RESULT: {}
COMMAND: GET /session/dbe42a6913d933bf746f002719692f06/screenshot - {}
RESULT: {}
COMMAND: POST /session/dbe42a6913d933bf746f002719692f06/actions - {"actions":[{"id":"action15","type":"key","parameters":{},"actions":[{"type":"keyDown","value":"î€‡"},{"type":"pause","duration":10},{"type":"keyUp","value":"î€‡"}]}]}
RESULT: {"actions":[{"id":"action15","type":"key","parameters":{},"actions":[{"type":"keyDown","value":"î€‡"},{"type":"pause","duration":10},{"type":"keyUp","value":"î€‡"}]}]}
COMMAND: POST /session/dbe42a6913d933bf746f002719692f06/execute/async - {"script":"<script> [1562 bytes]","args":[{"selector":{"id":"application-managecatalogs-display-component---detailCatalog--assignRUSearchField-vhi","searchOpenDialogs":true},"wdio_ui5_key":"applicationmanagecatalogs-display-component---detailCatalog--assignRUSearchField-vhi"}]}
COMMAND: GET /session/dbe42a6913d933bf746f002719692f06/screenshot - {}
RESULT: {"script":"<script> [1562 bytes]","args":[{"selector":{"id":"application-managecatalogs-display-component---detailCatalog--assignRUSearchField-vhi","searchOpenDialogs":true},"wdio_ui5_key":"applicationmanagecatalogs-display-component---detailCatalog--assignRUSearchField-vhi"}]}
RESULT: undefined
COMMAND: POST /session/dbe42a6913d933bf746f002719692f06/element - {"using":"xpath","value":"//*[@id=\"application-managecatalogs-display-component---detailCatalog--assignRUSearchField-vhi\"]"}
RESULT: {}
RESULT: {"using":"xpath","value":"//*[@id=\"application-managecatalogs-display-component---detailCatalog--assignRUSearchField-vhi\"]"}
COMMAND: POST /session/dbe42a6913d933bf746f002719692f06/element/f.AC1E98235C03768F9F99043C9DF93856.d.6DCABCE59CF682C6CFCF327516A64064.e.4585/click - {}
RESULT: {}
COMMAND: GET /session/dbe42a6913d933bf746f002719692f06/screenshot - {}
RESULT: {}
COMMAND: POST /session/dbe42a6913d933bf746f002719692f06/element - {"using":"xpath","value":"//input[contains(@id ,\"searchField-I\")]"}
RESULT: {"using":"xpath","value":"//input[contains(@id ,\"searchField-I\")]"}
COMMAND: POST /session/dbe42a6913d933bf746f002719692f06/element/f.AC1E98235C03768F9F99043C9DF93856.d.6DCABCE59CF682C6CFCF327516A64064.e.4589/clear - {}
RESULT: {}
COMMAND: POST /session/dbe42a6913d933bf746f002719692f06/element/f.AC1E98235C03768F9F99043C9DF93856.d.6DCABCE59CF682C6CFCF327516A64064.e.4589/value - {"text":"WdIOR2cEquipnc2zq"}
COMMAND: GET /session/dbe42a6913d933bf746f002719692f06/screenshot - {}
RESULT: {"text":"WdIOR2cEquipnc2zq"}
COMMAND: GET /session/dbe42a6913d933bf746f002719692f06/screenshot - {}
RESULT: {}
RESULT: {}
COMMAND: POST /session/dbe42a6913d933bf746f002719692f06/actions - {"actions":[{"id":"action16","type":"key","parameters":{},"actions":[{"type":"keyDown","value":"î€‡"},{"type":"pause","duration":10},{"type":"keyUp","value":"î€‡"}]}]}
RESULT: {"actions":[{"id":"action16","type":"key","parameters":{},"actions":[{"type":"keyDown","value":"î€‡"},{"type":"pause","duration":10},{"type":"keyUp","value":"î€‡"}]}]}
COMMAND: GET /session/dbe42a6913d933bf746f002719692f06/screenshot - {}
RESULT: {}
COMMAND: POST /session/dbe42a6913d933bf746f002719692f06/actions - {"actions":[{"id":"action17","type":"key","parameters":{},"actions":[{"type":"keyDown","value":"î€„"},{"type":"pause","duration":10},{"type":"keyUp","value":"î€„"}]}]}
RESULT: {"actions":[{"id":"action17","type":"key","parameters":{},"actions":[{"type":"keyDown","value":"î€„"},{"type":"pause","duration":10},{"type":"keyUp","value":"î€„"}]}]}
COMMAND: GET /session/dbe42a6913d933bf746f002719692f06/screenshot - {}
RESULT: {}
COMMAND: POST /session/dbe42a6913d933bf746f002719692f06/actions - {"actions":[{"id":"action18","type":"key","parameters":{},"actions":[{"type":"keyDown","value":"î€‡"},{"type":"pause","duration":10},{"type":"keyUp","value":"î€‡"}]}]}
RESULT: {"actions":[{"id":"action18","type":"key","parameters":{},"actions":[{"type":"keyDown","value":"î€‡"},{"type":"pause","duration":10},{"type":"keyUp","value":"î€‡"}]}]}
COMMAND: GET /session/dbe42a6913d933bf746f002719692f06/screenshot - {}
RESULT: {}
COMMAND: POST /session/dbe42a6913d933bf746f002719692f06/element - {"using":"xpath","value":"//bdi[contains(@id ,\"application-managecatalogs-display-component---detailCatalog--RUAssignmentSaveButton-BDI-content\")]"}
RESULT: {"using":"xpath","value":"//bdi[contains(@id ,\"application-managecatalogs-display-component---detailCatalog--RUAssignmentSaveButton-BDI-content\")]"}
COMMAND: POST /session/dbe42a6913d933bf746f002719692f06/element/f.AC1E98235C03768F9F99043C9DF93856.d.6DCABCE59CF682C6CFCF327516A64064.e.4608/click - {}
RESULT: {}
COMMAND: GET /session/dbe42a6913d933bf746f002719692f06/screenshot - {}
RESULT: {}
COMMAND: POST /session/dbe42a6913d933bf746f002719692f06/element - {"using":"xpath","value":"//bdi[contains(@id ,\"application-managecatalogs-display-component---detailCatalog--ObjectPageLayout-anchBar-application-managecatalogs-display-component---detailCatalog--sectionRUs-anchor-BDI-content\")]"}
RESULT: {"using":"xpath","value":"//bdi[contains(@id ,\"application-managecatalogs-display-component---detailCatalog--ObjectPageLayout-anchBar-application-managecatalogs-display-component---detailCatalog--sectionRUs-anchor-BDI-content\")]"}
COMMAND: POST /session/dbe42a6913d933bf746f002719692f06/element/f.AC1E98235C03768F9F99043C9DF93856.d.6DCABCE59CF682C6CFCF327516A64064.e.4629/click - {}
RESULT: {}
COMMAND: GET /session/dbe42a6913d933bf746f002719692f06/screenshot - {}
RESULT: {}
COMMAND: POST /session/dbe42a6913d933bf746f002719692f06/element - {"using":"xpath","value":"//button[contains(@data-kt ,\"catalogItemAssignRuButton\")]"}
RESULT: {"using":"xpath","value":"//button[contains(@data-kt ,\"catalogItemAssignRuButton\")]"}
COMMAND: POST /session/dbe42a6913d933bf746f002719692f06/element/f.AC1E98235C03768F9F99043C9DF93856.d.6DCABCE59CF682C6CFCF327516A64064.e.4564/click - {}
RESULT: {}
COMMAND: GET /session/dbe42a6913d933bf746f002719692f06/screenshot - {}
RESULT: {}
COMMAND: POST /session/dbe42a6913d933bf746f002719692f06/actions - {"actions":[{"id":"action19","type":"key","parameters":{},"actions":[{"type":"keyDown","value":"î€‡"},{"type":"pause","duration":10},{"type":"keyUp","value":"î€‡"}]}]}
RESULT: {"actions":[{"id":"action19","type":"key","parameters":{},"actions":[{"type":"keyDown","value":"î€‡"},{"type":"pause","duration":10},{"type":"keyUp","value":"î€‡"}]}]}
RESULT: undefined
COMMAND: POST /session/dbe42a6913d933bf746f002719692f06/element - {"using":"xpath","value":"//*[@id=\"application-managecatalogs-display-component---detailCatalog--assignRUSearchField-vhi\"]"}
COMMAND: GET /session/dbe42a6913d933bf746f002719692f06/screenshot - {}
RESULT: {"using":"xpath","value":"//*[@id=\"application-managecatalogs-display-component---detailCatalog--assignRUSearchField-vhi\"]"}
COMMAND: POST /session/dbe42a6913d933bf746f002719692f06/elements - {"using":"xpath","value":"//*[@id=\"application-managecatalogs-display-component---detailCatalog--assignRUSearchField-vhi\"]"}
RESULT: {}
RESULT: {"using":"xpath","value":"//*[@id=\"application-managecatalogs-display-component---detailCatalog--assignRUSearchField-vhi\"]"}
COMMAND: POST /session/dbe42a6913d933bf746f002719692f06/element - {"using":"xpath","value":"//*[@id=\"application-managecatalogs-display-component---detailCatalog--assignRUSearchField-vhi\"]"}
RESULT: {"using":"xpath","value":"//*[@id=\"application-managecatalogs-display-component---detailCatalog--assignRUSearchField-vhi\"]"}
COMMAND: POST /session/dbe42a6913d933bf746f002719692f06/element/f.AC1E98235C03768F9F99043C9DF93856.d.6DCABCE59CF682C6CFCF327516A64064.e.4646/click - {}
RESULT: {}
COMMAND: POST /session/dbe42a6913d933bf746f002719692f06/execute/async - {"script":"<script> [1562 bytes]","args":[{"selector":{"controlType":"sap.m.SearchField","viewName":"etm.portal.ui.managecatalogs.view.Detail","viewId":"application-managecatalogs-display-component---detailCatalog","searchOpenDialogs":true,"interaction":{"idSuffix":"I"}},"wdio_ui5_key":"etmportal.ui.managecatalogs.view.Detailsap.m.SearchField"}]}
COMMAND: GET /session/dbe42a6913d933bf746f002719692f06/screenshot - {}
RESULT: {"script":"<script> [1562 bytes]","args":[{"selector":{"controlType":"sap.m.SearchField","viewName":"etm.portal.ui.managecatalogs.view.Detail","viewId":"application-managecatalogs-display-component---detailCatalog","searchOpenDialogs":true,"interaction":{"idSuffix":"I"}},"wdio_ui5_key":"etmportal.ui.managecatalogs.view.Detailsap.m.SearchField"}]}
RESULT: undefined
COMMAND: POST /session/dbe42a6913d933bf746f002719692f06/execute/async - {"script":"<script> [776 bytes]","args":[{"enterText":"WebdriverRUR2C3bn39","selector":{"controlType":"sap.m.SearchField","viewName":"etm.portal.ui.managecatalogs.view.Detail","viewId":"application-managecatalogs-display-component---detailCatalog","searchOpenDialogs":true,"interaction":{"idSuffix":"I"}},"clearTextFirst":true,"interactionType":"ENTER_TEXT"}]}
RESULT: {}
RESULT: {"script":"<script> [776 bytes]","args":[{"enterText":"WebdriverRUR2C3bn39","selector":{"controlType":"sap.m.SearchField","viewName":"etm.portal.ui.managecatalogs.view.Detail","viewId":"application-managecatalogs-display-component---detailCatalog","searchOpenDialogs":true,"interaction":{"idSuffix":"I"}},"clearTextFirst":true,"interactionType":"ENTER_TEXT"}]}
COMMAND: POST /session/dbe42a6913d933bf746f002719692f06/actions - {"actions":[{"id":"action20","type":"key","parameters":{},"actions":[{"type":"keyDown","value":"î€‡"},{"type":"pause","duration":10},{"type":"keyUp","value":"î€‡"}]}]}
RESULT: {"actions":[{"id":"action20","type":"key","parameters":{},"actions":[{"type":"keyDown","value":"î€‡"},{"type":"pause","duration":10},{"type":"keyUp","value":"î€‡"}]}]}
COMMAND: GET /session/dbe42a6913d933bf746f002719692f06/screenshot - {}
RESULT: {}
COMMAND: POST /session/dbe42a6913d933bf746f002719692f06/element - {"using":"xpath","value":"(//span[contains(text(), \"WebdriverRUR2C3bn39\")])[1]"}
RESULT: {"using":"xpath","value":"(//span[contains(text(), \"WebdriverRUR2C3bn39\")])[1]"}
COMMAND: POST /session/dbe42a6913d933bf746f002719692f06/element/f.AC1E98235C03768F9F99043C9DF93856.d.6DCABCE59CF682C6CFCF327516A64064.e.4680/click - {}
RESULT: {}
COMMAND: POST /session/dbe42a6913d933bf746f002719692f06/execute/async - {"script":"<script> [1562 bytes]","args":[{"selector":{"id":"application-managecatalogs-display-component---detailCatalog--RUAssignmentSaveButton","searchOpenDialogs":true,"interaction":{"idSuffix":"BDI-content"}},"wdio_ui5_key":"applicationmanagecatalogs-display-component---detailCatalog--RUAssignmentSaveButton"}]}
COMMAND: GET /session/dbe42a6913d933bf746f002719692f06/screenshot - {}
RESULT: {"script":"<script> [1562 bytes]","args":[{"selector":{"id":"application-managecatalogs-display-component---detailCatalog--RUAssignmentSaveButton","searchOpenDialogs":true,"interaction":{"idSuffix":"BDI-content"}},"wdio_ui5_key":"applicationmanagecatalogs-display-component---detailCatalog--RUAssignmentSaveButton"}]}
RESULT: undefined
COMMAND: POST /session/dbe42a6913d933bf746f002719692f06/element - {"using":"xpath","value":"//*[@id=\"application-managecatalogs-display-component---detailCatalog--RUAssignmentSaveButton\"]"}
RESULT: {}
RESULT: {"using":"xpath","value":"//*[@id=\"application-managecatalogs-display-component---detailCatalog--RUAssignmentSaveButton\"]"}
COMMAND: POST /session/dbe42a6913d933bf746f002719692f06/element/f.AC1E98235C03768F9F99043C9DF93856.d.6DCABCE59CF682C6CFCF327516A64064.e.4683/click - {}
RESULT: {}
COMMAND: GET /session/dbe42a6913d933bf746f002719692f06/screenshot - {}
RESULT: {}
COMMAND: POST /session/dbe42a6913d933bf746f002719692f06/element - {"using":"xpath","value":"//bdi[contains(text(), \"Save\")]"}
RESULT: {"using":"xpath","value":"//bdi[contains(text(), \"Save\")]"}
COMMAND: POST /session/dbe42a6913d933bf746f002719692f06/element/f.AC1E98235C03768F9F99043C9DF93856.d.6DCABCE59CF682C6CFCF327516A64064.e.4694/click - {}
RESULT: {}
COMMAND: GET /session/dbe42a6913d933bf746f002719692f06/screenshot - {}
RESULT: {}
COMMAND: POST /session/dbe42a6913d933bf746f002719692f06/element - {"using":"css selector","value":"#shell-header-logo"}
RESULT: {"using":"css selector","value":"#shell-header-logo"}
COMMAND: POST /session/dbe42a6913d933bf746f002719692f06/element/f.AC1E98235C03768F9F99043C9DF93856.d.6DCABCE59CF682C6CFCF327516A64064.e.4367/click - {}
RESULT: {}
COMMAND: GET /session/dbe42a6913d933bf746f002719692f06/screenshot - {}
RESULT: {}
]]></system-out>
    </testcase>
    <testcase classname="chrome.136_0_7103_49.windows.Standard_contract_-_add_contract_items_by_Insert_Request_US118222" name="Should create a new contract" time="92.927">
      <system-out><![CDATA[
COMMAND: POST /session/dbe42a6913d933bf746f002719692f06/execute/async - {"script":"<script> [1562 bytes]","args":[{"selector":{"controlType":"sap.m.GenericTile","properties":{"header":"Manage Contracts"}},"wdio_ui5_key":"sapm.GenericTile{\"header\":\"Manage Contracts\"}"}]}
RESULT: {"script":"<script> [1562 bytes]","args":[{"selector":{"controlType":"sap.m.GenericTile","properties":{"header":"Manage Contracts"}},"wdio_ui5_key":"sapm.GenericTile{\"header\":\"Manage Contracts\"}"}]}
RESULT: undefined
COMMAND: POST /session/dbe42a6913d933bf746f002719692f06/element - {"using":"xpath","value":"//*[@id=\"__tile130\"]"}
RESULT: {"using":"xpath","value":"//*[@id=\"__tile130\"]"}
COMMAND: POST /session/dbe42a6913d933bf746f002719692f06/element/f.AC1E98235C03768F9F99043C9DF93856.d.6DCABCE59CF682C6CFCF327516A64064.e.4725/click - {}
RESULT: {}
COMMAND: GET /session/dbe42a6913d933bf746f002719692f06/screenshot - {}
RESULT: {}
COMMAND: POST /session/dbe42a6913d933bf746f002719692f06/elements - {"using":"xpath","value":"//span[text()='Error']"}
RESULT: {"using":"xpath","value":"//span[text()='Error']"}
COMMAND: POST /session/dbe42a6913d933bf746f002719692f06/element - {"using":"xpath","value":"//button[@data-kt=\"addButton\"]"}
RESULT: {"using":"xpath","value":"//button[@data-kt=\"addButton\"]"}
COMMAND: POST /session/dbe42a6913d933bf746f002719692f06/element/f.AC1E98235C03768F9F99043C9DF93856.d.6DCABCE59CF682C6CFCF327516A64064.e.4776/click - {}
RESULT: {}
COMMAND: GET /session/dbe42a6913d933bf746f002719692f06/screenshot - {}
RESULT: {}
COMMAND: POST /session/dbe42a6913d933bf746f002719692f06/execute/async - {"script":"<script> [1562 bytes]","args":[{"selector":{"id":"application-managecontracts-display-component---AddNewContract--projectDescription","interaction":{"idSuffix":"inner"}},"wdio_ui5_key":"applicationmanagecontracts-display-component---AddNewContract--projectDescription"}]}
RESULT: {"script":"<script> [1562 bytes]","args":[{"selector":{"id":"application-managecontracts-display-component---AddNewContract--projectDescription","interaction":{"idSuffix":"inner"}},"wdio_ui5_key":"applicationmanagecontracts-display-component---AddNewContract--projectDescription"}]}
RESULT: undefined
COMMAND: POST /session/dbe42a6913d933bf746f002719692f06/execute/async - {"script":"<script> [776 bytes]","args":[{"enterText":"WdIOR2cegr6e","selector":{"id":"application-managecontracts-display-component---AddNewContract--projectDescription","interaction":{"idSuffix":"inner"}},"clearTextFirst":true,"interactionType":"ENTER_TEXT"}]}
RESULT: {"script":"<script> [776 bytes]","args":[{"enterText":"WdIOR2cegr6e","selector":{"id":"application-managecontracts-display-component---AddNewContract--projectDescription","interaction":{"idSuffix":"inner"}},"clearTextFirst":true,"interactionType":"ENTER_TEXT"}]}
COMMAND: POST /session/dbe42a6913d933bf746f002719692f06/element - {"using":"xpath","value":"//input[@id=\"application-managecontracts-display-component---AddNewContract--yardId-inner\"]"}
RESULT: {"using":"xpath","value":"//input[@id=\"application-managecontracts-display-component---AddNewContract--yardId-inner\"]"}
COMMAND: POST /session/dbe42a6913d933bf746f002719692f06/element/f.AC1E98235C03768F9F99043C9DF93856.d.6DCABCE59CF682C6CFCF327516A64064.e.5078/clear - {}
RESULT: {}
COMMAND: POST /session/dbe42a6913d933bf746f002719692f06/element/f.AC1E98235C03768F9F99043C9DF93856.d.6DCABCE59CF682C6CFCF327516A64064.e.5078/value - {"text":"WebdriverYardxe8gd"}
COMMAND: GET /session/dbe42a6913d933bf746f002719692f06/screenshot - {}
RESULT: {"text":"WebdriverYardxe8gd"}
COMMAND: GET /session/dbe42a6913d933bf746f002719692f06/screenshot - {}
RESULT: {}
RESULT: {}
COMMAND: POST /session/dbe42a6913d933bf746f002719692f06/actions - {"actions":[{"id":"action21","type":"key","parameters":{},"actions":[{"type":"keyDown","value":"î€‡"},{"type":"pause","duration":10},{"type":"keyUp","value":"î€‡"}]}]}
RESULT: {"actions":[{"id":"action21","type":"key","parameters":{},"actions":[{"type":"keyDown","value":"î€‡"},{"type":"pause","duration":10},{"type":"keyUp","value":"î€‡"}]}]}
COMMAND: GET /session/dbe42a6913d933bf746f002719692f06/screenshot - {}
RESULT: {}
COMMAND: POST /session/dbe42a6913d933bf746f002719692f06/element - {"using":"xpath","value":"//input[@id=\"application-managecontracts-display-component---AddNewContract--customerSelect-inner\"]"}
RESULT: {"using":"xpath","value":"//input[@id=\"application-managecontracts-display-component---AddNewContract--customerSelect-inner\"]"}
COMMAND: POST /session/dbe42a6913d933bf746f002719692f06/element/f.AC1E98235C03768F9F99043C9DF93856.d.6DCABCE59CF682C6CFCF327516A64064.e.5076/clear - {}
RESULT: {}
COMMAND: POST /session/dbe42a6913d933bf746f002719692f06/element/f.AC1E98235C03768F9F99043C9DF93856.d.6DCABCE59CF682C6CFCF327516A64064.e.5076/value - {"text":"WebdriverPartnerm93hri"}
COMMAND: GET /session/dbe42a6913d933bf746f002719692f06/screenshot - {}
RESULT: {"text":"WebdriverPartnerm93hri"}
COMMAND: GET /session/dbe42a6913d933bf746f002719692f06/screenshot - {}
RESULT: {}
RESULT: {}
COMMAND: POST /session/dbe42a6913d933bf746f002719692f06/actions - {"actions":[{"id":"action22","type":"key","parameters":{},"actions":[{"type":"keyDown","value":"î€‡"},{"type":"pause","duration":10},{"type":"keyUp","value":"î€‡"}]}]}
RESULT: {"actions":[{"id":"action22","type":"key","parameters":{},"actions":[{"type":"keyDown","value":"î€‡"},{"type":"pause","duration":10},{"type":"keyUp","value":"î€‡"}]}]}
COMMAND: GET /session/dbe42a6913d933bf746f002719692f06/screenshot - {}
RESULT: {}
COMMAND: POST /session/dbe42a6913d933bf746f002719692f06/element - {"using":"xpath","value":"//input[@id=\"application-managecontracts-display-component---AddNewContract--site-inner\"]"}
RESULT: {"using":"xpath","value":"//input[@id=\"application-managecontracts-display-component---AddNewContract--site-inner\"]"}
COMMAND: POST /session/dbe42a6913d933bf746f002719692f06/element/f.AC1E98235C03768F9F99043C9DF93856.d.6DCABCE59CF682C6CFCF327516A64064.e.5077/clear - {}
RESULT: {}
COMMAND: POST /session/dbe42a6913d933bf746f002719692f06/element/f.AC1E98235C03768F9F99043C9DF93856.d.6DCABCE59CF682C6CFCF327516A64064.e.5077/value - {"text":"WebdriverSitetv19i"}
COMMAND: GET /session/dbe42a6913d933bf746f002719692f06/screenshot - {}
RESULT: {"text":"WebdriverSitetv19i"}
COMMAND: GET /session/dbe42a6913d933bf746f002719692f06/screenshot - {}
RESULT: {}
RESULT: {}
COMMAND: POST /session/dbe42a6913d933bf746f002719692f06/actions - {"actions":[{"id":"action23","type":"key","parameters":{},"actions":[{"type":"keyDown","value":"î€‡"},{"type":"pause","duration":10},{"type":"keyUp","value":"î€‡"}]}]}
RESULT: {"actions":[{"id":"action23","type":"key","parameters":{},"actions":[{"type":"keyDown","value":"î€‡"},{"type":"pause","duration":10},{"type":"keyUp","value":"î€‡"}]}]}
COMMAND: GET /session/dbe42a6913d933bf746f002719692f06/screenshot - {}
RESULT: {}
COMMAND: POST /session/dbe42a6913d933bf746f002719692f06/element - {"using":"xpath","value":"//button[@data-kt=\"saveButton\"]"}
RESULT: {"using":"xpath","value":"//button[@data-kt=\"saveButton\"]"}
COMMAND: POST /session/dbe42a6913d933bf746f002719692f06/element/f.AC1E98235C03768F9F99043C9DF93856.d.6DCABCE59CF682C6CFCF327516A64064.e.5113/click - {}
RESULT: {}
COMMAND: GET /session/dbe42a6913d933bf746f002719692f06/screenshot - {}
RESULT: {}
COMMAND: POST /session/dbe42a6913d933bf746f002719692f06/execute/async - {"script":"<script> [1562 bytes]","args":[{"selector":{"id":"contractDetailTitleNoExpanded","viewName":"etm.portal.ui.managecontracts.view.Detail"},"wdio_ui5_key":"contractDetailTitleNoExpandedetmportal.ui.managecontracts.view.Detail"}]}
RESULT: {"script":"<script> [1562 bytes]","args":[{"selector":{"id":"contractDetailTitleNoExpanded","viewName":"etm.portal.ui.managecontracts.view.Detail"},"wdio_ui5_key":"contractDetailTitleNoExpandedetmportal.ui.managecontracts.view.Detail"}]}
RESULT: undefined
COMMAND: POST /session/dbe42a6913d933bf746f002719692f06/execute/async - {"script":"<script> [6424 bytes]","args":[{"element-6066-11e4-a52e-4f735466cecf":"f.AC1E98235C03768F9F99043C9DF93856.d.6DCABCE59CF682C6CFCF327516A64064.e.5186"},"getText",[]]}
RESULT: {"script":"<script> [6424 bytes]","args":[{"element-6066-11e4-a52e-4f735466cecf":"f.AC1E98235C03768F9F99043C9DF93856.d.6DCABCE59CF682C6CFCF327516A64064.e.5186"},"getText",[]]}
]]></system-out>
    </testcase>
    <testcase classname="chrome.136_0_7103_49.windows.Standard_contract_-_add_contract_items_by_Insert_Request_US118222" name="Should create a new request and plan it" time="192.962">
      <system-out><![CDATA[
COMMAND: POST /session/dbe42a6913d933bf746f002719692f06/element - {"using":"css selector","value":"#shell-header-logo"}
RESULT: {"using":"css selector","value":"#shell-header-logo"}
COMMAND: POST /session/dbe42a6913d933bf746f002719692f06/element/f.AC1E98235C03768F9F99043C9DF93856.d.6DCABCE59CF682C6CFCF327516A64064.e.4728/click - {}
RESULT: {}
COMMAND: GET /session/dbe42a6913d933bf746f002719692f06/screenshot - {}
RESULT: {}
COMMAND: POST /session/dbe42a6913d933bf746f002719692f06/execute/async - {"script":"<script> [1562 bytes]","args":[{"selector":{"controlType":"sap.m.GenericTile","properties":{"header":"Manage Requests"}},"wdio_ui5_key":"sapm.GenericTile{\"header\":\"Manage Requests\"}"}]}
RESULT: {"script":"<script> [1562 bytes]","args":[{"selector":{"controlType":"sap.m.GenericTile","properties":{"header":"Manage Requests"}},"wdio_ui5_key":"sapm.GenericTile{\"header\":\"Manage Requests\"}"}]}
RESULT: undefined
COMMAND: POST /session/dbe42a6913d933bf746f002719692f06/element - {"using":"xpath","value":"//*[@id=\"__tile47\"]"}
RESULT: {"using":"xpath","value":"//*[@id=\"__tile47\"]"}
COMMAND: POST /session/dbe42a6913d933bf746f002719692f06/element/f.AC1E98235C03768F9F99043C9DF93856.d.6DCABCE59CF682C6CFCF327516A64064.e.5189/click - {}
RESULT: {}
COMMAND: GET /session/dbe42a6913d933bf746f002719692f06/screenshot - {}
RESULT: {}
COMMAND: POST /session/dbe42a6913d933bf746f002719692f06/elements - {"using":"xpath","value":"//span[text()='Error']"}
RESULT: {"using":"xpath","value":"//span[text()='Error']"}
COMMAND: POST /session/dbe42a6913d933bf746f002719692f06/element - {"using":"xpath","value":"//button[contains(@data-kt ,\"btnCreateNewOverflowToolbarButton\")]"}
COMMAND: POST /session/dbe42a6913d933bf746f002719692f06/element - {"using":"xpath","value":"(//span[contains(@class ,\"sapMObjStatusText\")])[1]"}
RESULT: {"using":"xpath","value":"//button[contains(@data-kt ,\"btnCreateNewOverflowToolbarButton\")]"}
COMMAND: POST /session/dbe42a6913d933bf746f002719692f06/element/f.AC1E98235C03768F9F99043C9DF93856.d.6DCABCE59CF682C6CFCF327516A64064.e.5258/click - {}
RESULT: {"using":"xpath","value":"(//span[contains(@class ,\"sapMObjStatusText\")])[1]"}
COMMAND: POST /session/dbe42a6913d933bf746f002719692f06/execute/sync - {"script":"<script> [8489 bytes]","args":[{"element-6066-11e4-a52e-4f735466cecf":"f.AC1E98235C03768F9F99043C9DF93856.d.6DCABCE59CF682C6CFCF327516A64064.e.5302","ELEMENT":"f.AC1E98235C03768F9F99043C9DF93856.d.6DCABCE59CF682C6CFCF327516A64064.e.5302"}]}
RESULT: {}
COMMAND: GET /session/dbe42a6913d933bf746f002719692f06/screenshot - {}
RESULT: {"script":"<script> [8489 bytes]","args":[{"element-6066-11e4-a52e-4f735466cecf":"f.AC1E98235C03768F9F99043C9DF93856.d.6DCABCE59CF682C6CFCF327516A64064.e.5302","ELEMENT":"f.AC1E98235C03768F9F99043C9DF93856.d.6DCABCE59CF682C6CFCF327516A64064.e.5302"}]}
COMMAND: GET /session/dbe42a6913d933bf746f002719692f06/screenshot - {}
RESULT: {}
RESULT: {}
COMMAND: POST /session/dbe42a6913d933bf746f002719692f06/element - {"using":"xpath","value":"//input[contains(@id ,\"yardId-inner\")]"}
RESULT: {"using":"xpath","value":"//input[contains(@id ,\"yardId-inner\")]"}
COMMAND: POST /session/dbe42a6913d933bf746f002719692f06/execute/sync - {"script":"<script> [8489 bytes]","args":[{"element-6066-11e4-a52e-4f735466cecf":"f.AC1E98235C03768F9F99043C9DF93856.d.6DCABCE59CF682C6CFCF327516A64064.e.5386","ELEMENT":"f.AC1E98235C03768F9F99043C9DF93856.d.6DCABCE59CF682C6CFCF327516A64064.e.5386"}]}
RESULT: {"script":"<script> [8489 bytes]","args":[{"element-6066-11e4-a52e-4f735466cecf":"f.AC1E98235C03768F9F99043C9DF93856.d.6DCABCE59CF682C6CFCF327516A64064.e.5386","ELEMENT":"f.AC1E98235C03768F9F99043C9DF93856.d.6DCABCE59CF682C6CFCF327516A64064.e.5386"}]}
COMMAND: POST /session/dbe42a6913d933bf746f002719692f06/element - {"using":"xpath","value":"//input[contains(@id ,\"requestContractNo-inner\")]"}
COMMAND: POST /session/dbe42a6913d933bf746f002719692f06/element - {"using":"xpath","value":"//input[contains(@id ,\"requestContractNo-inner\")]"}
COMMAND: GET /session/dbe42a6913d933bf746f002719692f06/screenshot - {}
RESULT: {"using":"xpath","value":"//input[contains(@id ,\"requestContractNo-inner\")]"}
COMMAND: POST /session/dbe42a6913d933bf746f002719692f06/element/f.AC1E98235C03768F9F99043C9DF93856.d.6DCABCE59CF682C6CFCF327516A64064.e.5383/value - {"text":"10138"}
RESULT: {"using":"xpath","value":"//input[contains(@id ,\"requestContractNo-inner\")]"}
COMMAND: GET /session/dbe42a6913d933bf746f002719692f06/element/f.AC1E98235C03768F9F99043C9DF93856.d.6DCABCE59CF682C6CFCF327516A64064.e.5383/enabled - {}
RESULT: {}
RESULT: {"text":"10138"}
COMMAND: GET /session/dbe42a6913d933bf746f002719692f06/screenshot - {}
RESULT: {}
COMMAND: GET /session/dbe42a6913d933bf746f002719692f06/screenshot - {}
RESULT: {}
RESULT: {}
COMMAND: POST /session/dbe42a6913d933bf746f002719692f06/actions - {"actions":[{"id":"action24","type":"key","parameters":{},"actions":[{"type":"keyDown","value":"î€‡"},{"type":"pause","duration":10},{"type":"keyUp","value":"î€‡"}]}]}
RESULT: {"actions":[{"id":"action24","type":"key","parameters":{},"actions":[{"type":"keyDown","value":"î€‡"},{"type":"pause","duration":10},{"type":"keyUp","value":"î€‡"}]}]}
COMMAND: GET /session/dbe42a6913d933bf746f002719692f06/screenshot - {}
RESULT: {}
COMMAND: POST /session/dbe42a6913d933bf746f002719692f06/execute/async - {"script":"<script> [1562 bytes]","args":[{"selector":{"controlType":"sap.ui.core.Icon","viewName":"etm.portal.ui.managerequests.view.NewRequest","properties":{"src":{"regex":{"source":"add"}}}},"wdio_ui5_key":"etmportal.ui.managerequests.view.NewRequestsap.ui.core.Icon{\"src\":{\"regex\":{\"source\":\"add\"}}}"}]}
RESULT: {"script":"<script> [1562 bytes]","args":[{"selector":{"controlType":"sap.ui.core.Icon","viewName":"etm.portal.ui.managerequests.view.NewRequest","properties":{"src":{"regex":{"source":"add"}}}},"wdio_ui5_key":"etmportal.ui.managerequests.view.NewRequestsap.ui.core.Icon{\"src\":{\"regex\":{\"source\":\"add\"}}}"}]}
RESULT: undefined
COMMAND: POST /session/dbe42a6913d933bf746f002719692f06/element - {"using":"xpath","value":"//*[@id=\"__xmlview61--btnAddTableRow-img\"]"}
RESULT: {"using":"xpath","value":"//*[@id=\"__xmlview61--btnAddTableRow-img\"]"}
COMMAND: POST /session/dbe42a6913d933bf746f002719692f06/element/f.AC1E98235C03768F9F99043C9DF93856.d.6DCABCE59CF682C6CFCF327516A64064.e.5573/click - {}
RESULT: {}
COMMAND: GET /session/dbe42a6913d933bf746f002719692f06/screenshot - {}
RESULT: {}
COMMAND: POST /session/dbe42a6913d933bf746f002719692f06/execute/async - {"script":"<script> [1562 bytes]","args":[{"selector":{"controlType":"sap.ui.unified.MenuItem","viewName":"etm.portal.ui.managerequests.view.NewRequest","i18NText":{"propertyName":"text","key":"standardEntry"},"searchOpenDialogs":true,"interaction":{"idSuffix":"txt"}},"wdio_ui5_key":"etmportal.ui.managerequests.view.NewRequestsap.ui.unified.MenuItem{\"propertyName\":\"text\",\"key\":\"standardEntry\"}"}]}
RESULT: {"script":"<script> [1562 bytes]","args":[{"selector":{"controlType":"sap.ui.unified.MenuItem","viewName":"etm.portal.ui.managerequests.view.NewRequest","i18NText":{"propertyName":"text","key":"standardEntry"},"searchOpenDialogs":true,"interaction":{"idSuffix":"txt"}},"wdio_ui5_key":"etmportal.ui.managerequests.view.NewRequestsap.ui.unified.MenuItem{\"propertyName\":\"text\",\"key\":\"standardEntry\"}"}]}
RESULT: undefined
COMMAND: POST /session/dbe42a6913d933bf746f002719692f06/element - {"using":"xpath","value":"//*[@id=\"__item1272\"]"}
RESULT: {"using":"xpath","value":"//*[@id=\"__item1272\"]"}
COMMAND: POST /session/dbe42a6913d933bf746f002719692f06/element/f.AC1E98235C03768F9F99043C9DF93856.d.6DCABCE59CF682C6CFCF327516A64064.e.5577/click - {}
RESULT: {}
COMMAND: GET /session/dbe42a6913d933bf746f002719692f06/screenshot - {}
RESULT: {}
RESULT: undefined
COMMAND: POST /session/dbe42a6913d933bf746f002719692f06/element - {"using":"xpath","value":"//*[@id=\"__xmlview61--btnAddTableRow-img\"]"}
RESULT: {"using":"xpath","value":"//*[@id=\"__xmlview61--btnAddTableRow-img\"]"}
COMMAND: POST /session/dbe42a6913d933bf746f002719692f06/element/f.AC1E98235C03768F9F99043C9DF93856.d.6DCABCE59CF682C6CFCF327516A64064.e.5573/click - {}
RESULT: {}
COMMAND: GET /session/dbe42a6913d933bf746f002719692f06/screenshot - {}
RESULT: {}
RESULT: undefined
COMMAND: POST /session/dbe42a6913d933bf746f002719692f06/element - {"using":"xpath","value":"//*[@id=\"__item1272\"]"}
RESULT: {"using":"xpath","value":"//*[@id=\"__item1272\"]"}
COMMAND: POST /session/dbe42a6913d933bf746f002719692f06/element/f.AC1E98235C03768F9F99043C9DF93856.d.6DCABCE59CF682C6CFCF327516A64064.e.5589/click - {}
RESULT: {}
COMMAND: GET /session/dbe42a6913d933bf746f002719692f06/screenshot - {}
RESULT: {}
COMMAND: POST /session/dbe42a6913d933bf746f002719692f06/element - {"using":"xpath","value":"(//input[contains(@id ,\"requestItemsTable-0-inner\")])[1]"}
RESULT: {"using":"xpath","value":"(//input[contains(@id ,\"requestItemsTable-0-inner\")])[1]"}
COMMAND: POST /session/dbe42a6913d933bf746f002719692f06/element/f.AC1E98235C03768F9F99043C9DF93856.d.6DCABCE59CF682C6CFCF327516A64064.e.5579/clear - {}
RESULT: {}
COMMAND: POST /session/dbe42a6913d933bf746f002719692f06/element/f.AC1E98235C03768F9F99043C9DF93856.d.6DCABCE59CF682C6CFCF327516A64064.e.5579/value - {"text":"catalogItemjt77fh"}
COMMAND: GET /session/dbe42a6913d933bf746f002719692f06/screenshot - {}
RESULT: {"text":"catalogItemjt77fh"}
COMMAND: GET /session/dbe42a6913d933bf746f002719692f06/screenshot - {}
RESULT: {}
RESULT: {}
COMMAND: POST /session/dbe42a6913d933bf746f002719692f06/actions - {"actions":[{"id":"action25","type":"key","parameters":{},"actions":[{"type":"keyDown","value":"î€‡"},{"type":"pause","duration":10},{"type":"keyUp","value":"î€‡"}]}]}
RESULT: {"actions":[{"id":"action25","type":"key","parameters":{},"actions":[{"type":"keyDown","value":"î€‡"},{"type":"pause","duration":10},{"type":"keyUp","value":"î€‡"}]}]}
COMMAND: POST /session/dbe42a6913d933bf746f002719692f06/element - {"using":"xpath","value":"(//input[contains(@id ,\"requestItemsTable-1-inner\")])[1]"}
COMMAND: GET /session/dbe42a6913d933bf746f002719692f06/screenshot - {}
RESULT: {"using":"xpath","value":"(//input[contains(@id ,\"requestItemsTable-1-inner\")])[1]"}
COMMAND: POST /session/dbe42a6913d933bf746f002719692f06/element/f.AC1E98235C03768F9F99043C9DF93856.d.6DCABCE59CF682C6CFCF327516A64064.e.5591/clear - {}
RESULT: {}
RESULT: {}
COMMAND: POST /session/dbe42a6913d933bf746f002719692f06/element/f.AC1E98235C03768F9F99043C9DF93856.d.6DCABCE59CF682C6CFCF327516A64064.e.5591/value - {"text":"catalogItemjt77fh"}
COMMAND: GET /session/dbe42a6913d933bf746f002719692f06/screenshot - {}
RESULT: {"text":"catalogItemjt77fh"}
RESULT: {}
COMMAND: GET /session/dbe42a6913d933bf746f002719692f06/screenshot - {}
RESULT: {}
COMMAND: POST /session/dbe42a6913d933bf746f002719692f06/actions - {"actions":[{"id":"action26","type":"key","parameters":{},"actions":[{"type":"keyDown","value":"î€‡"},{"type":"pause","duration":10},{"type":"keyUp","value":"î€‡"}]}]}
RESULT: {"actions":[{"id":"action26","type":"key","parameters":{},"actions":[{"type":"keyDown","value":"î€‡"},{"type":"pause","duration":10},{"type":"keyUp","value":"î€‡"}]}]}
COMMAND: GET /session/dbe42a6913d933bf746f002719692f06/screenshot - {}
RESULT: {}
COMMAND: POST /session/dbe42a6913d933bf746f002719692f06/execute/async - {"script":"<script> [1562 bytes]","args":[{"selector":{"controlType":"sap.ui.core.Icon","viewName":"etm.portal.ui.managerequests.view.NewRequest","properties":{"src":{"regex":{"source":"slim\\-arrow\\-down"}}},"ancestor":{"controlType":"sap.m.Button","viewName":"etm.portal.ui.managerequests.view.NewRequest","properties":{"icon":"sap-icon://slim-arrow-down"}}},"wdio_ui5_key":"etmportal.ui.managerequests.view.NewRequestsap.ui.core.Icon{\"src\":{\"regex\":{\"source\":\"slim\\\\-arrow\\\\-down\"}}}{\"controlType\":\"sap.m.Button\",\"viewName\":\"etm.portal.ui.managerequests.view.NewRequest\",\"properties\":{\"icon\":\"sap-icon://slim-arrow-down\"}}"}]}
RESULT: {"script":"<script> [1562 bytes]","args":[{"selector":{"controlType":"sap.ui.core.Icon","viewName":"etm.portal.ui.managerequests.view.NewRequest","properties":{"src":{"regex":{"source":"slim\\-arrow\\-down"}}},"ancestor":{"controlType":"sap.m.Button","viewName":"etm.portal.ui.managerequests.view.NewRequest","properties":{"icon":"sap-icon://slim-arrow-down"}}},"wdio_ui5_key":"etmportal.ui.managerequests.view.NewRequestsap.ui.core.Icon{\"src\":{\"regex\":{\"source\":\"slim\\\\-arrow\\\\-down\"}}}{\"controlType\":\"sap.m.Button\",\"viewName\":\"etm.portal.ui.managerequests.view.NewRequest\",\"properties\":{\"icon\":\"sap-icon://slim-arrow-down\"}}"}]}
RESULT: undefined
COMMAND: POST /session/dbe42a6913d933bf746f002719692f06/element - {"using":"xpath","value":"//*[@id=\"__title45-expandBtn-img\"]"}
RESULT: {"using":"xpath","value":"//*[@id=\"__title45-expandBtn-img\"]"}
COMMAND: POST /session/dbe42a6913d933bf746f002719692f06/element/f.AC1E98235C03768F9F99043C9DF93856.d.6DCABCE59CF682C6CFCF327516A64064.e.5611/click - {}
RESULT: {}
COMMAND: POST /session/dbe42a6913d933bf746f002719692f06/element - {"using":"xpath","value":"//div[contains(@data-kt ,\"splitAllocationObjectStatus\")]"}
COMMAND: GET /session/dbe42a6913d933bf746f002719692f06/screenshot - {}
RESULT: {"using":"xpath","value":"//div[contains(@data-kt ,\"splitAllocationObjectStatus\")]"}
COMMAND: POST /session/dbe42a6913d933bf746f002719692f06/elements - {"using":"xpath","value":"//div[contains(@data-kt ,\"splitAllocationObjectStatus\")]"}
RESULT: {}
RESULT: {"using":"xpath","value":"//div[contains(@data-kt ,\"splitAllocationObjectStatus\")]"}
COMMAND: POST /session/dbe42a6913d933bf746f002719692f06/execute/async - {"script":"<script> [1562 bytes]","args":[{"selector":{"controlType":"sap.ui.core.Icon","viewName":"etm.portal.ui.managerequests.view.NewRequest","properties":{"src":{"regex":{"source":"message\\-error"}}},"ancestor":{"controlType":"sap.m.ColumnListItem","viewName":"etm.portal.ui.managerequests.view.NewRequest","bindingPath":{"modelName":"newRequestItems","path":"/RequestItems/0"},"ancestor":{"id":"requestItemsTable","viewName":"etm.portal.ui.managerequests.view.NewRequest"}}},"wdio_ui5_key":"etmportal.ui.managerequests.view.NewRequestsap.ui.core.Icon{\"src\":{\"regex\":{\"source\":\"message\\\\-error\"}}}{\"controlType\":\"sap.m.ColumnListItem\",\"viewName\":\"etm.portal.ui.managerequests.view.NewRequest\",\"bindingPath\":{\"modelName\":\"newRequestItems\",\"path\":\"/RequestItems/0\"},\"ancestor\":{\"id\":\"requestItemsTable\",\"viewName\":\"etm.portal.ui.managerequests.view.NewRequest\"}}"}]}
RESULT: {"script":"<script> [1562 bytes]","args":[{"selector":{"controlType":"sap.ui.core.Icon","viewName":"etm.portal.ui.managerequests.view.NewRequest","properties":{"src":{"regex":{"source":"message\\-error"}}},"ancestor":{"controlType":"sap.m.ColumnListItem","viewName":"etm.portal.ui.managerequests.view.NewRequest","bindingPath":{"modelName":"newRequestItems","path":"/RequestItems/0"},"ancestor":{"id":"requestItemsTable","viewName":"etm.portal.ui.managerequests.view.NewRequest"}}},"wdio_ui5_key":"etmportal.ui.managerequests.view.NewRequestsap.ui.core.Icon{\"src\":{\"regex\":{\"source\":\"message\\\\-error\"}}}{\"controlType\":\"sap.m.ColumnListItem\",\"viewName\":\"etm.portal.ui.managerequests.view.NewRequest\",\"bindingPath\":{\"modelName\":\"newRequestItems\",\"path\":\"/RequestItems/0\"},\"ancestor\":{\"id\":\"requestItemsTable\",\"viewName\":\"etm.portal.ui.managerequests.view.NewRequest\"}}"}]}
RESULT: undefined
COMMAND: POST /session/dbe42a6913d933bf746f002719692f06/element - {"using":"xpath","value":"//*[@id=\"__status15-__xmlview61--requestItemsTable-0-icon\"]"}
RESULT: {"using":"xpath","value":"//*[@id=\"__status15-__xmlview61--requestItemsTable-0-icon\"]"}
COMMAND: POST /session/dbe42a6913d933bf746f002719692f06/element/f.AC1E98235C03768F9F99043C9DF93856.d.6DCABCE59CF682C6CFCF327516A64064.e.5617/click - {}
RESULT: {}
COMMAND: GET /session/dbe42a6913d933bf746f002719692f06/screenshot - {}
RESULT: {}
COMMAND: POST /session/dbe42a6913d933bf746f002719692f06/execute/async - {"script":"<script> [1562 bytes]","args":[{"selector":{"id":"costObjectAdminTypeComboBox","viewName":"etm.portal.ui.managerequests.view.NewRequest","searchOpenDialogs":true,"interaction":{"idSuffix":"inner"}},"wdio_ui5_key":"costObjectAdminTypeComboBoxetmportal.ui.managerequests.view.NewRequest"}]}
RESULT: {"script":"<script> [1562 bytes]","args":[{"selector":{"id":"costObjectAdminTypeComboBox","viewName":"etm.portal.ui.managerequests.view.NewRequest","searchOpenDialogs":true,"interaction":{"idSuffix":"inner"}},"wdio_ui5_key":"costObjectAdminTypeComboBoxetmportal.ui.managerequests.view.NewRequest"}]}
RESULT: undefined
COMMAND: POST /session/dbe42a6913d933bf746f002719692f06/execute/async - {"script":"<script> [776 bytes]","args":[{"enterText":"Cost Center","selector":{"id":"costObjectAdminTypeComboBox","viewName":"etm.portal.ui.managerequests.view.NewRequest","searchOpenDialogs":true,"interaction":{"idSuffix":"inner"}},"clearTextFirst":true,"interactionType":"ENTER_TEXT"}]}
RESULT: {"script":"<script> [776 bytes]","args":[{"enterText":"Cost Center","selector":{"id":"costObjectAdminTypeComboBox","viewName":"etm.portal.ui.managerequests.view.NewRequest","searchOpenDialogs":true,"interaction":{"idSuffix":"inner"}},"clearTextFirst":true,"interactionType":"ENTER_TEXT"}]}
COMMAND: POST /session/dbe42a6913d933bf746f002719692f06/actions - {"actions":[{"id":"action27","type":"key","parameters":{},"actions":[{"type":"keyDown","value":"î€‡"},{"type":"pause","duration":10},{"type":"keyUp","value":"î€‡"}]}]}
RESULT: {"actions":[{"id":"action27","type":"key","parameters":{},"actions":[{"type":"keyDown","value":"î€‡"},{"type":"pause","duration":10},{"type":"keyUp","value":"î€‡"}]}]}
COMMAND: GET /session/dbe42a6913d933bf746f002719692f06/screenshot - {}
RESULT: {}
COMMAND: POST /session/dbe42a6913d933bf746f002719692f06/execute/async - {"script":"<script> [1562 bytes]","args":[{"selector":{"controlType":"sap.ui.core.Icon","viewName":"etm.portal.ui.managerequests.view.NewRequest","properties":{"src":{"regex":{"source":"value\\-help"}}},"searchOpenDialogs":true},"wdio_ui5_key":"etmportal.ui.managerequests.view.NewRequestsap.ui.core.Icon{\"src\":{\"regex\":{\"source\":\"value\\\\-help\"}}}"}]}
RESULT: {"script":"<script> [1562 bytes]","args":[{"selector":{"controlType":"sap.ui.core.Icon","viewName":"etm.portal.ui.managerequests.view.NewRequest","properties":{"src":{"regex":{"source":"value\\-help"}}},"searchOpenDialogs":true},"wdio_ui5_key":"etmportal.ui.managerequests.view.NewRequestsap.ui.core.Icon{\"src\":{\"regex\":{\"source\":\"value\\\\-help\"}}}"}]}
RESULT: undefined
COMMAND: POST /session/dbe42a6913d933bf746f002719692f06/element - {"using":"xpath","value":"//*[@id=\"__xmlview61--costObjectIdComboBox-vhi\"]"}
RESULT: {"using":"xpath","value":"//*[@id=\"__xmlview61--costObjectIdComboBox-vhi\"]"}
COMMAND: POST /session/dbe42a6913d933bf746f002719692f06/element/f.AC1E98235C03768F9F99043C9DF93856.d.6DCABCE59CF682C6CFCF327516A64064.e.5629/click - {}
RESULT: {}
COMMAND: POST /session/dbe42a6913d933bf746f002719692f06/execute/async - {"script":"<script> [1562 bytes]","args":[{"selector":{"controlType":"sap.m.SearchField","properties":{"placeholder":"Search"},"searchOpenDialogs":true,"interaction":{"idSuffix":"I"}},"wdio_ui5_key":"sapm.SearchField{\"placeholder\":\"Search\"}"}]}
COMMAND: GET /session/dbe42a6913d933bf746f002719692f06/screenshot - {}
RESULT: {"script":"<script> [1562 bytes]","args":[{"selector":{"controlType":"sap.m.SearchField","properties":{"placeholder":"Search"},"searchOpenDialogs":true,"interaction":{"idSuffix":"I"}},"wdio_ui5_key":"sapm.SearchField{\"placeholder\":\"Search\"}"}]}
RESULT: undefined
COMMAND: POST /session/dbe42a6913d933bf746f002719692f06/execute/async - {"script":"<script> [776 bytes]","args":[{"enterText":"10001013","selector":{"controlType":"sap.m.SearchField","properties":{"placeholder":"Search"},"searchOpenDialogs":true,"interaction":{"idSuffix":"I"}},"clearTextFirst":true,"interactionType":"ENTER_TEXT"}]}
RESULT: {}
RESULT: {"script":"<script> [776 bytes]","args":[{"enterText":"10001013","selector":{"controlType":"sap.m.SearchField","properties":{"placeholder":"Search"},"searchOpenDialogs":true,"interaction":{"idSuffix":"I"}},"clearTextFirst":true,"interactionType":"ENTER_TEXT"}]}
COMMAND: POST /session/dbe42a6913d933bf746f002719692f06/actions - {"actions":[{"id":"action28","type":"key","parameters":{},"actions":[{"type":"keyDown","value":"î€‡"},{"type":"pause","duration":10},{"type":"keyUp","value":"î€‡"}]}]}
RESULT: {"actions":[{"id":"action28","type":"key","parameters":{},"actions":[{"type":"keyDown","value":"î€‡"},{"type":"pause","duration":10},{"type":"keyUp","value":"î€‡"}]}]}
COMMAND: GET /session/dbe42a6913d933bf746f002719692f06/screenshot - {}
RESULT: {}
COMMAND: POST /session/dbe42a6913d933bf746f002719692f06/element - {"using":"xpath","value":"//span[contains(text(), \"General Management\")]"}
RESULT: {"using":"xpath","value":"//span[contains(text(), \"General Management\")]"}
COMMAND: POST /session/dbe42a6913d933bf746f002719692f06/element/f.AC1E98235C03768F9F99043C9DF93856.d.6DCABCE59CF682C6CFCF327516A64064.e.5669/click - {}
RESULT: {}
COMMAND: GET /session/dbe42a6913d933bf746f002719692f06/screenshot - {}
RESULT: {}
COMMAND: POST /session/dbe42a6913d933bf746f002719692f06/element - {"using":"xpath","value":"//bdi[contains(text(), \"OK\")]"}
RESULT: {"using":"xpath","value":"//bdi[contains(text(), \"OK\")]"}
COMMAND: POST /session/dbe42a6913d933bf746f002719692f06/element/f.AC1E98235C03768F9F99043C9DF93856.d.6DCABCE59CF682C6CFCF327516A64064.e.5670/click - {}
RESULT: {}
COMMAND: GET /session/dbe42a6913d933bf746f002719692f06/screenshot - {}
RESULT: {}
COMMAND: POST /session/dbe42a6913d933bf746f002719692f06/element - {"using":"xpath","value":"(//bdi[contains(@id ,\"BDI-content\")][contains(text(), \"Save\")])[1]"}
RESULT: {"using":"xpath","value":"(//bdi[contains(@id ,\"BDI-content\")][contains(text(), \"Save\")])[1]"}
COMMAND: POST /session/dbe42a6913d933bf746f002719692f06/element/f.AC1E98235C03768F9F99043C9DF93856.d.6DCABCE59CF682C6CFCF327516A64064.e.5674/click - {}
RESULT: {}
COMMAND: GET /session/dbe42a6913d933bf746f002719692f06/screenshot - {}
RESULT: {}
COMMAND: POST /session/dbe42a6913d933bf746f002719692f06/execute/async - {"script":"<script> [1562 bytes]","args":[{"selector":{"controlType":"sap.ui.core.Icon","viewName":"etm.portal.ui.managerequests.view.NewRequest","properties":{"src":{"regex":{"source":"message\\-error"}}},"ancestor":{"controlType":"sap.m.ColumnListItem","viewName":"etm.portal.ui.managerequests.view.NewRequest","bindingPath":{"modelName":"newRequestItems","path":"/RequestItems/1"},"ancestor":{"id":"requestItemsTable","viewName":"etm.portal.ui.managerequests.view.NewRequest"}}},"wdio_ui5_key":"etmportal.ui.managerequests.view.NewRequestsap.ui.core.Icon{\"src\":{\"regex\":{\"source\":\"message\\\\-error\"}}}{\"controlType\":\"sap.m.ColumnListItem\",\"viewName\":\"etm.portal.ui.managerequests.view.NewRequest\",\"bindingPath\":{\"modelName\":\"newRequestItems\",\"path\":\"/RequestItems/1\"},\"ancestor\":{\"id\":\"requestItemsTable\",\"viewName\":\"etm.portal.ui.managerequests.view.NewRequest\"}}"}]}
RESULT: {"script":"<script> [1562 bytes]","args":[{"selector":{"controlType":"sap.ui.core.Icon","viewName":"etm.portal.ui.managerequests.view.NewRequest","properties":{"src":{"regex":{"source":"message\\-error"}}},"ancestor":{"controlType":"sap.m.ColumnListItem","viewName":"etm.portal.ui.managerequests.view.NewRequest","bindingPath":{"modelName":"newRequestItems","path":"/RequestItems/1"},"ancestor":{"id":"requestItemsTable","viewName":"etm.portal.ui.managerequests.view.NewRequest"}}},"wdio_ui5_key":"etmportal.ui.managerequests.view.NewRequestsap.ui.core.Icon{\"src\":{\"regex\":{\"source\":\"message\\\\-error\"}}}{\"controlType\":\"sap.m.ColumnListItem\",\"viewName\":\"etm.portal.ui.managerequests.view.NewRequest\",\"bindingPath\":{\"modelName\":\"newRequestItems\",\"path\":\"/RequestItems/1\"},\"ancestor\":{\"id\":\"requestItemsTable\",\"viewName\":\"etm.portal.ui.managerequests.view.NewRequest\"}}"}]}
RESULT: undefined
COMMAND: POST /session/dbe42a6913d933bf746f002719692f06/element - {"using":"xpath","value":"//*[@id=\"__status15-__xmlview61--requestItemsTable-1-icon\"]"}
RESULT: {"using":"xpath","value":"//*[@id=\"__status15-__xmlview61--requestItemsTable-1-icon\"]"}
COMMAND: POST /session/dbe42a6913d933bf746f002719692f06/element/f.AC1E98235C03768F9F99043C9DF93856.d.6DCABCE59CF682C6CFCF327516A64064.e.5677/click - {}
RESULT: {}
COMMAND: GET /session/dbe42a6913d933bf746f002719692f06/screenshot - {}
RESULT: {}
RESULT: undefined
COMMAND: POST /session/dbe42a6913d933bf746f002719692f06/execute/async - {"script":"<script> [776 bytes]","args":[{"enterText":"Cost Center","selector":{"id":"costObjectAdminTypeComboBox","viewName":"etm.portal.ui.managerequests.view.NewRequest","searchOpenDialogs":true,"interaction":{"idSuffix":"inner"}},"clearTextFirst":true,"interactionType":"ENTER_TEXT"}]}
RESULT: {"script":"<script> [776 bytes]","args":[{"enterText":"Cost Center","selector":{"id":"costObjectAdminTypeComboBox","viewName":"etm.portal.ui.managerequests.view.NewRequest","searchOpenDialogs":true,"interaction":{"idSuffix":"inner"}},"clearTextFirst":true,"interactionType":"ENTER_TEXT"}]}
COMMAND: POST /session/dbe42a6913d933bf746f002719692f06/actions - {"actions":[{"id":"action29","type":"key","parameters":{},"actions":[{"type":"keyDown","value":"î€‡"},{"type":"pause","duration":10},{"type":"keyUp","value":"î€‡"}]}]}
RESULT: {"actions":[{"id":"action29","type":"key","parameters":{},"actions":[{"type":"keyDown","value":"î€‡"},{"type":"pause","duration":10},{"type":"keyUp","value":"î€‡"}]}]}
COMMAND: GET /session/dbe42a6913d933bf746f002719692f06/screenshot - {}
RESULT: {}
RESULT: undefined
COMMAND: POST /session/dbe42a6913d933bf746f002719692f06/element - {"using":"xpath","value":"//*[@id=\"__xmlview61--costObjectIdComboBox-vhi\"]"}
RESULT: {"using":"xpath","value":"//*[@id=\"__xmlview61--costObjectIdComboBox-vhi\"]"}
COMMAND: POST /session/dbe42a6913d933bf746f002719692f06/element/f.AC1E98235C03768F9F99043C9DF93856.d.6DCABCE59CF682C6CFCF327516A64064.e.5687/click - {}
RESULT: {}
RESULT: undefined
COMMAND: POST /session/dbe42a6913d933bf746f002719692f06/execute/async - {"script":"<script> [776 bytes]","args":[{"enterText":"10001013","selector":{"controlType":"sap.m.SearchField","properties":{"placeholder":"Search"},"searchOpenDialogs":true,"interaction":{"idSuffix":"I"}},"clearTextFirst":true,"interactionType":"ENTER_TEXT"}]}
COMMAND: GET /session/dbe42a6913d933bf746f002719692f06/screenshot - {}
RESULT: {"script":"<script> [776 bytes]","args":[{"enterText":"10001013","selector":{"controlType":"sap.m.SearchField","properties":{"placeholder":"Search"},"searchOpenDialogs":true,"interaction":{"idSuffix":"I"}},"clearTextFirst":true,"interactionType":"ENTER_TEXT"}]}
COMMAND: POST /session/dbe42a6913d933bf746f002719692f06/actions - {"actions":[{"id":"action30","type":"key","parameters":{},"actions":[{"type":"keyDown","value":"î€‡"},{"type":"pause","duration":10},{"type":"keyUp","value":"î€‡"}]}]}
RESULT: {}
RESULT: {"actions":[{"id":"action30","type":"key","parameters":{},"actions":[{"type":"keyDown","value":"î€‡"},{"type":"pause","duration":10},{"type":"keyUp","value":"î€‡"}]}]}
COMMAND: GET /session/dbe42a6913d933bf746f002719692f06/screenshot - {}
RESULT: {}
COMMAND: POST /session/dbe42a6913d933bf746f002719692f06/element - {"using":"xpath","value":"//span[contains(text(), \"General Management\")]"}
RESULT: {"using":"xpath","value":"//span[contains(text(), \"General Management\")]"}
COMMAND: POST /session/dbe42a6913d933bf746f002719692f06/element/f.AC1E98235C03768F9F99043C9DF93856.d.6DCABCE59CF682C6CFCF327516A64064.e.5726/click - {}
RESULT: {}
COMMAND: GET /session/dbe42a6913d933bf746f002719692f06/screenshot - {}
RESULT: {}
COMMAND: POST /session/dbe42a6913d933bf746f002719692f06/element - {"using":"xpath","value":"//bdi[contains(text(), \"OK\")]"}
RESULT: {"using":"xpath","value":"//bdi[contains(text(), \"OK\")]"}
COMMAND: POST /session/dbe42a6913d933bf746f002719692f06/element/f.AC1E98235C03768F9F99043C9DF93856.d.6DCABCE59CF682C6CFCF327516A64064.e.5727/click - {}
RESULT: {}
COMMAND: GET /session/dbe42a6913d933bf746f002719692f06/screenshot - {}
RESULT: {}
COMMAND: POST /session/dbe42a6913d933bf746f002719692f06/element - {"using":"xpath","value":"(//bdi[contains(@id ,\"BDI-content\")][contains(text(), \"Save\")])[1]"}
RESULT: {"using":"xpath","value":"(//bdi[contains(@id ,\"BDI-content\")][contains(text(), \"Save\")])[1]"}
COMMAND: POST /session/dbe42a6913d933bf746f002719692f06/element/f.AC1E98235C03768F9F99043C9DF93856.d.6DCABCE59CF682C6CFCF327516A64064.e.5731/click - {}
RESULT: {}
COMMAND: GET /session/dbe42a6913d933bf746f002719692f06/screenshot - {}
RESULT: {}
COMMAND: POST /session/dbe42a6913d933bf746f002719692f06/execute/async - {"script":"<script> [1562 bytes]","args":[{"selector":{"controlType":"sap.m.Button","viewName":"etm.portal.ui.managerequests.view.NewRequest","i18NText":{"propertyName":"tooltip","key":"save"},"interaction":{"idSuffix":"content"}},"wdio_ui5_key":"etmportal.ui.managerequests.view.NewRequestsap.m.Button{\"propertyName\":\"tooltip\",\"key\":\"save\"}"}]}
RESULT: {"script":"<script> [1562 bytes]","args":[{"selector":{"controlType":"sap.m.Button","viewName":"etm.portal.ui.managerequests.view.NewRequest","i18NText":{"propertyName":"tooltip","key":"save"},"interaction":{"idSuffix":"content"}},"wdio_ui5_key":"etmportal.ui.managerequests.view.NewRequestsap.m.Button{\"propertyName\":\"tooltip\",\"key\":\"save\"}"}]}
RESULT: undefined
COMMAND: POST /session/dbe42a6913d933bf746f002719692f06/element - {"using":"xpath","value":"//*[@id=\"__button101\"]"}
RESULT: {"using":"xpath","value":"//*[@id=\"__button101\"]"}
COMMAND: POST /session/dbe42a6913d933bf746f002719692f06/element/f.AC1E98235C03768F9F99043C9DF93856.d.6DCABCE59CF682C6CFCF327516A64064.e.5465/click - {}
RESULT: {}
COMMAND: GET /session/dbe42a6913d933bf746f002719692f06/screenshot - {}
RESULT: {}
COMMAND: POST /session/dbe42a6913d933bf746f002719692f06/execute/async - {"script":"<script> [1562 bytes]","args":[{"selector":{"controlType":"sap.m.Title","properties":{"text":"Success"},"searchOpenDialogs":true},"wdio_ui5_key":"sapm.Title{\"text\":\"Success\"}"}]}
RESULT: {"script":"<script> [1562 bytes]","args":[{"selector":{"controlType":"sap.m.Title","properties":{"text":"Success"},"searchOpenDialogs":true},"wdio_ui5_key":"sapm.Title{\"text\":\"Success\"}"}]}
RESULT: undefined
COMMAND: POST /session/dbe42a6913d933bf746f002719692f06/execute/async - {"script":"<script> [6424 bytes]","args":[{"element-6066-11e4-a52e-4f735466cecf":"f.AC1E98235C03768F9F99043C9DF93856.d.6DCABCE59CF682C6CFCF327516A64064.e.5737"},"getText",[]]}
RESULT: {"script":"<script> [6424 bytes]","args":[{"element-6066-11e4-a52e-4f735466cecf":"f.AC1E98235C03768F9F99043C9DF93856.d.6DCABCE59CF682C6CFCF327516A64064.e.5737"},"getText",[]]}
COMMAND: POST /session/dbe42a6913d933bf746f002719692f06/execute/async - {"script":"<script> [1562 bytes]","args":[{"selector":{"controlType":"sap.m.Button","properties":{"text":"Close"},"searchOpenDialogs":true,"interaction":{"idSuffix":"BDI-content"}},"wdio_ui5_key":"sapm.Button{\"text\":\"Close\"}"}]}
RESULT: {"script":"<script> [1562 bytes]","args":[{"selector":{"controlType":"sap.m.Button","properties":{"text":"Close"},"searchOpenDialogs":true,"interaction":{"idSuffix":"BDI-content"}},"wdio_ui5_key":"sapm.Button{\"text\":\"Close\"}"}]}
RESULT: undefined
COMMAND: POST /session/dbe42a6913d933bf746f002719692f06/element - {"using":"xpath","value":"//*[@id=\"__mbox-btn-4\"]"}
RESULT: {"using":"xpath","value":"//*[@id=\"__mbox-btn-4\"]"}
COMMAND: POST /session/dbe42a6913d933bf746f002719692f06/element/f.AC1E98235C03768F9F99043C9DF93856.d.6DCABCE59CF682C6CFCF327516A64064.e.5736/click - {}
RESULT: {}
COMMAND: GET /session/dbe42a6913d933bf746f002719692f06/screenshot - {}
RESULT: {}
COMMAND: POST /session/dbe42a6913d933bf746f002719692f06/execute/async - {"script":"<script> [1562 bytes]","args":[{"selector":{"controlType":"sap.m.Text","viewName":"etm.portal.ui.managerequests.view.Detail","bindingPath":{"propertyPath":"NO","modelName":"catalogModel"}},"wdio_ui5_key":"etmportal.ui.managerequests.view.Detailsap.m.Text{\"propertyPath\":\"NO\",\"modelName\":\"catalogModel\"}"}]}
RESULT: {"script":"<script> [1562 bytes]","args":[{"selector":{"controlType":"sap.m.Text","viewName":"etm.portal.ui.managerequests.view.Detail","bindingPath":{"propertyPath":"NO","modelName":"catalogModel"}},"wdio_ui5_key":"etmportal.ui.managerequests.view.Detailsap.m.Text{\"propertyPath\":\"NO\",\"modelName\":\"catalogModel\"}"}]}
RESULT: undefined
COMMAND: POST /session/dbe42a6913d933bf746f002719692f06/execute/async - {"script":"<script> [6424 bytes]","args":[{"element-6066-11e4-a52e-4f735466cecf":"f.AC1E98235C03768F9F99043C9DF93856.d.6DCABCE59CF682C6CFCF327516A64064.e.5867"},"getText",[]]}
RESULT: {"script":"<script> [6424 bytes]","args":[{"element-6066-11e4-a52e-4f735466cecf":"f.AC1E98235C03768F9F99043C9DF93856.d.6DCABCE59CF682C6CFCF327516A64064.e.5867"},"getText",[]]}
COMMAND: POST /session/dbe42a6913d933bf746f002719692f06/execute/async - {"script":"<script> [1562 bytes]","args":[{"selector":{"controlType":"sap.ui.core.Icon","viewName":"etm.portal.ui.managerequests.view.Detail","properties":{"src":{"regex":{"source":"date\\-time"}}},"ancestor":{"controlType":"sap.m.ColumnListItem","viewName":"etm.portal.ui.managerequests.view.Detail","bindingPath":{"path":"/SmartRequestItemsPlanningBoard(ITEM=10m,REQUEST='20078')"},"ancestor":{"id":"requestItemsTable","viewName":"etm.portal.ui.managerequests.view.Detail"}}},"wdio_ui5_key":"etmportal.ui.managerequests.view.Detailsap.ui.core.Icon{\"src\":{\"regex\":{\"source\":\"date\\\\-time\"}}}{\"controlType\":\"sap.m.ColumnListItem\",\"viewName\":\"etm.portal.ui.managerequests.view.Detail\",\"bindingPath\":{\"path\":\"/SmartRequestItemsPlanningBoard(ITEM=10m,REQUEST='20078')\"},\"ancestor\":{\"id\":\"requestItemsTable\",\"viewName\":\"etm.portal.ui.managerequests.view.Detail\"}}"}]}
RESULT: {"script":"<script> [1562 bytes]","args":[{"selector":{"controlType":"sap.ui.core.Icon","viewName":"etm.portal.ui.managerequests.view.Detail","properties":{"src":{"regex":{"source":"date\\-time"}}},"ancestor":{"controlType":"sap.m.ColumnListItem","viewName":"etm.portal.ui.managerequests.view.Detail","bindingPath":{"path":"/SmartRequestItemsPlanningBoard(ITEM=10m,REQUEST='20078')"},"ancestor":{"id":"requestItemsTable","viewName":"etm.portal.ui.managerequests.view.Detail"}}},"wdio_ui5_key":"etmportal.ui.managerequests.view.Detailsap.ui.core.Icon{\"src\":{\"regex\":{\"source\":\"date\\\\-time\"}}}{\"controlType\":\"sap.m.ColumnListItem\",\"viewName\":\"etm.portal.ui.managerequests.view.Detail\",\"bindingPath\":{\"path\":\"/SmartRequestItemsPlanningBoard(ITEM=10m,REQUEST='20078')\"},\"ancestor\":{\"id\":\"requestItemsTable\",\"viewName\":\"etm.portal.ui.managerequests.view.Detail\"}}"}]}
RESULT: undefined
COMMAND: POST /session/dbe42a6913d933bf746f002719692f06/element - {"using":"xpath","value":"//*[@id=\"__button129-__clone7620-img\"]"}
RESULT: {"using":"xpath","value":"//*[@id=\"__button129-__clone7620-img\"]"}
COMMAND: POST /session/dbe42a6913d933bf746f002719692f06/element/f.AC1E98235C03768F9F99043C9DF93856.d.6DCABCE59CF682C6CFCF327516A64064.e.5868/click - {}
RESULT: {}
COMMAND: POST /session/dbe42a6913d933bf746f002719692f06/execute/async - {"script":"<script> [1562 bytes]","args":[{"selector":{"controlType":"sap.m.Button","viewName":"etm.portal.ui.managerequests.view.Detail","properties":{"text":"Close"},"searchOpenDialogs":true,"interaction":{"idSuffix":"BDI-content"}},"wdio_ui5_key":"etmportal.ui.managerequests.view.Detailsap.m.Button{\"text\":\"Close\"}"}]}
COMMAND: GET /session/dbe42a6913d933bf746f002719692f06/screenshot - {}
RESULT: {"script":"<script> [1562 bytes]","args":[{"selector":{"controlType":"sap.m.Button","viewName":"etm.portal.ui.managerequests.view.Detail","properties":{"text":"Close"},"searchOpenDialogs":true,"interaction":{"idSuffix":"BDI-content"}},"wdio_ui5_key":"etmportal.ui.managerequests.view.Detailsap.m.Button{\"text\":\"Close\"}"}]}
RESULT: undefined
COMMAND: POST /session/dbe42a6913d933bf746f002719692f06/element - {"using":"xpath","value":"//*[@id=\"__button137\"]"}
RESULT: {}
RESULT: {"using":"xpath","value":"//*[@id=\"__button137\"]"}
COMMAND: POST /session/dbe42a6913d933bf746f002719692f06/element/f.AC1E98235C03768F9F99043C9DF93856.d.6DCABCE59CF682C6CFCF327516A64064.e.5870/click - {}
RESULT: {}
COMMAND: POST /session/dbe42a6913d933bf746f002719692f06/execute/async - {"script":"<script> [1562 bytes]","args":[{"selector":{"controlType":"sap.ui.core.Icon","viewName":"etm.portal.ui.managerequests.view.Detail","properties":{"src":{"regex":{"source":"date\\-time"}}},"ancestor":{"controlType":"sap.m.ColumnListItem","viewName":"etm.portal.ui.managerequests.view.Detail","bindingPath":{"path":"/SmartRequestItemsPlanningBoard(ITEM=20m,REQUEST='20078')"},"ancestor":{"id":"requestItemsTable","viewName":"etm.portal.ui.managerequests.view.Detail"}}},"wdio_ui5_key":"etmportal.ui.managerequests.view.Detailsap.ui.core.Icon{\"src\":{\"regex\":{\"source\":\"date\\\\-time\"}}}{\"controlType\":\"sap.m.ColumnListItem\",\"viewName\":\"etm.portal.ui.managerequests.view.Detail\",\"bindingPath\":{\"path\":\"/SmartRequestItemsPlanningBoard(ITEM=20m,REQUEST='20078')\"},\"ancestor\":{\"id\":\"requestItemsTable\",\"viewName\":\"etm.portal.ui.managerequests.view.Detail\"}}"}]}
COMMAND: GET /session/dbe42a6913d933bf746f002719692f06/screenshot - {}
RESULT: {"script":"<script> [1562 bytes]","args":[{"selector":{"controlType":"sap.ui.core.Icon","viewName":"etm.portal.ui.managerequests.view.Detail","properties":{"src":{"regex":{"source":"date\\-time"}}},"ancestor":{"controlType":"sap.m.ColumnListItem","viewName":"etm.portal.ui.managerequests.view.Detail","bindingPath":{"path":"/SmartRequestItemsPlanningBoard(ITEM=20m,REQUEST='20078')"},"ancestor":{"id":"requestItemsTable","viewName":"etm.portal.ui.managerequests.view.Detail"}}},"wdio_ui5_key":"etmportal.ui.managerequests.view.Detailsap.ui.core.Icon{\"src\":{\"regex\":{\"source\":\"date\\\\-time\"}}}{\"controlType\":\"sap.m.ColumnListItem\",\"viewName\":\"etm.portal.ui.managerequests.view.Detail\",\"bindingPath\":{\"path\":\"/SmartRequestItemsPlanningBoard(ITEM=20m,REQUEST='20078')\"},\"ancestor\":{\"id\":\"requestItemsTable\",\"viewName\":\"etm.portal.ui.managerequests.view.Detail\"}}"}]}
RESULT: undefined
COMMAND: POST /session/dbe42a6913d933bf746f002719692f06/element - {"using":"xpath","value":"//*[@id=\"__button129-__clone7621-img\"]"}
RESULT: {}
RESULT: {"using":"xpath","value":"//*[@id=\"__button129-__clone7621-img\"]"}
COMMAND: POST /session/dbe42a6913d933bf746f002719692f06/element/f.AC1E98235C03768F9F99043C9DF93856.d.6DCABCE59CF682C6CFCF327516A64064.e.5877/click - {}
RESULT: {}
RESULT: undefined
COMMAND: POST /session/dbe42a6913d933bf746f002719692f06/element - {"using":"xpath","value":"//*[@id=\"__button137\"]"}
COMMAND: GET /session/dbe42a6913d933bf746f002719692f06/screenshot - {}
RESULT: {"using":"xpath","value":"//*[@id=\"__button137\"]"}
COMMAND: POST /session/dbe42a6913d933bf746f002719692f06/elements - {"using":"xpath","value":"//*[@id=\"__button137\"]"}
RESULT: {}
RESULT: {"using":"xpath","value":"//*[@id=\"__button137\"]"}
COMMAND: POST /session/dbe42a6913d933bf746f002719692f06/element - {"using":"xpath","value":"//*[@id=\"__button137\"]"}
RESULT: {"using":"xpath","value":"//*[@id=\"__button137\"]"}
COMMAND: POST /session/dbe42a6913d933bf746f002719692f06/element/f.AC1E98235C03768F9F99043C9DF93856.d.6DCABCE59CF682C6CFCF327516A64064.e.5881/click - {}
RESULT: {}
COMMAND: POST /session/dbe42a6913d933bf746f002719692f06/element - {"using":"css selector","value":"#shell-header-logo"}
RESULT: {"using":"css selector","value":"#shell-header-logo"}
COMMAND: POST /session/dbe42a6913d933bf746f002719692f06/element/f.AC1E98235C03768F9F99043C9DF93856.d.6DCABCE59CF682C6CFCF327516A64064.e.5193/click - {}
COMMAND: GET /session/dbe42a6913d933bf746f002719692f06/screenshot - {}
RESULT: {}
COMMAND: GET /session/dbe42a6913d933bf746f002719692f06/screenshot - {}
RESULT: {}
RESULT: {}
]]></system-out>
    </testcase>
    <testcase classname="chrome.136_0_7103_49.windows.Standard_contract_-_add_contract_items_by_Insert_Request_US118222" name="Should insert the request into the contract" time="57.729">
      <system-out><![CDATA[
RESULT: undefined
COMMAND: POST /session/dbe42a6913d933bf746f002719692f06/element - {"using":"xpath","value":"//*[@id=\"__tile130\"]"}
RESULT: {"using":"xpath","value":"//*[@id=\"__tile130\"]"}
COMMAND: POST /session/dbe42a6913d933bf746f002719692f06/element/f.AC1E98235C03768F9F99043C9DF93856.d.6DCABCE59CF682C6CFCF327516A64064.e.4725/click - {}
RESULT: {}
COMMAND: GET /session/dbe42a6913d933bf746f002719692f06/screenshot - {}
RESULT: {}
COMMAND: POST /session/dbe42a6913d933bf746f002719692f06/elements - {"using":"xpath","value":"//span[text()='Error']"}
RESULT: {"using":"xpath","value":"//span[text()='Error']"}
COMMAND: POST /session/dbe42a6913d933bf746f002719692f06/execute/async - {"script":"<script> [1562 bytes]","args":[{"selector":{"controlType":"sap.m.SearchField","viewName":"etm.portal.ui.managecontracts.view.Master","bindingPath":{"path":"","propertyPath":"/_BASIC_SEARCH_FIELD","modelName":"fi1t3rM0d31"},"interaction":{"idSuffix":"I"}},"wdio_ui5_key":"etmportal.ui.managecontracts.view.Mastersap.m.SearchField{\"path\":\"\",\"propertyPath\":\"/_BASIC_SEARCH_FIELD\",\"modelName\":\"fi1t3rM0d31\"}"}]}
RESULT: {"script":"<script> [1562 bytes]","args":[{"selector":{"controlType":"sap.m.SearchField","viewName":"etm.portal.ui.managecontracts.view.Master","bindingPath":{"path":"","propertyPath":"/_BASIC_SEARCH_FIELD","modelName":"fi1t3rM0d31"},"interaction":{"idSuffix":"I"}},"wdio_ui5_key":"etmportal.ui.managecontracts.view.Mastersap.m.SearchField{\"path\":\"\",\"propertyPath\":\"/_BASIC_SEARCH_FIELD\",\"modelName\":\"fi1t3rM0d31\"}"}]}
RESULT: undefined
COMMAND: POST /session/dbe42a6913d933bf746f002719692f06/execute/async - {"script":"<script> [776 bytes]","args":[{"enterText":"10138","selector":{"controlType":"sap.m.SearchField","viewName":"etm.portal.ui.managecontracts.view.Master","bindingPath":{"path":"","propertyPath":"/_BASIC_SEARCH_FIELD","modelName":"fi1t3rM0d31"},"interaction":{"idSuffix":"I"}},"clearTextFirst":true,"interactionType":"ENTER_TEXT"}]}
RESULT: {"script":"<script> [776 bytes]","args":[{"enterText":"10138","selector":{"controlType":"sap.m.SearchField","viewName":"etm.portal.ui.managecontracts.view.Master","bindingPath":{"path":"","propertyPath":"/_BASIC_SEARCH_FIELD","modelName":"fi1t3rM0d31"},"interaction":{"idSuffix":"I"}},"clearTextFirst":true,"interactionType":"ENTER_TEXT"}]}
COMMAND: POST /session/dbe42a6913d933bf746f002719692f06/actions - {"actions":[{"id":"action31","type":"key","parameters":{},"actions":[{"type":"keyDown","value":"î€‡"},{"type":"pause","duration":10},{"type":"keyUp","value":"î€‡"}]}]}
RESULT: {"actions":[{"id":"action31","type":"key","parameters":{},"actions":[{"type":"keyDown","value":"î€‡"},{"type":"pause","duration":10},{"type":"keyUp","value":"î€‡"}]}]}
COMMAND: GET /session/dbe42a6913d933bf746f002719692f06/screenshot - {}
RESULT: {}
COMMAND: POST /session/dbe42a6913d933bf746f002719692f06/execute/async - {"script":"<script> [1562 bytes]","args":[{"selector":{"controlType":"sap.ui.core.Icon","viewName":"etm.portal.ui.managecontracts.view.Master","properties":{"src":{"regex":{"source":"slim\\-arrow\\-right"}}}},"wdio_ui5_key":"etmportal.ui.managecontracts.view.Mastersap.ui.core.Icon{\"src\":{\"regex\":{\"source\":\"slim\\\\-arrow\\\\-right\"}}}"}]}
RESULT: {"script":"<script> [1562 bytes]","args":[{"selector":{"controlType":"sap.ui.core.Icon","viewName":"etm.portal.ui.managecontracts.view.Master","properties":{"src":{"regex":{"source":"slim\\-arrow\\-right"}}}},"wdio_ui5_key":"etmportal.ui.managecontracts.view.Mastersap.ui.core.Icon{\"src\":{\"regex\":{\"source\":\"slim\\\\-arrow\\\\-right\"}}}"}]}
RESULT: undefined
COMMAND: POST /session/dbe42a6913d933bf746f002719692f06/element - {"using":"xpath","value":"//*[@id=\"__item1553-__clone7731-imgNav\"]"}
RESULT: {"using":"xpath","value":"//*[@id=\"__item1553-__clone7731-imgNav\"]"}
COMMAND: POST /session/dbe42a6913d933bf746f002719692f06/element/f.AC1E98235C03768F9F99043C9DF93856.d.6DCABCE59CF682C6CFCF327516A64064.e.6008/click - {}
RESULT: {}
COMMAND: POST /session/dbe42a6913d933bf746f002719692f06/execute/async - {"script":"<script> [1562 bytes]","args":[{"selector":{"id":"addRequestItemBtn","viewName":"etm.portal.ui.managecontracts.view.Detail","interaction":{"idSuffix":"BDI-content"}},"wdio_ui5_key":"addRequestItemBtnetmportal.ui.managecontracts.view.Detail"}]}
COMMAND: GET /session/dbe42a6913d933bf746f002719692f06/screenshot - {}
RESULT: {"script":"<script> [1562 bytes]","args":[{"selector":{"id":"addRequestItemBtn","viewName":"etm.portal.ui.managecontracts.view.Detail","interaction":{"idSuffix":"BDI-content"}},"wdio_ui5_key":"addRequestItemBtnetmportal.ui.managecontracts.view.Detail"}]}
RESULT: undefined
COMMAND: POST /session/dbe42a6913d933bf746f002719692f06/element - {"using":"xpath","value":"//*[@id=\"__xmlview64--addRequestItemBtn\"]"}
RESULT: {}
RESULT: {"using":"xpath","value":"//*[@id=\"__xmlview64--addRequestItemBtn\"]"}
COMMAND: POST /session/dbe42a6913d933bf746f002719692f06/element/f.AC1E98235C03768F9F99043C9DF93856.d.6DCABCE59CF682C6CFCF327516A64064.e.6126/click - {}
RESULT: {}
COMMAND: GET /session/dbe42a6913d933bf746f002719692f06/screenshot - {}
RESULT: {}
COMMAND: POST /session/dbe42a6913d933bf746f002719692f06/element - {"using":"xpath","value":"//div[contains(@id ,\"popupRequestTable-sa-CbBg\")]"}
RESULT: {"using":"xpath","value":"//div[contains(@id ,\"popupRequestTable-sa-CbBg\")]"}
COMMAND: POST /session/dbe42a6913d933bf746f002719692f06/element/f.AC1E98235C03768F9F99043C9DF93856.d.6DCABCE59CF682C6CFCF327516A64064.e.6159/click - {}
RESULT: {}
COMMAND: GET /session/dbe42a6913d933bf746f002719692f06/screenshot - {}
RESULT: {}
COMMAND: POST /session/dbe42a6913d933bf746f002719692f06/execute/async - {"script":"<script> [1562 bytes]","args":[{"selector":{"controlType":"sap.m.Button","viewName":"etm.portal.ui.managecontracts.view.Detail","i18NText":{"propertyName":"text","key":"selectionDone"},"searchOpenDialogs":true,"interaction":{"idSuffix":"BDI-content"}},"wdio_ui5_key":"etmportal.ui.managecontracts.view.Detailsap.m.Button{\"propertyName\":\"text\",\"key\":\"selectionDone\"}"}]}
RESULT: {"script":"<script> [1562 bytes]","args":[{"selector":{"controlType":"sap.m.Button","viewName":"etm.portal.ui.managecontracts.view.Detail","i18NText":{"propertyName":"text","key":"selectionDone"},"searchOpenDialogs":true,"interaction":{"idSuffix":"BDI-content"}},"wdio_ui5_key":"etmportal.ui.managecontracts.view.Detailsap.m.Button{\"propertyName\":\"text\",\"key\":\"selectionDone\"}"}]}
RESULT: undefined
COMMAND: POST /session/dbe42a6913d933bf746f002719692f06/element - {"using":"xpath","value":"//*[@id=\"__button148\"]"}
RESULT: {"using":"xpath","value":"//*[@id=\"__button148\"]"}
COMMAND: POST /session/dbe42a6913d933bf746f002719692f06/element/f.AC1E98235C03768F9F99043C9DF93856.d.6DCABCE59CF682C6CFCF327516A64064.e.6161/click - {}
RESULT: {}
COMMAND: POST /session/dbe42a6913d933bf746f002719692f06/execute/async - {"script":"<script> [1562 bytes]","args":[{"selector":{"controlType":"sap.m.Text","properties":{"text":"Started processing request items into the contract."},"searchOpenDialogs":true},"wdio_ui5_key":"sapm.Text{\"text\":\"Started processing request items into the contract.\"}"}]}
COMMAND: GET /session/dbe42a6913d933bf746f002719692f06/screenshot - {}
RESULT: {"script":"<script> [1562 bytes]","args":[{"selector":{"controlType":"sap.m.Text","properties":{"text":"Started processing request items into the contract."},"searchOpenDialogs":true},"wdio_ui5_key":"sapm.Text{\"text\":\"Started processing request items into the contract.\"}"}]}
RESULT: undefined
COMMAND: POST /session/dbe42a6913d933bf746f002719692f06/execute/async - {"script":"<script> [6424 bytes]","args":[{"element-6066-11e4-a52e-4f735466cecf":"f.AC1E98235C03768F9F99043C9DF93856.d.6DCABCE59CF682C6CFCF327516A64064.e.6163"},"getText",[]]}
RESULT: {}
RESULT: {"script":"<script> [6424 bytes]","args":[{"element-6066-11e4-a52e-4f735466cecf":"f.AC1E98235C03768F9F99043C9DF93856.d.6DCABCE59CF682C6CFCF327516A64064.e.6163"},"getText",[]]}
COMMAND: POST /session/dbe42a6913d933bf746f002719692f06/execute/async - {"script":"<script> [1562 bytes]","args":[{"selector":{"controlType":"sap.m.Button","properties":{"text":"OK"},"searchOpenDialogs":true,"interaction":{"idSuffix":"inner"}},"wdio_ui5_key":"sapm.Button{\"text\":\"OK\"}"}]}
RESULT: {"script":"<script> [1562 bytes]","args":[{"selector":{"controlType":"sap.m.Button","properties":{"text":"OK"},"searchOpenDialogs":true,"interaction":{"idSuffix":"inner"}},"wdio_ui5_key":"sapm.Button{\"text\":\"OK\"}"}]}
RESULT: undefined
COMMAND: POST /session/dbe42a6913d933bf746f002719692f06/element - {"using":"xpath","value":"//*[@id=\"__mbox-btn-5\"]"}
RESULT: {"using":"xpath","value":"//*[@id=\"__mbox-btn-5\"]"}
COMMAND: POST /session/dbe42a6913d933bf746f002719692f06/element/f.AC1E98235C03768F9F99043C9DF93856.d.6DCABCE59CF682C6CFCF327516A64064.e.6162/click - {}
RESULT: {}
COMMAND: POST /session/dbe42a6913d933bf746f002719692f06/execute/async - {"script":"<script> [1562 bytes]","args":[{"selector":{"id":"headerBillingItemsTabFilter","viewName":"etm.portal.ui.managecontracts.view.Detail","interaction":{"idSuffix":"text"}},"wdio_ui5_key":"headerBillingItemsTabFilteretmportal.ui.managecontracts.view.Detail"}]}
COMMAND: GET /session/dbe42a6913d933bf746f002719692f06/screenshot - {}
RESULT: {"script":"<script> [1562 bytes]","args":[{"selector":{"id":"headerBillingItemsTabFilter","viewName":"etm.portal.ui.managecontracts.view.Detail","interaction":{"idSuffix":"text"}},"wdio_ui5_key":"headerBillingItemsTabFilteretmportal.ui.managecontracts.view.Detail"}]}
RESULT: undefined
COMMAND: POST /session/dbe42a6913d933bf746f002719692f06/element - {"using":"xpath","value":"//*[@id=\"__xmlview64--headerBillingItemsTabFilter\"]"}
RESULT: {}
RESULT: {"using":"xpath","value":"//*[@id=\"__xmlview64--headerBillingItemsTabFilter\"]"}
COMMAND: POST /session/dbe42a6913d933bf746f002719692f06/element/f.AC1E98235C03768F9F99043C9DF93856.d.6DCABCE59CF682C6CFCF327516A64064.e.6175/click - {}
RESULT: {}
COMMAND: GET /session/dbe42a6913d933bf746f002719692f06/screenshot - {}
RESULT: {}
COMMAND: POST /session/dbe42a6913d933bf746f002719692f06/execute/async - {"script":"<script> [1562 bytes]","args":[{"selector":{"controlType":"sap.ui.core.Icon","viewName":"etm.portal.ui.managecontracts.view.Detail","properties":{"src":{"regex":{"source":"synchronize"}}}},"wdio_ui5_key":"etmportal.ui.managecontracts.view.Detailsap.ui.core.Icon{\"src\":{\"regex\":{\"source\":\"synchronize\"}}}"}]}
RESULT: {"script":"<script> [1562 bytes]","args":[{"selector":{"controlType":"sap.ui.core.Icon","viewName":"etm.portal.ui.managecontracts.view.Detail","properties":{"src":{"regex":{"source":"synchronize"}}}},"wdio_ui5_key":"etmportal.ui.managecontracts.view.Detailsap.ui.core.Icon{\"src\":{\"regex\":{\"source\":\"synchronize\"}}}"}]}
RESULT: undefined
COMMAND: POST /session/dbe42a6913d933bf746f002719692f06/element - {"using":"xpath","value":"//*[@id=\"__xmlview64--btnToggleUpdate-img\"]"}
RESULT: {"using":"xpath","value":"//*[@id=\"__xmlview64--btnToggleUpdate-img\"]"}
COMMAND: POST /session/dbe42a6913d933bf746f002719692f06/element/f.AC1E98235C03768F9F99043C9DF93856.d.6DCABCE59CF682C6CFCF327516A64064.e.6177/click - {}
RESULT: {}
COMMAND: GET /session/dbe42a6913d933bf746f002719692f06/screenshot - {}
RESULT: {}
RESULT: undefined
COMMAND: POST /session/dbe42a6913d933bf746f002719692f06/element - {"using":"xpath","value":"//*[@id=\"__xmlview64--headerBillingItemsTabFilter\"]"}
RESULT: {"using":"xpath","value":"//*[@id=\"__xmlview64--headerBillingItemsTabFilter\"]"}
COMMAND: POST /session/dbe42a6913d933bf746f002719692f06/element/f.AC1E98235C03768F9F99043C9DF93856.d.6DCABCE59CF682C6CFCF327516A64064.e.6175/click - {}
RESULT: {}
COMMAND: POST /session/dbe42a6913d933bf746f002719692f06/execute/async - {"script":"<script> [1562 bytes]","args":[{"selector":{"controlType":"sap.m.Title","viewName":"etm.portal.ui.managecontracts.view.Detail","properties":{"text":"Contract Items (2)"}},"wdio_ui5_key":"etmportal.ui.managecontracts.view.Detailsap.m.Title{\"text\":\"Contract Items (2)\"}"}]}
COMMAND: GET /session/dbe42a6913d933bf746f002719692f06/screenshot - {}
RESULT: {"script":"<script> [1562 bytes]","args":[{"selector":{"controlType":"sap.m.Title","viewName":"etm.portal.ui.managecontracts.view.Detail","properties":{"text":"Contract Items (2)"}},"wdio_ui5_key":"etmportal.ui.managecontracts.view.Detailsap.m.Title{\"text\":\"Contract Items (2)\"}"}]}
RESULT: undefined
COMMAND: POST /session/dbe42a6913d933bf746f002719692f06/execute/async - {"script":"<script> [6424 bytes]","args":[{"element-6066-11e4-a52e-4f735466cecf":"f.AC1E98235C03768F9F99043C9DF93856.d.6DCABCE59CF682C6CFCF327516A64064.e.6185"},"getText",[]]}
RESULT: {}
RESULT: {"script":"<script> [6424 bytes]","args":[{"element-6066-11e4-a52e-4f735466cecf":"f.AC1E98235C03768F9F99043C9DF93856.d.6DCABCE59CF682C6CFCF327516A64064.e.6185"},"getText",[]]}
COMMAND: POST /session/dbe42a6913d933bf746f002719692f06/execute/async - {"script":"<script> [1562 bytes]","args":[{"selector":{"controlType":"sap.m.ObjectStatus","viewName":"etm.portal.ui.managecontracts.view.Detail","bindingPath":{"path":"/SmartContractItems(CONTRACT='10138',ITEM=10m,SUB_ITEM=0m)","propertyPath":"STATUS"}},"wdio_ui5_key":"etmportal.ui.managecontracts.view.Detailsap.m.ObjectStatus{\"path\":\"/SmartContractItems(CONTRACT='10138',ITEM=10m,SUB_ITEM=0m)\",\"propertyPath\":\"STATUS\"}"}]}
RESULT: {"script":"<script> [1562 bytes]","args":[{"selector":{"controlType":"sap.m.ObjectStatus","viewName":"etm.portal.ui.managecontracts.view.Detail","bindingPath":{"path":"/SmartContractItems(CONTRACT='10138',ITEM=10m,SUB_ITEM=0m)","propertyPath":"STATUS"}},"wdio_ui5_key":"etmportal.ui.managecontracts.view.Detailsap.m.ObjectStatus{\"path\":\"/SmartContractItems(CONTRACT='10138',ITEM=10m,SUB_ITEM=0m)\",\"propertyPath\":\"STATUS\"}"}]}
RESULT: undefined
COMMAND: POST /session/dbe42a6913d933bf746f002719692f06/execute/async - {"script":"<script> [6424 bytes]","args":[{"element-6066-11e4-a52e-4f735466cecf":"f.AC1E98235C03768F9F99043C9DF93856.d.6DCABCE59CF682C6CFCF327516A64064.e.6187"},"getText",[]]}
RESULT: {"script":"<script> [6424 bytes]","args":[{"element-6066-11e4-a52e-4f735466cecf":"f.AC1E98235C03768F9F99043C9DF93856.d.6DCABCE59CF682C6CFCF327516A64064.e.6187"},"getText",[]]}
COMMAND: POST /session/dbe42a6913d933bf746f002719692f06/execute/async - {"script":"<script> [1562 bytes]","args":[{"selector":{"controlType":"sap.m.ObjectStatus","viewName":"etm.portal.ui.managecontracts.view.Detail","bindingPath":{"path":"/SmartContractItems(CONTRACT='10138',ITEM=20m,SUB_ITEM=0m)","propertyPath":"STATUS"}},"wdio_ui5_key":"etmportal.ui.managecontracts.view.Detailsap.m.ObjectStatus{\"path\":\"/SmartContractItems(CONTRACT='10138',ITEM=20m,SUB_ITEM=0m)\",\"propertyPath\":\"STATUS\"}"}]}
RESULT: {"script":"<script> [1562 bytes]","args":[{"selector":{"controlType":"sap.m.ObjectStatus","viewName":"etm.portal.ui.managecontracts.view.Detail","bindingPath":{"path":"/SmartContractItems(CONTRACT='10138',ITEM=20m,SUB_ITEM=0m)","propertyPath":"STATUS"}},"wdio_ui5_key":"etmportal.ui.managecontracts.view.Detailsap.m.ObjectStatus{\"path\":\"/SmartContractItems(CONTRACT='10138',ITEM=20m,SUB_ITEM=0m)\",\"propertyPath\":\"STATUS\"}"}]}
RESULT: undefined
COMMAND: POST /session/dbe42a6913d933bf746f002719692f06/execute/async - {"script":"<script> [6424 bytes]","args":[{"element-6066-11e4-a52e-4f735466cecf":"f.AC1E98235C03768F9F99043C9DF93856.d.6DCABCE59CF682C6CFCF327516A64064.e.6188"},"getText",[]]}
RESULT: {"script":"<script> [6424 bytes]","args":[{"element-6066-11e4-a52e-4f735466cecf":"f.AC1E98235C03768F9F99043C9DF93856.d.6DCABCE59CF682C6CFCF327516A64064.e.6188"},"getText",[]]}
]]></system-out>
    </testcase>
  </testsuite>
  <testsuite timestamp="2025-05-13T18:09:12" time="94.249" tests="1" failures="0" errors="0" skipped="0">
    <properties>
      <property name="specId" value="0" />
      <property name="suiteName" value="Manage contracts - revert request US152962" />
      <property name="capabilities" value="chrome.136_0_7103_49.windows" />
      <property name="file" value="file:///D:/a/1/s/test/specs/R2C/manage-contracts-revert-request.spec.js" />
    </properties>
    <testcase classname="chrome.136_0_7103_49.windows.Manage_contracts_-_revert_request_US152962" name="Should revert the request" time="94.247">
      <system-out><![CDATA[
COMMAND: POST /session/dbe42a6913d933bf746f002719692f06/execute/async - {"script":"<script> [1562 bytes]","args":[{"selector":{"id":"revertPlanningBtn","viewName":"etm.portal.ui.managecontracts.view.Detail","interaction":{"idSuffix":"BDI-content"}},"wdio_ui5_key":"revertPlanningBtnetmportal.ui.managecontracts.view.Detail"}]}
RESULT: {"script":"<script> [1562 bytes]","args":[{"selector":{"id":"revertPlanningBtn","viewName":"etm.portal.ui.managecontracts.view.Detail","interaction":{"idSuffix":"BDI-content"}},"wdio_ui5_key":"revertPlanningBtnetmportal.ui.managecontracts.view.Detail"}]}
RESULT: undefined
COMMAND: POST /session/dbe42a6913d933bf746f002719692f06/element - {"using":"xpath","value":"//*[@id=\"__xmlview64--revertPlanningBtn\"]"}
RESULT: {"using":"xpath","value":"//*[@id=\"__xmlview64--revertPlanningBtn\"]"}
COMMAND: POST /session/dbe42a6913d933bf746f002719692f06/element/f.AC1E98235C03768F9F99043C9DF93856.d.6DCABCE59CF682C6CFCF327516A64064.e.6190/click - {}
RESULT: {}
COMMAND: POST /session/dbe42a6913d933bf746f002719692f06/element - {"using":"xpath","value":"(//div[contains(@id ,\"selectMulti-CbBg\")])[2]"}
COMMAND: GET /session/dbe42a6913d933bf746f002719692f06/screenshot - {}
RESULT: {"using":"xpath","value":"(//div[contains(@id ,\"selectMulti-CbBg\")])[2]"}
COMMAND: POST /session/dbe42a6913d933bf746f002719692f06/element/f.AC1E98235C03768F9F99043C9DF93856.d.6DCABCE59CF682C6CFCF327516A64064.e.6238/click - {}
RESULT: {}
RESULT: {}
COMMAND: GET /session/dbe42a6913d933bf746f002719692f06/screenshot - {}
RESULT: {}
COMMAND: POST /session/dbe42a6913d933bf746f002719692f06/element - {"using":"xpath","value":"//span[contains(@id ,\"executeRevertPlanningBtn-content\")]"}
RESULT: {"using":"xpath","value":"//span[contains(@id ,\"executeRevertPlanningBtn-content\")]"}
COMMAND: POST /session/dbe42a6913d933bf746f002719692f06/element/f.AC1E98235C03768F9F99043C9DF93856.d.6DCABCE59CF682C6CFCF327516A64064.e.6239/click - {}
RESULT: {}
COMMAND: GET /session/dbe42a6913d933bf746f002719692f06/screenshot - {}
RESULT: {}
COMMAND: POST /session/dbe42a6913d933bf746f002719692f06/actions - {"actions":[{"id":"action32","type":"key","parameters":{},"actions":[{"type":"keyDown","value":"î€‡"},{"type":"pause","duration":10},{"type":"keyUp","value":"î€‡"}]}]}
RESULT: {"actions":[{"id":"action32","type":"key","parameters":{},"actions":[{"type":"keyDown","value":"î€‡"},{"type":"pause","duration":10},{"type":"keyUp","value":"î€‡"}]}]}
COMMAND: GET /session/dbe42a6913d933bf746f002719692f06/screenshot - {}
RESULT: {}
COMMAND: POST /session/dbe42a6913d933bf746f002719692f06/refresh - {}
RESULT: {}
COMMAND: GET /session/dbe42a6913d933bf746f002719692f06/screenshot - {}
RESULT: {}
COMMAND: POST /session/dbe42a6913d933bf746f002719692f06/execute/async - {"script":"<script> [189 bytes]","args":[]}
RESULT: {"script":"<script> [189 bytes]","args":[]}
COMMAND: POST /session/dbe42a6913d933bf746f002719692f06/execute/async - {"script":"<script> [123 bytes]","args":[]}
RESULT: {"script":"<script> [123 bytes]","args":[]}
COMMAND: POST /session/dbe42a6913d933bf746f002719692f06/timeouts - {"script":"<number>"}
RESULT: {"script":"<number>"}
COMMAND: GET /session/dbe42a6913d933bf746f002719692f06/timeouts - {}
RESULT: {}
RESULT: undefined
COMMAND: POST /session/dbe42a6913d933bf746f002719692f06/execute/async - {"script":"<script> [2676 bytes]","args":[]}
RESULT: {"script":"<script> [2676 bytes]","args":[]}
COMMAND: POST /session/dbe42a6913d933bf746f002719692f06/execute/async - {"script":"<script> [2342 bytes]","args":[{"protocol":"http","hostname":"0.0.0.0","path":"/","capabilities":{"browserName":"chrome","goog:chromeOptions":{"binary":"C:\\Program Files\\Google\\Chrome\\Application\\chrome.exe","args":["--start-maximized"]}},"logLevel":"warn","connectionRetryTimeout":120000,"connectionRetryCount":3,"logLevels":{},"enableDirectConnect":true,"strictSSL":true,"_":"65 more keys: [\"cacheDir\",\"port\",\"requestedCapabilities\",\"automationProtocol\",\"baseUrl\",\"waitforInterval\",\"waitforTimeout\",\"onReload\",\"beforeCommand\",\"afterCommand\",\"rootDir\",\"specs\",\"suites\",\"exclude\",\"groupLogsByTestSpec\",\"excludeDriverLogs\",\"bail\",\"framework\",\"reporters\",\"services\",\"maxInstances\",\"maxInstancesPerCapability\",\"injectGlobals\",\"filesToWatch\",\"execArgv\",\"runnerEnv\",\"runner\",\"shard\",\"specFileRetries\",\"specFileRetriesDelay\",\"specFileRetriesDeferred\",\"reporterSyncInterval\",\"reporterSyncTimeout\",\"cucumberFeaturesWithLineNumbers\",\"autoCompileOpts\",\"mochaOpts\",\"jasmineOpts\",\"cucumberOpts\",\"onPrepare\",\"onWorkerStart\",\"onWorkerEnd\",\"before\",\"beforeSession\",\"beforeSuite\",\"beforeHook\",\"beforeTest\",\"afterTest\",\"afterHook\",\"afterSuite\",\"afterSession\",\"after\",\"onComplete\",\"beforeAssertion\",\"afterAssertion\",\"beforeFeature\",\"beforeScenario\",\"beforeStep\",\"afterStep\",\"afterScenario\",\"afterFeature\",\"_\",\"suite\",\"$0\",\"ignoredWorkerServices\",\"wdi5\"]"}]}
RESULT: {"script":"<script> [2342 bytes]","args":[{"protocol":"http","hostname":"0.0.0.0","path":"/","capabilities":{"browserName":"chrome","goog:chromeOptions":{"binary":"C:\\Program Files\\Google\\Chrome\\Application\\chrome.exe","args":["--start-maximized"]}},"logLevel":"warn","connectionRetryTimeout":120000,"connectionRetryCount":3,"logLevels":{},"enableDirectConnect":true,"strictSSL":true,"_":"65 more keys: [\"cacheDir\",\"port\",\"requestedCapabilities\",\"automationProtocol\",\"baseUrl\",\"waitforInterval\",\"waitforTimeout\",\"onReload\",\"beforeCommand\",\"afterCommand\",\"rootDir\",\"specs\",\"suites\",\"exclude\",\"groupLogsByTestSpec\",\"excludeDriverLogs\",\"bail\",\"framework\",\"reporters\",\"services\",\"maxInstances\",\"maxInstancesPerCapability\",\"injectGlobals\",\"filesToWatch\",\"execArgv\",\"runnerEnv\",\"runner\",\"shard\",\"specFileRetries\",\"specFileRetriesDelay\",\"specFileRetriesDeferred\",\"reporterSyncInterval\",\"reporterSyncTimeout\",\"cucumberFeaturesWithLineNumbers\",\"autoCompileOpts\",\"mochaOpts\",\"jasmineOpts\",\"cucumberOpts\",\"onPrepare\",\"onWorkerStart\",\"onWorkerEnd\",\"before\",\"beforeSession\",\"beforeSuite\",\"beforeHook\",\"beforeTest\",\"afterTest\",\"afterHook\",\"afterSuite\",\"afterSession\",\"after\",\"onComplete\",\"beforeAssertion\",\"afterAssertion\",\"beforeFeature\",\"beforeScenario\",\"beforeStep\",\"afterStep\",\"afterScenario\",\"afterFeature\",\"_\",\"suite\",\"$0\",\"ignoredWorkerServices\",\"wdi5\"]"}]}
COMMAND: POST /session/dbe42a6913d933bf746f002719692f06/execute/async - {"script":"<script> [21126 bytes]","args":[35000]}
RESULT: {"script":"<script> [21126 bytes]","args":[35000]}
COMMAND: POST /session/dbe42a6913d933bf746f002719692f06/execute/async - {"script":"<script> [1562 bytes]","args":[{"selector":{"controlType":"sap.m.Title","viewName":"etm.portal.ui.managecontracts.view.Detail","properties":{"text":"Contract Items (1)"}},"wdio_ui5_key":"etmportal.ui.managecontracts.view.Detailsap.m.Title{\"text\":\"Contract Items (1)\"}"}]}
RESULT: {"script":"<script> [1562 bytes]","args":[{"selector":{"controlType":"sap.m.Title","viewName":"etm.portal.ui.managecontracts.view.Detail","properties":{"text":"Contract Items (1)"}},"wdio_ui5_key":"etmportal.ui.managecontracts.view.Detailsap.m.Title{\"text\":\"Contract Items (1)\"}"}]}
RESULT: undefined
COMMAND: POST /session/dbe42a6913d933bf746f002719692f06/execute/async - {"script":"<script> [6424 bytes]","args":[{"element-6066-11e4-a52e-4f735466cecf":"f.AC1E98235C03768F9F99043C9DF93856.d.9ABD231392131BEF7D503BEBD026F64B.e.6397"},"getText",[]]}
RESULT: {"script":"<script> [6424 bytes]","args":[{"element-6066-11e4-a52e-4f735466cecf":"f.AC1E98235C03768F9F99043C9DF93856.d.9ABD231392131BEF7D503BEBD026F64B.e.6397"},"getText",[]]}
COMMAND: POST /session/dbe42a6913d933bf746f002719692f06/execute/async - {"script":"<script> [1562 bytes]","args":[{"selector":{"id":"contractDetailEditBtn","viewName":"etm.portal.ui.managecontracts.view.Detail","interaction":{"idSuffix":"inner"}},"wdio_ui5_key":"contractDetailEditBtnetmportal.ui.managecontracts.view.Detail"}]}
RESULT: {"script":"<script> [1562 bytes]","args":[{"selector":{"id":"contractDetailEditBtn","viewName":"etm.portal.ui.managecontracts.view.Detail","interaction":{"idSuffix":"inner"}},"wdio_ui5_key":"contractDetailEditBtnetmportal.ui.managecontracts.view.Detail"}]}
RESULT: undefined
COMMAND: POST /session/dbe42a6913d933bf746f002719692f06/element - {"using":"xpath","value":"//*[@id=\"__xmlview1--contractDetailEditBtn\"]"}
RESULT: {"using":"xpath","value":"//*[@id=\"__xmlview1--contractDetailEditBtn\"]"}
COMMAND: POST /session/dbe42a6913d933bf746f002719692f06/element/f.AC1E98235C03768F9F99043C9DF93856.d.9ABD231392131BEF7D503BEBD026F64B.e.6326/click - {}
RESULT: {}
COMMAND: GET /session/dbe42a6913d933bf746f002719692f06/screenshot - {}
RESULT: {}
COMMAND: POST /session/dbe42a6913d933bf746f002719692f06/element - {"using":"xpath","value":"(//span[contains(text(), \"Header Billing Items\")])[2]"}
RESULT: {"using":"xpath","value":"(//span[contains(text(), \"Header Billing Items\")])[2]"}
COMMAND: POST /session/dbe42a6913d933bf746f002719692f06/element/f.AC1E98235C03768F9F99043C9DF93856.d.9ABD231392131BEF7D503BEBD026F64B.e.6463/click - {}
RESULT: {}
COMMAND: GET /session/dbe42a6913d933bf746f002719692f06/screenshot - {}
RESULT: {}
COMMAND: POST /session/dbe42a6913d933bf746f002719692f06/element - {"using":"xpath","value":"//div[contains(@id ,\"ProductsTable-sa-CbBg\")]"}
RESULT: {"using":"xpath","value":"//div[contains(@id ,\"ProductsTable-sa-CbBg\")]"}
COMMAND: POST /session/dbe42a6913d933bf746f002719692f06/element/f.AC1E98235C03768F9F99043C9DF93856.d.9ABD231392131BEF7D503BEBD026F64B.e.6467/click - {}
RESULT: {}
COMMAND: GET /session/dbe42a6913d933bf746f002719692f06/screenshot - {}
RESULT: {}
COMMAND: POST /session/dbe42a6913d933bf746f002719692f06/execute/async - {"script":"<script> [1562 bytes]","args":[{"selector":{"id":"deleteBtn","viewName":"etm.portal.ui.managecontracts.view.EditContract","interaction":{"idSuffix":"BDI-content"}},"wdio_ui5_key":"deleteBtnetmportal.ui.managecontracts.view.EditContract"}]}
RESULT: {"script":"<script> [1562 bytes]","args":[{"selector":{"id":"deleteBtn","viewName":"etm.portal.ui.managecontracts.view.EditContract","interaction":{"idSuffix":"BDI-content"}},"wdio_ui5_key":"deleteBtnetmportal.ui.managecontracts.view.EditContract"}]}
RESULT: undefined
COMMAND: POST /session/dbe42a6913d933bf746f002719692f06/element - {"using":"xpath","value":"//*[@id=\"__xmlview2--deleteBtn\"]"}
RESULT: {"using":"xpath","value":"//*[@id=\"__xmlview2--deleteBtn\"]"}
COMMAND: POST /session/dbe42a6913d933bf746f002719692f06/element/f.AC1E98235C03768F9F99043C9DF93856.d.9ABD231392131BEF7D503BEBD026F64B.e.6470/click - {}
RESULT: {}
COMMAND: POST /session/dbe42a6913d933bf746f002719692f06/element - {"using":"xpath","value":"//bdi[contains(@id ,\"BDI-content\")][contains(text(), \"OK\")]"}
COMMAND: GET /session/dbe42a6913d933bf746f002719692f06/screenshot - {}
RESULT: {"using":"xpath","value":"//bdi[contains(@id ,\"BDI-content\")][contains(text(), \"OK\")]"}
COMMAND: POST /session/dbe42a6913d933bf746f002719692f06/element/f.AC1E98235C03768F9F99043C9DF93856.d.9ABD231392131BEF7D503BEBD026F64B.e.6472/click - {}
RESULT: {}
RESULT: {}
COMMAND: GET /session/dbe42a6913d933bf746f002719692f06/screenshot - {}
RESULT: {}
COMMAND: POST /session/dbe42a6913d933bf746f002719692f06/element - {"using":"xpath","value":"//bdi[contains(@id ,\"BDI-content\")][contains(text(), \"Save\")]"}
RESULT: {"using":"xpath","value":"//bdi[contains(@id ,\"BDI-content\")][contains(text(), \"Save\")]"}
COMMAND: POST /session/dbe42a6913d933bf746f002719692f06/element/f.AC1E98235C03768F9F99043C9DF93856.d.9ABD231392131BEF7D503BEBD026F64B.e.6474/click - {}
RESULT: {}
COMMAND: GET /session/dbe42a6913d933bf746f002719692f06/screenshot - {}
RESULT: {}
COMMAND: POST /session/dbe42a6913d933bf746f002719692f06/element - {"using":"xpath","value":"(//span[contains(text(), \"Header Billing Items\")])[1]"}
RESULT: {"using":"xpath","value":"(//span[contains(text(), \"Header Billing Items\")])[1]"}
COMMAND: POST /session/dbe42a6913d933bf746f002719692f06/element/f.AC1E98235C03768F9F99043C9DF93856.d.9ABD231392131BEF7D503BEBD026F64B.e.6477/click - {}
RESULT: {}
COMMAND: GET /session/dbe42a6913d933bf746f002719692f06/screenshot - {}
RESULT: {}
COMMAND: POST /session/dbe42a6913d933bf746f002719692f06/execute/async - {"script":"<script> [1562 bytes]","args":[{"selector":{"controlType":"sap.m.ObjectStatus","viewName":"etm.portal.ui.managecontracts.view.Detail","bindingPath":{"path":"/SmartContractItems(CONTRACT='10138',ITEM=10m,SUB_ITEM=0m)","propertyPath":"STATUS"}},"wdio_ui5_key":"etmportal.ui.managecontracts.view.Detailsap.m.ObjectStatus{\"path\":\"/SmartContractItems(CONTRACT='10138',ITEM=10m,SUB_ITEM=0m)\",\"propertyPath\":\"STATUS\"}"}]}
RESULT: {"script":"<script> [1562 bytes]","args":[{"selector":{"controlType":"sap.m.ObjectStatus","viewName":"etm.portal.ui.managecontracts.view.Detail","bindingPath":{"path":"/SmartContractItems(CONTRACT='10138',ITEM=10m,SUB_ITEM=0m)","propertyPath":"STATUS"}},"wdio_ui5_key":"etmportal.ui.managecontracts.view.Detailsap.m.ObjectStatus{\"path\":\"/SmartContractItems(CONTRACT='10138',ITEM=10m,SUB_ITEM=0m)\",\"propertyPath\":\"STATUS\"}"}]}
RESULT: undefined
COMMAND: POST /session/dbe42a6913d933bf746f002719692f06/execute/async - {"script":"<script> [6424 bytes]","args":[{"element-6066-11e4-a52e-4f735466cecf":"f.AC1E98235C03768F9F99043C9DF93856.d.9ABD231392131BEF7D503BEBD026F64B.e.6481"},"getText",[]]}
RESULT: {"script":"<script> [6424 bytes]","args":[{"element-6066-11e4-a52e-4f735466cecf":"f.AC1E98235C03768F9F99043C9DF93856.d.9ABD231392131BEF7D503BEBD026F64B.e.6481"},"getText",[]]}
COMMAND: POST /session/dbe42a6913d933bf746f002719692f06/element - {"using":"css selector","value":"#shell-header-logo"}
RESULT: {"using":"css selector","value":"#shell-header-logo"}
COMMAND: POST /session/dbe42a6913d933bf746f002719692f06/element/f.AC1E98235C03768F9F99043C9DF93856.d.9ABD231392131BEF7D503BEBD026F64B.e.6278/click - {}
RESULT: {}
COMMAND: GET /session/dbe42a6913d933bf746f002719692f06/screenshot - {}
RESULT: {}
COMMAND: POST /session/dbe42a6913d933bf746f002719692f06/execute/async - {"script":"<script> [1562 bytes]","args":[{"selector":{"controlType":"sap.m.GenericTile","properties":{"header":"Manage Requests"}},"wdio_ui5_key":"sapm.GenericTile{\"header\":\"Manage Requests\"}"}]}
RESULT: {"script":"<script> [1562 bytes]","args":[{"selector":{"controlType":"sap.m.GenericTile","properties":{"header":"Manage Requests"}},"wdio_ui5_key":"sapm.GenericTile{\"header\":\"Manage Requests\"}"}]}
RESULT: undefined
COMMAND: POST /session/dbe42a6913d933bf746f002719692f06/element - {"using":"xpath","value":"//*[@id=\"__tile47\"]"}
RESULT: {"using":"xpath","value":"//*[@id=\"__tile47\"]"}
COMMAND: POST /session/dbe42a6913d933bf746f002719692f06/element/f.AC1E98235C03768F9F99043C9DF93856.d.9ABD231392131BEF7D503BEBD026F64B.e.6501/click - {}
RESULT: {}
COMMAND: GET /session/dbe42a6913d933bf746f002719692f06/screenshot - {}
RESULT: {}
COMMAND: POST /session/dbe42a6913d933bf746f002719692f06/execute/async - {"script":"<script> [1562 bytes]","args":[{"selector":{"controlType":"sap.m.SearchField","viewName":"etm.portal.ui.managerequests.view.Master","bindingPath":{"path":"","propertyPath":"/_BASIC_SEARCH_FIELD","modelName":"fi1t3rM0d31"},"interaction":{"idSuffix":"I"}},"wdio_ui5_key":"etmportal.ui.managerequests.view.Mastersap.m.SearchField{\"path\":\"\",\"propertyPath\":\"/_BASIC_SEARCH_FIELD\",\"modelName\":\"fi1t3rM0d31\"}"}]}
COMMAND: POST /session/dbe42a6913d933bf746f002719692f06/elements - {"using":"xpath","value":"//span[text()='Error']"}
RESULT: {"script":"<script> [1562 bytes]","args":[{"selector":{"controlType":"sap.m.SearchField","viewName":"etm.portal.ui.managerequests.view.Master","bindingPath":{"path":"","propertyPath":"/_BASIC_SEARCH_FIELD","modelName":"fi1t3rM0d31"},"interaction":{"idSuffix":"I"}},"wdio_ui5_key":"etmportal.ui.managerequests.view.Mastersap.m.SearchField{\"path\":\"\",\"propertyPath\":\"/_BASIC_SEARCH_FIELD\",\"modelName\":\"fi1t3rM0d31\"}"}]}
RESULT: undefined
COMMAND: POST /session/dbe42a6913d933bf746f002719692f06/execute/async - {"script":"<script> [776 bytes]","args":[{"enterText":"20078","selector":{"controlType":"sap.m.SearchField","viewName":"etm.portal.ui.managerequests.view.Master","bindingPath":{"path":"","propertyPath":"/_BASIC_SEARCH_FIELD","modelName":"fi1t3rM0d31"},"interaction":{"idSuffix":"I"}},"clearTextFirst":true,"interactionType":"ENTER_TEXT"}]}
RESULT: {"using":"xpath","value":"//span[text()='Error']"}
RESULT: {"script":"<script> [776 bytes]","args":[{"enterText":"20078","selector":{"controlType":"sap.m.SearchField","viewName":"etm.portal.ui.managerequests.view.Master","bindingPath":{"path":"","propertyPath":"/_BASIC_SEARCH_FIELD","modelName":"fi1t3rM0d31"},"interaction":{"idSuffix":"I"}},"clearTextFirst":true,"interactionType":"ENTER_TEXT"}]}
COMMAND: POST /session/dbe42a6913d933bf746f002719692f06/actions - {"actions":[{"id":"action33","type":"key","parameters":{},"actions":[{"type":"keyDown","value":"î€‡"},{"type":"pause","duration":10},{"type":"keyUp","value":"î€‡"}]}]}
RESULT: {"actions":[{"id":"action33","type":"key","parameters":{},"actions":[{"type":"keyDown","value":"î€‡"},{"type":"pause","duration":10},{"type":"keyUp","value":"î€‡"}]}]}
COMMAND: GET /session/dbe42a6913d933bf746f002719692f06/screenshot - {}
RESULT: {}
COMMAND: POST /session/dbe42a6913d933bf746f002719692f06/execute/async - {"script":"<script> [1562 bytes]","args":[{"selector":{"controlType":"sap.m.Text","viewName":"etm.portal.ui.managerequests.view.Master","bindingPath":{"path":"/SmartManageRequests('20078')","propertyPath":"NO"}},"wdio_ui5_key":"etmportal.ui.managerequests.view.Mastersap.m.Text{\"path\":\"/SmartManageRequests('20078')\",\"propertyPath\":\"NO\"}"}]}
RESULT: {"script":"<script> [1562 bytes]","args":[{"selector":{"controlType":"sap.m.Text","viewName":"etm.portal.ui.managerequests.view.Master","bindingPath":{"path":"/SmartManageRequests('20078')","propertyPath":"NO"}},"wdio_ui5_key":"etmportal.ui.managerequests.view.Mastersap.m.Text{\"path\":\"/SmartManageRequests('20078')\",\"propertyPath\":\"NO\"}"}]}
RESULT: undefined
COMMAND: POST /session/dbe42a6913d933bf746f002719692f06/element - {"using":"xpath","value":"//*[@id=\"__text463-__clone226\"]"}
RESULT: {"using":"xpath","value":"//*[@id=\"__text463-__clone226\"]"}
COMMAND: POST /session/dbe42a6913d933bf746f002719692f06/element/f.AC1E98235C03768F9F99043C9DF93856.d.9ABD231392131BEF7D503BEBD026F64B.e.6620/click - {}
RESULT: {}
COMMAND: GET /session/dbe42a6913d933bf746f002719692f06/screenshot - {}
RESULT: {}
COMMAND: POST /session/dbe42a6913d933bf746f002719692f06/execute/async - {"script":"<script> [1562 bytes]","args":[{"selector":{"controlType":"sap.ui.core.Icon","viewName":"etm.portal.ui.managerequests.view.Detail","properties":{"src":{"regex":{"source":"slim\\-arrow\\-up"}}}},"wdio_ui5_key":"etmportal.ui.managerequests.view.Detailsap.ui.core.Icon{\"src\":{\"regex\":{\"source\":\"slim\\\\-arrow\\\\-up\"}}}"}]}
RESULT: {"script":"<script> [1562 bytes]","args":[{"selector":{"controlType":"sap.ui.core.Icon","viewName":"etm.portal.ui.managerequests.view.Detail","properties":{"src":{"regex":{"source":"slim\\-arrow\\-up"}}}},"wdio_ui5_key":"etmportal.ui.managerequests.view.Detailsap.ui.core.Icon{\"src\":{\"regex\":{\"source\":\"slim\\\\-arrow\\\\-up\"}}}"}]}
RESULT: undefined
COMMAND: POST /session/dbe42a6913d933bf746f002719692f06/element - {"using":"xpath","value":"//*[@id=\"__xmlview62--detailRequestPage-OPHeaderContent-collapseBtn-img\"]"}
RESULT: {"using":"xpath","value":"//*[@id=\"__xmlview62--detailRequestPage-OPHeaderContent-collapseBtn-img\"]"}
COMMAND: POST /session/dbe42a6913d933bf746f002719692f06/element/f.AC1E98235C03768F9F99043C9DF93856.d.9ABD231392131BEF7D503BEBD026F64B.e.6783/click - {}
RESULT: {}
COMMAND: GET /session/dbe42a6913d933bf746f002719692f06/screenshot - {}
RESULT: {}
COMMAND: POST /session/dbe42a6913d933bf746f002719692f06/execute/async - {"script":"<script> [1562 bytes]","args":[{"selector":{"controlType":"sap.m.Text","viewName":"etm.portal.ui.managerequests.view.Detail","bindingPath":{"path":"/SmartRequestItemsPlanningBoard(ITEM=20m,REQUEST='20078')","propertyPath":"STATUS_DESC"}},"wdio_ui5_key":"etmportal.ui.managerequests.view.Detailsap.m.Text{\"path\":\"/SmartRequestItemsPlanningBoard(ITEM=20m,REQUEST='20078')\",\"propertyPath\":\"STATUS_DESC\"}"}]}
RESULT: {"script":"<script> [1562 bytes]","args":[{"selector":{"controlType":"sap.m.Text","viewName":"etm.portal.ui.managerequests.view.Detail","bindingPath":{"path":"/SmartRequestItemsPlanningBoard(ITEM=20m,REQUEST='20078')","propertyPath":"STATUS_DESC"}},"wdio_ui5_key":"etmportal.ui.managerequests.view.Detailsap.m.Text{\"path\":\"/SmartRequestItemsPlanningBoard(ITEM=20m,REQUEST='20078')\",\"propertyPath\":\"STATUS_DESC\"}"}]}
RESULT: undefined
COMMAND: POST /session/dbe42a6913d933bf746f002719692f06/execute/async - {"script":"<script> [6424 bytes]","args":[{"element-6066-11e4-a52e-4f735466cecf":"f.AC1E98235C03768F9F99043C9DF93856.d.9ABD231392131BEF7D503BEBD026F64B.e.6826"},"getText",[]]}
RESULT: {"script":"<script> [6424 bytes]","args":[{"element-6066-11e4-a52e-4f735466cecf":"f.AC1E98235C03768F9F99043C9DF93856.d.9ABD231392131BEF7D503BEBD026F64B.e.6826"},"getText",[]]}
COMMAND: POST /session/dbe42a6913d933bf746f002719692f06/element - {"using":"css selector","value":"#shell-header-logo"}
RESULT: {"using":"css selector","value":"#shell-header-logo"}
COMMAND: POST /session/dbe42a6913d933bf746f002719692f06/element/f.AC1E98235C03768F9F99043C9DF93856.d.9ABD231392131BEF7D503BEBD026F64B.e.6519/click - {}
RESULT: {}
COMMAND: GET /session/dbe42a6913d933bf746f002719692f06/screenshot - {}
RESULT: {}
]]></system-out>
    </testcase>
  </testsuite>
  <testsuite timestamp="2025-05-13T18:10:46" time="263.978" tests="4" failures="0" errors="0" skipped="0">
    <properties>
      <property name="specId" value="0" />
      <property name="suiteName" value="Standard contract close-reopen US111278" />
      <property name="capabilities" value="chrome.136_0_7103_49.windows" />
      <property name="file" value="file:///D:/a/1/s/test/specs/R2C/standard-contract-close-reopen.spec.js" />
    </properties>
    <testcase classname="chrome.136_0_7103_49.windows.Standard_contract_close-reopen_US111278" name="Should create a new contract and add an item" time="146.192">
      <system-out><![CDATA[
COMMAND: POST /session/dbe42a6913d933bf746f002719692f06/execute/async - {"script":"<script> [1562 bytes]","args":[{"selector":{"controlType":"sap.m.GenericTile","properties":{"header":"Manage Contracts"}},"wdio_ui5_key":"sapm.GenericTile{\"header\":\"Manage Contracts\"}"}]}
RESULT: {"script":"<script> [1562 bytes]","args":[{"selector":{"controlType":"sap.m.GenericTile","properties":{"header":"Manage Contracts"}},"wdio_ui5_key":"sapm.GenericTile{\"header\":\"Manage Contracts\"}"}]}
RESULT: undefined
COMMAND: POST /session/dbe42a6913d933bf746f002719692f06/element - {"using":"xpath","value":"//*[@id=\"__tile133\"]"}
RESULT: {"using":"xpath","value":"//*[@id=\"__tile133\"]"}
COMMAND: POST /session/dbe42a6913d933bf746f002719692f06/element/f.AC1E98235C03768F9F99043C9DF93856.d.9ABD231392131BEF7D503BEBD026F64B.e.6829/click - {}
RESULT: {}
COMMAND: GET /session/dbe42a6913d933bf746f002719692f06/screenshot - {}
RESULT: {}
COMMAND: POST /session/dbe42a6913d933bf746f002719692f06/elements - {"using":"xpath","value":"//span[text()='Error']"}
RESULT: {"using":"xpath","value":"//span[text()='Error']"}
COMMAND: POST /session/dbe42a6913d933bf746f002719692f06/element - {"using":"xpath","value":"//button[@data-kt=\"addButton\"]"}
RESULT: {"using":"xpath","value":"//button[@data-kt=\"addButton\"]"}
COMMAND: POST /session/dbe42a6913d933bf746f002719692f06/element/f.AC1E98235C03768F9F99043C9DF93856.d.9ABD231392131BEF7D503BEBD026F64B.e.6885/click - {}
RESULT: {}
COMMAND: GET /session/dbe42a6913d933bf746f002719692f06/screenshot - {}
RESULT: {}
COMMAND: POST /session/dbe42a6913d933bf746f002719692f06/execute/async - {"script":"<script> [1562 bytes]","args":[{"selector":{"id":"application-managecontracts-display-component---AddNewContract--projectDescription","interaction":{"idSuffix":"inner"}},"wdio_ui5_key":"applicationmanagecontracts-display-component---AddNewContract--projectDescription"}]}
RESULT: {"script":"<script> [1562 bytes]","args":[{"selector":{"id":"application-managecontracts-display-component---AddNewContract--projectDescription","interaction":{"idSuffix":"inner"}},"wdio_ui5_key":"applicationmanagecontracts-display-component---AddNewContract--projectDescription"}]}
RESULT: undefined
COMMAND: POST /session/dbe42a6913d933bf746f002719692f06/execute/async - {"script":"<script> [776 bytes]","args":[{"enterText":"WdIOR2cyp1g9","selector":{"id":"application-managecontracts-display-component---AddNewContract--projectDescription","interaction":{"idSuffix":"inner"}},"clearTextFirst":true,"interactionType":"ENTER_TEXT"}]}
RESULT: {"script":"<script> [776 bytes]","args":[{"enterText":"WdIOR2cyp1g9","selector":{"id":"application-managecontracts-display-component---AddNewContract--projectDescription","interaction":{"idSuffix":"inner"}},"clearTextFirst":true,"interactionType":"ENTER_TEXT"}]}
COMMAND: POST /session/dbe42a6913d933bf746f002719692f06/element - {"using":"xpath","value":"//input[@id=\"application-managecontracts-display-component---AddNewContract--yardId-inner\"]"}
RESULT: {"using":"xpath","value":"//input[@id=\"application-managecontracts-display-component---AddNewContract--yardId-inner\"]"}
COMMAND: POST /session/dbe42a6913d933bf746f002719692f06/element/f.AC1E98235C03768F9F99043C9DF93856.d.9ABD231392131BEF7D503BEBD026F64B.e.7180/clear - {}
RESULT: {}
COMMAND: POST /session/dbe42a6913d933bf746f002719692f06/element/f.AC1E98235C03768F9F99043C9DF93856.d.9ABD231392131BEF7D503BEBD026F64B.e.7180/value - {"text":"WebdriverYardxe8gd"}
COMMAND: GET /session/dbe42a6913d933bf746f002719692f06/screenshot - {}
RESULT: {"text":"WebdriverYardxe8gd"}
COMMAND: GET /session/dbe42a6913d933bf746f002719692f06/screenshot - {}
RESULT: {}
RESULT: {}
COMMAND: POST /session/dbe42a6913d933bf746f002719692f06/actions - {"actions":[{"id":"action34","type":"key","parameters":{},"actions":[{"type":"keyDown","value":"î€‡"},{"type":"pause","duration":10},{"type":"keyUp","value":"î€‡"}]}]}
RESULT: {"actions":[{"id":"action34","type":"key","parameters":{},"actions":[{"type":"keyDown","value":"î€‡"},{"type":"pause","duration":10},{"type":"keyUp","value":"î€‡"}]}]}
COMMAND: GET /session/dbe42a6913d933bf746f002719692f06/screenshot - {}
RESULT: {}
COMMAND: POST /session/dbe42a6913d933bf746f002719692f06/element - {"using":"xpath","value":"//input[@id=\"application-managecontracts-display-component---AddNewContract--customerSelect-inner\"]"}
RESULT: {"using":"xpath","value":"//input[@id=\"application-managecontracts-display-component---AddNewContract--customerSelect-inner\"]"}
COMMAND: POST /session/dbe42a6913d933bf746f002719692f06/element/f.AC1E98235C03768F9F99043C9DF93856.d.9ABD231392131BEF7D503BEBD026F64B.e.7178/clear - {}
RESULT: {}
COMMAND: POST /session/dbe42a6913d933bf746f002719692f06/element/f.AC1E98235C03768F9F99043C9DF93856.d.9ABD231392131BEF7D503BEBD026F64B.e.7178/value - {"text":"WebdriverPartnerm93hri"}
COMMAND: GET /session/dbe42a6913d933bf746f002719692f06/screenshot - {}
RESULT: {"text":"WebdriverPartnerm93hri"}
COMMAND: GET /session/dbe42a6913d933bf746f002719692f06/screenshot - {}
RESULT: {}
RESULT: {}
COMMAND: POST /session/dbe42a6913d933bf746f002719692f06/actions - {"actions":[{"id":"action35","type":"key","parameters":{},"actions":[{"type":"keyDown","value":"î€‡"},{"type":"pause","duration":10},{"type":"keyUp","value":"î€‡"}]}]}
RESULT: {"actions":[{"id":"action35","type":"key","parameters":{},"actions":[{"type":"keyDown","value":"î€‡"},{"type":"pause","duration":10},{"type":"keyUp","value":"î€‡"}]}]}
COMMAND: GET /session/dbe42a6913d933bf746f002719692f06/screenshot - {}
RESULT: {}
COMMAND: POST /session/dbe42a6913d933bf746f002719692f06/element - {"using":"xpath","value":"//input[@id=\"application-managecontracts-display-component---AddNewContract--site-inner\"]"}
RESULT: {"using":"xpath","value":"//input[@id=\"application-managecontracts-display-component---AddNewContract--site-inner\"]"}
COMMAND: POST /session/dbe42a6913d933bf746f002719692f06/element/f.AC1E98235C03768F9F99043C9DF93856.d.9ABD231392131BEF7D503BEBD026F64B.e.7179/clear - {}
RESULT: {}
COMMAND: POST /session/dbe42a6913d933bf746f002719692f06/element/f.AC1E98235C03768F9F99043C9DF93856.d.9ABD231392131BEF7D503BEBD026F64B.e.7179/value - {"text":"WebdriverSitetv19i"}
COMMAND: GET /session/dbe42a6913d933bf746f002719692f06/screenshot - {}
RESULT: {"text":"WebdriverSitetv19i"}
COMMAND: GET /session/dbe42a6913d933bf746f002719692f06/screenshot - {}
RESULT: {}
RESULT: {}
COMMAND: POST /session/dbe42a6913d933bf746f002719692f06/actions - {"actions":[{"id":"action36","type":"key","parameters":{},"actions":[{"type":"keyDown","value":"î€‡"},{"type":"pause","duration":10},{"type":"keyUp","value":"î€‡"}]}]}
RESULT: {"actions":[{"id":"action36","type":"key","parameters":{},"actions":[{"type":"keyDown","value":"î€‡"},{"type":"pause","duration":10},{"type":"keyUp","value":"î€‡"}]}]}
COMMAND: GET /session/dbe42a6913d933bf746f002719692f06/screenshot - {}
RESULT: {}
COMMAND: POST /session/dbe42a6913d933bf746f002719692f06/element - {"using":"xpath","value":"//button[@data-kt=\"saveButton\"]"}
RESULT: {"using":"xpath","value":"//button[@data-kt=\"saveButton\"]"}
COMMAND: POST /session/dbe42a6913d933bf746f002719692f06/element/f.AC1E98235C03768F9F99043C9DF93856.d.9ABD231392131BEF7D503BEBD026F64B.e.7217/click - {}
RESULT: {}
COMMAND: GET /session/dbe42a6913d933bf746f002719692f06/screenshot - {}
RESULT: {}
COMMAND: POST /session/dbe42a6913d933bf746f002719692f06/execute/async - {"script":"<script> [1562 bytes]","args":[{"selector":{"id":"contractDetailTitleNoExpanded","viewName":"etm.portal.ui.managecontracts.view.Detail"},"wdio_ui5_key":"contractDetailTitleNoExpandedetmportal.ui.managecontracts.view.Detail"}]}
RESULT: {"script":"<script> [1562 bytes]","args":[{"selector":{"id":"contractDetailTitleNoExpanded","viewName":"etm.portal.ui.managecontracts.view.Detail"},"wdio_ui5_key":"contractDetailTitleNoExpandedetmportal.ui.managecontracts.view.Detail"}]}
RESULT: undefined
COMMAND: POST /session/dbe42a6913d933bf746f002719692f06/execute/async - {"script":"<script> [6424 bytes]","args":[{"element-6066-11e4-a52e-4f735466cecf":"f.AC1E98235C03768F9F99043C9DF93856.d.9ABD231392131BEF7D503BEBD026F64B.e.7290"},"getText",[]]}
RESULT: {"script":"<script> [6424 bytes]","args":[{"element-6066-11e4-a52e-4f735466cecf":"f.AC1E98235C03768F9F99043C9DF93856.d.9ABD231392131BEF7D503BEBD026F64B.e.7290"},"getText",[]]}
COMMAND: POST /session/dbe42a6913d933bf746f002719692f06/execute/async - {"script":"<script> [1562 bytes]","args":[{"selector":{"id":"closeContractBtn","viewName":"etm.portal.ui.managecontracts.view.Detail"},"wdio_ui5_key":"closeContractBtnetmportal.ui.managecontracts.view.Detail"}]}
RESULT: {"script":"<script> [1562 bytes]","args":[{"selector":{"id":"closeContractBtn","viewName":"etm.portal.ui.managecontracts.view.Detail"},"wdio_ui5_key":"closeContractBtnetmportal.ui.managecontracts.view.Detail"}]}
RESULT: undefined
COMMAND: POST /session/dbe42a6913d933bf746f002719692f06/execute/async - {"script":"<script> [6424 bytes]","args":[{"element-6066-11e4-a52e-4f735466cecf":"f.AC1E98235C03768F9F99043C9DF93856.d.9ABD231392131BEF7D503BEBD026F64B.e.7291"},"getEnabled",[]]}
RESULT: {"script":"<script> [6424 bytes]","args":[{"element-6066-11e4-a52e-4f735466cecf":"f.AC1E98235C03768F9F99043C9DF93856.d.9ABD231392131BEF7D503BEBD026F64B.e.7291"},"getEnabled",[]]}
COMMAND: POST /session/dbe42a6913d933bf746f002719692f06/element - {"using":"xpath","value":"//button[@data-kt=\"contractDetailEditBtnButton\"]"}
RESULT: {"using":"xpath","value":"//button[@data-kt=\"contractDetailEditBtnButton\"]"}
COMMAND: POST /session/dbe42a6913d933bf746f002719692f06/element/f.AC1E98235C03768F9F99043C9DF93856.d.9ABD231392131BEF7D503BEBD026F64B.e.7292/click - {}
RESULT: {}
COMMAND: GET /session/dbe42a6913d933bf746f002719692f06/screenshot - {}
RESULT: {}
COMMAND: POST /session/dbe42a6913d933bf746f002719692f06/element - {"using":"xpath","value":"(//span[contains(text(), \"Additional Addresses\")])[2]"}
RESULT: {"using":"xpath","value":"(//span[contains(text(), \"Additional Addresses\")])[2]"}
COMMAND: POST /session/dbe42a6913d933bf746f002719692f06/element/f.AC1E98235C03768F9F99043C9DF93856.d.9ABD231392131BEF7D503BEBD026F64B.e.7348/click - {}
RESULT: {}
COMMAND: GET /session/dbe42a6913d933bf746f002719692f06/screenshot - {}
RESULT: {}
COMMAND: POST /session/dbe42a6913d933bf746f002719692f06/element - {"using":"xpath","value":"//button[@data-kt=\"btnAddTableRowOverflowToolbarButton\"]"}
RESULT: {"using":"xpath","value":"//button[@data-kt=\"btnAddTableRowOverflowToolbarButton\"]"}
COMMAND: POST /session/dbe42a6913d933bf746f002719692f06/element/f.AC1E98235C03768F9F99043C9DF93856.d.9ABD231392131BEF7D503BEBD026F64B.e.7352/click - {}
RESULT: {}
COMMAND: GET /session/dbe42a6913d933bf746f002719692f06/screenshot - {}
RESULT: {}
COMMAND: POST /session/dbe42a6913d933bf746f002719692f06/element - {"using":"xpath","value":"//div[(text() = 'Standard Entry' or . = 'Standard Entry')]"}
RESULT: {"using":"xpath","value":"//div[(text() = 'Standard Entry' or . = 'Standard Entry')]"}
COMMAND: POST /session/dbe42a6913d933bf746f002719692f06/element/f.AC1E98235C03768F9F99043C9DF93856.d.9ABD231392131BEF7D503BEBD026F64B.e.7354/click - {}
RESULT: {}
COMMAND: POST /session/dbe42a6913d933bf746f002719692f06/element - {"using":"xpath","value":"//td[6]/div/div/input[1]"}
COMMAND: GET /session/dbe42a6913d933bf746f002719692f06/screenshot - {}
RESULT: {"using":"xpath","value":"//td[6]/div/div/input[1]"}
COMMAND: POST /session/dbe42a6913d933bf746f002719692f06/element/f.AC1E98235C03768F9F99043C9DF93856.d.9ABD231392131BEF7D503BEBD026F64B.e.7356/click - {}
RESULT: {}
RESULT: {}
COMMAND: POST /session/dbe42a6913d933bf746f002719692f06/actions - {"actions":[{"id":"action37","type":"key","parameters":{},"actions":[{"type":"keyDown","value":"î€ƒ"},{"type":"pause","duration":10},{"type":"keyUp","value":"î€ƒ"}]}]}
COMMAND: GET /session/dbe42a6913d933bf746f002719692f06/screenshot - {}
RESULT: {"actions":[{"id":"action37","type":"key","parameters":{},"actions":[{"type":"keyDown","value":"î€ƒ"},{"type":"pause","duration":10},{"type":"keyUp","value":"î€ƒ"}]}]}
COMMAND: POST /session/dbe42a6913d933bf746f002719692f06/element - {"using":"xpath","value":"//td[6]/div/div/input[1]"}
COMMAND: GET /session/dbe42a6913d933bf746f002719692f06/screenshot - {}
RESULT: {}
RESULT: {"using":"xpath","value":"//td[6]/div/div/input[1]"}
COMMAND: POST /session/dbe42a6913d933bf746f002719692f06/element/f.AC1E98235C03768F9F99043C9DF93856.d.9ABD231392131BEF7D503BEBD026F64B.e.7356/clear - {}
RESULT: {}
RESULT: {}
COMMAND: POST /session/dbe42a6913d933bf746f002719692f06/element/f.AC1E98235C03768F9F99043C9DF93856.d.9ABD231392131BEF7D503BEBD026F64B.e.7356/value - {"text":"Material"}
COMMAND: GET /session/dbe42a6913d933bf746f002719692f06/screenshot - {}
RESULT: {"text":"Material"}
COMMAND: GET /session/dbe42a6913d933bf746f002719692f06/screenshot - {}
RESULT: {}
RESULT: {}
COMMAND: POST /session/dbe42a6913d933bf746f002719692f06/actions - {"actions":[{"id":"action38","type":"key","parameters":{},"actions":[{"type":"keyDown","value":"î€‡"},{"type":"pause","duration":10},{"type":"keyUp","value":"î€‡"}]}]}
RESULT: {"actions":[{"id":"action38","type":"key","parameters":{},"actions":[{"type":"keyDown","value":"î€‡"},{"type":"pause","duration":10},{"type":"keyUp","value":"î€‡"}]}]}
COMMAND: GET /session/dbe42a6913d933bf746f002719692f06/screenshot - {}
RESULT: {}
COMMAND: POST /session/dbe42a6913d933bf746f002719692f06/actions - {"actions":[{"id":"action39","type":"key","parameters":{},"actions":[{"type":"keyDown","value":"î€‡"},{"type":"pause","duration":10},{"type":"keyUp","value":"î€‡"}]}]}
RESULT: {"actions":[{"id":"action39","type":"key","parameters":{},"actions":[{"type":"keyDown","value":"î€‡"},{"type":"pause","duration":10},{"type":"keyUp","value":"î€‡"}]}]}
COMMAND: POST /session/dbe42a6913d933bf746f002719692f06/element - {"using":"xpath","value":"//td[7]/div/div/input"}
COMMAND: GET /session/dbe42a6913d933bf746f002719692f06/screenshot - {}
RESULT: {"using":"xpath","value":"//td[7]/div/div/input"}
COMMAND: POST /session/dbe42a6913d933bf746f002719692f06/element/f.AC1E98235C03768F9F99043C9DF93856.d.9ABD231392131BEF7D503BEBD026F64B.e.7369/clear - {}
RESULT: {}
RESULT: {}
COMMAND: POST /session/dbe42a6913d933bf746f002719692f06/element/f.AC1E98235C03768F9F99043C9DF93856.d.9ABD231392131BEF7D503BEBD026F64B.e.7369/value - {"text":"WebdriverRUR2C3bn39"}
COMMAND: GET /session/dbe42a6913d933bf746f002719692f06/screenshot - {}
RESULT: {"text":"WebdriverRUR2C3bn39"}
COMMAND: GET /session/dbe42a6913d933bf746f002719692f06/screenshot - {}
RESULT: {}
RESULT: {}
COMMAND: POST /session/dbe42a6913d933bf746f002719692f06/actions - {"actions":[{"id":"action40","type":"key","parameters":{},"actions":[{"type":"keyDown","value":"î€‡"},{"type":"pause","duration":10},{"type":"keyUp","value":"î€‡"}]}]}
RESULT: {"actions":[{"id":"action40","type":"key","parameters":{},"actions":[{"type":"keyDown","value":"î€‡"},{"type":"pause","duration":10},{"type":"keyUp","value":"î€‡"}]}]}
COMMAND: GET /session/dbe42a6913d933bf746f002719692f06/screenshot - {}
RESULT: {}
COMMAND: POST /session/dbe42a6913d933bf746f002719692f06/actions - {"actions":[{"id":"action41","type":"key","parameters":{},"actions":[{"type":"keyDown","value":"î€‡"},{"type":"pause","duration":10},{"type":"keyUp","value":"î€‡"}]}]}
RESULT: {"actions":[{"id":"action41","type":"key","parameters":{},"actions":[{"type":"keyDown","value":"î€‡"},{"type":"pause","duration":10},{"type":"keyUp","value":"î€‡"}]}]}
COMMAND: GET /session/dbe42a6913d933bf746f002719692f06/screenshot - {}
RESULT: {}
COMMAND: POST /session/dbe42a6913d933bf746f002719692f06/element - {"using":"xpath","value":"(//button[@data-kt=\"saveButton\"])[2]"}
RESULT: {"using":"xpath","value":"(//button[@data-kt=\"saveButton\"])[2]"}
COMMAND: POST /session/dbe42a6913d933bf746f002719692f06/element/f.AC1E98235C03768F9F99043C9DF93856.d.9ABD231392131BEF7D503BEBD026F64B.e.7395/click - {}
RESULT: {}
COMMAND: GET /session/dbe42a6913d933bf746f002719692f06/screenshot - {}
RESULT: {}
]]></system-out>
    </testcase>
    <testcase classname="chrome.136_0_7103_49.windows.Standard_contract_close-reopen_US111278" name="It should close the contract" time="26.962">
      <system-out><![CDATA[
RESULT: undefined
COMMAND: POST /session/dbe42a6913d933bf746f002719692f06/element - {"using":"xpath","value":"//*[@id=\"__xmlview64--closeContractBtn\"]"}
RESULT: {"using":"xpath","value":"//*[@id=\"__xmlview64--closeContractBtn\"]"}
COMMAND: POST /session/dbe42a6913d933bf746f002719692f06/element/f.AC1E98235C03768F9F99043C9DF93856.d.9ABD231392131BEF7D503BEBD026F64B.e.7291/click - {}
RESULT: {}
COMMAND: GET /session/dbe42a6913d933bf746f002719692f06/screenshot - {}
RESULT: {}
COMMAND: POST /session/dbe42a6913d933bf746f002719692f06/element - {"using":"xpath","value":"//span[contains(text(), \"Do you want to close the whole contract?\")]"}
RESULT: {"using":"xpath","value":"//span[contains(text(), \"Do you want to close the whole contract?\")]"}
COMMAND: POST /session/dbe42a6913d933bf746f002719692f06/execute/sync - {"script":"<script> [8489 bytes]","args":[{"element-6066-11e4-a52e-4f735466cecf":"f.AC1E98235C03768F9F99043C9DF93856.d.9ABD231392131BEF7D503BEBD026F64B.e.7399","ELEMENT":"f.AC1E98235C03768F9F99043C9DF93856.d.9ABD231392131BEF7D503BEBD026F64B.e.7399"}]}
RESULT: {"script":"<script> [8489 bytes]","args":[{"element-6066-11e4-a52e-4f735466cecf":"f.AC1E98235C03768F9F99043C9DF93856.d.9ABD231392131BEF7D503BEBD026F64B.e.7399","ELEMENT":"f.AC1E98235C03768F9F99043C9DF93856.d.9ABD231392131BEF7D503BEBD026F64B.e.7399"}]}
COMMAND: POST /session/dbe42a6913d933bf746f002719692f06/element - {"using":"xpath","value":"//bdi[contains(text(), \"OK\")]"}
COMMAND: GET /session/dbe42a6913d933bf746f002719692f06/screenshot - {}
RESULT: {"using":"xpath","value":"//bdi[contains(text(), \"OK\")]"}
COMMAND: POST /session/dbe42a6913d933bf746f002719692f06/element/f.AC1E98235C03768F9F99043C9DF93856.d.9ABD231392131BEF7D503BEBD026F64B.e.7400/click - {}
RESULT: {}
RESULT: {}
COMMAND: GET /session/dbe42a6913d933bf746f002719692f06/screenshot - {}
RESULT: {}
COMMAND: POST /session/dbe42a6913d933bf746f002719692f06/element - {"using":"xpath","value":"//input[contains(@id ,\"smartContractFilterBar-btnBasicSearch-I\")]"}
RESULT: {"using":"xpath","value":"//input[contains(@id ,\"smartContractFilterBar-btnBasicSearch-I\")]"}
COMMAND: POST /session/dbe42a6913d933bf746f002719692f06/element/f.AC1E98235C03768F9F99043C9DF93856.d.9ABD231392131BEF7D503BEBD026F64B.e.6840/clear - {}
RESULT: {}
COMMAND: POST /session/dbe42a6913d933bf746f002719692f06/element/f.AC1E98235C03768F9F99043C9DF93856.d.9ABD231392131BEF7D503BEBD026F64B.e.6840/value - {"text":"10139"}
COMMAND: GET /session/dbe42a6913d933bf746f002719692f06/screenshot - {}
RESULT: {"text":"10139"}
COMMAND: POST /session/dbe42a6913d933bf746f002719692f06/actions - {"actions":[{"id":"action42","type":"key","parameters":{},"actions":[{"type":"keyDown","value":"î€‡"},{"type":"pause","duration":10},{"type":"keyUp","value":"î€‡"}]}]}
COMMAND: GET /session/dbe42a6913d933bf746f002719692f06/screenshot - {}
RESULT: {}
RESULT: {"actions":[{"id":"action42","type":"key","parameters":{},"actions":[{"type":"keyDown","value":"î€‡"},{"type":"pause","duration":10},{"type":"keyUp","value":"î€‡"}]}]}
COMMAND: GET /session/dbe42a6913d933bf746f002719692f06/screenshot - {}
RESULT: {}
RESULT: {}
COMMAND: POST /session/dbe42a6913d933bf746f002719692f06/execute/async - {"script":"<script> [1562 bytes]","args":[{"selector":{"controlType":"sap.ui.core.Icon","viewName":"etm.portal.ui.managecontracts.view.Master","properties":{"src":{"regex":{"source":"slim\\-arrow\\-right"}}}},"wdio_ui5_key":"etmportal.ui.managecontracts.view.Mastersap.ui.core.Icon{\"src\":{\"regex\":{\"source\":\"slim\\\\-arrow\\\\-right\"}}}"}]}
RESULT: {"script":"<script> [1562 bytes]","args":[{"selector":{"controlType":"sap.ui.core.Icon","viewName":"etm.portal.ui.managecontracts.view.Master","properties":{"src":{"regex":{"source":"slim\\-arrow\\-right"}}}},"wdio_ui5_key":"etmportal.ui.managecontracts.view.Mastersap.ui.core.Icon{\"src\":{\"regex\":{\"source\":\"slim\\\\-arrow\\\\-right\"}}}"}]}
RESULT: undefined
COMMAND: POST /session/dbe42a6913d933bf746f002719692f06/element - {"using":"xpath","value":"//*[@id=\"__item126-__clone2321-imgNav\"]"}
RESULT: {"using":"xpath","value":"//*[@id=\"__item126-__clone2321-imgNav\"]"}
COMMAND: POST /session/dbe42a6913d933bf746f002719692f06/element/f.AC1E98235C03768F9F99043C9DF93856.d.9ABD231392131BEF7D503BEBD026F64B.e.7572/click - {}
RESULT: {}
COMMAND: POST /session/dbe42a6913d933bf746f002719692f06/execute/async - {"script":"<script> [1562 bytes]","args":[{"selector":{"controlType":"sap.m.ObjectStatus","viewName":"etm.portal.ui.managecontracts.view.Detail","bindingPath":{"propertyPath":"LINK_TO_LOGISTICAL_STATUS/DESCRIPTION","modelName":"catalogModel"}},"wdio_ui5_key":"etmportal.ui.managecontracts.view.Detailsap.m.ObjectStatus{\"propertyPath\":\"LINK_TO_LOGISTICAL_STATUS/DESCRIPTION\",\"modelName\":\"catalogModel\"}"}]}
COMMAND: GET /session/dbe42a6913d933bf746f002719692f06/screenshot - {}
RESULT: {"script":"<script> [1562 bytes]","args":[{"selector":{"controlType":"sap.m.ObjectStatus","viewName":"etm.portal.ui.managecontracts.view.Detail","bindingPath":{"propertyPath":"LINK_TO_LOGISTICAL_STATUS/DESCRIPTION","modelName":"catalogModel"}},"wdio_ui5_key":"etmportal.ui.managecontracts.view.Detailsap.m.ObjectStatus{\"propertyPath\":\"LINK_TO_LOGISTICAL_STATUS/DESCRIPTION\",\"modelName\":\"catalogModel\"}"}]}
RESULT: undefined
COMMAND: POST /session/dbe42a6913d933bf746f002719692f06/execute/async - {"script":"<script> [6424 bytes]","args":[{"element-6066-11e4-a52e-4f735466cecf":"f.AC1E98235C03768F9F99043C9DF93856.d.9ABD231392131BEF7D503BEBD026F64B.e.7601"},"getText",[]]}
RESULT: {}
RESULT: {"script":"<script> [6424 bytes]","args":[{"element-6066-11e4-a52e-4f735466cecf":"f.AC1E98235C03768F9F99043C9DF93856.d.9ABD231392131BEF7D503BEBD026F64B.e.7601"},"getText",[]]}
]]></system-out>
    </testcase>
    <testcase classname="chrome.136_0_7103_49.windows.Standard_contract_close-reopen_US111278" name="Should reopen the contract" time="10.728">
      <system-out><![CDATA[
COMMAND: POST /session/dbe42a6913d933bf746f002719692f06/execute/async - {"script":"<script> [1562 bytes]","args":[{"selector":{"id":"openContractBtn","viewName":"etm.portal.ui.managecontracts.view.Detail"},"wdio_ui5_key":"openContractBtnetmportal.ui.managecontracts.view.Detail"}]}
RESULT: {"script":"<script> [1562 bytes]","args":[{"selector":{"id":"openContractBtn","viewName":"etm.portal.ui.managecontracts.view.Detail"},"wdio_ui5_key":"openContractBtnetmportal.ui.managecontracts.view.Detail"}]}
RESULT: undefined
COMMAND: POST /session/dbe42a6913d933bf746f002719692f06/execute/async - {"script":"<script> [6424 bytes]","args":[{"element-6066-11e4-a52e-4f735466cecf":"f.AC1E98235C03768F9F99043C9DF93856.d.9ABD231392131BEF7D503BEBD026F64B.e.7593"},"getEnabled",[]]}
RESULT: {"script":"<script> [6424 bytes]","args":[{"element-6066-11e4-a52e-4f735466cecf":"f.AC1E98235C03768F9F99043C9DF93856.d.9ABD231392131BEF7D503BEBD026F64B.e.7593"},"getEnabled",[]]}
COMMAND: POST /session/dbe42a6913d933bf746f002719692f06/element - {"using":"xpath","value":"//bdi[contains(text(), \"Edit\")]"}
RESULT: {"using":"xpath","value":"//bdi[contains(text(), \"Edit\")]"}
COMMAND: POST /session/dbe42a6913d933bf746f002719692f06/element - {"using":"xpath","value":"//bdi[contains(text(), \"Edit\")]"}
RESULT: undefined
COMMAND: POST /session/dbe42a6913d933bf746f002719692f06/element - {"using":"xpath","value":"//*[@id=\"__xmlview64--openContractBtn\"]"}
RESULT: {"using":"xpath","value":"//bdi[contains(text(), \"Edit\")]"}
RESULT: {"using":"xpath","value":"//*[@id=\"__xmlview64--openContractBtn\"]"}
COMMAND: POST /session/dbe42a6913d933bf746f002719692f06/element/f.AC1E98235C03768F9F99043C9DF93856.d.9ABD231392131BEF7D503BEBD026F64B.e.7593/click - {}
RESULT: {}
COMMAND: POST /session/dbe42a6913d933bf746f002719692f06/execute/async - {"script":"<script> [1562 bytes]","args":[{"selector":{"controlType":"sap.m.Text","properties":{"text":"Contract has been reopened successfully"},"searchOpenDialogs":true},"wdio_ui5_key":"sapm.Text{\"text\":\"Contract has been reopened successfully\"}"}]}
COMMAND: GET /session/dbe42a6913d933bf746f002719692f06/screenshot - {}
RESULT: {"script":"<script> [1562 bytes]","args":[{"selector":{"controlType":"sap.m.Text","properties":{"text":"Contract has been reopened successfully"},"searchOpenDialogs":true},"wdio_ui5_key":"sapm.Text{\"text\":\"Contract has been reopened successfully\"}"}]}
RESULT: undefined
COMMAND: POST /session/dbe42a6913d933bf746f002719692f06/execute/async - {"script":"<script> [6424 bytes]","args":[{"element-6066-11e4-a52e-4f735466cecf":"f.AC1E98235C03768F9F99043C9DF93856.d.9ABD231392131BEF7D503BEBD026F64B.e.7603"},"getText",[]]}
RESULT: {}
RESULT: {"script":"<script> [6424 bytes]","args":[{"element-6066-11e4-a52e-4f735466cecf":"f.AC1E98235C03768F9F99043C9DF93856.d.9ABD231392131BEF7D503BEBD026F64B.e.7603"},"getText",[]]}
COMMAND: POST /session/dbe42a6913d933bf746f002719692f06/element - {"using":"xpath","value":"//bdi[contains(text(), \"OK\")]"}
RESULT: {"using":"xpath","value":"//bdi[contains(text(), \"OK\")]"}
COMMAND: POST /session/dbe42a6913d933bf746f002719692f06/element/f.AC1E98235C03768F9F99043C9DF93856.d.9ABD231392131BEF7D503BEBD026F64B.e.7605/click - {}
RESULT: {}
COMMAND: GET /session/dbe42a6913d933bf746f002719692f06/screenshot - {}
RESULT: {}
COMMAND: POST /session/dbe42a6913d933bf746f002719692f06/element - {"using":"xpath","value":"//bdi[contains(text(), \"Edit\")]"}
RESULT: undefined
COMMAND: POST /session/dbe42a6913d933bf746f002719692f06/execute/async - {"script":"<script> [6424 bytes]","args":[{"element-6066-11e4-a52e-4f735466cecf":"f.AC1E98235C03768F9F99043C9DF93856.d.9ABD231392131BEF7D503BEBD026F64B.e.7291"},"getEnabled",[]]}
RESULT: {"using":"xpath","value":"//bdi[contains(text(), \"Edit\")]"}
COMMAND: POST /session/dbe42a6913d933bf746f002719692f06/execute/sync - {"script":"<script> [8489 bytes]","args":[{"element-6066-11e4-a52e-4f735466cecf":"f.AC1E98235C03768F9F99043C9DF93856.d.9ABD231392131BEF7D503BEBD026F64B.e.7606","ELEMENT":"f.AC1E98235C03768F9F99043C9DF93856.d.9ABD231392131BEF7D503BEBD026F64B.e.7606"}]}
COMMAND: POST /session/dbe42a6913d933bf746f002719692f06/execute/async - {"script":"<script> [1562 bytes]","args":[{"selector":{"id":"closeContractBtn","viewName":"etm.portal.ui.managecontracts.view.Detail"},"wdio_ui5_key":"closeContractBtnetmportal.ui.managecontracts.view.Detail"}]}
RESULT: {"script":"<script> [8489 bytes]","args":[{"element-6066-11e4-a52e-4f735466cecf":"f.AC1E98235C03768F9F99043C9DF93856.d.9ABD231392131BEF7D503BEBD026F64B.e.7606","ELEMENT":"f.AC1E98235C03768F9F99043C9DF93856.d.9ABD231392131BEF7D503BEBD026F64B.e.7606"}]}
COMMAND: GET /session/dbe42a6913d933bf746f002719692f06/screenshot - {}
RESULT: {"script":"<script> [1562 bytes]","args":[{"selector":{"id":"closeContractBtn","viewName":"etm.portal.ui.managecontracts.view.Detail"},"wdio_ui5_key":"closeContractBtnetmportal.ui.managecontracts.view.Detail"}]}
COMMAND: POST /session/dbe42a6913d933bf746f002719692f06/execute/async - {"script":"<script> [6424 bytes]","args":[{"element-6066-11e4-a52e-4f735466cecf":"f.AC1E98235C03768F9F99043C9DF93856.d.9ABD231392131BEF7D503BEBD026F64B.e.7607"},"getEnabled",[]]}
RESULT: {}
RESULT: {"script":"<script> [6424 bytes]","args":[{"element-6066-11e4-a52e-4f735466cecf":"f.AC1E98235C03768F9F99043C9DF93856.d.9ABD231392131BEF7D503BEBD026F64B.e.7607"},"getEnabled",[]]}
]]></system-out>
    </testcase>
    <testcase classname="chrome.136_0_7103_49.windows.Standard_contract_close-reopen_US111278" name="Should verify for multiple statuses that open button is not visible" time="76.086">
      <system-out><![CDATA[
COMMAND: POST /session/dbe42a6913d933bf746f002719692f06/execute/async - {"script":"<script> [1562 bytes]","args":[{"selector":{"controlType":"sap.ui.core.Icon","viewName":"etm.portal.ui.managecontracts.view.Detail","properties":{"src":{"regex":{"source":"decline"}}}},"wdio_ui5_key":"etmportal.ui.managecontracts.view.Detailsap.ui.core.Icon{\"src\":{\"regex\":{\"source\":\"decline\"}}}"}]}
RESULT: {"script":"<script> [1562 bytes]","args":[{"selector":{"controlType":"sap.ui.core.Icon","viewName":"etm.portal.ui.managecontracts.view.Detail","properties":{"src":{"regex":{"source":"decline"}}}},"wdio_ui5_key":"etmportal.ui.managecontracts.view.Detailsap.ui.core.Icon{\"src\":{\"regex\":{\"source\":\"decline\"}}}"}]}
RESULT: undefined
COMMAND: POST /session/dbe42a6913d933bf746f002719692f06/element - {"using":"xpath","value":"//*[@id=\"__xmlview64--closeColumnBtn-img\"]"}
RESULT: {"using":"xpath","value":"//*[@id=\"__xmlview64--closeColumnBtn-img\"]"}
COMMAND: POST /session/dbe42a6913d933bf746f002719692f06/element/f.AC1E98235C03768F9F99043C9DF93856.d.9ABD231392131BEF7D503BEBD026F64B.e.7589/click - {}
RESULT: {}
COMMAND: GET /session/dbe42a6913d933bf746f002719692f06/screenshot - {}
RESULT: {}
COMMAND: POST /session/dbe42a6913d933bf746f002719692f06/element - {"using":"xpath","value":"//div[contains(@id ,\"smartContractFilterBar-btnBasicSearch-reset\")]"}
RESULT: {"using":"xpath","value":"//div[contains(@id ,\"smartContractFilterBar-btnBasicSearch-reset\")]"}
COMMAND: POST /session/dbe42a6913d933bf746f002719692f06/element/f.AC1E98235C03768F9F99043C9DF93856.d.9ABD231392131BEF7D503BEBD026F64B.e.7592/click - {}
RESULT: {}
COMMAND: GET /session/dbe42a6913d933bf746f002719692f06/screenshot - {}
RESULT: {}
COMMAND: POST /session/dbe42a6913d933bf746f002719692f06/execute/async - {"script":"<script> [1562 bytes]","args":[{"selector":{"controlType":"sap.ui.core.Icon","viewName":"etm.portal.ui.managecontracts.view.Master","properties":{"src":{"regex":{"source":"slim\\-arrow\\-down"}}},"ancestor":{"id":"smartContractStatusFilter","viewName":"etm.portal.ui.managecontracts.view.Master"}},"wdio_ui5_key":"etmportal.ui.managecontracts.view.Mastersap.ui.core.Icon{\"src\":{\"regex\":{\"source\":\"slim\\\\-arrow\\\\-down\"}}}{\"id\":\"smartContractStatusFilter\",\"viewName\":\"etm.portal.ui.managecontracts.view.Master\"}"}]}
RESULT: {"script":"<script> [1562 bytes]","args":[{"selector":{"controlType":"sap.ui.core.Icon","viewName":"etm.portal.ui.managecontracts.view.Master","properties":{"src":{"regex":{"source":"slim\\-arrow\\-down"}}},"ancestor":{"id":"smartContractStatusFilter","viewName":"etm.portal.ui.managecontracts.view.Master"}},"wdio_ui5_key":"etmportal.ui.managecontracts.view.Mastersap.ui.core.Icon{\"src\":{\"regex\":{\"source\":\"slim\\\\-arrow\\\\-down\"}}}{\"id\":\"smartContractStatusFilter\",\"viewName\":\"etm.portal.ui.managecontracts.view.Master\"}"}]}
RESULT: undefined
COMMAND: POST /session/dbe42a6913d933bf746f002719692f06/element - {"using":"xpath","value":"//*[@id=\"__xmlview63--smartContractStatusFilter-arrow\"]"}
RESULT: {"using":"xpath","value":"//*[@id=\"__xmlview63--smartContractStatusFilter-arrow\"]"}
COMMAND: POST /session/dbe42a6913d933bf746f002719692f06/element/f.AC1E98235C03768F9F99043C9DF93856.d.9ABD231392131BEF7D503BEBD026F64B.e.7651/click - {}
RESULT: {}
COMMAND: POST /session/dbe42a6913d933bf746f002719692f06/execute/async - {"script":"<script> [1562 bytes]","args":[{"selector":{"controlType":"sap.m.CheckBox","viewName":"etm.portal.ui.managecontracts.view.Master","properties":{"editable":true},"searchOpenDialogs":true,"ancestor":{"controlType":"sap.m.StandardListItem","viewName":"etm.portal.ui.managecontracts.view.Master","properties":{"title":"partial provided"},"searchOpenDialogs":true},"interaction":{"idSuffix":"CbBg"}},"wdio_ui5_key":"etmportal.ui.managecontracts.view.Mastersap.m.CheckBox{\"editable\":true}{\"controlType\":\"sap.m.StandardListItem\",\"viewName\":\"etm.portal.ui.managecontracts.view.Master\",\"properties\":{\"title\":\"partial provided\"},\"searchOpenDialogs\":true}"}]}
COMMAND: GET /session/dbe42a6913d933bf746f002719692f06/screenshot - {}
RESULT: {"script":"<script> [1562 bytes]","args":[{"selector":{"controlType":"sap.m.CheckBox","viewName":"etm.portal.ui.managecontracts.view.Master","properties":{"editable":true},"searchOpenDialogs":true,"ancestor":{"controlType":"sap.m.StandardListItem","viewName":"etm.portal.ui.managecontracts.view.Master","properties":{"title":"partial provided"},"searchOpenDialogs":true},"interaction":{"idSuffix":"CbBg"}},"wdio_ui5_key":"etmportal.ui.managecontracts.view.Mastersap.m.CheckBox{\"editable\":true}{\"controlType\":\"sap.m.StandardListItem\",\"viewName\":\"etm.portal.ui.managecontracts.view.Master\",\"properties\":{\"title\":\"partial provided\"},\"searchOpenDialogs\":true}"}]}
RESULT: undefined
COMMAND: POST /session/dbe42a6913d933bf746f002719692f06/element - {"using":"xpath","value":"//*[@id=\"__item797-selectMulti\"]"}
RESULT: {}
RESULT: {"using":"xpath","value":"//*[@id=\"__item797-selectMulti\"]"}
COMMAND: POST /session/dbe42a6913d933bf746f002719692f06/element/f.AC1E98235C03768F9F99043C9DF93856.d.9ABD231392131BEF7D503BEBD026F64B.e.7660/click - {}
RESULT: {}
COMMAND: GET /session/dbe42a6913d933bf746f002719692f06/screenshot - {}
RESULT: {}
COMMAND: POST /session/dbe42a6913d933bf746f002719692f06/element - {"using":"xpath","value":"(//span[contains(@title ,\"Navigation\")])[2]"}
RESULT: {"using":"xpath","value":"(//span[contains(@title ,\"Navigation\")])[2]"}
COMMAND: POST /session/dbe42a6913d933bf746f002719692f06/element/f.AC1E98235C03768F9F99043C9DF93856.d.9ABD231392131BEF7D503BEBD026F64B.e.7689/click - {}
RESULT: {}
COMMAND: GET /session/dbe42a6913d933bf746f002719692f06/screenshot - {}
RESULT: {}
COMMAND: POST /session/dbe42a6913d933bf746f002719692f06/element - {"using":"xpath","value":"//bdi[contains(@id ,\"closeContractBtn-BDI-content\")]"}
RESULT: {"using":"xpath","value":"//bdi[contains(@id ,\"closeContractBtn-BDI-content\")]"}
COMMAND: POST /session/dbe42a6913d933bf746f002719692f06/execute/sync - {"script":"<script> [8489 bytes]","args":[{"element-6066-11e4-a52e-4f735466cecf":"f.AC1E98235C03768F9F99043C9DF93856.d.9ABD231392131BEF7D503BEBD026F64B.e.7875","ELEMENT":"f.AC1E98235C03768F9F99043C9DF93856.d.9ABD231392131BEF7D503BEBD026F64B.e.7875"}]}
RESULT: undefined
COMMAND: POST /session/dbe42a6913d933bf746f002719692f06/element - {"using":"xpath","value":"//*[@id=\"__xmlview64--closeColumnBtn-img\"]"}
RESULT: {"script":"<script> [8489 bytes]","args":[{"element-6066-11e4-a52e-4f735466cecf":"f.AC1E98235C03768F9F99043C9DF93856.d.9ABD231392131BEF7D503BEBD026F64B.e.7875","ELEMENT":"f.AC1E98235C03768F9F99043C9DF93856.d.9ABD231392131BEF7D503BEBD026F64B.e.7875"}]}
COMMAND: GET /session/dbe42a6913d933bf746f002719692f06/screenshot - {}
RESULT: {"using":"xpath","value":"//*[@id=\"__xmlview64--closeColumnBtn-img\"]"}
COMMAND: POST /session/dbe42a6913d933bf746f002719692f06/element/f.AC1E98235C03768F9F99043C9DF93856.d.9ABD231392131BEF7D503BEBD026F64B.e.7589/click - {}
COMMAND: POST /session/dbe42a6913d933bf746f002719692f06/execute/sync - {"script":"<script> [8489 bytes]","args":[{"element-6066-11e4-a52e-4f735466cecf":"f.AC1E98235C03768F9F99043C9DF93856.d.9ABD231392131BEF7D503BEBD026F64B.e.7875","ELEMENT":"f.AC1E98235C03768F9F99043C9DF93856.d.9ABD231392131BEF7D503BEBD026F64B.e.7875"}]}
RESULT: {}
RESULT: {}
COMMAND: GET /session/dbe42a6913d933bf746f002719692f06/screenshot - {}
RESULT: {"script":"<script> [8489 bytes]","args":[{"element-6066-11e4-a52e-4f735466cecf":"f.AC1E98235C03768F9F99043C9DF93856.d.9ABD231392131BEF7D503BEBD026F64B.e.7875","ELEMENT":"f.AC1E98235C03768F9F99043C9DF93856.d.9ABD231392131BEF7D503BEBD026F64B.e.7875"}]}
COMMAND: GET /session/dbe42a6913d933bf746f002719692f06/screenshot - {}
COMMAND: POST /session/dbe42a6913d933bf746f002719692f06/execute/sync - {"script":"<script> [8489 bytes]","args":[{"element-6066-11e4-a52e-4f735466cecf":"f.AC1E98235C03768F9F99043C9DF93856.d.9ABD231392131BEF7D503BEBD026F64B.e.7875","ELEMENT":"f.AC1E98235C03768F9F99043C9DF93856.d.9ABD231392131BEF7D503BEBD026F64B.e.7875"}]}
COMMAND: POST /session/dbe42a6913d933bf746f002719692f06/refresh - {}
RESULT: {}
RESULT: {}
RESULT: {"script":"<script> [8489 bytes]","args":[{"element-6066-11e4-a52e-4f735466cecf":"f.AC1E98235C03768F9F99043C9DF93856.d.9ABD231392131BEF7D503BEBD026F64B.e.7875","ELEMENT":"f.AC1E98235C03768F9F99043C9DF93856.d.9ABD231392131BEF7D503BEBD026F64B.e.7875"}]}
COMMAND: GET /session/dbe42a6913d933bf746f002719692f06/screenshot - {}
RESULT: {}
COMMAND: GET /session/dbe42a6913d933bf746f002719692f06/screenshot - {}
RESULT: {}
RESULT: {}
COMMAND: POST /session/dbe42a6913d933bf746f002719692f06/execute/async - {"script":"<script> [189 bytes]","args":[]}
RESULT: {"script":"<script> [189 bytes]","args":[]}
COMMAND: POST /session/dbe42a6913d933bf746f002719692f06/execute/async - {"script":"<script> [123 bytes]","args":[]}
RESULT: {"script":"<script> [123 bytes]","args":[]}
COMMAND: POST /session/dbe42a6913d933bf746f002719692f06/timeouts - {"script":"<number>"}
RESULT: {"script":"<number>"}
COMMAND: GET /session/dbe42a6913d933bf746f002719692f06/timeouts - {}
RESULT: {}
RESULT: undefined
COMMAND: POST /session/dbe42a6913d933bf746f002719692f06/execute/async - {"script":"<script> [2676 bytes]","args":[]}
RESULT: {"script":"<script> [2676 bytes]","args":[]}
COMMAND: POST /session/dbe42a6913d933bf746f002719692f06/execute/async - {"script":"<script> [2342 bytes]","args":[{"protocol":"http","hostname":"0.0.0.0","path":"/","capabilities":{"browserName":"chrome","goog:chromeOptions":{"binary":"C:\\Program Files\\Google\\Chrome\\Application\\chrome.exe","args":["--start-maximized"]}},"logLevel":"warn","connectionRetryTimeout":120000,"connectionRetryCount":3,"logLevels":{},"enableDirectConnect":true,"strictSSL":true,"_":"65 more keys: [\"cacheDir\",\"port\",\"requestedCapabilities\",\"automationProtocol\",\"baseUrl\",\"waitforInterval\",\"waitforTimeout\",\"onReload\",\"beforeCommand\",\"afterCommand\",\"rootDir\",\"specs\",\"suites\",\"exclude\",\"groupLogsByTestSpec\",\"excludeDriverLogs\",\"bail\",\"framework\",\"reporters\",\"services\",\"maxInstances\",\"maxInstancesPerCapability\",\"injectGlobals\",\"filesToWatch\",\"execArgv\",\"runnerEnv\",\"runner\",\"shard\",\"specFileRetries\",\"specFileRetriesDelay\",\"specFileRetriesDeferred\",\"reporterSyncInterval\",\"reporterSyncTimeout\",\"cucumberFeaturesWithLineNumbers\",\"autoCompileOpts\",\"mochaOpts\",\"jasmineOpts\",\"cucumberOpts\",\"onPrepare\",\"onWorkerStart\",\"onWorkerEnd\",\"before\",\"beforeSession\",\"beforeSuite\",\"beforeHook\",\"beforeTest\",\"afterTest\",\"afterHook\",\"afterSuite\",\"afterSession\",\"after\",\"onComplete\",\"beforeAssertion\",\"afterAssertion\",\"beforeFeature\",\"beforeScenario\",\"beforeStep\",\"afterStep\",\"afterScenario\",\"afterFeature\",\"_\",\"suite\",\"$0\",\"ignoredWorkerServices\",\"wdi5\"]"}]}
RESULT: {"script":"<script> [2342 bytes]","args":[{"protocol":"http","hostname":"0.0.0.0","path":"/","capabilities":{"browserName":"chrome","goog:chromeOptions":{"binary":"C:\\Program Files\\Google\\Chrome\\Application\\chrome.exe","args":["--start-maximized"]}},"logLevel":"warn","connectionRetryTimeout":120000,"connectionRetryCount":3,"logLevels":{},"enableDirectConnect":true,"strictSSL":true,"_":"65 more keys: [\"cacheDir\",\"port\",\"requestedCapabilities\",\"automationProtocol\",\"baseUrl\",\"waitforInterval\",\"waitforTimeout\",\"onReload\",\"beforeCommand\",\"afterCommand\",\"rootDir\",\"specs\",\"suites\",\"exclude\",\"groupLogsByTestSpec\",\"excludeDriverLogs\",\"bail\",\"framework\",\"reporters\",\"services\",\"maxInstances\",\"maxInstancesPerCapability\",\"injectGlobals\",\"filesToWatch\",\"execArgv\",\"runnerEnv\",\"runner\",\"shard\",\"specFileRetries\",\"specFileRetriesDelay\",\"specFileRetriesDeferred\",\"reporterSyncInterval\",\"reporterSyncTimeout\",\"cucumberFeaturesWithLineNumbers\",\"autoCompileOpts\",\"mochaOpts\",\"jasmineOpts\",\"cucumberOpts\",\"onPrepare\",\"onWorkerStart\",\"onWorkerEnd\",\"before\",\"beforeSession\",\"beforeSuite\",\"beforeHook\",\"beforeTest\",\"afterTest\",\"afterHook\",\"afterSuite\",\"afterSession\",\"after\",\"onComplete\",\"beforeAssertion\",\"afterAssertion\",\"beforeFeature\",\"beforeScenario\",\"beforeStep\",\"afterStep\",\"afterScenario\",\"afterFeature\",\"_\",\"suite\",\"$0\",\"ignoredWorkerServices\",\"wdi5\"]"}]}
COMMAND: POST /session/dbe42a6913d933bf746f002719692f06/execute/async - {"script":"<script> [21126 bytes]","args":[35000]}
RESULT: {"script":"<script> [21126 bytes]","args":[35000]}
COMMAND: POST /session/dbe42a6913d933bf746f002719692f06/execute/async - {"script":"<script> [1562 bytes]","args":[{"selector":{"controlType":"sap.ui.core.Icon","viewName":"etm.portal.ui.managecontracts.view.Master","properties":{"src":{"regex":{"source":"slim\\-arrow\\-down"}}},"ancestor":{"id":"smartContractStatusFilter","viewName":"etm.portal.ui.managecontracts.view.Master"}},"wdio_ui5_key":"etmportal.ui.managecontracts.view.Mastersap.ui.core.Icon{\"src\":{\"regex\":{\"source\":\"slim\\\\-arrow\\\\-down\"}}}{\"id\":\"smartContractStatusFilter\",\"viewName\":\"etm.portal.ui.managecontracts.view.Master\"}"}]}
RESULT: {"script":"<script> [1562 bytes]","args":[{"selector":{"controlType":"sap.ui.core.Icon","viewName":"etm.portal.ui.managecontracts.view.Master","properties":{"src":{"regex":{"source":"slim\\-arrow\\-down"}}},"ancestor":{"id":"smartContractStatusFilter","viewName":"etm.portal.ui.managecontracts.view.Master"}},"wdio_ui5_key":"etmportal.ui.managecontracts.view.Mastersap.ui.core.Icon{\"src\":{\"regex\":{\"source\":\"slim\\\\-arrow\\\\-down\"}}}{\"id\":\"smartContractStatusFilter\",\"viewName\":\"etm.portal.ui.managecontracts.view.Master\"}"}]}
RESULT: undefined
COMMAND: POST /session/dbe42a6913d933bf746f002719692f06/element - {"using":"xpath","value":"//*[@id=\"__xmlview0--smartContractStatusFilter-arrow\"]"}
RESULT: {"using":"xpath","value":"//*[@id=\"__xmlview0--smartContractStatusFilter-arrow\"]"}
COMMAND: POST /session/dbe42a6913d933bf746f002719692f06/element/f.AC1E98235C03768F9F99043C9DF93856.d.C5992E30B5BC37DB469CCF110FE9F37D.e.8072/click - {}
RESULT: {}
COMMAND: GET /session/dbe42a6913d933bf746f002719692f06/screenshot - {}
RESULT: {}
COMMAND: POST /session/dbe42a6913d933bf746f002719692f06/execute/async - {"script":"<script> [1562 bytes]","args":[{"selector":{"controlType":"sap.m.CheckBox","viewName":"etm.portal.ui.managecontracts.view.Master","properties":{"editable":true},"searchOpenDialogs":true,"ancestor":{"controlType":"sap.m.StandardListItem","viewName":"etm.portal.ui.managecontracts.view.Master","properties":{"title":"partial billed"},"searchOpenDialogs":true},"interaction":{"idSuffix":"CbBg"}},"wdio_ui5_key":"etmportal.ui.managecontracts.view.Mastersap.m.CheckBox{\"editable\":true}{\"controlType\":\"sap.m.StandardListItem\",\"viewName\":\"etm.portal.ui.managecontracts.view.Master\",\"properties\":{\"title\":\"partial billed\"},\"searchOpenDialogs\":true}"}]}
RESULT: {"script":"<script> [1562 bytes]","args":[{"selector":{"controlType":"sap.m.CheckBox","viewName":"etm.portal.ui.managecontracts.view.Master","properties":{"editable":true},"searchOpenDialogs":true,"ancestor":{"controlType":"sap.m.StandardListItem","viewName":"etm.portal.ui.managecontracts.view.Master","properties":{"title":"partial billed"},"searchOpenDialogs":true},"interaction":{"idSuffix":"CbBg"}},"wdio_ui5_key":"etmportal.ui.managecontracts.view.Mastersap.m.CheckBox{\"editable\":true}{\"controlType\":\"sap.m.StandardListItem\",\"viewName\":\"etm.portal.ui.managecontracts.view.Master\",\"properties\":{\"title\":\"partial billed\"},\"searchOpenDialogs\":true}"}]}
RESULT: undefined
COMMAND: POST /session/dbe42a6913d933bf746f002719692f06/element - {"using":"xpath","value":"//*[@id=\"__item41-selectMulti\"]"}
RESULT: {"using":"xpath","value":"//*[@id=\"__item41-selectMulti\"]"}
COMMAND: POST /session/dbe42a6913d933bf746f002719692f06/element/f.AC1E98235C03768F9F99043C9DF93856.d.C5992E30B5BC37DB469CCF110FE9F37D.e.8081/click - {}
RESULT: {}
COMMAND: GET /session/dbe42a6913d933bf746f002719692f06/screenshot - {}
RESULT: {}
COMMAND: POST /session/dbe42a6913d933bf746f002719692f06/element - {"using":"xpath","value":"(//span[contains(@title ,\"Navigation\")])[2]"}
RESULT: {"using":"xpath","value":"(//span[contains(@title ,\"Navigation\")])[2]"}
COMMAND: POST /session/dbe42a6913d933bf746f002719692f06/element/f.AC1E98235C03768F9F99043C9DF93856.d.C5992E30B5BC37DB469CCF110FE9F37D.e.8113/click - {}
RESULT: {}
COMMAND: GET /session/dbe42a6913d933bf746f002719692f06/screenshot - {}
RESULT: {}
COMMAND: POST /session/dbe42a6913d933bf746f002719692f06/execute/sync - {"script":"<script> [8489 bytes]","args":[{"element-6066-11e4-a52e-4f735466cecf":"f.AC1E98235C03768F9F99043C9DF93856.d.9ABD231392131BEF7D503BEBD026F64B.e.7875","ELEMENT":"f.AC1E98235C03768F9F99043C9DF93856.d.9ABD231392131BEF7D503BEBD026F64B.e.7875"}]}
COMMAND: POST /session/dbe42a6913d933bf746f002719692f06/element - {"using":"css selector","value":"#shell-header-logo"}
COMMAND: POST /session/dbe42a6913d933bf746f002719692f06/element - {"using":"xpath","value":"//bdi[contains(@id ,\"closeContractBtn-BDI-content\")]"}
RESULT: {"using":"css selector","value":"#shell-header-logo"}
COMMAND: POST /session/dbe42a6913d933bf746f002719692f06/element/f.AC1E98235C03768F9F99043C9DF93856.d.C5992E30B5BC37DB469CCF110FE9F37D.e.8031/click - {}
RESULT: {"using":"xpath","value":"//bdi[contains(@id ,\"closeContractBtn-BDI-content\")]"}
COMMAND: POST /session/dbe42a6913d933bf746f002719692f06/element - {"using":"xpath","value":"//bdi[contains(@id ,\"closeContractBtn-BDI-content\")]"}
RESULT: {}
COMMAND: GET /session/dbe42a6913d933bf746f002719692f06/screenshot - {}
RESULT: {"using":"xpath","value":"//bdi[contains(@id ,\"closeContractBtn-BDI-content\")]"}
RESULT: {}
]]></system-out>
    </testcase>
  </testsuite>
  <testsuite timestamp="2025-05-13T18:15:10" time="57.712" tests="1" failures="0" errors="0" skipped="0">
    <properties>
      <property name="specId" value="0" />
      <property name="suiteName" value="Standard contract decline US151279" />
      <property name="capabilities" value="chrome.136_0_7103_49.windows" />
      <property name="file" value="file:///D:/a/1/s/test/specs/R2C/standard-contract-decline.spec.js" />
    </properties>
    <testcase classname="chrome.136_0_7103_49.windows.Standard_contract_decline_US151279" name="Should decline a contract" time="54.024">
      <system-out><![CDATA[
COMMAND: POST /session/dbe42a6913d933bf746f002719692f06/execute/async - {"script":"<script> [1562 bytes]","args":[{"selector":{"controlType":"sap.m.GenericTile","properties":{"header":"Manage Contracts"}},"wdio_ui5_key":"sapm.GenericTile{\"header\":\"Manage Contracts\"}"}]}
RESULT: {"script":"<script> [1562 bytes]","args":[{"selector":{"controlType":"sap.m.GenericTile","properties":{"header":"Manage Contracts"}},"wdio_ui5_key":"sapm.GenericTile{\"header\":\"Manage Contracts\"}"}]}
RESULT: undefined
COMMAND: POST /session/dbe42a6913d933bf746f002719692f06/element - {"using":"xpath","value":"//*[@id=\"__tile132\"]"}
RESULT: {"using":"xpath","value":"//*[@id=\"__tile132\"]"}
COMMAND: POST /session/dbe42a6913d933bf746f002719692f06/element/f.AC1E98235C03768F9F99043C9DF93856.d.C5992E30B5BC37DB469CCF110FE9F37D.e.8387/click - {}
RESULT: {}
COMMAND: GET /session/dbe42a6913d933bf746f002719692f06/screenshot - {}
RESULT: {}
COMMAND: POST /session/dbe42a6913d933bf746f002719692f06/element - {"using":"xpath","value":"//input[contains(@id ,\"smartContractFilterBar-btnBasicSearch-I\")]"}
COMMAND: POST /session/dbe42a6913d933bf746f002719692f06/elements - {"using":"xpath","value":"//span[text()='Error']"}
RESULT: {"using":"xpath","value":"//input[contains(@id ,\"smartContractFilterBar-btnBasicSearch-I\")]"}
COMMAND: POST /session/dbe42a6913d933bf746f002719692f06/element/f.AC1E98235C03768F9F99043C9DF93856.d.C5992E30B5BC37DB469CCF110FE9F37D.e.8398/clear - {}
RESULT: {"using":"xpath","value":"//span[text()='Error']"}
RESULT: {}
COMMAND: POST /session/dbe42a6913d933bf746f002719692f06/element/f.AC1E98235C03768F9F99043C9DF93856.d.C5992E30B5BC37DB469CCF110FE9F37D.e.8398/value - {"text":"10139"}
COMMAND: GET /session/dbe42a6913d933bf746f002719692f06/screenshot - {}
RESULT: {"text":"10139"}
COMMAND: POST /session/dbe42a6913d933bf746f002719692f06/actions - {"actions":[{"id":"action43","type":"key","parameters":{},"actions":[{"type":"keyDown","value":"î€‡"},{"type":"pause","duration":10},{"type":"keyUp","value":"î€‡"}]}]}
COMMAND: GET /session/dbe42a6913d933bf746f002719692f06/screenshot - {}
RESULT: {}
RESULT: {"actions":[{"id":"action43","type":"key","parameters":{},"actions":[{"type":"keyDown","value":"î€‡"},{"type":"pause","duration":10},{"type":"keyUp","value":"î€‡"}]}]}
COMMAND: GET /session/dbe42a6913d933bf746f002719692f06/screenshot - {}
RESULT: {}
RESULT: {}
COMMAND: POST /session/dbe42a6913d933bf746f002719692f06/execute/async - {"script":"<script> [1562 bytes]","args":[{"selector":{"controlType":"sap.ui.core.Icon","viewName":"etm.portal.ui.managecontracts.view.Master","properties":{"src":{"regex":{"source":"slim\\-arrow\\-right"}}}},"wdio_ui5_key":"etmportal.ui.managecontracts.view.Mastersap.ui.core.Icon{\"src\":{\"regex\":{\"source\":\"slim\\\\-arrow\\\\-right\"}}}"}]}
RESULT: {"script":"<script> [1562 bytes]","args":[{"selector":{"controlType":"sap.ui.core.Icon","viewName":"etm.portal.ui.managecontracts.view.Master","properties":{"src":{"regex":{"source":"slim\\-arrow\\-right"}}}},"wdio_ui5_key":"etmportal.ui.managecontracts.view.Mastersap.ui.core.Icon{\"src\":{\"regex\":{\"source\":\"slim\\\\-arrow\\\\-right\"}}}"}]}
RESULT: undefined
COMMAND: POST /session/dbe42a6913d933bf746f002719692f06/element - {"using":"xpath","value":"//*[@id=\"__item77-__clone192-imgNav\"]"}
RESULT: {"using":"xpath","value":"//*[@id=\"__item77-__clone192-imgNav\"]"}
COMMAND: POST /session/dbe42a6913d933bf746f002719692f06/element/f.AC1E98235C03768F9F99043C9DF93856.d.C5992E30B5BC37DB469CCF110FE9F37D.e.8489/click - {}
RESULT: {}
COMMAND: GET /session/dbe42a6913d933bf746f002719692f06/screenshot - {}
RESULT: {}
COMMAND: POST /session/dbe42a6913d933bf746f002719692f06/execute/async - {"script":"<script> [1562 bytes]","args":[{"selector":{"id":"cancelContractBtn","viewName":"etm.portal.ui.managecontracts.view.Detail","interaction":{"idSuffix":"BDI-content"}},"wdio_ui5_key":"cancelContractBtnetmportal.ui.managecontracts.view.Detail"}]}
RESULT: {"script":"<script> [1562 bytes]","args":[{"selector":{"id":"cancelContractBtn","viewName":"etm.portal.ui.managecontracts.view.Detail","interaction":{"idSuffix":"BDI-content"}},"wdio_ui5_key":"cancelContractBtnetmportal.ui.managecontracts.view.Detail"}]}
RESULT: undefined
COMMAND: POST /session/dbe42a6913d933bf746f002719692f06/element - {"using":"xpath","value":"//*[@id=\"__xmlview61--cancelContractBtn\"]"}
RESULT: {"using":"xpath","value":"//*[@id=\"__xmlview61--cancelContractBtn\"]"}
COMMAND: POST /session/dbe42a6913d933bf746f002719692f06/element/f.AC1E98235C03768F9F99043C9DF93856.d.C5992E30B5BC37DB469CCF110FE9F37D.e.8563/click - {}
RESULT: {}
COMMAND: GET /session/dbe42a6913d933bf746f002719692f06/screenshot - {}
RESULT: {}
COMMAND: POST /session/dbe42a6913d933bf746f002719692f06/execute/async - {"script":"<script> [1562 bytes]","args":[{"selector":{"controlType":"sap.m.Text","properties":{"text":"Do you want to cancel the whole contract?"},"searchOpenDialogs":true},"wdio_ui5_key":"sapm.Text{\"text\":\"Do you want to cancel the whole contract?\"}"}]}
RESULT: {"script":"<script> [1562 bytes]","args":[{"selector":{"controlType":"sap.m.Text","properties":{"text":"Do you want to cancel the whole contract?"},"searchOpenDialogs":true},"wdio_ui5_key":"sapm.Text{\"text\":\"Do you want to cancel the whole contract?\"}"}]}
RESULT: undefined
COMMAND: POST /session/dbe42a6913d933bf746f002719692f06/execute/async - {"script":"<script> [6424 bytes]","args":[{"element-6066-11e4-a52e-4f735466cecf":"f.AC1E98235C03768F9F99043C9DF93856.d.C5992E30B5BC37DB469CCF110FE9F37D.e.8619"},"getText",[]]}
RESULT: {"script":"<script> [6424 bytes]","args":[{"element-6066-11e4-a52e-4f735466cecf":"f.AC1E98235C03768F9F99043C9DF93856.d.C5992E30B5BC37DB469CCF110FE9F37D.e.8619"},"getText",[]]}
COMMAND: POST /session/dbe42a6913d933bf746f002719692f06/element - {"using":"xpath","value":"//bdi[contains(text(), \"OK\")]"}
RESULT: {"using":"xpath","value":"//bdi[contains(text(), \"OK\")]"}
COMMAND: POST /session/dbe42a6913d933bf746f002719692f06/element/f.AC1E98235C03768F9F99043C9DF93856.d.C5992E30B5BC37DB469CCF110FE9F37D.e.8620/click - {}
RESULT: {}
COMMAND: GET /session/dbe42a6913d933bf746f002719692f06/screenshot - {}
RESULT: {}
COMMAND: POST /session/dbe42a6913d933bf746f002719692f06/element - {"using":"xpath","value":"//input[contains(@id ,\"smartContractFilterBar-btnBasicSearch-I\")]"}
RESULT: {"using":"xpath","value":"//input[contains(@id ,\"smartContractFilterBar-btnBasicSearch-I\")]"}
COMMAND: POST /session/dbe42a6913d933bf746f002719692f06/element/f.AC1E98235C03768F9F99043C9DF93856.d.C5992E30B5BC37DB469CCF110FE9F37D.e.8398/clear - {}
RESULT: {}
COMMAND: POST /session/dbe42a6913d933bf746f002719692f06/element/f.AC1E98235C03768F9F99043C9DF93856.d.C5992E30B5BC37DB469CCF110FE9F37D.e.8398/value - {"text":"10139"}
COMMAND: GET /session/dbe42a6913d933bf746f002719692f06/screenshot - {}
RESULT: {"text":"10139"}
COMMAND: POST /session/dbe42a6913d933bf746f002719692f06/actions - {"actions":[{"id":"action44","type":"key","parameters":{},"actions":[{"type":"keyDown","value":"î€‡"},{"type":"pause","duration":10},{"type":"keyUp","value":"î€‡"}]}]}
COMMAND: GET /session/dbe42a6913d933bf746f002719692f06/screenshot - {}
RESULT: {}
RESULT: {"actions":[{"id":"action44","type":"key","parameters":{},"actions":[{"type":"keyDown","value":"î€‡"},{"type":"pause","duration":10},{"type":"keyUp","value":"î€‡"}]}]}
COMMAND: GET /session/dbe42a6913d933bf746f002719692f06/screenshot - {}
RESULT: {}
RESULT: {}
COMMAND: POST /session/dbe42a6913d933bf746f002719692f06/execute/async - {"script":"<script> [1562 bytes]","args":[{"selector":{"controlType":"sap.m.ObjectStatus","viewName":"etm.portal.ui.managecontracts.view.Master","bindingPath":{"path":"/SmartContractHeaders('10139')","propertyPath":"STATUS_DESCRIPTION"}},"wdio_ui5_key":"etmportal.ui.managecontracts.view.Mastersap.m.ObjectStatus{\"path\":\"/SmartContractHeaders('10139')\",\"propertyPath\":\"STATUS_DESCRIPTION\"}"}]}
RESULT: {"script":"<script> [1562 bytes]","args":[{"selector":{"controlType":"sap.m.ObjectStatus","viewName":"etm.portal.ui.managecontracts.view.Master","bindingPath":{"path":"/SmartContractHeaders('10139')","propertyPath":"STATUS_DESCRIPTION"}},"wdio_ui5_key":"etmportal.ui.managecontracts.view.Mastersap.m.ObjectStatus{\"path\":\"/SmartContractHeaders('10139')\",\"propertyPath\":\"STATUS_DESCRIPTION\"}"}]}
RESULT: undefined
COMMAND: POST /session/dbe42a6913d933bf746f002719692f06/execute/async - {"script":"<script> [6424 bytes]","args":[{"element-6066-11e4-a52e-4f735466cecf":"f.AC1E98235C03768F9F99043C9DF93856.d.C5992E30B5BC37DB469CCF110FE9F37D.e.8682"},"getText",[]]}
RESULT: {"script":"<script> [6424 bytes]","args":[{"element-6066-11e4-a52e-4f735466cecf":"f.AC1E98235C03768F9F99043C9DF93856.d.C5992E30B5BC37DB469CCF110FE9F37D.e.8682"},"getText",[]]}
RESULT: undefined
COMMAND: POST /session/dbe42a6913d933bf746f002719692f06/element - {"using":"xpath","value":"//*[@id=\"__item77-__clone192-imgNav\"]"}
RESULT: {"using":"xpath","value":"//*[@id=\"__item77-__clone192-imgNav\"]"}
COMMAND: POST /session/dbe42a6913d933bf746f002719692f06/element/f.AC1E98235C03768F9F99043C9DF93856.d.C5992E30B5BC37DB469CCF110FE9F37D.e.8489/click - {}
RESULT: {}
COMMAND: GET /session/dbe42a6913d933bf746f002719692f06/screenshot - {}
RESULT: {}
COMMAND: POST /session/dbe42a6913d933bf746f002719692f06/execute/async - {"script":"<script> [1562 bytes]","args":[{"selector":{"controlType":"sap.m.ObjectStatus","viewName":"etm.portal.ui.managecontracts.view.Detail","bindingPath":{"path":"/SmartContractItems(CONTRACT='10139',ITEM=10m,SUB_ITEM=0m)","propertyPath":"STATUS"}},"wdio_ui5_key":"etmportal.ui.managecontracts.view.Detailsap.m.ObjectStatus{\"path\":\"/SmartContractItems(CONTRACT='10139',ITEM=10m,SUB_ITEM=0m)\",\"propertyPath\":\"STATUS\"}"}]}
RESULT: {"script":"<script> [1562 bytes]","args":[{"selector":{"controlType":"sap.m.ObjectStatus","viewName":"etm.portal.ui.managecontracts.view.Detail","bindingPath":{"path":"/SmartContractItems(CONTRACT='10139',ITEM=10m,SUB_ITEM=0m)","propertyPath":"STATUS"}},"wdio_ui5_key":"etmportal.ui.managecontracts.view.Detailsap.m.ObjectStatus{\"path\":\"/SmartContractItems(CONTRACT='10139',ITEM=10m,SUB_ITEM=0m)\",\"propertyPath\":\"STATUS\"}"}]}
RESULT: undefined
COMMAND: POST /session/dbe42a6913d933bf746f002719692f06/execute/async - {"script":"<script> [6424 bytes]","args":[{"element-6066-11e4-a52e-4f735466cecf":"f.AC1E98235C03768F9F99043C9DF93856.d.C5992E30B5BC37DB469CCF110FE9F37D.e.8703"},"getText",[]]}
RESULT: {"script":"<script> [6424 bytes]","args":[{"element-6066-11e4-a52e-4f735466cecf":"f.AC1E98235C03768F9F99043C9DF93856.d.C5992E30B5BC37DB469CCF110FE9F37D.e.8703"},"getText",[]]}
COMMAND: POST /session/dbe42a6913d933bf746f002719692f06/element - {"using":"css selector","value":"#shell-header-logo"}
RESULT: {"using":"css selector","value":"#shell-header-logo"}
COMMAND: POST /session/dbe42a6913d933bf746f002719692f06/element/f.AC1E98235C03768F9F99043C9DF93856.d.C5992E30B5BC37DB469CCF110FE9F37D.e.8389/click - {}
RESULT: {}
COMMAND: GET /session/dbe42a6913d933bf746f002719692f06/screenshot - {}
RESULT: {}
]]></system-out>
    </testcase>
  </testsuite>
  <testsuite timestamp="2025-05-13T18:16:08" time="181.029" tests="2" failures="0" errors="0" skipped="0">
    <properties>
      <property name="specId" value="0" />
      <property name="suiteName" value="Insert service into a contract US152956" />
      <property name="capabilities" value="chrome.136_0_7103_49.windows" />
      <property name="file" value="file:///D:/a/1/s/test/specs/R2C/insert-service-into-a-contract.spec.js" />
    </properties>
    <testcase classname="chrome.136_0_7103_49.windows.Insert_service_into_a_contract_US152956" name="Should create a new contract" time="95.89">
      <system-out><![CDATA[
RESULT: undefined
COMMAND: POST /session/dbe42a6913d933bf746f002719692f06/element - {"using":"xpath","value":"//*[@id=\"__tile132\"]"}
RESULT: {"using":"xpath","value":"//*[@id=\"__tile132\"]"}
COMMAND: POST /session/dbe42a6913d933bf746f002719692f06/element/f.AC1E98235C03768F9F99043C9DF93856.d.C5992E30B5BC37DB469CCF110FE9F37D.e.8387/click - {}
RESULT: {}
COMMAND: GET /session/dbe42a6913d933bf746f002719692f06/screenshot - {}
RESULT: {}
COMMAND: POST /session/dbe42a6913d933bf746f002719692f06/elements - {"using":"xpath","value":"//span[text()='Error']"}
RESULT: {"using":"xpath","value":"//span[text()='Error']"}
COMMAND: POST /session/dbe42a6913d933bf746f002719692f06/element - {"using":"xpath","value":"//button[@data-kt=\"addButton\"]"}
RESULT: {"using":"xpath","value":"//button[@data-kt=\"addButton\"]"}
COMMAND: POST /session/dbe42a6913d933bf746f002719692f06/element/f.AC1E98235C03768F9F99043C9DF93856.d.C5992E30B5BC37DB469CCF110FE9F37D.e.8756/click - {}
RESULT: {}
COMMAND: GET /session/dbe42a6913d933bf746f002719692f06/screenshot - {}
RESULT: {}
COMMAND: POST /session/dbe42a6913d933bf746f002719692f06/execute/async - {"script":"<script> [1562 bytes]","args":[{"selector":{"id":"application-managecontracts-display-component---AddNewContract--projectDescription","interaction":{"idSuffix":"inner"}},"wdio_ui5_key":"applicationmanagecontracts-display-component---AddNewContract--projectDescription"}]}
RESULT: {"script":"<script> [1562 bytes]","args":[{"selector":{"id":"application-managecontracts-display-component---AddNewContract--projectDescription","interaction":{"idSuffix":"inner"}},"wdio_ui5_key":"applicationmanagecontracts-display-component---AddNewContract--projectDescription"}]}
RESULT: undefined
COMMAND: POST /session/dbe42a6913d933bf746f002719692f06/execute/async - {"script":"<script> [776 bytes]","args":[{"enterText":"WdIOR2cpqpehl","selector":{"id":"application-managecontracts-display-component---AddNewContract--projectDescription","interaction":{"idSuffix":"inner"}},"clearTextFirst":true,"interactionType":"ENTER_TEXT"}]}
RESULT: {"script":"<script> [776 bytes]","args":[{"enterText":"WdIOR2cpqpehl","selector":{"id":"application-managecontracts-display-component---AddNewContract--projectDescription","interaction":{"idSuffix":"inner"}},"clearTextFirst":true,"interactionType":"ENTER_TEXT"}]}
COMMAND: POST /session/dbe42a6913d933bf746f002719692f06/element - {"using":"xpath","value":"//input[@id=\"application-managecontracts-display-component---AddNewContract--yardId-inner\"]"}
RESULT: {"using":"xpath","value":"//input[@id=\"application-managecontracts-display-component---AddNewContract--yardId-inner\"]"}
COMMAND: POST /session/dbe42a6913d933bf746f002719692f06/element/f.AC1E98235C03768F9F99043C9DF93856.d.C5992E30B5BC37DB469CCF110FE9F37D.e.8784/clear - {}
RESULT: {}
COMMAND: POST /session/dbe42a6913d933bf746f002719692f06/element/f.AC1E98235C03768F9F99043C9DF93856.d.C5992E30B5BC37DB469CCF110FE9F37D.e.8784/value - {"text":"WebdriverYardxe8gd"}
COMMAND: GET /session/dbe42a6913d933bf746f002719692f06/screenshot - {}
RESULT: {"text":"WebdriverYardxe8gd"}
COMMAND: GET /session/dbe42a6913d933bf746f002719692f06/screenshot - {}
RESULT: {}
RESULT: {}
COMMAND: POST /session/dbe42a6913d933bf746f002719692f06/actions - {"actions":[{"id":"action45","type":"key","parameters":{},"actions":[{"type":"keyDown","value":"î€‡"},{"type":"pause","duration":10},{"type":"keyUp","value":"î€‡"}]}]}
RESULT: {"actions":[{"id":"action45","type":"key","parameters":{},"actions":[{"type":"keyDown","value":"î€‡"},{"type":"pause","duration":10},{"type":"keyUp","value":"î€‡"}]}]}
COMMAND: GET /session/dbe42a6913d933bf746f002719692f06/screenshot - {}
RESULT: {}
COMMAND: POST /session/dbe42a6913d933bf746f002719692f06/element - {"using":"xpath","value":"//input[@id=\"application-managecontracts-display-component---AddNewContract--customerSelect-inner\"]"}
RESULT: {"using":"xpath","value":"//input[@id=\"application-managecontracts-display-component---AddNewContract--customerSelect-inner\"]"}
COMMAND: POST /session/dbe42a6913d933bf746f002719692f06/element/f.AC1E98235C03768F9F99043C9DF93856.d.C5992E30B5BC37DB469CCF110FE9F37D.e.8782/clear - {}
RESULT: {}
COMMAND: POST /session/dbe42a6913d933bf746f002719692f06/element/f.AC1E98235C03768F9F99043C9DF93856.d.C5992E30B5BC37DB469CCF110FE9F37D.e.8782/value - {"text":"WebdriverPartnerm93hri"}
COMMAND: GET /session/dbe42a6913d933bf746f002719692f06/screenshot - {}
RESULT: {"text":"WebdriverPartnerm93hri"}
COMMAND: GET /session/dbe42a6913d933bf746f002719692f06/screenshot - {}
RESULT: {}
RESULT: {}
COMMAND: POST /session/dbe42a6913d933bf746f002719692f06/actions - {"actions":[{"id":"action46","type":"key","parameters":{},"actions":[{"type":"keyDown","value":"î€‡"},{"type":"pause","duration":10},{"type":"keyUp","value":"î€‡"}]}]}
RESULT: {"actions":[{"id":"action46","type":"key","parameters":{},"actions":[{"type":"keyDown","value":"î€‡"},{"type":"pause","duration":10},{"type":"keyUp","value":"î€‡"}]}]}
COMMAND: GET /session/dbe42a6913d933bf746f002719692f06/screenshot - {}
RESULT: {}
COMMAND: POST /session/dbe42a6913d933bf746f002719692f06/element - {"using":"xpath","value":"//input[@id=\"application-managecontracts-display-component---AddNewContract--site-inner\"]"}
RESULT: {"using":"xpath","value":"//input[@id=\"application-managecontracts-display-component---AddNewContract--site-inner\"]"}
COMMAND: POST /session/dbe42a6913d933bf746f002719692f06/element/f.AC1E98235C03768F9F99043C9DF93856.d.C5992E30B5BC37DB469CCF110FE9F37D.e.8783/clear - {}
RESULT: {}
COMMAND: POST /session/dbe42a6913d933bf746f002719692f06/element/f.AC1E98235C03768F9F99043C9DF93856.d.C5992E30B5BC37DB469CCF110FE9F37D.e.8783/value - {"text":"WebdriverSitetv19i"}
COMMAND: GET /session/dbe42a6913d933bf746f002719692f06/screenshot - {}
RESULT: {"text":"WebdriverSitetv19i"}
COMMAND: GET /session/dbe42a6913d933bf746f002719692f06/screenshot - {}
RESULT: {}
RESULT: {}
COMMAND: POST /session/dbe42a6913d933bf746f002719692f06/actions - {"actions":[{"id":"action47","type":"key","parameters":{},"actions":[{"type":"keyDown","value":"î€‡"},{"type":"pause","duration":10},{"type":"keyUp","value":"î€‡"}]}]}
RESULT: {"actions":[{"id":"action47","type":"key","parameters":{},"actions":[{"type":"keyDown","value":"î€‡"},{"type":"pause","duration":10},{"type":"keyUp","value":"î€‡"}]}]}
COMMAND: GET /session/dbe42a6913d933bf746f002719692f06/screenshot - {}
RESULT: {}
COMMAND: POST /session/dbe42a6913d933bf746f002719692f06/element - {"using":"xpath","value":"//button[@data-kt=\"saveButton\"]"}
RESULT: {"using":"xpath","value":"//button[@data-kt=\"saveButton\"]"}
COMMAND: POST /session/dbe42a6913d933bf746f002719692f06/element/f.AC1E98235C03768F9F99043C9DF93856.d.C5992E30B5BC37DB469CCF110FE9F37D.e.8941/click - {}
RESULT: {}
COMMAND: GET /session/dbe42a6913d933bf746f002719692f06/screenshot - {}
RESULT: {}
COMMAND: POST /session/dbe42a6913d933bf746f002719692f06/execute/async - {"script":"<script> [1562 bytes]","args":[{"selector":{"id":"contractDetailTitleNoExpanded","viewName":"etm.portal.ui.managecontracts.view.Detail"},"wdio_ui5_key":"contractDetailTitleNoExpandedetmportal.ui.managecontracts.view.Detail"}]}
RESULT: {"script":"<script> [1562 bytes]","args":[{"selector":{"id":"contractDetailTitleNoExpanded","viewName":"etm.portal.ui.managecontracts.view.Detail"},"wdio_ui5_key":"contractDetailTitleNoExpandedetmportal.ui.managecontracts.view.Detail"}]}
RESULT: undefined
COMMAND: POST /session/dbe42a6913d933bf746f002719692f06/execute/async - {"script":"<script> [6424 bytes]","args":[{"element-6066-11e4-a52e-4f735466cecf":"f.AC1E98235C03768F9F99043C9DF93856.d.C5992E30B5BC37DB469CCF110FE9F37D.e.8952"},"getText",[]]}
RESULT: {"script":"<script> [6424 bytes]","args":[{"element-6066-11e4-a52e-4f735466cecf":"f.AC1E98235C03768F9F99043C9DF93856.d.C5992E30B5BC37DB469CCF110FE9F37D.e.8952"},"getText",[]]}
]]></system-out>
    </testcase>
    <testcase classname="chrome.136_0_7103_49.windows.Insert_service_into_a_contract_US152956" name="Should add a service unit and a service group to the contract" time="81.176">
      <system-out><![CDATA[
COMMAND: POST /session/dbe42a6913d933bf746f002719692f06/element - {"using":"xpath","value":"//button[@data-kt=\"contractDetailEditBtnButton\"]"}
RESULT: {"using":"xpath","value":"//button[@data-kt=\"contractDetailEditBtnButton\"]"}
COMMAND: POST /session/dbe42a6913d933bf746f002719692f06/execute/sync - {"script":"<script> [8489 bytes]","args":[{"element-6066-11e4-a52e-4f735466cecf":"f.AC1E98235C03768F9F99043C9DF93856.d.C5992E30B5BC37DB469CCF110FE9F37D.e.8953","ELEMENT":"f.AC1E98235C03768F9F99043C9DF93856.d.C5992E30B5BC37DB469CCF110FE9F37D.e.8953"}]}
RESULT: {"script":"<script> [8489 bytes]","args":[{"element-6066-11e4-a52e-4f735466cecf":"f.AC1E98235C03768F9F99043C9DF93856.d.C5992E30B5BC37DB469CCF110FE9F37D.e.8953","ELEMENT":"f.AC1E98235C03768F9F99043C9DF93856.d.C5992E30B5BC37DB469CCF110FE9F37D.e.8953"}]}
COMMAND: POST /session/dbe42a6913d933bf746f002719692f06/execute/sync - {"script":"<script> [8489 bytes]","args":[{"element-6066-11e4-a52e-4f735466cecf":"f.AC1E98235C03768F9F99043C9DF93856.d.C5992E30B5BC37DB469CCF110FE9F37D.e.8953","ELEMENT":"f.AC1E98235C03768F9F99043C9DF93856.d.C5992E30B5BC37DB469CCF110FE9F37D.e.8953"}]}
COMMAND: GET /session/dbe42a6913d933bf746f002719692f06/screenshot - {}
RESULT: {"script":"<script> [8489 bytes]","args":[{"element-6066-11e4-a52e-4f735466cecf":"f.AC1E98235C03768F9F99043C9DF93856.d.C5992E30B5BC37DB469CCF110FE9F37D.e.8953","ELEMENT":"f.AC1E98235C03768F9F99043C9DF93856.d.C5992E30B5BC37DB469CCF110FE9F37D.e.8953"}]}
COMMAND: POST /session/dbe42a6913d933bf746f002719692f06/execute/sync - {"script":"<script> [5351 bytes]","args":[{"element-6066-11e4-a52e-4f735466cecf":"f.AC1E98235C03768F9F99043C9DF93856.d.C5992E30B5BC37DB469CCF110FE9F37D.e.8953","ELEMENT":"f.AC1E98235C03768F9F99043C9DF93856.d.C5992E30B5BC37DB469CCF110FE9F37D.e.8953"}]}
COMMAND: GET /session/dbe42a6913d933bf746f002719692f06/screenshot - {}
RESULT: {}
RESULT: {"script":"<script> [5351 bytes]","args":[{"element-6066-11e4-a52e-4f735466cecf":"f.AC1E98235C03768F9F99043C9DF93856.d.C5992E30B5BC37DB469CCF110FE9F37D.e.8953","ELEMENT":"f.AC1E98235C03768F9F99043C9DF93856.d.C5992E30B5BC37DB469CCF110FE9F37D.e.8953"}]}
COMMAND: POST /session/dbe42a6913d933bf746f002719692f06/element/f.AC1E98235C03768F9F99043C9DF93856.d.C5992E30B5BC37DB469CCF110FE9F37D.e.8953/click - {}
COMMAND: GET /session/dbe42a6913d933bf746f002719692f06/screenshot - {}
RESULT: {}
RESULT: {}
COMMAND: GET /session/dbe42a6913d933bf746f002719692f06/screenshot - {}
RESULT: {}
RESULT: {}
COMMAND: POST /session/dbe42a6913d933bf746f002719692f06/element - {"using":"xpath","value":"(//span[contains(text(), \"Additional Addresses\")])[2]"}
RESULT: {"using":"xpath","value":"(//span[contains(text(), \"Additional Addresses\")])[2]"}
COMMAND: POST /session/dbe42a6913d933bf746f002719692f06/element/f.AC1E98235C03768F9F99043C9DF93856.d.C5992E30B5BC37DB469CCF110FE9F37D.e.9010/click - {}
RESULT: {}
COMMAND: GET /session/dbe42a6913d933bf746f002719692f06/screenshot - {}
RESULT: {}
COMMAND: POST /session/dbe42a6913d933bf746f002719692f06/element - {"using":"xpath","value":"//button[@data-kt=\"btnAddTableRowOverflowToolbarButton\"]"}
RESULT: {"using":"xpath","value":"//button[@data-kt=\"btnAddTableRowOverflowToolbarButton\"]"}
COMMAND: POST /session/dbe42a6913d933bf746f002719692f06/element/f.AC1E98235C03768F9F99043C9DF93856.d.C5992E30B5BC37DB469CCF110FE9F37D.e.9012/click - {}
RESULT: {}
COMMAND: GET /session/dbe42a6913d933bf746f002719692f06/screenshot - {}
RESULT: {}
COMMAND: POST /session/dbe42a6913d933bf746f002719692f06/element - {"using":"xpath","value":"//div[(text() = 'Standard Entry' or . = 'Standard Entry')]"}
RESULT: {"using":"xpath","value":"//div[(text() = 'Standard Entry' or . = 'Standard Entry')]"}
COMMAND: POST /session/dbe42a6913d933bf746f002719692f06/element/f.AC1E98235C03768F9F99043C9DF93856.d.C5992E30B5BC37DB469CCF110FE9F37D.e.9014/click - {}
RESULT: {}
COMMAND: POST /session/dbe42a6913d933bf746f002719692f06/element - {"using":"xpath","value":"//button[@data-kt=\"btnAddTableRowOverflowToolbarButton\"]"}
COMMAND: GET /session/dbe42a6913d933bf746f002719692f06/screenshot - {}
RESULT: {"using":"xpath","value":"//button[@data-kt=\"btnAddTableRowOverflowToolbarButton\"]"}
COMMAND: POST /session/dbe42a6913d933bf746f002719692f06/element/f.AC1E98235C03768F9F99043C9DF93856.d.C5992E30B5BC37DB469CCF110FE9F37D.e.9012/click - {}
RESULT: {}
RESULT: {}
COMMAND: GET /session/dbe42a6913d933bf746f002719692f06/screenshot - {}
RESULT: {}
COMMAND: POST /session/dbe42a6913d933bf746f002719692f06/element - {"using":"xpath","value":"//div[(text() = 'Standard Entry' or . = 'Standard Entry')]"}
RESULT: {"using":"xpath","value":"//div[(text() = 'Standard Entry' or . = 'Standard Entry')]"}
COMMAND: POST /session/dbe42a6913d933bf746f002719692f06/element/f.AC1E98235C03768F9F99043C9DF93856.d.C5992E30B5BC37DB469CCF110FE9F37D.e.9026/click - {}
RESULT: {}
COMMAND: POST /session/dbe42a6913d933bf746f002719692f06/element - {"using":"xpath","value":"(//td[6]/div/div/input)[1]"}
COMMAND: GET /session/dbe42a6913d933bf746f002719692f06/screenshot - {}
RESULT: {"using":"xpath","value":"(//td[6]/div/div/input)[1]"}
COMMAND: POST /session/dbe42a6913d933bf746f002719692f06/element/f.AC1E98235C03768F9F99043C9DF93856.d.C5992E30B5BC37DB469CCF110FE9F37D.e.9028/click - {}
RESULT: {}
RESULT: {}
COMMAND: POST /session/dbe42a6913d933bf746f002719692f06/actions - {"actions":[{"id":"action48","type":"key","parameters":{},"actions":[{"type":"keyDown","value":"î€ƒ"},{"type":"pause","duration":10},{"type":"keyUp","value":"î€ƒ"}]}]}
COMMAND: GET /session/dbe42a6913d933bf746f002719692f06/screenshot - {}
RESULT: {"actions":[{"id":"action48","type":"key","parameters":{},"actions":[{"type":"keyDown","value":"î€ƒ"},{"type":"pause","duration":10},{"type":"keyUp","value":"î€ƒ"}]}]}
COMMAND: POST /session/dbe42a6913d933bf746f002719692f06/element - {"using":"xpath","value":"(//td[6]/div/div/input)[1]"}
COMMAND: GET /session/dbe42a6913d933bf746f002719692f06/screenshot - {}
RESULT: {}
RESULT: {"using":"xpath","value":"(//td[6]/div/div/input)[1]"}
COMMAND: POST /session/dbe42a6913d933bf746f002719692f06/element/f.AC1E98235C03768F9F99043C9DF93856.d.C5992E30B5BC37DB469CCF110FE9F37D.e.9028/clear - {}
RESULT: {}
RESULT: {}
COMMAND: POST /session/dbe42a6913d933bf746f002719692f06/element/f.AC1E98235C03768F9F99043C9DF93856.d.C5992E30B5BC37DB469CCF110FE9F37D.e.9028/value - {"text":"Service Unit"}
COMMAND: GET /session/dbe42a6913d933bf746f002719692f06/screenshot - {}
RESULT: {"text":"Service Unit"}
COMMAND: GET /session/dbe42a6913d933bf746f002719692f06/screenshot - {}
RESULT: {}
RESULT: {}
COMMAND: POST /session/dbe42a6913d933bf746f002719692f06/actions - {"actions":[{"id":"action49","type":"key","parameters":{},"actions":[{"type":"keyDown","value":"î€‡"},{"type":"pause","duration":10},{"type":"keyUp","value":"î€‡"}]}]}
RESULT: {"actions":[{"id":"action49","type":"key","parameters":{},"actions":[{"type":"keyDown","value":"î€‡"},{"type":"pause","duration":10},{"type":"keyUp","value":"î€‡"}]}]}
COMMAND: GET /session/dbe42a6913d933bf746f002719692f06/screenshot - {}
RESULT: {}
COMMAND: POST /session/dbe42a6913d933bf746f002719692f06/actions - {"actions":[{"id":"action50","type":"key","parameters":{},"actions":[{"type":"keyDown","value":"î€‡"},{"type":"pause","duration":10},{"type":"keyUp","value":"î€‡"}]}]}
RESULT: {"actions":[{"id":"action50","type":"key","parameters":{},"actions":[{"type":"keyDown","value":"î€‡"},{"type":"pause","duration":10},{"type":"keyUp","value":"î€‡"}]}]}
COMMAND: POST /session/dbe42a6913d933bf746f002719692f06/element - {"using":"xpath","value":"(//td[7]/div/div/input)[1]"}
COMMAND: GET /session/dbe42a6913d933bf746f002719692f06/screenshot - {}
RESULT: {"using":"xpath","value":"(//td[7]/div/div/input)[1]"}
COMMAND: POST /session/dbe42a6913d933bf746f002719692f06/element/f.AC1E98235C03768F9F99043C9DF93856.d.C5992E30B5BC37DB469CCF110FE9F37D.e.9044/clear - {}
RESULT: {}
RESULT: {}
COMMAND: POST /session/dbe42a6913d933bf746f002719692f06/element/f.AC1E98235C03768F9F99043C9DF93856.d.C5992E30B5BC37DB469CCF110FE9F37D.e.9044/value - {"text":"1000001"}
COMMAND: GET /session/dbe42a6913d933bf746f002719692f06/screenshot - {}
RESULT: {"text":"1000001"}
COMMAND: GET /session/dbe42a6913d933bf746f002719692f06/screenshot - {}
RESULT: {}
RESULT: {}
COMMAND: POST /session/dbe42a6913d933bf746f002719692f06/actions - {"actions":[{"id":"action51","type":"key","parameters":{},"actions":[{"type":"keyDown","value":"î€‡"},{"type":"pause","duration":10},{"type":"keyUp","value":"î€‡"}]}]}
RESULT: {"actions":[{"id":"action51","type":"key","parameters":{},"actions":[{"type":"keyDown","value":"î€‡"},{"type":"pause","duration":10},{"type":"keyUp","value":"î€‡"}]}]}
COMMAND: GET /session/dbe42a6913d933bf746f002719692f06/screenshot - {}
RESULT: {}
COMMAND: POST /session/dbe42a6913d933bf746f002719692f06/actions - {"actions":[{"id":"action52","type":"key","parameters":{},"actions":[{"type":"keyDown","value":"î€‡"},{"type":"pause","duration":10},{"type":"keyUp","value":"î€‡"}]}]}
RESULT: {"actions":[{"id":"action52","type":"key","parameters":{},"actions":[{"type":"keyDown","value":"î€‡"},{"type":"pause","duration":10},{"type":"keyUp","value":"î€‡"}]}]}
COMMAND: GET /session/dbe42a6913d933bf746f002719692f06/screenshot - {}
RESULT: {}
COMMAND: POST /session/dbe42a6913d933bf746f002719692f06/element - {"using":"xpath","value":"(//td[6]/div/div/input)[2]"}
RESULT: {"using":"xpath","value":"(//td[6]/div/div/input)[2]"}
COMMAND: POST /session/dbe42a6913d933bf746f002719692f06/element/f.AC1E98235C03768F9F99043C9DF93856.d.C5992E30B5BC37DB469CCF110FE9F37D.e.9016/click - {}
RESULT: {}
COMMAND: POST /session/dbe42a6913d933bf746f002719692f06/actions - {"actions":[{"id":"action53","type":"key","parameters":{},"actions":[{"type":"keyDown","value":"î€ƒ"},{"type":"pause","duration":10},{"type":"keyUp","value":"î€ƒ"}]}]}
COMMAND: GET /session/dbe42a6913d933bf746f002719692f06/screenshot - {}
RESULT: {"actions":[{"id":"action53","type":"key","parameters":{},"actions":[{"type":"keyDown","value":"î€ƒ"},{"type":"pause","duration":10},{"type":"keyUp","value":"î€ƒ"}]}]}
COMMAND: POST /session/dbe42a6913d933bf746f002719692f06/element - {"using":"xpath","value":"(//td[6]/div/div/input)[2]"}
COMMAND: GET /session/dbe42a6913d933bf746f002719692f06/screenshot - {}
RESULT: {}
RESULT: {"using":"xpath","value":"(//td[6]/div/div/input)[2]"}
COMMAND: POST /session/dbe42a6913d933bf746f002719692f06/element/f.AC1E98235C03768F9F99043C9DF93856.d.C5992E30B5BC37DB469CCF110FE9F37D.e.9016/clear - {}
RESULT: {}
RESULT: {}
COMMAND: POST /session/dbe42a6913d933bf746f002719692f06/element/f.AC1E98235C03768F9F99043C9DF93856.d.C5992E30B5BC37DB469CCF110FE9F37D.e.9016/value - {"text":"Service Unit Group"}
COMMAND: GET /session/dbe42a6913d933bf746f002719692f06/screenshot - {}
RESULT: {"text":"Service Unit Group"}
COMMAND: GET /session/dbe42a6913d933bf746f002719692f06/screenshot - {}
RESULT: {}
RESULT: {}
COMMAND: POST /session/dbe42a6913d933bf746f002719692f06/actions - {"actions":[{"id":"action54","type":"key","parameters":{},"actions":[{"type":"keyDown","value":"î€‡"},{"type":"pause","duration":10},{"type":"keyUp","value":"î€‡"}]}]}
RESULT: {"actions":[{"id":"action54","type":"key","parameters":{},"actions":[{"type":"keyDown","value":"î€‡"},{"type":"pause","duration":10},{"type":"keyUp","value":"î€‡"}]}]}
COMMAND: GET /session/dbe42a6913d933bf746f002719692f06/screenshot - {}
RESULT: {}
COMMAND: POST /session/dbe42a6913d933bf746f002719692f06/actions - {"actions":[{"id":"action55","type":"key","parameters":{},"actions":[{"type":"keyDown","value":"î€‡"},{"type":"pause","duration":10},{"type":"keyUp","value":"î€‡"}]}]}
RESULT: {"actions":[{"id":"action55","type":"key","parameters":{},"actions":[{"type":"keyDown","value":"î€‡"},{"type":"pause","duration":10},{"type":"keyUp","value":"î€‡"}]}]}
COMMAND: POST /session/dbe42a6913d933bf746f002719692f06/element - {"using":"xpath","value":"(//td[7]/div/div/input)[2]"}
COMMAND: GET /session/dbe42a6913d933bf746f002719692f06/screenshot - {}
RESULT: {"using":"xpath","value":"(//td[7]/div/div/input)[2]"}
COMMAND: POST /session/dbe42a6913d933bf746f002719692f06/element/f.AC1E98235C03768F9F99043C9DF93856.d.C5992E30B5BC37DB469CCF110FE9F37D.e.9073/clear - {}
RESULT: {}
RESULT: {}
COMMAND: POST /session/dbe42a6913d933bf746f002719692f06/element/f.AC1E98235C03768F9F99043C9DF93856.d.C5992E30B5BC37DB469CCF110FE9F37D.e.9073/value - {"text":"1100001"}
COMMAND: GET /session/dbe42a6913d933bf746f002719692f06/screenshot - {}
RESULT: {"text":"1100001"}
COMMAND: GET /session/dbe42a6913d933bf746f002719692f06/screenshot - {}
RESULT: {}
RESULT: {}
COMMAND: POST /session/dbe42a6913d933bf746f002719692f06/actions - {"actions":[{"id":"action56","type":"key","parameters":{},"actions":[{"type":"keyDown","value":"î€‡"},{"type":"pause","duration":10},{"type":"keyUp","value":"î€‡"}]}]}
RESULT: {"actions":[{"id":"action56","type":"key","parameters":{},"actions":[{"type":"keyDown","value":"î€‡"},{"type":"pause","duration":10},{"type":"keyUp","value":"î€‡"}]}]}
COMMAND: GET /session/dbe42a6913d933bf746f002719692f06/screenshot - {}
RESULT: {}
COMMAND: POST /session/dbe42a6913d933bf746f002719692f06/actions - {"actions":[{"id":"action57","type":"key","parameters":{},"actions":[{"type":"keyDown","value":"î€‡"},{"type":"pause","duration":10},{"type":"keyUp","value":"î€‡"}]}]}
RESULT: {"actions":[{"id":"action57","type":"key","parameters":{},"actions":[{"type":"keyDown","value":"î€‡"},{"type":"pause","duration":10},{"type":"keyUp","value":"î€‡"}]}]}
COMMAND: GET /session/dbe42a6913d933bf746f002719692f06/screenshot - {}
RESULT: {}
COMMAND: POST /session/dbe42a6913d933bf746f002719692f06/element - {"using":"xpath","value":"(//button[@data-kt=\"saveButton\"])[2]"}
RESULT: {"using":"xpath","value":"(//button[@data-kt=\"saveButton\"])[2]"}
COMMAND: POST /session/dbe42a6913d933bf746f002719692f06/element/f.AC1E98235C03768F9F99043C9DF93856.d.C5992E30B5BC37DB469CCF110FE9F37D.e.9097/click - {}
RESULT: {}
COMMAND: GET /session/dbe42a6913d933bf746f002719692f06/screenshot - {}
RESULT: {}
COMMAND: POST /session/dbe42a6913d933bf746f002719692f06/element - {"using":"xpath","value":"(//span[contains(text(), \"Additional Addresses\")])[1]"}
RESULT: {"using":"xpath","value":"(//span[contains(text(), \"Additional Addresses\")])[1]"}
COMMAND: POST /session/dbe42a6913d933bf746f002719692f06/element/f.AC1E98235C03768F9F99043C9DF93856.d.C5992E30B5BC37DB469CCF110FE9F37D.e.9100/click - {}
RESULT: {}
COMMAND: GET /session/dbe42a6913d933bf746f002719692f06/screenshot - {}
RESULT: {}
COMMAND: POST /session/dbe42a6913d933bf746f002719692f06/execute/async - {"script":"<script> [1562 bytes]","args":[{"selector":{"controlType":"sap.m.Title","viewName":"etm.portal.ui.managecontracts.view.Detail","properties":{"text":"Contract Items (2)"}},"wdio_ui5_key":"etmportal.ui.managecontracts.view.Detailsap.m.Title{\"text\":\"Contract Items (2)\"}"}]}
RESULT: {"script":"<script> [1562 bytes]","args":[{"selector":{"controlType":"sap.m.Title","viewName":"etm.portal.ui.managecontracts.view.Detail","properties":{"text":"Contract Items (2)"}},"wdio_ui5_key":"etmportal.ui.managecontracts.view.Detailsap.m.Title{\"text\":\"Contract Items (2)\"}"}]}
RESULT: undefined
COMMAND: POST /session/dbe42a6913d933bf746f002719692f06/execute/async - {"script":"<script> [6424 bytes]","args":[{"element-6066-11e4-a52e-4f735466cecf":"f.AC1E98235C03768F9F99043C9DF93856.d.C5992E30B5BC37DB469CCF110FE9F37D.e.9104"},"getText",[]]}
RESULT: {"script":"<script> [6424 bytes]","args":[{"element-6066-11e4-a52e-4f735466cecf":"f.AC1E98235C03768F9F99043C9DF93856.d.C5992E30B5BC37DB469CCF110FE9F37D.e.9104"},"getText",[]]}
COMMAND: POST /session/dbe42a6913d933bf746f002719692f06/element - {"using":"xpath","value":"(//span[contains(@class ,\"sapMObjStatusText\")])[1]"}
RESULT: {"using":"xpath","value":"(//span[contains(@class ,\"sapMObjStatusText\")])[1]"}
COMMAND: GET /session/dbe42a6913d933bf746f002719692f06/element/f.AC1E98235C03768F9F99043C9DF93856.d.C5992E30B5BC37DB469CCF110FE9F37D.e.9105/text - {}
RESULT: {}
COMMAND: POST /session/dbe42a6913d933bf746f002719692f06/element - {"using":"xpath","value":"(//span[contains(@class ,\"sapMObjStatusText\")])[4]"}
RESULT: {"using":"xpath","value":"(//span[contains(@class ,\"sapMObjStatusText\")])[4]"}
COMMAND: GET /session/dbe42a6913d933bf746f002719692f06/element/f.AC1E98235C03768F9F99043C9DF93856.d.C5992E30B5BC37DB469CCF110FE9F37D.e.9106/text - {}
RESULT: {}
COMMAND: POST /session/dbe42a6913d933bf746f002719692f06/element - {"using":"css selector","value":"#shell-header-logo"}
RESULT: {"using":"css selector","value":"#shell-header-logo"}
COMMAND: POST /session/dbe42a6913d933bf746f002719692f06/element/f.AC1E98235C03768F9F99043C9DF93856.d.C5992E30B5BC37DB469CCF110FE9F37D.e.8707/click - {}
RESULT: {}
COMMAND: GET /session/dbe42a6913d933bf746f002719692f06/screenshot - {}
RESULT: {}
]]></system-out>
    </testcase>
  </testsuite>
  <testsuite timestamp="2025-05-13T18:19:09" time="185.331" tests="2" failures="0" errors="0" skipped="0">
    <properties>
      <property name="specId" value="0" />
      <property name="suiteName" value="Reduced contract US151275" />
      <property name="capabilities" value="chrome.136_0_7103_49.windows" />
      <property name="file" value="file:///D:/a/1/s/test/specs/R2C/reduced-contract-creation.spec.js" />
    </properties>
    <testcase classname="chrome.136_0_7103_49.windows.Reduced_contract_US151275" name="Should create a new reduced contract" time="129.881">
      <system-out><![CDATA[
RESULT: undefined
COMMAND: POST /session/dbe42a6913d933bf746f002719692f06/element - {"using":"xpath","value":"//*[@id=\"__tile132\"]"}
RESULT: {"using":"xpath","value":"//*[@id=\"__tile132\"]"}
COMMAND: POST /session/dbe42a6913d933bf746f002719692f06/element/f.AC1E98235C03768F9F99043C9DF93856.d.C5992E30B5BC37DB469CCF110FE9F37D.e.8387/click - {}
RESULT: {}
COMMAND: GET /session/dbe42a6913d933bf746f002719692f06/screenshot - {}
RESULT: {}
COMMAND: POST /session/dbe42a6913d933bf746f002719692f06/element - {"using":"xpath","value":"//button[@data-kt=\"addButton\"]"}
RESULT: {"using":"xpath","value":"//button[@data-kt=\"addButton\"]"}
COMMAND: POST /session/dbe42a6913d933bf746f002719692f06/element/f.AC1E98235C03768F9F99043C9DF93856.d.C5992E30B5BC37DB469CCF110FE9F37D.e.9160/click - {}
RESULT: {}
COMMAND: GET /session/dbe42a6913d933bf746f002719692f06/screenshot - {}
COMMAND: POST /session/dbe42a6913d933bf746f002719692f06/elements - {"using":"xpath","value":"//span[text()='Error']"}
RESULT: {}
RESULT: {"using":"xpath","value":"//span[text()='Error']"}
COMMAND: POST /session/dbe42a6913d933bf746f002719692f06/refresh - {}
RESULT: {}
COMMAND: GET /session/dbe42a6913d933bf746f002719692f06/screenshot - {}
RESULT: {}
COMMAND: POST /session/dbe42a6913d933bf746f002719692f06/execute/async - {"script":"<script> [189 bytes]","args":[]}
RESULT: {"script":"<script> [189 bytes]","args":[]}
COMMAND: POST /session/dbe42a6913d933bf746f002719692f06/execute/async - {"script":"<script> [123 bytes]","args":[]}
RESULT: {"script":"<script> [123 bytes]","args":[]}
COMMAND: POST /session/dbe42a6913d933bf746f002719692f06/timeouts - {"script":"<number>"}
RESULT: {"script":"<number>"}
COMMAND: GET /session/dbe42a6913d933bf746f002719692f06/timeouts - {}
RESULT: {}
RESULT: undefined
COMMAND: POST /session/dbe42a6913d933bf746f002719692f06/execute/async - {"script":"<script> [2676 bytes]","args":[]}
RESULT: {"script":"<script> [2676 bytes]","args":[]}
COMMAND: POST /session/dbe42a6913d933bf746f002719692f06/execute/async - {"script":"<script> [2342 bytes]","args":[{"protocol":"http","hostname":"0.0.0.0","path":"/","capabilities":{"browserName":"chrome","goog:chromeOptions":{"binary":"C:\\Program Files\\Google\\Chrome\\Application\\chrome.exe","args":["--start-maximized"]}},"logLevel":"warn","connectionRetryTimeout":120000,"connectionRetryCount":3,"logLevels":{},"enableDirectConnect":true,"strictSSL":true,"_":"65 more keys: [\"cacheDir\",\"port\",\"requestedCapabilities\",\"automationProtocol\",\"baseUrl\",\"waitforInterval\",\"waitforTimeout\",\"onReload\",\"beforeCommand\",\"afterCommand\",\"rootDir\",\"specs\",\"suites\",\"exclude\",\"groupLogsByTestSpec\",\"excludeDriverLogs\",\"bail\",\"framework\",\"reporters\",\"services\",\"maxInstances\",\"maxInstancesPerCapability\",\"injectGlobals\",\"filesToWatch\",\"execArgv\",\"runnerEnv\",\"runner\",\"shard\",\"specFileRetries\",\"specFileRetriesDelay\",\"specFileRetriesDeferred\",\"reporterSyncInterval\",\"reporterSyncTimeout\",\"cucumberFeaturesWithLineNumbers\",\"autoCompileOpts\",\"mochaOpts\",\"jasmineOpts\",\"cucumberOpts\",\"onPrepare\",\"onWorkerStart\",\"onWorkerEnd\",\"before\",\"beforeSession\",\"beforeSuite\",\"beforeHook\",\"beforeTest\",\"afterTest\",\"afterHook\",\"afterSuite\",\"afterSession\",\"after\",\"onComplete\",\"beforeAssertion\",\"afterAssertion\",\"beforeFeature\",\"beforeScenario\",\"beforeStep\",\"afterStep\",\"afterScenario\",\"afterFeature\",\"_\",\"suite\",\"$0\",\"ignoredWorkerServices\",\"wdi5\"]"}]}
RESULT: {"script":"<script> [2342 bytes]","args":[{"protocol":"http","hostname":"0.0.0.0","path":"/","capabilities":{"browserName":"chrome","goog:chromeOptions":{"binary":"C:\\Program Files\\Google\\Chrome\\Application\\chrome.exe","args":["--start-maximized"]}},"logLevel":"warn","connectionRetryTimeout":120000,"connectionRetryCount":3,"logLevels":{},"enableDirectConnect":true,"strictSSL":true,"_":"65 more keys: [\"cacheDir\",\"port\",\"requestedCapabilities\",\"automationProtocol\",\"baseUrl\",\"waitforInterval\",\"waitforTimeout\",\"onReload\",\"beforeCommand\",\"afterCommand\",\"rootDir\",\"specs\",\"suites\",\"exclude\",\"groupLogsByTestSpec\",\"excludeDriverLogs\",\"bail\",\"framework\",\"reporters\",\"services\",\"maxInstances\",\"maxInstancesPerCapability\",\"injectGlobals\",\"filesToWatch\",\"execArgv\",\"runnerEnv\",\"runner\",\"shard\",\"specFileRetries\",\"specFileRetriesDelay\",\"specFileRetriesDeferred\",\"reporterSyncInterval\",\"reporterSyncTimeout\",\"cucumberFeaturesWithLineNumbers\",\"autoCompileOpts\",\"mochaOpts\",\"jasmineOpts\",\"cucumberOpts\",\"onPrepare\",\"onWorkerStart\",\"onWorkerEnd\",\"before\",\"beforeSession\",\"beforeSuite\",\"beforeHook\",\"beforeTest\",\"afterTest\",\"afterHook\",\"afterSuite\",\"afterSession\",\"after\",\"onComplete\",\"beforeAssertion\",\"afterAssertion\",\"beforeFeature\",\"beforeScenario\",\"beforeStep\",\"afterStep\",\"afterScenario\",\"afterFeature\",\"_\",\"suite\",\"$0\",\"ignoredWorkerServices\",\"wdi5\"]"}]}
COMMAND: POST /session/dbe42a6913d933bf746f002719692f06/execute/async - {"script":"<script> [21126 bytes]","args":[35000]}
RESULT: {"script":"<script> [21126 bytes]","args":[35000]}
COMMAND: POST /session/dbe42a6913d933bf746f002719692f06/execute/async - {"script":"<script> [1562 bytes]","args":[{"selector":{"id":"application-managecontracts-display-component---AddNewContract--contractType","interaction":{"idSuffix":"arrow"}},"wdio_ui5_key":"applicationmanagecontracts-display-component---AddNewContract--contractType"}]}
RESULT: {"script":"<script> [1562 bytes]","args":[{"selector":{"id":"application-managecontracts-display-component---AddNewContract--contractType","interaction":{"idSuffix":"arrow"}},"wdio_ui5_key":"applicationmanagecontracts-display-component---AddNewContract--contractType"}]}
RESULT: undefined
COMMAND: POST /session/dbe42a6913d933bf746f002719692f06/element - {"using":"xpath","value":"//*[@id=\"application-managecontracts-display-component---AddNewContract--contractType\"]"}
RESULT: {"using":"xpath","value":"//*[@id=\"application-managecontracts-display-component---AddNewContract--contractType\"]"}
COMMAND: POST /session/dbe42a6913d933bf746f002719692f06/element/f.AC1E98235C03768F9F99043C9DF93856.d.14D5D42C75A8A10D05D9D05E55B70D5C.e.9678/click - {}
RESULT: {}
COMMAND: GET /session/dbe42a6913d933bf746f002719692f06/screenshot - {}
RESULT: {}
COMMAND: POST /session/dbe42a6913d933bf746f002719692f06/execute/async - {"script":"<script> [1562 bytes]","args":[{"selector":{"controlType":"sap.ui.core.Item","viewName":"etm.portal.ui.managecontracts.view.AddNewContract","viewId":"application-managecontracts-display-component---AddNewContract","bindingPath":{"path":"/ContractTypes('02')","propertyPath":"ID","modelName":"catalogModel"},"searchOpenDialogs":true},"wdio_ui5_key":"etmportal.ui.managecontracts.view.AddNewContractsap.ui.core.Item{\"path\":\"/ContractTypes('02')\",\"propertyPath\":\"ID\",\"modelName\":\"catalogModel\"}"}]}
RESULT: {"script":"<script> [1562 bytes]","args":[{"selector":{"controlType":"sap.ui.core.Item","viewName":"etm.portal.ui.managecontracts.view.AddNewContract","viewId":"application-managecontracts-display-component---AddNewContract","bindingPath":{"path":"/ContractTypes('02')","propertyPath":"ID","modelName":"catalogModel"},"searchOpenDialogs":true},"wdio_ui5_key":"etmportal.ui.managecontracts.view.AddNewContractsap.ui.core.Item{\"path\":\"/ContractTypes('02')\",\"propertyPath\":\"ID\",\"modelName\":\"catalogModel\"}"}]}
RESULT: undefined
COMMAND: POST /session/dbe42a6913d933bf746f002719692f06/element - {"using":"xpath","value":"//*[@id=\"__item45-application-managecontracts-display-component---AddNewContract--contractType-1\"]"}
RESULT: {"using":"xpath","value":"//*[@id=\"__item45-application-managecontracts-display-component---AddNewContract--contractType-1\"]"}
COMMAND: POST /session/dbe42a6913d933bf746f002719692f06/element/f.AC1E98235C03768F9F99043C9DF93856.d.14D5D42C75A8A10D05D9D05E55B70D5C.e.9679/click - {}
RESULT: {}
COMMAND: GET /session/dbe42a6913d933bf746f002719692f06/screenshot - {}
RESULT: {}
COMMAND: POST /session/dbe42a6913d933bf746f002719692f06/execute/async - {"script":"<script> [1562 bytes]","args":[{"selector":{"id":"application-managecontracts-display-component---AddNewContract--projectDescription","interaction":{"idSuffix":"inner"}},"wdio_ui5_key":"applicationmanagecontracts-display-component---AddNewContract--projectDescription"}]}
RESULT: {"script":"<script> [1562 bytes]","args":[{"selector":{"id":"application-managecontracts-display-component---AddNewContract--projectDescription","interaction":{"idSuffix":"inner"}},"wdio_ui5_key":"applicationmanagecontracts-display-component---AddNewContract--projectDescription"}]}
RESULT: undefined
COMMAND: POST /session/dbe42a6913d933bf746f002719692f06/execute/async - {"script":"<script> [776 bytes]","args":[{"enterText":"WdIOReduced56xw7l","selector":{"id":"application-managecontracts-display-component---AddNewContract--projectDescription","interaction":{"idSuffix":"inner"}},"clearTextFirst":true,"interactionType":"ENTER_TEXT"}]}
RESULT: {"script":"<script> [776 bytes]","args":[{"enterText":"WdIOReduced56xw7l","selector":{"id":"application-managecontracts-display-component---AddNewContract--projectDescription","interaction":{"idSuffix":"inner"}},"clearTextFirst":true,"interactionType":"ENTER_TEXT"}]}
COMMAND: POST /session/dbe42a6913d933bf746f002719692f06/element - {"using":"xpath","value":"//input[@id=\"application-managecontracts-display-component---AddNewContract--yardId-inner\"]"}
RESULT: {"using":"xpath","value":"//input[@id=\"application-managecontracts-display-component---AddNewContract--yardId-inner\"]"}
COMMAND: POST /session/dbe42a6913d933bf746f002719692f06/element/f.AC1E98235C03768F9F99043C9DF93856.d.14D5D42C75A8A10D05D9D05E55B70D5C.e.9605/clear - {}
RESULT: {}
COMMAND: POST /session/dbe42a6913d933bf746f002719692f06/element/f.AC1E98235C03768F9F99043C9DF93856.d.14D5D42C75A8A10D05D9D05E55B70D5C.e.9605/value - {"text":"WebdriverYardxe8gd"}
COMMAND: GET /session/dbe42a6913d933bf746f002719692f06/screenshot - {}
RESULT: {"text":"WebdriverYardxe8gd"}
RESULT: {}
COMMAND: GET /session/dbe42a6913d933bf746f002719692f06/screenshot - {}
RESULT: {}
COMMAND: POST /session/dbe42a6913d933bf746f002719692f06/actions - {"actions":[{"id":"action58","type":"key","parameters":{},"actions":[{"type":"keyDown","value":"î€‡"},{"type":"pause","duration":10},{"type":"keyUp","value":"î€‡"}]}]}
RESULT: {"actions":[{"id":"action58","type":"key","parameters":{},"actions":[{"type":"keyDown","value":"î€‡"},{"type":"pause","duration":10},{"type":"keyUp","value":"î€‡"}]}]}
COMMAND: GET /session/dbe42a6913d933bf746f002719692f06/screenshot - {}
RESULT: {}
COMMAND: POST /session/dbe42a6913d933bf746f002719692f06/element - {"using":"xpath","value":"//input[@id=\"application-managecontracts-display-component---AddNewContract--customerSelect-inner\"]"}
RESULT: {"using":"xpath","value":"//input[@id=\"application-managecontracts-display-component---AddNewContract--customerSelect-inner\"]"}
COMMAND: POST /session/dbe42a6913d933bf746f002719692f06/element/f.AC1E98235C03768F9F99043C9DF93856.d.14D5D42C75A8A10D05D9D05E55B70D5C.e.9603/clear - {}
RESULT: {}
COMMAND: POST /session/dbe42a6913d933bf746f002719692f06/element/f.AC1E98235C03768F9F99043C9DF93856.d.14D5D42C75A8A10D05D9D05E55B70D5C.e.9603/value - {"text":"WebdriverPartnerm93hri"}
COMMAND: GET /session/dbe42a6913d933bf746f002719692f06/screenshot - {}
RESULT: {"text":"WebdriverPartnerm93hri"}
COMMAND: GET /session/dbe42a6913d933bf746f002719692f06/screenshot - {}
RESULT: {}
RESULT: {}
COMMAND: POST /session/dbe42a6913d933bf746f002719692f06/actions - {"actions":[{"id":"action59","type":"key","parameters":{},"actions":[{"type":"keyDown","value":"î€‡"},{"type":"pause","duration":10},{"type":"keyUp","value":"î€‡"}]}]}
RESULT: {"actions":[{"id":"action59","type":"key","parameters":{},"actions":[{"type":"keyDown","value":"î€‡"},{"type":"pause","duration":10},{"type":"keyUp","value":"î€‡"}]}]}
COMMAND: GET /session/dbe42a6913d933bf746f002719692f06/screenshot - {}
RESULT: {}
COMMAND: POST /session/dbe42a6913d933bf746f002719692f06/execute/async - {"script":"<script> [1562 bytes]","args":[{"selector":{"id":"application-managecontracts-display-component---AddNewContract--calendarInput-arrow"},"wdio_ui5_key":"applicationmanagecontracts-display-component---AddNewContract--calendarInput-arrow"}]}
RESULT: {"script":"<script> [1562 bytes]","args":[{"selector":{"id":"application-managecontracts-display-component---AddNewContract--calendarInput-arrow"},"wdio_ui5_key":"applicationmanagecontracts-display-component---AddNewContract--calendarInput-arrow"}]}
RESULT: undefined
COMMAND: POST /session/dbe42a6913d933bf746f002719692f06/element - {"using":"xpath","value":"//*[@id=\"application-managecontracts-display-component---AddNewContract--calendarInput-arrow\"]"}
RESULT: {"using":"xpath","value":"//*[@id=\"application-managecontracts-display-component---AddNewContract--calendarInput-arrow\"]"}
COMMAND: POST /session/dbe42a6913d933bf746f002719692f06/element/f.AC1E98235C03768F9F99043C9DF93856.d.14D5D42C75A8A10D05D9D05E55B70D5C.e.9575/click - {}
RESULT: {}
COMMAND: GET /session/dbe42a6913d933bf746f002719692f06/screenshot - {}
RESULT: {}
COMMAND: POST /session/dbe42a6913d933bf746f002719692f06/execute/async - {"script":"<script> [1562 bytes]","args":[{"selector":{"controlType":"sap.m.StandardListItem","viewName":"etm.portal.ui.managecontracts.view.AddNewContract","viewId":"application-managecontracts-display-component---AddNewContract","properties":{"title":"1 - Calendar unit test patch"},"searchOpenDialogs":true,"interaction":{"idSuffix":"titleText"}},"wdio_ui5_key":"etmportal.ui.managecontracts.view.AddNewContractsap.m.StandardListItem{\"title\":\"1 - Calendar unit test patch\"}"}]}
RESULT: {"script":"<script> [1562 bytes]","args":[{"selector":{"controlType":"sap.m.StandardListItem","viewName":"etm.portal.ui.managecontracts.view.AddNewContract","viewId":"application-managecontracts-display-component---AddNewContract","properties":{"title":"1 - Calendar unit test patch"},"searchOpenDialogs":true,"interaction":{"idSuffix":"titleText"}},"wdio_ui5_key":"etmportal.ui.managecontracts.view.AddNewContractsap.m.StandardListItem{\"title\":\"1 - Calendar unit test patch\"}"}]}
RESULT: undefined
COMMAND: POST /session/dbe42a6913d933bf746f002719692f06/element - {"using":"xpath","value":"//*[@id=\"__item340\"]"}
RESULT: {"using":"xpath","value":"//*[@id=\"__item340\"]"}
COMMAND: POST /session/dbe42a6913d933bf746f002719692f06/element/f.AC1E98235C03768F9F99043C9DF93856.d.14D5D42C75A8A10D05D9D05E55B70D5C.e.9686/click - {}
RESULT: {}
COMMAND: GET /session/dbe42a6913d933bf746f002719692f06/screenshot - {}
RESULT: {}
COMMAND: POST /session/dbe42a6913d933bf746f002719692f06/execute/async - {"script":"<script> [1562 bytes]","args":[{"selector":{"id":"application-managecontracts-display-component---AddNewContract--streetInput","interaction":{"idSuffix":"inner"}},"wdio_ui5_key":"applicationmanagecontracts-display-component---AddNewContract--streetInput"}]}
RESULT: {"script":"<script> [1562 bytes]","args":[{"selector":{"id":"application-managecontracts-display-component---AddNewContract--streetInput","interaction":{"idSuffix":"inner"}},"wdio_ui5_key":"applicationmanagecontracts-display-component---AddNewContract--streetInput"}]}
RESULT: undefined
COMMAND: POST /session/dbe42a6913d933bf746f002719692f06/execute/async - {"script":"<script> [776 bytes]","args":[{"enterText":"StreetWdIO","selector":{"id":"application-managecontracts-display-component---AddNewContract--streetInput","interaction":{"idSuffix":"inner"}},"clearTextFirst":true,"interactionType":"ENTER_TEXT"}]}
RESULT: {"script":"<script> [776 bytes]","args":[{"enterText":"StreetWdIO","selector":{"id":"application-managecontracts-display-component---AddNewContract--streetInput","interaction":{"idSuffix":"inner"}},"clearTextFirst":true,"interactionType":"ENTER_TEXT"}]}
COMMAND: POST /session/dbe42a6913d933bf746f002719692f06/execute/async - {"script":"<script> [1562 bytes]","args":[{"selector":{"id":"application-managecontracts-display-component---AddNewContract--numberInput","interaction":{"idSuffix":"inner"}},"wdio_ui5_key":"applicationmanagecontracts-display-component---AddNewContract--numberInput"}]}
RESULT: {"script":"<script> [1562 bytes]","args":[{"selector":{"id":"application-managecontracts-display-component---AddNewContract--numberInput","interaction":{"idSuffix":"inner"}},"wdio_ui5_key":"applicationmanagecontracts-display-component---AddNewContract--numberInput"}]}
RESULT: undefined
COMMAND: POST /session/dbe42a6913d933bf746f002719692f06/execute/async - {"script":"<script> [776 bytes]","args":[{"enterText":"3","selector":{"id":"application-managecontracts-display-component---AddNewContract--numberInput","interaction":{"idSuffix":"inner"}},"clearTextFirst":true,"interactionType":"ENTER_TEXT"}]}
RESULT: {"script":"<script> [776 bytes]","args":[{"enterText":"3","selector":{"id":"application-managecontracts-display-component---AddNewContract--numberInput","interaction":{"idSuffix":"inner"}},"clearTextFirst":true,"interactionType":"ENTER_TEXT"}]}
COMMAND: POST /session/dbe42a6913d933bf746f002719692f06/execute/async - {"script":"<script> [1562 bytes]","args":[{"selector":{"id":"application-managecontracts-display-component---AddNewContract--cityInput","interaction":{"idSuffix":"inner"}},"wdio_ui5_key":"applicationmanagecontracts-display-component---AddNewContract--cityInput"}]}
RESULT: {"script":"<script> [1562 bytes]","args":[{"selector":{"id":"application-managecontracts-display-component---AddNewContract--cityInput","interaction":{"idSuffix":"inner"}},"wdio_ui5_key":"applicationmanagecontracts-display-component---AddNewContract--cityInput"}]}
RESULT: undefined
COMMAND: POST /session/dbe42a6913d933bf746f002719692f06/execute/async - {"script":"<script> [776 bytes]","args":[{"enterText":"Bucharest","selector":{"id":"application-managecontracts-display-component---AddNewContract--cityInput","interaction":{"idSuffix":"inner"}},"clearTextFirst":true,"interactionType":"ENTER_TEXT"}]}
RESULT: {"script":"<script> [776 bytes]","args":[{"enterText":"Bucharest","selector":{"id":"application-managecontracts-display-component---AddNewContract--cityInput","interaction":{"idSuffix":"inner"}},"clearTextFirst":true,"interactionType":"ENTER_TEXT"}]}
COMMAND: POST /session/dbe42a6913d933bf746f002719692f06/execute/async - {"script":"<script> [1562 bytes]","args":[{"selector":{"id":"application-managecontracts-display-component---AddNewContract--zipInput","interaction":{"idSuffix":"inner"}},"wdio_ui5_key":"applicationmanagecontracts-display-component---AddNewContract--zipInput"}]}
RESULT: {"script":"<script> [1562 bytes]","args":[{"selector":{"id":"application-managecontracts-display-component---AddNewContract--zipInput","interaction":{"idSuffix":"inner"}},"wdio_ui5_key":"applicationmanagecontracts-display-component---AddNewContract--zipInput"}]}
RESULT: undefined
COMMAND: POST /session/dbe42a6913d933bf746f002719692f06/execute/async - {"script":"<script> [776 bytes]","args":[{"enterText":"021210","selector":{"id":"application-managecontracts-display-component---AddNewContract--zipInput","interaction":{"idSuffix":"inner"}},"clearTextFirst":true,"interactionType":"ENTER_TEXT"}]}
RESULT: {"script":"<script> [776 bytes]","args":[{"enterText":"021210","selector":{"id":"application-managecontracts-display-component---AddNewContract--zipInput","interaction":{"idSuffix":"inner"}},"clearTextFirst":true,"interactionType":"ENTER_TEXT"}]}
COMMAND: POST /session/dbe42a6913d933bf746f002719692f06/element - {"using":"xpath","value":"//bdi[contains(@id ,\"application-managecontracts-display-component---AddNewContract--saveBtn-BDI-content\")]"}
RESULT: {"using":"xpath","value":"//bdi[contains(@id ,\"application-managecontracts-display-component---AddNewContract--saveBtn-BDI-content\")]"}
COMMAND: POST /session/dbe42a6913d933bf746f002719692f06/element/f.AC1E98235C03768F9F99043C9DF93856.d.14D5D42C75A8A10D05D9D05E55B70D5C.e.9691/click - {}
RESULT: {}
COMMAND: GET /session/dbe42a6913d933bf746f002719692f06/screenshot - {}
RESULT: {}
COMMAND: POST /session/dbe42a6913d933bf746f002719692f06/element - {"using":"xpath","value":"//button[contains(@data-kt ,\"contractDetailEditBtnButton\")]"}
RESULT: {"using":"xpath","value":"//button[contains(@data-kt ,\"contractDetailEditBtnButton\")]"}
COMMAND: POST /session/dbe42a6913d933bf746f002719692f06/execute/sync - {"script":"<script> [8489 bytes]","args":[{"element-6066-11e4-a52e-4f735466cecf":"f.AC1E98235C03768F9F99043C9DF93856.d.14D5D42C75A8A10D05D9D05E55B70D5C.e.9752","ELEMENT":"f.AC1E98235C03768F9F99043C9DF93856.d.14D5D42C75A8A10D05D9D05E55B70D5C.e.9752"}]}
RESULT: {"script":"<script> [8489 bytes]","args":[{"element-6066-11e4-a52e-4f735466cecf":"f.AC1E98235C03768F9F99043C9DF93856.d.14D5D42C75A8A10D05D9D05E55B70D5C.e.9752","ELEMENT":"f.AC1E98235C03768F9F99043C9DF93856.d.14D5D42C75A8A10D05D9D05E55B70D5C.e.9752"}]}
COMMAND: POST /session/dbe42a6913d933bf746f002719692f06/execute/sync - {"script":"<script> [8489 bytes]","args":[{"element-6066-11e4-a52e-4f735466cecf":"f.AC1E98235C03768F9F99043C9DF93856.d.14D5D42C75A8A10D05D9D05E55B70D5C.e.9752","ELEMENT":"f.AC1E98235C03768F9F99043C9DF93856.d.14D5D42C75A8A10D05D9D05E55B70D5C.e.9752"}]}
COMMAND: GET /session/dbe42a6913d933bf746f002719692f06/screenshot - {}
RESULT: {"script":"<script> [8489 bytes]","args":[{"element-6066-11e4-a52e-4f735466cecf":"f.AC1E98235C03768F9F99043C9DF93856.d.14D5D42C75A8A10D05D9D05E55B70D5C.e.9752","ELEMENT":"f.AC1E98235C03768F9F99043C9DF93856.d.14D5D42C75A8A10D05D9D05E55B70D5C.e.9752"}]}
COMMAND: POST /session/dbe42a6913d933bf746f002719692f06/execute/sync - {"script":"<script> [5351 bytes]","args":[{"element-6066-11e4-a52e-4f735466cecf":"f.AC1E98235C03768F9F99043C9DF93856.d.14D5D42C75A8A10D05D9D05E55B70D5C.e.9752","ELEMENT":"f.AC1E98235C03768F9F99043C9DF93856.d.14D5D42C75A8A10D05D9D05E55B70D5C.e.9752"}]}
COMMAND: GET /session/dbe42a6913d933bf746f002719692f06/screenshot - {}
RESULT: {}
RESULT: {"script":"<script> [5351 bytes]","args":[{"element-6066-11e4-a52e-4f735466cecf":"f.AC1E98235C03768F9F99043C9DF93856.d.14D5D42C75A8A10D05D9D05E55B70D5C.e.9752","ELEMENT":"f.AC1E98235C03768F9F99043C9DF93856.d.14D5D42C75A8A10D05D9D05E55B70D5C.e.9752"}]}
COMMAND: POST /session/dbe42a6913d933bf746f002719692f06/execute/async - {"script":"<script> [1562 bytes]","args":[{"selector":{"controlType":"sap.m.Text","viewName":"etm.portal.ui.managecontracts.view.Detail","bindingPath":{"propertyPath":"LINK_TO_C_CONTRACT_TYPES/DESCRIPTION","modelName":"catalogModel"}},"wdio_ui5_key":"etmportal.ui.managecontracts.view.Detailsap.m.Text{\"propertyPath\":\"LINK_TO_C_CONTRACT_TYPES/DESCRIPTION\",\"modelName\":\"catalogModel\"}"}]}
COMMAND: GET /session/dbe42a6913d933bf746f002719692f06/screenshot - {}
RESULT: {}
RESULT: {"script":"<script> [1562 bytes]","args":[{"selector":{"controlType":"sap.m.Text","viewName":"etm.portal.ui.managecontracts.view.Detail","bindingPath":{"propertyPath":"LINK_TO_C_CONTRACT_TYPES/DESCRIPTION","modelName":"catalogModel"}},"wdio_ui5_key":"etmportal.ui.managecontracts.view.Detailsap.m.Text{\"propertyPath\":\"LINK_TO_C_CONTRACT_TYPES/DESCRIPTION\",\"modelName\":\"catalogModel\"}"}]}
RESULT: undefined
COMMAND: POST /session/dbe42a6913d933bf746f002719692f06/execute/async - {"script":"<script> [6424 bytes]","args":[{"element-6066-11e4-a52e-4f735466cecf":"f.AC1E98235C03768F9F99043C9DF93856.d.14D5D42C75A8A10D05D9D05E55B70D5C.e.9754"},"getText",[]]}
RESULT: {}
RESULT: {"script":"<script> [6424 bytes]","args":[{"element-6066-11e4-a52e-4f735466cecf":"f.AC1E98235C03768F9F99043C9DF93856.d.14D5D42C75A8A10D05D9D05E55B70D5C.e.9754"},"getText",[]]}
COMMAND: POST /session/dbe42a6913d933bf746f002719692f06/element/f.AC1E98235C03768F9F99043C9DF93856.d.14D5D42C75A8A10D05D9D05E55B70D5C.e.9752/click - {}
RESULT: {}
COMMAND: GET /session/dbe42a6913d933bf746f002719692f06/screenshot - {}
RESULT: {}
]]></system-out>
    </testcase>
    <testcase classname="chrome.136_0_7103_49.windows.Reduced_contract_US151275" name="Should add a RU to the contract" time="50.044">
      <system-out><![CDATA[
COMMAND: POST /session/dbe42a6913d933bf746f002719692f06/element - {"using":"xpath","value":"(//span[contains(text(), \"Header Billing Items\")])[2]"}
RESULT: {"using":"xpath","value":"(//span[contains(text(), \"Header Billing Items\")])[2]"}
COMMAND: POST /session/dbe42a6913d933bf746f002719692f06/element/f.AC1E98235C03768F9F99043C9DF93856.d.14D5D42C75A8A10D05D9D05E55B70D5C.e.9798/click - {}
RESULT: {}
COMMAND: GET /session/dbe42a6913d933bf746f002719692f06/screenshot - {}
RESULT: {}
COMMAND: POST /session/dbe42a6913d933bf746f002719692f06/element - {"using":"xpath","value":"//button[@data-kt=\"btnAddTableRowOverflowToolbarButton\"]"}
RESULT: {"using":"xpath","value":"//button[@data-kt=\"btnAddTableRowOverflowToolbarButton\"]"}
COMMAND: POST /session/dbe42a6913d933bf746f002719692f06/element/f.AC1E98235C03768F9F99043C9DF93856.d.14D5D42C75A8A10D05D9D05E55B70D5C.e.9801/click - {}
RESULT: {}
COMMAND: GET /session/dbe42a6913d933bf746f002719692f06/screenshot - {}
RESULT: {}
COMMAND: POST /session/dbe42a6913d933bf746f002719692f06/element - {"using":"xpath","value":"//div[(text() = 'Standard Entry' or . = 'Standard Entry')]"}
RESULT: {"using":"xpath","value":"//div[(text() = 'Standard Entry' or . = 'Standard Entry')]"}
COMMAND: POST /session/dbe42a6913d933bf746f002719692f06/element/f.AC1E98235C03768F9F99043C9DF93856.d.14D5D42C75A8A10D05D9D05E55B70D5C.e.9803/click - {}
RESULT: {}
COMMAND: POST /session/dbe42a6913d933bf746f002719692f06/element - {"using":"xpath","value":"//td[6]/div/div/input[1]"}
COMMAND: GET /session/dbe42a6913d933bf746f002719692f06/screenshot - {}
RESULT: {"using":"xpath","value":"//td[6]/div/div/input[1]"}
COMMAND: POST /session/dbe42a6913d933bf746f002719692f06/element/f.AC1E98235C03768F9F99043C9DF93856.d.14D5D42C75A8A10D05D9D05E55B70D5C.e.9805/click - {}
RESULT: {}
RESULT: {}
COMMAND: POST /session/dbe42a6913d933bf746f002719692f06/actions - {"actions":[{"id":"action60","type":"key","parameters":{},"actions":[{"type":"keyDown","value":"î€ƒ"},{"type":"pause","duration":10},{"type":"keyUp","value":"î€ƒ"}]}]}
COMMAND: GET /session/dbe42a6913d933bf746f002719692f06/screenshot - {}
RESULT: {"actions":[{"id":"action60","type":"key","parameters":{},"actions":[{"type":"keyDown","value":"î€ƒ"},{"type":"pause","duration":10},{"type":"keyUp","value":"î€ƒ"}]}]}
COMMAND: POST /session/dbe42a6913d933bf746f002719692f06/element - {"using":"xpath","value":"//td[6]/div/div/input[1]"}
COMMAND: GET /session/dbe42a6913d933bf746f002719692f06/screenshot - {}
RESULT: {}
RESULT: {"using":"xpath","value":"//td[6]/div/div/input[1]"}
COMMAND: POST /session/dbe42a6913d933bf746f002719692f06/element/f.AC1E98235C03768F9F99043C9DF93856.d.14D5D42C75A8A10D05D9D05E55B70D5C.e.9805/clear - {}
RESULT: {}
RESULT: {}
COMMAND: POST /session/dbe42a6913d933bf746f002719692f06/element/f.AC1E98235C03768F9F99043C9DF93856.d.14D5D42C75A8A10D05D9D05E55B70D5C.e.9805/value - {"text":"Material"}
COMMAND: GET /session/dbe42a6913d933bf746f002719692f06/screenshot - {}
RESULT: {"text":"Material"}
COMMAND: GET /session/dbe42a6913d933bf746f002719692f06/screenshot - {}
RESULT: {}
RESULT: {}
COMMAND: POST /session/dbe42a6913d933bf746f002719692f06/actions - {"actions":[{"id":"action61","type":"key","parameters":{},"actions":[{"type":"keyDown","value":"î€‡"},{"type":"pause","duration":10},{"type":"keyUp","value":"î€‡"}]}]}
RESULT: {"actions":[{"id":"action61","type":"key","parameters":{},"actions":[{"type":"keyDown","value":"î€‡"},{"type":"pause","duration":10},{"type":"keyUp","value":"î€‡"}]}]}
COMMAND: GET /session/dbe42a6913d933bf746f002719692f06/screenshot - {}
RESULT: {}
COMMAND: POST /session/dbe42a6913d933bf746f002719692f06/actions - {"actions":[{"id":"action62","type":"key","parameters":{},"actions":[{"type":"keyDown","value":"î€‡"},{"type":"pause","duration":10},{"type":"keyUp","value":"î€‡"}]}]}
RESULT: {"actions":[{"id":"action62","type":"key","parameters":{},"actions":[{"type":"keyDown","value":"î€‡"},{"type":"pause","duration":10},{"type":"keyUp","value":"î€‡"}]}]}
COMMAND: POST /session/dbe42a6913d933bf746f002719692f06/element - {"using":"xpath","value":"//td[7]/div/div/input"}
COMMAND: GET /session/dbe42a6913d933bf746f002719692f06/screenshot - {}
RESULT: {"using":"xpath","value":"//td[7]/div/div/input"}
COMMAND: POST /session/dbe42a6913d933bf746f002719692f06/element/f.AC1E98235C03768F9F99043C9DF93856.d.14D5D42C75A8A10D05D9D05E55B70D5C.e.9818/clear - {}
RESULT: {}
RESULT: {}
COMMAND: POST /session/dbe42a6913d933bf746f002719692f06/element/f.AC1E98235C03768F9F99043C9DF93856.d.14D5D42C75A8A10D05D9D05E55B70D5C.e.9818/value - {"text":"WebdriverRUR2C"}
COMMAND: GET /session/dbe42a6913d933bf746f002719692f06/screenshot - {}
RESULT: {"text":"WebdriverRUR2C"}
COMMAND: GET /session/dbe42a6913d933bf746f002719692f06/screenshot - {}
RESULT: {}
RESULT: {}
COMMAND: POST /session/dbe42a6913d933bf746f002719692f06/actions - {"actions":[{"id":"action63","type":"key","parameters":{},"actions":[{"type":"keyDown","value":"î€‡"},{"type":"pause","duration":10},{"type":"keyUp","value":"î€‡"}]}]}
RESULT: {"actions":[{"id":"action63","type":"key","parameters":{},"actions":[{"type":"keyDown","value":"î€‡"},{"type":"pause","duration":10},{"type":"keyUp","value":"î€‡"}]}]}
COMMAND: GET /session/dbe42a6913d933bf746f002719692f06/screenshot - {}
RESULT: {}
COMMAND: POST /session/dbe42a6913d933bf746f002719692f06/actions - {"actions":[{"id":"action64","type":"key","parameters":{},"actions":[{"type":"keyDown","value":"î€‡"},{"type":"pause","duration":10},{"type":"keyUp","value":"î€‡"}]}]}
RESULT: {"actions":[{"id":"action64","type":"key","parameters":{},"actions":[{"type":"keyDown","value":"î€‡"},{"type":"pause","duration":10},{"type":"keyUp","value":"î€‡"}]}]}
COMMAND: GET /session/dbe42a6913d933bf746f002719692f06/screenshot - {}
RESULT: {}
COMMAND: POST /session/dbe42a6913d933bf746f002719692f06/element - {"using":"xpath","value":"(//button[@data-kt=\"saveButton\"])[2]"}
RESULT: {"using":"xpath","value":"(//button[@data-kt=\"saveButton\"])[2]"}
COMMAND: POST /session/dbe42a6913d933bf746f002719692f06/element/f.AC1E98235C03768F9F99043C9DF93856.d.14D5D42C75A8A10D05D9D05E55B70D5C.e.9844/click - {}
RESULT: {}
COMMAND: GET /session/dbe42a6913d933bf746f002719692f06/screenshot - {}
RESULT: {}
COMMAND: POST /session/dbe42a6913d933bf746f002719692f06/element - {"using":"xpath","value":"//button[contains(@data-kt ,\"contractDetailEditBtnButton\")]"}
RESULT: {"using":"xpath","value":"//button[contains(@data-kt ,\"contractDetailEditBtnButton\")]"}
COMMAND: POST /session/dbe42a6913d933bf746f002719692f06/execute/sync - {"script":"<script> [8489 bytes]","args":[{"element-6066-11e4-a52e-4f735466cecf":"f.AC1E98235C03768F9F99043C9DF93856.d.14D5D42C75A8A10D05D9D05E55B70D5C.e.9752","ELEMENT":"f.AC1E98235C03768F9F99043C9DF93856.d.14D5D42C75A8A10D05D9D05E55B70D5C.e.9752"}]}
RESULT: {"script":"<script> [8489 bytes]","args":[{"element-6066-11e4-a52e-4f735466cecf":"f.AC1E98235C03768F9F99043C9DF93856.d.14D5D42C75A8A10D05D9D05E55B70D5C.e.9752","ELEMENT":"f.AC1E98235C03768F9F99043C9DF93856.d.14D5D42C75A8A10D05D9D05E55B70D5C.e.9752"}]}
COMMAND: POST /session/dbe42a6913d933bf746f002719692f06/execute/sync - {"script":"<script> [8489 bytes]","args":[{"element-6066-11e4-a52e-4f735466cecf":"f.AC1E98235C03768F9F99043C9DF93856.d.14D5D42C75A8A10D05D9D05E55B70D5C.e.9752","ELEMENT":"f.AC1E98235C03768F9F99043C9DF93856.d.14D5D42C75A8A10D05D9D05E55B70D5C.e.9752"}]}
COMMAND: GET /session/dbe42a6913d933bf746f002719692f06/screenshot - {}
RESULT: {"script":"<script> [8489 bytes]","args":[{"element-6066-11e4-a52e-4f735466cecf":"f.AC1E98235C03768F9F99043C9DF93856.d.14D5D42C75A8A10D05D9D05E55B70D5C.e.9752","ELEMENT":"f.AC1E98235C03768F9F99043C9DF93856.d.14D5D42C75A8A10D05D9D05E55B70D5C.e.9752"}]}
COMMAND: POST /session/dbe42a6913d933bf746f002719692f06/execute/sync - {"script":"<script> [5351 bytes]","args":[{"element-6066-11e4-a52e-4f735466cecf":"f.AC1E98235C03768F9F99043C9DF93856.d.14D5D42C75A8A10D05D9D05E55B70D5C.e.9752","ELEMENT":"f.AC1E98235C03768F9F99043C9DF93856.d.14D5D42C75A8A10D05D9D05E55B70D5C.e.9752"}]}
COMMAND: GET /session/dbe42a6913d933bf746f002719692f06/screenshot - {}
RESULT: {}
RESULT: {"script":"<script> [5351 bytes]","args":[{"element-6066-11e4-a52e-4f735466cecf":"f.AC1E98235C03768F9F99043C9DF93856.d.14D5D42C75A8A10D05D9D05E55B70D5C.e.9752","ELEMENT":"f.AC1E98235C03768F9F99043C9DF93856.d.14D5D42C75A8A10D05D9D05E55B70D5C.e.9752"}]}
COMMAND: POST /session/dbe42a6913d933bf746f002719692f06/element - {"using":"xpath","value":"(//span[contains(text(), \"Header Billing Items\")])[1]"}
COMMAND: GET /session/dbe42a6913d933bf746f002719692f06/screenshot - {}
RESULT: {}
RESULT: {"using":"xpath","value":"(//span[contains(text(), \"Header Billing Items\")])[1]"}
COMMAND: POST /session/dbe42a6913d933bf746f002719692f06/element/f.AC1E98235C03768F9F99043C9DF93856.d.14D5D42C75A8A10D05D9D05E55B70D5C.e.9847/click - {}
RESULT: {}
RESULT: {}
COMMAND: GET /session/dbe42a6913d933bf746f002719692f06/screenshot - {}
RESULT: {}
COMMAND: POST /session/dbe42a6913d933bf746f002719692f06/execute/async - {"script":"<script> [1562 bytes]","args":[{"selector":{"controlType":"sap.m.Title","viewName":"etm.portal.ui.managecontracts.view.Detail","properties":{"text":"Contract Items (1)"}},"wdio_ui5_key":"etmportal.ui.managecontracts.view.Detailsap.m.Title{\"text\":\"Contract Items (1)\"}"}]}
RESULT: {"script":"<script> [1562 bytes]","args":[{"selector":{"controlType":"sap.m.Title","viewName":"etm.portal.ui.managecontracts.view.Detail","properties":{"text":"Contract Items (1)"}},"wdio_ui5_key":"etmportal.ui.managecontracts.view.Detailsap.m.Title{\"text\":\"Contract Items (1)\"}"}]}
RESULT: undefined
COMMAND: POST /session/dbe42a6913d933bf746f002719692f06/execute/async - {"script":"<script> [6424 bytes]","args":[{"element-6066-11e4-a52e-4f735466cecf":"f.AC1E98235C03768F9F99043C9DF93856.d.14D5D42C75A8A10D05D9D05E55B70D5C.e.9849"},"getText",[]]}
RESULT: {"script":"<script> [6424 bytes]","args":[{"element-6066-11e4-a52e-4f735466cecf":"f.AC1E98235C03768F9F99043C9DF93856.d.14D5D42C75A8A10D05D9D05E55B70D5C.e.9849"},"getText",[]]}
COMMAND: POST /session/dbe42a6913d933bf746f002719692f06/element - {"using":"xpath","value":"(//span[contains(@class ,\"sapMObjStatusText\")])[1]"}
RESULT: {"using":"xpath","value":"(//span[contains(@class ,\"sapMObjStatusText\")])[1]"}
COMMAND: GET /session/dbe42a6913d933bf746f002719692f06/element/f.AC1E98235C03768F9F99043C9DF93856.d.14D5D42C75A8A10D05D9D05E55B70D5C.e.9850/text - {}
RESULT: {}
COMMAND: POST /session/dbe42a6913d933bf746f002719692f06/refresh - {}
RESULT: {}
COMMAND: GET /session/dbe42a6913d933bf746f002719692f06/screenshot - {}
RESULT: {}
COMMAND: POST /session/dbe42a6913d933bf746f002719692f06/execute/async - {"script":"<script> [189 bytes]","args":[]}
RESULT: {"script":"<script> [189 bytes]","args":[]}
COMMAND: POST /session/dbe42a6913d933bf746f002719692f06/execute/async - {"script":"<script> [123 bytes]","args":[]}
RESULT: {"script":"<script> [123 bytes]","args":[]}
COMMAND: POST /session/dbe42a6913d933bf746f002719692f06/timeouts - {"script":"<number>"}
RESULT: {"script":"<number>"}
COMMAND: GET /session/dbe42a6913d933bf746f002719692f06/timeouts - {}
RESULT: {}
RESULT: undefined
COMMAND: POST /session/dbe42a6913d933bf746f002719692f06/execute/async - {"script":"<script> [2676 bytes]","args":[]}
RESULT: {"script":"<script> [2676 bytes]","args":[]}
COMMAND: POST /session/dbe42a6913d933bf746f002719692f06/execute/async - {"script":"<script> [2342 bytes]","args":[{"protocol":"http","hostname":"0.0.0.0","path":"/","capabilities":{"browserName":"chrome","goog:chromeOptions":{"binary":"C:\\Program Files\\Google\\Chrome\\Application\\chrome.exe","args":["--start-maximized"]}},"logLevel":"warn","connectionRetryTimeout":120000,"connectionRetryCount":3,"logLevels":{},"enableDirectConnect":true,"strictSSL":true,"_":"65 more keys: [\"cacheDir\",\"port\",\"requestedCapabilities\",\"automationProtocol\",\"baseUrl\",\"waitforInterval\",\"waitforTimeout\",\"onReload\",\"beforeCommand\",\"afterCommand\",\"rootDir\",\"specs\",\"suites\",\"exclude\",\"groupLogsByTestSpec\",\"excludeDriverLogs\",\"bail\",\"framework\",\"reporters\",\"services\",\"maxInstances\",\"maxInstancesPerCapability\",\"injectGlobals\",\"filesToWatch\",\"execArgv\",\"runnerEnv\",\"runner\",\"shard\",\"specFileRetries\",\"specFileRetriesDelay\",\"specFileRetriesDeferred\",\"reporterSyncInterval\",\"reporterSyncTimeout\",\"cucumberFeaturesWithLineNumbers\",\"autoCompileOpts\",\"mochaOpts\",\"jasmineOpts\",\"cucumberOpts\",\"onPrepare\",\"onWorkerStart\",\"onWorkerEnd\",\"before\",\"beforeSession\",\"beforeSuite\",\"beforeHook\",\"beforeTest\",\"afterTest\",\"afterHook\",\"afterSuite\",\"afterSession\",\"after\",\"onComplete\",\"beforeAssertion\",\"afterAssertion\",\"beforeFeature\",\"beforeScenario\",\"beforeStep\",\"afterStep\",\"afterScenario\",\"afterFeature\",\"_\",\"suite\",\"$0\",\"ignoredWorkerServices\",\"wdi5\"]"}]}
RESULT: {"script":"<script> [2342 bytes]","args":[{"protocol":"http","hostname":"0.0.0.0","path":"/","capabilities":{"browserName":"chrome","goog:chromeOptions":{"binary":"C:\\Program Files\\Google\\Chrome\\Application\\chrome.exe","args":["--start-maximized"]}},"logLevel":"warn","connectionRetryTimeout":120000,"connectionRetryCount":3,"logLevels":{},"enableDirectConnect":true,"strictSSL":true,"_":"65 more keys: [\"cacheDir\",\"port\",\"requestedCapabilities\",\"automationProtocol\",\"baseUrl\",\"waitforInterval\",\"waitforTimeout\",\"onReload\",\"beforeCommand\",\"afterCommand\",\"rootDir\",\"specs\",\"suites\",\"exclude\",\"groupLogsByTestSpec\",\"excludeDriverLogs\",\"bail\",\"framework\",\"reporters\",\"services\",\"maxInstances\",\"maxInstancesPerCapability\",\"injectGlobals\",\"filesToWatch\",\"execArgv\",\"runnerEnv\",\"runner\",\"shard\",\"specFileRetries\",\"specFileRetriesDelay\",\"specFileRetriesDeferred\",\"reporterSyncInterval\",\"reporterSyncTimeout\",\"cucumberFeaturesWithLineNumbers\",\"autoCompileOpts\",\"mochaOpts\",\"jasmineOpts\",\"cucumberOpts\",\"onPrepare\",\"onWorkerStart\",\"onWorkerEnd\",\"before\",\"beforeSession\",\"beforeSuite\",\"beforeHook\",\"beforeTest\",\"afterTest\",\"afterHook\",\"afterSuite\",\"afterSession\",\"after\",\"onComplete\",\"beforeAssertion\",\"afterAssertion\",\"beforeFeature\",\"beforeScenario\",\"beforeStep\",\"afterStep\",\"afterScenario\",\"afterFeature\",\"_\",\"suite\",\"$0\",\"ignoredWorkerServices\",\"wdi5\"]"}]}
COMMAND: POST /session/dbe42a6913d933bf746f002719692f06/execute/async - {"script":"<script> [21126 bytes]","args":[35000]}
RESULT: {"script":"<script> [21126 bytes]","args":[35000]}
COMMAND: POST /session/dbe42a6913d933bf746f002719692f06/element - {"using":"css selector","value":"#shell-header-logo"}
RESULT: {"using":"css selector","value":"#shell-header-logo"}
COMMAND: POST /session/dbe42a6913d933bf746f002719692f06/element/f.AC1E98235C03768F9F99043C9DF93856.d.848131BE78063326C65518A332CBF9F7.e.9857/click - {}
RESULT: {}
COMMAND: GET /session/dbe42a6913d933bf746f002719692f06/screenshot - {}
RESULT: {}
]]></system-out>
    </testcase>
  </testsuite>
  <testsuite timestamp="2025-05-13T18:22:14" time="1068.574" tests="7" failures="2" errors="2" skipped="0">
    <properties>
      <property name="specId" value="0" />
      <property name="suiteName" value="E2E - Logistical and commercial statuses" />
      <property name="capabilities" value="chrome.136_0_7103_49.windows" />
      <property name="file" value="file:///D:/a/1/s/test/specs/R2C/E2E-Logistical-and-commercial-status.spec.js" />
    </properties>
    <testcase classname="chrome.136_0_7103_49.windows.E2E_-_Logistical_and_commercial_statuses" name="Should create prerequisites yard partner and site" time="328.093">
      <system-out><![CDATA[
COMMAND: POST /session/dbe42a6913d933bf746f002719692f06/execute/async - {"script":"<script> [1562 bytes]","args":[{"selector":{"controlType":"sap.m.GenericTile","properties":{"header":"Manage Yards"}},"wdio_ui5_key":"sapm.GenericTile{\"header\":\"Manage Yards\"}"}]}
RESULT: {"script":"<script> [1562 bytes]","args":[{"selector":{"controlType":"sap.m.GenericTile","properties":{"header":"Manage Yards"}},"wdio_ui5_key":"sapm.GenericTile{\"header\":\"Manage Yards\"}"}]}
RESULT: undefined
COMMAND: POST /session/dbe42a6913d933bf746f002719692f06/element - {"using":"xpath","value":"//*[@id=\"__tile41\"]"}
RESULT: {"using":"xpath","value":"//*[@id=\"__tile41\"]"}
COMMAND: POST /session/dbe42a6913d933bf746f002719692f06/element/f.AC1E98235C03768F9F99043C9DF93856.d.848131BE78063326C65518A332CBF9F7.e.10073/click - {}
RESULT: {}
COMMAND: GET /session/dbe42a6913d933bf746f002719692f06/screenshot - {}
RESULT: {}
COMMAND: POST /session/dbe42a6913d933bf746f002719692f06/elements - {"using":"xpath","value":"//span[text()='Error']"}
RESULT: {"using":"xpath","value":"//span[text()='Error']"}
COMMAND: POST /session/dbe42a6913d933bf746f002719692f06/execute/async - {"script":"<script> [1562 bytes]","args":[{"selector":{"controlType":"sap.ui.core.Icon","viewName":"etm.portal.ui.manageyards.view.Master","viewId":"application-manageyards-display-component---masterYard","properties":{"src":{"regex":{"source":"add"}}}},"wdio_ui5_key":"etmportal.ui.manageyards.view.Mastersap.ui.core.Icon{\"src\":{\"regex\":{\"source\":\"add\"}}}"}]}
RESULT: {"script":"<script> [1562 bytes]","args":[{"selector":{"controlType":"sap.ui.core.Icon","viewName":"etm.portal.ui.manageyards.view.Master","viewId":"application-manageyards-display-component---masterYard","properties":{"src":{"regex":{"source":"add"}}}},"wdio_ui5_key":"etmportal.ui.manageyards.view.Mastersap.ui.core.Icon{\"src\":{\"regex\":{\"source\":\"add\"}}}"}]}
RESULT: undefined
COMMAND: POST /session/dbe42a6913d933bf746f002719692f06/element - {"using":"xpath","value":"//*[@id=\"__button14-img\"]"}
RESULT: {"using":"xpath","value":"//*[@id=\"__button14-img\"]"}
COMMAND: POST /session/dbe42a6913d933bf746f002719692f06/element/f.AC1E98235C03768F9F99043C9DF93856.d.848131BE78063326C65518A332CBF9F7.e.10116/click - {}
RESULT: {}
COMMAND: GET /session/dbe42a6913d933bf746f002719692f06/screenshot - {}
RESULT: {}
COMMAND: POST /session/dbe42a6913d933bf746f002719692f06/execute/async - {"script":"<script> [1562 bytes]","args":[{"selector":{"id":"application-manageyards-display-component---NewYard--yardId","interaction":{"idSuffix":"inner"}},"wdio_ui5_key":"applicationmanageyards-display-component---NewYard--yardId"}]}
RESULT: {"script":"<script> [1562 bytes]","args":[{"selector":{"id":"application-manageyards-display-component---NewYard--yardId","interaction":{"idSuffix":"inner"}},"wdio_ui5_key":"applicationmanageyards-display-component---NewYard--yardId"}]}
RESULT: undefined
COMMAND: POST /session/dbe42a6913d933bf746f002719692f06/element - {"using":"xpath","value":"//*[@id=\"application-manageyards-display-component---NewYard--addressDetailDetailsName1-inner\"]"}
RESULT: {"using":"xpath","value":"//*[@id=\"application-manageyards-display-component---NewYard--addressDetailDetailsName1-inner\"]"}
COMMAND: POST /session/dbe42a6913d933bf746f002719692f06/element/f.AC1E98235C03768F9F99043C9DF93856.d.848131BE78063326C65518A332CBF9F7.e.10301/clear - {}
RESULT: {}
COMMAND: POST /session/dbe42a6913d933bf746f002719692f06/element/f.AC1E98235C03768F9F99043C9DF93856.d.848131BE78063326C65518A332CBF9F7.e.10301/value - {"text":"WebdriverYardleral"}
RESULT: {"text":"WebdriverYardleral"}
COMMAND: POST /session/dbe42a6913d933bf746f002719692f06/element - {"using":"xpath","value":"//*[@id=\"application-manageyards-display-component---NewYard--addressDetailDetailsLanguage-inner\"]"}
COMMAND: GET /session/dbe42a6913d933bf746f002719692f06/screenshot - {}
COMMAND: GET /session/dbe42a6913d933bf746f002719692f06/screenshot - {}
RESULT: {"using":"xpath","value":"//*[@id=\"application-manageyards-display-component---NewYard--addressDetailDetailsLanguage-inner\"]"}
COMMAND: POST /session/dbe42a6913d933bf746f002719692f06/element/f.AC1E98235C03768F9F99043C9DF93856.d.848131BE78063326C65518A332CBF9F7.e.10302/clear - {}
RESULT: {}
RESULT: {}
RESULT: {}
COMMAND: POST /session/dbe42a6913d933bf746f002719692f06/element/f.AC1E98235C03768F9F99043C9DF93856.d.848131BE78063326C65518A332CBF9F7.e.10302/value - {"text":"Romanian"}
COMMAND: GET /session/dbe42a6913d933bf746f002719692f06/screenshot - {}
RESULT: {"text":"Romanian"}
COMMAND: POST /session/dbe42a6913d933bf746f002719692f06/element - {"using":"xpath","value":"//input[contains(@id ,\"application-manageyards-display-component---NewYard--addressDetailDetailsName1-inner\")]"}
COMMAND: GET /session/dbe42a6913d933bf746f002719692f06/screenshot - {}
RESULT: {}
RESULT: {"using":"xpath","value":"//input[contains(@id ,\"application-manageyards-display-component---NewYard--addressDetailDetailsName1-inner\")]"}
COMMAND: GET /session/dbe42a6913d933bf746f002719692f06/element/f.AC1E98235C03768F9F99043C9DF93856.d.848131BE78063326C65518A332CBF9F7.e.10301/property/value - {}
RESULT: {}
RESULT: {}
COMMAND: GET /session/dbe42a6913d933bf746f002719692f06/screenshot - {}
RESULT: {}
COMMAND: POST /session/dbe42a6913d933bf746f002719692f06/element - {"using":"xpath","value":"//*[@id=\"application-manageyards-display-component---NewYard--addressDetailDetailsCity1-inner\"]"}
RESULT: {"using":"xpath","value":"//*[@id=\"application-manageyards-display-component---NewYard--addressDetailDetailsCity1-inner\"]"}
COMMAND: POST /session/dbe42a6913d933bf746f002719692f06/element/f.AC1E98235C03768F9F99043C9DF93856.d.848131BE78063326C65518A332CBF9F7.e.10304/clear - {}
RESULT: {}
COMMAND: POST /session/dbe42a6913d933bf746f002719692f06/element/f.AC1E98235C03768F9F99043C9DF93856.d.848131BE78063326C65518A332CBF9F7.e.10304/value - {"text":"Bucuresti"}
COMMAND: GET /session/dbe42a6913d933bf746f002719692f06/screenshot - {}
RESULT: {"text":"Bucuresti"}
COMMAND: GET /session/dbe42a6913d933bf746f002719692f06/screenshot - {}
RESULT: {}
RESULT: {}
COMMAND: POST /session/dbe42a6913d933bf746f002719692f06/element - {"using":"xpath","value":"//*[@id=\"application-manageyards-display-component---NewYard--addressDetailDetailsCountry-inner\"]"}
RESULT: {"using":"xpath","value":"//*[@id=\"application-manageyards-display-component---NewYard--addressDetailDetailsCountry-inner\"]"}
COMMAND: POST /session/dbe42a6913d933bf746f002719692f06/element/f.AC1E98235C03768F9F99043C9DF93856.d.848131BE78063326C65518A332CBF9F7.e.10308/clear - {}
RESULT: {}
COMMAND: POST /session/dbe42a6913d933bf746f002719692f06/element/f.AC1E98235C03768F9F99043C9DF93856.d.848131BE78063326C65518A332CBF9F7.e.10308/value - {"text":"Romania"}
RESULT: {"text":"Romania"}
COMMAND: GET /session/dbe42a6913d933bf746f002719692f06/screenshot - {}
COMMAND: GET /session/dbe42a6913d933bf746f002719692f06/screenshot - {}
RESULT: {}
RESULT: {}
COMMAND: POST /session/dbe42a6913d933bf746f002719692f06/element - {"using":"xpath","value":"//div[contains(text(), \"Commercial\")]"}
RESULT: {"using":"xpath","value":"//div[contains(text(), \"Commercial\")]"}
COMMAND: GET /session/dbe42a6913d933bf746f002719692f06/element/f.AC1E98235C03768F9F99043C9DF93856.d.848131BE78063326C65518A332CBF9F7.e.10546/rect - {}
RESULT: {}
COMMAND: GET /session/dbe42a6913d933bf746f002719692f06/window/rect - {}
RESULT: {}
COMMAND: POST /session/dbe42a6913d933bf746f002719692f06/execute/sync - {"script":"<script> [92 bytes]","args":[]}
RESULT: {"script":"<script> [92 bytes]","args":[]}
COMMAND: POST /session/dbe42a6913d933bf746f002719692f06/actions - {"actions":[{"id":"action65","type":"wheel","parameters":{},"actions":[{"type":"scroll","x":-1841,"y":-44,"deltaX":0,"deltaY":0,"duration":0,"origin":{"element-6066-11e4-a52e-4f735466cecf":"f.AC1E98235C03768F9F99043C9DF93856.d.848131BE78063326C65518A332CBF9F7.e.10546"}}]}]}
COMMAND: GET /session/dbe42a6913d933bf746f002719692f06/screenshot - {}
RESULT: {}
COMMAND: POST /session/dbe42a6913d933bf746f002719692f06/execute/sync - {"script":"<script> [79 bytes]","args":[{"element-6066-11e4-a52e-4f735466cecf":"f.AC1E98235C03768F9F99043C9DF93856.d.848131BE78063326C65518A332CBF9F7.e.10546","ELEMENT":"f.AC1E98235C03768F9F99043C9DF93856.d.848131BE78063326C65518A332CBF9F7.e.10546"},{"block":"start","inline":"nearest"}]}
RESULT: {"script":"<script> [79 bytes]","args":[{"element-6066-11e4-a52e-4f735466cecf":"f.AC1E98235C03768F9F99043C9DF93856.d.848131BE78063326C65518A332CBF9F7.e.10546","ELEMENT":"f.AC1E98235C03768F9F99043C9DF93856.d.848131BE78063326C65518A332CBF9F7.e.10546"},{"block":"start","inline":"nearest"}]}
COMMAND: GET /session/dbe42a6913d933bf746f002719692f06/screenshot - {}
RESULT: {}
COMMAND: POST /session/dbe42a6913d933bf746f002719692f06/execute/async - {"script":"<script> [1562 bytes]","args":[{"selector":{"id":"application-manageyards-display-component---NewYard--addressEditDetailsCostObjectCstType-arrow"},"wdio_ui5_key":"applicationmanageyards-display-component---NewYard--addressEditDetailsCostObjectCstType-arrow"}]}
RESULT: {"script":"<script> [1562 bytes]","args":[{"selector":{"id":"application-manageyards-display-component---NewYard--addressEditDetailsCostObjectCstType-arrow"},"wdio_ui5_key":"applicationmanageyards-display-component---NewYard--addressEditDetailsCostObjectCstType-arrow"}]}
RESULT: undefined
COMMAND: POST /session/dbe42a6913d933bf746f002719692f06/element - {"using":"xpath","value":"//*[@id=\"application-manageyards-display-component---NewYard--addressEditDetailsCostObjectCstType-arrow\"]"}
RESULT: {"using":"xpath","value":"//*[@id=\"application-manageyards-display-component---NewYard--addressEditDetailsCostObjectCstType-arrow\"]"}
COMMAND: POST /session/dbe42a6913d933bf746f002719692f06/element/f.AC1E98235C03768F9F99043C9DF93856.d.848131BE78063326C65518A332CBF9F7.e.10554/click - {}
RESULT: {}
COMMAND: POST /session/dbe42a6913d933bf746f002719692f06/element - {"using":"xpath","value":"//span[contains(text(), \"Cost Center\")]"}
COMMAND: GET /session/dbe42a6913d933bf746f002719692f06/screenshot - {}
RESULT: {"using":"xpath","value":"//span[contains(text(), \"Cost Center\")]"}
COMMAND: POST /session/dbe42a6913d933bf746f002719692f06/element/f.AC1E98235C03768F9F99043C9DF93856.d.848131BE78063326C65518A332CBF9F7.e.10555/click - {}
RESULT: {}
RESULT: {}
COMMAND: GET /session/dbe42a6913d933bf746f002719692f06/screenshot - {}
RESULT: {}
COMMAND: POST /session/dbe42a6913d933bf746f002719692f06/execute/async - {"script":"<script> [1562 bytes]","args":[{"selector":{"id":"application-manageyards-display-component---NewYard--addressNewCostObjectCstID-vhi"},"wdio_ui5_key":"applicationmanageyards-display-component---NewYard--addressNewCostObjectCstID-vhi"}]}
RESULT: {"script":"<script> [1562 bytes]","args":[{"selector":{"id":"application-manageyards-display-component---NewYard--addressNewCostObjectCstID-vhi"},"wdio_ui5_key":"applicationmanageyards-display-component---NewYard--addressNewCostObjectCstID-vhi"}]}
RESULT: undefined
COMMAND: POST /session/dbe42a6913d933bf746f002719692f06/element - {"using":"xpath","value":"//*[@id=\"application-manageyards-display-component---NewYard--addressNewCostObjectCstID-vhi\"]"}
RESULT: {"using":"xpath","value":"//*[@id=\"application-manageyards-display-component---NewYard--addressNewCostObjectCstID-vhi\"]"}
COMMAND: POST /session/dbe42a6913d933bf746f002719692f06/element/f.AC1E98235C03768F9F99043C9DF93856.d.848131BE78063326C65518A332CBF9F7.e.10559/click - {}
RESULT: {}
COMMAND: GET /session/dbe42a6913d933bf746f002719692f06/screenshot - {}
RESULT: {}
COMMAND: POST /session/dbe42a6913d933bf746f002719692f06/execute/async - {"script":"<script> [1562 bytes]","args":[{"selector":{"controlType":"sap.m.SearchField","properties":{"placeholder":"Search"},"searchOpenDialogs":true,"interaction":{"idSuffix":"I"}},"wdio_ui5_key":"sapm.SearchField{\"placeholder\":\"Search\"}"}]}
RESULT: {"script":"<script> [1562 bytes]","args":[{"selector":{"controlType":"sap.m.SearchField","properties":{"placeholder":"Search"},"searchOpenDialogs":true,"interaction":{"idSuffix":"I"}},"wdio_ui5_key":"sapm.SearchField{\"placeholder\":\"Search\"}"}]}
RESULT: undefined
COMMAND: POST /session/dbe42a6913d933bf746f002719692f06/execute/async - {"script":"<script> [776 bytes]","args":[{"enterText":"10001013","selector":{"controlType":"sap.m.SearchField","properties":{"placeholder":"Search"},"searchOpenDialogs":true,"interaction":{"idSuffix":"I"}},"clearTextFirst":true,"interactionType":"ENTER_TEXT"}]}
RESULT: {"script":"<script> [776 bytes]","args":[{"enterText":"10001013","selector":{"controlType":"sap.m.SearchField","properties":{"placeholder":"Search"},"searchOpenDialogs":true,"interaction":{"idSuffix":"I"}},"clearTextFirst":true,"interactionType":"ENTER_TEXT"}]}
COMMAND: POST /session/dbe42a6913d933bf746f002719692f06/actions - {"actions":[{"id":"action66","type":"key","parameters":{},"actions":[{"type":"keyDown","value":"î€‡"},{"type":"pause","duration":10},{"type":"keyUp","value":"î€‡"}]}]}
RESULT: {"actions":[{"id":"action66","type":"key","parameters":{},"actions":[{"type":"keyDown","value":"î€‡"},{"type":"pause","duration":10},{"type":"keyUp","value":"î€‡"}]}]}
COMMAND: GET /session/dbe42a6913d933bf746f002719692f06/screenshot - {}
RESULT: {}
COMMAND: POST /session/dbe42a6913d933bf746f002719692f06/element - {"using":"xpath","value":"//span[contains(text(), \"General Management\")]"}
RESULT: {"using":"xpath","value":"//span[contains(text(), \"General Management\")]"}
COMMAND: POST /session/dbe42a6913d933bf746f002719692f06/element/f.AC1E98235C03768F9F99043C9DF93856.d.848131BE78063326C65518A332CBF9F7.e.10600/click - {}
RESULT: {}
COMMAND: GET /session/dbe42a6913d933bf746f002719692f06/screenshot - {}
RESULT: {}
COMMAND: POST /session/dbe42a6913d933bf746f002719692f06/element - {"using":"xpath","value":"//bdi[contains(text(), \"OK\")]"}
RESULT: {"using":"xpath","value":"//bdi[contains(text(), \"OK\")]"}
COMMAND: POST /session/dbe42a6913d933bf746f002719692f06/element/f.AC1E98235C03768F9F99043C9DF93856.d.848131BE78063326C65518A332CBF9F7.e.10601/click - {}
RESULT: {}
COMMAND: GET /session/dbe42a6913d933bf746f002719692f06/screenshot - {}
RESULT: {}
COMMAND: POST /session/dbe42a6913d933bf746f002719692f06/execute/async - {"script":"<script> [1562 bytes]","args":[{"selector":{"controlType":"sap.m.Button","viewName":"etm.portal.ui.manageyards.view.New","viewId":"application-manageyards-display-component---NewYard","i18NText":{"propertyName":"text","key":"save"},"interaction":{"idSuffix":"inner"}},"wdio_ui5_key":"etmportal.ui.manageyards.view.Newsap.m.Button{\"propertyName\":\"text\",\"key\":\"save\"}"}]}
RESULT: {"script":"<script> [1562 bytes]","args":[{"selector":{"controlType":"sap.m.Button","viewName":"etm.portal.ui.manageyards.view.New","viewId":"application-manageyards-display-component---NewYard","i18NText":{"propertyName":"text","key":"save"},"interaction":{"idSuffix":"inner"}},"wdio_ui5_key":"etmportal.ui.manageyards.view.Newsap.m.Button{\"propertyName\":\"text\",\"key\":\"save\"}"}]}
RESULT: undefined
COMMAND: POST /session/dbe42a6913d933bf746f002719692f06/element - {"using":"xpath","value":"//*[@id=\"__button28\"]"}
RESULT: {"using":"xpath","value":"//*[@id=\"__button28\"]"}
COMMAND: POST /session/dbe42a6913d933bf746f002719692f06/element/f.AC1E98235C03768F9F99043C9DF93856.d.848131BE78063326C65518A332CBF9F7.e.10507/click - {}
RESULT: {}
COMMAND: GET /session/dbe42a6913d933bf746f002719692f06/screenshot - {}
RESULT: {}
COMMAND: POST /session/dbe42a6913d933bf746f002719692f06/element - {"using":"xpath","value":"//header/div/div[2]/div[2]/span"}
RESULT: {"using":"xpath","value":"//header/div/div[2]/div[2]/span"}
COMMAND: GET /session/dbe42a6913d933bf746f002719692f06/element/f.AC1E98235C03768F9F99043C9DF93856.d.848131BE78063326C65518A332CBF9F7.e.10799/text - {}
RESULT: {}
COMMAND: POST /session/dbe42a6913d933bf746f002719692f06/execute/async - {"script":"<script> [1562 bytes]","args":[{"selector":{"controlType":"sap.m.OverflowToolbarButton","viewName":"etm.portal.ui.manageyards.view.Detail","viewId":"application-manageyards-display-component---detailYard","i18NText":{"propertyName":"tooltip","key":"closeColumn"},"interaction":{"idSuffix":"inner"}},"wdio_ui5_key":"etmportal.ui.manageyards.view.Detailsap.m.OverflowToolbarButton{\"propertyName\":\"tooltip\",\"key\":\"closeColumn\"}"}]}
RESULT: {"script":"<script> [1562 bytes]","args":[{"selector":{"controlType":"sap.m.OverflowToolbarButton","viewName":"etm.portal.ui.manageyards.view.Detail","viewId":"application-manageyards-display-component---detailYard","i18NText":{"propertyName":"tooltip","key":"closeColumn"},"interaction":{"idSuffix":"inner"}},"wdio_ui5_key":"etmportal.ui.manageyards.view.Detailsap.m.OverflowToolbarButton{\"propertyName\":\"tooltip\",\"key\":\"closeColumn\"}"}]}
RESULT: undefined
COMMAND: POST /session/dbe42a6913d933bf746f002719692f06/element - {"using":"xpath","value":"//*[@id=\"__button50\"]"}
RESULT: {"using":"xpath","value":"//*[@id=\"__button50\"]"}
COMMAND: POST /session/dbe42a6913d933bf746f002719692f06/element/f.AC1E98235C03768F9F99043C9DF93856.d.848131BE78063326C65518A332CBF9F7.e.10801/click - {}
RESULT: {}
COMMAND: GET /session/dbe42a6913d933bf746f002719692f06/screenshot - {}
RESULT: {}
COMMAND: POST /session/dbe42a6913d933bf746f002719692f06/element - {"using":"css selector","value":"#shell-header-logo"}
RESULT: {"using":"css selector","value":"#shell-header-logo"}
COMMAND: POST /session/dbe42a6913d933bf746f002719692f06/element/f.AC1E98235C03768F9F99043C9DF93856.d.848131BE78063326C65518A332CBF9F7.e.10082/click - {}
RESULT: {}
COMMAND: GET /session/dbe42a6913d933bf746f002719692f06/screenshot - {}
RESULT: {}
COMMAND: POST /session/dbe42a6913d933bf746f002719692f06/refresh - {}
RESULT: {}
COMMAND: GET /session/dbe42a6913d933bf746f002719692f06/screenshot - {}
RESULT: {}
COMMAND: POST /session/dbe42a6913d933bf746f002719692f06/execute/async - {"script":"<script> [189 bytes]","args":[]}
RESULT: {"script":"<script> [189 bytes]","args":[]}
COMMAND: POST /session/dbe42a6913d933bf746f002719692f06/execute/async - {"script":"<script> [123 bytes]","args":[]}
RESULT: {"script":"<script> [123 bytes]","args":[]}
COMMAND: POST /session/dbe42a6913d933bf746f002719692f06/timeouts - {"script":"<number>"}
RESULT: {"script":"<number>"}
COMMAND: GET /session/dbe42a6913d933bf746f002719692f06/timeouts - {}
RESULT: {}
RESULT: undefined
COMMAND: POST /session/dbe42a6913d933bf746f002719692f06/execute/async - {"script":"<script> [2676 bytes]","args":[]}
RESULT: {"script":"<script> [2676 bytes]","args":[]}
COMMAND: POST /session/dbe42a6913d933bf746f002719692f06/execute/async - {"script":"<script> [2342 bytes]","args":[{"protocol":"http","hostname":"0.0.0.0","path":"/","capabilities":{"browserName":"chrome","goog:chromeOptions":{"binary":"C:\\Program Files\\Google\\Chrome\\Application\\chrome.exe","args":["--start-maximized"]}},"logLevel":"warn","connectionRetryTimeout":120000,"connectionRetryCount":3,"logLevels":{},"enableDirectConnect":true,"strictSSL":true,"_":"65 more keys: [\"cacheDir\",\"port\",\"requestedCapabilities\",\"automationProtocol\",\"baseUrl\",\"waitforInterval\",\"waitforTimeout\",\"onReload\",\"beforeCommand\",\"afterCommand\",\"rootDir\",\"specs\",\"suites\",\"exclude\",\"groupLogsByTestSpec\",\"excludeDriverLogs\",\"bail\",\"framework\",\"reporters\",\"services\",\"maxInstances\",\"maxInstancesPerCapability\",\"injectGlobals\",\"filesToWatch\",\"execArgv\",\"runnerEnv\",\"runner\",\"shard\",\"specFileRetries\",\"specFileRetriesDelay\",\"specFileRetriesDeferred\",\"reporterSyncInterval\",\"reporterSyncTimeout\",\"cucumberFeaturesWithLineNumbers\",\"autoCompileOpts\",\"mochaOpts\",\"jasmineOpts\",\"cucumberOpts\",\"onPrepare\",\"onWorkerStart\",\"onWorkerEnd\",\"before\",\"beforeSession\",\"beforeSuite\",\"beforeHook\",\"beforeTest\",\"afterTest\",\"afterHook\",\"afterSuite\",\"afterSession\",\"after\",\"onComplete\",\"beforeAssertion\",\"afterAssertion\",\"beforeFeature\",\"beforeScenario\",\"beforeStep\",\"afterStep\",\"afterScenario\",\"afterFeature\",\"_\",\"suite\",\"$0\",\"ignoredWorkerServices\",\"wdi5\"]"}]}
RESULT: {"script":"<script> [2342 bytes]","args":[{"protocol":"http","hostname":"0.0.0.0","path":"/","capabilities":{"browserName":"chrome","goog:chromeOptions":{"binary":"C:\\Program Files\\Google\\Chrome\\Application\\chrome.exe","args":["--start-maximized"]}},"logLevel":"warn","connectionRetryTimeout":120000,"connectionRetryCount":3,"logLevels":{},"enableDirectConnect":true,"strictSSL":true,"_":"65 more keys: [\"cacheDir\",\"port\",\"requestedCapabilities\",\"automationProtocol\",\"baseUrl\",\"waitforInterval\",\"waitforTimeout\",\"onReload\",\"beforeCommand\",\"afterCommand\",\"rootDir\",\"specs\",\"suites\",\"exclude\",\"groupLogsByTestSpec\",\"excludeDriverLogs\",\"bail\",\"framework\",\"reporters\",\"services\",\"maxInstances\",\"maxInstancesPerCapability\",\"injectGlobals\",\"filesToWatch\",\"execArgv\",\"runnerEnv\",\"runner\",\"shard\",\"specFileRetries\",\"specFileRetriesDelay\",\"specFileRetriesDeferred\",\"reporterSyncInterval\",\"reporterSyncTimeout\",\"cucumberFeaturesWithLineNumbers\",\"autoCompileOpts\",\"mochaOpts\",\"jasmineOpts\",\"cucumberOpts\",\"onPrepare\",\"onWorkerStart\",\"onWorkerEnd\",\"before\",\"beforeSession\",\"beforeSuite\",\"beforeHook\",\"beforeTest\",\"afterTest\",\"afterHook\",\"afterSuite\",\"afterSession\",\"after\",\"onComplete\",\"beforeAssertion\",\"afterAssertion\",\"beforeFeature\",\"beforeScenario\",\"beforeStep\",\"afterStep\",\"afterScenario\",\"afterFeature\",\"_\",\"suite\",\"$0\",\"ignoredWorkerServices\",\"wdi5\"]"}]}
COMMAND: POST /session/dbe42a6913d933bf746f002719692f06/execute/async - {"script":"<script> [21126 bytes]","args":[35000]}
RESULT: {"script":"<script> [21126 bytes]","args":[35000]}
COMMAND: POST /session/dbe42a6913d933bf746f002719692f06/execute/async - {"script":"<script> [1562 bytes]","args":[{"selector":{"controlType":"sap.m.GenericTile","properties":{"header":"Manage Partners"}},"wdio_ui5_key":"sapm.GenericTile{\"header\":\"Manage Partners\"}"}]}
RESULT: {"script":"<script> [1562 bytes]","args":[{"selector":{"controlType":"sap.m.GenericTile","properties":{"header":"Manage Partners"}},"wdio_ui5_key":"sapm.GenericTile{\"header\":\"Manage Partners\"}"}]}
RESULT: undefined
COMMAND: POST /session/dbe42a6913d933bf746f002719692f06/element - {"using":"xpath","value":"//*[@id=\"__tile38\"]"}
RESULT: {"using":"xpath","value":"//*[@id=\"__tile38\"]"}
COMMAND: POST /session/dbe42a6913d933bf746f002719692f06/element/f.AC1E98235C03768F9F99043C9DF93856.d.7216563570D1264374D9AA03FDCE4759.e.11154/click - {}
RESULT: {}
COMMAND: GET /session/dbe42a6913d933bf746f002719692f06/screenshot - {}
RESULT: {}
COMMAND: POST /session/dbe42a6913d933bf746f002719692f06/elements - {"using":"xpath","value":"//span[text()='Error']"}
RESULT: {"using":"xpath","value":"//span[text()='Error']"}
COMMAND: POST /session/dbe42a6913d933bf746f002719692f06/execute/async - {"script":"<script> [1562 bytes]","args":[{"selector":{"controlType":"sap.ui.core.Icon","viewName":"etm.portal.ui.managepartners.view.Master","viewId":"application-managepartners-display-component---masterPtm","properties":{"src":{"regex":{"source":"add"}}}},"wdio_ui5_key":"etmportal.ui.managepartners.view.Mastersap.ui.core.Icon{\"src\":{\"regex\":{\"source\":\"add\"}}}"}]}
RESULT: {"script":"<script> [1562 bytes]","args":[{"selector":{"controlType":"sap.ui.core.Icon","viewName":"etm.portal.ui.managepartners.view.Master","viewId":"application-managepartners-display-component---masterPtm","properties":{"src":{"regex":{"source":"add"}}}},"wdio_ui5_key":"etmportal.ui.managepartners.view.Mastersap.ui.core.Icon{\"src\":{\"regex\":{\"source\":\"add\"}}}"}]}
RESULT: undefined
COMMAND: POST /session/dbe42a6913d933bf746f002719692f06/element - {"using":"xpath","value":"//*[@id=\"__button4-img\"]"}
RESULT: {"using":"xpath","value":"//*[@id=\"__button4-img\"]"}
COMMAND: POST /session/dbe42a6913d933bf746f002719692f06/element/f.AC1E98235C03768F9F99043C9DF93856.d.7216563570D1264374D9AA03FDCE4759.e.11204/click - {}
RESULT: {}
COMMAND: GET /session/dbe42a6913d933bf746f002719692f06/screenshot - {}
RESULT: {}
COMMAND: POST /session/dbe42a6913d933bf746f002719692f06/execute/async - {"script":"<script> [1562 bytes]","args":[{"selector":{"id":"application-managepartners-display-component---NewPartner--partnerId","interaction":{"idSuffix":"inner"}},"wdio_ui5_key":"applicationmanagepartners-display-component---NewPartner--partnerId"}]}
RESULT: {"script":"<script> [1562 bytes]","args":[{"selector":{"id":"application-managepartners-display-component---NewPartner--partnerId","interaction":{"idSuffix":"inner"}},"wdio_ui5_key":"applicationmanagepartners-display-component---NewPartner--partnerId"}]}
RESULT: undefined
COMMAND: POST /session/dbe42a6913d933bf746f002719692f06/execute/async - {"script":"<script> [1562 bytes]","args":[{"selector":{"id":"application-managepartners-display-component---NewPartner--addressDetailDetailsName1","interaction":{"idSuffix":"inner"}},"wdio_ui5_key":"applicationmanagepartners-display-component---NewPartner--addressDetailDetailsName1"}]}
RESULT: {"script":"<script> [1562 bytes]","args":[{"selector":{"id":"application-managepartners-display-component---NewPartner--addressDetailDetailsName1","interaction":{"idSuffix":"inner"}},"wdio_ui5_key":"applicationmanagepartners-display-component---NewPartner--addressDetailDetailsName1"}]}
RESULT: undefined
COMMAND: POST /session/dbe42a6913d933bf746f002719692f06/execute/async - {"script":"<script> [776 bytes]","args":[{"enterText":"WebdriverPartner8bull","selector":{"id":"application-managepartners-display-component---NewPartner--addressDetailDetailsName1","interaction":{"idSuffix":"inner"}},"clearTextFirst":true,"interactionType":"ENTER_TEXT"}]}
RESULT: {"script":"<script> [776 bytes]","args":[{"enterText":"WebdriverPartner8bull","selector":{"id":"application-managepartners-display-component---NewPartner--addressDetailDetailsName1","interaction":{"idSuffix":"inner"}},"clearTextFirst":true,"interactionType":"ENTER_TEXT"}]}
COMMAND: POST /session/dbe42a6913d933bf746f002719692f06/execute/async - {"script":"<script> [1562 bytes]","args":[{"selector":{"id":"application-managepartners-display-component---NewPartner--addressDetailDetailsLanguage","interaction":{"idSuffix":"inner"}},"wdio_ui5_key":"applicationmanagepartners-display-component---NewPartner--addressDetailDetailsLanguage"}]}
RESULT: {"script":"<script> [1562 bytes]","args":[{"selector":{"id":"application-managepartners-display-component---NewPartner--addressDetailDetailsLanguage","interaction":{"idSuffix":"inner"}},"wdio_ui5_key":"applicationmanagepartners-display-component---NewPartner--addressDetailDetailsLanguage"}]}
RESULT: undefined
COMMAND: POST /session/dbe42a6913d933bf746f002719692f06/execute/async - {"script":"<script> [776 bytes]","args":[{"enterText":"Romanian","selector":{"id":"application-managepartners-display-component---NewPartner--addressDetailDetailsLanguage","interaction":{"idSuffix":"inner"}},"clearTextFirst":true,"interactionType":"ENTER_TEXT"}]}
RESULT: {"script":"<script> [776 bytes]","args":[{"enterText":"Romanian","selector":{"id":"application-managepartners-display-component---NewPartner--addressDetailDetailsLanguage","interaction":{"idSuffix":"inner"}},"clearTextFirst":true,"interactionType":"ENTER_TEXT"}]}
COMMAND: POST /session/dbe42a6913d933bf746f002719692f06/element - {"using":"xpath","value":"//input[contains(@id ,\"application-managepartners-display-component---NewPartner--addressDetailDetailsName1-inner\")]"}
RESULT: {"using":"xpath","value":"//input[contains(@id ,\"application-managepartners-display-component---NewPartner--addressDetailDetailsName1-inner\")]"}
COMMAND: GET /session/dbe42a6913d933bf746f002719692f06/element/f.AC1E98235C03768F9F99043C9DF93856.d.7216563570D1264374D9AA03FDCE4759.e.11393/property/value - {}
RESULT: {}
COMMAND: POST /session/dbe42a6913d933bf746f002719692f06/execute/async - {"script":"<script> [1562 bytes]","args":[{"selector":{"id":"application-managepartners-display-component---NewPartner--addressDetailDetailsCity1","interaction":{"idSuffix":"inner"}},"wdio_ui5_key":"applicationmanagepartners-display-component---NewPartner--addressDetailDetailsCity1"}]}
COMMAND: GET /session/dbe42a6913d933bf746f002719692f06/screenshot - {}
RESULT: {"script":"<script> [1562 bytes]","args":[{"selector":{"id":"application-managepartners-display-component---NewPartner--addressDetailDetailsCity1","interaction":{"idSuffix":"inner"}},"wdio_ui5_key":"applicationmanagepartners-display-component---NewPartner--addressDetailDetailsCity1"}]}
RESULT: undefined
COMMAND: POST /session/dbe42a6913d933bf746f002719692f06/execute/async - {"script":"<script> [776 bytes]","args":[{"enterText":"Bucharest","selector":{"id":"application-managepartners-display-component---NewPartner--addressDetailDetailsCity1","interaction":{"idSuffix":"inner"}},"clearTextFirst":true,"interactionType":"ENTER_TEXT"}]}
RESULT: {}
RESULT: {"script":"<script> [776 bytes]","args":[{"enterText":"Bucharest","selector":{"id":"application-managepartners-display-component---NewPartner--addressDetailDetailsCity1","interaction":{"idSuffix":"inner"}},"clearTextFirst":true,"interactionType":"ENTER_TEXT"}]}
COMMAND: POST /session/dbe42a6913d933bf746f002719692f06/execute/async - {"script":"<script> [1562 bytes]","args":[{"selector":{"id":"application-managepartners-display-component---NewPartner--addressDetailDetailsCountry","interaction":{"idSuffix":"inner"}},"wdio_ui5_key":"applicationmanagepartners-display-component---NewPartner--addressDetailDetailsCountry"}]}
RESULT: {"script":"<script> [1562 bytes]","args":[{"selector":{"id":"application-managepartners-display-component---NewPartner--addressDetailDetailsCountry","interaction":{"idSuffix":"inner"}},"wdio_ui5_key":"applicationmanagepartners-display-component---NewPartner--addressDetailDetailsCountry"}]}
RESULT: undefined
COMMAND: POST /session/dbe42a6913d933bf746f002719692f06/execute/async - {"script":"<script> [6424 bytes]","args":[{"element-6066-11e4-a52e-4f735466cecf":"f.AC1E98235C03768F9F99043C9DF93856.d.7216563570D1264374D9AA03FDCE4759.e.11400"},"setValue",["Romania"]]}
RESULT: {"script":"<script> [6424 bytes]","args":[{"element-6066-11e4-a52e-4f735466cecf":"f.AC1E98235C03768F9F99043C9DF93856.d.7216563570D1264374D9AA03FDCE4759.e.11400"},"setValue",["Romania"]]}
COMMAND: POST /session/dbe42a6913d933bf746f002719692f06/execute/async - {"script":"<script> [1562 bytes]","args":[{"selector":{"id":"application-managepartners-display-component---NewPartner--partnerDetailInternal","interaction":{"idSuffix":"inner"}},"wdio_ui5_key":"applicationmanagepartners-display-component---NewPartner--partnerDetailInternal"}]}
RESULT: {"script":"<script> [1562 bytes]","args":[{"selector":{"id":"application-managepartners-display-component---NewPartner--partnerDetailInternal","interaction":{"idSuffix":"inner"}},"wdio_ui5_key":"applicationmanagepartners-display-component---NewPartner--partnerDetailInternal"}]}
RESULT: undefined
COMMAND: POST /session/dbe42a6913d933bf746f002719692f06/execute/async - {"script":"<script> [776 bytes]","args":[{"enterText":"External partner","selector":{"id":"application-managepartners-display-component---NewPartner--partnerDetailInternal","interaction":{"idSuffix":"inner"}},"clearTextFirst":true,"interactionType":"ENTER_TEXT"}]}
RESULT: {"script":"<script> [776 bytes]","args":[{"enterText":"External partner","selector":{"id":"application-managepartners-display-component---NewPartner--partnerDetailInternal","interaction":{"idSuffix":"inner"}},"clearTextFirst":true,"interactionType":"ENTER_TEXT"}]}
COMMAND: POST /session/dbe42a6913d933bf746f002719692f06/execute/async - {"script":"<script> [1562 bytes]","args":[{"selector":{"id":"application-managepartners-display-component---NewPartner--partnerDetailsCurrency","interaction":{"idSuffix":"inner"}},"wdio_ui5_key":"applicationmanagepartners-display-component---NewPartner--partnerDetailsCurrency"}]}
RESULT: {"script":"<script> [1562 bytes]","args":[{"selector":{"id":"application-managepartners-display-component---NewPartner--partnerDetailsCurrency","interaction":{"idSuffix":"inner"}},"wdio_ui5_key":"applicationmanagepartners-display-component---NewPartner--partnerDetailsCurrency"}]}
RESULT: undefined
COMMAND: POST /session/dbe42a6913d933bf746f002719692f06/execute/async - {"script":"<script> [776 bytes]","args":[{"enterText":"Euro","selector":{"id":"application-managepartners-display-component---NewPartner--partnerDetailsCurrency","interaction":{"idSuffix":"inner"}},"clearTextFirst":true,"interactionType":"ENTER_TEXT"}]}
RESULT: {"script":"<script> [776 bytes]","args":[{"enterText":"Euro","selector":{"id":"application-managepartners-display-component---NewPartner--partnerDetailsCurrency","interaction":{"idSuffix":"inner"}},"clearTextFirst":true,"interactionType":"ENTER_TEXT"}]}
COMMAND: POST /session/dbe42a6913d933bf746f002719692f06/execute/async - {"script":"<script> [1562 bytes]","args":[{"selector":{"controlType":"sap.m.Button","viewName":"etm.portal.ui.managepartners.view.NewPartner","viewId":"application-managepartners-display-component---NewPartner","properties":{"text":"Commercial"},"interaction":{"idSuffix":"BDI-content"}},"wdio_ui5_key":"etmportal.ui.managepartners.view.NewPartnersap.m.Button{\"text\":\"Commercial\"}"}]}
RESULT: {"script":"<script> [1562 bytes]","args":[{"selector":{"controlType":"sap.m.Button","viewName":"etm.portal.ui.managepartners.view.NewPartner","viewId":"application-managepartners-display-component---NewPartner","properties":{"text":"Commercial"},"interaction":{"idSuffix":"BDI-content"}},"wdio_ui5_key":"etmportal.ui.managepartners.view.NewPartnersap.m.Button{\"text\":\"Commercial\"}"}]}
RESULT: undefined
COMMAND: POST /session/dbe42a6913d933bf746f002719692f06/element - {"using":"xpath","value":"//*[@id=\"application-managepartners-display-component---NewPartner--ObjectPageLayout-anchBar-__section5-anchor\"]"}
RESULT: {"using":"xpath","value":"//*[@id=\"application-managepartners-display-component---NewPartner--ObjectPageLayout-anchBar-__section5-anchor\"]"}
COMMAND: POST /session/dbe42a6913d933bf746f002719692f06/element/f.AC1E98235C03768F9F99043C9DF93856.d.7216563570D1264374D9AA03FDCE4759.e.11615/click - {}
RESULT: {}
COMMAND: GET /session/dbe42a6913d933bf746f002719692f06/screenshot - {}
RESULT: {}
COMMAND: POST /session/dbe42a6913d933bf746f002719692f06/execute/async - {"script":"<script> [1562 bytes]","args":[{"selector":{"id":"application-managepartners-display-component---NewPartner--btnAddTableRow-img"},"wdio_ui5_key":"applicationmanagepartners-display-component---NewPartner--btnAddTableRow-img"}]}
RESULT: {"script":"<script> [1562 bytes]","args":[{"selector":{"id":"application-managepartners-display-component---NewPartner--btnAddTableRow-img"},"wdio_ui5_key":"applicationmanagepartners-display-component---NewPartner--btnAddTableRow-img"}]}
RESULT: undefined
COMMAND: POST /session/dbe42a6913d933bf746f002719692f06/element - {"using":"xpath","value":"//*[@id=\"application-managepartners-display-component---NewPartner--btnAddTableRow-img\"]"}
RESULT: {"using":"xpath","value":"//*[@id=\"application-managepartners-display-component---NewPartner--btnAddTableRow-img\"]"}
COMMAND: POST /session/dbe42a6913d933bf746f002719692f06/element/f.AC1E98235C03768F9F99043C9DF93856.d.7216563570D1264374D9AA03FDCE4759.e.11623/click - {}
RESULT: {}
COMMAND: POST /session/dbe42a6913d933bf746f002719692f06/element - {"using":"xpath","value":"//input[contains(@id ,\"application-managepartners-display-component---NewPartner--assignmentYard-application-managepartners-display-component---NewPartner\")]"}
COMMAND: GET /session/dbe42a6913d933bf746f002719692f06/screenshot - {}
RESULT: {"using":"xpath","value":"//input[contains(@id ,\"application-managepartners-display-component---NewPartner--assignmentYard-application-managepartners-display-component---NewPartner\")]"}
COMMAND: POST /session/dbe42a6913d933bf746f002719692f06/element/f.AC1E98235C03768F9F99043C9DF93856.d.7216563570D1264374D9AA03FDCE4759.e.11626/clear - {}
RESULT: {}
RESULT: {}
COMMAND: POST /session/dbe42a6913d933bf746f002719692f06/element/f.AC1E98235C03768F9F99043C9DF93856.d.7216563570D1264374D9AA03FDCE4759.e.11626/value - {"text":"284"}
COMMAND: GET /session/dbe42a6913d933bf746f002719692f06/screenshot - {}
RESULT: {"text":"284"}
COMMAND: GET /session/dbe42a6913d933bf746f002719692f06/screenshot - {}
RESULT: {}
RESULT: {}
COMMAND: POST /session/dbe42a6913d933bf746f002719692f06/execute/async - {"script":"<script> [1562 bytes]","args":[{"selector":{"controlType":"sap.m.Button","viewName":"etm.portal.ui.managepartners.view.NewPartner","viewId":"application-managepartners-display-component---NewPartner","i18NText":{"propertyName":"text","key":"save"},"interaction":{"idSuffix":"BDI-content"}},"wdio_ui5_key":"etmportal.ui.managepartners.view.NewPartnersap.m.Button{\"propertyName\":\"text\",\"key\":\"save\"}"}]}
RESULT: {"script":"<script> [1562 bytes]","args":[{"selector":{"controlType":"sap.m.Button","viewName":"etm.portal.ui.managepartners.view.NewPartner","viewId":"application-managepartners-display-component---NewPartner","i18NText":{"propertyName":"text","key":"save"},"interaction":{"idSuffix":"BDI-content"}},"wdio_ui5_key":"etmportal.ui.managepartners.view.NewPartnersap.m.Button{\"propertyName\":\"text\",\"key\":\"save\"}"}]}
RESULT: undefined
COMMAND: POST /session/dbe42a6913d933bf746f002719692f06/element - {"using":"xpath","value":"//*[@id=\"__button12\"]"}
RESULT: {"using":"xpath","value":"//*[@id=\"__button12\"]"}
COMMAND: POST /session/dbe42a6913d933bf746f002719692f06/element/f.AC1E98235C03768F9F99043C9DF93856.d.7216563570D1264374D9AA03FDCE4759.e.11541/click - {}
RESULT: {}
COMMAND: GET /session/dbe42a6913d933bf746f002719692f06/screenshot - {}
RESULT: {}
COMMAND: POST /session/dbe42a6913d933bf746f002719692f06/element - {"using":"xpath","value":"//header/div/div[2]/div[2]/span"}
RESULT: {"using":"xpath","value":"//header/div/div[2]/div[2]/span"}
COMMAND: GET /session/dbe42a6913d933bf746f002719692f06/element/f.AC1E98235C03768F9F99043C9DF93856.d.7216563570D1264374D9AA03FDCE4759.e.11797/text - {}
RESULT: {}
COMMAND: POST /session/dbe42a6913d933bf746f002719692f06/element - {"using":"xpath","value":"//header/div/div/div/div/div/div[2]/div/span"}
RESULT: {"using":"xpath","value":"//header/div/div/div/div/div/div[2]/div/span"}
COMMAND: GET /session/dbe42a6913d933bf746f002719692f06/element/f.AC1E98235C03768F9F99043C9DF93856.d.7216563570D1264374D9AA03FDCE4759.e.11798/text - {}
RESULT: {}
COMMAND: POST /session/dbe42a6913d933bf746f002719692f06/execute/async - {"script":"<script> [1562 bytes]","args":[{"selector":{"id":"application-managepartners-display-component---detailPtm--partnerType"},"wdio_ui5_key":"applicationmanagepartners-display-component---detailPtm--partnerType"}]}
RESULT: {"script":"<script> [1562 bytes]","args":[{"selector":{"id":"application-managepartners-display-component---detailPtm--partnerType"},"wdio_ui5_key":"applicationmanagepartners-display-component---detailPtm--partnerType"}]}
RESULT: undefined
COMMAND: POST /session/dbe42a6913d933bf746f002719692f06/execute/async - {"script":"<script> [6424 bytes]","args":[{"element-6066-11e4-a52e-4f735466cecf":"f.AC1E98235C03768F9F99043C9DF93856.d.7216563570D1264374D9AA03FDCE4759.e.11799"},"getText",[]]}
RESULT: {"script":"<script> [6424 bytes]","args":[{"element-6066-11e4-a52e-4f735466cecf":"f.AC1E98235C03768F9F99043C9DF93856.d.7216563570D1264374D9AA03FDCE4759.e.11799"},"getText",[]]}
COMMAND: POST /session/dbe42a6913d933bf746f002719692f06/element - {"using":"css selector","value":"#shell-header-logo"}
RESULT: {"using":"css selector","value":"#shell-header-logo"}
COMMAND: POST /session/dbe42a6913d933bf746f002719692f06/element/f.AC1E98235C03768F9F99043C9DF93856.d.7216563570D1264374D9AA03FDCE4759.e.11155/click - {}
RESULT: {}
COMMAND: GET /session/dbe42a6913d933bf746f002719692f06/screenshot - {}
RESULT: {}
COMMAND: POST /session/dbe42a6913d933bf746f002719692f06/execute/async - {"script":"<script> [1562 bytes]","args":[{"selector":{"controlType":"sap.m.GenericTile","properties":{"header":"Manage Sites"}},"wdio_ui5_key":"sapm.GenericTile{\"header\":\"Manage Sites\"}"}]}
RESULT: {"script":"<script> [1562 bytes]","args":[{"selector":{"controlType":"sap.m.GenericTile","properties":{"header":"Manage Sites"}},"wdio_ui5_key":"sapm.GenericTile{\"header\":\"Manage Sites\"}"}]}
RESULT: undefined
COMMAND: POST /session/dbe42a6913d933bf746f002719692f06/element - {"using":"xpath","value":"//*[@id=\"__tile40\"]"}
RESULT: {"using":"xpath","value":"//*[@id=\"__tile40\"]"}
COMMAND: POST /session/dbe42a6913d933bf746f002719692f06/element/f.AC1E98235C03768F9F99043C9DF93856.d.7216563570D1264374D9AA03FDCE4759.e.11801/click - {}
RESULT: {}
COMMAND: GET /session/dbe42a6913d933bf746f002719692f06/screenshot - {}
COMMAND: POST /session/dbe42a6913d933bf746f002719692f06/elements - {"using":"xpath","value":"//span[text()='Error']"}
RESULT: {}
RESULT: {"using":"xpath","value":"//span[text()='Error']"}
COMMAND: POST /session/dbe42a6913d933bf746f002719692f06/execute/async - {"script":"<script> [1562 bytes]","args":[{"selector":{"controlType":"sap.ui.core.Icon","viewName":"etm.portal.ui.managesites.view.Master","viewId":"application-managesites-display-component---masterSite","properties":{"src":{"regex":{"source":"add"}}}},"wdio_ui5_key":"etmportal.ui.managesites.view.Mastersap.ui.core.Icon{\"src\":{\"regex\":{\"source\":\"add\"}}}"}]}
RESULT: {"script":"<script> [1562 bytes]","args":[{"selector":{"controlType":"sap.ui.core.Icon","viewName":"etm.portal.ui.managesites.view.Master","viewId":"application-managesites-display-component---masterSite","properties":{"src":{"regex":{"source":"add"}}}},"wdio_ui5_key":"etmportal.ui.managesites.view.Mastersap.ui.core.Icon{\"src\":{\"regex\":{\"source\":\"add\"}}}"}]}
RESULT: undefined
COMMAND: POST /session/dbe42a6913d933bf746f002719692f06/element - {"using":"xpath","value":"//*[@id=\"__button48-img\"]"}
RESULT: {"using":"xpath","value":"//*[@id=\"__button48-img\"]"}
COMMAND: POST /session/dbe42a6913d933bf746f002719692f06/element/f.AC1E98235C03768F9F99043C9DF93856.d.7216563570D1264374D9AA03FDCE4759.e.11851/click - {}
RESULT: {}
COMMAND: POST /session/dbe42a6913d933bf746f002719692f06/execute/async - {"script":"<script> [1562 bytes]","args":[{"selector":{"id":"application-managesites-display-component---NewSite--siteId","interaction":{"idSuffix":"inner"}},"wdio_ui5_key":"applicationmanagesites-display-component---NewSite--siteId"}]}
COMMAND: GET /session/dbe42a6913d933bf746f002719692f06/screenshot - {}
RESULT: {"script":"<script> [1562 bytes]","args":[{"selector":{"id":"application-managesites-display-component---NewSite--siteId","interaction":{"idSuffix":"inner"}},"wdio_ui5_key":"applicationmanagesites-display-component---NewSite--siteId"}]}
RESULT: undefined
COMMAND: POST /session/dbe42a6913d933bf746f002719692f06/execute/async - {"script":"<script> [1562 bytes]","args":[{"selector":{"id":"application-managesites-display-component---NewSite--addressDetailDetailsName1","interaction":{"idSuffix":"inner"}},"wdio_ui5_key":"applicationmanagesites-display-component---NewSite--addressDetailDetailsName1"}]}
RESULT: {}
RESULT: {"script":"<script> [1562 bytes]","args":[{"selector":{"id":"application-managesites-display-component---NewSite--addressDetailDetailsName1","interaction":{"idSuffix":"inner"}},"wdio_ui5_key":"applicationmanagesites-display-component---NewSite--addressDetailDetailsName1"}]}
RESULT: undefined
COMMAND: POST /session/dbe42a6913d933bf746f002719692f06/execute/async - {"script":"<script> [776 bytes]","args":[{"enterText":"WebdriverSite2ocoy","selector":{"id":"application-managesites-display-component---NewSite--addressDetailDetailsName1","interaction":{"idSuffix":"inner"}},"clearTextFirst":true,"interactionType":"ENTER_TEXT"}]}
RESULT: {"script":"<script> [776 bytes]","args":[{"enterText":"WebdriverSite2ocoy","selector":{"id":"application-managesites-display-component---NewSite--addressDetailDetailsName1","interaction":{"idSuffix":"inner"}},"clearTextFirst":true,"interactionType":"ENTER_TEXT"}]}
COMMAND: POST /session/dbe42a6913d933bf746f002719692f06/execute/async - {"script":"<script> [1562 bytes]","args":[{"selector":{"id":"application-managesites-display-component---NewSite--addressDetailDetailsLanguage","interaction":{"idSuffix":"inner"}},"wdio_ui5_key":"applicationmanagesites-display-component---NewSite--addressDetailDetailsLanguage"}]}
RESULT: {"script":"<script> [1562 bytes]","args":[{"selector":{"id":"application-managesites-display-component---NewSite--addressDetailDetailsLanguage","interaction":{"idSuffix":"inner"}},"wdio_ui5_key":"applicationmanagesites-display-component---NewSite--addressDetailDetailsLanguage"}]}
RESULT: undefined
COMMAND: POST /session/dbe42a6913d933bf746f002719692f06/execute/async - {"script":"<script> [776 bytes]","args":[{"enterText":"Romanian","selector":{"id":"application-managesites-display-component---NewSite--addressDetailDetailsLanguage","interaction":{"idSuffix":"inner"}},"clearTextFirst":true,"interactionType":"ENTER_TEXT"}]}
RESULT: {"script":"<script> [776 bytes]","args":[{"enterText":"Romanian","selector":{"id":"application-managesites-display-component---NewSite--addressDetailDetailsLanguage","interaction":{"idSuffix":"inner"}},"clearTextFirst":true,"interactionType":"ENTER_TEXT"}]}
COMMAND: POST /session/dbe42a6913d933bf746f002719692f06/execute/async - {"script":"<script> [1562 bytes]","args":[{"selector":{"id":"application-managesites-display-component---NewSite--addressDetailDetailsCity1","interaction":{"idSuffix":"inner"}},"wdio_ui5_key":"applicationmanagesites-display-component---NewSite--addressDetailDetailsCity1"}]}
RESULT: {"script":"<script> [1562 bytes]","args":[{"selector":{"id":"application-managesites-display-component---NewSite--addressDetailDetailsCity1","interaction":{"idSuffix":"inner"}},"wdio_ui5_key":"applicationmanagesites-display-component---NewSite--addressDetailDetailsCity1"}]}
RESULT: undefined
COMMAND: POST /session/dbe42a6913d933bf746f002719692f06/execute/async - {"script":"<script> [776 bytes]","args":[{"enterText":"Bucharest","selector":{"id":"application-managesites-display-component---NewSite--addressDetailDetailsCity1","interaction":{"idSuffix":"inner"}},"clearTextFirst":true,"interactionType":"ENTER_TEXT"}]}
RESULT: {"script":"<script> [776 bytes]","args":[{"enterText":"Bucharest","selector":{"id":"application-managesites-display-component---NewSite--addressDetailDetailsCity1","interaction":{"idSuffix":"inner"}},"clearTextFirst":true,"interactionType":"ENTER_TEXT"}]}
COMMAND: POST /session/dbe42a6913d933bf746f002719692f06/execute/async - {"script":"<script> [1562 bytes]","args":[{"selector":{"id":"application-managesites-display-component---NewSite--addressDetailDetailsCountry","interaction":{"idSuffix":"inner"}},"wdio_ui5_key":"applicationmanagesites-display-component---NewSite--addressDetailDetailsCountry"}]}
RESULT: {"script":"<script> [1562 bytes]","args":[{"selector":{"id":"application-managesites-display-component---NewSite--addressDetailDetailsCountry","interaction":{"idSuffix":"inner"}},"wdio_ui5_key":"applicationmanagesites-display-component---NewSite--addressDetailDetailsCountry"}]}
RESULT: undefined
COMMAND: POST /session/dbe42a6913d933bf746f002719692f06/execute/async - {"script":"<script> [776 bytes]","args":[{"enterText":"Romania","selector":{"id":"application-managesites-display-component---NewSite--addressDetailDetailsCountry","interaction":{"idSuffix":"inner"}},"clearTextFirst":true,"interactionType":"ENTER_TEXT"}]}
RESULT: {"script":"<script> [776 bytes]","args":[{"enterText":"Romania","selector":{"id":"application-managesites-display-component---NewSite--addressDetailDetailsCountry","interaction":{"idSuffix":"inner"}},"clearTextFirst":true,"interactionType":"ENTER_TEXT"}]}
COMMAND: POST /session/dbe42a6913d933bf746f002719692f06/element - {"using":"css selector","value":"#application-managesites-display-component---NewSite--addressDetailDetailsCalendar-inner"}
RESULT: {"using":"css selector","value":"#application-managesites-display-component---NewSite--addressDetailDetailsCalendar-inner"}
COMMAND: POST /session/dbe42a6913d933bf746f002719692f06/element/f.AC1E98235C03768F9F99043C9DF93856.d.7216563570D1264374D9AA03FDCE4759.e.12045/clear - {}
RESULT: {}
COMMAND: POST /session/dbe42a6913d933bf746f002719692f06/element/f.AC1E98235C03768F9F99043C9DF93856.d.7216563570D1264374D9AA03FDCE4759.e.12045/value - {"text":"Germany"}
COMMAND: GET /session/dbe42a6913d933bf746f002719692f06/screenshot - {}
RESULT: {"text":"Germany"}
COMMAND: POST /session/dbe42a6913d933bf746f002719692f06/execute/async - {"script":"<script> [1562 bytes]","args":[{"selector":{"id":"application-managesites-display-component---NewSite--addressEditDetailsCostObjectCstType-arrow"},"wdio_ui5_key":"applicationmanagesites-display-component---NewSite--addressEditDetailsCostObjectCstType-arrow"}]}
RESULT: {}
COMMAND: GET /session/dbe42a6913d933bf746f002719692f06/screenshot - {}
RESULT: {"script":"<script> [1562 bytes]","args":[{"selector":{"id":"application-managesites-display-component---NewSite--addressEditDetailsCostObjectCstType-arrow"},"wdio_ui5_key":"applicationmanagesites-display-component---NewSite--addressEditDetailsCostObjectCstType-arrow"}]}
RESULT: undefined
COMMAND: POST /session/dbe42a6913d933bf746f002719692f06/element - {"using":"xpath","value":"//*[@id=\"application-managesites-display-component---NewSite--addressEditDetailsCostObjectCstType-arrow\"]"}
RESULT: {}
RESULT: {"using":"xpath","value":"//*[@id=\"application-managesites-display-component---NewSite--addressEditDetailsCostObjectCstType-arrow\"]"}
COMMAND: POST /session/dbe42a6913d933bf746f002719692f06/element/f.AC1E98235C03768F9F99043C9DF93856.d.7216563570D1264374D9AA03FDCE4759.e.12217/click - {}
RESULT: {}
COMMAND: POST /session/dbe42a6913d933bf746f002719692f06/element - {"using":"xpath","value":"//span[contains(text(), \"Work Breakdown Structure\")]"}
COMMAND: GET /session/dbe42a6913d933bf746f002719692f06/screenshot - {}
RESULT: {"using":"xpath","value":"//span[contains(text(), \"Work Breakdown Structure\")]"}
COMMAND: POST /session/dbe42a6913d933bf746f002719692f06/element/f.AC1E98235C03768F9F99043C9DF93856.d.7216563570D1264374D9AA03FDCE4759.e.12218/click - {}
RESULT: {}
RESULT: {}
COMMAND: GET /session/dbe42a6913d933bf746f002719692f06/screenshot - {}
RESULT: {}
COMMAND: POST /session/dbe42a6913d933bf746f002719692f06/execute/async - {"script":"<script> [1562 bytes]","args":[{"selector":{"id":"application-managesites-display-component---NewSite--addressNewCostObjectCstID-vhi"},"wdio_ui5_key":"applicationmanagesites-display-component---NewSite--addressNewCostObjectCstID-vhi"}]}
RESULT: {"script":"<script> [1562 bytes]","args":[{"selector":{"id":"application-managesites-display-component---NewSite--addressNewCostObjectCstID-vhi"},"wdio_ui5_key":"applicationmanagesites-display-component---NewSite--addressNewCostObjectCstID-vhi"}]}
RESULT: undefined
COMMAND: POST /session/dbe42a6913d933bf746f002719692f06/element - {"using":"xpath","value":"//*[@id=\"application-managesites-display-component---NewSite--addressNewCostObjectCstID-vhi\"]"}
RESULT: {"using":"xpath","value":"//*[@id=\"application-managesites-display-component---NewSite--addressNewCostObjectCstID-vhi\"]"}
COMMAND: POST /session/dbe42a6913d933bf746f002719692f06/element/f.AC1E98235C03768F9F99043C9DF93856.d.7216563570D1264374D9AA03FDCE4759.e.12222/click - {}
RESULT: {}
COMMAND: GET /session/dbe42a6913d933bf746f002719692f06/screenshot - {}
RESULT: {}
COMMAND: POST /session/dbe42a6913d933bf746f002719692f06/execute/async - {"script":"<script> [1562 bytes]","args":[{"selector":{"controlType":"sap.m.SearchField","properties":{"placeholder":"Search"},"searchOpenDialogs":true,"interaction":{"idSuffix":"I"}},"wdio_ui5_key":"sapm.SearchField{\"placeholder\":\"Search\"}"}]}
RESULT: {"script":"<script> [1562 bytes]","args":[{"selector":{"controlType":"sap.m.SearchField","properties":{"placeholder":"Search"},"searchOpenDialogs":true,"interaction":{"idSuffix":"I"}},"wdio_ui5_key":"sapm.SearchField{\"placeholder\":\"Search\"}"}]}
RESULT: undefined
COMMAND: POST /session/dbe42a6913d933bf746f002719692f06/execute/async - {"script":"<script> [776 bytes]","args":[{"enterText":"A1-000100-01","selector":{"controlType":"sap.m.SearchField","properties":{"placeholder":"Search"},"searchOpenDialogs":true,"interaction":{"idSuffix":"I"}},"clearTextFirst":true,"interactionType":"ENTER_TEXT"}]}
RESULT: {"script":"<script> [776 bytes]","args":[{"enterText":"A1-000100-01","selector":{"controlType":"sap.m.SearchField","properties":{"placeholder":"Search"},"searchOpenDialogs":true,"interaction":{"idSuffix":"I"}},"clearTextFirst":true,"interactionType":"ENTER_TEXT"}]}
COMMAND: POST /session/dbe42a6913d933bf746f002719692f06/actions - {"actions":[{"id":"action67","type":"key","parameters":{},"actions":[{"type":"keyDown","value":"î€‡"},{"type":"pause","duration":10},{"type":"keyUp","value":"î€‡"}]}]}
RESULT: {"actions":[{"id":"action67","type":"key","parameters":{},"actions":[{"type":"keyDown","value":"î€‡"},{"type":"pause","duration":10},{"type":"keyUp","value":"î€‡"}]}]}
COMMAND: GET /session/dbe42a6913d933bf746f002719692f06/screenshot - {}
RESULT: {}
COMMAND: POST /session/dbe42a6913d933bf746f002719692f06/element - {"using":"xpath","value":"//span[contains(text(), \"Template for ETO-Process\")]"}
RESULT: {"using":"xpath","value":"//span[contains(text(), \"Template for ETO-Process\")]"}
COMMAND: POST /session/dbe42a6913d933bf746f002719692f06/element/f.AC1E98235C03768F9F99043C9DF93856.d.7216563570D1264374D9AA03FDCE4759.e.12242/click - {}
RESULT: {}
COMMAND: GET /session/dbe42a6913d933bf746f002719692f06/screenshot - {}
RESULT: {}
COMMAND: POST /session/dbe42a6913d933bf746f002719692f06/element - {"using":"xpath","value":"//bdi[contains(text(), \"OK\")]"}
RESULT: {"using":"xpath","value":"//bdi[contains(text(), \"OK\")]"}
COMMAND: POST /session/dbe42a6913d933bf746f002719692f06/element/f.AC1E98235C03768F9F99043C9DF93856.d.7216563570D1264374D9AA03FDCE4759.e.12243/click - {}
RESULT: {}
COMMAND: GET /session/dbe42a6913d933bf746f002719692f06/screenshot - {}
RESULT: {}
COMMAND: POST /session/dbe42a6913d933bf746f002719692f06/element - {"using":"xpath","value":"//input[@id=\"application-managesites-display-component---NewSite--addressDetailDetailsYard-inner\"]"}
RESULT: {"using":"xpath","value":"//input[@id=\"application-managesites-display-component---NewSite--addressDetailDetailsYard-inner\"]"}
COMMAND: POST /session/dbe42a6913d933bf746f002719692f06/element/f.AC1E98235C03768F9F99043C9DF93856.d.7216563570D1264374D9AA03FDCE4759.e.12046/value - {"text":"284"}
RESULT: {"text":"284"}
COMMAND: GET /session/dbe42a6913d933bf746f002719692f06/screenshot - {}
RESULT: {}
COMMAND: POST /session/dbe42a6913d933bf746f002719692f06/actions - {"actions":[{"id":"action68","type":"key","parameters":{},"actions":[{"type":"keyDown","value":"î€‡"},{"type":"pause","duration":10},{"type":"keyUp","value":"î€‡"}]}]}
RESULT: {"actions":[{"id":"action68","type":"key","parameters":{},"actions":[{"type":"keyDown","value":"î€‡"},{"type":"pause","duration":10},{"type":"keyUp","value":"î€‡"}]}]}
COMMAND: GET /session/dbe42a6913d933bf746f002719692f06/screenshot - {}
RESULT: {}
COMMAND: POST /session/dbe42a6913d933bf746f002719692f06/element - {"using":"xpath","value":"//input[@id=\"application-managesites-display-component---NewSite--addressDetailDetailsPartner-inner\"]"}
RESULT: {"using":"xpath","value":"//input[@id=\"application-managesites-display-component---NewSite--addressDetailDetailsPartner-inner\"]"}
COMMAND: POST /session/dbe42a6913d933bf746f002719692f06/elements - {"using":"xpath","value":"//input[@id=\"application-managesites-display-component---NewSite--addressDetailDetailsPartner-inner\"]"}
RESULT: {"using":"xpath","value":"//input[@id=\"application-managesites-display-component---NewSite--addressDetailDetailsPartner-inner\"]"}
COMMAND: POST /session/dbe42a6913d933bf746f002719692f06/execute/async - {"script":"<script> [1562 bytes]","args":[{"selector":{"controlType":"sap.m.Button","viewName":"etm.portal.ui.managesites.view.NewSmartSite","viewId":"application-managesites-display-component---NewSite","properties":{"text":"Commercial"},"interaction":{"idSuffix":"BDI-content"}},"wdio_ui5_key":"etmportal.ui.managesites.view.NewSmartSitesap.m.Button{\"text\":\"Commercial\"}"}]}
RESULT: {"script":"<script> [1562 bytes]","args":[{"selector":{"controlType":"sap.m.Button","viewName":"etm.portal.ui.managesites.view.NewSmartSite","viewId":"application-managesites-display-component---NewSite","properties":{"text":"Commercial"},"interaction":{"idSuffix":"BDI-content"}},"wdio_ui5_key":"etmportal.ui.managesites.view.NewSmartSitesap.m.Button{\"text\":\"Commercial\"}"}]}
RESULT: undefined
COMMAND: POST /session/dbe42a6913d933bf746f002719692f06/element - {"using":"xpath","value":"//*[@id=\"application-managesites-display-component---NewSite--ObjectPageLayout-anchBar-__section29-anchor\"]"}
RESULT: {"using":"xpath","value":"//*[@id=\"application-managesites-display-component---NewSite--ObjectPageLayout-anchBar-__section29-anchor\"]"}
COMMAND: POST /session/dbe42a6913d933bf746f002719692f06/element/f.AC1E98235C03768F9F99043C9DF93856.d.7216563570D1264374D9AA03FDCE4759.e.12250/click - {}
RESULT: {}
COMMAND: POST /session/dbe42a6913d933bf746f002719692f06/execute/async - {"script":"<script> [1562 bytes]","args":[{"selector":{"controlType":"sap.m.Button","viewName":"etm.portal.ui.managesites.view.NewSmartSite","viewId":"application-managesites-display-component---NewSite","i18NText":{"propertyName":"text","key":"save"},"interaction":{"idSuffix":"BDI-content"}},"wdio_ui5_key":"etmportal.ui.managesites.view.NewSmartSitesap.m.Button{\"propertyName\":\"text\",\"key\":\"save\"}"}]}
COMMAND: GET /session/dbe42a6913d933bf746f002719692f06/screenshot - {}
RESULT: {"script":"<script> [1562 bytes]","args":[{"selector":{"controlType":"sap.m.Button","viewName":"etm.portal.ui.managesites.view.NewSmartSite","viewId":"application-managesites-display-component---NewSite","i18NText":{"propertyName":"text","key":"save"},"interaction":{"idSuffix":"BDI-content"}},"wdio_ui5_key":"etmportal.ui.managesites.view.NewSmartSitesap.m.Button{\"propertyName\":\"text\",\"key\":\"save\"}"}]}
RESULT: undefined
COMMAND: POST /session/dbe42a6913d933bf746f002719692f06/element - {"using":"xpath","value":"//*[@id=\"__button60\"]"}
RESULT: {}
RESULT: {"using":"xpath","value":"//*[@id=\"__button60\"]"}
COMMAND: POST /session/dbe42a6913d933bf746f002719692f06/element/f.AC1E98235C03768F9F99043C9DF93856.d.7216563570D1264374D9AA03FDCE4759.e.12163/click - {}
RESULT: {}
COMMAND: GET /session/dbe42a6913d933bf746f002719692f06/screenshot - {}
RESULT: {}
COMMAND: POST /session/dbe42a6913d933bf746f002719692f06/execute/async - {"script":"<script> [1562 bytes]","args":[{"selector":{"id":"application-managesites-display-component---detailSite--addressDetailDetailsYardText"},"wdio_ui5_key":"applicationmanagesites-display-component---detailSite--addressDetailDetailsYardText"}]}
RESULT: {"script":"<script> [1562 bytes]","args":[{"selector":{"id":"application-managesites-display-component---detailSite--addressDetailDetailsYardText"},"wdio_ui5_key":"applicationmanagesites-display-component---detailSite--addressDetailDetailsYardText"}]}
RESULT: undefined
COMMAND: POST /session/dbe42a6913d933bf746f002719692f06/element - {"using":"xpath","value":"//header/div/div[2]/div[2]/span"}
RESULT: {"using":"xpath","value":"//header/div/div[2]/div[2]/span"}
COMMAND: GET /session/dbe42a6913d933bf746f002719692f06/element/f.AC1E98235C03768F9F99043C9DF93856.d.7216563570D1264374D9AA03FDCE4759.e.12443/text - {}
RESULT: {}
COMMAND: POST /session/dbe42a6913d933bf746f002719692f06/element - {"using":"xpath","value":"//header/div/div/div/div/div/div[2]/div/span"}
RESULT: {"using":"xpath","value":"//header/div/div/div/div/div/div[2]/div/span"}
COMMAND: GET /session/dbe42a6913d933bf746f002719692f06/element/f.AC1E98235C03768F9F99043C9DF93856.d.7216563570D1264374D9AA03FDCE4759.e.12444/text - {}
RESULT: {}
COMMAND: POST /session/dbe42a6913d933bf746f002719692f06/element - {"using":"css selector","value":"#shell-header-logo"}
RESULT: {"using":"css selector","value":"#shell-header-logo"}
COMMAND: POST /session/dbe42a6913d933bf746f002719692f06/element/f.AC1E98235C03768F9F99043C9DF93856.d.7216563570D1264374D9AA03FDCE4759.e.11806/click - {}
RESULT: {}
COMMAND: GET /session/dbe42a6913d933bf746f002719692f06/screenshot - {}
RESULT: {}
]]></system-out>
    </testcase>
    <testcase classname="chrome.136_0_7103_49.windows.E2E_-_Logistical_and_commercial_statuses" name="It should stock increase the resource" time="225.298">
      <system-out><![CDATA[
COMMAND: POST /session/dbe42a6913d933bf746f002719692f06/execute/async - {"script":"<script> [1562 bytes]","args":[{"selector":{"controlType":"sap.m.GenericTile","properties":{"header":"Manage Resources"}},"wdio_ui5_key":"sapm.GenericTile{\"header\":\"Manage Resources\"}"}]}
RESULT: {"script":"<script> [1562 bytes]","args":[{"selector":{"controlType":"sap.m.GenericTile","properties":{"header":"Manage Resources"}},"wdio_ui5_key":"sapm.GenericTile{\"header\":\"Manage Resources\"}"}]}
RESULT: undefined
COMMAND: POST /session/dbe42a6913d933bf746f002719692f06/element - {"using":"xpath","value":"//*[@id=\"__tile39\"]"}
RESULT: {"using":"xpath","value":"//*[@id=\"__tile39\"]"}
COMMAND: POST /session/dbe42a6913d933bf746f002719692f06/element/f.AC1E98235C03768F9F99043C9DF93856.d.7216563570D1264374D9AA03FDCE4759.e.12446/click - {}
RESULT: {}
COMMAND: GET /session/dbe42a6913d933bf746f002719692f06/screenshot - {}
COMMAND: POST /session/dbe42a6913d933bf746f002719692f06/elements - {"using":"xpath","value":"//span[text()='Error']"}
RESULT: {}
RESULT: {"using":"xpath","value":"//span[text()='Error']"}
COMMAND: POST /session/dbe42a6913d933bf746f002719692f06/element - {"using":"xpath","value":"//button[@data-kt=\"addNewRUOverflowToolbarButton\"]"}
RESULT: {"using":"xpath","value":"//button[@data-kt=\"addNewRUOverflowToolbarButton\"]"}
COMMAND: POST /session/dbe42a6913d933bf746f002719692f06/execute/sync - {"script":"<script> [8489 bytes]","args":[{"element-6066-11e4-a52e-4f735466cecf":"f.AC1E98235C03768F9F99043C9DF93856.d.7216563570D1264374D9AA03FDCE4759.e.12488","ELEMENT":"f.AC1E98235C03768F9F99043C9DF93856.d.7216563570D1264374D9AA03FDCE4759.e.12488"}]}
RESULT: {"script":"<script> [8489 bytes]","args":[{"element-6066-11e4-a52e-4f735466cecf":"f.AC1E98235C03768F9F99043C9DF93856.d.7216563570D1264374D9AA03FDCE4759.e.12488","ELEMENT":"f.AC1E98235C03768F9F99043C9DF93856.d.7216563570D1264374D9AA03FDCE4759.e.12488"}]}
COMMAND: POST /session/dbe42a6913d933bf746f002719692f06/element/f.AC1E98235C03768F9F99043C9DF93856.d.7216563570D1264374D9AA03FDCE4759.e.12488/click - {}
COMMAND: GET /session/dbe42a6913d933bf746f002719692f06/screenshot - {}
RESULT: {}
COMMAND: POST /session/dbe42a6913d933bf746f002719692f06/execute/async - {"script":"<script> [1562 bytes]","args":[{"selector":{"id":"application-manageresources-display-component---newResourceUnit--TYPE-arrow"},"wdio_ui5_key":"applicationmanageresources-display-component---newResourceUnit--TYPE-arrow"}]}
COMMAND: GET /session/dbe42a6913d933bf746f002719692f06/screenshot - {}
RESULT: {}
RESULT: {"script":"<script> [1562 bytes]","args":[{"selector":{"id":"application-manageresources-display-component---newResourceUnit--TYPE-arrow"},"wdio_ui5_key":"applicationmanageresources-display-component---newResourceUnit--TYPE-arrow"}]}
RESULT: undefined
COMMAND: POST /session/dbe42a6913d933bf746f002719692f06/element - {"using":"xpath","value":"//*[@id=\"application-manageresources-display-component---newResourceUnit--TYPE-arrow\"]"}
RESULT: {}
RESULT: {"using":"xpath","value":"//*[@id=\"application-manageresources-display-component---newResourceUnit--TYPE-arrow\"]"}
COMMAND: POST /session/dbe42a6913d933bf746f002719692f06/element/f.AC1E98235C03768F9F99043C9DF93856.d.7216563570D1264374D9AA03FDCE4759.e.12804/click - {}
RESULT: {}
COMMAND: POST /session/dbe42a6913d933bf746f002719692f06/execute/async - {"script":"<script> [1562 bytes]","args":[{"selector":{"controlType":"sap.m.StandardListItem","viewName":"reusables.view.manageresources.NewResourceUnit","viewId":"application-manageresources-display-component---newResourceUnit","properties":{"title":"Material"},"searchOpenDialogs":true,"interaction":{"idSuffix":"titleText"}},"wdio_ui5_key":"reusablesview.manageresources.NewResourceUnitsap.m.StandardListItem{\"title\":\"Material\"}"}]}
COMMAND: GET /session/dbe42a6913d933bf746f002719692f06/screenshot - {}
RESULT: {"script":"<script> [1562 bytes]","args":[{"selector":{"controlType":"sap.m.StandardListItem","viewName":"reusables.view.manageresources.NewResourceUnit","viewId":"application-manageresources-display-component---newResourceUnit","properties":{"title":"Material"},"searchOpenDialogs":true,"interaction":{"idSuffix":"titleText"}},"wdio_ui5_key":"reusablesview.manageresources.NewResourceUnitsap.m.StandardListItem{\"title\":\"Material\"}"}]}
RESULT: undefined
COMMAND: POST /session/dbe42a6913d933bf746f002719692f06/element - {"using":"xpath","value":"//*[@id=\"__item836\"]"}
RESULT: {}
RESULT: {"using":"xpath","value":"//*[@id=\"__item836\"]"}
COMMAND: POST /session/dbe42a6913d933bf746f002719692f06/element/f.AC1E98235C03768F9F99043C9DF93856.d.7216563570D1264374D9AA03FDCE4759.e.12807/click - {}
RESULT: {}
COMMAND: POST /session/dbe42a6913d933bf746f002719692f06/execute/async - {"script":"<script> [1562 bytes]","args":[{"selector":{"id":"application-manageresources-display-component---newResourceUnit--SHORT_TEXT","interaction":{"idSuffix":"inner"}},"wdio_ui5_key":"applicationmanageresources-display-component---newResourceUnit--SHORT_TEXT"}]}
COMMAND: GET /session/dbe42a6913d933bf746f002719692f06/screenshot - {}
RESULT: {"script":"<script> [1562 bytes]","args":[{"selector":{"id":"application-manageresources-display-component---newResourceUnit--SHORT_TEXT","interaction":{"idSuffix":"inner"}},"wdio_ui5_key":"applicationmanageresources-display-component---newResourceUnit--SHORT_TEXT"}]}
RESULT: undefined
COMMAND: POST /session/dbe42a6913d933bf746f002719692f06/execute/async - {"script":"<script> [776 bytes]","args":[{"enterText":"WebdriverRUR2Ctpktn","selector":{"id":"application-manageresources-display-component---newResourceUnit--SHORT_TEXT","interaction":{"idSuffix":"inner"}},"clearTextFirst":true,"interactionType":"ENTER_TEXT"}]}
RESULT: {}
RESULT: {"script":"<script> [776 bytes]","args":[{"enterText":"WebdriverRUR2Ctpktn","selector":{"id":"application-manageresources-display-component---newResourceUnit--SHORT_TEXT","interaction":{"idSuffix":"inner"}},"clearTextFirst":true,"interactionType":"ENTER_TEXT"}]}
COMMAND: POST /session/dbe42a6913d933bf746f002719692f06/execute/async - {"script":"<script> [1562 bytes]","args":[{"selector":{"id":"application-manageresources-display-component---newResourceUnit--BASE_UNIT_OF_MEASURE-arrow"},"wdio_ui5_key":"applicationmanageresources-display-component---newResourceUnit--BASE_UNIT_OF_MEASURE-arrow"}]}
RESULT: {"script":"<script> [1562 bytes]","args":[{"selector":{"id":"application-manageresources-display-component---newResourceUnit--BASE_UNIT_OF_MEASURE-arrow"},"wdio_ui5_key":"applicationmanageresources-display-component---newResourceUnit--BASE_UNIT_OF_MEASURE-arrow"}]}
RESULT: undefined
COMMAND: POST /session/dbe42a6913d933bf746f002719692f06/element - {"using":"xpath","value":"//*[@id=\"application-manageresources-display-component---newResourceUnit--BASE_UNIT_OF_MEASURE-arrow\"]"}
RESULT: {"using":"xpath","value":"//*[@id=\"application-manageresources-display-component---newResourceUnit--BASE_UNIT_OF_MEASURE-arrow\"]"}
COMMAND: POST /session/dbe42a6913d933bf746f002719692f06/element/f.AC1E98235C03768F9F99043C9DF93856.d.7216563570D1264374D9AA03FDCE4759.e.12861/click - {}
RESULT: {}
COMMAND: POST /session/dbe42a6913d933bf746f002719692f06/execute/async - {"script":"<script> [1562 bytes]","args":[{"selector":{"controlType":"sap.m.StandardListItem","viewName":"reusables.view.manageresources.NewResourceUnit","viewId":"application-manageresources-display-component---newResourceUnit","properties":{"title":"Piece"},"searchOpenDialogs":true,"interaction":{"idSuffix":"titleText"}},"wdio_ui5_key":"reusablesview.manageresources.NewResourceUnitsap.m.StandardListItem{\"title\":\"Piece\"}"}]}
COMMAND: GET /session/dbe42a6913d933bf746f002719692f06/screenshot - {}
RESULT: {"script":"<script> [1562 bytes]","args":[{"selector":{"controlType":"sap.m.StandardListItem","viewName":"reusables.view.manageresources.NewResourceUnit","viewId":"application-manageresources-display-component---newResourceUnit","properties":{"title":"Piece"},"searchOpenDialogs":true,"interaction":{"idSuffix":"titleText"}},"wdio_ui5_key":"reusablesview.manageresources.NewResourceUnitsap.m.StandardListItem{\"title\":\"Piece\"}"}]}
RESULT: undefined
COMMAND: POST /session/dbe42a6913d933bf746f002719692f06/element - {"using":"xpath","value":"//*[@id=\"__item878\"]"}
RESULT: {}
RESULT: {"using":"xpath","value":"//*[@id=\"__item878\"]"}
COMMAND: POST /session/dbe42a6913d933bf746f002719692f06/element/f.AC1E98235C03768F9F99043C9DF93856.d.7216563570D1264374D9AA03FDCE4759.e.12863/click - {}
RESULT: {}
COMMAND: POST /session/dbe42a6913d933bf746f002719692f06/element - {"using":"xpath","value":"//input[contains(@id ,\"application-manageresources-display-component---newResourceUnit--SHORT_TEXT-inner\")]"}
COMMAND: GET /session/dbe42a6913d933bf746f002719692f06/screenshot - {}
RESULT: {"using":"xpath","value":"//input[contains(@id ,\"application-manageresources-display-component---newResourceUnit--SHORT_TEXT-inner\")]"}
COMMAND: GET /session/dbe42a6913d933bf746f002719692f06/element/f.AC1E98235C03768F9F99043C9DF93856.d.7216563570D1264374D9AA03FDCE4759.e.12824/property/value - {}
RESULT: {}
RESULT: {}
COMMAND: POST /session/dbe42a6913d933bf746f002719692f06/execute/async - {"script":"<script> [1562 bytes]","args":[{"selector":{"id":"application-manageresources-display-component---newResourceUnit--WEIGHT_UNIT-arrow"},"wdio_ui5_key":"applicationmanageresources-display-component---newResourceUnit--WEIGHT_UNIT-arrow"}]}
COMMAND: GET /session/dbe42a6913d933bf746f002719692f06/screenshot - {}
RESULT: {"script":"<script> [1562 bytes]","args":[{"selector":{"id":"application-manageresources-display-component---newResourceUnit--WEIGHT_UNIT-arrow"},"wdio_ui5_key":"applicationmanageresources-display-component---newResourceUnit--WEIGHT_UNIT-arrow"}]}
RESULT: undefined
COMMAND: POST /session/dbe42a6913d933bf746f002719692f06/element - {"using":"xpath","value":"//*[@id=\"application-manageresources-display-component---newResourceUnit--WEIGHT_UNIT-arrow\"]"}
RESULT: {}
RESULT: {"using":"xpath","value":"//*[@id=\"application-manageresources-display-component---newResourceUnit--WEIGHT_UNIT-arrow\"]"}
COMMAND: POST /session/dbe42a6913d933bf746f002719692f06/element/f.AC1E98235C03768F9F99043C9DF93856.d.7216563570D1264374D9AA03FDCE4759.e.12864/click - {}
RESULT: {}
COMMAND: POST /session/dbe42a6913d933bf746f002719692f06/execute/async - {"script":"<script> [1562 bytes]","args":[{"selector":{"controlType":"sap.m.StandardListItem","viewName":"reusables.view.manageresources.NewResourceUnit","viewId":"application-manageresources-display-component---newResourceUnit","properties":{"title":"Gram"},"searchOpenDialogs":true,"interaction":{"idSuffix":"content"}},"wdio_ui5_key":"reusablesview.manageresources.NewResourceUnitsap.m.StandardListItem{\"title\":\"Gram\"}"}]}
COMMAND: GET /session/dbe42a6913d933bf746f002719692f06/screenshot - {}
RESULT: {"script":"<script> [1562 bytes]","args":[{"selector":{"controlType":"sap.m.StandardListItem","viewName":"reusables.view.manageresources.NewResourceUnit","viewId":"application-manageresources-display-component---newResourceUnit","properties":{"title":"Gram"},"searchOpenDialogs":true,"interaction":{"idSuffix":"content"}},"wdio_ui5_key":"reusablesview.manageresources.NewResourceUnitsap.m.StandardListItem{\"title\":\"Gram\"}"}]}
RESULT: undefined
COMMAND: POST /session/dbe42a6913d933bf746f002719692f06/element - {"using":"xpath","value":"//*[@id=\"__item943\"]"}
RESULT: {}
RESULT: {"using":"xpath","value":"//*[@id=\"__item943\"]"}
COMMAND: POST /session/dbe42a6913d933bf746f002719692f06/element/f.AC1E98235C03768F9F99043C9DF93856.d.7216563570D1264374D9AA03FDCE4759.e.12866/click - {}
RESULT: {}
COMMAND: POST /session/dbe42a6913d933bf746f002719692f06/execute/async - {"script":"<script> [1562 bytes]","args":[{"selector":{"id":"application-manageresources-display-component---newResourceUnit--newRRUPage-OPHeaderContent-collapseBtn-img"},"wdio_ui5_key":"applicationmanageresources-display-component---newResourceUnit--newRRUPage-OPHeaderContent-collapseBtn-img"}]}
COMMAND: GET /session/dbe42a6913d933bf746f002719692f06/screenshot - {}
RESULT: {"script":"<script> [1562 bytes]","args":[{"selector":{"id":"application-manageresources-display-component---newResourceUnit--newRRUPage-OPHeaderContent-collapseBtn-img"},"wdio_ui5_key":"applicationmanageresources-display-component---newResourceUnit--newRRUPage-OPHeaderContent-collapseBtn-img"}]}
RESULT: undefined
COMMAND: POST /session/dbe42a6913d933bf746f002719692f06/element - {"using":"xpath","value":"//*[@id=\"application-manageresources-display-component---newResourceUnit--newRRUPage-OPHeaderContent-collapseBtn-img\"]"}
RESULT: {}
RESULT: {"using":"xpath","value":"//*[@id=\"application-manageresources-display-component---newResourceUnit--newRRUPage-OPHeaderContent-collapseBtn-img\"]"}
COMMAND: POST /session/dbe42a6913d933bf746f002719692f06/element/f.AC1E98235C03768F9F99043C9DF93856.d.7216563570D1264374D9AA03FDCE4759.e.12814/click - {}
RESULT: {}
COMMAND: GET /session/dbe42a6913d933bf746f002719692f06/screenshot - {}
RESULT: {}
COMMAND: POST /session/dbe42a6913d933bf746f002719692f06/element - {"using":"xpath","value":"(//span[contains(@id ,\"application-manageresources-display-component---newResourceUnit--DIMENSION_UNIT-arrow\")])[1]"}
RESULT: {"using":"xpath","value":"(//span[contains(@id ,\"application-manageresources-display-component---newResourceUnit--DIMENSION_UNIT-arrow\")])[1]"}
COMMAND: POST /session/dbe42a6913d933bf746f002719692f06/element/f.AC1E98235C03768F9F99043C9DF93856.d.7216563570D1264374D9AA03FDCE4759.e.12870/click - {}
RESULT: {}
COMMAND: GET /session/dbe42a6913d933bf746f002719692f06/screenshot - {}
RESULT: {}
COMMAND: POST /session/dbe42a6913d933bf746f002719692f06/execute/async - {"script":"<script> [1562 bytes]","args":[{"selector":{"controlType":"sap.m.StandardListItem","viewName":"reusables.view.manageresources.NewResourceUnit","viewId":"application-manageresources-display-component---newResourceUnit","properties":{"title":"Centimeter"},"searchOpenDialogs":true,"interaction":{"idSuffix":"titleText"}},"wdio_ui5_key":"reusablesview.manageresources.NewResourceUnitsap.m.StandardListItem{\"title\":\"Centimeter\"}"}]}
RESULT: {"script":"<script> [1562 bytes]","args":[{"selector":{"controlType":"sap.m.StandardListItem","viewName":"reusables.view.manageresources.NewResourceUnit","viewId":"application-manageresources-display-component---newResourceUnit","properties":{"title":"Centimeter"},"searchOpenDialogs":true,"interaction":{"idSuffix":"titleText"}},"wdio_ui5_key":"reusablesview.manageresources.NewResourceUnitsap.m.StandardListItem{\"title\":\"Centimeter\"}"}]}
RESULT: undefined
COMMAND: POST /session/dbe42a6913d933bf746f002719692f06/element - {"using":"xpath","value":"//*[@id=\"__item946\"]"}
RESULT: {"using":"xpath","value":"//*[@id=\"__item946\"]"}
COMMAND: POST /session/dbe42a6913d933bf746f002719692f06/element/f.AC1E98235C03768F9F99043C9DF93856.d.7216563570D1264374D9AA03FDCE4759.e.12874/click - {}
RESULT: {}
COMMAND: POST /session/dbe42a6913d933bf746f002719692f06/execute/async - {"script":"<script> [1562 bytes]","args":[{"selector":{"id":"application-manageresources-display-component---newResourceUnit--newRRUPage-anchBar-application-manageresources-display-component---newResourceUnit--reference-anchor","interaction":{"idSuffix":"BDI-content"}},"wdio_ui5_key":"applicationmanageresources-display-component---newResourceUnit--newRRUPage-anchBar-application-manageresources-display-component---newResourceUnit--reference-anchor"}]}
COMMAND: GET /session/dbe42a6913d933bf746f002719692f06/screenshot - {}
RESULT: {"script":"<script> [1562 bytes]","args":[{"selector":{"id":"application-manageresources-display-component---newResourceUnit--newRRUPage-anchBar-application-manageresources-display-component---newResourceUnit--reference-anchor","interaction":{"idSuffix":"BDI-content"}},"wdio_ui5_key":"applicationmanageresources-display-component---newResourceUnit--newRRUPage-anchBar-application-manageresources-display-component---newResourceUnit--reference-anchor"}]}
RESULT: undefined
COMMAND: POST /session/dbe42a6913d933bf746f002719692f06/element - {"using":"xpath","value":"//*[@id=\"application-manageresources-display-component---newResourceUnit--newRRUPage-anchBar-application-manageresources-display-component---newResourceUnit--reference-anchor\"]"}
RESULT: {}
RESULT: {"using":"xpath","value":"//*[@id=\"application-manageresources-display-component---newResourceUnit--newRRUPage-anchBar-application-manageresources-display-component---newResourceUnit--reference-anchor\"]"}
COMMAND: POST /session/dbe42a6913d933bf746f002719692f06/element/f.AC1E98235C03768F9F99043C9DF93856.d.7216563570D1264374D9AA03FDCE4759.e.12876/click - {}
RESULT: {}
COMMAND: POST /session/dbe42a6913d933bf746f002719692f06/execute/async - {"script":"<script> [1562 bytes]","args":[{"selector":{"id":"application-manageresources-display-component---newResourceUnit--PLANNING_GROUP-arrow"},"wdio_ui5_key":"applicationmanageresources-display-component---newResourceUnit--PLANNING_GROUP-arrow"}]}
COMMAND: GET /session/dbe42a6913d933bf746f002719692f06/screenshot - {}
RESULT: {"script":"<script> [1562 bytes]","args":[{"selector":{"id":"application-manageresources-display-component---newResourceUnit--PLANNING_GROUP-arrow"},"wdio_ui5_key":"applicationmanageresources-display-component---newResourceUnit--PLANNING_GROUP-arrow"}]}
RESULT: undefined
COMMAND: POST /session/dbe42a6913d933bf746f002719692f06/element - {"using":"xpath","value":"//*[@id=\"application-manageresources-display-component---newResourceUnit--PLANNING_GROUP-arrow\"]"}
RESULT: {}
RESULT: {"using":"xpath","value":"//*[@id=\"application-manageresources-display-component---newResourceUnit--PLANNING_GROUP-arrow\"]"}
COMMAND: POST /session/dbe42a6913d933bf746f002719692f06/element/f.AC1E98235C03768F9F99043C9DF93856.d.7216563570D1264374D9AA03FDCE4759.e.12880/click - {}
RESULT: {}
COMMAND: POST /session/dbe42a6913d933bf746f002719692f06/execute/async - {"script":"<script> [1562 bytes]","args":[{"selector":{"controlType":"sap.m.StandardListItem","viewName":"reusables.view.manageresources.NewResourceUnit","viewId":"application-manageresources-display-component---newResourceUnit","properties":{"title":"Heavy Equi"},"searchOpenDialogs":true,"interaction":{"idSuffix":"content"}},"wdio_ui5_key":"reusablesview.manageresources.NewResourceUnitsap.m.StandardListItem{\"title\":\"Heavy Equi\"}"}]}
COMMAND: GET /session/dbe42a6913d933bf746f002719692f06/screenshot - {}
RESULT: {"script":"<script> [1562 bytes]","args":[{"selector":{"controlType":"sap.m.StandardListItem","viewName":"reusables.view.manageresources.NewResourceUnit","viewId":"application-manageresources-display-component---newResourceUnit","properties":{"title":"Heavy Equi"},"searchOpenDialogs":true,"interaction":{"idSuffix":"content"}},"wdio_ui5_key":"reusablesview.manageresources.NewResourceUnitsap.m.StandardListItem{\"title\":\"Heavy Equi\"}"}]}
RESULT: undefined
COMMAND: POST /session/dbe42a6913d933bf746f002719692f06/element - {"using":"xpath","value":"//*[@id=\"__item954\"]"}
RESULT: {}
RESULT: {"using":"xpath","value":"//*[@id=\"__item954\"]"}
COMMAND: POST /session/dbe42a6913d933bf746f002719692f06/element/f.AC1E98235C03768F9F99043C9DF93856.d.7216563570D1264374D9AA03FDCE4759.e.12884/click - {}
RESULT: {}
COMMAND: GET /session/dbe42a6913d933bf746f002719692f06/screenshot - {}
RESULT: {}
COMMAND: POST /session/dbe42a6913d933bf746f002719692f06/execute/async - {"script":"<script> [1562 bytes]","args":[{"selector":{"id":"application-manageresources-display-component---newResourceUnit--PLANNING_INDICATOR-arrow"},"wdio_ui5_key":"applicationmanageresources-display-component---newResourceUnit--PLANNING_INDICATOR-arrow"}]}
RESULT: {"script":"<script> [1562 bytes]","args":[{"selector":{"id":"application-manageresources-display-component---newResourceUnit--PLANNING_INDICATOR-arrow"},"wdio_ui5_key":"applicationmanageresources-display-component---newResourceUnit--PLANNING_INDICATOR-arrow"}]}
RESULT: undefined
COMMAND: POST /session/dbe42a6913d933bf746f002719692f06/element - {"using":"xpath","value":"//*[@id=\"application-manageresources-display-component---newResourceUnit--PLANNING_INDICATOR-arrow\"]"}
RESULT: {"using":"xpath","value":"//*[@id=\"application-manageresources-display-component---newResourceUnit--PLANNING_INDICATOR-arrow\"]"}
COMMAND: POST /session/dbe42a6913d933bf746f002719692f06/element/f.AC1E98235C03768F9F99043C9DF93856.d.7216563570D1264374D9AA03FDCE4759.e.12885/click - {}
RESULT: {}
COMMAND: POST /session/dbe42a6913d933bf746f002719692f06/execute/async - {"script":"<script> [1562 bytes]","args":[{"selector":{"controlType":"sap.m.StandardListItem","viewName":"reusables.view.manageresources.NewResourceUnit","viewId":"application-manageresources-display-component---newResourceUnit","properties":{"title":"10 - infinite"},"searchOpenDialogs":true,"interaction":{"idSuffix":"content"}},"wdio_ui5_key":"reusablesview.manageresources.NewResourceUnitsap.m.StandardListItem{\"title\":\"10 - infinite\"}"}]}
COMMAND: GET /session/dbe42a6913d933bf746f002719692f06/screenshot - {}
RESULT: {"script":"<script> [1562 bytes]","args":[{"selector":{"controlType":"sap.m.StandardListItem","viewName":"reusables.view.manageresources.NewResourceUnit","viewId":"application-manageresources-display-component---newResourceUnit","properties":{"title":"10 - infinite"},"searchOpenDialogs":true,"interaction":{"idSuffix":"content"}},"wdio_ui5_key":"reusablesview.manageresources.NewResourceUnitsap.m.StandardListItem{\"title\":\"10 - infinite\"}"}]}
RESULT: undefined
COMMAND: POST /session/dbe42a6913d933bf746f002719692f06/element - {"using":"xpath","value":"//*[@id=\"__item964\"]"}
RESULT: {}
RESULT: {"using":"xpath","value":"//*[@id=\"__item964\"]"}
COMMAND: POST /session/dbe42a6913d933bf746f002719692f06/element/f.AC1E98235C03768F9F99043C9DF93856.d.7216563570D1264374D9AA03FDCE4759.e.12887/click - {}
RESULT: {}
COMMAND: GET /session/dbe42a6913d933bf746f002719692f06/screenshot - {}
RESULT: {}
COMMAND: POST /session/dbe42a6913d933bf746f002719692f06/element - {"using":"xpath","value":"//bdi[contains(text(), \"Time Segment\")]"}
RESULT: {"using":"xpath","value":"//bdi[contains(text(), \"Time Segment\")]"}
COMMAND: GET /session/dbe42a6913d933bf746f002719692f06/element/f.AC1E98235C03768F9F99043C9DF93856.d.7216563570D1264374D9AA03FDCE4759.e.12888/rect - {}
RESULT: {}
COMMAND: GET /session/dbe42a6913d933bf746f002719692f06/window/rect - {}
RESULT: {}
COMMAND: POST /session/dbe42a6913d933bf746f002719692f06/execute/sync - {"script":"<script> [92 bytes]","args":[]}
RESULT: {"script":"<script> [92 bytes]","args":[]}
COMMAND: POST /session/dbe42a6913d933bf746f002719692f06/actions - {"actions":[{"id":"action69","type":"wheel","parameters":{},"actions":[{"type":"scroll","x":-1820,"y":-21,"deltaX":0,"deltaY":0,"duration":0,"origin":{"element-6066-11e4-a52e-4f735466cecf":"f.AC1E98235C03768F9F99043C9DF93856.d.7216563570D1264374D9AA03FDCE4759.e.12888"}}]}]}
COMMAND: GET /session/dbe42a6913d933bf746f002719692f06/screenshot - {}
RESULT: {}
COMMAND: POST /session/dbe42a6913d933bf746f002719692f06/execute/sync - {"script":"<script> [79 bytes]","args":[{"element-6066-11e4-a52e-4f735466cecf":"f.AC1E98235C03768F9F99043C9DF93856.d.7216563570D1264374D9AA03FDCE4759.e.12888","ELEMENT":"f.AC1E98235C03768F9F99043C9DF93856.d.7216563570D1264374D9AA03FDCE4759.e.12888"},{"block":"start","inline":"nearest"}]}
RESULT: {"script":"<script> [79 bytes]","args":[{"element-6066-11e4-a52e-4f735466cecf":"f.AC1E98235C03768F9F99043C9DF93856.d.7216563570D1264374D9AA03FDCE4759.e.12888","ELEMENT":"f.AC1E98235C03768F9F99043C9DF93856.d.7216563570D1264374D9AA03FDCE4759.e.12888"},{"block":"start","inline":"nearest"}]}
COMMAND: GET /session/dbe42a6913d933bf746f002719692f06/screenshot - {}
RESULT: {}
COMMAND: POST /session/dbe42a6913d933bf746f002719692f06/element - {"using":"xpath","value":"//span[@id=\"application-manageresources-display-component---newResourceUnit--btnAddTimeSegment-img\"]"}
RESULT: {"using":"xpath","value":"//span[@id=\"application-manageresources-display-component---newResourceUnit--btnAddTimeSegment-img\"]"}
COMMAND: POST /session/dbe42a6913d933bf746f002719692f06/execute/sync - {"script":"<script> [8489 bytes]","args":[{"element-6066-11e4-a52e-4f735466cecf":"f.AC1E98235C03768F9F99043C9DF93856.d.7216563570D1264374D9AA03FDCE4759.e.12891","ELEMENT":"f.AC1E98235C03768F9F99043C9DF93856.d.7216563570D1264374D9AA03FDCE4759.e.12891"}]}
RESULT: {"script":"<script> [8489 bytes]","args":[{"element-6066-11e4-a52e-4f735466cecf":"f.AC1E98235C03768F9F99043C9DF93856.d.7216563570D1264374D9AA03FDCE4759.e.12891","ELEMENT":"f.AC1E98235C03768F9F99043C9DF93856.d.7216563570D1264374D9AA03FDCE4759.e.12891"}]}
COMMAND: POST /session/dbe42a6913d933bf746f002719692f06/element/f.AC1E98235C03768F9F99043C9DF93856.d.7216563570D1264374D9AA03FDCE4759.e.12891/click - {}
COMMAND: GET /session/dbe42a6913d933bf746f002719692f06/screenshot - {}
RESULT: {}
COMMAND: GET /session/dbe42a6913d933bf746f002719692f06/screenshot - {}
COMMAND: POST /session/dbe42a6913d933bf746f002719692f06/element - {"using":"xpath","value":"//input[@id=\"application-manageresources-display-component---newResourceUnit--idRuTSAdmin-application-manageresources-display-component---newResourceUnit--RUTimeSegment-0-inner\"]"}
RESULT: {}
RESULT: {}
RESULT: {"using":"xpath","value":"//input[@id=\"application-manageresources-display-component---newResourceUnit--idRuTSAdmin-application-manageresources-display-component---newResourceUnit--RUTimeSegment-0-inner\"]"}
COMMAND: POST /session/dbe42a6913d933bf746f002719692f06/element/f.AC1E98235C03768F9F99043C9DF93856.d.7216563570D1264374D9AA03FDCE4759.e.12894/clear - {}
RESULT: {}
COMMAND: POST /session/dbe42a6913d933bf746f002719692f06/element/f.AC1E98235C03768F9F99043C9DF93856.d.7216563570D1264374D9AA03FDCE4759.e.12894/value - {"text":"WebdriverYardleral"}
COMMAND: GET /session/dbe42a6913d933bf746f002719692f06/screenshot - {}
RESULT: {"text":"WebdriverYardleral"}
COMMAND: GET /session/dbe42a6913d933bf746f002719692f06/screenshot - {}
RESULT: {}
RESULT: {}
COMMAND: POST /session/dbe42a6913d933bf746f002719692f06/actions - {"actions":[{"id":"action70","type":"key","parameters":{},"actions":[{"type":"keyDown","value":"î€‡"},{"type":"pause","duration":10},{"type":"keyUp","value":"î€‡"}]}]}
RESULT: {"actions":[{"id":"action70","type":"key","parameters":{},"actions":[{"type":"keyDown","value":"î€‡"},{"type":"pause","duration":10},{"type":"keyUp","value":"î€‡"}]}]}
COMMAND: GET /session/dbe42a6913d933bf746f002719692f06/screenshot - {}
RESULT: {}
COMMAND: POST /session/dbe42a6913d933bf746f002719692f06/execute/async - {"script":"<script> [1562 bytes]","args":[{"selector":{"controlType":"sap.m.Button","viewName":"reusables.view.manageresources.NewResourceUnit","viewId":"application-manageresources-display-component---newResourceUnit","i18NText":{"propertyName":"tooltip","key":"save"},"interaction":{"idSuffix":"BDI-content"}},"wdio_ui5_key":"reusablesview.manageresources.NewResourceUnitsap.m.Button{\"propertyName\":\"tooltip\",\"key\":\"save\"}"}]}
RESULT: {"script":"<script> [1562 bytes]","args":[{"selector":{"controlType":"sap.m.Button","viewName":"reusables.view.manageresources.NewResourceUnit","viewId":"application-manageresources-display-component---newResourceUnit","i18NText":{"propertyName":"tooltip","key":"save"},"interaction":{"idSuffix":"BDI-content"}},"wdio_ui5_key":"reusablesview.manageresources.NewResourceUnitsap.m.Button{\"propertyName\":\"tooltip\",\"key\":\"save\"}"}]}
RESULT: undefined
COMMAND: POST /session/dbe42a6913d933bf746f002719692f06/element - {"using":"xpath","value":"//*[@id=\"application-manageresources-display-component---newResourceUnit--createRuButton\"]"}
RESULT: {"using":"xpath","value":"//*[@id=\"application-manageresources-display-component---newResourceUnit--createRuButton\"]"}
COMMAND: POST /session/dbe42a6913d933bf746f002719692f06/element/f.AC1E98235C03768F9F99043C9DF93856.d.7216563570D1264374D9AA03FDCE4759.e.12820/click - {}
RESULT: {}
COMMAND: GET /session/dbe42a6913d933bf746f002719692f06/screenshot - {}
RESULT: {}
COMMAND: POST /session/dbe42a6913d933bf746f002719692f06/execute/async - {"script":"<script> [1562 bytes]","args":[{"selector":{"controlType":"sap.m.Title","properties":{"text":"Success"},"searchOpenDialogs":true},"wdio_ui5_key":"sapm.Title{\"text\":\"Success\"}"}]}
RESULT: {"script":"<script> [1562 bytes]","args":[{"selector":{"controlType":"sap.m.Title","properties":{"text":"Success"},"searchOpenDialogs":true},"wdio_ui5_key":"sapm.Title{\"text\":\"Success\"}"}]}
RESULT: undefined
COMMAND: POST /session/dbe42a6913d933bf746f002719692f06/execute/async - {"script":"<script> [6424 bytes]","args":[{"element-6066-11e4-a52e-4f735466cecf":"f.AC1E98235C03768F9F99043C9DF93856.d.7216563570D1264374D9AA03FDCE4759.e.12907"},"getText",[]]}
RESULT: {"script":"<script> [6424 bytes]","args":[{"element-6066-11e4-a52e-4f735466cecf":"f.AC1E98235C03768F9F99043C9DF93856.d.7216563570D1264374D9AA03FDCE4759.e.12907"},"getText",[]]}
COMMAND: POST /session/dbe42a6913d933bf746f002719692f06/element - {"using":"xpath","value":"//*[contains(@id, '__text') and (contains(text(), 'successfully created') or contains(., 'successfully created'))]"}
RESULT: {"using":"xpath","value":"//*[contains(@id, '__text') and (contains(text(), 'successfully created') or contains(., 'successfully created'))]"}
COMMAND: GET /session/dbe42a6913d933bf746f002719692f06/element/f.AC1E98235C03768F9F99043C9DF93856.d.7216563570D1264374D9AA03FDCE4759.e.12905/text - {}
RESULT: {}
COMMAND: POST /session/dbe42a6913d933bf746f002719692f06/execute/async - {"script":"<script> [1562 bytes]","args":[{"selector":{"controlType":"sap.m.Button","properties":{"text":"Close"},"searchOpenDialogs":true,"interaction":{"idSuffix":"BDI-content"}},"wdio_ui5_key":"sapm.Button{\"text\":\"Close\"}"}]}
RESULT: {"script":"<script> [1562 bytes]","args":[{"selector":{"controlType":"sap.m.Button","properties":{"text":"Close"},"searchOpenDialogs":true,"interaction":{"idSuffix":"BDI-content"}},"wdio_ui5_key":"sapm.Button{\"text\":\"Close\"}"}]}
RESULT: undefined
COMMAND: POST /session/dbe42a6913d933bf746f002719692f06/element - {"using":"xpath","value":"//*[@id=\"__mbox-btn-0\"]"}
RESULT: {"using":"xpath","value":"//*[@id=\"__mbox-btn-0\"]"}
COMMAND: POST /session/dbe42a6913d933bf746f002719692f06/element/f.AC1E98235C03768F9F99043C9DF93856.d.7216563570D1264374D9AA03FDCE4759.e.12904/click - {}
RESULT: {}
COMMAND: GET /session/dbe42a6913d933bf746f002719692f06/screenshot - {}
RESULT: {}
COMMAND: POST /session/dbe42a6913d933bf746f002719692f06/execute/async - {"script":"<script> [1562 bytes]","args":[{"selector":{"controlType":"sap.ui.core.Icon","viewName":"etm.portal.ui.manageresources.view.Detail","viewId":"application-manageresources-display-component---detailRU","properties":{"src":{"regex":{"source":"overflow"}}}},"wdio_ui5_key":"etmportal.ui.manageresources.view.Detailsap.ui.core.Icon{\"src\":{\"regex\":{\"source\":\"overflow\"}}}"}]}
RESULT: {"script":"<script> [1562 bytes]","args":[{"selector":{"controlType":"sap.ui.core.Icon","viewName":"etm.portal.ui.manageresources.view.Detail","viewId":"application-manageresources-display-component---detailRU","properties":{"src":{"regex":{"source":"overflow"}}}},"wdio_ui5_key":"etmportal.ui.manageresources.view.Detailsap.ui.core.Icon{\"src\":{\"regex\":{\"source\":\"overflow\"}}}"}]}
RESULT: undefined
COMMAND: POST /session/dbe42a6913d933bf746f002719692f06/element - {"using":"xpath","value":"//*[@id=\"__title31-_actionsToolbar-overflowButton-img\"]"}
RESULT: {"using":"xpath","value":"//*[@id=\"__title31-_actionsToolbar-overflowButton-img\"]"}
COMMAND: POST /session/dbe42a6913d933bf746f002719692f06/element/f.AC1E98235C03768F9F99043C9DF93856.d.7216563570D1264374D9AA03FDCE4759.e.12937/click - {}
RESULT: {}
COMMAND: POST /session/dbe42a6913d933bf746f002719692f06/execute/async - {"script":"<script> [1562 bytes]","args":[{"selector":{"controlType":"sap.m.Button","viewName":"etm.portal.ui.manageresources.view.Detail","viewId":"application-manageresources-display-component---detailRU","i18NText":{"propertyName":"tooltip","key":"closeColumn"},"searchOpenDialogs":true,"interaction":{"idSuffix":"inner"}},"wdio_ui5_key":"etmportal.ui.manageresources.view.Detailsap.m.Button{\"propertyName\":\"tooltip\",\"key\":\"closeColumn\"}"}]}
COMMAND: GET /session/dbe42a6913d933bf746f002719692f06/screenshot - {}
RESULT: {"script":"<script> [1562 bytes]","args":[{"selector":{"controlType":"sap.m.Button","viewName":"etm.portal.ui.manageresources.view.Detail","viewId":"application-manageresources-display-component---detailRU","i18NText":{"propertyName":"tooltip","key":"closeColumn"},"searchOpenDialogs":true,"interaction":{"idSuffix":"inner"}},"wdio_ui5_key":"etmportal.ui.manageresources.view.Detailsap.m.Button{\"propertyName\":\"tooltip\",\"key\":\"closeColumn\"}"}]}
RESULT: undefined
COMMAND: POST /session/dbe42a6913d933bf746f002719692f06/element - {"using":"xpath","value":"//*[@id=\"__button137\"]"}
RESULT: {}
RESULT: {"using":"xpath","value":"//*[@id=\"__button137\"]"}
COMMAND: POST /session/dbe42a6913d933bf746f002719692f06/element/f.AC1E98235C03768F9F99043C9DF93856.d.7216563570D1264374D9AA03FDCE4759.e.12939/click - {}
RESULT: {}
COMMAND: GET /session/dbe42a6913d933bf746f002719692f06/screenshot - {}
RESULT: {}
COMMAND: POST /session/dbe42a6913d933bf746f002719692f06/refresh - {}
RESULT: {}
COMMAND: GET /session/dbe42a6913d933bf746f002719692f06/screenshot - {}
RESULT: {}
COMMAND: POST /session/dbe42a6913d933bf746f002719692f06/execute/async - {"script":"<script> [189 bytes]","args":[]}
RESULT: {"script":"<script> [189 bytes]","args":[]}
COMMAND: POST /session/dbe42a6913d933bf746f002719692f06/execute/async - {"script":"<script> [123 bytes]","args":[]}
RESULT: {"script":"<script> [123 bytes]","args":[]}
COMMAND: POST /session/dbe42a6913d933bf746f002719692f06/timeouts - {"script":"<number>"}
RESULT: {"script":"<number>"}
COMMAND: GET /session/dbe42a6913d933bf746f002719692f06/timeouts - {}
RESULT: {}
RESULT: undefined
COMMAND: POST /session/dbe42a6913d933bf746f002719692f06/execute/async - {"script":"<script> [2676 bytes]","args":[]}
RESULT: {"script":"<script> [2676 bytes]","args":[]}
COMMAND: POST /session/dbe42a6913d933bf746f002719692f06/execute/async - {"script":"<script> [2342 bytes]","args":[{"protocol":"http","hostname":"0.0.0.0","path":"/","capabilities":{"browserName":"chrome","goog:chromeOptions":{"binary":"C:\\Program Files\\Google\\Chrome\\Application\\chrome.exe","args":["--start-maximized"]}},"logLevel":"warn","connectionRetryTimeout":120000,"connectionRetryCount":3,"logLevels":{},"enableDirectConnect":true,"strictSSL":true,"_":"65 more keys: [\"cacheDir\",\"port\",\"requestedCapabilities\",\"automationProtocol\",\"baseUrl\",\"waitforInterval\",\"waitforTimeout\",\"onReload\",\"beforeCommand\",\"afterCommand\",\"rootDir\",\"specs\",\"suites\",\"exclude\",\"groupLogsByTestSpec\",\"excludeDriverLogs\",\"bail\",\"framework\",\"reporters\",\"services\",\"maxInstances\",\"maxInstancesPerCapability\",\"injectGlobals\",\"filesToWatch\",\"execArgv\",\"runnerEnv\",\"runner\",\"shard\",\"specFileRetries\",\"specFileRetriesDelay\",\"specFileRetriesDeferred\",\"reporterSyncInterval\",\"reporterSyncTimeout\",\"cucumberFeaturesWithLineNumbers\",\"autoCompileOpts\",\"mochaOpts\",\"jasmineOpts\",\"cucumberOpts\",\"onPrepare\",\"onWorkerStart\",\"onWorkerEnd\",\"before\",\"beforeSession\",\"beforeSuite\",\"beforeHook\",\"beforeTest\",\"afterTest\",\"afterHook\",\"afterSuite\",\"afterSession\",\"after\",\"onComplete\",\"beforeAssertion\",\"afterAssertion\",\"beforeFeature\",\"beforeScenario\",\"beforeStep\",\"afterStep\",\"afterScenario\",\"afterFeature\",\"_\",\"suite\",\"$0\",\"ignoredWorkerServices\",\"wdi5\"]"}]}
RESULT: {"script":"<script> [2342 bytes]","args":[{"protocol":"http","hostname":"0.0.0.0","path":"/","capabilities":{"browserName":"chrome","goog:chromeOptions":{"binary":"C:\\Program Files\\Google\\Chrome\\Application\\chrome.exe","args":["--start-maximized"]}},"logLevel":"warn","connectionRetryTimeout":120000,"connectionRetryCount":3,"logLevels":{},"enableDirectConnect":true,"strictSSL":true,"_":"65 more keys: [\"cacheDir\",\"port\",\"requestedCapabilities\",\"automationProtocol\",\"baseUrl\",\"waitforInterval\",\"waitforTimeout\",\"onReload\",\"beforeCommand\",\"afterCommand\",\"rootDir\",\"specs\",\"suites\",\"exclude\",\"groupLogsByTestSpec\",\"excludeDriverLogs\",\"bail\",\"framework\",\"reporters\",\"services\",\"maxInstances\",\"maxInstancesPerCapability\",\"injectGlobals\",\"filesToWatch\",\"execArgv\",\"runnerEnv\",\"runner\",\"shard\",\"specFileRetries\",\"specFileRetriesDelay\",\"specFileRetriesDeferred\",\"reporterSyncInterval\",\"reporterSyncTimeout\",\"cucumberFeaturesWithLineNumbers\",\"autoCompileOpts\",\"mochaOpts\",\"jasmineOpts\",\"cucumberOpts\",\"onPrepare\",\"onWorkerStart\",\"onWorkerEnd\",\"before\",\"beforeSession\",\"beforeSuite\",\"beforeHook\",\"beforeTest\",\"afterTest\",\"afterHook\",\"afterSuite\",\"afterSession\",\"after\",\"onComplete\",\"beforeAssertion\",\"afterAssertion\",\"beforeFeature\",\"beforeScenario\",\"beforeStep\",\"afterStep\",\"afterScenario\",\"afterFeature\",\"_\",\"suite\",\"$0\",\"ignoredWorkerServices\",\"wdi5\"]"}]}
COMMAND: POST /session/dbe42a6913d933bf746f002719692f06/execute/async - {"script":"<script> [21126 bytes]","args":[35000]}
RESULT: {"script":"<script> [21126 bytes]","args":[35000]}
COMMAND: POST /session/dbe42a6913d933bf746f002719692f06/element - {"using":"css selector","value":"#shell-header-logo"}
RESULT: {"using":"css selector","value":"#shell-header-logo"}
COMMAND: POST /session/dbe42a6913d933bf746f002719692f06/element/f.AC1E98235C03768F9F99043C9DF93856.d.A459D50062E653E81C1C44BA3C8A340D.e.13021/click - {}
RESULT: {}
COMMAND: GET /session/dbe42a6913d933bf746f002719692f06/screenshot - {}
RESULT: {}
COMMAND: POST /session/dbe42a6913d933bf746f002719692f06/execute/async - {"script":"<script> [1562 bytes]","args":[{"selector":{"controlType":"sap.m.GenericTile","properties":{"header":"Manage Handovers"}},"wdio_ui5_key":"sapm.GenericTile{\"header\":\"Manage Handovers\"}"}]}
RESULT: {"script":"<script> [1562 bytes]","args":[{"selector":{"controlType":"sap.m.GenericTile","properties":{"header":"Manage Handovers"}},"wdio_ui5_key":"sapm.GenericTile{\"header\":\"Manage Handovers\"}"}]}
RESULT: undefined
COMMAND: POST /session/dbe42a6913d933bf746f002719692f06/element - {"using":"xpath","value":"//*[@id=\"__tile132\"]"}
RESULT: {"using":"xpath","value":"//*[@id=\"__tile132\"]"}
COMMAND: POST /session/dbe42a6913d933bf746f002719692f06/element/f.AC1E98235C03768F9F99043C9DF93856.d.A459D50062E653E81C1C44BA3C8A340D.e.13208/click - {}
RESULT: {}
COMMAND: GET /session/dbe42a6913d933bf746f002719692f06/screenshot - {}
RESULT: {}
COMMAND: POST /session/dbe42a6913d933bf746f002719692f06/elements - {"using":"xpath","value":"//span[text()='Error']"}
RESULT: {"using":"xpath","value":"//span[text()='Error']"}
COMMAND: POST /session/dbe42a6913d933bf746f002719692f06/element - {"using":"xpath","value":"//button[@data-kt=\"masterHOAddButton\"]"}
RESULT: {"using":"xpath","value":"//button[@data-kt=\"masterHOAddButton\"]"}
COMMAND: POST /session/dbe42a6913d933bf746f002719692f06/execute/sync - {"script":"<script> [8489 bytes]","args":[{"element-6066-11e4-a52e-4f735466cecf":"f.AC1E98235C03768F9F99043C9DF93856.d.A459D50062E653E81C1C44BA3C8A340D.e.13251","ELEMENT":"f.AC1E98235C03768F9F99043C9DF93856.d.A459D50062E653E81C1C44BA3C8A340D.e.13251"}]}
RESULT: {"script":"<script> [8489 bytes]","args":[{"element-6066-11e4-a52e-4f735466cecf":"f.AC1E98235C03768F9F99043C9DF93856.d.A459D50062E653E81C1C44BA3C8A340D.e.13251","ELEMENT":"f.AC1E98235C03768F9F99043C9DF93856.d.A459D50062E653E81C1C44BA3C8A340D.e.13251"}]}
COMMAND: POST /session/dbe42a6913d933bf746f002719692f06/element/f.AC1E98235C03768F9F99043C9DF93856.d.A459D50062E653E81C1C44BA3C8A340D.e.13251/click - {}
COMMAND: GET /session/dbe42a6913d933bf746f002719692f06/screenshot - {}
RESULT: {}
COMMAND: GET /session/dbe42a6913d933bf746f002719692f06/screenshot - {}
RESULT: {}
RESULT: {}
COMMAND: POST /session/dbe42a6913d933bf746f002719692f06/element - {"using":"xpath","value":"//span[contains(@id ,\"AddNewHO--typeSelect-arrow\")]"}
RESULT: {"using":"xpath","value":"//span[contains(@id ,\"AddNewHO--typeSelect-arrow\")]"}
COMMAND: POST /session/dbe42a6913d933bf746f002719692f06/element/f.AC1E98235C03768F9F99043C9DF93856.d.A459D50062E653E81C1C44BA3C8A340D.e.13552/click - {}
RESULT: {}
COMMAND: GET /session/dbe42a6913d933bf746f002719692f06/screenshot - {}
RESULT: {}
COMMAND: POST /session/dbe42a6913d933bf746f002719692f06/element - {"using":"xpath","value":"(//li[contains(text(), \"stock increase yard\")])[1]"}
RESULT: {"using":"xpath","value":"(//li[contains(text(), \"stock increase yard\")])[1]"}
COMMAND: POST /session/dbe42a6913d933bf746f002719692f06/element/f.AC1E98235C03768F9F99043C9DF93856.d.A459D50062E653E81C1C44BA3C8A340D.e.13553/click - {}
RESULT: {}
COMMAND: GET /session/dbe42a6913d933bf746f002719692f06/screenshot - {}
RESULT: {}
COMMAND: POST /session/dbe42a6913d933bf746f002719692f06/execute/async - {"script":"<script> [1562 bytes]","args":[{"selector":{"id":"application-managehandovers-display-component---AddNewHO--dueDate","interaction":{"idSuffix":"inner"}},"wdio_ui5_key":"applicationmanagehandovers-display-component---AddNewHO--dueDate"}]}
RESULT: {"script":"<script> [1562 bytes]","args":[{"selector":{"id":"application-managehandovers-display-component---AddNewHO--dueDate","interaction":{"idSuffix":"inner"}},"wdio_ui5_key":"applicationmanagehandovers-display-component---AddNewHO--dueDate"}]}
RESULT: undefined
COMMAND: POST /session/dbe42a6913d933bf746f002719692f06/execute/async - {"script":"<script> [6424 bytes]","args":[{"element-6066-11e4-a52e-4f735466cecf":"f.AC1E98235C03768F9F99043C9DF93856.d.A459D50062E653E81C1C44BA3C8A340D.e.13555"},"setValue",["5/13/25"]]}
RESULT: {"script":"<script> [6424 bytes]","args":[{"element-6066-11e4-a52e-4f735466cecf":"f.AC1E98235C03768F9F99043C9DF93856.d.A459D50062E653E81C1C44BA3C8A340D.e.13555"},"setValue",["5/13/25"]]}
COMMAND: POST /session/dbe42a6913d933bf746f002719692f06/element - {"using":"xpath","value":"//input[@id=\"generalSectionFrg--receiveYard-inner\"]"}
RESULT: {"using":"xpath","value":"//input[@id=\"generalSectionFrg--receiveYard-inner\"]"}
COMMAND: POST /session/dbe42a6913d933bf746f002719692f06/element/f.AC1E98235C03768F9F99043C9DF93856.d.A459D50062E653E81C1C44BA3C8A340D.e.13559/clear - {}
RESULT: {}
COMMAND: POST /session/dbe42a6913d933bf746f002719692f06/element/f.AC1E98235C03768F9F99043C9DF93856.d.A459D50062E653E81C1C44BA3C8A340D.e.13559/value - {"text":"WebdriverYardleral"}
COMMAND: GET /session/dbe42a6913d933bf746f002719692f06/screenshot - {}
RESULT: {"text":"WebdriverYardleral"}
COMMAND: GET /session/dbe42a6913d933bf746f002719692f06/screenshot - {}
RESULT: {}
RESULT: {}
COMMAND: POST /session/dbe42a6913d933bf746f002719692f06/execute/async - {"script":"<script> [1562 bytes]","args":[{"selector":{"id":"application-managehandovers-display-component---AddNewHO--ObjectPageLayout-anchBar-application-managehandovers-display-component---AddNewHO--section4-anchor","interaction":{"idSuffix":"BDI-content"}},"wdio_ui5_key":"applicationmanagehandovers-display-component---AddNewHO--ObjectPageLayout-anchBar-application-managehandovers-display-component---AddNewHO--section4-anchor"}]}
RESULT: {"script":"<script> [1562 bytes]","args":[{"selector":{"id":"application-managehandovers-display-component---AddNewHO--ObjectPageLayout-anchBar-application-managehandovers-display-component---AddNewHO--section4-anchor","interaction":{"idSuffix":"BDI-content"}},"wdio_ui5_key":"applicationmanagehandovers-display-component---AddNewHO--ObjectPageLayout-anchBar-application-managehandovers-display-component---AddNewHO--section4-anchor"}]}
RESULT: undefined
COMMAND: POST /session/dbe42a6913d933bf746f002719692f06/element - {"using":"xpath","value":"//*[@id=\"application-managehandovers-display-component---AddNewHO--ObjectPageLayout-anchBar-application-managehandovers-display-component---AddNewHO--section4-anchor\"]"}
RESULT: {"using":"xpath","value":"//*[@id=\"application-managehandovers-display-component---AddNewHO--ObjectPageLayout-anchBar-application-managehandovers-display-component---AddNewHO--section4-anchor\"]"}
COMMAND: POST /session/dbe42a6913d933bf746f002719692f06/element/f.AC1E98235C03768F9F99043C9DF93856.d.A459D50062E653E81C1C44BA3C8A340D.e.13578/click - {}
RESULT: {}
COMMAND: GET /session/dbe42a6913d933bf746f002719692f06/screenshot - {}
RESULT: {}
COMMAND: POST /session/dbe42a6913d933bf746f002719692f06/element - {"using":"xpath","value":"//button[@aria-label=\"Add\"]"}
RESULT: {"using":"xpath","value":"//button[@aria-label=\"Add\"]"}
COMMAND: POST /session/dbe42a6913d933bf746f002719692f06/element/f.AC1E98235C03768F9F99043C9DF93856.d.A459D50062E653E81C1C44BA3C8A340D.e.13582/click - {}
RESULT: {}
COMMAND: GET /session/dbe42a6913d933bf746f002719692f06/screenshot - {}
RESULT: {}
COMMAND: POST /session/dbe42a6913d933bf746f002719692f06/execute/async - {"script":"<script> [1562 bytes]","args":[{"selector":{"id":"application-managehandovers-display-component---AddNewHO--smartFilterBar-btnBasicSearch","searchOpenDialogs":true,"interaction":{"idSuffix":"I"}},"wdio_ui5_key":"applicationmanagehandovers-display-component---AddNewHO--smartFilterBar-btnBasicSearch"}]}
RESULT: {"script":"<script> [1562 bytes]","args":[{"selector":{"id":"application-managehandovers-display-component---AddNewHO--smartFilterBar-btnBasicSearch","searchOpenDialogs":true,"interaction":{"idSuffix":"I"}},"wdio_ui5_key":"applicationmanagehandovers-display-component---AddNewHO--smartFilterBar-btnBasicSearch"}]}
RESULT: undefined
COMMAND: POST /session/dbe42a6913d933bf746f002719692f06/execute/async - {"script":"<script> [776 bytes]","args":[{"enterText":"WebdriverRUR2Ctpktn","selector":{"id":"application-managehandovers-display-component---AddNewHO--smartFilterBar-btnBasicSearch","searchOpenDialogs":true,"interaction":{"idSuffix":"I"}},"clearTextFirst":true,"interactionType":"ENTER_TEXT"}]}
RESULT: {"script":"<script> [776 bytes]","args":[{"enterText":"WebdriverRUR2Ctpktn","selector":{"id":"application-managehandovers-display-component---AddNewHO--smartFilterBar-btnBasicSearch","searchOpenDialogs":true,"interaction":{"idSuffix":"I"}},"clearTextFirst":true,"interactionType":"ENTER_TEXT"}]}
COMMAND: POST /session/dbe42a6913d933bf746f002719692f06/actions - {"actions":[{"id":"action71","type":"key","parameters":{},"actions":[{"type":"keyDown","value":"î€‡"},{"type":"pause","duration":10},{"type":"keyUp","value":"î€‡"}]}]}
RESULT: {"actions":[{"id":"action71","type":"key","parameters":{},"actions":[{"type":"keyDown","value":"î€‡"},{"type":"pause","duration":10},{"type":"keyUp","value":"î€‡"}]}]}
COMMAND: POST /session/dbe42a6913d933bf746f002719692f06/execute/async - {"script":"<script> [1562 bytes]","args":[{"selector":{"id":"application-managehandovers-display-component---AddNewHO--popup-sa","searchOpenDialogs":true,"interaction":{"idSuffix":"CbBg"}},"wdio_ui5_key":"applicationmanagehandovers-display-component---AddNewHO--popup-sa"}]}
COMMAND: GET /session/dbe42a6913d933bf746f002719692f06/screenshot - {}
RESULT: {"script":"<script> [1562 bytes]","args":[{"selector":{"id":"application-managehandovers-display-component---AddNewHO--popup-sa","searchOpenDialogs":true,"interaction":{"idSuffix":"CbBg"}},"wdio_ui5_key":"applicationmanagehandovers-display-component---AddNewHO--popup-sa"}]}
RESULT: undefined
COMMAND: POST /session/dbe42a6913d933bf746f002719692f06/element - {"using":"xpath","value":"//*[@id=\"application-managehandovers-display-component---AddNewHO--popup-sa\"]"}
RESULT: {}
RESULT: {"using":"xpath","value":"//*[@id=\"application-managehandovers-display-component---AddNewHO--popup-sa\"]"}
COMMAND: POST /session/dbe42a6913d933bf746f002719692f06/element/f.AC1E98235C03768F9F99043C9DF93856.d.A459D50062E653E81C1C44BA3C8A340D.e.13661/click - {}
RESULT: {}
COMMAND: GET /session/dbe42a6913d933bf746f002719692f06/screenshot - {}
RESULT: {}
COMMAND: POST /session/dbe42a6913d933bf746f002719692f06/element - {"using":"xpath","value":"//bdi[contains(text(), \"Select\")]"}
RESULT: {"using":"xpath","value":"//bdi[contains(text(), \"Select\")]"}
COMMAND: POST /session/dbe42a6913d933bf746f002719692f06/element/f.AC1E98235C03768F9F99043C9DF93856.d.A459D50062E653E81C1C44BA3C8A340D.e.13662/click - {}
RESULT: {}
COMMAND: GET /session/dbe42a6913d933bf746f002719692f06/screenshot - {}
RESULT: {}
COMMAND: POST /session/dbe42a6913d933bf746f002719692f06/execute/async - {"script":"<script> [1562 bytes]","args":[{"selector":{"controlType":"sap.m.Input","viewName":"etm.portal.ui.managehandovers.view.AddNewHO","viewId":"application-managehandovers-display-component---AddNewHO","bindingPath":{"path":"/items/0","propertyPath":"TYPE","modelName":"hoItemsModel"},"interaction":{"idSuffix":"inner"}},"wdio_ui5_key":"etmportal.ui.managehandovers.view.AddNewHOsap.m.Input{\"path\":\"/items/0\",\"propertyPath\":\"TYPE\",\"modelName\":\"hoItemsModel\"}"}]}
RESULT: {"script":"<script> [1562 bytes]","args":[{"selector":{"controlType":"sap.m.Input","viewName":"etm.portal.ui.managehandovers.view.AddNewHO","viewId":"application-managehandovers-display-component---AddNewHO","bindingPath":{"path":"/items/0","propertyPath":"TYPE","modelName":"hoItemsModel"},"interaction":{"idSuffix":"inner"}},"wdio_ui5_key":"etmportal.ui.managehandovers.view.AddNewHOsap.m.Input{\"path\":\"/items/0\",\"propertyPath\":\"TYPE\",\"modelName\":\"hoItemsModel\"}"}]}
RESULT: undefined
COMMAND: POST /session/dbe42a6913d933bf746f002719692f06/execute/async - {"script":"<script> [776 bytes]","args":[{"enterText":"100","selector":{"controlType":"sap.m.Input","viewName":"etm.portal.ui.managehandovers.view.AddNewHO","viewId":"application-managehandovers-display-component---AddNewHO","bindingPath":{"path":"/items/0","propertyPath":"TYPE","modelName":"hoItemsModel"},"interaction":{"idSuffix":"inner"}},"clearTextFirst":true,"interactionType":"ENTER_TEXT"}]}
RESULT: {"script":"<script> [776 bytes]","args":[{"enterText":"100","selector":{"controlType":"sap.m.Input","viewName":"etm.portal.ui.managehandovers.view.AddNewHO","viewId":"application-managehandovers-display-component---AddNewHO","bindingPath":{"path":"/items/0","propertyPath":"TYPE","modelName":"hoItemsModel"},"interaction":{"idSuffix":"inner"}},"clearTextFirst":true,"interactionType":"ENTER_TEXT"}]}
COMMAND: POST /session/dbe42a6913d933bf746f002719692f06/element - {"using":"xpath","value":"//button[@data-kt=\"AddNewHOSaveButton\"]"}
RESULT: {"using":"xpath","value":"//button[@data-kt=\"AddNewHOSaveButton\"]"}
COMMAND: POST /session/dbe42a6913d933bf746f002719692f06/element/f.AC1E98235C03768F9F99043C9DF93856.d.A459D50062E653E81C1C44BA3C8A340D.e.13667/click - {}
RESULT: {}
COMMAND: GET /session/dbe42a6913d933bf746f002719692f06/screenshot - {}
RESULT: {}
COMMAND: POST /session/dbe42a6913d933bf746f002719692f06/execute/async - {"script":"<script> [1562 bytes]","args":[{"selector":{"id":"receiptDatePicker","viewName":"etm.portal.ui.managehandovers.view.DetailExecuteHO","interaction":{"idSuffix":"inner"}},"wdio_ui5_key":"receiptDatePickeretmportal.ui.managehandovers.view.DetailExecuteHO"}]}
RESULT: {"script":"<script> [1562 bytes]","args":[{"selector":{"id":"receiptDatePicker","viewName":"etm.portal.ui.managehandovers.view.DetailExecuteHO","interaction":{"idSuffix":"inner"}},"wdio_ui5_key":"receiptDatePickeretmportal.ui.managehandovers.view.DetailExecuteHO"}]}
RESULT: undefined
COMMAND: POST /session/dbe42a6913d933bf746f002719692f06/execute/async - {"script":"<script> [6424 bytes]","args":[{"element-6066-11e4-a52e-4f735466cecf":"f.AC1E98235C03768F9F99043C9DF93856.d.A459D50062E653E81C1C44BA3C8A340D.e.13687"},"setValue",["5/13/25"]]}
RESULT: {"script":"<script> [6424 bytes]","args":[{"element-6066-11e4-a52e-4f735466cecf":"f.AC1E98235C03768F9F99043C9DF93856.d.A459D50062E653E81C1C44BA3C8A340D.e.13687"},"setValue",["5/13/25"]]}
COMMAND: POST /session/dbe42a6913d933bf746f002719692f06/element - {"using":"xpath","value":"//button[@data-kt=\"PickingTableConfirmAllButton\"]"}
RESULT: {"using":"xpath","value":"//button[@data-kt=\"PickingTableConfirmAllButton\"]"}
COMMAND: POST /session/dbe42a6913d933bf746f002719692f06/element/f.AC1E98235C03768F9F99043C9DF93856.d.A459D50062E653E81C1C44BA3C8A340D.e.13702/click - {}
RESULT: {}
COMMAND: GET /session/dbe42a6913d933bf746f002719692f06/screenshot - {}
RESULT: {}
COMMAND: POST /session/dbe42a6913d933bf746f002719692f06/element - {"using":"xpath","value":"//bdi[contains(text(), \"OK\")]"}
RESULT: {"using":"xpath","value":"//bdi[contains(text(), \"OK\")]"}
COMMAND: POST /session/dbe42a6913d933bf746f002719692f06/element/f.AC1E98235C03768F9F99043C9DF93856.d.A459D50062E653E81C1C44BA3C8A340D.e.13705/click - {}
RESULT: {}
COMMAND: GET /session/dbe42a6913d933bf746f002719692f06/screenshot - {}
RESULT: {}
COMMAND: POST /session/dbe42a6913d933bf746f002719692f06/element - {"using":"xpath","value":"(//bdi[contains(text(), \"Receive\")])[2]"}
RESULT: {"using":"xpath","value":"(//bdi[contains(text(), \"Receive\")])[2]"}
COMMAND: POST /session/dbe42a6913d933bf746f002719692f06/element/f.AC1E98235C03768F9F99043C9DF93856.d.A459D50062E653E81C1C44BA3C8A340D.e.13706/click - {}
RESULT: {}
COMMAND: GET /session/dbe42a6913d933bf746f002719692f06/screenshot - {}
RESULT: {}
COMMAND: POST /session/dbe42a6913d933bf746f002719692f06/element - {"using":"css selector","value":"#shell-header-logo"}
RESULT: {"using":"css selector","value":"#shell-header-logo"}
COMMAND: POST /session/dbe42a6913d933bf746f002719692f06/element/f.AC1E98235C03768F9F99043C9DF93856.d.A459D50062E653E81C1C44BA3C8A340D.e.13211/click - {}
RESULT: {}
]]></system-out>
    </testcase>
    <testcase classname="chrome.136_0_7103_49.windows.E2E_-_Logistical_and_commercial_statuses" name="Should add a pricing rule and a condition to the RU" time="106.725">
      <system-out><![CDATA[
COMMAND: POST /session/dbe42a6913d933bf746f002719692f06/execute/async - {"script":"<script> [1562 bytes]","args":[{"selector":{"controlType":"sap.m.GenericTile","properties":{"header":"Manage Pricing Rules"}},"wdio_ui5_key":"sapm.GenericTile{\"header\":\"Manage Pricing Rules\"}"}]}
COMMAND: GET /session/dbe42a6913d933bf746f002719692f06/screenshot - {}
RESULT: {"script":"<script> [1562 bytes]","args":[{"selector":{"controlType":"sap.m.GenericTile","properties":{"header":"Manage Pricing Rules"}},"wdio_ui5_key":"sapm.GenericTile{\"header\":\"Manage Pricing Rules\"}"}]}
RESULT: undefined
COMMAND: POST /session/dbe42a6913d933bf746f002719692f06/element - {"using":"xpath","value":"//*[@id=\"__tile55\"]"}
RESULT: {}
RESULT: {"using":"xpath","value":"//*[@id=\"__tile55\"]"}
COMMAND: POST /session/dbe42a6913d933bf746f002719692f06/element/f.AC1E98235C03768F9F99043C9DF93856.d.A459D50062E653E81C1C44BA3C8A340D.e.13854/click - {}
RESULT: {}
COMMAND: GET /session/dbe42a6913d933bf746f002719692f06/screenshot - {}
RESULT: {}
COMMAND: POST /session/dbe42a6913d933bf746f002719692f06/elements - {"using":"xpath","value":"//span[text()='Error']"}
RESULT: {"using":"xpath","value":"//span[text()='Error']"}
COMMAND: POST /session/dbe42a6913d933bf746f002719692f06/execute/async - {"script":"<script> [1562 bytes]","args":[{"selector":{"controlType":"sap.ui.core.Icon","viewName":"etm.portal.ui.managepricingrules.view.MasterHeader","viewId":"application-managepricingrules-display-component---priceInfoHeader","properties":{"src":{"regex":{"source":"activity\\-items"}}}},"wdio_ui5_key":"etmportal.ui.managepricingrules.view.MasterHeadersap.ui.core.Icon{\"src\":{\"regex\":{\"source\":\"activity\\\\-items\"}}}"}]}
RESULT: {"script":"<script> [1562 bytes]","args":[{"selector":{"controlType":"sap.ui.core.Icon","viewName":"etm.portal.ui.managepricingrules.view.MasterHeader","viewId":"application-managepricingrules-display-component---priceInfoHeader","properties":{"src":{"regex":{"source":"activity\\-items"}}}},"wdio_ui5_key":"etmportal.ui.managepricingrules.view.MasterHeadersap.ui.core.Icon{\"src\":{\"regex\":{\"source\":\"activity\\\\-items\"}}}"}]}
RESULT: undefined
COMMAND: POST /session/dbe42a6913d933bf746f002719692f06/element - {"using":"xpath","value":"//*[@id=\"__filter22-icon\"]"}
RESULT: {"using":"xpath","value":"//*[@id=\"__filter22-icon\"]"}
COMMAND: POST /session/dbe42a6913d933bf746f002719692f06/element/f.AC1E98235C03768F9F99043C9DF93856.d.A459D50062E653E81C1C44BA3C8A340D.e.13903/click - {}
RESULT: {}
COMMAND: GET /session/dbe42a6913d933bf746f002719692f06/screenshot - {}
RESULT: {}
COMMAND: POST /session/dbe42a6913d933bf746f002719692f06/execute/async - {"script":"<script> [1562 bytes]","args":[{"selector":{"controlType":"sap.ui.core.Icon","viewName":"etm.portal.ui.managepricingrules.view.MasterItem","viewId":"application-managepricingrules-display-component---priceInfoItem","properties":{"src":{"regex":{"source":"add"}}}},"wdio_ui5_key":"etmportal.ui.managepricingrules.view.MasterItemsap.ui.core.Icon{\"src\":{\"regex\":{\"source\":\"add\"}}}"}]}
RESULT: {"script":"<script> [1562 bytes]","args":[{"selector":{"controlType":"sap.ui.core.Icon","viewName":"etm.portal.ui.managepricingrules.view.MasterItem","viewId":"application-managepricingrules-display-component---priceInfoItem","properties":{"src":{"regex":{"source":"add"}}}},"wdio_ui5_key":"etmportal.ui.managepricingrules.view.MasterItemsap.ui.core.Icon{\"src\":{\"regex\":{\"source\":\"add\"}}}"}]}
RESULT: undefined
COMMAND: POST /session/dbe42a6913d933bf746f002719692f06/element - {"using":"xpath","value":"//*[@id=\"__button73-img\"]"}
RESULT: {"using":"xpath","value":"//*[@id=\"__button73-img\"]"}
COMMAND: POST /session/dbe42a6913d933bf746f002719692f06/element/f.AC1E98235C03768F9F99043C9DF93856.d.A459D50062E653E81C1C44BA3C8A340D.e.13949/click - {}
RESULT: {}
COMMAND: GET /session/dbe42a6913d933bf746f002719692f06/screenshot - {}
RESULT: {}
COMMAND: POST /session/dbe42a6913d933bf746f002719692f06/element - {"using":"xpath","value":"//input[@id=\"application-managepricingrules-display-component---newInfoPriceItem--condRU-inner\"]"}
RESULT: {"using":"xpath","value":"//input[@id=\"application-managepricingrules-display-component---newInfoPriceItem--condRU-inner\"]"}
COMMAND: POST /session/dbe42a6913d933bf746f002719692f06/element/f.AC1E98235C03768F9F99043C9DF93856.d.A459D50062E653E81C1C44BA3C8A340D.e.14162/clear - {}
RESULT: {}
COMMAND: POST /session/dbe42a6913d933bf746f002719692f06/element/f.AC1E98235C03768F9F99043C9DF93856.d.A459D50062E653E81C1C44BA3C8A340D.e.14162/value - {"text":"WebdriverRUR2Ctpktn"}
COMMAND: GET /session/dbe42a6913d933bf746f002719692f06/screenshot - {}
RESULT: {"text":"WebdriverRUR2Ctpktn"}
COMMAND: POST /session/dbe42a6913d933bf746f002719692f06/execute/async - {"script":"<script> [1562 bytes]","args":[{"selector":{"id":"application-managepricingrules-display-component---newInfoPriceItem--condValidTo","interaction":{"idSuffix":"inner"}},"wdio_ui5_key":"applicationmanagepricingrules-display-component---newInfoPriceItem--condValidTo"}]}
COMMAND: GET /session/dbe42a6913d933bf746f002719692f06/screenshot - {}
RESULT: {}
RESULT: {"script":"<script> [1562 bytes]","args":[{"selector":{"id":"application-managepricingrules-display-component---newInfoPriceItem--condValidTo","interaction":{"idSuffix":"inner"}},"wdio_ui5_key":"applicationmanagepricingrules-display-component---newInfoPriceItem--condValidTo"}]}
RESULT: undefined
COMMAND: POST /session/dbe42a6913d933bf746f002719692f06/execute/async - {"script":"<script> [776 bytes]","args":[{"enterText":"5/18/33","selector":{"id":"application-managepricingrules-display-component---newInfoPriceItem--condValidTo","interaction":{"idSuffix":"inner"}},"clearTextFirst":true,"interactionType":"ENTER_TEXT"}]}
RESULT: {}
RESULT: {"script":"<script> [776 bytes]","args":[{"enterText":"5/18/33","selector":{"id":"application-managepricingrules-display-component---newInfoPriceItem--condValidTo","interaction":{"idSuffix":"inner"}},"clearTextFirst":true,"interactionType":"ENTER_TEXT"}]}
COMMAND: POST /session/dbe42a6913d933bf746f002719692f06/execute/async - {"script":"<script> [1562 bytes]","args":[{"selector":{"id":"application-managepricingrules-display-component---newInfoPriceItem--billType-arrow"},"wdio_ui5_key":"applicationmanagepricingrules-display-component---newInfoPriceItem--billType-arrow"}]}
RESULT: {"script":"<script> [1562 bytes]","args":[{"selector":{"id":"application-managepricingrules-display-component---newInfoPriceItem--billType-arrow"},"wdio_ui5_key":"applicationmanagepricingrules-display-component---newInfoPriceItem--billType-arrow"}]}
RESULT: undefined
COMMAND: POST /session/dbe42a6913d933bf746f002719692f06/element - {"using":"xpath","value":"//*[@id=\"application-managepricingrules-display-component---newInfoPriceItem--billType-arrow\"]"}
RESULT: {"using":"xpath","value":"//*[@id=\"application-managepricingrules-display-component---newInfoPriceItem--billType-arrow\"]"}
COMMAND: POST /session/dbe42a6913d933bf746f002719692f06/element/f.AC1E98235C03768F9F99043C9DF93856.d.A459D50062E653E81C1C44BA3C8A340D.e.14250/click - {}
RESULT: {}
COMMAND: POST /session/dbe42a6913d933bf746f002719692f06/element - {"using":"xpath","value":"//span[contains(text(), \"TB - Time based\")]"}
COMMAND: GET /session/dbe42a6913d933bf746f002719692f06/screenshot - {}
RESULT: {"using":"xpath","value":"//span[contains(text(), \"TB - Time based\")]"}
COMMAND: POST /session/dbe42a6913d933bf746f002719692f06/element/f.AC1E98235C03768F9F99043C9DF93856.d.A459D50062E653E81C1C44BA3C8A340D.e.14304/click - {}
RESULT: {}
RESULT: {}
COMMAND: POST /session/dbe42a6913d933bf746f002719692f06/execute/async - {"script":"<script> [1562 bytes]","args":[{"selector":{"id":"application-managepricingrules-display-component---newInfoPriceItem--priceProc-arrow"},"wdio_ui5_key":"applicationmanagepricingrules-display-component---newInfoPriceItem--priceProc-arrow"}]}
COMMAND: GET /session/dbe42a6913d933bf746f002719692f06/screenshot - {}
RESULT: {"script":"<script> [1562 bytes]","args":[{"selector":{"id":"application-managepricingrules-display-component---newInfoPriceItem--priceProc-arrow"},"wdio_ui5_key":"applicationmanagepricingrules-display-component---newInfoPriceItem--priceProc-arrow"}]}
RESULT: undefined
COMMAND: POST /session/dbe42a6913d933bf746f002719692f06/element - {"using":"xpath","value":"//*[@id=\"application-managepricingrules-display-component---newInfoPriceItem--priceProc-arrow\"]"}
RESULT: {}
RESULT: {"using":"xpath","value":"//*[@id=\"application-managepricingrules-display-component---newInfoPriceItem--priceProc-arrow\"]"}
COMMAND: POST /session/dbe42a6913d933bf746f002719692f06/element/f.AC1E98235C03768F9F99043C9DF93856.d.A459D50062E653E81C1C44BA3C8A340D.e.14257/click - {}
RESULT: {}
COMMAND: POST /session/dbe42a6913d933bf746f002719692f06/element - {"using":"xpath","value":"//span[contains(text(), \"TBS - Time based standard\")]"}
COMMAND: GET /session/dbe42a6913d933bf746f002719692f06/screenshot - {}
RESULT: {"using":"xpath","value":"//span[contains(text(), \"TBS - Time based standard\")]"}
COMMAND: POST /session/dbe42a6913d933bf746f002719692f06/element/f.AC1E98235C03768F9F99043C9DF93856.d.A459D50062E653E81C1C44BA3C8A340D.e.14305/click - {}
RESULT: {}
RESULT: {}
COMMAND: POST /session/dbe42a6913d933bf746f002719692f06/execute/async - {"script":"<script> [1562 bytes]","args":[{"selector":{"id":"application-managepricingrules-display-component---newInfoPriceItem--calcBase-arrow"},"wdio_ui5_key":"applicationmanagepricingrules-display-component---newInfoPriceItem--calcBase-arrow"}]}
COMMAND: GET /session/dbe42a6913d933bf746f002719692f06/screenshot - {}
RESULT: {"script":"<script> [1562 bytes]","args":[{"selector":{"id":"application-managepricingrules-display-component---newInfoPriceItem--calcBase-arrow"},"wdio_ui5_key":"applicationmanagepricingrules-display-component---newInfoPriceItem--calcBase-arrow"}]}
RESULT: undefined
COMMAND: POST /session/dbe42a6913d933bf746f002719692f06/element - {"using":"xpath","value":"//*[@id=\"application-managepricingrules-display-component---newInfoPriceItem--calcBase-arrow\"]"}
RESULT: {}
RESULT: {"using":"xpath","value":"//*[@id=\"application-managepricingrules-display-component---newInfoPriceItem--calcBase-arrow\"]"}
COMMAND: POST /session/dbe42a6913d933bf746f002719692f06/element/f.AC1E98235C03768F9F99043C9DF93856.d.A459D50062E653E81C1C44BA3C8A340D.e.14264/click - {}
RESULT: {}
COMMAND: GET /session/dbe42a6913d933bf746f002719692f06/screenshot - {}
RESULT: {}
COMMAND: POST /session/dbe42a6913d933bf746f002719692f06/element - {"using":"xpath","value":"//span[contains(text(), \"0006 - TB(calendar days)\")]"}
RESULT: {"using":"xpath","value":"//span[contains(text(), \"0006 - TB(calendar days)\")]"}
COMMAND: POST /session/dbe42a6913d933bf746f002719692f06/element/f.AC1E98235C03768F9F99043C9DF93856.d.A459D50062E653E81C1C44BA3C8A340D.e.14306/click - {}
RESULT: {}
COMMAND: POST /session/dbe42a6913d933bf746f002719692f06/execute/async - {"script":"<script> [1562 bytes]","args":[{"selector":{"id":"application-managepricingrules-display-component---newInfoPriceItem--daysMonth","interaction":{"idSuffix":"inner"}},"wdio_ui5_key":"applicationmanagepricingrules-display-component---newInfoPriceItem--daysMonth"}]}
COMMAND: GET /session/dbe42a6913d933bf746f002719692f06/screenshot - {}
RESULT: {"script":"<script> [1562 bytes]","args":[{"selector":{"id":"application-managepricingrules-display-component---newInfoPriceItem--daysMonth","interaction":{"idSuffix":"inner"}},"wdio_ui5_key":"applicationmanagepricingrules-display-component---newInfoPriceItem--daysMonth"}]}
RESULT: undefined
COMMAND: POST /session/dbe42a6913d933bf746f002719692f06/execute/async - {"script":"<script> [776 bytes]","args":[{"enterText":"30","selector":{"id":"application-managepricingrules-display-component---newInfoPriceItem--daysMonth","interaction":{"idSuffix":"inner"}},"clearTextFirst":true,"interactionType":"ENTER_TEXT"}]}
RESULT: {}
RESULT: {"script":"<script> [776 bytes]","args":[{"enterText":"30","selector":{"id":"application-managepricingrules-display-component---newInfoPriceItem--daysMonth","interaction":{"idSuffix":"inner"}},"clearTextFirst":true,"interactionType":"ENTER_TEXT"}]}
COMMAND: POST /session/dbe42a6913d933bf746f002719692f06/element - {"using":"xpath","value":"//button[@data-kt=\"saveNewRuleButton\"]"}
RESULT: {"using":"xpath","value":"//button[@data-kt=\"saveNewRuleButton\"]"}
COMMAND: POST /session/dbe42a6913d933bf746f002719692f06/element/f.AC1E98235C03768F9F99043C9DF93856.d.A459D50062E653E81C1C44BA3C8A340D.e.14285/click - {}
RESULT: {}
COMMAND: GET /session/dbe42a6913d933bf746f002719692f06/screenshot - {}
RESULT: {}
COMMAND: POST /session/dbe42a6913d933bf746f002719692f06/element - {"using":"css selector","value":"#shell-header-logo"}
RESULT: {"using":"css selector","value":"#shell-header-logo"}
COMMAND: POST /session/dbe42a6913d933bf746f002719692f06/element/f.AC1E98235C03768F9F99043C9DF93856.d.A459D50062E653E81C1C44BA3C8A340D.e.13857/click - {}
RESULT: {}
COMMAND: GET /session/dbe42a6913d933bf746f002719692f06/screenshot - {}
RESULT: {}
COMMAND: POST /session/dbe42a6913d933bf746f002719692f06/execute/async - {"script":"<script> [1562 bytes]","args":[{"selector":{"controlType":"sap.m.Text","properties":{"text":"Manage Conditions & Prices"},"interaction":{"idSuffix":"inner"}},"wdio_ui5_key":"sapm.Text{\"text\":\"Manage Conditions & Prices\"}"}]}
RESULT: {"script":"<script> [1562 bytes]","args":[{"selector":{"controlType":"sap.m.Text","properties":{"text":"Manage Conditions & Prices"},"interaction":{"idSuffix":"inner"}},"wdio_ui5_key":"sapm.Text{\"text\":\"Manage Conditions & Prices\"}"}]}
RESULT: undefined
COMMAND: POST /session/dbe42a6913d933bf746f002719692f06/element - {"using":"xpath","value":"//*[@id=\"__tile53-title\"]"}
RESULT: {"using":"xpath","value":"//*[@id=\"__tile53-title\"]"}
COMMAND: POST /session/dbe42a6913d933bf746f002719692f06/element/f.AC1E98235C03768F9F99043C9DF93856.d.A459D50062E653E81C1C44BA3C8A340D.e.14326/click - {}
RESULT: {}
COMMAND: GET /session/dbe42a6913d933bf746f002719692f06/screenshot - {}
RESULT: {}
COMMAND: POST /session/dbe42a6913d933bf746f002719692f06/element - {"using":"xpath","value":"//button[@aria-label=\"Create\"]"}
RESULT: {"using":"xpath","value":"//button[@aria-label=\"Create\"]"}
COMMAND: POST /session/dbe42a6913d933bf746f002719692f06/element/f.AC1E98235C03768F9F99043C9DF93856.d.A459D50062E653E81C1C44BA3C8A340D.e.14357/click - {}
RESULT: {}
COMMAND: POST /session/dbe42a6913d933bf746f002719692f06/actions - {"actions":[{"id":"action72","type":"key","parameters":{},"actions":[{"type":"keyDown","value":"î€‡"},{"type":"pause","duration":10},{"type":"keyUp","value":"î€‡"}]}]}
COMMAND: GET /session/dbe42a6913d933bf746f002719692f06/screenshot - {}
RESULT: {"actions":[{"id":"action72","type":"key","parameters":{},"actions":[{"type":"keyDown","value":"î€‡"},{"type":"pause","duration":10},{"type":"keyUp","value":"î€‡"}]}]}
COMMAND: GET /session/dbe42a6913d933bf746f002719692f06/screenshot - {}
COMMAND: POST /session/dbe42a6913d933bf746f002719692f06/execute/async - {"script":"<script> [1562 bytes]","args":[{"selector":{"id":"application-manageconditionprice-display-component---newCondition--condBillCond-arrow"},"wdio_ui5_key":"applicationmanageconditionprice-display-component---newCondition--condBillCond-arrow"}]}
RESULT: {}
RESULT: {}
RESULT: {"script":"<script> [1562 bytes]","args":[{"selector":{"id":"application-manageconditionprice-display-component---newCondition--condBillCond-arrow"},"wdio_ui5_key":"applicationmanageconditionprice-display-component---newCondition--condBillCond-arrow"}]}
RESULT: undefined
COMMAND: POST /session/dbe42a6913d933bf746f002719692f06/element - {"using":"xpath","value":"//*[@id=\"application-manageconditionprice-display-component---newCondition--condBillCond-arrow\"]"}
RESULT: {"using":"xpath","value":"//*[@id=\"application-manageconditionprice-display-component---newCondition--condBillCond-arrow\"]"}
COMMAND: POST /session/dbe42a6913d933bf746f002719692f06/element/f.AC1E98235C03768F9F99043C9DF93856.d.A459D50062E653E81C1C44BA3C8A340D.e.14601/click - {}
RESULT: {}
COMMAND: POST /session/dbe42a6913d933bf746f002719692f06/element - {"using":"xpath","value":"//span[contains(text(), \"DISP - D&I special price\")]"}
COMMAND: GET /session/dbe42a6913d933bf746f002719692f06/screenshot - {}
RESULT: {"using":"xpath","value":"//span[contains(text(), \"DISP - D&I special price\")]"}
COMMAND: POST /session/dbe42a6913d933bf746f002719692f06/element/f.AC1E98235C03768F9F99043C9DF93856.d.A459D50062E653E81C1C44BA3C8A340D.e.14602/click - {}
RESULT: {}
RESULT: {}
COMMAND: POST /session/dbe42a6913d933bf746f002719692f06/execute/async - {"script":"<script> [1562 bytes]","args":[{"selector":{"id":"application-manageconditionprice-display-component---newCondition--condValidTo","interaction":{"idSuffix":"inner"}},"wdio_ui5_key":"applicationmanageconditionprice-display-component---newCondition--condValidTo"}]}
COMMAND: GET /session/dbe42a6913d933bf746f002719692f06/screenshot - {}
RESULT: {"script":"<script> [1562 bytes]","args":[{"selector":{"id":"application-manageconditionprice-display-component---newCondition--condValidTo","interaction":{"idSuffix":"inner"}},"wdio_ui5_key":"applicationmanageconditionprice-display-component---newCondition--condValidTo"}]}
RESULT: undefined
COMMAND: POST /session/dbe42a6913d933bf746f002719692f06/execute/async - {"script":"<script> [776 bytes]","args":[{"enterText":"5/11/33","selector":{"id":"application-manageconditionprice-display-component---newCondition--condValidTo","interaction":{"idSuffix":"inner"}},"clearTextFirst":true,"interactionType":"ENTER_TEXT"}]}
RESULT: {}
RESULT: {"script":"<script> [776 bytes]","args":[{"enterText":"5/11/33","selector":{"id":"application-manageconditionprice-display-component---newCondition--condValidTo","interaction":{"idSuffix":"inner"}},"clearTextFirst":true,"interactionType":"ENTER_TEXT"}]}
COMMAND: POST /session/dbe42a6913d933bf746f002719692f06/element - {"using":"xpath","value":"//input[@id=\"application-manageconditionprice-display-component---newCondition--condRU-inner\"]"}
RESULT: {"using":"xpath","value":"//input[@id=\"application-manageconditionprice-display-component---newCondition--condRU-inner\"]"}
COMMAND: POST /session/dbe42a6913d933bf746f002719692f06/element/f.AC1E98235C03768F9F99043C9DF93856.d.A459D50062E653E81C1C44BA3C8A340D.e.14450/clear - {}
RESULT: {}
COMMAND: POST /session/dbe42a6913d933bf746f002719692f06/element/f.AC1E98235C03768F9F99043C9DF93856.d.A459D50062E653E81C1C44BA3C8A340D.e.14450/value - {"text":"WebdriverRUR2Ctpktn"}
COMMAND: GET /session/dbe42a6913d933bf746f002719692f06/screenshot - {}
RESULT: {"text":"WebdriverRUR2Ctpktn"}
COMMAND: GET /session/dbe42a6913d933bf746f002719692f06/screenshot - {}
RESULT: {}
RESULT: {}
COMMAND: POST /session/dbe42a6913d933bf746f002719692f06/actions - {"actions":[{"id":"action73","type":"key","parameters":{},"actions":[{"type":"keyDown","value":"î€‡"},{"type":"pause","duration":10},{"type":"keyUp","value":"î€‡"}]}]}
RESULT: {"actions":[{"id":"action73","type":"key","parameters":{},"actions":[{"type":"keyDown","value":"î€‡"},{"type":"pause","duration":10},{"type":"keyUp","value":"î€‡"}]}]}
COMMAND: POST /session/dbe42a6913d933bf746f002719692f06/execute/async - {"script":"<script> [1562 bytes]","args":[{"selector":{"id":"application-manageconditionprice-display-component---newCondition--condBaseQty","interaction":{"idSuffix":"inner"}},"wdio_ui5_key":"applicationmanageconditionprice-display-component---newCondition--condBaseQty"}]}
COMMAND: GET /session/dbe42a6913d933bf746f002719692f06/screenshot - {}
RESULT: {"script":"<script> [1562 bytes]","args":[{"selector":{"id":"application-manageconditionprice-display-component---newCondition--condBaseQty","interaction":{"idSuffix":"inner"}},"wdio_ui5_key":"applicationmanageconditionprice-display-component---newCondition--condBaseQty"}]}
RESULT: undefined
COMMAND: POST /session/dbe42a6913d933bf746f002719692f06/execute/async - {"script":"<script> [776 bytes]","args":[{"enterText":"1","selector":{"id":"application-manageconditionprice-display-component---newCondition--condBaseQty","interaction":{"idSuffix":"inner"}},"clearTextFirst":true,"interactionType":"ENTER_TEXT"}]}
RESULT: {}
RESULT: {"script":"<script> [776 bytes]","args":[{"enterText":"1","selector":{"id":"application-manageconditionprice-display-component---newCondition--condBaseQty","interaction":{"idSuffix":"inner"}},"clearTextFirst":true,"interactionType":"ENTER_TEXT"}]}
COMMAND: POST /session/dbe42a6913d933bf746f002719692f06/execute/async - {"script":"<script> [1562 bytes]","args":[{"selector":{"id":"application-manageconditionprice-display-component---newCondition--condValue","interaction":{"idSuffix":"inner"}},"wdio_ui5_key":"applicationmanageconditionprice-display-component---newCondition--condValue"}]}
RESULT: {"script":"<script> [1562 bytes]","args":[{"selector":{"id":"application-manageconditionprice-display-component---newCondition--condValue","interaction":{"idSuffix":"inner"}},"wdio_ui5_key":"applicationmanageconditionprice-display-component---newCondition--condValue"}]}
RESULT: undefined
COMMAND: POST /session/dbe42a6913d933bf746f002719692f06/execute/async - {"script":"<script> [776 bytes]","args":[{"enterText":"100","selector":{"id":"application-manageconditionprice-display-component---newCondition--condValue","interaction":{"idSuffix":"inner"}},"clearTextFirst":true,"interactionType":"ENTER_TEXT"}]}
RESULT: {"script":"<script> [776 bytes]","args":[{"enterText":"100","selector":{"id":"application-manageconditionprice-display-component---newCondition--condValue","interaction":{"idSuffix":"inner"}},"clearTextFirst":true,"interactionType":"ENTER_TEXT"}]}
COMMAND: POST /session/dbe42a6913d933bf746f002719692f06/execute/async - {"script":"<script> [1562 bytes]","args":[{"selector":{"id":"application-manageconditionprice-display-component---newCondition--condCurr-arrow"},"wdio_ui5_key":"applicationmanageconditionprice-display-component---newCondition--condCurr-arrow"}]}
RESULT: {"script":"<script> [1562 bytes]","args":[{"selector":{"id":"application-manageconditionprice-display-component---newCondition--condCurr-arrow"},"wdio_ui5_key":"applicationmanageconditionprice-display-component---newCondition--condCurr-arrow"}]}
RESULT: undefined
COMMAND: POST /session/dbe42a6913d933bf746f002719692f06/element - {"using":"xpath","value":"//*[@id=\"application-manageconditionprice-display-component---newCondition--condCurr-arrow\"]"}
RESULT: {"using":"xpath","value":"//*[@id=\"application-manageconditionprice-display-component---newCondition--condCurr-arrow\"]"}
COMMAND: POST /session/dbe42a6913d933bf746f002719692f06/element/f.AC1E98235C03768F9F99043C9DF93856.d.A459D50062E653E81C1C44BA3C8A340D.e.14679/click - {}
RESULT: {}
COMMAND: POST /session/dbe42a6913d933bf746f002719692f06/element - {"using":"xpath","value":"//span[contains(text(), \"Euro\")]"}
COMMAND: GET /session/dbe42a6913d933bf746f002719692f06/screenshot - {}
RESULT: {"using":"xpath","value":"//span[contains(text(), \"Euro\")]"}
COMMAND: POST /session/dbe42a6913d933bf746f002719692f06/element/f.AC1E98235C03768F9F99043C9DF93856.d.A459D50062E653E81C1C44BA3C8A340D.e.14680/click - {}
RESULT: {}
RESULT: {}
COMMAND: POST /session/dbe42a6913d933bf746f002719692f06/element - {"using":"xpath","value":"//button[@data-kt=\"saveButton\"]"}
COMMAND: GET /session/dbe42a6913d933bf746f002719692f06/screenshot - {}
RESULT: {"using":"xpath","value":"//button[@data-kt=\"saveButton\"]"}
COMMAND: POST /session/dbe42a6913d933bf746f002719692f06/element/f.AC1E98235C03768F9F99043C9DF93856.d.A459D50062E653E81C1C44BA3C8A340D.e.14681/click - {}
RESULT: {}
RESULT: {}
COMMAND: GET /session/dbe42a6913d933bf746f002719692f06/screenshot - {}
RESULT: {}
COMMAND: POST /session/dbe42a6913d933bf746f002719692f06/element - {"using":"css selector","value":"#shell-header-logo"}
RESULT: {"using":"css selector","value":"#shell-header-logo"}
COMMAND: POST /session/dbe42a6913d933bf746f002719692f06/element/f.AC1E98235C03768F9F99043C9DF93856.d.A459D50062E653E81C1C44BA3C8A340D.e.14328/click - {}
RESULT: {}
COMMAND: GET /session/dbe42a6913d933bf746f002719692f06/screenshot - {}
RESULT: {}
]]></system-out>
    </testcase>
    <testcase classname="chrome.136_0_7103_49.windows.E2E_-_Logistical_and_commercial_statuses" name="Should create a new contract" time="69.754">
      <system-out><![CDATA[
COMMAND: POST /session/dbe42a6913d933bf746f002719692f06/execute/async - {"script":"<script> [1562 bytes]","args":[{"selector":{"controlType":"sap.m.GenericTile","properties":{"header":"Manage Contracts"}},"wdio_ui5_key":"sapm.GenericTile{\"header\":\"Manage Contracts\"}"}]}
RESULT: {"script":"<script> [1562 bytes]","args":[{"selector":{"controlType":"sap.m.GenericTile","properties":{"header":"Manage Contracts"}},"wdio_ui5_key":"sapm.GenericTile{\"header\":\"Manage Contracts\"}"}]}
RESULT: undefined
COMMAND: POST /session/dbe42a6913d933bf746f002719692f06/element - {"using":"xpath","value":"//*[@id=\"__tile130\"]"}
RESULT: {"using":"xpath","value":"//*[@id=\"__tile130\"]"}
COMMAND: POST /session/dbe42a6913d933bf746f002719692f06/element/f.AC1E98235C03768F9F99043C9DF93856.d.A459D50062E653E81C1C44BA3C8A340D.e.14768/click - {}
RESULT: {}
COMMAND: GET /session/dbe42a6913d933bf746f002719692f06/screenshot - {}
RESULT: {}
COMMAND: POST /session/dbe42a6913d933bf746f002719692f06/elements - {"using":"xpath","value":"//span[text()='Error']"}
RESULT: {"using":"xpath","value":"//span[text()='Error']"}
COMMAND: POST /session/dbe42a6913d933bf746f002719692f06/element - {"using":"xpath","value":"//button[@data-kt=\"addButton\"]"}
RESULT: {"using":"xpath","value":"//button[@data-kt=\"addButton\"]"}
COMMAND: POST /session/dbe42a6913d933bf746f002719692f06/element/f.AC1E98235C03768F9F99043C9DF93856.d.A459D50062E653E81C1C44BA3C8A340D.e.14818/click - {}
RESULT: {}
COMMAND: GET /session/dbe42a6913d933bf746f002719692f06/screenshot - {}
COMMAND: POST /session/dbe42a6913d933bf746f002719692f06/execute/async - {"script":"<script> [1562 bytes]","args":[{"selector":{"id":"application-managecontracts-display-component---AddNewContract--projectDescription","interaction":{"idSuffix":"inner"}},"wdio_ui5_key":"applicationmanagecontracts-display-component---AddNewContract--projectDescription"}]}
RESULT: {}
RESULT: {"script":"<script> [1562 bytes]","args":[{"selector":{"id":"application-managecontracts-display-component---AddNewContract--projectDescription","interaction":{"idSuffix":"inner"}},"wdio_ui5_key":"applicationmanagecontracts-display-component---AddNewContract--projectDescription"}]}
RESULT: undefined
COMMAND: POST /session/dbe42a6913d933bf746f002719692f06/execute/async - {"script":"<script> [776 bytes]","args":[{"enterText":"WdIOR2ciij04","selector":{"id":"application-managecontracts-display-component---AddNewContract--projectDescription","interaction":{"idSuffix":"inner"}},"clearTextFirst":true,"interactionType":"ENTER_TEXT"}]}
RESULT: {"script":"<script> [776 bytes]","args":[{"enterText":"WdIOR2ciij04","selector":{"id":"application-managecontracts-display-component---AddNewContract--projectDescription","interaction":{"idSuffix":"inner"}},"clearTextFirst":true,"interactionType":"ENTER_TEXT"}]}
COMMAND: POST /session/dbe42a6913d933bf746f002719692f06/element - {"using":"xpath","value":"//input[@id=\"application-managecontracts-display-component---AddNewContract--yardId-inner\"]"}
RESULT: {"using":"xpath","value":"//input[@id=\"application-managecontracts-display-component---AddNewContract--yardId-inner\"]"}
COMMAND: POST /session/dbe42a6913d933bf746f002719692f06/element/f.AC1E98235C03768F9F99043C9DF93856.d.A459D50062E653E81C1C44BA3C8A340D.e.15119/clear - {}
RESULT: {}
COMMAND: POST /session/dbe42a6913d933bf746f002719692f06/element/f.AC1E98235C03768F9F99043C9DF93856.d.A459D50062E653E81C1C44BA3C8A340D.e.15119/value - {"text":"WebdriverYardleral"}
COMMAND: GET /session/dbe42a6913d933bf746f002719692f06/screenshot - {}
RESULT: {"text":"WebdriverYardleral"}
COMMAND: GET /session/dbe42a6913d933bf746f002719692f06/screenshot - {}
RESULT: {}
RESULT: {}
COMMAND: POST /session/dbe42a6913d933bf746f002719692f06/actions - {"actions":[{"id":"action74","type":"key","parameters":{},"actions":[{"type":"keyDown","value":"î€‡"},{"type":"pause","duration":10},{"type":"keyUp","value":"î€‡"}]}]}
RESULT: {"actions":[{"id":"action74","type":"key","parameters":{},"actions":[{"type":"keyDown","value":"î€‡"},{"type":"pause","duration":10},{"type":"keyUp","value":"î€‡"}]}]}
COMMAND: GET /session/dbe42a6913d933bf746f002719692f06/screenshot - {}
RESULT: {}
COMMAND: POST /session/dbe42a6913d933bf746f002719692f06/element - {"using":"xpath","value":"//input[@id=\"application-managecontracts-display-component---AddNewContract--customerSelect-inner\"]"}
RESULT: {"using":"xpath","value":"//input[@id=\"application-managecontracts-display-component---AddNewContract--customerSelect-inner\"]"}
COMMAND: POST /session/dbe42a6913d933bf746f002719692f06/element/f.AC1E98235C03768F9F99043C9DF93856.d.A459D50062E653E81C1C44BA3C8A340D.e.15117/clear - {}
RESULT: {}
COMMAND: POST /session/dbe42a6913d933bf746f002719692f06/element/f.AC1E98235C03768F9F99043C9DF93856.d.A459D50062E653E81C1C44BA3C8A340D.e.15117/value - {"text":"WebdriverPartner8bull"}
COMMAND: GET /session/dbe42a6913d933bf746f002719692f06/screenshot - {}
RESULT: {"text":"WebdriverPartner8bull"}
COMMAND: GET /session/dbe42a6913d933bf746f002719692f06/screenshot - {}
RESULT: {}
RESULT: {}
COMMAND: POST /session/dbe42a6913d933bf746f002719692f06/actions - {"actions":[{"id":"action75","type":"key","parameters":{},"actions":[{"type":"keyDown","value":"î€‡"},{"type":"pause","duration":10},{"type":"keyUp","value":"î€‡"}]}]}
RESULT: {"actions":[{"id":"action75","type":"key","parameters":{},"actions":[{"type":"keyDown","value":"î€‡"},{"type":"pause","duration":10},{"type":"keyUp","value":"î€‡"}]}]}
COMMAND: GET /session/dbe42a6913d933bf746f002719692f06/screenshot - {}
RESULT: {}
COMMAND: POST /session/dbe42a6913d933bf746f002719692f06/element - {"using":"xpath","value":"//input[@id=\"application-managecontracts-display-component---AddNewContract--site-inner\"]"}
RESULT: {"using":"xpath","value":"//input[@id=\"application-managecontracts-display-component---AddNewContract--site-inner\"]"}
COMMAND: POST /session/dbe42a6913d933bf746f002719692f06/element/f.AC1E98235C03768F9F99043C9DF93856.d.A459D50062E653E81C1C44BA3C8A340D.e.15118/clear - {}
RESULT: {}
COMMAND: POST /session/dbe42a6913d933bf746f002719692f06/element/f.AC1E98235C03768F9F99043C9DF93856.d.A459D50062E653E81C1C44BA3C8A340D.e.15118/value - {"text":"WebdriverSite2ocoy"}
COMMAND: GET /session/dbe42a6913d933bf746f002719692f06/screenshot - {}
RESULT: {"text":"WebdriverSite2ocoy"}
COMMAND: GET /session/dbe42a6913d933bf746f002719692f06/screenshot - {}
RESULT: {}
RESULT: {}
COMMAND: POST /session/dbe42a6913d933bf746f002719692f06/actions - {"actions":[{"id":"action76","type":"key","parameters":{},"actions":[{"type":"keyDown","value":"î€‡"},{"type":"pause","duration":10},{"type":"keyUp","value":"î€‡"}]}]}
RESULT: {"actions":[{"id":"action76","type":"key","parameters":{},"actions":[{"type":"keyDown","value":"î€‡"},{"type":"pause","duration":10},{"type":"keyUp","value":"î€‡"}]}]}
COMMAND: POST /session/dbe42a6913d933bf746f002719692f06/element - {"using":"xpath","value":"//button[@data-kt=\"saveButton\"]"}
COMMAND: GET /session/dbe42a6913d933bf746f002719692f06/screenshot - {}
RESULT: {"using":"xpath","value":"//button[@data-kt=\"saveButton\"]"}
COMMAND: POST /session/dbe42a6913d933bf746f002719692f06/element/f.AC1E98235C03768F9F99043C9DF93856.d.A459D50062E653E81C1C44BA3C8A340D.e.15157/click - {}
RESULT: {}
RESULT: {}
COMMAND: GET /session/dbe42a6913d933bf746f002719692f06/screenshot - {}
RESULT: {}
COMMAND: POST /session/dbe42a6913d933bf746f002719692f06/execute/async - {"script":"<script> [1562 bytes]","args":[{"selector":{"id":"contractDetailTitleNoExpanded","viewName":"etm.portal.ui.managecontracts.view.Detail"},"wdio_ui5_key":"contractDetailTitleNoExpandedetmportal.ui.managecontracts.view.Detail"}]}
RESULT: {"script":"<script> [1562 bytes]","args":[{"selector":{"id":"contractDetailTitleNoExpanded","viewName":"etm.portal.ui.managecontracts.view.Detail"},"wdio_ui5_key":"contractDetailTitleNoExpandedetmportal.ui.managecontracts.view.Detail"}]}
RESULT: undefined
COMMAND: POST /session/dbe42a6913d933bf746f002719692f06/execute/async - {"script":"<script> [6424 bytes]","args":[{"element-6066-11e4-a52e-4f735466cecf":"f.AC1E98235C03768F9F99043C9DF93856.d.A459D50062E653E81C1C44BA3C8A340D.e.15166"},"getText",[]]}
RESULT: {"script":"<script> [6424 bytes]","args":[{"element-6066-11e4-a52e-4f735466cecf":"f.AC1E98235C03768F9F99043C9DF93856.d.A459D50062E653E81C1C44BA3C8A340D.e.15166"},"getText",[]]}
]]></system-out>
    </testcase>
    <testcase classname="chrome.136_0_7103_49.windows.E2E_-_Logistical_and_commercial_statuses" name="Should add materialID to the contract" time="47.321">
      <system-out><![CDATA[
COMMAND: POST /session/dbe42a6913d933bf746f002719692f06/element - {"using":"xpath","value":"//button[@data-kt=\"contractDetailEditBtnButton\"]"}
RESULT: {"using":"xpath","value":"//button[@data-kt=\"contractDetailEditBtnButton\"]"}
COMMAND: POST /session/dbe42a6913d933bf746f002719692f06/element/f.AC1E98235C03768F9F99043C9DF93856.d.A459D50062E653E81C1C44BA3C8A340D.e.15167/click - {}
RESULT: {}
COMMAND: GET /session/dbe42a6913d933bf746f002719692f06/screenshot - {}
RESULT: {}
COMMAND: POST /session/dbe42a6913d933bf746f002719692f06/element - {"using":"xpath","value":"(//span[contains(text(), \"Additional Addresses\")])[2]"}
RESULT: {"using":"xpath","value":"(//span[contains(text(), \"Additional Addresses\")])[2]"}
COMMAND: POST /session/dbe42a6913d933bf746f002719692f06/element/f.AC1E98235C03768F9F99043C9DF93856.d.A459D50062E653E81C1C44BA3C8A340D.e.15225/click - {}
RESULT: {}
COMMAND: GET /session/dbe42a6913d933bf746f002719692f06/screenshot - {}
RESULT: {}
COMMAND: POST /session/dbe42a6913d933bf746f002719692f06/element - {"using":"xpath","value":"//button[@data-kt=\"btnAddTableRowOverflowToolbarButton\"]"}
RESULT: {"using":"xpath","value":"//button[@data-kt=\"btnAddTableRowOverflowToolbarButton\"]"}
COMMAND: POST /session/dbe42a6913d933bf746f002719692f06/element/f.AC1E98235C03768F9F99043C9DF93856.d.A459D50062E653E81C1C44BA3C8A340D.e.15229/click - {}
RESULT: {}
COMMAND: GET /session/dbe42a6913d933bf746f002719692f06/screenshot - {}
RESULT: {}
COMMAND: POST /session/dbe42a6913d933bf746f002719692f06/element - {"using":"xpath","value":"//div[(text() = 'Standard Entry' or . = 'Standard Entry')]"}
RESULT: {"using":"xpath","value":"//div[(text() = 'Standard Entry' or . = 'Standard Entry')]"}
COMMAND: POST /session/dbe42a6913d933bf746f002719692f06/element/f.AC1E98235C03768F9F99043C9DF93856.d.A459D50062E653E81C1C44BA3C8A340D.e.15231/click - {}
RESULT: {}
COMMAND: POST /session/dbe42a6913d933bf746f002719692f06/element - {"using":"xpath","value":"//td[6]/div/div/input[1]"}
COMMAND: GET /session/dbe42a6913d933bf746f002719692f06/screenshot - {}
RESULT: {"using":"xpath","value":"//td[6]/div/div/input[1]"}
COMMAND: POST /session/dbe42a6913d933bf746f002719692f06/element/f.AC1E98235C03768F9F99043C9DF93856.d.A459D50062E653E81C1C44BA3C8A340D.e.15233/click - {}
RESULT: {}
RESULT: {}
COMMAND: POST /session/dbe42a6913d933bf746f002719692f06/actions - {"actions":[{"id":"action77","type":"key","parameters":{},"actions":[{"type":"keyDown","value":"î€ƒ"},{"type":"pause","duration":10},{"type":"keyUp","value":"î€ƒ"}]}]}
COMMAND: GET /session/dbe42a6913d933bf746f002719692f06/screenshot - {}
RESULT: {"actions":[{"id":"action77","type":"key","parameters":{},"actions":[{"type":"keyDown","value":"î€ƒ"},{"type":"pause","duration":10},{"type":"keyUp","value":"î€ƒ"}]}]}
COMMAND: POST /session/dbe42a6913d933bf746f002719692f06/element - {"using":"xpath","value":"//td[6]/div/div/input[1]"}
COMMAND: GET /session/dbe42a6913d933bf746f002719692f06/screenshot - {}
RESULT: {}
RESULT: {"using":"xpath","value":"//td[6]/div/div/input[1]"}
COMMAND: POST /session/dbe42a6913d933bf746f002719692f06/element/f.AC1E98235C03768F9F99043C9DF93856.d.A459D50062E653E81C1C44BA3C8A340D.e.15233/clear - {}
RESULT: {}
RESULT: {}
COMMAND: POST /session/dbe42a6913d933bf746f002719692f06/element/f.AC1E98235C03768F9F99043C9DF93856.d.A459D50062E653E81C1C44BA3C8A340D.e.15233/value - {"text":"Material"}
COMMAND: GET /session/dbe42a6913d933bf746f002719692f06/screenshot - {}
RESULT: {"text":"Material"}
COMMAND: GET /session/dbe42a6913d933bf746f002719692f06/screenshot - {}
RESULT: {}
RESULT: {}
COMMAND: POST /session/dbe42a6913d933bf746f002719692f06/actions - {"actions":[{"id":"action78","type":"key","parameters":{},"actions":[{"type":"keyDown","value":"î€‡"},{"type":"pause","duration":10},{"type":"keyUp","value":"î€‡"}]}]}
RESULT: {"actions":[{"id":"action78","type":"key","parameters":{},"actions":[{"type":"keyDown","value":"î€‡"},{"type":"pause","duration":10},{"type":"keyUp","value":"î€‡"}]}]}
COMMAND: GET /session/dbe42a6913d933bf746f002719692f06/screenshot - {}
RESULT: {}
COMMAND: POST /session/dbe42a6913d933bf746f002719692f06/actions - {"actions":[{"id":"action79","type":"key","parameters":{},"actions":[{"type":"keyDown","value":"î€‡"},{"type":"pause","duration":10},{"type":"keyUp","value":"î€‡"}]}]}
RESULT: {"actions":[{"id":"action79","type":"key","parameters":{},"actions":[{"type":"keyDown","value":"î€‡"},{"type":"pause","duration":10},{"type":"keyUp","value":"î€‡"}]}]}
COMMAND: POST /session/dbe42a6913d933bf746f002719692f06/element - {"using":"xpath","value":"//td[7]/div/div/input"}
COMMAND: GET /session/dbe42a6913d933bf746f002719692f06/screenshot - {}
RESULT: {"using":"xpath","value":"//td[7]/div/div/input"}
COMMAND: POST /session/dbe42a6913d933bf746f002719692f06/element/f.AC1E98235C03768F9F99043C9DF93856.d.A459D50062E653E81C1C44BA3C8A340D.e.15246/clear - {}
RESULT: {}
RESULT: {}
COMMAND: POST /session/dbe42a6913d933bf746f002719692f06/element/f.AC1E98235C03768F9F99043C9DF93856.d.A459D50062E653E81C1C44BA3C8A340D.e.15246/value - {"text":"WebdriverRUR2Ctpktn"}
COMMAND: GET /session/dbe42a6913d933bf746f002719692f06/screenshot - {}
RESULT: {"text":"WebdriverRUR2Ctpktn"}
COMMAND: GET /session/dbe42a6913d933bf746f002719692f06/screenshot - {}
RESULT: {}
RESULT: {}
COMMAND: POST /session/dbe42a6913d933bf746f002719692f06/actions - {"actions":[{"id":"action80","type":"key","parameters":{},"actions":[{"type":"keyDown","value":"î€‡"},{"type":"pause","duration":10},{"type":"keyUp","value":"î€‡"}]}]}
RESULT: {"actions":[{"id":"action80","type":"key","parameters":{},"actions":[{"type":"keyDown","value":"î€‡"},{"type":"pause","duration":10},{"type":"keyUp","value":"î€‡"}]}]}
COMMAND: GET /session/dbe42a6913d933bf746f002719692f06/screenshot - {}
RESULT: {}
COMMAND: POST /session/dbe42a6913d933bf746f002719692f06/actions - {"actions":[{"id":"action81","type":"key","parameters":{},"actions":[{"type":"keyDown","value":"î€‡"},{"type":"pause","duration":10},{"type":"keyUp","value":"î€‡"}]}]}
RESULT: {"actions":[{"id":"action81","type":"key","parameters":{},"actions":[{"type":"keyDown","value":"î€‡"},{"type":"pause","duration":10},{"type":"keyUp","value":"î€‡"}]}]}
COMMAND: GET /session/dbe42a6913d933bf746f002719692f06/screenshot - {}
RESULT: {}
COMMAND: POST /session/dbe42a6913d933bf746f002719692f06/element - {"using":"xpath","value":"(//button[@data-kt=\"saveButton\"])[2]"}
RESULT: {"using":"xpath","value":"(//button[@data-kt=\"saveButton\"])[2]"}
COMMAND: POST /session/dbe42a6913d933bf746f002719692f06/element/f.AC1E98235C03768F9F99043C9DF93856.d.A459D50062E653E81C1C44BA3C8A340D.e.15269/click - {}
RESULT: {}
COMMAND: GET /session/dbe42a6913d933bf746f002719692f06/screenshot - {}
RESULT: {}
]]></system-out>
    </testcase>
  </testsuite>
</testsuites>