<?xml version="1.0" encoding="UTF-8"?>
<testsuites tests="13" failures="1" errors="1" skipped="2">
  <testsuite timestamp="2025-04-27T17:26:36" time="1451.839" tests="13" failures="1" errors="1" skipped="2">
    <properties>
      <property name="specId" value="0" />
      <property name="suiteName" value="Partner specific tests US150819 US151080 US151654 US151176 US103444 US151078 US151079 US151109 US151174 US151175 US151189" />
      <property name="capabilities" value="chrome.135_0_7049_96.windows" />
      <property name="file" value="file:///D:/a/1/s/test/specs/BTS/manage-partners.spec.js" />
    </properties>
    <testcase classname="chrome.135_0_7049_96.windows.Partner_specific_tests_US150819_US151080_US151654_US151176_US103444_US151078_US151079_US151109_US151174_US151175_US151189" name="Should create a new yard prerequisite" time="102.567">
      <system-out><![CDATA[
COMMAND: POST /session/bb295fd008a8bb8a1f479af6d4955b7d/window/fullscreen - {}
RESULT: {}
COMMAND: POST /session/bb295fd008a8bb8a1f479af6d4955b7d/element - {"using":"xpath","value":"//li[.//span[text()=\"Manage Partners\"]]"}
RESULT: {"using":"xpath","value":"//li[.//span[text()=\"Manage Partners\"]]"}
COMMAND: POST /session/bb295fd008a8bb8a1f479af6d4955b7d/element - {"using":"xpath","value":"//li[.//span[text()=\"Manage Partners\"]]"}
RESULT: {"using":"xpath","value":"//li[.//span[text()=\"Manage Partners\"]]"}
COMMAND: POST /session/bb295fd008a8bb8a1f479af6d4955b7d/element - {"using":"css selector","value":"#shell-header-logo"}
RESULT: {"using":"css selector","value":"#shell-header-logo"}
COMMAND: POST /session/bb295fd008a8bb8a1f479af6d4955b7d/element/f.71C3769F7ED8E40170006504CCA8900A.d.85EB43290F8F7C07686697128041DE60.e.254/click - {}
COMMAND: POST /session/bb295fd008a8bb8a1f479af6d4955b7d/execute/sync - {"script":"<script> [8489 bytes]","args":[{"element-6066-11e4-a52e-4f735466cecf":"f.71C3769F7ED8E40170006504CCA8900A.d.85EB43290F8F7C07686697128041DE60.e.254","ELEMENT":"f.71C3769F7ED8E40170006504CCA8900A.d.85EB43290F8F7C07686697128041DE60.e.254"}]}
RESULT: {"script":"<script> [8489 bytes]","args":[{"element-6066-11e4-a52e-4f735466cecf":"f.71C3769F7ED8E40170006504CCA8900A.d.85EB43290F8F7C07686697128041DE60.e.254","ELEMENT":"f.71C3769F7ED8E40170006504CCA8900A.d.85EB43290F8F7C07686697128041DE60.e.254"}]}
COMMAND: POST /session/bb295fd008a8bb8a1f479af6d4955b7d/execute/sync - {"script":"<script> [5351 bytes]","args":[{"element-6066-11e4-a52e-4f735466cecf":"f.71C3769F7ED8E40170006504CCA8900A.d.85EB43290F8F7C07686697128041DE60.e.254","ELEMENT":"f.71C3769F7ED8E40170006504CCA8900A.d.85EB43290F8F7C07686697128041DE60.e.254"}]}
COMMAND: GET /session/bb295fd008a8bb8a1f479af6d4955b7d/screenshot - {}
RESULT: {}
COMMAND: GET /session/bb295fd008a8bb8a1f479af6d4955b7d/screenshot - {}
RESULT: {"script":"<script> [5351 bytes]","args":[{"element-6066-11e4-a52e-4f735466cecf":"f.71C3769F7ED8E40170006504CCA8900A.d.85EB43290F8F7C07686697128041DE60.e.254","ELEMENT":"f.71C3769F7ED8E40170006504CCA8900A.d.85EB43290F8F7C07686697128041DE60.e.254"}]}
COMMAND: GET /session/bb295fd008a8bb8a1f479af6d4955b7d/screenshot - {}
RESULT: {}
RESULT: {}
RESULT: {}
COMMAND: POST /session/bb295fd008a8bb8a1f479af6d4955b7d/execute/async - {"script":"<script> [1562 bytes]","args":[{"selector":{"controlType":"sap.m.GenericTile","properties":{"header":"Manage Yards"}},"wdio_ui5_key":"sapm.GenericTile{\"header\":\"Manage Yards\"}"}]}
RESULT: {"script":"<script> [1562 bytes]","args":[{"selector":{"controlType":"sap.m.GenericTile","properties":{"header":"Manage Yards"}},"wdio_ui5_key":"sapm.GenericTile{\"header\":\"Manage Yards\"}"}]}
RESULT: undefined
COMMAND: POST /session/bb295fd008a8bb8a1f479af6d4955b7d/element - {"using":"xpath","value":"//*[@id=\"__tile41\"]"}
RESULT: {"using":"xpath","value":"//*[@id=\"__tile41\"]"}
COMMAND: POST /session/bb295fd008a8bb8a1f479af6d4955b7d/element/f.71C3769F7ED8E40170006504CCA8900A.d.85EB43290F8F7C07686697128041DE60.e.159/click - {}
RESULT: {}
COMMAND: POST /session/bb295fd008a8bb8a1f479af6d4955b7d/element - {"using":"xpath","value":"//button[@data-kt=\"addNewYardOverflowToolbarButton\"]"}
COMMAND: GET /session/bb295fd008a8bb8a1f479af6d4955b7d/screenshot - {}
RESULT: {"using":"xpath","value":"//button[@data-kt=\"addNewYardOverflowToolbarButton\"]"}
COMMAND: POST /session/bb295fd008a8bb8a1f479af6d4955b7d/elements - {"using":"xpath","value":"//button[@data-kt=\"addNewYardOverflowToolbarButton\"]"}
RESULT: {}
RESULT: {"using":"xpath","value":"//button[@data-kt=\"addNewYardOverflowToolbarButton\"]"}
COMMAND: POST /session/bb295fd008a8bb8a1f479af6d4955b7d/elements - {"using":"xpath","value":"//button[@data-kt=\"addNewYardOverflowToolbarButton\"]"}
RESULT: {"using":"xpath","value":"//button[@data-kt=\"addNewYardOverflowToolbarButton\"]"}
COMMAND: POST /session/bb295fd008a8bb8a1f479af6d4955b7d/elements - {"using":"xpath","value":"//button[@data-kt=\"addNewYardOverflowToolbarButton\"]"}
RESULT: {"using":"xpath","value":"//button[@data-kt=\"addNewYardOverflowToolbarButton\"]"}
COMMAND: POST /session/bb295fd008a8bb8a1f479af6d4955b7d/elements - {"using":"xpath","value":"//button[@data-kt=\"addNewYardOverflowToolbarButton\"]"}
RESULT: {"using":"xpath","value":"//button[@data-kt=\"addNewYardOverflowToolbarButton\"]"}
COMMAND: POST /session/bb295fd008a8bb8a1f479af6d4955b7d/elements - {"using":"xpath","value":"//button[@data-kt=\"addNewYardOverflowToolbarButton\"]"}
RESULT: {"using":"xpath","value":"//button[@data-kt=\"addNewYardOverflowToolbarButton\"]"}
COMMAND: POST /session/bb295fd008a8bb8a1f479af6d4955b7d/elements - {"using":"xpath","value":"//button[@data-kt=\"addNewYardOverflowToolbarButton\"]"}
RESULT: {"using":"xpath","value":"//button[@data-kt=\"addNewYardOverflowToolbarButton\"]"}
COMMAND: POST /session/bb295fd008a8bb8a1f479af6d4955b7d/elements - {"using":"xpath","value":"//button[@data-kt=\"addNewYardOverflowToolbarButton\"]"}
RESULT: {"using":"xpath","value":"//button[@data-kt=\"addNewYardOverflowToolbarButton\"]"}
COMMAND: POST /session/bb295fd008a8bb8a1f479af6d4955b7d/elements - {"using":"xpath","value":"//button[@data-kt=\"addNewYardOverflowToolbarButton\"]"}
RESULT: {"using":"xpath","value":"//button[@data-kt=\"addNewYardOverflowToolbarButton\"]"}
COMMAND: POST /session/bb295fd008a8bb8a1f479af6d4955b7d/elements - {"using":"xpath","value":"//button[@data-kt=\"addNewYardOverflowToolbarButton\"]"}
RESULT: {"using":"xpath","value":"//button[@data-kt=\"addNewYardOverflowToolbarButton\"]"}
COMMAND: POST /session/bb295fd008a8bb8a1f479af6d4955b7d/elements - {"using":"xpath","value":"//button[@data-kt=\"addNewYardOverflowToolbarButton\"]"}
RESULT: {"using":"xpath","value":"//button[@data-kt=\"addNewYardOverflowToolbarButton\"]"}
COMMAND: POST /session/bb295fd008a8bb8a1f479af6d4955b7d/elements - {"using":"xpath","value":"//button[@data-kt=\"addNewYardOverflowToolbarButton\"]"}
RESULT: {"using":"xpath","value":"//button[@data-kt=\"addNewYardOverflowToolbarButton\"]"}
COMMAND: POST /session/bb295fd008a8bb8a1f479af6d4955b7d/elements - {"using":"xpath","value":"//button[@data-kt=\"addNewYardOverflowToolbarButton\"]"}
RESULT: {"using":"xpath","value":"//button[@data-kt=\"addNewYardOverflowToolbarButton\"]"}
COMMAND: POST /session/bb295fd008a8bb8a1f479af6d4955b7d/elements - {"using":"xpath","value":"//button[@data-kt=\"addNewYardOverflowToolbarButton\"]"}
RESULT: {"using":"xpath","value":"//button[@data-kt=\"addNewYardOverflowToolbarButton\"]"}
COMMAND: POST /session/bb295fd008a8bb8a1f479af6d4955b7d/elements - {"using":"xpath","value":"//button[@data-kt=\"addNewYardOverflowToolbarButton\"]"}
RESULT: {"using":"xpath","value":"//button[@data-kt=\"addNewYardOverflowToolbarButton\"]"}
COMMAND: POST /session/bb295fd008a8bb8a1f479af6d4955b7d/elements - {"using":"xpath","value":"//button[@data-kt=\"addNewYardOverflowToolbarButton\"]"}
RESULT: {"using":"xpath","value":"//button[@data-kt=\"addNewYardOverflowToolbarButton\"]"}
COMMAND: POST /session/bb295fd008a8bb8a1f479af6d4955b7d/elements - {"using":"xpath","value":"//button[@data-kt=\"addNewYardOverflowToolbarButton\"]"}
RESULT: {"using":"xpath","value":"//button[@data-kt=\"addNewYardOverflowToolbarButton\"]"}
COMMAND: POST /session/bb295fd008a8bb8a1f479af6d4955b7d/elements - {"using":"xpath","value":"//button[@data-kt=\"addNewYardOverflowToolbarButton\"]"}
RESULT: {"using":"xpath","value":"//button[@data-kt=\"addNewYardOverflowToolbarButton\"]"}
COMMAND: POST /session/bb295fd008a8bb8a1f479af6d4955b7d/elements - {"using":"xpath","value":"//button[@data-kt=\"addNewYardOverflowToolbarButton\"]"}
RESULT: {"using":"xpath","value":"//button[@data-kt=\"addNewYardOverflowToolbarButton\"]"}
COMMAND: POST /session/bb295fd008a8bb8a1f479af6d4955b7d/elements - {"using":"xpath","value":"//button[@data-kt=\"addNewYardOverflowToolbarButton\"]"}
RESULT: {"using":"xpath","value":"//button[@data-kt=\"addNewYardOverflowToolbarButton\"]"}
COMMAND: POST /session/bb295fd008a8bb8a1f479af6d4955b7d/elements - {"using":"xpath","value":"//button[@data-kt=\"addNewYardOverflowToolbarButton\"]"}
RESULT: {"using":"xpath","value":"//button[@data-kt=\"addNewYardOverflowToolbarButton\"]"}
COMMAND: POST /session/bb295fd008a8bb8a1f479af6d4955b7d/elements - {"using":"xpath","value":"//button[@data-kt=\"addNewYardOverflowToolbarButton\"]"}
RESULT: {"using":"xpath","value":"//button[@data-kt=\"addNewYardOverflowToolbarButton\"]"}
COMMAND: POST /session/bb295fd008a8bb8a1f479af6d4955b7d/elements - {"using":"xpath","value":"//button[@data-kt=\"addNewYardOverflowToolbarButton\"]"}
RESULT: {"using":"xpath","value":"//button[@data-kt=\"addNewYardOverflowToolbarButton\"]"}
COMMAND: POST /session/bb295fd008a8bb8a1f479af6d4955b7d/elements - {"using":"xpath","value":"//button[@data-kt=\"addNewYardOverflowToolbarButton\"]"}
RESULT: {"using":"xpath","value":"//button[@data-kt=\"addNewYardOverflowToolbarButton\"]"}
COMMAND: POST /session/bb295fd008a8bb8a1f479af6d4955b7d/elements - {"using":"xpath","value":"//button[@data-kt=\"addNewYardOverflowToolbarButton\"]"}
RESULT: {"using":"xpath","value":"//button[@data-kt=\"addNewYardOverflowToolbarButton\"]"}
COMMAND: POST /session/bb295fd008a8bb8a1f479af6d4955b7d/elements - {"using":"xpath","value":"//button[@data-kt=\"addNewYardOverflowToolbarButton\"]"}
RESULT: {"using":"xpath","value":"//button[@data-kt=\"addNewYardOverflowToolbarButton\"]"}
COMMAND: POST /session/bb295fd008a8bb8a1f479af6d4955b7d/element - {"using":"xpath","value":"//button[@data-kt=\"addNewYardOverflowToolbarButton\"]"}
RESULT: {"using":"xpath","value":"//button[@data-kt=\"addNewYardOverflowToolbarButton\"]"}
COMMAND: POST /session/bb295fd008a8bb8a1f479af6d4955b7d/execute/sync - {"script":"<script> [8489 bytes]","args":[{"element-6066-11e4-a52e-4f735466cecf":"f.71C3769F7ED8E40170006504CCA8900A.d.85EB43290F8F7C07686697128041DE60.e.289","ELEMENT":"f.71C3769F7ED8E40170006504CCA8900A.d.85EB43290F8F7C07686697128041DE60.e.289"}]}
RESULT: {"script":"<script> [8489 bytes]","args":[{"element-6066-11e4-a52e-4f735466cecf":"f.71C3769F7ED8E40170006504CCA8900A.d.85EB43290F8F7C07686697128041DE60.e.289","ELEMENT":"f.71C3769F7ED8E40170006504CCA8900A.d.85EB43290F8F7C07686697128041DE60.e.289"}]}
COMMAND: GET /session/bb295fd008a8bb8a1f479af6d4955b7d/element/f.71C3769F7ED8E40170006504CCA8900A.d.85EB43290F8F7C07686697128041DE60.e.289/enabled - {}
COMMAND: GET /session/bb295fd008a8bb8a1f479af6d4955b7d/screenshot - {}
RESULT: {}
COMMAND: POST /session/bb295fd008a8bb8a1f479af6d4955b7d/execute/sync - {"script":"<script> [8489 bytes]","args":[{"element-6066-11e4-a52e-4f735466cecf":"f.71C3769F7ED8E40170006504CCA8900A.d.85EB43290F8F7C07686697128041DE60.e.289","ELEMENT":"f.71C3769F7ED8E40170006504CCA8900A.d.85EB43290F8F7C07686697128041DE60.e.289"}]}
COMMAND: GET /session/bb295fd008a8bb8a1f479af6d4955b7d/screenshot - {}
RESULT: {}
RESULT: {"script":"<script> [8489 bytes]","args":[{"element-6066-11e4-a52e-4f735466cecf":"f.71C3769F7ED8E40170006504CCA8900A.d.85EB43290F8F7C07686697128041DE60.e.289","ELEMENT":"f.71C3769F7ED8E40170006504CCA8900A.d.85EB43290F8F7C07686697128041DE60.e.289"}]}
COMMAND: POST /session/bb295fd008a8bb8a1f479af6d4955b7d/execute/sync - {"script":"<script> [5351 bytes]","args":[{"element-6066-11e4-a52e-4f735466cecf":"f.71C3769F7ED8E40170006504CCA8900A.d.85EB43290F8F7C07686697128041DE60.e.289","ELEMENT":"f.71C3769F7ED8E40170006504CCA8900A.d.85EB43290F8F7C07686697128041DE60.e.289"}]}
COMMAND: GET /session/bb295fd008a8bb8a1f479af6d4955b7d/screenshot - {}
RESULT: {}
RESULT: {"script":"<script> [5351 bytes]","args":[{"element-6066-11e4-a52e-4f735466cecf":"f.71C3769F7ED8E40170006504CCA8900A.d.85EB43290F8F7C07686697128041DE60.e.289","ELEMENT":"f.71C3769F7ED8E40170006504CCA8900A.d.85EB43290F8F7C07686697128041DE60.e.289"}]}
COMMAND: POST /session/bb295fd008a8bb8a1f479af6d4955b7d/element/f.71C3769F7ED8E40170006504CCA8900A.d.85EB43290F8F7C07686697128041DE60.e.289/click - {}
COMMAND: GET /session/bb295fd008a8bb8a1f479af6d4955b7d/screenshot - {}
RESULT: {}
RESULT: {}
COMMAND: GET /session/bb295fd008a8bb8a1f479af6d4955b7d/screenshot - {}
RESULT: {}
COMMAND: POST /session/bb295fd008a8bb8a1f479af6d4955b7d/element - {"using":"xpath","value":"//input[@id=\"application-manageyards-display-component---NewYard--yardId-inner\"]"}
RESULT: {}
RESULT: {"using":"xpath","value":"//input[@id=\"application-manageyards-display-component---NewYard--yardId-inner\"]"}
COMMAND: POST /session/bb295fd008a8bb8a1f479af6d4955b7d/element - {"using":"xpath","value":"//input[@id=\"application-manageyards-display-component---NewYard--yardId-inner\"]"}
RESULT: {"using":"xpath","value":"//input[@id=\"application-manageyards-display-component---NewYard--yardId-inner\"]"}
COMMAND: POST /session/bb295fd008a8bb8a1f479af6d4955b7d/execute/async - {"script":"<script> [1562 bytes]","args":[{"selector":{"id":"application-manageyards-display-component---NewYard--addressDetailDetailsName1","interaction":{"idSuffix":"inner"}},"wdio_ui5_key":"applicationmanageyards-display-component---NewYard--addressDetailDetailsName1"}]}
RESULT: {"script":"<script> [1562 bytes]","args":[{"selector":{"id":"application-manageyards-display-component---NewYard--addressDetailDetailsName1","interaction":{"idSuffix":"inner"}},"wdio_ui5_key":"applicationmanageyards-display-component---NewYard--addressDetailDetailsName1"}]}
RESULT: undefined
COMMAND: POST /session/bb295fd008a8bb8a1f479af6d4955b7d/execute/async - {"script":"<script> [776 bytes]","args":[{"enterText":"Intracompany Yard wdIO","selector":{"id":"application-manageyards-display-component---NewYard--addressDetailDetailsName1","interaction":{"idSuffix":"inner"}},"clearTextFirst":true,"interactionType":"ENTER_TEXT"}]}
RESULT: {"script":"<script> [776 bytes]","args":[{"enterText":"Intracompany Yard wdIO","selector":{"id":"application-manageyards-display-component---NewYard--addressDetailDetailsName1","interaction":{"idSuffix":"inner"}},"clearTextFirst":true,"interactionType":"ENTER_TEXT"}]}
COMMAND: POST /session/bb295fd008a8bb8a1f479af6d4955b7d/execute/async - {"script":"<script> [1562 bytes]","args":[{"selector":{"id":"application-manageyards-display-component---NewYard--addressDetailDetailsLanguage-arrow"},"wdio_ui5_key":"applicationmanageyards-display-component---NewYard--addressDetailDetailsLanguage-arrow"}]}
RESULT: {"script":"<script> [1562 bytes]","args":[{"selector":{"id":"application-manageyards-display-component---NewYard--addressDetailDetailsLanguage-arrow"},"wdio_ui5_key":"applicationmanageyards-display-component---NewYard--addressDetailDetailsLanguage-arrow"}]}
RESULT: undefined
COMMAND: POST /session/bb295fd008a8bb8a1f479af6d4955b7d/element - {"using":"xpath","value":"//*[@id=\"application-manageyards-display-component---NewYard--addressDetailDetailsLanguage-arrow\"]"}
RESULT: {"using":"xpath","value":"//*[@id=\"application-manageyards-display-component---NewYard--addressDetailDetailsLanguage-arrow\"]"}
COMMAND: POST /session/bb295fd008a8bb8a1f479af6d4955b7d/element/f.71C3769F7ED8E40170006504CCA8900A.d.85EB43290F8F7C07686697128041DE60.e.721/click - {}
RESULT: {}
COMMAND: POST /session/bb295fd008a8bb8a1f479af6d4955b7d/element - {"using":"xpath","value":"//span[contains(text(), \"English\")]"}
COMMAND: GET /session/bb295fd008a8bb8a1f479af6d4955b7d/screenshot - {}
RESULT: {"using":"xpath","value":"//span[contains(text(), \"English\")]"}
COMMAND: POST /session/bb295fd008a8bb8a1f479af6d4955b7d/element/f.71C3769F7ED8E40170006504CCA8900A.d.85EB43290F8F7C07686697128041DE60.e.722/click - {}
RESULT: {}
RESULT: {}
COMMAND: POST /session/bb295fd008a8bb8a1f479af6d4955b7d/execute/async - {"script":"<script> [1562 bytes]","args":[{"selector":{"id":"application-manageyards-display-component---NewYard--addressDetailDetailsCity1","interaction":{"idSuffix":"inner"}},"wdio_ui5_key":"applicationmanageyards-display-component---NewYard--addressDetailDetailsCity1"}]}
COMMAND: GET /session/bb295fd008a8bb8a1f479af6d4955b7d/screenshot - {}
RESULT: {"script":"<script> [1562 bytes]","args":[{"selector":{"id":"application-manageyards-display-component---NewYard--addressDetailDetailsCity1","interaction":{"idSuffix":"inner"}},"wdio_ui5_key":"applicationmanageyards-display-component---NewYard--addressDetailDetailsCity1"}]}
RESULT: undefined
COMMAND: POST /session/bb295fd008a8bb8a1f479af6d4955b7d/execute/async - {"script":"<script> [776 bytes]","args":[{"enterText":"Rosario","selector":{"id":"application-manageyards-display-component---NewYard--addressDetailDetailsCity1","interaction":{"idSuffix":"inner"}},"clearTextFirst":true,"interactionType":"ENTER_TEXT"}]}
RESULT: {}
RESULT: {"script":"<script> [776 bytes]","args":[{"enterText":"Rosario","selector":{"id":"application-manageyards-display-component---NewYard--addressDetailDetailsCity1","interaction":{"idSuffix":"inner"}},"clearTextFirst":true,"interactionType":"ENTER_TEXT"}]}
COMMAND: POST /session/bb295fd008a8bb8a1f479af6d4955b7d/execute/async - {"script":"<script> [1562 bytes]","args":[{"selector":{"id":"application-manageyards-display-component---NewYard--addressDetailDetailsCountry-arrow"},"wdio_ui5_key":"applicationmanageyards-display-component---NewYard--addressDetailDetailsCountry-arrow"}]}
RESULT: {"script":"<script> [1562 bytes]","args":[{"selector":{"id":"application-manageyards-display-component---NewYard--addressDetailDetailsCountry-arrow"},"wdio_ui5_key":"applicationmanageyards-display-component---NewYard--addressDetailDetailsCountry-arrow"}]}
RESULT: undefined
COMMAND: POST /session/bb295fd008a8bb8a1f479af6d4955b7d/element - {"using":"xpath","value":"//*[@id=\"application-manageyards-display-component---NewYard--addressDetailDetailsCountry-arrow\"]"}
RESULT: {"using":"xpath","value":"//*[@id=\"application-manageyards-display-component---NewYard--addressDetailDetailsCountry-arrow\"]"}
COMMAND: POST /session/bb295fd008a8bb8a1f479af6d4955b7d/element/f.71C3769F7ED8E40170006504CCA8900A.d.85EB43290F8F7C07686697128041DE60.e.724/click - {}
RESULT: {}
COMMAND: POST /session/bb295fd008a8bb8a1f479af6d4955b7d/element - {"using":"xpath","value":"//span[contains(text(), \"Argentina\")]"}
COMMAND: GET /session/bb295fd008a8bb8a1f479af6d4955b7d/screenshot - {}
RESULT: {}
RESULT: {"using":"xpath","value":"//span[contains(text(), \"Argentina\")]"}
COMMAND: POST /session/bb295fd008a8bb8a1f479af6d4955b7d/element/f.71C3769F7ED8E40170006504CCA8900A.d.85EB43290F8F7C07686697128041DE60.e.726/click - {}
RESULT: {}
COMMAND: POST /session/bb295fd008a8bb8a1f479af6d4955b7d/execute/async - {"script":"<script> [1562 bytes]","args":[{"selector":{"id":"application-manageyards-display-component---NewYard--addressEditDetailsCostObjectCstType-arrow"},"wdio_ui5_key":"applicationmanageyards-display-component---NewYard--addressEditDetailsCostObjectCstType-arrow"}]}
COMMAND: GET /session/bb295fd008a8bb8a1f479af6d4955b7d/screenshot - {}
RESULT: {"script":"<script> [1562 bytes]","args":[{"selector":{"id":"application-manageyards-display-component---NewYard--addressEditDetailsCostObjectCstType-arrow"},"wdio_ui5_key":"applicationmanageyards-display-component---NewYard--addressEditDetailsCostObjectCstType-arrow"}]}
RESULT: undefined
COMMAND: POST /session/bb295fd008a8bb8a1f479af6d4955b7d/element - {"using":"xpath","value":"//*[@id=\"application-manageyards-display-component---NewYard--addressEditDetailsCostObjectCstType-arrow\"]"}
RESULT: {}
RESULT: {"using":"xpath","value":"//*[@id=\"application-manageyards-display-component---NewYard--addressEditDetailsCostObjectCstType-arrow\"]"}
COMMAND: POST /session/bb295fd008a8bb8a1f479af6d4955b7d/element/f.71C3769F7ED8E40170006504CCA8900A.d.85EB43290F8F7C07686697128041DE60.e.727/click - {}
RESULT: {}
COMMAND: POST /session/bb295fd008a8bb8a1f479af6d4955b7d/element - {"using":"xpath","value":"//span[contains(text(), \"Cost Center\")]"}
COMMAND: GET /session/bb295fd008a8bb8a1f479af6d4955b7d/screenshot - {}
RESULT: {"using":"xpath","value":"//span[contains(text(), \"Cost Center\")]"}
COMMAND: POST /session/bb295fd008a8bb8a1f479af6d4955b7d/element/f.71C3769F7ED8E40170006504CCA8900A.d.85EB43290F8F7C07686697128041DE60.e.728/click - {}
RESULT: {}
RESULT: {}
COMMAND: GET /session/bb295fd008a8bb8a1f479af6d4955b7d/screenshot - {}
RESULT: {}
COMMAND: POST /session/bb295fd008a8bb8a1f479af6d4955b7d/element - {"using":"xpath","value":"//span[@id=\"application-manageyards-display-component---NewYard--addressNewCostObjectCstID-vhi\"]"}
RESULT: {"using":"xpath","value":"//span[@id=\"application-manageyards-display-component---NewYard--addressNewCostObjectCstID-vhi\"]"}
COMMAND: POST /session/bb295fd008a8bb8a1f479af6d4955b7d/execute/sync - {"script":"<script> [8489 bytes]","args":[{"element-6066-11e4-a52e-4f735466cecf":"f.71C3769F7ED8E40170006504CCA8900A.d.85EB43290F8F7C07686697128041DE60.e.732","ELEMENT":"f.71C3769F7ED8E40170006504CCA8900A.d.85EB43290F8F7C07686697128041DE60.e.732"}]}
RESULT: {"script":"<script> [8489 bytes]","args":[{"element-6066-11e4-a52e-4f735466cecf":"f.71C3769F7ED8E40170006504CCA8900A.d.85EB43290F8F7C07686697128041DE60.e.732","ELEMENT":"f.71C3769F7ED8E40170006504CCA8900A.d.85EB43290F8F7C07686697128041DE60.e.732"}]}
COMMAND: POST /session/bb295fd008a8bb8a1f479af6d4955b7d/execute/async - {"script":"<script> [1562 bytes]","args":[{"selector":{"id":"application-manageyards-display-component---NewYard--addressNewCostObjectCstID-vhi"},"wdio_ui5_key":"applicationmanageyards-display-component---NewYard--addressNewCostObjectCstID-vhi"}]}
COMMAND: GET /session/bb295fd008a8bb8a1f479af6d4955b7d/screenshot - {}
RESULT: {"script":"<script> [1562 bytes]","args":[{"selector":{"id":"application-manageyards-display-component---NewYard--addressNewCostObjectCstID-vhi"},"wdio_ui5_key":"applicationmanageyards-display-component---NewYard--addressNewCostObjectCstID-vhi"}]}
RESULT: undefined
COMMAND: POST /session/bb295fd008a8bb8a1f479af6d4955b7d/element - {"using":"xpath","value":"//*[@id=\"application-manageyards-display-component---NewYard--addressNewCostObjectCstID-vhi\"]"}
RESULT: {}
RESULT: {"using":"xpath","value":"//*[@id=\"application-manageyards-display-component---NewYard--addressNewCostObjectCstID-vhi\"]"}
COMMAND: POST /session/bb295fd008a8bb8a1f479af6d4955b7d/element/f.71C3769F7ED8E40170006504CCA8900A.d.85EB43290F8F7C07686697128041DE60.e.732/click - {}
RESULT: {}
COMMAND: GET /session/bb295fd008a8bb8a1f479af6d4955b7d/screenshot - {}
RESULT: {}
COMMAND: POST /session/bb295fd008a8bb8a1f479af6d4955b7d/execute/async - {"script":"<script> [1562 bytes]","args":[{"selector":{"controlType":"sap.m.SearchField","properties":{"placeholder":"Search"},"searchOpenDialogs":true,"interaction":{"idSuffix":"I"}},"wdio_ui5_key":"sapm.SearchField{\"placeholder\":\"Search\"}"}]}
RESULT: {"script":"<script> [1562 bytes]","args":[{"selector":{"controlType":"sap.m.SearchField","properties":{"placeholder":"Search"},"searchOpenDialogs":true,"interaction":{"idSuffix":"I"}},"wdio_ui5_key":"sapm.SearchField{\"placeholder\":\"Search\"}"}]}
RESULT: undefined
COMMAND: POST /session/bb295fd008a8bb8a1f479af6d4955b7d/execute/async - {"script":"<script> [776 bytes]","args":[{"enterText":"10001013","selector":{"controlType":"sap.m.SearchField","properties":{"placeholder":"Search"},"searchOpenDialogs":true,"interaction":{"idSuffix":"I"}},"clearTextFirst":true,"interactionType":"ENTER_TEXT"}]}
RESULT: {"script":"<script> [776 bytes]","args":[{"enterText":"10001013","selector":{"controlType":"sap.m.SearchField","properties":{"placeholder":"Search"},"searchOpenDialogs":true,"interaction":{"idSuffix":"I"}},"clearTextFirst":true,"interactionType":"ENTER_TEXT"}]}
COMMAND: POST /session/bb295fd008a8bb8a1f479af6d4955b7d/actions - {"actions":[{"id":"action1","type":"key","parameters":{},"actions":[{"type":"keyDown","value":"î€‡"},{"type":"pause","duration":10},{"type":"keyUp","value":"î€‡"}]}]}
RESULT: {"actions":[{"id":"action1","type":"key","parameters":{},"actions":[{"type":"keyDown","value":"î€‡"},{"type":"pause","duration":10},{"type":"keyUp","value":"î€‡"}]}]}
COMMAND: GET /session/bb295fd008a8bb8a1f479af6d4955b7d/screenshot - {}
RESULT: {}
COMMAND: POST /session/bb295fd008a8bb8a1f479af6d4955b7d/element - {"using":"xpath","value":"//span[contains(text(), \"General Management\")]"}
RESULT: {"using":"xpath","value":"//span[contains(text(), \"General Management\")]"}
COMMAND: POST /session/bb295fd008a8bb8a1f479af6d4955b7d/element/f.71C3769F7ED8E40170006504CCA8900A.d.85EB43290F8F7C07686697128041DE60.e.772/click - {}
RESULT: {}
COMMAND: GET /session/bb295fd008a8bb8a1f479af6d4955b7d/screenshot - {}
RESULT: {}
COMMAND: POST /session/bb295fd008a8bb8a1f479af6d4955b7d/element - {"using":"xpath","value":"//bdi[contains(text(), \"OK\")]"}
RESULT: {"using":"xpath","value":"//bdi[contains(text(), \"OK\")]"}
COMMAND: POST /session/bb295fd008a8bb8a1f479af6d4955b7d/element/f.71C3769F7ED8E40170006504CCA8900A.d.85EB43290F8F7C07686697128041DE60.e.773/click - {}
RESULT: {}
COMMAND: GET /session/bb295fd008a8bb8a1f479af6d4955b7d/screenshot - {}
RESULT: {}
COMMAND: POST /session/bb295fd008a8bb8a1f479af6d4955b7d/execute/async - {"script":"<script> [1562 bytes]","args":[{"selector":{"id":"application-manageyards-display-component---NewYard--addressEditDetailsCurrency-arrow"},"wdio_ui5_key":"applicationmanageyards-display-component---NewYard--addressEditDetailsCurrency-arrow"}]}
RESULT: {"script":"<script> [1562 bytes]","args":[{"selector":{"id":"application-manageyards-display-component---NewYard--addressEditDetailsCurrency-arrow"},"wdio_ui5_key":"applicationmanageyards-display-component---NewYard--addressEditDetailsCurrency-arrow"}]}
RESULT: undefined
COMMAND: POST /session/bb295fd008a8bb8a1f479af6d4955b7d/element - {"using":"xpath","value":"//*[@id=\"application-manageyards-display-component---NewYard--addressEditDetailsCurrency-arrow\"]"}
RESULT: {"using":"xpath","value":"//*[@id=\"application-manageyards-display-component---NewYard--addressEditDetailsCurrency-arrow\"]"}
COMMAND: POST /session/bb295fd008a8bb8a1f479af6d4955b7d/element/f.71C3769F7ED8E40170006504CCA8900A.d.85EB43290F8F7C07686697128041DE60.e.776/click - {}
RESULT: {}
COMMAND: POST /session/bb295fd008a8bb8a1f479af6d4955b7d/element - {"using":"xpath","value":"//span[contains(text(), \"Euro\")]"}
COMMAND: GET /session/bb295fd008a8bb8a1f479af6d4955b7d/screenshot - {}
RESULT: {"using":"xpath","value":"//span[contains(text(), \"Euro\")]"}
COMMAND: POST /session/bb295fd008a8bb8a1f479af6d4955b7d/element/f.71C3769F7ED8E40170006504CCA8900A.d.85EB43290F8F7C07686697128041DE60.e.777/click - {}
RESULT: {}
RESULT: {}
COMMAND: POST /session/bb295fd008a8bb8a1f479af6d4955b7d/execute/async - {"script":"<script> [1562 bytes]","args":[{"selector":{"controlType":"sap.m.Input","viewName":"etm.portal.ui.manageyards.view.New","viewId":"application-manageyards-display-component---NewYard","bindingPath":{"path":"","propertyPath":"/CONTROLLING_AREA","modelName":"NewYardModel"},"interaction":{"idSuffix":"inner"}},"wdio_ui5_key":"etmportal.ui.manageyards.view.Newsap.m.Input{\"path\":\"\",\"propertyPath\":\"/CONTROLLING_AREA\",\"modelName\":\"NewYardModel\"}"}]}
COMMAND: GET /session/bb295fd008a8bb8a1f479af6d4955b7d/screenshot - {}
RESULT: {"script":"<script> [1562 bytes]","args":[{"selector":{"controlType":"sap.m.Input","viewName":"etm.portal.ui.manageyards.view.New","viewId":"application-manageyards-display-component---NewYard","bindingPath":{"path":"","propertyPath":"/CONTROLLING_AREA","modelName":"NewYardModel"},"interaction":{"idSuffix":"inner"}},"wdio_ui5_key":"etmportal.ui.manageyards.view.Newsap.m.Input{\"path\":\"\",\"propertyPath\":\"/CONTROLLING_AREA\",\"modelName\":\"NewYardModel\"}"}]}
RESULT: undefined
COMMAND: POST /session/bb295fd008a8bb8a1f479af6d4955b7d/execute/async - {"script":"<script> [776 bytes]","args":[{"enterText":"Z001","selector":{"controlType":"sap.m.Input","viewName":"etm.portal.ui.manageyards.view.New","viewId":"application-manageyards-display-component---NewYard","bindingPath":{"path":"","propertyPath":"/CONTROLLING_AREA","modelName":"NewYardModel"},"interaction":{"idSuffix":"inner"}},"clearTextFirst":true,"interactionType":"ENTER_TEXT"}]}
RESULT: {}
RESULT: {"script":"<script> [776 bytes]","args":[{"enterText":"Z001","selector":{"controlType":"sap.m.Input","viewName":"etm.portal.ui.manageyards.view.New","viewId":"application-manageyards-display-component---NewYard","bindingPath":{"path":"","propertyPath":"/CONTROLLING_AREA","modelName":"NewYardModel"},"interaction":{"idSuffix":"inner"}},"clearTextFirst":true,"interactionType":"ENTER_TEXT"}]}
COMMAND: POST /session/bb295fd008a8bb8a1f479af6d4955b7d/execute/async - {"script":"<script> [1562 bytes]","args":[{"selector":{"id":"application-manageyards-display-component---NewYard--companyCodeComboBox","interaction":{"idSuffix":"inner"}},"wdio_ui5_key":"applicationmanageyards-display-component---NewYard--companyCodeComboBox"}]}
RESULT: {"script":"<script> [1562 bytes]","args":[{"selector":{"id":"application-manageyards-display-component---NewYard--companyCodeComboBox","interaction":{"idSuffix":"inner"}},"wdio_ui5_key":"applicationmanageyards-display-component---NewYard--companyCodeComboBox"}]}
RESULT: undefined
COMMAND: POST /session/bb295fd008a8bb8a1f479af6d4955b7d/execute/async - {"script":"<script> [776 bytes]","args":[{"enterText":"1000","selector":{"id":"application-manageyards-display-component---NewYard--companyCodeComboBox","interaction":{"idSuffix":"inner"}},"clearTextFirst":true,"interactionType":"ENTER_TEXT"}]}
RESULT: {"script":"<script> [776 bytes]","args":[{"enterText":"1000","selector":{"id":"application-manageyards-display-component---NewYard--companyCodeComboBox","interaction":{"idSuffix":"inner"}},"clearTextFirst":true,"interactionType":"ENTER_TEXT"}]}
COMMAND: POST /session/bb295fd008a8bb8a1f479af6d4955b7d/execute/async - {"script":"<script> [1562 bytes]","args":[{"selector":{"controlType":"sap.m.Input","viewName":"etm.portal.ui.manageyards.view.New","viewId":"application-manageyards-display-component---NewYard","bindingPath":{"path":"","propertyPath":"/PLANT","modelName":"NewYardModel"},"interaction":{"idSuffix":"inner"}},"wdio_ui5_key":"etmportal.ui.manageyards.view.Newsap.m.Input{\"path\":\"\",\"propertyPath\":\"/PLANT\",\"modelName\":\"NewYardModel\"}"}]}
RESULT: {"script":"<script> [1562 bytes]","args":[{"selector":{"controlType":"sap.m.Input","viewName":"etm.portal.ui.manageyards.view.New","viewId":"application-manageyards-display-component---NewYard","bindingPath":{"path":"","propertyPath":"/PLANT","modelName":"NewYardModel"},"interaction":{"idSuffix":"inner"}},"wdio_ui5_key":"etmportal.ui.manageyards.view.Newsap.m.Input{\"path\":\"\",\"propertyPath\":\"/PLANT\",\"modelName\":\"NewYardModel\"}"}]}
RESULT: undefined
COMMAND: POST /session/bb295fd008a8bb8a1f479af6d4955b7d/execute/async - {"script":"<script> [776 bytes]","args":[{"enterText":"1001","selector":{"controlType":"sap.m.Input","viewName":"etm.portal.ui.manageyards.view.New","viewId":"application-manageyards-display-component---NewYard","bindingPath":{"path":"","propertyPath":"/PLANT","modelName":"NewYardModel"},"interaction":{"idSuffix":"inner"}},"clearTextFirst":true,"interactionType":"ENTER_TEXT"}]}
RESULT: {"script":"<script> [776 bytes]","args":[{"enterText":"1001","selector":{"controlType":"sap.m.Input","viewName":"etm.portal.ui.manageyards.view.New","viewId":"application-manageyards-display-component---NewYard","bindingPath":{"path":"","propertyPath":"/PLANT","modelName":"NewYardModel"},"interaction":{"idSuffix":"inner"}},"clearTextFirst":true,"interactionType":"ENTER_TEXT"}]}
COMMAND: POST /session/bb295fd008a8bb8a1f479af6d4955b7d/execute/async - {"script":"<script> [1562 bytes]","args":[{"selector":{"controlType":"sap.m.Input","viewName":"etm.portal.ui.manageyards.view.New","viewId":"application-manageyards-display-component---NewYard","bindingPath":{"path":"","propertyPath":"/SALES_AREA_VKORG","modelName":"NewYardModel"},"interaction":{"idSuffix":"inner"}},"wdio_ui5_key":"etmportal.ui.manageyards.view.Newsap.m.Input{\"path\":\"\",\"propertyPath\":\"/SALES_AREA_VKORG\",\"modelName\":\"NewYardModel\"}"}]}
RESULT: {"script":"<script> [1562 bytes]","args":[{"selector":{"controlType":"sap.m.Input","viewName":"etm.portal.ui.manageyards.view.New","viewId":"application-manageyards-display-component---NewYard","bindingPath":{"path":"","propertyPath":"/SALES_AREA_VKORG","modelName":"NewYardModel"},"interaction":{"idSuffix":"inner"}},"wdio_ui5_key":"etmportal.ui.manageyards.view.Newsap.m.Input{\"path\":\"\",\"propertyPath\":\"/SALES_AREA_VKORG\",\"modelName\":\"NewYardModel\"}"}]}
RESULT: undefined
COMMAND: POST /session/bb295fd008a8bb8a1f479af6d4955b7d/execute/async - {"script":"<script> [776 bytes]","args":[{"enterText":"C002","selector":{"controlType":"sap.m.Input","viewName":"etm.portal.ui.manageyards.view.New","viewId":"application-manageyards-display-component---NewYard","bindingPath":{"path":"","propertyPath":"/SALES_AREA_VKORG","modelName":"NewYardModel"},"interaction":{"idSuffix":"inner"}},"clearTextFirst":true,"interactionType":"ENTER_TEXT"}]}
RESULT: {"script":"<script> [776 bytes]","args":[{"enterText":"C002","selector":{"controlType":"sap.m.Input","viewName":"etm.portal.ui.manageyards.view.New","viewId":"application-manageyards-display-component---NewYard","bindingPath":{"path":"","propertyPath":"/SALES_AREA_VKORG","modelName":"NewYardModel"},"interaction":{"idSuffix":"inner"}},"clearTextFirst":true,"interactionType":"ENTER_TEXT"}]}
COMMAND: POST /session/bb295fd008a8bb8a1f479af6d4955b7d/execute/async - {"script":"<script> [1562 bytes]","args":[{"selector":{"controlType":"sap.m.Input","viewName":"etm.portal.ui.manageyards.view.New","viewId":"application-manageyards-display-component---NewYard","bindingPath":{"path":"","propertyPath":"/SALES_AREA_VTWEG","modelName":"NewYardModel"},"interaction":{"idSuffix":"inner"}},"wdio_ui5_key":"etmportal.ui.manageyards.view.Newsap.m.Input{\"path\":\"\",\"propertyPath\":\"/SALES_AREA_VTWEG\",\"modelName\":\"NewYardModel\"}"}]}
RESULT: {"script":"<script> [1562 bytes]","args":[{"selector":{"controlType":"sap.m.Input","viewName":"etm.portal.ui.manageyards.view.New","viewId":"application-manageyards-display-component---NewYard","bindingPath":{"path":"","propertyPath":"/SALES_AREA_VTWEG","modelName":"NewYardModel"},"interaction":{"idSuffix":"inner"}},"wdio_ui5_key":"etmportal.ui.manageyards.view.Newsap.m.Input{\"path\":\"\",\"propertyPath\":\"/SALES_AREA_VTWEG\",\"modelName\":\"NewYardModel\"}"}]}
RESULT: undefined
COMMAND: POST /session/bb295fd008a8bb8a1f479af6d4955b7d/execute/async - {"script":"<script> [776 bytes]","args":[{"enterText":"C2","selector":{"controlType":"sap.m.Input","viewName":"etm.portal.ui.manageyards.view.New","viewId":"application-manageyards-display-component---NewYard","bindingPath":{"path":"","propertyPath":"/SALES_AREA_VTWEG","modelName":"NewYardModel"},"interaction":{"idSuffix":"inner"}},"clearTextFirst":true,"interactionType":"ENTER_TEXT"}]}
RESULT: {"script":"<script> [776 bytes]","args":[{"enterText":"C2","selector":{"controlType":"sap.m.Input","viewName":"etm.portal.ui.manageyards.view.New","viewId":"application-manageyards-display-component---NewYard","bindingPath":{"path":"","propertyPath":"/SALES_AREA_VTWEG","modelName":"NewYardModel"},"interaction":{"idSuffix":"inner"}},"clearTextFirst":true,"interactionType":"ENTER_TEXT"}]}
COMMAND: POST /session/bb295fd008a8bb8a1f479af6d4955b7d/execute/async - {"script":"<script> [1562 bytes]","args":[{"selector":{"controlType":"sap.m.Input","viewName":"etm.portal.ui.manageyards.view.New","viewId":"application-manageyards-display-component---NewYard","bindingPath":{"path":"","propertyPath":"/SALES_AREA_SPART","modelName":"NewYardModel"},"interaction":{"idSuffix":"inner"}},"wdio_ui5_key":"etmportal.ui.manageyards.view.Newsap.m.Input{\"path\":\"\",\"propertyPath\":\"/SALES_AREA_SPART\",\"modelName\":\"NewYardModel\"}"}]}
RESULT: {"script":"<script> [1562 bytes]","args":[{"selector":{"controlType":"sap.m.Input","viewName":"etm.portal.ui.manageyards.view.New","viewId":"application-manageyards-display-component---NewYard","bindingPath":{"path":"","propertyPath":"/SALES_AREA_SPART","modelName":"NewYardModel"},"interaction":{"idSuffix":"inner"}},"wdio_ui5_key":"etmportal.ui.manageyards.view.Newsap.m.Input{\"path\":\"\",\"propertyPath\":\"/SALES_AREA_SPART\",\"modelName\":\"NewYardModel\"}"}]}
RESULT: undefined
COMMAND: POST /session/bb295fd008a8bb8a1f479af6d4955b7d/execute/async - {"script":"<script> [776 bytes]","args":[{"enterText":"C2","selector":{"controlType":"sap.m.Input","viewName":"etm.portal.ui.manageyards.view.New","viewId":"application-manageyards-display-component---NewYard","bindingPath":{"path":"","propertyPath":"/SALES_AREA_SPART","modelName":"NewYardModel"},"interaction":{"idSuffix":"inner"}},"clearTextFirst":true,"interactionType":"ENTER_TEXT"}]}
RESULT: {"script":"<script> [776 bytes]","args":[{"enterText":"C2","selector":{"controlType":"sap.m.Input","viewName":"etm.portal.ui.manageyards.view.New","viewId":"application-manageyards-display-component---NewYard","bindingPath":{"path":"","propertyPath":"/SALES_AREA_SPART","modelName":"NewYardModel"},"interaction":{"idSuffix":"inner"}},"clearTextFirst":true,"interactionType":"ENTER_TEXT"}]}
COMMAND: POST /session/bb295fd008a8bb8a1f479af6d4955b7d/execute/async - {"script":"<script> [1562 bytes]","args":[{"selector":{"controlType":"sap.m.Input","viewName":"etm.portal.ui.manageyards.view.New","viewId":"application-manageyards-display-component---NewYard","bindingPath":{"path":"","propertyPath":"/SHIP_POINT","modelName":"NewYardModel"},"interaction":{"idSuffix":"inner"}},"wdio_ui5_key":"etmportal.ui.manageyards.view.Newsap.m.Input{\"path\":\"\",\"propertyPath\":\"/SHIP_POINT\",\"modelName\":\"NewYardModel\"}"}]}
RESULT: {"script":"<script> [1562 bytes]","args":[{"selector":{"controlType":"sap.m.Input","viewName":"etm.portal.ui.manageyards.view.New","viewId":"application-manageyards-display-component---NewYard","bindingPath":{"path":"","propertyPath":"/SHIP_POINT","modelName":"NewYardModel"},"interaction":{"idSuffix":"inner"}},"wdio_ui5_key":"etmportal.ui.manageyards.view.Newsap.m.Input{\"path\":\"\",\"propertyPath\":\"/SHIP_POINT\",\"modelName\":\"NewYardModel\"}"}]}
RESULT: undefined
COMMAND: POST /session/bb295fd008a8bb8a1f479af6d4955b7d/execute/async - {"script":"<script> [776 bytes]","args":[{"enterText":"1710","selector":{"controlType":"sap.m.Input","viewName":"etm.portal.ui.manageyards.view.New","viewId":"application-manageyards-display-component---NewYard","bindingPath":{"path":"","propertyPath":"/SHIP_POINT","modelName":"NewYardModel"},"interaction":{"idSuffix":"inner"}},"clearTextFirst":true,"interactionType":"ENTER_TEXT"}]}
RESULT: {"script":"<script> [776 bytes]","args":[{"enterText":"1710","selector":{"controlType":"sap.m.Input","viewName":"etm.portal.ui.manageyards.view.New","viewId":"application-manageyards-display-component---NewYard","bindingPath":{"path":"","propertyPath":"/SHIP_POINT","modelName":"NewYardModel"},"interaction":{"idSuffix":"inner"}},"clearTextFirst":true,"interactionType":"ENTER_TEXT"}]}
COMMAND: POST /session/bb295fd008a8bb8a1f479af6d4955b7d/execute/async - {"script":"<script> [1562 bytes]","args":[{"selector":{"controlType":"sap.m.Input","viewName":"etm.portal.ui.manageyards.view.New","viewId":"application-manageyards-display-component---NewYard","bindingPath":{"path":"","propertyPath":"/DELIVERY_TYPE","modelName":"NewYardModel"},"interaction":{"idSuffix":"inner"}},"wdio_ui5_key":"etmportal.ui.manageyards.view.Newsap.m.Input{\"path\":\"\",\"propertyPath\":\"/DELIVERY_TYPE\",\"modelName\":\"NewYardModel\"}"}]}
RESULT: {"script":"<script> [1562 bytes]","args":[{"selector":{"controlType":"sap.m.Input","viewName":"etm.portal.ui.manageyards.view.New","viewId":"application-manageyards-display-component---NewYard","bindingPath":{"path":"","propertyPath":"/DELIVERY_TYPE","modelName":"NewYardModel"},"interaction":{"idSuffix":"inner"}},"wdio_ui5_key":"etmportal.ui.manageyards.view.Newsap.m.Input{\"path\":\"\",\"propertyPath\":\"/DELIVERY_TYPE\",\"modelName\":\"NewYardModel\"}"}]}
RESULT: undefined
COMMAND: POST /session/bb295fd008a8bb8a1f479af6d4955b7d/execute/async - {"script":"<script> [776 bytes]","args":[{"enterText":"ZL01","selector":{"controlType":"sap.m.Input","viewName":"etm.portal.ui.manageyards.view.New","viewId":"application-manageyards-display-component---NewYard","bindingPath":{"path":"","propertyPath":"/DELIVERY_TYPE","modelName":"NewYardModel"},"interaction":{"idSuffix":"inner"}},"clearTextFirst":true,"interactionType":"ENTER_TEXT"}]}
RESULT: {"script":"<script> [776 bytes]","args":[{"enterText":"ZL01","selector":{"controlType":"sap.m.Input","viewName":"etm.portal.ui.manageyards.view.New","viewId":"application-manageyards-display-component---NewYard","bindingPath":{"path":"","propertyPath":"/DELIVERY_TYPE","modelName":"NewYardModel"},"interaction":{"idSuffix":"inner"}},"clearTextFirst":true,"interactionType":"ENTER_TEXT"}]}
COMMAND: POST /session/bb295fd008a8bb8a1f479af6d4955b7d/execute/async - {"script":"<script> [1562 bytes]","args":[{"selector":{"controlType":"sap.m.Input","viewName":"etm.portal.ui.manageyards.view.New","viewId":"application-manageyards-display-component---NewYard","bindingPath":{"path":"","propertyPath":"/AUART","modelName":"NewYardModel"},"interaction":{"idSuffix":"inner"}},"wdio_ui5_key":"etmportal.ui.manageyards.view.Newsap.m.Input{\"path\":\"\",\"propertyPath\":\"/AUART\",\"modelName\":\"NewYardModel\"}"}]}
RESULT: {"script":"<script> [1562 bytes]","args":[{"selector":{"controlType":"sap.m.Input","viewName":"etm.portal.ui.manageyards.view.New","viewId":"application-manageyards-display-component---NewYard","bindingPath":{"path":"","propertyPath":"/AUART","modelName":"NewYardModel"},"interaction":{"idSuffix":"inner"}},"wdio_ui5_key":"etmportal.ui.manageyards.view.Newsap.m.Input{\"path\":\"\",\"propertyPath\":\"/AUART\",\"modelName\":\"NewYardModel\"}"}]}
RESULT: undefined
COMMAND: POST /session/bb295fd008a8bb8a1f479af6d4955b7d/execute/async - {"script":"<script> [776 bytes]","args":[{"enterText":"TA","selector":{"controlType":"sap.m.Input","viewName":"etm.portal.ui.manageyards.view.New","viewId":"application-manageyards-display-component---NewYard","bindingPath":{"path":"","propertyPath":"/AUART","modelName":"NewYardModel"},"interaction":{"idSuffix":"inner"}},"clearTextFirst":true,"interactionType":"ENTER_TEXT"}]}
RESULT: {"script":"<script> [776 bytes]","args":[{"enterText":"TA","selector":{"controlType":"sap.m.Input","viewName":"etm.portal.ui.manageyards.view.New","viewId":"application-manageyards-display-component---NewYard","bindingPath":{"path":"","propertyPath":"/AUART","modelName":"NewYardModel"},"interaction":{"idSuffix":"inner"}},"clearTextFirst":true,"interactionType":"ENTER_TEXT"}]}
COMMAND: POST /session/bb295fd008a8bb8a1f479af6d4955b7d/element - {"using":"xpath","value":"//button[@data-kt=\"newYardSaveButton\"]"}
RESULT: {"using":"xpath","value":"//button[@data-kt=\"newYardSaveButton\"]"}
COMMAND: POST /session/bb295fd008a8bb8a1f479af6d4955b7d/element/f.71C3769F7ED8E40170006504CCA8900A.d.85EB43290F8F7C07686697128041DE60.e.686/click - {}
RESULT: {}
COMMAND: GET /session/bb295fd008a8bb8a1f479af6d4955b7d/screenshot - {}
RESULT: {}
COMMAND: POST /session/bb295fd008a8bb8a1f479af6d4955b7d/element - {"using":"xpath","value":"//header[contains(@id, 'ObjectPageLayout-headerTitle')]/div[1]/div[2]/div[1]/span[1]"}
RESULT: {"using":"xpath","value":"//header[contains(@id, 'ObjectPageLayout-headerTitle')]/div[1]/div[2]/div[1]/span[1]"}
COMMAND: POST /session/bb295fd008a8bb8a1f479af6d4955b7d/elements - {"using":"xpath","value":"//header[contains(@id, 'ObjectPageLayout-headerTitle')]/div[1]/div[2]/div[1]/span[1]"}
RESULT: {"using":"xpath","value":"//header[contains(@id, 'ObjectPageLayout-headerTitle')]/div[1]/div[2]/div[1]/span[1]"}
COMMAND: POST /session/bb295fd008a8bb8a1f479af6d4955b7d/execute/sync - {"script":"<script> [56 bytes]","args":[{"element-6066-11e4-a52e-4f735466cecf":"f.71C3769F7ED8E40170006504CCA8900A.d.85EB43290F8F7C07686697128041DE60.e.1010","ELEMENT":"f.71C3769F7ED8E40170006504CCA8900A.d.85EB43290F8F7C07686697128041DE60.e.1010"}]}
RESULT: {"script":"<script> [56 bytes]","args":[{"element-6066-11e4-a52e-4f735466cecf":"f.71C3769F7ED8E40170006504CCA8900A.d.85EB43290F8F7C07686697128041DE60.e.1010","ELEMENT":"f.71C3769F7ED8E40170006504CCA8900A.d.85EB43290F8F7C07686697128041DE60.e.1010"}]}
COMMAND: GET /session/bb295fd008a8bb8a1f479af6d4955b7d/screenshot - {}
RESULT: {}
COMMAND: POST /session/bb295fd008a8bb8a1f479af6d4955b7d/element - {"using":"css selector","value":"#shell-header-logo"}
RESULT: {"using":"css selector","value":"#shell-header-logo"}
COMMAND: POST /session/bb295fd008a8bb8a1f479af6d4955b7d/element/f.71C3769F7ED8E40170006504CCA8900A.d.85EB43290F8F7C07686697128041DE60.e.254/click - {}
RESULT: {}
COMMAND: GET /session/bb295fd008a8bb8a1f479af6d4955b7d/screenshot - {}
RESULT: {}
COMMAND: POST /session/bb295fd008a8bb8a1f479af6d4955b7d/execute/sync - {"script":"<script> [299 bytes]","args":[["getModel","getResource"]]}
RESULT: {"script":"<script> [299 bytes]","args":[["getModel","getResource"]]}
COMMAND: GET /session/bb295fd008a8bb8a1f479af6d4955b7d/screenshot - {}
]]></system-out>
    </testcase>
    <testcase classname="chrome.135_0_7049_96.windows.Partner_specific_tests_US150819_US151080_US151654_US151176_US103444_US151078_US151079_US151109_US151174_US151175_US151189" name="Should create new external partner US150819" time="90.591">
      <system-out><![CDATA[
COMMAND: POST /session/bb295fd008a8bb8a1f479af6d4955b7d/element - {"using":"xpath","value":"//li[.//span[text()=\"Manage Partners\"]]"}
RESULT: {"using":"xpath","value":"//li[.//span[text()=\"Manage Partners\"]]"}
COMMAND: POST /session/bb295fd008a8bb8a1f479af6d4955b7d/element - {"using":"xpath","value":"//li[.//span[text()=\"Manage Partners\"]]"}
RESULT: {}
RESULT: {"using":"xpath","value":"//li[.//span[text()=\"Manage Partners\"]]"}
COMMAND: POST /session/bb295fd008a8bb8a1f479af6d4955b7d/element - {"using":"css selector","value":"#shell-header-logo"}
RESULT: {"using":"css selector","value":"#shell-header-logo"}
COMMAND: POST /session/bb295fd008a8bb8a1f479af6d4955b7d/element/f.71C3769F7ED8E40170006504CCA8900A.d.85EB43290F8F7C07686697128041DE60.e.1013/click - {}
COMMAND: POST /session/bb295fd008a8bb8a1f479af6d4955b7d/execute/sync - {"script":"<script> [8489 bytes]","args":[{"element-6066-11e4-a52e-4f735466cecf":"f.71C3769F7ED8E40170006504CCA8900A.d.85EB43290F8F7C07686697128041DE60.e.1013","ELEMENT":"f.71C3769F7ED8E40170006504CCA8900A.d.85EB43290F8F7C07686697128041DE60.e.1013"}]}
RESULT: {}
COMMAND: GET /session/bb295fd008a8bb8a1f479af6d4955b7d/screenshot - {}
RESULT: {"script":"<script> [8489 bytes]","args":[{"element-6066-11e4-a52e-4f735466cecf":"f.71C3769F7ED8E40170006504CCA8900A.d.85EB43290F8F7C07686697128041DE60.e.1013","ELEMENT":"f.71C3769F7ED8E40170006504CCA8900A.d.85EB43290F8F7C07686697128041DE60.e.1013"}]}
COMMAND: POST /session/bb295fd008a8bb8a1f479af6d4955b7d/execute/sync - {"script":"<script> [5351 bytes]","args":[{"element-6066-11e4-a52e-4f735466cecf":"f.71C3769F7ED8E40170006504CCA8900A.d.85EB43290F8F7C07686697128041DE60.e.1013","ELEMENT":"f.71C3769F7ED8E40170006504CCA8900A.d.85EB43290F8F7C07686697128041DE60.e.1013"}]}
COMMAND: GET /session/bb295fd008a8bb8a1f479af6d4955b7d/screenshot - {}
RESULT: {}
RESULT: {"script":"<script> [5351 bytes]","args":[{"element-6066-11e4-a52e-4f735466cecf":"f.71C3769F7ED8E40170006504CCA8900A.d.85EB43290F8F7C07686697128041DE60.e.1013","ELEMENT":"f.71C3769F7ED8E40170006504CCA8900A.d.85EB43290F8F7C07686697128041DE60.e.1013"}]}
COMMAND: GET /session/bb295fd008a8bb8a1f479af6d4955b7d/screenshot - {}
RESULT: {}
RESULT: {}
COMMAND: POST /session/bb295fd008a8bb8a1f479af6d4955b7d/window/fullscreen - {}
RESULT: {}
COMMAND: POST /session/bb295fd008a8bb8a1f479af6d4955b7d/execute/async - {"script":"<script> [1562 bytes]","args":[{"selector":{"controlType":"sap.m.GenericTile","properties":{"header":"Manage Partners"}},"wdio_ui5_key":"sapm.GenericTile{\"header\":\"Manage Partners\"}"}]}
RESULT: {"script":"<script> [1562 bytes]","args":[{"selector":{"controlType":"sap.m.GenericTile","properties":{"header":"Manage Partners"}},"wdio_ui5_key":"sapm.GenericTile{\"header\":\"Manage Partners\"}"}]}
RESULT: undefined
COMMAND: POST /session/bb295fd008a8bb8a1f479af6d4955b7d/element - {"using":"xpath","value":"//*[@id=\"__tile38\"]"}
RESULT: {"using":"xpath","value":"//*[@id=\"__tile38\"]"}
COMMAND: POST /session/bb295fd008a8bb8a1f479af6d4955b7d/element/f.71C3769F7ED8E40170006504CCA8900A.d.85EB43290F8F7C07686697128041DE60.e.150/click - {}
RESULT: {}
COMMAND: POST /session/bb295fd008a8bb8a1f479af6d4955b7d/element - {"using":"xpath","value":"//button[@data-kt=\"addButton\"]"}
COMMAND: GET /session/bb295fd008a8bb8a1f479af6d4955b7d/screenshot - {}
RESULT: {"using":"xpath","value":"//button[@data-kt=\"addButton\"]"}
COMMAND: POST /session/bb295fd008a8bb8a1f479af6d4955b7d/elements - {"using":"xpath","value":"//button[@data-kt=\"addButton\"]"}
RESULT: {}
RESULT: {"using":"xpath","value":"//button[@data-kt=\"addButton\"]"}
COMMAND: POST /session/bb295fd008a8bb8a1f479af6d4955b7d/elements - {"using":"xpath","value":"//button[@data-kt=\"addButton\"]"}
RESULT: {"using":"xpath","value":"//button[@data-kt=\"addButton\"]"}
COMMAND: POST /session/bb295fd008a8bb8a1f479af6d4955b7d/elements - {"using":"xpath","value":"//button[@data-kt=\"addButton\"]"}
RESULT: {"using":"xpath","value":"//button[@data-kt=\"addButton\"]"}
COMMAND: POST /session/bb295fd008a8bb8a1f479af6d4955b7d/elements - {"using":"xpath","value":"//button[@data-kt=\"addButton\"]"}
RESULT: {"using":"xpath","value":"//button[@data-kt=\"addButton\"]"}
COMMAND: POST /session/bb295fd008a8bb8a1f479af6d4955b7d/elements - {"using":"xpath","value":"//button[@data-kt=\"addButton\"]"}
RESULT: {"using":"xpath","value":"//button[@data-kt=\"addButton\"]"}
COMMAND: POST /session/bb295fd008a8bb8a1f479af6d4955b7d/elements - {"using":"xpath","value":"//button[@data-kt=\"addButton\"]"}
RESULT: {"using":"xpath","value":"//button[@data-kt=\"addButton\"]"}
COMMAND: POST /session/bb295fd008a8bb8a1f479af6d4955b7d/elements - {"using":"xpath","value":"//button[@data-kt=\"addButton\"]"}
RESULT: {"using":"xpath","value":"//button[@data-kt=\"addButton\"]"}
COMMAND: POST /session/bb295fd008a8bb8a1f479af6d4955b7d/elements - {"using":"xpath","value":"//button[@data-kt=\"addButton\"]"}
RESULT: {"using":"xpath","value":"//button[@data-kt=\"addButton\"]"}
COMMAND: POST /session/bb295fd008a8bb8a1f479af6d4955b7d/elements - {"using":"xpath","value":"//button[@data-kt=\"addButton\"]"}
RESULT: {"using":"xpath","value":"//button[@data-kt=\"addButton\"]"}
COMMAND: POST /session/bb295fd008a8bb8a1f479af6d4955b7d/elements - {"using":"xpath","value":"//button[@data-kt=\"addButton\"]"}
RESULT: {"using":"xpath","value":"//button[@data-kt=\"addButton\"]"}
COMMAND: POST /session/bb295fd008a8bb8a1f479af6d4955b7d/elements - {"using":"xpath","value":"//button[@data-kt=\"addButton\"]"}
RESULT: {"using":"xpath","value":"//button[@data-kt=\"addButton\"]"}
COMMAND: POST /session/bb295fd008a8bb8a1f479af6d4955b7d/elements - {"using":"xpath","value":"//button[@data-kt=\"addButton\"]"}
RESULT: {"using":"xpath","value":"//button[@data-kt=\"addButton\"]"}
COMMAND: POST /session/bb295fd008a8bb8a1f479af6d4955b7d/elements - {"using":"xpath","value":"//button[@data-kt=\"addButton\"]"}
RESULT: {"using":"xpath","value":"//button[@data-kt=\"addButton\"]"}
COMMAND: POST /session/bb295fd008a8bb8a1f479af6d4955b7d/elements - {"using":"xpath","value":"//button[@data-kt=\"addButton\"]"}
RESULT: {"using":"xpath","value":"//button[@data-kt=\"addButton\"]"}
COMMAND: POST /session/bb295fd008a8bb8a1f479af6d4955b7d/elements - {"using":"xpath","value":"//button[@data-kt=\"addButton\"]"}
RESULT: {"using":"xpath","value":"//button[@data-kt=\"addButton\"]"}
COMMAND: POST /session/bb295fd008a8bb8a1f479af6d4955b7d/element - {"using":"xpath","value":"//button[@data-kt=\"addButton\"]"}
RESULT: {"using":"xpath","value":"//button[@data-kt=\"addButton\"]"}
COMMAND: POST /session/bb295fd008a8bb8a1f479af6d4955b7d/execute/sync - {"script":"<script> [8489 bytes]","args":[{"element-6066-11e4-a52e-4f735466cecf":"f.71C3769F7ED8E40170006504CCA8900A.d.85EB43290F8F7C07686697128041DE60.e.1048","ELEMENT":"f.71C3769F7ED8E40170006504CCA8900A.d.85EB43290F8F7C07686697128041DE60.e.1048"}]}
RESULT: {"script":"<script> [8489 bytes]","args":[{"element-6066-11e4-a52e-4f735466cecf":"f.71C3769F7ED8E40170006504CCA8900A.d.85EB43290F8F7C07686697128041DE60.e.1048","ELEMENT":"f.71C3769F7ED8E40170006504CCA8900A.d.85EB43290F8F7C07686697128041DE60.e.1048"}]}
COMMAND: GET /session/bb295fd008a8bb8a1f479af6d4955b7d/element/f.71C3769F7ED8E40170006504CCA8900A.d.85EB43290F8F7C07686697128041DE60.e.1048/enabled - {}
COMMAND: GET /session/bb295fd008a8bb8a1f479af6d4955b7d/screenshot - {}
RESULT: {}
COMMAND: POST /session/bb295fd008a8bb8a1f479af6d4955b7d/execute/sync - {"script":"<script> [8489 bytes]","args":[{"element-6066-11e4-a52e-4f735466cecf":"f.71C3769F7ED8E40170006504CCA8900A.d.85EB43290F8F7C07686697128041DE60.e.1048","ELEMENT":"f.71C3769F7ED8E40170006504CCA8900A.d.85EB43290F8F7C07686697128041DE60.e.1048"}]}
COMMAND: GET /session/bb295fd008a8bb8a1f479af6d4955b7d/screenshot - {}
RESULT: {}
RESULT: {"script":"<script> [8489 bytes]","args":[{"element-6066-11e4-a52e-4f735466cecf":"f.71C3769F7ED8E40170006504CCA8900A.d.85EB43290F8F7C07686697128041DE60.e.1048","ELEMENT":"f.71C3769F7ED8E40170006504CCA8900A.d.85EB43290F8F7C07686697128041DE60.e.1048"}]}
COMMAND: POST /session/bb295fd008a8bb8a1f479af6d4955b7d/execute/sync - {"script":"<script> [5351 bytes]","args":[{"element-6066-11e4-a52e-4f735466cecf":"f.71C3769F7ED8E40170006504CCA8900A.d.85EB43290F8F7C07686697128041DE60.e.1048","ELEMENT":"f.71C3769F7ED8E40170006504CCA8900A.d.85EB43290F8F7C07686697128041DE60.e.1048"}]}
COMMAND: GET /session/bb295fd008a8bb8a1f479af6d4955b7d/screenshot - {}
RESULT: {}
RESULT: {"script":"<script> [5351 bytes]","args":[{"element-6066-11e4-a52e-4f735466cecf":"f.71C3769F7ED8E40170006504CCA8900A.d.85EB43290F8F7C07686697128041DE60.e.1048","ELEMENT":"f.71C3769F7ED8E40170006504CCA8900A.d.85EB43290F8F7C07686697128041DE60.e.1048"}]}
COMMAND: POST /session/bb295fd008a8bb8a1f479af6d4955b7d/element/f.71C3769F7ED8E40170006504CCA8900A.d.85EB43290F8F7C07686697128041DE60.e.1048/click - {}
COMMAND: GET /session/bb295fd008a8bb8a1f479af6d4955b7d/screenshot - {}
RESULT: {}
RESULT: {}
COMMAND: GET /session/bb295fd008a8bb8a1f479af6d4955b7d/screenshot - {}
COMMAND: POST /session/bb295fd008a8bb8a1f479af6d4955b7d/execute/async - {"script":"<script> [1562 bytes]","args":[{"selector":{"id":"application-managepartners-display-component---NewPartner--addressDetailDetailsName1","interaction":{"idSuffix":"inner"}},"wdio_ui5_key":"applicationmanagepartners-display-component---NewPartner--addressDetailDetailsName1"}]}
RESULT: {}
RESULT: {}
RESULT: {"script":"<script> [1562 bytes]","args":[{"selector":{"id":"application-managepartners-display-component---NewPartner--addressDetailDetailsName1","interaction":{"idSuffix":"inner"}},"wdio_ui5_key":"applicationmanagepartners-display-component---NewPartner--addressDetailDetailsName1"}]}
RESULT: undefined
COMMAND: POST /session/bb295fd008a8bb8a1f479af6d4955b7d/execute/async - {"script":"<script> [776 bytes]","args":[{"enterText":"External Partner WDIO","selector":{"id":"application-managepartners-display-component---NewPartner--addressDetailDetailsName1","interaction":{"idSuffix":"inner"}},"clearTextFirst":true,"interactionType":"ENTER_TEXT"}]}
RESULT: {"script":"<script> [776 bytes]","args":[{"enterText":"External Partner WDIO","selector":{"id":"application-managepartners-display-component---NewPartner--addressDetailDetailsName1","interaction":{"idSuffix":"inner"}},"clearTextFirst":true,"interactionType":"ENTER_TEXT"}]}
COMMAND: POST /session/bb295fd008a8bb8a1f479af6d4955b7d/execute/async - {"script":"<script> [1562 bytes]","args":[{"selector":{"id":"application-managepartners-display-component---NewPartner--addressDetailDetailsLanguage-arrow"},"wdio_ui5_key":"applicationmanagepartners-display-component---NewPartner--addressDetailDetailsLanguage-arrow"}]}
RESULT: {"script":"<script> [1562 bytes]","args":[{"selector":{"id":"application-managepartners-display-component---NewPartner--addressDetailDetailsLanguage-arrow"},"wdio_ui5_key":"applicationmanagepartners-display-component---NewPartner--addressDetailDetailsLanguage-arrow"}]}
RESULT: undefined
COMMAND: POST /session/bb295fd008a8bb8a1f479af6d4955b7d/element - {"using":"xpath","value":"//*[@id=\"application-managepartners-display-component---NewPartner--addressDetailDetailsLanguage-arrow\"]"}
RESULT: {"using":"xpath","value":"//*[@id=\"application-managepartners-display-component---NewPartner--addressDetailDetailsLanguage-arrow\"]"}
COMMAND: POST /session/bb295fd008a8bb8a1f479af6d4955b7d/element/f.71C3769F7ED8E40170006504CCA8900A.d.85EB43290F8F7C07686697128041DE60.e.1504/click - {}
RESULT: {}
COMMAND: POST /session/bb295fd008a8bb8a1f479af6d4955b7d/element - {"using":"xpath","value":"//span[contains(text(), \"English\")]"}
COMMAND: GET /session/bb295fd008a8bb8a1f479af6d4955b7d/screenshot - {}
RESULT: {"using":"xpath","value":"//span[contains(text(), \"English\")]"}
COMMAND: POST /session/bb295fd008a8bb8a1f479af6d4955b7d/element/f.71C3769F7ED8E40170006504CCA8900A.d.85EB43290F8F7C07686697128041DE60.e.1505/click - {}
RESULT: {}
RESULT: {}
COMMAND: GET /session/bb295fd008a8bb8a1f479af6d4955b7d/screenshot - {}
RESULT: {}
COMMAND: POST /session/bb295fd008a8bb8a1f479af6d4955b7d/execute/async - {"script":"<script> [1562 bytes]","args":[{"selector":{"id":"application-managepartners-display-component---NewPartner--addressDetailDetailsCity1","interaction":{"idSuffix":"inner"}},"wdio_ui5_key":"applicationmanagepartners-display-component---NewPartner--addressDetailDetailsCity1"}]}
RESULT: {"script":"<script> [1562 bytes]","args":[{"selector":{"id":"application-managepartners-display-component---NewPartner--addressDetailDetailsCity1","interaction":{"idSuffix":"inner"}},"wdio_ui5_key":"applicationmanagepartners-display-component---NewPartner--addressDetailDetailsCity1"}]}
RESULT: undefined
COMMAND: POST /session/bb295fd008a8bb8a1f479af6d4955b7d/execute/async - {"script":"<script> [776 bytes]","args":[{"enterText":"Rosario","selector":{"id":"application-managepartners-display-component---NewPartner--addressDetailDetailsCity1","interaction":{"idSuffix":"inner"}},"clearTextFirst":true,"interactionType":"ENTER_TEXT"}]}
RESULT: {"script":"<script> [776 bytes]","args":[{"enterText":"Rosario","selector":{"id":"application-managepartners-display-component---NewPartner--addressDetailDetailsCity1","interaction":{"idSuffix":"inner"}},"clearTextFirst":true,"interactionType":"ENTER_TEXT"}]}
COMMAND: POST /session/bb295fd008a8bb8a1f479af6d4955b7d/execute/async - {"script":"<script> [1562 bytes]","args":[{"selector":{"id":"application-managepartners-display-component---NewPartner--addressDetailDetailsCountry-arrow"},"wdio_ui5_key":"applicationmanagepartners-display-component---NewPartner--addressDetailDetailsCountry-arrow"}]}
RESULT: {"script":"<script> [1562 bytes]","args":[{"selector":{"id":"application-managepartners-display-component---NewPartner--addressDetailDetailsCountry-arrow"},"wdio_ui5_key":"applicationmanagepartners-display-component---NewPartner--addressDetailDetailsCountry-arrow"}]}
RESULT: undefined
COMMAND: POST /session/bb295fd008a8bb8a1f479af6d4955b7d/element - {"using":"xpath","value":"//*[@id=\"application-managepartners-display-component---NewPartner--addressDetailDetailsCountry-arrow\"]"}
RESULT: {"using":"xpath","value":"//*[@id=\"application-managepartners-display-component---NewPartner--addressDetailDetailsCountry-arrow\"]"}
COMMAND: POST /session/bb295fd008a8bb8a1f479af6d4955b7d/element/f.71C3769F7ED8E40170006504CCA8900A.d.85EB43290F8F7C07686697128041DE60.e.1472/click - {}
RESULT: {}
COMMAND: POST /session/bb295fd008a8bb8a1f479af6d4955b7d/element - {"using":"xpath","value":"//span[contains(text(), \"Argentina\")]"}
COMMAND: GET /session/bb295fd008a8bb8a1f479af6d4955b7d/screenshot - {}
RESULT: {"using":"xpath","value":"//span[contains(text(), \"Argentina\")]"}
COMMAND: POST /session/bb295fd008a8bb8a1f479af6d4955b7d/element/f.71C3769F7ED8E40170006504CCA8900A.d.85EB43290F8F7C07686697128041DE60.e.1507/click - {}
RESULT: {}
RESULT: {}
COMMAND: GET /session/bb295fd008a8bb8a1f479af6d4955b7d/screenshot - {}
RESULT: {}
COMMAND: POST /session/bb295fd008a8bb8a1f479af6d4955b7d/element - {"using":"xpath","value":"//bdi[contains(text(), \"Commercial\")]"}
RESULT: {"using":"xpath","value":"//bdi[contains(text(), \"Commercial\")]"}
COMMAND: POST /session/bb295fd008a8bb8a1f479af6d4955b7d/element/f.71C3769F7ED8E40170006504CCA8900A.d.85EB43290F8F7C07686697128041DE60.e.1508/click - {}
RESULT: {}
COMMAND: GET /session/bb295fd008a8bb8a1f479af6d4955b7d/screenshot - {}
RESULT: {}
COMMAND: POST /session/bb295fd008a8bb8a1f479af6d4955b7d/execute/async - {"script":"<script> [1562 bytes]","args":[{"selector":{"id":"application-managepartners-display-component---NewPartner--partnerDetailInternal-arrow"},"wdio_ui5_key":"applicationmanagepartners-display-component---NewPartner--partnerDetailInternal-arrow"}]}
RESULT: {"script":"<script> [1562 bytes]","args":[{"selector":{"id":"application-managepartners-display-component---NewPartner--partnerDetailInternal-arrow"},"wdio_ui5_key":"applicationmanagepartners-display-component---NewPartner--partnerDetailInternal-arrow"}]}
RESULT: undefined
COMMAND: POST /session/bb295fd008a8bb8a1f479af6d4955b7d/element - {"using":"xpath","value":"//*[@id=\"application-managepartners-display-component---NewPartner--partnerDetailInternal-arrow\"]"}
RESULT: {"using":"xpath","value":"//*[@id=\"application-managepartners-display-component---NewPartner--partnerDetailInternal-arrow\"]"}
COMMAND: POST /session/bb295fd008a8bb8a1f479af6d4955b7d/element/f.71C3769F7ED8E40170006504CCA8900A.d.85EB43290F8F7C07686697128041DE60.e.1516/click - {}
RESULT: {}
COMMAND: POST /session/bb295fd008a8bb8a1f479af6d4955b7d/element - {"using":"xpath","value":"//span[contains(text(), \"External partner\")]"}
COMMAND: GET /session/bb295fd008a8bb8a1f479af6d4955b7d/screenshot - {}
RESULT: {"using":"xpath","value":"//span[contains(text(), \"External partner\")]"}
COMMAND: POST /session/bb295fd008a8bb8a1f479af6d4955b7d/element/f.71C3769F7ED8E40170006504CCA8900A.d.85EB43290F8F7C07686697128041DE60.e.1517/click - {}
RESULT: {}
RESULT: {}
COMMAND: POST /session/bb295fd008a8bb8a1f479af6d4955b7d/execute/async - {"script":"<script> [1562 bytes]","args":[{"selector":{"id":"application-managepartners-display-component---NewPartner--partnerDetailsCurrency-arrow"},"wdio_ui5_key":"applicationmanagepartners-display-component---NewPartner--partnerDetailsCurrency-arrow"}]}
COMMAND: GET /session/bb295fd008a8bb8a1f479af6d4955b7d/screenshot - {}
RESULT: {"script":"<script> [1562 bytes]","args":[{"selector":{"id":"application-managepartners-display-component---NewPartner--partnerDetailsCurrency-arrow"},"wdio_ui5_key":"applicationmanagepartners-display-component---NewPartner--partnerDetailsCurrency-arrow"}]}
RESULT: undefined
COMMAND: POST /session/bb295fd008a8bb8a1f479af6d4955b7d/element - {"using":"xpath","value":"//*[@id=\"application-managepartners-display-component---NewPartner--partnerDetailsCurrency-arrow\"]"}
RESULT: {}
RESULT: {"using":"xpath","value":"//*[@id=\"application-managepartners-display-component---NewPartner--partnerDetailsCurrency-arrow\"]"}
COMMAND: POST /session/bb295fd008a8bb8a1f479af6d4955b7d/element/f.71C3769F7ED8E40170006504CCA8900A.d.85EB43290F8F7C07686697128041DE60.e.1522/click - {}
RESULT: {}
COMMAND: POST /session/bb295fd008a8bb8a1f479af6d4955b7d/element - {"using":"xpath","value":"//span[contains(text(), \"US Dollar\")]"}
COMMAND: GET /session/bb295fd008a8bb8a1f479af6d4955b7d/screenshot - {}
RESULT: {"using":"xpath","value":"//span[contains(text(), \"US Dollar\")]"}
COMMAND: POST /session/bb295fd008a8bb8a1f479af6d4955b7d/element/f.71C3769F7ED8E40170006504CCA8900A.d.85EB43290F8F7C07686697128041DE60.e.1523/click - {}
RESULT: {}
RESULT: {}
COMMAND: GET /session/bb295fd008a8bb8a1f479af6d4955b7d/screenshot - {}
RESULT: {}
COMMAND: POST /session/bb295fd008a8bb8a1f479af6d4955b7d/element - {"using":"xpath","value":"//input[@id=\"application-managepartners-display-component---NewPartner--companyCodeComboBox-inner\"]"}
RESULT: {"using":"xpath","value":"//input[@id=\"application-managepartners-display-component---NewPartner--companyCodeComboBox-inner\"]"}
COMMAND: POST /session/bb295fd008a8bb8a1f479af6d4955b7d/element/f.71C3769F7ED8E40170006504CCA8900A.d.85EB43290F8F7C07686697128041DE60.e.1359/clear - {}
RESULT: {}
COMMAND: POST /session/bb295fd008a8bb8a1f479af6d4955b7d/element/f.71C3769F7ED8E40170006504CCA8900A.d.85EB43290F8F7C07686697128041DE60.e.1359/value - {"text":"C002"}
COMMAND: GET /session/bb295fd008a8bb8a1f479af6d4955b7d/screenshot - {}
RESULT: {"text":"C002"}
COMMAND: GET /session/bb295fd008a8bb8a1f479af6d4955b7d/screenshot - {}
RESULT: {}
RESULT: {}
COMMAND: POST /session/bb295fd008a8bb8a1f479af6d4955b7d/element - {"using":"xpath","value":"//span[contains(text(), \"C002\")]"}
RESULT: {"using":"xpath","value":"//span[contains(text(), \"C002\")]"}
COMMAND: POST /session/bb295fd008a8bb8a1f479af6d4955b7d/element/f.71C3769F7ED8E40170006504CCA8900A.d.85EB43290F8F7C07686697128041DE60.e.1527/click - {}
RESULT: {}
COMMAND: GET /session/bb295fd008a8bb8a1f479af6d4955b7d/screenshot - {}
RESULT: {}
COMMAND: POST /session/bb295fd008a8bb8a1f479af6d4955b7d/execute/async - {"script":"<script> [1562 bytes]","args":[{"selector":{"id":"application-managepartners-display-component---NewPartner--btnAddTableRow-img"},"wdio_ui5_key":"applicationmanagepartners-display-component---NewPartner--btnAddTableRow-img"}]}
RESULT: {"script":"<script> [1562 bytes]","args":[{"selector":{"id":"application-managepartners-display-component---NewPartner--btnAddTableRow-img"},"wdio_ui5_key":"applicationmanagepartners-display-component---NewPartner--btnAddTableRow-img"}]}
RESULT: undefined
COMMAND: POST /session/bb295fd008a8bb8a1f479af6d4955b7d/element - {"using":"xpath","value":"//*[@id=\"application-managepartners-display-component---NewPartner--btnAddTableRow-img\"]"}
RESULT: {"using":"xpath","value":"//*[@id=\"application-managepartners-display-component---NewPartner--btnAddTableRow-img\"]"}
COMMAND: POST /session/bb295fd008a8bb8a1f479af6d4955b7d/element/f.71C3769F7ED8E40170006504CCA8900A.d.85EB43290F8F7C07686697128041DE60.e.1528/click - {}
RESULT: {}
COMMAND: GET /session/bb295fd008a8bb8a1f479af6d4955b7d/screenshot - {}
RESULT: {}
COMMAND: POST /session/bb295fd008a8bb8a1f479af6d4955b7d/element - {"using":"xpath","value":"//input[@id=\"application-managepartners-display-component---NewPartner--assignmentYard-application-managepartners-display-component---NewPartner--assignmentsTable-0-inner\"]"}
RESULT: {"using":"xpath","value":"//input[@id=\"application-managepartners-display-component---NewPartner--assignmentYard-application-managepartners-display-component---NewPartner--assignmentsTable-0-inner\"]"}
COMMAND: POST /session/bb295fd008a8bb8a1f479af6d4955b7d/element/f.71C3769F7ED8E40170006504CCA8900A.d.85EB43290F8F7C07686697128041DE60.e.1531/clear - {}
RESULT: {}
COMMAND: POST /session/bb295fd008a8bb8a1f479af6d4955b7d/element/f.71C3769F7ED8E40170006504CCA8900A.d.85EB43290F8F7C07686697128041DE60.e.1531/value - {"text":"296"}
COMMAND: GET /session/bb295fd008a8bb8a1f479af6d4955b7d/screenshot - {}
RESULT: {"text":"296"}
COMMAND: GET /session/bb295fd008a8bb8a1f479af6d4955b7d/screenshot - {}
RESULT: {}
RESULT: {}
COMMAND: POST /session/bb295fd008a8bb8a1f479af6d4955b7d/element - {"using":"xpath","value":"//li[.//span[text()='296']]"}
RESULT: {"using":"xpath","value":"//li[.//span[text()='296']]"}
COMMAND: POST /session/bb295fd008a8bb8a1f479af6d4955b7d/element/f.71C3769F7ED8E40170006504CCA8900A.d.85EB43290F8F7C07686697128041DE60.e.1538/click - {}
RESULT: {}
COMMAND: GET /session/bb295fd008a8bb8a1f479af6d4955b7d/screenshot - {}
RESULT: {}
COMMAND: POST /session/bb295fd008a8bb8a1f479af6d4955b7d/actions - {"actions":[{"id":"action2","type":"key","parameters":{},"actions":[{"type":"keyDown","value":"î€‡"},{"type":"pause","duration":10},{"type":"keyUp","value":"î€‡"}]}]}
RESULT: {"actions":[{"id":"action2","type":"key","parameters":{},"actions":[{"type":"keyDown","value":"î€‡"},{"type":"pause","duration":10},{"type":"keyUp","value":"î€‡"}]}]}
COMMAND: POST /session/bb295fd008a8bb8a1f479af6d4955b7d/element - {"using":"xpath","value":"//td[contains(@id, \"assignmentsTable-0-cell2\")]/div/div"}
COMMAND: GET /session/bb295fd008a8bb8a1f479af6d4955b7d/screenshot - {}
RESULT: {"using":"xpath","value":"//td[contains(@id, \"assignmentsTable-0-cell2\")]/div/div"}
COMMAND: POST /session/bb295fd008a8bb8a1f479af6d4955b7d/element/f.71C3769F7ED8E40170006504CCA8900A.d.85EB43290F8F7C07686697128041DE60.e.1541/click - {}
RESULT: {}
RESULT: {}
COMMAND: GET /session/bb295fd008a8bb8a1f479af6d4955b7d/screenshot - {}
RESULT: {}
COMMAND: POST /session/bb295fd008a8bb8a1f479af6d4955b7d/element - {"using":"xpath","value":"//button[@data-kt=\"saveButton\"]"}
RESULT: {"using":"xpath","value":"//button[@data-kt=\"saveButton\"]"}
COMMAND: POST /session/bb295fd008a8bb8a1f479af6d4955b7d/element/f.71C3769F7ED8E40170006504CCA8900A.d.85EB43290F8F7C07686697128041DE60.e.1468/click - {}
RESULT: {}
COMMAND: GET /session/bb295fd008a8bb8a1f479af6d4955b7d/screenshot - {}
RESULT: {}
COMMAND: POST /session/bb295fd008a8bb8a1f479af6d4955b7d/element - {"using":"xpath","value":"//header[contains(@id, 'ObjectPageLayout-headerTitle')]/div[1]/div[2]/div[2]/span[1]"}
RESULT: {"using":"xpath","value":"//header[contains(@id, 'ObjectPageLayout-headerTitle')]/div[1]/div[2]/div[2]/span[1]"}
COMMAND: POST /session/bb295fd008a8bb8a1f479af6d4955b7d/elements - {"using":"xpath","value":"//header[contains(@id, 'ObjectPageLayout-headerTitle')]/div[1]/div[2]/div[2]/span[1]"}
RESULT: {"using":"xpath","value":"//header[contains(@id, 'ObjectPageLayout-headerTitle')]/div[1]/div[2]/div[2]/span[1]"}
COMMAND: POST /session/bb295fd008a8bb8a1f479af6d4955b7d/execute/sync - {"script":"<script> [56 bytes]","args":[{"element-6066-11e4-a52e-4f735466cecf":"f.71C3769F7ED8E40170006504CCA8900A.d.85EB43290F8F7C07686697128041DE60.e.1702","ELEMENT":"f.71C3769F7ED8E40170006504CCA8900A.d.85EB43290F8F7C07686697128041DE60.e.1702"}]}
RESULT: {"script":"<script> [56 bytes]","args":[{"element-6066-11e4-a52e-4f735466cecf":"f.71C3769F7ED8E40170006504CCA8900A.d.85EB43290F8F7C07686697128041DE60.e.1702","ELEMENT":"f.71C3769F7ED8E40170006504CCA8900A.d.85EB43290F8F7C07686697128041DE60.e.1702"}]}
COMMAND: POST /session/bb295fd008a8bb8a1f479af6d4955b7d/element - {"using":"css selector","value":"#shell-header-logo"}
COMMAND: GET /session/bb295fd008a8bb8a1f479af6d4955b7d/screenshot - {}
RESULT: {"using":"css selector","value":"#shell-header-logo"}
COMMAND: POST /session/bb295fd008a8bb8a1f479af6d4955b7d/element/f.71C3769F7ED8E40170006504CCA8900A.d.85EB43290F8F7C07686697128041DE60.e.1013/click - {}
RESULT: {}
RESULT: {}
COMMAND: GET /session/bb295fd008a8bb8a1f479af6d4955b7d/screenshot - {}
RESULT: {}
COMMAND: POST /session/bb295fd008a8bb8a1f479af6d4955b7d/execute/sync - {"script":"<script> [299 bytes]","args":[["getModel","getResource"]]}
RESULT: {"script":"<script> [299 bytes]","args":[["getModel","getResource"]]}
]]></system-out>
    </testcase>
    <testcase classname="chrome.135_0_7049_96.windows.Partner_specific_tests_US150819_US151080_US151654_US151176_US103444_US151078_US151079_US151109_US151174_US151175_US151189" name="Should filter and search partners US151080" time="86.35">
      <system-out><![CDATA[
COMMAND: POST /session/bb295fd008a8bb8a1f479af6d4955b7d/element - {"using":"xpath","value":"//li[.//span[text()=\"Manage Partners\"]]"}
COMMAND: GET /session/bb295fd008a8bb8a1f479af6d4955b7d/screenshot - {}
RESULT: {"using":"xpath","value":"//li[.//span[text()=\"Manage Partners\"]]"}
COMMAND: POST /session/bb295fd008a8bb8a1f479af6d4955b7d/element - {"using":"xpath","value":"//li[.//span[text()=\"Manage Partners\"]]"}
RESULT: {}
RESULT: {"using":"xpath","value":"//li[.//span[text()=\"Manage Partners\"]]"}
COMMAND: POST /session/bb295fd008a8bb8a1f479af6d4955b7d/element - {"using":"css selector","value":"#shell-header-logo"}
RESULT: {"using":"css selector","value":"#shell-header-logo"}
COMMAND: POST /session/bb295fd008a8bb8a1f479af6d4955b7d/element/f.71C3769F7ED8E40170006504CCA8900A.d.85EB43290F8F7C07686697128041DE60.e.1704/click - {}
COMMAND: POST /session/bb295fd008a8bb8a1f479af6d4955b7d/execute/sync - {"script":"<script> [8489 bytes]","args":[{"element-6066-11e4-a52e-4f735466cecf":"f.71C3769F7ED8E40170006504CCA8900A.d.85EB43290F8F7C07686697128041DE60.e.1704","ELEMENT":"f.71C3769F7ED8E40170006504CCA8900A.d.85EB43290F8F7C07686697128041DE60.e.1704"}]}
RESULT: {"script":"<script> [8489 bytes]","args":[{"element-6066-11e4-a52e-4f735466cecf":"f.71C3769F7ED8E40170006504CCA8900A.d.85EB43290F8F7C07686697128041DE60.e.1704","ELEMENT":"f.71C3769F7ED8E40170006504CCA8900A.d.85EB43290F8F7C07686697128041DE60.e.1704"}]}
COMMAND: POST /session/bb295fd008a8bb8a1f479af6d4955b7d/execute/sync - {"script":"<script> [5351 bytes]","args":[{"element-6066-11e4-a52e-4f735466cecf":"f.71C3769F7ED8E40170006504CCA8900A.d.85EB43290F8F7C07686697128041DE60.e.1704","ELEMENT":"f.71C3769F7ED8E40170006504CCA8900A.d.85EB43290F8F7C07686697128041DE60.e.1704"}]}
COMMAND: GET /session/bb295fd008a8bb8a1f479af6d4955b7d/screenshot - {}
RESULT: {}
COMMAND: GET /session/bb295fd008a8bb8a1f479af6d4955b7d/screenshot - {}
RESULT: {"script":"<script> [5351 bytes]","args":[{"element-6066-11e4-a52e-4f735466cecf":"f.71C3769F7ED8E40170006504CCA8900A.d.85EB43290F8F7C07686697128041DE60.e.1704","ELEMENT":"f.71C3769F7ED8E40170006504CCA8900A.d.85EB43290F8F7C07686697128041DE60.e.1704"}]}
COMMAND: GET /session/bb295fd008a8bb8a1f479af6d4955b7d/screenshot - {}
RESULT: {}
RESULT: {}
RESULT: {}
RESULT: undefined
COMMAND: POST /session/bb295fd008a8bb8a1f479af6d4955b7d/element - {"using":"xpath","value":"//*[@id=\"__tile38\"]"}
RESULT: {"using":"xpath","value":"//*[@id=\"__tile38\"]"}
COMMAND: POST /session/bb295fd008a8bb8a1f479af6d4955b7d/element/f.71C3769F7ED8E40170006504CCA8900A.d.85EB43290F8F7C07686697128041DE60.e.150/click - {}
RESULT: {}
COMMAND: POST /session/bb295fd008a8bb8a1f479af6d4955b7d/element - {"using":"xpath","value":"//button[@data-kt=\"addButton\"]"}
COMMAND: GET /session/bb295fd008a8bb8a1f479af6d4955b7d/screenshot - {}
RESULT: {"using":"xpath","value":"//button[@data-kt=\"addButton\"]"}
COMMAND: POST /session/bb295fd008a8bb8a1f479af6d4955b7d/elements - {"using":"xpath","value":"//button[@data-kt=\"addButton\"]"}
RESULT: {}
RESULT: {"using":"xpath","value":"//button[@data-kt=\"addButton\"]"}
COMMAND: POST /session/bb295fd008a8bb8a1f479af6d4955b7d/elements - {"using":"xpath","value":"//button[@data-kt=\"addButton\"]"}
RESULT: {"using":"xpath","value":"//button[@data-kt=\"addButton\"]"}
COMMAND: POST /session/bb295fd008a8bb8a1f479af6d4955b7d/elements - {"using":"xpath","value":"//button[@data-kt=\"addButton\"]"}
RESULT: {"using":"xpath","value":"//button[@data-kt=\"addButton\"]"}
COMMAND: POST /session/bb295fd008a8bb8a1f479af6d4955b7d/element - {"using":"xpath","value":"//button[@data-kt=\"addButton\"]"}
RESULT: {"using":"xpath","value":"//button[@data-kt=\"addButton\"]"}
COMMAND: POST /session/bb295fd008a8bb8a1f479af6d4955b7d/execute/sync - {"script":"<script> [8489 bytes]","args":[{"element-6066-11e4-a52e-4f735466cecf":"f.71C3769F7ED8E40170006504CCA8900A.d.85EB43290F8F7C07686697128041DE60.e.1738","ELEMENT":"f.71C3769F7ED8E40170006504CCA8900A.d.85EB43290F8F7C07686697128041DE60.e.1738"}]}
RESULT: {"script":"<script> [8489 bytes]","args":[{"element-6066-11e4-a52e-4f735466cecf":"f.71C3769F7ED8E40170006504CCA8900A.d.85EB43290F8F7C07686697128041DE60.e.1738","ELEMENT":"f.71C3769F7ED8E40170006504CCA8900A.d.85EB43290F8F7C07686697128041DE60.e.1738"}]}
COMMAND: GET /session/bb295fd008a8bb8a1f479af6d4955b7d/element/f.71C3769F7ED8E40170006504CCA8900A.d.85EB43290F8F7C07686697128041DE60.e.1738/enabled - {}
COMMAND: GET /session/bb295fd008a8bb8a1f479af6d4955b7d/screenshot - {}
RESULT: {}
RESULT: {}
COMMAND: POST /session/bb295fd008a8bb8a1f479af6d4955b7d/execute/sync - {"script":"<script> [8489 bytes]","args":[{"element-6066-11e4-a52e-4f735466cecf":"f.71C3769F7ED8E40170006504CCA8900A.d.85EB43290F8F7C07686697128041DE60.e.1738","ELEMENT":"f.71C3769F7ED8E40170006504CCA8900A.d.85EB43290F8F7C07686697128041DE60.e.1738"}]}
COMMAND: GET /session/bb295fd008a8bb8a1f479af6d4955b7d/screenshot - {}
RESULT: {"script":"<script> [8489 bytes]","args":[{"element-6066-11e4-a52e-4f735466cecf":"f.71C3769F7ED8E40170006504CCA8900A.d.85EB43290F8F7C07686697128041DE60.e.1738","ELEMENT":"f.71C3769F7ED8E40170006504CCA8900A.d.85EB43290F8F7C07686697128041DE60.e.1738"}]}
COMMAND: POST /session/bb295fd008a8bb8a1f479af6d4955b7d/execute/sync - {"script":"<script> [5351 bytes]","args":[{"element-6066-11e4-a52e-4f735466cecf":"f.71C3769F7ED8E40170006504CCA8900A.d.85EB43290F8F7C07686697128041DE60.e.1738","ELEMENT":"f.71C3769F7ED8E40170006504CCA8900A.d.85EB43290F8F7C07686697128041DE60.e.1738"}]}
COMMAND: GET /session/bb295fd008a8bb8a1f479af6d4955b7d/screenshot - {}
RESULT: {}
RESULT: {"script":"<script> [5351 bytes]","args":[{"element-6066-11e4-a52e-4f735466cecf":"f.71C3769F7ED8E40170006504CCA8900A.d.85EB43290F8F7C07686697128041DE60.e.1738","ELEMENT":"f.71C3769F7ED8E40170006504CCA8900A.d.85EB43290F8F7C07686697128041DE60.e.1738"}]}
COMMAND: GET /session/bb295fd008a8bb8a1f479af6d4955b7d/screenshot - {}
RESULT: {}
RESULT: {}
COMMAND: POST /session/bb295fd008a8bb8a1f479af6d4955b7d/execute/async - {"script":"<script> [1562 bytes]","args":[{"selector":{"id":"application-managepartners-display-component---masterPtm--smartTable-btnPersonalisation-img"},"wdio_ui5_key":"applicationmanagepartners-display-component---masterPtm--smartTable-btnPersonalisation-img"}]}
RESULT: {"script":"<script> [1562 bytes]","args":[{"selector":{"id":"application-managepartners-display-component---masterPtm--smartTable-btnPersonalisation-img"},"wdio_ui5_key":"applicationmanagepartners-display-component---masterPtm--smartTable-btnPersonalisation-img"}]}
RESULT: undefined
COMMAND: POST /session/bb295fd008a8bb8a1f479af6d4955b7d/element - {"using":"xpath","value":"//*[@id=\"application-managepartners-display-component---masterPtm--smartTable-btnPersonalisation-img\"]"}
RESULT: {"using":"xpath","value":"//*[@id=\"application-managepartners-display-component---masterPtm--smartTable-btnPersonalisation-img\"]"}
COMMAND: POST /session/bb295fd008a8bb8a1f479af6d4955b7d/element/f.71C3769F7ED8E40170006504CCA8900A.d.85EB43290F8F7C07686697128041DE60.e.1754/click - {}
RESULT: {}
COMMAND: GET /session/bb295fd008a8bb8a1f479af6d4955b7d/screenshot - {}
RESULT: {}
COMMAND: POST /session/bb295fd008a8bb8a1f479af6d4955b7d/execute/async - {"script":"<script> [1562 bytes]","args":[{"selector":{"controlType":"sap.m.IconTabFilter","viewName":"etm.portal.ui.managepartners.view.Master","viewId":"application-managepartners-display-component---masterPtm","properties":{"text":"Sort"},"searchOpenDialogs":true,"interaction":{"idSuffix":"text"}},"wdio_ui5_key":"etmportal.ui.managepartners.view.Mastersap.m.IconTabFilter{\"text\":\"Sort\"}"}]}
RESULT: {"script":"<script> [1562 bytes]","args":[{"selector":{"controlType":"sap.m.IconTabFilter","viewName":"etm.portal.ui.managepartners.view.Master","viewId":"application-managepartners-display-component---masterPtm","properties":{"text":"Sort"},"searchOpenDialogs":true,"interaction":{"idSuffix":"text"}},"wdio_ui5_key":"etmportal.ui.managepartners.view.Mastersap.m.IconTabFilter{\"text\":\"Sort\"}"}]}
RESULT: undefined
COMMAND: POST /session/bb295fd008a8bb8a1f479af6d4955b7d/element - {"using":"xpath","value":"//*[@id=\"__filter1\"]"}
RESULT: {"using":"xpath","value":"//*[@id=\"__filter1\"]"}
COMMAND: POST /session/bb295fd008a8bb8a1f479af6d4955b7d/element/f.71C3769F7ED8E40170006504CCA8900A.d.85EB43290F8F7C07686697128041DE60.e.1894/click - {}
RESULT: {}
COMMAND: GET /session/bb295fd008a8bb8a1f479af6d4955b7d/screenshot - {}
RESULT: {}
COMMAND: POST /session/bb295fd008a8bb8a1f479af6d4955b7d/element - {"using":"xpath","value":"//input[@placeholder=\"Sort by\"]/following-sibling::div//span"}
RESULT: {"using":"xpath","value":"//input[@placeholder=\"Sort by\"]/following-sibling::div//span"}
COMMAND: POST /session/bb295fd008a8bb8a1f479af6d4955b7d/element/f.71C3769F7ED8E40170006504CCA8900A.d.85EB43290F8F7C07686697128041DE60.e.1896/click - {}
RESULT: {}
COMMAND: GET /session/bb295fd008a8bb8a1f479af6d4955b7d/screenshot - {}
RESULT: {}
COMMAND: POST /session/bb295fd008a8bb8a1f479af6d4955b7d/element - {"using":"xpath","value":"//li[.//span[text()=\"Language\"]]"}
RESULT: {"using":"xpath","value":"//li[.//span[text()=\"Language\"]]"}
COMMAND: POST /session/bb295fd008a8bb8a1f479af6d4955b7d/element/f.71C3769F7ED8E40170006504CCA8900A.d.85EB43290F8F7C07686697128041DE60.e.1897/click - {}
RESULT: {}
COMMAND: GET /session/bb295fd008a8bb8a1f479af6d4955b7d/screenshot - {}
RESULT: {}
COMMAND: POST /session/bb295fd008a8bb8a1f479af6d4955b7d/element - {"using":"xpath","value":"//bdi[contains(text(), \"OK\")]"}
RESULT: {"using":"xpath","value":"//bdi[contains(text(), \"OK\")]"}
COMMAND: POST /session/bb295fd008a8bb8a1f479af6d4955b7d/element/f.71C3769F7ED8E40170006504CCA8900A.d.85EB43290F8F7C07686697128041DE60.e.1901/click - {}
RESULT: {}
COMMAND: GET /session/bb295fd008a8bb8a1f479af6d4955b7d/screenshot - {}
RESULT: {}
COMMAND: POST /session/bb295fd008a8bb8a1f479af6d4955b7d/element - {"using":"xpath","value":"//table[contains(@id, \"customPartnersTable\")]//tbody/tr[1]/td[3]/span"}
RESULT: {"using":"xpath","value":"//table[contains(@id, \"customPartnersTable\")]//tbody/tr[1]/td[3]/span"}
COMMAND: POST /session/bb295fd008a8bb8a1f479af6d4955b7d/execute/sync - {"script":"<script> [56 bytes]","args":[{"element-6066-11e4-a52e-4f735466cecf":"f.71C3769F7ED8E40170006504CCA8900A.d.85EB43290F8F7C07686697128041DE60.e.2024","ELEMENT":"f.71C3769F7ED8E40170006504CCA8900A.d.85EB43290F8F7C07686697128041DE60.e.2024"}]}
RESULT: {"script":"<script> [56 bytes]","args":[{"element-6066-11e4-a52e-4f735466cecf":"f.71C3769F7ED8E40170006504CCA8900A.d.85EB43290F8F7C07686697128041DE60.e.2024","ELEMENT":"f.71C3769F7ED8E40170006504CCA8900A.d.85EB43290F8F7C07686697128041DE60.e.2024"}]}
RESULT: undefined
COMMAND: POST /session/bb295fd008a8bb8a1f479af6d4955b7d/element - {"using":"xpath","value":"//*[@id=\"application-managepartners-display-component---masterPtm--smartTable-btnPersonalisation-img\"]"}
COMMAND: GET /session/bb295fd008a8bb8a1f479af6d4955b7d/screenshot - {}
RESULT: {"using":"xpath","value":"//*[@id=\"application-managepartners-display-component---masterPtm--smartTable-btnPersonalisation-img\"]"}
COMMAND: POST /session/bb295fd008a8bb8a1f479af6d4955b7d/element/f.71C3769F7ED8E40170006504CCA8900A.d.85EB43290F8F7C07686697128041DE60.e.1754/click - {}
RESULT: {}
RESULT: {}
COMMAND: GET /session/bb295fd008a8bb8a1f479af6d4955b7d/screenshot - {}
RESULT: {}
COMMAND: POST /session/bb295fd008a8bb8a1f479af6d4955b7d/element - {"using":"xpath","value":"//bdi[contains(text(), \"Reset\")]"}
RESULT: {"using":"xpath","value":"//bdi[contains(text(), \"Reset\")]"}
COMMAND: POST /session/bb295fd008a8bb8a1f479af6d4955b7d/element/f.71C3769F7ED8E40170006504CCA8900A.d.85EB43290F8F7C07686697128041DE60.e.2029/click - {}
RESULT: {}
COMMAND: GET /session/bb295fd008a8bb8a1f479af6d4955b7d/screenshot - {}
RESULT: {}
COMMAND: POST /session/bb295fd008a8bb8a1f479af6d4955b7d/element - {"using":"xpath","value":"(//bdi[contains(text(), \"OK\")])[2]"}
RESULT: {"using":"xpath","value":"(//bdi[contains(text(), \"OK\")])[2]"}
COMMAND: POST /session/bb295fd008a8bb8a1f479af6d4955b7d/element/f.71C3769F7ED8E40170006504CCA8900A.d.85EB43290F8F7C07686697128041DE60.e.2031/click - {}
RESULT: {}
COMMAND: GET /session/bb295fd008a8bb8a1f479af6d4955b7d/screenshot - {}
RESULT: {}
COMMAND: POST /session/bb295fd008a8bb8a1f479af6d4955b7d/element - {"using":"xpath","value":"//bdi[contains(text(), \"OK\")]"}
RESULT: {"using":"xpath","value":"//bdi[contains(text(), \"OK\")]"}
COMMAND: POST /session/bb295fd008a8bb8a1f479af6d4955b7d/element/f.71C3769F7ED8E40170006504CCA8900A.d.85EB43290F8F7C07686697128041DE60.e.2084/click - {}
RESULT: {}
COMMAND: GET /session/bb295fd008a8bb8a1f479af6d4955b7d/screenshot - {}
RESULT: {}
COMMAND: POST /session/bb295fd008a8bb8a1f479af6d4955b7d/element - {"using":"xpath","value":"//table[contains(@id, \"customPartnersTable\")]//tbody/tr[1]/td[3]/span"}
RESULT: {"using":"xpath","value":"//table[contains(@id, \"customPartnersTable\")]//tbody/tr[1]/td[3]/span"}
COMMAND: POST /session/bb295fd008a8bb8a1f479af6d4955b7d/execute/sync - {"script":"<script> [56 bytes]","args":[{"element-6066-11e4-a52e-4f735466cecf":"f.71C3769F7ED8E40170006504CCA8900A.d.85EB43290F8F7C07686697128041DE60.e.2087","ELEMENT":"f.71C3769F7ED8E40170006504CCA8900A.d.85EB43290F8F7C07686697128041DE60.e.2087"}]}
RESULT: {"script":"<script> [56 bytes]","args":[{"element-6066-11e4-a52e-4f735466cecf":"f.71C3769F7ED8E40170006504CCA8900A.d.85EB43290F8F7C07686697128041DE60.e.2087","ELEMENT":"f.71C3769F7ED8E40170006504CCA8900A.d.85EB43290F8F7C07686697128041DE60.e.2087"}]}
RESULT: undefined
COMMAND: POST /session/bb295fd008a8bb8a1f479af6d4955b7d/element - {"using":"xpath","value":"//*[@id=\"application-managepartners-display-component---masterPtm--smartTable-btnPersonalisation-img\"]"}
COMMAND: GET /session/bb295fd008a8bb8a1f479af6d4955b7d/screenshot - {}
RESULT: {"using":"xpath","value":"//*[@id=\"application-managepartners-display-component---masterPtm--smartTable-btnPersonalisation-img\"]"}
COMMAND: POST /session/bb295fd008a8bb8a1f479af6d4955b7d/element/f.71C3769F7ED8E40170006504CCA8900A.d.85EB43290F8F7C07686697128041DE60.e.1754/click - {}
RESULT: {}
RESULT: {}
COMMAND: GET /session/bb295fd008a8bb8a1f479af6d4955b7d/screenshot - {}
RESULT: {}
COMMAND: POST /session/bb295fd008a8bb8a1f479af6d4955b7d/execute/async - {"script":"<script> [1562 bytes]","args":[{"selector":{"controlType":"sap.m.IconTabFilter","viewName":"etm.portal.ui.managepartners.view.Master","viewId":"application-managepartners-display-component---masterPtm","properties":{"text":"Filter"},"searchOpenDialogs":true,"interaction":{"idSuffix":"text"}},"wdio_ui5_key":"etmportal.ui.managepartners.view.Mastersap.m.IconTabFilter{\"text\":\"Filter\"}"}]}
RESULT: {"script":"<script> [1562 bytes]","args":[{"selector":{"controlType":"sap.m.IconTabFilter","viewName":"etm.portal.ui.managepartners.view.Master","viewId":"application-managepartners-display-component---masterPtm","properties":{"text":"Filter"},"searchOpenDialogs":true,"interaction":{"idSuffix":"text"}},"wdio_ui5_key":"etmportal.ui.managepartners.view.Mastersap.m.IconTabFilter{\"text\":\"Filter\"}"}]}
RESULT: undefined
COMMAND: POST /session/bb295fd008a8bb8a1f479af6d4955b7d/element - {"using":"xpath","value":"//*[@id=\"__filter10\"]"}
RESULT: {"using":"xpath","value":"//*[@id=\"__filter10\"]"}
COMMAND: POST /session/bb295fd008a8bb8a1f479af6d4955b7d/element/f.71C3769F7ED8E40170006504CCA8900A.d.85EB43290F8F7C07686697128041DE60.e.2092/click - {}
RESULT: {}
COMMAND: GET /session/bb295fd008a8bb8a1f479af6d4955b7d/screenshot - {}
RESULT: {}
COMMAND: POST /session/bb295fd008a8bb8a1f479af6d4955b7d/element - {"using":"xpath","value":"//input[@placeholder=\"Filter by\"]/following-sibling::div//span"}
RESULT: {"using":"xpath","value":"//input[@placeholder=\"Filter by\"]/following-sibling::div//span"}
COMMAND: POST /session/bb295fd008a8bb8a1f479af6d4955b7d/element/f.71C3769F7ED8E40170006504CCA8900A.d.85EB43290F8F7C07686697128041DE60.e.2094/click - {}
RESULT: {}
COMMAND: GET /session/bb295fd008a8bb8a1f479af6d4955b7d/screenshot - {}
RESULT: {}
COMMAND: POST /session/bb295fd008a8bb8a1f479af6d4955b7d/element - {"using":"xpath","value":"//li[.//span[text()=\"Preferred Yard\"]]"}
RESULT: {"using":"xpath","value":"//li[.//span[text()=\"Preferred Yard\"]]"}
COMMAND: POST /session/bb295fd008a8bb8a1f479af6d4955b7d/element/f.71C3769F7ED8E40170006504CCA8900A.d.85EB43290F8F7C07686697128041DE60.e.2095/click - {}
RESULT: {}
COMMAND: GET /session/bb295fd008a8bb8a1f479af6d4955b7d/screenshot - {}
RESULT: {}
COMMAND: POST /session/bb295fd008a8bb8a1f479af6d4955b7d/execute/async - {"script":"<script> [1562 bytes]","args":[{"selector":{"id":"FilterPanel-filterItemControl_BASIC-application-managepartners-display-component---masterPtm--smartTable-YARDYARD-vhi","searchOpenDialogs":true},"wdio_ui5_key":"FilterPanelfilterItemControl_BASIC-application-managepartners-display-component---masterPtm--smartTable-YARDYARD-vhi"}]}
RESULT: {"script":"<script> [1562 bytes]","args":[{"selector":{"id":"FilterPanel-filterItemControl_BASIC-application-managepartners-display-component---masterPtm--smartTable-YARDYARD-vhi","searchOpenDialogs":true},"wdio_ui5_key":"FilterPanelfilterItemControl_BASIC-application-managepartners-display-component---masterPtm--smartTable-YARDYARD-vhi"}]}
RESULT: undefined
COMMAND: POST /session/bb295fd008a8bb8a1f479af6d4955b7d/element - {"using":"xpath","value":"//*[@id=\"FilterPanel-filterItemControl_BASIC-application-managepartners-display-component---masterPtm--smartTable-YARDYARD-vhi\"]"}
RESULT: {"using":"xpath","value":"//*[@id=\"FilterPanel-filterItemControl_BASIC-application-managepartners-display-component---masterPtm--smartTable-YARDYARD-vhi\"]"}
COMMAND: POST /session/bb295fd008a8bb8a1f479af6d4955b7d/element/f.71C3769F7ED8E40170006504CCA8900A.d.85EB43290F8F7C07686697128041DE60.e.2098/click - {}
RESULT: {}
COMMAND: GET /session/bb295fd008a8bb8a1f479af6d4955b7d/screenshot - {}
RESULT: {}
COMMAND: POST /session/bb295fd008a8bb8a1f479af6d4955b7d/execute/async - {"script":"<script> [1562 bytes]","args":[{"selector":{"id":"FilterPanel-filterItemControl_BASIC-application-managepartners-display-component---masterPtm--smartTable-YARDYARD-valueHelpDialog-smartFilterBar-btnBasicSearch","searchOpenDialogs":true,"interaction":{"idSuffix":"I"}},"wdio_ui5_key":"FilterPanelfilterItemControl_BASIC-application-managepartners-display-component---masterPtm--smartTable-YARDYARD-valueHelpDialog-smartFilterBar-btnBasicSearch"}]}
RESULT: {"script":"<script> [1562 bytes]","args":[{"selector":{"id":"FilterPanel-filterItemControl_BASIC-application-managepartners-display-component---masterPtm--smartTable-YARDYARD-valueHelpDialog-smartFilterBar-btnBasicSearch","searchOpenDialogs":true,"interaction":{"idSuffix":"I"}},"wdio_ui5_key":"FilterPanelfilterItemControl_BASIC-application-managepartners-display-component---masterPtm--smartTable-YARDYARD-valueHelpDialog-smartFilterBar-btnBasicSearch"}]}
RESULT: undefined
COMMAND: POST /session/bb295fd008a8bb8a1f479af6d4955b7d/execute/async - {"script":"<script> [776 bytes]","args":[{"enterText":"296","selector":{"id":"FilterPanel-filterItemControl_BASIC-application-managepartners-display-component---masterPtm--smartTable-YARDYARD-valueHelpDialog-smartFilterBar-btnBasicSearch","searchOpenDialogs":true,"interaction":{"idSuffix":"I"}},"clearTextFirst":true,"interactionType":"ENTER_TEXT"}]}
RESULT: {"script":"<script> [776 bytes]","args":[{"enterText":"296","selector":{"id":"FilterPanel-filterItemControl_BASIC-application-managepartners-display-component---masterPtm--smartTable-YARDYARD-valueHelpDialog-smartFilterBar-btnBasicSearch","searchOpenDialogs":true,"interaction":{"idSuffix":"I"}},"clearTextFirst":true,"interactionType":"ENTER_TEXT"}]}
COMMAND: POST /session/bb295fd008a8bb8a1f479af6d4955b7d/actions - {"actions":[{"id":"action3","type":"key","parameters":{},"actions":[{"type":"keyDown","value":"î€‡"},{"type":"pause","duration":10},{"type":"keyUp","value":"î€‡"}]}]}
RESULT: {"actions":[{"id":"action3","type":"key","parameters":{},"actions":[{"type":"keyDown","value":"î€‡"},{"type":"pause","duration":10},{"type":"keyUp","value":"î€‡"}]}]}
COMMAND: GET /session/bb295fd008a8bb8a1f479af6d4955b7d/screenshot - {}
RESULT: {}
COMMAND: POST /session/bb295fd008a8bb8a1f479af6d4955b7d/elements - {"using":"xpath","value":"//table[contains(@id, \"smartTable-YARDYARD-valueHelpDialog-table-table\")]/tbody/tr"}
RESULT: {"using":"xpath","value":"//table[contains(@id, \"smartTable-YARDYARD-valueHelpDialog-table-table\")]/tbody/tr"}
COMMAND: POST /session/bb295fd008a8bb8a1f479af6d4955b7d/element - {"using":"xpath","value":"//table[contains(@id, \"smartTable-YARDYARD-valueHelpDialog-table-table\")]/tbody/tr[1]/td[1]/div/span"}
RESULT: {"using":"xpath","value":"//table[contains(@id, \"smartTable-YARDYARD-valueHelpDialog-table-table\")]/tbody/tr[1]/td[1]/div/span"}
COMMAND: POST /session/bb295fd008a8bb8a1f479af6d4955b7d/elements - {"using":"xpath","value":"//table[contains(@id, \"smartTable-YARDYARD-valueHelpDialog-table-table\")]/tbody/tr[1]/td[1]/div/span"}
RESULT: {"using":"xpath","value":"//table[contains(@id, \"smartTable-YARDYARD-valueHelpDialog-table-table\")]/tbody/tr[1]/td[1]/div/span"}
COMMAND: POST /session/bb295fd008a8bb8a1f479af6d4955b7d/execute/sync - {"script":"<script> [56 bytes]","args":[{"element-6066-11e4-a52e-4f735466cecf":"f.71C3769F7ED8E40170006504CCA8900A.d.85EB43290F8F7C07686697128041DE60.e.2118","ELEMENT":"f.71C3769F7ED8E40170006504CCA8900A.d.85EB43290F8F7C07686697128041DE60.e.2118"}]}
RESULT: {"script":"<script> [56 bytes]","args":[{"element-6066-11e4-a52e-4f735466cecf":"f.71C3769F7ED8E40170006504CCA8900A.d.85EB43290F8F7C07686697128041DE60.e.2118","ELEMENT":"f.71C3769F7ED8E40170006504CCA8900A.d.85EB43290F8F7C07686697128041DE60.e.2118"}]}
COMMAND: POST /session/bb295fd008a8bb8a1f479af6d4955b7d/element - {"using":"xpath","value":"//table[contains(@id, \"smartTable-YARDYARD-valueHelpDialog-table-table\")]/tbody/tr[2]/td[1]/div/span"}
COMMAND: GET /session/bb295fd008a8bb8a1f479af6d4955b7d/screenshot - {}
RESULT: {"using":"xpath","value":"//table[contains(@id, \"smartTable-YARDYARD-valueHelpDialog-table-table\")]/tbody/tr[2]/td[1]/div/span"}
COMMAND: POST /session/bb295fd008a8bb8a1f479af6d4955b7d/elements - {"using":"xpath","value":"//table[contains(@id, \"smartTable-YARDYARD-valueHelpDialog-table-table\")]/tbody/tr[2]/td[1]/div/span"}
RESULT: {}
RESULT: {"using":"xpath","value":"//table[contains(@id, \"smartTable-YARDYARD-valueHelpDialog-table-table\")]/tbody/tr[2]/td[1]/div/span"}
COMMAND: POST /session/bb295fd008a8bb8a1f479af6d4955b7d/execute/sync - {"script":"<script> [56 bytes]","args":[{"element-6066-11e4-a52e-4f735466cecf":"f.71C3769F7ED8E40170006504CCA8900A.d.85EB43290F8F7C07686697128041DE60.e.2119","ELEMENT":"f.71C3769F7ED8E40170006504CCA8900A.d.85EB43290F8F7C07686697128041DE60.e.2119"}]}
RESULT: {"script":"<script> [56 bytes]","args":[{"element-6066-11e4-a52e-4f735466cecf":"f.71C3769F7ED8E40170006504CCA8900A.d.85EB43290F8F7C07686697128041DE60.e.2119","ELEMENT":"f.71C3769F7ED8E40170006504CCA8900A.d.85EB43290F8F7C07686697128041DE60.e.2119"}]}
COMMAND: POST /session/bb295fd008a8bb8a1f479af6d4955b7d/element - {"using":"xpath","value":"//div[contains(@id, \"YARDYARD-valueHelpDialog-table-rowsel1\")]"}
COMMAND: GET /session/bb295fd008a8bb8a1f479af6d4955b7d/screenshot - {}
RESULT: {"using":"xpath","value":"//div[contains(@id, \"YARDYARD-valueHelpDialog-table-rowsel1\")]"}
COMMAND: POST /session/bb295fd008a8bb8a1f479af6d4955b7d/element/f.71C3769F7ED8E40170006504CCA8900A.d.85EB43290F8F7C07686697128041DE60.e.2120/click - {}
RESULT: {}
RESULT: {}
COMMAND: GET /session/bb295fd008a8bb8a1f479af6d4955b7d/screenshot - {}
RESULT: {}
COMMAND: POST /session/bb295fd008a8bb8a1f479af6d4955b7d/element - {"using":"xpath","value":"(//bdi[contains(text(), \"OK\")])[2]"}
RESULT: {"using":"xpath","value":"(//bdi[contains(text(), \"OK\")])[2]"}
COMMAND: POST /session/bb295fd008a8bb8a1f479af6d4955b7d/element/f.71C3769F7ED8E40170006504CCA8900A.d.85EB43290F8F7C07686697128041DE60.e.2122/click - {}
RESULT: {}
COMMAND: GET /session/bb295fd008a8bb8a1f479af6d4955b7d/screenshot - {}
RESULT: {}
COMMAND: POST /session/bb295fd008a8bb8a1f479af6d4955b7d/element - {"using":"xpath","value":"//bdi[contains(text(), \"OK\")]"}
RESULT: {"using":"xpath","value":"//bdi[contains(text(), \"OK\")]"}
COMMAND: POST /session/bb295fd008a8bb8a1f479af6d4955b7d/element/f.71C3769F7ED8E40170006504CCA8900A.d.85EB43290F8F7C07686697128041DE60.e.2125/click - {}
RESULT: {}
COMMAND: GET /session/bb295fd008a8bb8a1f479af6d4955b7d/screenshot - {}
RESULT: {}
COMMAND: POST /session/bb295fd008a8bb8a1f479af6d4955b7d/element - {"using":"xpath","value":"//table[contains(@id, \"customPartnersTable\")]//tbody/tr[1]/td[3]/span"}
RESULT: {"using":"xpath","value":"//table[contains(@id, \"customPartnersTable\")]//tbody/tr[1]/td[3]/span"}
COMMAND: POST /session/bb295fd008a8bb8a1f479af6d4955b7d/execute/sync - {"script":"<script> [56 bytes]","args":[{"element-6066-11e4-a52e-4f735466cecf":"f.71C3769F7ED8E40170006504CCA8900A.d.85EB43290F8F7C07686697128041DE60.e.2087","ELEMENT":"f.71C3769F7ED8E40170006504CCA8900A.d.85EB43290F8F7C07686697128041DE60.e.2087"}]}
RESULT: {"script":"<script> [56 bytes]","args":[{"element-6066-11e4-a52e-4f735466cecf":"f.71C3769F7ED8E40170006504CCA8900A.d.85EB43290F8F7C07686697128041DE60.e.2087","ELEMENT":"f.71C3769F7ED8E40170006504CCA8900A.d.85EB43290F8F7C07686697128041DE60.e.2087"}]}
COMMAND: POST /session/bb295fd008a8bb8a1f479af6d4955b7d/element - {"using":"css selector","value":"#shell-header-logo"}
COMMAND: GET /session/bb295fd008a8bb8a1f479af6d4955b7d/screenshot - {}
RESULT: {"using":"css selector","value":"#shell-header-logo"}
COMMAND: POST /session/bb295fd008a8bb8a1f479af6d4955b7d/element/f.71C3769F7ED8E40170006504CCA8900A.d.85EB43290F8F7C07686697128041DE60.e.1704/click - {}
RESULT: {}
RESULT: {}
COMMAND: GET /session/bb295fd008a8bb8a1f479af6d4955b7d/screenshot - {}
RESULT: {}
]]></system-out>
    </testcase>
    <testcase classname="chrome.135_0_7049_96.windows.Partner_specific_tests_US150819_US151080_US151654_US151176_US103444_US151078_US151079_US151109_US151174_US151175_US151189" name="Should deactivate the created partner in earlier step US151654" time="49.603">
      <system-out><![CDATA[
COMMAND: POST /session/bb295fd008a8bb8a1f479af6d4955b7d/element - {"using":"xpath","value":"//li[.//span[text()=\"Manage Partners\"]]"}
RESULT: {"using":"xpath","value":"//li[.//span[text()=\"Manage Partners\"]]"}
COMMAND: POST /session/bb295fd008a8bb8a1f479af6d4955b7d/element - {"using":"xpath","value":"//li[.//span[text()=\"Manage Partners\"]]"}
RESULT: {"using":"xpath","value":"//li[.//span[text()=\"Manage Partners\"]]"}
COMMAND: POST /session/bb295fd008a8bb8a1f479af6d4955b7d/element - {"using":"css selector","value":"#shell-header-logo"}
RESULT: {"using":"css selector","value":"#shell-header-logo"}
COMMAND: POST /session/bb295fd008a8bb8a1f479af6d4955b7d/element/f.71C3769F7ED8E40170006504CCA8900A.d.85EB43290F8F7C07686697128041DE60.e.2176/click - {}
COMMAND: POST /session/bb295fd008a8bb8a1f479af6d4955b7d/execute/sync - {"script":"<script> [8489 bytes]","args":[{"element-6066-11e4-a52e-4f735466cecf":"f.71C3769F7ED8E40170006504CCA8900A.d.85EB43290F8F7C07686697128041DE60.e.2176","ELEMENT":"f.71C3769F7ED8E40170006504CCA8900A.d.85EB43290F8F7C07686697128041DE60.e.2176"}]}
RESULT: {"script":"<script> [8489 bytes]","args":[{"element-6066-11e4-a52e-4f735466cecf":"f.71C3769F7ED8E40170006504CCA8900A.d.85EB43290F8F7C07686697128041DE60.e.2176","ELEMENT":"f.71C3769F7ED8E40170006504CCA8900A.d.85EB43290F8F7C07686697128041DE60.e.2176"}]}
COMMAND: POST /session/bb295fd008a8bb8a1f479af6d4955b7d/execute/sync - {"script":"<script> [5351 bytes]","args":[{"element-6066-11e4-a52e-4f735466cecf":"f.71C3769F7ED8E40170006504CCA8900A.d.85EB43290F8F7C07686697128041DE60.e.2176","ELEMENT":"f.71C3769F7ED8E40170006504CCA8900A.d.85EB43290F8F7C07686697128041DE60.e.2176"}]}
COMMAND: GET /session/bb295fd008a8bb8a1f479af6d4955b7d/screenshot - {}
RESULT: {}
COMMAND: GET /session/bb295fd008a8bb8a1f479af6d4955b7d/screenshot - {}
RESULT: {"script":"<script> [5351 bytes]","args":[{"element-6066-11e4-a52e-4f735466cecf":"f.71C3769F7ED8E40170006504CCA8900A.d.85EB43290F8F7C07686697128041DE60.e.2176","ELEMENT":"f.71C3769F7ED8E40170006504CCA8900A.d.85EB43290F8F7C07686697128041DE60.e.2176"}]}
COMMAND: GET /session/bb295fd008a8bb8a1f479af6d4955b7d/screenshot - {}
RESULT: {}
RESULT: {}
RESULT: {}
RESULT: undefined
COMMAND: POST /session/bb295fd008a8bb8a1f479af6d4955b7d/element - {"using":"xpath","value":"//*[@id=\"__tile38\"]"}
RESULT: {"using":"xpath","value":"//*[@id=\"__tile38\"]"}
COMMAND: POST /session/bb295fd008a8bb8a1f479af6d4955b7d/element/f.71C3769F7ED8E40170006504CCA8900A.d.85EB43290F8F7C07686697128041DE60.e.150/click - {}
RESULT: {}
COMMAND: POST /session/bb295fd008a8bb8a1f479af6d4955b7d/element - {"using":"xpath","value":"//button[@data-kt=\"addButton\"]"}
COMMAND: GET /session/bb295fd008a8bb8a1f479af6d4955b7d/screenshot - {}
RESULT: {"using":"xpath","value":"//button[@data-kt=\"addButton\"]"}
COMMAND: POST /session/bb295fd008a8bb8a1f479af6d4955b7d/elements - {"using":"xpath","value":"//button[@data-kt=\"addButton\"]"}
RESULT: {}
RESULT: {"using":"xpath","value":"//button[@data-kt=\"addButton\"]"}
COMMAND: POST /session/bb295fd008a8bb8a1f479af6d4955b7d/elements - {"using":"xpath","value":"//button[@data-kt=\"addButton\"]"}
RESULT: {"using":"xpath","value":"//button[@data-kt=\"addButton\"]"}
COMMAND: POST /session/bb295fd008a8bb8a1f479af6d4955b7d/elements - {"using":"xpath","value":"//button[@data-kt=\"addButton\"]"}
RESULT: {"using":"xpath","value":"//button[@data-kt=\"addButton\"]"}
COMMAND: POST /session/bb295fd008a8bb8a1f479af6d4955b7d/elements - {"using":"xpath","value":"//button[@data-kt=\"addButton\"]"}
RESULT: {"using":"xpath","value":"//button[@data-kt=\"addButton\"]"}
COMMAND: POST /session/bb295fd008a8bb8a1f479af6d4955b7d/element - {"using":"xpath","value":"//button[@data-kt=\"addButton\"]"}
RESULT: {"using":"xpath","value":"//button[@data-kt=\"addButton\"]"}
COMMAND: POST /session/bb295fd008a8bb8a1f479af6d4955b7d/execute/sync - {"script":"<script> [8489 bytes]","args":[{"element-6066-11e4-a52e-4f735466cecf":"f.71C3769F7ED8E40170006504CCA8900A.d.85EB43290F8F7C07686697128041DE60.e.2210","ELEMENT":"f.71C3769F7ED8E40170006504CCA8900A.d.85EB43290F8F7C07686697128041DE60.e.2210"}]}
RESULT: {"script":"<script> [8489 bytes]","args":[{"element-6066-11e4-a52e-4f735466cecf":"f.71C3769F7ED8E40170006504CCA8900A.d.85EB43290F8F7C07686697128041DE60.e.2210","ELEMENT":"f.71C3769F7ED8E40170006504CCA8900A.d.85EB43290F8F7C07686697128041DE60.e.2210"}]}
COMMAND: GET /session/bb295fd008a8bb8a1f479af6d4955b7d/element/f.71C3769F7ED8E40170006504CCA8900A.d.85EB43290F8F7C07686697128041DE60.e.2210/enabled - {}
COMMAND: GET /session/bb295fd008a8bb8a1f479af6d4955b7d/screenshot - {}
RESULT: {}
COMMAND: POST /session/bb295fd008a8bb8a1f479af6d4955b7d/execute/sync - {"script":"<script> [8489 bytes]","args":[{"element-6066-11e4-a52e-4f735466cecf":"f.71C3769F7ED8E40170006504CCA8900A.d.85EB43290F8F7C07686697128041DE60.e.2210","ELEMENT":"f.71C3769F7ED8E40170006504CCA8900A.d.85EB43290F8F7C07686697128041DE60.e.2210"}]}
COMMAND: GET /session/bb295fd008a8bb8a1f479af6d4955b7d/screenshot - {}
RESULT: {}
RESULT: {"script":"<script> [8489 bytes]","args":[{"element-6066-11e4-a52e-4f735466cecf":"f.71C3769F7ED8E40170006504CCA8900A.d.85EB43290F8F7C07686697128041DE60.e.2210","ELEMENT":"f.71C3769F7ED8E40170006504CCA8900A.d.85EB43290F8F7C07686697128041DE60.e.2210"}]}
COMMAND: POST /session/bb295fd008a8bb8a1f479af6d4955b7d/execute/sync - {"script":"<script> [5351 bytes]","args":[{"element-6066-11e4-a52e-4f735466cecf":"f.71C3769F7ED8E40170006504CCA8900A.d.85EB43290F8F7C07686697128041DE60.e.2210","ELEMENT":"f.71C3769F7ED8E40170006504CCA8900A.d.85EB43290F8F7C07686697128041DE60.e.2210"}]}
COMMAND: GET /session/bb295fd008a8bb8a1f479af6d4955b7d/screenshot - {}
RESULT: {}
RESULT: {"script":"<script> [5351 bytes]","args":[{"element-6066-11e4-a52e-4f735466cecf":"f.71C3769F7ED8E40170006504CCA8900A.d.85EB43290F8F7C07686697128041DE60.e.2210","ELEMENT":"f.71C3769F7ED8E40170006504CCA8900A.d.85EB43290F8F7C07686697128041DE60.e.2210"}]}
COMMAND: GET /session/bb295fd008a8bb8a1f479af6d4955b7d/screenshot - {}
RESULT: {}
RESULT: {}
COMMAND: POST /session/bb295fd008a8bb8a1f479af6d4955b7d/execute/async - {"script":"<script> [1562 bytes]","args":[{"selector":{"id":"application-managepartners-display-component---masterPtm--smartFilterBar-btnBasicSearch","interaction":{"idSuffix":"I"}},"wdio_ui5_key":"applicationmanagepartners-display-component---masterPtm--smartFilterBar-btnBasicSearch"}]}
RESULT: {"script":"<script> [1562 bytes]","args":[{"selector":{"id":"application-managepartners-display-component---masterPtm--smartFilterBar-btnBasicSearch","interaction":{"idSuffix":"I"}},"wdio_ui5_key":"applicationmanagepartners-display-component---masterPtm--smartFilterBar-btnBasicSearch"}]}
RESULT: undefined
COMMAND: POST /session/bb295fd008a8bb8a1f479af6d4955b7d/execute/async - {"script":"<script> [776 bytes]","args":[{"enterText":"1157","selector":{"id":"application-managepartners-display-component---masterPtm--smartFilterBar-btnBasicSearch","interaction":{"idSuffix":"I"}},"clearTextFirst":true,"interactionType":"ENTER_TEXT"}]}
RESULT: {"script":"<script> [776 bytes]","args":[{"enterText":"1157","selector":{"id":"application-managepartners-display-component---masterPtm--smartFilterBar-btnBasicSearch","interaction":{"idSuffix":"I"}},"clearTextFirst":true,"interactionType":"ENTER_TEXT"}]}
COMMAND: POST /session/bb295fd008a8bb8a1f479af6d4955b7d/actions - {"actions":[{"id":"action4","type":"key","parameters":{},"actions":[{"type":"keyDown","value":"î€‡"},{"type":"pause","duration":10},{"type":"keyUp","value":"î€‡"}]}]}
RESULT: {"actions":[{"id":"action4","type":"key","parameters":{},"actions":[{"type":"keyDown","value":"î€‡"},{"type":"pause","duration":10},{"type":"keyUp","value":"î€‡"}]}]}
COMMAND: GET /session/bb295fd008a8bb8a1f479af6d4955b7d/screenshot - {}
RESULT: {}
COMMAND: POST /session/bb295fd008a8bb8a1f479af6d4955b7d/elements - {"using":"xpath","value":"//table[contains(@id, \"customPartnersTable-listUl\")]/tbody/tr"}
RESULT: {"using":"xpath","value":"//table[contains(@id, \"customPartnersTable-listUl\")]/tbody/tr"}
COMMAND: POST /session/bb295fd008a8bb8a1f479af6d4955b7d/element - {"using":"xpath","value":"//table[contains(@id, \"customPartnersTable-listUl\")]/tbody/tr[1]/td[3]/span"}
RESULT: {"using":"xpath","value":"//table[contains(@id, \"customPartnersTable-listUl\")]/tbody/tr[1]/td[3]/span"}
COMMAND: POST /session/bb295fd008a8bb8a1f479af6d4955b7d/elements - {"using":"xpath","value":"//table[contains(@id, \"customPartnersTable-listUl\")]/tbody/tr[1]/td[3]/span"}
RESULT: {"using":"xpath","value":"//table[contains(@id, \"customPartnersTable-listUl\")]/tbody/tr[1]/td[3]/span"}
COMMAND: POST /session/bb295fd008a8bb8a1f479af6d4955b7d/execute/sync - {"script":"<script> [56 bytes]","args":[{"element-6066-11e4-a52e-4f735466cecf":"f.71C3769F7ED8E40170006504CCA8900A.d.85EB43290F8F7C07686697128041DE60.e.2360","ELEMENT":"f.71C3769F7ED8E40170006504CCA8900A.d.85EB43290F8F7C07686697128041DE60.e.2360"}]}
RESULT: {"script":"<script> [56 bytes]","args":[{"element-6066-11e4-a52e-4f735466cecf":"f.71C3769F7ED8E40170006504CCA8900A.d.85EB43290F8F7C07686697128041DE60.e.2360","ELEMENT":"f.71C3769F7ED8E40170006504CCA8900A.d.85EB43290F8F7C07686697128041DE60.e.2360"}]}
COMMAND: POST /session/bb295fd008a8bb8a1f479af6d4955b7d/element - {"using":"xpath","value":"//table[contains(@id, \"customPartnersTable-listUl\")]/tbody/tr[1]/td[7]/div/span"}
COMMAND: GET /session/bb295fd008a8bb8a1f479af6d4955b7d/screenshot - {}
RESULT: {"using":"xpath","value":"//table[contains(@id, \"customPartnersTable-listUl\")]/tbody/tr[1]/td[7]/div/span"}
COMMAND: POST /session/bb295fd008a8bb8a1f479af6d4955b7d/execute/sync - {"script":"<script> [56 bytes]","args":[{"element-6066-11e4-a52e-4f735466cecf":"f.71C3769F7ED8E40170006504CCA8900A.d.85EB43290F8F7C07686697128041DE60.e.2361","ELEMENT":"f.71C3769F7ED8E40170006504CCA8900A.d.85EB43290F8F7C07686697128041DE60.e.2361"}]}
RESULT: {}
RESULT: {"script":"<script> [56 bytes]","args":[{"element-6066-11e4-a52e-4f735466cecf":"f.71C3769F7ED8E40170006504CCA8900A.d.85EB43290F8F7C07686697128041DE60.e.2361","ELEMENT":"f.71C3769F7ED8E40170006504CCA8900A.d.85EB43290F8F7C07686697128041DE60.e.2361"}]}
COMMAND: POST /session/bb295fd008a8bb8a1f479af6d4955b7d/element - {"using":"xpath","value":"//table[contains(@id, \"customPartnersTable-listUl\")]/tbody/tr[1]/td[2]/div/div"}
COMMAND: GET /session/bb295fd008a8bb8a1f479af6d4955b7d/screenshot - {}
RESULT: {"using":"xpath","value":"//table[contains(@id, \"customPartnersTable-listUl\")]/tbody/tr[1]/td[2]/div/div"}
COMMAND: POST /session/bb295fd008a8bb8a1f479af6d4955b7d/element/f.71C3769F7ED8E40170006504CCA8900A.d.85EB43290F8F7C07686697128041DE60.e.2362/click - {}
RESULT: {}
RESULT: {}
COMMAND: GET /session/bb295fd008a8bb8a1f479af6d4955b7d/screenshot - {}
RESULT: {}
COMMAND: POST /session/bb295fd008a8bb8a1f479af6d4955b7d/element - {"using":"xpath","value":"//bdi[contains(text(), \"Deactivate\")]"}
RESULT: {"using":"xpath","value":"//bdi[contains(text(), \"Deactivate\")]"}
COMMAND: POST /session/bb295fd008a8bb8a1f479af6d4955b7d/element/f.71C3769F7ED8E40170006504CCA8900A.d.85EB43290F8F7C07686697128041DE60.e.2363/click - {}
RESULT: {}
COMMAND: GET /session/bb295fd008a8bb8a1f479af6d4955b7d/screenshot - {}
RESULT: {}
COMMAND: POST /session/bb295fd008a8bb8a1f479af6d4955b7d/element - {"using":"xpath","value":"//bdi[contains(text(), \"Yes\")]"}
RESULT: {"using":"xpath","value":"//bdi[contains(text(), \"Yes\")]"}
COMMAND: POST /session/bb295fd008a8bb8a1f479af6d4955b7d/element/f.71C3769F7ED8E40170006504CCA8900A.d.85EB43290F8F7C07686697128041DE60.e.2365/click - {}
RESULT: {}
COMMAND: GET /session/bb295fd008a8bb8a1f479af6d4955b7d/screenshot - {}
RESULT: {}
COMMAND: POST /session/bb295fd008a8bb8a1f479af6d4955b7d/element - {"using":"xpath","value":"//table[contains(@id, \"customPartnersTable-listUl\")]/tbody/tr[1]/td[7]/div/span"}
RESULT: {"using":"xpath","value":"//table[contains(@id, \"customPartnersTable-listUl\")]/tbody/tr[1]/td[7]/div/span"}
COMMAND: POST /session/bb295fd008a8bb8a1f479af6d4955b7d/execute/sync - {"script":"<script> [56 bytes]","args":[{"element-6066-11e4-a52e-4f735466cecf":"f.71C3769F7ED8E40170006504CCA8900A.d.85EB43290F8F7C07686697128041DE60.e.2361","ELEMENT":"f.71C3769F7ED8E40170006504CCA8900A.d.85EB43290F8F7C07686697128041DE60.e.2361"}]}
RESULT: {"script":"<script> [56 bytes]","args":[{"element-6066-11e4-a52e-4f735466cecf":"f.71C3769F7ED8E40170006504CCA8900A.d.85EB43290F8F7C07686697128041DE60.e.2361","ELEMENT":"f.71C3769F7ED8E40170006504CCA8900A.d.85EB43290F8F7C07686697128041DE60.e.2361"}]}
COMMAND: GET /session/bb295fd008a8bb8a1f479af6d4955b7d/screenshot - {}
RESULT: {}
COMMAND: POST /session/bb295fd008a8bb8a1f479af6d4955b7d/element - {"using":"css selector","value":"#shell-header-logo"}
RESULT: {"using":"css selector","value":"#shell-header-logo"}
COMMAND: POST /session/bb295fd008a8bb8a1f479af6d4955b7d/element/f.71C3769F7ED8E40170006504CCA8900A.d.85EB43290F8F7C07686697128041DE60.e.2176/click - {}
RESULT: {}
COMMAND: GET /session/bb295fd008a8bb8a1f479af6d4955b7d/screenshot - {}
RESULT: {}
]]></system-out>
    </testcase>
    <testcase classname="chrome.135_0_7049_96.windows.Partner_specific_tests_US150819_US151080_US151654_US151176_US103444_US151078_US151079_US151109_US151174_US151175_US151189" name="Should activate the created partner again US151176" time="49.931">
      <system-out><![CDATA[
COMMAND: POST /session/bb295fd008a8bb8a1f479af6d4955b7d/element - {"using":"xpath","value":"//li[.//span[text()=\"Manage Partners\"]]"}
RESULT: {"using":"xpath","value":"//li[.//span[text()=\"Manage Partners\"]]"}
COMMAND: POST /session/bb295fd008a8bb8a1f479af6d4955b7d/element - {"using":"xpath","value":"//li[.//span[text()=\"Manage Partners\"]]"}
RESULT: {"using":"xpath","value":"//li[.//span[text()=\"Manage Partners\"]]"}
COMMAND: POST /session/bb295fd008a8bb8a1f479af6d4955b7d/element - {"using":"css selector","value":"#shell-header-logo"}
RESULT: {"using":"css selector","value":"#shell-header-logo"}
COMMAND: POST /session/bb295fd008a8bb8a1f479af6d4955b7d/element/f.71C3769F7ED8E40170006504CCA8900A.d.85EB43290F8F7C07686697128041DE60.e.2369/click - {}
COMMAND: POST /session/bb295fd008a8bb8a1f479af6d4955b7d/execute/sync - {"script":"<script> [8489 bytes]","args":[{"element-6066-11e4-a52e-4f735466cecf":"f.71C3769F7ED8E40170006504CCA8900A.d.85EB43290F8F7C07686697128041DE60.e.2369","ELEMENT":"f.71C3769F7ED8E40170006504CCA8900A.d.85EB43290F8F7C07686697128041DE60.e.2369"}]}
RESULT: {"script":"<script> [8489 bytes]","args":[{"element-6066-11e4-a52e-4f735466cecf":"f.71C3769F7ED8E40170006504CCA8900A.d.85EB43290F8F7C07686697128041DE60.e.2369","ELEMENT":"f.71C3769F7ED8E40170006504CCA8900A.d.85EB43290F8F7C07686697128041DE60.e.2369"}]}
COMMAND: POST /session/bb295fd008a8bb8a1f479af6d4955b7d/execute/sync - {"script":"<script> [5351 bytes]","args":[{"element-6066-11e4-a52e-4f735466cecf":"f.71C3769F7ED8E40170006504CCA8900A.d.85EB43290F8F7C07686697128041DE60.e.2369","ELEMENT":"f.71C3769F7ED8E40170006504CCA8900A.d.85EB43290F8F7C07686697128041DE60.e.2369"}]}
COMMAND: GET /session/bb295fd008a8bb8a1f479af6d4955b7d/screenshot - {}
RESULT: {}
COMMAND: GET /session/bb295fd008a8bb8a1f479af6d4955b7d/screenshot - {}
RESULT: {"script":"<script> [5351 bytes]","args":[{"element-6066-11e4-a52e-4f735466cecf":"f.71C3769F7ED8E40170006504CCA8900A.d.85EB43290F8F7C07686697128041DE60.e.2369","ELEMENT":"f.71C3769F7ED8E40170006504CCA8900A.d.85EB43290F8F7C07686697128041DE60.e.2369"}]}
COMMAND: GET /session/bb295fd008a8bb8a1f479af6d4955b7d/screenshot - {}
RESULT: {}
RESULT: {}
RESULT: {}
RESULT: undefined
COMMAND: POST /session/bb295fd008a8bb8a1f479af6d4955b7d/element - {"using":"xpath","value":"//*[@id=\"__tile38\"]"}
RESULT: {"using":"xpath","value":"//*[@id=\"__tile38\"]"}
COMMAND: POST /session/bb295fd008a8bb8a1f479af6d4955b7d/element/f.71C3769F7ED8E40170006504CCA8900A.d.85EB43290F8F7C07686697128041DE60.e.150/click - {}
RESULT: {}
COMMAND: POST /session/bb295fd008a8bb8a1f479af6d4955b7d/element - {"using":"xpath","value":"//button[@data-kt=\"addButton\"]"}
COMMAND: GET /session/bb295fd008a8bb8a1f479af6d4955b7d/screenshot - {}
RESULT: {"using":"xpath","value":"//button[@data-kt=\"addButton\"]"}
COMMAND: POST /session/bb295fd008a8bb8a1f479af6d4955b7d/elements - {"using":"xpath","value":"//button[@data-kt=\"addButton\"]"}
RESULT: {}
RESULT: {"using":"xpath","value":"//button[@data-kt=\"addButton\"]"}
COMMAND: POST /session/bb295fd008a8bb8a1f479af6d4955b7d/elements - {"using":"xpath","value":"//button[@data-kt=\"addButton\"]"}
RESULT: {"using":"xpath","value":"//button[@data-kt=\"addButton\"]"}
COMMAND: POST /session/bb295fd008a8bb8a1f479af6d4955b7d/elements - {"using":"xpath","value":"//button[@data-kt=\"addButton\"]"}
RESULT: {"using":"xpath","value":"//button[@data-kt=\"addButton\"]"}
COMMAND: POST /session/bb295fd008a8bb8a1f479af6d4955b7d/elements - {"using":"xpath","value":"//button[@data-kt=\"addButton\"]"}
RESULT: {"using":"xpath","value":"//button[@data-kt=\"addButton\"]"}
COMMAND: POST /session/bb295fd008a8bb8a1f479af6d4955b7d/element - {"using":"xpath","value":"//button[@data-kt=\"addButton\"]"}
RESULT: {"using":"xpath","value":"//button[@data-kt=\"addButton\"]"}
COMMAND: POST /session/bb295fd008a8bb8a1f479af6d4955b7d/execute/sync - {"script":"<script> [8489 bytes]","args":[{"element-6066-11e4-a52e-4f735466cecf":"f.71C3769F7ED8E40170006504CCA8900A.d.85EB43290F8F7C07686697128041DE60.e.2404","ELEMENT":"f.71C3769F7ED8E40170006504CCA8900A.d.85EB43290F8F7C07686697128041DE60.e.2404"}]}
RESULT: {"script":"<script> [8489 bytes]","args":[{"element-6066-11e4-a52e-4f735466cecf":"f.71C3769F7ED8E40170006504CCA8900A.d.85EB43290F8F7C07686697128041DE60.e.2404","ELEMENT":"f.71C3769F7ED8E40170006504CCA8900A.d.85EB43290F8F7C07686697128041DE60.e.2404"}]}
COMMAND: GET /session/bb295fd008a8bb8a1f479af6d4955b7d/element/f.71C3769F7ED8E40170006504CCA8900A.d.85EB43290F8F7C07686697128041DE60.e.2404/enabled - {}
COMMAND: GET /session/bb295fd008a8bb8a1f479af6d4955b7d/screenshot - {}
RESULT: {}
COMMAND: POST /session/bb295fd008a8bb8a1f479af6d4955b7d/execute/sync - {"script":"<script> [8489 bytes]","args":[{"element-6066-11e4-a52e-4f735466cecf":"f.71C3769F7ED8E40170006504CCA8900A.d.85EB43290F8F7C07686697128041DE60.e.2404","ELEMENT":"f.71C3769F7ED8E40170006504CCA8900A.d.85EB43290F8F7C07686697128041DE60.e.2404"}]}
COMMAND: GET /session/bb295fd008a8bb8a1f479af6d4955b7d/screenshot - {}
RESULT: {}
RESULT: {"script":"<script> [8489 bytes]","args":[{"element-6066-11e4-a52e-4f735466cecf":"f.71C3769F7ED8E40170006504CCA8900A.d.85EB43290F8F7C07686697128041DE60.e.2404","ELEMENT":"f.71C3769F7ED8E40170006504CCA8900A.d.85EB43290F8F7C07686697128041DE60.e.2404"}]}
COMMAND: POST /session/bb295fd008a8bb8a1f479af6d4955b7d/execute/sync - {"script":"<script> [5351 bytes]","args":[{"element-6066-11e4-a52e-4f735466cecf":"f.71C3769F7ED8E40170006504CCA8900A.d.85EB43290F8F7C07686697128041DE60.e.2404","ELEMENT":"f.71C3769F7ED8E40170006504CCA8900A.d.85EB43290F8F7C07686697128041DE60.e.2404"}]}
COMMAND: GET /session/bb295fd008a8bb8a1f479af6d4955b7d/screenshot - {}
RESULT: {}
RESULT: {"script":"<script> [5351 bytes]","args":[{"element-6066-11e4-a52e-4f735466cecf":"f.71C3769F7ED8E40170006504CCA8900A.d.85EB43290F8F7C07686697128041DE60.e.2404","ELEMENT":"f.71C3769F7ED8E40170006504CCA8900A.d.85EB43290F8F7C07686697128041DE60.e.2404"}]}
COMMAND: GET /session/bb295fd008a8bb8a1f479af6d4955b7d/screenshot - {}
RESULT: {}
RESULT: {}
RESULT: undefined
COMMAND: POST /session/bb295fd008a8bb8a1f479af6d4955b7d/execute/async - {"script":"<script> [776 bytes]","args":[{"enterText":"1157","selector":{"id":"application-managepartners-display-component---masterPtm--smartFilterBar-btnBasicSearch","interaction":{"idSuffix":"I"}},"clearTextFirst":true,"interactionType":"ENTER_TEXT"}]}
RESULT: {"script":"<script> [776 bytes]","args":[{"enterText":"1157","selector":{"id":"application-managepartners-display-component---masterPtm--smartFilterBar-btnBasicSearch","interaction":{"idSuffix":"I"}},"clearTextFirst":true,"interactionType":"ENTER_TEXT"}]}
COMMAND: POST /session/bb295fd008a8bb8a1f479af6d4955b7d/actions - {"actions":[{"id":"action5","type":"key","parameters":{},"actions":[{"type":"keyDown","value":"î€‡"},{"type":"pause","duration":10},{"type":"keyUp","value":"î€‡"}]}]}
RESULT: {"actions":[{"id":"action5","type":"key","parameters":{},"actions":[{"type":"keyDown","value":"î€‡"},{"type":"pause","duration":10},{"type":"keyUp","value":"î€‡"}]}]}
COMMAND: GET /session/bb295fd008a8bb8a1f479af6d4955b7d/screenshot - {}
RESULT: {}
COMMAND: POST /session/bb295fd008a8bb8a1f479af6d4955b7d/elements - {"using":"xpath","value":"//table[contains(@id, \"customPartnersTable-listUl\")]/tbody/tr"}
RESULT: {"using":"xpath","value":"//table[contains(@id, \"customPartnersTable-listUl\")]/tbody/tr"}
COMMAND: POST /session/bb295fd008a8bb8a1f479af6d4955b7d/element - {"using":"xpath","value":"//table[contains(@id, \"customPartnersTable-listUl\")]/tbody/tr[1]/td[3]/span"}
RESULT: {"using":"xpath","value":"//table[contains(@id, \"customPartnersTable-listUl\")]/tbody/tr[1]/td[3]/span"}
COMMAND: POST /session/bb295fd008a8bb8a1f479af6d4955b7d/elements - {"using":"xpath","value":"//table[contains(@id, \"customPartnersTable-listUl\")]/tbody/tr[1]/td[3]/span"}
RESULT: {"using":"xpath","value":"//table[contains(@id, \"customPartnersTable-listUl\")]/tbody/tr[1]/td[3]/span"}
COMMAND: POST /session/bb295fd008a8bb8a1f479af6d4955b7d/execute/sync - {"script":"<script> [56 bytes]","args":[{"element-6066-11e4-a52e-4f735466cecf":"f.71C3769F7ED8E40170006504CCA8900A.d.85EB43290F8F7C07686697128041DE60.e.2550","ELEMENT":"f.71C3769F7ED8E40170006504CCA8900A.d.85EB43290F8F7C07686697128041DE60.e.2550"}]}
RESULT: {"script":"<script> [56 bytes]","args":[{"element-6066-11e4-a52e-4f735466cecf":"f.71C3769F7ED8E40170006504CCA8900A.d.85EB43290F8F7C07686697128041DE60.e.2550","ELEMENT":"f.71C3769F7ED8E40170006504CCA8900A.d.85EB43290F8F7C07686697128041DE60.e.2550"}]}
COMMAND: POST /session/bb295fd008a8bb8a1f479af6d4955b7d/element - {"using":"xpath","value":"//table[contains(@id, \"customPartnersTable-listUl\")]/tbody/tr[1]/td[7]/div/span"}
COMMAND: GET /session/bb295fd008a8bb8a1f479af6d4955b7d/screenshot - {}
RESULT: {"using":"xpath","value":"//table[contains(@id, \"customPartnersTable-listUl\")]/tbody/tr[1]/td[7]/div/span"}
COMMAND: POST /session/bb295fd008a8bb8a1f479af6d4955b7d/execute/sync - {"script":"<script> [56 bytes]","args":[{"element-6066-11e4-a52e-4f735466cecf":"f.71C3769F7ED8E40170006504CCA8900A.d.85EB43290F8F7C07686697128041DE60.e.2551","ELEMENT":"f.71C3769F7ED8E40170006504CCA8900A.d.85EB43290F8F7C07686697128041DE60.e.2551"}]}
RESULT: {}
RESULT: {"script":"<script> [56 bytes]","args":[{"element-6066-11e4-a52e-4f735466cecf":"f.71C3769F7ED8E40170006504CCA8900A.d.85EB43290F8F7C07686697128041DE60.e.2551","ELEMENT":"f.71C3769F7ED8E40170006504CCA8900A.d.85EB43290F8F7C07686697128041DE60.e.2551"}]}
COMMAND: POST /session/bb295fd008a8bb8a1f479af6d4955b7d/element - {"using":"xpath","value":"//table[contains(@id, \"customPartnersTable-listUl\")]/tbody/tr[1]/td[2]/div/div"}
COMMAND: GET /session/bb295fd008a8bb8a1f479af6d4955b7d/screenshot - {}
RESULT: {"using":"xpath","value":"//table[contains(@id, \"customPartnersTable-listUl\")]/tbody/tr[1]/td[2]/div/div"}
COMMAND: POST /session/bb295fd008a8bb8a1f479af6d4955b7d/element/f.71C3769F7ED8E40170006504CCA8900A.d.85EB43290F8F7C07686697128041DE60.e.2552/click - {}
RESULT: {}
RESULT: {}
COMMAND: GET /session/bb295fd008a8bb8a1f479af6d4955b7d/screenshot - {}
RESULT: {}
COMMAND: POST /session/bb295fd008a8bb8a1f479af6d4955b7d/element - {"using":"xpath","value":"//bdi[contains(text(), \"Activate\")]"}
RESULT: {"using":"xpath","value":"//bdi[contains(text(), \"Activate\")]"}
COMMAND: POST /session/bb295fd008a8bb8a1f479af6d4955b7d/element/f.71C3769F7ED8E40170006504CCA8900A.d.85EB43290F8F7C07686697128041DE60.e.2553/click - {}
RESULT: {}
COMMAND: GET /session/bb295fd008a8bb8a1f479af6d4955b7d/screenshot - {}
RESULT: {}
COMMAND: POST /session/bb295fd008a8bb8a1f479af6d4955b7d/element - {"using":"xpath","value":"//bdi[contains(text(), \"Yes\")]"}
RESULT: {"using":"xpath","value":"//bdi[contains(text(), \"Yes\")]"}
COMMAND: POST /session/bb295fd008a8bb8a1f479af6d4955b7d/element/f.71C3769F7ED8E40170006504CCA8900A.d.85EB43290F8F7C07686697128041DE60.e.2555/click - {}
RESULT: {}
COMMAND: GET /session/bb295fd008a8bb8a1f479af6d4955b7d/screenshot - {}
RESULT: {}
COMMAND: POST /session/bb295fd008a8bb8a1f479af6d4955b7d/element - {"using":"xpath","value":"//table[contains(@id, \"customPartnersTable-listUl\")]/tbody/tr[1]/td[7]/div/span"}
RESULT: {"using":"xpath","value":"//table[contains(@id, \"customPartnersTable-listUl\")]/tbody/tr[1]/td[7]/div/span"}
COMMAND: POST /session/bb295fd008a8bb8a1f479af6d4955b7d/execute/sync - {"script":"<script> [56 bytes]","args":[{"element-6066-11e4-a52e-4f735466cecf":"f.71C3769F7ED8E40170006504CCA8900A.d.85EB43290F8F7C07686697128041DE60.e.2551","ELEMENT":"f.71C3769F7ED8E40170006504CCA8900A.d.85EB43290F8F7C07686697128041DE60.e.2551"}]}
RESULT: {"script":"<script> [56 bytes]","args":[{"element-6066-11e4-a52e-4f735466cecf":"f.71C3769F7ED8E40170006504CCA8900A.d.85EB43290F8F7C07686697128041DE60.e.2551","ELEMENT":"f.71C3769F7ED8E40170006504CCA8900A.d.85EB43290F8F7C07686697128041DE60.e.2551"}]}
COMMAND: GET /session/bb295fd008a8bb8a1f479af6d4955b7d/screenshot - {}
RESULT: {}
COMMAND: POST /session/bb295fd008a8bb8a1f479af6d4955b7d/element - {"using":"css selector","value":"#shell-header-logo"}
RESULT: {"using":"css selector","value":"#shell-header-logo"}
COMMAND: POST /session/bb295fd008a8bb8a1f479af6d4955b7d/element/f.71C3769F7ED8E40170006504CCA8900A.d.85EB43290F8F7C07686697128041DE60.e.2369/click - {}
RESULT: {}
COMMAND: GET /session/bb295fd008a8bb8a1f479af6d4955b7d/screenshot - {}
RESULT: {}
]]></system-out>
    </testcase>
    <testcase classname="chrome.135_0_7049_96.windows.Partner_specific_tests_US150819_US151080_US151654_US151176_US103444_US151078_US151079_US151109_US151174_US151175_US151189" name="Should edit the created external partner and save it and check its content US103444" time="56.665">
      <system-out><![CDATA[
COMMAND: POST /session/bb295fd008a8bb8a1f479af6d4955b7d/element - {"using":"xpath","value":"//li[.//span[text()=\"Manage Partners\"]]"}
RESULT: {"using":"xpath","value":"//li[.//span[text()=\"Manage Partners\"]]"}
COMMAND: POST /session/bb295fd008a8bb8a1f479af6d4955b7d/element - {"using":"xpath","value":"//li[.//span[text()=\"Manage Partners\"]]"}
RESULT: {"using":"xpath","value":"//li[.//span[text()=\"Manage Partners\"]]"}
COMMAND: POST /session/bb295fd008a8bb8a1f479af6d4955b7d/element - {"using":"css selector","value":"#shell-header-logo"}
RESULT: {"using":"css selector","value":"#shell-header-logo"}
COMMAND: POST /session/bb295fd008a8bb8a1f479af6d4955b7d/element/f.71C3769F7ED8E40170006504CCA8900A.d.85EB43290F8F7C07686697128041DE60.e.2559/click - {}
COMMAND: POST /session/bb295fd008a8bb8a1f479af6d4955b7d/execute/sync - {"script":"<script> [8489 bytes]","args":[{"element-6066-11e4-a52e-4f735466cecf":"f.71C3769F7ED8E40170006504CCA8900A.d.85EB43290F8F7C07686697128041DE60.e.2559","ELEMENT":"f.71C3769F7ED8E40170006504CCA8900A.d.85EB43290F8F7C07686697128041DE60.e.2559"}]}
RESULT: {}
COMMAND: GET /session/bb295fd008a8bb8a1f479af6d4955b7d/screenshot - {}
RESULT: {"script":"<script> [8489 bytes]","args":[{"element-6066-11e4-a52e-4f735466cecf":"f.71C3769F7ED8E40170006504CCA8900A.d.85EB43290F8F7C07686697128041DE60.e.2559","ELEMENT":"f.71C3769F7ED8E40170006504CCA8900A.d.85EB43290F8F7C07686697128041DE60.e.2559"}]}
COMMAND: POST /session/bb295fd008a8bb8a1f479af6d4955b7d/execute/sync - {"script":"<script> [5351 bytes]","args":[{"element-6066-11e4-a52e-4f735466cecf":"f.71C3769F7ED8E40170006504CCA8900A.d.85EB43290F8F7C07686697128041DE60.e.2559","ELEMENT":"f.71C3769F7ED8E40170006504CCA8900A.d.85EB43290F8F7C07686697128041DE60.e.2559"}]}
COMMAND: GET /session/bb295fd008a8bb8a1f479af6d4955b7d/screenshot - {}
RESULT: {}
RESULT: {"script":"<script> [5351 bytes]","args":[{"element-6066-11e4-a52e-4f735466cecf":"f.71C3769F7ED8E40170006504CCA8900A.d.85EB43290F8F7C07686697128041DE60.e.2559","ELEMENT":"f.71C3769F7ED8E40170006504CCA8900A.d.85EB43290F8F7C07686697128041DE60.e.2559"}]}
COMMAND: GET /session/bb295fd008a8bb8a1f479af6d4955b7d/screenshot - {}
RESULT: {}
RESULT: {}
RESULT: undefined
COMMAND: POST /session/bb295fd008a8bb8a1f479af6d4955b7d/element - {"using":"xpath","value":"//*[@id=\"__tile38\"]"}
RESULT: {"using":"xpath","value":"//*[@id=\"__tile38\"]"}
COMMAND: POST /session/bb295fd008a8bb8a1f479af6d4955b7d/element/f.71C3769F7ED8E40170006504CCA8900A.d.85EB43290F8F7C07686697128041DE60.e.150/click - {}
RESULT: {}
COMMAND: POST /session/bb295fd008a8bb8a1f479af6d4955b7d/element - {"using":"xpath","value":"//button[@data-kt=\"addButton\"]"}
COMMAND: GET /session/bb295fd008a8bb8a1f479af6d4955b7d/screenshot - {}
RESULT: {"using":"xpath","value":"//button[@data-kt=\"addButton\"]"}
COMMAND: POST /session/bb295fd008a8bb8a1f479af6d4955b7d/elements - {"using":"xpath","value":"//button[@data-kt=\"addButton\"]"}
RESULT: {}
RESULT: {"using":"xpath","value":"//button[@data-kt=\"addButton\"]"}
COMMAND: POST /session/bb295fd008a8bb8a1f479af6d4955b7d/elements - {"using":"xpath","value":"//button[@data-kt=\"addButton\"]"}
RESULT: {"using":"xpath","value":"//button[@data-kt=\"addButton\"]"}
COMMAND: POST /session/bb295fd008a8bb8a1f479af6d4955b7d/elements - {"using":"xpath","value":"//button[@data-kt=\"addButton\"]"}
RESULT: {"using":"xpath","value":"//button[@data-kt=\"addButton\"]"}
COMMAND: POST /session/bb295fd008a8bb8a1f479af6d4955b7d/elements - {"using":"xpath","value":"//button[@data-kt=\"addButton\"]"}
RESULT: {"using":"xpath","value":"//button[@data-kt=\"addButton\"]"}
COMMAND: POST /session/bb295fd008a8bb8a1f479af6d4955b7d/elements - {"using":"xpath","value":"//button[@data-kt=\"addButton\"]"}
RESULT: {"using":"xpath","value":"//button[@data-kt=\"addButton\"]"}
COMMAND: POST /session/bb295fd008a8bb8a1f479af6d4955b7d/elements - {"using":"xpath","value":"//button[@data-kt=\"addButton\"]"}
RESULT: {"using":"xpath","value":"//button[@data-kt=\"addButton\"]"}
COMMAND: POST /session/bb295fd008a8bb8a1f479af6d4955b7d/elements - {"using":"xpath","value":"//button[@data-kt=\"addButton\"]"}
RESULT: {"using":"xpath","value":"//button[@data-kt=\"addButton\"]"}
COMMAND: POST /session/bb295fd008a8bb8a1f479af6d4955b7d/elements - {"using":"xpath","value":"//button[@data-kt=\"addButton\"]"}
RESULT: {"using":"xpath","value":"//button[@data-kt=\"addButton\"]"}
COMMAND: POST /session/bb295fd008a8bb8a1f479af6d4955b7d/elements - {"using":"xpath","value":"//button[@data-kt=\"addButton\"]"}
RESULT: {"using":"xpath","value":"//button[@data-kt=\"addButton\"]"}
COMMAND: POST /session/bb295fd008a8bb8a1f479af6d4955b7d/elements - {"using":"xpath","value":"//button[@data-kt=\"addButton\"]"}
RESULT: {"using":"xpath","value":"//button[@data-kt=\"addButton\"]"}
COMMAND: POST /session/bb295fd008a8bb8a1f479af6d4955b7d/elements - {"using":"xpath","value":"//button[@data-kt=\"addButton\"]"}
RESULT: {"using":"xpath","value":"//button[@data-kt=\"addButton\"]"}
COMMAND: POST /session/bb295fd008a8bb8a1f479af6d4955b7d/elements - {"using":"xpath","value":"//button[@data-kt=\"addButton\"]"}
RESULT: {"using":"xpath","value":"//button[@data-kt=\"addButton\"]"}
COMMAND: POST /session/bb295fd008a8bb8a1f479af6d4955b7d/elements - {"using":"xpath","value":"//button[@data-kt=\"addButton\"]"}
RESULT: {"using":"xpath","value":"//button[@data-kt=\"addButton\"]"}
COMMAND: POST /session/bb295fd008a8bb8a1f479af6d4955b7d/elements - {"using":"xpath","value":"//button[@data-kt=\"addButton\"]"}
RESULT: {"using":"xpath","value":"//button[@data-kt=\"addButton\"]"}
COMMAND: POST /session/bb295fd008a8bb8a1f479af6d4955b7d/elements - {"using":"xpath","value":"//button[@data-kt=\"addButton\"]"}
RESULT: {"using":"xpath","value":"//button[@data-kt=\"addButton\"]"}
COMMAND: POST /session/bb295fd008a8bb8a1f479af6d4955b7d/element - {"using":"xpath","value":"//button[@data-kt=\"addButton\"]"}
RESULT: {"using":"xpath","value":"//button[@data-kt=\"addButton\"]"}
COMMAND: POST /session/bb295fd008a8bb8a1f479af6d4955b7d/execute/sync - {"script":"<script> [8489 bytes]","args":[{"element-6066-11e4-a52e-4f735466cecf":"f.71C3769F7ED8E40170006504CCA8900A.d.85EB43290F8F7C07686697128041DE60.e.2604","ELEMENT":"f.71C3769F7ED8E40170006504CCA8900A.d.85EB43290F8F7C07686697128041DE60.e.2604"}]}
RESULT: {"script":"<script> [8489 bytes]","args":[{"element-6066-11e4-a52e-4f735466cecf":"f.71C3769F7ED8E40170006504CCA8900A.d.85EB43290F8F7C07686697128041DE60.e.2604","ELEMENT":"f.71C3769F7ED8E40170006504CCA8900A.d.85EB43290F8F7C07686697128041DE60.e.2604"}]}
COMMAND: GET /session/bb295fd008a8bb8a1f479af6d4955b7d/element/f.71C3769F7ED8E40170006504CCA8900A.d.85EB43290F8F7C07686697128041DE60.e.2604/enabled - {}
COMMAND: GET /session/bb295fd008a8bb8a1f479af6d4955b7d/screenshot - {}
RESULT: {}
COMMAND: POST /session/bb295fd008a8bb8a1f479af6d4955b7d/execute/sync - {"script":"<script> [8489 bytes]","args":[{"element-6066-11e4-a52e-4f735466cecf":"f.71C3769F7ED8E40170006504CCA8900A.d.85EB43290F8F7C07686697128041DE60.e.2604","ELEMENT":"f.71C3769F7ED8E40170006504CCA8900A.d.85EB43290F8F7C07686697128041DE60.e.2604"}]}
COMMAND: GET /session/bb295fd008a8bb8a1f479af6d4955b7d/screenshot - {}
RESULT: {}
RESULT: {"script":"<script> [8489 bytes]","args":[{"element-6066-11e4-a52e-4f735466cecf":"f.71C3769F7ED8E40170006504CCA8900A.d.85EB43290F8F7C07686697128041DE60.e.2604","ELEMENT":"f.71C3769F7ED8E40170006504CCA8900A.d.85EB43290F8F7C07686697128041DE60.e.2604"}]}
COMMAND: POST /session/bb295fd008a8bb8a1f479af6d4955b7d/execute/sync - {"script":"<script> [5351 bytes]","args":[{"element-6066-11e4-a52e-4f735466cecf":"f.71C3769F7ED8E40170006504CCA8900A.d.85EB43290F8F7C07686697128041DE60.e.2604","ELEMENT":"f.71C3769F7ED8E40170006504CCA8900A.d.85EB43290F8F7C07686697128041DE60.e.2604"}]}
COMMAND: GET /session/bb295fd008a8bb8a1f479af6d4955b7d/screenshot - {}
RESULT: {}
RESULT: {"script":"<script> [5351 bytes]","args":[{"element-6066-11e4-a52e-4f735466cecf":"f.71C3769F7ED8E40170006504CCA8900A.d.85EB43290F8F7C07686697128041DE60.e.2604","ELEMENT":"f.71C3769F7ED8E40170006504CCA8900A.d.85EB43290F8F7C07686697128041DE60.e.2604"}]}
COMMAND: GET /session/bb295fd008a8bb8a1f479af6d4955b7d/screenshot - {}
RESULT: {}
RESULT: {}
RESULT: undefined
COMMAND: POST /session/bb295fd008a8bb8a1f479af6d4955b7d/execute/async - {"script":"<script> [776 bytes]","args":[{"enterText":"1157","selector":{"id":"application-managepartners-display-component---masterPtm--smartFilterBar-btnBasicSearch","interaction":{"idSuffix":"I"}},"clearTextFirst":true,"interactionType":"ENTER_TEXT"}]}
RESULT: {"script":"<script> [776 bytes]","args":[{"enterText":"1157","selector":{"id":"application-managepartners-display-component---masterPtm--smartFilterBar-btnBasicSearch","interaction":{"idSuffix":"I"}},"clearTextFirst":true,"interactionType":"ENTER_TEXT"}]}
COMMAND: POST /session/bb295fd008a8bb8a1f479af6d4955b7d/actions - {"actions":[{"id":"action6","type":"key","parameters":{},"actions":[{"type":"keyDown","value":"î€‡"},{"type":"pause","duration":10},{"type":"keyUp","value":"î€‡"}]}]}
RESULT: {"actions":[{"id":"action6","type":"key","parameters":{},"actions":[{"type":"keyDown","value":"î€‡"},{"type":"pause","duration":10},{"type":"keyUp","value":"î€‡"}]}]}
COMMAND: GET /session/bb295fd008a8bb8a1f479af6d4955b7d/screenshot - {}
RESULT: {}
COMMAND: POST /session/bb295fd008a8bb8a1f479af6d4955b7d/elements - {"using":"xpath","value":"//table[contains(@id, \"customPartnersTable-listUl\")]/tbody/tr"}
RESULT: {"using":"xpath","value":"//table[contains(@id, \"customPartnersTable-listUl\")]/tbody/tr"}
COMMAND: POST /session/bb295fd008a8bb8a1f479af6d4955b7d/element - {"using":"xpath","value":"//table[contains(@id, \"customPartnersTable-listUl\")]/tbody/tr[1]/td[3]/span"}
RESULT: {"using":"xpath","value":"//table[contains(@id, \"customPartnersTable-listUl\")]/tbody/tr[1]/td[3]/span"}
COMMAND: POST /session/bb295fd008a8bb8a1f479af6d4955b7d/elements - {"using":"xpath","value":"//table[contains(@id, \"customPartnersTable-listUl\")]/tbody/tr[1]/td[3]/span"}
RESULT: {"using":"xpath","value":"//table[contains(@id, \"customPartnersTable-listUl\")]/tbody/tr[1]/td[3]/span"}
COMMAND: POST /session/bb295fd008a8bb8a1f479af6d4955b7d/execute/sync - {"script":"<script> [56 bytes]","args":[{"element-6066-11e4-a52e-4f735466cecf":"f.71C3769F7ED8E40170006504CCA8900A.d.85EB43290F8F7C07686697128041DE60.e.2738","ELEMENT":"f.71C3769F7ED8E40170006504CCA8900A.d.85EB43290F8F7C07686697128041DE60.e.2738"}]}
RESULT: {"script":"<script> [56 bytes]","args":[{"element-6066-11e4-a52e-4f735466cecf":"f.71C3769F7ED8E40170006504CCA8900A.d.85EB43290F8F7C07686697128041DE60.e.2738","ELEMENT":"f.71C3769F7ED8E40170006504CCA8900A.d.85EB43290F8F7C07686697128041DE60.e.2738"}]}
COMMAND: POST /session/bb295fd008a8bb8a1f479af6d4955b7d/element - {"using":"xpath","value":"(//span[contains(@id, \"imgNav\")])[1]"}
COMMAND: GET /session/bb295fd008a8bb8a1f479af6d4955b7d/screenshot - {}
RESULT: {"using":"xpath","value":"(//span[contains(@id, \"imgNav\")])[1]"}
COMMAND: POST /session/bb295fd008a8bb8a1f479af6d4955b7d/element/f.71C3769F7ED8E40170006504CCA8900A.d.85EB43290F8F7C07686697128041DE60.e.2736/click - {}
RESULT: {}
RESULT: {}
COMMAND: GET /session/bb295fd008a8bb8a1f479af6d4955b7d/screenshot - {}
RESULT: {}
COMMAND: POST /session/bb295fd008a8bb8a1f479af6d4955b7d/element - {"using":"xpath","value":"//bdi[contains(text(), \"Edit\")]"}
RESULT: {"using":"xpath","value":"//bdi[contains(text(), \"Edit\")]"}
COMMAND: POST /session/bb295fd008a8bb8a1f479af6d4955b7d/element/f.71C3769F7ED8E40170006504CCA8900A.d.85EB43290F8F7C07686697128041DE60.e.2880/click - {}
RESULT: {}
COMMAND: GET /session/bb295fd008a8bb8a1f479af6d4955b7d/screenshot - {}
RESULT: {}
COMMAND: POST /session/bb295fd008a8bb8a1f479af6d4955b7d/execute/async - {"script":"<script> [1562 bytes]","args":[{"selector":{"controlType":"sap.m.Input","viewName":"etm.portal.ui.managepartners.view.EditDetail","labelFor":{"text":"Name"},"interaction":{"idSuffix":"inner"}},"wdio_ui5_key":"etmportal.ui.managepartners.view.EditDetailsap.m.Input{\"text\":\"Name\"}"}]}
RESULT: {"script":"<script> [1562 bytes]","args":[{"selector":{"controlType":"sap.m.Input","viewName":"etm.portal.ui.managepartners.view.EditDetail","labelFor":{"text":"Name"},"interaction":{"idSuffix":"inner"}},"wdio_ui5_key":"etmportal.ui.managepartners.view.EditDetailsap.m.Input{\"text\":\"Name\"}"}]}
RESULT: undefined
COMMAND: POST /session/bb295fd008a8bb8a1f479af6d4955b7d/execute/async - {"script":"<script> [776 bytes]","args":[{"enterText":"External EDIT","selector":{"controlType":"sap.m.Input","viewName":"etm.portal.ui.managepartners.view.EditDetail","labelFor":{"text":"Name"},"interaction":{"idSuffix":"inner"}},"clearTextFirst":true,"interactionType":"ENTER_TEXT"}]}
RESULT: {"script":"<script> [776 bytes]","args":[{"enterText":"External EDIT","selector":{"controlType":"sap.m.Input","viewName":"etm.portal.ui.managepartners.view.EditDetail","labelFor":{"text":"Name"},"interaction":{"idSuffix":"inner"}},"clearTextFirst":true,"interactionType":"ENTER_TEXT"}]}
COMMAND: POST /session/bb295fd008a8bb8a1f479af6d4955b7d/element - {"using":"xpath","value":"(//span[contains(@id,\"addressDetailDetailsLanguage-arrow\")])[1]"}
RESULT: {"using":"xpath","value":"(//span[contains(@id,\"addressDetailDetailsLanguage-arrow\")])[1]"}
COMMAND: POST /session/bb295fd008a8bb8a1f479af6d4955b7d/element/f.71C3769F7ED8E40170006504CCA8900A.d.85EB43290F8F7C07686697128041DE60.e.2959/click - {}
RESULT: {}
COMMAND: POST /session/bb295fd008a8bb8a1f479af6d4955b7d/element - {"using":"xpath","value":"//span[contains(text(), \"Chinese\")]"}
COMMAND: GET /session/bb295fd008a8bb8a1f479af6d4955b7d/screenshot - {}
RESULT: {"using":"xpath","value":"//span[contains(text(), \"Chinese\")]"}
COMMAND: POST /session/bb295fd008a8bb8a1f479af6d4955b7d/element/f.71C3769F7ED8E40170006504CCA8900A.d.85EB43290F8F7C07686697128041DE60.e.2960/click - {}
RESULT: {}
RESULT: {}
COMMAND: GET /session/bb295fd008a8bb8a1f479af6d4955b7d/screenshot - {}
RESULT: {}
COMMAND: POST /session/bb295fd008a8bb8a1f479af6d4955b7d/execute/async - {"script":"<script> [1562 bytes]","args":[{"selector":{"controlType":"sap.m.Input","viewName":"etm.portal.ui.managepartners.view.EditDetail","labelFor":{"text":"City"},"interaction":{"idSuffix":"inner"}},"wdio_ui5_key":"etmportal.ui.managepartners.view.EditDetailsap.m.Input{\"text\":\"City\"}"}]}
RESULT: {"script":"<script> [1562 bytes]","args":[{"selector":{"controlType":"sap.m.Input","viewName":"etm.portal.ui.managepartners.view.EditDetail","labelFor":{"text":"City"},"interaction":{"idSuffix":"inner"}},"wdio_ui5_key":"etmportal.ui.managepartners.view.EditDetailsap.m.Input{\"text\":\"City\"}"}]}
RESULT: undefined
COMMAND: POST /session/bb295fd008a8bb8a1f479af6d4955b7d/execute/async - {"script":"<script> [776 bytes]","args":[{"enterText":"Clooj-Napoca","selector":{"controlType":"sap.m.Input","viewName":"etm.portal.ui.managepartners.view.EditDetail","labelFor":{"text":"City"},"interaction":{"idSuffix":"inner"}},"clearTextFirst":true,"interactionType":"ENTER_TEXT"}]}
RESULT: {"script":"<script> [776 bytes]","args":[{"enterText":"Clooj-Napoca","selector":{"controlType":"sap.m.Input","viewName":"etm.portal.ui.managepartners.view.EditDetail","labelFor":{"text":"City"},"interaction":{"idSuffix":"inner"}},"clearTextFirst":true,"interactionType":"ENTER_TEXT"}]}
COMMAND: POST /session/bb295fd008a8bb8a1f479af6d4955b7d/element - {"using":"xpath","value":"//button[@data-kt=\"saveButton\"]"}
RESULT: {"using":"xpath","value":"//button[@data-kt=\"saveButton\"]"}
COMMAND: POST /session/bb295fd008a8bb8a1f479af6d4955b7d/element/f.71C3769F7ED8E40170006504CCA8900A.d.85EB43290F8F7C07686697128041DE60.e.2942/click - {}
RESULT: {}
COMMAND: GET /session/bb295fd008a8bb8a1f479af6d4955b7d/screenshot - {}
RESULT: {}
COMMAND: POST /session/bb295fd008a8bb8a1f479af6d4955b7d/execute/async - {"script":"<script> [1562 bytes]","args":[{"selector":{"id":"application-managepartners-display-component---detailPtm--addressDetailDetailsName1"},"wdio_ui5_key":"applicationmanagepartners-display-component---detailPtm--addressDetailDetailsName1"}]}
RESULT: {"script":"<script> [1562 bytes]","args":[{"selector":{"id":"application-managepartners-display-component---detailPtm--addressDetailDetailsName1"},"wdio_ui5_key":"applicationmanagepartners-display-component---detailPtm--addressDetailDetailsName1"}]}
RESULT: undefined
COMMAND: POST /session/bb295fd008a8bb8a1f479af6d4955b7d/execute/async - {"script":"<script> [6424 bytes]","args":[{"element-6066-11e4-a52e-4f735466cecf":"f.71C3769F7ED8E40170006504CCA8900A.d.85EB43290F8F7C07686697128041DE60.e.2991"},"getValue",[]]}
RESULT: {"script":"<script> [6424 bytes]","args":[{"element-6066-11e4-a52e-4f735466cecf":"f.71C3769F7ED8E40170006504CCA8900A.d.85EB43290F8F7C07686697128041DE60.e.2991"},"getValue",[]]}
COMMAND: POST /session/bb295fd008a8bb8a1f479af6d4955b7d/element - {"using":"xpath","value":"//input[@id = \"application-managepartners-display-component---detailPtm--addressDetailDetailsLanguage-inner\"]"}
RESULT: {"using":"xpath","value":"//input[@id = \"application-managepartners-display-component---detailPtm--addressDetailDetailsLanguage-inner\"]"}
COMMAND: GET /session/bb295fd008a8bb8a1f479af6d4955b7d/element/f.71C3769F7ED8E40170006504CCA8900A.d.85EB43290F8F7C07686697128041DE60.e.2992/property/value - {}
RESULT: {}
COMMAND: POST /session/bb295fd008a8bb8a1f479af6d4955b7d/execute/async - {"script":"<script> [1562 bytes]","args":[{"selector":{"id":"application-managepartners-display-component---detailPtm--addressDetailDetailsCity1"},"wdio_ui5_key":"applicationmanagepartners-display-component---detailPtm--addressDetailDetailsCity1"}]}
COMMAND: GET /session/bb295fd008a8bb8a1f479af6d4955b7d/screenshot - {}
RESULT: {"script":"<script> [1562 bytes]","args":[{"selector":{"id":"application-managepartners-display-component---detailPtm--addressDetailDetailsCity1"},"wdio_ui5_key":"applicationmanagepartners-display-component---detailPtm--addressDetailDetailsCity1"}]}
RESULT: undefined
COMMAND: POST /session/bb295fd008a8bb8a1f479af6d4955b7d/execute/async - {"script":"<script> [6424 bytes]","args":[{"element-6066-11e4-a52e-4f735466cecf":"f.71C3769F7ED8E40170006504CCA8900A.d.85EB43290F8F7C07686697128041DE60.e.2993"},"getValue",[]]}
RESULT: {}
RESULT: {"script":"<script> [6424 bytes]","args":[{"element-6066-11e4-a52e-4f735466cecf":"f.71C3769F7ED8E40170006504CCA8900A.d.85EB43290F8F7C07686697128041DE60.e.2993"},"getValue",[]]}
COMMAND: POST /session/bb295fd008a8bb8a1f479af6d4955b7d/element - {"using":"css selector","value":"#shell-header-logo"}
RESULT: {"using":"css selector","value":"#shell-header-logo"}
COMMAND: POST /session/bb295fd008a8bb8a1f479af6d4955b7d/element/f.71C3769F7ED8E40170006504CCA8900A.d.85EB43290F8F7C07686697128041DE60.e.2559/click - {}
RESULT: {}
COMMAND: GET /session/bb295fd008a8bb8a1f479af6d4955b7d/screenshot - {}
RESULT: {}
]]></system-out>
    </testcase>
    <testcase classname="chrome.135_0_7049_96.windows.Partner_specific_tests_US150819_US151080_US151654_US151176_US103444_US151078_US151079_US151109_US151174_US151175_US151189" name="Should create a new intercompany partner edit some of its fields US151078" time="209.516">
      <system-out><![CDATA[
COMMAND: POST /session/bb295fd008a8bb8a1f479af6d4955b7d/element - {"using":"xpath","value":"//li[.//span[text()=\"Manage Partners\"]]"}
RESULT: {"using":"xpath","value":"//li[.//span[text()=\"Manage Partners\"]]"}
COMMAND: POST /session/bb295fd008a8bb8a1f479af6d4955b7d/element - {"using":"xpath","value":"//li[.//span[text()=\"Manage Partners\"]]"}
RESULT: {"using":"xpath","value":"//li[.//span[text()=\"Manage Partners\"]]"}
COMMAND: POST /session/bb295fd008a8bb8a1f479af6d4955b7d/element - {"using":"css selector","value":"#shell-header-logo"}
RESULT: {"using":"css selector","value":"#shell-header-logo"}
COMMAND: POST /session/bb295fd008a8bb8a1f479af6d4955b7d/element/f.71C3769F7ED8E40170006504CCA8900A.d.85EB43290F8F7C07686697128041DE60.e.3023/click - {}
COMMAND: POST /session/bb295fd008a8bb8a1f479af6d4955b7d/execute/sync - {"script":"<script> [8489 bytes]","args":[{"element-6066-11e4-a52e-4f735466cecf":"f.71C3769F7ED8E40170006504CCA8900A.d.85EB43290F8F7C07686697128041DE60.e.3023","ELEMENT":"f.71C3769F7ED8E40170006504CCA8900A.d.85EB43290F8F7C07686697128041DE60.e.3023"}]}
RESULT: {"script":"<script> [8489 bytes]","args":[{"element-6066-11e4-a52e-4f735466cecf":"f.71C3769F7ED8E40170006504CCA8900A.d.85EB43290F8F7C07686697128041DE60.e.3023","ELEMENT":"f.71C3769F7ED8E40170006504CCA8900A.d.85EB43290F8F7C07686697128041DE60.e.3023"}]}
COMMAND: POST /session/bb295fd008a8bb8a1f479af6d4955b7d/execute/sync - {"script":"<script> [5351 bytes]","args":[{"element-6066-11e4-a52e-4f735466cecf":"f.71C3769F7ED8E40170006504CCA8900A.d.85EB43290F8F7C07686697128041DE60.e.3023","ELEMENT":"f.71C3769F7ED8E40170006504CCA8900A.d.85EB43290F8F7C07686697128041DE60.e.3023"}]}
COMMAND: GET /session/bb295fd008a8bb8a1f479af6d4955b7d/screenshot - {}
RESULT: {}
COMMAND: GET /session/bb295fd008a8bb8a1f479af6d4955b7d/screenshot - {}
RESULT: {"script":"<script> [5351 bytes]","args":[{"element-6066-11e4-a52e-4f735466cecf":"f.71C3769F7ED8E40170006504CCA8900A.d.85EB43290F8F7C07686697128041DE60.e.3023","ELEMENT":"f.71C3769F7ED8E40170006504CCA8900A.d.85EB43290F8F7C07686697128041DE60.e.3023"}]}
COMMAND: GET /session/bb295fd008a8bb8a1f479af6d4955b7d/screenshot - {}
RESULT: {}
RESULT: {}
RESULT: {}
COMMAND: POST /session/bb295fd008a8bb8a1f479af6d4955b7d/refresh - {}
RESULT: {}
COMMAND: GET /session/bb295fd008a8bb8a1f479af6d4955b7d/screenshot - {}
RESULT: {}
COMMAND: POST /session/bb295fd008a8bb8a1f479af6d4955b7d/refresh - {}
RESULT: {}
COMMAND: GET /session/bb295fd008a8bb8a1f479af6d4955b7d/screenshot - {}
RESULT: {}
COMMAND: POST /session/bb295fd008a8bb8a1f479af6d4955b7d/window/fullscreen - {}
RESULT: {}
COMMAND: POST /session/bb295fd008a8bb8a1f479af6d4955b7d/execute/async - {"script":"<script> [189 bytes]","args":[]}
RESULT: {"script":"<script> [189 bytes]","args":[]}
COMMAND: POST /session/bb295fd008a8bb8a1f479af6d4955b7d/execute/async - {"script":"<script> [123 bytes]","args":[]}
RESULT: {"script":"<script> [123 bytes]","args":[]}
COMMAND: POST /session/bb295fd008a8bb8a1f479af6d4955b7d/timeouts - {"script":"<number>"}
RESULT: {"script":"<number>"}
COMMAND: GET /session/bb295fd008a8bb8a1f479af6d4955b7d/timeouts - {}
RESULT: {}
RESULT: undefined
COMMAND: POST /session/bb295fd008a8bb8a1f479af6d4955b7d/execute/async - {"script":"<script> [2676 bytes]","args":[]}
RESULT: {"script":"<script> [2676 bytes]","args":[]}
COMMAND: POST /session/bb295fd008a8bb8a1f479af6d4955b7d/execute/async - {"script":"<script> [2342 bytes]","args":[{"protocol":"http","hostname":"0.0.0.0","path":"/","capabilities":{"browserName":"chrome","goog:chromeOptions":{"binary":"C:\\Program Files\\Google\\Chrome\\Application\\chrome.exe","args":["--start-maximized"]}},"logLevel":"warn","connectionRetryTimeout":120000,"connectionRetryCount":3,"logLevels":{},"enableDirectConnect":true,"strictSSL":true,"_":"65 more keys: [\"cacheDir\",\"port\",\"requestedCapabilities\",\"automationProtocol\",\"baseUrl\",\"waitforInterval\",\"waitforTimeout\",\"onReload\",\"beforeCommand\",\"afterCommand\",\"rootDir\",\"specs\",\"suites\",\"exclude\",\"groupLogsByTestSpec\",\"excludeDriverLogs\",\"bail\",\"framework\",\"reporters\",\"services\",\"maxInstances\",\"maxInstancesPerCapability\",\"injectGlobals\",\"filesToWatch\",\"execArgv\",\"runnerEnv\",\"runner\",\"shard\",\"specFileRetries\",\"specFileRetriesDelay\",\"specFileRetriesDeferred\",\"reporterSyncInterval\",\"reporterSyncTimeout\",\"cucumberFeaturesWithLineNumbers\",\"autoCompileOpts\",\"mochaOpts\",\"jasmineOpts\",\"cucumberOpts\",\"onPrepare\",\"onWorkerStart\",\"onWorkerEnd\",\"before\",\"beforeSession\",\"beforeSuite\",\"beforeHook\",\"beforeTest\",\"afterTest\",\"afterHook\",\"afterSuite\",\"afterSession\",\"after\",\"onComplete\",\"beforeAssertion\",\"afterAssertion\",\"beforeFeature\",\"beforeScenario\",\"beforeStep\",\"afterStep\",\"afterScenario\",\"afterFeature\",\"_\",\"suite\",\"$0\",\"ignoredWorkerServices\",\"wdi5\"]"}]}
RESULT: {"script":"<script> [2342 bytes]","args":[{"protocol":"http","hostname":"0.0.0.0","path":"/","capabilities":{"browserName":"chrome","goog:chromeOptions":{"binary":"C:\\Program Files\\Google\\Chrome\\Application\\chrome.exe","args":["--start-maximized"]}},"logLevel":"warn","connectionRetryTimeout":120000,"connectionRetryCount":3,"logLevels":{},"enableDirectConnect":true,"strictSSL":true,"_":"65 more keys: [\"cacheDir\",\"port\",\"requestedCapabilities\",\"automationProtocol\",\"baseUrl\",\"waitforInterval\",\"waitforTimeout\",\"onReload\",\"beforeCommand\",\"afterCommand\",\"rootDir\",\"specs\",\"suites\",\"exclude\",\"groupLogsByTestSpec\",\"excludeDriverLogs\",\"bail\",\"framework\",\"reporters\",\"services\",\"maxInstances\",\"maxInstancesPerCapability\",\"injectGlobals\",\"filesToWatch\",\"execArgv\",\"runnerEnv\",\"runner\",\"shard\",\"specFileRetries\",\"specFileRetriesDelay\",\"specFileRetriesDeferred\",\"reporterSyncInterval\",\"reporterSyncTimeout\",\"cucumberFeaturesWithLineNumbers\",\"autoCompileOpts\",\"mochaOpts\",\"jasmineOpts\",\"cucumberOpts\",\"onPrepare\",\"onWorkerStart\",\"onWorkerEnd\",\"before\",\"beforeSession\",\"beforeSuite\",\"beforeHook\",\"beforeTest\",\"afterTest\",\"afterHook\",\"afterSuite\",\"afterSession\",\"after\",\"onComplete\",\"beforeAssertion\",\"afterAssertion\",\"beforeFeature\",\"beforeScenario\",\"beforeStep\",\"afterStep\",\"afterScenario\",\"afterFeature\",\"_\",\"suite\",\"$0\",\"ignoredWorkerServices\",\"wdi5\"]"}]}
COMMAND: POST /session/bb295fd008a8bb8a1f479af6d4955b7d/execute/async - {"script":"<script> [21126 bytes]","args":[35000]}
RESULT: {"script":"<script> [21126 bytes]","args":[35000]}
COMMAND: POST /session/bb295fd008a8bb8a1f479af6d4955b7d/window/fullscreen - {}
RESULT: {}
COMMAND: POST /session/bb295fd008a8bb8a1f479af6d4955b7d/window/fullscreen - {}
RESULT: {}
COMMAND: POST /session/bb295fd008a8bb8a1f479af6d4955b7d/execute/async - {"script":"<script> [1562 bytes]","args":[{"selector":{"controlType":"sap.m.GenericTile","properties":{"header":"Manage Partners"}},"wdio_ui5_key":"sapm.GenericTile{\"header\":\"Manage Partners\"}"}]}
RESULT: {"script":"<script> [1562 bytes]","args":[{"selector":{"controlType":"sap.m.GenericTile","properties":{"header":"Manage Partners"}},"wdio_ui5_key":"sapm.GenericTile{\"header\":\"Manage Partners\"}"}]}
RESULT: undefined
COMMAND: POST /session/bb295fd008a8bb8a1f479af6d4955b7d/element - {"using":"xpath","value":"//*[@id=\"__tile30\"]"}
RESULT: {"using":"xpath","value":"//*[@id=\"__tile30\"]"}
COMMAND: POST /session/bb295fd008a8bb8a1f479af6d4955b7d/element/f.71C3769F7ED8E40170006504CCA8900A.d.1FBF9DB950D13A41254E1281365D5B6D.e.3090/click - {}
RESULT: {}
COMMAND: POST /session/bb295fd008a8bb8a1f479af6d4955b7d/element - {"using":"xpath","value":"//button[@data-kt=\"addButton\"]"}
COMMAND: GET /session/bb295fd008a8bb8a1f479af6d4955b7d/screenshot - {}
RESULT: {"using":"xpath","value":"//button[@data-kt=\"addButton\"]"}
COMMAND: POST /session/bb295fd008a8bb8a1f479af6d4955b7d/elements - {"using":"xpath","value":"//button[@data-kt=\"addButton\"]"}
RESULT: {}
RESULT: {"using":"xpath","value":"//button[@data-kt=\"addButton\"]"}
COMMAND: POST /session/bb295fd008a8bb8a1f479af6d4955b7d/elements - {"using":"xpath","value":"//button[@data-kt=\"addButton\"]"}
RESULT: {"using":"xpath","value":"//button[@data-kt=\"addButton\"]"}
COMMAND: POST /session/bb295fd008a8bb8a1f479af6d4955b7d/elements - {"using":"xpath","value":"//button[@data-kt=\"addButton\"]"}
RESULT: {"using":"xpath","value":"//button[@data-kt=\"addButton\"]"}
COMMAND: POST /session/bb295fd008a8bb8a1f479af6d4955b7d/elements - {"using":"xpath","value":"//button[@data-kt=\"addButton\"]"}
RESULT: {"using":"xpath","value":"//button[@data-kt=\"addButton\"]"}
COMMAND: POST /session/bb295fd008a8bb8a1f479af6d4955b7d/elements - {"using":"xpath","value":"//button[@data-kt=\"addButton\"]"}
RESULT: {"using":"xpath","value":"//button[@data-kt=\"addButton\"]"}
COMMAND: POST /session/bb295fd008a8bb8a1f479af6d4955b7d/elements - {"using":"xpath","value":"//button[@data-kt=\"addButton\"]"}
RESULT: {"using":"xpath","value":"//button[@data-kt=\"addButton\"]"}
COMMAND: POST /session/bb295fd008a8bb8a1f479af6d4955b7d/elements - {"using":"xpath","value":"//button[@data-kt=\"addButton\"]"}
RESULT: {"using":"xpath","value":"//button[@data-kt=\"addButton\"]"}
COMMAND: POST /session/bb295fd008a8bb8a1f479af6d4955b7d/elements - {"using":"xpath","value":"//button[@data-kt=\"addButton\"]"}
RESULT: {"using":"xpath","value":"//button[@data-kt=\"addButton\"]"}
COMMAND: POST /session/bb295fd008a8bb8a1f479af6d4955b7d/elements - {"using":"xpath","value":"//button[@data-kt=\"addButton\"]"}
RESULT: {"using":"xpath","value":"//button[@data-kt=\"addButton\"]"}
COMMAND: POST /session/bb295fd008a8bb8a1f479af6d4955b7d/elements - {"using":"xpath","value":"//button[@data-kt=\"addButton\"]"}
RESULT: {"using":"xpath","value":"//button[@data-kt=\"addButton\"]"}
COMMAND: POST /session/bb295fd008a8bb8a1f479af6d4955b7d/elements - {"using":"xpath","value":"//button[@data-kt=\"addButton\"]"}
RESULT: {"using":"xpath","value":"//button[@data-kt=\"addButton\"]"}
COMMAND: POST /session/bb295fd008a8bb8a1f479af6d4955b7d/elements - {"using":"xpath","value":"//button[@data-kt=\"addButton\"]"}
RESULT: {"using":"xpath","value":"//button[@data-kt=\"addButton\"]"}
COMMAND: POST /session/bb295fd008a8bb8a1f479af6d4955b7d/elements - {"using":"xpath","value":"//button[@data-kt=\"addButton\"]"}
RESULT: {"using":"xpath","value":"//button[@data-kt=\"addButton\"]"}
COMMAND: POST /session/bb295fd008a8bb8a1f479af6d4955b7d/elements - {"using":"xpath","value":"//button[@data-kt=\"addButton\"]"}
RESULT: {"using":"xpath","value":"//button[@data-kt=\"addButton\"]"}
COMMAND: POST /session/bb295fd008a8bb8a1f479af6d4955b7d/elements - {"using":"xpath","value":"//button[@data-kt=\"addButton\"]"}
RESULT: {"using":"xpath","value":"//button[@data-kt=\"addButton\"]"}
COMMAND: POST /session/bb295fd008a8bb8a1f479af6d4955b7d/elements - {"using":"xpath","value":"//button[@data-kt=\"addButton\"]"}
RESULT: {"using":"xpath","value":"//button[@data-kt=\"addButton\"]"}
COMMAND: POST /session/bb295fd008a8bb8a1f479af6d4955b7d/elements - {"using":"xpath","value":"//button[@data-kt=\"addButton\"]"}
RESULT: {"using":"xpath","value":"//button[@data-kt=\"addButton\"]"}
COMMAND: POST /session/bb295fd008a8bb8a1f479af6d4955b7d/elements - {"using":"xpath","value":"//button[@data-kt=\"addButton\"]"}
RESULT: {"using":"xpath","value":"//button[@data-kt=\"addButton\"]"}
COMMAND: POST /session/bb295fd008a8bb8a1f479af6d4955b7d/elements - {"using":"xpath","value":"//button[@data-kt=\"addButton\"]"}
RESULT: {"using":"xpath","value":"//button[@data-kt=\"addButton\"]"}
COMMAND: POST /session/bb295fd008a8bb8a1f479af6d4955b7d/elements - {"using":"xpath","value":"//button[@data-kt=\"addButton\"]"}
RESULT: {"using":"xpath","value":"//button[@data-kt=\"addButton\"]"}
COMMAND: POST /session/bb295fd008a8bb8a1f479af6d4955b7d/elements - {"using":"xpath","value":"//button[@data-kt=\"addButton\"]"}
RESULT: {"using":"xpath","value":"//button[@data-kt=\"addButton\"]"}
COMMAND: POST /session/bb295fd008a8bb8a1f479af6d4955b7d/elements - {"using":"xpath","value":"//button[@data-kt=\"addButton\"]"}
RESULT: {"using":"xpath","value":"//button[@data-kt=\"addButton\"]"}
COMMAND: POST /session/bb295fd008a8bb8a1f479af6d4955b7d/elements - {"using":"xpath","value":"//button[@data-kt=\"addButton\"]"}
RESULT: {"using":"xpath","value":"//button[@data-kt=\"addButton\"]"}
COMMAND: POST /session/bb295fd008a8bb8a1f479af6d4955b7d/elements - {"using":"xpath","value":"//button[@data-kt=\"addButton\"]"}
RESULT: {"using":"xpath","value":"//button[@data-kt=\"addButton\"]"}
COMMAND: POST /session/bb295fd008a8bb8a1f479af6d4955b7d/elements - {"using":"xpath","value":"//button[@data-kt=\"addButton\"]"}
RESULT: {"using":"xpath","value":"//button[@data-kt=\"addButton\"]"}
COMMAND: POST /session/bb295fd008a8bb8a1f479af6d4955b7d/elements - {"using":"xpath","value":"//button[@data-kt=\"addButton\"]"}
RESULT: {"using":"xpath","value":"//button[@data-kt=\"addButton\"]"}
COMMAND: POST /session/bb295fd008a8bb8a1f479af6d4955b7d/elements - {"using":"xpath","value":"//button[@data-kt=\"addButton\"]"}
RESULT: {"using":"xpath","value":"//button[@data-kt=\"addButton\"]"}
COMMAND: POST /session/bb295fd008a8bb8a1f479af6d4955b7d/elements - {"using":"xpath","value":"//button[@data-kt=\"addButton\"]"}
RESULT: {"using":"xpath","value":"//button[@data-kt=\"addButton\"]"}
COMMAND: POST /session/bb295fd008a8bb8a1f479af6d4955b7d/elements - {"using":"xpath","value":"//button[@data-kt=\"addButton\"]"}
RESULT: {"using":"xpath","value":"//button[@data-kt=\"addButton\"]"}
COMMAND: POST /session/bb295fd008a8bb8a1f479af6d4955b7d/elements - {"using":"xpath","value":"//button[@data-kt=\"addButton\"]"}
RESULT: {"using":"xpath","value":"//button[@data-kt=\"addButton\"]"}
COMMAND: POST /session/bb295fd008a8bb8a1f479af6d4955b7d/elements - {"using":"xpath","value":"//button[@data-kt=\"addButton\"]"}
RESULT: {"using":"xpath","value":"//button[@data-kt=\"addButton\"]"}
COMMAND: POST /session/bb295fd008a8bb8a1f479af6d4955b7d/elements - {"using":"xpath","value":"//button[@data-kt=\"addButton\"]"}
RESULT: {"using":"xpath","value":"//button[@data-kt=\"addButton\"]"}
COMMAND: POST /session/bb295fd008a8bb8a1f479af6d4955b7d/elements - {"using":"xpath","value":"//button[@data-kt=\"addButton\"]"}
RESULT: {"using":"xpath","value":"//button[@data-kt=\"addButton\"]"}
COMMAND: POST /session/bb295fd008a8bb8a1f479af6d4955b7d/elements - {"using":"xpath","value":"//button[@data-kt=\"addButton\"]"}
RESULT: {"using":"xpath","value":"//button[@data-kt=\"addButton\"]"}
COMMAND: POST /session/bb295fd008a8bb8a1f479af6d4955b7d/element - {"using":"xpath","value":"//button[@data-kt=\"addButton\"]"}
RESULT: {"using":"xpath","value":"//button[@data-kt=\"addButton\"]"}
COMMAND: POST /session/bb295fd008a8bb8a1f479af6d4955b7d/execute/sync - {"script":"<script> [8489 bytes]","args":[{"element-6066-11e4-a52e-4f735466cecf":"f.71C3769F7ED8E40170006504CCA8900A.d.1FBF9DB950D13A41254E1281365D5B6D.e.3205","ELEMENT":"f.71C3769F7ED8E40170006504CCA8900A.d.1FBF9DB950D13A41254E1281365D5B6D.e.3205"}]}
RESULT: {"script":"<script> [8489 bytes]","args":[{"element-6066-11e4-a52e-4f735466cecf":"f.71C3769F7ED8E40170006504CCA8900A.d.1FBF9DB950D13A41254E1281365D5B6D.e.3205","ELEMENT":"f.71C3769F7ED8E40170006504CCA8900A.d.1FBF9DB950D13A41254E1281365D5B6D.e.3205"}]}
COMMAND: GET /session/bb295fd008a8bb8a1f479af6d4955b7d/element/f.71C3769F7ED8E40170006504CCA8900A.d.1FBF9DB950D13A41254E1281365D5B6D.e.3205/enabled - {}
COMMAND: GET /session/bb295fd008a8bb8a1f479af6d4955b7d/screenshot - {}
RESULT: {}
COMMAND: POST /session/bb295fd008a8bb8a1f479af6d4955b7d/execute/sync - {"script":"<script> [8489 bytes]","args":[{"element-6066-11e4-a52e-4f735466cecf":"f.71C3769F7ED8E40170006504CCA8900A.d.1FBF9DB950D13A41254E1281365D5B6D.e.3205","ELEMENT":"f.71C3769F7ED8E40170006504CCA8900A.d.1FBF9DB950D13A41254E1281365D5B6D.e.3205"}]}
COMMAND: GET /session/bb295fd008a8bb8a1f479af6d4955b7d/screenshot - {}
RESULT: {}
RESULT: {"script":"<script> [8489 bytes]","args":[{"element-6066-11e4-a52e-4f735466cecf":"f.71C3769F7ED8E40170006504CCA8900A.d.1FBF9DB950D13A41254E1281365D5B6D.e.3205","ELEMENT":"f.71C3769F7ED8E40170006504CCA8900A.d.1FBF9DB950D13A41254E1281365D5B6D.e.3205"}]}
COMMAND: POST /session/bb295fd008a8bb8a1f479af6d4955b7d/execute/sync - {"script":"<script> [5351 bytes]","args":[{"element-6066-11e4-a52e-4f735466cecf":"f.71C3769F7ED8E40170006504CCA8900A.d.1FBF9DB950D13A41254E1281365D5B6D.e.3205","ELEMENT":"f.71C3769F7ED8E40170006504CCA8900A.d.1FBF9DB950D13A41254E1281365D5B6D.e.3205"}]}
COMMAND: GET /session/bb295fd008a8bb8a1f479af6d4955b7d/screenshot - {}
RESULT: {}
RESULT: {"script":"<script> [5351 bytes]","args":[{"element-6066-11e4-a52e-4f735466cecf":"f.71C3769F7ED8E40170006504CCA8900A.d.1FBF9DB950D13A41254E1281365D5B6D.e.3205","ELEMENT":"f.71C3769F7ED8E40170006504CCA8900A.d.1FBF9DB950D13A41254E1281365D5B6D.e.3205"}]}
COMMAND: POST /session/bb295fd008a8bb8a1f479af6d4955b7d/element/f.71C3769F7ED8E40170006504CCA8900A.d.1FBF9DB950D13A41254E1281365D5B6D.e.3205/click - {}
COMMAND: GET /session/bb295fd008a8bb8a1f479af6d4955b7d/screenshot - {}
RESULT: {}
RESULT: {}
COMMAND: GET /session/bb295fd008a8bb8a1f479af6d4955b7d/screenshot - {}
RESULT: {}
RESULT: {}
COMMAND: POST /session/bb295fd008a8bb8a1f479af6d4955b7d/execute/async - {"script":"<script> [1562 bytes]","args":[{"selector":{"id":"application-managepartners-display-component---NewPartner--addressDetailDetailsName1","interaction":{"idSuffix":"inner"}},"wdio_ui5_key":"applicationmanagepartners-display-component---NewPartner--addressDetailDetailsName1"}]}
RESULT: {"script":"<script> [1562 bytes]","args":[{"selector":{"id":"application-managepartners-display-component---NewPartner--addressDetailDetailsName1","interaction":{"idSuffix":"inner"}},"wdio_ui5_key":"applicationmanagepartners-display-component---NewPartner--addressDetailDetailsName1"}]}
RESULT: undefined
COMMAND: POST /session/bb295fd008a8bb8a1f479af6d4955b7d/execute/async - {"script":"<script> [776 bytes]","args":[{"enterText":"Intercompany Partner WDIO","selector":{"id":"application-managepartners-display-component---NewPartner--addressDetailDetailsName1","interaction":{"idSuffix":"inner"}},"clearTextFirst":true,"interactionType":"ENTER_TEXT"}]}
RESULT: {"script":"<script> [776 bytes]","args":[{"enterText":"Intercompany Partner WDIO","selector":{"id":"application-managepartners-display-component---NewPartner--addressDetailDetailsName1","interaction":{"idSuffix":"inner"}},"clearTextFirst":true,"interactionType":"ENTER_TEXT"}]}
COMMAND: POST /session/bb295fd008a8bb8a1f479af6d4955b7d/execute/async - {"script":"<script> [1562 bytes]","args":[{"selector":{"id":"application-managepartners-display-component---NewPartner--addressDetailDetailsLanguage-arrow"},"wdio_ui5_key":"applicationmanagepartners-display-component---NewPartner--addressDetailDetailsLanguage-arrow"}]}
RESULT: {"script":"<script> [1562 bytes]","args":[{"selector":{"id":"application-managepartners-display-component---NewPartner--addressDetailDetailsLanguage-arrow"},"wdio_ui5_key":"applicationmanagepartners-display-component---NewPartner--addressDetailDetailsLanguage-arrow"}]}
RESULT: undefined
COMMAND: POST /session/bb295fd008a8bb8a1f479af6d4955b7d/element - {"using":"xpath","value":"//*[@id=\"application-managepartners-display-component---NewPartner--addressDetailDetailsLanguage-arrow\"]"}
RESULT: {"using":"xpath","value":"//*[@id=\"application-managepartners-display-component---NewPartner--addressDetailDetailsLanguage-arrow\"]"}
COMMAND: POST /session/bb295fd008a8bb8a1f479af6d4955b7d/element/f.71C3769F7ED8E40170006504CCA8900A.d.1FBF9DB950D13A41254E1281365D5B6D.e.3661/click - {}
RESULT: {}
COMMAND: POST /session/bb295fd008a8bb8a1f479af6d4955b7d/element - {"using":"xpath","value":"//span[contains(text(), \"English\")]"}
COMMAND: GET /session/bb295fd008a8bb8a1f479af6d4955b7d/screenshot - {}
RESULT: {"using":"xpath","value":"//span[contains(text(), \"English\")]"}
COMMAND: POST /session/bb295fd008a8bb8a1f479af6d4955b7d/element/f.71C3769F7ED8E40170006504CCA8900A.d.1FBF9DB950D13A41254E1281365D5B6D.e.3662/click - {}
RESULT: {}
RESULT: {}
COMMAND: GET /session/bb295fd008a8bb8a1f479af6d4955b7d/screenshot - {}
RESULT: {}
COMMAND: POST /session/bb295fd008a8bb8a1f479af6d4955b7d/execute/async - {"script":"<script> [1562 bytes]","args":[{"selector":{"id":"application-managepartners-display-component---NewPartner--addressDetailDetailsCity1","interaction":{"idSuffix":"inner"}},"wdio_ui5_key":"applicationmanagepartners-display-component---NewPartner--addressDetailDetailsCity1"}]}
RESULT: {"script":"<script> [1562 bytes]","args":[{"selector":{"id":"application-managepartners-display-component---NewPartner--addressDetailDetailsCity1","interaction":{"idSuffix":"inner"}},"wdio_ui5_key":"applicationmanagepartners-display-component---NewPartner--addressDetailDetailsCity1"}]}
RESULT: undefined
COMMAND: POST /session/bb295fd008a8bb8a1f479af6d4955b7d/execute/async - {"script":"<script> [776 bytes]","args":[{"enterText":"Rosario","selector":{"id":"application-managepartners-display-component---NewPartner--addressDetailDetailsCity1","interaction":{"idSuffix":"inner"}},"clearTextFirst":true,"interactionType":"ENTER_TEXT"}]}
RESULT: {"script":"<script> [776 bytes]","args":[{"enterText":"Rosario","selector":{"id":"application-managepartners-display-component---NewPartner--addressDetailDetailsCity1","interaction":{"idSuffix":"inner"}},"clearTextFirst":true,"interactionType":"ENTER_TEXT"}]}
COMMAND: POST /session/bb295fd008a8bb8a1f479af6d4955b7d/execute/async - {"script":"<script> [1562 bytes]","args":[{"selector":{"id":"application-managepartners-display-component---NewPartner--addressDetailDetailsCountry-arrow"},"wdio_ui5_key":"applicationmanagepartners-display-component---NewPartner--addressDetailDetailsCountry-arrow"}]}
RESULT: {"script":"<script> [1562 bytes]","args":[{"selector":{"id":"application-managepartners-display-component---NewPartner--addressDetailDetailsCountry-arrow"},"wdio_ui5_key":"applicationmanagepartners-display-component---NewPartner--addressDetailDetailsCountry-arrow"}]}
RESULT: undefined
COMMAND: POST /session/bb295fd008a8bb8a1f479af6d4955b7d/element - {"using":"xpath","value":"//*[@id=\"application-managepartners-display-component---NewPartner--addressDetailDetailsCountry-arrow\"]"}
RESULT: {"using":"xpath","value":"//*[@id=\"application-managepartners-display-component---NewPartner--addressDetailDetailsCountry-arrow\"]"}
COMMAND: POST /session/bb295fd008a8bb8a1f479af6d4955b7d/element/f.71C3769F7ED8E40170006504CCA8900A.d.1FBF9DB950D13A41254E1281365D5B6D.e.3648/click - {}
RESULT: {}
COMMAND: POST /session/bb295fd008a8bb8a1f479af6d4955b7d/element - {"using":"xpath","value":"//span[contains(text(), \"Argentina\")]"}
COMMAND: GET /session/bb295fd008a8bb8a1f479af6d4955b7d/screenshot - {}
RESULT: {"using":"xpath","value":"//span[contains(text(), \"Argentina\")]"}
COMMAND: POST /session/bb295fd008a8bb8a1f479af6d4955b7d/element/f.71C3769F7ED8E40170006504CCA8900A.d.1FBF9DB950D13A41254E1281365D5B6D.e.3664/click - {}
RESULT: {}
RESULT: {}
COMMAND: GET /session/bb295fd008a8bb8a1f479af6d4955b7d/screenshot - {}
RESULT: {}
COMMAND: POST /session/bb295fd008a8bb8a1f479af6d4955b7d/element - {"using":"xpath","value":"//bdi[contains(text(), \"Commercial\")]"}
RESULT: {"using":"xpath","value":"//bdi[contains(text(), \"Commercial\")]"}
COMMAND: POST /session/bb295fd008a8bb8a1f479af6d4955b7d/element/f.71C3769F7ED8E40170006504CCA8900A.d.1FBF9DB950D13A41254E1281365D5B6D.e.3665/click - {}
RESULT: {}
COMMAND: GET /session/bb295fd008a8bb8a1f479af6d4955b7d/screenshot - {}
RESULT: {}
COMMAND: POST /session/bb295fd008a8bb8a1f479af6d4955b7d/execute/async - {"script":"<script> [1562 bytes]","args":[{"selector":{"id":"application-managepartners-display-component---NewPartner--partnerDetailInternal-arrow"},"wdio_ui5_key":"applicationmanagepartners-display-component---NewPartner--partnerDetailInternal-arrow"}]}
RESULT: {"script":"<script> [1562 bytes]","args":[{"selector":{"id":"application-managepartners-display-component---NewPartner--partnerDetailInternal-arrow"},"wdio_ui5_key":"applicationmanagepartners-display-component---NewPartner--partnerDetailInternal-arrow"}]}
RESULT: undefined
COMMAND: POST /session/bb295fd008a8bb8a1f479af6d4955b7d/element - {"using":"xpath","value":"//*[@id=\"application-managepartners-display-component---NewPartner--partnerDetailInternal-arrow\"]"}
RESULT: {"using":"xpath","value":"//*[@id=\"application-managepartners-display-component---NewPartner--partnerDetailInternal-arrow\"]"}
COMMAND: POST /session/bb295fd008a8bb8a1f479af6d4955b7d/element/f.71C3769F7ED8E40170006504CCA8900A.d.1FBF9DB950D13A41254E1281365D5B6D.e.3671/click - {}
RESULT: {}
COMMAND: POST /session/bb295fd008a8bb8a1f479af6d4955b7d/element - {"using":"xpath","value":"//span[contains(text(), \"Affiliated company\")]"}
COMMAND: GET /session/bb295fd008a8bb8a1f479af6d4955b7d/screenshot - {}
RESULT: {"using":"xpath","value":"//span[contains(text(), \"Affiliated company\")]"}
COMMAND: POST /session/bb295fd008a8bb8a1f479af6d4955b7d/element/f.71C3769F7ED8E40170006504CCA8900A.d.1FBF9DB950D13A41254E1281365D5B6D.e.3674/click - {}
RESULT: {}
RESULT: {}
COMMAND: POST /session/bb295fd008a8bb8a1f479af6d4955b7d/execute/async - {"script":"<script> [1562 bytes]","args":[{"selector":{"id":"application-managepartners-display-component---NewPartner--partnerDetailsCurrency-arrow"},"wdio_ui5_key":"applicationmanagepartners-display-component---NewPartner--partnerDetailsCurrency-arrow"}]}
COMMAND: GET /session/bb295fd008a8bb8a1f479af6d4955b7d/screenshot - {}
RESULT: {"script":"<script> [1562 bytes]","args":[{"selector":{"id":"application-managepartners-display-component---NewPartner--partnerDetailsCurrency-arrow"},"wdio_ui5_key":"applicationmanagepartners-display-component---NewPartner--partnerDetailsCurrency-arrow"}]}
RESULT: undefined
COMMAND: POST /session/bb295fd008a8bb8a1f479af6d4955b7d/element - {"using":"xpath","value":"//*[@id=\"application-managepartners-display-component---NewPartner--partnerDetailsCurrency-arrow\"]"}
RESULT: {}
RESULT: {"using":"xpath","value":"//*[@id=\"application-managepartners-display-component---NewPartner--partnerDetailsCurrency-arrow\"]"}
COMMAND: POST /session/bb295fd008a8bb8a1f479af6d4955b7d/element/f.71C3769F7ED8E40170006504CCA8900A.d.1FBF9DB950D13A41254E1281365D5B6D.e.3681/click - {}
RESULT: {}
COMMAND: POST /session/bb295fd008a8bb8a1f479af6d4955b7d/element - {"using":"xpath","value":"//span[contains(text(), \"Euro\")]"}
COMMAND: GET /session/bb295fd008a8bb8a1f479af6d4955b7d/screenshot - {}
RESULT: {"using":"xpath","value":"//span[contains(text(), \"Euro\")]"}
COMMAND: POST /session/bb295fd008a8bb8a1f479af6d4955b7d/element/f.71C3769F7ED8E40170006504CCA8900A.d.1FBF9DB950D13A41254E1281365D5B6D.e.3682/click - {}
RESULT: {}
RESULT: {}
COMMAND: POST /session/bb295fd008a8bb8a1f479af6d4955b7d/execute/async - {"script":"<script> [1562 bytes]","args":[{"selector":{"id":"application-managepartners-display-component---NewPartner--addressEditDetailsCostObjectCstType-arrow"},"wdio_ui5_key":"applicationmanagepartners-display-component---NewPartner--addressEditDetailsCostObjectCstType-arrow"}]}
COMMAND: GET /session/bb295fd008a8bb8a1f479af6d4955b7d/screenshot - {}
RESULT: {"script":"<script> [1562 bytes]","args":[{"selector":{"id":"application-managepartners-display-component---NewPartner--addressEditDetailsCostObjectCstType-arrow"},"wdio_ui5_key":"applicationmanagepartners-display-component---NewPartner--addressEditDetailsCostObjectCstType-arrow"}]}
RESULT: undefined
COMMAND: POST /session/bb295fd008a8bb8a1f479af6d4955b7d/element - {"using":"xpath","value":"//*[@id=\"application-managepartners-display-component---NewPartner--addressEditDetailsCostObjectCstType-arrow\"]"}
RESULT: {}
RESULT: {"using":"xpath","value":"//*[@id=\"application-managepartners-display-component---NewPartner--addressEditDetailsCostObjectCstType-arrow\"]"}
COMMAND: POST /session/bb295fd008a8bb8a1f479af6d4955b7d/element/f.71C3769F7ED8E40170006504CCA8900A.d.1FBF9DB950D13A41254E1281365D5B6D.e.3683/click - {}
RESULT: {}
COMMAND: POST /session/bb295fd008a8bb8a1f479af6d4955b7d/element - {"using":"xpath","value":"//span[contains(text(), \"Cost Center\")]"}
COMMAND: GET /session/bb295fd008a8bb8a1f479af6d4955b7d/screenshot - {}
RESULT: {"using":"xpath","value":"//span[contains(text(), \"Cost Center\")]"}
COMMAND: POST /session/bb295fd008a8bb8a1f479af6d4955b7d/element/f.71C3769F7ED8E40170006504CCA8900A.d.1FBF9DB950D13A41254E1281365D5B6D.e.3684/click - {}
RESULT: {}
RESULT: {}
COMMAND: GET /session/bb295fd008a8bb8a1f479af6d4955b7d/screenshot - {}
RESULT: {}
COMMAND: POST /session/bb295fd008a8bb8a1f479af6d4955b7d/element - {"using":"xpath","value":"//span[@id=\"application-managepartners-display-component---NewPartner--addressNewCostObjectCstID-vhi\"]"}
RESULT: {"using":"xpath","value":"//span[@id=\"application-managepartners-display-component---NewPartner--addressNewCostObjectCstID-vhi\"]"}
COMMAND: POST /session/bb295fd008a8bb8a1f479af6d4955b7d/execute/sync - {"script":"<script> [8489 bytes]","args":[{"element-6066-11e4-a52e-4f735466cecf":"f.71C3769F7ED8E40170006504CCA8900A.d.1FBF9DB950D13A41254E1281365D5B6D.e.3688","ELEMENT":"f.71C3769F7ED8E40170006504CCA8900A.d.1FBF9DB950D13A41254E1281365D5B6D.e.3688"}]}
RESULT: {"script":"<script> [8489 bytes]","args":[{"element-6066-11e4-a52e-4f735466cecf":"f.71C3769F7ED8E40170006504CCA8900A.d.1FBF9DB950D13A41254E1281365D5B6D.e.3688","ELEMENT":"f.71C3769F7ED8E40170006504CCA8900A.d.1FBF9DB950D13A41254E1281365D5B6D.e.3688"}]}
COMMAND: POST /session/bb295fd008a8bb8a1f479af6d4955b7d/execute/async - {"script":"<script> [1562 bytes]","args":[{"selector":{"id":"application-managepartners-display-component---NewPartner--addressNewCostObjectCstID-vhi"},"wdio_ui5_key":"applicationmanagepartners-display-component---NewPartner--addressNewCostObjectCstID-vhi"}]}
COMMAND: GET /session/bb295fd008a8bb8a1f479af6d4955b7d/screenshot - {}
RESULT: {"script":"<script> [1562 bytes]","args":[{"selector":{"id":"application-managepartners-display-component---NewPartner--addressNewCostObjectCstID-vhi"},"wdio_ui5_key":"applicationmanagepartners-display-component---NewPartner--addressNewCostObjectCstID-vhi"}]}
RESULT: undefined
COMMAND: POST /session/bb295fd008a8bb8a1f479af6d4955b7d/element - {"using":"xpath","value":"//*[@id=\"application-managepartners-display-component---NewPartner--addressNewCostObjectCstID-vhi\"]"}
RESULT: {}
RESULT: {"using":"xpath","value":"//*[@id=\"application-managepartners-display-component---NewPartner--addressNewCostObjectCstID-vhi\"]"}
COMMAND: POST /session/bb295fd008a8bb8a1f479af6d4955b7d/element/f.71C3769F7ED8E40170006504CCA8900A.d.1FBF9DB950D13A41254E1281365D5B6D.e.3688/click - {}
RESULT: {}
COMMAND: GET /session/bb295fd008a8bb8a1f479af6d4955b7d/screenshot - {}
RESULT: {}
COMMAND: POST /session/bb295fd008a8bb8a1f479af6d4955b7d/execute/async - {"script":"<script> [1562 bytes]","args":[{"selector":{"controlType":"sap.m.SearchField","properties":{"placeholder":"Search"},"searchOpenDialogs":true,"interaction":{"idSuffix":"I"}},"wdio_ui5_key":"sapm.SearchField{\"placeholder\":\"Search\"}"}]}
RESULT: {"script":"<script> [1562 bytes]","args":[{"selector":{"controlType":"sap.m.SearchField","properties":{"placeholder":"Search"},"searchOpenDialogs":true,"interaction":{"idSuffix":"I"}},"wdio_ui5_key":"sapm.SearchField{\"placeholder\":\"Search\"}"}]}
RESULT: undefined
COMMAND: POST /session/bb295fd008a8bb8a1f479af6d4955b7d/execute/async - {"script":"<script> [776 bytes]","args":[{"enterText":"10001013","selector":{"controlType":"sap.m.SearchField","properties":{"placeholder":"Search"},"searchOpenDialogs":true,"interaction":{"idSuffix":"I"}},"clearTextFirst":true,"interactionType":"ENTER_TEXT"}]}
RESULT: {"script":"<script> [776 bytes]","args":[{"enterText":"10001013","selector":{"controlType":"sap.m.SearchField","properties":{"placeholder":"Search"},"searchOpenDialogs":true,"interaction":{"idSuffix":"I"}},"clearTextFirst":true,"interactionType":"ENTER_TEXT"}]}
COMMAND: POST /session/bb295fd008a8bb8a1f479af6d4955b7d/actions - {"actions":[{"id":"action7","type":"key","parameters":{},"actions":[{"type":"keyDown","value":"î€‡"},{"type":"pause","duration":10},{"type":"keyUp","value":"î€‡"}]}]}
RESULT: {"actions":[{"id":"action7","type":"key","parameters":{},"actions":[{"type":"keyDown","value":"î€‡"},{"type":"pause","duration":10},{"type":"keyUp","value":"î€‡"}]}]}
COMMAND: GET /session/bb295fd008a8bb8a1f479af6d4955b7d/screenshot - {}
RESULT: {}
COMMAND: POST /session/bb295fd008a8bb8a1f479af6d4955b7d/element - {"using":"xpath","value":"//span[contains(text(), \"General Management\")]"}
RESULT: {"using":"xpath","value":"//span[contains(text(), \"General Management\")]"}
COMMAND: POST /session/bb295fd008a8bb8a1f479af6d4955b7d/element/f.71C3769F7ED8E40170006504CCA8900A.d.1FBF9DB950D13A41254E1281365D5B6D.e.3729/click - {}
RESULT: {}
COMMAND: GET /session/bb295fd008a8bb8a1f479af6d4955b7d/screenshot - {}
RESULT: {}
COMMAND: POST /session/bb295fd008a8bb8a1f479af6d4955b7d/element - {"using":"xpath","value":"//bdi[contains(text(), \"OK\")]"}
RESULT: {"using":"xpath","value":"//bdi[contains(text(), \"OK\")]"}
COMMAND: POST /session/bb295fd008a8bb8a1f479af6d4955b7d/element/f.71C3769F7ED8E40170006504CCA8900A.d.1FBF9DB950D13A41254E1281365D5B6D.e.3730/click - {}
RESULT: {}
COMMAND: GET /session/bb295fd008a8bb8a1f479af6d4955b7d/screenshot - {}
RESULT: {}
COMMAND: POST /session/bb295fd008a8bb8a1f479af6d4955b7d/element - {"using":"xpath","value":"//input[@id=\"application-managepartners-display-component---NewPartner--companyCodeComboBox-inner\"]"}
RESULT: {"using":"xpath","value":"//input[@id=\"application-managepartners-display-component---NewPartner--companyCodeComboBox-inner\"]"}
COMMAND: POST /session/bb295fd008a8bb8a1f479af6d4955b7d/element/f.71C3769F7ED8E40170006504CCA8900A.d.1FBF9DB950D13A41254E1281365D5B6D.e.3519/clear - {}
RESULT: {}
COMMAND: POST /session/bb295fd008a8bb8a1f479af6d4955b7d/element/f.71C3769F7ED8E40170006504CCA8900A.d.1FBF9DB950D13A41254E1281365D5B6D.e.3519/value - {"text":"C002"}
COMMAND: GET /session/bb295fd008a8bb8a1f479af6d4955b7d/screenshot - {}
RESULT: {"text":"C002"}
COMMAND: GET /session/bb295fd008a8bb8a1f479af6d4955b7d/screenshot - {}
RESULT: {}
RESULT: {}
COMMAND: POST /session/bb295fd008a8bb8a1f479af6d4955b7d/element - {"using":"xpath","value":"//span[contains(text(), \"C002\")]"}
RESULT: {"using":"xpath","value":"//span[contains(text(), \"C002\")]"}
COMMAND: POST /session/bb295fd008a8bb8a1f479af6d4955b7d/element/f.71C3769F7ED8E40170006504CCA8900A.d.1FBF9DB950D13A41254E1281365D5B6D.e.3736/click - {}
RESULT: {}
COMMAND: GET /session/bb295fd008a8bb8a1f479af6d4955b7d/screenshot - {}
RESULT: {}
COMMAND: POST /session/bb295fd008a8bb8a1f479af6d4955b7d/execute/async - {"script":"<script> [1562 bytes]","args":[{"selector":{"id":"application-managepartners-display-component---NewPartner--btnAddTableRow-img"},"wdio_ui5_key":"applicationmanagepartners-display-component---NewPartner--btnAddTableRow-img"}]}
RESULT: {"script":"<script> [1562 bytes]","args":[{"selector":{"id":"application-managepartners-display-component---NewPartner--btnAddTableRow-img"},"wdio_ui5_key":"applicationmanagepartners-display-component---NewPartner--btnAddTableRow-img"}]}
RESULT: undefined
COMMAND: POST /session/bb295fd008a8bb8a1f479af6d4955b7d/element - {"using":"xpath","value":"//*[@id=\"application-managepartners-display-component---NewPartner--btnAddTableRow-img\"]"}
RESULT: {"using":"xpath","value":"//*[@id=\"application-managepartners-display-component---NewPartner--btnAddTableRow-img\"]"}
COMMAND: POST /session/bb295fd008a8bb8a1f479af6d4955b7d/element/f.71C3769F7ED8E40170006504CCA8900A.d.1FBF9DB950D13A41254E1281365D5B6D.e.3737/click - {}
RESULT: {}
COMMAND: GET /session/bb295fd008a8bb8a1f479af6d4955b7d/screenshot - {}
RESULT: {}
COMMAND: POST /session/bb295fd008a8bb8a1f479af6d4955b7d/element - {"using":"xpath","value":"//input[@id=\"application-managepartners-display-component---NewPartner--assignmentYard-application-managepartners-display-component---NewPartner--assignmentsTable-0-inner\"]"}
RESULT: {"using":"xpath","value":"//input[@id=\"application-managepartners-display-component---NewPartner--assignmentYard-application-managepartners-display-component---NewPartner--assignmentsTable-0-inner\"]"}
COMMAND: POST /session/bb295fd008a8bb8a1f479af6d4955b7d/element/f.71C3769F7ED8E40170006504CCA8900A.d.1FBF9DB950D13A41254E1281365D5B6D.e.3740/clear - {}
RESULT: {}
COMMAND: POST /session/bb295fd008a8bb8a1f479af6d4955b7d/element/f.71C3769F7ED8E40170006504CCA8900A.d.1FBF9DB950D13A41254E1281365D5B6D.e.3740/value - {"text":"296"}
COMMAND: GET /session/bb295fd008a8bb8a1f479af6d4955b7d/screenshot - {}
RESULT: {"text":"296"}
COMMAND: GET /session/bb295fd008a8bb8a1f479af6d4955b7d/screenshot - {}
RESULT: {}
RESULT: {}
COMMAND: POST /session/bb295fd008a8bb8a1f479af6d4955b7d/element - {"using":"xpath","value":"//li[.//span[text()='296']]"}
RESULT: {"using":"xpath","value":"//li[.//span[text()='296']]"}
COMMAND: POST /session/bb295fd008a8bb8a1f479af6d4955b7d/element/f.71C3769F7ED8E40170006504CCA8900A.d.1FBF9DB950D13A41254E1281365D5B6D.e.3749/click - {}
RESULT: {}
COMMAND: GET /session/bb295fd008a8bb8a1f479af6d4955b7d/screenshot - {}
RESULT: {}
COMMAND: POST /session/bb295fd008a8bb8a1f479af6d4955b7d/actions - {"actions":[{"id":"action8","type":"key","parameters":{},"actions":[{"type":"keyDown","value":"î€‡"},{"type":"pause","duration":10},{"type":"keyUp","value":"î€‡"}]}]}
RESULT: {"actions":[{"id":"action8","type":"key","parameters":{},"actions":[{"type":"keyDown","value":"î€‡"},{"type":"pause","duration":10},{"type":"keyUp","value":"î€‡"}]}]}
COMMAND: POST /session/bb295fd008a8bb8a1f479af6d4955b7d/execute/async - {"script":"<script> [1562 bytes]","args":[{"selector":{"id":"application-managepartners-display-component---NewPartner--externalCustomerComboBox-application-managepartners-display-component---NewPartner--assignmentsTable-0-vhi"},"wdio_ui5_key":"applicationmanagepartners-display-component---NewPartner--externalCustomerComboBox-application-managepartners-display-component---NewPartner--assignmentsTable-0-vhi"}]}
COMMAND: GET /session/bb295fd008a8bb8a1f479af6d4955b7d/screenshot - {}
RESULT: {"script":"<script> [1562 bytes]","args":[{"selector":{"id":"application-managepartners-display-component---NewPartner--externalCustomerComboBox-application-managepartners-display-component---NewPartner--assignmentsTable-0-vhi"},"wdio_ui5_key":"applicationmanagepartners-display-component---NewPartner--externalCustomerComboBox-application-managepartners-display-component---NewPartner--assignmentsTable-0-vhi"}]}
RESULT: undefined
COMMAND: POST /session/bb295fd008a8bb8a1f479af6d4955b7d/element - {"using":"xpath","value":"//*[@id=\"application-managepartners-display-component---NewPartner--externalCustomerComboBox-application-managepartners-display-component---NewPartner--assignmentsTable-0-vhi\"]"}
RESULT: {}
RESULT: {"using":"xpath","value":"//*[@id=\"application-managepartners-display-component---NewPartner--externalCustomerComboBox-application-managepartners-display-component---NewPartner--assignmentsTable-0-vhi\"]"}
COMMAND: POST /session/bb295fd008a8bb8a1f479af6d4955b7d/element/f.71C3769F7ED8E40170006504CCA8900A.d.1FBF9DB950D13A41254E1281365D5B6D.e.3753/click - {}
RESULT: {}
RESULT: undefined
COMMAND: POST /session/bb295fd008a8bb8a1f479af6d4955b7d/execute/async - {"script":"<script> [776 bytes]","args":[{"enterText":"300003","selector":{"controlType":"sap.m.SearchField","properties":{"placeholder":"Search"},"searchOpenDialogs":true,"interaction":{"idSuffix":"I"}},"clearTextFirst":true,"interactionType":"ENTER_TEXT"}]}
COMMAND: GET /session/bb295fd008a8bb8a1f479af6d4955b7d/screenshot - {}
RESULT: {"script":"<script> [776 bytes]","args":[{"enterText":"300003","selector":{"controlType":"sap.m.SearchField","properties":{"placeholder":"Search"},"searchOpenDialogs":true,"interaction":{"idSuffix":"I"}},"clearTextFirst":true,"interactionType":"ENTER_TEXT"}]}
COMMAND: POST /session/bb295fd008a8bb8a1f479af6d4955b7d/actions - {"actions":[{"id":"action9","type":"key","parameters":{},"actions":[{"type":"keyDown","value":"î€‡"},{"type":"pause","duration":10},{"type":"keyUp","value":"î€‡"}]}]}
RESULT: {}
RESULT: {"actions":[{"id":"action9","type":"key","parameters":{},"actions":[{"type":"keyDown","value":"î€‡"},{"type":"pause","duration":10},{"type":"keyUp","value":"î€‡"}]}]}
COMMAND: GET /session/bb295fd008a8bb8a1f479af6d4955b7d/screenshot - {}
RESULT: {}
COMMAND: POST /session/bb295fd008a8bb8a1f479af6d4955b7d/element - {"using":"xpath","value":"//span[contains(text(), \"300003\")]"}
RESULT: {"using":"xpath","value":"//span[contains(text(), \"300003\")]"}
COMMAND: POST /session/bb295fd008a8bb8a1f479af6d4955b7d/element/f.71C3769F7ED8E40170006504CCA8900A.d.1FBF9DB950D13A41254E1281365D5B6D.e.3771/click - {}
RESULT: {}
COMMAND: GET /session/bb295fd008a8bb8a1f479af6d4955b7d/screenshot - {}
RESULT: {}
COMMAND: POST /session/bb295fd008a8bb8a1f479af6d4955b7d/element - {"using":"xpath","value":"//bdi[contains(text(), \"OK\")]"}
RESULT: {"using":"xpath","value":"//bdi[contains(text(), \"OK\")]"}
COMMAND: POST /session/bb295fd008a8bb8a1f479af6d4955b7d/element/f.71C3769F7ED8E40170006504CCA8900A.d.1FBF9DB950D13A41254E1281365D5B6D.e.3773/click - {}
RESULT: {}
COMMAND: GET /session/bb295fd008a8bb8a1f479af6d4955b7d/screenshot - {}
RESULT: {}
COMMAND: POST /session/bb295fd008a8bb8a1f479af6d4955b7d/execute/async - {"script":"<script> [1562 bytes]","args":[{"selector":{"id":"application-managepartners-display-component---NewPartner--intercompVendorComboBox-application-managepartners-display-component---NewPartner--assignmentsTable-0-vhi"},"wdio_ui5_key":"applicationmanagepartners-display-component---NewPartner--intercompVendorComboBox-application-managepartners-display-component---NewPartner--assignmentsTable-0-vhi"}]}
RESULT: {"script":"<script> [1562 bytes]","args":[{"selector":{"id":"application-managepartners-display-component---NewPartner--intercompVendorComboBox-application-managepartners-display-component---NewPartner--assignmentsTable-0-vhi"},"wdio_ui5_key":"applicationmanagepartners-display-component---NewPartner--intercompVendorComboBox-application-managepartners-display-component---NewPartner--assignmentsTable-0-vhi"}]}
RESULT: undefined
COMMAND: POST /session/bb295fd008a8bb8a1f479af6d4955b7d/element - {"using":"xpath","value":"//*[@id=\"application-managepartners-display-component---NewPartner--intercompVendorComboBox-application-managepartners-display-component---NewPartner--assignmentsTable-0-vhi\"]"}
RESULT: {"using":"xpath","value":"//*[@id=\"application-managepartners-display-component---NewPartner--intercompVendorComboBox-application-managepartners-display-component---NewPartner--assignmentsTable-0-vhi\"]"}
COMMAND: POST /session/bb295fd008a8bb8a1f479af6d4955b7d/element/f.71C3769F7ED8E40170006504CCA8900A.d.1FBF9DB950D13A41254E1281365D5B6D.e.3776/click - {}
RESULT: {}
RESULT: undefined
COMMAND: POST /session/bb295fd008a8bb8a1f479af6d4955b7d/execute/async - {"script":"<script> [776 bytes]","args":[{"enterText":"100005","selector":{"controlType":"sap.m.SearchField","properties":{"placeholder":"Search"},"searchOpenDialogs":true,"interaction":{"idSuffix":"I"}},"clearTextFirst":true,"interactionType":"ENTER_TEXT"}]}
COMMAND: GET /session/bb295fd008a8bb8a1f479af6d4955b7d/screenshot - {}
RESULT: {"script":"<script> [776 bytes]","args":[{"enterText":"100005","selector":{"controlType":"sap.m.SearchField","properties":{"placeholder":"Search"},"searchOpenDialogs":true,"interaction":{"idSuffix":"I"}},"clearTextFirst":true,"interactionType":"ENTER_TEXT"}]}
COMMAND: POST /session/bb295fd008a8bb8a1f479af6d4955b7d/actions - {"actions":[{"id":"action10","type":"key","parameters":{},"actions":[{"type":"keyDown","value":"î€‡"},{"type":"pause","duration":10},{"type":"keyUp","value":"î€‡"}]}]}
RESULT: {}
RESULT: {"actions":[{"id":"action10","type":"key","parameters":{},"actions":[{"type":"keyDown","value":"î€‡"},{"type":"pause","duration":10},{"type":"keyUp","value":"î€‡"}]}]}
COMMAND: GET /session/bb295fd008a8bb8a1f479af6d4955b7d/screenshot - {}
RESULT: {}
COMMAND: POST /session/bb295fd008a8bb8a1f479af6d4955b7d/element - {"using":"xpath","value":"//span[contains(text(), \"Penguins - Field/12345 Berlin\")]"}
RESULT: {"using":"xpath","value":"//span[contains(text(), \"Penguins - Field/12345 Berlin\")]"}
COMMAND: POST /session/bb295fd008a8bb8a1f479af6d4955b7d/element/f.71C3769F7ED8E40170006504CCA8900A.d.1FBF9DB950D13A41254E1281365D5B6D.e.3794/click - {}
RESULT: {}
COMMAND: GET /session/bb295fd008a8bb8a1f479af6d4955b7d/screenshot - {}
RESULT: {}
COMMAND: POST /session/bb295fd008a8bb8a1f479af6d4955b7d/element - {"using":"xpath","value":"//bdi[contains(text(), \"OK\")]"}
RESULT: {"using":"xpath","value":"//bdi[contains(text(), \"OK\")]"}
COMMAND: POST /session/bb295fd008a8bb8a1f479af6d4955b7d/element/f.71C3769F7ED8E40170006504CCA8900A.d.1FBF9DB950D13A41254E1281365D5B6D.e.3795/click - {}
RESULT: {}
COMMAND: GET /session/bb295fd008a8bb8a1f479af6d4955b7d/screenshot - {}
RESULT: {}
COMMAND: POST /session/bb295fd008a8bb8a1f479af6d4955b7d/element - {"using":"xpath","value":"//button[@data-kt=\"saveButton\"]"}
RESULT: {"using":"xpath","value":"//button[@data-kt=\"saveButton\"]"}
COMMAND: POST /session/bb295fd008a8bb8a1f479af6d4955b7d/element/f.71C3769F7ED8E40170006504CCA8900A.d.1FBF9DB950D13A41254E1281365D5B6D.e.3598/click - {}
RESULT: {}
COMMAND: GET /session/bb295fd008a8bb8a1f479af6d4955b7d/screenshot - {}
RESULT: {}
COMMAND: POST /session/bb295fd008a8bb8a1f479af6d4955b7d/element - {"using":"xpath","value":"//header[contains(@id, 'ObjectPageLayout-headerTitle')]/div[1]/div[2]/div[2]/span[1]"}
RESULT: {"using":"xpath","value":"//header[contains(@id, 'ObjectPageLayout-headerTitle')]/div[1]/div[2]/div[2]/span[1]"}
COMMAND: POST /session/bb295fd008a8bb8a1f479af6d4955b7d/elements - {"using":"xpath","value":"//header[contains(@id, 'ObjectPageLayout-headerTitle')]/div[1]/div[2]/div[2]/span[1]"}
RESULT: {"using":"xpath","value":"//header[contains(@id, 'ObjectPageLayout-headerTitle')]/div[1]/div[2]/div[2]/span[1]"}
COMMAND: POST /session/bb295fd008a8bb8a1f479af6d4955b7d/execute/sync - {"script":"<script> [56 bytes]","args":[{"element-6066-11e4-a52e-4f735466cecf":"f.71C3769F7ED8E40170006504CCA8900A.d.1FBF9DB950D13A41254E1281365D5B6D.e.3959","ELEMENT":"f.71C3769F7ED8E40170006504CCA8900A.d.1FBF9DB950D13A41254E1281365D5B6D.e.3959"}]}
RESULT: {"script":"<script> [56 bytes]","args":[{"element-6066-11e4-a52e-4f735466cecf":"f.71C3769F7ED8E40170006504CCA8900A.d.1FBF9DB950D13A41254E1281365D5B6D.e.3959","ELEMENT":"f.71C3769F7ED8E40170006504CCA8900A.d.1FBF9DB950D13A41254E1281365D5B6D.e.3959"}]}
COMMAND: POST /session/bb295fd008a8bb8a1f479af6d4955b7d/element - {"using":"css selector","value":"#shell-header-logo"}
COMMAND: GET /session/bb295fd008a8bb8a1f479af6d4955b7d/screenshot - {}
RESULT: {"using":"css selector","value":"#shell-header-logo"}
COMMAND: POST /session/bb295fd008a8bb8a1f479af6d4955b7d/element/f.71C3769F7ED8E40170006504CCA8900A.d.1FBF9DB950D13A41254E1281365D5B6D.e.3170/click - {}
RESULT: {}
RESULT: {}
COMMAND: GET /session/bb295fd008a8bb8a1f479af6d4955b7d/screenshot - {}
RESULT: {}
COMMAND: POST /session/bb295fd008a8bb8a1f479af6d4955b7d/execute/sync - {"script":"<script> [299 bytes]","args":[["getModel","getResource"]]}
RESULT: {"script":"<script> [299 bytes]","args":[["getModel","getResource"]]}
RESULT: undefined
COMMAND: POST /session/bb295fd008a8bb8a1f479af6d4955b7d/element - {"using":"xpath","value":"//*[@id=\"__tile30\"]"}
COMMAND: GET /session/bb295fd008a8bb8a1f479af6d4955b7d/screenshot - {}
RESULT: {"using":"xpath","value":"//*[@id=\"__tile30\"]"}
COMMAND: POST /session/bb295fd008a8bb8a1f479af6d4955b7d/element/f.71C3769F7ED8E40170006504CCA8900A.d.1FBF9DB950D13A41254E1281365D5B6D.e.3090/click - {}
RESULT: {}
RESULT: {}
COMMAND: POST /session/bb295fd008a8bb8a1f479af6d4955b7d/element - {"using":"xpath","value":"//button[@data-kt=\"addButton\"]"}
COMMAND: GET /session/bb295fd008a8bb8a1f479af6d4955b7d/screenshot - {}
RESULT: {"using":"xpath","value":"//button[@data-kt=\"addButton\"]"}
COMMAND: POST /session/bb295fd008a8bb8a1f479af6d4955b7d/elements - {"using":"xpath","value":"//button[@data-kt=\"addButton\"]"}
RESULT: {}
RESULT: {"using":"xpath","value":"//button[@data-kt=\"addButton\"]"}
COMMAND: POST /session/bb295fd008a8bb8a1f479af6d4955b7d/element - {"using":"xpath","value":"//button[@data-kt=\"addButton\"]"}
RESULT: {"using":"xpath","value":"//button[@data-kt=\"addButton\"]"}
COMMAND: POST /session/bb295fd008a8bb8a1f479af6d4955b7d/execute/sync - {"script":"<script> [8489 bytes]","args":[{"element-6066-11e4-a52e-4f735466cecf":"f.71C3769F7ED8E40170006504CCA8900A.d.1FBF9DB950D13A41254E1281365D5B6D.e.4006","ELEMENT":"f.71C3769F7ED8E40170006504CCA8900A.d.1FBF9DB950D13A41254E1281365D5B6D.e.4006"}]}
RESULT: {"script":"<script> [8489 bytes]","args":[{"element-6066-11e4-a52e-4f735466cecf":"f.71C3769F7ED8E40170006504CCA8900A.d.1FBF9DB950D13A41254E1281365D5B6D.e.4006","ELEMENT":"f.71C3769F7ED8E40170006504CCA8900A.d.1FBF9DB950D13A41254E1281365D5B6D.e.4006"}]}
COMMAND: GET /session/bb295fd008a8bb8a1f479af6d4955b7d/element/f.71C3769F7ED8E40170006504CCA8900A.d.1FBF9DB950D13A41254E1281365D5B6D.e.4006/enabled - {}
COMMAND: GET /session/bb295fd008a8bb8a1f479af6d4955b7d/screenshot - {}
RESULT: {}
COMMAND: POST /session/bb295fd008a8bb8a1f479af6d4955b7d/execute/sync - {"script":"<script> [8489 bytes]","args":[{"element-6066-11e4-a52e-4f735466cecf":"f.71C3769F7ED8E40170006504CCA8900A.d.1FBF9DB950D13A41254E1281365D5B6D.e.4006","ELEMENT":"f.71C3769F7ED8E40170006504CCA8900A.d.1FBF9DB950D13A41254E1281365D5B6D.e.4006"}]}
COMMAND: GET /session/bb295fd008a8bb8a1f479af6d4955b7d/screenshot - {}
RESULT: {}
RESULT: {"script":"<script> [8489 bytes]","args":[{"element-6066-11e4-a52e-4f735466cecf":"f.71C3769F7ED8E40170006504CCA8900A.d.1FBF9DB950D13A41254E1281365D5B6D.e.4006","ELEMENT":"f.71C3769F7ED8E40170006504CCA8900A.d.1FBF9DB950D13A41254E1281365D5B6D.e.4006"}]}
COMMAND: POST /session/bb295fd008a8bb8a1f479af6d4955b7d/execute/sync - {"script":"<script> [5351 bytes]","args":[{"element-6066-11e4-a52e-4f735466cecf":"f.71C3769F7ED8E40170006504CCA8900A.d.1FBF9DB950D13A41254E1281365D5B6D.e.4006","ELEMENT":"f.71C3769F7ED8E40170006504CCA8900A.d.1FBF9DB950D13A41254E1281365D5B6D.e.4006"}]}
COMMAND: GET /session/bb295fd008a8bb8a1f479af6d4955b7d/screenshot - {}
RESULT: {}
RESULT: {"script":"<script> [5351 bytes]","args":[{"element-6066-11e4-a52e-4f735466cecf":"f.71C3769F7ED8E40170006504CCA8900A.d.1FBF9DB950D13A41254E1281365D5B6D.e.4006","ELEMENT":"f.71C3769F7ED8E40170006504CCA8900A.d.1FBF9DB950D13A41254E1281365D5B6D.e.4006"}]}
COMMAND: GET /session/bb295fd008a8bb8a1f479af6d4955b7d/screenshot - {}
RESULT: {}
RESULT: {}
COMMAND: POST /session/bb295fd008a8bb8a1f479af6d4955b7d/execute/async - {"script":"<script> [1562 bytes]","args":[{"selector":{"id":"application-managepartners-display-component---masterPtm--smartFilterBar-btnBasicSearch","interaction":{"idSuffix":"I"}},"wdio_ui5_key":"applicationmanagepartners-display-component---masterPtm--smartFilterBar-btnBasicSearch"}]}
RESULT: {"script":"<script> [1562 bytes]","args":[{"selector":{"id":"application-managepartners-display-component---masterPtm--smartFilterBar-btnBasicSearch","interaction":{"idSuffix":"I"}},"wdio_ui5_key":"applicationmanagepartners-display-component---masterPtm--smartFilterBar-btnBasicSearch"}]}
RESULT: undefined
COMMAND: POST /session/bb295fd008a8bb8a1f479af6d4955b7d/execute/async - {"script":"<script> [776 bytes]","args":[{"enterText":"1159","selector":{"id":"application-managepartners-display-component---masterPtm--smartFilterBar-btnBasicSearch","interaction":{"idSuffix":"I"}},"clearTextFirst":true,"interactionType":"ENTER_TEXT"}]}
RESULT: {"script":"<script> [776 bytes]","args":[{"enterText":"1159","selector":{"id":"application-managepartners-display-component---masterPtm--smartFilterBar-btnBasicSearch","interaction":{"idSuffix":"I"}},"clearTextFirst":true,"interactionType":"ENTER_TEXT"}]}
COMMAND: POST /session/bb295fd008a8bb8a1f479af6d4955b7d/actions - {"actions":[{"id":"action11","type":"key","parameters":{},"actions":[{"type":"keyDown","value":"î€‡"},{"type":"pause","duration":10},{"type":"keyUp","value":"î€‡"}]}]}
RESULT: {"actions":[{"id":"action11","type":"key","parameters":{},"actions":[{"type":"keyDown","value":"î€‡"},{"type":"pause","duration":10},{"type":"keyUp","value":"î€‡"}]}]}
COMMAND: GET /session/bb295fd008a8bb8a1f479af6d4955b7d/screenshot - {}
RESULT: {}
COMMAND: POST /session/bb295fd008a8bb8a1f479af6d4955b7d/elements - {"using":"xpath","value":"//table[contains(@id, \"customPartnersTable-listUl\")]/tbody/tr"}
RESULT: {"using":"xpath","value":"//table[contains(@id, \"customPartnersTable-listUl\")]/tbody/tr"}
COMMAND: POST /session/bb295fd008a8bb8a1f479af6d4955b7d/element - {"using":"xpath","value":"//table[contains(@id, \"customPartnersTable-listUl\")]/tbody/tr[1]/td[3]/span"}
RESULT: {"using":"xpath","value":"//table[contains(@id, \"customPartnersTable-listUl\")]/tbody/tr[1]/td[3]/span"}
COMMAND: POST /session/bb295fd008a8bb8a1f479af6d4955b7d/elements - {"using":"xpath","value":"//table[contains(@id, \"customPartnersTable-listUl\")]/tbody/tr[1]/td[3]/span"}
RESULT: {"using":"xpath","value":"//table[contains(@id, \"customPartnersTable-listUl\")]/tbody/tr[1]/td[3]/span"}
COMMAND: POST /session/bb295fd008a8bb8a1f479af6d4955b7d/execute/sync - {"script":"<script> [56 bytes]","args":[{"element-6066-11e4-a52e-4f735466cecf":"f.71C3769F7ED8E40170006504CCA8900A.d.1FBF9DB950D13A41254E1281365D5B6D.e.4141","ELEMENT":"f.71C3769F7ED8E40170006504CCA8900A.d.1FBF9DB950D13A41254E1281365D5B6D.e.4141"}]}
RESULT: {"script":"<script> [56 bytes]","args":[{"element-6066-11e4-a52e-4f735466cecf":"f.71C3769F7ED8E40170006504CCA8900A.d.1FBF9DB950D13A41254E1281365D5B6D.e.4141","ELEMENT":"f.71C3769F7ED8E40170006504CCA8900A.d.1FBF9DB950D13A41254E1281365D5B6D.e.4141"}]}
COMMAND: POST /session/bb295fd008a8bb8a1f479af6d4955b7d/element - {"using":"xpath","value":"(//span[contains(@id, \"imgNav\")])[1]"}
COMMAND: GET /session/bb295fd008a8bb8a1f479af6d4955b7d/screenshot - {}
RESULT: {"using":"xpath","value":"(//span[contains(@id, \"imgNav\")])[1]"}
COMMAND: POST /session/bb295fd008a8bb8a1f479af6d4955b7d/element/f.71C3769F7ED8E40170006504CCA8900A.d.1FBF9DB950D13A41254E1281365D5B6D.e.4139/click - {}
RESULT: {}
RESULT: {}
COMMAND: GET /session/bb295fd008a8bb8a1f479af6d4955b7d/screenshot - {}
RESULT: {}
COMMAND: POST /session/bb295fd008a8bb8a1f479af6d4955b7d/element - {"using":"xpath","value":"//bdi[contains(text(), \"Edit\")]"}
RESULT: {"using":"xpath","value":"//bdi[contains(text(), \"Edit\")]"}
COMMAND: POST /session/bb295fd008a8bb8a1f479af6d4955b7d/element/f.71C3769F7ED8E40170006504CCA8900A.d.1FBF9DB950D13A41254E1281365D5B6D.e.4284/click - {}
RESULT: {}
COMMAND: GET /session/bb295fd008a8bb8a1f479af6d4955b7d/screenshot - {}
RESULT: {}
COMMAND: POST /session/bb295fd008a8bb8a1f479af6d4955b7d/execute/async - {"script":"<script> [1562 bytes]","args":[{"selector":{"controlType":"sap.m.Input","viewName":"etm.portal.ui.managepartners.view.EditDetail","labelFor":{"text":"Name"},"interaction":{"idSuffix":"inner"}},"wdio_ui5_key":"etmportal.ui.managepartners.view.EditDetailsap.m.Input{\"text\":\"Name\"}"}]}
RESULT: {"script":"<script> [1562 bytes]","args":[{"selector":{"controlType":"sap.m.Input","viewName":"etm.portal.ui.managepartners.view.EditDetail","labelFor":{"text":"Name"},"interaction":{"idSuffix":"inner"}},"wdio_ui5_key":"etmportal.ui.managepartners.view.EditDetailsap.m.Input{\"text\":\"Name\"}"}]}
RESULT: undefined
COMMAND: POST /session/bb295fd008a8bb8a1f479af6d4955b7d/execute/async - {"script":"<script> [776 bytes]","args":[{"enterText":"Intercompany EDIT","selector":{"controlType":"sap.m.Input","viewName":"etm.portal.ui.managepartners.view.EditDetail","labelFor":{"text":"Name"},"interaction":{"idSuffix":"inner"}},"clearTextFirst":true,"interactionType":"ENTER_TEXT"}]}
RESULT: {"script":"<script> [776 bytes]","args":[{"enterText":"Intercompany EDIT","selector":{"controlType":"sap.m.Input","viewName":"etm.portal.ui.managepartners.view.EditDetail","labelFor":{"text":"Name"},"interaction":{"idSuffix":"inner"}},"clearTextFirst":true,"interactionType":"ENTER_TEXT"}]}
COMMAND: POST /session/bb295fd008a8bb8a1f479af6d4955b7d/element - {"using":"xpath","value":"(//span[contains(@id,\"addressDetailDetailsLanguage-arrow\")])[1]"}
RESULT: {"using":"xpath","value":"(//span[contains(@id,\"addressDetailDetailsLanguage-arrow\")])[1]"}
COMMAND: POST /session/bb295fd008a8bb8a1f479af6d4955b7d/element/f.71C3769F7ED8E40170006504CCA8900A.d.1FBF9DB950D13A41254E1281365D5B6D.e.4368/click - {}
RESULT: {}
COMMAND: POST /session/bb295fd008a8bb8a1f479af6d4955b7d/element - {"using":"xpath","value":"//span[contains(text(), \"Chinese\")]"}
COMMAND: GET /session/bb295fd008a8bb8a1f479af6d4955b7d/screenshot - {}
RESULT: {"using":"xpath","value":"//span[contains(text(), \"Chinese\")]"}
COMMAND: POST /session/bb295fd008a8bb8a1f479af6d4955b7d/element/f.71C3769F7ED8E40170006504CCA8900A.d.1FBF9DB950D13A41254E1281365D5B6D.e.4369/click - {}
RESULT: {}
RESULT: {}
COMMAND: GET /session/bb295fd008a8bb8a1f479af6d4955b7d/screenshot - {}
RESULT: {}
COMMAND: POST /session/bb295fd008a8bb8a1f479af6d4955b7d/execute/async - {"script":"<script> [1562 bytes]","args":[{"selector":{"controlType":"sap.m.Input","viewName":"etm.portal.ui.managepartners.view.EditDetail","labelFor":{"text":"City"},"interaction":{"idSuffix":"inner"}},"wdio_ui5_key":"etmportal.ui.managepartners.view.EditDetailsap.m.Input{\"text\":\"City\"}"}]}
RESULT: {"script":"<script> [1562 bytes]","args":[{"selector":{"controlType":"sap.m.Input","viewName":"etm.portal.ui.managepartners.view.EditDetail","labelFor":{"text":"City"},"interaction":{"idSuffix":"inner"}},"wdio_ui5_key":"etmportal.ui.managepartners.view.EditDetailsap.m.Input{\"text\":\"City\"}"}]}
RESULT: undefined
COMMAND: POST /session/bb295fd008a8bb8a1f479af6d4955b7d/execute/async - {"script":"<script> [776 bytes]","args":[{"enterText":"Clooj-Napoca","selector":{"controlType":"sap.m.Input","viewName":"etm.portal.ui.managepartners.view.EditDetail","labelFor":{"text":"City"},"interaction":{"idSuffix":"inner"}},"clearTextFirst":true,"interactionType":"ENTER_TEXT"}]}
RESULT: {"script":"<script> [776 bytes]","args":[{"enterText":"Clooj-Napoca","selector":{"controlType":"sap.m.Input","viewName":"etm.portal.ui.managepartners.view.EditDetail","labelFor":{"text":"City"},"interaction":{"idSuffix":"inner"}},"clearTextFirst":true,"interactionType":"ENTER_TEXT"}]}
COMMAND: POST /session/bb295fd008a8bb8a1f479af6d4955b7d/element - {"using":"xpath","value":"//button[@data-kt=\"saveButton\"]"}
RESULT: {"using":"xpath","value":"//button[@data-kt=\"saveButton\"]"}
COMMAND: POST /session/bb295fd008a8bb8a1f479af6d4955b7d/element/f.71C3769F7ED8E40170006504CCA8900A.d.1FBF9DB950D13A41254E1281365D5B6D.e.4356/click - {}
RESULT: {}
COMMAND: GET /session/bb295fd008a8bb8a1f479af6d4955b7d/screenshot - {}
RESULT: {}
COMMAND: POST /session/bb295fd008a8bb8a1f479af6d4955b7d/execute/async - {"script":"<script> [1562 bytes]","args":[{"selector":{"id":"application-managepartners-display-component---detailPtm--addressDetailDetailsName1"},"wdio_ui5_key":"applicationmanagepartners-display-component---detailPtm--addressDetailDetailsName1"}]}
RESULT: {"script":"<script> [1562 bytes]","args":[{"selector":{"id":"application-managepartners-display-component---detailPtm--addressDetailDetailsName1"},"wdio_ui5_key":"applicationmanagepartners-display-component---detailPtm--addressDetailDetailsName1"}]}
RESULT: undefined
COMMAND: POST /session/bb295fd008a8bb8a1f479af6d4955b7d/execute/async - {"script":"<script> [6424 bytes]","args":[{"element-6066-11e4-a52e-4f735466cecf":"f.71C3769F7ED8E40170006504CCA8900A.d.1FBF9DB950D13A41254E1281365D5B6D.e.4400"},"getValue",[]]}
RESULT: {"script":"<script> [6424 bytes]","args":[{"element-6066-11e4-a52e-4f735466cecf":"f.71C3769F7ED8E40170006504CCA8900A.d.1FBF9DB950D13A41254E1281365D5B6D.e.4400"},"getValue",[]]}
COMMAND: POST /session/bb295fd008a8bb8a1f479af6d4955b7d/element - {"using":"xpath","value":"//input[@id = \"application-managepartners-display-component---detailPtm--addressDetailDetailsLanguage-inner\"]"}
RESULT: {"using":"xpath","value":"//input[@id = \"application-managepartners-display-component---detailPtm--addressDetailDetailsLanguage-inner\"]"}
COMMAND: GET /session/bb295fd008a8bb8a1f479af6d4955b7d/element/f.71C3769F7ED8E40170006504CCA8900A.d.1FBF9DB950D13A41254E1281365D5B6D.e.4401/property/value - {}
RESULT: {}
COMMAND: POST /session/bb295fd008a8bb8a1f479af6d4955b7d/execute/async - {"script":"<script> [1562 bytes]","args":[{"selector":{"id":"application-managepartners-display-component---detailPtm--addressDetailDetailsCity1"},"wdio_ui5_key":"applicationmanagepartners-display-component---detailPtm--addressDetailDetailsCity1"}]}
COMMAND: GET /session/bb295fd008a8bb8a1f479af6d4955b7d/screenshot - {}
RESULT: {}
RESULT: {"script":"<script> [1562 bytes]","args":[{"selector":{"id":"application-managepartners-display-component---detailPtm--addressDetailDetailsCity1"},"wdio_ui5_key":"applicationmanagepartners-display-component---detailPtm--addressDetailDetailsCity1"}]}
RESULT: undefined
COMMAND: POST /session/bb295fd008a8bb8a1f479af6d4955b7d/execute/async - {"script":"<script> [6424 bytes]","args":[{"element-6066-11e4-a52e-4f735466cecf":"f.71C3769F7ED8E40170006504CCA8900A.d.1FBF9DB950D13A41254E1281365D5B6D.e.4402"},"getValue",[]]}
RESULT: {"script":"<script> [6424 bytes]","args":[{"element-6066-11e4-a52e-4f735466cecf":"f.71C3769F7ED8E40170006504CCA8900A.d.1FBF9DB950D13A41254E1281365D5B6D.e.4402"},"getValue",[]]}
COMMAND: POST /session/bb295fd008a8bb8a1f479af6d4955b7d/element - {"using":"css selector","value":"#shell-header-logo"}
RESULT: {"using":"css selector","value":"#shell-header-logo"}
COMMAND: POST /session/bb295fd008a8bb8a1f479af6d4955b7d/element/f.71C3769F7ED8E40170006504CCA8900A.d.1FBF9DB950D13A41254E1281365D5B6D.e.3962/click - {}
RESULT: {}
COMMAND: GET /session/bb295fd008a8bb8a1f479af6d4955b7d/screenshot - {}
RESULT: {}
]]></system-out>
    </testcase>
    <testcase classname="chrome.135_0_7049_96.windows.Partner_specific_tests_US150819_US151080_US151654_US151176_US103444_US151078_US151079_US151109_US151174_US151175_US151189" name="Should create a new intracompany partner edit some of its fields US151079" time="223.439">
      <system-out><![CDATA[
COMMAND: POST /session/bb295fd008a8bb8a1f479af6d4955b7d/element - {"using":"xpath","value":"//li[.//span[text()=\"Manage Partners\"]]"}
RESULT: {"using":"xpath","value":"//li[.//span[text()=\"Manage Partners\"]]"}
COMMAND: POST /session/bb295fd008a8bb8a1f479af6d4955b7d/element - {"using":"xpath","value":"//li[.//span[text()=\"Manage Partners\"]]"}
RESULT: {"using":"xpath","value":"//li[.//span[text()=\"Manage Partners\"]]"}
COMMAND: POST /session/bb295fd008a8bb8a1f479af6d4955b7d/element - {"using":"css selector","value":"#shell-header-logo"}
RESULT: {"using":"css selector","value":"#shell-header-logo"}
COMMAND: POST /session/bb295fd008a8bb8a1f479af6d4955b7d/element/f.71C3769F7ED8E40170006504CCA8900A.d.1FBF9DB950D13A41254E1281365D5B6D.e.4432/click - {}
COMMAND: POST /session/bb295fd008a8bb8a1f479af6d4955b7d/execute/sync - {"script":"<script> [8489 bytes]","args":[{"element-6066-11e4-a52e-4f735466cecf":"f.71C3769F7ED8E40170006504CCA8900A.d.1FBF9DB950D13A41254E1281365D5B6D.e.4432","ELEMENT":"f.71C3769F7ED8E40170006504CCA8900A.d.1FBF9DB950D13A41254E1281365D5B6D.e.4432"}]}
RESULT: {"script":"<script> [8489 bytes]","args":[{"element-6066-11e4-a52e-4f735466cecf":"f.71C3769F7ED8E40170006504CCA8900A.d.1FBF9DB950D13A41254E1281365D5B6D.e.4432","ELEMENT":"f.71C3769F7ED8E40170006504CCA8900A.d.1FBF9DB950D13A41254E1281365D5B6D.e.4432"}]}
COMMAND: POST /session/bb295fd008a8bb8a1f479af6d4955b7d/execute/sync - {"script":"<script> [5351 bytes]","args":[{"element-6066-11e4-a52e-4f735466cecf":"f.71C3769F7ED8E40170006504CCA8900A.d.1FBF9DB950D13A41254E1281365D5B6D.e.4432","ELEMENT":"f.71C3769F7ED8E40170006504CCA8900A.d.1FBF9DB950D13A41254E1281365D5B6D.e.4432"}]}
COMMAND: GET /session/bb295fd008a8bb8a1f479af6d4955b7d/screenshot - {}
RESULT: {}
COMMAND: GET /session/bb295fd008a8bb8a1f479af6d4955b7d/screenshot - {}
RESULT: {"script":"<script> [5351 bytes]","args":[{"element-6066-11e4-a52e-4f735466cecf":"f.71C3769F7ED8E40170006504CCA8900A.d.1FBF9DB950D13A41254E1281365D5B6D.e.4432","ELEMENT":"f.71C3769F7ED8E40170006504CCA8900A.d.1FBF9DB950D13A41254E1281365D5B6D.e.4432"}]}
COMMAND: GET /session/bb295fd008a8bb8a1f479af6d4955b7d/screenshot - {}
RESULT: {}
RESULT: {}
RESULT: {}
COMMAND: POST /session/bb295fd008a8bb8a1f479af6d4955b7d/refresh - {}
RESULT: {}
COMMAND: GET /session/bb295fd008a8bb8a1f479af6d4955b7d/screenshot - {}
RESULT: {}
COMMAND: POST /session/bb295fd008a8bb8a1f479af6d4955b7d/refresh - {}
RESULT: {}
COMMAND: GET /session/bb295fd008a8bb8a1f479af6d4955b7d/screenshot - {}
RESULT: {}
COMMAND: POST /session/bb295fd008a8bb8a1f479af6d4955b7d/window/fullscreen - {}
RESULT: {}
COMMAND: POST /session/bb295fd008a8bb8a1f479af6d4955b7d/execute/async - {"script":"<script> [189 bytes]","args":[]}
RESULT: {"script":"<script> [189 bytes]","args":[]}
COMMAND: POST /session/bb295fd008a8bb8a1f479af6d4955b7d/execute/async - {"script":"<script> [123 bytes]","args":[]}
RESULT: {"script":"<script> [123 bytes]","args":[]}
COMMAND: POST /session/bb295fd008a8bb8a1f479af6d4955b7d/timeouts - {"script":"<number>"}
RESULT: {"script":"<number>"}
COMMAND: GET /session/bb295fd008a8bb8a1f479af6d4955b7d/timeouts - {}
RESULT: {}
RESULT: undefined
COMMAND: POST /session/bb295fd008a8bb8a1f479af6d4955b7d/execute/async - {"script":"<script> [2676 bytes]","args":[]}
RESULT: {"script":"<script> [2676 bytes]","args":[]}
COMMAND: POST /session/bb295fd008a8bb8a1f479af6d4955b7d/execute/async - {"script":"<script> [2342 bytes]","args":[{"protocol":"http","hostname":"0.0.0.0","path":"/","capabilities":{"browserName":"chrome","goog:chromeOptions":{"binary":"C:\\Program Files\\Google\\Chrome\\Application\\chrome.exe","args":["--start-maximized"]}},"logLevel":"warn","connectionRetryTimeout":120000,"connectionRetryCount":3,"logLevels":{},"enableDirectConnect":true,"strictSSL":true,"_":"65 more keys: [\"cacheDir\",\"port\",\"requestedCapabilities\",\"automationProtocol\",\"baseUrl\",\"waitforInterval\",\"waitforTimeout\",\"onReload\",\"beforeCommand\",\"afterCommand\",\"rootDir\",\"specs\",\"suites\",\"exclude\",\"groupLogsByTestSpec\",\"excludeDriverLogs\",\"bail\",\"framework\",\"reporters\",\"services\",\"maxInstances\",\"maxInstancesPerCapability\",\"injectGlobals\",\"filesToWatch\",\"execArgv\",\"runnerEnv\",\"runner\",\"shard\",\"specFileRetries\",\"specFileRetriesDelay\",\"specFileRetriesDeferred\",\"reporterSyncInterval\",\"reporterSyncTimeout\",\"cucumberFeaturesWithLineNumbers\",\"autoCompileOpts\",\"mochaOpts\",\"jasmineOpts\",\"cucumberOpts\",\"onPrepare\",\"onWorkerStart\",\"onWorkerEnd\",\"before\",\"beforeSession\",\"beforeSuite\",\"beforeHook\",\"beforeTest\",\"afterTest\",\"afterHook\",\"afterSuite\",\"afterSession\",\"after\",\"onComplete\",\"beforeAssertion\",\"afterAssertion\",\"beforeFeature\",\"beforeScenario\",\"beforeStep\",\"afterStep\",\"afterScenario\",\"afterFeature\",\"_\",\"suite\",\"$0\",\"ignoredWorkerServices\",\"wdi5\"]"}]}
RESULT: {"script":"<script> [2342 bytes]","args":[{"protocol":"http","hostname":"0.0.0.0","path":"/","capabilities":{"browserName":"chrome","goog:chromeOptions":{"binary":"C:\\Program Files\\Google\\Chrome\\Application\\chrome.exe","args":["--start-maximized"]}},"logLevel":"warn","connectionRetryTimeout":120000,"connectionRetryCount":3,"logLevels":{},"enableDirectConnect":true,"strictSSL":true,"_":"65 more keys: [\"cacheDir\",\"port\",\"requestedCapabilities\",\"automationProtocol\",\"baseUrl\",\"waitforInterval\",\"waitforTimeout\",\"onReload\",\"beforeCommand\",\"afterCommand\",\"rootDir\",\"specs\",\"suites\",\"exclude\",\"groupLogsByTestSpec\",\"excludeDriverLogs\",\"bail\",\"framework\",\"reporters\",\"services\",\"maxInstances\",\"maxInstancesPerCapability\",\"injectGlobals\",\"filesToWatch\",\"execArgv\",\"runnerEnv\",\"runner\",\"shard\",\"specFileRetries\",\"specFileRetriesDelay\",\"specFileRetriesDeferred\",\"reporterSyncInterval\",\"reporterSyncTimeout\",\"cucumberFeaturesWithLineNumbers\",\"autoCompileOpts\",\"mochaOpts\",\"jasmineOpts\",\"cucumberOpts\",\"onPrepare\",\"onWorkerStart\",\"onWorkerEnd\",\"before\",\"beforeSession\",\"beforeSuite\",\"beforeHook\",\"beforeTest\",\"afterTest\",\"afterHook\",\"afterSuite\",\"afterSession\",\"after\",\"onComplete\",\"beforeAssertion\",\"afterAssertion\",\"beforeFeature\",\"beforeScenario\",\"beforeStep\",\"afterStep\",\"afterScenario\",\"afterFeature\",\"_\",\"suite\",\"$0\",\"ignoredWorkerServices\",\"wdi5\"]"}]}
COMMAND: POST /session/bb295fd008a8bb8a1f479af6d4955b7d/execute/async - {"script":"<script> [21126 bytes]","args":[35000]}
RESULT: {"script":"<script> [21126 bytes]","args":[35000]}
COMMAND: POST /session/bb295fd008a8bb8a1f479af6d4955b7d/window/fullscreen - {}
RESULT: {}
COMMAND: POST /session/bb295fd008a8bb8a1f479af6d4955b7d/window/fullscreen - {}
RESULT: {}
COMMAND: POST /session/bb295fd008a8bb8a1f479af6d4955b7d/execute/async - {"script":"<script> [1562 bytes]","args":[{"selector":{"controlType":"sap.m.GenericTile","properties":{"header":"Manage Partners"}},"wdio_ui5_key":"sapm.GenericTile{\"header\":\"Manage Partners\"}"}]}
RESULT: {"script":"<script> [1562 bytes]","args":[{"selector":{"controlType":"sap.m.GenericTile","properties":{"header":"Manage Partners"}},"wdio_ui5_key":"sapm.GenericTile{\"header\":\"Manage Partners\"}"}]}
RESULT: undefined
COMMAND: POST /session/bb295fd008a8bb8a1f479af6d4955b7d/element - {"using":"xpath","value":"//*[@id=\"__tile30\"]"}
RESULT: {"using":"xpath","value":"//*[@id=\"__tile30\"]"}
COMMAND: POST /session/bb295fd008a8bb8a1f479af6d4955b7d/element/f.71C3769F7ED8E40170006504CCA8900A.d.246DBDC53B01818B8AFDCC626BAE4DB4.e.4496/click - {}
RESULT: {}
COMMAND: POST /session/bb295fd008a8bb8a1f479af6d4955b7d/element - {"using":"xpath","value":"//button[@data-kt=\"addButton\"]"}
COMMAND: GET /session/bb295fd008a8bb8a1f479af6d4955b7d/screenshot - {}
RESULT: {"using":"xpath","value":"//button[@data-kt=\"addButton\"]"}
COMMAND: POST /session/bb295fd008a8bb8a1f479af6d4955b7d/elements - {"using":"xpath","value":"//button[@data-kt=\"addButton\"]"}
RESULT: {}
RESULT: {"using":"xpath","value":"//button[@data-kt=\"addButton\"]"}
COMMAND: POST /session/bb295fd008a8bb8a1f479af6d4955b7d/elements - {"using":"xpath","value":"//button[@data-kt=\"addButton\"]"}
RESULT: {"using":"xpath","value":"//button[@data-kt=\"addButton\"]"}
COMMAND: POST /session/bb295fd008a8bb8a1f479af6d4955b7d/elements - {"using":"xpath","value":"//button[@data-kt=\"addButton\"]"}
RESULT: {"using":"xpath","value":"//button[@data-kt=\"addButton\"]"}
COMMAND: POST /session/bb295fd008a8bb8a1f479af6d4955b7d/elements - {"using":"xpath","value":"//button[@data-kt=\"addButton\"]"}
RESULT: {"using":"xpath","value":"//button[@data-kt=\"addButton\"]"}
COMMAND: POST /session/bb295fd008a8bb8a1f479af6d4955b7d/elements - {"using":"xpath","value":"//button[@data-kt=\"addButton\"]"}
RESULT: {"using":"xpath","value":"//button[@data-kt=\"addButton\"]"}
COMMAND: POST /session/bb295fd008a8bb8a1f479af6d4955b7d/elements - {"using":"xpath","value":"//button[@data-kt=\"addButton\"]"}
RESULT: {"using":"xpath","value":"//button[@data-kt=\"addButton\"]"}
COMMAND: POST /session/bb295fd008a8bb8a1f479af6d4955b7d/elements - {"using":"xpath","value":"//button[@data-kt=\"addButton\"]"}
RESULT: {"using":"xpath","value":"//button[@data-kt=\"addButton\"]"}
COMMAND: POST /session/bb295fd008a8bb8a1f479af6d4955b7d/elements - {"using":"xpath","value":"//button[@data-kt=\"addButton\"]"}
RESULT: {"using":"xpath","value":"//button[@data-kt=\"addButton\"]"}
COMMAND: POST /session/bb295fd008a8bb8a1f479af6d4955b7d/elements - {"using":"xpath","value":"//button[@data-kt=\"addButton\"]"}
RESULT: {"using":"xpath","value":"//button[@data-kt=\"addButton\"]"}
COMMAND: POST /session/bb295fd008a8bb8a1f479af6d4955b7d/elements - {"using":"xpath","value":"//button[@data-kt=\"addButton\"]"}
RESULT: {"using":"xpath","value":"//button[@data-kt=\"addButton\"]"}
COMMAND: POST /session/bb295fd008a8bb8a1f479af6d4955b7d/elements - {"using":"xpath","value":"//button[@data-kt=\"addButton\"]"}
RESULT: {"using":"xpath","value":"//button[@data-kt=\"addButton\"]"}
COMMAND: POST /session/bb295fd008a8bb8a1f479af6d4955b7d/elements - {"using":"xpath","value":"//button[@data-kt=\"addButton\"]"}
RESULT: {"using":"xpath","value":"//button[@data-kt=\"addButton\"]"}
COMMAND: POST /session/bb295fd008a8bb8a1f479af6d4955b7d/elements - {"using":"xpath","value":"//button[@data-kt=\"addButton\"]"}
RESULT: {"using":"xpath","value":"//button[@data-kt=\"addButton\"]"}
COMMAND: POST /session/bb295fd008a8bb8a1f479af6d4955b7d/elements - {"using":"xpath","value":"//button[@data-kt=\"addButton\"]"}
RESULT: {"using":"xpath","value":"//button[@data-kt=\"addButton\"]"}
COMMAND: POST /session/bb295fd008a8bb8a1f479af6d4955b7d/elements - {"using":"xpath","value":"//button[@data-kt=\"addButton\"]"}
RESULT: {"using":"xpath","value":"//button[@data-kt=\"addButton\"]"}
COMMAND: POST /session/bb295fd008a8bb8a1f479af6d4955b7d/elements - {"using":"xpath","value":"//button[@data-kt=\"addButton\"]"}
RESULT: {"using":"xpath","value":"//button[@data-kt=\"addButton\"]"}
COMMAND: POST /session/bb295fd008a8bb8a1f479af6d4955b7d/elements - {"using":"xpath","value":"//button[@data-kt=\"addButton\"]"}
RESULT: {"using":"xpath","value":"//button[@data-kt=\"addButton\"]"}
COMMAND: POST /session/bb295fd008a8bb8a1f479af6d4955b7d/elements - {"using":"xpath","value":"//button[@data-kt=\"addButton\"]"}
RESULT: {"using":"xpath","value":"//button[@data-kt=\"addButton\"]"}
COMMAND: POST /session/bb295fd008a8bb8a1f479af6d4955b7d/elements - {"using":"xpath","value":"//button[@data-kt=\"addButton\"]"}
RESULT: {"using":"xpath","value":"//button[@data-kt=\"addButton\"]"}
COMMAND: POST /session/bb295fd008a8bb8a1f479af6d4955b7d/elements - {"using":"xpath","value":"//button[@data-kt=\"addButton\"]"}
RESULT: {"using":"xpath","value":"//button[@data-kt=\"addButton\"]"}
COMMAND: POST /session/bb295fd008a8bb8a1f479af6d4955b7d/elements - {"using":"xpath","value":"//button[@data-kt=\"addButton\"]"}
RESULT: {"using":"xpath","value":"//button[@data-kt=\"addButton\"]"}
COMMAND: POST /session/bb295fd008a8bb8a1f479af6d4955b7d/elements - {"using":"xpath","value":"//button[@data-kt=\"addButton\"]"}
RESULT: {"using":"xpath","value":"//button[@data-kt=\"addButton\"]"}
COMMAND: POST /session/bb295fd008a8bb8a1f479af6d4955b7d/elements - {"using":"xpath","value":"//button[@data-kt=\"addButton\"]"}
RESULT: {"using":"xpath","value":"//button[@data-kt=\"addButton\"]"}
COMMAND: POST /session/bb295fd008a8bb8a1f479af6d4955b7d/elements - {"using":"xpath","value":"//button[@data-kt=\"addButton\"]"}
RESULT: {"using":"xpath","value":"//button[@data-kt=\"addButton\"]"}
COMMAND: POST /session/bb295fd008a8bb8a1f479af6d4955b7d/elements - {"using":"xpath","value":"//button[@data-kt=\"addButton\"]"}
RESULT: {"using":"xpath","value":"//button[@data-kt=\"addButton\"]"}
COMMAND: POST /session/bb295fd008a8bb8a1f479af6d4955b7d/elements - {"using":"xpath","value":"//button[@data-kt=\"addButton\"]"}
RESULT: {"using":"xpath","value":"//button[@data-kt=\"addButton\"]"}
COMMAND: POST /session/bb295fd008a8bb8a1f479af6d4955b7d/elements - {"using":"xpath","value":"//button[@data-kt=\"addButton\"]"}
RESULT: {"using":"xpath","value":"//button[@data-kt=\"addButton\"]"}
COMMAND: POST /session/bb295fd008a8bb8a1f479af6d4955b7d/elements - {"using":"xpath","value":"//button[@data-kt=\"addButton\"]"}
RESULT: {"using":"xpath","value":"//button[@data-kt=\"addButton\"]"}
COMMAND: POST /session/bb295fd008a8bb8a1f479af6d4955b7d/element - {"using":"xpath","value":"//button[@data-kt=\"addButton\"]"}
RESULT: {"using":"xpath","value":"//button[@data-kt=\"addButton\"]"}
COMMAND: POST /session/bb295fd008a8bb8a1f479af6d4955b7d/execute/sync - {"script":"<script> [8489 bytes]","args":[{"element-6066-11e4-a52e-4f735466cecf":"f.71C3769F7ED8E40170006504CCA8900A.d.246DBDC53B01818B8AFDCC626BAE4DB4.e.4612","ELEMENT":"f.71C3769F7ED8E40170006504CCA8900A.d.246DBDC53B01818B8AFDCC626BAE4DB4.e.4612"}]}
RESULT: {"script":"<script> [8489 bytes]","args":[{"element-6066-11e4-a52e-4f735466cecf":"f.71C3769F7ED8E40170006504CCA8900A.d.246DBDC53B01818B8AFDCC626BAE4DB4.e.4612","ELEMENT":"f.71C3769F7ED8E40170006504CCA8900A.d.246DBDC53B01818B8AFDCC626BAE4DB4.e.4612"}]}
COMMAND: GET /session/bb295fd008a8bb8a1f479af6d4955b7d/element/f.71C3769F7ED8E40170006504CCA8900A.d.246DBDC53B01818B8AFDCC626BAE4DB4.e.4612/enabled - {}
COMMAND: GET /session/bb295fd008a8bb8a1f479af6d4955b7d/screenshot - {}
RESULT: {}
COMMAND: POST /session/bb295fd008a8bb8a1f479af6d4955b7d/execute/sync - {"script":"<script> [8489 bytes]","args":[{"element-6066-11e4-a52e-4f735466cecf":"f.71C3769F7ED8E40170006504CCA8900A.d.246DBDC53B01818B8AFDCC626BAE4DB4.e.4612","ELEMENT":"f.71C3769F7ED8E40170006504CCA8900A.d.246DBDC53B01818B8AFDCC626BAE4DB4.e.4612"}]}
COMMAND: GET /session/bb295fd008a8bb8a1f479af6d4955b7d/screenshot - {}
RESULT: {}
RESULT: {"script":"<script> [8489 bytes]","args":[{"element-6066-11e4-a52e-4f735466cecf":"f.71C3769F7ED8E40170006504CCA8900A.d.246DBDC53B01818B8AFDCC626BAE4DB4.e.4612","ELEMENT":"f.71C3769F7ED8E40170006504CCA8900A.d.246DBDC53B01818B8AFDCC626BAE4DB4.e.4612"}]}
COMMAND: POST /session/bb295fd008a8bb8a1f479af6d4955b7d/execute/sync - {"script":"<script> [5351 bytes]","args":[{"element-6066-11e4-a52e-4f735466cecf":"f.71C3769F7ED8E40170006504CCA8900A.d.246DBDC53B01818B8AFDCC626BAE4DB4.e.4612","ELEMENT":"f.71C3769F7ED8E40170006504CCA8900A.d.246DBDC53B01818B8AFDCC626BAE4DB4.e.4612"}]}
COMMAND: GET /session/bb295fd008a8bb8a1f479af6d4955b7d/screenshot - {}
RESULT: {}
RESULT: {"script":"<script> [5351 bytes]","args":[{"element-6066-11e4-a52e-4f735466cecf":"f.71C3769F7ED8E40170006504CCA8900A.d.246DBDC53B01818B8AFDCC626BAE4DB4.e.4612","ELEMENT":"f.71C3769F7ED8E40170006504CCA8900A.d.246DBDC53B01818B8AFDCC626BAE4DB4.e.4612"}]}
COMMAND: POST /session/bb295fd008a8bb8a1f479af6d4955b7d/element/f.71C3769F7ED8E40170006504CCA8900A.d.246DBDC53B01818B8AFDCC626BAE4DB4.e.4612/click - {}
COMMAND: GET /session/bb295fd008a8bb8a1f479af6d4955b7d/screenshot - {}
RESULT: {}
RESULT: {}
COMMAND: GET /session/bb295fd008a8bb8a1f479af6d4955b7d/screenshot - {}
RESULT: {}
RESULT: {}
COMMAND: POST /session/bb295fd008a8bb8a1f479af6d4955b7d/execute/async - {"script":"<script> [1562 bytes]","args":[{"selector":{"id":"application-managepartners-display-component---NewPartner--addressDetailDetailsName1","interaction":{"idSuffix":"inner"}},"wdio_ui5_key":"applicationmanagepartners-display-component---NewPartner--addressDetailDetailsName1"}]}
RESULT: {"script":"<script> [1562 bytes]","args":[{"selector":{"id":"application-managepartners-display-component---NewPartner--addressDetailDetailsName1","interaction":{"idSuffix":"inner"}},"wdio_ui5_key":"applicationmanagepartners-display-component---NewPartner--addressDetailDetailsName1"}]}
RESULT: undefined
COMMAND: POST /session/bb295fd008a8bb8a1f479af6d4955b7d/execute/async - {"script":"<script> [776 bytes]","args":[{"enterText":"Intracompany Partner WDIO","selector":{"id":"application-managepartners-display-component---NewPartner--addressDetailDetailsName1","interaction":{"idSuffix":"inner"}},"clearTextFirst":true,"interactionType":"ENTER_TEXT"}]}
RESULT: {"script":"<script> [776 bytes]","args":[{"enterText":"Intracompany Partner WDIO","selector":{"id":"application-managepartners-display-component---NewPartner--addressDetailDetailsName1","interaction":{"idSuffix":"inner"}},"clearTextFirst":true,"interactionType":"ENTER_TEXT"}]}
COMMAND: POST /session/bb295fd008a8bb8a1f479af6d4955b7d/execute/async - {"script":"<script> [1562 bytes]","args":[{"selector":{"id":"application-managepartners-display-component---NewPartner--addressDetailDetailsLanguage-arrow"},"wdio_ui5_key":"applicationmanagepartners-display-component---NewPartner--addressDetailDetailsLanguage-arrow"}]}
RESULT: {"script":"<script> [1562 bytes]","args":[{"selector":{"id":"application-managepartners-display-component---NewPartner--addressDetailDetailsLanguage-arrow"},"wdio_ui5_key":"applicationmanagepartners-display-component---NewPartner--addressDetailDetailsLanguage-arrow"}]}
RESULT: undefined
COMMAND: POST /session/bb295fd008a8bb8a1f479af6d4955b7d/element - {"using":"xpath","value":"//*[@id=\"application-managepartners-display-component---NewPartner--addressDetailDetailsLanguage-arrow\"]"}
RESULT: {"using":"xpath","value":"//*[@id=\"application-managepartners-display-component---NewPartner--addressDetailDetailsLanguage-arrow\"]"}
COMMAND: POST /session/bb295fd008a8bb8a1f479af6d4955b7d/element/f.71C3769F7ED8E40170006504CCA8900A.d.246DBDC53B01818B8AFDCC626BAE4DB4.e.5067/click - {}
RESULT: {}
COMMAND: POST /session/bb295fd008a8bb8a1f479af6d4955b7d/element - {"using":"xpath","value":"//span[contains(text(), \"English\")]"}
COMMAND: GET /session/bb295fd008a8bb8a1f479af6d4955b7d/screenshot - {}
RESULT: {"using":"xpath","value":"//span[contains(text(), \"English\")]"}
COMMAND: POST /session/bb295fd008a8bb8a1f479af6d4955b7d/element/f.71C3769F7ED8E40170006504CCA8900A.d.246DBDC53B01818B8AFDCC626BAE4DB4.e.5068/click - {}
RESULT: {}
RESULT: {}
COMMAND: GET /session/bb295fd008a8bb8a1f479af6d4955b7d/screenshot - {}
RESULT: {}
COMMAND: POST /session/bb295fd008a8bb8a1f479af6d4955b7d/execute/async - {"script":"<script> [1562 bytes]","args":[{"selector":{"id":"application-managepartners-display-component---NewPartner--addressDetailDetailsCity1","interaction":{"idSuffix":"inner"}},"wdio_ui5_key":"applicationmanagepartners-display-component---NewPartner--addressDetailDetailsCity1"}]}
RESULT: {"script":"<script> [1562 bytes]","args":[{"selector":{"id":"application-managepartners-display-component---NewPartner--addressDetailDetailsCity1","interaction":{"idSuffix":"inner"}},"wdio_ui5_key":"applicationmanagepartners-display-component---NewPartner--addressDetailDetailsCity1"}]}
RESULT: undefined
COMMAND: POST /session/bb295fd008a8bb8a1f479af6d4955b7d/execute/async - {"script":"<script> [776 bytes]","args":[{"enterText":"Rosario","selector":{"id":"application-managepartners-display-component---NewPartner--addressDetailDetailsCity1","interaction":{"idSuffix":"inner"}},"clearTextFirst":true,"interactionType":"ENTER_TEXT"}]}
RESULT: {"script":"<script> [776 bytes]","args":[{"enterText":"Rosario","selector":{"id":"application-managepartners-display-component---NewPartner--addressDetailDetailsCity1","interaction":{"idSuffix":"inner"}},"clearTextFirst":true,"interactionType":"ENTER_TEXT"}]}
COMMAND: POST /session/bb295fd008a8bb8a1f479af6d4955b7d/execute/async - {"script":"<script> [1562 bytes]","args":[{"selector":{"id":"application-managepartners-display-component---NewPartner--addressDetailDetailsCountry-arrow"},"wdio_ui5_key":"applicationmanagepartners-display-component---NewPartner--addressDetailDetailsCountry-arrow"}]}
RESULT: {"script":"<script> [1562 bytes]","args":[{"selector":{"id":"application-managepartners-display-component---NewPartner--addressDetailDetailsCountry-arrow"},"wdio_ui5_key":"applicationmanagepartners-display-component---NewPartner--addressDetailDetailsCountry-arrow"}]}
RESULT: undefined
COMMAND: POST /session/bb295fd008a8bb8a1f479af6d4955b7d/element - {"using":"xpath","value":"//*[@id=\"application-managepartners-display-component---NewPartner--addressDetailDetailsCountry-arrow\"]"}
RESULT: {"using":"xpath","value":"//*[@id=\"application-managepartners-display-component---NewPartner--addressDetailDetailsCountry-arrow\"]"}
COMMAND: POST /session/bb295fd008a8bb8a1f479af6d4955b7d/element/f.71C3769F7ED8E40170006504CCA8900A.d.246DBDC53B01818B8AFDCC626BAE4DB4.e.5035/click - {}
RESULT: {}
COMMAND: POST /session/bb295fd008a8bb8a1f479af6d4955b7d/element - {"using":"xpath","value":"//span[contains(text(), \"Argentina\")]"}
COMMAND: GET /session/bb295fd008a8bb8a1f479af6d4955b7d/screenshot - {}
RESULT: {"using":"xpath","value":"//span[contains(text(), \"Argentina\")]"}
COMMAND: POST /session/bb295fd008a8bb8a1f479af6d4955b7d/element/f.71C3769F7ED8E40170006504CCA8900A.d.246DBDC53B01818B8AFDCC626BAE4DB4.e.5070/click - {}
RESULT: {}
RESULT: {}
COMMAND: GET /session/bb295fd008a8bb8a1f479af6d4955b7d/screenshot - {}
RESULT: {}
COMMAND: POST /session/bb295fd008a8bb8a1f479af6d4955b7d/element - {"using":"xpath","value":"//bdi[contains(text(), \"Commercial\")]"}
RESULT: {"using":"xpath","value":"//bdi[contains(text(), \"Commercial\")]"}
COMMAND: POST /session/bb295fd008a8bb8a1f479af6d4955b7d/element/f.71C3769F7ED8E40170006504CCA8900A.d.246DBDC53B01818B8AFDCC626BAE4DB4.e.5071/click - {}
RESULT: {}
COMMAND: GET /session/bb295fd008a8bb8a1f479af6d4955b7d/screenshot - {}
RESULT: {}
COMMAND: POST /session/bb295fd008a8bb8a1f479af6d4955b7d/execute/async - {"script":"<script> [1562 bytes]","args":[{"selector":{"id":"application-managepartners-display-component---NewPartner--partnerDetailInternal-arrow"},"wdio_ui5_key":"applicationmanagepartners-display-component---NewPartner--partnerDetailInternal-arrow"}]}
RESULT: {"script":"<script> [1562 bytes]","args":[{"selector":{"id":"application-managepartners-display-component---NewPartner--partnerDetailInternal-arrow"},"wdio_ui5_key":"applicationmanagepartners-display-component---NewPartner--partnerDetailInternal-arrow"}]}
RESULT: undefined
COMMAND: POST /session/bb295fd008a8bb8a1f479af6d4955b7d/element - {"using":"xpath","value":"//*[@id=\"application-managepartners-display-component---NewPartner--partnerDetailInternal-arrow\"]"}
RESULT: {"using":"xpath","value":"//*[@id=\"application-managepartners-display-component---NewPartner--partnerDetailInternal-arrow\"]"}
COMMAND: POST /session/bb295fd008a8bb8a1f479af6d4955b7d/element/f.71C3769F7ED8E40170006504CCA8900A.d.246DBDC53B01818B8AFDCC626BAE4DB4.e.5077/click - {}
RESULT: {}
COMMAND: POST /session/bb295fd008a8bb8a1f479af6d4955b7d/element - {"using":"xpath","value":"//span[contains(text(), \"Affiliated company\")]"}
COMMAND: GET /session/bb295fd008a8bb8a1f479af6d4955b7d/screenshot - {}
RESULT: {"using":"xpath","value":"//span[contains(text(), \"Affiliated company\")]"}
COMMAND: POST /session/bb295fd008a8bb8a1f479af6d4955b7d/element/f.71C3769F7ED8E40170006504CCA8900A.d.246DBDC53B01818B8AFDCC626BAE4DB4.e.5078/click - {}
RESULT: {}
RESULT: {}
COMMAND: POST /session/bb295fd008a8bb8a1f479af6d4955b7d/execute/async - {"script":"<script> [1562 bytes]","args":[{"selector":{"id":"application-managepartners-display-component---NewPartner--partnerDetailsCurrency-arrow"},"wdio_ui5_key":"applicationmanagepartners-display-component---NewPartner--partnerDetailsCurrency-arrow"}]}
COMMAND: GET /session/bb295fd008a8bb8a1f479af6d4955b7d/screenshot - {}
RESULT: {"script":"<script> [1562 bytes]","args":[{"selector":{"id":"application-managepartners-display-component---NewPartner--partnerDetailsCurrency-arrow"},"wdio_ui5_key":"applicationmanagepartners-display-component---NewPartner--partnerDetailsCurrency-arrow"}]}
RESULT: undefined
COMMAND: POST /session/bb295fd008a8bb8a1f479af6d4955b7d/element - {"using":"xpath","value":"//*[@id=\"application-managepartners-display-component---NewPartner--partnerDetailsCurrency-arrow\"]"}
RESULT: {}
RESULT: {"using":"xpath","value":"//*[@id=\"application-managepartners-display-component---NewPartner--partnerDetailsCurrency-arrow\"]"}
COMMAND: POST /session/bb295fd008a8bb8a1f479af6d4955b7d/element/f.71C3769F7ED8E40170006504CCA8900A.d.246DBDC53B01818B8AFDCC626BAE4DB4.e.5085/click - {}
RESULT: {}
COMMAND: POST /session/bb295fd008a8bb8a1f479af6d4955b7d/element - {"using":"xpath","value":"//span[contains(text(), \"Euro\")]"}
COMMAND: GET /session/bb295fd008a8bb8a1f479af6d4955b7d/screenshot - {}
RESULT: {"using":"xpath","value":"//span[contains(text(), \"Euro\")]"}
COMMAND: POST /session/bb295fd008a8bb8a1f479af6d4955b7d/element/f.71C3769F7ED8E40170006504CCA8900A.d.246DBDC53B01818B8AFDCC626BAE4DB4.e.5086/click - {}
RESULT: {}
RESULT: {}
COMMAND: POST /session/bb295fd008a8bb8a1f479af6d4955b7d/execute/async - {"script":"<script> [1562 bytes]","args":[{"selector":{"id":"application-managepartners-display-component---NewPartner--addressEditDetailsCostObjectCstType-arrow"},"wdio_ui5_key":"applicationmanagepartners-display-component---NewPartner--addressEditDetailsCostObjectCstType-arrow"}]}
COMMAND: GET /session/bb295fd008a8bb8a1f479af6d4955b7d/screenshot - {}
RESULT: {"script":"<script> [1562 bytes]","args":[{"selector":{"id":"application-managepartners-display-component---NewPartner--addressEditDetailsCostObjectCstType-arrow"},"wdio_ui5_key":"applicationmanagepartners-display-component---NewPartner--addressEditDetailsCostObjectCstType-arrow"}]}
RESULT: undefined
COMMAND: POST /session/bb295fd008a8bb8a1f479af6d4955b7d/element - {"using":"xpath","value":"//*[@id=\"application-managepartners-display-component---NewPartner--addressEditDetailsCostObjectCstType-arrow\"]"}
RESULT: {}
RESULT: {"using":"xpath","value":"//*[@id=\"application-managepartners-display-component---NewPartner--addressEditDetailsCostObjectCstType-arrow\"]"}
COMMAND: POST /session/bb295fd008a8bb8a1f479af6d4955b7d/element/f.71C3769F7ED8E40170006504CCA8900A.d.246DBDC53B01818B8AFDCC626BAE4DB4.e.5087/click - {}
RESULT: {}
COMMAND: POST /session/bb295fd008a8bb8a1f479af6d4955b7d/element - {"using":"xpath","value":"//span[contains(text(), \"Cost Center\")]"}
COMMAND: GET /session/bb295fd008a8bb8a1f479af6d4955b7d/screenshot - {}
RESULT: {"using":"xpath","value":"//span[contains(text(), \"Cost Center\")]"}
COMMAND: POST /session/bb295fd008a8bb8a1f479af6d4955b7d/element/f.71C3769F7ED8E40170006504CCA8900A.d.246DBDC53B01818B8AFDCC626BAE4DB4.e.5088/click - {}
RESULT: {}
RESULT: {}
COMMAND: GET /session/bb295fd008a8bb8a1f479af6d4955b7d/screenshot - {}
RESULT: {}
COMMAND: POST /session/bb295fd008a8bb8a1f479af6d4955b7d/element - {"using":"xpath","value":"//span[@id=\"application-managepartners-display-component---NewPartner--addressNewCostObjectCstID-vhi\"]"}
RESULT: {"using":"xpath","value":"//span[@id=\"application-managepartners-display-component---NewPartner--addressNewCostObjectCstID-vhi\"]"}
COMMAND: POST /session/bb295fd008a8bb8a1f479af6d4955b7d/execute/sync - {"script":"<script> [8489 bytes]","args":[{"element-6066-11e4-a52e-4f735466cecf":"f.71C3769F7ED8E40170006504CCA8900A.d.246DBDC53B01818B8AFDCC626BAE4DB4.e.5092","ELEMENT":"f.71C3769F7ED8E40170006504CCA8900A.d.246DBDC53B01818B8AFDCC626BAE4DB4.e.5092"}]}
RESULT: {"script":"<script> [8489 bytes]","args":[{"element-6066-11e4-a52e-4f735466cecf":"f.71C3769F7ED8E40170006504CCA8900A.d.246DBDC53B01818B8AFDCC626BAE4DB4.e.5092","ELEMENT":"f.71C3769F7ED8E40170006504CCA8900A.d.246DBDC53B01818B8AFDCC626BAE4DB4.e.5092"}]}
COMMAND: POST /session/bb295fd008a8bb8a1f479af6d4955b7d/execute/async - {"script":"<script> [1562 bytes]","args":[{"selector":{"id":"application-managepartners-display-component---NewPartner--addressNewCostObjectCstID-vhi"},"wdio_ui5_key":"applicationmanagepartners-display-component---NewPartner--addressNewCostObjectCstID-vhi"}]}
COMMAND: GET /session/bb295fd008a8bb8a1f479af6d4955b7d/screenshot - {}
RESULT: {"script":"<script> [1562 bytes]","args":[{"selector":{"id":"application-managepartners-display-component---NewPartner--addressNewCostObjectCstID-vhi"},"wdio_ui5_key":"applicationmanagepartners-display-component---NewPartner--addressNewCostObjectCstID-vhi"}]}
RESULT: undefined
COMMAND: POST /session/bb295fd008a8bb8a1f479af6d4955b7d/element - {"using":"xpath","value":"//*[@id=\"application-managepartners-display-component---NewPartner--addressNewCostObjectCstID-vhi\"]"}
RESULT: {}
RESULT: {"using":"xpath","value":"//*[@id=\"application-managepartners-display-component---NewPartner--addressNewCostObjectCstID-vhi\"]"}
COMMAND: POST /session/bb295fd008a8bb8a1f479af6d4955b7d/element/f.71C3769F7ED8E40170006504CCA8900A.d.246DBDC53B01818B8AFDCC626BAE4DB4.e.5092/click - {}
RESULT: {}
COMMAND: GET /session/bb295fd008a8bb8a1f479af6d4955b7d/screenshot - {}
RESULT: {}
COMMAND: POST /session/bb295fd008a8bb8a1f479af6d4955b7d/execute/async - {"script":"<script> [1562 bytes]","args":[{"selector":{"controlType":"sap.m.SearchField","properties":{"placeholder":"Search"},"searchOpenDialogs":true,"interaction":{"idSuffix":"I"}},"wdio_ui5_key":"sapm.SearchField{\"placeholder\":\"Search\"}"}]}
RESULT: {"script":"<script> [1562 bytes]","args":[{"selector":{"controlType":"sap.m.SearchField","properties":{"placeholder":"Search"},"searchOpenDialogs":true,"interaction":{"idSuffix":"I"}},"wdio_ui5_key":"sapm.SearchField{\"placeholder\":\"Search\"}"}]}
RESULT: undefined
COMMAND: POST /session/bb295fd008a8bb8a1f479af6d4955b7d/execute/async - {"script":"<script> [776 bytes]","args":[{"enterText":"10001013","selector":{"controlType":"sap.m.SearchField","properties":{"placeholder":"Search"},"searchOpenDialogs":true,"interaction":{"idSuffix":"I"}},"clearTextFirst":true,"interactionType":"ENTER_TEXT"}]}
RESULT: {"script":"<script> [776 bytes]","args":[{"enterText":"10001013","selector":{"controlType":"sap.m.SearchField","properties":{"placeholder":"Search"},"searchOpenDialogs":true,"interaction":{"idSuffix":"I"}},"clearTextFirst":true,"interactionType":"ENTER_TEXT"}]}
COMMAND: POST /session/bb295fd008a8bb8a1f479af6d4955b7d/actions - {"actions":[{"id":"action12","type":"key","parameters":{},"actions":[{"type":"keyDown","value":"î€‡"},{"type":"pause","duration":10},{"type":"keyUp","value":"î€‡"}]}]}
RESULT: {"actions":[{"id":"action12","type":"key","parameters":{},"actions":[{"type":"keyDown","value":"î€‡"},{"type":"pause","duration":10},{"type":"keyUp","value":"î€‡"}]}]}
COMMAND: GET /session/bb295fd008a8bb8a1f479af6d4955b7d/screenshot - {}
RESULT: {}
COMMAND: POST /session/bb295fd008a8bb8a1f479af6d4955b7d/element - {"using":"xpath","value":"//span[contains(text(), \"General Management\")]"}
RESULT: {"using":"xpath","value":"//span[contains(text(), \"General Management\")]"}
COMMAND: POST /session/bb295fd008a8bb8a1f479af6d4955b7d/element/f.71C3769F7ED8E40170006504CCA8900A.d.246DBDC53B01818B8AFDCC626BAE4DB4.e.5133/click - {}
RESULT: {}
COMMAND: GET /session/bb295fd008a8bb8a1f479af6d4955b7d/screenshot - {}
RESULT: {}
COMMAND: POST /session/bb295fd008a8bb8a1f479af6d4955b7d/element - {"using":"xpath","value":"//bdi[contains(text(), \"OK\")]"}
RESULT: {"using":"xpath","value":"//bdi[contains(text(), \"OK\")]"}
COMMAND: POST /session/bb295fd008a8bb8a1f479af6d4955b7d/element/f.71C3769F7ED8E40170006504CCA8900A.d.246DBDC53B01818B8AFDCC626BAE4DB4.e.5134/click - {}
RESULT: {}
COMMAND: GET /session/bb295fd008a8bb8a1f479af6d4955b7d/screenshot - {}
RESULT: {}
COMMAND: POST /session/bb295fd008a8bb8a1f479af6d4955b7d/element - {"using":"xpath","value":"//input[@id=\"application-managepartners-display-component---NewPartner--companyCodeComboBox-inner\"]"}
RESULT: {"using":"xpath","value":"//input[@id=\"application-managepartners-display-component---NewPartner--companyCodeComboBox-inner\"]"}
COMMAND: POST /session/bb295fd008a8bb8a1f479af6d4955b7d/element/f.71C3769F7ED8E40170006504CCA8900A.d.246DBDC53B01818B8AFDCC626BAE4DB4.e.4925/clear - {}
RESULT: {}
COMMAND: POST /session/bb295fd008a8bb8a1f479af6d4955b7d/element/f.71C3769F7ED8E40170006504CCA8900A.d.246DBDC53B01818B8AFDCC626BAE4DB4.e.4925/value - {"text":"1000"}
COMMAND: GET /session/bb295fd008a8bb8a1f479af6d4955b7d/screenshot - {}
RESULT: {"text":"1000"}
COMMAND: GET /session/bb295fd008a8bb8a1f479af6d4955b7d/screenshot - {}
RESULT: {}
RESULT: {}
COMMAND: POST /session/bb295fd008a8bb8a1f479af6d4955b7d/element - {"using":"xpath","value":"//span[contains(text(), \"1000\")]"}
RESULT: {"using":"xpath","value":"//span[contains(text(), \"1000\")]"}
COMMAND: POST /session/bb295fd008a8bb8a1f479af6d4955b7d/element/f.71C3769F7ED8E40170006504CCA8900A.d.246DBDC53B01818B8AFDCC626BAE4DB4.e.5140/click - {}
RESULT: {}
COMMAND: GET /session/bb295fd008a8bb8a1f479af6d4955b7d/screenshot - {}
RESULT: {}
COMMAND: POST /session/bb295fd008a8bb8a1f479af6d4955b7d/execute/async - {"script":"<script> [1562 bytes]","args":[{"selector":{"id":"application-managepartners-display-component---NewPartner--btnAddTableRow-img"},"wdio_ui5_key":"applicationmanagepartners-display-component---NewPartner--btnAddTableRow-img"}]}
RESULT: {"script":"<script> [1562 bytes]","args":[{"selector":{"id":"application-managepartners-display-component---NewPartner--btnAddTableRow-img"},"wdio_ui5_key":"applicationmanagepartners-display-component---NewPartner--btnAddTableRow-img"}]}
RESULT: undefined
COMMAND: POST /session/bb295fd008a8bb8a1f479af6d4955b7d/element - {"using":"xpath","value":"//*[@id=\"application-managepartners-display-component---NewPartner--btnAddTableRow-img\"]"}
RESULT: {"using":"xpath","value":"//*[@id=\"application-managepartners-display-component---NewPartner--btnAddTableRow-img\"]"}
COMMAND: POST /session/bb295fd008a8bb8a1f479af6d4955b7d/element/f.71C3769F7ED8E40170006504CCA8900A.d.246DBDC53B01818B8AFDCC626BAE4DB4.e.5141/click - {}
RESULT: {}
COMMAND: GET /session/bb295fd008a8bb8a1f479af6d4955b7d/screenshot - {}
RESULT: {}
COMMAND: POST /session/bb295fd008a8bb8a1f479af6d4955b7d/element - {"using":"xpath","value":"//input[@id=\"application-managepartners-display-component---NewPartner--assignmentYard-application-managepartners-display-component---NewPartner--assignmentsTable-0-inner\"]"}
RESULT: {"using":"xpath","value":"//input[@id=\"application-managepartners-display-component---NewPartner--assignmentYard-application-managepartners-display-component---NewPartner--assignmentsTable-0-inner\"]"}
COMMAND: POST /session/bb295fd008a8bb8a1f479af6d4955b7d/element/f.71C3769F7ED8E40170006504CCA8900A.d.246DBDC53B01818B8AFDCC626BAE4DB4.e.5144/clear - {}
RESULT: {}
COMMAND: POST /session/bb295fd008a8bb8a1f479af6d4955b7d/element/f.71C3769F7ED8E40170006504CCA8900A.d.246DBDC53B01818B8AFDCC626BAE4DB4.e.5144/value - {"text":"296"}
COMMAND: GET /session/bb295fd008a8bb8a1f479af6d4955b7d/screenshot - {}
RESULT: {"text":"296"}
COMMAND: GET /session/bb295fd008a8bb8a1f479af6d4955b7d/screenshot - {}
RESULT: {}
RESULT: {}
COMMAND: POST /session/bb295fd008a8bb8a1f479af6d4955b7d/element - {"using":"xpath","value":"//li[.//span[text()='296']]"}
RESULT: {"using":"xpath","value":"//li[.//span[text()='296']]"}
COMMAND: POST /session/bb295fd008a8bb8a1f479af6d4955b7d/element/f.71C3769F7ED8E40170006504CCA8900A.d.246DBDC53B01818B8AFDCC626BAE4DB4.e.5153/click - {}
RESULT: {}
COMMAND: GET /session/bb295fd008a8bb8a1f479af6d4955b7d/screenshot - {}
RESULT: {}
COMMAND: POST /session/bb295fd008a8bb8a1f479af6d4955b7d/actions - {"actions":[{"id":"action13","type":"key","parameters":{},"actions":[{"type":"keyDown","value":"î€‡"},{"type":"pause","duration":10},{"type":"keyUp","value":"î€‡"}]}]}
RESULT: {"actions":[{"id":"action13","type":"key","parameters":{},"actions":[{"type":"keyDown","value":"î€‡"},{"type":"pause","duration":10},{"type":"keyUp","value":"î€‡"}]}]}
COMMAND: POST /session/bb295fd008a8bb8a1f479af6d4955b7d/execute/async - {"script":"<script> [1562 bytes]","args":[{"selector":{"id":"application-managepartners-display-component---NewPartner--externalCustomerComboBox-application-managepartners-display-component---NewPartner--assignmentsTable-0-vhi"},"wdio_ui5_key":"applicationmanagepartners-display-component---NewPartner--externalCustomerComboBox-application-managepartners-display-component---NewPartner--assignmentsTable-0-vhi"}]}
COMMAND: GET /session/bb295fd008a8bb8a1f479af6d4955b7d/screenshot - {}
RESULT: {"script":"<script> [1562 bytes]","args":[{"selector":{"id":"application-managepartners-display-component---NewPartner--externalCustomerComboBox-application-managepartners-display-component---NewPartner--assignmentsTable-0-vhi"},"wdio_ui5_key":"applicationmanagepartners-display-component---NewPartner--externalCustomerComboBox-application-managepartners-display-component---NewPartner--assignmentsTable-0-vhi"}]}
RESULT: undefined
COMMAND: POST /session/bb295fd008a8bb8a1f479af6d4955b7d/element - {"using":"xpath","value":"//*[@id=\"application-managepartners-display-component---NewPartner--externalCustomerComboBox-application-managepartners-display-component---NewPartner--assignmentsTable-0-vhi\"]"}
RESULT: {}
RESULT: {"using":"xpath","value":"//*[@id=\"application-managepartners-display-component---NewPartner--externalCustomerComboBox-application-managepartners-display-component---NewPartner--assignmentsTable-0-vhi\"]"}
COMMAND: POST /session/bb295fd008a8bb8a1f479af6d4955b7d/element/f.71C3769F7ED8E40170006504CCA8900A.d.246DBDC53B01818B8AFDCC626BAE4DB4.e.5157/click - {}
RESULT: {}
RESULT: undefined
COMMAND: POST /session/bb295fd008a8bb8a1f479af6d4955b7d/execute/async - {"script":"<script> [776 bytes]","args":[{"enterText":"300003","selector":{"controlType":"sap.m.SearchField","properties":{"placeholder":"Search"},"searchOpenDialogs":true,"interaction":{"idSuffix":"I"}},"clearTextFirst":true,"interactionType":"ENTER_TEXT"}]}
COMMAND: GET /session/bb295fd008a8bb8a1f479af6d4955b7d/screenshot - {}
RESULT: {"script":"<script> [776 bytes]","args":[{"enterText":"300003","selector":{"controlType":"sap.m.SearchField","properties":{"placeholder":"Search"},"searchOpenDialogs":true,"interaction":{"idSuffix":"I"}},"clearTextFirst":true,"interactionType":"ENTER_TEXT"}]}
COMMAND: POST /session/bb295fd008a8bb8a1f479af6d4955b7d/actions - {"actions":[{"id":"action14","type":"key","parameters":{},"actions":[{"type":"keyDown","value":"î€‡"},{"type":"pause","duration":10},{"type":"keyUp","value":"î€‡"}]}]}
RESULT: {}
RESULT: {"actions":[{"id":"action14","type":"key","parameters":{},"actions":[{"type":"keyDown","value":"î€‡"},{"type":"pause","duration":10},{"type":"keyUp","value":"î€‡"}]}]}
COMMAND: GET /session/bb295fd008a8bb8a1f479af6d4955b7d/screenshot - {}
RESULT: {}
COMMAND: POST /session/bb295fd008a8bb8a1f479af6d4955b7d/element - {"using":"xpath","value":"//span[contains(text(), \"300003\")]"}
RESULT: {"using":"xpath","value":"//span[contains(text(), \"300003\")]"}
COMMAND: POST /session/bb295fd008a8bb8a1f479af6d4955b7d/element/f.71C3769F7ED8E40170006504CCA8900A.d.246DBDC53B01818B8AFDCC626BAE4DB4.e.5174/click - {}
RESULT: {}
COMMAND: GET /session/bb295fd008a8bb8a1f479af6d4955b7d/screenshot - {}
RESULT: {}
COMMAND: POST /session/bb295fd008a8bb8a1f479af6d4955b7d/element - {"using":"xpath","value":"//bdi[contains(text(), \"OK\")]"}
RESULT: {"using":"xpath","value":"//bdi[contains(text(), \"OK\")]"}
COMMAND: POST /session/bb295fd008a8bb8a1f479af6d4955b7d/element/f.71C3769F7ED8E40170006504CCA8900A.d.246DBDC53B01818B8AFDCC626BAE4DB4.e.5176/click - {}
RESULT: {}
COMMAND: GET /session/bb295fd008a8bb8a1f479af6d4955b7d/screenshot - {}
RESULT: {}
COMMAND: POST /session/bb295fd008a8bb8a1f479af6d4955b7d/execute/async - {"script":"<script> [1562 bytes]","args":[{"selector":{"id":"application-managepartners-display-component---NewPartner--intercompVendorComboBox-application-managepartners-display-component---NewPartner--assignmentsTable-0-vhi"},"wdio_ui5_key":"applicationmanagepartners-display-component---NewPartner--intercompVendorComboBox-application-managepartners-display-component---NewPartner--assignmentsTable-0-vhi"}]}
RESULT: {"script":"<script> [1562 bytes]","args":[{"selector":{"id":"application-managepartners-display-component---NewPartner--intercompVendorComboBox-application-managepartners-display-component---NewPartner--assignmentsTable-0-vhi"},"wdio_ui5_key":"applicationmanagepartners-display-component---NewPartner--intercompVendorComboBox-application-managepartners-display-component---NewPartner--assignmentsTable-0-vhi"}]}
RESULT: undefined
COMMAND: POST /session/bb295fd008a8bb8a1f479af6d4955b7d/element - {"using":"xpath","value":"//*[@id=\"application-managepartners-display-component---NewPartner--intercompVendorComboBox-application-managepartners-display-component---NewPartner--assignmentsTable-0-vhi\"]"}
RESULT: {"using":"xpath","value":"//*[@id=\"application-managepartners-display-component---NewPartner--intercompVendorComboBox-application-managepartners-display-component---NewPartner--assignmentsTable-0-vhi\"]"}
COMMAND: POST /session/bb295fd008a8bb8a1f479af6d4955b7d/element/f.71C3769F7ED8E40170006504CCA8900A.d.246DBDC53B01818B8AFDCC626BAE4DB4.e.5179/click - {}
RESULT: {}
RESULT: undefined
COMMAND: POST /session/bb295fd008a8bb8a1f479af6d4955b7d/execute/async - {"script":"<script> [776 bytes]","args":[{"enterText":"100005","selector":{"controlType":"sap.m.SearchField","properties":{"placeholder":"Search"},"searchOpenDialogs":true,"interaction":{"idSuffix":"I"}},"clearTextFirst":true,"interactionType":"ENTER_TEXT"}]}
COMMAND: GET /session/bb295fd008a8bb8a1f479af6d4955b7d/screenshot - {}
RESULT: {"script":"<script> [776 bytes]","args":[{"enterText":"100005","selector":{"controlType":"sap.m.SearchField","properties":{"placeholder":"Search"},"searchOpenDialogs":true,"interaction":{"idSuffix":"I"}},"clearTextFirst":true,"interactionType":"ENTER_TEXT"}]}
COMMAND: POST /session/bb295fd008a8bb8a1f479af6d4955b7d/actions - {"actions":[{"id":"action15","type":"key","parameters":{},"actions":[{"type":"keyDown","value":"î€‡"},{"type":"pause","duration":10},{"type":"keyUp","value":"î€‡"}]}]}
RESULT: {}
RESULT: {"actions":[{"id":"action15","type":"key","parameters":{},"actions":[{"type":"keyDown","value":"î€‡"},{"type":"pause","duration":10},{"type":"keyUp","value":"î€‡"}]}]}
COMMAND: GET /session/bb295fd008a8bb8a1f479af6d4955b7d/screenshot - {}
RESULT: {}
COMMAND: POST /session/bb295fd008a8bb8a1f479af6d4955b7d/element - {"using":"xpath","value":"//span[contains(text(), \"Penguins - Field/12345 Berlin\")]"}
RESULT: {"using":"xpath","value":"//span[contains(text(), \"Penguins - Field/12345 Berlin\")]"}
COMMAND: POST /session/bb295fd008a8bb8a1f479af6d4955b7d/element/f.71C3769F7ED8E40170006504CCA8900A.d.246DBDC53B01818B8AFDCC626BAE4DB4.e.5198/click - {}
RESULT: {}
COMMAND: GET /session/bb295fd008a8bb8a1f479af6d4955b7d/screenshot - {}
RESULT: {}
COMMAND: POST /session/bb295fd008a8bb8a1f479af6d4955b7d/element - {"using":"xpath","value":"//bdi[contains(text(), \"OK\")]"}
RESULT: {"using":"xpath","value":"//bdi[contains(text(), \"OK\")]"}
COMMAND: POST /session/bb295fd008a8bb8a1f479af6d4955b7d/element/f.71C3769F7ED8E40170006504CCA8900A.d.246DBDC53B01818B8AFDCC626BAE4DB4.e.5199/click - {}
RESULT: {}
COMMAND: GET /session/bb295fd008a8bb8a1f479af6d4955b7d/screenshot - {}
RESULT: {}
COMMAND: POST /session/bb295fd008a8bb8a1f479af6d4955b7d/element - {"using":"xpath","value":"//button[@data-kt=\"saveButton\"]"}
RESULT: {"using":"xpath","value":"//button[@data-kt=\"saveButton\"]"}
COMMAND: POST /session/bb295fd008a8bb8a1f479af6d4955b7d/element/f.71C3769F7ED8E40170006504CCA8900A.d.246DBDC53B01818B8AFDCC626BAE4DB4.e.5003/click - {}
RESULT: {}
COMMAND: GET /session/bb295fd008a8bb8a1f479af6d4955b7d/screenshot - {}
RESULT: {}
COMMAND: POST /session/bb295fd008a8bb8a1f479af6d4955b7d/element - {"using":"xpath","value":"//header[contains(@id, 'ObjectPageLayout-headerTitle')]/div[1]/div[2]/div[2]/span[1]"}
RESULT: {"using":"xpath","value":"//header[contains(@id, 'ObjectPageLayout-headerTitle')]/div[1]/div[2]/div[2]/span[1]"}
COMMAND: POST /session/bb295fd008a8bb8a1f479af6d4955b7d/elements - {"using":"xpath","value":"//header[contains(@id, 'ObjectPageLayout-headerTitle')]/div[1]/div[2]/div[2]/span[1]"}
RESULT: {"using":"xpath","value":"//header[contains(@id, 'ObjectPageLayout-headerTitle')]/div[1]/div[2]/div[2]/span[1]"}
COMMAND: POST /session/bb295fd008a8bb8a1f479af6d4955b7d/execute/sync - {"script":"<script> [56 bytes]","args":[{"element-6066-11e4-a52e-4f735466cecf":"f.71C3769F7ED8E40170006504CCA8900A.d.246DBDC53B01818B8AFDCC626BAE4DB4.e.5366","ELEMENT":"f.71C3769F7ED8E40170006504CCA8900A.d.246DBDC53B01818B8AFDCC626BAE4DB4.e.5366"}]}
RESULT: {"script":"<script> [56 bytes]","args":[{"element-6066-11e4-a52e-4f735466cecf":"f.71C3769F7ED8E40170006504CCA8900A.d.246DBDC53B01818B8AFDCC626BAE4DB4.e.5366","ELEMENT":"f.71C3769F7ED8E40170006504CCA8900A.d.246DBDC53B01818B8AFDCC626BAE4DB4.e.5366"}]}
COMMAND: POST /session/bb295fd008a8bb8a1f479af6d4955b7d/element - {"using":"css selector","value":"#shell-header-logo"}
COMMAND: GET /session/bb295fd008a8bb8a1f479af6d4955b7d/screenshot - {}
RESULT: {"using":"css selector","value":"#shell-header-logo"}
COMMAND: POST /session/bb295fd008a8bb8a1f479af6d4955b7d/element/f.71C3769F7ED8E40170006504CCA8900A.d.246DBDC53B01818B8AFDCC626BAE4DB4.e.4576/click - {}
RESULT: {}
RESULT: {}
COMMAND: GET /session/bb295fd008a8bb8a1f479af6d4955b7d/screenshot - {}
RESULT: {}
COMMAND: POST /session/bb295fd008a8bb8a1f479af6d4955b7d/execute/sync - {"script":"<script> [299 bytes]","args":[["getModel","getResource"]]}
RESULT: {"script":"<script> [299 bytes]","args":[["getModel","getResource"]]}
RESULT: undefined
COMMAND: POST /session/bb295fd008a8bb8a1f479af6d4955b7d/element - {"using":"xpath","value":"//*[@id=\"__tile30\"]"}
COMMAND: GET /session/bb295fd008a8bb8a1f479af6d4955b7d/screenshot - {}
RESULT: {"using":"xpath","value":"//*[@id=\"__tile30\"]"}
COMMAND: POST /session/bb295fd008a8bb8a1f479af6d4955b7d/element/f.71C3769F7ED8E40170006504CCA8900A.d.246DBDC53B01818B8AFDCC626BAE4DB4.e.4496/click - {}
RESULT: {}
RESULT: {}
COMMAND: POST /session/bb295fd008a8bb8a1f479af6d4955b7d/element - {"using":"xpath","value":"//button[@data-kt=\"addButton\"]"}
COMMAND: GET /session/bb295fd008a8bb8a1f479af6d4955b7d/screenshot - {}
RESULT: {"using":"xpath","value":"//button[@data-kt=\"addButton\"]"}
COMMAND: POST /session/bb295fd008a8bb8a1f479af6d4955b7d/elements - {"using":"xpath","value":"//button[@data-kt=\"addButton\"]"}
RESULT: {}
RESULT: {"using":"xpath","value":"//button[@data-kt=\"addButton\"]"}
COMMAND: POST /session/bb295fd008a8bb8a1f479af6d4955b7d/execute/sync - {"script":"<script> [8489 bytes]","args":[{"element-6066-11e4-a52e-4f735466cecf":"f.71C3769F7ED8E40170006504CCA8900A.d.246DBDC53B01818B8AFDCC626BAE4DB4.e.5512","ELEMENT":"f.71C3769F7ED8E40170006504CCA8900A.d.246DBDC53B01818B8AFDCC626BAE4DB4.e.5512"}]}
RESULT: {"script":"<script> [8489 bytes]","args":[{"element-6066-11e4-a52e-4f735466cecf":"f.71C3769F7ED8E40170006504CCA8900A.d.246DBDC53B01818B8AFDCC626BAE4DB4.e.5512","ELEMENT":"f.71C3769F7ED8E40170006504CCA8900A.d.246DBDC53B01818B8AFDCC626BAE4DB4.e.5512"}]}
COMMAND: GET /session/bb295fd008a8bb8a1f479af6d4955b7d/element/f.71C3769F7ED8E40170006504CCA8900A.d.246DBDC53B01818B8AFDCC626BAE4DB4.e.5512/enabled - {}
COMMAND: GET /session/bb295fd008a8bb8a1f479af6d4955b7d/screenshot - {}
RESULT: {}
COMMAND: POST /session/bb295fd008a8bb8a1f479af6d4955b7d/execute/sync - {"script":"<script> [8489 bytes]","args":[{"element-6066-11e4-a52e-4f735466cecf":"f.71C3769F7ED8E40170006504CCA8900A.d.246DBDC53B01818B8AFDCC626BAE4DB4.e.5512","ELEMENT":"f.71C3769F7ED8E40170006504CCA8900A.d.246DBDC53B01818B8AFDCC626BAE4DB4.e.5512"}]}
COMMAND: GET /session/bb295fd008a8bb8a1f479af6d4955b7d/screenshot - {}
RESULT: {}
RESULT: {"script":"<script> [8489 bytes]","args":[{"element-6066-11e4-a52e-4f735466cecf":"f.71C3769F7ED8E40170006504CCA8900A.d.246DBDC53B01818B8AFDCC626BAE4DB4.e.5512","ELEMENT":"f.71C3769F7ED8E40170006504CCA8900A.d.246DBDC53B01818B8AFDCC626BAE4DB4.e.5512"}]}
COMMAND: POST /session/bb295fd008a8bb8a1f479af6d4955b7d/execute/sync - {"script":"<script> [5351 bytes]","args":[{"element-6066-11e4-a52e-4f735466cecf":"f.71C3769F7ED8E40170006504CCA8900A.d.246DBDC53B01818B8AFDCC626BAE4DB4.e.5512","ELEMENT":"f.71C3769F7ED8E40170006504CCA8900A.d.246DBDC53B01818B8AFDCC626BAE4DB4.e.5512"}]}
COMMAND: GET /session/bb295fd008a8bb8a1f479af6d4955b7d/screenshot - {}
RESULT: {}
RESULT: {"script":"<script> [5351 bytes]","args":[{"element-6066-11e4-a52e-4f735466cecf":"f.71C3769F7ED8E40170006504CCA8900A.d.246DBDC53B01818B8AFDCC626BAE4DB4.e.5512","ELEMENT":"f.71C3769F7ED8E40170006504CCA8900A.d.246DBDC53B01818B8AFDCC626BAE4DB4.e.5512"}]}
COMMAND: GET /session/bb295fd008a8bb8a1f479af6d4955b7d/screenshot - {}
RESULT: {}
RESULT: {}
COMMAND: POST /session/bb295fd008a8bb8a1f479af6d4955b7d/execute/async - {"script":"<script> [1562 bytes]","args":[{"selector":{"id":"application-managepartners-display-component---masterPtm--smartFilterBar-btnBasicSearch","interaction":{"idSuffix":"I"}},"wdio_ui5_key":"applicationmanagepartners-display-component---masterPtm--smartFilterBar-btnBasicSearch"}]}
RESULT: {"script":"<script> [1562 bytes]","args":[{"selector":{"id":"application-managepartners-display-component---masterPtm--smartFilterBar-btnBasicSearch","interaction":{"idSuffix":"I"}},"wdio_ui5_key":"applicationmanagepartners-display-component---masterPtm--smartFilterBar-btnBasicSearch"}]}
RESULT: undefined
COMMAND: POST /session/bb295fd008a8bb8a1f479af6d4955b7d/execute/async - {"script":"<script> [776 bytes]","args":[{"enterText":"1161","selector":{"id":"application-managepartners-display-component---masterPtm--smartFilterBar-btnBasicSearch","interaction":{"idSuffix":"I"}},"clearTextFirst":true,"interactionType":"ENTER_TEXT"}]}
RESULT: {"script":"<script> [776 bytes]","args":[{"enterText":"1161","selector":{"id":"application-managepartners-display-component---masterPtm--smartFilterBar-btnBasicSearch","interaction":{"idSuffix":"I"}},"clearTextFirst":true,"interactionType":"ENTER_TEXT"}]}
COMMAND: POST /session/bb295fd008a8bb8a1f479af6d4955b7d/actions - {"actions":[{"id":"action16","type":"key","parameters":{},"actions":[{"type":"keyDown","value":"î€‡"},{"type":"pause","duration":10},{"type":"keyUp","value":"î€‡"}]}]}
RESULT: {"actions":[{"id":"action16","type":"key","parameters":{},"actions":[{"type":"keyDown","value":"î€‡"},{"type":"pause","duration":10},{"type":"keyUp","value":"î€‡"}]}]}
COMMAND: GET /session/bb295fd008a8bb8a1f479af6d4955b7d/screenshot - {}
RESULT: {}
COMMAND: POST /session/bb295fd008a8bb8a1f479af6d4955b7d/elements - {"using":"xpath","value":"//table[contains(@id, \"customPartnersTable-listUl\")]/tbody/tr"}
RESULT: {"using":"xpath","value":"//table[contains(@id, \"customPartnersTable-listUl\")]/tbody/tr"}
COMMAND: POST /session/bb295fd008a8bb8a1f479af6d4955b7d/element - {"using":"xpath","value":"//table[contains(@id, \"customPartnersTable-listUl\")]/tbody/tr[1]/td[3]/span"}
RESULT: {"using":"xpath","value":"//table[contains(@id, \"customPartnersTable-listUl\")]/tbody/tr[1]/td[3]/span"}
COMMAND: POST /session/bb295fd008a8bb8a1f479af6d4955b7d/elements - {"using":"xpath","value":"//table[contains(@id, \"customPartnersTable-listUl\")]/tbody/tr[1]/td[3]/span"}
RESULT: {"using":"xpath","value":"//table[contains(@id, \"customPartnersTable-listUl\")]/tbody/tr[1]/td[3]/span"}
COMMAND: POST /session/bb295fd008a8bb8a1f479af6d4955b7d/execute/sync - {"script":"<script> [56 bytes]","args":[{"element-6066-11e4-a52e-4f735466cecf":"f.71C3769F7ED8E40170006504CCA8900A.d.246DBDC53B01818B8AFDCC626BAE4DB4.e.5548","ELEMENT":"f.71C3769F7ED8E40170006504CCA8900A.d.246DBDC53B01818B8AFDCC626BAE4DB4.e.5548"}]}
RESULT: {"script":"<script> [56 bytes]","args":[{"element-6066-11e4-a52e-4f735466cecf":"f.71C3769F7ED8E40170006504CCA8900A.d.246DBDC53B01818B8AFDCC626BAE4DB4.e.5548","ELEMENT":"f.71C3769F7ED8E40170006504CCA8900A.d.246DBDC53B01818B8AFDCC626BAE4DB4.e.5548"}]}
COMMAND: POST /session/bb295fd008a8bb8a1f479af6d4955b7d/element - {"using":"xpath","value":"(//span[contains(@id, \"imgNav\")])[1]"}
COMMAND: GET /session/bb295fd008a8bb8a1f479af6d4955b7d/screenshot - {}
RESULT: {"using":"xpath","value":"(//span[contains(@id, \"imgNav\")])[1]"}
COMMAND: POST /session/bb295fd008a8bb8a1f479af6d4955b7d/element/f.71C3769F7ED8E40170006504CCA8900A.d.246DBDC53B01818B8AFDCC626BAE4DB4.e.5546/click - {}
RESULT: {}
RESULT: {}
COMMAND: GET /session/bb295fd008a8bb8a1f479af6d4955b7d/screenshot - {}
RESULT: {}
COMMAND: POST /session/bb295fd008a8bb8a1f479af6d4955b7d/element - {"using":"xpath","value":"//bdi[contains(text(), \"Edit\")]"}
RESULT: {"using":"xpath","value":"//bdi[contains(text(), \"Edit\")]"}
COMMAND: POST /session/bb295fd008a8bb8a1f479af6d4955b7d/element/f.71C3769F7ED8E40170006504CCA8900A.d.246DBDC53B01818B8AFDCC626BAE4DB4.e.5692/click - {}
RESULT: {}
COMMAND: GET /session/bb295fd008a8bb8a1f479af6d4955b7d/screenshot - {}
RESULT: {}
COMMAND: POST /session/bb295fd008a8bb8a1f479af6d4955b7d/execute/async - {"script":"<script> [1562 bytes]","args":[{"selector":{"controlType":"sap.m.Input","viewName":"etm.portal.ui.managepartners.view.EditDetail","labelFor":{"text":"Name"},"interaction":{"idSuffix":"inner"}},"wdio_ui5_key":"etmportal.ui.managepartners.view.EditDetailsap.m.Input{\"text\":\"Name\"}"}]}
RESULT: {"script":"<script> [1562 bytes]","args":[{"selector":{"controlType":"sap.m.Input","viewName":"etm.portal.ui.managepartners.view.EditDetail","labelFor":{"text":"Name"},"interaction":{"idSuffix":"inner"}},"wdio_ui5_key":"etmportal.ui.managepartners.view.EditDetailsap.m.Input{\"text\":\"Name\"}"}]}
RESULT: undefined
COMMAND: POST /session/bb295fd008a8bb8a1f479af6d4955b7d/execute/async - {"script":"<script> [776 bytes]","args":[{"enterText":"Intracompany EDIT","selector":{"controlType":"sap.m.Input","viewName":"etm.portal.ui.managepartners.view.EditDetail","labelFor":{"text":"Name"},"interaction":{"idSuffix":"inner"}},"clearTextFirst":true,"interactionType":"ENTER_TEXT"}]}
RESULT: {"script":"<script> [776 bytes]","args":[{"enterText":"Intracompany EDIT","selector":{"controlType":"sap.m.Input","viewName":"etm.portal.ui.managepartners.view.EditDetail","labelFor":{"text":"Name"},"interaction":{"idSuffix":"inner"}},"clearTextFirst":true,"interactionType":"ENTER_TEXT"}]}
COMMAND: POST /session/bb295fd008a8bb8a1f479af6d4955b7d/element - {"using":"xpath","value":"(//span[contains(@id,\"addressDetailDetailsLanguage-arrow\")])[1]"}
RESULT: {"using":"xpath","value":"(//span[contains(@id,\"addressDetailDetailsLanguage-arrow\")])[1]"}
COMMAND: POST /session/bb295fd008a8bb8a1f479af6d4955b7d/element/f.71C3769F7ED8E40170006504CCA8900A.d.246DBDC53B01818B8AFDCC626BAE4DB4.e.5777/click - {}
RESULT: {}
COMMAND: POST /session/bb295fd008a8bb8a1f479af6d4955b7d/element - {"using":"xpath","value":"//span[contains(text(), \"Chinese\")]"}
COMMAND: GET /session/bb295fd008a8bb8a1f479af6d4955b7d/screenshot - {}
RESULT: {"using":"xpath","value":"//span[contains(text(), \"Chinese\")]"}
COMMAND: POST /session/bb295fd008a8bb8a1f479af6d4955b7d/element/f.71C3769F7ED8E40170006504CCA8900A.d.246DBDC53B01818B8AFDCC626BAE4DB4.e.5778/click - {}
RESULT: {}
RESULT: {}
COMMAND: GET /session/bb295fd008a8bb8a1f479af6d4955b7d/screenshot - {}
RESULT: {}
COMMAND: POST /session/bb295fd008a8bb8a1f479af6d4955b7d/execute/async - {"script":"<script> [1562 bytes]","args":[{"selector":{"controlType":"sap.m.Input","viewName":"etm.portal.ui.managepartners.view.EditDetail","labelFor":{"text":"City"},"interaction":{"idSuffix":"inner"}},"wdio_ui5_key":"etmportal.ui.managepartners.view.EditDetailsap.m.Input{\"text\":\"City\"}"}]}
RESULT: {"script":"<script> [1562 bytes]","args":[{"selector":{"controlType":"sap.m.Input","viewName":"etm.portal.ui.managepartners.view.EditDetail","labelFor":{"text":"City"},"interaction":{"idSuffix":"inner"}},"wdio_ui5_key":"etmportal.ui.managepartners.view.EditDetailsap.m.Input{\"text\":\"City\"}"}]}
RESULT: undefined
COMMAND: POST /session/bb295fd008a8bb8a1f479af6d4955b7d/execute/async - {"script":"<script> [776 bytes]","args":[{"enterText":"Clooj-Napoca","selector":{"controlType":"sap.m.Input","viewName":"etm.portal.ui.managepartners.view.EditDetail","labelFor":{"text":"City"},"interaction":{"idSuffix":"inner"}},"clearTextFirst":true,"interactionType":"ENTER_TEXT"}]}
RESULT: {"script":"<script> [776 bytes]","args":[{"enterText":"Clooj-Napoca","selector":{"controlType":"sap.m.Input","viewName":"etm.portal.ui.managepartners.view.EditDetail","labelFor":{"text":"City"},"interaction":{"idSuffix":"inner"}},"clearTextFirst":true,"interactionType":"ENTER_TEXT"}]}
COMMAND: POST /session/bb295fd008a8bb8a1f479af6d4955b7d/element - {"using":"xpath","value":"//button[@data-kt=\"saveButton\"]"}
RESULT: {"using":"xpath","value":"//button[@data-kt=\"saveButton\"]"}
COMMAND: POST /session/bb295fd008a8bb8a1f479af6d4955b7d/element/f.71C3769F7ED8E40170006504CCA8900A.d.246DBDC53B01818B8AFDCC626BAE4DB4.e.5755/click - {}
RESULT: {}
COMMAND: GET /session/bb295fd008a8bb8a1f479af6d4955b7d/screenshot - {}
RESULT: {}
COMMAND: POST /session/bb295fd008a8bb8a1f479af6d4955b7d/execute/async - {"script":"<script> [1562 bytes]","args":[{"selector":{"id":"application-managepartners-display-component---detailPtm--addressDetailDetailsName1"},"wdio_ui5_key":"applicationmanagepartners-display-component---detailPtm--addressDetailDetailsName1"}]}
RESULT: {"script":"<script> [1562 bytes]","args":[{"selector":{"id":"application-managepartners-display-component---detailPtm--addressDetailDetailsName1"},"wdio_ui5_key":"applicationmanagepartners-display-component---detailPtm--addressDetailDetailsName1"}]}
RESULT: undefined
COMMAND: POST /session/bb295fd008a8bb8a1f479af6d4955b7d/execute/async - {"script":"<script> [6424 bytes]","args":[{"element-6066-11e4-a52e-4f735466cecf":"f.71C3769F7ED8E40170006504CCA8900A.d.246DBDC53B01818B8AFDCC626BAE4DB4.e.5809"},"getValue",[]]}
RESULT: {"script":"<script> [6424 bytes]","args":[{"element-6066-11e4-a52e-4f735466cecf":"f.71C3769F7ED8E40170006504CCA8900A.d.246DBDC53B01818B8AFDCC626BAE4DB4.e.5809"},"getValue",[]]}
COMMAND: POST /session/bb295fd008a8bb8a1f479af6d4955b7d/element - {"using":"xpath","value":"//input[@id = \"application-managepartners-display-component---detailPtm--addressDetailDetailsLanguage-inner\"]"}
RESULT: {"using":"xpath","value":"//input[@id = \"application-managepartners-display-component---detailPtm--addressDetailDetailsLanguage-inner\"]"}
COMMAND: GET /session/bb295fd008a8bb8a1f479af6d4955b7d/element/f.71C3769F7ED8E40170006504CCA8900A.d.246DBDC53B01818B8AFDCC626BAE4DB4.e.5810/property/value - {}
RESULT: {}
COMMAND: POST /session/bb295fd008a8bb8a1f479af6d4955b7d/execute/async - {"script":"<script> [1562 bytes]","args":[{"selector":{"id":"application-managepartners-display-component---detailPtm--addressDetailDetailsCity1"},"wdio_ui5_key":"applicationmanagepartners-display-component---detailPtm--addressDetailDetailsCity1"}]}
COMMAND: GET /session/bb295fd008a8bb8a1f479af6d4955b7d/screenshot - {}
RESULT: {"script":"<script> [1562 bytes]","args":[{"selector":{"id":"application-managepartners-display-component---detailPtm--addressDetailDetailsCity1"},"wdio_ui5_key":"applicationmanagepartners-display-component---detailPtm--addressDetailDetailsCity1"}]}
RESULT: undefined
COMMAND: POST /session/bb295fd008a8bb8a1f479af6d4955b7d/execute/async - {"script":"<script> [6424 bytes]","args":[{"element-6066-11e4-a52e-4f735466cecf":"f.71C3769F7ED8E40170006504CCA8900A.d.246DBDC53B01818B8AFDCC626BAE4DB4.e.5811"},"getValue",[]]}
RESULT: {}
RESULT: {"script":"<script> [6424 bytes]","args":[{"element-6066-11e4-a52e-4f735466cecf":"f.71C3769F7ED8E40170006504CCA8900A.d.246DBDC53B01818B8AFDCC626BAE4DB4.e.5811"},"getValue",[]]}
COMMAND: POST /session/bb295fd008a8bb8a1f479af6d4955b7d/element - {"using":"css selector","value":"#shell-header-logo"}
RESULT: {"using":"css selector","value":"#shell-header-logo"}
COMMAND: POST /session/bb295fd008a8bb8a1f479af6d4955b7d/element/f.71C3769F7ED8E40170006504CCA8900A.d.246DBDC53B01818B8AFDCC626BAE4DB4.e.5369/click - {}
RESULT: {}
COMMAND: GET /session/bb295fd008a8bb8a1f479af6d4955b7d/screenshot - {}
RESULT: {}
]]></system-out>
    </testcase>
    <testcase classname="chrome.135_0_7049_96.windows.Partner_specific_tests_US150819_US151080_US151654_US151176_US103444_US151078_US151079_US151109_US151174_US151175_US151189" name="Should do filtering and navigation tests US151109" time="142.095">
      <system-out><![CDATA[
COMMAND: POST /session/bb295fd008a8bb8a1f479af6d4955b7d/element - {"using":"xpath","value":"//li[.//span[text()=\"Manage Partners\"]]"}
RESULT: {"using":"xpath","value":"//li[.//span[text()=\"Manage Partners\"]]"}
COMMAND: POST /session/bb295fd008a8bb8a1f479af6d4955b7d/element - {"using":"xpath","value":"//li[.//span[text()=\"Manage Partners\"]]"}
RESULT: {"using":"xpath","value":"//li[.//span[text()=\"Manage Partners\"]]"}
COMMAND: POST /session/bb295fd008a8bb8a1f479af6d4955b7d/element - {"using":"css selector","value":"#shell-header-logo"}
RESULT: {"using":"css selector","value":"#shell-header-logo"}
COMMAND: POST /session/bb295fd008a8bb8a1f479af6d4955b7d/element/f.71C3769F7ED8E40170006504CCA8900A.d.246DBDC53B01818B8AFDCC626BAE4DB4.e.5841/click - {}
COMMAND: POST /session/bb295fd008a8bb8a1f479af6d4955b7d/execute/sync - {"script":"<script> [8489 bytes]","args":[{"element-6066-11e4-a52e-4f735466cecf":"f.71C3769F7ED8E40170006504CCA8900A.d.246DBDC53B01818B8AFDCC626BAE4DB4.e.5841","ELEMENT":"f.71C3769F7ED8E40170006504CCA8900A.d.246DBDC53B01818B8AFDCC626BAE4DB4.e.5841"}]}
RESULT: {}
COMMAND: GET /session/bb295fd008a8bb8a1f479af6d4955b7d/screenshot - {}
RESULT: {"script":"<script> [8489 bytes]","args":[{"element-6066-11e4-a52e-4f735466cecf":"f.71C3769F7ED8E40170006504CCA8900A.d.246DBDC53B01818B8AFDCC626BAE4DB4.e.5841","ELEMENT":"f.71C3769F7ED8E40170006504CCA8900A.d.246DBDC53B01818B8AFDCC626BAE4DB4.e.5841"}]}
COMMAND: POST /session/bb295fd008a8bb8a1f479af6d4955b7d/execute/sync - {"script":"<script> [5351 bytes]","args":[{"element-6066-11e4-a52e-4f735466cecf":"f.71C3769F7ED8E40170006504CCA8900A.d.246DBDC53B01818B8AFDCC626BAE4DB4.e.5841","ELEMENT":"f.71C3769F7ED8E40170006504CCA8900A.d.246DBDC53B01818B8AFDCC626BAE4DB4.e.5841"}]}
COMMAND: GET /session/bb295fd008a8bb8a1f479af6d4955b7d/screenshot - {}
RESULT: {}
RESULT: {"script":"<script> [5351 bytes]","args":[{"element-6066-11e4-a52e-4f735466cecf":"f.71C3769F7ED8E40170006504CCA8900A.d.246DBDC53B01818B8AFDCC626BAE4DB4.e.5841","ELEMENT":"f.71C3769F7ED8E40170006504CCA8900A.d.246DBDC53B01818B8AFDCC626BAE4DB4.e.5841"}]}
COMMAND: GET /session/bb295fd008a8bb8a1f479af6d4955b7d/screenshot - {}
RESULT: {}
RESULT: {}
RESULT: undefined
COMMAND: POST /session/bb295fd008a8bb8a1f479af6d4955b7d/element - {"using":"xpath","value":"//*[@id=\"__tile30\"]"}
RESULT: {"using":"xpath","value":"//*[@id=\"__tile30\"]"}
COMMAND: POST /session/bb295fd008a8bb8a1f479af6d4955b7d/element/f.71C3769F7ED8E40170006504CCA8900A.d.246DBDC53B01818B8AFDCC626BAE4DB4.e.4496/click - {}
RESULT: {}
COMMAND: POST /session/bb295fd008a8bb8a1f479af6d4955b7d/element - {"using":"xpath","value":"//button[@data-kt=\"addButton\"]"}
COMMAND: GET /session/bb295fd008a8bb8a1f479af6d4955b7d/screenshot - {}
RESULT: {"using":"xpath","value":"//button[@data-kt=\"addButton\"]"}
COMMAND: POST /session/bb295fd008a8bb8a1f479af6d4955b7d/elements - {"using":"xpath","value":"//button[@data-kt=\"addButton\"]"}
RESULT: {}
RESULT: {"using":"xpath","value":"//button[@data-kt=\"addButton\"]"}
COMMAND: POST /session/bb295fd008a8bb8a1f479af6d4955b7d/elements - {"using":"xpath","value":"//button[@data-kt=\"addButton\"]"}
RESULT: {"using":"xpath","value":"//button[@data-kt=\"addButton\"]"}
COMMAND: POST /session/bb295fd008a8bb8a1f479af6d4955b7d/element - {"using":"xpath","value":"//button[@data-kt=\"addButton\"]"}
RESULT: {"using":"xpath","value":"//button[@data-kt=\"addButton\"]"}
COMMAND: POST /session/bb295fd008a8bb8a1f479af6d4955b7d/execute/sync - {"script":"<script> [8489 bytes]","args":[{"element-6066-11e4-a52e-4f735466cecf":"f.71C3769F7ED8E40170006504CCA8900A.d.246DBDC53B01818B8AFDCC626BAE4DB4.e.5875","ELEMENT":"f.71C3769F7ED8E40170006504CCA8900A.d.246DBDC53B01818B8AFDCC626BAE4DB4.e.5875"}]}
RESULT: {"script":"<script> [8489 bytes]","args":[{"element-6066-11e4-a52e-4f735466cecf":"f.71C3769F7ED8E40170006504CCA8900A.d.246DBDC53B01818B8AFDCC626BAE4DB4.e.5875","ELEMENT":"f.71C3769F7ED8E40170006504CCA8900A.d.246DBDC53B01818B8AFDCC626BAE4DB4.e.5875"}]}
COMMAND: GET /session/bb295fd008a8bb8a1f479af6d4955b7d/element/f.71C3769F7ED8E40170006504CCA8900A.d.246DBDC53B01818B8AFDCC626BAE4DB4.e.5875/enabled - {}
COMMAND: GET /session/bb295fd008a8bb8a1f479af6d4955b7d/screenshot - {}
RESULT: {}
COMMAND: POST /session/bb295fd008a8bb8a1f479af6d4955b7d/execute/sync - {"script":"<script> [8489 bytes]","args":[{"element-6066-11e4-a52e-4f735466cecf":"f.71C3769F7ED8E40170006504CCA8900A.d.246DBDC53B01818B8AFDCC626BAE4DB4.e.5875","ELEMENT":"f.71C3769F7ED8E40170006504CCA8900A.d.246DBDC53B01818B8AFDCC626BAE4DB4.e.5875"}]}
COMMAND: GET /session/bb295fd008a8bb8a1f479af6d4955b7d/screenshot - {}
RESULT: {}
RESULT: {"script":"<script> [8489 bytes]","args":[{"element-6066-11e4-a52e-4f735466cecf":"f.71C3769F7ED8E40170006504CCA8900A.d.246DBDC53B01818B8AFDCC626BAE4DB4.e.5875","ELEMENT":"f.71C3769F7ED8E40170006504CCA8900A.d.246DBDC53B01818B8AFDCC626BAE4DB4.e.5875"}]}
COMMAND: POST /session/bb295fd008a8bb8a1f479af6d4955b7d/execute/sync - {"script":"<script> [5351 bytes]","args":[{"element-6066-11e4-a52e-4f735466cecf":"f.71C3769F7ED8E40170006504CCA8900A.d.246DBDC53B01818B8AFDCC626BAE4DB4.e.5875","ELEMENT":"f.71C3769F7ED8E40170006504CCA8900A.d.246DBDC53B01818B8AFDCC626BAE4DB4.e.5875"}]}
COMMAND: GET /session/bb295fd008a8bb8a1f479af6d4955b7d/screenshot - {}
RESULT: {}
RESULT: {"script":"<script> [5351 bytes]","args":[{"element-6066-11e4-a52e-4f735466cecf":"f.71C3769F7ED8E40170006504CCA8900A.d.246DBDC53B01818B8AFDCC626BAE4DB4.e.5875","ELEMENT":"f.71C3769F7ED8E40170006504CCA8900A.d.246DBDC53B01818B8AFDCC626BAE4DB4.e.5875"}]}
COMMAND: GET /session/bb295fd008a8bb8a1f479af6d4955b7d/screenshot - {}
RESULT: {}
RESULT: {}
COMMAND: POST /session/bb295fd008a8bb8a1f479af6d4955b7d/element - {"using":"xpath","value":"//span[@id=\"application-managepartners-display-component---masterPtm--smartTable-header-inner\"]"}
RESULT: {"using":"xpath","value":"//span[@id=\"application-managepartners-display-component---masterPtm--smartTable-header-inner\"]"}
COMMAND: POST /session/bb295fd008a8bb8a1f479af6d4955b7d/elements - {"using":"xpath","value":"//span[@id=\"application-managepartners-display-component---masterPtm--smartTable-header-inner\"]"}
RESULT: {"using":"xpath","value":"//span[@id=\"application-managepartners-display-component---masterPtm--smartTable-header-inner\"]"}
COMMAND: POST /session/bb295fd008a8bb8a1f479af6d4955b7d/execute/sync - {"script":"<script> [56 bytes]","args":[{"element-6066-11e4-a52e-4f735466cecf":"f.71C3769F7ED8E40170006504CCA8900A.d.246DBDC53B01818B8AFDCC626BAE4DB4.e.6011","ELEMENT":"f.71C3769F7ED8E40170006504CCA8900A.d.246DBDC53B01818B8AFDCC626BAE4DB4.e.6011"}]}
RESULT: {"script":"<script> [56 bytes]","args":[{"element-6066-11e4-a52e-4f735466cecf":"f.71C3769F7ED8E40170006504CCA8900A.d.246DBDC53B01818B8AFDCC626BAE4DB4.e.6011","ELEMENT":"f.71C3769F7ED8E40170006504CCA8900A.d.246DBDC53B01818B8AFDCC626BAE4DB4.e.6011"}]}
RESULT: undefined
COMMAND: POST /session/bb295fd008a8bb8a1f479af6d4955b7d/execute/async - {"script":"<script> [776 bytes]","args":[{"enterText":"External Partner WDIO","selector":{"id":"application-managepartners-display-component---masterPtm--smartFilterBar-btnBasicSearch","interaction":{"idSuffix":"I"}},"clearTextFirst":true,"interactionType":"ENTER_TEXT"}]}
COMMAND: GET /session/bb295fd008a8bb8a1f479af6d4955b7d/screenshot - {}
RESULT: {"script":"<script> [776 bytes]","args":[{"enterText":"External Partner WDIO","selector":{"id":"application-managepartners-display-component---masterPtm--smartFilterBar-btnBasicSearch","interaction":{"idSuffix":"I"}},"clearTextFirst":true,"interactionType":"ENTER_TEXT"}]}
RESULT: {}
COMMAND: POST /session/bb295fd008a8bb8a1f479af6d4955b7d/actions - {"actions":[{"id":"action17","type":"key","parameters":{},"actions":[{"type":"keyDown","value":"î€‡"},{"type":"pause","duration":10},{"type":"keyUp","value":"î€‡"}]}]}
RESULT: {"actions":[{"id":"action17","type":"key","parameters":{},"actions":[{"type":"keyDown","value":"î€‡"},{"type":"pause","duration":10},{"type":"keyUp","value":"î€‡"}]}]}
COMMAND: GET /session/bb295fd008a8bb8a1f479af6d4955b7d/screenshot - {}
RESULT: {}
COMMAND: POST /session/bb295fd008a8bb8a1f479af6d4955b7d/element - {"using":"xpath","value":"//span[@id=\"application-managepartners-display-component---masterPtm--smartTable-header-inner\"]"}
RESULT: {"using":"xpath","value":"//span[@id=\"application-managepartners-display-component---masterPtm--smartTable-header-inner\"]"}
COMMAND: POST /session/bb295fd008a8bb8a1f479af6d4955b7d/elements - {"using":"xpath","value":"//span[@id=\"application-managepartners-display-component---masterPtm--smartTable-header-inner\"]"}
RESULT: {"using":"xpath","value":"//span[@id=\"application-managepartners-display-component---masterPtm--smartTable-header-inner\"]"}
COMMAND: POST /session/bb295fd008a8bb8a1f479af6d4955b7d/execute/sync - {"script":"<script> [56 bytes]","args":[{"element-6066-11e4-a52e-4f735466cecf":"f.71C3769F7ED8E40170006504CCA8900A.d.246DBDC53B01818B8AFDCC626BAE4DB4.e.6011","ELEMENT":"f.71C3769F7ED8E40170006504CCA8900A.d.246DBDC53B01818B8AFDCC626BAE4DB4.e.6011"}]}
RESULT: {"script":"<script> [56 bytes]","args":[{"element-6066-11e4-a52e-4f735466cecf":"f.71C3769F7ED8E40170006504CCA8900A.d.246DBDC53B01818B8AFDCC626BAE4DB4.e.6011","ELEMENT":"f.71C3769F7ED8E40170006504CCA8900A.d.246DBDC53B01818B8AFDCC626BAE4DB4.e.6011"}]}
COMMAND: POST /session/bb295fd008a8bb8a1f479af6d4955b7d/element - {"using":"xpath","value":"//div[contains(@id, \"managepartners-display-component---masterPtm--smartFilterBar-btnBasicSearch-reset\")]"}
COMMAND: GET /session/bb295fd008a8bb8a1f479af6d4955b7d/screenshot - {}
RESULT: {"using":"xpath","value":"//div[contains(@id, \"managepartners-display-component---masterPtm--smartFilterBar-btnBasicSearch-reset\")]"}
COMMAND: POST /session/bb295fd008a8bb8a1f479af6d4955b7d/element/f.71C3769F7ED8E40170006504CCA8900A.d.246DBDC53B01818B8AFDCC626BAE4DB4.e.6044/click - {}
RESULT: {}
RESULT: {}
COMMAND: GET /session/bb295fd008a8bb8a1f479af6d4955b7d/screenshot - {}
RESULT: {}
COMMAND: POST /session/bb295fd008a8bb8a1f479af6d4955b7d/execute/async - {"script":"<script> [1562 bytes]","args":[{"selector":{"id":"application-managepartners-display-component---masterPtm--smartFilterBar-filterItemControl_BASIC-MAIN_ADDRESS-vhi"},"wdio_ui5_key":"applicationmanagepartners-display-component---masterPtm--smartFilterBar-filterItemControl_BASIC-MAIN_ADDRESS-vhi"}]}
RESULT: {"script":"<script> [1562 bytes]","args":[{"selector":{"id":"application-managepartners-display-component---masterPtm--smartFilterBar-filterItemControl_BASIC-MAIN_ADDRESS-vhi"},"wdio_ui5_key":"applicationmanagepartners-display-component---masterPtm--smartFilterBar-filterItemControl_BASIC-MAIN_ADDRESS-vhi"}]}
RESULT: undefined
COMMAND: POST /session/bb295fd008a8bb8a1f479af6d4955b7d/element - {"using":"xpath","value":"//*[@id=\"application-managepartners-display-component---masterPtm--smartFilterBar-filterItemControl_BASIC-MAIN_ADDRESS-vhi\"]"}
RESULT: {"using":"xpath","value":"//*[@id=\"application-managepartners-display-component---masterPtm--smartFilterBar-filterItemControl_BASIC-MAIN_ADDRESS-vhi\"]"}
COMMAND: POST /session/bb295fd008a8bb8a1f479af6d4955b7d/element/f.71C3769F7ED8E40170006504CCA8900A.d.246DBDC53B01818B8AFDCC626BAE4DB4.e.6147/click - {}
RESULT: {}
COMMAND: GET /session/bb295fd008a8bb8a1f479af6d4955b7d/screenshot - {}
RESULT: {}
COMMAND: POST /session/bb295fd008a8bb8a1f479af6d4955b7d/execute/async - {"script":"<script> [1562 bytes]","args":[{"selector":{"id":"application-managepartners-display-component---masterPtm--smartFilterBar-filterItemControl_BASIC-MAIN_ADDRESS-valueHelpDialog-smartFilterBar-btnBasicSearch","searchOpenDialogs":true,"interaction":{"idSuffix":"I"}},"wdio_ui5_key":"applicationmanagepartners-display-component---masterPtm--smartFilterBar-filterItemControl_BASIC-MAIN_ADDRESS-valueHelpDialog-smartFilterBar-btnBasicSearch"}]}
RESULT: {"script":"<script> [1562 bytes]","args":[{"selector":{"id":"application-managepartners-display-component---masterPtm--smartFilterBar-filterItemControl_BASIC-MAIN_ADDRESS-valueHelpDialog-smartFilterBar-btnBasicSearch","searchOpenDialogs":true,"interaction":{"idSuffix":"I"}},"wdio_ui5_key":"applicationmanagepartners-display-component---masterPtm--smartFilterBar-filterItemControl_BASIC-MAIN_ADDRESS-valueHelpDialog-smartFilterBar-btnBasicSearch"}]}
RESULT: undefined
COMMAND: POST /session/bb295fd008a8bb8a1f479af6d4955b7d/execute/async - {"script":"<script> [776 bytes]","args":[{"enterText":"Romania","selector":{"id":"application-managepartners-display-component---masterPtm--smartFilterBar-filterItemControl_BASIC-MAIN_ADDRESS-valueHelpDialog-smartFilterBar-btnBasicSearch","searchOpenDialogs":true,"interaction":{"idSuffix":"I"}},"clearTextFirst":true,"interactionType":"ENTER_TEXT"}]}
RESULT: {"script":"<script> [776 bytes]","args":[{"enterText":"Romania","selector":{"id":"application-managepartners-display-component---masterPtm--smartFilterBar-filterItemControl_BASIC-MAIN_ADDRESS-valueHelpDialog-smartFilterBar-btnBasicSearch","searchOpenDialogs":true,"interaction":{"idSuffix":"I"}},"clearTextFirst":true,"interactionType":"ENTER_TEXT"}]}
COMMAND: POST /session/bb295fd008a8bb8a1f479af6d4955b7d/actions - {"actions":[{"id":"action18","type":"key","parameters":{},"actions":[{"type":"keyDown","value":"î€‡"},{"type":"pause","duration":10},{"type":"keyUp","value":"î€‡"}]}]}
RESULT: {"actions":[{"id":"action18","type":"key","parameters":{},"actions":[{"type":"keyDown","value":"î€‡"},{"type":"pause","duration":10},{"type":"keyUp","value":"î€‡"}]}]}
COMMAND: POST /session/bb295fd008a8bb8a1f479af6d4955b7d/elements - {"using":"xpath","value":"//table[contains(@id, \"smartFilterBar-filterItemControl_BASIC-MAIN_ADDRESS-valueHelpDialog-table-table\")]/tbody/tr"}
COMMAND: GET /session/bb295fd008a8bb8a1f479af6d4955b7d/screenshot - {}
RESULT: {"using":"xpath","value":"//table[contains(@id, \"smartFilterBar-filterItemControl_BASIC-MAIN_ADDRESS-valueHelpDialog-table-table\")]/tbody/tr"}
COMMAND: POST /session/bb295fd008a8bb8a1f479af6d4955b7d/element - {"using":"xpath","value":"//table[contains(@id, \"smartFilterBar-filterItemControl_BASIC-MAIN_ADDRESS-valueHelpDialog-table-table\")]/tbody/tr[1]/td[1]/div/span"}
RESULT: {}
RESULT: {"using":"xpath","value":"//table[contains(@id, \"smartFilterBar-filterItemControl_BASIC-MAIN_ADDRESS-valueHelpDialog-table-table\")]/tbody/tr[1]/td[1]/div/span"}
COMMAND: POST /session/bb295fd008a8bb8a1f479af6d4955b7d/elements - {"using":"xpath","value":"//table[contains(@id, \"smartFilterBar-filterItemControl_BASIC-MAIN_ADDRESS-valueHelpDialog-table-table\")]/tbody/tr[1]/td[1]/div/span"}
RESULT: {"using":"xpath","value":"//table[contains(@id, \"smartFilterBar-filterItemControl_BASIC-MAIN_ADDRESS-valueHelpDialog-table-table\")]/tbody/tr[1]/td[1]/div/span"}
COMMAND: POST /session/bb295fd008a8bb8a1f479af6d4955b7d/execute/sync - {"script":"<script> [56 bytes]","args":[{"element-6066-11e4-a52e-4f735466cecf":"f.71C3769F7ED8E40170006504CCA8900A.d.246DBDC53B01818B8AFDCC626BAE4DB4.e.6167","ELEMENT":"f.71C3769F7ED8E40170006504CCA8900A.d.246DBDC53B01818B8AFDCC626BAE4DB4.e.6167"}]}
RESULT: {"script":"<script> [56 bytes]","args":[{"element-6066-11e4-a52e-4f735466cecf":"f.71C3769F7ED8E40170006504CCA8900A.d.246DBDC53B01818B8AFDCC626BAE4DB4.e.6167","ELEMENT":"f.71C3769F7ED8E40170006504CCA8900A.d.246DBDC53B01818B8AFDCC626BAE4DB4.e.6167"}]}
COMMAND: POST /session/bb295fd008a8bb8a1f479af6d4955b7d/element - {"using":"xpath","value":"//div[contains(@id, \"filterItemControl_BASIC-MAIN_ADDRESS-valueHelpDialog-table-rowsel0\")]"}
COMMAND: GET /session/bb295fd008a8bb8a1f479af6d4955b7d/screenshot - {}
RESULT: {"using":"xpath","value":"//div[contains(@id, \"filterItemControl_BASIC-MAIN_ADDRESS-valueHelpDialog-table-rowsel0\")]"}
COMMAND: POST /session/bb295fd008a8bb8a1f479af6d4955b7d/element/f.71C3769F7ED8E40170006504CCA8900A.d.246DBDC53B01818B8AFDCC626BAE4DB4.e.6168/click - {}
RESULT: {}
RESULT: {}
COMMAND: GET /session/bb295fd008a8bb8a1f479af6d4955b7d/screenshot - {}
RESULT: {}
COMMAND: POST /session/bb295fd008a8bb8a1f479af6d4955b7d/element - {"using":"xpath","value":"(//bdi[contains(text(), \"OK\")])[1]"}
RESULT: {"using":"xpath","value":"(//bdi[contains(text(), \"OK\")])[1]"}
COMMAND: POST /session/bb295fd008a8bb8a1f479af6d4955b7d/element/f.71C3769F7ED8E40170006504CCA8900A.d.246DBDC53B01818B8AFDCC626BAE4DB4.e.6170/click - {}
RESULT: {}
COMMAND: GET /session/bb295fd008a8bb8a1f479af6d4955b7d/screenshot - {}
RESULT: {}
COMMAND: POST /session/bb295fd008a8bb8a1f479af6d4955b7d/element - {"using":"xpath","value":"//span[@id=\"application-managepartners-display-component---masterPtm--smartTable-header-inner\"]"}
RESULT: {"using":"xpath","value":"//span[@id=\"application-managepartners-display-component---masterPtm--smartTable-header-inner\"]"}
COMMAND: POST /session/bb295fd008a8bb8a1f479af6d4955b7d/elements - {"using":"xpath","value":"//span[@id=\"application-managepartners-display-component---masterPtm--smartTable-header-inner\"]"}
RESULT: {"using":"xpath","value":"//span[@id=\"application-managepartners-display-component---masterPtm--smartTable-header-inner\"]"}
COMMAND: POST /session/bb295fd008a8bb8a1f479af6d4955b7d/execute/sync - {"script":"<script> [56 bytes]","args":[{"element-6066-11e4-a52e-4f735466cecf":"f.71C3769F7ED8E40170006504CCA8900A.d.246DBDC53B01818B8AFDCC626BAE4DB4.e.6011","ELEMENT":"f.71C3769F7ED8E40170006504CCA8900A.d.246DBDC53B01818B8AFDCC626BAE4DB4.e.6011"}]}
RESULT: {"script":"<script> [56 bytes]","args":[{"element-6066-11e4-a52e-4f735466cecf":"f.71C3769F7ED8E40170006504CCA8900A.d.246DBDC53B01818B8AFDCC626BAE4DB4.e.6011","ELEMENT":"f.71C3769F7ED8E40170006504CCA8900A.d.246DBDC53B01818B8AFDCC626BAE4DB4.e.6011"}]}
COMMAND: POST /session/bb295fd008a8bb8a1f479af6d4955b7d/element - {"using":"xpath","value":"//span[contains(@title, \"Remove\")]"}
COMMAND: GET /session/bb295fd008a8bb8a1f479af6d4955b7d/screenshot - {}
RESULT: {"using":"xpath","value":"//span[contains(@title, \"Remove\")]"}
COMMAND: POST /session/bb295fd008a8bb8a1f479af6d4955b7d/element/f.71C3769F7ED8E40170006504CCA8900A.d.246DBDC53B01818B8AFDCC626BAE4DB4.e.6183/click - {}
RESULT: {}
RESULT: {}
COMMAND: GET /session/bb295fd008a8bb8a1f479af6d4955b7d/screenshot - {}
RESULT: {}
COMMAND: POST /session/bb295fd008a8bb8a1f479af6d4955b7d/element - {"using":"xpath","value":"//span[@id=\"application-managepartners-display-component---masterPtm--smartTable-header-inner\"]"}
RESULT: {"using":"xpath","value":"//span[@id=\"application-managepartners-display-component---masterPtm--smartTable-header-inner\"]"}
COMMAND: POST /session/bb295fd008a8bb8a1f479af6d4955b7d/elements - {"using":"xpath","value":"//span[@id=\"application-managepartners-display-component---masterPtm--smartTable-header-inner\"]"}
RESULT: {"using":"xpath","value":"//span[@id=\"application-managepartners-display-component---masterPtm--smartTable-header-inner\"]"}
COMMAND: POST /session/bb295fd008a8bb8a1f479af6d4955b7d/execute/sync - {"script":"<script> [56 bytes]","args":[{"element-6066-11e4-a52e-4f735466cecf":"f.71C3769F7ED8E40170006504CCA8900A.d.246DBDC53B01818B8AFDCC626BAE4DB4.e.6011","ELEMENT":"f.71C3769F7ED8E40170006504CCA8900A.d.246DBDC53B01818B8AFDCC626BAE4DB4.e.6011"}]}
RESULT: {"script":"<script> [56 bytes]","args":[{"element-6066-11e4-a52e-4f735466cecf":"f.71C3769F7ED8E40170006504CCA8900A.d.246DBDC53B01818B8AFDCC626BAE4DB4.e.6011","ELEMENT":"f.71C3769F7ED8E40170006504CCA8900A.d.246DBDC53B01818B8AFDCC626BAE4DB4.e.6011"}]}
COMMAND: POST /session/bb295fd008a8bb8a1f479af6d4955b7d/execute/async - {"script":"<script> [1562 bytes]","args":[{"selector":{"id":"application-managepartners-display-component---masterPtm--smartFilterBar-filterItemControl_BASIC-YARD-vhi"},"wdio_ui5_key":"applicationmanagepartners-display-component---masterPtm--smartFilterBar-filterItemControl_BASIC-YARD-vhi"}]}
COMMAND: GET /session/bb295fd008a8bb8a1f479af6d4955b7d/screenshot - {}
RESULT: {"script":"<script> [1562 bytes]","args":[{"selector":{"id":"application-managepartners-display-component---masterPtm--smartFilterBar-filterItemControl_BASIC-YARD-vhi"},"wdio_ui5_key":"applicationmanagepartners-display-component---masterPtm--smartFilterBar-filterItemControl_BASIC-YARD-vhi"}]}
RESULT: undefined
COMMAND: POST /session/bb295fd008a8bb8a1f479af6d4955b7d/element - {"using":"xpath","value":"//*[@id=\"application-managepartners-display-component---masterPtm--smartFilterBar-filterItemControl_BASIC-YARD-vhi\"]"}
RESULT: {}
RESULT: {"using":"xpath","value":"//*[@id=\"application-managepartners-display-component---masterPtm--smartFilterBar-filterItemControl_BASIC-YARD-vhi\"]"}
COMMAND: POST /session/bb295fd008a8bb8a1f479af6d4955b7d/element/f.71C3769F7ED8E40170006504CCA8900A.d.246DBDC53B01818B8AFDCC626BAE4DB4.e.6288/click - {}
RESULT: {}
COMMAND: GET /session/bb295fd008a8bb8a1f479af6d4955b7d/screenshot - {}
RESULT: {}
COMMAND: POST /session/bb295fd008a8bb8a1f479af6d4955b7d/execute/async - {"script":"<script> [1562 bytes]","args":[{"selector":{"id":"application-managepartners-display-component---masterPtm--smartFilterBar-filterItemControl_BASIC-YARD-valueHelpDialog-smartFilterBar-btnBasicSearch","searchOpenDialogs":true,"interaction":{"idSuffix":"I"}},"wdio_ui5_key":"applicationmanagepartners-display-component---masterPtm--smartFilterBar-filterItemControl_BASIC-YARD-valueHelpDialog-smartFilterBar-btnBasicSearch"}]}
RESULT: {"script":"<script> [1562 bytes]","args":[{"selector":{"id":"application-managepartners-display-component---masterPtm--smartFilterBar-filterItemControl_BASIC-YARD-valueHelpDialog-smartFilterBar-btnBasicSearch","searchOpenDialogs":true,"interaction":{"idSuffix":"I"}},"wdio_ui5_key":"applicationmanagepartners-display-component---masterPtm--smartFilterBar-filterItemControl_BASIC-YARD-valueHelpDialog-smartFilterBar-btnBasicSearch"}]}
RESULT: undefined
COMMAND: POST /session/bb295fd008a8bb8a1f479af6d4955b7d/execute/async - {"script":"<script> [776 bytes]","args":[{"enterText":"Test","selector":{"id":"application-managepartners-display-component---masterPtm--smartFilterBar-filterItemControl_BASIC-YARD-valueHelpDialog-smartFilterBar-btnBasicSearch","searchOpenDialogs":true,"interaction":{"idSuffix":"I"}},"clearTextFirst":true,"interactionType":"ENTER_TEXT"}]}
RESULT: {"script":"<script> [776 bytes]","args":[{"enterText":"Test","selector":{"id":"application-managepartners-display-component---masterPtm--smartFilterBar-filterItemControl_BASIC-YARD-valueHelpDialog-smartFilterBar-btnBasicSearch","searchOpenDialogs":true,"interaction":{"idSuffix":"I"}},"clearTextFirst":true,"interactionType":"ENTER_TEXT"}]}
COMMAND: POST /session/bb295fd008a8bb8a1f479af6d4955b7d/actions - {"actions":[{"id":"action19","type":"key","parameters":{},"actions":[{"type":"keyDown","value":"î€‡"},{"type":"pause","duration":10},{"type":"keyUp","value":"î€‡"}]}]}
RESULT: {"actions":[{"id":"action19","type":"key","parameters":{},"actions":[{"type":"keyDown","value":"î€‡"},{"type":"pause","duration":10},{"type":"keyUp","value":"î€‡"}]}]}
COMMAND: POST /session/bb295fd008a8bb8a1f479af6d4955b7d/elements - {"using":"xpath","value":"//table[contains(@id, \"smartFilterBar-filterItemControl_BASIC-YARD-valueHelpDialog-table-table\")]/tbody/tr"}
COMMAND: GET /session/bb295fd008a8bb8a1f479af6d4955b7d/screenshot - {}
RESULT: {"using":"xpath","value":"//table[contains(@id, \"smartFilterBar-filterItemControl_BASIC-YARD-valueHelpDialog-table-table\")]/tbody/tr"}
COMMAND: POST /session/bb295fd008a8bb8a1f479af6d4955b7d/element - {"using":"xpath","value":"//table[contains(@id, \"smartFilterBar-filterItemControl_BASIC-YARD-valueHelpDialog-table-table\")]/tbody/tr[1]/td[1]/div/span"}
RESULT: {}
RESULT: {"using":"xpath","value":"//table[contains(@id, \"smartFilterBar-filterItemControl_BASIC-YARD-valueHelpDialog-table-table\")]/tbody/tr[1]/td[1]/div/span"}
COMMAND: POST /session/bb295fd008a8bb8a1f479af6d4955b7d/elements - {"using":"xpath","value":"//table[contains(@id, \"smartFilterBar-filterItemControl_BASIC-YARD-valueHelpDialog-table-table\")]/tbody/tr[1]/td[1]/div/span"}
RESULT: {"using":"xpath","value":"//table[contains(@id, \"smartFilterBar-filterItemControl_BASIC-YARD-valueHelpDialog-table-table\")]/tbody/tr[1]/td[1]/div/span"}
COMMAND: POST /session/bb295fd008a8bb8a1f479af6d4955b7d/execute/sync - {"script":"<script> [56 bytes]","args":[{"element-6066-11e4-a52e-4f735466cecf":"f.71C3769F7ED8E40170006504CCA8900A.d.246DBDC53B01818B8AFDCC626BAE4DB4.e.6308","ELEMENT":"f.71C3769F7ED8E40170006504CCA8900A.d.246DBDC53B01818B8AFDCC626BAE4DB4.e.6308"}]}
RESULT: {"script":"<script> [56 bytes]","args":[{"element-6066-11e4-a52e-4f735466cecf":"f.71C3769F7ED8E40170006504CCA8900A.d.246DBDC53B01818B8AFDCC626BAE4DB4.e.6308","ELEMENT":"f.71C3769F7ED8E40170006504CCA8900A.d.246DBDC53B01818B8AFDCC626BAE4DB4.e.6308"}]}
COMMAND: POST /session/bb295fd008a8bb8a1f479af6d4955b7d/element - {"using":"xpath","value":"//table[contains(@id, \"smartFilterBar-filterItemControl_BASIC-YARD-valueHelpDialog-table-table\")]/tbody/tr[2]/td[1]/div/span"}
COMMAND: GET /session/bb295fd008a8bb8a1f479af6d4955b7d/screenshot - {}
RESULT: {"using":"xpath","value":"//table[contains(@id, \"smartFilterBar-filterItemControl_BASIC-YARD-valueHelpDialog-table-table\")]/tbody/tr[2]/td[1]/div/span"}
COMMAND: POST /session/bb295fd008a8bb8a1f479af6d4955b7d/elements - {"using":"xpath","value":"//table[contains(@id, \"smartFilterBar-filterItemControl_BASIC-YARD-valueHelpDialog-table-table\")]/tbody/tr[2]/td[1]/div/span"}
RESULT: {}
RESULT: {"using":"xpath","value":"//table[contains(@id, \"smartFilterBar-filterItemControl_BASIC-YARD-valueHelpDialog-table-table\")]/tbody/tr[2]/td[1]/div/span"}
COMMAND: POST /session/bb295fd008a8bb8a1f479af6d4955b7d/execute/sync - {"script":"<script> [56 bytes]","args":[{"element-6066-11e4-a52e-4f735466cecf":"f.71C3769F7ED8E40170006504CCA8900A.d.246DBDC53B01818B8AFDCC626BAE4DB4.e.6309","ELEMENT":"f.71C3769F7ED8E40170006504CCA8900A.d.246DBDC53B01818B8AFDCC626BAE4DB4.e.6309"}]}
RESULT: {"script":"<script> [56 bytes]","args":[{"element-6066-11e4-a52e-4f735466cecf":"f.71C3769F7ED8E40170006504CCA8900A.d.246DBDC53B01818B8AFDCC626BAE4DB4.e.6309","ELEMENT":"f.71C3769F7ED8E40170006504CCA8900A.d.246DBDC53B01818B8AFDCC626BAE4DB4.e.6309"}]}
COMMAND: POST /session/bb295fd008a8bb8a1f479af6d4955b7d/element - {"using":"xpath","value":"//table[contains(@id, \"smartFilterBar-filterItemControl_BASIC-YARD-valueHelpDialog-table-table\")]/tbody/tr[3]/td[1]/div/span"}
COMMAND: GET /session/bb295fd008a8bb8a1f479af6d4955b7d/screenshot - {}
RESULT: {"using":"xpath","value":"//table[contains(@id, \"smartFilterBar-filterItemControl_BASIC-YARD-valueHelpDialog-table-table\")]/tbody/tr[3]/td[1]/div/span"}
COMMAND: POST /session/bb295fd008a8bb8a1f479af6d4955b7d/elements - {"using":"xpath","value":"//table[contains(@id, \"smartFilterBar-filterItemControl_BASIC-YARD-valueHelpDialog-table-table\")]/tbody/tr[3]/td[1]/div/span"}
RESULT: {}
RESULT: {"using":"xpath","value":"//table[contains(@id, \"smartFilterBar-filterItemControl_BASIC-YARD-valueHelpDialog-table-table\")]/tbody/tr[3]/td[1]/div/span"}
COMMAND: POST /session/bb295fd008a8bb8a1f479af6d4955b7d/execute/sync - {"script":"<script> [56 bytes]","args":[{"element-6066-11e4-a52e-4f735466cecf":"f.71C3769F7ED8E40170006504CCA8900A.d.246DBDC53B01818B8AFDCC626BAE4DB4.e.6310","ELEMENT":"f.71C3769F7ED8E40170006504CCA8900A.d.246DBDC53B01818B8AFDCC626BAE4DB4.e.6310"}]}
RESULT: {"script":"<script> [56 bytes]","args":[{"element-6066-11e4-a52e-4f735466cecf":"f.71C3769F7ED8E40170006504CCA8900A.d.246DBDC53B01818B8AFDCC626BAE4DB4.e.6310","ELEMENT":"f.71C3769F7ED8E40170006504CCA8900A.d.246DBDC53B01818B8AFDCC626BAE4DB4.e.6310"}]}
COMMAND: POST /session/bb295fd008a8bb8a1f479af6d4955b7d/element - {"using":"xpath","value":"//div[contains(@id, \"filterItemControl_BASIC-YARD-valueHelpDialog-table-rowsel2\")]"}
COMMAND: GET /session/bb295fd008a8bb8a1f479af6d4955b7d/screenshot - {}
RESULT: {"using":"xpath","value":"//div[contains(@id, \"filterItemControl_BASIC-YARD-valueHelpDialog-table-rowsel2\")]"}
COMMAND: POST /session/bb295fd008a8bb8a1f479af6d4955b7d/element/f.71C3769F7ED8E40170006504CCA8900A.d.246DBDC53B01818B8AFDCC626BAE4DB4.e.6311/click - {}
RESULT: {}
RESULT: {}
COMMAND: GET /session/bb295fd008a8bb8a1f479af6d4955b7d/screenshot - {}
RESULT: {}
COMMAND: POST /session/bb295fd008a8bb8a1f479af6d4955b7d/element - {"using":"xpath","value":"(//bdi[contains(text(), \"OK\")])[1]"}
RESULT: {"using":"xpath","value":"(//bdi[contains(text(), \"OK\")])[1]"}
COMMAND: POST /session/bb295fd008a8bb8a1f479af6d4955b7d/element/f.71C3769F7ED8E40170006504CCA8900A.d.246DBDC53B01818B8AFDCC626BAE4DB4.e.6313/click - {}
RESULT: {}
COMMAND: GET /session/bb295fd008a8bb8a1f479af6d4955b7d/screenshot - {}
RESULT: {}
COMMAND: POST /session/bb295fd008a8bb8a1f479af6d4955b7d/element - {"using":"xpath","value":"//span[@id=\"application-managepartners-display-component---masterPtm--smartTable-header-inner\"]"}
RESULT: {"using":"xpath","value":"//span[@id=\"application-managepartners-display-component---masterPtm--smartTable-header-inner\"]"}
COMMAND: POST /session/bb295fd008a8bb8a1f479af6d4955b7d/elements - {"using":"xpath","value":"//span[@id=\"application-managepartners-display-component---masterPtm--smartTable-header-inner\"]"}
RESULT: {"using":"xpath","value":"//span[@id=\"application-managepartners-display-component---masterPtm--smartTable-header-inner\"]"}
COMMAND: POST /session/bb295fd008a8bb8a1f479af6d4955b7d/execute/sync - {"script":"<script> [56 bytes]","args":[{"element-6066-11e4-a52e-4f735466cecf":"f.71C3769F7ED8E40170006504CCA8900A.d.246DBDC53B01818B8AFDCC626BAE4DB4.e.6011","ELEMENT":"f.71C3769F7ED8E40170006504CCA8900A.d.246DBDC53B01818B8AFDCC626BAE4DB4.e.6011"}]}
RESULT: {"script":"<script> [56 bytes]","args":[{"element-6066-11e4-a52e-4f735466cecf":"f.71C3769F7ED8E40170006504CCA8900A.d.246DBDC53B01818B8AFDCC626BAE4DB4.e.6011","ELEMENT":"f.71C3769F7ED8E40170006504CCA8900A.d.246DBDC53B01818B8AFDCC626BAE4DB4.e.6011"}]}
COMMAND: POST /session/bb295fd008a8bb8a1f479af6d4955b7d/element - {"using":"xpath","value":"//span[contains(@title, \"Remove\")]"}
COMMAND: GET /session/bb295fd008a8bb8a1f479af6d4955b7d/screenshot - {}
RESULT: {"using":"xpath","value":"//span[contains(@title, \"Remove\")]"}
COMMAND: POST /session/bb295fd008a8bb8a1f479af6d4955b7d/element/f.71C3769F7ED8E40170006504CCA8900A.d.246DBDC53B01818B8AFDCC626BAE4DB4.e.6326/click - {}
RESULT: {}
RESULT: {}
COMMAND: GET /session/bb295fd008a8bb8a1f479af6d4955b7d/screenshot - {}
RESULT: {}
COMMAND: POST /session/bb295fd008a8bb8a1f479af6d4955b7d/element - {"using":"xpath","value":"//span[@id=\"application-managepartners-display-component---masterPtm--smartTable-header-inner\"]"}
RESULT: {"using":"xpath","value":"//span[@id=\"application-managepartners-display-component---masterPtm--smartTable-header-inner\"]"}
COMMAND: POST /session/bb295fd008a8bb8a1f479af6d4955b7d/elements - {"using":"xpath","value":"//span[@id=\"application-managepartners-display-component---masterPtm--smartTable-header-inner\"]"}
RESULT: {"using":"xpath","value":"//span[@id=\"application-managepartners-display-component---masterPtm--smartTable-header-inner\"]"}
COMMAND: POST /session/bb295fd008a8bb8a1f479af6d4955b7d/execute/sync - {"script":"<script> [56 bytes]","args":[{"element-6066-11e4-a52e-4f735466cecf":"f.71C3769F7ED8E40170006504CCA8900A.d.246DBDC53B01818B8AFDCC626BAE4DB4.e.6011","ELEMENT":"f.71C3769F7ED8E40170006504CCA8900A.d.246DBDC53B01818B8AFDCC626BAE4DB4.e.6011"}]}
RESULT: {"script":"<script> [56 bytes]","args":[{"element-6066-11e4-a52e-4f735466cecf":"f.71C3769F7ED8E40170006504CCA8900A.d.246DBDC53B01818B8AFDCC626BAE4DB4.e.6011","ELEMENT":"f.71C3769F7ED8E40170006504CCA8900A.d.246DBDC53B01818B8AFDCC626BAE4DB4.e.6011"}]}
COMMAND: POST /session/bb295fd008a8bb8a1f479af6d4955b7d/execute/async - {"script":"<script> [1562 bytes]","args":[{"selector":{"id":"application-managepartners-display-component---masterPtm--smartFilterBar-filterItemControl_BASIC-ALL_TAGS-vhi"},"wdio_ui5_key":"applicationmanagepartners-display-component---masterPtm--smartFilterBar-filterItemControl_BASIC-ALL_TAGS-vhi"}]}
COMMAND: GET /session/bb295fd008a8bb8a1f479af6d4955b7d/screenshot - {}
RESULT: {"script":"<script> [1562 bytes]","args":[{"selector":{"id":"application-managepartners-display-component---masterPtm--smartFilterBar-filterItemControl_BASIC-ALL_TAGS-vhi"},"wdio_ui5_key":"applicationmanagepartners-display-component---masterPtm--smartFilterBar-filterItemControl_BASIC-ALL_TAGS-vhi"}]}
RESULT: undefined
COMMAND: POST /session/bb295fd008a8bb8a1f479af6d4955b7d/element - {"using":"xpath","value":"//*[@id=\"application-managepartners-display-component---masterPtm--smartFilterBar-filterItemControl_BASIC-ALL_TAGS-vhi\"]"}
RESULT: {}
RESULT: {"using":"xpath","value":"//*[@id=\"application-managepartners-display-component---masterPtm--smartFilterBar-filterItemControl_BASIC-ALL_TAGS-vhi\"]"}
COMMAND: POST /session/bb295fd008a8bb8a1f479af6d4955b7d/element/f.71C3769F7ED8E40170006504CCA8900A.d.246DBDC53B01818B8AFDCC626BAE4DB4.e.6431/click - {}
RESULT: {}
COMMAND: GET /session/bb295fd008a8bb8a1f479af6d4955b7d/screenshot - {}
RESULT: {}
COMMAND: POST /session/bb295fd008a8bb8a1f479af6d4955b7d/execute/async - {"script":"<script> [1562 bytes]","args":[{"selector":{"id":"application-managepartners-display-component---masterPtm--smartFilterBar-filterItemControl_BASIC-ALL_TAGS-valueHelpDialog-smartFilterBar-btnBasicSearch","searchOpenDialogs":true,"interaction":{"idSuffix":"I"}},"wdio_ui5_key":"applicationmanagepartners-display-component---masterPtm--smartFilterBar-filterItemControl_BASIC-ALL_TAGS-valueHelpDialog-smartFilterBar-btnBasicSearch"}]}
RESULT: {"script":"<script> [1562 bytes]","args":[{"selector":{"id":"application-managepartners-display-component---masterPtm--smartFilterBar-filterItemControl_BASIC-ALL_TAGS-valueHelpDialog-smartFilterBar-btnBasicSearch","searchOpenDialogs":true,"interaction":{"idSuffix":"I"}},"wdio_ui5_key":"applicationmanagepartners-display-component---masterPtm--smartFilterBar-filterItemControl_BASIC-ALL_TAGS-valueHelpDialog-smartFilterBar-btnBasicSearch"}]}
RESULT: undefined
COMMAND: POST /session/bb295fd008a8bb8a1f479af6d4955b7d/execute/async - {"script":"<script> [776 bytes]","args":[{"enterText":"test-tag-1","selector":{"id":"application-managepartners-display-component---masterPtm--smartFilterBar-filterItemControl_BASIC-ALL_TAGS-valueHelpDialog-smartFilterBar-btnBasicSearch","searchOpenDialogs":true,"interaction":{"idSuffix":"I"}},"clearTextFirst":true,"interactionType":"ENTER_TEXT"}]}
RESULT: {"script":"<script> [776 bytes]","args":[{"enterText":"test-tag-1","selector":{"id":"application-managepartners-display-component---masterPtm--smartFilterBar-filterItemControl_BASIC-ALL_TAGS-valueHelpDialog-smartFilterBar-btnBasicSearch","searchOpenDialogs":true,"interaction":{"idSuffix":"I"}},"clearTextFirst":true,"interactionType":"ENTER_TEXT"}]}
COMMAND: POST /session/bb295fd008a8bb8a1f479af6d4955b7d/actions - {"actions":[{"id":"action20","type":"key","parameters":{},"actions":[{"type":"keyDown","value":"î€‡"},{"type":"pause","duration":10},{"type":"keyUp","value":"î€‡"}]}]}
RESULT: {"actions":[{"id":"action20","type":"key","parameters":{},"actions":[{"type":"keyDown","value":"î€‡"},{"type":"pause","duration":10},{"type":"keyUp","value":"î€‡"}]}]}
COMMAND: POST /session/bb295fd008a8bb8a1f479af6d4955b7d/elements - {"using":"xpath","value":"//table[contains(@id, \"smartFilterBar-filterItemControl_BASIC-ALL_TAGS-valueHelpDialog-table-table\")]/tbody/tr"}
COMMAND: GET /session/bb295fd008a8bb8a1f479af6d4955b7d/screenshot - {}
RESULT: {"using":"xpath","value":"//table[contains(@id, \"smartFilterBar-filterItemControl_BASIC-ALL_TAGS-valueHelpDialog-table-table\")]/tbody/tr"}
COMMAND: POST /session/bb295fd008a8bb8a1f479af6d4955b7d/element - {"using":"xpath","value":"//table[contains(@id, \"smartFilterBar-filterItemControl_BASIC-ALL_TAGS-valueHelpDialog-table-table\")]/tbody/tr[1]/td[1]/div/span"}
RESULT: {}
RESULT: {"using":"xpath","value":"//table[contains(@id, \"smartFilterBar-filterItemControl_BASIC-ALL_TAGS-valueHelpDialog-table-table\")]/tbody/tr[1]/td[1]/div/span"}
COMMAND: POST /session/bb295fd008a8bb8a1f479af6d4955b7d/elements - {"using":"xpath","value":"//table[contains(@id, \"smartFilterBar-filterItemControl_BASIC-ALL_TAGS-valueHelpDialog-table-table\")]/tbody/tr[1]/td[1]/div/span"}
RESULT: {"using":"xpath","value":"//table[contains(@id, \"smartFilterBar-filterItemControl_BASIC-ALL_TAGS-valueHelpDialog-table-table\")]/tbody/tr[1]/td[1]/div/span"}
COMMAND: POST /session/bb295fd008a8bb8a1f479af6d4955b7d/execute/sync - {"script":"<script> [56 bytes]","args":[{"element-6066-11e4-a52e-4f735466cecf":"f.71C3769F7ED8E40170006504CCA8900A.d.246DBDC53B01818B8AFDCC626BAE4DB4.e.6451","ELEMENT":"f.71C3769F7ED8E40170006504CCA8900A.d.246DBDC53B01818B8AFDCC626BAE4DB4.e.6451"}]}
RESULT: {"script":"<script> [56 bytes]","args":[{"element-6066-11e4-a52e-4f735466cecf":"f.71C3769F7ED8E40170006504CCA8900A.d.246DBDC53B01818B8AFDCC626BAE4DB4.e.6451","ELEMENT":"f.71C3769F7ED8E40170006504CCA8900A.d.246DBDC53B01818B8AFDCC626BAE4DB4.e.6451"}]}
COMMAND: POST /session/bb295fd008a8bb8a1f479af6d4955b7d/element - {"using":"xpath","value":"//div[contains(@id, \"filterItemControl_BASIC-ALL_TAGS-valueHelpDialog-table-rowsel0\")]"}
COMMAND: GET /session/bb295fd008a8bb8a1f479af6d4955b7d/screenshot - {}
RESULT: {"using":"xpath","value":"//div[contains(@id, \"filterItemControl_BASIC-ALL_TAGS-valueHelpDialog-table-rowsel0\")]"}
COMMAND: POST /session/bb295fd008a8bb8a1f479af6d4955b7d/element/f.71C3769F7ED8E40170006504CCA8900A.d.246DBDC53B01818B8AFDCC626BAE4DB4.e.6452/click - {}
RESULT: {}
RESULT: {}
COMMAND: GET /session/bb295fd008a8bb8a1f479af6d4955b7d/screenshot - {}
RESULT: {}
COMMAND: POST /session/bb295fd008a8bb8a1f479af6d4955b7d/element - {"using":"xpath","value":"(//bdi[contains(text(), \"OK\")])[1]"}
RESULT: {"using":"xpath","value":"(//bdi[contains(text(), \"OK\")])[1]"}
COMMAND: POST /session/bb295fd008a8bb8a1f479af6d4955b7d/element/f.71C3769F7ED8E40170006504CCA8900A.d.246DBDC53B01818B8AFDCC626BAE4DB4.e.6454/click - {}
RESULT: {}
COMMAND: GET /session/bb295fd008a8bb8a1f479af6d4955b7d/screenshot - {}
RESULT: {}
COMMAND: POST /session/bb295fd008a8bb8a1f479af6d4955b7d/element - {"using":"xpath","value":"//span[@id=\"application-managepartners-display-component---masterPtm--smartTable-header-inner\"]"}
RESULT: {"using":"xpath","value":"//span[@id=\"application-managepartners-display-component---masterPtm--smartTable-header-inner\"]"}
COMMAND: POST /session/bb295fd008a8bb8a1f479af6d4955b7d/elements - {"using":"xpath","value":"//span[@id=\"application-managepartners-display-component---masterPtm--smartTable-header-inner\"]"}
RESULT: {"using":"xpath","value":"//span[@id=\"application-managepartners-display-component---masterPtm--smartTable-header-inner\"]"}
COMMAND: POST /session/bb295fd008a8bb8a1f479af6d4955b7d/execute/sync - {"script":"<script> [56 bytes]","args":[{"element-6066-11e4-a52e-4f735466cecf":"f.71C3769F7ED8E40170006504CCA8900A.d.246DBDC53B01818B8AFDCC626BAE4DB4.e.6011","ELEMENT":"f.71C3769F7ED8E40170006504CCA8900A.d.246DBDC53B01818B8AFDCC626BAE4DB4.e.6011"}]}
RESULT: {"script":"<script> [56 bytes]","args":[{"element-6066-11e4-a52e-4f735466cecf":"f.71C3769F7ED8E40170006504CCA8900A.d.246DBDC53B01818B8AFDCC626BAE4DB4.e.6011","ELEMENT":"f.71C3769F7ED8E40170006504CCA8900A.d.246DBDC53B01818B8AFDCC626BAE4DB4.e.6011"}]}
COMMAND: POST /session/bb295fd008a8bb8a1f479af6d4955b7d/element - {"using":"xpath","value":"//span[contains(@title, \"Remove\")]"}
COMMAND: GET /session/bb295fd008a8bb8a1f479af6d4955b7d/screenshot - {}
RESULT: {"using":"xpath","value":"//span[contains(@title, \"Remove\")]"}
COMMAND: POST /session/bb295fd008a8bb8a1f479af6d4955b7d/element/f.71C3769F7ED8E40170006504CCA8900A.d.246DBDC53B01818B8AFDCC626BAE4DB4.e.6476/click - {}
RESULT: {}
RESULT: {}
COMMAND: GET /session/bb295fd008a8bb8a1f479af6d4955b7d/screenshot - {}
RESULT: {}
COMMAND: POST /session/bb295fd008a8bb8a1f479af6d4955b7d/execute/async - {"script":"<script> [1562 bytes]","args":[{"selector":{"id":"application-managepartners-display-component---masterPtm--partnerTypes-arrow"},"wdio_ui5_key":"applicationmanagepartners-display-component---masterPtm--partnerTypes-arrow"}]}
RESULT: {"script":"<script> [1562 bytes]","args":[{"selector":{"id":"application-managepartners-display-component---masterPtm--partnerTypes-arrow"},"wdio_ui5_key":"applicationmanagepartners-display-component---masterPtm--partnerTypes-arrow"}]}
RESULT: undefined
COMMAND: POST /session/bb295fd008a8bb8a1f479af6d4955b7d/element - {"using":"xpath","value":"//*[@id=\"application-managepartners-display-component---masterPtm--partnerTypes-arrow\"]"}
RESULT: {"using":"xpath","value":"//*[@id=\"application-managepartners-display-component---masterPtm--partnerTypes-arrow\"]"}
COMMAND: POST /session/bb295fd008a8bb8a1f479af6d4955b7d/element/f.71C3769F7ED8E40170006504CCA8900A.d.246DBDC53B01818B8AFDCC626BAE4DB4.e.6580/click - {}
RESULT: {}
COMMAND: GET /session/bb295fd008a8bb8a1f479af6d4955b7d/screenshot - {}
RESULT: {}
COMMAND: POST /session/bb295fd008a8bb8a1f479af6d4955b7d/element - {"using":"xpath","value":"//li[.//span[text()=\"External partner\"]]//div[contains(@class,\"sapMCbBg\")]"}
RESULT: {"using":"xpath","value":"//li[.//span[text()=\"External partner\"]]//div[contains(@class,\"sapMCbBg\")]"}
COMMAND: POST /session/bb295fd008a8bb8a1f479af6d4955b7d/element/f.71C3769F7ED8E40170006504CCA8900A.d.246DBDC53B01818B8AFDCC626BAE4DB4.e.6583/click - {}
RESULT: {}
COMMAND: GET /session/bb295fd008a8bb8a1f479af6d4955b7d/screenshot - {}
RESULT: {}
COMMAND: POST /session/bb295fd008a8bb8a1f479af6d4955b7d/element - {"using":"xpath","value":"//span[@id=\"application-managepartners-display-component---masterPtm--smartTable-header-inner\"]"}
RESULT: {"using":"xpath","value":"//span[@id=\"application-managepartners-display-component---masterPtm--smartTable-header-inner\"]"}
COMMAND: POST /session/bb295fd008a8bb8a1f479af6d4955b7d/elements - {"using":"xpath","value":"//span[@id=\"application-managepartners-display-component---masterPtm--smartTable-header-inner\"]"}
RESULT: {"using":"xpath","value":"//span[@id=\"application-managepartners-display-component---masterPtm--smartTable-header-inner\"]"}
COMMAND: POST /session/bb295fd008a8bb8a1f479af6d4955b7d/execute/sync - {"script":"<script> [56 bytes]","args":[{"element-6066-11e4-a52e-4f735466cecf":"f.71C3769F7ED8E40170006504CCA8900A.d.246DBDC53B01818B8AFDCC626BAE4DB4.e.6011","ELEMENT":"f.71C3769F7ED8E40170006504CCA8900A.d.246DBDC53B01818B8AFDCC626BAE4DB4.e.6011"}]}
RESULT: {"script":"<script> [56 bytes]","args":[{"element-6066-11e4-a52e-4f735466cecf":"f.71C3769F7ED8E40170006504CCA8900A.d.246DBDC53B01818B8AFDCC626BAE4DB4.e.6011","ELEMENT":"f.71C3769F7ED8E40170006504CCA8900A.d.246DBDC53B01818B8AFDCC626BAE4DB4.e.6011"}]}
COMMAND: POST /session/bb295fd008a8bb8a1f479af6d4955b7d/element - {"using":"xpath","value":"//span[contains(@title, \"Remove\")]"}
COMMAND: GET /session/bb295fd008a8bb8a1f479af6d4955b7d/screenshot - {}
RESULT: {"using":"xpath","value":"//span[contains(@title, \"Remove\")]"}
COMMAND: POST /session/bb295fd008a8bb8a1f479af6d4955b7d/element/f.71C3769F7ED8E40170006504CCA8900A.d.246DBDC53B01818B8AFDCC626BAE4DB4.e.6669/click - {}
RESULT: {}
RESULT: {}
COMMAND: GET /session/bb295fd008a8bb8a1f479af6d4955b7d/screenshot - {}
RESULT: {}
COMMAND: POST /session/bb295fd008a8bb8a1f479af6d4955b7d/execute/async - {"script":"<script> [1562 bytes]","args":[{"selector":{"id":"application-managepartners-display-component---masterPtm--smartFilterBar-btnFilters","interaction":{"idSuffix":"BDI-content"}},"wdio_ui5_key":"applicationmanagepartners-display-component---masterPtm--smartFilterBar-btnFilters"}]}
RESULT: {"script":"<script> [1562 bytes]","args":[{"selector":{"id":"application-managepartners-display-component---masterPtm--smartFilterBar-btnFilters","interaction":{"idSuffix":"BDI-content"}},"wdio_ui5_key":"applicationmanagepartners-display-component---masterPtm--smartFilterBar-btnFilters"}]}
RESULT: undefined
COMMAND: POST /session/bb295fd008a8bb8a1f479af6d4955b7d/element - {"using":"xpath","value":"//*[@id=\"application-managepartners-display-component---masterPtm--smartFilterBar-btnFilters\"]"}
RESULT: {"using":"xpath","value":"//*[@id=\"application-managepartners-display-component---masterPtm--smartFilterBar-btnFilters\"]"}
COMMAND: POST /session/bb295fd008a8bb8a1f479af6d4955b7d/element/f.71C3769F7ED8E40170006504CCA8900A.d.246DBDC53B01818B8AFDCC626BAE4DB4.e.5863/click - {}
RESULT: {}
COMMAND: GET /session/bb295fd008a8bb8a1f479af6d4955b7d/screenshot - {}
RESULT: {}
COMMAND: POST /session/bb295fd008a8bb8a1f479af6d4955b7d/elements - {"using":"xpath","value":"//table[contains(@id, \"listView-innerSelectionPanelTable-listUl\")]/tbody/tr"}
RESULT: {"using":"xpath","value":"//table[contains(@id, \"listView-innerSelectionPanelTable-listUl\")]/tbody/tr"}
COMMAND: POST /session/bb295fd008a8bb8a1f479af6d4955b7d/element - {"using":"xpath","value":"//table[contains(@id, \"listView-innerSelectionPanelTable-listUl\")]/tbody/tr[2]/td[2]/div/div"}
RESULT: {"using":"xpath","value":"//table[contains(@id, \"listView-innerSelectionPanelTable-listUl\")]/tbody/tr[2]/td[2]/div/div"}
COMMAND: POST /session/bb295fd008a8bb8a1f479af6d4955b7d/element - {"using":"xpath","value":"//table[contains(@id, \"listView-innerSelectionPanelTable-listUl\")]/tbody/tr[2]/td[2]/div"}
RESULT: {"using":"xpath","value":"//table[contains(@id, \"listView-innerSelectionPanelTable-listUl\")]/tbody/tr[2]/td[2]/div"}
COMMAND: POST /session/bb295fd008a8bb8a1f479af6d4955b7d/element - {"using":"xpath","value":"//table[contains(@id, \"listView-innerSelectionPanelTable-listUl\")]/tbody/tr[2]/td[3]/div/div/span/span[1]/bdi"}
RESULT: {"using":"xpath","value":"//table[contains(@id, \"listView-innerSelectionPanelTable-listUl\")]/tbody/tr[2]/td[3]/div/div/span/span[1]/bdi"}
COMMAND: POST /session/bb295fd008a8bb8a1f479af6d4955b7d/execute/sync - {"script":"<script> [56 bytes]","args":[{"element-6066-11e4-a52e-4f735466cecf":"f.71C3769F7ED8E40170006504CCA8900A.d.246DBDC53B01818B8AFDCC626BAE4DB4.e.6785","ELEMENT":"f.71C3769F7ED8E40170006504CCA8900A.d.246DBDC53B01818B8AFDCC626BAE4DB4.e.6785"}]}
RESULT: {"script":"<script> [56 bytes]","args":[{"element-6066-11e4-a52e-4f735466cecf":"f.71C3769F7ED8E40170006504CCA8900A.d.246DBDC53B01818B8AFDCC626BAE4DB4.e.6785","ELEMENT":"f.71C3769F7ED8E40170006504CCA8900A.d.246DBDC53B01818B8AFDCC626BAE4DB4.e.6785"}]}
COMMAND: GET /session/bb295fd008a8bb8a1f479af6d4955b7d/element/f.71C3769F7ED8E40170006504CCA8900A.d.246DBDC53B01818B8AFDCC626BAE4DB4.e.6784/attribute/aria-checked - {}
COMMAND: GET /session/bb295fd008a8bb8a1f479af6d4955b7d/screenshot - {}
RESULT: {}
COMMAND: POST /session/bb295fd008a8bb8a1f479af6d4955b7d/element - {"using":"xpath","value":"//table[contains(@id, \"listView-innerSelectionPanelTable-listUl\")]/tbody/tr[3]/td[2]/div/div"}
RESULT: {}
RESULT: {"using":"xpath","value":"//table[contains(@id, \"listView-innerSelectionPanelTable-listUl\")]/tbody/tr[3]/td[2]/div/div"}
COMMAND: POST /session/bb295fd008a8bb8a1f479af6d4955b7d/element - {"using":"xpath","value":"//table[contains(@id, \"listView-innerSelectionPanelTable-listUl\")]/tbody/tr[3]/td[2]/div"}
RESULT: {"using":"xpath","value":"//table[contains(@id, \"listView-innerSelectionPanelTable-listUl\")]/tbody/tr[3]/td[2]/div"}
COMMAND: POST /session/bb295fd008a8bb8a1f479af6d4955b7d/element - {"using":"xpath","value":"//table[contains(@id, \"listView-innerSelectionPanelTable-listUl\")]/tbody/tr[3]/td[3]/div/div/span/span[1]/bdi"}
RESULT: {"using":"xpath","value":"//table[contains(@id, \"listView-innerSelectionPanelTable-listUl\")]/tbody/tr[3]/td[3]/div/div/span/span[1]/bdi"}
COMMAND: POST /session/bb295fd008a8bb8a1f479af6d4955b7d/execute/sync - {"script":"<script> [56 bytes]","args":[{"element-6066-11e4-a52e-4f735466cecf":"f.71C3769F7ED8E40170006504CCA8900A.d.246DBDC53B01818B8AFDCC626BAE4DB4.e.6788","ELEMENT":"f.71C3769F7ED8E40170006504CCA8900A.d.246DBDC53B01818B8AFDCC626BAE4DB4.e.6788"}]}
RESULT: {"script":"<script> [56 bytes]","args":[{"element-6066-11e4-a52e-4f735466cecf":"f.71C3769F7ED8E40170006504CCA8900A.d.246DBDC53B01818B8AFDCC626BAE4DB4.e.6788","ELEMENT":"f.71C3769F7ED8E40170006504CCA8900A.d.246DBDC53B01818B8AFDCC626BAE4DB4.e.6788"}]}
COMMAND: GET /session/bb295fd008a8bb8a1f479af6d4955b7d/element/f.71C3769F7ED8E40170006504CCA8900A.d.246DBDC53B01818B8AFDCC626BAE4DB4.e.6787/attribute/aria-checked - {}
COMMAND: GET /session/bb295fd008a8bb8a1f479af6d4955b7d/screenshot - {}
RESULT: {}
COMMAND: POST /session/bb295fd008a8bb8a1f479af6d4955b7d/element - {"using":"xpath","value":"//table[contains(@id, \"listView-innerSelectionPanelTable-listUl\")]/tbody/tr[4]/td[2]/div/div"}
RESULT: {}
RESULT: {"using":"xpath","value":"//table[contains(@id, \"listView-innerSelectionPanelTable-listUl\")]/tbody/tr[4]/td[2]/div/div"}
COMMAND: POST /session/bb295fd008a8bb8a1f479af6d4955b7d/element - {"using":"xpath","value":"//table[contains(@id, \"listView-innerSelectionPanelTable-listUl\")]/tbody/tr[4]/td[2]/div"}
RESULT: {"using":"xpath","value":"//table[contains(@id, \"listView-innerSelectionPanelTable-listUl\")]/tbody/tr[4]/td[2]/div"}
COMMAND: POST /session/bb295fd008a8bb8a1f479af6d4955b7d/element - {"using":"xpath","value":"//table[contains(@id, \"listView-innerSelectionPanelTable-listUl\")]/tbody/tr[4]/td[3]/div/div/span/span[1]/bdi"}
RESULT: {"using":"xpath","value":"//table[contains(@id, \"listView-innerSelectionPanelTable-listUl\")]/tbody/tr[4]/td[3]/div/div/span/span[1]/bdi"}
COMMAND: POST /session/bb295fd008a8bb8a1f479af6d4955b7d/execute/sync - {"script":"<script> [56 bytes]","args":[{"element-6066-11e4-a52e-4f735466cecf":"f.71C3769F7ED8E40170006504CCA8900A.d.246DBDC53B01818B8AFDCC626BAE4DB4.e.6791","ELEMENT":"f.71C3769F7ED8E40170006504CCA8900A.d.246DBDC53B01818B8AFDCC626BAE4DB4.e.6791"}]}
RESULT: {"script":"<script> [56 bytes]","args":[{"element-6066-11e4-a52e-4f735466cecf":"f.71C3769F7ED8E40170006504CCA8900A.d.246DBDC53B01818B8AFDCC626BAE4DB4.e.6791","ELEMENT":"f.71C3769F7ED8E40170006504CCA8900A.d.246DBDC53B01818B8AFDCC626BAE4DB4.e.6791"}]}
COMMAND: GET /session/bb295fd008a8bb8a1f479af6d4955b7d/element/f.71C3769F7ED8E40170006504CCA8900A.d.246DBDC53B01818B8AFDCC626BAE4DB4.e.6790/attribute/aria-checked - {}
COMMAND: GET /session/bb295fd008a8bb8a1f479af6d4955b7d/screenshot - {}
RESULT: {}
COMMAND: POST /session/bb295fd008a8bb8a1f479af6d4955b7d/element - {"using":"xpath","value":"//table[contains(@id, \"listView-innerSelectionPanelTable-listUl\")]/tbody/tr[5]/td[2]/div/div"}
RESULT: {}
RESULT: {"using":"xpath","value":"//table[contains(@id, \"listView-innerSelectionPanelTable-listUl\")]/tbody/tr[5]/td[2]/div/div"}
COMMAND: POST /session/bb295fd008a8bb8a1f479af6d4955b7d/element - {"using":"xpath","value":"//table[contains(@id, \"listView-innerSelectionPanelTable-listUl\")]/tbody/tr[5]/td[2]/div"}
RESULT: {"using":"xpath","value":"//table[contains(@id, \"listView-innerSelectionPanelTable-listUl\")]/tbody/tr[5]/td[2]/div"}
COMMAND: POST /session/bb295fd008a8bb8a1f479af6d4955b7d/element - {"using":"xpath","value":"//table[contains(@id, \"listView-innerSelectionPanelTable-listUl\")]/tbody/tr[5]/td[3]/div/div/span/span[1]/bdi"}
RESULT: {"using":"xpath","value":"//table[contains(@id, \"listView-innerSelectionPanelTable-listUl\")]/tbody/tr[5]/td[3]/div/div/span/span[1]/bdi"}
COMMAND: POST /session/bb295fd008a8bb8a1f479af6d4955b7d/execute/sync - {"script":"<script> [56 bytes]","args":[{"element-6066-11e4-a52e-4f735466cecf":"f.71C3769F7ED8E40170006504CCA8900A.d.246DBDC53B01818B8AFDCC626BAE4DB4.e.6794","ELEMENT":"f.71C3769F7ED8E40170006504CCA8900A.d.246DBDC53B01818B8AFDCC626BAE4DB4.e.6794"}]}
RESULT: {"script":"<script> [56 bytes]","args":[{"element-6066-11e4-a52e-4f735466cecf":"f.71C3769F7ED8E40170006504CCA8900A.d.246DBDC53B01818B8AFDCC626BAE4DB4.e.6794","ELEMENT":"f.71C3769F7ED8E40170006504CCA8900A.d.246DBDC53B01818B8AFDCC626BAE4DB4.e.6794"}]}
COMMAND: GET /session/bb295fd008a8bb8a1f479af6d4955b7d/element/f.71C3769F7ED8E40170006504CCA8900A.d.246DBDC53B01818B8AFDCC626BAE4DB4.e.6793/attribute/aria-checked - {}
COMMAND: GET /session/bb295fd008a8bb8a1f479af6d4955b7d/screenshot - {}
RESULT: {}
COMMAND: POST /session/bb295fd008a8bb8a1f479af6d4955b7d/element - {"using":"xpath","value":"//table[contains(@id, \"listView-innerSelectionPanelTable-listUl\")]/tbody/tr[6]/td[2]/div/div"}
RESULT: {}
RESULT: {"using":"xpath","value":"//table[contains(@id, \"listView-innerSelectionPanelTable-listUl\")]/tbody/tr[6]/td[2]/div/div"}
COMMAND: POST /session/bb295fd008a8bb8a1f479af6d4955b7d/element - {"using":"xpath","value":"//table[contains(@id, \"listView-innerSelectionPanelTable-listUl\")]/tbody/tr[6]/td[2]/div"}
RESULT: {"using":"xpath","value":"//table[contains(@id, \"listView-innerSelectionPanelTable-listUl\")]/tbody/tr[6]/td[2]/div"}
COMMAND: POST /session/bb295fd008a8bb8a1f479af6d4955b7d/element - {"using":"xpath","value":"//table[contains(@id, \"listView-innerSelectionPanelTable-listUl\")]/tbody/tr[6]/td[3]/div/div/span/span[1]/bdi"}
RESULT: {"using":"xpath","value":"//table[contains(@id, \"listView-innerSelectionPanelTable-listUl\")]/tbody/tr[6]/td[3]/div/div/span/span[1]/bdi"}
COMMAND: POST /session/bb295fd008a8bb8a1f479af6d4955b7d/execute/sync - {"script":"<script> [56 bytes]","args":[{"element-6066-11e4-a52e-4f735466cecf":"f.71C3769F7ED8E40170006504CCA8900A.d.246DBDC53B01818B8AFDCC626BAE4DB4.e.6797","ELEMENT":"f.71C3769F7ED8E40170006504CCA8900A.d.246DBDC53B01818B8AFDCC626BAE4DB4.e.6797"}]}
RESULT: {"script":"<script> [56 bytes]","args":[{"element-6066-11e4-a52e-4f735466cecf":"f.71C3769F7ED8E40170006504CCA8900A.d.246DBDC53B01818B8AFDCC626BAE4DB4.e.6797","ELEMENT":"f.71C3769F7ED8E40170006504CCA8900A.d.246DBDC53B01818B8AFDCC626BAE4DB4.e.6797"}]}
COMMAND: GET /session/bb295fd008a8bb8a1f479af6d4955b7d/element/f.71C3769F7ED8E40170006504CCA8900A.d.246DBDC53B01818B8AFDCC626BAE4DB4.e.6796/attribute/aria-checked - {}
COMMAND: GET /session/bb295fd008a8bb8a1f479af6d4955b7d/screenshot - {}
RESULT: {}
COMMAND: POST /session/bb295fd008a8bb8a1f479af6d4955b7d/element - {"using":"xpath","value":"//table[contains(@id, \"listView-innerSelectionPanelTable-listUl\")]/tbody/tr[7]/td[2]/div/div"}
RESULT: {}
RESULT: {"using":"xpath","value":"//table[contains(@id, \"listView-innerSelectionPanelTable-listUl\")]/tbody/tr[7]/td[2]/div/div"}
COMMAND: POST /session/bb295fd008a8bb8a1f479af6d4955b7d/element - {"using":"xpath","value":"//table[contains(@id, \"listView-innerSelectionPanelTable-listUl\")]/tbody/tr[7]/td[2]/div"}
RESULT: {"using":"xpath","value":"//table[contains(@id, \"listView-innerSelectionPanelTable-listUl\")]/tbody/tr[7]/td[2]/div"}
COMMAND: POST /session/bb295fd008a8bb8a1f479af6d4955b7d/element - {"using":"xpath","value":"//table[contains(@id, \"listView-innerSelectionPanelTable-listUl\")]/tbody/tr[7]/td[3]/div/div/span/span[1]/bdi"}
RESULT: {"using":"xpath","value":"//table[contains(@id, \"listView-innerSelectionPanelTable-listUl\")]/tbody/tr[7]/td[3]/div/div/span/span[1]/bdi"}
COMMAND: POST /session/bb295fd008a8bb8a1f479af6d4955b7d/execute/sync - {"script":"<script> [56 bytes]","args":[{"element-6066-11e4-a52e-4f735466cecf":"f.71C3769F7ED8E40170006504CCA8900A.d.246DBDC53B01818B8AFDCC626BAE4DB4.e.6800","ELEMENT":"f.71C3769F7ED8E40170006504CCA8900A.d.246DBDC53B01818B8AFDCC626BAE4DB4.e.6800"}]}
RESULT: {"script":"<script> [56 bytes]","args":[{"element-6066-11e4-a52e-4f735466cecf":"f.71C3769F7ED8E40170006504CCA8900A.d.246DBDC53B01818B8AFDCC626BAE4DB4.e.6800","ELEMENT":"f.71C3769F7ED8E40170006504CCA8900A.d.246DBDC53B01818B8AFDCC626BAE4DB4.e.6800"}]}
COMMAND: GET /session/bb295fd008a8bb8a1f479af6d4955b7d/element/f.71C3769F7ED8E40170006504CCA8900A.d.246DBDC53B01818B8AFDCC626BAE4DB4.e.6799/attribute/aria-checked - {}
COMMAND: GET /session/bb295fd008a8bb8a1f479af6d4955b7d/screenshot - {}
RESULT: {}
COMMAND: POST /session/bb295fd008a8bb8a1f479af6d4955b7d/element - {"using":"xpath","value":"//table[contains(@id, \"listView-innerSelectionPanelTable-listUl\")]/tbody/tr[8]/td[2]/div/div"}
RESULT: {}
RESULT: {"using":"xpath","value":"//table[contains(@id, \"listView-innerSelectionPanelTable-listUl\")]/tbody/tr[8]/td[2]/div/div"}
COMMAND: POST /session/bb295fd008a8bb8a1f479af6d4955b7d/element - {"using":"xpath","value":"//table[contains(@id, \"listView-innerSelectionPanelTable-listUl\")]/tbody/tr[8]/td[2]/div"}
RESULT: {"using":"xpath","value":"//table[contains(@id, \"listView-innerSelectionPanelTable-listUl\")]/tbody/tr[8]/td[2]/div"}
COMMAND: POST /session/bb295fd008a8bb8a1f479af6d4955b7d/element - {"using":"xpath","value":"//table[contains(@id, \"listView-innerSelectionPanelTable-listUl\")]/tbody/tr[8]/td[3]/div/div/span/span[1]/bdi"}
RESULT: {"using":"xpath","value":"//table[contains(@id, \"listView-innerSelectionPanelTable-listUl\")]/tbody/tr[8]/td[3]/div/div/span/span[1]/bdi"}
COMMAND: POST /session/bb295fd008a8bb8a1f479af6d4955b7d/execute/sync - {"script":"<script> [56 bytes]","args":[{"element-6066-11e4-a52e-4f735466cecf":"f.71C3769F7ED8E40170006504CCA8900A.d.246DBDC53B01818B8AFDCC626BAE4DB4.e.6803","ELEMENT":"f.71C3769F7ED8E40170006504CCA8900A.d.246DBDC53B01818B8AFDCC626BAE4DB4.e.6803"}]}
RESULT: {"script":"<script> [56 bytes]","args":[{"element-6066-11e4-a52e-4f735466cecf":"f.71C3769F7ED8E40170006504CCA8900A.d.246DBDC53B01818B8AFDCC626BAE4DB4.e.6803","ELEMENT":"f.71C3769F7ED8E40170006504CCA8900A.d.246DBDC53B01818B8AFDCC626BAE4DB4.e.6803"}]}
COMMAND: GET /session/bb295fd008a8bb8a1f479af6d4955b7d/element/f.71C3769F7ED8E40170006504CCA8900A.d.246DBDC53B01818B8AFDCC626BAE4DB4.e.6802/attribute/aria-checked - {}
COMMAND: GET /session/bb295fd008a8bb8a1f479af6d4955b7d/screenshot - {}
RESULT: {}
COMMAND: POST /session/bb295fd008a8bb8a1f479af6d4955b7d/element - {"using":"xpath","value":"//table[contains(@id, \"listView-innerSelectionPanelTable-listUl\")]/tbody/tr[9]/td[2]/div/div"}
RESULT: {}
RESULT: {"using":"xpath","value":"//table[contains(@id, \"listView-innerSelectionPanelTable-listUl\")]/tbody/tr[9]/td[2]/div/div"}
COMMAND: POST /session/bb295fd008a8bb8a1f479af6d4955b7d/element - {"using":"xpath","value":"//table[contains(@id, \"listView-innerSelectionPanelTable-listUl\")]/tbody/tr[9]/td[2]/div"}
RESULT: {"using":"xpath","value":"//table[contains(@id, \"listView-innerSelectionPanelTable-listUl\")]/tbody/tr[9]/td[2]/div"}
COMMAND: POST /session/bb295fd008a8bb8a1f479af6d4955b7d/element - {"using":"xpath","value":"//table[contains(@id, \"listView-innerSelectionPanelTable-listUl\")]/tbody/tr[9]/td[3]/div/div/span/span[1]/bdi"}
RESULT: {"using":"xpath","value":"//table[contains(@id, \"listView-innerSelectionPanelTable-listUl\")]/tbody/tr[9]/td[3]/div/div/span/span[1]/bdi"}
COMMAND: POST /session/bb295fd008a8bb8a1f479af6d4955b7d/execute/sync - {"script":"<script> [56 bytes]","args":[{"element-6066-11e4-a52e-4f735466cecf":"f.71C3769F7ED8E40170006504CCA8900A.d.246DBDC53B01818B8AFDCC626BAE4DB4.e.6806","ELEMENT":"f.71C3769F7ED8E40170006504CCA8900A.d.246DBDC53B01818B8AFDCC626BAE4DB4.e.6806"}]}
RESULT: {"script":"<script> [56 bytes]","args":[{"element-6066-11e4-a52e-4f735466cecf":"f.71C3769F7ED8E40170006504CCA8900A.d.246DBDC53B01818B8AFDCC626BAE4DB4.e.6806","ELEMENT":"f.71C3769F7ED8E40170006504CCA8900A.d.246DBDC53B01818B8AFDCC626BAE4DB4.e.6806"}]}
COMMAND: GET /session/bb295fd008a8bb8a1f479af6d4955b7d/element/f.71C3769F7ED8E40170006504CCA8900A.d.246DBDC53B01818B8AFDCC626BAE4DB4.e.6805/attribute/aria-checked - {}
COMMAND: GET /session/bb295fd008a8bb8a1f479af6d4955b7d/screenshot - {}
RESULT: {}
COMMAND: POST /session/bb295fd008a8bb8a1f479af6d4955b7d/element - {"using":"xpath","value":"//table[contains(@id, \"listView-innerSelectionPanelTable-listUl\")]/tbody/tr[10]/td[2]/div/div"}
RESULT: {}
RESULT: {"using":"xpath","value":"//table[contains(@id, \"listView-innerSelectionPanelTable-listUl\")]/tbody/tr[10]/td[2]/div/div"}
COMMAND: POST /session/bb295fd008a8bb8a1f479af6d4955b7d/element - {"using":"xpath","value":"//table[contains(@id, \"listView-innerSelectionPanelTable-listUl\")]/tbody/tr[10]/td[2]/div"}
RESULT: {"using":"xpath","value":"//table[contains(@id, \"listView-innerSelectionPanelTable-listUl\")]/tbody/tr[10]/td[2]/div"}
COMMAND: POST /session/bb295fd008a8bb8a1f479af6d4955b7d/element - {"using":"xpath","value":"//table[contains(@id, \"listView-innerSelectionPanelTable-listUl\")]/tbody/tr[10]/td[3]/div/div/span/span[1]/bdi"}
RESULT: {"using":"xpath","value":"//table[contains(@id, \"listView-innerSelectionPanelTable-listUl\")]/tbody/tr[10]/td[3]/div/div/span/span[1]/bdi"}
COMMAND: POST /session/bb295fd008a8bb8a1f479af6d4955b7d/execute/sync - {"script":"<script> [56 bytes]","args":[{"element-6066-11e4-a52e-4f735466cecf":"f.71C3769F7ED8E40170006504CCA8900A.d.246DBDC53B01818B8AFDCC626BAE4DB4.e.6809","ELEMENT":"f.71C3769F7ED8E40170006504CCA8900A.d.246DBDC53B01818B8AFDCC626BAE4DB4.e.6809"}]}
RESULT: {"script":"<script> [56 bytes]","args":[{"element-6066-11e4-a52e-4f735466cecf":"f.71C3769F7ED8E40170006504CCA8900A.d.246DBDC53B01818B8AFDCC626BAE4DB4.e.6809","ELEMENT":"f.71C3769F7ED8E40170006504CCA8900A.d.246DBDC53B01818B8AFDCC626BAE4DB4.e.6809"}]}
COMMAND: GET /session/bb295fd008a8bb8a1f479af6d4955b7d/element/f.71C3769F7ED8E40170006504CCA8900A.d.246DBDC53B01818B8AFDCC626BAE4DB4.e.6808/attribute/aria-checked - {}
COMMAND: GET /session/bb295fd008a8bb8a1f479af6d4955b7d/screenshot - {}
RESULT: {}
COMMAND: POST /session/bb295fd008a8bb8a1f479af6d4955b7d/element - {"using":"xpath","value":"//table[contains(@id, \"listView-innerSelectionPanelTable-listUl\")]/tbody/tr[11]/td[2]/div/div"}
RESULT: {}
RESULT: {"using":"xpath","value":"//table[contains(@id, \"listView-innerSelectionPanelTable-listUl\")]/tbody/tr[11]/td[2]/div/div"}
COMMAND: POST /session/bb295fd008a8bb8a1f479af6d4955b7d/element - {"using":"xpath","value":"//table[contains(@id, \"listView-innerSelectionPanelTable-listUl\")]/tbody/tr[11]/td[2]/div"}
RESULT: {"using":"xpath","value":"//table[contains(@id, \"listView-innerSelectionPanelTable-listUl\")]/tbody/tr[11]/td[2]/div"}
COMMAND: POST /session/bb295fd008a8bb8a1f479af6d4955b7d/element - {"using":"xpath","value":"//table[contains(@id, \"listView-innerSelectionPanelTable-listUl\")]/tbody/tr[11]/td[3]/div/div/span/span[1]/bdi"}
RESULT: {"using":"xpath","value":"//table[contains(@id, \"listView-innerSelectionPanelTable-listUl\")]/tbody/tr[11]/td[3]/div/div/span/span[1]/bdi"}
COMMAND: POST /session/bb295fd008a8bb8a1f479af6d4955b7d/execute/sync - {"script":"<script> [56 bytes]","args":[{"element-6066-11e4-a52e-4f735466cecf":"f.71C3769F7ED8E40170006504CCA8900A.d.246DBDC53B01818B8AFDCC626BAE4DB4.e.6812","ELEMENT":"f.71C3769F7ED8E40170006504CCA8900A.d.246DBDC53B01818B8AFDCC626BAE4DB4.e.6812"}]}
RESULT: {"script":"<script> [56 bytes]","args":[{"element-6066-11e4-a52e-4f735466cecf":"f.71C3769F7ED8E40170006504CCA8900A.d.246DBDC53B01818B8AFDCC626BAE4DB4.e.6812","ELEMENT":"f.71C3769F7ED8E40170006504CCA8900A.d.246DBDC53B01818B8AFDCC626BAE4DB4.e.6812"}]}
COMMAND: GET /session/bb295fd008a8bb8a1f479af6d4955b7d/element/f.71C3769F7ED8E40170006504CCA8900A.d.246DBDC53B01818B8AFDCC626BAE4DB4.e.6811/attribute/aria-checked - {}
COMMAND: GET /session/bb295fd008a8bb8a1f479af6d4955b7d/screenshot - {}
RESULT: {}
COMMAND: POST /session/bb295fd008a8bb8a1f479af6d4955b7d/element - {"using":"xpath","value":"//table[contains(@id, \"listView-innerSelectionPanelTable-listUl\")]/tbody/tr[12]/td[2]/div/div"}
RESULT: {}
RESULT: {"using":"xpath","value":"//table[contains(@id, \"listView-innerSelectionPanelTable-listUl\")]/tbody/tr[12]/td[2]/div/div"}
COMMAND: POST /session/bb295fd008a8bb8a1f479af6d4955b7d/element - {"using":"xpath","value":"//table[contains(@id, \"listView-innerSelectionPanelTable-listUl\")]/tbody/tr[12]/td[2]/div"}
RESULT: {"using":"xpath","value":"//table[contains(@id, \"listView-innerSelectionPanelTable-listUl\")]/tbody/tr[12]/td[2]/div"}
COMMAND: POST /session/bb295fd008a8bb8a1f479af6d4955b7d/element - {"using":"xpath","value":"//table[contains(@id, \"listView-innerSelectionPanelTable-listUl\")]/tbody/tr[12]/td[3]/div/div/span/span[1]/bdi"}
RESULT: {"using":"xpath","value":"//table[contains(@id, \"listView-innerSelectionPanelTable-listUl\")]/tbody/tr[12]/td[3]/div/div/span/span[1]/bdi"}
COMMAND: POST /session/bb295fd008a8bb8a1f479af6d4955b7d/execute/sync - {"script":"<script> [56 bytes]","args":[{"element-6066-11e4-a52e-4f735466cecf":"f.71C3769F7ED8E40170006504CCA8900A.d.246DBDC53B01818B8AFDCC626BAE4DB4.e.6815","ELEMENT":"f.71C3769F7ED8E40170006504CCA8900A.d.246DBDC53B01818B8AFDCC626BAE4DB4.e.6815"}]}
RESULT: {"script":"<script> [56 bytes]","args":[{"element-6066-11e4-a52e-4f735466cecf":"f.71C3769F7ED8E40170006504CCA8900A.d.246DBDC53B01818B8AFDCC626BAE4DB4.e.6815","ELEMENT":"f.71C3769F7ED8E40170006504CCA8900A.d.246DBDC53B01818B8AFDCC626BAE4DB4.e.6815"}]}
COMMAND: GET /session/bb295fd008a8bb8a1f479af6d4955b7d/element/f.71C3769F7ED8E40170006504CCA8900A.d.246DBDC53B01818B8AFDCC626BAE4DB4.e.6814/attribute/aria-checked - {}
COMMAND: GET /session/bb295fd008a8bb8a1f479af6d4955b7d/screenshot - {}
RESULT: {}
COMMAND: POST /session/bb295fd008a8bb8a1f479af6d4955b7d/element - {"using":"xpath","value":"//table[contains(@id, \"listView-innerSelectionPanelTable-listUl\")]/tbody/tr[13]/td[2]/div/div"}
RESULT: {}
RESULT: {"using":"xpath","value":"//table[contains(@id, \"listView-innerSelectionPanelTable-listUl\")]/tbody/tr[13]/td[2]/div/div"}
COMMAND: POST /session/bb295fd008a8bb8a1f479af6d4955b7d/element - {"using":"xpath","value":"//table[contains(@id, \"listView-innerSelectionPanelTable-listUl\")]/tbody/tr[13]/td[2]/div"}
RESULT: {"using":"xpath","value":"//table[contains(@id, \"listView-innerSelectionPanelTable-listUl\")]/tbody/tr[13]/td[2]/div"}
COMMAND: POST /session/bb295fd008a8bb8a1f479af6d4955b7d/element - {"using":"xpath","value":"//table[contains(@id, \"listView-innerSelectionPanelTable-listUl\")]/tbody/tr[13]/td[3]/div/div/span/span[1]/bdi"}
RESULT: {"using":"xpath","value":"//table[contains(@id, \"listView-innerSelectionPanelTable-listUl\")]/tbody/tr[13]/td[3]/div/div/span/span[1]/bdi"}
COMMAND: POST /session/bb295fd008a8bb8a1f479af6d4955b7d/execute/sync - {"script":"<script> [56 bytes]","args":[{"element-6066-11e4-a52e-4f735466cecf":"f.71C3769F7ED8E40170006504CCA8900A.d.246DBDC53B01818B8AFDCC626BAE4DB4.e.6818","ELEMENT":"f.71C3769F7ED8E40170006504CCA8900A.d.246DBDC53B01818B8AFDCC626BAE4DB4.e.6818"}]}
RESULT: {"script":"<script> [56 bytes]","args":[{"element-6066-11e4-a52e-4f735466cecf":"f.71C3769F7ED8E40170006504CCA8900A.d.246DBDC53B01818B8AFDCC626BAE4DB4.e.6818","ELEMENT":"f.71C3769F7ED8E40170006504CCA8900A.d.246DBDC53B01818B8AFDCC626BAE4DB4.e.6818"}]}
COMMAND: GET /session/bb295fd008a8bb8a1f479af6d4955b7d/element/f.71C3769F7ED8E40170006504CCA8900A.d.246DBDC53B01818B8AFDCC626BAE4DB4.e.6817/attribute/aria-checked - {}
COMMAND: GET /session/bb295fd008a8bb8a1f479af6d4955b7d/screenshot - {}
RESULT: {}
COMMAND: POST /session/bb295fd008a8bb8a1f479af6d4955b7d/element - {"using":"xpath","value":"//table[contains(@id, \"listView-innerSelectionPanelTable-listUl\")]/tbody/tr[14]/td[2]/div/div"}
COMMAND: POST /session/bb295fd008a8bb8a1f479af6d4955b7d/element/f.71C3769F7ED8E40170006504CCA8900A.d.246DBDC53B01818B8AFDCC626BAE4DB4.e.6816/click - {}
RESULT: {}
RESULT: {}
COMMAND: GET /session/bb295fd008a8bb8a1f479af6d4955b7d/screenshot - {}
RESULT: {"using":"xpath","value":"//table[contains(@id, \"listView-innerSelectionPanelTable-listUl\")]/tbody/tr[14]/td[2]/div/div"}
COMMAND: POST /session/bb295fd008a8bb8a1f479af6d4955b7d/element - {"using":"xpath","value":"//table[contains(@id, \"listView-innerSelectionPanelTable-listUl\")]/tbody/tr[14]/td[2]/div"}
RESULT: {}
RESULT: {"using":"xpath","value":"//table[contains(@id, \"listView-innerSelectionPanelTable-listUl\")]/tbody/tr[14]/td[2]/div"}
COMMAND: POST /session/bb295fd008a8bb8a1f479af6d4955b7d/element - {"using":"xpath","value":"//table[contains(@id, \"listView-innerSelectionPanelTable-listUl\")]/tbody/tr[14]/td[3]/div/div/span/span[1]/bdi"}
RESULT: {"using":"xpath","value":"//table[contains(@id, \"listView-innerSelectionPanelTable-listUl\")]/tbody/tr[14]/td[3]/div/div/span/span[1]/bdi"}
COMMAND: POST /session/bb295fd008a8bb8a1f479af6d4955b7d/execute/sync - {"script":"<script> [56 bytes]","args":[{"element-6066-11e4-a52e-4f735466cecf":"f.71C3769F7ED8E40170006504CCA8900A.d.246DBDC53B01818B8AFDCC626BAE4DB4.e.6822","ELEMENT":"f.71C3769F7ED8E40170006504CCA8900A.d.246DBDC53B01818B8AFDCC626BAE4DB4.e.6822"}]}
RESULT: {"script":"<script> [56 bytes]","args":[{"element-6066-11e4-a52e-4f735466cecf":"f.71C3769F7ED8E40170006504CCA8900A.d.246DBDC53B01818B8AFDCC626BAE4DB4.e.6822","ELEMENT":"f.71C3769F7ED8E40170006504CCA8900A.d.246DBDC53B01818B8AFDCC626BAE4DB4.e.6822"}]}
COMMAND: GET /session/bb295fd008a8bb8a1f479af6d4955b7d/element/f.71C3769F7ED8E40170006504CCA8900A.d.246DBDC53B01818B8AFDCC626BAE4DB4.e.6821/attribute/aria-checked - {}
COMMAND: GET /session/bb295fd008a8bb8a1f479af6d4955b7d/screenshot - {}
RESULT: {}
COMMAND: POST /session/bb295fd008a8bb8a1f479af6d4955b7d/element - {"using":"xpath","value":"//table[contains(@id, \"listView-innerSelectionPanelTable-listUl\")]/tbody/tr[15]/td[2]/div/div"}
RESULT: {}
RESULT: {"using":"xpath","value":"//table[contains(@id, \"listView-innerSelectionPanelTable-listUl\")]/tbody/tr[15]/td[2]/div/div"}
COMMAND: POST /session/bb295fd008a8bb8a1f479af6d4955b7d/element - {"using":"xpath","value":"//table[contains(@id, \"listView-innerSelectionPanelTable-listUl\")]/tbody/tr[15]/td[2]/div"}
RESULT: {"using":"xpath","value":"//table[contains(@id, \"listView-innerSelectionPanelTable-listUl\")]/tbody/tr[15]/td[2]/div"}
COMMAND: POST /session/bb295fd008a8bb8a1f479af6d4955b7d/element - {"using":"xpath","value":"//table[contains(@id, \"listView-innerSelectionPanelTable-listUl\")]/tbody/tr[15]/td[3]/div/div/span/span[1]/bdi"}
RESULT: {"using":"xpath","value":"//table[contains(@id, \"listView-innerSelectionPanelTable-listUl\")]/tbody/tr[15]/td[3]/div/div/span/span[1]/bdi"}
COMMAND: POST /session/bb295fd008a8bb8a1f479af6d4955b7d/execute/sync - {"script":"<script> [56 bytes]","args":[{"element-6066-11e4-a52e-4f735466cecf":"f.71C3769F7ED8E40170006504CCA8900A.d.246DBDC53B01818B8AFDCC626BAE4DB4.e.6825","ELEMENT":"f.71C3769F7ED8E40170006504CCA8900A.d.246DBDC53B01818B8AFDCC626BAE4DB4.e.6825"}]}
RESULT: {"script":"<script> [56 bytes]","args":[{"element-6066-11e4-a52e-4f735466cecf":"f.71C3769F7ED8E40170006504CCA8900A.d.246DBDC53B01818B8AFDCC626BAE4DB4.e.6825","ELEMENT":"f.71C3769F7ED8E40170006504CCA8900A.d.246DBDC53B01818B8AFDCC626BAE4DB4.e.6825"}]}
COMMAND: GET /session/bb295fd008a8bb8a1f479af6d4955b7d/element/f.71C3769F7ED8E40170006504CCA8900A.d.246DBDC53B01818B8AFDCC626BAE4DB4.e.6824/attribute/aria-checked - {}
COMMAND: GET /session/bb295fd008a8bb8a1f479af6d4955b7d/screenshot - {}
RESULT: {}
COMMAND: POST /session/bb295fd008a8bb8a1f479af6d4955b7d/element - {"using":"xpath","value":"//table[contains(@id, \"listView-innerSelectionPanelTable-listUl\")]/tbody/tr[16]/td[2]/div/div"}
RESULT: {}
RESULT: {"using":"xpath","value":"//table[contains(@id, \"listView-innerSelectionPanelTable-listUl\")]/tbody/tr[16]/td[2]/div/div"}
COMMAND: POST /session/bb295fd008a8bb8a1f479af6d4955b7d/element - {"using":"xpath","value":"//table[contains(@id, \"listView-innerSelectionPanelTable-listUl\")]/tbody/tr[16]/td[2]/div"}
RESULT: {"using":"xpath","value":"//table[contains(@id, \"listView-innerSelectionPanelTable-listUl\")]/tbody/tr[16]/td[2]/div"}
COMMAND: POST /session/bb295fd008a8bb8a1f479af6d4955b7d/element - {"using":"xpath","value":"//table[contains(@id, \"listView-innerSelectionPanelTable-listUl\")]/tbody/tr[16]/td[3]/div/div/span/span[1]/bdi"}
RESULT: {"using":"xpath","value":"//table[contains(@id, \"listView-innerSelectionPanelTable-listUl\")]/tbody/tr[16]/td[3]/div/div/span/span[1]/bdi"}
COMMAND: POST /session/bb295fd008a8bb8a1f479af6d4955b7d/execute/sync - {"script":"<script> [56 bytes]","args":[{"element-6066-11e4-a52e-4f735466cecf":"f.71C3769F7ED8E40170006504CCA8900A.d.246DBDC53B01818B8AFDCC626BAE4DB4.e.6828","ELEMENT":"f.71C3769F7ED8E40170006504CCA8900A.d.246DBDC53B01818B8AFDCC626BAE4DB4.e.6828"}]}
RESULT: {"script":"<script> [56 bytes]","args":[{"element-6066-11e4-a52e-4f735466cecf":"f.71C3769F7ED8E40170006504CCA8900A.d.246DBDC53B01818B8AFDCC626BAE4DB4.e.6828","ELEMENT":"f.71C3769F7ED8E40170006504CCA8900A.d.246DBDC53B01818B8AFDCC626BAE4DB4.e.6828"}]}
COMMAND: GET /session/bb295fd008a8bb8a1f479af6d4955b7d/element/f.71C3769F7ED8E40170006504CCA8900A.d.246DBDC53B01818B8AFDCC626BAE4DB4.e.6827/attribute/aria-checked - {}
COMMAND: GET /session/bb295fd008a8bb8a1f479af6d4955b7d/screenshot - {}
RESULT: {}
COMMAND: POST /session/bb295fd008a8bb8a1f479af6d4955b7d/element - {"using":"xpath","value":"//table[contains(@id, \"listView-innerSelectionPanelTable-listUl\")]/tbody/tr[17]/td[2]/div/div"}
RESULT: {}
RESULT: {"using":"xpath","value":"//table[contains(@id, \"listView-innerSelectionPanelTable-listUl\")]/tbody/tr[17]/td[2]/div/div"}
COMMAND: POST /session/bb295fd008a8bb8a1f479af6d4955b7d/element - {"using":"xpath","value":"//table[contains(@id, \"listView-innerSelectionPanelTable-listUl\")]/tbody/tr[17]/td[2]/div"}
RESULT: {"using":"xpath","value":"//table[contains(@id, \"listView-innerSelectionPanelTable-listUl\")]/tbody/tr[17]/td[2]/div"}
COMMAND: POST /session/bb295fd008a8bb8a1f479af6d4955b7d/element - {"using":"xpath","value":"//table[contains(@id, \"listView-innerSelectionPanelTable-listUl\")]/tbody/tr[17]/td[3]/div/div/span/span[1]/bdi"}
RESULT: {"using":"xpath","value":"//table[contains(@id, \"listView-innerSelectionPanelTable-listUl\")]/tbody/tr[17]/td[3]/div/div/span/span[1]/bdi"}
COMMAND: POST /session/bb295fd008a8bb8a1f479af6d4955b7d/execute/sync - {"script":"<script> [56 bytes]","args":[{"element-6066-11e4-a52e-4f735466cecf":"f.71C3769F7ED8E40170006504CCA8900A.d.246DBDC53B01818B8AFDCC626BAE4DB4.e.6831","ELEMENT":"f.71C3769F7ED8E40170006504CCA8900A.d.246DBDC53B01818B8AFDCC626BAE4DB4.e.6831"}]}
RESULT: {"script":"<script> [56 bytes]","args":[{"element-6066-11e4-a52e-4f735466cecf":"f.71C3769F7ED8E40170006504CCA8900A.d.246DBDC53B01818B8AFDCC626BAE4DB4.e.6831","ELEMENT":"f.71C3769F7ED8E40170006504CCA8900A.d.246DBDC53B01818B8AFDCC626BAE4DB4.e.6831"}]}
COMMAND: GET /session/bb295fd008a8bb8a1f479af6d4955b7d/element/f.71C3769F7ED8E40170006504CCA8900A.d.246DBDC53B01818B8AFDCC626BAE4DB4.e.6830/attribute/aria-checked - {}
COMMAND: GET /session/bb295fd008a8bb8a1f479af6d4955b7d/screenshot - {}
RESULT: {}
COMMAND: POST /session/bb295fd008a8bb8a1f479af6d4955b7d/element - {"using":"xpath","value":"//table[contains(@id, \"listView-innerSelectionPanelTable-listUl\")]/tbody/tr[18]/td[2]/div/div"}
RESULT: {}
RESULT: {"using":"xpath","value":"//table[contains(@id, \"listView-innerSelectionPanelTable-listUl\")]/tbody/tr[18]/td[2]/div/div"}
COMMAND: POST /session/bb295fd008a8bb8a1f479af6d4955b7d/element - {"using":"xpath","value":"//table[contains(@id, \"listView-innerSelectionPanelTable-listUl\")]/tbody/tr[18]/td[2]/div"}
RESULT: {"using":"xpath","value":"//table[contains(@id, \"listView-innerSelectionPanelTable-listUl\")]/tbody/tr[18]/td[2]/div"}
COMMAND: POST /session/bb295fd008a8bb8a1f479af6d4955b7d/element - {"using":"xpath","value":"//table[contains(@id, \"listView-innerSelectionPanelTable-listUl\")]/tbody/tr[18]/td[3]/div/div/span/span[1]/bdi"}
RESULT: {"using":"xpath","value":"//table[contains(@id, \"listView-innerSelectionPanelTable-listUl\")]/tbody/tr[18]/td[3]/div/div/span/span[1]/bdi"}
COMMAND: POST /session/bb295fd008a8bb8a1f479af6d4955b7d/execute/sync - {"script":"<script> [56 bytes]","args":[{"element-6066-11e4-a52e-4f735466cecf":"f.71C3769F7ED8E40170006504CCA8900A.d.246DBDC53B01818B8AFDCC626BAE4DB4.e.6834","ELEMENT":"f.71C3769F7ED8E40170006504CCA8900A.d.246DBDC53B01818B8AFDCC626BAE4DB4.e.6834"}]}
RESULT: {"script":"<script> [56 bytes]","args":[{"element-6066-11e4-a52e-4f735466cecf":"f.71C3769F7ED8E40170006504CCA8900A.d.246DBDC53B01818B8AFDCC626BAE4DB4.e.6834","ELEMENT":"f.71C3769F7ED8E40170006504CCA8900A.d.246DBDC53B01818B8AFDCC626BAE4DB4.e.6834"}]}
COMMAND: GET /session/bb295fd008a8bb8a1f479af6d4955b7d/element/f.71C3769F7ED8E40170006504CCA8900A.d.246DBDC53B01818B8AFDCC626BAE4DB4.e.6833/attribute/aria-checked - {}
COMMAND: GET /session/bb295fd008a8bb8a1f479af6d4955b7d/screenshot - {}
RESULT: {}
COMMAND: POST /session/bb295fd008a8bb8a1f479af6d4955b7d/element - {"using":"xpath","value":"//table[contains(@id, \"listView-innerSelectionPanelTable-listUl\")]/tbody/tr[19]/td[2]/div/div"}
RESULT: {}
RESULT: {"using":"xpath","value":"//table[contains(@id, \"listView-innerSelectionPanelTable-listUl\")]/tbody/tr[19]/td[2]/div/div"}
COMMAND: POST /session/bb295fd008a8bb8a1f479af6d4955b7d/element - {"using":"xpath","value":"//table[contains(@id, \"listView-innerSelectionPanelTable-listUl\")]/tbody/tr[19]/td[2]/div"}
RESULT: {"using":"xpath","value":"//table[contains(@id, \"listView-innerSelectionPanelTable-listUl\")]/tbody/tr[19]/td[2]/div"}
COMMAND: POST /session/bb295fd008a8bb8a1f479af6d4955b7d/element - {"using":"xpath","value":"//table[contains(@id, \"listView-innerSelectionPanelTable-listUl\")]/tbody/tr[19]/td[3]/div/div/span/span[1]/bdi"}
RESULT: {"using":"xpath","value":"//table[contains(@id, \"listView-innerSelectionPanelTable-listUl\")]/tbody/tr[19]/td[3]/div/div/span/span[1]/bdi"}
COMMAND: POST /session/bb295fd008a8bb8a1f479af6d4955b7d/execute/sync - {"script":"<script> [56 bytes]","args":[{"element-6066-11e4-a52e-4f735466cecf":"f.71C3769F7ED8E40170006504CCA8900A.d.246DBDC53B01818B8AFDCC626BAE4DB4.e.6837","ELEMENT":"f.71C3769F7ED8E40170006504CCA8900A.d.246DBDC53B01818B8AFDCC626BAE4DB4.e.6837"}]}
RESULT: {"script":"<script> [56 bytes]","args":[{"element-6066-11e4-a52e-4f735466cecf":"f.71C3769F7ED8E40170006504CCA8900A.d.246DBDC53B01818B8AFDCC626BAE4DB4.e.6837","ELEMENT":"f.71C3769F7ED8E40170006504CCA8900A.d.246DBDC53B01818B8AFDCC626BAE4DB4.e.6837"}]}
COMMAND: GET /session/bb295fd008a8bb8a1f479af6d4955b7d/element/f.71C3769F7ED8E40170006504CCA8900A.d.246DBDC53B01818B8AFDCC626BAE4DB4.e.6836/attribute/aria-checked - {}
COMMAND: GET /session/bb295fd008a8bb8a1f479af6d4955b7d/screenshot - {}
RESULT: {}
COMMAND: POST /session/bb295fd008a8bb8a1f479af6d4955b7d/element - {"using":"xpath","value":"//table[contains(@id, \"listView-innerSelectionPanelTable-listUl\")]/tbody/tr[20]/td[2]/div/div"}
RESULT: {}
RESULT: {"using":"xpath","value":"//table[contains(@id, \"listView-innerSelectionPanelTable-listUl\")]/tbody/tr[20]/td[2]/div/div"}
COMMAND: POST /session/bb295fd008a8bb8a1f479af6d4955b7d/element - {"using":"xpath","value":"//table[contains(@id, \"listView-innerSelectionPanelTable-listUl\")]/tbody/tr[20]/td[2]/div"}
RESULT: {"using":"xpath","value":"//table[contains(@id, \"listView-innerSelectionPanelTable-listUl\")]/tbody/tr[20]/td[2]/div"}
COMMAND: POST /session/bb295fd008a8bb8a1f479af6d4955b7d/element - {"using":"xpath","value":"//table[contains(@id, \"listView-innerSelectionPanelTable-listUl\")]/tbody/tr[20]/td[3]/div/div/span/span[1]/bdi"}
RESULT: {"using":"xpath","value":"//table[contains(@id, \"listView-innerSelectionPanelTable-listUl\")]/tbody/tr[20]/td[3]/div/div/span/span[1]/bdi"}
COMMAND: POST /session/bb295fd008a8bb8a1f479af6d4955b7d/execute/sync - {"script":"<script> [56 bytes]","args":[{"element-6066-11e4-a52e-4f735466cecf":"f.71C3769F7ED8E40170006504CCA8900A.d.246DBDC53B01818B8AFDCC626BAE4DB4.e.6840","ELEMENT":"f.71C3769F7ED8E40170006504CCA8900A.d.246DBDC53B01818B8AFDCC626BAE4DB4.e.6840"}]}
RESULT: {"script":"<script> [56 bytes]","args":[{"element-6066-11e4-a52e-4f735466cecf":"f.71C3769F7ED8E40170006504CCA8900A.d.246DBDC53B01818B8AFDCC626BAE4DB4.e.6840","ELEMENT":"f.71C3769F7ED8E40170006504CCA8900A.d.246DBDC53B01818B8AFDCC626BAE4DB4.e.6840"}]}
COMMAND: GET /session/bb295fd008a8bb8a1f479af6d4955b7d/element/f.71C3769F7ED8E40170006504CCA8900A.d.246DBDC53B01818B8AFDCC626BAE4DB4.e.6839/attribute/aria-checked - {}
COMMAND: GET /session/bb295fd008a8bb8a1f479af6d4955b7d/screenshot - {}
RESULT: {}
COMMAND: POST /session/bb295fd008a8bb8a1f479af6d4955b7d/element - {"using":"xpath","value":"//table[contains(@id, \"listView-innerSelectionPanelTable-listUl\")]/tbody/tr[21]/td[2]/div/div"}
RESULT: {}
RESULT: {"using":"xpath","value":"//table[contains(@id, \"listView-innerSelectionPanelTable-listUl\")]/tbody/tr[21]/td[2]/div/div"}
COMMAND: POST /session/bb295fd008a8bb8a1f479af6d4955b7d/element - {"using":"xpath","value":"//table[contains(@id, \"listView-innerSelectionPanelTable-listUl\")]/tbody/tr[21]/td[2]/div"}
RESULT: {"using":"xpath","value":"//table[contains(@id, \"listView-innerSelectionPanelTable-listUl\")]/tbody/tr[21]/td[2]/div"}
COMMAND: POST /session/bb295fd008a8bb8a1f479af6d4955b7d/element - {"using":"xpath","value":"//table[contains(@id, \"listView-innerSelectionPanelTable-listUl\")]/tbody/tr[21]/td[3]/div/div/span/span[1]/bdi"}
RESULT: {"using":"xpath","value":"//table[contains(@id, \"listView-innerSelectionPanelTable-listUl\")]/tbody/tr[21]/td[3]/div/div/span/span[1]/bdi"}
COMMAND: POST /session/bb295fd008a8bb8a1f479af6d4955b7d/execute/sync - {"script":"<script> [56 bytes]","args":[{"element-6066-11e4-a52e-4f735466cecf":"f.71C3769F7ED8E40170006504CCA8900A.d.246DBDC53B01818B8AFDCC626BAE4DB4.e.6843","ELEMENT":"f.71C3769F7ED8E40170006504CCA8900A.d.246DBDC53B01818B8AFDCC626BAE4DB4.e.6843"}]}
RESULT: {"script":"<script> [56 bytes]","args":[{"element-6066-11e4-a52e-4f735466cecf":"f.71C3769F7ED8E40170006504CCA8900A.d.246DBDC53B01818B8AFDCC626BAE4DB4.e.6843","ELEMENT":"f.71C3769F7ED8E40170006504CCA8900A.d.246DBDC53B01818B8AFDCC626BAE4DB4.e.6843"}]}
COMMAND: GET /session/bb295fd008a8bb8a1f479af6d4955b7d/element/f.71C3769F7ED8E40170006504CCA8900A.d.246DBDC53B01818B8AFDCC626BAE4DB4.e.6842/attribute/aria-checked - {}
COMMAND: GET /session/bb295fd008a8bb8a1f479af6d4955b7d/screenshot - {}
RESULT: {}
COMMAND: POST /session/bb295fd008a8bb8a1f479af6d4955b7d/element - {"using":"xpath","value":"//table[contains(@id, \"listView-innerSelectionPanelTable-listUl\")]/tbody/tr[22]/td[2]/div/div"}
RESULT: {}
RESULT: {"using":"xpath","value":"//table[contains(@id, \"listView-innerSelectionPanelTable-listUl\")]/tbody/tr[22]/td[2]/div/div"}
COMMAND: POST /session/bb295fd008a8bb8a1f479af6d4955b7d/element - {"using":"xpath","value":"//table[contains(@id, \"listView-innerSelectionPanelTable-listUl\")]/tbody/tr[22]/td[2]/div"}
RESULT: {"using":"xpath","value":"//table[contains(@id, \"listView-innerSelectionPanelTable-listUl\")]/tbody/tr[22]/td[2]/div"}
COMMAND: POST /session/bb295fd008a8bb8a1f479af6d4955b7d/element - {"using":"xpath","value":"//table[contains(@id, \"listView-innerSelectionPanelTable-listUl\")]/tbody/tr[22]/td[3]/div/div/span/span[1]/bdi"}
RESULT: {"using":"xpath","value":"//table[contains(@id, \"listView-innerSelectionPanelTable-listUl\")]/tbody/tr[22]/td[3]/div/div/span/span[1]/bdi"}
COMMAND: POST /session/bb295fd008a8bb8a1f479af6d4955b7d/execute/sync - {"script":"<script> [56 bytes]","args":[{"element-6066-11e4-a52e-4f735466cecf":"f.71C3769F7ED8E40170006504CCA8900A.d.246DBDC53B01818B8AFDCC626BAE4DB4.e.6846","ELEMENT":"f.71C3769F7ED8E40170006504CCA8900A.d.246DBDC53B01818B8AFDCC626BAE4DB4.e.6846"}]}
RESULT: {"script":"<script> [56 bytes]","args":[{"element-6066-11e4-a52e-4f735466cecf":"f.71C3769F7ED8E40170006504CCA8900A.d.246DBDC53B01818B8AFDCC626BAE4DB4.e.6846","ELEMENT":"f.71C3769F7ED8E40170006504CCA8900A.d.246DBDC53B01818B8AFDCC626BAE4DB4.e.6846"}]}
COMMAND: GET /session/bb295fd008a8bb8a1f479af6d4955b7d/element/f.71C3769F7ED8E40170006504CCA8900A.d.246DBDC53B01818B8AFDCC626BAE4DB4.e.6845/attribute/aria-checked - {}
COMMAND: GET /session/bb295fd008a8bb8a1f479af6d4955b7d/screenshot - {}
RESULT: {}
COMMAND: POST /session/bb295fd008a8bb8a1f479af6d4955b7d/element - {"using":"xpath","value":"//table[contains(@id, \"listView-innerSelectionPanelTable-listUl\")]/tbody/tr[23]/td[2]/div/div"}
RESULT: {}
RESULT: {"using":"xpath","value":"//table[contains(@id, \"listView-innerSelectionPanelTable-listUl\")]/tbody/tr[23]/td[2]/div/div"}
COMMAND: POST /session/bb295fd008a8bb8a1f479af6d4955b7d/element - {"using":"xpath","value":"//table[contains(@id, \"listView-innerSelectionPanelTable-listUl\")]/tbody/tr[23]/td[2]/div"}
RESULT: {"using":"xpath","value":"//table[contains(@id, \"listView-innerSelectionPanelTable-listUl\")]/tbody/tr[23]/td[2]/div"}
COMMAND: POST /session/bb295fd008a8bb8a1f479af6d4955b7d/element - {"using":"xpath","value":"//table[contains(@id, \"listView-innerSelectionPanelTable-listUl\")]/tbody/tr[23]/td[3]/div/div/span/span[1]/bdi"}
RESULT: {"using":"xpath","value":"//table[contains(@id, \"listView-innerSelectionPanelTable-listUl\")]/tbody/tr[23]/td[3]/div/div/span/span[1]/bdi"}
COMMAND: POST /session/bb295fd008a8bb8a1f479af6d4955b7d/execute/sync - {"script":"<script> [56 bytes]","args":[{"element-6066-11e4-a52e-4f735466cecf":"f.71C3769F7ED8E40170006504CCA8900A.d.246DBDC53B01818B8AFDCC626BAE4DB4.e.6849","ELEMENT":"f.71C3769F7ED8E40170006504CCA8900A.d.246DBDC53B01818B8AFDCC626BAE4DB4.e.6849"}]}
RESULT: {"script":"<script> [56 bytes]","args":[{"element-6066-11e4-a52e-4f735466cecf":"f.71C3769F7ED8E40170006504CCA8900A.d.246DBDC53B01818B8AFDCC626BAE4DB4.e.6849","ELEMENT":"f.71C3769F7ED8E40170006504CCA8900A.d.246DBDC53B01818B8AFDCC626BAE4DB4.e.6849"}]}
COMMAND: GET /session/bb295fd008a8bb8a1f479af6d4955b7d/element/f.71C3769F7ED8E40170006504CCA8900A.d.246DBDC53B01818B8AFDCC626BAE4DB4.e.6848/attribute/aria-checked - {}
COMMAND: GET /session/bb295fd008a8bb8a1f479af6d4955b7d/screenshot - {}
RESULT: {}
COMMAND: POST /session/bb295fd008a8bb8a1f479af6d4955b7d/element - {"using":"xpath","value":"//table[contains(@id, \"listView-innerSelectionPanelTable-listUl\")]/tbody/tr[24]/td[2]/div/div"}
RESULT: {}
RESULT: {"using":"xpath","value":"//table[contains(@id, \"listView-innerSelectionPanelTable-listUl\")]/tbody/tr[24]/td[2]/div/div"}
COMMAND: POST /session/bb295fd008a8bb8a1f479af6d4955b7d/element - {"using":"xpath","value":"//table[contains(@id, \"listView-innerSelectionPanelTable-listUl\")]/tbody/tr[24]/td[2]/div"}
RESULT: {"using":"xpath","value":"//table[contains(@id, \"listView-innerSelectionPanelTable-listUl\")]/tbody/tr[24]/td[2]/div"}
COMMAND: POST /session/bb295fd008a8bb8a1f479af6d4955b7d/element - {"using":"xpath","value":"//table[contains(@id, \"listView-innerSelectionPanelTable-listUl\")]/tbody/tr[24]/td[3]/div/div/span/span[1]/bdi"}
RESULT: {"using":"xpath","value":"//table[contains(@id, \"listView-innerSelectionPanelTable-listUl\")]/tbody/tr[24]/td[3]/div/div/span/span[1]/bdi"}
COMMAND: POST /session/bb295fd008a8bb8a1f479af6d4955b7d/execute/sync - {"script":"<script> [56 bytes]","args":[{"element-6066-11e4-a52e-4f735466cecf":"f.71C3769F7ED8E40170006504CCA8900A.d.246DBDC53B01818B8AFDCC626BAE4DB4.e.6852","ELEMENT":"f.71C3769F7ED8E40170006504CCA8900A.d.246DBDC53B01818B8AFDCC626BAE4DB4.e.6852"}]}
RESULT: {"script":"<script> [56 bytes]","args":[{"element-6066-11e4-a52e-4f735466cecf":"f.71C3769F7ED8E40170006504CCA8900A.d.246DBDC53B01818B8AFDCC626BAE4DB4.e.6852","ELEMENT":"f.71C3769F7ED8E40170006504CCA8900A.d.246DBDC53B01818B8AFDCC626BAE4DB4.e.6852"}]}
COMMAND: GET /session/bb295fd008a8bb8a1f479af6d4955b7d/element/f.71C3769F7ED8E40170006504CCA8900A.d.246DBDC53B01818B8AFDCC626BAE4DB4.e.6851/attribute/aria-checked - {}
COMMAND: GET /session/bb295fd008a8bb8a1f479af6d4955b7d/screenshot - {}
RESULT: {}
COMMAND: POST /session/bb295fd008a8bb8a1f479af6d4955b7d/element - {"using":"xpath","value":"//table[contains(@id, \"listView-innerSelectionPanelTable-listUl\")]/tbody/tr[25]/td[2]/div/div"}
RESULT: {}
RESULT: {"using":"xpath","value":"//table[contains(@id, \"listView-innerSelectionPanelTable-listUl\")]/tbody/tr[25]/td[2]/div/div"}
COMMAND: POST /session/bb295fd008a8bb8a1f479af6d4955b7d/element - {"using":"xpath","value":"//table[contains(@id, \"listView-innerSelectionPanelTable-listUl\")]/tbody/tr[25]/td[2]/div"}
RESULT: {"using":"xpath","value":"//table[contains(@id, \"listView-innerSelectionPanelTable-listUl\")]/tbody/tr[25]/td[2]/div"}
COMMAND: POST /session/bb295fd008a8bb8a1f479af6d4955b7d/element - {"using":"xpath","value":"//table[contains(@id, \"listView-innerSelectionPanelTable-listUl\")]/tbody/tr[25]/td[3]/div/div/span/span[1]/bdi"}
RESULT: {"using":"xpath","value":"//table[contains(@id, \"listView-innerSelectionPanelTable-listUl\")]/tbody/tr[25]/td[3]/div/div/span/span[1]/bdi"}
COMMAND: POST /session/bb295fd008a8bb8a1f479af6d4955b7d/execute/sync - {"script":"<script> [56 bytes]","args":[{"element-6066-11e4-a52e-4f735466cecf":"f.71C3769F7ED8E40170006504CCA8900A.d.246DBDC53B01818B8AFDCC626BAE4DB4.e.6855","ELEMENT":"f.71C3769F7ED8E40170006504CCA8900A.d.246DBDC53B01818B8AFDCC626BAE4DB4.e.6855"}]}
RESULT: {"script":"<script> [56 bytes]","args":[{"element-6066-11e4-a52e-4f735466cecf":"f.71C3769F7ED8E40170006504CCA8900A.d.246DBDC53B01818B8AFDCC626BAE4DB4.e.6855","ELEMENT":"f.71C3769F7ED8E40170006504CCA8900A.d.246DBDC53B01818B8AFDCC626BAE4DB4.e.6855"}]}
COMMAND: GET /session/bb295fd008a8bb8a1f479af6d4955b7d/element/f.71C3769F7ED8E40170006504CCA8900A.d.246DBDC53B01818B8AFDCC626BAE4DB4.e.6854/attribute/aria-checked - {}
COMMAND: GET /session/bb295fd008a8bb8a1f479af6d4955b7d/screenshot - {}
RESULT: {}
COMMAND: POST /session/bb295fd008a8bb8a1f479af6d4955b7d/element - {"using":"xpath","value":"//bdi[contains(text(), \"OK\")]"}
RESULT: {}
RESULT: {"using":"xpath","value":"//bdi[contains(text(), \"OK\")]"}
COMMAND: POST /session/bb295fd008a8bb8a1f479af6d4955b7d/element/f.71C3769F7ED8E40170006504CCA8900A.d.246DBDC53B01818B8AFDCC626BAE4DB4.e.6856/click - {}
RESULT: {}
COMMAND: GET /session/bb295fd008a8bb8a1f479af6d4955b7d/screenshot - {}
RESULT: {}
COMMAND: POST /session/bb295fd008a8bb8a1f479af6d4955b7d/execute/async - {"script":"<script> [1562 bytes]","args":[{"selector":{"id":"application-managepartners-display-component---masterPtm--smartFilterBar-filterItemControlA_-LINK_TO_ADDRESSES_MAIN.CITY1-vhi"},"wdio_ui5_key":"applicationmanagepartners-display-component---masterPtm--smartFilterBar-filterItemControlA_-LINK_TO_ADDRESSES_MAIN.CITY1-vhi"}]}
RESULT: {"script":"<script> [1562 bytes]","args":[{"selector":{"id":"application-managepartners-display-component---masterPtm--smartFilterBar-filterItemControlA_-LINK_TO_ADDRESSES_MAIN.CITY1-vhi"},"wdio_ui5_key":"applicationmanagepartners-display-component---masterPtm--smartFilterBar-filterItemControlA_-LINK_TO_ADDRESSES_MAIN.CITY1-vhi"}]}
RESULT: undefined
COMMAND: POST /session/bb295fd008a8bb8a1f479af6d4955b7d/element - {"using":"xpath","value":"//*[@id=\"application-managepartners-display-component---masterPtm--smartFilterBar-filterItemControlA_-LINK_TO_ADDRESSES_MAIN.CITY1-vhi\"]"}
RESULT: {"using":"xpath","value":"//*[@id=\"application-managepartners-display-component---masterPtm--smartFilterBar-filterItemControlA_-LINK_TO_ADDRESSES_MAIN.CITY1-vhi\"]"}
COMMAND: POST /session/bb295fd008a8bb8a1f479af6d4955b7d/element/f.71C3769F7ED8E40170006504CCA8900A.d.246DBDC53B01818B8AFDCC626BAE4DB4.e.6870/click - {}
RESULT: {}
COMMAND: GET /session/bb295fd008a8bb8a1f479af6d4955b7d/screenshot - {}
RESULT: {}
COMMAND: POST /session/bb295fd008a8bb8a1f479af6d4955b7d/execute/async - {"script":"<script> [1562 bytes]","args":[{"selector":{"controlType":"sap.m.Input","viewName":"etm.portal.ui.managepartners.view.Master","viewId":"application-managepartners-display-component---masterPtm","properties":{"valueState":"None"},"searchOpenDialogs":true,"interaction":{"idSuffix":"inner"}},"wdio_ui5_key":"etmportal.ui.managepartners.view.Mastersap.m.Input{\"valueState\":\"None\"}"}]}
RESULT: {"script":"<script> [1562 bytes]","args":[{"selector":{"controlType":"sap.m.Input","viewName":"etm.portal.ui.managepartners.view.Master","viewId":"application-managepartners-display-component---masterPtm","properties":{"valueState":"None"},"searchOpenDialogs":true,"interaction":{"idSuffix":"inner"}},"wdio_ui5_key":"etmportal.ui.managepartners.view.Mastersap.m.Input{\"valueState\":\"None\"}"}]}
RESULT: undefined
COMMAND: POST /session/bb295fd008a8bb8a1f479af6d4955b7d/execute/async - {"script":"<script> [776 bytes]","args":[{"enterText":"Bangalore","selector":{"controlType":"sap.m.Input","viewName":"etm.portal.ui.managepartners.view.Master","viewId":"application-managepartners-display-component---masterPtm","properties":{"valueState":"None"},"searchOpenDialogs":true,"interaction":{"idSuffix":"inner"}},"clearTextFirst":true,"interactionType":"ENTER_TEXT"}]}
RESULT: {"script":"<script> [776 bytes]","args":[{"enterText":"Bangalore","selector":{"controlType":"sap.m.Input","viewName":"etm.portal.ui.managepartners.view.Master","viewId":"application-managepartners-display-component---masterPtm","properties":{"valueState":"None"},"searchOpenDialogs":true,"interaction":{"idSuffix":"inner"}},"clearTextFirst":true,"interactionType":"ENTER_TEXT"}]}
COMMAND: POST /session/bb295fd008a8bb8a1f479af6d4955b7d/actions - {"actions":[{"id":"action21","type":"key","parameters":{},"actions":[{"type":"keyDown","value":"î€‡"},{"type":"pause","duration":10},{"type":"keyUp","value":"î€‡"}]}]}
RESULT: {"actions":[{"id":"action21","type":"key","parameters":{},"actions":[{"type":"keyDown","value":"î€‡"},{"type":"pause","duration":10},{"type":"keyUp","value":"î€‡"}]}]}
COMMAND: GET /session/bb295fd008a8bb8a1f479af6d4955b7d/screenshot - {}
RESULT: {}
COMMAND: POST /session/bb295fd008a8bb8a1f479af6d4955b7d/element - {"using":"xpath","value":"(//bdi[contains(text(), \"OK\")])[1]"}
RESULT: {"using":"xpath","value":"(//bdi[contains(text(), \"OK\")])[1]"}
COMMAND: POST /session/bb295fd008a8bb8a1f479af6d4955b7d/element/f.71C3769F7ED8E40170006504CCA8900A.d.246DBDC53B01818B8AFDCC626BAE4DB4.e.6876/click - {}
RESULT: {}
COMMAND: GET /session/bb295fd008a8bb8a1f479af6d4955b7d/screenshot - {}
RESULT: {}
COMMAND: POST /session/bb295fd008a8bb8a1f479af6d4955b7d/element - {"using":"xpath","value":"//span[@id=\"application-managepartners-display-component---masterPtm--smartTable-header-inner\"]"}
RESULT: {"using":"xpath","value":"//span[@id=\"application-managepartners-display-component---masterPtm--smartTable-header-inner\"]"}
COMMAND: POST /session/bb295fd008a8bb8a1f479af6d4955b7d/elements - {"using":"xpath","value":"//span[@id=\"application-managepartners-display-component---masterPtm--smartTable-header-inner\"]"}
RESULT: {"using":"xpath","value":"//span[@id=\"application-managepartners-display-component---masterPtm--smartTable-header-inner\"]"}
COMMAND: POST /session/bb295fd008a8bb8a1f479af6d4955b7d/execute/sync - {"script":"<script> [56 bytes]","args":[{"element-6066-11e4-a52e-4f735466cecf":"f.71C3769F7ED8E40170006504CCA8900A.d.246DBDC53B01818B8AFDCC626BAE4DB4.e.6011","ELEMENT":"f.71C3769F7ED8E40170006504CCA8900A.d.246DBDC53B01818B8AFDCC626BAE4DB4.e.6011"}]}
RESULT: {"script":"<script> [56 bytes]","args":[{"element-6066-11e4-a52e-4f735466cecf":"f.71C3769F7ED8E40170006504CCA8900A.d.246DBDC53B01818B8AFDCC626BAE4DB4.e.6011","ELEMENT":"f.71C3769F7ED8E40170006504CCA8900A.d.246DBDC53B01818B8AFDCC626BAE4DB4.e.6011"}]}
COMMAND: POST /session/bb295fd008a8bb8a1f479af6d4955b7d/element - {"using":"xpath","value":"//span[contains(@title, \"Remove\")]"}
COMMAND: GET /session/bb295fd008a8bb8a1f479af6d4955b7d/screenshot - {}
RESULT: {"using":"xpath","value":"//span[contains(@title, \"Remove\")]"}
COMMAND: POST /session/bb295fd008a8bb8a1f479af6d4955b7d/element/f.71C3769F7ED8E40170006504CCA8900A.d.246DBDC53B01818B8AFDCC626BAE4DB4.e.6971/click - {}
RESULT: {}
RESULT: {}
COMMAND: GET /session/bb295fd008a8bb8a1f479af6d4955b7d/screenshot - {}
RESULT: {}
COMMAND: POST /session/bb295fd008a8bb8a1f479af6d4955b7d/element - {"using":"xpath","value":"//span[@id=\"application-managepartners-display-component---masterPtm--smartTable-header-inner\"]"}
RESULT: {"using":"xpath","value":"//span[@id=\"application-managepartners-display-component---masterPtm--smartTable-header-inner\"]"}
COMMAND: POST /session/bb295fd008a8bb8a1f479af6d4955b7d/elements - {"using":"xpath","value":"//span[@id=\"application-managepartners-display-component---masterPtm--smartTable-header-inner\"]"}
RESULT: {"using":"xpath","value":"//span[@id=\"application-managepartners-display-component---masterPtm--smartTable-header-inner\"]"}
COMMAND: POST /session/bb295fd008a8bb8a1f479af6d4955b7d/execute/sync - {"script":"<script> [56 bytes]","args":[{"element-6066-11e4-a52e-4f735466cecf":"f.71C3769F7ED8E40170006504CCA8900A.d.246DBDC53B01818B8AFDCC626BAE4DB4.e.6011","ELEMENT":"f.71C3769F7ED8E40170006504CCA8900A.d.246DBDC53B01818B8AFDCC626BAE4DB4.e.6011"}]}
RESULT: {"script":"<script> [56 bytes]","args":[{"element-6066-11e4-a52e-4f735466cecf":"f.71C3769F7ED8E40170006504CCA8900A.d.246DBDC53B01818B8AFDCC626BAE4DB4.e.6011","ELEMENT":"f.71C3769F7ED8E40170006504CCA8900A.d.246DBDC53B01818B8AFDCC626BAE4DB4.e.6011"}]}
COMMAND: POST /session/bb295fd008a8bb8a1f479af6d4955b7d/element - {"using":"css selector","value":"#shell-header-logo"}
COMMAND: GET /session/bb295fd008a8bb8a1f479af6d4955b7d/screenshot - {}
RESULT: {"using":"css selector","value":"#shell-header-logo"}
COMMAND: POST /session/bb295fd008a8bb8a1f479af6d4955b7d/element/f.71C3769F7ED8E40170006504CCA8900A.d.246DBDC53B01818B8AFDCC626BAE4DB4.e.5841/click - {}
RESULT: {}
RESULT: {}
COMMAND: GET /session/bb295fd008a8bb8a1f479af6d4955b7d/screenshot - {}
RESULT: {}
]]></system-out>
    </testcase>
    <testcase classname="chrome.135_0_7049_96.windows.Partner_specific_tests_US150819_US151080_US151654_US151176_US103444_US151078_US151079_US151109_US151174_US151175_US151189" name="Should try to save empty partner US151174" time="41.505">
      <system-out><![CDATA[
COMMAND: POST /session/bb295fd008a8bb8a1f479af6d4955b7d/element - {"using":"xpath","value":"//li[.//span[text()=\"Manage Partners\"]]"}
RESULT: {"using":"xpath","value":"//li[.//span[text()=\"Manage Partners\"]]"}
COMMAND: POST /session/bb295fd008a8bb8a1f479af6d4955b7d/element - {"using":"xpath","value":"//li[.//span[text()=\"Manage Partners\"]]"}
RESULT: {"using":"xpath","value":"//li[.//span[text()=\"Manage Partners\"]]"}
COMMAND: POST /session/bb295fd008a8bb8a1f479af6d4955b7d/element - {"using":"css selector","value":"#shell-header-logo"}
RESULT: {"using":"css selector","value":"#shell-header-logo"}
COMMAND: POST /session/bb295fd008a8bb8a1f479af6d4955b7d/element/f.71C3769F7ED8E40170006504CCA8900A.d.246DBDC53B01818B8AFDCC626BAE4DB4.e.7070/click - {}
COMMAND: POST /session/bb295fd008a8bb8a1f479af6d4955b7d/execute/sync - {"script":"<script> [8489 bytes]","args":[{"element-6066-11e4-a52e-4f735466cecf":"f.71C3769F7ED8E40170006504CCA8900A.d.246DBDC53B01818B8AFDCC626BAE4DB4.e.7070","ELEMENT":"f.71C3769F7ED8E40170006504CCA8900A.d.246DBDC53B01818B8AFDCC626BAE4DB4.e.7070"}]}
RESULT: {}
COMMAND: GET /session/bb295fd008a8bb8a1f479af6d4955b7d/screenshot - {}
RESULT: {"script":"<script> [8489 bytes]","args":[{"element-6066-11e4-a52e-4f735466cecf":"f.71C3769F7ED8E40170006504CCA8900A.d.246DBDC53B01818B8AFDCC626BAE4DB4.e.7070","ELEMENT":"f.71C3769F7ED8E40170006504CCA8900A.d.246DBDC53B01818B8AFDCC626BAE4DB4.e.7070"}]}
COMMAND: POST /session/bb295fd008a8bb8a1f479af6d4955b7d/execute/sync - {"script":"<script> [5351 bytes]","args":[{"element-6066-11e4-a52e-4f735466cecf":"f.71C3769F7ED8E40170006504CCA8900A.d.246DBDC53B01818B8AFDCC626BAE4DB4.e.7070","ELEMENT":"f.71C3769F7ED8E40170006504CCA8900A.d.246DBDC53B01818B8AFDCC626BAE4DB4.e.7070"}]}
COMMAND: GET /session/bb295fd008a8bb8a1f479af6d4955b7d/screenshot - {}
RESULT: {}
RESULT: {"script":"<script> [5351 bytes]","args":[{"element-6066-11e4-a52e-4f735466cecf":"f.71C3769F7ED8E40170006504CCA8900A.d.246DBDC53B01818B8AFDCC626BAE4DB4.e.7070","ELEMENT":"f.71C3769F7ED8E40170006504CCA8900A.d.246DBDC53B01818B8AFDCC626BAE4DB4.e.7070"}]}
COMMAND: GET /session/bb295fd008a8bb8a1f479af6d4955b7d/screenshot - {}
RESULT: {}
RESULT: {}
RESULT: undefined
COMMAND: POST /session/bb295fd008a8bb8a1f479af6d4955b7d/element - {"using":"xpath","value":"//*[@id=\"__tile30\"]"}
RESULT: {"using":"xpath","value":"//*[@id=\"__tile30\"]"}
COMMAND: POST /session/bb295fd008a8bb8a1f479af6d4955b7d/element/f.71C3769F7ED8E40170006504CCA8900A.d.246DBDC53B01818B8AFDCC626BAE4DB4.e.4496/click - {}
RESULT: {}
COMMAND: POST /session/bb295fd008a8bb8a1f479af6d4955b7d/element - {"using":"xpath","value":"//button[@data-kt=\"addButton\"]"}
COMMAND: GET /session/bb295fd008a8bb8a1f479af6d4955b7d/screenshot - {}
RESULT: {"using":"xpath","value":"//button[@data-kt=\"addButton\"]"}
COMMAND: POST /session/bb295fd008a8bb8a1f479af6d4955b7d/elements - {"using":"xpath","value":"//button[@data-kt=\"addButton\"]"}
RESULT: {}
RESULT: {"using":"xpath","value":"//button[@data-kt=\"addButton\"]"}
COMMAND: POST /session/bb295fd008a8bb8a1f479af6d4955b7d/execute/sync - {"script":"<script> [8489 bytes]","args":[{"element-6066-11e4-a52e-4f735466cecf":"f.71C3769F7ED8E40170006504CCA8900A.d.246DBDC53B01818B8AFDCC626BAE4DB4.e.7115","ELEMENT":"f.71C3769F7ED8E40170006504CCA8900A.d.246DBDC53B01818B8AFDCC626BAE4DB4.e.7115"}]}
RESULT: {"script":"<script> [8489 bytes]","args":[{"element-6066-11e4-a52e-4f735466cecf":"f.71C3769F7ED8E40170006504CCA8900A.d.246DBDC53B01818B8AFDCC626BAE4DB4.e.7115","ELEMENT":"f.71C3769F7ED8E40170006504CCA8900A.d.246DBDC53B01818B8AFDCC626BAE4DB4.e.7115"}]}
COMMAND: GET /session/bb295fd008a8bb8a1f479af6d4955b7d/element/f.71C3769F7ED8E40170006504CCA8900A.d.246DBDC53B01818B8AFDCC626BAE4DB4.e.7115/enabled - {}
COMMAND: GET /session/bb295fd008a8bb8a1f479af6d4955b7d/screenshot - {}
RESULT: {}
COMMAND: POST /session/bb295fd008a8bb8a1f479af6d4955b7d/execute/sync - {"script":"<script> [8489 bytes]","args":[{"element-6066-11e4-a52e-4f735466cecf":"f.71C3769F7ED8E40170006504CCA8900A.d.246DBDC53B01818B8AFDCC626BAE4DB4.e.7115","ELEMENT":"f.71C3769F7ED8E40170006504CCA8900A.d.246DBDC53B01818B8AFDCC626BAE4DB4.e.7115"}]}
COMMAND: GET /session/bb295fd008a8bb8a1f479af6d4955b7d/screenshot - {}
RESULT: {}
RESULT: {"script":"<script> [8489 bytes]","args":[{"element-6066-11e4-a52e-4f735466cecf":"f.71C3769F7ED8E40170006504CCA8900A.d.246DBDC53B01818B8AFDCC626BAE4DB4.e.7115","ELEMENT":"f.71C3769F7ED8E40170006504CCA8900A.d.246DBDC53B01818B8AFDCC626BAE4DB4.e.7115"}]}
COMMAND: POST /session/bb295fd008a8bb8a1f479af6d4955b7d/execute/sync - {"script":"<script> [5351 bytes]","args":[{"element-6066-11e4-a52e-4f735466cecf":"f.71C3769F7ED8E40170006504CCA8900A.d.246DBDC53B01818B8AFDCC626BAE4DB4.e.7115","ELEMENT":"f.71C3769F7ED8E40170006504CCA8900A.d.246DBDC53B01818B8AFDCC626BAE4DB4.e.7115"}]}
COMMAND: GET /session/bb295fd008a8bb8a1f479af6d4955b7d/screenshot - {}
RESULT: {}
RESULT: {"script":"<script> [5351 bytes]","args":[{"element-6066-11e4-a52e-4f735466cecf":"f.71C3769F7ED8E40170006504CCA8900A.d.246DBDC53B01818B8AFDCC626BAE4DB4.e.7115","ELEMENT":"f.71C3769F7ED8E40170006504CCA8900A.d.246DBDC53B01818B8AFDCC626BAE4DB4.e.7115"}]}
COMMAND: POST /session/bb295fd008a8bb8a1f479af6d4955b7d/element/f.71C3769F7ED8E40170006504CCA8900A.d.246DBDC53B01818B8AFDCC626BAE4DB4.e.7115/click - {}
COMMAND: GET /session/bb295fd008a8bb8a1f479af6d4955b7d/screenshot - {}
RESULT: {}
RESULT: {}
COMMAND: GET /session/bb295fd008a8bb8a1f479af6d4955b7d/screenshot - {}
RESULT: {}
RESULT: {}
COMMAND: POST /session/bb295fd008a8bb8a1f479af6d4955b7d/element - {"using":"xpath","value":"//button[@data-kt=\"saveButton\"]"}
RESULT: {"using":"xpath","value":"//button[@data-kt=\"saveButton\"]"}
COMMAND: POST /session/bb295fd008a8bb8a1f479af6d4955b7d/element/f.71C3769F7ED8E40170006504CCA8900A.d.246DBDC53B01818B8AFDCC626BAE4DB4.e.7531/click - {}
RESULT: {}
COMMAND: GET /session/bb295fd008a8bb8a1f479af6d4955b7d/screenshot - {}
RESULT: {}
COMMAND: POST /session/bb295fd008a8bb8a1f479af6d4955b7d/element - {"using":"xpath","value":"//span[contains(@class, \"sapMMsgBoxText\")]"}
RESULT: {"using":"xpath","value":"//span[contains(@class, \"sapMMsgBoxText\")]"}
COMMAND: POST /session/bb295fd008a8bb8a1f479af6d4955b7d/execute/sync - {"script":"<script> [56 bytes]","args":[{"element-6066-11e4-a52e-4f735466cecf":"f.71C3769F7ED8E40170006504CCA8900A.d.246DBDC53B01818B8AFDCC626BAE4DB4.e.7553","ELEMENT":"f.71C3769F7ED8E40170006504CCA8900A.d.246DBDC53B01818B8AFDCC626BAE4DB4.e.7553"}]}
RESULT: {"script":"<script> [56 bytes]","args":[{"element-6066-11e4-a52e-4f735466cecf":"f.71C3769F7ED8E40170006504CCA8900A.d.246DBDC53B01818B8AFDCC626BAE4DB4.e.7553","ELEMENT":"f.71C3769F7ED8E40170006504CCA8900A.d.246DBDC53B01818B8AFDCC626BAE4DB4.e.7553"}]}
COMMAND: POST /session/bb295fd008a8bb8a1f479af6d4955b7d/element - {"using":"xpath","value":"(//bdi[contains(text(), \"Close\")])[1]"}
COMMAND: POST /session/bb295fd008a8bb8a1f479af6d4955b7d/elements - {"using":"xpath","value":"//span[contains(@class, \"sapMMsgBoxText\")]"}
COMMAND: GET /session/bb295fd008a8bb8a1f479af6d4955b7d/screenshot - {}
RESULT: {"using":"xpath","value":"//span[contains(@class, \"sapMMsgBoxText\")]"}
RESULT: {"using":"xpath","value":"(//bdi[contains(text(), \"Close\")])[1]"}
COMMAND: POST /session/bb295fd008a8bb8a1f479af6d4955b7d/element/f.71C3769F7ED8E40170006504CCA8900A.d.246DBDC53B01818B8AFDCC626BAE4DB4.e.7554/click - {}
RESULT: {}
RESULT: {}
COMMAND: GET /session/bb295fd008a8bb8a1f479af6d4955b7d/screenshot - {}
RESULT: {}
COMMAND: POST /session/bb295fd008a8bb8a1f479af6d4955b7d/element - {"using":"css selector","value":"#shell-header-logo"}
RESULT: {"using":"css selector","value":"#shell-header-logo"}
COMMAND: POST /session/bb295fd008a8bb8a1f479af6d4955b7d/element/f.71C3769F7ED8E40170006504CCA8900A.d.246DBDC53B01818B8AFDCC626BAE4DB4.e.7070/click - {}
RESULT: {}
COMMAND: GET /session/bb295fd008a8bb8a1f479af6d4955b7d/screenshot - {}
RESULT: {}
]]></system-out>
    </testcase>
    <testcase classname="chrome.135_0_7049_96.windows.Partner_specific_tests_US150819_US151080_US151654_US151176_US103444_US151078_US151079_US151109_US151174_US151175_US151189" name="Should do various searches US151175" time="108.706">
      <skipped />
      <system-out><![CDATA[
COMMAND: POST /session/bb295fd008a8bb8a1f479af6d4955b7d/element - {"using":"xpath","value":"//li[.//span[text()=\"Manage Partners\"]]"}
RESULT: {"using":"xpath","value":"//li[.//span[text()=\"Manage Partners\"]]"}
COMMAND: POST /session/bb295fd008a8bb8a1f479af6d4955b7d/element - {"using":"xpath","value":"//li[.//span[text()=\"Manage Partners\"]]"}
RESULT: {"using":"xpath","value":"//li[.//span[text()=\"Manage Partners\"]]"}
COMMAND: POST /session/bb295fd008a8bb8a1f479af6d4955b7d/element - {"using":"css selector","value":"#shell-header-logo"}
RESULT: {"using":"css selector","value":"#shell-header-logo"}
COMMAND: POST /session/bb295fd008a8bb8a1f479af6d4955b7d/element/f.71C3769F7ED8E40170006504CCA8900A.d.246DBDC53B01818B8AFDCC626BAE4DB4.e.7556/click - {}
COMMAND: POST /session/bb295fd008a8bb8a1f479af6d4955b7d/execute/sync - {"script":"<script> [8489 bytes]","args":[{"element-6066-11e4-a52e-4f735466cecf":"f.71C3769F7ED8E40170006504CCA8900A.d.246DBDC53B01818B8AFDCC626BAE4DB4.e.7556","ELEMENT":"f.71C3769F7ED8E40170006504CCA8900A.d.246DBDC53B01818B8AFDCC626BAE4DB4.e.7556"}]}
RESULT: {}
COMMAND: GET /session/bb295fd008a8bb8a1f479af6d4955b7d/screenshot - {}
RESULT: {"script":"<script> [8489 bytes]","args":[{"element-6066-11e4-a52e-4f735466cecf":"f.71C3769F7ED8E40170006504CCA8900A.d.246DBDC53B01818B8AFDCC626BAE4DB4.e.7556","ELEMENT":"f.71C3769F7ED8E40170006504CCA8900A.d.246DBDC53B01818B8AFDCC626BAE4DB4.e.7556"}]}
COMMAND: POST /session/bb295fd008a8bb8a1f479af6d4955b7d/execute/sync - {"script":"<script> [5351 bytes]","args":[{"element-6066-11e4-a52e-4f735466cecf":"f.71C3769F7ED8E40170006504CCA8900A.d.246DBDC53B01818B8AFDCC626BAE4DB4.e.7556","ELEMENT":"f.71C3769F7ED8E40170006504CCA8900A.d.246DBDC53B01818B8AFDCC626BAE4DB4.e.7556"}]}
COMMAND: GET /session/bb295fd008a8bb8a1f479af6d4955b7d/screenshot - {}
RESULT: {}
RESULT: {"script":"<script> [5351 bytes]","args":[{"element-6066-11e4-a52e-4f735466cecf":"f.71C3769F7ED8E40170006504CCA8900A.d.246DBDC53B01818B8AFDCC626BAE4DB4.e.7556","ELEMENT":"f.71C3769F7ED8E40170006504CCA8900A.d.246DBDC53B01818B8AFDCC626BAE4DB4.e.7556"}]}
COMMAND: GET /session/bb295fd008a8bb8a1f479af6d4955b7d/screenshot - {}
RESULT: {}
RESULT: {}
RESULT: undefined
COMMAND: POST /session/bb295fd008a8bb8a1f479af6d4955b7d/element - {"using":"xpath","value":"//*[@id=\"__tile30\"]"}
RESULT: {"using":"xpath","value":"//*[@id=\"__tile30\"]"}
COMMAND: POST /session/bb295fd008a8bb8a1f479af6d4955b7d/element/f.71C3769F7ED8E40170006504CCA8900A.d.246DBDC53B01818B8AFDCC626BAE4DB4.e.4496/click - {}
RESULT: {}
COMMAND: POST /session/bb295fd008a8bb8a1f479af6d4955b7d/element - {"using":"xpath","value":"//button[@data-kt=\"addButton\"]"}
COMMAND: GET /session/bb295fd008a8bb8a1f479af6d4955b7d/screenshot - {}
RESULT: {"using":"xpath","value":"//button[@data-kt=\"addButton\"]"}
COMMAND: POST /session/bb295fd008a8bb8a1f479af6d4955b7d/elements - {"using":"xpath","value":"//button[@data-kt=\"addButton\"]"}
RESULT: {}
RESULT: {"using":"xpath","value":"//button[@data-kt=\"addButton\"]"}
COMMAND: POST /session/bb295fd008a8bb8a1f479af6d4955b7d/elements - {"using":"xpath","value":"//button[@data-kt=\"addButton\"]"}
RESULT: {"using":"xpath","value":"//button[@data-kt=\"addButton\"]"}
COMMAND: POST /session/bb295fd008a8bb8a1f479af6d4955b7d/element - {"using":"xpath","value":"//button[@data-kt=\"addButton\"]"}
RESULT: {"using":"xpath","value":"//button[@data-kt=\"addButton\"]"}
COMMAND: POST /session/bb295fd008a8bb8a1f479af6d4955b7d/execute/sync - {"script":"<script> [8489 bytes]","args":[{"element-6066-11e4-a52e-4f735466cecf":"f.71C3769F7ED8E40170006504CCA8900A.d.246DBDC53B01818B8AFDCC626BAE4DB4.e.7601","ELEMENT":"f.71C3769F7ED8E40170006504CCA8900A.d.246DBDC53B01818B8AFDCC626BAE4DB4.e.7601"}]}
RESULT: {"script":"<script> [8489 bytes]","args":[{"element-6066-11e4-a52e-4f735466cecf":"f.71C3769F7ED8E40170006504CCA8900A.d.246DBDC53B01818B8AFDCC626BAE4DB4.e.7601","ELEMENT":"f.71C3769F7ED8E40170006504CCA8900A.d.246DBDC53B01818B8AFDCC626BAE4DB4.e.7601"}]}
COMMAND: GET /session/bb295fd008a8bb8a1f479af6d4955b7d/element/f.71C3769F7ED8E40170006504CCA8900A.d.246DBDC53B01818B8AFDCC626BAE4DB4.e.7601/enabled - {}
COMMAND: GET /session/bb295fd008a8bb8a1f479af6d4955b7d/screenshot - {}
RESULT: {}
COMMAND: POST /session/bb295fd008a8bb8a1f479af6d4955b7d/execute/sync - {"script":"<script> [8489 bytes]","args":[{"element-6066-11e4-a52e-4f735466cecf":"f.71C3769F7ED8E40170006504CCA8900A.d.246DBDC53B01818B8AFDCC626BAE4DB4.e.7601","ELEMENT":"f.71C3769F7ED8E40170006504CCA8900A.d.246DBDC53B01818B8AFDCC626BAE4DB4.e.7601"}]}
COMMAND: GET /session/bb295fd008a8bb8a1f479af6d4955b7d/screenshot - {}
RESULT: {}
RESULT: {"script":"<script> [8489 bytes]","args":[{"element-6066-11e4-a52e-4f735466cecf":"f.71C3769F7ED8E40170006504CCA8900A.d.246DBDC53B01818B8AFDCC626BAE4DB4.e.7601","ELEMENT":"f.71C3769F7ED8E40170006504CCA8900A.d.246DBDC53B01818B8AFDCC626BAE4DB4.e.7601"}]}
COMMAND: POST /session/bb295fd008a8bb8a1f479af6d4955b7d/execute/sync - {"script":"<script> [5351 bytes]","args":[{"element-6066-11e4-a52e-4f735466cecf":"f.71C3769F7ED8E40170006504CCA8900A.d.246DBDC53B01818B8AFDCC626BAE4DB4.e.7601","ELEMENT":"f.71C3769F7ED8E40170006504CCA8900A.d.246DBDC53B01818B8AFDCC626BAE4DB4.e.7601"}]}
COMMAND: GET /session/bb295fd008a8bb8a1f479af6d4955b7d/screenshot - {}
RESULT: {}
RESULT: {"script":"<script> [5351 bytes]","args":[{"element-6066-11e4-a52e-4f735466cecf":"f.71C3769F7ED8E40170006504CCA8900A.d.246DBDC53B01818B8AFDCC626BAE4DB4.e.7601","ELEMENT":"f.71C3769F7ED8E40170006504CCA8900A.d.246DBDC53B01818B8AFDCC626BAE4DB4.e.7601"}]}
COMMAND: GET /session/bb295fd008a8bb8a1f479af6d4955b7d/screenshot - {}
RESULT: {}
RESULT: {}
COMMAND: POST /session/bb295fd008a8bb8a1f479af6d4955b7d/element - {"using":"xpath","value":"//span[@id=\"application-managepartners-display-component---masterPtm--smartTable-header-inner\"]"}
RESULT: {"using":"xpath","value":"//span[@id=\"application-managepartners-display-component---masterPtm--smartTable-header-inner\"]"}
COMMAND: POST /session/bb295fd008a8bb8a1f479af6d4955b7d/elements - {"using":"xpath","value":"//span[@id=\"application-managepartners-display-component---masterPtm--smartTable-header-inner\"]"}
RESULT: {"using":"xpath","value":"//span[@id=\"application-managepartners-display-component---masterPtm--smartTable-header-inner\"]"}
COMMAND: POST /session/bb295fd008a8bb8a1f479af6d4955b7d/execute/sync - {"script":"<script> [56 bytes]","args":[{"element-6066-11e4-a52e-4f735466cecf":"f.71C3769F7ED8E40170006504CCA8900A.d.246DBDC53B01818B8AFDCC626BAE4DB4.e.7726","ELEMENT":"f.71C3769F7ED8E40170006504CCA8900A.d.246DBDC53B01818B8AFDCC626BAE4DB4.e.7726"}]}
RESULT: {"script":"<script> [56 bytes]","args":[{"element-6066-11e4-a52e-4f735466cecf":"f.71C3769F7ED8E40170006504CCA8900A.d.246DBDC53B01818B8AFDCC626BAE4DB4.e.7726","ELEMENT":"f.71C3769F7ED8E40170006504CCA8900A.d.246DBDC53B01818B8AFDCC626BAE4DB4.e.7726"}]}
RESULT: undefined
COMMAND: POST /session/bb295fd008a8bb8a1f479af6d4955b7d/element - {"using":"xpath","value":"//*[@id=\"application-managepartners-display-component---masterPtm--smartFilterBar-btnFilters\"]"}
COMMAND: GET /session/bb295fd008a8bb8a1f479af6d4955b7d/screenshot - {}
RESULT: {"using":"xpath","value":"//*[@id=\"application-managepartners-display-component---masterPtm--smartFilterBar-btnFilters\"]"}
COMMAND: POST /session/bb295fd008a8bb8a1f479af6d4955b7d/element/f.71C3769F7ED8E40170006504CCA8900A.d.246DBDC53B01818B8AFDCC626BAE4DB4.e.7578/click - {}
RESULT: {}
RESULT: {}
COMMAND: GET /session/bb295fd008a8bb8a1f479af6d4955b7d/screenshot - {}
RESULT: {}
COMMAND: POST /session/bb295fd008a8bb8a1f479af6d4955b7d/elements - {"using":"xpath","value":"//table[contains(@id, \"listView-innerSelectionPanelTable-listUl\")]/tbody/tr"}
RESULT: {"using":"xpath","value":"//table[contains(@id, \"listView-innerSelectionPanelTable-listUl\")]/tbody/tr"}
COMMAND: POST /session/bb295fd008a8bb8a1f479af6d4955b7d/element - {"using":"xpath","value":"//table[contains(@id, \"listView-innerSelectionPanelTable-listUl\")]/tbody/tr[2]/td[2]/div/div"}
RESULT: {"using":"xpath","value":"//table[contains(@id, \"listView-innerSelectionPanelTable-listUl\")]/tbody/tr[2]/td[2]/div/div"}
COMMAND: POST /session/bb295fd008a8bb8a1f479af6d4955b7d/element - {"using":"xpath","value":"//table[contains(@id, \"listView-innerSelectionPanelTable-listUl\")]/tbody/tr[2]/td[2]/div"}
RESULT: {"using":"xpath","value":"//table[contains(@id, \"listView-innerSelectionPanelTable-listUl\")]/tbody/tr[2]/td[2]/div"}
COMMAND: POST /session/bb295fd008a8bb8a1f479af6d4955b7d/element - {"using":"xpath","value":"//table[contains(@id, \"listView-innerSelectionPanelTable-listUl\")]/tbody/tr[2]/td[3]/div/div/span/span[1]/bdi"}
RESULT: {"using":"xpath","value":"//table[contains(@id, \"listView-innerSelectionPanelTable-listUl\")]/tbody/tr[2]/td[3]/div/div/span/span[1]/bdi"}
COMMAND: POST /session/bb295fd008a8bb8a1f479af6d4955b7d/execute/sync - {"script":"<script> [56 bytes]","args":[{"element-6066-11e4-a52e-4f735466cecf":"f.71C3769F7ED8E40170006504CCA8900A.d.246DBDC53B01818B8AFDCC626BAE4DB4.e.7794","ELEMENT":"f.71C3769F7ED8E40170006504CCA8900A.d.246DBDC53B01818B8AFDCC626BAE4DB4.e.7794"}]}
RESULT: {"script":"<script> [56 bytes]","args":[{"element-6066-11e4-a52e-4f735466cecf":"f.71C3769F7ED8E40170006504CCA8900A.d.246DBDC53B01818B8AFDCC626BAE4DB4.e.7794","ELEMENT":"f.71C3769F7ED8E40170006504CCA8900A.d.246DBDC53B01818B8AFDCC626BAE4DB4.e.7794"}]}
COMMAND: GET /session/bb295fd008a8bb8a1f479af6d4955b7d/element/f.71C3769F7ED8E40170006504CCA8900A.d.246DBDC53B01818B8AFDCC626BAE4DB4.e.7793/attribute/aria-checked - {}
COMMAND: GET /session/bb295fd008a8bb8a1f479af6d4955b7d/screenshot - {}
RESULT: {}
COMMAND: POST /session/bb295fd008a8bb8a1f479af6d4955b7d/element - {"using":"xpath","value":"//table[contains(@id, \"listView-innerSelectionPanelTable-listUl\")]/tbody/tr[3]/td[2]/div/div"}
RESULT: {}
RESULT: {"using":"xpath","value":"//table[contains(@id, \"listView-innerSelectionPanelTable-listUl\")]/tbody/tr[3]/td[2]/div/div"}
COMMAND: POST /session/bb295fd008a8bb8a1f479af6d4955b7d/element - {"using":"xpath","value":"//table[contains(@id, \"listView-innerSelectionPanelTable-listUl\")]/tbody/tr[3]/td[2]/div"}
RESULT: {"using":"xpath","value":"//table[contains(@id, \"listView-innerSelectionPanelTable-listUl\")]/tbody/tr[3]/td[2]/div"}
COMMAND: POST /session/bb295fd008a8bb8a1f479af6d4955b7d/element - {"using":"xpath","value":"//table[contains(@id, \"listView-innerSelectionPanelTable-listUl\")]/tbody/tr[3]/td[3]/div/div/span/span[1]/bdi"}
RESULT: {"using":"xpath","value":"//table[contains(@id, \"listView-innerSelectionPanelTable-listUl\")]/tbody/tr[3]/td[3]/div/div/span/span[1]/bdi"}
COMMAND: POST /session/bb295fd008a8bb8a1f479af6d4955b7d/execute/sync - {"script":"<script> [56 bytes]","args":[{"element-6066-11e4-a52e-4f735466cecf":"f.71C3769F7ED8E40170006504CCA8900A.d.246DBDC53B01818B8AFDCC626BAE4DB4.e.7797","ELEMENT":"f.71C3769F7ED8E40170006504CCA8900A.d.246DBDC53B01818B8AFDCC626BAE4DB4.e.7797"}]}
RESULT: {"script":"<script> [56 bytes]","args":[{"element-6066-11e4-a52e-4f735466cecf":"f.71C3769F7ED8E40170006504CCA8900A.d.246DBDC53B01818B8AFDCC626BAE4DB4.e.7797","ELEMENT":"f.71C3769F7ED8E40170006504CCA8900A.d.246DBDC53B01818B8AFDCC626BAE4DB4.e.7797"}]}
COMMAND: GET /session/bb295fd008a8bb8a1f479af6d4955b7d/element/f.71C3769F7ED8E40170006504CCA8900A.d.246DBDC53B01818B8AFDCC626BAE4DB4.e.7796/attribute/aria-checked - {}
COMMAND: GET /session/bb295fd008a8bb8a1f479af6d4955b7d/screenshot - {}
RESULT: {}
COMMAND: POST /session/bb295fd008a8bb8a1f479af6d4955b7d/element - {"using":"xpath","value":"//table[contains(@id, \"listView-innerSelectionPanelTable-listUl\")]/tbody/tr[4]/td[2]/div/div"}
RESULT: {}
RESULT: {"using":"xpath","value":"//table[contains(@id, \"listView-innerSelectionPanelTable-listUl\")]/tbody/tr[4]/td[2]/div/div"}
COMMAND: POST /session/bb295fd008a8bb8a1f479af6d4955b7d/element - {"using":"xpath","value":"//table[contains(@id, \"listView-innerSelectionPanelTable-listUl\")]/tbody/tr[4]/td[2]/div"}
RESULT: {"using":"xpath","value":"//table[contains(@id, \"listView-innerSelectionPanelTable-listUl\")]/tbody/tr[4]/td[2]/div"}
COMMAND: POST /session/bb295fd008a8bb8a1f479af6d4955b7d/element - {"using":"xpath","value":"//table[contains(@id, \"listView-innerSelectionPanelTable-listUl\")]/tbody/tr[4]/td[3]/div/div/span/span[1]/bdi"}
RESULT: {"using":"xpath","value":"//table[contains(@id, \"listView-innerSelectionPanelTable-listUl\")]/tbody/tr[4]/td[3]/div/div/span/span[1]/bdi"}
COMMAND: POST /session/bb295fd008a8bb8a1f479af6d4955b7d/execute/sync - {"script":"<script> [56 bytes]","args":[{"element-6066-11e4-a52e-4f735466cecf":"f.71C3769F7ED8E40170006504CCA8900A.d.246DBDC53B01818B8AFDCC626BAE4DB4.e.7800","ELEMENT":"f.71C3769F7ED8E40170006504CCA8900A.d.246DBDC53B01818B8AFDCC626BAE4DB4.e.7800"}]}
RESULT: {"script":"<script> [56 bytes]","args":[{"element-6066-11e4-a52e-4f735466cecf":"f.71C3769F7ED8E40170006504CCA8900A.d.246DBDC53B01818B8AFDCC626BAE4DB4.e.7800","ELEMENT":"f.71C3769F7ED8E40170006504CCA8900A.d.246DBDC53B01818B8AFDCC626BAE4DB4.e.7800"}]}
COMMAND: GET /session/bb295fd008a8bb8a1f479af6d4955b7d/element/f.71C3769F7ED8E40170006504CCA8900A.d.246DBDC53B01818B8AFDCC626BAE4DB4.e.7799/attribute/aria-checked - {}
COMMAND: GET /session/bb295fd008a8bb8a1f479af6d4955b7d/screenshot - {}
RESULT: {}
COMMAND: POST /session/bb295fd008a8bb8a1f479af6d4955b7d/element - {"using":"xpath","value":"//table[contains(@id, \"listView-innerSelectionPanelTable-listUl\")]/tbody/tr[5]/td[2]/div/div"}
RESULT: {}
RESULT: {"using":"xpath","value":"//table[contains(@id, \"listView-innerSelectionPanelTable-listUl\")]/tbody/tr[5]/td[2]/div/div"}
COMMAND: POST /session/bb295fd008a8bb8a1f479af6d4955b7d/element - {"using":"xpath","value":"//table[contains(@id, \"listView-innerSelectionPanelTable-listUl\")]/tbody/tr[5]/td[2]/div"}
RESULT: {"using":"xpath","value":"//table[contains(@id, \"listView-innerSelectionPanelTable-listUl\")]/tbody/tr[5]/td[2]/div"}
COMMAND: POST /session/bb295fd008a8bb8a1f479af6d4955b7d/element - {"using":"xpath","value":"//table[contains(@id, \"listView-innerSelectionPanelTable-listUl\")]/tbody/tr[5]/td[3]/div/div/span/span[1]/bdi"}
RESULT: {"using":"xpath","value":"//table[contains(@id, \"listView-innerSelectionPanelTable-listUl\")]/tbody/tr[5]/td[3]/div/div/span/span[1]/bdi"}
COMMAND: POST /session/bb295fd008a8bb8a1f479af6d4955b7d/execute/sync - {"script":"<script> [56 bytes]","args":[{"element-6066-11e4-a52e-4f735466cecf":"f.71C3769F7ED8E40170006504CCA8900A.d.246DBDC53B01818B8AFDCC626BAE4DB4.e.7803","ELEMENT":"f.71C3769F7ED8E40170006504CCA8900A.d.246DBDC53B01818B8AFDCC626BAE4DB4.e.7803"}]}
RESULT: {"script":"<script> [56 bytes]","args":[{"element-6066-11e4-a52e-4f735466cecf":"f.71C3769F7ED8E40170006504CCA8900A.d.246DBDC53B01818B8AFDCC626BAE4DB4.e.7803","ELEMENT":"f.71C3769F7ED8E40170006504CCA8900A.d.246DBDC53B01818B8AFDCC626BAE4DB4.e.7803"}]}
COMMAND: GET /session/bb295fd008a8bb8a1f479af6d4955b7d/element/f.71C3769F7ED8E40170006504CCA8900A.d.246DBDC53B01818B8AFDCC626BAE4DB4.e.7802/attribute/aria-checked - {}
COMMAND: GET /session/bb295fd008a8bb8a1f479af6d4955b7d/screenshot - {}
RESULT: {}
COMMAND: POST /session/bb295fd008a8bb8a1f479af6d4955b7d/element - {"using":"xpath","value":"//table[contains(@id, \"listView-innerSelectionPanelTable-listUl\")]/tbody/tr[6]/td[2]/div/div"}
RESULT: {}
RESULT: {"using":"xpath","value":"//table[contains(@id, \"listView-innerSelectionPanelTable-listUl\")]/tbody/tr[6]/td[2]/div/div"}
COMMAND: POST /session/bb295fd008a8bb8a1f479af6d4955b7d/element - {"using":"xpath","value":"//table[contains(@id, \"listView-innerSelectionPanelTable-listUl\")]/tbody/tr[6]/td[2]/div"}
RESULT: {"using":"xpath","value":"//table[contains(@id, \"listView-innerSelectionPanelTable-listUl\")]/tbody/tr[6]/td[2]/div"}
COMMAND: POST /session/bb295fd008a8bb8a1f479af6d4955b7d/element - {"using":"xpath","value":"//table[contains(@id, \"listView-innerSelectionPanelTable-listUl\")]/tbody/tr[6]/td[3]/div/div/span/span[1]/bdi"}
RESULT: {"using":"xpath","value":"//table[contains(@id, \"listView-innerSelectionPanelTable-listUl\")]/tbody/tr[6]/td[3]/div/div/span/span[1]/bdi"}
COMMAND: POST /session/bb295fd008a8bb8a1f479af6d4955b7d/execute/sync - {"script":"<script> [56 bytes]","args":[{"element-6066-11e4-a52e-4f735466cecf":"f.71C3769F7ED8E40170006504CCA8900A.d.246DBDC53B01818B8AFDCC626BAE4DB4.e.7806","ELEMENT":"f.71C3769F7ED8E40170006504CCA8900A.d.246DBDC53B01818B8AFDCC626BAE4DB4.e.7806"}]}
RESULT: {"script":"<script> [56 bytes]","args":[{"element-6066-11e4-a52e-4f735466cecf":"f.71C3769F7ED8E40170006504CCA8900A.d.246DBDC53B01818B8AFDCC626BAE4DB4.e.7806","ELEMENT":"f.71C3769F7ED8E40170006504CCA8900A.d.246DBDC53B01818B8AFDCC626BAE4DB4.e.7806"}]}
COMMAND: GET /session/bb295fd008a8bb8a1f479af6d4955b7d/element/f.71C3769F7ED8E40170006504CCA8900A.d.246DBDC53B01818B8AFDCC626BAE4DB4.e.7805/attribute/aria-checked - {}
COMMAND: GET /session/bb295fd008a8bb8a1f479af6d4955b7d/screenshot - {}
RESULT: {}
COMMAND: POST /session/bb295fd008a8bb8a1f479af6d4955b7d/element - {"using":"xpath","value":"//table[contains(@id, \"listView-innerSelectionPanelTable-listUl\")]/tbody/tr[7]/td[2]/div/div"}
RESULT: {}
RESULT: {"using":"xpath","value":"//table[contains(@id, \"listView-innerSelectionPanelTable-listUl\")]/tbody/tr[7]/td[2]/div/div"}
COMMAND: POST /session/bb295fd008a8bb8a1f479af6d4955b7d/element - {"using":"xpath","value":"//table[contains(@id, \"listView-innerSelectionPanelTable-listUl\")]/tbody/tr[7]/td[2]/div"}
RESULT: {"using":"xpath","value":"//table[contains(@id, \"listView-innerSelectionPanelTable-listUl\")]/tbody/tr[7]/td[2]/div"}
COMMAND: POST /session/bb295fd008a8bb8a1f479af6d4955b7d/element - {"using":"xpath","value":"//table[contains(@id, \"listView-innerSelectionPanelTable-listUl\")]/tbody/tr[7]/td[3]/div/div/span/span[1]/bdi"}
RESULT: {"using":"xpath","value":"//table[contains(@id, \"listView-innerSelectionPanelTable-listUl\")]/tbody/tr[7]/td[3]/div/div/span/span[1]/bdi"}
COMMAND: POST /session/bb295fd008a8bb8a1f479af6d4955b7d/execute/sync - {"script":"<script> [56 bytes]","args":[{"element-6066-11e4-a52e-4f735466cecf":"f.71C3769F7ED8E40170006504CCA8900A.d.246DBDC53B01818B8AFDCC626BAE4DB4.e.7809","ELEMENT":"f.71C3769F7ED8E40170006504CCA8900A.d.246DBDC53B01818B8AFDCC626BAE4DB4.e.7809"}]}
RESULT: {"script":"<script> [56 bytes]","args":[{"element-6066-11e4-a52e-4f735466cecf":"f.71C3769F7ED8E40170006504CCA8900A.d.246DBDC53B01818B8AFDCC626BAE4DB4.e.7809","ELEMENT":"f.71C3769F7ED8E40170006504CCA8900A.d.246DBDC53B01818B8AFDCC626BAE4DB4.e.7809"}]}
COMMAND: GET /session/bb295fd008a8bb8a1f479af6d4955b7d/element/f.71C3769F7ED8E40170006504CCA8900A.d.246DBDC53B01818B8AFDCC626BAE4DB4.e.7808/attribute/aria-checked - {}
COMMAND: GET /session/bb295fd008a8bb8a1f479af6d4955b7d/screenshot - {}
RESULT: {}
COMMAND: POST /session/bb295fd008a8bb8a1f479af6d4955b7d/element - {"using":"xpath","value":"//table[contains(@id, \"listView-innerSelectionPanelTable-listUl\")]/tbody/tr[8]/td[2]/div/div"}
RESULT: {}
RESULT: {"using":"xpath","value":"//table[contains(@id, \"listView-innerSelectionPanelTable-listUl\")]/tbody/tr[8]/td[2]/div/div"}
COMMAND: POST /session/bb295fd008a8bb8a1f479af6d4955b7d/element - {"using":"xpath","value":"//table[contains(@id, \"listView-innerSelectionPanelTable-listUl\")]/tbody/tr[8]/td[2]/div"}
RESULT: {"using":"xpath","value":"//table[contains(@id, \"listView-innerSelectionPanelTable-listUl\")]/tbody/tr[8]/td[2]/div"}
COMMAND: POST /session/bb295fd008a8bb8a1f479af6d4955b7d/element - {"using":"xpath","value":"//table[contains(@id, \"listView-innerSelectionPanelTable-listUl\")]/tbody/tr[8]/td[3]/div/div/span/span[1]/bdi"}
RESULT: {"using":"xpath","value":"//table[contains(@id, \"listView-innerSelectionPanelTable-listUl\")]/tbody/tr[8]/td[3]/div/div/span/span[1]/bdi"}
COMMAND: POST /session/bb295fd008a8bb8a1f479af6d4955b7d/execute/sync - {"script":"<script> [56 bytes]","args":[{"element-6066-11e4-a52e-4f735466cecf":"f.71C3769F7ED8E40170006504CCA8900A.d.246DBDC53B01818B8AFDCC626BAE4DB4.e.7812","ELEMENT":"f.71C3769F7ED8E40170006504CCA8900A.d.246DBDC53B01818B8AFDCC626BAE4DB4.e.7812"}]}
RESULT: {"script":"<script> [56 bytes]","args":[{"element-6066-11e4-a52e-4f735466cecf":"f.71C3769F7ED8E40170006504CCA8900A.d.246DBDC53B01818B8AFDCC626BAE4DB4.e.7812","ELEMENT":"f.71C3769F7ED8E40170006504CCA8900A.d.246DBDC53B01818B8AFDCC626BAE4DB4.e.7812"}]}
COMMAND: GET /session/bb295fd008a8bb8a1f479af6d4955b7d/element/f.71C3769F7ED8E40170006504CCA8900A.d.246DBDC53B01818B8AFDCC626BAE4DB4.e.7811/attribute/aria-checked - {}
COMMAND: GET /session/bb295fd008a8bb8a1f479af6d4955b7d/screenshot - {}
RESULT: {}
COMMAND: POST /session/bb295fd008a8bb8a1f479af6d4955b7d/element - {"using":"xpath","value":"//table[contains(@id, \"listView-innerSelectionPanelTable-listUl\")]/tbody/tr[9]/td[2]/div/div"}
RESULT: {}
RESULT: {"using":"xpath","value":"//table[contains(@id, \"listView-innerSelectionPanelTable-listUl\")]/tbody/tr[9]/td[2]/div/div"}
COMMAND: POST /session/bb295fd008a8bb8a1f479af6d4955b7d/element - {"using":"xpath","value":"//table[contains(@id, \"listView-innerSelectionPanelTable-listUl\")]/tbody/tr[9]/td[2]/div"}
RESULT: {"using":"xpath","value":"//table[contains(@id, \"listView-innerSelectionPanelTable-listUl\")]/tbody/tr[9]/td[2]/div"}
COMMAND: POST /session/bb295fd008a8bb8a1f479af6d4955b7d/element - {"using":"xpath","value":"//table[contains(@id, \"listView-innerSelectionPanelTable-listUl\")]/tbody/tr[9]/td[3]/div/div/span/span[1]/bdi"}
RESULT: {"using":"xpath","value":"//table[contains(@id, \"listView-innerSelectionPanelTable-listUl\")]/tbody/tr[9]/td[3]/div/div/span/span[1]/bdi"}
COMMAND: POST /session/bb295fd008a8bb8a1f479af6d4955b7d/execute/sync - {"script":"<script> [56 bytes]","args":[{"element-6066-11e4-a52e-4f735466cecf":"f.71C3769F7ED8E40170006504CCA8900A.d.246DBDC53B01818B8AFDCC626BAE4DB4.e.7815","ELEMENT":"f.71C3769F7ED8E40170006504CCA8900A.d.246DBDC53B01818B8AFDCC626BAE4DB4.e.7815"}]}
RESULT: {"script":"<script> [56 bytes]","args":[{"element-6066-11e4-a52e-4f735466cecf":"f.71C3769F7ED8E40170006504CCA8900A.d.246DBDC53B01818B8AFDCC626BAE4DB4.e.7815","ELEMENT":"f.71C3769F7ED8E40170006504CCA8900A.d.246DBDC53B01818B8AFDCC626BAE4DB4.e.7815"}]}
COMMAND: GET /session/bb295fd008a8bb8a1f479af6d4955b7d/element/f.71C3769F7ED8E40170006504CCA8900A.d.246DBDC53B01818B8AFDCC626BAE4DB4.e.7814/attribute/aria-checked - {}
COMMAND: GET /session/bb295fd008a8bb8a1f479af6d4955b7d/screenshot - {}
RESULT: {}
COMMAND: POST /session/bb295fd008a8bb8a1f479af6d4955b7d/element - {"using":"xpath","value":"//table[contains(@id, \"listView-innerSelectionPanelTable-listUl\")]/tbody/tr[10]/td[2]/div/div"}
RESULT: {}
RESULT: {"using":"xpath","value":"//table[contains(@id, \"listView-innerSelectionPanelTable-listUl\")]/tbody/tr[10]/td[2]/div/div"}
COMMAND: POST /session/bb295fd008a8bb8a1f479af6d4955b7d/element - {"using":"xpath","value":"//table[contains(@id, \"listView-innerSelectionPanelTable-listUl\")]/tbody/tr[10]/td[2]/div"}
RESULT: {"using":"xpath","value":"//table[contains(@id, \"listView-innerSelectionPanelTable-listUl\")]/tbody/tr[10]/td[2]/div"}
COMMAND: POST /session/bb295fd008a8bb8a1f479af6d4955b7d/element - {"using":"xpath","value":"//table[contains(@id, \"listView-innerSelectionPanelTable-listUl\")]/tbody/tr[10]/td[3]/div/div/span/span[1]/bdi"}
RESULT: {"using":"xpath","value":"//table[contains(@id, \"listView-innerSelectionPanelTable-listUl\")]/tbody/tr[10]/td[3]/div/div/span/span[1]/bdi"}
COMMAND: POST /session/bb295fd008a8bb8a1f479af6d4955b7d/execute/sync - {"script":"<script> [56 bytes]","args":[{"element-6066-11e4-a52e-4f735466cecf":"f.71C3769F7ED8E40170006504CCA8900A.d.246DBDC53B01818B8AFDCC626BAE4DB4.e.7818","ELEMENT":"f.71C3769F7ED8E40170006504CCA8900A.d.246DBDC53B01818B8AFDCC626BAE4DB4.e.7818"}]}
RESULT: {"script":"<script> [56 bytes]","args":[{"element-6066-11e4-a52e-4f735466cecf":"f.71C3769F7ED8E40170006504CCA8900A.d.246DBDC53B01818B8AFDCC626BAE4DB4.e.7818","ELEMENT":"f.71C3769F7ED8E40170006504CCA8900A.d.246DBDC53B01818B8AFDCC626BAE4DB4.e.7818"}]}
COMMAND: GET /session/bb295fd008a8bb8a1f479af6d4955b7d/element/f.71C3769F7ED8E40170006504CCA8900A.d.246DBDC53B01818B8AFDCC626BAE4DB4.e.7817/attribute/aria-checked - {}
COMMAND: GET /session/bb295fd008a8bb8a1f479af6d4955b7d/screenshot - {}
RESULT: {}
COMMAND: POST /session/bb295fd008a8bb8a1f479af6d4955b7d/element - {"using":"xpath","value":"//table[contains(@id, \"listView-innerSelectionPanelTable-listUl\")]/tbody/tr[11]/td[2]/div/div"}
RESULT: {}
RESULT: {"using":"xpath","value":"//table[contains(@id, \"listView-innerSelectionPanelTable-listUl\")]/tbody/tr[11]/td[2]/div/div"}
COMMAND: POST /session/bb295fd008a8bb8a1f479af6d4955b7d/element - {"using":"xpath","value":"//table[contains(@id, \"listView-innerSelectionPanelTable-listUl\")]/tbody/tr[11]/td[2]/div"}
RESULT: {"using":"xpath","value":"//table[contains(@id, \"listView-innerSelectionPanelTable-listUl\")]/tbody/tr[11]/td[2]/div"}
COMMAND: POST /session/bb295fd008a8bb8a1f479af6d4955b7d/element - {"using":"xpath","value":"//table[contains(@id, \"listView-innerSelectionPanelTable-listUl\")]/tbody/tr[11]/td[3]/div/div/span/span[1]/bdi"}
RESULT: {"using":"xpath","value":"//table[contains(@id, \"listView-innerSelectionPanelTable-listUl\")]/tbody/tr[11]/td[3]/div/div/span/span[1]/bdi"}
COMMAND: POST /session/bb295fd008a8bb8a1f479af6d4955b7d/execute/sync - {"script":"<script> [56 bytes]","args":[{"element-6066-11e4-a52e-4f735466cecf":"f.71C3769F7ED8E40170006504CCA8900A.d.246DBDC53B01818B8AFDCC626BAE4DB4.e.7821","ELEMENT":"f.71C3769F7ED8E40170006504CCA8900A.d.246DBDC53B01818B8AFDCC626BAE4DB4.e.7821"}]}
RESULT: {"script":"<script> [56 bytes]","args":[{"element-6066-11e4-a52e-4f735466cecf":"f.71C3769F7ED8E40170006504CCA8900A.d.246DBDC53B01818B8AFDCC626BAE4DB4.e.7821","ELEMENT":"f.71C3769F7ED8E40170006504CCA8900A.d.246DBDC53B01818B8AFDCC626BAE4DB4.e.7821"}]}
COMMAND: GET /session/bb295fd008a8bb8a1f479af6d4955b7d/element/f.71C3769F7ED8E40170006504CCA8900A.d.246DBDC53B01818B8AFDCC626BAE4DB4.e.7820/attribute/aria-checked - {}
COMMAND: GET /session/bb295fd008a8bb8a1f479af6d4955b7d/screenshot - {}
RESULT: {}
COMMAND: POST /session/bb295fd008a8bb8a1f479af6d4955b7d/element - {"using":"xpath","value":"//table[contains(@id, \"listView-innerSelectionPanelTable-listUl\")]/tbody/tr[12]/td[2]/div/div"}
RESULT: {}
RESULT: {"using":"xpath","value":"//table[contains(@id, \"listView-innerSelectionPanelTable-listUl\")]/tbody/tr[12]/td[2]/div/div"}
COMMAND: POST /session/bb295fd008a8bb8a1f479af6d4955b7d/element - {"using":"xpath","value":"//table[contains(@id, \"listView-innerSelectionPanelTable-listUl\")]/tbody/tr[12]/td[2]/div"}
RESULT: {"using":"xpath","value":"//table[contains(@id, \"listView-innerSelectionPanelTable-listUl\")]/tbody/tr[12]/td[2]/div"}
COMMAND: POST /session/bb295fd008a8bb8a1f479af6d4955b7d/element - {"using":"xpath","value":"//table[contains(@id, \"listView-innerSelectionPanelTable-listUl\")]/tbody/tr[12]/td[3]/div/div/span/span[1]/bdi"}
RESULT: {"using":"xpath","value":"//table[contains(@id, \"listView-innerSelectionPanelTable-listUl\")]/tbody/tr[12]/td[3]/div/div/span/span[1]/bdi"}
COMMAND: POST /session/bb295fd008a8bb8a1f479af6d4955b7d/execute/sync - {"script":"<script> [56 bytes]","args":[{"element-6066-11e4-a52e-4f735466cecf":"f.71C3769F7ED8E40170006504CCA8900A.d.246DBDC53B01818B8AFDCC626BAE4DB4.e.7824","ELEMENT":"f.71C3769F7ED8E40170006504CCA8900A.d.246DBDC53B01818B8AFDCC626BAE4DB4.e.7824"}]}
RESULT: {"script":"<script> [56 bytes]","args":[{"element-6066-11e4-a52e-4f735466cecf":"f.71C3769F7ED8E40170006504CCA8900A.d.246DBDC53B01818B8AFDCC626BAE4DB4.e.7824","ELEMENT":"f.71C3769F7ED8E40170006504CCA8900A.d.246DBDC53B01818B8AFDCC626BAE4DB4.e.7824"}]}
COMMAND: GET /session/bb295fd008a8bb8a1f479af6d4955b7d/element/f.71C3769F7ED8E40170006504CCA8900A.d.246DBDC53B01818B8AFDCC626BAE4DB4.e.7823/attribute/aria-checked - {}
COMMAND: GET /session/bb295fd008a8bb8a1f479af6d4955b7d/screenshot - {}
RESULT: {}
COMMAND: POST /session/bb295fd008a8bb8a1f479af6d4955b7d/element - {"using":"xpath","value":"//table[contains(@id, \"listView-innerSelectionPanelTable-listUl\")]/tbody/tr[13]/td[2]/div/div"}
RESULT: {}
RESULT: {"using":"xpath","value":"//table[contains(@id, \"listView-innerSelectionPanelTable-listUl\")]/tbody/tr[13]/td[2]/div/div"}
COMMAND: POST /session/bb295fd008a8bb8a1f479af6d4955b7d/element - {"using":"xpath","value":"//table[contains(@id, \"listView-innerSelectionPanelTable-listUl\")]/tbody/tr[13]/td[2]/div"}
RESULT: {"using":"xpath","value":"//table[contains(@id, \"listView-innerSelectionPanelTable-listUl\")]/tbody/tr[13]/td[2]/div"}
COMMAND: POST /session/bb295fd008a8bb8a1f479af6d4955b7d/element - {"using":"xpath","value":"//table[contains(@id, \"listView-innerSelectionPanelTable-listUl\")]/tbody/tr[13]/td[3]/div/div/span/span[1]/bdi"}
RESULT: {"using":"xpath","value":"//table[contains(@id, \"listView-innerSelectionPanelTable-listUl\")]/tbody/tr[13]/td[3]/div/div/span/span[1]/bdi"}
COMMAND: POST /session/bb295fd008a8bb8a1f479af6d4955b7d/execute/sync - {"script":"<script> [56 bytes]","args":[{"element-6066-11e4-a52e-4f735466cecf":"f.71C3769F7ED8E40170006504CCA8900A.d.246DBDC53B01818B8AFDCC626BAE4DB4.e.7827","ELEMENT":"f.71C3769F7ED8E40170006504CCA8900A.d.246DBDC53B01818B8AFDCC626BAE4DB4.e.7827"}]}
RESULT: {"script":"<script> [56 bytes]","args":[{"element-6066-11e4-a52e-4f735466cecf":"f.71C3769F7ED8E40170006504CCA8900A.d.246DBDC53B01818B8AFDCC626BAE4DB4.e.7827","ELEMENT":"f.71C3769F7ED8E40170006504CCA8900A.d.246DBDC53B01818B8AFDCC626BAE4DB4.e.7827"}]}
COMMAND: GET /session/bb295fd008a8bb8a1f479af6d4955b7d/element/f.71C3769F7ED8E40170006504CCA8900A.d.246DBDC53B01818B8AFDCC626BAE4DB4.e.7826/attribute/aria-checked - {}
COMMAND: GET /session/bb295fd008a8bb8a1f479af6d4955b7d/screenshot - {}
RESULT: {}
COMMAND: POST /session/bb295fd008a8bb8a1f479af6d4955b7d/element - {"using":"xpath","value":"//table[contains(@id, \"listView-innerSelectionPanelTable-listUl\")]/tbody/tr[14]/td[2]/div/div"}
RESULT: {}
RESULT: {"using":"xpath","value":"//table[contains(@id, \"listView-innerSelectionPanelTable-listUl\")]/tbody/tr[14]/td[2]/div/div"}
COMMAND: POST /session/bb295fd008a8bb8a1f479af6d4955b7d/element - {"using":"xpath","value":"//table[contains(@id, \"listView-innerSelectionPanelTable-listUl\")]/tbody/tr[14]/td[2]/div"}
RESULT: {"using":"xpath","value":"//table[contains(@id, \"listView-innerSelectionPanelTable-listUl\")]/tbody/tr[14]/td[2]/div"}
COMMAND: POST /session/bb295fd008a8bb8a1f479af6d4955b7d/element - {"using":"xpath","value":"//table[contains(@id, \"listView-innerSelectionPanelTable-listUl\")]/tbody/tr[14]/td[3]/div/div/span/span[1]/bdi"}
RESULT: {"using":"xpath","value":"//table[contains(@id, \"listView-innerSelectionPanelTable-listUl\")]/tbody/tr[14]/td[3]/div/div/span/span[1]/bdi"}
COMMAND: POST /session/bb295fd008a8bb8a1f479af6d4955b7d/execute/sync - {"script":"<script> [56 bytes]","args":[{"element-6066-11e4-a52e-4f735466cecf":"f.71C3769F7ED8E40170006504CCA8900A.d.246DBDC53B01818B8AFDCC626BAE4DB4.e.7830","ELEMENT":"f.71C3769F7ED8E40170006504CCA8900A.d.246DBDC53B01818B8AFDCC626BAE4DB4.e.7830"}]}
RESULT: {"script":"<script> [56 bytes]","args":[{"element-6066-11e4-a52e-4f735466cecf":"f.71C3769F7ED8E40170006504CCA8900A.d.246DBDC53B01818B8AFDCC626BAE4DB4.e.7830","ELEMENT":"f.71C3769F7ED8E40170006504CCA8900A.d.246DBDC53B01818B8AFDCC626BAE4DB4.e.7830"}]}
COMMAND: GET /session/bb295fd008a8bb8a1f479af6d4955b7d/element/f.71C3769F7ED8E40170006504CCA8900A.d.246DBDC53B01818B8AFDCC626BAE4DB4.e.7829/attribute/aria-checked - {}
COMMAND: GET /session/bb295fd008a8bb8a1f479af6d4955b7d/screenshot - {}
RESULT: {}
COMMAND: POST /session/bb295fd008a8bb8a1f479af6d4955b7d/element - {"using":"xpath","value":"//table[contains(@id, \"listView-innerSelectionPanelTable-listUl\")]/tbody/tr[15]/td[2]/div/div"}
RESULT: {}
RESULT: {"using":"xpath","value":"//table[contains(@id, \"listView-innerSelectionPanelTable-listUl\")]/tbody/tr[15]/td[2]/div/div"}
COMMAND: POST /session/bb295fd008a8bb8a1f479af6d4955b7d/element - {"using":"xpath","value":"//table[contains(@id, \"listView-innerSelectionPanelTable-listUl\")]/tbody/tr[15]/td[2]/div"}
RESULT: {"using":"xpath","value":"//table[contains(@id, \"listView-innerSelectionPanelTable-listUl\")]/tbody/tr[15]/td[2]/div"}
COMMAND: POST /session/bb295fd008a8bb8a1f479af6d4955b7d/element - {"using":"xpath","value":"//table[contains(@id, \"listView-innerSelectionPanelTable-listUl\")]/tbody/tr[15]/td[3]/div/div/span/span[1]/bdi"}
RESULT: {"using":"xpath","value":"//table[contains(@id, \"listView-innerSelectionPanelTable-listUl\")]/tbody/tr[15]/td[3]/div/div/span/span[1]/bdi"}
COMMAND: POST /session/bb295fd008a8bb8a1f479af6d4955b7d/execute/sync - {"script":"<script> [56 bytes]","args":[{"element-6066-11e4-a52e-4f735466cecf":"f.71C3769F7ED8E40170006504CCA8900A.d.246DBDC53B01818B8AFDCC626BAE4DB4.e.7833","ELEMENT":"f.71C3769F7ED8E40170006504CCA8900A.d.246DBDC53B01818B8AFDCC626BAE4DB4.e.7833"}]}
RESULT: {"script":"<script> [56 bytes]","args":[{"element-6066-11e4-a52e-4f735466cecf":"f.71C3769F7ED8E40170006504CCA8900A.d.246DBDC53B01818B8AFDCC626BAE4DB4.e.7833","ELEMENT":"f.71C3769F7ED8E40170006504CCA8900A.d.246DBDC53B01818B8AFDCC626BAE4DB4.e.7833"}]}
COMMAND: GET /session/bb295fd008a8bb8a1f479af6d4955b7d/element/f.71C3769F7ED8E40170006504CCA8900A.d.246DBDC53B01818B8AFDCC626BAE4DB4.e.7832/attribute/aria-checked - {}
COMMAND: GET /session/bb295fd008a8bb8a1f479af6d4955b7d/screenshot - {}
RESULT: {}
COMMAND: POST /session/bb295fd008a8bb8a1f479af6d4955b7d/element - {"using":"xpath","value":"//table[contains(@id, \"listView-innerSelectionPanelTable-listUl\")]/tbody/tr[16]/td[2]/div/div"}
RESULT: {}
RESULT: {"using":"xpath","value":"//table[contains(@id, \"listView-innerSelectionPanelTable-listUl\")]/tbody/tr[16]/td[2]/div/div"}
COMMAND: POST /session/bb295fd008a8bb8a1f479af6d4955b7d/element - {"using":"xpath","value":"//table[contains(@id, \"listView-innerSelectionPanelTable-listUl\")]/tbody/tr[16]/td[2]/div"}
RESULT: {"using":"xpath","value":"//table[contains(@id, \"listView-innerSelectionPanelTable-listUl\")]/tbody/tr[16]/td[2]/div"}
COMMAND: POST /session/bb295fd008a8bb8a1f479af6d4955b7d/element - {"using":"xpath","value":"//table[contains(@id, \"listView-innerSelectionPanelTable-listUl\")]/tbody/tr[16]/td[3]/div/div/span/span[1]/bdi"}
RESULT: {"using":"xpath","value":"//table[contains(@id, \"listView-innerSelectionPanelTable-listUl\")]/tbody/tr[16]/td[3]/div/div/span/span[1]/bdi"}
COMMAND: POST /session/bb295fd008a8bb8a1f479af6d4955b7d/execute/sync - {"script":"<script> [56 bytes]","args":[{"element-6066-11e4-a52e-4f735466cecf":"f.71C3769F7ED8E40170006504CCA8900A.d.246DBDC53B01818B8AFDCC626BAE4DB4.e.7836","ELEMENT":"f.71C3769F7ED8E40170006504CCA8900A.d.246DBDC53B01818B8AFDCC626BAE4DB4.e.7836"}]}
RESULT: {"script":"<script> [56 bytes]","args":[{"element-6066-11e4-a52e-4f735466cecf":"f.71C3769F7ED8E40170006504CCA8900A.d.246DBDC53B01818B8AFDCC626BAE4DB4.e.7836","ELEMENT":"f.71C3769F7ED8E40170006504CCA8900A.d.246DBDC53B01818B8AFDCC626BAE4DB4.e.7836"}]}
COMMAND: GET /session/bb295fd008a8bb8a1f479af6d4955b7d/element/f.71C3769F7ED8E40170006504CCA8900A.d.246DBDC53B01818B8AFDCC626BAE4DB4.e.7835/attribute/aria-checked - {}
COMMAND: GET /session/bb295fd008a8bb8a1f479af6d4955b7d/screenshot - {}
RESULT: {}
COMMAND: POST /session/bb295fd008a8bb8a1f479af6d4955b7d/element - {"using":"xpath","value":"//table[contains(@id, \"listView-innerSelectionPanelTable-listUl\")]/tbody/tr[17]/td[2]/div/div"}
RESULT: {}
RESULT: {"using":"xpath","value":"//table[contains(@id, \"listView-innerSelectionPanelTable-listUl\")]/tbody/tr[17]/td[2]/div/div"}
COMMAND: POST /session/bb295fd008a8bb8a1f479af6d4955b7d/element - {"using":"xpath","value":"//table[contains(@id, \"listView-innerSelectionPanelTable-listUl\")]/tbody/tr[17]/td[2]/div"}
RESULT: {"using":"xpath","value":"//table[contains(@id, \"listView-innerSelectionPanelTable-listUl\")]/tbody/tr[17]/td[2]/div"}
COMMAND: POST /session/bb295fd008a8bb8a1f479af6d4955b7d/element - {"using":"xpath","value":"//table[contains(@id, \"listView-innerSelectionPanelTable-listUl\")]/tbody/tr[17]/td[3]/div/div/span/span[1]/bdi"}
RESULT: {"using":"xpath","value":"//table[contains(@id, \"listView-innerSelectionPanelTable-listUl\")]/tbody/tr[17]/td[3]/div/div/span/span[1]/bdi"}
COMMAND: POST /session/bb295fd008a8bb8a1f479af6d4955b7d/execute/sync - {"script":"<script> [56 bytes]","args":[{"element-6066-11e4-a52e-4f735466cecf":"f.71C3769F7ED8E40170006504CCA8900A.d.246DBDC53B01818B8AFDCC626BAE4DB4.e.7839","ELEMENT":"f.71C3769F7ED8E40170006504CCA8900A.d.246DBDC53B01818B8AFDCC626BAE4DB4.e.7839"}]}
RESULT: {"script":"<script> [56 bytes]","args":[{"element-6066-11e4-a52e-4f735466cecf":"f.71C3769F7ED8E40170006504CCA8900A.d.246DBDC53B01818B8AFDCC626BAE4DB4.e.7839","ELEMENT":"f.71C3769F7ED8E40170006504CCA8900A.d.246DBDC53B01818B8AFDCC626BAE4DB4.e.7839"}]}
COMMAND: GET /session/bb295fd008a8bb8a1f479af6d4955b7d/element/f.71C3769F7ED8E40170006504CCA8900A.d.246DBDC53B01818B8AFDCC626BAE4DB4.e.7838/attribute/aria-checked - {}
COMMAND: GET /session/bb295fd008a8bb8a1f479af6d4955b7d/screenshot - {}
RESULT: {}
COMMAND: POST /session/bb295fd008a8bb8a1f479af6d4955b7d/element - {"using":"xpath","value":"//table[contains(@id, \"listView-innerSelectionPanelTable-listUl\")]/tbody/tr[18]/td[2]/div/div"}
RESULT: {}
RESULT: {"using":"xpath","value":"//table[contains(@id, \"listView-innerSelectionPanelTable-listUl\")]/tbody/tr[18]/td[2]/div/div"}
COMMAND: POST /session/bb295fd008a8bb8a1f479af6d4955b7d/element - {"using":"xpath","value":"//table[contains(@id, \"listView-innerSelectionPanelTable-listUl\")]/tbody/tr[18]/td[2]/div"}
RESULT: {"using":"xpath","value":"//table[contains(@id, \"listView-innerSelectionPanelTable-listUl\")]/tbody/tr[18]/td[2]/div"}
COMMAND: POST /session/bb295fd008a8bb8a1f479af6d4955b7d/element - {"using":"xpath","value":"//table[contains(@id, \"listView-innerSelectionPanelTable-listUl\")]/tbody/tr[18]/td[3]/div/div/span/span[1]/bdi"}
RESULT: {"using":"xpath","value":"//table[contains(@id, \"listView-innerSelectionPanelTable-listUl\")]/tbody/tr[18]/td[3]/div/div/span/span[1]/bdi"}
COMMAND: POST /session/bb295fd008a8bb8a1f479af6d4955b7d/execute/sync - {"script":"<script> [56 bytes]","args":[{"element-6066-11e4-a52e-4f735466cecf":"f.71C3769F7ED8E40170006504CCA8900A.d.246DBDC53B01818B8AFDCC626BAE4DB4.e.7842","ELEMENT":"f.71C3769F7ED8E40170006504CCA8900A.d.246DBDC53B01818B8AFDCC626BAE4DB4.e.7842"}]}
RESULT: {"script":"<script> [56 bytes]","args":[{"element-6066-11e4-a52e-4f735466cecf":"f.71C3769F7ED8E40170006504CCA8900A.d.246DBDC53B01818B8AFDCC626BAE4DB4.e.7842","ELEMENT":"f.71C3769F7ED8E40170006504CCA8900A.d.246DBDC53B01818B8AFDCC626BAE4DB4.e.7842"}]}
COMMAND: GET /session/bb295fd008a8bb8a1f479af6d4955b7d/element/f.71C3769F7ED8E40170006504CCA8900A.d.246DBDC53B01818B8AFDCC626BAE4DB4.e.7841/attribute/aria-checked - {}
COMMAND: GET /session/bb295fd008a8bb8a1f479af6d4955b7d/screenshot - {}
RESULT: {}
COMMAND: POST /session/bb295fd008a8bb8a1f479af6d4955b7d/element - {"using":"xpath","value":"//table[contains(@id, \"listView-innerSelectionPanelTable-listUl\")]/tbody/tr[19]/td[2]/div/div"}
RESULT: {}
RESULT: {"using":"xpath","value":"//table[contains(@id, \"listView-innerSelectionPanelTable-listUl\")]/tbody/tr[19]/td[2]/div/div"}
COMMAND: POST /session/bb295fd008a8bb8a1f479af6d4955b7d/element - {"using":"xpath","value":"//table[contains(@id, \"listView-innerSelectionPanelTable-listUl\")]/tbody/tr[19]/td[2]/div"}
RESULT: {"using":"xpath","value":"//table[contains(@id, \"listView-innerSelectionPanelTable-listUl\")]/tbody/tr[19]/td[2]/div"}
COMMAND: POST /session/bb295fd008a8bb8a1f479af6d4955b7d/element - {"using":"xpath","value":"//table[contains(@id, \"listView-innerSelectionPanelTable-listUl\")]/tbody/tr[19]/td[3]/div/div/span/span[1]/bdi"}
RESULT: {"using":"xpath","value":"//table[contains(@id, \"listView-innerSelectionPanelTable-listUl\")]/tbody/tr[19]/td[3]/div/div/span/span[1]/bdi"}
COMMAND: POST /session/bb295fd008a8bb8a1f479af6d4955b7d/execute/sync - {"script":"<script> [56 bytes]","args":[{"element-6066-11e4-a52e-4f735466cecf":"f.71C3769F7ED8E40170006504CCA8900A.d.246DBDC53B01818B8AFDCC626BAE4DB4.e.7845","ELEMENT":"f.71C3769F7ED8E40170006504CCA8900A.d.246DBDC53B01818B8AFDCC626BAE4DB4.e.7845"}]}
RESULT: {"script":"<script> [56 bytes]","args":[{"element-6066-11e4-a52e-4f735466cecf":"f.71C3769F7ED8E40170006504CCA8900A.d.246DBDC53B01818B8AFDCC626BAE4DB4.e.7845","ELEMENT":"f.71C3769F7ED8E40170006504CCA8900A.d.246DBDC53B01818B8AFDCC626BAE4DB4.e.7845"}]}
COMMAND: GET /session/bb295fd008a8bb8a1f479af6d4955b7d/element/f.71C3769F7ED8E40170006504CCA8900A.d.246DBDC53B01818B8AFDCC626BAE4DB4.e.7844/attribute/aria-checked - {}
COMMAND: GET /session/bb295fd008a8bb8a1f479af6d4955b7d/screenshot - {}
RESULT: {}
COMMAND: POST /session/bb295fd008a8bb8a1f479af6d4955b7d/element - {"using":"xpath","value":"//table[contains(@id, \"listView-innerSelectionPanelTable-listUl\")]/tbody/tr[20]/td[2]/div/div"}
RESULT: {}
RESULT: {"using":"xpath","value":"//table[contains(@id, \"listView-innerSelectionPanelTable-listUl\")]/tbody/tr[20]/td[2]/div/div"}
COMMAND: POST /session/bb295fd008a8bb8a1f479af6d4955b7d/element - {"using":"xpath","value":"//table[contains(@id, \"listView-innerSelectionPanelTable-listUl\")]/tbody/tr[20]/td[2]/div"}
RESULT: {"using":"xpath","value":"//table[contains(@id, \"listView-innerSelectionPanelTable-listUl\")]/tbody/tr[20]/td[2]/div"}
COMMAND: POST /session/bb295fd008a8bb8a1f479af6d4955b7d/element - {"using":"xpath","value":"//table[contains(@id, \"listView-innerSelectionPanelTable-listUl\")]/tbody/tr[20]/td[3]/div/div/span/span[1]/bdi"}
RESULT: {"using":"xpath","value":"//table[contains(@id, \"listView-innerSelectionPanelTable-listUl\")]/tbody/tr[20]/td[3]/div/div/span/span[1]/bdi"}
COMMAND: POST /session/bb295fd008a8bb8a1f479af6d4955b7d/execute/sync - {"script":"<script> [56 bytes]","args":[{"element-6066-11e4-a52e-4f735466cecf":"f.71C3769F7ED8E40170006504CCA8900A.d.246DBDC53B01818B8AFDCC626BAE4DB4.e.7848","ELEMENT":"f.71C3769F7ED8E40170006504CCA8900A.d.246DBDC53B01818B8AFDCC626BAE4DB4.e.7848"}]}
RESULT: {"script":"<script> [56 bytes]","args":[{"element-6066-11e4-a52e-4f735466cecf":"f.71C3769F7ED8E40170006504CCA8900A.d.246DBDC53B01818B8AFDCC626BAE4DB4.e.7848","ELEMENT":"f.71C3769F7ED8E40170006504CCA8900A.d.246DBDC53B01818B8AFDCC626BAE4DB4.e.7848"}]}
COMMAND: GET /session/bb295fd008a8bb8a1f479af6d4955b7d/element/f.71C3769F7ED8E40170006504CCA8900A.d.246DBDC53B01818B8AFDCC626BAE4DB4.e.7847/attribute/aria-checked - {}
COMMAND: GET /session/bb295fd008a8bb8a1f479af6d4955b7d/screenshot - {}
RESULT: {}
COMMAND: POST /session/bb295fd008a8bb8a1f479af6d4955b7d/element - {"using":"xpath","value":"//table[contains(@id, \"listView-innerSelectionPanelTable-listUl\")]/tbody/tr[21]/td[2]/div/div"}
COMMAND: POST /session/bb295fd008a8bb8a1f479af6d4955b7d/element/f.71C3769F7ED8E40170006504CCA8900A.d.246DBDC53B01818B8AFDCC626BAE4DB4.e.7846/click - {}
RESULT: {}
RESULT: {}
COMMAND: GET /session/bb295fd008a8bb8a1f479af6d4955b7d/screenshot - {}
RESULT: {"using":"xpath","value":"//table[contains(@id, \"listView-innerSelectionPanelTable-listUl\")]/tbody/tr[21]/td[2]/div/div"}
COMMAND: POST /session/bb295fd008a8bb8a1f479af6d4955b7d/element - {"using":"xpath","value":"//table[contains(@id, \"listView-innerSelectionPanelTable-listUl\")]/tbody/tr[21]/td[2]/div"}
RESULT: {}
RESULT: {"using":"xpath","value":"//table[contains(@id, \"listView-innerSelectionPanelTable-listUl\")]/tbody/tr[21]/td[2]/div"}
COMMAND: POST /session/bb295fd008a8bb8a1f479af6d4955b7d/element - {"using":"xpath","value":"//table[contains(@id, \"listView-innerSelectionPanelTable-listUl\")]/tbody/tr[21]/td[3]/div/div/span/span[1]/bdi"}
RESULT: {"using":"xpath","value":"//table[contains(@id, \"listView-innerSelectionPanelTable-listUl\")]/tbody/tr[21]/td[3]/div/div/span/span[1]/bdi"}
COMMAND: POST /session/bb295fd008a8bb8a1f479af6d4955b7d/execute/sync - {"script":"<script> [56 bytes]","args":[{"element-6066-11e4-a52e-4f735466cecf":"f.71C3769F7ED8E40170006504CCA8900A.d.246DBDC53B01818B8AFDCC626BAE4DB4.e.7854","ELEMENT":"f.71C3769F7ED8E40170006504CCA8900A.d.246DBDC53B01818B8AFDCC626BAE4DB4.e.7854"}]}
RESULT: {"script":"<script> [56 bytes]","args":[{"element-6066-11e4-a52e-4f735466cecf":"f.71C3769F7ED8E40170006504CCA8900A.d.246DBDC53B01818B8AFDCC626BAE4DB4.e.7854","ELEMENT":"f.71C3769F7ED8E40170006504CCA8900A.d.246DBDC53B01818B8AFDCC626BAE4DB4.e.7854"}]}
COMMAND: GET /session/bb295fd008a8bb8a1f479af6d4955b7d/element/f.71C3769F7ED8E40170006504CCA8900A.d.246DBDC53B01818B8AFDCC626BAE4DB4.e.7853/attribute/aria-checked - {}
COMMAND: GET /session/bb295fd008a8bb8a1f479af6d4955b7d/screenshot - {}
RESULT: {}
COMMAND: POST /session/bb295fd008a8bb8a1f479af6d4955b7d/element - {"using":"xpath","value":"//table[contains(@id, \"listView-innerSelectionPanelTable-listUl\")]/tbody/tr[22]/td[2]/div/div"}
COMMAND: POST /session/bb295fd008a8bb8a1f479af6d4955b7d/element/f.71C3769F7ED8E40170006504CCA8900A.d.246DBDC53B01818B8AFDCC626BAE4DB4.e.7852/click - {}
RESULT: {}
RESULT: {"using":"xpath","value":"//table[contains(@id, \"listView-innerSelectionPanelTable-listUl\")]/tbody/tr[22]/td[2]/div/div"}
COMMAND: POST /session/bb295fd008a8bb8a1f479af6d4955b7d/element - {"using":"xpath","value":"//table[contains(@id, \"listView-innerSelectionPanelTable-listUl\")]/tbody/tr[22]/td[2]/div"}
RESULT: {}
COMMAND: GET /session/bb295fd008a8bb8a1f479af6d4955b7d/screenshot - {}
RESULT: {"using":"xpath","value":"//table[contains(@id, \"listView-innerSelectionPanelTable-listUl\")]/tbody/tr[22]/td[2]/div"}
COMMAND: POST /session/bb295fd008a8bb8a1f479af6d4955b7d/element - {"using":"xpath","value":"//table[contains(@id, \"listView-innerSelectionPanelTable-listUl\")]/tbody/tr[22]/td[3]/div/div/span/span[1]/bdi"}
RESULT: {}
RESULT: {"using":"xpath","value":"//table[contains(@id, \"listView-innerSelectionPanelTable-listUl\")]/tbody/tr[22]/td[3]/div/div/span/span[1]/bdi"}
COMMAND: POST /session/bb295fd008a8bb8a1f479af6d4955b7d/execute/sync - {"script":"<script> [56 bytes]","args":[{"element-6066-11e4-a52e-4f735466cecf":"f.71C3769F7ED8E40170006504CCA8900A.d.246DBDC53B01818B8AFDCC626BAE4DB4.e.7858","ELEMENT":"f.71C3769F7ED8E40170006504CCA8900A.d.246DBDC53B01818B8AFDCC626BAE4DB4.e.7858"}]}
RESULT: {"script":"<script> [56 bytes]","args":[{"element-6066-11e4-a52e-4f735466cecf":"f.71C3769F7ED8E40170006504CCA8900A.d.246DBDC53B01818B8AFDCC626BAE4DB4.e.7858","ELEMENT":"f.71C3769F7ED8E40170006504CCA8900A.d.246DBDC53B01818B8AFDCC626BAE4DB4.e.7858"}]}
COMMAND: GET /session/bb295fd008a8bb8a1f479af6d4955b7d/element/f.71C3769F7ED8E40170006504CCA8900A.d.246DBDC53B01818B8AFDCC626BAE4DB4.e.7857/attribute/aria-checked - {}
COMMAND: GET /session/bb295fd008a8bb8a1f479af6d4955b7d/screenshot - {}
RESULT: {}
COMMAND: POST /session/bb295fd008a8bb8a1f479af6d4955b7d/element - {"using":"xpath","value":"//table[contains(@id, \"listView-innerSelectionPanelTable-listUl\")]/tbody/tr[23]/td[2]/div/div"}
RESULT: {}
RESULT: {"using":"xpath","value":"//table[contains(@id, \"listView-innerSelectionPanelTable-listUl\")]/tbody/tr[23]/td[2]/div/div"}
COMMAND: POST /session/bb295fd008a8bb8a1f479af6d4955b7d/element - {"using":"xpath","value":"//table[contains(@id, \"listView-innerSelectionPanelTable-listUl\")]/tbody/tr[23]/td[2]/div"}
RESULT: {"using":"xpath","value":"//table[contains(@id, \"listView-innerSelectionPanelTable-listUl\")]/tbody/tr[23]/td[2]/div"}
COMMAND: POST /session/bb295fd008a8bb8a1f479af6d4955b7d/element - {"using":"xpath","value":"//table[contains(@id, \"listView-innerSelectionPanelTable-listUl\")]/tbody/tr[23]/td[3]/div/div/span/span[1]/bdi"}
RESULT: {"using":"xpath","value":"//table[contains(@id, \"listView-innerSelectionPanelTable-listUl\")]/tbody/tr[23]/td[3]/div/div/span/span[1]/bdi"}
COMMAND: POST /session/bb295fd008a8bb8a1f479af6d4955b7d/execute/sync - {"script":"<script> [56 bytes]","args":[{"element-6066-11e4-a52e-4f735466cecf":"f.71C3769F7ED8E40170006504CCA8900A.d.246DBDC53B01818B8AFDCC626BAE4DB4.e.7861","ELEMENT":"f.71C3769F7ED8E40170006504CCA8900A.d.246DBDC53B01818B8AFDCC626BAE4DB4.e.7861"}]}
RESULT: {"script":"<script> [56 bytes]","args":[{"element-6066-11e4-a52e-4f735466cecf":"f.71C3769F7ED8E40170006504CCA8900A.d.246DBDC53B01818B8AFDCC626BAE4DB4.e.7861","ELEMENT":"f.71C3769F7ED8E40170006504CCA8900A.d.246DBDC53B01818B8AFDCC626BAE4DB4.e.7861"}]}
COMMAND: GET /session/bb295fd008a8bb8a1f479af6d4955b7d/element/f.71C3769F7ED8E40170006504CCA8900A.d.246DBDC53B01818B8AFDCC626BAE4DB4.e.7860/attribute/aria-checked - {}
COMMAND: GET /session/bb295fd008a8bb8a1f479af6d4955b7d/screenshot - {}
RESULT: {}
COMMAND: POST /session/bb295fd008a8bb8a1f479af6d4955b7d/element - {"using":"xpath","value":"//table[contains(@id, \"listView-innerSelectionPanelTable-listUl\")]/tbody/tr[24]/td[2]/div/div"}
RESULT: {}
RESULT: {"using":"xpath","value":"//table[contains(@id, \"listView-innerSelectionPanelTable-listUl\")]/tbody/tr[24]/td[2]/div/div"}
COMMAND: POST /session/bb295fd008a8bb8a1f479af6d4955b7d/element - {"using":"xpath","value":"//table[contains(@id, \"listView-innerSelectionPanelTable-listUl\")]/tbody/tr[24]/td[2]/div"}
RESULT: {"using":"xpath","value":"//table[contains(@id, \"listView-innerSelectionPanelTable-listUl\")]/tbody/tr[24]/td[2]/div"}
COMMAND: POST /session/bb295fd008a8bb8a1f479af6d4955b7d/element - {"using":"xpath","value":"//table[contains(@id, \"listView-innerSelectionPanelTable-listUl\")]/tbody/tr[24]/td[3]/div/div/span/span[1]/bdi"}
RESULT: {"using":"xpath","value":"//table[contains(@id, \"listView-innerSelectionPanelTable-listUl\")]/tbody/tr[24]/td[3]/div/div/span/span[1]/bdi"}
COMMAND: POST /session/bb295fd008a8bb8a1f479af6d4955b7d/execute/sync - {"script":"<script> [56 bytes]","args":[{"element-6066-11e4-a52e-4f735466cecf":"f.71C3769F7ED8E40170006504CCA8900A.d.246DBDC53B01818B8AFDCC626BAE4DB4.e.7864","ELEMENT":"f.71C3769F7ED8E40170006504CCA8900A.d.246DBDC53B01818B8AFDCC626BAE4DB4.e.7864"}]}
RESULT: {"script":"<script> [56 bytes]","args":[{"element-6066-11e4-a52e-4f735466cecf":"f.71C3769F7ED8E40170006504CCA8900A.d.246DBDC53B01818B8AFDCC626BAE4DB4.e.7864","ELEMENT":"f.71C3769F7ED8E40170006504CCA8900A.d.246DBDC53B01818B8AFDCC626BAE4DB4.e.7864"}]}
COMMAND: GET /session/bb295fd008a8bb8a1f479af6d4955b7d/element/f.71C3769F7ED8E40170006504CCA8900A.d.246DBDC53B01818B8AFDCC626BAE4DB4.e.7863/attribute/aria-checked - {}
COMMAND: GET /session/bb295fd008a8bb8a1f479af6d4955b7d/screenshot - {}
RESULT: {}
COMMAND: POST /session/bb295fd008a8bb8a1f479af6d4955b7d/element - {"using":"xpath","value":"//table[contains(@id, \"listView-innerSelectionPanelTable-listUl\")]/tbody/tr[25]/td[2]/div/div"}
RESULT: {}
RESULT: {"using":"xpath","value":"//table[contains(@id, \"listView-innerSelectionPanelTable-listUl\")]/tbody/tr[25]/td[2]/div/div"}
COMMAND: POST /session/bb295fd008a8bb8a1f479af6d4955b7d/element - {"using":"xpath","value":"//table[contains(@id, \"listView-innerSelectionPanelTable-listUl\")]/tbody/tr[25]/td[2]/div"}
RESULT: {"using":"xpath","value":"//table[contains(@id, \"listView-innerSelectionPanelTable-listUl\")]/tbody/tr[25]/td[2]/div"}
COMMAND: POST /session/bb295fd008a8bb8a1f479af6d4955b7d/element - {"using":"xpath","value":"//table[contains(@id, \"listView-innerSelectionPanelTable-listUl\")]/tbody/tr[25]/td[3]/div/div/span/span[1]/bdi"}
RESULT: {"using":"xpath","value":"//table[contains(@id, \"listView-innerSelectionPanelTable-listUl\")]/tbody/tr[25]/td[3]/div/div/span/span[1]/bdi"}
COMMAND: POST /session/bb295fd008a8bb8a1f479af6d4955b7d/execute/sync - {"script":"<script> [56 bytes]","args":[{"element-6066-11e4-a52e-4f735466cecf":"f.71C3769F7ED8E40170006504CCA8900A.d.246DBDC53B01818B8AFDCC626BAE4DB4.e.7867","ELEMENT":"f.71C3769F7ED8E40170006504CCA8900A.d.246DBDC53B01818B8AFDCC626BAE4DB4.e.7867"}]}
RESULT: {"script":"<script> [56 bytes]","args":[{"element-6066-11e4-a52e-4f735466cecf":"f.71C3769F7ED8E40170006504CCA8900A.d.246DBDC53B01818B8AFDCC626BAE4DB4.e.7867","ELEMENT":"f.71C3769F7ED8E40170006504CCA8900A.d.246DBDC53B01818B8AFDCC626BAE4DB4.e.7867"}]}
COMMAND: GET /session/bb295fd008a8bb8a1f479af6d4955b7d/element/f.71C3769F7ED8E40170006504CCA8900A.d.246DBDC53B01818B8AFDCC626BAE4DB4.e.7866/attribute/aria-checked - {}
COMMAND: GET /session/bb295fd008a8bb8a1f479af6d4955b7d/screenshot - {}
RESULT: {}
COMMAND: POST /session/bb295fd008a8bb8a1f479af6d4955b7d/element - {"using":"xpath","value":"//bdi[contains(text(), \"OK\")]"}
RESULT: {}
RESULT: {"using":"xpath","value":"//bdi[contains(text(), \"OK\")]"}
COMMAND: POST /session/bb295fd008a8bb8a1f479af6d4955b7d/element/f.71C3769F7ED8E40170006504CCA8900A.d.246DBDC53B01818B8AFDCC626BAE4DB4.e.7868/click - {}
RESULT: {}
COMMAND: GET /session/bb295fd008a8bb8a1f479af6d4955b7d/screenshot - {}
RESULT: {}
COMMAND: POST /session/bb295fd008a8bb8a1f479af6d4955b7d/execute/async - {"script":"<script> [1562 bytes]","args":[{"selector":{"id":"application-managepartners-display-component---masterPtm--smartFilterBar-filterItemControlA_-LINK_TO_ADDRESSES_MAIN.ID-vhi"},"wdio_ui5_key":"applicationmanagepartners-display-component---masterPtm--smartFilterBar-filterItemControlA_-LINK_TO_ADDRESSES_MAIN.ID-vhi"}]}
RESULT: {"script":"<script> [1562 bytes]","args":[{"selector":{"id":"application-managepartners-display-component---masterPtm--smartFilterBar-filterItemControlA_-LINK_TO_ADDRESSES_MAIN.ID-vhi"},"wdio_ui5_key":"applicationmanagepartners-display-component---masterPtm--smartFilterBar-filterItemControlA_-LINK_TO_ADDRESSES_MAIN.ID-vhi"}]}
RESULT: undefined
COMMAND: POST /session/bb295fd008a8bb8a1f479af6d4955b7d/element - {"using":"xpath","value":"//*[@id=\"application-managepartners-display-component---masterPtm--smartFilterBar-filterItemControlA_-LINK_TO_ADDRESSES_MAIN.ID-vhi\"]"}
RESULT: {"using":"xpath","value":"//*[@id=\"application-managepartners-display-component---masterPtm--smartFilterBar-filterItemControlA_-LINK_TO_ADDRESSES_MAIN.ID-vhi\"]"}
COMMAND: POST /session/bb295fd008a8bb8a1f479af6d4955b7d/element/f.71C3769F7ED8E40170006504CCA8900A.d.246DBDC53B01818B8AFDCC626BAE4DB4.e.7881/click - {}
RESULT: {}
COMMAND: GET /session/bb295fd008a8bb8a1f479af6d4955b7d/screenshot - {}
RESULT: {}
COMMAND: POST /session/bb295fd008a8bb8a1f479af6d4955b7d/execute/async - {"script":"<script> [1562 bytes]","args":[{"selector":{"controlType":"sap.ui.core.Icon","viewName":"etm.portal.ui.managepartners.view.Master","viewId":"application-managepartners-display-component---masterPtm","properties":{"src":{"regex":{"source":"slim\\-arrow\\-down"}}},"searchOpenDialogs":true},"wdio_ui5_key":"etmportal.ui.managepartners.view.Mastersap.ui.core.Icon{\"src\":{\"regex\":{\"source\":\"slim\\\\-arrow\\\\-down\"}}}"}]}
RESULT: {"script":"<script> [1562 bytes]","args":[{"selector":{"controlType":"sap.ui.core.Icon","viewName":"etm.portal.ui.managepartners.view.Master","viewId":"application-managepartners-display-component---masterPtm","properties":{"src":{"regex":{"source":"slim\\-arrow\\-down"}}},"searchOpenDialogs":true},"wdio_ui5_key":"etmportal.ui.managepartners.view.Mastersap.ui.core.Icon{\"src\":{\"regex\":{\"source\":\"slim\\\\-arrow\\\\-down\"}}}"}]}
RESULT: undefined
COMMAND: POST /session/bb295fd008a8bb8a1f479af6d4955b7d/element - {"using":"xpath","value":"//*[@id=\"__box77-arrow\"]"}
RESULT: {"using":"xpath","value":"//*[@id=\"__box77-arrow\"]"}
COMMAND: POST /session/bb295fd008a8bb8a1f479af6d4955b7d/element/f.71C3769F7ED8E40170006504CCA8900A.d.246DBDC53B01818B8AFDCC626BAE4DB4.e.7886/click - {}
RESULT: {}
COMMAND: GET /session/bb295fd008a8bb8a1f479af6d4955b7d/screenshot - {}
RESULT: {}
COMMAND: POST /session/bb295fd008a8bb8a1f479af6d4955b7d/element - {"using":"xpath","value":"//li[.//span[text()='equal to']]"}
RESULT: {"using":"xpath","value":"//li[.//span[text()='equal to']]"}
COMMAND: POST /session/bb295fd008a8bb8a1f479af6d4955b7d/element/f.71C3769F7ED8E40170006504CCA8900A.d.246DBDC53B01818B8AFDCC626BAE4DB4.e.7887/click - {}
RESULT: {}
COMMAND: GET /session/bb295fd008a8bb8a1f479af6d4955b7d/screenshot - {}
RESULT: {}
RESULT: undefined
COMMAND: POST /session/bb295fd008a8bb8a1f479af6d4955b7d/execute/async - {"script":"<script> [776 bytes]","args":[{"enterText":"1006","selector":{"controlType":"sap.m.Input","viewName":"etm.portal.ui.managepartners.view.Master","viewId":"application-managepartners-display-component---masterPtm","properties":{"valueState":"None"},"searchOpenDialogs":true,"interaction":{"idSuffix":"inner"}},"clearTextFirst":true,"interactionType":"ENTER_TEXT"}]}
RESULT: {"script":"<script> [776 bytes]","args":[{"enterText":"1006","selector":{"controlType":"sap.m.Input","viewName":"etm.portal.ui.managepartners.view.Master","viewId":"application-managepartners-display-component---masterPtm","properties":{"valueState":"None"},"searchOpenDialogs":true,"interaction":{"idSuffix":"inner"}},"clearTextFirst":true,"interactionType":"ENTER_TEXT"}]}
COMMAND: POST /session/bb295fd008a8bb8a1f479af6d4955b7d/actions - {"actions":[{"id":"action22","type":"key","parameters":{},"actions":[{"type":"keyDown","value":"î€‡"},{"type":"pause","duration":10},{"type":"keyUp","value":"î€‡"}]}]}
RESULT: {"actions":[{"id":"action22","type":"key","parameters":{},"actions":[{"type":"keyDown","value":"î€‡"},{"type":"pause","duration":10},{"type":"keyUp","value":"î€‡"}]}]}
COMMAND: GET /session/bb295fd008a8bb8a1f479af6d4955b7d/screenshot - {}
RESULT: {}
COMMAND: POST /session/bb295fd008a8bb8a1f479af6d4955b7d/element - {"using":"xpath","value":"(//bdi[contains(text(), \"OK\")])[1]"}
RESULT: {"using":"xpath","value":"(//bdi[contains(text(), \"OK\")])[1]"}
COMMAND: POST /session/bb295fd008a8bb8a1f479af6d4955b7d/element/f.71C3769F7ED8E40170006504CCA8900A.d.246DBDC53B01818B8AFDCC626BAE4DB4.e.7888/click - {}
RESULT: {}
COMMAND: GET /session/bb295fd008a8bb8a1f479af6d4955b7d/screenshot - {}
RESULT: {}
COMMAND: POST /session/bb295fd008a8bb8a1f479af6d4955b7d/element - {"using":"xpath","value":"//span[@id=\"application-managepartners-display-component---masterPtm--smartTable-header-inner\"]"}
RESULT: {"using":"xpath","value":"//span[@id=\"application-managepartners-display-component---masterPtm--smartTable-header-inner\"]"}
COMMAND: POST /session/bb295fd008a8bb8a1f479af6d4955b7d/elements - {"using":"xpath","value":"//span[@id=\"application-managepartners-display-component---masterPtm--smartTable-header-inner\"]"}
RESULT: {"using":"xpath","value":"//span[@id=\"application-managepartners-display-component---masterPtm--smartTable-header-inner\"]"}
COMMAND: POST /session/bb295fd008a8bb8a1f479af6d4955b7d/execute/sync - {"script":"<script> [56 bytes]","args":[{"element-6066-11e4-a52e-4f735466cecf":"f.71C3769F7ED8E40170006504CCA8900A.d.246DBDC53B01818B8AFDCC626BAE4DB4.e.7726","ELEMENT":"f.71C3769F7ED8E40170006504CCA8900A.d.246DBDC53B01818B8AFDCC626BAE4DB4.e.7726"}]}
RESULT: {"script":"<script> [56 bytes]","args":[{"element-6066-11e4-a52e-4f735466cecf":"f.71C3769F7ED8E40170006504CCA8900A.d.246DBDC53B01818B8AFDCC626BAE4DB4.e.7726","ELEMENT":"f.71C3769F7ED8E40170006504CCA8900A.d.246DBDC53B01818B8AFDCC626BAE4DB4.e.7726"}]}
COMMAND: POST /session/bb295fd008a8bb8a1f479af6d4955b7d/element - {"using":"xpath","value":"//span[contains(@title, \"Remove\")]"}
COMMAND: GET /session/bb295fd008a8bb8a1f479af6d4955b7d/screenshot - {}
RESULT: {"using":"xpath","value":"//span[contains(@title, \"Remove\")]"}
COMMAND: POST /session/bb295fd008a8bb8a1f479af6d4955b7d/element/f.71C3769F7ED8E40170006504CCA8900A.d.246DBDC53B01818B8AFDCC626BAE4DB4.e.7892/click - {}
RESULT: {}
RESULT: {}
COMMAND: GET /session/bb295fd008a8bb8a1f479af6d4955b7d/screenshot - {}
RESULT: {}
RESULT: undefined
COMMAND: POST /session/bb295fd008a8bb8a1f479af6d4955b7d/element - {"using":"xpath","value":"//*[@id=\"application-managepartners-display-component---masterPtm--smartFilterBar-filterItemControl_BASIC-YARD-vhi\"]"}
RESULT: {"using":"xpath","value":"//*[@id=\"application-managepartners-display-component---masterPtm--smartFilterBar-filterItemControl_BASIC-YARD-vhi\"]"}
COMMAND: POST /session/bb295fd008a8bb8a1f479af6d4955b7d/element/f.71C3769F7ED8E40170006504CCA8900A.d.246DBDC53B01818B8AFDCC626BAE4DB4.e.7996/click - {}
RESULT: {}
COMMAND: GET /session/bb295fd008a8bb8a1f479af6d4955b7d/screenshot - {}
RESULT: {}
RESULT: undefined
COMMAND: POST /session/bb295fd008a8bb8a1f479af6d4955b7d/execute/async - {"script":"<script> [776 bytes]","args":[{"enterText":"Test","selector":{"id":"application-managepartners-display-component---masterPtm--smartFilterBar-filterItemControl_BASIC-YARD-valueHelpDialog-smartFilterBar-btnBasicSearch","searchOpenDialogs":true,"interaction":{"idSuffix":"I"}},"clearTextFirst":true,"interactionType":"ENTER_TEXT"}]}
RESULT: {"script":"<script> [776 bytes]","args":[{"enterText":"Test","selector":{"id":"application-managepartners-display-component---masterPtm--smartFilterBar-filterItemControl_BASIC-YARD-valueHelpDialog-smartFilterBar-btnBasicSearch","searchOpenDialogs":true,"interaction":{"idSuffix":"I"}},"clearTextFirst":true,"interactionType":"ENTER_TEXT"}]}
COMMAND: POST /session/bb295fd008a8bb8a1f479af6d4955b7d/actions - {"actions":[{"id":"action23","type":"key","parameters":{},"actions":[{"type":"keyDown","value":"î€‡"},{"type":"pause","duration":10},{"type":"keyUp","value":"î€‡"}]}]}
RESULT: {"actions":[{"id":"action23","type":"key","parameters":{},"actions":[{"type":"keyDown","value":"î€‡"},{"type":"pause","duration":10},{"type":"keyUp","value":"î€‡"}]}]}
COMMAND: POST /session/bb295fd008a8bb8a1f479af6d4955b7d/elements - {"using":"xpath","value":"//table[contains(@id, \"smartFilterBar-filterItemControl_BASIC-YARD-valueHelpDialog-table-table\")]/tbody/tr"}
COMMAND: GET /session/bb295fd008a8bb8a1f479af6d4955b7d/screenshot - {}
RESULT: {"using":"xpath","value":"//table[contains(@id, \"smartFilterBar-filterItemControl_BASIC-YARD-valueHelpDialog-table-table\")]/tbody/tr"}
COMMAND: POST /session/bb295fd008a8bb8a1f479af6d4955b7d/element - {"using":"xpath","value":"//table[contains(@id, \"smartFilterBar-filterItemControl_BASIC-YARD-valueHelpDialog-table-table\")]/tbody/tr[1]/td[1]/div/span"}
RESULT: {}
RESULT: {"using":"xpath","value":"//table[contains(@id, \"smartFilterBar-filterItemControl_BASIC-YARD-valueHelpDialog-table-table\")]/tbody/tr[1]/td[1]/div/span"}
COMMAND: POST /session/bb295fd008a8bb8a1f479af6d4955b7d/elements - {"using":"xpath","value":"//table[contains(@id, \"smartFilterBar-filterItemControl_BASIC-YARD-valueHelpDialog-table-table\")]/tbody/tr[1]/td[1]/div/span"}
RESULT: {"using":"xpath","value":"//table[contains(@id, \"smartFilterBar-filterItemControl_BASIC-YARD-valueHelpDialog-table-table\")]/tbody/tr[1]/td[1]/div/span"}
COMMAND: POST /session/bb295fd008a8bb8a1f479af6d4955b7d/execute/sync - {"script":"<script> [56 bytes]","args":[{"element-6066-11e4-a52e-4f735466cecf":"f.71C3769F7ED8E40170006504CCA8900A.d.246DBDC53B01818B8AFDCC626BAE4DB4.e.8015","ELEMENT":"f.71C3769F7ED8E40170006504CCA8900A.d.246DBDC53B01818B8AFDCC626BAE4DB4.e.8015"}]}
RESULT: {"script":"<script> [56 bytes]","args":[{"element-6066-11e4-a52e-4f735466cecf":"f.71C3769F7ED8E40170006504CCA8900A.d.246DBDC53B01818B8AFDCC626BAE4DB4.e.8015","ELEMENT":"f.71C3769F7ED8E40170006504CCA8900A.d.246DBDC53B01818B8AFDCC626BAE4DB4.e.8015"}]}
COMMAND: POST /session/bb295fd008a8bb8a1f479af6d4955b7d/element - {"using":"xpath","value":"//table[contains(@id, \"smartFilterBar-filterItemControl_BASIC-YARD-valueHelpDialog-table-table\")]/tbody/tr[2]/td[1]/div/span"}
COMMAND: GET /session/bb295fd008a8bb8a1f479af6d4955b7d/screenshot - {}
RESULT: {"using":"xpath","value":"//table[contains(@id, \"smartFilterBar-filterItemControl_BASIC-YARD-valueHelpDialog-table-table\")]/tbody/tr[2]/td[1]/div/span"}
COMMAND: POST /session/bb295fd008a8bb8a1f479af6d4955b7d/elements - {"using":"xpath","value":"//table[contains(@id, \"smartFilterBar-filterItemControl_BASIC-YARD-valueHelpDialog-table-table\")]/tbody/tr[2]/td[1]/div/span"}
RESULT: {}
RESULT: {"using":"xpath","value":"//table[contains(@id, \"smartFilterBar-filterItemControl_BASIC-YARD-valueHelpDialog-table-table\")]/tbody/tr[2]/td[1]/div/span"}
COMMAND: POST /session/bb295fd008a8bb8a1f479af6d4955b7d/execute/sync - {"script":"<script> [56 bytes]","args":[{"element-6066-11e4-a52e-4f735466cecf":"f.71C3769F7ED8E40170006504CCA8900A.d.246DBDC53B01818B8AFDCC626BAE4DB4.e.8016","ELEMENT":"f.71C3769F7ED8E40170006504CCA8900A.d.246DBDC53B01818B8AFDCC626BAE4DB4.e.8016"}]}
RESULT: {"script":"<script> [56 bytes]","args":[{"element-6066-11e4-a52e-4f735466cecf":"f.71C3769F7ED8E40170006504CCA8900A.d.246DBDC53B01818B8AFDCC626BAE4DB4.e.8016","ELEMENT":"f.71C3769F7ED8E40170006504CCA8900A.d.246DBDC53B01818B8AFDCC626BAE4DB4.e.8016"}]}
COMMAND: POST /session/bb295fd008a8bb8a1f479af6d4955b7d/element - {"using":"xpath","value":"//table[contains(@id, \"smartFilterBar-filterItemControl_BASIC-YARD-valueHelpDialog-table-table\")]/tbody/tr[3]/td[1]/div/span"}
COMMAND: GET /session/bb295fd008a8bb8a1f479af6d4955b7d/screenshot - {}
RESULT: {"using":"xpath","value":"//table[contains(@id, \"smartFilterBar-filterItemControl_BASIC-YARD-valueHelpDialog-table-table\")]/tbody/tr[3]/td[1]/div/span"}
COMMAND: POST /session/bb295fd008a8bb8a1f479af6d4955b7d/elements - {"using":"xpath","value":"//table[contains(@id, \"smartFilterBar-filterItemControl_BASIC-YARD-valueHelpDialog-table-table\")]/tbody/tr[3]/td[1]/div/span"}
RESULT: {}
RESULT: {"using":"xpath","value":"//table[contains(@id, \"smartFilterBar-filterItemControl_BASIC-YARD-valueHelpDialog-table-table\")]/tbody/tr[3]/td[1]/div/span"}
COMMAND: POST /session/bb295fd008a8bb8a1f479af6d4955b7d/execute/sync - {"script":"<script> [56 bytes]","args":[{"element-6066-11e4-a52e-4f735466cecf":"f.71C3769F7ED8E40170006504CCA8900A.d.246DBDC53B01818B8AFDCC626BAE4DB4.e.8017","ELEMENT":"f.71C3769F7ED8E40170006504CCA8900A.d.246DBDC53B01818B8AFDCC626BAE4DB4.e.8017"}]}
RESULT: {"script":"<script> [56 bytes]","args":[{"element-6066-11e4-a52e-4f735466cecf":"f.71C3769F7ED8E40170006504CCA8900A.d.246DBDC53B01818B8AFDCC626BAE4DB4.e.8017","ELEMENT":"f.71C3769F7ED8E40170006504CCA8900A.d.246DBDC53B01818B8AFDCC626BAE4DB4.e.8017"}]}
COMMAND: POST /session/bb295fd008a8bb8a1f479af6d4955b7d/element - {"using":"xpath","value":"//div[contains(@id, \"filterItemControl_BASIC-YARD-valueHelpDialog-table-rowsel2\")]"}
COMMAND: GET /session/bb295fd008a8bb8a1f479af6d4955b7d/screenshot - {}
RESULT: {"using":"xpath","value":"//div[contains(@id, \"filterItemControl_BASIC-YARD-valueHelpDialog-table-rowsel2\")]"}
COMMAND: POST /session/bb295fd008a8bb8a1f479af6d4955b7d/element/f.71C3769F7ED8E40170006504CCA8900A.d.246DBDC53B01818B8AFDCC626BAE4DB4.e.8018/click - {}
RESULT: {}
RESULT: {}
COMMAND: GET /session/bb295fd008a8bb8a1f479af6d4955b7d/screenshot - {}
RESULT: {}
COMMAND: POST /session/bb295fd008a8bb8a1f479af6d4955b7d/element - {"using":"xpath","value":"(//bdi[contains(text(), \"OK\")])[1]"}
RESULT: {"using":"xpath","value":"(//bdi[contains(text(), \"OK\")])[1]"}
COMMAND: POST /session/bb295fd008a8bb8a1f479af6d4955b7d/element/f.71C3769F7ED8E40170006504CCA8900A.d.246DBDC53B01818B8AFDCC626BAE4DB4.e.8020/click - {}
RESULT: {}
COMMAND: GET /session/bb295fd008a8bb8a1f479af6d4955b7d/screenshot - {}
RESULT: {}
COMMAND: POST /session/bb295fd008a8bb8a1f479af6d4955b7d/element - {"using":"xpath","value":"//span[@id=\"application-managepartners-display-component---masterPtm--smartTable-header-inner\"]"}
RESULT: {"using":"xpath","value":"//span[@id=\"application-managepartners-display-component---masterPtm--smartTable-header-inner\"]"}
COMMAND: POST /session/bb295fd008a8bb8a1f479af6d4955b7d/elements - {"using":"xpath","value":"//span[@id=\"application-managepartners-display-component---masterPtm--smartTable-header-inner\"]"}
RESULT: {"using":"xpath","value":"//span[@id=\"application-managepartners-display-component---masterPtm--smartTable-header-inner\"]"}
COMMAND: POST /session/bb295fd008a8bb8a1f479af6d4955b7d/execute/sync - {"script":"<script> [56 bytes]","args":[{"element-6066-11e4-a52e-4f735466cecf":"f.71C3769F7ED8E40170006504CCA8900A.d.246DBDC53B01818B8AFDCC626BAE4DB4.e.7726","ELEMENT":"f.71C3769F7ED8E40170006504CCA8900A.d.246DBDC53B01818B8AFDCC626BAE4DB4.e.7726"}]}
RESULT: {"script":"<script> [56 bytes]","args":[{"element-6066-11e4-a52e-4f735466cecf":"f.71C3769F7ED8E40170006504CCA8900A.d.246DBDC53B01818B8AFDCC626BAE4DB4.e.7726","ELEMENT":"f.71C3769F7ED8E40170006504CCA8900A.d.246DBDC53B01818B8AFDCC626BAE4DB4.e.7726"}]}
COMMAND: POST /session/bb295fd008a8bb8a1f479af6d4955b7d/element - {"using":"xpath","value":"//span[contains(@title, \"Remove\")]"}
COMMAND: GET /session/bb295fd008a8bb8a1f479af6d4955b7d/screenshot - {}
RESULT: {"using":"xpath","value":"//span[contains(@title, \"Remove\")]"}
COMMAND: POST /session/bb295fd008a8bb8a1f479af6d4955b7d/element/f.71C3769F7ED8E40170006504CCA8900A.d.246DBDC53B01818B8AFDCC626BAE4DB4.e.8033/click - {}
RESULT: {}
RESULT: {}
COMMAND: GET /session/bb295fd008a8bb8a1f479af6d4955b7d/screenshot - {}
RESULT: {}
RESULT: undefined
COMMAND: POST /session/bb295fd008a8bb8a1f479af6d4955b7d/element - {"using":"xpath","value":"//*[@id=\"application-managepartners-display-component---masterPtm--smartFilterBar-filterItemControl_BASIC-MAIN_ADDRESS-vhi\"]"}
RESULT: {"using":"xpath","value":"//*[@id=\"application-managepartners-display-component---masterPtm--smartFilterBar-filterItemControl_BASIC-MAIN_ADDRESS-vhi\"]"}
COMMAND: POST /session/bb295fd008a8bb8a1f479af6d4955b7d/element/f.71C3769F7ED8E40170006504CCA8900A.d.246DBDC53B01818B8AFDCC626BAE4DB4.e.8137/click - {}
RESULT: {}
COMMAND: GET /session/bb295fd008a8bb8a1f479af6d4955b7d/screenshot - {}
RESULT: {}
RESULT: undefined
COMMAND: POST /session/bb295fd008a8bb8a1f479af6d4955b7d/execute/async - {"script":"<script> [776 bytes]","args":[{"enterText":"Romania","selector":{"id":"application-managepartners-display-component---masterPtm--smartFilterBar-filterItemControl_BASIC-MAIN_ADDRESS-valueHelpDialog-smartFilterBar-btnBasicSearch","searchOpenDialogs":true,"interaction":{"idSuffix":"I"}},"clearTextFirst":true,"interactionType":"ENTER_TEXT"}]}
RESULT: {"script":"<script> [776 bytes]","args":[{"enterText":"Romania","selector":{"id":"application-managepartners-display-component---masterPtm--smartFilterBar-filterItemControl_BASIC-MAIN_ADDRESS-valueHelpDialog-smartFilterBar-btnBasicSearch","searchOpenDialogs":true,"interaction":{"idSuffix":"I"}},"clearTextFirst":true,"interactionType":"ENTER_TEXT"}]}
COMMAND: POST /session/bb295fd008a8bb8a1f479af6d4955b7d/actions - {"actions":[{"id":"action24","type":"key","parameters":{},"actions":[{"type":"keyDown","value":"î€‡"},{"type":"pause","duration":10},{"type":"keyUp","value":"î€‡"}]}]}
RESULT: {"actions":[{"id":"action24","type":"key","parameters":{},"actions":[{"type":"keyDown","value":"î€‡"},{"type":"pause","duration":10},{"type":"keyUp","value":"î€‡"}]}]}
COMMAND: POST /session/bb295fd008a8bb8a1f479af6d4955b7d/elements - {"using":"xpath","value":"//table[contains(@id, \"smartFilterBar-filterItemControl_BASIC-MAIN_ADDRESS-valueHelpDialog-table-table\")]/tbody/tr"}
COMMAND: GET /session/bb295fd008a8bb8a1f479af6d4955b7d/screenshot - {}
RESULT: {"using":"xpath","value":"//table[contains(@id, \"smartFilterBar-filterItemControl_BASIC-MAIN_ADDRESS-valueHelpDialog-table-table\")]/tbody/tr"}
COMMAND: POST /session/bb295fd008a8bb8a1f479af6d4955b7d/element - {"using":"xpath","value":"//table[contains(@id, \"smartFilterBar-filterItemControl_BASIC-MAIN_ADDRESS-valueHelpDialog-table-table\")]/tbody/tr[1]/td[1]/div/span"}
RESULT: {}
RESULT: {"using":"xpath","value":"//table[contains(@id, \"smartFilterBar-filterItemControl_BASIC-MAIN_ADDRESS-valueHelpDialog-table-table\")]/tbody/tr[1]/td[1]/div/span"}
COMMAND: POST /session/bb295fd008a8bb8a1f479af6d4955b7d/elements - {"using":"xpath","value":"//table[contains(@id, \"smartFilterBar-filterItemControl_BASIC-MAIN_ADDRESS-valueHelpDialog-table-table\")]/tbody/tr[1]/td[1]/div/span"}
RESULT: {"using":"xpath","value":"//table[contains(@id, \"smartFilterBar-filterItemControl_BASIC-MAIN_ADDRESS-valueHelpDialog-table-table\")]/tbody/tr[1]/td[1]/div/span"}
COMMAND: POST /session/bb295fd008a8bb8a1f479af6d4955b7d/execute/sync - {"script":"<script> [56 bytes]","args":[{"element-6066-11e4-a52e-4f735466cecf":"f.71C3769F7ED8E40170006504CCA8900A.d.246DBDC53B01818B8AFDCC626BAE4DB4.e.8156","ELEMENT":"f.71C3769F7ED8E40170006504CCA8900A.d.246DBDC53B01818B8AFDCC626BAE4DB4.e.8156"}]}
RESULT: {"script":"<script> [56 bytes]","args":[{"element-6066-11e4-a52e-4f735466cecf":"f.71C3769F7ED8E40170006504CCA8900A.d.246DBDC53B01818B8AFDCC626BAE4DB4.e.8156","ELEMENT":"f.71C3769F7ED8E40170006504CCA8900A.d.246DBDC53B01818B8AFDCC626BAE4DB4.e.8156"}]}
COMMAND: POST /session/bb295fd008a8bb8a1f479af6d4955b7d/element - {"using":"xpath","value":"//div[contains(@id, \"filterItemControl_BASIC-MAIN_ADDRESS-valueHelpDialog-table-rowsel0\")]"}
COMMAND: GET /session/bb295fd008a8bb8a1f479af6d4955b7d/screenshot - {}
RESULT: {"using":"xpath","value":"//div[contains(@id, \"filterItemControl_BASIC-MAIN_ADDRESS-valueHelpDialog-table-rowsel0\")]"}
COMMAND: POST /session/bb295fd008a8bb8a1f479af6d4955b7d/element/f.71C3769F7ED8E40170006504CCA8900A.d.246DBDC53B01818B8AFDCC626BAE4DB4.e.8157/click - {}
RESULT: {}
RESULT: {}
COMMAND: GET /session/bb295fd008a8bb8a1f479af6d4955b7d/screenshot - {}
RESULT: {}
COMMAND: POST /session/bb295fd008a8bb8a1f479af6d4955b7d/element - {"using":"xpath","value":"(//bdi[contains(text(), \"OK\")])[1]"}
RESULT: {"using":"xpath","value":"(//bdi[contains(text(), \"OK\")])[1]"}
COMMAND: POST /session/bb295fd008a8bb8a1f479af6d4955b7d/element/f.71C3769F7ED8E40170006504CCA8900A.d.246DBDC53B01818B8AFDCC626BAE4DB4.e.8159/click - {}
RESULT: {}
COMMAND: GET /session/bb295fd008a8bb8a1f479af6d4955b7d/screenshot - {}
RESULT: {}
COMMAND: POST /session/bb295fd008a8bb8a1f479af6d4955b7d/element - {"using":"xpath","value":"//span[@id=\"application-managepartners-display-component---masterPtm--smartTable-header-inner\"]"}
RESULT: {"using":"xpath","value":"//span[@id=\"application-managepartners-display-component---masterPtm--smartTable-header-inner\"]"}
COMMAND: POST /session/bb295fd008a8bb8a1f479af6d4955b7d/elements - {"using":"xpath","value":"//span[@id=\"application-managepartners-display-component---masterPtm--smartTable-header-inner\"]"}
RESULT: {"using":"xpath","value":"//span[@id=\"application-managepartners-display-component---masterPtm--smartTable-header-inner\"]"}
COMMAND: POST /session/bb295fd008a8bb8a1f479af6d4955b7d/execute/sync - {"script":"<script> [56 bytes]","args":[{"element-6066-11e4-a52e-4f735466cecf":"f.71C3769F7ED8E40170006504CCA8900A.d.246DBDC53B01818B8AFDCC626BAE4DB4.e.7726","ELEMENT":"f.71C3769F7ED8E40170006504CCA8900A.d.246DBDC53B01818B8AFDCC626BAE4DB4.e.7726"}]}
RESULT: {"script":"<script> [56 bytes]","args":[{"element-6066-11e4-a52e-4f735466cecf":"f.71C3769F7ED8E40170006504CCA8900A.d.246DBDC53B01818B8AFDCC626BAE4DB4.e.7726","ELEMENT":"f.71C3769F7ED8E40170006504CCA8900A.d.246DBDC53B01818B8AFDCC626BAE4DB4.e.7726"}]}
COMMAND: POST /session/bb295fd008a8bb8a1f479af6d4955b7d/element - {"using":"xpath","value":"//span[contains(@title, \"Remove\")]"}
COMMAND: GET /session/bb295fd008a8bb8a1f479af6d4955b7d/screenshot - {}
RESULT: {"using":"xpath","value":"//span[contains(@title, \"Remove\")]"}
COMMAND: POST /session/bb295fd008a8bb8a1f479af6d4955b7d/element/f.71C3769F7ED8E40170006504CCA8900A.d.246DBDC53B01818B8AFDCC626BAE4DB4.e.8172/click - {}
RESULT: {}
RESULT: {}
COMMAND: GET /session/bb295fd008a8bb8a1f479af6d4955b7d/screenshot - {}
RESULT: {}
COMMAND: POST /session/bb295fd008a8bb8a1f479af6d4955b7d/execute/async - {"script":"<script> [1562 bytes]","args":[{"selector":{"id":"application-managepartners-display-component---masterPtm--catalogs-arrow"},"wdio_ui5_key":"applicationmanagepartners-display-component---masterPtm--catalogs-arrow"}]}
RESULT: {"script":"<script> [1562 bytes]","args":[{"selector":{"id":"application-managepartners-display-component---masterPtm--catalogs-arrow"},"wdio_ui5_key":"applicationmanagepartners-display-component---masterPtm--catalogs-arrow"}]}
RESULT: undefined
COMMAND: POST /session/bb295fd008a8bb8a1f479af6d4955b7d/element - {"using":"xpath","value":"//*[@id=\"application-managepartners-display-component---masterPtm--catalogs-arrow\"]"}
RESULT: {"using":"xpath","value":"//*[@id=\"application-managepartners-display-component---masterPtm--catalogs-arrow\"]"}
COMMAND: POST /session/bb295fd008a8bb8a1f479af6d4955b7d/element/f.71C3769F7ED8E40170006504CCA8900A.d.246DBDC53B01818B8AFDCC626BAE4DB4.e.8277/click - {}
RESULT: {}
COMMAND: GET /session/bb295fd008a8bb8a1f479af6d4955b7d/screenshot - {}
RESULT: {}
COMMAND: POST /session/bb295fd008a8bb8a1f479af6d4955b7d/element - {"using":"xpath","value":"//li[.//span[text()=\"Webshop Catalog\"]]//div[contains(@class,\"sapMCbBg\")]"}
RESULT: {"using":"xpath","value":"//li[.//span[text()=\"Webshop Catalog\"]]//div[contains(@class,\"sapMCbBg\")]"}
COMMAND: POST /session/bb295fd008a8bb8a1f479af6d4955b7d/element/f.71C3769F7ED8E40170006504CCA8900A.d.246DBDC53B01818B8AFDCC626BAE4DB4.e.8289/click - {}
RESULT: {}
COMMAND: GET /session/bb295fd008a8bb8a1f479af6d4955b7d/screenshot - {}
RESULT: {}
RESULT: undefined
COMMAND: POST /session/bb295fd008a8bb8a1f479af6d4955b7d/element - {"using":"xpath","value":"//*[@id=\"application-managepartners-display-component---masterPtm--catalogs-arrow\"]"}
RESULT: {"using":"xpath","value":"//*[@id=\"application-managepartners-display-component---masterPtm--catalogs-arrow\"]"}
COMMAND: POST /session/bb295fd008a8bb8a1f479af6d4955b7d/element/f.71C3769F7ED8E40170006504CCA8900A.d.246DBDC53B01818B8AFDCC626BAE4DB4.e.8277/click - {}
RESULT: {}
COMMAND: POST /session/bb295fd008a8bb8a1f479af6d4955b7d/element - {"using":"xpath","value":"//span[@id=\"application-managepartners-display-component---masterPtm--smartTable-header-inner\"]"}
COMMAND: GET /session/bb295fd008a8bb8a1f479af6d4955b7d/screenshot - {}
RESULT: {"using":"xpath","value":"//span[@id=\"application-managepartners-display-component---masterPtm--smartTable-header-inner\"]"}
COMMAND: POST /session/bb295fd008a8bb8a1f479af6d4955b7d/elements - {"using":"xpath","value":"//span[@id=\"application-managepartners-display-component---masterPtm--smartTable-header-inner\"]"}
RESULT: {}
RESULT: {"using":"xpath","value":"//span[@id=\"application-managepartners-display-component---masterPtm--smartTable-header-inner\"]"}
COMMAND: POST /session/bb295fd008a8bb8a1f479af6d4955b7d/execute/sync - {"script":"<script> [56 bytes]","args":[{"element-6066-11e4-a52e-4f735466cecf":"f.71C3769F7ED8E40170006504CCA8900A.d.246DBDC53B01818B8AFDCC626BAE4DB4.e.7726","ELEMENT":"f.71C3769F7ED8E40170006504CCA8900A.d.246DBDC53B01818B8AFDCC626BAE4DB4.e.7726"}]}
RESULT: {"script":"<script> [56 bytes]","args":[{"element-6066-11e4-a52e-4f735466cecf":"f.71C3769F7ED8E40170006504CCA8900A.d.246DBDC53B01818B8AFDCC626BAE4DB4.e.7726","ELEMENT":"f.71C3769F7ED8E40170006504CCA8900A.d.246DBDC53B01818B8AFDCC626BAE4DB4.e.7726"}]}
COMMAND: GET /session/bb295fd008a8bb8a1f479af6d4955b7d/screenshot - {}
COMMAND: GET /session/bb295fd008a8bb8a1f479af6d4955b7d/screenshot - {}
RESULT: {}
]]></system-out>
      <system-err><![CDATA[
TypeError: Cannot read properties of null (reading '0')
    at Context.<anonymous> (D:\a\1\s\test\specs\BTS\manage-partners.spec.js:976:97)
]]></system-err>
    </testcase>
    <testcase classname="chrome.135_0_7049_96.windows.Partner_specific_tests_US150819_US151080_US151654_US151176_US103444_US151078_US151079_US151109_US151174_US151175_US151189" name="Should do various searches US151175" time="182.754">
      <skipped />
      <system-out><![CDATA[
COMMAND: POST /session/bb295fd008a8bb8a1f479af6d4955b7d/element - {"using":"xpath","value":"//li[.//span[text()=\"Manage Partners\"]]"}
RESULT: {}
RESULT: {"using":"xpath","value":"//li[.//span[text()=\"Manage Partners\"]]"}
COMMAND: POST /session/bb295fd008a8bb8a1f479af6d4955b7d/element - {"using":"xpath","value":"//li[.//span[text()=\"Manage Partners\"]]"}
RESULT: {"using":"xpath","value":"//li[.//span[text()=\"Manage Partners\"]]"}
COMMAND: POST /session/bb295fd008a8bb8a1f479af6d4955b7d/element - {"using":"css selector","value":"#shell-header-logo"}
RESULT: {"using":"css selector","value":"#shell-header-logo"}
COMMAND: POST /session/bb295fd008a8bb8a1f479af6d4955b7d/element/f.71C3769F7ED8E40170006504CCA8900A.d.246DBDC53B01818B8AFDCC626BAE4DB4.e.7556/click - {}
COMMAND: POST /session/bb295fd008a8bb8a1f479af6d4955b7d/execute/sync - {"script":"<script> [8489 bytes]","args":[{"element-6066-11e4-a52e-4f735466cecf":"f.71C3769F7ED8E40170006504CCA8900A.d.246DBDC53B01818B8AFDCC626BAE4DB4.e.7556","ELEMENT":"f.71C3769F7ED8E40170006504CCA8900A.d.246DBDC53B01818B8AFDCC626BAE4DB4.e.7556"}]}
RESULT: {}
COMMAND: GET /session/bb295fd008a8bb8a1f479af6d4955b7d/screenshot - {}
COMMAND: POST /session/bb295fd008a8bb8a1f479af6d4955b7d/element - {"using":"css selector","value":"#shell-header-logo"}
RESULT: {}
RESULT: {"using":"css selector","value":"#shell-header-logo"}
COMMAND: POST /session/bb295fd008a8bb8a1f479af6d4955b7d/execute/sync - {"script":"<script> [8489 bytes]","args":[{"element-6066-11e4-a52e-4f735466cecf":"f.71C3769F7ED8E40170006504CCA8900A.d.246DBDC53B01818B8AFDCC626BAE4DB4.e.8304","ELEMENT":"f.71C3769F7ED8E40170006504CCA8900A.d.246DBDC53B01818B8AFDCC626BAE4DB4.e.8304"}]}
RESULT: {"script":"<script> [8489 bytes]","args":[{"element-6066-11e4-a52e-4f735466cecf":"f.71C3769F7ED8E40170006504CCA8900A.d.246DBDC53B01818B8AFDCC626BAE4DB4.e.8304","ELEMENT":"f.71C3769F7ED8E40170006504CCA8900A.d.246DBDC53B01818B8AFDCC626BAE4DB4.e.8304"}]}
COMMAND: POST /session/bb295fd008a8bb8a1f479af6d4955b7d/execute/sync - {"script":"<script> [5351 bytes]","args":[{"element-6066-11e4-a52e-4f735466cecf":"f.71C3769F7ED8E40170006504CCA8900A.d.246DBDC53B01818B8AFDCC626BAE4DB4.e.8304","ELEMENT":"f.71C3769F7ED8E40170006504CCA8900A.d.246DBDC53B01818B8AFDCC626BAE4DB4.e.8304"}]}
COMMAND: GET /session/bb295fd008a8bb8a1f479af6d4955b7d/screenshot - {}
RESULT: {"script":"<script> [5351 bytes]","args":[{"element-6066-11e4-a52e-4f735466cecf":"f.71C3769F7ED8E40170006504CCA8900A.d.246DBDC53B01818B8AFDCC626BAE4DB4.e.8304","ELEMENT":"f.71C3769F7ED8E40170006504CCA8900A.d.246DBDC53B01818B8AFDCC626BAE4DB4.e.8304"}]}
COMMAND: GET /session/bb295fd008a8bb8a1f479af6d4955b7d/screenshot - {}
RESULT: {}
RESULT: {}
RESULT: undefined
COMMAND: POST /session/bb295fd008a8bb8a1f479af6d4955b7d/element - {"using":"xpath","value":"//*[@id=\"__tile30\"]"}
RESULT: {"using":"xpath","value":"//*[@id=\"__tile30\"]"}
COMMAND: POST /session/bb295fd008a8bb8a1f479af6d4955b7d/element/f.71C3769F7ED8E40170006504CCA8900A.d.246DBDC53B01818B8AFDCC626BAE4DB4.e.4496/click - {}
RESULT: {}
COMMAND: POST /session/bb295fd008a8bb8a1f479af6d4955b7d/element - {"using":"xpath","value":"//button[@data-kt=\"addButton\"]"}
COMMAND: GET /session/bb295fd008a8bb8a1f479af6d4955b7d/screenshot - {}
RESULT: {"using":"xpath","value":"//button[@data-kt=\"addButton\"]"}
COMMAND: POST /session/bb295fd008a8bb8a1f479af6d4955b7d/elements - {"using":"xpath","value":"//button[@data-kt=\"addButton\"]"}
RESULT: {}
RESULT: {"using":"xpath","value":"//button[@data-kt=\"addButton\"]"}
COMMAND: POST /session/bb295fd008a8bb8a1f479af6d4955b7d/elements - {"using":"xpath","value":"//button[@data-kt=\"addButton\"]"}
RESULT: {"using":"xpath","value":"//button[@data-kt=\"addButton\"]"}
COMMAND: POST /session/bb295fd008a8bb8a1f479af6d4955b7d/element - {"using":"xpath","value":"//button[@data-kt=\"addButton\"]"}
RESULT: {"using":"xpath","value":"//button[@data-kt=\"addButton\"]"}
COMMAND: POST /session/bb295fd008a8bb8a1f479af6d4955b7d/execute/sync - {"script":"<script> [8489 bytes]","args":[{"element-6066-11e4-a52e-4f735466cecf":"f.71C3769F7ED8E40170006504CCA8900A.d.246DBDC53B01818B8AFDCC626BAE4DB4.e.8349","ELEMENT":"f.71C3769F7ED8E40170006504CCA8900A.d.246DBDC53B01818B8AFDCC626BAE4DB4.e.8349"}]}
RESULT: {"script":"<script> [8489 bytes]","args":[{"element-6066-11e4-a52e-4f735466cecf":"f.71C3769F7ED8E40170006504CCA8900A.d.246DBDC53B01818B8AFDCC626BAE4DB4.e.8349","ELEMENT":"f.71C3769F7ED8E40170006504CCA8900A.d.246DBDC53B01818B8AFDCC626BAE4DB4.e.8349"}]}
COMMAND: GET /session/bb295fd008a8bb8a1f479af6d4955b7d/element/f.71C3769F7ED8E40170006504CCA8900A.d.246DBDC53B01818B8AFDCC626BAE4DB4.e.8349/enabled - {}
COMMAND: GET /session/bb295fd008a8bb8a1f479af6d4955b7d/screenshot - {}
RESULT: {}
COMMAND: POST /session/bb295fd008a8bb8a1f479af6d4955b7d/execute/sync - {"script":"<script> [8489 bytes]","args":[{"element-6066-11e4-a52e-4f735466cecf":"f.71C3769F7ED8E40170006504CCA8900A.d.246DBDC53B01818B8AFDCC626BAE4DB4.e.8349","ELEMENT":"f.71C3769F7ED8E40170006504CCA8900A.d.246DBDC53B01818B8AFDCC626BAE4DB4.e.8349"}]}
COMMAND: GET /session/bb295fd008a8bb8a1f479af6d4955b7d/screenshot - {}
RESULT: {}
RESULT: {"script":"<script> [8489 bytes]","args":[{"element-6066-11e4-a52e-4f735466cecf":"f.71C3769F7ED8E40170006504CCA8900A.d.246DBDC53B01818B8AFDCC626BAE4DB4.e.8349","ELEMENT":"f.71C3769F7ED8E40170006504CCA8900A.d.246DBDC53B01818B8AFDCC626BAE4DB4.e.8349"}]}
COMMAND: POST /session/bb295fd008a8bb8a1f479af6d4955b7d/execute/sync - {"script":"<script> [5351 bytes]","args":[{"element-6066-11e4-a52e-4f735466cecf":"f.71C3769F7ED8E40170006504CCA8900A.d.246DBDC53B01818B8AFDCC626BAE4DB4.e.8349","ELEMENT":"f.71C3769F7ED8E40170006504CCA8900A.d.246DBDC53B01818B8AFDCC626BAE4DB4.e.8349"}]}
COMMAND: GET /session/bb295fd008a8bb8a1f479af6d4955b7d/screenshot - {}
RESULT: {}
RESULT: {"script":"<script> [5351 bytes]","args":[{"element-6066-11e4-a52e-4f735466cecf":"f.71C3769F7ED8E40170006504CCA8900A.d.246DBDC53B01818B8AFDCC626BAE4DB4.e.8349","ELEMENT":"f.71C3769F7ED8E40170006504CCA8900A.d.246DBDC53B01818B8AFDCC626BAE4DB4.e.8349"}]}
COMMAND: GET /session/bb295fd008a8bb8a1f479af6d4955b7d/screenshot - {}
RESULT: {}
RESULT: {}
COMMAND: POST /session/bb295fd008a8bb8a1f479af6d4955b7d/element - {"using":"xpath","value":"//span[@id=\"application-managepartners-display-component---masterPtm--smartTable-header-inner\"]"}
RESULT: {"using":"xpath","value":"//span[@id=\"application-managepartners-display-component---masterPtm--smartTable-header-inner\"]"}
COMMAND: POST /session/bb295fd008a8bb8a1f479af6d4955b7d/elements - {"using":"xpath","value":"//span[@id=\"application-managepartners-display-component---masterPtm--smartTable-header-inner\"]"}
RESULT: {"using":"xpath","value":"//span[@id=\"application-managepartners-display-component---masterPtm--smartTable-header-inner\"]"}
COMMAND: POST /session/bb295fd008a8bb8a1f479af6d4955b7d/execute/sync - {"script":"<script> [56 bytes]","args":[{"element-6066-11e4-a52e-4f735466cecf":"f.71C3769F7ED8E40170006504CCA8900A.d.246DBDC53B01818B8AFDCC626BAE4DB4.e.8472","ELEMENT":"f.71C3769F7ED8E40170006504CCA8900A.d.246DBDC53B01818B8AFDCC626BAE4DB4.e.8472"}]}
RESULT: {"script":"<script> [56 bytes]","args":[{"element-6066-11e4-a52e-4f735466cecf":"f.71C3769F7ED8E40170006504CCA8900A.d.246DBDC53B01818B8AFDCC626BAE4DB4.e.8472","ELEMENT":"f.71C3769F7ED8E40170006504CCA8900A.d.246DBDC53B01818B8AFDCC626BAE4DB4.e.8472"}]}
RESULT: undefined
COMMAND: POST /session/bb295fd008a8bb8a1f479af6d4955b7d/element - {"using":"xpath","value":"//*[@id=\"application-managepartners-display-component---masterPtm--smartFilterBar-btnFilters\"]"}
COMMAND: GET /session/bb295fd008a8bb8a1f479af6d4955b7d/screenshot - {}
RESULT: {"using":"xpath","value":"//*[@id=\"application-managepartners-display-component---masterPtm--smartFilterBar-btnFilters\"]"}
COMMAND: POST /session/bb295fd008a8bb8a1f479af6d4955b7d/element/f.71C3769F7ED8E40170006504CCA8900A.d.246DBDC53B01818B8AFDCC626BAE4DB4.e.8313/click - {}
RESULT: {}
RESULT: {}
COMMAND: GET /session/bb295fd008a8bb8a1f479af6d4955b7d/screenshot - {}
RESULT: {}
COMMAND: POST /session/bb295fd008a8bb8a1f479af6d4955b7d/elements - {"using":"xpath","value":"//table[contains(@id, \"listView-innerSelectionPanelTable-listUl\")]/tbody/tr"}
RESULT: {"using":"xpath","value":"//table[contains(@id, \"listView-innerSelectionPanelTable-listUl\")]/tbody/tr"}
COMMAND: POST /session/bb295fd008a8bb8a1f479af6d4955b7d/element - {"using":"xpath","value":"//table[contains(@id, \"listView-innerSelectionPanelTable-listUl\")]/tbody/tr[2]/td[2]/div/div"}
RESULT: {"using":"xpath","value":"//table[contains(@id, \"listView-innerSelectionPanelTable-listUl\")]/tbody/tr[2]/td[2]/div/div"}
COMMAND: POST /session/bb295fd008a8bb8a1f479af6d4955b7d/element - {"using":"xpath","value":"//table[contains(@id, \"listView-innerSelectionPanelTable-listUl\")]/tbody/tr[2]/td[2]/div"}
RESULT: {"using":"xpath","value":"//table[contains(@id, \"listView-innerSelectionPanelTable-listUl\")]/tbody/tr[2]/td[2]/div"}
COMMAND: POST /session/bb295fd008a8bb8a1f479af6d4955b7d/element - {"using":"xpath","value":"//table[contains(@id, \"listView-innerSelectionPanelTable-listUl\")]/tbody/tr[2]/td[3]/div/div/span/span[1]/bdi"}
RESULT: {"using":"xpath","value":"//table[contains(@id, \"listView-innerSelectionPanelTable-listUl\")]/tbody/tr[2]/td[3]/div/div/span/span[1]/bdi"}
COMMAND: POST /session/bb295fd008a8bb8a1f479af6d4955b7d/execute/sync - {"script":"<script> [56 bytes]","args":[{"element-6066-11e4-a52e-4f735466cecf":"f.71C3769F7ED8E40170006504CCA8900A.d.246DBDC53B01818B8AFDCC626BAE4DB4.e.8540","ELEMENT":"f.71C3769F7ED8E40170006504CCA8900A.d.246DBDC53B01818B8AFDCC626BAE4DB4.e.8540"}]}
RESULT: {"script":"<script> [56 bytes]","args":[{"element-6066-11e4-a52e-4f735466cecf":"f.71C3769F7ED8E40170006504CCA8900A.d.246DBDC53B01818B8AFDCC626BAE4DB4.e.8540","ELEMENT":"f.71C3769F7ED8E40170006504CCA8900A.d.246DBDC53B01818B8AFDCC626BAE4DB4.e.8540"}]}
COMMAND: GET /session/bb295fd008a8bb8a1f479af6d4955b7d/element/f.71C3769F7ED8E40170006504CCA8900A.d.246DBDC53B01818B8AFDCC626BAE4DB4.e.8539/attribute/aria-checked - {}
COMMAND: GET /session/bb295fd008a8bb8a1f479af6d4955b7d/screenshot - {}
RESULT: {}
COMMAND: POST /session/bb295fd008a8bb8a1f479af6d4955b7d/element - {"using":"xpath","value":"//table[contains(@id, \"listView-innerSelectionPanelTable-listUl\")]/tbody/tr[3]/td[2]/div/div"}
RESULT: {}
RESULT: {"using":"xpath","value":"//table[contains(@id, \"listView-innerSelectionPanelTable-listUl\")]/tbody/tr[3]/td[2]/div/div"}
COMMAND: POST /session/bb295fd008a8bb8a1f479af6d4955b7d/element - {"using":"xpath","value":"//table[contains(@id, \"listView-innerSelectionPanelTable-listUl\")]/tbody/tr[3]/td[2]/div"}
RESULT: {"using":"xpath","value":"//table[contains(@id, \"listView-innerSelectionPanelTable-listUl\")]/tbody/tr[3]/td[2]/div"}
COMMAND: POST /session/bb295fd008a8bb8a1f479af6d4955b7d/element - {"using":"xpath","value":"//table[contains(@id, \"listView-innerSelectionPanelTable-listUl\")]/tbody/tr[3]/td[3]/div/div/span/span[1]/bdi"}
RESULT: {"using":"xpath","value":"//table[contains(@id, \"listView-innerSelectionPanelTable-listUl\")]/tbody/tr[3]/td[3]/div/div/span/span[1]/bdi"}
COMMAND: POST /session/bb295fd008a8bb8a1f479af6d4955b7d/execute/sync - {"script":"<script> [56 bytes]","args":[{"element-6066-11e4-a52e-4f735466cecf":"f.71C3769F7ED8E40170006504CCA8900A.d.246DBDC53B01818B8AFDCC626BAE4DB4.e.8543","ELEMENT":"f.71C3769F7ED8E40170006504CCA8900A.d.246DBDC53B01818B8AFDCC626BAE4DB4.e.8543"}]}
RESULT: {"script":"<script> [56 bytes]","args":[{"element-6066-11e4-a52e-4f735466cecf":"f.71C3769F7ED8E40170006504CCA8900A.d.246DBDC53B01818B8AFDCC626BAE4DB4.e.8543","ELEMENT":"f.71C3769F7ED8E40170006504CCA8900A.d.246DBDC53B01818B8AFDCC626BAE4DB4.e.8543"}]}
COMMAND: GET /session/bb295fd008a8bb8a1f479af6d4955b7d/element/f.71C3769F7ED8E40170006504CCA8900A.d.246DBDC53B01818B8AFDCC626BAE4DB4.e.8542/attribute/aria-checked - {}
COMMAND: GET /session/bb295fd008a8bb8a1f479af6d4955b7d/screenshot - {}
RESULT: {}
COMMAND: POST /session/bb295fd008a8bb8a1f479af6d4955b7d/element - {"using":"xpath","value":"//table[contains(@id, \"listView-innerSelectionPanelTable-listUl\")]/tbody/tr[4]/td[2]/div/div"}
RESULT: {}
RESULT: {"using":"xpath","value":"//table[contains(@id, \"listView-innerSelectionPanelTable-listUl\")]/tbody/tr[4]/td[2]/div/div"}
COMMAND: POST /session/bb295fd008a8bb8a1f479af6d4955b7d/element - {"using":"xpath","value":"//table[contains(@id, \"listView-innerSelectionPanelTable-listUl\")]/tbody/tr[4]/td[2]/div"}
RESULT: {"using":"xpath","value":"//table[contains(@id, \"listView-innerSelectionPanelTable-listUl\")]/tbody/tr[4]/td[2]/div"}
COMMAND: POST /session/bb295fd008a8bb8a1f479af6d4955b7d/element - {"using":"xpath","value":"//table[contains(@id, \"listView-innerSelectionPanelTable-listUl\")]/tbody/tr[4]/td[3]/div/div/span/span[1]/bdi"}
RESULT: {"using":"xpath","value":"//table[contains(@id, \"listView-innerSelectionPanelTable-listUl\")]/tbody/tr[4]/td[3]/div/div/span/span[1]/bdi"}
COMMAND: POST /session/bb295fd008a8bb8a1f479af6d4955b7d/execute/sync - {"script":"<script> [56 bytes]","args":[{"element-6066-11e4-a52e-4f735466cecf":"f.71C3769F7ED8E40170006504CCA8900A.d.246DBDC53B01818B8AFDCC626BAE4DB4.e.8546","ELEMENT":"f.71C3769F7ED8E40170006504CCA8900A.d.246DBDC53B01818B8AFDCC626BAE4DB4.e.8546"}]}
RESULT: {"script":"<script> [56 bytes]","args":[{"element-6066-11e4-a52e-4f735466cecf":"f.71C3769F7ED8E40170006504CCA8900A.d.246DBDC53B01818B8AFDCC626BAE4DB4.e.8546","ELEMENT":"f.71C3769F7ED8E40170006504CCA8900A.d.246DBDC53B01818B8AFDCC626BAE4DB4.e.8546"}]}
COMMAND: GET /session/bb295fd008a8bb8a1f479af6d4955b7d/element/f.71C3769F7ED8E40170006504CCA8900A.d.246DBDC53B01818B8AFDCC626BAE4DB4.e.8545/attribute/aria-checked - {}
COMMAND: GET /session/bb295fd008a8bb8a1f479af6d4955b7d/screenshot - {}
RESULT: {}
COMMAND: POST /session/bb295fd008a8bb8a1f479af6d4955b7d/element - {"using":"xpath","value":"//table[contains(@id, \"listView-innerSelectionPanelTable-listUl\")]/tbody/tr[5]/td[2]/div/div"}
RESULT: {}
RESULT: {"using":"xpath","value":"//table[contains(@id, \"listView-innerSelectionPanelTable-listUl\")]/tbody/tr[5]/td[2]/div/div"}
COMMAND: POST /session/bb295fd008a8bb8a1f479af6d4955b7d/element - {"using":"xpath","value":"//table[contains(@id, \"listView-innerSelectionPanelTable-listUl\")]/tbody/tr[5]/td[2]/div"}
RESULT: {"using":"xpath","value":"//table[contains(@id, \"listView-innerSelectionPanelTable-listUl\")]/tbody/tr[5]/td[2]/div"}
COMMAND: POST /session/bb295fd008a8bb8a1f479af6d4955b7d/element - {"using":"xpath","value":"//table[contains(@id, \"listView-innerSelectionPanelTable-listUl\")]/tbody/tr[5]/td[3]/div/div/span/span[1]/bdi"}
RESULT: {"using":"xpath","value":"//table[contains(@id, \"listView-innerSelectionPanelTable-listUl\")]/tbody/tr[5]/td[3]/div/div/span/span[1]/bdi"}
COMMAND: POST /session/bb295fd008a8bb8a1f479af6d4955b7d/execute/sync - {"script":"<script> [56 bytes]","args":[{"element-6066-11e4-a52e-4f735466cecf":"f.71C3769F7ED8E40170006504CCA8900A.d.246DBDC53B01818B8AFDCC626BAE4DB4.e.8549","ELEMENT":"f.71C3769F7ED8E40170006504CCA8900A.d.246DBDC53B01818B8AFDCC626BAE4DB4.e.8549"}]}
RESULT: {"script":"<script> [56 bytes]","args":[{"element-6066-11e4-a52e-4f735466cecf":"f.71C3769F7ED8E40170006504CCA8900A.d.246DBDC53B01818B8AFDCC626BAE4DB4.e.8549","ELEMENT":"f.71C3769F7ED8E40170006504CCA8900A.d.246DBDC53B01818B8AFDCC626BAE4DB4.e.8549"}]}
COMMAND: GET /session/bb295fd008a8bb8a1f479af6d4955b7d/element/f.71C3769F7ED8E40170006504CCA8900A.d.246DBDC53B01818B8AFDCC626BAE4DB4.e.8548/attribute/aria-checked - {}
COMMAND: GET /session/bb295fd008a8bb8a1f479af6d4955b7d/screenshot - {}
RESULT: {}
COMMAND: POST /session/bb295fd008a8bb8a1f479af6d4955b7d/element - {"using":"xpath","value":"//table[contains(@id, \"listView-innerSelectionPanelTable-listUl\")]/tbody/tr[6]/td[2]/div/div"}
RESULT: {}
RESULT: {"using":"xpath","value":"//table[contains(@id, \"listView-innerSelectionPanelTable-listUl\")]/tbody/tr[6]/td[2]/div/div"}
COMMAND: POST /session/bb295fd008a8bb8a1f479af6d4955b7d/element - {"using":"xpath","value":"//table[contains(@id, \"listView-innerSelectionPanelTable-listUl\")]/tbody/tr[6]/td[2]/div"}
RESULT: {"using":"xpath","value":"//table[contains(@id, \"listView-innerSelectionPanelTable-listUl\")]/tbody/tr[6]/td[2]/div"}
COMMAND: POST /session/bb295fd008a8bb8a1f479af6d4955b7d/element - {"using":"xpath","value":"//table[contains(@id, \"listView-innerSelectionPanelTable-listUl\")]/tbody/tr[6]/td[3]/div/div/span/span[1]/bdi"}
RESULT: {"using":"xpath","value":"//table[contains(@id, \"listView-innerSelectionPanelTable-listUl\")]/tbody/tr[6]/td[3]/div/div/span/span[1]/bdi"}
COMMAND: POST /session/bb295fd008a8bb8a1f479af6d4955b7d/execute/sync - {"script":"<script> [56 bytes]","args":[{"element-6066-11e4-a52e-4f735466cecf":"f.71C3769F7ED8E40170006504CCA8900A.d.246DBDC53B01818B8AFDCC626BAE4DB4.e.8552","ELEMENT":"f.71C3769F7ED8E40170006504CCA8900A.d.246DBDC53B01818B8AFDCC626BAE4DB4.e.8552"}]}
RESULT: {"script":"<script> [56 bytes]","args":[{"element-6066-11e4-a52e-4f735466cecf":"f.71C3769F7ED8E40170006504CCA8900A.d.246DBDC53B01818B8AFDCC626BAE4DB4.e.8552","ELEMENT":"f.71C3769F7ED8E40170006504CCA8900A.d.246DBDC53B01818B8AFDCC626BAE4DB4.e.8552"}]}
COMMAND: GET /session/bb295fd008a8bb8a1f479af6d4955b7d/element/f.71C3769F7ED8E40170006504CCA8900A.d.246DBDC53B01818B8AFDCC626BAE4DB4.e.8551/attribute/aria-checked - {}
COMMAND: GET /session/bb295fd008a8bb8a1f479af6d4955b7d/screenshot - {}
RESULT: {}
COMMAND: POST /session/bb295fd008a8bb8a1f479af6d4955b7d/element - {"using":"xpath","value":"//table[contains(@id, \"listView-innerSelectionPanelTable-listUl\")]/tbody/tr[7]/td[2]/div/div"}
RESULT: {}
RESULT: {"using":"xpath","value":"//table[contains(@id, \"listView-innerSelectionPanelTable-listUl\")]/tbody/tr[7]/td[2]/div/div"}
COMMAND: POST /session/bb295fd008a8bb8a1f479af6d4955b7d/element - {"using":"xpath","value":"//table[contains(@id, \"listView-innerSelectionPanelTable-listUl\")]/tbody/tr[7]/td[2]/div"}
RESULT: {"using":"xpath","value":"//table[contains(@id, \"listView-innerSelectionPanelTable-listUl\")]/tbody/tr[7]/td[2]/div"}
COMMAND: POST /session/bb295fd008a8bb8a1f479af6d4955b7d/element - {"using":"xpath","value":"//table[contains(@id, \"listView-innerSelectionPanelTable-listUl\")]/tbody/tr[7]/td[3]/div/div/span/span[1]/bdi"}
RESULT: {"using":"xpath","value":"//table[contains(@id, \"listView-innerSelectionPanelTable-listUl\")]/tbody/tr[7]/td[3]/div/div/span/span[1]/bdi"}
COMMAND: POST /session/bb295fd008a8bb8a1f479af6d4955b7d/execute/sync - {"script":"<script> [56 bytes]","args":[{"element-6066-11e4-a52e-4f735466cecf":"f.71C3769F7ED8E40170006504CCA8900A.d.246DBDC53B01818B8AFDCC626BAE4DB4.e.8555","ELEMENT":"f.71C3769F7ED8E40170006504CCA8900A.d.246DBDC53B01818B8AFDCC626BAE4DB4.e.8555"}]}
RESULT: {"script":"<script> [56 bytes]","args":[{"element-6066-11e4-a52e-4f735466cecf":"f.71C3769F7ED8E40170006504CCA8900A.d.246DBDC53B01818B8AFDCC626BAE4DB4.e.8555","ELEMENT":"f.71C3769F7ED8E40170006504CCA8900A.d.246DBDC53B01818B8AFDCC626BAE4DB4.e.8555"}]}
COMMAND: GET /session/bb295fd008a8bb8a1f479af6d4955b7d/element/f.71C3769F7ED8E40170006504CCA8900A.d.246DBDC53B01818B8AFDCC626BAE4DB4.e.8554/attribute/aria-checked - {}
COMMAND: GET /session/bb295fd008a8bb8a1f479af6d4955b7d/screenshot - {}
RESULT: {}
COMMAND: POST /session/bb295fd008a8bb8a1f479af6d4955b7d/element - {"using":"xpath","value":"//table[contains(@id, \"listView-innerSelectionPanelTable-listUl\")]/tbody/tr[8]/td[2]/div/div"}
RESULT: {}
RESULT: {"using":"xpath","value":"//table[contains(@id, \"listView-innerSelectionPanelTable-listUl\")]/tbody/tr[8]/td[2]/div/div"}
COMMAND: POST /session/bb295fd008a8bb8a1f479af6d4955b7d/element - {"using":"xpath","value":"//table[contains(@id, \"listView-innerSelectionPanelTable-listUl\")]/tbody/tr[8]/td[2]/div"}
RESULT: {"using":"xpath","value":"//table[contains(@id, \"listView-innerSelectionPanelTable-listUl\")]/tbody/tr[8]/td[2]/div"}
COMMAND: POST /session/bb295fd008a8bb8a1f479af6d4955b7d/element - {"using":"xpath","value":"//table[contains(@id, \"listView-innerSelectionPanelTable-listUl\")]/tbody/tr[8]/td[3]/div/div/span/span[1]/bdi"}
RESULT: {"using":"xpath","value":"//table[contains(@id, \"listView-innerSelectionPanelTable-listUl\")]/tbody/tr[8]/td[3]/div/div/span/span[1]/bdi"}
COMMAND: POST /session/bb295fd008a8bb8a1f479af6d4955b7d/execute/sync - {"script":"<script> [56 bytes]","args":[{"element-6066-11e4-a52e-4f735466cecf":"f.71C3769F7ED8E40170006504CCA8900A.d.246DBDC53B01818B8AFDCC626BAE4DB4.e.8558","ELEMENT":"f.71C3769F7ED8E40170006504CCA8900A.d.246DBDC53B01818B8AFDCC626BAE4DB4.e.8558"}]}
RESULT: {"script":"<script> [56 bytes]","args":[{"element-6066-11e4-a52e-4f735466cecf":"f.71C3769F7ED8E40170006504CCA8900A.d.246DBDC53B01818B8AFDCC626BAE4DB4.e.8558","ELEMENT":"f.71C3769F7ED8E40170006504CCA8900A.d.246DBDC53B01818B8AFDCC626BAE4DB4.e.8558"}]}
COMMAND: GET /session/bb295fd008a8bb8a1f479af6d4955b7d/element/f.71C3769F7ED8E40170006504CCA8900A.d.246DBDC53B01818B8AFDCC626BAE4DB4.e.8557/attribute/aria-checked - {}
COMMAND: GET /session/bb295fd008a8bb8a1f479af6d4955b7d/screenshot - {}
RESULT: {}
COMMAND: POST /session/bb295fd008a8bb8a1f479af6d4955b7d/element - {"using":"xpath","value":"//table[contains(@id, \"listView-innerSelectionPanelTable-listUl\")]/tbody/tr[9]/td[2]/div/div"}
RESULT: {}
RESULT: {"using":"xpath","value":"//table[contains(@id, \"listView-innerSelectionPanelTable-listUl\")]/tbody/tr[9]/td[2]/div/div"}
COMMAND: POST /session/bb295fd008a8bb8a1f479af6d4955b7d/element - {"using":"xpath","value":"//table[contains(@id, \"listView-innerSelectionPanelTable-listUl\")]/tbody/tr[9]/td[2]/div"}
RESULT: {"using":"xpath","value":"//table[contains(@id, \"listView-innerSelectionPanelTable-listUl\")]/tbody/tr[9]/td[2]/div"}
COMMAND: POST /session/bb295fd008a8bb8a1f479af6d4955b7d/element - {"using":"xpath","value":"//table[contains(@id, \"listView-innerSelectionPanelTable-listUl\")]/tbody/tr[9]/td[3]/div/div/span/span[1]/bdi"}
RESULT: {"using":"xpath","value":"//table[contains(@id, \"listView-innerSelectionPanelTable-listUl\")]/tbody/tr[9]/td[3]/div/div/span/span[1]/bdi"}
COMMAND: POST /session/bb295fd008a8bb8a1f479af6d4955b7d/execute/sync - {"script":"<script> [56 bytes]","args":[{"element-6066-11e4-a52e-4f735466cecf":"f.71C3769F7ED8E40170006504CCA8900A.d.246DBDC53B01818B8AFDCC626BAE4DB4.e.8561","ELEMENT":"f.71C3769F7ED8E40170006504CCA8900A.d.246DBDC53B01818B8AFDCC626BAE4DB4.e.8561"}]}
RESULT: {"script":"<script> [56 bytes]","args":[{"element-6066-11e4-a52e-4f735466cecf":"f.71C3769F7ED8E40170006504CCA8900A.d.246DBDC53B01818B8AFDCC626BAE4DB4.e.8561","ELEMENT":"f.71C3769F7ED8E40170006504CCA8900A.d.246DBDC53B01818B8AFDCC626BAE4DB4.e.8561"}]}
COMMAND: GET /session/bb295fd008a8bb8a1f479af6d4955b7d/element/f.71C3769F7ED8E40170006504CCA8900A.d.246DBDC53B01818B8AFDCC626BAE4DB4.e.8560/attribute/aria-checked - {}
COMMAND: GET /session/bb295fd008a8bb8a1f479af6d4955b7d/screenshot - {}
RESULT: {}
COMMAND: POST /session/bb295fd008a8bb8a1f479af6d4955b7d/element - {"using":"xpath","value":"//table[contains(@id, \"listView-innerSelectionPanelTable-listUl\")]/tbody/tr[10]/td[2]/div/div"}
RESULT: {}
RESULT: {"using":"xpath","value":"//table[contains(@id, \"listView-innerSelectionPanelTable-listUl\")]/tbody/tr[10]/td[2]/div/div"}
COMMAND: POST /session/bb295fd008a8bb8a1f479af6d4955b7d/element - {"using":"xpath","value":"//table[contains(@id, \"listView-innerSelectionPanelTable-listUl\")]/tbody/tr[10]/td[2]/div"}
RESULT: {"using":"xpath","value":"//table[contains(@id, \"listView-innerSelectionPanelTable-listUl\")]/tbody/tr[10]/td[2]/div"}
COMMAND: POST /session/bb295fd008a8bb8a1f479af6d4955b7d/element - {"using":"xpath","value":"//table[contains(@id, \"listView-innerSelectionPanelTable-listUl\")]/tbody/tr[10]/td[3]/div/div/span/span[1]/bdi"}
RESULT: {"using":"xpath","value":"//table[contains(@id, \"listView-innerSelectionPanelTable-listUl\")]/tbody/tr[10]/td[3]/div/div/span/span[1]/bdi"}
COMMAND: POST /session/bb295fd008a8bb8a1f479af6d4955b7d/execute/sync - {"script":"<script> [56 bytes]","args":[{"element-6066-11e4-a52e-4f735466cecf":"f.71C3769F7ED8E40170006504CCA8900A.d.246DBDC53B01818B8AFDCC626BAE4DB4.e.8564","ELEMENT":"f.71C3769F7ED8E40170006504CCA8900A.d.246DBDC53B01818B8AFDCC626BAE4DB4.e.8564"}]}
RESULT: {"script":"<script> [56 bytes]","args":[{"element-6066-11e4-a52e-4f735466cecf":"f.71C3769F7ED8E40170006504CCA8900A.d.246DBDC53B01818B8AFDCC626BAE4DB4.e.8564","ELEMENT":"f.71C3769F7ED8E40170006504CCA8900A.d.246DBDC53B01818B8AFDCC626BAE4DB4.e.8564"}]}
COMMAND: GET /session/bb295fd008a8bb8a1f479af6d4955b7d/element/f.71C3769F7ED8E40170006504CCA8900A.d.246DBDC53B01818B8AFDCC626BAE4DB4.e.8563/attribute/aria-checked - {}
COMMAND: GET /session/bb295fd008a8bb8a1f479af6d4955b7d/screenshot - {}
RESULT: {}
COMMAND: POST /session/bb295fd008a8bb8a1f479af6d4955b7d/element - {"using":"xpath","value":"//table[contains(@id, \"listView-innerSelectionPanelTable-listUl\")]/tbody/tr[11]/td[2]/div/div"}
RESULT: {}
RESULT: {"using":"xpath","value":"//table[contains(@id, \"listView-innerSelectionPanelTable-listUl\")]/tbody/tr[11]/td[2]/div/div"}
COMMAND: POST /session/bb295fd008a8bb8a1f479af6d4955b7d/element - {"using":"xpath","value":"//table[contains(@id, \"listView-innerSelectionPanelTable-listUl\")]/tbody/tr[11]/td[2]/div"}
RESULT: {"using":"xpath","value":"//table[contains(@id, \"listView-innerSelectionPanelTable-listUl\")]/tbody/tr[11]/td[2]/div"}
COMMAND: POST /session/bb295fd008a8bb8a1f479af6d4955b7d/element - {"using":"xpath","value":"//table[contains(@id, \"listView-innerSelectionPanelTable-listUl\")]/tbody/tr[11]/td[3]/div/div/span/span[1]/bdi"}
RESULT: {"using":"xpath","value":"//table[contains(@id, \"listView-innerSelectionPanelTable-listUl\")]/tbody/tr[11]/td[3]/div/div/span/span[1]/bdi"}
COMMAND: POST /session/bb295fd008a8bb8a1f479af6d4955b7d/execute/sync - {"script":"<script> [56 bytes]","args":[{"element-6066-11e4-a52e-4f735466cecf":"f.71C3769F7ED8E40170006504CCA8900A.d.246DBDC53B01818B8AFDCC626BAE4DB4.e.8567","ELEMENT":"f.71C3769F7ED8E40170006504CCA8900A.d.246DBDC53B01818B8AFDCC626BAE4DB4.e.8567"}]}
RESULT: {"script":"<script> [56 bytes]","args":[{"element-6066-11e4-a52e-4f735466cecf":"f.71C3769F7ED8E40170006504CCA8900A.d.246DBDC53B01818B8AFDCC626BAE4DB4.e.8567","ELEMENT":"f.71C3769F7ED8E40170006504CCA8900A.d.246DBDC53B01818B8AFDCC626BAE4DB4.e.8567"}]}
COMMAND: GET /session/bb295fd008a8bb8a1f479af6d4955b7d/element/f.71C3769F7ED8E40170006504CCA8900A.d.246DBDC53B01818B8AFDCC626BAE4DB4.e.8566/attribute/aria-checked - {}
COMMAND: GET /session/bb295fd008a8bb8a1f479af6d4955b7d/screenshot - {}
RESULT: {}
COMMAND: POST /session/bb295fd008a8bb8a1f479af6d4955b7d/element - {"using":"xpath","value":"//table[contains(@id, \"listView-innerSelectionPanelTable-listUl\")]/tbody/tr[12]/td[2]/div/div"}
RESULT: {}
RESULT: {"using":"xpath","value":"//table[contains(@id, \"listView-innerSelectionPanelTable-listUl\")]/tbody/tr[12]/td[2]/div/div"}
COMMAND: POST /session/bb295fd008a8bb8a1f479af6d4955b7d/element - {"using":"xpath","value":"//table[contains(@id, \"listView-innerSelectionPanelTable-listUl\")]/tbody/tr[12]/td[2]/div"}
RESULT: {"using":"xpath","value":"//table[contains(@id, \"listView-innerSelectionPanelTable-listUl\")]/tbody/tr[12]/td[2]/div"}
COMMAND: POST /session/bb295fd008a8bb8a1f479af6d4955b7d/element - {"using":"xpath","value":"//table[contains(@id, \"listView-innerSelectionPanelTable-listUl\")]/tbody/tr[12]/td[3]/div/div/span/span[1]/bdi"}
RESULT: {"using":"xpath","value":"//table[contains(@id, \"listView-innerSelectionPanelTable-listUl\")]/tbody/tr[12]/td[3]/div/div/span/span[1]/bdi"}
COMMAND: POST /session/bb295fd008a8bb8a1f479af6d4955b7d/execute/sync - {"script":"<script> [56 bytes]","args":[{"element-6066-11e4-a52e-4f735466cecf":"f.71C3769F7ED8E40170006504CCA8900A.d.246DBDC53B01818B8AFDCC626BAE4DB4.e.8570","ELEMENT":"f.71C3769F7ED8E40170006504CCA8900A.d.246DBDC53B01818B8AFDCC626BAE4DB4.e.8570"}]}
RESULT: {"script":"<script> [56 bytes]","args":[{"element-6066-11e4-a52e-4f735466cecf":"f.71C3769F7ED8E40170006504CCA8900A.d.246DBDC53B01818B8AFDCC626BAE4DB4.e.8570","ELEMENT":"f.71C3769F7ED8E40170006504CCA8900A.d.246DBDC53B01818B8AFDCC626BAE4DB4.e.8570"}]}
COMMAND: GET /session/bb295fd008a8bb8a1f479af6d4955b7d/element/f.71C3769F7ED8E40170006504CCA8900A.d.246DBDC53B01818B8AFDCC626BAE4DB4.e.8569/attribute/aria-checked - {}
COMMAND: GET /session/bb295fd008a8bb8a1f479af6d4955b7d/screenshot - {}
RESULT: {}
COMMAND: POST /session/bb295fd008a8bb8a1f479af6d4955b7d/element - {"using":"xpath","value":"//table[contains(@id, \"listView-innerSelectionPanelTable-listUl\")]/tbody/tr[13]/td[2]/div/div"}
RESULT: {}
RESULT: {"using":"xpath","value":"//table[contains(@id, \"listView-innerSelectionPanelTable-listUl\")]/tbody/tr[13]/td[2]/div/div"}
COMMAND: POST /session/bb295fd008a8bb8a1f479af6d4955b7d/element - {"using":"xpath","value":"//table[contains(@id, \"listView-innerSelectionPanelTable-listUl\")]/tbody/tr[13]/td[2]/div"}
RESULT: {"using":"xpath","value":"//table[contains(@id, \"listView-innerSelectionPanelTable-listUl\")]/tbody/tr[13]/td[2]/div"}
COMMAND: POST /session/bb295fd008a8bb8a1f479af6d4955b7d/element - {"using":"xpath","value":"//table[contains(@id, \"listView-innerSelectionPanelTable-listUl\")]/tbody/tr[13]/td[3]/div/div/span/span[1]/bdi"}
RESULT: {"using":"xpath","value":"//table[contains(@id, \"listView-innerSelectionPanelTable-listUl\")]/tbody/tr[13]/td[3]/div/div/span/span[1]/bdi"}
COMMAND: POST /session/bb295fd008a8bb8a1f479af6d4955b7d/execute/sync - {"script":"<script> [56 bytes]","args":[{"element-6066-11e4-a52e-4f735466cecf":"f.71C3769F7ED8E40170006504CCA8900A.d.246DBDC53B01818B8AFDCC626BAE4DB4.e.8573","ELEMENT":"f.71C3769F7ED8E40170006504CCA8900A.d.246DBDC53B01818B8AFDCC626BAE4DB4.e.8573"}]}
RESULT: {"script":"<script> [56 bytes]","args":[{"element-6066-11e4-a52e-4f735466cecf":"f.71C3769F7ED8E40170006504CCA8900A.d.246DBDC53B01818B8AFDCC626BAE4DB4.e.8573","ELEMENT":"f.71C3769F7ED8E40170006504CCA8900A.d.246DBDC53B01818B8AFDCC626BAE4DB4.e.8573"}]}
COMMAND: GET /session/bb295fd008a8bb8a1f479af6d4955b7d/element/f.71C3769F7ED8E40170006504CCA8900A.d.246DBDC53B01818B8AFDCC626BAE4DB4.e.8572/attribute/aria-checked - {}
COMMAND: GET /session/bb295fd008a8bb8a1f479af6d4955b7d/screenshot - {}
RESULT: {}
COMMAND: POST /session/bb295fd008a8bb8a1f479af6d4955b7d/element - {"using":"xpath","value":"//table[contains(@id, \"listView-innerSelectionPanelTable-listUl\")]/tbody/tr[14]/td[2]/div/div"}
RESULT: {}
RESULT: {"using":"xpath","value":"//table[contains(@id, \"listView-innerSelectionPanelTable-listUl\")]/tbody/tr[14]/td[2]/div/div"}
COMMAND: POST /session/bb295fd008a8bb8a1f479af6d4955b7d/element - {"using":"xpath","value":"//table[contains(@id, \"listView-innerSelectionPanelTable-listUl\")]/tbody/tr[14]/td[2]/div"}
RESULT: {"using":"xpath","value":"//table[contains(@id, \"listView-innerSelectionPanelTable-listUl\")]/tbody/tr[14]/td[2]/div"}
COMMAND: POST /session/bb295fd008a8bb8a1f479af6d4955b7d/element - {"using":"xpath","value":"//table[contains(@id, \"listView-innerSelectionPanelTable-listUl\")]/tbody/tr[14]/td[3]/div/div/span/span[1]/bdi"}
RESULT: {"using":"xpath","value":"//table[contains(@id, \"listView-innerSelectionPanelTable-listUl\")]/tbody/tr[14]/td[3]/div/div/span/span[1]/bdi"}
COMMAND: POST /session/bb295fd008a8bb8a1f479af6d4955b7d/execute/sync - {"script":"<script> [56 bytes]","args":[{"element-6066-11e4-a52e-4f735466cecf":"f.71C3769F7ED8E40170006504CCA8900A.d.246DBDC53B01818B8AFDCC626BAE4DB4.e.8576","ELEMENT":"f.71C3769F7ED8E40170006504CCA8900A.d.246DBDC53B01818B8AFDCC626BAE4DB4.e.8576"}]}
RESULT: {"script":"<script> [56 bytes]","args":[{"element-6066-11e4-a52e-4f735466cecf":"f.71C3769F7ED8E40170006504CCA8900A.d.246DBDC53B01818B8AFDCC626BAE4DB4.e.8576","ELEMENT":"f.71C3769F7ED8E40170006504CCA8900A.d.246DBDC53B01818B8AFDCC626BAE4DB4.e.8576"}]}
COMMAND: GET /session/bb295fd008a8bb8a1f479af6d4955b7d/element/f.71C3769F7ED8E40170006504CCA8900A.d.246DBDC53B01818B8AFDCC626BAE4DB4.e.8575/attribute/aria-checked - {}
COMMAND: GET /session/bb295fd008a8bb8a1f479af6d4955b7d/screenshot - {}
RESULT: {}
COMMAND: POST /session/bb295fd008a8bb8a1f479af6d4955b7d/element - {"using":"xpath","value":"//table[contains(@id, \"listView-innerSelectionPanelTable-listUl\")]/tbody/tr[15]/td[2]/div/div"}
RESULT: {}
RESULT: {"using":"xpath","value":"//table[contains(@id, \"listView-innerSelectionPanelTable-listUl\")]/tbody/tr[15]/td[2]/div/div"}
COMMAND: POST /session/bb295fd008a8bb8a1f479af6d4955b7d/element - {"using":"xpath","value":"//table[contains(@id, \"listView-innerSelectionPanelTable-listUl\")]/tbody/tr[15]/td[2]/div"}
RESULT: {"using":"xpath","value":"//table[contains(@id, \"listView-innerSelectionPanelTable-listUl\")]/tbody/tr[15]/td[2]/div"}
COMMAND: POST /session/bb295fd008a8bb8a1f479af6d4955b7d/element - {"using":"xpath","value":"//table[contains(@id, \"listView-innerSelectionPanelTable-listUl\")]/tbody/tr[15]/td[3]/div/div/span/span[1]/bdi"}
RESULT: {"using":"xpath","value":"//table[contains(@id, \"listView-innerSelectionPanelTable-listUl\")]/tbody/tr[15]/td[3]/div/div/span/span[1]/bdi"}
COMMAND: POST /session/bb295fd008a8bb8a1f479af6d4955b7d/execute/sync - {"script":"<script> [56 bytes]","args":[{"element-6066-11e4-a52e-4f735466cecf":"f.71C3769F7ED8E40170006504CCA8900A.d.246DBDC53B01818B8AFDCC626BAE4DB4.e.8579","ELEMENT":"f.71C3769F7ED8E40170006504CCA8900A.d.246DBDC53B01818B8AFDCC626BAE4DB4.e.8579"}]}
RESULT: {"script":"<script> [56 bytes]","args":[{"element-6066-11e4-a52e-4f735466cecf":"f.71C3769F7ED8E40170006504CCA8900A.d.246DBDC53B01818B8AFDCC626BAE4DB4.e.8579","ELEMENT":"f.71C3769F7ED8E40170006504CCA8900A.d.246DBDC53B01818B8AFDCC626BAE4DB4.e.8579"}]}
COMMAND: GET /session/bb295fd008a8bb8a1f479af6d4955b7d/element/f.71C3769F7ED8E40170006504CCA8900A.d.246DBDC53B01818B8AFDCC626BAE4DB4.e.8578/attribute/aria-checked - {}
COMMAND: GET /session/bb295fd008a8bb8a1f479af6d4955b7d/screenshot - {}
RESULT: {}
COMMAND: POST /session/bb295fd008a8bb8a1f479af6d4955b7d/element - {"using":"xpath","value":"//table[contains(@id, \"listView-innerSelectionPanelTable-listUl\")]/tbody/tr[16]/td[2]/div/div"}
RESULT: {}
RESULT: {"using":"xpath","value":"//table[contains(@id, \"listView-innerSelectionPanelTable-listUl\")]/tbody/tr[16]/td[2]/div/div"}
COMMAND: POST /session/bb295fd008a8bb8a1f479af6d4955b7d/element - {"using":"xpath","value":"//table[contains(@id, \"listView-innerSelectionPanelTable-listUl\")]/tbody/tr[16]/td[2]/div"}
RESULT: {"using":"xpath","value":"//table[contains(@id, \"listView-innerSelectionPanelTable-listUl\")]/tbody/tr[16]/td[2]/div"}
COMMAND: POST /session/bb295fd008a8bb8a1f479af6d4955b7d/element - {"using":"xpath","value":"//table[contains(@id, \"listView-innerSelectionPanelTable-listUl\")]/tbody/tr[16]/td[3]/div/div/span/span[1]/bdi"}
RESULT: {"using":"xpath","value":"//table[contains(@id, \"listView-innerSelectionPanelTable-listUl\")]/tbody/tr[16]/td[3]/div/div/span/span[1]/bdi"}
COMMAND: POST /session/bb295fd008a8bb8a1f479af6d4955b7d/execute/sync - {"script":"<script> [56 bytes]","args":[{"element-6066-11e4-a52e-4f735466cecf":"f.71C3769F7ED8E40170006504CCA8900A.d.246DBDC53B01818B8AFDCC626BAE4DB4.e.8582","ELEMENT":"f.71C3769F7ED8E40170006504CCA8900A.d.246DBDC53B01818B8AFDCC626BAE4DB4.e.8582"}]}
RESULT: {"script":"<script> [56 bytes]","args":[{"element-6066-11e4-a52e-4f735466cecf":"f.71C3769F7ED8E40170006504CCA8900A.d.246DBDC53B01818B8AFDCC626BAE4DB4.e.8582","ELEMENT":"f.71C3769F7ED8E40170006504CCA8900A.d.246DBDC53B01818B8AFDCC626BAE4DB4.e.8582"}]}
COMMAND: GET /session/bb295fd008a8bb8a1f479af6d4955b7d/element/f.71C3769F7ED8E40170006504CCA8900A.d.246DBDC53B01818B8AFDCC626BAE4DB4.e.8581/attribute/aria-checked - {}
COMMAND: GET /session/bb295fd008a8bb8a1f479af6d4955b7d/screenshot - {}
RESULT: {}
COMMAND: POST /session/bb295fd008a8bb8a1f479af6d4955b7d/element - {"using":"xpath","value":"//table[contains(@id, \"listView-innerSelectionPanelTable-listUl\")]/tbody/tr[17]/td[2]/div/div"}
RESULT: {}
RESULT: {"using":"xpath","value":"//table[contains(@id, \"listView-innerSelectionPanelTable-listUl\")]/tbody/tr[17]/td[2]/div/div"}
COMMAND: POST /session/bb295fd008a8bb8a1f479af6d4955b7d/element - {"using":"xpath","value":"//table[contains(@id, \"listView-innerSelectionPanelTable-listUl\")]/tbody/tr[17]/td[2]/div"}
RESULT: {"using":"xpath","value":"//table[contains(@id, \"listView-innerSelectionPanelTable-listUl\")]/tbody/tr[17]/td[2]/div"}
COMMAND: POST /session/bb295fd008a8bb8a1f479af6d4955b7d/element - {"using":"xpath","value":"//table[contains(@id, \"listView-innerSelectionPanelTable-listUl\")]/tbody/tr[17]/td[3]/div/div/span/span[1]/bdi"}
RESULT: {"using":"xpath","value":"//table[contains(@id, \"listView-innerSelectionPanelTable-listUl\")]/tbody/tr[17]/td[3]/div/div/span/span[1]/bdi"}
COMMAND: POST /session/bb295fd008a8bb8a1f479af6d4955b7d/execute/sync - {"script":"<script> [56 bytes]","args":[{"element-6066-11e4-a52e-4f735466cecf":"f.71C3769F7ED8E40170006504CCA8900A.d.246DBDC53B01818B8AFDCC626BAE4DB4.e.8585","ELEMENT":"f.71C3769F7ED8E40170006504CCA8900A.d.246DBDC53B01818B8AFDCC626BAE4DB4.e.8585"}]}
RESULT: {"script":"<script> [56 bytes]","args":[{"element-6066-11e4-a52e-4f735466cecf":"f.71C3769F7ED8E40170006504CCA8900A.d.246DBDC53B01818B8AFDCC626BAE4DB4.e.8585","ELEMENT":"f.71C3769F7ED8E40170006504CCA8900A.d.246DBDC53B01818B8AFDCC626BAE4DB4.e.8585"}]}
COMMAND: GET /session/bb295fd008a8bb8a1f479af6d4955b7d/element/f.71C3769F7ED8E40170006504CCA8900A.d.246DBDC53B01818B8AFDCC626BAE4DB4.e.8584/attribute/aria-checked - {}
COMMAND: GET /session/bb295fd008a8bb8a1f479af6d4955b7d/screenshot - {}
RESULT: {}
COMMAND: POST /session/bb295fd008a8bb8a1f479af6d4955b7d/element - {"using":"xpath","value":"//table[contains(@id, \"listView-innerSelectionPanelTable-listUl\")]/tbody/tr[18]/td[2]/div/div"}
RESULT: {}
RESULT: {"using":"xpath","value":"//table[contains(@id, \"listView-innerSelectionPanelTable-listUl\")]/tbody/tr[18]/td[2]/div/div"}
COMMAND: POST /session/bb295fd008a8bb8a1f479af6d4955b7d/element - {"using":"xpath","value":"//table[contains(@id, \"listView-innerSelectionPanelTable-listUl\")]/tbody/tr[18]/td[2]/div"}
RESULT: {"using":"xpath","value":"//table[contains(@id, \"listView-innerSelectionPanelTable-listUl\")]/tbody/tr[18]/td[2]/div"}
COMMAND: POST /session/bb295fd008a8bb8a1f479af6d4955b7d/element - {"using":"xpath","value":"//table[contains(@id, \"listView-innerSelectionPanelTable-listUl\")]/tbody/tr[18]/td[3]/div/div/span/span[1]/bdi"}
RESULT: {"using":"xpath","value":"//table[contains(@id, \"listView-innerSelectionPanelTable-listUl\")]/tbody/tr[18]/td[3]/div/div/span/span[1]/bdi"}
COMMAND: POST /session/bb295fd008a8bb8a1f479af6d4955b7d/execute/sync - {"script":"<script> [56 bytes]","args":[{"element-6066-11e4-a52e-4f735466cecf":"f.71C3769F7ED8E40170006504CCA8900A.d.246DBDC53B01818B8AFDCC626BAE4DB4.e.8588","ELEMENT":"f.71C3769F7ED8E40170006504CCA8900A.d.246DBDC53B01818B8AFDCC626BAE4DB4.e.8588"}]}
RESULT: {"script":"<script> [56 bytes]","args":[{"element-6066-11e4-a52e-4f735466cecf":"f.71C3769F7ED8E40170006504CCA8900A.d.246DBDC53B01818B8AFDCC626BAE4DB4.e.8588","ELEMENT":"f.71C3769F7ED8E40170006504CCA8900A.d.246DBDC53B01818B8AFDCC626BAE4DB4.e.8588"}]}
COMMAND: GET /session/bb295fd008a8bb8a1f479af6d4955b7d/element/f.71C3769F7ED8E40170006504CCA8900A.d.246DBDC53B01818B8AFDCC626BAE4DB4.e.8587/attribute/aria-checked - {}
COMMAND: GET /session/bb295fd008a8bb8a1f479af6d4955b7d/screenshot - {}
RESULT: {}
COMMAND: POST /session/bb295fd008a8bb8a1f479af6d4955b7d/element - {"using":"xpath","value":"//table[contains(@id, \"listView-innerSelectionPanelTable-listUl\")]/tbody/tr[19]/td[2]/div/div"}
RESULT: {}
RESULT: {"using":"xpath","value":"//table[contains(@id, \"listView-innerSelectionPanelTable-listUl\")]/tbody/tr[19]/td[2]/div/div"}
COMMAND: POST /session/bb295fd008a8bb8a1f479af6d4955b7d/element - {"using":"xpath","value":"//table[contains(@id, \"listView-innerSelectionPanelTable-listUl\")]/tbody/tr[19]/td[2]/div"}
RESULT: {"using":"xpath","value":"//table[contains(@id, \"listView-innerSelectionPanelTable-listUl\")]/tbody/tr[19]/td[2]/div"}
COMMAND: POST /session/bb295fd008a8bb8a1f479af6d4955b7d/element - {"using":"xpath","value":"//table[contains(@id, \"listView-innerSelectionPanelTable-listUl\")]/tbody/tr[19]/td[3]/div/div/span/span[1]/bdi"}
RESULT: {"using":"xpath","value":"//table[contains(@id, \"listView-innerSelectionPanelTable-listUl\")]/tbody/tr[19]/td[3]/div/div/span/span[1]/bdi"}
COMMAND: POST /session/bb295fd008a8bb8a1f479af6d4955b7d/execute/sync - {"script":"<script> [56 bytes]","args":[{"element-6066-11e4-a52e-4f735466cecf":"f.71C3769F7ED8E40170006504CCA8900A.d.246DBDC53B01818B8AFDCC626BAE4DB4.e.8591","ELEMENT":"f.71C3769F7ED8E40170006504CCA8900A.d.246DBDC53B01818B8AFDCC626BAE4DB4.e.8591"}]}
RESULT: {"script":"<script> [56 bytes]","args":[{"element-6066-11e4-a52e-4f735466cecf":"f.71C3769F7ED8E40170006504CCA8900A.d.246DBDC53B01818B8AFDCC626BAE4DB4.e.8591","ELEMENT":"f.71C3769F7ED8E40170006504CCA8900A.d.246DBDC53B01818B8AFDCC626BAE4DB4.e.8591"}]}
COMMAND: GET /session/bb295fd008a8bb8a1f479af6d4955b7d/element/f.71C3769F7ED8E40170006504CCA8900A.d.246DBDC53B01818B8AFDCC626BAE4DB4.e.8590/attribute/aria-checked - {}
COMMAND: GET /session/bb295fd008a8bb8a1f479af6d4955b7d/screenshot - {}
RESULT: {}
COMMAND: POST /session/bb295fd008a8bb8a1f479af6d4955b7d/element - {"using":"xpath","value":"//table[contains(@id, \"listView-innerSelectionPanelTable-listUl\")]/tbody/tr[20]/td[2]/div/div"}
RESULT: {}
RESULT: {"using":"xpath","value":"//table[contains(@id, \"listView-innerSelectionPanelTable-listUl\")]/tbody/tr[20]/td[2]/div/div"}
COMMAND: POST /session/bb295fd008a8bb8a1f479af6d4955b7d/element - {"using":"xpath","value":"//table[contains(@id, \"listView-innerSelectionPanelTable-listUl\")]/tbody/tr[20]/td[2]/div"}
RESULT: {"using":"xpath","value":"//table[contains(@id, \"listView-innerSelectionPanelTable-listUl\")]/tbody/tr[20]/td[2]/div"}
COMMAND: POST /session/bb295fd008a8bb8a1f479af6d4955b7d/element - {"using":"xpath","value":"//table[contains(@id, \"listView-innerSelectionPanelTable-listUl\")]/tbody/tr[20]/td[3]/div/div/span/span[1]/bdi"}
RESULT: {"using":"xpath","value":"//table[contains(@id, \"listView-innerSelectionPanelTable-listUl\")]/tbody/tr[20]/td[3]/div/div/span/span[1]/bdi"}
COMMAND: POST /session/bb295fd008a8bb8a1f479af6d4955b7d/execute/sync - {"script":"<script> [56 bytes]","args":[{"element-6066-11e4-a52e-4f735466cecf":"f.71C3769F7ED8E40170006504CCA8900A.d.246DBDC53B01818B8AFDCC626BAE4DB4.e.8594","ELEMENT":"f.71C3769F7ED8E40170006504CCA8900A.d.246DBDC53B01818B8AFDCC626BAE4DB4.e.8594"}]}
RESULT: {"script":"<script> [56 bytes]","args":[{"element-6066-11e4-a52e-4f735466cecf":"f.71C3769F7ED8E40170006504CCA8900A.d.246DBDC53B01818B8AFDCC626BAE4DB4.e.8594","ELEMENT":"f.71C3769F7ED8E40170006504CCA8900A.d.246DBDC53B01818B8AFDCC626BAE4DB4.e.8594"}]}
COMMAND: GET /session/bb295fd008a8bb8a1f479af6d4955b7d/element/f.71C3769F7ED8E40170006504CCA8900A.d.246DBDC53B01818B8AFDCC626BAE4DB4.e.8593/attribute/aria-checked - {}
COMMAND: GET /session/bb295fd008a8bb8a1f479af6d4955b7d/screenshot - {}
RESULT: {}
COMMAND: POST /session/bb295fd008a8bb8a1f479af6d4955b7d/element - {"using":"xpath","value":"//table[contains(@id, \"listView-innerSelectionPanelTable-listUl\")]/tbody/tr[21]/td[2]/div/div"}
COMMAND: POST /session/bb295fd008a8bb8a1f479af6d4955b7d/element/f.71C3769F7ED8E40170006504CCA8900A.d.246DBDC53B01818B8AFDCC626BAE4DB4.e.8592/click - {}
RESULT: {}
RESULT: {"using":"xpath","value":"//table[contains(@id, \"listView-innerSelectionPanelTable-listUl\")]/tbody/tr[21]/td[2]/div/div"}
COMMAND: POST /session/bb295fd008a8bb8a1f479af6d4955b7d/element - {"using":"xpath","value":"//table[contains(@id, \"listView-innerSelectionPanelTable-listUl\")]/tbody/tr[21]/td[2]/div"}
RESULT: {}
RESULT: {"using":"xpath","value":"//table[contains(@id, \"listView-innerSelectionPanelTable-listUl\")]/tbody/tr[21]/td[2]/div"}
COMMAND: POST /session/bb295fd008a8bb8a1f479af6d4955b7d/element - {"using":"xpath","value":"//table[contains(@id, \"listView-innerSelectionPanelTable-listUl\")]/tbody/tr[21]/td[3]/div/div/span/span[1]/bdi"}
COMMAND: GET /session/bb295fd008a8bb8a1f479af6d4955b7d/screenshot - {}
RESULT: {"using":"xpath","value":"//table[contains(@id, \"listView-innerSelectionPanelTable-listUl\")]/tbody/tr[21]/td[3]/div/div/span/span[1]/bdi"}
COMMAND: POST /session/bb295fd008a8bb8a1f479af6d4955b7d/execute/sync - {"script":"<script> [56 bytes]","args":[{"element-6066-11e4-a52e-4f735466cecf":"f.71C3769F7ED8E40170006504CCA8900A.d.246DBDC53B01818B8AFDCC626BAE4DB4.e.8600","ELEMENT":"f.71C3769F7ED8E40170006504CCA8900A.d.246DBDC53B01818B8AFDCC626BAE4DB4.e.8600"}]}
RESULT: {}
RESULT: {"script":"<script> [56 bytes]","args":[{"element-6066-11e4-a52e-4f735466cecf":"f.71C3769F7ED8E40170006504CCA8900A.d.246DBDC53B01818B8AFDCC626BAE4DB4.e.8600","ELEMENT":"f.71C3769F7ED8E40170006504CCA8900A.d.246DBDC53B01818B8AFDCC626BAE4DB4.e.8600"}]}
COMMAND: GET /session/bb295fd008a8bb8a1f479af6d4955b7d/element/f.71C3769F7ED8E40170006504CCA8900A.d.246DBDC53B01818B8AFDCC626BAE4DB4.e.8599/attribute/aria-checked - {}
COMMAND: GET /session/bb295fd008a8bb8a1f479af6d4955b7d/screenshot - {}
RESULT: {}
COMMAND: POST /session/bb295fd008a8bb8a1f479af6d4955b7d/element - {"using":"xpath","value":"//table[contains(@id, \"listView-innerSelectionPanelTable-listUl\")]/tbody/tr[22]/td[2]/div/div"}
COMMAND: POST /session/bb295fd008a8bb8a1f479af6d4955b7d/element/f.71C3769F7ED8E40170006504CCA8900A.d.246DBDC53B01818B8AFDCC626BAE4DB4.e.8595/click - {}
RESULT: {}
RESULT: {}
RESULT: {"using":"xpath","value":"//table[contains(@id, \"listView-innerSelectionPanelTable-listUl\")]/tbody/tr[22]/td[2]/div/div"}
COMMAND: POST /session/bb295fd008a8bb8a1f479af6d4955b7d/element - {"using":"xpath","value":"//table[contains(@id, \"listView-innerSelectionPanelTable-listUl\")]/tbody/tr[22]/td[2]/div"}
COMMAND: GET /session/bb295fd008a8bb8a1f479af6d4955b7d/screenshot - {}
RESULT: {"using":"xpath","value":"//table[contains(@id, \"listView-innerSelectionPanelTable-listUl\")]/tbody/tr[22]/td[2]/div"}
COMMAND: POST /session/bb295fd008a8bb8a1f479af6d4955b7d/element - {"using":"xpath","value":"//table[contains(@id, \"listView-innerSelectionPanelTable-listUl\")]/tbody/tr[22]/td[3]/div/div/span/span[1]/bdi"}
RESULT: {}
RESULT: {"using":"xpath","value":"//table[contains(@id, \"listView-innerSelectionPanelTable-listUl\")]/tbody/tr[22]/td[3]/div/div/span/span[1]/bdi"}
COMMAND: POST /session/bb295fd008a8bb8a1f479af6d4955b7d/execute/sync - {"script":"<script> [56 bytes]","args":[{"element-6066-11e4-a52e-4f735466cecf":"f.71C3769F7ED8E40170006504CCA8900A.d.246DBDC53B01818B8AFDCC626BAE4DB4.e.8604","ELEMENT":"f.71C3769F7ED8E40170006504CCA8900A.d.246DBDC53B01818B8AFDCC626BAE4DB4.e.8604"}]}
RESULT: {"script":"<script> [56 bytes]","args":[{"element-6066-11e4-a52e-4f735466cecf":"f.71C3769F7ED8E40170006504CCA8900A.d.246DBDC53B01818B8AFDCC626BAE4DB4.e.8604","ELEMENT":"f.71C3769F7ED8E40170006504CCA8900A.d.246DBDC53B01818B8AFDCC626BAE4DB4.e.8604"}]}
COMMAND: GET /session/bb295fd008a8bb8a1f479af6d4955b7d/element/f.71C3769F7ED8E40170006504CCA8900A.d.246DBDC53B01818B8AFDCC626BAE4DB4.e.8603/attribute/aria-checked - {}
COMMAND: GET /session/bb295fd008a8bb8a1f479af6d4955b7d/screenshot - {}
RESULT: {}
COMMAND: POST /session/bb295fd008a8bb8a1f479af6d4955b7d/element - {"using":"xpath","value":"//table[contains(@id, \"listView-innerSelectionPanelTable-listUl\")]/tbody/tr[23]/td[2]/div/div"}
RESULT: {}
RESULT: {"using":"xpath","value":"//table[contains(@id, \"listView-innerSelectionPanelTable-listUl\")]/tbody/tr[23]/td[2]/div/div"}
COMMAND: POST /session/bb295fd008a8bb8a1f479af6d4955b7d/element - {"using":"xpath","value":"//table[contains(@id, \"listView-innerSelectionPanelTable-listUl\")]/tbody/tr[23]/td[2]/div"}
RESULT: {"using":"xpath","value":"//table[contains(@id, \"listView-innerSelectionPanelTable-listUl\")]/tbody/tr[23]/td[2]/div"}
COMMAND: POST /session/bb295fd008a8bb8a1f479af6d4955b7d/element - {"using":"xpath","value":"//table[contains(@id, \"listView-innerSelectionPanelTable-listUl\")]/tbody/tr[23]/td[3]/div/div/span/span[1]/bdi"}
RESULT: {"using":"xpath","value":"//table[contains(@id, \"listView-innerSelectionPanelTable-listUl\")]/tbody/tr[23]/td[3]/div/div/span/span[1]/bdi"}
COMMAND: POST /session/bb295fd008a8bb8a1f479af6d4955b7d/execute/sync - {"script":"<script> [56 bytes]","args":[{"element-6066-11e4-a52e-4f735466cecf":"f.71C3769F7ED8E40170006504CCA8900A.d.246DBDC53B01818B8AFDCC626BAE4DB4.e.8607","ELEMENT":"f.71C3769F7ED8E40170006504CCA8900A.d.246DBDC53B01818B8AFDCC626BAE4DB4.e.8607"}]}
RESULT: {"script":"<script> [56 bytes]","args":[{"element-6066-11e4-a52e-4f735466cecf":"f.71C3769F7ED8E40170006504CCA8900A.d.246DBDC53B01818B8AFDCC626BAE4DB4.e.8607","ELEMENT":"f.71C3769F7ED8E40170006504CCA8900A.d.246DBDC53B01818B8AFDCC626BAE4DB4.e.8607"}]}
COMMAND: GET /session/bb295fd008a8bb8a1f479af6d4955b7d/element/f.71C3769F7ED8E40170006504CCA8900A.d.246DBDC53B01818B8AFDCC626BAE4DB4.e.8606/attribute/aria-checked - {}
COMMAND: GET /session/bb295fd008a8bb8a1f479af6d4955b7d/screenshot - {}
RESULT: {}
COMMAND: POST /session/bb295fd008a8bb8a1f479af6d4955b7d/element - {"using":"xpath","value":"//table[contains(@id, \"listView-innerSelectionPanelTable-listUl\")]/tbody/tr[24]/td[2]/div/div"}
RESULT: {}
RESULT: {"using":"xpath","value":"//table[contains(@id, \"listView-innerSelectionPanelTable-listUl\")]/tbody/tr[24]/td[2]/div/div"}
COMMAND: POST /session/bb295fd008a8bb8a1f479af6d4955b7d/element - {"using":"xpath","value":"//table[contains(@id, \"listView-innerSelectionPanelTable-listUl\")]/tbody/tr[24]/td[2]/div"}
RESULT: {"using":"xpath","value":"//table[contains(@id, \"listView-innerSelectionPanelTable-listUl\")]/tbody/tr[24]/td[2]/div"}
COMMAND: POST /session/bb295fd008a8bb8a1f479af6d4955b7d/element - {"using":"xpath","value":"//table[contains(@id, \"listView-innerSelectionPanelTable-listUl\")]/tbody/tr[24]/td[3]/div/div/span/span[1]/bdi"}
RESULT: {"using":"xpath","value":"//table[contains(@id, \"listView-innerSelectionPanelTable-listUl\")]/tbody/tr[24]/td[3]/div/div/span/span[1]/bdi"}
COMMAND: POST /session/bb295fd008a8bb8a1f479af6d4955b7d/execute/sync - {"script":"<script> [56 bytes]","args":[{"element-6066-11e4-a52e-4f735466cecf":"f.71C3769F7ED8E40170006504CCA8900A.d.246DBDC53B01818B8AFDCC626BAE4DB4.e.8610","ELEMENT":"f.71C3769F7ED8E40170006504CCA8900A.d.246DBDC53B01818B8AFDCC626BAE4DB4.e.8610"}]}
RESULT: {"script":"<script> [56 bytes]","args":[{"element-6066-11e4-a52e-4f735466cecf":"f.71C3769F7ED8E40170006504CCA8900A.d.246DBDC53B01818B8AFDCC626BAE4DB4.e.8610","ELEMENT":"f.71C3769F7ED8E40170006504CCA8900A.d.246DBDC53B01818B8AFDCC626BAE4DB4.e.8610"}]}
COMMAND: GET /session/bb295fd008a8bb8a1f479af6d4955b7d/element/f.71C3769F7ED8E40170006504CCA8900A.d.246DBDC53B01818B8AFDCC626BAE4DB4.e.8609/attribute/aria-checked - {}
COMMAND: GET /session/bb295fd008a8bb8a1f479af6d4955b7d/screenshot - {}
RESULT: {}
COMMAND: POST /session/bb295fd008a8bb8a1f479af6d4955b7d/element - {"using":"xpath","value":"//table[contains(@id, \"listView-innerSelectionPanelTable-listUl\")]/tbody/tr[25]/td[2]/div/div"}
RESULT: {}
RESULT: {"using":"xpath","value":"//table[contains(@id, \"listView-innerSelectionPanelTable-listUl\")]/tbody/tr[25]/td[2]/div/div"}
COMMAND: POST /session/bb295fd008a8bb8a1f479af6d4955b7d/element - {"using":"xpath","value":"//table[contains(@id, \"listView-innerSelectionPanelTable-listUl\")]/tbody/tr[25]/td[2]/div"}
RESULT: {"using":"xpath","value":"//table[contains(@id, \"listView-innerSelectionPanelTable-listUl\")]/tbody/tr[25]/td[2]/div"}
COMMAND: POST /session/bb295fd008a8bb8a1f479af6d4955b7d/element - {"using":"xpath","value":"//table[contains(@id, \"listView-innerSelectionPanelTable-listUl\")]/tbody/tr[25]/td[3]/div/div/span/span[1]/bdi"}
RESULT: {"using":"xpath","value":"//table[contains(@id, \"listView-innerSelectionPanelTable-listUl\")]/tbody/tr[25]/td[3]/div/div/span/span[1]/bdi"}
COMMAND: POST /session/bb295fd008a8bb8a1f479af6d4955b7d/execute/sync - {"script":"<script> [56 bytes]","args":[{"element-6066-11e4-a52e-4f735466cecf":"f.71C3769F7ED8E40170006504CCA8900A.d.246DBDC53B01818B8AFDCC626BAE4DB4.e.8613","ELEMENT":"f.71C3769F7ED8E40170006504CCA8900A.d.246DBDC53B01818B8AFDCC626BAE4DB4.e.8613"}]}
RESULT: {"script":"<script> [56 bytes]","args":[{"element-6066-11e4-a52e-4f735466cecf":"f.71C3769F7ED8E40170006504CCA8900A.d.246DBDC53B01818B8AFDCC626BAE4DB4.e.8613","ELEMENT":"f.71C3769F7ED8E40170006504CCA8900A.d.246DBDC53B01818B8AFDCC626BAE4DB4.e.8613"}]}
COMMAND: GET /session/bb295fd008a8bb8a1f479af6d4955b7d/element/f.71C3769F7ED8E40170006504CCA8900A.d.246DBDC53B01818B8AFDCC626BAE4DB4.e.8612/attribute/aria-checked - {}
COMMAND: GET /session/bb295fd008a8bb8a1f479af6d4955b7d/screenshot - {}
RESULT: {}
COMMAND: POST /session/bb295fd008a8bb8a1f479af6d4955b7d/element - {"using":"xpath","value":"//bdi[contains(text(), \"OK\")]"}
RESULT: {}
RESULT: {"using":"xpath","value":"//bdi[contains(text(), \"OK\")]"}
COMMAND: POST /session/bb295fd008a8bb8a1f479af6d4955b7d/element/f.71C3769F7ED8E40170006504CCA8900A.d.246DBDC53B01818B8AFDCC626BAE4DB4.e.8614/click - {}
RESULT: {}
COMMAND: GET /session/bb295fd008a8bb8a1f479af6d4955b7d/screenshot - {}
RESULT: {}
RESULT: undefined
COMMAND: POST /session/bb295fd008a8bb8a1f479af6d4955b7d/element - {"using":"xpath","value":"//*[@id=\"application-managepartners-display-component---masterPtm--smartFilterBar-filterItemControlA_-LINK_TO_ADDRESSES_MAIN.ID-vhi\"]"}
RESULT: {"using":"xpath","value":"//*[@id=\"application-managepartners-display-component---masterPtm--smartFilterBar-filterItemControlA_-LINK_TO_ADDRESSES_MAIN.ID-vhi\"]"}
COMMAND: POST /session/bb295fd008a8bb8a1f479af6d4955b7d/element/f.71C3769F7ED8E40170006504CCA8900A.d.246DBDC53B01818B8AFDCC626BAE4DB4.e.8627/click - {}
RESULT: {}
COMMAND: GET /session/bb295fd008a8bb8a1f479af6d4955b7d/screenshot - {}
RESULT: {}
RESULT: undefined
COMMAND: POST /session/bb295fd008a8bb8a1f479af6d4955b7d/element - {"using":"xpath","value":"//*[@id=\"__box77-arrow\"]"}
RESULT: {"using":"xpath","value":"//*[@id=\"__box77-arrow\"]"}
COMMAND: POST /session/bb295fd008a8bb8a1f479af6d4955b7d/elements - {"using":"xpath","value":"//*[@id=\"__box77-arrow\"]"}
RESULT: {"using":"xpath","value":"//*[@id=\"__box77-arrow\"]"}
COMMAND: POST /session/bb295fd008a8bb8a1f479af6d4955b7d/elements - {"using":"xpath","value":"//*[@id=\"__box77-arrow\"]"}
RESULT: {"using":"xpath","value":"//*[@id=\"__box77-arrow\"]"}
COMMAND: POST /session/bb295fd008a8bb8a1f479af6d4955b7d/elements - {"using":"xpath","value":"//*[@id=\"__box77-arrow\"]"}
RESULT: {"using":"xpath","value":"//*[@id=\"__box77-arrow\"]"}
COMMAND: POST /session/bb295fd008a8bb8a1f479af6d4955b7d/elements - {"using":"xpath","value":"//*[@id=\"__box77-arrow\"]"}
RESULT: {"using":"xpath","value":"//*[@id=\"__box77-arrow\"]"}
COMMAND: POST /session/bb295fd008a8bb8a1f479af6d4955b7d/elements - {"using":"xpath","value":"//*[@id=\"__box77-arrow\"]"}
RESULT: {"using":"xpath","value":"//*[@id=\"__box77-arrow\"]"}
COMMAND: POST /session/bb295fd008a8bb8a1f479af6d4955b7d/elements - {"using":"xpath","value":"//*[@id=\"__box77-arrow\"]"}
RESULT: {"using":"xpath","value":"//*[@id=\"__box77-arrow\"]"}
COMMAND: POST /session/bb295fd008a8bb8a1f479af6d4955b7d/elements - {"using":"xpath","value":"//*[@id=\"__box77-arrow\"]"}
RESULT: {"using":"xpath","value":"//*[@id=\"__box77-arrow\"]"}
COMMAND: POST /session/bb295fd008a8bb8a1f479af6d4955b7d/elements - {"using":"xpath","value":"//*[@id=\"__box77-arrow\"]"}
RESULT: {"using":"xpath","value":"//*[@id=\"__box77-arrow\"]"}
COMMAND: POST /session/bb295fd008a8bb8a1f479af6d4955b7d/elements - {"using":"xpath","value":"//*[@id=\"__box77-arrow\"]"}
RESULT: {"using":"xpath","value":"//*[@id=\"__box77-arrow\"]"}
COMMAND: POST /session/bb295fd008a8bb8a1f479af6d4955b7d/elements - {"using":"xpath","value":"//*[@id=\"__box77-arrow\"]"}
RESULT: {"using":"xpath","value":"//*[@id=\"__box77-arrow\"]"}
COMMAND: POST /session/bb295fd008a8bb8a1f479af6d4955b7d/elements - {"using":"xpath","value":"//*[@id=\"__box77-arrow\"]"}
RESULT: {"using":"xpath","value":"//*[@id=\"__box77-arrow\"]"}
COMMAND: POST /session/bb295fd008a8bb8a1f479af6d4955b7d/elements - {"using":"xpath","value":"//*[@id=\"__box77-arrow\"]"}
RESULT: {"using":"xpath","value":"//*[@id=\"__box77-arrow\"]"}
COMMAND: POST /session/bb295fd008a8bb8a1f479af6d4955b7d/elements - {"using":"xpath","value":"//*[@id=\"__box77-arrow\"]"}
RESULT: {"using":"xpath","value":"//*[@id=\"__box77-arrow\"]"}
COMMAND: POST /session/bb295fd008a8bb8a1f479af6d4955b7d/elements - {"using":"xpath","value":"//*[@id=\"__box77-arrow\"]"}
RESULT: {"using":"xpath","value":"//*[@id=\"__box77-arrow\"]"}
COMMAND: POST /session/bb295fd008a8bb8a1f479af6d4955b7d/elements - {"using":"xpath","value":"//*[@id=\"__box77-arrow\"]"}
RESULT: {"using":"xpath","value":"//*[@id=\"__box77-arrow\"]"}
COMMAND: POST /session/bb295fd008a8bb8a1f479af6d4955b7d/elements - {"using":"xpath","value":"//*[@id=\"__box77-arrow\"]"}
RESULT: {"using":"xpath","value":"//*[@id=\"__box77-arrow\"]"}
COMMAND: POST /session/bb295fd008a8bb8a1f479af6d4955b7d/elements - {"using":"xpath","value":"//*[@id=\"__box77-arrow\"]"}
RESULT: {"using":"xpath","value":"//*[@id=\"__box77-arrow\"]"}
COMMAND: POST /session/bb295fd008a8bb8a1f479af6d4955b7d/elements - {"using":"xpath","value":"//*[@id=\"__box77-arrow\"]"}
RESULT: {"using":"xpath","value":"//*[@id=\"__box77-arrow\"]"}
COMMAND: POST /session/bb295fd008a8bb8a1f479af6d4955b7d/elements - {"using":"xpath","value":"//*[@id=\"__box77-arrow\"]"}
RESULT: {"using":"xpath","value":"//*[@id=\"__box77-arrow\"]"}
COMMAND: POST /session/bb295fd008a8bb8a1f479af6d4955b7d/elements - {"using":"xpath","value":"//*[@id=\"__box77-arrow\"]"}
RESULT: {"using":"xpath","value":"//*[@id=\"__box77-arrow\"]"}
COMMAND: POST /session/bb295fd008a8bb8a1f479af6d4955b7d/elements - {"using":"xpath","value":"//*[@id=\"__box77-arrow\"]"}
RESULT: {"using":"xpath","value":"//*[@id=\"__box77-arrow\"]"}
COMMAND: POST /session/bb295fd008a8bb8a1f479af6d4955b7d/elements - {"using":"xpath","value":"//*[@id=\"__box77-arrow\"]"}
RESULT: {"using":"xpath","value":"//*[@id=\"__box77-arrow\"]"}
COMMAND: POST /session/bb295fd008a8bb8a1f479af6d4955b7d/elements - {"using":"xpath","value":"//*[@id=\"__box77-arrow\"]"}
RESULT: {"using":"xpath","value":"//*[@id=\"__box77-arrow\"]"}
COMMAND: POST /session/bb295fd008a8bb8a1f479af6d4955b7d/elements - {"using":"xpath","value":"//*[@id=\"__box77-arrow\"]"}
RESULT: {"using":"xpath","value":"//*[@id=\"__box77-arrow\"]"}
COMMAND: POST /session/bb295fd008a8bb8a1f479af6d4955b7d/elements - {"using":"xpath","value":"//*[@id=\"__box77-arrow\"]"}
RESULT: {"using":"xpath","value":"//*[@id=\"__box77-arrow\"]"}
COMMAND: POST /session/bb295fd008a8bb8a1f479af6d4955b7d/elements - {"using":"xpath","value":"//*[@id=\"__box77-arrow\"]"}
RESULT: {"using":"xpath","value":"//*[@id=\"__box77-arrow\"]"}
COMMAND: POST /session/bb295fd008a8bb8a1f479af6d4955b7d/elements - {"using":"xpath","value":"//*[@id=\"__box77-arrow\"]"}
RESULT: {"using":"xpath","value":"//*[@id=\"__box77-arrow\"]"}
COMMAND: POST /session/bb295fd008a8bb8a1f479af6d4955b7d/elements - {"using":"xpath","value":"//*[@id=\"__box77-arrow\"]"}
RESULT: {"using":"xpath","value":"//*[@id=\"__box77-arrow\"]"}
COMMAND: POST /session/bb295fd008a8bb8a1f479af6d4955b7d/elements - {"using":"xpath","value":"//*[@id=\"__box77-arrow\"]"}
RESULT: {"using":"xpath","value":"//*[@id=\"__box77-arrow\"]"}
COMMAND: POST /session/bb295fd008a8bb8a1f479af6d4955b7d/elements - {"using":"xpath","value":"//*[@id=\"__box77-arrow\"]"}
RESULT: {"using":"xpath","value":"//*[@id=\"__box77-arrow\"]"}
COMMAND: POST /session/bb295fd008a8bb8a1f479af6d4955b7d/elements - {"using":"xpath","value":"//*[@id=\"__box77-arrow\"]"}
RESULT: {"using":"xpath","value":"//*[@id=\"__box77-arrow\"]"}
COMMAND: POST /session/bb295fd008a8bb8a1f479af6d4955b7d/elements - {"using":"xpath","value":"//*[@id=\"__box77-arrow\"]"}
RESULT: {"using":"xpath","value":"//*[@id=\"__box77-arrow\"]"}
COMMAND: POST /session/bb295fd008a8bb8a1f479af6d4955b7d/elements - {"using":"xpath","value":"//*[@id=\"__box77-arrow\"]"}
RESULT: {"using":"xpath","value":"//*[@id=\"__box77-arrow\"]"}
COMMAND: POST /session/bb295fd008a8bb8a1f479af6d4955b7d/elements - {"using":"xpath","value":"//*[@id=\"__box77-arrow\"]"}
RESULT: {"using":"xpath","value":"//*[@id=\"__box77-arrow\"]"}
COMMAND: POST /session/bb295fd008a8bb8a1f479af6d4955b7d/elements - {"using":"xpath","value":"//*[@id=\"__box77-arrow\"]"}
RESULT: {"using":"xpath","value":"//*[@id=\"__box77-arrow\"]"}
COMMAND: POST /session/bb295fd008a8bb8a1f479af6d4955b7d/elements - {"using":"xpath","value":"//*[@id=\"__box77-arrow\"]"}
RESULT: {"using":"xpath","value":"//*[@id=\"__box77-arrow\"]"}
COMMAND: POST /session/bb295fd008a8bb8a1f479af6d4955b7d/elements - {"using":"xpath","value":"//*[@id=\"__box77-arrow\"]"}
RESULT: {"using":"xpath","value":"//*[@id=\"__box77-arrow\"]"}
COMMAND: POST /session/bb295fd008a8bb8a1f479af6d4955b7d/elements - {"using":"xpath","value":"//*[@id=\"__box77-arrow\"]"}
RESULT: {"using":"xpath","value":"//*[@id=\"__box77-arrow\"]"}
COMMAND: POST /session/bb295fd008a8bb8a1f479af6d4955b7d/elements - {"using":"xpath","value":"//*[@id=\"__box77-arrow\"]"}
RESULT: {"using":"xpath","value":"//*[@id=\"__box77-arrow\"]"}
COMMAND: POST /session/bb295fd008a8bb8a1f479af6d4955b7d/elements - {"using":"xpath","value":"//*[@id=\"__box77-arrow\"]"}
RESULT: {"using":"xpath","value":"//*[@id=\"__box77-arrow\"]"}
COMMAND: POST /session/bb295fd008a8bb8a1f479af6d4955b7d/elements - {"using":"xpath","value":"//*[@id=\"__box77-arrow\"]"}
RESULT: {"using":"xpath","value":"//*[@id=\"__box77-arrow\"]"}
COMMAND: POST /session/bb295fd008a8bb8a1f479af6d4955b7d/elements - {"using":"xpath","value":"//*[@id=\"__box77-arrow\"]"}
RESULT: {"using":"xpath","value":"//*[@id=\"__box77-arrow\"]"}
COMMAND: POST /session/bb295fd008a8bb8a1f479af6d4955b7d/elements - {"using":"xpath","value":"//*[@id=\"__box77-arrow\"]"}
RESULT: {"using":"xpath","value":"//*[@id=\"__box77-arrow\"]"}
COMMAND: POST /session/bb295fd008a8bb8a1f479af6d4955b7d/elements - {"using":"xpath","value":"//*[@id=\"__box77-arrow\"]"}
RESULT: {"using":"xpath","value":"//*[@id=\"__box77-arrow\"]"}
COMMAND: POST /session/bb295fd008a8bb8a1f479af6d4955b7d/elements - {"using":"xpath","value":"//*[@id=\"__box77-arrow\"]"}
RESULT: {"using":"xpath","value":"//*[@id=\"__box77-arrow\"]"}
COMMAND: POST /session/bb295fd008a8bb8a1f479af6d4955b7d/elements - {"using":"xpath","value":"//*[@id=\"__box77-arrow\"]"}
RESULT: {"using":"xpath","value":"//*[@id=\"__box77-arrow\"]"}
COMMAND: POST /session/bb295fd008a8bb8a1f479af6d4955b7d/elements - {"using":"xpath","value":"//*[@id=\"__box77-arrow\"]"}
RESULT: {"using":"xpath","value":"//*[@id=\"__box77-arrow\"]"}
COMMAND: POST /session/bb295fd008a8bb8a1f479af6d4955b7d/elements - {"using":"xpath","value":"//*[@id=\"__box77-arrow\"]"}
RESULT: {"using":"xpath","value":"//*[@id=\"__box77-arrow\"]"}
COMMAND: POST /session/bb295fd008a8bb8a1f479af6d4955b7d/elements - {"using":"xpath","value":"//*[@id=\"__box77-arrow\"]"}
RESULT: {"using":"xpath","value":"//*[@id=\"__box77-arrow\"]"}
COMMAND: POST /session/bb295fd008a8bb8a1f479af6d4955b7d/elements - {"using":"xpath","value":"//*[@id=\"__box77-arrow\"]"}
RESULT: {"using":"xpath","value":"//*[@id=\"__box77-arrow\"]"}
COMMAND: POST /session/bb295fd008a8bb8a1f479af6d4955b7d/elements - {"using":"xpath","value":"//*[@id=\"__box77-arrow\"]"}
RESULT: {"using":"xpath","value":"//*[@id=\"__box77-arrow\"]"}
COMMAND: POST /session/bb295fd008a8bb8a1f479af6d4955b7d/elements - {"using":"xpath","value":"//*[@id=\"__box77-arrow\"]"}
RESULT: {"using":"xpath","value":"//*[@id=\"__box77-arrow\"]"}
COMMAND: POST /session/bb295fd008a8bb8a1f479af6d4955b7d/elements - {"using":"xpath","value":"//*[@id=\"__box77-arrow\"]"}
RESULT: {"using":"xpath","value":"//*[@id=\"__box77-arrow\"]"}
COMMAND: POST /session/bb295fd008a8bb8a1f479af6d4955b7d/elements - {"using":"xpath","value":"//*[@id=\"__box77-arrow\"]"}
RESULT: {"using":"xpath","value":"//*[@id=\"__box77-arrow\"]"}
COMMAND: POST /session/bb295fd008a8bb8a1f479af6d4955b7d/elements - {"using":"xpath","value":"//*[@id=\"__box77-arrow\"]"}
RESULT: {"using":"xpath","value":"//*[@id=\"__box77-arrow\"]"}
COMMAND: POST /session/bb295fd008a8bb8a1f479af6d4955b7d/elements - {"using":"xpath","value":"//*[@id=\"__box77-arrow\"]"}
RESULT: {"using":"xpath","value":"//*[@id=\"__box77-arrow\"]"}
COMMAND: POST /session/bb295fd008a8bb8a1f479af6d4955b7d/elements - {"using":"xpath","value":"//*[@id=\"__box77-arrow\"]"}
RESULT: {"using":"xpath","value":"//*[@id=\"__box77-arrow\"]"}
COMMAND: POST /session/bb295fd008a8bb8a1f479af6d4955b7d/elements - {"using":"xpath","value":"//*[@id=\"__box77-arrow\"]"}
RESULT: {"using":"xpath","value":"//*[@id=\"__box77-arrow\"]"}
COMMAND: POST /session/bb295fd008a8bb8a1f479af6d4955b7d/elements - {"using":"xpath","value":"//*[@id=\"__box77-arrow\"]"}
RESULT: {"using":"xpath","value":"//*[@id=\"__box77-arrow\"]"}
COMMAND: POST /session/bb295fd008a8bb8a1f479af6d4955b7d/elements - {"using":"xpath","value":"//*[@id=\"__box77-arrow\"]"}
RESULT: {"using":"xpath","value":"//*[@id=\"__box77-arrow\"]"}
COMMAND: POST /session/bb295fd008a8bb8a1f479af6d4955b7d/elements - {"using":"xpath","value":"//*[@id=\"__box77-arrow\"]"}
RESULT: {"using":"xpath","value":"//*[@id=\"__box77-arrow\"]"}
COMMAND: POST /session/bb295fd008a8bb8a1f479af6d4955b7d/elements - {"using":"xpath","value":"//*[@id=\"__box77-arrow\"]"}
RESULT: {"using":"xpath","value":"//*[@id=\"__box77-arrow\"]"}
COMMAND: POST /session/bb295fd008a8bb8a1f479af6d4955b7d/elements - {"using":"xpath","value":"//*[@id=\"__box77-arrow\"]"}
RESULT: {"using":"xpath","value":"//*[@id=\"__box77-arrow\"]"}
COMMAND: POST /session/bb295fd008a8bb8a1f479af6d4955b7d/elements - {"using":"xpath","value":"//*[@id=\"__box77-arrow\"]"}
RESULT: {"using":"xpath","value":"//*[@id=\"__box77-arrow\"]"}
COMMAND: POST /session/bb295fd008a8bb8a1f479af6d4955b7d/elements - {"using":"xpath","value":"//*[@id=\"__box77-arrow\"]"}
RESULT: {"using":"xpath","value":"//*[@id=\"__box77-arrow\"]"}
COMMAND: POST /session/bb295fd008a8bb8a1f479af6d4955b7d/elements - {"using":"xpath","value":"//*[@id=\"__box77-arrow\"]"}
RESULT: {"using":"xpath","value":"//*[@id=\"__box77-arrow\"]"}
COMMAND: POST /session/bb295fd008a8bb8a1f479af6d4955b7d/elements - {"using":"xpath","value":"//*[@id=\"__box77-arrow\"]"}
RESULT: {"using":"xpath","value":"//*[@id=\"__box77-arrow\"]"}
COMMAND: POST /session/bb295fd008a8bb8a1f479af6d4955b7d/elements - {"using":"xpath","value":"//*[@id=\"__box77-arrow\"]"}
RESULT: {"using":"xpath","value":"//*[@id=\"__box77-arrow\"]"}
COMMAND: POST /session/bb295fd008a8bb8a1f479af6d4955b7d/elements - {"using":"xpath","value":"//*[@id=\"__box77-arrow\"]"}
RESULT: {"using":"xpath","value":"//*[@id=\"__box77-arrow\"]"}
COMMAND: POST /session/bb295fd008a8bb8a1f479af6d4955b7d/elements - {"using":"xpath","value":"//*[@id=\"__box77-arrow\"]"}
RESULT: {"using":"xpath","value":"//*[@id=\"__box77-arrow\"]"}
COMMAND: POST /session/bb295fd008a8bb8a1f479af6d4955b7d/elements - {"using":"xpath","value":"//*[@id=\"__box77-arrow\"]"}
RESULT: {"using":"xpath","value":"//*[@id=\"__box77-arrow\"]"}
COMMAND: POST /session/bb295fd008a8bb8a1f479af6d4955b7d/elements - {"using":"xpath","value":"//*[@id=\"__box77-arrow\"]"}
RESULT: {"using":"xpath","value":"//*[@id=\"__box77-arrow\"]"}
COMMAND: POST /session/bb295fd008a8bb8a1f479af6d4955b7d/elements - {"using":"xpath","value":"//*[@id=\"__box77-arrow\"]"}
RESULT: {"using":"xpath","value":"//*[@id=\"__box77-arrow\"]"}
COMMAND: POST /session/bb295fd008a8bb8a1f479af6d4955b7d/elements - {"using":"xpath","value":"//*[@id=\"__box77-arrow\"]"}
RESULT: {"using":"xpath","value":"//*[@id=\"__box77-arrow\"]"}
COMMAND: POST /session/bb295fd008a8bb8a1f479af6d4955b7d/elements - {"using":"xpath","value":"//*[@id=\"__box77-arrow\"]"}
RESULT: {"using":"xpath","value":"//*[@id=\"__box77-arrow\"]"}
COMMAND: POST /session/bb295fd008a8bb8a1f479af6d4955b7d/elements - {"using":"xpath","value":"//*[@id=\"__box77-arrow\"]"}
RESULT: {"using":"xpath","value":"//*[@id=\"__box77-arrow\"]"}
COMMAND: POST /session/bb295fd008a8bb8a1f479af6d4955b7d/elements - {"using":"xpath","value":"//*[@id=\"__box77-arrow\"]"}
RESULT: {"using":"xpath","value":"//*[@id=\"__box77-arrow\"]"}
COMMAND: POST /session/bb295fd008a8bb8a1f479af6d4955b7d/elements - {"using":"xpath","value":"//*[@id=\"__box77-arrow\"]"}
RESULT: {"using":"xpath","value":"//*[@id=\"__box77-arrow\"]"}
COMMAND: POST /session/bb295fd008a8bb8a1f479af6d4955b7d/elements - {"using":"xpath","value":"//*[@id=\"__box77-arrow\"]"}
RESULT: {"using":"xpath","value":"//*[@id=\"__box77-arrow\"]"}
COMMAND: POST /session/bb295fd008a8bb8a1f479af6d4955b7d/elements - {"using":"xpath","value":"//*[@id=\"__box77-arrow\"]"}
RESULT: {"using":"xpath","value":"//*[@id=\"__box77-arrow\"]"}
COMMAND: POST /session/bb295fd008a8bb8a1f479af6d4955b7d/elements - {"using":"xpath","value":"//*[@id=\"__box77-arrow\"]"}
RESULT: {"using":"xpath","value":"//*[@id=\"__box77-arrow\"]"}
COMMAND: POST /session/bb295fd008a8bb8a1f479af6d4955b7d/elements - {"using":"xpath","value":"//*[@id=\"__box77-arrow\"]"}
RESULT: {"using":"xpath","value":"//*[@id=\"__box77-arrow\"]"}
COMMAND: POST /session/bb295fd008a8bb8a1f479af6d4955b7d/elements - {"using":"xpath","value":"//*[@id=\"__box77-arrow\"]"}
RESULT: {"using":"xpath","value":"//*[@id=\"__box77-arrow\"]"}
COMMAND: POST /session/bb295fd008a8bb8a1f479af6d4955b7d/elements - {"using":"xpath","value":"//*[@id=\"__box77-arrow\"]"}
RESULT: {"using":"xpath","value":"//*[@id=\"__box77-arrow\"]"}
COMMAND: POST /session/bb295fd008a8bb8a1f479af6d4955b7d/elements - {"using":"xpath","value":"//*[@id=\"__box77-arrow\"]"}
RESULT: {"using":"xpath","value":"//*[@id=\"__box77-arrow\"]"}
COMMAND: POST /session/bb295fd008a8bb8a1f479af6d4955b7d/elements - {"using":"xpath","value":"//*[@id=\"__box77-arrow\"]"}
RESULT: {"using":"xpath","value":"//*[@id=\"__box77-arrow\"]"}
COMMAND: POST /session/bb295fd008a8bb8a1f479af6d4955b7d/elements - {"using":"xpath","value":"//*[@id=\"__box77-arrow\"]"}
RESULT: {"using":"xpath","value":"//*[@id=\"__box77-arrow\"]"}
COMMAND: POST /session/bb295fd008a8bb8a1f479af6d4955b7d/elements - {"using":"xpath","value":"//*[@id=\"__box77-arrow\"]"}
RESULT: {"using":"xpath","value":"//*[@id=\"__box77-arrow\"]"}
COMMAND: POST /session/bb295fd008a8bb8a1f479af6d4955b7d/elements - {"using":"xpath","value":"//*[@id=\"__box77-arrow\"]"}
RESULT: {"using":"xpath","value":"//*[@id=\"__box77-arrow\"]"}
COMMAND: POST /session/bb295fd008a8bb8a1f479af6d4955b7d/elements - {"using":"xpath","value":"//*[@id=\"__box77-arrow\"]"}
RESULT: {"using":"xpath","value":"//*[@id=\"__box77-arrow\"]"}
COMMAND: POST /session/bb295fd008a8bb8a1f479af6d4955b7d/elements - {"using":"xpath","value":"//*[@id=\"__box77-arrow\"]"}
RESULT: {"using":"xpath","value":"//*[@id=\"__box77-arrow\"]"}
COMMAND: POST /session/bb295fd008a8bb8a1f479af6d4955b7d/elements - {"using":"xpath","value":"//*[@id=\"__box77-arrow\"]"}
RESULT: {"using":"xpath","value":"//*[@id=\"__box77-arrow\"]"}
COMMAND: POST /session/bb295fd008a8bb8a1f479af6d4955b7d/elements - {"using":"xpath","value":"//*[@id=\"__box77-arrow\"]"}
RESULT: {"using":"xpath","value":"//*[@id=\"__box77-arrow\"]"}
COMMAND: POST /session/bb295fd008a8bb8a1f479af6d4955b7d/elements - {"using":"xpath","value":"//*[@id=\"__box77-arrow\"]"}
RESULT: {"using":"xpath","value":"//*[@id=\"__box77-arrow\"]"}
COMMAND: POST /session/bb295fd008a8bb8a1f479af6d4955b7d/elements - {"using":"xpath","value":"//*[@id=\"__box77-arrow\"]"}
RESULT: {"using":"xpath","value":"//*[@id=\"__box77-arrow\"]"}
COMMAND: POST /session/bb295fd008a8bb8a1f479af6d4955b7d/elements - {"using":"xpath","value":"//*[@id=\"__box77-arrow\"]"}
RESULT: {"using":"xpath","value":"//*[@id=\"__box77-arrow\"]"}
COMMAND: POST /session/bb295fd008a8bb8a1f479af6d4955b7d/elements - {"using":"xpath","value":"//*[@id=\"__box77-arrow\"]"}
RESULT: {"using":"xpath","value":"//*[@id=\"__box77-arrow\"]"}
COMMAND: POST /session/bb295fd008a8bb8a1f479af6d4955b7d/elements - {"using":"xpath","value":"//*[@id=\"__box77-arrow\"]"}
RESULT: {"using":"xpath","value":"//*[@id=\"__box77-arrow\"]"}
COMMAND: POST /session/bb295fd008a8bb8a1f479af6d4955b7d/elements - {"using":"xpath","value":"//*[@id=\"__box77-arrow\"]"}
RESULT: {"using":"xpath","value":"//*[@id=\"__box77-arrow\"]"}
COMMAND: POST /session/bb295fd008a8bb8a1f479af6d4955b7d/elements - {"using":"xpath","value":"//*[@id=\"__box77-arrow\"]"}
RESULT: {"using":"xpath","value":"//*[@id=\"__box77-arrow\"]"}
COMMAND: POST /session/bb295fd008a8bb8a1f479af6d4955b7d/elements - {"using":"xpath","value":"//*[@id=\"__box77-arrow\"]"}
RESULT: {"using":"xpath","value":"//*[@id=\"__box77-arrow\"]"}
COMMAND: POST /session/bb295fd008a8bb8a1f479af6d4955b7d/elements - {"using":"xpath","value":"//*[@id=\"__box77-arrow\"]"}
RESULT: {"using":"xpath","value":"//*[@id=\"__box77-arrow\"]"}
COMMAND: POST /session/bb295fd008a8bb8a1f479af6d4955b7d/elements - {"using":"xpath","value":"//*[@id=\"__box77-arrow\"]"}
RESULT: {"using":"xpath","value":"//*[@id=\"__box77-arrow\"]"}
COMMAND: POST /session/bb295fd008a8bb8a1f479af6d4955b7d/elements - {"using":"xpath","value":"//*[@id=\"__box77-arrow\"]"}
RESULT: {"using":"xpath","value":"//*[@id=\"__box77-arrow\"]"}
COMMAND: POST /session/bb295fd008a8bb8a1f479af6d4955b7d/elements - {"using":"xpath","value":"//*[@id=\"__box77-arrow\"]"}
RESULT: {"using":"xpath","value":"//*[@id=\"__box77-arrow\"]"}
COMMAND: POST /session/bb295fd008a8bb8a1f479af6d4955b7d/elements - {"using":"xpath","value":"//*[@id=\"__box77-arrow\"]"}
RESULT: {"using":"xpath","value":"//*[@id=\"__box77-arrow\"]"}
COMMAND: POST /session/bb295fd008a8bb8a1f479af6d4955b7d/elements - {"using":"xpath","value":"//*[@id=\"__box77-arrow\"]"}
RESULT: {"using":"xpath","value":"//*[@id=\"__box77-arrow\"]"}
COMMAND: POST /session/bb295fd008a8bb8a1f479af6d4955b7d/elements - {"using":"xpath","value":"//*[@id=\"__box77-arrow\"]"}
RESULT: {"using":"xpath","value":"//*[@id=\"__box77-arrow\"]"}
COMMAND: POST /session/bb295fd008a8bb8a1f479af6d4955b7d/elements - {"using":"xpath","value":"//*[@id=\"__box77-arrow\"]"}
RESULT: {"using":"xpath","value":"//*[@id=\"__box77-arrow\"]"}
COMMAND: POST /session/bb295fd008a8bb8a1f479af6d4955b7d/elements - {"using":"xpath","value":"//*[@id=\"__box77-arrow\"]"}
RESULT: {"using":"xpath","value":"//*[@id=\"__box77-arrow\"]"}
COMMAND: POST /session/bb295fd008a8bb8a1f479af6d4955b7d/elements - {"using":"xpath","value":"//*[@id=\"__box77-arrow\"]"}
RESULT: {"using":"xpath","value":"//*[@id=\"__box77-arrow\"]"}
COMMAND: POST /session/bb295fd008a8bb8a1f479af6d4955b7d/elements - {"using":"xpath","value":"//*[@id=\"__box77-arrow\"]"}
RESULT: {"using":"xpath","value":"//*[@id=\"__box77-arrow\"]"}
COMMAND: POST /session/bb295fd008a8bb8a1f479af6d4955b7d/elements - {"using":"xpath","value":"//*[@id=\"__box77-arrow\"]"}
RESULT: {"using":"xpath","value":"//*[@id=\"__box77-arrow\"]"}
COMMAND: POST /session/bb295fd008a8bb8a1f479af6d4955b7d/elements - {"using":"xpath","value":"//*[@id=\"__box77-arrow\"]"}
RESULT: {"using":"xpath","value":"//*[@id=\"__box77-arrow\"]"}
COMMAND: POST /session/bb295fd008a8bb8a1f479af6d4955b7d/elements - {"using":"xpath","value":"//*[@id=\"__box77-arrow\"]"}
RESULT: {"using":"xpath","value":"//*[@id=\"__box77-arrow\"]"}
COMMAND: POST /session/bb295fd008a8bb8a1f479af6d4955b7d/elements - {"using":"xpath","value":"//*[@id=\"__box77-arrow\"]"}
RESULT: {"using":"xpath","value":"//*[@id=\"__box77-arrow\"]"}
COMMAND: POST /session/bb295fd008a8bb8a1f479af6d4955b7d/elements - {"using":"xpath","value":"//*[@id=\"__box77-arrow\"]"}
RESULT: {"using":"xpath","value":"//*[@id=\"__box77-arrow\"]"}
COMMAND: POST /session/bb295fd008a8bb8a1f479af6d4955b7d/elements - {"using":"xpath","value":"//*[@id=\"__box77-arrow\"]"}
RESULT: {"using":"xpath","value":"//*[@id=\"__box77-arrow\"]"}
COMMAND: POST /session/bb295fd008a8bb8a1f479af6d4955b7d/elements - {"using":"xpath","value":"//*[@id=\"__box77-arrow\"]"}
RESULT: {"using":"xpath","value":"//*[@id=\"__box77-arrow\"]"}
COMMAND: POST /session/bb295fd008a8bb8a1f479af6d4955b7d/elements - {"using":"xpath","value":"//*[@id=\"__box77-arrow\"]"}
RESULT: {"using":"xpath","value":"//*[@id=\"__box77-arrow\"]"}
COMMAND: POST /session/bb295fd008a8bb8a1f479af6d4955b7d/elements - {"using":"xpath","value":"//*[@id=\"__box77-arrow\"]"}
RESULT: {"using":"xpath","value":"//*[@id=\"__box77-arrow\"]"}
COMMAND: POST /session/bb295fd008a8bb8a1f479af6d4955b7d/element - {"using":"xpath","value":"//li[.//span[text()='equal to']]"}
RESULT: {"using":"xpath","value":"//li[.//span[text()='equal to']]"}
COMMAND: POST /session/bb295fd008a8bb8a1f479af6d4955b7d/elements - {"using":"xpath","value":"//li[.//span[text()='equal to']]"}
RESULT: {"using":"xpath","value":"//li[.//span[text()='equal to']]"}
COMMAND: POST /session/bb295fd008a8bb8a1f479af6d4955b7d/elements - {"using":"xpath","value":"//li[.//span[text()='equal to']]"}
RESULT: {"using":"xpath","value":"//li[.//span[text()='equal to']]"}
COMMAND: POST /session/bb295fd008a8bb8a1f479af6d4955b7d/elements - {"using":"xpath","value":"//li[.//span[text()='equal to']]"}
RESULT: {"using":"xpath","value":"//li[.//span[text()='equal to']]"}
COMMAND: POST /session/bb295fd008a8bb8a1f479af6d4955b7d/elements - {"using":"xpath","value":"//li[.//span[text()='equal to']]"}
RESULT: {"using":"xpath","value":"//li[.//span[text()='equal to']]"}
COMMAND: POST /session/bb295fd008a8bb8a1f479af6d4955b7d/elements - {"using":"xpath","value":"//li[.//span[text()='equal to']]"}
RESULT: {"using":"xpath","value":"//li[.//span[text()='equal to']]"}
COMMAND: POST /session/bb295fd008a8bb8a1f479af6d4955b7d/elements - {"using":"xpath","value":"//li[.//span[text()='equal to']]"}
RESULT: {"using":"xpath","value":"//li[.//span[text()='equal to']]"}
COMMAND: POST /session/bb295fd008a8bb8a1f479af6d4955b7d/elements - {"using":"xpath","value":"//li[.//span[text()='equal to']]"}
RESULT: {"using":"xpath","value":"//li[.//span[text()='equal to']]"}
COMMAND: POST /session/bb295fd008a8bb8a1f479af6d4955b7d/elements - {"using":"xpath","value":"//li[.//span[text()='equal to']]"}
RESULT: {"using":"xpath","value":"//li[.//span[text()='equal to']]"}
COMMAND: POST /session/bb295fd008a8bb8a1f479af6d4955b7d/elements - {"using":"xpath","value":"//li[.//span[text()='equal to']]"}
RESULT: {"using":"xpath","value":"//li[.//span[text()='equal to']]"}
COMMAND: POST /session/bb295fd008a8bb8a1f479af6d4955b7d/elements - {"using":"xpath","value":"//li[.//span[text()='equal to']]"}
RESULT: {"using":"xpath","value":"//li[.//span[text()='equal to']]"}
COMMAND: POST /session/bb295fd008a8bb8a1f479af6d4955b7d/elements - {"using":"xpath","value":"//li[.//span[text()='equal to']]"}
RESULT: {"using":"xpath","value":"//li[.//span[text()='equal to']]"}
COMMAND: POST /session/bb295fd008a8bb8a1f479af6d4955b7d/elements - {"using":"xpath","value":"//li[.//span[text()='equal to']]"}
RESULT: {"using":"xpath","value":"//li[.//span[text()='equal to']]"}
COMMAND: POST /session/bb295fd008a8bb8a1f479af6d4955b7d/elements - {"using":"xpath","value":"//li[.//span[text()='equal to']]"}
RESULT: {"using":"xpath","value":"//li[.//span[text()='equal to']]"}
COMMAND: POST /session/bb295fd008a8bb8a1f479af6d4955b7d/elements - {"using":"xpath","value":"//li[.//span[text()='equal to']]"}
RESULT: {"using":"xpath","value":"//li[.//span[text()='equal to']]"}
COMMAND: POST /session/bb295fd008a8bb8a1f479af6d4955b7d/elements - {"using":"xpath","value":"//li[.//span[text()='equal to']]"}
RESULT: {"using":"xpath","value":"//li[.//span[text()='equal to']]"}
COMMAND: POST /session/bb295fd008a8bb8a1f479af6d4955b7d/elements - {"using":"xpath","value":"//li[.//span[text()='equal to']]"}
RESULT: {"using":"xpath","value":"//li[.//span[text()='equal to']]"}
COMMAND: POST /session/bb295fd008a8bb8a1f479af6d4955b7d/elements - {"using":"xpath","value":"//li[.//span[text()='equal to']]"}
RESULT: {"using":"xpath","value":"//li[.//span[text()='equal to']]"}
COMMAND: POST /session/bb295fd008a8bb8a1f479af6d4955b7d/elements - {"using":"xpath","value":"//li[.//span[text()='equal to']]"}
RESULT: {"using":"xpath","value":"//li[.//span[text()='equal to']]"}
COMMAND: POST /session/bb295fd008a8bb8a1f479af6d4955b7d/elements - {"using":"xpath","value":"//li[.//span[text()='equal to']]"}
RESULT: {"using":"xpath","value":"//li[.//span[text()='equal to']]"}
COMMAND: POST /session/bb295fd008a8bb8a1f479af6d4955b7d/elements - {"using":"xpath","value":"//li[.//span[text()='equal to']]"}
RESULT: {"using":"xpath","value":"//li[.//span[text()='equal to']]"}
COMMAND: POST /session/bb295fd008a8bb8a1f479af6d4955b7d/elements - {"using":"xpath","value":"//li[.//span[text()='equal to']]"}
RESULT: {"using":"xpath","value":"//li[.//span[text()='equal to']]"}
COMMAND: POST /session/bb295fd008a8bb8a1f479af6d4955b7d/elements - {"using":"xpath","value":"//li[.//span[text()='equal to']]"}
RESULT: {"using":"xpath","value":"//li[.//span[text()='equal to']]"}
COMMAND: POST /session/bb295fd008a8bb8a1f479af6d4955b7d/elements - {"using":"xpath","value":"//li[.//span[text()='equal to']]"}
RESULT: {"using":"xpath","value":"//li[.//span[text()='equal to']]"}
COMMAND: POST /session/bb295fd008a8bb8a1f479af6d4955b7d/elements - {"using":"xpath","value":"//li[.//span[text()='equal to']]"}
RESULT: {"using":"xpath","value":"//li[.//span[text()='equal to']]"}
COMMAND: POST /session/bb295fd008a8bb8a1f479af6d4955b7d/elements - {"using":"xpath","value":"//li[.//span[text()='equal to']]"}
RESULT: {"using":"xpath","value":"//li[.//span[text()='equal to']]"}
COMMAND: POST /session/bb295fd008a8bb8a1f479af6d4955b7d/elements - {"using":"xpath","value":"//li[.//span[text()='equal to']]"}
RESULT: {"using":"xpath","value":"//li[.//span[text()='equal to']]"}
COMMAND: POST /session/bb295fd008a8bb8a1f479af6d4955b7d/elements - {"using":"xpath","value":"//li[.//span[text()='equal to']]"}
RESULT: {"using":"xpath","value":"//li[.//span[text()='equal to']]"}
COMMAND: POST /session/bb295fd008a8bb8a1f479af6d4955b7d/elements - {"using":"xpath","value":"//li[.//span[text()='equal to']]"}
RESULT: {"using":"xpath","value":"//li[.//span[text()='equal to']]"}
COMMAND: POST /session/bb295fd008a8bb8a1f479af6d4955b7d/elements - {"using":"xpath","value":"//li[.//span[text()='equal to']]"}
RESULT: {"using":"xpath","value":"//li[.//span[text()='equal to']]"}
COMMAND: POST /session/bb295fd008a8bb8a1f479af6d4955b7d/elements - {"using":"xpath","value":"//li[.//span[text()='equal to']]"}
RESULT: {"using":"xpath","value":"//li[.//span[text()='equal to']]"}
COMMAND: POST /session/bb295fd008a8bb8a1f479af6d4955b7d/elements - {"using":"xpath","value":"//li[.//span[text()='equal to']]"}
RESULT: {"using":"xpath","value":"//li[.//span[text()='equal to']]"}
COMMAND: POST /session/bb295fd008a8bb8a1f479af6d4955b7d/elements - {"using":"xpath","value":"//li[.//span[text()='equal to']]"}
RESULT: {"using":"xpath","value":"//li[.//span[text()='equal to']]"}
COMMAND: POST /session/bb295fd008a8bb8a1f479af6d4955b7d/elements - {"using":"xpath","value":"//li[.//span[text()='equal to']]"}
RESULT: {"using":"xpath","value":"//li[.//span[text()='equal to']]"}
COMMAND: POST /session/bb295fd008a8bb8a1f479af6d4955b7d/elements - {"using":"xpath","value":"//li[.//span[text()='equal to']]"}
RESULT: {"using":"xpath","value":"//li[.//span[text()='equal to']]"}
COMMAND: POST /session/bb295fd008a8bb8a1f479af6d4955b7d/elements - {"using":"xpath","value":"//li[.//span[text()='equal to']]"}
RESULT: {"using":"xpath","value":"//li[.//span[text()='equal to']]"}
COMMAND: POST /session/bb295fd008a8bb8a1f479af6d4955b7d/elements - {"using":"xpath","value":"//li[.//span[text()='equal to']]"}
RESULT: {"using":"xpath","value":"//li[.//span[text()='equal to']]"}
COMMAND: POST /session/bb295fd008a8bb8a1f479af6d4955b7d/elements - {"using":"xpath","value":"//li[.//span[text()='equal to']]"}
RESULT: {"using":"xpath","value":"//li[.//span[text()='equal to']]"}
COMMAND: POST /session/bb295fd008a8bb8a1f479af6d4955b7d/elements - {"using":"xpath","value":"//li[.//span[text()='equal to']]"}
RESULT: {"using":"xpath","value":"//li[.//span[text()='equal to']]"}
COMMAND: POST /session/bb295fd008a8bb8a1f479af6d4955b7d/elements - {"using":"xpath","value":"//li[.//span[text()='equal to']]"}
RESULT: {"using":"xpath","value":"//li[.//span[text()='equal to']]"}
COMMAND: POST /session/bb295fd008a8bb8a1f479af6d4955b7d/elements - {"using":"xpath","value":"//li[.//span[text()='equal to']]"}
RESULT: {"using":"xpath","value":"//li[.//span[text()='equal to']]"}
COMMAND: POST /session/bb295fd008a8bb8a1f479af6d4955b7d/elements - {"using":"xpath","value":"//li[.//span[text()='equal to']]"}
RESULT: {"using":"xpath","value":"//li[.//span[text()='equal to']]"}
COMMAND: POST /session/bb295fd008a8bb8a1f479af6d4955b7d/elements - {"using":"xpath","value":"//li[.//span[text()='equal to']]"}
RESULT: {"using":"xpath","value":"//li[.//span[text()='equal to']]"}
COMMAND: POST /session/bb295fd008a8bb8a1f479af6d4955b7d/elements - {"using":"xpath","value":"//li[.//span[text()='equal to']]"}
RESULT: {"using":"xpath","value":"//li[.//span[text()='equal to']]"}
COMMAND: POST /session/bb295fd008a8bb8a1f479af6d4955b7d/elements - {"using":"xpath","value":"//li[.//span[text()='equal to']]"}
RESULT: {"using":"xpath","value":"//li[.//span[text()='equal to']]"}
COMMAND: POST /session/bb295fd008a8bb8a1f479af6d4955b7d/elements - {"using":"xpath","value":"//li[.//span[text()='equal to']]"}
RESULT: {"using":"xpath","value":"//li[.//span[text()='equal to']]"}
COMMAND: POST /session/bb295fd008a8bb8a1f479af6d4955b7d/elements - {"using":"xpath","value":"//li[.//span[text()='equal to']]"}
RESULT: {"using":"xpath","value":"//li[.//span[text()='equal to']]"}
COMMAND: POST /session/bb295fd008a8bb8a1f479af6d4955b7d/elements - {"using":"xpath","value":"//li[.//span[text()='equal to']]"}
RESULT: {"using":"xpath","value":"//li[.//span[text()='equal to']]"}
COMMAND: POST /session/bb295fd008a8bb8a1f479af6d4955b7d/elements - {"using":"xpath","value":"//li[.//span[text()='equal to']]"}
RESULT: {"using":"xpath","value":"//li[.//span[text()='equal to']]"}
COMMAND: POST /session/bb295fd008a8bb8a1f479af6d4955b7d/elements - {"using":"xpath","value":"//li[.//span[text()='equal to']]"}
RESULT: {"using":"xpath","value":"//li[.//span[text()='equal to']]"}
COMMAND: POST /session/bb295fd008a8bb8a1f479af6d4955b7d/elements - {"using":"xpath","value":"//li[.//span[text()='equal to']]"}
RESULT: {"using":"xpath","value":"//li[.//span[text()='equal to']]"}
COMMAND: POST /session/bb295fd008a8bb8a1f479af6d4955b7d/elements - {"using":"xpath","value":"//li[.//span[text()='equal to']]"}
RESULT: {"using":"xpath","value":"//li[.//span[text()='equal to']]"}
COMMAND: POST /session/bb295fd008a8bb8a1f479af6d4955b7d/elements - {"using":"xpath","value":"//li[.//span[text()='equal to']]"}
RESULT: {"using":"xpath","value":"//li[.//span[text()='equal to']]"}
COMMAND: POST /session/bb295fd008a8bb8a1f479af6d4955b7d/elements - {"using":"xpath","value":"//li[.//span[text()='equal to']]"}
RESULT: {"using":"xpath","value":"//li[.//span[text()='equal to']]"}
COMMAND: POST /session/bb295fd008a8bb8a1f479af6d4955b7d/elements - {"using":"xpath","value":"//li[.//span[text()='equal to']]"}
RESULT: {"using":"xpath","value":"//li[.//span[text()='equal to']]"}
COMMAND: POST /session/bb295fd008a8bb8a1f479af6d4955b7d/elements - {"using":"xpath","value":"//li[.//span[text()='equal to']]"}
RESULT: {"using":"xpath","value":"//li[.//span[text()='equal to']]"}
COMMAND: POST /session/bb295fd008a8bb8a1f479af6d4955b7d/elements - {"using":"xpath","value":"//li[.//span[text()='equal to']]"}
RESULT: {"using":"xpath","value":"//li[.//span[text()='equal to']]"}
COMMAND: POST /session/bb295fd008a8bb8a1f479af6d4955b7d/elements - {"using":"xpath","value":"//li[.//span[text()='equal to']]"}
RESULT: {"using":"xpath","value":"//li[.//span[text()='equal to']]"}
COMMAND: POST /session/bb295fd008a8bb8a1f479af6d4955b7d/elements - {"using":"xpath","value":"//li[.//span[text()='equal to']]"}
RESULT: {"using":"xpath","value":"//li[.//span[text()='equal to']]"}
COMMAND: POST /session/bb295fd008a8bb8a1f479af6d4955b7d/elements - {"using":"xpath","value":"//li[.//span[text()='equal to']]"}
RESULT: {"using":"xpath","value":"//li[.//span[text()='equal to']]"}
COMMAND: POST /session/bb295fd008a8bb8a1f479af6d4955b7d/elements - {"using":"xpath","value":"//li[.//span[text()='equal to']]"}
RESULT: {"using":"xpath","value":"//li[.//span[text()='equal to']]"}
COMMAND: POST /session/bb295fd008a8bb8a1f479af6d4955b7d/elements - {"using":"xpath","value":"//li[.//span[text()='equal to']]"}
RESULT: {"using":"xpath","value":"//li[.//span[text()='equal to']]"}
COMMAND: POST /session/bb295fd008a8bb8a1f479af6d4955b7d/elements - {"using":"xpath","value":"//li[.//span[text()='equal to']]"}
RESULT: {"using":"xpath","value":"//li[.//span[text()='equal to']]"}
COMMAND: POST /session/bb295fd008a8bb8a1f479af6d4955b7d/elements - {"using":"xpath","value":"//li[.//span[text()='equal to']]"}
RESULT: {"using":"xpath","value":"//li[.//span[text()='equal to']]"}
COMMAND: POST /session/bb295fd008a8bb8a1f479af6d4955b7d/elements - {"using":"xpath","value":"//li[.//span[text()='equal to']]"}
RESULT: {"using":"xpath","value":"//li[.//span[text()='equal to']]"}
COMMAND: POST /session/bb295fd008a8bb8a1f479af6d4955b7d/elements - {"using":"xpath","value":"//li[.//span[text()='equal to']]"}
RESULT: {"using":"xpath","value":"//li[.//span[text()='equal to']]"}
COMMAND: POST /session/bb295fd008a8bb8a1f479af6d4955b7d/elements - {"using":"xpath","value":"//li[.//span[text()='equal to']]"}
RESULT: {"using":"xpath","value":"//li[.//span[text()='equal to']]"}
COMMAND: POST /session/bb295fd008a8bb8a1f479af6d4955b7d/elements - {"using":"xpath","value":"//li[.//span[text()='equal to']]"}
RESULT: {"using":"xpath","value":"//li[.//span[text()='equal to']]"}
COMMAND: POST /session/bb295fd008a8bb8a1f479af6d4955b7d/elements - {"using":"xpath","value":"//li[.//span[text()='equal to']]"}
RESULT: {"using":"xpath","value":"//li[.//span[text()='equal to']]"}
COMMAND: POST /session/bb295fd008a8bb8a1f479af6d4955b7d/elements - {"using":"xpath","value":"//li[.//span[text()='equal to']]"}
RESULT: {"using":"xpath","value":"//li[.//span[text()='equal to']]"}
COMMAND: POST /session/bb295fd008a8bb8a1f479af6d4955b7d/elements - {"using":"xpath","value":"//li[.//span[text()='equal to']]"}
RESULT: {"using":"xpath","value":"//li[.//span[text()='equal to']]"}
COMMAND: POST /session/bb295fd008a8bb8a1f479af6d4955b7d/elements - {"using":"xpath","value":"//li[.//span[text()='equal to']]"}
RESULT: {"using":"xpath","value":"//li[.//span[text()='equal to']]"}
COMMAND: POST /session/bb295fd008a8bb8a1f479af6d4955b7d/elements - {"using":"xpath","value":"//li[.//span[text()='equal to']]"}
RESULT: {"using":"xpath","value":"//li[.//span[text()='equal to']]"}
COMMAND: POST /session/bb295fd008a8bb8a1f479af6d4955b7d/elements - {"using":"xpath","value":"//li[.//span[text()='equal to']]"}
RESULT: {"using":"xpath","value":"//li[.//span[text()='equal to']]"}
COMMAND: POST /session/bb295fd008a8bb8a1f479af6d4955b7d/elements - {"using":"xpath","value":"//li[.//span[text()='equal to']]"}
RESULT: {"using":"xpath","value":"//li[.//span[text()='equal to']]"}
COMMAND: POST /session/bb295fd008a8bb8a1f479af6d4955b7d/elements - {"using":"xpath","value":"//li[.//span[text()='equal to']]"}
RESULT: {"using":"xpath","value":"//li[.//span[text()='equal to']]"}
COMMAND: POST /session/bb295fd008a8bb8a1f479af6d4955b7d/elements - {"using":"xpath","value":"//li[.//span[text()='equal to']]"}
RESULT: {"using":"xpath","value":"//li[.//span[text()='equal to']]"}
COMMAND: POST /session/bb295fd008a8bb8a1f479af6d4955b7d/elements - {"using":"xpath","value":"//li[.//span[text()='equal to']]"}
RESULT: {"using":"xpath","value":"//li[.//span[text()='equal to']]"}
COMMAND: POST /session/bb295fd008a8bb8a1f479af6d4955b7d/elements - {"using":"xpath","value":"//li[.//span[text()='equal to']]"}
RESULT: {"using":"xpath","value":"//li[.//span[text()='equal to']]"}
COMMAND: POST /session/bb295fd008a8bb8a1f479af6d4955b7d/elements - {"using":"xpath","value":"//li[.//span[text()='equal to']]"}
RESULT: {"using":"xpath","value":"//li[.//span[text()='equal to']]"}
COMMAND: POST /session/bb295fd008a8bb8a1f479af6d4955b7d/elements - {"using":"xpath","value":"//li[.//span[text()='equal to']]"}
RESULT: {"using":"xpath","value":"//li[.//span[text()='equal to']]"}
COMMAND: POST /session/bb295fd008a8bb8a1f479af6d4955b7d/elements - {"using":"xpath","value":"//li[.//span[text()='equal to']]"}
RESULT: {"using":"xpath","value":"//li[.//span[text()='equal to']]"}
COMMAND: POST /session/bb295fd008a8bb8a1f479af6d4955b7d/elements - {"using":"xpath","value":"//li[.//span[text()='equal to']]"}
RESULT: {"using":"xpath","value":"//li[.//span[text()='equal to']]"}
COMMAND: POST /session/bb295fd008a8bb8a1f479af6d4955b7d/elements - {"using":"xpath","value":"//li[.//span[text()='equal to']]"}
RESULT: {"using":"xpath","value":"//li[.//span[text()='equal to']]"}
COMMAND: POST /session/bb295fd008a8bb8a1f479af6d4955b7d/elements - {"using":"xpath","value":"//li[.//span[text()='equal to']]"}
RESULT: {"using":"xpath","value":"//li[.//span[text()='equal to']]"}
COMMAND: POST /session/bb295fd008a8bb8a1f479af6d4955b7d/elements - {"using":"xpath","value":"//li[.//span[text()='equal to']]"}
RESULT: {"using":"xpath","value":"//li[.//span[text()='equal to']]"}
COMMAND: POST /session/bb295fd008a8bb8a1f479af6d4955b7d/elements - {"using":"xpath","value":"//li[.//span[text()='equal to']]"}
RESULT: {"using":"xpath","value":"//li[.//span[text()='equal to']]"}
COMMAND: POST /session/bb295fd008a8bb8a1f479af6d4955b7d/elements - {"using":"xpath","value":"//li[.//span[text()='equal to']]"}
RESULT: {"using":"xpath","value":"//li[.//span[text()='equal to']]"}
COMMAND: POST /session/bb295fd008a8bb8a1f479af6d4955b7d/elements - {"using":"xpath","value":"//li[.//span[text()='equal to']]"}
RESULT: {"using":"xpath","value":"//li[.//span[text()='equal to']]"}
COMMAND: POST /session/bb295fd008a8bb8a1f479af6d4955b7d/elements - {"using":"xpath","value":"//li[.//span[text()='equal to']]"}
RESULT: {"using":"xpath","value":"//li[.//span[text()='equal to']]"}
COMMAND: POST /session/bb295fd008a8bb8a1f479af6d4955b7d/elements - {"using":"xpath","value":"//li[.//span[text()='equal to']]"}
RESULT: {"using":"xpath","value":"//li[.//span[text()='equal to']]"}
COMMAND: POST /session/bb295fd008a8bb8a1f479af6d4955b7d/elements - {"using":"xpath","value":"//li[.//span[text()='equal to']]"}
RESULT: {"using":"xpath","value":"//li[.//span[text()='equal to']]"}
COMMAND: POST /session/bb295fd008a8bb8a1f479af6d4955b7d/elements - {"using":"xpath","value":"//li[.//span[text()='equal to']]"}
RESULT: {"using":"xpath","value":"//li[.//span[text()='equal to']]"}
COMMAND: POST /session/bb295fd008a8bb8a1f479af6d4955b7d/elements - {"using":"xpath","value":"//li[.//span[text()='equal to']]"}
RESULT: {"using":"xpath","value":"//li[.//span[text()='equal to']]"}
COMMAND: POST /session/bb295fd008a8bb8a1f479af6d4955b7d/elements - {"using":"xpath","value":"//li[.//span[text()='equal to']]"}
RESULT: {"using":"xpath","value":"//li[.//span[text()='equal to']]"}
COMMAND: POST /session/bb295fd008a8bb8a1f479af6d4955b7d/elements - {"using":"xpath","value":"//li[.//span[text()='equal to']]"}
RESULT: {"using":"xpath","value":"//li[.//span[text()='equal to']]"}
COMMAND: POST /session/bb295fd008a8bb8a1f479af6d4955b7d/elements - {"using":"xpath","value":"//li[.//span[text()='equal to']]"}
RESULT: {"using":"xpath","value":"//li[.//span[text()='equal to']]"}
COMMAND: POST /session/bb295fd008a8bb8a1f479af6d4955b7d/elements - {"using":"xpath","value":"//li[.//span[text()='equal to']]"}
RESULT: {"using":"xpath","value":"//li[.//span[text()='equal to']]"}
COMMAND: POST /session/bb295fd008a8bb8a1f479af6d4955b7d/elements - {"using":"xpath","value":"//li[.//span[text()='equal to']]"}
RESULT: {"using":"xpath","value":"//li[.//span[text()='equal to']]"}
COMMAND: POST /session/bb295fd008a8bb8a1f479af6d4955b7d/elements - {"using":"xpath","value":"//li[.//span[text()='equal to']]"}
RESULT: {"using":"xpath","value":"//li[.//span[text()='equal to']]"}
COMMAND: POST /session/bb295fd008a8bb8a1f479af6d4955b7d/elements - {"using":"xpath","value":"//li[.//span[text()='equal to']]"}
RESULT: {"using":"xpath","value":"//li[.//span[text()='equal to']]"}
COMMAND: POST /session/bb295fd008a8bb8a1f479af6d4955b7d/elements - {"using":"xpath","value":"//li[.//span[text()='equal to']]"}
RESULT: {"using":"xpath","value":"//li[.//span[text()='equal to']]"}
COMMAND: POST /session/bb295fd008a8bb8a1f479af6d4955b7d/elements - {"using":"xpath","value":"//li[.//span[text()='equal to']]"}
RESULT: {"using":"xpath","value":"//li[.//span[text()='equal to']]"}
COMMAND: POST /session/bb295fd008a8bb8a1f479af6d4955b7d/elements - {"using":"xpath","value":"//li[.//span[text()='equal to']]"}
RESULT: {"using":"xpath","value":"//li[.//span[text()='equal to']]"}
COMMAND: POST /session/bb295fd008a8bb8a1f479af6d4955b7d/elements - {"using":"xpath","value":"//li[.//span[text()='equal to']]"}
RESULT: {"using":"xpath","value":"//li[.//span[text()='equal to']]"}
COMMAND: POST /session/bb295fd008a8bb8a1f479af6d4955b7d/elements - {"using":"xpath","value":"//li[.//span[text()='equal to']]"}
RESULT: {"using":"xpath","value":"//li[.//span[text()='equal to']]"}
COMMAND: POST /session/bb295fd008a8bb8a1f479af6d4955b7d/elements - {"using":"xpath","value":"//li[.//span[text()='equal to']]"}
RESULT: {"using":"xpath","value":"//li[.//span[text()='equal to']]"}
COMMAND: POST /session/bb295fd008a8bb8a1f479af6d4955b7d/elements - {"using":"xpath","value":"//li[.//span[text()='equal to']]"}
RESULT: {"using":"xpath","value":"//li[.//span[text()='equal to']]"}
COMMAND: POST /session/bb295fd008a8bb8a1f479af6d4955b7d/elements - {"using":"xpath","value":"//li[.//span[text()='equal to']]"}
RESULT: {"using":"xpath","value":"//li[.//span[text()='equal to']]"}
COMMAND: POST /session/bb295fd008a8bb8a1f479af6d4955b7d/elements - {"using":"xpath","value":"//li[.//span[text()='equal to']]"}
RESULT: {"using":"xpath","value":"//li[.//span[text()='equal to']]"}
COMMAND: POST /session/bb295fd008a8bb8a1f479af6d4955b7d/elements - {"using":"xpath","value":"//li[.//span[text()='equal to']]"}
RESULT: {"using":"xpath","value":"//li[.//span[text()='equal to']]"}
COMMAND: POST /session/bb295fd008a8bb8a1f479af6d4955b7d/elements - {"using":"xpath","value":"//li[.//span[text()='equal to']]"}
RESULT: {"using":"xpath","value":"//li[.//span[text()='equal to']]"}
COMMAND: POST /session/bb295fd008a8bb8a1f479af6d4955b7d/elements - {"using":"xpath","value":"//li[.//span[text()='equal to']]"}
RESULT: {"using":"xpath","value":"//li[.//span[text()='equal to']]"}
COMMAND: POST /session/bb295fd008a8bb8a1f479af6d4955b7d/elements - {"using":"xpath","value":"//li[.//span[text()='equal to']]"}
RESULT: {"using":"xpath","value":"//li[.//span[text()='equal to']]"}
COMMAND: POST /session/bb295fd008a8bb8a1f479af6d4955b7d/elements - {"using":"xpath","value":"//li[.//span[text()='equal to']]"}
RESULT: {"using":"xpath","value":"//li[.//span[text()='equal to']]"}
COMMAND: POST /session/bb295fd008a8bb8a1f479af6d4955b7d/elements - {"using":"xpath","value":"//li[.//span[text()='equal to']]"}
RESULT: {"using":"xpath","value":"//li[.//span[text()='equal to']]"}
COMMAND: POST /session/bb295fd008a8bb8a1f479af6d4955b7d/elements - {"using":"xpath","value":"//li[.//span[text()='equal to']]"}
RESULT: {"using":"xpath","value":"//li[.//span[text()='equal to']]"}
COMMAND: POST /session/bb295fd008a8bb8a1f479af6d4955b7d/elements - {"using":"xpath","value":"//li[.//span[text()='equal to']]"}
RESULT: {"using":"xpath","value":"//li[.//span[text()='equal to']]"}
COMMAND: POST /session/bb295fd008a8bb8a1f479af6d4955b7d/elements - {"using":"xpath","value":"//li[.//span[text()='equal to']]"}
RESULT: {"using":"xpath","value":"//li[.//span[text()='equal to']]"}
COMMAND: POST /session/bb295fd008a8bb8a1f479af6d4955b7d/elements - {"using":"xpath","value":"//li[.//span[text()='equal to']]"}
RESULT: {"using":"xpath","value":"//li[.//span[text()='equal to']]"}
COMMAND: POST /session/bb295fd008a8bb8a1f479af6d4955b7d/elements - {"using":"xpath","value":"//li[.//span[text()='equal to']]"}
RESULT: {"using":"xpath","value":"//li[.//span[text()='equal to']]"}
COMMAND: GET /session/bb295fd008a8bb8a1f479af6d4955b7d/screenshot - {}
RESULT: {}
]]></system-out>
      <system-err><![CDATA[
Error: Can't call click on element with selector "//li[.//span[text()='equal to']]" because element wasn't found
    at async Context.<anonymous> (D:\a\1\s\test\specs\BTS\manage-partners.spec.js:805:9)
]]></system-err>
    </testcase>
  </testsuite>
</testsuites>