<?xml version="1.0" encoding="UTF-8"?>
<testsuites tests="48" failures="9" errors="9" skipped="0">
  <testsuite timestamp="2025-05-15T17:23:17" time="1050.392" tests="12" failures="9" errors="9" skipped="0">
    <properties>
      <property name="specId" value="0" />
      <property name="suiteName" value="Billing Transfer - Master data &amp; Intercompany US127250" />
      <property name="capabilities" value="chrome.136_0_7103_93.windows" />
      <property name="file" value="file:///D:/a/1/s/test/specs/BTS/billing-transfer-intercompany.spec.js" />
    </properties>
    <testcase classname="chrome.136_0_7103_93.windows.Billing_Transfer_-_Master_data_&amp;_Intercompany_US127250" name="Should create a new yard" time="120.907">
      <system-out><![CDATA[
COMMAND: POST /session/39d2cc3d4aadadb3bd833599b4f4dfae/window/fullscreen - {}
RESULT: {}
COMMAND: POST /session/39d2cc3d4aadadb3bd833599b4f4dfae/execute/async - {"script":"<script> [1562 bytes]","args":[{"selector":{"controlType":"sap.m.GenericTile","properties":{"header":"Manage Yards"}},"wdio_ui5_key":"sapm.GenericTile{\"header\":\"Manage Yards\"}"}]}
RESULT: {"script":"<script> [1562 bytes]","args":[{"selector":{"controlType":"sap.m.GenericTile","properties":{"header":"Manage Yards"}},"wdio_ui5_key":"sapm.GenericTile{\"header\":\"Manage Yards\"}"}]}
RESULT: undefined
COMMAND: POST /session/39d2cc3d4aadadb3bd833599b4f4dfae/element - {"using":"xpath","value":"//*[@id=\"__tile41\"]"}
RESULT: {"using":"xpath","value":"//*[@id=\"__tile41\"]"}
COMMAND: POST /session/39d2cc3d4aadadb3bd833599b4f4dfae/element/f.B301C1F41FC6B7F2328A32BBCA4D6847.d.09D23542F2EC1675CB9868D78CBAABC3.e.149/click - {}
RESULT: {}
COMMAND: GET /session/39d2cc3d4aadadb3bd833599b4f4dfae/screenshot - {}
RESULT: {}
COMMAND: POST /session/39d2cc3d4aadadb3bd833599b4f4dfae/elements - {"using":"xpath","value":"//span[text()='Error']"}
RESULT: {"using":"xpath","value":"//span[text()='Error']"}
COMMAND: POST /session/39d2cc3d4aadadb3bd833599b4f4dfae/element - {"using":"xpath","value":"//button[@data-kt=\"addNewYardOverflowToolbarButton\"]"}
RESULT: {"using":"xpath","value":"//button[@data-kt=\"addNewYardOverflowToolbarButton\"]"}
COMMAND: POST /session/39d2cc3d4aadadb3bd833599b4f4dfae/elements - {"using":"xpath","value":"//button[@data-kt=\"addNewYardOverflowToolbarButton\"]"}
RESULT: {"using":"xpath","value":"//button[@data-kt=\"addNewYardOverflowToolbarButton\"]"}
COMMAND: POST /session/39d2cc3d4aadadb3bd833599b4f4dfae/elements - {"using":"xpath","value":"//button[@data-kt=\"addNewYardOverflowToolbarButton\"]"}
RESULT: {"using":"xpath","value":"//button[@data-kt=\"addNewYardOverflowToolbarButton\"]"}
COMMAND: POST /session/39d2cc3d4aadadb3bd833599b4f4dfae/elements - {"using":"xpath","value":"//button[@data-kt=\"addNewYardOverflowToolbarButton\"]"}
RESULT: {"using":"xpath","value":"//button[@data-kt=\"addNewYardOverflowToolbarButton\"]"}
COMMAND: POST /session/39d2cc3d4aadadb3bd833599b4f4dfae/elements - {"using":"xpath","value":"//button[@data-kt=\"addNewYardOverflowToolbarButton\"]"}
RESULT: {"using":"xpath","value":"//button[@data-kt=\"addNewYardOverflowToolbarButton\"]"}
COMMAND: POST /session/39d2cc3d4aadadb3bd833599b4f4dfae/elements - {"using":"xpath","value":"//button[@data-kt=\"addNewYardOverflowToolbarButton\"]"}
RESULT: {"using":"xpath","value":"//button[@data-kt=\"addNewYardOverflowToolbarButton\"]"}
COMMAND: POST /session/39d2cc3d4aadadb3bd833599b4f4dfae/elements - {"using":"xpath","value":"//button[@data-kt=\"addNewYardOverflowToolbarButton\"]"}
RESULT: {"using":"xpath","value":"//button[@data-kt=\"addNewYardOverflowToolbarButton\"]"}
COMMAND: POST /session/39d2cc3d4aadadb3bd833599b4f4dfae/elements - {"using":"xpath","value":"//button[@data-kt=\"addNewYardOverflowToolbarButton\"]"}
RESULT: {"using":"xpath","value":"//button[@data-kt=\"addNewYardOverflowToolbarButton\"]"}
COMMAND: POST /session/39d2cc3d4aadadb3bd833599b4f4dfae/element - {"using":"xpath","value":"//button[@data-kt=\"addNewYardOverflowToolbarButton\"]"}
RESULT: {"using":"xpath","value":"//button[@data-kt=\"addNewYardOverflowToolbarButton\"]"}
COMMAND: POST /session/39d2cc3d4aadadb3bd833599b4f4dfae/execute/sync - {"script":"<script> [8489 bytes]","args":[{"element-6066-11e4-a52e-4f735466cecf":"f.B301C1F41FC6B7F2328A32BBCA4D6847.d.09D23542F2EC1675CB9868D78CBAABC3.e.275","ELEMENT":"f.B301C1F41FC6B7F2328A32BBCA4D6847.d.09D23542F2EC1675CB9868D78CBAABC3.e.275"}]}
RESULT: {"script":"<script> [8489 bytes]","args":[{"element-6066-11e4-a52e-4f735466cecf":"f.B301C1F41FC6B7F2328A32BBCA4D6847.d.09D23542F2EC1675CB9868D78CBAABC3.e.275","ELEMENT":"f.B301C1F41FC6B7F2328A32BBCA4D6847.d.09D23542F2EC1675CB9868D78CBAABC3.e.275"}]}
COMMAND: GET /session/39d2cc3d4aadadb3bd833599b4f4dfae/element/f.B301C1F41FC6B7F2328A32BBCA4D6847.d.09D23542F2EC1675CB9868D78CBAABC3.e.275/enabled - {}
COMMAND: GET /session/39d2cc3d4aadadb3bd833599b4f4dfae/screenshot - {}
RESULT: {}
COMMAND: POST /session/39d2cc3d4aadadb3bd833599b4f4dfae/execute/sync - {"script":"<script> [8489 bytes]","args":[{"element-6066-11e4-a52e-4f735466cecf":"f.B301C1F41FC6B7F2328A32BBCA4D6847.d.09D23542F2EC1675CB9868D78CBAABC3.e.275","ELEMENT":"f.B301C1F41FC6B7F2328A32BBCA4D6847.d.09D23542F2EC1675CB9868D78CBAABC3.e.275"}]}
COMMAND: GET /session/39d2cc3d4aadadb3bd833599b4f4dfae/screenshot - {}
RESULT: {}
RESULT: {"script":"<script> [8489 bytes]","args":[{"element-6066-11e4-a52e-4f735466cecf":"f.B301C1F41FC6B7F2328A32BBCA4D6847.d.09D23542F2EC1675CB9868D78CBAABC3.e.275","ELEMENT":"f.B301C1F41FC6B7F2328A32BBCA4D6847.d.09D23542F2EC1675CB9868D78CBAABC3.e.275"}]}
COMMAND: POST /session/39d2cc3d4aadadb3bd833599b4f4dfae/execute/sync - {"script":"<script> [5351 bytes]","args":[{"element-6066-11e4-a52e-4f735466cecf":"f.B301C1F41FC6B7F2328A32BBCA4D6847.d.09D23542F2EC1675CB9868D78CBAABC3.e.275","ELEMENT":"f.B301C1F41FC6B7F2328A32BBCA4D6847.d.09D23542F2EC1675CB9868D78CBAABC3.e.275"}]}
COMMAND: GET /session/39d2cc3d4aadadb3bd833599b4f4dfae/screenshot - {}
RESULT: {}
RESULT: {"script":"<script> [5351 bytes]","args":[{"element-6066-11e4-a52e-4f735466cecf":"f.B301C1F41FC6B7F2328A32BBCA4D6847.d.09D23542F2EC1675CB9868D78CBAABC3.e.275","ELEMENT":"f.B301C1F41FC6B7F2328A32BBCA4D6847.d.09D23542F2EC1675CB9868D78CBAABC3.e.275"}]}
COMMAND: POST /session/39d2cc3d4aadadb3bd833599b4f4dfae/element/f.B301C1F41FC6B7F2328A32BBCA4D6847.d.09D23542F2EC1675CB9868D78CBAABC3.e.275/click - {}
COMMAND: GET /session/39d2cc3d4aadadb3bd833599b4f4dfae/screenshot - {}
RESULT: {}
RESULT: {}
COMMAND: GET /session/39d2cc3d4aadadb3bd833599b4f4dfae/screenshot - {}
COMMAND: POST /session/39d2cc3d4aadadb3bd833599b4f4dfae/element - {"using":"xpath","value":"//input[@id=\"application-manageyards-display-component---NewYard--yardId-inner\"]"}
RESULT: {}
RESULT: {}
RESULT: {"using":"xpath","value":"//input[@id=\"application-manageyards-display-component---NewYard--yardId-inner\"]"}
COMMAND: POST /session/39d2cc3d4aadadb3bd833599b4f4dfae/element - {"using":"xpath","value":"//input[@id=\"application-manageyards-display-component---NewYard--yardId-inner\"]"}
RESULT: {"using":"xpath","value":"//input[@id=\"application-manageyards-display-component---NewYard--yardId-inner\"]"}
COMMAND: POST /session/39d2cc3d4aadadb3bd833599b4f4dfae/execute/async - {"script":"<script> [1562 bytes]","args":[{"selector":{"id":"application-manageyards-display-component---NewYard--addressDetailDetailsName1","interaction":{"idSuffix":"inner"}},"wdio_ui5_key":"applicationmanageyards-display-component---NewYard--addressDetailDetailsName1"}]}
RESULT: {"script":"<script> [1562 bytes]","args":[{"selector":{"id":"application-manageyards-display-component---NewYard--addressDetailDetailsName1","interaction":{"idSuffix":"inner"}},"wdio_ui5_key":"applicationmanageyards-display-component---NewYard--addressDetailDetailsName1"}]}
RESULT: undefined
COMMAND: POST /session/39d2cc3d4aadadb3bd833599b4f4dfae/execute/async - {"script":"<script> [776 bytes]","args":[{"enterText":"Intercompany Yard wdIO","selector":{"id":"application-manageyards-display-component---NewYard--addressDetailDetailsName1","interaction":{"idSuffix":"inner"}},"clearTextFirst":true,"interactionType":"ENTER_TEXT"}]}
RESULT: {"script":"<script> [776 bytes]","args":[{"enterText":"Intercompany Yard wdIO","selector":{"id":"application-manageyards-display-component---NewYard--addressDetailDetailsName1","interaction":{"idSuffix":"inner"}},"clearTextFirst":true,"interactionType":"ENTER_TEXT"}]}
COMMAND: POST /session/39d2cc3d4aadadb3bd833599b4f4dfae/execute/async - {"script":"<script> [1562 bytes]","args":[{"selector":{"id":"application-manageyards-display-component---NewYard--addressDetailDetailsLanguage-arrow"},"wdio_ui5_key":"applicationmanageyards-display-component---NewYard--addressDetailDetailsLanguage-arrow"}]}
RESULT: {"script":"<script> [1562 bytes]","args":[{"selector":{"id":"application-manageyards-display-component---NewYard--addressDetailDetailsLanguage-arrow"},"wdio_ui5_key":"applicationmanageyards-display-component---NewYard--addressDetailDetailsLanguage-arrow"}]}
RESULT: undefined
COMMAND: POST /session/39d2cc3d4aadadb3bd833599b4f4dfae/element - {"using":"xpath","value":"//*[@id=\"application-manageyards-display-component---NewYard--addressDetailDetailsLanguage-arrow\"]"}
RESULT: {"using":"xpath","value":"//*[@id=\"application-manageyards-display-component---NewYard--addressDetailDetailsLanguage-arrow\"]"}
COMMAND: POST /session/39d2cc3d4aadadb3bd833599b4f4dfae/element/f.B301C1F41FC6B7F2328A32BBCA4D6847.d.09D23542F2EC1675CB9868D78CBAABC3.e.716/click - {}
RESULT: {}
COMMAND: POST /session/39d2cc3d4aadadb3bd833599b4f4dfae/element - {"using":"xpath","value":"//span[contains(text(), \"English\")]"}
COMMAND: GET /session/39d2cc3d4aadadb3bd833599b4f4dfae/screenshot - {}
RESULT: {"using":"xpath","value":"//span[contains(text(), \"English\")]"}
COMMAND: POST /session/39d2cc3d4aadadb3bd833599b4f4dfae/element/f.B301C1F41FC6B7F2328A32BBCA4D6847.d.09D23542F2EC1675CB9868D78CBAABC3.e.717/click - {}
RESULT: {}
RESULT: {}
COMMAND: POST /session/39d2cc3d4aadadb3bd833599b4f4dfae/execute/async - {"script":"<script> [1562 bytes]","args":[{"selector":{"id":"application-manageyards-display-component---NewYard--addressDetailDetailsCity1","interaction":{"idSuffix":"inner"}},"wdio_ui5_key":"applicationmanageyards-display-component---NewYard--addressDetailDetailsCity1"}]}
COMMAND: GET /session/39d2cc3d4aadadb3bd833599b4f4dfae/screenshot - {}
RESULT: {"script":"<script> [1562 bytes]","args":[{"selector":{"id":"application-manageyards-display-component---NewYard--addressDetailDetailsCity1","interaction":{"idSuffix":"inner"}},"wdio_ui5_key":"applicationmanageyards-display-component---NewYard--addressDetailDetailsCity1"}]}
RESULT: undefined
COMMAND: POST /session/39d2cc3d4aadadb3bd833599b4f4dfae/execute/async - {"script":"<script> [776 bytes]","args":[{"enterText":"Rosario","selector":{"id":"application-manageyards-display-component---NewYard--addressDetailDetailsCity1","interaction":{"idSuffix":"inner"}},"clearTextFirst":true,"interactionType":"ENTER_TEXT"}]}
RESULT: {}
RESULT: {"script":"<script> [776 bytes]","args":[{"enterText":"Rosario","selector":{"id":"application-manageyards-display-component---NewYard--addressDetailDetailsCity1","interaction":{"idSuffix":"inner"}},"clearTextFirst":true,"interactionType":"ENTER_TEXT"}]}
COMMAND: POST /session/39d2cc3d4aadadb3bd833599b4f4dfae/execute/async - {"script":"<script> [1562 bytes]","args":[{"selector":{"id":"application-manageyards-display-component---NewYard--addressDetailDetailsCountry-arrow"},"wdio_ui5_key":"applicationmanageyards-display-component---NewYard--addressDetailDetailsCountry-arrow"}]}
RESULT: {"script":"<script> [1562 bytes]","args":[{"selector":{"id":"application-manageyards-display-component---NewYard--addressDetailDetailsCountry-arrow"},"wdio_ui5_key":"applicationmanageyards-display-component---NewYard--addressDetailDetailsCountry-arrow"}]}
RESULT: undefined
COMMAND: POST /session/39d2cc3d4aadadb3bd833599b4f4dfae/element - {"using":"xpath","value":"//*[@id=\"application-manageyards-display-component---NewYard--addressDetailDetailsCountry-arrow\"]"}
RESULT: {"using":"xpath","value":"//*[@id=\"application-manageyards-display-component---NewYard--addressDetailDetailsCountry-arrow\"]"}
COMMAND: POST /session/39d2cc3d4aadadb3bd833599b4f4dfae/element/f.B301C1F41FC6B7F2328A32BBCA4D6847.d.09D23542F2EC1675CB9868D78CBAABC3.e.719/click - {}
RESULT: {}
COMMAND: POST /session/39d2cc3d4aadadb3bd833599b4f4dfae/element - {"using":"xpath","value":"//span[contains(text(), \"Argentina\")]"}
COMMAND: GET /session/39d2cc3d4aadadb3bd833599b4f4dfae/screenshot - {}
RESULT: {"using":"xpath","value":"//span[contains(text(), \"Argentina\")]"}
COMMAND: POST /session/39d2cc3d4aadadb3bd833599b4f4dfae/element/f.B301C1F41FC6B7F2328A32BBCA4D6847.d.09D23542F2EC1675CB9868D78CBAABC3.e.720/click - {}
RESULT: {}
RESULT: {}
COMMAND: POST /session/39d2cc3d4aadadb3bd833599b4f4dfae/execute/async - {"script":"<script> [1562 bytes]","args":[{"selector":{"id":"application-manageyards-display-component---NewYard--addressEditDetailsCostObjectCstType-arrow"},"wdio_ui5_key":"applicationmanageyards-display-component---NewYard--addressEditDetailsCostObjectCstType-arrow"}]}
COMMAND: GET /session/39d2cc3d4aadadb3bd833599b4f4dfae/screenshot - {}
RESULT: {}
RESULT: {"script":"<script> [1562 bytes]","args":[{"selector":{"id":"application-manageyards-display-component---NewYard--addressEditDetailsCostObjectCstType-arrow"},"wdio_ui5_key":"applicationmanageyards-display-component---NewYard--addressEditDetailsCostObjectCstType-arrow"}]}
RESULT: undefined
COMMAND: POST /session/39d2cc3d4aadadb3bd833599b4f4dfae/element - {"using":"xpath","value":"//*[@id=\"application-manageyards-display-component---NewYard--addressEditDetailsCostObjectCstType-arrow\"]"}
RESULT: {"using":"xpath","value":"//*[@id=\"application-manageyards-display-component---NewYard--addressEditDetailsCostObjectCstType-arrow\"]"}
COMMAND: POST /session/39d2cc3d4aadadb3bd833599b4f4dfae/element/f.B301C1F41FC6B7F2328A32BBCA4D6847.d.09D23542F2EC1675CB9868D78CBAABC3.e.722/click - {}
RESULT: {}
COMMAND: POST /session/39d2cc3d4aadadb3bd833599b4f4dfae/element - {"using":"xpath","value":"//span[contains(text(), \"Cost Center\")]"}
COMMAND: GET /session/39d2cc3d4aadadb3bd833599b4f4dfae/screenshot - {}
RESULT: {"using":"xpath","value":"//span[contains(text(), \"Cost Center\")]"}
COMMAND: POST /session/39d2cc3d4aadadb3bd833599b4f4dfae/element/f.B301C1F41FC6B7F2328A32BBCA4D6847.d.09D23542F2EC1675CB9868D78CBAABC3.e.723/click - {}
RESULT: {}
RESULT: {}
COMMAND: GET /session/39d2cc3d4aadadb3bd833599b4f4dfae/screenshot - {}
RESULT: {}
COMMAND: POST /session/39d2cc3d4aadadb3bd833599b4f4dfae/element - {"using":"xpath","value":"//span[@id=\"application-manageyards-display-component---NewYard--addressNewCostObjectCstID-vhi\"]"}
RESULT: {"using":"xpath","value":"//span[@id=\"application-manageyards-display-component---NewYard--addressNewCostObjectCstID-vhi\"]"}
COMMAND: POST /session/39d2cc3d4aadadb3bd833599b4f4dfae/execute/sync - {"script":"<script> [8489 bytes]","args":[{"element-6066-11e4-a52e-4f735466cecf":"f.B301C1F41FC6B7F2328A32BBCA4D6847.d.09D23542F2EC1675CB9868D78CBAABC3.e.727","ELEMENT":"f.B301C1F41FC6B7F2328A32BBCA4D6847.d.09D23542F2EC1675CB9868D78CBAABC3.e.727"}]}
RESULT: {"script":"<script> [8489 bytes]","args":[{"element-6066-11e4-a52e-4f735466cecf":"f.B301C1F41FC6B7F2328A32BBCA4D6847.d.09D23542F2EC1675CB9868D78CBAABC3.e.727","ELEMENT":"f.B301C1F41FC6B7F2328A32BBCA4D6847.d.09D23542F2EC1675CB9868D78CBAABC3.e.727"}]}
COMMAND: POST /session/39d2cc3d4aadadb3bd833599b4f4dfae/execute/async - {"script":"<script> [1562 bytes]","args":[{"selector":{"id":"application-manageyards-display-component---NewYard--addressNewCostObjectCstID-vhi"},"wdio_ui5_key":"applicationmanageyards-display-component---NewYard--addressNewCostObjectCstID-vhi"}]}
COMMAND: GET /session/39d2cc3d4aadadb3bd833599b4f4dfae/screenshot - {}
RESULT: {"script":"<script> [1562 bytes]","args":[{"selector":{"id":"application-manageyards-display-component---NewYard--addressNewCostObjectCstID-vhi"},"wdio_ui5_key":"applicationmanageyards-display-component---NewYard--addressNewCostObjectCstID-vhi"}]}
RESULT: undefined
COMMAND: POST /session/39d2cc3d4aadadb3bd833599b4f4dfae/element - {"using":"xpath","value":"//*[@id=\"application-manageyards-display-component---NewYard--addressNewCostObjectCstID-vhi\"]"}
RESULT: {}
RESULT: {"using":"xpath","value":"//*[@id=\"application-manageyards-display-component---NewYard--addressNewCostObjectCstID-vhi\"]"}
COMMAND: POST /session/39d2cc3d4aadadb3bd833599b4f4dfae/element/f.B301C1F41FC6B7F2328A32BBCA4D6847.d.09D23542F2EC1675CB9868D78CBAABC3.e.727/click - {}
RESULT: {}
COMMAND: GET /session/39d2cc3d4aadadb3bd833599b4f4dfae/screenshot - {}
RESULT: {}
COMMAND: POST /session/39d2cc3d4aadadb3bd833599b4f4dfae/execute/async - {"script":"<script> [1562 bytes]","args":[{"selector":{"controlType":"sap.m.SearchField","properties":{"placeholder":"Search"},"searchOpenDialogs":true,"interaction":{"idSuffix":"I"}},"wdio_ui5_key":"sapm.SearchField{\"placeholder\":\"Search\"}"}]}
RESULT: {"script":"<script> [1562 bytes]","args":[{"selector":{"controlType":"sap.m.SearchField","properties":{"placeholder":"Search"},"searchOpenDialogs":true,"interaction":{"idSuffix":"I"}},"wdio_ui5_key":"sapm.SearchField{\"placeholder\":\"Search\"}"}]}
RESULT: undefined
COMMAND: POST /session/39d2cc3d4aadadb3bd833599b4f4dfae/execute/async - {"script":"<script> [776 bytes]","args":[{"enterText":"bauh_b","selector":{"controlType":"sap.m.SearchField","properties":{"placeholder":"Search"},"searchOpenDialogs":true,"interaction":{"idSuffix":"I"}},"clearTextFirst":true,"interactionType":"ENTER_TEXT"}]}
RESULT: {"script":"<script> [776 bytes]","args":[{"enterText":"bauh_b","selector":{"controlType":"sap.m.SearchField","properties":{"placeholder":"Search"},"searchOpenDialogs":true,"interaction":{"idSuffix":"I"}},"clearTextFirst":true,"interactionType":"ENTER_TEXT"}]}
COMMAND: POST /session/39d2cc3d4aadadb3bd833599b4f4dfae/actions - {"actions":[{"id":"action1","type":"key","parameters":{},"actions":[{"type":"keyDown","value":"î€‡"},{"type":"pause","duration":10},{"type":"keyUp","value":"î€‡"}]}]}
RESULT: {"actions":[{"id":"action1","type":"key","parameters":{},"actions":[{"type":"keyDown","value":"î€‡"},{"type":"pause","duration":10},{"type":"keyUp","value":"î€‡"}]}]}
COMMAND: GET /session/39d2cc3d4aadadb3bd833599b4f4dfae/screenshot - {}
RESULT: {}
COMMAND: POST /session/39d2cc3d4aadadb3bd833599b4f4dfae/element - {"using":"xpath","value":"//span[contains(text(), \"Demo Yard\")]"}
RESULT: {"using":"xpath","value":"//span[contains(text(), \"Demo Yard\")]"}
COMMAND: POST /session/39d2cc3d4aadadb3bd833599b4f4dfae/element/f.B301C1F41FC6B7F2328A32BBCA4D6847.d.09D23542F2EC1675CB9868D78CBAABC3.e.768/click - {}
RESULT: {}
COMMAND: GET /session/39d2cc3d4aadadb3bd833599b4f4dfae/screenshot - {}
RESULT: {}
COMMAND: POST /session/39d2cc3d4aadadb3bd833599b4f4dfae/element - {"using":"xpath","value":"//bdi[contains(text(), \"OK\")]"}
RESULT: {"using":"xpath","value":"//bdi[contains(text(), \"OK\")]"}
COMMAND: POST /session/39d2cc3d4aadadb3bd833599b4f4dfae/element/f.B301C1F41FC6B7F2328A32BBCA4D6847.d.09D23542F2EC1675CB9868D78CBAABC3.e.769/click - {}
RESULT: {}
COMMAND: GET /session/39d2cc3d4aadadb3bd833599b4f4dfae/screenshot - {}
RESULT: {}
COMMAND: POST /session/39d2cc3d4aadadb3bd833599b4f4dfae/execute/async - {"script":"<script> [1562 bytes]","args":[{"selector":{"id":"application-manageyards-display-component---NewYard--addressEditDetailsCurrency-arrow"},"wdio_ui5_key":"applicationmanageyards-display-component---NewYard--addressEditDetailsCurrency-arrow"}]}
RESULT: {"script":"<script> [1562 bytes]","args":[{"selector":{"id":"application-manageyards-display-component---NewYard--addressEditDetailsCurrency-arrow"},"wdio_ui5_key":"applicationmanageyards-display-component---NewYard--addressEditDetailsCurrency-arrow"}]}
RESULT: undefined
COMMAND: POST /session/39d2cc3d4aadadb3bd833599b4f4dfae/element - {"using":"xpath","value":"//*[@id=\"application-manageyards-display-component---NewYard--addressEditDetailsCurrency-arrow\"]"}
RESULT: {"using":"xpath","value":"//*[@id=\"application-manageyards-display-component---NewYard--addressEditDetailsCurrency-arrow\"]"}
COMMAND: POST /session/39d2cc3d4aadadb3bd833599b4f4dfae/element/f.B301C1F41FC6B7F2328A32BBCA4D6847.d.09D23542F2EC1675CB9868D78CBAABC3.e.772/click - {}
RESULT: {}
COMMAND: POST /session/39d2cc3d4aadadb3bd833599b4f4dfae/element - {"using":"xpath","value":"//span[contains(text(), \"Euro\")]"}
COMMAND: GET /session/39d2cc3d4aadadb3bd833599b4f4dfae/screenshot - {}
RESULT: {"using":"xpath","value":"//span[contains(text(), \"Euro\")]"}
COMMAND: POST /session/39d2cc3d4aadadb3bd833599b4f4dfae/element/f.B301C1F41FC6B7F2328A32BBCA4D6847.d.09D23542F2EC1675CB9868D78CBAABC3.e.773/click - {}
RESULT: {}
RESULT: {}
COMMAND: POST /session/39d2cc3d4aadadb3bd833599b4f4dfae/execute/async - {"script":"<script> [1562 bytes]","args":[{"selector":{"controlType":"sap.m.Input","viewName":"etm.portal.ui.manageyards.view.New","viewId":"application-manageyards-display-component---NewYard","bindingPath":{"path":"","propertyPath":"/CONTROLLING_AREA","modelName":"NewYardModel"},"interaction":{"idSuffix":"inner"}},"wdio_ui5_key":"etmportal.ui.manageyards.view.Newsap.m.Input{\"path\":\"\",\"propertyPath\":\"/CONTROLLING_AREA\",\"modelName\":\"NewYardModel\"}"}]}
COMMAND: GET /session/39d2cc3d4aadadb3bd833599b4f4dfae/screenshot - {}
RESULT: {"script":"<script> [1562 bytes]","args":[{"selector":{"controlType":"sap.m.Input","viewName":"etm.portal.ui.manageyards.view.New","viewId":"application-manageyards-display-component---NewYard","bindingPath":{"path":"","propertyPath":"/CONTROLLING_AREA","modelName":"NewYardModel"},"interaction":{"idSuffix":"inner"}},"wdio_ui5_key":"etmportal.ui.manageyards.view.Newsap.m.Input{\"path\":\"\",\"propertyPath\":\"/CONTROLLING_AREA\",\"modelName\":\"NewYardModel\"}"}]}
RESULT: undefined
COMMAND: POST /session/39d2cc3d4aadadb3bd833599b4f4dfae/execute/async - {"script":"<script> [776 bytes]","args":[{"enterText":"Z001","selector":{"controlType":"sap.m.Input","viewName":"etm.portal.ui.manageyards.view.New","viewId":"application-manageyards-display-component---NewYard","bindingPath":{"path":"","propertyPath":"/CONTROLLING_AREA","modelName":"NewYardModel"},"interaction":{"idSuffix":"inner"}},"clearTextFirst":true,"interactionType":"ENTER_TEXT"}]}
RESULT: {}
RESULT: {"script":"<script> [776 bytes]","args":[{"enterText":"Z001","selector":{"controlType":"sap.m.Input","viewName":"etm.portal.ui.manageyards.view.New","viewId":"application-manageyards-display-component---NewYard","bindingPath":{"path":"","propertyPath":"/CONTROLLING_AREA","modelName":"NewYardModel"},"interaction":{"idSuffix":"inner"}},"clearTextFirst":true,"interactionType":"ENTER_TEXT"}]}
COMMAND: POST /session/39d2cc3d4aadadb3bd833599b4f4dfae/execute/async - {"script":"<script> [1562 bytes]","args":[{"selector":{"id":"application-manageyards-display-component---NewYard--companyCodeComboBox","interaction":{"idSuffix":"inner"}},"wdio_ui5_key":"applicationmanageyards-display-component---NewYard--companyCodeComboBox"}]}
RESULT: {"script":"<script> [1562 bytes]","args":[{"selector":{"id":"application-manageyards-display-component---NewYard--companyCodeComboBox","interaction":{"idSuffix":"inner"}},"wdio_ui5_key":"applicationmanageyards-display-component---NewYard--companyCodeComboBox"}]}
RESULT: undefined
COMMAND: POST /session/39d2cc3d4aadadb3bd833599b4f4dfae/execute/async - {"script":"<script> [776 bytes]","args":[{"enterText":"1000","selector":{"id":"application-manageyards-display-component---NewYard--companyCodeComboBox","interaction":{"idSuffix":"inner"}},"clearTextFirst":true,"interactionType":"ENTER_TEXT"}]}
RESULT: {"script":"<script> [776 bytes]","args":[{"enterText":"1000","selector":{"id":"application-manageyards-display-component---NewYard--companyCodeComboBox","interaction":{"idSuffix":"inner"}},"clearTextFirst":true,"interactionType":"ENTER_TEXT"}]}
COMMAND: POST /session/39d2cc3d4aadadb3bd833599b4f4dfae/execute/async - {"script":"<script> [1562 bytes]","args":[{"selector":{"controlType":"sap.m.Input","viewName":"etm.portal.ui.manageyards.view.New","viewId":"application-manageyards-display-component---NewYard","bindingPath":{"path":"","propertyPath":"/PLANT","modelName":"NewYardModel"},"interaction":{"idSuffix":"inner"}},"wdio_ui5_key":"etmportal.ui.manageyards.view.Newsap.m.Input{\"path\":\"\",\"propertyPath\":\"/PLANT\",\"modelName\":\"NewYardModel\"}"}]}
RESULT: {"script":"<script> [1562 bytes]","args":[{"selector":{"controlType":"sap.m.Input","viewName":"etm.portal.ui.manageyards.view.New","viewId":"application-manageyards-display-component---NewYard","bindingPath":{"path":"","propertyPath":"/PLANT","modelName":"NewYardModel"},"interaction":{"idSuffix":"inner"}},"wdio_ui5_key":"etmportal.ui.manageyards.view.Newsap.m.Input{\"path\":\"\",\"propertyPath\":\"/PLANT\",\"modelName\":\"NewYardModel\"}"}]}
RESULT: undefined
COMMAND: POST /session/39d2cc3d4aadadb3bd833599b4f4dfae/execute/async - {"script":"<script> [776 bytes]","args":[{"enterText":"1001","selector":{"controlType":"sap.m.Input","viewName":"etm.portal.ui.manageyards.view.New","viewId":"application-manageyards-display-component---NewYard","bindingPath":{"path":"","propertyPath":"/PLANT","modelName":"NewYardModel"},"interaction":{"idSuffix":"inner"}},"clearTextFirst":true,"interactionType":"ENTER_TEXT"}]}
RESULT: {"script":"<script> [776 bytes]","args":[{"enterText":"1001","selector":{"controlType":"sap.m.Input","viewName":"etm.portal.ui.manageyards.view.New","viewId":"application-manageyards-display-component---NewYard","bindingPath":{"path":"","propertyPath":"/PLANT","modelName":"NewYardModel"},"interaction":{"idSuffix":"inner"}},"clearTextFirst":true,"interactionType":"ENTER_TEXT"}]}
COMMAND: POST /session/39d2cc3d4aadadb3bd833599b4f4dfae/execute/async - {"script":"<script> [1562 bytes]","args":[{"selector":{"controlType":"sap.m.Input","viewName":"etm.portal.ui.manageyards.view.New","viewId":"application-manageyards-display-component---NewYard","bindingPath":{"path":"","propertyPath":"/SALES_AREA_VKORG","modelName":"NewYardModel"},"interaction":{"idSuffix":"inner"}},"wdio_ui5_key":"etmportal.ui.manageyards.view.Newsap.m.Input{\"path\":\"\",\"propertyPath\":\"/SALES_AREA_VKORG\",\"modelName\":\"NewYardModel\"}"}]}
RESULT: {"script":"<script> [1562 bytes]","args":[{"selector":{"controlType":"sap.m.Input","viewName":"etm.portal.ui.manageyards.view.New","viewId":"application-manageyards-display-component---NewYard","bindingPath":{"path":"","propertyPath":"/SALES_AREA_VKORG","modelName":"NewYardModel"},"interaction":{"idSuffix":"inner"}},"wdio_ui5_key":"etmportal.ui.manageyards.view.Newsap.m.Input{\"path\":\"\",\"propertyPath\":\"/SALES_AREA_VKORG\",\"modelName\":\"NewYardModel\"}"}]}
RESULT: undefined
COMMAND: POST /session/39d2cc3d4aadadb3bd833599b4f4dfae/execute/async - {"script":"<script> [776 bytes]","args":[{"enterText":"C002","selector":{"controlType":"sap.m.Input","viewName":"etm.portal.ui.manageyards.view.New","viewId":"application-manageyards-display-component---NewYard","bindingPath":{"path":"","propertyPath":"/SALES_AREA_VKORG","modelName":"NewYardModel"},"interaction":{"idSuffix":"inner"}},"clearTextFirst":true,"interactionType":"ENTER_TEXT"}]}
RESULT: {"script":"<script> [776 bytes]","args":[{"enterText":"C002","selector":{"controlType":"sap.m.Input","viewName":"etm.portal.ui.manageyards.view.New","viewId":"application-manageyards-display-component---NewYard","bindingPath":{"path":"","propertyPath":"/SALES_AREA_VKORG","modelName":"NewYardModel"},"interaction":{"idSuffix":"inner"}},"clearTextFirst":true,"interactionType":"ENTER_TEXT"}]}
COMMAND: POST /session/39d2cc3d4aadadb3bd833599b4f4dfae/execute/async - {"script":"<script> [1562 bytes]","args":[{"selector":{"controlType":"sap.m.Input","viewName":"etm.portal.ui.manageyards.view.New","viewId":"application-manageyards-display-component---NewYard","bindingPath":{"path":"","propertyPath":"/SALES_AREA_VTWEG","modelName":"NewYardModel"},"interaction":{"idSuffix":"inner"}},"wdio_ui5_key":"etmportal.ui.manageyards.view.Newsap.m.Input{\"path\":\"\",\"propertyPath\":\"/SALES_AREA_VTWEG\",\"modelName\":\"NewYardModel\"}"}]}
RESULT: {"script":"<script> [1562 bytes]","args":[{"selector":{"controlType":"sap.m.Input","viewName":"etm.portal.ui.manageyards.view.New","viewId":"application-manageyards-display-component---NewYard","bindingPath":{"path":"","propertyPath":"/SALES_AREA_VTWEG","modelName":"NewYardModel"},"interaction":{"idSuffix":"inner"}},"wdio_ui5_key":"etmportal.ui.manageyards.view.Newsap.m.Input{\"path\":\"\",\"propertyPath\":\"/SALES_AREA_VTWEG\",\"modelName\":\"NewYardModel\"}"}]}
RESULT: undefined
COMMAND: POST /session/39d2cc3d4aadadb3bd833599b4f4dfae/execute/async - {"script":"<script> [776 bytes]","args":[{"enterText":"C2","selector":{"controlType":"sap.m.Input","viewName":"etm.portal.ui.manageyards.view.New","viewId":"application-manageyards-display-component---NewYard","bindingPath":{"path":"","propertyPath":"/SALES_AREA_VTWEG","modelName":"NewYardModel"},"interaction":{"idSuffix":"inner"}},"clearTextFirst":true,"interactionType":"ENTER_TEXT"}]}
RESULT: {"script":"<script> [776 bytes]","args":[{"enterText":"C2","selector":{"controlType":"sap.m.Input","viewName":"etm.portal.ui.manageyards.view.New","viewId":"application-manageyards-display-component---NewYard","bindingPath":{"path":"","propertyPath":"/SALES_AREA_VTWEG","modelName":"NewYardModel"},"interaction":{"idSuffix":"inner"}},"clearTextFirst":true,"interactionType":"ENTER_TEXT"}]}
COMMAND: POST /session/39d2cc3d4aadadb3bd833599b4f4dfae/execute/async - {"script":"<script> [1562 bytes]","args":[{"selector":{"controlType":"sap.m.Input","viewName":"etm.portal.ui.manageyards.view.New","viewId":"application-manageyards-display-component---NewYard","bindingPath":{"path":"","propertyPath":"/SALES_AREA_SPART","modelName":"NewYardModel"},"interaction":{"idSuffix":"inner"}},"wdio_ui5_key":"etmportal.ui.manageyards.view.Newsap.m.Input{\"path\":\"\",\"propertyPath\":\"/SALES_AREA_SPART\",\"modelName\":\"NewYardModel\"}"}]}
RESULT: {"script":"<script> [1562 bytes]","args":[{"selector":{"controlType":"sap.m.Input","viewName":"etm.portal.ui.manageyards.view.New","viewId":"application-manageyards-display-component---NewYard","bindingPath":{"path":"","propertyPath":"/SALES_AREA_SPART","modelName":"NewYardModel"},"interaction":{"idSuffix":"inner"}},"wdio_ui5_key":"etmportal.ui.manageyards.view.Newsap.m.Input{\"path\":\"\",\"propertyPath\":\"/SALES_AREA_SPART\",\"modelName\":\"NewYardModel\"}"}]}
RESULT: undefined
COMMAND: POST /session/39d2cc3d4aadadb3bd833599b4f4dfae/execute/async - {"script":"<script> [776 bytes]","args":[{"enterText":"C2","selector":{"controlType":"sap.m.Input","viewName":"etm.portal.ui.manageyards.view.New","viewId":"application-manageyards-display-component---NewYard","bindingPath":{"path":"","propertyPath":"/SALES_AREA_SPART","modelName":"NewYardModel"},"interaction":{"idSuffix":"inner"}},"clearTextFirst":true,"interactionType":"ENTER_TEXT"}]}
RESULT: {"script":"<script> [776 bytes]","args":[{"enterText":"C2","selector":{"controlType":"sap.m.Input","viewName":"etm.portal.ui.manageyards.view.New","viewId":"application-manageyards-display-component---NewYard","bindingPath":{"path":"","propertyPath":"/SALES_AREA_SPART","modelName":"NewYardModel"},"interaction":{"idSuffix":"inner"}},"clearTextFirst":true,"interactionType":"ENTER_TEXT"}]}
COMMAND: POST /session/39d2cc3d4aadadb3bd833599b4f4dfae/execute/async - {"script":"<script> [1562 bytes]","args":[{"selector":{"controlType":"sap.m.Input","viewName":"etm.portal.ui.manageyards.view.New","viewId":"application-manageyards-display-component---NewYard","bindingPath":{"path":"","propertyPath":"/SHIP_POINT","modelName":"NewYardModel"},"interaction":{"idSuffix":"inner"}},"wdio_ui5_key":"etmportal.ui.manageyards.view.Newsap.m.Input{\"path\":\"\",\"propertyPath\":\"/SHIP_POINT\",\"modelName\":\"NewYardModel\"}"}]}
RESULT: {"script":"<script> [1562 bytes]","args":[{"selector":{"controlType":"sap.m.Input","viewName":"etm.portal.ui.manageyards.view.New","viewId":"application-manageyards-display-component---NewYard","bindingPath":{"path":"","propertyPath":"/SHIP_POINT","modelName":"NewYardModel"},"interaction":{"idSuffix":"inner"}},"wdio_ui5_key":"etmportal.ui.manageyards.view.Newsap.m.Input{\"path\":\"\",\"propertyPath\":\"/SHIP_POINT\",\"modelName\":\"NewYardModel\"}"}]}
RESULT: undefined
COMMAND: POST /session/39d2cc3d4aadadb3bd833599b4f4dfae/execute/async - {"script":"<script> [776 bytes]","args":[{"enterText":"1710","selector":{"controlType":"sap.m.Input","viewName":"etm.portal.ui.manageyards.view.New","viewId":"application-manageyards-display-component---NewYard","bindingPath":{"path":"","propertyPath":"/SHIP_POINT","modelName":"NewYardModel"},"interaction":{"idSuffix":"inner"}},"clearTextFirst":true,"interactionType":"ENTER_TEXT"}]}
RESULT: {"script":"<script> [776 bytes]","args":[{"enterText":"1710","selector":{"controlType":"sap.m.Input","viewName":"etm.portal.ui.manageyards.view.New","viewId":"application-manageyards-display-component---NewYard","bindingPath":{"path":"","propertyPath":"/SHIP_POINT","modelName":"NewYardModel"},"interaction":{"idSuffix":"inner"}},"clearTextFirst":true,"interactionType":"ENTER_TEXT"}]}
COMMAND: POST /session/39d2cc3d4aadadb3bd833599b4f4dfae/execute/async - {"script":"<script> [1562 bytes]","args":[{"selector":{"controlType":"sap.m.Input","viewName":"etm.portal.ui.manageyards.view.New","viewId":"application-manageyards-display-component---NewYard","bindingPath":{"path":"","propertyPath":"/DELIVERY_TYPE","modelName":"NewYardModel"},"interaction":{"idSuffix":"inner"}},"wdio_ui5_key":"etmportal.ui.manageyards.view.Newsap.m.Input{\"path\":\"\",\"propertyPath\":\"/DELIVERY_TYPE\",\"modelName\":\"NewYardModel\"}"}]}
RESULT: {"script":"<script> [1562 bytes]","args":[{"selector":{"controlType":"sap.m.Input","viewName":"etm.portal.ui.manageyards.view.New","viewId":"application-manageyards-display-component---NewYard","bindingPath":{"path":"","propertyPath":"/DELIVERY_TYPE","modelName":"NewYardModel"},"interaction":{"idSuffix":"inner"}},"wdio_ui5_key":"etmportal.ui.manageyards.view.Newsap.m.Input{\"path\":\"\",\"propertyPath\":\"/DELIVERY_TYPE\",\"modelName\":\"NewYardModel\"}"}]}
RESULT: undefined
COMMAND: POST /session/39d2cc3d4aadadb3bd833599b4f4dfae/execute/async - {"script":"<script> [776 bytes]","args":[{"enterText":"ZL01","selector":{"controlType":"sap.m.Input","viewName":"etm.portal.ui.manageyards.view.New","viewId":"application-manageyards-display-component---NewYard","bindingPath":{"path":"","propertyPath":"/DELIVERY_TYPE","modelName":"NewYardModel"},"interaction":{"idSuffix":"inner"}},"clearTextFirst":true,"interactionType":"ENTER_TEXT"}]}
RESULT: {"script":"<script> [776 bytes]","args":[{"enterText":"ZL01","selector":{"controlType":"sap.m.Input","viewName":"etm.portal.ui.manageyards.view.New","viewId":"application-manageyards-display-component---NewYard","bindingPath":{"path":"","propertyPath":"/DELIVERY_TYPE","modelName":"NewYardModel"},"interaction":{"idSuffix":"inner"}},"clearTextFirst":true,"interactionType":"ENTER_TEXT"}]}
COMMAND: POST /session/39d2cc3d4aadadb3bd833599b4f4dfae/execute/async - {"script":"<script> [1562 bytes]","args":[{"selector":{"controlType":"sap.m.Input","viewName":"etm.portal.ui.manageyards.view.New","viewId":"application-manageyards-display-component---NewYard","bindingPath":{"path":"","propertyPath":"/AUART","modelName":"NewYardModel"},"interaction":{"idSuffix":"inner"}},"wdio_ui5_key":"etmportal.ui.manageyards.view.Newsap.m.Input{\"path\":\"\",\"propertyPath\":\"/AUART\",\"modelName\":\"NewYardModel\"}"}]}
RESULT: {"script":"<script> [1562 bytes]","args":[{"selector":{"controlType":"sap.m.Input","viewName":"etm.portal.ui.manageyards.view.New","viewId":"application-manageyards-display-component---NewYard","bindingPath":{"path":"","propertyPath":"/AUART","modelName":"NewYardModel"},"interaction":{"idSuffix":"inner"}},"wdio_ui5_key":"etmportal.ui.manageyards.view.Newsap.m.Input{\"path\":\"\",\"propertyPath\":\"/AUART\",\"modelName\":\"NewYardModel\"}"}]}
RESULT: undefined
COMMAND: POST /session/39d2cc3d4aadadb3bd833599b4f4dfae/execute/async - {"script":"<script> [776 bytes]","args":[{"enterText":"TA","selector":{"controlType":"sap.m.Input","viewName":"etm.portal.ui.manageyards.view.New","viewId":"application-manageyards-display-component---NewYard","bindingPath":{"path":"","propertyPath":"/AUART","modelName":"NewYardModel"},"interaction":{"idSuffix":"inner"}},"clearTextFirst":true,"interactionType":"ENTER_TEXT"}]}
RESULT: {"script":"<script> [776 bytes]","args":[{"enterText":"TA","selector":{"controlType":"sap.m.Input","viewName":"etm.portal.ui.manageyards.view.New","viewId":"application-manageyards-display-component---NewYard","bindingPath":{"path":"","propertyPath":"/AUART","modelName":"NewYardModel"},"interaction":{"idSuffix":"inner"}},"clearTextFirst":true,"interactionType":"ENTER_TEXT"}]}
COMMAND: POST /session/39d2cc3d4aadadb3bd833599b4f4dfae/element - {"using":"xpath","value":"//button[@data-kt=\"newYardSaveButton\"]"}
RESULT: {"using":"xpath","value":"//button[@data-kt=\"newYardSaveButton\"]"}
COMMAND: POST /session/39d2cc3d4aadadb3bd833599b4f4dfae/element/f.B301C1F41FC6B7F2328A32BBCA4D6847.d.09D23542F2EC1675CB9868D78CBAABC3.e.670/click - {}
RESULT: {}
COMMAND: GET /session/39d2cc3d4aadadb3bd833599b4f4dfae/screenshot - {}
RESULT: {}
COMMAND: POST /session/39d2cc3d4aadadb3bd833599b4f4dfae/element - {"using":"xpath","value":"//header[contains(@id, 'ObjectPageLayout-headerTitle')]/div[1]/div[2]/div[1]/span[1]"}
RESULT: {"using":"xpath","value":"//header[contains(@id, 'ObjectPageLayout-headerTitle')]/div[1]/div[2]/div[1]/span[1]"}
COMMAND: POST /session/39d2cc3d4aadadb3bd833599b4f4dfae/elements - {"using":"xpath","value":"//header[contains(@id, 'ObjectPageLayout-headerTitle')]/div[1]/div[2]/div[1]/span[1]"}
RESULT: {"using":"xpath","value":"//header[contains(@id, 'ObjectPageLayout-headerTitle')]/div[1]/div[2]/div[1]/span[1]"}
COMMAND: POST /session/39d2cc3d4aadadb3bd833599b4f4dfae/execute/sync - {"script":"<script> [56 bytes]","args":[{"element-6066-11e4-a52e-4f735466cecf":"f.B301C1F41FC6B7F2328A32BBCA4D6847.d.09D23542F2EC1675CB9868D78CBAABC3.e.999","ELEMENT":"f.B301C1F41FC6B7F2328A32BBCA4D6847.d.09D23542F2EC1675CB9868D78CBAABC3.e.999"}]}
RESULT: {"script":"<script> [56 bytes]","args":[{"element-6066-11e4-a52e-4f735466cecf":"f.B301C1F41FC6B7F2328A32BBCA4D6847.d.09D23542F2EC1675CB9868D78CBAABC3.e.999","ELEMENT":"f.B301C1F41FC6B7F2328A32BBCA4D6847.d.09D23542F2EC1675CB9868D78CBAABC3.e.999"}]}
COMMAND: GET /session/39d2cc3d4aadadb3bd833599b4f4dfae/screenshot - {}
RESULT: {}
COMMAND: POST /session/39d2cc3d4aadadb3bd833599b4f4dfae/element - {"using":"css selector","value":"#shell-header-logo"}
RESULT: {"using":"css selector","value":"#shell-header-logo"}
COMMAND: POST /session/39d2cc3d4aadadb3bd833599b4f4dfae/element/f.B301C1F41FC6B7F2328A32BBCA4D6847.d.09D23542F2EC1675CB9868D78CBAABC3.e.244/click - {}
RESULT: {}
COMMAND: GET /session/39d2cc3d4aadadb3bd833599b4f4dfae/screenshot - {}
RESULT: {}
COMMAND: POST /session/39d2cc3d4aadadb3bd833599b4f4dfae/execute/sync - {"script":"<script> [299 bytes]","args":[["getModel","getResource"]]}
RESULT: {"script":"<script> [299 bytes]","args":[["getModel","getResource"]]}
]]></system-out>
    </testcase>
    <testcase classname="chrome.136_0_7103_93.windows.Billing_Transfer_-_Master_data_&amp;_Intercompany_US127250" name="Should create a new partner" time="129.959">
      <system-out><![CDATA[
COMMAND: GET /session/39d2cc3d4aadadb3bd833599b4f4dfae/screenshot - {}
COMMAND: POST /session/39d2cc3d4aadadb3bd833599b4f4dfae/window/fullscreen - {}
RESULT: {}
RESULT: {}
COMMAND: POST /session/39d2cc3d4aadadb3bd833599b4f4dfae/execute/async - {"script":"<script> [1562 bytes]","args":[{"selector":{"controlType":"sap.m.GenericTile","properties":{"header":"Manage Partners"}},"wdio_ui5_key":"sapm.GenericTile{\"header\":\"Manage Partners\"}"}]}
RESULT: {"script":"<script> [1562 bytes]","args":[{"selector":{"controlType":"sap.m.GenericTile","properties":{"header":"Manage Partners"}},"wdio_ui5_key":"sapm.GenericTile{\"header\":\"Manage Partners\"}"}]}
RESULT: undefined
COMMAND: POST /session/39d2cc3d4aadadb3bd833599b4f4dfae/element - {"using":"xpath","value":"//*[@id=\"__tile38\"]"}
RESULT: {"using":"xpath","value":"//*[@id=\"__tile38\"]"}
COMMAND: POST /session/39d2cc3d4aadadb3bd833599b4f4dfae/element/f.B301C1F41FC6B7F2328A32BBCA4D6847.d.09D23542F2EC1675CB9868D78CBAABC3.e.140/click - {}
RESULT: {}
COMMAND: GET /session/39d2cc3d4aadadb3bd833599b4f4dfae/screenshot - {}
RESULT: {}
COMMAND: POST /session/39d2cc3d4aadadb3bd833599b4f4dfae/elements - {"using":"xpath","value":"//span[text()='Error']"}
RESULT: {"using":"xpath","value":"//span[text()='Error']"}
COMMAND: POST /session/39d2cc3d4aadadb3bd833599b4f4dfae/element - {"using":"xpath","value":"//button[@data-kt=\"addButton\"]"}
RESULT: {"using":"xpath","value":"//button[@data-kt=\"addButton\"]"}
COMMAND: POST /session/39d2cc3d4aadadb3bd833599b4f4dfae/elements - {"using":"xpath","value":"//button[@data-kt=\"addButton\"]"}
RESULT: {"using":"xpath","value":"//button[@data-kt=\"addButton\"]"}
COMMAND: POST /session/39d2cc3d4aadadb3bd833599b4f4dfae/execute/sync - {"script":"<script> [8489 bytes]","args":[{"element-6066-11e4-a52e-4f735466cecf":"f.B301C1F41FC6B7F2328A32BBCA4D6847.d.09D23542F2EC1675CB9868D78CBAABC3.e.1046","ELEMENT":"f.B301C1F41FC6B7F2328A32BBCA4D6847.d.09D23542F2EC1675CB9868D78CBAABC3.e.1046"}]}
RESULT: {"script":"<script> [8489 bytes]","args":[{"element-6066-11e4-a52e-4f735466cecf":"f.B301C1F41FC6B7F2328A32BBCA4D6847.d.09D23542F2EC1675CB9868D78CBAABC3.e.1046","ELEMENT":"f.B301C1F41FC6B7F2328A32BBCA4D6847.d.09D23542F2EC1675CB9868D78CBAABC3.e.1046"}]}
COMMAND: GET /session/39d2cc3d4aadadb3bd833599b4f4dfae/element/f.B301C1F41FC6B7F2328A32BBCA4D6847.d.09D23542F2EC1675CB9868D78CBAABC3.e.1046/enabled - {}
COMMAND: GET /session/39d2cc3d4aadadb3bd833599b4f4dfae/screenshot - {}
RESULT: {}
COMMAND: POST /session/39d2cc3d4aadadb3bd833599b4f4dfae/execute/sync - {"script":"<script> [8489 bytes]","args":[{"element-6066-11e4-a52e-4f735466cecf":"f.B301C1F41FC6B7F2328A32BBCA4D6847.d.09D23542F2EC1675CB9868D78CBAABC3.e.1046","ELEMENT":"f.B301C1F41FC6B7F2328A32BBCA4D6847.d.09D23542F2EC1675CB9868D78CBAABC3.e.1046"}]}
COMMAND: GET /session/39d2cc3d4aadadb3bd833599b4f4dfae/screenshot - {}
RESULT: {}
RESULT: {"script":"<script> [8489 bytes]","args":[{"element-6066-11e4-a52e-4f735466cecf":"f.B301C1F41FC6B7F2328A32BBCA4D6847.d.09D23542F2EC1675CB9868D78CBAABC3.e.1046","ELEMENT":"f.B301C1F41FC6B7F2328A32BBCA4D6847.d.09D23542F2EC1675CB9868D78CBAABC3.e.1046"}]}
COMMAND: POST /session/39d2cc3d4aadadb3bd833599b4f4dfae/execute/sync - {"script":"<script> [5351 bytes]","args":[{"element-6066-11e4-a52e-4f735466cecf":"f.B301C1F41FC6B7F2328A32BBCA4D6847.d.09D23542F2EC1675CB9868D78CBAABC3.e.1046","ELEMENT":"f.B301C1F41FC6B7F2328A32BBCA4D6847.d.09D23542F2EC1675CB9868D78CBAABC3.e.1046"}]}
COMMAND: GET /session/39d2cc3d4aadadb3bd833599b4f4dfae/screenshot - {}
RESULT: {}
RESULT: {"script":"<script> [5351 bytes]","args":[{"element-6066-11e4-a52e-4f735466cecf":"f.B301C1F41FC6B7F2328A32BBCA4D6847.d.09D23542F2EC1675CB9868D78CBAABC3.e.1046","ELEMENT":"f.B301C1F41FC6B7F2328A32BBCA4D6847.d.09D23542F2EC1675CB9868D78CBAABC3.e.1046"}]}
COMMAND: POST /session/39d2cc3d4aadadb3bd833599b4f4dfae/element/f.B301C1F41FC6B7F2328A32BBCA4D6847.d.09D23542F2EC1675CB9868D78CBAABC3.e.1046/click - {}
COMMAND: GET /session/39d2cc3d4aadadb3bd833599b4f4dfae/screenshot - {}
RESULT: {}
RESULT: {}
COMMAND: GET /session/39d2cc3d4aadadb3bd833599b4f4dfae/screenshot - {}
COMMAND: POST /session/39d2cc3d4aadadb3bd833599b4f4dfae/execute/async - {"script":"<script> [1562 bytes]","args":[{"selector":{"id":"application-managepartners-display-component---NewPartner--addressDetailDetailsName1","interaction":{"idSuffix":"inner"}},"wdio_ui5_key":"applicationmanagepartners-display-component---NewPartner--addressDetailDetailsName1"}]}
RESULT: {}
RESULT: {}
RESULT: {"script":"<script> [1562 bytes]","args":[{"selector":{"id":"application-managepartners-display-component---NewPartner--addressDetailDetailsName1","interaction":{"idSuffix":"inner"}},"wdio_ui5_key":"applicationmanagepartners-display-component---NewPartner--addressDetailDetailsName1"}]}
RESULT: undefined
COMMAND: POST /session/39d2cc3d4aadadb3bd833599b4f4dfae/execute/async - {"script":"<script> [776 bytes]","args":[{"enterText":"Intercompany Partner WDIO","selector":{"id":"application-managepartners-display-component---NewPartner--addressDetailDetailsName1","interaction":{"idSuffix":"inner"}},"clearTextFirst":true,"interactionType":"ENTER_TEXT"}]}
RESULT: {"script":"<script> [776 bytes]","args":[{"enterText":"Intercompany Partner WDIO","selector":{"id":"application-managepartners-display-component---NewPartner--addressDetailDetailsName1","interaction":{"idSuffix":"inner"}},"clearTextFirst":true,"interactionType":"ENTER_TEXT"}]}
COMMAND: POST /session/39d2cc3d4aadadb3bd833599b4f4dfae/execute/async - {"script":"<script> [1562 bytes]","args":[{"selector":{"id":"application-managepartners-display-component---NewPartner--addressDetailDetailsLanguage-arrow"},"wdio_ui5_key":"applicationmanagepartners-display-component---NewPartner--addressDetailDetailsLanguage-arrow"}]}
RESULT: {"script":"<script> [1562 bytes]","args":[{"selector":{"id":"application-managepartners-display-component---NewPartner--addressDetailDetailsLanguage-arrow"},"wdio_ui5_key":"applicationmanagepartners-display-component---NewPartner--addressDetailDetailsLanguage-arrow"}]}
RESULT: undefined
COMMAND: POST /session/39d2cc3d4aadadb3bd833599b4f4dfae/element - {"using":"xpath","value":"//*[@id=\"application-managepartners-display-component---NewPartner--addressDetailDetailsLanguage-arrow\"]"}
RESULT: {"using":"xpath","value":"//*[@id=\"application-managepartners-display-component---NewPartner--addressDetailDetailsLanguage-arrow\"]"}
COMMAND: POST /session/39d2cc3d4aadadb3bd833599b4f4dfae/element/f.B301C1F41FC6B7F2328A32BBCA4D6847.d.09D23542F2EC1675CB9868D78CBAABC3.e.1484/click - {}
RESULT: {}
COMMAND: POST /session/39d2cc3d4aadadb3bd833599b4f4dfae/element - {"using":"xpath","value":"//span[contains(text(), \"English\")]"}
COMMAND: GET /session/39d2cc3d4aadadb3bd833599b4f4dfae/screenshot - {}
RESULT: {"using":"xpath","value":"//span[contains(text(), \"English\")]"}
COMMAND: POST /session/39d2cc3d4aadadb3bd833599b4f4dfae/element/f.B301C1F41FC6B7F2328A32BBCA4D6847.d.09D23542F2EC1675CB9868D78CBAABC3.e.1485/click - {}
RESULT: {}
RESULT: {}
COMMAND: GET /session/39d2cc3d4aadadb3bd833599b4f4dfae/screenshot - {}
RESULT: {}
COMMAND: POST /session/39d2cc3d4aadadb3bd833599b4f4dfae/execute/async - {"script":"<script> [1562 bytes]","args":[{"selector":{"id":"application-managepartners-display-component---NewPartner--addressDetailDetailsCity1","interaction":{"idSuffix":"inner"}},"wdio_ui5_key":"applicationmanagepartners-display-component---NewPartner--addressDetailDetailsCity1"}]}
RESULT: {"script":"<script> [1562 bytes]","args":[{"selector":{"id":"application-managepartners-display-component---NewPartner--addressDetailDetailsCity1","interaction":{"idSuffix":"inner"}},"wdio_ui5_key":"applicationmanagepartners-display-component---NewPartner--addressDetailDetailsCity1"}]}
RESULT: undefined
COMMAND: POST /session/39d2cc3d4aadadb3bd833599b4f4dfae/execute/async - {"script":"<script> [776 bytes]","args":[{"enterText":"Rosario","selector":{"id":"application-managepartners-display-component---NewPartner--addressDetailDetailsCity1","interaction":{"idSuffix":"inner"}},"clearTextFirst":true,"interactionType":"ENTER_TEXT"}]}
RESULT: {"script":"<script> [776 bytes]","args":[{"enterText":"Rosario","selector":{"id":"application-managepartners-display-component---NewPartner--addressDetailDetailsCity1","interaction":{"idSuffix":"inner"}},"clearTextFirst":true,"interactionType":"ENTER_TEXT"}]}
COMMAND: POST /session/39d2cc3d4aadadb3bd833599b4f4dfae/execute/async - {"script":"<script> [1562 bytes]","args":[{"selector":{"id":"application-managepartners-display-component---NewPartner--addressDetailDetailsCountry-arrow"},"wdio_ui5_key":"applicationmanagepartners-display-component---NewPartner--addressDetailDetailsCountry-arrow"}]}
RESULT: {"script":"<script> [1562 bytes]","args":[{"selector":{"id":"application-managepartners-display-component---NewPartner--addressDetailDetailsCountry-arrow"},"wdio_ui5_key":"applicationmanagepartners-display-component---NewPartner--addressDetailDetailsCountry-arrow"}]}
RESULT: undefined
COMMAND: POST /session/39d2cc3d4aadadb3bd833599b4f4dfae/element - {"using":"xpath","value":"//*[@id=\"application-managepartners-display-component---NewPartner--addressDetailDetailsCountry-arrow\"]"}
RESULT: {"using":"xpath","value":"//*[@id=\"application-managepartners-display-component---NewPartner--addressDetailDetailsCountry-arrow\"]"}
COMMAND: POST /session/39d2cc3d4aadadb3bd833599b4f4dfae/element/f.B301C1F41FC6B7F2328A32BBCA4D6847.d.09D23542F2EC1675CB9868D78CBAABC3.e.1471/click - {}
RESULT: {}
COMMAND: POST /session/39d2cc3d4aadadb3bd833599b4f4dfae/element - {"using":"xpath","value":"//span[contains(text(), \"Argentina\")]"}
COMMAND: GET /session/39d2cc3d4aadadb3bd833599b4f4dfae/screenshot - {}
RESULT: {"using":"xpath","value":"//span[contains(text(), \"Argentina\")]"}
COMMAND: POST /session/39d2cc3d4aadadb3bd833599b4f4dfae/element/f.B301C1F41FC6B7F2328A32BBCA4D6847.d.09D23542F2EC1675CB9868D78CBAABC3.e.1487/click - {}
RESULT: {}
RESULT: {}
COMMAND: GET /session/39d2cc3d4aadadb3bd833599b4f4dfae/screenshot - {}
RESULT: {}
COMMAND: POST /session/39d2cc3d4aadadb3bd833599b4f4dfae/element - {"using":"xpath","value":"//bdi[contains(text(), \"Commercial\")]"}
RESULT: {"using":"xpath","value":"//bdi[contains(text(), \"Commercial\")]"}
COMMAND: POST /session/39d2cc3d4aadadb3bd833599b4f4dfae/element/f.B301C1F41FC6B7F2328A32BBCA4D6847.d.09D23542F2EC1675CB9868D78CBAABC3.e.1488/click - {}
RESULT: {}
COMMAND: GET /session/39d2cc3d4aadadb3bd833599b4f4dfae/screenshot - {}
RESULT: {}
COMMAND: POST /session/39d2cc3d4aadadb3bd833599b4f4dfae/execute/async - {"script":"<script> [1562 bytes]","args":[{"selector":{"id":"application-managepartners-display-component---NewPartner--partnerDetailInternal-arrow"},"wdio_ui5_key":"applicationmanagepartners-display-component---NewPartner--partnerDetailInternal-arrow"}]}
RESULT: {"script":"<script> [1562 bytes]","args":[{"selector":{"id":"application-managepartners-display-component---NewPartner--partnerDetailInternal-arrow"},"wdio_ui5_key":"applicationmanagepartners-display-component---NewPartner--partnerDetailInternal-arrow"}]}
RESULT: undefined
COMMAND: POST /session/39d2cc3d4aadadb3bd833599b4f4dfae/element - {"using":"xpath","value":"//*[@id=\"application-managepartners-display-component---NewPartner--partnerDetailInternal-arrow\"]"}
RESULT: {"using":"xpath","value":"//*[@id=\"application-managepartners-display-component---NewPartner--partnerDetailInternal-arrow\"]"}
COMMAND: POST /session/39d2cc3d4aadadb3bd833599b4f4dfae/element/f.B301C1F41FC6B7F2328A32BBCA4D6847.d.09D23542F2EC1675CB9868D78CBAABC3.e.1494/click - {}
RESULT: {}
COMMAND: POST /session/39d2cc3d4aadadb3bd833599b4f4dfae/element - {"using":"xpath","value":"//span[contains(text(), \"Affiliated company\")]"}
COMMAND: GET /session/39d2cc3d4aadadb3bd833599b4f4dfae/screenshot - {}
RESULT: {"using":"xpath","value":"//span[contains(text(), \"Affiliated company\")]"}
COMMAND: POST /session/39d2cc3d4aadadb3bd833599b4f4dfae/element/f.B301C1F41FC6B7F2328A32BBCA4D6847.d.09D23542F2EC1675CB9868D78CBAABC3.e.1495/click - {}
RESULT: {}
RESULT: {}
COMMAND: POST /session/39d2cc3d4aadadb3bd833599b4f4dfae/execute/async - {"script":"<script> [1562 bytes]","args":[{"selector":{"id":"application-managepartners-display-component---NewPartner--partnerDetailsCurrency-arrow"},"wdio_ui5_key":"applicationmanagepartners-display-component---NewPartner--partnerDetailsCurrency-arrow"}]}
COMMAND: GET /session/39d2cc3d4aadadb3bd833599b4f4dfae/screenshot - {}
RESULT: {"script":"<script> [1562 bytes]","args":[{"selector":{"id":"application-managepartners-display-component---NewPartner--partnerDetailsCurrency-arrow"},"wdio_ui5_key":"applicationmanagepartners-display-component---NewPartner--partnerDetailsCurrency-arrow"}]}
RESULT: undefined
COMMAND: POST /session/39d2cc3d4aadadb3bd833599b4f4dfae/element - {"using":"xpath","value":"//*[@id=\"application-managepartners-display-component---NewPartner--partnerDetailsCurrency-arrow\"]"}
RESULT: {}
RESULT: {"using":"xpath","value":"//*[@id=\"application-managepartners-display-component---NewPartner--partnerDetailsCurrency-arrow\"]"}
COMMAND: POST /session/39d2cc3d4aadadb3bd833599b4f4dfae/element/f.B301C1F41FC6B7F2328A32BBCA4D6847.d.09D23542F2EC1675CB9868D78CBAABC3.e.1502/click - {}
RESULT: {}
COMMAND: POST /session/39d2cc3d4aadadb3bd833599b4f4dfae/element - {"using":"xpath","value":"//span[contains(text(), \"Euro\")]"}
COMMAND: GET /session/39d2cc3d4aadadb3bd833599b4f4dfae/screenshot - {}
RESULT: {"using":"xpath","value":"//span[contains(text(), \"Euro\")]"}
COMMAND: POST /session/39d2cc3d4aadadb3bd833599b4f4dfae/element/f.B301C1F41FC6B7F2328A32BBCA4D6847.d.09D23542F2EC1675CB9868D78CBAABC3.e.1503/click - {}
RESULT: {}
RESULT: {}
COMMAND: POST /session/39d2cc3d4aadadb3bd833599b4f4dfae/execute/async - {"script":"<script> [1562 bytes]","args":[{"selector":{"id":"application-managepartners-display-component---NewPartner--addressEditDetailsCostObjectCstType-arrow"},"wdio_ui5_key":"applicationmanagepartners-display-component---NewPartner--addressEditDetailsCostObjectCstType-arrow"}]}
COMMAND: GET /session/39d2cc3d4aadadb3bd833599b4f4dfae/screenshot - {}
RESULT: {"script":"<script> [1562 bytes]","args":[{"selector":{"id":"application-managepartners-display-component---NewPartner--addressEditDetailsCostObjectCstType-arrow"},"wdio_ui5_key":"applicationmanagepartners-display-component---NewPartner--addressEditDetailsCostObjectCstType-arrow"}]}
RESULT: undefined
COMMAND: POST /session/39d2cc3d4aadadb3bd833599b4f4dfae/element - {"using":"xpath","value":"//*[@id=\"application-managepartners-display-component---NewPartner--addressEditDetailsCostObjectCstType-arrow\"]"}
RESULT: {}
RESULT: {"using":"xpath","value":"//*[@id=\"application-managepartners-display-component---NewPartner--addressEditDetailsCostObjectCstType-arrow\"]"}
COMMAND: POST /session/39d2cc3d4aadadb3bd833599b4f4dfae/element/f.B301C1F41FC6B7F2328A32BBCA4D6847.d.09D23542F2EC1675CB9868D78CBAABC3.e.1504/click - {}
RESULT: {}
COMMAND: POST /session/39d2cc3d4aadadb3bd833599b4f4dfae/element - {"using":"xpath","value":"//span[contains(text(), \"Cost Center\")]"}
COMMAND: GET /session/39d2cc3d4aadadb3bd833599b4f4dfae/screenshot - {}
RESULT: {"using":"xpath","value":"//span[contains(text(), \"Cost Center\")]"}
COMMAND: POST /session/39d2cc3d4aadadb3bd833599b4f4dfae/element/f.B301C1F41FC6B7F2328A32BBCA4D6847.d.09D23542F2EC1675CB9868D78CBAABC3.e.1505/click - {}
RESULT: {}
RESULT: {}
COMMAND: GET /session/39d2cc3d4aadadb3bd833599b4f4dfae/screenshot - {}
RESULT: {}
COMMAND: POST /session/39d2cc3d4aadadb3bd833599b4f4dfae/element - {"using":"xpath","value":"//span[@id=\"application-managepartners-display-component---NewPartner--addressNewCostObjectCstID-vhi\"]"}
RESULT: {"using":"xpath","value":"//span[@id=\"application-managepartners-display-component---NewPartner--addressNewCostObjectCstID-vhi\"]"}
COMMAND: POST /session/39d2cc3d4aadadb3bd833599b4f4dfae/execute/sync - {"script":"<script> [8489 bytes]","args":[{"element-6066-11e4-a52e-4f735466cecf":"f.B301C1F41FC6B7F2328A32BBCA4D6847.d.09D23542F2EC1675CB9868D78CBAABC3.e.1509","ELEMENT":"f.B301C1F41FC6B7F2328A32BBCA4D6847.d.09D23542F2EC1675CB9868D78CBAABC3.e.1509"}]}
RESULT: {"script":"<script> [8489 bytes]","args":[{"element-6066-11e4-a52e-4f735466cecf":"f.B301C1F41FC6B7F2328A32BBCA4D6847.d.09D23542F2EC1675CB9868D78CBAABC3.e.1509","ELEMENT":"f.B301C1F41FC6B7F2328A32BBCA4D6847.d.09D23542F2EC1675CB9868D78CBAABC3.e.1509"}]}
COMMAND: POST /session/39d2cc3d4aadadb3bd833599b4f4dfae/execute/async - {"script":"<script> [1562 bytes]","args":[{"selector":{"id":"application-managepartners-display-component---NewPartner--addressNewCostObjectCstID-vhi"},"wdio_ui5_key":"applicationmanagepartners-display-component---NewPartner--addressNewCostObjectCstID-vhi"}]}
COMMAND: GET /session/39d2cc3d4aadadb3bd833599b4f4dfae/screenshot - {}
RESULT: {"script":"<script> [1562 bytes]","args":[{"selector":{"id":"application-managepartners-display-component---NewPartner--addressNewCostObjectCstID-vhi"},"wdio_ui5_key":"applicationmanagepartners-display-component---NewPartner--addressNewCostObjectCstID-vhi"}]}
RESULT: undefined
COMMAND: POST /session/39d2cc3d4aadadb3bd833599b4f4dfae/element - {"using":"xpath","value":"//*[@id=\"application-managepartners-display-component---NewPartner--addressNewCostObjectCstID-vhi\"]"}
RESULT: {}
RESULT: {"using":"xpath","value":"//*[@id=\"application-managepartners-display-component---NewPartner--addressNewCostObjectCstID-vhi\"]"}
COMMAND: POST /session/39d2cc3d4aadadb3bd833599b4f4dfae/element/f.B301C1F41FC6B7F2328A32BBCA4D6847.d.09D23542F2EC1675CB9868D78CBAABC3.e.1509/click - {}
RESULT: {}
COMMAND: GET /session/39d2cc3d4aadadb3bd833599b4f4dfae/screenshot - {}
RESULT: {}
RESULT: undefined
COMMAND: POST /session/39d2cc3d4aadadb3bd833599b4f4dfae/execute/async - {"script":"<script> [776 bytes]","args":[{"enterText":"10001013","selector":{"controlType":"sap.m.SearchField","properties":{"placeholder":"Search"},"searchOpenDialogs":true,"interaction":{"idSuffix":"I"}},"clearTextFirst":true,"interactionType":"ENTER_TEXT"}]}
RESULT: {"script":"<script> [776 bytes]","args":[{"enterText":"10001013","selector":{"controlType":"sap.m.SearchField","properties":{"placeholder":"Search"},"searchOpenDialogs":true,"interaction":{"idSuffix":"I"}},"clearTextFirst":true,"interactionType":"ENTER_TEXT"}]}
COMMAND: POST /session/39d2cc3d4aadadb3bd833599b4f4dfae/actions - {"actions":[{"id":"action2","type":"key","parameters":{},"actions":[{"type":"keyDown","value":"î€‡"},{"type":"pause","duration":10},{"type":"keyUp","value":"î€‡"}]}]}
RESULT: {"actions":[{"id":"action2","type":"key","parameters":{},"actions":[{"type":"keyDown","value":"î€‡"},{"type":"pause","duration":10},{"type":"keyUp","value":"î€‡"}]}]}
COMMAND: GET /session/39d2cc3d4aadadb3bd833599b4f4dfae/screenshot - {}
RESULT: {}
COMMAND: POST /session/39d2cc3d4aadadb3bd833599b4f4dfae/element - {"using":"xpath","value":"//span[contains(text(), \"General Management\")]"}
RESULT: {"using":"xpath","value":"//span[contains(text(), \"General Management\")]"}
COMMAND: POST /session/39d2cc3d4aadadb3bd833599b4f4dfae/element/f.B301C1F41FC6B7F2328A32BBCA4D6847.d.09D23542F2EC1675CB9868D78CBAABC3.e.1547/click - {}
RESULT: {}
COMMAND: GET /session/39d2cc3d4aadadb3bd833599b4f4dfae/screenshot - {}
RESULT: {}
COMMAND: POST /session/39d2cc3d4aadadb3bd833599b4f4dfae/element - {"using":"xpath","value":"//bdi[contains(text(), \"OK\")]"}
RESULT: {"using":"xpath","value":"//bdi[contains(text(), \"OK\")]"}
COMMAND: POST /session/39d2cc3d4aadadb3bd833599b4f4dfae/element/f.B301C1F41FC6B7F2328A32BBCA4D6847.d.09D23542F2EC1675CB9868D78CBAABC3.e.1548/click - {}
RESULT: {}
COMMAND: GET /session/39d2cc3d4aadadb3bd833599b4f4dfae/screenshot - {}
RESULT: {}
COMMAND: POST /session/39d2cc3d4aadadb3bd833599b4f4dfae/element - {"using":"xpath","value":"//input[@id=\"application-managepartners-display-component---NewPartner--companyCodeComboBox-inner\"]"}
RESULT: {"using":"xpath","value":"//input[@id=\"application-managepartners-display-component---NewPartner--companyCodeComboBox-inner\"]"}
COMMAND: POST /session/39d2cc3d4aadadb3bd833599b4f4dfae/element/f.B301C1F41FC6B7F2328A32BBCA4D6847.d.09D23542F2EC1675CB9868D78CBAABC3.e.1354/clear - {}
RESULT: {}
COMMAND: POST /session/39d2cc3d4aadadb3bd833599b4f4dfae/element/f.B301C1F41FC6B7F2328A32BBCA4D6847.d.09D23542F2EC1675CB9868D78CBAABC3.e.1354/value - {"text":"C002"}
COMMAND: GET /session/39d2cc3d4aadadb3bd833599b4f4dfae/screenshot - {}
RESULT: {"text":"C002"}
COMMAND: GET /session/39d2cc3d4aadadb3bd833599b4f4dfae/screenshot - {}
RESULT: {}
RESULT: {}
COMMAND: POST /session/39d2cc3d4aadadb3bd833599b4f4dfae/element - {"using":"xpath","value":"//li[.//span[text()= \"C002\"]]"}
RESULT: {"using":"xpath","value":"//li[.//span[text()= \"C002\"]]"}
COMMAND: POST /session/39d2cc3d4aadadb3bd833599b4f4dfae/element/f.B301C1F41FC6B7F2328A32BBCA4D6847.d.09D23542F2EC1675CB9868D78CBAABC3.e.1554/click - {}
RESULT: {}
COMMAND: GET /session/39d2cc3d4aadadb3bd833599b4f4dfae/screenshot - {}
RESULT: {}
COMMAND: POST /session/39d2cc3d4aadadb3bd833599b4f4dfae/execute/async - {"script":"<script> [1562 bytes]","args":[{"selector":{"id":"application-managepartners-display-component---NewPartner--btnAddTableRow-img"},"wdio_ui5_key":"applicationmanagepartners-display-component---NewPartner--btnAddTableRow-img"}]}
RESULT: {"script":"<script> [1562 bytes]","args":[{"selector":{"id":"application-managepartners-display-component---NewPartner--btnAddTableRow-img"},"wdio_ui5_key":"applicationmanagepartners-display-component---NewPartner--btnAddTableRow-img"}]}
RESULT: undefined
COMMAND: POST /session/39d2cc3d4aadadb3bd833599b4f4dfae/element - {"using":"xpath","value":"//*[@id=\"application-managepartners-display-component---NewPartner--btnAddTableRow-img\"]"}
RESULT: {"using":"xpath","value":"//*[@id=\"application-managepartners-display-component---NewPartner--btnAddTableRow-img\"]"}
COMMAND: POST /session/39d2cc3d4aadadb3bd833599b4f4dfae/element/f.B301C1F41FC6B7F2328A32BBCA4D6847.d.09D23542F2EC1675CB9868D78CBAABC3.e.1555/click - {}
RESULT: {}
COMMAND: GET /session/39d2cc3d4aadadb3bd833599b4f4dfae/screenshot - {}
RESULT: {}
COMMAND: POST /session/39d2cc3d4aadadb3bd833599b4f4dfae/element - {"using":"xpath","value":"//input[@id=\"application-managepartners-display-component---NewPartner--assignmentYard-application-managepartners-display-component---NewPartner--assignmentsTable-0-inner\"]"}
RESULT: {"using":"xpath","value":"//input[@id=\"application-managepartners-display-component---NewPartner--assignmentYard-application-managepartners-display-component---NewPartner--assignmentsTable-0-inner\"]"}
COMMAND: POST /session/39d2cc3d4aadadb3bd833599b4f4dfae/element/f.B301C1F41FC6B7F2328A32BBCA4D6847.d.09D23542F2EC1675CB9868D78CBAABC3.e.1558/clear - {}
RESULT: {}
COMMAND: POST /session/39d2cc3d4aadadb3bd833599b4f4dfae/element/f.B301C1F41FC6B7F2328A32BBCA4D6847.d.09D23542F2EC1675CB9868D78CBAABC3.e.1558/value - {"text":"410"}
COMMAND: GET /session/39d2cc3d4aadadb3bd833599b4f4dfae/screenshot - {}
RESULT: {"text":"410"}
COMMAND: GET /session/39d2cc3d4aadadb3bd833599b4f4dfae/screenshot - {}
RESULT: {}
RESULT: {}
COMMAND: POST /session/39d2cc3d4aadadb3bd833599b4f4dfae/element - {"using":"xpath","value":"//li[.//span[text()='410']]"}
RESULT: {"using":"xpath","value":"//li[.//span[text()='410']]"}
COMMAND: POST /session/39d2cc3d4aadadb3bd833599b4f4dfae/element/f.B301C1F41FC6B7F2328A32BBCA4D6847.d.09D23542F2EC1675CB9868D78CBAABC3.e.1567/click - {}
RESULT: {}
COMMAND: GET /session/39d2cc3d4aadadb3bd833599b4f4dfae/screenshot - {}
RESULT: {}
COMMAND: POST /session/39d2cc3d4aadadb3bd833599b4f4dfae/actions - {"actions":[{"id":"action3","type":"key","parameters":{},"actions":[{"type":"keyDown","value":"î€‡"},{"type":"pause","duration":10},{"type":"keyUp","value":"î€‡"}]}]}
RESULT: {"actions":[{"id":"action3","type":"key","parameters":{},"actions":[{"type":"keyDown","value":"î€‡"},{"type":"pause","duration":10},{"type":"keyUp","value":"î€‡"}]}]}
COMMAND: POST /session/39d2cc3d4aadadb3bd833599b4f4dfae/execute/async - {"script":"<script> [1562 bytes]","args":[{"selector":{"id":"application-managepartners-display-component---NewPartner--externalCustomerComboBox-application-managepartners-display-component---NewPartner--assignmentsTable-0-vhi"},"wdio_ui5_key":"applicationmanagepartners-display-component---NewPartner--externalCustomerComboBox-application-managepartners-display-component---NewPartner--assignmentsTable-0-vhi"}]}
COMMAND: GET /session/39d2cc3d4aadadb3bd833599b4f4dfae/screenshot - {}
RESULT: {"script":"<script> [1562 bytes]","args":[{"selector":{"id":"application-managepartners-display-component---NewPartner--externalCustomerComboBox-application-managepartners-display-component---NewPartner--assignmentsTable-0-vhi"},"wdio_ui5_key":"applicationmanagepartners-display-component---NewPartner--externalCustomerComboBox-application-managepartners-display-component---NewPartner--assignmentsTable-0-vhi"}]}
RESULT: undefined
COMMAND: POST /session/39d2cc3d4aadadb3bd833599b4f4dfae/element - {"using":"xpath","value":"//*[@id=\"application-managepartners-display-component---NewPartner--externalCustomerComboBox-application-managepartners-display-component---NewPartner--assignmentsTable-0-vhi\"]"}
RESULT: {}
RESULT: {"using":"xpath","value":"//*[@id=\"application-managepartners-display-component---NewPartner--externalCustomerComboBox-application-managepartners-display-component---NewPartner--assignmentsTable-0-vhi\"]"}
COMMAND: POST /session/39d2cc3d4aadadb3bd833599b4f4dfae/element/f.B301C1F41FC6B7F2328A32BBCA4D6847.d.09D23542F2EC1675CB9868D78CBAABC3.e.1571/click - {}
RESULT: {}
RESULT: undefined
COMMAND: POST /session/39d2cc3d4aadadb3bd833599b4f4dfae/execute/async - {"script":"<script> [776 bytes]","args":[{"enterText":"300003","selector":{"controlType":"sap.m.SearchField","properties":{"placeholder":"Search"},"searchOpenDialogs":true,"interaction":{"idSuffix":"I"}},"clearTextFirst":true,"interactionType":"ENTER_TEXT"}]}
COMMAND: GET /session/39d2cc3d4aadadb3bd833599b4f4dfae/screenshot - {}
RESULT: {"script":"<script> [776 bytes]","args":[{"enterText":"300003","selector":{"controlType":"sap.m.SearchField","properties":{"placeholder":"Search"},"searchOpenDialogs":true,"interaction":{"idSuffix":"I"}},"clearTextFirst":true,"interactionType":"ENTER_TEXT"}]}
COMMAND: POST /session/39d2cc3d4aadadb3bd833599b4f4dfae/actions - {"actions":[{"id":"action4","type":"key","parameters":{},"actions":[{"type":"keyDown","value":"î€‡"},{"type":"pause","duration":10},{"type":"keyUp","value":"î€‡"}]}]}
RESULT: {}
RESULT: {"actions":[{"id":"action4","type":"key","parameters":{},"actions":[{"type":"keyDown","value":"î€‡"},{"type":"pause","duration":10},{"type":"keyUp","value":"î€‡"}]}]}
COMMAND: GET /session/39d2cc3d4aadadb3bd833599b4f4dfae/screenshot - {}
RESULT: {}
COMMAND: POST /session/39d2cc3d4aadadb3bd833599b4f4dfae/element - {"using":"xpath","value":"//span[contains(text(), \"300003\")]"}
RESULT: {"using":"xpath","value":"//span[contains(text(), \"300003\")]"}
COMMAND: POST /session/39d2cc3d4aadadb3bd833599b4f4dfae/element/f.B301C1F41FC6B7F2328A32BBCA4D6847.d.09D23542F2EC1675CB9868D78CBAABC3.e.1589/click - {}
RESULT: {}
COMMAND: GET /session/39d2cc3d4aadadb3bd833599b4f4dfae/screenshot - {}
RESULT: {}
COMMAND: POST /session/39d2cc3d4aadadb3bd833599b4f4dfae/element - {"using":"xpath","value":"//bdi[contains(text(), \"OK\")]"}
RESULT: {"using":"xpath","value":"//bdi[contains(text(), \"OK\")]"}
COMMAND: POST /session/39d2cc3d4aadadb3bd833599b4f4dfae/element/f.B301C1F41FC6B7F2328A32BBCA4D6847.d.09D23542F2EC1675CB9868D78CBAABC3.e.1591/click - {}
RESULT: {}
COMMAND: GET /session/39d2cc3d4aadadb3bd833599b4f4dfae/screenshot - {}
RESULT: {}
COMMAND: POST /session/39d2cc3d4aadadb3bd833599b4f4dfae/execute/async - {"script":"<script> [1562 bytes]","args":[{"selector":{"id":"application-managepartners-display-component---NewPartner--intercompVendorComboBox-application-managepartners-display-component---NewPartner--assignmentsTable-0-vhi"},"wdio_ui5_key":"applicationmanagepartners-display-component---NewPartner--intercompVendorComboBox-application-managepartners-display-component---NewPartner--assignmentsTable-0-vhi"}]}
RESULT: {"script":"<script> [1562 bytes]","args":[{"selector":{"id":"application-managepartners-display-component---NewPartner--intercompVendorComboBox-application-managepartners-display-component---NewPartner--assignmentsTable-0-vhi"},"wdio_ui5_key":"applicationmanagepartners-display-component---NewPartner--intercompVendorComboBox-application-managepartners-display-component---NewPartner--assignmentsTable-0-vhi"}]}
RESULT: undefined
COMMAND: POST /session/39d2cc3d4aadadb3bd833599b4f4dfae/element - {"using":"xpath","value":"//*[@id=\"application-managepartners-display-component---NewPartner--intercompVendorComboBox-application-managepartners-display-component---NewPartner--assignmentsTable-0-vhi\"]"}
RESULT: {"using":"xpath","value":"//*[@id=\"application-managepartners-display-component---NewPartner--intercompVendorComboBox-application-managepartners-display-component---NewPartner--assignmentsTable-0-vhi\"]"}
COMMAND: POST /session/39d2cc3d4aadadb3bd833599b4f4dfae/element/f.B301C1F41FC6B7F2328A32BBCA4D6847.d.09D23542F2EC1675CB9868D78CBAABC3.e.1595/click - {}
RESULT: {}
RESULT: undefined
COMMAND: POST /session/39d2cc3d4aadadb3bd833599b4f4dfae/execute/async - {"script":"<script> [776 bytes]","args":[{"enterText":"100005","selector":{"controlType":"sap.m.SearchField","properties":{"placeholder":"Search"},"searchOpenDialogs":true,"interaction":{"idSuffix":"I"}},"clearTextFirst":true,"interactionType":"ENTER_TEXT"}]}
COMMAND: GET /session/39d2cc3d4aadadb3bd833599b4f4dfae/screenshot - {}
RESULT: {"script":"<script> [776 bytes]","args":[{"enterText":"100005","selector":{"controlType":"sap.m.SearchField","properties":{"placeholder":"Search"},"searchOpenDialogs":true,"interaction":{"idSuffix":"I"}},"clearTextFirst":true,"interactionType":"ENTER_TEXT"}]}
COMMAND: POST /session/39d2cc3d4aadadb3bd833599b4f4dfae/actions - {"actions":[{"id":"action5","type":"key","parameters":{},"actions":[{"type":"keyDown","value":"î€‡"},{"type":"pause","duration":10},{"type":"keyUp","value":"î€‡"}]}]}
RESULT: {}
RESULT: {"actions":[{"id":"action5","type":"key","parameters":{},"actions":[{"type":"keyDown","value":"î€‡"},{"type":"pause","duration":10},{"type":"keyUp","value":"î€‡"}]}]}
COMMAND: GET /session/39d2cc3d4aadadb3bd833599b4f4dfae/screenshot - {}
RESULT: {}
COMMAND: POST /session/39d2cc3d4aadadb3bd833599b4f4dfae/element - {"using":"xpath","value":"//span[contains(text(), \"Penguins - Field/12345 Berlin\")]"}
RESULT: {"using":"xpath","value":"//span[contains(text(), \"Penguins - Field/12345 Berlin\")]"}
COMMAND: POST /session/39d2cc3d4aadadb3bd833599b4f4dfae/element/f.B301C1F41FC6B7F2328A32BBCA4D6847.d.09D23542F2EC1675CB9868D78CBAABC3.e.1613/click - {}
RESULT: {}
COMMAND: GET /session/39d2cc3d4aadadb3bd833599b4f4dfae/screenshot - {}
RESULT: {}
COMMAND: POST /session/39d2cc3d4aadadb3bd833599b4f4dfae/element - {"using":"xpath","value":"//bdi[contains(text(), \"OK\")]"}
RESULT: {"using":"xpath","value":"//bdi[contains(text(), \"OK\")]"}
COMMAND: POST /session/39d2cc3d4aadadb3bd833599b4f4dfae/element/f.B301C1F41FC6B7F2328A32BBCA4D6847.d.09D23542F2EC1675CB9868D78CBAABC3.e.1614/click - {}
RESULT: {}
COMMAND: GET /session/39d2cc3d4aadadb3bd833599b4f4dfae/screenshot - {}
RESULT: {}
COMMAND: POST /session/39d2cc3d4aadadb3bd833599b4f4dfae/element - {"using":"xpath","value":"//button[@data-kt=\"saveButton\"]"}
RESULT: {"using":"xpath","value":"//button[@data-kt=\"saveButton\"]"}
COMMAND: POST /session/39d2cc3d4aadadb3bd833599b4f4dfae/element/f.B301C1F41FC6B7F2328A32BBCA4D6847.d.09D23542F2EC1675CB9868D78CBAABC3.e.1379/click - {}
RESULT: {}
COMMAND: GET /session/39d2cc3d4aadadb3bd833599b4f4dfae/screenshot - {}
RESULT: {}
COMMAND: POST /session/39d2cc3d4aadadb3bd833599b4f4dfae/element - {"using":"xpath","value":"//header[contains(@id, 'ObjectPageLayout-headerTitle')]/div[1]/div[2]/div[2]/span[1]"}
RESULT: {"using":"xpath","value":"//header[contains(@id, 'ObjectPageLayout-headerTitle')]/div[1]/div[2]/div[2]/span[1]"}
COMMAND: POST /session/39d2cc3d4aadadb3bd833599b4f4dfae/elements - {"using":"xpath","value":"//header[contains(@id, 'ObjectPageLayout-headerTitle')]/div[1]/div[2]/div[2]/span[1]"}
RESULT: {"using":"xpath","value":"//header[contains(@id, 'ObjectPageLayout-headerTitle')]/div[1]/div[2]/div[2]/span[1]"}
COMMAND: POST /session/39d2cc3d4aadadb3bd833599b4f4dfae/execute/sync - {"script":"<script> [56 bytes]","args":[{"element-6066-11e4-a52e-4f735466cecf":"f.B301C1F41FC6B7F2328A32BBCA4D6847.d.09D23542F2EC1675CB9868D78CBAABC3.e.1782","ELEMENT":"f.B301C1F41FC6B7F2328A32BBCA4D6847.d.09D23542F2EC1675CB9868D78CBAABC3.e.1782"}]}
RESULT: {"script":"<script> [56 bytes]","args":[{"element-6066-11e4-a52e-4f735466cecf":"f.B301C1F41FC6B7F2328A32BBCA4D6847.d.09D23542F2EC1675CB9868D78CBAABC3.e.1782","ELEMENT":"f.B301C1F41FC6B7F2328A32BBCA4D6847.d.09D23542F2EC1675CB9868D78CBAABC3.e.1782"}]}
COMMAND: POST /session/39d2cc3d4aadadb3bd833599b4f4dfae/element - {"using":"css selector","value":"#shell-header-logo"}
COMMAND: GET /session/39d2cc3d4aadadb3bd833599b4f4dfae/screenshot - {}
RESULT: {"using":"css selector","value":"#shell-header-logo"}
COMMAND: POST /session/39d2cc3d4aadadb3bd833599b4f4dfae/element/f.B301C1F41FC6B7F2328A32BBCA4D6847.d.09D23542F2EC1675CB9868D78CBAABC3.e.1002/click - {}
RESULT: {}
RESULT: {}
COMMAND: GET /session/39d2cc3d4aadadb3bd833599b4f4dfae/screenshot - {}
RESULT: {}
COMMAND: POST /session/39d2cc3d4aadadb3bd833599b4f4dfae/execute/sync - {"script":"<script> [299 bytes]","args":[["getModel","getResource"]]}
RESULT: {"script":"<script> [299 bytes]","args":[["getModel","getResource"]]}
]]></system-out>
    </testcase>
    <testcase classname="chrome.136_0_7103_93.windows.Billing_Transfer_-_Master_data_&amp;_Intercompany_US127250" name="Should create a new site" time="89.233">
      <system-out><![CDATA[
COMMAND: GET /session/39d2cc3d4aadadb3bd833599b4f4dfae/screenshot - {}
COMMAND: POST /session/39d2cc3d4aadadb3bd833599b4f4dfae/execute/async - {"script":"<script> [1562 bytes]","args":[{"selector":{"controlType":"sap.m.GenericTile","properties":{"header":"Manage Sites"}},"wdio_ui5_key":"sapm.GenericTile{\"header\":\"Manage Sites\"}"}]}
RESULT: {}
RESULT: {"script":"<script> [1562 bytes]","args":[{"selector":{"controlType":"sap.m.GenericTile","properties":{"header":"Manage Sites"}},"wdio_ui5_key":"sapm.GenericTile{\"header\":\"Manage Sites\"}"}]}
RESULT: undefined
COMMAND: POST /session/39d2cc3d4aadadb3bd833599b4f4dfae/element - {"using":"xpath","value":"//*[@id=\"__tile40\"]"}
RESULT: {"using":"xpath","value":"//*[@id=\"__tile40\"]"}
COMMAND: POST /session/39d2cc3d4aadadb3bd833599b4f4dfae/element/f.B301C1F41FC6B7F2328A32BBCA4D6847.d.09D23542F2EC1675CB9868D78CBAABC3.e.146/click - {}
RESULT: {}
COMMAND: GET /session/39d2cc3d4aadadb3bd833599b4f4dfae/screenshot - {}
RESULT: {}
COMMAND: POST /session/39d2cc3d4aadadb3bd833599b4f4dfae/elements - {"using":"xpath","value":"//span[text()='Error']"}
RESULT: {"using":"xpath","value":"//span[text()='Error']"}
COMMAND: POST /session/39d2cc3d4aadadb3bd833599b4f4dfae/element - {"using":"xpath","value":"//button[@data-kt=\"addOverflowToolbarButton\"]"}
RESULT: {"using":"xpath","value":"//button[@data-kt=\"addOverflowToolbarButton\"]"}
COMMAND: POST /session/39d2cc3d4aadadb3bd833599b4f4dfae/elements - {"using":"xpath","value":"//button[@data-kt=\"addOverflowToolbarButton\"]"}
RESULT: {"using":"xpath","value":"//button[@data-kt=\"addOverflowToolbarButton\"]"}
COMMAND: POST /session/39d2cc3d4aadadb3bd833599b4f4dfae/execute/sync - {"script":"<script> [8489 bytes]","args":[{"element-6066-11e4-a52e-4f735466cecf":"f.B301C1F41FC6B7F2328A32BBCA4D6847.d.09D23542F2EC1675CB9868D78CBAABC3.e.1820","ELEMENT":"f.B301C1F41FC6B7F2328A32BBCA4D6847.d.09D23542F2EC1675CB9868D78CBAABC3.e.1820"}]}
RESULT: {"script":"<script> [8489 bytes]","args":[{"element-6066-11e4-a52e-4f735466cecf":"f.B301C1F41FC6B7F2328A32BBCA4D6847.d.09D23542F2EC1675CB9868D78CBAABC3.e.1820","ELEMENT":"f.B301C1F41FC6B7F2328A32BBCA4D6847.d.09D23542F2EC1675CB9868D78CBAABC3.e.1820"}]}
COMMAND: GET /session/39d2cc3d4aadadb3bd833599b4f4dfae/element/f.B301C1F41FC6B7F2328A32BBCA4D6847.d.09D23542F2EC1675CB9868D78CBAABC3.e.1820/enabled - {}
COMMAND: GET /session/39d2cc3d4aadadb3bd833599b4f4dfae/screenshot - {}
RESULT: {}
COMMAND: POST /session/39d2cc3d4aadadb3bd833599b4f4dfae/execute/sync - {"script":"<script> [8489 bytes]","args":[{"element-6066-11e4-a52e-4f735466cecf":"f.B301C1F41FC6B7F2328A32BBCA4D6847.d.09D23542F2EC1675CB9868D78CBAABC3.e.1820","ELEMENT":"f.B301C1F41FC6B7F2328A32BBCA4D6847.d.09D23542F2EC1675CB9868D78CBAABC3.e.1820"}]}
COMMAND: GET /session/39d2cc3d4aadadb3bd833599b4f4dfae/screenshot - {}
RESULT: {}
RESULT: {"script":"<script> [8489 bytes]","args":[{"element-6066-11e4-a52e-4f735466cecf":"f.B301C1F41FC6B7F2328A32BBCA4D6847.d.09D23542F2EC1675CB9868D78CBAABC3.e.1820","ELEMENT":"f.B301C1F41FC6B7F2328A32BBCA4D6847.d.09D23542F2EC1675CB9868D78CBAABC3.e.1820"}]}
COMMAND: POST /session/39d2cc3d4aadadb3bd833599b4f4dfae/execute/sync - {"script":"<script> [5351 bytes]","args":[{"element-6066-11e4-a52e-4f735466cecf":"f.B301C1F41FC6B7F2328A32BBCA4D6847.d.09D23542F2EC1675CB9868D78CBAABC3.e.1820","ELEMENT":"f.B301C1F41FC6B7F2328A32BBCA4D6847.d.09D23542F2EC1675CB9868D78CBAABC3.e.1820"}]}
COMMAND: GET /session/39d2cc3d4aadadb3bd833599b4f4dfae/screenshot - {}
RESULT: {}
RESULT: {"script":"<script> [5351 bytes]","args":[{"element-6066-11e4-a52e-4f735466cecf":"f.B301C1F41FC6B7F2328A32BBCA4D6847.d.09D23542F2EC1675CB9868D78CBAABC3.e.1820","ELEMENT":"f.B301C1F41FC6B7F2328A32BBCA4D6847.d.09D23542F2EC1675CB9868D78CBAABC3.e.1820"}]}
COMMAND: POST /session/39d2cc3d4aadadb3bd833599b4f4dfae/element/f.B301C1F41FC6B7F2328A32BBCA4D6847.d.09D23542F2EC1675CB9868D78CBAABC3.e.1820/click - {}
COMMAND: GET /session/39d2cc3d4aadadb3bd833599b4f4dfae/screenshot - {}
RESULT: {}
RESULT: {}
COMMAND: GET /session/39d2cc3d4aadadb3bd833599b4f4dfae/screenshot - {}
RESULT: {}
RESULT: {}
COMMAND: POST /session/39d2cc3d4aadadb3bd833599b4f4dfae/element - {"using":"xpath","value":"//input[@id=\"application-managesites-display-component---NewSite--siteId-inner\"]"}
RESULT: {"using":"xpath","value":"//input[@id=\"application-managesites-display-component---NewSite--siteId-inner\"]"}
COMMAND: POST /session/39d2cc3d4aadadb3bd833599b4f4dfae/element - {"using":"xpath","value":"//input[@id=\"application-managesites-display-component---NewSite--siteId-inner\"]"}
RESULT: {"using":"xpath","value":"//input[@id=\"application-managesites-display-component---NewSite--siteId-inner\"]"}
COMMAND: POST /session/39d2cc3d4aadadb3bd833599b4f4dfae/execute/async - {"script":"<script> [1562 bytes]","args":[{"selector":{"id":"application-managesites-display-component---NewSite--addressDetailDetailsName1","interaction":{"idSuffix":"inner"}},"wdio_ui5_key":"applicationmanagesites-display-component---NewSite--addressDetailDetailsName1"}]}
RESULT: {"script":"<script> [1562 bytes]","args":[{"selector":{"id":"application-managesites-display-component---NewSite--addressDetailDetailsName1","interaction":{"idSuffix":"inner"}},"wdio_ui5_key":"applicationmanagesites-display-component---NewSite--addressDetailDetailsName1"}]}
RESULT: undefined
COMMAND: POST /session/39d2cc3d4aadadb3bd833599b4f4dfae/execute/async - {"script":"<script> [776 bytes]","args":[{"enterText":"Intercompany Site wdIO","selector":{"id":"application-managesites-display-component---NewSite--addressDetailDetailsName1","interaction":{"idSuffix":"inner"}},"clearTextFirst":true,"interactionType":"ENTER_TEXT"}]}
RESULT: {"script":"<script> [776 bytes]","args":[{"enterText":"Intercompany Site wdIO","selector":{"id":"application-managesites-display-component---NewSite--addressDetailDetailsName1","interaction":{"idSuffix":"inner"}},"clearTextFirst":true,"interactionType":"ENTER_TEXT"}]}
COMMAND: POST /session/39d2cc3d4aadadb3bd833599b4f4dfae/execute/async - {"script":"<script> [1562 bytes]","args":[{"selector":{"id":"application-managesites-display-component---NewSite--addressDetailDetailsLanguage-arrow"},"wdio_ui5_key":"applicationmanagesites-display-component---NewSite--addressDetailDetailsLanguage-arrow"}]}
RESULT: {"script":"<script> [1562 bytes]","args":[{"selector":{"id":"application-managesites-display-component---NewSite--addressDetailDetailsLanguage-arrow"},"wdio_ui5_key":"applicationmanagesites-display-component---NewSite--addressDetailDetailsLanguage-arrow"}]}
RESULT: undefined
COMMAND: POST /session/39d2cc3d4aadadb3bd833599b4f4dfae/element - {"using":"xpath","value":"//*[@id=\"application-managesites-display-component---NewSite--addressDetailDetailsLanguage-arrow\"]"}
RESULT: {"using":"xpath","value":"//*[@id=\"application-managesites-display-component---NewSite--addressDetailDetailsLanguage-arrow\"]"}
COMMAND: POST /session/39d2cc3d4aadadb3bd833599b4f4dfae/element/f.B301C1F41FC6B7F2328A32BBCA4D6847.d.09D23542F2EC1675CB9868D78CBAABC3.e.2229/click - {}
RESULT: {}
COMMAND: POST /session/39d2cc3d4aadadb3bd833599b4f4dfae/element - {"using":"xpath","value":"//span[contains(text(), \"English\")]"}
COMMAND: GET /session/39d2cc3d4aadadb3bd833599b4f4dfae/screenshot - {}
RESULT: {"using":"xpath","value":"//span[contains(text(), \"English\")]"}
COMMAND: POST /session/39d2cc3d4aadadb3bd833599b4f4dfae/element/f.B301C1F41FC6B7F2328A32BBCA4D6847.d.09D23542F2EC1675CB9868D78CBAABC3.e.2230/click - {}
RESULT: {}
RESULT: {}
COMMAND: POST /session/39d2cc3d4aadadb3bd833599b4f4dfae/execute/async - {"script":"<script> [1562 bytes]","args":[{"selector":{"id":"application-managesites-display-component---NewSite--addressDetailDetailsCity1","interaction":{"idSuffix":"inner"}},"wdio_ui5_key":"applicationmanagesites-display-component---NewSite--addressDetailDetailsCity1"}]}
COMMAND: GET /session/39d2cc3d4aadadb3bd833599b4f4dfae/screenshot - {}
RESULT: {"script":"<script> [1562 bytes]","args":[{"selector":{"id":"application-managesites-display-component---NewSite--addressDetailDetailsCity1","interaction":{"idSuffix":"inner"}},"wdio_ui5_key":"applicationmanagesites-display-component---NewSite--addressDetailDetailsCity1"}]}
RESULT: undefined
COMMAND: POST /session/39d2cc3d4aadadb3bd833599b4f4dfae/execute/async - {"script":"<script> [776 bytes]","args":[{"enterText":"Rosario","selector":{"id":"application-managesites-display-component---NewSite--addressDetailDetailsCity1","interaction":{"idSuffix":"inner"}},"clearTextFirst":true,"interactionType":"ENTER_TEXT"}]}
RESULT: {}
RESULT: {"script":"<script> [776 bytes]","args":[{"enterText":"Rosario","selector":{"id":"application-managesites-display-component---NewSite--addressDetailDetailsCity1","interaction":{"idSuffix":"inner"}},"clearTextFirst":true,"interactionType":"ENTER_TEXT"}]}
COMMAND: POST /session/39d2cc3d4aadadb3bd833599b4f4dfae/execute/async - {"script":"<script> [1562 bytes]","args":[{"selector":{"id":"application-managesites-display-component---NewSite--addressDetailDetailsCountry-arrow"},"wdio_ui5_key":"applicationmanagesites-display-component---NewSite--addressDetailDetailsCountry-arrow"}]}
RESULT: {"script":"<script> [1562 bytes]","args":[{"selector":{"id":"application-managesites-display-component---NewSite--addressDetailDetailsCountry-arrow"},"wdio_ui5_key":"applicationmanagesites-display-component---NewSite--addressDetailDetailsCountry-arrow"}]}
RESULT: undefined
COMMAND: POST /session/39d2cc3d4aadadb3bd833599b4f4dfae/element - {"using":"xpath","value":"//*[@id=\"application-managesites-display-component---NewSite--addressDetailDetailsCountry-arrow\"]"}
RESULT: {"using":"xpath","value":"//*[@id=\"application-managesites-display-component---NewSite--addressDetailDetailsCountry-arrow\"]"}
COMMAND: POST /session/39d2cc3d4aadadb3bd833599b4f4dfae/element/f.B301C1F41FC6B7F2328A32BBCA4D6847.d.09D23542F2EC1675CB9868D78CBAABC3.e.2232/click - {}
RESULT: {}
COMMAND: POST /session/39d2cc3d4aadadb3bd833599b4f4dfae/element - {"using":"xpath","value":"//span[contains(text(), \"Argentina\")]"}
COMMAND: GET /session/39d2cc3d4aadadb3bd833599b4f4dfae/screenshot - {}
RESULT: {"using":"xpath","value":"//span[contains(text(), \"Argentina\")]"}
COMMAND: POST /session/39d2cc3d4aadadb3bd833599b4f4dfae/element/f.B301C1F41FC6B7F2328A32BBCA4D6847.d.09D23542F2EC1675CB9868D78CBAABC3.e.2233/click - {}
RESULT: {}
RESULT: {}
COMMAND: GET /session/39d2cc3d4aadadb3bd833599b4f4dfae/screenshot - {}
RESULT: {}
COMMAND: POST /session/39d2cc3d4aadadb3bd833599b4f4dfae/execute/async - {"script":"<script> [1562 bytes]","args":[{"selector":{"id":"application-managesites-display-component---NewSite--addressEditDetailsCostObjectCstType-arrow"},"wdio_ui5_key":"applicationmanagesites-display-component---NewSite--addressEditDetailsCostObjectCstType-arrow"}]}
RESULT: {"script":"<script> [1562 bytes]","args":[{"selector":{"id":"application-managesites-display-component---NewSite--addressEditDetailsCostObjectCstType-arrow"},"wdio_ui5_key":"applicationmanagesites-display-component---NewSite--addressEditDetailsCostObjectCstType-arrow"}]}
RESULT: undefined
COMMAND: POST /session/39d2cc3d4aadadb3bd833599b4f4dfae/element - {"using":"xpath","value":"//*[@id=\"application-managesites-display-component---NewSite--addressEditDetailsCostObjectCstType-arrow\"]"}
RESULT: {"using":"xpath","value":"//*[@id=\"application-managesites-display-component---NewSite--addressEditDetailsCostObjectCstType-arrow\"]"}
COMMAND: POST /session/39d2cc3d4aadadb3bd833599b4f4dfae/element/f.B301C1F41FC6B7F2328A32BBCA4D6847.d.09D23542F2EC1675CB9868D78CBAABC3.e.2235/click - {}
RESULT: {}
COMMAND: POST /session/39d2cc3d4aadadb3bd833599b4f4dfae/element - {"using":"xpath","value":"//span[contains(text(), \"Cost Center\")]"}
COMMAND: GET /session/39d2cc3d4aadadb3bd833599b4f4dfae/screenshot - {}
RESULT: {"using":"xpath","value":"//span[contains(text(), \"Cost Center\")]"}
COMMAND: POST /session/39d2cc3d4aadadb3bd833599b4f4dfae/element/f.B301C1F41FC6B7F2328A32BBCA4D6847.d.09D23542F2EC1675CB9868D78CBAABC3.e.2236/click - {}
RESULT: {}
RESULT: {}
COMMAND: GET /session/39d2cc3d4aadadb3bd833599b4f4dfae/screenshot - {}
RESULT: {}
COMMAND: POST /session/39d2cc3d4aadadb3bd833599b4f4dfae/element - {"using":"xpath","value":"//span[@id=\"application-managesites-display-component---NewSite--addressNewCostObjectCstID-vhi\"]"}
RESULT: {"using":"xpath","value":"//span[@id=\"application-managesites-display-component---NewSite--addressNewCostObjectCstID-vhi\"]"}
COMMAND: POST /session/39d2cc3d4aadadb3bd833599b4f4dfae/execute/sync - {"script":"<script> [8489 bytes]","args":[{"element-6066-11e4-a52e-4f735466cecf":"f.B301C1F41FC6B7F2328A32BBCA4D6847.d.09D23542F2EC1675CB9868D78CBAABC3.e.2241","ELEMENT":"f.B301C1F41FC6B7F2328A32BBCA4D6847.d.09D23542F2EC1675CB9868D78CBAABC3.e.2241"}]}
RESULT: {"script":"<script> [8489 bytes]","args":[{"element-6066-11e4-a52e-4f735466cecf":"f.B301C1F41FC6B7F2328A32BBCA4D6847.d.09D23542F2EC1675CB9868D78CBAABC3.e.2241","ELEMENT":"f.B301C1F41FC6B7F2328A32BBCA4D6847.d.09D23542F2EC1675CB9868D78CBAABC3.e.2241"}]}
COMMAND: POST /session/39d2cc3d4aadadb3bd833599b4f4dfae/execute/async - {"script":"<script> [1562 bytes]","args":[{"selector":{"id":"application-managesites-display-component---NewSite--addressNewCostObjectCstID-vhi"},"wdio_ui5_key":"applicationmanagesites-display-component---NewSite--addressNewCostObjectCstID-vhi"}]}
COMMAND: GET /session/39d2cc3d4aadadb3bd833599b4f4dfae/screenshot - {}
RESULT: {"script":"<script> [1562 bytes]","args":[{"selector":{"id":"application-managesites-display-component---NewSite--addressNewCostObjectCstID-vhi"},"wdio_ui5_key":"applicationmanagesites-display-component---NewSite--addressNewCostObjectCstID-vhi"}]}
RESULT: undefined
COMMAND: POST /session/39d2cc3d4aadadb3bd833599b4f4dfae/element - {"using":"xpath","value":"//*[@id=\"application-managesites-display-component---NewSite--addressNewCostObjectCstID-vhi\"]"}
RESULT: {}
RESULT: {"using":"xpath","value":"//*[@id=\"application-managesites-display-component---NewSite--addressNewCostObjectCstID-vhi\"]"}
COMMAND: POST /session/39d2cc3d4aadadb3bd833599b4f4dfae/element/f.B301C1F41FC6B7F2328A32BBCA4D6847.d.09D23542F2EC1675CB9868D78CBAABC3.e.2241/click - {}
RESULT: {}
COMMAND: GET /session/39d2cc3d4aadadb3bd833599b4f4dfae/screenshot - {}
RESULT: {}
RESULT: undefined
COMMAND: POST /session/39d2cc3d4aadadb3bd833599b4f4dfae/execute/async - {"script":"<script> [776 bytes]","args":[{"enterText":"10001013","selector":{"controlType":"sap.m.SearchField","properties":{"placeholder":"Search"},"searchOpenDialogs":true,"interaction":{"idSuffix":"I"}},"clearTextFirst":true,"interactionType":"ENTER_TEXT"}]}
RESULT: {"script":"<script> [776 bytes]","args":[{"enterText":"10001013","selector":{"controlType":"sap.m.SearchField","properties":{"placeholder":"Search"},"searchOpenDialogs":true,"interaction":{"idSuffix":"I"}},"clearTextFirst":true,"interactionType":"ENTER_TEXT"}]}
COMMAND: POST /session/39d2cc3d4aadadb3bd833599b4f4dfae/actions - {"actions":[{"id":"action6","type":"key","parameters":{},"actions":[{"type":"keyDown","value":"î€‡"},{"type":"pause","duration":10},{"type":"keyUp","value":"î€‡"}]}]}
RESULT: {"actions":[{"id":"action6","type":"key","parameters":{},"actions":[{"type":"keyDown","value":"î€‡"},{"type":"pause","duration":10},{"type":"keyUp","value":"î€‡"}]}]}
COMMAND: GET /session/39d2cc3d4aadadb3bd833599b4f4dfae/screenshot - {}
RESULT: {}
COMMAND: POST /session/39d2cc3d4aadadb3bd833599b4f4dfae/element - {"using":"xpath","value":"//span[contains(text(), \"General Management\")]"}
RESULT: {"using":"xpath","value":"//span[contains(text(), \"General Management\")]"}
COMMAND: POST /session/39d2cc3d4aadadb3bd833599b4f4dfae/element/f.B301C1F41FC6B7F2328A32BBCA4D6847.d.09D23542F2EC1675CB9868D78CBAABC3.e.2281/click - {}
RESULT: {}
COMMAND: GET /session/39d2cc3d4aadadb3bd833599b4f4dfae/screenshot - {}
RESULT: {}
COMMAND: POST /session/39d2cc3d4aadadb3bd833599b4f4dfae/element - {"using":"xpath","value":"//bdi[contains(text(), \"OK\")]"}
RESULT: {"using":"xpath","value":"//bdi[contains(text(), \"OK\")]"}
COMMAND: POST /session/39d2cc3d4aadadb3bd833599b4f4dfae/element/f.B301C1F41FC6B7F2328A32BBCA4D6847.d.09D23542F2EC1675CB9868D78CBAABC3.e.2282/click - {}
RESULT: {}
COMMAND: GET /session/39d2cc3d4aadadb3bd833599b4f4dfae/screenshot - {}
RESULT: {}
COMMAND: POST /session/39d2cc3d4aadadb3bd833599b4f4dfae/element - {"using":"xpath","value":"//input[@id=\"application-managesites-display-component---NewSite--addressDetailDetailsCalendar-inner\"]"}
RESULT: {"using":"xpath","value":"//input[@id=\"application-managesites-display-component---NewSite--addressDetailDetailsCalendar-inner\"]"}
COMMAND: POST /session/39d2cc3d4aadadb3bd833599b4f4dfae/element/f.B301C1F41FC6B7F2328A32BBCA4D6847.d.09D23542F2EC1675CB9868D78CBAABC3.e.1989/clear - {}
RESULT: {}
COMMAND: POST /session/39d2cc3d4aadadb3bd833599b4f4dfae/element/f.B301C1F41FC6B7F2328A32BBCA4D6847.d.09D23542F2EC1675CB9868D78CBAABC3.e.1989/value - {"text":"Unit"}
COMMAND: GET /session/39d2cc3d4aadadb3bd833599b4f4dfae/screenshot - {}
RESULT: {"text":"Unit"}
COMMAND: GET /session/39d2cc3d4aadadb3bd833599b4f4dfae/screenshot - {}
RESULT: {}
RESULT: {}
COMMAND: POST /session/39d2cc3d4aadadb3bd833599b4f4dfae/actions - {"actions":[{"id":"action7","type":"key","parameters":{},"actions":[{"type":"keyDown","value":"î€‡"},{"type":"pause","duration":10},{"type":"keyUp","value":"î€‡"}]}]}
RESULT: {"actions":[{"id":"action7","type":"key","parameters":{},"actions":[{"type":"keyDown","value":"î€‡"},{"type":"pause","duration":10},{"type":"keyUp","value":"î€‡"}]}]}
COMMAND: POST /session/39d2cc3d4aadadb3bd833599b4f4dfae/element - {"using":"xpath","value":"//input[@id=\"application-managesites-display-component---NewSite--addressDetailDetailsYard-inner\"]"}
COMMAND: GET /session/39d2cc3d4aadadb3bd833599b4f4dfae/screenshot - {}
RESULT: {"using":"xpath","value":"//input[@id=\"application-managesites-display-component---NewSite--addressDetailDetailsYard-inner\"]"}
COMMAND: POST /session/39d2cc3d4aadadb3bd833599b4f4dfae/element/f.B301C1F41FC6B7F2328A32BBCA4D6847.d.09D23542F2EC1675CB9868D78CBAABC3.e.1990/clear - {}
RESULT: {}
RESULT: {}
COMMAND: POST /session/39d2cc3d4aadadb3bd833599b4f4dfae/element/f.B301C1F41FC6B7F2328A32BBCA4D6847.d.09D23542F2EC1675CB9868D78CBAABC3.e.1990/value - {"text":"410"}
COMMAND: GET /session/39d2cc3d4aadadb3bd833599b4f4dfae/screenshot - {}
RESULT: {"text":"410"}
COMMAND: GET /session/39d2cc3d4aadadb3bd833599b4f4dfae/screenshot - {}
RESULT: {}
RESULT: {}
COMMAND: POST /session/39d2cc3d4aadadb3bd833599b4f4dfae/element - {"using":"xpath","value":"//li[.//span[text()='410']]"}
RESULT: {"using":"xpath","value":"//li[.//span[text()='410']]"}
COMMAND: POST /session/39d2cc3d4aadadb3bd833599b4f4dfae/element/f.B301C1F41FC6B7F2328A32BBCA4D6847.d.09D23542F2EC1675CB9868D78CBAABC3.e.2290/click - {}
RESULT: {}
COMMAND: GET /session/39d2cc3d4aadadb3bd833599b4f4dfae/screenshot - {}
RESULT: {}
COMMAND: POST /session/39d2cc3d4aadadb3bd833599b4f4dfae/element - {"using":"xpath","value":"//input[@id=\"application-managesites-display-component---NewSite--addressDetailDetailsPartner-inner\"]"}
RESULT: {"using":"xpath","value":"//input[@id=\"application-managesites-display-component---NewSite--addressDetailDetailsPartner-inner\"]"}
COMMAND: POST /session/39d2cc3d4aadadb3bd833599b4f4dfae/element - {"using":"xpath","value":"//input[@id=\"application-managesites-display-component---NewSite--addressDetailDetailsPartner-inner\"]"}
RESULT: {"using":"xpath","value":"//input[@id=\"application-managesites-display-component---NewSite--addressDetailDetailsPartner-inner\"]"}
COMMAND: POST /session/39d2cc3d4aadadb3bd833599b4f4dfae/element - {"using":"xpath","value":"//button[@data-kt=\"saveButton\"]"}
RESULT: {"using":"xpath","value":"//button[@data-kt=\"saveButton\"]"}
COMMAND: POST /session/39d2cc3d4aadadb3bd833599b4f4dfae/element/f.B301C1F41FC6B7F2328A32BBCA4D6847.d.09D23542F2EC1675CB9868D78CBAABC3.e.2178/click - {}
RESULT: {}
COMMAND: GET /session/39d2cc3d4aadadb3bd833599b4f4dfae/screenshot - {}
RESULT: {}
COMMAND: POST /session/39d2cc3d4aadadb3bd833599b4f4dfae/element - {"using":"xpath","value":"//header[contains(@id, 'ObjectPageLayout-headerTitle')]/div[1]/div[2]/div[2]/span[1]"}
RESULT: {"using":"xpath","value":"//header[contains(@id, 'ObjectPageLayout-headerTitle')]/div[1]/div[2]/div[2]/span[1]"}
COMMAND: POST /session/39d2cc3d4aadadb3bd833599b4f4dfae/elements - {"using":"xpath","value":"//header[contains(@id, 'ObjectPageLayout-headerTitle')]/div[1]/div[2]/div[2]/span[1]"}
RESULT: {"using":"xpath","value":"//header[contains(@id, 'ObjectPageLayout-headerTitle')]/div[1]/div[2]/div[2]/span[1]"}
COMMAND: POST /session/39d2cc3d4aadadb3bd833599b4f4dfae/execute/sync - {"script":"<script> [56 bytes]","args":[{"element-6066-11e4-a52e-4f735466cecf":"f.B301C1F41FC6B7F2328A32BBCA4D6847.d.09D23542F2EC1675CB9868D78CBAABC3.e.2501","ELEMENT":"f.B301C1F41FC6B7F2328A32BBCA4D6847.d.09D23542F2EC1675CB9868D78CBAABC3.e.2501"}]}
RESULT: {"script":"<script> [56 bytes]","args":[{"element-6066-11e4-a52e-4f735466cecf":"f.B301C1F41FC6B7F2328A32BBCA4D6847.d.09D23542F2EC1675CB9868D78CBAABC3.e.2501","ELEMENT":"f.B301C1F41FC6B7F2328A32BBCA4D6847.d.09D23542F2EC1675CB9868D78CBAABC3.e.2501"}]}
COMMAND: POST /session/39d2cc3d4aadadb3bd833599b4f4dfae/element - {"using":"css selector","value":"#shell-header-logo"}
COMMAND: GET /session/39d2cc3d4aadadb3bd833599b4f4dfae/screenshot - {}
RESULT: {"using":"css selector","value":"#shell-header-logo"}
COMMAND: POST /session/39d2cc3d4aadadb3bd833599b4f4dfae/element/f.B301C1F41FC6B7F2328A32BBCA4D6847.d.09D23542F2EC1675CB9868D78CBAABC3.e.1787/click - {}
RESULT: {}
RESULT: {}
COMMAND: GET /session/39d2cc3d4aadadb3bd833599b4f4dfae/screenshot - {}
RESULT: {}
COMMAND: POST /session/39d2cc3d4aadadb3bd833599b4f4dfae/execute/sync - {"script":"<script> [299 bytes]","args":[["getModel","getResource"]]}
RESULT: {"script":"<script> [299 bytes]","args":[["getModel","getResource"]]}
]]></system-out>
    </testcase>
  </testsuite>
  <testsuite timestamp="2025-05-15T17:40:47" time="998.437" tests="12" failures="0" errors="0" skipped="0">
    <properties>
      <property name="specId" value="0" />
      <property name="suiteName" value="Billing Transfer - Intracompany US127249" />
      <property name="capabilities" value="chrome.136_0_7103_93.windows" />
      <property name="file" value="file:///D:/a/1/s/test/specs/BTS/billing-transfer-intracompany.spec.js" />
    </properties>
    <testcase classname="chrome.136_0_7103_93.windows.Billing_Transfer_-_Intracompany_US127249" name="Should create a new yard" time="111.088">
      <system-out><![CDATA[
COMMAND: POST /session/39d2cc3d4aadadb3bd833599b4f4dfae/window/fullscreen - {}
RESULT: {}
COMMAND: POST /session/39d2cc3d4aadadb3bd833599b4f4dfae/execute/async - {"script":"<script> [1562 bytes]","args":[{"selector":{"controlType":"sap.m.GenericTile","properties":{"header":"Manage Yards"}},"wdio_ui5_key":"sapm.GenericTile{\"header\":\"Manage Yards\"}"}]}
RESULT: {"script":"<script> [1562 bytes]","args":[{"selector":{"controlType":"sap.m.GenericTile","properties":{"header":"Manage Yards"}},"wdio_ui5_key":"sapm.GenericTile{\"header\":\"Manage Yards\"}"}]}
RESULT: undefined
COMMAND: POST /session/39d2cc3d4aadadb3bd833599b4f4dfae/element - {"using":"xpath","value":"//*[@id=\"__tile41\"]"}
RESULT: {"using":"xpath","value":"//*[@id=\"__tile41\"]"}
COMMAND: POST /session/39d2cc3d4aadadb3bd833599b4f4dfae/element/f.B301C1F41FC6B7F2328A32BBCA4D6847.d.19E6EEEE0DA040365B881387EFBA830D.e.3091/click - {}
RESULT: {}
COMMAND: GET /session/39d2cc3d4aadadb3bd833599b4f4dfae/screenshot - {}
RESULT: {}
COMMAND: POST /session/39d2cc3d4aadadb3bd833599b4f4dfae/elements - {"using":"xpath","value":"//span[text()='Error']"}
RESULT: {"using":"xpath","value":"//span[text()='Error']"}
COMMAND: POST /session/39d2cc3d4aadadb3bd833599b4f4dfae/element - {"using":"xpath","value":"//button[@data-kt=\"addNewYardOverflowToolbarButton\"]"}
RESULT: {"using":"xpath","value":"//button[@data-kt=\"addNewYardOverflowToolbarButton\"]"}
COMMAND: POST /session/39d2cc3d4aadadb3bd833599b4f4dfae/elements - {"using":"xpath","value":"//button[@data-kt=\"addNewYardOverflowToolbarButton\"]"}
RESULT: {"using":"xpath","value":"//button[@data-kt=\"addNewYardOverflowToolbarButton\"]"}
COMMAND: POST /session/39d2cc3d4aadadb3bd833599b4f4dfae/execute/sync - {"script":"<script> [8489 bytes]","args":[{"element-6066-11e4-a52e-4f735466cecf":"f.B301C1F41FC6B7F2328A32BBCA4D6847.d.19E6EEEE0DA040365B881387EFBA830D.e.3239","ELEMENT":"f.B301C1F41FC6B7F2328A32BBCA4D6847.d.19E6EEEE0DA040365B881387EFBA830D.e.3239"}]}
RESULT: {"script":"<script> [8489 bytes]","args":[{"element-6066-11e4-a52e-4f735466cecf":"f.B301C1F41FC6B7F2328A32BBCA4D6847.d.19E6EEEE0DA040365B881387EFBA830D.e.3239","ELEMENT":"f.B301C1F41FC6B7F2328A32BBCA4D6847.d.19E6EEEE0DA040365B881387EFBA830D.e.3239"}]}
COMMAND: GET /session/39d2cc3d4aadadb3bd833599b4f4dfae/element/f.B301C1F41FC6B7F2328A32BBCA4D6847.d.19E6EEEE0DA040365B881387EFBA830D.e.3239/enabled - {}
COMMAND: GET /session/39d2cc3d4aadadb3bd833599b4f4dfae/screenshot - {}
RESULT: {}
COMMAND: POST /session/39d2cc3d4aadadb3bd833599b4f4dfae/execute/sync - {"script":"<script> [8489 bytes]","args":[{"element-6066-11e4-a52e-4f735466cecf":"f.B301C1F41FC6B7F2328A32BBCA4D6847.d.19E6EEEE0DA040365B881387EFBA830D.e.3239","ELEMENT":"f.B301C1F41FC6B7F2328A32BBCA4D6847.d.19E6EEEE0DA040365B881387EFBA830D.e.3239"}]}
COMMAND: GET /session/39d2cc3d4aadadb3bd833599b4f4dfae/screenshot - {}
RESULT: {}
RESULT: {"script":"<script> [8489 bytes]","args":[{"element-6066-11e4-a52e-4f735466cecf":"f.B301C1F41FC6B7F2328A32BBCA4D6847.d.19E6EEEE0DA040365B881387EFBA830D.e.3239","ELEMENT":"f.B301C1F41FC6B7F2328A32BBCA4D6847.d.19E6EEEE0DA040365B881387EFBA830D.e.3239"}]}
COMMAND: POST /session/39d2cc3d4aadadb3bd833599b4f4dfae/execute/sync - {"script":"<script> [5351 bytes]","args":[{"element-6066-11e4-a52e-4f735466cecf":"f.B301C1F41FC6B7F2328A32BBCA4D6847.d.19E6EEEE0DA040365B881387EFBA830D.e.3239","ELEMENT":"f.B301C1F41FC6B7F2328A32BBCA4D6847.d.19E6EEEE0DA040365B881387EFBA830D.e.3239"}]}
COMMAND: GET /session/39d2cc3d4aadadb3bd833599b4f4dfae/screenshot - {}
RESULT: {}
RESULT: {"script":"<script> [5351 bytes]","args":[{"element-6066-11e4-a52e-4f735466cecf":"f.B301C1F41FC6B7F2328A32BBCA4D6847.d.19E6EEEE0DA040365B881387EFBA830D.e.3239","ELEMENT":"f.B301C1F41FC6B7F2328A32BBCA4D6847.d.19E6EEEE0DA040365B881387EFBA830D.e.3239"}]}
COMMAND: POST /session/39d2cc3d4aadadb3bd833599b4f4dfae/element/f.B301C1F41FC6B7F2328A32BBCA4D6847.d.19E6EEEE0DA040365B881387EFBA830D.e.3239/click - {}
COMMAND: GET /session/39d2cc3d4aadadb3bd833599b4f4dfae/screenshot - {}
RESULT: {}
RESULT: {}
COMMAND: GET /session/39d2cc3d4aadadb3bd833599b4f4dfae/screenshot - {}
RESULT: {}
RESULT: {}
COMMAND: POST /session/39d2cc3d4aadadb3bd833599b4f4dfae/element - {"using":"xpath","value":"//input[@id=\"application-manageyards-display-component---NewYard--yardId-inner\"]"}
RESULT: {"using":"xpath","value":"//input[@id=\"application-manageyards-display-component---NewYard--yardId-inner\"]"}
COMMAND: POST /session/39d2cc3d4aadadb3bd833599b4f4dfae/element - {"using":"xpath","value":"//input[@id=\"application-manageyards-display-component---NewYard--yardId-inner\"]"}
RESULT: {"using":"xpath","value":"//input[@id=\"application-manageyards-display-component---NewYard--yardId-inner\"]"}
COMMAND: POST /session/39d2cc3d4aadadb3bd833599b4f4dfae/execute/async - {"script":"<script> [1562 bytes]","args":[{"selector":{"id":"application-manageyards-display-component---NewYard--addressDetailDetailsName1","interaction":{"idSuffix":"inner"}},"wdio_ui5_key":"applicationmanageyards-display-component---NewYard--addressDetailDetailsName1"}]}
RESULT: {"script":"<script> [1562 bytes]","args":[{"selector":{"id":"application-manageyards-display-component---NewYard--addressDetailDetailsName1","interaction":{"idSuffix":"inner"}},"wdio_ui5_key":"applicationmanageyards-display-component---NewYard--addressDetailDetailsName1"}]}
RESULT: undefined
COMMAND: POST /session/39d2cc3d4aadadb3bd833599b4f4dfae/execute/async - {"script":"<script> [776 bytes]","args":[{"enterText":"Intracompany Yard wdIO","selector":{"id":"application-manageyards-display-component---NewYard--addressDetailDetailsName1","interaction":{"idSuffix":"inner"}},"clearTextFirst":true,"interactionType":"ENTER_TEXT"}]}
RESULT: {"script":"<script> [776 bytes]","args":[{"enterText":"Intracompany Yard wdIO","selector":{"id":"application-manageyards-display-component---NewYard--addressDetailDetailsName1","interaction":{"idSuffix":"inner"}},"clearTextFirst":true,"interactionType":"ENTER_TEXT"}]}
COMMAND: POST /session/39d2cc3d4aadadb3bd833599b4f4dfae/execute/async - {"script":"<script> [1562 bytes]","args":[{"selector":{"id":"application-manageyards-display-component---NewYard--addressDetailDetailsLanguage-arrow"},"wdio_ui5_key":"applicationmanageyards-display-component---NewYard--addressDetailDetailsLanguage-arrow"}]}
RESULT: {"script":"<script> [1562 bytes]","args":[{"selector":{"id":"application-manageyards-display-component---NewYard--addressDetailDetailsLanguage-arrow"},"wdio_ui5_key":"applicationmanageyards-display-component---NewYard--addressDetailDetailsLanguage-arrow"}]}
RESULT: undefined
COMMAND: POST /session/39d2cc3d4aadadb3bd833599b4f4dfae/element - {"using":"xpath","value":"//*[@id=\"application-manageyards-display-component---NewYard--addressDetailDetailsLanguage-arrow\"]"}
RESULT: {"using":"xpath","value":"//*[@id=\"application-manageyards-display-component---NewYard--addressDetailDetailsLanguage-arrow\"]"}
COMMAND: POST /session/39d2cc3d4aadadb3bd833599b4f4dfae/element/f.B301C1F41FC6B7F2328A32BBCA4D6847.d.19E6EEEE0DA040365B881387EFBA830D.e.3669/click - {}
RESULT: {}
COMMAND: POST /session/39d2cc3d4aadadb3bd833599b4f4dfae/element - {"using":"xpath","value":"//span[contains(text(), \"English\")]"}
COMMAND: GET /session/39d2cc3d4aadadb3bd833599b4f4dfae/screenshot - {}
RESULT: {"using":"xpath","value":"//span[contains(text(), \"English\")]"}
COMMAND: POST /session/39d2cc3d4aadadb3bd833599b4f4dfae/element/f.B301C1F41FC6B7F2328A32BBCA4D6847.d.19E6EEEE0DA040365B881387EFBA830D.e.3670/click - {}
RESULT: {}
RESULT: {}
COMMAND: POST /session/39d2cc3d4aadadb3bd833599b4f4dfae/execute/async - {"script":"<script> [1562 bytes]","args":[{"selector":{"id":"application-manageyards-display-component---NewYard--addressDetailDetailsCity1","interaction":{"idSuffix":"inner"}},"wdio_ui5_key":"applicationmanageyards-display-component---NewYard--addressDetailDetailsCity1"}]}
COMMAND: GET /session/39d2cc3d4aadadb3bd833599b4f4dfae/screenshot - {}
RESULT: {"script":"<script> [1562 bytes]","args":[{"selector":{"id":"application-manageyards-display-component---NewYard--addressDetailDetailsCity1","interaction":{"idSuffix":"inner"}},"wdio_ui5_key":"applicationmanageyards-display-component---NewYard--addressDetailDetailsCity1"}]}
RESULT: undefined
COMMAND: POST /session/39d2cc3d4aadadb3bd833599b4f4dfae/execute/async - {"script":"<script> [776 bytes]","args":[{"enterText":"Rosario","selector":{"id":"application-manageyards-display-component---NewYard--addressDetailDetailsCity1","interaction":{"idSuffix":"inner"}},"clearTextFirst":true,"interactionType":"ENTER_TEXT"}]}
RESULT: {}
RESULT: {"script":"<script> [776 bytes]","args":[{"enterText":"Rosario","selector":{"id":"application-manageyards-display-component---NewYard--addressDetailDetailsCity1","interaction":{"idSuffix":"inner"}},"clearTextFirst":true,"interactionType":"ENTER_TEXT"}]}
COMMAND: POST /session/39d2cc3d4aadadb3bd833599b4f4dfae/execute/async - {"script":"<script> [1562 bytes]","args":[{"selector":{"id":"application-manageyards-display-component---NewYard--addressDetailDetailsCountry-arrow"},"wdio_ui5_key":"applicationmanageyards-display-component---NewYard--addressDetailDetailsCountry-arrow"}]}
RESULT: {"script":"<script> [1562 bytes]","args":[{"selector":{"id":"application-manageyards-display-component---NewYard--addressDetailDetailsCountry-arrow"},"wdio_ui5_key":"applicationmanageyards-display-component---NewYard--addressDetailDetailsCountry-arrow"}]}
RESULT: undefined
COMMAND: POST /session/39d2cc3d4aadadb3bd833599b4f4dfae/element - {"using":"xpath","value":"//*[@id=\"application-manageyards-display-component---NewYard--addressDetailDetailsCountry-arrow\"]"}
RESULT: {"using":"xpath","value":"//*[@id=\"application-manageyards-display-component---NewYard--addressDetailDetailsCountry-arrow\"]"}
COMMAND: POST /session/39d2cc3d4aadadb3bd833599b4f4dfae/element/f.B301C1F41FC6B7F2328A32BBCA4D6847.d.19E6EEEE0DA040365B881387EFBA830D.e.3672/click - {}
RESULT: {}
COMMAND: POST /session/39d2cc3d4aadadb3bd833599b4f4dfae/element - {"using":"xpath","value":"//span[contains(text(), \"Argentina\")]"}
COMMAND: GET /session/39d2cc3d4aadadb3bd833599b4f4dfae/screenshot - {}
RESULT: {"using":"xpath","value":"//span[contains(text(), \"Argentina\")]"}
COMMAND: POST /session/39d2cc3d4aadadb3bd833599b4f4dfae/element/f.B301C1F41FC6B7F2328A32BBCA4D6847.d.19E6EEEE0DA040365B881387EFBA830D.e.3673/click - {}
RESULT: {}
RESULT: {}
COMMAND: POST /session/39d2cc3d4aadadb3bd833599b4f4dfae/execute/async - {"script":"<script> [1562 bytes]","args":[{"selector":{"id":"application-manageyards-display-component---NewYard--addressEditDetailsCostObjectCstType-arrow"},"wdio_ui5_key":"applicationmanageyards-display-component---NewYard--addressEditDetailsCostObjectCstType-arrow"}]}
COMMAND: GET /session/39d2cc3d4aadadb3bd833599b4f4dfae/screenshot - {}
RESULT: {"script":"<script> [1562 bytes]","args":[{"selector":{"id":"application-manageyards-display-component---NewYard--addressEditDetailsCostObjectCstType-arrow"},"wdio_ui5_key":"applicationmanageyards-display-component---NewYard--addressEditDetailsCostObjectCstType-arrow"}]}
RESULT: undefined
COMMAND: POST /session/39d2cc3d4aadadb3bd833599b4f4dfae/element - {"using":"xpath","value":"//*[@id=\"application-manageyards-display-component---NewYard--addressEditDetailsCostObjectCstType-arrow\"]"}
RESULT: {}
RESULT: {"using":"xpath","value":"//*[@id=\"application-manageyards-display-component---NewYard--addressEditDetailsCostObjectCstType-arrow\"]"}
COMMAND: POST /session/39d2cc3d4aadadb3bd833599b4f4dfae/element/f.B301C1F41FC6B7F2328A32BBCA4D6847.d.19E6EEEE0DA040365B881387EFBA830D.e.3675/click - {}
RESULT: {}
COMMAND: POST /session/39d2cc3d4aadadb3bd833599b4f4dfae/element - {"using":"xpath","value":"//span[contains(text(), \"Cost Center\")]"}
COMMAND: GET /session/39d2cc3d4aadadb3bd833599b4f4dfae/screenshot - {}
RESULT: {"using":"xpath","value":"//span[contains(text(), \"Cost Center\")]"}
COMMAND: POST /session/39d2cc3d4aadadb3bd833599b4f4dfae/element/f.B301C1F41FC6B7F2328A32BBCA4D6847.d.19E6EEEE0DA040365B881387EFBA830D.e.3676/click - {}
RESULT: {}
RESULT: {}
COMMAND: GET /session/39d2cc3d4aadadb3bd833599b4f4dfae/screenshot - {}
RESULT: {}
COMMAND: POST /session/39d2cc3d4aadadb3bd833599b4f4dfae/element - {"using":"xpath","value":"//span[@id=\"application-manageyards-display-component---NewYard--addressNewCostObjectCstID-vhi\"]"}
RESULT: {"using":"xpath","value":"//span[@id=\"application-manageyards-display-component---NewYard--addressNewCostObjectCstID-vhi\"]"}
COMMAND: POST /session/39d2cc3d4aadadb3bd833599b4f4dfae/execute/sync - {"script":"<script> [8489 bytes]","args":[{"element-6066-11e4-a52e-4f735466cecf":"f.B301C1F41FC6B7F2328A32BBCA4D6847.d.19E6EEEE0DA040365B881387EFBA830D.e.3680","ELEMENT":"f.B301C1F41FC6B7F2328A32BBCA4D6847.d.19E6EEEE0DA040365B881387EFBA830D.e.3680"}]}
RESULT: {"script":"<script> [8489 bytes]","args":[{"element-6066-11e4-a52e-4f735466cecf":"f.B301C1F41FC6B7F2328A32BBCA4D6847.d.19E6EEEE0DA040365B881387EFBA830D.e.3680","ELEMENT":"f.B301C1F41FC6B7F2328A32BBCA4D6847.d.19E6EEEE0DA040365B881387EFBA830D.e.3680"}]}
COMMAND: POST /session/39d2cc3d4aadadb3bd833599b4f4dfae/execute/async - {"script":"<script> [1562 bytes]","args":[{"selector":{"id":"application-manageyards-display-component---NewYard--addressNewCostObjectCstID-vhi"},"wdio_ui5_key":"applicationmanageyards-display-component---NewYard--addressNewCostObjectCstID-vhi"}]}
COMMAND: GET /session/39d2cc3d4aadadb3bd833599b4f4dfae/screenshot - {}
RESULT: {"script":"<script> [1562 bytes]","args":[{"selector":{"id":"application-manageyards-display-component---NewYard--addressNewCostObjectCstID-vhi"},"wdio_ui5_key":"applicationmanageyards-display-component---NewYard--addressNewCostObjectCstID-vhi"}]}
RESULT: undefined
COMMAND: POST /session/39d2cc3d4aadadb3bd833599b4f4dfae/element - {"using":"xpath","value":"//*[@id=\"application-manageyards-display-component---NewYard--addressNewCostObjectCstID-vhi\"]"}
RESULT: {}
RESULT: {"using":"xpath","value":"//*[@id=\"application-manageyards-display-component---NewYard--addressNewCostObjectCstID-vhi\"]"}
COMMAND: POST /session/39d2cc3d4aadadb3bd833599b4f4dfae/element/f.B301C1F41FC6B7F2328A32BBCA4D6847.d.19E6EEEE0DA040365B881387EFBA830D.e.3680/click - {}
RESULT: {}
COMMAND: GET /session/39d2cc3d4aadadb3bd833599b4f4dfae/screenshot - {}
RESULT: {}
COMMAND: POST /session/39d2cc3d4aadadb3bd833599b4f4dfae/execute/async - {"script":"<script> [1562 bytes]","args":[{"selector":{"controlType":"sap.m.SearchField","properties":{"placeholder":"Search"},"searchOpenDialogs":true,"interaction":{"idSuffix":"I"}},"wdio_ui5_key":"sapm.SearchField{\"placeholder\":\"Search\"}"}]}
RESULT: {"script":"<script> [1562 bytes]","args":[{"selector":{"controlType":"sap.m.SearchField","properties":{"placeholder":"Search"},"searchOpenDialogs":true,"interaction":{"idSuffix":"I"}},"wdio_ui5_key":"sapm.SearchField{\"placeholder\":\"Search\"}"}]}
RESULT: undefined
COMMAND: POST /session/39d2cc3d4aadadb3bd833599b4f4dfae/execute/async - {"script":"<script> [776 bytes]","args":[{"enterText":"bauh_b","selector":{"controlType":"sap.m.SearchField","properties":{"placeholder":"Search"},"searchOpenDialogs":true,"interaction":{"idSuffix":"I"}},"clearTextFirst":true,"interactionType":"ENTER_TEXT"}]}
RESULT: {"script":"<script> [776 bytes]","args":[{"enterText":"bauh_b","selector":{"controlType":"sap.m.SearchField","properties":{"placeholder":"Search"},"searchOpenDialogs":true,"interaction":{"idSuffix":"I"}},"clearTextFirst":true,"interactionType":"ENTER_TEXT"}]}
COMMAND: POST /session/39d2cc3d4aadadb3bd833599b4f4dfae/actions - {"actions":[{"id":"action13","type":"key","parameters":{},"actions":[{"type":"keyDown","value":"î€‡"},{"type":"pause","duration":10},{"type":"keyUp","value":"î€‡"}]}]}
RESULT: {"actions":[{"id":"action13","type":"key","parameters":{},"actions":[{"type":"keyDown","value":"î€‡"},{"type":"pause","duration":10},{"type":"keyUp","value":"î€‡"}]}]}
COMMAND: GET /session/39d2cc3d4aadadb3bd833599b4f4dfae/screenshot - {}
RESULT: {}
COMMAND: POST /session/39d2cc3d4aadadb3bd833599b4f4dfae/element - {"using":"xpath","value":"//span[contains(text(), \"Demo Yard\")]"}
RESULT: {"using":"xpath","value":"//span[contains(text(), \"Demo Yard\")]"}
COMMAND: POST /session/39d2cc3d4aadadb3bd833599b4f4dfae/element/f.B301C1F41FC6B7F2328A32BBCA4D6847.d.19E6EEEE0DA040365B881387EFBA830D.e.3722/click - {}
RESULT: {}
COMMAND: GET /session/39d2cc3d4aadadb3bd833599b4f4dfae/screenshot - {}
RESULT: {}
COMMAND: POST /session/39d2cc3d4aadadb3bd833599b4f4dfae/element - {"using":"xpath","value":"//bdi[contains(text(), \"OK\")]"}
RESULT: {"using":"xpath","value":"//bdi[contains(text(), \"OK\")]"}
COMMAND: POST /session/39d2cc3d4aadadb3bd833599b4f4dfae/element/f.B301C1F41FC6B7F2328A32BBCA4D6847.d.19E6EEEE0DA040365B881387EFBA830D.e.3723/click - {}
RESULT: {}
COMMAND: GET /session/39d2cc3d4aadadb3bd833599b4f4dfae/screenshot - {}
RESULT: {}
COMMAND: POST /session/39d2cc3d4aadadb3bd833599b4f4dfae/execute/async - {"script":"<script> [1562 bytes]","args":[{"selector":{"id":"application-manageyards-display-component---NewYard--addressEditDetailsCurrency-arrow"},"wdio_ui5_key":"applicationmanageyards-display-component---NewYard--addressEditDetailsCurrency-arrow"}]}
RESULT: {"script":"<script> [1562 bytes]","args":[{"selector":{"id":"application-manageyards-display-component---NewYard--addressEditDetailsCurrency-arrow"},"wdio_ui5_key":"applicationmanageyards-display-component---NewYard--addressEditDetailsCurrency-arrow"}]}
RESULT: undefined
COMMAND: POST /session/39d2cc3d4aadadb3bd833599b4f4dfae/element - {"using":"xpath","value":"//*[@id=\"application-manageyards-display-component---NewYard--addressEditDetailsCurrency-arrow\"]"}
RESULT: {"using":"xpath","value":"//*[@id=\"application-manageyards-display-component---NewYard--addressEditDetailsCurrency-arrow\"]"}
COMMAND: POST /session/39d2cc3d4aadadb3bd833599b4f4dfae/element/f.B301C1F41FC6B7F2328A32BBCA4D6847.d.19E6EEEE0DA040365B881387EFBA830D.e.3726/click - {}
RESULT: {}
COMMAND: POST /session/39d2cc3d4aadadb3bd833599b4f4dfae/element - {"using":"xpath","value":"//span[contains(text(), \"Euro\")]"}
COMMAND: GET /session/39d2cc3d4aadadb3bd833599b4f4dfae/screenshot - {}
RESULT: {"using":"xpath","value":"//span[contains(text(), \"Euro\")]"}
COMMAND: POST /session/39d2cc3d4aadadb3bd833599b4f4dfae/element/f.B301C1F41FC6B7F2328A32BBCA4D6847.d.19E6EEEE0DA040365B881387EFBA830D.e.3727/click - {}
RESULT: {}
RESULT: {}
COMMAND: POST /session/39d2cc3d4aadadb3bd833599b4f4dfae/execute/async - {"script":"<script> [1562 bytes]","args":[{"selector":{"controlType":"sap.m.Input","viewName":"etm.portal.ui.manageyards.view.New","viewId":"application-manageyards-display-component---NewYard","bindingPath":{"path":"","propertyPath":"/CONTROLLING_AREA","modelName":"NewYardModel"},"interaction":{"idSuffix":"inner"}},"wdio_ui5_key":"etmportal.ui.manageyards.view.Newsap.m.Input{\"path\":\"\",\"propertyPath\":\"/CONTROLLING_AREA\",\"modelName\":\"NewYardModel\"}"}]}
COMMAND: GET /session/39d2cc3d4aadadb3bd833599b4f4dfae/screenshot - {}
RESULT: {"script":"<script> [1562 bytes]","args":[{"selector":{"controlType":"sap.m.Input","viewName":"etm.portal.ui.manageyards.view.New","viewId":"application-manageyards-display-component---NewYard","bindingPath":{"path":"","propertyPath":"/CONTROLLING_AREA","modelName":"NewYardModel"},"interaction":{"idSuffix":"inner"}},"wdio_ui5_key":"etmportal.ui.manageyards.view.Newsap.m.Input{\"path\":\"\",\"propertyPath\":\"/CONTROLLING_AREA\",\"modelName\":\"NewYardModel\"}"}]}
RESULT: undefined
COMMAND: POST /session/39d2cc3d4aadadb3bd833599b4f4dfae/execute/async - {"script":"<script> [776 bytes]","args":[{"enterText":"Z001","selector":{"controlType":"sap.m.Input","viewName":"etm.portal.ui.manageyards.view.New","viewId":"application-manageyards-display-component---NewYard","bindingPath":{"path":"","propertyPath":"/CONTROLLING_AREA","modelName":"NewYardModel"},"interaction":{"idSuffix":"inner"}},"clearTextFirst":true,"interactionType":"ENTER_TEXT"}]}
RESULT: {}
RESULT: {"script":"<script> [776 bytes]","args":[{"enterText":"Z001","selector":{"controlType":"sap.m.Input","viewName":"etm.portal.ui.manageyards.view.New","viewId":"application-manageyards-display-component---NewYard","bindingPath":{"path":"","propertyPath":"/CONTROLLING_AREA","modelName":"NewYardModel"},"interaction":{"idSuffix":"inner"}},"clearTextFirst":true,"interactionType":"ENTER_TEXT"}]}
COMMAND: POST /session/39d2cc3d4aadadb3bd833599b4f4dfae/execute/async - {"script":"<script> [1562 bytes]","args":[{"selector":{"id":"application-manageyards-display-component---NewYard--companyCodeComboBox","interaction":{"idSuffix":"inner"}},"wdio_ui5_key":"applicationmanageyards-display-component---NewYard--companyCodeComboBox"}]}
RESULT: {"script":"<script> [1562 bytes]","args":[{"selector":{"id":"application-manageyards-display-component---NewYard--companyCodeComboBox","interaction":{"idSuffix":"inner"}},"wdio_ui5_key":"applicationmanageyards-display-component---NewYard--companyCodeComboBox"}]}
RESULT: undefined
COMMAND: POST /session/39d2cc3d4aadadb3bd833599b4f4dfae/execute/async - {"script":"<script> [776 bytes]","args":[{"enterText":"1000","selector":{"id":"application-manageyards-display-component---NewYard--companyCodeComboBox","interaction":{"idSuffix":"inner"}},"clearTextFirst":true,"interactionType":"ENTER_TEXT"}]}
RESULT: {"script":"<script> [776 bytes]","args":[{"enterText":"1000","selector":{"id":"application-manageyards-display-component---NewYard--companyCodeComboBox","interaction":{"idSuffix":"inner"}},"clearTextFirst":true,"interactionType":"ENTER_TEXT"}]}
COMMAND: POST /session/39d2cc3d4aadadb3bd833599b4f4dfae/execute/async - {"script":"<script> [1562 bytes]","args":[{"selector":{"controlType":"sap.m.Input","viewName":"etm.portal.ui.manageyards.view.New","viewId":"application-manageyards-display-component---NewYard","bindingPath":{"path":"","propertyPath":"/PLANT","modelName":"NewYardModel"},"interaction":{"idSuffix":"inner"}},"wdio_ui5_key":"etmportal.ui.manageyards.view.Newsap.m.Input{\"path\":\"\",\"propertyPath\":\"/PLANT\",\"modelName\":\"NewYardModel\"}"}]}
RESULT: {"script":"<script> [1562 bytes]","args":[{"selector":{"controlType":"sap.m.Input","viewName":"etm.portal.ui.manageyards.view.New","viewId":"application-manageyards-display-component---NewYard","bindingPath":{"path":"","propertyPath":"/PLANT","modelName":"NewYardModel"},"interaction":{"idSuffix":"inner"}},"wdio_ui5_key":"etmportal.ui.manageyards.view.Newsap.m.Input{\"path\":\"\",\"propertyPath\":\"/PLANT\",\"modelName\":\"NewYardModel\"}"}]}
RESULT: undefined
COMMAND: POST /session/39d2cc3d4aadadb3bd833599b4f4dfae/execute/async - {"script":"<script> [776 bytes]","args":[{"enterText":"1001","selector":{"controlType":"sap.m.Input","viewName":"etm.portal.ui.manageyards.view.New","viewId":"application-manageyards-display-component---NewYard","bindingPath":{"path":"","propertyPath":"/PLANT","modelName":"NewYardModel"},"interaction":{"idSuffix":"inner"}},"clearTextFirst":true,"interactionType":"ENTER_TEXT"}]}
RESULT: {"script":"<script> [776 bytes]","args":[{"enterText":"1001","selector":{"controlType":"sap.m.Input","viewName":"etm.portal.ui.manageyards.view.New","viewId":"application-manageyards-display-component---NewYard","bindingPath":{"path":"","propertyPath":"/PLANT","modelName":"NewYardModel"},"interaction":{"idSuffix":"inner"}},"clearTextFirst":true,"interactionType":"ENTER_TEXT"}]}
COMMAND: POST /session/39d2cc3d4aadadb3bd833599b4f4dfae/execute/async - {"script":"<script> [1562 bytes]","args":[{"selector":{"controlType":"sap.m.Input","viewName":"etm.portal.ui.manageyards.view.New","viewId":"application-manageyards-display-component---NewYard","bindingPath":{"path":"","propertyPath":"/SALES_AREA_VKORG","modelName":"NewYardModel"},"interaction":{"idSuffix":"inner"}},"wdio_ui5_key":"etmportal.ui.manageyards.view.Newsap.m.Input{\"path\":\"\",\"propertyPath\":\"/SALES_AREA_VKORG\",\"modelName\":\"NewYardModel\"}"}]}
RESULT: {"script":"<script> [1562 bytes]","args":[{"selector":{"controlType":"sap.m.Input","viewName":"etm.portal.ui.manageyards.view.New","viewId":"application-manageyards-display-component---NewYard","bindingPath":{"path":"","propertyPath":"/SALES_AREA_VKORG","modelName":"NewYardModel"},"interaction":{"idSuffix":"inner"}},"wdio_ui5_key":"etmportal.ui.manageyards.view.Newsap.m.Input{\"path\":\"\",\"propertyPath\":\"/SALES_AREA_VKORG\",\"modelName\":\"NewYardModel\"}"}]}
RESULT: undefined
COMMAND: POST /session/39d2cc3d4aadadb3bd833599b4f4dfae/execute/async - {"script":"<script> [776 bytes]","args":[{"enterText":"C002","selector":{"controlType":"sap.m.Input","viewName":"etm.portal.ui.manageyards.view.New","viewId":"application-manageyards-display-component---NewYard","bindingPath":{"path":"","propertyPath":"/SALES_AREA_VKORG","modelName":"NewYardModel"},"interaction":{"idSuffix":"inner"}},"clearTextFirst":true,"interactionType":"ENTER_TEXT"}]}
RESULT: {"script":"<script> [776 bytes]","args":[{"enterText":"C002","selector":{"controlType":"sap.m.Input","viewName":"etm.portal.ui.manageyards.view.New","viewId":"application-manageyards-display-component---NewYard","bindingPath":{"path":"","propertyPath":"/SALES_AREA_VKORG","modelName":"NewYardModel"},"interaction":{"idSuffix":"inner"}},"clearTextFirst":true,"interactionType":"ENTER_TEXT"}]}
COMMAND: POST /session/39d2cc3d4aadadb3bd833599b4f4dfae/execute/async - {"script":"<script> [1562 bytes]","args":[{"selector":{"controlType":"sap.m.Input","viewName":"etm.portal.ui.manageyards.view.New","viewId":"application-manageyards-display-component---NewYard","bindingPath":{"path":"","propertyPath":"/SALES_AREA_VTWEG","modelName":"NewYardModel"},"interaction":{"idSuffix":"inner"}},"wdio_ui5_key":"etmportal.ui.manageyards.view.Newsap.m.Input{\"path\":\"\",\"propertyPath\":\"/SALES_AREA_VTWEG\",\"modelName\":\"NewYardModel\"}"}]}
RESULT: {"script":"<script> [1562 bytes]","args":[{"selector":{"controlType":"sap.m.Input","viewName":"etm.portal.ui.manageyards.view.New","viewId":"application-manageyards-display-component---NewYard","bindingPath":{"path":"","propertyPath":"/SALES_AREA_VTWEG","modelName":"NewYardModel"},"interaction":{"idSuffix":"inner"}},"wdio_ui5_key":"etmportal.ui.manageyards.view.Newsap.m.Input{\"path\":\"\",\"propertyPath\":\"/SALES_AREA_VTWEG\",\"modelName\":\"NewYardModel\"}"}]}
RESULT: undefined
COMMAND: POST /session/39d2cc3d4aadadb3bd833599b4f4dfae/execute/async - {"script":"<script> [776 bytes]","args":[{"enterText":"C2","selector":{"controlType":"sap.m.Input","viewName":"etm.portal.ui.manageyards.view.New","viewId":"application-manageyards-display-component---NewYard","bindingPath":{"path":"","propertyPath":"/SALES_AREA_VTWEG","modelName":"NewYardModel"},"interaction":{"idSuffix":"inner"}},"clearTextFirst":true,"interactionType":"ENTER_TEXT"}]}
RESULT: {"script":"<script> [776 bytes]","args":[{"enterText":"C2","selector":{"controlType":"sap.m.Input","viewName":"etm.portal.ui.manageyards.view.New","viewId":"application-manageyards-display-component---NewYard","bindingPath":{"path":"","propertyPath":"/SALES_AREA_VTWEG","modelName":"NewYardModel"},"interaction":{"idSuffix":"inner"}},"clearTextFirst":true,"interactionType":"ENTER_TEXT"}]}
COMMAND: POST /session/39d2cc3d4aadadb3bd833599b4f4dfae/execute/async - {"script":"<script> [1562 bytes]","args":[{"selector":{"controlType":"sap.m.Input","viewName":"etm.portal.ui.manageyards.view.New","viewId":"application-manageyards-display-component---NewYard","bindingPath":{"path":"","propertyPath":"/SALES_AREA_SPART","modelName":"NewYardModel"},"interaction":{"idSuffix":"inner"}},"wdio_ui5_key":"etmportal.ui.manageyards.view.Newsap.m.Input{\"path\":\"\",\"propertyPath\":\"/SALES_AREA_SPART\",\"modelName\":\"NewYardModel\"}"}]}
RESULT: {"script":"<script> [1562 bytes]","args":[{"selector":{"controlType":"sap.m.Input","viewName":"etm.portal.ui.manageyards.view.New","viewId":"application-manageyards-display-component---NewYard","bindingPath":{"path":"","propertyPath":"/SALES_AREA_SPART","modelName":"NewYardModel"},"interaction":{"idSuffix":"inner"}},"wdio_ui5_key":"etmportal.ui.manageyards.view.Newsap.m.Input{\"path\":\"\",\"propertyPath\":\"/SALES_AREA_SPART\",\"modelName\":\"NewYardModel\"}"}]}
RESULT: undefined
COMMAND: POST /session/39d2cc3d4aadadb3bd833599b4f4dfae/execute/async - {"script":"<script> [776 bytes]","args":[{"enterText":"C2","selector":{"controlType":"sap.m.Input","viewName":"etm.portal.ui.manageyards.view.New","viewId":"application-manageyards-display-component---NewYard","bindingPath":{"path":"","propertyPath":"/SALES_AREA_SPART","modelName":"NewYardModel"},"interaction":{"idSuffix":"inner"}},"clearTextFirst":true,"interactionType":"ENTER_TEXT"}]}
RESULT: {"script":"<script> [776 bytes]","args":[{"enterText":"C2","selector":{"controlType":"sap.m.Input","viewName":"etm.portal.ui.manageyards.view.New","viewId":"application-manageyards-display-component---NewYard","bindingPath":{"path":"","propertyPath":"/SALES_AREA_SPART","modelName":"NewYardModel"},"interaction":{"idSuffix":"inner"}},"clearTextFirst":true,"interactionType":"ENTER_TEXT"}]}
COMMAND: POST /session/39d2cc3d4aadadb3bd833599b4f4dfae/execute/async - {"script":"<script> [1562 bytes]","args":[{"selector":{"controlType":"sap.m.Input","viewName":"etm.portal.ui.manageyards.view.New","viewId":"application-manageyards-display-component---NewYard","bindingPath":{"path":"","propertyPath":"/SHIP_POINT","modelName":"NewYardModel"},"interaction":{"idSuffix":"inner"}},"wdio_ui5_key":"etmportal.ui.manageyards.view.Newsap.m.Input{\"path\":\"\",\"propertyPath\":\"/SHIP_POINT\",\"modelName\":\"NewYardModel\"}"}]}
RESULT: {"script":"<script> [1562 bytes]","args":[{"selector":{"controlType":"sap.m.Input","viewName":"etm.portal.ui.manageyards.view.New","viewId":"application-manageyards-display-component---NewYard","bindingPath":{"path":"","propertyPath":"/SHIP_POINT","modelName":"NewYardModel"},"interaction":{"idSuffix":"inner"}},"wdio_ui5_key":"etmportal.ui.manageyards.view.Newsap.m.Input{\"path\":\"\",\"propertyPath\":\"/SHIP_POINT\",\"modelName\":\"NewYardModel\"}"}]}
RESULT: undefined
COMMAND: POST /session/39d2cc3d4aadadb3bd833599b4f4dfae/execute/async - {"script":"<script> [776 bytes]","args":[{"enterText":"1710","selector":{"controlType":"sap.m.Input","viewName":"etm.portal.ui.manageyards.view.New","viewId":"application-manageyards-display-component---NewYard","bindingPath":{"path":"","propertyPath":"/SHIP_POINT","modelName":"NewYardModel"},"interaction":{"idSuffix":"inner"}},"clearTextFirst":true,"interactionType":"ENTER_TEXT"}]}
RESULT: {"script":"<script> [776 bytes]","args":[{"enterText":"1710","selector":{"controlType":"sap.m.Input","viewName":"etm.portal.ui.manageyards.view.New","viewId":"application-manageyards-display-component---NewYard","bindingPath":{"path":"","propertyPath":"/SHIP_POINT","modelName":"NewYardModel"},"interaction":{"idSuffix":"inner"}},"clearTextFirst":true,"interactionType":"ENTER_TEXT"}]}
COMMAND: POST /session/39d2cc3d4aadadb3bd833599b4f4dfae/execute/async - {"script":"<script> [1562 bytes]","args":[{"selector":{"controlType":"sap.m.Input","viewName":"etm.portal.ui.manageyards.view.New","viewId":"application-manageyards-display-component---NewYard","bindingPath":{"path":"","propertyPath":"/DELIVERY_TYPE","modelName":"NewYardModel"},"interaction":{"idSuffix":"inner"}},"wdio_ui5_key":"etmportal.ui.manageyards.view.Newsap.m.Input{\"path\":\"\",\"propertyPath\":\"/DELIVERY_TYPE\",\"modelName\":\"NewYardModel\"}"}]}
RESULT: {"script":"<script> [1562 bytes]","args":[{"selector":{"controlType":"sap.m.Input","viewName":"etm.portal.ui.manageyards.view.New","viewId":"application-manageyards-display-component---NewYard","bindingPath":{"path":"","propertyPath":"/DELIVERY_TYPE","modelName":"NewYardModel"},"interaction":{"idSuffix":"inner"}},"wdio_ui5_key":"etmportal.ui.manageyards.view.Newsap.m.Input{\"path\":\"\",\"propertyPath\":\"/DELIVERY_TYPE\",\"modelName\":\"NewYardModel\"}"}]}
RESULT: undefined
COMMAND: POST /session/39d2cc3d4aadadb3bd833599b4f4dfae/execute/async - {"script":"<script> [776 bytes]","args":[{"enterText":"ZL01","selector":{"controlType":"sap.m.Input","viewName":"etm.portal.ui.manageyards.view.New","viewId":"application-manageyards-display-component---NewYard","bindingPath":{"path":"","propertyPath":"/DELIVERY_TYPE","modelName":"NewYardModel"},"interaction":{"idSuffix":"inner"}},"clearTextFirst":true,"interactionType":"ENTER_TEXT"}]}
RESULT: {"script":"<script> [776 bytes]","args":[{"enterText":"ZL01","selector":{"controlType":"sap.m.Input","viewName":"etm.portal.ui.manageyards.view.New","viewId":"application-manageyards-display-component---NewYard","bindingPath":{"path":"","propertyPath":"/DELIVERY_TYPE","modelName":"NewYardModel"},"interaction":{"idSuffix":"inner"}},"clearTextFirst":true,"interactionType":"ENTER_TEXT"}]}
COMMAND: POST /session/39d2cc3d4aadadb3bd833599b4f4dfae/execute/async - {"script":"<script> [1562 bytes]","args":[{"selector":{"controlType":"sap.m.Input","viewName":"etm.portal.ui.manageyards.view.New","viewId":"application-manageyards-display-component---NewYard","bindingPath":{"path":"","propertyPath":"/AUART","modelName":"NewYardModel"},"interaction":{"idSuffix":"inner"}},"wdio_ui5_key":"etmportal.ui.manageyards.view.Newsap.m.Input{\"path\":\"\",\"propertyPath\":\"/AUART\",\"modelName\":\"NewYardModel\"}"}]}
RESULT: {"script":"<script> [1562 bytes]","args":[{"selector":{"controlType":"sap.m.Input","viewName":"etm.portal.ui.manageyards.view.New","viewId":"application-manageyards-display-component---NewYard","bindingPath":{"path":"","propertyPath":"/AUART","modelName":"NewYardModel"},"interaction":{"idSuffix":"inner"}},"wdio_ui5_key":"etmportal.ui.manageyards.view.Newsap.m.Input{\"path\":\"\",\"propertyPath\":\"/AUART\",\"modelName\":\"NewYardModel\"}"}]}
RESULT: undefined
COMMAND: POST /session/39d2cc3d4aadadb3bd833599b4f4dfae/execute/async - {"script":"<script> [776 bytes]","args":[{"enterText":"TA","selector":{"controlType":"sap.m.Input","viewName":"etm.portal.ui.manageyards.view.New","viewId":"application-manageyards-display-component---NewYard","bindingPath":{"path":"","propertyPath":"/AUART","modelName":"NewYardModel"},"interaction":{"idSuffix":"inner"}},"clearTextFirst":true,"interactionType":"ENTER_TEXT"}]}
RESULT: {"script":"<script> [776 bytes]","args":[{"enterText":"TA","selector":{"controlType":"sap.m.Input","viewName":"etm.portal.ui.manageyards.view.New","viewId":"application-manageyards-display-component---NewYard","bindingPath":{"path":"","propertyPath":"/AUART","modelName":"NewYardModel"},"interaction":{"idSuffix":"inner"}},"clearTextFirst":true,"interactionType":"ENTER_TEXT"}]}
COMMAND: POST /session/39d2cc3d4aadadb3bd833599b4f4dfae/element - {"using":"xpath","value":"//button[@data-kt=\"newYardSaveButton\"]"}
RESULT: {"using":"xpath","value":"//button[@data-kt=\"newYardSaveButton\"]"}
COMMAND: POST /session/39d2cc3d4aadadb3bd833599b4f4dfae/element/f.B301C1F41FC6B7F2328A32BBCA4D6847.d.19E6EEEE0DA040365B881387EFBA830D.e.3629/click - {}
RESULT: {}
COMMAND: GET /session/39d2cc3d4aadadb3bd833599b4f4dfae/screenshot - {}
RESULT: {}
COMMAND: POST /session/39d2cc3d4aadadb3bd833599b4f4dfae/element - {"using":"xpath","value":"//header[contains(@id, 'ObjectPageLayout-headerTitle')]/div[1]/div[2]/div[1]/span[1]"}
RESULT: {"using":"xpath","value":"//header[contains(@id, 'ObjectPageLayout-headerTitle')]/div[1]/div[2]/div[1]/span[1]"}
COMMAND: POST /session/39d2cc3d4aadadb3bd833599b4f4dfae/elements - {"using":"xpath","value":"//header[contains(@id, 'ObjectPageLayout-headerTitle')]/div[1]/div[2]/div[1]/span[1]"}
RESULT: {"using":"xpath","value":"//header[contains(@id, 'ObjectPageLayout-headerTitle')]/div[1]/div[2]/div[1]/span[1]"}
COMMAND: POST /session/39d2cc3d4aadadb3bd833599b4f4dfae/execute/sync - {"script":"<script> [56 bytes]","args":[{"element-6066-11e4-a52e-4f735466cecf":"f.B301C1F41FC6B7F2328A32BBCA4D6847.d.19E6EEEE0DA040365B881387EFBA830D.e.3951","ELEMENT":"f.B301C1F41FC6B7F2328A32BBCA4D6847.d.19E6EEEE0DA040365B881387EFBA830D.e.3951"}]}
RESULT: {"script":"<script> [56 bytes]","args":[{"element-6066-11e4-a52e-4f735466cecf":"f.B301C1F41FC6B7F2328A32BBCA4D6847.d.19E6EEEE0DA040365B881387EFBA830D.e.3951","ELEMENT":"f.B301C1F41FC6B7F2328A32BBCA4D6847.d.19E6EEEE0DA040365B881387EFBA830D.e.3951"}]}
COMMAND: GET /session/39d2cc3d4aadadb3bd833599b4f4dfae/screenshot - {}
RESULT: {}
COMMAND: POST /session/39d2cc3d4aadadb3bd833599b4f4dfae/element - {"using":"css selector","value":"#shell-header-logo"}
RESULT: {"using":"css selector","value":"#shell-header-logo"}
COMMAND: POST /session/39d2cc3d4aadadb3bd833599b4f4dfae/element/f.B301C1F41FC6B7F2328A32BBCA4D6847.d.19E6EEEE0DA040365B881387EFBA830D.e.3197/click - {}
RESULT: {}
COMMAND: GET /session/39d2cc3d4aadadb3bd833599b4f4dfae/screenshot - {}
RESULT: {}
COMMAND: POST /session/39d2cc3d4aadadb3bd833599b4f4dfae/execute/sync - {"script":"<script> [299 bytes]","args":[["getModel","getResource"]]}
RESULT: {"script":"<script> [299 bytes]","args":[["getModel","getResource"]]}
COMMAND: GET /session/39d2cc3d4aadadb3bd833599b4f4dfae/screenshot - {}
]]></system-out>
    </testcase>
    <testcase classname="chrome.136_0_7103_93.windows.Billing_Transfer_-_Intracompany_US127249" name="Should create a new partner" time="129.641">
      <system-out><![CDATA[
COMMAND: POST /session/39d2cc3d4aadadb3bd833599b4f4dfae/window/fullscreen - {}
RESULT: {}
RESULT: {}
COMMAND: POST /session/39d2cc3d4aadadb3bd833599b4f4dfae/execute/async - {"script":"<script> [1562 bytes]","args":[{"selector":{"controlType":"sap.m.GenericTile","properties":{"header":"Manage Partners"}},"wdio_ui5_key":"sapm.GenericTile{\"header\":\"Manage Partners\"}"}]}
RESULT: {"script":"<script> [1562 bytes]","args":[{"selector":{"controlType":"sap.m.GenericTile","properties":{"header":"Manage Partners"}},"wdio_ui5_key":"sapm.GenericTile{\"header\":\"Manage Partners\"}"}]}
RESULT: undefined
COMMAND: POST /session/39d2cc3d4aadadb3bd833599b4f4dfae/element - {"using":"xpath","value":"//*[@id=\"__tile38\"]"}
RESULT: {"using":"xpath","value":"//*[@id=\"__tile38\"]"}
COMMAND: POST /session/39d2cc3d4aadadb3bd833599b4f4dfae/element/f.B301C1F41FC6B7F2328A32BBCA4D6847.d.19E6EEEE0DA040365B881387EFBA830D.e.3082/click - {}
RESULT: {}
COMMAND: GET /session/39d2cc3d4aadadb3bd833599b4f4dfae/screenshot - {}
RESULT: {}
COMMAND: POST /session/39d2cc3d4aadadb3bd833599b4f4dfae/elements - {"using":"xpath","value":"//span[text()='Error']"}
RESULT: {"using":"xpath","value":"//span[text()='Error']"}
COMMAND: POST /session/39d2cc3d4aadadb3bd833599b4f4dfae/element - {"using":"xpath","value":"//button[@data-kt=\"addButton\"]"}
RESULT: {"using":"xpath","value":"//button[@data-kt=\"addButton\"]"}
COMMAND: POST /session/39d2cc3d4aadadb3bd833599b4f4dfae/elements - {"using":"xpath","value":"//button[@data-kt=\"addButton\"]"}
RESULT: {"using":"xpath","value":"//button[@data-kt=\"addButton\"]"}
COMMAND: POST /session/39d2cc3d4aadadb3bd833599b4f4dfae/execute/sync - {"script":"<script> [8489 bytes]","args":[{"element-6066-11e4-a52e-4f735466cecf":"f.B301C1F41FC6B7F2328A32BBCA4D6847.d.19E6EEEE0DA040365B881387EFBA830D.e.3998","ELEMENT":"f.B301C1F41FC6B7F2328A32BBCA4D6847.d.19E6EEEE0DA040365B881387EFBA830D.e.3998"}]}
RESULT: {"script":"<script> [8489 bytes]","args":[{"element-6066-11e4-a52e-4f735466cecf":"f.B301C1F41FC6B7F2328A32BBCA4D6847.d.19E6EEEE0DA040365B881387EFBA830D.e.3998","ELEMENT":"f.B301C1F41FC6B7F2328A32BBCA4D6847.d.19E6EEEE0DA040365B881387EFBA830D.e.3998"}]}
COMMAND: GET /session/39d2cc3d4aadadb3bd833599b4f4dfae/element/f.B301C1F41FC6B7F2328A32BBCA4D6847.d.19E6EEEE0DA040365B881387EFBA830D.e.3998/enabled - {}
COMMAND: GET /session/39d2cc3d4aadadb3bd833599b4f4dfae/screenshot - {}
RESULT: {}
COMMAND: POST /session/39d2cc3d4aadadb3bd833599b4f4dfae/execute/sync - {"script":"<script> [8489 bytes]","args":[{"element-6066-11e4-a52e-4f735466cecf":"f.B301C1F41FC6B7F2328A32BBCA4D6847.d.19E6EEEE0DA040365B881387EFBA830D.e.3998","ELEMENT":"f.B301C1F41FC6B7F2328A32BBCA4D6847.d.19E6EEEE0DA040365B881387EFBA830D.e.3998"}]}
COMMAND: GET /session/39d2cc3d4aadadb3bd833599b4f4dfae/screenshot - {}
RESULT: {}
RESULT: {"script":"<script> [8489 bytes]","args":[{"element-6066-11e4-a52e-4f735466cecf":"f.B301C1F41FC6B7F2328A32BBCA4D6847.d.19E6EEEE0DA040365B881387EFBA830D.e.3998","ELEMENT":"f.B301C1F41FC6B7F2328A32BBCA4D6847.d.19E6EEEE0DA040365B881387EFBA830D.e.3998"}]}
COMMAND: POST /session/39d2cc3d4aadadb3bd833599b4f4dfae/execute/sync - {"script":"<script> [5351 bytes]","args":[{"element-6066-11e4-a52e-4f735466cecf":"f.B301C1F41FC6B7F2328A32BBCA4D6847.d.19E6EEEE0DA040365B881387EFBA830D.e.3998","ELEMENT":"f.B301C1F41FC6B7F2328A32BBCA4D6847.d.19E6EEEE0DA040365B881387EFBA830D.e.3998"}]}
COMMAND: GET /session/39d2cc3d4aadadb3bd833599b4f4dfae/screenshot - {}
RESULT: {}
RESULT: {"script":"<script> [5351 bytes]","args":[{"element-6066-11e4-a52e-4f735466cecf":"f.B301C1F41FC6B7F2328A32BBCA4D6847.d.19E6EEEE0DA040365B881387EFBA830D.e.3998","ELEMENT":"f.B301C1F41FC6B7F2328A32BBCA4D6847.d.19E6EEEE0DA040365B881387EFBA830D.e.3998"}]}
COMMAND: POST /session/39d2cc3d4aadadb3bd833599b4f4dfae/element/f.B301C1F41FC6B7F2328A32BBCA4D6847.d.19E6EEEE0DA040365B881387EFBA830D.e.3998/click - {}
COMMAND: GET /session/39d2cc3d4aadadb3bd833599b4f4dfae/screenshot - {}
RESULT: {}
RESULT: {}
COMMAND: GET /session/39d2cc3d4aadadb3bd833599b4f4dfae/screenshot - {}
COMMAND: POST /session/39d2cc3d4aadadb3bd833599b4f4dfae/execute/async - {"script":"<script> [1562 bytes]","args":[{"selector":{"id":"application-managepartners-display-component---NewPartner--addressDetailDetailsName1","interaction":{"idSuffix":"inner"}},"wdio_ui5_key":"applicationmanagepartners-display-component---NewPartner--addressDetailDetailsName1"}]}
RESULT: {}
RESULT: {}
RESULT: {"script":"<script> [1562 bytes]","args":[{"selector":{"id":"application-managepartners-display-component---NewPartner--addressDetailDetailsName1","interaction":{"idSuffix":"inner"}},"wdio_ui5_key":"applicationmanagepartners-display-component---NewPartner--addressDetailDetailsName1"}]}
RESULT: undefined
COMMAND: POST /session/39d2cc3d4aadadb3bd833599b4f4dfae/execute/async - {"script":"<script> [776 bytes]","args":[{"enterText":"Intracompany Partner WDIO","selector":{"id":"application-managepartners-display-component---NewPartner--addressDetailDetailsName1","interaction":{"idSuffix":"inner"}},"clearTextFirst":true,"interactionType":"ENTER_TEXT"}]}
RESULT: {"script":"<script> [776 bytes]","args":[{"enterText":"Intracompany Partner WDIO","selector":{"id":"application-managepartners-display-component---NewPartner--addressDetailDetailsName1","interaction":{"idSuffix":"inner"}},"clearTextFirst":true,"interactionType":"ENTER_TEXT"}]}
COMMAND: POST /session/39d2cc3d4aadadb3bd833599b4f4dfae/execute/async - {"script":"<script> [1562 bytes]","args":[{"selector":{"id":"application-managepartners-display-component---NewPartner--addressDetailDetailsLanguage-arrow"},"wdio_ui5_key":"applicationmanagepartners-display-component---NewPartner--addressDetailDetailsLanguage-arrow"}]}
RESULT: {"script":"<script> [1562 bytes]","args":[{"selector":{"id":"application-managepartners-display-component---NewPartner--addressDetailDetailsLanguage-arrow"},"wdio_ui5_key":"applicationmanagepartners-display-component---NewPartner--addressDetailDetailsLanguage-arrow"}]}
RESULT: undefined
COMMAND: POST /session/39d2cc3d4aadadb3bd833599b4f4dfae/element - {"using":"xpath","value":"//*[@id=\"application-managepartners-display-component---NewPartner--addressDetailDetailsLanguage-arrow\"]"}
RESULT: {"using":"xpath","value":"//*[@id=\"application-managepartners-display-component---NewPartner--addressDetailDetailsLanguage-arrow\"]"}
COMMAND: POST /session/39d2cc3d4aadadb3bd833599b4f4dfae/element/f.B301C1F41FC6B7F2328A32BBCA4D6847.d.19E6EEEE0DA040365B881387EFBA830D.e.4439/click - {}
RESULT: {}
COMMAND: POST /session/39d2cc3d4aadadb3bd833599b4f4dfae/element - {"using":"xpath","value":"//span[contains(text(), \"English\")]"}
COMMAND: GET /session/39d2cc3d4aadadb3bd833599b4f4dfae/screenshot - {}
RESULT: {"using":"xpath","value":"//span[contains(text(), \"English\")]"}
COMMAND: POST /session/39d2cc3d4aadadb3bd833599b4f4dfae/element/f.B301C1F41FC6B7F2328A32BBCA4D6847.d.19E6EEEE0DA040365B881387EFBA830D.e.4440/click - {}
RESULT: {}
RESULT: {}
COMMAND: GET /session/39d2cc3d4aadadb3bd833599b4f4dfae/screenshot - {}
RESULT: {}
COMMAND: POST /session/39d2cc3d4aadadb3bd833599b4f4dfae/execute/async - {"script":"<script> [1562 bytes]","args":[{"selector":{"id":"application-managepartners-display-component---NewPartner--addressDetailDetailsCity1","interaction":{"idSuffix":"inner"}},"wdio_ui5_key":"applicationmanagepartners-display-component---NewPartner--addressDetailDetailsCity1"}]}
RESULT: {"script":"<script> [1562 bytes]","args":[{"selector":{"id":"application-managepartners-display-component---NewPartner--addressDetailDetailsCity1","interaction":{"idSuffix":"inner"}},"wdio_ui5_key":"applicationmanagepartners-display-component---NewPartner--addressDetailDetailsCity1"}]}
RESULT: undefined
COMMAND: POST /session/39d2cc3d4aadadb3bd833599b4f4dfae/execute/async - {"script":"<script> [776 bytes]","args":[{"enterText":"Rosario","selector":{"id":"application-managepartners-display-component---NewPartner--addressDetailDetailsCity1","interaction":{"idSuffix":"inner"}},"clearTextFirst":true,"interactionType":"ENTER_TEXT"}]}
RESULT: {"script":"<script> [776 bytes]","args":[{"enterText":"Rosario","selector":{"id":"application-managepartners-display-component---NewPartner--addressDetailDetailsCity1","interaction":{"idSuffix":"inner"}},"clearTextFirst":true,"interactionType":"ENTER_TEXT"}]}
COMMAND: POST /session/39d2cc3d4aadadb3bd833599b4f4dfae/execute/async - {"script":"<script> [1562 bytes]","args":[{"selector":{"id":"application-managepartners-display-component---NewPartner--addressDetailDetailsCountry-arrow"},"wdio_ui5_key":"applicationmanagepartners-display-component---NewPartner--addressDetailDetailsCountry-arrow"}]}
RESULT: {"script":"<script> [1562 bytes]","args":[{"selector":{"id":"application-managepartners-display-component---NewPartner--addressDetailDetailsCountry-arrow"},"wdio_ui5_key":"applicationmanagepartners-display-component---NewPartner--addressDetailDetailsCountry-arrow"}]}
RESULT: undefined
COMMAND: POST /session/39d2cc3d4aadadb3bd833599b4f4dfae/element - {"using":"xpath","value":"//*[@id=\"application-managepartners-display-component---NewPartner--addressDetailDetailsCountry-arrow\"]"}
RESULT: {"using":"xpath","value":"//*[@id=\"application-managepartners-display-component---NewPartner--addressDetailDetailsCountry-arrow\"]"}
COMMAND: POST /session/39d2cc3d4aadadb3bd833599b4f4dfae/element/f.B301C1F41FC6B7F2328A32BBCA4D6847.d.19E6EEEE0DA040365B881387EFBA830D.e.4426/click - {}
RESULT: {}
COMMAND: POST /session/39d2cc3d4aadadb3bd833599b4f4dfae/element - {"using":"xpath","value":"//span[contains(text(), \"Argentina\")]"}
COMMAND: GET /session/39d2cc3d4aadadb3bd833599b4f4dfae/screenshot - {}
RESULT: {"using":"xpath","value":"//span[contains(text(), \"Argentina\")]"}
COMMAND: POST /session/39d2cc3d4aadadb3bd833599b4f4dfae/element/f.B301C1F41FC6B7F2328A32BBCA4D6847.d.19E6EEEE0DA040365B881387EFBA830D.e.4442/click - {}
RESULT: {}
RESULT: {}
COMMAND: GET /session/39d2cc3d4aadadb3bd833599b4f4dfae/screenshot - {}
RESULT: {}
COMMAND: POST /session/39d2cc3d4aadadb3bd833599b4f4dfae/element - {"using":"xpath","value":"//bdi[contains(text(), \"Commercial\")]"}
RESULT: {"using":"xpath","value":"//bdi[contains(text(), \"Commercial\")]"}
COMMAND: POST /session/39d2cc3d4aadadb3bd833599b4f4dfae/element/f.B301C1F41FC6B7F2328A32BBCA4D6847.d.19E6EEEE0DA040365B881387EFBA830D.e.4443/click - {}
RESULT: {}
COMMAND: GET /session/39d2cc3d4aadadb3bd833599b4f4dfae/screenshot - {}
RESULT: {}
COMMAND: POST /session/39d2cc3d4aadadb3bd833599b4f4dfae/execute/async - {"script":"<script> [1562 bytes]","args":[{"selector":{"id":"application-managepartners-display-component---NewPartner--partnerDetailInternal-arrow"},"wdio_ui5_key":"applicationmanagepartners-display-component---NewPartner--partnerDetailInternal-arrow"}]}
RESULT: {"script":"<script> [1562 bytes]","args":[{"selector":{"id":"application-managepartners-display-component---NewPartner--partnerDetailInternal-arrow"},"wdio_ui5_key":"applicationmanagepartners-display-component---NewPartner--partnerDetailInternal-arrow"}]}
RESULT: undefined
COMMAND: POST /session/39d2cc3d4aadadb3bd833599b4f4dfae/element - {"using":"xpath","value":"//*[@id=\"application-managepartners-display-component---NewPartner--partnerDetailInternal-arrow\"]"}
RESULT: {"using":"xpath","value":"//*[@id=\"application-managepartners-display-component---NewPartner--partnerDetailInternal-arrow\"]"}
COMMAND: POST /session/39d2cc3d4aadadb3bd833599b4f4dfae/element/f.B301C1F41FC6B7F2328A32BBCA4D6847.d.19E6EEEE0DA040365B881387EFBA830D.e.4449/click - {}
RESULT: {}
COMMAND: POST /session/39d2cc3d4aadadb3bd833599b4f4dfae/element - {"using":"xpath","value":"//span[contains(text(), \"Affiliated company\")]"}
COMMAND: GET /session/39d2cc3d4aadadb3bd833599b4f4dfae/screenshot - {}
RESULT: {"using":"xpath","value":"//span[contains(text(), \"Affiliated company\")]"}
COMMAND: POST /session/39d2cc3d4aadadb3bd833599b4f4dfae/element/f.B301C1F41FC6B7F2328A32BBCA4D6847.d.19E6EEEE0DA040365B881387EFBA830D.e.4450/click - {}
RESULT: {}
RESULT: {}
COMMAND: POST /session/39d2cc3d4aadadb3bd833599b4f4dfae/execute/async - {"script":"<script> [1562 bytes]","args":[{"selector":{"id":"application-managepartners-display-component---NewPartner--partnerDetailsCurrency-arrow"},"wdio_ui5_key":"applicationmanagepartners-display-component---NewPartner--partnerDetailsCurrency-arrow"}]}
COMMAND: GET /session/39d2cc3d4aadadb3bd833599b4f4dfae/screenshot - {}
RESULT: {"script":"<script> [1562 bytes]","args":[{"selector":{"id":"application-managepartners-display-component---NewPartner--partnerDetailsCurrency-arrow"},"wdio_ui5_key":"applicationmanagepartners-display-component---NewPartner--partnerDetailsCurrency-arrow"}]}
RESULT: undefined
COMMAND: POST /session/39d2cc3d4aadadb3bd833599b4f4dfae/element - {"using":"xpath","value":"//*[@id=\"application-managepartners-display-component---NewPartner--partnerDetailsCurrency-arrow\"]"}
RESULT: {}
RESULT: {"using":"xpath","value":"//*[@id=\"application-managepartners-display-component---NewPartner--partnerDetailsCurrency-arrow\"]"}
COMMAND: POST /session/39d2cc3d4aadadb3bd833599b4f4dfae/element/f.B301C1F41FC6B7F2328A32BBCA4D6847.d.19E6EEEE0DA040365B881387EFBA830D.e.4457/click - {}
RESULT: {}
COMMAND: POST /session/39d2cc3d4aadadb3bd833599b4f4dfae/element - {"using":"xpath","value":"//span[contains(text(), \"Euro\")]"}
COMMAND: GET /session/39d2cc3d4aadadb3bd833599b4f4dfae/screenshot - {}
RESULT: {"using":"xpath","value":"//span[contains(text(), \"Euro\")]"}
COMMAND: POST /session/39d2cc3d4aadadb3bd833599b4f4dfae/element/f.B301C1F41FC6B7F2328A32BBCA4D6847.d.19E6EEEE0DA040365B881387EFBA830D.e.4458/click - {}
RESULT: {}
RESULT: {}
COMMAND: POST /session/39d2cc3d4aadadb3bd833599b4f4dfae/execute/async - {"script":"<script> [1562 bytes]","args":[{"selector":{"id":"application-managepartners-display-component---NewPartner--addressEditDetailsCostObjectCstType-arrow"},"wdio_ui5_key":"applicationmanagepartners-display-component---NewPartner--addressEditDetailsCostObjectCstType-arrow"}]}
COMMAND: GET /session/39d2cc3d4aadadb3bd833599b4f4dfae/screenshot - {}
RESULT: {"script":"<script> [1562 bytes]","args":[{"selector":{"id":"application-managepartners-display-component---NewPartner--addressEditDetailsCostObjectCstType-arrow"},"wdio_ui5_key":"applicationmanagepartners-display-component---NewPartner--addressEditDetailsCostObjectCstType-arrow"}]}
RESULT: undefined
COMMAND: POST /session/39d2cc3d4aadadb3bd833599b4f4dfae/element - {"using":"xpath","value":"//*[@id=\"application-managepartners-display-component---NewPartner--addressEditDetailsCostObjectCstType-arrow\"]"}
RESULT: {}
RESULT: {"using":"xpath","value":"//*[@id=\"application-managepartners-display-component---NewPartner--addressEditDetailsCostObjectCstType-arrow\"]"}
COMMAND: POST /session/39d2cc3d4aadadb3bd833599b4f4dfae/element/f.B301C1F41FC6B7F2328A32BBCA4D6847.d.19E6EEEE0DA040365B881387EFBA830D.e.4459/click - {}
RESULT: {}
COMMAND: POST /session/39d2cc3d4aadadb3bd833599b4f4dfae/element - {"using":"xpath","value":"//span[contains(text(), \"Cost Center\")]"}
COMMAND: GET /session/39d2cc3d4aadadb3bd833599b4f4dfae/screenshot - {}
RESULT: {"using":"xpath","value":"//span[contains(text(), \"Cost Center\")]"}
COMMAND: POST /session/39d2cc3d4aadadb3bd833599b4f4dfae/element/f.B301C1F41FC6B7F2328A32BBCA4D6847.d.19E6EEEE0DA040365B881387EFBA830D.e.4460/click - {}
RESULT: {}
RESULT: {}
COMMAND: GET /session/39d2cc3d4aadadb3bd833599b4f4dfae/screenshot - {}
RESULT: {}
COMMAND: POST /session/39d2cc3d4aadadb3bd833599b4f4dfae/element - {"using":"xpath","value":"//span[@id=\"application-managepartners-display-component---NewPartner--addressNewCostObjectCstID-vhi\"]"}
RESULT: {"using":"xpath","value":"//span[@id=\"application-managepartners-display-component---NewPartner--addressNewCostObjectCstID-vhi\"]"}
COMMAND: POST /session/39d2cc3d4aadadb3bd833599b4f4dfae/execute/sync - {"script":"<script> [8489 bytes]","args":[{"element-6066-11e4-a52e-4f735466cecf":"f.B301C1F41FC6B7F2328A32BBCA4D6847.d.19E6EEEE0DA040365B881387EFBA830D.e.4464","ELEMENT":"f.B301C1F41FC6B7F2328A32BBCA4D6847.d.19E6EEEE0DA040365B881387EFBA830D.e.4464"}]}
RESULT: {"script":"<script> [8489 bytes]","args":[{"element-6066-11e4-a52e-4f735466cecf":"f.B301C1F41FC6B7F2328A32BBCA4D6847.d.19E6EEEE0DA040365B881387EFBA830D.e.4464","ELEMENT":"f.B301C1F41FC6B7F2328A32BBCA4D6847.d.19E6EEEE0DA040365B881387EFBA830D.e.4464"}]}
COMMAND: POST /session/39d2cc3d4aadadb3bd833599b4f4dfae/execute/async - {"script":"<script> [1562 bytes]","args":[{"selector":{"id":"application-managepartners-display-component---NewPartner--addressNewCostObjectCstID-vhi"},"wdio_ui5_key":"applicationmanagepartners-display-component---NewPartner--addressNewCostObjectCstID-vhi"}]}
COMMAND: GET /session/39d2cc3d4aadadb3bd833599b4f4dfae/screenshot - {}
RESULT: {"script":"<script> [1562 bytes]","args":[{"selector":{"id":"application-managepartners-display-component---NewPartner--addressNewCostObjectCstID-vhi"},"wdio_ui5_key":"applicationmanagepartners-display-component---NewPartner--addressNewCostObjectCstID-vhi"}]}
RESULT: undefined
COMMAND: POST /session/39d2cc3d4aadadb3bd833599b4f4dfae/element - {"using":"xpath","value":"//*[@id=\"application-managepartners-display-component---NewPartner--addressNewCostObjectCstID-vhi\"]"}
RESULT: {}
RESULT: {"using":"xpath","value":"//*[@id=\"application-managepartners-display-component---NewPartner--addressNewCostObjectCstID-vhi\"]"}
COMMAND: POST /session/39d2cc3d4aadadb3bd833599b4f4dfae/element/f.B301C1F41FC6B7F2328A32BBCA4D6847.d.19E6EEEE0DA040365B881387EFBA830D.e.4464/click - {}
RESULT: {}
COMMAND: GET /session/39d2cc3d4aadadb3bd833599b4f4dfae/screenshot - {}
RESULT: {}
RESULT: undefined
COMMAND: POST /session/39d2cc3d4aadadb3bd833599b4f4dfae/execute/async - {"script":"<script> [776 bytes]","args":[{"enterText":"10001013","selector":{"controlType":"sap.m.SearchField","properties":{"placeholder":"Search"},"searchOpenDialogs":true,"interaction":{"idSuffix":"I"}},"clearTextFirst":true,"interactionType":"ENTER_TEXT"}]}
RESULT: {"script":"<script> [776 bytes]","args":[{"enterText":"10001013","selector":{"controlType":"sap.m.SearchField","properties":{"placeholder":"Search"},"searchOpenDialogs":true,"interaction":{"idSuffix":"I"}},"clearTextFirst":true,"interactionType":"ENTER_TEXT"}]}
COMMAND: POST /session/39d2cc3d4aadadb3bd833599b4f4dfae/actions - {"actions":[{"id":"action14","type":"key","parameters":{},"actions":[{"type":"keyDown","value":"î€‡"},{"type":"pause","duration":10},{"type":"keyUp","value":"î€‡"}]}]}
RESULT: {"actions":[{"id":"action14","type":"key","parameters":{},"actions":[{"type":"keyDown","value":"î€‡"},{"type":"pause","duration":10},{"type":"keyUp","value":"î€‡"}]}]}
COMMAND: GET /session/39d2cc3d4aadadb3bd833599b4f4dfae/screenshot - {}
RESULT: {}
COMMAND: POST /session/39d2cc3d4aadadb3bd833599b4f4dfae/element - {"using":"xpath","value":"//span[contains(text(), \"General Management\")]"}
RESULT: {"using":"xpath","value":"//span[contains(text(), \"General Management\")]"}
COMMAND: POST /session/39d2cc3d4aadadb3bd833599b4f4dfae/element/f.B301C1F41FC6B7F2328A32BBCA4D6847.d.19E6EEEE0DA040365B881387EFBA830D.e.4503/click - {}
RESULT: {}
COMMAND: GET /session/39d2cc3d4aadadb3bd833599b4f4dfae/screenshot - {}
RESULT: {}
COMMAND: POST /session/39d2cc3d4aadadb3bd833599b4f4dfae/element - {"using":"xpath","value":"//bdi[contains(text(), \"OK\")]"}
RESULT: {"using":"xpath","value":"//bdi[contains(text(), \"OK\")]"}
COMMAND: POST /session/39d2cc3d4aadadb3bd833599b4f4dfae/element/f.B301C1F41FC6B7F2328A32BBCA4D6847.d.19E6EEEE0DA040365B881387EFBA830D.e.4504/click - {}
RESULT: {}
COMMAND: GET /session/39d2cc3d4aadadb3bd833599b4f4dfae/screenshot - {}
RESULT: {}
COMMAND: POST /session/39d2cc3d4aadadb3bd833599b4f4dfae/element - {"using":"xpath","value":"//input[@id=\"application-managepartners-display-component---NewPartner--companyCodeComboBox-inner\"]"}
RESULT: {"using":"xpath","value":"//input[@id=\"application-managepartners-display-component---NewPartner--companyCodeComboBox-inner\"]"}
COMMAND: POST /session/39d2cc3d4aadadb3bd833599b4f4dfae/element/f.B301C1F41FC6B7F2328A32BBCA4D6847.d.19E6EEEE0DA040365B881387EFBA830D.e.4308/clear - {}
RESULT: {}
COMMAND: POST /session/39d2cc3d4aadadb3bd833599b4f4dfae/element/f.B301C1F41FC6B7F2328A32BBCA4D6847.d.19E6EEEE0DA040365B881387EFBA830D.e.4308/value - {"text":"1000"}
COMMAND: GET /session/39d2cc3d4aadadb3bd833599b4f4dfae/screenshot - {}
RESULT: {"text":"1000"}
COMMAND: GET /session/39d2cc3d4aadadb3bd833599b4f4dfae/screenshot - {}
RESULT: {}
RESULT: {}
COMMAND: POST /session/39d2cc3d4aadadb3bd833599b4f4dfae/element - {"using":"xpath","value":"//li[.//span[text()= \"1000\"]]"}
RESULT: {"using":"xpath","value":"//li[.//span[text()= \"1000\"]]"}
COMMAND: POST /session/39d2cc3d4aadadb3bd833599b4f4dfae/element/f.B301C1F41FC6B7F2328A32BBCA4D6847.d.19E6EEEE0DA040365B881387EFBA830D.e.4510/click - {}
RESULT: {}
COMMAND: GET /session/39d2cc3d4aadadb3bd833599b4f4dfae/screenshot - {}
RESULT: {}
COMMAND: POST /session/39d2cc3d4aadadb3bd833599b4f4dfae/execute/async - {"script":"<script> [1562 bytes]","args":[{"selector":{"id":"application-managepartners-display-component---NewPartner--btnAddTableRow-img"},"wdio_ui5_key":"applicationmanagepartners-display-component---NewPartner--btnAddTableRow-img"}]}
RESULT: {"script":"<script> [1562 bytes]","args":[{"selector":{"id":"application-managepartners-display-component---NewPartner--btnAddTableRow-img"},"wdio_ui5_key":"applicationmanagepartners-display-component---NewPartner--btnAddTableRow-img"}]}
RESULT: undefined
COMMAND: POST /session/39d2cc3d4aadadb3bd833599b4f4dfae/element - {"using":"xpath","value":"//*[@id=\"application-managepartners-display-component---NewPartner--btnAddTableRow-img\"]"}
RESULT: {"using":"xpath","value":"//*[@id=\"application-managepartners-display-component---NewPartner--btnAddTableRow-img\"]"}
COMMAND: POST /session/39d2cc3d4aadadb3bd833599b4f4dfae/element/f.B301C1F41FC6B7F2328A32BBCA4D6847.d.19E6EEEE0DA040365B881387EFBA830D.e.4511/click - {}
RESULT: {}
COMMAND: GET /session/39d2cc3d4aadadb3bd833599b4f4dfae/screenshot - {}
RESULT: {}
COMMAND: POST /session/39d2cc3d4aadadb3bd833599b4f4dfae/element - {"using":"xpath","value":"//input[@id=\"application-managepartners-display-component---NewPartner--assignmentYard-application-managepartners-display-component---NewPartner--assignmentsTable-0-inner\"]"}
RESULT: {"using":"xpath","value":"//input[@id=\"application-managepartners-display-component---NewPartner--assignmentYard-application-managepartners-display-component---NewPartner--assignmentsTable-0-inner\"]"}
COMMAND: POST /session/39d2cc3d4aadadb3bd833599b4f4dfae/element/f.B301C1F41FC6B7F2328A32BBCA4D6847.d.19E6EEEE0DA040365B881387EFBA830D.e.4514/clear - {}
RESULT: {}
COMMAND: POST /session/39d2cc3d4aadadb3bd833599b4f4dfae/element/f.B301C1F41FC6B7F2328A32BBCA4D6847.d.19E6EEEE0DA040365B881387EFBA830D.e.4514/value - {"text":"416"}
COMMAND: GET /session/39d2cc3d4aadadb3bd833599b4f4dfae/screenshot - {}
RESULT: {"text":"416"}
COMMAND: GET /session/39d2cc3d4aadadb3bd833599b4f4dfae/screenshot - {}
RESULT: {}
RESULT: {}
COMMAND: POST /session/39d2cc3d4aadadb3bd833599b4f4dfae/element - {"using":"xpath","value":"//li[.//span[text()='416']]"}
RESULT: {"using":"xpath","value":"//li[.//span[text()='416']]"}
COMMAND: POST /session/39d2cc3d4aadadb3bd833599b4f4dfae/element/f.B301C1F41FC6B7F2328A32BBCA4D6847.d.19E6EEEE0DA040365B881387EFBA830D.e.4523/click - {}
RESULT: {}
COMMAND: GET /session/39d2cc3d4aadadb3bd833599b4f4dfae/screenshot - {}
RESULT: {}
COMMAND: POST /session/39d2cc3d4aadadb3bd833599b4f4dfae/actions - {"actions":[{"id":"action15","type":"key","parameters":{},"actions":[{"type":"keyDown","value":"î€‡"},{"type":"pause","duration":10},{"type":"keyUp","value":"î€‡"}]}]}
RESULT: {"actions":[{"id":"action15","type":"key","parameters":{},"actions":[{"type":"keyDown","value":"î€‡"},{"type":"pause","duration":10},{"type":"keyUp","value":"î€‡"}]}]}
COMMAND: POST /session/39d2cc3d4aadadb3bd833599b4f4dfae/execute/async - {"script":"<script> [1562 bytes]","args":[{"selector":{"id":"application-managepartners-display-component---NewPartner--externalCustomerComboBox-application-managepartners-display-component---NewPartner--assignmentsTable-0-vhi"},"wdio_ui5_key":"applicationmanagepartners-display-component---NewPartner--externalCustomerComboBox-application-managepartners-display-component---NewPartner--assignmentsTable-0-vhi"}]}
COMMAND: GET /session/39d2cc3d4aadadb3bd833599b4f4dfae/screenshot - {}
RESULT: {"script":"<script> [1562 bytes]","args":[{"selector":{"id":"application-managepartners-display-component---NewPartner--externalCustomerComboBox-application-managepartners-display-component---NewPartner--assignmentsTable-0-vhi"},"wdio_ui5_key":"applicationmanagepartners-display-component---NewPartner--externalCustomerComboBox-application-managepartners-display-component---NewPartner--assignmentsTable-0-vhi"}]}
RESULT: undefined
COMMAND: POST /session/39d2cc3d4aadadb3bd833599b4f4dfae/element - {"using":"xpath","value":"//*[@id=\"application-managepartners-display-component---NewPartner--externalCustomerComboBox-application-managepartners-display-component---NewPartner--assignmentsTable-0-vhi\"]"}
RESULT: {}
RESULT: {"using":"xpath","value":"//*[@id=\"application-managepartners-display-component---NewPartner--externalCustomerComboBox-application-managepartners-display-component---NewPartner--assignmentsTable-0-vhi\"]"}
COMMAND: POST /session/39d2cc3d4aadadb3bd833599b4f4dfae/element/f.B301C1F41FC6B7F2328A32BBCA4D6847.d.19E6EEEE0DA040365B881387EFBA830D.e.4527/click - {}
RESULT: {}
RESULT: undefined
COMMAND: POST /session/39d2cc3d4aadadb3bd833599b4f4dfae/execute/async - {"script":"<script> [776 bytes]","args":[{"enterText":"300003","selector":{"controlType":"sap.m.SearchField","properties":{"placeholder":"Search"},"searchOpenDialogs":true,"interaction":{"idSuffix":"I"}},"clearTextFirst":true,"interactionType":"ENTER_TEXT"}]}
COMMAND: GET /session/39d2cc3d4aadadb3bd833599b4f4dfae/screenshot - {}
RESULT: {"script":"<script> [776 bytes]","args":[{"enterText":"300003","selector":{"controlType":"sap.m.SearchField","properties":{"placeholder":"Search"},"searchOpenDialogs":true,"interaction":{"idSuffix":"I"}},"clearTextFirst":true,"interactionType":"ENTER_TEXT"}]}
COMMAND: POST /session/39d2cc3d4aadadb3bd833599b4f4dfae/actions - {"actions":[{"id":"action16","type":"key","parameters":{},"actions":[{"type":"keyDown","value":"î€‡"},{"type":"pause","duration":10},{"type":"keyUp","value":"î€‡"}]}]}
RESULT: {}
RESULT: {"actions":[{"id":"action16","type":"key","parameters":{},"actions":[{"type":"keyDown","value":"î€‡"},{"type":"pause","duration":10},{"type":"keyUp","value":"î€‡"}]}]}
COMMAND: GET /session/39d2cc3d4aadadb3bd833599b4f4dfae/screenshot - {}
RESULT: {}
COMMAND: POST /session/39d2cc3d4aadadb3bd833599b4f4dfae/element - {"using":"xpath","value":"//span[contains(text(), \"300003\")]"}
RESULT: {"using":"xpath","value":"//span[contains(text(), \"300003\")]"}
COMMAND: POST /session/39d2cc3d4aadadb3bd833599b4f4dfae/element/f.B301C1F41FC6B7F2328A32BBCA4D6847.d.19E6EEEE0DA040365B881387EFBA830D.e.4544/click - {}
RESULT: {}
COMMAND: GET /session/39d2cc3d4aadadb3bd833599b4f4dfae/screenshot - {}
RESULT: {}
COMMAND: POST /session/39d2cc3d4aadadb3bd833599b4f4dfae/element - {"using":"xpath","value":"//bdi[contains(text(), \"OK\")]"}
RESULT: {"using":"xpath","value":"//bdi[contains(text(), \"OK\")]"}
COMMAND: POST /session/39d2cc3d4aadadb3bd833599b4f4dfae/element/f.B301C1F41FC6B7F2328A32BBCA4D6847.d.19E6EEEE0DA040365B881387EFBA830D.e.4546/click - {}
RESULT: {}
COMMAND: GET /session/39d2cc3d4aadadb3bd833599b4f4dfae/screenshot - {}
RESULT: {}
COMMAND: POST /session/39d2cc3d4aadadb3bd833599b4f4dfae/execute/async - {"script":"<script> [1562 bytes]","args":[{"selector":{"id":"application-managepartners-display-component---NewPartner--intercompVendorComboBox-application-managepartners-display-component---NewPartner--assignmentsTable-0-vhi"},"wdio_ui5_key":"applicationmanagepartners-display-component---NewPartner--intercompVendorComboBox-application-managepartners-display-component---NewPartner--assignmentsTable-0-vhi"}]}
RESULT: {"script":"<script> [1562 bytes]","args":[{"selector":{"id":"application-managepartners-display-component---NewPartner--intercompVendorComboBox-application-managepartners-display-component---NewPartner--assignmentsTable-0-vhi"},"wdio_ui5_key":"applicationmanagepartners-display-component---NewPartner--intercompVendorComboBox-application-managepartners-display-component---NewPartner--assignmentsTable-0-vhi"}]}
RESULT: undefined
COMMAND: POST /session/39d2cc3d4aadadb3bd833599b4f4dfae/element - {"using":"xpath","value":"//*[@id=\"application-managepartners-display-component---NewPartner--intercompVendorComboBox-application-managepartners-display-component---NewPartner--assignmentsTable-0-vhi\"]"}
RESULT: {"using":"xpath","value":"//*[@id=\"application-managepartners-display-component---NewPartner--intercompVendorComboBox-application-managepartners-display-component---NewPartner--assignmentsTable-0-vhi\"]"}
COMMAND: POST /session/39d2cc3d4aadadb3bd833599b4f4dfae/element/f.B301C1F41FC6B7F2328A32BBCA4D6847.d.19E6EEEE0DA040365B881387EFBA830D.e.4550/click - {}
RESULT: {}
RESULT: undefined
COMMAND: POST /session/39d2cc3d4aadadb3bd833599b4f4dfae/execute/async - {"script":"<script> [776 bytes]","args":[{"enterText":"100005","selector":{"controlType":"sap.m.SearchField","properties":{"placeholder":"Search"},"searchOpenDialogs":true,"interaction":{"idSuffix":"I"}},"clearTextFirst":true,"interactionType":"ENTER_TEXT"}]}
COMMAND: GET /session/39d2cc3d4aadadb3bd833599b4f4dfae/screenshot - {}
RESULT: {"script":"<script> [776 bytes]","args":[{"enterText":"100005","selector":{"controlType":"sap.m.SearchField","properties":{"placeholder":"Search"},"searchOpenDialogs":true,"interaction":{"idSuffix":"I"}},"clearTextFirst":true,"interactionType":"ENTER_TEXT"}]}
COMMAND: POST /session/39d2cc3d4aadadb3bd833599b4f4dfae/actions - {"actions":[{"id":"action17","type":"key","parameters":{},"actions":[{"type":"keyDown","value":"î€‡"},{"type":"pause","duration":10},{"type":"keyUp","value":"î€‡"}]}]}
RESULT: {}
RESULT: {"actions":[{"id":"action17","type":"key","parameters":{},"actions":[{"type":"keyDown","value":"î€‡"},{"type":"pause","duration":10},{"type":"keyUp","value":"î€‡"}]}]}
COMMAND: GET /session/39d2cc3d4aadadb3bd833599b4f4dfae/screenshot - {}
RESULT: {}
COMMAND: POST /session/39d2cc3d4aadadb3bd833599b4f4dfae/element - {"using":"xpath","value":"//span[contains(text(), \"Penguins - Field/12345 Berlin\")]"}
RESULT: {"using":"xpath","value":"//span[contains(text(), \"Penguins - Field/12345 Berlin\")]"}
COMMAND: POST /session/39d2cc3d4aadadb3bd833599b4f4dfae/element/f.B301C1F41FC6B7F2328A32BBCA4D6847.d.19E6EEEE0DA040365B881387EFBA830D.e.4566/click - {}
RESULT: {}
COMMAND: GET /session/39d2cc3d4aadadb3bd833599b4f4dfae/screenshot - {}
RESULT: {}
COMMAND: POST /session/39d2cc3d4aadadb3bd833599b4f4dfae/element - {"using":"xpath","value":"//bdi[contains(text(), \"OK\")]"}
RESULT: {"using":"xpath","value":"//bdi[contains(text(), \"OK\")]"}
COMMAND: POST /session/39d2cc3d4aadadb3bd833599b4f4dfae/element/f.B301C1F41FC6B7F2328A32BBCA4D6847.d.19E6EEEE0DA040365B881387EFBA830D.e.4567/click - {}
RESULT: {}
COMMAND: GET /session/39d2cc3d4aadadb3bd833599b4f4dfae/screenshot - {}
RESULT: {}
COMMAND: POST /session/39d2cc3d4aadadb3bd833599b4f4dfae/element - {"using":"xpath","value":"//button[@data-kt=\"saveButton\"]"}
RESULT: {"using":"xpath","value":"//button[@data-kt=\"saveButton\"]"}
COMMAND: POST /session/39d2cc3d4aadadb3bd833599b4f4dfae/element/f.B301C1F41FC6B7F2328A32BBCA4D6847.d.19E6EEEE0DA040365B881387EFBA830D.e.4343/click - {}
RESULT: {}
COMMAND: GET /session/39d2cc3d4aadadb3bd833599b4f4dfae/screenshot - {}
RESULT: {}
COMMAND: POST /session/39d2cc3d4aadadb3bd833599b4f4dfae/element - {"using":"xpath","value":"//header[contains(@id, 'ObjectPageLayout-headerTitle')]/div[1]/div[2]/div[2]/span[1]"}
RESULT: {"using":"xpath","value":"//header[contains(@id, 'ObjectPageLayout-headerTitle')]/div[1]/div[2]/div[2]/span[1]"}
COMMAND: POST /session/39d2cc3d4aadadb3bd833599b4f4dfae/elements - {"using":"xpath","value":"//header[contains(@id, 'ObjectPageLayout-headerTitle')]/div[1]/div[2]/div[2]/span[1]"}
RESULT: {"using":"xpath","value":"//header[contains(@id, 'ObjectPageLayout-headerTitle')]/div[1]/div[2]/div[2]/span[1]"}
COMMAND: POST /session/39d2cc3d4aadadb3bd833599b4f4dfae/execute/sync - {"script":"<script> [56 bytes]","args":[{"element-6066-11e4-a52e-4f735466cecf":"f.B301C1F41FC6B7F2328A32BBCA4D6847.d.19E6EEEE0DA040365B881387EFBA830D.e.4732","ELEMENT":"f.B301C1F41FC6B7F2328A32BBCA4D6847.d.19E6EEEE0DA040365B881387EFBA830D.e.4732"}]}
RESULT: {"script":"<script> [56 bytes]","args":[{"element-6066-11e4-a52e-4f735466cecf":"f.B301C1F41FC6B7F2328A32BBCA4D6847.d.19E6EEEE0DA040365B881387EFBA830D.e.4732","ELEMENT":"f.B301C1F41FC6B7F2328A32BBCA4D6847.d.19E6EEEE0DA040365B881387EFBA830D.e.4732"}]}
COMMAND: POST /session/39d2cc3d4aadadb3bd833599b4f4dfae/element - {"using":"css selector","value":"#shell-header-logo"}
COMMAND: GET /session/39d2cc3d4aadadb3bd833599b4f4dfae/screenshot - {}
RESULT: {"using":"css selector","value":"#shell-header-logo"}
COMMAND: POST /session/39d2cc3d4aadadb3bd833599b4f4dfae/element/f.B301C1F41FC6B7F2328A32BBCA4D6847.d.19E6EEEE0DA040365B881387EFBA830D.e.3954/click - {}
RESULT: {}
RESULT: {}
COMMAND: GET /session/39d2cc3d4aadadb3bd833599b4f4dfae/screenshot - {}
RESULT: {}
COMMAND: POST /session/39d2cc3d4aadadb3bd833599b4f4dfae/execute/sync - {"script":"<script> [299 bytes]","args":[["getModel","getResource"]]}
RESULT: {"script":"<script> [299 bytes]","args":[["getModel","getResource"]]}
]]></system-out>
    </testcase>
    <testcase classname="chrome.136_0_7103_93.windows.Billing_Transfer_-_Intracompany_US127249" name="Should create a new site" time="91.106">
      <system-out><![CDATA[
COMMAND: POST /session/39d2cc3d4aadadb3bd833599b4f4dfae/execute/async - {"script":"<script> [1562 bytes]","args":[{"selector":{"controlType":"sap.m.GenericTile","properties":{"header":"Manage Sites"}},"wdio_ui5_key":"sapm.GenericTile{\"header\":\"Manage Sites\"}"}]}
COMMAND: GET /session/39d2cc3d4aadadb3bd833599b4f4dfae/screenshot - {}
RESULT: {"script":"<script> [1562 bytes]","args":[{"selector":{"controlType":"sap.m.GenericTile","properties":{"header":"Manage Sites"}},"wdio_ui5_key":"sapm.GenericTile{\"header\":\"Manage Sites\"}"}]}
RESULT: undefined
COMMAND: POST /session/39d2cc3d4aadadb3bd833599b4f4dfae/element - {"using":"xpath","value":"//*[@id=\"__tile40\"]"}
RESULT: {}
RESULT: {"using":"xpath","value":"//*[@id=\"__tile40\"]"}
COMMAND: POST /session/39d2cc3d4aadadb3bd833599b4f4dfae/element/f.B301C1F41FC6B7F2328A32BBCA4D6847.d.19E6EEEE0DA040365B881387EFBA830D.e.3088/click - {}
RESULT: {}
COMMAND: GET /session/39d2cc3d4aadadb3bd833599b4f4dfae/screenshot - {}
RESULT: {}
COMMAND: POST /session/39d2cc3d4aadadb3bd833599b4f4dfae/elements - {"using":"xpath","value":"//span[text()='Error']"}
RESULT: {"using":"xpath","value":"//span[text()='Error']"}
COMMAND: POST /session/39d2cc3d4aadadb3bd833599b4f4dfae/element - {"using":"xpath","value":"//button[@data-kt=\"addOverflowToolbarButton\"]"}
RESULT: {"using":"xpath","value":"//button[@data-kt=\"addOverflowToolbarButton\"]"}
COMMAND: POST /session/39d2cc3d4aadadb3bd833599b4f4dfae/elements - {"using":"xpath","value":"//button[@data-kt=\"addOverflowToolbarButton\"]"}
RESULT: {"using":"xpath","value":"//button[@data-kt=\"addOverflowToolbarButton\"]"}
COMMAND: POST /session/39d2cc3d4aadadb3bd833599b4f4dfae/execute/sync - {"script":"<script> [8489 bytes]","args":[{"element-6066-11e4-a52e-4f735466cecf":"f.B301C1F41FC6B7F2328A32BBCA4D6847.d.19E6EEEE0DA040365B881387EFBA830D.e.4780","ELEMENT":"f.B301C1F41FC6B7F2328A32BBCA4D6847.d.19E6EEEE0DA040365B881387EFBA830D.e.4780"}]}
RESULT: {"script":"<script> [8489 bytes]","args":[{"element-6066-11e4-a52e-4f735466cecf":"f.B301C1F41FC6B7F2328A32BBCA4D6847.d.19E6EEEE0DA040365B881387EFBA830D.e.4780","ELEMENT":"f.B301C1F41FC6B7F2328A32BBCA4D6847.d.19E6EEEE0DA040365B881387EFBA830D.e.4780"}]}
COMMAND: GET /session/39d2cc3d4aadadb3bd833599b4f4dfae/element/f.B301C1F41FC6B7F2328A32BBCA4D6847.d.19E6EEEE0DA040365B881387EFBA830D.e.4780/enabled - {}
COMMAND: GET /session/39d2cc3d4aadadb3bd833599b4f4dfae/screenshot - {}
RESULT: {}
COMMAND: POST /session/39d2cc3d4aadadb3bd833599b4f4dfae/execute/sync - {"script":"<script> [8489 bytes]","args":[{"element-6066-11e4-a52e-4f735466cecf":"f.B301C1F41FC6B7F2328A32BBCA4D6847.d.19E6EEEE0DA040365B881387EFBA830D.e.4780","ELEMENT":"f.B301C1F41FC6B7F2328A32BBCA4D6847.d.19E6EEEE0DA040365B881387EFBA830D.e.4780"}]}
COMMAND: GET /session/39d2cc3d4aadadb3bd833599b4f4dfae/screenshot - {}
RESULT: {}
RESULT: {"script":"<script> [8489 bytes]","args":[{"element-6066-11e4-a52e-4f735466cecf":"f.B301C1F41FC6B7F2328A32BBCA4D6847.d.19E6EEEE0DA040365B881387EFBA830D.e.4780","ELEMENT":"f.B301C1F41FC6B7F2328A32BBCA4D6847.d.19E6EEEE0DA040365B881387EFBA830D.e.4780"}]}
COMMAND: POST /session/39d2cc3d4aadadb3bd833599b4f4dfae/execute/sync - {"script":"<script> [5351 bytes]","args":[{"element-6066-11e4-a52e-4f735466cecf":"f.B301C1F41FC6B7F2328A32BBCA4D6847.d.19E6EEEE0DA040365B881387EFBA830D.e.4780","ELEMENT":"f.B301C1F41FC6B7F2328A32BBCA4D6847.d.19E6EEEE0DA040365B881387EFBA830D.e.4780"}]}
COMMAND: GET /session/39d2cc3d4aadadb3bd833599b4f4dfae/screenshot - {}
RESULT: {}
RESULT: {"script":"<script> [5351 bytes]","args":[{"element-6066-11e4-a52e-4f735466cecf":"f.B301C1F41FC6B7F2328A32BBCA4D6847.d.19E6EEEE0DA040365B881387EFBA830D.e.4780","ELEMENT":"f.B301C1F41FC6B7F2328A32BBCA4D6847.d.19E6EEEE0DA040365B881387EFBA830D.e.4780"}]}
COMMAND: POST /session/39d2cc3d4aadadb3bd833599b4f4dfae/element/f.B301C1F41FC6B7F2328A32BBCA4D6847.d.19E6EEEE0DA040365B881387EFBA830D.e.4780/click - {}
COMMAND: GET /session/39d2cc3d4aadadb3bd833599b4f4dfae/screenshot - {}
RESULT: {}
RESULT: {}
COMMAND: GET /session/39d2cc3d4aadadb3bd833599b4f4dfae/screenshot - {}
RESULT: {}
RESULT: {}
COMMAND: POST /session/39d2cc3d4aadadb3bd833599b4f4dfae/element - {"using":"xpath","value":"//input[@id=\"application-managesites-display-component---NewSite--siteId-inner\"]"}
RESULT: {"using":"xpath","value":"//input[@id=\"application-managesites-display-component---NewSite--siteId-inner\"]"}
COMMAND: POST /session/39d2cc3d4aadadb3bd833599b4f4dfae/element - {"using":"xpath","value":"//input[@id=\"application-managesites-display-component---NewSite--siteId-inner\"]"}
RESULT: {"using":"xpath","value":"//input[@id=\"application-managesites-display-component---NewSite--siteId-inner\"]"}
COMMAND: POST /session/39d2cc3d4aadadb3bd833599b4f4dfae/execute/async - {"script":"<script> [1562 bytes]","args":[{"selector":{"id":"application-managesites-display-component---NewSite--addressDetailDetailsName1","interaction":{"idSuffix":"inner"}},"wdio_ui5_key":"applicationmanagesites-display-component---NewSite--addressDetailDetailsName1"}]}
RESULT: {"script":"<script> [1562 bytes]","args":[{"selector":{"id":"application-managesites-display-component---NewSite--addressDetailDetailsName1","interaction":{"idSuffix":"inner"}},"wdio_ui5_key":"applicationmanagesites-display-component---NewSite--addressDetailDetailsName1"}]}
RESULT: undefined
COMMAND: POST /session/39d2cc3d4aadadb3bd833599b4f4dfae/execute/async - {"script":"<script> [776 bytes]","args":[{"enterText":"Intracompany Site wdIO","selector":{"id":"application-managesites-display-component---NewSite--addressDetailDetailsName1","interaction":{"idSuffix":"inner"}},"clearTextFirst":true,"interactionType":"ENTER_TEXT"}]}
RESULT: {"script":"<script> [776 bytes]","args":[{"enterText":"Intracompany Site wdIO","selector":{"id":"application-managesites-display-component---NewSite--addressDetailDetailsName1","interaction":{"idSuffix":"inner"}},"clearTextFirst":true,"interactionType":"ENTER_TEXT"}]}
COMMAND: POST /session/39d2cc3d4aadadb3bd833599b4f4dfae/execute/async - {"script":"<script> [1562 bytes]","args":[{"selector":{"id":"application-managesites-display-component---NewSite--addressDetailDetailsLanguage-arrow"},"wdio_ui5_key":"applicationmanagesites-display-component---NewSite--addressDetailDetailsLanguage-arrow"}]}
RESULT: {"script":"<script> [1562 bytes]","args":[{"selector":{"id":"application-managesites-display-component---NewSite--addressDetailDetailsLanguage-arrow"},"wdio_ui5_key":"applicationmanagesites-display-component---NewSite--addressDetailDetailsLanguage-arrow"}]}
RESULT: undefined
COMMAND: POST /session/39d2cc3d4aadadb3bd833599b4f4dfae/element - {"using":"xpath","value":"//*[@id=\"application-managesites-display-component---NewSite--addressDetailDetailsLanguage-arrow\"]"}
RESULT: {"using":"xpath","value":"//*[@id=\"application-managesites-display-component---NewSite--addressDetailDetailsLanguage-arrow\"]"}
COMMAND: POST /session/39d2cc3d4aadadb3bd833599b4f4dfae/element/f.B301C1F41FC6B7F2328A32BBCA4D6847.d.19E6EEEE0DA040365B881387EFBA830D.e.5179/click - {}
RESULT: {}
COMMAND: POST /session/39d2cc3d4aadadb3bd833599b4f4dfae/element - {"using":"xpath","value":"//span[contains(text(), \"English\")]"}
COMMAND: GET /session/39d2cc3d4aadadb3bd833599b4f4dfae/screenshot - {}
RESULT: {"using":"xpath","value":"//span[contains(text(), \"English\")]"}
COMMAND: POST /session/39d2cc3d4aadadb3bd833599b4f4dfae/element/f.B301C1F41FC6B7F2328A32BBCA4D6847.d.19E6EEEE0DA040365B881387EFBA830D.e.5180/click - {}
RESULT: {}
RESULT: {}
COMMAND: POST /session/39d2cc3d4aadadb3bd833599b4f4dfae/execute/async - {"script":"<script> [1562 bytes]","args":[{"selector":{"id":"application-managesites-display-component---NewSite--addressDetailDetailsCity1","interaction":{"idSuffix":"inner"}},"wdio_ui5_key":"applicationmanagesites-display-component---NewSite--addressDetailDetailsCity1"}]}
COMMAND: GET /session/39d2cc3d4aadadb3bd833599b4f4dfae/screenshot - {}
RESULT: {"script":"<script> [1562 bytes]","args":[{"selector":{"id":"application-managesites-display-component---NewSite--addressDetailDetailsCity1","interaction":{"idSuffix":"inner"}},"wdio_ui5_key":"applicationmanagesites-display-component---NewSite--addressDetailDetailsCity1"}]}
RESULT: undefined
COMMAND: POST /session/39d2cc3d4aadadb3bd833599b4f4dfae/execute/async - {"script":"<script> [776 bytes]","args":[{"enterText":"Rosario","selector":{"id":"application-managesites-display-component---NewSite--addressDetailDetailsCity1","interaction":{"idSuffix":"inner"}},"clearTextFirst":true,"interactionType":"ENTER_TEXT"}]}
RESULT: {}
RESULT: {"script":"<script> [776 bytes]","args":[{"enterText":"Rosario","selector":{"id":"application-managesites-display-component---NewSite--addressDetailDetailsCity1","interaction":{"idSuffix":"inner"}},"clearTextFirst":true,"interactionType":"ENTER_TEXT"}]}
COMMAND: POST /session/39d2cc3d4aadadb3bd833599b4f4dfae/execute/async - {"script":"<script> [1562 bytes]","args":[{"selector":{"id":"application-managesites-display-component---NewSite--addressDetailDetailsCountry-arrow"},"wdio_ui5_key":"applicationmanagesites-display-component---NewSite--addressDetailDetailsCountry-arrow"}]}
RESULT: {"script":"<script> [1562 bytes]","args":[{"selector":{"id":"application-managesites-display-component---NewSite--addressDetailDetailsCountry-arrow"},"wdio_ui5_key":"applicationmanagesites-display-component---NewSite--addressDetailDetailsCountry-arrow"}]}
RESULT: undefined
COMMAND: POST /session/39d2cc3d4aadadb3bd833599b4f4dfae/element - {"using":"xpath","value":"//*[@id=\"application-managesites-display-component---NewSite--addressDetailDetailsCountry-arrow\"]"}
RESULT: {"using":"xpath","value":"//*[@id=\"application-managesites-display-component---NewSite--addressDetailDetailsCountry-arrow\"]"}
COMMAND: POST /session/39d2cc3d4aadadb3bd833599b4f4dfae/element/f.B301C1F41FC6B7F2328A32BBCA4D6847.d.19E6EEEE0DA040365B881387EFBA830D.e.5182/click - {}
RESULT: {}
COMMAND: POST /session/39d2cc3d4aadadb3bd833599b4f4dfae/element - {"using":"xpath","value":"//span[contains(text(), \"Argentina\")]"}
COMMAND: GET /session/39d2cc3d4aadadb3bd833599b4f4dfae/screenshot - {}
RESULT: {"using":"xpath","value":"//span[contains(text(), \"Argentina\")]"}
COMMAND: POST /session/39d2cc3d4aadadb3bd833599b4f4dfae/element/f.B301C1F41FC6B7F2328A32BBCA4D6847.d.19E6EEEE0DA040365B881387EFBA830D.e.5183/click - {}
RESULT: {}
RESULT: {}
COMMAND: GET /session/39d2cc3d4aadadb3bd833599b4f4dfae/screenshot - {}
RESULT: {}
COMMAND: POST /session/39d2cc3d4aadadb3bd833599b4f4dfae/execute/async - {"script":"<script> [1562 bytes]","args":[{"selector":{"id":"application-managesites-display-component---NewSite--addressEditDetailsCostObjectCstType-arrow"},"wdio_ui5_key":"applicationmanagesites-display-component---NewSite--addressEditDetailsCostObjectCstType-arrow"}]}
RESULT: {"script":"<script> [1562 bytes]","args":[{"selector":{"id":"application-managesites-display-component---NewSite--addressEditDetailsCostObjectCstType-arrow"},"wdio_ui5_key":"applicationmanagesites-display-component---NewSite--addressEditDetailsCostObjectCstType-arrow"}]}
RESULT: undefined
COMMAND: POST /session/39d2cc3d4aadadb3bd833599b4f4dfae/element - {"using":"xpath","value":"//*[@id=\"application-managesites-display-component---NewSite--addressEditDetailsCostObjectCstType-arrow\"]"}
RESULT: {"using":"xpath","value":"//*[@id=\"application-managesites-display-component---NewSite--addressEditDetailsCostObjectCstType-arrow\"]"}
COMMAND: POST /session/39d2cc3d4aadadb3bd833599b4f4dfae/element/f.B301C1F41FC6B7F2328A32BBCA4D6847.d.19E6EEEE0DA040365B881387EFBA830D.e.5185/click - {}
RESULT: {}
COMMAND: POST /session/39d2cc3d4aadadb3bd833599b4f4dfae/element - {"using":"xpath","value":"//span[contains(text(), \"Cost Center\")]"}
COMMAND: GET /session/39d2cc3d4aadadb3bd833599b4f4dfae/screenshot - {}
RESULT: {"using":"xpath","value":"//span[contains(text(), \"Cost Center\")]"}
COMMAND: POST /session/39d2cc3d4aadadb3bd833599b4f4dfae/element/f.B301C1F41FC6B7F2328A32BBCA4D6847.d.19E6EEEE0DA040365B881387EFBA830D.e.5186/click - {}
RESULT: {}
RESULT: {}
COMMAND: GET /session/39d2cc3d4aadadb3bd833599b4f4dfae/screenshot - {}
RESULT: {}
COMMAND: POST /session/39d2cc3d4aadadb3bd833599b4f4dfae/element - {"using":"xpath","value":"//span[@id=\"application-managesites-display-component---NewSite--addressNewCostObjectCstID-vhi\"]"}
RESULT: {"using":"xpath","value":"//span[@id=\"application-managesites-display-component---NewSite--addressNewCostObjectCstID-vhi\"]"}
COMMAND: POST /session/39d2cc3d4aadadb3bd833599b4f4dfae/execute/sync - {"script":"<script> [8489 bytes]","args":[{"element-6066-11e4-a52e-4f735466cecf":"f.B301C1F41FC6B7F2328A32BBCA4D6847.d.19E6EEEE0DA040365B881387EFBA830D.e.5190","ELEMENT":"f.B301C1F41FC6B7F2328A32BBCA4D6847.d.19E6EEEE0DA040365B881387EFBA830D.e.5190"}]}
RESULT: {"script":"<script> [8489 bytes]","args":[{"element-6066-11e4-a52e-4f735466cecf":"f.B301C1F41FC6B7F2328A32BBCA4D6847.d.19E6EEEE0DA040365B881387EFBA830D.e.5190","ELEMENT":"f.B301C1F41FC6B7F2328A32BBCA4D6847.d.19E6EEEE0DA040365B881387EFBA830D.e.5190"}]}
COMMAND: POST /session/39d2cc3d4aadadb3bd833599b4f4dfae/execute/async - {"script":"<script> [1562 bytes]","args":[{"selector":{"id":"application-managesites-display-component---NewSite--addressNewCostObjectCstID-vhi"},"wdio_ui5_key":"applicationmanagesites-display-component---NewSite--addressNewCostObjectCstID-vhi"}]}
COMMAND: GET /session/39d2cc3d4aadadb3bd833599b4f4dfae/screenshot - {}
RESULT: {"script":"<script> [1562 bytes]","args":[{"selector":{"id":"application-managesites-display-component---NewSite--addressNewCostObjectCstID-vhi"},"wdio_ui5_key":"applicationmanagesites-display-component---NewSite--addressNewCostObjectCstID-vhi"}]}
RESULT: undefined
COMMAND: POST /session/39d2cc3d4aadadb3bd833599b4f4dfae/element - {"using":"xpath","value":"//*[@id=\"application-managesites-display-component---NewSite--addressNewCostObjectCstID-vhi\"]"}
RESULT: {}
RESULT: {"using":"xpath","value":"//*[@id=\"application-managesites-display-component---NewSite--addressNewCostObjectCstID-vhi\"]"}
COMMAND: POST /session/39d2cc3d4aadadb3bd833599b4f4dfae/element/f.B301C1F41FC6B7F2328A32BBCA4D6847.d.19E6EEEE0DA040365B881387EFBA830D.e.5190/click - {}
RESULT: {}
COMMAND: GET /session/39d2cc3d4aadadb3bd833599b4f4dfae/screenshot - {}
RESULT: {}
RESULT: undefined
COMMAND: POST /session/39d2cc3d4aadadb3bd833599b4f4dfae/execute/async - {"script":"<script> [776 bytes]","args":[{"enterText":"10001013","selector":{"controlType":"sap.m.SearchField","properties":{"placeholder":"Search"},"searchOpenDialogs":true,"interaction":{"idSuffix":"I"}},"clearTextFirst":true,"interactionType":"ENTER_TEXT"}]}
RESULT: {"script":"<script> [776 bytes]","args":[{"enterText":"10001013","selector":{"controlType":"sap.m.SearchField","properties":{"placeholder":"Search"},"searchOpenDialogs":true,"interaction":{"idSuffix":"I"}},"clearTextFirst":true,"interactionType":"ENTER_TEXT"}]}
COMMAND: POST /session/39d2cc3d4aadadb3bd833599b4f4dfae/actions - {"actions":[{"id":"action18","type":"key","parameters":{},"actions":[{"type":"keyDown","value":"î€‡"},{"type":"pause","duration":10},{"type":"keyUp","value":"î€‡"}]}]}
RESULT: {"actions":[{"id":"action18","type":"key","parameters":{},"actions":[{"type":"keyDown","value":"î€‡"},{"type":"pause","duration":10},{"type":"keyUp","value":"î€‡"}]}]}
COMMAND: GET /session/39d2cc3d4aadadb3bd833599b4f4dfae/screenshot - {}
RESULT: {}
COMMAND: POST /session/39d2cc3d4aadadb3bd833599b4f4dfae/element - {"using":"xpath","value":"//span[contains(text(), \"General Management\")]"}
RESULT: {"using":"xpath","value":"//span[contains(text(), \"General Management\")]"}
COMMAND: POST /session/39d2cc3d4aadadb3bd833599b4f4dfae/element/f.B301C1F41FC6B7F2328A32BBCA4D6847.d.19E6EEEE0DA040365B881387EFBA830D.e.5229/click - {}
RESULT: {}
COMMAND: GET /session/39d2cc3d4aadadb3bd833599b4f4dfae/screenshot - {}
RESULT: {}
COMMAND: POST /session/39d2cc3d4aadadb3bd833599b4f4dfae/element - {"using":"xpath","value":"//bdi[contains(text(), \"OK\")]"}
RESULT: {"using":"xpath","value":"//bdi[contains(text(), \"OK\")]"}
COMMAND: POST /session/39d2cc3d4aadadb3bd833599b4f4dfae/element/f.B301C1F41FC6B7F2328A32BBCA4D6847.d.19E6EEEE0DA040365B881387EFBA830D.e.5230/click - {}
RESULT: {}
COMMAND: GET /session/39d2cc3d4aadadb3bd833599b4f4dfae/screenshot - {}
RESULT: {}
COMMAND: POST /session/39d2cc3d4aadadb3bd833599b4f4dfae/element - {"using":"xpath","value":"//input[@id=\"application-managesites-display-component---NewSite--addressDetailDetailsCalendar-inner\"]"}
RESULT: {"using":"xpath","value":"//input[@id=\"application-managesites-display-component---NewSite--addressDetailDetailsCalendar-inner\"]"}
COMMAND: POST /session/39d2cc3d4aadadb3bd833599b4f4dfae/element/f.B301C1F41FC6B7F2328A32BBCA4D6847.d.19E6EEEE0DA040365B881387EFBA830D.e.4947/clear - {}
RESULT: {}
COMMAND: POST /session/39d2cc3d4aadadb3bd833599b4f4dfae/element/f.B301C1F41FC6B7F2328A32BBCA4D6847.d.19E6EEEE0DA040365B881387EFBA830D.e.4947/value - {"text":"Unit"}
COMMAND: GET /session/39d2cc3d4aadadb3bd833599b4f4dfae/screenshot - {}
RESULT: {"text":"Unit"}
COMMAND: GET /session/39d2cc3d4aadadb3bd833599b4f4dfae/screenshot - {}
RESULT: {}
RESULT: {}
COMMAND: POST /session/39d2cc3d4aadadb3bd833599b4f4dfae/actions - {"actions":[{"id":"action19","type":"key","parameters":{},"actions":[{"type":"keyDown","value":"î€‡"},{"type":"pause","duration":10},{"type":"keyUp","value":"î€‡"}]}]}
RESULT: {"actions":[{"id":"action19","type":"key","parameters":{},"actions":[{"type":"keyDown","value":"î€‡"},{"type":"pause","duration":10},{"type":"keyUp","value":"î€‡"}]}]}
COMMAND: POST /session/39d2cc3d4aadadb3bd833599b4f4dfae/element - {"using":"xpath","value":"//input[@id=\"application-managesites-display-component---NewSite--addressDetailDetailsYard-inner\"]"}
COMMAND: GET /session/39d2cc3d4aadadb3bd833599b4f4dfae/screenshot - {}
RESULT: {"using":"xpath","value":"//input[@id=\"application-managesites-display-component---NewSite--addressDetailDetailsYard-inner\"]"}
COMMAND: POST /session/39d2cc3d4aadadb3bd833599b4f4dfae/element/f.B301C1F41FC6B7F2328A32BBCA4D6847.d.19E6EEEE0DA040365B881387EFBA830D.e.4948/clear - {}
RESULT: {}
RESULT: {}
COMMAND: POST /session/39d2cc3d4aadadb3bd833599b4f4dfae/element/f.B301C1F41FC6B7F2328A32BBCA4D6847.d.19E6EEEE0DA040365B881387EFBA830D.e.4948/value - {"text":"416"}
COMMAND: GET /session/39d2cc3d4aadadb3bd833599b4f4dfae/screenshot - {}
RESULT: {"text":"416"}
COMMAND: GET /session/39d2cc3d4aadadb3bd833599b4f4dfae/screenshot - {}
RESULT: {}
RESULT: {}
COMMAND: POST /session/39d2cc3d4aadadb3bd833599b4f4dfae/element - {"using":"xpath","value":"//li[.//span[text()='416']]"}
RESULT: {"using":"xpath","value":"//li[.//span[text()='416']]"}
COMMAND: POST /session/39d2cc3d4aadadb3bd833599b4f4dfae/element/f.B301C1F41FC6B7F2328A32BBCA4D6847.d.19E6EEEE0DA040365B881387EFBA830D.e.5238/click - {}
RESULT: {}
COMMAND: GET /session/39d2cc3d4aadadb3bd833599b4f4dfae/screenshot - {}
RESULT: {}
COMMAND: POST /session/39d2cc3d4aadadb3bd833599b4f4dfae/element - {"using":"xpath","value":"//input[@id=\"application-managesites-display-component---NewSite--addressDetailDetailsPartner-inner\"]"}
RESULT: {"using":"xpath","value":"//input[@id=\"application-managesites-display-component---NewSite--addressDetailDetailsPartner-inner\"]"}
COMMAND: POST /session/39d2cc3d4aadadb3bd833599b4f4dfae/element - {"using":"xpath","value":"//input[@id=\"application-managesites-display-component---NewSite--addressDetailDetailsPartner-inner\"]"}
RESULT: {"using":"xpath","value":"//input[@id=\"application-managesites-display-component---NewSite--addressDetailDetailsPartner-inner\"]"}
COMMAND: POST /session/39d2cc3d4aadadb3bd833599b4f4dfae/element - {"using":"xpath","value":"//button[@data-kt=\"saveButton\"]"}
RESULT: {"using":"xpath","value":"//button[@data-kt=\"saveButton\"]"}
COMMAND: POST /session/39d2cc3d4aadadb3bd833599b4f4dfae/element/f.B301C1F41FC6B7F2328A32BBCA4D6847.d.19E6EEEE0DA040365B881387EFBA830D.e.5116/click - {}
RESULT: {}
COMMAND: GET /session/39d2cc3d4aadadb3bd833599b4f4dfae/screenshot - {}
RESULT: {}
COMMAND: POST /session/39d2cc3d4aadadb3bd833599b4f4dfae/element - {"using":"xpath","value":"//header[contains(@id, 'ObjectPageLayout-headerTitle')]/div[1]/div[2]/div[2]/span[1]"}
RESULT: {"using":"xpath","value":"//header[contains(@id, 'ObjectPageLayout-headerTitle')]/div[1]/div[2]/div[2]/span[1]"}
COMMAND: POST /session/39d2cc3d4aadadb3bd833599b4f4dfae/elements - {"using":"xpath","value":"//header[contains(@id, 'ObjectPageLayout-headerTitle')]/div[1]/div[2]/div[2]/span[1]"}
RESULT: {"using":"xpath","value":"//header[contains(@id, 'ObjectPageLayout-headerTitle')]/div[1]/div[2]/div[2]/span[1]"}
COMMAND: POST /session/39d2cc3d4aadadb3bd833599b4f4dfae/execute/sync - {"script":"<script> [56 bytes]","args":[{"element-6066-11e4-a52e-4f735466cecf":"f.B301C1F41FC6B7F2328A32BBCA4D6847.d.19E6EEEE0DA040365B881387EFBA830D.e.5442","ELEMENT":"f.B301C1F41FC6B7F2328A32BBCA4D6847.d.19E6EEEE0DA040365B881387EFBA830D.e.5442"}]}
RESULT: {"script":"<script> [56 bytes]","args":[{"element-6066-11e4-a52e-4f735466cecf":"f.B301C1F41FC6B7F2328A32BBCA4D6847.d.19E6EEEE0DA040365B881387EFBA830D.e.5442","ELEMENT":"f.B301C1F41FC6B7F2328A32BBCA4D6847.d.19E6EEEE0DA040365B881387EFBA830D.e.5442"}]}
COMMAND: POST /session/39d2cc3d4aadadb3bd833599b4f4dfae/element - {"using":"css selector","value":"#shell-header-logo"}
COMMAND: GET /session/39d2cc3d4aadadb3bd833599b4f4dfae/screenshot - {}
RESULT: {"using":"css selector","value":"#shell-header-logo"}
COMMAND: POST /session/39d2cc3d4aadadb3bd833599b4f4dfae/element/f.B301C1F41FC6B7F2328A32BBCA4D6847.d.19E6EEEE0DA040365B881387EFBA830D.e.4736/click - {}
RESULT: {}
RESULT: {}
COMMAND: GET /session/39d2cc3d4aadadb3bd833599b4f4dfae/screenshot - {}
RESULT: {}
COMMAND: POST /session/39d2cc3d4aadadb3bd833599b4f4dfae/execute/sync - {"script":"<script> [299 bytes]","args":[["getModel","getResource"]]}
RESULT: {"script":"<script> [299 bytes]","args":[["getModel","getResource"]]}
]]></system-out>
    </testcase>
    <testcase classname="chrome.136_0_7103_93.windows.Billing_Transfer_-_Intracompany_US127249" name="Should create a new equipment" time="124.007">
      <system-out><![CDATA[
COMMAND: GET /session/39d2cc3d4aadadb3bd833599b4f4dfae/screenshot - {}
COMMAND: POST /session/39d2cc3d4aadadb3bd833599b4f4dfae/execute/async - {"script":"<script> [1562 bytes]","args":[{"selector":{"controlType":"sap.m.GenericTile","properties":{"header":"Manage Resources"}},"wdio_ui5_key":"sapm.GenericTile{\"header\":\"Manage Resources\"}"}]}
RESULT: {"script":"<script> [1562 bytes]","args":[{"selector":{"controlType":"sap.m.GenericTile","properties":{"header":"Manage Resources"}},"wdio_ui5_key":"sapm.GenericTile{\"header\":\"Manage Resources\"}"}]}
RESULT: undefined
COMMAND: POST /session/39d2cc3d4aadadb3bd833599b4f4dfae/element - {"using":"xpath","value":"//*[@id=\"__tile39\"]"}
RESULT: {}
RESULT: {"using":"xpath","value":"//*[@id=\"__tile39\"]"}
COMMAND: POST /session/39d2cc3d4aadadb3bd833599b4f4dfae/element/f.B301C1F41FC6B7F2328A32BBCA4D6847.d.19E6EEEE0DA040365B881387EFBA830D.e.3085/click - {}
RESULT: {}
COMMAND: GET /session/39d2cc3d4aadadb3bd833599b4f4dfae/screenshot - {}
RESULT: {}
COMMAND: POST /session/39d2cc3d4aadadb3bd833599b4f4dfae/elements - {"using":"xpath","value":"//span[text()='Error']"}
RESULT: {"using":"xpath","value":"//span[text()='Error']"}
COMMAND: POST /session/39d2cc3d4aadadb3bd833599b4f4dfae/element - {"using":"xpath","value":"//button[@data-kt=\"addNewRUOverflowToolbarButton\"]"}
RESULT: {"using":"xpath","value":"//button[@data-kt=\"addNewRUOverflowToolbarButton\"]"}
COMMAND: POST /session/39d2cc3d4aadadb3bd833599b4f4dfae/elements - {"using":"xpath","value":"//button[@data-kt=\"addNewRUOverflowToolbarButton\"]"}
RESULT: {"using":"xpath","value":"//button[@data-kt=\"addNewRUOverflowToolbarButton\"]"}
COMMAND: POST /session/39d2cc3d4aadadb3bd833599b4f4dfae/execute/sync - {"script":"<script> [8489 bytes]","args":[{"element-6066-11e4-a52e-4f735466cecf":"f.B301C1F41FC6B7F2328A32BBCA4D6847.d.19E6EEEE0DA040365B881387EFBA830D.e.5486","ELEMENT":"f.B301C1F41FC6B7F2328A32BBCA4D6847.d.19E6EEEE0DA040365B881387EFBA830D.e.5486"}]}
RESULT: {"script":"<script> [8489 bytes]","args":[{"element-6066-11e4-a52e-4f735466cecf":"f.B301C1F41FC6B7F2328A32BBCA4D6847.d.19E6EEEE0DA040365B881387EFBA830D.e.5486","ELEMENT":"f.B301C1F41FC6B7F2328A32BBCA4D6847.d.19E6EEEE0DA040365B881387EFBA830D.e.5486"}]}
COMMAND: GET /session/39d2cc3d4aadadb3bd833599b4f4dfae/element/f.B301C1F41FC6B7F2328A32BBCA4D6847.d.19E6EEEE0DA040365B881387EFBA830D.e.5486/enabled - {}
COMMAND: GET /session/39d2cc3d4aadadb3bd833599b4f4dfae/screenshot - {}
RESULT: {}
COMMAND: POST /session/39d2cc3d4aadadb3bd833599b4f4dfae/execute/sync - {"script":"<script> [8489 bytes]","args":[{"element-6066-11e4-a52e-4f735466cecf":"f.B301C1F41FC6B7F2328A32BBCA4D6847.d.19E6EEEE0DA040365B881387EFBA830D.e.5486","ELEMENT":"f.B301C1F41FC6B7F2328A32BBCA4D6847.d.19E6EEEE0DA040365B881387EFBA830D.e.5486"}]}
COMMAND: GET /session/39d2cc3d4aadadb3bd833599b4f4dfae/screenshot - {}
RESULT: {}
RESULT: {"script":"<script> [8489 bytes]","args":[{"element-6066-11e4-a52e-4f735466cecf":"f.B301C1F41FC6B7F2328A32BBCA4D6847.d.19E6EEEE0DA040365B881387EFBA830D.e.5486","ELEMENT":"f.B301C1F41FC6B7F2328A32BBCA4D6847.d.19E6EEEE0DA040365B881387EFBA830D.e.5486"}]}
COMMAND: POST /session/39d2cc3d4aadadb3bd833599b4f4dfae/execute/sync - {"script":"<script> [5351 bytes]","args":[{"element-6066-11e4-a52e-4f735466cecf":"f.B301C1F41FC6B7F2328A32BBCA4D6847.d.19E6EEEE0DA040365B881387EFBA830D.e.5486","ELEMENT":"f.B301C1F41FC6B7F2328A32BBCA4D6847.d.19E6EEEE0DA040365B881387EFBA830D.e.5486"}]}
COMMAND: GET /session/39d2cc3d4aadadb3bd833599b4f4dfae/screenshot - {}
RESULT: {}
RESULT: {"script":"<script> [5351 bytes]","args":[{"element-6066-11e4-a52e-4f735466cecf":"f.B301C1F41FC6B7F2328A32BBCA4D6847.d.19E6EEEE0DA040365B881387EFBA830D.e.5486","ELEMENT":"f.B301C1F41FC6B7F2328A32BBCA4D6847.d.19E6EEEE0DA040365B881387EFBA830D.e.5486"}]}
COMMAND: POST /session/39d2cc3d4aadadb3bd833599b4f4dfae/element/f.B301C1F41FC6B7F2328A32BBCA4D6847.d.19E6EEEE0DA040365B881387EFBA830D.e.5486/click - {}
COMMAND: GET /session/39d2cc3d4aadadb3bd833599b4f4dfae/screenshot - {}
RESULT: {}
RESULT: {}
COMMAND: GET /session/39d2cc3d4aadadb3bd833599b4f4dfae/screenshot - {}
RESULT: {}
RESULT: {}
COMMAND: POST /session/39d2cc3d4aadadb3bd833599b4f4dfae/execute/async - {"script":"<script> [1562 bytes]","args":[{"selector":{"id":"application-manageresources-display-component---newResourceUnit--TYPE-arrow"},"wdio_ui5_key":"applicationmanageresources-display-component---newResourceUnit--TYPE-arrow"}]}
RESULT: {"script":"<script> [1562 bytes]","args":[{"selector":{"id":"application-manageresources-display-component---newResourceUnit--TYPE-arrow"},"wdio_ui5_key":"applicationmanageresources-display-component---newResourceUnit--TYPE-arrow"}]}
RESULT: undefined
COMMAND: POST /session/39d2cc3d4aadadb3bd833599b4f4dfae/element - {"using":"xpath","value":"//*[@id=\"application-manageresources-display-component---newResourceUnit--TYPE-arrow\"]"}
RESULT: {"using":"xpath","value":"//*[@id=\"application-manageresources-display-component---newResourceUnit--TYPE-arrow\"]"}
COMMAND: POST /session/39d2cc3d4aadadb3bd833599b4f4dfae/element/f.B301C1F41FC6B7F2328A32BBCA4D6847.d.19E6EEEE0DA040365B881387EFBA830D.e.5835/click - {}
RESULT: {}
COMMAND: POST /session/39d2cc3d4aadadb3bd833599b4f4dfae/element - {"using":"xpath","value":"//input[@id=\"application-manageresources-display-component---newResourceUnit--TYPE-inner\"]"}
COMMAND: GET /session/39d2cc3d4aadadb3bd833599b4f4dfae/screenshot - {}
RESULT: {"using":"xpath","value":"//input[@id=\"application-manageresources-display-component---newResourceUnit--TYPE-inner\"]"}
COMMAND: POST /session/39d2cc3d4aadadb3bd833599b4f4dfae/element/f.B301C1F41FC6B7F2328A32BBCA4D6847.d.19E6EEEE0DA040365B881387EFBA830D.e.5826/clear - {}
RESULT: {}
RESULT: {}
COMMAND: POST /session/39d2cc3d4aadadb3bd833599b4f4dfae/element/f.B301C1F41FC6B7F2328A32BBCA4D6847.d.19E6EEEE0DA040365B881387EFBA830D.e.5826/value - {"text":"Equipment"}
COMMAND: GET /session/39d2cc3d4aadadb3bd833599b4f4dfae/screenshot - {}
RESULT: {"text":"Equipment"}
COMMAND: GET /session/39d2cc3d4aadadb3bd833599b4f4dfae/screenshot - {}
RESULT: {}
RESULT: {}
COMMAND: POST /session/39d2cc3d4aadadb3bd833599b4f4dfae/actions - {"actions":[{"id":"action20","type":"key","parameters":{},"actions":[{"type":"keyDown","value":"î€‡"},{"type":"pause","duration":10},{"type":"keyUp","value":"î€‡"}]}]}
RESULT: {"actions":[{"id":"action20","type":"key","parameters":{},"actions":[{"type":"keyDown","value":"î€‡"},{"type":"pause","duration":10},{"type":"keyUp","value":"î€‡"}]}]}
COMMAND: POST /session/39d2cc3d4aadadb3bd833599b4f4dfae/execute/async - {"script":"<script> [1562 bytes]","args":[{"selector":{"id":"application-manageresources-display-component---newResourceUnit--resourceId","interaction":{"idSuffix":"inner"}},"wdio_ui5_key":"applicationmanageresources-display-component---newResourceUnit--resourceId"}]}
COMMAND: GET /session/39d2cc3d4aadadb3bd833599b4f4dfae/screenshot - {}
RESULT: {"script":"<script> [1562 bytes]","args":[{"selector":{"id":"application-manageresources-display-component---newResourceUnit--resourceId","interaction":{"idSuffix":"inner"}},"wdio_ui5_key":"applicationmanageresources-display-component---newResourceUnit--resourceId"}]}
RESULT: undefined
COMMAND: POST /session/39d2cc3d4aadadb3bd833599b4f4dfae/execute/async - {"script":"<script> [776 bytes]","args":[{"enterText":"BrPQbzPNaM","selector":{"id":"application-manageresources-display-component---newResourceUnit--resourceId","interaction":{"idSuffix":"inner"}},"clearTextFirst":true,"interactionType":"ENTER_TEXT"}]}
RESULT: {}
RESULT: {"script":"<script> [776 bytes]","args":[{"enterText":"BrPQbzPNaM","selector":{"id":"application-manageresources-display-component---newResourceUnit--resourceId","interaction":{"idSuffix":"inner"}},"clearTextFirst":true,"interactionType":"ENTER_TEXT"}]}
COMMAND: POST /session/39d2cc3d4aadadb3bd833599b4f4dfae/execute/async - {"script":"<script> [1562 bytes]","args":[{"selector":{"id":"application-manageresources-display-component---newResourceUnit--SHORT_TEXT","interaction":{"idSuffix":"inner"}},"wdio_ui5_key":"applicationmanageresources-display-component---newResourceUnit--SHORT_TEXT"}]}
RESULT: {"script":"<script> [1562 bytes]","args":[{"selector":{"id":"application-manageresources-display-component---newResourceUnit--SHORT_TEXT","interaction":{"idSuffix":"inner"}},"wdio_ui5_key":"applicationmanageresources-display-component---newResourceUnit--SHORT_TEXT"}]}
RESULT: undefined
COMMAND: POST /session/39d2cc3d4aadadb3bd833599b4f4dfae/execute/async - {"script":"<script> [776 bytes]","args":[{"enterText":"Intercompany Equipment WDIO","selector":{"id":"application-manageresources-display-component---newResourceUnit--SHORT_TEXT","interaction":{"idSuffix":"inner"}},"clearTextFirst":true,"interactionType":"ENTER_TEXT"}]}
RESULT: {"script":"<script> [776 bytes]","args":[{"enterText":"Intercompany Equipment WDIO","selector":{"id":"application-manageresources-display-component---newResourceUnit--SHORT_TEXT","interaction":{"idSuffix":"inner"}},"clearTextFirst":true,"interactionType":"ENTER_TEXT"}]}
COMMAND: POST /session/39d2cc3d4aadadb3bd833599b4f4dfae/execute/async - {"script":"<script> [1562 bytes]","args":[{"selector":{"id":"application-manageresources-display-component---newResourceUnit--BASE_UNIT_OF_MEASURE","interaction":{"idSuffix":"inner"}},"wdio_ui5_key":"applicationmanageresources-display-component---newResourceUnit--BASE_UNIT_OF_MEASURE"}]}
RESULT: {"script":"<script> [1562 bytes]","args":[{"selector":{"id":"application-manageresources-display-component---newResourceUnit--BASE_UNIT_OF_MEASURE","interaction":{"idSuffix":"inner"}},"wdio_ui5_key":"applicationmanageresources-display-component---newResourceUnit--BASE_UNIT_OF_MEASURE"}]}
RESULT: undefined
COMMAND: POST /session/39d2cc3d4aadadb3bd833599b4f4dfae/execute/async - {"script":"<script> [776 bytes]","args":[{"enterText":"Piece","selector":{"id":"application-manageresources-display-component---newResourceUnit--BASE_UNIT_OF_MEASURE","interaction":{"idSuffix":"inner"}},"clearTextFirst":true,"interactionType":"ENTER_TEXT"}]}
RESULT: {"script":"<script> [776 bytes]","args":[{"enterText":"Piece","selector":{"id":"application-manageresources-display-component---newResourceUnit--BASE_UNIT_OF_MEASURE","interaction":{"idSuffix":"inner"}},"clearTextFirst":true,"interactionType":"ENTER_TEXT"}]}
COMMAND: POST /session/39d2cc3d4aadadb3bd833599b4f4dfae/execute/async - {"script":"<script> [1562 bytes]","args":[{"selector":{"id":"application-manageresources-display-component---newResourceUnit--WEIGHT_UNIT","interaction":{"idSuffix":"inner"}},"wdio_ui5_key":"applicationmanageresources-display-component---newResourceUnit--WEIGHT_UNIT"}]}
RESULT: {"script":"<script> [1562 bytes]","args":[{"selector":{"id":"application-manageresources-display-component---newResourceUnit--WEIGHT_UNIT","interaction":{"idSuffix":"inner"}},"wdio_ui5_key":"applicationmanageresources-display-component---newResourceUnit--WEIGHT_UNIT"}]}
RESULT: undefined
COMMAND: POST /session/39d2cc3d4aadadb3bd833599b4f4dfae/execute/async - {"script":"<script> [776 bytes]","args":[{"enterText":"Gram","selector":{"id":"application-manageresources-display-component---newResourceUnit--WEIGHT_UNIT","interaction":{"idSuffix":"inner"}},"clearTextFirst":true,"interactionType":"ENTER_TEXT"}]}
RESULT: {"script":"<script> [776 bytes]","args":[{"enterText":"Gram","selector":{"id":"application-manageresources-display-component---newResourceUnit--WEIGHT_UNIT","interaction":{"idSuffix":"inner"}},"clearTextFirst":true,"interactionType":"ENTER_TEXT"}]}
COMMAND: POST /session/39d2cc3d4aadadb3bd833599b4f4dfae/execute/async - {"script":"<script> [1562 bytes]","args":[{"selector":{"id":"application-manageresources-display-component---newResourceUnit--DIMENSION_UNIT","interaction":{"idSuffix":"inner"}},"wdio_ui5_key":"applicationmanageresources-display-component---newResourceUnit--DIMENSION_UNIT"}]}
RESULT: {"script":"<script> [1562 bytes]","args":[{"selector":{"id":"application-manageresources-display-component---newResourceUnit--DIMENSION_UNIT","interaction":{"idSuffix":"inner"}},"wdio_ui5_key":"applicationmanageresources-display-component---newResourceUnit--DIMENSION_UNIT"}]}
RESULT: undefined
COMMAND: POST /session/39d2cc3d4aadadb3bd833599b4f4dfae/execute/async - {"script":"<script> [776 bytes]","args":[{"enterText":"Meter","selector":{"id":"application-manageresources-display-component---newResourceUnit--DIMENSION_UNIT","interaction":{"idSuffix":"inner"}},"clearTextFirst":true,"interactionType":"ENTER_TEXT"}]}
RESULT: {"script":"<script> [776 bytes]","args":[{"enterText":"Meter","selector":{"id":"application-manageresources-display-component---newResourceUnit--DIMENSION_UNIT","interaction":{"idSuffix":"inner"}},"clearTextFirst":true,"interactionType":"ENTER_TEXT"}]}
COMMAND: POST /session/39d2cc3d4aadadb3bd833599b4f4dfae/execute/async - {"script":"<script> [1562 bytes]","args":[{"selector":{"id":"application-manageresources-display-component---newResourceUnit--newRRUPage-anchBar-application-manageresources-display-component---newResourceUnit--control-anchor","interaction":{"idSuffix":"BDI-content"}},"wdio_ui5_key":"applicationmanageresources-display-component---newResourceUnit--newRRUPage-anchBar-application-manageresources-display-component---newResourceUnit--control-anchor"}]}
RESULT: {"script":"<script> [1562 bytes]","args":[{"selector":{"id":"application-manageresources-display-component---newResourceUnit--newRRUPage-anchBar-application-manageresources-display-component---newResourceUnit--control-anchor","interaction":{"idSuffix":"BDI-content"}},"wdio_ui5_key":"applicationmanageresources-display-component---newResourceUnit--newRRUPage-anchBar-application-manageresources-display-component---newResourceUnit--control-anchor"}]}
RESULT: undefined
COMMAND: POST /session/39d2cc3d4aadadb3bd833599b4f4dfae/element - {"using":"xpath","value":"//*[@id=\"application-manageresources-display-component---newResourceUnit--newRRUPage-anchBar-application-manageresources-display-component---newResourceUnit--control-anchor\"]"}
RESULT: {"using":"xpath","value":"//*[@id=\"application-manageresources-display-component---newResourceUnit--newRRUPage-anchBar-application-manageresources-display-component---newResourceUnit--control-anchor\"]"}
COMMAND: POST /session/39d2cc3d4aadadb3bd833599b4f4dfae/element/f.B301C1F41FC6B7F2328A32BBCA4D6847.d.19E6EEEE0DA040365B881387EFBA830D.e.5965/click - {}
RESULT: {}
COMMAND: POST /session/39d2cc3d4aadadb3bd833599b4f4dfae/execute/async - {"script":"<script> [1562 bytes]","args":[{"selector":{"id":"application-manageresources-display-component---newResourceUnit--PLANNING_GROUP","interaction":{"idSuffix":"inner"}},"wdio_ui5_key":"applicationmanageresources-display-component---newResourceUnit--PLANNING_GROUP"}]}
COMMAND: GET /session/39d2cc3d4aadadb3bd833599b4f4dfae/screenshot - {}
RESULT: {"script":"<script> [1562 bytes]","args":[{"selector":{"id":"application-manageresources-display-component---newResourceUnit--PLANNING_GROUP","interaction":{"idSuffix":"inner"}},"wdio_ui5_key":"applicationmanageresources-display-component---newResourceUnit--PLANNING_GROUP"}]}
RESULT: undefined
COMMAND: POST /session/39d2cc3d4aadadb3bd833599b4f4dfae/execute/async - {"script":"<script> [776 bytes]","args":[{"enterText":"Heavy Equi","selector":{"id":"application-manageresources-display-component---newResourceUnit--PLANNING_GROUP","interaction":{"idSuffix":"inner"}},"clearTextFirst":true,"interactionType":"ENTER_TEXT"}]}
RESULT: {}
RESULT: {"script":"<script> [776 bytes]","args":[{"enterText":"Heavy Equi","selector":{"id":"application-manageresources-display-component---newResourceUnit--PLANNING_GROUP","interaction":{"idSuffix":"inner"}},"clearTextFirst":true,"interactionType":"ENTER_TEXT"}]}
COMMAND: POST /session/39d2cc3d4aadadb3bd833599b4f4dfae/execute/async - {"script":"<script> [1562 bytes]","args":[{"selector":{"id":"application-manageresources-display-component---newResourceUnit--ITEM_TYPE-arrow"},"wdio_ui5_key":"applicationmanageresources-display-component---newResourceUnit--ITEM_TYPE-arrow"}]}
RESULT: {"script":"<script> [1562 bytes]","args":[{"selector":{"id":"application-manageresources-display-component---newResourceUnit--ITEM_TYPE-arrow"},"wdio_ui5_key":"applicationmanageresources-display-component---newResourceUnit--ITEM_TYPE-arrow"}]}
RESULT: undefined
COMMAND: POST /session/39d2cc3d4aadadb3bd833599b4f4dfae/element - {"using":"xpath","value":"//*[@id=\"application-manageresources-display-component---newResourceUnit--ITEM_TYPE-arrow\"]"}
RESULT: {"using":"xpath","value":"//*[@id=\"application-manageresources-display-component---newResourceUnit--ITEM_TYPE-arrow\"]"}
COMMAND: POST /session/39d2cc3d4aadadb3bd833599b4f4dfae/element/f.B301C1F41FC6B7F2328A32BBCA4D6847.d.19E6EEEE0DA040365B881387EFBA830D.e.5972/click - {}
RESULT: {}
COMMAND: POST /session/39d2cc3d4aadadb3bd833599b4f4dfae/element - {"using":"xpath","value":"(//span[contains(text(), \"Resource Unit\")])[2]"}
COMMAND: GET /session/39d2cc3d4aadadb3bd833599b4f4dfae/screenshot - {}
RESULT: {"using":"xpath","value":"(//span[contains(text(), \"Resource Unit\")])[2]"}
COMMAND: POST /session/39d2cc3d4aadadb3bd833599b4f4dfae/element/f.B301C1F41FC6B7F2328A32BBCA4D6847.d.19E6EEEE0DA040365B881387EFBA830D.e.5973/click - {}
RESULT: {}
RESULT: {}
COMMAND: GET /session/39d2cc3d4aadadb3bd833599b4f4dfae/screenshot - {}
RESULT: {}
COMMAND: POST /session/39d2cc3d4aadadb3bd833599b4f4dfae/element - {"using":"css selector","value":"#application-manageresources-display-component---newResourceUnit--btnAddTimeSegment"}
RESULT: {"using":"css selector","value":"#application-manageresources-display-component---newResourceUnit--btnAddTimeSegment"}
COMMAND: GET /session/39d2cc3d4aadadb3bd833599b4f4dfae/element/f.B301C1F41FC6B7F2328A32BBCA4D6847.d.19E6EEEE0DA040365B881387EFBA830D.e.5974/rect - {}
RESULT: {}
COMMAND: GET /session/39d2cc3d4aadadb3bd833599b4f4dfae/window/rect - {}
RESULT: {}
COMMAND: POST /session/39d2cc3d4aadadb3bd833599b4f4dfae/execute/sync - {"script":"<script> [92 bytes]","args":[]}
RESULT: {"script":"<script> [92 bytes]","args":[]}
COMMAND: POST /session/39d2cc3d4aadadb3bd833599b4f4dfae/actions - {"actions":[{"id":"action21","type":"wheel","parameters":{},"actions":[{"type":"scroll","x":-1888,"y":-32,"deltaX":0,"deltaY":0,"duration":0,"origin":{"element-6066-11e4-a52e-4f735466cecf":"f.B301C1F41FC6B7F2328A32BBCA4D6847.d.19E6EEEE0DA040365B881387EFBA830D.e.5974"}}]}]}
COMMAND: GET /session/39d2cc3d4aadadb3bd833599b4f4dfae/screenshot - {}
RESULT: {}
COMMAND: POST /session/39d2cc3d4aadadb3bd833599b4f4dfae/execute/sync - {"script":"<script> [79 bytes]","args":[{"element-6066-11e4-a52e-4f735466cecf":"f.B301C1F41FC6B7F2328A32BBCA4D6847.d.19E6EEEE0DA040365B881387EFBA830D.e.5974","ELEMENT":"f.B301C1F41FC6B7F2328A32BBCA4D6847.d.19E6EEEE0DA040365B881387EFBA830D.e.5974"},{"block":"start","inline":"nearest"}]}
RESULT: {"script":"<script> [79 bytes]","args":[{"element-6066-11e4-a52e-4f735466cecf":"f.B301C1F41FC6B7F2328A32BBCA4D6847.d.19E6EEEE0DA040365B881387EFBA830D.e.5974","ELEMENT":"f.B301C1F41FC6B7F2328A32BBCA4D6847.d.19E6EEEE0DA040365B881387EFBA830D.e.5974"},{"block":"start","inline":"nearest"}]}
COMMAND: POST /session/39d2cc3d4aadadb3bd833599b4f4dfae/execute/async - {"script":"<script> [1562 bytes]","args":[{"selector":{"id":"application-manageresources-display-component---newResourceUnit--btnAddTimeSegment","interaction":{"idSuffix":"inner"}},"wdio_ui5_key":"applicationmanageresources-display-component---newResourceUnit--btnAddTimeSegment"}]}
COMMAND: GET /session/39d2cc3d4aadadb3bd833599b4f4dfae/screenshot - {}
RESULT: {"script":"<script> [1562 bytes]","args":[{"selector":{"id":"application-manageresources-display-component---newResourceUnit--btnAddTimeSegment","interaction":{"idSuffix":"inner"}},"wdio_ui5_key":"applicationmanageresources-display-component---newResourceUnit--btnAddTimeSegment"}]}
RESULT: undefined
COMMAND: POST /session/39d2cc3d4aadadb3bd833599b4f4dfae/element - {"using":"xpath","value":"//*[@id=\"application-manageresources-display-component---newResourceUnit--btnAddTimeSegment\"]"}
RESULT: {}
RESULT: {"using":"xpath","value":"//*[@id=\"application-manageresources-display-component---newResourceUnit--btnAddTimeSegment\"]"}
COMMAND: POST /session/39d2cc3d4aadadb3bd833599b4f4dfae/element/f.B301C1F41FC6B7F2328A32BBCA4D6847.d.19E6EEEE0DA040365B881387EFBA830D.e.5974/click - {}
RESULT: {}
COMMAND: GET /session/39d2cc3d4aadadb3bd833599b4f4dfae/screenshot - {}
RESULT: {}
COMMAND: POST /session/39d2cc3d4aadadb3bd833599b4f4dfae/element - {"using":"xpath","value":"//input[@id=\"application-manageresources-display-component---newResourceUnit--idRuTSAdmin-application-manageresources-display-component---newResourceUnit--RUTimeSegment-0-inner\"]"}
RESULT: {"using":"xpath","value":"//input[@id=\"application-manageresources-display-component---newResourceUnit--idRuTSAdmin-application-manageresources-display-component---newResourceUnit--RUTimeSegment-0-inner\"]"}
COMMAND: POST /session/39d2cc3d4aadadb3bd833599b4f4dfae/element/f.B301C1F41FC6B7F2328A32BBCA4D6847.d.19E6EEEE0DA040365B881387EFBA830D.e.5980/clear - {}
RESULT: {}
COMMAND: POST /session/39d2cc3d4aadadb3bd833599b4f4dfae/element/f.B301C1F41FC6B7F2328A32BBCA4D6847.d.19E6EEEE0DA040365B881387EFBA830D.e.5980/value - {"text":"416"}
COMMAND: GET /session/39d2cc3d4aadadb3bd833599b4f4dfae/screenshot - {}
RESULT: {"text":"416"}
COMMAND: GET /session/39d2cc3d4aadadb3bd833599b4f4dfae/screenshot - {}
RESULT: {}
RESULT: {}
COMMAND: POST /session/39d2cc3d4aadadb3bd833599b4f4dfae/element - {"using":"xpath","value":"//li[.//span[text()='416']]"}
RESULT: {"using":"xpath","value":"//li[.//span[text()='416']]"}
COMMAND: POST /session/39d2cc3d4aadadb3bd833599b4f4dfae/element/f.B301C1F41FC6B7F2328A32BBCA4D6847.d.19E6EEEE0DA040365B881387EFBA830D.e.5992/click - {}
RESULT: {}
COMMAND: GET /session/39d2cc3d4aadadb3bd833599b4f4dfae/screenshot - {}
RESULT: {}
COMMAND: POST /session/39d2cc3d4aadadb3bd833599b4f4dfae/element - {"using":"xpath","value":"(//span[contains(@id, \"-application-manageresources-display-component---newResourceUnit--RUTimeSegment-0-arrow\")])[6]"}
RESULT: {"using":"xpath","value":"(//span[contains(@id, \"-application-manageresources-display-component---newResourceUnit--RUTimeSegment-0-arrow\")])[6]"}
COMMAND: POST /session/39d2cc3d4aadadb3bd833599b4f4dfae/element/f.B301C1F41FC6B7F2328A32BBCA4D6847.d.19E6EEEE0DA040365B881387EFBA830D.e.5993/click - {}
RESULT: {}
COMMAND: GET /session/39d2cc3d4aadadb3bd833599b4f4dfae/screenshot - {}
RESULT: {}
COMMAND: POST /session/39d2cc3d4aadadb3bd833599b4f4dfae/element - {"using":"xpath","value":"//span[contains(text(), \"PM Order\")]"}
RESULT: {"using":"xpath","value":"//span[contains(text(), \"PM Order\")]"}
COMMAND: POST /session/39d2cc3d4aadadb3bd833599b4f4dfae/element/f.B301C1F41FC6B7F2328A32BBCA4D6847.d.19E6EEEE0DA040365B881387EFBA830D.e.5996/click - {}
RESULT: {}
COMMAND: GET /session/39d2cc3d4aadadb3bd833599b4f4dfae/screenshot - {}
RESULT: {}
COMMAND: POST /session/39d2cc3d4aadadb3bd833599b4f4dfae/element - {"using":"xpath","value":"(//span[contains(@id ,\"manageresources-display-component---newResourceUnit--RUTimeSegment-0-vhi\")])[1]"}
RESULT: {"using":"xpath","value":"(//span[contains(@id ,\"manageresources-display-component---newResourceUnit--RUTimeSegment-0-vhi\")])[1]"}
COMMAND: GET /session/39d2cc3d4aadadb3bd833599b4f4dfae/element/f.B301C1F41FC6B7F2328A32BBCA4D6847.d.19E6EEEE0DA040365B881387EFBA830D.e.6000/rect - {}
RESULT: {}
COMMAND: GET /session/39d2cc3d4aadadb3bd833599b4f4dfae/window/rect - {}
RESULT: {}
COMMAND: POST /session/39d2cc3d4aadadb3bd833599b4f4dfae/execute/sync - {"script":"<script> [92 bytes]","args":[]}
RESULT: {"script":"<script> [92 bytes]","args":[]}
COMMAND: POST /session/39d2cc3d4aadadb3bd833599b4f4dfae/actions - {"actions":[{"id":"action22","type":"wheel","parameters":{},"actions":[{"type":"scroll","x":-869,"y":-24,"deltaX":0,"deltaY":0,"duration":0,"origin":{"element-6066-11e4-a52e-4f735466cecf":"f.B301C1F41FC6B7F2328A32BBCA4D6847.d.19E6EEEE0DA040365B881387EFBA830D.e.6000"}}]}]}
COMMAND: GET /session/39d2cc3d4aadadb3bd833599b4f4dfae/screenshot - {}
RESULT: {"actions":[{"id":"action22","type":"wheel","parameters":{},"actions":[{"type":"scroll","x":-869,"y":-24,"deltaX":0,"deltaY":0,"duration":0,"origin":{"element-6066-11e4-a52e-4f735466cecf":"f.B301C1F41FC6B7F2328A32BBCA4D6847.d.19E6EEEE0DA040365B881387EFBA830D.e.6000"}}]}]}
COMMAND: DELETE /session/39d2cc3d4aadadb3bd833599b4f4dfae/actions - {}
COMMAND: GET /session/39d2cc3d4aadadb3bd833599b4f4dfae/screenshot - {}
RESULT: {}
RESULT: {}
COMMAND: GET /session/39d2cc3d4aadadb3bd833599b4f4dfae/screenshot - {}
RESULT: {}
RESULT: {}
COMMAND: POST /session/39d2cc3d4aadadb3bd833599b4f4dfae/element/f.B301C1F41FC6B7F2328A32BBCA4D6847.d.19E6EEEE0DA040365B881387EFBA830D.e.6000/click - {}
RESULT: {}
COMMAND: GET /session/39d2cc3d4aadadb3bd833599b4f4dfae/screenshot - {}
RESULT: {}
RESULT: undefined
COMMAND: POST /session/39d2cc3d4aadadb3bd833599b4f4dfae/execute/async - {"script":"<script> [776 bytes]","args":[{"enterText":"4000360","selector":{"controlType":"sap.m.SearchField","properties":{"placeholder":"Search"},"searchOpenDialogs":true,"interaction":{"idSuffix":"I"}},"clearTextFirst":true,"interactionType":"ENTER_TEXT"}]}
RESULT: {"script":"<script> [776 bytes]","args":[{"enterText":"4000360","selector":{"controlType":"sap.m.SearchField","properties":{"placeholder":"Search"},"searchOpenDialogs":true,"interaction":{"idSuffix":"I"}},"clearTextFirst":true,"interactionType":"ENTER_TEXT"}]}
COMMAND: POST /session/39d2cc3d4aadadb3bd833599b4f4dfae/actions - {"actions":[{"id":"action23","type":"key","parameters":{},"actions":[{"type":"keyDown","value":"î€‡"},{"type":"pause","duration":10},{"type":"keyUp","value":"î€‡"}]}]}
RESULT: {"actions":[{"id":"action23","type":"key","parameters":{},"actions":[{"type":"keyDown","value":"î€‡"},{"type":"pause","duration":10},{"type":"keyUp","value":"î€‡"}]}]}
COMMAND: GET /session/39d2cc3d4aadadb3bd833599b4f4dfae/screenshot - {}
RESULT: {}
COMMAND: POST /session/39d2cc3d4aadadb3bd833599b4f4dfae/element - {"using":"xpath","value":"//td/div/span[contains(text(), \"BGL Vehicles\")]"}
RESULT: {"using":"xpath","value":"//td/div/span[contains(text(), \"BGL Vehicles\")]"}
COMMAND: POST /session/39d2cc3d4aadadb3bd833599b4f4dfae/element/f.B301C1F41FC6B7F2328A32BBCA4D6847.d.19E6EEEE0DA040365B881387EFBA830D.e.6020/click - {}
RESULT: {}
COMMAND: GET /session/39d2cc3d4aadadb3bd833599b4f4dfae/screenshot - {}
RESULT: {}
COMMAND: POST /session/39d2cc3d4aadadb3bd833599b4f4dfae/element - {"using":"xpath","value":"//bdi[contains(text(), \"OK\")]"}
RESULT: {"using":"xpath","value":"//bdi[contains(text(), \"OK\")]"}
COMMAND: POST /session/39d2cc3d4aadadb3bd833599b4f4dfae/element/f.B301C1F41FC6B7F2328A32BBCA4D6847.d.19E6EEEE0DA040365B881387EFBA830D.e.6021/click - {}
RESULT: {}
COMMAND: GET /session/39d2cc3d4aadadb3bd833599b4f4dfae/screenshot - {}
RESULT: {}
COMMAND: POST /session/39d2cc3d4aadadb3bd833599b4f4dfae/execute/async - {"script":"<script> [1562 bytes]","args":[{"selector":{"id":"application-manageresources-display-component---newResourceUnit--newRRUPage-anchBar-application-manageresources-display-component---newResourceUnit--resource-anchor","interaction":{"idSuffix":"BDI-content"}},"wdio_ui5_key":"applicationmanageresources-display-component---newResourceUnit--newRRUPage-anchBar-application-manageresources-display-component---newResourceUnit--resource-anchor"}]}
RESULT: {"script":"<script> [1562 bytes]","args":[{"selector":{"id":"application-manageresources-display-component---newResourceUnit--newRRUPage-anchBar-application-manageresources-display-component---newResourceUnit--resource-anchor","interaction":{"idSuffix":"BDI-content"}},"wdio_ui5_key":"applicationmanageresources-display-component---newResourceUnit--newRRUPage-anchBar-application-manageresources-display-component---newResourceUnit--resource-anchor"}]}
RESULT: undefined
COMMAND: POST /session/39d2cc3d4aadadb3bd833599b4f4dfae/element - {"using":"xpath","value":"//*[@id=\"application-manageresources-display-component---newResourceUnit--newRRUPage-anchBar-application-manageresources-display-component---newResourceUnit--resource-anchor\"]"}
RESULT: {"using":"xpath","value":"//*[@id=\"application-manageresources-display-component---newResourceUnit--newRRUPage-anchBar-application-manageresources-display-component---newResourceUnit--resource-anchor\"]"}
COMMAND: POST /session/39d2cc3d4aadadb3bd833599b4f4dfae/element/f.B301C1F41FC6B7F2328A32BBCA4D6847.d.19E6EEEE0DA040365B881387EFBA830D.e.6025/click - {}
RESULT: {}
COMMAND: POST /session/39d2cc3d4aadadb3bd833599b4f4dfae/execute/async - {"script":"<script> [1562 bytes]","args":[{"selector":{"id":"application-manageresources-display-component---newResourceUnit--PLANNED_DELIVERY_DATE","interaction":{"idSuffix":"inner"}},"wdio_ui5_key":"applicationmanageresources-display-component---newResourceUnit--PLANNED_DELIVERY_DATE"}]}
COMMAND: GET /session/39d2cc3d4aadadb3bd833599b4f4dfae/screenshot - {}
RESULT: {"script":"<script> [1562 bytes]","args":[{"selector":{"id":"application-manageresources-display-component---newResourceUnit--PLANNED_DELIVERY_DATE","interaction":{"idSuffix":"inner"}},"wdio_ui5_key":"applicationmanageresources-display-component---newResourceUnit--PLANNED_DELIVERY_DATE"}]}
RESULT: undefined
COMMAND: POST /session/39d2cc3d4aadadb3bd833599b4f4dfae/execute/async - {"script":"<script> [6424 bytes]","args":[{"element-6066-11e4-a52e-4f735466cecf":"f.B301C1F41FC6B7F2328A32BBCA4D6847.d.19E6EEEE0DA040365B881387EFBA830D.e.5890"},"setValue",["5/15/25"]]}
RESULT: {}
RESULT: {"script":"<script> [6424 bytes]","args":[{"element-6066-11e4-a52e-4f735466cecf":"f.B301C1F41FC6B7F2328A32BBCA4D6847.d.19E6EEEE0DA040365B881387EFBA830D.e.5890"},"setValue",["5/15/25"]]}
COMMAND: POST /session/39d2cc3d4aadadb3bd833599b4f4dfae/element - {"using":"xpath","value":"//label[contains(@class, 'sapMLabelRequired') and .//bdi[contains(text(), 'Planned Retirement')]]"}
RESULT: {"using":"xpath","value":"//label[contains(@class, 'sapMLabelRequired') and .//bdi[contains(text(), 'Planned Retirement')]]"}
COMMAND: POST /session/39d2cc3d4aadadb3bd833599b4f4dfae/elements - {"using":"xpath","value":"//label[contains(@class, 'sapMLabelRequired') and .//bdi[contains(text(), 'Planned Retirement')]]"}
RESULT: {"using":"xpath","value":"//label[contains(@class, 'sapMLabelRequired') and .//bdi[contains(text(), 'Planned Retirement')]]"}
COMMAND: POST /session/39d2cc3d4aadadb3bd833599b4f4dfae/element - {"using":"xpath","value":"//button[@data-kt=\"resourceUnitSaveButton\"]"}
RESULT: {"using":"xpath","value":"//button[@data-kt=\"resourceUnitSaveButton\"]"}
COMMAND: POST /session/39d2cc3d4aadadb3bd833599b4f4dfae/element/f.B301C1F41FC6B7F2328A32BBCA4D6847.d.19E6EEEE0DA040365B881387EFBA830D.e.5851/click - {}
RESULT: {}
COMMAND: GET /session/39d2cc3d4aadadb3bd833599b4f4dfae/screenshot - {}
RESULT: {}
COMMAND: POST /session/39d2cc3d4aadadb3bd833599b4f4dfae/element - {"using":"xpath","value":"//bdi[contains(text(), \"Close\")]"}
RESULT: {"using":"xpath","value":"//bdi[contains(text(), \"Close\")]"}
COMMAND: POST /session/39d2cc3d4aadadb3bd833599b4f4dfae/element/f.B301C1F41FC6B7F2328A32BBCA4D6847.d.19E6EEEE0DA040365B881387EFBA830D.e.6034/click - {}
RESULT: {}
COMMAND: GET /session/39d2cc3d4aadadb3bd833599b4f4dfae/screenshot - {}
RESULT: {}
COMMAND: POST /session/39d2cc3d4aadadb3bd833599b4f4dfae/element - {"using":"xpath","value":"(//button[contains(@id ,\"actionsToolbar-overflowButton\")])[1]"}
RESULT: {"using":"xpath","value":"(//button[contains(@id ,\"actionsToolbar-overflowButton\")])[1]"}
COMMAND: POST /session/39d2cc3d4aadadb3bd833599b4f4dfae/element/f.B301C1F41FC6B7F2328A32BBCA4D6847.d.19E6EEEE0DA040365B881387EFBA830D.e.6087/click - {}
RESULT: {}
COMMAND: GET /session/39d2cc3d4aadadb3bd833599b4f4dfae/screenshot - {}
RESULT: {}
COMMAND: POST /session/39d2cc3d4aadadb3bd833599b4f4dfae/element - {"using":"xpath","value":"//button[@data-kt=\"priceInfoButton\"]"}
RESULT: {"using":"xpath","value":"//button[@data-kt=\"priceInfoButton\"]"}
COMMAND: POST /session/39d2cc3d4aadadb3bd833599b4f4dfae/element/f.B301C1F41FC6B7F2328A32BBCA4D6847.d.19E6EEEE0DA040365B881387EFBA830D.e.6089/click - {}
RESULT: {}
COMMAND: GET /session/39d2cc3d4aadadb3bd833599b4f4dfae/screenshot - {}
RESULT: {}
]]></system-out>
    </testcase>
    <testcase classname="chrome.136_0_7103_93.windows.Billing_Transfer_-_Intracompany_US127249" name="Should create a pricing procedure" time="50.169">
      <system-out><![CDATA[
COMMAND: POST /session/39d2cc3d4aadadb3bd833599b4f4dfae/element - {"using":"xpath","value":"//button[@data-kt=\"addButton\"]"}
RESULT: {"using":"xpath","value":"//button[@data-kt=\"addButton\"]"}
COMMAND: POST /session/39d2cc3d4aadadb3bd833599b4f4dfae/elements - {"using":"xpath","value":"//button[@data-kt=\"addButton\"]"}
RESULT: {"using":"xpath","value":"//button[@data-kt=\"addButton\"]"}
COMMAND: POST /session/39d2cc3d4aadadb3bd833599b4f4dfae/elements - {"using":"xpath","value":"//button[@data-kt=\"addButton\"]"}
RESULT: {"using":"xpath","value":"//button[@data-kt=\"addButton\"]"}
COMMAND: POST /session/39d2cc3d4aadadb3bd833599b4f4dfae/element - {"using":"xpath","value":"//button[@data-kt=\"addButton\"]"}
RESULT: {"using":"xpath","value":"//button[@data-kt=\"addButton\"]"}
COMMAND: POST /session/39d2cc3d4aadadb3bd833599b4f4dfae/execute/sync - {"script":"<script> [8489 bytes]","args":[{"element-6066-11e4-a52e-4f735466cecf":"f.B301C1F41FC6B7F2328A32BBCA4D6847.d.19E6EEEE0DA040365B881387EFBA830D.e.6126","ELEMENT":"f.B301C1F41FC6B7F2328A32BBCA4D6847.d.19E6EEEE0DA040365B881387EFBA830D.e.6126"}]}
RESULT: {"script":"<script> [8489 bytes]","args":[{"element-6066-11e4-a52e-4f735466cecf":"f.B301C1F41FC6B7F2328A32BBCA4D6847.d.19E6EEEE0DA040365B881387EFBA830D.e.6126","ELEMENT":"f.B301C1F41FC6B7F2328A32BBCA4D6847.d.19E6EEEE0DA040365B881387EFBA830D.e.6126"}]}
COMMAND: GET /session/39d2cc3d4aadadb3bd833599b4f4dfae/element/f.B301C1F41FC6B7F2328A32BBCA4D6847.d.19E6EEEE0DA040365B881387EFBA830D.e.6126/enabled - {}
COMMAND: GET /session/39d2cc3d4aadadb3bd833599b4f4dfae/screenshot - {}
RESULT: {}
COMMAND: POST /session/39d2cc3d4aadadb3bd833599b4f4dfae/execute/sync - {"script":"<script> [8489 bytes]","args":[{"element-6066-11e4-a52e-4f735466cecf":"f.B301C1F41FC6B7F2328A32BBCA4D6847.d.19E6EEEE0DA040365B881387EFBA830D.e.6126","ELEMENT":"f.B301C1F41FC6B7F2328A32BBCA4D6847.d.19E6EEEE0DA040365B881387EFBA830D.e.6126"}]}
COMMAND: GET /session/39d2cc3d4aadadb3bd833599b4f4dfae/screenshot - {}
RESULT: {}
RESULT: {"script":"<script> [8489 bytes]","args":[{"element-6066-11e4-a52e-4f735466cecf":"f.B301C1F41FC6B7F2328A32BBCA4D6847.d.19E6EEEE0DA040365B881387EFBA830D.e.6126","ELEMENT":"f.B301C1F41FC6B7F2328A32BBCA4D6847.d.19E6EEEE0DA040365B881387EFBA830D.e.6126"}]}
COMMAND: POST /session/39d2cc3d4aadadb3bd833599b4f4dfae/execute/sync - {"script":"<script> [5351 bytes]","args":[{"element-6066-11e4-a52e-4f735466cecf":"f.B301C1F41FC6B7F2328A32BBCA4D6847.d.19E6EEEE0DA040365B881387EFBA830D.e.6126","ELEMENT":"f.B301C1F41FC6B7F2328A32BBCA4D6847.d.19E6EEEE0DA040365B881387EFBA830D.e.6126"}]}
COMMAND: GET /session/39d2cc3d4aadadb3bd833599b4f4dfae/screenshot - {}
RESULT: {}
RESULT: {"script":"<script> [5351 bytes]","args":[{"element-6066-11e4-a52e-4f735466cecf":"f.B301C1F41FC6B7F2328A32BBCA4D6847.d.19E6EEEE0DA040365B881387EFBA830D.e.6126","ELEMENT":"f.B301C1F41FC6B7F2328A32BBCA4D6847.d.19E6EEEE0DA040365B881387EFBA830D.e.6126"}]}
COMMAND: POST /session/39d2cc3d4aadadb3bd833599b4f4dfae/element/f.B301C1F41FC6B7F2328A32BBCA4D6847.d.19E6EEEE0DA040365B881387EFBA830D.e.6126/click - {}
COMMAND: GET /session/39d2cc3d4aadadb3bd833599b4f4dfae/screenshot - {}
RESULT: {}
RESULT: {}
COMMAND: GET /session/39d2cc3d4aadadb3bd833599b4f4dfae/screenshot - {}
RESULT: {}
RESULT: {}
COMMAND: POST /session/39d2cc3d4aadadb3bd833599b4f4dfae/execute/async - {"script":"<script> [1562 bytes]","args":[{"selector":{"controlType":"sap.m.Title","viewName":"etm.portal.ui.managepricingrules.view.NewItem","viewId":"application-managepricingrules-display-component---newInfoPriceItem","properties":{"text":"New Pricing Rules - Item Level"}},"wdio_ui5_key":"etmportal.ui.managepricingrules.view.NewItemsap.m.Title{\"text\":\"New Pricing Rules - Item Level\"}"}]}
RESULT: {"script":"<script> [1562 bytes]","args":[{"selector":{"controlType":"sap.m.Title","viewName":"etm.portal.ui.managepricingrules.view.NewItem","viewId":"application-managepricingrules-display-component---newInfoPriceItem","properties":{"text":"New Pricing Rules - Item Level"}},"wdio_ui5_key":"etmportal.ui.managepricingrules.view.NewItemsap.m.Title{\"text\":\"New Pricing Rules - Item Level\"}"}]}
RESULT: undefined
COMMAND: POST /session/39d2cc3d4aadadb3bd833599b4f4dfae/execute/async - {"script":"<script> [6424 bytes]","args":[{"element-6066-11e4-a52e-4f735466cecf":"f.B301C1F41FC6B7F2328A32BBCA4D6847.d.19E6EEEE0DA040365B881387EFBA830D.e.6303"},"getText",[]]}
RESULT: {"script":"<script> [6424 bytes]","args":[{"element-6066-11e4-a52e-4f735466cecf":"f.B301C1F41FC6B7F2328A32BBCA4D6847.d.19E6EEEE0DA040365B881387EFBA830D.e.6303"},"getText",[]]}
COMMAND: POST /session/39d2cc3d4aadadb3bd833599b4f4dfae/execute/async - {"script":"<script> [1562 bytes]","args":[{"selector":{"id":"application-managepricingrules-display-component---newInfoPriceItem--condValidTo","interaction":{"idSuffix":"inner"}},"wdio_ui5_key":"applicationmanagepricingrules-display-component---newInfoPriceItem--condValidTo"}]}
RESULT: {"script":"<script> [1562 bytes]","args":[{"selector":{"id":"application-managepricingrules-display-component---newInfoPriceItem--condValidTo","interaction":{"idSuffix":"inner"}},"wdio_ui5_key":"applicationmanagepricingrules-display-component---newInfoPriceItem--condValidTo"}]}
RESULT: undefined
COMMAND: POST /session/39d2cc3d4aadadb3bd833599b4f4dfae/execute/async - {"script":"<script> [776 bytes]","args":[{"enterText":"1/15/26","selector":{"id":"application-managepricingrules-display-component---newInfoPriceItem--condValidTo","interaction":{"idSuffix":"inner"}},"clearTextFirst":true,"interactionType":"ENTER_TEXT"}]}
RESULT: {"script":"<script> [776 bytes]","args":[{"enterText":"1/15/26","selector":{"id":"application-managepricingrules-display-component---newInfoPriceItem--condValidTo","interaction":{"idSuffix":"inner"}},"clearTextFirst":true,"interactionType":"ENTER_TEXT"}]}
COMMAND: POST /session/39d2cc3d4aadadb3bd833599b4f4dfae/execute/async - {"script":"<script> [1562 bytes]","args":[{"selector":{"id":"application-managepricingrules-display-component---newInfoPriceItem--billType-arrow"},"wdio_ui5_key":"applicationmanagepricingrules-display-component---newInfoPriceItem--billType-arrow"}]}
RESULT: {"script":"<script> [1562 bytes]","args":[{"selector":{"id":"application-managepricingrules-display-component---newInfoPriceItem--billType-arrow"},"wdio_ui5_key":"applicationmanagepricingrules-display-component---newInfoPriceItem--billType-arrow"}]}
RESULT: undefined
COMMAND: POST /session/39d2cc3d4aadadb3bd833599b4f4dfae/element - {"using":"xpath","value":"//*[@id=\"application-managepricingrules-display-component---newInfoPriceItem--billType-arrow\"]"}
RESULT: {"using":"xpath","value":"//*[@id=\"application-managepricingrules-display-component---newInfoPriceItem--billType-arrow\"]"}
COMMAND: POST /session/39d2cc3d4aadadb3bd833599b4f4dfae/element/f.B301C1F41FC6B7F2328A32BBCA4D6847.d.19E6EEEE0DA040365B881387EFBA830D.e.6262/click - {}
RESULT: {}
COMMAND: POST /session/39d2cc3d4aadadb3bd833599b4f4dfae/element - {"using":"xpath","value":"//span[contains(text(), \"TB - Time based\")]"}
COMMAND: GET /session/39d2cc3d4aadadb3bd833599b4f4dfae/screenshot - {}
RESULT: {"using":"xpath","value":"//span[contains(text(), \"TB - Time based\")]"}
COMMAND: POST /session/39d2cc3d4aadadb3bd833599b4f4dfae/element/f.B301C1F41FC6B7F2328A32BBCA4D6847.d.19E6EEEE0DA040365B881387EFBA830D.e.6305/click - {}
RESULT: {}
RESULT: {}
COMMAND: POST /session/39d2cc3d4aadadb3bd833599b4f4dfae/execute/async - {"script":"<script> [1562 bytes]","args":[{"selector":{"id":"application-managepricingrules-display-component---newInfoPriceItem--priceProc-arrow"},"wdio_ui5_key":"applicationmanagepricingrules-display-component---newInfoPriceItem--priceProc-arrow"}]}
COMMAND: GET /session/39d2cc3d4aadadb3bd833599b4f4dfae/screenshot - {}
RESULT: {"script":"<script> [1562 bytes]","args":[{"selector":{"id":"application-managepricingrules-display-component---newInfoPriceItem--priceProc-arrow"},"wdio_ui5_key":"applicationmanagepricingrules-display-component---newInfoPriceItem--priceProc-arrow"}]}
RESULT: undefined
COMMAND: POST /session/39d2cc3d4aadadb3bd833599b4f4dfae/element - {"using":"xpath","value":"//*[@id=\"application-managepricingrules-display-component---newInfoPriceItem--priceProc-arrow\"]"}
RESULT: {}
RESULT: {"using":"xpath","value":"//*[@id=\"application-managepricingrules-display-component---newInfoPriceItem--priceProc-arrow\"]"}
COMMAND: POST /session/39d2cc3d4aadadb3bd833599b4f4dfae/element/f.B301C1F41FC6B7F2328A32BBCA4D6847.d.19E6EEEE0DA040365B881387EFBA830D.e.6269/click - {}
RESULT: {}
COMMAND: POST /session/39d2cc3d4aadadb3bd833599b4f4dfae/element - {"using":"xpath","value":"//span[contains(text(), \"TBS - Time based standard\")]"}
COMMAND: GET /session/39d2cc3d4aadadb3bd833599b4f4dfae/screenshot - {}
RESULT: {"using":"xpath","value":"//span[contains(text(), \"TBS - Time based standard\")]"}
COMMAND: POST /session/39d2cc3d4aadadb3bd833599b4f4dfae/element/f.B301C1F41FC6B7F2328A32BBCA4D6847.d.19E6EEEE0DA040365B881387EFBA830D.e.6306/click - {}
RESULT: {}
RESULT: {}
COMMAND: POST /session/39d2cc3d4aadadb3bd833599b4f4dfae/execute/async - {"script":"<script> [1562 bytes]","args":[{"selector":{"id":"application-managepricingrules-display-component---newInfoPriceItem--calcBase-arrow"},"wdio_ui5_key":"applicationmanagepricingrules-display-component---newInfoPriceItem--calcBase-arrow"}]}
COMMAND: GET /session/39d2cc3d4aadadb3bd833599b4f4dfae/screenshot - {}
RESULT: {"script":"<script> [1562 bytes]","args":[{"selector":{"id":"application-managepricingrules-display-component---newInfoPriceItem--calcBase-arrow"},"wdio_ui5_key":"applicationmanagepricingrules-display-component---newInfoPriceItem--calcBase-arrow"}]}
RESULT: undefined
COMMAND: POST /session/39d2cc3d4aadadb3bd833599b4f4dfae/element - {"using":"xpath","value":"//*[@id=\"application-managepricingrules-display-component---newInfoPriceItem--calcBase-arrow\"]"}
RESULT: {}
RESULT: {"using":"xpath","value":"//*[@id=\"application-managepricingrules-display-component---newInfoPriceItem--calcBase-arrow\"]"}
COMMAND: POST /session/39d2cc3d4aadadb3bd833599b4f4dfae/element/f.B301C1F41FC6B7F2328A32BBCA4D6847.d.19E6EEEE0DA040365B881387EFBA830D.e.6276/click - {}
RESULT: {}
COMMAND: GET /session/39d2cc3d4aadadb3bd833599b4f4dfae/screenshot - {}
RESULT: {}
COMMAND: POST /session/39d2cc3d4aadadb3bd833599b4f4dfae/element - {"using":"xpath","value":"//span[contains(text(), \"0006 - TB(calendar days)\")]"}
RESULT: {"using":"xpath","value":"//span[contains(text(), \"0006 - TB(calendar days)\")]"}
COMMAND: POST /session/39d2cc3d4aadadb3bd833599b4f4dfae/element/f.B301C1F41FC6B7F2328A32BBCA4D6847.d.19E6EEEE0DA040365B881387EFBA830D.e.6307/click - {}
RESULT: {}
COMMAND: GET /session/39d2cc3d4aadadb3bd833599b4f4dfae/screenshot - {}
RESULT: {}
COMMAND: POST /session/39d2cc3d4aadadb3bd833599b4f4dfae/execute/async - {"script":"<script> [1562 bytes]","args":[{"selector":{"id":"application-managepricingrules-display-component---newInfoPriceItem--daysMonth","interaction":{"idSuffix":"inner"}},"wdio_ui5_key":"applicationmanagepricingrules-display-component---newInfoPriceItem--daysMonth"}]}
RESULT: {"script":"<script> [1562 bytes]","args":[{"selector":{"id":"application-managepricingrules-display-component---newInfoPriceItem--daysMonth","interaction":{"idSuffix":"inner"}},"wdio_ui5_key":"applicationmanagepricingrules-display-component---newInfoPriceItem--daysMonth"}]}
RESULT: undefined
COMMAND: POST /session/39d2cc3d4aadadb3bd833599b4f4dfae/execute/async - {"script":"<script> [776 bytes]","args":[{"enterText":"30","selector":{"id":"application-managepricingrules-display-component---newInfoPriceItem--daysMonth","interaction":{"idSuffix":"inner"}},"clearTextFirst":true,"interactionType":"ENTER_TEXT"}]}
RESULT: {"script":"<script> [776 bytes]","args":[{"enterText":"30","selector":{"id":"application-managepricingrules-display-component---newInfoPriceItem--daysMonth","interaction":{"idSuffix":"inner"}},"clearTextFirst":true,"interactionType":"ENTER_TEXT"}]}
COMMAND: POST /session/39d2cc3d4aadadb3bd833599b4f4dfae/element - {"using":"xpath","value":"//button[@data-kt=\"saveNewRuleButton\"]"}
RESULT: {"using":"xpath","value":"//button[@data-kt=\"saveNewRuleButton\"]"}
COMMAND: POST /session/39d2cc3d4aadadb3bd833599b4f4dfae/element/f.B301C1F41FC6B7F2328A32BBCA4D6847.d.19E6EEEE0DA040365B881387EFBA830D.e.6296/click - {}
RESULT: {}
COMMAND: GET /session/39d2cc3d4aadadb3bd833599b4f4dfae/screenshot - {}
RESULT: {}
COMMAND: POST /session/39d2cc3d4aadadb3bd833599b4f4dfae/execute/async - {"script":"<script> [1562 bytes]","args":[{"selector":{"id":"application-managepricingrules-display-component---priceInfoItem--smartFilterBar-btnBasicSearch","interaction":{"idSuffix":"I"}},"wdio_ui5_key":"applicationmanagepricingrules-display-component---priceInfoItem--smartFilterBar-btnBasicSearch"}]}
RESULT: {"script":"<script> [1562 bytes]","args":[{"selector":{"id":"application-managepricingrules-display-component---priceInfoItem--smartFilterBar-btnBasicSearch","interaction":{"idSuffix":"I"}},"wdio_ui5_key":"applicationmanagepricingrules-display-component---priceInfoItem--smartFilterBar-btnBasicSearch"}]}
RESULT: undefined
COMMAND: POST /session/39d2cc3d4aadadb3bd833599b4f4dfae/execute/async - {"script":"<script> [776 bytes]","args":[{"enterText":"BrPQbzPNaM","selector":{"id":"application-managepricingrules-display-component---priceInfoItem--smartFilterBar-btnBasicSearch","interaction":{"idSuffix":"I"}},"clearTextFirst":true,"interactionType":"ENTER_TEXT"}]}
RESULT: {"script":"<script> [776 bytes]","args":[{"enterText":"BrPQbzPNaM","selector":{"id":"application-managepricingrules-display-component---priceInfoItem--smartFilterBar-btnBasicSearch","interaction":{"idSuffix":"I"}},"clearTextFirst":true,"interactionType":"ENTER_TEXT"}]}
COMMAND: POST /session/39d2cc3d4aadadb3bd833599b4f4dfae/actions - {"actions":[{"id":"action24","type":"key","parameters":{},"actions":[{"type":"keyDown","value":"î€‡"},{"type":"pause","duration":10},{"type":"keyUp","value":"î€‡"}]}]}
RESULT: {"actions":[{"id":"action24","type":"key","parameters":{},"actions":[{"type":"keyDown","value":"î€‡"},{"type":"pause","duration":10},{"type":"keyUp","value":"î€‡"}]}]}
COMMAND: GET /session/39d2cc3d4aadadb3bd833599b4f4dfae/screenshot - {}
RESULT: {}
COMMAND: POST /session/39d2cc3d4aadadb3bd833599b4f4dfae/element - {"using":"xpath","value":"//span[@id=\"application-managepricingrules-display-component---priceInfoItem--smartTable-header-inner\"]"}
RESULT: {"using":"xpath","value":"//span[@id=\"application-managepricingrules-display-component---priceInfoItem--smartTable-header-inner\"]"}
COMMAND: POST /session/39d2cc3d4aadadb3bd833599b4f4dfae/elements - {"using":"xpath","value":"//span[@id=\"application-managepricingrules-display-component---priceInfoItem--smartTable-header-inner\"]"}
RESULT: {"using":"xpath","value":"//span[@id=\"application-managepricingrules-display-component---priceInfoItem--smartTable-header-inner\"]"}
COMMAND: POST /session/39d2cc3d4aadadb3bd833599b4f4dfae/execute/sync - {"script":"<script> [56 bytes]","args":[{"element-6066-11e4-a52e-4f735466cecf":"f.B301C1F41FC6B7F2328A32BBCA4D6847.d.19E6EEEE0DA040365B881387EFBA830D.e.6321","ELEMENT":"f.B301C1F41FC6B7F2328A32BBCA4D6847.d.19E6EEEE0DA040365B881387EFBA830D.e.6321"}]}
RESULT: {"script":"<script> [56 bytes]","args":[{"element-6066-11e4-a52e-4f735466cecf":"f.B301C1F41FC6B7F2328A32BBCA4D6847.d.19E6EEEE0DA040365B881387EFBA830D.e.6321","ELEMENT":"f.B301C1F41FC6B7F2328A32BBCA4D6847.d.19E6EEEE0DA040365B881387EFBA830D.e.6321"}]}
COMMAND: POST /session/39d2cc3d4aadadb3bd833599b4f4dfae/element - {"using":"css selector","value":"#shell-header-logo"}
COMMAND: GET /session/39d2cc3d4aadadb3bd833599b4f4dfae/screenshot - {}
RESULT: {"using":"css selector","value":"#shell-header-logo"}
COMMAND: POST /session/39d2cc3d4aadadb3bd833599b4f4dfae/element/f.B301C1F41FC6B7F2328A32BBCA4D6847.d.19E6EEEE0DA040365B881387EFBA830D.e.5446/click - {}
RESULT: {}
RESULT: {}
COMMAND: GET /session/39d2cc3d4aadadb3bd833599b4f4dfae/screenshot - {}
RESULT: {}
]]></system-out>
    </testcase>
    <testcase classname="chrome.136_0_7103_93.windows.Billing_Transfer_-_Intracompany_US127249" name="Should manage conditions" time="65.182">
      <system-out><![CDATA[
COMMAND: POST /session/39d2cc3d4aadadb3bd833599b4f4dfae/execute/async - {"script":"<script> [1562 bytes]","args":[{"selector":{"controlType":"sap.m.GenericTile","properties":{"header":"Manage Conditions & Prices"}},"wdio_ui5_key":"sapm.GenericTile{\"header\":\"Manage Conditions & Prices\"}"}]}
RESULT: {"script":"<script> [1562 bytes]","args":[{"selector":{"controlType":"sap.m.GenericTile","properties":{"header":"Manage Conditions & Prices"}},"wdio_ui5_key":"sapm.GenericTile{\"header\":\"Manage Conditions & Prices\"}"}]}
RESULT: undefined
COMMAND: POST /session/39d2cc3d4aadadb3bd833599b4f4dfae/element - {"using":"xpath","value":"//*[@id=\"__tile53\"]"}
RESULT: {"using":"xpath","value":"//*[@id=\"__tile53\"]"}
COMMAND: POST /session/39d2cc3d4aadadb3bd833599b4f4dfae/element/f.B301C1F41FC6B7F2328A32BBCA4D6847.d.19E6EEEE0DA040365B881387EFBA830D.e.3132/click - {}
RESULT: {}
COMMAND: GET /session/39d2cc3d4aadadb3bd833599b4f4dfae/screenshot - {}
RESULT: {}
COMMAND: POST /session/39d2cc3d4aadadb3bd833599b4f4dfae/elements - {"using":"xpath","value":"//span[text()='Error']"}
RESULT: {"using":"xpath","value":"//span[text()='Error']"}
COMMAND: POST /session/39d2cc3d4aadadb3bd833599b4f4dfae/element - {"using":"xpath","value":"//button[@aria-label=\"Create\"]"}
RESULT: {"using":"xpath","value":"//button[@aria-label=\"Create\"]"}
COMMAND: POST /session/39d2cc3d4aadadb3bd833599b4f4dfae/elements - {"using":"xpath","value":"//button[@aria-label=\"Create\"]"}
RESULT: {"using":"xpath","value":"//button[@aria-label=\"Create\"]"}
COMMAND: POST /session/39d2cc3d4aadadb3bd833599b4f4dfae/execute/sync - {"script":"<script> [8489 bytes]","args":[{"element-6066-11e4-a52e-4f735466cecf":"f.B301C1F41FC6B7F2328A32BBCA4D6847.d.19E6EEEE0DA040365B881387EFBA830D.e.6357","ELEMENT":"f.B301C1F41FC6B7F2328A32BBCA4D6847.d.19E6EEEE0DA040365B881387EFBA830D.e.6357"}]}
RESULT: {"script":"<script> [8489 bytes]","args":[{"element-6066-11e4-a52e-4f735466cecf":"f.B301C1F41FC6B7F2328A32BBCA4D6847.d.19E6EEEE0DA040365B881387EFBA830D.e.6357","ELEMENT":"f.B301C1F41FC6B7F2328A32BBCA4D6847.d.19E6EEEE0DA040365B881387EFBA830D.e.6357"}]}
COMMAND: GET /session/39d2cc3d4aadadb3bd833599b4f4dfae/element/f.B301C1F41FC6B7F2328A32BBCA4D6847.d.19E6EEEE0DA040365B881387EFBA830D.e.6357/enabled - {}
COMMAND: GET /session/39d2cc3d4aadadb3bd833599b4f4dfae/screenshot - {}
RESULT: {}
COMMAND: POST /session/39d2cc3d4aadadb3bd833599b4f4dfae/execute/sync - {"script":"<script> [8489 bytes]","args":[{"element-6066-11e4-a52e-4f735466cecf":"f.B301C1F41FC6B7F2328A32BBCA4D6847.d.19E6EEEE0DA040365B881387EFBA830D.e.6357","ELEMENT":"f.B301C1F41FC6B7F2328A32BBCA4D6847.d.19E6EEEE0DA040365B881387EFBA830D.e.6357"}]}
COMMAND: GET /session/39d2cc3d4aadadb3bd833599b4f4dfae/screenshot - {}
RESULT: {}
RESULT: {"script":"<script> [8489 bytes]","args":[{"element-6066-11e4-a52e-4f735466cecf":"f.B301C1F41FC6B7F2328A32BBCA4D6847.d.19E6EEEE0DA040365B881387EFBA830D.e.6357","ELEMENT":"f.B301C1F41FC6B7F2328A32BBCA4D6847.d.19E6EEEE0DA040365B881387EFBA830D.e.6357"}]}
COMMAND: POST /session/39d2cc3d4aadadb3bd833599b4f4dfae/execute/sync - {"script":"<script> [5351 bytes]","args":[{"element-6066-11e4-a52e-4f735466cecf":"f.B301C1F41FC6B7F2328A32BBCA4D6847.d.19E6EEEE0DA040365B881387EFBA830D.e.6357","ELEMENT":"f.B301C1F41FC6B7F2328A32BBCA4D6847.d.19E6EEEE0DA040365B881387EFBA830D.e.6357"}]}
COMMAND: GET /session/39d2cc3d4aadadb3bd833599b4f4dfae/screenshot - {}
RESULT: {}
RESULT: {"script":"<script> [5351 bytes]","args":[{"element-6066-11e4-a52e-4f735466cecf":"f.B301C1F41FC6B7F2328A32BBCA4D6847.d.19E6EEEE0DA040365B881387EFBA830D.e.6357","ELEMENT":"f.B301C1F41FC6B7F2328A32BBCA4D6847.d.19E6EEEE0DA040365B881387EFBA830D.e.6357"}]}
COMMAND: POST /session/39d2cc3d4aadadb3bd833599b4f4dfae/element/f.B301C1F41FC6B7F2328A32BBCA4D6847.d.19E6EEEE0DA040365B881387EFBA830D.e.6357/click - {}
COMMAND: GET /session/39d2cc3d4aadadb3bd833599b4f4dfae/screenshot - {}
RESULT: {}
RESULT: {}
COMMAND: GET /session/39d2cc3d4aadadb3bd833599b4f4dfae/screenshot - {}
RESULT: {}
RESULT: {}
COMMAND: POST /session/39d2cc3d4aadadb3bd833599b4f4dfae/actions - {"actions":[{"id":"action25","type":"key","parameters":{},"actions":[{"type":"keyDown","value":"î€‡"},{"type":"pause","duration":10},{"type":"keyUp","value":"î€‡"}]}]}
RESULT: {"actions":[{"id":"action25","type":"key","parameters":{},"actions":[{"type":"keyDown","value":"î€‡"},{"type":"pause","duration":10},{"type":"keyUp","value":"î€‡"}]}]}
COMMAND: GET /session/39d2cc3d4aadadb3bd833599b4f4dfae/screenshot - {}
RESULT: {}
COMMAND: POST /session/39d2cc3d4aadadb3bd833599b4f4dfae/execute/async - {"script":"<script> [1562 bytes]","args":[{"selector":{"id":"application-manageconditionprice-display-component---newCondition--condBillCond-arrow"},"wdio_ui5_key":"applicationmanageconditionprice-display-component---newCondition--condBillCond-arrow"}]}
RESULT: {"script":"<script> [1562 bytes]","args":[{"selector":{"id":"application-manageconditionprice-display-component---newCondition--condBillCond-arrow"},"wdio_ui5_key":"applicationmanageconditionprice-display-component---newCondition--condBillCond-arrow"}]}
RESULT: undefined
COMMAND: POST /session/39d2cc3d4aadadb3bd833599b4f4dfae/element - {"using":"xpath","value":"//*[@id=\"application-manageconditionprice-display-component---newCondition--condBillCond-arrow\"]"}
RESULT: {"using":"xpath","value":"//*[@id=\"application-manageconditionprice-display-component---newCondition--condBillCond-arrow\"]"}
COMMAND: POST /session/39d2cc3d4aadadb3bd833599b4f4dfae/element/f.B301C1F41FC6B7F2328A32BBCA4D6847.d.19E6EEEE0DA040365B881387EFBA830D.e.6536/click - {}
RESULT: {}
COMMAND: GET /session/39d2cc3d4aadadb3bd833599b4f4dfae/screenshot - {}
RESULT: {}
COMMAND: POST /session/39d2cc3d4aadadb3bd833599b4f4dfae/element - {"using":"xpath","value":"//li[.//span[contains(text(), \"DISP - D&I special price\")]]"}
RESULT: {"using":"xpath","value":"//li[.//span[contains(text(), \"DISP - D&I special price\")]]"}
COMMAND: POST /session/39d2cc3d4aadadb3bd833599b4f4dfae/element/f.B301C1F41FC6B7F2328A32BBCA4D6847.d.19E6EEEE0DA040365B881387EFBA830D.e.6539/click - {}
RESULT: {}
COMMAND: GET /session/39d2cc3d4aadadb3bd833599b4f4dfae/screenshot - {}
RESULT: {}
COMMAND: POST /session/39d2cc3d4aadadb3bd833599b4f4dfae/execute/async - {"script":"<script> [1562 bytes]","args":[{"selector":{"id":"application-manageconditionprice-display-component---newCondition--condValidTo","interaction":{"idSuffix":"inner"}},"wdio_ui5_key":"applicationmanageconditionprice-display-component---newCondition--condValidTo"}]}
RESULT: {"script":"<script> [1562 bytes]","args":[{"selector":{"id":"application-manageconditionprice-display-component---newCondition--condValidTo","interaction":{"idSuffix":"inner"}},"wdio_ui5_key":"applicationmanageconditionprice-display-component---newCondition--condValidTo"}]}
RESULT: undefined
COMMAND: POST /session/39d2cc3d4aadadb3bd833599b4f4dfae/execute/async - {"script":"<script> [776 bytes]","args":[{"enterText":"1/15/26","selector":{"id":"application-manageconditionprice-display-component---newCondition--condValidTo","interaction":{"idSuffix":"inner"}},"clearTextFirst":true,"interactionType":"ENTER_TEXT"}]}
RESULT: {"script":"<script> [776 bytes]","args":[{"enterText":"1/15/26","selector":{"id":"application-manageconditionprice-display-component---newCondition--condValidTo","interaction":{"idSuffix":"inner"}},"clearTextFirst":true,"interactionType":"ENTER_TEXT"}]}
COMMAND: POST /session/39d2cc3d4aadadb3bd833599b4f4dfae/element - {"using":"xpath","value":"//input[@id=\"application-manageconditionprice-display-component---newCondition--condRU-inner\"]"}
RESULT: {"using":"xpath","value":"//input[@id=\"application-manageconditionprice-display-component---newCondition--condRU-inner\"]"}
COMMAND: POST /session/39d2cc3d4aadadb3bd833599b4f4dfae/element/f.B301C1F41FC6B7F2328A32BBCA4D6847.d.19E6EEEE0DA040365B881387EFBA830D.e.6403/clear - {}
RESULT: {}
COMMAND: POST /session/39d2cc3d4aadadb3bd833599b4f4dfae/element/f.B301C1F41FC6B7F2328A32BBCA4D6847.d.19E6EEEE0DA040365B881387EFBA830D.e.6403/value - {"text":"BrPQbzPNaM"}
COMMAND: GET /session/39d2cc3d4aadadb3bd833599b4f4dfae/screenshot - {}
RESULT: {"text":"BrPQbzPNaM"}
COMMAND: GET /session/39d2cc3d4aadadb3bd833599b4f4dfae/screenshot - {}
RESULT: {}
RESULT: {}
COMMAND: POST /session/39d2cc3d4aadadb3bd833599b4f4dfae/actions - {"actions":[{"id":"action26","type":"key","parameters":{},"actions":[{"type":"keyDown","value":"î€‡"},{"type":"pause","duration":10},{"type":"keyUp","value":"î€‡"}]}]}
RESULT: {"actions":[{"id":"action26","type":"key","parameters":{},"actions":[{"type":"keyDown","value":"î€‡"},{"type":"pause","duration":10},{"type":"keyUp","value":"î€‡"}]}]}
COMMAND: POST /session/39d2cc3d4aadadb3bd833599b4f4dfae/execute/async - {"script":"<script> [1562 bytes]","args":[{"selector":{"id":"application-manageconditionprice-display-component---newCondition--condBaseQty","interaction":{"idSuffix":"inner"}},"wdio_ui5_key":"applicationmanageconditionprice-display-component---newCondition--condBaseQty"}]}
COMMAND: GET /session/39d2cc3d4aadadb3bd833599b4f4dfae/screenshot - {}
RESULT: {"script":"<script> [1562 bytes]","args":[{"selector":{"id":"application-manageconditionprice-display-component---newCondition--condBaseQty","interaction":{"idSuffix":"inner"}},"wdio_ui5_key":"applicationmanageconditionprice-display-component---newCondition--condBaseQty"}]}
RESULT: undefined
COMMAND: POST /session/39d2cc3d4aadadb3bd833599b4f4dfae/execute/async - {"script":"<script> [776 bytes]","args":[{"enterText":"1","selector":{"id":"application-manageconditionprice-display-component---newCondition--condBaseQty","interaction":{"idSuffix":"inner"}},"clearTextFirst":true,"interactionType":"ENTER_TEXT"}]}
RESULT: {}
RESULT: {"script":"<script> [776 bytes]","args":[{"enterText":"1","selector":{"id":"application-manageconditionprice-display-component---newCondition--condBaseQty","interaction":{"idSuffix":"inner"}},"clearTextFirst":true,"interactionType":"ENTER_TEXT"}]}
COMMAND: POST /session/39d2cc3d4aadadb3bd833599b4f4dfae/execute/async - {"script":"<script> [1562 bytes]","args":[{"selector":{"id":"application-manageconditionprice-display-component---newCondition--condValue","interaction":{"idSuffix":"inner"}},"wdio_ui5_key":"applicationmanageconditionprice-display-component---newCondition--condValue"}]}
RESULT: {"script":"<script> [1562 bytes]","args":[{"selector":{"id":"application-manageconditionprice-display-component---newCondition--condValue","interaction":{"idSuffix":"inner"}},"wdio_ui5_key":"applicationmanageconditionprice-display-component---newCondition--condValue"}]}
RESULT: undefined
COMMAND: POST /session/39d2cc3d4aadadb3bd833599b4f4dfae/execute/async - {"script":"<script> [776 bytes]","args":[{"enterText":"200","selector":{"id":"application-manageconditionprice-display-component---newCondition--condValue","interaction":{"idSuffix":"inner"}},"clearTextFirst":true,"interactionType":"ENTER_TEXT"}]}
RESULT: {"script":"<script> [776 bytes]","args":[{"enterText":"200","selector":{"id":"application-manageconditionprice-display-component---newCondition--condValue","interaction":{"idSuffix":"inner"}},"clearTextFirst":true,"interactionType":"ENTER_TEXT"}]}
COMMAND: POST /session/39d2cc3d4aadadb3bd833599b4f4dfae/execute/async - {"script":"<script> [1562 bytes]","args":[{"selector":{"id":"application-manageconditionprice-display-component---newCondition--condCurr-arrow"},"wdio_ui5_key":"applicationmanageconditionprice-display-component---newCondition--condCurr-arrow"}]}
RESULT: {"script":"<script> [1562 bytes]","args":[{"selector":{"id":"application-manageconditionprice-display-component---newCondition--condCurr-arrow"},"wdio_ui5_key":"applicationmanageconditionprice-display-component---newCondition--condCurr-arrow"}]}
RESULT: undefined
COMMAND: POST /session/39d2cc3d4aadadb3bd833599b4f4dfae/element - {"using":"xpath","value":"//*[@id=\"application-manageconditionprice-display-component---newCondition--condCurr-arrow\"]"}
RESULT: {"using":"xpath","value":"//*[@id=\"application-manageconditionprice-display-component---newCondition--condCurr-arrow\"]"}
COMMAND: POST /session/39d2cc3d4aadadb3bd833599b4f4dfae/element/f.B301C1F41FC6B7F2328A32BBCA4D6847.d.19E6EEEE0DA040365B881387EFBA830D.e.6518/click - {}
RESULT: {}
COMMAND: POST /session/39d2cc3d4aadadb3bd833599b4f4dfae/element - {"using":"xpath","value":"//span[contains(text(), \"Euro\")]"}
COMMAND: GET /session/39d2cc3d4aadadb3bd833599b4f4dfae/screenshot - {}
RESULT: {"using":"xpath","value":"//span[contains(text(), \"Euro\")]"}
COMMAND: POST /session/39d2cc3d4aadadb3bd833599b4f4dfae/element/f.B301C1F41FC6B7F2328A32BBCA4D6847.d.19E6EEEE0DA040365B881387EFBA830D.e.6576/click - {}
RESULT: {}
RESULT: {}
COMMAND: POST /session/39d2cc3d4aadadb3bd833599b4f4dfae/element - {"using":"xpath","value":"//button[@data-kt=\"saveButton\"]"}
COMMAND: GET /session/39d2cc3d4aadadb3bd833599b4f4dfae/screenshot - {}
RESULT: {"using":"xpath","value":"//button[@data-kt=\"saveButton\"]"}
COMMAND: POST /session/39d2cc3d4aadadb3bd833599b4f4dfae/element/f.B301C1F41FC6B7F2328A32BBCA4D6847.d.19E6EEEE0DA040365B881387EFBA830D.e.6519/click - {}
RESULT: {}
RESULT: {}
COMMAND: GET /session/39d2cc3d4aadadb3bd833599b4f4dfae/screenshot - {}
RESULT: {}
COMMAND: POST /session/39d2cc3d4aadadb3bd833599b4f4dfae/execute/async - {"script":"<script> [1562 bytes]","args":[{"selector":{"id":"application-manageconditionprice-display-component---conditions--smartFilterBar-btnBasicSearch","interaction":{"idSuffix":"I"}},"wdio_ui5_key":"applicationmanageconditionprice-display-component---conditions--smartFilterBar-btnBasicSearch"}]}
RESULT: {"script":"<script> [1562 bytes]","args":[{"selector":{"id":"application-manageconditionprice-display-component---conditions--smartFilterBar-btnBasicSearch","interaction":{"idSuffix":"I"}},"wdio_ui5_key":"applicationmanageconditionprice-display-component---conditions--smartFilterBar-btnBasicSearch"}]}
RESULT: undefined
COMMAND: POST /session/39d2cc3d4aadadb3bd833599b4f4dfae/execute/async - {"script":"<script> [776 bytes]","args":[{"enterText":"BrPQbzPNaM","selector":{"id":"application-manageconditionprice-display-component---conditions--smartFilterBar-btnBasicSearch","interaction":{"idSuffix":"I"}},"clearTextFirst":true,"interactionType":"ENTER_TEXT"}]}
RESULT: {"script":"<script> [776 bytes]","args":[{"enterText":"BrPQbzPNaM","selector":{"id":"application-manageconditionprice-display-component---conditions--smartFilterBar-btnBasicSearch","interaction":{"idSuffix":"I"}},"clearTextFirst":true,"interactionType":"ENTER_TEXT"}]}
COMMAND: POST /session/39d2cc3d4aadadb3bd833599b4f4dfae/actions - {"actions":[{"id":"action27","type":"key","parameters":{},"actions":[{"type":"keyDown","value":"î€‡"},{"type":"pause","duration":10},{"type":"keyUp","value":"î€‡"}]}]}
RESULT: {"actions":[{"id":"action27","type":"key","parameters":{},"actions":[{"type":"keyDown","value":"î€‡"},{"type":"pause","duration":10},{"type":"keyUp","value":"î€‡"}]}]}
COMMAND: GET /session/39d2cc3d4aadadb3bd833599b4f4dfae/screenshot - {}
RESULT: {}
COMMAND: POST /session/39d2cc3d4aadadb3bd833599b4f4dfae/execute/async - {"script":"<script> [1562 bytes]","args":[{"selector":{"id":"application-manageconditionprice-display-component---conditions--smartFilterBar-filterItemControl_BASIC-BILL_TYPES-vhi"},"wdio_ui5_key":"applicationmanageconditionprice-display-component---conditions--smartFilterBar-filterItemControl_BASIC-BILL_TYPES-vhi"}]}
RESULT: {"script":"<script> [1562 bytes]","args":[{"selector":{"id":"application-manageconditionprice-display-component---conditions--smartFilterBar-filterItemControl_BASIC-BILL_TYPES-vhi"},"wdio_ui5_key":"applicationmanageconditionprice-display-component---conditions--smartFilterBar-filterItemControl_BASIC-BILL_TYPES-vhi"}]}
RESULT: undefined
COMMAND: POST /session/39d2cc3d4aadadb3bd833599b4f4dfae/element - {"using":"xpath","value":"//*[@id=\"application-manageconditionprice-display-component---conditions--smartFilterBar-filterItemControl_BASIC-BILL_TYPES-vhi\"]"}
RESULT: {"using":"xpath","value":"//*[@id=\"application-manageconditionprice-display-component---conditions--smartFilterBar-filterItemControl_BASIC-BILL_TYPES-vhi\"]"}
COMMAND: POST /session/39d2cc3d4aadadb3bd833599b4f4dfae/element/f.B301C1F41FC6B7F2328A32BBCA4D6847.d.19E6EEEE0DA040365B881387EFBA830D.e.6593/click - {}
RESULT: {}
COMMAND: POST /session/39d2cc3d4aadadb3bd833599b4f4dfae/execute/async - {"script":"<script> [1562 bytes]","args":[{"selector":{"id":"application-manageconditionprice-display-component---conditions--smartFilterBar-filterItemControl_BASIC-BILL_TYPES-valueHelpDialog-smartFilterBar-btnBasicSearch","searchOpenDialogs":true,"interaction":{"idSuffix":"I"}},"wdio_ui5_key":"applicationmanageconditionprice-display-component---conditions--smartFilterBar-filterItemControl_BASIC-BILL_TYPES-valueHelpDialog-smartFilterBar-btnBasicSearch"}]}
COMMAND: GET /session/39d2cc3d4aadadb3bd833599b4f4dfae/screenshot - {}
RESULT: {"script":"<script> [1562 bytes]","args":[{"selector":{"id":"application-manageconditionprice-display-component---conditions--smartFilterBar-filterItemControl_BASIC-BILL_TYPES-valueHelpDialog-smartFilterBar-btnBasicSearch","searchOpenDialogs":true,"interaction":{"idSuffix":"I"}},"wdio_ui5_key":"applicationmanageconditionprice-display-component---conditions--smartFilterBar-filterItemControl_BASIC-BILL_TYPES-valueHelpDialog-smartFilterBar-btnBasicSearch"}]}
RESULT: undefined
COMMAND: POST /session/39d2cc3d4aadadb3bd833599b4f4dfae/execute/async - {"script":"<script> [776 bytes]","args":[{"enterText":"TB","selector":{"id":"application-manageconditionprice-display-component---conditions--smartFilterBar-filterItemControl_BASIC-BILL_TYPES-valueHelpDialog-smartFilterBar-btnBasicSearch","searchOpenDialogs":true,"interaction":{"idSuffix":"I"}},"clearTextFirst":true,"interactionType":"ENTER_TEXT"}]}
RESULT: {}
RESULT: {"script":"<script> [776 bytes]","args":[{"enterText":"TB","selector":{"id":"application-manageconditionprice-display-component---conditions--smartFilterBar-filterItemControl_BASIC-BILL_TYPES-valueHelpDialog-smartFilterBar-btnBasicSearch","searchOpenDialogs":true,"interaction":{"idSuffix":"I"}},"clearTextFirst":true,"interactionType":"ENTER_TEXT"}]}
COMMAND: POST /session/39d2cc3d4aadadb3bd833599b4f4dfae/actions - {"actions":[{"id":"action28","type":"key","parameters":{},"actions":[{"type":"keyDown","value":"î€‡"},{"type":"pause","duration":10},{"type":"keyUp","value":"î€‡"}]}]}
RESULT: {"actions":[{"id":"action28","type":"key","parameters":{},"actions":[{"type":"keyDown","value":"î€‡"},{"type":"pause","duration":10},{"type":"keyUp","value":"î€‡"}]}]}
COMMAND: GET /session/39d2cc3d4aadadb3bd833599b4f4dfae/screenshot - {}
RESULT: {}
COMMAND: POST /session/39d2cc3d4aadadb3bd833599b4f4dfae/element - {"using":"xpath","value":"//div[contains(@id, 'application-manageconditionprice-display-component---conditions--smartFilterBar-filterItemControl_BASIC-BILL_TYPES-valueHelpDialog-table-rowsel0')]"}
RESULT: {"using":"xpath","value":"//div[contains(@id, 'application-manageconditionprice-display-component---conditions--smartFilterBar-filterItemControl_BASIC-BILL_TYPES-valueHelpDialog-table-rowsel0')]"}
COMMAND: POST /session/39d2cc3d4aadadb3bd833599b4f4dfae/element/f.B301C1F41FC6B7F2328A32BBCA4D6847.d.19E6EEEE0DA040365B881387EFBA830D.e.6603/click - {}
RESULT: {}
COMMAND: GET /session/39d2cc3d4aadadb3bd833599b4f4dfae/screenshot - {}
RESULT: {}
COMMAND: POST /session/39d2cc3d4aadadb3bd833599b4f4dfae/element - {"using":"xpath","value":"//bdi[contains(text(), \"OK\")]"}
RESULT: {"using":"xpath","value":"//bdi[contains(text(), \"OK\")]"}
COMMAND: POST /session/39d2cc3d4aadadb3bd833599b4f4dfae/element/f.B301C1F41FC6B7F2328A32BBCA4D6847.d.19E6EEEE0DA040365B881387EFBA830D.e.6605/click - {}
RESULT: {}
COMMAND: GET /session/39d2cc3d4aadadb3bd833599b4f4dfae/screenshot - {}
RESULT: {}
COMMAND: POST /session/39d2cc3d4aadadb3bd833599b4f4dfae/element - {"using":"xpath","value":"//span[@id=\"application-manageconditionprice-display-component---conditions--smartTable-header-inner\"]"}
RESULT: {"using":"xpath","value":"//span[@id=\"application-manageconditionprice-display-component---conditions--smartTable-header-inner\"]"}
COMMAND: POST /session/39d2cc3d4aadadb3bd833599b4f4dfae/elements - {"using":"xpath","value":"//span[@id=\"application-manageconditionprice-display-component---conditions--smartTable-header-inner\"]"}
RESULT: {"using":"xpath","value":"//span[@id=\"application-manageconditionprice-display-component---conditions--smartTable-header-inner\"]"}
COMMAND: POST /session/39d2cc3d4aadadb3bd833599b4f4dfae/execute/sync - {"script":"<script> [56 bytes]","args":[{"element-6066-11e4-a52e-4f735466cecf":"f.B301C1F41FC6B7F2328A32BBCA4D6847.d.19E6EEEE0DA040365B881387EFBA830D.e.6608","ELEMENT":"f.B301C1F41FC6B7F2328A32BBCA4D6847.d.19E6EEEE0DA040365B881387EFBA830D.e.6608"}]}
RESULT: {"script":"<script> [56 bytes]","args":[{"element-6066-11e4-a52e-4f735466cecf":"f.B301C1F41FC6B7F2328A32BBCA4D6847.d.19E6EEEE0DA040365B881387EFBA830D.e.6608","ELEMENT":"f.B301C1F41FC6B7F2328A32BBCA4D6847.d.19E6EEEE0DA040365B881387EFBA830D.e.6608"}]}
COMMAND: POST /session/39d2cc3d4aadadb3bd833599b4f4dfae/element - {"using":"css selector","value":"#shell-header-logo"}
COMMAND: GET /session/39d2cc3d4aadadb3bd833599b4f4dfae/screenshot - {}
RESULT: {"using":"css selector","value":"#shell-header-logo"}
COMMAND: POST /session/39d2cc3d4aadadb3bd833599b4f4dfae/element/f.B301C1F41FC6B7F2328A32BBCA4D6847.d.19E6EEEE0DA040365B881387EFBA830D.e.6325/click - {}
RESULT: {}
RESULT: {}
COMMAND: GET /session/39d2cc3d4aadadb3bd833599b4f4dfae/screenshot - {}
RESULT: {}
]]></system-out>
    </testcase>
    <testcase classname="chrome.136_0_7103_93.windows.Billing_Transfer_-_Intracompany_US127249" name="Should do a stock increase handover" time="86.235">
      <system-out><![CDATA[
COMMAND: POST /session/39d2cc3d4aadadb3bd833599b4f4dfae/execute/async - {"script":"<script> [1562 bytes]","args":[{"selector":{"controlType":"sap.m.GenericTile","properties":{"header":"Manage Handovers"}},"wdio_ui5_key":"sapm.GenericTile{\"header\":\"Manage Handovers\"}"}]}
RESULT: {"script":"<script> [1562 bytes]","args":[{"selector":{"controlType":"sap.m.GenericTile","properties":{"header":"Manage Handovers"}},"wdio_ui5_key":"sapm.GenericTile{\"header\":\"Manage Handovers\"}"}]}
RESULT: undefined
COMMAND: POST /session/39d2cc3d4aadadb3bd833599b4f4dfae/element - {"using":"xpath","value":"//*[@id=\"__tile132\"]"}
RESULT: {"using":"xpath","value":"//*[@id=\"__tile132\"]"}
COMMAND: POST /session/39d2cc3d4aadadb3bd833599b4f4dfae/element/f.B301C1F41FC6B7F2328A32BBCA4D6847.d.19E6EEEE0DA040365B881387EFBA830D.e.3173/click - {}
RESULT: {}
COMMAND: GET /session/39d2cc3d4aadadb3bd833599b4f4dfae/screenshot - {}
RESULT: {}
COMMAND: POST /session/39d2cc3d4aadadb3bd833599b4f4dfae/elements - {"using":"xpath","value":"//span[text()='Error']"}
RESULT: {"using":"xpath","value":"//span[text()='Error']"}
COMMAND: POST /session/39d2cc3d4aadadb3bd833599b4f4dfae/element - {"using":"xpath","value":"//button[@data-kt=\"masterHOAddButton\"]"}
RESULT: {"using":"xpath","value":"//button[@data-kt=\"masterHOAddButton\"]"}
COMMAND: POST /session/39d2cc3d4aadadb3bd833599b4f4dfae/elements - {"using":"xpath","value":"//button[@data-kt=\"masterHOAddButton\"]"}
RESULT: {"using":"xpath","value":"//button[@data-kt=\"masterHOAddButton\"]"}
COMMAND: POST /session/39d2cc3d4aadadb3bd833599b4f4dfae/execute/sync - {"script":"<script> [8489 bytes]","args":[{"element-6066-11e4-a52e-4f735466cecf":"f.B301C1F41FC6B7F2328A32BBCA4D6847.d.19E6EEEE0DA040365B881387EFBA830D.e.6652","ELEMENT":"f.B301C1F41FC6B7F2328A32BBCA4D6847.d.19E6EEEE0DA040365B881387EFBA830D.e.6652"}]}
RESULT: {"script":"<script> [8489 bytes]","args":[{"element-6066-11e4-a52e-4f735466cecf":"f.B301C1F41FC6B7F2328A32BBCA4D6847.d.19E6EEEE0DA040365B881387EFBA830D.e.6652","ELEMENT":"f.B301C1F41FC6B7F2328A32BBCA4D6847.d.19E6EEEE0DA040365B881387EFBA830D.e.6652"}]}
COMMAND: GET /session/39d2cc3d4aadadb3bd833599b4f4dfae/element/f.B301C1F41FC6B7F2328A32BBCA4D6847.d.19E6EEEE0DA040365B881387EFBA830D.e.6652/enabled - {}
COMMAND: GET /session/39d2cc3d4aadadb3bd833599b4f4dfae/screenshot - {}
RESULT: {}
COMMAND: POST /session/39d2cc3d4aadadb3bd833599b4f4dfae/execute/sync - {"script":"<script> [8489 bytes]","args":[{"element-6066-11e4-a52e-4f735466cecf":"f.B301C1F41FC6B7F2328A32BBCA4D6847.d.19E6EEEE0DA040365B881387EFBA830D.e.6652","ELEMENT":"f.B301C1F41FC6B7F2328A32BBCA4D6847.d.19E6EEEE0DA040365B881387EFBA830D.e.6652"}]}
COMMAND: GET /session/39d2cc3d4aadadb3bd833599b4f4dfae/screenshot - {}
RESULT: {}
RESULT: {"script":"<script> [8489 bytes]","args":[{"element-6066-11e4-a52e-4f735466cecf":"f.B301C1F41FC6B7F2328A32BBCA4D6847.d.19E6EEEE0DA040365B881387EFBA830D.e.6652","ELEMENT":"f.B301C1F41FC6B7F2328A32BBCA4D6847.d.19E6EEEE0DA040365B881387EFBA830D.e.6652"}]}
COMMAND: POST /session/39d2cc3d4aadadb3bd833599b4f4dfae/execute/sync - {"script":"<script> [5351 bytes]","args":[{"element-6066-11e4-a52e-4f735466cecf":"f.B301C1F41FC6B7F2328A32BBCA4D6847.d.19E6EEEE0DA040365B881387EFBA830D.e.6652","ELEMENT":"f.B301C1F41FC6B7F2328A32BBCA4D6847.d.19E6EEEE0DA040365B881387EFBA830D.e.6652"}]}
COMMAND: GET /session/39d2cc3d4aadadb3bd833599b4f4dfae/screenshot - {}
RESULT: {}
RESULT: {"script":"<script> [5351 bytes]","args":[{"element-6066-11e4-a52e-4f735466cecf":"f.B301C1F41FC6B7F2328A32BBCA4D6847.d.19E6EEEE0DA040365B881387EFBA830D.e.6652","ELEMENT":"f.B301C1F41FC6B7F2328A32BBCA4D6847.d.19E6EEEE0DA040365B881387EFBA830D.e.6652"}]}
COMMAND: POST /session/39d2cc3d4aadadb3bd833599b4f4dfae/element/f.B301C1F41FC6B7F2328A32BBCA4D6847.d.19E6EEEE0DA040365B881387EFBA830D.e.6652/click - {}
COMMAND: GET /session/39d2cc3d4aadadb3bd833599b4f4dfae/screenshot - {}
RESULT: {}
RESULT: {}
COMMAND: GET /session/39d2cc3d4aadadb3bd833599b4f4dfae/screenshot - {}
RESULT: {}
RESULT: {}
COMMAND: POST /session/39d2cc3d4aadadb3bd833599b4f4dfae/element - {"using":"xpath","value":"//span[contains(@id ,\"AddNewHO--typeSelect-arrow\")]"}
RESULT: {"using":"xpath","value":"//span[contains(@id ,\"AddNewHO--typeSelect-arrow\")]"}
COMMAND: POST /session/39d2cc3d4aadadb3bd833599b4f4dfae/element/f.B301C1F41FC6B7F2328A32BBCA4D6847.d.19E6EEEE0DA040365B881387EFBA830D.e.7012/click - {}
RESULT: {}
COMMAND: GET /session/39d2cc3d4aadadb3bd833599b4f4dfae/screenshot - {}
RESULT: {}
COMMAND: POST /session/39d2cc3d4aadadb3bd833599b4f4dfae/element - {"using":"xpath","value":"(//li[contains(text(), \"stock increase yard\")])[1]"}
RESULT: {"using":"xpath","value":"(//li[contains(text(), \"stock increase yard\")])[1]"}
COMMAND: POST /session/39d2cc3d4aadadb3bd833599b4f4dfae/element/f.B301C1F41FC6B7F2328A32BBCA4D6847.d.19E6EEEE0DA040365B881387EFBA830D.e.7013/click - {}
RESULT: {}
COMMAND: GET /session/39d2cc3d4aadadb3bd833599b4f4dfae/screenshot - {}
RESULT: {}
COMMAND: POST /session/39d2cc3d4aadadb3bd833599b4f4dfae/execute/async - {"script":"<script> [1562 bytes]","args":[{"selector":{"id":"application-managehandovers-display-component---AddNewHO--dueDate","interaction":{"idSuffix":"inner"}},"wdio_ui5_key":"applicationmanagehandovers-display-component---AddNewHO--dueDate"}]}
RESULT: {"script":"<script> [1562 bytes]","args":[{"selector":{"id":"application-managehandovers-display-component---AddNewHO--dueDate","interaction":{"idSuffix":"inner"}},"wdio_ui5_key":"applicationmanagehandovers-display-component---AddNewHO--dueDate"}]}
RESULT: undefined
COMMAND: POST /session/39d2cc3d4aadadb3bd833599b4f4dfae/execute/async - {"script":"<script> [6424 bytes]","args":[{"element-6066-11e4-a52e-4f735466cecf":"f.B301C1F41FC6B7F2328A32BBCA4D6847.d.19E6EEEE0DA040365B881387EFBA830D.e.7015"},"setValue",["5/15/25"]]}
RESULT: {"script":"<script> [6424 bytes]","args":[{"element-6066-11e4-a52e-4f735466cecf":"f.B301C1F41FC6B7F2328A32BBCA4D6847.d.19E6EEEE0DA040365B881387EFBA830D.e.7015"},"setValue",["5/15/25"]]}
COMMAND: POST /session/39d2cc3d4aadadb3bd833599b4f4dfae/element - {"using":"xpath","value":"//input[@id=\"generalSectionFrg--receiveYard-inner\"]"}
RESULT: {"using":"xpath","value":"//input[@id=\"generalSectionFrg--receiveYard-inner\"]"}
COMMAND: POST /session/39d2cc3d4aadadb3bd833599b4f4dfae/element/f.B301C1F41FC6B7F2328A32BBCA4D6847.d.19E6EEEE0DA040365B881387EFBA830D.e.7019/clear - {}
RESULT: {}
COMMAND: POST /session/39d2cc3d4aadadb3bd833599b4f4dfae/element/f.B301C1F41FC6B7F2328A32BBCA4D6847.d.19E6EEEE0DA040365B881387EFBA830D.e.7019/value - {"text":"416"}
COMMAND: GET /session/39d2cc3d4aadadb3bd833599b4f4dfae/screenshot - {}
RESULT: {"text":"416"}
COMMAND: GET /session/39d2cc3d4aadadb3bd833599b4f4dfae/screenshot - {}
RESULT: {}
RESULT: {}
COMMAND: POST /session/39d2cc3d4aadadb3bd833599b4f4dfae/element - {"using":"xpath","value":"//li[.//span[text()='416']]"}
RESULT: {"using":"xpath","value":"//li[.//span[text()='416']]"}
COMMAND: POST /session/39d2cc3d4aadadb3bd833599b4f4dfae/element/f.B301C1F41FC6B7F2328A32BBCA4D6847.d.19E6EEEE0DA040365B881387EFBA830D.e.7037/click - {}
RESULT: {}
COMMAND: GET /session/39d2cc3d4aadadb3bd833599b4f4dfae/screenshot - {}
RESULT: {}
COMMAND: POST /session/39d2cc3d4aadadb3bd833599b4f4dfae/execute/async - {"script":"<script> [1562 bytes]","args":[{"selector":{"id":"application-managehandovers-display-component---AddNewHO--ObjectPageLayout-anchBar-application-managehandovers-display-component---AddNewHO--section4-anchor","interaction":{"idSuffix":"BDI-content"}},"wdio_ui5_key":"applicationmanagehandovers-display-component---AddNewHO--ObjectPageLayout-anchBar-application-managehandovers-display-component---AddNewHO--section4-anchor"}]}
RESULT: {"script":"<script> [1562 bytes]","args":[{"selector":{"id":"application-managehandovers-display-component---AddNewHO--ObjectPageLayout-anchBar-application-managehandovers-display-component---AddNewHO--section4-anchor","interaction":{"idSuffix":"BDI-content"}},"wdio_ui5_key":"applicationmanagehandovers-display-component---AddNewHO--ObjectPageLayout-anchBar-application-managehandovers-display-component---AddNewHO--section4-anchor"}]}
RESULT: undefined
COMMAND: POST /session/39d2cc3d4aadadb3bd833599b4f4dfae/element - {"using":"xpath","value":"//*[@id=\"application-managehandovers-display-component---AddNewHO--ObjectPageLayout-anchBar-application-managehandovers-display-component---AddNewHO--section4-anchor\"]"}
RESULT: {"using":"xpath","value":"//*[@id=\"application-managehandovers-display-component---AddNewHO--ObjectPageLayout-anchBar-application-managehandovers-display-component---AddNewHO--section4-anchor\"]"}
COMMAND: POST /session/39d2cc3d4aadadb3bd833599b4f4dfae/element/f.B301C1F41FC6B7F2328A32BBCA4D6847.d.19E6EEEE0DA040365B881387EFBA830D.e.7039/click - {}
RESULT: {}
COMMAND: POST /session/39d2cc3d4aadadb3bd833599b4f4dfae/element - {"using":"xpath","value":"//button[@aria-label=\"Add\"]"}
COMMAND: GET /session/39d2cc3d4aadadb3bd833599b4f4dfae/screenshot - {}
RESULT: {"using":"xpath","value":"//button[@aria-label=\"Add\"]"}
COMMAND: POST /session/39d2cc3d4aadadb3bd833599b4f4dfae/element/f.B301C1F41FC6B7F2328A32BBCA4D6847.d.19E6EEEE0DA040365B881387EFBA830D.e.7043/click - {}
RESULT: {}
RESULT: {}
COMMAND: GET /session/39d2cc3d4aadadb3bd833599b4f4dfae/screenshot - {}
RESULT: {}
COMMAND: POST /session/39d2cc3d4aadadb3bd833599b4f4dfae/execute/async - {"script":"<script> [1562 bytes]","args":[{"selector":{"id":"application-managehandovers-display-component---AddNewHO--smartFilterBar-btnBasicSearch","searchOpenDialogs":true,"interaction":{"idSuffix":"I"}},"wdio_ui5_key":"applicationmanagehandovers-display-component---AddNewHO--smartFilterBar-btnBasicSearch"}]}
RESULT: {"script":"<script> [1562 bytes]","args":[{"selector":{"id":"application-managehandovers-display-component---AddNewHO--smartFilterBar-btnBasicSearch","searchOpenDialogs":true,"interaction":{"idSuffix":"I"}},"wdio_ui5_key":"applicationmanagehandovers-display-component---AddNewHO--smartFilterBar-btnBasicSearch"}]}
RESULT: undefined
COMMAND: POST /session/39d2cc3d4aadadb3bd833599b4f4dfae/execute/async - {"script":"<script> [776 bytes]","args":[{"enterText":"BrPQbzPNaM","selector":{"id":"application-managehandovers-display-component---AddNewHO--smartFilterBar-btnBasicSearch","searchOpenDialogs":true,"interaction":{"idSuffix":"I"}},"clearTextFirst":true,"interactionType":"ENTER_TEXT"}]}
RESULT: {"script":"<script> [776 bytes]","args":[{"enterText":"BrPQbzPNaM","selector":{"id":"application-managehandovers-display-component---AddNewHO--smartFilterBar-btnBasicSearch","searchOpenDialogs":true,"interaction":{"idSuffix":"I"}},"clearTextFirst":true,"interactionType":"ENTER_TEXT"}]}
COMMAND: POST /session/39d2cc3d4aadadb3bd833599b4f4dfae/actions - {"actions":[{"id":"action29","type":"key","parameters":{},"actions":[{"type":"keyDown","value":"î€‡"},{"type":"pause","duration":10},{"type":"keyUp","value":"î€‡"}]}]}
RESULT: {"actions":[{"id":"action29","type":"key","parameters":{},"actions":[{"type":"keyDown","value":"î€‡"},{"type":"pause","duration":10},{"type":"keyUp","value":"î€‡"}]}]}
COMMAND: GET /session/39d2cc3d4aadadb3bd833599b4f4dfae/screenshot - {}
RESULT: {}
COMMAND: POST /session/39d2cc3d4aadadb3bd833599b4f4dfae/execute/async - {"script":"<script> [1562 bytes]","args":[{"selector":{"id":"application-managehandovers-display-component---AddNewHO--popup-sa","searchOpenDialogs":true,"interaction":{"idSuffix":"CbBg"}},"wdio_ui5_key":"applicationmanagehandovers-display-component---AddNewHO--popup-sa"}]}
RESULT: {"script":"<script> [1562 bytes]","args":[{"selector":{"id":"application-managehandovers-display-component---AddNewHO--popup-sa","searchOpenDialogs":true,"interaction":{"idSuffix":"CbBg"}},"wdio_ui5_key":"applicationmanagehandovers-display-component---AddNewHO--popup-sa"}]}
RESULT: undefined
COMMAND: POST /session/39d2cc3d4aadadb3bd833599b4f4dfae/element - {"using":"xpath","value":"//*[@id=\"application-managehandovers-display-component---AddNewHO--popup-sa\"]"}
RESULT: {"using":"xpath","value":"//*[@id=\"application-managehandovers-display-component---AddNewHO--popup-sa\"]"}
COMMAND: POST /session/39d2cc3d4aadadb3bd833599b4f4dfae/element/f.B301C1F41FC6B7F2328A32BBCA4D6847.d.19E6EEEE0DA040365B881387EFBA830D.e.7194/click - {}
RESULT: {}
COMMAND: GET /session/39d2cc3d4aadadb3bd833599b4f4dfae/screenshot - {}
RESULT: {}
COMMAND: POST /session/39d2cc3d4aadadb3bd833599b4f4dfae/element - {"using":"xpath","value":"//bdi[contains(text(), \"Select\")]"}
RESULT: {"using":"xpath","value":"//bdi[contains(text(), \"Select\")]"}
COMMAND: POST /session/39d2cc3d4aadadb3bd833599b4f4dfae/element/f.B301C1F41FC6B7F2328A32BBCA4D6847.d.19E6EEEE0DA040365B881387EFBA830D.e.7195/click - {}
RESULT: {}
COMMAND: GET /session/39d2cc3d4aadadb3bd833599b4f4dfae/screenshot - {}
RESULT: {}
COMMAND: POST /session/39d2cc3d4aadadb3bd833599b4f4dfae/element - {"using":"xpath","value":"//button[@data-kt=\"AddNewHOSaveButton\"]"}
RESULT: {"using":"xpath","value":"//button[@data-kt=\"AddNewHOSaveButton\"]"}
COMMAND: POST /session/39d2cc3d4aadadb3bd833599b4f4dfae/element/f.B301C1F41FC6B7F2328A32BBCA4D6847.d.19E6EEEE0DA040365B881387EFBA830D.e.7199/click - {}
RESULT: {}
COMMAND: GET /session/39d2cc3d4aadadb3bd833599b4f4dfae/screenshot - {}
RESULT: {}
COMMAND: POST /session/39d2cc3d4aadadb3bd833599b4f4dfae/execute/async - {"script":"<script> [1562 bytes]","args":[{"selector":{"id":"receiptDatePicker","viewName":"etm.portal.ui.managehandovers.view.DetailExecuteHO","interaction":{"idSuffix":"inner"}},"wdio_ui5_key":"receiptDatePickeretmportal.ui.managehandovers.view.DetailExecuteHO"}]}
RESULT: {"script":"<script> [1562 bytes]","args":[{"selector":{"id":"receiptDatePicker","viewName":"etm.portal.ui.managehandovers.view.DetailExecuteHO","interaction":{"idSuffix":"inner"}},"wdio_ui5_key":"receiptDatePickeretmportal.ui.managehandovers.view.DetailExecuteHO"}]}
RESULT: undefined
COMMAND: POST /session/39d2cc3d4aadadb3bd833599b4f4dfae/execute/async - {"script":"<script> [6424 bytes]","args":[{"element-6066-11e4-a52e-4f735466cecf":"f.B301C1F41FC6B7F2328A32BBCA4D6847.d.19E6EEEE0DA040365B881387EFBA830D.e.7221"},"setValue",["5/15/25"]]}
RESULT: {"script":"<script> [6424 bytes]","args":[{"element-6066-11e4-a52e-4f735466cecf":"f.B301C1F41FC6B7F2328A32BBCA4D6847.d.19E6EEEE0DA040365B881387EFBA830D.e.7221"},"setValue",["5/15/25"]]}
COMMAND: POST /session/39d2cc3d4aadadb3bd833599b4f4dfae/element - {"using":"xpath","value":"//button[@data-kt=\"PickingTableConfirmAllButton\"]"}
RESULT: {"using":"xpath","value":"//button[@data-kt=\"PickingTableConfirmAllButton\"]"}
COMMAND: POST /session/39d2cc3d4aadadb3bd833599b4f4dfae/element/f.B301C1F41FC6B7F2328A32BBCA4D6847.d.19E6EEEE0DA040365B881387EFBA830D.e.7236/click - {}
RESULT: {}
COMMAND: GET /session/39d2cc3d4aadadb3bd833599b4f4dfae/screenshot - {}
RESULT: {}
COMMAND: POST /session/39d2cc3d4aadadb3bd833599b4f4dfae/element - {"using":"xpath","value":"//bdi[contains(text(), \"OK\")]"}
RESULT: {"using":"xpath","value":"//bdi[contains(text(), \"OK\")]"}
COMMAND: POST /session/39d2cc3d4aadadb3bd833599b4f4dfae/element/f.B301C1F41FC6B7F2328A32BBCA4D6847.d.19E6EEEE0DA040365B881387EFBA830D.e.7238/click - {}
RESULT: {}
COMMAND: GET /session/39d2cc3d4aadadb3bd833599b4f4dfae/screenshot - {}
RESULT: {}
COMMAND: POST /session/39d2cc3d4aadadb3bd833599b4f4dfae/element - {"using":"xpath","value":"(//bdi[contains(text(), \"Receive\")])[2]"}
RESULT: {"using":"xpath","value":"(//bdi[contains(text(), \"Receive\")])[2]"}
COMMAND: POST /session/39d2cc3d4aadadb3bd833599b4f4dfae/element/f.B301C1F41FC6B7F2328A32BBCA4D6847.d.19E6EEEE0DA040365B881387EFBA830D.e.7240/click - {}
RESULT: {}
COMMAND: GET /session/39d2cc3d4aadadb3bd833599b4f4dfae/screenshot - {}
RESULT: {}
COMMAND: POST /session/39d2cc3d4aadadb3bd833599b4f4dfae/element - {"using":"css selector","value":"#shell-header-logo"}
RESULT: {"using":"css selector","value":"#shell-header-logo"}
COMMAND: POST /session/39d2cc3d4aadadb3bd833599b4f4dfae/element/f.B301C1F41FC6B7F2328A32BBCA4D6847.d.19E6EEEE0DA040365B881387EFBA830D.e.6615/click - {}
RESULT: {}
COMMAND: GET /session/39d2cc3d4aadadb3bd833599b4f4dfae/screenshot - {}
RESULT: {}
]]></system-out>
    </testcase>
    <testcase classname="chrome.136_0_7103_93.windows.Billing_Transfer_-_Intracompany_US127249" name="Should create a new contract" time="57.01">
      <system-out><![CDATA[
COMMAND: POST /session/39d2cc3d4aadadb3bd833599b4f4dfae/execute/async - {"script":"<script> [1562 bytes]","args":[{"selector":{"controlType":"sap.m.GenericTile","properties":{"header":"Manage Contracts"}},"wdio_ui5_key":"sapm.GenericTile{\"header\":\"Manage Contracts\"}"}]}
RESULT: {"script":"<script> [1562 bytes]","args":[{"selector":{"controlType":"sap.m.GenericTile","properties":{"header":"Manage Contracts"}},"wdio_ui5_key":"sapm.GenericTile{\"header\":\"Manage Contracts\"}"}]}
RESULT: undefined
COMMAND: POST /session/39d2cc3d4aadadb3bd833599b4f4dfae/element - {"using":"xpath","value":"//*[@id=\"__tile130\"]"}
RESULT: {"using":"xpath","value":"//*[@id=\"__tile130\"]"}
COMMAND: POST /session/39d2cc3d4aadadb3bd833599b4f4dfae/element/f.B301C1F41FC6B7F2328A32BBCA4D6847.d.19E6EEEE0DA040365B881387EFBA830D.e.3101/click - {}
RESULT: {}
COMMAND: GET /session/39d2cc3d4aadadb3bd833599b4f4dfae/screenshot - {}
RESULT: {}
COMMAND: POST /session/39d2cc3d4aadadb3bd833599b4f4dfae/elements - {"using":"xpath","value":"//span[text()='Error']"}
RESULT: {"using":"xpath","value":"//span[text()='Error']"}
COMMAND: POST /session/39d2cc3d4aadadb3bd833599b4f4dfae/element - {"using":"xpath","value":"//button[@data-kt=\"addButton\"]"}
RESULT: {"using":"xpath","value":"//button[@data-kt=\"addButton\"]"}
COMMAND: POST /session/39d2cc3d4aadadb3bd833599b4f4dfae/elements - {"using":"xpath","value":"//button[@data-kt=\"addButton\"]"}
RESULT: {"using":"xpath","value":"//button[@data-kt=\"addButton\"]"}
COMMAND: POST /session/39d2cc3d4aadadb3bd833599b4f4dfae/execute/sync - {"script":"<script> [8489 bytes]","args":[{"element-6066-11e4-a52e-4f735466cecf":"f.B301C1F41FC6B7F2328A32BBCA4D6847.d.19E6EEEE0DA040365B881387EFBA830D.e.7460","ELEMENT":"f.B301C1F41FC6B7F2328A32BBCA4D6847.d.19E6EEEE0DA040365B881387EFBA830D.e.7460"}]}
RESULT: {"script":"<script> [8489 bytes]","args":[{"element-6066-11e4-a52e-4f735466cecf":"f.B301C1F41FC6B7F2328A32BBCA4D6847.d.19E6EEEE0DA040365B881387EFBA830D.e.7460","ELEMENT":"f.B301C1F41FC6B7F2328A32BBCA4D6847.d.19E6EEEE0DA040365B881387EFBA830D.e.7460"}]}
COMMAND: GET /session/39d2cc3d4aadadb3bd833599b4f4dfae/element/f.B301C1F41FC6B7F2328A32BBCA4D6847.d.19E6EEEE0DA040365B881387EFBA830D.e.7460/enabled - {}
COMMAND: GET /session/39d2cc3d4aadadb3bd833599b4f4dfae/screenshot - {}
RESULT: {}
COMMAND: POST /session/39d2cc3d4aadadb3bd833599b4f4dfae/execute/sync - {"script":"<script> [8489 bytes]","args":[{"element-6066-11e4-a52e-4f735466cecf":"f.B301C1F41FC6B7F2328A32BBCA4D6847.d.19E6EEEE0DA040365B881387EFBA830D.e.7460","ELEMENT":"f.B301C1F41FC6B7F2328A32BBCA4D6847.d.19E6EEEE0DA040365B881387EFBA830D.e.7460"}]}
COMMAND: GET /session/39d2cc3d4aadadb3bd833599b4f4dfae/screenshot - {}
RESULT: {}
RESULT: {"script":"<script> [8489 bytes]","args":[{"element-6066-11e4-a52e-4f735466cecf":"f.B301C1F41FC6B7F2328A32BBCA4D6847.d.19E6EEEE0DA040365B881387EFBA830D.e.7460","ELEMENT":"f.B301C1F41FC6B7F2328A32BBCA4D6847.d.19E6EEEE0DA040365B881387EFBA830D.e.7460"}]}
COMMAND: POST /session/39d2cc3d4aadadb3bd833599b4f4dfae/execute/sync - {"script":"<script> [5351 bytes]","args":[{"element-6066-11e4-a52e-4f735466cecf":"f.B301C1F41FC6B7F2328A32BBCA4D6847.d.19E6EEEE0DA040365B881387EFBA830D.e.7460","ELEMENT":"f.B301C1F41FC6B7F2328A32BBCA4D6847.d.19E6EEEE0DA040365B881387EFBA830D.e.7460"}]}
COMMAND: GET /session/39d2cc3d4aadadb3bd833599b4f4dfae/screenshot - {}
RESULT: {}
RESULT: {"script":"<script> [5351 bytes]","args":[{"element-6066-11e4-a52e-4f735466cecf":"f.B301C1F41FC6B7F2328A32BBCA4D6847.d.19E6EEEE0DA040365B881387EFBA830D.e.7460","ELEMENT":"f.B301C1F41FC6B7F2328A32BBCA4D6847.d.19E6EEEE0DA040365B881387EFBA830D.e.7460"}]}
COMMAND: GET /session/39d2cc3d4aadadb3bd833599b4f4dfae/screenshot - {}
RESULT: {}
RESULT: {}
COMMAND: POST /session/39d2cc3d4aadadb3bd833599b4f4dfae/element/f.B301C1F41FC6B7F2328A32BBCA4D6847.d.19E6EEEE0DA040365B881387EFBA830D.e.7460/click - {}
RESULT: {}
COMMAND: GET /session/39d2cc3d4aadadb3bd833599b4f4dfae/screenshot - {}
RESULT: {}
COMMAND: POST /session/39d2cc3d4aadadb3bd833599b4f4dfae/execute/async - {"script":"<script> [1562 bytes]","args":[{"selector":{"id":"application-managecontracts-display-component---AddNewContract--projectDescription","interaction":{"idSuffix":"inner"}},"wdio_ui5_key":"applicationmanagecontracts-display-component---AddNewContract--projectDescription"}]}
RESULT: {"script":"<script> [1562 bytes]","args":[{"selector":{"id":"application-managecontracts-display-component---AddNewContract--projectDescription","interaction":{"idSuffix":"inner"}},"wdio_ui5_key":"applicationmanagecontracts-display-component---AddNewContract--projectDescription"}]}
RESULT: undefined
COMMAND: POST /session/39d2cc3d4aadadb3bd833599b4f4dfae/execute/async - {"script":"<script> [776 bytes]","args":[{"enterText":"Contract WDIO","selector":{"id":"application-managecontracts-display-component---AddNewContract--projectDescription","interaction":{"idSuffix":"inner"}},"clearTextFirst":true,"interactionType":"ENTER_TEXT"}]}
RESULT: {"script":"<script> [776 bytes]","args":[{"enterText":"Contract WDIO","selector":{"id":"application-managecontracts-display-component---AddNewContract--projectDescription","interaction":{"idSuffix":"inner"}},"clearTextFirst":true,"interactionType":"ENTER_TEXT"}]}
COMMAND: POST /session/39d2cc3d4aadadb3bd833599b4f4dfae/element - {"using":"xpath","value":"//input[@id=\"application-managecontracts-display-component---AddNewContract--site-inner\"]"}
RESULT: {"using":"xpath","value":"//input[@id=\"application-managecontracts-display-component---AddNewContract--site-inner\"]"}
COMMAND: POST /session/39d2cc3d4aadadb3bd833599b4f4dfae/element/f.B301C1F41FC6B7F2328A32BBCA4D6847.d.19E6EEEE0DA040365B881387EFBA830D.e.7819/clear - {}
RESULT: {}
COMMAND: POST /session/39d2cc3d4aadadb3bd833599b4f4dfae/element/f.B301C1F41FC6B7F2328A32BBCA4D6847.d.19E6EEEE0DA040365B881387EFBA830D.e.7819/value - {"text":"2189"}
COMMAND: GET /session/39d2cc3d4aadadb3bd833599b4f4dfae/screenshot - {}
RESULT: {"text":"2189"}
COMMAND: GET /session/39d2cc3d4aadadb3bd833599b4f4dfae/screenshot - {}
RESULT: {}
RESULT: {}
COMMAND: POST /session/39d2cc3d4aadadb3bd833599b4f4dfae/element - {"using":"xpath","value":"//li[.//span[text()='2189']]"}
RESULT: {"using":"xpath","value":"//li[.//span[text()='2189']]"}
COMMAND: POST /session/39d2cc3d4aadadb3bd833599b4f4dfae/element/f.B301C1F41FC6B7F2328A32BBCA4D6847.d.19E6EEEE0DA040365B881387EFBA830D.e.7849/click - {}
RESULT: {}
COMMAND: GET /session/39d2cc3d4aadadb3bd833599b4f4dfae/screenshot - {}
RESULT: {}
COMMAND: POST /session/39d2cc3d4aadadb3bd833599b4f4dfae/element - {"using":"xpath","value":"//input[@id=\"application-managecontracts-display-component---AddNewContract--yardId-inner\"]"}
RESULT: {"using":"xpath","value":"//input[@id=\"application-managecontracts-display-component---AddNewContract--yardId-inner\"]"}
COMMAND: GET /session/39d2cc3d4aadadb3bd833599b4f4dfae/element/f.B301C1F41FC6B7F2328A32BBCA4D6847.d.19E6EEEE0DA040365B881387EFBA830D.e.7820/property/value - {}
RESULT: {}
COMMAND: POST /session/39d2cc3d4aadadb3bd833599b4f4dfae/element - {"using":"xpath","value":"//input[@id=\"application-managecontracts-display-component---AddNewContract--customerSelect-inner\"]"}
COMMAND: GET /session/39d2cc3d4aadadb3bd833599b4f4dfae/screenshot - {}
RESULT: {"using":"xpath","value":"//input[@id=\"application-managecontracts-display-component---AddNewContract--customerSelect-inner\"]"}
COMMAND: POST /session/39d2cc3d4aadadb3bd833599b4f4dfae/element/f.B301C1F41FC6B7F2328A32BBCA4D6847.d.19E6EEEE0DA040365B881387EFBA830D.e.7818/clear - {}
RESULT: {}
RESULT: {}
COMMAND: POST /session/39d2cc3d4aadadb3bd833599b4f4dfae/element/f.B301C1F41FC6B7F2328A32BBCA4D6847.d.19E6EEEE0DA040365B881387EFBA830D.e.7818/value - {"text":"1228"}
COMMAND: GET /session/39d2cc3d4aadadb3bd833599b4f4dfae/screenshot - {}
RESULT: {"text":"1228"}
COMMAND: GET /session/39d2cc3d4aadadb3bd833599b4f4dfae/screenshot - {}
RESULT: {}
RESULT: {}
COMMAND: POST /session/39d2cc3d4aadadb3bd833599b4f4dfae/element - {"using":"xpath","value":"//li[.//span[text()='1228']]"}
RESULT: {"using":"xpath","value":"//li[.//span[text()='1228']]"}
COMMAND: POST /session/39d2cc3d4aadadb3bd833599b4f4dfae/element/f.B301C1F41FC6B7F2328A32BBCA4D6847.d.19E6EEEE0DA040365B881387EFBA830D.e.7852/click - {}
RESULT: {}
COMMAND: GET /session/39d2cc3d4aadadb3bd833599b4f4dfae/screenshot - {}
RESULT: {}
COMMAND: POST /session/39d2cc3d4aadadb3bd833599b4f4dfae/element - {"using":"xpath","value":"//button[@data-kt=\"saveButton\"]"}
RESULT: {"using":"xpath","value":"//button[@data-kt=\"saveButton\"]"}
COMMAND: POST /session/39d2cc3d4aadadb3bd833599b4f4dfae/element/f.B301C1F41FC6B7F2328A32BBCA4D6847.d.19E6EEEE0DA040365B881387EFBA830D.e.7853/click - {}
RESULT: {}
COMMAND: GET /session/39d2cc3d4aadadb3bd833599b4f4dfae/screenshot - {}
RESULT: {}
COMMAND: POST /session/39d2cc3d4aadadb3bd833599b4f4dfae/element - {"using":"xpath","value":"//span[contains(@id ,\"contractDetailTitleNoExpanded\")]"}
RESULT: {"using":"xpath","value":"//span[contains(@id ,\"contractDetailTitleNoExpanded\")]"}
COMMAND: POST /session/39d2cc3d4aadadb3bd833599b4f4dfae/elements - {"using":"xpath","value":"//span[contains(@id ,\"contractDetailTitleNoExpanded\")]"}
RESULT: {"using":"xpath","value":"//span[contains(@id ,\"contractDetailTitleNoExpanded\")]"}
COMMAND: POST /session/39d2cc3d4aadadb3bd833599b4f4dfae/execute/sync - {"script":"<script> [56 bytes]","args":[{"element-6066-11e4-a52e-4f735466cecf":"f.B301C1F41FC6B7F2328A32BBCA4D6847.d.19E6EEEE0DA040365B881387EFBA830D.e.7922","ELEMENT":"f.B301C1F41FC6B7F2328A32BBCA4D6847.d.19E6EEEE0DA040365B881387EFBA830D.e.7922"}]}
RESULT: {"script":"<script> [56 bytes]","args":[{"element-6066-11e4-a52e-4f735466cecf":"f.B301C1F41FC6B7F2328A32BBCA4D6847.d.19E6EEEE0DA040365B881387EFBA830D.e.7922","ELEMENT":"f.B301C1F41FC6B7F2328A32BBCA4D6847.d.19E6EEEE0DA040365B881387EFBA830D.e.7922"}]}
COMMAND: GET /session/39d2cc3d4aadadb3bd833599b4f4dfae/screenshot - {}
RESULT: {}
]]></system-out>
    </testcase>
    <testcase classname="chrome.136_0_7103_93.windows.Billing_Transfer_-_Intracompany_US127249" name="Should add equipment to the contract" time="47.056">
      <system-out><![CDATA[
COMMAND: POST /session/39d2cc3d4aadadb3bd833599b4f4dfae/element - {"using":"xpath","value":"//button[@data-kt=\"contractDetailEditBtnButton\"]"}
RESULT: {"using":"xpath","value":"//button[@data-kt=\"contractDetailEditBtnButton\"]"}
COMMAND: POST /session/39d2cc3d4aadadb3bd833599b4f4dfae/element/f.B301C1F41FC6B7F2328A32BBCA4D6847.d.19E6EEEE0DA040365B881387EFBA830D.e.7925/click - {}
RESULT: {}
COMMAND: GET /session/39d2cc3d4aadadb3bd833599b4f4dfae/screenshot - {}
RESULT: {}
COMMAND: POST /session/39d2cc3d4aadadb3bd833599b4f4dfae/element - {"using":"xpath","value":"(//span[contains(text(), \"Additional Addresses\")])[2]"}
RESULT: {"using":"xpath","value":"(//span[contains(text(), \"Additional Addresses\")])[2]"}
COMMAND: POST /session/39d2cc3d4aadadb3bd833599b4f4dfae/element/f.B301C1F41FC6B7F2328A32BBCA4D6847.d.19E6EEEE0DA040365B881387EFBA830D.e.7987/click - {}
RESULT: {}
COMMAND: GET /session/39d2cc3d4aadadb3bd833599b4f4dfae/screenshot - {}
RESULT: {}
COMMAND: POST /session/39d2cc3d4aadadb3bd833599b4f4dfae/element - {"using":"xpath","value":"//button[@data-kt=\"btnAddTableRowOverflowToolbarButton\"]"}
RESULT: {"using":"xpath","value":"//button[@data-kt=\"btnAddTableRowOverflowToolbarButton\"]"}
COMMAND: POST /session/39d2cc3d4aadadb3bd833599b4f4dfae/element/f.B301C1F41FC6B7F2328A32BBCA4D6847.d.19E6EEEE0DA040365B881387EFBA830D.e.7989/click - {}
RESULT: {}
COMMAND: GET /session/39d2cc3d4aadadb3bd833599b4f4dfae/screenshot - {}
RESULT: {}
COMMAND: POST /session/39d2cc3d4aadadb3bd833599b4f4dfae/element - {"using":"xpath","value":"//div[(text() = 'Standard Entry' or . = 'Standard Entry')]"}
RESULT: {"using":"xpath","value":"//div[(text() = 'Standard Entry' or . = 'Standard Entry')]"}
COMMAND: POST /session/39d2cc3d4aadadb3bd833599b4f4dfae/element/f.B301C1F41FC6B7F2328A32BBCA4D6847.d.19E6EEEE0DA040365B881387EFBA830D.e.7991/click - {}
RESULT: {}
COMMAND: GET /session/39d2cc3d4aadadb3bd833599b4f4dfae/screenshot - {}
RESULT: {}
COMMAND: POST /session/39d2cc3d4aadadb3bd833599b4f4dfae/element - {"using":"xpath","value":"//td[7]/div/div/input"}
RESULT: {"using":"xpath","value":"//td[7]/div/div/input"}
COMMAND: POST /session/39d2cc3d4aadadb3bd833599b4f4dfae/element/f.B301C1F41FC6B7F2328A32BBCA4D6847.d.19E6EEEE0DA040365B881387EFBA830D.e.8000/clear - {}
RESULT: {}
COMMAND: POST /session/39d2cc3d4aadadb3bd833599b4f4dfae/element/f.B301C1F41FC6B7F2328A32BBCA4D6847.d.19E6EEEE0DA040365B881387EFBA830D.e.8000/value - {"text":"BrPQbzPNaM"}
COMMAND: GET /session/39d2cc3d4aadadb3bd833599b4f4dfae/screenshot - {}
RESULT: {"text":"BrPQbzPNaM"}
COMMAND: GET /session/39d2cc3d4aadadb3bd833599b4f4dfae/screenshot - {}
RESULT: {}
RESULT: {}
COMMAND: POST /session/39d2cc3d4aadadb3bd833599b4f4dfae/actions - {"actions":[{"id":"action30","type":"key","parameters":{},"actions":[{"type":"keyDown","value":"î€‡"},{"type":"pause","duration":10},{"type":"keyUp","value":"î€‡"}]}]}
RESULT: {"actions":[{"id":"action30","type":"key","parameters":{},"actions":[{"type":"keyDown","value":"î€‡"},{"type":"pause","duration":10},{"type":"keyUp","value":"î€‡"}]}]}
COMMAND: GET /session/39d2cc3d4aadadb3bd833599b4f4dfae/screenshot - {}
RESULT: {}
COMMAND: POST /session/39d2cc3d4aadadb3bd833599b4f4dfae/execute/sync - {"script":"<script> [276 bytes]","args":["No pricing information was found"]}
RESULT: {"script":"<script> [276 bytes]","args":["No pricing information was found"]}
COMMAND: POST /session/39d2cc3d4aadadb3bd833599b4f4dfae/element - {"using":"xpath","value":"(//button[@data-kt=\"saveButton\"])[2]"}
COMMAND: GET /session/39d2cc3d4aadadb3bd833599b4f4dfae/screenshot - {}
RESULT: {"using":"xpath","value":"(//button[@data-kt=\"saveButton\"])[2]"}
COMMAND: POST /session/39d2cc3d4aadadb3bd833599b4f4dfae/element/f.B301C1F41FC6B7F2328A32BBCA4D6847.d.19E6EEEE0DA040365B881387EFBA830D.e.8015/click - {}
RESULT: {}
RESULT: {}
COMMAND: GET /session/39d2cc3d4aadadb3bd833599b4f4dfae/screenshot - {}
RESULT: {}
COMMAND: POST /session/39d2cc3d4aadadb3bd833599b4f4dfae/execute/sync - {"script":"<script> [276 bytes]","args":["Some contract items are having rental validity exceeding header rental validity"]}
RESULT: {"script":"<script> [276 bytes]","args":["Some contract items are having rental validity exceeding header rental validity"]}
COMMAND: GET /session/39d2cc3d4aadadb3bd833599b4f4dfae/screenshot - {}
RESULT: {}
COMMAND: POST /session/39d2cc3d4aadadb3bd833599b4f4dfae/element - {"using":"xpath","value":"//span[contains(@id ,\"contractItemsSmartTable-header-inner\")]"}
RESULT: {"using":"xpath","value":"//span[contains(@id ,\"contractItemsSmartTable-header-inner\")]"}
COMMAND: POST /session/39d2cc3d4aadadb3bd833599b4f4dfae/elements - {"using":"xpath","value":"//span[contains(@id ,\"contractItemsSmartTable-header-inner\")]"}
RESULT: {"using":"xpath","value":"//span[contains(@id ,\"contractItemsSmartTable-header-inner\")]"}
COMMAND: POST /session/39d2cc3d4aadadb3bd833599b4f4dfae/execute/sync - {"script":"<script> [56 bytes]","args":[{"element-6066-11e4-a52e-4f735466cecf":"f.B301C1F41FC6B7F2328A32BBCA4D6847.d.19E6EEEE0DA040365B881387EFBA830D.e.8022","ELEMENT":"f.B301C1F41FC6B7F2328A32BBCA4D6847.d.19E6EEEE0DA040365B881387EFBA830D.e.8022"}]}
RESULT: {"script":"<script> [56 bytes]","args":[{"element-6066-11e4-a52e-4f735466cecf":"f.B301C1F41FC6B7F2328A32BBCA4D6847.d.19E6EEEE0DA040365B881387EFBA830D.e.8022","ELEMENT":"f.B301C1F41FC6B7F2328A32BBCA4D6847.d.19E6EEEE0DA040365B881387EFBA830D.e.8022"}]}
COMMAND: GET /session/39d2cc3d4aadadb3bd833599b4f4dfae/screenshot - {}
]]></system-out>
    </testcase>
    <testcase classname="chrome.136_0_7103_93.windows.Billing_Transfer_-_Intracompany_US127249" name="Should do a provide to site handover" time="59.937">
      <system-out><![CDATA[
COMMAND: POST /session/39d2cc3d4aadadb3bd833599b4f4dfae/element - {"using":"xpath","value":"//button[@data-kt=\"provideButton\"]"}
RESULT: {}
RESULT: {"using":"xpath","value":"//button[@data-kt=\"provideButton\"]"}
COMMAND: POST /session/39d2cc3d4aadadb3bd833599b4f4dfae/element/f.B301C1F41FC6B7F2328A32BBCA4D6847.d.19E6EEEE0DA040365B881387EFBA830D.e.8023/click - {}
RESULT: {}
COMMAND: GET /session/39d2cc3d4aadadb3bd833599b4f4dfae/screenshot - {}
RESULT: undefined
COMMAND: POST /session/39d2cc3d4aadadb3bd833599b4f4dfae/execute/async - {"script":"<script> [6424 bytes]","args":[{"element-6066-11e4-a52e-4f735466cecf":"f.B301C1F41FC6B7F2328A32BBCA4D6847.d.19E6EEEE0DA040365B881387EFBA830D.e.7015"},"setValue",["5/15/25"]]}
RESULT: {}
COMMAND: POST /session/39d2cc3d4aadadb3bd833599b4f4dfae/execute/async - {"script":"<script> [1562 bytes]","args":[{"selector":{"id":"application-managehandovers-display-component---AddNewHO--dueDate","interaction":{"idSuffix":"inner"}},"wdio_ui5_key":"applicationmanagehandovers-display-component---AddNewHO--dueDate"}]}
RESULT: {"script":"<script> [1562 bytes]","args":[{"selector":{"id":"application-managehandovers-display-component---AddNewHO--dueDate","interaction":{"idSuffix":"inner"}},"wdio_ui5_key":"applicationmanagehandovers-display-component---AddNewHO--dueDate"}]}
COMMAND: POST /session/39d2cc3d4aadadb3bd833599b4f4dfae/execute/async - {"script":"<script> [6424 bytes]","args":[{"element-6066-11e4-a52e-4f735466cecf":"f.B301C1F41FC6B7F2328A32BBCA4D6847.d.19E6EEEE0DA040365B881387EFBA830D.e.8080"},"setValue",["5/15/25"]]}
RESULT: {"script":"<script> [6424 bytes]","args":[{"element-6066-11e4-a52e-4f735466cecf":"f.B301C1F41FC6B7F2328A32BBCA4D6847.d.19E6EEEE0DA040365B881387EFBA830D.e.8080"},"setValue",["5/15/25"]]}
COMMAND: POST /session/39d2cc3d4aadadb3bd833599b4f4dfae/element - {"using":"xpath","value":"//bdi[contains(text(), \"Instructions\")]"}
RESULT: {"using":"xpath","value":"//bdi[contains(text(), \"Instructions\")]"}
COMMAND: POST /session/39d2cc3d4aadadb3bd833599b4f4dfae/element/f.B301C1F41FC6B7F2328A32BBCA4D6847.d.19E6EEEE0DA040365B881387EFBA830D.e.8328/click - {}
RESULT: {}
COMMAND: GET /session/39d2cc3d4aadadb3bd833599b4f4dfae/screenshot - {}
RESULT: {}
COMMAND: POST /session/39d2cc3d4aadadb3bd833599b4f4dfae/element - {"using":"xpath","value":"//button[@data-kt=\"AddNewHOProvideAddItemsButton\"]"}
RESULT: {"using":"xpath","value":"//button[@data-kt=\"AddNewHOProvideAddItemsButton\"]"}
COMMAND: POST /session/39d2cc3d4aadadb3bd833599b4f4dfae/element/f.B301C1F41FC6B7F2328A32BBCA4D6847.d.19E6EEEE0DA040365B881387EFBA830D.e.8332/click - {}
RESULT: {}
COMMAND: GET /session/39d2cc3d4aadadb3bd833599b4f4dfae/screenshot - {}
RESULT: {}
RESULT: undefined
COMMAND: POST /session/39d2cc3d4aadadb3bd833599b4f4dfae/element - {"using":"xpath","value":"//*[@id=\"application-managehandovers-display-component---AddNewHO--popup-sa\"]"}
RESULT: {"using":"xpath","value":"//*[@id=\"application-managehandovers-display-component---AddNewHO--popup-sa\"]"}
COMMAND: POST /session/39d2cc3d4aadadb3bd833599b4f4dfae/element/f.B301C1F41FC6B7F2328A32BBCA4D6847.d.19E6EEEE0DA040365B881387EFBA830D.e.8342/click - {}
RESULT: {}
COMMAND: GET /session/39d2cc3d4aadadb3bd833599b4f4dfae/screenshot - {}
RESULT: {}
COMMAND: POST /session/39d2cc3d4aadadb3bd833599b4f4dfae/element - {"using":"xpath","value":"//*[contains(@id ,\"BDI-content\")][contains(text(), \"Select\")]"}
RESULT: {"using":"xpath","value":"//*[contains(@id ,\"BDI-content\")][contains(text(), \"Select\")]"}
COMMAND: POST /session/39d2cc3d4aadadb3bd833599b4f4dfae/element/f.B301C1F41FC6B7F2328A32BBCA4D6847.d.19E6EEEE0DA040365B881387EFBA830D.e.8343/click - {}
RESULT: {}
COMMAND: GET /session/39d2cc3d4aadadb3bd833599b4f4dfae/screenshot - {}
RESULT: {}
COMMAND: POST /session/39d2cc3d4aadadb3bd833599b4f4dfae/execute/async - {"script":"<script> [1562 bytes]","args":[{"selector":{"id":"application-managehandovers-display-component---AddNewHO--confirmCreationButton","interaction":{"idSuffix":"BDI-content"}},"wdio_ui5_key":"applicationmanagehandovers-display-component---AddNewHO--confirmCreationButton"}]}
RESULT: {"script":"<script> [1562 bytes]","args":[{"selector":{"id":"application-managehandovers-display-component---AddNewHO--confirmCreationButton","interaction":{"idSuffix":"BDI-content"}},"wdio_ui5_key":"applicationmanagehandovers-display-component---AddNewHO--confirmCreationButton"}]}
RESULT: undefined
COMMAND: POST /session/39d2cc3d4aadadb3bd833599b4f4dfae/element - {"using":"xpath","value":"//*[@id=\"application-managehandovers-display-component---AddNewHO--confirmCreationButton\"]"}
RESULT: {"using":"xpath","value":"//*[@id=\"application-managehandovers-display-component---AddNewHO--confirmCreationButton\"]"}
COMMAND: POST /session/39d2cc3d4aadadb3bd833599b4f4dfae/element/f.B301C1F41FC6B7F2328A32BBCA4D6847.d.19E6EEEE0DA040365B881387EFBA830D.e.8158/click - {}
RESULT: {}
COMMAND: GET /session/39d2cc3d4aadadb3bd833599b4f4dfae/screenshot - {}
RESULT: {}
COMMAND: POST /session/39d2cc3d4aadadb3bd833599b4f4dfae/execute/async - {"script":"<script> [1562 bytes]","args":[{"selector":{"id":"issueDatePicker","viewName":"etm.portal.ui.managehandovers.view.DetailExecuteHO","interaction":{"idSuffix":"inner"}},"wdio_ui5_key":"issueDatePickeretmportal.ui.managehandovers.view.DetailExecuteHO"}]}
RESULT: {"script":"<script> [1562 bytes]","args":[{"selector":{"id":"issueDatePicker","viewName":"etm.portal.ui.managehandovers.view.DetailExecuteHO","interaction":{"idSuffix":"inner"}},"wdio_ui5_key":"issueDatePickeretmportal.ui.managehandovers.view.DetailExecuteHO"}]}
RESULT: undefined
COMMAND: POST /session/39d2cc3d4aadadb3bd833599b4f4dfae/execute/async - {"script":"<script> [776 bytes]","args":[{"enterText":"5/15/25","selector":{"id":"issueDatePicker","viewName":"etm.portal.ui.managehandovers.view.DetailExecuteHO","interaction":{"idSuffix":"inner"}},"clearTextFirst":true,"interactionType":"ENTER_TEXT"}]}
RESULT: {"script":"<script> [776 bytes]","args":[{"enterText":"5/15/25","selector":{"id":"issueDatePicker","viewName":"etm.portal.ui.managehandovers.view.DetailExecuteHO","interaction":{"idSuffix":"inner"}},"clearTextFirst":true,"interactionType":"ENTER_TEXT"}]}
COMMAND: POST /session/39d2cc3d4aadadb3bd833599b4f4dfae/element - {"using":"xpath","value":"//bdi[contains(text(), \"OK\")]"}
RESULT: {"using":"xpath","value":"//bdi[contains(text(), \"OK\")]"}
COMMAND: POST /session/39d2cc3d4aadadb3bd833599b4f4dfae/element/f.B301C1F41FC6B7F2328A32BBCA4D6847.d.19E6EEEE0DA040365B881387EFBA830D.e.8393/click - {}
RESULT: {}
COMMAND: GET /session/39d2cc3d4aadadb3bd833599b4f4dfae/screenshot - {}
RESULT: {}
COMMAND: POST /session/39d2cc3d4aadadb3bd833599b4f4dfae/element - {"using":"xpath","value":"//button[@data-kt=\"PickingTableConfirmAllButton\"]"}
RESULT: {"using":"xpath","value":"//button[@data-kt=\"PickingTableConfirmAllButton\"]"}
COMMAND: POST /session/39d2cc3d4aadadb3bd833599b4f4dfae/element/f.B301C1F41FC6B7F2328A32BBCA4D6847.d.19E6EEEE0DA040365B881387EFBA830D.e.8400/click - {}
RESULT: {}
COMMAND: GET /session/39d2cc3d4aadadb3bd833599b4f4dfae/screenshot - {}
RESULT: {}
COMMAND: POST /session/39d2cc3d4aadadb3bd833599b4f4dfae/element - {"using":"xpath","value":"//bdi[contains(text(), \"OK\")]"}
RESULT: {"using":"xpath","value":"//bdi[contains(text(), \"OK\")]"}
COMMAND: POST /session/39d2cc3d4aadadb3bd833599b4f4dfae/element/f.B301C1F41FC6B7F2328A32BBCA4D6847.d.19E6EEEE0DA040365B881387EFBA830D.e.8404/click - {}
RESULT: {}
COMMAND: GET /session/39d2cc3d4aadadb3bd833599b4f4dfae/screenshot - {}
RESULT: {}
COMMAND: POST /session/39d2cc3d4aadadb3bd833599b4f4dfae/element - {"using":"xpath","value":"//bdi[contains(text(), \"Issue\")]"}
RESULT: {"using":"xpath","value":"//bdi[contains(text(), \"Issue\")]"}
COMMAND: POST /session/39d2cc3d4aadadb3bd833599b4f4dfae/element/f.B301C1F41FC6B7F2328A32BBCA4D6847.d.19E6EEEE0DA040365B881387EFBA830D.e.8405/click - {}
RESULT: {}
COMMAND: GET /session/39d2cc3d4aadadb3bd833599b4f4dfae/screenshot - {}
RESULT: {}
COMMAND: POST /session/39d2cc3d4aadadb3bd833599b4f4dfae/element - {"using":"css selector","value":"#shell-header-logo"}
RESULT: {"using":"css selector","value":"#shell-header-logo"}
COMMAND: POST /session/39d2cc3d4aadadb3bd833599b4f4dfae/element/f.B301C1F41FC6B7F2328A32BBCA4D6847.d.19E6EEEE0DA040365B881387EFBA830D.e.7412/click - {}
RESULT: {}
COMMAND: GET /session/39d2cc3d4aadadb3bd833599b4f4dfae/screenshot - {}
RESULT: {}
]]></system-out>
    </testcase>
    <testcase classname="chrome.136_0_7103_93.windows.Billing_Transfer_-_Intracompany_US127249" name="Should go navigate to Manage Billings and trigger contract calculation check result" time="60.44">
      <system-out><![CDATA[
COMMAND: POST /session/39d2cc3d4aadadb3bd833599b4f4dfae/execute/async - {"script":"<script> [1562 bytes]","args":[{"selector":{"controlType":"sap.m.GenericTile","properties":{"header":"Manage Billings"}},"wdio_ui5_key":"sapm.GenericTile{\"header\":\"Manage Billings\"}"}]}
RESULT: {"script":"<script> [1562 bytes]","args":[{"selector":{"controlType":"sap.m.GenericTile","properties":{"header":"Manage Billings"}},"wdio_ui5_key":"sapm.GenericTile{\"header\":\"Manage Billings\"}"}]}
RESULT: undefined
COMMAND: POST /session/39d2cc3d4aadadb3bd833599b4f4dfae/element - {"using":"xpath","value":"//*[@id=\"__tile51\"]"}
RESULT: {"using":"xpath","value":"//*[@id=\"__tile51\"]"}
COMMAND: POST /session/39d2cc3d4aadadb3bd833599b4f4dfae/element/f.B301C1F41FC6B7F2328A32BBCA4D6847.d.19E6EEEE0DA040365B881387EFBA830D.e.3128/click - {}
RESULT: {}
COMMAND: GET /session/39d2cc3d4aadadb3bd833599b4f4dfae/screenshot - {}
RESULT: {}
COMMAND: POST /session/39d2cc3d4aadadb3bd833599b4f4dfae/elements - {"using":"xpath","value":"//span[text()='Error']"}
RESULT: {"using":"xpath","value":"//span[text()='Error']"}
COMMAND: POST /session/39d2cc3d4aadadb3bd833599b4f4dfae/execute/async - {"script":"<script> [1562 bytes]","args":[{"selector":{"id":"application-managebillings-display-component---billRunCalcResult--smartFilterBar-btnBasicSearch","interaction":{"idSuffix":"I"}},"wdio_ui5_key":"applicationmanagebillings-display-component---billRunCalcResult--smartFilterBar-btnBasicSearch"}]}
RESULT: {"script":"<script> [1562 bytes]","args":[{"selector":{"id":"application-managebillings-display-component---billRunCalcResult--smartFilterBar-btnBasicSearch","interaction":{"idSuffix":"I"}},"wdio_ui5_key":"applicationmanagebillings-display-component---billRunCalcResult--smartFilterBar-btnBasicSearch"}]}
RESULT: undefined
COMMAND: POST /session/39d2cc3d4aadadb3bd833599b4f4dfae/execute/async - {"script":"<script> [776 bytes]","args":[{"enterText":"10270","selector":{"id":"application-managebillings-display-component---billRunCalcResult--smartFilterBar-btnBasicSearch","interaction":{"idSuffix":"I"}},"clearTextFirst":true,"interactionType":"ENTER_TEXT"}]}
RESULT: {"script":"<script> [776 bytes]","args":[{"enterText":"10270","selector":{"id":"application-managebillings-display-component---billRunCalcResult--smartFilterBar-btnBasicSearch","interaction":{"idSuffix":"I"}},"clearTextFirst":true,"interactionType":"ENTER_TEXT"}]}
COMMAND: POST /session/39d2cc3d4aadadb3bd833599b4f4dfae/actions - {"actions":[{"id":"action31","type":"key","parameters":{},"actions":[{"type":"keyDown","value":"î€‡"},{"type":"pause","duration":10},{"type":"keyUp","value":"î€‡"}]}]}
RESULT: {"actions":[{"id":"action31","type":"key","parameters":{},"actions":[{"type":"keyDown","value":"î€‡"},{"type":"pause","duration":10},{"type":"keyUp","value":"î€‡"}]}]}
COMMAND: GET /session/39d2cc3d4aadadb3bd833599b4f4dfae/screenshot - {}
RESULT: {}
COMMAND: POST /session/39d2cc3d4aadadb3bd833599b4f4dfae/element - {"using":"xpath","value":"//td[@aria-colindex=\"1\"]/div/div[contains(@class, \"sapMCbBg\")]"}
RESULT: {"using":"xpath","value":"//td[@aria-colindex=\"1\"]/div/div[contains(@class, \"sapMCbBg\")]"}
COMMAND: POST /session/39d2cc3d4aadadb3bd833599b4f4dfae/element/f.B301C1F41FC6B7F2328A32BBCA4D6847.d.19E6EEEE0DA040365B881387EFBA830D.e.9053/click - {}
RESULT: {}
COMMAND: GET /session/39d2cc3d4aadadb3bd833599b4f4dfae/screenshot - {}
RESULT: {}
COMMAND: POST /session/39d2cc3d4aadadb3bd833599b4f4dfae/execute/async - {"script":"<script> [1562 bytes]","args":[{"selector":{"id":"application-managebillings-display-component---billRunCalcResult--contractBillRunDate","interaction":{"idSuffix":"inner"}},"wdio_ui5_key":"applicationmanagebillings-display-component---billRunCalcResult--contractBillRunDate"}]}
RESULT: {"script":"<script> [1562 bytes]","args":[{"selector":{"id":"application-managebillings-display-component---billRunCalcResult--contractBillRunDate","interaction":{"idSuffix":"inner"}},"wdio_ui5_key":"applicationmanagebillings-display-component---billRunCalcResult--contractBillRunDate"}]}
RESULT: undefined
COMMAND: POST /session/39d2cc3d4aadadb3bd833599b4f4dfae/execute/async - {"script":"<script> [776 bytes]","args":[{"enterText":"5/15/25","selector":{"id":"application-managebillings-display-component---billRunCalcResult--contractBillRunDate","interaction":{"idSuffix":"inner"}},"clearTextFirst":true,"interactionType":"ENTER_TEXT"}]}
RESULT: {"script":"<script> [776 bytes]","args":[{"enterText":"5/15/25","selector":{"id":"application-managebillings-display-component---billRunCalcResult--contractBillRunDate","interaction":{"idSuffix":"inner"}},"clearTextFirst":true,"interactionType":"ENTER_TEXT"}]}
COMMAND: POST /session/39d2cc3d4aadadb3bd833599b4f4dfae/element - {"using":"xpath","value":"//bdi[contains(text(), \"Trigger Calculation\")]"}
RESULT: {"using":"xpath","value":"//bdi[contains(text(), \"Trigger Calculation\")]"}
COMMAND: POST /session/39d2cc3d4aadadb3bd833599b4f4dfae/element/f.B301C1F41FC6B7F2328A32BBCA4D6847.d.19E6EEEE0DA040365B881387EFBA830D.e.9075/click - {}
RESULT: {}
COMMAND: GET /session/39d2cc3d4aadadb3bd833599b4f4dfae/screenshot - {}
RESULT: {}
COMMAND: POST /session/39d2cc3d4aadadb3bd833599b4f4dfae/element - {"using":"xpath","value":"(//span[contains(@id, \"imgNav\")])[1]"}
RESULT: {"using":"xpath","value":"(//span[contains(@id, \"imgNav\")])[1]"}
COMMAND: POST /session/39d2cc3d4aadadb3bd833599b4f4dfae/element/f.B301C1F41FC6B7F2328A32BBCA4D6847.d.19E6EEEE0DA040365B881387EFBA830D.e.9067/click - {}
RESULT: {}
COMMAND: GET /session/39d2cc3d4aadadb3bd833599b4f4dfae/screenshot - {}
RESULT: {}
COMMAND: POST /session/39d2cc3d4aadadb3bd833599b4f4dfae/element - {"using":"xpath","value":"//tr/td[6]/div[1]/span[1]/span[1]"}
RESULT: {"using":"xpath","value":"//tr/td[6]/div[1]/span[1]/span[1]"}
COMMAND: GET /session/39d2cc3d4aadadb3bd833599b4f4dfae/element/f.B301C1F41FC6B7F2328A32BBCA4D6847.d.19E6EEEE0DA040365B881387EFBA830D.e.9080/text - {}
RESULT: {}
COMMAND: POST /session/39d2cc3d4aadadb3bd833599b4f4dfae/element - {"using":"xpath","value":"(//span[contains(@id, \"imgNav\")])[2]"}
RESULT: {"using":"xpath","value":"(//span[contains(@id, \"imgNav\")])[2]"}
COMMAND: POST /session/39d2cc3d4aadadb3bd833599b4f4dfae/element/f.B301C1F41FC6B7F2328A32BBCA4D6847.d.19E6EEEE0DA040365B881387EFBA830D.e.9081/click - {}
RESULT: {}
COMMAND: POST /session/39d2cc3d4aadadb3bd833599b4f4dfae/element - {"using":"xpath","value":"//bdi[contains(text(), \"Business Confirm\")]"}
COMMAND: GET /session/39d2cc3d4aadadb3bd833599b4f4dfae/screenshot - {}
RESULT: {"using":"xpath","value":"//bdi[contains(text(), \"Business Confirm\")]"}
COMMAND: POST /session/39d2cc3d4aadadb3bd833599b4f4dfae/elements - {"using":"xpath","value":"//bdi[contains(text(), \"Business Confirm\")]"}
RESULT: {}
RESULT: {"using":"xpath","value":"//bdi[contains(text(), \"Business Confirm\")]"}
COMMAND: POST /session/39d2cc3d4aadadb3bd833599b4f4dfae/elements - {"using":"xpath","value":"//bdi[contains(text(), \"Business Confirm\")]"}
RESULT: {"using":"xpath","value":"//bdi[contains(text(), \"Business Confirm\")]"}
COMMAND: POST /session/39d2cc3d4aadadb3bd833599b4f4dfae/element - {"using":"xpath","value":"//bdi[contains(text(), \"Business Confirm\")]"}
RESULT: {"using":"xpath","value":"//bdi[contains(text(), \"Business Confirm\")]"}
COMMAND: POST /session/39d2cc3d4aadadb3bd833599b4f4dfae/element/f.B301C1F41FC6B7F2328A32BBCA4D6847.d.19E6EEEE0DA040365B881387EFBA830D.e.9083/click - {}
COMMAND: POST /session/39d2cc3d4aadadb3bd833599b4f4dfae/element - {"using":"xpath","value":"//bdi[contains(text(), \"Business Confirm\")]"}
RESULT: {"using":"xpath","value":"//bdi[contains(text(), \"Business Confirm\")]"}
COMMAND: POST /session/39d2cc3d4aadadb3bd833599b4f4dfae/element/f.B301C1F41FC6B7F2328A32BBCA4D6847.d.19E6EEEE0DA040365B881387EFBA830D.e.9083/click - {}
COMMAND: POST /session/39d2cc3d4aadadb3bd833599b4f4dfae/element - {"using":"xpath","value":"//bdi[contains(text(), \"Business Confirm\")]"}
RESULT: {"using":"xpath","value":"//bdi[contains(text(), \"Business Confirm\")]"}
COMMAND: POST /session/39d2cc3d4aadadb3bd833599b4f4dfae/element/f.B301C1F41FC6B7F2328A32BBCA4D6847.d.19E6EEEE0DA040365B881387EFBA830D.e.9134/click - {}
RESULT: {}
COMMAND: POST /session/39d2cc3d4aadadb3bd833599b4f4dfae/element - {"using":"css selector","value":"#shell-header-logo"}
COMMAND: GET /session/39d2cc3d4aadadb3bd833599b4f4dfae/screenshot - {}
RESULT: {"using":"css selector","value":"#shell-header-logo"}
COMMAND: POST /session/39d2cc3d4aadadb3bd833599b4f4dfae/element/f.B301C1F41FC6B7F2328A32BBCA4D6847.d.19E6EEEE0DA040365B881387EFBA830D.e.8706/click - {}
RESULT: {}
RESULT: {}
COMMAND: GET /session/39d2cc3d4aadadb3bd833599b4f4dfae/screenshot - {}
RESULT: {}
]]></system-out>
    </testcase>
    <testcase classname="chrome.136_0_7103_93.windows.Billing_Transfer_-_Intracompany_US127249" name="Should navigate to billing transfer and invoice the contract" time="67.969">
      <system-out><![CDATA[
COMMAND: POST /session/39d2cc3d4aadadb3bd833599b4f4dfae/execute/async - {"script":"<script> [1562 bytes]","args":[{"selector":{"controlType":"sap.m.GenericTile","properties":{"header":"Billing Transfer"}},"wdio_ui5_key":"sapm.GenericTile{\"header\":\"Billing Transfer\"}"}]}
RESULT: {"script":"<script> [1562 bytes]","args":[{"selector":{"controlType":"sap.m.GenericTile","properties":{"header":"Billing Transfer"}},"wdio_ui5_key":"sapm.GenericTile{\"header\":\"Billing Transfer\"}"}]}
RESULT: undefined
COMMAND: POST /session/39d2cc3d4aadadb3bd833599b4f4dfae/element - {"using":"xpath","value":"//*[@id=\"__tile50\"]"}
RESULT: {"using":"xpath","value":"//*[@id=\"__tile50\"]"}
COMMAND: POST /session/39d2cc3d4aadadb3bd833599b4f4dfae/element/f.B301C1F41FC6B7F2328A32BBCA4D6847.d.19E6EEEE0DA040365B881387EFBA830D.e.3126/click - {}
RESULT: {}
COMMAND: GET /session/39d2cc3d4aadadb3bd833599b4f4dfae/screenshot - {}
RESULT: {}
COMMAND: POST /session/39d2cc3d4aadadb3bd833599b4f4dfae/elements - {"using":"xpath","value":"//span[text()='Error']"}
RESULT: {"using":"xpath","value":"//span[text()='Error']"}
COMMAND: POST /session/39d2cc3d4aadadb3bd833599b4f4dfae/element - {"using":"xpath","value":"//input[contains(@id ,\"application-billingtransfer-display-component---billingWorkbench--smartFilterBar-btnBasicSearch\")]"}
RESULT: {"using":"xpath","value":"//input[contains(@id ,\"application-billingtransfer-display-component---billingWorkbench--smartFilterBar-btnBasicSearch\")]"}
COMMAND: POST /session/39d2cc3d4aadadb3bd833599b4f4dfae/elements - {"using":"xpath","value":"//input[contains(@id ,\"application-billingtransfer-display-component---billingWorkbench--smartFilterBar-btnBasicSearch\")]"}
RESULT: {"using":"xpath","value":"//input[contains(@id ,\"application-billingtransfer-display-component---billingWorkbench--smartFilterBar-btnBasicSearch\")]"}
COMMAND: POST /session/39d2cc3d4aadadb3bd833599b4f4dfae/execute/sync - {"script":"<script> [8489 bytes]","args":[{"element-6066-11e4-a52e-4f735466cecf":"f.B301C1F41FC6B7F2328A32BBCA4D6847.d.19E6EEEE0DA040365B881387EFBA830D.e.9163","ELEMENT":"f.B301C1F41FC6B7F2328A32BBCA4D6847.d.19E6EEEE0DA040365B881387EFBA830D.e.9163"}]}
RESULT: {"script":"<script> [8489 bytes]","args":[{"element-6066-11e4-a52e-4f735466cecf":"f.B301C1F41FC6B7F2328A32BBCA4D6847.d.19E6EEEE0DA040365B881387EFBA830D.e.9163","ELEMENT":"f.B301C1F41FC6B7F2328A32BBCA4D6847.d.19E6EEEE0DA040365B881387EFBA830D.e.9163"}]}
COMMAND: GET /session/39d2cc3d4aadadb3bd833599b4f4dfae/element/f.B301C1F41FC6B7F2328A32BBCA4D6847.d.19E6EEEE0DA040365B881387EFBA830D.e.9163/enabled - {}
COMMAND: GET /session/39d2cc3d4aadadb3bd833599b4f4dfae/screenshot - {}
RESULT: {}
COMMAND: POST /session/39d2cc3d4aadadb3bd833599b4f4dfae/element/f.B301C1F41FC6B7F2328A32BBCA4D6847.d.19E6EEEE0DA040365B881387EFBA830D.e.9163/click - {}
COMMAND: GET /session/39d2cc3d4aadadb3bd833599b4f4dfae/screenshot - {}
RESULT: {}
RESULT: {}
COMMAND: GET /session/39d2cc3d4aadadb3bd833599b4f4dfae/screenshot - {}
RESULT: {}
RESULT: {}
COMMAND: POST /session/39d2cc3d4aadadb3bd833599b4f4dfae/element/f.B301C1F41FC6B7F2328A32BBCA4D6847.d.19E6EEEE0DA040365B881387EFBA830D.e.9163/clear - {}
RESULT: {}
COMMAND: POST /session/39d2cc3d4aadadb3bd833599b4f4dfae/element/f.B301C1F41FC6B7F2328A32BBCA4D6847.d.19E6EEEE0DA040365B881387EFBA830D.e.9163/value - {"text":"10270"}
COMMAND: GET /session/39d2cc3d4aadadb3bd833599b4f4dfae/screenshot - {}
RESULT: {"text":"10270"}
COMMAND: POST /session/39d2cc3d4aadadb3bd833599b4f4dfae/actions - {"actions":[{"id":"action32","type":"key","parameters":{},"actions":[{"type":"keyDown","value":"î€‡"},{"type":"pause","duration":10},{"type":"keyUp","value":"î€‡"}]}]}
COMMAND: GET /session/39d2cc3d4aadadb3bd833599b4f4dfae/screenshot - {}
RESULT: {}
RESULT: {"actions":[{"id":"action32","type":"key","parameters":{},"actions":[{"type":"keyDown","value":"î€‡"},{"type":"pause","duration":10},{"type":"keyUp","value":"î€‡"}]}]}
COMMAND: GET /session/39d2cc3d4aadadb3bd833599b4f4dfae/screenshot - {}
RESULT: {}
RESULT: {}
COMMAND: POST /session/39d2cc3d4aadadb3bd833599b4f4dfae/element - {"using":"xpath","value":"//span[contains(@id ,\"application-billingtransfer-display-component---billingWorkbench--smartTableBillingRuns-header-inner\")]"}
RESULT: {"using":"xpath","value":"//span[contains(@id ,\"application-billingtransfer-display-component---billingWorkbench--smartTableBillingRuns-header-inner\")]"}
COMMAND: POST /session/39d2cc3d4aadadb3bd833599b4f4dfae/elements - {"using":"xpath","value":"//span[contains(@id ,\"application-billingtransfer-display-component---billingWorkbench--smartTableBillingRuns-header-inner\")]"}
RESULT: {"using":"xpath","value":"//span[contains(@id ,\"application-billingtransfer-display-component---billingWorkbench--smartTableBillingRuns-header-inner\")]"}
COMMAND: POST /session/39d2cc3d4aadadb3bd833599b4f4dfae/execute/sync - {"script":"<script> [56 bytes]","args":[{"element-6066-11e4-a52e-4f735466cecf":"f.B301C1F41FC6B7F2328A32BBCA4D6847.d.19E6EEEE0DA040365B881387EFBA830D.e.9319","ELEMENT":"f.B301C1F41FC6B7F2328A32BBCA4D6847.d.19E6EEEE0DA040365B881387EFBA830D.e.9319"}]}
RESULT: {"script":"<script> [56 bytes]","args":[{"element-6066-11e4-a52e-4f735466cecf":"f.B301C1F41FC6B7F2328A32BBCA4D6847.d.19E6EEEE0DA040365B881387EFBA830D.e.9319","ELEMENT":"f.B301C1F41FC6B7F2328A32BBCA4D6847.d.19E6EEEE0DA040365B881387EFBA830D.e.9319"}]}
COMMAND: POST /session/39d2cc3d4aadadb3bd833599b4f4dfae/element - {"using":"xpath","value":"//td[@aria-colindex=\"1\"]/div/div[contains(@class, \"sapMCbBg\")]"}
COMMAND: GET /session/39d2cc3d4aadadb3bd833599b4f4dfae/screenshot - {}
RESULT: {}
RESULT: {"using":"xpath","value":"//td[@aria-colindex=\"1\"]/div/div[contains(@class, \"sapMCbBg\")]"}
COMMAND: POST /session/39d2cc3d4aadadb3bd833599b4f4dfae/element/f.B301C1F41FC6B7F2328A32BBCA4D6847.d.19E6EEEE0DA040365B881387EFBA830D.e.9303/click - {}
RESULT: {}
COMMAND: GET /session/39d2cc3d4aadadb3bd833599b4f4dfae/screenshot - {}
RESULT: {}
COMMAND: POST /session/39d2cc3d4aadadb3bd833599b4f4dfae/element - {"using":"xpath","value":"//bdi[contains(text(), \"Check\")]"}
RESULT: {"using":"xpath","value":"//bdi[contains(text(), \"Check\")]"}
COMMAND: POST /session/39d2cc3d4aadadb3bd833599b4f4dfae/element/f.B301C1F41FC6B7F2328A32BBCA4D6847.d.19E6EEEE0DA040365B881387EFBA830D.e.9320/click - {}
RESULT: {}
COMMAND: GET /session/39d2cc3d4aadadb3bd833599b4f4dfae/screenshot - {}
RESULT: {}
COMMAND: POST /session/39d2cc3d4aadadb3bd833599b4f4dfae/element - {"using":"xpath","value":"//bdi[contains(text(), \"OK\")]"}
RESULT: {"using":"xpath","value":"//bdi[contains(text(), \"OK\")]"}
COMMAND: POST /session/39d2cc3d4aadadb3bd833599b4f4dfae/element/f.B301C1F41FC6B7F2328A32BBCA4D6847.d.19E6EEEE0DA040365B881387EFBA830D.e.9323/click - {}
RESULT: {}
COMMAND: GET /session/39d2cc3d4aadadb3bd833599b4f4dfae/screenshot - {}
RESULT: undefined
RESULT: {}
COMMAND: POST /session/39d2cc3d4aadadb3bd833599b4f4dfae/element - {"using":"xpath","value":"(//span[contains(text(), \"CO/SD checked\")]/parent::div/preceding-sibling::div/span)[1]"}
RESULT: {"using":"xpath","value":"(//span[contains(text(), \"CO/SD checked\")]/parent::div/preceding-sibling::div/span)[1]"}
COMMAND: POST /session/39d2cc3d4aadadb3bd833599b4f4dfae/element/f.B301C1F41FC6B7F2328A32BBCA4D6847.d.19E6EEEE0DA040365B881387EFBA830D.e.9324/click - {}
RESULT: {}
COMMAND: GET /session/39d2cc3d4aadadb3bd833599b4f4dfae/screenshot - {}
RESULT: {}
COMMAND: POST /session/39d2cc3d4aadadb3bd833599b4f4dfae/element - {"using":"xpath","value":"//input[contains(@id ,\"application-billingtransfer-display-component---billingWorkbench--smartFilterBar-btnBasicSearch\")]"}
RESULT: {"using":"xpath","value":"//input[contains(@id ,\"application-billingtransfer-display-component---billingWorkbench--smartFilterBar-btnBasicSearch\")]"}
COMMAND: POST /session/39d2cc3d4aadadb3bd833599b4f4dfae/elements - {"using":"xpath","value":"//input[contains(@id ,\"application-billingtransfer-display-component---billingWorkbench--smartFilterBar-btnBasicSearch\")]"}
RESULT: {"using":"xpath","value":"//input[contains(@id ,\"application-billingtransfer-display-component---billingWorkbench--smartFilterBar-btnBasicSearch\")]"}
COMMAND: POST /session/39d2cc3d4aadadb3bd833599b4f4dfae/execute/sync - {"script":"<script> [8489 bytes]","args":[{"element-6066-11e4-a52e-4f735466cecf":"f.B301C1F41FC6B7F2328A32BBCA4D6847.d.19E6EEEE0DA040365B881387EFBA830D.e.9163","ELEMENT":"f.B301C1F41FC6B7F2328A32BBCA4D6847.d.19E6EEEE0DA040365B881387EFBA830D.e.9163"}]}
RESULT: {"script":"<script> [8489 bytes]","args":[{"element-6066-11e4-a52e-4f735466cecf":"f.B301C1F41FC6B7F2328A32BBCA4D6847.d.19E6EEEE0DA040365B881387EFBA830D.e.9163","ELEMENT":"f.B301C1F41FC6B7F2328A32BBCA4D6847.d.19E6EEEE0DA040365B881387EFBA830D.e.9163"}]}
COMMAND: GET /session/39d2cc3d4aadadb3bd833599b4f4dfae/element/f.B301C1F41FC6B7F2328A32BBCA4D6847.d.19E6EEEE0DA040365B881387EFBA830D.e.9163/enabled - {}
COMMAND: GET /session/39d2cc3d4aadadb3bd833599b4f4dfae/screenshot - {}
RESULT: {}
COMMAND: POST /session/39d2cc3d4aadadb3bd833599b4f4dfae/element/f.B301C1F41FC6B7F2328A32BBCA4D6847.d.19E6EEEE0DA040365B881387EFBA830D.e.9163/click - {}
COMMAND: GET /session/39d2cc3d4aadadb3bd833599b4f4dfae/screenshot - {}
RESULT: {}
RESULT: {}
COMMAND: GET /session/39d2cc3d4aadadb3bd833599b4f4dfae/screenshot - {}
RESULT: {}
RESULT: {}
COMMAND: POST /session/39d2cc3d4aadadb3bd833599b4f4dfae/element/f.B301C1F41FC6B7F2328A32BBCA4D6847.d.19E6EEEE0DA040365B881387EFBA830D.e.9163/clear - {}
RESULT: {}
COMMAND: POST /session/39d2cc3d4aadadb3bd833599b4f4dfae/element/f.B301C1F41FC6B7F2328A32BBCA4D6847.d.19E6EEEE0DA040365B881387EFBA830D.e.9163/value - {"text":"10270"}
COMMAND: GET /session/39d2cc3d4aadadb3bd833599b4f4dfae/screenshot - {}
RESULT: {"text":"10270"}
COMMAND: POST /session/39d2cc3d4aadadb3bd833599b4f4dfae/actions - {"actions":[{"id":"action33","type":"key","parameters":{},"actions":[{"type":"keyDown","value":"î€‡"},{"type":"pause","duration":10},{"type":"keyUp","value":"î€‡"}]}]}
COMMAND: GET /session/39d2cc3d4aadadb3bd833599b4f4dfae/screenshot - {}
RESULT: {}
RESULT: {"actions":[{"id":"action33","type":"key","parameters":{},"actions":[{"type":"keyDown","value":"î€‡"},{"type":"pause","duration":10},{"type":"keyUp","value":"î€‡"}]}]}
COMMAND: GET /session/39d2cc3d4aadadb3bd833599b4f4dfae/screenshot - {}
RESULT: {}
RESULT: {}
COMMAND: POST /session/39d2cc3d4aadadb3bd833599b4f4dfae/element - {"using":"xpath","value":"//span[contains(@id ,\"application-billingtransfer-display-component---billingWorkbench--smartTableBillingRuns-header-inner\")]"}
RESULT: {"using":"xpath","value":"//span[contains(@id ,\"application-billingtransfer-display-component---billingWorkbench--smartTableBillingRuns-header-inner\")]"}
COMMAND: POST /session/39d2cc3d4aadadb3bd833599b4f4dfae/elements - {"using":"xpath","value":"//span[contains(@id ,\"application-billingtransfer-display-component---billingWorkbench--smartTableBillingRuns-header-inner\")]"}
RESULT: {"using":"xpath","value":"//span[contains(@id ,\"application-billingtransfer-display-component---billingWorkbench--smartTableBillingRuns-header-inner\")]"}
COMMAND: POST /session/39d2cc3d4aadadb3bd833599b4f4dfae/execute/sync - {"script":"<script> [56 bytes]","args":[{"element-6066-11e4-a52e-4f735466cecf":"f.B301C1F41FC6B7F2328A32BBCA4D6847.d.19E6EEEE0DA040365B881387EFBA830D.e.9319","ELEMENT":"f.B301C1F41FC6B7F2328A32BBCA4D6847.d.19E6EEEE0DA040365B881387EFBA830D.e.9319"}]}
RESULT: {"script":"<script> [56 bytes]","args":[{"element-6066-11e4-a52e-4f735466cecf":"f.B301C1F41FC6B7F2328A32BBCA4D6847.d.19E6EEEE0DA040365B881387EFBA830D.e.9319","ELEMENT":"f.B301C1F41FC6B7F2328A32BBCA4D6847.d.19E6EEEE0DA040365B881387EFBA830D.e.9319"}]}
COMMAND: POST /session/39d2cc3d4aadadb3bd833599b4f4dfae/element - {"using":"xpath","value":"//td[@aria-colindex=\"1\"]/div/div[contains(@class, \"sapMCbBg\")]"}
COMMAND: GET /session/39d2cc3d4aadadb3bd833599b4f4dfae/screenshot - {}
RESULT: {"using":"xpath","value":"//td[@aria-colindex=\"1\"]/div/div[contains(@class, \"sapMCbBg\")]"}
COMMAND: POST /session/39d2cc3d4aadadb3bd833599b4f4dfae/element/f.B301C1F41FC6B7F2328A32BBCA4D6847.d.19E6EEEE0DA040365B881387EFBA830D.e.9328/click - {}
RESULT: {}
RESULT: {}
COMMAND: GET /session/39d2cc3d4aadadb3bd833599b4f4dfae/screenshot - {}
RESULT: {}
COMMAND: POST /session/39d2cc3d4aadadb3bd833599b4f4dfae/element - {"using":"xpath","value":"//bdi[text()=\"Transfer\"]"}
RESULT: {"using":"xpath","value":"//bdi[text()=\"Transfer\"]"}
COMMAND: POST /session/39d2cc3d4aadadb3bd833599b4f4dfae/element/f.B301C1F41FC6B7F2328A32BBCA4D6847.d.19E6EEEE0DA040365B881387EFBA830D.e.9329/click - {}
RESULT: {}
COMMAND: GET /session/39d2cc3d4aadadb3bd833599b4f4dfae/screenshot - {}
RESULT: {}
COMMAND: POST /session/39d2cc3d4aadadb3bd833599b4f4dfae/element - {"using":"xpath","value":"//bdi[contains(text(), \"OK\")]"}
RESULT: {"using":"xpath","value":"//bdi[contains(text(), \"OK\")]"}
COMMAND: POST /session/39d2cc3d4aadadb3bd833599b4f4dfae/element/f.B301C1F41FC6B7F2328A32BBCA4D6847.d.19E6EEEE0DA040365B881387EFBA830D.e.9333/click - {}
RESULT: {}
COMMAND: GET /session/39d2cc3d4aadadb3bd833599b4f4dfae/screenshot - {}
RESULT: {}
COMMAND: POST /session/39d2cc3d4aadadb3bd833599b4f4dfae/element - {"using":"xpath","value":"(//span[contains(text(), \"Completed\")]/parent::div/preceding-sibling::div/span)[1]"}
RESULT: {"using":"xpath","value":"(//span[contains(text(), \"Completed\")]/parent::div/preceding-sibling::div/span)[1]"}
COMMAND: POST /session/39d2cc3d4aadadb3bd833599b4f4dfae/element/f.B301C1F41FC6B7F2328A32BBCA4D6847.d.19E6EEEE0DA040365B881387EFBA830D.e.9341/click - {}
RESULT: {}
COMMAND: POST /session/39d2cc3d4aadadb3bd833599b4f4dfae/element - {"using":"xpath","value":"//input[contains(@id ,\"application-billingtransfer-display-component---billingWorkbench--smartFilterBar-btnBasicSearch\")]"}
COMMAND: GET /session/39d2cc3d4aadadb3bd833599b4f4dfae/screenshot - {}
RESULT: {"using":"xpath","value":"//input[contains(@id ,\"application-billingtransfer-display-component---billingWorkbench--smartFilterBar-btnBasicSearch\")]"}
COMMAND: POST /session/39d2cc3d4aadadb3bd833599b4f4dfae/elements - {"using":"xpath","value":"//input[contains(@id ,\"application-billingtransfer-display-component---billingWorkbench--smartFilterBar-btnBasicSearch\")]"}
RESULT: {}
RESULT: {"using":"xpath","value":"//input[contains(@id ,\"application-billingtransfer-display-component---billingWorkbench--smartFilterBar-btnBasicSearch\")]"}
COMMAND: POST /session/39d2cc3d4aadadb3bd833599b4f4dfae/execute/sync - {"script":"<script> [8489 bytes]","args":[{"element-6066-11e4-a52e-4f735466cecf":"f.B301C1F41FC6B7F2328A32BBCA4D6847.d.19E6EEEE0DA040365B881387EFBA830D.e.9163","ELEMENT":"f.B301C1F41FC6B7F2328A32BBCA4D6847.d.19E6EEEE0DA040365B881387EFBA830D.e.9163"}]}
RESULT: {"script":"<script> [8489 bytes]","args":[{"element-6066-11e4-a52e-4f735466cecf":"f.B301C1F41FC6B7F2328A32BBCA4D6847.d.19E6EEEE0DA040365B881387EFBA830D.e.9163","ELEMENT":"f.B301C1F41FC6B7F2328A32BBCA4D6847.d.19E6EEEE0DA040365B881387EFBA830D.e.9163"}]}
COMMAND: GET /session/39d2cc3d4aadadb3bd833599b4f4dfae/element/f.B301C1F41FC6B7F2328A32BBCA4D6847.d.19E6EEEE0DA040365B881387EFBA830D.e.9163/enabled - {}
COMMAND: GET /session/39d2cc3d4aadadb3bd833599b4f4dfae/screenshot - {}
RESULT: {}
COMMAND: POST /session/39d2cc3d4aadadb3bd833599b4f4dfae/element/f.B301C1F41FC6B7F2328A32BBCA4D6847.d.19E6EEEE0DA040365B881387EFBA830D.e.9163/click - {}
COMMAND: GET /session/39d2cc3d4aadadb3bd833599b4f4dfae/screenshot - {}
RESULT: {}
RESULT: {}
COMMAND: GET /session/39d2cc3d4aadadb3bd833599b4f4dfae/screenshot - {}
RESULT: {}
RESULT: {}
COMMAND: POST /session/39d2cc3d4aadadb3bd833599b4f4dfae/element/f.B301C1F41FC6B7F2328A32BBCA4D6847.d.19E6EEEE0DA040365B881387EFBA830D.e.9163/clear - {}
RESULT: {}
COMMAND: POST /session/39d2cc3d4aadadb3bd833599b4f4dfae/element/f.B301C1F41FC6B7F2328A32BBCA4D6847.d.19E6EEEE0DA040365B881387EFBA830D.e.9163/value - {"text":"10270"}
COMMAND: GET /session/39d2cc3d4aadadb3bd833599b4f4dfae/screenshot - {}
RESULT: {"text":"10270"}
COMMAND: POST /session/39d2cc3d4aadadb3bd833599b4f4dfae/actions - {"actions":[{"id":"action34","type":"key","parameters":{},"actions":[{"type":"keyDown","value":"î€‡"},{"type":"pause","duration":10},{"type":"keyUp","value":"î€‡"}]}]}
COMMAND: GET /session/39d2cc3d4aadadb3bd833599b4f4dfae/screenshot - {}
RESULT: {}
RESULT: {"actions":[{"id":"action34","type":"key","parameters":{},"actions":[{"type":"keyDown","value":"î€‡"},{"type":"pause","duration":10},{"type":"keyUp","value":"î€‡"}]}]}
COMMAND: GET /session/39d2cc3d4aadadb3bd833599b4f4dfae/screenshot - {}
RESULT: {}
RESULT: {}
COMMAND: POST /session/39d2cc3d4aadadb3bd833599b4f4dfae/element - {"using":"xpath","value":"//span[contains(@id ,\"application-billingtransfer-display-component---billingWorkbench--smartTableBillingRuns-header-inner\")]"}
RESULT: {"using":"xpath","value":"//span[contains(@id ,\"application-billingtransfer-display-component---billingWorkbench--smartTableBillingRuns-header-inner\")]"}
COMMAND: POST /session/39d2cc3d4aadadb3bd833599b4f4dfae/elements - {"using":"xpath","value":"//span[contains(@id ,\"application-billingtransfer-display-component---billingWorkbench--smartTableBillingRuns-header-inner\")]"}
RESULT: {"using":"xpath","value":"//span[contains(@id ,\"application-billingtransfer-display-component---billingWorkbench--smartTableBillingRuns-header-inner\")]"}
COMMAND: POST /session/39d2cc3d4aadadb3bd833599b4f4dfae/execute/sync - {"script":"<script> [56 bytes]","args":[{"element-6066-11e4-a52e-4f735466cecf":"f.B301C1F41FC6B7F2328A32BBCA4D6847.d.19E6EEEE0DA040365B881387EFBA830D.e.9319","ELEMENT":"f.B301C1F41FC6B7F2328A32BBCA4D6847.d.19E6EEEE0DA040365B881387EFBA830D.e.9319"}]}
RESULT: {"script":"<script> [56 bytes]","args":[{"element-6066-11e4-a52e-4f735466cecf":"f.B301C1F41FC6B7F2328A32BBCA4D6847.d.19E6EEEE0DA040365B881387EFBA830D.e.9319","ELEMENT":"f.B301C1F41FC6B7F2328A32BBCA4D6847.d.19E6EEEE0DA040365B881387EFBA830D.e.9319"}]}
COMMAND: POST /session/39d2cc3d4aadadb3bd833599b4f4dfae/element - {"using":"css selector","value":"#shell-header-logo"}
COMMAND: GET /session/39d2cc3d4aadadb3bd833599b4f4dfae/screenshot - {}
RESULT: {"using":"css selector","value":"#shell-header-logo"}
COMMAND: POST /session/39d2cc3d4aadadb3bd833599b4f4dfae/element/f.B301C1F41FC6B7F2328A32BBCA4D6847.d.19E6EEEE0DA040365B881387EFBA830D.e.9161/click - {}
RESULT: {}
RESULT: {}
COMMAND: GET /session/39d2cc3d4aadadb3bd833599b4f4dfae/screenshot - {}
RESULT: {}
COMMAND: POST /session/39d2cc3d4aadadb3bd833599b4f4dfae/element - {"using":"css selector","value":"#j_username"}
COMMAND: POST /session/39d2cc3d4aadadb3bd833599b4f4dfae/url - {"url":"https://qa-testing-00-live-etm-ui.cfapps.eu10-004.hana.ondemand.com/"}
RESULT: {"using":"css selector","value":"#j_username"}
COMMAND: POST /session/39d2cc3d4aadadb3bd833599b4f4dfae/element - {"using":"css selector","value":"#j_username"}
RESULT: {"url":"https://qa-testing-00-live-etm-ui.cfapps.eu10-004.hana.ondemand.com/"}
RESULT: undefined
COMMAND: GET /session/39d2cc3d4aadadb3bd833599b4f4dfae/screenshot - {}
RESULT: {"using":"css selector","value":"#j_username"}
COMMAND: POST /session/39d2cc3d4aadadb3bd833599b4f4dfae/element - {"using":"css selector","value":"#shell-header-logo"}
RESULT: {}
RESULT: {"using":"css selector","value":"#shell-header-logo"}
COMMAND: POST /session/39d2cc3d4aadadb3bd833599b4f4dfae/execute/sync - {"script":"<script> [8489 bytes]","args":[{"element-6066-11e4-a52e-4f735466cecf":"f.B301C1F41FC6B7F2328A32BBCA4D6847.d.3685F6582FD1A5B6868C0F40FB812138.e.9353","ELEMENT":"f.B301C1F41FC6B7F2328A32BBCA4D6847.d.3685F6582FD1A5B6868C0F40FB812138.e.9353"}]}
RESULT: {"script":"<script> [8489 bytes]","args":[{"element-6066-11e4-a52e-4f735466cecf":"f.B301C1F41FC6B7F2328A32BBCA4D6847.d.3685F6582FD1A5B6868C0F40FB812138.e.9353","ELEMENT":"f.B301C1F41FC6B7F2328A32BBCA4D6847.d.3685F6582FD1A5B6868C0F40FB812138.e.9353"}]}
COMMAND: POST /session/39d2cc3d4aadadb3bd833599b4f4dfae/element - {"using":"css selector","value":"#shell-header-logo"}
COMMAND: GET /session/39d2cc3d4aadadb3bd833599b4f4dfae/screenshot - {}
RESULT: {"using":"css selector","value":"#shell-header-logo"}
COMMAND: POST /session/39d2cc3d4aadadb3bd833599b4f4dfae/execute/sync - {"script":"<script> [8489 bytes]","args":[{"element-6066-11e4-a52e-4f735466cecf":"f.B301C1F41FC6B7F2328A32BBCA4D6847.d.3685F6582FD1A5B6868C0F40FB812138.e.9353","ELEMENT":"f.B301C1F41FC6B7F2328A32BBCA4D6847.d.3685F6582FD1A5B6868C0F40FB812138.e.9353"}]}
RESULT: {}
RESULT: {"script":"<script> [8489 bytes]","args":[{"element-6066-11e4-a52e-4f735466cecf":"f.B301C1F41FC6B7F2328A32BBCA4D6847.d.3685F6582FD1A5B6868C0F40FB812138.e.9353","ELEMENT":"f.B301C1F41FC6B7F2328A32BBCA4D6847.d.3685F6582FD1A5B6868C0F40FB812138.e.9353"}]}
COMMAND: POST /session/39d2cc3d4aadadb3bd833599b4f4dfae/execute/sync - {"script":"<script> [5351 bytes]","args":[{"element-6066-11e4-a52e-4f735466cecf":"f.B301C1F41FC6B7F2328A32BBCA4D6847.d.3685F6582FD1A5B6868C0F40FB812138.e.9353","ELEMENT":"f.B301C1F41FC6B7F2328A32BBCA4D6847.d.3685F6582FD1A5B6868C0F40FB812138.e.9353"}]}
COMMAND: GET /session/39d2cc3d4aadadb3bd833599b4f4dfae/screenshot - {}
RESULT: {"script":"<script> [5351 bytes]","args":[{"element-6066-11e4-a52e-4f735466cecf":"f.B301C1F41FC6B7F2328A32BBCA4D6847.d.3685F6582FD1A5B6868C0F40FB812138.e.9353","ELEMENT":"f.B301C1F41FC6B7F2328A32BBCA4D6847.d.3685F6582FD1A5B6868C0F40FB812138.e.9353"}]}
COMMAND: POST /session/39d2cc3d4aadadb3bd833599b4f4dfae/element - {"using":"css selector","value":"#shell-header-logo"}
COMMAND: GET /session/39d2cc3d4aadadb3bd833599b4f4dfae/screenshot - {}
RESULT: {}
RESULT: {"using":"css selector","value":"#shell-header-logo"}
COMMAND: POST /session/39d2cc3d4aadadb3bd833599b4f4dfae/element/f.B301C1F41FC6B7F2328A32BBCA4D6847.d.3685F6582FD1A5B6868C0F40FB812138.e.9353/click - {}
RESULT: {}
RESULT: {}
COMMAND: GET /session/39d2cc3d4aadadb3bd833599b4f4dfae/screenshot - {}
RESULT: {}
COMMAND: POST /session/39d2cc3d4aadadb3bd833599b4f4dfae/execute/async - {"script":"<script> [189 bytes]","args":[]}
RESULT: {"script":"<script> [189 bytes]","args":[]}
COMMAND: POST /session/39d2cc3d4aadadb3bd833599b4f4dfae/execute/async - {"script":"<script> [123 bytes]","args":[]}
RESULT: {"script":"<script> [123 bytes]","args":[]}
COMMAND: POST /session/39d2cc3d4aadadb3bd833599b4f4dfae/timeouts - {"script":"<number>"}
RESULT: {"script":"<number>"}
COMMAND: GET /session/39d2cc3d4aadadb3bd833599b4f4dfae/timeouts - {}
RESULT: {}
RESULT: undefined
COMMAND: POST /session/39d2cc3d4aadadb3bd833599b4f4dfae/execute/async - {"script":"<script> [2676 bytes]","args":[]}
RESULT: {"script":"<script> [2676 bytes]","args":[]}
COMMAND: POST /session/39d2cc3d4aadadb3bd833599b4f4dfae/execute/async - {"script":"<script> [2342 bytes]","args":[{"protocol":"http","hostname":"0.0.0.0","path":"/","capabilities":{"browserName":"chrome","goog:chromeOptions":{"binary":"C:\\Program Files\\Google\\Chrome\\Application\\chrome.exe","args":["--start-maximized"]}},"logLevel":"warn","connectionRetryTimeout":120000,"connectionRetryCount":3,"logLevels":{},"enableDirectConnect":true,"strictSSL":true,"_":"65 more keys: [\"cacheDir\",\"port\",\"requestedCapabilities\",\"automationProtocol\",\"baseUrl\",\"waitforInterval\",\"waitforTimeout\",\"onReload\",\"beforeCommand\",\"afterCommand\",\"rootDir\",\"specs\",\"suites\",\"exclude\",\"groupLogsByTestSpec\",\"excludeDriverLogs\",\"bail\",\"framework\",\"reporters\",\"services\",\"maxInstances\",\"maxInstancesPerCapability\",\"injectGlobals\",\"filesToWatch\",\"execArgv\",\"runnerEnv\",\"runner\",\"shard\",\"specFileRetries\",\"specFileRetriesDelay\",\"specFileRetriesDeferred\",\"reporterSyncInterval\",\"reporterSyncTimeout\",\"cucumberFeaturesWithLineNumbers\",\"autoCompileOpts\",\"mochaOpts\",\"jasmineOpts\",\"cucumberOpts\",\"onPrepare\",\"onWorkerStart\",\"onWorkerEnd\",\"before\",\"beforeSession\",\"beforeSuite\",\"beforeHook\",\"beforeTest\",\"afterTest\",\"afterHook\",\"afterSuite\",\"afterSession\",\"after\",\"onComplete\",\"beforeAssertion\",\"afterAssertion\",\"beforeFeature\",\"beforeScenario\",\"beforeStep\",\"afterStep\",\"afterScenario\",\"afterFeature\",\"_\",\"suite\",\"$0\",\"ignoredWorkerServices\",\"wdi5\"]"}]}
RESULT: {"script":"<script> [2342 bytes]","args":[{"protocol":"http","hostname":"0.0.0.0","path":"/","capabilities":{"browserName":"chrome","goog:chromeOptions":{"binary":"C:\\Program Files\\Google\\Chrome\\Application\\chrome.exe","args":["--start-maximized"]}},"logLevel":"warn","connectionRetryTimeout":120000,"connectionRetryCount":3,"logLevels":{},"enableDirectConnect":true,"strictSSL":true,"_":"65 more keys: [\"cacheDir\",\"port\",\"requestedCapabilities\",\"automationProtocol\",\"baseUrl\",\"waitforInterval\",\"waitforTimeout\",\"onReload\",\"beforeCommand\",\"afterCommand\",\"rootDir\",\"specs\",\"suites\",\"exclude\",\"groupLogsByTestSpec\",\"excludeDriverLogs\",\"bail\",\"framework\",\"reporters\",\"services\",\"maxInstances\",\"maxInstancesPerCapability\",\"injectGlobals\",\"filesToWatch\",\"execArgv\",\"runnerEnv\",\"runner\",\"shard\",\"specFileRetries\",\"specFileRetriesDelay\",\"specFileRetriesDeferred\",\"reporterSyncInterval\",\"reporterSyncTimeout\",\"cucumberFeaturesWithLineNumbers\",\"autoCompileOpts\",\"mochaOpts\",\"jasmineOpts\",\"cucumberOpts\",\"onPrepare\",\"onWorkerStart\",\"onWorkerEnd\",\"before\",\"beforeSession\",\"beforeSuite\",\"beforeHook\",\"beforeTest\",\"afterTest\",\"afterHook\",\"afterSuite\",\"afterSession\",\"after\",\"onComplete\",\"beforeAssertion\",\"afterAssertion\",\"beforeFeature\",\"beforeScenario\",\"beforeStep\",\"afterStep\",\"afterScenario\",\"afterFeature\",\"_\",\"suite\",\"$0\",\"ignoredWorkerServices\",\"wdi5\"]"}]}
COMMAND: POST /session/39d2cc3d4aadadb3bd833599b4f4dfae/execute/async - {"script":"<script> [21126 bytes]","args":[35000]}
RESULT: {"script":"<script> [21126 bytes]","args":[35000]}
COMMAND: POST /session/39d2cc3d4aadadb3bd833599b4f4dfae/window/maximize - {}
RESULT: {}
COMMAND: POST /session/39d2cc3d4aadadb3bd833599b4f4dfae/execute/async - {"script":"<script> [1562 bytes]","args":[{"selector":{"id":"shell-header","interaction":{"idSuffix":"icon"}},"wdio_ui5_key":"shellheader"}]}
COMMAND: GET /session/39d2cc3d4aadadb3bd833599b4f4dfae/screenshot - {}
RESULT: {"script":"<script> [1562 bytes]","args":[{"selector":{"id":"shell-header","interaction":{"idSuffix":"icon"}},"wdio_ui5_key":"shellheader"}]}
RESULT: undefined
COMMAND: POST /session/39d2cc3d4aadadb3bd833599b4f4dfae/refresh - {}
RESULT: {}
RESULT: {}
COMMAND: GET /session/39d2cc3d4aadadb3bd833599b4f4dfae/screenshot - {}
RESULT: {}
COMMAND: POST /session/39d2cc3d4aadadb3bd833599b4f4dfae/refresh - {}
RESULT: {}
COMMAND: GET /session/39d2cc3d4aadadb3bd833599b4f4dfae/screenshot - {}
RESULT: {}
COMMAND: POST /session/39d2cc3d4aadadb3bd833599b4f4dfae/window/fullscreen - {}
RESULT: {}
COMMAND: POST /session/39d2cc3d4aadadb3bd833599b4f4dfae/execute/async - {"script":"<script> [189 bytes]","args":[]}
RESULT: {"script":"<script> [189 bytes]","args":[]}
COMMAND: POST /session/39d2cc3d4aadadb3bd833599b4f4dfae/execute/async - {"script":"<script> [123 bytes]","args":[]}
RESULT: {"script":"<script> [123 bytes]","args":[]}
COMMAND: POST /session/39d2cc3d4aadadb3bd833599b4f4dfae/timeouts - {"script":"<number>"}
RESULT: {"script":"<number>"}
COMMAND: GET /session/39d2cc3d4aadadb3bd833599b4f4dfae/timeouts - {}
RESULT: {}
RESULT: undefined
COMMAND: POST /session/39d2cc3d4aadadb3bd833599b4f4dfae/execute/async - {"script":"<script> [2676 bytes]","args":[]}
RESULT: {"script":"<script> [2676 bytes]","args":[]}
COMMAND: POST /session/39d2cc3d4aadadb3bd833599b4f4dfae/execute/async - {"script":"<script> [2342 bytes]","args":[{"protocol":"http","hostname":"0.0.0.0","path":"/","capabilities":{"browserName":"chrome","goog:chromeOptions":{"binary":"C:\\Program Files\\Google\\Chrome\\Application\\chrome.exe","args":["--start-maximized"]}},"logLevel":"warn","connectionRetryTimeout":120000,"connectionRetryCount":3,"logLevels":{},"enableDirectConnect":true,"strictSSL":true,"_":"65 more keys: [\"cacheDir\",\"port\",\"requestedCapabilities\",\"automationProtocol\",\"baseUrl\",\"waitforInterval\",\"waitforTimeout\",\"onReload\",\"beforeCommand\",\"afterCommand\",\"rootDir\",\"specs\",\"suites\",\"exclude\",\"groupLogsByTestSpec\",\"excludeDriverLogs\",\"bail\",\"framework\",\"reporters\",\"services\",\"maxInstances\",\"maxInstancesPerCapability\",\"injectGlobals\",\"filesToWatch\",\"execArgv\",\"runnerEnv\",\"runner\",\"shard\",\"specFileRetries\",\"specFileRetriesDelay\",\"specFileRetriesDeferred\",\"reporterSyncInterval\",\"reporterSyncTimeout\",\"cucumberFeaturesWithLineNumbers\",\"autoCompileOpts\",\"mochaOpts\",\"jasmineOpts\",\"cucumberOpts\",\"onPrepare\",\"onWorkerStart\",\"onWorkerEnd\",\"before\",\"beforeSession\",\"beforeSuite\",\"beforeHook\",\"beforeTest\",\"afterTest\",\"afterHook\",\"afterSuite\",\"afterSession\",\"after\",\"onComplete\",\"beforeAssertion\",\"afterAssertion\",\"beforeFeature\",\"beforeScenario\",\"beforeStep\",\"afterStep\",\"afterScenario\",\"afterFeature\",\"_\",\"suite\",\"$0\",\"ignoredWorkerServices\",\"wdi5\"]"}]}
RESULT: {"script":"<script> [2342 bytes]","args":[{"protocol":"http","hostname":"0.0.0.0","path":"/","capabilities":{"browserName":"chrome","goog:chromeOptions":{"binary":"C:\\Program Files\\Google\\Chrome\\Application\\chrome.exe","args":["--start-maximized"]}},"logLevel":"warn","connectionRetryTimeout":120000,"connectionRetryCount":3,"logLevels":{},"enableDirectConnect":true,"strictSSL":true,"_":"65 more keys: [\"cacheDir\",\"port\",\"requestedCapabilities\",\"automationProtocol\",\"baseUrl\",\"waitforInterval\",\"waitforTimeout\",\"onReload\",\"beforeCommand\",\"afterCommand\",\"rootDir\",\"specs\",\"suites\",\"exclude\",\"groupLogsByTestSpec\",\"excludeDriverLogs\",\"bail\",\"framework\",\"reporters\",\"services\",\"maxInstances\",\"maxInstancesPerCapability\",\"injectGlobals\",\"filesToWatch\",\"execArgv\",\"runnerEnv\",\"runner\",\"shard\",\"specFileRetries\",\"specFileRetriesDelay\",\"specFileRetriesDeferred\",\"reporterSyncInterval\",\"reporterSyncTimeout\",\"cucumberFeaturesWithLineNumbers\",\"autoCompileOpts\",\"mochaOpts\",\"jasmineOpts\",\"cucumberOpts\",\"onPrepare\",\"onWorkerStart\",\"onWorkerEnd\",\"before\",\"beforeSession\",\"beforeSuite\",\"beforeHook\",\"beforeTest\",\"afterTest\",\"afterHook\",\"afterSuite\",\"afterSession\",\"after\",\"onComplete\",\"beforeAssertion\",\"afterAssertion\",\"beforeFeature\",\"beforeScenario\",\"beforeStep\",\"afterStep\",\"afterScenario\",\"afterFeature\",\"_\",\"suite\",\"$0\",\"ignoredWorkerServices\",\"wdi5\"]"}]}
COMMAND: POST /session/39d2cc3d4aadadb3bd833599b4f4dfae/execute/async - {"script":"<script> [21126 bytes]","args":[35000]}
RESULT: {"script":"<script> [21126 bytes]","args":[35000]}
]]></system-out>
    </testcase>
  </testsuite>
  <testsuite timestamp="2025-05-15T17:57:25" time="686.465" tests="12" failures="0" errors="0" skipped="0">
    <properties>
      <property name="specId" value="0" />
      <property name="suiteName" value="Billing transfer US117289" />
      <property name="capabilities" value="chrome.136_0_7103_93.windows" />
      <property name="file" value="file:///D:/a/1/s/test/specs/BTS/billing-transfer.spec.js" />
    </properties>
    <testcase classname="chrome.136_0_7103_93.windows.Billing_transfer_US117289" name="Should create a new yard" time="0.009">
      <system-out><![CDATA[
COMMAND: POST /session/39d2cc3d4aadadb3bd833599b4f4dfae/window/fullscreen - {}
RESULT: {}
]]></system-out>
    </testcase>
    <testcase classname="chrome.136_0_7103_93.windows.Billing_transfer_US117289" name="Should create a new partner" time="0.003" />
    <testcase classname="chrome.136_0_7103_93.windows.Billing_transfer_US117289" name="Should create a new site" time="0.003" />
    <testcase classname="chrome.136_0_7103_93.windows.Billing_transfer_US117289" name="Should create a new equipment" time="126.576">
      <system-out><![CDATA[
COMMAND: POST /session/39d2cc3d4aadadb3bd833599b4f4dfae/execute/async - {"script":"<script> [1562 bytes]","args":[{"selector":{"controlType":"sap.m.GenericTile","properties":{"header":"Manage Resources"}},"wdio_ui5_key":"sapm.GenericTile{\"header\":\"Manage Resources\"}"}]}
RESULT: {"script":"<script> [1562 bytes]","args":[{"selector":{"controlType":"sap.m.GenericTile","properties":{"header":"Manage Resources"}},"wdio_ui5_key":"sapm.GenericTile{\"header\":\"Manage Resources\"}"}]}
RESULT: undefined
COMMAND: POST /session/39d2cc3d4aadadb3bd833599b4f4dfae/element - {"using":"xpath","value":"//*[@id=\"__tile39\"]"}
RESULT: {"using":"xpath","value":"//*[@id=\"__tile39\"]"}
COMMAND: POST /session/39d2cc3d4aadadb3bd833599b4f4dfae/element/f.B301C1F41FC6B7F2328A32BBCA4D6847.d.ECCB2C7B0CFE076DDAAC48ADE26B7821.e.9501/click - {}
RESULT: {}
COMMAND: GET /session/39d2cc3d4aadadb3bd833599b4f4dfae/screenshot - {}
RESULT: {}
COMMAND: POST /session/39d2cc3d4aadadb3bd833599b4f4dfae/elements - {"using":"xpath","value":"//span[text()='Error']"}
RESULT: {"using":"xpath","value":"//span[text()='Error']"}
COMMAND: POST /session/39d2cc3d4aadadb3bd833599b4f4dfae/element - {"using":"xpath","value":"//button[@data-kt=\"addNewRUOverflowToolbarButton\"]"}
RESULT: {"using":"xpath","value":"//button[@data-kt=\"addNewRUOverflowToolbarButton\"]"}
COMMAND: POST /session/39d2cc3d4aadadb3bd833599b4f4dfae/elements - {"using":"xpath","value":"//button[@data-kt=\"addNewRUOverflowToolbarButton\"]"}
RESULT: {"using":"xpath","value":"//button[@data-kt=\"addNewRUOverflowToolbarButton\"]"}
COMMAND: POST /session/39d2cc3d4aadadb3bd833599b4f4dfae/execute/sync - {"script":"<script> [8489 bytes]","args":[{"element-6066-11e4-a52e-4f735466cecf":"f.B301C1F41FC6B7F2328A32BBCA4D6847.d.ECCB2C7B0CFE076DDAAC48ADE26B7821.e.9632","ELEMENT":"f.B301C1F41FC6B7F2328A32BBCA4D6847.d.ECCB2C7B0CFE076DDAAC48ADE26B7821.e.9632"}]}
RESULT: {"script":"<script> [8489 bytes]","args":[{"element-6066-11e4-a52e-4f735466cecf":"f.B301C1F41FC6B7F2328A32BBCA4D6847.d.ECCB2C7B0CFE076DDAAC48ADE26B7821.e.9632","ELEMENT":"f.B301C1F41FC6B7F2328A32BBCA4D6847.d.ECCB2C7B0CFE076DDAAC48ADE26B7821.e.9632"}]}
COMMAND: GET /session/39d2cc3d4aadadb3bd833599b4f4dfae/element/f.B301C1F41FC6B7F2328A32BBCA4D6847.d.ECCB2C7B0CFE076DDAAC48ADE26B7821.e.9632/enabled - {}
COMMAND: GET /session/39d2cc3d4aadadb3bd833599b4f4dfae/screenshot - {}
RESULT: {}
COMMAND: POST /session/39d2cc3d4aadadb3bd833599b4f4dfae/execute/sync - {"script":"<script> [8489 bytes]","args":[{"element-6066-11e4-a52e-4f735466cecf":"f.B301C1F41FC6B7F2328A32BBCA4D6847.d.ECCB2C7B0CFE076DDAAC48ADE26B7821.e.9632","ELEMENT":"f.B301C1F41FC6B7F2328A32BBCA4D6847.d.ECCB2C7B0CFE076DDAAC48ADE26B7821.e.9632"}]}
COMMAND: GET /session/39d2cc3d4aadadb3bd833599b4f4dfae/screenshot - {}
RESULT: {}
RESULT: {"script":"<script> [8489 bytes]","args":[{"element-6066-11e4-a52e-4f735466cecf":"f.B301C1F41FC6B7F2328A32BBCA4D6847.d.ECCB2C7B0CFE076DDAAC48ADE26B7821.e.9632","ELEMENT":"f.B301C1F41FC6B7F2328A32BBCA4D6847.d.ECCB2C7B0CFE076DDAAC48ADE26B7821.e.9632"}]}
COMMAND: POST /session/39d2cc3d4aadadb3bd833599b4f4dfae/execute/sync - {"script":"<script> [5351 bytes]","args":[{"element-6066-11e4-a52e-4f735466cecf":"f.B301C1F41FC6B7F2328A32BBCA4D6847.d.ECCB2C7B0CFE076DDAAC48ADE26B7821.e.9632","ELEMENT":"f.B301C1F41FC6B7F2328A32BBCA4D6847.d.ECCB2C7B0CFE076DDAAC48ADE26B7821.e.9632"}]}
COMMAND: GET /session/39d2cc3d4aadadb3bd833599b4f4dfae/screenshot - {}
RESULT: {}
RESULT: {"script":"<script> [5351 bytes]","args":[{"element-6066-11e4-a52e-4f735466cecf":"f.B301C1F41FC6B7F2328A32BBCA4D6847.d.ECCB2C7B0CFE076DDAAC48ADE26B7821.e.9632","ELEMENT":"f.B301C1F41FC6B7F2328A32BBCA4D6847.d.ECCB2C7B0CFE076DDAAC48ADE26B7821.e.9632"}]}
COMMAND: POST /session/39d2cc3d4aadadb3bd833599b4f4dfae/element/f.B301C1F41FC6B7F2328A32BBCA4D6847.d.ECCB2C7B0CFE076DDAAC48ADE26B7821.e.9632/click - {}
COMMAND: GET /session/39d2cc3d4aadadb3bd833599b4f4dfae/screenshot - {}
RESULT: {}
RESULT: {}
COMMAND: GET /session/39d2cc3d4aadadb3bd833599b4f4dfae/screenshot - {}
RESULT: {}
COMMAND: POST /session/39d2cc3d4aadadb3bd833599b4f4dfae/execute/async - {"script":"<script> [1562 bytes]","args":[{"selector":{"id":"application-manageresources-display-component---newResourceUnit--TYPE-arrow"},"wdio_ui5_key":"applicationmanageresources-display-component---newResourceUnit--TYPE-arrow"}]}
RESULT: {}
RESULT: {"script":"<script> [1562 bytes]","args":[{"selector":{"id":"application-manageresources-display-component---newResourceUnit--TYPE-arrow"},"wdio_ui5_key":"applicationmanageresources-display-component---newResourceUnit--TYPE-arrow"}]}
RESULT: undefined
COMMAND: POST /session/39d2cc3d4aadadb3bd833599b4f4dfae/element - {"using":"xpath","value":"//*[@id=\"application-manageresources-display-component---newResourceUnit--TYPE-arrow\"]"}
RESULT: {"using":"xpath","value":"//*[@id=\"application-manageresources-display-component---newResourceUnit--TYPE-arrow\"]"}
COMMAND: POST /session/39d2cc3d4aadadb3bd833599b4f4dfae/element/f.B301C1F41FC6B7F2328A32BBCA4D6847.d.ECCB2C7B0CFE076DDAAC48ADE26B7821.e.9993/click - {}
RESULT: {}
COMMAND: POST /session/39d2cc3d4aadadb3bd833599b4f4dfae/element - {"using":"xpath","value":"//input[@id=\"application-manageresources-display-component---newResourceUnit--TYPE-inner\"]"}
COMMAND: GET /session/39d2cc3d4aadadb3bd833599b4f4dfae/screenshot - {}
RESULT: {"using":"xpath","value":"//input[@id=\"application-manageresources-display-component---newResourceUnit--TYPE-inner\"]"}
COMMAND: POST /session/39d2cc3d4aadadb3bd833599b4f4dfae/element/f.B301C1F41FC6B7F2328A32BBCA4D6847.d.ECCB2C7B0CFE076DDAAC48ADE26B7821.e.9984/clear - {}
RESULT: {}
RESULT: {}
COMMAND: POST /session/39d2cc3d4aadadb3bd833599b4f4dfae/element/f.B301C1F41FC6B7F2328A32BBCA4D6847.d.ECCB2C7B0CFE076DDAAC48ADE26B7821.e.9984/value - {"text":"Equipment"}
COMMAND: GET /session/39d2cc3d4aadadb3bd833599b4f4dfae/screenshot - {}
RESULT: {"text":"Equipment"}
COMMAND: GET /session/39d2cc3d4aadadb3bd833599b4f4dfae/screenshot - {}
RESULT: {}
RESULT: {}
COMMAND: POST /session/39d2cc3d4aadadb3bd833599b4f4dfae/actions - {"actions":[{"id":"action35","type":"key","parameters":{},"actions":[{"type":"keyDown","value":"î€‡"},{"type":"pause","duration":10},{"type":"keyUp","value":"î€‡"}]}]}
RESULT: {"actions":[{"id":"action35","type":"key","parameters":{},"actions":[{"type":"keyDown","value":"î€‡"},{"type":"pause","duration":10},{"type":"keyUp","value":"î€‡"}]}]}
COMMAND: POST /session/39d2cc3d4aadadb3bd833599b4f4dfae/execute/async - {"script":"<script> [1562 bytes]","args":[{"selector":{"id":"application-manageresources-display-component---newResourceUnit--resourceId","interaction":{"idSuffix":"inner"}},"wdio_ui5_key":"applicationmanageresources-display-component---newResourceUnit--resourceId"}]}
COMMAND: GET /session/39d2cc3d4aadadb3bd833599b4f4dfae/screenshot - {}
RESULT: {"script":"<script> [1562 bytes]","args":[{"selector":{"id":"application-manageresources-display-component---newResourceUnit--resourceId","interaction":{"idSuffix":"inner"}},"wdio_ui5_key":"applicationmanageresources-display-component---newResourceUnit--resourceId"}]}
RESULT: undefined
COMMAND: POST /session/39d2cc3d4aadadb3bd833599b4f4dfae/execute/async - {"script":"<script> [776 bytes]","args":[{"enterText":"fa1VtXdWRt","selector":{"id":"application-manageresources-display-component---newResourceUnit--resourceId","interaction":{"idSuffix":"inner"}},"clearTextFirst":true,"interactionType":"ENTER_TEXT"}]}
RESULT: {}
RESULT: {"script":"<script> [776 bytes]","args":[{"enterText":"fa1VtXdWRt","selector":{"id":"application-manageresources-display-component---newResourceUnit--resourceId","interaction":{"idSuffix":"inner"}},"clearTextFirst":true,"interactionType":"ENTER_TEXT"}]}
COMMAND: POST /session/39d2cc3d4aadadb3bd833599b4f4dfae/execute/async - {"script":"<script> [1562 bytes]","args":[{"selector":{"id":"application-manageresources-display-component---newResourceUnit--SHORT_TEXT","interaction":{"idSuffix":"inner"}},"wdio_ui5_key":"applicationmanageresources-display-component---newResourceUnit--SHORT_TEXT"}]}
RESULT: {"script":"<script> [1562 bytes]","args":[{"selector":{"id":"application-manageresources-display-component---newResourceUnit--SHORT_TEXT","interaction":{"idSuffix":"inner"}},"wdio_ui5_key":"applicationmanageresources-display-component---newResourceUnit--SHORT_TEXT"}]}
RESULT: undefined
COMMAND: POST /session/39d2cc3d4aadadb3bd833599b4f4dfae/execute/async - {"script":"<script> [776 bytes]","args":[{"enterText":"Intercompany Equipment WDIO","selector":{"id":"application-manageresources-display-component---newResourceUnit--SHORT_TEXT","interaction":{"idSuffix":"inner"}},"clearTextFirst":true,"interactionType":"ENTER_TEXT"}]}
RESULT: {"script":"<script> [776 bytes]","args":[{"enterText":"Intercompany Equipment WDIO","selector":{"id":"application-manageresources-display-component---newResourceUnit--SHORT_TEXT","interaction":{"idSuffix":"inner"}},"clearTextFirst":true,"interactionType":"ENTER_TEXT"}]}
COMMAND: POST /session/39d2cc3d4aadadb3bd833599b4f4dfae/execute/async - {"script":"<script> [1562 bytes]","args":[{"selector":{"id":"application-manageresources-display-component---newResourceUnit--BASE_UNIT_OF_MEASURE","interaction":{"idSuffix":"inner"}},"wdio_ui5_key":"applicationmanageresources-display-component---newResourceUnit--BASE_UNIT_OF_MEASURE"}]}
RESULT: {"script":"<script> [1562 bytes]","args":[{"selector":{"id":"application-manageresources-display-component---newResourceUnit--BASE_UNIT_OF_MEASURE","interaction":{"idSuffix":"inner"}},"wdio_ui5_key":"applicationmanageresources-display-component---newResourceUnit--BASE_UNIT_OF_MEASURE"}]}
RESULT: undefined
COMMAND: POST /session/39d2cc3d4aadadb3bd833599b4f4dfae/execute/async - {"script":"<script> [776 bytes]","args":[{"enterText":"Piece","selector":{"id":"application-manageresources-display-component---newResourceUnit--BASE_UNIT_OF_MEASURE","interaction":{"idSuffix":"inner"}},"clearTextFirst":true,"interactionType":"ENTER_TEXT"}]}
RESULT: {"script":"<script> [776 bytes]","args":[{"enterText":"Piece","selector":{"id":"application-manageresources-display-component---newResourceUnit--BASE_UNIT_OF_MEASURE","interaction":{"idSuffix":"inner"}},"clearTextFirst":true,"interactionType":"ENTER_TEXT"}]}
COMMAND: POST /session/39d2cc3d4aadadb3bd833599b4f4dfae/execute/async - {"script":"<script> [1562 bytes]","args":[{"selector":{"id":"application-manageresources-display-component---newResourceUnit--WEIGHT_UNIT","interaction":{"idSuffix":"inner"}},"wdio_ui5_key":"applicationmanageresources-display-component---newResourceUnit--WEIGHT_UNIT"}]}
RESULT: {"script":"<script> [1562 bytes]","args":[{"selector":{"id":"application-manageresources-display-component---newResourceUnit--WEIGHT_UNIT","interaction":{"idSuffix":"inner"}},"wdio_ui5_key":"applicationmanageresources-display-component---newResourceUnit--WEIGHT_UNIT"}]}
RESULT: undefined
COMMAND: POST /session/39d2cc3d4aadadb3bd833599b4f4dfae/execute/async - {"script":"<script> [776 bytes]","args":[{"enterText":"Gram","selector":{"id":"application-manageresources-display-component---newResourceUnit--WEIGHT_UNIT","interaction":{"idSuffix":"inner"}},"clearTextFirst":true,"interactionType":"ENTER_TEXT"}]}
RESULT: {"script":"<script> [776 bytes]","args":[{"enterText":"Gram","selector":{"id":"application-manageresources-display-component---newResourceUnit--WEIGHT_UNIT","interaction":{"idSuffix":"inner"}},"clearTextFirst":true,"interactionType":"ENTER_TEXT"}]}
COMMAND: POST /session/39d2cc3d4aadadb3bd833599b4f4dfae/execute/async - {"script":"<script> [1562 bytes]","args":[{"selector":{"id":"application-manageresources-display-component---newResourceUnit--DIMENSION_UNIT","interaction":{"idSuffix":"inner"}},"wdio_ui5_key":"applicationmanageresources-display-component---newResourceUnit--DIMENSION_UNIT"}]}
RESULT: {"script":"<script> [1562 bytes]","args":[{"selector":{"id":"application-manageresources-display-component---newResourceUnit--DIMENSION_UNIT","interaction":{"idSuffix":"inner"}},"wdio_ui5_key":"applicationmanageresources-display-component---newResourceUnit--DIMENSION_UNIT"}]}
RESULT: undefined
COMMAND: POST /session/39d2cc3d4aadadb3bd833599b4f4dfae/execute/async - {"script":"<script> [776 bytes]","args":[{"enterText":"Meter","selector":{"id":"application-manageresources-display-component---newResourceUnit--DIMENSION_UNIT","interaction":{"idSuffix":"inner"}},"clearTextFirst":true,"interactionType":"ENTER_TEXT"}]}
RESULT: {"script":"<script> [776 bytes]","args":[{"enterText":"Meter","selector":{"id":"application-manageresources-display-component---newResourceUnit--DIMENSION_UNIT","interaction":{"idSuffix":"inner"}},"clearTextFirst":true,"interactionType":"ENTER_TEXT"}]}
COMMAND: POST /session/39d2cc3d4aadadb3bd833599b4f4dfae/execute/async - {"script":"<script> [1562 bytes]","args":[{"selector":{"id":"application-manageresources-display-component---newResourceUnit--newRRUPage-anchBar-application-manageresources-display-component---newResourceUnit--control-anchor","interaction":{"idSuffix":"BDI-content"}},"wdio_ui5_key":"applicationmanageresources-display-component---newResourceUnit--newRRUPage-anchBar-application-manageresources-display-component---newResourceUnit--control-anchor"}]}
RESULT: {"script":"<script> [1562 bytes]","args":[{"selector":{"id":"application-manageresources-display-component---newResourceUnit--newRRUPage-anchBar-application-manageresources-display-component---newResourceUnit--control-anchor","interaction":{"idSuffix":"BDI-content"}},"wdio_ui5_key":"applicationmanageresources-display-component---newResourceUnit--newRRUPage-anchBar-application-manageresources-display-component---newResourceUnit--control-anchor"}]}
RESULT: undefined
COMMAND: POST /session/39d2cc3d4aadadb3bd833599b4f4dfae/element - {"using":"xpath","value":"//*[@id=\"application-manageresources-display-component---newResourceUnit--newRRUPage-anchBar-application-manageresources-display-component---newResourceUnit--control-anchor\"]"}
RESULT: {"using":"xpath","value":"//*[@id=\"application-manageresources-display-component---newResourceUnit--newRRUPage-anchBar-application-manageresources-display-component---newResourceUnit--control-anchor\"]"}
COMMAND: POST /session/39d2cc3d4aadadb3bd833599b4f4dfae/element/f.B301C1F41FC6B7F2328A32BBCA4D6847.d.ECCB2C7B0CFE076DDAAC48ADE26B7821.e.10126/click - {}
RESULT: {}
COMMAND: POST /session/39d2cc3d4aadadb3bd833599b4f4dfae/execute/async - {"script":"<script> [1562 bytes]","args":[{"selector":{"id":"application-manageresources-display-component---newResourceUnit--PLANNING_GROUP","interaction":{"idSuffix":"inner"}},"wdio_ui5_key":"applicationmanageresources-display-component---newResourceUnit--PLANNING_GROUP"}]}
COMMAND: GET /session/39d2cc3d4aadadb3bd833599b4f4dfae/screenshot - {}
RESULT: {"script":"<script> [1562 bytes]","args":[{"selector":{"id":"application-manageresources-display-component---newResourceUnit--PLANNING_GROUP","interaction":{"idSuffix":"inner"}},"wdio_ui5_key":"applicationmanageresources-display-component---newResourceUnit--PLANNING_GROUP"}]}
RESULT: undefined
COMMAND: POST /session/39d2cc3d4aadadb3bd833599b4f4dfae/execute/async - {"script":"<script> [776 bytes]","args":[{"enterText":"Heavy Equi","selector":{"id":"application-manageresources-display-component---newResourceUnit--PLANNING_GROUP","interaction":{"idSuffix":"inner"}},"clearTextFirst":true,"interactionType":"ENTER_TEXT"}]}
RESULT: {}
RESULT: {"script":"<script> [776 bytes]","args":[{"enterText":"Heavy Equi","selector":{"id":"application-manageresources-display-component---newResourceUnit--PLANNING_GROUP","interaction":{"idSuffix":"inner"}},"clearTextFirst":true,"interactionType":"ENTER_TEXT"}]}
COMMAND: POST /session/39d2cc3d4aadadb3bd833599b4f4dfae/execute/async - {"script":"<script> [1562 bytes]","args":[{"selector":{"id":"application-manageresources-display-component---newResourceUnit--ITEM_TYPE-arrow"},"wdio_ui5_key":"applicationmanageresources-display-component---newResourceUnit--ITEM_TYPE-arrow"}]}
RESULT: {"script":"<script> [1562 bytes]","args":[{"selector":{"id":"application-manageresources-display-component---newResourceUnit--ITEM_TYPE-arrow"},"wdio_ui5_key":"applicationmanageresources-display-component---newResourceUnit--ITEM_TYPE-arrow"}]}
RESULT: undefined
COMMAND: POST /session/39d2cc3d4aadadb3bd833599b4f4dfae/element - {"using":"xpath","value":"//*[@id=\"application-manageresources-display-component---newResourceUnit--ITEM_TYPE-arrow\"]"}
RESULT: {"using":"xpath","value":"//*[@id=\"application-manageresources-display-component---newResourceUnit--ITEM_TYPE-arrow\"]"}
COMMAND: POST /session/39d2cc3d4aadadb3bd833599b4f4dfae/element/f.B301C1F41FC6B7F2328A32BBCA4D6847.d.ECCB2C7B0CFE076DDAAC48ADE26B7821.e.10135/click - {}
RESULT: {}
COMMAND: POST /session/39d2cc3d4aadadb3bd833599b4f4dfae/element - {"using":"xpath","value":"(//span[contains(text(), \"Resource Unit\")])[2]"}
COMMAND: GET /session/39d2cc3d4aadadb3bd833599b4f4dfae/screenshot - {}
RESULT: {"using":"xpath","value":"(//span[contains(text(), \"Resource Unit\")])[2]"}
COMMAND: POST /session/39d2cc3d4aadadb3bd833599b4f4dfae/element/f.B301C1F41FC6B7F2328A32BBCA4D6847.d.ECCB2C7B0CFE076DDAAC48ADE26B7821.e.10136/click - {}
RESULT: {}
RESULT: {}
COMMAND: GET /session/39d2cc3d4aadadb3bd833599b4f4dfae/screenshot - {}
RESULT: {}
COMMAND: POST /session/39d2cc3d4aadadb3bd833599b4f4dfae/element - {"using":"css selector","value":"#application-manageresources-display-component---newResourceUnit--btnAddTimeSegment"}
RESULT: {"using":"css selector","value":"#application-manageresources-display-component---newResourceUnit--btnAddTimeSegment"}
COMMAND: GET /session/39d2cc3d4aadadb3bd833599b4f4dfae/element/f.B301C1F41FC6B7F2328A32BBCA4D6847.d.ECCB2C7B0CFE076DDAAC48ADE26B7821.e.10137/rect - {}
RESULT: {}
COMMAND: GET /session/39d2cc3d4aadadb3bd833599b4f4dfae/window/rect - {}
RESULT: {}
COMMAND: POST /session/39d2cc3d4aadadb3bd833599b4f4dfae/execute/sync - {"script":"<script> [92 bytes]","args":[]}
RESULT: {"script":"<script> [92 bytes]","args":[]}
COMMAND: POST /session/39d2cc3d4aadadb3bd833599b4f4dfae/actions - {"actions":[{"id":"action36","type":"wheel","parameters":{},"actions":[{"type":"scroll","x":-1888,"y":-32,"deltaX":0,"deltaY":0,"duration":0,"origin":{"element-6066-11e4-a52e-4f735466cecf":"f.B301C1F41FC6B7F2328A32BBCA4D6847.d.ECCB2C7B0CFE076DDAAC48ADE26B7821.e.10137"}}]}]}
COMMAND: GET /session/39d2cc3d4aadadb3bd833599b4f4dfae/screenshot - {}
RESULT: {}
COMMAND: POST /session/39d2cc3d4aadadb3bd833599b4f4dfae/execute/sync - {"script":"<script> [79 bytes]","args":[{"element-6066-11e4-a52e-4f735466cecf":"f.B301C1F41FC6B7F2328A32BBCA4D6847.d.ECCB2C7B0CFE076DDAAC48ADE26B7821.e.10137","ELEMENT":"f.B301C1F41FC6B7F2328A32BBCA4D6847.d.ECCB2C7B0CFE076DDAAC48ADE26B7821.e.10137"},{"block":"start","inline":"nearest"}]}
RESULT: {"script":"<script> [79 bytes]","args":[{"element-6066-11e4-a52e-4f735466cecf":"f.B301C1F41FC6B7F2328A32BBCA4D6847.d.ECCB2C7B0CFE076DDAAC48ADE26B7821.e.10137","ELEMENT":"f.B301C1F41FC6B7F2328A32BBCA4D6847.d.ECCB2C7B0CFE076DDAAC48ADE26B7821.e.10137"},{"block":"start","inline":"nearest"}]}
COMMAND: POST /session/39d2cc3d4aadadb3bd833599b4f4dfae/execute/async - {"script":"<script> [1562 bytes]","args":[{"selector":{"id":"application-manageresources-display-component---newResourceUnit--btnAddTimeSegment","interaction":{"idSuffix":"inner"}},"wdio_ui5_key":"applicationmanageresources-display-component---newResourceUnit--btnAddTimeSegment"}]}
COMMAND: GET /session/39d2cc3d4aadadb3bd833599b4f4dfae/screenshot - {}
RESULT: {"script":"<script> [1562 bytes]","args":[{"selector":{"id":"application-manageresources-display-component---newResourceUnit--btnAddTimeSegment","interaction":{"idSuffix":"inner"}},"wdio_ui5_key":"applicationmanageresources-display-component---newResourceUnit--btnAddTimeSegment"}]}
RESULT: undefined
COMMAND: POST /session/39d2cc3d4aadadb3bd833599b4f4dfae/element - {"using":"xpath","value":"//*[@id=\"application-manageresources-display-component---newResourceUnit--btnAddTimeSegment\"]"}
RESULT: {}
RESULT: {"using":"xpath","value":"//*[@id=\"application-manageresources-display-component---newResourceUnit--btnAddTimeSegment\"]"}
COMMAND: POST /session/39d2cc3d4aadadb3bd833599b4f4dfae/element/f.B301C1F41FC6B7F2328A32BBCA4D6847.d.ECCB2C7B0CFE076DDAAC48ADE26B7821.e.10137/click - {}
RESULT: {}
COMMAND: GET /session/39d2cc3d4aadadb3bd833599b4f4dfae/screenshot - {}
RESULT: {}
COMMAND: POST /session/39d2cc3d4aadadb3bd833599b4f4dfae/element - {"using":"xpath","value":"//input[@id=\"application-manageresources-display-component---newResourceUnit--idRuTSAdmin-application-manageresources-display-component---newResourceUnit--RUTimeSegment-0-inner\"]"}
RESULT: {"using":"xpath","value":"//input[@id=\"application-manageresources-display-component---newResourceUnit--idRuTSAdmin-application-manageresources-display-component---newResourceUnit--RUTimeSegment-0-inner\"]"}
COMMAND: POST /session/39d2cc3d4aadadb3bd833599b4f4dfae/element/f.B301C1F41FC6B7F2328A32BBCA4D6847.d.ECCB2C7B0CFE076DDAAC48ADE26B7821.e.10143/clear - {}
RESULT: {}
COMMAND: POST /session/39d2cc3d4aadadb3bd833599b4f4dfae/element/f.B301C1F41FC6B7F2328A32BBCA4D6847.d.ECCB2C7B0CFE076DDAAC48ADE26B7821.e.10143/value - {"text":"416"}
COMMAND: GET /session/39d2cc3d4aadadb3bd833599b4f4dfae/screenshot - {}
RESULT: {"text":"416"}
COMMAND: GET /session/39d2cc3d4aadadb3bd833599b4f4dfae/screenshot - {}
RESULT: {}
RESULT: {}
COMMAND: POST /session/39d2cc3d4aadadb3bd833599b4f4dfae/element - {"using":"xpath","value":"//li[.//span[text()='416']]"}
RESULT: {"using":"xpath","value":"//li[.//span[text()='416']]"}
COMMAND: POST /session/39d2cc3d4aadadb3bd833599b4f4dfae/element/f.B301C1F41FC6B7F2328A32BBCA4D6847.d.ECCB2C7B0CFE076DDAAC48ADE26B7821.e.10155/click - {}
RESULT: {}
COMMAND: GET /session/39d2cc3d4aadadb3bd833599b4f4dfae/screenshot - {}
RESULT: {}
COMMAND: POST /session/39d2cc3d4aadadb3bd833599b4f4dfae/element - {"using":"xpath","value":"(//span[contains(@id, \"-application-manageresources-display-component---newResourceUnit--RUTimeSegment-0-arrow\")])[6]"}
RESULT: {"using":"xpath","value":"(//span[contains(@id, \"-application-manageresources-display-component---newResourceUnit--RUTimeSegment-0-arrow\")])[6]"}
COMMAND: POST /session/39d2cc3d4aadadb3bd833599b4f4dfae/element/f.B301C1F41FC6B7F2328A32BBCA4D6847.d.ECCB2C7B0CFE076DDAAC48ADE26B7821.e.10156/click - {}
RESULT: {}
COMMAND: GET /session/39d2cc3d4aadadb3bd833599b4f4dfae/screenshot - {}
RESULT: {}
COMMAND: POST /session/39d2cc3d4aadadb3bd833599b4f4dfae/element - {"using":"xpath","value":"//span[contains(text(), \"PM Order\")]"}
RESULT: {"using":"xpath","value":"//span[contains(text(), \"PM Order\")]"}
COMMAND: POST /session/39d2cc3d4aadadb3bd833599b4f4dfae/element/f.B301C1F41FC6B7F2328A32BBCA4D6847.d.ECCB2C7B0CFE076DDAAC48ADE26B7821.e.10159/click - {}
RESULT: {}
COMMAND: GET /session/39d2cc3d4aadadb3bd833599b4f4dfae/screenshot - {}
RESULT: {}
COMMAND: POST /session/39d2cc3d4aadadb3bd833599b4f4dfae/element - {"using":"xpath","value":"(//span[contains(@id ,\"manageresources-display-component---newResourceUnit--RUTimeSegment-0-vhi\")])[1]"}
RESULT: {"using":"xpath","value":"(//span[contains(@id ,\"manageresources-display-component---newResourceUnit--RUTimeSegment-0-vhi\")])[1]"}
COMMAND: GET /session/39d2cc3d4aadadb3bd833599b4f4dfae/element/f.B301C1F41FC6B7F2328A32BBCA4D6847.d.ECCB2C7B0CFE076DDAAC48ADE26B7821.e.10163/rect - {}
RESULT: {}
COMMAND: GET /session/39d2cc3d4aadadb3bd833599b4f4dfae/window/rect - {}
RESULT: {}
COMMAND: POST /session/39d2cc3d4aadadb3bd833599b4f4dfae/execute/sync - {"script":"<script> [92 bytes]","args":[]}
RESULT: {"script":"<script> [92 bytes]","args":[]}
COMMAND: POST /session/39d2cc3d4aadadb3bd833599b4f4dfae/actions - {"actions":[{"id":"action37","type":"wheel","parameters":{},"actions":[{"type":"scroll","x":-869,"y":-24,"deltaX":0,"deltaY":0,"duration":0,"origin":{"element-6066-11e4-a52e-4f735466cecf":"f.B301C1F41FC6B7F2328A32BBCA4D6847.d.ECCB2C7B0CFE076DDAAC48ADE26B7821.e.10163"}}]}]}
COMMAND: GET /session/39d2cc3d4aadadb3bd833599b4f4dfae/screenshot - {}
RESULT: {"actions":[{"id":"action37","type":"wheel","parameters":{},"actions":[{"type":"scroll","x":-869,"y":-24,"deltaX":0,"deltaY":0,"duration":0,"origin":{"element-6066-11e4-a52e-4f735466cecf":"f.B301C1F41FC6B7F2328A32BBCA4D6847.d.ECCB2C7B0CFE076DDAAC48ADE26B7821.e.10163"}}]}]}
COMMAND: DELETE /session/39d2cc3d4aadadb3bd833599b4f4dfae/actions - {}
COMMAND: GET /session/39d2cc3d4aadadb3bd833599b4f4dfae/screenshot - {}
RESULT: {}
RESULT: {}
COMMAND: GET /session/39d2cc3d4aadadb3bd833599b4f4dfae/screenshot - {}
RESULT: {}
RESULT: {}
COMMAND: POST /session/39d2cc3d4aadadb3bd833599b4f4dfae/element/f.B301C1F41FC6B7F2328A32BBCA4D6847.d.ECCB2C7B0CFE076DDAAC48ADE26B7821.e.10163/click - {}
RESULT: {}
COMMAND: GET /session/39d2cc3d4aadadb3bd833599b4f4dfae/screenshot - {}
RESULT: {}
COMMAND: POST /session/39d2cc3d4aadadb3bd833599b4f4dfae/execute/async - {"script":"<script> [1562 bytes]","args":[{"selector":{"controlType":"sap.m.SearchField","properties":{"placeholder":"Search"},"searchOpenDialogs":true,"interaction":{"idSuffix":"I"}},"wdio_ui5_key":"sapm.SearchField{\"placeholder\":\"Search\"}"}]}
RESULT: {"script":"<script> [1562 bytes]","args":[{"selector":{"controlType":"sap.m.SearchField","properties":{"placeholder":"Search"},"searchOpenDialogs":true,"interaction":{"idSuffix":"I"}},"wdio_ui5_key":"sapm.SearchField{\"placeholder\":\"Search\"}"}]}
RESULT: undefined
COMMAND: POST /session/39d2cc3d4aadadb3bd833599b4f4dfae/execute/async - {"script":"<script> [776 bytes]","args":[{"enterText":"4000360","selector":{"controlType":"sap.m.SearchField","properties":{"placeholder":"Search"},"searchOpenDialogs":true,"interaction":{"idSuffix":"I"}},"clearTextFirst":true,"interactionType":"ENTER_TEXT"}]}
RESULT: {"script":"<script> [776 bytes]","args":[{"enterText":"4000360","selector":{"controlType":"sap.m.SearchField","properties":{"placeholder":"Search"},"searchOpenDialogs":true,"interaction":{"idSuffix":"I"}},"clearTextFirst":true,"interactionType":"ENTER_TEXT"}]}
COMMAND: POST /session/39d2cc3d4aadadb3bd833599b4f4dfae/actions - {"actions":[{"id":"action38","type":"key","parameters":{},"actions":[{"type":"keyDown","value":"î€‡"},{"type":"pause","duration":10},{"type":"keyUp","value":"î€‡"}]}]}
RESULT: {"actions":[{"id":"action38","type":"key","parameters":{},"actions":[{"type":"keyDown","value":"î€‡"},{"type":"pause","duration":10},{"type":"keyUp","value":"î€‡"}]}]}
COMMAND: GET /session/39d2cc3d4aadadb3bd833599b4f4dfae/screenshot - {}
RESULT: {}
COMMAND: POST /session/39d2cc3d4aadadb3bd833599b4f4dfae/element - {"using":"xpath","value":"//td/div/span[contains(text(), \"BGL Vehicles\")]"}
RESULT: {"using":"xpath","value":"//td/div/span[contains(text(), \"BGL Vehicles\")]"}
COMMAND: POST /session/39d2cc3d4aadadb3bd833599b4f4dfae/element/f.B301C1F41FC6B7F2328A32BBCA4D6847.d.ECCB2C7B0CFE076DDAAC48ADE26B7821.e.10185/click - {}
RESULT: {}
COMMAND: GET /session/39d2cc3d4aadadb3bd833599b4f4dfae/screenshot - {}
RESULT: {}
COMMAND: POST /session/39d2cc3d4aadadb3bd833599b4f4dfae/element - {"using":"xpath","value":"//bdi[contains(text(), \"OK\")]"}
RESULT: {"using":"xpath","value":"//bdi[contains(text(), \"OK\")]"}
COMMAND: POST /session/39d2cc3d4aadadb3bd833599b4f4dfae/element/f.B301C1F41FC6B7F2328A32BBCA4D6847.d.ECCB2C7B0CFE076DDAAC48ADE26B7821.e.10186/click - {}
RESULT: {}
COMMAND: GET /session/39d2cc3d4aadadb3bd833599b4f4dfae/screenshot - {}
RESULT: {}
COMMAND: POST /session/39d2cc3d4aadadb3bd833599b4f4dfae/execute/async - {"script":"<script> [1562 bytes]","args":[{"selector":{"id":"application-manageresources-display-component---newResourceUnit--newRRUPage-anchBar-application-manageresources-display-component---newResourceUnit--resource-anchor","interaction":{"idSuffix":"BDI-content"}},"wdio_ui5_key":"applicationmanageresources-display-component---newResourceUnit--newRRUPage-anchBar-application-manageresources-display-component---newResourceUnit--resource-anchor"}]}
RESULT: {"script":"<script> [1562 bytes]","args":[{"selector":{"id":"application-manageresources-display-component---newResourceUnit--newRRUPage-anchBar-application-manageresources-display-component---newResourceUnit--resource-anchor","interaction":{"idSuffix":"BDI-content"}},"wdio_ui5_key":"applicationmanageresources-display-component---newResourceUnit--newRRUPage-anchBar-application-manageresources-display-component---newResourceUnit--resource-anchor"}]}
RESULT: undefined
COMMAND: POST /session/39d2cc3d4aadadb3bd833599b4f4dfae/element - {"using":"xpath","value":"//*[@id=\"application-manageresources-display-component---newResourceUnit--newRRUPage-anchBar-application-manageresources-display-component---newResourceUnit--resource-anchor\"]"}
RESULT: {"using":"xpath","value":"//*[@id=\"application-manageresources-display-component---newResourceUnit--newRRUPage-anchBar-application-manageresources-display-component---newResourceUnit--resource-anchor\"]"}
COMMAND: POST /session/39d2cc3d4aadadb3bd833599b4f4dfae/element/f.B301C1F41FC6B7F2328A32BBCA4D6847.d.ECCB2C7B0CFE076DDAAC48ADE26B7821.e.10190/click - {}
RESULT: {}
COMMAND: POST /session/39d2cc3d4aadadb3bd833599b4f4dfae/execute/async - {"script":"<script> [1562 bytes]","args":[{"selector":{"id":"application-manageresources-display-component---newResourceUnit--PLANNED_DELIVERY_DATE","interaction":{"idSuffix":"inner"}},"wdio_ui5_key":"applicationmanageresources-display-component---newResourceUnit--PLANNED_DELIVERY_DATE"}]}
COMMAND: GET /session/39d2cc3d4aadadb3bd833599b4f4dfae/screenshot - {}
RESULT: {"script":"<script> [1562 bytes]","args":[{"selector":{"id":"application-manageresources-display-component---newResourceUnit--PLANNED_DELIVERY_DATE","interaction":{"idSuffix":"inner"}},"wdio_ui5_key":"applicationmanageresources-display-component---newResourceUnit--PLANNED_DELIVERY_DATE"}]}
RESULT: undefined
COMMAND: POST /session/39d2cc3d4aadadb3bd833599b4f4dfae/execute/async - {"script":"<script> [6424 bytes]","args":[{"element-6066-11e4-a52e-4f735466cecf":"f.B301C1F41FC6B7F2328A32BBCA4D6847.d.ECCB2C7B0CFE076DDAAC48ADE26B7821.e.10051"},"setValue",["5/15/25"]]}
RESULT: {}
RESULT: {"script":"<script> [6424 bytes]","args":[{"element-6066-11e4-a52e-4f735466cecf":"f.B301C1F41FC6B7F2328A32BBCA4D6847.d.ECCB2C7B0CFE076DDAAC48ADE26B7821.e.10051"},"setValue",["5/15/25"]]}
COMMAND: POST /session/39d2cc3d4aadadb3bd833599b4f4dfae/element - {"using":"xpath","value":"//label[contains(@class, 'sapMLabelRequired') and .//bdi[contains(text(), 'Planned Retirement')]]"}
RESULT: {"using":"xpath","value":"//label[contains(@class, 'sapMLabelRequired') and .//bdi[contains(text(), 'Planned Retirement')]]"}
COMMAND: POST /session/39d2cc3d4aadadb3bd833599b4f4dfae/elements - {"using":"xpath","value":"//label[contains(@class, 'sapMLabelRequired') and .//bdi[contains(text(), 'Planned Retirement')]]"}
RESULT: {"using":"xpath","value":"//label[contains(@class, 'sapMLabelRequired') and .//bdi[contains(text(), 'Planned Retirement')]]"}
COMMAND: POST /session/39d2cc3d4aadadb3bd833599b4f4dfae/element - {"using":"xpath","value":"//button[@data-kt=\"resourceUnitSaveButton\"]"}
RESULT: {"using":"xpath","value":"//button[@data-kt=\"resourceUnitSaveButton\"]"}
COMMAND: POST /session/39d2cc3d4aadadb3bd833599b4f4dfae/element/f.B301C1F41FC6B7F2328A32BBCA4D6847.d.ECCB2C7B0CFE076DDAAC48ADE26B7821.e.10011/click - {}
RESULT: {}
COMMAND: GET /session/39d2cc3d4aadadb3bd833599b4f4dfae/screenshot - {}
RESULT: {}
COMMAND: POST /session/39d2cc3d4aadadb3bd833599b4f4dfae/element - {"using":"xpath","value":"//bdi[contains(text(), \"Close\")]"}
RESULT: {"using":"xpath","value":"//bdi[contains(text(), \"Close\")]"}
COMMAND: POST /session/39d2cc3d4aadadb3bd833599b4f4dfae/element/f.B301C1F41FC6B7F2328A32BBCA4D6847.d.ECCB2C7B0CFE076DDAAC48ADE26B7821.e.10199/click - {}
RESULT: {}
COMMAND: GET /session/39d2cc3d4aadadb3bd833599b4f4dfae/screenshot - {}
RESULT: {}
COMMAND: POST /session/39d2cc3d4aadadb3bd833599b4f4dfae/element - {"using":"xpath","value":"(//button[contains(@id ,\"actionsToolbar-overflowButton\")])[1]"}
RESULT: {"using":"xpath","value":"(//button[contains(@id ,\"actionsToolbar-overflowButton\")])[1]"}
COMMAND: POST /session/39d2cc3d4aadadb3bd833599b4f4dfae/element/f.B301C1F41FC6B7F2328A32BBCA4D6847.d.ECCB2C7B0CFE076DDAAC48ADE26B7821.e.10251/click - {}
RESULT: {}
COMMAND: GET /session/39d2cc3d4aadadb3bd833599b4f4dfae/screenshot - {}
RESULT: {}
COMMAND: POST /session/39d2cc3d4aadadb3bd833599b4f4dfae/element - {"using":"xpath","value":"//button[@data-kt=\"priceInfoButton\"]"}
RESULT: {"using":"xpath","value":"//button[@data-kt=\"priceInfoButton\"]"}
COMMAND: POST /session/39d2cc3d4aadadb3bd833599b4f4dfae/element/f.B301C1F41FC6B7F2328A32BBCA4D6847.d.ECCB2C7B0CFE076DDAAC48ADE26B7821.e.10253/click - {}
RESULT: {}
COMMAND: GET /session/39d2cc3d4aadadb3bd833599b4f4dfae/screenshot - {}
RESULT: {}
]]></system-out>
    </testcase>
    <testcase classname="chrome.136_0_7103_93.windows.Billing_transfer_US117289" name="Should create new pricing rule" time="49.929">
      <system-out><![CDATA[
COMMAND: POST /session/39d2cc3d4aadadb3bd833599b4f4dfae/element - {"using":"xpath","value":"//button[@data-kt=\"addButton\"]"}
RESULT: {"using":"xpath","value":"//button[@data-kt=\"addButton\"]"}
COMMAND: POST /session/39d2cc3d4aadadb3bd833599b4f4dfae/elements - {"using":"xpath","value":"//button[@data-kt=\"addButton\"]"}
RESULT: {"using":"xpath","value":"//button[@data-kt=\"addButton\"]"}
COMMAND: POST /session/39d2cc3d4aadadb3bd833599b4f4dfae/elements - {"using":"xpath","value":"//button[@data-kt=\"addButton\"]"}
RESULT: {"using":"xpath","value":"//button[@data-kt=\"addButton\"]"}
COMMAND: POST /session/39d2cc3d4aadadb3bd833599b4f4dfae/element - {"using":"xpath","value":"//button[@data-kt=\"addButton\"]"}
RESULT: {"using":"xpath","value":"//button[@data-kt=\"addButton\"]"}
COMMAND: POST /session/39d2cc3d4aadadb3bd833599b4f4dfae/execute/sync - {"script":"<script> [8489 bytes]","args":[{"element-6066-11e4-a52e-4f735466cecf":"f.B301C1F41FC6B7F2328A32BBCA4D6847.d.ECCB2C7B0CFE076DDAAC48ADE26B7821.e.10290","ELEMENT":"f.B301C1F41FC6B7F2328A32BBCA4D6847.d.ECCB2C7B0CFE076DDAAC48ADE26B7821.e.10290"}]}
RESULT: {"script":"<script> [8489 bytes]","args":[{"element-6066-11e4-a52e-4f735466cecf":"f.B301C1F41FC6B7F2328A32BBCA4D6847.d.ECCB2C7B0CFE076DDAAC48ADE26B7821.e.10290","ELEMENT":"f.B301C1F41FC6B7F2328A32BBCA4D6847.d.ECCB2C7B0CFE076DDAAC48ADE26B7821.e.10290"}]}
COMMAND: GET /session/39d2cc3d4aadadb3bd833599b4f4dfae/element/f.B301C1F41FC6B7F2328A32BBCA4D6847.d.ECCB2C7B0CFE076DDAAC48ADE26B7821.e.10290/enabled - {}
COMMAND: GET /session/39d2cc3d4aadadb3bd833599b4f4dfae/screenshot - {}
RESULT: {}
COMMAND: POST /session/39d2cc3d4aadadb3bd833599b4f4dfae/execute/sync - {"script":"<script> [8489 bytes]","args":[{"element-6066-11e4-a52e-4f735466cecf":"f.B301C1F41FC6B7F2328A32BBCA4D6847.d.ECCB2C7B0CFE076DDAAC48ADE26B7821.e.10290","ELEMENT":"f.B301C1F41FC6B7F2328A32BBCA4D6847.d.ECCB2C7B0CFE076DDAAC48ADE26B7821.e.10290"}]}
COMMAND: GET /session/39d2cc3d4aadadb3bd833599b4f4dfae/screenshot - {}
RESULT: {}
RESULT: {"script":"<script> [8489 bytes]","args":[{"element-6066-11e4-a52e-4f735466cecf":"f.B301C1F41FC6B7F2328A32BBCA4D6847.d.ECCB2C7B0CFE076DDAAC48ADE26B7821.e.10290","ELEMENT":"f.B301C1F41FC6B7F2328A32BBCA4D6847.d.ECCB2C7B0CFE076DDAAC48ADE26B7821.e.10290"}]}
COMMAND: POST /session/39d2cc3d4aadadb3bd833599b4f4dfae/execute/sync - {"script":"<script> [5351 bytes]","args":[{"element-6066-11e4-a52e-4f735466cecf":"f.B301C1F41FC6B7F2328A32BBCA4D6847.d.ECCB2C7B0CFE076DDAAC48ADE26B7821.e.10290","ELEMENT":"f.B301C1F41FC6B7F2328A32BBCA4D6847.d.ECCB2C7B0CFE076DDAAC48ADE26B7821.e.10290"}]}
COMMAND: GET /session/39d2cc3d4aadadb3bd833599b4f4dfae/screenshot - {}
RESULT: {}
RESULT: {"script":"<script> [5351 bytes]","args":[{"element-6066-11e4-a52e-4f735466cecf":"f.B301C1F41FC6B7F2328A32BBCA4D6847.d.ECCB2C7B0CFE076DDAAC48ADE26B7821.e.10290","ELEMENT":"f.B301C1F41FC6B7F2328A32BBCA4D6847.d.ECCB2C7B0CFE076DDAAC48ADE26B7821.e.10290"}]}
COMMAND: POST /session/39d2cc3d4aadadb3bd833599b4f4dfae/element/f.B301C1F41FC6B7F2328A32BBCA4D6847.d.ECCB2C7B0CFE076DDAAC48ADE26B7821.e.10290/click - {}
COMMAND: GET /session/39d2cc3d4aadadb3bd833599b4f4dfae/screenshot - {}
RESULT: {}
RESULT: {}
COMMAND: GET /session/39d2cc3d4aadadb3bd833599b4f4dfae/screenshot - {}
RESULT: {}
RESULT: {}
COMMAND: POST /session/39d2cc3d4aadadb3bd833599b4f4dfae/execute/async - {"script":"<script> [1562 bytes]","args":[{"selector":{"controlType":"sap.m.Title","viewName":"etm.portal.ui.managepricingrules.view.NewItem","viewId":"application-managepricingrules-display-component---newInfoPriceItem","properties":{"text":"New Pricing Rules - Item Level"}},"wdio_ui5_key":"etmportal.ui.managepricingrules.view.NewItemsap.m.Title{\"text\":\"New Pricing Rules - Item Level\"}"}]}
RESULT: {"script":"<script> [1562 bytes]","args":[{"selector":{"controlType":"sap.m.Title","viewName":"etm.portal.ui.managepricingrules.view.NewItem","viewId":"application-managepricingrules-display-component---newInfoPriceItem","properties":{"text":"New Pricing Rules - Item Level"}},"wdio_ui5_key":"etmportal.ui.managepricingrules.view.NewItemsap.m.Title{\"text\":\"New Pricing Rules - Item Level\"}"}]}
RESULT: undefined
COMMAND: POST /session/39d2cc3d4aadadb3bd833599b4f4dfae/execute/async - {"script":"<script> [6424 bytes]","args":[{"element-6066-11e4-a52e-4f735466cecf":"f.B301C1F41FC6B7F2328A32BBCA4D6847.d.ECCB2C7B0CFE076DDAAC48ADE26B7821.e.10462"},"getText",[]]}
RESULT: {"script":"<script> [6424 bytes]","args":[{"element-6066-11e4-a52e-4f735466cecf":"f.B301C1F41FC6B7F2328A32BBCA4D6847.d.ECCB2C7B0CFE076DDAAC48ADE26B7821.e.10462"},"getText",[]]}
COMMAND: POST /session/39d2cc3d4aadadb3bd833599b4f4dfae/execute/async - {"script":"<script> [1562 bytes]","args":[{"selector":{"id":"application-managepricingrules-display-component---newInfoPriceItem--condValidTo","interaction":{"idSuffix":"inner"}},"wdio_ui5_key":"applicationmanagepricingrules-display-component---newInfoPriceItem--condValidTo"}]}
RESULT: {"script":"<script> [1562 bytes]","args":[{"selector":{"id":"application-managepricingrules-display-component---newInfoPriceItem--condValidTo","interaction":{"idSuffix":"inner"}},"wdio_ui5_key":"applicationmanagepricingrules-display-component---newInfoPriceItem--condValidTo"}]}
RESULT: undefined
COMMAND: POST /session/39d2cc3d4aadadb3bd833599b4f4dfae/execute/async - {"script":"<script> [776 bytes]","args":[{"enterText":"1/15/26","selector":{"id":"application-managepricingrules-display-component---newInfoPriceItem--condValidTo","interaction":{"idSuffix":"inner"}},"clearTextFirst":true,"interactionType":"ENTER_TEXT"}]}
RESULT: {"script":"<script> [776 bytes]","args":[{"enterText":"1/15/26","selector":{"id":"application-managepricingrules-display-component---newInfoPriceItem--condValidTo","interaction":{"idSuffix":"inner"}},"clearTextFirst":true,"interactionType":"ENTER_TEXT"}]}
COMMAND: POST /session/39d2cc3d4aadadb3bd833599b4f4dfae/execute/async - {"script":"<script> [1562 bytes]","args":[{"selector":{"id":"application-managepricingrules-display-component---newInfoPriceItem--billType-arrow"},"wdio_ui5_key":"applicationmanagepricingrules-display-component---newInfoPriceItem--billType-arrow"}]}
RESULT: {"script":"<script> [1562 bytes]","args":[{"selector":{"id":"application-managepricingrules-display-component---newInfoPriceItem--billType-arrow"},"wdio_ui5_key":"applicationmanagepricingrules-display-component---newInfoPriceItem--billType-arrow"}]}
RESULT: undefined
COMMAND: POST /session/39d2cc3d4aadadb3bd833599b4f4dfae/element - {"using":"xpath","value":"//*[@id=\"application-managepricingrules-display-component---newInfoPriceItem--billType-arrow\"]"}
RESULT: {"using":"xpath","value":"//*[@id=\"application-managepricingrules-display-component---newInfoPriceItem--billType-arrow\"]"}
COMMAND: POST /session/39d2cc3d4aadadb3bd833599b4f4dfae/element/f.B301C1F41FC6B7F2328A32BBCA4D6847.d.ECCB2C7B0CFE076DDAAC48ADE26B7821.e.10421/click - {}
RESULT: {}
COMMAND: POST /session/39d2cc3d4aadadb3bd833599b4f4dfae/element - {"using":"xpath","value":"//span[contains(text(), \"TB - Time based\")]"}
COMMAND: GET /session/39d2cc3d4aadadb3bd833599b4f4dfae/screenshot - {}
RESULT: {"using":"xpath","value":"//span[contains(text(), \"TB - Time based\")]"}
COMMAND: POST /session/39d2cc3d4aadadb3bd833599b4f4dfae/element/f.B301C1F41FC6B7F2328A32BBCA4D6847.d.ECCB2C7B0CFE076DDAAC48ADE26B7821.e.10464/click - {}
RESULT: {}
RESULT: {}
COMMAND: POST /session/39d2cc3d4aadadb3bd833599b4f4dfae/execute/async - {"script":"<script> [1562 bytes]","args":[{"selector":{"id":"application-managepricingrules-display-component---newInfoPriceItem--priceProc-arrow"},"wdio_ui5_key":"applicationmanagepricingrules-display-component---newInfoPriceItem--priceProc-arrow"}]}
COMMAND: GET /session/39d2cc3d4aadadb3bd833599b4f4dfae/screenshot - {}
RESULT: {"script":"<script> [1562 bytes]","args":[{"selector":{"id":"application-managepricingrules-display-component---newInfoPriceItem--priceProc-arrow"},"wdio_ui5_key":"applicationmanagepricingrules-display-component---newInfoPriceItem--priceProc-arrow"}]}
RESULT: undefined
COMMAND: POST /session/39d2cc3d4aadadb3bd833599b4f4dfae/element - {"using":"xpath","value":"//*[@id=\"application-managepricingrules-display-component---newInfoPriceItem--priceProc-arrow\"]"}
RESULT: {}
RESULT: {"using":"xpath","value":"//*[@id=\"application-managepricingrules-display-component---newInfoPriceItem--priceProc-arrow\"]"}
COMMAND: POST /session/39d2cc3d4aadadb3bd833599b4f4dfae/element/f.B301C1F41FC6B7F2328A32BBCA4D6847.d.ECCB2C7B0CFE076DDAAC48ADE26B7821.e.10428/click - {}
RESULT: {}
COMMAND: POST /session/39d2cc3d4aadadb3bd833599b4f4dfae/element - {"using":"xpath","value":"//span[contains(text(), \"TBS - Time based standard\")]"}
COMMAND: GET /session/39d2cc3d4aadadb3bd833599b4f4dfae/screenshot - {}
RESULT: {"using":"xpath","value":"//span[contains(text(), \"TBS - Time based standard\")]"}
COMMAND: POST /session/39d2cc3d4aadadb3bd833599b4f4dfae/element/f.B301C1F41FC6B7F2328A32BBCA4D6847.d.ECCB2C7B0CFE076DDAAC48ADE26B7821.e.10465/click - {}
RESULT: {}
RESULT: {}
COMMAND: POST /session/39d2cc3d4aadadb3bd833599b4f4dfae/execute/async - {"script":"<script> [1562 bytes]","args":[{"selector":{"id":"application-managepricingrules-display-component---newInfoPriceItem--calcBase-arrow"},"wdio_ui5_key":"applicationmanagepricingrules-display-component---newInfoPriceItem--calcBase-arrow"}]}
COMMAND: GET /session/39d2cc3d4aadadb3bd833599b4f4dfae/screenshot - {}
RESULT: {"script":"<script> [1562 bytes]","args":[{"selector":{"id":"application-managepricingrules-display-component---newInfoPriceItem--calcBase-arrow"},"wdio_ui5_key":"applicationmanagepricingrules-display-component---newInfoPriceItem--calcBase-arrow"}]}
RESULT: undefined
COMMAND: POST /session/39d2cc3d4aadadb3bd833599b4f4dfae/element - {"using":"xpath","value":"//*[@id=\"application-managepricingrules-display-component---newInfoPriceItem--calcBase-arrow\"]"}
RESULT: {}
RESULT: {"using":"xpath","value":"//*[@id=\"application-managepricingrules-display-component---newInfoPriceItem--calcBase-arrow\"]"}
COMMAND: POST /session/39d2cc3d4aadadb3bd833599b4f4dfae/element/f.B301C1F41FC6B7F2328A32BBCA4D6847.d.ECCB2C7B0CFE076DDAAC48ADE26B7821.e.10435/click - {}
RESULT: {}
COMMAND: GET /session/39d2cc3d4aadadb3bd833599b4f4dfae/screenshot - {}
RESULT: {}
COMMAND: POST /session/39d2cc3d4aadadb3bd833599b4f4dfae/element - {"using":"xpath","value":"//span[contains(text(), \"0006 - TB(calendar days)\")]"}
RESULT: {"using":"xpath","value":"//span[contains(text(), \"0006 - TB(calendar days)\")]"}
COMMAND: POST /session/39d2cc3d4aadadb3bd833599b4f4dfae/element/f.B301C1F41FC6B7F2328A32BBCA4D6847.d.ECCB2C7B0CFE076DDAAC48ADE26B7821.e.10466/click - {}
RESULT: {}
COMMAND: GET /session/39d2cc3d4aadadb3bd833599b4f4dfae/screenshot - {}
RESULT: {}
COMMAND: POST /session/39d2cc3d4aadadb3bd833599b4f4dfae/execute/async - {"script":"<script> [1562 bytes]","args":[{"selector":{"id":"application-managepricingrules-display-component---newInfoPriceItem--daysMonth","interaction":{"idSuffix":"inner"}},"wdio_ui5_key":"applicationmanagepricingrules-display-component---newInfoPriceItem--daysMonth"}]}
RESULT: {"script":"<script> [1562 bytes]","args":[{"selector":{"id":"application-managepricingrules-display-component---newInfoPriceItem--daysMonth","interaction":{"idSuffix":"inner"}},"wdio_ui5_key":"applicationmanagepricingrules-display-component---newInfoPriceItem--daysMonth"}]}
RESULT: undefined
COMMAND: POST /session/39d2cc3d4aadadb3bd833599b4f4dfae/execute/async - {"script":"<script> [776 bytes]","args":[{"enterText":"30","selector":{"id":"application-managepricingrules-display-component---newInfoPriceItem--daysMonth","interaction":{"idSuffix":"inner"}},"clearTextFirst":true,"interactionType":"ENTER_TEXT"}]}
RESULT: {"script":"<script> [776 bytes]","args":[{"enterText":"30","selector":{"id":"application-managepricingrules-display-component---newInfoPriceItem--daysMonth","interaction":{"idSuffix":"inner"}},"clearTextFirst":true,"interactionType":"ENTER_TEXT"}]}
COMMAND: POST /session/39d2cc3d4aadadb3bd833599b4f4dfae/element - {"using":"xpath","value":"//button[@data-kt=\"saveNewRuleButton\"]"}
RESULT: {"using":"xpath","value":"//button[@data-kt=\"saveNewRuleButton\"]"}
COMMAND: POST /session/39d2cc3d4aadadb3bd833599b4f4dfae/element/f.B301C1F41FC6B7F2328A32BBCA4D6847.d.ECCB2C7B0CFE076DDAAC48ADE26B7821.e.10455/click - {}
RESULT: {}
COMMAND: GET /session/39d2cc3d4aadadb3bd833599b4f4dfae/screenshot - {}
RESULT: {}
COMMAND: POST /session/39d2cc3d4aadadb3bd833599b4f4dfae/execute/async - {"script":"<script> [1562 bytes]","args":[{"selector":{"id":"application-managepricingrules-display-component---priceInfoItem--smartFilterBar-btnBasicSearch","interaction":{"idSuffix":"I"}},"wdio_ui5_key":"applicationmanagepricingrules-display-component---priceInfoItem--smartFilterBar-btnBasicSearch"}]}
RESULT: {"script":"<script> [1562 bytes]","args":[{"selector":{"id":"application-managepricingrules-display-component---priceInfoItem--smartFilterBar-btnBasicSearch","interaction":{"idSuffix":"I"}},"wdio_ui5_key":"applicationmanagepricingrules-display-component---priceInfoItem--smartFilterBar-btnBasicSearch"}]}
RESULT: undefined
COMMAND: POST /session/39d2cc3d4aadadb3bd833599b4f4dfae/execute/async - {"script":"<script> [776 bytes]","args":[{"enterText":"fa1VtXdWRt","selector":{"id":"application-managepricingrules-display-component---priceInfoItem--smartFilterBar-btnBasicSearch","interaction":{"idSuffix":"I"}},"clearTextFirst":true,"interactionType":"ENTER_TEXT"}]}
RESULT: {"script":"<script> [776 bytes]","args":[{"enterText":"fa1VtXdWRt","selector":{"id":"application-managepricingrules-display-component---priceInfoItem--smartFilterBar-btnBasicSearch","interaction":{"idSuffix":"I"}},"clearTextFirst":true,"interactionType":"ENTER_TEXT"}]}
COMMAND: POST /session/39d2cc3d4aadadb3bd833599b4f4dfae/actions - {"actions":[{"id":"action39","type":"key","parameters":{},"actions":[{"type":"keyDown","value":"î€‡"},{"type":"pause","duration":10},{"type":"keyUp","value":"î€‡"}]}]}
RESULT: {"actions":[{"id":"action39","type":"key","parameters":{},"actions":[{"type":"keyDown","value":"î€‡"},{"type":"pause","duration":10},{"type":"keyUp","value":"î€‡"}]}]}
COMMAND: GET /session/39d2cc3d4aadadb3bd833599b4f4dfae/screenshot - {}
RESULT: {}
COMMAND: POST /session/39d2cc3d4aadadb3bd833599b4f4dfae/element - {"using":"xpath","value":"//span[@id=\"application-managepricingrules-display-component---priceInfoItem--smartTable-header-inner\"]"}
RESULT: {"using":"xpath","value":"//span[@id=\"application-managepricingrules-display-component---priceInfoItem--smartTable-header-inner\"]"}
COMMAND: POST /session/39d2cc3d4aadadb3bd833599b4f4dfae/elements - {"using":"xpath","value":"//span[@id=\"application-managepricingrules-display-component---priceInfoItem--smartTable-header-inner\"]"}
RESULT: {"using":"xpath","value":"//span[@id=\"application-managepricingrules-display-component---priceInfoItem--smartTable-header-inner\"]"}
COMMAND: POST /session/39d2cc3d4aadadb3bd833599b4f4dfae/execute/sync - {"script":"<script> [56 bytes]","args":[{"element-6066-11e4-a52e-4f735466cecf":"f.B301C1F41FC6B7F2328A32BBCA4D6847.d.ECCB2C7B0CFE076DDAAC48ADE26B7821.e.10492","ELEMENT":"f.B301C1F41FC6B7F2328A32BBCA4D6847.d.ECCB2C7B0CFE076DDAAC48ADE26B7821.e.10492"}]}
RESULT: {"script":"<script> [56 bytes]","args":[{"element-6066-11e4-a52e-4f735466cecf":"f.B301C1F41FC6B7F2328A32BBCA4D6847.d.ECCB2C7B0CFE076DDAAC48ADE26B7821.e.10492","ELEMENT":"f.B301C1F41FC6B7F2328A32BBCA4D6847.d.ECCB2C7B0CFE076DDAAC48ADE26B7821.e.10492"}]}
COMMAND: POST /session/39d2cc3d4aadadb3bd833599b4f4dfae/element - {"using":"css selector","value":"#shell-header-logo"}
COMMAND: GET /session/39d2cc3d4aadadb3bd833599b4f4dfae/screenshot - {}
RESULT: {"using":"css selector","value":"#shell-header-logo"}
COMMAND: POST /session/39d2cc3d4aadadb3bd833599b4f4dfae/element/f.B301C1F41FC6B7F2328A32BBCA4D6847.d.ECCB2C7B0CFE076DDAAC48ADE26B7821.e.9603/click - {}
RESULT: {}
RESULT: {}
COMMAND: GET /session/39d2cc3d4aadadb3bd833599b4f4dfae/screenshot - {}
RESULT: {}
]]></system-out>
    </testcase>
    <testcase classname="chrome.136_0_7103_93.windows.Billing_transfer_US117289" name="Should create new condition for equipment" time="66.124">
      <system-out><![CDATA[
COMMAND: POST /session/39d2cc3d4aadadb3bd833599b4f4dfae/execute/async - {"script":"<script> [1562 bytes]","args":[{"selector":{"controlType":"sap.m.GenericTile","properties":{"header":"Manage Conditions & Prices"}},"wdio_ui5_key":"sapm.GenericTile{\"header\":\"Manage Conditions & Prices\"}"}]}
RESULT: {"script":"<script> [1562 bytes]","args":[{"selector":{"controlType":"sap.m.GenericTile","properties":{"header":"Manage Conditions & Prices"}},"wdio_ui5_key":"sapm.GenericTile{\"header\":\"Manage Conditions & Prices\"}"}]}
RESULT: undefined
COMMAND: POST /session/39d2cc3d4aadadb3bd833599b4f4dfae/element - {"using":"xpath","value":"//*[@id=\"__tile53\"]"}
RESULT: {"using":"xpath","value":"//*[@id=\"__tile53\"]"}
COMMAND: POST /session/39d2cc3d4aadadb3bd833599b4f4dfae/element/f.B301C1F41FC6B7F2328A32BBCA4D6847.d.ECCB2C7B0CFE076DDAAC48ADE26B7821.e.9548/click - {}
RESULT: {}
COMMAND: GET /session/39d2cc3d4aadadb3bd833599b4f4dfae/screenshot - {}
RESULT: {}
COMMAND: POST /session/39d2cc3d4aadadb3bd833599b4f4dfae/elements - {"using":"xpath","value":"//span[text()='Error']"}
RESULT: {"using":"xpath","value":"//span[text()='Error']"}
COMMAND: POST /session/39d2cc3d4aadadb3bd833599b4f4dfae/element - {"using":"xpath","value":"//button[@aria-label=\"Create\"]"}
RESULT: {"using":"xpath","value":"//button[@aria-label=\"Create\"]"}
COMMAND: POST /session/39d2cc3d4aadadb3bd833599b4f4dfae/elements - {"using":"xpath","value":"//button[@aria-label=\"Create\"]"}
RESULT: {"using":"xpath","value":"//button[@aria-label=\"Create\"]"}
COMMAND: POST /session/39d2cc3d4aadadb3bd833599b4f4dfae/execute/sync - {"script":"<script> [8489 bytes]","args":[{"element-6066-11e4-a52e-4f735466cecf":"f.B301C1F41FC6B7F2328A32BBCA4D6847.d.ECCB2C7B0CFE076DDAAC48ADE26B7821.e.10527","ELEMENT":"f.B301C1F41FC6B7F2328A32BBCA4D6847.d.ECCB2C7B0CFE076DDAAC48ADE26B7821.e.10527"}]}
RESULT: {"script":"<script> [8489 bytes]","args":[{"element-6066-11e4-a52e-4f735466cecf":"f.B301C1F41FC6B7F2328A32BBCA4D6847.d.ECCB2C7B0CFE076DDAAC48ADE26B7821.e.10527","ELEMENT":"f.B301C1F41FC6B7F2328A32BBCA4D6847.d.ECCB2C7B0CFE076DDAAC48ADE26B7821.e.10527"}]}
COMMAND: GET /session/39d2cc3d4aadadb3bd833599b4f4dfae/element/f.B301C1F41FC6B7F2328A32BBCA4D6847.d.ECCB2C7B0CFE076DDAAC48ADE26B7821.e.10527/enabled - {}
COMMAND: GET /session/39d2cc3d4aadadb3bd833599b4f4dfae/screenshot - {}
RESULT: {}
COMMAND: POST /session/39d2cc3d4aadadb3bd833599b4f4dfae/execute/sync - {"script":"<script> [8489 bytes]","args":[{"element-6066-11e4-a52e-4f735466cecf":"f.B301C1F41FC6B7F2328A32BBCA4D6847.d.ECCB2C7B0CFE076DDAAC48ADE26B7821.e.10527","ELEMENT":"f.B301C1F41FC6B7F2328A32BBCA4D6847.d.ECCB2C7B0CFE076DDAAC48ADE26B7821.e.10527"}]}
COMMAND: GET /session/39d2cc3d4aadadb3bd833599b4f4dfae/screenshot - {}
RESULT: {}
RESULT: {"script":"<script> [8489 bytes]","args":[{"element-6066-11e4-a52e-4f735466cecf":"f.B301C1F41FC6B7F2328A32BBCA4D6847.d.ECCB2C7B0CFE076DDAAC48ADE26B7821.e.10527","ELEMENT":"f.B301C1F41FC6B7F2328A32BBCA4D6847.d.ECCB2C7B0CFE076DDAAC48ADE26B7821.e.10527"}]}
COMMAND: POST /session/39d2cc3d4aadadb3bd833599b4f4dfae/execute/sync - {"script":"<script> [5351 bytes]","args":[{"element-6066-11e4-a52e-4f735466cecf":"f.B301C1F41FC6B7F2328A32BBCA4D6847.d.ECCB2C7B0CFE076DDAAC48ADE26B7821.e.10527","ELEMENT":"f.B301C1F41FC6B7F2328A32BBCA4D6847.d.ECCB2C7B0CFE076DDAAC48ADE26B7821.e.10527"}]}
COMMAND: GET /session/39d2cc3d4aadadb3bd833599b4f4dfae/screenshot - {}
RESULT: {}
RESULT: {"script":"<script> [5351 bytes]","args":[{"element-6066-11e4-a52e-4f735466cecf":"f.B301C1F41FC6B7F2328A32BBCA4D6847.d.ECCB2C7B0CFE076DDAAC48ADE26B7821.e.10527","ELEMENT":"f.B301C1F41FC6B7F2328A32BBCA4D6847.d.ECCB2C7B0CFE076DDAAC48ADE26B7821.e.10527"}]}
COMMAND: POST /session/39d2cc3d4aadadb3bd833599b4f4dfae/element/f.B301C1F41FC6B7F2328A32BBCA4D6847.d.ECCB2C7B0CFE076DDAAC48ADE26B7821.e.10527/click - {}
COMMAND: GET /session/39d2cc3d4aadadb3bd833599b4f4dfae/screenshot - {}
RESULT: {}
RESULT: {}
COMMAND: GET /session/39d2cc3d4aadadb3bd833599b4f4dfae/screenshot - {}
RESULT: {}
RESULT: {}
COMMAND: POST /session/39d2cc3d4aadadb3bd833599b4f4dfae/actions - {"actions":[{"id":"action40","type":"key","parameters":{},"actions":[{"type":"keyDown","value":"î€‡"},{"type":"pause","duration":10},{"type":"keyUp","value":"î€‡"}]}]}
RESULT: {"actions":[{"id":"action40","type":"key","parameters":{},"actions":[{"type":"keyDown","value":"î€‡"},{"type":"pause","duration":10},{"type":"keyUp","value":"î€‡"}]}]}
COMMAND: GET /session/39d2cc3d4aadadb3bd833599b4f4dfae/screenshot - {}
RESULT: {}
COMMAND: POST /session/39d2cc3d4aadadb3bd833599b4f4dfae/execute/async - {"script":"<script> [1562 bytes]","args":[{"selector":{"id":"application-manageconditionprice-display-component---newCondition--condBillCond-arrow"},"wdio_ui5_key":"applicationmanageconditionprice-display-component---newCondition--condBillCond-arrow"}]}
RESULT: {"script":"<script> [1562 bytes]","args":[{"selector":{"id":"application-manageconditionprice-display-component---newCondition--condBillCond-arrow"},"wdio_ui5_key":"applicationmanageconditionprice-display-component---newCondition--condBillCond-arrow"}]}
RESULT: undefined
COMMAND: POST /session/39d2cc3d4aadadb3bd833599b4f4dfae/element - {"using":"xpath","value":"//*[@id=\"application-manageconditionprice-display-component---newCondition--condBillCond-arrow\"]"}
RESULT: {"using":"xpath","value":"//*[@id=\"application-manageconditionprice-display-component---newCondition--condBillCond-arrow\"]"}
COMMAND: POST /session/39d2cc3d4aadadb3bd833599b4f4dfae/element/f.B301C1F41FC6B7F2328A32BBCA4D6847.d.ECCB2C7B0CFE076DDAAC48ADE26B7821.e.10705/click - {}
RESULT: {}
COMMAND: GET /session/39d2cc3d4aadadb3bd833599b4f4dfae/screenshot - {}
RESULT: {}
COMMAND: POST /session/39d2cc3d4aadadb3bd833599b4f4dfae/element - {"using":"xpath","value":"//li[.//span[contains(text(), \"DISP - D&I special price\")]]"}
RESULT: {"using":"xpath","value":"//li[.//span[contains(text(), \"DISP - D&I special price\")]]"}
COMMAND: POST /session/39d2cc3d4aadadb3bd833599b4f4dfae/element/f.B301C1F41FC6B7F2328A32BBCA4D6847.d.ECCB2C7B0CFE076DDAAC48ADE26B7821.e.10709/click - {}
RESULT: {}
COMMAND: GET /session/39d2cc3d4aadadb3bd833599b4f4dfae/screenshot - {}
RESULT: {}
COMMAND: POST /session/39d2cc3d4aadadb3bd833599b4f4dfae/execute/async - {"script":"<script> [1562 bytes]","args":[{"selector":{"id":"application-manageconditionprice-display-component---newCondition--condValidTo","interaction":{"idSuffix":"inner"}},"wdio_ui5_key":"applicationmanageconditionprice-display-component---newCondition--condValidTo"}]}
RESULT: {"script":"<script> [1562 bytes]","args":[{"selector":{"id":"application-manageconditionprice-display-component---newCondition--condValidTo","interaction":{"idSuffix":"inner"}},"wdio_ui5_key":"applicationmanageconditionprice-display-component---newCondition--condValidTo"}]}
RESULT: undefined
COMMAND: POST /session/39d2cc3d4aadadb3bd833599b4f4dfae/execute/async - {"script":"<script> [776 bytes]","args":[{"enterText":"1/15/26","selector":{"id":"application-manageconditionprice-display-component---newCondition--condValidTo","interaction":{"idSuffix":"inner"}},"clearTextFirst":true,"interactionType":"ENTER_TEXT"}]}
RESULT: {"script":"<script> [776 bytes]","args":[{"enterText":"1/15/26","selector":{"id":"application-manageconditionprice-display-component---newCondition--condValidTo","interaction":{"idSuffix":"inner"}},"clearTextFirst":true,"interactionType":"ENTER_TEXT"}]}
COMMAND: POST /session/39d2cc3d4aadadb3bd833599b4f4dfae/element - {"using":"xpath","value":"//input[@id=\"application-manageconditionprice-display-component---newCondition--condRU-inner\"]"}
RESULT: {"using":"xpath","value":"//input[@id=\"application-manageconditionprice-display-component---newCondition--condRU-inner\"]"}
COMMAND: POST /session/39d2cc3d4aadadb3bd833599b4f4dfae/element/f.B301C1F41FC6B7F2328A32BBCA4D6847.d.ECCB2C7B0CFE076DDAAC48ADE26B7821.e.10571/clear - {}
RESULT: {}
COMMAND: POST /session/39d2cc3d4aadadb3bd833599b4f4dfae/element/f.B301C1F41FC6B7F2328A32BBCA4D6847.d.ECCB2C7B0CFE076DDAAC48ADE26B7821.e.10571/value - {"text":"fa1VtXdWRt"}
COMMAND: GET /session/39d2cc3d4aadadb3bd833599b4f4dfae/screenshot - {}
RESULT: {"text":"fa1VtXdWRt"}
COMMAND: GET /session/39d2cc3d4aadadb3bd833599b4f4dfae/screenshot - {}
RESULT: {}
RESULT: {}
COMMAND: POST /session/39d2cc3d4aadadb3bd833599b4f4dfae/actions - {"actions":[{"id":"action41","type":"key","parameters":{},"actions":[{"type":"keyDown","value":"î€‡"},{"type":"pause","duration":10},{"type":"keyUp","value":"î€‡"}]}]}
RESULT: {"actions":[{"id":"action41","type":"key","parameters":{},"actions":[{"type":"keyDown","value":"î€‡"},{"type":"pause","duration":10},{"type":"keyUp","value":"î€‡"}]}]}
COMMAND: POST /session/39d2cc3d4aadadb3bd833599b4f4dfae/execute/async - {"script":"<script> [1562 bytes]","args":[{"selector":{"id":"application-manageconditionprice-display-component---newCondition--condBaseQty","interaction":{"idSuffix":"inner"}},"wdio_ui5_key":"applicationmanageconditionprice-display-component---newCondition--condBaseQty"}]}
COMMAND: GET /session/39d2cc3d4aadadb3bd833599b4f4dfae/screenshot - {}
RESULT: {"script":"<script> [1562 bytes]","args":[{"selector":{"id":"application-manageconditionprice-display-component---newCondition--condBaseQty","interaction":{"idSuffix":"inner"}},"wdio_ui5_key":"applicationmanageconditionprice-display-component---newCondition--condBaseQty"}]}
RESULT: undefined
COMMAND: POST /session/39d2cc3d4aadadb3bd833599b4f4dfae/execute/async - {"script":"<script> [776 bytes]","args":[{"enterText":"1","selector":{"id":"application-manageconditionprice-display-component---newCondition--condBaseQty","interaction":{"idSuffix":"inner"}},"clearTextFirst":true,"interactionType":"ENTER_TEXT"}]}
RESULT: {}
RESULT: {"script":"<script> [776 bytes]","args":[{"enterText":"1","selector":{"id":"application-manageconditionprice-display-component---newCondition--condBaseQty","interaction":{"idSuffix":"inner"}},"clearTextFirst":true,"interactionType":"ENTER_TEXT"}]}
COMMAND: POST /session/39d2cc3d4aadadb3bd833599b4f4dfae/execute/async - {"script":"<script> [1562 bytes]","args":[{"selector":{"id":"application-manageconditionprice-display-component---newCondition--condValue","interaction":{"idSuffix":"inner"}},"wdio_ui5_key":"applicationmanageconditionprice-display-component---newCondition--condValue"}]}
RESULT: {"script":"<script> [1562 bytes]","args":[{"selector":{"id":"application-manageconditionprice-display-component---newCondition--condValue","interaction":{"idSuffix":"inner"}},"wdio_ui5_key":"applicationmanageconditionprice-display-component---newCondition--condValue"}]}
RESULT: undefined
COMMAND: POST /session/39d2cc3d4aadadb3bd833599b4f4dfae/execute/async - {"script":"<script> [776 bytes]","args":[{"enterText":"100","selector":{"id":"application-manageconditionprice-display-component---newCondition--condValue","interaction":{"idSuffix":"inner"}},"clearTextFirst":true,"interactionType":"ENTER_TEXT"}]}
RESULT: {"script":"<script> [776 bytes]","args":[{"enterText":"100","selector":{"id":"application-manageconditionprice-display-component---newCondition--condValue","interaction":{"idSuffix":"inner"}},"clearTextFirst":true,"interactionType":"ENTER_TEXT"}]}
COMMAND: POST /session/39d2cc3d4aadadb3bd833599b4f4dfae/execute/async - {"script":"<script> [1562 bytes]","args":[{"selector":{"id":"application-manageconditionprice-display-component---newCondition--condCurr-arrow"},"wdio_ui5_key":"applicationmanageconditionprice-display-component---newCondition--condCurr-arrow"}]}
RESULT: {"script":"<script> [1562 bytes]","args":[{"selector":{"id":"application-manageconditionprice-display-component---newCondition--condCurr-arrow"},"wdio_ui5_key":"applicationmanageconditionprice-display-component---newCondition--condCurr-arrow"}]}
RESULT: undefined
COMMAND: POST /session/39d2cc3d4aadadb3bd833599b4f4dfae/element - {"using":"xpath","value":"//*[@id=\"application-manageconditionprice-display-component---newCondition--condCurr-arrow\"]"}
RESULT: {"using":"xpath","value":"//*[@id=\"application-manageconditionprice-display-component---newCondition--condCurr-arrow\"]"}
COMMAND: POST /session/39d2cc3d4aadadb3bd833599b4f4dfae/element/f.B301C1F41FC6B7F2328A32BBCA4D6847.d.ECCB2C7B0CFE076DDAAC48ADE26B7821.e.10695/click - {}
RESULT: {}
COMMAND: POST /session/39d2cc3d4aadadb3bd833599b4f4dfae/element - {"using":"xpath","value":"//span[contains(text(), \"Euro\")]"}
COMMAND: GET /session/39d2cc3d4aadadb3bd833599b4f4dfae/screenshot - {}
RESULT: {"using":"xpath","value":"//span[contains(text(), \"Euro\")]"}
COMMAND: POST /session/39d2cc3d4aadadb3bd833599b4f4dfae/element/f.B301C1F41FC6B7F2328A32BBCA4D6847.d.ECCB2C7B0CFE076DDAAC48ADE26B7821.e.10748/click - {}
RESULT: {}
RESULT: {}
COMMAND: POST /session/39d2cc3d4aadadb3bd833599b4f4dfae/element - {"using":"xpath","value":"//button[@data-kt=\"saveButton\"]"}
COMMAND: GET /session/39d2cc3d4aadadb3bd833599b4f4dfae/screenshot - {}
RESULT: {"using":"xpath","value":"//button[@data-kt=\"saveButton\"]"}
COMMAND: POST /session/39d2cc3d4aadadb3bd833599b4f4dfae/element/f.B301C1F41FC6B7F2328A32BBCA4D6847.d.ECCB2C7B0CFE076DDAAC48ADE26B7821.e.10696/click - {}
RESULT: {}
RESULT: {}
COMMAND: GET /session/39d2cc3d4aadadb3bd833599b4f4dfae/screenshot - {}
RESULT: {}
COMMAND: POST /session/39d2cc3d4aadadb3bd833599b4f4dfae/execute/async - {"script":"<script> [1562 bytes]","args":[{"selector":{"id":"application-manageconditionprice-display-component---conditions--smartFilterBar-btnBasicSearch","interaction":{"idSuffix":"I"}},"wdio_ui5_key":"applicationmanageconditionprice-display-component---conditions--smartFilterBar-btnBasicSearch"}]}
RESULT: {"script":"<script> [1562 bytes]","args":[{"selector":{"id":"application-manageconditionprice-display-component---conditions--smartFilterBar-btnBasicSearch","interaction":{"idSuffix":"I"}},"wdio_ui5_key":"applicationmanageconditionprice-display-component---conditions--smartFilterBar-btnBasicSearch"}]}
RESULT: undefined
COMMAND: POST /session/39d2cc3d4aadadb3bd833599b4f4dfae/execute/async - {"script":"<script> [776 bytes]","args":[{"enterText":"fa1VtXdWRt","selector":{"id":"application-manageconditionprice-display-component---conditions--smartFilterBar-btnBasicSearch","interaction":{"idSuffix":"I"}},"clearTextFirst":true,"interactionType":"ENTER_TEXT"}]}
RESULT: {"script":"<script> [776 bytes]","args":[{"enterText":"fa1VtXdWRt","selector":{"id":"application-manageconditionprice-display-component---conditions--smartFilterBar-btnBasicSearch","interaction":{"idSuffix":"I"}},"clearTextFirst":true,"interactionType":"ENTER_TEXT"}]}
COMMAND: POST /session/39d2cc3d4aadadb3bd833599b4f4dfae/actions - {"actions":[{"id":"action42","type":"key","parameters":{},"actions":[{"type":"keyDown","value":"î€‡"},{"type":"pause","duration":10},{"type":"keyUp","value":"î€‡"}]}]}
RESULT: {"actions":[{"id":"action42","type":"key","parameters":{},"actions":[{"type":"keyDown","value":"î€‡"},{"type":"pause","duration":10},{"type":"keyUp","value":"î€‡"}]}]}
COMMAND: GET /session/39d2cc3d4aadadb3bd833599b4f4dfae/screenshot - {}
RESULT: {}
COMMAND: POST /session/39d2cc3d4aadadb3bd833599b4f4dfae/execute/async - {"script":"<script> [1562 bytes]","args":[{"selector":{"id":"application-manageconditionprice-display-component---conditions--smartFilterBar-filterItemControl_BASIC-BILL_TYPES-vhi"},"wdio_ui5_key":"applicationmanageconditionprice-display-component---conditions--smartFilterBar-filterItemControl_BASIC-BILL_TYPES-vhi"}]}
RESULT: {"script":"<script> [1562 bytes]","args":[{"selector":{"id":"application-manageconditionprice-display-component---conditions--smartFilterBar-filterItemControl_BASIC-BILL_TYPES-vhi"},"wdio_ui5_key":"applicationmanageconditionprice-display-component---conditions--smartFilterBar-filterItemControl_BASIC-BILL_TYPES-vhi"}]}
RESULT: undefined
COMMAND: POST /session/39d2cc3d4aadadb3bd833599b4f4dfae/element - {"using":"xpath","value":"//*[@id=\"application-manageconditionprice-display-component---conditions--smartFilterBar-filterItemControl_BASIC-BILL_TYPES-vhi\"]"}
RESULT: {"using":"xpath","value":"//*[@id=\"application-manageconditionprice-display-component---conditions--smartFilterBar-filterItemControl_BASIC-BILL_TYPES-vhi\"]"}
COMMAND: POST /session/39d2cc3d4aadadb3bd833599b4f4dfae/element/f.B301C1F41FC6B7F2328A32BBCA4D6847.d.ECCB2C7B0CFE076DDAAC48ADE26B7821.e.10765/click - {}
RESULT: {}
COMMAND: POST /session/39d2cc3d4aadadb3bd833599b4f4dfae/execute/async - {"script":"<script> [1562 bytes]","args":[{"selector":{"id":"application-manageconditionprice-display-component---conditions--smartFilterBar-filterItemControl_BASIC-BILL_TYPES-valueHelpDialog-smartFilterBar-btnBasicSearch","searchOpenDialogs":true,"interaction":{"idSuffix":"I"}},"wdio_ui5_key":"applicationmanageconditionprice-display-component---conditions--smartFilterBar-filterItemControl_BASIC-BILL_TYPES-valueHelpDialog-smartFilterBar-btnBasicSearch"}]}
COMMAND: GET /session/39d2cc3d4aadadb3bd833599b4f4dfae/screenshot - {}
RESULT: {"script":"<script> [1562 bytes]","args":[{"selector":{"id":"application-manageconditionprice-display-component---conditions--smartFilterBar-filterItemControl_BASIC-BILL_TYPES-valueHelpDialog-smartFilterBar-btnBasicSearch","searchOpenDialogs":true,"interaction":{"idSuffix":"I"}},"wdio_ui5_key":"applicationmanageconditionprice-display-component---conditions--smartFilterBar-filterItemControl_BASIC-BILL_TYPES-valueHelpDialog-smartFilterBar-btnBasicSearch"}]}
RESULT: undefined
COMMAND: POST /session/39d2cc3d4aadadb3bd833599b4f4dfae/execute/async - {"script":"<script> [776 bytes]","args":[{"enterText":"TB","selector":{"id":"application-manageconditionprice-display-component---conditions--smartFilterBar-filterItemControl_BASIC-BILL_TYPES-valueHelpDialog-smartFilterBar-btnBasicSearch","searchOpenDialogs":true,"interaction":{"idSuffix":"I"}},"clearTextFirst":true,"interactionType":"ENTER_TEXT"}]}
RESULT: {}
RESULT: {"script":"<script> [776 bytes]","args":[{"enterText":"TB","selector":{"id":"application-manageconditionprice-display-component---conditions--smartFilterBar-filterItemControl_BASIC-BILL_TYPES-valueHelpDialog-smartFilterBar-btnBasicSearch","searchOpenDialogs":true,"interaction":{"idSuffix":"I"}},"clearTextFirst":true,"interactionType":"ENTER_TEXT"}]}
COMMAND: POST /session/39d2cc3d4aadadb3bd833599b4f4dfae/actions - {"actions":[{"id":"action43","type":"key","parameters":{},"actions":[{"type":"keyDown","value":"î€‡"},{"type":"pause","duration":10},{"type":"keyUp","value":"î€‡"}]}]}
RESULT: {"actions":[{"id":"action43","type":"key","parameters":{},"actions":[{"type":"keyDown","value":"î€‡"},{"type":"pause","duration":10},{"type":"keyUp","value":"î€‡"}]}]}
COMMAND: GET /session/39d2cc3d4aadadb3bd833599b4f4dfae/screenshot - {}
RESULT: {}
COMMAND: POST /session/39d2cc3d4aadadb3bd833599b4f4dfae/element - {"using":"xpath","value":"//div[contains(@id, 'application-manageconditionprice-display-component---conditions--smartFilterBar-filterItemControl_BASIC-BILL_TYPES-valueHelpDialog-table-rowsel0')]"}
RESULT: {"using":"xpath","value":"//div[contains(@id, 'application-manageconditionprice-display-component---conditions--smartFilterBar-filterItemControl_BASIC-BILL_TYPES-valueHelpDialog-table-rowsel0')]"}
COMMAND: POST /session/39d2cc3d4aadadb3bd833599b4f4dfae/element/f.B301C1F41FC6B7F2328A32BBCA4D6847.d.ECCB2C7B0CFE076DDAAC48ADE26B7821.e.10774/click - {}
RESULT: {}
COMMAND: GET /session/39d2cc3d4aadadb3bd833599b4f4dfae/screenshot - {}
RESULT: {}
COMMAND: POST /session/39d2cc3d4aadadb3bd833599b4f4dfae/element - {"using":"xpath","value":"//bdi[contains(text(), \"OK\")]"}
RESULT: {"using":"xpath","value":"//bdi[contains(text(), \"OK\")]"}
COMMAND: POST /session/39d2cc3d4aadadb3bd833599b4f4dfae/element/f.B301C1F41FC6B7F2328A32BBCA4D6847.d.ECCB2C7B0CFE076DDAAC48ADE26B7821.e.10776/click - {}
RESULT: {}
COMMAND: GET /session/39d2cc3d4aadadb3bd833599b4f4dfae/screenshot - {}
RESULT: {}
COMMAND: POST /session/39d2cc3d4aadadb3bd833599b4f4dfae/element - {"using":"xpath","value":"//span[@id=\"application-manageconditionprice-display-component---conditions--smartTable-header-inner\"]"}
RESULT: {"using":"xpath","value":"//span[@id=\"application-manageconditionprice-display-component---conditions--smartTable-header-inner\"]"}
COMMAND: POST /session/39d2cc3d4aadadb3bd833599b4f4dfae/elements - {"using":"xpath","value":"//span[@id=\"application-manageconditionprice-display-component---conditions--smartTable-header-inner\"]"}
RESULT: {"using":"xpath","value":"//span[@id=\"application-manageconditionprice-display-component---conditions--smartTable-header-inner\"]"}
COMMAND: POST /session/39d2cc3d4aadadb3bd833599b4f4dfae/execute/sync - {"script":"<script> [56 bytes]","args":[{"element-6066-11e4-a52e-4f735466cecf":"f.B301C1F41FC6B7F2328A32BBCA4D6847.d.ECCB2C7B0CFE076DDAAC48ADE26B7821.e.10779","ELEMENT":"f.B301C1F41FC6B7F2328A32BBCA4D6847.d.ECCB2C7B0CFE076DDAAC48ADE26B7821.e.10779"}]}
RESULT: {"script":"<script> [56 bytes]","args":[{"element-6066-11e4-a52e-4f735466cecf":"f.B301C1F41FC6B7F2328A32BBCA4D6847.d.ECCB2C7B0CFE076DDAAC48ADE26B7821.e.10779","ELEMENT":"f.B301C1F41FC6B7F2328A32BBCA4D6847.d.ECCB2C7B0CFE076DDAAC48ADE26B7821.e.10779"}]}
COMMAND: POST /session/39d2cc3d4aadadb3bd833599b4f4dfae/element - {"using":"css selector","value":"#shell-header-logo"}
COMMAND: GET /session/39d2cc3d4aadadb3bd833599b4f4dfae/screenshot - {}
RESULT: {"using":"css selector","value":"#shell-header-logo"}
COMMAND: POST /session/39d2cc3d4aadadb3bd833599b4f4dfae/element/f.B301C1F41FC6B7F2328A32BBCA4D6847.d.ECCB2C7B0CFE076DDAAC48ADE26B7821.e.10495/click - {}
RESULT: {}
RESULT: {}
COMMAND: GET /session/39d2cc3d4aadadb3bd833599b4f4dfae/screenshot - {}
RESULT: {}
]]></system-out>
    </testcase>
    <testcase classname="chrome.136_0_7103_93.windows.Billing_transfer_US117289" name="Should do a stock increase" time="83.772">
      <system-out><![CDATA[
COMMAND: POST /session/39d2cc3d4aadadb3bd833599b4f4dfae/execute/async - {"script":"<script> [1562 bytes]","args":[{"selector":{"controlType":"sap.m.GenericTile","properties":{"header":"Manage Handovers"}},"wdio_ui5_key":"sapm.GenericTile{\"header\":\"Manage Handovers\"}"}]}
RESULT: {"script":"<script> [1562 bytes]","args":[{"selector":{"controlType":"sap.m.GenericTile","properties":{"header":"Manage Handovers"}},"wdio_ui5_key":"sapm.GenericTile{\"header\":\"Manage Handovers\"}"}]}
RESULT: undefined
COMMAND: POST /session/39d2cc3d4aadadb3bd833599b4f4dfae/element - {"using":"xpath","value":"//*[@id=\"__tile133\"]"}
RESULT: {"using":"xpath","value":"//*[@id=\"__tile133\"]"}
COMMAND: POST /session/39d2cc3d4aadadb3bd833599b4f4dfae/element/f.B301C1F41FC6B7F2328A32BBCA4D6847.d.ECCB2C7B0CFE076DDAAC48ADE26B7821.e.9578/click - {}
RESULT: {}
COMMAND: GET /session/39d2cc3d4aadadb3bd833599b4f4dfae/screenshot - {}
RESULT: {}
COMMAND: POST /session/39d2cc3d4aadadb3bd833599b4f4dfae/elements - {"using":"xpath","value":"//span[text()='Error']"}
RESULT: {"using":"xpath","value":"//span[text()='Error']"}
COMMAND: POST /session/39d2cc3d4aadadb3bd833599b4f4dfae/element - {"using":"xpath","value":"//button[@data-kt=\"masterHOAddButton\"]"}
RESULT: {"using":"xpath","value":"//button[@data-kt=\"masterHOAddButton\"]"}
COMMAND: POST /session/39d2cc3d4aadadb3bd833599b4f4dfae/elements - {"using":"xpath","value":"//button[@data-kt=\"masterHOAddButton\"]"}
RESULT: {"using":"xpath","value":"//button[@data-kt=\"masterHOAddButton\"]"}
COMMAND: POST /session/39d2cc3d4aadadb3bd833599b4f4dfae/execute/sync - {"script":"<script> [8489 bytes]","args":[{"element-6066-11e4-a52e-4f735466cecf":"f.B301C1F41FC6B7F2328A32BBCA4D6847.d.ECCB2C7B0CFE076DDAAC48ADE26B7821.e.10818","ELEMENT":"f.B301C1F41FC6B7F2328A32BBCA4D6847.d.ECCB2C7B0CFE076DDAAC48ADE26B7821.e.10818"}]}
RESULT: {"script":"<script> [8489 bytes]","args":[{"element-6066-11e4-a52e-4f735466cecf":"f.B301C1F41FC6B7F2328A32BBCA4D6847.d.ECCB2C7B0CFE076DDAAC48ADE26B7821.e.10818","ELEMENT":"f.B301C1F41FC6B7F2328A32BBCA4D6847.d.ECCB2C7B0CFE076DDAAC48ADE26B7821.e.10818"}]}
COMMAND: GET /session/39d2cc3d4aadadb3bd833599b4f4dfae/element/f.B301C1F41FC6B7F2328A32BBCA4D6847.d.ECCB2C7B0CFE076DDAAC48ADE26B7821.e.10818/enabled - {}
COMMAND: GET /session/39d2cc3d4aadadb3bd833599b4f4dfae/screenshot - {}
RESULT: {}
COMMAND: POST /session/39d2cc3d4aadadb3bd833599b4f4dfae/execute/sync - {"script":"<script> [8489 bytes]","args":[{"element-6066-11e4-a52e-4f735466cecf":"f.B301C1F41FC6B7F2328A32BBCA4D6847.d.ECCB2C7B0CFE076DDAAC48ADE26B7821.e.10818","ELEMENT":"f.B301C1F41FC6B7F2328A32BBCA4D6847.d.ECCB2C7B0CFE076DDAAC48ADE26B7821.e.10818"}]}
COMMAND: GET /session/39d2cc3d4aadadb3bd833599b4f4dfae/screenshot - {}
RESULT: {}
RESULT: {"script":"<script> [8489 bytes]","args":[{"element-6066-11e4-a52e-4f735466cecf":"f.B301C1F41FC6B7F2328A32BBCA4D6847.d.ECCB2C7B0CFE076DDAAC48ADE26B7821.e.10818","ELEMENT":"f.B301C1F41FC6B7F2328A32BBCA4D6847.d.ECCB2C7B0CFE076DDAAC48ADE26B7821.e.10818"}]}
COMMAND: POST /session/39d2cc3d4aadadb3bd833599b4f4dfae/execute/sync - {"script":"<script> [5351 bytes]","args":[{"element-6066-11e4-a52e-4f735466cecf":"f.B301C1F41FC6B7F2328A32BBCA4D6847.d.ECCB2C7B0CFE076DDAAC48ADE26B7821.e.10818","ELEMENT":"f.B301C1F41FC6B7F2328A32BBCA4D6847.d.ECCB2C7B0CFE076DDAAC48ADE26B7821.e.10818"}]}
COMMAND: GET /session/39d2cc3d4aadadb3bd833599b4f4dfae/screenshot - {}
RESULT: {}
RESULT: {"script":"<script> [5351 bytes]","args":[{"element-6066-11e4-a52e-4f735466cecf":"f.B301C1F41FC6B7F2328A32BBCA4D6847.d.ECCB2C7B0CFE076DDAAC48ADE26B7821.e.10818","ELEMENT":"f.B301C1F41FC6B7F2328A32BBCA4D6847.d.ECCB2C7B0CFE076DDAAC48ADE26B7821.e.10818"}]}
COMMAND: POST /session/39d2cc3d4aadadb3bd833599b4f4dfae/element/f.B301C1F41FC6B7F2328A32BBCA4D6847.d.ECCB2C7B0CFE076DDAAC48ADE26B7821.e.10818/click - {}
COMMAND: GET /session/39d2cc3d4aadadb3bd833599b4f4dfae/screenshot - {}
RESULT: {}
RESULT: {}
COMMAND: GET /session/39d2cc3d4aadadb3bd833599b4f4dfae/screenshot - {}
RESULT: {}
RESULT: {}
COMMAND: POST /session/39d2cc3d4aadadb3bd833599b4f4dfae/element - {"using":"xpath","value":"//span[contains(@id ,\"AddNewHO--typeSelect-arrow\")]"}
RESULT: {"using":"xpath","value":"//span[contains(@id ,\"AddNewHO--typeSelect-arrow\")]"}
COMMAND: POST /session/39d2cc3d4aadadb3bd833599b4f4dfae/element/f.B301C1F41FC6B7F2328A32BBCA4D6847.d.ECCB2C7B0CFE076DDAAC48ADE26B7821.e.11178/click - {}
RESULT: {}
COMMAND: GET /session/39d2cc3d4aadadb3bd833599b4f4dfae/screenshot - {}
RESULT: {}
COMMAND: POST /session/39d2cc3d4aadadb3bd833599b4f4dfae/element - {"using":"xpath","value":"(//li[contains(text(), \"stock increase yard\")])[1]"}
RESULT: {"using":"xpath","value":"(//li[contains(text(), \"stock increase yard\")])[1]"}
COMMAND: POST /session/39d2cc3d4aadadb3bd833599b4f4dfae/element/f.B301C1F41FC6B7F2328A32BBCA4D6847.d.ECCB2C7B0CFE076DDAAC48ADE26B7821.e.11179/click - {}
RESULT: {}
COMMAND: GET /session/39d2cc3d4aadadb3bd833599b4f4dfae/screenshot - {}
RESULT: {}
COMMAND: POST /session/39d2cc3d4aadadb3bd833599b4f4dfae/execute/async - {"script":"<script> [1562 bytes]","args":[{"selector":{"id":"application-managehandovers-display-component---AddNewHO--dueDate","interaction":{"idSuffix":"inner"}},"wdio_ui5_key":"applicationmanagehandovers-display-component---AddNewHO--dueDate"}]}
RESULT: {"script":"<script> [1562 bytes]","args":[{"selector":{"id":"application-managehandovers-display-component---AddNewHO--dueDate","interaction":{"idSuffix":"inner"}},"wdio_ui5_key":"applicationmanagehandovers-display-component---AddNewHO--dueDate"}]}
RESULT: undefined
COMMAND: POST /session/39d2cc3d4aadadb3bd833599b4f4dfae/execute/async - {"script":"<script> [6424 bytes]","args":[{"element-6066-11e4-a52e-4f735466cecf":"f.B301C1F41FC6B7F2328A32BBCA4D6847.d.ECCB2C7B0CFE076DDAAC48ADE26B7821.e.11181"},"setValue",["5/15/25"]]}
RESULT: {"script":"<script> [6424 bytes]","args":[{"element-6066-11e4-a52e-4f735466cecf":"f.B301C1F41FC6B7F2328A32BBCA4D6847.d.ECCB2C7B0CFE076DDAAC48ADE26B7821.e.11181"},"setValue",["5/15/25"]]}
COMMAND: POST /session/39d2cc3d4aadadb3bd833599b4f4dfae/element - {"using":"xpath","value":"//input[@id=\"generalSectionFrg--receiveYard-inner\"]"}
RESULT: {"using":"xpath","value":"//input[@id=\"generalSectionFrg--receiveYard-inner\"]"}
COMMAND: POST /session/39d2cc3d4aadadb3bd833599b4f4dfae/element/f.B301C1F41FC6B7F2328A32BBCA4D6847.d.ECCB2C7B0CFE076DDAAC48ADE26B7821.e.11185/clear - {}
RESULT: {}
COMMAND: POST /session/39d2cc3d4aadadb3bd833599b4f4dfae/element/f.B301C1F41FC6B7F2328A32BBCA4D6847.d.ECCB2C7B0CFE076DDAAC48ADE26B7821.e.11185/value - {"text":"416"}
COMMAND: GET /session/39d2cc3d4aadadb3bd833599b4f4dfae/screenshot - {}
RESULT: {"text":"416"}
COMMAND: GET /session/39d2cc3d4aadadb3bd833599b4f4dfae/screenshot - {}
RESULT: {}
RESULT: {}
COMMAND: POST /session/39d2cc3d4aadadb3bd833599b4f4dfae/element - {"using":"xpath","value":"//li[.//span[text()='416']]"}
RESULT: {"using":"xpath","value":"//li[.//span[text()='416']]"}
COMMAND: POST /session/39d2cc3d4aadadb3bd833599b4f4dfae/element/f.B301C1F41FC6B7F2328A32BBCA4D6847.d.ECCB2C7B0CFE076DDAAC48ADE26B7821.e.11201/click - {}
RESULT: {}
COMMAND: GET /session/39d2cc3d4aadadb3bd833599b4f4dfae/screenshot - {}
RESULT: {}
COMMAND: POST /session/39d2cc3d4aadadb3bd833599b4f4dfae/execute/async - {"script":"<script> [1562 bytes]","args":[{"selector":{"id":"application-managehandovers-display-component---AddNewHO--ObjectPageLayout-anchBar-application-managehandovers-display-component---AddNewHO--section4-anchor","interaction":{"idSuffix":"BDI-content"}},"wdio_ui5_key":"applicationmanagehandovers-display-component---AddNewHO--ObjectPageLayout-anchBar-application-managehandovers-display-component---AddNewHO--section4-anchor"}]}
RESULT: {"script":"<script> [1562 bytes]","args":[{"selector":{"id":"application-managehandovers-display-component---AddNewHO--ObjectPageLayout-anchBar-application-managehandovers-display-component---AddNewHO--section4-anchor","interaction":{"idSuffix":"BDI-content"}},"wdio_ui5_key":"applicationmanagehandovers-display-component---AddNewHO--ObjectPageLayout-anchBar-application-managehandovers-display-component---AddNewHO--section4-anchor"}]}
RESULT: undefined
COMMAND: POST /session/39d2cc3d4aadadb3bd833599b4f4dfae/element - {"using":"xpath","value":"//*[@id=\"application-managehandovers-display-component---AddNewHO--ObjectPageLayout-anchBar-application-managehandovers-display-component---AddNewHO--section4-anchor\"]"}
RESULT: {"using":"xpath","value":"//*[@id=\"application-managehandovers-display-component---AddNewHO--ObjectPageLayout-anchBar-application-managehandovers-display-component---AddNewHO--section4-anchor\"]"}
COMMAND: POST /session/39d2cc3d4aadadb3bd833599b4f4dfae/element/f.B301C1F41FC6B7F2328A32BBCA4D6847.d.ECCB2C7B0CFE076DDAAC48ADE26B7821.e.11203/click - {}
RESULT: {}
COMMAND: POST /session/39d2cc3d4aadadb3bd833599b4f4dfae/element - {"using":"xpath","value":"//button[@aria-label=\"Add\"]"}
COMMAND: GET /session/39d2cc3d4aadadb3bd833599b4f4dfae/screenshot - {}
RESULT: {"using":"xpath","value":"//button[@aria-label=\"Add\"]"}
COMMAND: POST /session/39d2cc3d4aadadb3bd833599b4f4dfae/element/f.B301C1F41FC6B7F2328A32BBCA4D6847.d.ECCB2C7B0CFE076DDAAC48ADE26B7821.e.11205/click - {}
RESULT: {}
RESULT: {}
COMMAND: GET /session/39d2cc3d4aadadb3bd833599b4f4dfae/screenshot - {}
RESULT: {}
COMMAND: POST /session/39d2cc3d4aadadb3bd833599b4f4dfae/execute/async - {"script":"<script> [1562 bytes]","args":[{"selector":{"id":"application-managehandovers-display-component---AddNewHO--smartFilterBar-btnBasicSearch","searchOpenDialogs":true,"interaction":{"idSuffix":"I"}},"wdio_ui5_key":"applicationmanagehandovers-display-component---AddNewHO--smartFilterBar-btnBasicSearch"}]}
RESULT: {"script":"<script> [1562 bytes]","args":[{"selector":{"id":"application-managehandovers-display-component---AddNewHO--smartFilterBar-btnBasicSearch","searchOpenDialogs":true,"interaction":{"idSuffix":"I"}},"wdio_ui5_key":"applicationmanagehandovers-display-component---AddNewHO--smartFilterBar-btnBasicSearch"}]}
RESULT: undefined
COMMAND: POST /session/39d2cc3d4aadadb3bd833599b4f4dfae/execute/async - {"script":"<script> [776 bytes]","args":[{"enterText":"fa1VtXdWRt","selector":{"id":"application-managehandovers-display-component---AddNewHO--smartFilterBar-btnBasicSearch","searchOpenDialogs":true,"interaction":{"idSuffix":"I"}},"clearTextFirst":true,"interactionType":"ENTER_TEXT"}]}
RESULT: {"script":"<script> [776 bytes]","args":[{"enterText":"fa1VtXdWRt","selector":{"id":"application-managehandovers-display-component---AddNewHO--smartFilterBar-btnBasicSearch","searchOpenDialogs":true,"interaction":{"idSuffix":"I"}},"clearTextFirst":true,"interactionType":"ENTER_TEXT"}]}
COMMAND: POST /session/39d2cc3d4aadadb3bd833599b4f4dfae/actions - {"actions":[{"id":"action44","type":"key","parameters":{},"actions":[{"type":"keyDown","value":"î€‡"},{"type":"pause","duration":10},{"type":"keyUp","value":"î€‡"}]}]}
RESULT: {"actions":[{"id":"action44","type":"key","parameters":{},"actions":[{"type":"keyDown","value":"î€‡"},{"type":"pause","duration":10},{"type":"keyUp","value":"î€‡"}]}]}
COMMAND: GET /session/39d2cc3d4aadadb3bd833599b4f4dfae/screenshot - {}
RESULT: {}
COMMAND: POST /session/39d2cc3d4aadadb3bd833599b4f4dfae/execute/async - {"script":"<script> [1562 bytes]","args":[{"selector":{"id":"application-managehandovers-display-component---AddNewHO--popup-sa","searchOpenDialogs":true,"interaction":{"idSuffix":"CbBg"}},"wdio_ui5_key":"applicationmanagehandovers-display-component---AddNewHO--popup-sa"}]}
RESULT: {"script":"<script> [1562 bytes]","args":[{"selector":{"id":"application-managehandovers-display-component---AddNewHO--popup-sa","searchOpenDialogs":true,"interaction":{"idSuffix":"CbBg"}},"wdio_ui5_key":"applicationmanagehandovers-display-component---AddNewHO--popup-sa"}]}
RESULT: undefined
COMMAND: POST /session/39d2cc3d4aadadb3bd833599b4f4dfae/element - {"using":"xpath","value":"//*[@id=\"application-managehandovers-display-component---AddNewHO--popup-sa\"]"}
RESULT: {"using":"xpath","value":"//*[@id=\"application-managehandovers-display-component---AddNewHO--popup-sa\"]"}
COMMAND: POST /session/39d2cc3d4aadadb3bd833599b4f4dfae/element/f.B301C1F41FC6B7F2328A32BBCA4D6847.d.ECCB2C7B0CFE076DDAAC48ADE26B7821.e.11360/click - {}
RESULT: {}
COMMAND: GET /session/39d2cc3d4aadadb3bd833599b4f4dfae/screenshot - {}
RESULT: {}
COMMAND: POST /session/39d2cc3d4aadadb3bd833599b4f4dfae/element - {"using":"xpath","value":"//bdi[contains(text(), \"Select\")]"}
RESULT: {"using":"xpath","value":"//bdi[contains(text(), \"Select\")]"}
COMMAND: POST /session/39d2cc3d4aadadb3bd833599b4f4dfae/element/f.B301C1F41FC6B7F2328A32BBCA4D6847.d.ECCB2C7B0CFE076DDAAC48ADE26B7821.e.11361/click - {}
RESULT: {}
COMMAND: GET /session/39d2cc3d4aadadb3bd833599b4f4dfae/screenshot - {}
RESULT: {}
COMMAND: POST /session/39d2cc3d4aadadb3bd833599b4f4dfae/element - {"using":"xpath","value":"//button[@data-kt=\"AddNewHOSaveButton\"]"}
RESULT: {"using":"xpath","value":"//button[@data-kt=\"AddNewHOSaveButton\"]"}
COMMAND: POST /session/39d2cc3d4aadadb3bd833599b4f4dfae/element/f.B301C1F41FC6B7F2328A32BBCA4D6847.d.ECCB2C7B0CFE076DDAAC48ADE26B7821.e.11365/click - {}
RESULT: {}
COMMAND: GET /session/39d2cc3d4aadadb3bd833599b4f4dfae/screenshot - {}
RESULT: {}
COMMAND: POST /session/39d2cc3d4aadadb3bd833599b4f4dfae/execute/async - {"script":"<script> [1562 bytes]","args":[{"selector":{"id":"receiptDatePicker","viewName":"etm.portal.ui.managehandovers.view.DetailExecuteHO","interaction":{"idSuffix":"inner"}},"wdio_ui5_key":"receiptDatePickeretmportal.ui.managehandovers.view.DetailExecuteHO"}]}
RESULT: {"script":"<script> [1562 bytes]","args":[{"selector":{"id":"receiptDatePicker","viewName":"etm.portal.ui.managehandovers.view.DetailExecuteHO","interaction":{"idSuffix":"inner"}},"wdio_ui5_key":"receiptDatePickeretmportal.ui.managehandovers.view.DetailExecuteHO"}]}
RESULT: undefined
COMMAND: POST /session/39d2cc3d4aadadb3bd833599b4f4dfae/execute/async - {"script":"<script> [6424 bytes]","args":[{"element-6066-11e4-a52e-4f735466cecf":"f.B301C1F41FC6B7F2328A32BBCA4D6847.d.ECCB2C7B0CFE076DDAAC48ADE26B7821.e.11385"},"setValue",["5/15/25"]]}
RESULT: {"script":"<script> [6424 bytes]","args":[{"element-6066-11e4-a52e-4f735466cecf":"f.B301C1F41FC6B7F2328A32BBCA4D6847.d.ECCB2C7B0CFE076DDAAC48ADE26B7821.e.11385"},"setValue",["5/15/25"]]}
COMMAND: POST /session/39d2cc3d4aadadb3bd833599b4f4dfae/element - {"using":"xpath","value":"//button[@data-kt=\"PickingTableConfirmAllButton\"]"}
RESULT: {"using":"xpath","value":"//button[@data-kt=\"PickingTableConfirmAllButton\"]"}
COMMAND: POST /session/39d2cc3d4aadadb3bd833599b4f4dfae/element/f.B301C1F41FC6B7F2328A32BBCA4D6847.d.ECCB2C7B0CFE076DDAAC48ADE26B7821.e.11400/click - {}
RESULT: {}
COMMAND: GET /session/39d2cc3d4aadadb3bd833599b4f4dfae/screenshot - {}
RESULT: {}
COMMAND: POST /session/39d2cc3d4aadadb3bd833599b4f4dfae/element - {"using":"xpath","value":"//bdi[contains(text(), \"OK\")]"}
RESULT: {"using":"xpath","value":"//bdi[contains(text(), \"OK\")]"}
COMMAND: POST /session/39d2cc3d4aadadb3bd833599b4f4dfae/element/f.B301C1F41FC6B7F2328A32BBCA4D6847.d.ECCB2C7B0CFE076DDAAC48ADE26B7821.e.11402/click - {}
RESULT: {}
COMMAND: GET /session/39d2cc3d4aadadb3bd833599b4f4dfae/screenshot - {}
RESULT: {}
COMMAND: POST /session/39d2cc3d4aadadb3bd833599b4f4dfae/element - {"using":"xpath","value":"(//bdi[contains(text(), \"Receive\")])[2]"}
RESULT: {"using":"xpath","value":"(//bdi[contains(text(), \"Receive\")])[2]"}
COMMAND: POST /session/39d2cc3d4aadadb3bd833599b4f4dfae/element/f.B301C1F41FC6B7F2328A32BBCA4D6847.d.ECCB2C7B0CFE076DDAAC48ADE26B7821.e.11404/click - {}
RESULT: {}
COMMAND: GET /session/39d2cc3d4aadadb3bd833599b4f4dfae/screenshot - {}
RESULT: {}
COMMAND: POST /session/39d2cc3d4aadadb3bd833599b4f4dfae/element - {"using":"css selector","value":"#shell-header-logo"}
RESULT: {"using":"css selector","value":"#shell-header-logo"}
COMMAND: POST /session/39d2cc3d4aadadb3bd833599b4f4dfae/element/f.B301C1F41FC6B7F2328A32BBCA4D6847.d.ECCB2C7B0CFE076DDAAC48ADE26B7821.e.10785/click - {}
RESULT: {}
COMMAND: GET /session/39d2cc3d4aadadb3bd833599b4f4dfae/screenshot - {}
RESULT: {}
]]></system-out>
    </testcase>
    <testcase classname="chrome.136_0_7103_93.windows.Billing_transfer_US117289" name="Should create a new contract" time="64.677">
      <system-out><![CDATA[
COMMAND: POST /session/39d2cc3d4aadadb3bd833599b4f4dfae/execute/async - {"script":"<script> [1562 bytes]","args":[{"selector":{"controlType":"sap.m.GenericTile","properties":{"header":"Manage Contracts"}},"wdio_ui5_key":"sapm.GenericTile{\"header\":\"Manage Contracts\"}"}]}
RESULT: {"script":"<script> [1562 bytes]","args":[{"selector":{"controlType":"sap.m.GenericTile","properties":{"header":"Manage Contracts"}},"wdio_ui5_key":"sapm.GenericTile{\"header\":\"Manage Contracts\"}"}]}
RESULT: undefined
COMMAND: POST /session/39d2cc3d4aadadb3bd833599b4f4dfae/element - {"using":"xpath","value":"//*[@id=\"__tile132\"]"}
RESULT: {"using":"xpath","value":"//*[@id=\"__tile132\"]"}
COMMAND: POST /session/39d2cc3d4aadadb3bd833599b4f4dfae/element/f.B301C1F41FC6B7F2328A32BBCA4D6847.d.ECCB2C7B0CFE076DDAAC48ADE26B7821.e.9517/click - {}
RESULT: {}
COMMAND: GET /session/39d2cc3d4aadadb3bd833599b4f4dfae/screenshot - {}
RESULT: {}
COMMAND: POST /session/39d2cc3d4aadadb3bd833599b4f4dfae/elements - {"using":"xpath","value":"//span[text()='Error']"}
RESULT: {"using":"xpath","value":"//span[text()='Error']"}
COMMAND: POST /session/39d2cc3d4aadadb3bd833599b4f4dfae/element - {"using":"xpath","value":"//button[@data-kt=\"addButton\"]"}
RESULT: {"using":"xpath","value":"//button[@data-kt=\"addButton\"]"}
COMMAND: POST /session/39d2cc3d4aadadb3bd833599b4f4dfae/elements - {"using":"xpath","value":"//button[@data-kt=\"addButton\"]"}
RESULT: {"using":"xpath","value":"//button[@data-kt=\"addButton\"]"}
COMMAND: POST /session/39d2cc3d4aadadb3bd833599b4f4dfae/execute/sync - {"script":"<script> [8489 bytes]","args":[{"element-6066-11e4-a52e-4f735466cecf":"f.B301C1F41FC6B7F2328A32BBCA4D6847.d.ECCB2C7B0CFE076DDAAC48ADE26B7821.e.11625","ELEMENT":"f.B301C1F41FC6B7F2328A32BBCA4D6847.d.ECCB2C7B0CFE076DDAAC48ADE26B7821.e.11625"}]}
RESULT: {"script":"<script> [8489 bytes]","args":[{"element-6066-11e4-a52e-4f735466cecf":"f.B301C1F41FC6B7F2328A32BBCA4D6847.d.ECCB2C7B0CFE076DDAAC48ADE26B7821.e.11625","ELEMENT":"f.B301C1F41FC6B7F2328A32BBCA4D6847.d.ECCB2C7B0CFE076DDAAC48ADE26B7821.e.11625"}]}
COMMAND: GET /session/39d2cc3d4aadadb3bd833599b4f4dfae/element/f.B301C1F41FC6B7F2328A32BBCA4D6847.d.ECCB2C7B0CFE076DDAAC48ADE26B7821.e.11625/enabled - {}
COMMAND: GET /session/39d2cc3d4aadadb3bd833599b4f4dfae/screenshot - {}
RESULT: {}
COMMAND: POST /session/39d2cc3d4aadadb3bd833599b4f4dfae/execute/sync - {"script":"<script> [8489 bytes]","args":[{"element-6066-11e4-a52e-4f735466cecf":"f.B301C1F41FC6B7F2328A32BBCA4D6847.d.ECCB2C7B0CFE076DDAAC48ADE26B7821.e.11625","ELEMENT":"f.B301C1F41FC6B7F2328A32BBCA4D6847.d.ECCB2C7B0CFE076DDAAC48ADE26B7821.e.11625"}]}
COMMAND: GET /session/39d2cc3d4aadadb3bd833599b4f4dfae/screenshot - {}
RESULT: {}
RESULT: {"script":"<script> [8489 bytes]","args":[{"element-6066-11e4-a52e-4f735466cecf":"f.B301C1F41FC6B7F2328A32BBCA4D6847.d.ECCB2C7B0CFE076DDAAC48ADE26B7821.e.11625","ELEMENT":"f.B301C1F41FC6B7F2328A32BBCA4D6847.d.ECCB2C7B0CFE076DDAAC48ADE26B7821.e.11625"}]}
COMMAND: POST /session/39d2cc3d4aadadb3bd833599b4f4dfae/execute/sync - {"script":"<script> [5351 bytes]","args":[{"element-6066-11e4-a52e-4f735466cecf":"f.B301C1F41FC6B7F2328A32BBCA4D6847.d.ECCB2C7B0CFE076DDAAC48ADE26B7821.e.11625","ELEMENT":"f.B301C1F41FC6B7F2328A32BBCA4D6847.d.ECCB2C7B0CFE076DDAAC48ADE26B7821.e.11625"}]}
COMMAND: GET /session/39d2cc3d4aadadb3bd833599b4f4dfae/screenshot - {}
RESULT: {}
RESULT: {"script":"<script> [5351 bytes]","args":[{"element-6066-11e4-a52e-4f735466cecf":"f.B301C1F41FC6B7F2328A32BBCA4D6847.d.ECCB2C7B0CFE076DDAAC48ADE26B7821.e.11625","ELEMENT":"f.B301C1F41FC6B7F2328A32BBCA4D6847.d.ECCB2C7B0CFE076DDAAC48ADE26B7821.e.11625"}]}
COMMAND: GET /session/39d2cc3d4aadadb3bd833599b4f4dfae/screenshot - {}
RESULT: {}
RESULT: {}
COMMAND: POST /session/39d2cc3d4aadadb3bd833599b4f4dfae/element/f.B301C1F41FC6B7F2328A32BBCA4D6847.d.ECCB2C7B0CFE076DDAAC48ADE26B7821.e.11625/click - {}
RESULT: {}
COMMAND: GET /session/39d2cc3d4aadadb3bd833599b4f4dfae/screenshot - {}
RESULT: {}
COMMAND: POST /session/39d2cc3d4aadadb3bd833599b4f4dfae/execute/async - {"script":"<script> [1562 bytes]","args":[{"selector":{"id":"application-managecontracts-display-component---AddNewContract--projectDescription","interaction":{"idSuffix":"inner"}},"wdio_ui5_key":"applicationmanagecontracts-display-component---AddNewContract--projectDescription"}]}
RESULT: {"script":"<script> [1562 bytes]","args":[{"selector":{"id":"application-managecontracts-display-component---AddNewContract--projectDescription","interaction":{"idSuffix":"inner"}},"wdio_ui5_key":"applicationmanagecontracts-display-component---AddNewContract--projectDescription"}]}
RESULT: undefined
COMMAND: POST /session/39d2cc3d4aadadb3bd833599b4f4dfae/execute/async - {"script":"<script> [776 bytes]","args":[{"enterText":"Contract WDIO","selector":{"id":"application-managecontracts-display-component---AddNewContract--projectDescription","interaction":{"idSuffix":"inner"}},"clearTextFirst":true,"interactionType":"ENTER_TEXT"}]}
RESULT: {"script":"<script> [776 bytes]","args":[{"enterText":"Contract WDIO","selector":{"id":"application-managecontracts-display-component---AddNewContract--projectDescription","interaction":{"idSuffix":"inner"}},"clearTextFirst":true,"interactionType":"ENTER_TEXT"}]}
COMMAND: POST /session/39d2cc3d4aadadb3bd833599b4f4dfae/element - {"using":"xpath","value":"//input[@id=\"application-managecontracts-display-component---AddNewContract--site-inner\"]"}
RESULT: {"using":"xpath","value":"//input[@id=\"application-managecontracts-display-component---AddNewContract--site-inner\"]"}
COMMAND: POST /session/39d2cc3d4aadadb3bd833599b4f4dfae/element/f.B301C1F41FC6B7F2328A32BBCA4D6847.d.ECCB2C7B0CFE076DDAAC48ADE26B7821.e.11980/clear - {}
RESULT: {}
COMMAND: POST /session/39d2cc3d4aadadb3bd833599b4f4dfae/element/f.B301C1F41FC6B7F2328A32BBCA4D6847.d.ECCB2C7B0CFE076DDAAC48ADE26B7821.e.11980/value - {"text":"2189"}
COMMAND: GET /session/39d2cc3d4aadadb3bd833599b4f4dfae/screenshot - {}
RESULT: {"text":"2189"}
COMMAND: GET /session/39d2cc3d4aadadb3bd833599b4f4dfae/screenshot - {}
RESULT: {}
RESULT: {}
COMMAND: POST /session/39d2cc3d4aadadb3bd833599b4f4dfae/element - {"using":"xpath","value":"//li[.//span[text()='2189']]"}
RESULT: {"using":"xpath","value":"//li[.//span[text()='2189']]"}
COMMAND: POST /session/39d2cc3d4aadadb3bd833599b4f4dfae/element/f.B301C1F41FC6B7F2328A32BBCA4D6847.d.ECCB2C7B0CFE076DDAAC48ADE26B7821.e.12010/click - {}
RESULT: {}
COMMAND: GET /session/39d2cc3d4aadadb3bd833599b4f4dfae/screenshot - {}
RESULT: {}
COMMAND: POST /session/39d2cc3d4aadadb3bd833599b4f4dfae/element - {"using":"xpath","value":"//input[@id=\"application-managecontracts-display-component---AddNewContract--yardId-inner\"]"}
RESULT: {"using":"xpath","value":"//input[@id=\"application-managecontracts-display-component---AddNewContract--yardId-inner\"]"}
COMMAND: GET /session/39d2cc3d4aadadb3bd833599b4f4dfae/element/f.B301C1F41FC6B7F2328A32BBCA4D6847.d.ECCB2C7B0CFE076DDAAC48ADE26B7821.e.11981/property/value - {}
RESULT: {}
COMMAND: POST /session/39d2cc3d4aadadb3bd833599b4f4dfae/element - {"using":"xpath","value":"//input[@id=\"application-managecontracts-display-component---AddNewContract--customerSelect-inner\"]"}
COMMAND: GET /session/39d2cc3d4aadadb3bd833599b4f4dfae/screenshot - {}
RESULT: {"using":"xpath","value":"//input[@id=\"application-managecontracts-display-component---AddNewContract--customerSelect-inner\"]"}
COMMAND: POST /session/39d2cc3d4aadadb3bd833599b4f4dfae/element/f.B301C1F41FC6B7F2328A32BBCA4D6847.d.ECCB2C7B0CFE076DDAAC48ADE26B7821.e.11979/clear - {}
RESULT: {}
RESULT: {}
COMMAND: POST /session/39d2cc3d4aadadb3bd833599b4f4dfae/element/f.B301C1F41FC6B7F2328A32BBCA4D6847.d.ECCB2C7B0CFE076DDAAC48ADE26B7821.e.11979/value - {"text":"1228"}
COMMAND: GET /session/39d2cc3d4aadadb3bd833599b4f4dfae/screenshot - {}
RESULT: {"text":"1228"}
COMMAND: GET /session/39d2cc3d4aadadb3bd833599b4f4dfae/screenshot - {}
RESULT: {}
RESULT: {}
COMMAND: POST /session/39d2cc3d4aadadb3bd833599b4f4dfae/element - {"using":"xpath","value":"//li[.//span[text()='1228']]"}
RESULT: {"using":"xpath","value":"//li[.//span[text()='1228']]"}
COMMAND: POST /session/39d2cc3d4aadadb3bd833599b4f4dfae/element/f.B301C1F41FC6B7F2328A32BBCA4D6847.d.ECCB2C7B0CFE076DDAAC48ADE26B7821.e.12013/click - {}
RESULT: {}
COMMAND: GET /session/39d2cc3d4aadadb3bd833599b4f4dfae/screenshot - {}
RESULT: {}
COMMAND: POST /session/39d2cc3d4aadadb3bd833599b4f4dfae/element - {"using":"xpath","value":"//button[@data-kt=\"saveButton\"]"}
RESULT: {"using":"xpath","value":"//button[@data-kt=\"saveButton\"]"}
COMMAND: POST /session/39d2cc3d4aadadb3bd833599b4f4dfae/element/f.B301C1F41FC6B7F2328A32BBCA4D6847.d.ECCB2C7B0CFE076DDAAC48ADE26B7821.e.12014/click - {}
RESULT: {}
COMMAND: GET /session/39d2cc3d4aadadb3bd833599b4f4dfae/screenshot - {}
RESULT: {}
COMMAND: POST /session/39d2cc3d4aadadb3bd833599b4f4dfae/element - {"using":"xpath","value":"//span[contains(@id ,\"contractDetailTitleNoExpanded\")]"}
RESULT: {"using":"xpath","value":"//span[contains(@id ,\"contractDetailTitleNoExpanded\")]"}
COMMAND: POST /session/39d2cc3d4aadadb3bd833599b4f4dfae/elements - {"using":"xpath","value":"//span[contains(@id ,\"contractDetailTitleNoExpanded\")]"}
RESULT: {"using":"xpath","value":"//span[contains(@id ,\"contractDetailTitleNoExpanded\")]"}
COMMAND: POST /session/39d2cc3d4aadadb3bd833599b4f4dfae/execute/sync - {"script":"<script> [56 bytes]","args":[{"element-6066-11e4-a52e-4f735466cecf":"f.B301C1F41FC6B7F2328A32BBCA4D6847.d.ECCB2C7B0CFE076DDAAC48ADE26B7821.e.12083","ELEMENT":"f.B301C1F41FC6B7F2328A32BBCA4D6847.d.ECCB2C7B0CFE076DDAAC48ADE26B7821.e.12083"}]}
RESULT: {"script":"<script> [56 bytes]","args":[{"element-6066-11e4-a52e-4f735466cecf":"f.B301C1F41FC6B7F2328A32BBCA4D6847.d.ECCB2C7B0CFE076DDAAC48ADE26B7821.e.12083","ELEMENT":"f.B301C1F41FC6B7F2328A32BBCA4D6847.d.ECCB2C7B0CFE076DDAAC48ADE26B7821.e.12083"}]}
COMMAND: GET /session/39d2cc3d4aadadb3bd833599b4f4dfae/screenshot - {}
RESULT: {}
]]></system-out>
    </testcase>
    <testcase classname="chrome.136_0_7103_93.windows.Billing_transfer_US117289" name="Should add created equipment to contract" time="46.594">
      <system-out><![CDATA[
COMMAND: POST /session/39d2cc3d4aadadb3bd833599b4f4dfae/element - {"using":"xpath","value":"//button[@data-kt=\"contractDetailEditBtnButton\"]"}
RESULT: {"using":"xpath","value":"//button[@data-kt=\"contractDetailEditBtnButton\"]"}
COMMAND: POST /session/39d2cc3d4aadadb3bd833599b4f4dfae/element/f.B301C1F41FC6B7F2328A32BBCA4D6847.d.ECCB2C7B0CFE076DDAAC48ADE26B7821.e.12086/click - {}
RESULT: {}
COMMAND: GET /session/39d2cc3d4aadadb3bd833599b4f4dfae/screenshot - {}
RESULT: {}
COMMAND: POST /session/39d2cc3d4aadadb3bd833599b4f4dfae/element - {"using":"xpath","value":"(//span[contains(text(), \"Additional Addresses\")])[2]"}
RESULT: {"using":"xpath","value":"(//span[contains(text(), \"Additional Addresses\")])[2]"}
COMMAND: POST /session/39d2cc3d4aadadb3bd833599b4f4dfae/element/f.B301C1F41FC6B7F2328A32BBCA4D6847.d.ECCB2C7B0CFE076DDAAC48ADE26B7821.e.12141/click - {}
RESULT: {}
COMMAND: GET /session/39d2cc3d4aadadb3bd833599b4f4dfae/screenshot - {}
RESULT: {}
COMMAND: POST /session/39d2cc3d4aadadb3bd833599b4f4dfae/element - {"using":"xpath","value":"//button[@data-kt=\"btnAddTableRowOverflowToolbarButton\"]"}
RESULT: {"using":"xpath","value":"//button[@data-kt=\"btnAddTableRowOverflowToolbarButton\"]"}
COMMAND: POST /session/39d2cc3d4aadadb3bd833599b4f4dfae/element/f.B301C1F41FC6B7F2328A32BBCA4D6847.d.ECCB2C7B0CFE076DDAAC48ADE26B7821.e.12145/click - {}
RESULT: {}
COMMAND: GET /session/39d2cc3d4aadadb3bd833599b4f4dfae/screenshot - {}
RESULT: {}
COMMAND: POST /session/39d2cc3d4aadadb3bd833599b4f4dfae/element - {"using":"xpath","value":"//div[(text() = 'Standard Entry' or . = 'Standard Entry')]"}
RESULT: {"using":"xpath","value":"//div[(text() = 'Standard Entry' or . = 'Standard Entry')]"}
COMMAND: POST /session/39d2cc3d4aadadb3bd833599b4f4dfae/element/f.B301C1F41FC6B7F2328A32BBCA4D6847.d.ECCB2C7B0CFE076DDAAC48ADE26B7821.e.12147/click - {}
RESULT: {}
COMMAND: GET /session/39d2cc3d4aadadb3bd833599b4f4dfae/screenshot - {}
RESULT: {}
COMMAND: POST /session/39d2cc3d4aadadb3bd833599b4f4dfae/element - {"using":"xpath","value":"//td[7]/div/div/input"}
RESULT: {"using":"xpath","value":"//td[7]/div/div/input"}
COMMAND: POST /session/39d2cc3d4aadadb3bd833599b4f4dfae/element/f.B301C1F41FC6B7F2328A32BBCA4D6847.d.ECCB2C7B0CFE076DDAAC48ADE26B7821.e.12156/clear - {}
RESULT: {}
COMMAND: POST /session/39d2cc3d4aadadb3bd833599b4f4dfae/element/f.B301C1F41FC6B7F2328A32BBCA4D6847.d.ECCB2C7B0CFE076DDAAC48ADE26B7821.e.12156/value - {"text":"fa1VtXdWRt"}
COMMAND: GET /session/39d2cc3d4aadadb3bd833599b4f4dfae/screenshot - {}
RESULT: {"text":"fa1VtXdWRt"}
COMMAND: GET /session/39d2cc3d4aadadb3bd833599b4f4dfae/screenshot - {}
RESULT: {}
RESULT: {}
COMMAND: POST /session/39d2cc3d4aadadb3bd833599b4f4dfae/actions - {"actions":[{"id":"action45","type":"key","parameters":{},"actions":[{"type":"keyDown","value":"î€‡"},{"type":"pause","duration":10},{"type":"keyUp","value":"î€‡"}]}]}
RESULT: {"actions":[{"id":"action45","type":"key","parameters":{},"actions":[{"type":"keyDown","value":"î€‡"},{"type":"pause","duration":10},{"type":"keyUp","value":"î€‡"}]}]}
COMMAND: GET /session/39d2cc3d4aadadb3bd833599b4f4dfae/screenshot - {}
RESULT: {}
COMMAND: POST /session/39d2cc3d4aadadb3bd833599b4f4dfae/execute/sync - {"script":"<script> [276 bytes]","args":["No pricing information was found"]}
RESULT: {"script":"<script> [276 bytes]","args":["No pricing information was found"]}
COMMAND: POST /session/39d2cc3d4aadadb3bd833599b4f4dfae/element - {"using":"xpath","value":"(//button[@data-kt=\"saveButton\"])[2]"}
COMMAND: GET /session/39d2cc3d4aadadb3bd833599b4f4dfae/screenshot - {}
RESULT: {"using":"xpath","value":"(//button[@data-kt=\"saveButton\"])[2]"}
COMMAND: POST /session/39d2cc3d4aadadb3bd833599b4f4dfae/element/f.B301C1F41FC6B7F2328A32BBCA4D6847.d.ECCB2C7B0CFE076DDAAC48ADE26B7821.e.12171/click - {}
RESULT: {}
RESULT: {}
COMMAND: GET /session/39d2cc3d4aadadb3bd833599b4f4dfae/screenshot - {}
RESULT: {}
COMMAND: POST /session/39d2cc3d4aadadb3bd833599b4f4dfae/execute/sync - {"script":"<script> [276 bytes]","args":["Some contract items are having rental validity exceeding header rental validity"]}
RESULT: {"script":"<script> [276 bytes]","args":["Some contract items are having rental validity exceeding header rental validity"]}
COMMAND: GET /session/39d2cc3d4aadadb3bd833599b4f4dfae/screenshot - {}
RESULT: {}
COMMAND: POST /session/39d2cc3d4aadadb3bd833599b4f4dfae/element - {"using":"xpath","value":"//span[contains(@id ,\"contractItemsSmartTable-header-inner\")]"}
RESULT: {"using":"xpath","value":"//span[contains(@id ,\"contractItemsSmartTable-header-inner\")]"}
COMMAND: POST /session/39d2cc3d4aadadb3bd833599b4f4dfae/elements - {"using":"xpath","value":"//span[contains(@id ,\"contractItemsSmartTable-header-inner\")]"}
RESULT: {"using":"xpath","value":"//span[contains(@id ,\"contractItemsSmartTable-header-inner\")]"}
COMMAND: POST /session/39d2cc3d4aadadb3bd833599b4f4dfae/execute/sync - {"script":"<script> [56 bytes]","args":[{"element-6066-11e4-a52e-4f735466cecf":"f.B301C1F41FC6B7F2328A32BBCA4D6847.d.ECCB2C7B0CFE076DDAAC48ADE26B7821.e.12177","ELEMENT":"f.B301C1F41FC6B7F2328A32BBCA4D6847.d.ECCB2C7B0CFE076DDAAC48ADE26B7821.e.12177"}]}
RESULT: {"script":"<script> [56 bytes]","args":[{"element-6066-11e4-a52e-4f735466cecf":"f.B301C1F41FC6B7F2328A32BBCA4D6847.d.ECCB2C7B0CFE076DDAAC48ADE26B7821.e.12177","ELEMENT":"f.B301C1F41FC6B7F2328A32BBCA4D6847.d.ECCB2C7B0CFE076DDAAC48ADE26B7821.e.12177"}]}
]]></system-out>
    </testcase>
    <testcase classname="chrome.136_0_7103_93.windows.Billing_transfer_US117289" name="Should do a provide to site handover" time="59.557">
      <system-out><![CDATA[
COMMAND: POST /session/39d2cc3d4aadadb3bd833599b4f4dfae/element - {"using":"xpath","value":"//button[@data-kt=\"provideButton\"]"}
COMMAND: GET /session/39d2cc3d4aadadb3bd833599b4f4dfae/screenshot - {}
RESULT: {"using":"xpath","value":"//button[@data-kt=\"provideButton\"]"}
COMMAND: POST /session/39d2cc3d4aadadb3bd833599b4f4dfae/element/f.B301C1F41FC6B7F2328A32BBCA4D6847.d.ECCB2C7B0CFE076DDAAC48ADE26B7821.e.12178/click - {}
RESULT: {}
RESULT: {}
COMMAND: GET /session/39d2cc3d4aadadb3bd833599b4f4dfae/screenshot - {}
RESULT: {}
RESULT: undefined
COMMAND: POST /session/39d2cc3d4aadadb3bd833599b4f4dfae/execute/async - {"script":"<script> [6424 bytes]","args":[{"element-6066-11e4-a52e-4f735466cecf":"f.B301C1F41FC6B7F2328A32BBCA4D6847.d.ECCB2C7B0CFE076DDAAC48ADE26B7821.e.11181"},"setValue",["5/15/25"]]}
COMMAND: POST /session/39d2cc3d4aadadb3bd833599b4f4dfae/execute/async - {"script":"<script> [1562 bytes]","args":[{"selector":{"id":"application-managehandovers-display-component---AddNewHO--dueDate","interaction":{"idSuffix":"inner"}},"wdio_ui5_key":"applicationmanagehandovers-display-component---AddNewHO--dueDate"}]}
RESULT: {"script":"<script> [1562 bytes]","args":[{"selector":{"id":"application-managehandovers-display-component---AddNewHO--dueDate","interaction":{"idSuffix":"inner"}},"wdio_ui5_key":"applicationmanagehandovers-display-component---AddNewHO--dueDate"}]}
COMMAND: POST /session/39d2cc3d4aadadb3bd833599b4f4dfae/execute/async - {"script":"<script> [6424 bytes]","args":[{"element-6066-11e4-a52e-4f735466cecf":"f.B301C1F41FC6B7F2328A32BBCA4D6847.d.ECCB2C7B0CFE076DDAAC48ADE26B7821.e.12235"},"setValue",["5/15/25"]]}
RESULT: {"script":"<script> [6424 bytes]","args":[{"element-6066-11e4-a52e-4f735466cecf":"f.B301C1F41FC6B7F2328A32BBCA4D6847.d.ECCB2C7B0CFE076DDAAC48ADE26B7821.e.12235"},"setValue",["5/15/25"]]}
COMMAND: POST /session/39d2cc3d4aadadb3bd833599b4f4dfae/element - {"using":"xpath","value":"//bdi[contains(text(), \"Instructions\")]"}
RESULT: {"using":"xpath","value":"//bdi[contains(text(), \"Instructions\")]"}
COMMAND: POST /session/39d2cc3d4aadadb3bd833599b4f4dfae/element/f.B301C1F41FC6B7F2328A32BBCA4D6847.d.ECCB2C7B0CFE076DDAAC48ADE26B7821.e.12494/click - {}
RESULT: {}
COMMAND: GET /session/39d2cc3d4aadadb3bd833599b4f4dfae/screenshot - {}
RESULT: {}
COMMAND: POST /session/39d2cc3d4aadadb3bd833599b4f4dfae/element - {"using":"xpath","value":"//button[@data-kt=\"AddNewHOProvideAddItemsButton\"]"}
RESULT: {"using":"xpath","value":"//button[@data-kt=\"AddNewHOProvideAddItemsButton\"]"}
COMMAND: POST /session/39d2cc3d4aadadb3bd833599b4f4dfae/element/f.B301C1F41FC6B7F2328A32BBCA4D6847.d.ECCB2C7B0CFE076DDAAC48ADE26B7821.e.12498/click - {}
RESULT: {}
COMMAND: GET /session/39d2cc3d4aadadb3bd833599b4f4dfae/screenshot - {}
RESULT: {}
RESULT: undefined
COMMAND: POST /session/39d2cc3d4aadadb3bd833599b4f4dfae/element - {"using":"xpath","value":"//*[@id=\"application-managehandovers-display-component---AddNewHO--popup-sa\"]"}
RESULT: {"using":"xpath","value":"//*[@id=\"application-managehandovers-display-component---AddNewHO--popup-sa\"]"}
COMMAND: POST /session/39d2cc3d4aadadb3bd833599b4f4dfae/element/f.B301C1F41FC6B7F2328A32BBCA4D6847.d.ECCB2C7B0CFE076DDAAC48ADE26B7821.e.12507/click - {}
RESULT: {}
COMMAND: GET /session/39d2cc3d4aadadb3bd833599b4f4dfae/screenshot - {}
RESULT: {}
COMMAND: POST /session/39d2cc3d4aadadb3bd833599b4f4dfae/element - {"using":"xpath","value":"//*[contains(@id ,\"BDI-content\")][contains(text(), \"Select\")]"}
RESULT: {"using":"xpath","value":"//*[contains(@id ,\"BDI-content\")][contains(text(), \"Select\")]"}
COMMAND: POST /session/39d2cc3d4aadadb3bd833599b4f4dfae/element/f.B301C1F41FC6B7F2328A32BBCA4D6847.d.ECCB2C7B0CFE076DDAAC48ADE26B7821.e.12509/click - {}
RESULT: {}
COMMAND: GET /session/39d2cc3d4aadadb3bd833599b4f4dfae/screenshot - {}
RESULT: {}
COMMAND: POST /session/39d2cc3d4aadadb3bd833599b4f4dfae/execute/async - {"script":"<script> [1562 bytes]","args":[{"selector":{"id":"application-managehandovers-display-component---AddNewHO--confirmCreationButton","interaction":{"idSuffix":"BDI-content"}},"wdio_ui5_key":"applicationmanagehandovers-display-component---AddNewHO--confirmCreationButton"}]}
RESULT: {"script":"<script> [1562 bytes]","args":[{"selector":{"id":"application-managehandovers-display-component---AddNewHO--confirmCreationButton","interaction":{"idSuffix":"BDI-content"}},"wdio_ui5_key":"applicationmanagehandovers-display-component---AddNewHO--confirmCreationButton"}]}
RESULT: undefined
COMMAND: POST /session/39d2cc3d4aadadb3bd833599b4f4dfae/element - {"using":"xpath","value":"//*[@id=\"application-managehandovers-display-component---AddNewHO--confirmCreationButton\"]"}
RESULT: {"using":"xpath","value":"//*[@id=\"application-managehandovers-display-component---AddNewHO--confirmCreationButton\"]"}
COMMAND: POST /session/39d2cc3d4aadadb3bd833599b4f4dfae/element/f.B301C1F41FC6B7F2328A32BBCA4D6847.d.ECCB2C7B0CFE076DDAAC48ADE26B7821.e.12300/click - {}
RESULT: {}
COMMAND: GET /session/39d2cc3d4aadadb3bd833599b4f4dfae/screenshot - {}
RESULT: {}
COMMAND: POST /session/39d2cc3d4aadadb3bd833599b4f4dfae/execute/async - {"script":"<script> [1562 bytes]","args":[{"selector":{"id":"issueDatePicker","viewName":"etm.portal.ui.managehandovers.view.DetailExecuteHO","interaction":{"idSuffix":"inner"}},"wdio_ui5_key":"issueDatePickeretmportal.ui.managehandovers.view.DetailExecuteHO"}]}
RESULT: {"script":"<script> [1562 bytes]","args":[{"selector":{"id":"issueDatePicker","viewName":"etm.portal.ui.managehandovers.view.DetailExecuteHO","interaction":{"idSuffix":"inner"}},"wdio_ui5_key":"issueDatePickeretmportal.ui.managehandovers.view.DetailExecuteHO"}]}
RESULT: undefined
COMMAND: POST /session/39d2cc3d4aadadb3bd833599b4f4dfae/execute/async - {"script":"<script> [776 bytes]","args":[{"enterText":"5/15/25","selector":{"id":"issueDatePicker","viewName":"etm.portal.ui.managehandovers.view.DetailExecuteHO","interaction":{"idSuffix":"inner"}},"clearTextFirst":true,"interactionType":"ENTER_TEXT"}]}
RESULT: {"script":"<script> [776 bytes]","args":[{"enterText":"5/15/25","selector":{"id":"issueDatePicker","viewName":"etm.portal.ui.managehandovers.view.DetailExecuteHO","interaction":{"idSuffix":"inner"}},"clearTextFirst":true,"interactionType":"ENTER_TEXT"}]}
COMMAND: POST /session/39d2cc3d4aadadb3bd833599b4f4dfae/element - {"using":"xpath","value":"//bdi[contains(text(), \"OK\")]"}
RESULT: {"using":"xpath","value":"//bdi[contains(text(), \"OK\")]"}
COMMAND: POST /session/39d2cc3d4aadadb3bd833599b4f4dfae/element/f.B301C1F41FC6B7F2328A32BBCA4D6847.d.ECCB2C7B0CFE076DDAAC48ADE26B7821.e.12556/click - {}
RESULT: {}
COMMAND: GET /session/39d2cc3d4aadadb3bd833599b4f4dfae/screenshot - {}
RESULT: {}
COMMAND: POST /session/39d2cc3d4aadadb3bd833599b4f4dfae/element - {"using":"xpath","value":"//button[@data-kt=\"PickingTableConfirmAllButton\"]"}
RESULT: {"using":"xpath","value":"//button[@data-kt=\"PickingTableConfirmAllButton\"]"}
COMMAND: POST /session/39d2cc3d4aadadb3bd833599b4f4dfae/element/f.B301C1F41FC6B7F2328A32BBCA4D6847.d.ECCB2C7B0CFE076DDAAC48ADE26B7821.e.12562/click - {}
RESULT: {}
COMMAND: GET /session/39d2cc3d4aadadb3bd833599b4f4dfae/screenshot - {}
RESULT: {}
COMMAND: POST /session/39d2cc3d4aadadb3bd833599b4f4dfae/element - {"using":"xpath","value":"//bdi[contains(text(), \"OK\")]"}
RESULT: {"using":"xpath","value":"//bdi[contains(text(), \"OK\")]"}
COMMAND: POST /session/39d2cc3d4aadadb3bd833599b4f4dfae/element/f.B301C1F41FC6B7F2328A32BBCA4D6847.d.ECCB2C7B0CFE076DDAAC48ADE26B7821.e.12566/click - {}
RESULT: {}
COMMAND: GET /session/39d2cc3d4aadadb3bd833599b4f4dfae/screenshot - {}
RESULT: {}
COMMAND: POST /session/39d2cc3d4aadadb3bd833599b4f4dfae/element - {"using":"xpath","value":"//bdi[contains(text(), \"Issue\")]"}
RESULT: {"using":"xpath","value":"//bdi[contains(text(), \"Issue\")]"}
COMMAND: POST /session/39d2cc3d4aadadb3bd833599b4f4dfae/element/f.B301C1F41FC6B7F2328A32BBCA4D6847.d.ECCB2C7B0CFE076DDAAC48ADE26B7821.e.12567/click - {}
RESULT: {}
COMMAND: GET /session/39d2cc3d4aadadb3bd833599b4f4dfae/screenshot - {}
RESULT: {}
COMMAND: POST /session/39d2cc3d4aadadb3bd833599b4f4dfae/element - {"using":"css selector","value":"#shell-header-logo"}
RESULT: {"using":"css selector","value":"#shell-header-logo"}
COMMAND: POST /session/39d2cc3d4aadadb3bd833599b4f4dfae/element/f.B301C1F41FC6B7F2328A32BBCA4D6847.d.ECCB2C7B0CFE076DDAAC48ADE26B7821.e.11577/click - {}
RESULT: {}
COMMAND: GET /session/39d2cc3d4aadadb3bd833599b4f4dfae/screenshot - {}
RESULT: {}
]]></system-out>
    </testcase>
    <testcase classname="chrome.136_0_7103_93.windows.Billing_transfer_US117289" name="Should navigate to Manage Billings and trigger contract calculation business confirm it" time="62.569">
      <system-out><![CDATA[
COMMAND: POST /session/39d2cc3d4aadadb3bd833599b4f4dfae/execute/async - {"script":"<script> [1562 bytes]","args":[{"selector":{"controlType":"sap.m.GenericTile","properties":{"header":"Manage Billings"}},"wdio_ui5_key":"sapm.GenericTile{\"header\":\"Manage Billings\"}"}]}
RESULT: {"script":"<script> [1562 bytes]","args":[{"selector":{"controlType":"sap.m.GenericTile","properties":{"header":"Manage Billings"}},"wdio_ui5_key":"sapm.GenericTile{\"header\":\"Manage Billings\"}"}]}
RESULT: undefined
COMMAND: POST /session/39d2cc3d4aadadb3bd833599b4f4dfae/element - {"using":"xpath","value":"//*[@id=\"__tile51\"]"}
RESULT: {"using":"xpath","value":"//*[@id=\"__tile51\"]"}
COMMAND: POST /session/39d2cc3d4aadadb3bd833599b4f4dfae/element/f.B301C1F41FC6B7F2328A32BBCA4D6847.d.ECCB2C7B0CFE076DDAAC48ADE26B7821.e.9544/click - {}
RESULT: {}
COMMAND: GET /session/39d2cc3d4aadadb3bd833599b4f4dfae/screenshot - {}
RESULT: {}
COMMAND: POST /session/39d2cc3d4aadadb3bd833599b4f4dfae/elements - {"using":"xpath","value":"//span[text()='Error']"}
RESULT: {"using":"xpath","value":"//span[text()='Error']"}
COMMAND: POST /session/39d2cc3d4aadadb3bd833599b4f4dfae/execute/async - {"script":"<script> [1562 bytes]","args":[{"selector":{"id":"application-managebillings-display-component---billRunCalcResult--smartFilterBar-btnBasicSearch","interaction":{"idSuffix":"I"}},"wdio_ui5_key":"applicationmanagebillings-display-component---billRunCalcResult--smartFilterBar-btnBasicSearch"}]}
RESULT: {"script":"<script> [1562 bytes]","args":[{"selector":{"id":"application-managebillings-display-component---billRunCalcResult--smartFilterBar-btnBasicSearch","interaction":{"idSuffix":"I"}},"wdio_ui5_key":"applicationmanagebillings-display-component---billRunCalcResult--smartFilterBar-btnBasicSearch"}]}
RESULT: undefined
COMMAND: POST /session/39d2cc3d4aadadb3bd833599b4f4dfae/execute/async - {"script":"<script> [776 bytes]","args":[{"enterText":"10272","selector":{"id":"application-managebillings-display-component---billRunCalcResult--smartFilterBar-btnBasicSearch","interaction":{"idSuffix":"I"}},"clearTextFirst":true,"interactionType":"ENTER_TEXT"}]}
RESULT: {"script":"<script> [776 bytes]","args":[{"enterText":"10272","selector":{"id":"application-managebillings-display-component---billRunCalcResult--smartFilterBar-btnBasicSearch","interaction":{"idSuffix":"I"}},"clearTextFirst":true,"interactionType":"ENTER_TEXT"}]}
COMMAND: POST /session/39d2cc3d4aadadb3bd833599b4f4dfae/actions - {"actions":[{"id":"action46","type":"key","parameters":{},"actions":[{"type":"keyDown","value":"î€‡"},{"type":"pause","duration":10},{"type":"keyUp","value":"î€‡"}]}]}
RESULT: {"actions":[{"id":"action46","type":"key","parameters":{},"actions":[{"type":"keyDown","value":"î€‡"},{"type":"pause","duration":10},{"type":"keyUp","value":"î€‡"}]}]}
COMMAND: GET /session/39d2cc3d4aadadb3bd833599b4f4dfae/screenshot - {}
RESULT: {}
COMMAND: POST /session/39d2cc3d4aadadb3bd833599b4f4dfae/element - {"using":"xpath","value":"//td[@aria-colindex=\"1\"]/div/div[contains(@class, \"sapMCbBg\")]"}
RESULT: {"using":"xpath","value":"//td[@aria-colindex=\"1\"]/div/div[contains(@class, \"sapMCbBg\")]"}
COMMAND: POST /session/39d2cc3d4aadadb3bd833599b4f4dfae/element/f.B301C1F41FC6B7F2328A32BBCA4D6847.d.ECCB2C7B0CFE076DDAAC48ADE26B7821.e.12990/click - {}
RESULT: {}
COMMAND: GET /session/39d2cc3d4aadadb3bd833599b4f4dfae/screenshot - {}
RESULT: {}
COMMAND: POST /session/39d2cc3d4aadadb3bd833599b4f4dfae/execute/async - {"script":"<script> [1562 bytes]","args":[{"selector":{"id":"application-managebillings-display-component---billRunCalcResult--contractBillRunDate","interaction":{"idSuffix":"inner"}},"wdio_ui5_key":"applicationmanagebillings-display-component---billRunCalcResult--contractBillRunDate"}]}
RESULT: {"script":"<script> [1562 bytes]","args":[{"selector":{"id":"application-managebillings-display-component---billRunCalcResult--contractBillRunDate","interaction":{"idSuffix":"inner"}},"wdio_ui5_key":"applicationmanagebillings-display-component---billRunCalcResult--contractBillRunDate"}]}
RESULT: undefined
COMMAND: POST /session/39d2cc3d4aadadb3bd833599b4f4dfae/execute/async - {"script":"<script> [776 bytes]","args":[{"enterText":"6/15/25","selector":{"id":"application-managebillings-display-component---billRunCalcResult--contractBillRunDate","interaction":{"idSuffix":"inner"}},"clearTextFirst":true,"interactionType":"ENTER_TEXT"}]}
RESULT: {"script":"<script> [776 bytes]","args":[{"enterText":"6/15/25","selector":{"id":"application-managebillings-display-component---billRunCalcResult--contractBillRunDate","interaction":{"idSuffix":"inner"}},"clearTextFirst":true,"interactionType":"ENTER_TEXT"}]}
COMMAND: POST /session/39d2cc3d4aadadb3bd833599b4f4dfae/element - {"using":"xpath","value":"//bdi[contains(text(), \"Trigger Calculation\")]"}
RESULT: {"using":"xpath","value":"//bdi[contains(text(), \"Trigger Calculation\")]"}
COMMAND: POST /session/39d2cc3d4aadadb3bd833599b4f4dfae/element/f.B301C1F41FC6B7F2328A32BBCA4D6847.d.ECCB2C7B0CFE076DDAAC48ADE26B7821.e.13012/click - {}
RESULT: {}
COMMAND: GET /session/39d2cc3d4aadadb3bd833599b4f4dfae/screenshot - {}
RESULT: {}
COMMAND: POST /session/39d2cc3d4aadadb3bd833599b4f4dfae/element - {"using":"xpath","value":"(//span[contains(@id, \"imgNav\")])[1]"}
RESULT: {"using":"xpath","value":"(//span[contains(@id, \"imgNav\")])[1]"}
COMMAND: POST /session/39d2cc3d4aadadb3bd833599b4f4dfae/element/f.B301C1F41FC6B7F2328A32BBCA4D6847.d.ECCB2C7B0CFE076DDAAC48ADE26B7821.e.13004/click - {}
RESULT: {}
COMMAND: GET /session/39d2cc3d4aadadb3bd833599b4f4dfae/screenshot - {}
RESULT: {}
COMMAND: POST /session/39d2cc3d4aadadb3bd833599b4f4dfae/execute/async - {"script":"<script> [1562 bytes]","args":[{"selector":{"controlType":"sap.ui.core.Icon","viewName":"etm.portal.ui.managebillings.view.Master","viewId":"application-managebillings-display-component---billRunCalcResult","properties":{"src":{"regex":{"source":"slim\\-arrow\\-right"}}}},"wdio_ui5_key":"etmportal.ui.managebillings.view.Mastersap.ui.core.Icon{\"src\":{\"regex\":{\"source\":\"slim\\\\-arrow\\\\-right\"}}}"}]}
RESULT: {"script":"<script> [1562 bytes]","args":[{"selector":{"controlType":"sap.ui.core.Icon","viewName":"etm.portal.ui.managebillings.view.Master","viewId":"application-managebillings-display-component---billRunCalcResult","properties":{"src":{"regex":{"source":"slim\\-arrow\\-right"}}}},"wdio_ui5_key":"etmportal.ui.managebillings.view.Mastersap.ui.core.Icon{\"src\":{\"regex\":{\"source\":\"slim\\\\-arrow\\\\-right\"}}}"}]}
RESULT: undefined
COMMAND: POST /session/39d2cc3d4aadadb3bd833599b4f4dfae/element - {"using":"xpath","value":"//*[@id=\"__item2044-application-managebillings-display-component---billRunCalcResult--billingRunsTable-0-imgNav\"]"}
RESULT: {"using":"xpath","value":"//*[@id=\"__item2044-application-managebillings-display-component---billRunCalcResult--billingRunsTable-0-imgNav\"]"}
COMMAND: POST /session/39d2cc3d4aadadb3bd833599b4f4dfae/element/f.B301C1F41FC6B7F2328A32BBCA4D6847.d.ECCB2C7B0CFE076DDAAC48ADE26B7821.e.13017/click - {}
RESULT: {}
COMMAND: POST /session/39d2cc3d4aadadb3bd833599b4f4dfae/execute/async - {"script":"<script> [1562 bytes]","args":[{"selector":{"id":"application-managebillings-display-component---billRunCalcResult--btnConf","interaction":{"idSuffix":"BDI-content"}},"wdio_ui5_key":"applicationmanagebillings-display-component---billRunCalcResult--btnConf"}]}
COMMAND: GET /session/39d2cc3d4aadadb3bd833599b4f4dfae/screenshot - {}
RESULT: {"script":"<script> [1562 bytes]","args":[{"selector":{"id":"application-managebillings-display-component---billRunCalcResult--btnConf","interaction":{"idSuffix":"BDI-content"}},"wdio_ui5_key":"applicationmanagebillings-display-component---billRunCalcResult--btnConf"}]}
RESULT: undefined
COMMAND: POST /session/39d2cc3d4aadadb3bd833599b4f4dfae/element - {"using":"xpath","value":"//*[@id=\"application-managebillings-display-component---billRunCalcResult--btnConf\"]"}
RESULT: {}
RESULT: {"using":"xpath","value":"//*[@id=\"application-managebillings-display-component---billRunCalcResult--btnConf\"]"}
COMMAND: POST /session/39d2cc3d4aadadb3bd833599b4f4dfae/element/f.B301C1F41FC6B7F2328A32BBCA4D6847.d.ECCB2C7B0CFE076DDAAC48ADE26B7821.e.13046/click - {}
RESULT: {}
COMMAND: POST /session/39d2cc3d4aadadb3bd833599b4f4dfae/element - {"using":"css selector","value":"#shell-header-logo"}
COMMAND: GET /session/39d2cc3d4aadadb3bd833599b4f4dfae/screenshot - {}
RESULT: {"using":"css selector","value":"#shell-header-logo"}
COMMAND: POST /session/39d2cc3d4aadadb3bd833599b4f4dfae/element/f.B301C1F41FC6B7F2328A32BBCA4D6847.d.ECCB2C7B0CFE076DDAAC48ADE26B7821.e.12750/click - {}
RESULT: {}
RESULT: {}
COMMAND: GET /session/39d2cc3d4aadadb3bd833599b4f4dfae/screenshot - {}
RESULT: {}
]]></system-out>
    </testcase>
    <testcase classname="chrome.136_0_7103_93.windows.Billing_transfer_US117289" name="Should trigger Billing Transfer process all the way to completion" time="79.49">
      <system-out><![CDATA[
COMMAND: POST /session/39d2cc3d4aadadb3bd833599b4f4dfae/execute/async - {"script":"<script> [1562 bytes]","args":[{"selector":{"controlType":"sap.m.GenericTile","properties":{"header":"Billing Transfer"}},"wdio_ui5_key":"sapm.GenericTile{\"header\":\"Billing Transfer\"}"}]}
RESULT: {"script":"<script> [1562 bytes]","args":[{"selector":{"controlType":"sap.m.GenericTile","properties":{"header":"Billing Transfer"}},"wdio_ui5_key":"sapm.GenericTile{\"header\":\"Billing Transfer\"}"}]}
RESULT: undefined
COMMAND: POST /session/39d2cc3d4aadadb3bd833599b4f4dfae/element - {"using":"xpath","value":"//*[@id=\"__tile50\"]"}
RESULT: {"using":"xpath","value":"//*[@id=\"__tile50\"]"}
COMMAND: POST /session/39d2cc3d4aadadb3bd833599b4f4dfae/element/f.B301C1F41FC6B7F2328A32BBCA4D6847.d.ECCB2C7B0CFE076DDAAC48ADE26B7821.e.9542/click - {}
RESULT: {}
COMMAND: GET /session/39d2cc3d4aadadb3bd833599b4f4dfae/screenshot - {}
RESULT: {}
COMMAND: POST /session/39d2cc3d4aadadb3bd833599b4f4dfae/elements - {"using":"xpath","value":"//span[text()='Error']"}
RESULT: {"using":"xpath","value":"//span[text()='Error']"}
COMMAND: POST /session/39d2cc3d4aadadb3bd833599b4f4dfae/element - {"using":"xpath","value":"//input[contains(@id ,\"application-billingtransfer-display-component---billingWorkbench--smartFilterBar-btnBasicSearch\")]"}
RESULT: {"using":"xpath","value":"//input[contains(@id ,\"application-billingtransfer-display-component---billingWorkbench--smartFilterBar-btnBasicSearch\")]"}
COMMAND: POST /session/39d2cc3d4aadadb3bd833599b4f4dfae/elements - {"using":"xpath","value":"//input[contains(@id ,\"application-billingtransfer-display-component---billingWorkbench--smartFilterBar-btnBasicSearch\")]"}
RESULT: {"using":"xpath","value":"//input[contains(@id ,\"application-billingtransfer-display-component---billingWorkbench--smartFilterBar-btnBasicSearch\")]"}
COMMAND: POST /session/39d2cc3d4aadadb3bd833599b4f4dfae/execute/sync - {"script":"<script> [8489 bytes]","args":[{"element-6066-11e4-a52e-4f735466cecf":"f.B301C1F41FC6B7F2328A32BBCA4D6847.d.ECCB2C7B0CFE076DDAAC48ADE26B7821.e.13089","ELEMENT":"f.B301C1F41FC6B7F2328A32BBCA4D6847.d.ECCB2C7B0CFE076DDAAC48ADE26B7821.e.13089"}]}
RESULT: {"script":"<script> [8489 bytes]","args":[{"element-6066-11e4-a52e-4f735466cecf":"f.B301C1F41FC6B7F2328A32BBCA4D6847.d.ECCB2C7B0CFE076DDAAC48ADE26B7821.e.13089","ELEMENT":"f.B301C1F41FC6B7F2328A32BBCA4D6847.d.ECCB2C7B0CFE076DDAAC48ADE26B7821.e.13089"}]}
COMMAND: GET /session/39d2cc3d4aadadb3bd833599b4f4dfae/element/f.B301C1F41FC6B7F2328A32BBCA4D6847.d.ECCB2C7B0CFE076DDAAC48ADE26B7821.e.13089/enabled - {}
COMMAND: GET /session/39d2cc3d4aadadb3bd833599b4f4dfae/screenshot - {}
RESULT: {}
COMMAND: POST /session/39d2cc3d4aadadb3bd833599b4f4dfae/element/f.B301C1F41FC6B7F2328A32BBCA4D6847.d.ECCB2C7B0CFE076DDAAC48ADE26B7821.e.13089/click - {}
COMMAND: GET /session/39d2cc3d4aadadb3bd833599b4f4dfae/screenshot - {}
RESULT: {}
RESULT: {}
COMMAND: GET /session/39d2cc3d4aadadb3bd833599b4f4dfae/screenshot - {}
RESULT: {}
RESULT: {}
COMMAND: POST /session/39d2cc3d4aadadb3bd833599b4f4dfae/element/f.B301C1F41FC6B7F2328A32BBCA4D6847.d.ECCB2C7B0CFE076DDAAC48ADE26B7821.e.13089/clear - {}
RESULT: {}
COMMAND: POST /session/39d2cc3d4aadadb3bd833599b4f4dfae/element/f.B301C1F41FC6B7F2328A32BBCA4D6847.d.ECCB2C7B0CFE076DDAAC48ADE26B7821.e.13089/value - {"text":"10272"}
COMMAND: GET /session/39d2cc3d4aadadb3bd833599b4f4dfae/screenshot - {}
RESULT: {"text":"10272"}
COMMAND: POST /session/39d2cc3d4aadadb3bd833599b4f4dfae/actions - {"actions":[{"id":"action47","type":"key","parameters":{},"actions":[{"type":"keyDown","value":"î€‡"},{"type":"pause","duration":10},{"type":"keyUp","value":"î€‡"}]}]}
COMMAND: GET /session/39d2cc3d4aadadb3bd833599b4f4dfae/screenshot - {}
RESULT: {}
RESULT: {"actions":[{"id":"action47","type":"key","parameters":{},"actions":[{"type":"keyDown","value":"î€‡"},{"type":"pause","duration":10},{"type":"keyUp","value":"î€‡"}]}]}
COMMAND: GET /session/39d2cc3d4aadadb3bd833599b4f4dfae/screenshot - {}
RESULT: {}
RESULT: {}
COMMAND: POST /session/39d2cc3d4aadadb3bd833599b4f4dfae/element - {"using":"xpath","value":"//span[contains(@id ,\"application-billingtransfer-display-component---billingWorkbench--smartTableBillingRuns-header-inner\")]"}
RESULT: {"using":"xpath","value":"//span[contains(@id ,\"application-billingtransfer-display-component---billingWorkbench--smartTableBillingRuns-header-inner\")]"}
COMMAND: POST /session/39d2cc3d4aadadb3bd833599b4f4dfae/elements - {"using":"xpath","value":"//span[contains(@id ,\"application-billingtransfer-display-component---billingWorkbench--smartTableBillingRuns-header-inner\")]"}
RESULT: {"using":"xpath","value":"//span[contains(@id ,\"application-billingtransfer-display-component---billingWorkbench--smartTableBillingRuns-header-inner\")]"}
COMMAND: POST /session/39d2cc3d4aadadb3bd833599b4f4dfae/execute/sync - {"script":"<script> [56 bytes]","args":[{"element-6066-11e4-a52e-4f735466cecf":"f.B301C1F41FC6B7F2328A32BBCA4D6847.d.ECCB2C7B0CFE076DDAAC48ADE26B7821.e.13287","ELEMENT":"f.B301C1F41FC6B7F2328A32BBCA4D6847.d.ECCB2C7B0CFE076DDAAC48ADE26B7821.e.13287"}]}
RESULT: {"script":"<script> [56 bytes]","args":[{"element-6066-11e4-a52e-4f735466cecf":"f.B301C1F41FC6B7F2328A32BBCA4D6847.d.ECCB2C7B0CFE076DDAAC48ADE26B7821.e.13287","ELEMENT":"f.B301C1F41FC6B7F2328A32BBCA4D6847.d.ECCB2C7B0CFE076DDAAC48ADE26B7821.e.13287"}]}
COMMAND: POST /session/39d2cc3d4aadadb3bd833599b4f4dfae/element - {"using":"xpath","value":"//td[@aria-colindex=\"1\"]/div/div[contains(@class, \"sapMCbBg\")]"}
COMMAND: GET /session/39d2cc3d4aadadb3bd833599b4f4dfae/screenshot - {}
RESULT: {"using":"xpath","value":"//td[@aria-colindex=\"1\"]/div/div[contains(@class, \"sapMCbBg\")]"}
COMMAND: POST /session/39d2cc3d4aadadb3bd833599b4f4dfae/element/f.B301C1F41FC6B7F2328A32BBCA4D6847.d.ECCB2C7B0CFE076DDAAC48ADE26B7821.e.13278/click - {}
RESULT: {}
RESULT: {}
COMMAND: GET /session/39d2cc3d4aadadb3bd833599b4f4dfae/screenshot - {}
RESULT: {}
COMMAND: POST /session/39d2cc3d4aadadb3bd833599b4f4dfae/element - {"using":"xpath","value":"//bdi[contains(text(), \"Check\")]"}
RESULT: {"using":"xpath","value":"//bdi[contains(text(), \"Check\")]"}
COMMAND: POST /session/39d2cc3d4aadadb3bd833599b4f4dfae/element/f.B301C1F41FC6B7F2328A32BBCA4D6847.d.ECCB2C7B0CFE076DDAAC48ADE26B7821.e.13288/click - {}
RESULT: {}
COMMAND: GET /session/39d2cc3d4aadadb3bd833599b4f4dfae/screenshot - {}
RESULT: {}
COMMAND: POST /session/39d2cc3d4aadadb3bd833599b4f4dfae/element - {"using":"xpath","value":"//bdi[contains(text(), \"OK\")]"}
RESULT: {"using":"xpath","value":"//bdi[contains(text(), \"OK\")]"}
COMMAND: POST /session/39d2cc3d4aadadb3bd833599b4f4dfae/element/f.B301C1F41FC6B7F2328A32BBCA4D6847.d.ECCB2C7B0CFE076DDAAC48ADE26B7821.e.13291/click - {}
RESULT: {}
COMMAND: GET /session/39d2cc3d4aadadb3bd833599b4f4dfae/screenshot - {}
RESULT: {}
COMMAND: POST /session/39d2cc3d4aadadb3bd833599b4f4dfae/element - {"using":"xpath","value":"(//span[contains(text(), \"CO/SD checked\")]/parent::div/preceding-sibling::div/span)[1]"}
RESULT: {"using":"xpath","value":"(//span[contains(text(), \"CO/SD checked\")]/parent::div/preceding-sibling::div/span)[1]"}
COMMAND: POST /session/39d2cc3d4aadadb3bd833599b4f4dfae/element/f.B301C1F41FC6B7F2328A32BBCA4D6847.d.ECCB2C7B0CFE076DDAAC48ADE26B7821.e.13292/click - {}
RESULT: {}
COMMAND: GET /session/39d2cc3d4aadadb3bd833599b4f4dfae/screenshot - {}
RESULT: {}
COMMAND: POST /session/39d2cc3d4aadadb3bd833599b4f4dfae/element - {"using":"xpath","value":"//input[contains(@id ,\"application-billingtransfer-display-component---billingWorkbench--smartFilterBar-btnBasicSearch\")]"}
RESULT: {"using":"xpath","value":"//input[contains(@id ,\"application-billingtransfer-display-component---billingWorkbench--smartFilterBar-btnBasicSearch\")]"}
COMMAND: POST /session/39d2cc3d4aadadb3bd833599b4f4dfae/elements - {"using":"xpath","value":"//input[contains(@id ,\"application-billingtransfer-display-component---billingWorkbench--smartFilterBar-btnBasicSearch\")]"}
RESULT: {"using":"xpath","value":"//input[contains(@id ,\"application-billingtransfer-display-component---billingWorkbench--smartFilterBar-btnBasicSearch\")]"}
COMMAND: POST /session/39d2cc3d4aadadb3bd833599b4f4dfae/execute/sync - {"script":"<script> [8489 bytes]","args":[{"element-6066-11e4-a52e-4f735466cecf":"f.B301C1F41FC6B7F2328A32BBCA4D6847.d.ECCB2C7B0CFE076DDAAC48ADE26B7821.e.13089","ELEMENT":"f.B301C1F41FC6B7F2328A32BBCA4D6847.d.ECCB2C7B0CFE076DDAAC48ADE26B7821.e.13089"}]}
RESULT: {"script":"<script> [8489 bytes]","args":[{"element-6066-11e4-a52e-4f735466cecf":"f.B301C1F41FC6B7F2328A32BBCA4D6847.d.ECCB2C7B0CFE076DDAAC48ADE26B7821.e.13089","ELEMENT":"f.B301C1F41FC6B7F2328A32BBCA4D6847.d.ECCB2C7B0CFE076DDAAC48ADE26B7821.e.13089"}]}
COMMAND: GET /session/39d2cc3d4aadadb3bd833599b4f4dfae/element/f.B301C1F41FC6B7F2328A32BBCA4D6847.d.ECCB2C7B0CFE076DDAAC48ADE26B7821.e.13089/enabled - {}
COMMAND: GET /session/39d2cc3d4aadadb3bd833599b4f4dfae/screenshot - {}
RESULT: {}
COMMAND: POST /session/39d2cc3d4aadadb3bd833599b4f4dfae/element/f.B301C1F41FC6B7F2328A32BBCA4D6847.d.ECCB2C7B0CFE076DDAAC48ADE26B7821.e.13089/click - {}
COMMAND: GET /session/39d2cc3d4aadadb3bd833599b4f4dfae/screenshot - {}
RESULT: {}
RESULT: {}
COMMAND: GET /session/39d2cc3d4aadadb3bd833599b4f4dfae/screenshot - {}
RESULT: {}
RESULT: {}
COMMAND: POST /session/39d2cc3d4aadadb3bd833599b4f4dfae/element/f.B301C1F41FC6B7F2328A32BBCA4D6847.d.ECCB2C7B0CFE076DDAAC48ADE26B7821.e.13089/clear - {}
RESULT: {}
COMMAND: POST /session/39d2cc3d4aadadb3bd833599b4f4dfae/element/f.B301C1F41FC6B7F2328A32BBCA4D6847.d.ECCB2C7B0CFE076DDAAC48ADE26B7821.e.13089/value - {"text":"10272"}
COMMAND: GET /session/39d2cc3d4aadadb3bd833599b4f4dfae/screenshot - {}
RESULT: {"text":"10272"}
COMMAND: POST /session/39d2cc3d4aadadb3bd833599b4f4dfae/actions - {"actions":[{"id":"action48","type":"key","parameters":{},"actions":[{"type":"keyDown","value":"î€‡"},{"type":"pause","duration":10},{"type":"keyUp","value":"î€‡"}]}]}
COMMAND: GET /session/39d2cc3d4aadadb3bd833599b4f4dfae/screenshot - {}
RESULT: {}
RESULT: {"actions":[{"id":"action48","type":"key","parameters":{},"actions":[{"type":"keyDown","value":"î€‡"},{"type":"pause","duration":10},{"type":"keyUp","value":"î€‡"}]}]}
COMMAND: GET /session/39d2cc3d4aadadb3bd833599b4f4dfae/screenshot - {}
RESULT: {}
RESULT: {}
COMMAND: POST /session/39d2cc3d4aadadb3bd833599b4f4dfae/element - {"using":"xpath","value":"//span[contains(@id ,\"application-billingtransfer-display-component---billingWorkbench--smartTableBillingRuns-header-inner\")]"}
RESULT: {"using":"xpath","value":"//span[contains(@id ,\"application-billingtransfer-display-component---billingWorkbench--smartTableBillingRuns-header-inner\")]"}
COMMAND: POST /session/39d2cc3d4aadadb3bd833599b4f4dfae/elements - {"using":"xpath","value":"//span[contains(@id ,\"application-billingtransfer-display-component---billingWorkbench--smartTableBillingRuns-header-inner\")]"}
RESULT: {"using":"xpath","value":"//span[contains(@id ,\"application-billingtransfer-display-component---billingWorkbench--smartTableBillingRuns-header-inner\")]"}
COMMAND: POST /session/39d2cc3d4aadadb3bd833599b4f4dfae/execute/sync - {"script":"<script> [56 bytes]","args":[{"element-6066-11e4-a52e-4f735466cecf":"f.B301C1F41FC6B7F2328A32BBCA4D6847.d.ECCB2C7B0CFE076DDAAC48ADE26B7821.e.13287","ELEMENT":"f.B301C1F41FC6B7F2328A32BBCA4D6847.d.ECCB2C7B0CFE076DDAAC48ADE26B7821.e.13287"}]}
RESULT: {"script":"<script> [56 bytes]","args":[{"element-6066-11e4-a52e-4f735466cecf":"f.B301C1F41FC6B7F2328A32BBCA4D6847.d.ECCB2C7B0CFE076DDAAC48ADE26B7821.e.13287","ELEMENT":"f.B301C1F41FC6B7F2328A32BBCA4D6847.d.ECCB2C7B0CFE076DDAAC48ADE26B7821.e.13287"}]}
COMMAND: POST /session/39d2cc3d4aadadb3bd833599b4f4dfae/element - {"using":"xpath","value":"//td[@aria-colindex=\"1\"]/div/div[contains(@class, \"sapMCbBg\")]"}
COMMAND: GET /session/39d2cc3d4aadadb3bd833599b4f4dfae/screenshot - {}
RESULT: {}
RESULT: {"using":"xpath","value":"//td[@aria-colindex=\"1\"]/div/div[contains(@class, \"sapMCbBg\")]"}
COMMAND: POST /session/39d2cc3d4aadadb3bd833599b4f4dfae/element/f.B301C1F41FC6B7F2328A32BBCA4D6847.d.ECCB2C7B0CFE076DDAAC48ADE26B7821.e.13296/click - {}
RESULT: {}
COMMAND: GET /session/39d2cc3d4aadadb3bd833599b4f4dfae/screenshot - {}
RESULT: {}
COMMAND: POST /session/39d2cc3d4aadadb3bd833599b4f4dfae/element - {"using":"xpath","value":"//bdi[text()=\"Transfer\"]"}
RESULT: {"using":"xpath","value":"//bdi[text()=\"Transfer\"]"}
COMMAND: POST /session/39d2cc3d4aadadb3bd833599b4f4dfae/element/f.B301C1F41FC6B7F2328A32BBCA4D6847.d.ECCB2C7B0CFE076DDAAC48ADE26B7821.e.13297/click - {}
RESULT: {}
COMMAND: GET /session/39d2cc3d4aadadb3bd833599b4f4dfae/screenshot - {}
RESULT: {}
COMMAND: POST /session/39d2cc3d4aadadb3bd833599b4f4dfae/element - {"using":"xpath","value":"//bdi[contains(text(), \"OK\")]"}
RESULT: {"using":"xpath","value":"//bdi[contains(text(), \"OK\")]"}
COMMAND: POST /session/39d2cc3d4aadadb3bd833599b4f4dfae/element/f.B301C1F41FC6B7F2328A32BBCA4D6847.d.ECCB2C7B0CFE076DDAAC48ADE26B7821.e.13301/click - {}
RESULT: {}
COMMAND: GET /session/39d2cc3d4aadadb3bd833599b4f4dfae/screenshot - {}
RESULT: {}
COMMAND: POST /session/39d2cc3d4aadadb3bd833599b4f4dfae/element - {"using":"xpath","value":"(//span[contains(text(), \"Completed\")]/parent::div/preceding-sibling::div/span)[1]"}
RESULT: {"using":"xpath","value":"(//span[contains(text(), \"Completed\")]/parent::div/preceding-sibling::div/span)[1]"}
COMMAND: POST /session/39d2cc3d4aadadb3bd833599b4f4dfae/element/f.B301C1F41FC6B7F2328A32BBCA4D6847.d.ECCB2C7B0CFE076DDAAC48ADE26B7821.e.13309/click - {}
RESULT: {}
COMMAND: POST /session/39d2cc3d4aadadb3bd833599b4f4dfae/element - {"using":"xpath","value":"//input[contains(@id ,\"application-billingtransfer-display-component---billingWorkbench--smartFilterBar-btnBasicSearch\")]"}
COMMAND: GET /session/39d2cc3d4aadadb3bd833599b4f4dfae/screenshot - {}
RESULT: {"using":"xpath","value":"//input[contains(@id ,\"application-billingtransfer-display-component---billingWorkbench--smartFilterBar-btnBasicSearch\")]"}
COMMAND: POST /session/39d2cc3d4aadadb3bd833599b4f4dfae/elements - {"using":"xpath","value":"//input[contains(@id ,\"application-billingtransfer-display-component---billingWorkbench--smartFilterBar-btnBasicSearch\")]"}
RESULT: {}
RESULT: {"using":"xpath","value":"//input[contains(@id ,\"application-billingtransfer-display-component---billingWorkbench--smartFilterBar-btnBasicSearch\")]"}
COMMAND: POST /session/39d2cc3d4aadadb3bd833599b4f4dfae/execute/sync - {"script":"<script> [8489 bytes]","args":[{"element-6066-11e4-a52e-4f735466cecf":"f.B301C1F41FC6B7F2328A32BBCA4D6847.d.ECCB2C7B0CFE076DDAAC48ADE26B7821.e.13089","ELEMENT":"f.B301C1F41FC6B7F2328A32BBCA4D6847.d.ECCB2C7B0CFE076DDAAC48ADE26B7821.e.13089"}]}
RESULT: {"script":"<script> [8489 bytes]","args":[{"element-6066-11e4-a52e-4f735466cecf":"f.B301C1F41FC6B7F2328A32BBCA4D6847.d.ECCB2C7B0CFE076DDAAC48ADE26B7821.e.13089","ELEMENT":"f.B301C1F41FC6B7F2328A32BBCA4D6847.d.ECCB2C7B0CFE076DDAAC48ADE26B7821.e.13089"}]}
COMMAND: GET /session/39d2cc3d4aadadb3bd833599b4f4dfae/element/f.B301C1F41FC6B7F2328A32BBCA4D6847.d.ECCB2C7B0CFE076DDAAC48ADE26B7821.e.13089/enabled - {}
COMMAND: GET /session/39d2cc3d4aadadb3bd833599b4f4dfae/screenshot - {}
RESULT: {}
COMMAND: POST /session/39d2cc3d4aadadb3bd833599b4f4dfae/element/f.B301C1F41FC6B7F2328A32BBCA4D6847.d.ECCB2C7B0CFE076DDAAC48ADE26B7821.e.13089/click - {}
COMMAND: GET /session/39d2cc3d4aadadb3bd833599b4f4dfae/screenshot - {}
RESULT: {}
RESULT: {}
COMMAND: GET /session/39d2cc3d4aadadb3bd833599b4f4dfae/screenshot - {}
RESULT: {}
RESULT: {}
COMMAND: POST /session/39d2cc3d4aadadb3bd833599b4f4dfae/element/f.B301C1F41FC6B7F2328A32BBCA4D6847.d.ECCB2C7B0CFE076DDAAC48ADE26B7821.e.13089/clear - {}
RESULT: {}
COMMAND: POST /session/39d2cc3d4aadadb3bd833599b4f4dfae/element/f.B301C1F41FC6B7F2328A32BBCA4D6847.d.ECCB2C7B0CFE076DDAAC48ADE26B7821.e.13089/value - {"text":"10272"}
COMMAND: GET /session/39d2cc3d4aadadb3bd833599b4f4dfae/screenshot - {}
RESULT: {"text":"10272"}
COMMAND: POST /session/39d2cc3d4aadadb3bd833599b4f4dfae/actions - {"actions":[{"id":"action49","type":"key","parameters":{},"actions":[{"type":"keyDown","value":"î€‡"},{"type":"pause","duration":10},{"type":"keyUp","value":"î€‡"}]}]}
COMMAND: GET /session/39d2cc3d4aadadb3bd833599b4f4dfae/screenshot - {}
RESULT: {}
RESULT: {"actions":[{"id":"action49","type":"key","parameters":{},"actions":[{"type":"keyDown","value":"î€‡"},{"type":"pause","duration":10},{"type":"keyUp","value":"î€‡"}]}]}
COMMAND: GET /session/39d2cc3d4aadadb3bd833599b4f4dfae/screenshot - {}
RESULT: {}
RESULT: {}
COMMAND: POST /session/39d2cc3d4aadadb3bd833599b4f4dfae/element - {"using":"xpath","value":"//span[contains(@id ,\"application-billingtransfer-display-component---billingWorkbench--smartTableBillingRuns-header-inner\")]"}
RESULT: {"using":"xpath","value":"//span[contains(@id ,\"application-billingtransfer-display-component---billingWorkbench--smartTableBillingRuns-header-inner\")]"}
COMMAND: POST /session/39d2cc3d4aadadb3bd833599b4f4dfae/elements - {"using":"xpath","value":"//span[contains(@id ,\"application-billingtransfer-display-component---billingWorkbench--smartTableBillingRuns-header-inner\")]"}
RESULT: {"using":"xpath","value":"//span[contains(@id ,\"application-billingtransfer-display-component---billingWorkbench--smartTableBillingRuns-header-inner\")]"}
COMMAND: POST /session/39d2cc3d4aadadb3bd833599b4f4dfae/execute/sync - {"script":"<script> [56 bytes]","args":[{"element-6066-11e4-a52e-4f735466cecf":"f.B301C1F41FC6B7F2328A32BBCA4D6847.d.ECCB2C7B0CFE076DDAAC48ADE26B7821.e.13287","ELEMENT":"f.B301C1F41FC6B7F2328A32BBCA4D6847.d.ECCB2C7B0CFE076DDAAC48ADE26B7821.e.13287"}]}
RESULT: {"script":"<script> [56 bytes]","args":[{"element-6066-11e4-a52e-4f735466cecf":"f.B301C1F41FC6B7F2328A32BBCA4D6847.d.ECCB2C7B0CFE076DDAAC48ADE26B7821.e.13287","ELEMENT":"f.B301C1F41FC6B7F2328A32BBCA4D6847.d.ECCB2C7B0CFE076DDAAC48ADE26B7821.e.13287"}]}
COMMAND: GET /session/39d2cc3d4aadadb3bd833599b4f4dfae/screenshot - {}
RESULT: {}
COMMAND: POST /session/39d2cc3d4aadadb3bd833599b4f4dfae/execute/sync - {"script":"<script> [56 bytes]","args":[{"element-6066-11e4-a52e-4f735466cecf":"f.B301C1F41FC6B7F2328A32BBCA4D6847.d.ECCB2C7B0CFE076DDAAC48ADE26B7821.e.13287","ELEMENT":"f.B301C1F41FC6B7F2328A32BBCA4D6847.d.ECCB2C7B0CFE076DDAAC48ADE26B7821.e.13287"}]}
RESULT: {"script":"<script> [56 bytes]","args":[{"element-6066-11e4-a52e-4f735466cecf":"f.B301C1F41FC6B7F2328A32BBCA4D6847.d.ECCB2C7B0CFE076DDAAC48ADE26B7821.e.13287","ELEMENT":"f.B301C1F41FC6B7F2328A32BBCA4D6847.d.ECCB2C7B0CFE076DDAAC48ADE26B7821.e.13287"}]}
COMMAND: GET /session/39d2cc3d4aadadb3bd833599b4f4dfae/screenshot - {}
RESULT: {}
COMMAND: POST /session/39d2cc3d4aadadb3bd833599b4f4dfae/execute/sync - {"script":"<script> [56 bytes]","args":[{"element-6066-11e4-a52e-4f735466cecf":"f.B301C1F41FC6B7F2328A32BBCA4D6847.d.ECCB2C7B0CFE076DDAAC48ADE26B7821.e.13287","ELEMENT":"f.B301C1F41FC6B7F2328A32BBCA4D6847.d.ECCB2C7B0CFE076DDAAC48ADE26B7821.e.13287"}]}
RESULT: {"script":"<script> [56 bytes]","args":[{"element-6066-11e4-a52e-4f735466cecf":"f.B301C1F41FC6B7F2328A32BBCA4D6847.d.ECCB2C7B0CFE076DDAAC48ADE26B7821.e.13287","ELEMENT":"f.B301C1F41FC6B7F2328A32BBCA4D6847.d.ECCB2C7B0CFE076DDAAC48ADE26B7821.e.13287"}]}
COMMAND: GET /session/39d2cc3d4aadadb3bd833599b4f4dfae/screenshot - {}
RESULT: {}
COMMAND: POST /session/39d2cc3d4aadadb3bd833599b4f4dfae/execute/sync - {"script":"<script> [56 bytes]","args":[{"element-6066-11e4-a52e-4f735466cecf":"f.B301C1F41FC6B7F2328A32BBCA4D6847.d.ECCB2C7B0CFE076DDAAC48ADE26B7821.e.13287","ELEMENT":"f.B301C1F41FC6B7F2328A32BBCA4D6847.d.ECCB2C7B0CFE076DDAAC48ADE26B7821.e.13287"}]}
RESULT: {"script":"<script> [56 bytes]","args":[{"element-6066-11e4-a52e-4f735466cecf":"f.B301C1F41FC6B7F2328A32BBCA4D6847.d.ECCB2C7B0CFE076DDAAC48ADE26B7821.e.13287","ELEMENT":"f.B301C1F41FC6B7F2328A32BBCA4D6847.d.ECCB2C7B0CFE076DDAAC48ADE26B7821.e.13287"}]}
COMMAND: GET /session/39d2cc3d4aadadb3bd833599b4f4dfae/screenshot - {}
RESULT: {}
COMMAND: POST /session/39d2cc3d4aadadb3bd833599b4f4dfae/execute/sync - {"script":"<script> [56 bytes]","args":[{"element-6066-11e4-a52e-4f735466cecf":"f.B301C1F41FC6B7F2328A32BBCA4D6847.d.ECCB2C7B0CFE076DDAAC48ADE26B7821.e.13287","ELEMENT":"f.B301C1F41FC6B7F2328A32BBCA4D6847.d.ECCB2C7B0CFE076DDAAC48ADE26B7821.e.13287"}]}
RESULT: {"script":"<script> [56 bytes]","args":[{"element-6066-11e4-a52e-4f735466cecf":"f.B301C1F41FC6B7F2328A32BBCA4D6847.d.ECCB2C7B0CFE076DDAAC48ADE26B7821.e.13287","ELEMENT":"f.B301C1F41FC6B7F2328A32BBCA4D6847.d.ECCB2C7B0CFE076DDAAC48ADE26B7821.e.13287"}]}
COMMAND: GET /session/39d2cc3d4aadadb3bd833599b4f4dfae/screenshot - {}
RESULT: {}
COMMAND: POST /session/39d2cc3d4aadadb3bd833599b4f4dfae/execute/sync - {"script":"<script> [56 bytes]","args":[{"element-6066-11e4-a52e-4f735466cecf":"f.B301C1F41FC6B7F2328A32BBCA4D6847.d.ECCB2C7B0CFE076DDAAC48ADE26B7821.e.13287","ELEMENT":"f.B301C1F41FC6B7F2328A32BBCA4D6847.d.ECCB2C7B0CFE076DDAAC48ADE26B7821.e.13287"}]}
RESULT: {"script":"<script> [56 bytes]","args":[{"element-6066-11e4-a52e-4f735466cecf":"f.B301C1F41FC6B7F2328A32BBCA4D6847.d.ECCB2C7B0CFE076DDAAC48ADE26B7821.e.13287","ELEMENT":"f.B301C1F41FC6B7F2328A32BBCA4D6847.d.ECCB2C7B0CFE076DDAAC48ADE26B7821.e.13287"}]}
COMMAND: GET /session/39d2cc3d4aadadb3bd833599b4f4dfae/screenshot - {}
RESULT: {}
COMMAND: POST /session/39d2cc3d4aadadb3bd833599b4f4dfae/execute/sync - {"script":"<script> [56 bytes]","args":[{"element-6066-11e4-a52e-4f735466cecf":"f.B301C1F41FC6B7F2328A32BBCA4D6847.d.ECCB2C7B0CFE076DDAAC48ADE26B7821.e.13287","ELEMENT":"f.B301C1F41FC6B7F2328A32BBCA4D6847.d.ECCB2C7B0CFE076DDAAC48ADE26B7821.e.13287"}]}
RESULT: {"script":"<script> [56 bytes]","args":[{"element-6066-11e4-a52e-4f735466cecf":"f.B301C1F41FC6B7F2328A32BBCA4D6847.d.ECCB2C7B0CFE076DDAAC48ADE26B7821.e.13287","ELEMENT":"f.B301C1F41FC6B7F2328A32BBCA4D6847.d.ECCB2C7B0CFE076DDAAC48ADE26B7821.e.13287"}]}
COMMAND: GET /session/39d2cc3d4aadadb3bd833599b4f4dfae/screenshot - {}
RESULT: {}
COMMAND: POST /session/39d2cc3d4aadadb3bd833599b4f4dfae/execute/sync - {"script":"<script> [56 bytes]","args":[{"element-6066-11e4-a52e-4f735466cecf":"f.B301C1F41FC6B7F2328A32BBCA4D6847.d.ECCB2C7B0CFE076DDAAC48ADE26B7821.e.13287","ELEMENT":"f.B301C1F41FC6B7F2328A32BBCA4D6847.d.ECCB2C7B0CFE076DDAAC48ADE26B7821.e.13287"}]}
RESULT: {"script":"<script> [56 bytes]","args":[{"element-6066-11e4-a52e-4f735466cecf":"f.B301C1F41FC6B7F2328A32BBCA4D6847.d.ECCB2C7B0CFE076DDAAC48ADE26B7821.e.13287","ELEMENT":"f.B301C1F41FC6B7F2328A32BBCA4D6847.d.ECCB2C7B0CFE076DDAAC48ADE26B7821.e.13287"}]}
COMMAND: GET /session/39d2cc3d4aadadb3bd833599b4f4dfae/screenshot - {}
RESULT: {}
COMMAND: POST /session/39d2cc3d4aadadb3bd833599b4f4dfae/execute/sync - {"script":"<script> [56 bytes]","args":[{"element-6066-11e4-a52e-4f735466cecf":"f.B301C1F41FC6B7F2328A32BBCA4D6847.d.ECCB2C7B0CFE076DDAAC48ADE26B7821.e.13287","ELEMENT":"f.B301C1F41FC6B7F2328A32BBCA4D6847.d.ECCB2C7B0CFE076DDAAC48ADE26B7821.e.13287"}]}
RESULT: {"script":"<script> [56 bytes]","args":[{"element-6066-11e4-a52e-4f735466cecf":"f.B301C1F41FC6B7F2328A32BBCA4D6847.d.ECCB2C7B0CFE076DDAAC48ADE26B7821.e.13287","ELEMENT":"f.B301C1F41FC6B7F2328A32BBCA4D6847.d.ECCB2C7B0CFE076DDAAC48ADE26B7821.e.13287"}]}
COMMAND: GET /session/39d2cc3d4aadadb3bd833599b4f4dfae/screenshot - {}
RESULT: {}
COMMAND: POST /session/39d2cc3d4aadadb3bd833599b4f4dfae/execute/sync - {"script":"<script> [56 bytes]","args":[{"element-6066-11e4-a52e-4f735466cecf":"f.B301C1F41FC6B7F2328A32BBCA4D6847.d.ECCB2C7B0CFE076DDAAC48ADE26B7821.e.13287","ELEMENT":"f.B301C1F41FC6B7F2328A32BBCA4D6847.d.ECCB2C7B0CFE076DDAAC48ADE26B7821.e.13287"}]}
RESULT: {"script":"<script> [56 bytes]","args":[{"element-6066-11e4-a52e-4f735466cecf":"f.B301C1F41FC6B7F2328A32BBCA4D6847.d.ECCB2C7B0CFE076DDAAC48ADE26B7821.e.13287","ELEMENT":"f.B301C1F41FC6B7F2328A32BBCA4D6847.d.ECCB2C7B0CFE076DDAAC48ADE26B7821.e.13287"}]}
COMMAND: GET /session/39d2cc3d4aadadb3bd833599b4f4dfae/screenshot - {}
RESULT: {}
COMMAND: POST /session/39d2cc3d4aadadb3bd833599b4f4dfae/execute/sync - {"script":"<script> [56 bytes]","args":[{"element-6066-11e4-a52e-4f735466cecf":"f.B301C1F41FC6B7F2328A32BBCA4D6847.d.ECCB2C7B0CFE076DDAAC48ADE26B7821.e.13287","ELEMENT":"f.B301C1F41FC6B7F2328A32BBCA4D6847.d.ECCB2C7B0CFE076DDAAC48ADE26B7821.e.13287"}]}
RESULT: {"script":"<script> [56 bytes]","args":[{"element-6066-11e4-a52e-4f735466cecf":"f.B301C1F41FC6B7F2328A32BBCA4D6847.d.ECCB2C7B0CFE076DDAAC48ADE26B7821.e.13287","ELEMENT":"f.B301C1F41FC6B7F2328A32BBCA4D6847.d.ECCB2C7B0CFE076DDAAC48ADE26B7821.e.13287"}]}
COMMAND: GET /session/39d2cc3d4aadadb3bd833599b4f4dfae/screenshot - {}
RESULT: {}
COMMAND: POST /session/39d2cc3d4aadadb3bd833599b4f4dfae/execute/sync - {"script":"<script> [56 bytes]","args":[{"element-6066-11e4-a52e-4f735466cecf":"f.B301C1F41FC6B7F2328A32BBCA4D6847.d.ECCB2C7B0CFE076DDAAC48ADE26B7821.e.13287","ELEMENT":"f.B301C1F41FC6B7F2328A32BBCA4D6847.d.ECCB2C7B0CFE076DDAAC48ADE26B7821.e.13287"}]}
RESULT: {"script":"<script> [56 bytes]","args":[{"element-6066-11e4-a52e-4f735466cecf":"f.B301C1F41FC6B7F2328A32BBCA4D6847.d.ECCB2C7B0CFE076DDAAC48ADE26B7821.e.13287","ELEMENT":"f.B301C1F41FC6B7F2328A32BBCA4D6847.d.ECCB2C7B0CFE076DDAAC48ADE26B7821.e.13287"}]}
COMMAND: GET /session/39d2cc3d4aadadb3bd833599b4f4dfae/screenshot - {}
RESULT: {}
COMMAND: POST /session/39d2cc3d4aadadb3bd833599b4f4dfae/execute/sync - {"script":"<script> [56 bytes]","args":[{"element-6066-11e4-a52e-4f735466cecf":"f.B301C1F41FC6B7F2328A32BBCA4D6847.d.ECCB2C7B0CFE076DDAAC48ADE26B7821.e.13287","ELEMENT":"f.B301C1F41FC6B7F2328A32BBCA4D6847.d.ECCB2C7B0CFE076DDAAC48ADE26B7821.e.13287"}]}
RESULT: {"script":"<script> [56 bytes]","args":[{"element-6066-11e4-a52e-4f735466cecf":"f.B301C1F41FC6B7F2328A32BBCA4D6847.d.ECCB2C7B0CFE076DDAAC48ADE26B7821.e.13287","ELEMENT":"f.B301C1F41FC6B7F2328A32BBCA4D6847.d.ECCB2C7B0CFE076DDAAC48ADE26B7821.e.13287"}]}
COMMAND: GET /session/39d2cc3d4aadadb3bd833599b4f4dfae/screenshot - {}
RESULT: {}
COMMAND: POST /session/39d2cc3d4aadadb3bd833599b4f4dfae/execute/sync - {"script":"<script> [56 bytes]","args":[{"element-6066-11e4-a52e-4f735466cecf":"f.B301C1F41FC6B7F2328A32BBCA4D6847.d.ECCB2C7B0CFE076DDAAC48ADE26B7821.e.13287","ELEMENT":"f.B301C1F41FC6B7F2328A32BBCA4D6847.d.ECCB2C7B0CFE076DDAAC48ADE26B7821.e.13287"}]}
RESULT: {"script":"<script> [56 bytes]","args":[{"element-6066-11e4-a52e-4f735466cecf":"f.B301C1F41FC6B7F2328A32BBCA4D6847.d.ECCB2C7B0CFE076DDAAC48ADE26B7821.e.13287","ELEMENT":"f.B301C1F41FC6B7F2328A32BBCA4D6847.d.ECCB2C7B0CFE076DDAAC48ADE26B7821.e.13287"}]}
COMMAND: GET /session/39d2cc3d4aadadb3bd833599b4f4dfae/screenshot - {}
RESULT: {}
COMMAND: POST /session/39d2cc3d4aadadb3bd833599b4f4dfae/execute/sync - {"script":"<script> [56 bytes]","args":[{"element-6066-11e4-a52e-4f735466cecf":"f.B301C1F41FC6B7F2328A32BBCA4D6847.d.ECCB2C7B0CFE076DDAAC48ADE26B7821.e.13287","ELEMENT":"f.B301C1F41FC6B7F2328A32BBCA4D6847.d.ECCB2C7B0CFE076DDAAC48ADE26B7821.e.13287"}]}
RESULT: {"script":"<script> [56 bytes]","args":[{"element-6066-11e4-a52e-4f735466cecf":"f.B301C1F41FC6B7F2328A32BBCA4D6847.d.ECCB2C7B0CFE076DDAAC48ADE26B7821.e.13287","ELEMENT":"f.B301C1F41FC6B7F2328A32BBCA4D6847.d.ECCB2C7B0CFE076DDAAC48ADE26B7821.e.13287"}]}
COMMAND: GET /session/39d2cc3d4aadadb3bd833599b4f4dfae/screenshot - {}
RESULT: {}
COMMAND: POST /session/39d2cc3d4aadadb3bd833599b4f4dfae/execute/sync - {"script":"<script> [56 bytes]","args":[{"element-6066-11e4-a52e-4f735466cecf":"f.B301C1F41FC6B7F2328A32BBCA4D6847.d.ECCB2C7B0CFE076DDAAC48ADE26B7821.e.13287","ELEMENT":"f.B301C1F41FC6B7F2328A32BBCA4D6847.d.ECCB2C7B0CFE076DDAAC48ADE26B7821.e.13287"}]}
RESULT: {"script":"<script> [56 bytes]","args":[{"element-6066-11e4-a52e-4f735466cecf":"f.B301C1F41FC6B7F2328A32BBCA4D6847.d.ECCB2C7B0CFE076DDAAC48ADE26B7821.e.13287","ELEMENT":"f.B301C1F41FC6B7F2328A32BBCA4D6847.d.ECCB2C7B0CFE076DDAAC48ADE26B7821.e.13287"}]}
COMMAND: GET /session/39d2cc3d4aadadb3bd833599b4f4dfae/screenshot - {}
RESULT: {}
COMMAND: POST /session/39d2cc3d4aadadb3bd833599b4f4dfae/execute/sync - {"script":"<script> [56 bytes]","args":[{"element-6066-11e4-a52e-4f735466cecf":"f.B301C1F41FC6B7F2328A32BBCA4D6847.d.ECCB2C7B0CFE076DDAAC48ADE26B7821.e.13287","ELEMENT":"f.B301C1F41FC6B7F2328A32BBCA4D6847.d.ECCB2C7B0CFE076DDAAC48ADE26B7821.e.13287"}]}
RESULT: {"script":"<script> [56 bytes]","args":[{"element-6066-11e4-a52e-4f735466cecf":"f.B301C1F41FC6B7F2328A32BBCA4D6847.d.ECCB2C7B0CFE076DDAAC48ADE26B7821.e.13287","ELEMENT":"f.B301C1F41FC6B7F2328A32BBCA4D6847.d.ECCB2C7B0CFE076DDAAC48ADE26B7821.e.13287"}]}
COMMAND: GET /session/39d2cc3d4aadadb3bd833599b4f4dfae/screenshot - {}
RESULT: {}
COMMAND: POST /session/39d2cc3d4aadadb3bd833599b4f4dfae/execute/sync - {"script":"<script> [56 bytes]","args":[{"element-6066-11e4-a52e-4f735466cecf":"f.B301C1F41FC6B7F2328A32BBCA4D6847.d.ECCB2C7B0CFE076DDAAC48ADE26B7821.e.13287","ELEMENT":"f.B301C1F41FC6B7F2328A32BBCA4D6847.d.ECCB2C7B0CFE076DDAAC48ADE26B7821.e.13287"}]}
RESULT: {"script":"<script> [56 bytes]","args":[{"element-6066-11e4-a52e-4f735466cecf":"f.B301C1F41FC6B7F2328A32BBCA4D6847.d.ECCB2C7B0CFE076DDAAC48ADE26B7821.e.13287","ELEMENT":"f.B301C1F41FC6B7F2328A32BBCA4D6847.d.ECCB2C7B0CFE076DDAAC48ADE26B7821.e.13287"}]}
COMMAND: GET /session/39d2cc3d4aadadb3bd833599b4f4dfae/screenshot - {}
RESULT: {}
COMMAND: POST /session/39d2cc3d4aadadb3bd833599b4f4dfae/execute/sync - {"script":"<script> [56 bytes]","args":[{"element-6066-11e4-a52e-4f735466cecf":"f.B301C1F41FC6B7F2328A32BBCA4D6847.d.ECCB2C7B0CFE076DDAAC48ADE26B7821.e.13287","ELEMENT":"f.B301C1F41FC6B7F2328A32BBCA4D6847.d.ECCB2C7B0CFE076DDAAC48ADE26B7821.e.13287"}]}
RESULT: {"script":"<script> [56 bytes]","args":[{"element-6066-11e4-a52e-4f735466cecf":"f.B301C1F41FC6B7F2328A32BBCA4D6847.d.ECCB2C7B0CFE076DDAAC48ADE26B7821.e.13287","ELEMENT":"f.B301C1F41FC6B7F2328A32BBCA4D6847.d.ECCB2C7B0CFE076DDAAC48ADE26B7821.e.13287"}]}
COMMAND: GET /session/39d2cc3d4aadadb3bd833599b4f4dfae/screenshot - {}
RESULT: {}
COMMAND: POST /session/39d2cc3d4aadadb3bd833599b4f4dfae/execute/sync - {"script":"<script> [56 bytes]","args":[{"element-6066-11e4-a52e-4f735466cecf":"f.B301C1F41FC6B7F2328A32BBCA4D6847.d.ECCB2C7B0CFE076DDAAC48ADE26B7821.e.13287","ELEMENT":"f.B301C1F41FC6B7F2328A32BBCA4D6847.d.ECCB2C7B0CFE076DDAAC48ADE26B7821.e.13287"}]}
RESULT: {"script":"<script> [56 bytes]","args":[{"element-6066-11e4-a52e-4f735466cecf":"f.B301C1F41FC6B7F2328A32BBCA4D6847.d.ECCB2C7B0CFE076DDAAC48ADE26B7821.e.13287","ELEMENT":"f.B301C1F41FC6B7F2328A32BBCA4D6847.d.ECCB2C7B0CFE076DDAAC48ADE26B7821.e.13287"}]}
COMMAND: GET /session/39d2cc3d4aadadb3bd833599b4f4dfae/screenshot - {}
RESULT: {}
COMMAND: POST /session/39d2cc3d4aadadb3bd833599b4f4dfae/execute/sync - {"script":"<script> [56 bytes]","args":[{"element-6066-11e4-a52e-4f735466cecf":"f.B301C1F41FC6B7F2328A32BBCA4D6847.d.ECCB2C7B0CFE076DDAAC48ADE26B7821.e.13287","ELEMENT":"f.B301C1F41FC6B7F2328A32BBCA4D6847.d.ECCB2C7B0CFE076DDAAC48ADE26B7821.e.13287"}]}
RESULT: {"script":"<script> [56 bytes]","args":[{"element-6066-11e4-a52e-4f735466cecf":"f.B301C1F41FC6B7F2328A32BBCA4D6847.d.ECCB2C7B0CFE076DDAAC48ADE26B7821.e.13287","ELEMENT":"f.B301C1F41FC6B7F2328A32BBCA4D6847.d.ECCB2C7B0CFE076DDAAC48ADE26B7821.e.13287"}]}
COMMAND: GET /session/39d2cc3d4aadadb3bd833599b4f4dfae/screenshot - {}
RESULT: {}
COMMAND: POST /session/39d2cc3d4aadadb3bd833599b4f4dfae/execute/sync - {"script":"<script> [56 bytes]","args":[{"element-6066-11e4-a52e-4f735466cecf":"f.B301C1F41FC6B7F2328A32BBCA4D6847.d.ECCB2C7B0CFE076DDAAC48ADE26B7821.e.13287","ELEMENT":"f.B301C1F41FC6B7F2328A32BBCA4D6847.d.ECCB2C7B0CFE076DDAAC48ADE26B7821.e.13287"}]}
RESULT: {"script":"<script> [56 bytes]","args":[{"element-6066-11e4-a52e-4f735466cecf":"f.B301C1F41FC6B7F2328A32BBCA4D6847.d.ECCB2C7B0CFE076DDAAC48ADE26B7821.e.13287","ELEMENT":"f.B301C1F41FC6B7F2328A32BBCA4D6847.d.ECCB2C7B0CFE076DDAAC48ADE26B7821.e.13287"}]}
COMMAND: POST /session/39d2cc3d4aadadb3bd833599b4f4dfae/element - {"using":"css selector","value":"#shell-header-logo"}
COMMAND: GET /session/39d2cc3d4aadadb3bd833599b4f4dfae/screenshot - {}
RESULT: {"using":"css selector","value":"#shell-header-logo"}
COMMAND: POST /session/39d2cc3d4aadadb3bd833599b4f4dfae/element/f.B301C1F41FC6B7F2328A32BBCA4D6847.d.ECCB2C7B0CFE076DDAAC48ADE26B7821.e.13087/click - {}
RESULT: {}
RESULT: {}
COMMAND: GET /session/39d2cc3d4aadadb3bd833599b4f4dfae/screenshot - {}
RESULT: {}
COMMAND: POST /session/39d2cc3d4aadadb3bd833599b4f4dfae/element - {"using":"css selector","value":"#j_username"}
COMMAND: POST /session/39d2cc3d4aadadb3bd833599b4f4dfae/url - {"url":"https://qa-testing-00-live-etm-ui.cfapps.eu10-004.hana.ondemand.com/"}
RESULT: {"using":"css selector","value":"#j_username"}
COMMAND: POST /session/39d2cc3d4aadadb3bd833599b4f4dfae/element - {"using":"css selector","value":"#j_username"}
RESULT: {"url":"https://qa-testing-00-live-etm-ui.cfapps.eu10-004.hana.ondemand.com/"}
RESULT: undefined
COMMAND: GET /session/39d2cc3d4aadadb3bd833599b4f4dfae/screenshot - {}
RESULT: {"using":"css selector","value":"#j_username"}
COMMAND: POST /session/39d2cc3d4aadadb3bd833599b4f4dfae/element - {"using":"css selector","value":"#shell-header-logo"}
RESULT: {}
RESULT: {"using":"css selector","value":"#shell-header-logo"}
COMMAND: POST /session/39d2cc3d4aadadb3bd833599b4f4dfae/execute/sync - {"script":"<script> [8489 bytes]","args":[{"element-6066-11e4-a52e-4f735466cecf":"f.B301C1F41FC6B7F2328A32BBCA4D6847.d.75FA8E7F21A93E5D83EE47D4252838C3.e.13322","ELEMENT":"f.B301C1F41FC6B7F2328A32BBCA4D6847.d.75FA8E7F21A93E5D83EE47D4252838C3.e.13322"}]}
RESULT: {"script":"<script> [8489 bytes]","args":[{"element-6066-11e4-a52e-4f735466cecf":"f.B301C1F41FC6B7F2328A32BBCA4D6847.d.75FA8E7F21A93E5D83EE47D4252838C3.e.13322","ELEMENT":"f.B301C1F41FC6B7F2328A32BBCA4D6847.d.75FA8E7F21A93E5D83EE47D4252838C3.e.13322"}]}
COMMAND: POST /session/39d2cc3d4aadadb3bd833599b4f4dfae/element - {"using":"css selector","value":"#shell-header-logo"}
COMMAND: GET /session/39d2cc3d4aadadb3bd833599b4f4dfae/screenshot - {}
RESULT: {"using":"css selector","value":"#shell-header-logo"}
COMMAND: POST /session/39d2cc3d4aadadb3bd833599b4f4dfae/execute/sync - {"script":"<script> [8489 bytes]","args":[{"element-6066-11e4-a52e-4f735466cecf":"f.B301C1F41FC6B7F2328A32BBCA4D6847.d.75FA8E7F21A93E5D83EE47D4252838C3.e.13322","ELEMENT":"f.B301C1F41FC6B7F2328A32BBCA4D6847.d.75FA8E7F21A93E5D83EE47D4252838C3.e.13322"}]}
RESULT: {}
RESULT: {"script":"<script> [8489 bytes]","args":[{"element-6066-11e4-a52e-4f735466cecf":"f.B301C1F41FC6B7F2328A32BBCA4D6847.d.75FA8E7F21A93E5D83EE47D4252838C3.e.13322","ELEMENT":"f.B301C1F41FC6B7F2328A32BBCA4D6847.d.75FA8E7F21A93E5D83EE47D4252838C3.e.13322"}]}
COMMAND: POST /session/39d2cc3d4aadadb3bd833599b4f4dfae/execute/sync - {"script":"<script> [5351 bytes]","args":[{"element-6066-11e4-a52e-4f735466cecf":"f.B301C1F41FC6B7F2328A32BBCA4D6847.d.75FA8E7F21A93E5D83EE47D4252838C3.e.13322","ELEMENT":"f.B301C1F41FC6B7F2328A32BBCA4D6847.d.75FA8E7F21A93E5D83EE47D4252838C3.e.13322"}]}
COMMAND: GET /session/39d2cc3d4aadadb3bd833599b4f4dfae/screenshot - {}
RESULT: {"script":"<script> [5351 bytes]","args":[{"element-6066-11e4-a52e-4f735466cecf":"f.B301C1F41FC6B7F2328A32BBCA4D6847.d.75FA8E7F21A93E5D83EE47D4252838C3.e.13322","ELEMENT":"f.B301C1F41FC6B7F2328A32BBCA4D6847.d.75FA8E7F21A93E5D83EE47D4252838C3.e.13322"}]}
COMMAND: POST /session/39d2cc3d4aadadb3bd833599b4f4dfae/element - {"using":"css selector","value":"#shell-header-logo"}
COMMAND: GET /session/39d2cc3d4aadadb3bd833599b4f4dfae/screenshot - {}
RESULT: {}
RESULT: {"using":"css selector","value":"#shell-header-logo"}
COMMAND: POST /session/39d2cc3d4aadadb3bd833599b4f4dfae/element/f.B301C1F41FC6B7F2328A32BBCA4D6847.d.75FA8E7F21A93E5D83EE47D4252838C3.e.13322/click - {}
RESULT: {}
RESULT: {}
COMMAND: GET /session/39d2cc3d4aadadb3bd833599b4f4dfae/screenshot - {}
RESULT: {}
COMMAND: POST /session/39d2cc3d4aadadb3bd833599b4f4dfae/execute/async - {"script":"<script> [189 bytes]","args":[]}
RESULT: {"script":"<script> [189 bytes]","args":[]}
COMMAND: POST /session/39d2cc3d4aadadb3bd833599b4f4dfae/execute/async - {"script":"<script> [123 bytes]","args":[]}
RESULT: {"script":"<script> [123 bytes]","args":[]}
COMMAND: POST /session/39d2cc3d4aadadb3bd833599b4f4dfae/timeouts - {"script":"<number>"}
RESULT: {"script":"<number>"}
COMMAND: GET /session/39d2cc3d4aadadb3bd833599b4f4dfae/timeouts - {}
RESULT: {}
RESULT: undefined
COMMAND: POST /session/39d2cc3d4aadadb3bd833599b4f4dfae/execute/async - {"script":"<script> [2676 bytes]","args":[]}
RESULT: {"script":"<script> [2676 bytes]","args":[]}
COMMAND: POST /session/39d2cc3d4aadadb3bd833599b4f4dfae/execute/async - {"script":"<script> [2342 bytes]","args":[{"protocol":"http","hostname":"0.0.0.0","path":"/","capabilities":{"browserName":"chrome","goog:chromeOptions":{"binary":"C:\\Program Files\\Google\\Chrome\\Application\\chrome.exe","args":["--start-maximized"]}},"logLevel":"warn","connectionRetryTimeout":120000,"connectionRetryCount":3,"logLevels":{},"enableDirectConnect":true,"strictSSL":true,"_":"65 more keys: [\"cacheDir\",\"port\",\"requestedCapabilities\",\"automationProtocol\",\"baseUrl\",\"waitforInterval\",\"waitforTimeout\",\"onReload\",\"beforeCommand\",\"afterCommand\",\"rootDir\",\"specs\",\"suites\",\"exclude\",\"groupLogsByTestSpec\",\"excludeDriverLogs\",\"bail\",\"framework\",\"reporters\",\"services\",\"maxInstances\",\"maxInstancesPerCapability\",\"injectGlobals\",\"filesToWatch\",\"execArgv\",\"runnerEnv\",\"runner\",\"shard\",\"specFileRetries\",\"specFileRetriesDelay\",\"specFileRetriesDeferred\",\"reporterSyncInterval\",\"reporterSyncTimeout\",\"cucumberFeaturesWithLineNumbers\",\"autoCompileOpts\",\"mochaOpts\",\"jasmineOpts\",\"cucumberOpts\",\"onPrepare\",\"onWorkerStart\",\"onWorkerEnd\",\"before\",\"beforeSession\",\"beforeSuite\",\"beforeHook\",\"beforeTest\",\"afterTest\",\"afterHook\",\"afterSuite\",\"afterSession\",\"after\",\"onComplete\",\"beforeAssertion\",\"afterAssertion\",\"beforeFeature\",\"beforeScenario\",\"beforeStep\",\"afterStep\",\"afterScenario\",\"afterFeature\",\"_\",\"suite\",\"$0\",\"ignoredWorkerServices\",\"wdi5\"]"}]}
RESULT: {"script":"<script> [2342 bytes]","args":[{"protocol":"http","hostname":"0.0.0.0","path":"/","capabilities":{"browserName":"chrome","goog:chromeOptions":{"binary":"C:\\Program Files\\Google\\Chrome\\Application\\chrome.exe","args":["--start-maximized"]}},"logLevel":"warn","connectionRetryTimeout":120000,"connectionRetryCount":3,"logLevels":{},"enableDirectConnect":true,"strictSSL":true,"_":"65 more keys: [\"cacheDir\",\"port\",\"requestedCapabilities\",\"automationProtocol\",\"baseUrl\",\"waitforInterval\",\"waitforTimeout\",\"onReload\",\"beforeCommand\",\"afterCommand\",\"rootDir\",\"specs\",\"suites\",\"exclude\",\"groupLogsByTestSpec\",\"excludeDriverLogs\",\"bail\",\"framework\",\"reporters\",\"services\",\"maxInstances\",\"maxInstancesPerCapability\",\"injectGlobals\",\"filesToWatch\",\"execArgv\",\"runnerEnv\",\"runner\",\"shard\",\"specFileRetries\",\"specFileRetriesDelay\",\"specFileRetriesDeferred\",\"reporterSyncInterval\",\"reporterSyncTimeout\",\"cucumberFeaturesWithLineNumbers\",\"autoCompileOpts\",\"mochaOpts\",\"jasmineOpts\",\"cucumberOpts\",\"onPrepare\",\"onWorkerStart\",\"onWorkerEnd\",\"before\",\"beforeSession\",\"beforeSuite\",\"beforeHook\",\"beforeTest\",\"afterTest\",\"afterHook\",\"afterSuite\",\"afterSession\",\"after\",\"onComplete\",\"beforeAssertion\",\"afterAssertion\",\"beforeFeature\",\"beforeScenario\",\"beforeStep\",\"afterStep\",\"afterScenario\",\"afterFeature\",\"_\",\"suite\",\"$0\",\"ignoredWorkerServices\",\"wdi5\"]"}]}
COMMAND: POST /session/39d2cc3d4aadadb3bd833599b4f4dfae/execute/async - {"script":"<script> [21126 bytes]","args":[35000]}
RESULT: {"script":"<script> [21126 bytes]","args":[35000]}
COMMAND: POST /session/39d2cc3d4aadadb3bd833599b4f4dfae/window/maximize - {}
RESULT: {}
COMMAND: POST /session/39d2cc3d4aadadb3bd833599b4f4dfae/execute/async - {"script":"<script> [1562 bytes]","args":[{"selector":{"id":"shell-header","interaction":{"idSuffix":"icon"}},"wdio_ui5_key":"shellheader"}]}
COMMAND: GET /session/39d2cc3d4aadadb3bd833599b4f4dfae/screenshot - {}
RESULT: {"script":"<script> [1562 bytes]","args":[{"selector":{"id":"shell-header","interaction":{"idSuffix":"icon"}},"wdio_ui5_key":"shellheader"}]}
RESULT: undefined
COMMAND: POST /session/39d2cc3d4aadadb3bd833599b4f4dfae/refresh - {}
RESULT: {}
RESULT: {}
COMMAND: GET /session/39d2cc3d4aadadb3bd833599b4f4dfae/screenshot - {}
RESULT: {}
COMMAND: POST /session/39d2cc3d4aadadb3bd833599b4f4dfae/refresh - {}
RESULT: {}
COMMAND: GET /session/39d2cc3d4aadadb3bd833599b4f4dfae/screenshot - {}
RESULT: {}
COMMAND: POST /session/39d2cc3d4aadadb3bd833599b4f4dfae/window/fullscreen - {}
RESULT: {}
COMMAND: POST /session/39d2cc3d4aadadb3bd833599b4f4dfae/execute/async - {"script":"<script> [189 bytes]","args":[]}
RESULT: {"script":"<script> [189 bytes]","args":[]}
COMMAND: POST /session/39d2cc3d4aadadb3bd833599b4f4dfae/execute/async - {"script":"<script> [123 bytes]","args":[]}
RESULT: {"script":"<script> [123 bytes]","args":[]}
COMMAND: POST /session/39d2cc3d4aadadb3bd833599b4f4dfae/timeouts - {"script":"<number>"}
RESULT: {"script":"<number>"}
COMMAND: GET /session/39d2cc3d4aadadb3bd833599b4f4dfae/timeouts - {}
RESULT: {}
RESULT: undefined
COMMAND: POST /session/39d2cc3d4aadadb3bd833599b4f4dfae/execute/async - {"script":"<script> [2676 bytes]","args":[]}
RESULT: {"script":"<script> [2676 bytes]","args":[]}
COMMAND: POST /session/39d2cc3d4aadadb3bd833599b4f4dfae/execute/async - {"script":"<script> [2342 bytes]","args":[{"protocol":"http","hostname":"0.0.0.0","path":"/","capabilities":{"browserName":"chrome","goog:chromeOptions":{"binary":"C:\\Program Files\\Google\\Chrome\\Application\\chrome.exe","args":["--start-maximized"]}},"logLevel":"warn","connectionRetryTimeout":120000,"connectionRetryCount":3,"logLevels":{},"enableDirectConnect":true,"strictSSL":true,"_":"65 more keys: [\"cacheDir\",\"port\",\"requestedCapabilities\",\"automationProtocol\",\"baseUrl\",\"waitforInterval\",\"waitforTimeout\",\"onReload\",\"beforeCommand\",\"afterCommand\",\"rootDir\",\"specs\",\"suites\",\"exclude\",\"groupLogsByTestSpec\",\"excludeDriverLogs\",\"bail\",\"framework\",\"reporters\",\"services\",\"maxInstances\",\"maxInstancesPerCapability\",\"injectGlobals\",\"filesToWatch\",\"execArgv\",\"runnerEnv\",\"runner\",\"shard\",\"specFileRetries\",\"specFileRetriesDelay\",\"specFileRetriesDeferred\",\"reporterSyncInterval\",\"reporterSyncTimeout\",\"cucumberFeaturesWithLineNumbers\",\"autoCompileOpts\",\"mochaOpts\",\"jasmineOpts\",\"cucumberOpts\",\"onPrepare\",\"onWorkerStart\",\"onWorkerEnd\",\"before\",\"beforeSession\",\"beforeSuite\",\"beforeHook\",\"beforeTest\",\"afterTest\",\"afterHook\",\"afterSuite\",\"afterSession\",\"after\",\"onComplete\",\"beforeAssertion\",\"afterAssertion\",\"beforeFeature\",\"beforeScenario\",\"beforeStep\",\"afterStep\",\"afterScenario\",\"afterFeature\",\"_\",\"suite\",\"$0\",\"ignoredWorkerServices\",\"wdi5\"]"}]}
RESULT: {"script":"<script> [2342 bytes]","args":[{"protocol":"http","hostname":"0.0.0.0","path":"/","capabilities":{"browserName":"chrome","goog:chromeOptions":{"binary":"C:\\Program Files\\Google\\Chrome\\Application\\chrome.exe","args":["--start-maximized"]}},"logLevel":"warn","connectionRetryTimeout":120000,"connectionRetryCount":3,"logLevels":{},"enableDirectConnect":true,"strictSSL":true,"_":"65 more keys: [\"cacheDir\",\"port\",\"requestedCapabilities\",\"automationProtocol\",\"baseUrl\",\"waitforInterval\",\"waitforTimeout\",\"onReload\",\"beforeCommand\",\"afterCommand\",\"rootDir\",\"specs\",\"suites\",\"exclude\",\"groupLogsByTestSpec\",\"excludeDriverLogs\",\"bail\",\"framework\",\"reporters\",\"services\",\"maxInstances\",\"maxInstancesPerCapability\",\"injectGlobals\",\"filesToWatch\",\"execArgv\",\"runnerEnv\",\"runner\",\"shard\",\"specFileRetries\",\"specFileRetriesDelay\",\"specFileRetriesDeferred\",\"reporterSyncInterval\",\"reporterSyncTimeout\",\"cucumberFeaturesWithLineNumbers\",\"autoCompileOpts\",\"mochaOpts\",\"jasmineOpts\",\"cucumberOpts\",\"onPrepare\",\"onWorkerStart\",\"onWorkerEnd\",\"before\",\"beforeSession\",\"beforeSuite\",\"beforeHook\",\"beforeTest\",\"afterTest\",\"afterHook\",\"afterSuite\",\"afterSession\",\"after\",\"onComplete\",\"beforeAssertion\",\"afterAssertion\",\"beforeFeature\",\"beforeScenario\",\"beforeStep\",\"afterStep\",\"afterScenario\",\"afterFeature\",\"_\",\"suite\",\"$0\",\"ignoredWorkerServices\",\"wdi5\"]"}]}
COMMAND: POST /session/39d2cc3d4aadadb3bd833599b4f4dfae/execute/async - {"script":"<script> [21126 bytes]","args":[35000]}
RESULT: {"script":"<script> [21126 bytes]","args":[35000]}
]]></system-out>
    </testcase>
  </testsuite>
  <testsuite timestamp="2025-05-15T18:08:52" time="641.789" tests="12" failures="0" errors="0" skipped="0">
    <properties>
      <property name="specId" value="0" />
      <property name="suiteName" value="Create Reverse Billing US127248" />
      <property name="capabilities" value="chrome.136_0_7103_93.windows" />
      <property name="file" value="file:///D:/a/1/s/test/specs/BTS/reverse-billing.spec.js" />
    </properties>
    <testcase classname="chrome.136_0_7103_93.windows.Create_Reverse_Billing_US127248" name="Should create a new yard" time="0.019">
      <system-out><![CDATA[
COMMAND: POST /session/39d2cc3d4aadadb3bd833599b4f4dfae/window/fullscreen - {}
RESULT: {}
]]></system-out>
    </testcase>
    <testcase classname="chrome.136_0_7103_93.windows.Create_Reverse_Billing_US127248" name="Should create a new partner" time="0.004" />
    <testcase classname="chrome.136_0_7103_93.windows.Create_Reverse_Billing_US127248" name="Should create a new site" time="0.003" />
    <testcase classname="chrome.136_0_7103_93.windows.Create_Reverse_Billing_US127248" name="Should create a resource" time="133.345">
      <system-out><![CDATA[
COMMAND: POST /session/39d2cc3d4aadadb3bd833599b4f4dfae/execute/async - {"script":"<script> [1562 bytes]","args":[{"selector":{"controlType":"sap.m.GenericTile","properties":{"header":"Manage Resources"}},"wdio_ui5_key":"sapm.GenericTile{\"header\":\"Manage Resources\"}"}]}
RESULT: {"script":"<script> [1562 bytes]","args":[{"selector":{"controlType":"sap.m.GenericTile","properties":{"header":"Manage Resources"}},"wdio_ui5_key":"sapm.GenericTile{\"header\":\"Manage Resources\"}"}]}
RESULT: undefined
COMMAND: POST /session/39d2cc3d4aadadb3bd833599b4f4dfae/element - {"using":"xpath","value":"//*[@id=\"__tile39\"]"}
RESULT: {"using":"xpath","value":"//*[@id=\"__tile39\"]"}
COMMAND: POST /session/39d2cc3d4aadadb3bd833599b4f4dfae/element/f.B301C1F41FC6B7F2328A32BBCA4D6847.d.A887DBF50B51587284274F98ED1752E2.e.13485/click - {}
RESULT: {}
COMMAND: GET /session/39d2cc3d4aadadb3bd833599b4f4dfae/screenshot - {}
RESULT: {}
COMMAND: POST /session/39d2cc3d4aadadb3bd833599b4f4dfae/elements - {"using":"xpath","value":"//span[text()='Error']"}
RESULT: {"using":"xpath","value":"//span[text()='Error']"}
COMMAND: POST /session/39d2cc3d4aadadb3bd833599b4f4dfae/element - {"using":"xpath","value":"//button[@data-kt=\"addNewRUOverflowToolbarButton\"]"}
RESULT: {"using":"xpath","value":"//button[@data-kt=\"addNewRUOverflowToolbarButton\"]"}
COMMAND: POST /session/39d2cc3d4aadadb3bd833599b4f4dfae/elements - {"using":"xpath","value":"//button[@data-kt=\"addNewRUOverflowToolbarButton\"]"}
RESULT: {"using":"xpath","value":"//button[@data-kt=\"addNewRUOverflowToolbarButton\"]"}
COMMAND: POST /session/39d2cc3d4aadadb3bd833599b4f4dfae/elements - {"using":"xpath","value":"//button[@data-kt=\"addNewRUOverflowToolbarButton\"]"}
RESULT: {"using":"xpath","value":"//button[@data-kt=\"addNewRUOverflowToolbarButton\"]"}
COMMAND: POST /session/39d2cc3d4aadadb3bd833599b4f4dfae/element - {"using":"xpath","value":"//button[@data-kt=\"addNewRUOverflowToolbarButton\"]"}
RESULT: {"using":"xpath","value":"//button[@data-kt=\"addNewRUOverflowToolbarButton\"]"}
COMMAND: POST /session/39d2cc3d4aadadb3bd833599b4f4dfae/execute/sync - {"script":"<script> [8489 bytes]","args":[{"element-6066-11e4-a52e-4f735466cecf":"f.B301C1F41FC6B7F2328A32BBCA4D6847.d.A887DBF50B51587284274F98ED1752E2.e.13624","ELEMENT":"f.B301C1F41FC6B7F2328A32BBCA4D6847.d.A887DBF50B51587284274F98ED1752E2.e.13624"}]}
RESULT: {"script":"<script> [8489 bytes]","args":[{"element-6066-11e4-a52e-4f735466cecf":"f.B301C1F41FC6B7F2328A32BBCA4D6847.d.A887DBF50B51587284274F98ED1752E2.e.13624","ELEMENT":"f.B301C1F41FC6B7F2328A32BBCA4D6847.d.A887DBF50B51587284274F98ED1752E2.e.13624"}]}
COMMAND: GET /session/39d2cc3d4aadadb3bd833599b4f4dfae/element/f.B301C1F41FC6B7F2328A32BBCA4D6847.d.A887DBF50B51587284274F98ED1752E2.e.13624/enabled - {}
COMMAND: GET /session/39d2cc3d4aadadb3bd833599b4f4dfae/screenshot - {}
RESULT: {}
COMMAND: POST /session/39d2cc3d4aadadb3bd833599b4f4dfae/execute/sync - {"script":"<script> [8489 bytes]","args":[{"element-6066-11e4-a52e-4f735466cecf":"f.B301C1F41FC6B7F2328A32BBCA4D6847.d.A887DBF50B51587284274F98ED1752E2.e.13624","ELEMENT":"f.B301C1F41FC6B7F2328A32BBCA4D6847.d.A887DBF50B51587284274F98ED1752E2.e.13624"}]}
COMMAND: GET /session/39d2cc3d4aadadb3bd833599b4f4dfae/screenshot - {}
RESULT: {}
RESULT: {"script":"<script> [8489 bytes]","args":[{"element-6066-11e4-a52e-4f735466cecf":"f.B301C1F41FC6B7F2328A32BBCA4D6847.d.A887DBF50B51587284274F98ED1752E2.e.13624","ELEMENT":"f.B301C1F41FC6B7F2328A32BBCA4D6847.d.A887DBF50B51587284274F98ED1752E2.e.13624"}]}
COMMAND: POST /session/39d2cc3d4aadadb3bd833599b4f4dfae/execute/sync - {"script":"<script> [5351 bytes]","args":[{"element-6066-11e4-a52e-4f735466cecf":"f.B301C1F41FC6B7F2328A32BBCA4D6847.d.A887DBF50B51587284274F98ED1752E2.e.13624","ELEMENT":"f.B301C1F41FC6B7F2328A32BBCA4D6847.d.A887DBF50B51587284274F98ED1752E2.e.13624"}]}
RESULT: {}
COMMAND: GET /session/39d2cc3d4aadadb3bd833599b4f4dfae/screenshot - {}
RESULT: {"script":"<script> [5351 bytes]","args":[{"element-6066-11e4-a52e-4f735466cecf":"f.B301C1F41FC6B7F2328A32BBCA4D6847.d.A887DBF50B51587284274F98ED1752E2.e.13624","ELEMENT":"f.B301C1F41FC6B7F2328A32BBCA4D6847.d.A887DBF50B51587284274F98ED1752E2.e.13624"}]}
COMMAND: POST /session/39d2cc3d4aadadb3bd833599b4f4dfae/element/f.B301C1F41FC6B7F2328A32BBCA4D6847.d.A887DBF50B51587284274F98ED1752E2.e.13624/click - {}
COMMAND: GET /session/39d2cc3d4aadadb3bd833599b4f4dfae/screenshot - {}
RESULT: {}
RESULT: {}
COMMAND: GET /session/39d2cc3d4aadadb3bd833599b4f4dfae/screenshot - {}
COMMAND: POST /session/39d2cc3d4aadadb3bd833599b4f4dfae/execute/async - {"script":"<script> [1562 bytes]","args":[{"selector":{"id":"application-manageresources-display-component---newResourceUnit--TYPE-arrow"},"wdio_ui5_key":"applicationmanageresources-display-component---newResourceUnit--TYPE-arrow"}]}
RESULT: {}
RESULT: {}
RESULT: {"script":"<script> [1562 bytes]","args":[{"selector":{"id":"application-manageresources-display-component---newResourceUnit--TYPE-arrow"},"wdio_ui5_key":"applicationmanageresources-display-component---newResourceUnit--TYPE-arrow"}]}
RESULT: undefined
COMMAND: POST /session/39d2cc3d4aadadb3bd833599b4f4dfae/element - {"using":"xpath","value":"//*[@id=\"application-manageresources-display-component---newResourceUnit--TYPE-arrow\"]"}
RESULT: {"using":"xpath","value":"//*[@id=\"application-manageresources-display-component---newResourceUnit--TYPE-arrow\"]"}
COMMAND: POST /session/39d2cc3d4aadadb3bd833599b4f4dfae/element/f.B301C1F41FC6B7F2328A32BBCA4D6847.d.A887DBF50B51587284274F98ED1752E2.e.13985/click - {}
RESULT: {}
COMMAND: POST /session/39d2cc3d4aadadb3bd833599b4f4dfae/element - {"using":"xpath","value":"//input[@id=\"application-manageresources-display-component---newResourceUnit--TYPE-inner\"]"}
COMMAND: GET /session/39d2cc3d4aadadb3bd833599b4f4dfae/screenshot - {}
RESULT: {"using":"xpath","value":"//input[@id=\"application-manageresources-display-component---newResourceUnit--TYPE-inner\"]"}
COMMAND: POST /session/39d2cc3d4aadadb3bd833599b4f4dfae/element/f.B301C1F41FC6B7F2328A32BBCA4D6847.d.A887DBF50B51587284274F98ED1752E2.e.13981/clear - {}
RESULT: {}
RESULT: {}
COMMAND: POST /session/39d2cc3d4aadadb3bd833599b4f4dfae/element/f.B301C1F41FC6B7F2328A32BBCA4D6847.d.A887DBF50B51587284274F98ED1752E2.e.13981/value - {"text":"Equipment"}
COMMAND: GET /session/39d2cc3d4aadadb3bd833599b4f4dfae/screenshot - {}
RESULT: {"text":"Equipment"}
COMMAND: GET /session/39d2cc3d4aadadb3bd833599b4f4dfae/screenshot - {}
RESULT: {}
RESULT: {}
COMMAND: POST /session/39d2cc3d4aadadb3bd833599b4f4dfae/actions - {"actions":[{"id":"action50","type":"key","parameters":{},"actions":[{"type":"keyDown","value":"î€‡"},{"type":"pause","duration":10},{"type":"keyUp","value":"î€‡"}]}]}
RESULT: {"actions":[{"id":"action50","type":"key","parameters":{},"actions":[{"type":"keyDown","value":"î€‡"},{"type":"pause","duration":10},{"type":"keyUp","value":"î€‡"}]}]}
COMMAND: POST /session/39d2cc3d4aadadb3bd833599b4f4dfae/execute/async - {"script":"<script> [1562 bytes]","args":[{"selector":{"id":"application-manageresources-display-component---newResourceUnit--resourceId","interaction":{"idSuffix":"inner"}},"wdio_ui5_key":"applicationmanageresources-display-component---newResourceUnit--resourceId"}]}
COMMAND: GET /session/39d2cc3d4aadadb3bd833599b4f4dfae/screenshot - {}
RESULT: {"script":"<script> [1562 bytes]","args":[{"selector":{"id":"application-manageresources-display-component---newResourceUnit--resourceId","interaction":{"idSuffix":"inner"}},"wdio_ui5_key":"applicationmanageresources-display-component---newResourceUnit--resourceId"}]}
RESULT: undefined
COMMAND: POST /session/39d2cc3d4aadadb3bd833599b4f4dfae/execute/async - {"script":"<script> [776 bytes]","args":[{"enterText":"XvumuBmsmh","selector":{"id":"application-manageresources-display-component---newResourceUnit--resourceId","interaction":{"idSuffix":"inner"}},"clearTextFirst":true,"interactionType":"ENTER_TEXT"}]}
RESULT: {}
RESULT: {"script":"<script> [776 bytes]","args":[{"enterText":"XvumuBmsmh","selector":{"id":"application-manageresources-display-component---newResourceUnit--resourceId","interaction":{"idSuffix":"inner"}},"clearTextFirst":true,"interactionType":"ENTER_TEXT"}]}
COMMAND: POST /session/39d2cc3d4aadadb3bd833599b4f4dfae/execute/async - {"script":"<script> [1562 bytes]","args":[{"selector":{"id":"application-manageresources-display-component---newResourceUnit--SHORT_TEXT","interaction":{"idSuffix":"inner"}},"wdio_ui5_key":"applicationmanageresources-display-component---newResourceUnit--SHORT_TEXT"}]}
RESULT: {"script":"<script> [1562 bytes]","args":[{"selector":{"id":"application-manageresources-display-component---newResourceUnit--SHORT_TEXT","interaction":{"idSuffix":"inner"}},"wdio_ui5_key":"applicationmanageresources-display-component---newResourceUnit--SHORT_TEXT"}]}
RESULT: undefined
COMMAND: POST /session/39d2cc3d4aadadb3bd833599b4f4dfae/execute/async - {"script":"<script> [776 bytes]","args":[{"enterText":"Intercompany Equipment WDIO","selector":{"id":"application-manageresources-display-component---newResourceUnit--SHORT_TEXT","interaction":{"idSuffix":"inner"}},"clearTextFirst":true,"interactionType":"ENTER_TEXT"}]}
RESULT: {"script":"<script> [776 bytes]","args":[{"enterText":"Intercompany Equipment WDIO","selector":{"id":"application-manageresources-display-component---newResourceUnit--SHORT_TEXT","interaction":{"idSuffix":"inner"}},"clearTextFirst":true,"interactionType":"ENTER_TEXT"}]}
COMMAND: POST /session/39d2cc3d4aadadb3bd833599b4f4dfae/execute/async - {"script":"<script> [1562 bytes]","args":[{"selector":{"id":"application-manageresources-display-component---newResourceUnit--BASE_UNIT_OF_MEASURE","interaction":{"idSuffix":"inner"}},"wdio_ui5_key":"applicationmanageresources-display-component---newResourceUnit--BASE_UNIT_OF_MEASURE"}]}
RESULT: {"script":"<script> [1562 bytes]","args":[{"selector":{"id":"application-manageresources-display-component---newResourceUnit--BASE_UNIT_OF_MEASURE","interaction":{"idSuffix":"inner"}},"wdio_ui5_key":"applicationmanageresources-display-component---newResourceUnit--BASE_UNIT_OF_MEASURE"}]}
RESULT: undefined
COMMAND: POST /session/39d2cc3d4aadadb3bd833599b4f4dfae/execute/async - {"script":"<script> [776 bytes]","args":[{"enterText":"Piece","selector":{"id":"application-manageresources-display-component---newResourceUnit--BASE_UNIT_OF_MEASURE","interaction":{"idSuffix":"inner"}},"clearTextFirst":true,"interactionType":"ENTER_TEXT"}]}
RESULT: {"script":"<script> [776 bytes]","args":[{"enterText":"Piece","selector":{"id":"application-manageresources-display-component---newResourceUnit--BASE_UNIT_OF_MEASURE","interaction":{"idSuffix":"inner"}},"clearTextFirst":true,"interactionType":"ENTER_TEXT"}]}
COMMAND: POST /session/39d2cc3d4aadadb3bd833599b4f4dfae/execute/async - {"script":"<script> [1562 bytes]","args":[{"selector":{"id":"application-manageresources-display-component---newResourceUnit--WEIGHT_UNIT","interaction":{"idSuffix":"inner"}},"wdio_ui5_key":"applicationmanageresources-display-component---newResourceUnit--WEIGHT_UNIT"}]}
RESULT: {"script":"<script> [1562 bytes]","args":[{"selector":{"id":"application-manageresources-display-component---newResourceUnit--WEIGHT_UNIT","interaction":{"idSuffix":"inner"}},"wdio_ui5_key":"applicationmanageresources-display-component---newResourceUnit--WEIGHT_UNIT"}]}
RESULT: undefined
COMMAND: POST /session/39d2cc3d4aadadb3bd833599b4f4dfae/execute/async - {"script":"<script> [776 bytes]","args":[{"enterText":"Gram","selector":{"id":"application-manageresources-display-component---newResourceUnit--WEIGHT_UNIT","interaction":{"idSuffix":"inner"}},"clearTextFirst":true,"interactionType":"ENTER_TEXT"}]}
RESULT: {"script":"<script> [776 bytes]","args":[{"enterText":"Gram","selector":{"id":"application-manageresources-display-component---newResourceUnit--WEIGHT_UNIT","interaction":{"idSuffix":"inner"}},"clearTextFirst":true,"interactionType":"ENTER_TEXT"}]}
COMMAND: POST /session/39d2cc3d4aadadb3bd833599b4f4dfae/execute/async - {"script":"<script> [1562 bytes]","args":[{"selector":{"id":"application-manageresources-display-component---newResourceUnit--DIMENSION_UNIT","interaction":{"idSuffix":"inner"}},"wdio_ui5_key":"applicationmanageresources-display-component---newResourceUnit--DIMENSION_UNIT"}]}
RESULT: {"script":"<script> [1562 bytes]","args":[{"selector":{"id":"application-manageresources-display-component---newResourceUnit--DIMENSION_UNIT","interaction":{"idSuffix":"inner"}},"wdio_ui5_key":"applicationmanageresources-display-component---newResourceUnit--DIMENSION_UNIT"}]}
RESULT: undefined
COMMAND: POST /session/39d2cc3d4aadadb3bd833599b4f4dfae/execute/async - {"script":"<script> [776 bytes]","args":[{"enterText":"Meter","selector":{"id":"application-manageresources-display-component---newResourceUnit--DIMENSION_UNIT","interaction":{"idSuffix":"inner"}},"clearTextFirst":true,"interactionType":"ENTER_TEXT"}]}
RESULT: {"script":"<script> [776 bytes]","args":[{"enterText":"Meter","selector":{"id":"application-manageresources-display-component---newResourceUnit--DIMENSION_UNIT","interaction":{"idSuffix":"inner"}},"clearTextFirst":true,"interactionType":"ENTER_TEXT"}]}
COMMAND: POST /session/39d2cc3d4aadadb3bd833599b4f4dfae/execute/async - {"script":"<script> [1562 bytes]","args":[{"selector":{"id":"application-manageresources-display-component---newResourceUnit--newRRUPage-anchBar-application-manageresources-display-component---newResourceUnit--control-anchor","interaction":{"idSuffix":"BDI-content"}},"wdio_ui5_key":"applicationmanageresources-display-component---newResourceUnit--newRRUPage-anchBar-application-manageresources-display-component---newResourceUnit--control-anchor"}]}
RESULT: {"script":"<script> [1562 bytes]","args":[{"selector":{"id":"application-manageresources-display-component---newResourceUnit--newRRUPage-anchBar-application-manageresources-display-component---newResourceUnit--control-anchor","interaction":{"idSuffix":"BDI-content"}},"wdio_ui5_key":"applicationmanageresources-display-component---newResourceUnit--newRRUPage-anchBar-application-manageresources-display-component---newResourceUnit--control-anchor"}]}
RESULT: undefined
COMMAND: POST /session/39d2cc3d4aadadb3bd833599b4f4dfae/element - {"using":"xpath","value":"//*[@id=\"application-manageresources-display-component---newResourceUnit--newRRUPage-anchBar-application-manageresources-display-component---newResourceUnit--control-anchor\"]"}
RESULT: {"using":"xpath","value":"//*[@id=\"application-manageresources-display-component---newResourceUnit--newRRUPage-anchBar-application-manageresources-display-component---newResourceUnit--control-anchor\"]"}
COMMAND: POST /session/39d2cc3d4aadadb3bd833599b4f4dfae/element/f.B301C1F41FC6B7F2328A32BBCA4D6847.d.A887DBF50B51587284274F98ED1752E2.e.14117/click - {}
RESULT: {}
COMMAND: POST /session/39d2cc3d4aadadb3bd833599b4f4dfae/execute/async - {"script":"<script> [1562 bytes]","args":[{"selector":{"id":"application-manageresources-display-component---newResourceUnit--PLANNING_GROUP","interaction":{"idSuffix":"inner"}},"wdio_ui5_key":"applicationmanageresources-display-component---newResourceUnit--PLANNING_GROUP"}]}
COMMAND: GET /session/39d2cc3d4aadadb3bd833599b4f4dfae/screenshot - {}
RESULT: {"script":"<script> [1562 bytes]","args":[{"selector":{"id":"application-manageresources-display-component---newResourceUnit--PLANNING_GROUP","interaction":{"idSuffix":"inner"}},"wdio_ui5_key":"applicationmanageresources-display-component---newResourceUnit--PLANNING_GROUP"}]}
RESULT: undefined
COMMAND: POST /session/39d2cc3d4aadadb3bd833599b4f4dfae/execute/async - {"script":"<script> [776 bytes]","args":[{"enterText":"Heavy Equi","selector":{"id":"application-manageresources-display-component---newResourceUnit--PLANNING_GROUP","interaction":{"idSuffix":"inner"}},"clearTextFirst":true,"interactionType":"ENTER_TEXT"}]}
RESULT: {}
RESULT: {"script":"<script> [776 bytes]","args":[{"enterText":"Heavy Equi","selector":{"id":"application-manageresources-display-component---newResourceUnit--PLANNING_GROUP","interaction":{"idSuffix":"inner"}},"clearTextFirst":true,"interactionType":"ENTER_TEXT"}]}
COMMAND: POST /session/39d2cc3d4aadadb3bd833599b4f4dfae/execute/async - {"script":"<script> [1562 bytes]","args":[{"selector":{"id":"application-manageresources-display-component---newResourceUnit--ITEM_TYPE-arrow"},"wdio_ui5_key":"applicationmanageresources-display-component---newResourceUnit--ITEM_TYPE-arrow"}]}
RESULT: {"script":"<script> [1562 bytes]","args":[{"selector":{"id":"application-manageresources-display-component---newResourceUnit--ITEM_TYPE-arrow"},"wdio_ui5_key":"applicationmanageresources-display-component---newResourceUnit--ITEM_TYPE-arrow"}]}
RESULT: undefined
COMMAND: POST /session/39d2cc3d4aadadb3bd833599b4f4dfae/element - {"using":"xpath","value":"//*[@id=\"application-manageresources-display-component---newResourceUnit--ITEM_TYPE-arrow\"]"}
RESULT: {"using":"xpath","value":"//*[@id=\"application-manageresources-display-component---newResourceUnit--ITEM_TYPE-arrow\"]"}
COMMAND: POST /session/39d2cc3d4aadadb3bd833599b4f4dfae/element/f.B301C1F41FC6B7F2328A32BBCA4D6847.d.A887DBF50B51587284274F98ED1752E2.e.14124/click - {}
RESULT: {}
COMMAND: POST /session/39d2cc3d4aadadb3bd833599b4f4dfae/element - {"using":"xpath","value":"(//span[contains(text(), \"Resource Unit\")])[2]"}
COMMAND: GET /session/39d2cc3d4aadadb3bd833599b4f4dfae/screenshot - {}
RESULT: {"using":"xpath","value":"(//span[contains(text(), \"Resource Unit\")])[2]"}
COMMAND: POST /session/39d2cc3d4aadadb3bd833599b4f4dfae/element/f.B301C1F41FC6B7F2328A32BBCA4D6847.d.A887DBF50B51587284274F98ED1752E2.e.14125/click - {}
RESULT: {}
RESULT: {}
COMMAND: GET /session/39d2cc3d4aadadb3bd833599b4f4dfae/screenshot - {}
RESULT: {}
COMMAND: POST /session/39d2cc3d4aadadb3bd833599b4f4dfae/element - {"using":"css selector","value":"#application-manageresources-display-component---newResourceUnit--btnAddTimeSegment"}
RESULT: {"using":"css selector","value":"#application-manageresources-display-component---newResourceUnit--btnAddTimeSegment"}
COMMAND: GET /session/39d2cc3d4aadadb3bd833599b4f4dfae/element/f.B301C1F41FC6B7F2328A32BBCA4D6847.d.A887DBF50B51587284274F98ED1752E2.e.14126/rect - {}
RESULT: {}
COMMAND: GET /session/39d2cc3d4aadadb3bd833599b4f4dfae/window/rect - {}
RESULT: {}
COMMAND: POST /session/39d2cc3d4aadadb3bd833599b4f4dfae/execute/sync - {"script":"<script> [92 bytes]","args":[]}
RESULT: {"script":"<script> [92 bytes]","args":[]}
COMMAND: POST /session/39d2cc3d4aadadb3bd833599b4f4dfae/actions - {"actions":[{"id":"action51","type":"wheel","parameters":{},"actions":[{"type":"scroll","x":-1888,"y":-32,"deltaX":0,"deltaY":0,"duration":0,"origin":{"element-6066-11e4-a52e-4f735466cecf":"f.B301C1F41FC6B7F2328A32BBCA4D6847.d.A887DBF50B51587284274F98ED1752E2.e.14126"}}]}]}
COMMAND: GET /session/39d2cc3d4aadadb3bd833599b4f4dfae/screenshot - {}
RESULT: {}
COMMAND: POST /session/39d2cc3d4aadadb3bd833599b4f4dfae/execute/sync - {"script":"<script> [79 bytes]","args":[{"element-6066-11e4-a52e-4f735466cecf":"f.B301C1F41FC6B7F2328A32BBCA4D6847.d.A887DBF50B51587284274F98ED1752E2.e.14126","ELEMENT":"f.B301C1F41FC6B7F2328A32BBCA4D6847.d.A887DBF50B51587284274F98ED1752E2.e.14126"},{"block":"start","inline":"nearest"}]}
RESULT: {"script":"<script> [79 bytes]","args":[{"element-6066-11e4-a52e-4f735466cecf":"f.B301C1F41FC6B7F2328A32BBCA4D6847.d.A887DBF50B51587284274F98ED1752E2.e.14126","ELEMENT":"f.B301C1F41FC6B7F2328A32BBCA4D6847.d.A887DBF50B51587284274F98ED1752E2.e.14126"},{"block":"start","inline":"nearest"}]}
COMMAND: POST /session/39d2cc3d4aadadb3bd833599b4f4dfae/execute/async - {"script":"<script> [1562 bytes]","args":[{"selector":{"id":"application-manageresources-display-component---newResourceUnit--btnAddTimeSegment","interaction":{"idSuffix":"inner"}},"wdio_ui5_key":"applicationmanageresources-display-component---newResourceUnit--btnAddTimeSegment"}]}
COMMAND: GET /session/39d2cc3d4aadadb3bd833599b4f4dfae/screenshot - {}
RESULT: {"script":"<script> [1562 bytes]","args":[{"selector":{"id":"application-manageresources-display-component---newResourceUnit--btnAddTimeSegment","interaction":{"idSuffix":"inner"}},"wdio_ui5_key":"applicationmanageresources-display-component---newResourceUnit--btnAddTimeSegment"}]}
RESULT: undefined
COMMAND: POST /session/39d2cc3d4aadadb3bd833599b4f4dfae/element - {"using":"xpath","value":"//*[@id=\"application-manageresources-display-component---newResourceUnit--btnAddTimeSegment\"]"}
RESULT: {}
RESULT: {"using":"xpath","value":"//*[@id=\"application-manageresources-display-component---newResourceUnit--btnAddTimeSegment\"]"}
COMMAND: POST /session/39d2cc3d4aadadb3bd833599b4f4dfae/element/f.B301C1F41FC6B7F2328A32BBCA4D6847.d.A887DBF50B51587284274F98ED1752E2.e.14126/click - {}
RESULT: {}
COMMAND: GET /session/39d2cc3d4aadadb3bd833599b4f4dfae/screenshot - {}
RESULT: {}
COMMAND: POST /session/39d2cc3d4aadadb3bd833599b4f4dfae/element - {"using":"xpath","value":"//input[@id=\"application-manageresources-display-component---newResourceUnit--idRuTSAdmin-application-manageresources-display-component---newResourceUnit--RUTimeSegment-0-inner\"]"}
RESULT: {"using":"xpath","value":"//input[@id=\"application-manageresources-display-component---newResourceUnit--idRuTSAdmin-application-manageresources-display-component---newResourceUnit--RUTimeSegment-0-inner\"]"}
COMMAND: POST /session/39d2cc3d4aadadb3bd833599b4f4dfae/element/f.B301C1F41FC6B7F2328A32BBCA4D6847.d.A887DBF50B51587284274F98ED1752E2.e.14132/clear - {}
RESULT: {}
COMMAND: POST /session/39d2cc3d4aadadb3bd833599b4f4dfae/element/f.B301C1F41FC6B7F2328A32BBCA4D6847.d.A887DBF50B51587284274F98ED1752E2.e.14132/value - {"text":"416"}
COMMAND: GET /session/39d2cc3d4aadadb3bd833599b4f4dfae/screenshot - {}
RESULT: {"text":"416"}
COMMAND: GET /session/39d2cc3d4aadadb3bd833599b4f4dfae/screenshot - {}
RESULT: {}
RESULT: {}
COMMAND: POST /session/39d2cc3d4aadadb3bd833599b4f4dfae/element - {"using":"xpath","value":"//li[.//span[text()='416']]"}
RESULT: {"using":"xpath","value":"//li[.//span[text()='416']]"}
COMMAND: POST /session/39d2cc3d4aadadb3bd833599b4f4dfae/element/f.B301C1F41FC6B7F2328A32BBCA4D6847.d.A887DBF50B51587284274F98ED1752E2.e.14143/click - {}
RESULT: {}
COMMAND: GET /session/39d2cc3d4aadadb3bd833599b4f4dfae/screenshot - {}
RESULT: {}
COMMAND: POST /session/39d2cc3d4aadadb3bd833599b4f4dfae/element - {"using":"xpath","value":"(//span[contains(@id, \"-application-manageresources-display-component---newResourceUnit--RUTimeSegment-0-arrow\")])[6]"}
RESULT: {"using":"xpath","value":"(//span[contains(@id, \"-application-manageresources-display-component---newResourceUnit--RUTimeSegment-0-arrow\")])[6]"}
COMMAND: POST /session/39d2cc3d4aadadb3bd833599b4f4dfae/element/f.B301C1F41FC6B7F2328A32BBCA4D6847.d.A887DBF50B51587284274F98ED1752E2.e.14144/click - {}
RESULT: {}
COMMAND: GET /session/39d2cc3d4aadadb3bd833599b4f4dfae/screenshot - {}
RESULT: {}
COMMAND: POST /session/39d2cc3d4aadadb3bd833599b4f4dfae/element - {"using":"xpath","value":"//span[contains(text(), \"PM Order\")]"}
RESULT: {"using":"xpath","value":"//span[contains(text(), \"PM Order\")]"}
COMMAND: POST /session/39d2cc3d4aadadb3bd833599b4f4dfae/element/f.B301C1F41FC6B7F2328A32BBCA4D6847.d.A887DBF50B51587284274F98ED1752E2.e.14147/click - {}
RESULT: {}
COMMAND: GET /session/39d2cc3d4aadadb3bd833599b4f4dfae/screenshot - {}
RESULT: {}
COMMAND: POST /session/39d2cc3d4aadadb3bd833599b4f4dfae/element - {"using":"xpath","value":"(//span[contains(@id ,\"manageresources-display-component---newResourceUnit--RUTimeSegment-0-vhi\")])[1]"}
RESULT: {"using":"xpath","value":"(//span[contains(@id ,\"manageresources-display-component---newResourceUnit--RUTimeSegment-0-vhi\")])[1]"}
COMMAND: GET /session/39d2cc3d4aadadb3bd833599b4f4dfae/element/f.B301C1F41FC6B7F2328A32BBCA4D6847.d.A887DBF50B51587284274F98ED1752E2.e.14151/rect - {}
RESULT: {}
COMMAND: GET /session/39d2cc3d4aadadb3bd833599b4f4dfae/window/rect - {}
RESULT: {}
COMMAND: POST /session/39d2cc3d4aadadb3bd833599b4f4dfae/execute/sync - {"script":"<script> [92 bytes]","args":[]}
RESULT: {"script":"<script> [92 bytes]","args":[]}
COMMAND: POST /session/39d2cc3d4aadadb3bd833599b4f4dfae/actions - {"actions":[{"id":"action52","type":"wheel","parameters":{},"actions":[{"type":"scroll","x":-869,"y":-24,"deltaX":0,"deltaY":0,"duration":0,"origin":{"element-6066-11e4-a52e-4f735466cecf":"f.B301C1F41FC6B7F2328A32BBCA4D6847.d.A887DBF50B51587284274F98ED1752E2.e.14151"}}]}]}
COMMAND: GET /session/39d2cc3d4aadadb3bd833599b4f4dfae/screenshot - {}
RESULT: {"actions":[{"id":"action52","type":"wheel","parameters":{},"actions":[{"type":"scroll","x":-869,"y":-24,"deltaX":0,"deltaY":0,"duration":0,"origin":{"element-6066-11e4-a52e-4f735466cecf":"f.B301C1F41FC6B7F2328A32BBCA4D6847.d.A887DBF50B51587284274F98ED1752E2.e.14151"}}]}]}
COMMAND: DELETE /session/39d2cc3d4aadadb3bd833599b4f4dfae/actions - {}
COMMAND: GET /session/39d2cc3d4aadadb3bd833599b4f4dfae/screenshot - {}
RESULT: {}
RESULT: {}
COMMAND: GET /session/39d2cc3d4aadadb3bd833599b4f4dfae/screenshot - {}
RESULT: {}
RESULT: {}
COMMAND: POST /session/39d2cc3d4aadadb3bd833599b4f4dfae/element/f.B301C1F41FC6B7F2328A32BBCA4D6847.d.A887DBF50B51587284274F98ED1752E2.e.14151/click - {}
RESULT: {}
COMMAND: GET /session/39d2cc3d4aadadb3bd833599b4f4dfae/screenshot - {}
RESULT: {}
COMMAND: POST /session/39d2cc3d4aadadb3bd833599b4f4dfae/execute/async - {"script":"<script> [1562 bytes]","args":[{"selector":{"controlType":"sap.m.SearchField","properties":{"placeholder":"Search"},"searchOpenDialogs":true,"interaction":{"idSuffix":"I"}},"wdio_ui5_key":"sapm.SearchField{\"placeholder\":\"Search\"}"}]}
RESULT: {"script":"<script> [1562 bytes]","args":[{"selector":{"controlType":"sap.m.SearchField","properties":{"placeholder":"Search"},"searchOpenDialogs":true,"interaction":{"idSuffix":"I"}},"wdio_ui5_key":"sapm.SearchField{\"placeholder\":\"Search\"}"}]}
RESULT: undefined
COMMAND: POST /session/39d2cc3d4aadadb3bd833599b4f4dfae/execute/async - {"script":"<script> [776 bytes]","args":[{"enterText":"4000360","selector":{"controlType":"sap.m.SearchField","properties":{"placeholder":"Search"},"searchOpenDialogs":true,"interaction":{"idSuffix":"I"}},"clearTextFirst":true,"interactionType":"ENTER_TEXT"}]}
RESULT: {"script":"<script> [776 bytes]","args":[{"enterText":"4000360","selector":{"controlType":"sap.m.SearchField","properties":{"placeholder":"Search"},"searchOpenDialogs":true,"interaction":{"idSuffix":"I"}},"clearTextFirst":true,"interactionType":"ENTER_TEXT"}]}
COMMAND: POST /session/39d2cc3d4aadadb3bd833599b4f4dfae/actions - {"actions":[{"id":"action53","type":"key","parameters":{},"actions":[{"type":"keyDown","value":"î€‡"},{"type":"pause","duration":10},{"type":"keyUp","value":"î€‡"}]}]}
RESULT: {"actions":[{"id":"action53","type":"key","parameters":{},"actions":[{"type":"keyDown","value":"î€‡"},{"type":"pause","duration":10},{"type":"keyUp","value":"î€‡"}]}]}
COMMAND: GET /session/39d2cc3d4aadadb3bd833599b4f4dfae/screenshot - {}
RESULT: {}
COMMAND: POST /session/39d2cc3d4aadadb3bd833599b4f4dfae/element - {"using":"xpath","value":"//td/div/span[contains(text(), \"BGL Vehicles\")]"}
RESULT: {"using":"xpath","value":"//td/div/span[contains(text(), \"BGL Vehicles\")]"}
COMMAND: POST /session/39d2cc3d4aadadb3bd833599b4f4dfae/element/f.B301C1F41FC6B7F2328A32BBCA4D6847.d.A887DBF50B51587284274F98ED1752E2.e.14173/click - {}
RESULT: {}
COMMAND: GET /session/39d2cc3d4aadadb3bd833599b4f4dfae/screenshot - {}
RESULT: {}
COMMAND: POST /session/39d2cc3d4aadadb3bd833599b4f4dfae/element - {"using":"xpath","value":"//bdi[contains(text(), \"OK\")]"}
RESULT: {"using":"xpath","value":"//bdi[contains(text(), \"OK\")]"}
COMMAND: POST /session/39d2cc3d4aadadb3bd833599b4f4dfae/element/f.B301C1F41FC6B7F2328A32BBCA4D6847.d.A887DBF50B51587284274F98ED1752E2.e.14174/click - {}
RESULT: {}
COMMAND: GET /session/39d2cc3d4aadadb3bd833599b4f4dfae/screenshot - {}
RESULT: {}
COMMAND: POST /session/39d2cc3d4aadadb3bd833599b4f4dfae/execute/async - {"script":"<script> [1562 bytes]","args":[{"selector":{"id":"application-manageresources-display-component---newResourceUnit--newRRUPage-anchBar-application-manageresources-display-component---newResourceUnit--resource-anchor","interaction":{"idSuffix":"BDI-content"}},"wdio_ui5_key":"applicationmanageresources-display-component---newResourceUnit--newRRUPage-anchBar-application-manageresources-display-component---newResourceUnit--resource-anchor"}]}
RESULT: {"script":"<script> [1562 bytes]","args":[{"selector":{"id":"application-manageresources-display-component---newResourceUnit--newRRUPage-anchBar-application-manageresources-display-component---newResourceUnit--resource-anchor","interaction":{"idSuffix":"BDI-content"}},"wdio_ui5_key":"applicationmanageresources-display-component---newResourceUnit--newRRUPage-anchBar-application-manageresources-display-component---newResourceUnit--resource-anchor"}]}
RESULT: undefined
COMMAND: POST /session/39d2cc3d4aadadb3bd833599b4f4dfae/element - {"using":"xpath","value":"//*[@id=\"application-manageresources-display-component---newResourceUnit--newRRUPage-anchBar-application-manageresources-display-component---newResourceUnit--resource-anchor\"]"}
RESULT: {"using":"xpath","value":"//*[@id=\"application-manageresources-display-component---newResourceUnit--newRRUPage-anchBar-application-manageresources-display-component---newResourceUnit--resource-anchor\"]"}
COMMAND: POST /session/39d2cc3d4aadadb3bd833599b4f4dfae/element/f.B301C1F41FC6B7F2328A32BBCA4D6847.d.A887DBF50B51587284274F98ED1752E2.e.14178/click - {}
RESULT: {}
COMMAND: POST /session/39d2cc3d4aadadb3bd833599b4f4dfae/execute/async - {"script":"<script> [1562 bytes]","args":[{"selector":{"id":"application-manageresources-display-component---newResourceUnit--PLANNED_DELIVERY_DATE","interaction":{"idSuffix":"inner"}},"wdio_ui5_key":"applicationmanageresources-display-component---newResourceUnit--PLANNED_DELIVERY_DATE"}]}
COMMAND: GET /session/39d2cc3d4aadadb3bd833599b4f4dfae/screenshot - {}
RESULT: {"script":"<script> [1562 bytes]","args":[{"selector":{"id":"application-manageresources-display-component---newResourceUnit--PLANNED_DELIVERY_DATE","interaction":{"idSuffix":"inner"}},"wdio_ui5_key":"applicationmanageresources-display-component---newResourceUnit--PLANNED_DELIVERY_DATE"}]}
RESULT: undefined
COMMAND: POST /session/39d2cc3d4aadadb3bd833599b4f4dfae/execute/async - {"script":"<script> [6424 bytes]","args":[{"element-6066-11e4-a52e-4f735466cecf":"f.B301C1F41FC6B7F2328A32BBCA4D6847.d.A887DBF50B51587284274F98ED1752E2.e.14042"},"setValue",["5/15/25"]]}
RESULT: {}
RESULT: {"script":"<script> [6424 bytes]","args":[{"element-6066-11e4-a52e-4f735466cecf":"f.B301C1F41FC6B7F2328A32BBCA4D6847.d.A887DBF50B51587284274F98ED1752E2.e.14042"},"setValue",["5/15/25"]]}
COMMAND: POST /session/39d2cc3d4aadadb3bd833599b4f4dfae/element - {"using":"xpath","value":"//label[contains(@class, 'sapMLabelRequired') and .//bdi[contains(text(), 'Planned Retirement')]]"}
RESULT: {"using":"xpath","value":"//label[contains(@class, 'sapMLabelRequired') and .//bdi[contains(text(), 'Planned Retirement')]]"}
COMMAND: POST /session/39d2cc3d4aadadb3bd833599b4f4dfae/elements - {"using":"xpath","value":"//label[contains(@class, 'sapMLabelRequired') and .//bdi[contains(text(), 'Planned Retirement')]]"}
RESULT: {"using":"xpath","value":"//label[contains(@class, 'sapMLabelRequired') and .//bdi[contains(text(), 'Planned Retirement')]]"}
COMMAND: POST /session/39d2cc3d4aadadb3bd833599b4f4dfae/element - {"using":"xpath","value":"//button[@data-kt=\"resourceUnitSaveButton\"]"}
RESULT: {"using":"xpath","value":"//button[@data-kt=\"resourceUnitSaveButton\"]"}
COMMAND: POST /session/39d2cc3d4aadadb3bd833599b4f4dfae/element/f.B301C1F41FC6B7F2328A32BBCA4D6847.d.A887DBF50B51587284274F98ED1752E2.e.14003/click - {}
RESULT: {}
COMMAND: GET /session/39d2cc3d4aadadb3bd833599b4f4dfae/screenshot - {}
RESULT: {}
COMMAND: POST /session/39d2cc3d4aadadb3bd833599b4f4dfae/element - {"using":"xpath","value":"//bdi[contains(text(), \"Close\")]"}
RESULT: {"using":"xpath","value":"//bdi[contains(text(), \"Close\")]"}
COMMAND: POST /session/39d2cc3d4aadadb3bd833599b4f4dfae/element/f.B301C1F41FC6B7F2328A32BBCA4D6847.d.A887DBF50B51587284274F98ED1752E2.e.14188/click - {}
RESULT: {}
COMMAND: GET /session/39d2cc3d4aadadb3bd833599b4f4dfae/screenshot - {}
RESULT: {}
COMMAND: POST /session/39d2cc3d4aadadb3bd833599b4f4dfae/element - {"using":"xpath","value":"(//button[contains(@id ,\"actionsToolbar-overflowButton\")])[1]"}
RESULT: {"using":"xpath","value":"(//button[contains(@id ,\"actionsToolbar-overflowButton\")])[1]"}
COMMAND: POST /session/39d2cc3d4aadadb3bd833599b4f4dfae/element/f.B301C1F41FC6B7F2328A32BBCA4D6847.d.A887DBF50B51587284274F98ED1752E2.e.14217/click - {}
RESULT: {}
COMMAND: GET /session/39d2cc3d4aadadb3bd833599b4f4dfae/screenshot - {}
RESULT: {}
COMMAND: POST /session/39d2cc3d4aadadb3bd833599b4f4dfae/element - {"using":"xpath","value":"//button[@data-kt=\"priceInfoButton\"]"}
RESULT: {"using":"xpath","value":"//button[@data-kt=\"priceInfoButton\"]"}
COMMAND: POST /session/39d2cc3d4aadadb3bd833599b4f4dfae/element/f.B301C1F41FC6B7F2328A32BBCA4D6847.d.A887DBF50B51587284274F98ED1752E2.e.14219/click - {}
RESULT: {}
COMMAND: GET /session/39d2cc3d4aadadb3bd833599b4f4dfae/screenshot - {}
]]></system-out>
    </testcase>
    <testcase classname="chrome.136_0_7103_93.windows.Create_Reverse_Billing_US127248" name="Should create a pricing procedure" time="50.094">
      <system-out><![CDATA[
COMMAND: POST /session/39d2cc3d4aadadb3bd833599b4f4dfae/element - {"using":"xpath","value":"//button[@data-kt=\"addButton\"]"}
RESULT: {}
RESULT: {"using":"xpath","value":"//button[@data-kt=\"addButton\"]"}
COMMAND: POST /session/39d2cc3d4aadadb3bd833599b4f4dfae/elements - {"using":"xpath","value":"//button[@data-kt=\"addButton\"]"}
RESULT: {"using":"xpath","value":"//button[@data-kt=\"addButton\"]"}
COMMAND: POST /session/39d2cc3d4aadadb3bd833599b4f4dfae/execute/sync - {"script":"<script> [8489 bytes]","args":[{"element-6066-11e4-a52e-4f735466cecf":"f.B301C1F41FC6B7F2328A32BBCA4D6847.d.A887DBF50B51587284274F98ED1752E2.e.14255","ELEMENT":"f.B301C1F41FC6B7F2328A32BBCA4D6847.d.A887DBF50B51587284274F98ED1752E2.e.14255"}]}
RESULT: {"script":"<script> [8489 bytes]","args":[{"element-6066-11e4-a52e-4f735466cecf":"f.B301C1F41FC6B7F2328A32BBCA4D6847.d.A887DBF50B51587284274F98ED1752E2.e.14255","ELEMENT":"f.B301C1F41FC6B7F2328A32BBCA4D6847.d.A887DBF50B51587284274F98ED1752E2.e.14255"}]}
COMMAND: GET /session/39d2cc3d4aadadb3bd833599b4f4dfae/element/f.B301C1F41FC6B7F2328A32BBCA4D6847.d.A887DBF50B51587284274F98ED1752E2.e.14255/enabled - {}
COMMAND: GET /session/39d2cc3d4aadadb3bd833599b4f4dfae/screenshot - {}
RESULT: {}
COMMAND: POST /session/39d2cc3d4aadadb3bd833599b4f4dfae/execute/sync - {"script":"<script> [8489 bytes]","args":[{"element-6066-11e4-a52e-4f735466cecf":"f.B301C1F41FC6B7F2328A32BBCA4D6847.d.A887DBF50B51587284274F98ED1752E2.e.14255","ELEMENT":"f.B301C1F41FC6B7F2328A32BBCA4D6847.d.A887DBF50B51587284274F98ED1752E2.e.14255"}]}
COMMAND: GET /session/39d2cc3d4aadadb3bd833599b4f4dfae/screenshot - {}
RESULT: {}
RESULT: {"script":"<script> [8489 bytes]","args":[{"element-6066-11e4-a52e-4f735466cecf":"f.B301C1F41FC6B7F2328A32BBCA4D6847.d.A887DBF50B51587284274F98ED1752E2.e.14255","ELEMENT":"f.B301C1F41FC6B7F2328A32BBCA4D6847.d.A887DBF50B51587284274F98ED1752E2.e.14255"}]}
COMMAND: POST /session/39d2cc3d4aadadb3bd833599b4f4dfae/execute/sync - {"script":"<script> [5351 bytes]","args":[{"element-6066-11e4-a52e-4f735466cecf":"f.B301C1F41FC6B7F2328A32BBCA4D6847.d.A887DBF50B51587284274F98ED1752E2.e.14255","ELEMENT":"f.B301C1F41FC6B7F2328A32BBCA4D6847.d.A887DBF50B51587284274F98ED1752E2.e.14255"}]}
COMMAND: GET /session/39d2cc3d4aadadb3bd833599b4f4dfae/screenshot - {}
RESULT: {}
RESULT: {"script":"<script> [5351 bytes]","args":[{"element-6066-11e4-a52e-4f735466cecf":"f.B301C1F41FC6B7F2328A32BBCA4D6847.d.A887DBF50B51587284274F98ED1752E2.e.14255","ELEMENT":"f.B301C1F41FC6B7F2328A32BBCA4D6847.d.A887DBF50B51587284274F98ED1752E2.e.14255"}]}
COMMAND: POST /session/39d2cc3d4aadadb3bd833599b4f4dfae/element/f.B301C1F41FC6B7F2328A32BBCA4D6847.d.A887DBF50B51587284274F98ED1752E2.e.14255/click - {}
COMMAND: GET /session/39d2cc3d4aadadb3bd833599b4f4dfae/screenshot - {}
RESULT: {}
RESULT: {}
COMMAND: GET /session/39d2cc3d4aadadb3bd833599b4f4dfae/screenshot - {}
RESULT: {}
RESULT: {}
COMMAND: POST /session/39d2cc3d4aadadb3bd833599b4f4dfae/execute/async - {"script":"<script> [1562 bytes]","args":[{"selector":{"controlType":"sap.m.Title","viewName":"etm.portal.ui.managepricingrules.view.NewItem","viewId":"application-managepricingrules-display-component---newInfoPriceItem","properties":{"text":"New Pricing Rules - Item Level"}},"wdio_ui5_key":"etmportal.ui.managepricingrules.view.NewItemsap.m.Title{\"text\":\"New Pricing Rules - Item Level\"}"}]}
RESULT: {"script":"<script> [1562 bytes]","args":[{"selector":{"controlType":"sap.m.Title","viewName":"etm.portal.ui.managepricingrules.view.NewItem","viewId":"application-managepricingrules-display-component---newInfoPriceItem","properties":{"text":"New Pricing Rules - Item Level"}},"wdio_ui5_key":"etmportal.ui.managepricingrules.view.NewItemsap.m.Title{\"text\":\"New Pricing Rules - Item Level\"}"}]}
RESULT: undefined
COMMAND: POST /session/39d2cc3d4aadadb3bd833599b4f4dfae/execute/async - {"script":"<script> [6424 bytes]","args":[{"element-6066-11e4-a52e-4f735466cecf":"f.B301C1F41FC6B7F2328A32BBCA4D6847.d.A887DBF50B51587284274F98ED1752E2.e.14424"},"getText",[]]}
RESULT: {"script":"<script> [6424 bytes]","args":[{"element-6066-11e4-a52e-4f735466cecf":"f.B301C1F41FC6B7F2328A32BBCA4D6847.d.A887DBF50B51587284274F98ED1752E2.e.14424"},"getText",[]]}
COMMAND: POST /session/39d2cc3d4aadadb3bd833599b4f4dfae/execute/async - {"script":"<script> [1562 bytes]","args":[{"selector":{"id":"application-managepricingrules-display-component---newInfoPriceItem--condValidTo","interaction":{"idSuffix":"inner"}},"wdio_ui5_key":"applicationmanagepricingrules-display-component---newInfoPriceItem--condValidTo"}]}
RESULT: {"script":"<script> [1562 bytes]","args":[{"selector":{"id":"application-managepricingrules-display-component---newInfoPriceItem--condValidTo","interaction":{"idSuffix":"inner"}},"wdio_ui5_key":"applicationmanagepricingrules-display-component---newInfoPriceItem--condValidTo"}]}
RESULT: undefined
COMMAND: POST /session/39d2cc3d4aadadb3bd833599b4f4dfae/execute/async - {"script":"<script> [776 bytes]","args":[{"enterText":"1/15/26","selector":{"id":"application-managepricingrules-display-component---newInfoPriceItem--condValidTo","interaction":{"idSuffix":"inner"}},"clearTextFirst":true,"interactionType":"ENTER_TEXT"}]}
RESULT: {"script":"<script> [776 bytes]","args":[{"enterText":"1/15/26","selector":{"id":"application-managepricingrules-display-component---newInfoPriceItem--condValidTo","interaction":{"idSuffix":"inner"}},"clearTextFirst":true,"interactionType":"ENTER_TEXT"}]}
COMMAND: POST /session/39d2cc3d4aadadb3bd833599b4f4dfae/execute/async - {"script":"<script> [1562 bytes]","args":[{"selector":{"id":"application-managepricingrules-display-component---newInfoPriceItem--billType-arrow"},"wdio_ui5_key":"applicationmanagepricingrules-display-component---newInfoPriceItem--billType-arrow"}]}
RESULT: {"script":"<script> [1562 bytes]","args":[{"selector":{"id":"application-managepricingrules-display-component---newInfoPriceItem--billType-arrow"},"wdio_ui5_key":"applicationmanagepricingrules-display-component---newInfoPriceItem--billType-arrow"}]}
RESULT: undefined
COMMAND: POST /session/39d2cc3d4aadadb3bd833599b4f4dfae/element - {"using":"xpath","value":"//*[@id=\"application-managepricingrules-display-component---newInfoPriceItem--billType-arrow\"]"}
RESULT: {"using":"xpath","value":"//*[@id=\"application-managepricingrules-display-component---newInfoPriceItem--billType-arrow\"]"}
COMMAND: POST /session/39d2cc3d4aadadb3bd833599b4f4dfae/element/f.B301C1F41FC6B7F2328A32BBCA4D6847.d.A887DBF50B51587284274F98ED1752E2.e.14384/click - {}
RESULT: {}
COMMAND: POST /session/39d2cc3d4aadadb3bd833599b4f4dfae/element - {"using":"xpath","value":"//span[contains(text(), \"TB - Time based\")]"}
COMMAND: GET /session/39d2cc3d4aadadb3bd833599b4f4dfae/screenshot - {}
RESULT: {"using":"xpath","value":"//span[contains(text(), \"TB - Time based\")]"}
COMMAND: POST /session/39d2cc3d4aadadb3bd833599b4f4dfae/element/f.B301C1F41FC6B7F2328A32BBCA4D6847.d.A887DBF50B51587284274F98ED1752E2.e.14426/click - {}
RESULT: {}
RESULT: {}
COMMAND: POST /session/39d2cc3d4aadadb3bd833599b4f4dfae/execute/async - {"script":"<script> [1562 bytes]","args":[{"selector":{"id":"application-managepricingrules-display-component---newInfoPriceItem--priceProc-arrow"},"wdio_ui5_key":"applicationmanagepricingrules-display-component---newInfoPriceItem--priceProc-arrow"}]}
COMMAND: GET /session/39d2cc3d4aadadb3bd833599b4f4dfae/screenshot - {}
RESULT: {"script":"<script> [1562 bytes]","args":[{"selector":{"id":"application-managepricingrules-display-component---newInfoPriceItem--priceProc-arrow"},"wdio_ui5_key":"applicationmanagepricingrules-display-component---newInfoPriceItem--priceProc-arrow"}]}
RESULT: undefined
COMMAND: POST /session/39d2cc3d4aadadb3bd833599b4f4dfae/element - {"using":"xpath","value":"//*[@id=\"application-managepricingrules-display-component---newInfoPriceItem--priceProc-arrow\"]"}
RESULT: {}
RESULT: {"using":"xpath","value":"//*[@id=\"application-managepricingrules-display-component---newInfoPriceItem--priceProc-arrow\"]"}
COMMAND: POST /session/39d2cc3d4aadadb3bd833599b4f4dfae/element/f.B301C1F41FC6B7F2328A32BBCA4D6847.d.A887DBF50B51587284274F98ED1752E2.e.14391/click - {}
RESULT: {}
COMMAND: POST /session/39d2cc3d4aadadb3bd833599b4f4dfae/element - {"using":"xpath","value":"//span[contains(text(), \"TBS - Time based standard\")]"}
COMMAND: GET /session/39d2cc3d4aadadb3bd833599b4f4dfae/screenshot - {}
RESULT: {"using":"xpath","value":"//span[contains(text(), \"TBS - Time based standard\")]"}
COMMAND: POST /session/39d2cc3d4aadadb3bd833599b4f4dfae/element/f.B301C1F41FC6B7F2328A32BBCA4D6847.d.A887DBF50B51587284274F98ED1752E2.e.14427/click - {}
RESULT: {}
RESULT: {}
COMMAND: POST /session/39d2cc3d4aadadb3bd833599b4f4dfae/execute/async - {"script":"<script> [1562 bytes]","args":[{"selector":{"id":"application-managepricingrules-display-component---newInfoPriceItem--calcBase-arrow"},"wdio_ui5_key":"applicationmanagepricingrules-display-component---newInfoPriceItem--calcBase-arrow"}]}
COMMAND: GET /session/39d2cc3d4aadadb3bd833599b4f4dfae/screenshot - {}
RESULT: {"script":"<script> [1562 bytes]","args":[{"selector":{"id":"application-managepricingrules-display-component---newInfoPriceItem--calcBase-arrow"},"wdio_ui5_key":"applicationmanagepricingrules-display-component---newInfoPriceItem--calcBase-arrow"}]}
RESULT: undefined
COMMAND: POST /session/39d2cc3d4aadadb3bd833599b4f4dfae/element - {"using":"xpath","value":"//*[@id=\"application-managepricingrules-display-component---newInfoPriceItem--calcBase-arrow\"]"}
RESULT: {}
RESULT: {"using":"xpath","value":"//*[@id=\"application-managepricingrules-display-component---newInfoPriceItem--calcBase-arrow\"]"}
COMMAND: POST /session/39d2cc3d4aadadb3bd833599b4f4dfae/element/f.B301C1F41FC6B7F2328A32BBCA4D6847.d.A887DBF50B51587284274F98ED1752E2.e.14398/click - {}
RESULT: {}
COMMAND: GET /session/39d2cc3d4aadadb3bd833599b4f4dfae/screenshot - {}
RESULT: {}
COMMAND: POST /session/39d2cc3d4aadadb3bd833599b4f4dfae/element - {"using":"xpath","value":"//span[contains(text(), \"0006 - TB(calendar days)\")]"}
RESULT: {"using":"xpath","value":"//span[contains(text(), \"0006 - TB(calendar days)\")]"}
COMMAND: POST /session/39d2cc3d4aadadb3bd833599b4f4dfae/element/f.B301C1F41FC6B7F2328A32BBCA4D6847.d.A887DBF50B51587284274F98ED1752E2.e.14428/click - {}
RESULT: {}
COMMAND: GET /session/39d2cc3d4aadadb3bd833599b4f4dfae/screenshot - {}
RESULT: {}
COMMAND: POST /session/39d2cc3d4aadadb3bd833599b4f4dfae/execute/async - {"script":"<script> [1562 bytes]","args":[{"selector":{"id":"application-managepricingrules-display-component---newInfoPriceItem--daysMonth","interaction":{"idSuffix":"inner"}},"wdio_ui5_key":"applicationmanagepricingrules-display-component---newInfoPriceItem--daysMonth"}]}
RESULT: {"script":"<script> [1562 bytes]","args":[{"selector":{"id":"application-managepricingrules-display-component---newInfoPriceItem--daysMonth","interaction":{"idSuffix":"inner"}},"wdio_ui5_key":"applicationmanagepricingrules-display-component---newInfoPriceItem--daysMonth"}]}
RESULT: undefined
COMMAND: POST /session/39d2cc3d4aadadb3bd833599b4f4dfae/execute/async - {"script":"<script> [776 bytes]","args":[{"enterText":"30","selector":{"id":"application-managepricingrules-display-component---newInfoPriceItem--daysMonth","interaction":{"idSuffix":"inner"}},"clearTextFirst":true,"interactionType":"ENTER_TEXT"}]}
RESULT: {"script":"<script> [776 bytes]","args":[{"enterText":"30","selector":{"id":"application-managepricingrules-display-component---newInfoPriceItem--daysMonth","interaction":{"idSuffix":"inner"}},"clearTextFirst":true,"interactionType":"ENTER_TEXT"}]}
COMMAND: POST /session/39d2cc3d4aadadb3bd833599b4f4dfae/element - {"using":"xpath","value":"//button[@data-kt=\"saveNewRuleButton\"]"}
RESULT: {"using":"xpath","value":"//button[@data-kt=\"saveNewRuleButton\"]"}
COMMAND: POST /session/39d2cc3d4aadadb3bd833599b4f4dfae/element/f.B301C1F41FC6B7F2328A32BBCA4D6847.d.A887DBF50B51587284274F98ED1752E2.e.14418/click - {}
RESULT: {}
COMMAND: GET /session/39d2cc3d4aadadb3bd833599b4f4dfae/screenshot - {}
RESULT: {}
COMMAND: POST /session/39d2cc3d4aadadb3bd833599b4f4dfae/execute/async - {"script":"<script> [1562 bytes]","args":[{"selector":{"id":"application-managepricingrules-display-component---priceInfoItem--smartFilterBar-btnBasicSearch","interaction":{"idSuffix":"I"}},"wdio_ui5_key":"applicationmanagepricingrules-display-component---priceInfoItem--smartFilterBar-btnBasicSearch"}]}
RESULT: {"script":"<script> [1562 bytes]","args":[{"selector":{"id":"application-managepricingrules-display-component---priceInfoItem--smartFilterBar-btnBasicSearch","interaction":{"idSuffix":"I"}},"wdio_ui5_key":"applicationmanagepricingrules-display-component---priceInfoItem--smartFilterBar-btnBasicSearch"}]}
RESULT: undefined
COMMAND: POST /session/39d2cc3d4aadadb3bd833599b4f4dfae/execute/async - {"script":"<script> [776 bytes]","args":[{"enterText":"XvumuBmsmh","selector":{"id":"application-managepricingrules-display-component---priceInfoItem--smartFilterBar-btnBasicSearch","interaction":{"idSuffix":"I"}},"clearTextFirst":true,"interactionType":"ENTER_TEXT"}]}
RESULT: {"script":"<script> [776 bytes]","args":[{"enterText":"XvumuBmsmh","selector":{"id":"application-managepricingrules-display-component---priceInfoItem--smartFilterBar-btnBasicSearch","interaction":{"idSuffix":"I"}},"clearTextFirst":true,"interactionType":"ENTER_TEXT"}]}
COMMAND: POST /session/39d2cc3d4aadadb3bd833599b4f4dfae/actions - {"actions":[{"id":"action54","type":"key","parameters":{},"actions":[{"type":"keyDown","value":"î€‡"},{"type":"pause","duration":10},{"type":"keyUp","value":"î€‡"}]}]}
RESULT: {"actions":[{"id":"action54","type":"key","parameters":{},"actions":[{"type":"keyDown","value":"î€‡"},{"type":"pause","duration":10},{"type":"keyUp","value":"î€‡"}]}]}
COMMAND: GET /session/39d2cc3d4aadadb3bd833599b4f4dfae/screenshot - {}
RESULT: {}
COMMAND: POST /session/39d2cc3d4aadadb3bd833599b4f4dfae/element - {"using":"xpath","value":"//span[@id=\"application-managepricingrules-display-component---priceInfoItem--smartTable-header-inner\"]"}
RESULT: {"using":"xpath","value":"//span[@id=\"application-managepricingrules-display-component---priceInfoItem--smartTable-header-inner\"]"}
COMMAND: POST /session/39d2cc3d4aadadb3bd833599b4f4dfae/elements - {"using":"xpath","value":"//span[@id=\"application-managepricingrules-display-component---priceInfoItem--smartTable-header-inner\"]"}
RESULT: {"using":"xpath","value":"//span[@id=\"application-managepricingrules-display-component---priceInfoItem--smartTable-header-inner\"]"}
COMMAND: POST /session/39d2cc3d4aadadb3bd833599b4f4dfae/execute/sync - {"script":"<script> [56 bytes]","args":[{"element-6066-11e4-a52e-4f735466cecf":"f.B301C1F41FC6B7F2328A32BBCA4D6847.d.A887DBF50B51587284274F98ED1752E2.e.14442","ELEMENT":"f.B301C1F41FC6B7F2328A32BBCA4D6847.d.A887DBF50B51587284274F98ED1752E2.e.14442"}]}
RESULT: {"script":"<script> [56 bytes]","args":[{"element-6066-11e4-a52e-4f735466cecf":"f.B301C1F41FC6B7F2328A32BBCA4D6847.d.A887DBF50B51587284274F98ED1752E2.e.14442","ELEMENT":"f.B301C1F41FC6B7F2328A32BBCA4D6847.d.A887DBF50B51587284274F98ED1752E2.e.14442"}]}
COMMAND: POST /session/39d2cc3d4aadadb3bd833599b4f4dfae/element - {"using":"css selector","value":"#shell-header-logo"}
COMMAND: GET /session/39d2cc3d4aadadb3bd833599b4f4dfae/screenshot - {}
RESULT: {"using":"css selector","value":"#shell-header-logo"}
COMMAND: POST /session/39d2cc3d4aadadb3bd833599b4f4dfae/element/f.B301C1F41FC6B7F2328A32BBCA4D6847.d.A887DBF50B51587284274F98ED1752E2.e.13593/click - {}
RESULT: {}
RESULT: {}
COMMAND: GET /session/39d2cc3d4aadadb3bd833599b4f4dfae/screenshot - {}
RESULT: {}
]]></system-out>
    </testcase>
    <testcase classname="chrome.136_0_7103_93.windows.Create_Reverse_Billing_US127248" name="Should manage conditions" time="64.812">
      <system-out><![CDATA[
COMMAND: POST /session/39d2cc3d4aadadb3bd833599b4f4dfae/execute/async - {"script":"<script> [1562 bytes]","args":[{"selector":{"controlType":"sap.m.GenericTile","properties":{"header":"Manage Conditions & Prices"}},"wdio_ui5_key":"sapm.GenericTile{\"header\":\"Manage Conditions & Prices\"}"}]}
RESULT: {"script":"<script> [1562 bytes]","args":[{"selector":{"controlType":"sap.m.GenericTile","properties":{"header":"Manage Conditions & Prices"}},"wdio_ui5_key":"sapm.GenericTile{\"header\":\"Manage Conditions & Prices\"}"}]}
RESULT: undefined
COMMAND: POST /session/39d2cc3d4aadadb3bd833599b4f4dfae/element - {"using":"xpath","value":"//*[@id=\"__tile53\"]"}
RESULT: {"using":"xpath","value":"//*[@id=\"__tile53\"]"}
COMMAND: POST /session/39d2cc3d4aadadb3bd833599b4f4dfae/element/f.B301C1F41FC6B7F2328A32BBCA4D6847.d.A887DBF50B51587284274F98ED1752E2.e.13531/click - {}
RESULT: {}
COMMAND: GET /session/39d2cc3d4aadadb3bd833599b4f4dfae/screenshot - {}
RESULT: {}
COMMAND: POST /session/39d2cc3d4aadadb3bd833599b4f4dfae/elements - {"using":"xpath","value":"//span[text()='Error']"}
RESULT: {"using":"xpath","value":"//span[text()='Error']"}
COMMAND: POST /session/39d2cc3d4aadadb3bd833599b4f4dfae/element - {"using":"xpath","value":"//button[@aria-label=\"Create\"]"}
RESULT: {"using":"xpath","value":"//button[@aria-label=\"Create\"]"}
COMMAND: POST /session/39d2cc3d4aadadb3bd833599b4f4dfae/elements - {"using":"xpath","value":"//button[@aria-label=\"Create\"]"}
RESULT: {"using":"xpath","value":"//button[@aria-label=\"Create\"]"}
COMMAND: POST /session/39d2cc3d4aadadb3bd833599b4f4dfae/execute/sync - {"script":"<script> [8489 bytes]","args":[{"element-6066-11e4-a52e-4f735466cecf":"f.B301C1F41FC6B7F2328A32BBCA4D6847.d.A887DBF50B51587284274F98ED1752E2.e.14477","ELEMENT":"f.B301C1F41FC6B7F2328A32BBCA4D6847.d.A887DBF50B51587284274F98ED1752E2.e.14477"}]}
RESULT: {"script":"<script> [8489 bytes]","args":[{"element-6066-11e4-a52e-4f735466cecf":"f.B301C1F41FC6B7F2328A32BBCA4D6847.d.A887DBF50B51587284274F98ED1752E2.e.14477","ELEMENT":"f.B301C1F41FC6B7F2328A32BBCA4D6847.d.A887DBF50B51587284274F98ED1752E2.e.14477"}]}
COMMAND: GET /session/39d2cc3d4aadadb3bd833599b4f4dfae/element/f.B301C1F41FC6B7F2328A32BBCA4D6847.d.A887DBF50B51587284274F98ED1752E2.e.14477/enabled - {}
COMMAND: GET /session/39d2cc3d4aadadb3bd833599b4f4dfae/screenshot - {}
RESULT: {}
COMMAND: POST /session/39d2cc3d4aadadb3bd833599b4f4dfae/execute/sync - {"script":"<script> [8489 bytes]","args":[{"element-6066-11e4-a52e-4f735466cecf":"f.B301C1F41FC6B7F2328A32BBCA4D6847.d.A887DBF50B51587284274F98ED1752E2.e.14477","ELEMENT":"f.B301C1F41FC6B7F2328A32BBCA4D6847.d.A887DBF50B51587284274F98ED1752E2.e.14477"}]}
COMMAND: GET /session/39d2cc3d4aadadb3bd833599b4f4dfae/screenshot - {}
RESULT: {}
RESULT: {"script":"<script> [8489 bytes]","args":[{"element-6066-11e4-a52e-4f735466cecf":"f.B301C1F41FC6B7F2328A32BBCA4D6847.d.A887DBF50B51587284274F98ED1752E2.e.14477","ELEMENT":"f.B301C1F41FC6B7F2328A32BBCA4D6847.d.A887DBF50B51587284274F98ED1752E2.e.14477"}]}
COMMAND: POST /session/39d2cc3d4aadadb3bd833599b4f4dfae/execute/sync - {"script":"<script> [5351 bytes]","args":[{"element-6066-11e4-a52e-4f735466cecf":"f.B301C1F41FC6B7F2328A32BBCA4D6847.d.A887DBF50B51587284274F98ED1752E2.e.14477","ELEMENT":"f.B301C1F41FC6B7F2328A32BBCA4D6847.d.A887DBF50B51587284274F98ED1752E2.e.14477"}]}
COMMAND: GET /session/39d2cc3d4aadadb3bd833599b4f4dfae/screenshot - {}
RESULT: {}
RESULT: {"script":"<script> [5351 bytes]","args":[{"element-6066-11e4-a52e-4f735466cecf":"f.B301C1F41FC6B7F2328A32BBCA4D6847.d.A887DBF50B51587284274F98ED1752E2.e.14477","ELEMENT":"f.B301C1F41FC6B7F2328A32BBCA4D6847.d.A887DBF50B51587284274F98ED1752E2.e.14477"}]}
COMMAND: POST /session/39d2cc3d4aadadb3bd833599b4f4dfae/element/f.B301C1F41FC6B7F2328A32BBCA4D6847.d.A887DBF50B51587284274F98ED1752E2.e.14477/click - {}
COMMAND: GET /session/39d2cc3d4aadadb3bd833599b4f4dfae/screenshot - {}
RESULT: {}
RESULT: {}
COMMAND: GET /session/39d2cc3d4aadadb3bd833599b4f4dfae/screenshot - {}
RESULT: {}
RESULT: {}
COMMAND: POST /session/39d2cc3d4aadadb3bd833599b4f4dfae/actions - {"actions":[{"id":"action55","type":"key","parameters":{},"actions":[{"type":"keyDown","value":"î€‡"},{"type":"pause","duration":10},{"type":"keyUp","value":"î€‡"}]}]}
RESULT: {"actions":[{"id":"action55","type":"key","parameters":{},"actions":[{"type":"keyDown","value":"î€‡"},{"type":"pause","duration":10},{"type":"keyUp","value":"î€‡"}]}]}
COMMAND: GET /session/39d2cc3d4aadadb3bd833599b4f4dfae/screenshot - {}
RESULT: {}
COMMAND: POST /session/39d2cc3d4aadadb3bd833599b4f4dfae/execute/async - {"script":"<script> [1562 bytes]","args":[{"selector":{"id":"application-manageconditionprice-display-component---newCondition--condBillCond-arrow"},"wdio_ui5_key":"applicationmanageconditionprice-display-component---newCondition--condBillCond-arrow"}]}
RESULT: {"script":"<script> [1562 bytes]","args":[{"selector":{"id":"application-manageconditionprice-display-component---newCondition--condBillCond-arrow"},"wdio_ui5_key":"applicationmanageconditionprice-display-component---newCondition--condBillCond-arrow"}]}
RESULT: undefined
COMMAND: POST /session/39d2cc3d4aadadb3bd833599b4f4dfae/element - {"using":"xpath","value":"//*[@id=\"application-manageconditionprice-display-component---newCondition--condBillCond-arrow\"]"}
RESULT: {"using":"xpath","value":"//*[@id=\"application-manageconditionprice-display-component---newCondition--condBillCond-arrow\"]"}
COMMAND: POST /session/39d2cc3d4aadadb3bd833599b4f4dfae/element/f.B301C1F41FC6B7F2328A32BBCA4D6847.d.A887DBF50B51587284274F98ED1752E2.e.14654/click - {}
RESULT: {}
COMMAND: GET /session/39d2cc3d4aadadb3bd833599b4f4dfae/screenshot - {}
RESULT: {}
COMMAND: POST /session/39d2cc3d4aadadb3bd833599b4f4dfae/element - {"using":"xpath","value":"//li[.//span[contains(text(), \"DISP - D&I special price\")]]"}
RESULT: {"using":"xpath","value":"//li[.//span[contains(text(), \"DISP - D&I special price\")]]"}
COMMAND: POST /session/39d2cc3d4aadadb3bd833599b4f4dfae/element/f.B301C1F41FC6B7F2328A32BBCA4D6847.d.A887DBF50B51587284274F98ED1752E2.e.14657/click - {}
RESULT: {}
COMMAND: GET /session/39d2cc3d4aadadb3bd833599b4f4dfae/screenshot - {}
RESULT: {}
COMMAND: POST /session/39d2cc3d4aadadb3bd833599b4f4dfae/execute/async - {"script":"<script> [1562 bytes]","args":[{"selector":{"id":"application-manageconditionprice-display-component---newCondition--condValidTo","interaction":{"idSuffix":"inner"}},"wdio_ui5_key":"applicationmanageconditionprice-display-component---newCondition--condValidTo"}]}
RESULT: {"script":"<script> [1562 bytes]","args":[{"selector":{"id":"application-manageconditionprice-display-component---newCondition--condValidTo","interaction":{"idSuffix":"inner"}},"wdio_ui5_key":"applicationmanageconditionprice-display-component---newCondition--condValidTo"}]}
RESULT: undefined
COMMAND: POST /session/39d2cc3d4aadadb3bd833599b4f4dfae/execute/async - {"script":"<script> [776 bytes]","args":[{"enterText":"1/15/26","selector":{"id":"application-manageconditionprice-display-component---newCondition--condValidTo","interaction":{"idSuffix":"inner"}},"clearTextFirst":true,"interactionType":"ENTER_TEXT"}]}
RESULT: {"script":"<script> [776 bytes]","args":[{"enterText":"1/15/26","selector":{"id":"application-manageconditionprice-display-component---newCondition--condValidTo","interaction":{"idSuffix":"inner"}},"clearTextFirst":true,"interactionType":"ENTER_TEXT"}]}
COMMAND: POST /session/39d2cc3d4aadadb3bd833599b4f4dfae/element - {"using":"xpath","value":"//input[@id=\"application-manageconditionprice-display-component---newCondition--condRU-inner\"]"}
RESULT: {"using":"xpath","value":"//input[@id=\"application-manageconditionprice-display-component---newCondition--condRU-inner\"]"}
COMMAND: POST /session/39d2cc3d4aadadb3bd833599b4f4dfae/element/f.B301C1F41FC6B7F2328A32BBCA4D6847.d.A887DBF50B51587284274F98ED1752E2.e.14519/clear - {}
RESULT: {}
COMMAND: POST /session/39d2cc3d4aadadb3bd833599b4f4dfae/element/f.B301C1F41FC6B7F2328A32BBCA4D6847.d.A887DBF50B51587284274F98ED1752E2.e.14519/value - {"text":"XvumuBmsmh"}
COMMAND: GET /session/39d2cc3d4aadadb3bd833599b4f4dfae/screenshot - {}
RESULT: {"text":"XvumuBmsmh"}
COMMAND: GET /session/39d2cc3d4aadadb3bd833599b4f4dfae/screenshot - {}
RESULT: {}
RESULT: {}
COMMAND: POST /session/39d2cc3d4aadadb3bd833599b4f4dfae/actions - {"actions":[{"id":"action56","type":"key","parameters":{},"actions":[{"type":"keyDown","value":"î€‡"},{"type":"pause","duration":10},{"type":"keyUp","value":"î€‡"}]}]}
RESULT: {"actions":[{"id":"action56","type":"key","parameters":{},"actions":[{"type":"keyDown","value":"î€‡"},{"type":"pause","duration":10},{"type":"keyUp","value":"î€‡"}]}]}
COMMAND: POST /session/39d2cc3d4aadadb3bd833599b4f4dfae/execute/async - {"script":"<script> [1562 bytes]","args":[{"selector":{"id":"application-manageconditionprice-display-component---newCondition--condBaseQty","interaction":{"idSuffix":"inner"}},"wdio_ui5_key":"applicationmanageconditionprice-display-component---newCondition--condBaseQty"}]}
COMMAND: GET /session/39d2cc3d4aadadb3bd833599b4f4dfae/screenshot - {}
RESULT: {"script":"<script> [1562 bytes]","args":[{"selector":{"id":"application-manageconditionprice-display-component---newCondition--condBaseQty","interaction":{"idSuffix":"inner"}},"wdio_ui5_key":"applicationmanageconditionprice-display-component---newCondition--condBaseQty"}]}
RESULT: undefined
COMMAND: POST /session/39d2cc3d4aadadb3bd833599b4f4dfae/execute/async - {"script":"<script> [776 bytes]","args":[{"enterText":"1","selector":{"id":"application-manageconditionprice-display-component---newCondition--condBaseQty","interaction":{"idSuffix":"inner"}},"clearTextFirst":true,"interactionType":"ENTER_TEXT"}]}
RESULT: {}
RESULT: {"script":"<script> [776 bytes]","args":[{"enterText":"1","selector":{"id":"application-manageconditionprice-display-component---newCondition--condBaseQty","interaction":{"idSuffix":"inner"}},"clearTextFirst":true,"interactionType":"ENTER_TEXT"}]}
COMMAND: POST /session/39d2cc3d4aadadb3bd833599b4f4dfae/execute/async - {"script":"<script> [1562 bytes]","args":[{"selector":{"id":"application-manageconditionprice-display-component---newCondition--condValue","interaction":{"idSuffix":"inner"}},"wdio_ui5_key":"applicationmanageconditionprice-display-component---newCondition--condValue"}]}
RESULT: {"script":"<script> [1562 bytes]","args":[{"selector":{"id":"application-manageconditionprice-display-component---newCondition--condValue","interaction":{"idSuffix":"inner"}},"wdio_ui5_key":"applicationmanageconditionprice-display-component---newCondition--condValue"}]}
RESULT: undefined
COMMAND: POST /session/39d2cc3d4aadadb3bd833599b4f4dfae/execute/async - {"script":"<script> [776 bytes]","args":[{"enterText":"200","selector":{"id":"application-manageconditionprice-display-component---newCondition--condValue","interaction":{"idSuffix":"inner"}},"clearTextFirst":true,"interactionType":"ENTER_TEXT"}]}
RESULT: {"script":"<script> [776 bytes]","args":[{"enterText":"200","selector":{"id":"application-manageconditionprice-display-component---newCondition--condValue","interaction":{"idSuffix":"inner"}},"clearTextFirst":true,"interactionType":"ENTER_TEXT"}]}
COMMAND: POST /session/39d2cc3d4aadadb3bd833599b4f4dfae/execute/async - {"script":"<script> [1562 bytes]","args":[{"selector":{"id":"application-manageconditionprice-display-component---newCondition--condCurr-arrow"},"wdio_ui5_key":"applicationmanageconditionprice-display-component---newCondition--condCurr-arrow"}]}
RESULT: {"script":"<script> [1562 bytes]","args":[{"selector":{"id":"application-manageconditionprice-display-component---newCondition--condCurr-arrow"},"wdio_ui5_key":"applicationmanageconditionprice-display-component---newCondition--condCurr-arrow"}]}
RESULT: undefined
COMMAND: POST /session/39d2cc3d4aadadb3bd833599b4f4dfae/element - {"using":"xpath","value":"//*[@id=\"application-manageconditionprice-display-component---newCondition--condCurr-arrow\"]"}
RESULT: {"using":"xpath","value":"//*[@id=\"application-manageconditionprice-display-component---newCondition--condCurr-arrow\"]"}
COMMAND: POST /session/39d2cc3d4aadadb3bd833599b4f4dfae/element/f.B301C1F41FC6B7F2328A32BBCA4D6847.d.A887DBF50B51587284274F98ED1752E2.e.14635/click - {}
RESULT: {}
COMMAND: POST /session/39d2cc3d4aadadb3bd833599b4f4dfae/element - {"using":"xpath","value":"//span[contains(text(), \"Euro\")]"}
COMMAND: GET /session/39d2cc3d4aadadb3bd833599b4f4dfae/screenshot - {}
RESULT: {"using":"xpath","value":"//span[contains(text(), \"Euro\")]"}
COMMAND: POST /session/39d2cc3d4aadadb3bd833599b4f4dfae/element/f.B301C1F41FC6B7F2328A32BBCA4D6847.d.A887DBF50B51587284274F98ED1752E2.e.14694/click - {}
RESULT: {}
RESULT: {}
COMMAND: POST /session/39d2cc3d4aadadb3bd833599b4f4dfae/element - {"using":"xpath","value":"//button[@data-kt=\"saveButton\"]"}
COMMAND: GET /session/39d2cc3d4aadadb3bd833599b4f4dfae/screenshot - {}
RESULT: {"using":"xpath","value":"//button[@data-kt=\"saveButton\"]"}
COMMAND: POST /session/39d2cc3d4aadadb3bd833599b4f4dfae/element/f.B301C1F41FC6B7F2328A32BBCA4D6847.d.A887DBF50B51587284274F98ED1752E2.e.14636/click - {}
RESULT: {}
RESULT: {}
COMMAND: GET /session/39d2cc3d4aadadb3bd833599b4f4dfae/screenshot - {}
RESULT: {}
COMMAND: POST /session/39d2cc3d4aadadb3bd833599b4f4dfae/execute/async - {"script":"<script> [1562 bytes]","args":[{"selector":{"id":"application-manageconditionprice-display-component---conditions--smartFilterBar-btnBasicSearch","interaction":{"idSuffix":"I"}},"wdio_ui5_key":"applicationmanageconditionprice-display-component---conditions--smartFilterBar-btnBasicSearch"}]}
RESULT: {"script":"<script> [1562 bytes]","args":[{"selector":{"id":"application-manageconditionprice-display-component---conditions--smartFilterBar-btnBasicSearch","interaction":{"idSuffix":"I"}},"wdio_ui5_key":"applicationmanageconditionprice-display-component---conditions--smartFilterBar-btnBasicSearch"}]}
RESULT: undefined
COMMAND: POST /session/39d2cc3d4aadadb3bd833599b4f4dfae/execute/async - {"script":"<script> [776 bytes]","args":[{"enterText":"XvumuBmsmh","selector":{"id":"application-manageconditionprice-display-component---conditions--smartFilterBar-btnBasicSearch","interaction":{"idSuffix":"I"}},"clearTextFirst":true,"interactionType":"ENTER_TEXT"}]}
RESULT: {"script":"<script> [776 bytes]","args":[{"enterText":"XvumuBmsmh","selector":{"id":"application-manageconditionprice-display-component---conditions--smartFilterBar-btnBasicSearch","interaction":{"idSuffix":"I"}},"clearTextFirst":true,"interactionType":"ENTER_TEXT"}]}
COMMAND: POST /session/39d2cc3d4aadadb3bd833599b4f4dfae/actions - {"actions":[{"id":"action57","type":"key","parameters":{},"actions":[{"type":"keyDown","value":"î€‡"},{"type":"pause","duration":10},{"type":"keyUp","value":"î€‡"}]}]}
RESULT: {"actions":[{"id":"action57","type":"key","parameters":{},"actions":[{"type":"keyDown","value":"î€‡"},{"type":"pause","duration":10},{"type":"keyUp","value":"î€‡"}]}]}
COMMAND: GET /session/39d2cc3d4aadadb3bd833599b4f4dfae/screenshot - {}
RESULT: {}
COMMAND: POST /session/39d2cc3d4aadadb3bd833599b4f4dfae/execute/async - {"script":"<script> [1562 bytes]","args":[{"selector":{"id":"application-manageconditionprice-display-component---conditions--smartFilterBar-filterItemControl_BASIC-BILL_TYPES-vhi"},"wdio_ui5_key":"applicationmanageconditionprice-display-component---conditions--smartFilterBar-filterItemControl_BASIC-BILL_TYPES-vhi"}]}
RESULT: {"script":"<script> [1562 bytes]","args":[{"selector":{"id":"application-manageconditionprice-display-component---conditions--smartFilterBar-filterItemControl_BASIC-BILL_TYPES-vhi"},"wdio_ui5_key":"applicationmanageconditionprice-display-component---conditions--smartFilterBar-filterItemControl_BASIC-BILL_TYPES-vhi"}]}
RESULT: undefined
COMMAND: POST /session/39d2cc3d4aadadb3bd833599b4f4dfae/element - {"using":"xpath","value":"//*[@id=\"application-manageconditionprice-display-component---conditions--smartFilterBar-filterItemControl_BASIC-BILL_TYPES-vhi\"]"}
RESULT: {"using":"xpath","value":"//*[@id=\"application-manageconditionprice-display-component---conditions--smartFilterBar-filterItemControl_BASIC-BILL_TYPES-vhi\"]"}
COMMAND: POST /session/39d2cc3d4aadadb3bd833599b4f4dfae/element/f.B301C1F41FC6B7F2328A32BBCA4D6847.d.A887DBF50B51587284274F98ED1752E2.e.14710/click - {}
RESULT: {}
COMMAND: POST /session/39d2cc3d4aadadb3bd833599b4f4dfae/execute/async - {"script":"<script> [1562 bytes]","args":[{"selector":{"id":"application-manageconditionprice-display-component---conditions--smartFilterBar-filterItemControl_BASIC-BILL_TYPES-valueHelpDialog-smartFilterBar-btnBasicSearch","searchOpenDialogs":true,"interaction":{"idSuffix":"I"}},"wdio_ui5_key":"applicationmanageconditionprice-display-component---conditions--smartFilterBar-filterItemControl_BASIC-BILL_TYPES-valueHelpDialog-smartFilterBar-btnBasicSearch"}]}
COMMAND: GET /session/39d2cc3d4aadadb3bd833599b4f4dfae/screenshot - {}
RESULT: {"script":"<script> [1562 bytes]","args":[{"selector":{"id":"application-manageconditionprice-display-component---conditions--smartFilterBar-filterItemControl_BASIC-BILL_TYPES-valueHelpDialog-smartFilterBar-btnBasicSearch","searchOpenDialogs":true,"interaction":{"idSuffix":"I"}},"wdio_ui5_key":"applicationmanageconditionprice-display-component---conditions--smartFilterBar-filterItemControl_BASIC-BILL_TYPES-valueHelpDialog-smartFilterBar-btnBasicSearch"}]}
RESULT: undefined
COMMAND: POST /session/39d2cc3d4aadadb3bd833599b4f4dfae/execute/async - {"script":"<script> [776 bytes]","args":[{"enterText":"TB","selector":{"id":"application-manageconditionprice-display-component---conditions--smartFilterBar-filterItemControl_BASIC-BILL_TYPES-valueHelpDialog-smartFilterBar-btnBasicSearch","searchOpenDialogs":true,"interaction":{"idSuffix":"I"}},"clearTextFirst":true,"interactionType":"ENTER_TEXT"}]}
RESULT: {}
RESULT: {"script":"<script> [776 bytes]","args":[{"enterText":"TB","selector":{"id":"application-manageconditionprice-display-component---conditions--smartFilterBar-filterItemControl_BASIC-BILL_TYPES-valueHelpDialog-smartFilterBar-btnBasicSearch","searchOpenDialogs":true,"interaction":{"idSuffix":"I"}},"clearTextFirst":true,"interactionType":"ENTER_TEXT"}]}
COMMAND: POST /session/39d2cc3d4aadadb3bd833599b4f4dfae/actions - {"actions":[{"id":"action58","type":"key","parameters":{},"actions":[{"type":"keyDown","value":"î€‡"},{"type":"pause","duration":10},{"type":"keyUp","value":"î€‡"}]}]}
RESULT: {"actions":[{"id":"action58","type":"key","parameters":{},"actions":[{"type":"keyDown","value":"î€‡"},{"type":"pause","duration":10},{"type":"keyUp","value":"î€‡"}]}]}
COMMAND: GET /session/39d2cc3d4aadadb3bd833599b4f4dfae/screenshot - {}
RESULT: {}
COMMAND: POST /session/39d2cc3d4aadadb3bd833599b4f4dfae/element - {"using":"xpath","value":"//div[contains(@id, 'application-manageconditionprice-display-component---conditions--smartFilterBar-filterItemControl_BASIC-BILL_TYPES-valueHelpDialog-table-rowsel0')]"}
RESULT: {"using":"xpath","value":"//div[contains(@id, 'application-manageconditionprice-display-component---conditions--smartFilterBar-filterItemControl_BASIC-BILL_TYPES-valueHelpDialog-table-rowsel0')]"}
COMMAND: POST /session/39d2cc3d4aadadb3bd833599b4f4dfae/element/f.B301C1F41FC6B7F2328A32BBCA4D6847.d.A887DBF50B51587284274F98ED1752E2.e.14719/click - {}
RESULT: {}
COMMAND: GET /session/39d2cc3d4aadadb3bd833599b4f4dfae/screenshot - {}
RESULT: {}
COMMAND: POST /session/39d2cc3d4aadadb3bd833599b4f4dfae/element - {"using":"xpath","value":"//bdi[contains(text(), \"OK\")]"}
RESULT: {"using":"xpath","value":"//bdi[contains(text(), \"OK\")]"}
COMMAND: POST /session/39d2cc3d4aadadb3bd833599b4f4dfae/element/f.B301C1F41FC6B7F2328A32BBCA4D6847.d.A887DBF50B51587284274F98ED1752E2.e.14721/click - {}
RESULT: {}
COMMAND: GET /session/39d2cc3d4aadadb3bd833599b4f4dfae/screenshot - {}
RESULT: {}
COMMAND: POST /session/39d2cc3d4aadadb3bd833599b4f4dfae/element - {"using":"xpath","value":"//span[@id=\"application-manageconditionprice-display-component---conditions--smartTable-header-inner\"]"}
RESULT: {"using":"xpath","value":"//span[@id=\"application-manageconditionprice-display-component---conditions--smartTable-header-inner\"]"}
COMMAND: POST /session/39d2cc3d4aadadb3bd833599b4f4dfae/elements - {"using":"xpath","value":"//span[@id=\"application-manageconditionprice-display-component---conditions--smartTable-header-inner\"]"}
RESULT: {"using":"xpath","value":"//span[@id=\"application-manageconditionprice-display-component---conditions--smartTable-header-inner\"]"}
COMMAND: POST /session/39d2cc3d4aadadb3bd833599b4f4dfae/execute/sync - {"script":"<script> [56 bytes]","args":[{"element-6066-11e4-a52e-4f735466cecf":"f.B301C1F41FC6B7F2328A32BBCA4D6847.d.A887DBF50B51587284274F98ED1752E2.e.14724","ELEMENT":"f.B301C1F41FC6B7F2328A32BBCA4D6847.d.A887DBF50B51587284274F98ED1752E2.e.14724"}]}
RESULT: {"script":"<script> [56 bytes]","args":[{"element-6066-11e4-a52e-4f735466cecf":"f.B301C1F41FC6B7F2328A32BBCA4D6847.d.A887DBF50B51587284274F98ED1752E2.e.14724","ELEMENT":"f.B301C1F41FC6B7F2328A32BBCA4D6847.d.A887DBF50B51587284274F98ED1752E2.e.14724"}]}
COMMAND: POST /session/39d2cc3d4aadadb3bd833599b4f4dfae/element - {"using":"css selector","value":"#shell-header-logo"}
COMMAND: GET /session/39d2cc3d4aadadb3bd833599b4f4dfae/screenshot - {}
RESULT: {"using":"css selector","value":"#shell-header-logo"}
COMMAND: POST /session/39d2cc3d4aadadb3bd833599b4f4dfae/element/f.B301C1F41FC6B7F2328A32BBCA4D6847.d.A887DBF50B51587284274F98ED1752E2.e.14445/click - {}
RESULT: {}
RESULT: {}
COMMAND: GET /session/39d2cc3d4aadadb3bd833599b4f4dfae/screenshot - {}
RESULT: {}
]]></system-out>
    </testcase>
    <testcase classname="chrome.136_0_7103_93.windows.Create_Reverse_Billing_US127248" name="Should do a stock increase handover" time="83.949">
      <system-out><![CDATA[
COMMAND: POST /session/39d2cc3d4aadadb3bd833599b4f4dfae/execute/async - {"script":"<script> [1562 bytes]","args":[{"selector":{"controlType":"sap.m.GenericTile","properties":{"header":"Manage Handovers"}},"wdio_ui5_key":"sapm.GenericTile{\"header\":\"Manage Handovers\"}"}]}
RESULT: {"script":"<script> [1562 bytes]","args":[{"selector":{"controlType":"sap.m.GenericTile","properties":{"header":"Manage Handovers"}},"wdio_ui5_key":"sapm.GenericTile{\"header\":\"Manage Handovers\"}"}]}
RESULT: undefined
COMMAND: POST /session/39d2cc3d4aadadb3bd833599b4f4dfae/element - {"using":"xpath","value":"//*[@id=\"__tile133\"]"}
RESULT: {"using":"xpath","value":"//*[@id=\"__tile133\"]"}
COMMAND: POST /session/39d2cc3d4aadadb3bd833599b4f4dfae/element/f.B301C1F41FC6B7F2328A32BBCA4D6847.d.A887DBF50B51587284274F98ED1752E2.e.13569/click - {}
RESULT: {}
COMMAND: GET /session/39d2cc3d4aadadb3bd833599b4f4dfae/screenshot - {}
RESULT: {}
COMMAND: POST /session/39d2cc3d4aadadb3bd833599b4f4dfae/elements - {"using":"xpath","value":"//span[text()='Error']"}
RESULT: {"using":"xpath","value":"//span[text()='Error']"}
COMMAND: POST /session/39d2cc3d4aadadb3bd833599b4f4dfae/element - {"using":"xpath","value":"//button[@data-kt=\"masterHOAddButton\"]"}
RESULT: {"using":"xpath","value":"//button[@data-kt=\"masterHOAddButton\"]"}
COMMAND: POST /session/39d2cc3d4aadadb3bd833599b4f4dfae/elements - {"using":"xpath","value":"//button[@data-kt=\"masterHOAddButton\"]"}
RESULT: {"using":"xpath","value":"//button[@data-kt=\"masterHOAddButton\"]"}
COMMAND: POST /session/39d2cc3d4aadadb3bd833599b4f4dfae/execute/sync - {"script":"<script> [8489 bytes]","args":[{"element-6066-11e4-a52e-4f735466cecf":"f.B301C1F41FC6B7F2328A32BBCA4D6847.d.A887DBF50B51587284274F98ED1752E2.e.14769","ELEMENT":"f.B301C1F41FC6B7F2328A32BBCA4D6847.d.A887DBF50B51587284274F98ED1752E2.e.14769"}]}
RESULT: {"script":"<script> [8489 bytes]","args":[{"element-6066-11e4-a52e-4f735466cecf":"f.B301C1F41FC6B7F2328A32BBCA4D6847.d.A887DBF50B51587284274F98ED1752E2.e.14769","ELEMENT":"f.B301C1F41FC6B7F2328A32BBCA4D6847.d.A887DBF50B51587284274F98ED1752E2.e.14769"}]}
COMMAND: GET /session/39d2cc3d4aadadb3bd833599b4f4dfae/element/f.B301C1F41FC6B7F2328A32BBCA4D6847.d.A887DBF50B51587284274F98ED1752E2.e.14769/enabled - {}
COMMAND: GET /session/39d2cc3d4aadadb3bd833599b4f4dfae/screenshot - {}
RESULT: {}
COMMAND: POST /session/39d2cc3d4aadadb3bd833599b4f4dfae/execute/sync - {"script":"<script> [8489 bytes]","args":[{"element-6066-11e4-a52e-4f735466cecf":"f.B301C1F41FC6B7F2328A32BBCA4D6847.d.A887DBF50B51587284274F98ED1752E2.e.14769","ELEMENT":"f.B301C1F41FC6B7F2328A32BBCA4D6847.d.A887DBF50B51587284274F98ED1752E2.e.14769"}]}
COMMAND: GET /session/39d2cc3d4aadadb3bd833599b4f4dfae/screenshot - {}
RESULT: {}
RESULT: {"script":"<script> [8489 bytes]","args":[{"element-6066-11e4-a52e-4f735466cecf":"f.B301C1F41FC6B7F2328A32BBCA4D6847.d.A887DBF50B51587284274F98ED1752E2.e.14769","ELEMENT":"f.B301C1F41FC6B7F2328A32BBCA4D6847.d.A887DBF50B51587284274F98ED1752E2.e.14769"}]}
COMMAND: POST /session/39d2cc3d4aadadb3bd833599b4f4dfae/execute/sync - {"script":"<script> [5351 bytes]","args":[{"element-6066-11e4-a52e-4f735466cecf":"f.B301C1F41FC6B7F2328A32BBCA4D6847.d.A887DBF50B51587284274F98ED1752E2.e.14769","ELEMENT":"f.B301C1F41FC6B7F2328A32BBCA4D6847.d.A887DBF50B51587284274F98ED1752E2.e.14769"}]}
COMMAND: GET /session/39d2cc3d4aadadb3bd833599b4f4dfae/screenshot - {}
RESULT: {}
RESULT: {"script":"<script> [5351 bytes]","args":[{"element-6066-11e4-a52e-4f735466cecf":"f.B301C1F41FC6B7F2328A32BBCA4D6847.d.A887DBF50B51587284274F98ED1752E2.e.14769","ELEMENT":"f.B301C1F41FC6B7F2328A32BBCA4D6847.d.A887DBF50B51587284274F98ED1752E2.e.14769"}]}
COMMAND: POST /session/39d2cc3d4aadadb3bd833599b4f4dfae/element/f.B301C1F41FC6B7F2328A32BBCA4D6847.d.A887DBF50B51587284274F98ED1752E2.e.14769/click - {}
COMMAND: GET /session/39d2cc3d4aadadb3bd833599b4f4dfae/screenshot - {}
RESULT: {}
RESULT: {}
COMMAND: GET /session/39d2cc3d4aadadb3bd833599b4f4dfae/screenshot - {}
RESULT: {}
RESULT: {}
COMMAND: POST /session/39d2cc3d4aadadb3bd833599b4f4dfae/element - {"using":"xpath","value":"//span[contains(@id ,\"AddNewHO--typeSelect-arrow\")]"}
RESULT: {"using":"xpath","value":"//span[contains(@id ,\"AddNewHO--typeSelect-arrow\")]"}
COMMAND: POST /session/39d2cc3d4aadadb3bd833599b4f4dfae/element/f.B301C1F41FC6B7F2328A32BBCA4D6847.d.A887DBF50B51587284274F98ED1752E2.e.15128/click - {}
RESULT: {}
COMMAND: GET /session/39d2cc3d4aadadb3bd833599b4f4dfae/screenshot - {}
RESULT: {}
COMMAND: POST /session/39d2cc3d4aadadb3bd833599b4f4dfae/element - {"using":"xpath","value":"(//li[contains(text(), \"stock increase yard\")])[1]"}
RESULT: {"using":"xpath","value":"(//li[contains(text(), \"stock increase yard\")])[1]"}
COMMAND: POST /session/39d2cc3d4aadadb3bd833599b4f4dfae/element/f.B301C1F41FC6B7F2328A32BBCA4D6847.d.A887DBF50B51587284274F98ED1752E2.e.15129/click - {}
RESULT: {}
COMMAND: GET /session/39d2cc3d4aadadb3bd833599b4f4dfae/screenshot - {}
RESULT: {}
COMMAND: POST /session/39d2cc3d4aadadb3bd833599b4f4dfae/execute/async - {"script":"<script> [1562 bytes]","args":[{"selector":{"id":"application-managehandovers-display-component---AddNewHO--dueDate","interaction":{"idSuffix":"inner"}},"wdio_ui5_key":"applicationmanagehandovers-display-component---AddNewHO--dueDate"}]}
RESULT: {"script":"<script> [1562 bytes]","args":[{"selector":{"id":"application-managehandovers-display-component---AddNewHO--dueDate","interaction":{"idSuffix":"inner"}},"wdio_ui5_key":"applicationmanagehandovers-display-component---AddNewHO--dueDate"}]}
RESULT: undefined
COMMAND: POST /session/39d2cc3d4aadadb3bd833599b4f4dfae/execute/async - {"script":"<script> [6424 bytes]","args":[{"element-6066-11e4-a52e-4f735466cecf":"f.B301C1F41FC6B7F2328A32BBCA4D6847.d.A887DBF50B51587284274F98ED1752E2.e.15131"},"setValue",["5/15/25"]]}
RESULT: {"script":"<script> [6424 bytes]","args":[{"element-6066-11e4-a52e-4f735466cecf":"f.B301C1F41FC6B7F2328A32BBCA4D6847.d.A887DBF50B51587284274F98ED1752E2.e.15131"},"setValue",["5/15/25"]]}
COMMAND: POST /session/39d2cc3d4aadadb3bd833599b4f4dfae/element - {"using":"xpath","value":"//input[@id=\"generalSectionFrg--receiveYard-inner\"]"}
RESULT: {"using":"xpath","value":"//input[@id=\"generalSectionFrg--receiveYard-inner\"]"}
COMMAND: POST /session/39d2cc3d4aadadb3bd833599b4f4dfae/element/f.B301C1F41FC6B7F2328A32BBCA4D6847.d.A887DBF50B51587284274F98ED1752E2.e.15135/clear - {}
RESULT: {}
COMMAND: POST /session/39d2cc3d4aadadb3bd833599b4f4dfae/element/f.B301C1F41FC6B7F2328A32BBCA4D6847.d.A887DBF50B51587284274F98ED1752E2.e.15135/value - {"text":"416"}
COMMAND: GET /session/39d2cc3d4aadadb3bd833599b4f4dfae/screenshot - {}
RESULT: {"text":"416"}
COMMAND: GET /session/39d2cc3d4aadadb3bd833599b4f4dfae/screenshot - {}
RESULT: {}
RESULT: {}
COMMAND: POST /session/39d2cc3d4aadadb3bd833599b4f4dfae/element - {"using":"xpath","value":"//li[.//span[text()='416']]"}
RESULT: {"using":"xpath","value":"//li[.//span[text()='416']]"}
COMMAND: POST /session/39d2cc3d4aadadb3bd833599b4f4dfae/element/f.B301C1F41FC6B7F2328A32BBCA4D6847.d.A887DBF50B51587284274F98ED1752E2.e.15151/click - {}
RESULT: {}
COMMAND: GET /session/39d2cc3d4aadadb3bd833599b4f4dfae/screenshot - {}
RESULT: {}
COMMAND: POST /session/39d2cc3d4aadadb3bd833599b4f4dfae/execute/async - {"script":"<script> [1562 bytes]","args":[{"selector":{"id":"application-managehandovers-display-component---AddNewHO--ObjectPageLayout-anchBar-application-managehandovers-display-component---AddNewHO--section4-anchor","interaction":{"idSuffix":"BDI-content"}},"wdio_ui5_key":"applicationmanagehandovers-display-component---AddNewHO--ObjectPageLayout-anchBar-application-managehandovers-display-component---AddNewHO--section4-anchor"}]}
RESULT: {"script":"<script> [1562 bytes]","args":[{"selector":{"id":"application-managehandovers-display-component---AddNewHO--ObjectPageLayout-anchBar-application-managehandovers-display-component---AddNewHO--section4-anchor","interaction":{"idSuffix":"BDI-content"}},"wdio_ui5_key":"applicationmanagehandovers-display-component---AddNewHO--ObjectPageLayout-anchBar-application-managehandovers-display-component---AddNewHO--section4-anchor"}]}
RESULT: undefined
COMMAND: POST /session/39d2cc3d4aadadb3bd833599b4f4dfae/element - {"using":"xpath","value":"//*[@id=\"application-managehandovers-display-component---AddNewHO--ObjectPageLayout-anchBar-application-managehandovers-display-component---AddNewHO--section4-anchor\"]"}
RESULT: {"using":"xpath","value":"//*[@id=\"application-managehandovers-display-component---AddNewHO--ObjectPageLayout-anchBar-application-managehandovers-display-component---AddNewHO--section4-anchor\"]"}
COMMAND: POST /session/39d2cc3d4aadadb3bd833599b4f4dfae/element/f.B301C1F41FC6B7F2328A32BBCA4D6847.d.A887DBF50B51587284274F98ED1752E2.e.15153/click - {}
RESULT: {}
COMMAND: POST /session/39d2cc3d4aadadb3bd833599b4f4dfae/element - {"using":"xpath","value":"//button[@aria-label=\"Add\"]"}
COMMAND: GET /session/39d2cc3d4aadadb3bd833599b4f4dfae/screenshot - {}
RESULT: {"using":"xpath","value":"//button[@aria-label=\"Add\"]"}
COMMAND: POST /session/39d2cc3d4aadadb3bd833599b4f4dfae/element/f.B301C1F41FC6B7F2328A32BBCA4D6847.d.A887DBF50B51587284274F98ED1752E2.e.15157/click - {}
RESULT: {}
RESULT: {}
COMMAND: GET /session/39d2cc3d4aadadb3bd833599b4f4dfae/screenshot - {}
RESULT: {}
COMMAND: POST /session/39d2cc3d4aadadb3bd833599b4f4dfae/execute/async - {"script":"<script> [1562 bytes]","args":[{"selector":{"id":"application-managehandovers-display-component---AddNewHO--smartFilterBar-btnBasicSearch","searchOpenDialogs":true,"interaction":{"idSuffix":"I"}},"wdio_ui5_key":"applicationmanagehandovers-display-component---AddNewHO--smartFilterBar-btnBasicSearch"}]}
RESULT: {"script":"<script> [1562 bytes]","args":[{"selector":{"id":"application-managehandovers-display-component---AddNewHO--smartFilterBar-btnBasicSearch","searchOpenDialogs":true,"interaction":{"idSuffix":"I"}},"wdio_ui5_key":"applicationmanagehandovers-display-component---AddNewHO--smartFilterBar-btnBasicSearch"}]}
RESULT: undefined
COMMAND: POST /session/39d2cc3d4aadadb3bd833599b4f4dfae/execute/async - {"script":"<script> [776 bytes]","args":[{"enterText":"XvumuBmsmh","selector":{"id":"application-managehandovers-display-component---AddNewHO--smartFilterBar-btnBasicSearch","searchOpenDialogs":true,"interaction":{"idSuffix":"I"}},"clearTextFirst":true,"interactionType":"ENTER_TEXT"}]}
RESULT: {"script":"<script> [776 bytes]","args":[{"enterText":"XvumuBmsmh","selector":{"id":"application-managehandovers-display-component---AddNewHO--smartFilterBar-btnBasicSearch","searchOpenDialogs":true,"interaction":{"idSuffix":"I"}},"clearTextFirst":true,"interactionType":"ENTER_TEXT"}]}
COMMAND: POST /session/39d2cc3d4aadadb3bd833599b4f4dfae/actions - {"actions":[{"id":"action59","type":"key","parameters":{},"actions":[{"type":"keyDown","value":"î€‡"},{"type":"pause","duration":10},{"type":"keyUp","value":"î€‡"}]}]}
RESULT: {"actions":[{"id":"action59","type":"key","parameters":{},"actions":[{"type":"keyDown","value":"î€‡"},{"type":"pause","duration":10},{"type":"keyUp","value":"î€‡"}]}]}
COMMAND: GET /session/39d2cc3d4aadadb3bd833599b4f4dfae/screenshot - {}
RESULT: {}
COMMAND: POST /session/39d2cc3d4aadadb3bd833599b4f4dfae/execute/async - {"script":"<script> [1562 bytes]","args":[{"selector":{"id":"application-managehandovers-display-component---AddNewHO--popup-sa","searchOpenDialogs":true,"interaction":{"idSuffix":"CbBg"}},"wdio_ui5_key":"applicationmanagehandovers-display-component---AddNewHO--popup-sa"}]}
RESULT: {"script":"<script> [1562 bytes]","args":[{"selector":{"id":"application-managehandovers-display-component---AddNewHO--popup-sa","searchOpenDialogs":true,"interaction":{"idSuffix":"CbBg"}},"wdio_ui5_key":"applicationmanagehandovers-display-component---AddNewHO--popup-sa"}]}
RESULT: undefined
COMMAND: POST /session/39d2cc3d4aadadb3bd833599b4f4dfae/element - {"using":"xpath","value":"//*[@id=\"application-managehandovers-display-component---AddNewHO--popup-sa\"]"}
RESULT: {"using":"xpath","value":"//*[@id=\"application-managehandovers-display-component---AddNewHO--popup-sa\"]"}
COMMAND: POST /session/39d2cc3d4aadadb3bd833599b4f4dfae/element/f.B301C1F41FC6B7F2328A32BBCA4D6847.d.A887DBF50B51587284274F98ED1752E2.e.15310/click - {}
RESULT: {}
COMMAND: GET /session/39d2cc3d4aadadb3bd833599b4f4dfae/screenshot - {}
RESULT: {}
COMMAND: POST /session/39d2cc3d4aadadb3bd833599b4f4dfae/element - {"using":"xpath","value":"//bdi[contains(text(), \"Select\")]"}
RESULT: {"using":"xpath","value":"//bdi[contains(text(), \"Select\")]"}
COMMAND: POST /session/39d2cc3d4aadadb3bd833599b4f4dfae/element/f.B301C1F41FC6B7F2328A32BBCA4D6847.d.A887DBF50B51587284274F98ED1752E2.e.15311/click - {}
RESULT: {}
COMMAND: GET /session/39d2cc3d4aadadb3bd833599b4f4dfae/screenshot - {}
RESULT: {}
COMMAND: POST /session/39d2cc3d4aadadb3bd833599b4f4dfae/element - {"using":"xpath","value":"//button[@data-kt=\"AddNewHOSaveButton\"]"}
RESULT: {"using":"xpath","value":"//button[@data-kt=\"AddNewHOSaveButton\"]"}
COMMAND: POST /session/39d2cc3d4aadadb3bd833599b4f4dfae/element/f.B301C1F41FC6B7F2328A32BBCA4D6847.d.A887DBF50B51587284274F98ED1752E2.e.15315/click - {}
RESULT: {}
COMMAND: GET /session/39d2cc3d4aadadb3bd833599b4f4dfae/screenshot - {}
RESULT: {}
COMMAND: POST /session/39d2cc3d4aadadb3bd833599b4f4dfae/execute/async - {"script":"<script> [1562 bytes]","args":[{"selector":{"id":"receiptDatePicker","viewName":"etm.portal.ui.managehandovers.view.DetailExecuteHO","interaction":{"idSuffix":"inner"}},"wdio_ui5_key":"receiptDatePickeretmportal.ui.managehandovers.view.DetailExecuteHO"}]}
RESULT: {"script":"<script> [1562 bytes]","args":[{"selector":{"id":"receiptDatePicker","viewName":"etm.portal.ui.managehandovers.view.DetailExecuteHO","interaction":{"idSuffix":"inner"}},"wdio_ui5_key":"receiptDatePickeretmportal.ui.managehandovers.view.DetailExecuteHO"}]}
RESULT: undefined
COMMAND: POST /session/39d2cc3d4aadadb3bd833599b4f4dfae/execute/async - {"script":"<script> [6424 bytes]","args":[{"element-6066-11e4-a52e-4f735466cecf":"f.B301C1F41FC6B7F2328A32BBCA4D6847.d.A887DBF50B51587284274F98ED1752E2.e.15333"},"setValue",["5/15/25"]]}
RESULT: {"script":"<script> [6424 bytes]","args":[{"element-6066-11e4-a52e-4f735466cecf":"f.B301C1F41FC6B7F2328A32BBCA4D6847.d.A887DBF50B51587284274F98ED1752E2.e.15333"},"setValue",["5/15/25"]]}
COMMAND: POST /session/39d2cc3d4aadadb3bd833599b4f4dfae/element - {"using":"xpath","value":"//button[@data-kt=\"PickingTableConfirmAllButton\"]"}
RESULT: {"using":"xpath","value":"//button[@data-kt=\"PickingTableConfirmAllButton\"]"}
COMMAND: POST /session/39d2cc3d4aadadb3bd833599b4f4dfae/element/f.B301C1F41FC6B7F2328A32BBCA4D6847.d.A887DBF50B51587284274F98ED1752E2.e.15348/click - {}
RESULT: {}
COMMAND: GET /session/39d2cc3d4aadadb3bd833599b4f4dfae/screenshot - {}
RESULT: {}
COMMAND: POST /session/39d2cc3d4aadadb3bd833599b4f4dfae/element - {"using":"xpath","value":"//bdi[contains(text(), \"OK\")]"}
RESULT: {"using":"xpath","value":"//bdi[contains(text(), \"OK\")]"}
COMMAND: POST /session/39d2cc3d4aadadb3bd833599b4f4dfae/element/f.B301C1F41FC6B7F2328A32BBCA4D6847.d.A887DBF50B51587284274F98ED1752E2.e.15350/click - {}
RESULT: {}
COMMAND: GET /session/39d2cc3d4aadadb3bd833599b4f4dfae/screenshot - {}
RESULT: {}
COMMAND: POST /session/39d2cc3d4aadadb3bd833599b4f4dfae/element - {"using":"xpath","value":"(//bdi[contains(text(), \"Receive\")])[2]"}
RESULT: {"using":"xpath","value":"(//bdi[contains(text(), \"Receive\")])[2]"}
COMMAND: POST /session/39d2cc3d4aadadb3bd833599b4f4dfae/element/f.B301C1F41FC6B7F2328A32BBCA4D6847.d.A887DBF50B51587284274F98ED1752E2.e.15352/click - {}
RESULT: {}
COMMAND: GET /session/39d2cc3d4aadadb3bd833599b4f4dfae/screenshot - {}
RESULT: {}
COMMAND: POST /session/39d2cc3d4aadadb3bd833599b4f4dfae/element - {"using":"css selector","value":"#shell-header-logo"}
RESULT: {"using":"css selector","value":"#shell-header-logo"}
COMMAND: POST /session/39d2cc3d4aadadb3bd833599b4f4dfae/element/f.B301C1F41FC6B7F2328A32BBCA4D6847.d.A887DBF50B51587284274F98ED1752E2.e.14730/click - {}
RESULT: {}
COMMAND: GET /session/39d2cc3d4aadadb3bd833599b4f4dfae/screenshot - {}
RESULT: {}
]]></system-out>
    </testcase>
    <testcase classname="chrome.136_0_7103_93.windows.Create_Reverse_Billing_US127248" name="Should create a new contract" time="56.759">
      <system-out><![CDATA[
COMMAND: POST /session/39d2cc3d4aadadb3bd833599b4f4dfae/execute/async - {"script":"<script> [1562 bytes]","args":[{"selector":{"controlType":"sap.m.GenericTile","properties":{"header":"Manage Contracts"}},"wdio_ui5_key":"sapm.GenericTile{\"header\":\"Manage Contracts\"}"}]}
RESULT: {"script":"<script> [1562 bytes]","args":[{"selector":{"controlType":"sap.m.GenericTile","properties":{"header":"Manage Contracts"}},"wdio_ui5_key":"sapm.GenericTile{\"header\":\"Manage Contracts\"}"}]}
RESULT: undefined
COMMAND: POST /session/39d2cc3d4aadadb3bd833599b4f4dfae/element - {"using":"xpath","value":"//*[@id=\"__tile130\"]"}
RESULT: {"using":"xpath","value":"//*[@id=\"__tile130\"]"}
COMMAND: POST /session/39d2cc3d4aadadb3bd833599b4f4dfae/element/f.B301C1F41FC6B7F2328A32BBCA4D6847.d.A887DBF50B51587284274F98ED1752E2.e.13501/click - {}
RESULT: {}
COMMAND: GET /session/39d2cc3d4aadadb3bd833599b4f4dfae/screenshot - {}
RESULT: {}
COMMAND: POST /session/39d2cc3d4aadadb3bd833599b4f4dfae/elements - {"using":"xpath","value":"//span[text()='Error']"}
RESULT: {"using":"xpath","value":"//span[text()='Error']"}
COMMAND: POST /session/39d2cc3d4aadadb3bd833599b4f4dfae/element - {"using":"xpath","value":"//button[@data-kt=\"addButton\"]"}
RESULT: {"using":"xpath","value":"//button[@data-kt=\"addButton\"]"}
COMMAND: POST /session/39d2cc3d4aadadb3bd833599b4f4dfae/elements - {"using":"xpath","value":"//button[@data-kt=\"addButton\"]"}
RESULT: {"using":"xpath","value":"//button[@data-kt=\"addButton\"]"}
COMMAND: POST /session/39d2cc3d4aadadb3bd833599b4f4dfae/execute/sync - {"script":"<script> [8489 bytes]","args":[{"element-6066-11e4-a52e-4f735466cecf":"f.B301C1F41FC6B7F2328A32BBCA4D6847.d.A887DBF50B51587284274F98ED1752E2.e.15563","ELEMENT":"f.B301C1F41FC6B7F2328A32BBCA4D6847.d.A887DBF50B51587284274F98ED1752E2.e.15563"}]}
RESULT: {"script":"<script> [8489 bytes]","args":[{"element-6066-11e4-a52e-4f735466cecf":"f.B301C1F41FC6B7F2328A32BBCA4D6847.d.A887DBF50B51587284274F98ED1752E2.e.15563","ELEMENT":"f.B301C1F41FC6B7F2328A32BBCA4D6847.d.A887DBF50B51587284274F98ED1752E2.e.15563"}]}
COMMAND: GET /session/39d2cc3d4aadadb3bd833599b4f4dfae/element/f.B301C1F41FC6B7F2328A32BBCA4D6847.d.A887DBF50B51587284274F98ED1752E2.e.15563/enabled - {}
COMMAND: GET /session/39d2cc3d4aadadb3bd833599b4f4dfae/screenshot - {}
RESULT: {}
COMMAND: POST /session/39d2cc3d4aadadb3bd833599b4f4dfae/execute/sync - {"script":"<script> [8489 bytes]","args":[{"element-6066-11e4-a52e-4f735466cecf":"f.B301C1F41FC6B7F2328A32BBCA4D6847.d.A887DBF50B51587284274F98ED1752E2.e.15563","ELEMENT":"f.B301C1F41FC6B7F2328A32BBCA4D6847.d.A887DBF50B51587284274F98ED1752E2.e.15563"}]}
COMMAND: GET /session/39d2cc3d4aadadb3bd833599b4f4dfae/screenshot - {}
RESULT: {}
RESULT: {"script":"<script> [8489 bytes]","args":[{"element-6066-11e4-a52e-4f735466cecf":"f.B301C1F41FC6B7F2328A32BBCA4D6847.d.A887DBF50B51587284274F98ED1752E2.e.15563","ELEMENT":"f.B301C1F41FC6B7F2328A32BBCA4D6847.d.A887DBF50B51587284274F98ED1752E2.e.15563"}]}
COMMAND: POST /session/39d2cc3d4aadadb3bd833599b4f4dfae/execute/sync - {"script":"<script> [5351 bytes]","args":[{"element-6066-11e4-a52e-4f735466cecf":"f.B301C1F41FC6B7F2328A32BBCA4D6847.d.A887DBF50B51587284274F98ED1752E2.e.15563","ELEMENT":"f.B301C1F41FC6B7F2328A32BBCA4D6847.d.A887DBF50B51587284274F98ED1752E2.e.15563"}]}
COMMAND: GET /session/39d2cc3d4aadadb3bd833599b4f4dfae/screenshot - {}
RESULT: {}
RESULT: {"script":"<script> [5351 bytes]","args":[{"element-6066-11e4-a52e-4f735466cecf":"f.B301C1F41FC6B7F2328A32BBCA4D6847.d.A887DBF50B51587284274F98ED1752E2.e.15563","ELEMENT":"f.B301C1F41FC6B7F2328A32BBCA4D6847.d.A887DBF50B51587284274F98ED1752E2.e.15563"}]}
COMMAND: GET /session/39d2cc3d4aadadb3bd833599b4f4dfae/screenshot - {}
RESULT: {}
RESULT: {}
COMMAND: POST /session/39d2cc3d4aadadb3bd833599b4f4dfae/element/f.B301C1F41FC6B7F2328A32BBCA4D6847.d.A887DBF50B51587284274F98ED1752E2.e.15563/click - {}
RESULT: {}
COMMAND: GET /session/39d2cc3d4aadadb3bd833599b4f4dfae/screenshot - {}
COMMAND: POST /session/39d2cc3d4aadadb3bd833599b4f4dfae/execute/async - {"script":"<script> [1562 bytes]","args":[{"selector":{"id":"application-managecontracts-display-component---AddNewContract--projectDescription","interaction":{"idSuffix":"inner"}},"wdio_ui5_key":"applicationmanagecontracts-display-component---AddNewContract--projectDescription"}]}
RESULT: {}
RESULT: {"script":"<script> [1562 bytes]","args":[{"selector":{"id":"application-managecontracts-display-component---AddNewContract--projectDescription","interaction":{"idSuffix":"inner"}},"wdio_ui5_key":"applicationmanagecontracts-display-component---AddNewContract--projectDescription"}]}
RESULT: undefined
COMMAND: POST /session/39d2cc3d4aadadb3bd833599b4f4dfae/execute/async - {"script":"<script> [776 bytes]","args":[{"enterText":"Contract WDIO","selector":{"id":"application-managecontracts-display-component---AddNewContract--projectDescription","interaction":{"idSuffix":"inner"}},"clearTextFirst":true,"interactionType":"ENTER_TEXT"}]}
RESULT: {"script":"<script> [776 bytes]","args":[{"enterText":"Contract WDIO","selector":{"id":"application-managecontracts-display-component---AddNewContract--projectDescription","interaction":{"idSuffix":"inner"}},"clearTextFirst":true,"interactionType":"ENTER_TEXT"}]}
COMMAND: POST /session/39d2cc3d4aadadb3bd833599b4f4dfae/element - {"using":"xpath","value":"//input[@id=\"application-managecontracts-display-component---AddNewContract--site-inner\"]"}
RESULT: {"using":"xpath","value":"//input[@id=\"application-managecontracts-display-component---AddNewContract--site-inner\"]"}
COMMAND: POST /session/39d2cc3d4aadadb3bd833599b4f4dfae/element/f.B301C1F41FC6B7F2328A32BBCA4D6847.d.A887DBF50B51587284274F98ED1752E2.e.15927/clear - {}
RESULT: {}
COMMAND: POST /session/39d2cc3d4aadadb3bd833599b4f4dfae/element/f.B301C1F41FC6B7F2328A32BBCA4D6847.d.A887DBF50B51587284274F98ED1752E2.e.15927/value - {"text":"2189"}
COMMAND: GET /session/39d2cc3d4aadadb3bd833599b4f4dfae/screenshot - {}
RESULT: {"text":"2189"}
COMMAND: GET /session/39d2cc3d4aadadb3bd833599b4f4dfae/screenshot - {}
RESULT: {}
RESULT: {}
COMMAND: POST /session/39d2cc3d4aadadb3bd833599b4f4dfae/element - {"using":"xpath","value":"//li[.//span[text()='2189']]"}
RESULT: {"using":"xpath","value":"//li[.//span[text()='2189']]"}
COMMAND: POST /session/39d2cc3d4aadadb3bd833599b4f4dfae/element/f.B301C1F41FC6B7F2328A32BBCA4D6847.d.A887DBF50B51587284274F98ED1752E2.e.15960/click - {}
RESULT: {}
COMMAND: GET /session/39d2cc3d4aadadb3bd833599b4f4dfae/screenshot - {}
RESULT: {}
COMMAND: POST /session/39d2cc3d4aadadb3bd833599b4f4dfae/element - {"using":"xpath","value":"//input[@id=\"application-managecontracts-display-component---AddNewContract--yardId-inner\"]"}
RESULT: {"using":"xpath","value":"//input[@id=\"application-managecontracts-display-component---AddNewContract--yardId-inner\"]"}
COMMAND: GET /session/39d2cc3d4aadadb3bd833599b4f4dfae/element/f.B301C1F41FC6B7F2328A32BBCA4D6847.d.A887DBF50B51587284274F98ED1752E2.e.15928/property/value - {}
RESULT: {}
COMMAND: POST /session/39d2cc3d4aadadb3bd833599b4f4dfae/element - {"using":"xpath","value":"//input[@id=\"application-managecontracts-display-component---AddNewContract--customerSelect-inner\"]"}
COMMAND: GET /session/39d2cc3d4aadadb3bd833599b4f4dfae/screenshot - {}
RESULT: {"using":"xpath","value":"//input[@id=\"application-managecontracts-display-component---AddNewContract--customerSelect-inner\"]"}
COMMAND: POST /session/39d2cc3d4aadadb3bd833599b4f4dfae/element/f.B301C1F41FC6B7F2328A32BBCA4D6847.d.A887DBF50B51587284274F98ED1752E2.e.15926/clear - {}
RESULT: {}
RESULT: {}
COMMAND: POST /session/39d2cc3d4aadadb3bd833599b4f4dfae/element/f.B301C1F41FC6B7F2328A32BBCA4D6847.d.A887DBF50B51587284274F98ED1752E2.e.15926/value - {"text":"1228"}
COMMAND: GET /session/39d2cc3d4aadadb3bd833599b4f4dfae/screenshot - {}
RESULT: {"text":"1228"}
COMMAND: GET /session/39d2cc3d4aadadb3bd833599b4f4dfae/screenshot - {}
RESULT: {}
RESULT: {}
COMMAND: POST /session/39d2cc3d4aadadb3bd833599b4f4dfae/element - {"using":"xpath","value":"//li[.//span[text()='1228']]"}
RESULT: {"using":"xpath","value":"//li[.//span[text()='1228']]"}
COMMAND: POST /session/39d2cc3d4aadadb3bd833599b4f4dfae/element/f.B301C1F41FC6B7F2328A32BBCA4D6847.d.A887DBF50B51587284274F98ED1752E2.e.15963/click - {}
RESULT: {}
COMMAND: GET /session/39d2cc3d4aadadb3bd833599b4f4dfae/screenshot - {}
RESULT: {}
COMMAND: POST /session/39d2cc3d4aadadb3bd833599b4f4dfae/element - {"using":"xpath","value":"//button[@data-kt=\"saveButton\"]"}
RESULT: {"using":"xpath","value":"//button[@data-kt=\"saveButton\"]"}
COMMAND: POST /session/39d2cc3d4aadadb3bd833599b4f4dfae/element/f.B301C1F41FC6B7F2328A32BBCA4D6847.d.A887DBF50B51587284274F98ED1752E2.e.15964/click - {}
RESULT: {}
COMMAND: GET /session/39d2cc3d4aadadb3bd833599b4f4dfae/screenshot - {}
RESULT: {}
COMMAND: POST /session/39d2cc3d4aadadb3bd833599b4f4dfae/element - {"using":"xpath","value":"//span[contains(@id ,\"contractDetailTitleNoExpanded\")]"}
RESULT: {"using":"xpath","value":"//span[contains(@id ,\"contractDetailTitleNoExpanded\")]"}
COMMAND: POST /session/39d2cc3d4aadadb3bd833599b4f4dfae/elements - {"using":"xpath","value":"//span[contains(@id ,\"contractDetailTitleNoExpanded\")]"}
RESULT: {"using":"xpath","value":"//span[contains(@id ,\"contractDetailTitleNoExpanded\")]"}
COMMAND: POST /session/39d2cc3d4aadadb3bd833599b4f4dfae/execute/sync - {"script":"<script> [56 bytes]","args":[{"element-6066-11e4-a52e-4f735466cecf":"f.B301C1F41FC6B7F2328A32BBCA4D6847.d.A887DBF50B51587284274F98ED1752E2.e.16035","ELEMENT":"f.B301C1F41FC6B7F2328A32BBCA4D6847.d.A887DBF50B51587284274F98ED1752E2.e.16035"}]}
RESULT: {"script":"<script> [56 bytes]","args":[{"element-6066-11e4-a52e-4f735466cecf":"f.B301C1F41FC6B7F2328A32BBCA4D6847.d.A887DBF50B51587284274F98ED1752E2.e.16035","ELEMENT":"f.B301C1F41FC6B7F2328A32BBCA4D6847.d.A887DBF50B51587284274F98ED1752E2.e.16035"}]}
COMMAND: GET /session/39d2cc3d4aadadb3bd833599b4f4dfae/screenshot - {}
RESULT: {}
]]></system-out>
    </testcase>
    <testcase classname="chrome.136_0_7103_93.windows.Create_Reverse_Billing_US127248" name="Should add equipment to the contract" time="46.467">
      <system-out><![CDATA[
COMMAND: POST /session/39d2cc3d4aadadb3bd833599b4f4dfae/element - {"using":"xpath","value":"//button[@data-kt=\"contractDetailEditBtnButton\"]"}
RESULT: {"using":"xpath","value":"//button[@data-kt=\"contractDetailEditBtnButton\"]"}
COMMAND: POST /session/39d2cc3d4aadadb3bd833599b4f4dfae/element/f.B301C1F41FC6B7F2328A32BBCA4D6847.d.A887DBF50B51587284274F98ED1752E2.e.16037/click - {}
RESULT: {}
COMMAND: GET /session/39d2cc3d4aadadb3bd833599b4f4dfae/screenshot - {}
RESULT: {}
COMMAND: POST /session/39d2cc3d4aadadb3bd833599b4f4dfae/element - {"using":"xpath","value":"(//span[contains(text(), \"Additional Addresses\")])[2]"}
RESULT: {"using":"xpath","value":"(//span[contains(text(), \"Additional Addresses\")])[2]"}
COMMAND: POST /session/39d2cc3d4aadadb3bd833599b4f4dfae/element/f.B301C1F41FC6B7F2328A32BBCA4D6847.d.A887DBF50B51587284274F98ED1752E2.e.16093/click - {}
RESULT: {}
COMMAND: GET /session/39d2cc3d4aadadb3bd833599b4f4dfae/screenshot - {}
RESULT: {}
COMMAND: POST /session/39d2cc3d4aadadb3bd833599b4f4dfae/element - {"using":"xpath","value":"//button[@data-kt=\"btnAddTableRowOverflowToolbarButton\"]"}
RESULT: {"using":"xpath","value":"//button[@data-kt=\"btnAddTableRowOverflowToolbarButton\"]"}
COMMAND: POST /session/39d2cc3d4aadadb3bd833599b4f4dfae/element/f.B301C1F41FC6B7F2328A32BBCA4D6847.d.A887DBF50B51587284274F98ED1752E2.e.16095/click - {}
RESULT: {}
COMMAND: GET /session/39d2cc3d4aadadb3bd833599b4f4dfae/screenshot - {}
RESULT: {}
COMMAND: POST /session/39d2cc3d4aadadb3bd833599b4f4dfae/element - {"using":"xpath","value":"//div[(text() = 'Standard Entry' or . = 'Standard Entry')]"}
RESULT: {"using":"xpath","value":"//div[(text() = 'Standard Entry' or . = 'Standard Entry')]"}
COMMAND: POST /session/39d2cc3d4aadadb3bd833599b4f4dfae/element/f.B301C1F41FC6B7F2328A32BBCA4D6847.d.A887DBF50B51587284274F98ED1752E2.e.16097/click - {}
RESULT: {}
COMMAND: GET /session/39d2cc3d4aadadb3bd833599b4f4dfae/screenshot - {}
RESULT: {}
COMMAND: POST /session/39d2cc3d4aadadb3bd833599b4f4dfae/element - {"using":"xpath","value":"//td[7]/div/div/input"}
RESULT: {"using":"xpath","value":"//td[7]/div/div/input"}
COMMAND: POST /session/39d2cc3d4aadadb3bd833599b4f4dfae/element/f.B301C1F41FC6B7F2328A32BBCA4D6847.d.A887DBF50B51587284274F98ED1752E2.e.16106/clear - {}
RESULT: {}
COMMAND: POST /session/39d2cc3d4aadadb3bd833599b4f4dfae/element/f.B301C1F41FC6B7F2328A32BBCA4D6847.d.A887DBF50B51587284274F98ED1752E2.e.16106/value - {"text":"XvumuBmsmh"}
COMMAND: GET /session/39d2cc3d4aadadb3bd833599b4f4dfae/screenshot - {}
RESULT: {"text":"XvumuBmsmh"}
COMMAND: GET /session/39d2cc3d4aadadb3bd833599b4f4dfae/screenshot - {}
RESULT: {}
RESULT: {}
COMMAND: POST /session/39d2cc3d4aadadb3bd833599b4f4dfae/actions - {"actions":[{"id":"action60","type":"key","parameters":{},"actions":[{"type":"keyDown","value":"î€‡"},{"type":"pause","duration":10},{"type":"keyUp","value":"î€‡"}]}]}
RESULT: {"actions":[{"id":"action60","type":"key","parameters":{},"actions":[{"type":"keyDown","value":"î€‡"},{"type":"pause","duration":10},{"type":"keyUp","value":"î€‡"}]}]}
COMMAND: GET /session/39d2cc3d4aadadb3bd833599b4f4dfae/screenshot - {}
RESULT: {}
COMMAND: POST /session/39d2cc3d4aadadb3bd833599b4f4dfae/execute/sync - {"script":"<script> [276 bytes]","args":["No pricing information was found"]}
RESULT: {"script":"<script> [276 bytes]","args":["No pricing information was found"]}
COMMAND: POST /session/39d2cc3d4aadadb3bd833599b4f4dfae/element - {"using":"xpath","value":"(//button[@data-kt=\"saveButton\"])[2]"}
COMMAND: GET /session/39d2cc3d4aadadb3bd833599b4f4dfae/screenshot - {}
RESULT: {"using":"xpath","value":"(//button[@data-kt=\"saveButton\"])[2]"}
COMMAND: POST /session/39d2cc3d4aadadb3bd833599b4f4dfae/element/f.B301C1F41FC6B7F2328A32BBCA4D6847.d.A887DBF50B51587284274F98ED1752E2.e.16121/click - {}
RESULT: {}
RESULT: {}
COMMAND: GET /session/39d2cc3d4aadadb3bd833599b4f4dfae/screenshot - {}
RESULT: {}
COMMAND: POST /session/39d2cc3d4aadadb3bd833599b4f4dfae/execute/sync - {"script":"<script> [276 bytes]","args":["Some contract items are having rental validity exceeding header rental validity"]}
RESULT: {"script":"<script> [276 bytes]","args":["Some contract items are having rental validity exceeding header rental validity"]}
COMMAND: GET /session/39d2cc3d4aadadb3bd833599b4f4dfae/screenshot - {}
RESULT: {}
COMMAND: POST /session/39d2cc3d4aadadb3bd833599b4f4dfae/element - {"using":"xpath","value":"//span[contains(@id ,\"contractItemsSmartTable-header-inner\")]"}
RESULT: {"using":"xpath","value":"//span[contains(@id ,\"contractItemsSmartTable-header-inner\")]"}
COMMAND: POST /session/39d2cc3d4aadadb3bd833599b4f4dfae/elements - {"using":"xpath","value":"//span[contains(@id ,\"contractItemsSmartTable-header-inner\")]"}
RESULT: {"using":"xpath","value":"//span[contains(@id ,\"contractItemsSmartTable-header-inner\")]"}
COMMAND: POST /session/39d2cc3d4aadadb3bd833599b4f4dfae/execute/sync - {"script":"<script> [56 bytes]","args":[{"element-6066-11e4-a52e-4f735466cecf":"f.B301C1F41FC6B7F2328A32BBCA4D6847.d.A887DBF50B51587284274F98ED1752E2.e.16127","ELEMENT":"f.B301C1F41FC6B7F2328A32BBCA4D6847.d.A887DBF50B51587284274F98ED1752E2.e.16127"}]}
RESULT: {"script":"<script> [56 bytes]","args":[{"element-6066-11e4-a52e-4f735466cecf":"f.B301C1F41FC6B7F2328A32BBCA4D6847.d.A887DBF50B51587284274F98ED1752E2.e.16127","ELEMENT":"f.B301C1F41FC6B7F2328A32BBCA4D6847.d.A887DBF50B51587284274F98ED1752E2.e.16127"}]}
]]></system-out>
    </testcase>
    <testcase classname="chrome.136_0_7103_93.windows.Create_Reverse_Billing_US127248" name="Should do a provide to site handover" time="60.24">
      <system-out><![CDATA[
COMMAND: GET /session/39d2cc3d4aadadb3bd833599b4f4dfae/screenshot - {}
COMMAND: POST /session/39d2cc3d4aadadb3bd833599b4f4dfae/element - {"using":"xpath","value":"//button[@data-kt=\"provideButton\"]"}
RESULT: {"using":"xpath","value":"//button[@data-kt=\"provideButton\"]"}
COMMAND: POST /session/39d2cc3d4aadadb3bd833599b4f4dfae/element/f.B301C1F41FC6B7F2328A32BBCA4D6847.d.A887DBF50B51587284274F98ED1752E2.e.16128/click - {}
RESULT: {}
RESULT: {}
COMMAND: GET /session/39d2cc3d4aadadb3bd833599b4f4dfae/screenshot - {}
RESULT: undefined
COMMAND: POST /session/39d2cc3d4aadadb3bd833599b4f4dfae/execute/async - {"script":"<script> [6424 bytes]","args":[{"element-6066-11e4-a52e-4f735466cecf":"f.B301C1F41FC6B7F2328A32BBCA4D6847.d.A887DBF50B51587284274F98ED1752E2.e.15131"},"setValue",["5/15/25"]]}
RESULT: {}
COMMAND: POST /session/39d2cc3d4aadadb3bd833599b4f4dfae/execute/async - {"script":"<script> [1562 bytes]","args":[{"selector":{"id":"application-managehandovers-display-component---AddNewHO--dueDate","interaction":{"idSuffix":"inner"}},"wdio_ui5_key":"applicationmanagehandovers-display-component---AddNewHO--dueDate"}]}
RESULT: {"script":"<script> [1562 bytes]","args":[{"selector":{"id":"application-managehandovers-display-component---AddNewHO--dueDate","interaction":{"idSuffix":"inner"}},"wdio_ui5_key":"applicationmanagehandovers-display-component---AddNewHO--dueDate"}]}
COMMAND: POST /session/39d2cc3d4aadadb3bd833599b4f4dfae/execute/async - {"script":"<script> [6424 bytes]","args":[{"element-6066-11e4-a52e-4f735466cecf":"f.B301C1F41FC6B7F2328A32BBCA4D6847.d.A887DBF50B51587284274F98ED1752E2.e.16185"},"setValue",["5/15/25"]]}
RESULT: {"script":"<script> [6424 bytes]","args":[{"element-6066-11e4-a52e-4f735466cecf":"f.B301C1F41FC6B7F2328A32BBCA4D6847.d.A887DBF50B51587284274F98ED1752E2.e.16185"},"setValue",["5/15/25"]]}
COMMAND: POST /session/39d2cc3d4aadadb3bd833599b4f4dfae/element - {"using":"xpath","value":"//bdi[contains(text(), \"Instructions\")]"}
RESULT: {"using":"xpath","value":"//bdi[contains(text(), \"Instructions\")]"}
COMMAND: POST /session/39d2cc3d4aadadb3bd833599b4f4dfae/element/f.B301C1F41FC6B7F2328A32BBCA4D6847.d.A887DBF50B51587284274F98ED1752E2.e.16433/click - {}
RESULT: {}
COMMAND: GET /session/39d2cc3d4aadadb3bd833599b4f4dfae/screenshot - {}
RESULT: {}
COMMAND: POST /session/39d2cc3d4aadadb3bd833599b4f4dfae/element - {"using":"xpath","value":"//button[@data-kt=\"AddNewHOProvideAddItemsButton\"]"}
RESULT: {"using":"xpath","value":"//button[@data-kt=\"AddNewHOProvideAddItemsButton\"]"}
COMMAND: POST /session/39d2cc3d4aadadb3bd833599b4f4dfae/element/f.B301C1F41FC6B7F2328A32BBCA4D6847.d.A887DBF50B51587284274F98ED1752E2.e.16437/click - {}
RESULT: {}
COMMAND: GET /session/39d2cc3d4aadadb3bd833599b4f4dfae/screenshot - {}
RESULT: {}
RESULT: undefined
COMMAND: POST /session/39d2cc3d4aadadb3bd833599b4f4dfae/element - {"using":"xpath","value":"//*[@id=\"application-managehandovers-display-component---AddNewHO--popup-sa\"]"}
RESULT: {"using":"xpath","value":"//*[@id=\"application-managehandovers-display-component---AddNewHO--popup-sa\"]"}
COMMAND: POST /session/39d2cc3d4aadadb3bd833599b4f4dfae/element/f.B301C1F41FC6B7F2328A32BBCA4D6847.d.A887DBF50B51587284274F98ED1752E2.e.16446/click - {}
RESULT: {}
COMMAND: GET /session/39d2cc3d4aadadb3bd833599b4f4dfae/screenshot - {}
RESULT: {}
COMMAND: POST /session/39d2cc3d4aadadb3bd833599b4f4dfae/element - {"using":"xpath","value":"//*[contains(@id ,\"BDI-content\")][contains(text(), \"Select\")]"}
RESULT: {"using":"xpath","value":"//*[contains(@id ,\"BDI-content\")][contains(text(), \"Select\")]"}
COMMAND: POST /session/39d2cc3d4aadadb3bd833599b4f4dfae/element/f.B301C1F41FC6B7F2328A32BBCA4D6847.d.A887DBF50B51587284274F98ED1752E2.e.16448/click - {}
RESULT: {}
COMMAND: GET /session/39d2cc3d4aadadb3bd833599b4f4dfae/screenshot - {}
RESULT: {}
COMMAND: POST /session/39d2cc3d4aadadb3bd833599b4f4dfae/execute/async - {"script":"<script> [1562 bytes]","args":[{"selector":{"id":"application-managehandovers-display-component---AddNewHO--confirmCreationButton","interaction":{"idSuffix":"BDI-content"}},"wdio_ui5_key":"applicationmanagehandovers-display-component---AddNewHO--confirmCreationButton"}]}
RESULT: {"script":"<script> [1562 bytes]","args":[{"selector":{"id":"application-managehandovers-display-component---AddNewHO--confirmCreationButton","interaction":{"idSuffix":"BDI-content"}},"wdio_ui5_key":"applicationmanagehandovers-display-component---AddNewHO--confirmCreationButton"}]}
RESULT: undefined
COMMAND: POST /session/39d2cc3d4aadadb3bd833599b4f4dfae/element - {"using":"xpath","value":"//*[@id=\"application-managehandovers-display-component---AddNewHO--confirmCreationButton\"]"}
RESULT: {"using":"xpath","value":"//*[@id=\"application-managehandovers-display-component---AddNewHO--confirmCreationButton\"]"}
COMMAND: POST /session/39d2cc3d4aadadb3bd833599b4f4dfae/element/f.B301C1F41FC6B7F2328A32BBCA4D6847.d.A887DBF50B51587284274F98ED1752E2.e.16262/click - {}
RESULT: {}
COMMAND: GET /session/39d2cc3d4aadadb3bd833599b4f4dfae/screenshot - {}
RESULT: {}
COMMAND: POST /session/39d2cc3d4aadadb3bd833599b4f4dfae/execute/async - {"script":"<script> [1562 bytes]","args":[{"selector":{"id":"issueDatePicker","viewName":"etm.portal.ui.managehandovers.view.DetailExecuteHO","interaction":{"idSuffix":"inner"}},"wdio_ui5_key":"issueDatePickeretmportal.ui.managehandovers.view.DetailExecuteHO"}]}
RESULT: {"script":"<script> [1562 bytes]","args":[{"selector":{"id":"issueDatePicker","viewName":"etm.portal.ui.managehandovers.view.DetailExecuteHO","interaction":{"idSuffix":"inner"}},"wdio_ui5_key":"issueDatePickeretmportal.ui.managehandovers.view.DetailExecuteHO"}]}
RESULT: undefined
COMMAND: POST /session/39d2cc3d4aadadb3bd833599b4f4dfae/execute/async - {"script":"<script> [776 bytes]","args":[{"enterText":"5/15/25","selector":{"id":"issueDatePicker","viewName":"etm.portal.ui.managehandovers.view.DetailExecuteHO","interaction":{"idSuffix":"inner"}},"clearTextFirst":true,"interactionType":"ENTER_TEXT"}]}
RESULT: {"script":"<script> [776 bytes]","args":[{"enterText":"5/15/25","selector":{"id":"issueDatePicker","viewName":"etm.portal.ui.managehandovers.view.DetailExecuteHO","interaction":{"idSuffix":"inner"}},"clearTextFirst":true,"interactionType":"ENTER_TEXT"}]}
COMMAND: POST /session/39d2cc3d4aadadb3bd833599b4f4dfae/element - {"using":"xpath","value":"//bdi[contains(text(), \"OK\")]"}
RESULT: {"using":"xpath","value":"//bdi[contains(text(), \"OK\")]"}
COMMAND: POST /session/39d2cc3d4aadadb3bd833599b4f4dfae/element/f.B301C1F41FC6B7F2328A32BBCA4D6847.d.A887DBF50B51587284274F98ED1752E2.e.16494/click - {}
RESULT: {}
COMMAND: GET /session/39d2cc3d4aadadb3bd833599b4f4dfae/screenshot - {}
RESULT: {}
COMMAND: POST /session/39d2cc3d4aadadb3bd833599b4f4dfae/element - {"using":"xpath","value":"//button[@data-kt=\"PickingTableConfirmAllButton\"]"}
RESULT: {"using":"xpath","value":"//button[@data-kt=\"PickingTableConfirmAllButton\"]"}
COMMAND: POST /session/39d2cc3d4aadadb3bd833599b4f4dfae/element/f.B301C1F41FC6B7F2328A32BBCA4D6847.d.A887DBF50B51587284274F98ED1752E2.e.16500/click - {}
RESULT: {}
COMMAND: GET /session/39d2cc3d4aadadb3bd833599b4f4dfae/screenshot - {}
RESULT: {}
COMMAND: POST /session/39d2cc3d4aadadb3bd833599b4f4dfae/element - {"using":"xpath","value":"//bdi[contains(text(), \"OK\")]"}
RESULT: {"using":"xpath","value":"//bdi[contains(text(), \"OK\")]"}
COMMAND: POST /session/39d2cc3d4aadadb3bd833599b4f4dfae/element/f.B301C1F41FC6B7F2328A32BBCA4D6847.d.A887DBF50B51587284274F98ED1752E2.e.16504/click - {}
RESULT: {}
COMMAND: GET /session/39d2cc3d4aadadb3bd833599b4f4dfae/screenshot - {}
RESULT: {}
COMMAND: POST /session/39d2cc3d4aadadb3bd833599b4f4dfae/element - {"using":"xpath","value":"//bdi[contains(text(), \"Issue\")]"}
RESULT: {"using":"xpath","value":"//bdi[contains(text(), \"Issue\")]"}
COMMAND: POST /session/39d2cc3d4aadadb3bd833599b4f4dfae/element/f.B301C1F41FC6B7F2328A32BBCA4D6847.d.A887DBF50B51587284274F98ED1752E2.e.16505/click - {}
RESULT: {}
COMMAND: GET /session/39d2cc3d4aadadb3bd833599b4f4dfae/screenshot - {}
RESULT: {}
COMMAND: POST /session/39d2cc3d4aadadb3bd833599b4f4dfae/element - {"using":"css selector","value":"#shell-header-logo"}
RESULT: {"using":"css selector","value":"#shell-header-logo"}
COMMAND: POST /session/39d2cc3d4aadadb3bd833599b4f4dfae/element/f.B301C1F41FC6B7F2328A32BBCA4D6847.d.A887DBF50B51587284274F98ED1752E2.e.15522/click - {}
RESULT: {}
COMMAND: GET /session/39d2cc3d4aadadb3bd833599b4f4dfae/screenshot - {}
RESULT: {}
]]></system-out>
    </testcase>
    <testcase classname="chrome.136_0_7103_93.windows.Create_Reverse_Billing_US127248" name="Should go navigate to Manage Billings and trigger contract calculation check result" time="58.659">
      <system-out><![CDATA[
COMMAND: POST /session/39d2cc3d4aadadb3bd833599b4f4dfae/execute/async - {"script":"<script> [1562 bytes]","args":[{"selector":{"controlType":"sap.m.GenericTile","properties":{"header":"Manage Billings"}},"wdio_ui5_key":"sapm.GenericTile{\"header\":\"Manage Billings\"}"}]}
RESULT: {"script":"<script> [1562 bytes]","args":[{"selector":{"controlType":"sap.m.GenericTile","properties":{"header":"Manage Billings"}},"wdio_ui5_key":"sapm.GenericTile{\"header\":\"Manage Billings\"}"}]}
RESULT: undefined
COMMAND: POST /session/39d2cc3d4aadadb3bd833599b4f4dfae/element - {"using":"xpath","value":"//*[@id=\"__tile51\"]"}
RESULT: {"using":"xpath","value":"//*[@id=\"__tile51\"]"}
COMMAND: POST /session/39d2cc3d4aadadb3bd833599b4f4dfae/element/f.B301C1F41FC6B7F2328A32BBCA4D6847.d.A887DBF50B51587284274F98ED1752E2.e.13527/click - {}
RESULT: {}
COMMAND: GET /session/39d2cc3d4aadadb3bd833599b4f4dfae/screenshot - {}
RESULT: {}
COMMAND: POST /session/39d2cc3d4aadadb3bd833599b4f4dfae/elements - {"using":"xpath","value":"//span[text()='Error']"}
RESULT: {"using":"xpath","value":"//span[text()='Error']"}
COMMAND: POST /session/39d2cc3d4aadadb3bd833599b4f4dfae/execute/async - {"script":"<script> [1562 bytes]","args":[{"selector":{"id":"application-managebillings-display-component---billRunCalcResult--smartFilterBar-btnBasicSearch","interaction":{"idSuffix":"I"}},"wdio_ui5_key":"applicationmanagebillings-display-component---billRunCalcResult--smartFilterBar-btnBasicSearch"}]}
RESULT: {"script":"<script> [1562 bytes]","args":[{"selector":{"id":"application-managebillings-display-component---billRunCalcResult--smartFilterBar-btnBasicSearch","interaction":{"idSuffix":"I"}},"wdio_ui5_key":"applicationmanagebillings-display-component---billRunCalcResult--smartFilterBar-btnBasicSearch"}]}
RESULT: undefined
COMMAND: POST /session/39d2cc3d4aadadb3bd833599b4f4dfae/execute/async - {"script":"<script> [776 bytes]","args":[{"enterText":"10276","selector":{"id":"application-managebillings-display-component---billRunCalcResult--smartFilterBar-btnBasicSearch","interaction":{"idSuffix":"I"}},"clearTextFirst":true,"interactionType":"ENTER_TEXT"}]}
RESULT: {"script":"<script> [776 bytes]","args":[{"enterText":"10276","selector":{"id":"application-managebillings-display-component---billRunCalcResult--smartFilterBar-btnBasicSearch","interaction":{"idSuffix":"I"}},"clearTextFirst":true,"interactionType":"ENTER_TEXT"}]}
COMMAND: POST /session/39d2cc3d4aadadb3bd833599b4f4dfae/actions - {"actions":[{"id":"action61","type":"key","parameters":{},"actions":[{"type":"keyDown","value":"î€‡"},{"type":"pause","duration":10},{"type":"keyUp","value":"î€‡"}]}]}
RESULT: {"actions":[{"id":"action61","type":"key","parameters":{},"actions":[{"type":"keyDown","value":"î€‡"},{"type":"pause","duration":10},{"type":"keyUp","value":"î€‡"}]}]}
COMMAND: GET /session/39d2cc3d4aadadb3bd833599b4f4dfae/screenshot - {}
RESULT: {}
COMMAND: POST /session/39d2cc3d4aadadb3bd833599b4f4dfae/element - {"using":"xpath","value":"//td[@aria-colindex=\"1\"]/div/div[contains(@class, \"sapMCbBg\")]"}
RESULT: {"using":"xpath","value":"//td[@aria-colindex=\"1\"]/div/div[contains(@class, \"sapMCbBg\")]"}
COMMAND: POST /session/39d2cc3d4aadadb3bd833599b4f4dfae/element/f.B301C1F41FC6B7F2328A32BBCA4D6847.d.A887DBF50B51587284274F98ED1752E2.e.16928/click - {}
RESULT: {}
COMMAND: GET /session/39d2cc3d4aadadb3bd833599b4f4dfae/screenshot - {}
RESULT: {}
COMMAND: POST /session/39d2cc3d4aadadb3bd833599b4f4dfae/execute/async - {"script":"<script> [1562 bytes]","args":[{"selector":{"id":"application-managebillings-display-component---billRunCalcResult--contractBillRunDate","interaction":{"idSuffix":"inner"}},"wdio_ui5_key":"applicationmanagebillings-display-component---billRunCalcResult--contractBillRunDate"}]}
RESULT: {"script":"<script> [1562 bytes]","args":[{"selector":{"id":"application-managebillings-display-component---billRunCalcResult--contractBillRunDate","interaction":{"idSuffix":"inner"}},"wdio_ui5_key":"applicationmanagebillings-display-component---billRunCalcResult--contractBillRunDate"}]}
RESULT: undefined
COMMAND: POST /session/39d2cc3d4aadadb3bd833599b4f4dfae/execute/async - {"script":"<script> [776 bytes]","args":[{"enterText":"6/15/25","selector":{"id":"application-managebillings-display-component---billRunCalcResult--contractBillRunDate","interaction":{"idSuffix":"inner"}},"clearTextFirst":true,"interactionType":"ENTER_TEXT"}]}
RESULT: {"script":"<script> [776 bytes]","args":[{"enterText":"6/15/25","selector":{"id":"application-managebillings-display-component---billRunCalcResult--contractBillRunDate","interaction":{"idSuffix":"inner"}},"clearTextFirst":true,"interactionType":"ENTER_TEXT"}]}
COMMAND: POST /session/39d2cc3d4aadadb3bd833599b4f4dfae/element - {"using":"xpath","value":"//bdi[contains(text(), \"Trigger Calculation\")]"}
RESULT: {"using":"xpath","value":"//bdi[contains(text(), \"Trigger Calculation\")]"}
COMMAND: POST /session/39d2cc3d4aadadb3bd833599b4f4dfae/element/f.B301C1F41FC6B7F2328A32BBCA4D6847.d.A887DBF50B51587284274F98ED1752E2.e.16948/click - {}
RESULT: {}
COMMAND: GET /session/39d2cc3d4aadadb3bd833599b4f4dfae/screenshot - {}
RESULT: {}
COMMAND: POST /session/39d2cc3d4aadadb3bd833599b4f4dfae/element - {"using":"xpath","value":"(//span[contains(@id, \"imgNav\")])[1]"}
RESULT: {"using":"xpath","value":"(//span[contains(@id, \"imgNav\")])[1]"}
COMMAND: POST /session/39d2cc3d4aadadb3bd833599b4f4dfae/element/f.B301C1F41FC6B7F2328A32BBCA4D6847.d.A887DBF50B51587284274F98ED1752E2.e.16942/click - {}
RESULT: {}
COMMAND: GET /session/39d2cc3d4aadadb3bd833599b4f4dfae/screenshot - {}
RESULT: {}
COMMAND: POST /session/39d2cc3d4aadadb3bd833599b4f4dfae/element - {"using":"xpath","value":"//tr/td[6]/div[1]/span[1]/span[1]"}
RESULT: {"using":"xpath","value":"//tr/td[6]/div[1]/span[1]/span[1]"}
COMMAND: GET /session/39d2cc3d4aadadb3bd833599b4f4dfae/element/f.B301C1F41FC6B7F2328A32BBCA4D6847.d.A887DBF50B51587284274F98ED1752E2.e.16952/text - {}
RESULT: {}
COMMAND: POST /session/39d2cc3d4aadadb3bd833599b4f4dfae/element - {"using":"xpath","value":"(//span[contains(@id, \"imgNav\")])[2]"}
RESULT: {"using":"xpath","value":"(//span[contains(@id, \"imgNav\")])[2]"}
COMMAND: POST /session/39d2cc3d4aadadb3bd833599b4f4dfae/element/f.B301C1F41FC6B7F2328A32BBCA4D6847.d.A887DBF50B51587284274F98ED1752E2.e.16953/click - {}
RESULT: {}
COMMAND: POST /session/39d2cc3d4aadadb3bd833599b4f4dfae/element - {"using":"xpath","value":"//bdi[contains(text(), \"Business Confirm\")]"}
COMMAND: GET /session/39d2cc3d4aadadb3bd833599b4f4dfae/screenshot - {}
RESULT: {"using":"xpath","value":"//bdi[contains(text(), \"Business Confirm\")]"}
COMMAND: POST /session/39d2cc3d4aadadb3bd833599b4f4dfae/elements - {"using":"xpath","value":"//bdi[contains(text(), \"Business Confirm\")]"}
RESULT: {}
RESULT: {"using":"xpath","value":"//bdi[contains(text(), \"Business Confirm\")]"}
COMMAND: POST /session/39d2cc3d4aadadb3bd833599b4f4dfae/element - {"using":"xpath","value":"//bdi[contains(text(), \"Business Confirm\")]"}
RESULT: {"using":"xpath","value":"//bdi[contains(text(), \"Business Confirm\")]"}
COMMAND: POST /session/39d2cc3d4aadadb3bd833599b4f4dfae/element/f.B301C1F41FC6B7F2328A32BBCA4D6847.d.A887DBF50B51587284274F98ED1752E2.e.16987/click - {}
RESULT: {}
COMMAND: POST /session/39d2cc3d4aadadb3bd833599b4f4dfae/element - {"using":"css selector","value":"#shell-header-logo"}
COMMAND: GET /session/39d2cc3d4aadadb3bd833599b4f4dfae/screenshot - {}
RESULT: {"using":"css selector","value":"#shell-header-logo"}
COMMAND: POST /session/39d2cc3d4aadadb3bd833599b4f4dfae/element/f.B301C1F41FC6B7F2328A32BBCA4D6847.d.A887DBF50B51587284274F98ED1752E2.e.16689/click - {}
RESULT: {}
RESULT: {}
COMMAND: GET /session/39d2cc3d4aadadb3bd833599b4f4dfae/screenshot - {}
RESULT: {}
]]></system-out>
    </testcase>
    <testcase classname="chrome.136_0_7103_93.windows.Create_Reverse_Billing_US127248" name="Should go into Billing Transfer and reverse the billing" time="37.044">
      <system-out><![CDATA[
COMMAND: POST /session/39d2cc3d4aadadb3bd833599b4f4dfae/execute/async - {"script":"<script> [1562 bytes]","args":[{"selector":{"controlType":"sap.m.GenericTile","properties":{"header":"Billing Transfer"}},"wdio_ui5_key":"sapm.GenericTile{\"header\":\"Billing Transfer\"}"}]}
RESULT: {"script":"<script> [1562 bytes]","args":[{"selector":{"controlType":"sap.m.GenericTile","properties":{"header":"Billing Transfer"}},"wdio_ui5_key":"sapm.GenericTile{\"header\":\"Billing Transfer\"}"}]}
RESULT: undefined
COMMAND: POST /session/39d2cc3d4aadadb3bd833599b4f4dfae/element - {"using":"xpath","value":"//*[@id=\"__tile50\"]"}
RESULT: {"using":"xpath","value":"//*[@id=\"__tile50\"]"}
COMMAND: POST /session/39d2cc3d4aadadb3bd833599b4f4dfae/element/f.B301C1F41FC6B7F2328A32BBCA4D6847.d.A887DBF50B51587284274F98ED1752E2.e.13525/click - {}
RESULT: {}
COMMAND: GET /session/39d2cc3d4aadadb3bd833599b4f4dfae/screenshot - {}
RESULT: {}
COMMAND: POST /session/39d2cc3d4aadadb3bd833599b4f4dfae/elements - {"using":"xpath","value":"//span[text()='Error']"}
RESULT: {"using":"xpath","value":"//span[text()='Error']"}
COMMAND: POST /session/39d2cc3d4aadadb3bd833599b4f4dfae/element - {"using":"xpath","value":"//input[contains(@id ,\"application-billingtransfer-display-component---billingWorkbench--smartFilterBar-btnBasicSearch\")]"}
RESULT: {"using":"xpath","value":"//input[contains(@id ,\"application-billingtransfer-display-component---billingWorkbench--smartFilterBar-btnBasicSearch\")]"}
COMMAND: POST /session/39d2cc3d4aadadb3bd833599b4f4dfae/elements - {"using":"xpath","value":"//input[contains(@id ,\"application-billingtransfer-display-component---billingWorkbench--smartFilterBar-btnBasicSearch\")]"}
RESULT: {"using":"xpath","value":"//input[contains(@id ,\"application-billingtransfer-display-component---billingWorkbench--smartFilterBar-btnBasicSearch\")]"}
COMMAND: POST /session/39d2cc3d4aadadb3bd833599b4f4dfae/execute/sync - {"script":"<script> [8489 bytes]","args":[{"element-6066-11e4-a52e-4f735466cecf":"f.B301C1F41FC6B7F2328A32BBCA4D6847.d.A887DBF50B51587284274F98ED1752E2.e.17016","ELEMENT":"f.B301C1F41FC6B7F2328A32BBCA4D6847.d.A887DBF50B51587284274F98ED1752E2.e.17016"}]}
RESULT: {"script":"<script> [8489 bytes]","args":[{"element-6066-11e4-a52e-4f735466cecf":"f.B301C1F41FC6B7F2328A32BBCA4D6847.d.A887DBF50B51587284274F98ED1752E2.e.17016","ELEMENT":"f.B301C1F41FC6B7F2328A32BBCA4D6847.d.A887DBF50B51587284274F98ED1752E2.e.17016"}]}
COMMAND: GET /session/39d2cc3d4aadadb3bd833599b4f4dfae/element/f.B301C1F41FC6B7F2328A32BBCA4D6847.d.A887DBF50B51587284274F98ED1752E2.e.17016/enabled - {}
COMMAND: GET /session/39d2cc3d4aadadb3bd833599b4f4dfae/screenshot - {}
RESULT: {}
COMMAND: POST /session/39d2cc3d4aadadb3bd833599b4f4dfae/element/f.B301C1F41FC6B7F2328A32BBCA4D6847.d.A887DBF50B51587284274F98ED1752E2.e.17016/click - {}
COMMAND: GET /session/39d2cc3d4aadadb3bd833599b4f4dfae/screenshot - {}
RESULT: {}
RESULT: {}
RESULT: {}
COMMAND: GET /session/39d2cc3d4aadadb3bd833599b4f4dfae/screenshot - {}
RESULT: {}
COMMAND: POST /session/39d2cc3d4aadadb3bd833599b4f4dfae/element/f.B301C1F41FC6B7F2328A32BBCA4D6847.d.A887DBF50B51587284274F98ED1752E2.e.17016/clear - {}
RESULT: {}
COMMAND: POST /session/39d2cc3d4aadadb3bd833599b4f4dfae/element/f.B301C1F41FC6B7F2328A32BBCA4D6847.d.A887DBF50B51587284274F98ED1752E2.e.17016/value - {"text":"10276"}
COMMAND: GET /session/39d2cc3d4aadadb3bd833599b4f4dfae/screenshot - {}
RESULT: {"text":"10276"}
COMMAND: POST /session/39d2cc3d4aadadb3bd833599b4f4dfae/actions - {"actions":[{"id":"action62","type":"key","parameters":{},"actions":[{"type":"keyDown","value":"î€‡"},{"type":"pause","duration":10},{"type":"keyUp","value":"î€‡"}]}]}
COMMAND: GET /session/39d2cc3d4aadadb3bd833599b4f4dfae/screenshot - {}
RESULT: {}
RESULT: {"actions":[{"id":"action62","type":"key","parameters":{},"actions":[{"type":"keyDown","value":"î€‡"},{"type":"pause","duration":10},{"type":"keyUp","value":"î€‡"}]}]}
COMMAND: GET /session/39d2cc3d4aadadb3bd833599b4f4dfae/screenshot - {}
RESULT: {}
RESULT: {}
COMMAND: POST /session/39d2cc3d4aadadb3bd833599b4f4dfae/element - {"using":"xpath","value":"//span[contains(@id ,\"application-billingtransfer-display-component---billingWorkbench--smartTableBillingRuns-header-inner\")]"}
RESULT: {"using":"xpath","value":"//span[contains(@id ,\"application-billingtransfer-display-component---billingWorkbench--smartTableBillingRuns-header-inner\")]"}
COMMAND: POST /session/39d2cc3d4aadadb3bd833599b4f4dfae/elements - {"using":"xpath","value":"//span[contains(@id ,\"application-billingtransfer-display-component---billingWorkbench--smartTableBillingRuns-header-inner\")]"}
RESULT: {"using":"xpath","value":"//span[contains(@id ,\"application-billingtransfer-display-component---billingWorkbench--smartTableBillingRuns-header-inner\")]"}
COMMAND: POST /session/39d2cc3d4aadadb3bd833599b4f4dfae/execute/sync - {"script":"<script> [56 bytes]","args":[{"element-6066-11e4-a52e-4f735466cecf":"f.B301C1F41FC6B7F2328A32BBCA4D6847.d.A887DBF50B51587284274F98ED1752E2.e.17226","ELEMENT":"f.B301C1F41FC6B7F2328A32BBCA4D6847.d.A887DBF50B51587284274F98ED1752E2.e.17226"}]}
RESULT: {"script":"<script> [56 bytes]","args":[{"element-6066-11e4-a52e-4f735466cecf":"f.B301C1F41FC6B7F2328A32BBCA4D6847.d.A887DBF50B51587284274F98ED1752E2.e.17226","ELEMENT":"f.B301C1F41FC6B7F2328A32BBCA4D6847.d.A887DBF50B51587284274F98ED1752E2.e.17226"}]}
COMMAND: POST /session/39d2cc3d4aadadb3bd833599b4f4dfae/element - {"using":"xpath","value":"//td[@aria-colindex=\"1\"]/div/div[contains(@class, \"sapMCbBg\")]"}
COMMAND: GET /session/39d2cc3d4aadadb3bd833599b4f4dfae/screenshot - {}
RESULT: {"using":"xpath","value":"//td[@aria-colindex=\"1\"]/div/div[contains(@class, \"sapMCbBg\")]"}
COMMAND: POST /session/39d2cc3d4aadadb3bd833599b4f4dfae/element/f.B301C1F41FC6B7F2328A32BBCA4D6847.d.A887DBF50B51587284274F98ED1752E2.e.17189/click - {}
RESULT: {}
RESULT: {}
COMMAND: GET /session/39d2cc3d4aadadb3bd833599b4f4dfae/screenshot - {}
RESULT: {}
COMMAND: POST /session/39d2cc3d4aadadb3bd833599b4f4dfae/element - {"using":"xpath","value":"//bdi[contains(text(), \"Reverse\")]"}
RESULT: {"using":"xpath","value":"//bdi[contains(text(), \"Reverse\")]"}
COMMAND: POST /session/39d2cc3d4aadadb3bd833599b4f4dfae/element/f.B301C1F41FC6B7F2328A32BBCA4D6847.d.A887DBF50B51587284274F98ED1752E2.e.17227/click - {}
RESULT: {}
COMMAND: GET /session/39d2cc3d4aadadb3bd833599b4f4dfae/screenshot - {}
RESULT: {}
COMMAND: POST /session/39d2cc3d4aadadb3bd833599b4f4dfae/element - {"using":"xpath","value":"//input[contains(@id ,\"application-billingtransfer-display-component---billingWorkbench--smartFilterBar-btnBasicSearch\")]"}
RESULT: {"using":"xpath","value":"//input[contains(@id ,\"application-billingtransfer-display-component---billingWorkbench--smartFilterBar-btnBasicSearch\")]"}
COMMAND: POST /session/39d2cc3d4aadadb3bd833599b4f4dfae/elements - {"using":"xpath","value":"//input[contains(@id ,\"application-billingtransfer-display-component---billingWorkbench--smartFilterBar-btnBasicSearch\")]"}
RESULT: {"using":"xpath","value":"//input[contains(@id ,\"application-billingtransfer-display-component---billingWorkbench--smartFilterBar-btnBasicSearch\")]"}
COMMAND: POST /session/39d2cc3d4aadadb3bd833599b4f4dfae/execute/sync - {"script":"<script> [8489 bytes]","args":[{"element-6066-11e4-a52e-4f735466cecf":"f.B301C1F41FC6B7F2328A32BBCA4D6847.d.A887DBF50B51587284274F98ED1752E2.e.17016","ELEMENT":"f.B301C1F41FC6B7F2328A32BBCA4D6847.d.A887DBF50B51587284274F98ED1752E2.e.17016"}]}
RESULT: {"script":"<script> [8489 bytes]","args":[{"element-6066-11e4-a52e-4f735466cecf":"f.B301C1F41FC6B7F2328A32BBCA4D6847.d.A887DBF50B51587284274F98ED1752E2.e.17016","ELEMENT":"f.B301C1F41FC6B7F2328A32BBCA4D6847.d.A887DBF50B51587284274F98ED1752E2.e.17016"}]}
COMMAND: GET /session/39d2cc3d4aadadb3bd833599b4f4dfae/element/f.B301C1F41FC6B7F2328A32BBCA4D6847.d.A887DBF50B51587284274F98ED1752E2.e.17016/enabled - {}
COMMAND: GET /session/39d2cc3d4aadadb3bd833599b4f4dfae/screenshot - {}
RESULT: {}
COMMAND: POST /session/39d2cc3d4aadadb3bd833599b4f4dfae/element/f.B301C1F41FC6B7F2328A32BBCA4D6847.d.A887DBF50B51587284274F98ED1752E2.e.17016/click - {}
COMMAND: GET /session/39d2cc3d4aadadb3bd833599b4f4dfae/screenshot - {}
RESULT: {}
RESULT: {}
COMMAND: GET /session/39d2cc3d4aadadb3bd833599b4f4dfae/screenshot - {}
RESULT: {}
RESULT: {}
COMMAND: POST /session/39d2cc3d4aadadb3bd833599b4f4dfae/element/f.B301C1F41FC6B7F2328A32BBCA4D6847.d.A887DBF50B51587284274F98ED1752E2.e.17016/clear - {}
RESULT: {}
COMMAND: POST /session/39d2cc3d4aadadb3bd833599b4f4dfae/element/f.B301C1F41FC6B7F2328A32BBCA4D6847.d.A887DBF50B51587284274F98ED1752E2.e.17016/value - {"text":"10276"}
COMMAND: GET /session/39d2cc3d4aadadb3bd833599b4f4dfae/screenshot - {}
RESULT: {"text":"10276"}
COMMAND: POST /session/39d2cc3d4aadadb3bd833599b4f4dfae/actions - {"actions":[{"id":"action63","type":"key","parameters":{},"actions":[{"type":"keyDown","value":"î€‡"},{"type":"pause","duration":10},{"type":"keyUp","value":"î€‡"}]}]}
COMMAND: GET /session/39d2cc3d4aadadb3bd833599b4f4dfae/screenshot - {}
RESULT: {}
RESULT: {"actions":[{"id":"action63","type":"key","parameters":{},"actions":[{"type":"keyDown","value":"î€‡"},{"type":"pause","duration":10},{"type":"keyUp","value":"î€‡"}]}]}
COMMAND: GET /session/39d2cc3d4aadadb3bd833599b4f4dfae/screenshot - {}
RESULT: {}
RESULT: {}
COMMAND: POST /session/39d2cc3d4aadadb3bd833599b4f4dfae/element - {"using":"xpath","value":"//span[contains(@id ,\"application-billingtransfer-display-component---billingWorkbench--smartTableBillingRuns-header-inner\")]"}
RESULT: {"using":"xpath","value":"//span[contains(@id ,\"application-billingtransfer-display-component---billingWorkbench--smartTableBillingRuns-header-inner\")]"}
COMMAND: POST /session/39d2cc3d4aadadb3bd833599b4f4dfae/elements - {"using":"xpath","value":"//span[contains(@id ,\"application-billingtransfer-display-component---billingWorkbench--smartTableBillingRuns-header-inner\")]"}
RESULT: {"using":"xpath","value":"//span[contains(@id ,\"application-billingtransfer-display-component---billingWorkbench--smartTableBillingRuns-header-inner\")]"}
COMMAND: POST /session/39d2cc3d4aadadb3bd833599b4f4dfae/execute/sync - {"script":"<script> [56 bytes]","args":[{"element-6066-11e4-a52e-4f735466cecf":"f.B301C1F41FC6B7F2328A32BBCA4D6847.d.A887DBF50B51587284274F98ED1752E2.e.17226","ELEMENT":"f.B301C1F41FC6B7F2328A32BBCA4D6847.d.A887DBF50B51587284274F98ED1752E2.e.17226"}]}
RESULT: {"script":"<script> [56 bytes]","args":[{"element-6066-11e4-a52e-4f735466cecf":"f.B301C1F41FC6B7F2328A32BBCA4D6847.d.A887DBF50B51587284274F98ED1752E2.e.17226","ELEMENT":"f.B301C1F41FC6B7F2328A32BBCA4D6847.d.A887DBF50B51587284274F98ED1752E2.e.17226"}]}
COMMAND: POST /session/39d2cc3d4aadadb3bd833599b4f4dfae/element - {"using":"css selector","value":"#shell-header-logo"}
COMMAND: GET /session/39d2cc3d4aadadb3bd833599b4f4dfae/screenshot - {}
RESULT: {"using":"css selector","value":"#shell-header-logo"}
COMMAND: POST /session/39d2cc3d4aadadb3bd833599b4f4dfae/element/f.B301C1F41FC6B7F2328A32BBCA4D6847.d.A887DBF50B51587284274F98ED1752E2.e.17014/click - {}
RESULT: {}
RESULT: {}
COMMAND: GET /session/39d2cc3d4aadadb3bd833599b4f4dfae/screenshot - {}
RESULT: {}
COMMAND: DELETE /session/39d2cc3d4aadadb3bd833599b4f4dfae - {}
RESULT: {}
]]></system-out>
    </testcase>
  </testsuite>
</testsuites>