<?xml version="1.0" encoding="UTF-8"?>
<testsuites tests="5" failures="0" errors="0" skipped="0">
  <testsuite timestamp="2025-05-03T17:56:20" time="301.23" tests="5" failures="0" errors="0" skipped="0">
    <properties>
      <property name="specId" value="0" />
      <property name="suiteName" value="Address Management Tests US151165 US151160" />
      <property name="capabilities" value="chrome.135_0_7049_96.windows" />
      <property name="file" value="file:///D:/a/1/s/test/specs/BTS/address-management.spec.js" />
    </properties>
    <testcase classname="chrome.135_0_7049_96.windows.Address_Management_Tests_US151165_US151160" name="Step 1 Will check existence of address created with generated name if none then we create" time="56.602">
      <system-out><![CDATA[
COMMAND: POST /session/10d487a35d26ecdae550fd398aa3214b/execute/async - {"script":"<script> [1562 bytes]","args":[{"selector":{"controlType":"sap.m.GenericTile","properties":{"header":"Address Management"}},"wdio_ui5_key":"sapm.GenericTile{\"header\":\"Address Management\"}"}]}
RESULT: {"script":"<script> [1562 bytes]","args":[{"selector":{"controlType":"sap.m.GenericTile","properties":{"header":"Address Management"}},"wdio_ui5_key":"sapm.GenericTile{\"header\":\"Address Management\"}"}]}
RESULT: undefined
COMMAND: POST /session/10d487a35d26ecdae550fd398aa3214b/element - {"using":"xpath","value":"//*[@id=\"__tile33\"]"}
RESULT: {"using":"xpath","value":"//*[@id=\"__tile33\"]"}
COMMAND: POST /session/10d487a35d26ecdae550fd398aa3214b/element/f.E80AB770F149711F8F1C6D090FB7957E.d.2EE0797CF1CA07C5D6CE8EF7644294B0.e.211/click - {}
RESULT: {}
COMMAND: POST /session/10d487a35d26ecdae550fd398aa3214b/element - {"using":"xpath","value":"//button[@data-kt=\"addButton\"]"}
COMMAND: GET /session/10d487a35d26ecdae550fd398aa3214b/screenshot - {}
RESULT: {"using":"xpath","value":"//button[@data-kt=\"addButton\"]"}
COMMAND: POST /session/10d487a35d26ecdae550fd398aa3214b/elements - {"using":"xpath","value":"//button[@data-kt=\"addButton\"]"}
RESULT: {}
RESULT: {"using":"xpath","value":"//button[@data-kt=\"addButton\"]"}
COMMAND: POST /session/10d487a35d26ecdae550fd398aa3214b/elements - {"using":"xpath","value":"//button[@data-kt=\"addButton\"]"}
RESULT: {"using":"xpath","value":"//button[@data-kt=\"addButton\"]"}
COMMAND: POST /session/10d487a35d26ecdae550fd398aa3214b/elements - {"using":"xpath","value":"//button[@data-kt=\"addButton\"]"}
RESULT: {"using":"xpath","value":"//button[@data-kt=\"addButton\"]"}
COMMAND: POST /session/10d487a35d26ecdae550fd398aa3214b/elements - {"using":"xpath","value":"//button[@data-kt=\"addButton\"]"}
RESULT: {"using":"xpath","value":"//button[@data-kt=\"addButton\"]"}
COMMAND: POST /session/10d487a35d26ecdae550fd398aa3214b/elements - {"using":"xpath","value":"//button[@data-kt=\"addButton\"]"}
RESULT: {"using":"xpath","value":"//button[@data-kt=\"addButton\"]"}
COMMAND: POST /session/10d487a35d26ecdae550fd398aa3214b/elements - {"using":"xpath","value":"//button[@data-kt=\"addButton\"]"}
RESULT: {"using":"xpath","value":"//button[@data-kt=\"addButton\"]"}
COMMAND: POST /session/10d487a35d26ecdae550fd398aa3214b/elements - {"using":"xpath","value":"//button[@data-kt=\"addButton\"]"}
RESULT: {"using":"xpath","value":"//button[@data-kt=\"addButton\"]"}
COMMAND: POST /session/10d487a35d26ecdae550fd398aa3214b/elements - {"using":"xpath","value":"//button[@data-kt=\"addButton\"]"}
RESULT: {"using":"xpath","value":"//button[@data-kt=\"addButton\"]"}
COMMAND: POST /session/10d487a35d26ecdae550fd398aa3214b/elements - {"using":"xpath","value":"//button[@data-kt=\"addButton\"]"}
RESULT: {"using":"xpath","value":"//button[@data-kt=\"addButton\"]"}
COMMAND: POST /session/10d487a35d26ecdae550fd398aa3214b/elements - {"using":"xpath","value":"//button[@data-kt=\"addButton\"]"}
RESULT: {"using":"xpath","value":"//button[@data-kt=\"addButton\"]"}
COMMAND: POST /session/10d487a35d26ecdae550fd398aa3214b/elements - {"using":"xpath","value":"//button[@data-kt=\"addButton\"]"}
RESULT: {"using":"xpath","value":"//button[@data-kt=\"addButton\"]"}
COMMAND: POST /session/10d487a35d26ecdae550fd398aa3214b/elements - {"using":"xpath","value":"//button[@data-kt=\"addButton\"]"}
RESULT: {"using":"xpath","value":"//button[@data-kt=\"addButton\"]"}
COMMAND: POST /session/10d487a35d26ecdae550fd398aa3214b/elements - {"using":"xpath","value":"//button[@data-kt=\"addButton\"]"}
RESULT: {"using":"xpath","value":"//button[@data-kt=\"addButton\"]"}
COMMAND: POST /session/10d487a35d26ecdae550fd398aa3214b/elements - {"using":"xpath","value":"//button[@data-kt=\"addButton\"]"}
RESULT: {"using":"xpath","value":"//button[@data-kt=\"addButton\"]"}
COMMAND: POST /session/10d487a35d26ecdae550fd398aa3214b/elements - {"using":"xpath","value":"//button[@data-kt=\"addButton\"]"}
RESULT: {"using":"xpath","value":"//button[@data-kt=\"addButton\"]"}
COMMAND: POST /session/10d487a35d26ecdae550fd398aa3214b/elements - {"using":"xpath","value":"//button[@data-kt=\"addButton\"]"}
RESULT: {"using":"xpath","value":"//button[@data-kt=\"addButton\"]"}
COMMAND: POST /session/10d487a35d26ecdae550fd398aa3214b/elements - {"using":"xpath","value":"//button[@data-kt=\"addButton\"]"}
RESULT: {"using":"xpath","value":"//button[@data-kt=\"addButton\"]"}
COMMAND: POST /session/10d487a35d26ecdae550fd398aa3214b/elements - {"using":"xpath","value":"//button[@data-kt=\"addButton\"]"}
RESULT: {"using":"xpath","value":"//button[@data-kt=\"addButton\"]"}
COMMAND: POST /session/10d487a35d26ecdae550fd398aa3214b/elements - {"using":"xpath","value":"//button[@data-kt=\"addButton\"]"}
RESULT: {"using":"xpath","value":"//button[@data-kt=\"addButton\"]"}
COMMAND: POST /session/10d487a35d26ecdae550fd398aa3214b/elements - {"using":"xpath","value":"//button[@data-kt=\"addButton\"]"}
RESULT: {"using":"xpath","value":"//button[@data-kt=\"addButton\"]"}
COMMAND: POST /session/10d487a35d26ecdae550fd398aa3214b/elements - {"using":"xpath","value":"//button[@data-kt=\"addButton\"]"}
RESULT: {"using":"xpath","value":"//button[@data-kt=\"addButton\"]"}
COMMAND: POST /session/10d487a35d26ecdae550fd398aa3214b/element - {"using":"xpath","value":"//button[@data-kt=\"addButton\"]"}
RESULT: {"using":"xpath","value":"//button[@data-kt=\"addButton\"]"}
COMMAND: POST /session/10d487a35d26ecdae550fd398aa3214b/execute/sync - {"script":"<script> [8489 bytes]","args":[{"element-6066-11e4-a52e-4f735466cecf":"f.E80AB770F149711F8F1C6D090FB7957E.d.2EE0797CF1CA07C5D6CE8EF7644294B0.e.297","ELEMENT":"f.E80AB770F149711F8F1C6D090FB7957E.d.2EE0797CF1CA07C5D6CE8EF7644294B0.e.297"}]}
RESULT: {"script":"<script> [8489 bytes]","args":[{"element-6066-11e4-a52e-4f735466cecf":"f.E80AB770F149711F8F1C6D090FB7957E.d.2EE0797CF1CA07C5D6CE8EF7644294B0.e.297","ELEMENT":"f.E80AB770F149711F8F1C6D090FB7957E.d.2EE0797CF1CA07C5D6CE8EF7644294B0.e.297"}]}
COMMAND: GET /session/10d487a35d26ecdae550fd398aa3214b/element/f.E80AB770F149711F8F1C6D090FB7957E.d.2EE0797CF1CA07C5D6CE8EF7644294B0.e.297/enabled - {}
COMMAND: GET /session/10d487a35d26ecdae550fd398aa3214b/screenshot - {}
RESULT: {}
COMMAND: POST /session/10d487a35d26ecdae550fd398aa3214b/execute/sync - {"script":"<script> [8489 bytes]","args":[{"element-6066-11e4-a52e-4f735466cecf":"f.E80AB770F149711F8F1C6D090FB7957E.d.2EE0797CF1CA07C5D6CE8EF7644294B0.e.297","ELEMENT":"f.E80AB770F149711F8F1C6D090FB7957E.d.2EE0797CF1CA07C5D6CE8EF7644294B0.e.297"}]}
COMMAND: GET /session/10d487a35d26ecdae550fd398aa3214b/screenshot - {}
RESULT: {}
RESULT: {"script":"<script> [8489 bytes]","args":[{"element-6066-11e4-a52e-4f735466cecf":"f.E80AB770F149711F8F1C6D090FB7957E.d.2EE0797CF1CA07C5D6CE8EF7644294B0.e.297","ELEMENT":"f.E80AB770F149711F8F1C6D090FB7957E.d.2EE0797CF1CA07C5D6CE8EF7644294B0.e.297"}]}
COMMAND: POST /session/10d487a35d26ecdae550fd398aa3214b/execute/sync - {"script":"<script> [5351 bytes]","args":[{"element-6066-11e4-a52e-4f735466cecf":"f.E80AB770F149711F8F1C6D090FB7957E.d.2EE0797CF1CA07C5D6CE8EF7644294B0.e.297","ELEMENT":"f.E80AB770F149711F8F1C6D090FB7957E.d.2EE0797CF1CA07C5D6CE8EF7644294B0.e.297"}]}
COMMAND: GET /session/10d487a35d26ecdae550fd398aa3214b/screenshot - {}
RESULT: {}
RESULT: {"script":"<script> [5351 bytes]","args":[{"element-6066-11e4-a52e-4f735466cecf":"f.E80AB770F149711F8F1C6D090FB7957E.d.2EE0797CF1CA07C5D6CE8EF7644294B0.e.297","ELEMENT":"f.E80AB770F149711F8F1C6D090FB7957E.d.2EE0797CF1CA07C5D6CE8EF7644294B0.e.297"}]}
COMMAND: GET /session/10d487a35d26ecdae550fd398aa3214b/screenshot - {}
RESULT: {}
RESULT: {}
COMMAND: POST /session/10d487a35d26ecdae550fd398aa3214b/execute/async - {"script":"<script> [1562 bytes]","args":[{"selector":{"id":"application-addressmanagement-display-component---masterAdm--smartFilterBar-btnBasicSearch","interaction":{"idSuffix":"I"}},"wdio_ui5_key":"applicationaddressmanagement-display-component---masterAdm--smartFilterBar-btnBasicSearch"}]}
RESULT: {"script":"<script> [1562 bytes]","args":[{"selector":{"id":"application-addressmanagement-display-component---masterAdm--smartFilterBar-btnBasicSearch","interaction":{"idSuffix":"I"}},"wdio_ui5_key":"applicationaddressmanagement-display-component---masterAdm--smartFilterBar-btnBasicSearch"}]}
RESULT: undefined
COMMAND: POST /session/10d487a35d26ecdae550fd398aa3214b/execute/async - {"script":"<script> [776 bytes]","args":[{"enterText":"VeZvW5KRSX","selector":{"id":"application-addressmanagement-display-component---masterAdm--smartFilterBar-btnBasicSearch","interaction":{"idSuffix":"I"}},"clearTextFirst":true,"interactionType":"ENTER_TEXT"}]}
RESULT: {"script":"<script> [776 bytes]","args":[{"enterText":"VeZvW5KRSX","selector":{"id":"application-addressmanagement-display-component---masterAdm--smartFilterBar-btnBasicSearch","interaction":{"idSuffix":"I"}},"clearTextFirst":true,"interactionType":"ENTER_TEXT"}]}
COMMAND: POST /session/10d487a35d26ecdae550fd398aa3214b/actions - {"actions":[{"id":"action1","type":"key","parameters":{},"actions":[{"type":"keyDown","value":"î€‡"},{"type":"pause","duration":10},{"type":"keyUp","value":"î€‡"}]}]}
RESULT: {"actions":[{"id":"action1","type":"key","parameters":{},"actions":[{"type":"keyDown","value":"î€‡"},{"type":"pause","duration":10},{"type":"keyUp","value":"î€‡"}]}]}
COMMAND: GET /session/10d487a35d26ecdae550fd398aa3214b/screenshot - {}
RESULT: {}
COMMAND: POST /session/10d487a35d26ecdae550fd398aa3214b/elements - {"using":"xpath","value":"//table[contains(@id, \"customPersonsAddressesTable-listUl\")]/tbody/tr"}
RESULT: {"using":"xpath","value":"//table[contains(@id, \"customPersonsAddressesTable-listUl\")]/tbody/tr"}
COMMAND: POST /session/10d487a35d26ecdae550fd398aa3214b/element - {"using":"xpath","value":"//table[contains(@id, \"customPersonsAddressesTable-listUl\")]/tbody/tr[1]/td[5]/span/span"}
RESULT: {"using":"xpath","value":"//table[contains(@id, \"customPersonsAddressesTable-listUl\")]/tbody/tr[1]/td[5]/span/span"}
COMMAND: POST /session/10d487a35d26ecdae550fd398aa3214b/element - {"using":"xpath","value":"//table[contains(@id, \"customPersonsAddressesTable-listUl\")]/tbody/tr[1]/td[3]/span"}
RESULT: {"using":"xpath","value":"//table[contains(@id, \"customPersonsAddressesTable-listUl\")]/tbody/tr[1]/td[3]/span"}
COMMAND: POST /session/10d487a35d26ecdae550fd398aa3214b/elements - {"using":"xpath","value":"//table[contains(@id, \"customPersonsAddressesTable-listUl\")]/tbody/tr[1]/td[5]/span/span"}
RESULT: {"using":"xpath","value":"//table[contains(@id, \"customPersonsAddressesTable-listUl\")]/tbody/tr[1]/td[5]/span/span"}
COMMAND: POST /session/10d487a35d26ecdae550fd398aa3214b/element - {"using":"xpath","value":"//span[@id=\"application-addressmanagement-display-component---masterAdm--smartTable-header-inner\"]"}
RESULT: {"using":"xpath","value":"//span[@id=\"application-addressmanagement-display-component---masterAdm--smartTable-header-inner\"]"}
COMMAND: POST /session/10d487a35d26ecdae550fd398aa3214b/elements - {"using":"xpath","value":"//span[@id=\"application-addressmanagement-display-component---masterAdm--smartTable-header-inner\"]"}
RESULT: {"using":"xpath","value":"//span[@id=\"application-addressmanagement-display-component---masterAdm--smartTable-header-inner\"]"}
COMMAND: POST /session/10d487a35d26ecdae550fd398aa3214b/execute/sync - {"script":"<script> [56 bytes]","args":[{"element-6066-11e4-a52e-4f735466cecf":"f.E80AB770F149711F8F1C6D090FB7957E.d.2EE0797CF1CA07C5D6CE8EF7644294B0.e.439","ELEMENT":"f.E80AB770F149711F8F1C6D090FB7957E.d.2EE0797CF1CA07C5D6CE8EF7644294B0.e.439"}]}
RESULT: {"script":"<script> [56 bytes]","args":[{"element-6066-11e4-a52e-4f735466cecf":"f.E80AB770F149711F8F1C6D090FB7957E.d.2EE0797CF1CA07C5D6CE8EF7644294B0.e.439","ELEMENT":"f.E80AB770F149711F8F1C6D090FB7957E.d.2EE0797CF1CA07C5D6CE8EF7644294B0.e.439"}]}
COMMAND: POST /session/10d487a35d26ecdae550fd398aa3214b/element - {"using":"xpath","value":"//button[@data-kt=\"addButton\"]"}
COMMAND: GET /session/10d487a35d26ecdae550fd398aa3214b/screenshot - {}
RESULT: {"using":"xpath","value":"//button[@data-kt=\"addButton\"]"}
COMMAND: POST /session/10d487a35d26ecdae550fd398aa3214b/element/f.E80AB770F149711F8F1C6D090FB7957E.d.2EE0797CF1CA07C5D6CE8EF7644294B0.e.297/click - {}
RESULT: {}
RESULT: {}
COMMAND: GET /session/10d487a35d26ecdae550fd398aa3214b/screenshot - {}
RESULT: {}
COMMAND: POST /session/10d487a35d26ecdae550fd398aa3214b/execute/async - {"script":"<script> [1562 bytes]","args":[{"selector":{"controlType":"sap.ui.core.Icon","viewName":"etm.portal.ui.addressmanagement.view.NewAddress","properties":{"src":{"regex":{"source":"slim\\-arrow\\-down"}}},"ancestor":{"id":"addressTitle","viewName":"etm.portal.ui.addressmanagement.view.NewAddress"}},"wdio_ui5_key":"etmportal.ui.addressmanagement.view.NewAddresssap.ui.core.Icon{\"src\":{\"regex\":{\"source\":\"slim\\\\-arrow\\\\-down\"}}}{\"id\":\"addressTitle\",\"viewName\":\"etm.portal.ui.addressmanagement.view.NewAddress\"}"}]}
RESULT: {"script":"<script> [1562 bytes]","args":[{"selector":{"controlType":"sap.ui.core.Icon","viewName":"etm.portal.ui.addressmanagement.view.NewAddress","properties":{"src":{"regex":{"source":"slim\\-arrow\\-down"}}},"ancestor":{"id":"addressTitle","viewName":"etm.portal.ui.addressmanagement.view.NewAddress"}},"wdio_ui5_key":"etmportal.ui.addressmanagement.view.NewAddresssap.ui.core.Icon{\"src\":{\"regex\":{\"source\":\"slim\\\\-arrow\\\\-down\"}}}{\"id\":\"addressTitle\",\"viewName\":\"etm.portal.ui.addressmanagement.view.NewAddress\"}"}]}
RESULT: undefined
COMMAND: POST /session/10d487a35d26ecdae550fd398aa3214b/element - {"using":"xpath","value":"//*[@id=\"__xmlview58--addressTitle-arrow\"]"}
RESULT: {"using":"xpath","value":"//*[@id=\"__xmlview58--addressTitle-arrow\"]"}
COMMAND: POST /session/10d487a35d26ecdae550fd398aa3214b/element/f.E80AB770F149711F8F1C6D090FB7957E.d.2EE0797CF1CA07C5D6CE8EF7644294B0.e.471/click - {}
RESULT: {}
COMMAND: GET /session/10d487a35d26ecdae550fd398aa3214b/screenshot - {}
RESULT: {}
COMMAND: POST /session/10d487a35d26ecdae550fd398aa3214b/element - {"using":"xpath","value":"//li[.//span[text()=\"Dr.\"]]"}
RESULT: {"using":"xpath","value":"//li[.//span[text()=\"Dr.\"]]"}
COMMAND: POST /session/10d487a35d26ecdae550fd398aa3214b/element/f.E80AB770F149711F8F1C6D090FB7957E.d.2EE0797CF1CA07C5D6CE8EF7644294B0.e.580/click - {}
RESULT: {}
COMMAND: POST /session/10d487a35d26ecdae550fd398aa3214b/execute/async - {"script":"<script> [1562 bytes]","args":[{"selector":{"controlType":"sap.ui.core.Icon","viewName":"etm.portal.ui.addressmanagement.view.NewAddress","properties":{"src":{"regex":{"source":"slim\\-arrow\\-down"}}},"ancestor":{"id":"addressDetailDetailsLanguage","viewName":"etm.portal.ui.addressmanagement.view.NewAddress"}},"wdio_ui5_key":"etmportal.ui.addressmanagement.view.NewAddresssap.ui.core.Icon{\"src\":{\"regex\":{\"source\":\"slim\\\\-arrow\\\\-down\"}}}{\"id\":\"addressDetailDetailsLanguage\",\"viewName\":\"etm.portal.ui.addressmanagement.view.NewAddress\"}"}]}
COMMAND: GET /session/10d487a35d26ecdae550fd398aa3214b/screenshot - {}
RESULT: {"script":"<script> [1562 bytes]","args":[{"selector":{"controlType":"sap.ui.core.Icon","viewName":"etm.portal.ui.addressmanagement.view.NewAddress","properties":{"src":{"regex":{"source":"slim\\-arrow\\-down"}}},"ancestor":{"id":"addressDetailDetailsLanguage","viewName":"etm.portal.ui.addressmanagement.view.NewAddress"}},"wdio_ui5_key":"etmportal.ui.addressmanagement.view.NewAddresssap.ui.core.Icon{\"src\":{\"regex\":{\"source\":\"slim\\\\-arrow\\\\-down\"}}}{\"id\":\"addressDetailDetailsLanguage\",\"viewName\":\"etm.portal.ui.addressmanagement.view.NewAddress\"}"}]}
RESULT: undefined
COMMAND: POST /session/10d487a35d26ecdae550fd398aa3214b/element - {"using":"xpath","value":"//*[@id=\"__xmlview58--addressDetailDetailsLanguage-arrow\"]"}
RESULT: {}
RESULT: {"using":"xpath","value":"//*[@id=\"__xmlview58--addressDetailDetailsLanguage-arrow\"]"}
COMMAND: POST /session/10d487a35d26ecdae550fd398aa3214b/element/f.E80AB770F149711F8F1C6D090FB7957E.d.2EE0797CF1CA07C5D6CE8EF7644294B0.e.484/click - {}
RESULT: {}
COMMAND: GET /session/10d487a35d26ecdae550fd398aa3214b/screenshot - {}
RESULT: {}
COMMAND: POST /session/10d487a35d26ecdae550fd398aa3214b/element - {"using":"xpath","value":"//span[contains(text(), \"English\")]"}
RESULT: {"using":"xpath","value":"//span[contains(text(), \"English\")]"}
COMMAND: POST /session/10d487a35d26ecdae550fd398aa3214b/element/f.E80AB770F149711F8F1C6D090FB7957E.d.2EE0797CF1CA07C5D6CE8EF7644294B0.e.581/click - {}
RESULT: {}
COMMAND: POST /session/10d487a35d26ecdae550fd398aa3214b/execute/async - {"script":"<script> [1562 bytes]","args":[{"selector":{"controlType":"sap.m.Input","viewName":"etm.portal.ui.addressmanagement.view.NewAddress","labelFor":{"text":"Name"},"interaction":{"idSuffix":"inner"}},"wdio_ui5_key":"etmportal.ui.addressmanagement.view.NewAddresssap.m.Input{\"text\":\"Name\"}"}]}
COMMAND: GET /session/10d487a35d26ecdae550fd398aa3214b/screenshot - {}
RESULT: {"script":"<script> [1562 bytes]","args":[{"selector":{"controlType":"sap.m.Input","viewName":"etm.portal.ui.addressmanagement.view.NewAddress","labelFor":{"text":"Name"},"interaction":{"idSuffix":"inner"}},"wdio_ui5_key":"etmportal.ui.addressmanagement.view.NewAddresssap.m.Input{\"text\":\"Name\"}"}]}
RESULT: undefined
COMMAND: POST /session/10d487a35d26ecdae550fd398aa3214b/execute/async - {"script":"<script> [776 bytes]","args":[{"enterText":"VeZvW5KRSX","selector":{"controlType":"sap.m.Input","viewName":"etm.portal.ui.addressmanagement.view.NewAddress","labelFor":{"text":"Name"},"interaction":{"idSuffix":"inner"}},"clearTextFirst":true,"interactionType":"ENTER_TEXT"}]}
RESULT: {}
RESULT: {"script":"<script> [776 bytes]","args":[{"enterText":"VeZvW5KRSX","selector":{"controlType":"sap.m.Input","viewName":"etm.portal.ui.addressmanagement.view.NewAddress","labelFor":{"text":"Name"},"interaction":{"idSuffix":"inner"}},"clearTextFirst":true,"interactionType":"ENTER_TEXT"}]}
COMMAND: POST /session/10d487a35d26ecdae550fd398aa3214b/element - {"using":"xpath","value":"//button[@title=\"Save\"]"}
RESULT: {"using":"xpath","value":"//button[@title=\"Save\"]"}
COMMAND: POST /session/10d487a35d26ecdae550fd398aa3214b/element/f.E80AB770F149711F8F1C6D090FB7957E.d.2EE0797CF1CA07C5D6CE8EF7644294B0.e.571/click - {}
RESULT: {}
COMMAND: GET /session/10d487a35d26ecdae550fd398aa3214b/screenshot - {}
RESULT: {}
COMMAND: POST /session/10d487a35d26ecdae550fd398aa3214b/element - {"using":"xpath","value":"//header[contains(@id, \"application-addressmanagement-display-component---detailAdm--ObjectPageLayout-headerTitle\")]/div[1]/div[3]/div[2]/span"}
RESULT: {"using":"xpath","value":"//header[contains(@id, \"application-addressmanagement-display-component---detailAdm--ObjectPageLayout-headerTitle\")]/div[1]/div[3]/div[2]/span"}
COMMAND: POST /session/10d487a35d26ecdae550fd398aa3214b/elements - {"using":"xpath","value":"//header[contains(@id, \"application-addressmanagement-display-component---detailAdm--ObjectPageLayout-headerTitle\")]/div[1]/div[3]/div[2]/span"}
RESULT: {"using":"xpath","value":"//header[contains(@id, \"application-addressmanagement-display-component---detailAdm--ObjectPageLayout-headerTitle\")]/div[1]/div[3]/div[2]/span"}
COMMAND: POST /session/10d487a35d26ecdae550fd398aa3214b/execute/sync - {"script":"<script> [56 bytes]","args":[{"element-6066-11e4-a52e-4f735466cecf":"f.E80AB770F149711F8F1C6D090FB7957E.d.2EE0797CF1CA07C5D6CE8EF7644294B0.e.604","ELEMENT":"f.E80AB770F149711F8F1C6D090FB7957E.d.2EE0797CF1CA07C5D6CE8EF7644294B0.e.604"}]}
RESULT: {"script":"<script> [56 bytes]","args":[{"element-6066-11e4-a52e-4f735466cecf":"f.E80AB770F149711F8F1C6D090FB7957E.d.2EE0797CF1CA07C5D6CE8EF7644294B0.e.604","ELEMENT":"f.E80AB770F149711F8F1C6D090FB7957E.d.2EE0797CF1CA07C5D6CE8EF7644294B0.e.604"}]}
COMMAND: GET /session/10d487a35d26ecdae550fd398aa3214b/screenshot - {}
RESULT: {}
COMMAND: POST /session/10d487a35d26ecdae550fd398aa3214b/element - {"using":"css selector","value":"#shell-header-logo"}
RESULT: {"using":"css selector","value":"#shell-header-logo"}
COMMAND: POST /session/10d487a35d26ecdae550fd398aa3214b/element/f.E80AB770F149711F8F1C6D090FB7957E.d.2EE0797CF1CA07C5D6CE8EF7644294B0.e.260/click - {}
RESULT: {}
COMMAND: GET /session/10d487a35d26ecdae550fd398aa3214b/screenshot - {}
RESULT: {}
]]></system-out>
    </testcase>
    <testcase classname="chrome.135_0_7049_96.windows.Address_Management_Tests_US151165_US151160" name="Step 2 Should deactivate the created address in earlier step US151165" time="38.292">
      <system-out><![CDATA[
RESULT: undefined
COMMAND: POST /session/10d487a35d26ecdae550fd398aa3214b/element - {"using":"xpath","value":"//*[@id=\"__tile33\"]"}
RESULT: {"using":"xpath","value":"//*[@id=\"__tile33\"]"}
COMMAND: POST /session/10d487a35d26ecdae550fd398aa3214b/element/f.E80AB770F149711F8F1C6D090FB7957E.d.2EE0797CF1CA07C5D6CE8EF7644294B0.e.211/click - {}
RESULT: {}
COMMAND: POST /session/10d487a35d26ecdae550fd398aa3214b/element - {"using":"xpath","value":"//button[@data-kt=\"addButton\"]"}
COMMAND: GET /session/10d487a35d26ecdae550fd398aa3214b/screenshot - {}
RESULT: {"using":"xpath","value":"//button[@data-kt=\"addButton\"]"}
COMMAND: POST /session/10d487a35d26ecdae550fd398aa3214b/elements - {"using":"xpath","value":"//button[@data-kt=\"addButton\"]"}
RESULT: {}
RESULT: {"using":"xpath","value":"//button[@data-kt=\"addButton\"]"}
COMMAND: POST /session/10d487a35d26ecdae550fd398aa3214b/element - {"using":"xpath","value":"//button[@data-kt=\"addButton\"]"}
RESULT: {"using":"xpath","value":"//button[@data-kt=\"addButton\"]"}
COMMAND: POST /session/10d487a35d26ecdae550fd398aa3214b/execute/sync - {"script":"<script> [8489 bytes]","args":[{"element-6066-11e4-a52e-4f735466cecf":"f.E80AB770F149711F8F1C6D090FB7957E.d.2EE0797CF1CA07C5D6CE8EF7644294B0.e.665","ELEMENT":"f.E80AB770F149711F8F1C6D090FB7957E.d.2EE0797CF1CA07C5D6CE8EF7644294B0.e.665"}]}
RESULT: {"script":"<script> [8489 bytes]","args":[{"element-6066-11e4-a52e-4f735466cecf":"f.E80AB770F149711F8F1C6D090FB7957E.d.2EE0797CF1CA07C5D6CE8EF7644294B0.e.665","ELEMENT":"f.E80AB770F149711F8F1C6D090FB7957E.d.2EE0797CF1CA07C5D6CE8EF7644294B0.e.665"}]}
COMMAND: GET /session/10d487a35d26ecdae550fd398aa3214b/element/f.E80AB770F149711F8F1C6D090FB7957E.d.2EE0797CF1CA07C5D6CE8EF7644294B0.e.665/enabled - {}
COMMAND: GET /session/10d487a35d26ecdae550fd398aa3214b/screenshot - {}
RESULT: {}
COMMAND: POST /session/10d487a35d26ecdae550fd398aa3214b/execute/sync - {"script":"<script> [8489 bytes]","args":[{"element-6066-11e4-a52e-4f735466cecf":"f.E80AB770F149711F8F1C6D090FB7957E.d.2EE0797CF1CA07C5D6CE8EF7644294B0.e.665","ELEMENT":"f.E80AB770F149711F8F1C6D090FB7957E.d.2EE0797CF1CA07C5D6CE8EF7644294B0.e.665"}]}
COMMAND: GET /session/10d487a35d26ecdae550fd398aa3214b/screenshot - {}
RESULT: {}
RESULT: {"script":"<script> [8489 bytes]","args":[{"element-6066-11e4-a52e-4f735466cecf":"f.E80AB770F149711F8F1C6D090FB7957E.d.2EE0797CF1CA07C5D6CE8EF7644294B0.e.665","ELEMENT":"f.E80AB770F149711F8F1C6D090FB7957E.d.2EE0797CF1CA07C5D6CE8EF7644294B0.e.665"}]}
COMMAND: POST /session/10d487a35d26ecdae550fd398aa3214b/execute/sync - {"script":"<script> [5351 bytes]","args":[{"element-6066-11e4-a52e-4f735466cecf":"f.E80AB770F149711F8F1C6D090FB7957E.d.2EE0797CF1CA07C5D6CE8EF7644294B0.e.665","ELEMENT":"f.E80AB770F149711F8F1C6D090FB7957E.d.2EE0797CF1CA07C5D6CE8EF7644294B0.e.665"}]}
COMMAND: GET /session/10d487a35d26ecdae550fd398aa3214b/screenshot - {}
RESULT: {}
RESULT: {"script":"<script> [5351 bytes]","args":[{"element-6066-11e4-a52e-4f735466cecf":"f.E80AB770F149711F8F1C6D090FB7957E.d.2EE0797CF1CA07C5D6CE8EF7644294B0.e.665","ELEMENT":"f.E80AB770F149711F8F1C6D090FB7957E.d.2EE0797CF1CA07C5D6CE8EF7644294B0.e.665"}]}
COMMAND: GET /session/10d487a35d26ecdae550fd398aa3214b/screenshot - {}
RESULT: {}
RESULT: {}
RESULT: undefined
COMMAND: POST /session/10d487a35d26ecdae550fd398aa3214b/execute/async - {"script":"<script> [776 bytes]","args":[{"enterText":"VeZvW5KRSX","selector":{"id":"application-addressmanagement-display-component---masterAdm--smartFilterBar-btnBasicSearch","interaction":{"idSuffix":"I"}},"clearTextFirst":true,"interactionType":"ENTER_TEXT"}]}
RESULT: {"script":"<script> [776 bytes]","args":[{"enterText":"VeZvW5KRSX","selector":{"id":"application-addressmanagement-display-component---masterAdm--smartFilterBar-btnBasicSearch","interaction":{"idSuffix":"I"}},"clearTextFirst":true,"interactionType":"ENTER_TEXT"}]}
COMMAND: POST /session/10d487a35d26ecdae550fd398aa3214b/actions - {"actions":[{"id":"action2","type":"key","parameters":{},"actions":[{"type":"keyDown","value":"î€‡"},{"type":"pause","duration":10},{"type":"keyUp","value":"î€‡"}]}]}
RESULT: {"actions":[{"id":"action2","type":"key","parameters":{},"actions":[{"type":"keyDown","value":"î€‡"},{"type":"pause","duration":10},{"type":"keyUp","value":"î€‡"}]}]}
COMMAND: GET /session/10d487a35d26ecdae550fd398aa3214b/screenshot - {}
RESULT: {}
COMMAND: POST /session/10d487a35d26ecdae550fd398aa3214b/elements - {"using":"xpath","value":"//table[contains(@id, \"customPersonsAddressesTable-listUl\")]/tbody/tr"}
RESULT: {"using":"xpath","value":"//table[contains(@id, \"customPersonsAddressesTable-listUl\")]/tbody/tr"}
COMMAND: POST /session/10d487a35d26ecdae550fd398aa3214b/element - {"using":"xpath","value":"//table[contains(@id, \"customPersonsAddressesTable-listUl\")]/tbody/tr[1]/td[5]/span/span"}
RESULT: {"using":"xpath","value":"//table[contains(@id, \"customPersonsAddressesTable-listUl\")]/tbody/tr[1]/td[5]/span/span"}
COMMAND: POST /session/10d487a35d26ecdae550fd398aa3214b/element - {"using":"xpath","value":"//table[contains(@id, \"customPersonsAddressesTable-listUl\")]/tbody/tr[1]/td[3]/span"}
RESULT: {"using":"xpath","value":"//table[contains(@id, \"customPersonsAddressesTable-listUl\")]/tbody/tr[1]/td[3]/span"}
COMMAND: POST /session/10d487a35d26ecdae550fd398aa3214b/elements - {"using":"xpath","value":"//table[contains(@id, \"customPersonsAddressesTable-listUl\")]/tbody/tr[1]/td[5]/span/span"}
RESULT: {"using":"xpath","value":"//table[contains(@id, \"customPersonsAddressesTable-listUl\")]/tbody/tr[1]/td[5]/span/span"}
COMMAND: POST /session/10d487a35d26ecdae550fd398aa3214b/execute/sync - {"script":"<script> [56 bytes]","args":[{"element-6066-11e4-a52e-4f735466cecf":"f.E80AB770F149711F8F1C6D090FB7957E.d.2EE0797CF1CA07C5D6CE8EF7644294B0.e.805","ELEMENT":"f.E80AB770F149711F8F1C6D090FB7957E.d.2EE0797CF1CA07C5D6CE8EF7644294B0.e.805"}]}
RESULT: {"script":"<script> [56 bytes]","args":[{"element-6066-11e4-a52e-4f735466cecf":"f.E80AB770F149711F8F1C6D090FB7957E.d.2EE0797CF1CA07C5D6CE8EF7644294B0.e.805","ELEMENT":"f.E80AB770F149711F8F1C6D090FB7957E.d.2EE0797CF1CA07C5D6CE8EF7644294B0.e.805"}]}
COMMAND: POST /session/10d487a35d26ecdae550fd398aa3214b/execute/sync - {"script":"<script> [56 bytes]","args":[{"element-6066-11e4-a52e-4f735466cecf":"f.E80AB770F149711F8F1C6D090FB7957E.d.2EE0797CF1CA07C5D6CE8EF7644294B0.e.806","ELEMENT":"f.E80AB770F149711F8F1C6D090FB7957E.d.2EE0797CF1CA07C5D6CE8EF7644294B0.e.806"}]}
COMMAND: GET /session/10d487a35d26ecdae550fd398aa3214b/screenshot - {}
RESULT: {"script":"<script> [56 bytes]","args":[{"element-6066-11e4-a52e-4f735466cecf":"f.E80AB770F149711F8F1C6D090FB7957E.d.2EE0797CF1CA07C5D6CE8EF7644294B0.e.806","ELEMENT":"f.E80AB770F149711F8F1C6D090FB7957E.d.2EE0797CF1CA07C5D6CE8EF7644294B0.e.806"}]}
COMMAND: POST /session/10d487a35d26ecdae550fd398aa3214b/element - {"using":"xpath","value":"//table[contains(@id, \"customPersonsAddressesTable-listUl\")]/tbody/tr[1]/td[10]/div/span"}
COMMAND: GET /session/10d487a35d26ecdae550fd398aa3214b/screenshot - {}
RESULT: {}
RESULT: {"using":"xpath","value":"//table[contains(@id, \"customPersonsAddressesTable-listUl\")]/tbody/tr[1]/td[10]/div/span"}
COMMAND: POST /session/10d487a35d26ecdae550fd398aa3214b/execute/sync - {"script":"<script> [56 bytes]","args":[{"element-6066-11e4-a52e-4f735466cecf":"f.E80AB770F149711F8F1C6D090FB7957E.d.2EE0797CF1CA07C5D6CE8EF7644294B0.e.807","ELEMENT":"f.E80AB770F149711F8F1C6D090FB7957E.d.2EE0797CF1CA07C5D6CE8EF7644294B0.e.807"}]}
RESULT: {}
RESULT: {"script":"<script> [56 bytes]","args":[{"element-6066-11e4-a52e-4f735466cecf":"f.E80AB770F149711F8F1C6D090FB7957E.d.2EE0797CF1CA07C5D6CE8EF7644294B0.e.807","ELEMENT":"f.E80AB770F149711F8F1C6D090FB7957E.d.2EE0797CF1CA07C5D6CE8EF7644294B0.e.807"}]}
COMMAND: POST /session/10d487a35d26ecdae550fd398aa3214b/element - {"using":"xpath","value":"//table[contains(@id, \"customPersonsAddressesTable-listUl\")]/tbody/tr[1]/td[2]/div/div"}
COMMAND: GET /session/10d487a35d26ecdae550fd398aa3214b/screenshot - {}
RESULT: {"using":"xpath","value":"//table[contains(@id, \"customPersonsAddressesTable-listUl\")]/tbody/tr[1]/td[2]/div/div"}
COMMAND: POST /session/10d487a35d26ecdae550fd398aa3214b/element/f.E80AB770F149711F8F1C6D090FB7957E.d.2EE0797CF1CA07C5D6CE8EF7644294B0.e.808/click - {}
RESULT: {}
RESULT: {}
COMMAND: GET /session/10d487a35d26ecdae550fd398aa3214b/screenshot - {}
RESULT: {}
COMMAND: POST /session/10d487a35d26ecdae550fd398aa3214b/element - {"using":"xpath","value":"//bdi[contains(text(), \"Deactivate\")]"}
RESULT: {"using":"xpath","value":"//bdi[contains(text(), \"Deactivate\")]"}
COMMAND: POST /session/10d487a35d26ecdae550fd398aa3214b/element/f.E80AB770F149711F8F1C6D090FB7957E.d.2EE0797CF1CA07C5D6CE8EF7644294B0.e.809/click - {}
RESULT: {}
COMMAND: GET /session/10d487a35d26ecdae550fd398aa3214b/screenshot - {}
RESULT: {}
COMMAND: POST /session/10d487a35d26ecdae550fd398aa3214b/element - {"using":"xpath","value":"//bdi[contains(text(), \"Yes\")]"}
RESULT: {"using":"xpath","value":"//bdi[contains(text(), \"Yes\")]"}
COMMAND: POST /session/10d487a35d26ecdae550fd398aa3214b/element/f.E80AB770F149711F8F1C6D090FB7957E.d.2EE0797CF1CA07C5D6CE8EF7644294B0.e.811/click - {}
RESULT: {}
COMMAND: GET /session/10d487a35d26ecdae550fd398aa3214b/screenshot - {}
RESULT: {}
COMMAND: POST /session/10d487a35d26ecdae550fd398aa3214b/element - {"using":"xpath","value":"//table[contains(@id, \"customPersonsAddressesTable-listUl\")]/tbody/tr[1]/td[10]/div/span"}
RESULT: {"using":"xpath","value":"//table[contains(@id, \"customPersonsAddressesTable-listUl\")]/tbody/tr[1]/td[10]/div/span"}
COMMAND: POST /session/10d487a35d26ecdae550fd398aa3214b/execute/sync - {"script":"<script> [56 bytes]","args":[{"element-6066-11e4-a52e-4f735466cecf":"f.E80AB770F149711F8F1C6D090FB7957E.d.2EE0797CF1CA07C5D6CE8EF7644294B0.e.807","ELEMENT":"f.E80AB770F149711F8F1C6D090FB7957E.d.2EE0797CF1CA07C5D6CE8EF7644294B0.e.807"}]}
RESULT: {"script":"<script> [56 bytes]","args":[{"element-6066-11e4-a52e-4f735466cecf":"f.E80AB770F149711F8F1C6D090FB7957E.d.2EE0797CF1CA07C5D6CE8EF7644294B0.e.807","ELEMENT":"f.E80AB770F149711F8F1C6D090FB7957E.d.2EE0797CF1CA07C5D6CE8EF7644294B0.e.807"}]}
COMMAND: GET /session/10d487a35d26ecdae550fd398aa3214b/screenshot - {}
RESULT: {}
COMMAND: POST /session/10d487a35d26ecdae550fd398aa3214b/element - {"using":"css selector","value":"#shell-header-logo"}
RESULT: {"using":"css selector","value":"#shell-header-logo"}
COMMAND: POST /session/10d487a35d26ecdae550fd398aa3214b/element/f.E80AB770F149711F8F1C6D090FB7957E.d.2EE0797CF1CA07C5D6CE8EF7644294B0.e.609/click - {}
RESULT: {}
COMMAND: GET /session/10d487a35d26ecdae550fd398aa3214b/screenshot - {}
RESULT: {}
]]></system-out>
    </testcase>
    <testcase classname="chrome.135_0_7049_96.windows.Address_Management_Tests_US151165_US151160" name="Step 3 Should activate the created address back again US151160" time="39.914">
      <system-out><![CDATA[
RESULT: undefined
COMMAND: POST /session/10d487a35d26ecdae550fd398aa3214b/element - {"using":"xpath","value":"//*[@id=\"__tile33\"]"}
RESULT: {"using":"xpath","value":"//*[@id=\"__tile33\"]"}
COMMAND: POST /session/10d487a35d26ecdae550fd398aa3214b/element/f.E80AB770F149711F8F1C6D090FB7957E.d.2EE0797CF1CA07C5D6CE8EF7644294B0.e.211/click - {}
RESULT: {}
COMMAND: POST /session/10d487a35d26ecdae550fd398aa3214b/element - {"using":"xpath","value":"//button[@data-kt=\"addButton\"]"}
COMMAND: GET /session/10d487a35d26ecdae550fd398aa3214b/screenshot - {}
RESULT: {"using":"xpath","value":"//button[@data-kt=\"addButton\"]"}
COMMAND: POST /session/10d487a35d26ecdae550fd398aa3214b/elements - {"using":"xpath","value":"//button[@data-kt=\"addButton\"]"}
RESULT: {}
RESULT: {"using":"xpath","value":"//button[@data-kt=\"addButton\"]"}
COMMAND: POST /session/10d487a35d26ecdae550fd398aa3214b/element - {"using":"xpath","value":"//button[@data-kt=\"addButton\"]"}
RESULT: {"using":"xpath","value":"//button[@data-kt=\"addButton\"]"}
COMMAND: POST /session/10d487a35d26ecdae550fd398aa3214b/execute/sync - {"script":"<script> [8489 bytes]","args":[{"element-6066-11e4-a52e-4f735466cecf":"f.E80AB770F149711F8F1C6D090FB7957E.d.2EE0797CF1CA07C5D6CE8EF7644294B0.e.883","ELEMENT":"f.E80AB770F149711F8F1C6D090FB7957E.d.2EE0797CF1CA07C5D6CE8EF7644294B0.e.883"}]}
RESULT: {"script":"<script> [8489 bytes]","args":[{"element-6066-11e4-a52e-4f735466cecf":"f.E80AB770F149711F8F1C6D090FB7957E.d.2EE0797CF1CA07C5D6CE8EF7644294B0.e.883","ELEMENT":"f.E80AB770F149711F8F1C6D090FB7957E.d.2EE0797CF1CA07C5D6CE8EF7644294B0.e.883"}]}
COMMAND: GET /session/10d487a35d26ecdae550fd398aa3214b/element/f.E80AB770F149711F8F1C6D090FB7957E.d.2EE0797CF1CA07C5D6CE8EF7644294B0.e.883/enabled - {}
COMMAND: GET /session/10d487a35d26ecdae550fd398aa3214b/screenshot - {}
RESULT: {}
COMMAND: POST /session/10d487a35d26ecdae550fd398aa3214b/execute/sync - {"script":"<script> [8489 bytes]","args":[{"element-6066-11e4-a52e-4f735466cecf":"f.E80AB770F149711F8F1C6D090FB7957E.d.2EE0797CF1CA07C5D6CE8EF7644294B0.e.883","ELEMENT":"f.E80AB770F149711F8F1C6D090FB7957E.d.2EE0797CF1CA07C5D6CE8EF7644294B0.e.883"}]}
COMMAND: GET /session/10d487a35d26ecdae550fd398aa3214b/screenshot - {}
RESULT: {}
RESULT: {"script":"<script> [8489 bytes]","args":[{"element-6066-11e4-a52e-4f735466cecf":"f.E80AB770F149711F8F1C6D090FB7957E.d.2EE0797CF1CA07C5D6CE8EF7644294B0.e.883","ELEMENT":"f.E80AB770F149711F8F1C6D090FB7957E.d.2EE0797CF1CA07C5D6CE8EF7644294B0.e.883"}]}
COMMAND: POST /session/10d487a35d26ecdae550fd398aa3214b/execute/sync - {"script":"<script> [5351 bytes]","args":[{"element-6066-11e4-a52e-4f735466cecf":"f.E80AB770F149711F8F1C6D090FB7957E.d.2EE0797CF1CA07C5D6CE8EF7644294B0.e.883","ELEMENT":"f.E80AB770F149711F8F1C6D090FB7957E.d.2EE0797CF1CA07C5D6CE8EF7644294B0.e.883"}]}
COMMAND: GET /session/10d487a35d26ecdae550fd398aa3214b/screenshot - {}
RESULT: {}
RESULT: {"script":"<script> [5351 bytes]","args":[{"element-6066-11e4-a52e-4f735466cecf":"f.E80AB770F149711F8F1C6D090FB7957E.d.2EE0797CF1CA07C5D6CE8EF7644294B0.e.883","ELEMENT":"f.E80AB770F149711F8F1C6D090FB7957E.d.2EE0797CF1CA07C5D6CE8EF7644294B0.e.883"}]}
COMMAND: GET /session/10d487a35d26ecdae550fd398aa3214b/screenshot - {}
RESULT: {}
RESULT: {}
RESULT: undefined
COMMAND: POST /session/10d487a35d26ecdae550fd398aa3214b/execute/async - {"script":"<script> [776 bytes]","args":[{"enterText":"VeZvW5KRSX","selector":{"id":"application-addressmanagement-display-component---masterAdm--smartFilterBar-btnBasicSearch","interaction":{"idSuffix":"I"}},"clearTextFirst":true,"interactionType":"ENTER_TEXT"}]}
RESULT: {"script":"<script> [776 bytes]","args":[{"enterText":"VeZvW5KRSX","selector":{"id":"application-addressmanagement-display-component---masterAdm--smartFilterBar-btnBasicSearch","interaction":{"idSuffix":"I"}},"clearTextFirst":true,"interactionType":"ENTER_TEXT"}]}
COMMAND: POST /session/10d487a35d26ecdae550fd398aa3214b/actions - {"actions":[{"id":"action3","type":"key","parameters":{},"actions":[{"type":"keyDown","value":"î€‡"},{"type":"pause","duration":10},{"type":"keyUp","value":"î€‡"}]}]}
RESULT: {"actions":[{"id":"action3","type":"key","parameters":{},"actions":[{"type":"keyDown","value":"î€‡"},{"type":"pause","duration":10},{"type":"keyUp","value":"î€‡"}]}]}
COMMAND: GET /session/10d487a35d26ecdae550fd398aa3214b/screenshot - {}
RESULT: {}
COMMAND: POST /session/10d487a35d26ecdae550fd398aa3214b/elements - {"using":"xpath","value":"//table[contains(@id, \"customPersonsAddressesTable-listUl\")]/tbody/tr"}
RESULT: {"using":"xpath","value":"//table[contains(@id, \"customPersonsAddressesTable-listUl\")]/tbody/tr"}
COMMAND: POST /session/10d487a35d26ecdae550fd398aa3214b/element - {"using":"xpath","value":"//table[contains(@id, \"customPersonsAddressesTable-listUl\")]/tbody/tr[1]/td[5]/span/span"}
RESULT: {"using":"xpath","value":"//table[contains(@id, \"customPersonsAddressesTable-listUl\")]/tbody/tr[1]/td[5]/span/span"}
COMMAND: POST /session/10d487a35d26ecdae550fd398aa3214b/element - {"using":"xpath","value":"//table[contains(@id, \"customPersonsAddressesTable-listUl\")]/tbody/tr[1]/td[3]/span"}
RESULT: {"using":"xpath","value":"//table[contains(@id, \"customPersonsAddressesTable-listUl\")]/tbody/tr[1]/td[3]/span"}
COMMAND: POST /session/10d487a35d26ecdae550fd398aa3214b/elements - {"using":"xpath","value":"//table[contains(@id, \"customPersonsAddressesTable-listUl\")]/tbody/tr[1]/td[5]/span/span"}
RESULT: {"using":"xpath","value":"//table[contains(@id, \"customPersonsAddressesTable-listUl\")]/tbody/tr[1]/td[5]/span/span"}
COMMAND: POST /session/10d487a35d26ecdae550fd398aa3214b/execute/sync - {"script":"<script> [56 bytes]","args":[{"element-6066-11e4-a52e-4f735466cecf":"f.E80AB770F149711F8F1C6D090FB7957E.d.2EE0797CF1CA07C5D6CE8EF7644294B0.e.1024","ELEMENT":"f.E80AB770F149711F8F1C6D090FB7957E.d.2EE0797CF1CA07C5D6CE8EF7644294B0.e.1024"}]}
RESULT: {"script":"<script> [56 bytes]","args":[{"element-6066-11e4-a52e-4f735466cecf":"f.E80AB770F149711F8F1C6D090FB7957E.d.2EE0797CF1CA07C5D6CE8EF7644294B0.e.1024","ELEMENT":"f.E80AB770F149711F8F1C6D090FB7957E.d.2EE0797CF1CA07C5D6CE8EF7644294B0.e.1024"}]}
COMMAND: POST /session/10d487a35d26ecdae550fd398aa3214b/execute/sync - {"script":"<script> [56 bytes]","args":[{"element-6066-11e4-a52e-4f735466cecf":"f.E80AB770F149711F8F1C6D090FB7957E.d.2EE0797CF1CA07C5D6CE8EF7644294B0.e.1025","ELEMENT":"f.E80AB770F149711F8F1C6D090FB7957E.d.2EE0797CF1CA07C5D6CE8EF7644294B0.e.1025"}]}
COMMAND: GET /session/10d487a35d26ecdae550fd398aa3214b/screenshot - {}
RESULT: {"script":"<script> [56 bytes]","args":[{"element-6066-11e4-a52e-4f735466cecf":"f.E80AB770F149711F8F1C6D090FB7957E.d.2EE0797CF1CA07C5D6CE8EF7644294B0.e.1025","ELEMENT":"f.E80AB770F149711F8F1C6D090FB7957E.d.2EE0797CF1CA07C5D6CE8EF7644294B0.e.1025"}]}
COMMAND: POST /session/10d487a35d26ecdae550fd398aa3214b/element - {"using":"xpath","value":"//table[contains(@id, \"customPersonsAddressesTable-listUl\")]/tbody/tr[1]/td[10]/div/span"}
COMMAND: GET /session/10d487a35d26ecdae550fd398aa3214b/screenshot - {}
RESULT: {}
RESULT: {"using":"xpath","value":"//table[contains(@id, \"customPersonsAddressesTable-listUl\")]/tbody/tr[1]/td[10]/div/span"}
COMMAND: POST /session/10d487a35d26ecdae550fd398aa3214b/execute/sync - {"script":"<script> [56 bytes]","args":[{"element-6066-11e4-a52e-4f735466cecf":"f.E80AB770F149711F8F1C6D090FB7957E.d.2EE0797CF1CA07C5D6CE8EF7644294B0.e.1026","ELEMENT":"f.E80AB770F149711F8F1C6D090FB7957E.d.2EE0797CF1CA07C5D6CE8EF7644294B0.e.1026"}]}
RESULT: {}
RESULT: {"script":"<script> [56 bytes]","args":[{"element-6066-11e4-a52e-4f735466cecf":"f.E80AB770F149711F8F1C6D090FB7957E.d.2EE0797CF1CA07C5D6CE8EF7644294B0.e.1026","ELEMENT":"f.E80AB770F149711F8F1C6D090FB7957E.d.2EE0797CF1CA07C5D6CE8EF7644294B0.e.1026"}]}
COMMAND: POST /session/10d487a35d26ecdae550fd398aa3214b/element - {"using":"xpath","value":"//table[contains(@id, \"customPersonsAddressesTable-listUl\")]/tbody/tr[1]/td[2]/div/div"}
COMMAND: GET /session/10d487a35d26ecdae550fd398aa3214b/screenshot - {}
RESULT: {"using":"xpath","value":"//table[contains(@id, \"customPersonsAddressesTable-listUl\")]/tbody/tr[1]/td[2]/div/div"}
COMMAND: POST /session/10d487a35d26ecdae550fd398aa3214b/element/f.E80AB770F149711F8F1C6D090FB7957E.d.2EE0797CF1CA07C5D6CE8EF7644294B0.e.1027/click - {}
RESULT: {}
RESULT: {}
COMMAND: GET /session/10d487a35d26ecdae550fd398aa3214b/screenshot - {}
RESULT: {}
COMMAND: POST /session/10d487a35d26ecdae550fd398aa3214b/element - {"using":"xpath","value":"//bdi[contains(text(), \"Activate\")]"}
RESULT: {"using":"xpath","value":"//bdi[contains(text(), \"Activate\")]"}
COMMAND: POST /session/10d487a35d26ecdae550fd398aa3214b/element/f.E80AB770F149711F8F1C6D090FB7957E.d.2EE0797CF1CA07C5D6CE8EF7644294B0.e.1028/click - {}
RESULT: {}
COMMAND: GET /session/10d487a35d26ecdae550fd398aa3214b/screenshot - {}
RESULT: {}
COMMAND: POST /session/10d487a35d26ecdae550fd398aa3214b/element - {"using":"xpath","value":"//bdi[contains(text(), \"Yes\")]"}
RESULT: {"using":"xpath","value":"//bdi[contains(text(), \"Yes\")]"}
COMMAND: POST /session/10d487a35d26ecdae550fd398aa3214b/element/f.E80AB770F149711F8F1C6D090FB7957E.d.2EE0797CF1CA07C5D6CE8EF7644294B0.e.1030/click - {}
RESULT: {}
COMMAND: GET /session/10d487a35d26ecdae550fd398aa3214b/screenshot - {}
RESULT: {}
COMMAND: POST /session/10d487a35d26ecdae550fd398aa3214b/element - {"using":"xpath","value":"//table[contains(@id, \"customPersonsAddressesTable-listUl\")]/tbody/tr[1]/td[10]/div/span"}
RESULT: {"using":"xpath","value":"//table[contains(@id, \"customPersonsAddressesTable-listUl\")]/tbody/tr[1]/td[10]/div/span"}
COMMAND: POST /session/10d487a35d26ecdae550fd398aa3214b/execute/sync - {"script":"<script> [56 bytes]","args":[{"element-6066-11e4-a52e-4f735466cecf":"f.E80AB770F149711F8F1C6D090FB7957E.d.2EE0797CF1CA07C5D6CE8EF7644294B0.e.1026","ELEMENT":"f.E80AB770F149711F8F1C6D090FB7957E.d.2EE0797CF1CA07C5D6CE8EF7644294B0.e.1026"}]}
RESULT: {"script":"<script> [56 bytes]","args":[{"element-6066-11e4-a52e-4f735466cecf":"f.E80AB770F149711F8F1C6D090FB7957E.d.2EE0797CF1CA07C5D6CE8EF7644294B0.e.1026","ELEMENT":"f.E80AB770F149711F8F1C6D090FB7957E.d.2EE0797CF1CA07C5D6CE8EF7644294B0.e.1026"}]}
COMMAND: GET /session/10d487a35d26ecdae550fd398aa3214b/screenshot - {}
RESULT: {}
COMMAND: POST /session/10d487a35d26ecdae550fd398aa3214b/element - {"using":"css selector","value":"#shell-header-logo"}
RESULT: {"using":"css selector","value":"#shell-header-logo"}
COMMAND: POST /session/10d487a35d26ecdae550fd398aa3214b/element/f.E80AB770F149711F8F1C6D090FB7957E.d.2EE0797CF1CA07C5D6CE8EF7644294B0.e.819/click - {}
RESULT: {}
COMMAND: GET /session/10d487a35d26ecdae550fd398aa3214b/screenshot - {}
RESULT: {}
]]></system-out>
    </testcase>
    <testcase classname="chrome.135_0_7049_96.windows.Address_Management_Tests_US151165_US151160" name="Step 4 Should add an attachment to the created address US151166" time="56.251">
      <system-out><![CDATA[
RESULT: undefined
COMMAND: POST /session/10d487a35d26ecdae550fd398aa3214b/element - {"using":"xpath","value":"//*[@id=\"__tile33\"]"}
RESULT: {"using":"xpath","value":"//*[@id=\"__tile33\"]"}
COMMAND: POST /session/10d487a35d26ecdae550fd398aa3214b/element/f.E80AB770F149711F8F1C6D090FB7957E.d.2EE0797CF1CA07C5D6CE8EF7644294B0.e.211/click - {}
RESULT: {}
COMMAND: POST /session/10d487a35d26ecdae550fd398aa3214b/element - {"using":"xpath","value":"//button[@data-kt=\"addButton\"]"}
COMMAND: GET /session/10d487a35d26ecdae550fd398aa3214b/screenshot - {}
RESULT: {"using":"xpath","value":"//button[@data-kt=\"addButton\"]"}
COMMAND: POST /session/10d487a35d26ecdae550fd398aa3214b/elements - {"using":"xpath","value":"//button[@data-kt=\"addButton\"]"}
RESULT: {}
RESULT: {"using":"xpath","value":"//button[@data-kt=\"addButton\"]"}
COMMAND: POST /session/10d487a35d26ecdae550fd398aa3214b/execute/sync - {"script":"<script> [8489 bytes]","args":[{"element-6066-11e4-a52e-4f735466cecf":"f.E80AB770F149711F8F1C6D090FB7957E.d.2EE0797CF1CA07C5D6CE8EF7644294B0.e.1092","ELEMENT":"f.E80AB770F149711F8F1C6D090FB7957E.d.2EE0797CF1CA07C5D6CE8EF7644294B0.e.1092"}]}
RESULT: {"script":"<script> [8489 bytes]","args":[{"element-6066-11e4-a52e-4f735466cecf":"f.E80AB770F149711F8F1C6D090FB7957E.d.2EE0797CF1CA07C5D6CE8EF7644294B0.e.1092","ELEMENT":"f.E80AB770F149711F8F1C6D090FB7957E.d.2EE0797CF1CA07C5D6CE8EF7644294B0.e.1092"}]}
COMMAND: GET /session/10d487a35d26ecdae550fd398aa3214b/element/f.E80AB770F149711F8F1C6D090FB7957E.d.2EE0797CF1CA07C5D6CE8EF7644294B0.e.1092/enabled - {}
COMMAND: GET /session/10d487a35d26ecdae550fd398aa3214b/screenshot - {}
RESULT: {}
COMMAND: POST /session/10d487a35d26ecdae550fd398aa3214b/execute/sync - {"script":"<script> [8489 bytes]","args":[{"element-6066-11e4-a52e-4f735466cecf":"f.E80AB770F149711F8F1C6D090FB7957E.d.2EE0797CF1CA07C5D6CE8EF7644294B0.e.1092","ELEMENT":"f.E80AB770F149711F8F1C6D090FB7957E.d.2EE0797CF1CA07C5D6CE8EF7644294B0.e.1092"}]}
COMMAND: GET /session/10d487a35d26ecdae550fd398aa3214b/screenshot - {}
RESULT: {}
RESULT: {"script":"<script> [8489 bytes]","args":[{"element-6066-11e4-a52e-4f735466cecf":"f.E80AB770F149711F8F1C6D090FB7957E.d.2EE0797CF1CA07C5D6CE8EF7644294B0.e.1092","ELEMENT":"f.E80AB770F149711F8F1C6D090FB7957E.d.2EE0797CF1CA07C5D6CE8EF7644294B0.e.1092"}]}
COMMAND: POST /session/10d487a35d26ecdae550fd398aa3214b/execute/sync - {"script":"<script> [5351 bytes]","args":[{"element-6066-11e4-a52e-4f735466cecf":"f.E80AB770F149711F8F1C6D090FB7957E.d.2EE0797CF1CA07C5D6CE8EF7644294B0.e.1092","ELEMENT":"f.E80AB770F149711F8F1C6D090FB7957E.d.2EE0797CF1CA07C5D6CE8EF7644294B0.e.1092"}]}
COMMAND: GET /session/10d487a35d26ecdae550fd398aa3214b/screenshot - {}
RESULT: {}
RESULT: {"script":"<script> [5351 bytes]","args":[{"element-6066-11e4-a52e-4f735466cecf":"f.E80AB770F149711F8F1C6D090FB7957E.d.2EE0797CF1CA07C5D6CE8EF7644294B0.e.1092","ELEMENT":"f.E80AB770F149711F8F1C6D090FB7957E.d.2EE0797CF1CA07C5D6CE8EF7644294B0.e.1092"}]}
COMMAND: GET /session/10d487a35d26ecdae550fd398aa3214b/screenshot - {}
RESULT: {}
RESULT: {}
RESULT: undefined
COMMAND: POST /session/10d487a35d26ecdae550fd398aa3214b/execute/async - {"script":"<script> [776 bytes]","args":[{"enterText":"VeZvW5KRSX","selector":{"id":"application-addressmanagement-display-component---masterAdm--smartFilterBar-btnBasicSearch","interaction":{"idSuffix":"I"}},"clearTextFirst":true,"interactionType":"ENTER_TEXT"}]}
RESULT: {"script":"<script> [776 bytes]","args":[{"enterText":"VeZvW5KRSX","selector":{"id":"application-addressmanagement-display-component---masterAdm--smartFilterBar-btnBasicSearch","interaction":{"idSuffix":"I"}},"clearTextFirst":true,"interactionType":"ENTER_TEXT"}]}
COMMAND: POST /session/10d487a35d26ecdae550fd398aa3214b/actions - {"actions":[{"id":"action4","type":"key","parameters":{},"actions":[{"type":"keyDown","value":"î€‡"},{"type":"pause","duration":10},{"type":"keyUp","value":"î€‡"}]}]}
RESULT: {"actions":[{"id":"action4","type":"key","parameters":{},"actions":[{"type":"keyDown","value":"î€‡"},{"type":"pause","duration":10},{"type":"keyUp","value":"î€‡"}]}]}
COMMAND: GET /session/10d487a35d26ecdae550fd398aa3214b/screenshot - {}
RESULT: {}
COMMAND: POST /session/10d487a35d26ecdae550fd398aa3214b/elements - {"using":"xpath","value":"//table[contains(@id, \"customPersonsAddressesTable-listUl\")]/tbody/tr"}
RESULT: {"using":"xpath","value":"//table[contains(@id, \"customPersonsAddressesTable-listUl\")]/tbody/tr"}
COMMAND: POST /session/10d487a35d26ecdae550fd398aa3214b/element - {"using":"xpath","value":"//table[contains(@id, \"customPersonsAddressesTable-listUl\")]/tbody/tr[1]/td[5]/span/span"}
RESULT: {"using":"xpath","value":"//table[contains(@id, \"customPersonsAddressesTable-listUl\")]/tbody/tr[1]/td[5]/span/span"}
COMMAND: POST /session/10d487a35d26ecdae550fd398aa3214b/element - {"using":"xpath","value":"//table[contains(@id, \"customPersonsAddressesTable-listUl\")]/tbody/tr[1]/td[3]/span"}
RESULT: {"using":"xpath","value":"//table[contains(@id, \"customPersonsAddressesTable-listUl\")]/tbody/tr[1]/td[3]/span"}
COMMAND: POST /session/10d487a35d26ecdae550fd398aa3214b/elements - {"using":"xpath","value":"//table[contains(@id, \"customPersonsAddressesTable-listUl\")]/tbody/tr[1]/td[5]/span/span"}
RESULT: {"using":"xpath","value":"//table[contains(@id, \"customPersonsAddressesTable-listUl\")]/tbody/tr[1]/td[5]/span/span"}
COMMAND: POST /session/10d487a35d26ecdae550fd398aa3214b/execute/sync - {"script":"<script> [56 bytes]","args":[{"element-6066-11e4-a52e-4f735466cecf":"f.E80AB770F149711F8F1C6D090FB7957E.d.2EE0797CF1CA07C5D6CE8EF7644294B0.e.1234","ELEMENT":"f.E80AB770F149711F8F1C6D090FB7957E.d.2EE0797CF1CA07C5D6CE8EF7644294B0.e.1234"}]}
RESULT: {"script":"<script> [56 bytes]","args":[{"element-6066-11e4-a52e-4f735466cecf":"f.E80AB770F149711F8F1C6D090FB7957E.d.2EE0797CF1CA07C5D6CE8EF7644294B0.e.1234","ELEMENT":"f.E80AB770F149711F8F1C6D090FB7957E.d.2EE0797CF1CA07C5D6CE8EF7644294B0.e.1234"}]}
COMMAND: POST /session/10d487a35d26ecdae550fd398aa3214b/execute/sync - {"script":"<script> [56 bytes]","args":[{"element-6066-11e4-a52e-4f735466cecf":"f.E80AB770F149711F8F1C6D090FB7957E.d.2EE0797CF1CA07C5D6CE8EF7644294B0.e.1235","ELEMENT":"f.E80AB770F149711F8F1C6D090FB7957E.d.2EE0797CF1CA07C5D6CE8EF7644294B0.e.1235"}]}
COMMAND: GET /session/10d487a35d26ecdae550fd398aa3214b/screenshot - {}
RESULT: {"script":"<script> [56 bytes]","args":[{"element-6066-11e4-a52e-4f735466cecf":"f.E80AB770F149711F8F1C6D090FB7957E.d.2EE0797CF1CA07C5D6CE8EF7644294B0.e.1235","ELEMENT":"f.E80AB770F149711F8F1C6D090FB7957E.d.2EE0797CF1CA07C5D6CE8EF7644294B0.e.1235"}]}
COMMAND: POST /session/10d487a35d26ecdae550fd398aa3214b/element - {"using":"xpath","value":"(//span[contains(@id, \"imgNav\")])[1]"}
COMMAND: GET /session/10d487a35d26ecdae550fd398aa3214b/screenshot - {}
RESULT: {}
RESULT: {"using":"xpath","value":"(//span[contains(@id, \"imgNav\")])[1]"}
COMMAND: POST /session/10d487a35d26ecdae550fd398aa3214b/element/f.E80AB770F149711F8F1C6D090FB7957E.d.2EE0797CF1CA07C5D6CE8EF7644294B0.e.1230/click - {}
RESULT: {}
RESULT: {}
COMMAND: GET /session/10d487a35d26ecdae550fd398aa3214b/screenshot - {}
RESULT: {}
COMMAND: POST /session/10d487a35d26ecdae550fd398aa3214b/element - {"using":"xpath","value":"//bdi[contains(text(), \"Edit\")]"}
RESULT: {"using":"xpath","value":"//bdi[contains(text(), \"Edit\")]"}
COMMAND: POST /session/10d487a35d26ecdae550fd398aa3214b/element/f.E80AB770F149711F8F1C6D090FB7957E.d.2EE0797CF1CA07C5D6CE8EF7644294B0.e.1346/click - {}
RESULT: {}
COMMAND: GET /session/10d487a35d26ecdae550fd398aa3214b/screenshot - {}
RESULT: {}
COMMAND: POST /session/10d487a35d26ecdae550fd398aa3214b/execute/async - {"script":"<script> [1562 bytes]","args":[{"selector":{"controlType":"sap.m.Button","viewName":"etm.portal.ui.addressmanagement.view.EditDetail","properties":{"text":"Attachments (0)"},"interaction":{"idSuffix":"BDI-content"}},"wdio_ui5_key":"etmportal.ui.addressmanagement.view.EditDetailsap.m.Button{\"text\":\"Attachments (0)\"}"}]}
RESULT: {"script":"<script> [1562 bytes]","args":[{"selector":{"controlType":"sap.m.Button","viewName":"etm.portal.ui.addressmanagement.view.EditDetail","properties":{"text":"Attachments (0)"},"interaction":{"idSuffix":"BDI-content"}},"wdio_ui5_key":"etmportal.ui.addressmanagement.view.EditDetailsap.m.Button{\"text\":\"Attachments (0)\"}"}]}
RESULT: undefined
COMMAND: POST /session/10d487a35d26ecdae550fd398aa3214b/element - {"using":"xpath","value":"//*[@id=\"__xmlview59--ObjectPageLayout-anchBar-__xmlview59--attachments-anchor\"]"}
RESULT: {"using":"xpath","value":"//*[@id=\"__xmlview59--ObjectPageLayout-anchBar-__xmlview59--attachments-anchor\"]"}
COMMAND: POST /session/10d487a35d26ecdae550fd398aa3214b/element/f.E80AB770F149711F8F1C6D090FB7957E.d.2EE0797CF1CA07C5D6CE8EF7644294B0.e.1390/click - {}
RESULT: {}
COMMAND: GET /session/10d487a35d26ecdae550fd398aa3214b/screenshot - {}
RESULT: {}
COMMAND: POST /session/10d487a35d26ecdae550fd398aa3214b/file - {"file":"[base64] 459776 bytes"}
RESULT: {"file":"[base64] 459776 bytes"}
COMMAND: POST /session/10d487a35d26ecdae550fd398aa3214b/element - {"using":"css selector","value":"input[type=\"file\"]"}
RESULT: {"using":"css selector","value":"input[type=\"file\"]"}
COMMAND: POST /session/10d487a35d26ecdae550fd398aa3214b/element/f.E80AB770F149711F8F1C6D090FB7957E.d.2EE0797CF1CA07C5D6CE8EF7644294B0.e.1377/clear - {}
RESULT: {}
COMMAND: POST /session/10d487a35d26ecdae550fd398aa3214b/element/f.E80AB770F149711F8F1C6D090FB7957E.d.2EE0797CF1CA07C5D6CE8EF7644294B0.e.1377/value - {"text":"C:\\Windows\\SystemTemp\\scoped_dir3660_2120767142\\upload3660_1651645594\\address-mng-pic.png"}
COMMAND: GET /session/10d487a35d26ecdae550fd398aa3214b/screenshot - {}
RESULT: {"text":"C:\\Windows\\SystemTemp\\scoped_dir3660_2120767142\\upload3660_1651645594\\address-mng-pic.png"}
COMMAND: GET /session/10d487a35d26ecdae550fd398aa3214b/screenshot - {}
RESULT: {}
RESULT: {}
COMMAND: POST /session/10d487a35d26ecdae550fd398aa3214b/element - {"using":"xpath","value":"//button[@data-kt=\"saveButton\"]"}
RESULT: {"using":"xpath","value":"//button[@data-kt=\"saveButton\"]"}
COMMAND: POST /session/10d487a35d26ecdae550fd398aa3214b/element/f.E80AB770F149711F8F1C6D090FB7957E.d.2EE0797CF1CA07C5D6CE8EF7644294B0.e.1415/click - {}
RESULT: {}
COMMAND: GET /session/10d487a35d26ecdae550fd398aa3214b/screenshot - {}
RESULT: {}
COMMAND: POST /session/10d487a35d26ecdae550fd398aa3214b/execute/async - {"script":"<script> [1562 bytes]","args":[{"selector":{"id":"application-addressmanagement-display-component---detailAdm--ObjectPageLayout-anchBar-application-addressmanagement-display-component---detailAdm--attachments-anchor","interaction":{"idSuffix":"content"}},"wdio_ui5_key":"applicationaddressmanagement-display-component---detailAdm--ObjectPageLayout-anchBar-application-addressmanagement-display-component---detailAdm--attachments-anchor"}]}
RESULT: {"script":"<script> [1562 bytes]","args":[{"selector":{"id":"application-addressmanagement-display-component---detailAdm--ObjectPageLayout-anchBar-application-addressmanagement-display-component---detailAdm--attachments-anchor","interaction":{"idSuffix":"content"}},"wdio_ui5_key":"applicationaddressmanagement-display-component---detailAdm--ObjectPageLayout-anchBar-application-addressmanagement-display-component---detailAdm--attachments-anchor"}]}
RESULT: undefined
COMMAND: POST /session/10d487a35d26ecdae550fd398aa3214b/element - {"using":"xpath","value":"//*[@id=\"application-addressmanagement-display-component---detailAdm--ObjectPageLayout-anchBar-application-addressmanagement-display-component---detailAdm--attachments-anchor\"]"}
RESULT: {"using":"xpath","value":"//*[@id=\"application-addressmanagement-display-component---detailAdm--ObjectPageLayout-anchBar-application-addressmanagement-display-component---detailAdm--attachments-anchor\"]"}
COMMAND: POST /session/10d487a35d26ecdae550fd398aa3214b/element/f.E80AB770F149711F8F1C6D090FB7957E.d.2EE0797CF1CA07C5D6CE8EF7644294B0.e.1421/click - {}
RESULT: {}
COMMAND: GET /session/10d487a35d26ecdae550fd398aa3214b/screenshot - {}
RESULT: {}
COMMAND: POST /session/10d487a35d26ecdae550fd398aa3214b/execute/async - {"script":"<script> [1562 bytes]","args":[{"selector":{"id":"application-addressmanagement-display-component---detailAdm--attachments"},"wdio_ui5_key":"applicationaddressmanagement-display-component---detailAdm--attachments"}]}
RESULT: {"script":"<script> [1562 bytes]","args":[{"selector":{"id":"application-addressmanagement-display-component---detailAdm--attachments"},"wdio_ui5_key":"applicationaddressmanagement-display-component---detailAdm--attachments"}]}
RESULT: undefined
COMMAND: POST /session/10d487a35d26ecdae550fd398aa3214b/execute/async - {"script":"<script> [6424 bytes]","args":[{"element-6066-11e4-a52e-4f735466cecf":"f.E80AB770F149711F8F1C6D090FB7957E.d.2EE0797CF1CA07C5D6CE8EF7644294B0.e.1335"},"getTitle",[]]}
RESULT: {"script":"<script> [6424 bytes]","args":[{"element-6066-11e4-a52e-4f735466cecf":"f.E80AB770F149711F8F1C6D090FB7957E.d.2EE0797CF1CA07C5D6CE8EF7644294B0.e.1335"},"getTitle",[]]}
COMMAND: POST /session/10d487a35d26ecdae550fd398aa3214b/element - {"using":"css selector","value":"#shell-header-logo"}
RESULT: {"using":"css selector","value":"#shell-header-logo"}
COMMAND: POST /session/10d487a35d26ecdae550fd398aa3214b/element/f.E80AB770F149711F8F1C6D090FB7957E.d.2EE0797CF1CA07C5D6CE8EF7644294B0.e.1037/click - {}
RESULT: {}
COMMAND: GET /session/10d487a35d26ecdae550fd398aa3214b/screenshot - {}
RESULT: {}
]]></system-out>
    </testcase>
    <testcase classname="chrome.135_0_7049_96.windows.Address_Management_Tests_US151165_US151160" name="Step 5 Should remove the added attachment on the created address US151168" time="58.55">
      <system-out><![CDATA[
RESULT: undefined
COMMAND: POST /session/10d487a35d26ecdae550fd398aa3214b/element - {"using":"xpath","value":"//*[@id=\"__tile33\"]"}
RESULT: {"using":"xpath","value":"//*[@id=\"__tile33\"]"}
COMMAND: POST /session/10d487a35d26ecdae550fd398aa3214b/element/f.E80AB770F149711F8F1C6D090FB7957E.d.2EE0797CF1CA07C5D6CE8EF7644294B0.e.211/click - {}
RESULT: {}
COMMAND: POST /session/10d487a35d26ecdae550fd398aa3214b/element - {"using":"xpath","value":"//button[@data-kt=\"addButton\"]"}
COMMAND: GET /session/10d487a35d26ecdae550fd398aa3214b/screenshot - {}
RESULT: {"using":"xpath","value":"//button[@data-kt=\"addButton\"]"}
COMMAND: POST /session/10d487a35d26ecdae550fd398aa3214b/elements - {"using":"xpath","value":"//button[@data-kt=\"addButton\"]"}
RESULT: {}
RESULT: {"using":"xpath","value":"//button[@data-kt=\"addButton\"]"}
COMMAND: POST /session/10d487a35d26ecdae550fd398aa3214b/elements - {"using":"xpath","value":"//button[@data-kt=\"addButton\"]"}
RESULT: {"using":"xpath","value":"//button[@data-kt=\"addButton\"]"}
COMMAND: POST /session/10d487a35d26ecdae550fd398aa3214b/element - {"using":"xpath","value":"//button[@data-kt=\"addButton\"]"}
RESULT: {"using":"xpath","value":"//button[@data-kt=\"addButton\"]"}
COMMAND: POST /session/10d487a35d26ecdae550fd398aa3214b/execute/sync - {"script":"<script> [8489 bytes]","args":[{"element-6066-11e4-a52e-4f735466cecf":"f.E80AB770F149711F8F1C6D090FB7957E.d.2EE0797CF1CA07C5D6CE8EF7644294B0.e.1492","ELEMENT":"f.E80AB770F149711F8F1C6D090FB7957E.d.2EE0797CF1CA07C5D6CE8EF7644294B0.e.1492"}]}
RESULT: {"script":"<script> [8489 bytes]","args":[{"element-6066-11e4-a52e-4f735466cecf":"f.E80AB770F149711F8F1C6D090FB7957E.d.2EE0797CF1CA07C5D6CE8EF7644294B0.e.1492","ELEMENT":"f.E80AB770F149711F8F1C6D090FB7957E.d.2EE0797CF1CA07C5D6CE8EF7644294B0.e.1492"}]}
COMMAND: GET /session/10d487a35d26ecdae550fd398aa3214b/element/f.E80AB770F149711F8F1C6D090FB7957E.d.2EE0797CF1CA07C5D6CE8EF7644294B0.e.1492/enabled - {}
COMMAND: GET /session/10d487a35d26ecdae550fd398aa3214b/screenshot - {}
RESULT: {}
COMMAND: POST /session/10d487a35d26ecdae550fd398aa3214b/execute/sync - {"script":"<script> [8489 bytes]","args":[{"element-6066-11e4-a52e-4f735466cecf":"f.E80AB770F149711F8F1C6D090FB7957E.d.2EE0797CF1CA07C5D6CE8EF7644294B0.e.1492","ELEMENT":"f.E80AB770F149711F8F1C6D090FB7957E.d.2EE0797CF1CA07C5D6CE8EF7644294B0.e.1492"}]}
COMMAND: GET /session/10d487a35d26ecdae550fd398aa3214b/screenshot - {}
RESULT: {}
RESULT: {"script":"<script> [8489 bytes]","args":[{"element-6066-11e4-a52e-4f735466cecf":"f.E80AB770F149711F8F1C6D090FB7957E.d.2EE0797CF1CA07C5D6CE8EF7644294B0.e.1492","ELEMENT":"f.E80AB770F149711F8F1C6D090FB7957E.d.2EE0797CF1CA07C5D6CE8EF7644294B0.e.1492"}]}
COMMAND: POST /session/10d487a35d26ecdae550fd398aa3214b/execute/sync - {"script":"<script> [5351 bytes]","args":[{"element-6066-11e4-a52e-4f735466cecf":"f.E80AB770F149711F8F1C6D090FB7957E.d.2EE0797CF1CA07C5D6CE8EF7644294B0.e.1492","ELEMENT":"f.E80AB770F149711F8F1C6D090FB7957E.d.2EE0797CF1CA07C5D6CE8EF7644294B0.e.1492"}]}
COMMAND: GET /session/10d487a35d26ecdae550fd398aa3214b/screenshot - {}
RESULT: {}
RESULT: {"script":"<script> [5351 bytes]","args":[{"element-6066-11e4-a52e-4f735466cecf":"f.E80AB770F149711F8F1C6D090FB7957E.d.2EE0797CF1CA07C5D6CE8EF7644294B0.e.1492","ELEMENT":"f.E80AB770F149711F8F1C6D090FB7957E.d.2EE0797CF1CA07C5D6CE8EF7644294B0.e.1492"}]}
COMMAND: GET /session/10d487a35d26ecdae550fd398aa3214b/screenshot - {}
RESULT: {}
RESULT: {}
RESULT: undefined
COMMAND: POST /session/10d487a35d26ecdae550fd398aa3214b/execute/async - {"script":"<script> [776 bytes]","args":[{"enterText":"VeZvW5KRSX","selector":{"id":"application-addressmanagement-display-component---masterAdm--smartFilterBar-btnBasicSearch","interaction":{"idSuffix":"I"}},"clearTextFirst":true,"interactionType":"ENTER_TEXT"}]}
RESULT: {"script":"<script> [776 bytes]","args":[{"enterText":"VeZvW5KRSX","selector":{"id":"application-addressmanagement-display-component---masterAdm--smartFilterBar-btnBasicSearch","interaction":{"idSuffix":"I"}},"clearTextFirst":true,"interactionType":"ENTER_TEXT"}]}
COMMAND: POST /session/10d487a35d26ecdae550fd398aa3214b/actions - {"actions":[{"id":"action5","type":"key","parameters":{},"actions":[{"type":"keyDown","value":"î€‡"},{"type":"pause","duration":10},{"type":"keyUp","value":"î€‡"}]}]}
RESULT: {"actions":[{"id":"action5","type":"key","parameters":{},"actions":[{"type":"keyDown","value":"î€‡"},{"type":"pause","duration":10},{"type":"keyUp","value":"î€‡"}]}]}
COMMAND: GET /session/10d487a35d26ecdae550fd398aa3214b/screenshot - {}
RESULT: {}
COMMAND: POST /session/10d487a35d26ecdae550fd398aa3214b/elements - {"using":"xpath","value":"//table[contains(@id, \"customPersonsAddressesTable-listUl\")]/tbody/tr"}
RESULT: {"using":"xpath","value":"//table[contains(@id, \"customPersonsAddressesTable-listUl\")]/tbody/tr"}
COMMAND: POST /session/10d487a35d26ecdae550fd398aa3214b/element - {"using":"xpath","value":"//table[contains(@id, \"customPersonsAddressesTable-listUl\")]/tbody/tr[1]/td[5]/span/span"}
RESULT: {"using":"xpath","value":"//table[contains(@id, \"customPersonsAddressesTable-listUl\")]/tbody/tr[1]/td[5]/span/span"}
COMMAND: POST /session/10d487a35d26ecdae550fd398aa3214b/element - {"using":"xpath","value":"//table[contains(@id, \"customPersonsAddressesTable-listUl\")]/tbody/tr[1]/td[3]/span"}
RESULT: {"using":"xpath","value":"//table[contains(@id, \"customPersonsAddressesTable-listUl\")]/tbody/tr[1]/td[3]/span"}
COMMAND: POST /session/10d487a35d26ecdae550fd398aa3214b/elements - {"using":"xpath","value":"//table[contains(@id, \"customPersonsAddressesTable-listUl\")]/tbody/tr[1]/td[5]/span/span"}
RESULT: {"using":"xpath","value":"//table[contains(@id, \"customPersonsAddressesTable-listUl\")]/tbody/tr[1]/td[5]/span/span"}
COMMAND: POST /session/10d487a35d26ecdae550fd398aa3214b/execute/sync - {"script":"<script> [56 bytes]","args":[{"element-6066-11e4-a52e-4f735466cecf":"f.E80AB770F149711F8F1C6D090FB7957E.d.2EE0797CF1CA07C5D6CE8EF7644294B0.e.1635","ELEMENT":"f.E80AB770F149711F8F1C6D090FB7957E.d.2EE0797CF1CA07C5D6CE8EF7644294B0.e.1635"}]}
RESULT: {"script":"<script> [56 bytes]","args":[{"element-6066-11e4-a52e-4f735466cecf":"f.E80AB770F149711F8F1C6D090FB7957E.d.2EE0797CF1CA07C5D6CE8EF7644294B0.e.1635","ELEMENT":"f.E80AB770F149711F8F1C6D090FB7957E.d.2EE0797CF1CA07C5D6CE8EF7644294B0.e.1635"}]}
COMMAND: POST /session/10d487a35d26ecdae550fd398aa3214b/execute/sync - {"script":"<script> [56 bytes]","args":[{"element-6066-11e4-a52e-4f735466cecf":"f.E80AB770F149711F8F1C6D090FB7957E.d.2EE0797CF1CA07C5D6CE8EF7644294B0.e.1636","ELEMENT":"f.E80AB770F149711F8F1C6D090FB7957E.d.2EE0797CF1CA07C5D6CE8EF7644294B0.e.1636"}]}
COMMAND: GET /session/10d487a35d26ecdae550fd398aa3214b/screenshot - {}
RESULT: {"script":"<script> [56 bytes]","args":[{"element-6066-11e4-a52e-4f735466cecf":"f.E80AB770F149711F8F1C6D090FB7957E.d.2EE0797CF1CA07C5D6CE8EF7644294B0.e.1636","ELEMENT":"f.E80AB770F149711F8F1C6D090FB7957E.d.2EE0797CF1CA07C5D6CE8EF7644294B0.e.1636"}]}
COMMAND: POST /session/10d487a35d26ecdae550fd398aa3214b/element - {"using":"xpath","value":"(//span[contains(@id, \"imgNav\")])[1]"}
COMMAND: GET /session/10d487a35d26ecdae550fd398aa3214b/screenshot - {}
RESULT: {}
RESULT: {"using":"xpath","value":"(//span[contains(@id, \"imgNav\")])[1]"}
COMMAND: POST /session/10d487a35d26ecdae550fd398aa3214b/element/f.E80AB770F149711F8F1C6D090FB7957E.d.2EE0797CF1CA07C5D6CE8EF7644294B0.e.1632/click - {}
RESULT: {}
RESULT: {}
COMMAND: GET /session/10d487a35d26ecdae550fd398aa3214b/screenshot - {}
RESULT: {}
COMMAND: POST /session/10d487a35d26ecdae550fd398aa3214b/element - {"using":"xpath","value":"//bdi[contains(text(), \"Edit\")]"}
RESULT: {"using":"xpath","value":"//bdi[contains(text(), \"Edit\")]"}
COMMAND: POST /session/10d487a35d26ecdae550fd398aa3214b/element/f.E80AB770F149711F8F1C6D090FB7957E.d.2EE0797CF1CA07C5D6CE8EF7644294B0.e.1752/click - {}
RESULT: {}
COMMAND: GET /session/10d487a35d26ecdae550fd398aa3214b/screenshot - {}
RESULT: {}
COMMAND: POST /session/10d487a35d26ecdae550fd398aa3214b/execute/async - {"script":"<script> [1562 bytes]","args":[{"selector":{"controlType":"sap.m.Button","viewName":"etm.portal.ui.addressmanagement.view.EditDetail","properties":{"text":"Attachments (1)"},"interaction":{"idSuffix":"BDI-content"}},"wdio_ui5_key":"etmportal.ui.addressmanagement.view.EditDetailsap.m.Button{\"text\":\"Attachments (1)\"}"}]}
RESULT: {"script":"<script> [1562 bytes]","args":[{"selector":{"controlType":"sap.m.Button","viewName":"etm.portal.ui.addressmanagement.view.EditDetail","properties":{"text":"Attachments (1)"},"interaction":{"idSuffix":"BDI-content"}},"wdio_ui5_key":"etmportal.ui.addressmanagement.view.EditDetailsap.m.Button{\"text\":\"Attachments (1)\"}"}]}
RESULT: undefined
COMMAND: POST /session/10d487a35d26ecdae550fd398aa3214b/element - {"using":"xpath","value":"//*[@id=\"__xmlview60--ObjectPageLayout-anchBar-__xmlview60--attachments-anchor\"]"}
RESULT: {"using":"xpath","value":"//*[@id=\"__xmlview60--ObjectPageLayout-anchBar-__xmlview60--attachments-anchor\"]"}
COMMAND: POST /session/10d487a35d26ecdae550fd398aa3214b/element/f.E80AB770F149711F8F1C6D090FB7957E.d.2EE0797CF1CA07C5D6CE8EF7644294B0.e.1807/click - {}
RESULT: {}
COMMAND: GET /session/10d487a35d26ecdae550fd398aa3214b/screenshot - {}
RESULT: {}
COMMAND: POST /session/10d487a35d26ecdae550fd398aa3214b/execute/async - {"script":"<script> [1562 bytes]","args":[{"selector":{"controlType":"sap.ui.core.Icon","viewName":"etm.portal.ui.addressmanagement.view.EditDetail","properties":{"src":{"regex":{"source":"decline"}}}},"wdio_ui5_key":"etmportal.ui.addressmanagement.view.EditDetailsap.ui.core.Icon{\"src\":{\"regex\":{\"source\":\"decline\"}}}"}]}
RESULT: {"script":"<script> [1562 bytes]","args":[{"selector":{"controlType":"sap.ui.core.Icon","viewName":"etm.portal.ui.addressmanagement.view.EditDetail","properties":{"src":{"regex":{"source":"decline"}}}},"wdio_ui5_key":"etmportal.ui.addressmanagement.view.EditDetailsap.ui.core.Icon{\"src\":{\"regex\":{\"source\":\"decline\"}}}"}]}
RESULT: undefined
COMMAND: POST /session/10d487a35d26ecdae550fd398aa3214b/element - {"using":"xpath","value":"//*[@id=\"__item348-__set5-0-deleteButton-img\"]"}
RESULT: {"using":"xpath","value":"//*[@id=\"__item348-__set5-0-deleteButton-img\"]"}
COMMAND: POST /session/10d487a35d26ecdae550fd398aa3214b/element/f.E80AB770F149711F8F1C6D090FB7957E.d.2EE0797CF1CA07C5D6CE8EF7644294B0.e.1813/click - {}
RESULT: {}
COMMAND: GET /session/10d487a35d26ecdae550fd398aa3214b/screenshot - {}
RESULT: {}
COMMAND: POST /session/10d487a35d26ecdae550fd398aa3214b/element - {"using":"xpath","value":"//bdi[contains(text(), \"OK\")]"}
RESULT: {"using":"xpath","value":"//bdi[contains(text(), \"OK\")]"}
COMMAND: POST /session/10d487a35d26ecdae550fd398aa3214b/element/f.E80AB770F149711F8F1C6D090FB7957E.d.2EE0797CF1CA07C5D6CE8EF7644294B0.e.1816/click - {}
RESULT: {}
COMMAND: GET /session/10d487a35d26ecdae550fd398aa3214b/screenshot - {}
RESULT: {}
COMMAND: POST /session/10d487a35d26ecdae550fd398aa3214b/element - {"using":"xpath","value":"//button[@data-kt=\"saveButton\"]"}
RESULT: {"using":"xpath","value":"//button[@data-kt=\"saveButton\"]"}
COMMAND: POST /session/10d487a35d26ecdae550fd398aa3214b/element/f.E80AB770F149711F8F1C6D090FB7957E.d.2EE0797CF1CA07C5D6CE8EF7644294B0.e.1837/click - {}
RESULT: {}
COMMAND: GET /session/10d487a35d26ecdae550fd398aa3214b/screenshot - {}
RESULT: {}
RESULT: undefined
COMMAND: POST /session/10d487a35d26ecdae550fd398aa3214b/element - {"using":"xpath","value":"//*[@id=\"application-addressmanagement-display-component---detailAdm--ObjectPageLayout-anchBar-application-addressmanagement-display-component---detailAdm--attachments-anchor\"]"}
RESULT: {"using":"xpath","value":"//*[@id=\"application-addressmanagement-display-component---detailAdm--ObjectPageLayout-anchBar-application-addressmanagement-display-component---detailAdm--attachments-anchor\"]"}
COMMAND: POST /session/10d487a35d26ecdae550fd398aa3214b/element/f.E80AB770F149711F8F1C6D090FB7957E.d.2EE0797CF1CA07C5D6CE8EF7644294B0.e.1842/click - {}
RESULT: {}
COMMAND: GET /session/10d487a35d26ecdae550fd398aa3214b/screenshot - {}
RESULT: {}
RESULT: undefined
COMMAND: POST /session/10d487a35d26ecdae550fd398aa3214b/execute/async - {"script":"<script> [6424 bytes]","args":[{"element-6066-11e4-a52e-4f735466cecf":"f.E80AB770F149711F8F1C6D090FB7957E.d.2EE0797CF1CA07C5D6CE8EF7644294B0.e.1335"},"getTitle",[]]}
COMMAND: POST /session/10d487a35d26ecdae550fd398aa3214b/execute/async - {"script":"<script> [1562 bytes]","args":[{"selector":{"id":"application-addressmanagement-display-component---detailAdm--attachments"},"wdio_ui5_key":"applicationaddressmanagement-display-component---detailAdm--attachments"}]}
RESULT: {"script":"<script> [1562 bytes]","args":[{"selector":{"id":"application-addressmanagement-display-component---detailAdm--attachments"},"wdio_ui5_key":"applicationaddressmanagement-display-component---detailAdm--attachments"}]}
COMMAND: POST /session/10d487a35d26ecdae550fd398aa3214b/execute/async - {"script":"<script> [6424 bytes]","args":[{"element-6066-11e4-a52e-4f735466cecf":"f.E80AB770F149711F8F1C6D090FB7957E.d.2EE0797CF1CA07C5D6CE8EF7644294B0.e.1736"},"getTitle",[]]}
RESULT: {"script":"<script> [6424 bytes]","args":[{"element-6066-11e4-a52e-4f735466cecf":"f.E80AB770F149711F8F1C6D090FB7957E.d.2EE0797CF1CA07C5D6CE8EF7644294B0.e.1736"},"getTitle",[]]}
COMMAND: POST /session/10d487a35d26ecdae550fd398aa3214b/element - {"using":"css selector","value":"#shell-header-logo"}
RESULT: {"using":"css selector","value":"#shell-header-logo"}
COMMAND: POST /session/10d487a35d26ecdae550fd398aa3214b/element/f.E80AB770F149711F8F1C6D090FB7957E.d.2EE0797CF1CA07C5D6CE8EF7644294B0.e.1431/click - {}
RESULT: {}
COMMAND: GET /session/10d487a35d26ecdae550fd398aa3214b/screenshot - {}
RESULT: {}
COMMAND: DELETE /session/10d487a35d26ecdae550fd398aa3214b - {}
RESULT: {}
]]></system-out>
    </testcase>
  </testsuite>
</testsuites>