<?xml version="1.0" encoding="UTF-8"?>
<testsuites tests="9" failures="0" errors="0" skipped="0">
  <testsuite timestamp="2025-04-24T06:18:21" time="97.101" tests="1" failures="0" errors="0" skipped="0">
    <properties>
      <property name="specId" value="0"/>
      <property name="suiteName" value="Create a new catalogs section"/>
      <property name="capabilities" value="chrome.135_0_7049_42.windows"/>
      <property name="file" value="file:///D:/a/1/s/test/specs/R2C/create-new-webshop-catalog-section.spec.js"/>
    </properties>
    <testcase classname="chrome.135_0_7049_42.windows.Create_a_new_catalogs_section" name="Should navigate to manage catalogs and add a new section on webshop catalog" time="73.64">
      <system-out><![CDATA[
COMMAND: POST /session/1b8ee17f8917d71088df95937dba9838/element - {"using":"xpath","value":"//*[contains(@href, 'etm.portal.ui.managecatalogs')]"}
RESULT: {"using":"xpath","value":"//*[contains(@href, 'etm.portal.ui.managecatalogs')]"}
COMMAND: POST /session/1b8ee17f8917d71088df95937dba9838/element/f.F4CCB891D7E11A19B2BEF9298442D512.d.39CFEEDC553C79AD2B09DFA2A8D2319C.e.117/click - {}
RESULT: {}
COMMAND: GET /session/1b8ee17f8917d71088df95937dba9838/screenshot - {}
RESULT: {}
COMMAND: POST /session/1b8ee17f8917d71088df95937dba9838/execute/async - {"script":"<script> [1562 bytes]","args":[{"selector":{"controlType":"sap.m.Text","viewName":"etm.portal.ui.managecatalogs.view.MasterCatalogs","viewId":"application-managecatalogs-display-component---masterCatalogs","bindingPath":{"path":"/Catalogs('0D7502D073D53A0F1700BE067B89AFF9')","propertyPath":"DESCRIPTION","modelName":"catalogModel"}},"wdio_ui5_key":"etmportal.ui.managecatalogs.view.MasterCatalogssap.m.Text{\"path\":\"/Catalogs('0D7502D073D53A0F1700BE067B89AFF9')\",\"propertyPath\":\"DESCRIPTION\",\"modelName\":\"catalogModel\"}"}]}
RESULT: {"script":"<script> [1562 bytes]","args":[{"selector":{"controlType":"sap.m.Text","viewName":"etm.portal.ui.managecatalogs.view.MasterCatalogs","viewId":"application-managecatalogs-display-component---masterCatalogs","bindingPath":{"path":"/Catalogs('0D7502D073D53A0F1700BE067B89AFF9')","propertyPath":"DESCRIPTION","modelName":"catalogModel"}},"wdio_ui5_key":"etmportal.ui.managecatalogs.view.MasterCatalogssap.m.Text{\"path\":\"/Catalogs('0D7502D073D53A0F1700BE067B89AFF9')\",\"propertyPath\":\"DESCRIPTION\",\"modelName\":\"catalogModel\"}"}]}
RESULT: undefined
COMMAND: POST /session/1b8ee17f8917d71088df95937dba9838/element - {"using":"xpath","value":"//*[@id=\"__text39-application-managecatalogs-display-component---masterCatalogs--CatalogsTable-11\"]"}
RESULT: {"using":"xpath","value":"//*[@id=\"__text39-application-managecatalogs-display-component---masterCatalogs--CatalogsTable-11\"]"}
COMMAND: POST /session/1b8ee17f8917d71088df95937dba9838/element/f.F4CCB891D7E11A19B2BEF9298442D512.d.39CFEEDC553C79AD2B09DFA2A8D2319C.e.146/click - {}
RESULT: {}
COMMAND: POST /session/1b8ee17f8917d71088df95937dba9838/execute/async - {"script":"<script> [1562 bytes]","args":[{"selector":{"controlType":"sap.ui.layout.HorizontalLayout","viewName":"etm.portal.ui.managecatalogs.view.MasterItems","viewId":"application-managecatalogs-display-component---masterCatalogItems","ancestor":{"id":"application-managecatalogs-display-component---masterCatalogItems--idCatalogItemsTree-rows-row0"}},"wdio_ui5_key":"etmportal.ui.managecatalogs.view.MasterItemssap.ui.layout.HorizontalLayout{\"id\":\"application-managecatalogs-display-component---masterCatalogItems--idCatalogItemsTree-rows-row0\"}"}]}
COMMAND: GET /session/1b8ee17f8917d71088df95937dba9838/screenshot - {}
RESULT: {"script":"<script> [1562 bytes]","args":[{"selector":{"controlType":"sap.ui.layout.HorizontalLayout","viewName":"etm.portal.ui.managecatalogs.view.MasterItems","viewId":"application-managecatalogs-display-component---masterCatalogItems","ancestor":{"id":"application-managecatalogs-display-component---masterCatalogItems--idCatalogItemsTree-rows-row0"}},"wdio_ui5_key":"etmportal.ui.managecatalogs.view.MasterItemssap.ui.layout.HorizontalLayout{\"id\":\"application-managecatalogs-display-component---masterCatalogItems--idCatalogItemsTree-rows-row0\"}"}]}
RESULT: undefined
COMMAND: POST /session/1b8ee17f8917d71088df95937dba9838/element - {"using":"xpath","value":"//*[@id=\"__layout3-__clone11\"]"}
RESULT: {}
RESULT: {"using":"xpath","value":"//*[@id=\"__layout3-__clone11\"]"}
COMMAND: POST /session/1b8ee17f8917d71088df95937dba9838/element/f.F4CCB891D7E11A19B2BEF9298442D512.d.39CFEEDC553C79AD2B09DFA2A8D2319C.e.182/click - {}
RESULT: {}
COMMAND: GET /session/1b8ee17f8917d71088df95937dba9838/screenshot - {}
RESULT: {}
COMMAND: POST /session/1b8ee17f8917d71088df95937dba9838/execute/async - {"script":"<script> [1562 bytes]","args":[{"selector":{"controlType":"sap.m.Button","viewName":"etm.portal.ui.managecatalogs.view.Detail","viewId":"application-managecatalogs-display-component---detailCatalog","i18NText":{"propertyName":"text","key":"edit"},"interaction":{"idSuffix":"BDI-content"}},"wdio_ui5_key":"etmportal.ui.managecatalogs.view.Detailsap.m.Button{\"propertyName\":\"text\",\"key\":\"edit\"}"}]}
RESULT: {"script":"<script> [1562 bytes]","args":[{"selector":{"controlType":"sap.m.Button","viewName":"etm.portal.ui.managecatalogs.view.Detail","viewId":"application-managecatalogs-display-component---detailCatalog","i18NText":{"propertyName":"text","key":"edit"},"interaction":{"idSuffix":"BDI-content"}},"wdio_ui5_key":"etmportal.ui.managecatalogs.view.Detailsap.m.Button{\"propertyName\":\"text\",\"key\":\"edit\"}"}]}
RESULT: undefined
COMMAND: POST /session/1b8ee17f8917d71088df95937dba9838/element - {"using":"xpath","value":"//*[@id=\"__button35\"]"}
RESULT: {"using":"xpath","value":"//*[@id=\"__button35\"]"}
COMMAND: POST /session/1b8ee17f8917d71088df95937dba9838/element/f.F4CCB891D7E11A19B2BEF9298442D512.d.39CFEEDC553C79AD2B09DFA2A8D2319C.e.300/click - {}
RESULT: {}
COMMAND: GET /session/1b8ee17f8917d71088df95937dba9838/screenshot - {}
RESULT: {}
COMMAND: POST /session/1b8ee17f8917d71088df95937dba9838/element - {"using":"xpath","value":"//bdi[contains(text(), \"Unlock\")]"}
RESULT: {"using":"xpath","value":"//bdi[contains(text(), \"Unlock\")]"}
COMMAND: POST /session/1b8ee17f8917d71088df95937dba9838/elements - {"using":"xpath","value":"//bdi[contains(text(), \"Unlock\")]"}
RESULT: {"using":"xpath","value":"//bdi[contains(text(), \"Unlock\")]"}
COMMAND: POST /session/1b8ee17f8917d71088df95937dba9838/execute/async - {"script":"<script> [1562 bytes]","args":[{"selector":{"controlType":"sap.ui.core.Icon","viewName":"etm.portal.ui.managecatalogs.view.Detail","viewId":"application-managecatalogs-display-component---detailCatalog","properties":{"src":{"regex":{"source":"add\\-folder"}}}},"wdio_ui5_key":"etmportal.ui.managecatalogs.view.Detailsap.ui.core.Icon{\"src\":{\"regex\":{\"source\":\"add\\\\-folder\"}}}"}]}
RESULT: {"script":"<script> [1562 bytes]","args":[{"selector":{"controlType":"sap.ui.core.Icon","viewName":"etm.portal.ui.managecatalogs.view.Detail","viewId":"application-managecatalogs-display-component---detailCatalog","properties":{"src":{"regex":{"source":"add\\-folder"}}}},"wdio_ui5_key":"etmportal.ui.managecatalogs.view.Detailsap.ui.core.Icon{\"src\":{\"regex\":{\"source\":\"add\\\\-folder\"}}}"}]}
RESULT: undefined
COMMAND: POST /session/1b8ee17f8917d71088df95937dba9838/element - {"using":"xpath","value":"//*[@id=\"__button43-img\"]"}
RESULT: {"using":"xpath","value":"//*[@id=\"__button43-img\"]"}
COMMAND: POST /session/1b8ee17f8917d71088df95937dba9838/element/f.F4CCB891D7E11A19B2BEF9298442D512.d.39CFEEDC553C79AD2B09DFA2A8D2319C.e.316/click - {}
RESULT: {}
COMMAND: GET /session/1b8ee17f8917d71088df95937dba9838/screenshot - {}
RESULT: {}
COMMAND: POST /session/1b8ee17f8917d71088df95937dba9838/execute/async - {"script":"<script> [1562 bytes]","args":[{"selector":{"id":"application-managecatalogs-display-component---detailCatalog--numberInput","searchOpenDialogs":true,"interaction":{"idSuffix":"inner"}},"wdio_ui5_key":"applicationmanagecatalogs-display-component---detailCatalog--numberInput"}]}
RESULT: {"script":"<script> [1562 bytes]","args":[{"selector":{"id":"application-managecatalogs-display-component---detailCatalog--numberInput","searchOpenDialogs":true,"interaction":{"idSuffix":"inner"}},"wdio_ui5_key":"applicationmanagecatalogs-display-component---detailCatalog--numberInput"}]}
RESULT: undefined
COMMAND: POST /session/1b8ee17f8917d71088df95937dba9838/execute/async - {"script":"<script> [776 bytes]","args":[{"enterText":"Sectionlcfqf","selector":{"id":"application-managecatalogs-display-component---detailCatalog--numberInput","searchOpenDialogs":true,"interaction":{"idSuffix":"inner"}},"clearTextFirst":true,"interactionType":"ENTER_TEXT"}]}
RESULT: {"script":"<script> [776 bytes]","args":[{"enterText":"Sectionlcfqf","selector":{"id":"application-managecatalogs-display-component---detailCatalog--numberInput","searchOpenDialogs":true,"interaction":{"idSuffix":"inner"}},"clearTextFirst":true,"interactionType":"ENTER_TEXT"}]}
COMMAND: POST /session/1b8ee17f8917d71088df95937dba9838/element - {"using":"css selector","value":"#application-managecatalogs-display-component---detailCatalog--nameInput-inner"}
RESULT: {"using":"css selector","value":"#application-managecatalogs-display-component---detailCatalog--nameInput-inner"}
COMMAND: POST /session/1b8ee17f8917d71088df95937dba9838/elements - {"using":"css selector","value":"#application-managecatalogs-display-component---detailCatalog--nameInput-inner"}
RESULT: {"using":"css selector","value":"#application-managecatalogs-display-component---detailCatalog--nameInput-inner"}
COMMAND: POST /session/1b8ee17f8917d71088df95937dba9838/element/f.F4CCB891D7E11A19B2BEF9298442D512.d.39CFEEDC553C79AD2B09DFA2A8D2319C.e.320/clear - {}
RESULT: {}
COMMAND: POST /session/1b8ee17f8917d71088df95937dba9838/element/f.F4CCB891D7E11A19B2BEF9298442D512.d.39CFEEDC553C79AD2B09DFA2A8D2319C.e.320/value - {"text":"Webdriver0oao8"}
COMMAND: GET /session/1b8ee17f8917d71088df95937dba9838/screenshot - {}
RESULT: {"text":"Webdriver0oao8"}
COMMAND: POST /session/1b8ee17f8917d71088df95937dba9838/execute/async - {"script":"<script> [1562 bytes]","args":[{"selector":{"controlType":"sap.m.Button","viewName":"etm.portal.ui.managecatalogs.view.Detail","viewId":"application-managecatalogs-display-component---detailCatalog","i18NText":{"propertyName":"text","key":"create"},"searchOpenDialogs":true,"interaction":{"idSuffix":"BDI-content"}},"wdio_ui5_key":"etmportal.ui.managecatalogs.view.Detailsap.m.Button{\"propertyName\":\"text\",\"key\":\"create\"}"}]}
COMMAND: GET /session/1b8ee17f8917d71088df95937dba9838/screenshot - {}
RESULT: {}
RESULT: {"script":"<script> [1562 bytes]","args":[{"selector":{"controlType":"sap.m.Button","viewName":"etm.portal.ui.managecatalogs.view.Detail","viewId":"application-managecatalogs-display-component---detailCatalog","i18NText":{"propertyName":"text","key":"create"},"searchOpenDialogs":true,"interaction":{"idSuffix":"BDI-content"}},"wdio_ui5_key":"etmportal.ui.managecatalogs.view.Detailsap.m.Button{\"propertyName\":\"text\",\"key\":\"create\"}"}]}
RESULT: undefined
COMMAND: POST /session/1b8ee17f8917d71088df95937dba9838/element - {"using":"xpath","value":"//*[@id=\"__button13\"]"}
RESULT: {}
RESULT: {"using":"xpath","value":"//*[@id=\"__button13\"]"}
COMMAND: POST /session/1b8ee17f8917d71088df95937dba9838/element/f.F4CCB891D7E11A19B2BEF9298442D512.d.39CFEEDC553C79AD2B09DFA2A8D2319C.e.326/click - {}
RESULT: {}
COMMAND: GET /session/1b8ee17f8917d71088df95937dba9838/screenshot - {}
RESULT: {}
COMMAND: POST /session/1b8ee17f8917d71088df95937dba9838/element - {"using":"xpath","value":"//button[@title=\"Save\"]"}
RESULT: {"using":"xpath","value":"//button[@title=\"Save\"]"}
COMMAND: POST /session/1b8ee17f8917d71088df95937dba9838/element/f.F4CCB891D7E11A19B2BEF9298442D512.d.39CFEEDC553C79AD2B09DFA2A8D2319C.e.327/click - {}
RESULT: {}
COMMAND: POST /session/1b8ee17f8917d71088df95937dba9838/execute/async - {"script":"<script> [1562 bytes]","args":[{"selector":{"controlType":"sap.ui.core.Icon","viewName":"etm.portal.ui.managecatalogs.view.Detail","viewId":"application-managecatalogs-display-component---detailCatalog","properties":{"src":{"regex":{"source":"decline"}}}},"wdio_ui5_key":"etmportal.ui.managecatalogs.view.Detailsap.ui.core.Icon{\"src\":{\"regex\":{\"source\":\"decline\"}}}"}]}
COMMAND: GET /session/1b8ee17f8917d71088df95937dba9838/screenshot - {}
RESULT: {"script":"<script> [1562 bytes]","args":[{"selector":{"controlType":"sap.ui.core.Icon","viewName":"etm.portal.ui.managecatalogs.view.Detail","viewId":"application-managecatalogs-display-component---detailCatalog","properties":{"src":{"regex":{"source":"decline"}}}},"wdio_ui5_key":"etmportal.ui.managecatalogs.view.Detailsap.ui.core.Icon{\"src\":{\"regex\":{\"source\":\"decline\"}}}"}]}
RESULT: undefined
COMMAND: POST /session/1b8ee17f8917d71088df95937dba9838/element - {"using":"xpath","value":"//*[@id=\"__button38-img\"]"}
RESULT: {}
RESULT: {"using":"xpath","value":"//*[@id=\"__button38-img\"]"}
COMMAND: POST /session/1b8ee17f8917d71088df95937dba9838/element/f.F4CCB891D7E11A19B2BEF9298442D512.d.39CFEEDC553C79AD2B09DFA2A8D2319C.e.333/click - {}
RESULT: {}
COMMAND: GET /session/1b8ee17f8917d71088df95937dba9838/screenshot - {}
RESULT: {}
COMMAND: POST /session/1b8ee17f8917d71088df95937dba9838/execute/async - {"script":"<script> [1562 bytes]","args":[{"selector":{"controlType":"sap.ui.core.Icon","viewName":"etm.portal.ui.managecatalogs.view.MasterItems","viewId":"application-managecatalogs-display-component---masterCatalogItems","properties":{"src":{"regex":{"source":"refresh"}}}},"wdio_ui5_key":"etmportal.ui.managecatalogs.view.MasterItemssap.ui.core.Icon{\"src\":{\"regex\":{\"source\":\"refresh\"}}}"}]}
RESULT: {"script":"<script> [1562 bytes]","args":[{"selector":{"controlType":"sap.ui.core.Icon","viewName":"etm.portal.ui.managecatalogs.view.MasterItems","viewId":"application-managecatalogs-display-component---masterCatalogItems","properties":{"src":{"regex":{"source":"refresh"}}}},"wdio_ui5_key":"etmportal.ui.managecatalogs.view.MasterItemssap.ui.core.Icon{\"src\":{\"regex\":{\"source\":\"refresh\"}}}"}]}
RESULT: undefined
COMMAND: POST /session/1b8ee17f8917d71088df95937dba9838/element - {"using":"xpath","value":"//*[@id=\"__button11-img\"]"}
RESULT: {"using":"xpath","value":"//*[@id=\"__button11-img\"]"}
COMMAND: POST /session/1b8ee17f8917d71088df95937dba9838/element/f.F4CCB891D7E11A19B2BEF9298442D512.d.39CFEEDC553C79AD2B09DFA2A8D2319C.e.366/click - {}
RESULT: {}
COMMAND: POST /session/1b8ee17f8917d71088df95937dba9838/execute/async - {"script":"<script> [1562 bytes]","args":[{"selector":{"id":"application-managecatalogs-display-component---masterCatalogItems--searchItemsField","interaction":{"idSuffix":"I"}},"wdio_ui5_key":"applicationmanagecatalogs-display-component---masterCatalogItems--searchItemsField"}]}
COMMAND: GET /session/1b8ee17f8917d71088df95937dba9838/screenshot - {}
RESULT: {"script":"<script> [1562 bytes]","args":[{"selector":{"id":"application-managecatalogs-display-component---masterCatalogItems--searchItemsField","interaction":{"idSuffix":"I"}},"wdio_ui5_key":"applicationmanagecatalogs-display-component---masterCatalogItems--searchItemsField"}]}
RESULT: undefined
COMMAND: POST /session/1b8ee17f8917d71088df95937dba9838/execute/async - {"script":"<script> [776 bytes]","args":[{"enterText":"Webdriver0oao8","selector":{"id":"application-managecatalogs-display-component---masterCatalogItems--searchItemsField","interaction":{"idSuffix":"I"}},"clearTextFirst":true,"interactionType":"ENTER_TEXT"}]}
RESULT: {}
RESULT: {"script":"<script> [776 bytes]","args":[{"enterText":"Webdriver0oao8","selector":{"id":"application-managecatalogs-display-component---masterCatalogItems--searchItemsField","interaction":{"idSuffix":"I"}},"clearTextFirst":true,"interactionType":"ENTER_TEXT"}]}
COMMAND: POST /session/1b8ee17f8917d71088df95937dba9838/actions - {"actions":[{"id":"action1","type":"key","parameters":{},"actions":[{"type":"keyDown","value":""},{"type":"pause","duration":10},{"type":"keyUp","value":""}]}]}
RESULT: {"actions":[{"id":"action1","type":"key","parameters":{},"actions":[{"type":"keyDown","value":""},{"type":"pause","duration":10},{"type":"keyUp","value":""}]}]}
COMMAND: POST /session/1b8ee17f8917d71088df95937dba9838/element - {"using":"xpath","value":"(//span[contains(text(), \"Webdriver0oao8\")])[1]"}
COMMAND: GET /session/1b8ee17f8917d71088df95937dba9838/screenshot - {}
RESULT: {"using":"xpath","value":"(//span[contains(text(), \"Webdriver0oao8\")])[1]"}
COMMAND: POST /session/1b8ee17f8917d71088df95937dba9838/element/f.F4CCB891D7E11A19B2BEF9298442D512.d.39CFEEDC553C79AD2B09DFA2A8D2319C.e.369/click - {}
RESULT: {}
RESULT: {}
COMMAND: GET /session/1b8ee17f8917d71088df95937dba9838/screenshot - {}
RESULT: {}
RESULT: undefined
COMMAND: POST /session/1b8ee17f8917d71088df95937dba9838/element - {"using":"xpath","value":"//*[@id=\"__button35\"]"}
RESULT: {"using":"xpath","value":"//*[@id=\"__button35\"]"}
COMMAND: POST /session/1b8ee17f8917d71088df95937dba9838/element/f.F4CCB891D7E11A19B2BEF9298442D512.d.39CFEEDC553C79AD2B09DFA2A8D2319C.e.406/click - {}
RESULT: {}
COMMAND: GET /session/1b8ee17f8917d71088df95937dba9838/screenshot - {}
RESULT: {}
RESULT: undefined
COMMAND: POST /session/1b8ee17f8917d71088df95937dba9838/element - {"using":"xpath","value":"//*[@id=\"__button43-img\"]"}
RESULT: {"using":"xpath","value":"//*[@id=\"__button43-img\"]"}
COMMAND: POST /session/1b8ee17f8917d71088df95937dba9838/element/f.F4CCB891D7E11A19B2BEF9298442D512.d.39CFEEDC553C79AD2B09DFA2A8D2319C.e.457/click - {}
RESULT: {}
COMMAND: GET /session/1b8ee17f8917d71088df95937dba9838/screenshot - {}
RESULT: {}
RESULT: undefined
COMMAND: POST /session/1b8ee17f8917d71088df95937dba9838/execute/async - {"script":"<script> [776 bytes]","args":[{"enterText":"SecondSectionannb8","selector":{"id":"application-managecatalogs-display-component---detailCatalog--numberInput","searchOpenDialogs":true,"interaction":{"idSuffix":"inner"}},"clearTextFirst":true,"interactionType":"ENTER_TEXT"}]}
RESULT: {"script":"<script> [776 bytes]","args":[{"enterText":"SecondSectionannb8","selector":{"id":"application-managecatalogs-display-component---detailCatalog--numberInput","searchOpenDialogs":true,"interaction":{"idSuffix":"inner"}},"clearTextFirst":true,"interactionType":"ENTER_TEXT"}]}
COMMAND: POST /session/1b8ee17f8917d71088df95937dba9838/element - {"using":"xpath","value":"//input[contains(@id ,\"application-managecatalogs-display-component---detailCatalog--nameInput-inner\")]"}
RESULT: {"using":"xpath","value":"//input[contains(@id ,\"application-managecatalogs-display-component---detailCatalog--nameInput-inner\")]"}
COMMAND: POST /session/1b8ee17f8917d71088df95937dba9838/elements - {"using":"xpath","value":"//input[contains(@id ,\"application-managecatalogs-display-component---detailCatalog--nameInput-inner\")]"}
RESULT: {"using":"xpath","value":"//input[contains(@id ,\"application-managecatalogs-display-component---detailCatalog--nameInput-inner\")]"}
COMMAND: POST /session/1b8ee17f8917d71088df95937dba9838/element/f.F4CCB891D7E11A19B2BEF9298442D512.d.39CFEEDC553C79AD2B09DFA2A8D2319C.e.461/clear - {}
RESULT: {}
COMMAND: POST /session/1b8ee17f8917d71088df95937dba9838/element/f.F4CCB891D7E11A19B2BEF9298442D512.d.39CFEEDC553C79AD2B09DFA2A8D2319C.e.461/value - {"text":"webdriversecondxg1ck"}
COMMAND: GET /session/1b8ee17f8917d71088df95937dba9838/screenshot - {}
RESULT: {"text":"webdriversecondxg1ck"}
COMMAND: POST /session/1b8ee17f8917d71088df95937dba9838/execute/async - {"script":"<script> [1562 bytes]","args":[{"selector":{"id":"application-managecatalogs-display-component---detailCatalog--nameInput","searchOpenDialogs":true,"interaction":{"idSuffix":"inner"}},"wdio_ui5_key":"applicationmanagecatalogs-display-component---detailCatalog--nameInput"}]}
COMMAND: GET /session/1b8ee17f8917d71088df95937dba9838/screenshot - {}
RESULT: {}
RESULT: {"script":"<script> [1562 bytes]","args":[{"selector":{"id":"application-managecatalogs-display-component---detailCatalog--nameInput","searchOpenDialogs":true,"interaction":{"idSuffix":"inner"}},"wdio_ui5_key":"applicationmanagecatalogs-display-component---detailCatalog--nameInput"}]}
RESULT: undefined
COMMAND: POST /session/1b8ee17f8917d71088df95937dba9838/execute/async - {"script":"<script> [776 bytes]","args":[{"enterText":"webdriversecondxg1ck","selector":{"id":"application-managecatalogs-display-component---detailCatalog--nameInput","searchOpenDialogs":true,"interaction":{"idSuffix":"inner"}},"clearTextFirst":true,"interactionType":"ENTER_TEXT"}]}
RESULT: {}
RESULT: {"script":"<script> [776 bytes]","args":[{"enterText":"webdriversecondxg1ck","selector":{"id":"application-managecatalogs-display-component---detailCatalog--nameInput","searchOpenDialogs":true,"interaction":{"idSuffix":"inner"}},"clearTextFirst":true,"interactionType":"ENTER_TEXT"}]}
RESULT: undefined
COMMAND: POST /session/1b8ee17f8917d71088df95937dba9838/element - {"using":"xpath","value":"//*[@id=\"__button13\"]"}
RESULT: {"using":"xpath","value":"//*[@id=\"__button13\"]"}
COMMAND: POST /session/1b8ee17f8917d71088df95937dba9838/element/f.F4CCB891D7E11A19B2BEF9298442D512.d.39CFEEDC553C79AD2B09DFA2A8D2319C.e.465/click - {}
RESULT: {}
COMMAND: GET /session/1b8ee17f8917d71088df95937dba9838/screenshot - {}
RESULT: {}
COMMAND: POST /session/1b8ee17f8917d71088df95937dba9838/element - {"using":"xpath","value":"//button[@title=\"Save\"]"}
RESULT: {"using":"xpath","value":"//button[@title=\"Save\"]"}
COMMAND: POST /session/1b8ee17f8917d71088df95937dba9838/element/f.F4CCB891D7E11A19B2BEF9298442D512.d.39CFEEDC553C79AD2B09DFA2A8D2319C.e.442/click - {}
RESULT: {}
COMMAND: GET /session/1b8ee17f8917d71088df95937dba9838/screenshot - {}
RESULT: {}
RESULT: undefined
COMMAND: POST /session/1b8ee17f8917d71088df95937dba9838/element - {"using":"xpath","value":"//*[@id=\"__button38-img\"]"}
RESULT: {"using":"xpath","value":"//*[@id=\"__button38-img\"]"}
COMMAND: POST /session/1b8ee17f8917d71088df95937dba9838/element/f.F4CCB891D7E11A19B2BEF9298442D512.d.39CFEEDC553C79AD2B09DFA2A8D2319C.e.413/click - {}
RESULT: {}
COMMAND: GET /session/1b8ee17f8917d71088df95937dba9838/screenshot - {}
RESULT: {}
RESULT: undefined
COMMAND: POST /session/1b8ee17f8917d71088df95937dba9838/element - {"using":"xpath","value":"//*[@id=\"__button11-img\"]"}
RESULT: {"using":"xpath","value":"//*[@id=\"__button11-img\"]"}
COMMAND: POST /session/1b8ee17f8917d71088df95937dba9838/element/f.F4CCB891D7E11A19B2BEF9298442D512.d.39CFEEDC553C79AD2B09DFA2A8D2319C.e.503/click - {}
RESULT: {}
COMMAND: GET /session/1b8ee17f8917d71088df95937dba9838/screenshot - {}
RESULT: {}
RESULT: undefined
COMMAND: POST /session/1b8ee17f8917d71088df95937dba9838/execute/async - {"script":"<script> [776 bytes]","args":[{"enterText":"SecondSectionannb8","selector":{"id":"application-managecatalogs-display-component---masterCatalogItems--searchItemsField","interaction":{"idSuffix":"I"}},"clearTextFirst":true,"interactionType":"ENTER_TEXT"}]}
RESULT: {"script":"<script> [776 bytes]","args":[{"enterText":"SecondSectionannb8","selector":{"id":"application-managecatalogs-display-component---masterCatalogItems--searchItemsField","interaction":{"idSuffix":"I"}},"clearTextFirst":true,"interactionType":"ENTER_TEXT"}]}
COMMAND: POST /session/1b8ee17f8917d71088df95937dba9838/actions - {"actions":[{"id":"action2","type":"key","parameters":{},"actions":[{"type":"keyDown","value":""},{"type":"pause","duration":10},{"type":"keyUp","value":""}]}]}
RESULT: {"actions":[{"id":"action2","type":"key","parameters":{},"actions":[{"type":"keyDown","value":""},{"type":"pause","duration":10},{"type":"keyUp","value":""}]}]}
COMMAND: POST /session/1b8ee17f8917d71088df95937dba9838/element - {"using":"xpath","value":"(//span[contains(text(), \"SecondSectionannb8\")])[1]"}
COMMAND: GET /session/1b8ee17f8917d71088df95937dba9838/screenshot - {}
RESULT: {"using":"xpath","value":"(//span[contains(text(), \"SecondSectionannb8\")])[1]"}
COMMAND: POST /session/1b8ee17f8917d71088df95937dba9838/element/f.F4CCB891D7E11A19B2BEF9298442D512.d.39CFEEDC553C79AD2B09DFA2A8D2319C.e.506/click - {}
RESULT: {}
RESULT: {}
COMMAND: POST /session/1b8ee17f8917d71088df95937dba9838/element - {"using":"xpath","value":"(//span[contains(text(), \"SecondSectionannb8\")])[1]"}
COMMAND: GET /session/1b8ee17f8917d71088df95937dba9838/screenshot - {}
RESULT: {"using":"xpath","value":"(//span[contains(text(), \"SecondSectionannb8\")])[1]"}
COMMAND: GET /session/1b8ee17f8917d71088df95937dba9838/element/f.F4CCB891D7E11A19B2BEF9298442D512.d.39CFEEDC553C79AD2B09DFA2A8D2319C.e.506/text - {}
RESULT: {}
COMMAND: POST /session/1b8ee17f8917d71088df95937dba9838/element - {"using":"xpath","value":"(//span[contains(text(), \"SecondSectionannb8\")])[1]"}
RESULT: {"using":"xpath","value":"(//span[contains(text(), \"SecondSectionannb8\")])[1]"}
COMMAND: GET /session/1b8ee17f8917d71088df95937dba9838/element/f.F4CCB891D7E11A19B2BEF9298442D512.d.39CFEEDC553C79AD2B09DFA2A8D2319C.e.506/text - {}
COMMAND: POST /session/1b8ee17f8917d71088df95937dba9838/element - {"using":"xpath","value":"(//span[contains(text(), \"SecondSectionannb8\")])[1]"}
RESULT: {"using":"xpath","value":"(//span[contains(text(), \"SecondSectionannb8\")])[1]"}
COMMAND: GET /session/1b8ee17f8917d71088df95937dba9838/element/f.F4CCB891D7E11A19B2BEF9298442D512.d.39CFEEDC553C79AD2B09DFA2A8D2319C.e.559/text - {}
RESULT: {}
COMMAND: POST /session/1b8ee17f8917d71088df95937dba9838/element - {"using":"css selector","value":"#shell-header-logo"}
RESULT: {"using":"css selector","value":"#shell-header-logo"}
COMMAND: POST /session/1b8ee17f8917d71088df95937dba9838/element/f.F4CCB891D7E11A19B2BEF9298442D512.d.39CFEEDC553C79AD2B09DFA2A8D2319C.e.120/click - {}
RESULT: {}
COMMAND: GET /session/1b8ee17f8917d71088df95937dba9838/screenshot - {}
RESULT: {}
COMMAND: POST /session/1b8ee17f8917d71088df95937dba9838/execute/async - {"script":"<script> [1562 bytes]","args":[{"selector":{"controlType":"sap.m.GenericTile","properties":{"header":"Manage Classifications"}},"wdio_ui5_key":"sapm.GenericTile{\"header\":\"Manage Classifications\"}"}]}
RESULT: {"script":"<script> [1562 bytes]","args":[{"selector":{"controlType":"sap.m.GenericTile","properties":{"header":"Manage Classifications"}},"wdio_ui5_key":"sapm.GenericTile{\"header\":\"Manage Classifications\"}"}]}
RESULT: undefined
COMMAND: POST /session/1b8ee17f8917d71088df95937dba9838/element - {"using":"xpath","value":"//*[@id=\"__tile115\"]"}
RESULT: {"using":"xpath","value":"//*[@id=\"__tile115\"]"}
COMMAND: POST /session/1b8ee17f8917d71088df95937dba9838/element/f.F4CCB891D7E11A19B2BEF9298442D512.d.39CFEEDC553C79AD2B09DFA2A8D2319C.e.564/click - {}
RESULT: {}
COMMAND: GET /session/1b8ee17f8917d71088df95937dba9838/screenshot - {}
RESULT: {}
]]></system-out>
    </testcase>
  </testsuite>
  <testsuite timestamp="2025-04-24T06:19:58" time="253.802" tests="3" failures="0" errors="0" skipped="0">
    <properties>
      <property name="specId" value="0"/>
      <property name="suiteName" value="Manage catalogs - yard assignment classification US138930"/>
      <property name="capabilities" value="chrome.135_0_7049_42.windows"/>
      <property name="file" value="file:///D:/a/1/s/test/specs/R2C/manage-catalogs-yard-assignment-classification.spec.js"/>
    </properties>
    <testcase classname="chrome.135_0_7049_42.windows.Manage_catalogs_-_yard_assignment_classification_US138930" name="Should create a new classification of type yard assignment" time="35.759">
      <system-out><![CDATA[
COMMAND: POST /session/1b8ee17f8917d71088df95937dba9838/execute/async - {"script":"<script> [1562 bytes]","args":[{"selector":{"controlType":"sap.ui.core.Icon","viewName":"etm.portal.ui.manageclassifications.view.Master","viewId":"application-manageclassifications-display-component---classificationMaster","properties":{"src":{"regex":{"source":"add"}}}},"wdio_ui5_key":"etmportal.ui.manageclassifications.view.Mastersap.ui.core.Icon{\"src\":{\"regex\":{\"source\":\"add\"}}}"}]}
RESULT: {"script":"<script> [1562 bytes]","args":[{"selector":{"controlType":"sap.ui.core.Icon","viewName":"etm.portal.ui.manageclassifications.view.Master","viewId":"application-manageclassifications-display-component---classificationMaster","properties":{"src":{"regex":{"source":"add"}}}},"wdio_ui5_key":"etmportal.ui.manageclassifications.view.Mastersap.ui.core.Icon{\"src\":{\"regex\":{\"source\":\"add\"}}}"}]}
RESULT: undefined
COMMAND: POST /session/1b8ee17f8917d71088df95937dba9838/element - {"using":"xpath","value":"//*[@id=\"__button77-img\"]"}
RESULT: {"using":"xpath","value":"//*[@id=\"__button77-img\"]"}
COMMAND: POST /session/1b8ee17f8917d71088df95937dba9838/element/f.F4CCB891D7E11A19B2BEF9298442D512.d.39CFEEDC553C79AD2B09DFA2A8D2319C.e.603/click - {}
RESULT: {}
COMMAND: POST /session/1b8ee17f8917d71088df95937dba9838/execute/async - {"script":"<script> [1562 bytes]","args":[{"selector":{"id":"application-manageclassifications-display-component---classificationCreate--classHeaderName","interaction":{"idSuffix":"inner"}},"wdio_ui5_key":"applicationmanageclassifications-display-component---classificationCreate--classHeaderName"}]}
COMMAND: GET /session/1b8ee17f8917d71088df95937dba9838/screenshot - {}
RESULT: {"script":"<script> [1562 bytes]","args":[{"selector":{"id":"application-manageclassifications-display-component---classificationCreate--classHeaderName","interaction":{"idSuffix":"inner"}},"wdio_ui5_key":"applicationmanageclassifications-display-component---classificationCreate--classHeaderName"}]}
RESULT: undefined
COMMAND: POST /session/1b8ee17f8917d71088df95937dba9838/execute/async - {"script":"<script> [776 bytes]","args":[{"enterText":"WebdriverYardClassklopv","selector":{"id":"application-manageclassifications-display-component---classificationCreate--classHeaderName","interaction":{"idSuffix":"inner"}},"clearTextFirst":true,"interactionType":"ENTER_TEXT"}]}
RESULT: {}
RESULT: {"script":"<script> [776 bytes]","args":[{"enterText":"WebdriverYardClassklopv","selector":{"id":"application-manageclassifications-display-component---classificationCreate--classHeaderName","interaction":{"idSuffix":"inner"}},"clearTextFirst":true,"interactionType":"ENTER_TEXT"}]}
COMMAND: POST /session/1b8ee17f8917d71088df95937dba9838/execute/async - {"script":"<script> [1562 bytes]","args":[{"selector":{"controlType":"sap.ui.core.Icon","viewName":"etm.portal.ui.manageclassifications.view.Create","viewId":"application-manageclassifications-display-component---classificationCreate","properties":{"src":{"regex":{"source":"slim\\-arrow\\-down"}}}},"wdio_ui5_key":"etmportal.ui.manageclassifications.view.Createsap.ui.core.Icon{\"src\":{\"regex\":{\"source\":\"slim\\\\-arrow\\\\-down\"}}}"}]}
RESULT: {"script":"<script> [1562 bytes]","args":[{"selector":{"controlType":"sap.ui.core.Icon","viewName":"etm.portal.ui.manageclassifications.view.Create","viewId":"application-manageclassifications-display-component---classificationCreate","properties":{"src":{"regex":{"source":"slim\\-arrow\\-down"}}}},"wdio_ui5_key":"etmportal.ui.manageclassifications.view.Createsap.ui.core.Icon{\"src\":{\"regex\":{\"source\":\"slim\\\\-arrow\\\\-down\"}}}"}]}
RESULT: undefined
COMMAND: POST /session/1b8ee17f8917d71088df95937dba9838/element - {"using":"xpath","value":"//*[@id=\"__box48-arrow\"]"}
RESULT: {"using":"xpath","value":"//*[@id=\"__box48-arrow\"]"}
COMMAND: POST /session/1b8ee17f8917d71088df95937dba9838/element/f.F4CCB891D7E11A19B2BEF9298442D512.d.39CFEEDC553C79AD2B09DFA2A8D2319C.e.1130/click - {}
RESULT: {}
COMMAND: POST /session/1b8ee17f8917d71088df95937dba9838/execute/async - {"script":"<script> [1562 bytes]","args":[{"selector":{"controlType":"sap.m.StandardListItem","viewName":"etm.portal.ui.manageclassifications.view.Create","viewId":"application-manageclassifications-display-component---classificationCreate","properties":{"title":"Yard assignment"},"searchOpenDialogs":true,"interaction":{"idSuffix":"titleText"}},"wdio_ui5_key":"etmportal.ui.manageclassifications.view.Createsap.m.StandardListItem{\"title\":\"Yard assignment\"}"}]}
COMMAND: GET /session/1b8ee17f8917d71088df95937dba9838/screenshot - {}
RESULT: {"script":"<script> [1562 bytes]","args":[{"selector":{"controlType":"sap.m.StandardListItem","viewName":"etm.portal.ui.manageclassifications.view.Create","viewId":"application-manageclassifications-display-component---classificationCreate","properties":{"title":"Yard assignment"},"searchOpenDialogs":true,"interaction":{"idSuffix":"titleText"}},"wdio_ui5_key":"etmportal.ui.manageclassifications.view.Createsap.m.StandardListItem{\"title\":\"Yard assignment\"}"}]}
RESULT: undefined
COMMAND: POST /session/1b8ee17f8917d71088df95937dba9838/element - {"using":"xpath","value":"//*[@id=\"__item281\"]"}
RESULT: {}
RESULT: {"using":"xpath","value":"//*[@id=\"__item281\"]"}
COMMAND: POST /session/1b8ee17f8917d71088df95937dba9838/element/f.F4CCB891D7E11A19B2BEF9298442D512.d.39CFEEDC553C79AD2B09DFA2A8D2319C.e.1172/click - {}
RESULT: {}
COMMAND: POST /session/1b8ee17f8917d71088df95937dba9838/execute/async - {"script":"<script> [1562 bytes]","args":[{"selector":{"controlType":"sap.ui.core.Icon","viewName":"etm.portal.ui.manageclassifications.view.Create","viewId":"application-manageclassifications-display-component---classificationCreate","properties":{"src":{"regex":{"source":"add"}}}},"wdio_ui5_key":"etmportal.ui.manageclassifications.view.Createsap.ui.core.Icon{\"src\":{\"regex\":{\"source\":\"add\"}}}"}]}
COMMAND: GET /session/1b8ee17f8917d71088df95937dba9838/screenshot - {}
RESULT: {"script":"<script> [1562 bytes]","args":[{"selector":{"controlType":"sap.ui.core.Icon","viewName":"etm.portal.ui.manageclassifications.view.Create","viewId":"application-manageclassifications-display-component---classificationCreate","properties":{"src":{"regex":{"source":"add"}}}},"wdio_ui5_key":"etmportal.ui.manageclassifications.view.Createsap.ui.core.Icon{\"src\":{\"regex\":{\"source\":\"add\"}}}"}]}
RESULT: undefined
COMMAND: POST /session/1b8ee17f8917d71088df95937dba9838/element - {"using":"xpath","value":"//*[@id=\"__button82-img\"]"}
RESULT: {}
RESULT: {"using":"xpath","value":"//*[@id=\"__button82-img\"]"}
COMMAND: POST /session/1b8ee17f8917d71088df95937dba9838/element/f.F4CCB891D7E11A19B2BEF9298442D512.d.39CFEEDC553C79AD2B09DFA2A8D2319C.e.1133/click - {}
RESULT: {}
COMMAND: POST /session/1b8ee17f8917d71088df95937dba9838/execute/async - {"script":"<script> [1562 bytes]","args":[{"selector":{"controlType":"sap.m.Input","viewName":"etm.portal.ui.manageclassifications.view.Create","viewId":"application-manageclassifications-display-component---classificationCreate","bindingPath":{"path":"/0","propertyPath":"PROPERTY","modelName":"newConfigModel"},"interaction":{"idSuffix":"inner"}},"wdio_ui5_key":"etmportal.ui.manageclassifications.view.Createsap.m.Input{\"path\":\"/0\",\"propertyPath\":\"PROPERTY\",\"modelName\":\"newConfigModel\"}"}]}
COMMAND: GET /session/1b8ee17f8917d71088df95937dba9838/screenshot - {}
RESULT: {"script":"<script> [1562 bytes]","args":[{"selector":{"controlType":"sap.m.Input","viewName":"etm.portal.ui.manageclassifications.view.Create","viewId":"application-manageclassifications-display-component---classificationCreate","bindingPath":{"path":"/0","propertyPath":"PROPERTY","modelName":"newConfigModel"},"interaction":{"idSuffix":"inner"}},"wdio_ui5_key":"etmportal.ui.manageclassifications.view.Createsap.m.Input{\"path\":\"/0\",\"propertyPath\":\"PROPERTY\",\"modelName\":\"newConfigModel\"}"}]}
RESULT: undefined
COMMAND: POST /session/1b8ee17f8917d71088df95937dba9838/execute/async - {"script":"<script> [776 bytes]","args":[{"enterText":"101","selector":{"controlType":"sap.m.Input","viewName":"etm.portal.ui.manageclassifications.view.Create","viewId":"application-manageclassifications-display-component---classificationCreate","bindingPath":{"path":"/0","propertyPath":"PROPERTY","modelName":"newConfigModel"},"interaction":{"idSuffix":"inner"}},"clearTextFirst":true,"interactionType":"ENTER_TEXT"}]}
RESULT: {}
RESULT: {"script":"<script> [776 bytes]","args":[{"enterText":"101","selector":{"controlType":"sap.m.Input","viewName":"etm.portal.ui.manageclassifications.view.Create","viewId":"application-manageclassifications-display-component---classificationCreate","bindingPath":{"path":"/0","propertyPath":"PROPERTY","modelName":"newConfigModel"},"interaction":{"idSuffix":"inner"}},"clearTextFirst":true,"interactionType":"ENTER_TEXT"}]}
COMMAND: POST /session/1b8ee17f8917d71088df95937dba9838/execute/async - {"script":"<script> [1562 bytes]","args":[{"selector":{"controlType":"sap.m.Input","viewName":"etm.portal.ui.manageclassifications.view.Create","viewId":"application-manageclassifications-display-component---classificationCreate","bindingPath":{"path":"/0","propertyPath":"DESCRIPTION","modelName":"newConfigModel"},"interaction":{"idSuffix":"inner"}},"wdio_ui5_key":"etmportal.ui.manageclassifications.view.Createsap.m.Input{\"path\":\"/0\",\"propertyPath\":\"DESCRIPTION\",\"modelName\":\"newConfigModel\"}"}]}
RESULT: {"script":"<script> [1562 bytes]","args":[{"selector":{"controlType":"sap.m.Input","viewName":"etm.portal.ui.manageclassifications.view.Create","viewId":"application-manageclassifications-display-component---classificationCreate","bindingPath":{"path":"/0","propertyPath":"DESCRIPTION","modelName":"newConfigModel"},"interaction":{"idSuffix":"inner"}},"wdio_ui5_key":"etmportal.ui.manageclassifications.view.Createsap.m.Input{\"path\":\"/0\",\"propertyPath\":\"DESCRIPTION\",\"modelName\":\"newConfigModel\"}"}]}
RESULT: undefined
COMMAND: POST /session/1b8ee17f8917d71088df95937dba9838/execute/async - {"script":"<script> [776 bytes]","args":[{"enterText":"yard1","selector":{"controlType":"sap.m.Input","viewName":"etm.portal.ui.manageclassifications.view.Create","viewId":"application-manageclassifications-display-component---classificationCreate","bindingPath":{"path":"/0","propertyPath":"DESCRIPTION","modelName":"newConfigModel"},"interaction":{"idSuffix":"inner"}},"clearTextFirst":true,"interactionType":"ENTER_TEXT"}]}
RESULT: {"script":"<script> [776 bytes]","args":[{"enterText":"yard1","selector":{"controlType":"sap.m.Input","viewName":"etm.portal.ui.manageclassifications.view.Create","viewId":"application-manageclassifications-display-component---classificationCreate","bindingPath":{"path":"/0","propertyPath":"DESCRIPTION","modelName":"newConfigModel"},"interaction":{"idSuffix":"inner"}},"clearTextFirst":true,"interactionType":"ENTER_TEXT"}]}
COMMAND: POST /session/1b8ee17f8917d71088df95937dba9838/execute/async - {"script":"<script> [1562 bytes]","args":[{"selector":{"controlType":"sap.ui.core.Icon","viewName":"etm.portal.ui.manageclassifications.view.Create","viewId":"application-manageclassifications-display-component---classificationCreate","properties":{"src":{"regex":{"source":"slim\\-arrow\\-down"}}},"ancestor":{"controlType":"sap.m.ComboBox","viewName":"etm.portal.ui.manageclassifications.view.Create","viewId":"application-manageclassifications-display-component---classificationCreate","bindingPath":{"path":"/0","propertyPath":"VALUE_TYPE","modelName":"newConfigModel"}}},"wdio_ui5_key":"etmportal.ui.manageclassifications.view.Createsap.ui.core.Icon{\"src\":{\"regex\":{\"source\":\"slim\\\\-arrow\\\\-down\"}}}{\"controlType\":\"sap.m.ComboBox\",\"viewName\":\"etm.portal.ui.manageclassifications.view.Create\",\"viewId\":\"application-manageclassifications-display-component---classificationCreate\",\"bindingPath\":{\"path\":\"/0\",\"propertyPath\":\"VALUE_TYPE\",\"modelName\":\"newConfigModel\"}}"}]}
RESULT: {"script":"<script> [1562 bytes]","args":[{"selector":{"controlType":"sap.ui.core.Icon","viewName":"etm.portal.ui.manageclassifications.view.Create","viewId":"application-manageclassifications-display-component---classificationCreate","properties":{"src":{"regex":{"source":"slim\\-arrow\\-down"}}},"ancestor":{"controlType":"sap.m.ComboBox","viewName":"etm.portal.ui.manageclassifications.view.Create","viewId":"application-manageclassifications-display-component---classificationCreate","bindingPath":{"path":"/0","propertyPath":"VALUE_TYPE","modelName":"newConfigModel"}}},"wdio_ui5_key":"etmportal.ui.manageclassifications.view.Createsap.ui.core.Icon{\"src\":{\"regex\":{\"source\":\"slim\\\\-arrow\\\\-down\"}}}{\"controlType\":\"sap.m.ComboBox\",\"viewName\":\"etm.portal.ui.manageclassifications.view.Create\",\"viewId\":\"application-manageclassifications-display-component---classificationCreate\",\"bindingPath\":{\"path\":\"/0\",\"propertyPath\":\"VALUE_TYPE\",\"modelName\":\"newConfigModel\"}}"}]}
RESULT: undefined
COMMAND: POST /session/1b8ee17f8917d71088df95937dba9838/element - {"using":"xpath","value":"//*[@id=\"__box49-application-manageclassifications-display-component---classificationCreate--configurationList-0-arrow\"]"}
RESULT: {"using":"xpath","value":"//*[@id=\"__box49-application-manageclassifications-display-component---classificationCreate--configurationList-0-arrow\"]"}
COMMAND: POST /session/1b8ee17f8917d71088df95937dba9838/element/f.F4CCB891D7E11A19B2BEF9298442D512.d.39CFEEDC553C79AD2B09DFA2A8D2319C.e.1181/click - {}
RESULT: {}
COMMAND: POST /session/1b8ee17f8917d71088df95937dba9838/execute/async - {"script":"<script> [1562 bytes]","args":[{"selector":{"controlType":"sap.m.StandardListItem","viewName":"etm.portal.ui.manageclassifications.view.Create","viewId":"application-manageclassifications-display-component---classificationCreate","properties":{"title":"Boolean"},"searchOpenDialogs":true,"interaction":{"idSuffix":"content"}},"wdio_ui5_key":"etmportal.ui.manageclassifications.view.Createsap.m.StandardListItem{\"title\":\"Boolean\"}"}]}
COMMAND: GET /session/1b8ee17f8917d71088df95937dba9838/screenshot - {}
RESULT: {"script":"<script> [1562 bytes]","args":[{"selector":{"controlType":"sap.m.StandardListItem","viewName":"etm.portal.ui.manageclassifications.view.Create","viewId":"application-manageclassifications-display-component---classificationCreate","properties":{"title":"Boolean"},"searchOpenDialogs":true,"interaction":{"idSuffix":"content"}},"wdio_ui5_key":"etmportal.ui.manageclassifications.view.Createsap.m.StandardListItem{\"title\":\"Boolean\"}"}]}
RESULT: undefined
COMMAND: POST /session/1b8ee17f8917d71088df95937dba9838/element - {"using":"xpath","value":"//*[@id=\"__item284\"]"}
RESULT: {}
RESULT: {"using":"xpath","value":"//*[@id=\"__item284\"]"}
COMMAND: POST /session/1b8ee17f8917d71088df95937dba9838/element/f.F4CCB891D7E11A19B2BEF9298442D512.d.39CFEEDC553C79AD2B09DFA2A8D2319C.e.1183/click - {}
RESULT: {}
COMMAND: POST /session/1b8ee17f8917d71088df95937dba9838/element - {"using":"xpath","value":"//input[contains(@id ,\"application-manageclassifications-display-component---classificationCreate--classHeaderName-inner\")]"}
COMMAND: GET /session/1b8ee17f8917d71088df95937dba9838/screenshot - {}
RESULT: {"using":"xpath","value":"//input[contains(@id ,\"application-manageclassifications-display-component---classificationCreate--classHeaderName-inner\")]"}
COMMAND: GET /session/1b8ee17f8917d71088df95937dba9838/element/f.F4CCB891D7E11A19B2BEF9298442D512.d.39CFEEDC553C79AD2B09DFA2A8D2319C.e.1080/property/value - {}
RESULT: {}
RESULT: {}
COMMAND: GET /session/1b8ee17f8917d71088df95937dba9838/screenshot - {}
RESULT: {}
COMMAND: POST /session/1b8ee17f8917d71088df95937dba9838/element - {"using":"xpath","value":"//button[@title=\"Save\"]"}
RESULT: {"using":"xpath","value":"//button[@title=\"Save\"]"}
COMMAND: POST /session/1b8ee17f8917d71088df95937dba9838/element/f.F4CCB891D7E11A19B2BEF9298442D512.d.39CFEEDC553C79AD2B09DFA2A8D2319C.e.1140/click - {}
RESULT: {}
COMMAND: GET /session/1b8ee17f8917d71088df95937dba9838/screenshot - {}
RESULT: {}
COMMAND: POST /session/1b8ee17f8917d71088df95937dba9838/execute/async - {"script":"<script> [1562 bytes]","args":[{"selector":{"id":"application-manageclassifications-display-component---classificationMaster--smartFilterBar-btnBasicSearch","interaction":{"idSuffix":"I"}},"wdio_ui5_key":"applicationmanageclassifications-display-component---classificationMaster--smartFilterBar-btnBasicSearch"}]}
RESULT: {"script":"<script> [1562 bytes]","args":[{"selector":{"id":"application-manageclassifications-display-component---classificationMaster--smartFilterBar-btnBasicSearch","interaction":{"idSuffix":"I"}},"wdio_ui5_key":"applicationmanageclassifications-display-component---classificationMaster--smartFilterBar-btnBasicSearch"}]}
RESULT: undefined
COMMAND: POST /session/1b8ee17f8917d71088df95937dba9838/execute/async - {"script":"<script> [776 bytes]","args":[{"enterText":"WebdriverYardClassklopv","selector":{"id":"application-manageclassifications-display-component---classificationMaster--smartFilterBar-btnBasicSearch","interaction":{"idSuffix":"I"}},"clearTextFirst":true,"interactionType":"ENTER_TEXT"}]}
RESULT: {"script":"<script> [776 bytes]","args":[{"enterText":"WebdriverYardClassklopv","selector":{"id":"application-manageclassifications-display-component---classificationMaster--smartFilterBar-btnBasicSearch","interaction":{"idSuffix":"I"}},"clearTextFirst":true,"interactionType":"ENTER_TEXT"}]}
COMMAND: POST /session/1b8ee17f8917d71088df95937dba9838/actions - {"actions":[{"id":"action3","type":"key","parameters":{},"actions":[{"type":"keyDown","value":""},{"type":"pause","duration":10},{"type":"keyUp","value":""}]}]}
RESULT: {"actions":[{"id":"action3","type":"key","parameters":{},"actions":[{"type":"keyDown","value":""},{"type":"pause","duration":10},{"type":"keyUp","value":""}]}]}
COMMAND: POST /session/1b8ee17f8917d71088df95937dba9838/execute/async - {"script":"<script> [1562 bytes]","args":[{"selector":{"id":"application-manageclassifications-display-component---classificationMaster--smartTable-header"},"wdio_ui5_key":"applicationmanageclassifications-display-component---classificationMaster--smartTable-header"}]}
COMMAND: GET /session/1b8ee17f8917d71088df95937dba9838/screenshot - {}
RESULT: {"script":"<script> [1562 bytes]","args":[{"selector":{"id":"application-manageclassifications-display-component---classificationMaster--smartTable-header"},"wdio_ui5_key":"applicationmanageclassifications-display-component---classificationMaster--smartTable-header"}]}
RESULT: undefined
COMMAND: POST /session/1b8ee17f8917d71088df95937dba9838/execute/async - {"script":"<script> [6424 bytes]","args":[{"element-6066-11e4-a52e-4f735466cecf":"f.F4CCB891D7E11A19B2BEF9298442D512.d.39CFEEDC553C79AD2B09DFA2A8D2319C.e.1408"},"getText",[]]}
RESULT: {}
RESULT: {"script":"<script> [6424 bytes]","args":[{"element-6066-11e4-a52e-4f735466cecf":"f.F4CCB891D7E11A19B2BEF9298442D512.d.39CFEEDC553C79AD2B09DFA2A8D2319C.e.1408"},"getText",[]]}
COMMAND: POST /session/1b8ee17f8917d71088df95937dba9838/element - {"using":"css selector","value":"#shell-header-logo"}
RESULT: {"using":"css selector","value":"#shell-header-logo"}
COMMAND: POST /session/1b8ee17f8917d71088df95937dba9838/element/f.F4CCB891D7E11A19B2BEF9298442D512.d.39CFEEDC553C79AD2B09DFA2A8D2319C.e.569/click - {}
RESULT: {}
COMMAND: GET /session/1b8ee17f8917d71088df95937dba9838/screenshot - {}
RESULT: {}
]]></system-out>
    </testcase>
    <testcase classname="chrome.135_0_7049_42.windows.Manage_catalogs_-_yard_assignment_classification_US138930" name="Should add the yard classification to a catalog item" time="120.135">
      <system-out><![CDATA[
COMMAND: POST /session/1b8ee17f8917d71088df95937dba9838/execute/async - {"script":"<script> [1562 bytes]","args":[{"selector":{"controlType":"sap.m.GenericTile","properties":{"header":"Manage Catalogs"}},"wdio_ui5_key":"sapm.GenericTile{\"header\":\"Manage Catalogs\"}"}]}
RESULT: {"script":"<script> [1562 bytes]","args":[{"selector":{"controlType":"sap.m.GenericTile","properties":{"header":"Manage Catalogs"}},"wdio_ui5_key":"sapm.GenericTile{\"header\":\"Manage Catalogs\"}"}]}
RESULT: undefined
COMMAND: POST /session/1b8ee17f8917d71088df95937dba9838/element - {"using":"xpath","value":"//*[@id=\"__tile37\"]"}
RESULT: {"using":"xpath","value":"//*[@id=\"__tile37\"]"}
COMMAND: POST /session/1b8ee17f8917d71088df95937dba9838/element/f.F4CCB891D7E11A19B2BEF9298442D512.d.39CFEEDC553C79AD2B09DFA2A8D2319C.e.117/click - {}
RESULT: {}
COMMAND: GET /session/1b8ee17f8917d71088df95937dba9838/screenshot - {}
RESULT: {}
COMMAND: POST /session/1b8ee17f8917d71088df95937dba9838/refresh - {}
RESULT: {}
COMMAND: GET /session/1b8ee17f8917d71088df95937dba9838/screenshot - {}
RESULT: {}
COMMAND: POST /session/1b8ee17f8917d71088df95937dba9838/execute/async - {"script":"<script> [189 bytes]","args":[]}
RESULT: {"script":"<script> [189 bytes]","args":[]}
COMMAND: POST /session/1b8ee17f8917d71088df95937dba9838/execute/async - {"script":"<script> [123 bytes]","args":[]}
RESULT: {"script":"<script> [123 bytes]","args":[]}
COMMAND: POST /session/1b8ee17f8917d71088df95937dba9838/timeouts - {"script":"<number>"}
RESULT: {"script":"<number>"}
COMMAND: GET /session/1b8ee17f8917d71088df95937dba9838/timeouts - {}
RESULT: {}
RESULT: undefined
COMMAND: POST /session/1b8ee17f8917d71088df95937dba9838/execute/async - {"script":"<script> [2676 bytes]","args":[]}
RESULT: {"script":"<script> [2676 bytes]","args":[]}
COMMAND: POST /session/1b8ee17f8917d71088df95937dba9838/execute/async - {"script":"<script> [2342 bytes]","args":[{"protocol":"http","hostname":"0.0.0.0","path":"/","capabilities":{"browserName":"chrome","goog:chromeOptions":{"binary":"C:\\Program Files\\Google\\Chrome\\Application\\chrome.exe","args":["--start-maximized"]}},"logLevel":"warn","connectionRetryTimeout":120000,"connectionRetryCount":3,"logLevels":{},"enableDirectConnect":true,"strictSSL":true,"_":"65 more keys: [\"cacheDir\",\"port\",\"requestedCapabilities\",\"automationProtocol\",\"baseUrl\",\"waitforInterval\",\"waitforTimeout\",\"onReload\",\"beforeCommand\",\"afterCommand\",\"rootDir\",\"specs\",\"suites\",\"exclude\",\"groupLogsByTestSpec\",\"excludeDriverLogs\",\"bail\",\"framework\",\"reporters\",\"services\",\"maxInstances\",\"maxInstancesPerCapability\",\"injectGlobals\",\"filesToWatch\",\"execArgv\",\"runnerEnv\",\"runner\",\"shard\",\"specFileRetries\",\"specFileRetriesDelay\",\"specFileRetriesDeferred\",\"reporterSyncInterval\",\"reporterSyncTimeout\",\"cucumberFeaturesWithLineNumbers\",\"autoCompileOpts\",\"mochaOpts\",\"jasmineOpts\",\"cucumberOpts\",\"onPrepare\",\"onWorkerStart\",\"onWorkerEnd\",\"before\",\"beforeSession\",\"beforeSuite\",\"beforeHook\",\"beforeTest\",\"afterTest\",\"afterHook\",\"afterSuite\",\"afterSession\",\"after\",\"onComplete\",\"beforeAssertion\",\"afterAssertion\",\"beforeFeature\",\"beforeScenario\",\"beforeStep\",\"afterStep\",\"afterScenario\",\"afterFeature\",\"_\",\"suite\",\"$0\",\"ignoredWorkerServices\",\"wdi5\"]"}]}
RESULT: {"script":"<script> [2342 bytes]","args":[{"protocol":"http","hostname":"0.0.0.0","path":"/","capabilities":{"browserName":"chrome","goog:chromeOptions":{"binary":"C:\\Program Files\\Google\\Chrome\\Application\\chrome.exe","args":["--start-maximized"]}},"logLevel":"warn","connectionRetryTimeout":120000,"connectionRetryCount":3,"logLevels":{},"enableDirectConnect":true,"strictSSL":true,"_":"65 more keys: [\"cacheDir\",\"port\",\"requestedCapabilities\",\"automationProtocol\",\"baseUrl\",\"waitforInterval\",\"waitforTimeout\",\"onReload\",\"beforeCommand\",\"afterCommand\",\"rootDir\",\"specs\",\"suites\",\"exclude\",\"groupLogsByTestSpec\",\"excludeDriverLogs\",\"bail\",\"framework\",\"reporters\",\"services\",\"maxInstances\",\"maxInstancesPerCapability\",\"injectGlobals\",\"filesToWatch\",\"execArgv\",\"runnerEnv\",\"runner\",\"shard\",\"specFileRetries\",\"specFileRetriesDelay\",\"specFileRetriesDeferred\",\"reporterSyncInterval\",\"reporterSyncTimeout\",\"cucumberFeaturesWithLineNumbers\",\"autoCompileOpts\",\"mochaOpts\",\"jasmineOpts\",\"cucumberOpts\",\"onPrepare\",\"onWorkerStart\",\"onWorkerEnd\",\"before\",\"beforeSession\",\"beforeSuite\",\"beforeHook\",\"beforeTest\",\"afterTest\",\"afterHook\",\"afterSuite\",\"afterSession\",\"after\",\"onComplete\",\"beforeAssertion\",\"afterAssertion\",\"beforeFeature\",\"beforeScenario\",\"beforeStep\",\"afterStep\",\"afterScenario\",\"afterFeature\",\"_\",\"suite\",\"$0\",\"ignoredWorkerServices\",\"wdi5\"]"}]}
COMMAND: POST /session/1b8ee17f8917d71088df95937dba9838/execute/async - {"script":"<script> [21126 bytes]","args":[35000]}
RESULT: {"script":"<script> [21126 bytes]","args":[35000]}
COMMAND: POST /session/1b8ee17f8917d71088df95937dba9838/element - {"using":"xpath","value":"//span[contains(text(), \"Webshop Catalog\")][contains(@id ,\"masterCatalogs\")]"}
RESULT: {"using":"xpath","value":"//span[contains(text(), \"Webshop Catalog\")][contains(@id ,\"masterCatalogs\")]"}
COMMAND: POST /session/1b8ee17f8917d71088df95937dba9838/element/f.F4CCB891D7E11A19B2BEF9298442D512.d.2FBA7C7C482A49E73B5C7FFCA18CD9BE.e.1512/click - {}
RESULT: {}
COMMAND: GET /session/1b8ee17f8917d71088df95937dba9838/screenshot - {}
RESULT: {}
COMMAND: POST /session/1b8ee17f8917d71088df95937dba9838/element - {"using":"xpath","value":"//input[contains(@id ,\"application-managecatalogs-display-component---masterCatalogItems--searchItemsField-I\")]"}
RESULT: {"using":"xpath","value":"//input[contains(@id ,\"application-managecatalogs-display-component---masterCatalogItems--searchItemsField-I\")]"}
COMMAND: POST /session/1b8ee17f8917d71088df95937dba9838/element/f.F4CCB891D7E11A19B2BEF9298442D512.d.2FBA7C7C482A49E73B5C7FFCA18CD9BE.e.1521/value - {"text":"SecondSectionannb8"}
RESULT: {"text":"SecondSectionannb8"}
COMMAND: POST /session/1b8ee17f8917d71088df95937dba9838/actions - {"actions":[{"id":"action4","type":"key","parameters":{},"actions":[{"type":"keyDown","value":""},{"type":"pause","duration":10},{"type":"keyUp","value":""}]}]}
COMMAND: GET /session/1b8ee17f8917d71088df95937dba9838/screenshot - {}
RESULT: {"actions":[{"id":"action4","type":"key","parameters":{},"actions":[{"type":"keyDown","value":""},{"type":"pause","duration":10},{"type":"keyUp","value":""}]}]}
COMMAND: GET /session/1b8ee17f8917d71088df95937dba9838/screenshot - {}
RESULT: {}
RESULT: {}
COMMAND: POST /session/1b8ee17f8917d71088df95937dba9838/element - {"using":"xpath","value":"(//span[contains(text(), \"SecondSectionannb8\")])[1]"}
RESULT: {"using":"xpath","value":"(//span[contains(text(), \"SecondSectionannb8\")])[1]"}
COMMAND: POST /session/1b8ee17f8917d71088df95937dba9838/element/f.F4CCB891D7E11A19B2BEF9298442D512.d.2FBA7C7C482A49E73B5C7FFCA18CD9BE.e.1549/click - {}
RESULT: {}
COMMAND: POST /session/1b8ee17f8917d71088df95937dba9838/execute/async - {"script":"<script> [1562 bytes]","args":[{"selector":{"controlType":"sap.m.Button","viewName":"etm.portal.ui.managecatalogs.view.Detail","viewId":"application-managecatalogs-display-component---detailCatalog","i18NText":{"propertyName":"text","key":"edit"},"interaction":{"idSuffix":"BDI-content"}},"wdio_ui5_key":"etmportal.ui.managecatalogs.view.Detailsap.m.Button{\"propertyName\":\"text\",\"key\":\"edit\"}"}]}
COMMAND: GET /session/1b8ee17f8917d71088df95937dba9838/screenshot - {}
RESULT: {"script":"<script> [1562 bytes]","args":[{"selector":{"controlType":"sap.m.Button","viewName":"etm.portal.ui.managecatalogs.view.Detail","viewId":"application-managecatalogs-display-component---detailCatalog","i18NText":{"propertyName":"text","key":"edit"},"interaction":{"idSuffix":"BDI-content"}},"wdio_ui5_key":"etmportal.ui.managecatalogs.view.Detailsap.m.Button{\"propertyName\":\"text\",\"key\":\"edit\"}"}]}
RESULT: undefined
COMMAND: POST /session/1b8ee17f8917d71088df95937dba9838/element - {"using":"xpath","value":"//*[@id=\"__button33\"]"}
RESULT: {}
RESULT: {"using":"xpath","value":"//*[@id=\"__button33\"]"}
COMMAND: POST /session/1b8ee17f8917d71088df95937dba9838/element/f.F4CCB891D7E11A19B2BEF9298442D512.d.2FBA7C7C482A49E73B5C7FFCA18CD9BE.e.1617/click - {}
RESULT: {}
COMMAND: POST /session/1b8ee17f8917d71088df95937dba9838/execute/async - {"script":"<script> [1562 bytes]","args":[{"selector":{"controlType":"sap.ui.core.Icon","viewName":"etm.portal.ui.managecatalogs.view.Detail","viewId":"application-managecatalogs-display-component---detailCatalog","properties":{"src":{"regex":{"source":"add\\-document"}}}},"wdio_ui5_key":"etmportal.ui.managecatalogs.view.Detailsap.ui.core.Icon{\"src\":{\"regex\":{\"source\":\"add\\\\-document\"}}}"}]}
COMMAND: GET /session/1b8ee17f8917d71088df95937dba9838/screenshot - {}
RESULT: {"script":"<script> [1562 bytes]","args":[{"selector":{"controlType":"sap.ui.core.Icon","viewName":"etm.portal.ui.managecatalogs.view.Detail","viewId":"application-managecatalogs-display-component---detailCatalog","properties":{"src":{"regex":{"source":"add\\-document"}}}},"wdio_ui5_key":"etmportal.ui.managecatalogs.view.Detailsap.ui.core.Icon{\"src\":{\"regex\":{\"source\":\"add\\\\-document\"}}}"}]}
RESULT: undefined
COMMAND: POST /session/1b8ee17f8917d71088df95937dba9838/element - {"using":"xpath","value":"//*[@id=\"__button42-img\"]"}
RESULT: {}
RESULT: {"using":"xpath","value":"//*[@id=\"__button42-img\"]"}
COMMAND: POST /session/1b8ee17f8917d71088df95937dba9838/element/f.F4CCB891D7E11A19B2BEF9298442D512.d.2FBA7C7C482A49E73B5C7FFCA18CD9BE.e.1624/click - {}
RESULT: {}
COMMAND: POST /session/1b8ee17f8917d71088df95937dba9838/execute/async - {"script":"<script> [1562 bytes]","args":[{"selector":{"id":"application-managecatalogs-display-component---detailCatalog--newItemNumberInput","searchOpenDialogs":true,"interaction":{"idSuffix":"inner"}},"wdio_ui5_key":"applicationmanagecatalogs-display-component---detailCatalog--newItemNumberInput"}]}
COMMAND: GET /session/1b8ee17f8917d71088df95937dba9838/screenshot - {}
RESULT: {"script":"<script> [1562 bytes]","args":[{"selector":{"id":"application-managecatalogs-display-component---detailCatalog--newItemNumberInput","searchOpenDialogs":true,"interaction":{"idSuffix":"inner"}},"wdio_ui5_key":"applicationmanagecatalogs-display-component---detailCatalog--newItemNumberInput"}]}
RESULT: undefined
COMMAND: POST /session/1b8ee17f8917d71088df95937dba9838/execute/async - {"script":"<script> [776 bytes]","args":[{"enterText":"catalogItemgaufw","selector":{"id":"application-managecatalogs-display-component---detailCatalog--newItemNumberInput","searchOpenDialogs":true,"interaction":{"idSuffix":"inner"}},"clearTextFirst":true,"interactionType":"ENTER_TEXT"}]}
RESULT: {}
RESULT: {"script":"<script> [776 bytes]","args":[{"enterText":"catalogItemgaufw","selector":{"id":"application-managecatalogs-display-component---detailCatalog--newItemNumberInput","searchOpenDialogs":true,"interaction":{"idSuffix":"inner"}},"clearTextFirst":true,"interactionType":"ENTER_TEXT"}]}
COMMAND: POST /session/1b8ee17f8917d71088df95937dba9838/execute/async - {"script":"<script> [1562 bytes]","args":[{"selector":{"controlType":"sap.m.Input","viewName":"etm.portal.ui.managecatalogs.view.Detail","viewId":"application-managecatalogs-display-component---detailCatalog","bindingPath":{"path":"","propertyPath":"/DESCRIPTION"},"searchOpenDialogs":true,"interaction":{"idSuffix":"inner"}},"wdio_ui5_key":"etmportal.ui.managecatalogs.view.Detailsap.m.Input{\"path\":\"\",\"propertyPath\":\"/DESCRIPTION\"}"}]}
RESULT: {"script":"<script> [1562 bytes]","args":[{"selector":{"controlType":"sap.m.Input","viewName":"etm.portal.ui.managecatalogs.view.Detail","viewId":"application-managecatalogs-display-component---detailCatalog","bindingPath":{"path":"","propertyPath":"/DESCRIPTION"},"searchOpenDialogs":true,"interaction":{"idSuffix":"inner"}},"wdio_ui5_key":"etmportal.ui.managecatalogs.view.Detailsap.m.Input{\"path\":\"\",\"propertyPath\":\"/DESCRIPTION\"}"}]}
RESULT: undefined
COMMAND: POST /session/1b8ee17f8917d71088df95937dba9838/execute/async - {"script":"<script> [776 bytes]","args":[{"enterText":"catalogItemNamerkax4","selector":{"controlType":"sap.m.Input","viewName":"etm.portal.ui.managecatalogs.view.Detail","viewId":"application-managecatalogs-display-component---detailCatalog","bindingPath":{"path":"","propertyPath":"/DESCRIPTION"},"searchOpenDialogs":true,"interaction":{"idSuffix":"inner"}},"clearTextFirst":true,"interactionType":"ENTER_TEXT"}]}
RESULT: {"script":"<script> [776 bytes]","args":[{"enterText":"catalogItemNamerkax4","selector":{"controlType":"sap.m.Input","viewName":"etm.portal.ui.managecatalogs.view.Detail","viewId":"application-managecatalogs-display-component---detailCatalog","bindingPath":{"path":"","propertyPath":"/DESCRIPTION"},"searchOpenDialogs":true,"interaction":{"idSuffix":"inner"}},"clearTextFirst":true,"interactionType":"ENTER_TEXT"}]}
COMMAND: POST /session/1b8ee17f8917d71088df95937dba9838/execute/async - {"script":"<script> [1562 bytes]","args":[{"selector":{"controlType":"sap.m.Button","viewName":"etm.portal.ui.managecatalogs.view.Detail","viewId":"application-managecatalogs-display-component---detailCatalog","i18NText":{"propertyName":"text","key":"create"},"searchOpenDialogs":true,"interaction":{"idSuffix":"BDI-content"}},"wdio_ui5_key":"etmportal.ui.managecatalogs.view.Detailsap.m.Button{\"propertyName\":\"text\",\"key\":\"create\"}"}]}
RESULT: {"script":"<script> [1562 bytes]","args":[{"selector":{"controlType":"sap.m.Button","viewName":"etm.portal.ui.managecatalogs.view.Detail","viewId":"application-managecatalogs-display-component---detailCatalog","i18NText":{"propertyName":"text","key":"create"},"searchOpenDialogs":true,"interaction":{"idSuffix":"BDI-content"}},"wdio_ui5_key":"etmportal.ui.managecatalogs.view.Detailsap.m.Button{\"propertyName\":\"text\",\"key\":\"create\"}"}]}
RESULT: undefined
COMMAND: POST /session/1b8ee17f8917d71088df95937dba9838/element - {"using":"xpath","value":"//*[@id=\"__button17\"]"}
RESULT: {"using":"xpath","value":"//*[@id=\"__button17\"]"}
COMMAND: POST /session/1b8ee17f8917d71088df95937dba9838/element/f.F4CCB891D7E11A19B2BEF9298442D512.d.2FBA7C7C482A49E73B5C7FFCA18CD9BE.e.1633/click - {}
RESULT: {}
COMMAND: GET /session/1b8ee17f8917d71088df95937dba9838/screenshot - {}
RESULT: {}
COMMAND: POST /session/1b8ee17f8917d71088df95937dba9838/element - {"using":"xpath","value":"//button[@title=\"Save\"]"}
RESULT: {"using":"xpath","value":"//button[@title=\"Save\"]"}
COMMAND: POST /session/1b8ee17f8917d71088df95937dba9838/element/f.F4CCB891D7E11A19B2BEF9298442D512.d.2FBA7C7C482A49E73B5C7FFCA18CD9BE.e.1634/click - {}
RESULT: {}
COMMAND: GET /session/1b8ee17f8917d71088df95937dba9838/screenshot - {}
RESULT: {}
COMMAND: POST /session/1b8ee17f8917d71088df95937dba9838/execute/async - {"script":"<script> [1562 bytes]","args":[{"selector":{"controlType":"sap.ui.core.Icon","viewName":"etm.portal.ui.managecatalogs.view.Detail","viewId":"application-managecatalogs-display-component---detailCatalog","properties":{"src":{"regex":{"source":"decline"}}}},"wdio_ui5_key":"etmportal.ui.managecatalogs.view.Detailsap.ui.core.Icon{\"src\":{\"regex\":{\"source\":\"decline\"}}}"}]}
RESULT: {"script":"<script> [1562 bytes]","args":[{"selector":{"controlType":"sap.ui.core.Icon","viewName":"etm.portal.ui.managecatalogs.view.Detail","viewId":"application-managecatalogs-display-component---detailCatalog","properties":{"src":{"regex":{"source":"decline"}}}},"wdio_ui5_key":"etmportal.ui.managecatalogs.view.Detailsap.ui.core.Icon{\"src\":{\"regex\":{\"source\":\"decline\"}}}"}]}
RESULT: undefined
COMMAND: POST /session/1b8ee17f8917d71088df95937dba9838/element - {"using":"xpath","value":"//*[@id=\"__button36-img\"]"}
RESULT: {"using":"xpath","value":"//*[@id=\"__button36-img\"]"}
COMMAND: POST /session/1b8ee17f8917d71088df95937dba9838/element/f.F4CCB891D7E11A19B2BEF9298442D512.d.2FBA7C7C482A49E73B5C7FFCA18CD9BE.e.1639/click - {}
RESULT: {}
COMMAND: GET /session/1b8ee17f8917d71088df95937dba9838/screenshot - {}
RESULT: {}
COMMAND: POST /session/1b8ee17f8917d71088df95937dba9838/execute/async - {"script":"<script> [1562 bytes]","args":[{"selector":{"controlType":"sap.ui.core.Icon","viewName":"etm.portal.ui.managecatalogs.view.MasterItems","viewId":"application-managecatalogs-display-component---masterCatalogItems","properties":{"src":{"regex":{"source":"refresh"}}}},"wdio_ui5_key":"etmportal.ui.managecatalogs.view.MasterItemssap.ui.core.Icon{\"src\":{\"regex\":{\"source\":\"refresh\"}}}"}]}
RESULT: {"script":"<script> [1562 bytes]","args":[{"selector":{"controlType":"sap.ui.core.Icon","viewName":"etm.portal.ui.managecatalogs.view.MasterItems","viewId":"application-managecatalogs-display-component---masterCatalogItems","properties":{"src":{"regex":{"source":"refresh"}}}},"wdio_ui5_key":"etmportal.ui.managecatalogs.view.MasterItemssap.ui.core.Icon{\"src\":{\"regex\":{\"source\":\"refresh\"}}}"}]}
RESULT: undefined
COMMAND: POST /session/1b8ee17f8917d71088df95937dba9838/element - {"using":"xpath","value":"//*[@id=\"__button9-img\"]"}
RESULT: {"using":"xpath","value":"//*[@id=\"__button9-img\"]"}
COMMAND: POST /session/1b8ee17f8917d71088df95937dba9838/element/f.F4CCB891D7E11A19B2BEF9298442D512.d.2FBA7C7C482A49E73B5C7FFCA18CD9BE.e.1673/click - {}
RESULT: {}
COMMAND: GET /session/1b8ee17f8917d71088df95937dba9838/screenshot - {}
RESULT: {}
COMMAND: POST /session/1b8ee17f8917d71088df95937dba9838/execute/async - {"script":"<script> [1562 bytes]","args":[{"selector":{"id":"application-managecatalogs-display-component---masterCatalogItems--searchItemsField","interaction":{"idSuffix":"I"}},"wdio_ui5_key":"applicationmanagecatalogs-display-component---masterCatalogItems--searchItemsField"}]}
RESULT: {"script":"<script> [1562 bytes]","args":[{"selector":{"id":"application-managecatalogs-display-component---masterCatalogItems--searchItemsField","interaction":{"idSuffix":"I"}},"wdio_ui5_key":"applicationmanagecatalogs-display-component---masterCatalogItems--searchItemsField"}]}
RESULT: undefined
COMMAND: POST /session/1b8ee17f8917d71088df95937dba9838/execute/async - {"script":"<script> [776 bytes]","args":[{"enterText":"catalogItemNamerkax4","selector":{"id":"application-managecatalogs-display-component---masterCatalogItems--searchItemsField","interaction":{"idSuffix":"I"}},"clearTextFirst":true,"interactionType":"ENTER_TEXT"}]}
RESULT: {"script":"<script> [776 bytes]","args":[{"enterText":"catalogItemNamerkax4","selector":{"id":"application-managecatalogs-display-component---masterCatalogItems--searchItemsField","interaction":{"idSuffix":"I"}},"clearTextFirst":true,"interactionType":"ENTER_TEXT"}]}
COMMAND: POST /session/1b8ee17f8917d71088df95937dba9838/actions - {"actions":[{"id":"action5","type":"key","parameters":{},"actions":[{"type":"keyDown","value":""},{"type":"pause","duration":10},{"type":"keyUp","value":""}]}]}
RESULT: {"actions":[{"id":"action5","type":"key","parameters":{},"actions":[{"type":"keyDown","value":""},{"type":"pause","duration":10},{"type":"keyUp","value":""}]}]}
COMMAND: POST /session/1b8ee17f8917d71088df95937dba9838/element - {"using":"xpath","value":"(//span[contains(text(), \"catalogItemNamerkax4\")])[1]"}
COMMAND: GET /session/1b8ee17f8917d71088df95937dba9838/screenshot - {}
RESULT: {"using":"xpath","value":"(//span[contains(text(), \"catalogItemNamerkax4\")])[1]"}
COMMAND: POST /session/1b8ee17f8917d71088df95937dba9838/element/f.F4CCB891D7E11A19B2BEF9298442D512.d.2FBA7C7C482A49E73B5C7FFCA18CD9BE.e.1680/click - {}
RESULT: {}
RESULT: {}
COMMAND: GET /session/1b8ee17f8917d71088df95937dba9838/screenshot - {}
RESULT: {}
COMMAND: POST /session/1b8ee17f8917d71088df95937dba9838/element - {"using":"xpath","value":"//span[contains(text(), \"catalogItemgaufw\")]"}
RESULT: {"using":"xpath","value":"//span[contains(text(), \"catalogItemgaufw\")]"}
COMMAND: GET /session/1b8ee17f8917d71088df95937dba9838/element/f.F4CCB891D7E11A19B2BEF9298442D512.d.2FBA7C7C482A49E73B5C7FFCA18CD9BE.e.1732/text - {}
RESULT: {}
RESULT: undefined
COMMAND: POST /session/1b8ee17f8917d71088df95937dba9838/element - {"using":"xpath","value":"//*[@id=\"__button33\"]"}
RESULT: {"using":"xpath","value":"//*[@id=\"__button33\"]"}
COMMAND: POST /session/1b8ee17f8917d71088df95937dba9838/element/f.F4CCB891D7E11A19B2BEF9298442D512.d.2FBA7C7C482A49E73B5C7FFCA18CD9BE.e.1721/click - {}
COMMAND: POST /session/1b8ee17f8917d71088df95937dba9838/element - {"using":"xpath","value":"//*[@id=\"__button33\"]"}
RESULT: {"using":"xpath","value":"//*[@id=\"__button33\"]"}
COMMAND: POST /session/1b8ee17f8917d71088df95937dba9838/element/f.F4CCB891D7E11A19B2BEF9298442D512.d.2FBA7C7C482A49E73B5C7FFCA18CD9BE.e.1721/click - {}
COMMAND: POST /session/1b8ee17f8917d71088df95937dba9838/element - {"using":"xpath","value":"//*[@id=\"__button33\"]"}
RESULT: {"using":"xpath","value":"//*[@id=\"__button33\"]"}
COMMAND: POST /session/1b8ee17f8917d71088df95937dba9838/element/f.F4CCB891D7E11A19B2BEF9298442D512.d.2FBA7C7C482A49E73B5C7FFCA18CD9BE.e.1743/click - {}
RESULT: {}
COMMAND: GET /session/1b8ee17f8917d71088df95937dba9838/screenshot - {}
RESULT: {}
COMMAND: POST /session/1b8ee17f8917d71088df95937dba9838/execute/async - {"script":"<script> [1562 bytes]","args":[{"selector":{"id":"application-managecatalogs-display-component---detailCatalog--BASE_UNIT_OF_MEASURE-arrow"},"wdio_ui5_key":"applicationmanagecatalogs-display-component---detailCatalog--BASE_UNIT_OF_MEASURE-arrow"}]}
RESULT: {"script":"<script> [1562 bytes]","args":[{"selector":{"id":"application-managecatalogs-display-component---detailCatalog--BASE_UNIT_OF_MEASURE-arrow"},"wdio_ui5_key":"applicationmanagecatalogs-display-component---detailCatalog--BASE_UNIT_OF_MEASURE-arrow"}]}
RESULT: undefined
COMMAND: POST /session/1b8ee17f8917d71088df95937dba9838/element - {"using":"xpath","value":"//*[@id=\"application-managecatalogs-display-component---detailCatalog--BASE_UNIT_OF_MEASURE-arrow\"]"}
RESULT: {"using":"xpath","value":"//*[@id=\"application-managecatalogs-display-component---detailCatalog--BASE_UNIT_OF_MEASURE-arrow\"]"}
COMMAND: POST /session/1b8ee17f8917d71088df95937dba9838/element/f.F4CCB891D7E11A19B2BEF9298442D512.d.2FBA7C7C482A49E73B5C7FFCA18CD9BE.e.1762/click - {}
RESULT: {}
COMMAND: GET /session/1b8ee17f8917d71088df95937dba9838/screenshot - {}
RESULT: {}
COMMAND: POST /session/1b8ee17f8917d71088df95937dba9838/execute/async - {"script":"<script> [1562 bytes]","args":[{"selector":{"controlType":"sap.m.StandardListItem","viewName":"etm.portal.ui.managecatalogs.view.Detail","viewId":"application-managecatalogs-display-component---detailCatalog","properties":{"title":"Piece"},"searchOpenDialogs":true,"interaction":{"idSuffix":"titleText"}},"wdio_ui5_key":"etmportal.ui.managecatalogs.view.Detailsap.m.StandardListItem{\"title\":\"Piece\"}"}]}
RESULT: {"script":"<script> [1562 bytes]","args":[{"selector":{"controlType":"sap.m.StandardListItem","viewName":"etm.portal.ui.managecatalogs.view.Detail","viewId":"application-managecatalogs-display-component---detailCatalog","properties":{"title":"Piece"},"searchOpenDialogs":true,"interaction":{"idSuffix":"titleText"}},"wdio_ui5_key":"etmportal.ui.managecatalogs.view.Detailsap.m.StandardListItem{\"title\":\"Piece\"}"}]}
RESULT: undefined
COMMAND: POST /session/1b8ee17f8917d71088df95937dba9838/element - {"using":"xpath","value":"//*[@id=\"__item263\"]"}
RESULT: {"using":"xpath","value":"//*[@id=\"__item263\"]"}
COMMAND: POST /session/1b8ee17f8917d71088df95937dba9838/element/f.F4CCB891D7E11A19B2BEF9298442D512.d.2FBA7C7C482A49E73B5C7FFCA18CD9BE.e.1766/click - {}
RESULT: {}
COMMAND: POST /session/1b8ee17f8917d71088df95937dba9838/execute/async - {"script":"<script> [1562 bytes]","args":[{"selector":{"controlType":"sap.ui.core.Icon","viewName":"etm.portal.ui.managecatalogs.view.Detail","viewId":"application-managecatalogs-display-component---detailCatalog","properties":{"src":{"regex":{"source":"add"}}},"ancestor":{"controlType":"sap.m.Button","viewName":"etm.portal.ui.managecatalogs.view.Detail","viewId":"application-managecatalogs-display-component---detailCatalog","i18NText":{"propertyName":"tooltip","key":"addClass"}}},"wdio_ui5_key":"etmportal.ui.managecatalogs.view.Detailsap.ui.core.Icon{\"src\":{\"regex\":{\"source\":\"add\"}}}{\"controlType\":\"sap.m.Button\",\"viewName\":\"etm.portal.ui.managecatalogs.view.Detail\",\"viewId\":\"application-managecatalogs-display-component---detailCatalog\",\"i18NText\":{\"propertyName\":\"tooltip\",\"key\":\"addClass\"}}"}]}
COMMAND: GET /session/1b8ee17f8917d71088df95937dba9838/screenshot - {}
RESULT: {"script":"<script> [1562 bytes]","args":[{"selector":{"controlType":"sap.ui.core.Icon","viewName":"etm.portal.ui.managecatalogs.view.Detail","viewId":"application-managecatalogs-display-component---detailCatalog","properties":{"src":{"regex":{"source":"add"}}},"ancestor":{"controlType":"sap.m.Button","viewName":"etm.portal.ui.managecatalogs.view.Detail","viewId":"application-managecatalogs-display-component---detailCatalog","i18NText":{"propertyName":"tooltip","key":"addClass"}}},"wdio_ui5_key":"etmportal.ui.managecatalogs.view.Detailsap.ui.core.Icon{\"src\":{\"regex\":{\"source\":\"add\"}}}{\"controlType\":\"sap.m.Button\",\"viewName\":\"etm.portal.ui.managecatalogs.view.Detail\",\"viewId\":\"application-managecatalogs-display-component---detailCatalog\",\"i18NText\":{\"propertyName\":\"tooltip\",\"key\":\"addClass\"}}"}]}
RESULT: undefined
COMMAND: POST /session/1b8ee17f8917d71088df95937dba9838/element - {"using":"xpath","value":"//*[@id=\"__button39-img\"]"}
RESULT: {}
RESULT: {"using":"xpath","value":"//*[@id=\"__button39-img\"]"}
COMMAND: POST /session/1b8ee17f8917d71088df95937dba9838/element/f.F4CCB891D7E11A19B2BEF9298442D512.d.2FBA7C7C482A49E73B5C7FFCA18CD9BE.e.1767/click - {}
RESULT: {}
COMMAND: GET /session/1b8ee17f8917d71088df95937dba9838/screenshot - {}
RESULT: {}
COMMAND: POST /session/1b8ee17f8917d71088df95937dba9838/element - {"using":"xpath","value":"//input[contains(@id ,\"searchField-I\")]"}
RESULT: {"using":"xpath","value":"//input[contains(@id ,\"searchField-I\")]"}
COMMAND: POST /session/1b8ee17f8917d71088df95937dba9838/element/f.F4CCB891D7E11A19B2BEF9298442D512.d.2FBA7C7C482A49E73B5C7FFCA18CD9BE.e.1771/value - {"text":"WebdriverYardClassklopv"}
RESULT: {"text":"WebdriverYardClassklopv"}
COMMAND: POST /session/1b8ee17f8917d71088df95937dba9838/actions - {"actions":[{"id":"action6","type":"key","parameters":{},"actions":[{"type":"keyDown","value":""},{"type":"pause","duration":10},{"type":"keyUp","value":""}]}]}
COMMAND: GET /session/1b8ee17f8917d71088df95937dba9838/screenshot - {}
RESULT: {"actions":[{"id":"action6","type":"key","parameters":{},"actions":[{"type":"keyDown","value":""},{"type":"pause","duration":10},{"type":"keyUp","value":""}]}]}
COMMAND: GET /session/1b8ee17f8917d71088df95937dba9838/screenshot - {}
RESULT: {}
RESULT: {}
COMMAND: POST /session/1b8ee17f8917d71088df95937dba9838/element - {"using":"xpath","value":"//span[contains(text(), \"WebdriverYardClassklopv\")]"}
RESULT: {"using":"xpath","value":"//span[contains(text(), \"WebdriverYardClassklopv\")]"}
COMMAND: POST /session/1b8ee17f8917d71088df95937dba9838/element/f.F4CCB891D7E11A19B2BEF9298442D512.d.2FBA7C7C482A49E73B5C7FFCA18CD9BE.e.1808/click - {}
RESULT: {}
COMMAND: GET /session/1b8ee17f8917d71088df95937dba9838/screenshot - {}
RESULT: {}
COMMAND: POST /session/1b8ee17f8917d71088df95937dba9838/execute/async - {"script":"<script> [1562 bytes]","args":[{"selector":{"controlType":"sap.m.Button","viewName":"etm.portal.ui.managecatalogs.view.Detail","viewId":"application-managecatalogs-display-component---detailCatalog","properties":{"text":"Classification"},"interaction":{"idSuffix":"BDI-content"}},"wdio_ui5_key":"etmportal.ui.managecatalogs.view.Detailsap.m.Button{\"text\":\"Classification\"}"}]}
RESULT: {"script":"<script> [1562 bytes]","args":[{"selector":{"controlType":"sap.m.Button","viewName":"etm.portal.ui.managecatalogs.view.Detail","viewId":"application-managecatalogs-display-component---detailCatalog","properties":{"text":"Classification"},"interaction":{"idSuffix":"BDI-content"}},"wdio_ui5_key":"etmportal.ui.managecatalogs.view.Detailsap.m.Button{\"text\":\"Classification\"}"}]}
RESULT: undefined
COMMAND: POST /session/1b8ee17f8917d71088df95937dba9838/element - {"using":"xpath","value":"//*[@id=\"application-managecatalogs-display-component---detailCatalog--ObjectPageLayout-anchBar-__section3-anchor\"]"}
RESULT: {"using":"xpath","value":"//*[@id=\"application-managecatalogs-display-component---detailCatalog--ObjectPageLayout-anchBar-__section3-anchor\"]"}
COMMAND: POST /session/1b8ee17f8917d71088df95937dba9838/element/f.F4CCB891D7E11A19B2BEF9298442D512.d.2FBA7C7C482A49E73B5C7FFCA18CD9BE.e.1816/click - {}
RESULT: {}
COMMAND: GET /session/1b8ee17f8917d71088df95937dba9838/screenshot - {}
RESULT: {}
COMMAND: POST /session/1b8ee17f8917d71088df95937dba9838/element - {"using":"xpath","value":"//span[contains(@id ,\"expandButton-img\")]"}
RESULT: {"using":"xpath","value":"//span[contains(@id ,\"expandButton-img\")]"}
COMMAND: POST /session/1b8ee17f8917d71088df95937dba9838/element/f.F4CCB891D7E11A19B2BEF9298442D512.d.2FBA7C7C482A49E73B5C7FFCA18CD9BE.e.1821/click - {}
RESULT: {}
COMMAND: POST /session/1b8ee17f8917d71088df95937dba9838/execute/async - {"script":"<script> [1562 bytes]","args":[{"selector":{"controlType":"sap.m.CheckBox","viewName":"etm.portal.ui.managecatalogs.view.Detail","viewId":"application-managecatalogs-display-component---detailCatalog","bindingPath":{"path":"/data/0/PROPERTIES/0","propertyPath":"SELECTED","modelName":"classModel"},"interaction":{"idSuffix":"CbBg"}},"wdio_ui5_key":"etmportal.ui.managecatalogs.view.Detailsap.m.CheckBox{\"path\":\"/data/0/PROPERTIES/0\",\"propertyPath\":\"SELECTED\",\"modelName\":\"classModel\"}"}]}
COMMAND: GET /session/1b8ee17f8917d71088df95937dba9838/screenshot - {}
RESULT: {"script":"<script> [1562 bytes]","args":[{"selector":{"controlType":"sap.m.CheckBox","viewName":"etm.portal.ui.managecatalogs.view.Detail","viewId":"application-managecatalogs-display-component---detailCatalog","bindingPath":{"path":"/data/0/PROPERTIES/0","propertyPath":"SELECTED","modelName":"classModel"},"interaction":{"idSuffix":"CbBg"}},"wdio_ui5_key":"etmportal.ui.managecatalogs.view.Detailsap.m.CheckBox{\"path\":\"/data/0/PROPERTIES/0\",\"propertyPath\":\"SELECTED\",\"modelName\":\"classModel\"}"}]}
RESULT: undefined
COMMAND: POST /session/1b8ee17f8917d71088df95937dba9838/element - {"using":"xpath","value":"//*[@id=\"__box32\"]"}
RESULT: {}
RESULT: {"using":"xpath","value":"//*[@id=\"__box32\"]"}
COMMAND: POST /session/1b8ee17f8917d71088df95937dba9838/element/f.F4CCB891D7E11A19B2BEF9298442D512.d.2FBA7C7C482A49E73B5C7FFCA18CD9BE.e.1836/click - {}
RESULT: {}
RESULT: undefined
COMMAND: POST /session/1b8ee17f8917d71088df95937dba9838/execute/async - {"script":"<script> [6424 bytes]","args":[{"element-6066-11e4-a52e-4f735466cecf":"f.F4CCB891D7E11A19B2BEF9298442D512.d.2FBA7C7C482A49E73B5C7FFCA18CD9BE.e.1834"},"getSelected",[]]}
COMMAND: GET /session/1b8ee17f8917d71088df95937dba9838/screenshot - {}
RESULT: {}
RESULT: {"script":"<script> [6424 bytes]","args":[{"element-6066-11e4-a52e-4f735466cecf":"f.F4CCB891D7E11A19B2BEF9298442D512.d.2FBA7C7C482A49E73B5C7FFCA18CD9BE.e.1834"},"getSelected",[]]}
COMMAND: POST /session/1b8ee17f8917d71088df95937dba9838/execute/async - {"script":"<script> [1562 bytes]","args":[{"selector":{"controlType":"sap.m.Button","viewName":"etm.portal.ui.managecatalogs.view.Detail","viewId":"application-managecatalogs-display-component---detailCatalog","i18NText":{"propertyName":"text","key":"save"},"interaction":{"idSuffix":"BDI-content"}},"wdio_ui5_key":"etmportal.ui.managecatalogs.view.Detailsap.m.Button{\"propertyName\":\"text\",\"key\":\"save\"}"}]}
RESULT: {"script":"<script> [1562 bytes]","args":[{"selector":{"controlType":"sap.m.Button","viewName":"etm.portal.ui.managecatalogs.view.Detail","viewId":"application-managecatalogs-display-component---detailCatalog","i18NText":{"propertyName":"text","key":"save"},"interaction":{"idSuffix":"BDI-content"}},"wdio_ui5_key":"etmportal.ui.managecatalogs.view.Detailsap.m.Button{\"propertyName\":\"text\",\"key\":\"save\"}"}]}
RESULT: undefined
COMMAND: POST /session/1b8ee17f8917d71088df95937dba9838/element - {"using":"xpath","value":"//*[@id=\"__button51\"]"}
RESULT: {"using":"xpath","value":"//*[@id=\"__button51\"]"}
COMMAND: POST /session/1b8ee17f8917d71088df95937dba9838/element/f.F4CCB891D7E11A19B2BEF9298442D512.d.2FBA7C7C482A49E73B5C7FFCA18CD9BE.e.1745/click - {}
RESULT: {}
COMMAND: GET /session/1b8ee17f8917d71088df95937dba9838/screenshot - {}
RESULT: {}
COMMAND: POST /session/1b8ee17f8917d71088df95937dba9838/element - {"using":"css selector","value":"#shell-header-logo"}
RESULT: {"using":"css selector","value":"#shell-header-logo"}
COMMAND: POST /session/1b8ee17f8917d71088df95937dba9838/element/f.F4CCB891D7E11A19B2BEF9298442D512.d.2FBA7C7C482A49E73B5C7FFCA18CD9BE.e.1510/click - {}
RESULT: {}
COMMAND: GET /session/1b8ee17f8917d71088df95937dba9838/screenshot - {}
RESULT: {}
]]></system-out>
    </testcase>
    <testcase classname="chrome.135_0_7049_42.windows.Manage_catalogs_-_yard_assignment_classification_US138930" name="Should verify if the catalog item is visible after selecting the yard" time="80.752">
      <system-out><![CDATA[
COMMAND: POST /session/1b8ee17f8917d71088df95937dba9838/execute/async - {"script":"<script> [1562 bytes]","args":[{"selector":{"controlType":"sap.m.Text","properties":{"text":"Webshop"},"interaction":{"idSuffix":"inner"}},"wdio_ui5_key":"sapm.Text{\"text\":\"Webshop\"}"}]}
RESULT: {"script":"<script> [1562 bytes]","args":[{"selector":{"controlType":"sap.m.Text","properties":{"text":"Webshop"},"interaction":{"idSuffix":"inner"}},"wdio_ui5_key":"sapm.Text{\"text\":\"Webshop\"}"}]}
RESULT: undefined
COMMAND: POST /session/1b8ee17f8917d71088df95937dba9838/element - {"using":"xpath","value":"//*[@id=\"__tile49-title\"]"}
RESULT: {"using":"xpath","value":"//*[@id=\"__tile49-title\"]"}
COMMAND: POST /session/1b8ee17f8917d71088df95937dba9838/element/f.F4CCB891D7E11A19B2BEF9298442D512.d.2FBA7C7C482A49E73B5C7FFCA18CD9BE.e.1875/click - {}
RESULT: {}
COMMAND: GET /session/1b8ee17f8917d71088df95937dba9838/screenshot - {}
RESULT: {}
COMMAND: POST /session/1b8ee17f8917d71088df95937dba9838/element - {"using":"css selector","value":"#requestCreationDialog--createRequestPopUp-title-inner"}
RESULT: {"using":"css selector","value":"#requestCreationDialog--createRequestPopUp-title-inner"}
COMMAND: POST /session/1b8ee17f8917d71088df95937dba9838/execute/sync - {"script":"<script> [8489 bytes]","args":[{"element-6066-11e4-a52e-4f735466cecf":"f.F4CCB891D7E11A19B2BEF9298442D512.d.2FBA7C7C482A49E73B5C7FFCA18CD9BE.e.1904","ELEMENT":"f.F4CCB891D7E11A19B2BEF9298442D512.d.2FBA7C7C482A49E73B5C7FFCA18CD9BE.e.1904"}]}
RESULT: {"script":"<script> [8489 bytes]","args":[{"element-6066-11e4-a52e-4f735466cecf":"f.F4CCB891D7E11A19B2BEF9298442D512.d.2FBA7C7C482A49E73B5C7FFCA18CD9BE.e.1904","ELEMENT":"f.F4CCB891D7E11A19B2BEF9298442D512.d.2FBA7C7C482A49E73B5C7FFCA18CD9BE.e.1904"}]}
COMMAND: GET /session/1b8ee17f8917d71088df95937dba9838/element/f.F4CCB891D7E11A19B2BEF9298442D512.d.2FBA7C7C482A49E73B5C7FFCA18CD9BE.e.1904/enabled - {}
COMMAND: GET /session/1b8ee17f8917d71088df95937dba9838/screenshot - {}
RESULT: {}
COMMAND: POST /session/1b8ee17f8917d71088df95937dba9838/elements - {"using":"css selector","value":"#requestCreationDialog--createRequestPopUp-title-inner"}
COMMAND: GET /session/1b8ee17f8917d71088df95937dba9838/screenshot - {}
RESULT: {}
RESULT: {"using":"css selector","value":"#requestCreationDialog--createRequestPopUp-title-inner"}
COMMAND: POST /session/1b8ee17f8917d71088df95937dba9838/execute/async - {"script":"<script> [1562 bytes]","args":[{"selector":{"id":"requestCreationDialog--requestName","searchOpenDialogs":true,"interaction":{"idSuffix":"inner"}},"wdio_ui5_key":"requestCreationDialogrequestName"}]}
RESULT: {}
RESULT: {"script":"<script> [1562 bytes]","args":[{"selector":{"id":"requestCreationDialog--requestName","searchOpenDialogs":true,"interaction":{"idSuffix":"inner"}},"wdio_ui5_key":"requestCreationDialogrequestName"}]}
RESULT: undefined
COMMAND: POST /session/1b8ee17f8917d71088df95937dba9838/execute/async - {"script":"<script> [776 bytes]","args":[{"enterText":"WebdriverTest","selector":{"id":"requestCreationDialog--requestName","searchOpenDialogs":true,"interaction":{"idSuffix":"inner"}},"clearTextFirst":true,"interactionType":"ENTER_TEXT"}]}
RESULT: {"script":"<script> [776 bytes]","args":[{"enterText":"WebdriverTest","selector":{"id":"requestCreationDialog--requestName","searchOpenDialogs":true,"interaction":{"idSuffix":"inner"}},"clearTextFirst":true,"interactionType":"ENTER_TEXT"}]}
COMMAND: POST /session/1b8ee17f8917d71088df95937dba9838/element - {"using":"xpath","value":"//input[contains(@id ,\"requestCreationDialog--yardId-inner\")]"}
RESULT: {"using":"xpath","value":"//input[contains(@id ,\"requestCreationDialog--yardId-inner\")]"}
COMMAND: POST /session/1b8ee17f8917d71088df95937dba9838/element/f.F4CCB891D7E11A19B2BEF9298442D512.d.2FBA7C7C482A49E73B5C7FFCA18CD9BE.e.1892/clear - {}
RESULT: {}
COMMAND: POST /session/1b8ee17f8917d71088df95937dba9838/element/f.F4CCB891D7E11A19B2BEF9298442D512.d.2FBA7C7C482A49E73B5C7FFCA18CD9BE.e.1892/value - {"text":"101"}
COMMAND: GET /session/1b8ee17f8917d71088df95937dba9838/screenshot - {}
RESULT: {"text":"101"}
COMMAND: GET /session/1b8ee17f8917d71088df95937dba9838/screenshot - {}
RESULT: {}
RESULT: {}
COMMAND: POST /session/1b8ee17f8917d71088df95937dba9838/actions - {"actions":[{"id":"action7","type":"key","parameters":{},"actions":[{"type":"keyDown","value":""},{"type":"pause","duration":10},{"type":"keyUp","value":""}]}]}
RESULT: {"actions":[{"id":"action7","type":"key","parameters":{},"actions":[{"type":"keyDown","value":""},{"type":"pause","duration":10},{"type":"keyUp","value":""}]}]}
COMMAND: GET /session/1b8ee17f8917d71088df95937dba9838/screenshot - {}
RESULT: {}
COMMAND: POST /session/1b8ee17f8917d71088df95937dba9838/execute/async - {"script":"<script> [1562 bytes]","args":[{"selector":{"id":"requestCreationDialog--okButton","searchOpenDialogs":true,"interaction":{"idSuffix":"BDI-content"}},"wdio_ui5_key":"requestCreationDialogokButton"}]}
RESULT: {"script":"<script> [1562 bytes]","args":[{"selector":{"id":"requestCreationDialog--okButton","searchOpenDialogs":true,"interaction":{"idSuffix":"BDI-content"}},"wdio_ui5_key":"requestCreationDialogokButton"}]}
RESULT: undefined
COMMAND: POST /session/1b8ee17f8917d71088df95937dba9838/element - {"using":"xpath","value":"//*[@id=\"requestCreationDialog--okButton\"]"}
RESULT: {"using":"xpath","value":"//*[@id=\"requestCreationDialog--okButton\"]"}
COMMAND: POST /session/1b8ee17f8917d71088df95937dba9838/element/f.F4CCB891D7E11A19B2BEF9298442D512.d.2FBA7C7C482A49E73B5C7FFCA18CD9BE.e.1911/click - {}
RESULT: {}
COMMAND: GET /session/1b8ee17f8917d71088df95937dba9838/screenshot - {}
RESULT: {}
COMMAND: POST /session/1b8ee17f8917d71088df95937dba9838/element - {"using":"xpath","value":"//input[contains(@id ,\"searchFiledId-I\")]"}
RESULT: {"using":"xpath","value":"//input[contains(@id ,\"searchFiledId-I\")]"}
COMMAND: POST /session/1b8ee17f8917d71088df95937dba9838/element/f.F4CCB891D7E11A19B2BEF9298442D512.d.2FBA7C7C482A49E73B5C7FFCA18CD9BE.e.1881/value - {"text":"catalogItemgaufw"}
RESULT: {"text":"catalogItemgaufw"}
COMMAND: POST /session/1b8ee17f8917d71088df95937dba9838/actions - {"actions":[{"id":"action8","type":"key","parameters":{},"actions":[{"type":"keyDown","value":""},{"type":"pause","duration":10},{"type":"keyUp","value":""}]}]}
COMMAND: GET /session/1b8ee17f8917d71088df95937dba9838/screenshot - {}
RESULT: {"actions":[{"id":"action8","type":"key","parameters":{},"actions":[{"type":"keyDown","value":""},{"type":"pause","duration":10},{"type":"keyUp","value":""}]}]}
COMMAND: GET /session/1b8ee17f8917d71088df95937dba9838/screenshot - {}
RESULT: {}
RESULT: {}
COMMAND: POST /session/1b8ee17f8917d71088df95937dba9838/element - {"using":"xpath","value":"//span[contains(@id ,\"subTitle\")][contains(text(), \"catalogItemgaufw\")]"}
RESULT: {"using":"xpath","value":"//span[contains(@id ,\"subTitle\")][contains(text(), \"catalogItemgaufw\")]"}
COMMAND: POST /session/1b8ee17f8917d71088df95937dba9838/element - {"using":"xpath","value":"//span[contains(@id ,\"subTitle\")][contains(text(), \"catalogItemgaufw\")]"}
RESULT: {"using":"xpath","value":"//span[contains(@id ,\"subTitle\")][contains(text(), \"catalogItemgaufw\")]"}
COMMAND: POST /session/1b8ee17f8917d71088df95937dba9838/execute/async - {"script":"<script> [1562 bytes]","args":[{"selector":{"controlType":"sap.tnt.NavigationListItem","viewName":"etm.portal.ui.webshop.view.Homepage","i18NText":{"propertyName":"text","key":"exit"},"interaction":{"idSuffix":"a"}},"wdio_ui5_key":"etmportal.ui.webshop.view.Homepagesap.tnt.NavigationListItem{\"propertyName\":\"text\",\"key\":\"exit\"}"}]}
RESULT: {"script":"<script> [1562 bytes]","args":[{"selector":{"controlType":"sap.tnt.NavigationListItem","viewName":"etm.portal.ui.webshop.view.Homepage","i18NText":{"propertyName":"text","key":"exit"},"interaction":{"idSuffix":"a"}},"wdio_ui5_key":"etmportal.ui.webshop.view.Homepagesap.tnt.NavigationListItem{\"propertyName\":\"text\",\"key\":\"exit\"}"}]}
RESULT: undefined
COMMAND: POST /session/1b8ee17f8917d71088df95937dba9838/element - {"using":"xpath","value":"//*[@id=\"__item323\"]"}
RESULT: {"using":"xpath","value":"//*[@id=\"__item323\"]"}
COMMAND: POST /session/1b8ee17f8917d71088df95937dba9838/element/f.F4CCB891D7E11A19B2BEF9298442D512.d.2FBA7C7C482A49E73B5C7FFCA18CD9BE.e.1919/click - {}
RESULT: {}
]]></system-out>
    </testcase>
  </testsuite>
  <testsuite timestamp="2025-04-24T06:24:12" time="6.583" tests="1" failures="0" errors="0" skipped="0">
    <properties>
      <property name="specId" value="0"/>
      <property name="suiteName" value="Catalogs section"/>
      <property name="capabilities" value="chrome.135_0_7049_42.windows"/>
      <property name="file" value="file:///D:/a/1/s/test/specs/R2C/manage-catalogs-values-section.spec.js"/>
    </properties>
    <testcase classname="chrome.135_0_7049_42.windows.Catalogs_section" name="Should add values to a catalog item" time="6.579">
      <system-out><![CDATA[
COMMAND: POST /session/1b8ee17f8917d71088df95937dba9838/element - {"using":"xpath","value":"//li[contains(@data-kt ,\"exitNavigationListItem\")]"}
COMMAND: GET /session/1b8ee17f8917d71088df95937dba9838/screenshot - {}
RESULT: {"using":"xpath","value":"//li[contains(@data-kt ,\"exitNavigationListItem\")]"}
COMMAND: POST /session/1b8ee17f8917d71088df95937dba9838/element - {"using":"xpath","value":"//li[contains(@data-kt ,\"exitNavigationListItem\")]"}
RESULT: {}
RESULT: {"using":"xpath","value":"//li[contains(@data-kt ,\"exitNavigationListItem\")]"}
COMMAND: POST /session/1b8ee17f8917d71088df95937dba9838/element - {"using":"css selector","value":"#shell-header-logo"}
RESULT: {"using":"css selector","value":"#shell-header-logo"}
COMMAND: POST /session/1b8ee17f8917d71088df95937dba9838/element/f.F4CCB891D7E11A19B2BEF9298442D512.d.2FBA7C7C482A49E73B5C7FFCA18CD9BE.e.1931/click - {}
RESULT: {}
COMMAND: GET /session/1b8ee17f8917d71088df95937dba9838/screenshot - {}
RESULT: {}
]]></system-out>
    </testcase>
  </testsuite>
  <testsuite timestamp="2025-04-24T06:24:18" time="362.44" tests="4" failures="0" errors="0" skipped="0">
    <properties>
      <property name="specId" value="0"/>
      <property name="suiteName" value="Verify RU inventory split cost information US139363"/>
      <property name="capabilities" value="chrome.135_0_7049_42.windows"/>
      <property name="file" value="file:///D:/a/1/s/test/specs/R2C/verify-ru-inventory-split-cost-information.spec.js"/>
    </properties>
    <testcase classname="chrome.135_0_7049_42.windows.Verify_RU_inventory_split_cost_information_US139363" name="Should create a new contract" time="78.105">
      <system-out><![CDATA[
COMMAND: POST /session/1b8ee17f8917d71088df95937dba9838/execute/async - {"script":"<script> [1562 bytes]","args":[{"selector":{"controlType":"sap.m.Text","viewName":"etm.portal.ui.managecontractstile.view.Master","properties":{"text":"Manage Contracts"},"interaction":{"idSuffix":"inner"}},"wdio_ui5_key":"etmportal.ui.managecontractstile.view.Mastersap.m.Text{\"text\":\"Manage Contracts\"}"}]}
RESULT: {"script":"<script> [1562 bytes]","args":[{"selector":{"controlType":"sap.m.Text","viewName":"etm.portal.ui.managecontractstile.view.Master","properties":{"text":"Manage Contracts"},"interaction":{"idSuffix":"inner"}},"wdio_ui5_key":"etmportal.ui.managecontractstile.view.Mastersap.m.Text{\"text\":\"Manage Contracts\"}"}]}
RESULT: undefined
COMMAND: POST /session/1b8ee17f8917d71088df95937dba9838/element - {"using":"xpath","value":"//*[@id=\"__tile133-title\"]"}
RESULT: {"using":"xpath","value":"//*[@id=\"__tile133-title\"]"}
COMMAND: POST /session/1b8ee17f8917d71088df95937dba9838/element/f.F4CCB891D7E11A19B2BEF9298442D512.d.2FBA7C7C482A49E73B5C7FFCA18CD9BE.e.1933/click - {}
RESULT: {}
COMMAND: GET /session/1b8ee17f8917d71088df95937dba9838/screenshot - {}
RESULT: {}
RESULT: undefined
RESULT: undefined
COMMAND: POST /session/1b8ee17f8917d71088df95937dba9838/element - {"using":"xpath","value":"//button[@data-kt=\"addButton\"]"}
RESULT: {"using":"xpath","value":"//button[@data-kt=\"addButton\"]"}
COMMAND: POST /session/1b8ee17f8917d71088df95937dba9838/element/f.F4CCB891D7E11A19B2BEF9298442D512.d.2FBA7C7C482A49E73B5C7FFCA18CD9BE.e.1982/click - {}
RESULT: {}
COMMAND: GET /session/1b8ee17f8917d71088df95937dba9838/screenshot - {}
RESULT: {}
COMMAND: POST /session/1b8ee17f8917d71088df95937dba9838/execute/async - {"script":"<script> [1562 bytes]","args":[{"selector":{"id":"application-managecontracts-display-component---AddNewContract--projectDescription","interaction":{"idSuffix":"inner"}},"wdio_ui5_key":"applicationmanagecontracts-display-component---AddNewContract--projectDescription"}]}
RESULT: {"script":"<script> [1562 bytes]","args":[{"selector":{"id":"application-managecontracts-display-component---AddNewContract--projectDescription","interaction":{"idSuffix":"inner"}},"wdio_ui5_key":"applicationmanagecontracts-display-component---AddNewContract--projectDescription"}]}
RESULT: undefined
COMMAND: POST /session/1b8ee17f8917d71088df95937dba9838/execute/async - {"script":"<script> [776 bytes]","args":[{"enterText":"WdIOR2c8wcdvh","selector":{"id":"application-managecontracts-display-component---AddNewContract--projectDescription","interaction":{"idSuffix":"inner"}},"clearTextFirst":true,"interactionType":"ENTER_TEXT"}]}
RESULT: {"script":"<script> [776 bytes]","args":[{"enterText":"WdIOR2c8wcdvh","selector":{"id":"application-managecontracts-display-component---AddNewContract--projectDescription","interaction":{"idSuffix":"inner"}},"clearTextFirst":true,"interactionType":"ENTER_TEXT"}]}
COMMAND: POST /session/1b8ee17f8917d71088df95937dba9838/element - {"using":"xpath","value":"//input[@id=\"application-managecontracts-display-component---AddNewContract--yardId-inner\"]"}
RESULT: {"using":"xpath","value":"//input[@id=\"application-managecontracts-display-component---AddNewContract--yardId-inner\"]"}
COMMAND: POST /session/1b8ee17f8917d71088df95937dba9838/element/f.F4CCB891D7E11A19B2BEF9298442D512.d.2FBA7C7C482A49E73B5C7FFCA18CD9BE.e.2264/clear - {}
RESULT: {}
COMMAND: POST /session/1b8ee17f8917d71088df95937dba9838/element/f.F4CCB891D7E11A19B2BEF9298442D512.d.2FBA7C7C482A49E73B5C7FFCA18CD9BE.e.2264/value - {"text":"webdriveryard"}
COMMAND: GET /session/1b8ee17f8917d71088df95937dba9838/screenshot - {}
RESULT: {"text":"webdriveryard"}
COMMAND: GET /session/1b8ee17f8917d71088df95937dba9838/screenshot - {}
RESULT: {}
RESULT: {}
COMMAND: POST /session/1b8ee17f8917d71088df95937dba9838/actions - {"actions":[{"id":"action9","type":"key","parameters":{},"actions":[{"type":"keyDown","value":""},{"type":"pause","duration":10},{"type":"keyUp","value":""}]}]}
RESULT: {"actions":[{"id":"action9","type":"key","parameters":{},"actions":[{"type":"keyDown","value":""},{"type":"pause","duration":10},{"type":"keyUp","value":""}]}]}
COMMAND: GET /session/1b8ee17f8917d71088df95937dba9838/screenshot - {}
RESULT: {}
COMMAND: POST /session/1b8ee17f8917d71088df95937dba9838/element - {"using":"xpath","value":"//input[@id=\"application-managecontracts-display-component---AddNewContract--customerSelect-inner\"]"}
RESULT: {"using":"xpath","value":"//input[@id=\"application-managecontracts-display-component---AddNewContract--customerSelect-inner\"]"}
COMMAND: POST /session/1b8ee17f8917d71088df95937dba9838/element/f.F4CCB891D7E11A19B2BEF9298442D512.d.2FBA7C7C482A49E73B5C7FFCA18CD9BE.e.2262/clear - {}
RESULT: {}
COMMAND: POST /session/1b8ee17f8917d71088df95937dba9838/element/f.F4CCB891D7E11A19B2BEF9298442D512.d.2FBA7C7C482A49E73B5C7FFCA18CD9BE.e.2262/value - {"text":"webdriverpartner"}
COMMAND: GET /session/1b8ee17f8917d71088df95937dba9838/screenshot - {}
RESULT: {"text":"webdriverpartner"}
COMMAND: GET /session/1b8ee17f8917d71088df95937dba9838/screenshot - {}
RESULT: {}
RESULT: {}
COMMAND: POST /session/1b8ee17f8917d71088df95937dba9838/actions - {"actions":[{"id":"action10","type":"key","parameters":{},"actions":[{"type":"keyDown","value":""},{"type":"pause","duration":10},{"type":"keyUp","value":""}]}]}
RESULT: {"actions":[{"id":"action10","type":"key","parameters":{},"actions":[{"type":"keyDown","value":""},{"type":"pause","duration":10},{"type":"keyUp","value":""}]}]}
COMMAND: GET /session/1b8ee17f8917d71088df95937dba9838/screenshot - {}
RESULT: {}
COMMAND: POST /session/1b8ee17f8917d71088df95937dba9838/element - {"using":"xpath","value":"//input[@id=\"application-managecontracts-display-component---AddNewContract--site-inner\"]"}
RESULT: {"using":"xpath","value":"//input[@id=\"application-managecontracts-display-component---AddNewContract--site-inner\"]"}
COMMAND: POST /session/1b8ee17f8917d71088df95937dba9838/element/f.F4CCB891D7E11A19B2BEF9298442D512.d.2FBA7C7C482A49E73B5C7FFCA18CD9BE.e.2263/clear - {}
RESULT: {}
COMMAND: POST /session/1b8ee17f8917d71088df95937dba9838/element/f.F4CCB891D7E11A19B2BEF9298442D512.d.2FBA7C7C482A49E73B5C7FFCA18CD9BE.e.2263/value - {"text":"Webdriversite"}
COMMAND: GET /session/1b8ee17f8917d71088df95937dba9838/screenshot - {}
RESULT: {"text":"Webdriversite"}
RESULT: {}
COMMAND: GET /session/1b8ee17f8917d71088df95937dba9838/screenshot - {}
RESULT: {}
COMMAND: POST /session/1b8ee17f8917d71088df95937dba9838/actions - {"actions":[{"id":"action11","type":"key","parameters":{},"actions":[{"type":"keyDown","value":""},{"type":"pause","duration":10},{"type":"keyUp","value":""}]}]}
RESULT: {"actions":[{"id":"action11","type":"key","parameters":{},"actions":[{"type":"keyDown","value":""},{"type":"pause","duration":10},{"type":"keyUp","value":""}]}]}
COMMAND: POST /session/1b8ee17f8917d71088df95937dba9838/element - {"using":"xpath","value":"//button[@data-kt=\"saveButton\"]"}
COMMAND: GET /session/1b8ee17f8917d71088df95937dba9838/screenshot - {}
RESULT: {"using":"xpath","value":"//button[@data-kt=\"saveButton\"]"}
COMMAND: POST /session/1b8ee17f8917d71088df95937dba9838/element/f.F4CCB891D7E11A19B2BEF9298442D512.d.2FBA7C7C482A49E73B5C7FFCA18CD9BE.e.2283/click - {}
RESULT: {}
RESULT: {}
COMMAND: GET /session/1b8ee17f8917d71088df95937dba9838/screenshot - {}
RESULT: {}
COMMAND: POST /session/1b8ee17f8917d71088df95937dba9838/execute/async - {"script":"<script> [1562 bytes]","args":[{"selector":{"id":"contractDetailTitleNoExpanded","viewName":"etm.portal.ui.managecontracts.view.Detail"},"wdio_ui5_key":"contractDetailTitleNoExpandedetmportal.ui.managecontracts.view.Detail"}]}
RESULT: {"script":"<script> [1562 bytes]","args":[{"selector":{"id":"contractDetailTitleNoExpanded","viewName":"etm.portal.ui.managecontracts.view.Detail"},"wdio_ui5_key":"contractDetailTitleNoExpandedetmportal.ui.managecontracts.view.Detail"}]}
RESULT: undefined
COMMAND: POST /session/1b8ee17f8917d71088df95937dba9838/execute/async - {"script":"<script> [6424 bytes]","args":[{"element-6066-11e4-a52e-4f735466cecf":"f.F4CCB891D7E11A19B2BEF9298442D512.d.2FBA7C7C482A49E73B5C7FFCA18CD9BE.e.2366"},"getText",[]]}
RESULT: {"script":"<script> [6424 bytes]","args":[{"element-6066-11e4-a52e-4f735466cecf":"f.F4CCB891D7E11A19B2BEF9298442D512.d.2FBA7C7C482A49E73B5C7FFCA18CD9BE.e.2366"},"getText",[]]}
COMMAND: POST /session/1b8ee17f8917d71088df95937dba9838/element - {"using":"css selector","value":"#shell-header-logo"}
RESULT: {"using":"css selector","value":"#shell-header-logo"}
COMMAND: POST /session/1b8ee17f8917d71088df95937dba9838/element/f.F4CCB891D7E11A19B2BEF9298442D512.d.2FBA7C7C482A49E73B5C7FFCA18CD9BE.e.1931/click - {}
RESULT: {}
COMMAND: GET /session/1b8ee17f8917d71088df95937dba9838/screenshot - {}
RESULT: {}
]]></system-out>
    </testcase>
    <testcase classname="chrome.135_0_7049_42.windows.Verify_RU_inventory_split_cost_information_US139363" name="Should create a new equipment" time="107.707">
      <system-out><![CDATA[
COMMAND: POST /session/1b8ee17f8917d71088df95937dba9838/execute/async - {"script":"<script> [1562 bytes]","args":[{"selector":{"controlType":"sap.m.GenericTile","properties":{"header":"Manage Resources"}},"wdio_ui5_key":"sapm.GenericTile{\"header\":\"Manage Resources\"}"}]}
RESULT: {"script":"<script> [1562 bytes]","args":[{"selector":{"controlType":"sap.m.GenericTile","properties":{"header":"Manage Resources"}},"wdio_ui5_key":"sapm.GenericTile{\"header\":\"Manage Resources\"}"}]}
RESULT: undefined
COMMAND: POST /session/1b8ee17f8917d71088df95937dba9838/element - {"using":"xpath","value":"//*[@id=\"__tile39\"]"}
RESULT: {"using":"xpath","value":"//*[@id=\"__tile39\"]"}
COMMAND: POST /session/1b8ee17f8917d71088df95937dba9838/element/f.F4CCB891D7E11A19B2BEF9298442D512.d.2FBA7C7C482A49E73B5C7FFCA18CD9BE.e.1859/click - {}
RESULT: {}
COMMAND: GET /session/1b8ee17f8917d71088df95937dba9838/screenshot - {}
RESULT: {}
RESULT: undefined
RESULT: undefined
COMMAND: POST /session/1b8ee17f8917d71088df95937dba9838/element - {"using":"xpath","value":"//button[@data-kt=\"addNewRUOverflowToolbarButton\"]"}
RESULT: {"using":"xpath","value":"//button[@data-kt=\"addNewRUOverflowToolbarButton\"]"}
COMMAND: POST /session/1b8ee17f8917d71088df95937dba9838/execute/sync - {"script":"<script> [8489 bytes]","args":[{"element-6066-11e4-a52e-4f735466cecf":"f.F4CCB891D7E11A19B2BEF9298442D512.d.2FBA7C7C482A49E73B5C7FFCA18CD9BE.e.2408","ELEMENT":"f.F4CCB891D7E11A19B2BEF9298442D512.d.2FBA7C7C482A49E73B5C7FFCA18CD9BE.e.2408"}]}
RESULT: {"script":"<script> [8489 bytes]","args":[{"element-6066-11e4-a52e-4f735466cecf":"f.F4CCB891D7E11A19B2BEF9298442D512.d.2FBA7C7C482A49E73B5C7FFCA18CD9BE.e.2408","ELEMENT":"f.F4CCB891D7E11A19B2BEF9298442D512.d.2FBA7C7C482A49E73B5C7FFCA18CD9BE.e.2408"}]}
COMMAND: POST /session/1b8ee17f8917d71088df95937dba9838/element/f.F4CCB891D7E11A19B2BEF9298442D512.d.2FBA7C7C482A49E73B5C7FFCA18CD9BE.e.2408/click - {}
COMMAND: GET /session/1b8ee17f8917d71088df95937dba9838/screenshot - {}
RESULT: {}
COMMAND: GET /session/1b8ee17f8917d71088df95937dba9838/screenshot - {}
COMMAND: POST /session/1b8ee17f8917d71088df95937dba9838/execute/async - {"script":"<script> [1562 bytes]","args":[{"selector":{"id":"application-manageresources-display-component---newResourceUnit--TYPE-arrow"},"wdio_ui5_key":"applicationmanageresources-display-component---newResourceUnit--TYPE-arrow"}]}
RESULT: {}
RESULT: {}
RESULT: {"script":"<script> [1562 bytes]","args":[{"selector":{"id":"application-manageresources-display-component---newResourceUnit--TYPE-arrow"},"wdio_ui5_key":"applicationmanageresources-display-component---newResourceUnit--TYPE-arrow"}]}
RESULT: undefined
COMMAND: POST /session/1b8ee17f8917d71088df95937dba9838/element - {"using":"xpath","value":"//*[@id=\"application-manageresources-display-component---newResourceUnit--TYPE-arrow\"]"}
RESULT: {"using":"xpath","value":"//*[@id=\"application-manageresources-display-component---newResourceUnit--TYPE-arrow\"]"}
COMMAND: POST /session/1b8ee17f8917d71088df95937dba9838/element/f.F4CCB891D7E11A19B2BEF9298442D512.d.2FBA7C7C482A49E73B5C7FFCA18CD9BE.e.2728/click - {}
RESULT: {}
COMMAND: POST /session/1b8ee17f8917d71088df95937dba9838/execute/async - {"script":"<script> [1562 bytes]","args":[{"selector":{"controlType":"sap.m.StandardListItem","viewName":"reusables.view.manageresources.NewResourceUnit","viewId":"application-manageresources-display-component---newResourceUnit","properties":{"title":"Equipment"},"searchOpenDialogs":true,"interaction":{"idSuffix":"content"}},"wdio_ui5_key":"reusablesview.manageresources.NewResourceUnitsap.m.StandardListItem{\"title\":\"Equipment\"}"}]}
COMMAND: GET /session/1b8ee17f8917d71088df95937dba9838/screenshot - {}
RESULT: {"script":"<script> [1562 bytes]","args":[{"selector":{"controlType":"sap.m.StandardListItem","viewName":"reusables.view.manageresources.NewResourceUnit","viewId":"application-manageresources-display-component---newResourceUnit","properties":{"title":"Equipment"},"searchOpenDialogs":true,"interaction":{"idSuffix":"content"}},"wdio_ui5_key":"reusablesview.manageresources.NewResourceUnitsap.m.StandardListItem{\"title\":\"Equipment\"}"}]}
RESULT: undefined
COMMAND: POST /session/1b8ee17f8917d71088df95937dba9838/element - {"using":"xpath","value":"//*[@id=\"__item3894\"]"}
RESULT: {}
RESULT: {"using":"xpath","value":"//*[@id=\"__item3894\"]"}
COMMAND: POST /session/1b8ee17f8917d71088df95937dba9838/element/f.F4CCB891D7E11A19B2BEF9298442D512.d.2FBA7C7C482A49E73B5C7FFCA18CD9BE.e.2731/click - {}
RESULT: {}
COMMAND: POST /session/1b8ee17f8917d71088df95937dba9838/execute/async - {"script":"<script> [1562 bytes]","args":[{"selector":{"id":"application-manageresources-display-component---newResourceUnit--resourceId","interaction":{"idSuffix":"inner"}},"wdio_ui5_key":"applicationmanageresources-display-component---newResourceUnit--resourceId"}]}
COMMAND: GET /session/1b8ee17f8917d71088df95937dba9838/screenshot - {}
RESULT: {"script":"<script> [1562 bytes]","args":[{"selector":{"id":"application-manageresources-display-component---newResourceUnit--resourceId","interaction":{"idSuffix":"inner"}},"wdio_ui5_key":"applicationmanageresources-display-component---newResourceUnit--resourceId"}]}
RESULT: undefined
COMMAND: POST /session/1b8ee17f8917d71088df95937dba9838/execute/async - {"script":"<script> [776 bytes]","args":[{"enterText":"WdIOR2cEquipp7j9n","selector":{"id":"application-manageresources-display-component---newResourceUnit--resourceId","interaction":{"idSuffix":"inner"}},"clearTextFirst":true,"interactionType":"ENTER_TEXT"}]}
RESULT: {}
RESULT: {"script":"<script> [776 bytes]","args":[{"enterText":"WdIOR2cEquipp7j9n","selector":{"id":"application-manageresources-display-component---newResourceUnit--resourceId","interaction":{"idSuffix":"inner"}},"clearTextFirst":true,"interactionType":"ENTER_TEXT"}]}
COMMAND: POST /session/1b8ee17f8917d71088df95937dba9838/execute/async - {"script":"<script> [1562 bytes]","args":[{"selector":{"id":"application-manageresources-display-component---newResourceUnit--SHORT_TEXT","interaction":{"idSuffix":"inner"}},"wdio_ui5_key":"applicationmanageresources-display-component---newResourceUnit--SHORT_TEXT"}]}
RESULT: {"script":"<script> [1562 bytes]","args":[{"selector":{"id":"application-manageresources-display-component---newResourceUnit--SHORT_TEXT","interaction":{"idSuffix":"inner"}},"wdio_ui5_key":"applicationmanageresources-display-component---newResourceUnit--SHORT_TEXT"}]}
RESULT: undefined
COMMAND: POST /session/1b8ee17f8917d71088df95937dba9838/execute/async - {"script":"<script> [776 bytes]","args":[{"enterText":"WdIOR2cEquipp7j9n","selector":{"id":"application-manageresources-display-component---newResourceUnit--SHORT_TEXT","interaction":{"idSuffix":"inner"}},"clearTextFirst":true,"interactionType":"ENTER_TEXT"}]}
RESULT: {"script":"<script> [776 bytes]","args":[{"enterText":"WdIOR2cEquipp7j9n","selector":{"id":"application-manageresources-display-component---newResourceUnit--SHORT_TEXT","interaction":{"idSuffix":"inner"}},"clearTextFirst":true,"interactionType":"ENTER_TEXT"}]}
COMMAND: POST /session/1b8ee17f8917d71088df95937dba9838/execute/async - {"script":"<script> [1562 bytes]","args":[{"selector":{"id":"application-manageresources-display-component---newResourceUnit--BASE_UNIT_OF_MEASURE","interaction":{"idSuffix":"inner"}},"wdio_ui5_key":"applicationmanageresources-display-component---newResourceUnit--BASE_UNIT_OF_MEASURE"}]}
RESULT: {"script":"<script> [1562 bytes]","args":[{"selector":{"id":"application-manageresources-display-component---newResourceUnit--BASE_UNIT_OF_MEASURE","interaction":{"idSuffix":"inner"}},"wdio_ui5_key":"applicationmanageresources-display-component---newResourceUnit--BASE_UNIT_OF_MEASURE"}]}
RESULT: undefined
COMMAND: POST /session/1b8ee17f8917d71088df95937dba9838/execute/async - {"script":"<script> [776 bytes]","args":[{"enterText":"Piece","selector":{"id":"application-manageresources-display-component---newResourceUnit--BASE_UNIT_OF_MEASURE","interaction":{"idSuffix":"inner"}},"clearTextFirst":true,"interactionType":"ENTER_TEXT"}]}
RESULT: {"script":"<script> [776 bytes]","args":[{"enterText":"Piece","selector":{"id":"application-manageresources-display-component---newResourceUnit--BASE_UNIT_OF_MEASURE","interaction":{"idSuffix":"inner"}},"clearTextFirst":true,"interactionType":"ENTER_TEXT"}]}
COMMAND: POST /session/1b8ee17f8917d71088df95937dba9838/execute/async - {"script":"<script> [1562 bytes]","args":[{"selector":{"id":"application-manageresources-display-component---newResourceUnit--WEIGHT_UNIT","interaction":{"idSuffix":"inner"}},"wdio_ui5_key":"applicationmanageresources-display-component---newResourceUnit--WEIGHT_UNIT"}]}
RESULT: {"script":"<script> [1562 bytes]","args":[{"selector":{"id":"application-manageresources-display-component---newResourceUnit--WEIGHT_UNIT","interaction":{"idSuffix":"inner"}},"wdio_ui5_key":"applicationmanageresources-display-component---newResourceUnit--WEIGHT_UNIT"}]}
RESULT: undefined
COMMAND: POST /session/1b8ee17f8917d71088df95937dba9838/execute/async - {"script":"<script> [776 bytes]","args":[{"enterText":"Gram","selector":{"id":"application-manageresources-display-component---newResourceUnit--WEIGHT_UNIT","interaction":{"idSuffix":"inner"}},"clearTextFirst":true,"interactionType":"ENTER_TEXT"}]}
RESULT: {"script":"<script> [776 bytes]","args":[{"enterText":"Gram","selector":{"id":"application-manageresources-display-component---newResourceUnit--WEIGHT_UNIT","interaction":{"idSuffix":"inner"}},"clearTextFirst":true,"interactionType":"ENTER_TEXT"}]}
COMMAND: POST /session/1b8ee17f8917d71088df95937dba9838/execute/async - {"script":"<script> [1562 bytes]","args":[{"selector":{"id":"application-manageresources-display-component---newResourceUnit--newRRUPage-OPHeaderContent-collapseBtn-img"},"wdio_ui5_key":"applicationmanageresources-display-component---newResourceUnit--newRRUPage-OPHeaderContent-collapseBtn-img"}]}
RESULT: {"script":"<script> [1562 bytes]","args":[{"selector":{"id":"application-manageresources-display-component---newResourceUnit--newRRUPage-OPHeaderContent-collapseBtn-img"},"wdio_ui5_key":"applicationmanageresources-display-component---newResourceUnit--newRRUPage-OPHeaderContent-collapseBtn-img"}]}
RESULT: undefined
COMMAND: POST /session/1b8ee17f8917d71088df95937dba9838/element - {"using":"xpath","value":"//*[@id=\"application-manageresources-display-component---newResourceUnit--newRRUPage-OPHeaderContent-collapseBtn-img\"]"}
RESULT: {"using":"xpath","value":"//*[@id=\"application-manageresources-display-component---newResourceUnit--newRRUPage-OPHeaderContent-collapseBtn-img\"]"}
COMMAND: POST /session/1b8ee17f8917d71088df95937dba9838/element/f.F4CCB891D7E11A19B2BEF9298442D512.d.2FBA7C7C482A49E73B5C7FFCA18CD9BE.e.2738/click - {}
RESULT: {}
COMMAND: GET /session/1b8ee17f8917d71088df95937dba9838/screenshot - {}
RESULT: {}
COMMAND: POST /session/1b8ee17f8917d71088df95937dba9838/element - {"using":"xpath","value":"(//span[contains(@id ,\"application-manageresources-display-component---newResourceUnit--DIMENSION_UNIT-arrow\")])[1]"}
RESULT: {"using":"xpath","value":"(//span[contains(@id ,\"application-manageresources-display-component---newResourceUnit--DIMENSION_UNIT-arrow\")])[1]"}
COMMAND: POST /session/1b8ee17f8917d71088df95937dba9838/element/f.F4CCB891D7E11A19B2BEF9298442D512.d.2FBA7C7C482A49E73B5C7FFCA18CD9BE.e.2861/click - {}
RESULT: {}
COMMAND: GET /session/1b8ee17f8917d71088df95937dba9838/screenshot - {}
RESULT: {}
COMMAND: POST /session/1b8ee17f8917d71088df95937dba9838/execute/async - {"script":"<script> [1562 bytes]","args":[{"selector":{"controlType":"sap.m.StandardListItem","viewName":"reusables.view.manageresources.NewResourceUnit","viewId":"application-manageresources-display-component---newResourceUnit","properties":{"title":"Centimeter"},"searchOpenDialogs":true,"interaction":{"idSuffix":"titleText"}},"wdio_ui5_key":"reusablesview.manageresources.NewResourceUnitsap.m.StandardListItem{\"title\":\"Centimeter\"}"}]}
RESULT: {"script":"<script> [1562 bytes]","args":[{"selector":{"controlType":"sap.m.StandardListItem","viewName":"reusables.view.manageresources.NewResourceUnit","viewId":"application-manageresources-display-component---newResourceUnit","properties":{"title":"Centimeter"},"searchOpenDialogs":true,"interaction":{"idSuffix":"titleText"}},"wdio_ui5_key":"reusablesview.manageresources.NewResourceUnitsap.m.StandardListItem{\"title\":\"Centimeter\"}"}]}
RESULT: undefined
COMMAND: POST /session/1b8ee17f8917d71088df95937dba9838/element - {"using":"xpath","value":"//*[@id=\"__item3937\"]"}
RESULT: {"using":"xpath","value":"//*[@id=\"__item3937\"]"}
COMMAND: POST /session/1b8ee17f8917d71088df95937dba9838/element/f.F4CCB891D7E11A19B2BEF9298442D512.d.2FBA7C7C482A49E73B5C7FFCA18CD9BE.e.2865/click - {}
RESULT: {}
COMMAND: GET /session/1b8ee17f8917d71088df95937dba9838/screenshot - {}
RESULT: {}
COMMAND: POST /session/1b8ee17f8917d71088df95937dba9838/execute/async - {"script":"<script> [1562 bytes]","args":[{"selector":{"id":"application-manageresources-display-component---newResourceUnit--newRRUPage-anchBar-application-manageresources-display-component---newResourceUnit--control-anchor","interaction":{"idSuffix":"BDI-content"}},"wdio_ui5_key":"applicationmanageresources-display-component---newResourceUnit--newRRUPage-anchBar-application-manageresources-display-component---newResourceUnit--control-anchor"}]}
RESULT: {"script":"<script> [1562 bytes]","args":[{"selector":{"id":"application-manageresources-display-component---newResourceUnit--newRRUPage-anchBar-application-manageresources-display-component---newResourceUnit--control-anchor","interaction":{"idSuffix":"BDI-content"}},"wdio_ui5_key":"applicationmanageresources-display-component---newResourceUnit--newRRUPage-anchBar-application-manageresources-display-component---newResourceUnit--control-anchor"}]}
RESULT: undefined
COMMAND: POST /session/1b8ee17f8917d71088df95937dba9838/element - {"using":"xpath","value":"//*[@id=\"application-manageresources-display-component---newResourceUnit--newRRUPage-anchBar-application-manageresources-display-component---newResourceUnit--control-anchor\"]"}
RESULT: {"using":"xpath","value":"//*[@id=\"application-manageresources-display-component---newResourceUnit--newRRUPage-anchBar-application-manageresources-display-component---newResourceUnit--control-anchor\"]"}
COMMAND: POST /session/1b8ee17f8917d71088df95937dba9838/element/f.F4CCB891D7E11A19B2BEF9298442D512.d.2FBA7C7C482A49E73B5C7FFCA18CD9BE.e.2867/click - {}
RESULT: {}
COMMAND: POST /session/1b8ee17f8917d71088df95937dba9838/execute/async - {"script":"<script> [1562 bytes]","args":[{"selector":{"id":"application-manageresources-display-component---newResourceUnit--PLANNING_GROUP","interaction":{"idSuffix":"inner"}},"wdio_ui5_key":"applicationmanageresources-display-component---newResourceUnit--PLANNING_GROUP"}]}
COMMAND: GET /session/1b8ee17f8917d71088df95937dba9838/screenshot - {}
RESULT: {"script":"<script> [1562 bytes]","args":[{"selector":{"id":"application-manageresources-display-component---newResourceUnit--PLANNING_GROUP","interaction":{"idSuffix":"inner"}},"wdio_ui5_key":"applicationmanageresources-display-component---newResourceUnit--PLANNING_GROUP"}]}
RESULT: undefined
COMMAND: POST /session/1b8ee17f8917d71088df95937dba9838/execute/async - {"script":"<script> [776 bytes]","args":[{"enterText":"Heavy Equi","selector":{"id":"application-manageresources-display-component---newResourceUnit--PLANNING_GROUP","interaction":{"idSuffix":"inner"}},"clearTextFirst":true,"interactionType":"ENTER_TEXT"}]}
RESULT: {}
RESULT: {"script":"<script> [776 bytes]","args":[{"enterText":"Heavy Equi","selector":{"id":"application-manageresources-display-component---newResourceUnit--PLANNING_GROUP","interaction":{"idSuffix":"inner"}},"clearTextFirst":true,"interactionType":"ENTER_TEXT"}]}
COMMAND: POST /session/1b8ee17f8917d71088df95937dba9838/execute/async - {"script":"<script> [1562 bytes]","args":[{"selector":{"id":"application-manageresources-display-component---newResourceUnit--ITEM_TYPE-arrow"},"wdio_ui5_key":"applicationmanageresources-display-component---newResourceUnit--ITEM_TYPE-arrow"}]}
RESULT: {"script":"<script> [1562 bytes]","args":[{"selector":{"id":"application-manageresources-display-component---newResourceUnit--ITEM_TYPE-arrow"},"wdio_ui5_key":"applicationmanageresources-display-component---newResourceUnit--ITEM_TYPE-arrow"}]}
RESULT: undefined
COMMAND: POST /session/1b8ee17f8917d71088df95937dba9838/element - {"using":"xpath","value":"//*[@id=\"application-manageresources-display-component---newResourceUnit--ITEM_TYPE-arrow\"]"}
RESULT: {"using":"xpath","value":"//*[@id=\"application-manageresources-display-component---newResourceUnit--ITEM_TYPE-arrow\"]"}
COMMAND: POST /session/1b8ee17f8917d71088df95937dba9838/element/f.F4CCB891D7E11A19B2BEF9298442D512.d.2FBA7C7C482A49E73B5C7FFCA18CD9BE.e.2872/click - {}
RESULT: {}
COMMAND: POST /session/1b8ee17f8917d71088df95937dba9838/execute/async - {"script":"<script> [1562 bytes]","args":[{"selector":{"controlType":"sap.m.StandardListItem","viewName":"reusables.view.manageresources.NewResourceUnit","viewId":"application-manageresources-display-component---newResourceUnit","properties":{"title":"Resource Unit"},"searchOpenDialogs":true,"interaction":{"idSuffix":"titleText"}},"wdio_ui5_key":"reusablesview.manageresources.NewResourceUnitsap.m.StandardListItem{\"title\":\"Resource Unit\"}"}]}
COMMAND: GET /session/1b8ee17f8917d71088df95937dba9838/screenshot - {}
RESULT: {"script":"<script> [1562 bytes]","args":[{"selector":{"controlType":"sap.m.StandardListItem","viewName":"reusables.view.manageresources.NewResourceUnit","viewId":"application-manageresources-display-component---newResourceUnit","properties":{"title":"Resource Unit"},"searchOpenDialogs":true,"interaction":{"idSuffix":"titleText"}},"wdio_ui5_key":"reusablesview.manageresources.NewResourceUnitsap.m.StandardListItem{\"title\":\"Resource Unit\"}"}]}
RESULT: undefined
COMMAND: POST /session/1b8ee17f8917d71088df95937dba9838/element - {"using":"xpath","value":"//*[@id=\"__item3959\"]"}
RESULT: {}
RESULT: {"using":"xpath","value":"//*[@id=\"__item3959\"]"}
COMMAND: POST /session/1b8ee17f8917d71088df95937dba9838/element/f.F4CCB891D7E11A19B2BEF9298442D512.d.2FBA7C7C482A49E73B5C7FFCA18CD9BE.e.2874/click - {}
RESULT: {}
COMMAND: POST /session/1b8ee17f8917d71088df95937dba9838/element - {"using":"xpath","value":"//bdi[contains(text(), \"Time Segment\")]"}
COMMAND: GET /session/1b8ee17f8917d71088df95937dba9838/screenshot - {}
RESULT: {"using":"xpath","value":"//bdi[contains(text(), \"Time Segment\")]"}
COMMAND: GET /session/1b8ee17f8917d71088df95937dba9838/element/f.F4CCB891D7E11A19B2BEF9298442D512.d.2FBA7C7C482A49E73B5C7FFCA18CD9BE.e.2875/rect - {}
RESULT: {}
RESULT: {}
COMMAND: GET /session/1b8ee17f8917d71088df95937dba9838/window/rect - {}
RESULT: {}
COMMAND: POST /session/1b8ee17f8917d71088df95937dba9838/execute/sync - {"script":"<script> [92 bytes]","args":[]}
RESULT: {"script":"<script> [92 bytes]","args":[]}
COMMAND: POST /session/1b8ee17f8917d71088df95937dba9838/actions - {"actions":[{"id":"action12","type":"wheel","parameters":{},"actions":[{"type":"scroll","x":-1820,"y":-21,"deltaX":0,"deltaY":0,"duration":0,"origin":{"element-6066-11e4-a52e-4f735466cecf":"f.F4CCB891D7E11A19B2BEF9298442D512.d.2FBA7C7C482A49E73B5C7FFCA18CD9BE.e.2875"}}]}]}
COMMAND: GET /session/1b8ee17f8917d71088df95937dba9838/screenshot - {}
RESULT: {}
COMMAND: POST /session/1b8ee17f8917d71088df95937dba9838/execute/sync - {"script":"<script> [79 bytes]","args":[{"element-6066-11e4-a52e-4f735466cecf":"f.F4CCB891D7E11A19B2BEF9298442D512.d.2FBA7C7C482A49E73B5C7FFCA18CD9BE.e.2875","ELEMENT":"f.F4CCB891D7E11A19B2BEF9298442D512.d.2FBA7C7C482A49E73B5C7FFCA18CD9BE.e.2875"},{"block":"start","inline":"nearest"}]}
RESULT: {"script":"<script> [79 bytes]","args":[{"element-6066-11e4-a52e-4f735466cecf":"f.F4CCB891D7E11A19B2BEF9298442D512.d.2FBA7C7C482A49E73B5C7FFCA18CD9BE.e.2875","ELEMENT":"f.F4CCB891D7E11A19B2BEF9298442D512.d.2FBA7C7C482A49E73B5C7FFCA18CD9BE.e.2875"},{"block":"start","inline":"nearest"}]}
COMMAND: POST /session/1b8ee17f8917d71088df95937dba9838/execute/async - {"script":"<script> [1562 bytes]","args":[{"selector":{"id":"application-manageresources-display-component---newResourceUnit--btnAddTimeSegment-img"},"wdio_ui5_key":"applicationmanageresources-display-component---newResourceUnit--btnAddTimeSegment-img"}]}
COMMAND: GET /session/1b8ee17f8917d71088df95937dba9838/screenshot - {}
RESULT: {"script":"<script> [1562 bytes]","args":[{"selector":{"id":"application-manageresources-display-component---newResourceUnit--btnAddTimeSegment-img"},"wdio_ui5_key":"applicationmanageresources-display-component---newResourceUnit--btnAddTimeSegment-img"}]}
RESULT: undefined
COMMAND: POST /session/1b8ee17f8917d71088df95937dba9838/element - {"using":"xpath","value":"//*[@id=\"application-manageresources-display-component---newResourceUnit--btnAddTimeSegment-img\"]"}
RESULT: {}
RESULT: {"using":"xpath","value":"//*[@id=\"application-manageresources-display-component---newResourceUnit--btnAddTimeSegment-img\"]"}
COMMAND: POST /session/1b8ee17f8917d71088df95937dba9838/element/f.F4CCB891D7E11A19B2BEF9298442D512.d.2FBA7C7C482A49E73B5C7FFCA18CD9BE.e.2878/click - {}
RESULT: {}
COMMAND: GET /session/1b8ee17f8917d71088df95937dba9838/screenshot - {}
RESULT: {}
COMMAND: POST /session/1b8ee17f8917d71088df95937dba9838/element - {"using":"xpath","value":"//input[@id=\"application-manageresources-display-component---newResourceUnit--idRuTSAdmin-application-manageresources-display-component---newResourceUnit--RUTimeSegment-0-inner\"]"}
RESULT: {"using":"xpath","value":"//input[@id=\"application-manageresources-display-component---newResourceUnit--idRuTSAdmin-application-manageresources-display-component---newResourceUnit--RUTimeSegment-0-inner\"]"}
COMMAND: POST /session/1b8ee17f8917d71088df95937dba9838/element/f.F4CCB891D7E11A19B2BEF9298442D512.d.2FBA7C7C482A49E73B5C7FFCA18CD9BE.e.2882/clear - {}
RESULT: {}
COMMAND: POST /session/1b8ee17f8917d71088df95937dba9838/element/f.F4CCB891D7E11A19B2BEF9298442D512.d.2FBA7C7C482A49E73B5C7FFCA18CD9BE.e.2882/value - {"text":"webdriveryard"}
COMMAND: GET /session/1b8ee17f8917d71088df95937dba9838/screenshot - {}
RESULT: {"text":"webdriveryard"}
COMMAND: GET /session/1b8ee17f8917d71088df95937dba9838/screenshot - {}
RESULT: {}
RESULT: {}
COMMAND: POST /session/1b8ee17f8917d71088df95937dba9838/actions - {"actions":[{"id":"action13","type":"key","parameters":{},"actions":[{"type":"keyDown","value":""},{"type":"pause","duration":10},{"type":"keyUp","value":""}]}]}
RESULT: {"actions":[{"id":"action13","type":"key","parameters":{},"actions":[{"type":"keyDown","value":""},{"type":"pause","duration":10},{"type":"keyUp","value":""}]}]}
COMMAND: POST /session/1b8ee17f8917d71088df95937dba9838/execute/async - {"script":"<script> [1562 bytes]","args":[{"selector":{"controlType":"sap.ui.core.Icon","viewName":"reusables.view.manageresources.NewResourceUnit","viewId":"application-manageresources-display-component---newResourceUnit","properties":{"src":{"regex":{"source":"slim\\-arrow\\-down"}}},"ancestor":{"controlType":"sap.m.ComboBox","viewName":"reusables.view.manageresources.NewResourceUnit","viewId":"application-manageresources-display-component---newResourceUnit","bindingPath":{"path":"/RESOURCE_UNIT_TIME_SEQUENCES/0","propertyPath":"COST_OBJECT_ADMIN_CST_TYPE","modelName":"oNewRruModel"}}},"wdio_ui5_key":"reusablesview.manageresources.NewResourceUnitsap.ui.core.Icon{\"src\":{\"regex\":{\"source\":\"slim\\\\-arrow\\\\-down\"}}}{\"controlType\":\"sap.m.ComboBox\",\"viewName\":\"reusables.view.manageresources.NewResourceUnit\",\"viewId\":\"application-manageresources-display-component---newResourceUnit\",\"bindingPath\":{\"path\":\"/RESOURCE_UNIT_TIME_SEQUENCES/0\",\"propertyPath\":\"COST_OBJECT_ADMIN_CST_TYPE\",\"modelName\":\"oNewRruModel\"}}"}]}
COMMAND: GET /session/1b8ee17f8917d71088df95937dba9838/screenshot - {}
RESULT: {"script":"<script> [1562 bytes]","args":[{"selector":{"controlType":"sap.ui.core.Icon","viewName":"reusables.view.manageresources.NewResourceUnit","viewId":"application-manageresources-display-component---newResourceUnit","properties":{"src":{"regex":{"source":"slim\\-arrow\\-down"}}},"ancestor":{"controlType":"sap.m.ComboBox","viewName":"reusables.view.manageresources.NewResourceUnit","viewId":"application-manageresources-display-component---newResourceUnit","bindingPath":{"path":"/RESOURCE_UNIT_TIME_SEQUENCES/0","propertyPath":"COST_OBJECT_ADMIN_CST_TYPE","modelName":"oNewRruModel"}}},"wdio_ui5_key":"reusablesview.manageresources.NewResourceUnitsap.ui.core.Icon{\"src\":{\"regex\":{\"source\":\"slim\\\\-arrow\\\\-down\"}}}{\"controlType\":\"sap.m.ComboBox\",\"viewName\":\"reusables.view.manageresources.NewResourceUnit\",\"viewId\":\"application-manageresources-display-component---newResourceUnit\",\"bindingPath\":{\"path\":\"/RESOURCE_UNIT_TIME_SEQUENCES/0\",\"propertyPath\":\"COST_OBJECT_ADMIN_CST_TYPE\",\"modelName\":\"oNewRruModel\"}}"}]}
RESULT: undefined
COMMAND: POST /session/1b8ee17f8917d71088df95937dba9838/element - {"using":"xpath","value":"//*[@id=\"__box58-application-manageresources-display-component---newResourceUnit--RUTimeSegment-0-arrow\"]"}
RESULT: {}
RESULT: {"using":"xpath","value":"//*[@id=\"__box58-application-manageresources-display-component---newResourceUnit--RUTimeSegment-0-arrow\"]"}
COMMAND: POST /session/1b8ee17f8917d71088df95937dba9838/element/f.F4CCB891D7E11A19B2BEF9298442D512.d.2FBA7C7C482A49E73B5C7FFCA18CD9BE.e.2896/click - {}
RESULT: {}
COMMAND: POST /session/1b8ee17f8917d71088df95937dba9838/execute/async - {"script":"<script> [1562 bytes]","args":[{"selector":{"controlType":"sap.m.StandardListItem","viewName":"reusables.view.manageresources.NewResourceUnit","viewId":"application-manageresources-display-component---newResourceUnit","properties":{"title":"PM Order"},"searchOpenDialogs":true,"interaction":{"idSuffix":"titleText"}},"wdio_ui5_key":"reusablesview.manageresources.NewResourceUnitsap.m.StandardListItem{\"title\":\"PM Order\"}"}]}
COMMAND: GET /session/1b8ee17f8917d71088df95937dba9838/screenshot - {}
RESULT: {"script":"<script> [1562 bytes]","args":[{"selector":{"controlType":"sap.m.StandardListItem","viewName":"reusables.view.manageresources.NewResourceUnit","viewId":"application-manageresources-display-component---newResourceUnit","properties":{"title":"PM Order"},"searchOpenDialogs":true,"interaction":{"idSuffix":"titleText"}},"wdio_ui5_key":"reusablesview.manageresources.NewResourceUnitsap.m.StandardListItem{\"title\":\"PM Order\"}"}]}
RESULT: undefined
COMMAND: POST /session/1b8ee17f8917d71088df95937dba9838/element - {"using":"xpath","value":"//*[@id=\"__item4759\"]"}
RESULT: {}
RESULT: {"using":"xpath","value":"//*[@id=\"__item4759\"]"}
COMMAND: POST /session/1b8ee17f8917d71088df95937dba9838/element/f.F4CCB891D7E11A19B2BEF9298442D512.d.2FBA7C7C482A49E73B5C7FFCA18CD9BE.e.2900/click - {}
RESULT: {}
COMMAND: POST /session/1b8ee17f8917d71088df95937dba9838/element - {"using":"xpath","value":"(//input[contains(@id ,\"-application-manageresources-display-component---newResourceUnit--RUTimeSegment-0-inner\")])[8]"}
COMMAND: GET /session/1b8ee17f8917d71088df95937dba9838/screenshot - {}
RESULT: {"using":"xpath","value":"(//input[contains(@id ,\"-application-manageresources-display-component---newResourceUnit--RUTimeSegment-0-inner\")])[8]"}
COMMAND: POST /session/1b8ee17f8917d71088df95937dba9838/element/f.F4CCB891D7E11A19B2BEF9298442D512.d.2FBA7C7C482A49E73B5C7FFCA18CD9BE.e.2888/clear - {}
RESULT: {}
RESULT: {}
COMMAND: POST /session/1b8ee17f8917d71088df95937dba9838/element/f.F4CCB891D7E11A19B2BEF9298442D512.d.2FBA7C7C482A49E73B5C7FFCA18CD9BE.e.2888/value - {"text":"4000360"}
COMMAND: GET /session/1b8ee17f8917d71088df95937dba9838/screenshot - {}
COMMAND: POST /session/1b8ee17f8917d71088df95937dba9838/element - {"using":"xpath","value":"(//input[contains(@id ,\"-application-manageresources-display-component---newResourceUnit--RUTimeSegment-0-inner\")])[8]"}
RESULT: {}
RESULT: {"using":"xpath","value":"(//input[contains(@id ,\"-application-manageresources-display-component---newResourceUnit--RUTimeSegment-0-inner\")])[8]"}
COMMAND: POST /session/1b8ee17f8917d71088df95937dba9838/element/f.F4CCB891D7E11A19B2BEF9298442D512.d.2FBA7C7C482A49E73B5C7FFCA18CD9BE.e.2888/value - {"text":"4000360"}
COMMAND: POST /session/1b8ee17f8917d71088df95937dba9838/element - {"using":"xpath","value":"(//input[contains(@id ,\"-application-manageresources-display-component---newResourceUnit--RUTimeSegment-0-inner\")])[8]"}
RESULT: {"using":"xpath","value":"(//input[contains(@id ,\"-application-manageresources-display-component---newResourceUnit--RUTimeSegment-0-inner\")])[8]"}
COMMAND: POST /session/1b8ee17f8917d71088df95937dba9838/element/f.F4CCB891D7E11A19B2BEF9298442D512.d.2FBA7C7C482A49E73B5C7FFCA18CD9BE.e.2904/value - {"text":"4000360"}
RESULT: {"text":"4000360"}
COMMAND: GET /session/1b8ee17f8917d71088df95937dba9838/screenshot - {}
RESULT: {}
COMMAND: POST /session/1b8ee17f8917d71088df95937dba9838/actions - {"actions":[{"id":"action14","type":"key","parameters":{},"actions":[{"type":"keyDown","value":""},{"type":"pause","duration":10},{"type":"keyUp","value":""}]}]}
RESULT: {"actions":[{"id":"action14","type":"key","parameters":{},"actions":[{"type":"keyDown","value":""},{"type":"pause","duration":10},{"type":"keyUp","value":""}]}]}
COMMAND: GET /session/1b8ee17f8917d71088df95937dba9838/screenshot - {}
RESULT: {}
COMMAND: POST /session/1b8ee17f8917d71088df95937dba9838/element - {"using":"xpath","value":"//input[contains(@id ,\"application-manageresources-display-component---newResourceUnit--newTimeSegmentFromDatePicker-application-manageresources-display-component---newResourceUnit--RUTimeSegment-0-inner\")]"}
RESULT: {"using":"xpath","value":"//input[contains(@id ,\"application-manageresources-display-component---newResourceUnit--newTimeSegmentFromDatePicker-application-manageresources-display-component---newResourceUnit--RUTimeSegment-0-inner\")]"}
COMMAND: POST /session/1b8ee17f8917d71088df95937dba9838/element/f.F4CCB891D7E11A19B2BEF9298442D512.d.2FBA7C7C482A49E73B5C7FFCA18CD9BE.e.2889/clear - {}
RESULT: {}
COMMAND: POST /session/1b8ee17f8917d71088df95937dba9838/element/f.F4CCB891D7E11A19B2BEF9298442D512.d.2FBA7C7C482A49E73B5C7FFCA18CD9BE.e.2889/clear - {}
COMMAND: GET /session/1b8ee17f8917d71088df95937dba9838/screenshot - {}
RESULT: {}
COMMAND: POST /session/1b8ee17f8917d71088df95937dba9838/element/f.F4CCB891D7E11A19B2BEF9298442D512.d.2FBA7C7C482A49E73B5C7FFCA18CD9BE.e.2889/value - {"text":"05/24/24"}
COMMAND: GET /session/1b8ee17f8917d71088df95937dba9838/screenshot - {}
RESULT: {}
RESULT: {"text":"05/24/24"}
COMMAND: POST /session/1b8ee17f8917d71088df95937dba9838/execute/async - {"script":"<script> [1562 bytes]","args":[{"selector":{"id":"application-manageresources-display-component---newResourceUnit--newRRUPage-anchBar-application-manageresources-display-component---newResourceUnit--resource-anchor","interaction":{"idSuffix":"BDI-content"}},"wdio_ui5_key":"applicationmanageresources-display-component---newResourceUnit--newRRUPage-anchBar-application-manageresources-display-component---newResourceUnit--resource-anchor"}]}
COMMAND: GET /session/1b8ee17f8917d71088df95937dba9838/screenshot - {}
RESULT: {}
RESULT: {"script":"<script> [1562 bytes]","args":[{"selector":{"id":"application-manageresources-display-component---newResourceUnit--newRRUPage-anchBar-application-manageresources-display-component---newResourceUnit--resource-anchor","interaction":{"idSuffix":"BDI-content"}},"wdio_ui5_key":"applicationmanageresources-display-component---newResourceUnit--newRRUPage-anchBar-application-manageresources-display-component---newResourceUnit--resource-anchor"}]}
RESULT: undefined
COMMAND: POST /session/1b8ee17f8917d71088df95937dba9838/element - {"using":"xpath","value":"//*[@id=\"application-manageresources-display-component---newResourceUnit--newRRUPage-anchBar-application-manageresources-display-component---newResourceUnit--resource-anchor\"]"}
RESULT: {}
RESULT: {"using":"xpath","value":"//*[@id=\"application-manageresources-display-component---newResourceUnit--newRRUPage-anchBar-application-manageresources-display-component---newResourceUnit--resource-anchor\"]"}
COMMAND: POST /session/1b8ee17f8917d71088df95937dba9838/element/f.F4CCB891D7E11A19B2BEF9298442D512.d.2FBA7C7C482A49E73B5C7FFCA18CD9BE.e.2911/click - {}
RESULT: {}
COMMAND: POST /session/1b8ee17f8917d71088df95937dba9838/execute/async - {"script":"<script> [1562 bytes]","args":[{"selector":{"id":"application-manageresources-display-component---newResourceUnit--PLANNED_DELIVERY_DATE","interaction":{"idSuffix":"inner"}},"wdio_ui5_key":"applicationmanageresources-display-component---newResourceUnit--PLANNED_DELIVERY_DATE"}]}
COMMAND: GET /session/1b8ee17f8917d71088df95937dba9838/screenshot - {}
RESULT: {"script":"<script> [1562 bytes]","args":[{"selector":{"id":"application-manageresources-display-component---newResourceUnit--PLANNED_DELIVERY_DATE","interaction":{"idSuffix":"inner"}},"wdio_ui5_key":"applicationmanageresources-display-component---newResourceUnit--PLANNED_DELIVERY_DATE"}]}
RESULT: undefined
COMMAND: POST /session/1b8ee17f8917d71088df95937dba9838/execute/async - {"script":"<script> [6424 bytes]","args":[{"element-6066-11e4-a52e-4f735466cecf":"f.F4CCB891D7E11A19B2BEF9298442D512.d.2FBA7C7C482A49E73B5C7FFCA18CD9BE.e.2784"},"setValue",["05/24/24"]]}
RESULT: {}
RESULT: {"script":"<script> [6424 bytes]","args":[{"element-6066-11e4-a52e-4f735466cecf":"f.F4CCB891D7E11A19B2BEF9298442D512.d.2FBA7C7C482A49E73B5C7FFCA18CD9BE.e.2784"},"setValue",["05/24/24"]]}
COMMAND: POST /session/1b8ee17f8917d71088df95937dba9838/execute/async - {"script":"<script> [1562 bytes]","args":[{"selector":{"id":"application-manageresources-display-component---newResourceUnit--RETIRE_PLANNED_DATE","interaction":{"idSuffix":"inner"}},"wdio_ui5_key":"applicationmanageresources-display-component---newResourceUnit--RETIRE_PLANNED_DATE"}]}
RESULT: {"script":"<script> [1562 bytes]","args":[{"selector":{"id":"application-manageresources-display-component---newResourceUnit--RETIRE_PLANNED_DATE","interaction":{"idSuffix":"inner"}},"wdio_ui5_key":"applicationmanageresources-display-component---newResourceUnit--RETIRE_PLANNED_DATE"}]}
RESULT: undefined
COMMAND: POST /session/1b8ee17f8917d71088df95937dba9838/execute/async - {"script":"<script> [776 bytes]","args":[{"enterText":"3/14/29","selector":{"id":"application-manageresources-display-component---newResourceUnit--RETIRE_PLANNED_DATE","interaction":{"idSuffix":"inner"}},"clearTextFirst":true,"interactionType":"ENTER_TEXT"}]}
RESULT: {"script":"<script> [776 bytes]","args":[{"enterText":"3/14/29","selector":{"id":"application-manageresources-display-component---newResourceUnit--RETIRE_PLANNED_DATE","interaction":{"idSuffix":"inner"}},"clearTextFirst":true,"interactionType":"ENTER_TEXT"}]}
COMMAND: POST /session/1b8ee17f8917d71088df95937dba9838/execute/async - {"script":"<script> [1562 bytes]","args":[{"selector":{"controlType":"sap.m.Button","viewName":"reusables.view.manageresources.NewResourceUnit","viewId":"application-manageresources-display-component---newResourceUnit","i18NText":{"propertyName":"tooltip","key":"save"},"interaction":{"idSuffix":"BDI-content"}},"wdio_ui5_key":"reusablesview.manageresources.NewResourceUnitsap.m.Button{\"propertyName\":\"tooltip\",\"key\":\"save\"}"}]}
RESULT: {"script":"<script> [1562 bytes]","args":[{"selector":{"controlType":"sap.m.Button","viewName":"reusables.view.manageresources.NewResourceUnit","viewId":"application-manageresources-display-component---newResourceUnit","i18NText":{"propertyName":"tooltip","key":"save"},"interaction":{"idSuffix":"BDI-content"}},"wdio_ui5_key":"reusablesview.manageresources.NewResourceUnitsap.m.Button{\"propertyName\":\"tooltip\",\"key\":\"save\"}"}]}
RESULT: undefined
COMMAND: POST /session/1b8ee17f8917d71088df95937dba9838/element - {"using":"xpath","value":"//*[@id=\"application-manageresources-display-component---newResourceUnit--createRuButton\"]"}
RESULT: {"using":"xpath","value":"//*[@id=\"application-manageresources-display-component---newResourceUnit--createRuButton\"]"}
COMMAND: POST /session/1b8ee17f8917d71088df95937dba9838/element/f.F4CCB891D7E11A19B2BEF9298442D512.d.2FBA7C7C482A49E73B5C7FFCA18CD9BE.e.2744/click - {}
RESULT: {}
COMMAND: GET /session/1b8ee17f8917d71088df95937dba9838/screenshot - {}
RESULT: {}
COMMAND: POST /session/1b8ee17f8917d71088df95937dba9838/execute/async - {"script":"<script> [1562 bytes]","args":[{"selector":{"controlType":"sap.m.Button","properties":{"text":"Close"},"searchOpenDialogs":true,"interaction":{"idSuffix":"inner"}},"wdio_ui5_key":"sapm.Button{\"text\":\"Close\"}"}]}
RESULT: {"script":"<script> [1562 bytes]","args":[{"selector":{"controlType":"sap.m.Button","properties":{"text":"Close"},"searchOpenDialogs":true,"interaction":{"idSuffix":"inner"}},"wdio_ui5_key":"sapm.Button{\"text\":\"Close\"}"}]}
RESULT: undefined
COMMAND: POST /session/1b8ee17f8917d71088df95937dba9838/element - {"using":"xpath","value":"//*[@id=\"__mbox-btn-0\"]"}
RESULT: {"using":"xpath","value":"//*[@id=\"__mbox-btn-0\"]"}
COMMAND: POST /session/1b8ee17f8917d71088df95937dba9838/element/f.F4CCB891D7E11A19B2BEF9298442D512.d.2FBA7C7C482A49E73B5C7FFCA18CD9BE.e.2921/click - {}
RESULT: {}
COMMAND: GET /session/1b8ee17f8917d71088df95937dba9838/screenshot - {}
COMMAND: POST /session/1b8ee17f8917d71088df95937dba9838/execute/async - {"script":"<script> [1562 bytes]","args":[{"selector":{"controlType":"sap.m.Text","viewName":"etm.portal.ui.manageresources.view.Detail","viewId":"application-manageresources-display-component---detailRU","bindingPath":{"propertyPath":"ID","modelName":"catalogModel"}},"wdio_ui5_key":"etmportal.ui.manageresources.view.Detailsap.m.Text{\"propertyPath\":\"ID\",\"modelName\":\"catalogModel\"}"}]}
RESULT: {}
RESULT: {"script":"<script> [1562 bytes]","args":[{"selector":{"controlType":"sap.m.Text","viewName":"etm.portal.ui.manageresources.view.Detail","viewId":"application-manageresources-display-component---detailRU","bindingPath":{"propertyPath":"ID","modelName":"catalogModel"}},"wdio_ui5_key":"etmportal.ui.manageresources.view.Detailsap.m.Text{\"propertyPath\":\"ID\",\"modelName\":\"catalogModel\"}"}]}
RESULT: undefined
COMMAND: POST /session/1b8ee17f8917d71088df95937dba9838/execute/async - {"script":"<script> [6424 bytes]","args":[{"element-6066-11e4-a52e-4f735466cecf":"f.F4CCB891D7E11A19B2BEF9298442D512.d.2FBA7C7C482A49E73B5C7FFCA18CD9BE.e.2974"},"getText",[]]}
RESULT: {"script":"<script> [6424 bytes]","args":[{"element-6066-11e4-a52e-4f735466cecf":"f.F4CCB891D7E11A19B2BEF9298442D512.d.2FBA7C7C482A49E73B5C7FFCA18CD9BE.e.2974"},"getText",[]]}
COMMAND: POST /session/1b8ee17f8917d71088df95937dba9838/element - {"using":"css selector","value":"#shell-header-logo"}
RESULT: {"using":"css selector","value":"#shell-header-logo"}
COMMAND: POST /session/1b8ee17f8917d71088df95937dba9838/element/f.F4CCB891D7E11A19B2BEF9298442D512.d.2FBA7C7C482A49E73B5C7FFCA18CD9BE.e.2369/click - {}
RESULT: {}
COMMAND: GET /session/1b8ee17f8917d71088df95937dba9838/screenshot - {}
RESULT: {}
]]></system-out>
    </testcase>
    <testcase classname="chrome.135_0_7049_42.windows.Verify_RU_inventory_split_cost_information_US139363" name="Should do a stock increase for the equipment" time="75.91">
      <system-out><![CDATA[
COMMAND: POST /session/1b8ee17f8917d71088df95937dba9838/execute/async - {"script":"<script> [1562 bytes]","args":[{"selector":{"controlType":"sap.m.Text","viewName":"etm.portal.ui.managehandoverstile.view.Master","properties":{"text":"Manage Handovers"},"interaction":{"idSuffix":"inner"}},"wdio_ui5_key":"etmportal.ui.managehandoverstile.view.Mastersap.m.Text{\"text\":\"Manage Handovers\"}"}]}
RESULT: {"script":"<script> [1562 bytes]","args":[{"selector":{"controlType":"sap.m.Text","viewName":"etm.portal.ui.managehandoverstile.view.Master","properties":{"text":"Manage Handovers"},"interaction":{"idSuffix":"inner"}},"wdio_ui5_key":"etmportal.ui.managehandoverstile.view.Mastersap.m.Text{\"text\":\"Manage Handovers\"}"}]}
RESULT: undefined
COMMAND: POST /session/1b8ee17f8917d71088df95937dba9838/element - {"using":"xpath","value":"//*[@id=\"__tile130-title\"]"}
RESULT: {"using":"xpath","value":"//*[@id=\"__tile130-title\"]"}
COMMAND: POST /session/1b8ee17f8917d71088df95937dba9838/element/f.F4CCB891D7E11A19B2BEF9298442D512.d.2FBA7C7C482A49E73B5C7FFCA18CD9BE.e.2977/click - {}
RESULT: {}
COMMAND: GET /session/1b8ee17f8917d71088df95937dba9838/screenshot - {}
RESULT: {}
COMMAND: POST /session/1b8ee17f8917d71088df95937dba9838/element - {"using":"xpath","value":"//button[@data-kt=\"masterHOAddButton\"]"}
RESULT: {"using":"xpath","value":"//button[@data-kt=\"masterHOAddButton\"]"}
COMMAND: POST /session/1b8ee17f8917d71088df95937dba9838/execute/sync - {"script":"<script> [8489 bytes]","args":[{"element-6066-11e4-a52e-4f735466cecf":"f.F4CCB891D7E11A19B2BEF9298442D512.d.2FBA7C7C482A49E73B5C7FFCA18CD9BE.e.3004","ELEMENT":"f.F4CCB891D7E11A19B2BEF9298442D512.d.2FBA7C7C482A49E73B5C7FFCA18CD9BE.e.3004"}]}
RESULT: {"script":"<script> [8489 bytes]","args":[{"element-6066-11e4-a52e-4f735466cecf":"f.F4CCB891D7E11A19B2BEF9298442D512.d.2FBA7C7C482A49E73B5C7FFCA18CD9BE.e.3004","ELEMENT":"f.F4CCB891D7E11A19B2BEF9298442D512.d.2FBA7C7C482A49E73B5C7FFCA18CD9BE.e.3004"}]}
COMMAND: POST /session/1b8ee17f8917d71088df95937dba9838/element/f.F4CCB891D7E11A19B2BEF9298442D512.d.2FBA7C7C482A49E73B5C7FFCA18CD9BE.e.3004/click - {}
COMMAND: GET /session/1b8ee17f8917d71088df95937dba9838/screenshot - {}
RESULT: {}
COMMAND: GET /session/1b8ee17f8917d71088df95937dba9838/screenshot - {}
RESULT: {}
COMMAND: POST /session/1b8ee17f8917d71088df95937dba9838/element - {"using":"xpath","value":"//span[contains(@id ,\"AddNewHO--typeSelect-arrow\")]"}
RESULT: {}
RESULT: {"using":"xpath","value":"//span[contains(@id ,\"AddNewHO--typeSelect-arrow\")]"}
COMMAND: POST /session/1b8ee17f8917d71088df95937dba9838/element/f.F4CCB891D7E11A19B2BEF9298442D512.d.2FBA7C7C482A49E73B5C7FFCA18CD9BE.e.3381/click - {}
RESULT: {}
COMMAND: GET /session/1b8ee17f8917d71088df95937dba9838/screenshot - {}
RESULT: {}
COMMAND: POST /session/1b8ee17f8917d71088df95937dba9838/element - {"using":"xpath","value":"(//li[contains(text(), \"stock increase yard\")])[1]"}
RESULT: {"using":"xpath","value":"(//li[contains(text(), \"stock increase yard\")])[1]"}
COMMAND: POST /session/1b8ee17f8917d71088df95937dba9838/element/f.F4CCB891D7E11A19B2BEF9298442D512.d.2FBA7C7C482A49E73B5C7FFCA18CD9BE.e.3382/click - {}
RESULT: {}
COMMAND: GET /session/1b8ee17f8917d71088df95937dba9838/screenshot - {}
RESULT: {}
COMMAND: POST /session/1b8ee17f8917d71088df95937dba9838/execute/async - {"script":"<script> [1562 bytes]","args":[{"selector":{"id":"application-managehandovers-display-component---AddNewHO--dueDate","interaction":{"idSuffix":"inner"}},"wdio_ui5_key":"applicationmanagehandovers-display-component---AddNewHO--dueDate"}]}
RESULT: {"script":"<script> [1562 bytes]","args":[{"selector":{"id":"application-managehandovers-display-component---AddNewHO--dueDate","interaction":{"idSuffix":"inner"}},"wdio_ui5_key":"applicationmanagehandovers-display-component---AddNewHO--dueDate"}]}
RESULT: undefined
COMMAND: POST /session/1b8ee17f8917d71088df95937dba9838/execute/async - {"script":"<script> [6424 bytes]","args":[{"element-6066-11e4-a52e-4f735466cecf":"f.F4CCB891D7E11A19B2BEF9298442D512.d.2FBA7C7C482A49E73B5C7FFCA18CD9BE.e.3384"},"setValue",["04/24/2025"]]}
RESULT: {"script":"<script> [6424 bytes]","args":[{"element-6066-11e4-a52e-4f735466cecf":"f.F4CCB891D7E11A19B2BEF9298442D512.d.2FBA7C7C482A49E73B5C7FFCA18CD9BE.e.3384"},"setValue",["04/24/2025"]]}
COMMAND: POST /session/1b8ee17f8917d71088df95937dba9838/element - {"using":"xpath","value":"//input[@id=\"generalSectionFrg--receiveYard-inner\"]"}
RESULT: {"using":"xpath","value":"//input[@id=\"generalSectionFrg--receiveYard-inner\"]"}
COMMAND: POST /session/1b8ee17f8917d71088df95937dba9838/element/f.F4CCB891D7E11A19B2BEF9298442D512.d.2FBA7C7C482A49E73B5C7FFCA18CD9BE.e.3390/clear - {}
RESULT: {}
COMMAND: POST /session/1b8ee17f8917d71088df95937dba9838/element/f.F4CCB891D7E11A19B2BEF9298442D512.d.2FBA7C7C482A49E73B5C7FFCA18CD9BE.e.3390/value - {"text":"webdriveryard"}
COMMAND: GET /session/1b8ee17f8917d71088df95937dba9838/screenshot - {}
RESULT: {"text":"webdriveryard"}
COMMAND: GET /session/1b8ee17f8917d71088df95937dba9838/screenshot - {}
RESULT: {}
RESULT: {}
COMMAND: POST /session/1b8ee17f8917d71088df95937dba9838/execute/async - {"script":"<script> [1562 bytes]","args":[{"selector":{"id":"application-managehandovers-display-component---AddNewHO--ObjectPageLayout-anchBar-application-managehandovers-display-component---AddNewHO--section4-anchor","interaction":{"idSuffix":"BDI-content"}},"wdio_ui5_key":"applicationmanagehandovers-display-component---AddNewHO--ObjectPageLayout-anchBar-application-managehandovers-display-component---AddNewHO--section4-anchor"}]}
RESULT: {"script":"<script> [1562 bytes]","args":[{"selector":{"id":"application-managehandovers-display-component---AddNewHO--ObjectPageLayout-anchBar-application-managehandovers-display-component---AddNewHO--section4-anchor","interaction":{"idSuffix":"BDI-content"}},"wdio_ui5_key":"applicationmanagehandovers-display-component---AddNewHO--ObjectPageLayout-anchBar-application-managehandovers-display-component---AddNewHO--section4-anchor"}]}
RESULT: undefined
COMMAND: POST /session/1b8ee17f8917d71088df95937dba9838/element - {"using":"xpath","value":"//*[@id=\"application-managehandovers-display-component---AddNewHO--ObjectPageLayout-anchBar-application-managehandovers-display-component---AddNewHO--section4-anchor\"]"}
RESULT: {"using":"xpath","value":"//*[@id=\"application-managehandovers-display-component---AddNewHO--ObjectPageLayout-anchBar-application-managehandovers-display-component---AddNewHO--section4-anchor\"]"}
COMMAND: POST /session/1b8ee17f8917d71088df95937dba9838/element/f.F4CCB891D7E11A19B2BEF9298442D512.d.2FBA7C7C482A49E73B5C7FFCA18CD9BE.e.3410/click - {}
RESULT: {}
COMMAND: GET /session/1b8ee17f8917d71088df95937dba9838/screenshot - {}
RESULT: {}
COMMAND: POST /session/1b8ee17f8917d71088df95937dba9838/element - {"using":"xpath","value":"//button[@aria-label=\"Add\"]"}
RESULT: {"using":"xpath","value":"//button[@aria-label=\"Add\"]"}
COMMAND: POST /session/1b8ee17f8917d71088df95937dba9838/element/f.F4CCB891D7E11A19B2BEF9298442D512.d.2FBA7C7C482A49E73B5C7FFCA18CD9BE.e.3414/click - {}
RESULT: {}
COMMAND: GET /session/1b8ee17f8917d71088df95937dba9838/screenshot - {}
RESULT: {}
COMMAND: POST /session/1b8ee17f8917d71088df95937dba9838/execute/async - {"script":"<script> [1562 bytes]","args":[{"selector":{"id":"application-managehandovers-display-component---AddNewHO--smartFilterBar-btnBasicSearch","searchOpenDialogs":true,"interaction":{"idSuffix":"I"}},"wdio_ui5_key":"applicationmanagehandovers-display-component---AddNewHO--smartFilterBar-btnBasicSearch"}]}
RESULT: {"script":"<script> [1562 bytes]","args":[{"selector":{"id":"application-managehandovers-display-component---AddNewHO--smartFilterBar-btnBasicSearch","searchOpenDialogs":true,"interaction":{"idSuffix":"I"}},"wdio_ui5_key":"applicationmanagehandovers-display-component---AddNewHO--smartFilterBar-btnBasicSearch"}]}
RESULT: undefined
COMMAND: POST /session/1b8ee17f8917d71088df95937dba9838/execute/async - {"script":"<script> [776 bytes]","args":[{"enterText":"WdIOR2cEquipp7j9n","selector":{"id":"application-managehandovers-display-component---AddNewHO--smartFilterBar-btnBasicSearch","searchOpenDialogs":true,"interaction":{"idSuffix":"I"}},"clearTextFirst":true,"interactionType":"ENTER_TEXT"}]}
RESULT: {"script":"<script> [776 bytes]","args":[{"enterText":"WdIOR2cEquipp7j9n","selector":{"id":"application-managehandovers-display-component---AddNewHO--smartFilterBar-btnBasicSearch","searchOpenDialogs":true,"interaction":{"idSuffix":"I"}},"clearTextFirst":true,"interactionType":"ENTER_TEXT"}]}
COMMAND: POST /session/1b8ee17f8917d71088df95937dba9838/actions - {"actions":[{"id":"action15","type":"key","parameters":{},"actions":[{"type":"keyDown","value":""},{"type":"pause","duration":10},{"type":"keyUp","value":""}]}]}
RESULT: {"actions":[{"id":"action15","type":"key","parameters":{},"actions":[{"type":"keyDown","value":""},{"type":"pause","duration":10},{"type":"keyUp","value":""}]}]}
COMMAND: POST /session/1b8ee17f8917d71088df95937dba9838/execute/async - {"script":"<script> [1562 bytes]","args":[{"selector":{"id":"application-managehandovers-display-component---AddNewHO--popup-sa","searchOpenDialogs":true,"interaction":{"idSuffix":"CbBg"}},"wdio_ui5_key":"applicationmanagehandovers-display-component---AddNewHO--popup-sa"}]}
COMMAND: GET /session/1b8ee17f8917d71088df95937dba9838/screenshot - {}
RESULT: {"script":"<script> [1562 bytes]","args":[{"selector":{"id":"application-managehandovers-display-component---AddNewHO--popup-sa","searchOpenDialogs":true,"interaction":{"idSuffix":"CbBg"}},"wdio_ui5_key":"applicationmanagehandovers-display-component---AddNewHO--popup-sa"}]}
RESULT: undefined
COMMAND: POST /session/1b8ee17f8917d71088df95937dba9838/element - {"using":"xpath","value":"//*[@id=\"application-managehandovers-display-component---AddNewHO--popup-sa\"]"}
RESULT: {}
RESULT: {"using":"xpath","value":"//*[@id=\"application-managehandovers-display-component---AddNewHO--popup-sa\"]"}
COMMAND: POST /session/1b8ee17f8917d71088df95937dba9838/element/f.F4CCB891D7E11A19B2BEF9298442D512.d.2FBA7C7C482A49E73B5C7FFCA18CD9BE.e.3568/click - {}
RESULT: {}
COMMAND: GET /session/1b8ee17f8917d71088df95937dba9838/screenshot - {}
RESULT: {}
COMMAND: POST /session/1b8ee17f8917d71088df95937dba9838/element - {"using":"xpath","value":"//bdi[contains(text(), \"Select\")]"}
RESULT: {"using":"xpath","value":"//bdi[contains(text(), \"Select\")]"}
COMMAND: POST /session/1b8ee17f8917d71088df95937dba9838/element/f.F4CCB891D7E11A19B2BEF9298442D512.d.2FBA7C7C482A49E73B5C7FFCA18CD9BE.e.3569/click - {}
RESULT: {}
COMMAND: GET /session/1b8ee17f8917d71088df95937dba9838/screenshot - {}
RESULT: {}
COMMAND: POST /session/1b8ee17f8917d71088df95937dba9838/element - {"using":"xpath","value":"//button[@data-kt=\"AddNewHOSaveButton\"]"}
RESULT: {"using":"xpath","value":"//button[@data-kt=\"AddNewHOSaveButton\"]"}
COMMAND: POST /session/1b8ee17f8917d71088df95937dba9838/element/f.F4CCB891D7E11A19B2BEF9298442D512.d.2FBA7C7C482A49E73B5C7FFCA18CD9BE.e.3573/click - {}
RESULT: {}
COMMAND: GET /session/1b8ee17f8917d71088df95937dba9838/screenshot - {}
RESULT: {}
COMMAND: POST /session/1b8ee17f8917d71088df95937dba9838/execute/async - {"script":"<script> [1562 bytes]","args":[{"selector":{"id":"receiptDatePicker","viewName":"etm.portal.ui.managehandovers.view.DetailExecuteHO","interaction":{"idSuffix":"inner"}},"wdio_ui5_key":"receiptDatePickeretmportal.ui.managehandovers.view.DetailExecuteHO"}]}
RESULT: {"script":"<script> [1562 bytes]","args":[{"selector":{"id":"receiptDatePicker","viewName":"etm.portal.ui.managehandovers.view.DetailExecuteHO","interaction":{"idSuffix":"inner"}},"wdio_ui5_key":"receiptDatePickeretmportal.ui.managehandovers.view.DetailExecuteHO"}]}
RESULT: undefined
COMMAND: POST /session/1b8ee17f8917d71088df95937dba9838/execute/async - {"script":"<script> [6424 bytes]","args":[{"element-6066-11e4-a52e-4f735466cecf":"f.F4CCB891D7E11A19B2BEF9298442D512.d.2FBA7C7C482A49E73B5C7FFCA18CD9BE.e.3602"},"setValue",["04/24/2025"]]}
RESULT: {"script":"<script> [6424 bytes]","args":[{"element-6066-11e4-a52e-4f735466cecf":"f.F4CCB891D7E11A19B2BEF9298442D512.d.2FBA7C7C482A49E73B5C7FFCA18CD9BE.e.3602"},"setValue",["04/24/2025"]]}
COMMAND: POST /session/1b8ee17f8917d71088df95937dba9838/element - {"using":"xpath","value":"//button[@data-kt=\"PickingTableConfirmAllButton\"]"}
RESULT: {"using":"xpath","value":"//button[@data-kt=\"PickingTableConfirmAllButton\"]"}
COMMAND: POST /session/1b8ee17f8917d71088df95937dba9838/element/f.F4CCB891D7E11A19B2BEF9298442D512.d.2FBA7C7C482A49E73B5C7FFCA18CD9BE.e.3618/click - {}
RESULT: {}
COMMAND: GET /session/1b8ee17f8917d71088df95937dba9838/screenshot - {}
RESULT: {}
COMMAND: POST /session/1b8ee17f8917d71088df95937dba9838/element - {"using":"xpath","value":"//bdi[contains(text(), \"OK\")]"}
RESULT: {"using":"xpath","value":"//bdi[contains(text(), \"OK\")]"}
COMMAND: POST /session/1b8ee17f8917d71088df95937dba9838/element/f.F4CCB891D7E11A19B2BEF9298442D512.d.2FBA7C7C482A49E73B5C7FFCA18CD9BE.e.3620/click - {}
RESULT: {}
COMMAND: GET /session/1b8ee17f8917d71088df95937dba9838/screenshot - {}
RESULT: {}
COMMAND: POST /session/1b8ee17f8917d71088df95937dba9838/element - {"using":"xpath","value":"(//bdi[contains(text(), \"Receive\")])[2]"}
RESULT: {"using":"xpath","value":"(//bdi[contains(text(), \"Receive\")])[2]"}
COMMAND: POST /session/1b8ee17f8917d71088df95937dba9838/element/f.F4CCB891D7E11A19B2BEF9298442D512.d.2FBA7C7C482A49E73B5C7FFCA18CD9BE.e.3622/click - {}
RESULT: {}
COMMAND: GET /session/1b8ee17f8917d71088df95937dba9838/screenshot - {}
RESULT: {}
COMMAND: POST /session/1b8ee17f8917d71088df95937dba9838/element - {"using":"css selector","value":"#shell-header-logo"}
RESULT: {"using":"css selector","value":"#shell-header-logo"}
COMMAND: POST /session/1b8ee17f8917d71088df95937dba9838/element/f.F4CCB891D7E11A19B2BEF9298442D512.d.2FBA7C7C482A49E73B5C7FFCA18CD9BE.e.2981/click - {}
RESULT: {}
]]></system-out>
    </testcase>
    <testcase classname="chrome.135_0_7049_42.windows.Verify_RU_inventory_split_cost_information_US139363" name="Should navigate to RU inventory and add the resource to the contract" time="96.547">
      <system-out><![CDATA[
COMMAND: GET /session/1b8ee17f8917d71088df95937dba9838/screenshot - {}
COMMAND: POST /session/1b8ee17f8917d71088df95937dba9838/execute/async - {"script":"<script> [1562 bytes]","args":[{"selector":{"controlType":"sap.m.GenericTile","properties":{"header":"RU Inventory List"}},"wdio_ui5_key":"sapm.GenericTile{\"header\":\"RU Inventory List\"}"}]}
RESULT: {}
RESULT: {"script":"<script> [1562 bytes]","args":[{"selector":{"controlType":"sap.m.GenericTile","properties":{"header":"RU Inventory List"}},"wdio_ui5_key":"sapm.GenericTile{\"header\":\"RU Inventory List\"}"}]}
RESULT: undefined
COMMAND: POST /session/1b8ee17f8917d71088df95937dba9838/element - {"using":"xpath","value":"//*[@id=\"__tile99\"]"}
RESULT: {"using":"xpath","value":"//*[@id=\"__tile99\"]"}
COMMAND: POST /session/1b8ee17f8917d71088df95937dba9838/element/f.F4CCB891D7E11A19B2BEF9298442D512.d.2FBA7C7C482A49E73B5C7FFCA18CD9BE.e.3756/click - {}
RESULT: {}
COMMAND: GET /session/1b8ee17f8917d71088df95937dba9838/screenshot - {}
RESULT: {}
COMMAND: POST /session/1b8ee17f8917d71088df95937dba9838/execute/async - {"script":"<script> [1562 bytes]","args":[{"selector":{"id":"application-ruinventorylist-display-component---Master--smartFilterBar-btnBasicSearch","interaction":{"idSuffix":"I"}},"wdio_ui5_key":"applicationruinventorylist-display-component---Master--smartFilterBar-btnBasicSearch"}]}
RESULT: {"script":"<script> [1562 bytes]","args":[{"selector":{"id":"application-ruinventorylist-display-component---Master--smartFilterBar-btnBasicSearch","interaction":{"idSuffix":"I"}},"wdio_ui5_key":"applicationruinventorylist-display-component---Master--smartFilterBar-btnBasicSearch"}]}
RESULT: undefined
COMMAND: POST /session/1b8ee17f8917d71088df95937dba9838/execute/async - {"script":"<script> [776 bytes]","args":[{"enterText":"WdIOR2cEquipp7j9n","selector":{"id":"application-ruinventorylist-display-component---Master--smartFilterBar-btnBasicSearch","interaction":{"idSuffix":"I"}},"clearTextFirst":true,"interactionType":"ENTER_TEXT"}]}
RESULT: {"script":"<script> [776 bytes]","args":[{"enterText":"WdIOR2cEquipp7j9n","selector":{"id":"application-ruinventorylist-display-component---Master--smartFilterBar-btnBasicSearch","interaction":{"idSuffix":"I"}},"clearTextFirst":true,"interactionType":"ENTER_TEXT"}]}
COMMAND: POST /session/1b8ee17f8917d71088df95937dba9838/actions - {"actions":[{"id":"action16","type":"key","parameters":{},"actions":[{"type":"keyDown","value":""},{"type":"pause","duration":10},{"type":"keyUp","value":""}]}]}
RESULT: {"actions":[{"id":"action16","type":"key","parameters":{},"actions":[{"type":"keyDown","value":""},{"type":"pause","duration":10},{"type":"keyUp","value":""}]}]}
COMMAND: GET /session/1b8ee17f8917d71088df95937dba9838/screenshot - {}
COMMAND: POST /session/1b8ee17f8917d71088df95937dba9838/execute/async - {"script":"<script> [1562 bytes]","args":[{"selector":{"id":"application-ruinventorylist-display-component---Master--smartTableRuInventoryList-header"},"wdio_ui5_key":"applicationruinventorylist-display-component---Master--smartTableRuInventoryList-header"}]}
RESULT: {}
RESULT: {"script":"<script> [1562 bytes]","args":[{"selector":{"id":"application-ruinventorylist-display-component---Master--smartTableRuInventoryList-header"},"wdio_ui5_key":"applicationruinventorylist-display-component---Master--smartTableRuInventoryList-header"}]}
RESULT: undefined
COMMAND: POST /session/1b8ee17f8917d71088df95937dba9838/execute/async - {"script":"<script> [6424 bytes]","args":[{"element-6066-11e4-a52e-4f735466cecf":"f.F4CCB891D7E11A19B2BEF9298442D512.d.2FBA7C7C482A49E73B5C7FFCA18CD9BE.e.3965"},"getText",[]]}
RESULT: {"script":"<script> [6424 bytes]","args":[{"element-6066-11e4-a52e-4f735466cecf":"f.F4CCB891D7E11A19B2BEF9298442D512.d.2FBA7C7C482A49E73B5C7FFCA18CD9BE.e.3965"},"getText",[]]}
COMMAND: POST /session/1b8ee17f8917d71088df95937dba9838/execute/async - {"script":"<script> [1562 bytes]","args":[{"selector":{"id":"application-ruinventorylist-display-component---Master--createContractItemsBtn-img"},"wdio_ui5_key":"applicationruinventorylist-display-component---Master--createContractItemsBtn-img"}]}
RESULT: {"script":"<script> [1562 bytes]","args":[{"selector":{"id":"application-ruinventorylist-display-component---Master--createContractItemsBtn-img"},"wdio_ui5_key":"applicationruinventorylist-display-component---Master--createContractItemsBtn-img"}]}
RESULT: undefined
COMMAND: POST /session/1b8ee17f8917d71088df95937dba9838/element - {"using":"xpath","value":"//*[@id=\"application-ruinventorylist-display-component---Master--createContractItemsBtn-img\"]"}
RESULT: {"using":"xpath","value":"//*[@id=\"application-ruinventorylist-display-component---Master--createContractItemsBtn-img\"]"}
COMMAND: POST /session/1b8ee17f8917d71088df95937dba9838/element/f.F4CCB891D7E11A19B2BEF9298442D512.d.2FBA7C7C482A49E73B5C7FFCA18CD9BE.e.3801/click - {}
RESULT: {}
COMMAND: GET /session/1b8ee17f8917d71088df95937dba9838/screenshot - {}
RESULT: {}
COMMAND: POST /session/1b8ee17f8917d71088df95937dba9838/element - {"using":"xpath","value":"//div[contains(@id ,\"application-ruinventorylist-display-component---Master--tableRuInventoryList-sa-CbBg\")]"}
RESULT: {"using":"xpath","value":"//div[contains(@id ,\"application-ruinventorylist-display-component---Master--tableRuInventoryList-sa-CbBg\")]"}
COMMAND: POST /session/1b8ee17f8917d71088df95937dba9838/element/f.F4CCB891D7E11A19B2BEF9298442D512.d.2FBA7C7C482A49E73B5C7FFCA18CD9BE.e.3974/click - {}
RESULT: {}
RESULT: undefined
COMMAND: POST /session/1b8ee17f8917d71088df95937dba9838/element - {"using":"xpath","value":"//*[@id=\"application-ruinventorylist-display-component---Master--createContractItemsBtn-img\"]"}
COMMAND: GET /session/1b8ee17f8917d71088df95937dba9838/screenshot - {}
RESULT: {"using":"xpath","value":"//*[@id=\"application-ruinventorylist-display-component---Master--createContractItemsBtn-img\"]"}
COMMAND: POST /session/1b8ee17f8917d71088df95937dba9838/element/f.F4CCB891D7E11A19B2BEF9298442D512.d.2FBA7C7C482A49E73B5C7FFCA18CD9BE.e.3801/click - {}
RESULT: {}
RESULT: {}
COMMAND: GET /session/1b8ee17f8917d71088df95937dba9838/screenshot - {}
RESULT: {}
COMMAND: POST /session/1b8ee17f8917d71088df95937dba9838/element - {"using":"xpath","value":"//div[contains(@class ,\"sapMObjStatus sapMObjStatusError sapMObjStatusActive\")]"}
RESULT: {"using":"xpath","value":"//div[contains(@class ,\"sapMObjStatus sapMObjStatusError sapMObjStatusActive\")]"}
COMMAND: POST /session/1b8ee17f8917d71088df95937dba9838/elements - {"using":"xpath","value":"//div[contains(@class ,\"sapMObjStatus sapMObjStatusError sapMObjStatusActive\")]"}
RESULT: {"using":"xpath","value":"//div[contains(@class ,\"sapMObjStatus sapMObjStatusError sapMObjStatusActive\")]"}
COMMAND: POST /session/1b8ee17f8917d71088df95937dba9838/element - {"using":"xpath","value":"//input[contains(@id, \"application-ruinventorylist-display-component---Master--contractCb-inner\")]"}
RESULT: {"using":"xpath","value":"//input[contains(@id, \"application-ruinventorylist-display-component---Master--contractCb-inner\")]"}
COMMAND: POST /session/1b8ee17f8917d71088df95937dba9838/element/f.F4CCB891D7E11A19B2BEF9298442D512.d.2FBA7C7C482A49E73B5C7FFCA18CD9BE.e.3977/clear - {}
RESULT: {}
COMMAND: POST /session/1b8ee17f8917d71088df95937dba9838/element/f.F4CCB891D7E11A19B2BEF9298442D512.d.2FBA7C7C482A49E73B5C7FFCA18CD9BE.e.3977/value - {"text":"10644"}
COMMAND: GET /session/1b8ee17f8917d71088df95937dba9838/screenshot - {}
RESULT: {"text":"10644"}
COMMAND: GET /session/1b8ee17f8917d71088df95937dba9838/screenshot - {}
RESULT: {}
RESULT: {}
COMMAND: POST /session/1b8ee17f8917d71088df95937dba9838/actions - {"actions":[{"id":"action17","type":"key","parameters":{},"actions":[{"type":"keyDown","value":""},{"type":"pause","duration":10},{"type":"keyUp","value":""}]}]}
RESULT: {"actions":[{"id":"action17","type":"key","parameters":{},"actions":[{"type":"keyDown","value":""},{"type":"pause","duration":10},{"type":"keyUp","value":""}]}]}
COMMAND: GET /session/1b8ee17f8917d71088df95937dba9838/screenshot - {}
RESULT: {}
COMMAND: POST /session/1b8ee17f8917d71088df95937dba9838/actions - {"actions":[{"id":"action18","type":"key","parameters":{},"actions":[{"type":"keyDown","value":""},{"type":"pause","duration":10},{"type":"keyUp","value":""}]}]}
RESULT: {"actions":[{"id":"action18","type":"key","parameters":{},"actions":[{"type":"keyDown","value":""},{"type":"pause","duration":10},{"type":"keyUp","value":""}]}]}
COMMAND: GET /session/1b8ee17f8917d71088df95937dba9838/screenshot - {}
RESULT: {}
COMMAND: POST /session/1b8ee17f8917d71088df95937dba9838/element - {"using":"xpath","value":"//input[contains(@id, \"application-ruinventorylist-display-component---Master--endDate-inner\")]"}
RESULT: {"using":"xpath","value":"//input[contains(@id, \"application-ruinventorylist-display-component---Master--endDate-inner\")]"}
COMMAND: POST /session/1b8ee17f8917d71088df95937dba9838/element/f.F4CCB891D7E11A19B2BEF9298442D512.d.2FBA7C7C482A49E73B5C7FFCA18CD9BE.e.3980/clear - {}
RESULT: {}
COMMAND: POST /session/1b8ee17f8917d71088df95937dba9838/element/f.F4CCB891D7E11A19B2BEF9298442D512.d.2FBA7C7C482A49E73B5C7FFCA18CD9BE.e.3980/value - {"text":"04/25/25"}
COMMAND: GET /session/1b8ee17f8917d71088df95937dba9838/screenshot - {}
RESULT: {"text":"04/25/25"}
COMMAND: POST /session/1b8ee17f8917d71088df95937dba9838/element - {"using":"xpath","value":"(//div[contains(@data-kt ,\"characteristicsObjectStatus\")])[2]"}
COMMAND: GET /session/1b8ee17f8917d71088df95937dba9838/screenshot - {}
RESULT: {}
RESULT: {"using":"xpath","value":"(//div[contains(@data-kt ,\"characteristicsObjectStatus\")])[2]"}
COMMAND: POST /session/1b8ee17f8917d71088df95937dba9838/element/f.F4CCB891D7E11A19B2BEF9298442D512.d.2FBA7C7C482A49E73B5C7FFCA18CD9BE.e.3994/click - {}
RESULT: {}
RESULT: {}
COMMAND: GET /session/1b8ee17f8917d71088df95937dba9838/screenshot - {}
RESULT: {}
COMMAND: POST /session/1b8ee17f8917d71088df95937dba9838/element - {"using":"xpath","value":"//span[contains(@id ,\"application-ruinventorylist-display-component---Master--addSplitCharacteristicsRowButton-img\")]"}
RESULT: {"using":"xpath","value":"//span[contains(@id ,\"application-ruinventorylist-display-component---Master--addSplitCharacteristicsRowButton-img\")]"}
COMMAND: POST /session/1b8ee17f8917d71088df95937dba9838/element/f.F4CCB891D7E11A19B2BEF9298442D512.d.2FBA7C7C482A49E73B5C7FFCA18CD9BE.e.3998/click - {}
RESULT: {}
COMMAND: POST /session/1b8ee17f8917d71088df95937dba9838/element - {"using":"xpath","value":"(//input[contains(@id ,\"application-ruinventorylist-display-component---Master--splitCharacteristicsTable-0-inner\")])[1]"}
COMMAND: GET /session/1b8ee17f8917d71088df95937dba9838/screenshot - {}
RESULT: {"using":"xpath","value":"(//input[contains(@id ,\"application-ruinventorylist-display-component---Master--splitCharacteristicsTable-0-inner\")])[1]"}
COMMAND: POST /session/1b8ee17f8917d71088df95937dba9838/element/f.F4CCB891D7E11A19B2BEF9298442D512.d.2FBA7C7C482A49E73B5C7FFCA18CD9BE.e.4000/clear - {}
RESULT: {}
RESULT: {}
COMMAND: POST /session/1b8ee17f8917d71088df95937dba9838/element/f.F4CCB891D7E11A19B2BEF9298442D512.d.2FBA7C7C482A49E73B5C7FFCA18CD9BE.e.4000/value - {"text":"Cost Center"}
COMMAND: GET /session/1b8ee17f8917d71088df95937dba9838/screenshot - {}
RESULT: {"text":"Cost Center"}
RESULT: {}
COMMAND: GET /session/1b8ee17f8917d71088df95937dba9838/screenshot - {}
RESULT: {}
COMMAND: POST /session/1b8ee17f8917d71088df95937dba9838/actions - {"actions":[{"id":"action19","type":"key","parameters":{},"actions":[{"type":"keyDown","value":""},{"type":"pause","duration":10},{"type":"keyUp","value":""}]}]}
RESULT: {"actions":[{"id":"action19","type":"key","parameters":{},"actions":[{"type":"keyDown","value":""},{"type":"pause","duration":10},{"type":"keyUp","value":""}]}]}
COMMAND: POST /session/1b8ee17f8917d71088df95937dba9838/execute/async - {"script":"<script> [1562 bytes]","args":[{"selector":{"controlType":"sap.ui.core.Icon","viewName":"etm.portal.ui.ruinventorylist.view.Master","viewId":"application-ruinventorylist-display-component---Master","properties":{"src":{"regex":{"source":"value\\-help"}}},"searchOpenDialogs":true,"ancestor":{"controlType":"sap.m.ColumnListItem","viewName":"etm.portal.ui.ruinventorylist.view.Master","viewId":"application-ruinventorylist-display-component---Master","bindingPath":{"modelName":"additionalRequiredFields","path":"/currentCharacteristics/0"},"ancestor":{"id":"application-ruinventorylist-display-component---Master--splitCharacteristicsTable","searchOpenDialogs":true}}},"wdio_ui5_key":"etmportal.ui.ruinventorylist.view.Mastersap.ui.core.Icon{\"src\":{\"regex\":{\"source\":\"value\\\\-help\"}}}{\"controlType\":\"sap.m.ColumnListItem\",\"viewName\":\"etm.portal.ui.ruinventorylist.view.Master\",\"viewId\":\"application-ruinventorylist-display-component---Master\",\"bindingPath\":{\"modelName\":\"additionalRequiredFields\",\"path\":\"/currentCharacteristics/0\"},\"ancestor\":{\"id\":\"application-ruinventorylist-display-component---Master--splitCharacteristicsTable\",\"searchOpenDialogs\":true}}"}]}
COMMAND: GET /session/1b8ee17f8917d71088df95937dba9838/screenshot - {}
RESULT: {"script":"<script> [1562 bytes]","args":[{"selector":{"controlType":"sap.ui.core.Icon","viewName":"etm.portal.ui.ruinventorylist.view.Master","viewId":"application-ruinventorylist-display-component---Master","properties":{"src":{"regex":{"source":"value\\-help"}}},"searchOpenDialogs":true,"ancestor":{"controlType":"sap.m.ColumnListItem","viewName":"etm.portal.ui.ruinventorylist.view.Master","viewId":"application-ruinventorylist-display-component---Master","bindingPath":{"modelName":"additionalRequiredFields","path":"/currentCharacteristics/0"},"ancestor":{"id":"application-ruinventorylist-display-component---Master--splitCharacteristicsTable","searchOpenDialogs":true}}},"wdio_ui5_key":"etmportal.ui.ruinventorylist.view.Mastersap.ui.core.Icon{\"src\":{\"regex\":{\"source\":\"value\\\\-help\"}}}{\"controlType\":\"sap.m.ColumnListItem\",\"viewName\":\"etm.portal.ui.ruinventorylist.view.Master\",\"viewId\":\"application-ruinventorylist-display-component---Master\",\"bindingPath\":{\"modelName\":\"additionalRequiredFields\",\"path\":\"/currentCharacteristics/0\"},\"ancestor\":{\"id\":\"application-ruinventorylist-display-component---Master--splitCharacteristicsTable\",\"searchOpenDialogs\":true}}"}]}
RESULT: undefined
COMMAND: POST /session/1b8ee17f8917d71088df95937dba9838/element - {"using":"xpath","value":"//*[@id=\"__help4-application-ruinventorylist-display-component---Master--splitCharacteristicsTable-0-vhi\"]"}
RESULT: {}
RESULT: {"using":"xpath","value":"//*[@id=\"__help4-application-ruinventorylist-display-component---Master--splitCharacteristicsTable-0-vhi\"]"}
COMMAND: POST /session/1b8ee17f8917d71088df95937dba9838/element/f.F4CCB891D7E11A19B2BEF9298442D512.d.2FBA7C7C482A49E73B5C7FFCA18CD9BE.e.4007/click - {}
RESULT: {}
COMMAND: POST /session/1b8ee17f8917d71088df95937dba9838/element - {"using":"xpath","value":"(//input[contains(@aria-label ,\"Search\")])[1]"}
COMMAND: GET /session/1b8ee17f8917d71088df95937dba9838/screenshot - {}
RESULT: {"using":"xpath","value":"(//input[contains(@aria-label ,\"Search\")])[1]"}
COMMAND: POST /session/1b8ee17f8917d71088df95937dba9838/element/f.F4CCB891D7E11A19B2BEF9298442D512.d.2FBA7C7C482A49E73B5C7FFCA18CD9BE.e.4009/clear - {}
RESULT: {}
RESULT: {}
COMMAND: POST /session/1b8ee17f8917d71088df95937dba9838/element/f.F4CCB891D7E11A19B2BEF9298442D512.d.2FBA7C7C482A49E73B5C7FFCA18CD9BE.e.4009/value - {"text":"10001010"}
COMMAND: GET /session/1b8ee17f8917d71088df95937dba9838/screenshot - {}
RESULT: {"text":"10001010"}
COMMAND: POST /session/1b8ee17f8917d71088df95937dba9838/actions - {"actions":[{"id":"action20","type":"key","parameters":{},"actions":[{"type":"keyDown","value":""},{"type":"pause","duration":10},{"type":"keyUp","value":""}]}]}
COMMAND: GET /session/1b8ee17f8917d71088df95937dba9838/screenshot - {}
RESULT: {}
RESULT: {"actions":[{"id":"action20","type":"key","parameters":{},"actions":[{"type":"keyDown","value":""},{"type":"pause","duration":10},{"type":"keyUp","value":""}]}]}
COMMAND: GET /session/1b8ee17f8917d71088df95937dba9838/screenshot - {}
RESULT: {}
RESULT: {}
COMMAND: POST /session/1b8ee17f8917d71088df95937dba9838/element - {"using":"xpath","value":"(//span[contains(text(), \"Purchasing\")])[1]"}
RESULT: {"using":"xpath","value":"(//span[contains(text(), \"Purchasing\")])[1]"}
COMMAND: POST /session/1b8ee17f8917d71088df95937dba9838/element/f.F4CCB891D7E11A19B2BEF9298442D512.d.2FBA7C7C482A49E73B5C7FFCA18CD9BE.e.4046/click - {}
RESULT: {}
COMMAND: GET /session/1b8ee17f8917d71088df95937dba9838/screenshot - {}
RESULT: {}
COMMAND: POST /session/1b8ee17f8917d71088df95937dba9838/element - {"using":"xpath","value":"//span[contains(@id ,\"ok-content\")]"}
RESULT: {"using":"xpath","value":"//span[contains(@id ,\"ok-content\")]"}
COMMAND: POST /session/1b8ee17f8917d71088df95937dba9838/element/f.F4CCB891D7E11A19B2BEF9298442D512.d.2FBA7C7C482A49E73B5C7FFCA18CD9BE.e.4047/click - {}
RESULT: {}
COMMAND: GET /session/1b8ee17f8917d71088df95937dba9838/screenshot - {}
RESULT: {}
COMMAND: POST /session/1b8ee17f8917d71088df95937dba9838/element - {"using":"xpath","value":"//bdi[contains(text(), \"Save\")]"}
RESULT: {"using":"xpath","value":"//bdi[contains(text(), \"Save\")]"}
COMMAND: POST /session/1b8ee17f8917d71088df95937dba9838/element/f.F4CCB891D7E11A19B2BEF9298442D512.d.2FBA7C7C482A49E73B5C7FFCA18CD9BE.e.4050/click - {}
RESULT: {}
COMMAND: GET /session/1b8ee17f8917d71088df95937dba9838/screenshot - {}
RESULT: {}
COMMAND: POST /session/1b8ee17f8917d71088df95937dba9838/element - {"using":"xpath","value":"//bdi[contains(text(), \"OK\")]"}
RESULT: {"using":"xpath","value":"//bdi[contains(text(), \"OK\")]"}
COMMAND: POST /session/1b8ee17f8917d71088df95937dba9838/element/f.F4CCB891D7E11A19B2BEF9298442D512.d.2FBA7C7C482A49E73B5C7FFCA18CD9BE.e.4052/click - {}
RESULT: {}
COMMAND: GET /session/1b8ee17f8917d71088df95937dba9838/screenshot - {}
RESULT: {}
COMMAND: POST /session/1b8ee17f8917d71088df95937dba9838/actions - {"actions":[{"id":"action21","type":"key","parameters":{},"actions":[{"type":"keyDown","value":""},{"type":"pause","duration":10},{"type":"keyUp","value":""}]}]}
RESULT: {"actions":[{"id":"action21","type":"key","parameters":{},"actions":[{"type":"keyDown","value":""},{"type":"pause","duration":10},{"type":"keyUp","value":""}]}]}
COMMAND: GET /session/1b8ee17f8917d71088df95937dba9838/screenshot - {}
RESULT: undefined
RESULT: undefined
COMMAND: POST /session/1b8ee17f8917d71088df95937dba9838/execute/async - {"script":"<script> [1562 bytes]","args":[{"selector":{"controlType":"sap.m.Title","viewName":"etm.portal.ui.managecontracts.view.Detail","properties":{"text":"Contract Items (1)"}},"wdio_ui5_key":"etmportal.ui.managecontracts.view.Detailsap.m.Title{\"text\":\"Contract Items (1)\"}"}]}
RESULT: {}
RESULT: {"script":"<script> [1562 bytes]","args":[{"selector":{"controlType":"sap.m.Title","viewName":"etm.portal.ui.managecontracts.view.Detail","properties":{"text":"Contract Items (1)"}},"wdio_ui5_key":"etmportal.ui.managecontracts.view.Detailsap.m.Title{\"text\":\"Contract Items (1)\"}"}]}
RESULT: undefined
COMMAND: POST /session/1b8ee17f8917d71088df95937dba9838/execute/async - {"script":"<script> [6424 bytes]","args":[{"element-6066-11e4-a52e-4f735466cecf":"f.F4CCB891D7E11A19B2BEF9298442D512.d.2FBA7C7C482A49E73B5C7FFCA18CD9BE.e.4265"},"getText",[]]}
RESULT: {"script":"<script> [6424 bytes]","args":[{"element-6066-11e4-a52e-4f735466cecf":"f.F4CCB891D7E11A19B2BEF9298442D512.d.2FBA7C7C482A49E73B5C7FFCA18CD9BE.e.4265"},"getText",[]]}
COMMAND: POST /session/1b8ee17f8917d71088df95937dba9838/element - {"using":"xpath","value":"//div[contains(@data-kt ,\"characteristicsObjectStatus\")]"}
RESULT: {"using":"xpath","value":"//div[contains(@data-kt ,\"characteristicsObjectStatus\")]"}
COMMAND: POST /session/1b8ee17f8917d71088df95937dba9838/element/f.F4CCB891D7E11A19B2BEF9298442D512.d.2FBA7C7C482A49E73B5C7FFCA18CD9BE.e.4266/click - {}
RESULT: {}
COMMAND: GET /session/1b8ee17f8917d71088df95937dba9838/screenshot - {}
RESULT: {}
COMMAND: POST /session/1b8ee17f8917d71088df95937dba9838/element - {"using":"xpath","value":"(//input[contains(@class ,\"sapMInputBaseInner sapMComboBoxInner\")])[2]"}
RESULT: {"using":"xpath","value":"(//input[contains(@class ,\"sapMInputBaseInner sapMComboBoxInner\")])[2]"}
COMMAND: GET /session/1b8ee17f8917d71088df95937dba9838/element/f.F4CCB891D7E11A19B2BEF9298442D512.d.2FBA7C7C482A49E73B5C7FFCA18CD9BE.e.4272/property/value - {}
RESULT: {}
COMMAND: POST /session/1b8ee17f8917d71088df95937dba9838/element - {"using":"xpath","value":"//span[contains(text(), \"Input (10001010) 10001010 - Purchasing\")]"}
COMMAND: GET /session/1b8ee17f8917d71088df95937dba9838/screenshot - {}
RESULT: {"using":"xpath","value":"//span[contains(text(), \"Input (10001010) 10001010 - Purchasing\")]"}
COMMAND: POST /session/1b8ee17f8917d71088df95937dba9838/elements - {"using":"xpath","value":"//span[contains(text(), \"Input (10001010) 10001010 - Purchasing\")]"}
RESULT: {}
RESULT: {"using":"xpath","value":"//span[contains(text(), \"Input (10001010) 10001010 - Purchasing\")]"}
COMMAND: POST /session/1b8ee17f8917d71088df95937dba9838/elements - {"using":"xpath","value":"//span[contains(text(), \"Input (10001010) 10001010 - Purchasing\")]"}
RESULT: {"using":"xpath","value":"//span[contains(text(), \"Input (10001010) 10001010 - Purchasing\")]"}
COMMAND: POST /session/1b8ee17f8917d71088df95937dba9838/elements - {"using":"xpath","value":"//span[contains(text(), \"Input (10001010) 10001010 - Purchasing\")]"}
RESULT: {"using":"xpath","value":"//span[contains(text(), \"Input (10001010) 10001010 - Purchasing\")]"}
COMMAND: POST /session/1b8ee17f8917d71088df95937dba9838/elements - {"using":"xpath","value":"//span[contains(text(), \"Input (10001010) 10001010 - Purchasing\")]"}
RESULT: {"using":"xpath","value":"//span[contains(text(), \"Input (10001010) 10001010 - Purchasing\")]"}
COMMAND: POST /session/1b8ee17f8917d71088df95937dba9838/elements - {"using":"xpath","value":"//span[contains(text(), \"Input (10001010) 10001010 - Purchasing\")]"}
RESULT: {"using":"xpath","value":"//span[contains(text(), \"Input (10001010) 10001010 - Purchasing\")]"}
COMMAND: POST /session/1b8ee17f8917d71088df95937dba9838/elements - {"using":"xpath","value":"//span[contains(text(), \"Input (10001010) 10001010 - Purchasing\")]"}
RESULT: {"using":"xpath","value":"//span[contains(text(), \"Input (10001010) 10001010 - Purchasing\")]"}
COMMAND: POST /session/1b8ee17f8917d71088df95937dba9838/elements - {"using":"xpath","value":"//span[contains(text(), \"Input (10001010) 10001010 - Purchasing\")]"}
RESULT: {"using":"xpath","value":"//span[contains(text(), \"Input (10001010) 10001010 - Purchasing\")]"}
COMMAND: POST /session/1b8ee17f8917d71088df95937dba9838/elements - {"using":"xpath","value":"//span[contains(text(), \"Input (10001010) 10001010 - Purchasing\")]"}
RESULT: {"using":"xpath","value":"//span[contains(text(), \"Input (10001010) 10001010 - Purchasing\")]"}
COMMAND: POST /session/1b8ee17f8917d71088df95937dba9838/elements - {"using":"xpath","value":"//span[contains(text(), \"Input (10001010) 10001010 - Purchasing\")]"}
RESULT: {"using":"xpath","value":"//span[contains(text(), \"Input (10001010) 10001010 - Purchasing\")]"}
COMMAND: POST /session/1b8ee17f8917d71088df95937dba9838/elements - {"using":"xpath","value":"//span[contains(text(), \"Input (10001010) 10001010 - Purchasing\")]"}
RESULT: {"using":"xpath","value":"//span[contains(text(), \"Input (10001010) 10001010 - Purchasing\")]"}
COMMAND: POST /session/1b8ee17f8917d71088df95937dba9838/elements - {"using":"xpath","value":"//span[contains(text(), \"Input (10001010) 10001010 - Purchasing\")]"}
RESULT: {"using":"xpath","value":"//span[contains(text(), \"Input (10001010) 10001010 - Purchasing\")]"}
COMMAND: POST /session/1b8ee17f8917d71088df95937dba9838/elements - {"using":"xpath","value":"//span[contains(text(), \"Input (10001010) 10001010 - Purchasing\")]"}
RESULT: {"using":"xpath","value":"//span[contains(text(), \"Input (10001010) 10001010 - Purchasing\")]"}
COMMAND: POST /session/1b8ee17f8917d71088df95937dba9838/elements - {"using":"xpath","value":"//span[contains(text(), \"Input (10001010) 10001010 - Purchasing\")]"}
RESULT: {"using":"xpath","value":"//span[contains(text(), \"Input (10001010) 10001010 - Purchasing\")]"}
COMMAND: POST /session/1b8ee17f8917d71088df95937dba9838/elements - {"using":"xpath","value":"//span[contains(text(), \"Input (10001010) 10001010 - Purchasing\")]"}
RESULT: {"using":"xpath","value":"//span[contains(text(), \"Input (10001010) 10001010 - Purchasing\")]"}
COMMAND: POST /session/1b8ee17f8917d71088df95937dba9838/elements - {"using":"xpath","value":"//span[contains(text(), \"Input (10001010) 10001010 - Purchasing\")]"}
RESULT: {"using":"xpath","value":"//span[contains(text(), \"Input (10001010) 10001010 - Purchasing\")]"}
COMMAND: POST /session/1b8ee17f8917d71088df95937dba9838/elements - {"using":"xpath","value":"//span[contains(text(), \"Input (10001010) 10001010 - Purchasing\")]"}
RESULT: {"using":"xpath","value":"//span[contains(text(), \"Input (10001010) 10001010 - Purchasing\")]"}
COMMAND: POST /session/1b8ee17f8917d71088df95937dba9838/elements - {"using":"xpath","value":"//span[contains(text(), \"Input (10001010) 10001010 - Purchasing\")]"}
RESULT: {"using":"xpath","value":"//span[contains(text(), \"Input (10001010) 10001010 - Purchasing\")]"}
COMMAND: POST /session/1b8ee17f8917d71088df95937dba9838/elements - {"using":"xpath","value":"//span[contains(text(), \"Input (10001010) 10001010 - Purchasing\")]"}
RESULT: {"using":"xpath","value":"//span[contains(text(), \"Input (10001010) 10001010 - Purchasing\")]"}
COMMAND: POST /session/1b8ee17f8917d71088df95937dba9838/elements - {"using":"xpath","value":"//span[contains(text(), \"Input (10001010) 10001010 - Purchasing\")]"}
RESULT: {"using":"xpath","value":"//span[contains(text(), \"Input (10001010) 10001010 - Purchasing\")]"}
COMMAND: DELETE /session/1b8ee17f8917d71088df95937dba9838 - {}
RESULT: {}
]]></system-out>
    </testcase>
  </testsuite>
</testsuites>