<?xml version="1.0" encoding="UTF-8"?>
<testsuites tests="48" failures="24" errors="24" skipped="0">
  <testsuite timestamp="2025-05-14T06:07:54" time="956.209" tests="12" failures="6" errors="6" skipped="0">
    <properties>
      <property name="specId" value="0" />
      <property name="suiteName" value="Billing Transfer - Master data &amp; Intercompany US127250" />
      <property name="capabilities" value="chrome.136_0_7103_49.windows" />
      <property name="file" value="file:///D:/a/1/s/test/specs/BTS/billing-transfer-intercompany.spec.js" />
    </properties>
    <testcase classname="chrome.136_0_7103_49.windows.Billing_Transfer_-_Master_data_&amp;_Intercompany_US127250" name="Should create a new yard" time="103.256">
      <system-out><![CDATA[
COMMAND: POST /session/b10d6c442cc9079ac1ad267591374e01/window/fullscreen - {}
RESULT: {}
COMMAND: POST /session/b10d6c442cc9079ac1ad267591374e01/execute/async - {"script":"<script> [1562 bytes]","args":[{"selector":{"controlType":"sap.m.GenericTile","properties":{"header":"Manage Yards"}},"wdio_ui5_key":"sapm.GenericTile{\"header\":\"Manage Yards\"}"}]}
RESULT: {"script":"<script> [1562 bytes]","args":[{"selector":{"controlType":"sap.m.GenericTile","properties":{"header":"Manage Yards"}},"wdio_ui5_key":"sapm.GenericTile{\"header\":\"Manage Yards\"}"}]}
RESULT: undefined
COMMAND: POST /session/b10d6c442cc9079ac1ad267591374e01/element - {"using":"xpath","value":"//*[@id=\"__tile41\"]"}
RESULT: {"using":"xpath","value":"//*[@id=\"__tile41\"]"}
COMMAND: POST /session/b10d6c442cc9079ac1ad267591374e01/element/f.820658ADB2B97F80F3CD4D4B07B1BD52.d.6CCD9887634C6ACFA8C09A4D561E42BA.e.159/click - {}
RESULT: {}
COMMAND: POST /session/b10d6c442cc9079ac1ad267591374e01/element - {"using":"xpath","value":"//button[@data-kt=\"addNewYardOverflowToolbarButton\"]"}
COMMAND: GET /session/b10d6c442cc9079ac1ad267591374e01/screenshot - {}
RESULT: {"using":"xpath","value":"//button[@data-kt=\"addNewYardOverflowToolbarButton\"]"}
COMMAND: POST /session/b10d6c442cc9079ac1ad267591374e01/elements - {"using":"xpath","value":"//button[@data-kt=\"addNewYardOverflowToolbarButton\"]"}
RESULT: {}
RESULT: {"using":"xpath","value":"//button[@data-kt=\"addNewYardOverflowToolbarButton\"]"}
COMMAND: POST /session/b10d6c442cc9079ac1ad267591374e01/elements - {"using":"xpath","value":"//button[@data-kt=\"addNewYardOverflowToolbarButton\"]"}
RESULT: {"using":"xpath","value":"//button[@data-kt=\"addNewYardOverflowToolbarButton\"]"}
COMMAND: POST /session/b10d6c442cc9079ac1ad267591374e01/elements - {"using":"xpath","value":"//button[@data-kt=\"addNewYardOverflowToolbarButton\"]"}
RESULT: {"using":"xpath","value":"//button[@data-kt=\"addNewYardOverflowToolbarButton\"]"}
COMMAND: POST /session/b10d6c442cc9079ac1ad267591374e01/elements - {"using":"xpath","value":"//button[@data-kt=\"addNewYardOverflowToolbarButton\"]"}
RESULT: {"using":"xpath","value":"//button[@data-kt=\"addNewYardOverflowToolbarButton\"]"}
COMMAND: POST /session/b10d6c442cc9079ac1ad267591374e01/elements - {"using":"xpath","value":"//button[@data-kt=\"addNewYardOverflowToolbarButton\"]"}
RESULT: {"using":"xpath","value":"//button[@data-kt=\"addNewYardOverflowToolbarButton\"]"}
COMMAND: POST /session/b10d6c442cc9079ac1ad267591374e01/elements - {"using":"xpath","value":"//button[@data-kt=\"addNewYardOverflowToolbarButton\"]"}
RESULT: {"using":"xpath","value":"//button[@data-kt=\"addNewYardOverflowToolbarButton\"]"}
COMMAND: POST /session/b10d6c442cc9079ac1ad267591374e01/elements - {"using":"xpath","value":"//button[@data-kt=\"addNewYardOverflowToolbarButton\"]"}
RESULT: {"using":"xpath","value":"//button[@data-kt=\"addNewYardOverflowToolbarButton\"]"}
COMMAND: POST /session/b10d6c442cc9079ac1ad267591374e01/elements - {"using":"xpath","value":"//button[@data-kt=\"addNewYardOverflowToolbarButton\"]"}
RESULT: {"using":"xpath","value":"//button[@data-kt=\"addNewYardOverflowToolbarButton\"]"}
COMMAND: POST /session/b10d6c442cc9079ac1ad267591374e01/elements - {"using":"xpath","value":"//button[@data-kt=\"addNewYardOverflowToolbarButton\"]"}
RESULT: {"using":"xpath","value":"//button[@data-kt=\"addNewYardOverflowToolbarButton\"]"}
COMMAND: POST /session/b10d6c442cc9079ac1ad267591374e01/elements - {"using":"xpath","value":"//button[@data-kt=\"addNewYardOverflowToolbarButton\"]"}
RESULT: {"using":"xpath","value":"//button[@data-kt=\"addNewYardOverflowToolbarButton\"]"}
COMMAND: POST /session/b10d6c442cc9079ac1ad267591374e01/elements - {"using":"xpath","value":"//button[@data-kt=\"addNewYardOverflowToolbarButton\"]"}
RESULT: {"using":"xpath","value":"//button[@data-kt=\"addNewYardOverflowToolbarButton\"]"}
COMMAND: POST /session/b10d6c442cc9079ac1ad267591374e01/elements - {"using":"xpath","value":"//button[@data-kt=\"addNewYardOverflowToolbarButton\"]"}
RESULT: {"using":"xpath","value":"//button[@data-kt=\"addNewYardOverflowToolbarButton\"]"}
COMMAND: POST /session/b10d6c442cc9079ac1ad267591374e01/elements - {"using":"xpath","value":"//button[@data-kt=\"addNewYardOverflowToolbarButton\"]"}
RESULT: {"using":"xpath","value":"//button[@data-kt=\"addNewYardOverflowToolbarButton\"]"}
COMMAND: POST /session/b10d6c442cc9079ac1ad267591374e01/elements - {"using":"xpath","value":"//button[@data-kt=\"addNewYardOverflowToolbarButton\"]"}
RESULT: {"using":"xpath","value":"//button[@data-kt=\"addNewYardOverflowToolbarButton\"]"}
COMMAND: POST /session/b10d6c442cc9079ac1ad267591374e01/elements - {"using":"xpath","value":"//button[@data-kt=\"addNewYardOverflowToolbarButton\"]"}
RESULT: {"using":"xpath","value":"//button[@data-kt=\"addNewYardOverflowToolbarButton\"]"}
COMMAND: POST /session/b10d6c442cc9079ac1ad267591374e01/elements - {"using":"xpath","value":"//button[@data-kt=\"addNewYardOverflowToolbarButton\"]"}
RESULT: {"using":"xpath","value":"//button[@data-kt=\"addNewYardOverflowToolbarButton\"]"}
COMMAND: POST /session/b10d6c442cc9079ac1ad267591374e01/elements - {"using":"xpath","value":"//button[@data-kt=\"addNewYardOverflowToolbarButton\"]"}
RESULT: {"using":"xpath","value":"//button[@data-kt=\"addNewYardOverflowToolbarButton\"]"}
COMMAND: POST /session/b10d6c442cc9079ac1ad267591374e01/elements - {"using":"xpath","value":"//button[@data-kt=\"addNewYardOverflowToolbarButton\"]"}
RESULT: {"using":"xpath","value":"//button[@data-kt=\"addNewYardOverflowToolbarButton\"]"}
COMMAND: POST /session/b10d6c442cc9079ac1ad267591374e01/elements - {"using":"xpath","value":"//button[@data-kt=\"addNewYardOverflowToolbarButton\"]"}
RESULT: {"using":"xpath","value":"//button[@data-kt=\"addNewYardOverflowToolbarButton\"]"}
COMMAND: POST /session/b10d6c442cc9079ac1ad267591374e01/element - {"using":"xpath","value":"//button[@data-kt=\"addNewYardOverflowToolbarButton\"]"}
RESULT: {"using":"xpath","value":"//button[@data-kt=\"addNewYardOverflowToolbarButton\"]"}
COMMAND: POST /session/b10d6c442cc9079ac1ad267591374e01/execute/sync - {"script":"<script> [8489 bytes]","args":[{"element-6066-11e4-a52e-4f735466cecf":"f.820658ADB2B97F80F3CD4D4B07B1BD52.d.6CCD9887634C6ACFA8C09A4D561E42BA.e.287","ELEMENT":"f.820658ADB2B97F80F3CD4D4B07B1BD52.d.6CCD9887634C6ACFA8C09A4D561E42BA.e.287"}]}
RESULT: {"script":"<script> [8489 bytes]","args":[{"element-6066-11e4-a52e-4f735466cecf":"f.820658ADB2B97F80F3CD4D4B07B1BD52.d.6CCD9887634C6ACFA8C09A4D561E42BA.e.287","ELEMENT":"f.820658ADB2B97F80F3CD4D4B07B1BD52.d.6CCD9887634C6ACFA8C09A4D561E42BA.e.287"}]}
COMMAND: GET /session/b10d6c442cc9079ac1ad267591374e01/element/f.820658ADB2B97F80F3CD4D4B07B1BD52.d.6CCD9887634C6ACFA8C09A4D561E42BA.e.287/enabled - {}
COMMAND: GET /session/b10d6c442cc9079ac1ad267591374e01/screenshot - {}
RESULT: {}
COMMAND: POST /session/b10d6c442cc9079ac1ad267591374e01/execute/sync - {"script":"<script> [8489 bytes]","args":[{"element-6066-11e4-a52e-4f735466cecf":"f.820658ADB2B97F80F3CD4D4B07B1BD52.d.6CCD9887634C6ACFA8C09A4D561E42BA.e.287","ELEMENT":"f.820658ADB2B97F80F3CD4D4B07B1BD52.d.6CCD9887634C6ACFA8C09A4D561E42BA.e.287"}]}
COMMAND: GET /session/b10d6c442cc9079ac1ad267591374e01/screenshot - {}
RESULT: {}
RESULT: {"script":"<script> [8489 bytes]","args":[{"element-6066-11e4-a52e-4f735466cecf":"f.820658ADB2B97F80F3CD4D4B07B1BD52.d.6CCD9887634C6ACFA8C09A4D561E42BA.e.287","ELEMENT":"f.820658ADB2B97F80F3CD4D4B07B1BD52.d.6CCD9887634C6ACFA8C09A4D561E42BA.e.287"}]}
COMMAND: POST /session/b10d6c442cc9079ac1ad267591374e01/execute/sync - {"script":"<script> [5351 bytes]","args":[{"element-6066-11e4-a52e-4f735466cecf":"f.820658ADB2B97F80F3CD4D4B07B1BD52.d.6CCD9887634C6ACFA8C09A4D561E42BA.e.287","ELEMENT":"f.820658ADB2B97F80F3CD4D4B07B1BD52.d.6CCD9887634C6ACFA8C09A4D561E42BA.e.287"}]}
COMMAND: GET /session/b10d6c442cc9079ac1ad267591374e01/screenshot - {}
RESULT: {}
RESULT: {"script":"<script> [5351 bytes]","args":[{"element-6066-11e4-a52e-4f735466cecf":"f.820658ADB2B97F80F3CD4D4B07B1BD52.d.6CCD9887634C6ACFA8C09A4D561E42BA.e.287","ELEMENT":"f.820658ADB2B97F80F3CD4D4B07B1BD52.d.6CCD9887634C6ACFA8C09A4D561E42BA.e.287"}]}
COMMAND: POST /session/b10d6c442cc9079ac1ad267591374e01/element/f.820658ADB2B97F80F3CD4D4B07B1BD52.d.6CCD9887634C6ACFA8C09A4D561E42BA.e.287/click - {}
COMMAND: GET /session/b10d6c442cc9079ac1ad267591374e01/screenshot - {}
RESULT: {}
RESULT: {}
COMMAND: GET /session/b10d6c442cc9079ac1ad267591374e01/screenshot - {}
COMMAND: POST /session/b10d6c442cc9079ac1ad267591374e01/element - {"using":"xpath","value":"//input[@id=\"application-manageyards-display-component---NewYard--yardId-inner\"]"}
RESULT: {}
RESULT: {}
RESULT: {"using":"xpath","value":"//input[@id=\"application-manageyards-display-component---NewYard--yardId-inner\"]"}
COMMAND: POST /session/b10d6c442cc9079ac1ad267591374e01/element - {"using":"xpath","value":"//input[@id=\"application-manageyards-display-component---NewYard--yardId-inner\"]"}
RESULT: {"using":"xpath","value":"//input[@id=\"application-manageyards-display-component---NewYard--yardId-inner\"]"}
COMMAND: POST /session/b10d6c442cc9079ac1ad267591374e01/execute/async - {"script":"<script> [1562 bytes]","args":[{"selector":{"id":"application-manageyards-display-component---NewYard--addressDetailDetailsName1","interaction":{"idSuffix":"inner"}},"wdio_ui5_key":"applicationmanageyards-display-component---NewYard--addressDetailDetailsName1"}]}
RESULT: {"script":"<script> [1562 bytes]","args":[{"selector":{"id":"application-manageyards-display-component---NewYard--addressDetailDetailsName1","interaction":{"idSuffix":"inner"}},"wdio_ui5_key":"applicationmanageyards-display-component---NewYard--addressDetailDetailsName1"}]}
RESULT: undefined
COMMAND: POST /session/b10d6c442cc9079ac1ad267591374e01/execute/async - {"script":"<script> [776 bytes]","args":[{"enterText":"Intercompany Yard wdIO","selector":{"id":"application-manageyards-display-component---NewYard--addressDetailDetailsName1","interaction":{"idSuffix":"inner"}},"clearTextFirst":true,"interactionType":"ENTER_TEXT"}]}
RESULT: {"script":"<script> [776 bytes]","args":[{"enterText":"Intercompany Yard wdIO","selector":{"id":"application-manageyards-display-component---NewYard--addressDetailDetailsName1","interaction":{"idSuffix":"inner"}},"clearTextFirst":true,"interactionType":"ENTER_TEXT"}]}
COMMAND: POST /session/b10d6c442cc9079ac1ad267591374e01/execute/async - {"script":"<script> [1562 bytes]","args":[{"selector":{"id":"application-manageyards-display-component---NewYard--addressDetailDetailsLanguage-arrow"},"wdio_ui5_key":"applicationmanageyards-display-component---NewYard--addressDetailDetailsLanguage-arrow"}]}
RESULT: {"script":"<script> [1562 bytes]","args":[{"selector":{"id":"application-manageyards-display-component---NewYard--addressDetailDetailsLanguage-arrow"},"wdio_ui5_key":"applicationmanageyards-display-component---NewYard--addressDetailDetailsLanguage-arrow"}]}
RESULT: undefined
COMMAND: POST /session/b10d6c442cc9079ac1ad267591374e01/element - {"using":"xpath","value":"//*[@id=\"application-manageyards-display-component---NewYard--addressDetailDetailsLanguage-arrow\"]"}
RESULT: {"using":"xpath","value":"//*[@id=\"application-manageyards-display-component---NewYard--addressDetailDetailsLanguage-arrow\"]"}
COMMAND: POST /session/b10d6c442cc9079ac1ad267591374e01/element/f.820658ADB2B97F80F3CD4D4B07B1BD52.d.6CCD9887634C6ACFA8C09A4D561E42BA.e.724/click - {}
RESULT: {}
COMMAND: POST /session/b10d6c442cc9079ac1ad267591374e01/element - {"using":"xpath","value":"//span[contains(text(), \"English\")]"}
COMMAND: GET /session/b10d6c442cc9079ac1ad267591374e01/screenshot - {}
RESULT: {"using":"xpath","value":"//span[contains(text(), \"English\")]"}
COMMAND: POST /session/b10d6c442cc9079ac1ad267591374e01/element/f.820658ADB2B97F80F3CD4D4B07B1BD52.d.6CCD9887634C6ACFA8C09A4D561E42BA.e.725/click - {}
RESULT: {}
RESULT: {}
COMMAND: POST /session/b10d6c442cc9079ac1ad267591374e01/execute/async - {"script":"<script> [1562 bytes]","args":[{"selector":{"id":"application-manageyards-display-component---NewYard--addressDetailDetailsCity1","interaction":{"idSuffix":"inner"}},"wdio_ui5_key":"applicationmanageyards-display-component---NewYard--addressDetailDetailsCity1"}]}
COMMAND: GET /session/b10d6c442cc9079ac1ad267591374e01/screenshot - {}
RESULT: {"script":"<script> [1562 bytes]","args":[{"selector":{"id":"application-manageyards-display-component---NewYard--addressDetailDetailsCity1","interaction":{"idSuffix":"inner"}},"wdio_ui5_key":"applicationmanageyards-display-component---NewYard--addressDetailDetailsCity1"}]}
RESULT: undefined
COMMAND: POST /session/b10d6c442cc9079ac1ad267591374e01/execute/async - {"script":"<script> [776 bytes]","args":[{"enterText":"Rosario","selector":{"id":"application-manageyards-display-component---NewYard--addressDetailDetailsCity1","interaction":{"idSuffix":"inner"}},"clearTextFirst":true,"interactionType":"ENTER_TEXT"}]}
RESULT: {}
RESULT: {"script":"<script> [776 bytes]","args":[{"enterText":"Rosario","selector":{"id":"application-manageyards-display-component---NewYard--addressDetailDetailsCity1","interaction":{"idSuffix":"inner"}},"clearTextFirst":true,"interactionType":"ENTER_TEXT"}]}
COMMAND: POST /session/b10d6c442cc9079ac1ad267591374e01/execute/async - {"script":"<script> [1562 bytes]","args":[{"selector":{"id":"application-manageyards-display-component---NewYard--addressDetailDetailsCountry-arrow"},"wdio_ui5_key":"applicationmanageyards-display-component---NewYard--addressDetailDetailsCountry-arrow"}]}
RESULT: {"script":"<script> [1562 bytes]","args":[{"selector":{"id":"application-manageyards-display-component---NewYard--addressDetailDetailsCountry-arrow"},"wdio_ui5_key":"applicationmanageyards-display-component---NewYard--addressDetailDetailsCountry-arrow"}]}
RESULT: undefined
COMMAND: POST /session/b10d6c442cc9079ac1ad267591374e01/element - {"using":"xpath","value":"//*[@id=\"application-manageyards-display-component---NewYard--addressDetailDetailsCountry-arrow\"]"}
RESULT: {"using":"xpath","value":"//*[@id=\"application-manageyards-display-component---NewYard--addressDetailDetailsCountry-arrow\"]"}
COMMAND: POST /session/b10d6c442cc9079ac1ad267591374e01/element/f.820658ADB2B97F80F3CD4D4B07B1BD52.d.6CCD9887634C6ACFA8C09A4D561E42BA.e.727/click - {}
RESULT: {}
COMMAND: POST /session/b10d6c442cc9079ac1ad267591374e01/element - {"using":"xpath","value":"//span[contains(text(), \"Argentina\")]"}
COMMAND: GET /session/b10d6c442cc9079ac1ad267591374e01/screenshot - {}
RESULT: {"using":"xpath","value":"//span[contains(text(), \"Argentina\")]"}
COMMAND: POST /session/b10d6c442cc9079ac1ad267591374e01/element/f.820658ADB2B97F80F3CD4D4B07B1BD52.d.6CCD9887634C6ACFA8C09A4D561E42BA.e.729/click - {}
RESULT: {}
RESULT: {}
COMMAND: POST /session/b10d6c442cc9079ac1ad267591374e01/execute/async - {"script":"<script> [1562 bytes]","args":[{"selector":{"id":"application-manageyards-display-component---NewYard--addressEditDetailsCostObjectCstType-arrow"},"wdio_ui5_key":"applicationmanageyards-display-component---NewYard--addressEditDetailsCostObjectCstType-arrow"}]}
COMMAND: GET /session/b10d6c442cc9079ac1ad267591374e01/screenshot - {}
RESULT: {"script":"<script> [1562 bytes]","args":[{"selector":{"id":"application-manageyards-display-component---NewYard--addressEditDetailsCostObjectCstType-arrow"},"wdio_ui5_key":"applicationmanageyards-display-component---NewYard--addressEditDetailsCostObjectCstType-arrow"}]}
RESULT: undefined
COMMAND: POST /session/b10d6c442cc9079ac1ad267591374e01/element - {"using":"xpath","value":"//*[@id=\"application-manageyards-display-component---NewYard--addressEditDetailsCostObjectCstType-arrow\"]"}
RESULT: {}
RESULT: {"using":"xpath","value":"//*[@id=\"application-manageyards-display-component---NewYard--addressEditDetailsCostObjectCstType-arrow\"]"}
COMMAND: POST /session/b10d6c442cc9079ac1ad267591374e01/element/f.820658ADB2B97F80F3CD4D4B07B1BD52.d.6CCD9887634C6ACFA8C09A4D561E42BA.e.730/click - {}
RESULT: {}
COMMAND: POST /session/b10d6c442cc9079ac1ad267591374e01/element - {"using":"xpath","value":"//span[contains(text(), \"Cost Center\")]"}
COMMAND: GET /session/b10d6c442cc9079ac1ad267591374e01/screenshot - {}
RESULT: {"using":"xpath","value":"//span[contains(text(), \"Cost Center\")]"}
COMMAND: POST /session/b10d6c442cc9079ac1ad267591374e01/element/f.820658ADB2B97F80F3CD4D4B07B1BD52.d.6CCD9887634C6ACFA8C09A4D561E42BA.e.731/click - {}
RESULT: {}
RESULT: {}
COMMAND: GET /session/b10d6c442cc9079ac1ad267591374e01/screenshot - {}
RESULT: {}
COMMAND: POST /session/b10d6c442cc9079ac1ad267591374e01/element - {"using":"xpath","value":"//span[@id=\"application-manageyards-display-component---NewYard--addressNewCostObjectCstID-vhi\"]"}
RESULT: {"using":"xpath","value":"//span[@id=\"application-manageyards-display-component---NewYard--addressNewCostObjectCstID-vhi\"]"}
COMMAND: POST /session/b10d6c442cc9079ac1ad267591374e01/execute/sync - {"script":"<script> [8489 bytes]","args":[{"element-6066-11e4-a52e-4f735466cecf":"f.820658ADB2B97F80F3CD4D4B07B1BD52.d.6CCD9887634C6ACFA8C09A4D561E42BA.e.735","ELEMENT":"f.820658ADB2B97F80F3CD4D4B07B1BD52.d.6CCD9887634C6ACFA8C09A4D561E42BA.e.735"}]}
RESULT: {"script":"<script> [8489 bytes]","args":[{"element-6066-11e4-a52e-4f735466cecf":"f.820658ADB2B97F80F3CD4D4B07B1BD52.d.6CCD9887634C6ACFA8C09A4D561E42BA.e.735","ELEMENT":"f.820658ADB2B97F80F3CD4D4B07B1BD52.d.6CCD9887634C6ACFA8C09A4D561E42BA.e.735"}]}
COMMAND: POST /session/b10d6c442cc9079ac1ad267591374e01/execute/async - {"script":"<script> [1562 bytes]","args":[{"selector":{"id":"application-manageyards-display-component---NewYard--addressNewCostObjectCstID-vhi"},"wdio_ui5_key":"applicationmanageyards-display-component---NewYard--addressNewCostObjectCstID-vhi"}]}
COMMAND: GET /session/b10d6c442cc9079ac1ad267591374e01/screenshot - {}
RESULT: {"script":"<script> [1562 bytes]","args":[{"selector":{"id":"application-manageyards-display-component---NewYard--addressNewCostObjectCstID-vhi"},"wdio_ui5_key":"applicationmanageyards-display-component---NewYard--addressNewCostObjectCstID-vhi"}]}
RESULT: undefined
COMMAND: POST /session/b10d6c442cc9079ac1ad267591374e01/element - {"using":"xpath","value":"//*[@id=\"application-manageyards-display-component---NewYard--addressNewCostObjectCstID-vhi\"]"}
RESULT: {}
RESULT: {"using":"xpath","value":"//*[@id=\"application-manageyards-display-component---NewYard--addressNewCostObjectCstID-vhi\"]"}
COMMAND: POST /session/b10d6c442cc9079ac1ad267591374e01/element/f.820658ADB2B97F80F3CD4D4B07B1BD52.d.6CCD9887634C6ACFA8C09A4D561E42BA.e.735/click - {}
RESULT: {}
COMMAND: GET /session/b10d6c442cc9079ac1ad267591374e01/screenshot - {}
RESULT: {}
COMMAND: POST /session/b10d6c442cc9079ac1ad267591374e01/execute/async - {"script":"<script> [1562 bytes]","args":[{"selector":{"controlType":"sap.m.SearchField","properties":{"placeholder":"Search"},"searchOpenDialogs":true,"interaction":{"idSuffix":"I"}},"wdio_ui5_key":"sapm.SearchField{\"placeholder\":\"Search\"}"}]}
RESULT: {"script":"<script> [1562 bytes]","args":[{"selector":{"controlType":"sap.m.SearchField","properties":{"placeholder":"Search"},"searchOpenDialogs":true,"interaction":{"idSuffix":"I"}},"wdio_ui5_key":"sapm.SearchField{\"placeholder\":\"Search\"}"}]}
RESULT: undefined
COMMAND: POST /session/b10d6c442cc9079ac1ad267591374e01/execute/async - {"script":"<script> [776 bytes]","args":[{"enterText":"10001013","selector":{"controlType":"sap.m.SearchField","properties":{"placeholder":"Search"},"searchOpenDialogs":true,"interaction":{"idSuffix":"I"}},"clearTextFirst":true,"interactionType":"ENTER_TEXT"}]}
RESULT: {"script":"<script> [776 bytes]","args":[{"enterText":"10001013","selector":{"controlType":"sap.m.SearchField","properties":{"placeholder":"Search"},"searchOpenDialogs":true,"interaction":{"idSuffix":"I"}},"clearTextFirst":true,"interactionType":"ENTER_TEXT"}]}
COMMAND: POST /session/b10d6c442cc9079ac1ad267591374e01/actions - {"actions":[{"id":"action1","type":"key","parameters":{},"actions":[{"type":"keyDown","value":"î€‡"},{"type":"pause","duration":10},{"type":"keyUp","value":"î€‡"}]}]}
RESULT: {"actions":[{"id":"action1","type":"key","parameters":{},"actions":[{"type":"keyDown","value":"î€‡"},{"type":"pause","duration":10},{"type":"keyUp","value":"î€‡"}]}]}
COMMAND: GET /session/b10d6c442cc9079ac1ad267591374e01/screenshot - {}
RESULT: {}
COMMAND: POST /session/b10d6c442cc9079ac1ad267591374e01/element - {"using":"xpath","value":"//span[contains(text(), \"General Management\")]"}
RESULT: {"using":"xpath","value":"//span[contains(text(), \"General Management\")]"}
COMMAND: POST /session/b10d6c442cc9079ac1ad267591374e01/element/f.820658ADB2B97F80F3CD4D4B07B1BD52.d.6CCD9887634C6ACFA8C09A4D561E42BA.e.777/click - {}
RESULT: {}
COMMAND: GET /session/b10d6c442cc9079ac1ad267591374e01/screenshot - {}
RESULT: {}
COMMAND: POST /session/b10d6c442cc9079ac1ad267591374e01/element - {"using":"xpath","value":"//bdi[contains(text(), \"OK\")]"}
RESULT: {"using":"xpath","value":"//bdi[contains(text(), \"OK\")]"}
COMMAND: POST /session/b10d6c442cc9079ac1ad267591374e01/element/f.820658ADB2B97F80F3CD4D4B07B1BD52.d.6CCD9887634C6ACFA8C09A4D561E42BA.e.778/click - {}
RESULT: {}
COMMAND: GET /session/b10d6c442cc9079ac1ad267591374e01/screenshot - {}
RESULT: {}
COMMAND: POST /session/b10d6c442cc9079ac1ad267591374e01/execute/async - {"script":"<script> [1562 bytes]","args":[{"selector":{"id":"application-manageyards-display-component---NewYard--addressEditDetailsCurrency-arrow"},"wdio_ui5_key":"applicationmanageyards-display-component---NewYard--addressEditDetailsCurrency-arrow"}]}
RESULT: {"script":"<script> [1562 bytes]","args":[{"selector":{"id":"application-manageyards-display-component---NewYard--addressEditDetailsCurrency-arrow"},"wdio_ui5_key":"applicationmanageyards-display-component---NewYard--addressEditDetailsCurrency-arrow"}]}
RESULT: undefined
COMMAND: POST /session/b10d6c442cc9079ac1ad267591374e01/element - {"using":"xpath","value":"//*[@id=\"application-manageyards-display-component---NewYard--addressEditDetailsCurrency-arrow\"]"}
RESULT: {"using":"xpath","value":"//*[@id=\"application-manageyards-display-component---NewYard--addressEditDetailsCurrency-arrow\"]"}
COMMAND: POST /session/b10d6c442cc9079ac1ad267591374e01/element/f.820658ADB2B97F80F3CD4D4B07B1BD52.d.6CCD9887634C6ACFA8C09A4D561E42BA.e.781/click - {}
RESULT: {}
COMMAND: POST /session/b10d6c442cc9079ac1ad267591374e01/element - {"using":"xpath","value":"//span[contains(text(), \"Euro\")]"}
COMMAND: GET /session/b10d6c442cc9079ac1ad267591374e01/screenshot - {}
RESULT: {"using":"xpath","value":"//span[contains(text(), \"Euro\")]"}
COMMAND: POST /session/b10d6c442cc9079ac1ad267591374e01/element/f.820658ADB2B97F80F3CD4D4B07B1BD52.d.6CCD9887634C6ACFA8C09A4D561E42BA.e.782/click - {}
RESULT: {}
RESULT: {}
COMMAND: POST /session/b10d6c442cc9079ac1ad267591374e01/execute/async - {"script":"<script> [1562 bytes]","args":[{"selector":{"controlType":"sap.m.Input","viewName":"etm.portal.ui.manageyards.view.New","viewId":"application-manageyards-display-component---NewYard","bindingPath":{"path":"","propertyPath":"/CONTROLLING_AREA","modelName":"NewYardModel"},"interaction":{"idSuffix":"inner"}},"wdio_ui5_key":"etmportal.ui.manageyards.view.Newsap.m.Input{\"path\":\"\",\"propertyPath\":\"/CONTROLLING_AREA\",\"modelName\":\"NewYardModel\"}"}]}
COMMAND: GET /session/b10d6c442cc9079ac1ad267591374e01/screenshot - {}
RESULT: {"script":"<script> [1562 bytes]","args":[{"selector":{"controlType":"sap.m.Input","viewName":"etm.portal.ui.manageyards.view.New","viewId":"application-manageyards-display-component---NewYard","bindingPath":{"path":"","propertyPath":"/CONTROLLING_AREA","modelName":"NewYardModel"},"interaction":{"idSuffix":"inner"}},"wdio_ui5_key":"etmportal.ui.manageyards.view.Newsap.m.Input{\"path\":\"\",\"propertyPath\":\"/CONTROLLING_AREA\",\"modelName\":\"NewYardModel\"}"}]}
RESULT: undefined
COMMAND: POST /session/b10d6c442cc9079ac1ad267591374e01/execute/async - {"script":"<script> [776 bytes]","args":[{"enterText":"Z001","selector":{"controlType":"sap.m.Input","viewName":"etm.portal.ui.manageyards.view.New","viewId":"application-manageyards-display-component---NewYard","bindingPath":{"path":"","propertyPath":"/CONTROLLING_AREA","modelName":"NewYardModel"},"interaction":{"idSuffix":"inner"}},"clearTextFirst":true,"interactionType":"ENTER_TEXT"}]}
RESULT: {}
RESULT: {"script":"<script> [776 bytes]","args":[{"enterText":"Z001","selector":{"controlType":"sap.m.Input","viewName":"etm.portal.ui.manageyards.view.New","viewId":"application-manageyards-display-component---NewYard","bindingPath":{"path":"","propertyPath":"/CONTROLLING_AREA","modelName":"NewYardModel"},"interaction":{"idSuffix":"inner"}},"clearTextFirst":true,"interactionType":"ENTER_TEXT"}]}
COMMAND: POST /session/b10d6c442cc9079ac1ad267591374e01/execute/async - {"script":"<script> [1562 bytes]","args":[{"selector":{"id":"application-manageyards-display-component---NewYard--companyCodeComboBox","interaction":{"idSuffix":"inner"}},"wdio_ui5_key":"applicationmanageyards-display-component---NewYard--companyCodeComboBox"}]}
RESULT: {"script":"<script> [1562 bytes]","args":[{"selector":{"id":"application-manageyards-display-component---NewYard--companyCodeComboBox","interaction":{"idSuffix":"inner"}},"wdio_ui5_key":"applicationmanageyards-display-component---NewYard--companyCodeComboBox"}]}
RESULT: undefined
COMMAND: POST /session/b10d6c442cc9079ac1ad267591374e01/execute/async - {"script":"<script> [776 bytes]","args":[{"enterText":"1000","selector":{"id":"application-manageyards-display-component---NewYard--companyCodeComboBox","interaction":{"idSuffix":"inner"}},"clearTextFirst":true,"interactionType":"ENTER_TEXT"}]}
RESULT: {"script":"<script> [776 bytes]","args":[{"enterText":"1000","selector":{"id":"application-manageyards-display-component---NewYard--companyCodeComboBox","interaction":{"idSuffix":"inner"}},"clearTextFirst":true,"interactionType":"ENTER_TEXT"}]}
COMMAND: POST /session/b10d6c442cc9079ac1ad267591374e01/execute/async - {"script":"<script> [1562 bytes]","args":[{"selector":{"controlType":"sap.m.Input","viewName":"etm.portal.ui.manageyards.view.New","viewId":"application-manageyards-display-component---NewYard","bindingPath":{"path":"","propertyPath":"/PLANT","modelName":"NewYardModel"},"interaction":{"idSuffix":"inner"}},"wdio_ui5_key":"etmportal.ui.manageyards.view.Newsap.m.Input{\"path\":\"\",\"propertyPath\":\"/PLANT\",\"modelName\":\"NewYardModel\"}"}]}
RESULT: {"script":"<script> [1562 bytes]","args":[{"selector":{"controlType":"sap.m.Input","viewName":"etm.portal.ui.manageyards.view.New","viewId":"application-manageyards-display-component---NewYard","bindingPath":{"path":"","propertyPath":"/PLANT","modelName":"NewYardModel"},"interaction":{"idSuffix":"inner"}},"wdio_ui5_key":"etmportal.ui.manageyards.view.Newsap.m.Input{\"path\":\"\",\"propertyPath\":\"/PLANT\",\"modelName\":\"NewYardModel\"}"}]}
RESULT: undefined
COMMAND: POST /session/b10d6c442cc9079ac1ad267591374e01/execute/async - {"script":"<script> [776 bytes]","args":[{"enterText":"1001","selector":{"controlType":"sap.m.Input","viewName":"etm.portal.ui.manageyards.view.New","viewId":"application-manageyards-display-component---NewYard","bindingPath":{"path":"","propertyPath":"/PLANT","modelName":"NewYardModel"},"interaction":{"idSuffix":"inner"}},"clearTextFirst":true,"interactionType":"ENTER_TEXT"}]}
RESULT: {"script":"<script> [776 bytes]","args":[{"enterText":"1001","selector":{"controlType":"sap.m.Input","viewName":"etm.portal.ui.manageyards.view.New","viewId":"application-manageyards-display-component---NewYard","bindingPath":{"path":"","propertyPath":"/PLANT","modelName":"NewYardModel"},"interaction":{"idSuffix":"inner"}},"clearTextFirst":true,"interactionType":"ENTER_TEXT"}]}
COMMAND: POST /session/b10d6c442cc9079ac1ad267591374e01/execute/async - {"script":"<script> [1562 bytes]","args":[{"selector":{"controlType":"sap.m.Input","viewName":"etm.portal.ui.manageyards.view.New","viewId":"application-manageyards-display-component---NewYard","bindingPath":{"path":"","propertyPath":"/SALES_AREA_VKORG","modelName":"NewYardModel"},"interaction":{"idSuffix":"inner"}},"wdio_ui5_key":"etmportal.ui.manageyards.view.Newsap.m.Input{\"path\":\"\",\"propertyPath\":\"/SALES_AREA_VKORG\",\"modelName\":\"NewYardModel\"}"}]}
RESULT: {"script":"<script> [1562 bytes]","args":[{"selector":{"controlType":"sap.m.Input","viewName":"etm.portal.ui.manageyards.view.New","viewId":"application-manageyards-display-component---NewYard","bindingPath":{"path":"","propertyPath":"/SALES_AREA_VKORG","modelName":"NewYardModel"},"interaction":{"idSuffix":"inner"}},"wdio_ui5_key":"etmportal.ui.manageyards.view.Newsap.m.Input{\"path\":\"\",\"propertyPath\":\"/SALES_AREA_VKORG\",\"modelName\":\"NewYardModel\"}"}]}
RESULT: undefined
COMMAND: POST /session/b10d6c442cc9079ac1ad267591374e01/execute/async - {"script":"<script> [776 bytes]","args":[{"enterText":"C002","selector":{"controlType":"sap.m.Input","viewName":"etm.portal.ui.manageyards.view.New","viewId":"application-manageyards-display-component---NewYard","bindingPath":{"path":"","propertyPath":"/SALES_AREA_VKORG","modelName":"NewYardModel"},"interaction":{"idSuffix":"inner"}},"clearTextFirst":true,"interactionType":"ENTER_TEXT"}]}
RESULT: {"script":"<script> [776 bytes]","args":[{"enterText":"C002","selector":{"controlType":"sap.m.Input","viewName":"etm.portal.ui.manageyards.view.New","viewId":"application-manageyards-display-component---NewYard","bindingPath":{"path":"","propertyPath":"/SALES_AREA_VKORG","modelName":"NewYardModel"},"interaction":{"idSuffix":"inner"}},"clearTextFirst":true,"interactionType":"ENTER_TEXT"}]}
COMMAND: POST /session/b10d6c442cc9079ac1ad267591374e01/execute/async - {"script":"<script> [1562 bytes]","args":[{"selector":{"controlType":"sap.m.Input","viewName":"etm.portal.ui.manageyards.view.New","viewId":"application-manageyards-display-component---NewYard","bindingPath":{"path":"","propertyPath":"/SALES_AREA_VTWEG","modelName":"NewYardModel"},"interaction":{"idSuffix":"inner"}},"wdio_ui5_key":"etmportal.ui.manageyards.view.Newsap.m.Input{\"path\":\"\",\"propertyPath\":\"/SALES_AREA_VTWEG\",\"modelName\":\"NewYardModel\"}"}]}
RESULT: {"script":"<script> [1562 bytes]","args":[{"selector":{"controlType":"sap.m.Input","viewName":"etm.portal.ui.manageyards.view.New","viewId":"application-manageyards-display-component---NewYard","bindingPath":{"path":"","propertyPath":"/SALES_AREA_VTWEG","modelName":"NewYardModel"},"interaction":{"idSuffix":"inner"}},"wdio_ui5_key":"etmportal.ui.manageyards.view.Newsap.m.Input{\"path\":\"\",\"propertyPath\":\"/SALES_AREA_VTWEG\",\"modelName\":\"NewYardModel\"}"}]}
RESULT: undefined
COMMAND: POST /session/b10d6c442cc9079ac1ad267591374e01/execute/async - {"script":"<script> [776 bytes]","args":[{"enterText":"C2","selector":{"controlType":"sap.m.Input","viewName":"etm.portal.ui.manageyards.view.New","viewId":"application-manageyards-display-component---NewYard","bindingPath":{"path":"","propertyPath":"/SALES_AREA_VTWEG","modelName":"NewYardModel"},"interaction":{"idSuffix":"inner"}},"clearTextFirst":true,"interactionType":"ENTER_TEXT"}]}
RESULT: {"script":"<script> [776 bytes]","args":[{"enterText":"C2","selector":{"controlType":"sap.m.Input","viewName":"etm.portal.ui.manageyards.view.New","viewId":"application-manageyards-display-component---NewYard","bindingPath":{"path":"","propertyPath":"/SALES_AREA_VTWEG","modelName":"NewYardModel"},"interaction":{"idSuffix":"inner"}},"clearTextFirst":true,"interactionType":"ENTER_TEXT"}]}
COMMAND: POST /session/b10d6c442cc9079ac1ad267591374e01/execute/async - {"script":"<script> [1562 bytes]","args":[{"selector":{"controlType":"sap.m.Input","viewName":"etm.portal.ui.manageyards.view.New","viewId":"application-manageyards-display-component---NewYard","bindingPath":{"path":"","propertyPath":"/SALES_AREA_SPART","modelName":"NewYardModel"},"interaction":{"idSuffix":"inner"}},"wdio_ui5_key":"etmportal.ui.manageyards.view.Newsap.m.Input{\"path\":\"\",\"propertyPath\":\"/SALES_AREA_SPART\",\"modelName\":\"NewYardModel\"}"}]}
RESULT: {"script":"<script> [1562 bytes]","args":[{"selector":{"controlType":"sap.m.Input","viewName":"etm.portal.ui.manageyards.view.New","viewId":"application-manageyards-display-component---NewYard","bindingPath":{"path":"","propertyPath":"/SALES_AREA_SPART","modelName":"NewYardModel"},"interaction":{"idSuffix":"inner"}},"wdio_ui5_key":"etmportal.ui.manageyards.view.Newsap.m.Input{\"path\":\"\",\"propertyPath\":\"/SALES_AREA_SPART\",\"modelName\":\"NewYardModel\"}"}]}
RESULT: undefined
COMMAND: POST /session/b10d6c442cc9079ac1ad267591374e01/execute/async - {"script":"<script> [776 bytes]","args":[{"enterText":"C2","selector":{"controlType":"sap.m.Input","viewName":"etm.portal.ui.manageyards.view.New","viewId":"application-manageyards-display-component---NewYard","bindingPath":{"path":"","propertyPath":"/SALES_AREA_SPART","modelName":"NewYardModel"},"interaction":{"idSuffix":"inner"}},"clearTextFirst":true,"interactionType":"ENTER_TEXT"}]}
RESULT: {"script":"<script> [776 bytes]","args":[{"enterText":"C2","selector":{"controlType":"sap.m.Input","viewName":"etm.portal.ui.manageyards.view.New","viewId":"application-manageyards-display-component---NewYard","bindingPath":{"path":"","propertyPath":"/SALES_AREA_SPART","modelName":"NewYardModel"},"interaction":{"idSuffix":"inner"}},"clearTextFirst":true,"interactionType":"ENTER_TEXT"}]}
COMMAND: POST /session/b10d6c442cc9079ac1ad267591374e01/execute/async - {"script":"<script> [1562 bytes]","args":[{"selector":{"controlType":"sap.m.Input","viewName":"etm.portal.ui.manageyards.view.New","viewId":"application-manageyards-display-component---NewYard","bindingPath":{"path":"","propertyPath":"/SHIP_POINT","modelName":"NewYardModel"},"interaction":{"idSuffix":"inner"}},"wdio_ui5_key":"etmportal.ui.manageyards.view.Newsap.m.Input{\"path\":\"\",\"propertyPath\":\"/SHIP_POINT\",\"modelName\":\"NewYardModel\"}"}]}
RESULT: {"script":"<script> [1562 bytes]","args":[{"selector":{"controlType":"sap.m.Input","viewName":"etm.portal.ui.manageyards.view.New","viewId":"application-manageyards-display-component---NewYard","bindingPath":{"path":"","propertyPath":"/SHIP_POINT","modelName":"NewYardModel"},"interaction":{"idSuffix":"inner"}},"wdio_ui5_key":"etmportal.ui.manageyards.view.Newsap.m.Input{\"path\":\"\",\"propertyPath\":\"/SHIP_POINT\",\"modelName\":\"NewYardModel\"}"}]}
RESULT: undefined
COMMAND: POST /session/b10d6c442cc9079ac1ad267591374e01/execute/async - {"script":"<script> [776 bytes]","args":[{"enterText":"1710","selector":{"controlType":"sap.m.Input","viewName":"etm.portal.ui.manageyards.view.New","viewId":"application-manageyards-display-component---NewYard","bindingPath":{"path":"","propertyPath":"/SHIP_POINT","modelName":"NewYardModel"},"interaction":{"idSuffix":"inner"}},"clearTextFirst":true,"interactionType":"ENTER_TEXT"}]}
RESULT: {"script":"<script> [776 bytes]","args":[{"enterText":"1710","selector":{"controlType":"sap.m.Input","viewName":"etm.portal.ui.manageyards.view.New","viewId":"application-manageyards-display-component---NewYard","bindingPath":{"path":"","propertyPath":"/SHIP_POINT","modelName":"NewYardModel"},"interaction":{"idSuffix":"inner"}},"clearTextFirst":true,"interactionType":"ENTER_TEXT"}]}
COMMAND: POST /session/b10d6c442cc9079ac1ad267591374e01/execute/async - {"script":"<script> [1562 bytes]","args":[{"selector":{"controlType":"sap.m.Input","viewName":"etm.portal.ui.manageyards.view.New","viewId":"application-manageyards-display-component---NewYard","bindingPath":{"path":"","propertyPath":"/DELIVERY_TYPE","modelName":"NewYardModel"},"interaction":{"idSuffix":"inner"}},"wdio_ui5_key":"etmportal.ui.manageyards.view.Newsap.m.Input{\"path\":\"\",\"propertyPath\":\"/DELIVERY_TYPE\",\"modelName\":\"NewYardModel\"}"}]}
RESULT: {"script":"<script> [1562 bytes]","args":[{"selector":{"controlType":"sap.m.Input","viewName":"etm.portal.ui.manageyards.view.New","viewId":"application-manageyards-display-component---NewYard","bindingPath":{"path":"","propertyPath":"/DELIVERY_TYPE","modelName":"NewYardModel"},"interaction":{"idSuffix":"inner"}},"wdio_ui5_key":"etmportal.ui.manageyards.view.Newsap.m.Input{\"path\":\"\",\"propertyPath\":\"/DELIVERY_TYPE\",\"modelName\":\"NewYardModel\"}"}]}
RESULT: undefined
COMMAND: POST /session/b10d6c442cc9079ac1ad267591374e01/execute/async - {"script":"<script> [776 bytes]","args":[{"enterText":"ZL01","selector":{"controlType":"sap.m.Input","viewName":"etm.portal.ui.manageyards.view.New","viewId":"application-manageyards-display-component---NewYard","bindingPath":{"path":"","propertyPath":"/DELIVERY_TYPE","modelName":"NewYardModel"},"interaction":{"idSuffix":"inner"}},"clearTextFirst":true,"interactionType":"ENTER_TEXT"}]}
RESULT: {"script":"<script> [776 bytes]","args":[{"enterText":"ZL01","selector":{"controlType":"sap.m.Input","viewName":"etm.portal.ui.manageyards.view.New","viewId":"application-manageyards-display-component---NewYard","bindingPath":{"path":"","propertyPath":"/DELIVERY_TYPE","modelName":"NewYardModel"},"interaction":{"idSuffix":"inner"}},"clearTextFirst":true,"interactionType":"ENTER_TEXT"}]}
COMMAND: POST /session/b10d6c442cc9079ac1ad267591374e01/execute/async - {"script":"<script> [1562 bytes]","args":[{"selector":{"controlType":"sap.m.Input","viewName":"etm.portal.ui.manageyards.view.New","viewId":"application-manageyards-display-component---NewYard","bindingPath":{"path":"","propertyPath":"/AUART","modelName":"NewYardModel"},"interaction":{"idSuffix":"inner"}},"wdio_ui5_key":"etmportal.ui.manageyards.view.Newsap.m.Input{\"path\":\"\",\"propertyPath\":\"/AUART\",\"modelName\":\"NewYardModel\"}"}]}
RESULT: {"script":"<script> [1562 bytes]","args":[{"selector":{"controlType":"sap.m.Input","viewName":"etm.portal.ui.manageyards.view.New","viewId":"application-manageyards-display-component---NewYard","bindingPath":{"path":"","propertyPath":"/AUART","modelName":"NewYardModel"},"interaction":{"idSuffix":"inner"}},"wdio_ui5_key":"etmportal.ui.manageyards.view.Newsap.m.Input{\"path\":\"\",\"propertyPath\":\"/AUART\",\"modelName\":\"NewYardModel\"}"}]}
RESULT: undefined
COMMAND: POST /session/b10d6c442cc9079ac1ad267591374e01/execute/async - {"script":"<script> [776 bytes]","args":[{"enterText":"TA","selector":{"controlType":"sap.m.Input","viewName":"etm.portal.ui.manageyards.view.New","viewId":"application-manageyards-display-component---NewYard","bindingPath":{"path":"","propertyPath":"/AUART","modelName":"NewYardModel"},"interaction":{"idSuffix":"inner"}},"clearTextFirst":true,"interactionType":"ENTER_TEXT"}]}
RESULT: {"script":"<script> [776 bytes]","args":[{"enterText":"TA","selector":{"controlType":"sap.m.Input","viewName":"etm.portal.ui.manageyards.view.New","viewId":"application-manageyards-display-component---NewYard","bindingPath":{"path":"","propertyPath":"/AUART","modelName":"NewYardModel"},"interaction":{"idSuffix":"inner"}},"clearTextFirst":true,"interactionType":"ENTER_TEXT"}]}
COMMAND: POST /session/b10d6c442cc9079ac1ad267591374e01/element - {"using":"xpath","value":"//button[@data-kt=\"newYardSaveButton\"]"}
RESULT: {"using":"xpath","value":"//button[@data-kt=\"newYardSaveButton\"]"}
COMMAND: POST /session/b10d6c442cc9079ac1ad267591374e01/element/f.820658ADB2B97F80F3CD4D4B07B1BD52.d.6CCD9887634C6ACFA8C09A4D561E42BA.e.686/click - {}
RESULT: {}
COMMAND: GET /session/b10d6c442cc9079ac1ad267591374e01/screenshot - {}
RESULT: {}
COMMAND: POST /session/b10d6c442cc9079ac1ad267591374e01/element - {"using":"xpath","value":"//header[contains(@id, 'ObjectPageLayout-headerTitle')]/div[1]/div[2]/div[1]/span[1]"}
RESULT: {"using":"xpath","value":"//header[contains(@id, 'ObjectPageLayout-headerTitle')]/div[1]/div[2]/div[1]/span[1]"}
COMMAND: POST /session/b10d6c442cc9079ac1ad267591374e01/elements - {"using":"xpath","value":"//header[contains(@id, 'ObjectPageLayout-headerTitle')]/div[1]/div[2]/div[1]/span[1]"}
RESULT: {"using":"xpath","value":"//header[contains(@id, 'ObjectPageLayout-headerTitle')]/div[1]/div[2]/div[1]/span[1]"}
COMMAND: POST /session/b10d6c442cc9079ac1ad267591374e01/execute/sync - {"script":"<script> [56 bytes]","args":[{"element-6066-11e4-a52e-4f735466cecf":"f.820658ADB2B97F80F3CD4D4B07B1BD52.d.6CCD9887634C6ACFA8C09A4D561E42BA.e.1012","ELEMENT":"f.820658ADB2B97F80F3CD4D4B07B1BD52.d.6CCD9887634C6ACFA8C09A4D561E42BA.e.1012"}]}
RESULT: {"script":"<script> [56 bytes]","args":[{"element-6066-11e4-a52e-4f735466cecf":"f.820658ADB2B97F80F3CD4D4B07B1BD52.d.6CCD9887634C6ACFA8C09A4D561E42BA.e.1012","ELEMENT":"f.820658ADB2B97F80F3CD4D4B07B1BD52.d.6CCD9887634C6ACFA8C09A4D561E42BA.e.1012"}]}
COMMAND: GET /session/b10d6c442cc9079ac1ad267591374e01/screenshot - {}
RESULT: {}
COMMAND: POST /session/b10d6c442cc9079ac1ad267591374e01/element - {"using":"css selector","value":"#shell-header-logo"}
RESULT: {"using":"css selector","value":"#shell-header-logo"}
COMMAND: POST /session/b10d6c442cc9079ac1ad267591374e01/element/f.820658ADB2B97F80F3CD4D4B07B1BD52.d.6CCD9887634C6ACFA8C09A4D561E42BA.e.257/click - {}
RESULT: {}
COMMAND: GET /session/b10d6c442cc9079ac1ad267591374e01/screenshot - {}
RESULT: {}
COMMAND: POST /session/b10d6c442cc9079ac1ad267591374e01/execute/sync - {"script":"<script> [299 bytes]","args":[["getModel","getResource"]]}
RESULT: {"script":"<script> [299 bytes]","args":[["getModel","getResource"]]}
COMMAND: GET /session/b10d6c442cc9079ac1ad267591374e01/screenshot - {}
]]></system-out>
    </testcase>
    <testcase classname="chrome.136_0_7103_49.windows.Billing_Transfer_-_Master_data_&amp;_Intercompany_US127250" name="Should create a new partner" time="128.396">
      <system-out><![CDATA[
COMMAND: POST /session/b10d6c442cc9079ac1ad267591374e01/window/fullscreen - {}
RESULT: {}
COMMAND: POST /session/b10d6c442cc9079ac1ad267591374e01/execute/async - {"script":"<script> [1562 bytes]","args":[{"selector":{"controlType":"sap.m.GenericTile","properties":{"header":"Manage Partners"}},"wdio_ui5_key":"sapm.GenericTile{\"header\":\"Manage Partners\"}"}]}
RESULT: {}
RESULT: {"script":"<script> [1562 bytes]","args":[{"selector":{"controlType":"sap.m.GenericTile","properties":{"header":"Manage Partners"}},"wdio_ui5_key":"sapm.GenericTile{\"header\":\"Manage Partners\"}"}]}
RESULT: undefined
COMMAND: POST /session/b10d6c442cc9079ac1ad267591374e01/element - {"using":"xpath","value":"//*[@id=\"__tile38\"]"}
RESULT: {"using":"xpath","value":"//*[@id=\"__tile38\"]"}
COMMAND: POST /session/b10d6c442cc9079ac1ad267591374e01/element/f.820658ADB2B97F80F3CD4D4B07B1BD52.d.6CCD9887634C6ACFA8C09A4D561E42BA.e.150/click - {}
RESULT: {}
COMMAND: POST /session/b10d6c442cc9079ac1ad267591374e01/element - {"using":"xpath","value":"//button[@data-kt=\"addButton\"]"}
COMMAND: GET /session/b10d6c442cc9079ac1ad267591374e01/screenshot - {}
RESULT: {"using":"xpath","value":"//button[@data-kt=\"addButton\"]"}
COMMAND: POST /session/b10d6c442cc9079ac1ad267591374e01/elements - {"using":"xpath","value":"//button[@data-kt=\"addButton\"]"}
RESULT: {}
RESULT: {"using":"xpath","value":"//button[@data-kt=\"addButton\"]"}
COMMAND: POST /session/b10d6c442cc9079ac1ad267591374e01/elements - {"using":"xpath","value":"//button[@data-kt=\"addButton\"]"}
RESULT: {"using":"xpath","value":"//button[@data-kt=\"addButton\"]"}
COMMAND: POST /session/b10d6c442cc9079ac1ad267591374e01/elements - {"using":"xpath","value":"//button[@data-kt=\"addButton\"]"}
RESULT: {"using":"xpath","value":"//button[@data-kt=\"addButton\"]"}
COMMAND: POST /session/b10d6c442cc9079ac1ad267591374e01/elements - {"using":"xpath","value":"//button[@data-kt=\"addButton\"]"}
RESULT: {"using":"xpath","value":"//button[@data-kt=\"addButton\"]"}
COMMAND: POST /session/b10d6c442cc9079ac1ad267591374e01/elements - {"using":"xpath","value":"//button[@data-kt=\"addButton\"]"}
RESULT: {"using":"xpath","value":"//button[@data-kt=\"addButton\"]"}
COMMAND: POST /session/b10d6c442cc9079ac1ad267591374e01/elements - {"using":"xpath","value":"//button[@data-kt=\"addButton\"]"}
RESULT: {"using":"xpath","value":"//button[@data-kt=\"addButton\"]"}
COMMAND: POST /session/b10d6c442cc9079ac1ad267591374e01/elements - {"using":"xpath","value":"//button[@data-kt=\"addButton\"]"}
RESULT: {"using":"xpath","value":"//button[@data-kt=\"addButton\"]"}
COMMAND: POST /session/b10d6c442cc9079ac1ad267591374e01/elements - {"using":"xpath","value":"//button[@data-kt=\"addButton\"]"}
RESULT: {"using":"xpath","value":"//button[@data-kt=\"addButton\"]"}
COMMAND: POST /session/b10d6c442cc9079ac1ad267591374e01/elements - {"using":"xpath","value":"//button[@data-kt=\"addButton\"]"}
RESULT: {"using":"xpath","value":"//button[@data-kt=\"addButton\"]"}
COMMAND: POST /session/b10d6c442cc9079ac1ad267591374e01/elements - {"using":"xpath","value":"//button[@data-kt=\"addButton\"]"}
RESULT: {"using":"xpath","value":"//button[@data-kt=\"addButton\"]"}
COMMAND: POST /session/b10d6c442cc9079ac1ad267591374e01/elements - {"using":"xpath","value":"//button[@data-kt=\"addButton\"]"}
RESULT: {"using":"xpath","value":"//button[@data-kt=\"addButton\"]"}
COMMAND: POST /session/b10d6c442cc9079ac1ad267591374e01/elements - {"using":"xpath","value":"//button[@data-kt=\"addButton\"]"}
RESULT: {"using":"xpath","value":"//button[@data-kt=\"addButton\"]"}
COMMAND: POST /session/b10d6c442cc9079ac1ad267591374e01/elements - {"using":"xpath","value":"//button[@data-kt=\"addButton\"]"}
RESULT: {"using":"xpath","value":"//button[@data-kt=\"addButton\"]"}
COMMAND: POST /session/b10d6c442cc9079ac1ad267591374e01/elements - {"using":"xpath","value":"//button[@data-kt=\"addButton\"]"}
RESULT: {"using":"xpath","value":"//button[@data-kt=\"addButton\"]"}
COMMAND: POST /session/b10d6c442cc9079ac1ad267591374e01/elements - {"using":"xpath","value":"//button[@data-kt=\"addButton\"]"}
RESULT: {"using":"xpath","value":"//button[@data-kt=\"addButton\"]"}
COMMAND: POST /session/b10d6c442cc9079ac1ad267591374e01/elements - {"using":"xpath","value":"//button[@data-kt=\"addButton\"]"}
RESULT: {"using":"xpath","value":"//button[@data-kt=\"addButton\"]"}
COMMAND: POST /session/b10d6c442cc9079ac1ad267591374e01/elements - {"using":"xpath","value":"//button[@data-kt=\"addButton\"]"}
RESULT: {"using":"xpath","value":"//button[@data-kt=\"addButton\"]"}
COMMAND: POST /session/b10d6c442cc9079ac1ad267591374e01/elements - {"using":"xpath","value":"//button[@data-kt=\"addButton\"]"}
RESULT: {"using":"xpath","value":"//button[@data-kt=\"addButton\"]"}
COMMAND: POST /session/b10d6c442cc9079ac1ad267591374e01/elements - {"using":"xpath","value":"//button[@data-kt=\"addButton\"]"}
RESULT: {"using":"xpath","value":"//button[@data-kt=\"addButton\"]"}
COMMAND: POST /session/b10d6c442cc9079ac1ad267591374e01/elements - {"using":"xpath","value":"//button[@data-kt=\"addButton\"]"}
RESULT: {"using":"xpath","value":"//button[@data-kt=\"addButton\"]"}
COMMAND: POST /session/b10d6c442cc9079ac1ad267591374e01/elements - {"using":"xpath","value":"//button[@data-kt=\"addButton\"]"}
RESULT: {"using":"xpath","value":"//button[@data-kt=\"addButton\"]"}
COMMAND: POST /session/b10d6c442cc9079ac1ad267591374e01/elements - {"using":"xpath","value":"//button[@data-kt=\"addButton\"]"}
RESULT: {"using":"xpath","value":"//button[@data-kt=\"addButton\"]"}
COMMAND: POST /session/b10d6c442cc9079ac1ad267591374e01/elements - {"using":"xpath","value":"//button[@data-kt=\"addButton\"]"}
RESULT: {"using":"xpath","value":"//button[@data-kt=\"addButton\"]"}
COMMAND: POST /session/b10d6c442cc9079ac1ad267591374e01/elements - {"using":"xpath","value":"//button[@data-kt=\"addButton\"]"}
RESULT: {"using":"xpath","value":"//button[@data-kt=\"addButton\"]"}
COMMAND: POST /session/b10d6c442cc9079ac1ad267591374e01/elements - {"using":"xpath","value":"//button[@data-kt=\"addButton\"]"}
RESULT: {"using":"xpath","value":"//button[@data-kt=\"addButton\"]"}
COMMAND: POST /session/b10d6c442cc9079ac1ad267591374e01/elements - {"using":"xpath","value":"//button[@data-kt=\"addButton\"]"}
RESULT: {"using":"xpath","value":"//button[@data-kt=\"addButton\"]"}
COMMAND: POST /session/b10d6c442cc9079ac1ad267591374e01/elements - {"using":"xpath","value":"//button[@data-kt=\"addButton\"]"}
RESULT: {"using":"xpath","value":"//button[@data-kt=\"addButton\"]"}
COMMAND: POST /session/b10d6c442cc9079ac1ad267591374e01/elements - {"using":"xpath","value":"//button[@data-kt=\"addButton\"]"}
RESULT: {"using":"xpath","value":"//button[@data-kt=\"addButton\"]"}
COMMAND: POST /session/b10d6c442cc9079ac1ad267591374e01/element - {"using":"xpath","value":"//button[@data-kt=\"addButton\"]"}
RESULT: {"using":"xpath","value":"//button[@data-kt=\"addButton\"]"}
COMMAND: POST /session/b10d6c442cc9079ac1ad267591374e01/execute/sync - {"script":"<script> [8489 bytes]","args":[{"element-6066-11e4-a52e-4f735466cecf":"f.820658ADB2B97F80F3CD4D4B07B1BD52.d.6CCD9887634C6ACFA8C09A4D561E42BA.e.1055","ELEMENT":"f.820658ADB2B97F80F3CD4D4B07B1BD52.d.6CCD9887634C6ACFA8C09A4D561E42BA.e.1055"}]}
RESULT: {"script":"<script> [8489 bytes]","args":[{"element-6066-11e4-a52e-4f735466cecf":"f.820658ADB2B97F80F3CD4D4B07B1BD52.d.6CCD9887634C6ACFA8C09A4D561E42BA.e.1055","ELEMENT":"f.820658ADB2B97F80F3CD4D4B07B1BD52.d.6CCD9887634C6ACFA8C09A4D561E42BA.e.1055"}]}
COMMAND: GET /session/b10d6c442cc9079ac1ad267591374e01/element/f.820658ADB2B97F80F3CD4D4B07B1BD52.d.6CCD9887634C6ACFA8C09A4D561E42BA.e.1055/enabled - {}
COMMAND: GET /session/b10d6c442cc9079ac1ad267591374e01/screenshot - {}
RESULT: {}
COMMAND: POST /session/b10d6c442cc9079ac1ad267591374e01/execute/sync - {"script":"<script> [8489 bytes]","args":[{"element-6066-11e4-a52e-4f735466cecf":"f.820658ADB2B97F80F3CD4D4B07B1BD52.d.6CCD9887634C6ACFA8C09A4D561E42BA.e.1055","ELEMENT":"f.820658ADB2B97F80F3CD4D4B07B1BD52.d.6CCD9887634C6ACFA8C09A4D561E42BA.e.1055"}]}
COMMAND: GET /session/b10d6c442cc9079ac1ad267591374e01/screenshot - {}
RESULT: {}
RESULT: {"script":"<script> [8489 bytes]","args":[{"element-6066-11e4-a52e-4f735466cecf":"f.820658ADB2B97F80F3CD4D4B07B1BD52.d.6CCD9887634C6ACFA8C09A4D561E42BA.e.1055","ELEMENT":"f.820658ADB2B97F80F3CD4D4B07B1BD52.d.6CCD9887634C6ACFA8C09A4D561E42BA.e.1055"}]}
COMMAND: POST /session/b10d6c442cc9079ac1ad267591374e01/execute/sync - {"script":"<script> [5351 bytes]","args":[{"element-6066-11e4-a52e-4f735466cecf":"f.820658ADB2B97F80F3CD4D4B07B1BD52.d.6CCD9887634C6ACFA8C09A4D561E42BA.e.1055","ELEMENT":"f.820658ADB2B97F80F3CD4D4B07B1BD52.d.6CCD9887634C6ACFA8C09A4D561E42BA.e.1055"}]}
COMMAND: GET /session/b10d6c442cc9079ac1ad267591374e01/screenshot - {}
RESULT: {}
RESULT: {"script":"<script> [5351 bytes]","args":[{"element-6066-11e4-a52e-4f735466cecf":"f.820658ADB2B97F80F3CD4D4B07B1BD52.d.6CCD9887634C6ACFA8C09A4D561E42BA.e.1055","ELEMENT":"f.820658ADB2B97F80F3CD4D4B07B1BD52.d.6CCD9887634C6ACFA8C09A4D561E42BA.e.1055"}]}
COMMAND: POST /session/b10d6c442cc9079ac1ad267591374e01/element/f.820658ADB2B97F80F3CD4D4B07B1BD52.d.6CCD9887634C6ACFA8C09A4D561E42BA.e.1055/click - {}
COMMAND: GET /session/b10d6c442cc9079ac1ad267591374e01/screenshot - {}
RESULT: {}
RESULT: {}
COMMAND: GET /session/b10d6c442cc9079ac1ad267591374e01/screenshot - {}
RESULT: {}
COMMAND: POST /session/b10d6c442cc9079ac1ad267591374e01/execute/async - {"script":"<script> [1562 bytes]","args":[{"selector":{"id":"application-managepartners-display-component---NewPartner--addressDetailDetailsName1","interaction":{"idSuffix":"inner"}},"wdio_ui5_key":"applicationmanagepartners-display-component---NewPartner--addressDetailDetailsName1"}]}
RESULT: {}
RESULT: {"script":"<script> [1562 bytes]","args":[{"selector":{"id":"application-managepartners-display-component---NewPartner--addressDetailDetailsName1","interaction":{"idSuffix":"inner"}},"wdio_ui5_key":"applicationmanagepartners-display-component---NewPartner--addressDetailDetailsName1"}]}
RESULT: undefined
COMMAND: POST /session/b10d6c442cc9079ac1ad267591374e01/execute/async - {"script":"<script> [776 bytes]","args":[{"enterText":"Intercompany Partner WDIO","selector":{"id":"application-managepartners-display-component---NewPartner--addressDetailDetailsName1","interaction":{"idSuffix":"inner"}},"clearTextFirst":true,"interactionType":"ENTER_TEXT"}]}
RESULT: {"script":"<script> [776 bytes]","args":[{"enterText":"Intercompany Partner WDIO","selector":{"id":"application-managepartners-display-component---NewPartner--addressDetailDetailsName1","interaction":{"idSuffix":"inner"}},"clearTextFirst":true,"interactionType":"ENTER_TEXT"}]}
COMMAND: POST /session/b10d6c442cc9079ac1ad267591374e01/execute/async - {"script":"<script> [1562 bytes]","args":[{"selector":{"id":"application-managepartners-display-component---NewPartner--addressDetailDetailsLanguage-arrow"},"wdio_ui5_key":"applicationmanagepartners-display-component---NewPartner--addressDetailDetailsLanguage-arrow"}]}
RESULT: {"script":"<script> [1562 bytes]","args":[{"selector":{"id":"application-managepartners-display-component---NewPartner--addressDetailDetailsLanguage-arrow"},"wdio_ui5_key":"applicationmanagepartners-display-component---NewPartner--addressDetailDetailsLanguage-arrow"}]}
RESULT: undefined
COMMAND: POST /session/b10d6c442cc9079ac1ad267591374e01/element - {"using":"xpath","value":"//*[@id=\"application-managepartners-display-component---NewPartner--addressDetailDetailsLanguage-arrow\"]"}
RESULT: {"using":"xpath","value":"//*[@id=\"application-managepartners-display-component---NewPartner--addressDetailDetailsLanguage-arrow\"]"}
COMMAND: POST /session/b10d6c442cc9079ac1ad267591374e01/element/f.820658ADB2B97F80F3CD4D4B07B1BD52.d.6CCD9887634C6ACFA8C09A4D561E42BA.e.1499/click - {}
RESULT: {}
COMMAND: POST /session/b10d6c442cc9079ac1ad267591374e01/element - {"using":"xpath","value":"//span[contains(text(), \"English\")]"}
COMMAND: GET /session/b10d6c442cc9079ac1ad267591374e01/screenshot - {}
RESULT: {"using":"xpath","value":"//span[contains(text(), \"English\")]"}
COMMAND: POST /session/b10d6c442cc9079ac1ad267591374e01/element/f.820658ADB2B97F80F3CD4D4B07B1BD52.d.6CCD9887634C6ACFA8C09A4D561E42BA.e.1500/click - {}
RESULT: {}
RESULT: {}
COMMAND: GET /session/b10d6c442cc9079ac1ad267591374e01/screenshot - {}
RESULT: {}
COMMAND: POST /session/b10d6c442cc9079ac1ad267591374e01/execute/async - {"script":"<script> [1562 bytes]","args":[{"selector":{"id":"application-managepartners-display-component---NewPartner--addressDetailDetailsCity1","interaction":{"idSuffix":"inner"}},"wdio_ui5_key":"applicationmanagepartners-display-component---NewPartner--addressDetailDetailsCity1"}]}
RESULT: {"script":"<script> [1562 bytes]","args":[{"selector":{"id":"application-managepartners-display-component---NewPartner--addressDetailDetailsCity1","interaction":{"idSuffix":"inner"}},"wdio_ui5_key":"applicationmanagepartners-display-component---NewPartner--addressDetailDetailsCity1"}]}
RESULT: undefined
COMMAND: POST /session/b10d6c442cc9079ac1ad267591374e01/execute/async - {"script":"<script> [776 bytes]","args":[{"enterText":"Rosario","selector":{"id":"application-managepartners-display-component---NewPartner--addressDetailDetailsCity1","interaction":{"idSuffix":"inner"}},"clearTextFirst":true,"interactionType":"ENTER_TEXT"}]}
RESULT: {"script":"<script> [776 bytes]","args":[{"enterText":"Rosario","selector":{"id":"application-managepartners-display-component---NewPartner--addressDetailDetailsCity1","interaction":{"idSuffix":"inner"}},"clearTextFirst":true,"interactionType":"ENTER_TEXT"}]}
COMMAND: POST /session/b10d6c442cc9079ac1ad267591374e01/execute/async - {"script":"<script> [1562 bytes]","args":[{"selector":{"id":"application-managepartners-display-component---NewPartner--addressDetailDetailsCountry-arrow"},"wdio_ui5_key":"applicationmanagepartners-display-component---NewPartner--addressDetailDetailsCountry-arrow"}]}
RESULT: {"script":"<script> [1562 bytes]","args":[{"selector":{"id":"application-managepartners-display-component---NewPartner--addressDetailDetailsCountry-arrow"},"wdio_ui5_key":"applicationmanagepartners-display-component---NewPartner--addressDetailDetailsCountry-arrow"}]}
RESULT: undefined
COMMAND: POST /session/b10d6c442cc9079ac1ad267591374e01/element - {"using":"xpath","value":"//*[@id=\"application-managepartners-display-component---NewPartner--addressDetailDetailsCountry-arrow\"]"}
RESULT: {"using":"xpath","value":"//*[@id=\"application-managepartners-display-component---NewPartner--addressDetailDetailsCountry-arrow\"]"}
COMMAND: POST /session/b10d6c442cc9079ac1ad267591374e01/element/f.820658ADB2B97F80F3CD4D4B07B1BD52.d.6CCD9887634C6ACFA8C09A4D561E42BA.e.1486/click - {}
RESULT: {}
COMMAND: POST /session/b10d6c442cc9079ac1ad267591374e01/element - {"using":"xpath","value":"//span[contains(text(), \"Argentina\")]"}
COMMAND: GET /session/b10d6c442cc9079ac1ad267591374e01/screenshot - {}
RESULT: {"using":"xpath","value":"//span[contains(text(), \"Argentina\")]"}
COMMAND: POST /session/b10d6c442cc9079ac1ad267591374e01/element/f.820658ADB2B97F80F3CD4D4B07B1BD52.d.6CCD9887634C6ACFA8C09A4D561E42BA.e.1502/click - {}
RESULT: {}
RESULT: {}
COMMAND: GET /session/b10d6c442cc9079ac1ad267591374e01/screenshot - {}
RESULT: {}
COMMAND: POST /session/b10d6c442cc9079ac1ad267591374e01/element - {"using":"xpath","value":"//bdi[contains(text(), \"Commercial\")]"}
RESULT: {"using":"xpath","value":"//bdi[contains(text(), \"Commercial\")]"}
COMMAND: POST /session/b10d6c442cc9079ac1ad267591374e01/element/f.820658ADB2B97F80F3CD4D4B07B1BD52.d.6CCD9887634C6ACFA8C09A4D561E42BA.e.1503/click - {}
RESULT: {}
COMMAND: GET /session/b10d6c442cc9079ac1ad267591374e01/screenshot - {}
RESULT: {}
COMMAND: POST /session/b10d6c442cc9079ac1ad267591374e01/execute/async - {"script":"<script> [1562 bytes]","args":[{"selector":{"id":"application-managepartners-display-component---NewPartner--partnerDetailInternal-arrow"},"wdio_ui5_key":"applicationmanagepartners-display-component---NewPartner--partnerDetailInternal-arrow"}]}
RESULT: {"script":"<script> [1562 bytes]","args":[{"selector":{"id":"application-managepartners-display-component---NewPartner--partnerDetailInternal-arrow"},"wdio_ui5_key":"applicationmanagepartners-display-component---NewPartner--partnerDetailInternal-arrow"}]}
RESULT: undefined
COMMAND: POST /session/b10d6c442cc9079ac1ad267591374e01/element - {"using":"xpath","value":"//*[@id=\"application-managepartners-display-component---NewPartner--partnerDetailInternal-arrow\"]"}
RESULT: {"using":"xpath","value":"//*[@id=\"application-managepartners-display-component---NewPartner--partnerDetailInternal-arrow\"]"}
COMMAND: POST /session/b10d6c442cc9079ac1ad267591374e01/element/f.820658ADB2B97F80F3CD4D4B07B1BD52.d.6CCD9887634C6ACFA8C09A4D561E42BA.e.1509/click - {}
RESULT: {}
COMMAND: POST /session/b10d6c442cc9079ac1ad267591374e01/element - {"using":"xpath","value":"//span[contains(text(), \"Affiliated company\")]"}
COMMAND: GET /session/b10d6c442cc9079ac1ad267591374e01/screenshot - {}
RESULT: {}
RESULT: {"using":"xpath","value":"//span[contains(text(), \"Affiliated company\")]"}
COMMAND: POST /session/b10d6c442cc9079ac1ad267591374e01/element/f.820658ADB2B97F80F3CD4D4B07B1BD52.d.6CCD9887634C6ACFA8C09A4D561E42BA.e.1510/click - {}
RESULT: {}
COMMAND: POST /session/b10d6c442cc9079ac1ad267591374e01/execute/async - {"script":"<script> [1562 bytes]","args":[{"selector":{"id":"application-managepartners-display-component---NewPartner--partnerDetailsCurrency-arrow"},"wdio_ui5_key":"applicationmanagepartners-display-component---NewPartner--partnerDetailsCurrency-arrow"}]}
COMMAND: GET /session/b10d6c442cc9079ac1ad267591374e01/screenshot - {}
RESULT: {"script":"<script> [1562 bytes]","args":[{"selector":{"id":"application-managepartners-display-component---NewPartner--partnerDetailsCurrency-arrow"},"wdio_ui5_key":"applicationmanagepartners-display-component---NewPartner--partnerDetailsCurrency-arrow"}]}
RESULT: undefined
COMMAND: POST /session/b10d6c442cc9079ac1ad267591374e01/element - {"using":"xpath","value":"//*[@id=\"application-managepartners-display-component---NewPartner--partnerDetailsCurrency-arrow\"]"}
RESULT: {}
RESULT: {"using":"xpath","value":"//*[@id=\"application-managepartners-display-component---NewPartner--partnerDetailsCurrency-arrow\"]"}
COMMAND: POST /session/b10d6c442cc9079ac1ad267591374e01/element/f.820658ADB2B97F80F3CD4D4B07B1BD52.d.6CCD9887634C6ACFA8C09A4D561E42BA.e.1517/click - {}
RESULT: {}
COMMAND: POST /session/b10d6c442cc9079ac1ad267591374e01/element - {"using":"xpath","value":"//span[contains(text(), \"Euro\")]"}
COMMAND: GET /session/b10d6c442cc9079ac1ad267591374e01/screenshot - {}
RESULT: {"using":"xpath","value":"//span[contains(text(), \"Euro\")]"}
COMMAND: POST /session/b10d6c442cc9079ac1ad267591374e01/element/f.820658ADB2B97F80F3CD4D4B07B1BD52.d.6CCD9887634C6ACFA8C09A4D561E42BA.e.1518/click - {}
RESULT: {}
RESULT: {}
COMMAND: POST /session/b10d6c442cc9079ac1ad267591374e01/execute/async - {"script":"<script> [1562 bytes]","args":[{"selector":{"id":"application-managepartners-display-component---NewPartner--addressEditDetailsCostObjectCstType-arrow"},"wdio_ui5_key":"applicationmanagepartners-display-component---NewPartner--addressEditDetailsCostObjectCstType-arrow"}]}
COMMAND: GET /session/b10d6c442cc9079ac1ad267591374e01/screenshot - {}
RESULT: {"script":"<script> [1562 bytes]","args":[{"selector":{"id":"application-managepartners-display-component---NewPartner--addressEditDetailsCostObjectCstType-arrow"},"wdio_ui5_key":"applicationmanagepartners-display-component---NewPartner--addressEditDetailsCostObjectCstType-arrow"}]}
RESULT: undefined
COMMAND: POST /session/b10d6c442cc9079ac1ad267591374e01/element - {"using":"xpath","value":"//*[@id=\"application-managepartners-display-component---NewPartner--addressEditDetailsCostObjectCstType-arrow\"]"}
RESULT: {}
RESULT: {"using":"xpath","value":"//*[@id=\"application-managepartners-display-component---NewPartner--addressEditDetailsCostObjectCstType-arrow\"]"}
COMMAND: POST /session/b10d6c442cc9079ac1ad267591374e01/element/f.820658ADB2B97F80F3CD4D4B07B1BD52.d.6CCD9887634C6ACFA8C09A4D561E42BA.e.1519/click - {}
RESULT: {}
COMMAND: POST /session/b10d6c442cc9079ac1ad267591374e01/element - {"using":"xpath","value":"//span[contains(text(), \"Cost Center\")]"}
COMMAND: GET /session/b10d6c442cc9079ac1ad267591374e01/screenshot - {}
RESULT: {"using":"xpath","value":"//span[contains(text(), \"Cost Center\")]"}
COMMAND: POST /session/b10d6c442cc9079ac1ad267591374e01/element/f.820658ADB2B97F80F3CD4D4B07B1BD52.d.6CCD9887634C6ACFA8C09A4D561E42BA.e.1520/click - {}
RESULT: {}
RESULT: {}
COMMAND: GET /session/b10d6c442cc9079ac1ad267591374e01/screenshot - {}
RESULT: {}
COMMAND: POST /session/b10d6c442cc9079ac1ad267591374e01/element - {"using":"xpath","value":"//span[@id=\"application-managepartners-display-component---NewPartner--addressNewCostObjectCstID-vhi\"]"}
RESULT: {"using":"xpath","value":"//span[@id=\"application-managepartners-display-component---NewPartner--addressNewCostObjectCstID-vhi\"]"}
COMMAND: POST /session/b10d6c442cc9079ac1ad267591374e01/execute/sync - {"script":"<script> [8489 bytes]","args":[{"element-6066-11e4-a52e-4f735466cecf":"f.820658ADB2B97F80F3CD4D4B07B1BD52.d.6CCD9887634C6ACFA8C09A4D561E42BA.e.1524","ELEMENT":"f.820658ADB2B97F80F3CD4D4B07B1BD52.d.6CCD9887634C6ACFA8C09A4D561E42BA.e.1524"}]}
RESULT: {"script":"<script> [8489 bytes]","args":[{"element-6066-11e4-a52e-4f735466cecf":"f.820658ADB2B97F80F3CD4D4B07B1BD52.d.6CCD9887634C6ACFA8C09A4D561E42BA.e.1524","ELEMENT":"f.820658ADB2B97F80F3CD4D4B07B1BD52.d.6CCD9887634C6ACFA8C09A4D561E42BA.e.1524"}]}
COMMAND: POST /session/b10d6c442cc9079ac1ad267591374e01/execute/async - {"script":"<script> [1562 bytes]","args":[{"selector":{"id":"application-managepartners-display-component---NewPartner--addressNewCostObjectCstID-vhi"},"wdio_ui5_key":"applicationmanagepartners-display-component---NewPartner--addressNewCostObjectCstID-vhi"}]}
COMMAND: GET /session/b10d6c442cc9079ac1ad267591374e01/screenshot - {}
RESULT: {"script":"<script> [1562 bytes]","args":[{"selector":{"id":"application-managepartners-display-component---NewPartner--addressNewCostObjectCstID-vhi"},"wdio_ui5_key":"applicationmanagepartners-display-component---NewPartner--addressNewCostObjectCstID-vhi"}]}
RESULT: undefined
COMMAND: POST /session/b10d6c442cc9079ac1ad267591374e01/element - {"using":"xpath","value":"//*[@id=\"application-managepartners-display-component---NewPartner--addressNewCostObjectCstID-vhi\"]"}
RESULT: {}
RESULT: {"using":"xpath","value":"//*[@id=\"application-managepartners-display-component---NewPartner--addressNewCostObjectCstID-vhi\"]"}
COMMAND: POST /session/b10d6c442cc9079ac1ad267591374e01/element/f.820658ADB2B97F80F3CD4D4B07B1BD52.d.6CCD9887634C6ACFA8C09A4D561E42BA.e.1524/click - {}
RESULT: {}
COMMAND: GET /session/b10d6c442cc9079ac1ad267591374e01/screenshot - {}
RESULT: {}
RESULT: undefined
COMMAND: POST /session/b10d6c442cc9079ac1ad267591374e01/execute/async - {"script":"<script> [776 bytes]","args":[{"enterText":"10001013","selector":{"controlType":"sap.m.SearchField","properties":{"placeholder":"Search"},"searchOpenDialogs":true,"interaction":{"idSuffix":"I"}},"clearTextFirst":true,"interactionType":"ENTER_TEXT"}]}
RESULT: {"script":"<script> [776 bytes]","args":[{"enterText":"10001013","selector":{"controlType":"sap.m.SearchField","properties":{"placeholder":"Search"},"searchOpenDialogs":true,"interaction":{"idSuffix":"I"}},"clearTextFirst":true,"interactionType":"ENTER_TEXT"}]}
COMMAND: POST /session/b10d6c442cc9079ac1ad267591374e01/actions - {"actions":[{"id":"action2","type":"key","parameters":{},"actions":[{"type":"keyDown","value":"î€‡"},{"type":"pause","duration":10},{"type":"keyUp","value":"î€‡"}]}]}
RESULT: {"actions":[{"id":"action2","type":"key","parameters":{},"actions":[{"type":"keyDown","value":"î€‡"},{"type":"pause","duration":10},{"type":"keyUp","value":"î€‡"}]}]}
COMMAND: GET /session/b10d6c442cc9079ac1ad267591374e01/screenshot - {}
RESULT: {}
COMMAND: POST /session/b10d6c442cc9079ac1ad267591374e01/element - {"using":"xpath","value":"//span[contains(text(), \"General Management\")]"}
RESULT: {"using":"xpath","value":"//span[contains(text(), \"General Management\")]"}
COMMAND: POST /session/b10d6c442cc9079ac1ad267591374e01/element/f.820658ADB2B97F80F3CD4D4B07B1BD52.d.6CCD9887634C6ACFA8C09A4D561E42BA.e.1562/click - {}
RESULT: {}
COMMAND: GET /session/b10d6c442cc9079ac1ad267591374e01/screenshot - {}
RESULT: {}
COMMAND: POST /session/b10d6c442cc9079ac1ad267591374e01/element - {"using":"xpath","value":"//bdi[contains(text(), \"OK\")]"}
RESULT: {"using":"xpath","value":"//bdi[contains(text(), \"OK\")]"}
COMMAND: POST /session/b10d6c442cc9079ac1ad267591374e01/element/f.820658ADB2B97F80F3CD4D4B07B1BD52.d.6CCD9887634C6ACFA8C09A4D561E42BA.e.1563/click - {}
RESULT: {}
COMMAND: GET /session/b10d6c442cc9079ac1ad267591374e01/screenshot - {}
RESULT: {}
COMMAND: POST /session/b10d6c442cc9079ac1ad267591374e01/element - {"using":"xpath","value":"//input[@id=\"application-managepartners-display-component---NewPartner--companyCodeComboBox-inner\"]"}
RESULT: {"using":"xpath","value":"//input[@id=\"application-managepartners-display-component---NewPartner--companyCodeComboBox-inner\"]"}
COMMAND: POST /session/b10d6c442cc9079ac1ad267591374e01/element/f.820658ADB2B97F80F3CD4D4B07B1BD52.d.6CCD9887634C6ACFA8C09A4D561E42BA.e.1377/clear - {}
RESULT: {}
COMMAND: POST /session/b10d6c442cc9079ac1ad267591374e01/element/f.820658ADB2B97F80F3CD4D4B07B1BD52.d.6CCD9887634C6ACFA8C09A4D561E42BA.e.1377/value - {"text":"C002"}
COMMAND: GET /session/b10d6c442cc9079ac1ad267591374e01/screenshot - {}
RESULT: {"text":"C002"}
COMMAND: GET /session/b10d6c442cc9079ac1ad267591374e01/screenshot - {}
RESULT: {}
RESULT: {}
COMMAND: POST /session/b10d6c442cc9079ac1ad267591374e01/element - {"using":"xpath","value":"//li[.//span[text()= \"C002\"]]"}
RESULT: {"using":"xpath","value":"//li[.//span[text()= \"C002\"]]"}
COMMAND: POST /session/b10d6c442cc9079ac1ad267591374e01/element/f.820658ADB2B97F80F3CD4D4B07B1BD52.d.6CCD9887634C6ACFA8C09A4D561E42BA.e.1569/click - {}
RESULT: {}
COMMAND: GET /session/b10d6c442cc9079ac1ad267591374e01/screenshot - {}
RESULT: {}
COMMAND: POST /session/b10d6c442cc9079ac1ad267591374e01/execute/async - {"script":"<script> [1562 bytes]","args":[{"selector":{"id":"application-managepartners-display-component---NewPartner--btnAddTableRow-img"},"wdio_ui5_key":"applicationmanagepartners-display-component---NewPartner--btnAddTableRow-img"}]}
RESULT: {"script":"<script> [1562 bytes]","args":[{"selector":{"id":"application-managepartners-display-component---NewPartner--btnAddTableRow-img"},"wdio_ui5_key":"applicationmanagepartners-display-component---NewPartner--btnAddTableRow-img"}]}
RESULT: undefined
COMMAND: POST /session/b10d6c442cc9079ac1ad267591374e01/element - {"using":"xpath","value":"//*[@id=\"application-managepartners-display-component---NewPartner--btnAddTableRow-img\"]"}
RESULT: {"using":"xpath","value":"//*[@id=\"application-managepartners-display-component---NewPartner--btnAddTableRow-img\"]"}
COMMAND: POST /session/b10d6c442cc9079ac1ad267591374e01/element/f.820658ADB2B97F80F3CD4D4B07B1BD52.d.6CCD9887634C6ACFA8C09A4D561E42BA.e.1570/click - {}
RESULT: {}
COMMAND: GET /session/b10d6c442cc9079ac1ad267591374e01/screenshot - {}
RESULT: {}
COMMAND: POST /session/b10d6c442cc9079ac1ad267591374e01/element - {"using":"xpath","value":"//input[@id=\"application-managepartners-display-component---NewPartner--assignmentYard-application-managepartners-display-component---NewPartner--assignmentsTable-0-inner\"]"}
RESULT: {"using":"xpath","value":"//input[@id=\"application-managepartners-display-component---NewPartner--assignmentYard-application-managepartners-display-component---NewPartner--assignmentsTable-0-inner\"]"}
COMMAND: POST /session/b10d6c442cc9079ac1ad267591374e01/element/f.820658ADB2B97F80F3CD4D4B07B1BD52.d.6CCD9887634C6ACFA8C09A4D561E42BA.e.1573/clear - {}
RESULT: {}
COMMAND: POST /session/b10d6c442cc9079ac1ad267591374e01/element/f.820658ADB2B97F80F3CD4D4B07B1BD52.d.6CCD9887634C6ACFA8C09A4D561E42BA.e.1573/value - {"text":"298"}
COMMAND: GET /session/b10d6c442cc9079ac1ad267591374e01/screenshot - {}
RESULT: {"text":"298"}
COMMAND: GET /session/b10d6c442cc9079ac1ad267591374e01/screenshot - {}
RESULT: {}
RESULT: {}
COMMAND: POST /session/b10d6c442cc9079ac1ad267591374e01/element - {"using":"xpath","value":"//li[.//span[text()='298']]"}
RESULT: {"using":"xpath","value":"//li[.//span[text()='298']]"}
COMMAND: POST /session/b10d6c442cc9079ac1ad267591374e01/element/f.820658ADB2B97F80F3CD4D4B07B1BD52.d.6CCD9887634C6ACFA8C09A4D561E42BA.e.1582/click - {}
RESULT: {}
COMMAND: GET /session/b10d6c442cc9079ac1ad267591374e01/screenshot - {}
RESULT: {}
COMMAND: POST /session/b10d6c442cc9079ac1ad267591374e01/actions - {"actions":[{"id":"action3","type":"key","parameters":{},"actions":[{"type":"keyDown","value":"î€‡"},{"type":"pause","duration":10},{"type":"keyUp","value":"î€‡"}]}]}
RESULT: {"actions":[{"id":"action3","type":"key","parameters":{},"actions":[{"type":"keyDown","value":"î€‡"},{"type":"pause","duration":10},{"type":"keyUp","value":"î€‡"}]}]}
COMMAND: POST /session/b10d6c442cc9079ac1ad267591374e01/execute/async - {"script":"<script> [1562 bytes]","args":[{"selector":{"id":"application-managepartners-display-component---NewPartner--externalCustomerComboBox-application-managepartners-display-component---NewPartner--assignmentsTable-0-vhi"},"wdio_ui5_key":"applicationmanagepartners-display-component---NewPartner--externalCustomerComboBox-application-managepartners-display-component---NewPartner--assignmentsTable-0-vhi"}]}
COMMAND: GET /session/b10d6c442cc9079ac1ad267591374e01/screenshot - {}
RESULT: {"script":"<script> [1562 bytes]","args":[{"selector":{"id":"application-managepartners-display-component---NewPartner--externalCustomerComboBox-application-managepartners-display-component---NewPartner--assignmentsTable-0-vhi"},"wdio_ui5_key":"applicationmanagepartners-display-component---NewPartner--externalCustomerComboBox-application-managepartners-display-component---NewPartner--assignmentsTable-0-vhi"}]}
RESULT: undefined
COMMAND: POST /session/b10d6c442cc9079ac1ad267591374e01/element - {"using":"xpath","value":"//*[@id=\"application-managepartners-display-component---NewPartner--externalCustomerComboBox-application-managepartners-display-component---NewPartner--assignmentsTable-0-vhi\"]"}
RESULT: {}
RESULT: {"using":"xpath","value":"//*[@id=\"application-managepartners-display-component---NewPartner--externalCustomerComboBox-application-managepartners-display-component---NewPartner--assignmentsTable-0-vhi\"]"}
COMMAND: POST /session/b10d6c442cc9079ac1ad267591374e01/element/f.820658ADB2B97F80F3CD4D4B07B1BD52.d.6CCD9887634C6ACFA8C09A4D561E42BA.e.1586/click - {}
RESULT: {}
RESULT: undefined
COMMAND: POST /session/b10d6c442cc9079ac1ad267591374e01/execute/async - {"script":"<script> [776 bytes]","args":[{"enterText":"300003","selector":{"controlType":"sap.m.SearchField","properties":{"placeholder":"Search"},"searchOpenDialogs":true,"interaction":{"idSuffix":"I"}},"clearTextFirst":true,"interactionType":"ENTER_TEXT"}]}
COMMAND: GET /session/b10d6c442cc9079ac1ad267591374e01/screenshot - {}
RESULT: {"script":"<script> [776 bytes]","args":[{"enterText":"300003","selector":{"controlType":"sap.m.SearchField","properties":{"placeholder":"Search"},"searchOpenDialogs":true,"interaction":{"idSuffix":"I"}},"clearTextFirst":true,"interactionType":"ENTER_TEXT"}]}
COMMAND: POST /session/b10d6c442cc9079ac1ad267591374e01/actions - {"actions":[{"id":"action4","type":"key","parameters":{},"actions":[{"type":"keyDown","value":"î€‡"},{"type":"pause","duration":10},{"type":"keyUp","value":"î€‡"}]}]}
RESULT: {}
RESULT: {"actions":[{"id":"action4","type":"key","parameters":{},"actions":[{"type":"keyDown","value":"î€‡"},{"type":"pause","duration":10},{"type":"keyUp","value":"î€‡"}]}]}
COMMAND: GET /session/b10d6c442cc9079ac1ad267591374e01/screenshot - {}
RESULT: {}
COMMAND: POST /session/b10d6c442cc9079ac1ad267591374e01/element - {"using":"xpath","value":"//span[contains(text(), \"300003\")]"}
RESULT: {"using":"xpath","value":"//span[contains(text(), \"300003\")]"}
COMMAND: POST /session/b10d6c442cc9079ac1ad267591374e01/element/f.820658ADB2B97F80F3CD4D4B07B1BD52.d.6CCD9887634C6ACFA8C09A4D561E42BA.e.1604/click - {}
RESULT: {}
COMMAND: GET /session/b10d6c442cc9079ac1ad267591374e01/screenshot - {}
RESULT: {}
COMMAND: POST /session/b10d6c442cc9079ac1ad267591374e01/element - {"using":"xpath","value":"//bdi[contains(text(), \"OK\")]"}
RESULT: {"using":"xpath","value":"//bdi[contains(text(), \"OK\")]"}
COMMAND: POST /session/b10d6c442cc9079ac1ad267591374e01/element/f.820658ADB2B97F80F3CD4D4B07B1BD52.d.6CCD9887634C6ACFA8C09A4D561E42BA.e.1606/click - {}
RESULT: {}
COMMAND: GET /session/b10d6c442cc9079ac1ad267591374e01/screenshot - {}
COMMAND: POST /session/b10d6c442cc9079ac1ad267591374e01/execute/async - {"script":"<script> [1562 bytes]","args":[{"selector":{"id":"application-managepartners-display-component---NewPartner--intercompVendorComboBox-application-managepartners-display-component---NewPartner--assignmentsTable-0-vhi"},"wdio_ui5_key":"applicationmanagepartners-display-component---NewPartner--intercompVendorComboBox-application-managepartners-display-component---NewPartner--assignmentsTable-0-vhi"}]}
RESULT: {}
RESULT: {"script":"<script> [1562 bytes]","args":[{"selector":{"id":"application-managepartners-display-component---NewPartner--intercompVendorComboBox-application-managepartners-display-component---NewPartner--assignmentsTable-0-vhi"},"wdio_ui5_key":"applicationmanagepartners-display-component---NewPartner--intercompVendorComboBox-application-managepartners-display-component---NewPartner--assignmentsTable-0-vhi"}]}
RESULT: undefined
COMMAND: POST /session/b10d6c442cc9079ac1ad267591374e01/element - {"using":"xpath","value":"//*[@id=\"application-managepartners-display-component---NewPartner--intercompVendorComboBox-application-managepartners-display-component---NewPartner--assignmentsTable-0-vhi\"]"}
RESULT: {"using":"xpath","value":"//*[@id=\"application-managepartners-display-component---NewPartner--intercompVendorComboBox-application-managepartners-display-component---NewPartner--assignmentsTable-0-vhi\"]"}
COMMAND: POST /session/b10d6c442cc9079ac1ad267591374e01/element/f.820658ADB2B97F80F3CD4D4B07B1BD52.d.6CCD9887634C6ACFA8C09A4D561E42BA.e.1609/click - {}
RESULT: {}
RESULT: undefined
COMMAND: POST /session/b10d6c442cc9079ac1ad267591374e01/execute/async - {"script":"<script> [776 bytes]","args":[{"enterText":"100005","selector":{"controlType":"sap.m.SearchField","properties":{"placeholder":"Search"},"searchOpenDialogs":true,"interaction":{"idSuffix":"I"}},"clearTextFirst":true,"interactionType":"ENTER_TEXT"}]}
COMMAND: GET /session/b10d6c442cc9079ac1ad267591374e01/screenshot - {}
RESULT: {"script":"<script> [776 bytes]","args":[{"enterText":"100005","selector":{"controlType":"sap.m.SearchField","properties":{"placeholder":"Search"},"searchOpenDialogs":true,"interaction":{"idSuffix":"I"}},"clearTextFirst":true,"interactionType":"ENTER_TEXT"}]}
COMMAND: POST /session/b10d6c442cc9079ac1ad267591374e01/actions - {"actions":[{"id":"action5","type":"key","parameters":{},"actions":[{"type":"keyDown","value":"î€‡"},{"type":"pause","duration":10},{"type":"keyUp","value":"î€‡"}]}]}
RESULT: {}
RESULT: {"actions":[{"id":"action5","type":"key","parameters":{},"actions":[{"type":"keyDown","value":"î€‡"},{"type":"pause","duration":10},{"type":"keyUp","value":"î€‡"}]}]}
COMMAND: GET /session/b10d6c442cc9079ac1ad267591374e01/screenshot - {}
RESULT: {}
COMMAND: POST /session/b10d6c442cc9079ac1ad267591374e01/element - {"using":"xpath","value":"//span[contains(text(), \"Penguins - Field/12345 Berlin\")]"}
RESULT: {"using":"xpath","value":"//span[contains(text(), \"Penguins - Field/12345 Berlin\")]"}
COMMAND: POST /session/b10d6c442cc9079ac1ad267591374e01/element/f.820658ADB2B97F80F3CD4D4B07B1BD52.d.6CCD9887634C6ACFA8C09A4D561E42BA.e.1626/click - {}
RESULT: {}
COMMAND: GET /session/b10d6c442cc9079ac1ad267591374e01/screenshot - {}
RESULT: {}
COMMAND: POST /session/b10d6c442cc9079ac1ad267591374e01/element - {"using":"xpath","value":"//bdi[contains(text(), \"OK\")]"}
RESULT: {"using":"xpath","value":"//bdi[contains(text(), \"OK\")]"}
COMMAND: POST /session/b10d6c442cc9079ac1ad267591374e01/element/f.820658ADB2B97F80F3CD4D4B07B1BD52.d.6CCD9887634C6ACFA8C09A4D561E42BA.e.1627/click - {}
RESULT: {}
COMMAND: GET /session/b10d6c442cc9079ac1ad267591374e01/screenshot - {}
RESULT: {}
COMMAND: POST /session/b10d6c442cc9079ac1ad267591374e01/element - {"using":"xpath","value":"//button[@data-kt=\"saveButton\"]"}
RESULT: {"using":"xpath","value":"//button[@data-kt=\"saveButton\"]"}
COMMAND: POST /session/b10d6c442cc9079ac1ad267591374e01/element/f.820658ADB2B97F80F3CD4D4B07B1BD52.d.6CCD9887634C6ACFA8C09A4D561E42BA.e.1410/click - {}
RESULT: {}
COMMAND: GET /session/b10d6c442cc9079ac1ad267591374e01/screenshot - {}
RESULT: {}
COMMAND: POST /session/b10d6c442cc9079ac1ad267591374e01/element - {"using":"xpath","value":"//header[contains(@id, 'ObjectPageLayout-headerTitle')]/div[1]/div[2]/div[2]/span[1]"}
RESULT: {"using":"xpath","value":"//header[contains(@id, 'ObjectPageLayout-headerTitle')]/div[1]/div[2]/div[2]/span[1]"}
COMMAND: POST /session/b10d6c442cc9079ac1ad267591374e01/elements - {"using":"xpath","value":"//header[contains(@id, 'ObjectPageLayout-headerTitle')]/div[1]/div[2]/div[2]/span[1]"}
RESULT: {"using":"xpath","value":"//header[contains(@id, 'ObjectPageLayout-headerTitle')]/div[1]/div[2]/div[2]/span[1]"}
COMMAND: POST /session/b10d6c442cc9079ac1ad267591374e01/execute/sync - {"script":"<script> [56 bytes]","args":[{"element-6066-11e4-a52e-4f735466cecf":"f.820658ADB2B97F80F3CD4D4B07B1BD52.d.6CCD9887634C6ACFA8C09A4D561E42BA.e.1794","ELEMENT":"f.820658ADB2B97F80F3CD4D4B07B1BD52.d.6CCD9887634C6ACFA8C09A4D561E42BA.e.1794"}]}
RESULT: {"script":"<script> [56 bytes]","args":[{"element-6066-11e4-a52e-4f735466cecf":"f.820658ADB2B97F80F3CD4D4B07B1BD52.d.6CCD9887634C6ACFA8C09A4D561E42BA.e.1794","ELEMENT":"f.820658ADB2B97F80F3CD4D4B07B1BD52.d.6CCD9887634C6ACFA8C09A4D561E42BA.e.1794"}]}
COMMAND: POST /session/b10d6c442cc9079ac1ad267591374e01/element - {"using":"css selector","value":"#shell-header-logo"}
COMMAND: GET /session/b10d6c442cc9079ac1ad267591374e01/screenshot - {}
RESULT: {}
RESULT: {"using":"css selector","value":"#shell-header-logo"}
COMMAND: POST /session/b10d6c442cc9079ac1ad267591374e01/element/f.820658ADB2B97F80F3CD4D4B07B1BD52.d.6CCD9887634C6ACFA8C09A4D561E42BA.e.1021/click - {}
RESULT: {}
COMMAND: GET /session/b10d6c442cc9079ac1ad267591374e01/screenshot - {}
RESULT: {}
COMMAND: POST /session/b10d6c442cc9079ac1ad267591374e01/execute/sync - {"script":"<script> [299 bytes]","args":[["getModel","getResource"]]}
RESULT: {"script":"<script> [299 bytes]","args":[["getModel","getResource"]]}
]]></system-out>
    </testcase>
    <testcase classname="chrome.136_0_7103_49.windows.Billing_Transfer_-_Master_data_&amp;_Intercompany_US127250" name="Should create a new site" time="92.078">
      <system-out><![CDATA[
COMMAND: GET /session/b10d6c442cc9079ac1ad267591374e01/screenshot - {}
COMMAND: POST /session/b10d6c442cc9079ac1ad267591374e01/execute/async - {"script":"<script> [1562 bytes]","args":[{"selector":{"controlType":"sap.m.TileContent","bindingPath":{"path":"","propertyPath":"/properties/info"},"ancestor":{"controlType":"sap.m.GenericTile","properties":{"header":"Manage Sites"}}},"wdio_ui5_key":"sapm.TileContent{\"path\":\"\",\"propertyPath\":\"/properties/info\"}{\"controlType\":\"sap.m.GenericTile\",\"properties\":{\"header\":\"Manage Sites\"}}"}]}
RESULT: {"script":"<script> [1562 bytes]","args":[{"selector":{"controlType":"sap.m.TileContent","bindingPath":{"path":"","propertyPath":"/properties/info"},"ancestor":{"controlType":"sap.m.GenericTile","properties":{"header":"Manage Sites"}}},"wdio_ui5_key":"sapm.TileContent{\"path\":\"\",\"propertyPath\":\"/properties/info\"}{\"controlType\":\"sap.m.GenericTile\",\"properties\":{\"header\":\"Manage Sites\"}}"}]}
RESULT: undefined
COMMAND: POST /session/b10d6c442cc9079ac1ad267591374e01/element - {"using":"xpath","value":"//*[@id=\"__xmlview7--numericTileContent\"]"}
RESULT: {}
RESULT: {"using":"xpath","value":"//*[@id=\"__xmlview7--numericTileContent\"]"}
COMMAND: POST /session/b10d6c442cc9079ac1ad267591374e01/element/f.820658ADB2B97F80F3CD4D4B07B1BD52.d.6CCD9887634C6ACFA8C09A4D561E42BA.e.1796/click - {}
RESULT: {}
COMMAND: POST /session/b10d6c442cc9079ac1ad267591374e01/element - {"using":"xpath","value":"//button[@data-kt=\"addOverflowToolbarButton\"]"}
COMMAND: GET /session/b10d6c442cc9079ac1ad267591374e01/screenshot - {}
RESULT: {"using":"xpath","value":"//button[@data-kt=\"addOverflowToolbarButton\"]"}
COMMAND: POST /session/b10d6c442cc9079ac1ad267591374e01/elements - {"using":"xpath","value":"//button[@data-kt=\"addOverflowToolbarButton\"]"}
RESULT: {}
RESULT: {"using":"xpath","value":"//button[@data-kt=\"addOverflowToolbarButton\"]"}
COMMAND: POST /session/b10d6c442cc9079ac1ad267591374e01/elements - {"using":"xpath","value":"//button[@data-kt=\"addOverflowToolbarButton\"]"}
RESULT: {"using":"xpath","value":"//button[@data-kt=\"addOverflowToolbarButton\"]"}
COMMAND: POST /session/b10d6c442cc9079ac1ad267591374e01/elements - {"using":"xpath","value":"//button[@data-kt=\"addOverflowToolbarButton\"]"}
RESULT: {"using":"xpath","value":"//button[@data-kt=\"addOverflowToolbarButton\"]"}
COMMAND: POST /session/b10d6c442cc9079ac1ad267591374e01/element - {"using":"xpath","value":"//button[@data-kt=\"addOverflowToolbarButton\"]"}
RESULT: {"using":"xpath","value":"//button[@data-kt=\"addOverflowToolbarButton\"]"}
COMMAND: POST /session/b10d6c442cc9079ac1ad267591374e01/execute/sync - {"script":"<script> [8489 bytes]","args":[{"element-6066-11e4-a52e-4f735466cecf":"f.820658ADB2B97F80F3CD4D4B07B1BD52.d.6CCD9887634C6ACFA8C09A4D561E42BA.e.1842","ELEMENT":"f.820658ADB2B97F80F3CD4D4B07B1BD52.d.6CCD9887634C6ACFA8C09A4D561E42BA.e.1842"}]}
RESULT: {"script":"<script> [8489 bytes]","args":[{"element-6066-11e4-a52e-4f735466cecf":"f.820658ADB2B97F80F3CD4D4B07B1BD52.d.6CCD9887634C6ACFA8C09A4D561E42BA.e.1842","ELEMENT":"f.820658ADB2B97F80F3CD4D4B07B1BD52.d.6CCD9887634C6ACFA8C09A4D561E42BA.e.1842"}]}
COMMAND: GET /session/b10d6c442cc9079ac1ad267591374e01/element/f.820658ADB2B97F80F3CD4D4B07B1BD52.d.6CCD9887634C6ACFA8C09A4D561E42BA.e.1842/enabled - {}
COMMAND: GET /session/b10d6c442cc9079ac1ad267591374e01/screenshot - {}
RESULT: {}
COMMAND: POST /session/b10d6c442cc9079ac1ad267591374e01/execute/sync - {"script":"<script> [8489 bytes]","args":[{"element-6066-11e4-a52e-4f735466cecf":"f.820658ADB2B97F80F3CD4D4B07B1BD52.d.6CCD9887634C6ACFA8C09A4D561E42BA.e.1842","ELEMENT":"f.820658ADB2B97F80F3CD4D4B07B1BD52.d.6CCD9887634C6ACFA8C09A4D561E42BA.e.1842"}]}
COMMAND: GET /session/b10d6c442cc9079ac1ad267591374e01/screenshot - {}
RESULT: {}
RESULT: {"script":"<script> [8489 bytes]","args":[{"element-6066-11e4-a52e-4f735466cecf":"f.820658ADB2B97F80F3CD4D4B07B1BD52.d.6CCD9887634C6ACFA8C09A4D561E42BA.e.1842","ELEMENT":"f.820658ADB2B97F80F3CD4D4B07B1BD52.d.6CCD9887634C6ACFA8C09A4D561E42BA.e.1842"}]}
COMMAND: POST /session/b10d6c442cc9079ac1ad267591374e01/execute/sync - {"script":"<script> [5351 bytes]","args":[{"element-6066-11e4-a52e-4f735466cecf":"f.820658ADB2B97F80F3CD4D4B07B1BD52.d.6CCD9887634C6ACFA8C09A4D561E42BA.e.1842","ELEMENT":"f.820658ADB2B97F80F3CD4D4B07B1BD52.d.6CCD9887634C6ACFA8C09A4D561E42BA.e.1842"}]}
COMMAND: GET /session/b10d6c442cc9079ac1ad267591374e01/screenshot - {}
RESULT: {}
RESULT: {"script":"<script> [5351 bytes]","args":[{"element-6066-11e4-a52e-4f735466cecf":"f.820658ADB2B97F80F3CD4D4B07B1BD52.d.6CCD9887634C6ACFA8C09A4D561E42BA.e.1842","ELEMENT":"f.820658ADB2B97F80F3CD4D4B07B1BD52.d.6CCD9887634C6ACFA8C09A4D561E42BA.e.1842"}]}
COMMAND: POST /session/b10d6c442cc9079ac1ad267591374e01/element/f.820658ADB2B97F80F3CD4D4B07B1BD52.d.6CCD9887634C6ACFA8C09A4D561E42BA.e.1842/click - {}
COMMAND: GET /session/b10d6c442cc9079ac1ad267591374e01/screenshot - {}
RESULT: {}
RESULT: {}
COMMAND: GET /session/b10d6c442cc9079ac1ad267591374e01/screenshot - {}
COMMAND: POST /session/b10d6c442cc9079ac1ad267591374e01/element - {"using":"xpath","value":"//input[@id=\"application-managesites-display-component---NewSite--siteId-inner\"]"}
RESULT: {}
RESULT: {}
RESULT: {"using":"xpath","value":"//input[@id=\"application-managesites-display-component---NewSite--siteId-inner\"]"}
COMMAND: POST /session/b10d6c442cc9079ac1ad267591374e01/element - {"using":"xpath","value":"//input[@id=\"application-managesites-display-component---NewSite--siteId-inner\"]"}
RESULT: {"using":"xpath","value":"//input[@id=\"application-managesites-display-component---NewSite--siteId-inner\"]"}
COMMAND: POST /session/b10d6c442cc9079ac1ad267591374e01/execute/async - {"script":"<script> [1562 bytes]","args":[{"selector":{"id":"application-managesites-display-component---NewSite--addressDetailDetailsName1","interaction":{"idSuffix":"inner"}},"wdio_ui5_key":"applicationmanagesites-display-component---NewSite--addressDetailDetailsName1"}]}
RESULT: {"script":"<script> [1562 bytes]","args":[{"selector":{"id":"application-managesites-display-component---NewSite--addressDetailDetailsName1","interaction":{"idSuffix":"inner"}},"wdio_ui5_key":"applicationmanagesites-display-component---NewSite--addressDetailDetailsName1"}]}
RESULT: undefined
COMMAND: POST /session/b10d6c442cc9079ac1ad267591374e01/execute/async - {"script":"<script> [776 bytes]","args":[{"enterText":"Intercompany Site wdIO","selector":{"id":"application-managesites-display-component---NewSite--addressDetailDetailsName1","interaction":{"idSuffix":"inner"}},"clearTextFirst":true,"interactionType":"ENTER_TEXT"}]}
RESULT: {"script":"<script> [776 bytes]","args":[{"enterText":"Intercompany Site wdIO","selector":{"id":"application-managesites-display-component---NewSite--addressDetailDetailsName1","interaction":{"idSuffix":"inner"}},"clearTextFirst":true,"interactionType":"ENTER_TEXT"}]}
COMMAND: POST /session/b10d6c442cc9079ac1ad267591374e01/execute/async - {"script":"<script> [1562 bytes]","args":[{"selector":{"id":"application-managesites-display-component---NewSite--addressDetailDetailsLanguage-arrow"},"wdio_ui5_key":"applicationmanagesites-display-component---NewSite--addressDetailDetailsLanguage-arrow"}]}
RESULT: {"script":"<script> [1562 bytes]","args":[{"selector":{"id":"application-managesites-display-component---NewSite--addressDetailDetailsLanguage-arrow"},"wdio_ui5_key":"applicationmanagesites-display-component---NewSite--addressDetailDetailsLanguage-arrow"}]}
RESULT: undefined
COMMAND: POST /session/b10d6c442cc9079ac1ad267591374e01/element - {"using":"xpath","value":"//*[@id=\"application-managesites-display-component---NewSite--addressDetailDetailsLanguage-arrow\"]"}
RESULT: {"using":"xpath","value":"//*[@id=\"application-managesites-display-component---NewSite--addressDetailDetailsLanguage-arrow\"]"}
COMMAND: POST /session/b10d6c442cc9079ac1ad267591374e01/element/f.820658ADB2B97F80F3CD4D4B07B1BD52.d.6CCD9887634C6ACFA8C09A4D561E42BA.e.2479/click - {}
RESULT: {}
COMMAND: POST /session/b10d6c442cc9079ac1ad267591374e01/element - {"using":"xpath","value":"//span[contains(text(), \"English\")]"}
COMMAND: GET /session/b10d6c442cc9079ac1ad267591374e01/screenshot - {}
RESULT: {"using":"xpath","value":"//span[contains(text(), \"English\")]"}
COMMAND: POST /session/b10d6c442cc9079ac1ad267591374e01/element/f.820658ADB2B97F80F3CD4D4B07B1BD52.d.6CCD9887634C6ACFA8C09A4D561E42BA.e.2480/click - {}
RESULT: {}
RESULT: {}
COMMAND: POST /session/b10d6c442cc9079ac1ad267591374e01/execute/async - {"script":"<script> [1562 bytes]","args":[{"selector":{"id":"application-managesites-display-component---NewSite--addressDetailDetailsCity1","interaction":{"idSuffix":"inner"}},"wdio_ui5_key":"applicationmanagesites-display-component---NewSite--addressDetailDetailsCity1"}]}
COMMAND: GET /session/b10d6c442cc9079ac1ad267591374e01/screenshot - {}
RESULT: {"script":"<script> [1562 bytes]","args":[{"selector":{"id":"application-managesites-display-component---NewSite--addressDetailDetailsCity1","interaction":{"idSuffix":"inner"}},"wdio_ui5_key":"applicationmanagesites-display-component---NewSite--addressDetailDetailsCity1"}]}
RESULT: undefined
COMMAND: POST /session/b10d6c442cc9079ac1ad267591374e01/execute/async - {"script":"<script> [776 bytes]","args":[{"enterText":"Rosario","selector":{"id":"application-managesites-display-component---NewSite--addressDetailDetailsCity1","interaction":{"idSuffix":"inner"}},"clearTextFirst":true,"interactionType":"ENTER_TEXT"}]}
RESULT: {}
RESULT: {"script":"<script> [776 bytes]","args":[{"enterText":"Rosario","selector":{"id":"application-managesites-display-component---NewSite--addressDetailDetailsCity1","interaction":{"idSuffix":"inner"}},"clearTextFirst":true,"interactionType":"ENTER_TEXT"}]}
COMMAND: POST /session/b10d6c442cc9079ac1ad267591374e01/execute/async - {"script":"<script> [1562 bytes]","args":[{"selector":{"id":"application-managesites-display-component---NewSite--addressDetailDetailsCountry-arrow"},"wdio_ui5_key":"applicationmanagesites-display-component---NewSite--addressDetailDetailsCountry-arrow"}]}
RESULT: {"script":"<script> [1562 bytes]","args":[{"selector":{"id":"application-managesites-display-component---NewSite--addressDetailDetailsCountry-arrow"},"wdio_ui5_key":"applicationmanagesites-display-component---NewSite--addressDetailDetailsCountry-arrow"}]}
RESULT: undefined
COMMAND: POST /session/b10d6c442cc9079ac1ad267591374e01/element - {"using":"xpath","value":"//*[@id=\"application-managesites-display-component---NewSite--addressDetailDetailsCountry-arrow\"]"}
RESULT: {"using":"xpath","value":"//*[@id=\"application-managesites-display-component---NewSite--addressDetailDetailsCountry-arrow\"]"}
COMMAND: POST /session/b10d6c442cc9079ac1ad267591374e01/element/f.820658ADB2B97F80F3CD4D4B07B1BD52.d.6CCD9887634C6ACFA8C09A4D561E42BA.e.2482/click - {}
RESULT: {}
COMMAND: POST /session/b10d6c442cc9079ac1ad267591374e01/element - {"using":"xpath","value":"//span[contains(text(), \"Argentina\")]"}
COMMAND: GET /session/b10d6c442cc9079ac1ad267591374e01/screenshot - {}
RESULT: {"using":"xpath","value":"//span[contains(text(), \"Argentina\")]"}
COMMAND: POST /session/b10d6c442cc9079ac1ad267591374e01/element/f.820658ADB2B97F80F3CD4D4B07B1BD52.d.6CCD9887634C6ACFA8C09A4D561E42BA.e.2483/click - {}
RESULT: {}
RESULT: {}
COMMAND: GET /session/b10d6c442cc9079ac1ad267591374e01/screenshot - {}
RESULT: {}
COMMAND: POST /session/b10d6c442cc9079ac1ad267591374e01/execute/async - {"script":"<script> [1562 bytes]","args":[{"selector":{"id":"application-managesites-display-component---NewSite--addressEditDetailsCostObjectCstType-arrow"},"wdio_ui5_key":"applicationmanagesites-display-component---NewSite--addressEditDetailsCostObjectCstType-arrow"}]}
RESULT: {"script":"<script> [1562 bytes]","args":[{"selector":{"id":"application-managesites-display-component---NewSite--addressEditDetailsCostObjectCstType-arrow"},"wdio_ui5_key":"applicationmanagesites-display-component---NewSite--addressEditDetailsCostObjectCstType-arrow"}]}
RESULT: undefined
COMMAND: POST /session/b10d6c442cc9079ac1ad267591374e01/element - {"using":"xpath","value":"//*[@id=\"application-managesites-display-component---NewSite--addressEditDetailsCostObjectCstType-arrow\"]"}
RESULT: {"using":"xpath","value":"//*[@id=\"application-managesites-display-component---NewSite--addressEditDetailsCostObjectCstType-arrow\"]"}
COMMAND: POST /session/b10d6c442cc9079ac1ad267591374e01/element/f.820658ADB2B97F80F3CD4D4B07B1BD52.d.6CCD9887634C6ACFA8C09A4D561E42BA.e.2484/click - {}
RESULT: {}
COMMAND: POST /session/b10d6c442cc9079ac1ad267591374e01/element - {"using":"xpath","value":"//span[contains(text(), \"Cost Center\")]"}
COMMAND: GET /session/b10d6c442cc9079ac1ad267591374e01/screenshot - {}
RESULT: {"using":"xpath","value":"//span[contains(text(), \"Cost Center\")]"}
COMMAND: POST /session/b10d6c442cc9079ac1ad267591374e01/element/f.820658ADB2B97F80F3CD4D4B07B1BD52.d.6CCD9887634C6ACFA8C09A4D561E42BA.e.2485/click - {}
RESULT: {}
RESULT: {}
COMMAND: GET /session/b10d6c442cc9079ac1ad267591374e01/screenshot - {}
RESULT: {}
COMMAND: POST /session/b10d6c442cc9079ac1ad267591374e01/element - {"using":"xpath","value":"//span[@id=\"application-managesites-display-component---NewSite--addressNewCostObjectCstID-vhi\"]"}
RESULT: {"using":"xpath","value":"//span[@id=\"application-managesites-display-component---NewSite--addressNewCostObjectCstID-vhi\"]"}
COMMAND: POST /session/b10d6c442cc9079ac1ad267591374e01/execute/sync - {"script":"<script> [8489 bytes]","args":[{"element-6066-11e4-a52e-4f735466cecf":"f.820658ADB2B97F80F3CD4D4B07B1BD52.d.6CCD9887634C6ACFA8C09A4D561E42BA.e.2490","ELEMENT":"f.820658ADB2B97F80F3CD4D4B07B1BD52.d.6CCD9887634C6ACFA8C09A4D561E42BA.e.2490"}]}
RESULT: {"script":"<script> [8489 bytes]","args":[{"element-6066-11e4-a52e-4f735466cecf":"f.820658ADB2B97F80F3CD4D4B07B1BD52.d.6CCD9887634C6ACFA8C09A4D561E42BA.e.2490","ELEMENT":"f.820658ADB2B97F80F3CD4D4B07B1BD52.d.6CCD9887634C6ACFA8C09A4D561E42BA.e.2490"}]}
COMMAND: POST /session/b10d6c442cc9079ac1ad267591374e01/execute/async - {"script":"<script> [1562 bytes]","args":[{"selector":{"id":"application-managesites-display-component---NewSite--addressNewCostObjectCstID-vhi"},"wdio_ui5_key":"applicationmanagesites-display-component---NewSite--addressNewCostObjectCstID-vhi"}]}
COMMAND: GET /session/b10d6c442cc9079ac1ad267591374e01/screenshot - {}
RESULT: {"script":"<script> [1562 bytes]","args":[{"selector":{"id":"application-managesites-display-component---NewSite--addressNewCostObjectCstID-vhi"},"wdio_ui5_key":"applicationmanagesites-display-component---NewSite--addressNewCostObjectCstID-vhi"}]}
RESULT: undefined
COMMAND: POST /session/b10d6c442cc9079ac1ad267591374e01/element - {"using":"xpath","value":"//*[@id=\"application-managesites-display-component---NewSite--addressNewCostObjectCstID-vhi\"]"}
RESULT: {}
RESULT: {"using":"xpath","value":"//*[@id=\"application-managesites-display-component---NewSite--addressNewCostObjectCstID-vhi\"]"}
COMMAND: POST /session/b10d6c442cc9079ac1ad267591374e01/element/f.820658ADB2B97F80F3CD4D4B07B1BD52.d.6CCD9887634C6ACFA8C09A4D561E42BA.e.2490/click - {}
RESULT: {}
COMMAND: GET /session/b10d6c442cc9079ac1ad267591374e01/screenshot - {}
RESULT: {}
RESULT: undefined
COMMAND: POST /session/b10d6c442cc9079ac1ad267591374e01/execute/async - {"script":"<script> [776 bytes]","args":[{"enterText":"10001013","selector":{"controlType":"sap.m.SearchField","properties":{"placeholder":"Search"},"searchOpenDialogs":true,"interaction":{"idSuffix":"I"}},"clearTextFirst":true,"interactionType":"ENTER_TEXT"}]}
RESULT: {"script":"<script> [776 bytes]","args":[{"enterText":"10001013","selector":{"controlType":"sap.m.SearchField","properties":{"placeholder":"Search"},"searchOpenDialogs":true,"interaction":{"idSuffix":"I"}},"clearTextFirst":true,"interactionType":"ENTER_TEXT"}]}
COMMAND: POST /session/b10d6c442cc9079ac1ad267591374e01/actions - {"actions":[{"id":"action6","type":"key","parameters":{},"actions":[{"type":"keyDown","value":"î€‡"},{"type":"pause","duration":10},{"type":"keyUp","value":"î€‡"}]}]}
RESULT: {"actions":[{"id":"action6","type":"key","parameters":{},"actions":[{"type":"keyDown","value":"î€‡"},{"type":"pause","duration":10},{"type":"keyUp","value":"î€‡"}]}]}
COMMAND: GET /session/b10d6c442cc9079ac1ad267591374e01/screenshot - {}
RESULT: {}
COMMAND: POST /session/b10d6c442cc9079ac1ad267591374e01/element - {"using":"xpath","value":"//span[contains(text(), \"General Management\")]"}
RESULT: {"using":"xpath","value":"//span[contains(text(), \"General Management\")]"}
COMMAND: POST /session/b10d6c442cc9079ac1ad267591374e01/element/f.820658ADB2B97F80F3CD4D4B07B1BD52.d.6CCD9887634C6ACFA8C09A4D561E42BA.e.2529/click - {}
RESULT: {}
COMMAND: GET /session/b10d6c442cc9079ac1ad267591374e01/screenshot - {}
RESULT: {}
COMMAND: POST /session/b10d6c442cc9079ac1ad267591374e01/element - {"using":"xpath","value":"//bdi[contains(text(), \"OK\")]"}
RESULT: {"using":"xpath","value":"//bdi[contains(text(), \"OK\")]"}
COMMAND: POST /session/b10d6c442cc9079ac1ad267591374e01/element/f.820658ADB2B97F80F3CD4D4B07B1BD52.d.6CCD9887634C6ACFA8C09A4D561E42BA.e.2530/click - {}
RESULT: {}
COMMAND: GET /session/b10d6c442cc9079ac1ad267591374e01/screenshot - {}
RESULT: {}
COMMAND: POST /session/b10d6c442cc9079ac1ad267591374e01/element - {"using":"xpath","value":"//input[@id=\"application-managesites-display-component---NewSite--addressDetailDetailsCalendar-inner\"]"}
RESULT: {"using":"xpath","value":"//input[@id=\"application-managesites-display-component---NewSite--addressDetailDetailsCalendar-inner\"]"}
COMMAND: POST /session/b10d6c442cc9079ac1ad267591374e01/element/f.820658ADB2B97F80F3CD4D4B07B1BD52.d.6CCD9887634C6ACFA8C09A4D561E42BA.e.2241/clear - {}
RESULT: {}
COMMAND: POST /session/b10d6c442cc9079ac1ad267591374e01/element/f.820658ADB2B97F80F3CD4D4B07B1BD52.d.6CCD9887634C6ACFA8C09A4D561E42BA.e.2241/value - {"text":"Unit"}
COMMAND: GET /session/b10d6c442cc9079ac1ad267591374e01/screenshot - {}
RESULT: {"text":"Unit"}
COMMAND: GET /session/b10d6c442cc9079ac1ad267591374e01/screenshot - {}
RESULT: {}
RESULT: {}
COMMAND: POST /session/b10d6c442cc9079ac1ad267591374e01/actions - {"actions":[{"id":"action7","type":"key","parameters":{},"actions":[{"type":"keyDown","value":"î€‡"},{"type":"pause","duration":10},{"type":"keyUp","value":"î€‡"}]}]}
RESULT: {"actions":[{"id":"action7","type":"key","parameters":{},"actions":[{"type":"keyDown","value":"î€‡"},{"type":"pause","duration":10},{"type":"keyUp","value":"î€‡"}]}]}
COMMAND: POST /session/b10d6c442cc9079ac1ad267591374e01/element - {"using":"xpath","value":"//input[@id=\"application-managesites-display-component---NewSite--addressDetailDetailsYard-inner\"]"}
COMMAND: GET /session/b10d6c442cc9079ac1ad267591374e01/screenshot - {}
RESULT: {"using":"xpath","value":"//input[@id=\"application-managesites-display-component---NewSite--addressDetailDetailsYard-inner\"]"}
COMMAND: POST /session/b10d6c442cc9079ac1ad267591374e01/element/f.820658ADB2B97F80F3CD4D4B07B1BD52.d.6CCD9887634C6ACFA8C09A4D561E42BA.e.2242/clear - {}
RESULT: {}
RESULT: {}
COMMAND: POST /session/b10d6c442cc9079ac1ad267591374e01/element/f.820658ADB2B97F80F3CD4D4B07B1BD52.d.6CCD9887634C6ACFA8C09A4D561E42BA.e.2242/value - {"text":"298"}
COMMAND: GET /session/b10d6c442cc9079ac1ad267591374e01/screenshot - {}
RESULT: {"text":"298"}
COMMAND: GET /session/b10d6c442cc9079ac1ad267591374e01/screenshot - {}
RESULT: {}
RESULT: {}
COMMAND: POST /session/b10d6c442cc9079ac1ad267591374e01/element - {"using":"xpath","value":"//li[.//span[text()='298']]"}
RESULT: {"using":"xpath","value":"//li[.//span[text()='298']]"}
COMMAND: POST /session/b10d6c442cc9079ac1ad267591374e01/element/f.820658ADB2B97F80F3CD4D4B07B1BD52.d.6CCD9887634C6ACFA8C09A4D561E42BA.e.2538/click - {}
RESULT: {}
COMMAND: GET /session/b10d6c442cc9079ac1ad267591374e01/screenshot - {}
RESULT: {}
COMMAND: POST /session/b10d6c442cc9079ac1ad267591374e01/element - {"using":"xpath","value":"//input[@id=\"application-managesites-display-component---NewSite--addressDetailDetailsPartner-inner\"]"}
RESULT: {"using":"xpath","value":"//input[@id=\"application-managesites-display-component---NewSite--addressDetailDetailsPartner-inner\"]"}
COMMAND: POST /session/b10d6c442cc9079ac1ad267591374e01/element - {"using":"xpath","value":"//input[@id=\"application-managesites-display-component---NewSite--addressDetailDetailsPartner-inner\"]"}
RESULT: {"using":"xpath","value":"//input[@id=\"application-managesites-display-component---NewSite--addressDetailDetailsPartner-inner\"]"}
COMMAND: POST /session/b10d6c442cc9079ac1ad267591374e01/element - {"using":"xpath","value":"//button[@data-kt=\"saveButton\"]"}
RESULT: {"using":"xpath","value":"//button[@data-kt=\"saveButton\"]"}
COMMAND: POST /session/b10d6c442cc9079ac1ad267591374e01/element/f.820658ADB2B97F80F3CD4D4B07B1BD52.d.6CCD9887634C6ACFA8C09A4D561E42BA.e.2416/click - {}
RESULT: {}
COMMAND: GET /session/b10d6c442cc9079ac1ad267591374e01/screenshot - {}
RESULT: {}
COMMAND: POST /session/b10d6c442cc9079ac1ad267591374e01/element - {"using":"xpath","value":"//header[contains(@id, 'ObjectPageLayout-headerTitle')]/div[1]/div[2]/div[2]/span[1]"}
RESULT: {"using":"xpath","value":"//header[contains(@id, 'ObjectPageLayout-headerTitle')]/div[1]/div[2]/div[2]/span[1]"}
COMMAND: POST /session/b10d6c442cc9079ac1ad267591374e01/elements - {"using":"xpath","value":"//header[contains(@id, 'ObjectPageLayout-headerTitle')]/div[1]/div[2]/div[2]/span[1]"}
RESULT: {"using":"xpath","value":"//header[contains(@id, 'ObjectPageLayout-headerTitle')]/div[1]/div[2]/div[2]/span[1]"}
COMMAND: POST /session/b10d6c442cc9079ac1ad267591374e01/execute/sync - {"script":"<script> [56 bytes]","args":[{"element-6066-11e4-a52e-4f735466cecf":"f.820658ADB2B97F80F3CD4D4B07B1BD52.d.6CCD9887634C6ACFA8C09A4D561E42BA.e.2740","ELEMENT":"f.820658ADB2B97F80F3CD4D4B07B1BD52.d.6CCD9887634C6ACFA8C09A4D561E42BA.e.2740"}]}
RESULT: {"script":"<script> [56 bytes]","args":[{"element-6066-11e4-a52e-4f735466cecf":"f.820658ADB2B97F80F3CD4D4B07B1BD52.d.6CCD9887634C6ACFA8C09A4D561E42BA.e.2740","ELEMENT":"f.820658ADB2B97F80F3CD4D4B07B1BD52.d.6CCD9887634C6ACFA8C09A4D561E42BA.e.2740"}]}
COMMAND: POST /session/b10d6c442cc9079ac1ad267591374e01/element - {"using":"css selector","value":"#shell-header-logo"}
COMMAND: GET /session/b10d6c442cc9079ac1ad267591374e01/screenshot - {}
RESULT: {"using":"css selector","value":"#shell-header-logo"}
COMMAND: POST /session/b10d6c442cc9079ac1ad267591374e01/element/f.820658ADB2B97F80F3CD4D4B07B1BD52.d.6CCD9887634C6ACFA8C09A4D561E42BA.e.1800/click - {}
RESULT: {}
RESULT: {}
COMMAND: GET /session/b10d6c442cc9079ac1ad267591374e01/screenshot - {}
RESULT: {}
COMMAND: POST /session/b10d6c442cc9079ac1ad267591374e01/execute/sync - {"script":"<script> [299 bytes]","args":[["getModel","getResource"]]}
RESULT: {"script":"<script> [299 bytes]","args":[["getModel","getResource"]]}
]]></system-out>
    </testcase>
    <testcase classname="chrome.136_0_7103_49.windows.Billing_Transfer_-_Master_data_&amp;_Intercompany_US127250" name="Should create a new equipment" time="119.891">
      <system-out><![CDATA[
COMMAND: GET /session/b10d6c442cc9079ac1ad267591374e01/screenshot - {}
COMMAND: POST /session/b10d6c442cc9079ac1ad267591374e01/execute/async - {"script":"<script> [1562 bytes]","args":[{"selector":{"controlType":"sap.m.GenericTile","properties":{"header":"Manage Resources"}},"wdio_ui5_key":"sapm.GenericTile{\"header\":\"Manage Resources\"}"}]}
RESULT: {}
RESULT: {"script":"<script> [1562 bytes]","args":[{"selector":{"controlType":"sap.m.GenericTile","properties":{"header":"Manage Resources"}},"wdio_ui5_key":"sapm.GenericTile{\"header\":\"Manage Resources\"}"}]}
RESULT: undefined
COMMAND: POST /session/b10d6c442cc9079ac1ad267591374e01/element - {"using":"xpath","value":"//*[@id=\"__tile39\"]"}
RESULT: {"using":"xpath","value":"//*[@id=\"__tile39\"]"}
COMMAND: POST /session/b10d6c442cc9079ac1ad267591374e01/element/f.820658ADB2B97F80F3CD4D4B07B1BD52.d.6CCD9887634C6ACFA8C09A4D561E42BA.e.153/click - {}
RESULT: {}
COMMAND: POST /session/b10d6c442cc9079ac1ad267591374e01/element - {"using":"xpath","value":"//button[@data-kt=\"addNewRUOverflowToolbarButton\"]"}
COMMAND: GET /session/b10d6c442cc9079ac1ad267591374e01/screenshot - {}
RESULT: {"using":"xpath","value":"//button[@data-kt=\"addNewRUOverflowToolbarButton\"]"}
COMMAND: POST /session/b10d6c442cc9079ac1ad267591374e01/elements - {"using":"xpath","value":"//button[@data-kt=\"addNewRUOverflowToolbarButton\"]"}
RESULT: {}
RESULT: {"using":"xpath","value":"//button[@data-kt=\"addNewRUOverflowToolbarButton\"]"}
COMMAND: POST /session/b10d6c442cc9079ac1ad267591374e01/elements - {"using":"xpath","value":"//button[@data-kt=\"addNewRUOverflowToolbarButton\"]"}
RESULT: {"using":"xpath","value":"//button[@data-kt=\"addNewRUOverflowToolbarButton\"]"}
COMMAND: POST /session/b10d6c442cc9079ac1ad267591374e01/elements - {"using":"xpath","value":"//button[@data-kt=\"addNewRUOverflowToolbarButton\"]"}
RESULT: {"using":"xpath","value":"//button[@data-kt=\"addNewRUOverflowToolbarButton\"]"}
COMMAND: POST /session/b10d6c442cc9079ac1ad267591374e01/elements - {"using":"xpath","value":"//button[@data-kt=\"addNewRUOverflowToolbarButton\"]"}
RESULT: {"using":"xpath","value":"//button[@data-kt=\"addNewRUOverflowToolbarButton\"]"}
COMMAND: POST /session/b10d6c442cc9079ac1ad267591374e01/elements - {"using":"xpath","value":"//button[@data-kt=\"addNewRUOverflowToolbarButton\"]"}
RESULT: {"using":"xpath","value":"//button[@data-kt=\"addNewRUOverflowToolbarButton\"]"}
COMMAND: POST /session/b10d6c442cc9079ac1ad267591374e01/elements - {"using":"xpath","value":"//button[@data-kt=\"addNewRUOverflowToolbarButton\"]"}
RESULT: {"using":"xpath","value":"//button[@data-kt=\"addNewRUOverflowToolbarButton\"]"}
COMMAND: POST /session/b10d6c442cc9079ac1ad267591374e01/elements - {"using":"xpath","value":"//button[@data-kt=\"addNewRUOverflowToolbarButton\"]"}
RESULT: {"using":"xpath","value":"//button[@data-kt=\"addNewRUOverflowToolbarButton\"]"}
COMMAND: POST /session/b10d6c442cc9079ac1ad267591374e01/elements - {"using":"xpath","value":"//button[@data-kt=\"addNewRUOverflowToolbarButton\"]"}
RESULT: {"using":"xpath","value":"//button[@data-kt=\"addNewRUOverflowToolbarButton\"]"}
COMMAND: POST /session/b10d6c442cc9079ac1ad267591374e01/elements - {"using":"xpath","value":"//button[@data-kt=\"addNewRUOverflowToolbarButton\"]"}
RESULT: {"using":"xpath","value":"//button[@data-kt=\"addNewRUOverflowToolbarButton\"]"}
COMMAND: POST /session/b10d6c442cc9079ac1ad267591374e01/elements - {"using":"xpath","value":"//button[@data-kt=\"addNewRUOverflowToolbarButton\"]"}
RESULT: {"using":"xpath","value":"//button[@data-kt=\"addNewRUOverflowToolbarButton\"]"}
COMMAND: POST /session/b10d6c442cc9079ac1ad267591374e01/elements - {"using":"xpath","value":"//button[@data-kt=\"addNewRUOverflowToolbarButton\"]"}
RESULT: {"using":"xpath","value":"//button[@data-kt=\"addNewRUOverflowToolbarButton\"]"}
COMMAND: POST /session/b10d6c442cc9079ac1ad267591374e01/elements - {"using":"xpath","value":"//button[@data-kt=\"addNewRUOverflowToolbarButton\"]"}
RESULT: {"using":"xpath","value":"//button[@data-kt=\"addNewRUOverflowToolbarButton\"]"}
COMMAND: POST /session/b10d6c442cc9079ac1ad267591374e01/elements - {"using":"xpath","value":"//button[@data-kt=\"addNewRUOverflowToolbarButton\"]"}
RESULT: {"using":"xpath","value":"//button[@data-kt=\"addNewRUOverflowToolbarButton\"]"}
COMMAND: POST /session/b10d6c442cc9079ac1ad267591374e01/elements - {"using":"xpath","value":"//button[@data-kt=\"addNewRUOverflowToolbarButton\"]"}
RESULT: {"using":"xpath","value":"//button[@data-kt=\"addNewRUOverflowToolbarButton\"]"}
COMMAND: POST /session/b10d6c442cc9079ac1ad267591374e01/elements - {"using":"xpath","value":"//button[@data-kt=\"addNewRUOverflowToolbarButton\"]"}
RESULT: {"using":"xpath","value":"//button[@data-kt=\"addNewRUOverflowToolbarButton\"]"}
COMMAND: POST /session/b10d6c442cc9079ac1ad267591374e01/elements - {"using":"xpath","value":"//button[@data-kt=\"addNewRUOverflowToolbarButton\"]"}
RESULT: {"using":"xpath","value":"//button[@data-kt=\"addNewRUOverflowToolbarButton\"]"}
COMMAND: POST /session/b10d6c442cc9079ac1ad267591374e01/elements - {"using":"xpath","value":"//button[@data-kt=\"addNewRUOverflowToolbarButton\"]"}
RESULT: {"using":"xpath","value":"//button[@data-kt=\"addNewRUOverflowToolbarButton\"]"}
COMMAND: POST /session/b10d6c442cc9079ac1ad267591374e01/elements - {"using":"xpath","value":"//button[@data-kt=\"addNewRUOverflowToolbarButton\"]"}
RESULT: {"using":"xpath","value":"//button[@data-kt=\"addNewRUOverflowToolbarButton\"]"}
COMMAND: POST /session/b10d6c442cc9079ac1ad267591374e01/elements - {"using":"xpath","value":"//button[@data-kt=\"addNewRUOverflowToolbarButton\"]"}
RESULT: {"using":"xpath","value":"//button[@data-kt=\"addNewRUOverflowToolbarButton\"]"}
COMMAND: POST /session/b10d6c442cc9079ac1ad267591374e01/elements - {"using":"xpath","value":"//button[@data-kt=\"addNewRUOverflowToolbarButton\"]"}
RESULT: {"using":"xpath","value":"//button[@data-kt=\"addNewRUOverflowToolbarButton\"]"}
COMMAND: POST /session/b10d6c442cc9079ac1ad267591374e01/elements - {"using":"xpath","value":"//button[@data-kt=\"addNewRUOverflowToolbarButton\"]"}
RESULT: {"using":"xpath","value":"//button[@data-kt=\"addNewRUOverflowToolbarButton\"]"}
COMMAND: POST /session/b10d6c442cc9079ac1ad267591374e01/elements - {"using":"xpath","value":"//button[@data-kt=\"addNewRUOverflowToolbarButton\"]"}
RESULT: {"using":"xpath","value":"//button[@data-kt=\"addNewRUOverflowToolbarButton\"]"}
COMMAND: POST /session/b10d6c442cc9079ac1ad267591374e01/element - {"using":"xpath","value":"//button[@data-kt=\"addNewRUOverflowToolbarButton\"]"}
RESULT: {"using":"xpath","value":"//button[@data-kt=\"addNewRUOverflowToolbarButton\"]"}
COMMAND: POST /session/b10d6c442cc9079ac1ad267591374e01/execute/sync - {"script":"<script> [8489 bytes]","args":[{"element-6066-11e4-a52e-4f735466cecf":"f.820658ADB2B97F80F3CD4D4B07B1BD52.d.6CCD9887634C6ACFA8C09A4D561E42BA.e.2783","ELEMENT":"f.820658ADB2B97F80F3CD4D4B07B1BD52.d.6CCD9887634C6ACFA8C09A4D561E42BA.e.2783"}]}
RESULT: {"script":"<script> [8489 bytes]","args":[{"element-6066-11e4-a52e-4f735466cecf":"f.820658ADB2B97F80F3CD4D4B07B1BD52.d.6CCD9887634C6ACFA8C09A4D561E42BA.e.2783","ELEMENT":"f.820658ADB2B97F80F3CD4D4B07B1BD52.d.6CCD9887634C6ACFA8C09A4D561E42BA.e.2783"}]}
COMMAND: GET /session/b10d6c442cc9079ac1ad267591374e01/element/f.820658ADB2B97F80F3CD4D4B07B1BD52.d.6CCD9887634C6ACFA8C09A4D561E42BA.e.2783/enabled - {}
COMMAND: GET /session/b10d6c442cc9079ac1ad267591374e01/screenshot - {}
RESULT: {}
COMMAND: POST /session/b10d6c442cc9079ac1ad267591374e01/execute/sync - {"script":"<script> [8489 bytes]","args":[{"element-6066-11e4-a52e-4f735466cecf":"f.820658ADB2B97F80F3CD4D4B07B1BD52.d.6CCD9887634C6ACFA8C09A4D561E42BA.e.2783","ELEMENT":"f.820658ADB2B97F80F3CD4D4B07B1BD52.d.6CCD9887634C6ACFA8C09A4D561E42BA.e.2783"}]}
COMMAND: GET /session/b10d6c442cc9079ac1ad267591374e01/screenshot - {}
RESULT: {}
RESULT: {"script":"<script> [8489 bytes]","args":[{"element-6066-11e4-a52e-4f735466cecf":"f.820658ADB2B97F80F3CD4D4B07B1BD52.d.6CCD9887634C6ACFA8C09A4D561E42BA.e.2783","ELEMENT":"f.820658ADB2B97F80F3CD4D4B07B1BD52.d.6CCD9887634C6ACFA8C09A4D561E42BA.e.2783"}]}
COMMAND: POST /session/b10d6c442cc9079ac1ad267591374e01/execute/sync - {"script":"<script> [5351 bytes]","args":[{"element-6066-11e4-a52e-4f735466cecf":"f.820658ADB2B97F80F3CD4D4B07B1BD52.d.6CCD9887634C6ACFA8C09A4D561E42BA.e.2783","ELEMENT":"f.820658ADB2B97F80F3CD4D4B07B1BD52.d.6CCD9887634C6ACFA8C09A4D561E42BA.e.2783"}]}
COMMAND: GET /session/b10d6c442cc9079ac1ad267591374e01/screenshot - {}
RESULT: {}
RESULT: {}
RESULT: {"script":"<script> [5351 bytes]","args":[{"element-6066-11e4-a52e-4f735466cecf":"f.820658ADB2B97F80F3CD4D4B07B1BD52.d.6CCD9887634C6ACFA8C09A4D561E42BA.e.2783","ELEMENT":"f.820658ADB2B97F80F3CD4D4B07B1BD52.d.6CCD9887634C6ACFA8C09A4D561E42BA.e.2783"}]}
COMMAND: POST /session/b10d6c442cc9079ac1ad267591374e01/element/f.820658ADB2B97F80F3CD4D4B07B1BD52.d.6CCD9887634C6ACFA8C09A4D561E42BA.e.2783/click - {}
COMMAND: GET /session/b10d6c442cc9079ac1ad267591374e01/screenshot - {}
RESULT: {}
COMMAND: GET /session/b10d6c442cc9079ac1ad267591374e01/screenshot - {}
RESULT: {}
RESULT: {}
COMMAND: POST /session/b10d6c442cc9079ac1ad267591374e01/execute/async - {"script":"<script> [1562 bytes]","args":[{"selector":{"id":"application-manageresources-display-component---newResourceUnit--TYPE-arrow"},"wdio_ui5_key":"applicationmanageresources-display-component---newResourceUnit--TYPE-arrow"}]}
RESULT: {"script":"<script> [1562 bytes]","args":[{"selector":{"id":"application-manageresources-display-component---newResourceUnit--TYPE-arrow"},"wdio_ui5_key":"applicationmanageresources-display-component---newResourceUnit--TYPE-arrow"}]}
RESULT: undefined
COMMAND: POST /session/b10d6c442cc9079ac1ad267591374e01/element - {"using":"xpath","value":"//*[@id=\"application-manageresources-display-component---newResourceUnit--TYPE-arrow\"]"}
RESULT: {"using":"xpath","value":"//*[@id=\"application-manageresources-display-component---newResourceUnit--TYPE-arrow\"]"}
COMMAND: POST /session/b10d6c442cc9079ac1ad267591374e01/element/f.820658ADB2B97F80F3CD4D4B07B1BD52.d.6CCD9887634C6ACFA8C09A4D561E42BA.e.3130/click - {}
RESULT: {}
COMMAND: POST /session/b10d6c442cc9079ac1ad267591374e01/element - {"using":"xpath","value":"//input[@id=\"application-manageresources-display-component---newResourceUnit--TYPE-inner\"]"}
COMMAND: GET /session/b10d6c442cc9079ac1ad267591374e01/screenshot - {}
RESULT: {"using":"xpath","value":"//input[@id=\"application-manageresources-display-component---newResourceUnit--TYPE-inner\"]"}
COMMAND: POST /session/b10d6c442cc9079ac1ad267591374e01/element/f.820658ADB2B97F80F3CD4D4B07B1BD52.d.6CCD9887634C6ACFA8C09A4D561E42BA.e.3123/clear - {}
RESULT: {}
RESULT: {}
COMMAND: POST /session/b10d6c442cc9079ac1ad267591374e01/element/f.820658ADB2B97F80F3CD4D4B07B1BD52.d.6CCD9887634C6ACFA8C09A4D561E42BA.e.3123/value - {"text":"Equipment"}
COMMAND: GET /session/b10d6c442cc9079ac1ad267591374e01/screenshot - {}
RESULT: {"text":"Equipment"}
COMMAND: GET /session/b10d6c442cc9079ac1ad267591374e01/screenshot - {}
RESULT: {}
RESULT: {}
COMMAND: POST /session/b10d6c442cc9079ac1ad267591374e01/actions - {"actions":[{"id":"action8","type":"key","parameters":{},"actions":[{"type":"keyDown","value":"î€‡"},{"type":"pause","duration":10},{"type":"keyUp","value":"î€‡"}]}]}
RESULT: {"actions":[{"id":"action8","type":"key","parameters":{},"actions":[{"type":"keyDown","value":"î€‡"},{"type":"pause","duration":10},{"type":"keyUp","value":"î€‡"}]}]}
COMMAND: POST /session/b10d6c442cc9079ac1ad267591374e01/execute/async - {"script":"<script> [1562 bytes]","args":[{"selector":{"id":"application-manageresources-display-component---newResourceUnit--resourceId","interaction":{"idSuffix":"inner"}},"wdio_ui5_key":"applicationmanageresources-display-component---newResourceUnit--resourceId"}]}
COMMAND: GET /session/b10d6c442cc9079ac1ad267591374e01/screenshot - {}
RESULT: {"script":"<script> [1562 bytes]","args":[{"selector":{"id":"application-manageresources-display-component---newResourceUnit--resourceId","interaction":{"idSuffix":"inner"}},"wdio_ui5_key":"applicationmanageresources-display-component---newResourceUnit--resourceId"}]}
RESULT: undefined
COMMAND: POST /session/b10d6c442cc9079ac1ad267591374e01/execute/async - {"script":"<script> [776 bytes]","args":[{"enterText":"xFx6RMiAEl","selector":{"id":"application-manageresources-display-component---newResourceUnit--resourceId","interaction":{"idSuffix":"inner"}},"clearTextFirst":true,"interactionType":"ENTER_TEXT"}]}
RESULT: {}
RESULT: {"script":"<script> [776 bytes]","args":[{"enterText":"xFx6RMiAEl","selector":{"id":"application-manageresources-display-component---newResourceUnit--resourceId","interaction":{"idSuffix":"inner"}},"clearTextFirst":true,"interactionType":"ENTER_TEXT"}]}
COMMAND: POST /session/b10d6c442cc9079ac1ad267591374e01/execute/async - {"script":"<script> [1562 bytes]","args":[{"selector":{"id":"application-manageresources-display-component---newResourceUnit--SHORT_TEXT","interaction":{"idSuffix":"inner"}},"wdio_ui5_key":"applicationmanageresources-display-component---newResourceUnit--SHORT_TEXT"}]}
RESULT: {"script":"<script> [1562 bytes]","args":[{"selector":{"id":"application-manageresources-display-component---newResourceUnit--SHORT_TEXT","interaction":{"idSuffix":"inner"}},"wdio_ui5_key":"applicationmanageresources-display-component---newResourceUnit--SHORT_TEXT"}]}
RESULT: undefined
COMMAND: POST /session/b10d6c442cc9079ac1ad267591374e01/execute/async - {"script":"<script> [776 bytes]","args":[{"enterText":"Intercompany Equipment WDIO","selector":{"id":"application-manageresources-display-component---newResourceUnit--SHORT_TEXT","interaction":{"idSuffix":"inner"}},"clearTextFirst":true,"interactionType":"ENTER_TEXT"}]}
RESULT: {"script":"<script> [776 bytes]","args":[{"enterText":"Intercompany Equipment WDIO","selector":{"id":"application-manageresources-display-component---newResourceUnit--SHORT_TEXT","interaction":{"idSuffix":"inner"}},"clearTextFirst":true,"interactionType":"ENTER_TEXT"}]}
COMMAND: POST /session/b10d6c442cc9079ac1ad267591374e01/execute/async - {"script":"<script> [1562 bytes]","args":[{"selector":{"id":"application-manageresources-display-component---newResourceUnit--BASE_UNIT_OF_MEASURE","interaction":{"idSuffix":"inner"}},"wdio_ui5_key":"applicationmanageresources-display-component---newResourceUnit--BASE_UNIT_OF_MEASURE"}]}
RESULT: {"script":"<script> [1562 bytes]","args":[{"selector":{"id":"application-manageresources-display-component---newResourceUnit--BASE_UNIT_OF_MEASURE","interaction":{"idSuffix":"inner"}},"wdio_ui5_key":"applicationmanageresources-display-component---newResourceUnit--BASE_UNIT_OF_MEASURE"}]}
RESULT: undefined
COMMAND: POST /session/b10d6c442cc9079ac1ad267591374e01/execute/async - {"script":"<script> [776 bytes]","args":[{"enterText":"Piece","selector":{"id":"application-manageresources-display-component---newResourceUnit--BASE_UNIT_OF_MEASURE","interaction":{"idSuffix":"inner"}},"clearTextFirst":true,"interactionType":"ENTER_TEXT"}]}
RESULT: {"script":"<script> [776 bytes]","args":[{"enterText":"Piece","selector":{"id":"application-manageresources-display-component---newResourceUnit--BASE_UNIT_OF_MEASURE","interaction":{"idSuffix":"inner"}},"clearTextFirst":true,"interactionType":"ENTER_TEXT"}]}
COMMAND: POST /session/b10d6c442cc9079ac1ad267591374e01/execute/async - {"script":"<script> [1562 bytes]","args":[{"selector":{"id":"application-manageresources-display-component---newResourceUnit--WEIGHT_UNIT","interaction":{"idSuffix":"inner"}},"wdio_ui5_key":"applicationmanageresources-display-component---newResourceUnit--WEIGHT_UNIT"}]}
RESULT: {"script":"<script> [1562 bytes]","args":[{"selector":{"id":"application-manageresources-display-component---newResourceUnit--WEIGHT_UNIT","interaction":{"idSuffix":"inner"}},"wdio_ui5_key":"applicationmanageresources-display-component---newResourceUnit--WEIGHT_UNIT"}]}
RESULT: undefined
COMMAND: POST /session/b10d6c442cc9079ac1ad267591374e01/execute/async - {"script":"<script> [776 bytes]","args":[{"enterText":"Gram","selector":{"id":"application-manageresources-display-component---newResourceUnit--WEIGHT_UNIT","interaction":{"idSuffix":"inner"}},"clearTextFirst":true,"interactionType":"ENTER_TEXT"}]}
RESULT: {"script":"<script> [776 bytes]","args":[{"enterText":"Gram","selector":{"id":"application-manageresources-display-component---newResourceUnit--WEIGHT_UNIT","interaction":{"idSuffix":"inner"}},"clearTextFirst":true,"interactionType":"ENTER_TEXT"}]}
COMMAND: POST /session/b10d6c442cc9079ac1ad267591374e01/execute/async - {"script":"<script> [1562 bytes]","args":[{"selector":{"id":"application-manageresources-display-component---newResourceUnit--DIMENSION_UNIT","interaction":{"idSuffix":"inner"}},"wdio_ui5_key":"applicationmanageresources-display-component---newResourceUnit--DIMENSION_UNIT"}]}
RESULT: {"script":"<script> [1562 bytes]","args":[{"selector":{"id":"application-manageresources-display-component---newResourceUnit--DIMENSION_UNIT","interaction":{"idSuffix":"inner"}},"wdio_ui5_key":"applicationmanageresources-display-component---newResourceUnit--DIMENSION_UNIT"}]}
RESULT: undefined
COMMAND: POST /session/b10d6c442cc9079ac1ad267591374e01/execute/async - {"script":"<script> [776 bytes]","args":[{"enterText":"Meter","selector":{"id":"application-manageresources-display-component---newResourceUnit--DIMENSION_UNIT","interaction":{"idSuffix":"inner"}},"clearTextFirst":true,"interactionType":"ENTER_TEXT"}]}
RESULT: {"script":"<script> [776 bytes]","args":[{"enterText":"Meter","selector":{"id":"application-manageresources-display-component---newResourceUnit--DIMENSION_UNIT","interaction":{"idSuffix":"inner"}},"clearTextFirst":true,"interactionType":"ENTER_TEXT"}]}
COMMAND: POST /session/b10d6c442cc9079ac1ad267591374e01/execute/async - {"script":"<script> [1562 bytes]","args":[{"selector":{"id":"application-manageresources-display-component---newResourceUnit--newRRUPage-anchBar-application-manageresources-display-component---newResourceUnit--control-anchor","interaction":{"idSuffix":"BDI-content"}},"wdio_ui5_key":"applicationmanageresources-display-component---newResourceUnit--newRRUPage-anchBar-application-manageresources-display-component---newResourceUnit--control-anchor"}]}
RESULT: {"script":"<script> [1562 bytes]","args":[{"selector":{"id":"application-manageresources-display-component---newResourceUnit--newRRUPage-anchBar-application-manageresources-display-component---newResourceUnit--control-anchor","interaction":{"idSuffix":"BDI-content"}},"wdio_ui5_key":"applicationmanageresources-display-component---newResourceUnit--newRRUPage-anchBar-application-manageresources-display-component---newResourceUnit--control-anchor"}]}
RESULT: undefined
COMMAND: POST /session/b10d6c442cc9079ac1ad267591374e01/element - {"using":"xpath","value":"//*[@id=\"application-manageresources-display-component---newResourceUnit--newRRUPage-anchBar-application-manageresources-display-component---newResourceUnit--control-anchor\"]"}
RESULT: {"using":"xpath","value":"//*[@id=\"application-manageresources-display-component---newResourceUnit--newRRUPage-anchBar-application-manageresources-display-component---newResourceUnit--control-anchor\"]"}
COMMAND: POST /session/b10d6c442cc9079ac1ad267591374e01/element/f.820658ADB2B97F80F3CD4D4B07B1BD52.d.6CCD9887634C6ACFA8C09A4D561E42BA.e.3261/click - {}
RESULT: {}
COMMAND: POST /session/b10d6c442cc9079ac1ad267591374e01/execute/async - {"script":"<script> [1562 bytes]","args":[{"selector":{"id":"application-manageresources-display-component---newResourceUnit--PLANNING_GROUP","interaction":{"idSuffix":"inner"}},"wdio_ui5_key":"applicationmanageresources-display-component---newResourceUnit--PLANNING_GROUP"}]}
COMMAND: GET /session/b10d6c442cc9079ac1ad267591374e01/screenshot - {}
RESULT: {"script":"<script> [1562 bytes]","args":[{"selector":{"id":"application-manageresources-display-component---newResourceUnit--PLANNING_GROUP","interaction":{"idSuffix":"inner"}},"wdio_ui5_key":"applicationmanageresources-display-component---newResourceUnit--PLANNING_GROUP"}]}
RESULT: undefined
COMMAND: POST /session/b10d6c442cc9079ac1ad267591374e01/execute/async - {"script":"<script> [776 bytes]","args":[{"enterText":"Heavy Equi","selector":{"id":"application-manageresources-display-component---newResourceUnit--PLANNING_GROUP","interaction":{"idSuffix":"inner"}},"clearTextFirst":true,"interactionType":"ENTER_TEXT"}]}
RESULT: {}
RESULT: {"script":"<script> [776 bytes]","args":[{"enterText":"Heavy Equi","selector":{"id":"application-manageresources-display-component---newResourceUnit--PLANNING_GROUP","interaction":{"idSuffix":"inner"}},"clearTextFirst":true,"interactionType":"ENTER_TEXT"}]}
COMMAND: POST /session/b10d6c442cc9079ac1ad267591374e01/execute/async - {"script":"<script> [1562 bytes]","args":[{"selector":{"id":"application-manageresources-display-component---newResourceUnit--ITEM_TYPE-arrow"},"wdio_ui5_key":"applicationmanageresources-display-component---newResourceUnit--ITEM_TYPE-arrow"}]}
RESULT: {"script":"<script> [1562 bytes]","args":[{"selector":{"id":"application-manageresources-display-component---newResourceUnit--ITEM_TYPE-arrow"},"wdio_ui5_key":"applicationmanageresources-display-component---newResourceUnit--ITEM_TYPE-arrow"}]}
RESULT: undefined
COMMAND: POST /session/b10d6c442cc9079ac1ad267591374e01/element - {"using":"xpath","value":"//*[@id=\"application-manageresources-display-component---newResourceUnit--ITEM_TYPE-arrow\"]"}
RESULT: {"using":"xpath","value":"//*[@id=\"application-manageresources-display-component---newResourceUnit--ITEM_TYPE-arrow\"]"}
COMMAND: POST /session/b10d6c442cc9079ac1ad267591374e01/element/f.820658ADB2B97F80F3CD4D4B07B1BD52.d.6CCD9887634C6ACFA8C09A4D561E42BA.e.3268/click - {}
RESULT: {}
COMMAND: POST /session/b10d6c442cc9079ac1ad267591374e01/element - {"using":"xpath","value":"(//span[contains(text(), \"Resource Unit\")])[2]"}
COMMAND: GET /session/b10d6c442cc9079ac1ad267591374e01/screenshot - {}
RESULT: {"using":"xpath","value":"(//span[contains(text(), \"Resource Unit\")])[2]"}
COMMAND: POST /session/b10d6c442cc9079ac1ad267591374e01/element/f.820658ADB2B97F80F3CD4D4B07B1BD52.d.6CCD9887634C6ACFA8C09A4D561E42BA.e.3269/click - {}
RESULT: {}
RESULT: {}
COMMAND: GET /session/b10d6c442cc9079ac1ad267591374e01/screenshot - {}
RESULT: {}
COMMAND: POST /session/b10d6c442cc9079ac1ad267591374e01/element - {"using":"css selector","value":"#application-manageresources-display-component---newResourceUnit--btnAddTimeSegment"}
RESULT: {"using":"css selector","value":"#application-manageresources-display-component---newResourceUnit--btnAddTimeSegment"}
COMMAND: GET /session/b10d6c442cc9079ac1ad267591374e01/element/f.820658ADB2B97F80F3CD4D4B07B1BD52.d.6CCD9887634C6ACFA8C09A4D561E42BA.e.3270/rect - {}
RESULT: {}
COMMAND: GET /session/b10d6c442cc9079ac1ad267591374e01/window/rect - {}
RESULT: {}
COMMAND: POST /session/b10d6c442cc9079ac1ad267591374e01/execute/sync - {"script":"<script> [92 bytes]","args":[]}
RESULT: {"script":"<script> [92 bytes]","args":[]}
COMMAND: POST /session/b10d6c442cc9079ac1ad267591374e01/actions - {"actions":[{"id":"action9","type":"wheel","parameters":{},"actions":[{"type":"scroll","x":-1888,"y":-32,"deltaX":0,"deltaY":0,"duration":0,"origin":{"element-6066-11e4-a52e-4f735466cecf":"f.820658ADB2B97F80F3CD4D4B07B1BD52.d.6CCD9887634C6ACFA8C09A4D561E42BA.e.3270"}}]}]}
COMMAND: GET /session/b10d6c442cc9079ac1ad267591374e01/screenshot - {}
RESULT: {}
COMMAND: POST /session/b10d6c442cc9079ac1ad267591374e01/execute/sync - {"script":"<script> [79 bytes]","args":[{"element-6066-11e4-a52e-4f735466cecf":"f.820658ADB2B97F80F3CD4D4B07B1BD52.d.6CCD9887634C6ACFA8C09A4D561E42BA.e.3270","ELEMENT":"f.820658ADB2B97F80F3CD4D4B07B1BD52.d.6CCD9887634C6ACFA8C09A4D561E42BA.e.3270"},{"block":"start","inline":"nearest"}]}
RESULT: {"script":"<script> [79 bytes]","args":[{"element-6066-11e4-a52e-4f735466cecf":"f.820658ADB2B97F80F3CD4D4B07B1BD52.d.6CCD9887634C6ACFA8C09A4D561E42BA.e.3270","ELEMENT":"f.820658ADB2B97F80F3CD4D4B07B1BD52.d.6CCD9887634C6ACFA8C09A4D561E42BA.e.3270"},{"block":"start","inline":"nearest"}]}
COMMAND: POST /session/b10d6c442cc9079ac1ad267591374e01/execute/async - {"script":"<script> [1562 bytes]","args":[{"selector":{"id":"application-manageresources-display-component---newResourceUnit--btnAddTimeSegment","interaction":{"idSuffix":"inner"}},"wdio_ui5_key":"applicationmanageresources-display-component---newResourceUnit--btnAddTimeSegment"}]}
COMMAND: GET /session/b10d6c442cc9079ac1ad267591374e01/screenshot - {}
RESULT: {"script":"<script> [1562 bytes]","args":[{"selector":{"id":"application-manageresources-display-component---newResourceUnit--btnAddTimeSegment","interaction":{"idSuffix":"inner"}},"wdio_ui5_key":"applicationmanageresources-display-component---newResourceUnit--btnAddTimeSegment"}]}
RESULT: undefined
COMMAND: POST /session/b10d6c442cc9079ac1ad267591374e01/element - {"using":"xpath","value":"//*[@id=\"application-manageresources-display-component---newResourceUnit--btnAddTimeSegment\"]"}
RESULT: {}
RESULT: {"using":"xpath","value":"//*[@id=\"application-manageresources-display-component---newResourceUnit--btnAddTimeSegment\"]"}
COMMAND: POST /session/b10d6c442cc9079ac1ad267591374e01/element/f.820658ADB2B97F80F3CD4D4B07B1BD52.d.6CCD9887634C6ACFA8C09A4D561E42BA.e.3270/click - {}
RESULT: {}
COMMAND: GET /session/b10d6c442cc9079ac1ad267591374e01/screenshot - {}
RESULT: {}
COMMAND: POST /session/b10d6c442cc9079ac1ad267591374e01/element - {"using":"xpath","value":"//input[@id=\"application-manageresources-display-component---newResourceUnit--idRuTSAdmin-application-manageresources-display-component---newResourceUnit--RUTimeSegment-0-inner\"]"}
RESULT: {"using":"xpath","value":"//input[@id=\"application-manageresources-display-component---newResourceUnit--idRuTSAdmin-application-manageresources-display-component---newResourceUnit--RUTimeSegment-0-inner\"]"}
COMMAND: POST /session/b10d6c442cc9079ac1ad267591374e01/element/f.820658ADB2B97F80F3CD4D4B07B1BD52.d.6CCD9887634C6ACFA8C09A4D561E42BA.e.3276/clear - {}
RESULT: {}
COMMAND: POST /session/b10d6c442cc9079ac1ad267591374e01/element/f.820658ADB2B97F80F3CD4D4B07B1BD52.d.6CCD9887634C6ACFA8C09A4D561E42BA.e.3276/value - {"text":"298"}
COMMAND: GET /session/b10d6c442cc9079ac1ad267591374e01/screenshot - {}
RESULT: {"text":"298"}
COMMAND: GET /session/b10d6c442cc9079ac1ad267591374e01/screenshot - {}
RESULT: {}
RESULT: {}
COMMAND: POST /session/b10d6c442cc9079ac1ad267591374e01/element - {"using":"xpath","value":"//li[.//span[text()='298']]"}
RESULT: {"using":"xpath","value":"//li[.//span[text()='298']]"}
COMMAND: POST /session/b10d6c442cc9079ac1ad267591374e01/element/f.820658ADB2B97F80F3CD4D4B07B1BD52.d.6CCD9887634C6ACFA8C09A4D561E42BA.e.3287/click - {}
RESULT: {}
COMMAND: GET /session/b10d6c442cc9079ac1ad267591374e01/screenshot - {}
RESULT: {}
COMMAND: POST /session/b10d6c442cc9079ac1ad267591374e01/element - {"using":"xpath","value":"(//span[contains(@id, \"-application-manageresources-display-component---newResourceUnit--RUTimeSegment-0-arrow\")])[6]"}
RESULT: {"using":"xpath","value":"(//span[contains(@id, \"-application-manageresources-display-component---newResourceUnit--RUTimeSegment-0-arrow\")])[6]"}
COMMAND: POST /session/b10d6c442cc9079ac1ad267591374e01/element/f.820658ADB2B97F80F3CD4D4B07B1BD52.d.6CCD9887634C6ACFA8C09A4D561E42BA.e.3288/click - {}
RESULT: {}
COMMAND: GET /session/b10d6c442cc9079ac1ad267591374e01/screenshot - {}
RESULT: {}
COMMAND: POST /session/b10d6c442cc9079ac1ad267591374e01/element - {"using":"xpath","value":"//span[contains(text(), \"PM Order\")]"}
RESULT: {"using":"xpath","value":"//span[contains(text(), \"PM Order\")]"}
COMMAND: POST /session/b10d6c442cc9079ac1ad267591374e01/element/f.820658ADB2B97F80F3CD4D4B07B1BD52.d.6CCD9887634C6ACFA8C09A4D561E42BA.e.3291/click - {}
RESULT: {}
COMMAND: GET /session/b10d6c442cc9079ac1ad267591374e01/screenshot - {}
RESULT: {}
COMMAND: POST /session/b10d6c442cc9079ac1ad267591374e01/element - {"using":"xpath","value":"(//span[contains(@id ,\"manageresources-display-component---newResourceUnit--RUTimeSegment-0-vhi\")])[1]"}
RESULT: {"using":"xpath","value":"(//span[contains(@id ,\"manageresources-display-component---newResourceUnit--RUTimeSegment-0-vhi\")])[1]"}
COMMAND: GET /session/b10d6c442cc9079ac1ad267591374e01/element/f.820658ADB2B97F80F3CD4D4B07B1BD52.d.6CCD9887634C6ACFA8C09A4D561E42BA.e.3295/rect - {}
RESULT: {}
COMMAND: GET /session/b10d6c442cc9079ac1ad267591374e01/window/rect - {}
RESULT: {}
COMMAND: POST /session/b10d6c442cc9079ac1ad267591374e01/execute/sync - {"script":"<script> [92 bytes]","args":[]}
RESULT: {"script":"<script> [92 bytes]","args":[]}
COMMAND: POST /session/b10d6c442cc9079ac1ad267591374e01/actions - {"actions":[{"id":"action10","type":"wheel","parameters":{},"actions":[{"type":"scroll","x":-869,"y":-24,"deltaX":0,"deltaY":0,"duration":0,"origin":{"element-6066-11e4-a52e-4f735466cecf":"f.820658ADB2B97F80F3CD4D4B07B1BD52.d.6CCD9887634C6ACFA8C09A4D561E42BA.e.3295"}}]}]}
COMMAND: GET /session/b10d6c442cc9079ac1ad267591374e01/screenshot - {}
RESULT: {"actions":[{"id":"action10","type":"wheel","parameters":{},"actions":[{"type":"scroll","x":-869,"y":-24,"deltaX":0,"deltaY":0,"duration":0,"origin":{"element-6066-11e4-a52e-4f735466cecf":"f.820658ADB2B97F80F3CD4D4B07B1BD52.d.6CCD9887634C6ACFA8C09A4D561E42BA.e.3295"}}]}]}
COMMAND: DELETE /session/b10d6c442cc9079ac1ad267591374e01/actions - {}
COMMAND: GET /session/b10d6c442cc9079ac1ad267591374e01/screenshot - {}
RESULT: {}
RESULT: {}
COMMAND: GET /session/b10d6c442cc9079ac1ad267591374e01/screenshot - {}
RESULT: {}
RESULT: {}
COMMAND: POST /session/b10d6c442cc9079ac1ad267591374e01/element/f.820658ADB2B97F80F3CD4D4B07B1BD52.d.6CCD9887634C6ACFA8C09A4D561E42BA.e.3295/click - {}
RESULT: {}
COMMAND: GET /session/b10d6c442cc9079ac1ad267591374e01/screenshot - {}
RESULT: {}
RESULT: undefined
COMMAND: POST /session/b10d6c442cc9079ac1ad267591374e01/execute/async - {"script":"<script> [776 bytes]","args":[{"enterText":"4000360","selector":{"controlType":"sap.m.SearchField","properties":{"placeholder":"Search"},"searchOpenDialogs":true,"interaction":{"idSuffix":"I"}},"clearTextFirst":true,"interactionType":"ENTER_TEXT"}]}
RESULT: {"script":"<script> [776 bytes]","args":[{"enterText":"4000360","selector":{"controlType":"sap.m.SearchField","properties":{"placeholder":"Search"},"searchOpenDialogs":true,"interaction":{"idSuffix":"I"}},"clearTextFirst":true,"interactionType":"ENTER_TEXT"}]}
COMMAND: POST /session/b10d6c442cc9079ac1ad267591374e01/actions - {"actions":[{"id":"action11","type":"key","parameters":{},"actions":[{"type":"keyDown","value":"î€‡"},{"type":"pause","duration":10},{"type":"keyUp","value":"î€‡"}]}]}
RESULT: {"actions":[{"id":"action11","type":"key","parameters":{},"actions":[{"type":"keyDown","value":"î€‡"},{"type":"pause","duration":10},{"type":"keyUp","value":"î€‡"}]}]}
COMMAND: GET /session/b10d6c442cc9079ac1ad267591374e01/screenshot - {}
RESULT: {}
COMMAND: POST /session/b10d6c442cc9079ac1ad267591374e01/element - {"using":"xpath","value":"//td/div/span[contains(text(), \"BGL Vehicles\")]"}
RESULT: {"using":"xpath","value":"//td/div/span[contains(text(), \"BGL Vehicles\")]"}
COMMAND: POST /session/b10d6c442cc9079ac1ad267591374e01/element/f.820658ADB2B97F80F3CD4D4B07B1BD52.d.6CCD9887634C6ACFA8C09A4D561E42BA.e.3316/click - {}
RESULT: {}
COMMAND: GET /session/b10d6c442cc9079ac1ad267591374e01/screenshot - {}
RESULT: {}
COMMAND: POST /session/b10d6c442cc9079ac1ad267591374e01/element - {"using":"xpath","value":"//bdi[contains(text(), \"OK\")]"}
RESULT: {"using":"xpath","value":"//bdi[contains(text(), \"OK\")]"}
COMMAND: POST /session/b10d6c442cc9079ac1ad267591374e01/element/f.820658ADB2B97F80F3CD4D4B07B1BD52.d.6CCD9887634C6ACFA8C09A4D561E42BA.e.3317/click - {}
RESULT: {}
COMMAND: GET /session/b10d6c442cc9079ac1ad267591374e01/screenshot - {}
RESULT: {}
COMMAND: POST /session/b10d6c442cc9079ac1ad267591374e01/execute/async - {"script":"<script> [1562 bytes]","args":[{"selector":{"id":"application-manageresources-display-component---newResourceUnit--newRRUPage-anchBar-application-manageresources-display-component---newResourceUnit--resource-anchor","interaction":{"idSuffix":"BDI-content"}},"wdio_ui5_key":"applicationmanageresources-display-component---newResourceUnit--newRRUPage-anchBar-application-manageresources-display-component---newResourceUnit--resource-anchor"}]}
RESULT: {"script":"<script> [1562 bytes]","args":[{"selector":{"id":"application-manageresources-display-component---newResourceUnit--newRRUPage-anchBar-application-manageresources-display-component---newResourceUnit--resource-anchor","interaction":{"idSuffix":"BDI-content"}},"wdio_ui5_key":"applicationmanageresources-display-component---newResourceUnit--newRRUPage-anchBar-application-manageresources-display-component---newResourceUnit--resource-anchor"}]}
RESULT: undefined
COMMAND: POST /session/b10d6c442cc9079ac1ad267591374e01/element - {"using":"xpath","value":"//*[@id=\"application-manageresources-display-component---newResourceUnit--newRRUPage-anchBar-application-manageresources-display-component---newResourceUnit--resource-anchor\"]"}
RESULT: {"using":"xpath","value":"//*[@id=\"application-manageresources-display-component---newResourceUnit--newRRUPage-anchBar-application-manageresources-display-component---newResourceUnit--resource-anchor\"]"}
COMMAND: POST /session/b10d6c442cc9079ac1ad267591374e01/element/f.820658ADB2B97F80F3CD4D4B07B1BD52.d.6CCD9887634C6ACFA8C09A4D561E42BA.e.3321/click - {}
RESULT: {}
COMMAND: POST /session/b10d6c442cc9079ac1ad267591374e01/execute/async - {"script":"<script> [1562 bytes]","args":[{"selector":{"id":"application-manageresources-display-component---newResourceUnit--PLANNED_DELIVERY_DATE","interaction":{"idSuffix":"inner"}},"wdio_ui5_key":"applicationmanageresources-display-component---newResourceUnit--PLANNED_DELIVERY_DATE"}]}
COMMAND: GET /session/b10d6c442cc9079ac1ad267591374e01/screenshot - {}
RESULT: {"script":"<script> [1562 bytes]","args":[{"selector":{"id":"application-manageresources-display-component---newResourceUnit--PLANNED_DELIVERY_DATE","interaction":{"idSuffix":"inner"}},"wdio_ui5_key":"applicationmanageresources-display-component---newResourceUnit--PLANNED_DELIVERY_DATE"}]}
RESULT: undefined
COMMAND: POST /session/b10d6c442cc9079ac1ad267591374e01/execute/async - {"script":"<script> [6424 bytes]","args":[{"element-6066-11e4-a52e-4f735466cecf":"f.820658ADB2B97F80F3CD4D4B07B1BD52.d.6CCD9887634C6ACFA8C09A4D561E42BA.e.3186"},"setValue",["5/14/25"]]}
RESULT: {}
RESULT: {"script":"<script> [6424 bytes]","args":[{"element-6066-11e4-a52e-4f735466cecf":"f.820658ADB2B97F80F3CD4D4B07B1BD52.d.6CCD9887634C6ACFA8C09A4D561E42BA.e.3186"},"setValue",["5/14/25"]]}
COMMAND: POST /session/b10d6c442cc9079ac1ad267591374e01/element - {"using":"xpath","value":"//label[contains(@class, 'sapMLabelRequired') and .//bdi[contains(text(), 'Planned Retirement')]]"}
RESULT: {"using":"xpath","value":"//label[contains(@class, 'sapMLabelRequired') and .//bdi[contains(text(), 'Planned Retirement')]]"}
COMMAND: POST /session/b10d6c442cc9079ac1ad267591374e01/elements - {"using":"xpath","value":"//label[contains(@class, 'sapMLabelRequired') and .//bdi[contains(text(), 'Planned Retirement')]]"}
RESULT: {"using":"xpath","value":"//label[contains(@class, 'sapMLabelRequired') and .//bdi[contains(text(), 'Planned Retirement')]]"}
COMMAND: POST /session/b10d6c442cc9079ac1ad267591374e01/element - {"using":"xpath","value":"//button[@data-kt=\"resourceUnitSaveButton\"]"}
RESULT: {"using":"xpath","value":"//button[@data-kt=\"resourceUnitSaveButton\"]"}
COMMAND: POST /session/b10d6c442cc9079ac1ad267591374e01/element/f.820658ADB2B97F80F3CD4D4B07B1BD52.d.6CCD9887634C6ACFA8C09A4D561E42BA.e.3147/click - {}
RESULT: {}
COMMAND: GET /session/b10d6c442cc9079ac1ad267591374e01/screenshot - {}
RESULT: {}
COMMAND: POST /session/b10d6c442cc9079ac1ad267591374e01/element - {"using":"xpath","value":"//bdi[contains(text(), \"Close\")]"}
RESULT: {"using":"xpath","value":"//bdi[contains(text(), \"Close\")]"}
COMMAND: POST /session/b10d6c442cc9079ac1ad267591374e01/element/f.820658ADB2B97F80F3CD4D4B07B1BD52.d.6CCD9887634C6ACFA8C09A4D561E42BA.e.3331/click - {}
RESULT: {}
COMMAND: GET /session/b10d6c442cc9079ac1ad267591374e01/screenshot - {}
RESULT: {}
COMMAND: POST /session/b10d6c442cc9079ac1ad267591374e01/element - {"using":"xpath","value":"(//button[contains(@id ,\"actionsToolbar-overflowButton\")])[1]"}
RESULT: {"using":"xpath","value":"(//button[contains(@id ,\"actionsToolbar-overflowButton\")])[1]"}
COMMAND: POST /session/b10d6c442cc9079ac1ad267591374e01/element/f.820658ADB2B97F80F3CD4D4B07B1BD52.d.6CCD9887634C6ACFA8C09A4D561E42BA.e.3386/click - {}
RESULT: {}
COMMAND: GET /session/b10d6c442cc9079ac1ad267591374e01/screenshot - {}
RESULT: {}
COMMAND: POST /session/b10d6c442cc9079ac1ad267591374e01/element - {"using":"xpath","value":"//button[@data-kt=\"priceInfoButton\"]"}
RESULT: {"using":"xpath","value":"//button[@data-kt=\"priceInfoButton\"]"}
COMMAND: POST /session/b10d6c442cc9079ac1ad267591374e01/element/f.820658ADB2B97F80F3CD4D4B07B1BD52.d.6CCD9887634C6ACFA8C09A4D561E42BA.e.3388/click - {}
RESULT: {}
COMMAND: GET /session/b10d6c442cc9079ac1ad267591374e01/screenshot - {}
RESULT: {}
]]></system-out>
    </testcase>
    <testcase classname="chrome.136_0_7103_49.windows.Billing_Transfer_-_Master_data_&amp;_Intercompany_US127250" name="Should create new pricing rule TB on the equipment TB" time="51.411">
      <system-out><![CDATA[
COMMAND: POST /session/b10d6c442cc9079ac1ad267591374e01/element - {"using":"xpath","value":"//button[@data-kt=\"addButton\"]"}
RESULT: {"using":"xpath","value":"//button[@data-kt=\"addButton\"]"}
COMMAND: POST /session/b10d6c442cc9079ac1ad267591374e01/elements - {"using":"xpath","value":"//button[@data-kt=\"addButton\"]"}
RESULT: {"using":"xpath","value":"//button[@data-kt=\"addButton\"]"}
COMMAND: POST /session/b10d6c442cc9079ac1ad267591374e01/elements - {"using":"xpath","value":"//button[@data-kt=\"addButton\"]"}
RESULT: {"using":"xpath","value":"//button[@data-kt=\"addButton\"]"}
COMMAND: POST /session/b10d6c442cc9079ac1ad267591374e01/element - {"using":"xpath","value":"//button[@data-kt=\"addButton\"]"}
RESULT: {"using":"xpath","value":"//button[@data-kt=\"addButton\"]"}
COMMAND: POST /session/b10d6c442cc9079ac1ad267591374e01/execute/sync - {"script":"<script> [8489 bytes]","args":[{"element-6066-11e4-a52e-4f735466cecf":"f.820658ADB2B97F80F3CD4D4B07B1BD52.d.6CCD9887634C6ACFA8C09A4D561E42BA.e.3425","ELEMENT":"f.820658ADB2B97F80F3CD4D4B07B1BD52.d.6CCD9887634C6ACFA8C09A4D561E42BA.e.3425"}]}
RESULT: {"script":"<script> [8489 bytes]","args":[{"element-6066-11e4-a52e-4f735466cecf":"f.820658ADB2B97F80F3CD4D4B07B1BD52.d.6CCD9887634C6ACFA8C09A4D561E42BA.e.3425","ELEMENT":"f.820658ADB2B97F80F3CD4D4B07B1BD52.d.6CCD9887634C6ACFA8C09A4D561E42BA.e.3425"}]}
COMMAND: GET /session/b10d6c442cc9079ac1ad267591374e01/element/f.820658ADB2B97F80F3CD4D4B07B1BD52.d.6CCD9887634C6ACFA8C09A4D561E42BA.e.3425/enabled - {}
COMMAND: GET /session/b10d6c442cc9079ac1ad267591374e01/screenshot - {}
RESULT: {}
COMMAND: POST /session/b10d6c442cc9079ac1ad267591374e01/execute/sync - {"script":"<script> [8489 bytes]","args":[{"element-6066-11e4-a52e-4f735466cecf":"f.820658ADB2B97F80F3CD4D4B07B1BD52.d.6CCD9887634C6ACFA8C09A4D561E42BA.e.3425","ELEMENT":"f.820658ADB2B97F80F3CD4D4B07B1BD52.d.6CCD9887634C6ACFA8C09A4D561E42BA.e.3425"}]}
COMMAND: GET /session/b10d6c442cc9079ac1ad267591374e01/screenshot - {}
RESULT: {}
RESULT: {"script":"<script> [8489 bytes]","args":[{"element-6066-11e4-a52e-4f735466cecf":"f.820658ADB2B97F80F3CD4D4B07B1BD52.d.6CCD9887634C6ACFA8C09A4D561E42BA.e.3425","ELEMENT":"f.820658ADB2B97F80F3CD4D4B07B1BD52.d.6CCD9887634C6ACFA8C09A4D561E42BA.e.3425"}]}
COMMAND: POST /session/b10d6c442cc9079ac1ad267591374e01/execute/sync - {"script":"<script> [5351 bytes]","args":[{"element-6066-11e4-a52e-4f735466cecf":"f.820658ADB2B97F80F3CD4D4B07B1BD52.d.6CCD9887634C6ACFA8C09A4D561E42BA.e.3425","ELEMENT":"f.820658ADB2B97F80F3CD4D4B07B1BD52.d.6CCD9887634C6ACFA8C09A4D561E42BA.e.3425"}]}
COMMAND: GET /session/b10d6c442cc9079ac1ad267591374e01/screenshot - {}
RESULT: {}
RESULT: {"script":"<script> [5351 bytes]","args":[{"element-6066-11e4-a52e-4f735466cecf":"f.820658ADB2B97F80F3CD4D4B07B1BD52.d.6CCD9887634C6ACFA8C09A4D561E42BA.e.3425","ELEMENT":"f.820658ADB2B97F80F3CD4D4B07B1BD52.d.6CCD9887634C6ACFA8C09A4D561E42BA.e.3425"}]}
COMMAND: POST /session/b10d6c442cc9079ac1ad267591374e01/element/f.820658ADB2B97F80F3CD4D4B07B1BD52.d.6CCD9887634C6ACFA8C09A4D561E42BA.e.3425/click - {}
COMMAND: GET /session/b10d6c442cc9079ac1ad267591374e01/screenshot - {}
RESULT: {}
RESULT: {}
COMMAND: GET /session/b10d6c442cc9079ac1ad267591374e01/screenshot - {}
RESULT: {}
RESULT: {}
COMMAND: POST /session/b10d6c442cc9079ac1ad267591374e01/execute/async - {"script":"<script> [1562 bytes]","args":[{"selector":{"controlType":"sap.m.Title","viewName":"etm.portal.ui.managepricingrules.view.NewItem","viewId":"application-managepricingrules-display-component---newInfoPriceItem","properties":{"text":"New Pricing Rules - Item Level"}},"wdio_ui5_key":"etmportal.ui.managepricingrules.view.NewItemsap.m.Title{\"text\":\"New Pricing Rules - Item Level\"}"}]}
RESULT: {"script":"<script> [1562 bytes]","args":[{"selector":{"controlType":"sap.m.Title","viewName":"etm.portal.ui.managepricingrules.view.NewItem","viewId":"application-managepricingrules-display-component---newInfoPriceItem","properties":{"text":"New Pricing Rules - Item Level"}},"wdio_ui5_key":"etmportal.ui.managepricingrules.view.NewItemsap.m.Title{\"text\":\"New Pricing Rules - Item Level\"}"}]}
RESULT: undefined
COMMAND: POST /session/b10d6c442cc9079ac1ad267591374e01/execute/async - {"script":"<script> [6424 bytes]","args":[{"element-6066-11e4-a52e-4f735466cecf":"f.820658ADB2B97F80F3CD4D4B07B1BD52.d.6CCD9887634C6ACFA8C09A4D561E42BA.e.3604"},"getText",[]]}
RESULT: {"script":"<script> [6424 bytes]","args":[{"element-6066-11e4-a52e-4f735466cecf":"f.820658ADB2B97F80F3CD4D4B07B1BD52.d.6CCD9887634C6ACFA8C09A4D561E42BA.e.3604"},"getText",[]]}
COMMAND: POST /session/b10d6c442cc9079ac1ad267591374e01/execute/async - {"script":"<script> [1562 bytes]","args":[{"selector":{"id":"application-managepricingrules-display-component---newInfoPriceItem--condValidTo","interaction":{"idSuffix":"inner"}},"wdio_ui5_key":"applicationmanagepricingrules-display-component---newInfoPriceItem--condValidTo"}]}
RESULT: {"script":"<script> [1562 bytes]","args":[{"selector":{"id":"application-managepricingrules-display-component---newInfoPriceItem--condValidTo","interaction":{"idSuffix":"inner"}},"wdio_ui5_key":"applicationmanagepricingrules-display-component---newInfoPriceItem--condValidTo"}]}
RESULT: undefined
COMMAND: POST /session/b10d6c442cc9079ac1ad267591374e01/execute/async - {"script":"<script> [776 bytes]","args":[{"enterText":"01/14/26","selector":{"id":"application-managepricingrules-display-component---newInfoPriceItem--condValidTo","interaction":{"idSuffix":"inner"}},"clearTextFirst":true,"interactionType":"ENTER_TEXT"}]}
RESULT: {"script":"<script> [776 bytes]","args":[{"enterText":"01/14/26","selector":{"id":"application-managepricingrules-display-component---newInfoPriceItem--condValidTo","interaction":{"idSuffix":"inner"}},"clearTextFirst":true,"interactionType":"ENTER_TEXT"}]}
COMMAND: POST /session/b10d6c442cc9079ac1ad267591374e01/execute/async - {"script":"<script> [1562 bytes]","args":[{"selector":{"id":"application-managepricingrules-display-component---newInfoPriceItem--billType-arrow"},"wdio_ui5_key":"applicationmanagepricingrules-display-component---newInfoPriceItem--billType-arrow"}]}
RESULT: {"script":"<script> [1562 bytes]","args":[{"selector":{"id":"application-managepricingrules-display-component---newInfoPriceItem--billType-arrow"},"wdio_ui5_key":"applicationmanagepricingrules-display-component---newInfoPriceItem--billType-arrow"}]}
RESULT: undefined
COMMAND: POST /session/b10d6c442cc9079ac1ad267591374e01/element - {"using":"xpath","value":"//*[@id=\"application-managepricingrules-display-component---newInfoPriceItem--billType-arrow\"]"}
RESULT: {"using":"xpath","value":"//*[@id=\"application-managepricingrules-display-component---newInfoPriceItem--billType-arrow\"]"}
COMMAND: POST /session/b10d6c442cc9079ac1ad267591374e01/element/f.820658ADB2B97F80F3CD4D4B07B1BD52.d.6CCD9887634C6ACFA8C09A4D561E42BA.e.3563/click - {}
RESULT: {}
COMMAND: POST /session/b10d6c442cc9079ac1ad267591374e01/element - {"using":"xpath","value":"//span[contains(text(), \"TB - Time based\")]"}
COMMAND: GET /session/b10d6c442cc9079ac1ad267591374e01/screenshot - {}
RESULT: {"using":"xpath","value":"//span[contains(text(), \"TB - Time based\")]"}
COMMAND: POST /session/b10d6c442cc9079ac1ad267591374e01/element/f.820658ADB2B97F80F3CD4D4B07B1BD52.d.6CCD9887634C6ACFA8C09A4D561E42BA.e.3606/click - {}
RESULT: {}
RESULT: {}
COMMAND: POST /session/b10d6c442cc9079ac1ad267591374e01/execute/async - {"script":"<script> [1562 bytes]","args":[{"selector":{"id":"application-managepricingrules-display-component---newInfoPriceItem--priceProc-arrow"},"wdio_ui5_key":"applicationmanagepricingrules-display-component---newInfoPriceItem--priceProc-arrow"}]}
COMMAND: GET /session/b10d6c442cc9079ac1ad267591374e01/screenshot - {}
RESULT: {"script":"<script> [1562 bytes]","args":[{"selector":{"id":"application-managepricingrules-display-component---newInfoPriceItem--priceProc-arrow"},"wdio_ui5_key":"applicationmanagepricingrules-display-component---newInfoPriceItem--priceProc-arrow"}]}
RESULT: undefined
COMMAND: POST /session/b10d6c442cc9079ac1ad267591374e01/element - {"using":"xpath","value":"//*[@id=\"application-managepricingrules-display-component---newInfoPriceItem--priceProc-arrow\"]"}
RESULT: {}
RESULT: {"using":"xpath","value":"//*[@id=\"application-managepricingrules-display-component---newInfoPriceItem--priceProc-arrow\"]"}
COMMAND: POST /session/b10d6c442cc9079ac1ad267591374e01/element/f.820658ADB2B97F80F3CD4D4B07B1BD52.d.6CCD9887634C6ACFA8C09A4D561E42BA.e.3570/click - {}
RESULT: {}
COMMAND: POST /session/b10d6c442cc9079ac1ad267591374e01/element - {"using":"xpath","value":"//span[contains(text(), \"TBS - Time based standard\")]"}
COMMAND: GET /session/b10d6c442cc9079ac1ad267591374e01/screenshot - {}
RESULT: {"using":"xpath","value":"//span[contains(text(), \"TBS - Time based standard\")]"}
COMMAND: POST /session/b10d6c442cc9079ac1ad267591374e01/element/f.820658ADB2B97F80F3CD4D4B07B1BD52.d.6CCD9887634C6ACFA8C09A4D561E42BA.e.3607/click - {}
RESULT: {}
RESULT: {}
COMMAND: POST /session/b10d6c442cc9079ac1ad267591374e01/execute/async - {"script":"<script> [1562 bytes]","args":[{"selector":{"id":"application-managepricingrules-display-component---newInfoPriceItem--calcBase-arrow"},"wdio_ui5_key":"applicationmanagepricingrules-display-component---newInfoPriceItem--calcBase-arrow"}]}
COMMAND: GET /session/b10d6c442cc9079ac1ad267591374e01/screenshot - {}
RESULT: {"script":"<script> [1562 bytes]","args":[{"selector":{"id":"application-managepricingrules-display-component---newInfoPriceItem--calcBase-arrow"},"wdio_ui5_key":"applicationmanagepricingrules-display-component---newInfoPriceItem--calcBase-arrow"}]}
RESULT: undefined
COMMAND: POST /session/b10d6c442cc9079ac1ad267591374e01/element - {"using":"xpath","value":"//*[@id=\"application-managepricingrules-display-component---newInfoPriceItem--calcBase-arrow\"]"}
RESULT: {}
RESULT: {"using":"xpath","value":"//*[@id=\"application-managepricingrules-display-component---newInfoPriceItem--calcBase-arrow\"]"}
COMMAND: POST /session/b10d6c442cc9079ac1ad267591374e01/element/f.820658ADB2B97F80F3CD4D4B07B1BD52.d.6CCD9887634C6ACFA8C09A4D561E42BA.e.3577/click - {}
RESULT: {}
COMMAND: GET /session/b10d6c442cc9079ac1ad267591374e01/screenshot - {}
RESULT: {}
COMMAND: POST /session/b10d6c442cc9079ac1ad267591374e01/element - {"using":"xpath","value":"//span[contains(text(), \"0006 - TB(calendar days)\")]"}
RESULT: {"using":"xpath","value":"//span[contains(text(), \"0006 - TB(calendar days)\")]"}
COMMAND: POST /session/b10d6c442cc9079ac1ad267591374e01/element/f.820658ADB2B97F80F3CD4D4B07B1BD52.d.6CCD9887634C6ACFA8C09A4D561E42BA.e.3608/click - {}
RESULT: {}
COMMAND: GET /session/b10d6c442cc9079ac1ad267591374e01/screenshot - {}
RESULT: {}
COMMAND: POST /session/b10d6c442cc9079ac1ad267591374e01/execute/async - {"script":"<script> [1562 bytes]","args":[{"selector":{"id":"application-managepricingrules-display-component---newInfoPriceItem--daysMonth","interaction":{"idSuffix":"inner"}},"wdio_ui5_key":"applicationmanagepricingrules-display-component---newInfoPriceItem--daysMonth"}]}
RESULT: {"script":"<script> [1562 bytes]","args":[{"selector":{"id":"application-managepricingrules-display-component---newInfoPriceItem--daysMonth","interaction":{"idSuffix":"inner"}},"wdio_ui5_key":"applicationmanagepricingrules-display-component---newInfoPriceItem--daysMonth"}]}
RESULT: undefined
COMMAND: POST /session/b10d6c442cc9079ac1ad267591374e01/execute/async - {"script":"<script> [776 bytes]","args":[{"enterText":"30","selector":{"id":"application-managepricingrules-display-component---newInfoPriceItem--daysMonth","interaction":{"idSuffix":"inner"}},"clearTextFirst":true,"interactionType":"ENTER_TEXT"}]}
RESULT: {"script":"<script> [776 bytes]","args":[{"enterText":"30","selector":{"id":"application-managepricingrules-display-component---newInfoPriceItem--daysMonth","interaction":{"idSuffix":"inner"}},"clearTextFirst":true,"interactionType":"ENTER_TEXT"}]}
COMMAND: POST /session/b10d6c442cc9079ac1ad267591374e01/element - {"using":"xpath","value":"//button[@data-kt=\"saveNewRuleButton\"]"}
RESULT: {"using":"xpath","value":"//button[@data-kt=\"saveNewRuleButton\"]"}
COMMAND: POST /session/b10d6c442cc9079ac1ad267591374e01/element/f.820658ADB2B97F80F3CD4D4B07B1BD52.d.6CCD9887634C6ACFA8C09A4D561E42BA.e.3597/click - {}
RESULT: {}
COMMAND: GET /session/b10d6c442cc9079ac1ad267591374e01/screenshot - {}
RESULT: {}
COMMAND: POST /session/b10d6c442cc9079ac1ad267591374e01/execute/async - {"script":"<script> [1562 bytes]","args":[{"selector":{"id":"application-managepricingrules-display-component---priceInfoItem--smartFilterBar-btnBasicSearch","interaction":{"idSuffix":"I"}},"wdio_ui5_key":"applicationmanagepricingrules-display-component---priceInfoItem--smartFilterBar-btnBasicSearch"}]}
RESULT: {"script":"<script> [1562 bytes]","args":[{"selector":{"id":"application-managepricingrules-display-component---priceInfoItem--smartFilterBar-btnBasicSearch","interaction":{"idSuffix":"I"}},"wdio_ui5_key":"applicationmanagepricingrules-display-component---priceInfoItem--smartFilterBar-btnBasicSearch"}]}
RESULT: undefined
COMMAND: POST /session/b10d6c442cc9079ac1ad267591374e01/execute/async - {"script":"<script> [776 bytes]","args":[{"enterText":"xFx6RMiAEl","selector":{"id":"application-managepricingrules-display-component---priceInfoItem--smartFilterBar-btnBasicSearch","interaction":{"idSuffix":"I"}},"clearTextFirst":true,"interactionType":"ENTER_TEXT"}]}
RESULT: {"script":"<script> [776 bytes]","args":[{"enterText":"xFx6RMiAEl","selector":{"id":"application-managepricingrules-display-component---priceInfoItem--smartFilterBar-btnBasicSearch","interaction":{"idSuffix":"I"}},"clearTextFirst":true,"interactionType":"ENTER_TEXT"}]}
COMMAND: POST /session/b10d6c442cc9079ac1ad267591374e01/actions - {"actions":[{"id":"action12","type":"key","parameters":{},"actions":[{"type":"keyDown","value":"î€‡"},{"type":"pause","duration":10},{"type":"keyUp","value":"î€‡"}]}]}
RESULT: {"actions":[{"id":"action12","type":"key","parameters":{},"actions":[{"type":"keyDown","value":"î€‡"},{"type":"pause","duration":10},{"type":"keyUp","value":"î€‡"}]}]}
COMMAND: GET /session/b10d6c442cc9079ac1ad267591374e01/screenshot - {}
RESULT: {}
COMMAND: POST /session/b10d6c442cc9079ac1ad267591374e01/element - {"using":"xpath","value":"//span[@id=\"application-managepricingrules-display-component---priceInfoItem--smartTable-header-inner\"]"}
RESULT: {"using":"xpath","value":"//span[@id=\"application-managepricingrules-display-component---priceInfoItem--smartTable-header-inner\"]"}
COMMAND: POST /session/b10d6c442cc9079ac1ad267591374e01/elements - {"using":"xpath","value":"//span[@id=\"application-managepricingrules-display-component---priceInfoItem--smartTable-header-inner\"]"}
RESULT: {"using":"xpath","value":"//span[@id=\"application-managepricingrules-display-component---priceInfoItem--smartTable-header-inner\"]"}
COMMAND: POST /session/b10d6c442cc9079ac1ad267591374e01/execute/sync - {"script":"<script> [56 bytes]","args":[{"element-6066-11e4-a52e-4f735466cecf":"f.820658ADB2B97F80F3CD4D4B07B1BD52.d.6CCD9887634C6ACFA8C09A4D561E42BA.e.3622","ELEMENT":"f.820658ADB2B97F80F3CD4D4B07B1BD52.d.6CCD9887634C6ACFA8C09A4D561E42BA.e.3622"}]}
RESULT: {"script":"<script> [56 bytes]","args":[{"element-6066-11e4-a52e-4f735466cecf":"f.820658ADB2B97F80F3CD4D4B07B1BD52.d.6CCD9887634C6ACFA8C09A4D561E42BA.e.3622","ELEMENT":"f.820658ADB2B97F80F3CD4D4B07B1BD52.d.6CCD9887634C6ACFA8C09A4D561E42BA.e.3622"}]}
COMMAND: POST /session/b10d6c442cc9079ac1ad267591374e01/element - {"using":"css selector","value":"#shell-header-logo"}
COMMAND: GET /session/b10d6c442cc9079ac1ad267591374e01/screenshot - {}
RESULT: {"using":"css selector","value":"#shell-header-logo"}
COMMAND: POST /session/b10d6c442cc9079ac1ad267591374e01/element/f.820658ADB2B97F80F3CD4D4B07B1BD52.d.6CCD9887634C6ACFA8C09A4D561E42BA.e.2744/click - {}
RESULT: {}
RESULT: {}
COMMAND: GET /session/b10d6c442cc9079ac1ad267591374e01/screenshot - {}
RESULT: {}
]]></system-out>
    </testcase>
    <testcase classname="chrome.136_0_7103_49.windows.Billing_Transfer_-_Master_data_&amp;_Intercompany_US127250" name="Should create new condition for equipment TB" time="63.779">
      <system-out><![CDATA[
COMMAND: POST /session/b10d6c442cc9079ac1ad267591374e01/execute/async - {"script":"<script> [1562 bytes]","args":[{"selector":{"controlType":"sap.m.Text","properties":{"text":"Manage Conditions & Prices"},"interaction":{"idSuffix":"inner"}},"wdio_ui5_key":"sapm.Text{\"text\":\"Manage Conditions & Prices\"}"}]}
RESULT: {"script":"<script> [1562 bytes]","args":[{"selector":{"controlType":"sap.m.Text","properties":{"text":"Manage Conditions & Prices"},"interaction":{"idSuffix":"inner"}},"wdio_ui5_key":"sapm.Text{\"text\":\"Manage Conditions & Prices\"}"}]}
RESULT: undefined
COMMAND: POST /session/b10d6c442cc9079ac1ad267591374e01/element - {"using":"xpath","value":"//*[@id=\"__tile53-title\"]"}
RESULT: {"using":"xpath","value":"//*[@id=\"__tile53-title\"]"}
COMMAND: POST /session/b10d6c442cc9079ac1ad267591374e01/element/f.820658ADB2B97F80F3CD4D4B07B1BD52.d.6CCD9887634C6ACFA8C09A4D561E42BA.e.3625/click - {}
RESULT: {}
COMMAND: POST /session/b10d6c442cc9079ac1ad267591374e01/element - {"using":"xpath","value":"//button[@aria-label=\"Create\"]"}
COMMAND: GET /session/b10d6c442cc9079ac1ad267591374e01/screenshot - {}
RESULT: {"using":"xpath","value":"//button[@aria-label=\"Create\"]"}
COMMAND: POST /session/b10d6c442cc9079ac1ad267591374e01/elements - {"using":"xpath","value":"//button[@aria-label=\"Create\"]"}
RESULT: {}
RESULT: {"using":"xpath","value":"//button[@aria-label=\"Create\"]"}
COMMAND: POST /session/b10d6c442cc9079ac1ad267591374e01/elements - {"using":"xpath","value":"//button[@aria-label=\"Create\"]"}
RESULT: {"using":"xpath","value":"//button[@aria-label=\"Create\"]"}
COMMAND: POST /session/b10d6c442cc9079ac1ad267591374e01/elements - {"using":"xpath","value":"//button[@aria-label=\"Create\"]"}
RESULT: {"using":"xpath","value":"//button[@aria-label=\"Create\"]"}
COMMAND: POST /session/b10d6c442cc9079ac1ad267591374e01/elements - {"using":"xpath","value":"//button[@aria-label=\"Create\"]"}
RESULT: {"using":"xpath","value":"//button[@aria-label=\"Create\"]"}
COMMAND: POST /session/b10d6c442cc9079ac1ad267591374e01/elements - {"using":"xpath","value":"//button[@aria-label=\"Create\"]"}
RESULT: {"using":"xpath","value":"//button[@aria-label=\"Create\"]"}
COMMAND: POST /session/b10d6c442cc9079ac1ad267591374e01/elements - {"using":"xpath","value":"//button[@aria-label=\"Create\"]"}
RESULT: {"using":"xpath","value":"//button[@aria-label=\"Create\"]"}
COMMAND: POST /session/b10d6c442cc9079ac1ad267591374e01/elements - {"using":"xpath","value":"//button[@aria-label=\"Create\"]"}
RESULT: {"using":"xpath","value":"//button[@aria-label=\"Create\"]"}
COMMAND: POST /session/b10d6c442cc9079ac1ad267591374e01/elements - {"using":"xpath","value":"//button[@aria-label=\"Create\"]"}
RESULT: {"using":"xpath","value":"//button[@aria-label=\"Create\"]"}
COMMAND: POST /session/b10d6c442cc9079ac1ad267591374e01/elements - {"using":"xpath","value":"//button[@aria-label=\"Create\"]"}
RESULT: {"using":"xpath","value":"//button[@aria-label=\"Create\"]"}
COMMAND: POST /session/b10d6c442cc9079ac1ad267591374e01/elements - {"using":"xpath","value":"//button[@aria-label=\"Create\"]"}
RESULT: {"using":"xpath","value":"//button[@aria-label=\"Create\"]"}
COMMAND: POST /session/b10d6c442cc9079ac1ad267591374e01/elements - {"using":"xpath","value":"//button[@aria-label=\"Create\"]"}
RESULT: {"using":"xpath","value":"//button[@aria-label=\"Create\"]"}
COMMAND: POST /session/b10d6c442cc9079ac1ad267591374e01/elements - {"using":"xpath","value":"//button[@aria-label=\"Create\"]"}
RESULT: {"using":"xpath","value":"//button[@aria-label=\"Create\"]"}
COMMAND: POST /session/b10d6c442cc9079ac1ad267591374e01/elements - {"using":"xpath","value":"//button[@aria-label=\"Create\"]"}
RESULT: {"using":"xpath","value":"//button[@aria-label=\"Create\"]"}
COMMAND: POST /session/b10d6c442cc9079ac1ad267591374e01/elements - {"using":"xpath","value":"//button[@aria-label=\"Create\"]"}
RESULT: {"using":"xpath","value":"//button[@aria-label=\"Create\"]"}
COMMAND: POST /session/b10d6c442cc9079ac1ad267591374e01/element - {"using":"xpath","value":"//button[@aria-label=\"Create\"]"}
RESULT: {"using":"xpath","value":"//button[@aria-label=\"Create\"]"}
COMMAND: POST /session/b10d6c442cc9079ac1ad267591374e01/execute/sync - {"script":"<script> [8489 bytes]","args":[{"element-6066-11e4-a52e-4f735466cecf":"f.820658ADB2B97F80F3CD4D4B07B1BD52.d.6CCD9887634C6ACFA8C09A4D561E42BA.e.3661","ELEMENT":"f.820658ADB2B97F80F3CD4D4B07B1BD52.d.6CCD9887634C6ACFA8C09A4D561E42BA.e.3661"}]}
RESULT: {"script":"<script> [8489 bytes]","args":[{"element-6066-11e4-a52e-4f735466cecf":"f.820658ADB2B97F80F3CD4D4B07B1BD52.d.6CCD9887634C6ACFA8C09A4D561E42BA.e.3661","ELEMENT":"f.820658ADB2B97F80F3CD4D4B07B1BD52.d.6CCD9887634C6ACFA8C09A4D561E42BA.e.3661"}]}
COMMAND: GET /session/b10d6c442cc9079ac1ad267591374e01/element/f.820658ADB2B97F80F3CD4D4B07B1BD52.d.6CCD9887634C6ACFA8C09A4D561E42BA.e.3661/enabled - {}
COMMAND: GET /session/b10d6c442cc9079ac1ad267591374e01/screenshot - {}
RESULT: {}
COMMAND: POST /session/b10d6c442cc9079ac1ad267591374e01/execute/sync - {"script":"<script> [8489 bytes]","args":[{"element-6066-11e4-a52e-4f735466cecf":"f.820658ADB2B97F80F3CD4D4B07B1BD52.d.6CCD9887634C6ACFA8C09A4D561E42BA.e.3661","ELEMENT":"f.820658ADB2B97F80F3CD4D4B07B1BD52.d.6CCD9887634C6ACFA8C09A4D561E42BA.e.3661"}]}
COMMAND: GET /session/b10d6c442cc9079ac1ad267591374e01/screenshot - {}
RESULT: {}
RESULT: {"script":"<script> [8489 bytes]","args":[{"element-6066-11e4-a52e-4f735466cecf":"f.820658ADB2B97F80F3CD4D4B07B1BD52.d.6CCD9887634C6ACFA8C09A4D561E42BA.e.3661","ELEMENT":"f.820658ADB2B97F80F3CD4D4B07B1BD52.d.6CCD9887634C6ACFA8C09A4D561E42BA.e.3661"}]}
COMMAND: POST /session/b10d6c442cc9079ac1ad267591374e01/execute/sync - {"script":"<script> [5351 bytes]","args":[{"element-6066-11e4-a52e-4f735466cecf":"f.820658ADB2B97F80F3CD4D4B07B1BD52.d.6CCD9887634C6ACFA8C09A4D561E42BA.e.3661","ELEMENT":"f.820658ADB2B97F80F3CD4D4B07B1BD52.d.6CCD9887634C6ACFA8C09A4D561E42BA.e.3661"}]}
COMMAND: GET /session/b10d6c442cc9079ac1ad267591374e01/screenshot - {}
RESULT: {}
RESULT: {"script":"<script> [5351 bytes]","args":[{"element-6066-11e4-a52e-4f735466cecf":"f.820658ADB2B97F80F3CD4D4B07B1BD52.d.6CCD9887634C6ACFA8C09A4D561E42BA.e.3661","ELEMENT":"f.820658ADB2B97F80F3CD4D4B07B1BD52.d.6CCD9887634C6ACFA8C09A4D561E42BA.e.3661"}]}
COMMAND: POST /session/b10d6c442cc9079ac1ad267591374e01/element/f.820658ADB2B97F80F3CD4D4B07B1BD52.d.6CCD9887634C6ACFA8C09A4D561E42BA.e.3661/click - {}
COMMAND: GET /session/b10d6c442cc9079ac1ad267591374e01/screenshot - {}
RESULT: {}
RESULT: {}
COMMAND: GET /session/b10d6c442cc9079ac1ad267591374e01/screenshot - {}
RESULT: {}
RESULT: {}
COMMAND: POST /session/b10d6c442cc9079ac1ad267591374e01/actions - {"actions":[{"id":"action13","type":"key","parameters":{},"actions":[{"type":"keyDown","value":"î€‡"},{"type":"pause","duration":10},{"type":"keyUp","value":"î€‡"}]}]}
RESULT: {"actions":[{"id":"action13","type":"key","parameters":{},"actions":[{"type":"keyDown","value":"î€‡"},{"type":"pause","duration":10},{"type":"keyUp","value":"î€‡"}]}]}
COMMAND: GET /session/b10d6c442cc9079ac1ad267591374e01/screenshot - {}
RESULT: {}
COMMAND: POST /session/b10d6c442cc9079ac1ad267591374e01/execute/async - {"script":"<script> [1562 bytes]","args":[{"selector":{"id":"application-manageconditionprice-display-component---newCondition--condBillCond-arrow"},"wdio_ui5_key":"applicationmanageconditionprice-display-component---newCondition--condBillCond-arrow"}]}
RESULT: {"script":"<script> [1562 bytes]","args":[{"selector":{"id":"application-manageconditionprice-display-component---newCondition--condBillCond-arrow"},"wdio_ui5_key":"applicationmanageconditionprice-display-component---newCondition--condBillCond-arrow"}]}
RESULT: undefined
COMMAND: POST /session/b10d6c442cc9079ac1ad267591374e01/element - {"using":"xpath","value":"//*[@id=\"application-manageconditionprice-display-component---newCondition--condBillCond-arrow\"]"}
RESULT: {"using":"xpath","value":"//*[@id=\"application-manageconditionprice-display-component---newCondition--condBillCond-arrow\"]"}
COMMAND: POST /session/b10d6c442cc9079ac1ad267591374e01/element/f.820658ADB2B97F80F3CD4D4B07B1BD52.d.6CCD9887634C6ACFA8C09A4D561E42BA.e.3877/click - {}
RESULT: {}
COMMAND: GET /session/b10d6c442cc9079ac1ad267591374e01/screenshot - {}
RESULT: {}
COMMAND: POST /session/b10d6c442cc9079ac1ad267591374e01/element - {"using":"xpath","value":"//li[.//span[contains(text(), \"DISP - D&I special price\")]]"}
RESULT: {"using":"xpath","value":"//li[.//span[contains(text(), \"DISP - D&I special price\")]]"}
COMMAND: POST /session/b10d6c442cc9079ac1ad267591374e01/element/f.820658ADB2B97F80F3CD4D4B07B1BD52.d.6CCD9887634C6ACFA8C09A4D561E42BA.e.3880/click - {}
RESULT: {}
COMMAND: GET /session/b10d6c442cc9079ac1ad267591374e01/screenshot - {}
RESULT: {}
COMMAND: POST /session/b10d6c442cc9079ac1ad267591374e01/execute/async - {"script":"<script> [1562 bytes]","args":[{"selector":{"id":"application-manageconditionprice-display-component---newCondition--condValidTo","interaction":{"idSuffix":"inner"}},"wdio_ui5_key":"applicationmanageconditionprice-display-component---newCondition--condValidTo"}]}
RESULT: {"script":"<script> [1562 bytes]","args":[{"selector":{"id":"application-manageconditionprice-display-component---newCondition--condValidTo","interaction":{"idSuffix":"inner"}},"wdio_ui5_key":"applicationmanageconditionprice-display-component---newCondition--condValidTo"}]}
RESULT: undefined
COMMAND: POST /session/b10d6c442cc9079ac1ad267591374e01/execute/async - {"script":"<script> [776 bytes]","args":[{"enterText":"01/14/26","selector":{"id":"application-manageconditionprice-display-component---newCondition--condValidTo","interaction":{"idSuffix":"inner"}},"clearTextFirst":true,"interactionType":"ENTER_TEXT"}]}
RESULT: {"script":"<script> [776 bytes]","args":[{"enterText":"01/14/26","selector":{"id":"application-manageconditionprice-display-component---newCondition--condValidTo","interaction":{"idSuffix":"inner"}},"clearTextFirst":true,"interactionType":"ENTER_TEXT"}]}
COMMAND: POST /session/b10d6c442cc9079ac1ad267591374e01/element - {"using":"xpath","value":"//input[@id=\"application-manageconditionprice-display-component---newCondition--condRU-inner\"]"}
RESULT: {"using":"xpath","value":"//input[@id=\"application-manageconditionprice-display-component---newCondition--condRU-inner\"]"}
COMMAND: POST /session/b10d6c442cc9079ac1ad267591374e01/element/f.820658ADB2B97F80F3CD4D4B07B1BD52.d.6CCD9887634C6ACFA8C09A4D561E42BA.e.3742/clear - {}
RESULT: {}
COMMAND: POST /session/b10d6c442cc9079ac1ad267591374e01/element/f.820658ADB2B97F80F3CD4D4B07B1BD52.d.6CCD9887634C6ACFA8C09A4D561E42BA.e.3742/value - {"text":"xFx6RMiAEl"}
COMMAND: GET /session/b10d6c442cc9079ac1ad267591374e01/screenshot - {}
RESULT: {"text":"xFx6RMiAEl"}
COMMAND: GET /session/b10d6c442cc9079ac1ad267591374e01/screenshot - {}
RESULT: {}
RESULT: {}
COMMAND: POST /session/b10d6c442cc9079ac1ad267591374e01/actions - {"actions":[{"id":"action14","type":"key","parameters":{},"actions":[{"type":"keyDown","value":"î€‡"},{"type":"pause","duration":10},{"type":"keyUp","value":"î€‡"}]}]}
RESULT: {"actions":[{"id":"action14","type":"key","parameters":{},"actions":[{"type":"keyDown","value":"î€‡"},{"type":"pause","duration":10},{"type":"keyUp","value":"î€‡"}]}]}
COMMAND: POST /session/b10d6c442cc9079ac1ad267591374e01/execute/async - {"script":"<script> [1562 bytes]","args":[{"selector":{"id":"application-manageconditionprice-display-component---newCondition--condBaseQty","interaction":{"idSuffix":"inner"}},"wdio_ui5_key":"applicationmanageconditionprice-display-component---newCondition--condBaseQty"}]}
COMMAND: GET /session/b10d6c442cc9079ac1ad267591374e01/screenshot - {}
RESULT: {"script":"<script> [1562 bytes]","args":[{"selector":{"id":"application-manageconditionprice-display-component---newCondition--condBaseQty","interaction":{"idSuffix":"inner"}},"wdio_ui5_key":"applicationmanageconditionprice-display-component---newCondition--condBaseQty"}]}
RESULT: undefined
COMMAND: POST /session/b10d6c442cc9079ac1ad267591374e01/execute/async - {"script":"<script> [776 bytes]","args":[{"enterText":"1","selector":{"id":"application-manageconditionprice-display-component---newCondition--condBaseQty","interaction":{"idSuffix":"inner"}},"clearTextFirst":true,"interactionType":"ENTER_TEXT"}]}
RESULT: {}
RESULT: {"script":"<script> [776 bytes]","args":[{"enterText":"1","selector":{"id":"application-manageconditionprice-display-component---newCondition--condBaseQty","interaction":{"idSuffix":"inner"}},"clearTextFirst":true,"interactionType":"ENTER_TEXT"}]}
COMMAND: POST /session/b10d6c442cc9079ac1ad267591374e01/execute/async - {"script":"<script> [1562 bytes]","args":[{"selector":{"id":"application-manageconditionprice-display-component---newCondition--condValue","interaction":{"idSuffix":"inner"}},"wdio_ui5_key":"applicationmanageconditionprice-display-component---newCondition--condValue"}]}
RESULT: {"script":"<script> [1562 bytes]","args":[{"selector":{"id":"application-manageconditionprice-display-component---newCondition--condValue","interaction":{"idSuffix":"inner"}},"wdio_ui5_key":"applicationmanageconditionprice-display-component---newCondition--condValue"}]}
RESULT: undefined
COMMAND: POST /session/b10d6c442cc9079ac1ad267591374e01/execute/async - {"script":"<script> [776 bytes]","args":[{"enterText":"100","selector":{"id":"application-manageconditionprice-display-component---newCondition--condValue","interaction":{"idSuffix":"inner"}},"clearTextFirst":true,"interactionType":"ENTER_TEXT"}]}
RESULT: {"script":"<script> [776 bytes]","args":[{"enterText":"100","selector":{"id":"application-manageconditionprice-display-component---newCondition--condValue","interaction":{"idSuffix":"inner"}},"clearTextFirst":true,"interactionType":"ENTER_TEXT"}]}
COMMAND: POST /session/b10d6c442cc9079ac1ad267591374e01/execute/async - {"script":"<script> [1562 bytes]","args":[{"selector":{"id":"application-manageconditionprice-display-component---newCondition--condCurr-arrow"},"wdio_ui5_key":"applicationmanageconditionprice-display-component---newCondition--condCurr-arrow"}]}
RESULT: {"script":"<script> [1562 bytes]","args":[{"selector":{"id":"application-manageconditionprice-display-component---newCondition--condCurr-arrow"},"wdio_ui5_key":"applicationmanageconditionprice-display-component---newCondition--condCurr-arrow"}]}
RESULT: undefined
COMMAND: POST /session/b10d6c442cc9079ac1ad267591374e01/element - {"using":"xpath","value":"//*[@id=\"application-manageconditionprice-display-component---newCondition--condCurr-arrow\"]"}
RESULT: {"using":"xpath","value":"//*[@id=\"application-manageconditionprice-display-component---newCondition--condCurr-arrow\"]"}
COMMAND: POST /session/b10d6c442cc9079ac1ad267591374e01/element/f.820658ADB2B97F80F3CD4D4B07B1BD52.d.6CCD9887634C6ACFA8C09A4D561E42BA.e.3851/click - {}
RESULT: {}
COMMAND: POST /session/b10d6c442cc9079ac1ad267591374e01/element - {"using":"xpath","value":"//span[contains(text(), \"Euro\")]"}
COMMAND: GET /session/b10d6c442cc9079ac1ad267591374e01/screenshot - {}
RESULT: {"using":"xpath","value":"//span[contains(text(), \"Euro\")]"}
COMMAND: POST /session/b10d6c442cc9079ac1ad267591374e01/element/f.820658ADB2B97F80F3CD4D4B07B1BD52.d.6CCD9887634C6ACFA8C09A4D561E42BA.e.3918/click - {}
RESULT: {}
RESULT: {}
COMMAND: POST /session/b10d6c442cc9079ac1ad267591374e01/element - {"using":"xpath","value":"//button[@data-kt=\"saveButton\"]"}
COMMAND: GET /session/b10d6c442cc9079ac1ad267591374e01/screenshot - {}
RESULT: {"using":"xpath","value":"//button[@data-kt=\"saveButton\"]"}
COMMAND: POST /session/b10d6c442cc9079ac1ad267591374e01/element/f.820658ADB2B97F80F3CD4D4B07B1BD52.d.6CCD9887634C6ACFA8C09A4D561E42BA.e.3852/click - {}
RESULT: {}
RESULT: {}
COMMAND: GET /session/b10d6c442cc9079ac1ad267591374e01/screenshot - {}
RESULT: {}
COMMAND: POST /session/b10d6c442cc9079ac1ad267591374e01/execute/async - {"script":"<script> [1562 bytes]","args":[{"selector":{"id":"application-manageconditionprice-display-component---conditions--smartFilterBar-btnBasicSearch","interaction":{"idSuffix":"I"}},"wdio_ui5_key":"applicationmanageconditionprice-display-component---conditions--smartFilterBar-btnBasicSearch"}]}
RESULT: {"script":"<script> [1562 bytes]","args":[{"selector":{"id":"application-manageconditionprice-display-component---conditions--smartFilterBar-btnBasicSearch","interaction":{"idSuffix":"I"}},"wdio_ui5_key":"applicationmanageconditionprice-display-component---conditions--smartFilterBar-btnBasicSearch"}]}
RESULT: undefined
COMMAND: POST /session/b10d6c442cc9079ac1ad267591374e01/execute/async - {"script":"<script> [776 bytes]","args":[{"enterText":"xFx6RMiAEl","selector":{"id":"application-manageconditionprice-display-component---conditions--smartFilterBar-btnBasicSearch","interaction":{"idSuffix":"I"}},"clearTextFirst":true,"interactionType":"ENTER_TEXT"}]}
RESULT: {"script":"<script> [776 bytes]","args":[{"enterText":"xFx6RMiAEl","selector":{"id":"application-manageconditionprice-display-component---conditions--smartFilterBar-btnBasicSearch","interaction":{"idSuffix":"I"}},"clearTextFirst":true,"interactionType":"ENTER_TEXT"}]}
COMMAND: POST /session/b10d6c442cc9079ac1ad267591374e01/actions - {"actions":[{"id":"action15","type":"key","parameters":{},"actions":[{"type":"keyDown","value":"î€‡"},{"type":"pause","duration":10},{"type":"keyUp","value":"î€‡"}]}]}
RESULT: {"actions":[{"id":"action15","type":"key","parameters":{},"actions":[{"type":"keyDown","value":"î€‡"},{"type":"pause","duration":10},{"type":"keyUp","value":"î€‡"}]}]}
COMMAND: GET /session/b10d6c442cc9079ac1ad267591374e01/screenshot - {}
RESULT: {}
COMMAND: POST /session/b10d6c442cc9079ac1ad267591374e01/execute/async - {"script":"<script> [1562 bytes]","args":[{"selector":{"id":"application-manageconditionprice-display-component---conditions--smartFilterBar-filterItemControl_BASIC-BILL_TYPES-vhi"},"wdio_ui5_key":"applicationmanageconditionprice-display-component---conditions--smartFilterBar-filterItemControl_BASIC-BILL_TYPES-vhi"}]}
RESULT: {"script":"<script> [1562 bytes]","args":[{"selector":{"id":"application-manageconditionprice-display-component---conditions--smartFilterBar-filterItemControl_BASIC-BILL_TYPES-vhi"},"wdio_ui5_key":"applicationmanageconditionprice-display-component---conditions--smartFilterBar-filterItemControl_BASIC-BILL_TYPES-vhi"}]}
RESULT: undefined
COMMAND: POST /session/b10d6c442cc9079ac1ad267591374e01/element - {"using":"xpath","value":"//*[@id=\"application-manageconditionprice-display-component---conditions--smartFilterBar-filterItemControl_BASIC-BILL_TYPES-vhi\"]"}
RESULT: {"using":"xpath","value":"//*[@id=\"application-manageconditionprice-display-component---conditions--smartFilterBar-filterItemControl_BASIC-BILL_TYPES-vhi\"]"}
COMMAND: POST /session/b10d6c442cc9079ac1ad267591374e01/element/f.820658ADB2B97F80F3CD4D4B07B1BD52.d.6CCD9887634C6ACFA8C09A4D561E42BA.e.4025/click - {}
RESULT: {}
COMMAND: POST /session/b10d6c442cc9079ac1ad267591374e01/execute/async - {"script":"<script> [1562 bytes]","args":[{"selector":{"id":"application-manageconditionprice-display-component---conditions--smartFilterBar-filterItemControl_BASIC-BILL_TYPES-valueHelpDialog-smartFilterBar-btnBasicSearch","searchOpenDialogs":true,"interaction":{"idSuffix":"I"}},"wdio_ui5_key":"applicationmanageconditionprice-display-component---conditions--smartFilterBar-filterItemControl_BASIC-BILL_TYPES-valueHelpDialog-smartFilterBar-btnBasicSearch"}]}
COMMAND: GET /session/b10d6c442cc9079ac1ad267591374e01/screenshot - {}
RESULT: {"script":"<script> [1562 bytes]","args":[{"selector":{"id":"application-manageconditionprice-display-component---conditions--smartFilterBar-filterItemControl_BASIC-BILL_TYPES-valueHelpDialog-smartFilterBar-btnBasicSearch","searchOpenDialogs":true,"interaction":{"idSuffix":"I"}},"wdio_ui5_key":"applicationmanageconditionprice-display-component---conditions--smartFilterBar-filterItemControl_BASIC-BILL_TYPES-valueHelpDialog-smartFilterBar-btnBasicSearch"}]}
RESULT: undefined
COMMAND: POST /session/b10d6c442cc9079ac1ad267591374e01/execute/async - {"script":"<script> [776 bytes]","args":[{"enterText":"TB","selector":{"id":"application-manageconditionprice-display-component---conditions--smartFilterBar-filterItemControl_BASIC-BILL_TYPES-valueHelpDialog-smartFilterBar-btnBasicSearch","searchOpenDialogs":true,"interaction":{"idSuffix":"I"}},"clearTextFirst":true,"interactionType":"ENTER_TEXT"}]}
RESULT: {}
RESULT: {"script":"<script> [776 bytes]","args":[{"enterText":"TB","selector":{"id":"application-manageconditionprice-display-component---conditions--smartFilterBar-filterItemControl_BASIC-BILL_TYPES-valueHelpDialog-smartFilterBar-btnBasicSearch","searchOpenDialogs":true,"interaction":{"idSuffix":"I"}},"clearTextFirst":true,"interactionType":"ENTER_TEXT"}]}
COMMAND: POST /session/b10d6c442cc9079ac1ad267591374e01/actions - {"actions":[{"id":"action16","type":"key","parameters":{},"actions":[{"type":"keyDown","value":"î€‡"},{"type":"pause","duration":10},{"type":"keyUp","value":"î€‡"}]}]}
RESULT: {"actions":[{"id":"action16","type":"key","parameters":{},"actions":[{"type":"keyDown","value":"î€‡"},{"type":"pause","duration":10},{"type":"keyUp","value":"î€‡"}]}]}
COMMAND: GET /session/b10d6c442cc9079ac1ad267591374e01/screenshot - {}
RESULT: {}
COMMAND: POST /session/b10d6c442cc9079ac1ad267591374e01/element - {"using":"xpath","value":"//div[contains(@id, 'application-manageconditionprice-display-component---conditions--smartFilterBar-filterItemControl_BASIC-BILL_TYPES-valueHelpDialog-table-rowsel0')]"}
RESULT: {"using":"xpath","value":"//div[contains(@id, 'application-manageconditionprice-display-component---conditions--smartFilterBar-filterItemControl_BASIC-BILL_TYPES-valueHelpDialog-table-rowsel0')]"}
COMMAND: POST /session/b10d6c442cc9079ac1ad267591374e01/element/f.820658ADB2B97F80F3CD4D4B07B1BD52.d.6CCD9887634C6ACFA8C09A4D561E42BA.e.4035/click - {}
RESULT: {}
COMMAND: GET /session/b10d6c442cc9079ac1ad267591374e01/screenshot - {}
RESULT: {}
COMMAND: POST /session/b10d6c442cc9079ac1ad267591374e01/element - {"using":"xpath","value":"//bdi[contains(text(), \"OK\")]"}
RESULT: {"using":"xpath","value":"//bdi[contains(text(), \"OK\")]"}
COMMAND: POST /session/b10d6c442cc9079ac1ad267591374e01/element/f.820658ADB2B97F80F3CD4D4B07B1BD52.d.6CCD9887634C6ACFA8C09A4D561E42BA.e.4037/click - {}
RESULT: {}
COMMAND: GET /session/b10d6c442cc9079ac1ad267591374e01/screenshot - {}
RESULT: {}
COMMAND: POST /session/b10d6c442cc9079ac1ad267591374e01/element - {"using":"xpath","value":"//span[@id=\"application-manageconditionprice-display-component---conditions--smartTable-header-inner\"]"}
RESULT: {"using":"xpath","value":"//span[@id=\"application-manageconditionprice-display-component---conditions--smartTable-header-inner\"]"}
COMMAND: POST /session/b10d6c442cc9079ac1ad267591374e01/elements - {"using":"xpath","value":"//span[@id=\"application-manageconditionprice-display-component---conditions--smartTable-header-inner\"]"}
RESULT: {"using":"xpath","value":"//span[@id=\"application-manageconditionprice-display-component---conditions--smartTable-header-inner\"]"}
COMMAND: POST /session/b10d6c442cc9079ac1ad267591374e01/execute/sync - {"script":"<script> [56 bytes]","args":[{"element-6066-11e4-a52e-4f735466cecf":"f.820658ADB2B97F80F3CD4D4B07B1BD52.d.6CCD9887634C6ACFA8C09A4D561E42BA.e.4040","ELEMENT":"f.820658ADB2B97F80F3CD4D4B07B1BD52.d.6CCD9887634C6ACFA8C09A4D561E42BA.e.4040"}]}
RESULT: {"script":"<script> [56 bytes]","args":[{"element-6066-11e4-a52e-4f735466cecf":"f.820658ADB2B97F80F3CD4D4B07B1BD52.d.6CCD9887634C6ACFA8C09A4D561E42BA.e.4040","ELEMENT":"f.820658ADB2B97F80F3CD4D4B07B1BD52.d.6CCD9887634C6ACFA8C09A4D561E42BA.e.4040"}]}
COMMAND: POST /session/b10d6c442cc9079ac1ad267591374e01/element - {"using":"css selector","value":"#shell-header-logo"}
COMMAND: GET /session/b10d6c442cc9079ac1ad267591374e01/screenshot - {}
RESULT: {"using":"css selector","value":"#shell-header-logo"}
COMMAND: POST /session/b10d6c442cc9079ac1ad267591374e01/element/f.820658ADB2B97F80F3CD4D4B07B1BD52.d.6CCD9887634C6ACFA8C09A4D561E42BA.e.3628/click - {}
RESULT: {}
RESULT: {}
COMMAND: GET /session/b10d6c442cc9079ac1ad267591374e01/screenshot - {}
RESULT: {}
]]></system-out>
    </testcase>
  </testsuite>
  <testsuite timestamp="2025-05-14T06:23:50" time="1008.087" tests="12" failures="6" errors="6" skipped="0">
    <properties>
      <property name="specId" value="0" />
      <property name="suiteName" value="Billing Transfer - Intracompany US127249" />
      <property name="capabilities" value="chrome.136_0_7103_49.windows" />
      <property name="file" value="file:///D:/a/1/s/test/specs/BTS/billing-transfer-intracompany.spec.js" />
    </properties>
    <testcase classname="chrome.136_0_7103_49.windows.Billing_Transfer_-_Intracompany_US127249" name="Should create a new yard" time="105.977">
      <system-out><![CDATA[
COMMAND: POST /session/b10d6c442cc9079ac1ad267591374e01/window/fullscreen - {}
RESULT: {}
COMMAND: POST /session/b10d6c442cc9079ac1ad267591374e01/execute/async - {"script":"<script> [1562 bytes]","args":[{"selector":{"controlType":"sap.m.GenericTile","properties":{"header":"Manage Yards"}},"wdio_ui5_key":"sapm.GenericTile{\"header\":\"Manage Yards\"}"}]}
RESULT: {"script":"<script> [1562 bytes]","args":[{"selector":{"controlType":"sap.m.GenericTile","properties":{"header":"Manage Yards"}},"wdio_ui5_key":"sapm.GenericTile{\"header\":\"Manage Yards\"}"}]}
RESULT: undefined
COMMAND: POST /session/b10d6c442cc9079ac1ad267591374e01/element - {"using":"xpath","value":"//*[@id=\"__tile41\"]"}
RESULT: {"using":"xpath","value":"//*[@id=\"__tile41\"]"}
COMMAND: POST /session/b10d6c442cc9079ac1ad267591374e01/element/f.820658ADB2B97F80F3CD4D4B07B1BD52.d.DBCC4440818DE0DFE563A44E411FD377.e.4805/click - {}
RESULT: {}
COMMAND: POST /session/b10d6c442cc9079ac1ad267591374e01/element - {"using":"xpath","value":"//button[@data-kt=\"addNewYardOverflowToolbarButton\"]"}
COMMAND: GET /session/b10d6c442cc9079ac1ad267591374e01/screenshot - {}
RESULT: {"using":"xpath","value":"//button[@data-kt=\"addNewYardOverflowToolbarButton\"]"}
COMMAND: POST /session/b10d6c442cc9079ac1ad267591374e01/elements - {"using":"xpath","value":"//button[@data-kt=\"addNewYardOverflowToolbarButton\"]"}
RESULT: {}
RESULT: {"using":"xpath","value":"//button[@data-kt=\"addNewYardOverflowToolbarButton\"]"}
COMMAND: POST /session/b10d6c442cc9079ac1ad267591374e01/elements - {"using":"xpath","value":"//button[@data-kt=\"addNewYardOverflowToolbarButton\"]"}
RESULT: {"using":"xpath","value":"//button[@data-kt=\"addNewYardOverflowToolbarButton\"]"}
COMMAND: POST /session/b10d6c442cc9079ac1ad267591374e01/elements - {"using":"xpath","value":"//button[@data-kt=\"addNewYardOverflowToolbarButton\"]"}
RESULT: {"using":"xpath","value":"//button[@data-kt=\"addNewYardOverflowToolbarButton\"]"}
COMMAND: POST /session/b10d6c442cc9079ac1ad267591374e01/elements - {"using":"xpath","value":"//button[@data-kt=\"addNewYardOverflowToolbarButton\"]"}
RESULT: {"using":"xpath","value":"//button[@data-kt=\"addNewYardOverflowToolbarButton\"]"}
COMMAND: POST /session/b10d6c442cc9079ac1ad267591374e01/elements - {"using":"xpath","value":"//button[@data-kt=\"addNewYardOverflowToolbarButton\"]"}
RESULT: {"using":"xpath","value":"//button[@data-kt=\"addNewYardOverflowToolbarButton\"]"}
COMMAND: POST /session/b10d6c442cc9079ac1ad267591374e01/elements - {"using":"xpath","value":"//button[@data-kt=\"addNewYardOverflowToolbarButton\"]"}
RESULT: {"using":"xpath","value":"//button[@data-kt=\"addNewYardOverflowToolbarButton\"]"}
COMMAND: POST /session/b10d6c442cc9079ac1ad267591374e01/elements - {"using":"xpath","value":"//button[@data-kt=\"addNewYardOverflowToolbarButton\"]"}
RESULT: {"using":"xpath","value":"//button[@data-kt=\"addNewYardOverflowToolbarButton\"]"}
COMMAND: POST /session/b10d6c442cc9079ac1ad267591374e01/elements - {"using":"xpath","value":"//button[@data-kt=\"addNewYardOverflowToolbarButton\"]"}
RESULT: {"using":"xpath","value":"//button[@data-kt=\"addNewYardOverflowToolbarButton\"]"}
COMMAND: POST /session/b10d6c442cc9079ac1ad267591374e01/elements - {"using":"xpath","value":"//button[@data-kt=\"addNewYardOverflowToolbarButton\"]"}
RESULT: {"using":"xpath","value":"//button[@data-kt=\"addNewYardOverflowToolbarButton\"]"}
COMMAND: POST /session/b10d6c442cc9079ac1ad267591374e01/elements - {"using":"xpath","value":"//button[@data-kt=\"addNewYardOverflowToolbarButton\"]"}
RESULT: {"using":"xpath","value":"//button[@data-kt=\"addNewYardOverflowToolbarButton\"]"}
COMMAND: POST /session/b10d6c442cc9079ac1ad267591374e01/elements - {"using":"xpath","value":"//button[@data-kt=\"addNewYardOverflowToolbarButton\"]"}
RESULT: {"using":"xpath","value":"//button[@data-kt=\"addNewYardOverflowToolbarButton\"]"}
COMMAND: POST /session/b10d6c442cc9079ac1ad267591374e01/elements - {"using":"xpath","value":"//button[@data-kt=\"addNewYardOverflowToolbarButton\"]"}
RESULT: {"using":"xpath","value":"//button[@data-kt=\"addNewYardOverflowToolbarButton\"]"}
COMMAND: POST /session/b10d6c442cc9079ac1ad267591374e01/elements - {"using":"xpath","value":"//button[@data-kt=\"addNewYardOverflowToolbarButton\"]"}
RESULT: {"using":"xpath","value":"//button[@data-kt=\"addNewYardOverflowToolbarButton\"]"}
COMMAND: POST /session/b10d6c442cc9079ac1ad267591374e01/elements - {"using":"xpath","value":"//button[@data-kt=\"addNewYardOverflowToolbarButton\"]"}
RESULT: {"using":"xpath","value":"//button[@data-kt=\"addNewYardOverflowToolbarButton\"]"}
COMMAND: POST /session/b10d6c442cc9079ac1ad267591374e01/elements - {"using":"xpath","value":"//button[@data-kt=\"addNewYardOverflowToolbarButton\"]"}
RESULT: {"using":"xpath","value":"//button[@data-kt=\"addNewYardOverflowToolbarButton\"]"}
COMMAND: POST /session/b10d6c442cc9079ac1ad267591374e01/elements - {"using":"xpath","value":"//button[@data-kt=\"addNewYardOverflowToolbarButton\"]"}
RESULT: {"using":"xpath","value":"//button[@data-kt=\"addNewYardOverflowToolbarButton\"]"}
COMMAND: POST /session/b10d6c442cc9079ac1ad267591374e01/elements - {"using":"xpath","value":"//button[@data-kt=\"addNewYardOverflowToolbarButton\"]"}
RESULT: {"using":"xpath","value":"//button[@data-kt=\"addNewYardOverflowToolbarButton\"]"}
COMMAND: POST /session/b10d6c442cc9079ac1ad267591374e01/elements - {"using":"xpath","value":"//button[@data-kt=\"addNewYardOverflowToolbarButton\"]"}
RESULT: {"using":"xpath","value":"//button[@data-kt=\"addNewYardOverflowToolbarButton\"]"}
COMMAND: POST /session/b10d6c442cc9079ac1ad267591374e01/elements - {"using":"xpath","value":"//button[@data-kt=\"addNewYardOverflowToolbarButton\"]"}
RESULT: {"using":"xpath","value":"//button[@data-kt=\"addNewYardOverflowToolbarButton\"]"}
COMMAND: POST /session/b10d6c442cc9079ac1ad267591374e01/elements - {"using":"xpath","value":"//button[@data-kt=\"addNewYardOverflowToolbarButton\"]"}
RESULT: {"using":"xpath","value":"//button[@data-kt=\"addNewYardOverflowToolbarButton\"]"}
COMMAND: POST /session/b10d6c442cc9079ac1ad267591374e01/elements - {"using":"xpath","value":"//button[@data-kt=\"addNewYardOverflowToolbarButton\"]"}
RESULT: {"using":"xpath","value":"//button[@data-kt=\"addNewYardOverflowToolbarButton\"]"}
COMMAND: POST /session/b10d6c442cc9079ac1ad267591374e01/element - {"using":"xpath","value":"//button[@data-kt=\"addNewYardOverflowToolbarButton\"]"}
RESULT: {"using":"xpath","value":"//button[@data-kt=\"addNewYardOverflowToolbarButton\"]"}
COMMAND: POST /session/b10d6c442cc9079ac1ad267591374e01/execute/sync - {"script":"<script> [8489 bytes]","args":[{"element-6066-11e4-a52e-4f735466cecf":"f.820658ADB2B97F80F3CD4D4B07B1BD52.d.DBCC4440818DE0DFE563A44E411FD377.e.4945","ELEMENT":"f.820658ADB2B97F80F3CD4D4B07B1BD52.d.DBCC4440818DE0DFE563A44E411FD377.e.4945"}]}
RESULT: {"script":"<script> [8489 bytes]","args":[{"element-6066-11e4-a52e-4f735466cecf":"f.820658ADB2B97F80F3CD4D4B07B1BD52.d.DBCC4440818DE0DFE563A44E411FD377.e.4945","ELEMENT":"f.820658ADB2B97F80F3CD4D4B07B1BD52.d.DBCC4440818DE0DFE563A44E411FD377.e.4945"}]}
COMMAND: GET /session/b10d6c442cc9079ac1ad267591374e01/element/f.820658ADB2B97F80F3CD4D4B07B1BD52.d.DBCC4440818DE0DFE563A44E411FD377.e.4945/enabled - {}
COMMAND: GET /session/b10d6c442cc9079ac1ad267591374e01/screenshot - {}
RESULT: {}
COMMAND: POST /session/b10d6c442cc9079ac1ad267591374e01/execute/sync - {"script":"<script> [8489 bytes]","args":[{"element-6066-11e4-a52e-4f735466cecf":"f.820658ADB2B97F80F3CD4D4B07B1BD52.d.DBCC4440818DE0DFE563A44E411FD377.e.4945","ELEMENT":"f.820658ADB2B97F80F3CD4D4B07B1BD52.d.DBCC4440818DE0DFE563A44E411FD377.e.4945"}]}
COMMAND: GET /session/b10d6c442cc9079ac1ad267591374e01/screenshot - {}
RESULT: {}
RESULT: {"script":"<script> [8489 bytes]","args":[{"element-6066-11e4-a52e-4f735466cecf":"f.820658ADB2B97F80F3CD4D4B07B1BD52.d.DBCC4440818DE0DFE563A44E411FD377.e.4945","ELEMENT":"f.820658ADB2B97F80F3CD4D4B07B1BD52.d.DBCC4440818DE0DFE563A44E411FD377.e.4945"}]}
COMMAND: POST /session/b10d6c442cc9079ac1ad267591374e01/execute/sync - {"script":"<script> [5351 bytes]","args":[{"element-6066-11e4-a52e-4f735466cecf":"f.820658ADB2B97F80F3CD4D4B07B1BD52.d.DBCC4440818DE0DFE563A44E411FD377.e.4945","ELEMENT":"f.820658ADB2B97F80F3CD4D4B07B1BD52.d.DBCC4440818DE0DFE563A44E411FD377.e.4945"}]}
COMMAND: GET /session/b10d6c442cc9079ac1ad267591374e01/screenshot - {}
RESULT: {}
RESULT: {"script":"<script> [5351 bytes]","args":[{"element-6066-11e4-a52e-4f735466cecf":"f.820658ADB2B97F80F3CD4D4B07B1BD52.d.DBCC4440818DE0DFE563A44E411FD377.e.4945","ELEMENT":"f.820658ADB2B97F80F3CD4D4B07B1BD52.d.DBCC4440818DE0DFE563A44E411FD377.e.4945"}]}
COMMAND: POST /session/b10d6c442cc9079ac1ad267591374e01/element/f.820658ADB2B97F80F3CD4D4B07B1BD52.d.DBCC4440818DE0DFE563A44E411FD377.e.4945/click - {}
COMMAND: GET /session/b10d6c442cc9079ac1ad267591374e01/screenshot - {}
RESULT: {}
RESULT: {}
COMMAND: GET /session/b10d6c442cc9079ac1ad267591374e01/screenshot - {}
RESULT: {}
COMMAND: POST /session/b10d6c442cc9079ac1ad267591374e01/element - {"using":"xpath","value":"//input[@id=\"application-manageyards-display-component---NewYard--yardId-inner\"]"}
RESULT: {}
RESULT: {"using":"xpath","value":"//input[@id=\"application-manageyards-display-component---NewYard--yardId-inner\"]"}
COMMAND: POST /session/b10d6c442cc9079ac1ad267591374e01/element - {"using":"xpath","value":"//input[@id=\"application-manageyards-display-component---NewYard--yardId-inner\"]"}
RESULT: {"using":"xpath","value":"//input[@id=\"application-manageyards-display-component---NewYard--yardId-inner\"]"}
COMMAND: POST /session/b10d6c442cc9079ac1ad267591374e01/execute/async - {"script":"<script> [1562 bytes]","args":[{"selector":{"id":"application-manageyards-display-component---NewYard--addressDetailDetailsName1","interaction":{"idSuffix":"inner"}},"wdio_ui5_key":"applicationmanageyards-display-component---NewYard--addressDetailDetailsName1"}]}
RESULT: {"script":"<script> [1562 bytes]","args":[{"selector":{"id":"application-manageyards-display-component---NewYard--addressDetailDetailsName1","interaction":{"idSuffix":"inner"}},"wdio_ui5_key":"applicationmanageyards-display-component---NewYard--addressDetailDetailsName1"}]}
RESULT: undefined
COMMAND: POST /session/b10d6c442cc9079ac1ad267591374e01/execute/async - {"script":"<script> [776 bytes]","args":[{"enterText":"Intracompany Yard wdIO","selector":{"id":"application-manageyards-display-component---NewYard--addressDetailDetailsName1","interaction":{"idSuffix":"inner"}},"clearTextFirst":true,"interactionType":"ENTER_TEXT"}]}
RESULT: {"script":"<script> [776 bytes]","args":[{"enterText":"Intracompany Yard wdIO","selector":{"id":"application-manageyards-display-component---NewYard--addressDetailDetailsName1","interaction":{"idSuffix":"inner"}},"clearTextFirst":true,"interactionType":"ENTER_TEXT"}]}
COMMAND: POST /session/b10d6c442cc9079ac1ad267591374e01/execute/async - {"script":"<script> [1562 bytes]","args":[{"selector":{"id":"application-manageyards-display-component---NewYard--addressDetailDetailsLanguage-arrow"},"wdio_ui5_key":"applicationmanageyards-display-component---NewYard--addressDetailDetailsLanguage-arrow"}]}
RESULT: {"script":"<script> [1562 bytes]","args":[{"selector":{"id":"application-manageyards-display-component---NewYard--addressDetailDetailsLanguage-arrow"},"wdio_ui5_key":"applicationmanageyards-display-component---NewYard--addressDetailDetailsLanguage-arrow"}]}
RESULT: undefined
COMMAND: POST /session/b10d6c442cc9079ac1ad267591374e01/element - {"using":"xpath","value":"//*[@id=\"application-manageyards-display-component---NewYard--addressDetailDetailsLanguage-arrow\"]"}
RESULT: {"using":"xpath","value":"//*[@id=\"application-manageyards-display-component---NewYard--addressDetailDetailsLanguage-arrow\"]"}
COMMAND: POST /session/b10d6c442cc9079ac1ad267591374e01/element/f.820658ADB2B97F80F3CD4D4B07B1BD52.d.DBCC4440818DE0DFE563A44E411FD377.e.5367/click - {}
RESULT: {}
COMMAND: POST /session/b10d6c442cc9079ac1ad267591374e01/element - {"using":"xpath","value":"//span[contains(text(), \"English\")]"}
COMMAND: GET /session/b10d6c442cc9079ac1ad267591374e01/screenshot - {}
RESULT: {"using":"xpath","value":"//span[contains(text(), \"English\")]"}
COMMAND: POST /session/b10d6c442cc9079ac1ad267591374e01/element/f.820658ADB2B97F80F3CD4D4B07B1BD52.d.DBCC4440818DE0DFE563A44E411FD377.e.5368/click - {}
RESULT: {}
RESULT: {}
COMMAND: POST /session/b10d6c442cc9079ac1ad267591374e01/execute/async - {"script":"<script> [1562 bytes]","args":[{"selector":{"id":"application-manageyards-display-component---NewYard--addressDetailDetailsCity1","interaction":{"idSuffix":"inner"}},"wdio_ui5_key":"applicationmanageyards-display-component---NewYard--addressDetailDetailsCity1"}]}
COMMAND: GET /session/b10d6c442cc9079ac1ad267591374e01/screenshot - {}
RESULT: {"script":"<script> [1562 bytes]","args":[{"selector":{"id":"application-manageyards-display-component---NewYard--addressDetailDetailsCity1","interaction":{"idSuffix":"inner"}},"wdio_ui5_key":"applicationmanageyards-display-component---NewYard--addressDetailDetailsCity1"}]}
RESULT: undefined
COMMAND: POST /session/b10d6c442cc9079ac1ad267591374e01/execute/async - {"script":"<script> [776 bytes]","args":[{"enterText":"Rosario","selector":{"id":"application-manageyards-display-component---NewYard--addressDetailDetailsCity1","interaction":{"idSuffix":"inner"}},"clearTextFirst":true,"interactionType":"ENTER_TEXT"}]}
RESULT: {}
RESULT: {"script":"<script> [776 bytes]","args":[{"enterText":"Rosario","selector":{"id":"application-manageyards-display-component---NewYard--addressDetailDetailsCity1","interaction":{"idSuffix":"inner"}},"clearTextFirst":true,"interactionType":"ENTER_TEXT"}]}
COMMAND: POST /session/b10d6c442cc9079ac1ad267591374e01/execute/async - {"script":"<script> [1562 bytes]","args":[{"selector":{"id":"application-manageyards-display-component---NewYard--addressDetailDetailsCountry-arrow"},"wdio_ui5_key":"applicationmanageyards-display-component---NewYard--addressDetailDetailsCountry-arrow"}]}
RESULT: {"script":"<script> [1562 bytes]","args":[{"selector":{"id":"application-manageyards-display-component---NewYard--addressDetailDetailsCountry-arrow"},"wdio_ui5_key":"applicationmanageyards-display-component---NewYard--addressDetailDetailsCountry-arrow"}]}
RESULT: undefined
COMMAND: POST /session/b10d6c442cc9079ac1ad267591374e01/element - {"using":"xpath","value":"//*[@id=\"application-manageyards-display-component---NewYard--addressDetailDetailsCountry-arrow\"]"}
RESULT: {"using":"xpath","value":"//*[@id=\"application-manageyards-display-component---NewYard--addressDetailDetailsCountry-arrow\"]"}
COMMAND: POST /session/b10d6c442cc9079ac1ad267591374e01/element/f.820658ADB2B97F80F3CD4D4B07B1BD52.d.DBCC4440818DE0DFE563A44E411FD377.e.5370/click - {}
RESULT: {}
COMMAND: POST /session/b10d6c442cc9079ac1ad267591374e01/element - {"using":"xpath","value":"//span[contains(text(), \"Argentina\")]"}
COMMAND: GET /session/b10d6c442cc9079ac1ad267591374e01/screenshot - {}
RESULT: {"using":"xpath","value":"//span[contains(text(), \"Argentina\")]"}
COMMAND: POST /session/b10d6c442cc9079ac1ad267591374e01/element/f.820658ADB2B97F80F3CD4D4B07B1BD52.d.DBCC4440818DE0DFE563A44E411FD377.e.5372/click - {}
RESULT: {}
RESULT: {}
COMMAND: POST /session/b10d6c442cc9079ac1ad267591374e01/execute/async - {"script":"<script> [1562 bytes]","args":[{"selector":{"id":"application-manageyards-display-component---NewYard--addressEditDetailsCostObjectCstType-arrow"},"wdio_ui5_key":"applicationmanageyards-display-component---NewYard--addressEditDetailsCostObjectCstType-arrow"}]}
COMMAND: GET /session/b10d6c442cc9079ac1ad267591374e01/screenshot - {}
RESULT: {"script":"<script> [1562 bytes]","args":[{"selector":{"id":"application-manageyards-display-component---NewYard--addressEditDetailsCostObjectCstType-arrow"},"wdio_ui5_key":"applicationmanageyards-display-component---NewYard--addressEditDetailsCostObjectCstType-arrow"}]}
RESULT: undefined
COMMAND: POST /session/b10d6c442cc9079ac1ad267591374e01/element - {"using":"xpath","value":"//*[@id=\"application-manageyards-display-component---NewYard--addressEditDetailsCostObjectCstType-arrow\"]"}
RESULT: {}
RESULT: {"using":"xpath","value":"//*[@id=\"application-manageyards-display-component---NewYard--addressEditDetailsCostObjectCstType-arrow\"]"}
COMMAND: POST /session/b10d6c442cc9079ac1ad267591374e01/element/f.820658ADB2B97F80F3CD4D4B07B1BD52.d.DBCC4440818DE0DFE563A44E411FD377.e.5373/click - {}
RESULT: {}
COMMAND: POST /session/b10d6c442cc9079ac1ad267591374e01/element - {"using":"xpath","value":"//span[contains(text(), \"Cost Center\")]"}
COMMAND: GET /session/b10d6c442cc9079ac1ad267591374e01/screenshot - {}
RESULT: {"using":"xpath","value":"//span[contains(text(), \"Cost Center\")]"}
COMMAND: POST /session/b10d6c442cc9079ac1ad267591374e01/element/f.820658ADB2B97F80F3CD4D4B07B1BD52.d.DBCC4440818DE0DFE563A44E411FD377.e.5374/click - {}
RESULT: {}
RESULT: {}
COMMAND: GET /session/b10d6c442cc9079ac1ad267591374e01/screenshot - {}
RESULT: {}
COMMAND: POST /session/b10d6c442cc9079ac1ad267591374e01/element - {"using":"xpath","value":"//span[@id=\"application-manageyards-display-component---NewYard--addressNewCostObjectCstID-vhi\"]"}
RESULT: {"using":"xpath","value":"//span[@id=\"application-manageyards-display-component---NewYard--addressNewCostObjectCstID-vhi\"]"}
COMMAND: POST /session/b10d6c442cc9079ac1ad267591374e01/execute/sync - {"script":"<script> [8489 bytes]","args":[{"element-6066-11e4-a52e-4f735466cecf":"f.820658ADB2B97F80F3CD4D4B07B1BD52.d.DBCC4440818DE0DFE563A44E411FD377.e.5378","ELEMENT":"f.820658ADB2B97F80F3CD4D4B07B1BD52.d.DBCC4440818DE0DFE563A44E411FD377.e.5378"}]}
RESULT: {"script":"<script> [8489 bytes]","args":[{"element-6066-11e4-a52e-4f735466cecf":"f.820658ADB2B97F80F3CD4D4B07B1BD52.d.DBCC4440818DE0DFE563A44E411FD377.e.5378","ELEMENT":"f.820658ADB2B97F80F3CD4D4B07B1BD52.d.DBCC4440818DE0DFE563A44E411FD377.e.5378"}]}
COMMAND: POST /session/b10d6c442cc9079ac1ad267591374e01/execute/async - {"script":"<script> [1562 bytes]","args":[{"selector":{"id":"application-manageyards-display-component---NewYard--addressNewCostObjectCstID-vhi"},"wdio_ui5_key":"applicationmanageyards-display-component---NewYard--addressNewCostObjectCstID-vhi"}]}
COMMAND: GET /session/b10d6c442cc9079ac1ad267591374e01/screenshot - {}
RESULT: {"script":"<script> [1562 bytes]","args":[{"selector":{"id":"application-manageyards-display-component---NewYard--addressNewCostObjectCstID-vhi"},"wdio_ui5_key":"applicationmanageyards-display-component---NewYard--addressNewCostObjectCstID-vhi"}]}
RESULT: undefined
COMMAND: POST /session/b10d6c442cc9079ac1ad267591374e01/element - {"using":"xpath","value":"//*[@id=\"application-manageyards-display-component---NewYard--addressNewCostObjectCstID-vhi\"]"}
RESULT: {}
RESULT: {"using":"xpath","value":"//*[@id=\"application-manageyards-display-component---NewYard--addressNewCostObjectCstID-vhi\"]"}
COMMAND: POST /session/b10d6c442cc9079ac1ad267591374e01/element/f.820658ADB2B97F80F3CD4D4B07B1BD52.d.DBCC4440818DE0DFE563A44E411FD377.e.5378/click - {}
RESULT: {}
COMMAND: GET /session/b10d6c442cc9079ac1ad267591374e01/screenshot - {}
RESULT: {}
COMMAND: POST /session/b10d6c442cc9079ac1ad267591374e01/execute/async - {"script":"<script> [1562 bytes]","args":[{"selector":{"controlType":"sap.m.SearchField","properties":{"placeholder":"Search"},"searchOpenDialogs":true,"interaction":{"idSuffix":"I"}},"wdio_ui5_key":"sapm.SearchField{\"placeholder\":\"Search\"}"}]}
RESULT: {"script":"<script> [1562 bytes]","args":[{"selector":{"controlType":"sap.m.SearchField","properties":{"placeholder":"Search"},"searchOpenDialogs":true,"interaction":{"idSuffix":"I"}},"wdio_ui5_key":"sapm.SearchField{\"placeholder\":\"Search\"}"}]}
RESULT: undefined
COMMAND: POST /session/b10d6c442cc9079ac1ad267591374e01/execute/async - {"script":"<script> [776 bytes]","args":[{"enterText":"10001013","selector":{"controlType":"sap.m.SearchField","properties":{"placeholder":"Search"},"searchOpenDialogs":true,"interaction":{"idSuffix":"I"}},"clearTextFirst":true,"interactionType":"ENTER_TEXT"}]}
RESULT: {"script":"<script> [776 bytes]","args":[{"enterText":"10001013","selector":{"controlType":"sap.m.SearchField","properties":{"placeholder":"Search"},"searchOpenDialogs":true,"interaction":{"idSuffix":"I"}},"clearTextFirst":true,"interactionType":"ENTER_TEXT"}]}
COMMAND: POST /session/b10d6c442cc9079ac1ad267591374e01/actions - {"actions":[{"id":"action19","type":"key","parameters":{},"actions":[{"type":"keyDown","value":"î€‡"},{"type":"pause","duration":10},{"type":"keyUp","value":"î€‡"}]}]}
RESULT: {"actions":[{"id":"action19","type":"key","parameters":{},"actions":[{"type":"keyDown","value":"î€‡"},{"type":"pause","duration":10},{"type":"keyUp","value":"î€‡"}]}]}
COMMAND: GET /session/b10d6c442cc9079ac1ad267591374e01/screenshot - {}
RESULT: {}
COMMAND: POST /session/b10d6c442cc9079ac1ad267591374e01/element - {"using":"xpath","value":"//span[contains(text(), \"General Management\")]"}
RESULT: {"using":"xpath","value":"//span[contains(text(), \"General Management\")]"}
COMMAND: POST /session/b10d6c442cc9079ac1ad267591374e01/element/f.820658ADB2B97F80F3CD4D4B07B1BD52.d.DBCC4440818DE0DFE563A44E411FD377.e.5419/click - {}
RESULT: {}
COMMAND: GET /session/b10d6c442cc9079ac1ad267591374e01/screenshot - {}
RESULT: {}
COMMAND: POST /session/b10d6c442cc9079ac1ad267591374e01/element - {"using":"xpath","value":"//bdi[contains(text(), \"OK\")]"}
RESULT: {"using":"xpath","value":"//bdi[contains(text(), \"OK\")]"}
COMMAND: POST /session/b10d6c442cc9079ac1ad267591374e01/element/f.820658ADB2B97F80F3CD4D4B07B1BD52.d.DBCC4440818DE0DFE563A44E411FD377.e.5420/click - {}
RESULT: {}
COMMAND: GET /session/b10d6c442cc9079ac1ad267591374e01/screenshot - {}
RESULT: {}
COMMAND: POST /session/b10d6c442cc9079ac1ad267591374e01/execute/async - {"script":"<script> [1562 bytes]","args":[{"selector":{"id":"application-manageyards-display-component---NewYard--addressEditDetailsCurrency-arrow"},"wdio_ui5_key":"applicationmanageyards-display-component---NewYard--addressEditDetailsCurrency-arrow"}]}
RESULT: {"script":"<script> [1562 bytes]","args":[{"selector":{"id":"application-manageyards-display-component---NewYard--addressEditDetailsCurrency-arrow"},"wdio_ui5_key":"applicationmanageyards-display-component---NewYard--addressEditDetailsCurrency-arrow"}]}
RESULT: undefined
COMMAND: POST /session/b10d6c442cc9079ac1ad267591374e01/element - {"using":"xpath","value":"//*[@id=\"application-manageyards-display-component---NewYard--addressEditDetailsCurrency-arrow\"]"}
RESULT: {"using":"xpath","value":"//*[@id=\"application-manageyards-display-component---NewYard--addressEditDetailsCurrency-arrow\"]"}
COMMAND: POST /session/b10d6c442cc9079ac1ad267591374e01/element/f.820658ADB2B97F80F3CD4D4B07B1BD52.d.DBCC4440818DE0DFE563A44E411FD377.e.5423/click - {}
RESULT: {}
COMMAND: POST /session/b10d6c442cc9079ac1ad267591374e01/element - {"using":"xpath","value":"//span[contains(text(), \"Euro\")]"}
COMMAND: GET /session/b10d6c442cc9079ac1ad267591374e01/screenshot - {}
RESULT: {"using":"xpath","value":"//span[contains(text(), \"Euro\")]"}
COMMAND: POST /session/b10d6c442cc9079ac1ad267591374e01/element/f.820658ADB2B97F80F3CD4D4B07B1BD52.d.DBCC4440818DE0DFE563A44E411FD377.e.5424/click - {}
RESULT: {}
RESULT: {}
COMMAND: POST /session/b10d6c442cc9079ac1ad267591374e01/execute/async - {"script":"<script> [1562 bytes]","args":[{"selector":{"controlType":"sap.m.Input","viewName":"etm.portal.ui.manageyards.view.New","viewId":"application-manageyards-display-component---NewYard","bindingPath":{"path":"","propertyPath":"/CONTROLLING_AREA","modelName":"NewYardModel"},"interaction":{"idSuffix":"inner"}},"wdio_ui5_key":"etmportal.ui.manageyards.view.Newsap.m.Input{\"path\":\"\",\"propertyPath\":\"/CONTROLLING_AREA\",\"modelName\":\"NewYardModel\"}"}]}
COMMAND: GET /session/b10d6c442cc9079ac1ad267591374e01/screenshot - {}
RESULT: {"script":"<script> [1562 bytes]","args":[{"selector":{"controlType":"sap.m.Input","viewName":"etm.portal.ui.manageyards.view.New","viewId":"application-manageyards-display-component---NewYard","bindingPath":{"path":"","propertyPath":"/CONTROLLING_AREA","modelName":"NewYardModel"},"interaction":{"idSuffix":"inner"}},"wdio_ui5_key":"etmportal.ui.manageyards.view.Newsap.m.Input{\"path\":\"\",\"propertyPath\":\"/CONTROLLING_AREA\",\"modelName\":\"NewYardModel\"}"}]}
RESULT: undefined
COMMAND: POST /session/b10d6c442cc9079ac1ad267591374e01/execute/async - {"script":"<script> [776 bytes]","args":[{"enterText":"Z001","selector":{"controlType":"sap.m.Input","viewName":"etm.portal.ui.manageyards.view.New","viewId":"application-manageyards-display-component---NewYard","bindingPath":{"path":"","propertyPath":"/CONTROLLING_AREA","modelName":"NewYardModel"},"interaction":{"idSuffix":"inner"}},"clearTextFirst":true,"interactionType":"ENTER_TEXT"}]}
RESULT: {}
RESULT: {"script":"<script> [776 bytes]","args":[{"enterText":"Z001","selector":{"controlType":"sap.m.Input","viewName":"etm.portal.ui.manageyards.view.New","viewId":"application-manageyards-display-component---NewYard","bindingPath":{"path":"","propertyPath":"/CONTROLLING_AREA","modelName":"NewYardModel"},"interaction":{"idSuffix":"inner"}},"clearTextFirst":true,"interactionType":"ENTER_TEXT"}]}
COMMAND: POST /session/b10d6c442cc9079ac1ad267591374e01/execute/async - {"script":"<script> [1562 bytes]","args":[{"selector":{"id":"application-manageyards-display-component---NewYard--companyCodeComboBox","interaction":{"idSuffix":"inner"}},"wdio_ui5_key":"applicationmanageyards-display-component---NewYard--companyCodeComboBox"}]}
RESULT: {"script":"<script> [1562 bytes]","args":[{"selector":{"id":"application-manageyards-display-component---NewYard--companyCodeComboBox","interaction":{"idSuffix":"inner"}},"wdio_ui5_key":"applicationmanageyards-display-component---NewYard--companyCodeComboBox"}]}
RESULT: undefined
COMMAND: POST /session/b10d6c442cc9079ac1ad267591374e01/execute/async - {"script":"<script> [776 bytes]","args":[{"enterText":"1000","selector":{"id":"application-manageyards-display-component---NewYard--companyCodeComboBox","interaction":{"idSuffix":"inner"}},"clearTextFirst":true,"interactionType":"ENTER_TEXT"}]}
RESULT: {"script":"<script> [776 bytes]","args":[{"enterText":"1000","selector":{"id":"application-manageyards-display-component---NewYard--companyCodeComboBox","interaction":{"idSuffix":"inner"}},"clearTextFirst":true,"interactionType":"ENTER_TEXT"}]}
COMMAND: POST /session/b10d6c442cc9079ac1ad267591374e01/execute/async - {"script":"<script> [1562 bytes]","args":[{"selector":{"controlType":"sap.m.Input","viewName":"etm.portal.ui.manageyards.view.New","viewId":"application-manageyards-display-component---NewYard","bindingPath":{"path":"","propertyPath":"/PLANT","modelName":"NewYardModel"},"interaction":{"idSuffix":"inner"}},"wdio_ui5_key":"etmportal.ui.manageyards.view.Newsap.m.Input{\"path\":\"\",\"propertyPath\":\"/PLANT\",\"modelName\":\"NewYardModel\"}"}]}
RESULT: {"script":"<script> [1562 bytes]","args":[{"selector":{"controlType":"sap.m.Input","viewName":"etm.portal.ui.manageyards.view.New","viewId":"application-manageyards-display-component---NewYard","bindingPath":{"path":"","propertyPath":"/PLANT","modelName":"NewYardModel"},"interaction":{"idSuffix":"inner"}},"wdio_ui5_key":"etmportal.ui.manageyards.view.Newsap.m.Input{\"path\":\"\",\"propertyPath\":\"/PLANT\",\"modelName\":\"NewYardModel\"}"}]}
RESULT: undefined
COMMAND: POST /session/b10d6c442cc9079ac1ad267591374e01/execute/async - {"script":"<script> [776 bytes]","args":[{"enterText":"1001","selector":{"controlType":"sap.m.Input","viewName":"etm.portal.ui.manageyards.view.New","viewId":"application-manageyards-display-component---NewYard","bindingPath":{"path":"","propertyPath":"/PLANT","modelName":"NewYardModel"},"interaction":{"idSuffix":"inner"}},"clearTextFirst":true,"interactionType":"ENTER_TEXT"}]}
RESULT: {"script":"<script> [776 bytes]","args":[{"enterText":"1001","selector":{"controlType":"sap.m.Input","viewName":"etm.portal.ui.manageyards.view.New","viewId":"application-manageyards-display-component---NewYard","bindingPath":{"path":"","propertyPath":"/PLANT","modelName":"NewYardModel"},"interaction":{"idSuffix":"inner"}},"clearTextFirst":true,"interactionType":"ENTER_TEXT"}]}
COMMAND: POST /session/b10d6c442cc9079ac1ad267591374e01/execute/async - {"script":"<script> [1562 bytes]","args":[{"selector":{"controlType":"sap.m.Input","viewName":"etm.portal.ui.manageyards.view.New","viewId":"application-manageyards-display-component---NewYard","bindingPath":{"path":"","propertyPath":"/SALES_AREA_VKORG","modelName":"NewYardModel"},"interaction":{"idSuffix":"inner"}},"wdio_ui5_key":"etmportal.ui.manageyards.view.Newsap.m.Input{\"path\":\"\",\"propertyPath\":\"/SALES_AREA_VKORG\",\"modelName\":\"NewYardModel\"}"}]}
RESULT: {"script":"<script> [1562 bytes]","args":[{"selector":{"controlType":"sap.m.Input","viewName":"etm.portal.ui.manageyards.view.New","viewId":"application-manageyards-display-component---NewYard","bindingPath":{"path":"","propertyPath":"/SALES_AREA_VKORG","modelName":"NewYardModel"},"interaction":{"idSuffix":"inner"}},"wdio_ui5_key":"etmportal.ui.manageyards.view.Newsap.m.Input{\"path\":\"\",\"propertyPath\":\"/SALES_AREA_VKORG\",\"modelName\":\"NewYardModel\"}"}]}
RESULT: undefined
COMMAND: POST /session/b10d6c442cc9079ac1ad267591374e01/execute/async - {"script":"<script> [776 bytes]","args":[{"enterText":"C002","selector":{"controlType":"sap.m.Input","viewName":"etm.portal.ui.manageyards.view.New","viewId":"application-manageyards-display-component---NewYard","bindingPath":{"path":"","propertyPath":"/SALES_AREA_VKORG","modelName":"NewYardModel"},"interaction":{"idSuffix":"inner"}},"clearTextFirst":true,"interactionType":"ENTER_TEXT"}]}
RESULT: {"script":"<script> [776 bytes]","args":[{"enterText":"C002","selector":{"controlType":"sap.m.Input","viewName":"etm.portal.ui.manageyards.view.New","viewId":"application-manageyards-display-component---NewYard","bindingPath":{"path":"","propertyPath":"/SALES_AREA_VKORG","modelName":"NewYardModel"},"interaction":{"idSuffix":"inner"}},"clearTextFirst":true,"interactionType":"ENTER_TEXT"}]}
COMMAND: POST /session/b10d6c442cc9079ac1ad267591374e01/execute/async - {"script":"<script> [1562 bytes]","args":[{"selector":{"controlType":"sap.m.Input","viewName":"etm.portal.ui.manageyards.view.New","viewId":"application-manageyards-display-component---NewYard","bindingPath":{"path":"","propertyPath":"/SALES_AREA_VTWEG","modelName":"NewYardModel"},"interaction":{"idSuffix":"inner"}},"wdio_ui5_key":"etmportal.ui.manageyards.view.Newsap.m.Input{\"path\":\"\",\"propertyPath\":\"/SALES_AREA_VTWEG\",\"modelName\":\"NewYardModel\"}"}]}
RESULT: {"script":"<script> [1562 bytes]","args":[{"selector":{"controlType":"sap.m.Input","viewName":"etm.portal.ui.manageyards.view.New","viewId":"application-manageyards-display-component---NewYard","bindingPath":{"path":"","propertyPath":"/SALES_AREA_VTWEG","modelName":"NewYardModel"},"interaction":{"idSuffix":"inner"}},"wdio_ui5_key":"etmportal.ui.manageyards.view.Newsap.m.Input{\"path\":\"\",\"propertyPath\":\"/SALES_AREA_VTWEG\",\"modelName\":\"NewYardModel\"}"}]}
RESULT: undefined
COMMAND: POST /session/b10d6c442cc9079ac1ad267591374e01/execute/async - {"script":"<script> [776 bytes]","args":[{"enterText":"C2","selector":{"controlType":"sap.m.Input","viewName":"etm.portal.ui.manageyards.view.New","viewId":"application-manageyards-display-component---NewYard","bindingPath":{"path":"","propertyPath":"/SALES_AREA_VTWEG","modelName":"NewYardModel"},"interaction":{"idSuffix":"inner"}},"clearTextFirst":true,"interactionType":"ENTER_TEXT"}]}
RESULT: {"script":"<script> [776 bytes]","args":[{"enterText":"C2","selector":{"controlType":"sap.m.Input","viewName":"etm.portal.ui.manageyards.view.New","viewId":"application-manageyards-display-component---NewYard","bindingPath":{"path":"","propertyPath":"/SALES_AREA_VTWEG","modelName":"NewYardModel"},"interaction":{"idSuffix":"inner"}},"clearTextFirst":true,"interactionType":"ENTER_TEXT"}]}
COMMAND: POST /session/b10d6c442cc9079ac1ad267591374e01/execute/async - {"script":"<script> [1562 bytes]","args":[{"selector":{"controlType":"sap.m.Input","viewName":"etm.portal.ui.manageyards.view.New","viewId":"application-manageyards-display-component---NewYard","bindingPath":{"path":"","propertyPath":"/SALES_AREA_SPART","modelName":"NewYardModel"},"interaction":{"idSuffix":"inner"}},"wdio_ui5_key":"etmportal.ui.manageyards.view.Newsap.m.Input{\"path\":\"\",\"propertyPath\":\"/SALES_AREA_SPART\",\"modelName\":\"NewYardModel\"}"}]}
RESULT: {"script":"<script> [1562 bytes]","args":[{"selector":{"controlType":"sap.m.Input","viewName":"etm.portal.ui.manageyards.view.New","viewId":"application-manageyards-display-component---NewYard","bindingPath":{"path":"","propertyPath":"/SALES_AREA_SPART","modelName":"NewYardModel"},"interaction":{"idSuffix":"inner"}},"wdio_ui5_key":"etmportal.ui.manageyards.view.Newsap.m.Input{\"path\":\"\",\"propertyPath\":\"/SALES_AREA_SPART\",\"modelName\":\"NewYardModel\"}"}]}
RESULT: undefined
COMMAND: POST /session/b10d6c442cc9079ac1ad267591374e01/execute/async - {"script":"<script> [776 bytes]","args":[{"enterText":"C2","selector":{"controlType":"sap.m.Input","viewName":"etm.portal.ui.manageyards.view.New","viewId":"application-manageyards-display-component---NewYard","bindingPath":{"path":"","propertyPath":"/SALES_AREA_SPART","modelName":"NewYardModel"},"interaction":{"idSuffix":"inner"}},"clearTextFirst":true,"interactionType":"ENTER_TEXT"}]}
RESULT: {"script":"<script> [776 bytes]","args":[{"enterText":"C2","selector":{"controlType":"sap.m.Input","viewName":"etm.portal.ui.manageyards.view.New","viewId":"application-manageyards-display-component---NewYard","bindingPath":{"path":"","propertyPath":"/SALES_AREA_SPART","modelName":"NewYardModel"},"interaction":{"idSuffix":"inner"}},"clearTextFirst":true,"interactionType":"ENTER_TEXT"}]}
COMMAND: POST /session/b10d6c442cc9079ac1ad267591374e01/execute/async - {"script":"<script> [1562 bytes]","args":[{"selector":{"controlType":"sap.m.Input","viewName":"etm.portal.ui.manageyards.view.New","viewId":"application-manageyards-display-component---NewYard","bindingPath":{"path":"","propertyPath":"/SHIP_POINT","modelName":"NewYardModel"},"interaction":{"idSuffix":"inner"}},"wdio_ui5_key":"etmportal.ui.manageyards.view.Newsap.m.Input{\"path\":\"\",\"propertyPath\":\"/SHIP_POINT\",\"modelName\":\"NewYardModel\"}"}]}
RESULT: {"script":"<script> [1562 bytes]","args":[{"selector":{"controlType":"sap.m.Input","viewName":"etm.portal.ui.manageyards.view.New","viewId":"application-manageyards-display-component---NewYard","bindingPath":{"path":"","propertyPath":"/SHIP_POINT","modelName":"NewYardModel"},"interaction":{"idSuffix":"inner"}},"wdio_ui5_key":"etmportal.ui.manageyards.view.Newsap.m.Input{\"path\":\"\",\"propertyPath\":\"/SHIP_POINT\",\"modelName\":\"NewYardModel\"}"}]}
RESULT: undefined
COMMAND: POST /session/b10d6c442cc9079ac1ad267591374e01/execute/async - {"script":"<script> [776 bytes]","args":[{"enterText":"1710","selector":{"controlType":"sap.m.Input","viewName":"etm.portal.ui.manageyards.view.New","viewId":"application-manageyards-display-component---NewYard","bindingPath":{"path":"","propertyPath":"/SHIP_POINT","modelName":"NewYardModel"},"interaction":{"idSuffix":"inner"}},"clearTextFirst":true,"interactionType":"ENTER_TEXT"}]}
RESULT: {"script":"<script> [776 bytes]","args":[{"enterText":"1710","selector":{"controlType":"sap.m.Input","viewName":"etm.portal.ui.manageyards.view.New","viewId":"application-manageyards-display-component---NewYard","bindingPath":{"path":"","propertyPath":"/SHIP_POINT","modelName":"NewYardModel"},"interaction":{"idSuffix":"inner"}},"clearTextFirst":true,"interactionType":"ENTER_TEXT"}]}
COMMAND: POST /session/b10d6c442cc9079ac1ad267591374e01/execute/async - {"script":"<script> [1562 bytes]","args":[{"selector":{"controlType":"sap.m.Input","viewName":"etm.portal.ui.manageyards.view.New","viewId":"application-manageyards-display-component---NewYard","bindingPath":{"path":"","propertyPath":"/DELIVERY_TYPE","modelName":"NewYardModel"},"interaction":{"idSuffix":"inner"}},"wdio_ui5_key":"etmportal.ui.manageyards.view.Newsap.m.Input{\"path\":\"\",\"propertyPath\":\"/DELIVERY_TYPE\",\"modelName\":\"NewYardModel\"}"}]}
RESULT: {"script":"<script> [1562 bytes]","args":[{"selector":{"controlType":"sap.m.Input","viewName":"etm.portal.ui.manageyards.view.New","viewId":"application-manageyards-display-component---NewYard","bindingPath":{"path":"","propertyPath":"/DELIVERY_TYPE","modelName":"NewYardModel"},"interaction":{"idSuffix":"inner"}},"wdio_ui5_key":"etmportal.ui.manageyards.view.Newsap.m.Input{\"path\":\"\",\"propertyPath\":\"/DELIVERY_TYPE\",\"modelName\":\"NewYardModel\"}"}]}
RESULT: undefined
COMMAND: POST /session/b10d6c442cc9079ac1ad267591374e01/execute/async - {"script":"<script> [776 bytes]","args":[{"enterText":"ZL01","selector":{"controlType":"sap.m.Input","viewName":"etm.portal.ui.manageyards.view.New","viewId":"application-manageyards-display-component---NewYard","bindingPath":{"path":"","propertyPath":"/DELIVERY_TYPE","modelName":"NewYardModel"},"interaction":{"idSuffix":"inner"}},"clearTextFirst":true,"interactionType":"ENTER_TEXT"}]}
RESULT: {"script":"<script> [776 bytes]","args":[{"enterText":"ZL01","selector":{"controlType":"sap.m.Input","viewName":"etm.portal.ui.manageyards.view.New","viewId":"application-manageyards-display-component---NewYard","bindingPath":{"path":"","propertyPath":"/DELIVERY_TYPE","modelName":"NewYardModel"},"interaction":{"idSuffix":"inner"}},"clearTextFirst":true,"interactionType":"ENTER_TEXT"}]}
COMMAND: POST /session/b10d6c442cc9079ac1ad267591374e01/execute/async - {"script":"<script> [1562 bytes]","args":[{"selector":{"controlType":"sap.m.Input","viewName":"etm.portal.ui.manageyards.view.New","viewId":"application-manageyards-display-component---NewYard","bindingPath":{"path":"","propertyPath":"/AUART","modelName":"NewYardModel"},"interaction":{"idSuffix":"inner"}},"wdio_ui5_key":"etmportal.ui.manageyards.view.Newsap.m.Input{\"path\":\"\",\"propertyPath\":\"/AUART\",\"modelName\":\"NewYardModel\"}"}]}
RESULT: {"script":"<script> [1562 bytes]","args":[{"selector":{"controlType":"sap.m.Input","viewName":"etm.portal.ui.manageyards.view.New","viewId":"application-manageyards-display-component---NewYard","bindingPath":{"path":"","propertyPath":"/AUART","modelName":"NewYardModel"},"interaction":{"idSuffix":"inner"}},"wdio_ui5_key":"etmportal.ui.manageyards.view.Newsap.m.Input{\"path\":\"\",\"propertyPath\":\"/AUART\",\"modelName\":\"NewYardModel\"}"}]}
RESULT: undefined
COMMAND: POST /session/b10d6c442cc9079ac1ad267591374e01/execute/async - {"script":"<script> [776 bytes]","args":[{"enterText":"TA","selector":{"controlType":"sap.m.Input","viewName":"etm.portal.ui.manageyards.view.New","viewId":"application-manageyards-display-component---NewYard","bindingPath":{"path":"","propertyPath":"/AUART","modelName":"NewYardModel"},"interaction":{"idSuffix":"inner"}},"clearTextFirst":true,"interactionType":"ENTER_TEXT"}]}
RESULT: {"script":"<script> [776 bytes]","args":[{"enterText":"TA","selector":{"controlType":"sap.m.Input","viewName":"etm.portal.ui.manageyards.view.New","viewId":"application-manageyards-display-component---NewYard","bindingPath":{"path":"","propertyPath":"/AUART","modelName":"NewYardModel"},"interaction":{"idSuffix":"inner"}},"clearTextFirst":true,"interactionType":"ENTER_TEXT"}]}
COMMAND: POST /session/b10d6c442cc9079ac1ad267591374e01/element - {"using":"xpath","value":"//button[@data-kt=\"newYardSaveButton\"]"}
RESULT: {"using":"xpath","value":"//button[@data-kt=\"newYardSaveButton\"]"}
COMMAND: POST /session/b10d6c442cc9079ac1ad267591374e01/element/f.820658ADB2B97F80F3CD4D4B07B1BD52.d.DBCC4440818DE0DFE563A44E411FD377.e.5329/click - {}
RESULT: {}
COMMAND: GET /session/b10d6c442cc9079ac1ad267591374e01/screenshot - {}
RESULT: {}
COMMAND: POST /session/b10d6c442cc9079ac1ad267591374e01/element - {"using":"xpath","value":"//header[contains(@id, 'ObjectPageLayout-headerTitle')]/div[1]/div[2]/div[1]/span[1]"}
RESULT: {"using":"xpath","value":"//header[contains(@id, 'ObjectPageLayout-headerTitle')]/div[1]/div[2]/div[1]/span[1]"}
COMMAND: POST /session/b10d6c442cc9079ac1ad267591374e01/elements - {"using":"xpath","value":"//header[contains(@id, 'ObjectPageLayout-headerTitle')]/div[1]/div[2]/div[1]/span[1]"}
RESULT: {"using":"xpath","value":"//header[contains(@id, 'ObjectPageLayout-headerTitle')]/div[1]/div[2]/div[1]/span[1]"}
COMMAND: POST /session/b10d6c442cc9079ac1ad267591374e01/execute/sync - {"script":"<script> [56 bytes]","args":[{"element-6066-11e4-a52e-4f735466cecf":"f.820658ADB2B97F80F3CD4D4B07B1BD52.d.DBCC4440818DE0DFE563A44E411FD377.e.5652","ELEMENT":"f.820658ADB2B97F80F3CD4D4B07B1BD52.d.DBCC4440818DE0DFE563A44E411FD377.e.5652"}]}
RESULT: {"script":"<script> [56 bytes]","args":[{"element-6066-11e4-a52e-4f735466cecf":"f.820658ADB2B97F80F3CD4D4B07B1BD52.d.DBCC4440818DE0DFE563A44E411FD377.e.5652","ELEMENT":"f.820658ADB2B97F80F3CD4D4B07B1BD52.d.DBCC4440818DE0DFE563A44E411FD377.e.5652"}]}
COMMAND: GET /session/b10d6c442cc9079ac1ad267591374e01/screenshot - {}
RESULT: {}
COMMAND: POST /session/b10d6c442cc9079ac1ad267591374e01/element - {"using":"css selector","value":"#shell-header-logo"}
RESULT: {"using":"css selector","value":"#shell-header-logo"}
COMMAND: POST /session/b10d6c442cc9079ac1ad267591374e01/element/f.820658ADB2B97F80F3CD4D4B07B1BD52.d.DBCC4440818DE0DFE563A44E411FD377.e.4903/click - {}
RESULT: {}
COMMAND: GET /session/b10d6c442cc9079ac1ad267591374e01/screenshot - {}
RESULT: {}
COMMAND: POST /session/b10d6c442cc9079ac1ad267591374e01/execute/sync - {"script":"<script> [299 bytes]","args":[["getModel","getResource"]]}
RESULT: {"script":"<script> [299 bytes]","args":[["getModel","getResource"]]}
]]></system-out>
    </testcase>
    <testcase classname="chrome.136_0_7103_49.windows.Billing_Transfer_-_Intracompany_US127249" name="Should create a new partner" time="122.543">
      <system-out><![CDATA[
COMMAND: POST /session/b10d6c442cc9079ac1ad267591374e01/window/fullscreen - {}
COMMAND: GET /session/b10d6c442cc9079ac1ad267591374e01/screenshot - {}
RESULT: {}
COMMAND: POST /session/b10d6c442cc9079ac1ad267591374e01/execute/async - {"script":"<script> [1562 bytes]","args":[{"selector":{"controlType":"sap.m.GenericTile","properties":{"header":"Manage Partners"}},"wdio_ui5_key":"sapm.GenericTile{\"header\":\"Manage Partners\"}"}]}
RESULT: {}
RESULT: {"script":"<script> [1562 bytes]","args":[{"selector":{"controlType":"sap.m.GenericTile","properties":{"header":"Manage Partners"}},"wdio_ui5_key":"sapm.GenericTile{\"header\":\"Manage Partners\"}"}]}
RESULT: undefined
COMMAND: POST /session/b10d6c442cc9079ac1ad267591374e01/element - {"using":"xpath","value":"//*[@id=\"__tile38\"]"}
RESULT: {"using":"xpath","value":"//*[@id=\"__tile38\"]"}
COMMAND: POST /session/b10d6c442cc9079ac1ad267591374e01/element/f.820658ADB2B97F80F3CD4D4B07B1BD52.d.DBCC4440818DE0DFE563A44E411FD377.e.4796/click - {}
RESULT: {}
COMMAND: POST /session/b10d6c442cc9079ac1ad267591374e01/element - {"using":"xpath","value":"//button[@data-kt=\"addButton\"]"}
COMMAND: GET /session/b10d6c442cc9079ac1ad267591374e01/screenshot - {}
RESULT: {"using":"xpath","value":"//button[@data-kt=\"addButton\"]"}
COMMAND: POST /session/b10d6c442cc9079ac1ad267591374e01/elements - {"using":"xpath","value":"//button[@data-kt=\"addButton\"]"}
RESULT: {}
RESULT: {"using":"xpath","value":"//button[@data-kt=\"addButton\"]"}
COMMAND: POST /session/b10d6c442cc9079ac1ad267591374e01/elements - {"using":"xpath","value":"//button[@data-kt=\"addButton\"]"}
RESULT: {"using":"xpath","value":"//button[@data-kt=\"addButton\"]"}
COMMAND: POST /session/b10d6c442cc9079ac1ad267591374e01/elements - {"using":"xpath","value":"//button[@data-kt=\"addButton\"]"}
RESULT: {"using":"xpath","value":"//button[@data-kt=\"addButton\"]"}
COMMAND: POST /session/b10d6c442cc9079ac1ad267591374e01/elements - {"using":"xpath","value":"//button[@data-kt=\"addButton\"]"}
RESULT: {"using":"xpath","value":"//button[@data-kt=\"addButton\"]"}
COMMAND: POST /session/b10d6c442cc9079ac1ad267591374e01/elements - {"using":"xpath","value":"//button[@data-kt=\"addButton\"]"}
RESULT: {"using":"xpath","value":"//button[@data-kt=\"addButton\"]"}
COMMAND: POST /session/b10d6c442cc9079ac1ad267591374e01/elements - {"using":"xpath","value":"//button[@data-kt=\"addButton\"]"}
RESULT: {"using":"xpath","value":"//button[@data-kt=\"addButton\"]"}
COMMAND: POST /session/b10d6c442cc9079ac1ad267591374e01/elements - {"using":"xpath","value":"//button[@data-kt=\"addButton\"]"}
RESULT: {"using":"xpath","value":"//button[@data-kt=\"addButton\"]"}
COMMAND: POST /session/b10d6c442cc9079ac1ad267591374e01/elements - {"using":"xpath","value":"//button[@data-kt=\"addButton\"]"}
RESULT: {"using":"xpath","value":"//button[@data-kt=\"addButton\"]"}
COMMAND: POST /session/b10d6c442cc9079ac1ad267591374e01/elements - {"using":"xpath","value":"//button[@data-kt=\"addButton\"]"}
RESULT: {"using":"xpath","value":"//button[@data-kt=\"addButton\"]"}
COMMAND: POST /session/b10d6c442cc9079ac1ad267591374e01/elements - {"using":"xpath","value":"//button[@data-kt=\"addButton\"]"}
RESULT: {"using":"xpath","value":"//button[@data-kt=\"addButton\"]"}
COMMAND: POST /session/b10d6c442cc9079ac1ad267591374e01/elements - {"using":"xpath","value":"//button[@data-kt=\"addButton\"]"}
RESULT: {"using":"xpath","value":"//button[@data-kt=\"addButton\"]"}
COMMAND: POST /session/b10d6c442cc9079ac1ad267591374e01/elements - {"using":"xpath","value":"//button[@data-kt=\"addButton\"]"}
RESULT: {"using":"xpath","value":"//button[@data-kt=\"addButton\"]"}
COMMAND: POST /session/b10d6c442cc9079ac1ad267591374e01/elements - {"using":"xpath","value":"//button[@data-kt=\"addButton\"]"}
RESULT: {"using":"xpath","value":"//button[@data-kt=\"addButton\"]"}
COMMAND: POST /session/b10d6c442cc9079ac1ad267591374e01/elements - {"using":"xpath","value":"//button[@data-kt=\"addButton\"]"}
RESULT: {"using":"xpath","value":"//button[@data-kt=\"addButton\"]"}
COMMAND: POST /session/b10d6c442cc9079ac1ad267591374e01/elements - {"using":"xpath","value":"//button[@data-kt=\"addButton\"]"}
RESULT: {"using":"xpath","value":"//button[@data-kt=\"addButton\"]"}
COMMAND: POST /session/b10d6c442cc9079ac1ad267591374e01/elements - {"using":"xpath","value":"//button[@data-kt=\"addButton\"]"}
RESULT: {"using":"xpath","value":"//button[@data-kt=\"addButton\"]"}
COMMAND: POST /session/b10d6c442cc9079ac1ad267591374e01/elements - {"using":"xpath","value":"//button[@data-kt=\"addButton\"]"}
RESULT: {"using":"xpath","value":"//button[@data-kt=\"addButton\"]"}
COMMAND: POST /session/b10d6c442cc9079ac1ad267591374e01/elements - {"using":"xpath","value":"//button[@data-kt=\"addButton\"]"}
RESULT: {"using":"xpath","value":"//button[@data-kt=\"addButton\"]"}
COMMAND: POST /session/b10d6c442cc9079ac1ad267591374e01/element - {"using":"xpath","value":"//button[@data-kt=\"addButton\"]"}
RESULT: {"using":"xpath","value":"//button[@data-kt=\"addButton\"]"}
COMMAND: POST /session/b10d6c442cc9079ac1ad267591374e01/execute/sync - {"script":"<script> [8489 bytes]","args":[{"element-6066-11e4-a52e-4f735466cecf":"f.820658ADB2B97F80F3CD4D4B07B1BD52.d.DBCC4440818DE0DFE563A44E411FD377.e.5689","ELEMENT":"f.820658ADB2B97F80F3CD4D4B07B1BD52.d.DBCC4440818DE0DFE563A44E411FD377.e.5689"}]}
RESULT: {"script":"<script> [8489 bytes]","args":[{"element-6066-11e4-a52e-4f735466cecf":"f.820658ADB2B97F80F3CD4D4B07B1BD52.d.DBCC4440818DE0DFE563A44E411FD377.e.5689","ELEMENT":"f.820658ADB2B97F80F3CD4D4B07B1BD52.d.DBCC4440818DE0DFE563A44E411FD377.e.5689"}]}
COMMAND: GET /session/b10d6c442cc9079ac1ad267591374e01/element/f.820658ADB2B97F80F3CD4D4B07B1BD52.d.DBCC4440818DE0DFE563A44E411FD377.e.5689/enabled - {}
COMMAND: GET /session/b10d6c442cc9079ac1ad267591374e01/screenshot - {}
RESULT: {}
COMMAND: POST /session/b10d6c442cc9079ac1ad267591374e01/execute/sync - {"script":"<script> [8489 bytes]","args":[{"element-6066-11e4-a52e-4f735466cecf":"f.820658ADB2B97F80F3CD4D4B07B1BD52.d.DBCC4440818DE0DFE563A44E411FD377.e.5689","ELEMENT":"f.820658ADB2B97F80F3CD4D4B07B1BD52.d.DBCC4440818DE0DFE563A44E411FD377.e.5689"}]}
COMMAND: GET /session/b10d6c442cc9079ac1ad267591374e01/screenshot - {}
RESULT: {}
RESULT: {"script":"<script> [8489 bytes]","args":[{"element-6066-11e4-a52e-4f735466cecf":"f.820658ADB2B97F80F3CD4D4B07B1BD52.d.DBCC4440818DE0DFE563A44E411FD377.e.5689","ELEMENT":"f.820658ADB2B97F80F3CD4D4B07B1BD52.d.DBCC4440818DE0DFE563A44E411FD377.e.5689"}]}
COMMAND: POST /session/b10d6c442cc9079ac1ad267591374e01/execute/sync - {"script":"<script> [5351 bytes]","args":[{"element-6066-11e4-a52e-4f735466cecf":"f.820658ADB2B97F80F3CD4D4B07B1BD52.d.DBCC4440818DE0DFE563A44E411FD377.e.5689","ELEMENT":"f.820658ADB2B97F80F3CD4D4B07B1BD52.d.DBCC4440818DE0DFE563A44E411FD377.e.5689"}]}
COMMAND: GET /session/b10d6c442cc9079ac1ad267591374e01/screenshot - {}
RESULT: {}
RESULT: {"script":"<script> [5351 bytes]","args":[{"element-6066-11e4-a52e-4f735466cecf":"f.820658ADB2B97F80F3CD4D4B07B1BD52.d.DBCC4440818DE0DFE563A44E411FD377.e.5689","ELEMENT":"f.820658ADB2B97F80F3CD4D4B07B1BD52.d.DBCC4440818DE0DFE563A44E411FD377.e.5689"}]}
COMMAND: POST /session/b10d6c442cc9079ac1ad267591374e01/element/f.820658ADB2B97F80F3CD4D4B07B1BD52.d.DBCC4440818DE0DFE563A44E411FD377.e.5689/click - {}
COMMAND: GET /session/b10d6c442cc9079ac1ad267591374e01/screenshot - {}
RESULT: {}
RESULT: {}
COMMAND: GET /session/b10d6c442cc9079ac1ad267591374e01/screenshot - {}
RESULT: {}
RESULT: {}
COMMAND: POST /session/b10d6c442cc9079ac1ad267591374e01/execute/async - {"script":"<script> [1562 bytes]","args":[{"selector":{"id":"application-managepartners-display-component---NewPartner--addressDetailDetailsName1","interaction":{"idSuffix":"inner"}},"wdio_ui5_key":"applicationmanagepartners-display-component---NewPartner--addressDetailDetailsName1"}]}
RESULT: {"script":"<script> [1562 bytes]","args":[{"selector":{"id":"application-managepartners-display-component---NewPartner--addressDetailDetailsName1","interaction":{"idSuffix":"inner"}},"wdio_ui5_key":"applicationmanagepartners-display-component---NewPartner--addressDetailDetailsName1"}]}
RESULT: undefined
COMMAND: POST /session/b10d6c442cc9079ac1ad267591374e01/execute/async - {"script":"<script> [776 bytes]","args":[{"enterText":"Intracompany Partner WDIO","selector":{"id":"application-managepartners-display-component---NewPartner--addressDetailDetailsName1","interaction":{"idSuffix":"inner"}},"clearTextFirst":true,"interactionType":"ENTER_TEXT"}]}
RESULT: {"script":"<script> [776 bytes]","args":[{"enterText":"Intracompany Partner WDIO","selector":{"id":"application-managepartners-display-component---NewPartner--addressDetailDetailsName1","interaction":{"idSuffix":"inner"}},"clearTextFirst":true,"interactionType":"ENTER_TEXT"}]}
COMMAND: POST /session/b10d6c442cc9079ac1ad267591374e01/execute/async - {"script":"<script> [1562 bytes]","args":[{"selector":{"id":"application-managepartners-display-component---NewPartner--addressDetailDetailsLanguage-arrow"},"wdio_ui5_key":"applicationmanagepartners-display-component---NewPartner--addressDetailDetailsLanguage-arrow"}]}
RESULT: {"script":"<script> [1562 bytes]","args":[{"selector":{"id":"application-managepartners-display-component---NewPartner--addressDetailDetailsLanguage-arrow"},"wdio_ui5_key":"applicationmanagepartners-display-component---NewPartner--addressDetailDetailsLanguage-arrow"}]}
RESULT: undefined
COMMAND: POST /session/b10d6c442cc9079ac1ad267591374e01/element - {"using":"xpath","value":"//*[@id=\"application-managepartners-display-component---NewPartner--addressDetailDetailsLanguage-arrow\"]"}
RESULT: {"using":"xpath","value":"//*[@id=\"application-managepartners-display-component---NewPartner--addressDetailDetailsLanguage-arrow\"]"}
COMMAND: POST /session/b10d6c442cc9079ac1ad267591374e01/element/f.820658ADB2B97F80F3CD4D4B07B1BD52.d.DBCC4440818DE0DFE563A44E411FD377.e.6146/click - {}
RESULT: {}
COMMAND: POST /session/b10d6c442cc9079ac1ad267591374e01/element - {"using":"xpath","value":"//span[contains(text(), \"English\")]"}
COMMAND: GET /session/b10d6c442cc9079ac1ad267591374e01/screenshot - {}
RESULT: {"using":"xpath","value":"//span[contains(text(), \"English\")]"}
COMMAND: POST /session/b10d6c442cc9079ac1ad267591374e01/element/f.820658ADB2B97F80F3CD4D4B07B1BD52.d.DBCC4440818DE0DFE563A44E411FD377.e.6147/click - {}
RESULT: {}
RESULT: {}
COMMAND: GET /session/b10d6c442cc9079ac1ad267591374e01/screenshot - {}
RESULT: {}
COMMAND: POST /session/b10d6c442cc9079ac1ad267591374e01/execute/async - {"script":"<script> [1562 bytes]","args":[{"selector":{"id":"application-managepartners-display-component---NewPartner--addressDetailDetailsCity1","interaction":{"idSuffix":"inner"}},"wdio_ui5_key":"applicationmanagepartners-display-component---NewPartner--addressDetailDetailsCity1"}]}
RESULT: {"script":"<script> [1562 bytes]","args":[{"selector":{"id":"application-managepartners-display-component---NewPartner--addressDetailDetailsCity1","interaction":{"idSuffix":"inner"}},"wdio_ui5_key":"applicationmanagepartners-display-component---NewPartner--addressDetailDetailsCity1"}]}
RESULT: undefined
COMMAND: POST /session/b10d6c442cc9079ac1ad267591374e01/execute/async - {"script":"<script> [776 bytes]","args":[{"enterText":"Rosario","selector":{"id":"application-managepartners-display-component---NewPartner--addressDetailDetailsCity1","interaction":{"idSuffix":"inner"}},"clearTextFirst":true,"interactionType":"ENTER_TEXT"}]}
RESULT: {"script":"<script> [776 bytes]","args":[{"enterText":"Rosario","selector":{"id":"application-managepartners-display-component---NewPartner--addressDetailDetailsCity1","interaction":{"idSuffix":"inner"}},"clearTextFirst":true,"interactionType":"ENTER_TEXT"}]}
COMMAND: POST /session/b10d6c442cc9079ac1ad267591374e01/execute/async - {"script":"<script> [1562 bytes]","args":[{"selector":{"id":"application-managepartners-display-component---NewPartner--addressDetailDetailsCountry-arrow"},"wdio_ui5_key":"applicationmanagepartners-display-component---NewPartner--addressDetailDetailsCountry-arrow"}]}
RESULT: {"script":"<script> [1562 bytes]","args":[{"selector":{"id":"application-managepartners-display-component---NewPartner--addressDetailDetailsCountry-arrow"},"wdio_ui5_key":"applicationmanagepartners-display-component---NewPartner--addressDetailDetailsCountry-arrow"}]}
RESULT: undefined
COMMAND: POST /session/b10d6c442cc9079ac1ad267591374e01/element - {"using":"xpath","value":"//*[@id=\"application-managepartners-display-component---NewPartner--addressDetailDetailsCountry-arrow\"]"}
RESULT: {"using":"xpath","value":"//*[@id=\"application-managepartners-display-component---NewPartner--addressDetailDetailsCountry-arrow\"]"}
COMMAND: POST /session/b10d6c442cc9079ac1ad267591374e01/element/f.820658ADB2B97F80F3CD4D4B07B1BD52.d.DBCC4440818DE0DFE563A44E411FD377.e.6133/click - {}
RESULT: {}
COMMAND: POST /session/b10d6c442cc9079ac1ad267591374e01/element - {"using":"xpath","value":"//span[contains(text(), \"Argentina\")]"}
COMMAND: GET /session/b10d6c442cc9079ac1ad267591374e01/screenshot - {}
RESULT: {"using":"xpath","value":"//span[contains(text(), \"Argentina\")]"}
COMMAND: POST /session/b10d6c442cc9079ac1ad267591374e01/element/f.820658ADB2B97F80F3CD4D4B07B1BD52.d.DBCC4440818DE0DFE563A44E411FD377.e.6149/click - {}
RESULT: {}
RESULT: {}
COMMAND: GET /session/b10d6c442cc9079ac1ad267591374e01/screenshot - {}
RESULT: {}
COMMAND: POST /session/b10d6c442cc9079ac1ad267591374e01/element - {"using":"xpath","value":"//bdi[contains(text(), \"Commercial\")]"}
RESULT: {"using":"xpath","value":"//bdi[contains(text(), \"Commercial\")]"}
COMMAND: POST /session/b10d6c442cc9079ac1ad267591374e01/element/f.820658ADB2B97F80F3CD4D4B07B1BD52.d.DBCC4440818DE0DFE563A44E411FD377.e.6150/click - {}
RESULT: {}
COMMAND: GET /session/b10d6c442cc9079ac1ad267591374e01/screenshot - {}
RESULT: {}
COMMAND: POST /session/b10d6c442cc9079ac1ad267591374e01/execute/async - {"script":"<script> [1562 bytes]","args":[{"selector":{"id":"application-managepartners-display-component---NewPartner--partnerDetailInternal-arrow"},"wdio_ui5_key":"applicationmanagepartners-display-component---NewPartner--partnerDetailInternal-arrow"}]}
RESULT: {"script":"<script> [1562 bytes]","args":[{"selector":{"id":"application-managepartners-display-component---NewPartner--partnerDetailInternal-arrow"},"wdio_ui5_key":"applicationmanagepartners-display-component---NewPartner--partnerDetailInternal-arrow"}]}
RESULT: undefined
COMMAND: POST /session/b10d6c442cc9079ac1ad267591374e01/element - {"using":"xpath","value":"//*[@id=\"application-managepartners-display-component---NewPartner--partnerDetailInternal-arrow\"]"}
RESULT: {"using":"xpath","value":"//*[@id=\"application-managepartners-display-component---NewPartner--partnerDetailInternal-arrow\"]"}
COMMAND: POST /session/b10d6c442cc9079ac1ad267591374e01/element/f.820658ADB2B97F80F3CD4D4B07B1BD52.d.DBCC4440818DE0DFE563A44E411FD377.e.6156/click - {}
RESULT: {}
COMMAND: POST /session/b10d6c442cc9079ac1ad267591374e01/element - {"using":"xpath","value":"//span[contains(text(), \"Affiliated company\")]"}
COMMAND: GET /session/b10d6c442cc9079ac1ad267591374e01/screenshot - {}
RESULT: {"using":"xpath","value":"//span[contains(text(), \"Affiliated company\")]"}
COMMAND: POST /session/b10d6c442cc9079ac1ad267591374e01/element/f.820658ADB2B97F80F3CD4D4B07B1BD52.d.DBCC4440818DE0DFE563A44E411FD377.e.6158/click - {}
RESULT: {}
RESULT: {}
COMMAND: POST /session/b10d6c442cc9079ac1ad267591374e01/execute/async - {"script":"<script> [1562 bytes]","args":[{"selector":{"id":"application-managepartners-display-component---NewPartner--partnerDetailsCurrency-arrow"},"wdio_ui5_key":"applicationmanagepartners-display-component---NewPartner--partnerDetailsCurrency-arrow"}]}
COMMAND: GET /session/b10d6c442cc9079ac1ad267591374e01/screenshot - {}
RESULT: {"script":"<script> [1562 bytes]","args":[{"selector":{"id":"application-managepartners-display-component---NewPartner--partnerDetailsCurrency-arrow"},"wdio_ui5_key":"applicationmanagepartners-display-component---NewPartner--partnerDetailsCurrency-arrow"}]}
RESULT: undefined
COMMAND: POST /session/b10d6c442cc9079ac1ad267591374e01/element - {"using":"xpath","value":"//*[@id=\"application-managepartners-display-component---NewPartner--partnerDetailsCurrency-arrow\"]"}
RESULT: {}
RESULT: {"using":"xpath","value":"//*[@id=\"application-managepartners-display-component---NewPartner--partnerDetailsCurrency-arrow\"]"}
COMMAND: POST /session/b10d6c442cc9079ac1ad267591374e01/element/f.820658ADB2B97F80F3CD4D4B07B1BD52.d.DBCC4440818DE0DFE563A44E411FD377.e.6165/click - {}
RESULT: {}
COMMAND: POST /session/b10d6c442cc9079ac1ad267591374e01/element - {"using":"xpath","value":"//span[contains(text(), \"Euro\")]"}
COMMAND: GET /session/b10d6c442cc9079ac1ad267591374e01/screenshot - {}
RESULT: {"using":"xpath","value":"//span[contains(text(), \"Euro\")]"}
COMMAND: POST /session/b10d6c442cc9079ac1ad267591374e01/element/f.820658ADB2B97F80F3CD4D4B07B1BD52.d.DBCC4440818DE0DFE563A44E411FD377.e.6166/click - {}
RESULT: {}
RESULT: {}
COMMAND: POST /session/b10d6c442cc9079ac1ad267591374e01/execute/async - {"script":"<script> [1562 bytes]","args":[{"selector":{"id":"application-managepartners-display-component---NewPartner--addressEditDetailsCostObjectCstType-arrow"},"wdio_ui5_key":"applicationmanagepartners-display-component---NewPartner--addressEditDetailsCostObjectCstType-arrow"}]}
COMMAND: GET /session/b10d6c442cc9079ac1ad267591374e01/screenshot - {}
RESULT: {"script":"<script> [1562 bytes]","args":[{"selector":{"id":"application-managepartners-display-component---NewPartner--addressEditDetailsCostObjectCstType-arrow"},"wdio_ui5_key":"applicationmanagepartners-display-component---NewPartner--addressEditDetailsCostObjectCstType-arrow"}]}
RESULT: undefined
COMMAND: POST /session/b10d6c442cc9079ac1ad267591374e01/element - {"using":"xpath","value":"//*[@id=\"application-managepartners-display-component---NewPartner--addressEditDetailsCostObjectCstType-arrow\"]"}
RESULT: {}
RESULT: {"using":"xpath","value":"//*[@id=\"application-managepartners-display-component---NewPartner--addressEditDetailsCostObjectCstType-arrow\"]"}
COMMAND: POST /session/b10d6c442cc9079ac1ad267591374e01/element/f.820658ADB2B97F80F3CD4D4B07B1BD52.d.DBCC4440818DE0DFE563A44E411FD377.e.6167/click - {}
RESULT: {}
COMMAND: POST /session/b10d6c442cc9079ac1ad267591374e01/element - {"using":"xpath","value":"//span[contains(text(), \"Cost Center\")]"}
COMMAND: GET /session/b10d6c442cc9079ac1ad267591374e01/screenshot - {}
RESULT: {"using":"xpath","value":"//span[contains(text(), \"Cost Center\")]"}
COMMAND: POST /session/b10d6c442cc9079ac1ad267591374e01/element/f.820658ADB2B97F80F3CD4D4B07B1BD52.d.DBCC4440818DE0DFE563A44E411FD377.e.6168/click - {}
RESULT: {}
RESULT: {}
COMMAND: GET /session/b10d6c442cc9079ac1ad267591374e01/screenshot - {}
RESULT: {}
COMMAND: POST /session/b10d6c442cc9079ac1ad267591374e01/element - {"using":"xpath","value":"//span[@id=\"application-managepartners-display-component---NewPartner--addressNewCostObjectCstID-vhi\"]"}
RESULT: {"using":"xpath","value":"//span[@id=\"application-managepartners-display-component---NewPartner--addressNewCostObjectCstID-vhi\"]"}
COMMAND: POST /session/b10d6c442cc9079ac1ad267591374e01/execute/sync - {"script":"<script> [8489 bytes]","args":[{"element-6066-11e4-a52e-4f735466cecf":"f.820658ADB2B97F80F3CD4D4B07B1BD52.d.DBCC4440818DE0DFE563A44E411FD377.e.6172","ELEMENT":"f.820658ADB2B97F80F3CD4D4B07B1BD52.d.DBCC4440818DE0DFE563A44E411FD377.e.6172"}]}
RESULT: {"script":"<script> [8489 bytes]","args":[{"element-6066-11e4-a52e-4f735466cecf":"f.820658ADB2B97F80F3CD4D4B07B1BD52.d.DBCC4440818DE0DFE563A44E411FD377.e.6172","ELEMENT":"f.820658ADB2B97F80F3CD4D4B07B1BD52.d.DBCC4440818DE0DFE563A44E411FD377.e.6172"}]}
COMMAND: POST /session/b10d6c442cc9079ac1ad267591374e01/execute/async - {"script":"<script> [1562 bytes]","args":[{"selector":{"id":"application-managepartners-display-component---NewPartner--addressNewCostObjectCstID-vhi"},"wdio_ui5_key":"applicationmanagepartners-display-component---NewPartner--addressNewCostObjectCstID-vhi"}]}
COMMAND: GET /session/b10d6c442cc9079ac1ad267591374e01/screenshot - {}
RESULT: {"script":"<script> [1562 bytes]","args":[{"selector":{"id":"application-managepartners-display-component---NewPartner--addressNewCostObjectCstID-vhi"},"wdio_ui5_key":"applicationmanagepartners-display-component---NewPartner--addressNewCostObjectCstID-vhi"}]}
RESULT: undefined
COMMAND: POST /session/b10d6c442cc9079ac1ad267591374e01/element - {"using":"xpath","value":"//*[@id=\"application-managepartners-display-component---NewPartner--addressNewCostObjectCstID-vhi\"]"}
RESULT: {}
RESULT: {"using":"xpath","value":"//*[@id=\"application-managepartners-display-component---NewPartner--addressNewCostObjectCstID-vhi\"]"}
COMMAND: POST /session/b10d6c442cc9079ac1ad267591374e01/element/f.820658ADB2B97F80F3CD4D4B07B1BD52.d.DBCC4440818DE0DFE563A44E411FD377.e.6172/click - {}
RESULT: {}
COMMAND: GET /session/b10d6c442cc9079ac1ad267591374e01/screenshot - {}
RESULT: {}
RESULT: undefined
COMMAND: POST /session/b10d6c442cc9079ac1ad267591374e01/execute/async - {"script":"<script> [776 bytes]","args":[{"enterText":"10001013","selector":{"controlType":"sap.m.SearchField","properties":{"placeholder":"Search"},"searchOpenDialogs":true,"interaction":{"idSuffix":"I"}},"clearTextFirst":true,"interactionType":"ENTER_TEXT"}]}
RESULT: {"script":"<script> [776 bytes]","args":[{"enterText":"10001013","selector":{"controlType":"sap.m.SearchField","properties":{"placeholder":"Search"},"searchOpenDialogs":true,"interaction":{"idSuffix":"I"}},"clearTextFirst":true,"interactionType":"ENTER_TEXT"}]}
COMMAND: POST /session/b10d6c442cc9079ac1ad267591374e01/actions - {"actions":[{"id":"action20","type":"key","parameters":{},"actions":[{"type":"keyDown","value":"î€‡"},{"type":"pause","duration":10},{"type":"keyUp","value":"î€‡"}]}]}
RESULT: {"actions":[{"id":"action20","type":"key","parameters":{},"actions":[{"type":"keyDown","value":"î€‡"},{"type":"pause","duration":10},{"type":"keyUp","value":"î€‡"}]}]}
COMMAND: GET /session/b10d6c442cc9079ac1ad267591374e01/screenshot - {}
RESULT: {}
COMMAND: POST /session/b10d6c442cc9079ac1ad267591374e01/element - {"using":"xpath","value":"//span[contains(text(), \"General Management\")]"}
RESULT: {"using":"xpath","value":"//span[contains(text(), \"General Management\")]"}
COMMAND: POST /session/b10d6c442cc9079ac1ad267591374e01/element/f.820658ADB2B97F80F3CD4D4B07B1BD52.d.DBCC4440818DE0DFE563A44E411FD377.e.6210/click - {}
RESULT: {}
COMMAND: GET /session/b10d6c442cc9079ac1ad267591374e01/screenshot - {}
RESULT: {}
COMMAND: POST /session/b10d6c442cc9079ac1ad267591374e01/element - {"using":"xpath","value":"//bdi[contains(text(), \"OK\")]"}
RESULT: {"using":"xpath","value":"//bdi[contains(text(), \"OK\")]"}
COMMAND: POST /session/b10d6c442cc9079ac1ad267591374e01/element/f.820658ADB2B97F80F3CD4D4B07B1BD52.d.DBCC4440818DE0DFE563A44E411FD377.e.6211/click - {}
RESULT: {}
COMMAND: GET /session/b10d6c442cc9079ac1ad267591374e01/screenshot - {}
RESULT: {}
COMMAND: POST /session/b10d6c442cc9079ac1ad267591374e01/element - {"using":"xpath","value":"//input[@id=\"application-managepartners-display-component---NewPartner--companyCodeComboBox-inner\"]"}
RESULT: {"using":"xpath","value":"//input[@id=\"application-managepartners-display-component---NewPartner--companyCodeComboBox-inner\"]"}
COMMAND: POST /session/b10d6c442cc9079ac1ad267591374e01/element/f.820658ADB2B97F80F3CD4D4B07B1BD52.d.DBCC4440818DE0DFE563A44E411FD377.e.6012/clear - {}
RESULT: {}
COMMAND: POST /session/b10d6c442cc9079ac1ad267591374e01/element/f.820658ADB2B97F80F3CD4D4B07B1BD52.d.DBCC4440818DE0DFE563A44E411FD377.e.6012/value - {"text":"1000"}
COMMAND: GET /session/b10d6c442cc9079ac1ad267591374e01/screenshot - {}
RESULT: {}
RESULT: {"text":"1000"}
COMMAND: GET /session/b10d6c442cc9079ac1ad267591374e01/screenshot - {}
RESULT: {}
COMMAND: POST /session/b10d6c442cc9079ac1ad267591374e01/element - {"using":"xpath","value":"//li[.//span[text()= \"1000\"]]"}
RESULT: {"using":"xpath","value":"//li[.//span[text()= \"1000\"]]"}
COMMAND: POST /session/b10d6c442cc9079ac1ad267591374e01/element/f.820658ADB2B97F80F3CD4D4B07B1BD52.d.DBCC4440818DE0DFE563A44E411FD377.e.6217/click - {}
RESULT: {}
COMMAND: GET /session/b10d6c442cc9079ac1ad267591374e01/screenshot - {}
RESULT: {}
COMMAND: POST /session/b10d6c442cc9079ac1ad267591374e01/execute/async - {"script":"<script> [1562 bytes]","args":[{"selector":{"id":"application-managepartners-display-component---NewPartner--btnAddTableRow-img"},"wdio_ui5_key":"applicationmanagepartners-display-component---NewPartner--btnAddTableRow-img"}]}
RESULT: {"script":"<script> [1562 bytes]","args":[{"selector":{"id":"application-managepartners-display-component---NewPartner--btnAddTableRow-img"},"wdio_ui5_key":"applicationmanagepartners-display-component---NewPartner--btnAddTableRow-img"}]}
RESULT: undefined
COMMAND: POST /session/b10d6c442cc9079ac1ad267591374e01/element - {"using":"xpath","value":"//*[@id=\"application-managepartners-display-component---NewPartner--btnAddTableRow-img\"]"}
RESULT: {"using":"xpath","value":"//*[@id=\"application-managepartners-display-component---NewPartner--btnAddTableRow-img\"]"}
COMMAND: POST /session/b10d6c442cc9079ac1ad267591374e01/element/f.820658ADB2B97F80F3CD4D4B07B1BD52.d.DBCC4440818DE0DFE563A44E411FD377.e.6218/click - {}
RESULT: {}
COMMAND: GET /session/b10d6c442cc9079ac1ad267591374e01/screenshot - {}
RESULT: {}
COMMAND: POST /session/b10d6c442cc9079ac1ad267591374e01/element - {"using":"xpath","value":"//input[@id=\"application-managepartners-display-component---NewPartner--assignmentYard-application-managepartners-display-component---NewPartner--assignmentsTable-0-inner\"]"}
RESULT: {"using":"xpath","value":"//input[@id=\"application-managepartners-display-component---NewPartner--assignmentYard-application-managepartners-display-component---NewPartner--assignmentsTable-0-inner\"]"}
COMMAND: POST /session/b10d6c442cc9079ac1ad267591374e01/element/f.820658ADB2B97F80F3CD4D4B07B1BD52.d.DBCC4440818DE0DFE563A44E411FD377.e.6221/clear - {}
RESULT: {}
COMMAND: POST /session/b10d6c442cc9079ac1ad267591374e01/element/f.820658ADB2B97F80F3CD4D4B07B1BD52.d.DBCC4440818DE0DFE563A44E411FD377.e.6221/value - {"text":"304"}
COMMAND: GET /session/b10d6c442cc9079ac1ad267591374e01/screenshot - {}
RESULT: {"text":"304"}
COMMAND: GET /session/b10d6c442cc9079ac1ad267591374e01/screenshot - {}
RESULT: {}
RESULT: {}
COMMAND: POST /session/b10d6c442cc9079ac1ad267591374e01/element - {"using":"xpath","value":"//li[.//span[text()='304']]"}
RESULT: {"using":"xpath","value":"//li[.//span[text()='304']]"}
COMMAND: POST /session/b10d6c442cc9079ac1ad267591374e01/element/f.820658ADB2B97F80F3CD4D4B07B1BD52.d.DBCC4440818DE0DFE563A44E411FD377.e.6230/click - {}
RESULT: {}
COMMAND: GET /session/b10d6c442cc9079ac1ad267591374e01/screenshot - {}
RESULT: {}
COMMAND: POST /session/b10d6c442cc9079ac1ad267591374e01/actions - {"actions":[{"id":"action21","type":"key","parameters":{},"actions":[{"type":"keyDown","value":"î€‡"},{"type":"pause","duration":10},{"type":"keyUp","value":"î€‡"}]}]}
RESULT: {"actions":[{"id":"action21","type":"key","parameters":{},"actions":[{"type":"keyDown","value":"î€‡"},{"type":"pause","duration":10},{"type":"keyUp","value":"î€‡"}]}]}
COMMAND: POST /session/b10d6c442cc9079ac1ad267591374e01/execute/async - {"script":"<script> [1562 bytes]","args":[{"selector":{"id":"application-managepartners-display-component---NewPartner--externalCustomerComboBox-application-managepartners-display-component---NewPartner--assignmentsTable-0-vhi"},"wdio_ui5_key":"applicationmanagepartners-display-component---NewPartner--externalCustomerComboBox-application-managepartners-display-component---NewPartner--assignmentsTable-0-vhi"}]}
COMMAND: GET /session/b10d6c442cc9079ac1ad267591374e01/screenshot - {}
RESULT: {"script":"<script> [1562 bytes]","args":[{"selector":{"id":"application-managepartners-display-component---NewPartner--externalCustomerComboBox-application-managepartners-display-component---NewPartner--assignmentsTable-0-vhi"},"wdio_ui5_key":"applicationmanagepartners-display-component---NewPartner--externalCustomerComboBox-application-managepartners-display-component---NewPartner--assignmentsTable-0-vhi"}]}
RESULT: undefined
COMMAND: POST /session/b10d6c442cc9079ac1ad267591374e01/element - {"using":"xpath","value":"//*[@id=\"application-managepartners-display-component---NewPartner--externalCustomerComboBox-application-managepartners-display-component---NewPartner--assignmentsTable-0-vhi\"]"}
RESULT: {}
RESULT: {"using":"xpath","value":"//*[@id=\"application-managepartners-display-component---NewPartner--externalCustomerComboBox-application-managepartners-display-component---NewPartner--assignmentsTable-0-vhi\"]"}
COMMAND: POST /session/b10d6c442cc9079ac1ad267591374e01/element/f.820658ADB2B97F80F3CD4D4B07B1BD52.d.DBCC4440818DE0DFE563A44E411FD377.e.6234/click - {}
RESULT: {}
RESULT: undefined
COMMAND: POST /session/b10d6c442cc9079ac1ad267591374e01/execute/async - {"script":"<script> [776 bytes]","args":[{"enterText":"300003","selector":{"controlType":"sap.m.SearchField","properties":{"placeholder":"Search"},"searchOpenDialogs":true,"interaction":{"idSuffix":"I"}},"clearTextFirst":true,"interactionType":"ENTER_TEXT"}]}
COMMAND: GET /session/b10d6c442cc9079ac1ad267591374e01/screenshot - {}
RESULT: {}
RESULT: {"script":"<script> [776 bytes]","args":[{"enterText":"300003","selector":{"controlType":"sap.m.SearchField","properties":{"placeholder":"Search"},"searchOpenDialogs":true,"interaction":{"idSuffix":"I"}},"clearTextFirst":true,"interactionType":"ENTER_TEXT"}]}
COMMAND: POST /session/b10d6c442cc9079ac1ad267591374e01/actions - {"actions":[{"id":"action22","type":"key","parameters":{},"actions":[{"type":"keyDown","value":"î€‡"},{"type":"pause","duration":10},{"type":"keyUp","value":"î€‡"}]}]}
RESULT: {"actions":[{"id":"action22","type":"key","parameters":{},"actions":[{"type":"keyDown","value":"î€‡"},{"type":"pause","duration":10},{"type":"keyUp","value":"î€‡"}]}]}
COMMAND: GET /session/b10d6c442cc9079ac1ad267591374e01/screenshot - {}
RESULT: {}
COMMAND: POST /session/b10d6c442cc9079ac1ad267591374e01/element - {"using":"xpath","value":"//span[contains(text(), \"300003\")]"}
RESULT: {"using":"xpath","value":"//span[contains(text(), \"300003\")]"}
COMMAND: POST /session/b10d6c442cc9079ac1ad267591374e01/element/f.820658ADB2B97F80F3CD4D4B07B1BD52.d.DBCC4440818DE0DFE563A44E411FD377.e.6252/click - {}
RESULT: {}
COMMAND: GET /session/b10d6c442cc9079ac1ad267591374e01/screenshot - {}
RESULT: {}
COMMAND: POST /session/b10d6c442cc9079ac1ad267591374e01/element - {"using":"xpath","value":"//bdi[contains(text(), \"OK\")]"}
RESULT: {"using":"xpath","value":"//bdi[contains(text(), \"OK\")]"}
COMMAND: POST /session/b10d6c442cc9079ac1ad267591374e01/element/f.820658ADB2B97F80F3CD4D4B07B1BD52.d.DBCC4440818DE0DFE563A44E411FD377.e.6254/click - {}
RESULT: {}
COMMAND: GET /session/b10d6c442cc9079ac1ad267591374e01/screenshot - {}
RESULT: {}
COMMAND: POST /session/b10d6c442cc9079ac1ad267591374e01/execute/async - {"script":"<script> [1562 bytes]","args":[{"selector":{"id":"application-managepartners-display-component---NewPartner--intercompVendorComboBox-application-managepartners-display-component---NewPartner--assignmentsTable-0-vhi"},"wdio_ui5_key":"applicationmanagepartners-display-component---NewPartner--intercompVendorComboBox-application-managepartners-display-component---NewPartner--assignmentsTable-0-vhi"}]}
RESULT: {"script":"<script> [1562 bytes]","args":[{"selector":{"id":"application-managepartners-display-component---NewPartner--intercompVendorComboBox-application-managepartners-display-component---NewPartner--assignmentsTable-0-vhi"},"wdio_ui5_key":"applicationmanagepartners-display-component---NewPartner--intercompVendorComboBox-application-managepartners-display-component---NewPartner--assignmentsTable-0-vhi"}]}
RESULT: undefined
COMMAND: POST /session/b10d6c442cc9079ac1ad267591374e01/element - {"using":"xpath","value":"//*[@id=\"application-managepartners-display-component---NewPartner--intercompVendorComboBox-application-managepartners-display-component---NewPartner--assignmentsTable-0-vhi\"]"}
RESULT: {"using":"xpath","value":"//*[@id=\"application-managepartners-display-component---NewPartner--intercompVendorComboBox-application-managepartners-display-component---NewPartner--assignmentsTable-0-vhi\"]"}
COMMAND: POST /session/b10d6c442cc9079ac1ad267591374e01/element/f.820658ADB2B97F80F3CD4D4B07B1BD52.d.DBCC4440818DE0DFE563A44E411FD377.e.6257/click - {}
RESULT: {}
RESULT: undefined
COMMAND: POST /session/b10d6c442cc9079ac1ad267591374e01/execute/async - {"script":"<script> [776 bytes]","args":[{"enterText":"100005","selector":{"controlType":"sap.m.SearchField","properties":{"placeholder":"Search"},"searchOpenDialogs":true,"interaction":{"idSuffix":"I"}},"clearTextFirst":true,"interactionType":"ENTER_TEXT"}]}
COMMAND: GET /session/b10d6c442cc9079ac1ad267591374e01/screenshot - {}
RESULT: {"script":"<script> [776 bytes]","args":[{"enterText":"100005","selector":{"controlType":"sap.m.SearchField","properties":{"placeholder":"Search"},"searchOpenDialogs":true,"interaction":{"idSuffix":"I"}},"clearTextFirst":true,"interactionType":"ENTER_TEXT"}]}
COMMAND: POST /session/b10d6c442cc9079ac1ad267591374e01/actions - {"actions":[{"id":"action23","type":"key","parameters":{},"actions":[{"type":"keyDown","value":"î€‡"},{"type":"pause","duration":10},{"type":"keyUp","value":"î€‡"}]}]}
RESULT: {}
RESULT: {"actions":[{"id":"action23","type":"key","parameters":{},"actions":[{"type":"keyDown","value":"î€‡"},{"type":"pause","duration":10},{"type":"keyUp","value":"î€‡"}]}]}
COMMAND: GET /session/b10d6c442cc9079ac1ad267591374e01/screenshot - {}
RESULT: {}
COMMAND: POST /session/b10d6c442cc9079ac1ad267591374e01/element - {"using":"xpath","value":"//span[contains(text(), \"Penguins - Field/12345 Berlin\")]"}
RESULT: {"using":"xpath","value":"//span[contains(text(), \"Penguins - Field/12345 Berlin\")]"}
COMMAND: POST /session/b10d6c442cc9079ac1ad267591374e01/element/f.820658ADB2B97F80F3CD4D4B07B1BD52.d.DBCC4440818DE0DFE563A44E411FD377.e.6275/click - {}
RESULT: {}
COMMAND: GET /session/b10d6c442cc9079ac1ad267591374e01/screenshot - {}
RESULT: {}
COMMAND: POST /session/b10d6c442cc9079ac1ad267591374e01/element - {"using":"xpath","value":"//bdi[contains(text(), \"OK\")]"}
RESULT: {"using":"xpath","value":"//bdi[contains(text(), \"OK\")]"}
COMMAND: POST /session/b10d6c442cc9079ac1ad267591374e01/element/f.820658ADB2B97F80F3CD4D4B07B1BD52.d.DBCC4440818DE0DFE563A44E411FD377.e.6276/click - {}
RESULT: {}
COMMAND: GET /session/b10d6c442cc9079ac1ad267591374e01/screenshot - {}
RESULT: {}
COMMAND: POST /session/b10d6c442cc9079ac1ad267591374e01/element - {"using":"xpath","value":"//button[@data-kt=\"saveButton\"]"}
RESULT: {"using":"xpath","value":"//button[@data-kt=\"saveButton\"]"}
COMMAND: POST /session/b10d6c442cc9079ac1ad267591374e01/element/f.820658ADB2B97F80F3CD4D4B07B1BD52.d.DBCC4440818DE0DFE563A44E411FD377.e.6037/click - {}
RESULT: {}
COMMAND: GET /session/b10d6c442cc9079ac1ad267591374e01/screenshot - {}
RESULT: {}
COMMAND: POST /session/b10d6c442cc9079ac1ad267591374e01/element - {"using":"xpath","value":"//header[contains(@id, 'ObjectPageLayout-headerTitle')]/div[1]/div[2]/div[2]/span[1]"}
RESULT: {"using":"xpath","value":"//header[contains(@id, 'ObjectPageLayout-headerTitle')]/div[1]/div[2]/div[2]/span[1]"}
COMMAND: POST /session/b10d6c442cc9079ac1ad267591374e01/elements - {"using":"xpath","value":"//header[contains(@id, 'ObjectPageLayout-headerTitle')]/div[1]/div[2]/div[2]/span[1]"}
RESULT: {"using":"xpath","value":"//header[contains(@id, 'ObjectPageLayout-headerTitle')]/div[1]/div[2]/div[2]/span[1]"}
COMMAND: POST /session/b10d6c442cc9079ac1ad267591374e01/execute/sync - {"script":"<script> [56 bytes]","args":[{"element-6066-11e4-a52e-4f735466cecf":"f.820658ADB2B97F80F3CD4D4B07B1BD52.d.DBCC4440818DE0DFE563A44E411FD377.e.6440","ELEMENT":"f.820658ADB2B97F80F3CD4D4B07B1BD52.d.DBCC4440818DE0DFE563A44E411FD377.e.6440"}]}
RESULT: {"script":"<script> [56 bytes]","args":[{"element-6066-11e4-a52e-4f735466cecf":"f.820658ADB2B97F80F3CD4D4B07B1BD52.d.DBCC4440818DE0DFE563A44E411FD377.e.6440","ELEMENT":"f.820658ADB2B97F80F3CD4D4B07B1BD52.d.DBCC4440818DE0DFE563A44E411FD377.e.6440"}]}
COMMAND: POST /session/b10d6c442cc9079ac1ad267591374e01/element - {"using":"css selector","value":"#shell-header-logo"}
COMMAND: GET /session/b10d6c442cc9079ac1ad267591374e01/screenshot - {}
RESULT: {"using":"css selector","value":"#shell-header-logo"}
COMMAND: POST /session/b10d6c442cc9079ac1ad267591374e01/element/f.820658ADB2B97F80F3CD4D4B07B1BD52.d.DBCC4440818DE0DFE563A44E411FD377.e.5656/click - {}
RESULT: {}
RESULT: {}
COMMAND: GET /session/b10d6c442cc9079ac1ad267591374e01/screenshot - {}
RESULT: {}
COMMAND: POST /session/b10d6c442cc9079ac1ad267591374e01/execute/sync - {"script":"<script> [299 bytes]","args":[["getModel","getResource"]]}
RESULT: {"script":"<script> [299 bytes]","args":[["getModel","getResource"]]}
COMMAND: GET /session/b10d6c442cc9079ac1ad267591374e01/screenshot - {}
]]></system-out>
    </testcase>
    <testcase classname="chrome.136_0_7103_49.windows.Billing_Transfer_-_Intracompany_US127249" name="Should create a new site" time="143.638">
      <system-out><![CDATA[
COMMAND: POST /session/b10d6c442cc9079ac1ad267591374e01/execute/async - {"script":"<script> [1562 bytes]","args":[{"selector":{"controlType":"sap.m.TileContent","bindingPath":{"path":"","propertyPath":"/properties/info"},"ancestor":{"controlType":"sap.m.GenericTile","properties":{"header":"Manage Sites"}}},"wdio_ui5_key":"sapm.TileContent{\"path\":\"\",\"propertyPath\":\"/properties/info\"}{\"controlType\":\"sap.m.GenericTile\",\"properties\":{\"header\":\"Manage Sites\"}}"}]}
RESULT: {}
RESULT: {"script":"<script> [1562 bytes]","args":[{"selector":{"controlType":"sap.m.TileContent","bindingPath":{"path":"","propertyPath":"/properties/info"},"ancestor":{"controlType":"sap.m.GenericTile","properties":{"header":"Manage Sites"}}},"wdio_ui5_key":"sapm.TileContent{\"path\":\"\",\"propertyPath\":\"/properties/info\"}{\"controlType\":\"sap.m.GenericTile\",\"properties\":{\"header\":\"Manage Sites\"}}"}]}
RESULT: undefined
COMMAND: POST /session/b10d6c442cc9079ac1ad267591374e01/element - {"using":"xpath","value":"//*[@id=\"__xmlview7--numericTileContent\"]"}
RESULT: {"using":"xpath","value":"//*[@id=\"__xmlview7--numericTileContent\"]"}
COMMAND: POST /session/b10d6c442cc9079ac1ad267591374e01/element/f.820658ADB2B97F80F3CD4D4B07B1BD52.d.DBCC4440818DE0DFE563A44E411FD377.e.6442/click - {}
RESULT: {}
COMMAND: POST /session/b10d6c442cc9079ac1ad267591374e01/element - {"using":"xpath","value":"//button[@data-kt=\"addOverflowToolbarButton\"]"}
COMMAND: GET /session/b10d6c442cc9079ac1ad267591374e01/screenshot - {}
RESULT: {"using":"xpath","value":"//button[@data-kt=\"addOverflowToolbarButton\"]"}
COMMAND: POST /session/b10d6c442cc9079ac1ad267591374e01/elements - {"using":"xpath","value":"//button[@data-kt=\"addOverflowToolbarButton\"]"}
RESULT: {}
RESULT: {"using":"xpath","value":"//button[@data-kt=\"addOverflowToolbarButton\"]"}
COMMAND: POST /session/b10d6c442cc9079ac1ad267591374e01/elements - {"using":"xpath","value":"//button[@data-kt=\"addOverflowToolbarButton\"]"}
RESULT: {"using":"xpath","value":"//button[@data-kt=\"addOverflowToolbarButton\"]"}
COMMAND: POST /session/b10d6c442cc9079ac1ad267591374e01/element - {"using":"xpath","value":"//button[@data-kt=\"addOverflowToolbarButton\"]"}
RESULT: {"using":"xpath","value":"//button[@data-kt=\"addOverflowToolbarButton\"]"}
COMMAND: POST /session/b10d6c442cc9079ac1ad267591374e01/execute/sync - {"script":"<script> [8489 bytes]","args":[{"element-6066-11e4-a52e-4f735466cecf":"f.820658ADB2B97F80F3CD4D4B07B1BD52.d.DBCC4440818DE0DFE563A44E411FD377.e.6487","ELEMENT":"f.820658ADB2B97F80F3CD4D4B07B1BD52.d.DBCC4440818DE0DFE563A44E411FD377.e.6487"}]}
RESULT: {"script":"<script> [8489 bytes]","args":[{"element-6066-11e4-a52e-4f735466cecf":"f.820658ADB2B97F80F3CD4D4B07B1BD52.d.DBCC4440818DE0DFE563A44E411FD377.e.6487","ELEMENT":"f.820658ADB2B97F80F3CD4D4B07B1BD52.d.DBCC4440818DE0DFE563A44E411FD377.e.6487"}]}
COMMAND: GET /session/b10d6c442cc9079ac1ad267591374e01/element/f.820658ADB2B97F80F3CD4D4B07B1BD52.d.DBCC4440818DE0DFE563A44E411FD377.e.6487/enabled - {}
COMMAND: GET /session/b10d6c442cc9079ac1ad267591374e01/screenshot - {}
RESULT: {}
COMMAND: POST /session/b10d6c442cc9079ac1ad267591374e01/execute/sync - {"script":"<script> [8489 bytes]","args":[{"element-6066-11e4-a52e-4f735466cecf":"f.820658ADB2B97F80F3CD4D4B07B1BD52.d.DBCC4440818DE0DFE563A44E411FD377.e.6487","ELEMENT":"f.820658ADB2B97F80F3CD4D4B07B1BD52.d.DBCC4440818DE0DFE563A44E411FD377.e.6487"}]}
COMMAND: GET /session/b10d6c442cc9079ac1ad267591374e01/screenshot - {}
RESULT: {}
RESULT: {"script":"<script> [8489 bytes]","args":[{"element-6066-11e4-a52e-4f735466cecf":"f.820658ADB2B97F80F3CD4D4B07B1BD52.d.DBCC4440818DE0DFE563A44E411FD377.e.6487","ELEMENT":"f.820658ADB2B97F80F3CD4D4B07B1BD52.d.DBCC4440818DE0DFE563A44E411FD377.e.6487"}]}
COMMAND: POST /session/b10d6c442cc9079ac1ad267591374e01/execute/sync - {"script":"<script> [5351 bytes]","args":[{"element-6066-11e4-a52e-4f735466cecf":"f.820658ADB2B97F80F3CD4D4B07B1BD52.d.DBCC4440818DE0DFE563A44E411FD377.e.6487","ELEMENT":"f.820658ADB2B97F80F3CD4D4B07B1BD52.d.DBCC4440818DE0DFE563A44E411FD377.e.6487"}]}
COMMAND: GET /session/b10d6c442cc9079ac1ad267591374e01/screenshot - {}
RESULT: {}
RESULT: {"script":"<script> [5351 bytes]","args":[{"element-6066-11e4-a52e-4f735466cecf":"f.820658ADB2B97F80F3CD4D4B07B1BD52.d.DBCC4440818DE0DFE563A44E411FD377.e.6487","ELEMENT":"f.820658ADB2B97F80F3CD4D4B07B1BD52.d.DBCC4440818DE0DFE563A44E411FD377.e.6487"}]}
COMMAND: POST /session/b10d6c442cc9079ac1ad267591374e01/element/f.820658ADB2B97F80F3CD4D4B07B1BD52.d.DBCC4440818DE0DFE563A44E411FD377.e.6487/click - {}
COMMAND: GET /session/b10d6c442cc9079ac1ad267591374e01/screenshot - {}
RESULT: {}
RESULT: {}
COMMAND: GET /session/b10d6c442cc9079ac1ad267591374e01/screenshot - {}
RESULT: {}
RESULT: {}
COMMAND: POST /session/b10d6c442cc9079ac1ad267591374e01/element - {"using":"xpath","value":"//input[@id=\"application-managesites-display-component---NewSite--siteId-inner\"]"}
RESULT: {"using":"xpath","value":"//input[@id=\"application-managesites-display-component---NewSite--siteId-inner\"]"}
COMMAND: POST /session/b10d6c442cc9079ac1ad267591374e01/element - {"using":"xpath","value":"//input[@id=\"application-managesites-display-component---NewSite--siteId-inner\"]"}
RESULT: {"using":"xpath","value":"//input[@id=\"application-managesites-display-component---NewSite--siteId-inner\"]"}
COMMAND: POST /session/b10d6c442cc9079ac1ad267591374e01/execute/async - {"script":"<script> [1562 bytes]","args":[{"selector":{"id":"application-managesites-display-component---NewSite--addressDetailDetailsName1","interaction":{"idSuffix":"inner"}},"wdio_ui5_key":"applicationmanagesites-display-component---NewSite--addressDetailDetailsName1"}]}
RESULT: {"script":"<script> [1562 bytes]","args":[{"selector":{"id":"application-managesites-display-component---NewSite--addressDetailDetailsName1","interaction":{"idSuffix":"inner"}},"wdio_ui5_key":"applicationmanagesites-display-component---NewSite--addressDetailDetailsName1"}]}
RESULT: undefined
COMMAND: POST /session/b10d6c442cc9079ac1ad267591374e01/execute/async - {"script":"<script> [776 bytes]","args":[{"enterText":"Intracompany Site wdIO","selector":{"id":"application-managesites-display-component---NewSite--addressDetailDetailsName1","interaction":{"idSuffix":"inner"}},"clearTextFirst":true,"interactionType":"ENTER_TEXT"}]}
RESULT: {"script":"<script> [776 bytes]","args":[{"enterText":"Intracompany Site wdIO","selector":{"id":"application-managesites-display-component---NewSite--addressDetailDetailsName1","interaction":{"idSuffix":"inner"}},"clearTextFirst":true,"interactionType":"ENTER_TEXT"}]}
COMMAND: POST /session/b10d6c442cc9079ac1ad267591374e01/execute/async - {"script":"<script> [1562 bytes]","args":[{"selector":{"id":"application-managesites-display-component---NewSite--addressDetailDetailsLanguage-arrow"},"wdio_ui5_key":"applicationmanagesites-display-component---NewSite--addressDetailDetailsLanguage-arrow"}]}
RESULT: {"script":"<script> [1562 bytes]","args":[{"selector":{"id":"application-managesites-display-component---NewSite--addressDetailDetailsLanguage-arrow"},"wdio_ui5_key":"applicationmanagesites-display-component---NewSite--addressDetailDetailsLanguage-arrow"}]}
RESULT: undefined
COMMAND: POST /session/b10d6c442cc9079ac1ad267591374e01/element - {"using":"xpath","value":"//*[@id=\"application-managesites-display-component---NewSite--addressDetailDetailsLanguage-arrow\"]"}
RESULT: {"using":"xpath","value":"//*[@id=\"application-managesites-display-component---NewSite--addressDetailDetailsLanguage-arrow\"]"}
COMMAND: POST /session/b10d6c442cc9079ac1ad267591374e01/element/f.820658ADB2B97F80F3CD4D4B07B1BD52.d.DBCC4440818DE0DFE563A44E411FD377.e.6895/click - {}
RESULT: {}
COMMAND: POST /session/b10d6c442cc9079ac1ad267591374e01/element - {"using":"xpath","value":"//span[contains(text(), \"English\")]"}
COMMAND: GET /session/b10d6c442cc9079ac1ad267591374e01/screenshot - {}
RESULT: {"using":"xpath","value":"//span[contains(text(), \"English\")]"}
COMMAND: POST /session/b10d6c442cc9079ac1ad267591374e01/element/f.820658ADB2B97F80F3CD4D4B07B1BD52.d.DBCC4440818DE0DFE563A44E411FD377.e.6896/click - {}
RESULT: {}
RESULT: {}
COMMAND: POST /session/b10d6c442cc9079ac1ad267591374e01/execute/async - {"script":"<script> [1562 bytes]","args":[{"selector":{"id":"application-managesites-display-component---NewSite--addressDetailDetailsCity1","interaction":{"idSuffix":"inner"}},"wdio_ui5_key":"applicationmanagesites-display-component---NewSite--addressDetailDetailsCity1"}]}
COMMAND: GET /session/b10d6c442cc9079ac1ad267591374e01/screenshot - {}
RESULT: {"script":"<script> [1562 bytes]","args":[{"selector":{"id":"application-managesites-display-component---NewSite--addressDetailDetailsCity1","interaction":{"idSuffix":"inner"}},"wdio_ui5_key":"applicationmanagesites-display-component---NewSite--addressDetailDetailsCity1"}]}
RESULT: undefined
COMMAND: POST /session/b10d6c442cc9079ac1ad267591374e01/execute/async - {"script":"<script> [776 bytes]","args":[{"enterText":"Rosario","selector":{"id":"application-managesites-display-component---NewSite--addressDetailDetailsCity1","interaction":{"idSuffix":"inner"}},"clearTextFirst":true,"interactionType":"ENTER_TEXT"}]}
RESULT: {}
RESULT: {"script":"<script> [776 bytes]","args":[{"enterText":"Rosario","selector":{"id":"application-managesites-display-component---NewSite--addressDetailDetailsCity1","interaction":{"idSuffix":"inner"}},"clearTextFirst":true,"interactionType":"ENTER_TEXT"}]}
COMMAND: POST /session/b10d6c442cc9079ac1ad267591374e01/execute/async - {"script":"<script> [1562 bytes]","args":[{"selector":{"id":"application-managesites-display-component---NewSite--addressDetailDetailsCountry-arrow"},"wdio_ui5_key":"applicationmanagesites-display-component---NewSite--addressDetailDetailsCountry-arrow"}]}
RESULT: {"script":"<script> [1562 bytes]","args":[{"selector":{"id":"application-managesites-display-component---NewSite--addressDetailDetailsCountry-arrow"},"wdio_ui5_key":"applicationmanagesites-display-component---NewSite--addressDetailDetailsCountry-arrow"}]}
RESULT: undefined
COMMAND: POST /session/b10d6c442cc9079ac1ad267591374e01/element - {"using":"xpath","value":"//*[@id=\"application-managesites-display-component---NewSite--addressDetailDetailsCountry-arrow\"]"}
RESULT: {"using":"xpath","value":"//*[@id=\"application-managesites-display-component---NewSite--addressDetailDetailsCountry-arrow\"]"}
COMMAND: POST /session/b10d6c442cc9079ac1ad267591374e01/element/f.820658ADB2B97F80F3CD4D4B07B1BD52.d.DBCC4440818DE0DFE563A44E411FD377.e.6898/click - {}
RESULT: {}
COMMAND: POST /session/b10d6c442cc9079ac1ad267591374e01/element - {"using":"xpath","value":"//span[contains(text(), \"Argentina\")]"}
COMMAND: GET /session/b10d6c442cc9079ac1ad267591374e01/screenshot - {}
RESULT: {"using":"xpath","value":"//span[contains(text(), \"Argentina\")]"}
COMMAND: POST /session/b10d6c442cc9079ac1ad267591374e01/element/f.820658ADB2B97F80F3CD4D4B07B1BD52.d.DBCC4440818DE0DFE563A44E411FD377.e.6899/click - {}
RESULT: {}
RESULT: {}
COMMAND: GET /session/b10d6c442cc9079ac1ad267591374e01/screenshot - {}
RESULT: {}
COMMAND: POST /session/b10d6c442cc9079ac1ad267591374e01/execute/async - {"script":"<script> [1562 bytes]","args":[{"selector":{"id":"application-managesites-display-component---NewSite--addressEditDetailsCostObjectCstType-arrow"},"wdio_ui5_key":"applicationmanagesites-display-component---NewSite--addressEditDetailsCostObjectCstType-arrow"}]}
RESULT: {"script":"<script> [1562 bytes]","args":[{"selector":{"id":"application-managesites-display-component---NewSite--addressEditDetailsCostObjectCstType-arrow"},"wdio_ui5_key":"applicationmanagesites-display-component---NewSite--addressEditDetailsCostObjectCstType-arrow"}]}
RESULT: undefined
COMMAND: POST /session/b10d6c442cc9079ac1ad267591374e01/element - {"using":"xpath","value":"//*[@id=\"application-managesites-display-component---NewSite--addressEditDetailsCostObjectCstType-arrow\"]"}
RESULT: {"using":"xpath","value":"//*[@id=\"application-managesites-display-component---NewSite--addressEditDetailsCostObjectCstType-arrow\"]"}
COMMAND: POST /session/b10d6c442cc9079ac1ad267591374e01/element/f.820658ADB2B97F80F3CD4D4B07B1BD52.d.DBCC4440818DE0DFE563A44E411FD377.e.6901/click - {}
RESULT: {}
COMMAND: POST /session/b10d6c442cc9079ac1ad267591374e01/element - {"using":"xpath","value":"//span[contains(text(), \"Cost Center\")]"}
COMMAND: GET /session/b10d6c442cc9079ac1ad267591374e01/screenshot - {}
RESULT: {"using":"xpath","value":"//span[contains(text(), \"Cost Center\")]"}
COMMAND: POST /session/b10d6c442cc9079ac1ad267591374e01/element/f.820658ADB2B97F80F3CD4D4B07B1BD52.d.DBCC4440818DE0DFE563A44E411FD377.e.6902/click - {}
RESULT: {}
RESULT: {}
COMMAND: GET /session/b10d6c442cc9079ac1ad267591374e01/screenshot - {}
RESULT: {}
COMMAND: POST /session/b10d6c442cc9079ac1ad267591374e01/element - {"using":"xpath","value":"//span[@id=\"application-managesites-display-component---NewSite--addressNewCostObjectCstID-vhi\"]"}
RESULT: {"using":"xpath","value":"//span[@id=\"application-managesites-display-component---NewSite--addressNewCostObjectCstID-vhi\"]"}
COMMAND: POST /session/b10d6c442cc9079ac1ad267591374e01/execute/sync - {"script":"<script> [8489 bytes]","args":[{"element-6066-11e4-a52e-4f735466cecf":"f.820658ADB2B97F80F3CD4D4B07B1BD52.d.DBCC4440818DE0DFE563A44E411FD377.e.6907","ELEMENT":"f.820658ADB2B97F80F3CD4D4B07B1BD52.d.DBCC4440818DE0DFE563A44E411FD377.e.6907"}]}
RESULT: {"script":"<script> [8489 bytes]","args":[{"element-6066-11e4-a52e-4f735466cecf":"f.820658ADB2B97F80F3CD4D4B07B1BD52.d.DBCC4440818DE0DFE563A44E411FD377.e.6907","ELEMENT":"f.820658ADB2B97F80F3CD4D4B07B1BD52.d.DBCC4440818DE0DFE563A44E411FD377.e.6907"}]}
COMMAND: POST /session/b10d6c442cc9079ac1ad267591374e01/execute/async - {"script":"<script> [1562 bytes]","args":[{"selector":{"id":"application-managesites-display-component---NewSite--addressNewCostObjectCstID-vhi"},"wdio_ui5_key":"applicationmanagesites-display-component---NewSite--addressNewCostObjectCstID-vhi"}]}
COMMAND: GET /session/b10d6c442cc9079ac1ad267591374e01/screenshot - {}
RESULT: {"script":"<script> [1562 bytes]","args":[{"selector":{"id":"application-managesites-display-component---NewSite--addressNewCostObjectCstID-vhi"},"wdio_ui5_key":"applicationmanagesites-display-component---NewSite--addressNewCostObjectCstID-vhi"}]}
RESULT: undefined
COMMAND: POST /session/b10d6c442cc9079ac1ad267591374e01/element - {"using":"xpath","value":"//*[@id=\"application-managesites-display-component---NewSite--addressNewCostObjectCstID-vhi\"]"}
RESULT: {}
RESULT: {"using":"xpath","value":"//*[@id=\"application-managesites-display-component---NewSite--addressNewCostObjectCstID-vhi\"]"}
COMMAND: POST /session/b10d6c442cc9079ac1ad267591374e01/element/f.820658ADB2B97F80F3CD4D4B07B1BD52.d.DBCC4440818DE0DFE563A44E411FD377.e.6907/click - {}
RESULT: {}
COMMAND: GET /session/b10d6c442cc9079ac1ad267591374e01/screenshot - {}
RESULT: {}
RESULT: undefined
COMMAND: POST /session/b10d6c442cc9079ac1ad267591374e01/execute/async - {"script":"<script> [776 bytes]","args":[{"enterText":"10001013","selector":{"controlType":"sap.m.SearchField","properties":{"placeholder":"Search"},"searchOpenDialogs":true,"interaction":{"idSuffix":"I"}},"clearTextFirst":true,"interactionType":"ENTER_TEXT"}]}
RESULT: {"script":"<script> [776 bytes]","args":[{"enterText":"10001013","selector":{"controlType":"sap.m.SearchField","properties":{"placeholder":"Search"},"searchOpenDialogs":true,"interaction":{"idSuffix":"I"}},"clearTextFirst":true,"interactionType":"ENTER_TEXT"}]}
COMMAND: POST /session/b10d6c442cc9079ac1ad267591374e01/actions - {"actions":[{"id":"action24","type":"key","parameters":{},"actions":[{"type":"keyDown","value":"î€‡"},{"type":"pause","duration":10},{"type":"keyUp","value":"î€‡"}]}]}
RESULT: {"actions":[{"id":"action24","type":"key","parameters":{},"actions":[{"type":"keyDown","value":"î€‡"},{"type":"pause","duration":10},{"type":"keyUp","value":"î€‡"}]}]}
COMMAND: GET /session/b10d6c442cc9079ac1ad267591374e01/screenshot - {}
RESULT: {}
COMMAND: POST /session/b10d6c442cc9079ac1ad267591374e01/element - {"using":"xpath","value":"//span[contains(text(), \"General Management\")]"}
RESULT: {"using":"xpath","value":"//span[contains(text(), \"General Management\")]"}
COMMAND: POST /session/b10d6c442cc9079ac1ad267591374e01/element/f.820658ADB2B97F80F3CD4D4B07B1BD52.d.DBCC4440818DE0DFE563A44E411FD377.e.6947/click - {}
RESULT: {}
COMMAND: GET /session/b10d6c442cc9079ac1ad267591374e01/screenshot - {}
RESULT: {}
COMMAND: POST /session/b10d6c442cc9079ac1ad267591374e01/element - {"using":"xpath","value":"//bdi[contains(text(), \"OK\")]"}
RESULT: {"using":"xpath","value":"//bdi[contains(text(), \"OK\")]"}
COMMAND: POST /session/b10d6c442cc9079ac1ad267591374e01/element/f.820658ADB2B97F80F3CD4D4B07B1BD52.d.DBCC4440818DE0DFE563A44E411FD377.e.6948/click - {}
RESULT: {}
COMMAND: GET /session/b10d6c442cc9079ac1ad267591374e01/screenshot - {}
RESULT: {}
COMMAND: POST /session/b10d6c442cc9079ac1ad267591374e01/element - {"using":"xpath","value":"//input[@id=\"application-managesites-display-component---NewSite--addressDetailDetailsCalendar-inner\"]"}
RESULT: {"using":"xpath","value":"//input[@id=\"application-managesites-display-component---NewSite--addressDetailDetailsCalendar-inner\"]"}
COMMAND: POST /session/b10d6c442cc9079ac1ad267591374e01/element/f.820658ADB2B97F80F3CD4D4B07B1BD52.d.DBCC4440818DE0DFE563A44E411FD377.e.6691/clear - {}
RESULT: {}
COMMAND: POST /session/b10d6c442cc9079ac1ad267591374e01/element/f.820658ADB2B97F80F3CD4D4B07B1BD52.d.DBCC4440818DE0DFE563A44E411FD377.e.6691/value - {"text":"Unit"}
COMMAND: GET /session/b10d6c442cc9079ac1ad267591374e01/screenshot - {}
RESULT: {"text":"Unit"}
COMMAND: GET /session/b10d6c442cc9079ac1ad267591374e01/screenshot - {}
RESULT: {}
RESULT: {}
COMMAND: POST /session/b10d6c442cc9079ac1ad267591374e01/actions - {"actions":[{"id":"action25","type":"key","parameters":{},"actions":[{"type":"keyDown","value":"î€‡"},{"type":"pause","duration":10},{"type":"keyUp","value":"î€‡"}]}]}
RESULT: {"actions":[{"id":"action25","type":"key","parameters":{},"actions":[{"type":"keyDown","value":"î€‡"},{"type":"pause","duration":10},{"type":"keyUp","value":"î€‡"}]}]}
COMMAND: POST /session/b10d6c442cc9079ac1ad267591374e01/element - {"using":"xpath","value":"//input[@id=\"application-managesites-display-component---NewSite--addressDetailDetailsYard-inner\"]"}
COMMAND: GET /session/b10d6c442cc9079ac1ad267591374e01/screenshot - {}
RESULT: {"using":"xpath","value":"//input[@id=\"application-managesites-display-component---NewSite--addressDetailDetailsYard-inner\"]"}
COMMAND: POST /session/b10d6c442cc9079ac1ad267591374e01/element/f.820658ADB2B97F80F3CD4D4B07B1BD52.d.DBCC4440818DE0DFE563A44E411FD377.e.6692/clear - {}
RESULT: {}
RESULT: {}
COMMAND: POST /session/b10d6c442cc9079ac1ad267591374e01/element/f.820658ADB2B97F80F3CD4D4B07B1BD52.d.DBCC4440818DE0DFE563A44E411FD377.e.6692/value - {"text":"304"}
COMMAND: GET /session/b10d6c442cc9079ac1ad267591374e01/screenshot - {}
RESULT: {"text":"304"}
COMMAND: GET /session/b10d6c442cc9079ac1ad267591374e01/screenshot - {}
RESULT: {}
RESULT: {}
COMMAND: POST /session/b10d6c442cc9079ac1ad267591374e01/element - {"using":"xpath","value":"//li[.//span[text()='304']]"}
RESULT: {"using":"xpath","value":"//li[.//span[text()='304']]"}
COMMAND: POST /session/b10d6c442cc9079ac1ad267591374e01/element/f.820658ADB2B97F80F3CD4D4B07B1BD52.d.DBCC4440818DE0DFE563A44E411FD377.e.6956/click - {}
RESULT: {}
COMMAND: GET /session/b10d6c442cc9079ac1ad267591374e01/screenshot - {}
RESULT: {}
COMMAND: POST /session/b10d6c442cc9079ac1ad267591374e01/element - {"using":"xpath","value":"//input[@id=\"application-managesites-display-component---NewSite--addressDetailDetailsPartner-inner\"]"}
RESULT: {"using":"xpath","value":"//input[@id=\"application-managesites-display-component---NewSite--addressDetailDetailsPartner-inner\"]"}
COMMAND: POST /session/b10d6c442cc9079ac1ad267591374e01/element - {"using":"xpath","value":"//input[@id=\"application-managesites-display-component---NewSite--addressDetailDetailsPartner-inner\"]"}
RESULT: {"using":"xpath","value":"//input[@id=\"application-managesites-display-component---NewSite--addressDetailDetailsPartner-inner\"]"}
COMMAND: POST /session/b10d6c442cc9079ac1ad267591374e01/element - {"using":"xpath","value":"//button[@data-kt=\"saveButton\"]"}
RESULT: {"using":"xpath","value":"//button[@data-kt=\"saveButton\"]"}
COMMAND: POST /session/b10d6c442cc9079ac1ad267591374e01/element/f.820658ADB2B97F80F3CD4D4B07B1BD52.d.DBCC4440818DE0DFE563A44E411FD377.e.6832/click - {}
RESULT: {}
COMMAND: GET /session/b10d6c442cc9079ac1ad267591374e01/screenshot - {}
RESULT: {}
COMMAND: POST /session/b10d6c442cc9079ac1ad267591374e01/element - {"using":"xpath","value":"//header[contains(@id, 'ObjectPageLayout-headerTitle')]/div[1]/div[2]/div[2]/span[1]"}
RESULT: {"using":"xpath","value":"//header[contains(@id, 'ObjectPageLayout-headerTitle')]/div[1]/div[2]/div[2]/span[1]"}
COMMAND: POST /session/b10d6c442cc9079ac1ad267591374e01/elements - {"using":"xpath","value":"//header[contains(@id, 'ObjectPageLayout-headerTitle')]/div[1]/div[2]/div[2]/span[1]"}
RESULT: {"using":"xpath","value":"//header[contains(@id, 'ObjectPageLayout-headerTitle')]/div[1]/div[2]/div[2]/span[1]"}
COMMAND: POST /session/b10d6c442cc9079ac1ad267591374e01/execute/sync - {"script":"<script> [56 bytes]","args":[{"element-6066-11e4-a52e-4f735466cecf":"f.820658ADB2B97F80F3CD4D4B07B1BD52.d.DBCC4440818DE0DFE563A44E411FD377.e.7160","ELEMENT":"f.820658ADB2B97F80F3CD4D4B07B1BD52.d.DBCC4440818DE0DFE563A44E411FD377.e.7160"}]}
RESULT: {"script":"<script> [56 bytes]","args":[{"element-6066-11e4-a52e-4f735466cecf":"f.820658ADB2B97F80F3CD4D4B07B1BD52.d.DBCC4440818DE0DFE563A44E411FD377.e.7160","ELEMENT":"f.820658ADB2B97F80F3CD4D4B07B1BD52.d.DBCC4440818DE0DFE563A44E411FD377.e.7160"}]}
COMMAND: POST /session/b10d6c442cc9079ac1ad267591374e01/element - {"using":"css selector","value":"#shell-header-logo"}
COMMAND: GET /session/b10d6c442cc9079ac1ad267591374e01/screenshot - {}
RESULT: {"using":"css selector","value":"#shell-header-logo"}
COMMAND: POST /session/b10d6c442cc9079ac1ad267591374e01/element/f.820658ADB2B97F80F3CD4D4B07B1BD52.d.DBCC4440818DE0DFE563A44E411FD377.e.6454/click - {}
RESULT: {}
RESULT: {}
COMMAND: GET /session/b10d6c442cc9079ac1ad267591374e01/screenshot - {}
RESULT: {}
COMMAND: POST /session/b10d6c442cc9079ac1ad267591374e01/execute/sync - {"script":"<script> [299 bytes]","args":[["getModel","getResource"]]}
RESULT: {"script":"<script> [299 bytes]","args":[["getModel","getResource"]]}
COMMAND: POST /session/b10d6c442cc9079ac1ad267591374e01/actions - {"actions":[{"id":"action26","type":"key","parameters":{},"actions":[{"type":"keyDown","value":"î€‡"},{"type":"pause","duration":10},{"type":"keyUp","value":"î€‡"}]}]}
COMMAND: GET /session/b10d6c442cc9079ac1ad267591374e01/screenshot - {}
RESULT: {"actions":[{"id":"action26","type":"key","parameters":{},"actions":[{"type":"keyDown","value":"î€‡"},{"type":"pause","duration":10},{"type":"keyUp","value":"î€‡"}]}]}
COMMAND: GET /session/b10d6c442cc9079ac1ad267591374e01/screenshot - {}
RESULT: {}
RESULT: {}
COMMAND: POST /session/b10d6c442cc9079ac1ad267591374e01/refresh - {}
RESULT: {}
COMMAND: GET /session/b10d6c442cc9079ac1ad267591374e01/screenshot - {}
RESULT: {}
COMMAND: POST /session/b10d6c442cc9079ac1ad267591374e01/refresh - {}
RESULT: {}
COMMAND: GET /session/b10d6c442cc9079ac1ad267591374e01/screenshot - {}
RESULT: {}
COMMAND: POST /session/b10d6c442cc9079ac1ad267591374e01/window/fullscreen - {}
RESULT: {}
COMMAND: POST /session/b10d6c442cc9079ac1ad267591374e01/execute/async - {"script":"<script> [189 bytes]","args":[]}
RESULT: {"script":"<script> [189 bytes]","args":[]}
COMMAND: POST /session/b10d6c442cc9079ac1ad267591374e01/execute/async - {"script":"<script> [123 bytes]","args":[]}
RESULT: {"script":"<script> [123 bytes]","args":[]}
COMMAND: POST /session/b10d6c442cc9079ac1ad267591374e01/timeouts - {"script":"<number>"}
RESULT: {"script":"<number>"}
COMMAND: GET /session/b10d6c442cc9079ac1ad267591374e01/timeouts - {}
RESULT: {}
RESULT: undefined
COMMAND: POST /session/b10d6c442cc9079ac1ad267591374e01/execute/async - {"script":"<script> [2676 bytes]","args":[]}
RESULT: {"script":"<script> [2676 bytes]","args":[]}
COMMAND: POST /session/b10d6c442cc9079ac1ad267591374e01/execute/async - {"script":"<script> [2342 bytes]","args":[{"protocol":"http","hostname":"0.0.0.0","path":"/","capabilities":{"browserName":"chrome","goog:chromeOptions":{"binary":"C:\\Program Files\\Google\\Chrome\\Application\\chrome.exe","args":["--start-maximized"]}},"logLevel":"warn","connectionRetryTimeout":120000,"connectionRetryCount":3,"logLevels":{},"enableDirectConnect":true,"strictSSL":true,"_":"65 more keys: [\"cacheDir\",\"port\",\"requestedCapabilities\",\"automationProtocol\",\"baseUrl\",\"waitforInterval\",\"waitforTimeout\",\"onReload\",\"beforeCommand\",\"afterCommand\",\"rootDir\",\"specs\",\"suites\",\"exclude\",\"groupLogsByTestSpec\",\"excludeDriverLogs\",\"bail\",\"framework\",\"reporters\",\"services\",\"maxInstances\",\"maxInstancesPerCapability\",\"injectGlobals\",\"filesToWatch\",\"execArgv\",\"runnerEnv\",\"runner\",\"shard\",\"specFileRetries\",\"specFileRetriesDelay\",\"specFileRetriesDeferred\",\"reporterSyncInterval\",\"reporterSyncTimeout\",\"cucumberFeaturesWithLineNumbers\",\"autoCompileOpts\",\"mochaOpts\",\"jasmineOpts\",\"cucumberOpts\",\"onPrepare\",\"onWorkerStart\",\"onWorkerEnd\",\"before\",\"beforeSession\",\"beforeSuite\",\"beforeHook\",\"beforeTest\",\"afterTest\",\"afterHook\",\"afterSuite\",\"afterSession\",\"after\",\"onComplete\",\"beforeAssertion\",\"afterAssertion\",\"beforeFeature\",\"beforeScenario\",\"beforeStep\",\"afterStep\",\"afterScenario\",\"afterFeature\",\"_\",\"suite\",\"$0\",\"ignoredWorkerServices\",\"wdi5\"]"}]}
RESULT: {"script":"<script> [2342 bytes]","args":[{"protocol":"http","hostname":"0.0.0.0","path":"/","capabilities":{"browserName":"chrome","goog:chromeOptions":{"binary":"C:\\Program Files\\Google\\Chrome\\Application\\chrome.exe","args":["--start-maximized"]}},"logLevel":"warn","connectionRetryTimeout":120000,"connectionRetryCount":3,"logLevels":{},"enableDirectConnect":true,"strictSSL":true,"_":"65 more keys: [\"cacheDir\",\"port\",\"requestedCapabilities\",\"automationProtocol\",\"baseUrl\",\"waitforInterval\",\"waitforTimeout\",\"onReload\",\"beforeCommand\",\"afterCommand\",\"rootDir\",\"specs\",\"suites\",\"exclude\",\"groupLogsByTestSpec\",\"excludeDriverLogs\",\"bail\",\"framework\",\"reporters\",\"services\",\"maxInstances\",\"maxInstancesPerCapability\",\"injectGlobals\",\"filesToWatch\",\"execArgv\",\"runnerEnv\",\"runner\",\"shard\",\"specFileRetries\",\"specFileRetriesDelay\",\"specFileRetriesDeferred\",\"reporterSyncInterval\",\"reporterSyncTimeout\",\"cucumberFeaturesWithLineNumbers\",\"autoCompileOpts\",\"mochaOpts\",\"jasmineOpts\",\"cucumberOpts\",\"onPrepare\",\"onWorkerStart\",\"onWorkerEnd\",\"before\",\"beforeSession\",\"beforeSuite\",\"beforeHook\",\"beforeTest\",\"afterTest\",\"afterHook\",\"afterSuite\",\"afterSession\",\"after\",\"onComplete\",\"beforeAssertion\",\"afterAssertion\",\"beforeFeature\",\"beforeScenario\",\"beforeStep\",\"afterStep\",\"afterScenario\",\"afterFeature\",\"_\",\"suite\",\"$0\",\"ignoredWorkerServices\",\"wdi5\"]"}]}
COMMAND: POST /session/b10d6c442cc9079ac1ad267591374e01/execute/async - {"script":"<script> [21126 bytes]","args":[35000]}
RESULT: {"script":"<script> [21126 bytes]","args":[35000]}
COMMAND: POST /session/b10d6c442cc9079ac1ad267591374e01/window/fullscreen - {}
RESULT: {}
]]></system-out>
    </testcase>
    <testcase classname="chrome.136_0_7103_49.windows.Billing_Transfer_-_Intracompany_US127249" name="Should create a new equipment" time="121.987">
      <system-out><![CDATA[
COMMAND: POST /session/b10d6c442cc9079ac1ad267591374e01/execute/async - {"script":"<script> [1562 bytes]","args":[{"selector":{"controlType":"sap.m.GenericTile","properties":{"header":"Manage Resources"}},"wdio_ui5_key":"sapm.GenericTile{\"header\":\"Manage Resources\"}"}]}
RESULT: {"script":"<script> [1562 bytes]","args":[{"selector":{"controlType":"sap.m.GenericTile","properties":{"header":"Manage Resources"}},"wdio_ui5_key":"sapm.GenericTile{\"header\":\"Manage Resources\"}"}]}
RESULT: undefined
COMMAND: POST /session/b10d6c442cc9079ac1ad267591374e01/element - {"using":"xpath","value":"//*[@id=\"__tile31\"]"}
RESULT: {"using":"xpath","value":"//*[@id=\"__tile31\"]"}
COMMAND: POST /session/b10d6c442cc9079ac1ad267591374e01/element/f.820658ADB2B97F80F3CD4D4B07B1BD52.d.818FB7D860247C5210E532755453E908.e.7228/click - {}
RESULT: {}
COMMAND: POST /session/b10d6c442cc9079ac1ad267591374e01/element - {"using":"xpath","value":"//button[@data-kt=\"addNewRUOverflowToolbarButton\"]"}
COMMAND: GET /session/b10d6c442cc9079ac1ad267591374e01/screenshot - {}
RESULT: {"using":"xpath","value":"//button[@data-kt=\"addNewRUOverflowToolbarButton\"]"}
COMMAND: POST /session/b10d6c442cc9079ac1ad267591374e01/elements - {"using":"xpath","value":"//button[@data-kt=\"addNewRUOverflowToolbarButton\"]"}
RESULT: {}
RESULT: {"using":"xpath","value":"//button[@data-kt=\"addNewRUOverflowToolbarButton\"]"}
COMMAND: POST /session/b10d6c442cc9079ac1ad267591374e01/elements - {"using":"xpath","value":"//button[@data-kt=\"addNewRUOverflowToolbarButton\"]"}
RESULT: {"using":"xpath","value":"//button[@data-kt=\"addNewRUOverflowToolbarButton\"]"}
COMMAND: POST /session/b10d6c442cc9079ac1ad267591374e01/elements - {"using":"xpath","value":"//button[@data-kt=\"addNewRUOverflowToolbarButton\"]"}
RESULT: {"using":"xpath","value":"//button[@data-kt=\"addNewRUOverflowToolbarButton\"]"}
COMMAND: POST /session/b10d6c442cc9079ac1ad267591374e01/elements - {"using":"xpath","value":"//button[@data-kt=\"addNewRUOverflowToolbarButton\"]"}
RESULT: {"using":"xpath","value":"//button[@data-kt=\"addNewRUOverflowToolbarButton\"]"}
COMMAND: POST /session/b10d6c442cc9079ac1ad267591374e01/elements - {"using":"xpath","value":"//button[@data-kt=\"addNewRUOverflowToolbarButton\"]"}
RESULT: {"using":"xpath","value":"//button[@data-kt=\"addNewRUOverflowToolbarButton\"]"}
COMMAND: POST /session/b10d6c442cc9079ac1ad267591374e01/elements - {"using":"xpath","value":"//button[@data-kt=\"addNewRUOverflowToolbarButton\"]"}
RESULT: {"using":"xpath","value":"//button[@data-kt=\"addNewRUOverflowToolbarButton\"]"}
COMMAND: POST /session/b10d6c442cc9079ac1ad267591374e01/elements - {"using":"xpath","value":"//button[@data-kt=\"addNewRUOverflowToolbarButton\"]"}
RESULT: {"using":"xpath","value":"//button[@data-kt=\"addNewRUOverflowToolbarButton\"]"}
COMMAND: POST /session/b10d6c442cc9079ac1ad267591374e01/elements - {"using":"xpath","value":"//button[@data-kt=\"addNewRUOverflowToolbarButton\"]"}
RESULT: {"using":"xpath","value":"//button[@data-kt=\"addNewRUOverflowToolbarButton\"]"}
COMMAND: POST /session/b10d6c442cc9079ac1ad267591374e01/elements - {"using":"xpath","value":"//button[@data-kt=\"addNewRUOverflowToolbarButton\"]"}
RESULT: {"using":"xpath","value":"//button[@data-kt=\"addNewRUOverflowToolbarButton\"]"}
COMMAND: POST /session/b10d6c442cc9079ac1ad267591374e01/elements - {"using":"xpath","value":"//button[@data-kt=\"addNewRUOverflowToolbarButton\"]"}
RESULT: {"using":"xpath","value":"//button[@data-kt=\"addNewRUOverflowToolbarButton\"]"}
COMMAND: POST /session/b10d6c442cc9079ac1ad267591374e01/elements - {"using":"xpath","value":"//button[@data-kt=\"addNewRUOverflowToolbarButton\"]"}
RESULT: {"using":"xpath","value":"//button[@data-kt=\"addNewRUOverflowToolbarButton\"]"}
COMMAND: POST /session/b10d6c442cc9079ac1ad267591374e01/elements - {"using":"xpath","value":"//button[@data-kt=\"addNewRUOverflowToolbarButton\"]"}
RESULT: {"using":"xpath","value":"//button[@data-kt=\"addNewRUOverflowToolbarButton\"]"}
COMMAND: POST /session/b10d6c442cc9079ac1ad267591374e01/elements - {"using":"xpath","value":"//button[@data-kt=\"addNewRUOverflowToolbarButton\"]"}
RESULT: {"using":"xpath","value":"//button[@data-kt=\"addNewRUOverflowToolbarButton\"]"}
COMMAND: POST /session/b10d6c442cc9079ac1ad267591374e01/elements - {"using":"xpath","value":"//button[@data-kt=\"addNewRUOverflowToolbarButton\"]"}
RESULT: {"using":"xpath","value":"//button[@data-kt=\"addNewRUOverflowToolbarButton\"]"}
COMMAND: POST /session/b10d6c442cc9079ac1ad267591374e01/elements - {"using":"xpath","value":"//button[@data-kt=\"addNewRUOverflowToolbarButton\"]"}
RESULT: {"using":"xpath","value":"//button[@data-kt=\"addNewRUOverflowToolbarButton\"]"}
COMMAND: POST /session/b10d6c442cc9079ac1ad267591374e01/elements - {"using":"xpath","value":"//button[@data-kt=\"addNewRUOverflowToolbarButton\"]"}
RESULT: {"using":"xpath","value":"//button[@data-kt=\"addNewRUOverflowToolbarButton\"]"}
COMMAND: POST /session/b10d6c442cc9079ac1ad267591374e01/elements - {"using":"xpath","value":"//button[@data-kt=\"addNewRUOverflowToolbarButton\"]"}
RESULT: {"using":"xpath","value":"//button[@data-kt=\"addNewRUOverflowToolbarButton\"]"}
COMMAND: POST /session/b10d6c442cc9079ac1ad267591374e01/elements - {"using":"xpath","value":"//button[@data-kt=\"addNewRUOverflowToolbarButton\"]"}
RESULT: {"using":"xpath","value":"//button[@data-kt=\"addNewRUOverflowToolbarButton\"]"}
COMMAND: POST /session/b10d6c442cc9079ac1ad267591374e01/elements - {"using":"xpath","value":"//button[@data-kt=\"addNewRUOverflowToolbarButton\"]"}
RESULT: {"using":"xpath","value":"//button[@data-kt=\"addNewRUOverflowToolbarButton\"]"}
COMMAND: POST /session/b10d6c442cc9079ac1ad267591374e01/elements - {"using":"xpath","value":"//button[@data-kt=\"addNewRUOverflowToolbarButton\"]"}
RESULT: {"using":"xpath","value":"//button[@data-kt=\"addNewRUOverflowToolbarButton\"]"}
COMMAND: POST /session/b10d6c442cc9079ac1ad267591374e01/elements - {"using":"xpath","value":"//button[@data-kt=\"addNewRUOverflowToolbarButton\"]"}
RESULT: {"using":"xpath","value":"//button[@data-kt=\"addNewRUOverflowToolbarButton\"]"}
COMMAND: POST /session/b10d6c442cc9079ac1ad267591374e01/elements - {"using":"xpath","value":"//button[@data-kt=\"addNewRUOverflowToolbarButton\"]"}
RESULT: {"using":"xpath","value":"//button[@data-kt=\"addNewRUOverflowToolbarButton\"]"}
COMMAND: POST /session/b10d6c442cc9079ac1ad267591374e01/elements - {"using":"xpath","value":"//button[@data-kt=\"addNewRUOverflowToolbarButton\"]"}
RESULT: {"using":"xpath","value":"//button[@data-kt=\"addNewRUOverflowToolbarButton\"]"}
COMMAND: POST /session/b10d6c442cc9079ac1ad267591374e01/elements - {"using":"xpath","value":"//button[@data-kt=\"addNewRUOverflowToolbarButton\"]"}
RESULT: {"using":"xpath","value":"//button[@data-kt=\"addNewRUOverflowToolbarButton\"]"}
COMMAND: POST /session/b10d6c442cc9079ac1ad267591374e01/elements - {"using":"xpath","value":"//button[@data-kt=\"addNewRUOverflowToolbarButton\"]"}
RESULT: {"using":"xpath","value":"//button[@data-kt=\"addNewRUOverflowToolbarButton\"]"}
COMMAND: POST /session/b10d6c442cc9079ac1ad267591374e01/elements - {"using":"xpath","value":"//button[@data-kt=\"addNewRUOverflowToolbarButton\"]"}
RESULT: {"using":"xpath","value":"//button[@data-kt=\"addNewRUOverflowToolbarButton\"]"}
COMMAND: POST /session/b10d6c442cc9079ac1ad267591374e01/elements - {"using":"xpath","value":"//button[@data-kt=\"addNewRUOverflowToolbarButton\"]"}
RESULT: {"using":"xpath","value":"//button[@data-kt=\"addNewRUOverflowToolbarButton\"]"}
COMMAND: POST /session/b10d6c442cc9079ac1ad267591374e01/elements - {"using":"xpath","value":"//button[@data-kt=\"addNewRUOverflowToolbarButton\"]"}
RESULT: {"using":"xpath","value":"//button[@data-kt=\"addNewRUOverflowToolbarButton\"]"}
COMMAND: POST /session/b10d6c442cc9079ac1ad267591374e01/elements - {"using":"xpath","value":"//button[@data-kt=\"addNewRUOverflowToolbarButton\"]"}
RESULT: {"using":"xpath","value":"//button[@data-kt=\"addNewRUOverflowToolbarButton\"]"}
COMMAND: POST /session/b10d6c442cc9079ac1ad267591374e01/elements - {"using":"xpath","value":"//button[@data-kt=\"addNewRUOverflowToolbarButton\"]"}
RESULT: {"using":"xpath","value":"//button[@data-kt=\"addNewRUOverflowToolbarButton\"]"}
COMMAND: POST /session/b10d6c442cc9079ac1ad267591374e01/elements - {"using":"xpath","value":"//button[@data-kt=\"addNewRUOverflowToolbarButton\"]"}
RESULT: {"using":"xpath","value":"//button[@data-kt=\"addNewRUOverflowToolbarButton\"]"}
COMMAND: POST /session/b10d6c442cc9079ac1ad267591374e01/elements - {"using":"xpath","value":"//button[@data-kt=\"addNewRUOverflowToolbarButton\"]"}
RESULT: {"using":"xpath","value":"//button[@data-kt=\"addNewRUOverflowToolbarButton\"]"}
COMMAND: POST /session/b10d6c442cc9079ac1ad267591374e01/elements - {"using":"xpath","value":"//button[@data-kt=\"addNewRUOverflowToolbarButton\"]"}
RESULT: {"using":"xpath","value":"//button[@data-kt=\"addNewRUOverflowToolbarButton\"]"}
COMMAND: POST /session/b10d6c442cc9079ac1ad267591374e01/elements - {"using":"xpath","value":"//button[@data-kt=\"addNewRUOverflowToolbarButton\"]"}
RESULT: {"using":"xpath","value":"//button[@data-kt=\"addNewRUOverflowToolbarButton\"]"}
COMMAND: POST /session/b10d6c442cc9079ac1ad267591374e01/element - {"using":"xpath","value":"//button[@data-kt=\"addNewRUOverflowToolbarButton\"]"}
RESULT: {"using":"xpath","value":"//button[@data-kt=\"addNewRUOverflowToolbarButton\"]"}
COMMAND: POST /session/b10d6c442cc9079ac1ad267591374e01/execute/sync - {"script":"<script> [8489 bytes]","args":[{"element-6066-11e4-a52e-4f735466cecf":"f.820658ADB2B97F80F3CD4D4B07B1BD52.d.818FB7D860247C5210E532755453E908.e.7335","ELEMENT":"f.820658ADB2B97F80F3CD4D4B07B1BD52.d.818FB7D860247C5210E532755453E908.e.7335"}]}
RESULT: {"script":"<script> [8489 bytes]","args":[{"element-6066-11e4-a52e-4f735466cecf":"f.820658ADB2B97F80F3CD4D4B07B1BD52.d.818FB7D860247C5210E532755453E908.e.7335","ELEMENT":"f.820658ADB2B97F80F3CD4D4B07B1BD52.d.818FB7D860247C5210E532755453E908.e.7335"}]}
COMMAND: GET /session/b10d6c442cc9079ac1ad267591374e01/element/f.820658ADB2B97F80F3CD4D4B07B1BD52.d.818FB7D860247C5210E532755453E908.e.7335/enabled - {}
COMMAND: GET /session/b10d6c442cc9079ac1ad267591374e01/screenshot - {}
RESULT: {}
COMMAND: POST /session/b10d6c442cc9079ac1ad267591374e01/execute/sync - {"script":"<script> [8489 bytes]","args":[{"element-6066-11e4-a52e-4f735466cecf":"f.820658ADB2B97F80F3CD4D4B07B1BD52.d.818FB7D860247C5210E532755453E908.e.7335","ELEMENT":"f.820658ADB2B97F80F3CD4D4B07B1BD52.d.818FB7D860247C5210E532755453E908.e.7335"}]}
COMMAND: GET /session/b10d6c442cc9079ac1ad267591374e01/screenshot - {}
RESULT: {}
RESULT: {"script":"<script> [8489 bytes]","args":[{"element-6066-11e4-a52e-4f735466cecf":"f.820658ADB2B97F80F3CD4D4B07B1BD52.d.818FB7D860247C5210E532755453E908.e.7335","ELEMENT":"f.820658ADB2B97F80F3CD4D4B07B1BD52.d.818FB7D860247C5210E532755453E908.e.7335"}]}
COMMAND: POST /session/b10d6c442cc9079ac1ad267591374e01/execute/sync - {"script":"<script> [5351 bytes]","args":[{"element-6066-11e4-a52e-4f735466cecf":"f.820658ADB2B97F80F3CD4D4B07B1BD52.d.818FB7D860247C5210E532755453E908.e.7335","ELEMENT":"f.820658ADB2B97F80F3CD4D4B07B1BD52.d.818FB7D860247C5210E532755453E908.e.7335"}]}
COMMAND: GET /session/b10d6c442cc9079ac1ad267591374e01/screenshot - {}
RESULT: {}
RESULT: {"script":"<script> [5351 bytes]","args":[{"element-6066-11e4-a52e-4f735466cecf":"f.820658ADB2B97F80F3CD4D4B07B1BD52.d.818FB7D860247C5210E532755453E908.e.7335","ELEMENT":"f.820658ADB2B97F80F3CD4D4B07B1BD52.d.818FB7D860247C5210E532755453E908.e.7335"}]}
COMMAND: POST /session/b10d6c442cc9079ac1ad267591374e01/element/f.820658ADB2B97F80F3CD4D4B07B1BD52.d.818FB7D860247C5210E532755453E908.e.7335/click - {}
COMMAND: GET /session/b10d6c442cc9079ac1ad267591374e01/screenshot - {}
RESULT: {}
RESULT: {}
COMMAND: GET /session/b10d6c442cc9079ac1ad267591374e01/screenshot - {}
RESULT: {}
RESULT: {}
COMMAND: POST /session/b10d6c442cc9079ac1ad267591374e01/execute/async - {"script":"<script> [1562 bytes]","args":[{"selector":{"id":"application-manageresources-display-component---newResourceUnit--TYPE-arrow"},"wdio_ui5_key":"applicationmanageresources-display-component---newResourceUnit--TYPE-arrow"}]}
RESULT: {"script":"<script> [1562 bytes]","args":[{"selector":{"id":"application-manageresources-display-component---newResourceUnit--TYPE-arrow"},"wdio_ui5_key":"applicationmanageresources-display-component---newResourceUnit--TYPE-arrow"}]}
RESULT: undefined
COMMAND: POST /session/b10d6c442cc9079ac1ad267591374e01/element - {"using":"xpath","value":"//*[@id=\"application-manageresources-display-component---newResourceUnit--TYPE-arrow\"]"}
RESULT: {"using":"xpath","value":"//*[@id=\"application-manageresources-display-component---newResourceUnit--TYPE-arrow\"]"}
COMMAND: POST /session/b10d6c442cc9079ac1ad267591374e01/element/f.820658ADB2B97F80F3CD4D4B07B1BD52.d.818FB7D860247C5210E532755453E908.e.7708/click - {}
RESULT: {}
COMMAND: POST /session/b10d6c442cc9079ac1ad267591374e01/element - {"using":"xpath","value":"//input[@id=\"application-manageresources-display-component---newResourceUnit--TYPE-inner\"]"}
COMMAND: GET /session/b10d6c442cc9079ac1ad267591374e01/screenshot - {}
RESULT: {"using":"xpath","value":"//input[@id=\"application-manageresources-display-component---newResourceUnit--TYPE-inner\"]"}
COMMAND: POST /session/b10d6c442cc9079ac1ad267591374e01/element/f.820658ADB2B97F80F3CD4D4B07B1BD52.d.818FB7D860247C5210E532755453E908.e.7691/clear - {}
RESULT: {}
RESULT: {}
COMMAND: POST /session/b10d6c442cc9079ac1ad267591374e01/element/f.820658ADB2B97F80F3CD4D4B07B1BD52.d.818FB7D860247C5210E532755453E908.e.7691/value - {"text":"Equipment"}
COMMAND: GET /session/b10d6c442cc9079ac1ad267591374e01/screenshot - {}
RESULT: {"text":"Equipment"}
COMMAND: GET /session/b10d6c442cc9079ac1ad267591374e01/screenshot - {}
RESULT: {}
RESULT: {}
COMMAND: POST /session/b10d6c442cc9079ac1ad267591374e01/actions - {"actions":[{"id":"action27","type":"key","parameters":{},"actions":[{"type":"keyDown","value":"î€‡"},{"type":"pause","duration":10},{"type":"keyUp","value":"î€‡"}]}]}
RESULT: {"actions":[{"id":"action27","type":"key","parameters":{},"actions":[{"type":"keyDown","value":"î€‡"},{"type":"pause","duration":10},{"type":"keyUp","value":"î€‡"}]}]}
COMMAND: POST /session/b10d6c442cc9079ac1ad267591374e01/execute/async - {"script":"<script> [1562 bytes]","args":[{"selector":{"id":"application-manageresources-display-component---newResourceUnit--resourceId","interaction":{"idSuffix":"inner"}},"wdio_ui5_key":"applicationmanageresources-display-component---newResourceUnit--resourceId"}]}
COMMAND: GET /session/b10d6c442cc9079ac1ad267591374e01/screenshot - {}
RESULT: {"script":"<script> [1562 bytes]","args":[{"selector":{"id":"application-manageresources-display-component---newResourceUnit--resourceId","interaction":{"idSuffix":"inner"}},"wdio_ui5_key":"applicationmanageresources-display-component---newResourceUnit--resourceId"}]}
RESULT: undefined
COMMAND: POST /session/b10d6c442cc9079ac1ad267591374e01/execute/async - {"script":"<script> [776 bytes]","args":[{"enterText":"aGmViFz2Sb","selector":{"id":"application-manageresources-display-component---newResourceUnit--resourceId","interaction":{"idSuffix":"inner"}},"clearTextFirst":true,"interactionType":"ENTER_TEXT"}]}
RESULT: {}
RESULT: {"script":"<script> [776 bytes]","args":[{"enterText":"aGmViFz2Sb","selector":{"id":"application-manageresources-display-component---newResourceUnit--resourceId","interaction":{"idSuffix":"inner"}},"clearTextFirst":true,"interactionType":"ENTER_TEXT"}]}
COMMAND: POST /session/b10d6c442cc9079ac1ad267591374e01/execute/async - {"script":"<script> [1562 bytes]","args":[{"selector":{"id":"application-manageresources-display-component---newResourceUnit--SHORT_TEXT","interaction":{"idSuffix":"inner"}},"wdio_ui5_key":"applicationmanageresources-display-component---newResourceUnit--SHORT_TEXT"}]}
RESULT: {"script":"<script> [1562 bytes]","args":[{"selector":{"id":"application-manageresources-display-component---newResourceUnit--SHORT_TEXT","interaction":{"idSuffix":"inner"}},"wdio_ui5_key":"applicationmanageresources-display-component---newResourceUnit--SHORT_TEXT"}]}
RESULT: undefined
COMMAND: POST /session/b10d6c442cc9079ac1ad267591374e01/execute/async - {"script":"<script> [776 bytes]","args":[{"enterText":"Intercompany Equipment WDIO","selector":{"id":"application-manageresources-display-component---newResourceUnit--SHORT_TEXT","interaction":{"idSuffix":"inner"}},"clearTextFirst":true,"interactionType":"ENTER_TEXT"}]}
RESULT: {"script":"<script> [776 bytes]","args":[{"enterText":"Intercompany Equipment WDIO","selector":{"id":"application-manageresources-display-component---newResourceUnit--SHORT_TEXT","interaction":{"idSuffix":"inner"}},"clearTextFirst":true,"interactionType":"ENTER_TEXT"}]}
COMMAND: POST /session/b10d6c442cc9079ac1ad267591374e01/execute/async - {"script":"<script> [1562 bytes]","args":[{"selector":{"id":"application-manageresources-display-component---newResourceUnit--BASE_UNIT_OF_MEASURE","interaction":{"idSuffix":"inner"}},"wdio_ui5_key":"applicationmanageresources-display-component---newResourceUnit--BASE_UNIT_OF_MEASURE"}]}
RESULT: {"script":"<script> [1562 bytes]","args":[{"selector":{"id":"application-manageresources-display-component---newResourceUnit--BASE_UNIT_OF_MEASURE","interaction":{"idSuffix":"inner"}},"wdio_ui5_key":"applicationmanageresources-display-component---newResourceUnit--BASE_UNIT_OF_MEASURE"}]}
RESULT: undefined
COMMAND: POST /session/b10d6c442cc9079ac1ad267591374e01/execute/async - {"script":"<script> [776 bytes]","args":[{"enterText":"Piece","selector":{"id":"application-manageresources-display-component---newResourceUnit--BASE_UNIT_OF_MEASURE","interaction":{"idSuffix":"inner"}},"clearTextFirst":true,"interactionType":"ENTER_TEXT"}]}
RESULT: {"script":"<script> [776 bytes]","args":[{"enterText":"Piece","selector":{"id":"application-manageresources-display-component---newResourceUnit--BASE_UNIT_OF_MEASURE","interaction":{"idSuffix":"inner"}},"clearTextFirst":true,"interactionType":"ENTER_TEXT"}]}
COMMAND: POST /session/b10d6c442cc9079ac1ad267591374e01/execute/async - {"script":"<script> [1562 bytes]","args":[{"selector":{"id":"application-manageresources-display-component---newResourceUnit--WEIGHT_UNIT","interaction":{"idSuffix":"inner"}},"wdio_ui5_key":"applicationmanageresources-display-component---newResourceUnit--WEIGHT_UNIT"}]}
RESULT: {"script":"<script> [1562 bytes]","args":[{"selector":{"id":"application-manageresources-display-component---newResourceUnit--WEIGHT_UNIT","interaction":{"idSuffix":"inner"}},"wdio_ui5_key":"applicationmanageresources-display-component---newResourceUnit--WEIGHT_UNIT"}]}
RESULT: undefined
COMMAND: POST /session/b10d6c442cc9079ac1ad267591374e01/execute/async - {"script":"<script> [776 bytes]","args":[{"enterText":"Gram","selector":{"id":"application-manageresources-display-component---newResourceUnit--WEIGHT_UNIT","interaction":{"idSuffix":"inner"}},"clearTextFirst":true,"interactionType":"ENTER_TEXT"}]}
RESULT: {"script":"<script> [776 bytes]","args":[{"enterText":"Gram","selector":{"id":"application-manageresources-display-component---newResourceUnit--WEIGHT_UNIT","interaction":{"idSuffix":"inner"}},"clearTextFirst":true,"interactionType":"ENTER_TEXT"}]}
COMMAND: POST /session/b10d6c442cc9079ac1ad267591374e01/execute/async - {"script":"<script> [1562 bytes]","args":[{"selector":{"id":"application-manageresources-display-component---newResourceUnit--DIMENSION_UNIT","interaction":{"idSuffix":"inner"}},"wdio_ui5_key":"applicationmanageresources-display-component---newResourceUnit--DIMENSION_UNIT"}]}
RESULT: {"script":"<script> [1562 bytes]","args":[{"selector":{"id":"application-manageresources-display-component---newResourceUnit--DIMENSION_UNIT","interaction":{"idSuffix":"inner"}},"wdio_ui5_key":"applicationmanageresources-display-component---newResourceUnit--DIMENSION_UNIT"}]}
RESULT: undefined
COMMAND: POST /session/b10d6c442cc9079ac1ad267591374e01/execute/async - {"script":"<script> [776 bytes]","args":[{"enterText":"Meter","selector":{"id":"application-manageresources-display-component---newResourceUnit--DIMENSION_UNIT","interaction":{"idSuffix":"inner"}},"clearTextFirst":true,"interactionType":"ENTER_TEXT"}]}
RESULT: {"script":"<script> [776 bytes]","args":[{"enterText":"Meter","selector":{"id":"application-manageresources-display-component---newResourceUnit--DIMENSION_UNIT","interaction":{"idSuffix":"inner"}},"clearTextFirst":true,"interactionType":"ENTER_TEXT"}]}
COMMAND: POST /session/b10d6c442cc9079ac1ad267591374e01/execute/async - {"script":"<script> [1562 bytes]","args":[{"selector":{"id":"application-manageresources-display-component---newResourceUnit--newRRUPage-anchBar-application-manageresources-display-component---newResourceUnit--control-anchor","interaction":{"idSuffix":"BDI-content"}},"wdio_ui5_key":"applicationmanageresources-display-component---newResourceUnit--newRRUPage-anchBar-application-manageresources-display-component---newResourceUnit--control-anchor"}]}
RESULT: {"script":"<script> [1562 bytes]","args":[{"selector":{"id":"application-manageresources-display-component---newResourceUnit--newRRUPage-anchBar-application-manageresources-display-component---newResourceUnit--control-anchor","interaction":{"idSuffix":"BDI-content"}},"wdio_ui5_key":"applicationmanageresources-display-component---newResourceUnit--newRRUPage-anchBar-application-manageresources-display-component---newResourceUnit--control-anchor"}]}
RESULT: undefined
COMMAND: POST /session/b10d6c442cc9079ac1ad267591374e01/element - {"using":"xpath","value":"//*[@id=\"application-manageresources-display-component---newResourceUnit--newRRUPage-anchBar-application-manageresources-display-component---newResourceUnit--control-anchor\"]"}
RESULT: {"using":"xpath","value":"//*[@id=\"application-manageresources-display-component---newResourceUnit--newRRUPage-anchBar-application-manageresources-display-component---newResourceUnit--control-anchor\"]"}
COMMAND: POST /session/b10d6c442cc9079ac1ad267591374e01/element/f.820658ADB2B97F80F3CD4D4B07B1BD52.d.818FB7D860247C5210E532755453E908.e.7840/click - {}
RESULT: {}
COMMAND: POST /session/b10d6c442cc9079ac1ad267591374e01/execute/async - {"script":"<script> [1562 bytes]","args":[{"selector":{"id":"application-manageresources-display-component---newResourceUnit--PLANNING_GROUP","interaction":{"idSuffix":"inner"}},"wdio_ui5_key":"applicationmanageresources-display-component---newResourceUnit--PLANNING_GROUP"}]}
COMMAND: GET /session/b10d6c442cc9079ac1ad267591374e01/screenshot - {}
RESULT: {"script":"<script> [1562 bytes]","args":[{"selector":{"id":"application-manageresources-display-component---newResourceUnit--PLANNING_GROUP","interaction":{"idSuffix":"inner"}},"wdio_ui5_key":"applicationmanageresources-display-component---newResourceUnit--PLANNING_GROUP"}]}
RESULT: undefined
COMMAND: POST /session/b10d6c442cc9079ac1ad267591374e01/execute/async - {"script":"<script> [776 bytes]","args":[{"enterText":"Heavy Equi","selector":{"id":"application-manageresources-display-component---newResourceUnit--PLANNING_GROUP","interaction":{"idSuffix":"inner"}},"clearTextFirst":true,"interactionType":"ENTER_TEXT"}]}
RESULT: {}
RESULT: {"script":"<script> [776 bytes]","args":[{"enterText":"Heavy Equi","selector":{"id":"application-manageresources-display-component---newResourceUnit--PLANNING_GROUP","interaction":{"idSuffix":"inner"}},"clearTextFirst":true,"interactionType":"ENTER_TEXT"}]}
COMMAND: POST /session/b10d6c442cc9079ac1ad267591374e01/execute/async - {"script":"<script> [1562 bytes]","args":[{"selector":{"id":"application-manageresources-display-component---newResourceUnit--ITEM_TYPE-arrow"},"wdio_ui5_key":"applicationmanageresources-display-component---newResourceUnit--ITEM_TYPE-arrow"}]}
RESULT: {"script":"<script> [1562 bytes]","args":[{"selector":{"id":"application-manageresources-display-component---newResourceUnit--ITEM_TYPE-arrow"},"wdio_ui5_key":"applicationmanageresources-display-component---newResourceUnit--ITEM_TYPE-arrow"}]}
RESULT: undefined
COMMAND: POST /session/b10d6c442cc9079ac1ad267591374e01/element - {"using":"xpath","value":"//*[@id=\"application-manageresources-display-component---newResourceUnit--ITEM_TYPE-arrow\"]"}
RESULT: {"using":"xpath","value":"//*[@id=\"application-manageresources-display-component---newResourceUnit--ITEM_TYPE-arrow\"]"}
COMMAND: POST /session/b10d6c442cc9079ac1ad267591374e01/element/f.820658ADB2B97F80F3CD4D4B07B1BD52.d.818FB7D860247C5210E532755453E908.e.7849/click - {}
RESULT: {}
COMMAND: POST /session/b10d6c442cc9079ac1ad267591374e01/element - {"using":"xpath","value":"(//span[contains(text(), \"Resource Unit\")])[2]"}
COMMAND: GET /session/b10d6c442cc9079ac1ad267591374e01/screenshot - {}
RESULT: {"using":"xpath","value":"(//span[contains(text(), \"Resource Unit\")])[2]"}
COMMAND: POST /session/b10d6c442cc9079ac1ad267591374e01/element/f.820658ADB2B97F80F3CD4D4B07B1BD52.d.818FB7D860247C5210E532755453E908.e.7850/click - {}
RESULT: {}
RESULT: {}
COMMAND: GET /session/b10d6c442cc9079ac1ad267591374e01/screenshot - {}
RESULT: {}
COMMAND: POST /session/b10d6c442cc9079ac1ad267591374e01/element - {"using":"css selector","value":"#application-manageresources-display-component---newResourceUnit--btnAddTimeSegment"}
RESULT: {"using":"css selector","value":"#application-manageresources-display-component---newResourceUnit--btnAddTimeSegment"}
COMMAND: GET /session/b10d6c442cc9079ac1ad267591374e01/element/f.820658ADB2B97F80F3CD4D4B07B1BD52.d.818FB7D860247C5210E532755453E908.e.7851/rect - {}
RESULT: {}
COMMAND: GET /session/b10d6c442cc9079ac1ad267591374e01/window/rect - {}
RESULT: {}
COMMAND: POST /session/b10d6c442cc9079ac1ad267591374e01/execute/sync - {"script":"<script> [92 bytes]","args":[]}
RESULT: {"script":"<script> [92 bytes]","args":[]}
COMMAND: POST /session/b10d6c442cc9079ac1ad267591374e01/actions - {"actions":[{"id":"action28","type":"wheel","parameters":{},"actions":[{"type":"scroll","x":-1888,"y":-32,"deltaX":0,"deltaY":0,"duration":0,"origin":{"element-6066-11e4-a52e-4f735466cecf":"f.820658ADB2B97F80F3CD4D4B07B1BD52.d.818FB7D860247C5210E532755453E908.e.7851"}}]}]}
COMMAND: GET /session/b10d6c442cc9079ac1ad267591374e01/screenshot - {}
RESULT: {}
COMMAND: POST /session/b10d6c442cc9079ac1ad267591374e01/execute/sync - {"script":"<script> [79 bytes]","args":[{"element-6066-11e4-a52e-4f735466cecf":"f.820658ADB2B97F80F3CD4D4B07B1BD52.d.818FB7D860247C5210E532755453E908.e.7851","ELEMENT":"f.820658ADB2B97F80F3CD4D4B07B1BD52.d.818FB7D860247C5210E532755453E908.e.7851"},{"block":"start","inline":"nearest"}]}
RESULT: {"script":"<script> [79 bytes]","args":[{"element-6066-11e4-a52e-4f735466cecf":"f.820658ADB2B97F80F3CD4D4B07B1BD52.d.818FB7D860247C5210E532755453E908.e.7851","ELEMENT":"f.820658ADB2B97F80F3CD4D4B07B1BD52.d.818FB7D860247C5210E532755453E908.e.7851"},{"block":"start","inline":"nearest"}]}
COMMAND: POST /session/b10d6c442cc9079ac1ad267591374e01/execute/async - {"script":"<script> [1562 bytes]","args":[{"selector":{"id":"application-manageresources-display-component---newResourceUnit--btnAddTimeSegment","interaction":{"idSuffix":"inner"}},"wdio_ui5_key":"applicationmanageresources-display-component---newResourceUnit--btnAddTimeSegment"}]}
COMMAND: GET /session/b10d6c442cc9079ac1ad267591374e01/screenshot - {}
RESULT: {"script":"<script> [1562 bytes]","args":[{"selector":{"id":"application-manageresources-display-component---newResourceUnit--btnAddTimeSegment","interaction":{"idSuffix":"inner"}},"wdio_ui5_key":"applicationmanageresources-display-component---newResourceUnit--btnAddTimeSegment"}]}
RESULT: undefined
COMMAND: POST /session/b10d6c442cc9079ac1ad267591374e01/element - {"using":"xpath","value":"//*[@id=\"application-manageresources-display-component---newResourceUnit--btnAddTimeSegment\"]"}
RESULT: {}
RESULT: {"using":"xpath","value":"//*[@id=\"application-manageresources-display-component---newResourceUnit--btnAddTimeSegment\"]"}
COMMAND: POST /session/b10d6c442cc9079ac1ad267591374e01/element/f.820658ADB2B97F80F3CD4D4B07B1BD52.d.818FB7D860247C5210E532755453E908.e.7851/click - {}
RESULT: {}
COMMAND: GET /session/b10d6c442cc9079ac1ad267591374e01/screenshot - {}
RESULT: {}
COMMAND: POST /session/b10d6c442cc9079ac1ad267591374e01/element - {"using":"xpath","value":"//input[@id=\"application-manageresources-display-component---newResourceUnit--idRuTSAdmin-application-manageresources-display-component---newResourceUnit--RUTimeSegment-0-inner\"]"}
RESULT: {"using":"xpath","value":"//input[@id=\"application-manageresources-display-component---newResourceUnit--idRuTSAdmin-application-manageresources-display-component---newResourceUnit--RUTimeSegment-0-inner\"]"}
COMMAND: POST /session/b10d6c442cc9079ac1ad267591374e01/element/f.820658ADB2B97F80F3CD4D4B07B1BD52.d.818FB7D860247C5210E532755453E908.e.7857/clear - {}
RESULT: {}
COMMAND: POST /session/b10d6c442cc9079ac1ad267591374e01/element/f.820658ADB2B97F80F3CD4D4B07B1BD52.d.818FB7D860247C5210E532755453E908.e.7857/value - {"text":"304"}
COMMAND: GET /session/b10d6c442cc9079ac1ad267591374e01/screenshot - {}
RESULT: {"text":"304"}
COMMAND: GET /session/b10d6c442cc9079ac1ad267591374e01/screenshot - {}
RESULT: {}
RESULT: {}
COMMAND: POST /session/b10d6c442cc9079ac1ad267591374e01/element - {"using":"xpath","value":"//li[.//span[text()='304']]"}
RESULT: {"using":"xpath","value":"//li[.//span[text()='304']]"}
COMMAND: POST /session/b10d6c442cc9079ac1ad267591374e01/element/f.820658ADB2B97F80F3CD4D4B07B1BD52.d.818FB7D860247C5210E532755453E908.e.7868/click - {}
RESULT: {}
COMMAND: GET /session/b10d6c442cc9079ac1ad267591374e01/screenshot - {}
RESULT: {}
COMMAND: POST /session/b10d6c442cc9079ac1ad267591374e01/element - {"using":"xpath","value":"(//span[contains(@id, \"-application-manageresources-display-component---newResourceUnit--RUTimeSegment-0-arrow\")])[6]"}
RESULT: {"using":"xpath","value":"(//span[contains(@id, \"-application-manageresources-display-component---newResourceUnit--RUTimeSegment-0-arrow\")])[6]"}
COMMAND: POST /session/b10d6c442cc9079ac1ad267591374e01/element/f.820658ADB2B97F80F3CD4D4B07B1BD52.d.818FB7D860247C5210E532755453E908.e.7869/click - {}
RESULT: {}
COMMAND: GET /session/b10d6c442cc9079ac1ad267591374e01/screenshot - {}
RESULT: {}
COMMAND: POST /session/b10d6c442cc9079ac1ad267591374e01/element - {"using":"xpath","value":"//span[contains(text(), \"PM Order\")]"}
RESULT: {"using":"xpath","value":"//span[contains(text(), \"PM Order\")]"}
COMMAND: POST /session/b10d6c442cc9079ac1ad267591374e01/element/f.820658ADB2B97F80F3CD4D4B07B1BD52.d.818FB7D860247C5210E532755453E908.e.7872/click - {}
RESULT: {}
COMMAND: GET /session/b10d6c442cc9079ac1ad267591374e01/screenshot - {}
RESULT: {}
COMMAND: POST /session/b10d6c442cc9079ac1ad267591374e01/element - {"using":"xpath","value":"(//span[contains(@id ,\"manageresources-display-component---newResourceUnit--RUTimeSegment-0-vhi\")])[1]"}
RESULT: {"using":"xpath","value":"(//span[contains(@id ,\"manageresources-display-component---newResourceUnit--RUTimeSegment-0-vhi\")])[1]"}
COMMAND: GET /session/b10d6c442cc9079ac1ad267591374e01/element/f.820658ADB2B97F80F3CD4D4B07B1BD52.d.818FB7D860247C5210E532755453E908.e.7876/rect - {}
RESULT: {}
COMMAND: GET /session/b10d6c442cc9079ac1ad267591374e01/window/rect - {}
RESULT: {}
COMMAND: POST /session/b10d6c442cc9079ac1ad267591374e01/execute/sync - {"script":"<script> [92 bytes]","args":[]}
RESULT: {"script":"<script> [92 bytes]","args":[]}
COMMAND: POST /session/b10d6c442cc9079ac1ad267591374e01/actions - {"actions":[{"id":"action29","type":"wheel","parameters":{},"actions":[{"type":"scroll","x":-869,"y":-24,"deltaX":0,"deltaY":0,"duration":0,"origin":{"element-6066-11e4-a52e-4f735466cecf":"f.820658ADB2B97F80F3CD4D4B07B1BD52.d.818FB7D860247C5210E532755453E908.e.7876"}}]}]}
COMMAND: GET /session/b10d6c442cc9079ac1ad267591374e01/screenshot - {}
RESULT: {"actions":[{"id":"action29","type":"wheel","parameters":{},"actions":[{"type":"scroll","x":-869,"y":-24,"deltaX":0,"deltaY":0,"duration":0,"origin":{"element-6066-11e4-a52e-4f735466cecf":"f.820658ADB2B97F80F3CD4D4B07B1BD52.d.818FB7D860247C5210E532755453E908.e.7876"}}]}]}
COMMAND: DELETE /session/b10d6c442cc9079ac1ad267591374e01/actions - {}
COMMAND: GET /session/b10d6c442cc9079ac1ad267591374e01/screenshot - {}
RESULT: {}
RESULT: {}
COMMAND: GET /session/b10d6c442cc9079ac1ad267591374e01/screenshot - {}
RESULT: {}
RESULT: {}
COMMAND: POST /session/b10d6c442cc9079ac1ad267591374e01/element/f.820658ADB2B97F80F3CD4D4B07B1BD52.d.818FB7D860247C5210E532755453E908.e.7876/click - {}
RESULT: {}
COMMAND: GET /session/b10d6c442cc9079ac1ad267591374e01/screenshot - {}
RESULT: {}
COMMAND: POST /session/b10d6c442cc9079ac1ad267591374e01/execute/async - {"script":"<script> [1562 bytes]","args":[{"selector":{"controlType":"sap.m.SearchField","properties":{"placeholder":"Search"},"searchOpenDialogs":true,"interaction":{"idSuffix":"I"}},"wdio_ui5_key":"sapm.SearchField{\"placeholder\":\"Search\"}"}]}
RESULT: {"script":"<script> [1562 bytes]","args":[{"selector":{"controlType":"sap.m.SearchField","properties":{"placeholder":"Search"},"searchOpenDialogs":true,"interaction":{"idSuffix":"I"}},"wdio_ui5_key":"sapm.SearchField{\"placeholder\":\"Search\"}"}]}
RESULT: undefined
COMMAND: POST /session/b10d6c442cc9079ac1ad267591374e01/execute/async - {"script":"<script> [776 bytes]","args":[{"enterText":"4000360","selector":{"controlType":"sap.m.SearchField","properties":{"placeholder":"Search"},"searchOpenDialogs":true,"interaction":{"idSuffix":"I"}},"clearTextFirst":true,"interactionType":"ENTER_TEXT"}]}
RESULT: {"script":"<script> [776 bytes]","args":[{"enterText":"4000360","selector":{"controlType":"sap.m.SearchField","properties":{"placeholder":"Search"},"searchOpenDialogs":true,"interaction":{"idSuffix":"I"}},"clearTextFirst":true,"interactionType":"ENTER_TEXT"}]}
COMMAND: POST /session/b10d6c442cc9079ac1ad267591374e01/actions - {"actions":[{"id":"action30","type":"key","parameters":{},"actions":[{"type":"keyDown","value":"î€‡"},{"type":"pause","duration":10},{"type":"keyUp","value":"î€‡"}]}]}
RESULT: {"actions":[{"id":"action30","type":"key","parameters":{},"actions":[{"type":"keyDown","value":"î€‡"},{"type":"pause","duration":10},{"type":"keyUp","value":"î€‡"}]}]}
COMMAND: GET /session/b10d6c442cc9079ac1ad267591374e01/screenshot - {}
RESULT: {}
COMMAND: POST /session/b10d6c442cc9079ac1ad267591374e01/element - {"using":"xpath","value":"//td/div/span[contains(text(), \"BGL Vehicles\")]"}
RESULT: {"using":"xpath","value":"//td/div/span[contains(text(), \"BGL Vehicles\")]"}
COMMAND: POST /session/b10d6c442cc9079ac1ad267591374e01/element/f.820658ADB2B97F80F3CD4D4B07B1BD52.d.818FB7D860247C5210E532755453E908.e.7897/click - {}
RESULT: {}
COMMAND: GET /session/b10d6c442cc9079ac1ad267591374e01/screenshot - {}
RESULT: {}
COMMAND: POST /session/b10d6c442cc9079ac1ad267591374e01/element - {"using":"xpath","value":"//bdi[contains(text(), \"OK\")]"}
RESULT: {"using":"xpath","value":"//bdi[contains(text(), \"OK\")]"}
COMMAND: POST /session/b10d6c442cc9079ac1ad267591374e01/element/f.820658ADB2B97F80F3CD4D4B07B1BD52.d.818FB7D860247C5210E532755453E908.e.7898/click - {}
RESULT: {}
COMMAND: GET /session/b10d6c442cc9079ac1ad267591374e01/screenshot - {}
RESULT: {}
COMMAND: POST /session/b10d6c442cc9079ac1ad267591374e01/execute/async - {"script":"<script> [1562 bytes]","args":[{"selector":{"id":"application-manageresources-display-component---newResourceUnit--newRRUPage-anchBar-application-manageresources-display-component---newResourceUnit--resource-anchor","interaction":{"idSuffix":"BDI-content"}},"wdio_ui5_key":"applicationmanageresources-display-component---newResourceUnit--newRRUPage-anchBar-application-manageresources-display-component---newResourceUnit--resource-anchor"}]}
RESULT: {"script":"<script> [1562 bytes]","args":[{"selector":{"id":"application-manageresources-display-component---newResourceUnit--newRRUPage-anchBar-application-manageresources-display-component---newResourceUnit--resource-anchor","interaction":{"idSuffix":"BDI-content"}},"wdio_ui5_key":"applicationmanageresources-display-component---newResourceUnit--newRRUPage-anchBar-application-manageresources-display-component---newResourceUnit--resource-anchor"}]}
RESULT: undefined
COMMAND: POST /session/b10d6c442cc9079ac1ad267591374e01/element - {"using":"xpath","value":"//*[@id=\"application-manageresources-display-component---newResourceUnit--newRRUPage-anchBar-application-manageresources-display-component---newResourceUnit--resource-anchor\"]"}
RESULT: {"using":"xpath","value":"//*[@id=\"application-manageresources-display-component---newResourceUnit--newRRUPage-anchBar-application-manageresources-display-component---newResourceUnit--resource-anchor\"]"}
COMMAND: POST /session/b10d6c442cc9079ac1ad267591374e01/element/f.820658ADB2B97F80F3CD4D4B07B1BD52.d.818FB7D860247C5210E532755453E908.e.7902/click - {}
RESULT: {}
COMMAND: POST /session/b10d6c442cc9079ac1ad267591374e01/execute/async - {"script":"<script> [1562 bytes]","args":[{"selector":{"id":"application-manageresources-display-component---newResourceUnit--PLANNED_DELIVERY_DATE","interaction":{"idSuffix":"inner"}},"wdio_ui5_key":"applicationmanageresources-display-component---newResourceUnit--PLANNED_DELIVERY_DATE"}]}
COMMAND: GET /session/b10d6c442cc9079ac1ad267591374e01/screenshot - {}
RESULT: {"script":"<script> [1562 bytes]","args":[{"selector":{"id":"application-manageresources-display-component---newResourceUnit--PLANNED_DELIVERY_DATE","interaction":{"idSuffix":"inner"}},"wdio_ui5_key":"applicationmanageresources-display-component---newResourceUnit--PLANNED_DELIVERY_DATE"}]}
RESULT: undefined
COMMAND: POST /session/b10d6c442cc9079ac1ad267591374e01/execute/async - {"script":"<script> [6424 bytes]","args":[{"element-6066-11e4-a52e-4f735466cecf":"f.820658ADB2B97F80F3CD4D4B07B1BD52.d.818FB7D860247C5210E532755453E908.e.7765"},"setValue",["5/14/25"]]}
RESULT: {}
RESULT: {"script":"<script> [6424 bytes]","args":[{"element-6066-11e4-a52e-4f735466cecf":"f.820658ADB2B97F80F3CD4D4B07B1BD52.d.818FB7D860247C5210E532755453E908.e.7765"},"setValue",["5/14/25"]]}
COMMAND: POST /session/b10d6c442cc9079ac1ad267591374e01/element - {"using":"xpath","value":"//label[contains(@class, 'sapMLabelRequired') and .//bdi[contains(text(), 'Planned Retirement')]]"}
RESULT: {"using":"xpath","value":"//label[contains(@class, 'sapMLabelRequired') and .//bdi[contains(text(), 'Planned Retirement')]]"}
COMMAND: POST /session/b10d6c442cc9079ac1ad267591374e01/elements - {"using":"xpath","value":"//label[contains(@class, 'sapMLabelRequired') and .//bdi[contains(text(), 'Planned Retirement')]]"}
RESULT: {"using":"xpath","value":"//label[contains(@class, 'sapMLabelRequired') and .//bdi[contains(text(), 'Planned Retirement')]]"}
COMMAND: POST /session/b10d6c442cc9079ac1ad267591374e01/element - {"using":"xpath","value":"//button[@data-kt=\"resourceUnitSaveButton\"]"}
RESULT: {"using":"xpath","value":"//button[@data-kt=\"resourceUnitSaveButton\"]"}
COMMAND: POST /session/b10d6c442cc9079ac1ad267591374e01/element/f.820658ADB2B97F80F3CD4D4B07B1BD52.d.818FB7D860247C5210E532755453E908.e.7726/click - {}
RESULT: {}
COMMAND: GET /session/b10d6c442cc9079ac1ad267591374e01/screenshot - {}
RESULT: {}
COMMAND: POST /session/b10d6c442cc9079ac1ad267591374e01/element - {"using":"xpath","value":"//bdi[contains(text(), \"Close\")]"}
RESULT: {"using":"xpath","value":"//bdi[contains(text(), \"Close\")]"}
COMMAND: POST /session/b10d6c442cc9079ac1ad267591374e01/element/f.820658ADB2B97F80F3CD4D4B07B1BD52.d.818FB7D860247C5210E532755453E908.e.7912/click - {}
RESULT: {}
COMMAND: GET /session/b10d6c442cc9079ac1ad267591374e01/screenshot - {}
RESULT: {}
COMMAND: POST /session/b10d6c442cc9079ac1ad267591374e01/element - {"using":"xpath","value":"(//button[contains(@id ,\"actionsToolbar-overflowButton\")])[1]"}
RESULT: {"using":"xpath","value":"(//button[contains(@id ,\"actionsToolbar-overflowButton\")])[1]"}
COMMAND: POST /session/b10d6c442cc9079ac1ad267591374e01/element/f.820658ADB2B97F80F3CD4D4B07B1BD52.d.818FB7D860247C5210E532755453E908.e.7969/click - {}
RESULT: {}
COMMAND: GET /session/b10d6c442cc9079ac1ad267591374e01/screenshot - {}
RESULT: {}
COMMAND: POST /session/b10d6c442cc9079ac1ad267591374e01/element - {"using":"xpath","value":"//button[@data-kt=\"priceInfoButton\"]"}
RESULT: {"using":"xpath","value":"//button[@data-kt=\"priceInfoButton\"]"}
COMMAND: POST /session/b10d6c442cc9079ac1ad267591374e01/element/f.820658ADB2B97F80F3CD4D4B07B1BD52.d.818FB7D860247C5210E532755453E908.e.7971/click - {}
RESULT: {}
COMMAND: GET /session/b10d6c442cc9079ac1ad267591374e01/screenshot - {}
RESULT: {}
]]></system-out>
    </testcase>
    <testcase classname="chrome.136_0_7103_49.windows.Billing_Transfer_-_Intracompany_US127249" name="Should create a pricing procedure" time="51.356">
      <system-out><![CDATA[
COMMAND: POST /session/b10d6c442cc9079ac1ad267591374e01/element - {"using":"xpath","value":"//button[@data-kt=\"addButton\"]"}
RESULT: {"using":"xpath","value":"//button[@data-kt=\"addButton\"]"}
COMMAND: POST /session/b10d6c442cc9079ac1ad267591374e01/elements - {"using":"xpath","value":"//button[@data-kt=\"addButton\"]"}
RESULT: {"using":"xpath","value":"//button[@data-kt=\"addButton\"]"}
COMMAND: POST /session/b10d6c442cc9079ac1ad267591374e01/elements - {"using":"xpath","value":"//button[@data-kt=\"addButton\"]"}
RESULT: {"using":"xpath","value":"//button[@data-kt=\"addButton\"]"}
COMMAND: POST /session/b10d6c442cc9079ac1ad267591374e01/element - {"using":"xpath","value":"//button[@data-kt=\"addButton\"]"}
RESULT: {"using":"xpath","value":"//button[@data-kt=\"addButton\"]"}
COMMAND: POST /session/b10d6c442cc9079ac1ad267591374e01/execute/sync - {"script":"<script> [8489 bytes]","args":[{"element-6066-11e4-a52e-4f735466cecf":"f.820658ADB2B97F80F3CD4D4B07B1BD52.d.818FB7D860247C5210E532755453E908.e.8008","ELEMENT":"f.820658ADB2B97F80F3CD4D4B07B1BD52.d.818FB7D860247C5210E532755453E908.e.8008"}]}
RESULT: {"script":"<script> [8489 bytes]","args":[{"element-6066-11e4-a52e-4f735466cecf":"f.820658ADB2B97F80F3CD4D4B07B1BD52.d.818FB7D860247C5210E532755453E908.e.8008","ELEMENT":"f.820658ADB2B97F80F3CD4D4B07B1BD52.d.818FB7D860247C5210E532755453E908.e.8008"}]}
COMMAND: GET /session/b10d6c442cc9079ac1ad267591374e01/element/f.820658ADB2B97F80F3CD4D4B07B1BD52.d.818FB7D860247C5210E532755453E908.e.8008/enabled - {}
COMMAND: GET /session/b10d6c442cc9079ac1ad267591374e01/screenshot - {}
RESULT: {}
COMMAND: POST /session/b10d6c442cc9079ac1ad267591374e01/execute/sync - {"script":"<script> [8489 bytes]","args":[{"element-6066-11e4-a52e-4f735466cecf":"f.820658ADB2B97F80F3CD4D4B07B1BD52.d.818FB7D860247C5210E532755453E908.e.8008","ELEMENT":"f.820658ADB2B97F80F3CD4D4B07B1BD52.d.818FB7D860247C5210E532755453E908.e.8008"}]}
COMMAND: GET /session/b10d6c442cc9079ac1ad267591374e01/screenshot - {}
RESULT: {}
RESULT: {"script":"<script> [8489 bytes]","args":[{"element-6066-11e4-a52e-4f735466cecf":"f.820658ADB2B97F80F3CD4D4B07B1BD52.d.818FB7D860247C5210E532755453E908.e.8008","ELEMENT":"f.820658ADB2B97F80F3CD4D4B07B1BD52.d.818FB7D860247C5210E532755453E908.e.8008"}]}
COMMAND: POST /session/b10d6c442cc9079ac1ad267591374e01/execute/sync - {"script":"<script> [5351 bytes]","args":[{"element-6066-11e4-a52e-4f735466cecf":"f.820658ADB2B97F80F3CD4D4B07B1BD52.d.818FB7D860247C5210E532755453E908.e.8008","ELEMENT":"f.820658ADB2B97F80F3CD4D4B07B1BD52.d.818FB7D860247C5210E532755453E908.e.8008"}]}
COMMAND: GET /session/b10d6c442cc9079ac1ad267591374e01/screenshot - {}
RESULT: {}
RESULT: {"script":"<script> [5351 bytes]","args":[{"element-6066-11e4-a52e-4f735466cecf":"f.820658ADB2B97F80F3CD4D4B07B1BD52.d.818FB7D860247C5210E532755453E908.e.8008","ELEMENT":"f.820658ADB2B97F80F3CD4D4B07B1BD52.d.818FB7D860247C5210E532755453E908.e.8008"}]}
COMMAND: POST /session/b10d6c442cc9079ac1ad267591374e01/element/f.820658ADB2B97F80F3CD4D4B07B1BD52.d.818FB7D860247C5210E532755453E908.e.8008/click - {}
COMMAND: GET /session/b10d6c442cc9079ac1ad267591374e01/screenshot - {}
RESULT: {}
RESULT: {}
COMMAND: GET /session/b10d6c442cc9079ac1ad267591374e01/screenshot - {}
RESULT: {}
RESULT: {}
COMMAND: POST /session/b10d6c442cc9079ac1ad267591374e01/execute/async - {"script":"<script> [1562 bytes]","args":[{"selector":{"controlType":"sap.m.Title","viewName":"etm.portal.ui.managepricingrules.view.NewItem","viewId":"application-managepricingrules-display-component---newInfoPriceItem","properties":{"text":"New Pricing Rules - Item Level"}},"wdio_ui5_key":"etmportal.ui.managepricingrules.view.NewItemsap.m.Title{\"text\":\"New Pricing Rules - Item Level\"}"}]}
RESULT: {"script":"<script> [1562 bytes]","args":[{"selector":{"controlType":"sap.m.Title","viewName":"etm.portal.ui.managepricingrules.view.NewItem","viewId":"application-managepricingrules-display-component---newInfoPriceItem","properties":{"text":"New Pricing Rules - Item Level"}},"wdio_ui5_key":"etmportal.ui.managepricingrules.view.NewItemsap.m.Title{\"text\":\"New Pricing Rules - Item Level\"}"}]}
RESULT: undefined
COMMAND: POST /session/b10d6c442cc9079ac1ad267591374e01/execute/async - {"script":"<script> [6424 bytes]","args":[{"element-6066-11e4-a52e-4f735466cecf":"f.820658ADB2B97F80F3CD4D4B07B1BD52.d.818FB7D860247C5210E532755453E908.e.8179"},"getText",[]]}
RESULT: {"script":"<script> [6424 bytes]","args":[{"element-6066-11e4-a52e-4f735466cecf":"f.820658ADB2B97F80F3CD4D4B07B1BD52.d.818FB7D860247C5210E532755453E908.e.8179"},"getText",[]]}
COMMAND: POST /session/b10d6c442cc9079ac1ad267591374e01/execute/async - {"script":"<script> [1562 bytes]","args":[{"selector":{"id":"application-managepricingrules-display-component---newInfoPriceItem--condValidTo","interaction":{"idSuffix":"inner"}},"wdio_ui5_key":"applicationmanagepricingrules-display-component---newInfoPriceItem--condValidTo"}]}
RESULT: {"script":"<script> [1562 bytes]","args":[{"selector":{"id":"application-managepricingrules-display-component---newInfoPriceItem--condValidTo","interaction":{"idSuffix":"inner"}},"wdio_ui5_key":"applicationmanagepricingrules-display-component---newInfoPriceItem--condValidTo"}]}
RESULT: undefined
COMMAND: POST /session/b10d6c442cc9079ac1ad267591374e01/execute/async - {"script":"<script> [776 bytes]","args":[{"enterText":"01/14/26","selector":{"id":"application-managepricingrules-display-component---newInfoPriceItem--condValidTo","interaction":{"idSuffix":"inner"}},"clearTextFirst":true,"interactionType":"ENTER_TEXT"}]}
RESULT: {"script":"<script> [776 bytes]","args":[{"enterText":"01/14/26","selector":{"id":"application-managepricingrules-display-component---newInfoPriceItem--condValidTo","interaction":{"idSuffix":"inner"}},"clearTextFirst":true,"interactionType":"ENTER_TEXT"}]}
COMMAND: POST /session/b10d6c442cc9079ac1ad267591374e01/execute/async - {"script":"<script> [1562 bytes]","args":[{"selector":{"id":"application-managepricingrules-display-component---newInfoPriceItem--billType-arrow"},"wdio_ui5_key":"applicationmanagepricingrules-display-component---newInfoPriceItem--billType-arrow"}]}
RESULT: {"script":"<script> [1562 bytes]","args":[{"selector":{"id":"application-managepricingrules-display-component---newInfoPriceItem--billType-arrow"},"wdio_ui5_key":"applicationmanagepricingrules-display-component---newInfoPriceItem--billType-arrow"}]}
RESULT: undefined
COMMAND: POST /session/b10d6c442cc9079ac1ad267591374e01/element - {"using":"xpath","value":"//*[@id=\"application-managepricingrules-display-component---newInfoPriceItem--billType-arrow\"]"}
RESULT: {"using":"xpath","value":"//*[@id=\"application-managepricingrules-display-component---newInfoPriceItem--billType-arrow\"]"}
COMMAND: POST /session/b10d6c442cc9079ac1ad267591374e01/element/f.820658ADB2B97F80F3CD4D4B07B1BD52.d.818FB7D860247C5210E532755453E908.e.8139/click - {}
RESULT: {}
COMMAND: POST /session/b10d6c442cc9079ac1ad267591374e01/element - {"using":"xpath","value":"//span[contains(text(), \"TB - Time based\")]"}
COMMAND: GET /session/b10d6c442cc9079ac1ad267591374e01/screenshot - {}
RESULT: {"using":"xpath","value":"//span[contains(text(), \"TB - Time based\")]"}
COMMAND: POST /session/b10d6c442cc9079ac1ad267591374e01/element/f.820658ADB2B97F80F3CD4D4B07B1BD52.d.818FB7D860247C5210E532755453E908.e.8183/click - {}
RESULT: {}
RESULT: {}
COMMAND: POST /session/b10d6c442cc9079ac1ad267591374e01/execute/async - {"script":"<script> [1562 bytes]","args":[{"selector":{"id":"application-managepricingrules-display-component---newInfoPriceItem--priceProc-arrow"},"wdio_ui5_key":"applicationmanagepricingrules-display-component---newInfoPriceItem--priceProc-arrow"}]}
COMMAND: GET /session/b10d6c442cc9079ac1ad267591374e01/screenshot - {}
RESULT: {"script":"<script> [1562 bytes]","args":[{"selector":{"id":"application-managepricingrules-display-component---newInfoPriceItem--priceProc-arrow"},"wdio_ui5_key":"applicationmanagepricingrules-display-component---newInfoPriceItem--priceProc-arrow"}]}
RESULT: undefined
COMMAND: POST /session/b10d6c442cc9079ac1ad267591374e01/element - {"using":"xpath","value":"//*[@id=\"application-managepricingrules-display-component---newInfoPriceItem--priceProc-arrow\"]"}
RESULT: {}
RESULT: {"using":"xpath","value":"//*[@id=\"application-managepricingrules-display-component---newInfoPriceItem--priceProc-arrow\"]"}
COMMAND: POST /session/b10d6c442cc9079ac1ad267591374e01/element/f.820658ADB2B97F80F3CD4D4B07B1BD52.d.818FB7D860247C5210E532755453E908.e.8146/click - {}
RESULT: {}
COMMAND: POST /session/b10d6c442cc9079ac1ad267591374e01/element - {"using":"xpath","value":"//span[contains(text(), \"TBS - Time based standard\")]"}
COMMAND: GET /session/b10d6c442cc9079ac1ad267591374e01/screenshot - {}
RESULT: {"using":"xpath","value":"//span[contains(text(), \"TBS - Time based standard\")]"}
COMMAND: POST /session/b10d6c442cc9079ac1ad267591374e01/element/f.820658ADB2B97F80F3CD4D4B07B1BD52.d.818FB7D860247C5210E532755453E908.e.8184/click - {}
RESULT: {}
RESULT: {}
COMMAND: POST /session/b10d6c442cc9079ac1ad267591374e01/execute/async - {"script":"<script> [1562 bytes]","args":[{"selector":{"id":"application-managepricingrules-display-component---newInfoPriceItem--calcBase-arrow"},"wdio_ui5_key":"applicationmanagepricingrules-display-component---newInfoPriceItem--calcBase-arrow"}]}
COMMAND: GET /session/b10d6c442cc9079ac1ad267591374e01/screenshot - {}
RESULT: {"script":"<script> [1562 bytes]","args":[{"selector":{"id":"application-managepricingrules-display-component---newInfoPriceItem--calcBase-arrow"},"wdio_ui5_key":"applicationmanagepricingrules-display-component---newInfoPriceItem--calcBase-arrow"}]}
RESULT: undefined
COMMAND: POST /session/b10d6c442cc9079ac1ad267591374e01/element - {"using":"xpath","value":"//*[@id=\"application-managepricingrules-display-component---newInfoPriceItem--calcBase-arrow\"]"}
RESULT: {}
RESULT: {"using":"xpath","value":"//*[@id=\"application-managepricingrules-display-component---newInfoPriceItem--calcBase-arrow\"]"}
COMMAND: POST /session/b10d6c442cc9079ac1ad267591374e01/element/f.820658ADB2B97F80F3CD4D4B07B1BD52.d.818FB7D860247C5210E532755453E908.e.8153/click - {}
RESULT: {}
COMMAND: GET /session/b10d6c442cc9079ac1ad267591374e01/screenshot - {}
RESULT: {}
COMMAND: POST /session/b10d6c442cc9079ac1ad267591374e01/element - {"using":"xpath","value":"//span[contains(text(), \"0006 - TB(calendar days)\")]"}
RESULT: {"using":"xpath","value":"//span[contains(text(), \"0006 - TB(calendar days)\")]"}
COMMAND: POST /session/b10d6c442cc9079ac1ad267591374e01/element/f.820658ADB2B97F80F3CD4D4B07B1BD52.d.818FB7D860247C5210E532755453E908.e.8185/click - {}
RESULT: {}
COMMAND: GET /session/b10d6c442cc9079ac1ad267591374e01/screenshot - {}
RESULT: {}
COMMAND: POST /session/b10d6c442cc9079ac1ad267591374e01/execute/async - {"script":"<script> [1562 bytes]","args":[{"selector":{"id":"application-managepricingrules-display-component---newInfoPriceItem--daysMonth","interaction":{"idSuffix":"inner"}},"wdio_ui5_key":"applicationmanagepricingrules-display-component---newInfoPriceItem--daysMonth"}]}
RESULT: {"script":"<script> [1562 bytes]","args":[{"selector":{"id":"application-managepricingrules-display-component---newInfoPriceItem--daysMonth","interaction":{"idSuffix":"inner"}},"wdio_ui5_key":"applicationmanagepricingrules-display-component---newInfoPriceItem--daysMonth"}]}
RESULT: undefined
COMMAND: POST /session/b10d6c442cc9079ac1ad267591374e01/execute/async - {"script":"<script> [776 bytes]","args":[{"enterText":"30","selector":{"id":"application-managepricingrules-display-component---newInfoPriceItem--daysMonth","interaction":{"idSuffix":"inner"}},"clearTextFirst":true,"interactionType":"ENTER_TEXT"}]}
RESULT: {"script":"<script> [776 bytes]","args":[{"enterText":"30","selector":{"id":"application-managepricingrules-display-component---newInfoPriceItem--daysMonth","interaction":{"idSuffix":"inner"}},"clearTextFirst":true,"interactionType":"ENTER_TEXT"}]}
COMMAND: POST /session/b10d6c442cc9079ac1ad267591374e01/element - {"using":"xpath","value":"//button[@data-kt=\"saveNewRuleButton\"]"}
RESULT: {"using":"xpath","value":"//button[@data-kt=\"saveNewRuleButton\"]"}
COMMAND: POST /session/b10d6c442cc9079ac1ad267591374e01/element/f.820658ADB2B97F80F3CD4D4B07B1BD52.d.818FB7D860247C5210E532755453E908.e.8173/click - {}
RESULT: {}
COMMAND: GET /session/b10d6c442cc9079ac1ad267591374e01/screenshot - {}
RESULT: {}
COMMAND: POST /session/b10d6c442cc9079ac1ad267591374e01/execute/async - {"script":"<script> [1562 bytes]","args":[{"selector":{"id":"application-managepricingrules-display-component---priceInfoItem--smartFilterBar-btnBasicSearch","interaction":{"idSuffix":"I"}},"wdio_ui5_key":"applicationmanagepricingrules-display-component---priceInfoItem--smartFilterBar-btnBasicSearch"}]}
RESULT: {"script":"<script> [1562 bytes]","args":[{"selector":{"id":"application-managepricingrules-display-component---priceInfoItem--smartFilterBar-btnBasicSearch","interaction":{"idSuffix":"I"}},"wdio_ui5_key":"applicationmanagepricingrules-display-component---priceInfoItem--smartFilterBar-btnBasicSearch"}]}
RESULT: undefined
COMMAND: POST /session/b10d6c442cc9079ac1ad267591374e01/execute/async - {"script":"<script> [776 bytes]","args":[{"enterText":"aGmViFz2Sb","selector":{"id":"application-managepricingrules-display-component---priceInfoItem--smartFilterBar-btnBasicSearch","interaction":{"idSuffix":"I"}},"clearTextFirst":true,"interactionType":"ENTER_TEXT"}]}
RESULT: {"script":"<script> [776 bytes]","args":[{"enterText":"aGmViFz2Sb","selector":{"id":"application-managepricingrules-display-component---priceInfoItem--smartFilterBar-btnBasicSearch","interaction":{"idSuffix":"I"}},"clearTextFirst":true,"interactionType":"ENTER_TEXT"}]}
COMMAND: POST /session/b10d6c442cc9079ac1ad267591374e01/actions - {"actions":[{"id":"action31","type":"key","parameters":{},"actions":[{"type":"keyDown","value":"î€‡"},{"type":"pause","duration":10},{"type":"keyUp","value":"î€‡"}]}]}
RESULT: {"actions":[{"id":"action31","type":"key","parameters":{},"actions":[{"type":"keyDown","value":"î€‡"},{"type":"pause","duration":10},{"type":"keyUp","value":"î€‡"}]}]}
COMMAND: GET /session/b10d6c442cc9079ac1ad267591374e01/screenshot - {}
RESULT: {}
COMMAND: POST /session/b10d6c442cc9079ac1ad267591374e01/element - {"using":"xpath","value":"//span[@id=\"application-managepricingrules-display-component---priceInfoItem--smartTable-header-inner\"]"}
RESULT: {"using":"xpath","value":"//span[@id=\"application-managepricingrules-display-component---priceInfoItem--smartTable-header-inner\"]"}
COMMAND: POST /session/b10d6c442cc9079ac1ad267591374e01/elements - {"using":"xpath","value":"//span[@id=\"application-managepricingrules-display-component---priceInfoItem--smartTable-header-inner\"]"}
RESULT: {"using":"xpath","value":"//span[@id=\"application-managepricingrules-display-component---priceInfoItem--smartTable-header-inner\"]"}
COMMAND: POST /session/b10d6c442cc9079ac1ad267591374e01/execute/sync - {"script":"<script> [56 bytes]","args":[{"element-6066-11e4-a52e-4f735466cecf":"f.820658ADB2B97F80F3CD4D4B07B1BD52.d.818FB7D860247C5210E532755453E908.e.8199","ELEMENT":"f.820658ADB2B97F80F3CD4D4B07B1BD52.d.818FB7D860247C5210E532755453E908.e.8199"}]}
RESULT: {"script":"<script> [56 bytes]","args":[{"element-6066-11e4-a52e-4f735466cecf":"f.820658ADB2B97F80F3CD4D4B07B1BD52.d.818FB7D860247C5210E532755453E908.e.8199","ELEMENT":"f.820658ADB2B97F80F3CD4D4B07B1BD52.d.818FB7D860247C5210E532755453E908.e.8199"}]}
COMMAND: POST /session/b10d6c442cc9079ac1ad267591374e01/element - {"using":"css selector","value":"#shell-header-logo"}
COMMAND: GET /session/b10d6c442cc9079ac1ad267591374e01/screenshot - {}
RESULT: {"using":"css selector","value":"#shell-header-logo"}
COMMAND: POST /session/b10d6c442cc9079ac1ad267591374e01/element/f.820658ADB2B97F80F3CD4D4B07B1BD52.d.818FB7D860247C5210E532755453E908.e.7305/click - {}
RESULT: {}
RESULT: {}
COMMAND: GET /session/b10d6c442cc9079ac1ad267591374e01/screenshot - {}
RESULT: {}
]]></system-out>
    </testcase>
    <testcase classname="chrome.136_0_7103_49.windows.Billing_Transfer_-_Intracompany_US127249" name="Should manage conditions" time="63.305">
      <system-out><![CDATA[
COMMAND: POST /session/b10d6c442cc9079ac1ad267591374e01/execute/async - {"script":"<script> [1562 bytes]","args":[{"selector":{"controlType":"sap.m.Text","properties":{"text":"Manage Conditions & Prices"},"interaction":{"idSuffix":"inner"}},"wdio_ui5_key":"sapm.Text{\"text\":\"Manage Conditions & Prices\"}"}]}
RESULT: {"script":"<script> [1562 bytes]","args":[{"selector":{"controlType":"sap.m.Text","properties":{"text":"Manage Conditions & Prices"},"interaction":{"idSuffix":"inner"}},"wdio_ui5_key":"sapm.Text{\"text\":\"Manage Conditions & Prices\"}"}]}
RESULT: undefined
COMMAND: POST /session/b10d6c442cc9079ac1ad267591374e01/element - {"using":"xpath","value":"//*[@id=\"__tile93-title\"]"}
RESULT: {"using":"xpath","value":"//*[@id=\"__tile93-title\"]"}
COMMAND: POST /session/b10d6c442cc9079ac1ad267591374e01/element/f.820658ADB2B97F80F3CD4D4B07B1BD52.d.818FB7D860247C5210E532755453E908.e.8202/click - {}
RESULT: {}
COMMAND: POST /session/b10d6c442cc9079ac1ad267591374e01/element - {"using":"xpath","value":"//button[@aria-label=\"Create\"]"}
COMMAND: GET /session/b10d6c442cc9079ac1ad267591374e01/screenshot - {}
RESULT: {"using":"xpath","value":"//button[@aria-label=\"Create\"]"}
COMMAND: POST /session/b10d6c442cc9079ac1ad267591374e01/elements - {"using":"xpath","value":"//button[@aria-label=\"Create\"]"}
RESULT: {}
RESULT: {"using":"xpath","value":"//button[@aria-label=\"Create\"]"}
COMMAND: POST /session/b10d6c442cc9079ac1ad267591374e01/elements - {"using":"xpath","value":"//button[@aria-label=\"Create\"]"}
RESULT: {"using":"xpath","value":"//button[@aria-label=\"Create\"]"}
COMMAND: POST /session/b10d6c442cc9079ac1ad267591374e01/elements - {"using":"xpath","value":"//button[@aria-label=\"Create\"]"}
RESULT: {"using":"xpath","value":"//button[@aria-label=\"Create\"]"}
COMMAND: POST /session/b10d6c442cc9079ac1ad267591374e01/elements - {"using":"xpath","value":"//button[@aria-label=\"Create\"]"}
RESULT: {"using":"xpath","value":"//button[@aria-label=\"Create\"]"}
COMMAND: POST /session/b10d6c442cc9079ac1ad267591374e01/elements - {"using":"xpath","value":"//button[@aria-label=\"Create\"]"}
RESULT: {"using":"xpath","value":"//button[@aria-label=\"Create\"]"}
COMMAND: POST /session/b10d6c442cc9079ac1ad267591374e01/elements - {"using":"xpath","value":"//button[@aria-label=\"Create\"]"}
RESULT: {"using":"xpath","value":"//button[@aria-label=\"Create\"]"}
COMMAND: POST /session/b10d6c442cc9079ac1ad267591374e01/elements - {"using":"xpath","value":"//button[@aria-label=\"Create\"]"}
RESULT: {"using":"xpath","value":"//button[@aria-label=\"Create\"]"}
COMMAND: POST /session/b10d6c442cc9079ac1ad267591374e01/elements - {"using":"xpath","value":"//button[@aria-label=\"Create\"]"}
RESULT: {"using":"xpath","value":"//button[@aria-label=\"Create\"]"}
COMMAND: POST /session/b10d6c442cc9079ac1ad267591374e01/elements - {"using":"xpath","value":"//button[@aria-label=\"Create\"]"}
RESULT: {"using":"xpath","value":"//button[@aria-label=\"Create\"]"}
COMMAND: POST /session/b10d6c442cc9079ac1ad267591374e01/elements - {"using":"xpath","value":"//button[@aria-label=\"Create\"]"}
RESULT: {"using":"xpath","value":"//button[@aria-label=\"Create\"]"}
COMMAND: POST /session/b10d6c442cc9079ac1ad267591374e01/elements - {"using":"xpath","value":"//button[@aria-label=\"Create\"]"}
RESULT: {"using":"xpath","value":"//button[@aria-label=\"Create\"]"}
COMMAND: POST /session/b10d6c442cc9079ac1ad267591374e01/elements - {"using":"xpath","value":"//button[@aria-label=\"Create\"]"}
RESULT: {"using":"xpath","value":"//button[@aria-label=\"Create\"]"}
COMMAND: POST /session/b10d6c442cc9079ac1ad267591374e01/element - {"using":"xpath","value":"//button[@aria-label=\"Create\"]"}
RESULT: {"using":"xpath","value":"//button[@aria-label=\"Create\"]"}
COMMAND: POST /session/b10d6c442cc9079ac1ad267591374e01/execute/sync - {"script":"<script> [8489 bytes]","args":[{"element-6066-11e4-a52e-4f735466cecf":"f.820658ADB2B97F80F3CD4D4B07B1BD52.d.818FB7D860247C5210E532755453E908.e.8236","ELEMENT":"f.820658ADB2B97F80F3CD4D4B07B1BD52.d.818FB7D860247C5210E532755453E908.e.8236"}]}
RESULT: {"script":"<script> [8489 bytes]","args":[{"element-6066-11e4-a52e-4f735466cecf":"f.820658ADB2B97F80F3CD4D4B07B1BD52.d.818FB7D860247C5210E532755453E908.e.8236","ELEMENT":"f.820658ADB2B97F80F3CD4D4B07B1BD52.d.818FB7D860247C5210E532755453E908.e.8236"}]}
COMMAND: GET /session/b10d6c442cc9079ac1ad267591374e01/element/f.820658ADB2B97F80F3CD4D4B07B1BD52.d.818FB7D860247C5210E532755453E908.e.8236/enabled - {}
COMMAND: GET /session/b10d6c442cc9079ac1ad267591374e01/screenshot - {}
RESULT: {}
COMMAND: POST /session/b10d6c442cc9079ac1ad267591374e01/execute/sync - {"script":"<script> [8489 bytes]","args":[{"element-6066-11e4-a52e-4f735466cecf":"f.820658ADB2B97F80F3CD4D4B07B1BD52.d.818FB7D860247C5210E532755453E908.e.8236","ELEMENT":"f.820658ADB2B97F80F3CD4D4B07B1BD52.d.818FB7D860247C5210E532755453E908.e.8236"}]}
COMMAND: GET /session/b10d6c442cc9079ac1ad267591374e01/screenshot - {}
RESULT: {}
RESULT: {"script":"<script> [8489 bytes]","args":[{"element-6066-11e4-a52e-4f735466cecf":"f.820658ADB2B97F80F3CD4D4B07B1BD52.d.818FB7D860247C5210E532755453E908.e.8236","ELEMENT":"f.820658ADB2B97F80F3CD4D4B07B1BD52.d.818FB7D860247C5210E532755453E908.e.8236"}]}
COMMAND: POST /session/b10d6c442cc9079ac1ad267591374e01/execute/sync - {"script":"<script> [5351 bytes]","args":[{"element-6066-11e4-a52e-4f735466cecf":"f.820658ADB2B97F80F3CD4D4B07B1BD52.d.818FB7D860247C5210E532755453E908.e.8236","ELEMENT":"f.820658ADB2B97F80F3CD4D4B07B1BD52.d.818FB7D860247C5210E532755453E908.e.8236"}]}
COMMAND: GET /session/b10d6c442cc9079ac1ad267591374e01/screenshot - {}
RESULT: {}
RESULT: {"script":"<script> [5351 bytes]","args":[{"element-6066-11e4-a52e-4f735466cecf":"f.820658ADB2B97F80F3CD4D4B07B1BD52.d.818FB7D860247C5210E532755453E908.e.8236","ELEMENT":"f.820658ADB2B97F80F3CD4D4B07B1BD52.d.818FB7D860247C5210E532755453E908.e.8236"}]}
COMMAND: POST /session/b10d6c442cc9079ac1ad267591374e01/element/f.820658ADB2B97F80F3CD4D4B07B1BD52.d.818FB7D860247C5210E532755453E908.e.8236/click - {}
COMMAND: GET /session/b10d6c442cc9079ac1ad267591374e01/screenshot - {}
RESULT: {}
RESULT: {}
COMMAND: GET /session/b10d6c442cc9079ac1ad267591374e01/screenshot - {}
RESULT: {}
RESULT: {}
COMMAND: POST /session/b10d6c442cc9079ac1ad267591374e01/actions - {"actions":[{"id":"action32","type":"key","parameters":{},"actions":[{"type":"keyDown","value":"î€‡"},{"type":"pause","duration":10},{"type":"keyUp","value":"î€‡"}]}]}
RESULT: {"actions":[{"id":"action32","type":"key","parameters":{},"actions":[{"type":"keyDown","value":"î€‡"},{"type":"pause","duration":10},{"type":"keyUp","value":"î€‡"}]}]}
COMMAND: GET /session/b10d6c442cc9079ac1ad267591374e01/screenshot - {}
RESULT: {}
COMMAND: POST /session/b10d6c442cc9079ac1ad267591374e01/execute/async - {"script":"<script> [1562 bytes]","args":[{"selector":{"id":"application-manageconditionprice-display-component---newCondition--condBillCond-arrow"},"wdio_ui5_key":"applicationmanageconditionprice-display-component---newCondition--condBillCond-arrow"}]}
RESULT: {"script":"<script> [1562 bytes]","args":[{"selector":{"id":"application-manageconditionprice-display-component---newCondition--condBillCond-arrow"},"wdio_ui5_key":"applicationmanageconditionprice-display-component---newCondition--condBillCond-arrow"}]}
RESULT: undefined
COMMAND: POST /session/b10d6c442cc9079ac1ad267591374e01/element - {"using":"xpath","value":"//*[@id=\"application-manageconditionprice-display-component---newCondition--condBillCond-arrow\"]"}
RESULT: {"using":"xpath","value":"//*[@id=\"application-manageconditionprice-display-component---newCondition--condBillCond-arrow\"]"}
COMMAND: POST /session/b10d6c442cc9079ac1ad267591374e01/element/f.820658ADB2B97F80F3CD4D4B07B1BD52.d.818FB7D860247C5210E532755453E908.e.8416/click - {}
RESULT: {}
COMMAND: GET /session/b10d6c442cc9079ac1ad267591374e01/screenshot - {}
RESULT: {}
COMMAND: POST /session/b10d6c442cc9079ac1ad267591374e01/element - {"using":"xpath","value":"//li[.//span[contains(text(), \"DISP - D&I special price\")]]"}
RESULT: {"using":"xpath","value":"//li[.//span[contains(text(), \"DISP - D&I special price\")]]"}
COMMAND: POST /session/b10d6c442cc9079ac1ad267591374e01/element/f.820658ADB2B97F80F3CD4D4B07B1BD52.d.818FB7D860247C5210E532755453E908.e.8419/click - {}
RESULT: {}
COMMAND: GET /session/b10d6c442cc9079ac1ad267591374e01/screenshot - {}
RESULT: {}
COMMAND: POST /session/b10d6c442cc9079ac1ad267591374e01/execute/async - {"script":"<script> [1562 bytes]","args":[{"selector":{"id":"application-manageconditionprice-display-component---newCondition--condValidTo","interaction":{"idSuffix":"inner"}},"wdio_ui5_key":"applicationmanageconditionprice-display-component---newCondition--condValidTo"}]}
RESULT: {"script":"<script> [1562 bytes]","args":[{"selector":{"id":"application-manageconditionprice-display-component---newCondition--condValidTo","interaction":{"idSuffix":"inner"}},"wdio_ui5_key":"applicationmanageconditionprice-display-component---newCondition--condValidTo"}]}
RESULT: undefined
COMMAND: POST /session/b10d6c442cc9079ac1ad267591374e01/execute/async - {"script":"<script> [776 bytes]","args":[{"enterText":"01/14/26","selector":{"id":"application-manageconditionprice-display-component---newCondition--condValidTo","interaction":{"idSuffix":"inner"}},"clearTextFirst":true,"interactionType":"ENTER_TEXT"}]}
RESULT: {"script":"<script> [776 bytes]","args":[{"enterText":"01/14/26","selector":{"id":"application-manageconditionprice-display-component---newCondition--condValidTo","interaction":{"idSuffix":"inner"}},"clearTextFirst":true,"interactionType":"ENTER_TEXT"}]}
COMMAND: POST /session/b10d6c442cc9079ac1ad267591374e01/element - {"using":"xpath","value":"//input[@id=\"application-manageconditionprice-display-component---newCondition--condRU-inner\"]"}
RESULT: {"using":"xpath","value":"//input[@id=\"application-manageconditionprice-display-component---newCondition--condRU-inner\"]"}
COMMAND: POST /session/b10d6c442cc9079ac1ad267591374e01/element/f.820658ADB2B97F80F3CD4D4B07B1BD52.d.818FB7D860247C5210E532755453E908.e.8252/clear - {}
RESULT: {}
COMMAND: POST /session/b10d6c442cc9079ac1ad267591374e01/element/f.820658ADB2B97F80F3CD4D4B07B1BD52.d.818FB7D860247C5210E532755453E908.e.8252/value - {"text":"aGmViFz2Sb"}
COMMAND: GET /session/b10d6c442cc9079ac1ad267591374e01/screenshot - {}
RESULT: {"text":"aGmViFz2Sb"}
COMMAND: GET /session/b10d6c442cc9079ac1ad267591374e01/screenshot - {}
RESULT: {}
RESULT: {}
COMMAND: POST /session/b10d6c442cc9079ac1ad267591374e01/actions - {"actions":[{"id":"action33","type":"key","parameters":{},"actions":[{"type":"keyDown","value":"î€‡"},{"type":"pause","duration":10},{"type":"keyUp","value":"î€‡"}]}]}
RESULT: {"actions":[{"id":"action33","type":"key","parameters":{},"actions":[{"type":"keyDown","value":"î€‡"},{"type":"pause","duration":10},{"type":"keyUp","value":"î€‡"}]}]}
COMMAND: POST /session/b10d6c442cc9079ac1ad267591374e01/execute/async - {"script":"<script> [1562 bytes]","args":[{"selector":{"id":"application-manageconditionprice-display-component---newCondition--condBaseQty","interaction":{"idSuffix":"inner"}},"wdio_ui5_key":"applicationmanageconditionprice-display-component---newCondition--condBaseQty"}]}
COMMAND: GET /session/b10d6c442cc9079ac1ad267591374e01/screenshot - {}
RESULT: {"script":"<script> [1562 bytes]","args":[{"selector":{"id":"application-manageconditionprice-display-component---newCondition--condBaseQty","interaction":{"idSuffix":"inner"}},"wdio_ui5_key":"applicationmanageconditionprice-display-component---newCondition--condBaseQty"}]}
RESULT: undefined
COMMAND: POST /session/b10d6c442cc9079ac1ad267591374e01/execute/async - {"script":"<script> [776 bytes]","args":[{"enterText":"1","selector":{"id":"application-manageconditionprice-display-component---newCondition--condBaseQty","interaction":{"idSuffix":"inner"}},"clearTextFirst":true,"interactionType":"ENTER_TEXT"}]}
RESULT: {}
RESULT: {"script":"<script> [776 bytes]","args":[{"enterText":"1","selector":{"id":"application-manageconditionprice-display-component---newCondition--condBaseQty","interaction":{"idSuffix":"inner"}},"clearTextFirst":true,"interactionType":"ENTER_TEXT"}]}
COMMAND: POST /session/b10d6c442cc9079ac1ad267591374e01/execute/async - {"script":"<script> [1562 bytes]","args":[{"selector":{"id":"application-manageconditionprice-display-component---newCondition--condValue","interaction":{"idSuffix":"inner"}},"wdio_ui5_key":"applicationmanageconditionprice-display-component---newCondition--condValue"}]}
RESULT: {"script":"<script> [1562 bytes]","args":[{"selector":{"id":"application-manageconditionprice-display-component---newCondition--condValue","interaction":{"idSuffix":"inner"}},"wdio_ui5_key":"applicationmanageconditionprice-display-component---newCondition--condValue"}]}
RESULT: undefined
COMMAND: POST /session/b10d6c442cc9079ac1ad267591374e01/execute/async - {"script":"<script> [776 bytes]","args":[{"enterText":"200","selector":{"id":"application-manageconditionprice-display-component---newCondition--condValue","interaction":{"idSuffix":"inner"}},"clearTextFirst":true,"interactionType":"ENTER_TEXT"}]}
RESULT: {"script":"<script> [776 bytes]","args":[{"enterText":"200","selector":{"id":"application-manageconditionprice-display-component---newCondition--condValue","interaction":{"idSuffix":"inner"}},"clearTextFirst":true,"interactionType":"ENTER_TEXT"}]}
COMMAND: POST /session/b10d6c442cc9079ac1ad267591374e01/execute/async - {"script":"<script> [1562 bytes]","args":[{"selector":{"id":"application-manageconditionprice-display-component---newCondition--condCurr-arrow"},"wdio_ui5_key":"applicationmanageconditionprice-display-component---newCondition--condCurr-arrow"}]}
RESULT: {"script":"<script> [1562 bytes]","args":[{"selector":{"id":"application-manageconditionprice-display-component---newCondition--condCurr-arrow"},"wdio_ui5_key":"applicationmanageconditionprice-display-component---newCondition--condCurr-arrow"}]}
RESULT: undefined
COMMAND: POST /session/b10d6c442cc9079ac1ad267591374e01/element - {"using":"xpath","value":"//*[@id=\"application-manageconditionprice-display-component---newCondition--condCurr-arrow\"]"}
RESULT: {"using":"xpath","value":"//*[@id=\"application-manageconditionprice-display-component---newCondition--condCurr-arrow\"]"}
COMMAND: POST /session/b10d6c442cc9079ac1ad267591374e01/element/f.820658ADB2B97F80F3CD4D4B07B1BD52.d.818FB7D860247C5210E532755453E908.e.8398/click - {}
RESULT: {}
COMMAND: POST /session/b10d6c442cc9079ac1ad267591374e01/element - {"using":"xpath","value":"//span[contains(text(), \"Euro\")]"}
COMMAND: GET /session/b10d6c442cc9079ac1ad267591374e01/screenshot - {}
RESULT: {"using":"xpath","value":"//span[contains(text(), \"Euro\")]"}
COMMAND: POST /session/b10d6c442cc9079ac1ad267591374e01/element/f.820658ADB2B97F80F3CD4D4B07B1BD52.d.818FB7D860247C5210E532755453E908.e.8456/click - {}
RESULT: {}
RESULT: {}
COMMAND: POST /session/b10d6c442cc9079ac1ad267591374e01/element - {"using":"xpath","value":"//button[@data-kt=\"saveButton\"]"}
COMMAND: GET /session/b10d6c442cc9079ac1ad267591374e01/screenshot - {}
RESULT: {"using":"xpath","value":"//button[@data-kt=\"saveButton\"]"}
COMMAND: POST /session/b10d6c442cc9079ac1ad267591374e01/element/f.820658ADB2B97F80F3CD4D4B07B1BD52.d.818FB7D860247C5210E532755453E908.e.8399/click - {}
RESULT: {}
RESULT: {}
COMMAND: GET /session/b10d6c442cc9079ac1ad267591374e01/screenshot - {}
RESULT: {}
COMMAND: POST /session/b10d6c442cc9079ac1ad267591374e01/execute/async - {"script":"<script> [1562 bytes]","args":[{"selector":{"id":"application-manageconditionprice-display-component---conditions--smartFilterBar-btnBasicSearch","interaction":{"idSuffix":"I"}},"wdio_ui5_key":"applicationmanageconditionprice-display-component---conditions--smartFilterBar-btnBasicSearch"}]}
RESULT: {"script":"<script> [1562 bytes]","args":[{"selector":{"id":"application-manageconditionprice-display-component---conditions--smartFilterBar-btnBasicSearch","interaction":{"idSuffix":"I"}},"wdio_ui5_key":"applicationmanageconditionprice-display-component---conditions--smartFilterBar-btnBasicSearch"}]}
RESULT: undefined
COMMAND: POST /session/b10d6c442cc9079ac1ad267591374e01/execute/async - {"script":"<script> [776 bytes]","args":[{"enterText":"aGmViFz2Sb","selector":{"id":"application-manageconditionprice-display-component---conditions--smartFilterBar-btnBasicSearch","interaction":{"idSuffix":"I"}},"clearTextFirst":true,"interactionType":"ENTER_TEXT"}]}
RESULT: {"script":"<script> [776 bytes]","args":[{"enterText":"aGmViFz2Sb","selector":{"id":"application-manageconditionprice-display-component---conditions--smartFilterBar-btnBasicSearch","interaction":{"idSuffix":"I"}},"clearTextFirst":true,"interactionType":"ENTER_TEXT"}]}
COMMAND: POST /session/b10d6c442cc9079ac1ad267591374e01/actions - {"actions":[{"id":"action34","type":"key","parameters":{},"actions":[{"type":"keyDown","value":"î€‡"},{"type":"pause","duration":10},{"type":"keyUp","value":"î€‡"}]}]}
RESULT: {"actions":[{"id":"action34","type":"key","parameters":{},"actions":[{"type":"keyDown","value":"î€‡"},{"type":"pause","duration":10},{"type":"keyUp","value":"î€‡"}]}]}
COMMAND: GET /session/b10d6c442cc9079ac1ad267591374e01/screenshot - {}
RESULT: {}
COMMAND: POST /session/b10d6c442cc9079ac1ad267591374e01/execute/async - {"script":"<script> [1562 bytes]","args":[{"selector":{"id":"application-manageconditionprice-display-component---conditions--smartFilterBar-filterItemControl_BASIC-BILL_TYPES-vhi"},"wdio_ui5_key":"applicationmanageconditionprice-display-component---conditions--smartFilterBar-filterItemControl_BASIC-BILL_TYPES-vhi"}]}
RESULT: {"script":"<script> [1562 bytes]","args":[{"selector":{"id":"application-manageconditionprice-display-component---conditions--smartFilterBar-filterItemControl_BASIC-BILL_TYPES-vhi"},"wdio_ui5_key":"applicationmanageconditionprice-display-component---conditions--smartFilterBar-filterItemControl_BASIC-BILL_TYPES-vhi"}]}
RESULT: undefined
COMMAND: POST /session/b10d6c442cc9079ac1ad267591374e01/element - {"using":"xpath","value":"//*[@id=\"application-manageconditionprice-display-component---conditions--smartFilterBar-filterItemControl_BASIC-BILL_TYPES-vhi\"]"}
RESULT: {"using":"xpath","value":"//*[@id=\"application-manageconditionprice-display-component---conditions--smartFilterBar-filterItemControl_BASIC-BILL_TYPES-vhi\"]"}
COMMAND: POST /session/b10d6c442cc9079ac1ad267591374e01/element/f.820658ADB2B97F80F3CD4D4B07B1BD52.d.818FB7D860247C5210E532755453E908.e.8472/click - {}
RESULT: {}
COMMAND: POST /session/b10d6c442cc9079ac1ad267591374e01/execute/async - {"script":"<script> [1562 bytes]","args":[{"selector":{"id":"application-manageconditionprice-display-component---conditions--smartFilterBar-filterItemControl_BASIC-BILL_TYPES-valueHelpDialog-smartFilterBar-btnBasicSearch","searchOpenDialogs":true,"interaction":{"idSuffix":"I"}},"wdio_ui5_key":"applicationmanageconditionprice-display-component---conditions--smartFilterBar-filterItemControl_BASIC-BILL_TYPES-valueHelpDialog-smartFilterBar-btnBasicSearch"}]}
COMMAND: GET /session/b10d6c442cc9079ac1ad267591374e01/screenshot - {}
RESULT: {"script":"<script> [1562 bytes]","args":[{"selector":{"id":"application-manageconditionprice-display-component---conditions--smartFilterBar-filterItemControl_BASIC-BILL_TYPES-valueHelpDialog-smartFilterBar-btnBasicSearch","searchOpenDialogs":true,"interaction":{"idSuffix":"I"}},"wdio_ui5_key":"applicationmanageconditionprice-display-component---conditions--smartFilterBar-filterItemControl_BASIC-BILL_TYPES-valueHelpDialog-smartFilterBar-btnBasicSearch"}]}
RESULT: undefined
COMMAND: POST /session/b10d6c442cc9079ac1ad267591374e01/execute/async - {"script":"<script> [776 bytes]","args":[{"enterText":"TB","selector":{"id":"application-manageconditionprice-display-component---conditions--smartFilterBar-filterItemControl_BASIC-BILL_TYPES-valueHelpDialog-smartFilterBar-btnBasicSearch","searchOpenDialogs":true,"interaction":{"idSuffix":"I"}},"clearTextFirst":true,"interactionType":"ENTER_TEXT"}]}
RESULT: {}
RESULT: {"script":"<script> [776 bytes]","args":[{"enterText":"TB","selector":{"id":"application-manageconditionprice-display-component---conditions--smartFilterBar-filterItemControl_BASIC-BILL_TYPES-valueHelpDialog-smartFilterBar-btnBasicSearch","searchOpenDialogs":true,"interaction":{"idSuffix":"I"}},"clearTextFirst":true,"interactionType":"ENTER_TEXT"}]}
COMMAND: POST /session/b10d6c442cc9079ac1ad267591374e01/actions - {"actions":[{"id":"action35","type":"key","parameters":{},"actions":[{"type":"keyDown","value":"î€‡"},{"type":"pause","duration":10},{"type":"keyUp","value":"î€‡"}]}]}
RESULT: {"actions":[{"id":"action35","type":"key","parameters":{},"actions":[{"type":"keyDown","value":"î€‡"},{"type":"pause","duration":10},{"type":"keyUp","value":"î€‡"}]}]}
COMMAND: GET /session/b10d6c442cc9079ac1ad267591374e01/screenshot - {}
RESULT: {}
COMMAND: POST /session/b10d6c442cc9079ac1ad267591374e01/element - {"using":"xpath","value":"//div[contains(@id, 'application-manageconditionprice-display-component---conditions--smartFilterBar-filterItemControl_BASIC-BILL_TYPES-valueHelpDialog-table-rowsel0')]"}
RESULT: {"using":"xpath","value":"//div[contains(@id, 'application-manageconditionprice-display-component---conditions--smartFilterBar-filterItemControl_BASIC-BILL_TYPES-valueHelpDialog-table-rowsel0')]"}
COMMAND: POST /session/b10d6c442cc9079ac1ad267591374e01/element/f.820658ADB2B97F80F3CD4D4B07B1BD52.d.818FB7D860247C5210E532755453E908.e.8481/click - {}
RESULT: {}
COMMAND: GET /session/b10d6c442cc9079ac1ad267591374e01/screenshot - {}
RESULT: {}
COMMAND: POST /session/b10d6c442cc9079ac1ad267591374e01/element - {"using":"xpath","value":"//bdi[contains(text(), \"OK\")]"}
RESULT: {"using":"xpath","value":"//bdi[contains(text(), \"OK\")]"}
COMMAND: POST /session/b10d6c442cc9079ac1ad267591374e01/element/f.820658ADB2B97F80F3CD4D4B07B1BD52.d.818FB7D860247C5210E532755453E908.e.8483/click - {}
RESULT: {}
COMMAND: GET /session/b10d6c442cc9079ac1ad267591374e01/screenshot - {}
RESULT: {}
COMMAND: POST /session/b10d6c442cc9079ac1ad267591374e01/element - {"using":"xpath","value":"//span[@id=\"application-manageconditionprice-display-component---conditions--smartTable-header-inner\"]"}
RESULT: {"using":"xpath","value":"//span[@id=\"application-manageconditionprice-display-component---conditions--smartTable-header-inner\"]"}
COMMAND: POST /session/b10d6c442cc9079ac1ad267591374e01/elements - {"using":"xpath","value":"//span[@id=\"application-manageconditionprice-display-component---conditions--smartTable-header-inner\"]"}
RESULT: {"using":"xpath","value":"//span[@id=\"application-manageconditionprice-display-component---conditions--smartTable-header-inner\"]"}
COMMAND: POST /session/b10d6c442cc9079ac1ad267591374e01/execute/sync - {"script":"<script> [56 bytes]","args":[{"element-6066-11e4-a52e-4f735466cecf":"f.820658ADB2B97F80F3CD4D4B07B1BD52.d.818FB7D860247C5210E532755453E908.e.8486","ELEMENT":"f.820658ADB2B97F80F3CD4D4B07B1BD52.d.818FB7D860247C5210E532755453E908.e.8486"}]}
RESULT: {"script":"<script> [56 bytes]","args":[{"element-6066-11e4-a52e-4f735466cecf":"f.820658ADB2B97F80F3CD4D4B07B1BD52.d.818FB7D860247C5210E532755453E908.e.8486","ELEMENT":"f.820658ADB2B97F80F3CD4D4B07B1BD52.d.818FB7D860247C5210E532755453E908.e.8486"}]}
COMMAND: POST /session/b10d6c442cc9079ac1ad267591374e01/element - {"using":"css selector","value":"#shell-header-logo"}
COMMAND: GET /session/b10d6c442cc9079ac1ad267591374e01/screenshot - {}
RESULT: {"using":"css selector","value":"#shell-header-logo"}
COMMAND: POST /session/b10d6c442cc9079ac1ad267591374e01/element/f.820658ADB2B97F80F3CD4D4B07B1BD52.d.818FB7D860247C5210E532755453E908.e.8204/click - {}
RESULT: {}
RESULT: {}
COMMAND: GET /session/b10d6c442cc9079ac1ad267591374e01/screenshot - {}
RESULT: {}
]]></system-out>
    </testcase>
  </testsuite>
  <testsuite timestamp="2025-05-14T06:40:38" time="636.159" tests="12" failures="6" errors="6" skipped="0">
    <properties>
      <property name="specId" value="0" />
      <property name="suiteName" value="Billing transfer US117289" />
      <property name="capabilities" value="chrome.136_0_7103_49.windows" />
      <property name="file" value="file:///D:/a/1/s/test/specs/BTS/billing-transfer.spec.js" />
    </properties>
    <testcase classname="chrome.136_0_7103_49.windows.Billing_transfer_US117289" name="Should create a new yard" time="0.078">
      <system-out><![CDATA[
COMMAND: POST /session/b10d6c442cc9079ac1ad267591374e01/window/fullscreen - {}
RESULT: {}
]]></system-out>
    </testcase>
    <testcase classname="chrome.136_0_7103_49.windows.Billing_transfer_US117289" name="Should create a new partner" time="0.003" />
    <testcase classname="chrome.136_0_7103_49.windows.Billing_transfer_US117289" name="Should create a new site" time="0.003" />
    <testcase classname="chrome.136_0_7103_49.windows.Billing_transfer_US117289" name="Should create a new equipment" time="120.133">
      <system-out><![CDATA[
COMMAND: POST /session/b10d6c442cc9079ac1ad267591374e01/execute/async - {"script":"<script> [1562 bytes]","args":[{"selector":{"controlType":"sap.m.GenericTile","properties":{"header":"Manage Resources"}},"wdio_ui5_key":"sapm.GenericTile{\"header\":\"Manage Resources\"}"}]}
RESULT: {"script":"<script> [1562 bytes]","args":[{"selector":{"controlType":"sap.m.GenericTile","properties":{"header":"Manage Resources"}},"wdio_ui5_key":"sapm.GenericTile{\"header\":\"Manage Resources\"}"}]}
RESULT: undefined
COMMAND: POST /session/b10d6c442cc9079ac1ad267591374e01/element - {"using":"xpath","value":"//*[@id=\"__tile39\"]"}
RESULT: {"using":"xpath","value":"//*[@id=\"__tile39\"]"}
COMMAND: POST /session/b10d6c442cc9079ac1ad267591374e01/element/f.820658ADB2B97F80F3CD4D4B07B1BD52.d.B7E021A252827B467ABB4DEA4BE412CD.e.9254/click - {}
RESULT: {}
COMMAND: POST /session/b10d6c442cc9079ac1ad267591374e01/element - {"using":"xpath","value":"//button[@data-kt=\"addNewRUOverflowToolbarButton\"]"}
COMMAND: GET /session/b10d6c442cc9079ac1ad267591374e01/screenshot - {}
RESULT: {"using":"xpath","value":"//button[@data-kt=\"addNewRUOverflowToolbarButton\"]"}
COMMAND: POST /session/b10d6c442cc9079ac1ad267591374e01/elements - {"using":"xpath","value":"//button[@data-kt=\"addNewRUOverflowToolbarButton\"]"}
RESULT: {}
RESULT: {"using":"xpath","value":"//button[@data-kt=\"addNewRUOverflowToolbarButton\"]"}
COMMAND: POST /session/b10d6c442cc9079ac1ad267591374e01/elements - {"using":"xpath","value":"//button[@data-kt=\"addNewRUOverflowToolbarButton\"]"}
RESULT: {"using":"xpath","value":"//button[@data-kt=\"addNewRUOverflowToolbarButton\"]"}
COMMAND: POST /session/b10d6c442cc9079ac1ad267591374e01/elements - {"using":"xpath","value":"//button[@data-kt=\"addNewRUOverflowToolbarButton\"]"}
RESULT: {"using":"xpath","value":"//button[@data-kt=\"addNewRUOverflowToolbarButton\"]"}
COMMAND: POST /session/b10d6c442cc9079ac1ad267591374e01/elements - {"using":"xpath","value":"//button[@data-kt=\"addNewRUOverflowToolbarButton\"]"}
RESULT: {"using":"xpath","value":"//button[@data-kt=\"addNewRUOverflowToolbarButton\"]"}
COMMAND: POST /session/b10d6c442cc9079ac1ad267591374e01/elements - {"using":"xpath","value":"//button[@data-kt=\"addNewRUOverflowToolbarButton\"]"}
RESULT: {"using":"xpath","value":"//button[@data-kt=\"addNewRUOverflowToolbarButton\"]"}
COMMAND: POST /session/b10d6c442cc9079ac1ad267591374e01/elements - {"using":"xpath","value":"//button[@data-kt=\"addNewRUOverflowToolbarButton\"]"}
RESULT: {"using":"xpath","value":"//button[@data-kt=\"addNewRUOverflowToolbarButton\"]"}
COMMAND: POST /session/b10d6c442cc9079ac1ad267591374e01/elements - {"using":"xpath","value":"//button[@data-kt=\"addNewRUOverflowToolbarButton\"]"}
RESULT: {"using":"xpath","value":"//button[@data-kt=\"addNewRUOverflowToolbarButton\"]"}
COMMAND: POST /session/b10d6c442cc9079ac1ad267591374e01/element - {"using":"xpath","value":"//button[@data-kt=\"addNewRUOverflowToolbarButton\"]"}
RESULT: {"using":"xpath","value":"//button[@data-kt=\"addNewRUOverflowToolbarButton\"]"}
COMMAND: POST /session/b10d6c442cc9079ac1ad267591374e01/execute/sync - {"script":"<script> [8489 bytes]","args":[{"element-6066-11e4-a52e-4f735466cecf":"f.820658ADB2B97F80F3CD4D4B07B1BD52.d.B7E021A252827B467ABB4DEA4BE412CD.e.9385","ELEMENT":"f.820658ADB2B97F80F3CD4D4B07B1BD52.d.B7E021A252827B467ABB4DEA4BE412CD.e.9385"}]}
RESULT: {"script":"<script> [8489 bytes]","args":[{"element-6066-11e4-a52e-4f735466cecf":"f.820658ADB2B97F80F3CD4D4B07B1BD52.d.B7E021A252827B467ABB4DEA4BE412CD.e.9385","ELEMENT":"f.820658ADB2B97F80F3CD4D4B07B1BD52.d.B7E021A252827B467ABB4DEA4BE412CD.e.9385"}]}
COMMAND: GET /session/b10d6c442cc9079ac1ad267591374e01/element/f.820658ADB2B97F80F3CD4D4B07B1BD52.d.B7E021A252827B467ABB4DEA4BE412CD.e.9385/enabled - {}
COMMAND: GET /session/b10d6c442cc9079ac1ad267591374e01/screenshot - {}
RESULT: {}
COMMAND: POST /session/b10d6c442cc9079ac1ad267591374e01/execute/sync - {"script":"<script> [8489 bytes]","args":[{"element-6066-11e4-a52e-4f735466cecf":"f.820658ADB2B97F80F3CD4D4B07B1BD52.d.B7E021A252827B467ABB4DEA4BE412CD.e.9385","ELEMENT":"f.820658ADB2B97F80F3CD4D4B07B1BD52.d.B7E021A252827B467ABB4DEA4BE412CD.e.9385"}]}
COMMAND: GET /session/b10d6c442cc9079ac1ad267591374e01/screenshot - {}
RESULT: {}
RESULT: {"script":"<script> [8489 bytes]","args":[{"element-6066-11e4-a52e-4f735466cecf":"f.820658ADB2B97F80F3CD4D4B07B1BD52.d.B7E021A252827B467ABB4DEA4BE412CD.e.9385","ELEMENT":"f.820658ADB2B97F80F3CD4D4B07B1BD52.d.B7E021A252827B467ABB4DEA4BE412CD.e.9385"}]}
COMMAND: POST /session/b10d6c442cc9079ac1ad267591374e01/execute/sync - {"script":"<script> [5351 bytes]","args":[{"element-6066-11e4-a52e-4f735466cecf":"f.820658ADB2B97F80F3CD4D4B07B1BD52.d.B7E021A252827B467ABB4DEA4BE412CD.e.9385","ELEMENT":"f.820658ADB2B97F80F3CD4D4B07B1BD52.d.B7E021A252827B467ABB4DEA4BE412CD.e.9385"}]}
COMMAND: GET /session/b10d6c442cc9079ac1ad267591374e01/screenshot - {}
RESULT: {}
RESULT: {"script":"<script> [5351 bytes]","args":[{"element-6066-11e4-a52e-4f735466cecf":"f.820658ADB2B97F80F3CD4D4B07B1BD52.d.B7E021A252827B467ABB4DEA4BE412CD.e.9385","ELEMENT":"f.820658ADB2B97F80F3CD4D4B07B1BD52.d.B7E021A252827B467ABB4DEA4BE412CD.e.9385"}]}
COMMAND: POST /session/b10d6c442cc9079ac1ad267591374e01/element/f.820658ADB2B97F80F3CD4D4B07B1BD52.d.B7E021A252827B467ABB4DEA4BE412CD.e.9385/click - {}
COMMAND: GET /session/b10d6c442cc9079ac1ad267591374e01/screenshot - {}
RESULT: {}
RESULT: {}
COMMAND: GET /session/b10d6c442cc9079ac1ad267591374e01/screenshot - {}
RESULT: {}
RESULT: {}
COMMAND: POST /session/b10d6c442cc9079ac1ad267591374e01/execute/async - {"script":"<script> [1562 bytes]","args":[{"selector":{"id":"application-manageresources-display-component---newResourceUnit--TYPE-arrow"},"wdio_ui5_key":"applicationmanageresources-display-component---newResourceUnit--TYPE-arrow"}]}
RESULT: {"script":"<script> [1562 bytes]","args":[{"selector":{"id":"application-manageresources-display-component---newResourceUnit--TYPE-arrow"},"wdio_ui5_key":"applicationmanageresources-display-component---newResourceUnit--TYPE-arrow"}]}
RESULT: undefined
COMMAND: POST /session/b10d6c442cc9079ac1ad267591374e01/element - {"using":"xpath","value":"//*[@id=\"application-manageresources-display-component---newResourceUnit--TYPE-arrow\"]"}
RESULT: {"using":"xpath","value":"//*[@id=\"application-manageresources-display-component---newResourceUnit--TYPE-arrow\"]"}
COMMAND: POST /session/b10d6c442cc9079ac1ad267591374e01/element/f.820658ADB2B97F80F3CD4D4B07B1BD52.d.B7E021A252827B467ABB4DEA4BE412CD.e.9742/click - {}
RESULT: {}
COMMAND: POST /session/b10d6c442cc9079ac1ad267591374e01/element - {"using":"xpath","value":"//input[@id=\"application-manageresources-display-component---newResourceUnit--TYPE-inner\"]"}
COMMAND: GET /session/b10d6c442cc9079ac1ad267591374e01/screenshot - {}
RESULT: {"using":"xpath","value":"//input[@id=\"application-manageresources-display-component---newResourceUnit--TYPE-inner\"]"}
COMMAND: POST /session/b10d6c442cc9079ac1ad267591374e01/element/f.820658ADB2B97F80F3CD4D4B07B1BD52.d.B7E021A252827B467ABB4DEA4BE412CD.e.9736/clear - {}
RESULT: {}
RESULT: {}
COMMAND: POST /session/b10d6c442cc9079ac1ad267591374e01/element/f.820658ADB2B97F80F3CD4D4B07B1BD52.d.B7E021A252827B467ABB4DEA4BE412CD.e.9736/value - {"text":"Equipment"}
COMMAND: GET /session/b10d6c442cc9079ac1ad267591374e01/screenshot - {}
RESULT: {"text":"Equipment"}
COMMAND: GET /session/b10d6c442cc9079ac1ad267591374e01/screenshot - {}
RESULT: {}
RESULT: {}
COMMAND: POST /session/b10d6c442cc9079ac1ad267591374e01/actions - {"actions":[{"id":"action38","type":"key","parameters":{},"actions":[{"type":"keyDown","value":"î€‡"},{"type":"pause","duration":10},{"type":"keyUp","value":"î€‡"}]}]}
RESULT: {"actions":[{"id":"action38","type":"key","parameters":{},"actions":[{"type":"keyDown","value":"î€‡"},{"type":"pause","duration":10},{"type":"keyUp","value":"î€‡"}]}]}
COMMAND: POST /session/b10d6c442cc9079ac1ad267591374e01/execute/async - {"script":"<script> [1562 bytes]","args":[{"selector":{"id":"application-manageresources-display-component---newResourceUnit--resourceId","interaction":{"idSuffix":"inner"}},"wdio_ui5_key":"applicationmanageresources-display-component---newResourceUnit--resourceId"}]}
COMMAND: GET /session/b10d6c442cc9079ac1ad267591374e01/screenshot - {}
RESULT: {"script":"<script> [1562 bytes]","args":[{"selector":{"id":"application-manageresources-display-component---newResourceUnit--resourceId","interaction":{"idSuffix":"inner"}},"wdio_ui5_key":"applicationmanageresources-display-component---newResourceUnit--resourceId"}]}
RESULT: undefined
COMMAND: POST /session/b10d6c442cc9079ac1ad267591374e01/execute/async - {"script":"<script> [776 bytes]","args":[{"enterText":"1ptdryqbwv","selector":{"id":"application-manageresources-display-component---newResourceUnit--resourceId","interaction":{"idSuffix":"inner"}},"clearTextFirst":true,"interactionType":"ENTER_TEXT"}]}
RESULT: {}
RESULT: {"script":"<script> [776 bytes]","args":[{"enterText":"1ptdryqbwv","selector":{"id":"application-manageresources-display-component---newResourceUnit--resourceId","interaction":{"idSuffix":"inner"}},"clearTextFirst":true,"interactionType":"ENTER_TEXT"}]}
COMMAND: POST /session/b10d6c442cc9079ac1ad267591374e01/execute/async - {"script":"<script> [1562 bytes]","args":[{"selector":{"id":"application-manageresources-display-component---newResourceUnit--SHORT_TEXT","interaction":{"idSuffix":"inner"}},"wdio_ui5_key":"applicationmanageresources-display-component---newResourceUnit--SHORT_TEXT"}]}
RESULT: {"script":"<script> [1562 bytes]","args":[{"selector":{"id":"application-manageresources-display-component---newResourceUnit--SHORT_TEXT","interaction":{"idSuffix":"inner"}},"wdio_ui5_key":"applicationmanageresources-display-component---newResourceUnit--SHORT_TEXT"}]}
RESULT: undefined
COMMAND: POST /session/b10d6c442cc9079ac1ad267591374e01/execute/async - {"script":"<script> [776 bytes]","args":[{"enterText":"Intercompany Equipment WDIO","selector":{"id":"application-manageresources-display-component---newResourceUnit--SHORT_TEXT","interaction":{"idSuffix":"inner"}},"clearTextFirst":true,"interactionType":"ENTER_TEXT"}]}
RESULT: {"script":"<script> [776 bytes]","args":[{"enterText":"Intercompany Equipment WDIO","selector":{"id":"application-manageresources-display-component---newResourceUnit--SHORT_TEXT","interaction":{"idSuffix":"inner"}},"clearTextFirst":true,"interactionType":"ENTER_TEXT"}]}
COMMAND: POST /session/b10d6c442cc9079ac1ad267591374e01/execute/async - {"script":"<script> [1562 bytes]","args":[{"selector":{"id":"application-manageresources-display-component---newResourceUnit--BASE_UNIT_OF_MEASURE","interaction":{"idSuffix":"inner"}},"wdio_ui5_key":"applicationmanageresources-display-component---newResourceUnit--BASE_UNIT_OF_MEASURE"}]}
RESULT: {"script":"<script> [1562 bytes]","args":[{"selector":{"id":"application-manageresources-display-component---newResourceUnit--BASE_UNIT_OF_MEASURE","interaction":{"idSuffix":"inner"}},"wdio_ui5_key":"applicationmanageresources-display-component---newResourceUnit--BASE_UNIT_OF_MEASURE"}]}
RESULT: undefined
COMMAND: POST /session/b10d6c442cc9079ac1ad267591374e01/execute/async - {"script":"<script> [776 bytes]","args":[{"enterText":"Piece","selector":{"id":"application-manageresources-display-component---newResourceUnit--BASE_UNIT_OF_MEASURE","interaction":{"idSuffix":"inner"}},"clearTextFirst":true,"interactionType":"ENTER_TEXT"}]}
RESULT: {"script":"<script> [776 bytes]","args":[{"enterText":"Piece","selector":{"id":"application-manageresources-display-component---newResourceUnit--BASE_UNIT_OF_MEASURE","interaction":{"idSuffix":"inner"}},"clearTextFirst":true,"interactionType":"ENTER_TEXT"}]}
COMMAND: POST /session/b10d6c442cc9079ac1ad267591374e01/execute/async - {"script":"<script> [1562 bytes]","args":[{"selector":{"id":"application-manageresources-display-component---newResourceUnit--WEIGHT_UNIT","interaction":{"idSuffix":"inner"}},"wdio_ui5_key":"applicationmanageresources-display-component---newResourceUnit--WEIGHT_UNIT"}]}
RESULT: {"script":"<script> [1562 bytes]","args":[{"selector":{"id":"application-manageresources-display-component---newResourceUnit--WEIGHT_UNIT","interaction":{"idSuffix":"inner"}},"wdio_ui5_key":"applicationmanageresources-display-component---newResourceUnit--WEIGHT_UNIT"}]}
RESULT: undefined
COMMAND: POST /session/b10d6c442cc9079ac1ad267591374e01/execute/async - {"script":"<script> [776 bytes]","args":[{"enterText":"Gram","selector":{"id":"application-manageresources-display-component---newResourceUnit--WEIGHT_UNIT","interaction":{"idSuffix":"inner"}},"clearTextFirst":true,"interactionType":"ENTER_TEXT"}]}
RESULT: {"script":"<script> [776 bytes]","args":[{"enterText":"Gram","selector":{"id":"application-manageresources-display-component---newResourceUnit--WEIGHT_UNIT","interaction":{"idSuffix":"inner"}},"clearTextFirst":true,"interactionType":"ENTER_TEXT"}]}
COMMAND: POST /session/b10d6c442cc9079ac1ad267591374e01/execute/async - {"script":"<script> [1562 bytes]","args":[{"selector":{"id":"application-manageresources-display-component---newResourceUnit--DIMENSION_UNIT","interaction":{"idSuffix":"inner"}},"wdio_ui5_key":"applicationmanageresources-display-component---newResourceUnit--DIMENSION_UNIT"}]}
RESULT: {"script":"<script> [1562 bytes]","args":[{"selector":{"id":"application-manageresources-display-component---newResourceUnit--DIMENSION_UNIT","interaction":{"idSuffix":"inner"}},"wdio_ui5_key":"applicationmanageresources-display-component---newResourceUnit--DIMENSION_UNIT"}]}
RESULT: undefined
COMMAND: POST /session/b10d6c442cc9079ac1ad267591374e01/execute/async - {"script":"<script> [776 bytes]","args":[{"enterText":"Meter","selector":{"id":"application-manageresources-display-component---newResourceUnit--DIMENSION_UNIT","interaction":{"idSuffix":"inner"}},"clearTextFirst":true,"interactionType":"ENTER_TEXT"}]}
RESULT: {"script":"<script> [776 bytes]","args":[{"enterText":"Meter","selector":{"id":"application-manageresources-display-component---newResourceUnit--DIMENSION_UNIT","interaction":{"idSuffix":"inner"}},"clearTextFirst":true,"interactionType":"ENTER_TEXT"}]}
COMMAND: POST /session/b10d6c442cc9079ac1ad267591374e01/execute/async - {"script":"<script> [1562 bytes]","args":[{"selector":{"id":"application-manageresources-display-component---newResourceUnit--newRRUPage-anchBar-application-manageresources-display-component---newResourceUnit--control-anchor","interaction":{"idSuffix":"BDI-content"}},"wdio_ui5_key":"applicationmanageresources-display-component---newResourceUnit--newRRUPage-anchBar-application-manageresources-display-component---newResourceUnit--control-anchor"}]}
RESULT: {"script":"<script> [1562 bytes]","args":[{"selector":{"id":"application-manageresources-display-component---newResourceUnit--newRRUPage-anchBar-application-manageresources-display-component---newResourceUnit--control-anchor","interaction":{"idSuffix":"BDI-content"}},"wdio_ui5_key":"applicationmanageresources-display-component---newResourceUnit--newRRUPage-anchBar-application-manageresources-display-component---newResourceUnit--control-anchor"}]}
RESULT: undefined
COMMAND: POST /session/b10d6c442cc9079ac1ad267591374e01/element - {"using":"xpath","value":"//*[@id=\"application-manageresources-display-component---newResourceUnit--newRRUPage-anchBar-application-manageresources-display-component---newResourceUnit--control-anchor\"]"}
RESULT: {"using":"xpath","value":"//*[@id=\"application-manageresources-display-component---newResourceUnit--newRRUPage-anchBar-application-manageresources-display-component---newResourceUnit--control-anchor\"]"}
COMMAND: POST /session/b10d6c442cc9079ac1ad267591374e01/element/f.820658ADB2B97F80F3CD4D4B07B1BD52.d.B7E021A252827B467ABB4DEA4BE412CD.e.9875/click - {}
RESULT: {}
COMMAND: POST /session/b10d6c442cc9079ac1ad267591374e01/execute/async - {"script":"<script> [1562 bytes]","args":[{"selector":{"id":"application-manageresources-display-component---newResourceUnit--PLANNING_GROUP","interaction":{"idSuffix":"inner"}},"wdio_ui5_key":"applicationmanageresources-display-component---newResourceUnit--PLANNING_GROUP"}]}
COMMAND: GET /session/b10d6c442cc9079ac1ad267591374e01/screenshot - {}
RESULT: {"script":"<script> [1562 bytes]","args":[{"selector":{"id":"application-manageresources-display-component---newResourceUnit--PLANNING_GROUP","interaction":{"idSuffix":"inner"}},"wdio_ui5_key":"applicationmanageresources-display-component---newResourceUnit--PLANNING_GROUP"}]}
RESULT: undefined
COMMAND: POST /session/b10d6c442cc9079ac1ad267591374e01/execute/async - {"script":"<script> [776 bytes]","args":[{"enterText":"Heavy Equi","selector":{"id":"application-manageresources-display-component---newResourceUnit--PLANNING_GROUP","interaction":{"idSuffix":"inner"}},"clearTextFirst":true,"interactionType":"ENTER_TEXT"}]}
RESULT: {}
RESULT: {"script":"<script> [776 bytes]","args":[{"enterText":"Heavy Equi","selector":{"id":"application-manageresources-display-component---newResourceUnit--PLANNING_GROUP","interaction":{"idSuffix":"inner"}},"clearTextFirst":true,"interactionType":"ENTER_TEXT"}]}
COMMAND: POST /session/b10d6c442cc9079ac1ad267591374e01/execute/async - {"script":"<script> [1562 bytes]","args":[{"selector":{"id":"application-manageresources-display-component---newResourceUnit--ITEM_TYPE-arrow"},"wdio_ui5_key":"applicationmanageresources-display-component---newResourceUnit--ITEM_TYPE-arrow"}]}
RESULT: {"script":"<script> [1562 bytes]","args":[{"selector":{"id":"application-manageresources-display-component---newResourceUnit--ITEM_TYPE-arrow"},"wdio_ui5_key":"applicationmanageresources-display-component---newResourceUnit--ITEM_TYPE-arrow"}]}
RESULT: undefined
COMMAND: POST /session/b10d6c442cc9079ac1ad267591374e01/element - {"using":"xpath","value":"//*[@id=\"application-manageresources-display-component---newResourceUnit--ITEM_TYPE-arrow\"]"}
RESULT: {"using":"xpath","value":"//*[@id=\"application-manageresources-display-component---newResourceUnit--ITEM_TYPE-arrow\"]"}
COMMAND: POST /session/b10d6c442cc9079ac1ad267591374e01/element/f.820658ADB2B97F80F3CD4D4B07B1BD52.d.B7E021A252827B467ABB4DEA4BE412CD.e.9884/click - {}
RESULT: {}
COMMAND: POST /session/b10d6c442cc9079ac1ad267591374e01/element - {"using":"xpath","value":"(//span[contains(text(), \"Resource Unit\")])[2]"}
COMMAND: GET /session/b10d6c442cc9079ac1ad267591374e01/screenshot - {}
RESULT: {"using":"xpath","value":"(//span[contains(text(), \"Resource Unit\")])[2]"}
COMMAND: POST /session/b10d6c442cc9079ac1ad267591374e01/element/f.820658ADB2B97F80F3CD4D4B07B1BD52.d.B7E021A252827B467ABB4DEA4BE412CD.e.9885/click - {}
RESULT: {}
RESULT: {}
COMMAND: GET /session/b10d6c442cc9079ac1ad267591374e01/screenshot - {}
RESULT: {}
COMMAND: POST /session/b10d6c442cc9079ac1ad267591374e01/element - {"using":"css selector","value":"#application-manageresources-display-component---newResourceUnit--btnAddTimeSegment"}
RESULT: {"using":"css selector","value":"#application-manageresources-display-component---newResourceUnit--btnAddTimeSegment"}
COMMAND: GET /session/b10d6c442cc9079ac1ad267591374e01/element/f.820658ADB2B97F80F3CD4D4B07B1BD52.d.B7E021A252827B467ABB4DEA4BE412CD.e.9886/rect - {}
RESULT: {}
COMMAND: GET /session/b10d6c442cc9079ac1ad267591374e01/window/rect - {}
RESULT: {}
COMMAND: POST /session/b10d6c442cc9079ac1ad267591374e01/execute/sync - {"script":"<script> [92 bytes]","args":[]}
RESULT: {"script":"<script> [92 bytes]","args":[]}
COMMAND: POST /session/b10d6c442cc9079ac1ad267591374e01/actions - {"actions":[{"id":"action39","type":"wheel","parameters":{},"actions":[{"type":"scroll","x":-1888,"y":-32,"deltaX":0,"deltaY":0,"duration":0,"origin":{"element-6066-11e4-a52e-4f735466cecf":"f.820658ADB2B97F80F3CD4D4B07B1BD52.d.B7E021A252827B467ABB4DEA4BE412CD.e.9886"}}]}]}
COMMAND: GET /session/b10d6c442cc9079ac1ad267591374e01/screenshot - {}
RESULT: {}
COMMAND: POST /session/b10d6c442cc9079ac1ad267591374e01/execute/sync - {"script":"<script> [79 bytes]","args":[{"element-6066-11e4-a52e-4f735466cecf":"f.820658ADB2B97F80F3CD4D4B07B1BD52.d.B7E021A252827B467ABB4DEA4BE412CD.e.9886","ELEMENT":"f.820658ADB2B97F80F3CD4D4B07B1BD52.d.B7E021A252827B467ABB4DEA4BE412CD.e.9886"},{"block":"start","inline":"nearest"}]}
RESULT: {"script":"<script> [79 bytes]","args":[{"element-6066-11e4-a52e-4f735466cecf":"f.820658ADB2B97F80F3CD4D4B07B1BD52.d.B7E021A252827B467ABB4DEA4BE412CD.e.9886","ELEMENT":"f.820658ADB2B97F80F3CD4D4B07B1BD52.d.B7E021A252827B467ABB4DEA4BE412CD.e.9886"},{"block":"start","inline":"nearest"}]}
COMMAND: POST /session/b10d6c442cc9079ac1ad267591374e01/execute/async - {"script":"<script> [1562 bytes]","args":[{"selector":{"id":"application-manageresources-display-component---newResourceUnit--btnAddTimeSegment","interaction":{"idSuffix":"inner"}},"wdio_ui5_key":"applicationmanageresources-display-component---newResourceUnit--btnAddTimeSegment"}]}
COMMAND: GET /session/b10d6c442cc9079ac1ad267591374e01/screenshot - {}
RESULT: {"script":"<script> [1562 bytes]","args":[{"selector":{"id":"application-manageresources-display-component---newResourceUnit--btnAddTimeSegment","interaction":{"idSuffix":"inner"}},"wdio_ui5_key":"applicationmanageresources-display-component---newResourceUnit--btnAddTimeSegment"}]}
RESULT: undefined
COMMAND: POST /session/b10d6c442cc9079ac1ad267591374e01/element - {"using":"xpath","value":"//*[@id=\"application-manageresources-display-component---newResourceUnit--btnAddTimeSegment\"]"}
RESULT: {}
RESULT: {"using":"xpath","value":"//*[@id=\"application-manageresources-display-component---newResourceUnit--btnAddTimeSegment\"]"}
COMMAND: POST /session/b10d6c442cc9079ac1ad267591374e01/element/f.820658ADB2B97F80F3CD4D4B07B1BD52.d.B7E021A252827B467ABB4DEA4BE412CD.e.9886/click - {}
RESULT: {}
COMMAND: GET /session/b10d6c442cc9079ac1ad267591374e01/screenshot - {}
RESULT: {}
COMMAND: POST /session/b10d6c442cc9079ac1ad267591374e01/element - {"using":"xpath","value":"//input[@id=\"application-manageresources-display-component---newResourceUnit--idRuTSAdmin-application-manageresources-display-component---newResourceUnit--RUTimeSegment-0-inner\"]"}
RESULT: {"using":"xpath","value":"//input[@id=\"application-manageresources-display-component---newResourceUnit--idRuTSAdmin-application-manageresources-display-component---newResourceUnit--RUTimeSegment-0-inner\"]"}
COMMAND: POST /session/b10d6c442cc9079ac1ad267591374e01/element/f.820658ADB2B97F80F3CD4D4B07B1BD52.d.B7E021A252827B467ABB4DEA4BE412CD.e.9892/clear - {}
RESULT: {}
COMMAND: POST /session/b10d6c442cc9079ac1ad267591374e01/element/f.820658ADB2B97F80F3CD4D4B07B1BD52.d.B7E021A252827B467ABB4DEA4BE412CD.e.9892/value - {"text":"304"}
COMMAND: GET /session/b10d6c442cc9079ac1ad267591374e01/screenshot - {}
RESULT: {"text":"304"}
COMMAND: GET /session/b10d6c442cc9079ac1ad267591374e01/screenshot - {}
RESULT: {}
RESULT: {}
COMMAND: POST /session/b10d6c442cc9079ac1ad267591374e01/element - {"using":"xpath","value":"//li[.//span[text()='304']]"}
RESULT: {"using":"xpath","value":"//li[.//span[text()='304']]"}
COMMAND: POST /session/b10d6c442cc9079ac1ad267591374e01/element/f.820658ADB2B97F80F3CD4D4B07B1BD52.d.B7E021A252827B467ABB4DEA4BE412CD.e.9904/click - {}
RESULT: {}
COMMAND: GET /session/b10d6c442cc9079ac1ad267591374e01/screenshot - {}
RESULT: {}
COMMAND: POST /session/b10d6c442cc9079ac1ad267591374e01/element - {"using":"xpath","value":"(//span[contains(@id, \"-application-manageresources-display-component---newResourceUnit--RUTimeSegment-0-arrow\")])[6]"}
RESULT: {"using":"xpath","value":"(//span[contains(@id, \"-application-manageresources-display-component---newResourceUnit--RUTimeSegment-0-arrow\")])[6]"}
COMMAND: POST /session/b10d6c442cc9079ac1ad267591374e01/element/f.820658ADB2B97F80F3CD4D4B07B1BD52.d.B7E021A252827B467ABB4DEA4BE412CD.e.9905/click - {}
RESULT: {}
COMMAND: GET /session/b10d6c442cc9079ac1ad267591374e01/screenshot - {}
RESULT: {}
COMMAND: POST /session/b10d6c442cc9079ac1ad267591374e01/element - {"using":"xpath","value":"//span[contains(text(), \"PM Order\")]"}
RESULT: {"using":"xpath","value":"//span[contains(text(), \"PM Order\")]"}
COMMAND: POST /session/b10d6c442cc9079ac1ad267591374e01/element/f.820658ADB2B97F80F3CD4D4B07B1BD52.d.B7E021A252827B467ABB4DEA4BE412CD.e.9908/click - {}
RESULT: {}
COMMAND: GET /session/b10d6c442cc9079ac1ad267591374e01/screenshot - {}
RESULT: {}
COMMAND: POST /session/b10d6c442cc9079ac1ad267591374e01/element - {"using":"xpath","value":"(//span[contains(@id ,\"manageresources-display-component---newResourceUnit--RUTimeSegment-0-vhi\")])[1]"}
RESULT: {"using":"xpath","value":"(//span[contains(@id ,\"manageresources-display-component---newResourceUnit--RUTimeSegment-0-vhi\")])[1]"}
COMMAND: GET /session/b10d6c442cc9079ac1ad267591374e01/element/f.820658ADB2B97F80F3CD4D4B07B1BD52.d.B7E021A252827B467ABB4DEA4BE412CD.e.9912/rect - {}
RESULT: {}
COMMAND: GET /session/b10d6c442cc9079ac1ad267591374e01/window/rect - {}
RESULT: {}
COMMAND: POST /session/b10d6c442cc9079ac1ad267591374e01/execute/sync - {"script":"<script> [92 bytes]","args":[]}
RESULT: {"script":"<script> [92 bytes]","args":[]}
COMMAND: POST /session/b10d6c442cc9079ac1ad267591374e01/actions - {"actions":[{"id":"action40","type":"wheel","parameters":{},"actions":[{"type":"scroll","x":-869,"y":-24,"deltaX":0,"deltaY":0,"duration":0,"origin":{"element-6066-11e4-a52e-4f735466cecf":"f.820658ADB2B97F80F3CD4D4B07B1BD52.d.B7E021A252827B467ABB4DEA4BE412CD.e.9912"}}]}]}
COMMAND: GET /session/b10d6c442cc9079ac1ad267591374e01/screenshot - {}
RESULT: {"actions":[{"id":"action40","type":"wheel","parameters":{},"actions":[{"type":"scroll","x":-869,"y":-24,"deltaX":0,"deltaY":0,"duration":0,"origin":{"element-6066-11e4-a52e-4f735466cecf":"f.820658ADB2B97F80F3CD4D4B07B1BD52.d.B7E021A252827B467ABB4DEA4BE412CD.e.9912"}}]}]}
COMMAND: DELETE /session/b10d6c442cc9079ac1ad267591374e01/actions - {}
COMMAND: GET /session/b10d6c442cc9079ac1ad267591374e01/screenshot - {}
RESULT: {}
RESULT: {}
COMMAND: GET /session/b10d6c442cc9079ac1ad267591374e01/screenshot - {}
RESULT: {}
RESULT: {}
COMMAND: POST /session/b10d6c442cc9079ac1ad267591374e01/element/f.820658ADB2B97F80F3CD4D4B07B1BD52.d.B7E021A252827B467ABB4DEA4BE412CD.e.9912/click - {}
RESULT: {}
COMMAND: GET /session/b10d6c442cc9079ac1ad267591374e01/screenshot - {}
RESULT: {}
COMMAND: POST /session/b10d6c442cc9079ac1ad267591374e01/execute/async - {"script":"<script> [1562 bytes]","args":[{"selector":{"controlType":"sap.m.SearchField","properties":{"placeholder":"Search"},"searchOpenDialogs":true,"interaction":{"idSuffix":"I"}},"wdio_ui5_key":"sapm.SearchField{\"placeholder\":\"Search\"}"}]}
RESULT: {"script":"<script> [1562 bytes]","args":[{"selector":{"controlType":"sap.m.SearchField","properties":{"placeholder":"Search"},"searchOpenDialogs":true,"interaction":{"idSuffix":"I"}},"wdio_ui5_key":"sapm.SearchField{\"placeholder\":\"Search\"}"}]}
RESULT: undefined
COMMAND: POST /session/b10d6c442cc9079ac1ad267591374e01/execute/async - {"script":"<script> [776 bytes]","args":[{"enterText":"4000360","selector":{"controlType":"sap.m.SearchField","properties":{"placeholder":"Search"},"searchOpenDialogs":true,"interaction":{"idSuffix":"I"}},"clearTextFirst":true,"interactionType":"ENTER_TEXT"}]}
RESULT: {"script":"<script> [776 bytes]","args":[{"enterText":"4000360","selector":{"controlType":"sap.m.SearchField","properties":{"placeholder":"Search"},"searchOpenDialogs":true,"interaction":{"idSuffix":"I"}},"clearTextFirst":true,"interactionType":"ENTER_TEXT"}]}
COMMAND: POST /session/b10d6c442cc9079ac1ad267591374e01/actions - {"actions":[{"id":"action41","type":"key","parameters":{},"actions":[{"type":"keyDown","value":"î€‡"},{"type":"pause","duration":10},{"type":"keyUp","value":"î€‡"}]}]}
RESULT: {"actions":[{"id":"action41","type":"key","parameters":{},"actions":[{"type":"keyDown","value":"î€‡"},{"type":"pause","duration":10},{"type":"keyUp","value":"î€‡"}]}]}
COMMAND: GET /session/b10d6c442cc9079ac1ad267591374e01/screenshot - {}
RESULT: {}
COMMAND: POST /session/b10d6c442cc9079ac1ad267591374e01/element - {"using":"xpath","value":"//td/div/span[contains(text(), \"BGL Vehicles\")]"}
RESULT: {"using":"xpath","value":"//td/div/span[contains(text(), \"BGL Vehicles\")]"}
COMMAND: POST /session/b10d6c442cc9079ac1ad267591374e01/element/f.820658ADB2B97F80F3CD4D4B07B1BD52.d.B7E021A252827B467ABB4DEA4BE412CD.e.9934/click - {}
RESULT: {}
COMMAND: GET /session/b10d6c442cc9079ac1ad267591374e01/screenshot - {}
RESULT: {}
COMMAND: POST /session/b10d6c442cc9079ac1ad267591374e01/element - {"using":"xpath","value":"//bdi[contains(text(), \"OK\")]"}
RESULT: {"using":"xpath","value":"//bdi[contains(text(), \"OK\")]"}
COMMAND: POST /session/b10d6c442cc9079ac1ad267591374e01/element/f.820658ADB2B97F80F3CD4D4B07B1BD52.d.B7E021A252827B467ABB4DEA4BE412CD.e.9935/click - {}
RESULT: {}
COMMAND: GET /session/b10d6c442cc9079ac1ad267591374e01/screenshot - {}
RESULT: {}
COMMAND: POST /session/b10d6c442cc9079ac1ad267591374e01/execute/async - {"script":"<script> [1562 bytes]","args":[{"selector":{"id":"application-manageresources-display-component---newResourceUnit--newRRUPage-anchBar-application-manageresources-display-component---newResourceUnit--resource-anchor","interaction":{"idSuffix":"BDI-content"}},"wdio_ui5_key":"applicationmanageresources-display-component---newResourceUnit--newRRUPage-anchBar-application-manageresources-display-component---newResourceUnit--resource-anchor"}]}
RESULT: {"script":"<script> [1562 bytes]","args":[{"selector":{"id":"application-manageresources-display-component---newResourceUnit--newRRUPage-anchBar-application-manageresources-display-component---newResourceUnit--resource-anchor","interaction":{"idSuffix":"BDI-content"}},"wdio_ui5_key":"applicationmanageresources-display-component---newResourceUnit--newRRUPage-anchBar-application-manageresources-display-component---newResourceUnit--resource-anchor"}]}
RESULT: undefined
COMMAND: POST /session/b10d6c442cc9079ac1ad267591374e01/element - {"using":"xpath","value":"//*[@id=\"application-manageresources-display-component---newResourceUnit--newRRUPage-anchBar-application-manageresources-display-component---newResourceUnit--resource-anchor\"]"}
RESULT: {"using":"xpath","value":"//*[@id=\"application-manageresources-display-component---newResourceUnit--newRRUPage-anchBar-application-manageresources-display-component---newResourceUnit--resource-anchor\"]"}
COMMAND: POST /session/b10d6c442cc9079ac1ad267591374e01/element/f.820658ADB2B97F80F3CD4D4B07B1BD52.d.B7E021A252827B467ABB4DEA4BE412CD.e.9939/click - {}
RESULT: {}
COMMAND: POST /session/b10d6c442cc9079ac1ad267591374e01/execute/async - {"script":"<script> [1562 bytes]","args":[{"selector":{"id":"application-manageresources-display-component---newResourceUnit--PLANNED_DELIVERY_DATE","interaction":{"idSuffix":"inner"}},"wdio_ui5_key":"applicationmanageresources-display-component---newResourceUnit--PLANNED_DELIVERY_DATE"}]}
COMMAND: GET /session/b10d6c442cc9079ac1ad267591374e01/screenshot - {}
RESULT: {"script":"<script> [1562 bytes]","args":[{"selector":{"id":"application-manageresources-display-component---newResourceUnit--PLANNED_DELIVERY_DATE","interaction":{"idSuffix":"inner"}},"wdio_ui5_key":"applicationmanageresources-display-component---newResourceUnit--PLANNED_DELIVERY_DATE"}]}
RESULT: undefined
COMMAND: POST /session/b10d6c442cc9079ac1ad267591374e01/execute/async - {"script":"<script> [6424 bytes]","args":[{"element-6066-11e4-a52e-4f735466cecf":"f.820658ADB2B97F80F3CD4D4B07B1BD52.d.B7E021A252827B467ABB4DEA4BE412CD.e.9800"},"setValue",["5/14/25"]]}
RESULT: {}
RESULT: {"script":"<script> [6424 bytes]","args":[{"element-6066-11e4-a52e-4f735466cecf":"f.820658ADB2B97F80F3CD4D4B07B1BD52.d.B7E021A252827B467ABB4DEA4BE412CD.e.9800"},"setValue",["5/14/25"]]}
COMMAND: POST /session/b10d6c442cc9079ac1ad267591374e01/element - {"using":"xpath","value":"//label[contains(@class, 'sapMLabelRequired') and .//bdi[contains(text(), 'Planned Retirement')]]"}
RESULT: {"using":"xpath","value":"//label[contains(@class, 'sapMLabelRequired') and .//bdi[contains(text(), 'Planned Retirement')]]"}
COMMAND: POST /session/b10d6c442cc9079ac1ad267591374e01/elements - {"using":"xpath","value":"//label[contains(@class, 'sapMLabelRequired') and .//bdi[contains(text(), 'Planned Retirement')]]"}
RESULT: {"using":"xpath","value":"//label[contains(@class, 'sapMLabelRequired') and .//bdi[contains(text(), 'Planned Retirement')]]"}
COMMAND: POST /session/b10d6c442cc9079ac1ad267591374e01/element - {"using":"xpath","value":"//button[@data-kt=\"resourceUnitSaveButton\"]"}
RESULT: {"using":"xpath","value":"//button[@data-kt=\"resourceUnitSaveButton\"]"}
COMMAND: POST /session/b10d6c442cc9079ac1ad267591374e01/element/f.820658ADB2B97F80F3CD4D4B07B1BD52.d.B7E021A252827B467ABB4DEA4BE412CD.e.9760/click - {}
RESULT: {}
COMMAND: GET /session/b10d6c442cc9079ac1ad267591374e01/screenshot - {}
RESULT: {}
COMMAND: POST /session/b10d6c442cc9079ac1ad267591374e01/element - {"using":"xpath","value":"//bdi[contains(text(), \"Close\")]"}
RESULT: {"using":"xpath","value":"//bdi[contains(text(), \"Close\")]"}
COMMAND: POST /session/b10d6c442cc9079ac1ad267591374e01/element/f.820658ADB2B97F80F3CD4D4B07B1BD52.d.B7E021A252827B467ABB4DEA4BE412CD.e.9947/click - {}
RESULT: {}
COMMAND: GET /session/b10d6c442cc9079ac1ad267591374e01/screenshot - {}
RESULT: {}
COMMAND: POST /session/b10d6c442cc9079ac1ad267591374e01/element - {"using":"xpath","value":"(//button[contains(@id ,\"actionsToolbar-overflowButton\")])[1]"}
RESULT: {"using":"xpath","value":"(//button[contains(@id ,\"actionsToolbar-overflowButton\")])[1]"}
COMMAND: POST /session/b10d6c442cc9079ac1ad267591374e01/element/f.820658ADB2B97F80F3CD4D4B07B1BD52.d.B7E021A252827B467ABB4DEA4BE412CD.e.9975/click - {}
RESULT: {}
COMMAND: GET /session/b10d6c442cc9079ac1ad267591374e01/screenshot - {}
RESULT: {}
COMMAND: POST /session/b10d6c442cc9079ac1ad267591374e01/element - {"using":"xpath","value":"//button[@data-kt=\"priceInfoButton\"]"}
RESULT: {"using":"xpath","value":"//button[@data-kt=\"priceInfoButton\"]"}
COMMAND: POST /session/b10d6c442cc9079ac1ad267591374e01/element/f.820658ADB2B97F80F3CD4D4B07B1BD52.d.B7E021A252827B467ABB4DEA4BE412CD.e.9977/click - {}
RESULT: {}
COMMAND: GET /session/b10d6c442cc9079ac1ad267591374e01/screenshot - {}
RESULT: {}
]]></system-out>
    </testcase>
    <testcase classname="chrome.136_0_7103_49.windows.Billing_transfer_US117289" name="Should create new pricing rule" time="52.468">
      <system-out><![CDATA[
COMMAND: POST /session/b10d6c442cc9079ac1ad267591374e01/element - {"using":"xpath","value":"//button[@data-kt=\"addButton\"]"}
RESULT: {"using":"xpath","value":"//button[@data-kt=\"addButton\"]"}
COMMAND: POST /session/b10d6c442cc9079ac1ad267591374e01/elements - {"using":"xpath","value":"//button[@data-kt=\"addButton\"]"}
RESULT: {"using":"xpath","value":"//button[@data-kt=\"addButton\"]"}
COMMAND: POST /session/b10d6c442cc9079ac1ad267591374e01/elements - {"using":"xpath","value":"//button[@data-kt=\"addButton\"]"}
RESULT: {"using":"xpath","value":"//button[@data-kt=\"addButton\"]"}
COMMAND: POST /session/b10d6c442cc9079ac1ad267591374e01/element - {"using":"xpath","value":"//button[@data-kt=\"addButton\"]"}
RESULT: {"using":"xpath","value":"//button[@data-kt=\"addButton\"]"}
COMMAND: POST /session/b10d6c442cc9079ac1ad267591374e01/execute/sync - {"script":"<script> [8489 bytes]","args":[{"element-6066-11e4-a52e-4f735466cecf":"f.820658ADB2B97F80F3CD4D4B07B1BD52.d.B7E021A252827B467ABB4DEA4BE412CD.e.10014","ELEMENT":"f.820658ADB2B97F80F3CD4D4B07B1BD52.d.B7E021A252827B467ABB4DEA4BE412CD.e.10014"}]}
RESULT: {"script":"<script> [8489 bytes]","args":[{"element-6066-11e4-a52e-4f735466cecf":"f.820658ADB2B97F80F3CD4D4B07B1BD52.d.B7E021A252827B467ABB4DEA4BE412CD.e.10014","ELEMENT":"f.820658ADB2B97F80F3CD4D4B07B1BD52.d.B7E021A252827B467ABB4DEA4BE412CD.e.10014"}]}
COMMAND: GET /session/b10d6c442cc9079ac1ad267591374e01/element/f.820658ADB2B97F80F3CD4D4B07B1BD52.d.B7E021A252827B467ABB4DEA4BE412CD.e.10014/enabled - {}
COMMAND: GET /session/b10d6c442cc9079ac1ad267591374e01/screenshot - {}
RESULT: {}
COMMAND: POST /session/b10d6c442cc9079ac1ad267591374e01/execute/sync - {"script":"<script> [8489 bytes]","args":[{"element-6066-11e4-a52e-4f735466cecf":"f.820658ADB2B97F80F3CD4D4B07B1BD52.d.B7E021A252827B467ABB4DEA4BE412CD.e.10014","ELEMENT":"f.820658ADB2B97F80F3CD4D4B07B1BD52.d.B7E021A252827B467ABB4DEA4BE412CD.e.10014"}]}
COMMAND: GET /session/b10d6c442cc9079ac1ad267591374e01/screenshot - {}
RESULT: {}
RESULT: {"script":"<script> [8489 bytes]","args":[{"element-6066-11e4-a52e-4f735466cecf":"f.820658ADB2B97F80F3CD4D4B07B1BD52.d.B7E021A252827B467ABB4DEA4BE412CD.e.10014","ELEMENT":"f.820658ADB2B97F80F3CD4D4B07B1BD52.d.B7E021A252827B467ABB4DEA4BE412CD.e.10014"}]}
COMMAND: POST /session/b10d6c442cc9079ac1ad267591374e01/execute/sync - {"script":"<script> [5351 bytes]","args":[{"element-6066-11e4-a52e-4f735466cecf":"f.820658ADB2B97F80F3CD4D4B07B1BD52.d.B7E021A252827B467ABB4DEA4BE412CD.e.10014","ELEMENT":"f.820658ADB2B97F80F3CD4D4B07B1BD52.d.B7E021A252827B467ABB4DEA4BE412CD.e.10014"}]}
COMMAND: GET /session/b10d6c442cc9079ac1ad267591374e01/screenshot - {}
RESULT: {}
RESULT: {"script":"<script> [5351 bytes]","args":[{"element-6066-11e4-a52e-4f735466cecf":"f.820658ADB2B97F80F3CD4D4B07B1BD52.d.B7E021A252827B467ABB4DEA4BE412CD.e.10014","ELEMENT":"f.820658ADB2B97F80F3CD4D4B07B1BD52.d.B7E021A252827B467ABB4DEA4BE412CD.e.10014"}]}
COMMAND: POST /session/b10d6c442cc9079ac1ad267591374e01/element/f.820658ADB2B97F80F3CD4D4B07B1BD52.d.B7E021A252827B467ABB4DEA4BE412CD.e.10014/click - {}
COMMAND: GET /session/b10d6c442cc9079ac1ad267591374e01/screenshot - {}
RESULT: {}
RESULT: {}
COMMAND: GET /session/b10d6c442cc9079ac1ad267591374e01/screenshot - {}
RESULT: {}
RESULT: {}
COMMAND: POST /session/b10d6c442cc9079ac1ad267591374e01/execute/async - {"script":"<script> [1562 bytes]","args":[{"selector":{"controlType":"sap.m.Title","viewName":"etm.portal.ui.managepricingrules.view.NewItem","viewId":"application-managepricingrules-display-component---newInfoPriceItem","properties":{"text":"New Pricing Rules - Item Level"}},"wdio_ui5_key":"etmportal.ui.managepricingrules.view.NewItemsap.m.Title{\"text\":\"New Pricing Rules - Item Level\"}"}]}
RESULT: {"script":"<script> [1562 bytes]","args":[{"selector":{"controlType":"sap.m.Title","viewName":"etm.portal.ui.managepricingrules.view.NewItem","viewId":"application-managepricingrules-display-component---newInfoPriceItem","properties":{"text":"New Pricing Rules - Item Level"}},"wdio_ui5_key":"etmportal.ui.managepricingrules.view.NewItemsap.m.Title{\"text\":\"New Pricing Rules - Item Level\"}"}]}
RESULT: undefined
COMMAND: POST /session/b10d6c442cc9079ac1ad267591374e01/execute/async - {"script":"<script> [6424 bytes]","args":[{"element-6066-11e4-a52e-4f735466cecf":"f.820658ADB2B97F80F3CD4D4B07B1BD52.d.B7E021A252827B467ABB4DEA4BE412CD.e.10176"},"getText",[]]}
RESULT: {"script":"<script> [6424 bytes]","args":[{"element-6066-11e4-a52e-4f735466cecf":"f.820658ADB2B97F80F3CD4D4B07B1BD52.d.B7E021A252827B467ABB4DEA4BE412CD.e.10176"},"getText",[]]}
COMMAND: POST /session/b10d6c442cc9079ac1ad267591374e01/execute/async - {"script":"<script> [1562 bytes]","args":[{"selector":{"id":"application-managepricingrules-display-component---newInfoPriceItem--condValidTo","interaction":{"idSuffix":"inner"}},"wdio_ui5_key":"applicationmanagepricingrules-display-component---newInfoPriceItem--condValidTo"}]}
RESULT: {"script":"<script> [1562 bytes]","args":[{"selector":{"id":"application-managepricingrules-display-component---newInfoPriceItem--condValidTo","interaction":{"idSuffix":"inner"}},"wdio_ui5_key":"applicationmanagepricingrules-display-component---newInfoPriceItem--condValidTo"}]}
RESULT: undefined
COMMAND: POST /session/b10d6c442cc9079ac1ad267591374e01/execute/async - {"script":"<script> [776 bytes]","args":[{"enterText":"01/14/26","selector":{"id":"application-managepricingrules-display-component---newInfoPriceItem--condValidTo","interaction":{"idSuffix":"inner"}},"clearTextFirst":true,"interactionType":"ENTER_TEXT"}]}
RESULT: {"script":"<script> [776 bytes]","args":[{"enterText":"01/14/26","selector":{"id":"application-managepricingrules-display-component---newInfoPriceItem--condValidTo","interaction":{"idSuffix":"inner"}},"clearTextFirst":true,"interactionType":"ENTER_TEXT"}]}
COMMAND: POST /session/b10d6c442cc9079ac1ad267591374e01/execute/async - {"script":"<script> [1562 bytes]","args":[{"selector":{"id":"application-managepricingrules-display-component---newInfoPriceItem--billType-arrow"},"wdio_ui5_key":"applicationmanagepricingrules-display-component---newInfoPriceItem--billType-arrow"}]}
RESULT: {"script":"<script> [1562 bytes]","args":[{"selector":{"id":"application-managepricingrules-display-component---newInfoPriceItem--billType-arrow"},"wdio_ui5_key":"applicationmanagepricingrules-display-component---newInfoPriceItem--billType-arrow"}]}
RESULT: undefined
COMMAND: POST /session/b10d6c442cc9079ac1ad267591374e01/element - {"using":"xpath","value":"//*[@id=\"application-managepricingrules-display-component---newInfoPriceItem--billType-arrow\"]"}
RESULT: {"using":"xpath","value":"//*[@id=\"application-managepricingrules-display-component---newInfoPriceItem--billType-arrow\"]"}
COMMAND: POST /session/b10d6c442cc9079ac1ad267591374e01/element/f.820658ADB2B97F80F3CD4D4B07B1BD52.d.B7E021A252827B467ABB4DEA4BE412CD.e.10178/click - {}
RESULT: {}
COMMAND: POST /session/b10d6c442cc9079ac1ad267591374e01/element - {"using":"xpath","value":"//span[contains(text(), \"TB - Time based\")]"}
COMMAND: GET /session/b10d6c442cc9079ac1ad267591374e01/screenshot - {}
RESULT: {"using":"xpath","value":"//span[contains(text(), \"TB - Time based\")]"}
COMMAND: POST /session/b10d6c442cc9079ac1ad267591374e01/element/f.820658ADB2B97F80F3CD4D4B07B1BD52.d.B7E021A252827B467ABB4DEA4BE412CD.e.10179/click - {}
RESULT: {}
RESULT: {}
COMMAND: POST /session/b10d6c442cc9079ac1ad267591374e01/execute/async - {"script":"<script> [1562 bytes]","args":[{"selector":{"id":"application-managepricingrules-display-component---newInfoPriceItem--priceProc-arrow"},"wdio_ui5_key":"applicationmanagepricingrules-display-component---newInfoPriceItem--priceProc-arrow"}]}
COMMAND: GET /session/b10d6c442cc9079ac1ad267591374e01/screenshot - {}
RESULT: {"script":"<script> [1562 bytes]","args":[{"selector":{"id":"application-managepricingrules-display-component---newInfoPriceItem--priceProc-arrow"},"wdio_ui5_key":"applicationmanagepricingrules-display-component---newInfoPriceItem--priceProc-arrow"}]}
RESULT: undefined
COMMAND: POST /session/b10d6c442cc9079ac1ad267591374e01/element - {"using":"xpath","value":"//*[@id=\"application-managepricingrules-display-component---newInfoPriceItem--priceProc-arrow\"]"}
RESULT: {}
RESULT: {"using":"xpath","value":"//*[@id=\"application-managepricingrules-display-component---newInfoPriceItem--priceProc-arrow\"]"}
COMMAND: POST /session/b10d6c442cc9079ac1ad267591374e01/element/f.820658ADB2B97F80F3CD4D4B07B1BD52.d.B7E021A252827B467ABB4DEA4BE412CD.e.10142/click - {}
RESULT: {}
COMMAND: POST /session/b10d6c442cc9079ac1ad267591374e01/element - {"using":"xpath","value":"//span[contains(text(), \"TBS - Time based standard\")]"}
COMMAND: GET /session/b10d6c442cc9079ac1ad267591374e01/screenshot - {}
RESULT: {"using":"xpath","value":"//span[contains(text(), \"TBS - Time based standard\")]"}
COMMAND: POST /session/b10d6c442cc9079ac1ad267591374e01/element/f.820658ADB2B97F80F3CD4D4B07B1BD52.d.B7E021A252827B467ABB4DEA4BE412CD.e.10180/click - {}
RESULT: {}
RESULT: {}
COMMAND: POST /session/b10d6c442cc9079ac1ad267591374e01/execute/async - {"script":"<script> [1562 bytes]","args":[{"selector":{"id":"application-managepricingrules-display-component---newInfoPriceItem--calcBase-arrow"},"wdio_ui5_key":"applicationmanagepricingrules-display-component---newInfoPriceItem--calcBase-arrow"}]}
COMMAND: GET /session/b10d6c442cc9079ac1ad267591374e01/screenshot - {}
RESULT: {"script":"<script> [1562 bytes]","args":[{"selector":{"id":"application-managepricingrules-display-component---newInfoPriceItem--calcBase-arrow"},"wdio_ui5_key":"applicationmanagepricingrules-display-component---newInfoPriceItem--calcBase-arrow"}]}
RESULT: undefined
COMMAND: POST /session/b10d6c442cc9079ac1ad267591374e01/element - {"using":"xpath","value":"//*[@id=\"application-managepricingrules-display-component---newInfoPriceItem--calcBase-arrow\"]"}
RESULT: {}
RESULT: {"using":"xpath","value":"//*[@id=\"application-managepricingrules-display-component---newInfoPriceItem--calcBase-arrow\"]"}
COMMAND: POST /session/b10d6c442cc9079ac1ad267591374e01/element/f.820658ADB2B97F80F3CD4D4B07B1BD52.d.B7E021A252827B467ABB4DEA4BE412CD.e.10149/click - {}
RESULT: {}
COMMAND: GET /session/b10d6c442cc9079ac1ad267591374e01/screenshot - {}
RESULT: {}
COMMAND: POST /session/b10d6c442cc9079ac1ad267591374e01/element - {"using":"xpath","value":"//span[contains(text(), \"0006 - TB(calendar days)\")]"}
RESULT: {"using":"xpath","value":"//span[contains(text(), \"0006 - TB(calendar days)\")]"}
COMMAND: POST /session/b10d6c442cc9079ac1ad267591374e01/element/f.820658ADB2B97F80F3CD4D4B07B1BD52.d.B7E021A252827B467ABB4DEA4BE412CD.e.10181/click - {}
RESULT: {}
COMMAND: GET /session/b10d6c442cc9079ac1ad267591374e01/screenshot - {}
RESULT: {}
COMMAND: POST /session/b10d6c442cc9079ac1ad267591374e01/execute/async - {"script":"<script> [1562 bytes]","args":[{"selector":{"id":"application-managepricingrules-display-component---newInfoPriceItem--daysMonth","interaction":{"idSuffix":"inner"}},"wdio_ui5_key":"applicationmanagepricingrules-display-component---newInfoPriceItem--daysMonth"}]}
RESULT: {"script":"<script> [1562 bytes]","args":[{"selector":{"id":"application-managepricingrules-display-component---newInfoPriceItem--daysMonth","interaction":{"idSuffix":"inner"}},"wdio_ui5_key":"applicationmanagepricingrules-display-component---newInfoPriceItem--daysMonth"}]}
RESULT: undefined
COMMAND: POST /session/b10d6c442cc9079ac1ad267591374e01/execute/async - {"script":"<script> [776 bytes]","args":[{"enterText":"30","selector":{"id":"application-managepricingrules-display-component---newInfoPriceItem--daysMonth","interaction":{"idSuffix":"inner"}},"clearTextFirst":true,"interactionType":"ENTER_TEXT"}]}
RESULT: {"script":"<script> [776 bytes]","args":[{"enterText":"30","selector":{"id":"application-managepricingrules-display-component---newInfoPriceItem--daysMonth","interaction":{"idSuffix":"inner"}},"clearTextFirst":true,"interactionType":"ENTER_TEXT"}]}
COMMAND: POST /session/b10d6c442cc9079ac1ad267591374e01/element - {"using":"xpath","value":"//button[@data-kt=\"saveNewRuleButton\"]"}
RESULT: {"using":"xpath","value":"//button[@data-kt=\"saveNewRuleButton\"]"}
COMMAND: POST /session/b10d6c442cc9079ac1ad267591374e01/element/f.820658ADB2B97F80F3CD4D4B07B1BD52.d.B7E021A252827B467ABB4DEA4BE412CD.e.10167/click - {}
RESULT: {}
COMMAND: GET /session/b10d6c442cc9079ac1ad267591374e01/screenshot - {}
RESULT: {}
COMMAND: POST /session/b10d6c442cc9079ac1ad267591374e01/execute/async - {"script":"<script> [1562 bytes]","args":[{"selector":{"id":"application-managepricingrules-display-component---priceInfoItem--smartFilterBar-btnBasicSearch","interaction":{"idSuffix":"I"}},"wdio_ui5_key":"applicationmanagepricingrules-display-component---priceInfoItem--smartFilterBar-btnBasicSearch"}]}
RESULT: {"script":"<script> [1562 bytes]","args":[{"selector":{"id":"application-managepricingrules-display-component---priceInfoItem--smartFilterBar-btnBasicSearch","interaction":{"idSuffix":"I"}},"wdio_ui5_key":"applicationmanagepricingrules-display-component---priceInfoItem--smartFilterBar-btnBasicSearch"}]}
RESULT: undefined
COMMAND: POST /session/b10d6c442cc9079ac1ad267591374e01/execute/async - {"script":"<script> [776 bytes]","args":[{"enterText":"1ptdryqbwv","selector":{"id":"application-managepricingrules-display-component---priceInfoItem--smartFilterBar-btnBasicSearch","interaction":{"idSuffix":"I"}},"clearTextFirst":true,"interactionType":"ENTER_TEXT"}]}
RESULT: {"script":"<script> [776 bytes]","args":[{"enterText":"1ptdryqbwv","selector":{"id":"application-managepricingrules-display-component---priceInfoItem--smartFilterBar-btnBasicSearch","interaction":{"idSuffix":"I"}},"clearTextFirst":true,"interactionType":"ENTER_TEXT"}]}
COMMAND: POST /session/b10d6c442cc9079ac1ad267591374e01/actions - {"actions":[{"id":"action42","type":"key","parameters":{},"actions":[{"type":"keyDown","value":"î€‡"},{"type":"pause","duration":10},{"type":"keyUp","value":"î€‡"}]}]}
RESULT: {"actions":[{"id":"action42","type":"key","parameters":{},"actions":[{"type":"keyDown","value":"î€‡"},{"type":"pause","duration":10},{"type":"keyUp","value":"î€‡"}]}]}
COMMAND: GET /session/b10d6c442cc9079ac1ad267591374e01/screenshot - {}
RESULT: {}
COMMAND: POST /session/b10d6c442cc9079ac1ad267591374e01/element - {"using":"xpath","value":"//span[@id=\"application-managepricingrules-display-component---priceInfoItem--smartTable-header-inner\"]"}
RESULT: {"using":"xpath","value":"//span[@id=\"application-managepricingrules-display-component---priceInfoItem--smartTable-header-inner\"]"}
COMMAND: POST /session/b10d6c442cc9079ac1ad267591374e01/elements - {"using":"xpath","value":"//span[@id=\"application-managepricingrules-display-component---priceInfoItem--smartTable-header-inner\"]"}
RESULT: {"using":"xpath","value":"//span[@id=\"application-managepricingrules-display-component---priceInfoItem--smartTable-header-inner\"]"}
COMMAND: POST /session/b10d6c442cc9079ac1ad267591374e01/execute/sync - {"script":"<script> [56 bytes]","args":[{"element-6066-11e4-a52e-4f735466cecf":"f.820658ADB2B97F80F3CD4D4B07B1BD52.d.B7E021A252827B467ABB4DEA4BE412CD.e.10194","ELEMENT":"f.820658ADB2B97F80F3CD4D4B07B1BD52.d.B7E021A252827B467ABB4DEA4BE412CD.e.10194"}]}
RESULT: {"script":"<script> [56 bytes]","args":[{"element-6066-11e4-a52e-4f735466cecf":"f.820658ADB2B97F80F3CD4D4B07B1BD52.d.B7E021A252827B467ABB4DEA4BE412CD.e.10194","ELEMENT":"f.820658ADB2B97F80F3CD4D4B07B1BD52.d.B7E021A252827B467ABB4DEA4BE412CD.e.10194"}]}
COMMAND: POST /session/b10d6c442cc9079ac1ad267591374e01/element - {"using":"css selector","value":"#shell-header-logo"}
COMMAND: GET /session/b10d6c442cc9079ac1ad267591374e01/screenshot - {}
RESULT: {"using":"css selector","value":"#shell-header-logo"}
COMMAND: POST /session/b10d6c442cc9079ac1ad267591374e01/element/f.820658ADB2B97F80F3CD4D4B07B1BD52.d.B7E021A252827B467ABB4DEA4BE412CD.e.9355/click - {}
RESULT: {}
RESULT: {}
COMMAND: GET /session/b10d6c442cc9079ac1ad267591374e01/screenshot - {}
RESULT: {}
]]></system-out>
    </testcase>
    <testcase classname="chrome.136_0_7103_49.windows.Billing_transfer_US117289" name="Should create new condition for equipment" time="63.11">
      <system-out><![CDATA[
COMMAND: POST /session/b10d6c442cc9079ac1ad267591374e01/execute/async - {"script":"<script> [1562 bytes]","args":[{"selector":{"controlType":"sap.m.Text","properties":{"text":"Manage Conditions & Prices"},"interaction":{"idSuffix":"inner"}},"wdio_ui5_key":"sapm.Text{\"text\":\"Manage Conditions & Prices\"}"}]}
RESULT: {"script":"<script> [1562 bytes]","args":[{"selector":{"controlType":"sap.m.Text","properties":{"text":"Manage Conditions & Prices"},"interaction":{"idSuffix":"inner"}},"wdio_ui5_key":"sapm.Text{\"text\":\"Manage Conditions & Prices\"}"}]}
RESULT: undefined
COMMAND: POST /session/b10d6c442cc9079ac1ad267591374e01/element - {"using":"xpath","value":"//*[@id=\"__tile53-title\"]"}
RESULT: {"using":"xpath","value":"//*[@id=\"__tile53-title\"]"}
COMMAND: POST /session/b10d6c442cc9079ac1ad267591374e01/element/f.820658ADB2B97F80F3CD4D4B07B1BD52.d.B7E021A252827B467ABB4DEA4BE412CD.e.10197/click - {}
RESULT: {}
COMMAND: POST /session/b10d6c442cc9079ac1ad267591374e01/element - {"using":"xpath","value":"//button[@aria-label=\"Create\"]"}
COMMAND: GET /session/b10d6c442cc9079ac1ad267591374e01/screenshot - {}
RESULT: {"using":"xpath","value":"//button[@aria-label=\"Create\"]"}
COMMAND: POST /session/b10d6c442cc9079ac1ad267591374e01/elements - {"using":"xpath","value":"//button[@aria-label=\"Create\"]"}
RESULT: {}
RESULT: {"using":"xpath","value":"//button[@aria-label=\"Create\"]"}
COMMAND: POST /session/b10d6c442cc9079ac1ad267591374e01/elements - {"using":"xpath","value":"//button[@aria-label=\"Create\"]"}
RESULT: {"using":"xpath","value":"//button[@aria-label=\"Create\"]"}
COMMAND: POST /session/b10d6c442cc9079ac1ad267591374e01/elements - {"using":"xpath","value":"//button[@aria-label=\"Create\"]"}
RESULT: {"using":"xpath","value":"//button[@aria-label=\"Create\"]"}
COMMAND: POST /session/b10d6c442cc9079ac1ad267591374e01/elements - {"using":"xpath","value":"//button[@aria-label=\"Create\"]"}
RESULT: {"using":"xpath","value":"//button[@aria-label=\"Create\"]"}
COMMAND: POST /session/b10d6c442cc9079ac1ad267591374e01/elements - {"using":"xpath","value":"//button[@aria-label=\"Create\"]"}
RESULT: {"using":"xpath","value":"//button[@aria-label=\"Create\"]"}
COMMAND: POST /session/b10d6c442cc9079ac1ad267591374e01/elements - {"using":"xpath","value":"//button[@aria-label=\"Create\"]"}
RESULT: {"using":"xpath","value":"//button[@aria-label=\"Create\"]"}
COMMAND: POST /session/b10d6c442cc9079ac1ad267591374e01/elements - {"using":"xpath","value":"//button[@aria-label=\"Create\"]"}
RESULT: {"using":"xpath","value":"//button[@aria-label=\"Create\"]"}
COMMAND: POST /session/b10d6c442cc9079ac1ad267591374e01/elements - {"using":"xpath","value":"//button[@aria-label=\"Create\"]"}
RESULT: {"using":"xpath","value":"//button[@aria-label=\"Create\"]"}
COMMAND: POST /session/b10d6c442cc9079ac1ad267591374e01/elements - {"using":"xpath","value":"//button[@aria-label=\"Create\"]"}
RESULT: {"using":"xpath","value":"//button[@aria-label=\"Create\"]"}
COMMAND: POST /session/b10d6c442cc9079ac1ad267591374e01/elements - {"using":"xpath","value":"//button[@aria-label=\"Create\"]"}
RESULT: {"using":"xpath","value":"//button[@aria-label=\"Create\"]"}
COMMAND: POST /session/b10d6c442cc9079ac1ad267591374e01/elements - {"using":"xpath","value":"//button[@aria-label=\"Create\"]"}
RESULT: {"using":"xpath","value":"//button[@aria-label=\"Create\"]"}
COMMAND: POST /session/b10d6c442cc9079ac1ad267591374e01/elements - {"using":"xpath","value":"//button[@aria-label=\"Create\"]"}
RESULT: {"using":"xpath","value":"//button[@aria-label=\"Create\"]"}
COMMAND: POST /session/b10d6c442cc9079ac1ad267591374e01/elements - {"using":"xpath","value":"//button[@aria-label=\"Create\"]"}
RESULT: {"using":"xpath","value":"//button[@aria-label=\"Create\"]"}
COMMAND: POST /session/b10d6c442cc9079ac1ad267591374e01/elements - {"using":"xpath","value":"//button[@aria-label=\"Create\"]"}
RESULT: {"using":"xpath","value":"//button[@aria-label=\"Create\"]"}
COMMAND: POST /session/b10d6c442cc9079ac1ad267591374e01/elements - {"using":"xpath","value":"//button[@aria-label=\"Create\"]"}
RESULT: {"using":"xpath","value":"//button[@aria-label=\"Create\"]"}
COMMAND: POST /session/b10d6c442cc9079ac1ad267591374e01/elements - {"using":"xpath","value":"//button[@aria-label=\"Create\"]"}
RESULT: {"using":"xpath","value":"//button[@aria-label=\"Create\"]"}
COMMAND: POST /session/b10d6c442cc9079ac1ad267591374e01/element - {"using":"xpath","value":"//button[@aria-label=\"Create\"]"}
RESULT: {"using":"xpath","value":"//button[@aria-label=\"Create\"]"}
COMMAND: POST /session/b10d6c442cc9079ac1ad267591374e01/execute/sync - {"script":"<script> [8489 bytes]","args":[{"element-6066-11e4-a52e-4f735466cecf":"f.820658ADB2B97F80F3CD4D4B07B1BD52.d.B7E021A252827B467ABB4DEA4BE412CD.e.10231","ELEMENT":"f.820658ADB2B97F80F3CD4D4B07B1BD52.d.B7E021A252827B467ABB4DEA4BE412CD.e.10231"}]}
RESULT: {"script":"<script> [8489 bytes]","args":[{"element-6066-11e4-a52e-4f735466cecf":"f.820658ADB2B97F80F3CD4D4B07B1BD52.d.B7E021A252827B467ABB4DEA4BE412CD.e.10231","ELEMENT":"f.820658ADB2B97F80F3CD4D4B07B1BD52.d.B7E021A252827B467ABB4DEA4BE412CD.e.10231"}]}
COMMAND: GET /session/b10d6c442cc9079ac1ad267591374e01/element/f.820658ADB2B97F80F3CD4D4B07B1BD52.d.B7E021A252827B467ABB4DEA4BE412CD.e.10231/enabled - {}
COMMAND: GET /session/b10d6c442cc9079ac1ad267591374e01/screenshot - {}
RESULT: {}
COMMAND: POST /session/b10d6c442cc9079ac1ad267591374e01/execute/sync - {"script":"<script> [8489 bytes]","args":[{"element-6066-11e4-a52e-4f735466cecf":"f.820658ADB2B97F80F3CD4D4B07B1BD52.d.B7E021A252827B467ABB4DEA4BE412CD.e.10231","ELEMENT":"f.820658ADB2B97F80F3CD4D4B07B1BD52.d.B7E021A252827B467ABB4DEA4BE412CD.e.10231"}]}
COMMAND: GET /session/b10d6c442cc9079ac1ad267591374e01/screenshot - {}
RESULT: {}
RESULT: {"script":"<script> [8489 bytes]","args":[{"element-6066-11e4-a52e-4f735466cecf":"f.820658ADB2B97F80F3CD4D4B07B1BD52.d.B7E021A252827B467ABB4DEA4BE412CD.e.10231","ELEMENT":"f.820658ADB2B97F80F3CD4D4B07B1BD52.d.B7E021A252827B467ABB4DEA4BE412CD.e.10231"}]}
COMMAND: POST /session/b10d6c442cc9079ac1ad267591374e01/execute/sync - {"script":"<script> [5351 bytes]","args":[{"element-6066-11e4-a52e-4f735466cecf":"f.820658ADB2B97F80F3CD4D4B07B1BD52.d.B7E021A252827B467ABB4DEA4BE412CD.e.10231","ELEMENT":"f.820658ADB2B97F80F3CD4D4B07B1BD52.d.B7E021A252827B467ABB4DEA4BE412CD.e.10231"}]}
COMMAND: GET /session/b10d6c442cc9079ac1ad267591374e01/screenshot - {}
RESULT: {}
RESULT: {"script":"<script> [5351 bytes]","args":[{"element-6066-11e4-a52e-4f735466cecf":"f.820658ADB2B97F80F3CD4D4B07B1BD52.d.B7E021A252827B467ABB4DEA4BE412CD.e.10231","ELEMENT":"f.820658ADB2B97F80F3CD4D4B07B1BD52.d.B7E021A252827B467ABB4DEA4BE412CD.e.10231"}]}
COMMAND: POST /session/b10d6c442cc9079ac1ad267591374e01/element/f.820658ADB2B97F80F3CD4D4B07B1BD52.d.B7E021A252827B467ABB4DEA4BE412CD.e.10231/click - {}
COMMAND: GET /session/b10d6c442cc9079ac1ad267591374e01/screenshot - {}
RESULT: {}
RESULT: {}
COMMAND: GET /session/b10d6c442cc9079ac1ad267591374e01/screenshot - {}
RESULT: {}
RESULT: {}
COMMAND: POST /session/b10d6c442cc9079ac1ad267591374e01/actions - {"actions":[{"id":"action43","type":"key","parameters":{},"actions":[{"type":"keyDown","value":"î€‡"},{"type":"pause","duration":10},{"type":"keyUp","value":"î€‡"}]}]}
RESULT: {"actions":[{"id":"action43","type":"key","parameters":{},"actions":[{"type":"keyDown","value":"î€‡"},{"type":"pause","duration":10},{"type":"keyUp","value":"î€‡"}]}]}
COMMAND: GET /session/b10d6c442cc9079ac1ad267591374e01/screenshot - {}
RESULT: {}
COMMAND: POST /session/b10d6c442cc9079ac1ad267591374e01/execute/async - {"script":"<script> [1562 bytes]","args":[{"selector":{"id":"application-manageconditionprice-display-component---newCondition--condBillCond-arrow"},"wdio_ui5_key":"applicationmanageconditionprice-display-component---newCondition--condBillCond-arrow"}]}
RESULT: {"script":"<script> [1562 bytes]","args":[{"selector":{"id":"application-manageconditionprice-display-component---newCondition--condBillCond-arrow"},"wdio_ui5_key":"applicationmanageconditionprice-display-component---newCondition--condBillCond-arrow"}]}
RESULT: undefined
COMMAND: POST /session/b10d6c442cc9079ac1ad267591374e01/element - {"using":"xpath","value":"//*[@id=\"application-manageconditionprice-display-component---newCondition--condBillCond-arrow\"]"}
RESULT: {"using":"xpath","value":"//*[@id=\"application-manageconditionprice-display-component---newCondition--condBillCond-arrow\"]"}
COMMAND: POST /session/b10d6c442cc9079ac1ad267591374e01/element/f.820658ADB2B97F80F3CD4D4B07B1BD52.d.B7E021A252827B467ABB4DEA4BE412CD.e.10411/click - {}
RESULT: {}
COMMAND: GET /session/b10d6c442cc9079ac1ad267591374e01/screenshot - {}
RESULT: {}
COMMAND: POST /session/b10d6c442cc9079ac1ad267591374e01/element - {"using":"xpath","value":"//li[.//span[contains(text(), \"DISP - D&I special price\")]]"}
RESULT: {"using":"xpath","value":"//li[.//span[contains(text(), \"DISP - D&I special price\")]]"}
COMMAND: POST /session/b10d6c442cc9079ac1ad267591374e01/element/f.820658ADB2B97F80F3CD4D4B07B1BD52.d.B7E021A252827B467ABB4DEA4BE412CD.e.10414/click - {}
RESULT: {}
COMMAND: GET /session/b10d6c442cc9079ac1ad267591374e01/screenshot - {}
RESULT: {}
COMMAND: POST /session/b10d6c442cc9079ac1ad267591374e01/execute/async - {"script":"<script> [1562 bytes]","args":[{"selector":{"id":"application-manageconditionprice-display-component---newCondition--condValidTo","interaction":{"idSuffix":"inner"}},"wdio_ui5_key":"applicationmanageconditionprice-display-component---newCondition--condValidTo"}]}
RESULT: {"script":"<script> [1562 bytes]","args":[{"selector":{"id":"application-manageconditionprice-display-component---newCondition--condValidTo","interaction":{"idSuffix":"inner"}},"wdio_ui5_key":"applicationmanageconditionprice-display-component---newCondition--condValidTo"}]}
RESULT: undefined
COMMAND: POST /session/b10d6c442cc9079ac1ad267591374e01/execute/async - {"script":"<script> [776 bytes]","args":[{"enterText":"01/14/26","selector":{"id":"application-manageconditionprice-display-component---newCondition--condValidTo","interaction":{"idSuffix":"inner"}},"clearTextFirst":true,"interactionType":"ENTER_TEXT"}]}
RESULT: {"script":"<script> [776 bytes]","args":[{"enterText":"01/14/26","selector":{"id":"application-manageconditionprice-display-component---newCondition--condValidTo","interaction":{"idSuffix":"inner"}},"clearTextFirst":true,"interactionType":"ENTER_TEXT"}]}
COMMAND: POST /session/b10d6c442cc9079ac1ad267591374e01/element - {"using":"xpath","value":"//input[@id=\"application-manageconditionprice-display-component---newCondition--condRU-inner\"]"}
RESULT: {"using":"xpath","value":"//input[@id=\"application-manageconditionprice-display-component---newCondition--condRU-inner\"]"}
COMMAND: POST /session/b10d6c442cc9079ac1ad267591374e01/element/f.820658ADB2B97F80F3CD4D4B07B1BD52.d.B7E021A252827B467ABB4DEA4BE412CD.e.10277/clear - {}
RESULT: {}
COMMAND: POST /session/b10d6c442cc9079ac1ad267591374e01/element/f.820658ADB2B97F80F3CD4D4B07B1BD52.d.B7E021A252827B467ABB4DEA4BE412CD.e.10277/value - {"text":"1ptdryqbwv"}
COMMAND: GET /session/b10d6c442cc9079ac1ad267591374e01/screenshot - {}
RESULT: {"text":"1ptdryqbwv"}
COMMAND: GET /session/b10d6c442cc9079ac1ad267591374e01/screenshot - {}
RESULT: {}
RESULT: {}
COMMAND: POST /session/b10d6c442cc9079ac1ad267591374e01/actions - {"actions":[{"id":"action44","type":"key","parameters":{},"actions":[{"type":"keyDown","value":"î€‡"},{"type":"pause","duration":10},{"type":"keyUp","value":"î€‡"}]}]}
RESULT: {"actions":[{"id":"action44","type":"key","parameters":{},"actions":[{"type":"keyDown","value":"î€‡"},{"type":"pause","duration":10},{"type":"keyUp","value":"î€‡"}]}]}
COMMAND: POST /session/b10d6c442cc9079ac1ad267591374e01/execute/async - {"script":"<script> [1562 bytes]","args":[{"selector":{"id":"application-manageconditionprice-display-component---newCondition--condBaseQty","interaction":{"idSuffix":"inner"}},"wdio_ui5_key":"applicationmanageconditionprice-display-component---newCondition--condBaseQty"}]}
COMMAND: GET /session/b10d6c442cc9079ac1ad267591374e01/screenshot - {}
RESULT: {"script":"<script> [1562 bytes]","args":[{"selector":{"id":"application-manageconditionprice-display-component---newCondition--condBaseQty","interaction":{"idSuffix":"inner"}},"wdio_ui5_key":"applicationmanageconditionprice-display-component---newCondition--condBaseQty"}]}
RESULT: undefined
COMMAND: POST /session/b10d6c442cc9079ac1ad267591374e01/execute/async - {"script":"<script> [776 bytes]","args":[{"enterText":"1","selector":{"id":"application-manageconditionprice-display-component---newCondition--condBaseQty","interaction":{"idSuffix":"inner"}},"clearTextFirst":true,"interactionType":"ENTER_TEXT"}]}
RESULT: {}
RESULT: {"script":"<script> [776 bytes]","args":[{"enterText":"1","selector":{"id":"application-manageconditionprice-display-component---newCondition--condBaseQty","interaction":{"idSuffix":"inner"}},"clearTextFirst":true,"interactionType":"ENTER_TEXT"}]}
COMMAND: POST /session/b10d6c442cc9079ac1ad267591374e01/execute/async - {"script":"<script> [1562 bytes]","args":[{"selector":{"id":"application-manageconditionprice-display-component---newCondition--condValue","interaction":{"idSuffix":"inner"}},"wdio_ui5_key":"applicationmanageconditionprice-display-component---newCondition--condValue"}]}
RESULT: {"script":"<script> [1562 bytes]","args":[{"selector":{"id":"application-manageconditionprice-display-component---newCondition--condValue","interaction":{"idSuffix":"inner"}},"wdio_ui5_key":"applicationmanageconditionprice-display-component---newCondition--condValue"}]}
RESULT: undefined
COMMAND: POST /session/b10d6c442cc9079ac1ad267591374e01/execute/async - {"script":"<script> [776 bytes]","args":[{"enterText":"100","selector":{"id":"application-manageconditionprice-display-component---newCondition--condValue","interaction":{"idSuffix":"inner"}},"clearTextFirst":true,"interactionType":"ENTER_TEXT"}]}
RESULT: {"script":"<script> [776 bytes]","args":[{"enterText":"100","selector":{"id":"application-manageconditionprice-display-component---newCondition--condValue","interaction":{"idSuffix":"inner"}},"clearTextFirst":true,"interactionType":"ENTER_TEXT"}]}
COMMAND: POST /session/b10d6c442cc9079ac1ad267591374e01/execute/async - {"script":"<script> [1562 bytes]","args":[{"selector":{"id":"application-manageconditionprice-display-component---newCondition--condCurr-arrow"},"wdio_ui5_key":"applicationmanageconditionprice-display-component---newCondition--condCurr-arrow"}]}
RESULT: {"script":"<script> [1562 bytes]","args":[{"selector":{"id":"application-manageconditionprice-display-component---newCondition--condCurr-arrow"},"wdio_ui5_key":"applicationmanageconditionprice-display-component---newCondition--condCurr-arrow"}]}
RESULT: undefined
COMMAND: POST /session/b10d6c442cc9079ac1ad267591374e01/element - {"using":"xpath","value":"//*[@id=\"application-manageconditionprice-display-component---newCondition--condCurr-arrow\"]"}
RESULT: {"using":"xpath","value":"//*[@id=\"application-manageconditionprice-display-component---newCondition--condCurr-arrow\"]"}
COMMAND: POST /session/b10d6c442cc9079ac1ad267591374e01/element/f.820658ADB2B97F80F3CD4D4B07B1BD52.d.B7E021A252827B467ABB4DEA4BE412CD.e.10385/click - {}
RESULT: {}
COMMAND: POST /session/b10d6c442cc9079ac1ad267591374e01/element - {"using":"xpath","value":"//span[contains(text(), \"Euro\")]"}
COMMAND: GET /session/b10d6c442cc9079ac1ad267591374e01/screenshot - {}
RESULT: {"using":"xpath","value":"//span[contains(text(), \"Euro\")]"}
COMMAND: POST /session/b10d6c442cc9079ac1ad267591374e01/element/f.820658ADB2B97F80F3CD4D4B07B1BD52.d.B7E021A252827B467ABB4DEA4BE412CD.e.10451/click - {}
RESULT: {}
RESULT: {}
COMMAND: POST /session/b10d6c442cc9079ac1ad267591374e01/element - {"using":"xpath","value":"//button[@data-kt=\"saveButton\"]"}
COMMAND: GET /session/b10d6c442cc9079ac1ad267591374e01/screenshot - {}
RESULT: {"using":"xpath","value":"//button[@data-kt=\"saveButton\"]"}
COMMAND: POST /session/b10d6c442cc9079ac1ad267591374e01/element/f.820658ADB2B97F80F3CD4D4B07B1BD52.d.B7E021A252827B467ABB4DEA4BE412CD.e.10386/click - {}
RESULT: {}
RESULT: {}
COMMAND: GET /session/b10d6c442cc9079ac1ad267591374e01/screenshot - {}
RESULT: {}
COMMAND: POST /session/b10d6c442cc9079ac1ad267591374e01/execute/async - {"script":"<script> [1562 bytes]","args":[{"selector":{"id":"application-manageconditionprice-display-component---conditions--smartFilterBar-btnBasicSearch","interaction":{"idSuffix":"I"}},"wdio_ui5_key":"applicationmanageconditionprice-display-component---conditions--smartFilterBar-btnBasicSearch"}]}
RESULT: {"script":"<script> [1562 bytes]","args":[{"selector":{"id":"application-manageconditionprice-display-component---conditions--smartFilterBar-btnBasicSearch","interaction":{"idSuffix":"I"}},"wdio_ui5_key":"applicationmanageconditionprice-display-component---conditions--smartFilterBar-btnBasicSearch"}]}
RESULT: undefined
COMMAND: POST /session/b10d6c442cc9079ac1ad267591374e01/execute/async - {"script":"<script> [776 bytes]","args":[{"enterText":"1ptdryqbwv","selector":{"id":"application-manageconditionprice-display-component---conditions--smartFilterBar-btnBasicSearch","interaction":{"idSuffix":"I"}},"clearTextFirst":true,"interactionType":"ENTER_TEXT"}]}
RESULT: {"script":"<script> [776 bytes]","args":[{"enterText":"1ptdryqbwv","selector":{"id":"application-manageconditionprice-display-component---conditions--smartFilterBar-btnBasicSearch","interaction":{"idSuffix":"I"}},"clearTextFirst":true,"interactionType":"ENTER_TEXT"}]}
COMMAND: POST /session/b10d6c442cc9079ac1ad267591374e01/actions - {"actions":[{"id":"action45","type":"key","parameters":{},"actions":[{"type":"keyDown","value":"î€‡"},{"type":"pause","duration":10},{"type":"keyUp","value":"î€‡"}]}]}
RESULT: {"actions":[{"id":"action45","type":"key","parameters":{},"actions":[{"type":"keyDown","value":"î€‡"},{"type":"pause","duration":10},{"type":"keyUp","value":"î€‡"}]}]}
COMMAND: GET /session/b10d6c442cc9079ac1ad267591374e01/screenshot - {}
RESULT: {}
COMMAND: POST /session/b10d6c442cc9079ac1ad267591374e01/execute/async - {"script":"<script> [1562 bytes]","args":[{"selector":{"id":"application-manageconditionprice-display-component---conditions--smartFilterBar-filterItemControl_BASIC-BILL_TYPES-vhi"},"wdio_ui5_key":"applicationmanageconditionprice-display-component---conditions--smartFilterBar-filterItemControl_BASIC-BILL_TYPES-vhi"}]}
RESULT: {"script":"<script> [1562 bytes]","args":[{"selector":{"id":"application-manageconditionprice-display-component---conditions--smartFilterBar-filterItemControl_BASIC-BILL_TYPES-vhi"},"wdio_ui5_key":"applicationmanageconditionprice-display-component---conditions--smartFilterBar-filterItemControl_BASIC-BILL_TYPES-vhi"}]}
RESULT: undefined
COMMAND: POST /session/b10d6c442cc9079ac1ad267591374e01/element - {"using":"xpath","value":"//*[@id=\"application-manageconditionprice-display-component---conditions--smartFilterBar-filterItemControl_BASIC-BILL_TYPES-vhi\"]"}
RESULT: {"using":"xpath","value":"//*[@id=\"application-manageconditionprice-display-component---conditions--smartFilterBar-filterItemControl_BASIC-BILL_TYPES-vhi\"]"}
COMMAND: POST /session/b10d6c442cc9079ac1ad267591374e01/element/f.820658ADB2B97F80F3CD4D4B07B1BD52.d.B7E021A252827B467ABB4DEA4BE412CD.e.10467/click - {}
RESULT: {}
COMMAND: POST /session/b10d6c442cc9079ac1ad267591374e01/execute/async - {"script":"<script> [1562 bytes]","args":[{"selector":{"id":"application-manageconditionprice-display-component---conditions--smartFilterBar-filterItemControl_BASIC-BILL_TYPES-valueHelpDialog-smartFilterBar-btnBasicSearch","searchOpenDialogs":true,"interaction":{"idSuffix":"I"}},"wdio_ui5_key":"applicationmanageconditionprice-display-component---conditions--smartFilterBar-filterItemControl_BASIC-BILL_TYPES-valueHelpDialog-smartFilterBar-btnBasicSearch"}]}
COMMAND: GET /session/b10d6c442cc9079ac1ad267591374e01/screenshot - {}
RESULT: {"script":"<script> [1562 bytes]","args":[{"selector":{"id":"application-manageconditionprice-display-component---conditions--smartFilterBar-filterItemControl_BASIC-BILL_TYPES-valueHelpDialog-smartFilterBar-btnBasicSearch","searchOpenDialogs":true,"interaction":{"idSuffix":"I"}},"wdio_ui5_key":"applicationmanageconditionprice-display-component---conditions--smartFilterBar-filterItemControl_BASIC-BILL_TYPES-valueHelpDialog-smartFilterBar-btnBasicSearch"}]}
RESULT: undefined
COMMAND: POST /session/b10d6c442cc9079ac1ad267591374e01/execute/async - {"script":"<script> [776 bytes]","args":[{"enterText":"TB","selector":{"id":"application-manageconditionprice-display-component---conditions--smartFilterBar-filterItemControl_BASIC-BILL_TYPES-valueHelpDialog-smartFilterBar-btnBasicSearch","searchOpenDialogs":true,"interaction":{"idSuffix":"I"}},"clearTextFirst":true,"interactionType":"ENTER_TEXT"}]}
RESULT: {}
RESULT: {"script":"<script> [776 bytes]","args":[{"enterText":"TB","selector":{"id":"application-manageconditionprice-display-component---conditions--smartFilterBar-filterItemControl_BASIC-BILL_TYPES-valueHelpDialog-smartFilterBar-btnBasicSearch","searchOpenDialogs":true,"interaction":{"idSuffix":"I"}},"clearTextFirst":true,"interactionType":"ENTER_TEXT"}]}
COMMAND: POST /session/b10d6c442cc9079ac1ad267591374e01/actions - {"actions":[{"id":"action46","type":"key","parameters":{},"actions":[{"type":"keyDown","value":"î€‡"},{"type":"pause","duration":10},{"type":"keyUp","value":"î€‡"}]}]}
RESULT: {"actions":[{"id":"action46","type":"key","parameters":{},"actions":[{"type":"keyDown","value":"î€‡"},{"type":"pause","duration":10},{"type":"keyUp","value":"î€‡"}]}]}
COMMAND: GET /session/b10d6c442cc9079ac1ad267591374e01/screenshot - {}
RESULT: {}
COMMAND: POST /session/b10d6c442cc9079ac1ad267591374e01/element - {"using":"xpath","value":"//div[contains(@id, 'application-manageconditionprice-display-component---conditions--smartFilterBar-filterItemControl_BASIC-BILL_TYPES-valueHelpDialog-table-rowsel0')]"}
RESULT: {"using":"xpath","value":"//div[contains(@id, 'application-manageconditionprice-display-component---conditions--smartFilterBar-filterItemControl_BASIC-BILL_TYPES-valueHelpDialog-table-rowsel0')]"}
COMMAND: POST /session/b10d6c442cc9079ac1ad267591374e01/element/f.820658ADB2B97F80F3CD4D4B07B1BD52.d.B7E021A252827B467ABB4DEA4BE412CD.e.10476/click - {}
RESULT: {}
COMMAND: GET /session/b10d6c442cc9079ac1ad267591374e01/screenshot - {}
RESULT: {}
COMMAND: POST /session/b10d6c442cc9079ac1ad267591374e01/element - {"using":"xpath","value":"//bdi[contains(text(), \"OK\")]"}
RESULT: {"using":"xpath","value":"//bdi[contains(text(), \"OK\")]"}
COMMAND: POST /session/b10d6c442cc9079ac1ad267591374e01/element/f.820658ADB2B97F80F3CD4D4B07B1BD52.d.B7E021A252827B467ABB4DEA4BE412CD.e.10478/click - {}
RESULT: {}
COMMAND: GET /session/b10d6c442cc9079ac1ad267591374e01/screenshot - {}
RESULT: {}
COMMAND: POST /session/b10d6c442cc9079ac1ad267591374e01/element - {"using":"xpath","value":"//span[@id=\"application-manageconditionprice-display-component---conditions--smartTable-header-inner\"]"}
RESULT: {"using":"xpath","value":"//span[@id=\"application-manageconditionprice-display-component---conditions--smartTable-header-inner\"]"}
COMMAND: POST /session/b10d6c442cc9079ac1ad267591374e01/elements - {"using":"xpath","value":"//span[@id=\"application-manageconditionprice-display-component---conditions--smartTable-header-inner\"]"}
RESULT: {"using":"xpath","value":"//span[@id=\"application-manageconditionprice-display-component---conditions--smartTable-header-inner\"]"}
COMMAND: POST /session/b10d6c442cc9079ac1ad267591374e01/execute/sync - {"script":"<script> [56 bytes]","args":[{"element-6066-11e4-a52e-4f735466cecf":"f.820658ADB2B97F80F3CD4D4B07B1BD52.d.B7E021A252827B467ABB4DEA4BE412CD.e.10481","ELEMENT":"f.820658ADB2B97F80F3CD4D4B07B1BD52.d.B7E021A252827B467ABB4DEA4BE412CD.e.10481"}]}
RESULT: {"script":"<script> [56 bytes]","args":[{"element-6066-11e4-a52e-4f735466cecf":"f.820658ADB2B97F80F3CD4D4B07B1BD52.d.B7E021A252827B467ABB4DEA4BE412CD.e.10481","ELEMENT":"f.820658ADB2B97F80F3CD4D4B07B1BD52.d.B7E021A252827B467ABB4DEA4BE412CD.e.10481"}]}
COMMAND: POST /session/b10d6c442cc9079ac1ad267591374e01/element - {"using":"css selector","value":"#shell-header-logo"}
COMMAND: GET /session/b10d6c442cc9079ac1ad267591374e01/screenshot - {}
RESULT: {"using":"css selector","value":"#shell-header-logo"}
COMMAND: POST /session/b10d6c442cc9079ac1ad267591374e01/element/f.820658ADB2B97F80F3CD4D4B07B1BD52.d.B7E021A252827B467ABB4DEA4BE412CD.e.10199/click - {}
RESULT: {}
RESULT: {}
COMMAND: GET /session/b10d6c442cc9079ac1ad267591374e01/screenshot - {}
RESULT: {}
]]></system-out>
    </testcase>
  </testsuite>
  <testsuite timestamp="2025-05-14T06:51:14" time="642.63" tests="12" failures="6" errors="6" skipped="0">
    <properties>
      <property name="specId" value="0" />
      <property name="suiteName" value="Create Reverse Billing US127248" />
      <property name="capabilities" value="chrome.136_0_7103_49.windows" />
      <property name="file" value="file:///D:/a/1/s/test/specs/BTS/reverse-billing.spec.js" />
    </properties>
    <testcase classname="chrome.136_0_7103_49.windows.Create_Reverse_Billing_US127248" name="Should create a new yard" time="0.019">
      <system-out><![CDATA[
COMMAND: POST /session/b10d6c442cc9079ac1ad267591374e01/window/fullscreen - {}
RESULT: {}
]]></system-out>
    </testcase>
    <testcase classname="chrome.136_0_7103_49.windows.Create_Reverse_Billing_US127248" name="Should create a new partner" time="0.004" />
    <testcase classname="chrome.136_0_7103_49.windows.Create_Reverse_Billing_US127248" name="Should create a new site" time="0.003" />
    <testcase classname="chrome.136_0_7103_49.windows.Create_Reverse_Billing_US127248" name="Should create a resource" time="121.458">
      <system-out><![CDATA[
COMMAND: POST /session/b10d6c442cc9079ac1ad267591374e01/execute/async - {"script":"<script> [1562 bytes]","args":[{"selector":{"controlType":"sap.m.GenericTile","properties":{"header":"Manage Resources"}},"wdio_ui5_key":"sapm.GenericTile{\"header\":\"Manage Resources\"}"}]}
RESULT: {"script":"<script> [1562 bytes]","args":[{"selector":{"controlType":"sap.m.GenericTile","properties":{"header":"Manage Resources"}},"wdio_ui5_key":"sapm.GenericTile{\"header\":\"Manage Resources\"}"}]}
RESULT: undefined
COMMAND: POST /session/b10d6c442cc9079ac1ad267591374e01/element - {"using":"xpath","value":"//*[@id=\"__tile39\"]"}
RESULT: {"using":"xpath","value":"//*[@id=\"__tile39\"]"}
COMMAND: POST /session/b10d6c442cc9079ac1ad267591374e01/element/f.820658ADB2B97F80F3CD4D4B07B1BD52.d.9FEC8EC1E49CC7C3B33090D3CEF1DD86.e.11237/click - {}
RESULT: {}
COMMAND: POST /session/b10d6c442cc9079ac1ad267591374e01/element - {"using":"xpath","value":"//button[@data-kt=\"addNewRUOverflowToolbarButton\"]"}
COMMAND: GET /session/b10d6c442cc9079ac1ad267591374e01/screenshot - {}
RESULT: {"using":"xpath","value":"//button[@data-kt=\"addNewRUOverflowToolbarButton\"]"}
COMMAND: POST /session/b10d6c442cc9079ac1ad267591374e01/elements - {"using":"xpath","value":"//button[@data-kt=\"addNewRUOverflowToolbarButton\"]"}
RESULT: {}
RESULT: {"using":"xpath","value":"//button[@data-kt=\"addNewRUOverflowToolbarButton\"]"}
COMMAND: POST /session/b10d6c442cc9079ac1ad267591374e01/elements - {"using":"xpath","value":"//button[@data-kt=\"addNewRUOverflowToolbarButton\"]"}
RESULT: {"using":"xpath","value":"//button[@data-kt=\"addNewRUOverflowToolbarButton\"]"}
COMMAND: POST /session/b10d6c442cc9079ac1ad267591374e01/elements - {"using":"xpath","value":"//button[@data-kt=\"addNewRUOverflowToolbarButton\"]"}
RESULT: {"using":"xpath","value":"//button[@data-kt=\"addNewRUOverflowToolbarButton\"]"}
COMMAND: POST /session/b10d6c442cc9079ac1ad267591374e01/elements - {"using":"xpath","value":"//button[@data-kt=\"addNewRUOverflowToolbarButton\"]"}
RESULT: {"using":"xpath","value":"//button[@data-kt=\"addNewRUOverflowToolbarButton\"]"}
COMMAND: POST /session/b10d6c442cc9079ac1ad267591374e01/elements - {"using":"xpath","value":"//button[@data-kt=\"addNewRUOverflowToolbarButton\"]"}
RESULT: {"using":"xpath","value":"//button[@data-kt=\"addNewRUOverflowToolbarButton\"]"}
COMMAND: POST /session/b10d6c442cc9079ac1ad267591374e01/elements - {"using":"xpath","value":"//button[@data-kt=\"addNewRUOverflowToolbarButton\"]"}
RESULT: {"using":"xpath","value":"//button[@data-kt=\"addNewRUOverflowToolbarButton\"]"}
COMMAND: POST /session/b10d6c442cc9079ac1ad267591374e01/elements - {"using":"xpath","value":"//button[@data-kt=\"addNewRUOverflowToolbarButton\"]"}
RESULT: {"using":"xpath","value":"//button[@data-kt=\"addNewRUOverflowToolbarButton\"]"}
COMMAND: POST /session/b10d6c442cc9079ac1ad267591374e01/elements - {"using":"xpath","value":"//button[@data-kt=\"addNewRUOverflowToolbarButton\"]"}
RESULT: {"using":"xpath","value":"//button[@data-kt=\"addNewRUOverflowToolbarButton\"]"}
COMMAND: POST /session/b10d6c442cc9079ac1ad267591374e01/elements - {"using":"xpath","value":"//button[@data-kt=\"addNewRUOverflowToolbarButton\"]"}
RESULT: {"using":"xpath","value":"//button[@data-kt=\"addNewRUOverflowToolbarButton\"]"}
COMMAND: POST /session/b10d6c442cc9079ac1ad267591374e01/elements - {"using":"xpath","value":"//button[@data-kt=\"addNewRUOverflowToolbarButton\"]"}
RESULT: {"using":"xpath","value":"//button[@data-kt=\"addNewRUOverflowToolbarButton\"]"}
COMMAND: POST /session/b10d6c442cc9079ac1ad267591374e01/elements - {"using":"xpath","value":"//button[@data-kt=\"addNewRUOverflowToolbarButton\"]"}
RESULT: {"using":"xpath","value":"//button[@data-kt=\"addNewRUOverflowToolbarButton\"]"}
COMMAND: POST /session/b10d6c442cc9079ac1ad267591374e01/elements - {"using":"xpath","value":"//button[@data-kt=\"addNewRUOverflowToolbarButton\"]"}
RESULT: {"using":"xpath","value":"//button[@data-kt=\"addNewRUOverflowToolbarButton\"]"}
COMMAND: POST /session/b10d6c442cc9079ac1ad267591374e01/elements - {"using":"xpath","value":"//button[@data-kt=\"addNewRUOverflowToolbarButton\"]"}
RESULT: {"using":"xpath","value":"//button[@data-kt=\"addNewRUOverflowToolbarButton\"]"}
COMMAND: POST /session/b10d6c442cc9079ac1ad267591374e01/elements - {"using":"xpath","value":"//button[@data-kt=\"addNewRUOverflowToolbarButton\"]"}
RESULT: {"using":"xpath","value":"//button[@data-kt=\"addNewRUOverflowToolbarButton\"]"}
COMMAND: POST /session/b10d6c442cc9079ac1ad267591374e01/elements - {"using":"xpath","value":"//button[@data-kt=\"addNewRUOverflowToolbarButton\"]"}
RESULT: {"using":"xpath","value":"//button[@data-kt=\"addNewRUOverflowToolbarButton\"]"}
COMMAND: POST /session/b10d6c442cc9079ac1ad267591374e01/elements - {"using":"xpath","value":"//button[@data-kt=\"addNewRUOverflowToolbarButton\"]"}
RESULT: {"using":"xpath","value":"//button[@data-kt=\"addNewRUOverflowToolbarButton\"]"}
COMMAND: POST /session/b10d6c442cc9079ac1ad267591374e01/element - {"using":"xpath","value":"//button[@data-kt=\"addNewRUOverflowToolbarButton\"]"}
RESULT: {"using":"xpath","value":"//button[@data-kt=\"addNewRUOverflowToolbarButton\"]"}
COMMAND: POST /session/b10d6c442cc9079ac1ad267591374e01/execute/sync - {"script":"<script> [8489 bytes]","args":[{"element-6066-11e4-a52e-4f735466cecf":"f.820658ADB2B97F80F3CD4D4B07B1BD52.d.9FEC8EC1E49CC7C3B33090D3CEF1DD86.e.11377","ELEMENT":"f.820658ADB2B97F80F3CD4D4B07B1BD52.d.9FEC8EC1E49CC7C3B33090D3CEF1DD86.e.11377"}]}
RESULT: {"script":"<script> [8489 bytes]","args":[{"element-6066-11e4-a52e-4f735466cecf":"f.820658ADB2B97F80F3CD4D4B07B1BD52.d.9FEC8EC1E49CC7C3B33090D3CEF1DD86.e.11377","ELEMENT":"f.820658ADB2B97F80F3CD4D4B07B1BD52.d.9FEC8EC1E49CC7C3B33090D3CEF1DD86.e.11377"}]}
COMMAND: GET /session/b10d6c442cc9079ac1ad267591374e01/element/f.820658ADB2B97F80F3CD4D4B07B1BD52.d.9FEC8EC1E49CC7C3B33090D3CEF1DD86.e.11377/enabled - {}
COMMAND: GET /session/b10d6c442cc9079ac1ad267591374e01/screenshot - {}
RESULT: {}
COMMAND: POST /session/b10d6c442cc9079ac1ad267591374e01/execute/sync - {"script":"<script> [8489 bytes]","args":[{"element-6066-11e4-a52e-4f735466cecf":"f.820658ADB2B97F80F3CD4D4B07B1BD52.d.9FEC8EC1E49CC7C3B33090D3CEF1DD86.e.11377","ELEMENT":"f.820658ADB2B97F80F3CD4D4B07B1BD52.d.9FEC8EC1E49CC7C3B33090D3CEF1DD86.e.11377"}]}
COMMAND: GET /session/b10d6c442cc9079ac1ad267591374e01/screenshot - {}
RESULT: {}
RESULT: {"script":"<script> [8489 bytes]","args":[{"element-6066-11e4-a52e-4f735466cecf":"f.820658ADB2B97F80F3CD4D4B07B1BD52.d.9FEC8EC1E49CC7C3B33090D3CEF1DD86.e.11377","ELEMENT":"f.820658ADB2B97F80F3CD4D4B07B1BD52.d.9FEC8EC1E49CC7C3B33090D3CEF1DD86.e.11377"}]}
COMMAND: POST /session/b10d6c442cc9079ac1ad267591374e01/execute/sync - {"script":"<script> [5351 bytes]","args":[{"element-6066-11e4-a52e-4f735466cecf":"f.820658ADB2B97F80F3CD4D4B07B1BD52.d.9FEC8EC1E49CC7C3B33090D3CEF1DD86.e.11377","ELEMENT":"f.820658ADB2B97F80F3CD4D4B07B1BD52.d.9FEC8EC1E49CC7C3B33090D3CEF1DD86.e.11377"}]}
COMMAND: GET /session/b10d6c442cc9079ac1ad267591374e01/screenshot - {}
RESULT: {}
RESULT: {"script":"<script> [5351 bytes]","args":[{"element-6066-11e4-a52e-4f735466cecf":"f.820658ADB2B97F80F3CD4D4B07B1BD52.d.9FEC8EC1E49CC7C3B33090D3CEF1DD86.e.11377","ELEMENT":"f.820658ADB2B97F80F3CD4D4B07B1BD52.d.9FEC8EC1E49CC7C3B33090D3CEF1DD86.e.11377"}]}
COMMAND: POST /session/b10d6c442cc9079ac1ad267591374e01/element/f.820658ADB2B97F80F3CD4D4B07B1BD52.d.9FEC8EC1E49CC7C3B33090D3CEF1DD86.e.11377/click - {}
COMMAND: GET /session/b10d6c442cc9079ac1ad267591374e01/screenshot - {}
RESULT: {}
RESULT: {}
COMMAND: GET /session/b10d6c442cc9079ac1ad267591374e01/screenshot - {}
RESULT: {}
RESULT: {}
COMMAND: POST /session/b10d6c442cc9079ac1ad267591374e01/execute/async - {"script":"<script> [1562 bytes]","args":[{"selector":{"id":"application-manageresources-display-component---newResourceUnit--TYPE-arrow"},"wdio_ui5_key":"applicationmanageresources-display-component---newResourceUnit--TYPE-arrow"}]}
RESULT: {"script":"<script> [1562 bytes]","args":[{"selector":{"id":"application-manageresources-display-component---newResourceUnit--TYPE-arrow"},"wdio_ui5_key":"applicationmanageresources-display-component---newResourceUnit--TYPE-arrow"}]}
RESULT: undefined
COMMAND: POST /session/b10d6c442cc9079ac1ad267591374e01/element - {"using":"xpath","value":"//*[@id=\"application-manageresources-display-component---newResourceUnit--TYPE-arrow\"]"}
RESULT: {"using":"xpath","value":"//*[@id=\"application-manageresources-display-component---newResourceUnit--TYPE-arrow\"]"}
COMMAND: POST /session/b10d6c442cc9079ac1ad267591374e01/element/f.820658ADB2B97F80F3CD4D4B07B1BD52.d.9FEC8EC1E49CC7C3B33090D3CEF1DD86.e.11736/click - {}
RESULT: {}
COMMAND: POST /session/b10d6c442cc9079ac1ad267591374e01/element - {"using":"xpath","value":"//input[@id=\"application-manageresources-display-component---newResourceUnit--TYPE-inner\"]"}
COMMAND: GET /session/b10d6c442cc9079ac1ad267591374e01/screenshot - {}
RESULT: {"using":"xpath","value":"//input[@id=\"application-manageresources-display-component---newResourceUnit--TYPE-inner\"]"}
COMMAND: POST /session/b10d6c442cc9079ac1ad267591374e01/element/f.820658ADB2B97F80F3CD4D4B07B1BD52.d.9FEC8EC1E49CC7C3B33090D3CEF1DD86.e.11729/clear - {}
RESULT: {}
RESULT: {}
COMMAND: POST /session/b10d6c442cc9079ac1ad267591374e01/element/f.820658ADB2B97F80F3CD4D4B07B1BD52.d.9FEC8EC1E49CC7C3B33090D3CEF1DD86.e.11729/value - {"text":"Equipment"}
COMMAND: GET /session/b10d6c442cc9079ac1ad267591374e01/screenshot - {}
RESULT: {"text":"Equipment"}
COMMAND: GET /session/b10d6c442cc9079ac1ad267591374e01/screenshot - {}
RESULT: {}
RESULT: {}
COMMAND: POST /session/b10d6c442cc9079ac1ad267591374e01/actions - {"actions":[{"id":"action49","type":"key","parameters":{},"actions":[{"type":"keyDown","value":"î€‡"},{"type":"pause","duration":10},{"type":"keyUp","value":"î€‡"}]}]}
RESULT: {"actions":[{"id":"action49","type":"key","parameters":{},"actions":[{"type":"keyDown","value":"î€‡"},{"type":"pause","duration":10},{"type":"keyUp","value":"î€‡"}]}]}
COMMAND: POST /session/b10d6c442cc9079ac1ad267591374e01/execute/async - {"script":"<script> [1562 bytes]","args":[{"selector":{"id":"application-manageresources-display-component---newResourceUnit--resourceId","interaction":{"idSuffix":"inner"}},"wdio_ui5_key":"applicationmanageresources-display-component---newResourceUnit--resourceId"}]}
COMMAND: GET /session/b10d6c442cc9079ac1ad267591374e01/screenshot - {}
RESULT: {"script":"<script> [1562 bytes]","args":[{"selector":{"id":"application-manageresources-display-component---newResourceUnit--resourceId","interaction":{"idSuffix":"inner"}},"wdio_ui5_key":"applicationmanageresources-display-component---newResourceUnit--resourceId"}]}
RESULT: undefined
COMMAND: POST /session/b10d6c442cc9079ac1ad267591374e01/execute/async - {"script":"<script> [776 bytes]","args":[{"enterText":"w7aKhMJfKH","selector":{"id":"application-manageresources-display-component---newResourceUnit--resourceId","interaction":{"idSuffix":"inner"}},"clearTextFirst":true,"interactionType":"ENTER_TEXT"}]}
RESULT: {}
RESULT: {"script":"<script> [776 bytes]","args":[{"enterText":"w7aKhMJfKH","selector":{"id":"application-manageresources-display-component---newResourceUnit--resourceId","interaction":{"idSuffix":"inner"}},"clearTextFirst":true,"interactionType":"ENTER_TEXT"}]}
COMMAND: POST /session/b10d6c442cc9079ac1ad267591374e01/execute/async - {"script":"<script> [1562 bytes]","args":[{"selector":{"id":"application-manageresources-display-component---newResourceUnit--SHORT_TEXT","interaction":{"idSuffix":"inner"}},"wdio_ui5_key":"applicationmanageresources-display-component---newResourceUnit--SHORT_TEXT"}]}
RESULT: {"script":"<script> [1562 bytes]","args":[{"selector":{"id":"application-manageresources-display-component---newResourceUnit--SHORT_TEXT","interaction":{"idSuffix":"inner"}},"wdio_ui5_key":"applicationmanageresources-display-component---newResourceUnit--SHORT_TEXT"}]}
RESULT: undefined
COMMAND: POST /session/b10d6c442cc9079ac1ad267591374e01/execute/async - {"script":"<script> [776 bytes]","args":[{"enterText":"Intercompany Equipment WDIO","selector":{"id":"application-manageresources-display-component---newResourceUnit--SHORT_TEXT","interaction":{"idSuffix":"inner"}},"clearTextFirst":true,"interactionType":"ENTER_TEXT"}]}
RESULT: {"script":"<script> [776 bytes]","args":[{"enterText":"Intercompany Equipment WDIO","selector":{"id":"application-manageresources-display-component---newResourceUnit--SHORT_TEXT","interaction":{"idSuffix":"inner"}},"clearTextFirst":true,"interactionType":"ENTER_TEXT"}]}
COMMAND: POST /session/b10d6c442cc9079ac1ad267591374e01/execute/async - {"script":"<script> [1562 bytes]","args":[{"selector":{"id":"application-manageresources-display-component---newResourceUnit--BASE_UNIT_OF_MEASURE","interaction":{"idSuffix":"inner"}},"wdio_ui5_key":"applicationmanageresources-display-component---newResourceUnit--BASE_UNIT_OF_MEASURE"}]}
RESULT: {"script":"<script> [1562 bytes]","args":[{"selector":{"id":"application-manageresources-display-component---newResourceUnit--BASE_UNIT_OF_MEASURE","interaction":{"idSuffix":"inner"}},"wdio_ui5_key":"applicationmanageresources-display-component---newResourceUnit--BASE_UNIT_OF_MEASURE"}]}
RESULT: undefined
COMMAND: POST /session/b10d6c442cc9079ac1ad267591374e01/execute/async - {"script":"<script> [776 bytes]","args":[{"enterText":"Piece","selector":{"id":"application-manageresources-display-component---newResourceUnit--BASE_UNIT_OF_MEASURE","interaction":{"idSuffix":"inner"}},"clearTextFirst":true,"interactionType":"ENTER_TEXT"}]}
RESULT: {"script":"<script> [776 bytes]","args":[{"enterText":"Piece","selector":{"id":"application-manageresources-display-component---newResourceUnit--BASE_UNIT_OF_MEASURE","interaction":{"idSuffix":"inner"}},"clearTextFirst":true,"interactionType":"ENTER_TEXT"}]}
COMMAND: POST /session/b10d6c442cc9079ac1ad267591374e01/execute/async - {"script":"<script> [1562 bytes]","args":[{"selector":{"id":"application-manageresources-display-component---newResourceUnit--WEIGHT_UNIT","interaction":{"idSuffix":"inner"}},"wdio_ui5_key":"applicationmanageresources-display-component---newResourceUnit--WEIGHT_UNIT"}]}
RESULT: {"script":"<script> [1562 bytes]","args":[{"selector":{"id":"application-manageresources-display-component---newResourceUnit--WEIGHT_UNIT","interaction":{"idSuffix":"inner"}},"wdio_ui5_key":"applicationmanageresources-display-component---newResourceUnit--WEIGHT_UNIT"}]}
RESULT: undefined
COMMAND: POST /session/b10d6c442cc9079ac1ad267591374e01/execute/async - {"script":"<script> [776 bytes]","args":[{"enterText":"Gram","selector":{"id":"application-manageresources-display-component---newResourceUnit--WEIGHT_UNIT","interaction":{"idSuffix":"inner"}},"clearTextFirst":true,"interactionType":"ENTER_TEXT"}]}
RESULT: {"script":"<script> [776 bytes]","args":[{"enterText":"Gram","selector":{"id":"application-manageresources-display-component---newResourceUnit--WEIGHT_UNIT","interaction":{"idSuffix":"inner"}},"clearTextFirst":true,"interactionType":"ENTER_TEXT"}]}
COMMAND: POST /session/b10d6c442cc9079ac1ad267591374e01/execute/async - {"script":"<script> [1562 bytes]","args":[{"selector":{"id":"application-manageresources-display-component---newResourceUnit--DIMENSION_UNIT","interaction":{"idSuffix":"inner"}},"wdio_ui5_key":"applicationmanageresources-display-component---newResourceUnit--DIMENSION_UNIT"}]}
RESULT: {"script":"<script> [1562 bytes]","args":[{"selector":{"id":"application-manageresources-display-component---newResourceUnit--DIMENSION_UNIT","interaction":{"idSuffix":"inner"}},"wdio_ui5_key":"applicationmanageresources-display-component---newResourceUnit--DIMENSION_UNIT"}]}
RESULT: undefined
COMMAND: POST /session/b10d6c442cc9079ac1ad267591374e01/execute/async - {"script":"<script> [776 bytes]","args":[{"enterText":"Meter","selector":{"id":"application-manageresources-display-component---newResourceUnit--DIMENSION_UNIT","interaction":{"idSuffix":"inner"}},"clearTextFirst":true,"interactionType":"ENTER_TEXT"}]}
RESULT: {"script":"<script> [776 bytes]","args":[{"enterText":"Meter","selector":{"id":"application-manageresources-display-component---newResourceUnit--DIMENSION_UNIT","interaction":{"idSuffix":"inner"}},"clearTextFirst":true,"interactionType":"ENTER_TEXT"}]}
COMMAND: POST /session/b10d6c442cc9079ac1ad267591374e01/execute/async - {"script":"<script> [1562 bytes]","args":[{"selector":{"id":"application-manageresources-display-component---newResourceUnit--newRRUPage-anchBar-application-manageresources-display-component---newResourceUnit--control-anchor","interaction":{"idSuffix":"BDI-content"}},"wdio_ui5_key":"applicationmanageresources-display-component---newResourceUnit--newRRUPage-anchBar-application-manageresources-display-component---newResourceUnit--control-anchor"}]}
RESULT: {"script":"<script> [1562 bytes]","args":[{"selector":{"id":"application-manageresources-display-component---newResourceUnit--newRRUPage-anchBar-application-manageresources-display-component---newResourceUnit--control-anchor","interaction":{"idSuffix":"BDI-content"}},"wdio_ui5_key":"applicationmanageresources-display-component---newResourceUnit--newRRUPage-anchBar-application-manageresources-display-component---newResourceUnit--control-anchor"}]}
RESULT: undefined
COMMAND: POST /session/b10d6c442cc9079ac1ad267591374e01/element - {"using":"xpath","value":"//*[@id=\"application-manageresources-display-component---newResourceUnit--newRRUPage-anchBar-application-manageresources-display-component---newResourceUnit--control-anchor\"]"}
RESULT: {"using":"xpath","value":"//*[@id=\"application-manageresources-display-component---newResourceUnit--newRRUPage-anchBar-application-manageresources-display-component---newResourceUnit--control-anchor\"]"}
COMMAND: POST /session/b10d6c442cc9079ac1ad267591374e01/element/f.820658ADB2B97F80F3CD4D4B07B1BD52.d.9FEC8EC1E49CC7C3B33090D3CEF1DD86.e.11869/click - {}
RESULT: {}
COMMAND: POST /session/b10d6c442cc9079ac1ad267591374e01/execute/async - {"script":"<script> [1562 bytes]","args":[{"selector":{"id":"application-manageresources-display-component---newResourceUnit--PLANNING_GROUP","interaction":{"idSuffix":"inner"}},"wdio_ui5_key":"applicationmanageresources-display-component---newResourceUnit--PLANNING_GROUP"}]}
COMMAND: GET /session/b10d6c442cc9079ac1ad267591374e01/screenshot - {}
RESULT: {"script":"<script> [1562 bytes]","args":[{"selector":{"id":"application-manageresources-display-component---newResourceUnit--PLANNING_GROUP","interaction":{"idSuffix":"inner"}},"wdio_ui5_key":"applicationmanageresources-display-component---newResourceUnit--PLANNING_GROUP"}]}
RESULT: undefined
COMMAND: POST /session/b10d6c442cc9079ac1ad267591374e01/execute/async - {"script":"<script> [776 bytes]","args":[{"enterText":"Heavy Equi","selector":{"id":"application-manageresources-display-component---newResourceUnit--PLANNING_GROUP","interaction":{"idSuffix":"inner"}},"clearTextFirst":true,"interactionType":"ENTER_TEXT"}]}
RESULT: {}
RESULT: {"script":"<script> [776 bytes]","args":[{"enterText":"Heavy Equi","selector":{"id":"application-manageresources-display-component---newResourceUnit--PLANNING_GROUP","interaction":{"idSuffix":"inner"}},"clearTextFirst":true,"interactionType":"ENTER_TEXT"}]}
COMMAND: POST /session/b10d6c442cc9079ac1ad267591374e01/execute/async - {"script":"<script> [1562 bytes]","args":[{"selector":{"id":"application-manageresources-display-component---newResourceUnit--ITEM_TYPE-arrow"},"wdio_ui5_key":"applicationmanageresources-display-component---newResourceUnit--ITEM_TYPE-arrow"}]}
RESULT: {"script":"<script> [1562 bytes]","args":[{"selector":{"id":"application-manageresources-display-component---newResourceUnit--ITEM_TYPE-arrow"},"wdio_ui5_key":"applicationmanageresources-display-component---newResourceUnit--ITEM_TYPE-arrow"}]}
RESULT: undefined
COMMAND: POST /session/b10d6c442cc9079ac1ad267591374e01/element - {"using":"xpath","value":"//*[@id=\"application-manageresources-display-component---newResourceUnit--ITEM_TYPE-arrow\"]"}
RESULT: {"using":"xpath","value":"//*[@id=\"application-manageresources-display-component---newResourceUnit--ITEM_TYPE-arrow\"]"}
COMMAND: POST /session/b10d6c442cc9079ac1ad267591374e01/element/f.820658ADB2B97F80F3CD4D4B07B1BD52.d.9FEC8EC1E49CC7C3B33090D3CEF1DD86.e.11876/click - {}
RESULT: {}
COMMAND: POST /session/b10d6c442cc9079ac1ad267591374e01/element - {"using":"xpath","value":"(//span[contains(text(), \"Resource Unit\")])[2]"}
COMMAND: GET /session/b10d6c442cc9079ac1ad267591374e01/screenshot - {}
RESULT: {"using":"xpath","value":"(//span[contains(text(), \"Resource Unit\")])[2]"}
COMMAND: POST /session/b10d6c442cc9079ac1ad267591374e01/element/f.820658ADB2B97F80F3CD4D4B07B1BD52.d.9FEC8EC1E49CC7C3B33090D3CEF1DD86.e.11877/click - {}
RESULT: {}
RESULT: {}
COMMAND: GET /session/b10d6c442cc9079ac1ad267591374e01/screenshot - {}
RESULT: {}
COMMAND: POST /session/b10d6c442cc9079ac1ad267591374e01/element - {"using":"css selector","value":"#application-manageresources-display-component---newResourceUnit--btnAddTimeSegment"}
RESULT: {"using":"css selector","value":"#application-manageresources-display-component---newResourceUnit--btnAddTimeSegment"}
COMMAND: GET /session/b10d6c442cc9079ac1ad267591374e01/element/f.820658ADB2B97F80F3CD4D4B07B1BD52.d.9FEC8EC1E49CC7C3B33090D3CEF1DD86.e.11878/rect - {}
RESULT: {}
COMMAND: GET /session/b10d6c442cc9079ac1ad267591374e01/window/rect - {}
RESULT: {}
COMMAND: POST /session/b10d6c442cc9079ac1ad267591374e01/execute/sync - {"script":"<script> [92 bytes]","args":[]}
RESULT: {"script":"<script> [92 bytes]","args":[]}
COMMAND: POST /session/b10d6c442cc9079ac1ad267591374e01/actions - {"actions":[{"id":"action50","type":"wheel","parameters":{},"actions":[{"type":"scroll","x":-1888,"y":-32,"deltaX":0,"deltaY":0,"duration":0,"origin":{"element-6066-11e4-a52e-4f735466cecf":"f.820658ADB2B97F80F3CD4D4B07B1BD52.d.9FEC8EC1E49CC7C3B33090D3CEF1DD86.e.11878"}}]}]}
COMMAND: GET /session/b10d6c442cc9079ac1ad267591374e01/screenshot - {}
RESULT: {}
COMMAND: POST /session/b10d6c442cc9079ac1ad267591374e01/execute/sync - {"script":"<script> [79 bytes]","args":[{"element-6066-11e4-a52e-4f735466cecf":"f.820658ADB2B97F80F3CD4D4B07B1BD52.d.9FEC8EC1E49CC7C3B33090D3CEF1DD86.e.11878","ELEMENT":"f.820658ADB2B97F80F3CD4D4B07B1BD52.d.9FEC8EC1E49CC7C3B33090D3CEF1DD86.e.11878"},{"block":"start","inline":"nearest"}]}
RESULT: {"script":"<script> [79 bytes]","args":[{"element-6066-11e4-a52e-4f735466cecf":"f.820658ADB2B97F80F3CD4D4B07B1BD52.d.9FEC8EC1E49CC7C3B33090D3CEF1DD86.e.11878","ELEMENT":"f.820658ADB2B97F80F3CD4D4B07B1BD52.d.9FEC8EC1E49CC7C3B33090D3CEF1DD86.e.11878"},{"block":"start","inline":"nearest"}]}
COMMAND: POST /session/b10d6c442cc9079ac1ad267591374e01/execute/async - {"script":"<script> [1562 bytes]","args":[{"selector":{"id":"application-manageresources-display-component---newResourceUnit--btnAddTimeSegment","interaction":{"idSuffix":"inner"}},"wdio_ui5_key":"applicationmanageresources-display-component---newResourceUnit--btnAddTimeSegment"}]}
COMMAND: GET /session/b10d6c442cc9079ac1ad267591374e01/screenshot - {}
RESULT: {"script":"<script> [1562 bytes]","args":[{"selector":{"id":"application-manageresources-display-component---newResourceUnit--btnAddTimeSegment","interaction":{"idSuffix":"inner"}},"wdio_ui5_key":"applicationmanageresources-display-component---newResourceUnit--btnAddTimeSegment"}]}
RESULT: undefined
COMMAND: POST /session/b10d6c442cc9079ac1ad267591374e01/element - {"using":"xpath","value":"//*[@id=\"application-manageresources-display-component---newResourceUnit--btnAddTimeSegment\"]"}
RESULT: {}
RESULT: {"using":"xpath","value":"//*[@id=\"application-manageresources-display-component---newResourceUnit--btnAddTimeSegment\"]"}
COMMAND: POST /session/b10d6c442cc9079ac1ad267591374e01/element/f.820658ADB2B97F80F3CD4D4B07B1BD52.d.9FEC8EC1E49CC7C3B33090D3CEF1DD86.e.11878/click - {}
RESULT: {}
COMMAND: GET /session/b10d6c442cc9079ac1ad267591374e01/screenshot - {}
RESULT: {}
COMMAND: POST /session/b10d6c442cc9079ac1ad267591374e01/element - {"using":"xpath","value":"//input[@id=\"application-manageresources-display-component---newResourceUnit--idRuTSAdmin-application-manageresources-display-component---newResourceUnit--RUTimeSegment-0-inner\"]"}
RESULT: {"using":"xpath","value":"//input[@id=\"application-manageresources-display-component---newResourceUnit--idRuTSAdmin-application-manageresources-display-component---newResourceUnit--RUTimeSegment-0-inner\"]"}
COMMAND: POST /session/b10d6c442cc9079ac1ad267591374e01/element/f.820658ADB2B97F80F3CD4D4B07B1BD52.d.9FEC8EC1E49CC7C3B33090D3CEF1DD86.e.11884/clear - {}
RESULT: {}
COMMAND: POST /session/b10d6c442cc9079ac1ad267591374e01/element/f.820658ADB2B97F80F3CD4D4B07B1BD52.d.9FEC8EC1E49CC7C3B33090D3CEF1DD86.e.11884/value - {"text":"304"}
COMMAND: GET /session/b10d6c442cc9079ac1ad267591374e01/screenshot - {}
RESULT: {"text":"304"}
COMMAND: GET /session/b10d6c442cc9079ac1ad267591374e01/screenshot - {}
RESULT: {}
RESULT: {}
COMMAND: POST /session/b10d6c442cc9079ac1ad267591374e01/element - {"using":"xpath","value":"//li[.//span[text()='304']]"}
RESULT: {"using":"xpath","value":"//li[.//span[text()='304']]"}
COMMAND: POST /session/b10d6c442cc9079ac1ad267591374e01/element/f.820658ADB2B97F80F3CD4D4B07B1BD52.d.9FEC8EC1E49CC7C3B33090D3CEF1DD86.e.11896/click - {}
RESULT: {}
COMMAND: GET /session/b10d6c442cc9079ac1ad267591374e01/screenshot - {}
RESULT: {}
COMMAND: POST /session/b10d6c442cc9079ac1ad267591374e01/element - {"using":"xpath","value":"(//span[contains(@id, \"-application-manageresources-display-component---newResourceUnit--RUTimeSegment-0-arrow\")])[6]"}
RESULT: {"using":"xpath","value":"(//span[contains(@id, \"-application-manageresources-display-component---newResourceUnit--RUTimeSegment-0-arrow\")])[6]"}
COMMAND: POST /session/b10d6c442cc9079ac1ad267591374e01/element/f.820658ADB2B97F80F3CD4D4B07B1BD52.d.9FEC8EC1E49CC7C3B33090D3CEF1DD86.e.11897/click - {}
RESULT: {}
COMMAND: GET /session/b10d6c442cc9079ac1ad267591374e01/screenshot - {}
RESULT: {}
COMMAND: POST /session/b10d6c442cc9079ac1ad267591374e01/element - {"using":"xpath","value":"//span[contains(text(), \"PM Order\")]"}
RESULT: {"using":"xpath","value":"//span[contains(text(), \"PM Order\")]"}
COMMAND: POST /session/b10d6c442cc9079ac1ad267591374e01/element/f.820658ADB2B97F80F3CD4D4B07B1BD52.d.9FEC8EC1E49CC7C3B33090D3CEF1DD86.e.11900/click - {}
RESULT: {}
COMMAND: GET /session/b10d6c442cc9079ac1ad267591374e01/screenshot - {}
RESULT: {}
COMMAND: POST /session/b10d6c442cc9079ac1ad267591374e01/element - {"using":"xpath","value":"(//span[contains(@id ,\"manageresources-display-component---newResourceUnit--RUTimeSegment-0-vhi\")])[1]"}
RESULT: {"using":"xpath","value":"(//span[contains(@id ,\"manageresources-display-component---newResourceUnit--RUTimeSegment-0-vhi\")])[1]"}
COMMAND: GET /session/b10d6c442cc9079ac1ad267591374e01/element/f.820658ADB2B97F80F3CD4D4B07B1BD52.d.9FEC8EC1E49CC7C3B33090D3CEF1DD86.e.11904/rect - {}
RESULT: {}
COMMAND: GET /session/b10d6c442cc9079ac1ad267591374e01/window/rect - {}
RESULT: {}
COMMAND: POST /session/b10d6c442cc9079ac1ad267591374e01/execute/sync - {"script":"<script> [92 bytes]","args":[]}
RESULT: {"script":"<script> [92 bytes]","args":[]}
COMMAND: POST /session/b10d6c442cc9079ac1ad267591374e01/actions - {"actions":[{"id":"action51","type":"wheel","parameters":{},"actions":[{"type":"scroll","x":-869,"y":-24,"deltaX":0,"deltaY":0,"duration":0,"origin":{"element-6066-11e4-a52e-4f735466cecf":"f.820658ADB2B97F80F3CD4D4B07B1BD52.d.9FEC8EC1E49CC7C3B33090D3CEF1DD86.e.11904"}}]}]}
COMMAND: GET /session/b10d6c442cc9079ac1ad267591374e01/screenshot - {}
RESULT: {"actions":[{"id":"action51","type":"wheel","parameters":{},"actions":[{"type":"scroll","x":-869,"y":-24,"deltaX":0,"deltaY":0,"duration":0,"origin":{"element-6066-11e4-a52e-4f735466cecf":"f.820658ADB2B97F80F3CD4D4B07B1BD52.d.9FEC8EC1E49CC7C3B33090D3CEF1DD86.e.11904"}}]}]}
COMMAND: DELETE /session/b10d6c442cc9079ac1ad267591374e01/actions - {}
COMMAND: GET /session/b10d6c442cc9079ac1ad267591374e01/screenshot - {}
RESULT: {}
RESULT: {}
COMMAND: GET /session/b10d6c442cc9079ac1ad267591374e01/screenshot - {}
RESULT: {}
RESULT: {}
COMMAND: POST /session/b10d6c442cc9079ac1ad267591374e01/element/f.820658ADB2B97F80F3CD4D4B07B1BD52.d.9FEC8EC1E49CC7C3B33090D3CEF1DD86.e.11904/click - {}
RESULT: {}
COMMAND: GET /session/b10d6c442cc9079ac1ad267591374e01/screenshot - {}
RESULT: {}
COMMAND: POST /session/b10d6c442cc9079ac1ad267591374e01/execute/async - {"script":"<script> [1562 bytes]","args":[{"selector":{"controlType":"sap.m.SearchField","properties":{"placeholder":"Search"},"searchOpenDialogs":true,"interaction":{"idSuffix":"I"}},"wdio_ui5_key":"sapm.SearchField{\"placeholder\":\"Search\"}"}]}
RESULT: {"script":"<script> [1562 bytes]","args":[{"selector":{"controlType":"sap.m.SearchField","properties":{"placeholder":"Search"},"searchOpenDialogs":true,"interaction":{"idSuffix":"I"}},"wdio_ui5_key":"sapm.SearchField{\"placeholder\":\"Search\"}"}]}
RESULT: undefined
COMMAND: POST /session/b10d6c442cc9079ac1ad267591374e01/execute/async - {"script":"<script> [776 bytes]","args":[{"enterText":"4000360","selector":{"controlType":"sap.m.SearchField","properties":{"placeholder":"Search"},"searchOpenDialogs":true,"interaction":{"idSuffix":"I"}},"clearTextFirst":true,"interactionType":"ENTER_TEXT"}]}
RESULT: {"script":"<script> [776 bytes]","args":[{"enterText":"4000360","selector":{"controlType":"sap.m.SearchField","properties":{"placeholder":"Search"},"searchOpenDialogs":true,"interaction":{"idSuffix":"I"}},"clearTextFirst":true,"interactionType":"ENTER_TEXT"}]}
COMMAND: POST /session/b10d6c442cc9079ac1ad267591374e01/actions - {"actions":[{"id":"action52","type":"key","parameters":{},"actions":[{"type":"keyDown","value":"î€‡"},{"type":"pause","duration":10},{"type":"keyUp","value":"î€‡"}]}]}
RESULT: {"actions":[{"id":"action52","type":"key","parameters":{},"actions":[{"type":"keyDown","value":"î€‡"},{"type":"pause","duration":10},{"type":"keyUp","value":"î€‡"}]}]}
COMMAND: GET /session/b10d6c442cc9079ac1ad267591374e01/screenshot - {}
RESULT: {}
COMMAND: POST /session/b10d6c442cc9079ac1ad267591374e01/element - {"using":"xpath","value":"//td/div/span[contains(text(), \"BGL Vehicles\")]"}
RESULT: {"using":"xpath","value":"//td/div/span[contains(text(), \"BGL Vehicles\")]"}
COMMAND: POST /session/b10d6c442cc9079ac1ad267591374e01/element/f.820658ADB2B97F80F3CD4D4B07B1BD52.d.9FEC8EC1E49CC7C3B33090D3CEF1DD86.e.11925/click - {}
RESULT: {}
COMMAND: GET /session/b10d6c442cc9079ac1ad267591374e01/screenshot - {}
RESULT: {}
COMMAND: POST /session/b10d6c442cc9079ac1ad267591374e01/element - {"using":"xpath","value":"//bdi[contains(text(), \"OK\")]"}
RESULT: {"using":"xpath","value":"//bdi[contains(text(), \"OK\")]"}
COMMAND: POST /session/b10d6c442cc9079ac1ad267591374e01/element/f.820658ADB2B97F80F3CD4D4B07B1BD52.d.9FEC8EC1E49CC7C3B33090D3CEF1DD86.e.11926/click - {}
RESULT: {}
COMMAND: GET /session/b10d6c442cc9079ac1ad267591374e01/screenshot - {}
RESULT: {}
COMMAND: POST /session/b10d6c442cc9079ac1ad267591374e01/execute/async - {"script":"<script> [1562 bytes]","args":[{"selector":{"id":"application-manageresources-display-component---newResourceUnit--newRRUPage-anchBar-application-manageresources-display-component---newResourceUnit--resource-anchor","interaction":{"idSuffix":"BDI-content"}},"wdio_ui5_key":"applicationmanageresources-display-component---newResourceUnit--newRRUPage-anchBar-application-manageresources-display-component---newResourceUnit--resource-anchor"}]}
RESULT: {"script":"<script> [1562 bytes]","args":[{"selector":{"id":"application-manageresources-display-component---newResourceUnit--newRRUPage-anchBar-application-manageresources-display-component---newResourceUnit--resource-anchor","interaction":{"idSuffix":"BDI-content"}},"wdio_ui5_key":"applicationmanageresources-display-component---newResourceUnit--newRRUPage-anchBar-application-manageresources-display-component---newResourceUnit--resource-anchor"}]}
RESULT: undefined
COMMAND: POST /session/b10d6c442cc9079ac1ad267591374e01/element - {"using":"xpath","value":"//*[@id=\"application-manageresources-display-component---newResourceUnit--newRRUPage-anchBar-application-manageresources-display-component---newResourceUnit--resource-anchor\"]"}
RESULT: {"using":"xpath","value":"//*[@id=\"application-manageresources-display-component---newResourceUnit--newRRUPage-anchBar-application-manageresources-display-component---newResourceUnit--resource-anchor\"]"}
COMMAND: POST /session/b10d6c442cc9079ac1ad267591374e01/element/f.820658ADB2B97F80F3CD4D4B07B1BD52.d.9FEC8EC1E49CC7C3B33090D3CEF1DD86.e.11930/click - {}
RESULT: {}
COMMAND: POST /session/b10d6c442cc9079ac1ad267591374e01/execute/async - {"script":"<script> [1562 bytes]","args":[{"selector":{"id":"application-manageresources-display-component---newResourceUnit--PLANNED_DELIVERY_DATE","interaction":{"idSuffix":"inner"}},"wdio_ui5_key":"applicationmanageresources-display-component---newResourceUnit--PLANNED_DELIVERY_DATE"}]}
COMMAND: GET /session/b10d6c442cc9079ac1ad267591374e01/screenshot - {}
RESULT: {"script":"<script> [1562 bytes]","args":[{"selector":{"id":"application-manageresources-display-component---newResourceUnit--PLANNED_DELIVERY_DATE","interaction":{"idSuffix":"inner"}},"wdio_ui5_key":"applicationmanageresources-display-component---newResourceUnit--PLANNED_DELIVERY_DATE"}]}
RESULT: undefined
COMMAND: POST /session/b10d6c442cc9079ac1ad267591374e01/execute/async - {"script":"<script> [6424 bytes]","args":[{"element-6066-11e4-a52e-4f735466cecf":"f.820658ADB2B97F80F3CD4D4B07B1BD52.d.9FEC8EC1E49CC7C3B33090D3CEF1DD86.e.11794"},"setValue",["5/14/25"]]}
RESULT: {}
RESULT: {"script":"<script> [6424 bytes]","args":[{"element-6066-11e4-a52e-4f735466cecf":"f.820658ADB2B97F80F3CD4D4B07B1BD52.d.9FEC8EC1E49CC7C3B33090D3CEF1DD86.e.11794"},"setValue",["5/14/25"]]}
COMMAND: POST /session/b10d6c442cc9079ac1ad267591374e01/element - {"using":"xpath","value":"//label[contains(@class, 'sapMLabelRequired') and .//bdi[contains(text(), 'Planned Retirement')]]"}
RESULT: {"using":"xpath","value":"//label[contains(@class, 'sapMLabelRequired') and .//bdi[contains(text(), 'Planned Retirement')]]"}
COMMAND: POST /session/b10d6c442cc9079ac1ad267591374e01/elements - {"using":"xpath","value":"//label[contains(@class, 'sapMLabelRequired') and .//bdi[contains(text(), 'Planned Retirement')]]"}
RESULT: {"using":"xpath","value":"//label[contains(@class, 'sapMLabelRequired') and .//bdi[contains(text(), 'Planned Retirement')]]"}
COMMAND: POST /session/b10d6c442cc9079ac1ad267591374e01/element - {"using":"xpath","value":"//button[@data-kt=\"resourceUnitSaveButton\"]"}
RESULT: {"using":"xpath","value":"//button[@data-kt=\"resourceUnitSaveButton\"]"}
COMMAND: POST /session/b10d6c442cc9079ac1ad267591374e01/element/f.820658ADB2B97F80F3CD4D4B07B1BD52.d.9FEC8EC1E49CC7C3B33090D3CEF1DD86.e.11754/click - {}
RESULT: {}
COMMAND: GET /session/b10d6c442cc9079ac1ad267591374e01/screenshot - {}
RESULT: {}
COMMAND: POST /session/b10d6c442cc9079ac1ad267591374e01/element - {"using":"xpath","value":"//bdi[contains(text(), \"Close\")]"}
RESULT: {"using":"xpath","value":"//bdi[contains(text(), \"Close\")]"}
COMMAND: POST /session/b10d6c442cc9079ac1ad267591374e01/element/f.820658ADB2B97F80F3CD4D4B07B1BD52.d.9FEC8EC1E49CC7C3B33090D3CEF1DD86.e.11940/click - {}
RESULT: {}
COMMAND: GET /session/b10d6c442cc9079ac1ad267591374e01/screenshot - {}
RESULT: {}
COMMAND: POST /session/b10d6c442cc9079ac1ad267591374e01/element - {"using":"xpath","value":"(//button[contains(@id ,\"actionsToolbar-overflowButton\")])[1]"}
RESULT: {"using":"xpath","value":"(//button[contains(@id ,\"actionsToolbar-overflowButton\")])[1]"}
COMMAND: POST /session/b10d6c442cc9079ac1ad267591374e01/element/f.820658ADB2B97F80F3CD4D4B07B1BD52.d.9FEC8EC1E49CC7C3B33090D3CEF1DD86.e.11994/click - {}
RESULT: {}
COMMAND: GET /session/b10d6c442cc9079ac1ad267591374e01/screenshot - {}
RESULT: {}
COMMAND: POST /session/b10d6c442cc9079ac1ad267591374e01/element - {"using":"xpath","value":"//button[@data-kt=\"priceInfoButton\"]"}
RESULT: {"using":"xpath","value":"//button[@data-kt=\"priceInfoButton\"]"}
COMMAND: POST /session/b10d6c442cc9079ac1ad267591374e01/element/f.820658ADB2B97F80F3CD4D4B07B1BD52.d.9FEC8EC1E49CC7C3B33090D3CEF1DD86.e.11996/click - {}
RESULT: {}
COMMAND: GET /session/b10d6c442cc9079ac1ad267591374e01/screenshot - {}
RESULT: {}
]]></system-out>
    </testcase>
    <testcase classname="chrome.136_0_7103_49.windows.Create_Reverse_Billing_US127248" name="Should create a pricing procedure" time="49.755">
      <system-out><![CDATA[
COMMAND: POST /session/b10d6c442cc9079ac1ad267591374e01/element - {"using":"xpath","value":"//button[@data-kt=\"addButton\"]"}
RESULT: {"using":"xpath","value":"//button[@data-kt=\"addButton\"]"}
COMMAND: POST /session/b10d6c442cc9079ac1ad267591374e01/elements - {"using":"xpath","value":"//button[@data-kt=\"addButton\"]"}
RESULT: {"using":"xpath","value":"//button[@data-kt=\"addButton\"]"}
COMMAND: POST /session/b10d6c442cc9079ac1ad267591374e01/elements - {"using":"xpath","value":"//button[@data-kt=\"addButton\"]"}
RESULT: {"using":"xpath","value":"//button[@data-kt=\"addButton\"]"}
COMMAND: POST /session/b10d6c442cc9079ac1ad267591374e01/element - {"using":"xpath","value":"//button[@data-kt=\"addButton\"]"}
RESULT: {"using":"xpath","value":"//button[@data-kt=\"addButton\"]"}
COMMAND: POST /session/b10d6c442cc9079ac1ad267591374e01/execute/sync - {"script":"<script> [8489 bytes]","args":[{"element-6066-11e4-a52e-4f735466cecf":"f.820658ADB2B97F80F3CD4D4B07B1BD52.d.9FEC8EC1E49CC7C3B33090D3CEF1DD86.e.12032","ELEMENT":"f.820658ADB2B97F80F3CD4D4B07B1BD52.d.9FEC8EC1E49CC7C3B33090D3CEF1DD86.e.12032"}]}
RESULT: {"script":"<script> [8489 bytes]","args":[{"element-6066-11e4-a52e-4f735466cecf":"f.820658ADB2B97F80F3CD4D4B07B1BD52.d.9FEC8EC1E49CC7C3B33090D3CEF1DD86.e.12032","ELEMENT":"f.820658ADB2B97F80F3CD4D4B07B1BD52.d.9FEC8EC1E49CC7C3B33090D3CEF1DD86.e.12032"}]}
COMMAND: GET /session/b10d6c442cc9079ac1ad267591374e01/element/f.820658ADB2B97F80F3CD4D4B07B1BD52.d.9FEC8EC1E49CC7C3B33090D3CEF1DD86.e.12032/enabled - {}
COMMAND: GET /session/b10d6c442cc9079ac1ad267591374e01/screenshot - {}
RESULT: {}
COMMAND: POST /session/b10d6c442cc9079ac1ad267591374e01/execute/sync - {"script":"<script> [8489 bytes]","args":[{"element-6066-11e4-a52e-4f735466cecf":"f.820658ADB2B97F80F3CD4D4B07B1BD52.d.9FEC8EC1E49CC7C3B33090D3CEF1DD86.e.12032","ELEMENT":"f.820658ADB2B97F80F3CD4D4B07B1BD52.d.9FEC8EC1E49CC7C3B33090D3CEF1DD86.e.12032"}]}
COMMAND: GET /session/b10d6c442cc9079ac1ad267591374e01/screenshot - {}
RESULT: {}
RESULT: {"script":"<script> [8489 bytes]","args":[{"element-6066-11e4-a52e-4f735466cecf":"f.820658ADB2B97F80F3CD4D4B07B1BD52.d.9FEC8EC1E49CC7C3B33090D3CEF1DD86.e.12032","ELEMENT":"f.820658ADB2B97F80F3CD4D4B07B1BD52.d.9FEC8EC1E49CC7C3B33090D3CEF1DD86.e.12032"}]}
COMMAND: POST /session/b10d6c442cc9079ac1ad267591374e01/execute/sync - {"script":"<script> [5351 bytes]","args":[{"element-6066-11e4-a52e-4f735466cecf":"f.820658ADB2B97F80F3CD4D4B07B1BD52.d.9FEC8EC1E49CC7C3B33090D3CEF1DD86.e.12032","ELEMENT":"f.820658ADB2B97F80F3CD4D4B07B1BD52.d.9FEC8EC1E49CC7C3B33090D3CEF1DD86.e.12032"}]}
COMMAND: GET /session/b10d6c442cc9079ac1ad267591374e01/screenshot - {}
RESULT: {}
RESULT: {"script":"<script> [5351 bytes]","args":[{"element-6066-11e4-a52e-4f735466cecf":"f.820658ADB2B97F80F3CD4D4B07B1BD52.d.9FEC8EC1E49CC7C3B33090D3CEF1DD86.e.12032","ELEMENT":"f.820658ADB2B97F80F3CD4D4B07B1BD52.d.9FEC8EC1E49CC7C3B33090D3CEF1DD86.e.12032"}]}
COMMAND: POST /session/b10d6c442cc9079ac1ad267591374e01/element/f.820658ADB2B97F80F3CD4D4B07B1BD52.d.9FEC8EC1E49CC7C3B33090D3CEF1DD86.e.12032/click - {}
COMMAND: GET /session/b10d6c442cc9079ac1ad267591374e01/screenshot - {}
RESULT: {}
RESULT: {}
COMMAND: GET /session/b10d6c442cc9079ac1ad267591374e01/screenshot - {}
RESULT: {}
RESULT: {}
COMMAND: POST /session/b10d6c442cc9079ac1ad267591374e01/execute/async - {"script":"<script> [1562 bytes]","args":[{"selector":{"controlType":"sap.m.Title","viewName":"etm.portal.ui.managepricingrules.view.NewItem","viewId":"application-managepricingrules-display-component---newInfoPriceItem","properties":{"text":"New Pricing Rules - Item Level"}},"wdio_ui5_key":"etmportal.ui.managepricingrules.view.NewItemsap.m.Title{\"text\":\"New Pricing Rules - Item Level\"}"}]}
RESULT: {"script":"<script> [1562 bytes]","args":[{"selector":{"controlType":"sap.m.Title","viewName":"etm.portal.ui.managepricingrules.view.NewItem","viewId":"application-managepricingrules-display-component---newInfoPriceItem","properties":{"text":"New Pricing Rules - Item Level"}},"wdio_ui5_key":"etmportal.ui.managepricingrules.view.NewItemsap.m.Title{\"text\":\"New Pricing Rules - Item Level\"}"}]}
RESULT: undefined
COMMAND: POST /session/b10d6c442cc9079ac1ad267591374e01/execute/async - {"script":"<script> [6424 bytes]","args":[{"element-6066-11e4-a52e-4f735466cecf":"f.820658ADB2B97F80F3CD4D4B07B1BD52.d.9FEC8EC1E49CC7C3B33090D3CEF1DD86.e.12201"},"getText",[]]}
RESULT: {"script":"<script> [6424 bytes]","args":[{"element-6066-11e4-a52e-4f735466cecf":"f.820658ADB2B97F80F3CD4D4B07B1BD52.d.9FEC8EC1E49CC7C3B33090D3CEF1DD86.e.12201"},"getText",[]]}
COMMAND: POST /session/b10d6c442cc9079ac1ad267591374e01/execute/async - {"script":"<script> [1562 bytes]","args":[{"selector":{"id":"application-managepricingrules-display-component---newInfoPriceItem--condValidTo","interaction":{"idSuffix":"inner"}},"wdio_ui5_key":"applicationmanagepricingrules-display-component---newInfoPriceItem--condValidTo"}]}
RESULT: {"script":"<script> [1562 bytes]","args":[{"selector":{"id":"application-managepricingrules-display-component---newInfoPriceItem--condValidTo","interaction":{"idSuffix":"inner"}},"wdio_ui5_key":"applicationmanagepricingrules-display-component---newInfoPriceItem--condValidTo"}]}
RESULT: undefined
COMMAND: POST /session/b10d6c442cc9079ac1ad267591374e01/execute/async - {"script":"<script> [776 bytes]","args":[{"enterText":"01/14/26","selector":{"id":"application-managepricingrules-display-component---newInfoPriceItem--condValidTo","interaction":{"idSuffix":"inner"}},"clearTextFirst":true,"interactionType":"ENTER_TEXT"}]}
RESULT: {"script":"<script> [776 bytes]","args":[{"enterText":"01/14/26","selector":{"id":"application-managepricingrules-display-component---newInfoPriceItem--condValidTo","interaction":{"idSuffix":"inner"}},"clearTextFirst":true,"interactionType":"ENTER_TEXT"}]}
COMMAND: POST /session/b10d6c442cc9079ac1ad267591374e01/execute/async - {"script":"<script> [1562 bytes]","args":[{"selector":{"id":"application-managepricingrules-display-component---newInfoPriceItem--billType-arrow"},"wdio_ui5_key":"applicationmanagepricingrules-display-component---newInfoPriceItem--billType-arrow"}]}
RESULT: {"script":"<script> [1562 bytes]","args":[{"selector":{"id":"application-managepricingrules-display-component---newInfoPriceItem--billType-arrow"},"wdio_ui5_key":"applicationmanagepricingrules-display-component---newInfoPriceItem--billType-arrow"}]}
RESULT: undefined
COMMAND: POST /session/b10d6c442cc9079ac1ad267591374e01/element - {"using":"xpath","value":"//*[@id=\"application-managepricingrules-display-component---newInfoPriceItem--billType-arrow\"]"}
RESULT: {"using":"xpath","value":"//*[@id=\"application-managepricingrules-display-component---newInfoPriceItem--billType-arrow\"]"}
COMMAND: POST /session/b10d6c442cc9079ac1ad267591374e01/element/f.820658ADB2B97F80F3CD4D4B07B1BD52.d.9FEC8EC1E49CC7C3B33090D3CEF1DD86.e.12161/click - {}
RESULT: {}
COMMAND: POST /session/b10d6c442cc9079ac1ad267591374e01/element - {"using":"xpath","value":"//span[contains(text(), \"TB - Time based\")]"}
COMMAND: GET /session/b10d6c442cc9079ac1ad267591374e01/screenshot - {}
RESULT: {"using":"xpath","value":"//span[contains(text(), \"TB - Time based\")]"}
COMMAND: POST /session/b10d6c442cc9079ac1ad267591374e01/element/f.820658ADB2B97F80F3CD4D4B07B1BD52.d.9FEC8EC1E49CC7C3B33090D3CEF1DD86.e.12203/click - {}
RESULT: {}
RESULT: {}
COMMAND: POST /session/b10d6c442cc9079ac1ad267591374e01/execute/async - {"script":"<script> [1562 bytes]","args":[{"selector":{"id":"application-managepricingrules-display-component---newInfoPriceItem--priceProc-arrow"},"wdio_ui5_key":"applicationmanagepricingrules-display-component---newInfoPriceItem--priceProc-arrow"}]}
COMMAND: GET /session/b10d6c442cc9079ac1ad267591374e01/screenshot - {}
RESULT: {"script":"<script> [1562 bytes]","args":[{"selector":{"id":"application-managepricingrules-display-component---newInfoPriceItem--priceProc-arrow"},"wdio_ui5_key":"applicationmanagepricingrules-display-component---newInfoPriceItem--priceProc-arrow"}]}
RESULT: undefined
COMMAND: POST /session/b10d6c442cc9079ac1ad267591374e01/element - {"using":"xpath","value":"//*[@id=\"application-managepricingrules-display-component---newInfoPriceItem--priceProc-arrow\"]"}
RESULT: {}
RESULT: {"using":"xpath","value":"//*[@id=\"application-managepricingrules-display-component---newInfoPriceItem--priceProc-arrow\"]"}
COMMAND: POST /session/b10d6c442cc9079ac1ad267591374e01/element/f.820658ADB2B97F80F3CD4D4B07B1BD52.d.9FEC8EC1E49CC7C3B33090D3CEF1DD86.e.12168/click - {}
RESULT: {}
COMMAND: POST /session/b10d6c442cc9079ac1ad267591374e01/element - {"using":"xpath","value":"//span[contains(text(), \"TBS - Time based standard\")]"}
COMMAND: GET /session/b10d6c442cc9079ac1ad267591374e01/screenshot - {}
RESULT: {"using":"xpath","value":"//span[contains(text(), \"TBS - Time based standard\")]"}
COMMAND: POST /session/b10d6c442cc9079ac1ad267591374e01/element/f.820658ADB2B97F80F3CD4D4B07B1BD52.d.9FEC8EC1E49CC7C3B33090D3CEF1DD86.e.12204/click - {}
RESULT: {}
RESULT: {}
COMMAND: POST /session/b10d6c442cc9079ac1ad267591374e01/execute/async - {"script":"<script> [1562 bytes]","args":[{"selector":{"id":"application-managepricingrules-display-component---newInfoPriceItem--calcBase-arrow"},"wdio_ui5_key":"applicationmanagepricingrules-display-component---newInfoPriceItem--calcBase-arrow"}]}
COMMAND: GET /session/b10d6c442cc9079ac1ad267591374e01/screenshot - {}
RESULT: {"script":"<script> [1562 bytes]","args":[{"selector":{"id":"application-managepricingrules-display-component---newInfoPriceItem--calcBase-arrow"},"wdio_ui5_key":"applicationmanagepricingrules-display-component---newInfoPriceItem--calcBase-arrow"}]}
RESULT: undefined
COMMAND: POST /session/b10d6c442cc9079ac1ad267591374e01/element - {"using":"xpath","value":"//*[@id=\"application-managepricingrules-display-component---newInfoPriceItem--calcBase-arrow\"]"}
RESULT: {}
RESULT: {"using":"xpath","value":"//*[@id=\"application-managepricingrules-display-component---newInfoPriceItem--calcBase-arrow\"]"}
COMMAND: POST /session/b10d6c442cc9079ac1ad267591374e01/element/f.820658ADB2B97F80F3CD4D4B07B1BD52.d.9FEC8EC1E49CC7C3B33090D3CEF1DD86.e.12175/click - {}
RESULT: {}
COMMAND: GET /session/b10d6c442cc9079ac1ad267591374e01/screenshot - {}
RESULT: {}
COMMAND: POST /session/b10d6c442cc9079ac1ad267591374e01/element - {"using":"xpath","value":"//span[contains(text(), \"0006 - TB(calendar days)\")]"}
RESULT: {"using":"xpath","value":"//span[contains(text(), \"0006 - TB(calendar days)\")]"}
COMMAND: POST /session/b10d6c442cc9079ac1ad267591374e01/element/f.820658ADB2B97F80F3CD4D4B07B1BD52.d.9FEC8EC1E49CC7C3B33090D3CEF1DD86.e.12205/click - {}
RESULT: {}
COMMAND: GET /session/b10d6c442cc9079ac1ad267591374e01/screenshot - {}
RESULT: {}
COMMAND: POST /session/b10d6c442cc9079ac1ad267591374e01/execute/async - {"script":"<script> [1562 bytes]","args":[{"selector":{"id":"application-managepricingrules-display-component---newInfoPriceItem--daysMonth","interaction":{"idSuffix":"inner"}},"wdio_ui5_key":"applicationmanagepricingrules-display-component---newInfoPriceItem--daysMonth"}]}
RESULT: {"script":"<script> [1562 bytes]","args":[{"selector":{"id":"application-managepricingrules-display-component---newInfoPriceItem--daysMonth","interaction":{"idSuffix":"inner"}},"wdio_ui5_key":"applicationmanagepricingrules-display-component---newInfoPriceItem--daysMonth"}]}
RESULT: undefined
COMMAND: POST /session/b10d6c442cc9079ac1ad267591374e01/execute/async - {"script":"<script> [776 bytes]","args":[{"enterText":"30","selector":{"id":"application-managepricingrules-display-component---newInfoPriceItem--daysMonth","interaction":{"idSuffix":"inner"}},"clearTextFirst":true,"interactionType":"ENTER_TEXT"}]}
RESULT: {"script":"<script> [776 bytes]","args":[{"enterText":"30","selector":{"id":"application-managepricingrules-display-component---newInfoPriceItem--daysMonth","interaction":{"idSuffix":"inner"}},"clearTextFirst":true,"interactionType":"ENTER_TEXT"}]}
COMMAND: POST /session/b10d6c442cc9079ac1ad267591374e01/element - {"using":"xpath","value":"//button[@data-kt=\"saveNewRuleButton\"]"}
RESULT: {"using":"xpath","value":"//button[@data-kt=\"saveNewRuleButton\"]"}
COMMAND: POST /session/b10d6c442cc9079ac1ad267591374e01/element/f.820658ADB2B97F80F3CD4D4B07B1BD52.d.9FEC8EC1E49CC7C3B33090D3CEF1DD86.e.12195/click - {}
RESULT: {}
COMMAND: GET /session/b10d6c442cc9079ac1ad267591374e01/screenshot - {}
RESULT: {}
COMMAND: POST /session/b10d6c442cc9079ac1ad267591374e01/execute/async - {"script":"<script> [1562 bytes]","args":[{"selector":{"id":"application-managepricingrules-display-component---priceInfoItem--smartFilterBar-btnBasicSearch","interaction":{"idSuffix":"I"}},"wdio_ui5_key":"applicationmanagepricingrules-display-component---priceInfoItem--smartFilterBar-btnBasicSearch"}]}
RESULT: {"script":"<script> [1562 bytes]","args":[{"selector":{"id":"application-managepricingrules-display-component---priceInfoItem--smartFilterBar-btnBasicSearch","interaction":{"idSuffix":"I"}},"wdio_ui5_key":"applicationmanagepricingrules-display-component---priceInfoItem--smartFilterBar-btnBasicSearch"}]}
RESULT: undefined
COMMAND: POST /session/b10d6c442cc9079ac1ad267591374e01/execute/async - {"script":"<script> [776 bytes]","args":[{"enterText":"w7aKhMJfKH","selector":{"id":"application-managepricingrules-display-component---priceInfoItem--smartFilterBar-btnBasicSearch","interaction":{"idSuffix":"I"}},"clearTextFirst":true,"interactionType":"ENTER_TEXT"}]}
RESULT: {"script":"<script> [776 bytes]","args":[{"enterText":"w7aKhMJfKH","selector":{"id":"application-managepricingrules-display-component---priceInfoItem--smartFilterBar-btnBasicSearch","interaction":{"idSuffix":"I"}},"clearTextFirst":true,"interactionType":"ENTER_TEXT"}]}
COMMAND: POST /session/b10d6c442cc9079ac1ad267591374e01/actions - {"actions":[{"id":"action53","type":"key","parameters":{},"actions":[{"type":"keyDown","value":"î€‡"},{"type":"pause","duration":10},{"type":"keyUp","value":"î€‡"}]}]}
RESULT: {"actions":[{"id":"action53","type":"key","parameters":{},"actions":[{"type":"keyDown","value":"î€‡"},{"type":"pause","duration":10},{"type":"keyUp","value":"î€‡"}]}]}
COMMAND: GET /session/b10d6c442cc9079ac1ad267591374e01/screenshot - {}
RESULT: {}
COMMAND: POST /session/b10d6c442cc9079ac1ad267591374e01/element - {"using":"xpath","value":"//span[@id=\"application-managepricingrules-display-component---priceInfoItem--smartTable-header-inner\"]"}
RESULT: {"using":"xpath","value":"//span[@id=\"application-managepricingrules-display-component---priceInfoItem--smartTable-header-inner\"]"}
COMMAND: POST /session/b10d6c442cc9079ac1ad267591374e01/elements - {"using":"xpath","value":"//span[@id=\"application-managepricingrules-display-component---priceInfoItem--smartTable-header-inner\"]"}
RESULT: {"using":"xpath","value":"//span[@id=\"application-managepricingrules-display-component---priceInfoItem--smartTable-header-inner\"]"}
COMMAND: POST /session/b10d6c442cc9079ac1ad267591374e01/execute/sync - {"script":"<script> [56 bytes]","args":[{"element-6066-11e4-a52e-4f735466cecf":"f.820658ADB2B97F80F3CD4D4B07B1BD52.d.9FEC8EC1E49CC7C3B33090D3CEF1DD86.e.12229","ELEMENT":"f.820658ADB2B97F80F3CD4D4B07B1BD52.d.9FEC8EC1E49CC7C3B33090D3CEF1DD86.e.12229"}]}
RESULT: {"script":"<script> [56 bytes]","args":[{"element-6066-11e4-a52e-4f735466cecf":"f.820658ADB2B97F80F3CD4D4B07B1BD52.d.9FEC8EC1E49CC7C3B33090D3CEF1DD86.e.12229","ELEMENT":"f.820658ADB2B97F80F3CD4D4B07B1BD52.d.9FEC8EC1E49CC7C3B33090D3CEF1DD86.e.12229"}]}
COMMAND: POST /session/b10d6c442cc9079ac1ad267591374e01/element - {"using":"css selector","value":"#shell-header-logo"}
COMMAND: GET /session/b10d6c442cc9079ac1ad267591374e01/screenshot - {}
RESULT: {"using":"css selector","value":"#shell-header-logo"}
COMMAND: POST /session/b10d6c442cc9079ac1ad267591374e01/element/f.820658ADB2B97F80F3CD4D4B07B1BD52.d.9FEC8EC1E49CC7C3B33090D3CEF1DD86.e.11348/click - {}
RESULT: {}
RESULT: {}
COMMAND: GET /session/b10d6c442cc9079ac1ad267591374e01/screenshot - {}
RESULT: {}
]]></system-out>
    </testcase>
    <testcase classname="chrome.136_0_7103_49.windows.Create_Reverse_Billing_US127248" name="Should manage conditions" time="67.969">
      <system-out><![CDATA[
COMMAND: POST /session/b10d6c442cc9079ac1ad267591374e01/execute/async - {"script":"<script> [1562 bytes]","args":[{"selector":{"controlType":"sap.m.Text","properties":{"text":"Manage Conditions & Prices"},"interaction":{"idSuffix":"inner"}},"wdio_ui5_key":"sapm.Text{\"text\":\"Manage Conditions & Prices\"}"}]}
RESULT: {"script":"<script> [1562 bytes]","args":[{"selector":{"controlType":"sap.m.Text","properties":{"text":"Manage Conditions & Prices"},"interaction":{"idSuffix":"inner"}},"wdio_ui5_key":"sapm.Text{\"text\":\"Manage Conditions & Prices\"}"}]}
RESULT: undefined
COMMAND: POST /session/b10d6c442cc9079ac1ad267591374e01/element - {"using":"xpath","value":"//*[@id=\"__tile53-title\"]"}
RESULT: {"using":"xpath","value":"//*[@id=\"__tile53-title\"]"}
COMMAND: POST /session/b10d6c442cc9079ac1ad267591374e01/element/f.820658ADB2B97F80F3CD4D4B07B1BD52.d.9FEC8EC1E49CC7C3B33090D3CEF1DD86.e.12232/click - {}
RESULT: {}
COMMAND: POST /session/b10d6c442cc9079ac1ad267591374e01/element - {"using":"xpath","value":"//button[@aria-label=\"Create\"]"}
COMMAND: GET /session/b10d6c442cc9079ac1ad267591374e01/screenshot - {}
RESULT: {"using":"xpath","value":"//button[@aria-label=\"Create\"]"}
COMMAND: POST /session/b10d6c442cc9079ac1ad267591374e01/elements - {"using":"xpath","value":"//button[@aria-label=\"Create\"]"}
RESULT: {}
RESULT: {"using":"xpath","value":"//button[@aria-label=\"Create\"]"}
COMMAND: POST /session/b10d6c442cc9079ac1ad267591374e01/elements - {"using":"xpath","value":"//button[@aria-label=\"Create\"]"}
RESULT: {"using":"xpath","value":"//button[@aria-label=\"Create\"]"}
COMMAND: POST /session/b10d6c442cc9079ac1ad267591374e01/elements - {"using":"xpath","value":"//button[@aria-label=\"Create\"]"}
RESULT: {"using":"xpath","value":"//button[@aria-label=\"Create\"]"}
COMMAND: POST /session/b10d6c442cc9079ac1ad267591374e01/elements - {"using":"xpath","value":"//button[@aria-label=\"Create\"]"}
RESULT: {"using":"xpath","value":"//button[@aria-label=\"Create\"]"}
COMMAND: POST /session/b10d6c442cc9079ac1ad267591374e01/elements - {"using":"xpath","value":"//button[@aria-label=\"Create\"]"}
RESULT: {"using":"xpath","value":"//button[@aria-label=\"Create\"]"}
COMMAND: POST /session/b10d6c442cc9079ac1ad267591374e01/elements - {"using":"xpath","value":"//button[@aria-label=\"Create\"]"}
RESULT: {"using":"xpath","value":"//button[@aria-label=\"Create\"]"}
COMMAND: POST /session/b10d6c442cc9079ac1ad267591374e01/elements - {"using":"xpath","value":"//button[@aria-label=\"Create\"]"}
RESULT: {"using":"xpath","value":"//button[@aria-label=\"Create\"]"}
COMMAND: POST /session/b10d6c442cc9079ac1ad267591374e01/elements - {"using":"xpath","value":"//button[@aria-label=\"Create\"]"}
RESULT: {"using":"xpath","value":"//button[@aria-label=\"Create\"]"}
COMMAND: POST /session/b10d6c442cc9079ac1ad267591374e01/elements - {"using":"xpath","value":"//button[@aria-label=\"Create\"]"}
RESULT: {"using":"xpath","value":"//button[@aria-label=\"Create\"]"}
COMMAND: POST /session/b10d6c442cc9079ac1ad267591374e01/elements - {"using":"xpath","value":"//button[@aria-label=\"Create\"]"}
RESULT: {"using":"xpath","value":"//button[@aria-label=\"Create\"]"}
COMMAND: POST /session/b10d6c442cc9079ac1ad267591374e01/elements - {"using":"xpath","value":"//button[@aria-label=\"Create\"]"}
RESULT: {"using":"xpath","value":"//button[@aria-label=\"Create\"]"}
COMMAND: POST /session/b10d6c442cc9079ac1ad267591374e01/elements - {"using":"xpath","value":"//button[@aria-label=\"Create\"]"}
RESULT: {"using":"xpath","value":"//button[@aria-label=\"Create\"]"}
COMMAND: POST /session/b10d6c442cc9079ac1ad267591374e01/element - {"using":"xpath","value":"//button[@aria-label=\"Create\"]"}
RESULT: {"using":"xpath","value":"//button[@aria-label=\"Create\"]"}
COMMAND: POST /session/b10d6c442cc9079ac1ad267591374e01/execute/sync - {"script":"<script> [8489 bytes]","args":[{"element-6066-11e4-a52e-4f735466cecf":"f.820658ADB2B97F80F3CD4D4B07B1BD52.d.9FEC8EC1E49CC7C3B33090D3CEF1DD86.e.12267","ELEMENT":"f.820658ADB2B97F80F3CD4D4B07B1BD52.d.9FEC8EC1E49CC7C3B33090D3CEF1DD86.e.12267"}]}
RESULT: {"script":"<script> [8489 bytes]","args":[{"element-6066-11e4-a52e-4f735466cecf":"f.820658ADB2B97F80F3CD4D4B07B1BD52.d.9FEC8EC1E49CC7C3B33090D3CEF1DD86.e.12267","ELEMENT":"f.820658ADB2B97F80F3CD4D4B07B1BD52.d.9FEC8EC1E49CC7C3B33090D3CEF1DD86.e.12267"}]}
COMMAND: GET /session/b10d6c442cc9079ac1ad267591374e01/element/f.820658ADB2B97F80F3CD4D4B07B1BD52.d.9FEC8EC1E49CC7C3B33090D3CEF1DD86.e.12267/enabled - {}
COMMAND: GET /session/b10d6c442cc9079ac1ad267591374e01/screenshot - {}
RESULT: {}
COMMAND: POST /session/b10d6c442cc9079ac1ad267591374e01/execute/sync - {"script":"<script> [8489 bytes]","args":[{"element-6066-11e4-a52e-4f735466cecf":"f.820658ADB2B97F80F3CD4D4B07B1BD52.d.9FEC8EC1E49CC7C3B33090D3CEF1DD86.e.12267","ELEMENT":"f.820658ADB2B97F80F3CD4D4B07B1BD52.d.9FEC8EC1E49CC7C3B33090D3CEF1DD86.e.12267"}]}
COMMAND: GET /session/b10d6c442cc9079ac1ad267591374e01/screenshot - {}
RESULT: {}
RESULT: {"script":"<script> [8489 bytes]","args":[{"element-6066-11e4-a52e-4f735466cecf":"f.820658ADB2B97F80F3CD4D4B07B1BD52.d.9FEC8EC1E49CC7C3B33090D3CEF1DD86.e.12267","ELEMENT":"f.820658ADB2B97F80F3CD4D4B07B1BD52.d.9FEC8EC1E49CC7C3B33090D3CEF1DD86.e.12267"}]}
COMMAND: POST /session/b10d6c442cc9079ac1ad267591374e01/execute/sync - {"script":"<script> [5351 bytes]","args":[{"element-6066-11e4-a52e-4f735466cecf":"f.820658ADB2B97F80F3CD4D4B07B1BD52.d.9FEC8EC1E49CC7C3B33090D3CEF1DD86.e.12267","ELEMENT":"f.820658ADB2B97F80F3CD4D4B07B1BD52.d.9FEC8EC1E49CC7C3B33090D3CEF1DD86.e.12267"}]}
COMMAND: GET /session/b10d6c442cc9079ac1ad267591374e01/screenshot - {}
RESULT: {}
RESULT: {"script":"<script> [5351 bytes]","args":[{"element-6066-11e4-a52e-4f735466cecf":"f.820658ADB2B97F80F3CD4D4B07B1BD52.d.9FEC8EC1E49CC7C3B33090D3CEF1DD86.e.12267","ELEMENT":"f.820658ADB2B97F80F3CD4D4B07B1BD52.d.9FEC8EC1E49CC7C3B33090D3CEF1DD86.e.12267"}]}
COMMAND: POST /session/b10d6c442cc9079ac1ad267591374e01/element/f.820658ADB2B97F80F3CD4D4B07B1BD52.d.9FEC8EC1E49CC7C3B33090D3CEF1DD86.e.12267/click - {}
COMMAND: GET /session/b10d6c442cc9079ac1ad267591374e01/screenshot - {}
RESULT: {}
RESULT: {}
COMMAND: GET /session/b10d6c442cc9079ac1ad267591374e01/screenshot - {}
RESULT: {}
RESULT: {}
COMMAND: POST /session/b10d6c442cc9079ac1ad267591374e01/actions - {"actions":[{"id":"action54","type":"key","parameters":{},"actions":[{"type":"keyDown","value":"î€‡"},{"type":"pause","duration":10},{"type":"keyUp","value":"î€‡"}]}]}
RESULT: {"actions":[{"id":"action54","type":"key","parameters":{},"actions":[{"type":"keyDown","value":"î€‡"},{"type":"pause","duration":10},{"type":"keyUp","value":"î€‡"}]}]}
COMMAND: GET /session/b10d6c442cc9079ac1ad267591374e01/screenshot - {}
RESULT: {}
COMMAND: POST /session/b10d6c442cc9079ac1ad267591374e01/execute/async - {"script":"<script> [1562 bytes]","args":[{"selector":{"id":"application-manageconditionprice-display-component---newCondition--condBillCond-arrow"},"wdio_ui5_key":"applicationmanageconditionprice-display-component---newCondition--condBillCond-arrow"}]}
RESULT: {"script":"<script> [1562 bytes]","args":[{"selector":{"id":"application-manageconditionprice-display-component---newCondition--condBillCond-arrow"},"wdio_ui5_key":"applicationmanageconditionprice-display-component---newCondition--condBillCond-arrow"}]}
RESULT: undefined
COMMAND: POST /session/b10d6c442cc9079ac1ad267591374e01/element - {"using":"xpath","value":"//*[@id=\"application-manageconditionprice-display-component---newCondition--condBillCond-arrow\"]"}
RESULT: {"using":"xpath","value":"//*[@id=\"application-manageconditionprice-display-component---newCondition--condBillCond-arrow\"]"}
COMMAND: POST /session/b10d6c442cc9079ac1ad267591374e01/element/f.820658ADB2B97F80F3CD4D4B07B1BD52.d.9FEC8EC1E49CC7C3B33090D3CEF1DD86.e.12447/click - {}
RESULT: {}
COMMAND: GET /session/b10d6c442cc9079ac1ad267591374e01/screenshot - {}
RESULT: {}
COMMAND: POST /session/b10d6c442cc9079ac1ad267591374e01/element - {"using":"xpath","value":"//li[.//span[contains(text(), \"DISP - D&I special price\")]]"}
RESULT: {"using":"xpath","value":"//li[.//span[contains(text(), \"DISP - D&I special price\")]]"}
COMMAND: POST /session/b10d6c442cc9079ac1ad267591374e01/element/f.820658ADB2B97F80F3CD4D4B07B1BD52.d.9FEC8EC1E49CC7C3B33090D3CEF1DD86.e.12450/click - {}
RESULT: {}
COMMAND: GET /session/b10d6c442cc9079ac1ad267591374e01/screenshot - {}
RESULT: {}
COMMAND: POST /session/b10d6c442cc9079ac1ad267591374e01/execute/async - {"script":"<script> [1562 bytes]","args":[{"selector":{"id":"application-manageconditionprice-display-component---newCondition--condValidTo","interaction":{"idSuffix":"inner"}},"wdio_ui5_key":"applicationmanageconditionprice-display-component---newCondition--condValidTo"}]}
RESULT: {"script":"<script> [1562 bytes]","args":[{"selector":{"id":"application-manageconditionprice-display-component---newCondition--condValidTo","interaction":{"idSuffix":"inner"}},"wdio_ui5_key":"applicationmanageconditionprice-display-component---newCondition--condValidTo"}]}
RESULT: undefined
COMMAND: POST /session/b10d6c442cc9079ac1ad267591374e01/execute/async - {"script":"<script> [776 bytes]","args":[{"enterText":"01/14/26","selector":{"id":"application-manageconditionprice-display-component---newCondition--condValidTo","interaction":{"idSuffix":"inner"}},"clearTextFirst":true,"interactionType":"ENTER_TEXT"}]}
RESULT: {"script":"<script> [776 bytes]","args":[{"enterText":"01/14/26","selector":{"id":"application-manageconditionprice-display-component---newCondition--condValidTo","interaction":{"idSuffix":"inner"}},"clearTextFirst":true,"interactionType":"ENTER_TEXT"}]}
COMMAND: POST /session/b10d6c442cc9079ac1ad267591374e01/element - {"using":"xpath","value":"//input[@id=\"application-manageconditionprice-display-component---newCondition--condRU-inner\"]"}
RESULT: {"using":"xpath","value":"//input[@id=\"application-manageconditionprice-display-component---newCondition--condRU-inner\"]"}
COMMAND: POST /session/b10d6c442cc9079ac1ad267591374e01/element/f.820658ADB2B97F80F3CD4D4B07B1BD52.d.9FEC8EC1E49CC7C3B33090D3CEF1DD86.e.12311/clear - {}
RESULT: {}
COMMAND: POST /session/b10d6c442cc9079ac1ad267591374e01/element/f.820658ADB2B97F80F3CD4D4B07B1BD52.d.9FEC8EC1E49CC7C3B33090D3CEF1DD86.e.12311/value - {"text":"w7aKhMJfKH"}
COMMAND: GET /session/b10d6c442cc9079ac1ad267591374e01/screenshot - {}
RESULT: {"text":"w7aKhMJfKH"}
COMMAND: GET /session/b10d6c442cc9079ac1ad267591374e01/screenshot - {}
RESULT: {}
RESULT: {}
COMMAND: POST /session/b10d6c442cc9079ac1ad267591374e01/actions - {"actions":[{"id":"action55","type":"key","parameters":{},"actions":[{"type":"keyDown","value":"î€‡"},{"type":"pause","duration":10},{"type":"keyUp","value":"î€‡"}]}]}
RESULT: {"actions":[{"id":"action55","type":"key","parameters":{},"actions":[{"type":"keyDown","value":"î€‡"},{"type":"pause","duration":10},{"type":"keyUp","value":"î€‡"}]}]}
COMMAND: POST /session/b10d6c442cc9079ac1ad267591374e01/execute/async - {"script":"<script> [1562 bytes]","args":[{"selector":{"id":"application-manageconditionprice-display-component---newCondition--condBaseQty","interaction":{"idSuffix":"inner"}},"wdio_ui5_key":"applicationmanageconditionprice-display-component---newCondition--condBaseQty"}]}
COMMAND: GET /session/b10d6c442cc9079ac1ad267591374e01/screenshot - {}
RESULT: {"script":"<script> [1562 bytes]","args":[{"selector":{"id":"application-manageconditionprice-display-component---newCondition--condBaseQty","interaction":{"idSuffix":"inner"}},"wdio_ui5_key":"applicationmanageconditionprice-display-component---newCondition--condBaseQty"}]}
RESULT: undefined
COMMAND: POST /session/b10d6c442cc9079ac1ad267591374e01/execute/async - {"script":"<script> [776 bytes]","args":[{"enterText":"1","selector":{"id":"application-manageconditionprice-display-component---newCondition--condBaseQty","interaction":{"idSuffix":"inner"}},"clearTextFirst":true,"interactionType":"ENTER_TEXT"}]}
RESULT: {}
RESULT: {"script":"<script> [776 bytes]","args":[{"enterText":"1","selector":{"id":"application-manageconditionprice-display-component---newCondition--condBaseQty","interaction":{"idSuffix":"inner"}},"clearTextFirst":true,"interactionType":"ENTER_TEXT"}]}
COMMAND: POST /session/b10d6c442cc9079ac1ad267591374e01/execute/async - {"script":"<script> [1562 bytes]","args":[{"selector":{"id":"application-manageconditionprice-display-component---newCondition--condValue","interaction":{"idSuffix":"inner"}},"wdio_ui5_key":"applicationmanageconditionprice-display-component---newCondition--condValue"}]}
RESULT: {"script":"<script> [1562 bytes]","args":[{"selector":{"id":"application-manageconditionprice-display-component---newCondition--condValue","interaction":{"idSuffix":"inner"}},"wdio_ui5_key":"applicationmanageconditionprice-display-component---newCondition--condValue"}]}
RESULT: undefined
COMMAND: POST /session/b10d6c442cc9079ac1ad267591374e01/execute/async - {"script":"<script> [776 bytes]","args":[{"enterText":"200","selector":{"id":"application-manageconditionprice-display-component---newCondition--condValue","interaction":{"idSuffix":"inner"}},"clearTextFirst":true,"interactionType":"ENTER_TEXT"}]}
RESULT: {"script":"<script> [776 bytes]","args":[{"enterText":"200","selector":{"id":"application-manageconditionprice-display-component---newCondition--condValue","interaction":{"idSuffix":"inner"}},"clearTextFirst":true,"interactionType":"ENTER_TEXT"}]}
COMMAND: POST /session/b10d6c442cc9079ac1ad267591374e01/execute/async - {"script":"<script> [1562 bytes]","args":[{"selector":{"id":"application-manageconditionprice-display-component---newCondition--condCurr-arrow"},"wdio_ui5_key":"applicationmanageconditionprice-display-component---newCondition--condCurr-arrow"}]}
RESULT: {"script":"<script> [1562 bytes]","args":[{"selector":{"id":"application-manageconditionprice-display-component---newCondition--condCurr-arrow"},"wdio_ui5_key":"applicationmanageconditionprice-display-component---newCondition--condCurr-arrow"}]}
RESULT: undefined
COMMAND: POST /session/b10d6c442cc9079ac1ad267591374e01/element - {"using":"xpath","value":"//*[@id=\"application-manageconditionprice-display-component---newCondition--condCurr-arrow\"]"}
RESULT: {"using":"xpath","value":"//*[@id=\"application-manageconditionprice-display-component---newCondition--condCurr-arrow\"]"}
COMMAND: POST /session/b10d6c442cc9079ac1ad267591374e01/element/f.820658ADB2B97F80F3CD4D4B07B1BD52.d.9FEC8EC1E49CC7C3B33090D3CEF1DD86.e.12407/click - {}
RESULT: {}
COMMAND: POST /session/b10d6c442cc9079ac1ad267591374e01/element - {"using":"xpath","value":"//span[contains(text(), \"Euro\")]"}
COMMAND: GET /session/b10d6c442cc9079ac1ad267591374e01/screenshot - {}
RESULT: {"using":"xpath","value":"//span[contains(text(), \"Euro\")]"}
COMMAND: POST /session/b10d6c442cc9079ac1ad267591374e01/element/f.820658ADB2B97F80F3CD4D4B07B1BD52.d.9FEC8EC1E49CC7C3B33090D3CEF1DD86.e.12486/click - {}
RESULT: {}
RESULT: {}
COMMAND: POST /session/b10d6c442cc9079ac1ad267591374e01/element - {"using":"xpath","value":"//button[@data-kt=\"saveButton\"]"}
COMMAND: GET /session/b10d6c442cc9079ac1ad267591374e01/screenshot - {}
RESULT: {"using":"xpath","value":"//button[@data-kt=\"saveButton\"]"}
COMMAND: POST /session/b10d6c442cc9079ac1ad267591374e01/element/f.820658ADB2B97F80F3CD4D4B07B1BD52.d.9FEC8EC1E49CC7C3B33090D3CEF1DD86.e.12408/click - {}
RESULT: {}
RESULT: {}
COMMAND: GET /session/b10d6c442cc9079ac1ad267591374e01/screenshot - {}
RESULT: {}
COMMAND: POST /session/b10d6c442cc9079ac1ad267591374e01/execute/async - {"script":"<script> [1562 bytes]","args":[{"selector":{"id":"application-manageconditionprice-display-component---conditions--smartFilterBar-btnBasicSearch","interaction":{"idSuffix":"I"}},"wdio_ui5_key":"applicationmanageconditionprice-display-component---conditions--smartFilterBar-btnBasicSearch"}]}
RESULT: {"script":"<script> [1562 bytes]","args":[{"selector":{"id":"application-manageconditionprice-display-component---conditions--smartFilterBar-btnBasicSearch","interaction":{"idSuffix":"I"}},"wdio_ui5_key":"applicationmanageconditionprice-display-component---conditions--smartFilterBar-btnBasicSearch"}]}
RESULT: undefined
COMMAND: POST /session/b10d6c442cc9079ac1ad267591374e01/execute/async - {"script":"<script> [776 bytes]","args":[{"enterText":"w7aKhMJfKH","selector":{"id":"application-manageconditionprice-display-component---conditions--smartFilterBar-btnBasicSearch","interaction":{"idSuffix":"I"}},"clearTextFirst":true,"interactionType":"ENTER_TEXT"}]}
RESULT: {"script":"<script> [776 bytes]","args":[{"enterText":"w7aKhMJfKH","selector":{"id":"application-manageconditionprice-display-component---conditions--smartFilterBar-btnBasicSearch","interaction":{"idSuffix":"I"}},"clearTextFirst":true,"interactionType":"ENTER_TEXT"}]}
COMMAND: POST /session/b10d6c442cc9079ac1ad267591374e01/actions - {"actions":[{"id":"action56","type":"key","parameters":{},"actions":[{"type":"keyDown","value":"î€‡"},{"type":"pause","duration":10},{"type":"keyUp","value":"î€‡"}]}]}
RESULT: {"actions":[{"id":"action56","type":"key","parameters":{},"actions":[{"type":"keyDown","value":"î€‡"},{"type":"pause","duration":10},{"type":"keyUp","value":"î€‡"}]}]}
COMMAND: GET /session/b10d6c442cc9079ac1ad267591374e01/screenshot - {}
RESULT: {}
COMMAND: POST /session/b10d6c442cc9079ac1ad267591374e01/execute/async - {"script":"<script> [1562 bytes]","args":[{"selector":{"id":"application-manageconditionprice-display-component---conditions--smartFilterBar-filterItemControl_BASIC-BILL_TYPES-vhi"},"wdio_ui5_key":"applicationmanageconditionprice-display-component---conditions--smartFilterBar-filterItemControl_BASIC-BILL_TYPES-vhi"}]}
RESULT: {"script":"<script> [1562 bytes]","args":[{"selector":{"id":"application-manageconditionprice-display-component---conditions--smartFilterBar-filterItemControl_BASIC-BILL_TYPES-vhi"},"wdio_ui5_key":"applicationmanageconditionprice-display-component---conditions--smartFilterBar-filterItemControl_BASIC-BILL_TYPES-vhi"}]}
RESULT: undefined
COMMAND: POST /session/b10d6c442cc9079ac1ad267591374e01/element - {"using":"xpath","value":"//*[@id=\"application-manageconditionprice-display-component---conditions--smartFilterBar-filterItemControl_BASIC-BILL_TYPES-vhi\"]"}
RESULT: {"using":"xpath","value":"//*[@id=\"application-manageconditionprice-display-component---conditions--smartFilterBar-filterItemControl_BASIC-BILL_TYPES-vhi\"]"}
COMMAND: POST /session/b10d6c442cc9079ac1ad267591374e01/element/f.820658ADB2B97F80F3CD4D4B07B1BD52.d.9FEC8EC1E49CC7C3B33090D3CEF1DD86.e.12592/click - {}
RESULT: {}
COMMAND: POST /session/b10d6c442cc9079ac1ad267591374e01/execute/async - {"script":"<script> [1562 bytes]","args":[{"selector":{"id":"application-manageconditionprice-display-component---conditions--smartFilterBar-filterItemControl_BASIC-BILL_TYPES-valueHelpDialog-smartFilterBar-btnBasicSearch","searchOpenDialogs":true,"interaction":{"idSuffix":"I"}},"wdio_ui5_key":"applicationmanageconditionprice-display-component---conditions--smartFilterBar-filterItemControl_BASIC-BILL_TYPES-valueHelpDialog-smartFilterBar-btnBasicSearch"}]}
COMMAND: GET /session/b10d6c442cc9079ac1ad267591374e01/screenshot - {}
RESULT: {"script":"<script> [1562 bytes]","args":[{"selector":{"id":"application-manageconditionprice-display-component---conditions--smartFilterBar-filterItemControl_BASIC-BILL_TYPES-valueHelpDialog-smartFilterBar-btnBasicSearch","searchOpenDialogs":true,"interaction":{"idSuffix":"I"}},"wdio_ui5_key":"applicationmanageconditionprice-display-component---conditions--smartFilterBar-filterItemControl_BASIC-BILL_TYPES-valueHelpDialog-smartFilterBar-btnBasicSearch"}]}
RESULT: undefined
COMMAND: POST /session/b10d6c442cc9079ac1ad267591374e01/execute/async - {"script":"<script> [776 bytes]","args":[{"enterText":"TB","selector":{"id":"application-manageconditionprice-display-component---conditions--smartFilterBar-filterItemControl_BASIC-BILL_TYPES-valueHelpDialog-smartFilterBar-btnBasicSearch","searchOpenDialogs":true,"interaction":{"idSuffix":"I"}},"clearTextFirst":true,"interactionType":"ENTER_TEXT"}]}
RESULT: {}
RESULT: {"script":"<script> [776 bytes]","args":[{"enterText":"TB","selector":{"id":"application-manageconditionprice-display-component---conditions--smartFilterBar-filterItemControl_BASIC-BILL_TYPES-valueHelpDialog-smartFilterBar-btnBasicSearch","searchOpenDialogs":true,"interaction":{"idSuffix":"I"}},"clearTextFirst":true,"interactionType":"ENTER_TEXT"}]}
COMMAND: POST /session/b10d6c442cc9079ac1ad267591374e01/actions - {"actions":[{"id":"action57","type":"key","parameters":{},"actions":[{"type":"keyDown","value":"î€‡"},{"type":"pause","duration":10},{"type":"keyUp","value":"î€‡"}]}]}
RESULT: {"actions":[{"id":"action57","type":"key","parameters":{},"actions":[{"type":"keyDown","value":"î€‡"},{"type":"pause","duration":10},{"type":"keyUp","value":"î€‡"}]}]}
COMMAND: GET /session/b10d6c442cc9079ac1ad267591374e01/screenshot - {}
RESULT: {}
COMMAND: POST /session/b10d6c442cc9079ac1ad267591374e01/element - {"using":"xpath","value":"//div[contains(@id, 'application-manageconditionprice-display-component---conditions--smartFilterBar-filterItemControl_BASIC-BILL_TYPES-valueHelpDialog-table-rowsel0')]"}
RESULT: {"using":"xpath","value":"//div[contains(@id, 'application-manageconditionprice-display-component---conditions--smartFilterBar-filterItemControl_BASIC-BILL_TYPES-valueHelpDialog-table-rowsel0')]"}
COMMAND: POST /session/b10d6c442cc9079ac1ad267591374e01/element/f.820658ADB2B97F80F3CD4D4B07B1BD52.d.9FEC8EC1E49CC7C3B33090D3CEF1DD86.e.12602/click - {}
RESULT: {}
COMMAND: GET /session/b10d6c442cc9079ac1ad267591374e01/screenshot - {}
RESULT: {}
COMMAND: POST /session/b10d6c442cc9079ac1ad267591374e01/element - {"using":"xpath","value":"//bdi[contains(text(), \"OK\")]"}
RESULT: {"using":"xpath","value":"//bdi[contains(text(), \"OK\")]"}
COMMAND: POST /session/b10d6c442cc9079ac1ad267591374e01/element/f.820658ADB2B97F80F3CD4D4B07B1BD52.d.9FEC8EC1E49CC7C3B33090D3CEF1DD86.e.12604/click - {}
RESULT: {}
COMMAND: GET /session/b10d6c442cc9079ac1ad267591374e01/screenshot - {}
RESULT: {}
COMMAND: POST /session/b10d6c442cc9079ac1ad267591374e01/element - {"using":"xpath","value":"//span[@id=\"application-manageconditionprice-display-component---conditions--smartTable-header-inner\"]"}
RESULT: {"using":"xpath","value":"//span[@id=\"application-manageconditionprice-display-component---conditions--smartTable-header-inner\"]"}
COMMAND: POST /session/b10d6c442cc9079ac1ad267591374e01/elements - {"using":"xpath","value":"//span[@id=\"application-manageconditionprice-display-component---conditions--smartTable-header-inner\"]"}
RESULT: {"using":"xpath","value":"//span[@id=\"application-manageconditionprice-display-component---conditions--smartTable-header-inner\"]"}
COMMAND: POST /session/b10d6c442cc9079ac1ad267591374e01/execute/sync - {"script":"<script> [56 bytes]","args":[{"element-6066-11e4-a52e-4f735466cecf":"f.820658ADB2B97F80F3CD4D4B07B1BD52.d.9FEC8EC1E49CC7C3B33090D3CEF1DD86.e.12607","ELEMENT":"f.820658ADB2B97F80F3CD4D4B07B1BD52.d.9FEC8EC1E49CC7C3B33090D3CEF1DD86.e.12607"}]}
RESULT: {"script":"<script> [56 bytes]","args":[{"element-6066-11e4-a52e-4f735466cecf":"f.820658ADB2B97F80F3CD4D4B07B1BD52.d.9FEC8EC1E49CC7C3B33090D3CEF1DD86.e.12607","ELEMENT":"f.820658ADB2B97F80F3CD4D4B07B1BD52.d.9FEC8EC1E49CC7C3B33090D3CEF1DD86.e.12607"}]}
COMMAND: POST /session/b10d6c442cc9079ac1ad267591374e01/element - {"using":"css selector","value":"#shell-header-logo"}
COMMAND: GET /session/b10d6c442cc9079ac1ad267591374e01/screenshot - {}
RESULT: {"using":"css selector","value":"#shell-header-logo"}
COMMAND: POST /session/b10d6c442cc9079ac1ad267591374e01/element/f.820658ADB2B97F80F3CD4D4B07B1BD52.d.9FEC8EC1E49CC7C3B33090D3CEF1DD86.e.12234/click - {}
RESULT: {}
RESULT: {}
COMMAND: GET /session/b10d6c442cc9079ac1ad267591374e01/screenshot - {}
RESULT: {}
]]></system-out>
    </testcase>
  </testsuite>
</testsuites>