<?xml version="1.0" encoding="UTF-8"?>
<testsuites tests="2" failures="0" errors="0" skipped="0">
  <testsuite timestamp="2025-05-15T15:07:49" time="23.829" tests="2" failures="0" errors="0" skipped="0">
    <properties>
      <property name="specId" value="0" />
      <property name="suiteName" value="Check QaLive System is up, or stop pipeline" />
      <property name="capabilities" value="chrome.136_0_7103_93.windows" />
      <property name="file" value="file:///D:/a/1/s/test/specs/TECH/check-QaLive-up.spec.js" />
    </properties>
    <testcase classname="chrome.136_0_7103_93.windows.Check_QaLive_System_is_up,_or_stop_pipeline" name="should check for errors on the home page and stop pipeline if found" time="0.055">
      <system-out><![CDATA[
COMMAND: GET /session/d768789af38beb6ecc94fdaeead2ecba/source - {}
RESULT: {}
]]></system-out>
    </testcase>
    <testcase classname="chrome.136_0_7103_93.windows.Check_QaLive_System_is_up,_or_stop_pipeline" name="should check if the number in the specified element is greater than 0" time="0.051">
      <system-out><![CDATA[
COMMAND: POST /session/d768789af38beb6ecc94fdaeead2ecba/element - {"using":"css selector","value":"div.sapSuiteStackedMCBarLabel"}
RESULT: {"using":"css selector","value":"div.sapSuiteStackedMCBarLabel"}
COMMAND: GET /session/d768789af38beb6ecc94fdaeead2ecba/element/f.AC9E5A31CEF077D3AAEA75B1A10AE087.d.DC5A24AB412A826853A2FB0BF82284BD.e.111/text - {}
RESULT: {}
COMMAND: DELETE /session/d768789af38beb6ecc94fdaeead2ecba - {}
RESULT: {}
]]></system-out>
    </testcase>
  </testsuite>
</testsuites>