<?xml version="1.0" encoding="UTF-8"?>
<testsuites tests="49" failures="0" errors="0" skipped="0">
  <testsuite timestamp="2025-05-24T15:07:26" time="1847.469" tests="49" failures="0" errors="0" skipped="0">
    <properties>
      <property name="specId" value="0"/>
      <property name="suiteName" value="Sanity Tests US104253"/>
      <property name="capabilities" value="chrome.136_0_7103_93.windows"/>
      <property name="file" value="file:///D:/a/1/s/test/specs/General/sanity.spec.js"/>
    </properties>
    <testcase classname="chrome.136_0_7103_93.windows.Sanity_Tests_US104253" name="Should open Manage Partners page" time="37.035">
      <system-out><![CDATA[
COMMAND: POST /session/88012d21873711621afe741aa394e709/execute/async - {"script":"<script> [1562 bytes]","args":[{"selector":{"controlType":"sap.m.GenericTile","properties":{"header":"Manage Partners"}},"wdio_ui5_key":"sapm.GenericTile{\"header\":\"Manage Partners\"}"}]}
RESULT: {"script":"<script> [1562 bytes]","args":[{"selector":{"controlType":"sap.m.GenericTile","properties":{"header":"Manage Partners"}},"wdio_ui5_key":"sapm.GenericTile{\"header\":\"Manage Partners\"}"}]}
RESULT: undefined
COMMAND: POST /session/88012d21873711621afe741aa394e709/element - {"using":"xpath","value":"//*[@id=\"__tile38\"]"}
RESULT: {"using":"xpath","value":"//*[@id=\"__tile38\"]"}
COMMAND: POST /session/88012d21873711621afe741aa394e709/element/f.56122AFE787BE7E77FBE5FB46E7B04D6.d.E9F947147E6455379294B9A48968BB07.e.114/click - {}
RESULT: {}
COMMAND: GET /session/88012d21873711621afe741aa394e709/screenshot - {}
RESULT: {}
COMMAND: POST /session/88012d21873711621afe741aa394e709/elements - {"using":"xpath","value":"//span[text()='Error']"}
RESULT: {"using":"xpath","value":"//span[text()='Error']"}
RESULT: undefined
COMMAND: POST /session/88012d21873711621afe741aa394e709/element - {"using":"xpath","value":"//*[@id=\"__tile38\"]"}
RESULT: {"using":"xpath","value":"//*[@id=\"__tile38\"]"}
COMMAND: POST /session/88012d21873711621afe741aa394e709/element/f.56122AFE787BE7E77FBE5FB46E7B04D6.d.E9F947147E6455379294B9A48968BB07.e.114/click - {}
RESULT: undefined
COMMAND: POST /session/88012d21873711621afe741aa394e709/element - {"using":"xpath","value":"//*[@id=\"__tile38\"]"}
RESULT: {"using":"xpath","value":"//*[@id=\"__tile38\"]"}
COMMAND: POST /session/88012d21873711621afe741aa394e709/element/f.56122AFE787BE7E77FBE5FB46E7B04D6.d.E9F947147E6455379294B9A48968BB07.e.114/click - {}
COMMAND: POST /session/88012d21873711621afe741aa394e709/execute/async - {"script":"<script> [1562 bytes]","args":[{"selector":{"id":"shellAppTitle"},"wdio_ui5_key":"shellAppTitle"}]}
RESULT: {"script":"<script> [1562 bytes]","args":[{"selector":{"id":"shellAppTitle"},"wdio_ui5_key":"shellAppTitle"}]}
RESULT: undefined
COMMAND: POST /session/88012d21873711621afe741aa394e709/execute/async - {"script":"<script> [6424 bytes]","args":[{"element-6066-11e4-a52e-4f735466cecf":"f.56122AFE787BE7E77FBE5FB46E7B04D6.d.E9F947147E6455379294B9A48968BB07.e.276"},"getTitle",[]]}
RESULT: {"script":"<script> [6424 bytes]","args":[{"element-6066-11e4-a52e-4f735466cecf":"f.56122AFE787BE7E77FBE5FB46E7B04D6.d.E9F947147E6455379294B9A48968BB07.e.276"},"getTitle",[]]}
COMMAND: POST /session/88012d21873711621afe741aa394e709/execute/async - {"script":"<script> [1562 bytes]","args":[{"selector":{"id":"backBtn"},"wdio_ui5_key":"backBtn"}]}
RESULT: {"script":"<script> [1562 bytes]","args":[{"selector":{"id":"backBtn"},"wdio_ui5_key":"backBtn"}]}
RESULT: undefined
COMMAND: POST /session/88012d21873711621afe741aa394e709/element - {"using":"xpath","value":"//*[@id=\"backBtn\"]"}
RESULT: {"using":"xpath","value":"//*[@id=\"backBtn\"]"}
COMMAND: POST /session/88012d21873711621afe741aa394e709/element/f.56122AFE787BE7E77FBE5FB46E7B04D6.d.E9F947147E6455379294B9A48968BB07.e.277/click - {}
RESULT: {}
COMMAND: GET /session/88012d21873711621afe741aa394e709/screenshot - {}
RESULT: {}
]]></system-out>
    </testcase>
    <testcase classname="chrome.136_0_7103_93.windows.Sanity_Tests_US104253" name="Should open Manage Sites page" time="35.853">
      <system-out><![CDATA[
COMMAND: POST /session/88012d21873711621afe741aa394e709/execute/async - {"script":"<script> [1562 bytes]","args":[{"selector":{"controlType":"sap.m.GenericTile","properties":{"header":"Manage Sites"}},"wdio_ui5_key":"sapm.GenericTile{\"header\":\"Manage Sites\"}"}]}
RESULT: {"script":"<script> [1562 bytes]","args":[{"selector":{"controlType":"sap.m.GenericTile","properties":{"header":"Manage Sites"}},"wdio_ui5_key":"sapm.GenericTile{\"header\":\"Manage Sites\"}"}]}
RESULT: undefined
COMMAND: POST /session/88012d21873711621afe741aa394e709/element - {"using":"xpath","value":"//*[@id=\"__tile40\"]"}
RESULT: {"using":"xpath","value":"//*[@id=\"__tile40\"]"}
COMMAND: POST /session/88012d21873711621afe741aa394e709/element/f.56122AFE787BE7E77FBE5FB46E7B04D6.d.E9F947147E6455379294B9A48968BB07.e.279/click - {}
RESULT: {}
COMMAND: GET /session/88012d21873711621afe741aa394e709/screenshot - {}
RESULT: {}
COMMAND: POST /session/88012d21873711621afe741aa394e709/elements - {"using":"xpath","value":"//span[text()='Error']"}
RESULT: {"using":"xpath","value":"//span[text()='Error']"}
RESULT: undefined
COMMAND: POST /session/88012d21873711621afe741aa394e709/element - {"using":"xpath","value":"//*[@id=\"__tile40\"]"}
RESULT: {"using":"xpath","value":"//*[@id=\"__tile40\"]"}
COMMAND: POST /session/88012d21873711621afe741aa394e709/element/f.56122AFE787BE7E77FBE5FB46E7B04D6.d.E9F947147E6455379294B9A48968BB07.e.279/click - {}
RESULT: undefined
COMMAND: POST /session/88012d21873711621afe741aa394e709/element - {"using":"xpath","value":"//*[@id=\"__tile40\"]"}
RESULT: {"using":"xpath","value":"//*[@id=\"__tile40\"]"}
COMMAND: POST /session/88012d21873711621afe741aa394e709/element/f.56122AFE787BE7E77FBE5FB46E7B04D6.d.E9F947147E6455379294B9A48968BB07.e.279/click - {}
RESULT: undefined
COMMAND: POST /session/88012d21873711621afe741aa394e709/execute/async - {"script":"<script> [6424 bytes]","args":[{"element-6066-11e4-a52e-4f735466cecf":"f.56122AFE787BE7E77FBE5FB46E7B04D6.d.E9F947147E6455379294B9A48968BB07.e.276"},"getTitle",[]]}
COMMAND: POST /session/88012d21873711621afe741aa394e709/execute/async - {"script":"<script> [1562 bytes]","args":[{"selector":{"id":"shellAppTitle"},"wdio_ui5_key":"shellAppTitle"}]}
RESULT: {"script":"<script> [1562 bytes]","args":[{"selector":{"id":"shellAppTitle"},"wdio_ui5_key":"shellAppTitle"}]}
COMMAND: POST /session/88012d21873711621afe741aa394e709/execute/async - {"script":"<script> [6424 bytes]","args":[{"element-6066-11e4-a52e-4f735466cecf":"f.56122AFE787BE7E77FBE5FB46E7B04D6.d.E9F947147E6455379294B9A48968BB07.e.456"},"getTitle",[]]}
RESULT: {"script":"<script> [6424 bytes]","args":[{"element-6066-11e4-a52e-4f735466cecf":"f.56122AFE787BE7E77FBE5FB46E7B04D6.d.E9F947147E6455379294B9A48968BB07.e.456"},"getTitle",[]]}
RESULT: undefined
COMMAND: POST /session/88012d21873711621afe741aa394e709/element/f.56122AFE787BE7E77FBE5FB46E7B04D6.d.E9F947147E6455379294B9A48968BB07.e.277/click - {}
RESULT: {}
COMMAND: GET /session/88012d21873711621afe741aa394e709/screenshot - {}
RESULT: {}
]]></system-out>
    </testcase>
    <testcase classname="chrome.136_0_7103_93.windows.Sanity_Tests_US104253" name="Should open Manage Resources page" time="36.632">
      <system-out><![CDATA[
COMMAND: POST /session/88012d21873711621afe741aa394e709/execute/async - {"script":"<script> [1562 bytes]","args":[{"selector":{"controlType":"sap.m.GenericTile","properties":{"header":"Manage Resources"}},"wdio_ui5_key":"sapm.GenericTile{\"header\":\"Manage Resources\"}"}]}
RESULT: {"script":"<script> [1562 bytes]","args":[{"selector":{"controlType":"sap.m.GenericTile","properties":{"header":"Manage Resources"}},"wdio_ui5_key":"sapm.GenericTile{\"header\":\"Manage Resources\"}"}]}
RESULT: undefined
COMMAND: POST /session/88012d21873711621afe741aa394e709/element - {"using":"xpath","value":"//*[@id=\"__tile39\"]"}
RESULT: {"using":"xpath","value":"//*[@id=\"__tile39\"]"}
COMMAND: POST /session/88012d21873711621afe741aa394e709/element/f.56122AFE787BE7E77FBE5FB46E7B04D6.d.E9F947147E6455379294B9A48968BB07.e.458/click - {}
RESULT: {}
COMMAND: GET /session/88012d21873711621afe741aa394e709/screenshot - {}
RESULT: {}
COMMAND: POST /session/88012d21873711621afe741aa394e709/elements - {"using":"xpath","value":"//span[text()='Error']"}
RESULT: {"using":"xpath","value":"//span[text()='Error']"}
RESULT: undefined
COMMAND: POST /session/88012d21873711621afe741aa394e709/element - {"using":"xpath","value":"//*[@id=\"__tile39\"]"}
RESULT: {"using":"xpath","value":"//*[@id=\"__tile39\"]"}
COMMAND: POST /session/88012d21873711621afe741aa394e709/element/f.56122AFE787BE7E77FBE5FB46E7B04D6.d.E9F947147E6455379294B9A48968BB07.e.458/click - {}
RESULT: undefined
COMMAND: POST /session/88012d21873711621afe741aa394e709/element - {"using":"xpath","value":"//*[@id=\"__tile39\"]"}
RESULT: {"using":"xpath","value":"//*[@id=\"__tile39\"]"}
COMMAND: POST /session/88012d21873711621afe741aa394e709/element/f.56122AFE787BE7E77FBE5FB46E7B04D6.d.E9F947147E6455379294B9A48968BB07.e.458/click - {}
RESULT: undefined
COMMAND: POST /session/88012d21873711621afe741aa394e709/execute/async - {"script":"<script> [6424 bytes]","args":[{"element-6066-11e4-a52e-4f735466cecf":"f.56122AFE787BE7E77FBE5FB46E7B04D6.d.E9F947147E6455379294B9A48968BB07.e.276"},"getTitle",[]]}
COMMAND: POST /session/88012d21873711621afe741aa394e709/execute/async - {"script":"<script> [1562 bytes]","args":[{"selector":{"id":"shellAppTitle"},"wdio_ui5_key":"shellAppTitle"}]}
RESULT: {"script":"<script> [1562 bytes]","args":[{"selector":{"id":"shellAppTitle"},"wdio_ui5_key":"shellAppTitle"}]}
COMMAND: POST /session/88012d21873711621afe741aa394e709/execute/async - {"script":"<script> [6424 bytes]","args":[{"element-6066-11e4-a52e-4f735466cecf":"f.56122AFE787BE7E77FBE5FB46E7B04D6.d.E9F947147E6455379294B9A48968BB07.e.629"},"getTitle",[]]}
RESULT: {"script":"<script> [6424 bytes]","args":[{"element-6066-11e4-a52e-4f735466cecf":"f.56122AFE787BE7E77FBE5FB46E7B04D6.d.E9F947147E6455379294B9A48968BB07.e.629"},"getTitle",[]]}
RESULT: undefined
COMMAND: POST /session/88012d21873711621afe741aa394e709/element/f.56122AFE787BE7E77FBE5FB46E7B04D6.d.E9F947147E6455379294B9A48968BB07.e.277/click - {}
COMMAND: POST /session/88012d21873711621afe741aa394e709/element - {"using":"xpath","value":"//*[@id=\"backBtn\"]"}
RESULT: {"using":"xpath","value":"//*[@id=\"backBtn\"]"}
COMMAND: POST /session/88012d21873711621afe741aa394e709/element/f.56122AFE787BE7E77FBE5FB46E7B04D6.d.E9F947147E6455379294B9A48968BB07.e.277/click - {}
COMMAND: POST /session/88012d21873711621afe741aa394e709/element - {"using":"xpath","value":"//*[@id=\"backBtn\"]"}
RESULT: {"using":"xpath","value":"//*[@id=\"backBtn\"]"}
COMMAND: POST /session/88012d21873711621afe741aa394e709/element/f.56122AFE787BE7E77FBE5FB46E7B04D6.d.E9F947147E6455379294B9A48968BB07.e.630/click - {}
RESULT: {}
COMMAND: GET /session/88012d21873711621afe741aa394e709/screenshot - {}
RESULT: {}
]]></system-out>
    </testcase>
    <testcase classname="chrome.136_0_7103_93.windows.Sanity_Tests_US104253" name="Should open Manage Catalogs page" time="35.84">
      <system-out><![CDATA[
COMMAND: POST /session/88012d21873711621afe741aa394e709/execute/async - {"script":"<script> [1562 bytes]","args":[{"selector":{"controlType":"sap.m.GenericTile","properties":{"header":"Manage Catalogs"}},"wdio_ui5_key":"sapm.GenericTile{\"header\":\"Manage Catalogs\"}"}]}
RESULT: {"script":"<script> [1562 bytes]","args":[{"selector":{"controlType":"sap.m.GenericTile","properties":{"header":"Manage Catalogs"}},"wdio_ui5_key":"sapm.GenericTile{\"header\":\"Manage Catalogs\"}"}]}
RESULT: undefined
COMMAND: POST /session/88012d21873711621afe741aa394e709/element - {"using":"xpath","value":"//*[@id=\"__tile37\"]"}
RESULT: {"using":"xpath","value":"//*[@id=\"__tile37\"]"}
COMMAND: POST /session/88012d21873711621afe741aa394e709/element/f.56122AFE787BE7E77FBE5FB46E7B04D6.d.E9F947147E6455379294B9A48968BB07.e.632/click - {}
RESULT: {}
COMMAND: GET /session/88012d21873711621afe741aa394e709/screenshot - {}
RESULT: {}
COMMAND: POST /session/88012d21873711621afe741aa394e709/elements - {"using":"xpath","value":"//span[text()='Error']"}
RESULT: {"using":"xpath","value":"//span[text()='Error']"}
RESULT: undefined
COMMAND: POST /session/88012d21873711621afe741aa394e709/element - {"using":"xpath","value":"//*[@id=\"__tile37\"]"}
RESULT: {"using":"xpath","value":"//*[@id=\"__tile37\"]"}
COMMAND: POST /session/88012d21873711621afe741aa394e709/element/f.56122AFE787BE7E77FBE5FB46E7B04D6.d.E9F947147E6455379294B9A48968BB07.e.632/click - {}
RESULT: undefined
COMMAND: POST /session/88012d21873711621afe741aa394e709/element - {"using":"xpath","value":"//*[@id=\"__tile37\"]"}
RESULT: {"using":"xpath","value":"//*[@id=\"__tile37\"]"}
COMMAND: POST /session/88012d21873711621afe741aa394e709/element/f.56122AFE787BE7E77FBE5FB46E7B04D6.d.E9F947147E6455379294B9A48968BB07.e.632/click - {}
RESULT: undefined
COMMAND: POST /session/88012d21873711621afe741aa394e709/execute/async - {"script":"<script> [6424 bytes]","args":[{"element-6066-11e4-a52e-4f735466cecf":"f.56122AFE787BE7E77FBE5FB46E7B04D6.d.E9F947147E6455379294B9A48968BB07.e.276"},"getTitle",[]]}
COMMAND: POST /session/88012d21873711621afe741aa394e709/execute/async - {"script":"<script> [1562 bytes]","args":[{"selector":{"id":"shellAppTitle"},"wdio_ui5_key":"shellAppTitle"}]}
RESULT: {"script":"<script> [1562 bytes]","args":[{"selector":{"id":"shellAppTitle"},"wdio_ui5_key":"shellAppTitle"}]}
COMMAND: POST /session/88012d21873711621afe741aa394e709/execute/async - {"script":"<script> [6424 bytes]","args":[{"element-6066-11e4-a52e-4f735466cecf":"f.56122AFE787BE7E77FBE5FB46E7B04D6.d.E9F947147E6455379294B9A48968BB07.e.701"},"getTitle",[]]}
RESULT: {"script":"<script> [6424 bytes]","args":[{"element-6066-11e4-a52e-4f735466cecf":"f.56122AFE787BE7E77FBE5FB46E7B04D6.d.E9F947147E6455379294B9A48968BB07.e.701"},"getTitle",[]]}
RESULT: undefined
COMMAND: POST /session/88012d21873711621afe741aa394e709/element/f.56122AFE787BE7E77FBE5FB46E7B04D6.d.E9F947147E6455379294B9A48968BB07.e.630/click - {}
RESULT: {}
COMMAND: GET /session/88012d21873711621afe741aa394e709/screenshot - {}
RESULT: {}
]]></system-out>
    </testcase>
    <testcase classname="chrome.136_0_7103_93.windows.Sanity_Tests_US104253" name="Should open Manage Calendars page" time="37.642">
      <system-out><![CDATA[
COMMAND: POST /session/88012d21873711621afe741aa394e709/execute/async - {"script":"<script> [1562 bytes]","args":[{"selector":{"controlType":"sap.m.GenericTile","properties":{"header":"Manage Calendars"}},"wdio_ui5_key":"sapm.GenericTile{\"header\":\"Manage Calendars\"}"}]}
RESULT: {"script":"<script> [1562 bytes]","args":[{"selector":{"controlType":"sap.m.GenericTile","properties":{"header":"Manage Calendars"}},"wdio_ui5_key":"sapm.GenericTile{\"header\":\"Manage Calendars\"}"}]}
RESULT: undefined
COMMAND: POST /session/88012d21873711621afe741aa394e709/element - {"using":"xpath","value":"//*[@id=\"__tile36\"]"}
RESULT: {"using":"xpath","value":"//*[@id=\"__tile36\"]"}
COMMAND: POST /session/88012d21873711621afe741aa394e709/element/f.56122AFE787BE7E77FBE5FB46E7B04D6.d.E9F947147E6455379294B9A48968BB07.e.705/click - {}
RESULT: {}
COMMAND: GET /session/88012d21873711621afe741aa394e709/screenshot - {}
RESULT: {}
COMMAND: POST /session/88012d21873711621afe741aa394e709/elements - {"using":"xpath","value":"//span[text()='Error']"}
RESULT: {"using":"xpath","value":"//span[text()='Error']"}
RESULT: undefined
COMMAND: POST /session/88012d21873711621afe741aa394e709/element - {"using":"xpath","value":"//*[@id=\"__tile36\"]"}
RESULT: {"using":"xpath","value":"//*[@id=\"__tile36\"]"}
COMMAND: POST /session/88012d21873711621afe741aa394e709/element/f.56122AFE787BE7E77FBE5FB46E7B04D6.d.E9F947147E6455379294B9A48968BB07.e.705/click - {}
RESULT: undefined
COMMAND: POST /session/88012d21873711621afe741aa394e709/element - {"using":"xpath","value":"//*[@id=\"__tile36\"]"}
RESULT: {"using":"xpath","value":"//*[@id=\"__tile36\"]"}
COMMAND: POST /session/88012d21873711621afe741aa394e709/element/f.56122AFE787BE7E77FBE5FB46E7B04D6.d.E9F947147E6455379294B9A48968BB07.e.705/click - {}
RESULT: undefined
COMMAND: POST /session/88012d21873711621afe741aa394e709/execute/async - {"script":"<script> [6424 bytes]","args":[{"element-6066-11e4-a52e-4f735466cecf":"f.56122AFE787BE7E77FBE5FB46E7B04D6.d.E9F947147E6455379294B9A48968BB07.e.276"},"getTitle",[]]}
COMMAND: POST /session/88012d21873711621afe741aa394e709/execute/async - {"script":"<script> [1562 bytes]","args":[{"selector":{"id":"shellAppTitle"},"wdio_ui5_key":"shellAppTitle"}]}
RESULT: {"script":"<script> [1562 bytes]","args":[{"selector":{"id":"shellAppTitle"},"wdio_ui5_key":"shellAppTitle"}]}
COMMAND: POST /session/88012d21873711621afe741aa394e709/execute/async - {"script":"<script> [6424 bytes]","args":[{"element-6066-11e4-a52e-4f735466cecf":"f.56122AFE787BE7E77FBE5FB46E7B04D6.d.E9F947147E6455379294B9A48968BB07.e.768"},"getTitle",[]]}
RESULT: {"script":"<script> [6424 bytes]","args":[{"element-6066-11e4-a52e-4f735466cecf":"f.56122AFE787BE7E77FBE5FB46E7B04D6.d.E9F947147E6455379294B9A48968BB07.e.768"},"getTitle",[]]}
RESULT: undefined
COMMAND: POST /session/88012d21873711621afe741aa394e709/element/f.56122AFE787BE7E77FBE5FB46E7B04D6.d.E9F947147E6455379294B9A48968BB07.e.630/click - {}
COMMAND: POST /session/88012d21873711621afe741aa394e709/element - {"using":"xpath","value":"//*[@id=\"backBtn\"]"}
RESULT: {"using":"xpath","value":"//*[@id=\"backBtn\"]"}
COMMAND: POST /session/88012d21873711621afe741aa394e709/element/f.56122AFE787BE7E77FBE5FB46E7B04D6.d.E9F947147E6455379294B9A48968BB07.e.630/click - {}
COMMAND: POST /session/88012d21873711621afe741aa394e709/element - {"using":"xpath","value":"//*[@id=\"backBtn\"]"}
RESULT: {"using":"xpath","value":"//*[@id=\"backBtn\"]"}
COMMAND: POST /session/88012d21873711621afe741aa394e709/element/f.56122AFE787BE7E77FBE5FB46E7B04D6.d.E9F947147E6455379294B9A48968BB07.e.769/click - {}
RESULT: {}
COMMAND: GET /session/88012d21873711621afe741aa394e709/screenshot - {}
RESULT: {}
]]></system-out>
    </testcase>
    <testcase classname="chrome.136_0_7103_93.windows.Sanity_Tests_US104253" name="Should open Address Management page" time="36.096">
      <system-out><![CDATA[
COMMAND: POST /session/88012d21873711621afe741aa394e709/execute/async - {"script":"<script> [1562 bytes]","args":[{"selector":{"controlType":"sap.m.GenericTile","properties":{"header":"Address Management"}},"wdio_ui5_key":"sapm.GenericTile{\"header\":\"Address Management\"}"}]}
RESULT: {"script":"<script> [1562 bytes]","args":[{"selector":{"controlType":"sap.m.GenericTile","properties":{"header":"Address Management"}},"wdio_ui5_key":"sapm.GenericTile{\"header\":\"Address Management\"}"}]}
RESULT: undefined
COMMAND: POST /session/88012d21873711621afe741aa394e709/element - {"using":"xpath","value":"//*[@id=\"__tile33\"]"}
RESULT: {"using":"xpath","value":"//*[@id=\"__tile33\"]"}
COMMAND: POST /session/88012d21873711621afe741aa394e709/element/f.56122AFE787BE7E77FBE5FB46E7B04D6.d.E9F947147E6455379294B9A48968BB07.e.771/click - {}
RESULT: {}
COMMAND: GET /session/88012d21873711621afe741aa394e709/screenshot - {}
RESULT: {}
COMMAND: POST /session/88012d21873711621afe741aa394e709/elements - {"using":"xpath","value":"//span[text()='Error']"}
RESULT: {"using":"xpath","value":"//span[text()='Error']"}
RESULT: undefined
COMMAND: POST /session/88012d21873711621afe741aa394e709/element - {"using":"xpath","value":"//*[@id=\"__tile33\"]"}
RESULT: {"using":"xpath","value":"//*[@id=\"__tile33\"]"}
COMMAND: POST /session/88012d21873711621afe741aa394e709/element/f.56122AFE787BE7E77FBE5FB46E7B04D6.d.E9F947147E6455379294B9A48968BB07.e.771/click - {}
RESULT: undefined
COMMAND: POST /session/88012d21873711621afe741aa394e709/element - {"using":"xpath","value":"//*[@id=\"__tile33\"]"}
RESULT: {"using":"xpath","value":"//*[@id=\"__tile33\"]"}
COMMAND: POST /session/88012d21873711621afe741aa394e709/element/f.56122AFE787BE7E77FBE5FB46E7B04D6.d.E9F947147E6455379294B9A48968BB07.e.771/click - {}
RESULT: undefined
COMMAND: POST /session/88012d21873711621afe741aa394e709/execute/async - {"script":"<script> [6424 bytes]","args":[{"element-6066-11e4-a52e-4f735466cecf":"f.56122AFE787BE7E77FBE5FB46E7B04D6.d.E9F947147E6455379294B9A48968BB07.e.276"},"getTitle",[]]}
COMMAND: POST /session/88012d21873711621afe741aa394e709/execute/async - {"script":"<script> [1562 bytes]","args":[{"selector":{"id":"shellAppTitle"},"wdio_ui5_key":"shellAppTitle"}]}
RESULT: {"script":"<script> [1562 bytes]","args":[{"selector":{"id":"shellAppTitle"},"wdio_ui5_key":"shellAppTitle"}]}
COMMAND: POST /session/88012d21873711621afe741aa394e709/execute/async - {"script":"<script> [6424 bytes]","args":[{"element-6066-11e4-a52e-4f735466cecf":"f.56122AFE787BE7E77FBE5FB46E7B04D6.d.E9F947147E6455379294B9A48968BB07.e.971"},"getTitle",[]]}
RESULT: {"script":"<script> [6424 bytes]","args":[{"element-6066-11e4-a52e-4f735466cecf":"f.56122AFE787BE7E77FBE5FB46E7B04D6.d.E9F947147E6455379294B9A48968BB07.e.971"},"getTitle",[]]}
RESULT: undefined
COMMAND: POST /session/88012d21873711621afe741aa394e709/element/f.56122AFE787BE7E77FBE5FB46E7B04D6.d.E9F947147E6455379294B9A48968BB07.e.769/click - {}
RESULT: {}
COMMAND: GET /session/88012d21873711621afe741aa394e709/screenshot - {}
RESULT: {}
]]></system-out>
    </testcase>
    <testcase classname="chrome.136_0_7103_93.windows.Sanity_Tests_US104253" name="Should open Bill Of Resources page" time="35.905">
      <system-out><![CDATA[
COMMAND: POST /session/88012d21873711621afe741aa394e709/execute/async - {"script":"<script> [1562 bytes]","args":[{"selector":{"controlType":"sap.m.GenericTile","properties":{"header":"Bill Of Resources"}},"wdio_ui5_key":"sapm.GenericTile{\"header\":\"Bill Of Resources\"}"}]}
RESULT: {"script":"<script> [1562 bytes]","args":[{"selector":{"controlType":"sap.m.GenericTile","properties":{"header":"Bill Of Resources"}},"wdio_ui5_key":"sapm.GenericTile{\"header\":\"Bill Of Resources\"}"}]}
RESULT: undefined
COMMAND: POST /session/88012d21873711621afe741aa394e709/element - {"using":"xpath","value":"//*[@id=\"__tile34\"]"}
RESULT: {"using":"xpath","value":"//*[@id=\"__tile34\"]"}
COMMAND: POST /session/88012d21873711621afe741aa394e709/element/f.56122AFE787BE7E77FBE5FB46E7B04D6.d.E9F947147E6455379294B9A48968BB07.e.973/click - {}
RESULT: {}
COMMAND: GET /session/88012d21873711621afe741aa394e709/screenshot - {}
RESULT: {}
COMMAND: POST /session/88012d21873711621afe741aa394e709/elements - {"using":"xpath","value":"//span[text()='Error']"}
RESULT: {"using":"xpath","value":"//span[text()='Error']"}
RESULT: undefined
COMMAND: POST /session/88012d21873711621afe741aa394e709/element - {"using":"xpath","value":"//*[@id=\"__tile34\"]"}
RESULT: {"using":"xpath","value":"//*[@id=\"__tile34\"]"}
COMMAND: POST /session/88012d21873711621afe741aa394e709/element/f.56122AFE787BE7E77FBE5FB46E7B04D6.d.E9F947147E6455379294B9A48968BB07.e.973/click - {}
RESULT: undefined
COMMAND: POST /session/88012d21873711621afe741aa394e709/element - {"using":"xpath","value":"//*[@id=\"__tile34\"]"}
RESULT: {"using":"xpath","value":"//*[@id=\"__tile34\"]"}
COMMAND: POST /session/88012d21873711621afe741aa394e709/element/f.56122AFE787BE7E77FBE5FB46E7B04D6.d.E9F947147E6455379294B9A48968BB07.e.973/click - {}
RESULT: undefined
COMMAND: POST /session/88012d21873711621afe741aa394e709/execute/async - {"script":"<script> [6424 bytes]","args":[{"element-6066-11e4-a52e-4f735466cecf":"f.56122AFE787BE7E77FBE5FB46E7B04D6.d.E9F947147E6455379294B9A48968BB07.e.276"},"getTitle",[]]}
COMMAND: POST /session/88012d21873711621afe741aa394e709/execute/async - {"script":"<script> [1562 bytes]","args":[{"selector":{"id":"shellAppTitle"},"wdio_ui5_key":"shellAppTitle"}]}
RESULT: {"script":"<script> [1562 bytes]","args":[{"selector":{"id":"shellAppTitle"},"wdio_ui5_key":"shellAppTitle"}]}
COMMAND: POST /session/88012d21873711621afe741aa394e709/execute/async - {"script":"<script> [6424 bytes]","args":[{"element-6066-11e4-a52e-4f735466cecf":"f.56122AFE787BE7E77FBE5FB46E7B04D6.d.E9F947147E6455379294B9A48968BB07.e.1064"},"getTitle",[]]}
RESULT: {"script":"<script> [6424 bytes]","args":[{"element-6066-11e4-a52e-4f735466cecf":"f.56122AFE787BE7E77FBE5FB46E7B04D6.d.E9F947147E6455379294B9A48968BB07.e.1064"},"getTitle",[]]}
RESULT: undefined
COMMAND: POST /session/88012d21873711621afe741aa394e709/element/f.56122AFE787BE7E77FBE5FB46E7B04D6.d.E9F947147E6455379294B9A48968BB07.e.769/click - {}
COMMAND: POST /session/88012d21873711621afe741aa394e709/element - {"using":"xpath","value":"//*[@id=\"backBtn\"]"}
RESULT: {"using":"xpath","value":"//*[@id=\"backBtn\"]"}
COMMAND: POST /session/88012d21873711621afe741aa394e709/element/f.56122AFE787BE7E77FBE5FB46E7B04D6.d.E9F947147E6455379294B9A48968BB07.e.769/click - {}
COMMAND: POST /session/88012d21873711621afe741aa394e709/element - {"using":"xpath","value":"//*[@id=\"backBtn\"]"}
RESULT: {"using":"xpath","value":"//*[@id=\"backBtn\"]"}
COMMAND: POST /session/88012d21873711621afe741aa394e709/element/f.56122AFE787BE7E77FBE5FB46E7B04D6.d.E9F947147E6455379294B9A48968BB07.e.1065/click - {}
RESULT: {}
COMMAND: GET /session/88012d21873711621afe741aa394e709/screenshot - {}
RESULT: {}
]]></system-out>
    </testcase>
    <testcase classname="chrome.136_0_7103_93.windows.Sanity_Tests_US104253" name="Should open Manage Yards page" time="35.952">
      <system-out><![CDATA[
COMMAND: POST /session/88012d21873711621afe741aa394e709/execute/async - {"script":"<script> [1562 bytes]","args":[{"selector":{"controlType":"sap.m.GenericTile","properties":{"header":"Manage Yards"}},"wdio_ui5_key":"sapm.GenericTile{\"header\":\"Manage Yards\"}"}]}
RESULT: {"script":"<script> [1562 bytes]","args":[{"selector":{"controlType":"sap.m.GenericTile","properties":{"header":"Manage Yards"}},"wdio_ui5_key":"sapm.GenericTile{\"header\":\"Manage Yards\"}"}]}
RESULT: undefined
COMMAND: POST /session/88012d21873711621afe741aa394e709/element - {"using":"xpath","value":"//*[@id=\"__tile41\"]"}
RESULT: {"using":"xpath","value":"//*[@id=\"__tile41\"]"}
COMMAND: POST /session/88012d21873711621afe741aa394e709/element/f.56122AFE787BE7E77FBE5FB46E7B04D6.d.E9F947147E6455379294B9A48968BB07.e.1067/click - {}
RESULT: {}
COMMAND: GET /session/88012d21873711621afe741aa394e709/screenshot - {}
RESULT: {}
COMMAND: POST /session/88012d21873711621afe741aa394e709/elements - {"using":"xpath","value":"//span[text()='Error']"}
RESULT: {"using":"xpath","value":"//span[text()='Error']"}
RESULT: undefined
COMMAND: POST /session/88012d21873711621afe741aa394e709/element - {"using":"xpath","value":"//*[@id=\"__tile41\"]"}
RESULT: {"using":"xpath","value":"//*[@id=\"__tile41\"]"}
COMMAND: POST /session/88012d21873711621afe741aa394e709/element/f.56122AFE787BE7E77FBE5FB46E7B04D6.d.E9F947147E6455379294B9A48968BB07.e.1067/click - {}
RESULT: undefined
COMMAND: POST /session/88012d21873711621afe741aa394e709/element - {"using":"xpath","value":"//*[@id=\"__tile41\"]"}
RESULT: {"using":"xpath","value":"//*[@id=\"__tile41\"]"}
COMMAND: POST /session/88012d21873711621afe741aa394e709/element/f.56122AFE787BE7E77FBE5FB46E7B04D6.d.E9F947147E6455379294B9A48968BB07.e.1067/click - {}
RESULT: undefined
COMMAND: POST /session/88012d21873711621afe741aa394e709/execute/async - {"script":"<script> [6424 bytes]","args":[{"element-6066-11e4-a52e-4f735466cecf":"f.56122AFE787BE7E77FBE5FB46E7B04D6.d.E9F947147E6455379294B9A48968BB07.e.276"},"getTitle",[]]}
COMMAND: POST /session/88012d21873711621afe741aa394e709/execute/async - {"script":"<script> [1562 bytes]","args":[{"selector":{"id":"shellAppTitle"},"wdio_ui5_key":"shellAppTitle"}]}
RESULT: {"script":"<script> [1562 bytes]","args":[{"selector":{"id":"shellAppTitle"},"wdio_ui5_key":"shellAppTitle"}]}
COMMAND: POST /session/88012d21873711621afe741aa394e709/execute/async - {"script":"<script> [6424 bytes]","args":[{"element-6066-11e4-a52e-4f735466cecf":"f.56122AFE787BE7E77FBE5FB46E7B04D6.d.E9F947147E6455379294B9A48968BB07.e.1242"},"getTitle",[]]}
RESULT: {"script":"<script> [6424 bytes]","args":[{"element-6066-11e4-a52e-4f735466cecf":"f.56122AFE787BE7E77FBE5FB46E7B04D6.d.E9F947147E6455379294B9A48968BB07.e.1242"},"getTitle",[]]}
RESULT: undefined
COMMAND: POST /session/88012d21873711621afe741aa394e709/element/f.56122AFE787BE7E77FBE5FB46E7B04D6.d.E9F947147E6455379294B9A48968BB07.e.1065/click - {}
RESULT: {}
COMMAND: GET /session/88012d21873711621afe741aa394e709/screenshot - {}
RESULT: {}
]]></system-out>
    </testcase>
    <testcase classname="chrome.136_0_7103_93.windows.Sanity_Tests_US104253" name="Should open Manage Requests page" time="36.266">
      <system-out><![CDATA[
COMMAND: POST /session/88012d21873711621afe741aa394e709/execute/async - {"script":"<script> [1562 bytes]","args":[{"selector":{"controlType":"sap.m.GenericTile","properties":{"header":"Manage Requests"}},"wdio_ui5_key":"sapm.GenericTile{\"header\":\"Manage Requests\"}"}]}
RESULT: {"script":"<script> [1562 bytes]","args":[{"selector":{"controlType":"sap.m.GenericTile","properties":{"header":"Manage Requests"}},"wdio_ui5_key":"sapm.GenericTile{\"header\":\"Manage Requests\"}"}]}
RESULT: undefined
COMMAND: POST /session/88012d21873711621afe741aa394e709/element - {"using":"xpath","value":"//*[@id=\"__tile47\"]"}
RESULT: {"using":"xpath","value":"//*[@id=\"__tile47\"]"}
COMMAND: POST /session/88012d21873711621afe741aa394e709/element/f.56122AFE787BE7E77FBE5FB46E7B04D6.d.E9F947147E6455379294B9A48968BB07.e.1244/click - {}
RESULT: {}
COMMAND: GET /session/88012d21873711621afe741aa394e709/screenshot - {}
RESULT: {}
COMMAND: POST /session/88012d21873711621afe741aa394e709/elements - {"using":"xpath","value":"//span[text()='Error']"}
RESULT: {"using":"xpath","value":"//span[text()='Error']"}
RESULT: undefined
COMMAND: POST /session/88012d21873711621afe741aa394e709/element - {"using":"xpath","value":"//*[@id=\"__tile47\"]"}
RESULT: {"using":"xpath","value":"//*[@id=\"__tile47\"]"}
COMMAND: POST /session/88012d21873711621afe741aa394e709/element/f.56122AFE787BE7E77FBE5FB46E7B04D6.d.E9F947147E6455379294B9A48968BB07.e.1244/click - {}
RESULT: undefined
COMMAND: POST /session/88012d21873711621afe741aa394e709/element - {"using":"xpath","value":"//*[@id=\"__tile47\"]"}
RESULT: {"using":"xpath","value":"//*[@id=\"__tile47\"]"}
COMMAND: POST /session/88012d21873711621afe741aa394e709/element/f.56122AFE787BE7E77FBE5FB46E7B04D6.d.E9F947147E6455379294B9A48968BB07.e.1244/click - {}
RESULT: undefined
COMMAND: POST /session/88012d21873711621afe741aa394e709/execute/async - {"script":"<script> [6424 bytes]","args":[{"element-6066-11e4-a52e-4f735466cecf":"f.56122AFE787BE7E77FBE5FB46E7B04D6.d.E9F947147E6455379294B9A48968BB07.e.276"},"getTitle",[]]}
COMMAND: POST /session/88012d21873711621afe741aa394e709/execute/async - {"script":"<script> [1562 bytes]","args":[{"selector":{"id":"shellAppTitle"},"wdio_ui5_key":"shellAppTitle"}]}
RESULT: {"script":"<script> [1562 bytes]","args":[{"selector":{"id":"shellAppTitle"},"wdio_ui5_key":"shellAppTitle"}]}
COMMAND: POST /session/88012d21873711621afe741aa394e709/execute/async - {"script":"<script> [6424 bytes]","args":[{"element-6066-11e4-a52e-4f735466cecf":"f.56122AFE787BE7E77FBE5FB46E7B04D6.d.E9F947147E6455379294B9A48968BB07.e.1342"},"getTitle",[]]}
RESULT: {"script":"<script> [6424 bytes]","args":[{"element-6066-11e4-a52e-4f735466cecf":"f.56122AFE787BE7E77FBE5FB46E7B04D6.d.E9F947147E6455379294B9A48968BB07.e.1342"},"getTitle",[]]}
RESULT: undefined
COMMAND: POST /session/88012d21873711621afe741aa394e709/element/f.56122AFE787BE7E77FBE5FB46E7B04D6.d.E9F947147E6455379294B9A48968BB07.e.1065/click - {}
COMMAND: POST /session/88012d21873711621afe741aa394e709/element - {"using":"xpath","value":"//*[@id=\"backBtn\"]"}
RESULT: {"using":"xpath","value":"//*[@id=\"backBtn\"]"}
COMMAND: POST /session/88012d21873711621afe741aa394e709/element/f.56122AFE787BE7E77FBE5FB46E7B04D6.d.E9F947147E6455379294B9A48968BB07.e.1065/click - {}
COMMAND: POST /session/88012d21873711621afe741aa394e709/element - {"using":"xpath","value":"//*[@id=\"backBtn\"]"}
RESULT: {"using":"xpath","value":"//*[@id=\"backBtn\"]"}
COMMAND: POST /session/88012d21873711621afe741aa394e709/element/f.56122AFE787BE7E77FBE5FB46E7B04D6.d.E9F947147E6455379294B9A48968BB07.e.1343/click - {}
RESULT: {}
COMMAND: GET /session/88012d21873711621afe741aa394e709/screenshot - {}
RESULT: {}
]]></system-out>
    </testcase>
    <testcase classname="chrome.136_0_7103_93.windows.Sanity_Tests_US104253" name="Should open Manage Purchasing page" time="35.954">
      <system-out><![CDATA[
COMMAND: POST /session/88012d21873711621afe741aa394e709/execute/async - {"script":"<script> [1562 bytes]","args":[{"selector":{"controlType":"sap.m.GenericTile","properties":{"header":"Manage Purchasing"}},"wdio_ui5_key":"sapm.GenericTile{\"header\":\"Manage Purchasing\"}"}]}
RESULT: {"script":"<script> [1562 bytes]","args":[{"selector":{"controlType":"sap.m.GenericTile","properties":{"header":"Manage Purchasing"}},"wdio_ui5_key":"sapm.GenericTile{\"header\":\"Manage Purchasing\"}"}]}
RESULT: undefined
COMMAND: POST /session/88012d21873711621afe741aa394e709/element - {"using":"xpath","value":"//*[@id=\"__tile46\"]"}
RESULT: {"using":"xpath","value":"//*[@id=\"__tile46\"]"}
COMMAND: POST /session/88012d21873711621afe741aa394e709/element/f.56122AFE787BE7E77FBE5FB46E7B04D6.d.E9F947147E6455379294B9A48968BB07.e.1346/click - {}
RESULT: {}
COMMAND: GET /session/88012d21873711621afe741aa394e709/screenshot - {}
RESULT: {}
COMMAND: POST /session/88012d21873711621afe741aa394e709/elements - {"using":"xpath","value":"//span[text()='Error']"}
RESULT: {"using":"xpath","value":"//span[text()='Error']"}
RESULT: undefined
COMMAND: POST /session/88012d21873711621afe741aa394e709/element - {"using":"xpath","value":"//*[@id=\"__tile46\"]"}
RESULT: {"using":"xpath","value":"//*[@id=\"__tile46\"]"}
COMMAND: POST /session/88012d21873711621afe741aa394e709/element/f.56122AFE787BE7E77FBE5FB46E7B04D6.d.E9F947147E6455379294B9A48968BB07.e.1346/click - {}
RESULT: undefined
COMMAND: POST /session/88012d21873711621afe741aa394e709/element - {"using":"xpath","value":"//*[@id=\"__tile46\"]"}
RESULT: {"using":"xpath","value":"//*[@id=\"__tile46\"]"}
COMMAND: POST /session/88012d21873711621afe741aa394e709/element/f.56122AFE787BE7E77FBE5FB46E7B04D6.d.E9F947147E6455379294B9A48968BB07.e.1346/click - {}
RESULT: undefined
COMMAND: POST /session/88012d21873711621afe741aa394e709/execute/async - {"script":"<script> [6424 bytes]","args":[{"element-6066-11e4-a52e-4f735466cecf":"f.56122AFE787BE7E77FBE5FB46E7B04D6.d.E9F947147E6455379294B9A48968BB07.e.276"},"getTitle",[]]}
COMMAND: POST /session/88012d21873711621afe741aa394e709/execute/async - {"script":"<script> [1562 bytes]","args":[{"selector":{"id":"shellAppTitle"},"wdio_ui5_key":"shellAppTitle"}]}
RESULT: {"script":"<script> [1562 bytes]","args":[{"selector":{"id":"shellAppTitle"},"wdio_ui5_key":"shellAppTitle"}]}
COMMAND: POST /session/88012d21873711621afe741aa394e709/execute/async - {"script":"<script> [6424 bytes]","args":[{"element-6066-11e4-a52e-4f735466cecf":"f.56122AFE787BE7E77FBE5FB46E7B04D6.d.E9F947147E6455379294B9A48968BB07.e.1423"},"getTitle",[]]}
RESULT: {"script":"<script> [6424 bytes]","args":[{"element-6066-11e4-a52e-4f735466cecf":"f.56122AFE787BE7E77FBE5FB46E7B04D6.d.E9F947147E6455379294B9A48968BB07.e.1423"},"getTitle",[]]}
RESULT: undefined
COMMAND: POST /session/88012d21873711621afe741aa394e709/element/f.56122AFE787BE7E77FBE5FB46E7B04D6.d.E9F947147E6455379294B9A48968BB07.e.1343/click - {}
RESULT: {}
COMMAND: GET /session/88012d21873711621afe741aa394e709/screenshot - {}
RESULT: {}
]]></system-out>
    </testcase>
    <testcase classname="chrome.136_0_7103_93.windows.Sanity_Tests_US104253" name="Should open Planning Board page" time="35.877">
      <system-out><![CDATA[
COMMAND: POST /session/88012d21873711621afe741aa394e709/execute/async - {"script":"<script> [1562 bytes]","args":[{"selector":{"controlType":"sap.m.GenericTile","properties":{"header":"Planning Board"}},"wdio_ui5_key":"sapm.GenericTile{\"header\":\"Planning Board\"}"}]}
RESULT: {"script":"<script> [1562 bytes]","args":[{"selector":{"controlType":"sap.m.GenericTile","properties":{"header":"Planning Board"}},"wdio_ui5_key":"sapm.GenericTile{\"header\":\"Planning Board\"}"}]}
RESULT: undefined
COMMAND: POST /session/88012d21873711621afe741aa394e709/element - {"using":"xpath","value":"//*[@id=\"__tile133\"]"}
RESULT: {"using":"xpath","value":"//*[@id=\"__tile133\"]"}
COMMAND: POST /session/88012d21873711621afe741aa394e709/element/f.56122AFE787BE7E77FBE5FB46E7B04D6.d.E9F947147E6455379294B9A48968BB07.e.1425/click - {}
RESULT: {}
COMMAND: GET /session/88012d21873711621afe741aa394e709/screenshot - {}
RESULT: {}
COMMAND: POST /session/88012d21873711621afe741aa394e709/elements - {"using":"xpath","value":"//span[text()='Error']"}
RESULT: {"using":"xpath","value":"//span[text()='Error']"}
RESULT: undefined
COMMAND: POST /session/88012d21873711621afe741aa394e709/element - {"using":"xpath","value":"//*[@id=\"__tile133\"]"}
RESULT: {"using":"xpath","value":"//*[@id=\"__tile133\"]"}
COMMAND: POST /session/88012d21873711621afe741aa394e709/element/f.56122AFE787BE7E77FBE5FB46E7B04D6.d.E9F947147E6455379294B9A48968BB07.e.1425/click - {}
RESULT: undefined
COMMAND: POST /session/88012d21873711621afe741aa394e709/element - {"using":"xpath","value":"//*[@id=\"__tile133\"]"}
RESULT: {"using":"xpath","value":"//*[@id=\"__tile133\"]"}
COMMAND: POST /session/88012d21873711621afe741aa394e709/element/f.56122AFE787BE7E77FBE5FB46E7B04D6.d.E9F947147E6455379294B9A48968BB07.e.1425/click - {}
RESULT: undefined
COMMAND: POST /session/88012d21873711621afe741aa394e709/execute/async - {"script":"<script> [6424 bytes]","args":[{"element-6066-11e4-a52e-4f735466cecf":"f.56122AFE787BE7E77FBE5FB46E7B04D6.d.E9F947147E6455379294B9A48968BB07.e.276"},"getTitle",[]]}
COMMAND: POST /session/88012d21873711621afe741aa394e709/execute/async - {"script":"<script> [1562 bytes]","args":[{"selector":{"id":"shellAppTitle"},"wdio_ui5_key":"shellAppTitle"}]}
RESULT: {"script":"<script> [1562 bytes]","args":[{"selector":{"id":"shellAppTitle"},"wdio_ui5_key":"shellAppTitle"}]}
COMMAND: POST /session/88012d21873711621afe741aa394e709/execute/async - {"script":"<script> [6424 bytes]","args":[{"element-6066-11e4-a52e-4f735466cecf":"f.56122AFE787BE7E77FBE5FB46E7B04D6.d.E9F947147E6455379294B9A48968BB07.e.1472"},"getTitle",[]]}
RESULT: {"script":"<script> [6424 bytes]","args":[{"element-6066-11e4-a52e-4f735466cecf":"f.56122AFE787BE7E77FBE5FB46E7B04D6.d.E9F947147E6455379294B9A48968BB07.e.1472"},"getTitle",[]]}
RESULT: undefined
COMMAND: POST /session/88012d21873711621afe741aa394e709/element/f.56122AFE787BE7E77FBE5FB46E7B04D6.d.E9F947147E6455379294B9A48968BB07.e.1343/click - {}
COMMAND: POST /session/88012d21873711621afe741aa394e709/element/f.56122AFE787BE7E77FBE5FB46E7B04D6.d.E9F947147E6455379294B9A48968BB07.e.1343/click - {}
COMMAND: POST /session/88012d21873711621afe741aa394e709/element - {"using":"xpath","value":"//*[@id=\"backBtn\"]"}
COMMAND: POST /session/88012d21873711621afe741aa394e709/element - {"using":"xpath","value":"//*[@id=\"backBtn\"]"}
RESULT: {"using":"xpath","value":"//*[@id=\"backBtn\"]"}
COMMAND: POST /session/88012d21873711621afe741aa394e709/element/f.56122AFE787BE7E77FBE5FB46E7B04D6.d.E9F947147E6455379294B9A48968BB07.e.1343/click - {}
RESULT: {"using":"xpath","value":"//*[@id=\"backBtn\"]"}
COMMAND: POST /session/88012d21873711621afe741aa394e709/element/f.56122AFE787BE7E77FBE5FB46E7B04D6.d.E9F947147E6455379294B9A48968BB07.e.1343/click - {}
COMMAND: POST /session/88012d21873711621afe741aa394e709/element - {"using":"xpath","value":"//*[@id=\"backBtn\"]"}
COMMAND: POST /session/88012d21873711621afe741aa394e709/element - {"using":"xpath","value":"//*[@id=\"backBtn\"]"}
RESULT: {"using":"xpath","value":"//*[@id=\"backBtn\"]"}
COMMAND: POST /session/88012d21873711621afe741aa394e709/element/f.56122AFE787BE7E77FBE5FB46E7B04D6.d.E9F947147E6455379294B9A48968BB07.e.1473/click - {}
RESULT: {"using":"xpath","value":"//*[@id=\"backBtn\"]"}
COMMAND: POST /session/88012d21873711621afe741aa394e709/element/f.56122AFE787BE7E77FBE5FB46E7B04D6.d.E9F947147E6455379294B9A48968BB07.e.1473/click - {}
RESULT: {}
COMMAND: GET /session/88012d21873711621afe741aa394e709/screenshot - {}
RESULT: {}
COMMAND: GET /session/88012d21873711621afe741aa394e709/screenshot - {}
RESULT: {}
RESULT: {}
]]></system-out>
    </testcase>
    <testcase classname="chrome.136_0_7103_93.windows.Sanity_Tests_US104253" name="Should open Manage Contracts page" time="36.676">
      <system-out><![CDATA[
COMMAND: POST /session/88012d21873711621afe741aa394e709/execute/async - {"script":"<script> [1562 bytes]","args":[{"selector":{"controlType":"sap.m.GenericTile","properties":{"header":"Manage Contracts"}},"wdio_ui5_key":"sapm.GenericTile{\"header\":\"Manage Contracts\"}"}]}
RESULT: {"script":"<script> [1562 bytes]","args":[{"selector":{"controlType":"sap.m.GenericTile","properties":{"header":"Manage Contracts"}},"wdio_ui5_key":"sapm.GenericTile{\"header\":\"Manage Contracts\"}"}]}
RESULT: undefined
COMMAND: POST /session/88012d21873711621afe741aa394e709/element - {"using":"xpath","value":"//*[@id=\"__tile132\"]"}
RESULT: {"using":"xpath","value":"//*[@id=\"__tile132\"]"}
COMMAND: POST /session/88012d21873711621afe741aa394e709/element/f.56122AFE787BE7E77FBE5FB46E7B04D6.d.E9F947147E6455379294B9A48968BB07.e.1475/click - {}
RESULT: {}
COMMAND: GET /session/88012d21873711621afe741aa394e709/screenshot - {}
RESULT: {}
COMMAND: POST /session/88012d21873711621afe741aa394e709/elements - {"using":"xpath","value":"//span[text()='Error']"}
RESULT: {"using":"xpath","value":"//span[text()='Error']"}
RESULT: undefined
COMMAND: POST /session/88012d21873711621afe741aa394e709/element - {"using":"xpath","value":"//*[@id=\"__tile132\"]"}
RESULT: {"using":"xpath","value":"//*[@id=\"__tile132\"]"}
COMMAND: POST /session/88012d21873711621afe741aa394e709/element/f.56122AFE787BE7E77FBE5FB46E7B04D6.d.E9F947147E6455379294B9A48968BB07.e.1475/click - {}
RESULT: undefined
COMMAND: POST /session/88012d21873711621afe741aa394e709/element - {"using":"xpath","value":"//*[@id=\"__tile132\"]"}
RESULT: {"using":"xpath","value":"//*[@id=\"__tile132\"]"}
COMMAND: POST /session/88012d21873711621afe741aa394e709/element/f.56122AFE787BE7E77FBE5FB46E7B04D6.d.E9F947147E6455379294B9A48968BB07.e.1475/click - {}
RESULT: undefined
COMMAND: POST /session/88012d21873711621afe741aa394e709/execute/async - {"script":"<script> [6424 bytes]","args":[{"element-6066-11e4-a52e-4f735466cecf":"f.56122AFE787BE7E77FBE5FB46E7B04D6.d.E9F947147E6455379294B9A48968BB07.e.276"},"getTitle",[]]}
COMMAND: POST /session/88012d21873711621afe741aa394e709/execute/async - {"script":"<script> [1562 bytes]","args":[{"selector":{"id":"shellAppTitle"},"wdio_ui5_key":"shellAppTitle"}]}
RESULT: {"script":"<script> [1562 bytes]","args":[{"selector":{"id":"shellAppTitle"},"wdio_ui5_key":"shellAppTitle"}]}
COMMAND: POST /session/88012d21873711621afe741aa394e709/execute/async - {"script":"<script> [6424 bytes]","args":[{"element-6066-11e4-a52e-4f735466cecf":"f.56122AFE787BE7E77FBE5FB46E7B04D6.d.E9F947147E6455379294B9A48968BB07.e.1541"},"getTitle",[]]}
RESULT: {"script":"<script> [6424 bytes]","args":[{"element-6066-11e4-a52e-4f735466cecf":"f.56122AFE787BE7E77FBE5FB46E7B04D6.d.E9F947147E6455379294B9A48968BB07.e.1541"},"getTitle",[]]}
RESULT: undefined
COMMAND: POST /session/88012d21873711621afe741aa394e709/element/f.56122AFE787BE7E77FBE5FB46E7B04D6.d.E9F947147E6455379294B9A48968BB07.e.1473/click - {}
RESULT: {}
COMMAND: GET /session/88012d21873711621afe741aa394e709/screenshot - {}
RESULT: {}
]]></system-out>
    </testcase>
    <testcase classname="chrome.136_0_7103_93.windows.Sanity_Tests_US104253" name="Should open Manage Quotations page" time="35.821">
      <system-out><![CDATA[
COMMAND: POST /session/88012d21873711621afe741aa394e709/execute/async - {"script":"<script> [1562 bytes]","args":[{"selector":{"controlType":"sap.m.GenericTile","properties":{"header":"Manage Quotations"}},"wdio_ui5_key":"sapm.GenericTile{\"header\":\"Manage Quotations\"}"}]}
RESULT: {"script":"<script> [1562 bytes]","args":[{"selector":{"controlType":"sap.m.GenericTile","properties":{"header":"Manage Quotations"}},"wdio_ui5_key":"sapm.GenericTile{\"header\":\"Manage Quotations\"}"}]}
RESULT: undefined
COMMAND: POST /session/88012d21873711621afe741aa394e709/element - {"using":"xpath","value":"//*[@id=\"__tile131\"]"}
RESULT: {"using":"xpath","value":"//*[@id=\"__tile131\"]"}
COMMAND: POST /session/88012d21873711621afe741aa394e709/element/f.56122AFE787BE7E77FBE5FB46E7B04D6.d.E9F947147E6455379294B9A48968BB07.e.1543/click - {}
RESULT: {}
COMMAND: GET /session/88012d21873711621afe741aa394e709/screenshot - {}
RESULT: {}
COMMAND: POST /session/88012d21873711621afe741aa394e709/elements - {"using":"xpath","value":"//span[text()='Error']"}
RESULT: {"using":"xpath","value":"//span[text()='Error']"}
RESULT: undefined
COMMAND: POST /session/88012d21873711621afe741aa394e709/element - {"using":"xpath","value":"//*[@id=\"__tile131\"]"}
RESULT: {"using":"xpath","value":"//*[@id=\"__tile131\"]"}
COMMAND: POST /session/88012d21873711621afe741aa394e709/element/f.56122AFE787BE7E77FBE5FB46E7B04D6.d.E9F947147E6455379294B9A48968BB07.e.1543/click - {}
RESULT: undefined
COMMAND: POST /session/88012d21873711621afe741aa394e709/element - {"using":"xpath","value":"//*[@id=\"__tile131\"]"}
RESULT: {"using":"xpath","value":"//*[@id=\"__tile131\"]"}
COMMAND: POST /session/88012d21873711621afe741aa394e709/element/f.56122AFE787BE7E77FBE5FB46E7B04D6.d.E9F947147E6455379294B9A48968BB07.e.1543/click - {}
RESULT: undefined
COMMAND: POST /session/88012d21873711621afe741aa394e709/execute/async - {"script":"<script> [6424 bytes]","args":[{"element-6066-11e4-a52e-4f735466cecf":"f.56122AFE787BE7E77FBE5FB46E7B04D6.d.E9F947147E6455379294B9A48968BB07.e.276"},"getTitle",[]]}
COMMAND: POST /session/88012d21873711621afe741aa394e709/execute/async - {"script":"<script> [1562 bytes]","args":[{"selector":{"id":"shellAppTitle"},"wdio_ui5_key":"shellAppTitle"}]}
RESULT: {"script":"<script> [1562 bytes]","args":[{"selector":{"id":"shellAppTitle"},"wdio_ui5_key":"shellAppTitle"}]}
COMMAND: POST /session/88012d21873711621afe741aa394e709/execute/async - {"script":"<script> [6424 bytes]","args":[{"element-6066-11e4-a52e-4f735466cecf":"f.56122AFE787BE7E77FBE5FB46E7B04D6.d.E9F947147E6455379294B9A48968BB07.e.1617"},"getTitle",[]]}
RESULT: {"script":"<script> [6424 bytes]","args":[{"element-6066-11e4-a52e-4f735466cecf":"f.56122AFE787BE7E77FBE5FB46E7B04D6.d.E9F947147E6455379294B9A48968BB07.e.1617"},"getTitle",[]]}
RESULT: undefined
COMMAND: POST /session/88012d21873711621afe741aa394e709/element/f.56122AFE787BE7E77FBE5FB46E7B04D6.d.E9F947147E6455379294B9A48968BB07.e.1473/click - {}
COMMAND: POST /session/88012d21873711621afe741aa394e709/element - {"using":"xpath","value":"//*[@id=\"backBtn\"]"}
RESULT: {"using":"xpath","value":"//*[@id=\"backBtn\"]"}
COMMAND: POST /session/88012d21873711621afe741aa394e709/element/f.56122AFE787BE7E77FBE5FB46E7B04D6.d.E9F947147E6455379294B9A48968BB07.e.1473/click - {}
COMMAND: POST /session/88012d21873711621afe741aa394e709/element - {"using":"xpath","value":"//*[@id=\"backBtn\"]"}
RESULT: {"using":"xpath","value":"//*[@id=\"backBtn\"]"}
COMMAND: POST /session/88012d21873711621afe741aa394e709/element/f.56122AFE787BE7E77FBE5FB46E7B04D6.d.E9F947147E6455379294B9A48968BB07.e.1618/click - {}
RESULT: {}
COMMAND: GET /session/88012d21873711621afe741aa394e709/screenshot - {}
RESULT: {}
]]></system-out>
    </testcase>
    <testcase classname="chrome.136_0_7103_93.windows.Sanity_Tests_US104253" name="Should open Manage Handovers page" time="35.835">
      <system-out><![CDATA[
COMMAND: POST /session/88012d21873711621afe741aa394e709/execute/async - {"script":"<script> [1562 bytes]","args":[{"selector":{"controlType":"sap.m.GenericTile","properties":{"header":"Manage Handovers"}},"wdio_ui5_key":"sapm.GenericTile{\"header\":\"Manage Handovers\"}"}]}
RESULT: {"script":"<script> [1562 bytes]","args":[{"selector":{"controlType":"sap.m.GenericTile","properties":{"header":"Manage Handovers"}},"wdio_ui5_key":"sapm.GenericTile{\"header\":\"Manage Handovers\"}"}]}
RESULT: undefined
COMMAND: POST /session/88012d21873711621afe741aa394e709/element - {"using":"xpath","value":"//*[@id=\"__tile130\"]"}
RESULT: {"using":"xpath","value":"//*[@id=\"__tile130\"]"}
COMMAND: POST /session/88012d21873711621afe741aa394e709/element/f.56122AFE787BE7E77FBE5FB46E7B04D6.d.E9F947147E6455379294B9A48968BB07.e.1620/click - {}
RESULT: {}
COMMAND: GET /session/88012d21873711621afe741aa394e709/screenshot - {}
RESULT: {}
COMMAND: POST /session/88012d21873711621afe741aa394e709/elements - {"using":"xpath","value":"//span[text()='Error']"}
RESULT: {"using":"xpath","value":"//span[text()='Error']"}
RESULT: undefined
COMMAND: POST /session/88012d21873711621afe741aa394e709/element - {"using":"xpath","value":"//*[@id=\"__tile130\"]"}
RESULT: {"using":"xpath","value":"//*[@id=\"__tile130\"]"}
COMMAND: POST /session/88012d21873711621afe741aa394e709/element/f.56122AFE787BE7E77FBE5FB46E7B04D6.d.E9F947147E6455379294B9A48968BB07.e.1620/click - {}
RESULT: undefined
COMMAND: POST /session/88012d21873711621afe741aa394e709/element - {"using":"xpath","value":"//*[@id=\"__tile130\"]"}
RESULT: {"using":"xpath","value":"//*[@id=\"__tile130\"]"}
COMMAND: POST /session/88012d21873711621afe741aa394e709/element/f.56122AFE787BE7E77FBE5FB46E7B04D6.d.E9F947147E6455379294B9A48968BB07.e.1620/click - {}
RESULT: undefined
COMMAND: POST /session/88012d21873711621afe741aa394e709/execute/async - {"script":"<script> [6424 bytes]","args":[{"element-6066-11e4-a52e-4f735466cecf":"f.56122AFE787BE7E77FBE5FB46E7B04D6.d.E9F947147E6455379294B9A48968BB07.e.276"},"getTitle",[]]}
COMMAND: POST /session/88012d21873711621afe741aa394e709/execute/async - {"script":"<script> [1562 bytes]","args":[{"selector":{"id":"shellAppTitle"},"wdio_ui5_key":"shellAppTitle"}]}
RESULT: {"script":"<script> [1562 bytes]","args":[{"selector":{"id":"shellAppTitle"},"wdio_ui5_key":"shellAppTitle"}]}
COMMAND: POST /session/88012d21873711621afe741aa394e709/execute/async - {"script":"<script> [6424 bytes]","args":[{"element-6066-11e4-a52e-4f735466cecf":"f.56122AFE787BE7E77FBE5FB46E7B04D6.d.E9F947147E6455379294B9A48968BB07.e.1718"},"getTitle",[]]}
RESULT: {"script":"<script> [6424 bytes]","args":[{"element-6066-11e4-a52e-4f735466cecf":"f.56122AFE787BE7E77FBE5FB46E7B04D6.d.E9F947147E6455379294B9A48968BB07.e.1718"},"getTitle",[]]}
RESULT: undefined
COMMAND: POST /session/88012d21873711621afe741aa394e709/element/f.56122AFE787BE7E77FBE5FB46E7B04D6.d.E9F947147E6455379294B9A48968BB07.e.1618/click - {}
RESULT: {}
COMMAND: GET /session/88012d21873711621afe741aa394e709/screenshot - {}
RESULT: {}
]]></system-out>
    </testcase>
    <testcase classname="chrome.136_0_7103_93.windows.Sanity_Tests_US104253" name="Should open Delivery Monitor page" time="35.956">
      <system-out><![CDATA[
COMMAND: POST /session/88012d21873711621afe741aa394e709/execute/async - {"script":"<script> [1562 bytes]","args":[{"selector":{"controlType":"sap.m.GenericTile","properties":{"header":"Delivery Monitor"}},"wdio_ui5_key":"sapm.GenericTile{\"header\":\"Delivery Monitor\"}"}]}
RESULT: {"script":"<script> [1562 bytes]","args":[{"selector":{"controlType":"sap.m.GenericTile","properties":{"header":"Delivery Monitor"}},"wdio_ui5_key":"sapm.GenericTile{\"header\":\"Delivery Monitor\"}"}]}
RESULT: undefined
COMMAND: POST /session/88012d21873711621afe741aa394e709/element - {"using":"xpath","value":"//*[@id=\"__tile43\"]"}
RESULT: {"using":"xpath","value":"//*[@id=\"__tile43\"]"}
COMMAND: POST /session/88012d21873711621afe741aa394e709/element/f.56122AFE787BE7E77FBE5FB46E7B04D6.d.E9F947147E6455379294B9A48968BB07.e.1720/click - {}
RESULT: {}
COMMAND: GET /session/88012d21873711621afe741aa394e709/screenshot - {}
RESULT: {}
COMMAND: POST /session/88012d21873711621afe741aa394e709/elements - {"using":"xpath","value":"//span[text()='Error']"}
RESULT: {"using":"xpath","value":"//span[text()='Error']"}
RESULT: undefined
COMMAND: POST /session/88012d21873711621afe741aa394e709/element - {"using":"xpath","value":"//*[@id=\"__tile43\"]"}
RESULT: {"using":"xpath","value":"//*[@id=\"__tile43\"]"}
COMMAND: POST /session/88012d21873711621afe741aa394e709/element/f.56122AFE787BE7E77FBE5FB46E7B04D6.d.E9F947147E6455379294B9A48968BB07.e.1720/click - {}
RESULT: undefined
COMMAND: POST /session/88012d21873711621afe741aa394e709/element - {"using":"xpath","value":"//*[@id=\"__tile43\"]"}
RESULT: {"using":"xpath","value":"//*[@id=\"__tile43\"]"}
COMMAND: POST /session/88012d21873711621afe741aa394e709/element/f.56122AFE787BE7E77FBE5FB46E7B04D6.d.E9F947147E6455379294B9A48968BB07.e.1720/click - {}
RESULT: undefined
COMMAND: POST /session/88012d21873711621afe741aa394e709/execute/async - {"script":"<script> [6424 bytes]","args":[{"element-6066-11e4-a52e-4f735466cecf":"f.56122AFE787BE7E77FBE5FB46E7B04D6.d.E9F947147E6455379294B9A48968BB07.e.276"},"getTitle",[]]}
COMMAND: POST /session/88012d21873711621afe741aa394e709/execute/async - {"script":"<script> [1562 bytes]","args":[{"selector":{"id":"shellAppTitle"},"wdio_ui5_key":"shellAppTitle"}]}
RESULT: {"script":"<script> [1562 bytes]","args":[{"selector":{"id":"shellAppTitle"},"wdio_ui5_key":"shellAppTitle"}]}
COMMAND: POST /session/88012d21873711621afe741aa394e709/execute/async - {"script":"<script> [6424 bytes]","args":[{"element-6066-11e4-a52e-4f735466cecf":"f.56122AFE787BE7E77FBE5FB46E7B04D6.d.E9F947147E6455379294B9A48968BB07.e.1824"},"getTitle",[]]}
RESULT: {"script":"<script> [6424 bytes]","args":[{"element-6066-11e4-a52e-4f735466cecf":"f.56122AFE787BE7E77FBE5FB46E7B04D6.d.E9F947147E6455379294B9A48968BB07.e.1824"},"getTitle",[]]}
RESULT: undefined
COMMAND: POST /session/88012d21873711621afe741aa394e709/element/f.56122AFE787BE7E77FBE5FB46E7B04D6.d.E9F947147E6455379294B9A48968BB07.e.1618/click - {}
COMMAND: POST /session/88012d21873711621afe741aa394e709/element - {"using":"xpath","value":"//*[@id=\"backBtn\"]"}
RESULT: {"using":"xpath","value":"//*[@id=\"backBtn\"]"}
COMMAND: POST /session/88012d21873711621afe741aa394e709/element/f.56122AFE787BE7E77FBE5FB46E7B04D6.d.E9F947147E6455379294B9A48968BB07.e.1618/click - {}
COMMAND: POST /session/88012d21873711621afe741aa394e709/element - {"using":"xpath","value":"//*[@id=\"backBtn\"]"}
RESULT: {"using":"xpath","value":"//*[@id=\"backBtn\"]"}
COMMAND: POST /session/88012d21873711621afe741aa394e709/element/f.56122AFE787BE7E77FBE5FB46E7B04D6.d.E9F947147E6455379294B9A48968BB07.e.1825/click - {}
RESULT: {}
COMMAND: GET /session/88012d21873711621afe741aa394e709/screenshot - {}
RESULT: {}
]]></system-out>
    </testcase>
    <testcase classname="chrome.136_0_7103_93.windows.Sanity_Tests_US104253" name="Should open Manage Calendar Exceptions page" time="35.787">
      <system-out><![CDATA[
COMMAND: POST /session/88012d21873711621afe741aa394e709/execute/async - {"script":"<script> [1562 bytes]","args":[{"selector":{"controlType":"sap.m.GenericTile","properties":{"header":"Manage Calendar Exceptions"}},"wdio_ui5_key":"sapm.GenericTile{\"header\":\"Manage Calendar Exceptions\"}"}]}
RESULT: {"script":"<script> [1562 bytes]","args":[{"selector":{"controlType":"sap.m.GenericTile","properties":{"header":"Manage Calendar Exceptions"}},"wdio_ui5_key":"sapm.GenericTile{\"header\":\"Manage Calendar Exceptions\"}"}]}
RESULT: undefined
COMMAND: POST /session/88012d21873711621afe741aa394e709/element - {"using":"xpath","value":"//*[@id=\"__tile52\"]"}
RESULT: {"using":"xpath","value":"//*[@id=\"__tile52\"]"}
COMMAND: POST /session/88012d21873711621afe741aa394e709/element/f.56122AFE787BE7E77FBE5FB46E7B04D6.d.E9F947147E6455379294B9A48968BB07.e.1827/click - {}
RESULT: {}
COMMAND: GET /session/88012d21873711621afe741aa394e709/screenshot - {}
RESULT: {}
COMMAND: POST /session/88012d21873711621afe741aa394e709/elements - {"using":"xpath","value":"//span[text()='Error']"}
RESULT: {"using":"xpath","value":"//span[text()='Error']"}
RESULT: undefined
COMMAND: POST /session/88012d21873711621afe741aa394e709/element - {"using":"xpath","value":"//*[@id=\"__tile52\"]"}
RESULT: {"using":"xpath","value":"//*[@id=\"__tile52\"]"}
COMMAND: POST /session/88012d21873711621afe741aa394e709/element/f.56122AFE787BE7E77FBE5FB46E7B04D6.d.E9F947147E6455379294B9A48968BB07.e.1827/click - {}
RESULT: undefined
COMMAND: POST /session/88012d21873711621afe741aa394e709/element - {"using":"xpath","value":"//*[@id=\"__tile52\"]"}
RESULT: {"using":"xpath","value":"//*[@id=\"__tile52\"]"}
COMMAND: POST /session/88012d21873711621afe741aa394e709/element/f.56122AFE787BE7E77FBE5FB46E7B04D6.d.E9F947147E6455379294B9A48968BB07.e.1827/click - {}
RESULT: undefined
COMMAND: POST /session/88012d21873711621afe741aa394e709/execute/async - {"script":"<script> [6424 bytes]","args":[{"element-6066-11e4-a52e-4f735466cecf":"f.56122AFE787BE7E77FBE5FB46E7B04D6.d.E9F947147E6455379294B9A48968BB07.e.276"},"getTitle",[]]}
COMMAND: POST /session/88012d21873711621afe741aa394e709/execute/async - {"script":"<script> [1562 bytes]","args":[{"selector":{"id":"shellAppTitle"},"wdio_ui5_key":"shellAppTitle"}]}
RESULT: {"script":"<script> [1562 bytes]","args":[{"selector":{"id":"shellAppTitle"},"wdio_ui5_key":"shellAppTitle"}]}
COMMAND: POST /session/88012d21873711621afe741aa394e709/execute/async - {"script":"<script> [6424 bytes]","args":[{"element-6066-11e4-a52e-4f735466cecf":"f.56122AFE787BE7E77FBE5FB46E7B04D6.d.E9F947147E6455379294B9A48968BB07.e.1894"},"getTitle",[]]}
RESULT: {"script":"<script> [6424 bytes]","args":[{"element-6066-11e4-a52e-4f735466cecf":"f.56122AFE787BE7E77FBE5FB46E7B04D6.d.E9F947147E6455379294B9A48968BB07.e.1894"},"getTitle",[]]}
RESULT: undefined
COMMAND: POST /session/88012d21873711621afe741aa394e709/element/f.56122AFE787BE7E77FBE5FB46E7B04D6.d.E9F947147E6455379294B9A48968BB07.e.1825/click - {}
RESULT: {}
COMMAND: GET /session/88012d21873711621afe741aa394e709/screenshot - {}
RESULT: {}
]]></system-out>
    </testcase>
    <testcase classname="chrome.136_0_7103_93.windows.Sanity_Tests_US104253" name="Should open Manage States Performance page" time="35.866">
      <system-out><![CDATA[
COMMAND: POST /session/88012d21873711621afe741aa394e709/execute/async - {"script":"<script> [1562 bytes]","args":[{"selector":{"controlType":"sap.m.GenericTile","properties":{"header":"Manage States & Performance"}},"wdio_ui5_key":"sapm.GenericTile{\"header\":\"Manage States & Performance\"}"}]}
RESULT: {"script":"<script> [1562 bytes]","args":[{"selector":{"controlType":"sap.m.GenericTile","properties":{"header":"Manage States & Performance"}},"wdio_ui5_key":"sapm.GenericTile{\"header\":\"Manage States & Performance\"}"}]}
RESULT: undefined
COMMAND: POST /session/88012d21873711621afe741aa394e709/element - {"using":"xpath","value":"//*[@id=\"__tile56\"]"}
RESULT: {"using":"xpath","value":"//*[@id=\"__tile56\"]"}
COMMAND: POST /session/88012d21873711621afe741aa394e709/element/f.56122AFE787BE7E77FBE5FB46E7B04D6.d.E9F947147E6455379294B9A48968BB07.e.1898/click - {}
RESULT: {}
COMMAND: GET /session/88012d21873711621afe741aa394e709/screenshot - {}
RESULT: {}
COMMAND: POST /session/88012d21873711621afe741aa394e709/elements - {"using":"xpath","value":"//span[text()='Error']"}
RESULT: {"using":"xpath","value":"//span[text()='Error']"}
RESULT: undefined
COMMAND: POST /session/88012d21873711621afe741aa394e709/element - {"using":"xpath","value":"//*[@id=\"__tile56\"]"}
RESULT: {"using":"xpath","value":"//*[@id=\"__tile56\"]"}
COMMAND: POST /session/88012d21873711621afe741aa394e709/element/f.56122AFE787BE7E77FBE5FB46E7B04D6.d.E9F947147E6455379294B9A48968BB07.e.1898/click - {}
RESULT: undefined
COMMAND: POST /session/88012d21873711621afe741aa394e709/element - {"using":"xpath","value":"//*[@id=\"__tile56\"]"}
RESULT: {"using":"xpath","value":"//*[@id=\"__tile56\"]"}
COMMAND: POST /session/88012d21873711621afe741aa394e709/element/f.56122AFE787BE7E77FBE5FB46E7B04D6.d.E9F947147E6455379294B9A48968BB07.e.1898/click - {}
RESULT: undefined
COMMAND: POST /session/88012d21873711621afe741aa394e709/execute/async - {"script":"<script> [6424 bytes]","args":[{"element-6066-11e4-a52e-4f735466cecf":"f.56122AFE787BE7E77FBE5FB46E7B04D6.d.E9F947147E6455379294B9A48968BB07.e.276"},"getTitle",[]]}
COMMAND: POST /session/88012d21873711621afe741aa394e709/execute/async - {"script":"<script> [1562 bytes]","args":[{"selector":{"id":"shellAppTitle"},"wdio_ui5_key":"shellAppTitle"}]}
RESULT: {"script":"<script> [1562 bytes]","args":[{"selector":{"id":"shellAppTitle"},"wdio_ui5_key":"shellAppTitle"}]}
COMMAND: POST /session/88012d21873711621afe741aa394e709/execute/async - {"script":"<script> [6424 bytes]","args":[{"element-6066-11e4-a52e-4f735466cecf":"f.56122AFE787BE7E77FBE5FB46E7B04D6.d.E9F947147E6455379294B9A48968BB07.e.1989"},"getTitle",[]]}
RESULT: {"script":"<script> [6424 bytes]","args":[{"element-6066-11e4-a52e-4f735466cecf":"f.56122AFE787BE7E77FBE5FB46E7B04D6.d.E9F947147E6455379294B9A48968BB07.e.1989"},"getTitle",[]]}
RESULT: undefined
COMMAND: POST /session/88012d21873711621afe741aa394e709/element/f.56122AFE787BE7E77FBE5FB46E7B04D6.d.E9F947147E6455379294B9A48968BB07.e.1825/click - {}
COMMAND: POST /session/88012d21873711621afe741aa394e709/element - {"using":"xpath","value":"//*[@id=\"backBtn\"]"}
RESULT: {"using":"xpath","value":"//*[@id=\"backBtn\"]"}
COMMAND: POST /session/88012d21873711621afe741aa394e709/element/f.56122AFE787BE7E77FBE5FB46E7B04D6.d.E9F947147E6455379294B9A48968BB07.e.1825/click - {}
COMMAND: POST /session/88012d21873711621afe741aa394e709/element - {"using":"xpath","value":"//*[@id=\"backBtn\"]"}
RESULT: {"using":"xpath","value":"//*[@id=\"backBtn\"]"}
COMMAND: POST /session/88012d21873711621afe741aa394e709/element/f.56122AFE787BE7E77FBE5FB46E7B04D6.d.E9F947147E6455379294B9A48968BB07.e.1990/click - {}
RESULT: {}
COMMAND: GET /session/88012d21873711621afe741aa394e709/screenshot - {}
RESULT: {}
]]></system-out>
    </testcase>
    <testcase classname="chrome.136_0_7103_93.windows.Sanity_Tests_US104253" name="Should open Manage Billings page" time="36.306">
      <system-out><![CDATA[
COMMAND: POST /session/88012d21873711621afe741aa394e709/execute/async - {"script":"<script> [1562 bytes]","args":[{"selector":{"controlType":"sap.m.GenericTile","properties":{"header":"Manage Billings"}},"wdio_ui5_key":"sapm.GenericTile{\"header\":\"Manage Billings\"}"}]}
RESULT: {"script":"<script> [1562 bytes]","args":[{"selector":{"controlType":"sap.m.GenericTile","properties":{"header":"Manage Billings"}},"wdio_ui5_key":"sapm.GenericTile{\"header\":\"Manage Billings\"}"}]}
RESULT: undefined
COMMAND: POST /session/88012d21873711621afe741aa394e709/element - {"using":"xpath","value":"//*[@id=\"__tile51\"]"}
RESULT: {"using":"xpath","value":"//*[@id=\"__tile51\"]"}
COMMAND: POST /session/88012d21873711621afe741aa394e709/element/f.56122AFE787BE7E77FBE5FB46E7B04D6.d.E9F947147E6455379294B9A48968BB07.e.1992/click - {}
RESULT: {}
COMMAND: GET /session/88012d21873711621afe741aa394e709/screenshot - {}
RESULT: {}
COMMAND: POST /session/88012d21873711621afe741aa394e709/elements - {"using":"xpath","value":"//span[text()='Error']"}
RESULT: {"using":"xpath","value":"//span[text()='Error']"}
RESULT: undefined
COMMAND: POST /session/88012d21873711621afe741aa394e709/element - {"using":"xpath","value":"//*[@id=\"__tile51\"]"}
RESULT: {"using":"xpath","value":"//*[@id=\"__tile51\"]"}
COMMAND: POST /session/88012d21873711621afe741aa394e709/element/f.56122AFE787BE7E77FBE5FB46E7B04D6.d.E9F947147E6455379294B9A48968BB07.e.1992/click - {}
RESULT: undefined
COMMAND: POST /session/88012d21873711621afe741aa394e709/element - {"using":"xpath","value":"//*[@id=\"__tile51\"]"}
RESULT: {"using":"xpath","value":"//*[@id=\"__tile51\"]"}
COMMAND: POST /session/88012d21873711621afe741aa394e709/element/f.56122AFE787BE7E77FBE5FB46E7B04D6.d.E9F947147E6455379294B9A48968BB07.e.1992/click - {}
RESULT: undefined
COMMAND: POST /session/88012d21873711621afe741aa394e709/execute/async - {"script":"<script> [6424 bytes]","args":[{"element-6066-11e4-a52e-4f735466cecf":"f.56122AFE787BE7E77FBE5FB46E7B04D6.d.E9F947147E6455379294B9A48968BB07.e.276"},"getTitle",[]]}
COMMAND: POST /session/88012d21873711621afe741aa394e709/execute/async - {"script":"<script> [1562 bytes]","args":[{"selector":{"id":"shellAppTitle"},"wdio_ui5_key":"shellAppTitle"}]}
RESULT: {"script":"<script> [1562 bytes]","args":[{"selector":{"id":"shellAppTitle"},"wdio_ui5_key":"shellAppTitle"}]}
COMMAND: POST /session/88012d21873711621afe741aa394e709/execute/async - {"script":"<script> [6424 bytes]","args":[{"element-6066-11e4-a52e-4f735466cecf":"f.56122AFE787BE7E77FBE5FB46E7B04D6.d.E9F947147E6455379294B9A48968BB07.e.2171"},"getTitle",[]]}
RESULT: {"script":"<script> [6424 bytes]","args":[{"element-6066-11e4-a52e-4f735466cecf":"f.56122AFE787BE7E77FBE5FB46E7B04D6.d.E9F947147E6455379294B9A48968BB07.e.2171"},"getTitle",[]]}
RESULT: undefined
COMMAND: POST /session/88012d21873711621afe741aa394e709/element/f.56122AFE787BE7E77FBE5FB46E7B04D6.d.E9F947147E6455379294B9A48968BB07.e.1990/click - {}
COMMAND: POST /session/88012d21873711621afe741aa394e709/element/f.56122AFE787BE7E77FBE5FB46E7B04D6.d.E9F947147E6455379294B9A48968BB07.e.1990/click - {}
RESULT: {}
COMMAND: GET /session/88012d21873711621afe741aa394e709/screenshot - {}
COMMAND: POST /session/88012d21873711621afe741aa394e709/element - {"using":"xpath","value":"//*[@id=\"backBtn\"]"}
RESULT: {}
RESULT: {"using":"xpath","value":"//*[@id=\"backBtn\"]"}
COMMAND: POST /session/88012d21873711621afe741aa394e709/elements - {"using":"xpath","value":"//*[@id=\"backBtn\"]"}
RESULT: {"using":"xpath","value":"//*[@id=\"backBtn\"]"}
COMMAND: POST /session/88012d21873711621afe741aa394e709/elements - {"using":"xpath","value":"//*[@id=\"backBtn\"]"}
RESULT: {"using":"xpath","value":"//*[@id=\"backBtn\"]"}
COMMAND: POST /session/88012d21873711621afe741aa394e709/elements - {"using":"xpath","value":"//*[@id=\"backBtn\"]"}
RESULT: {"using":"xpath","value":"//*[@id=\"backBtn\"]"}
COMMAND: POST /session/88012d21873711621afe741aa394e709/elements - {"using":"xpath","value":"//*[@id=\"backBtn\"]"}
RESULT: {"using":"xpath","value":"//*[@id=\"backBtn\"]"}
COMMAND: POST /session/88012d21873711621afe741aa394e709/elements - {"using":"xpath","value":"//*[@id=\"backBtn\"]"}
RESULT: {"using":"xpath","value":"//*[@id=\"backBtn\"]"}
COMMAND: POST /session/88012d21873711621afe741aa394e709/elements - {"using":"xpath","value":"//*[@id=\"backBtn\"]"}
RESULT: {"using":"xpath","value":"//*[@id=\"backBtn\"]"}
COMMAND: POST /session/88012d21873711621afe741aa394e709/elements - {"using":"xpath","value":"//*[@id=\"backBtn\"]"}
RESULT: {"using":"xpath","value":"//*[@id=\"backBtn\"]"}
COMMAND: POST /session/88012d21873711621afe741aa394e709/elements - {"using":"xpath","value":"//*[@id=\"backBtn\"]"}
RESULT: {"using":"xpath","value":"//*[@id=\"backBtn\"]"}
COMMAND: POST /session/88012d21873711621afe741aa394e709/elements - {"using":"xpath","value":"//*[@id=\"backBtn\"]"}
RESULT: {"using":"xpath","value":"//*[@id=\"backBtn\"]"}
COMMAND: POST /session/88012d21873711621afe741aa394e709/elements - {"using":"xpath","value":"//*[@id=\"backBtn\"]"}
RESULT: {"using":"xpath","value":"//*[@id=\"backBtn\"]"}
COMMAND: POST /session/88012d21873711621afe741aa394e709/elements - {"using":"xpath","value":"//*[@id=\"backBtn\"]"}
RESULT: {"using":"xpath","value":"//*[@id=\"backBtn\"]"}
COMMAND: POST /session/88012d21873711621afe741aa394e709/elements - {"using":"xpath","value":"//*[@id=\"backBtn\"]"}
RESULT: {"using":"xpath","value":"//*[@id=\"backBtn\"]"}
COMMAND: POST /session/88012d21873711621afe741aa394e709/elements - {"using":"xpath","value":"//*[@id=\"backBtn\"]"}
RESULT: {"using":"xpath","value":"//*[@id=\"backBtn\"]"}
COMMAND: POST /session/88012d21873711621afe741aa394e709/elements - {"using":"xpath","value":"//*[@id=\"backBtn\"]"}
RESULT: {"using":"xpath","value":"//*[@id=\"backBtn\"]"}
COMMAND: POST /session/88012d21873711621afe741aa394e709/elements - {"using":"xpath","value":"//*[@id=\"backBtn\"]"}
RESULT: {"using":"xpath","value":"//*[@id=\"backBtn\"]"}
COMMAND: POST /session/88012d21873711621afe741aa394e709/elements - {"using":"xpath","value":"//*[@id=\"backBtn\"]"}
RESULT: {"using":"xpath","value":"//*[@id=\"backBtn\"]"}
COMMAND: POST /session/88012d21873711621afe741aa394e709/elements - {"using":"xpath","value":"//*[@id=\"backBtn\"]"}
RESULT: {"using":"xpath","value":"//*[@id=\"backBtn\"]"}
]]></system-out>
    </testcase>
    <testcase classname="chrome.136_0_7103_93.windows.Sanity_Tests_US104253" name="Should open Manage Conditions Prices page" time="42.748">
      <system-out><![CDATA[
COMMAND: POST /session/88012d21873711621afe741aa394e709/execute/async - {"script":"<script> [1562 bytes]","args":[{"selector":{"controlType":"sap.m.GenericTile","properties":{"header":"Manage Conditions & Prices"}},"wdio_ui5_key":"sapm.GenericTile{\"header\":\"Manage Conditions & Prices\"}"}]}
COMMAND: POST /session/88012d21873711621afe741aa394e709/elements - {"using":"xpath","value":"//*[@id=\"backBtn\"]"}
RESULT: {"script":"<script> [1562 bytes]","args":[{"selector":{"controlType":"sap.m.GenericTile","properties":{"header":"Manage Conditions & Prices"}},"wdio_ui5_key":"sapm.GenericTile{\"header\":\"Manage Conditions & Prices\"}"}]}
RESULT: undefined
COMMAND: POST /session/88012d21873711621afe741aa394e709/element - {"using":"xpath","value":"//*[@id=\"__tile53\"]"}
RESULT: {"using":"xpath","value":"//*[@id=\"backBtn\"]"}
RESULT: {"using":"xpath","value":"//*[@id=\"__tile53\"]"}
COMMAND: POST /session/88012d21873711621afe741aa394e709/element/f.56122AFE787BE7E77FBE5FB46E7B04D6.d.E9F947147E6455379294B9A48968BB07.e.2173/click - {}
COMMAND: POST /session/88012d21873711621afe741aa394e709/elements - {"using":"xpath","value":"//*[@id=\"backBtn\"]"}
RESULT: {}
COMMAND: GET /session/88012d21873711621afe741aa394e709/screenshot - {}
RESULT: {"using":"xpath","value":"//*[@id=\"backBtn\"]"}
RESULT: {}
COMMAND: POST /session/88012d21873711621afe741aa394e709/elements - {"using":"xpath","value":"//*[@id=\"backBtn\"]"}
RESULT: {"using":"xpath","value":"//*[@id=\"backBtn\"]"}
COMMAND: POST /session/88012d21873711621afe741aa394e709/elements - {"using":"xpath","value":"//*[@id=\"backBtn\"]"}
RESULT: {"using":"xpath","value":"//*[@id=\"backBtn\"]"}
COMMAND: POST /session/88012d21873711621afe741aa394e709/elements - {"using":"xpath","value":"//*[@id=\"backBtn\"]"}
RESULT: {"using":"xpath","value":"//*[@id=\"backBtn\"]"}
COMMAND: POST /session/88012d21873711621afe741aa394e709/element - {"using":"xpath","value":"//*[@id=\"backBtn\"]"}
RESULT: {"using":"xpath","value":"//*[@id=\"backBtn\"]"}
COMMAND: POST /session/88012d21873711621afe741aa394e709/element/f.56122AFE787BE7E77FBE5FB46E7B04D6.d.E9F947147E6455379294B9A48968BB07.e.1990/click - {}
COMMAND: POST /session/88012d21873711621afe741aa394e709/element - {"using":"xpath","value":"//*[@id=\"backBtn\"]"}
RESULT: {"using":"xpath","value":"//*[@id=\"backBtn\"]"}
COMMAND: POST /session/88012d21873711621afe741aa394e709/element/f.56122AFE787BE7E77FBE5FB46E7B04D6.d.E9F947147E6455379294B9A48968BB07.e.2204/click - {}
RESULT: {}
COMMAND: GET /session/88012d21873711621afe741aa394e709/screenshot - {}
RESULT: {}
COMMAND: POST /session/88012d21873711621afe741aa394e709/elements - {"using":"xpath","value":"//span[text()='Error']"}
RESULT: {"using":"xpath","value":"//span[text()='Error']"}
RESULT: undefined
COMMAND: POST /session/88012d21873711621afe741aa394e709/element - {"using":"xpath","value":"//*[@id=\"__tile53\"]"}
RESULT: {"using":"xpath","value":"//*[@id=\"__tile53\"]"}
COMMAND: POST /session/88012d21873711621afe741aa394e709/element/f.56122AFE787BE7E77FBE5FB46E7B04D6.d.E9F947147E6455379294B9A48968BB07.e.2173/click - {}
RESULT: {}
RESULT: undefined
COMMAND: POST /session/88012d21873711621afe741aa394e709/element - {"using":"xpath","value":"//*[@id=\"__tile53\"]"}
COMMAND: GET /session/88012d21873711621afe741aa394e709/screenshot - {}
RESULT: {"using":"xpath","value":"//*[@id=\"__tile53\"]"}
COMMAND: POST /session/88012d21873711621afe741aa394e709/element/f.56122AFE787BE7E77FBE5FB46E7B04D6.d.E9F947147E6455379294B9A48968BB07.e.2173/click - {}
RESULT: {}
RESULT: undefined
COMMAND: POST /session/88012d21873711621afe741aa394e709/execute/async - {"script":"<script> [6424 bytes]","args":[{"element-6066-11e4-a52e-4f735466cecf":"f.56122AFE787BE7E77FBE5FB46E7B04D6.d.E9F947147E6455379294B9A48968BB07.e.276"},"getTitle",[]]}
COMMAND: POST /session/88012d21873711621afe741aa394e709/execute/async - {"script":"<script> [1562 bytes]","args":[{"selector":{"id":"shellAppTitle"},"wdio_ui5_key":"shellAppTitle"}]}
RESULT: {"script":"<script> [1562 bytes]","args":[{"selector":{"id":"shellAppTitle"},"wdio_ui5_key":"shellAppTitle"}]}
COMMAND: POST /session/88012d21873711621afe741aa394e709/execute/async - {"script":"<script> [6424 bytes]","args":[{"element-6066-11e4-a52e-4f735466cecf":"f.56122AFE787BE7E77FBE5FB46E7B04D6.d.E9F947147E6455379294B9A48968BB07.e.2617"},"getTitle",[]]}
RESULT: {"script":"<script> [6424 bytes]","args":[{"element-6066-11e4-a52e-4f735466cecf":"f.56122AFE787BE7E77FBE5FB46E7B04D6.d.E9F947147E6455379294B9A48968BB07.e.2617"},"getTitle",[]]}
RESULT: undefined
COMMAND: POST /session/88012d21873711621afe741aa394e709/element/f.56122AFE787BE7E77FBE5FB46E7B04D6.d.E9F947147E6455379294B9A48968BB07.e.2204/click - {}
RESULT: {}
COMMAND: GET /session/88012d21873711621afe741aa394e709/screenshot - {}
RESULT: {}
]]></system-out>
    </testcase>
    <testcase classname="chrome.136_0_7103_93.windows.Sanity_Tests_US104253" name="Should open Billing Transfer page" time="35.831">
      <system-out><![CDATA[
COMMAND: POST /session/88012d21873711621afe741aa394e709/execute/async - {"script":"<script> [1562 bytes]","args":[{"selector":{"controlType":"sap.m.GenericTile","properties":{"header":"Billing Transfer"}},"wdio_ui5_key":"sapm.GenericTile{\"header\":\"Billing Transfer\"}"}]}
RESULT: {"script":"<script> [1562 bytes]","args":[{"selector":{"controlType":"sap.m.GenericTile","properties":{"header":"Billing Transfer"}},"wdio_ui5_key":"sapm.GenericTile{\"header\":\"Billing Transfer\"}"}]}
RESULT: undefined
COMMAND: POST /session/88012d21873711621afe741aa394e709/element - {"using":"xpath","value":"//*[@id=\"__tile50\"]"}
RESULT: {"using":"xpath","value":"//*[@id=\"__tile50\"]"}
COMMAND: POST /session/88012d21873711621afe741aa394e709/element/f.56122AFE787BE7E77FBE5FB46E7B04D6.d.E9F947147E6455379294B9A48968BB07.e.2619/click - {}
RESULT: {}
COMMAND: GET /session/88012d21873711621afe741aa394e709/screenshot - {}
RESULT: {}
COMMAND: POST /session/88012d21873711621afe741aa394e709/elements - {"using":"xpath","value":"//span[text()='Error']"}
RESULT: {"using":"xpath","value":"//span[text()='Error']"}
RESULT: undefined
COMMAND: POST /session/88012d21873711621afe741aa394e709/element - {"using":"xpath","value":"//*[@id=\"__tile50\"]"}
RESULT: {"using":"xpath","value":"//*[@id=\"__tile50\"]"}
COMMAND: POST /session/88012d21873711621afe741aa394e709/element/f.56122AFE787BE7E77FBE5FB46E7B04D6.d.E9F947147E6455379294B9A48968BB07.e.2619/click - {}
RESULT: undefined
COMMAND: POST /session/88012d21873711621afe741aa394e709/element - {"using":"xpath","value":"//*[@id=\"__tile50\"]"}
RESULT: {"using":"xpath","value":"//*[@id=\"__tile50\"]"}
COMMAND: POST /session/88012d21873711621afe741aa394e709/element/f.56122AFE787BE7E77FBE5FB46E7B04D6.d.E9F947147E6455379294B9A48968BB07.e.2619/click - {}
RESULT: undefined
COMMAND: POST /session/88012d21873711621afe741aa394e709/execute/async - {"script":"<script> [6424 bytes]","args":[{"element-6066-11e4-a52e-4f735466cecf":"f.56122AFE787BE7E77FBE5FB46E7B04D6.d.E9F947147E6455379294B9A48968BB07.e.276"},"getTitle",[]]}
COMMAND: POST /session/88012d21873711621afe741aa394e709/execute/async - {"script":"<script> [1562 bytes]","args":[{"selector":{"id":"shellAppTitle"},"wdio_ui5_key":"shellAppTitle"}]}
RESULT: {"script":"<script> [1562 bytes]","args":[{"selector":{"id":"shellAppTitle"},"wdio_ui5_key":"shellAppTitle"}]}
COMMAND: POST /session/88012d21873711621afe741aa394e709/execute/async - {"script":"<script> [6424 bytes]","args":[{"element-6066-11e4-a52e-4f735466cecf":"f.56122AFE787BE7E77FBE5FB46E7B04D6.d.E9F947147E6455379294B9A48968BB07.e.2706"},"getTitle",[]]}
RESULT: {"script":"<script> [6424 bytes]","args":[{"element-6066-11e4-a52e-4f735466cecf":"f.56122AFE787BE7E77FBE5FB46E7B04D6.d.E9F947147E6455379294B9A48968BB07.e.2706"},"getTitle",[]]}
RESULT: undefined
COMMAND: POST /session/88012d21873711621afe741aa394e709/element/f.56122AFE787BE7E77FBE5FB46E7B04D6.d.E9F947147E6455379294B9A48968BB07.e.2204/click - {}
COMMAND: POST /session/88012d21873711621afe741aa394e709/element - {"using":"xpath","value":"//*[@id=\"backBtn\"]"}
RESULT: {"using":"xpath","value":"//*[@id=\"backBtn\"]"}
COMMAND: POST /session/88012d21873711621afe741aa394e709/element/f.56122AFE787BE7E77FBE5FB46E7B04D6.d.E9F947147E6455379294B9A48968BB07.e.2204/click - {}
COMMAND: POST /session/88012d21873711621afe741aa394e709/element - {"using":"xpath","value":"//*[@id=\"backBtn\"]"}
RESULT: {"using":"xpath","value":"//*[@id=\"backBtn\"]"}
COMMAND: POST /session/88012d21873711621afe741aa394e709/element/f.56122AFE787BE7E77FBE5FB46E7B04D6.d.E9F947147E6455379294B9A48968BB07.e.2707/click - {}
RESULT: {}
COMMAND: GET /session/88012d21873711621afe741aa394e709/screenshot - {}
RESULT: {}
]]></system-out>
    </testcase>
    <testcase classname="chrome.136_0_7103_93.windows.Sanity_Tests_US104253" name="Should open Manage Pricing Rules page" time="35.831">
      <system-out><![CDATA[
COMMAND: POST /session/88012d21873711621afe741aa394e709/execute/async - {"script":"<script> [1562 bytes]","args":[{"selector":{"controlType":"sap.m.GenericTile","properties":{"header":"Manage Pricing Rules"}},"wdio_ui5_key":"sapm.GenericTile{\"header\":\"Manage Pricing Rules\"}"}]}
RESULT: {"script":"<script> [1562 bytes]","args":[{"selector":{"controlType":"sap.m.GenericTile","properties":{"header":"Manage Pricing Rules"}},"wdio_ui5_key":"sapm.GenericTile{\"header\":\"Manage Pricing Rules\"}"}]}
RESULT: undefined
COMMAND: POST /session/88012d21873711621afe741aa394e709/element - {"using":"xpath","value":"//*[@id=\"__tile55\"]"}
RESULT: {"using":"xpath","value":"//*[@id=\"__tile55\"]"}
COMMAND: POST /session/88012d21873711621afe741aa394e709/element/f.56122AFE787BE7E77FBE5FB46E7B04D6.d.E9F947147E6455379294B9A48968BB07.e.2709/click - {}
RESULT: {}
COMMAND: GET /session/88012d21873711621afe741aa394e709/screenshot - {}
RESULT: {}
COMMAND: POST /session/88012d21873711621afe741aa394e709/elements - {"using":"xpath","value":"//span[text()='Error']"}
RESULT: {"using":"xpath","value":"//span[text()='Error']"}
RESULT: undefined
COMMAND: POST /session/88012d21873711621afe741aa394e709/element - {"using":"xpath","value":"//*[@id=\"__tile55\"]"}
RESULT: {"using":"xpath","value":"//*[@id=\"__tile55\"]"}
COMMAND: POST /session/88012d21873711621afe741aa394e709/element/f.56122AFE787BE7E77FBE5FB46E7B04D6.d.E9F947147E6455379294B9A48968BB07.e.2709/click - {}
RESULT: undefined
COMMAND: POST /session/88012d21873711621afe741aa394e709/element - {"using":"xpath","value":"//*[@id=\"__tile55\"]"}
RESULT: {"using":"xpath","value":"//*[@id=\"__tile55\"]"}
COMMAND: POST /session/88012d21873711621afe741aa394e709/element/f.56122AFE787BE7E77FBE5FB46E7B04D6.d.E9F947147E6455379294B9A48968BB07.e.2709/click - {}
RESULT: undefined
COMMAND: POST /session/88012d21873711621afe741aa394e709/execute/async - {"script":"<script> [6424 bytes]","args":[{"element-6066-11e4-a52e-4f735466cecf":"f.56122AFE787BE7E77FBE5FB46E7B04D6.d.E9F947147E6455379294B9A48968BB07.e.276"},"getTitle",[]]}
COMMAND: POST /session/88012d21873711621afe741aa394e709/execute/async - {"script":"<script> [1562 bytes]","args":[{"selector":{"id":"shellAppTitle"},"wdio_ui5_key":"shellAppTitle"}]}
RESULT: {"script":"<script> [1562 bytes]","args":[{"selector":{"id":"shellAppTitle"},"wdio_ui5_key":"shellAppTitle"}]}
COMMAND: POST /session/88012d21873711621afe741aa394e709/execute/async - {"script":"<script> [6424 bytes]","args":[{"element-6066-11e4-a52e-4f735466cecf":"f.56122AFE787BE7E77FBE5FB46E7B04D6.d.E9F947147E6455379294B9A48968BB07.e.2757"},"getTitle",[]]}
RESULT: {"script":"<script> [6424 bytes]","args":[{"element-6066-11e4-a52e-4f735466cecf":"f.56122AFE787BE7E77FBE5FB46E7B04D6.d.E9F947147E6455379294B9A48968BB07.e.2757"},"getTitle",[]]}
RESULT: undefined
COMMAND: POST /session/88012d21873711621afe741aa394e709/element/f.56122AFE787BE7E77FBE5FB46E7B04D6.d.E9F947147E6455379294B9A48968BB07.e.2707/click - {}
RESULT: {}
COMMAND: GET /session/88012d21873711621afe741aa394e709/screenshot - {}
RESULT: {}
]]></system-out>
    </testcase>
    <testcase classname="chrome.136_0_7103_93.windows.Sanity_Tests_US104253" name="Should open Manage Price Determination Matrices page" time="35.963">
      <system-out><![CDATA[
COMMAND: POST /session/88012d21873711621afe741aa394e709/execute/async - {"script":"<script> [1562 bytes]","args":[{"selector":{"controlType":"sap.m.GenericTile","properties":{"header":"Manage Price Determination Matrices"}},"wdio_ui5_key":"sapm.GenericTile{\"header\":\"Manage Price Determination Matrices\"}"}]}
RESULT: {"script":"<script> [1562 bytes]","args":[{"selector":{"controlType":"sap.m.GenericTile","properties":{"header":"Manage Price Determination Matrices"}},"wdio_ui5_key":"sapm.GenericTile{\"header\":\"Manage Price Determination Matrices\"}"}]}
RESULT: undefined
COMMAND: POST /session/88012d21873711621afe741aa394e709/element - {"using":"xpath","value":"//*[@id=\"__tile54\"]"}
RESULT: {"using":"xpath","value":"//*[@id=\"__tile54\"]"}
COMMAND: POST /session/88012d21873711621afe741aa394e709/element/f.56122AFE787BE7E77FBE5FB46E7B04D6.d.E9F947147E6455379294B9A48968BB07.e.2759/click - {}
RESULT: {}
COMMAND: GET /session/88012d21873711621afe741aa394e709/screenshot - {}
RESULT: {}
COMMAND: POST /session/88012d21873711621afe741aa394e709/elements - {"using":"xpath","value":"//span[text()='Error']"}
RESULT: {"using":"xpath","value":"//span[text()='Error']"}
RESULT: undefined
COMMAND: POST /session/88012d21873711621afe741aa394e709/element - {"using":"xpath","value":"//*[@id=\"__tile54\"]"}
RESULT: {"using":"xpath","value":"//*[@id=\"__tile54\"]"}
COMMAND: POST /session/88012d21873711621afe741aa394e709/element/f.56122AFE787BE7E77FBE5FB46E7B04D6.d.E9F947147E6455379294B9A48968BB07.e.2759/click - {}
RESULT: undefined
COMMAND: POST /session/88012d21873711621afe741aa394e709/element - {"using":"xpath","value":"//*[@id=\"__tile54\"]"}
RESULT: {"using":"xpath","value":"//*[@id=\"__tile54\"]"}
COMMAND: POST /session/88012d21873711621afe741aa394e709/element/f.56122AFE787BE7E77FBE5FB46E7B04D6.d.E9F947147E6455379294B9A48968BB07.e.2759/click - {}
RESULT: undefined
COMMAND: POST /session/88012d21873711621afe741aa394e709/execute/async - {"script":"<script> [6424 bytes]","args":[{"element-6066-11e4-a52e-4f735466cecf":"f.56122AFE787BE7E77FBE5FB46E7B04D6.d.E9F947147E6455379294B9A48968BB07.e.276"},"getTitle",[]]}
COMMAND: POST /session/88012d21873711621afe741aa394e709/execute/async - {"script":"<script> [1562 bytes]","args":[{"selector":{"id":"shellAppTitle"},"wdio_ui5_key":"shellAppTitle"}]}
RESULT: {"script":"<script> [1562 bytes]","args":[{"selector":{"id":"shellAppTitle"},"wdio_ui5_key":"shellAppTitle"}]}
COMMAND: POST /session/88012d21873711621afe741aa394e709/execute/async - {"script":"<script> [6424 bytes]","args":[{"element-6066-11e4-a52e-4f735466cecf":"f.56122AFE787BE7E77FBE5FB46E7B04D6.d.E9F947147E6455379294B9A48968BB07.e.2861"},"getTitle",[]]}
RESULT: {"script":"<script> [6424 bytes]","args":[{"element-6066-11e4-a52e-4f735466cecf":"f.56122AFE787BE7E77FBE5FB46E7B04D6.d.E9F947147E6455379294B9A48968BB07.e.2861"},"getTitle",[]]}
RESULT: undefined
COMMAND: POST /session/88012d21873711621afe741aa394e709/element/f.56122AFE787BE7E77FBE5FB46E7B04D6.d.E9F947147E6455379294B9A48968BB07.e.2707/click - {}
COMMAND: POST /session/88012d21873711621afe741aa394e709/element - {"using":"xpath","value":"//*[@id=\"backBtn\"]"}
RESULT: {"using":"xpath","value":"//*[@id=\"backBtn\"]"}
COMMAND: POST /session/88012d21873711621afe741aa394e709/element/f.56122AFE787BE7E77FBE5FB46E7B04D6.d.E9F947147E6455379294B9A48968BB07.e.2707/click - {}
COMMAND: POST /session/88012d21873711621afe741aa394e709/element - {"using":"xpath","value":"//*[@id=\"backBtn\"]"}
RESULT: {"using":"xpath","value":"//*[@id=\"backBtn\"]"}
COMMAND: POST /session/88012d21873711621afe741aa394e709/element/f.56122AFE787BE7E77FBE5FB46E7B04D6.d.E9F947147E6455379294B9A48968BB07.e.2862/click - {}
RESULT: {}
COMMAND: GET /session/88012d21873711621afe741aa394e709/screenshot - {}
RESULT: {}
]]></system-out>
    </testcase>
    <testcase classname="chrome.136_0_7103_93.windows.Sanity_Tests_US104253" name="Should open Yard Overview page" time="36.755">
      <system-out><![CDATA[
COMMAND: POST /session/88012d21873711621afe741aa394e709/execute/async - {"script":"<script> [1562 bytes]","args":[{"selector":{"controlType":"sap.m.GenericTile","properties":{"header":"Yard Overview"}},"wdio_ui5_key":"sapm.GenericTile{\"header\":\"Yard Overview\"}"}]}
RESULT: {"script":"<script> [1562 bytes]","args":[{"selector":{"controlType":"sap.m.GenericTile","properties":{"header":"Yard Overview"}},"wdio_ui5_key":"sapm.GenericTile{\"header\":\"Yard Overview\"}"}]}
RESULT: undefined
COMMAND: POST /session/88012d21873711621afe741aa394e709/element - {"using":"xpath","value":"//*[@id=\"__tile102\"]"}
RESULT: {"using":"xpath","value":"//*[@id=\"__tile102\"]"}
COMMAND: POST /session/88012d21873711621afe741aa394e709/element/f.56122AFE787BE7E77FBE5FB46E7B04D6.d.E9F947147E6455379294B9A48968BB07.e.2864/click - {}
RESULT: {}
COMMAND: GET /session/88012d21873711621afe741aa394e709/screenshot - {}
RESULT: {}
COMMAND: POST /session/88012d21873711621afe741aa394e709/elements - {"using":"xpath","value":"//span[text()='Error']"}
RESULT: {"using":"xpath","value":"//span[text()='Error']"}
RESULT: undefined
COMMAND: POST /session/88012d21873711621afe741aa394e709/element - {"using":"xpath","value":"//*[@id=\"__tile102\"]"}
RESULT: {"using":"xpath","value":"//*[@id=\"__tile102\"]"}
COMMAND: POST /session/88012d21873711621afe741aa394e709/element/f.56122AFE787BE7E77FBE5FB46E7B04D6.d.E9F947147E6455379294B9A48968BB07.e.2864/click - {}
RESULT: undefined
COMMAND: POST /session/88012d21873711621afe741aa394e709/element - {"using":"xpath","value":"//*[@id=\"__tile102\"]"}
RESULT: {"using":"xpath","value":"//*[@id=\"__tile102\"]"}
COMMAND: POST /session/88012d21873711621afe741aa394e709/element/f.56122AFE787BE7E77FBE5FB46E7B04D6.d.E9F947147E6455379294B9A48968BB07.e.2864/click - {}
RESULT: undefined
COMMAND: POST /session/88012d21873711621afe741aa394e709/execute/async - {"script":"<script> [6424 bytes]","args":[{"element-6066-11e4-a52e-4f735466cecf":"f.56122AFE787BE7E77FBE5FB46E7B04D6.d.E9F947147E6455379294B9A48968BB07.e.276"},"getTitle",[]]}
COMMAND: POST /session/88012d21873711621afe741aa394e709/execute/async - {"script":"<script> [1562 bytes]","args":[{"selector":{"id":"shellAppTitle"},"wdio_ui5_key":"shellAppTitle"}]}
RESULT: {"script":"<script> [1562 bytes]","args":[{"selector":{"id":"shellAppTitle"},"wdio_ui5_key":"shellAppTitle"}]}
COMMAND: POST /session/88012d21873711621afe741aa394e709/execute/async - {"script":"<script> [6424 bytes]","args":[{"element-6066-11e4-a52e-4f735466cecf":"f.56122AFE787BE7E77FBE5FB46E7B04D6.d.E9F947147E6455379294B9A48968BB07.e.2923"},"getTitle",[]]}
RESULT: {"script":"<script> [6424 bytes]","args":[{"element-6066-11e4-a52e-4f735466cecf":"f.56122AFE787BE7E77FBE5FB46E7B04D6.d.E9F947147E6455379294B9A48968BB07.e.2923"},"getTitle",[]]}
RESULT: undefined
COMMAND: POST /session/88012d21873711621afe741aa394e709/element/f.56122AFE787BE7E77FBE5FB46E7B04D6.d.E9F947147E6455379294B9A48968BB07.e.2862/click - {}
RESULT: {}
COMMAND: GET /session/88012d21873711621afe741aa394e709/screenshot - {}
RESULT: {}
]]></system-out>
    </testcase>
    <testcase classname="chrome.136_0_7103_93.windows.Sanity_Tests_US104253" name="Should open Site Overview page" time="36.912">
      <system-out><![CDATA[
COMMAND: POST /session/88012d21873711621afe741aa394e709/execute/async - {"script":"<script> [1562 bytes]","args":[{"selector":{"controlType":"sap.m.GenericTile","properties":{"header":"Site Overview"}},"wdio_ui5_key":"sapm.GenericTile{\"header\":\"Site Overview\"}"}]}
RESULT: {"script":"<script> [1562 bytes]","args":[{"selector":{"controlType":"sap.m.GenericTile","properties":{"header":"Site Overview"}},"wdio_ui5_key":"sapm.GenericTile{\"header\":\"Site Overview\"}"}]}
RESULT: undefined
COMMAND: POST /session/88012d21873711621afe741aa394e709/element - {"using":"xpath","value":"//*[@id=\"__tile100\"]"}
RESULT: {"using":"xpath","value":"//*[@id=\"__tile100\"]"}
COMMAND: POST /session/88012d21873711621afe741aa394e709/element/f.56122AFE787BE7E77FBE5FB46E7B04D6.d.E9F947147E6455379294B9A48968BB07.e.2926/click - {}
RESULT: {}
COMMAND: GET /session/88012d21873711621afe741aa394e709/screenshot - {}
RESULT: {}
COMMAND: POST /session/88012d21873711621afe741aa394e709/elements - {"using":"xpath","value":"//span[text()='Error']"}
RESULT: {"using":"xpath","value":"//span[text()='Error']"}
RESULT: undefined
COMMAND: POST /session/88012d21873711621afe741aa394e709/element - {"using":"xpath","value":"//*[@id=\"__tile100\"]"}
RESULT: {"using":"xpath","value":"//*[@id=\"__tile100\"]"}
COMMAND: POST /session/88012d21873711621afe741aa394e709/element/f.56122AFE787BE7E77FBE5FB46E7B04D6.d.E9F947147E6455379294B9A48968BB07.e.2926/click - {}
RESULT: undefined
COMMAND: POST /session/88012d21873711621afe741aa394e709/element - {"using":"xpath","value":"//*[@id=\"__tile100\"]"}
RESULT: {"using":"xpath","value":"//*[@id=\"__tile100\"]"}
COMMAND: POST /session/88012d21873711621afe741aa394e709/element/f.56122AFE787BE7E77FBE5FB46E7B04D6.d.E9F947147E6455379294B9A48968BB07.e.2926/click - {}
RESULT: undefined
COMMAND: POST /session/88012d21873711621afe741aa394e709/execute/async - {"script":"<script> [6424 bytes]","args":[{"element-6066-11e4-a52e-4f735466cecf":"f.56122AFE787BE7E77FBE5FB46E7B04D6.d.E9F947147E6455379294B9A48968BB07.e.276"},"getTitle",[]]}
COMMAND: POST /session/88012d21873711621afe741aa394e709/execute/async - {"script":"<script> [1562 bytes]","args":[{"selector":{"id":"shellAppTitle"},"wdio_ui5_key":"shellAppTitle"}]}
RESULT: {"script":"<script> [1562 bytes]","args":[{"selector":{"id":"shellAppTitle"},"wdio_ui5_key":"shellAppTitle"}]}
COMMAND: POST /session/88012d21873711621afe741aa394e709/execute/async - {"script":"<script> [6424 bytes]","args":[{"element-6066-11e4-a52e-4f735466cecf":"f.56122AFE787BE7E77FBE5FB46E7B04D6.d.E9F947147E6455379294B9A48968BB07.e.3051"},"getTitle",[]]}
RESULT: {"script":"<script> [6424 bytes]","args":[{"element-6066-11e4-a52e-4f735466cecf":"f.56122AFE787BE7E77FBE5FB46E7B04D6.d.E9F947147E6455379294B9A48968BB07.e.3051"},"getTitle",[]]}
RESULT: undefined
COMMAND: POST /session/88012d21873711621afe741aa394e709/element/f.56122AFE787BE7E77FBE5FB46E7B04D6.d.E9F947147E6455379294B9A48968BB07.e.2862/click - {}
COMMAND: POST /session/88012d21873711621afe741aa394e709/element - {"using":"xpath","value":"//*[@id=\"backBtn\"]"}
RESULT: {"using":"xpath","value":"//*[@id=\"backBtn\"]"}
COMMAND: POST /session/88012d21873711621afe741aa394e709/element/f.56122AFE787BE7E77FBE5FB46E7B04D6.d.E9F947147E6455379294B9A48968BB07.e.2862/click - {}
COMMAND: POST /session/88012d21873711621afe741aa394e709/element - {"using":"xpath","value":"//*[@id=\"backBtn\"]"}
RESULT: {"using":"xpath","value":"//*[@id=\"backBtn\"]"}
COMMAND: POST /session/88012d21873711621afe741aa394e709/element/f.56122AFE787BE7E77FBE5FB46E7B04D6.d.E9F947147E6455379294B9A48968BB07.e.3052/click - {}
RESULT: {}
COMMAND: GET /session/88012d21873711621afe741aa394e709/screenshot - {}
RESULT: {}
]]></system-out>
    </testcase>
    <testcase classname="chrome.136_0_7103_93.windows.Sanity_Tests_US104253" name="Should open Trace Track Resources page" time="44.077">
      <system-out><![CDATA[
COMMAND: POST /session/88012d21873711621afe741aa394e709/execute/async - {"script":"<script> [1562 bytes]","args":[{"selector":{"controlType":"sap.m.GenericTile","properties":{"header":"Trace & Track Resources"}},"wdio_ui5_key":"sapm.GenericTile{\"header\":\"Trace & Track Resources\"}"}]}
RESULT: {"script":"<script> [1562 bytes]","args":[{"selector":{"controlType":"sap.m.GenericTile","properties":{"header":"Trace & Track Resources"}},"wdio_ui5_key":"sapm.GenericTile{\"header\":\"Trace & Track Resources\"}"}]}
RESULT: undefined
COMMAND: POST /session/88012d21873711621afe741aa394e709/element - {"using":"xpath","value":"//*[@id=\"__tile101\"]"}
RESULT: {"using":"xpath","value":"//*[@id=\"__tile101\"]"}
COMMAND: POST /session/88012d21873711621afe741aa394e709/element/f.56122AFE787BE7E77FBE5FB46E7B04D6.d.E9F947147E6455379294B9A48968BB07.e.3054/click - {}
RESULT: {}
COMMAND: GET /session/88012d21873711621afe741aa394e709/screenshot - {}
RESULT: {}
COMMAND: POST /session/88012d21873711621afe741aa394e709/elements - {"using":"xpath","value":"//span[text()='Error']"}
RESULT: {"using":"xpath","value":"//span[text()='Error']"}
RESULT: undefined
COMMAND: POST /session/88012d21873711621afe741aa394e709/element - {"using":"xpath","value":"//*[@id=\"__tile101\"]"}
RESULT: {"using":"xpath","value":"//*[@id=\"__tile101\"]"}
COMMAND: POST /session/88012d21873711621afe741aa394e709/element/f.56122AFE787BE7E77FBE5FB46E7B04D6.d.E9F947147E6455379294B9A48968BB07.e.3054/click - {}
RESULT: undefined
COMMAND: POST /session/88012d21873711621afe741aa394e709/element - {"using":"xpath","value":"//*[@id=\"__tile101\"]"}
RESULT: {"using":"xpath","value":"//*[@id=\"__tile101\"]"}
COMMAND: POST /session/88012d21873711621afe741aa394e709/element/f.56122AFE787BE7E77FBE5FB46E7B04D6.d.E9F947147E6455379294B9A48968BB07.e.3054/click - {}
RESULT: undefined
COMMAND: POST /session/88012d21873711621afe741aa394e709/execute/async - {"script":"<script> [6424 bytes]","args":[{"element-6066-11e4-a52e-4f735466cecf":"f.56122AFE787BE7E77FBE5FB46E7B04D6.d.E9F947147E6455379294B9A48968BB07.e.276"},"getTitle",[]]}
COMMAND: POST /session/88012d21873711621afe741aa394e709/execute/async - {"script":"<script> [1562 bytes]","args":[{"selector":{"id":"shellAppTitle"},"wdio_ui5_key":"shellAppTitle"}]}
RESULT: {"script":"<script> [1562 bytes]","args":[{"selector":{"id":"shellAppTitle"},"wdio_ui5_key":"shellAppTitle"}]}
COMMAND: POST /session/88012d21873711621afe741aa394e709/execute/async - {"script":"<script> [6424 bytes]","args":[{"element-6066-11e4-a52e-4f735466cecf":"f.56122AFE787BE7E77FBE5FB46E7B04D6.d.E9F947147E6455379294B9A48968BB07.e.3089"},"getTitle",[]]}
RESULT: {"script":"<script> [6424 bytes]","args":[{"element-6066-11e4-a52e-4f735466cecf":"f.56122AFE787BE7E77FBE5FB46E7B04D6.d.E9F947147E6455379294B9A48968BB07.e.3089"},"getTitle",[]]}
RESULT: undefined
COMMAND: POST /session/88012d21873711621afe741aa394e709/element/f.56122AFE787BE7E77FBE5FB46E7B04D6.d.E9F947147E6455379294B9A48968BB07.e.3052/click - {}
RESULT: {}
COMMAND: GET /session/88012d21873711621afe741aa394e709/screenshot - {}
RESULT: {}
]]></system-out>
    </testcase>
    <testcase classname="chrome.136_0_7103_93.windows.Sanity_Tests_US104253" name="Should open RU Inventory List page" time="36.563">
      <system-out><![CDATA[
COMMAND: POST /session/88012d21873711621afe741aa394e709/execute/async - {"script":"<script> [1562 bytes]","args":[{"selector":{"controlType":"sap.m.GenericTile","properties":{"header":"RU Inventory List"}},"wdio_ui5_key":"sapm.GenericTile{\"header\":\"RU Inventory List\"}"}]}
RESULT: {"script":"<script> [1562 bytes]","args":[{"selector":{"controlType":"sap.m.GenericTile","properties":{"header":"RU Inventory List"}},"wdio_ui5_key":"sapm.GenericTile{\"header\":\"RU Inventory List\"}"}]}
RESULT: undefined
COMMAND: POST /session/88012d21873711621afe741aa394e709/element - {"using":"xpath","value":"//*[@id=\"__tile99\"]"}
RESULT: {"using":"xpath","value":"//*[@id=\"__tile99\"]"}
COMMAND: POST /session/88012d21873711621afe741aa394e709/element/f.56122AFE787BE7E77FBE5FB46E7B04D6.d.E9F947147E6455379294B9A48968BB07.e.3091/click - {}
RESULT: {}
COMMAND: GET /session/88012d21873711621afe741aa394e709/screenshot - {}
RESULT: {}
COMMAND: POST /session/88012d21873711621afe741aa394e709/elements - {"using":"xpath","value":"//span[text()='Error']"}
RESULT: {"using":"xpath","value":"//span[text()='Error']"}
RESULT: undefined
COMMAND: POST /session/88012d21873711621afe741aa394e709/element - {"using":"xpath","value":"//*[@id=\"__tile99\"]"}
RESULT: {"using":"xpath","value":"//*[@id=\"__tile99\"]"}
COMMAND: POST /session/88012d21873711621afe741aa394e709/element/f.56122AFE787BE7E77FBE5FB46E7B04D6.d.E9F947147E6455379294B9A48968BB07.e.3091/click - {}
RESULT: undefined
COMMAND: POST /session/88012d21873711621afe741aa394e709/element - {"using":"xpath","value":"//*[@id=\"__tile99\"]"}
RESULT: {"using":"xpath","value":"//*[@id=\"__tile99\"]"}
COMMAND: POST /session/88012d21873711621afe741aa394e709/element/f.56122AFE787BE7E77FBE5FB46E7B04D6.d.E9F947147E6455379294B9A48968BB07.e.3091/click - {}
RESULT: undefined
COMMAND: POST /session/88012d21873711621afe741aa394e709/execute/async - {"script":"<script> [6424 bytes]","args":[{"element-6066-11e4-a52e-4f735466cecf":"f.56122AFE787BE7E77FBE5FB46E7B04D6.d.E9F947147E6455379294B9A48968BB07.e.276"},"getTitle",[]]}
COMMAND: POST /session/88012d21873711621afe741aa394e709/execute/async - {"script":"<script> [1562 bytes]","args":[{"selector":{"id":"shellAppTitle"},"wdio_ui5_key":"shellAppTitle"}]}
RESULT: {"script":"<script> [1562 bytes]","args":[{"selector":{"id":"shellAppTitle"},"wdio_ui5_key":"shellAppTitle"}]}
COMMAND: POST /session/88012d21873711621afe741aa394e709/execute/async - {"script":"<script> [6424 bytes]","args":[{"element-6066-11e4-a52e-4f735466cecf":"f.56122AFE787BE7E77FBE5FB46E7B04D6.d.E9F947147E6455379294B9A48968BB07.e.3285"},"getTitle",[]]}
RESULT: {"script":"<script> [6424 bytes]","args":[{"element-6066-11e4-a52e-4f735466cecf":"f.56122AFE787BE7E77FBE5FB46E7B04D6.d.E9F947147E6455379294B9A48968BB07.e.3285"},"getTitle",[]]}
RESULT: undefined
COMMAND: POST /session/88012d21873711621afe741aa394e709/element/f.56122AFE787BE7E77FBE5FB46E7B04D6.d.E9F947147E6455379294B9A48968BB07.e.3052/click - {}
COMMAND: POST /session/88012d21873711621afe741aa394e709/element - {"using":"xpath","value":"//*[@id=\"backBtn\"]"}
RESULT: {"using":"xpath","value":"//*[@id=\"backBtn\"]"}
COMMAND: POST /session/88012d21873711621afe741aa394e709/element/f.56122AFE787BE7E77FBE5FB46E7B04D6.d.E9F947147E6455379294B9A48968BB07.e.3052/click - {}
COMMAND: POST /session/88012d21873711621afe741aa394e709/element - {"using":"xpath","value":"//*[@id=\"backBtn\"]"}
RESULT: {"using":"xpath","value":"//*[@id=\"backBtn\"]"}
COMMAND: POST /session/88012d21873711621afe741aa394e709/element/f.56122AFE787BE7E77FBE5FB46E7B04D6.d.E9F947147E6455379294B9A48968BB07.e.3286/click - {}
RESULT: {}
COMMAND: GET /session/88012d21873711621afe741aa394e709/screenshot - {}
RESULT: {}
]]></system-out>
    </testcase>
    <testcase classname="chrome.136_0_7103_93.windows.Sanity_Tests_US104253" name="Should open Contracts Dashboard page" time="38.77">
      <system-out><![CDATA[
COMMAND: POST /session/88012d21873711621afe741aa394e709/execute/async - {"script":"<script> [1562 bytes]","args":[{"selector":{"controlType":"sap.m.GenericTile","properties":{"header":"Contracts Dashboard"}},"wdio_ui5_key":"sapm.GenericTile{\"header\":\"Contracts Dashboard\"}"}]}
RESULT: {"script":"<script> [1562 bytes]","args":[{"selector":{"controlType":"sap.m.GenericTile","properties":{"header":"Contracts Dashboard"}},"wdio_ui5_key":"sapm.GenericTile{\"header\":\"Contracts Dashboard\"}"}]}
RESULT: undefined
COMMAND: POST /session/88012d21873711621afe741aa394e709/element - {"using":"xpath","value":"//*[@id=\"__tile97\"]"}
RESULT: {"using":"xpath","value":"//*[@id=\"__tile97\"]"}
COMMAND: POST /session/88012d21873711621afe741aa394e709/element/f.56122AFE787BE7E77FBE5FB46E7B04D6.d.E9F947147E6455379294B9A48968BB07.e.3288/click - {}
RESULT: {}
COMMAND: GET /session/88012d21873711621afe741aa394e709/screenshot - {}
RESULT: {}
COMMAND: POST /session/88012d21873711621afe741aa394e709/elements - {"using":"xpath","value":"//span[text()='Error']"}
RESULT: {"using":"xpath","value":"//span[text()='Error']"}
RESULT: undefined
COMMAND: POST /session/88012d21873711621afe741aa394e709/element - {"using":"xpath","value":"//*[@id=\"__tile97\"]"}
RESULT: {"using":"xpath","value":"//*[@id=\"__tile97\"]"}
COMMAND: POST /session/88012d21873711621afe741aa394e709/element/f.56122AFE787BE7E77FBE5FB46E7B04D6.d.E9F947147E6455379294B9A48968BB07.e.3288/click - {}
RESULT: undefined
COMMAND: POST /session/88012d21873711621afe741aa394e709/element - {"using":"xpath","value":"//*[@id=\"__tile97\"]"}
RESULT: {"using":"xpath","value":"//*[@id=\"__tile97\"]"}
COMMAND: POST /session/88012d21873711621afe741aa394e709/element/f.56122AFE787BE7E77FBE5FB46E7B04D6.d.E9F947147E6455379294B9A48968BB07.e.3288/click - {}
RESULT: undefined
COMMAND: POST /session/88012d21873711621afe741aa394e709/execute/async - {"script":"<script> [6424 bytes]","args":[{"element-6066-11e4-a52e-4f735466cecf":"f.56122AFE787BE7E77FBE5FB46E7B04D6.d.E9F947147E6455379294B9A48968BB07.e.276"},"getTitle",[]]}
COMMAND: POST /session/88012d21873711621afe741aa394e709/execute/async - {"script":"<script> [1562 bytes]","args":[{"selector":{"id":"shellAppTitle"},"wdio_ui5_key":"shellAppTitle"}]}
RESULT: {"script":"<script> [1562 bytes]","args":[{"selector":{"id":"shellAppTitle"},"wdio_ui5_key":"shellAppTitle"}]}
COMMAND: POST /session/88012d21873711621afe741aa394e709/execute/async - {"script":"<script> [6424 bytes]","args":[{"element-6066-11e4-a52e-4f735466cecf":"f.56122AFE787BE7E77FBE5FB46E7B04D6.d.E9F947147E6455379294B9A48968BB07.e.3308"},"getTitle",[]]}
RESULT: {"script":"<script> [6424 bytes]","args":[{"element-6066-11e4-a52e-4f735466cecf":"f.56122AFE787BE7E77FBE5FB46E7B04D6.d.E9F947147E6455379294B9A48968BB07.e.3308"},"getTitle",[]]}
RESULT: undefined
COMMAND: POST /session/88012d21873711621afe741aa394e709/element/f.56122AFE787BE7E77FBE5FB46E7B04D6.d.E9F947147E6455379294B9A48968BB07.e.3286/click - {}
RESULT: {}
COMMAND: GET /session/88012d21873711621afe741aa394e709/screenshot - {}
RESULT: {}
]]></system-out>
    </testcase>
    <testcase classname="chrome.136_0_7103_93.windows.Sanity_Tests_US104253" name="Should open Bin Status Report page" time="37.246">
      <system-out><![CDATA[
COMMAND: POST /session/88012d21873711621afe741aa394e709/execute/async - {"script":"<script> [1562 bytes]","args":[{"selector":{"controlType":"sap.m.GenericTile","properties":{"header":"Bin Status Report"}},"wdio_ui5_key":"sapm.GenericTile{\"header\":\"Bin Status Report\"}"}]}
RESULT: {"script":"<script> [1562 bytes]","args":[{"selector":{"controlType":"sap.m.GenericTile","properties":{"header":"Bin Status Report"}},"wdio_ui5_key":"sapm.GenericTile{\"header\":\"Bin Status Report\"}"}]}
RESULT: undefined
COMMAND: POST /session/88012d21873711621afe741aa394e709/element - {"using":"xpath","value":"//*[@id=\"__tile104\"]"}
RESULT: {"using":"xpath","value":"//*[@id=\"__tile104\"]"}
COMMAND: POST /session/88012d21873711621afe741aa394e709/element/f.56122AFE787BE7E77FBE5FB46E7B04D6.d.E9F947147E6455379294B9A48968BB07.e.3310/click - {}
RESULT: {}
COMMAND: GET /session/88012d21873711621afe741aa394e709/screenshot - {}
RESULT: {}
COMMAND: POST /session/88012d21873711621afe741aa394e709/elements - {"using":"xpath","value":"//span[text()='Error']"}
RESULT: {"using":"xpath","value":"//span[text()='Error']"}
RESULT: undefined
COMMAND: POST /session/88012d21873711621afe741aa394e709/element - {"using":"xpath","value":"//*[@id=\"__tile104\"]"}
RESULT: {"using":"xpath","value":"//*[@id=\"__tile104\"]"}
COMMAND: POST /session/88012d21873711621afe741aa394e709/element/f.56122AFE787BE7E77FBE5FB46E7B04D6.d.E9F947147E6455379294B9A48968BB07.e.3310/click - {}
RESULT: undefined
COMMAND: POST /session/88012d21873711621afe741aa394e709/element - {"using":"xpath","value":"//*[@id=\"__tile104\"]"}
RESULT: {"using":"xpath","value":"//*[@id=\"__tile104\"]"}
COMMAND: POST /session/88012d21873711621afe741aa394e709/element/f.56122AFE787BE7E77FBE5FB46E7B04D6.d.E9F947147E6455379294B9A48968BB07.e.3310/click - {}
RESULT: undefined
COMMAND: POST /session/88012d21873711621afe741aa394e709/execute/async - {"script":"<script> [6424 bytes]","args":[{"element-6066-11e4-a52e-4f735466cecf":"f.56122AFE787BE7E77FBE5FB46E7B04D6.d.E9F947147E6455379294B9A48968BB07.e.276"},"getTitle",[]]}
COMMAND: POST /session/88012d21873711621afe741aa394e709/execute/async - {"script":"<script> [1562 bytes]","args":[{"selector":{"id":"shellAppTitle"},"wdio_ui5_key":"shellAppTitle"}]}
RESULT: {"script":"<script> [1562 bytes]","args":[{"selector":{"id":"shellAppTitle"},"wdio_ui5_key":"shellAppTitle"}]}
COMMAND: POST /session/88012d21873711621afe741aa394e709/execute/async - {"script":"<script> [6424 bytes]","args":[{"element-6066-11e4-a52e-4f735466cecf":"f.56122AFE787BE7E77FBE5FB46E7B04D6.d.E9F947147E6455379294B9A48968BB07.e.3403"},"getTitle",[]]}
RESULT: {"script":"<script> [6424 bytes]","args":[{"element-6066-11e4-a52e-4f735466cecf":"f.56122AFE787BE7E77FBE5FB46E7B04D6.d.E9F947147E6455379294B9A48968BB07.e.3403"},"getTitle",[]]}
RESULT: undefined
COMMAND: POST /session/88012d21873711621afe741aa394e709/element/f.56122AFE787BE7E77FBE5FB46E7B04D6.d.E9F947147E6455379294B9A48968BB07.e.3286/click - {}
COMMAND: POST /session/88012d21873711621afe741aa394e709/element - {"using":"xpath","value":"//*[@id=\"backBtn\"]"}
RESULT: {"using":"xpath","value":"//*[@id=\"backBtn\"]"}
COMMAND: POST /session/88012d21873711621afe741aa394e709/element/f.56122AFE787BE7E77FBE5FB46E7B04D6.d.E9F947147E6455379294B9A48968BB07.e.3286/click - {}
COMMAND: POST /session/88012d21873711621afe741aa394e709/element - {"using":"xpath","value":"//*[@id=\"backBtn\"]"}
RESULT: {"using":"xpath","value":"//*[@id=\"backBtn\"]"}
COMMAND: POST /session/88012d21873711621afe741aa394e709/element/f.56122AFE787BE7E77FBE5FB46E7B04D6.d.E9F947147E6455379294B9A48968BB07.e.3404/click - {}
RESULT: {}
COMMAND: GET /session/88012d21873711621afe741aa394e709/screenshot - {}
RESULT: {}
]]></system-out>
    </testcase>
    <testcase classname="chrome.136_0_7103_93.windows.Sanity_Tests_US104253" name="Should open Manage Warehouse Movements page" time="41.929">
      <system-out><![CDATA[
COMMAND: POST /session/88012d21873711621afe741aa394e709/execute/async - {"script":"<script> [1562 bytes]","args":[{"selector":{"controlType":"sap.m.GenericTile","properties":{"header":"Manage Warehouse Movements"}},"wdio_ui5_key":"sapm.GenericTile{\"header\":\"Manage Warehouse Movements\"}"}]}
RESULT: {"script":"<script> [1562 bytes]","args":[{"selector":{"controlType":"sap.m.GenericTile","properties":{"header":"Manage Warehouse Movements"}},"wdio_ui5_key":"sapm.GenericTile{\"header\":\"Manage Warehouse Movements\"}"}]}
RESULT: undefined
COMMAND: POST /session/88012d21873711621afe741aa394e709/element - {"using":"xpath","value":"//*[@id=\"__tile105\"]"}
RESULT: {"using":"xpath","value":"//*[@id=\"__tile105\"]"}
COMMAND: POST /session/88012d21873711621afe741aa394e709/element/f.56122AFE787BE7E77FBE5FB46E7B04D6.d.E9F947147E6455379294B9A48968BB07.e.3408/click - {}
RESULT: {}
COMMAND: GET /session/88012d21873711621afe741aa394e709/screenshot - {}
RESULT: {}
COMMAND: POST /session/88012d21873711621afe741aa394e709/elements - {"using":"xpath","value":"//span[text()='Error']"}
RESULT: {"using":"xpath","value":"//span[text()='Error']"}
RESULT: undefined
COMMAND: POST /session/88012d21873711621afe741aa394e709/element - {"using":"xpath","value":"//*[@id=\"__tile105\"]"}
RESULT: {"using":"xpath","value":"//*[@id=\"__tile105\"]"}
COMMAND: POST /session/88012d21873711621afe741aa394e709/element/f.56122AFE787BE7E77FBE5FB46E7B04D6.d.E9F947147E6455379294B9A48968BB07.e.3408/click - {}
RESULT: undefined
COMMAND: POST /session/88012d21873711621afe741aa394e709/element - {"using":"xpath","value":"//*[@id=\"__tile105\"]"}
RESULT: {"using":"xpath","value":"//*[@id=\"__tile105\"]"}
COMMAND: POST /session/88012d21873711621afe741aa394e709/element/f.56122AFE787BE7E77FBE5FB46E7B04D6.d.E9F947147E6455379294B9A48968BB07.e.3408/click - {}
RESULT: undefined
COMMAND: POST /session/88012d21873711621afe741aa394e709/execute/async - {"script":"<script> [6424 bytes]","args":[{"element-6066-11e4-a52e-4f735466cecf":"f.56122AFE787BE7E77FBE5FB46E7B04D6.d.E9F947147E6455379294B9A48968BB07.e.276"},"getTitle",[]]}
COMMAND: POST /session/88012d21873711621afe741aa394e709/execute/async - {"script":"<script> [1562 bytes]","args":[{"selector":{"id":"shellAppTitle"},"wdio_ui5_key":"shellAppTitle"}]}
RESULT: {"script":"<script> [1562 bytes]","args":[{"selector":{"id":"shellAppTitle"},"wdio_ui5_key":"shellAppTitle"}]}
COMMAND: POST /session/88012d21873711621afe741aa394e709/execute/async - {"script":"<script> [6424 bytes]","args":[{"element-6066-11e4-a52e-4f735466cecf":"f.56122AFE787BE7E77FBE5FB46E7B04D6.d.E9F947147E6455379294B9A48968BB07.e.3504"},"getTitle",[]]}
RESULT: {"script":"<script> [6424 bytes]","args":[{"element-6066-11e4-a52e-4f735466cecf":"f.56122AFE787BE7E77FBE5FB46E7B04D6.d.E9F947147E6455379294B9A48968BB07.e.3504"},"getTitle",[]]}
RESULT: undefined
COMMAND: POST /session/88012d21873711621afe741aa394e709/element/f.56122AFE787BE7E77FBE5FB46E7B04D6.d.E9F947147E6455379294B9A48968BB07.e.3404/click - {}
RESULT: {}
COMMAND: GET /session/88012d21873711621afe741aa394e709/screenshot - {}
RESULT: {}
]]></system-out>
    </testcase>
    <testcase classname="chrome.136_0_7103_93.windows.Sanity_Tests_US104253" name="Should open Bin Inventory List page" time="37.685">
      <system-out><![CDATA[
COMMAND: POST /session/88012d21873711621afe741aa394e709/execute/async - {"script":"<script> [1562 bytes]","args":[{"selector":{"controlType":"sap.m.GenericTile","properties":{"header":"Bin Inventory List"}},"wdio_ui5_key":"sapm.GenericTile{\"header\":\"Bin Inventory List\"}"}]}
RESULT: {"script":"<script> [1562 bytes]","args":[{"selector":{"controlType":"sap.m.GenericTile","properties":{"header":"Bin Inventory List"}},"wdio_ui5_key":"sapm.GenericTile{\"header\":\"Bin Inventory List\"}"}]}
RESULT: undefined
COMMAND: POST /session/88012d21873711621afe741aa394e709/element - {"using":"xpath","value":"//*[@id=\"__tile103\"]"}
RESULT: {"using":"xpath","value":"//*[@id=\"__tile103\"]"}
COMMAND: POST /session/88012d21873711621afe741aa394e709/element/f.56122AFE787BE7E77FBE5FB46E7B04D6.d.E9F947147E6455379294B9A48968BB07.e.3506/click - {}
RESULT: {}
COMMAND: GET /session/88012d21873711621afe741aa394e709/screenshot - {}
RESULT: {}
COMMAND: POST /session/88012d21873711621afe741aa394e709/elements - {"using":"xpath","value":"//span[text()='Error']"}
RESULT: {"using":"xpath","value":"//span[text()='Error']"}
RESULT: undefined
COMMAND: POST /session/88012d21873711621afe741aa394e709/element - {"using":"xpath","value":"//*[@id=\"__tile103\"]"}
RESULT: {"using":"xpath","value":"//*[@id=\"__tile103\"]"}
COMMAND: POST /session/88012d21873711621afe741aa394e709/element/f.56122AFE787BE7E77FBE5FB46E7B04D6.d.E9F947147E6455379294B9A48968BB07.e.3506/click - {}
RESULT: undefined
COMMAND: POST /session/88012d21873711621afe741aa394e709/element - {"using":"xpath","value":"//*[@id=\"__tile103\"]"}
RESULT: {"using":"xpath","value":"//*[@id=\"__tile103\"]"}
COMMAND: POST /session/88012d21873711621afe741aa394e709/element/f.56122AFE787BE7E77FBE5FB46E7B04D6.d.E9F947147E6455379294B9A48968BB07.e.3506/click - {}
RESULT: undefined
COMMAND: POST /session/88012d21873711621afe741aa394e709/execute/async - {"script":"<script> [6424 bytes]","args":[{"element-6066-11e4-a52e-4f735466cecf":"f.56122AFE787BE7E77FBE5FB46E7B04D6.d.E9F947147E6455379294B9A48968BB07.e.276"},"getTitle",[]]}
COMMAND: POST /session/88012d21873711621afe741aa394e709/execute/async - {"script":"<script> [1562 bytes]","args":[{"selector":{"id":"shellAppTitle"},"wdio_ui5_key":"shellAppTitle"}]}
RESULT: {"script":"<script> [1562 bytes]","args":[{"selector":{"id":"shellAppTitle"},"wdio_ui5_key":"shellAppTitle"}]}
COMMAND: POST /session/88012d21873711621afe741aa394e709/execute/async - {"script":"<script> [6424 bytes]","args":[{"element-6066-11e4-a52e-4f735466cecf":"f.56122AFE787BE7E77FBE5FB46E7B04D6.d.E9F947147E6455379294B9A48968BB07.e.3592"},"getTitle",[]]}
RESULT: {"script":"<script> [6424 bytes]","args":[{"element-6066-11e4-a52e-4f735466cecf":"f.56122AFE787BE7E77FBE5FB46E7B04D6.d.E9F947147E6455379294B9A48968BB07.e.3592"},"getTitle",[]]}
RESULT: undefined
COMMAND: POST /session/88012d21873711621afe741aa394e709/element/f.56122AFE787BE7E77FBE5FB46E7B04D6.d.E9F947147E6455379294B9A48968BB07.e.3404/click - {}
COMMAND: POST /session/88012d21873711621afe741aa394e709/element - {"using":"xpath","value":"//*[@id=\"backBtn\"]"}
RESULT: {"using":"xpath","value":"//*[@id=\"backBtn\"]"}
COMMAND: POST /session/88012d21873711621afe741aa394e709/element/f.56122AFE787BE7E77FBE5FB46E7B04D6.d.E9F947147E6455379294B9A48968BB07.e.3404/click - {}
COMMAND: POST /session/88012d21873711621afe741aa394e709/element - {"using":"xpath","value":"//*[@id=\"backBtn\"]"}
RESULT: {"using":"xpath","value":"//*[@id=\"backBtn\"]"}
COMMAND: POST /session/88012d21873711621afe741aa394e709/element/f.56122AFE787BE7E77FBE5FB46E7B04D6.d.E9F947147E6455379294B9A48968BB07.e.3593/click - {}
RESULT: {}
COMMAND: GET /session/88012d21873711621afe741aa394e709/screenshot - {}
RESULT: {}
]]></system-out>
    </testcase>
    <testcase classname="chrome.136_0_7103_93.windows.Sanity_Tests_US104253" name="Should open ISC Templates page" time="36.125">
      <system-out><![CDATA[
COMMAND: POST /session/88012d21873711621afe741aa394e709/execute/async - {"script":"<script> [1562 bytes]","args":[{"selector":{"controlType":"sap.m.GenericTile","properties":{"header":"ISC Templates"}},"wdio_ui5_key":"sapm.GenericTile{\"header\":\"ISC Templates\"}"}]}
RESULT: {"script":"<script> [1562 bytes]","args":[{"selector":{"controlType":"sap.m.GenericTile","properties":{"header":"ISC Templates"}},"wdio_ui5_key":"sapm.GenericTile{\"header\":\"ISC Templates\"}"}]}
RESULT: undefined
COMMAND: POST /session/88012d21873711621afe741aa394e709/element - {"using":"xpath","value":"//*[@id=\"__tile111\"]"}
RESULT: {"using":"xpath","value":"//*[@id=\"__tile111\"]"}
COMMAND: POST /session/88012d21873711621afe741aa394e709/element/f.56122AFE787BE7E77FBE5FB46E7B04D6.d.E9F947147E6455379294B9A48968BB07.e.3595/click - {}
RESULT: {}
COMMAND: GET /session/88012d21873711621afe741aa394e709/screenshot - {}
RESULT: {}
COMMAND: POST /session/88012d21873711621afe741aa394e709/elements - {"using":"xpath","value":"//span[text()='Error']"}
RESULT: {"using":"xpath","value":"//span[text()='Error']"}
RESULT: undefined
COMMAND: POST /session/88012d21873711621afe741aa394e709/element - {"using":"xpath","value":"//*[@id=\"__tile111\"]"}
RESULT: {"using":"xpath","value":"//*[@id=\"__tile111\"]"}
COMMAND: POST /session/88012d21873711621afe741aa394e709/element/f.56122AFE787BE7E77FBE5FB46E7B04D6.d.E9F947147E6455379294B9A48968BB07.e.3595/click - {}
RESULT: undefined
COMMAND: POST /session/88012d21873711621afe741aa394e709/element - {"using":"xpath","value":"//*[@id=\"__tile111\"]"}
RESULT: {"using":"xpath","value":"//*[@id=\"__tile111\"]"}
COMMAND: POST /session/88012d21873711621afe741aa394e709/element/f.56122AFE787BE7E77FBE5FB46E7B04D6.d.E9F947147E6455379294B9A48968BB07.e.3595/click - {}
RESULT: undefined
COMMAND: POST /session/88012d21873711621afe741aa394e709/execute/async - {"script":"<script> [6424 bytes]","args":[{"element-6066-11e4-a52e-4f735466cecf":"f.56122AFE787BE7E77FBE5FB46E7B04D6.d.E9F947147E6455379294B9A48968BB07.e.276"},"getTitle",[]]}
COMMAND: POST /session/88012d21873711621afe741aa394e709/execute/async - {"script":"<script> [1562 bytes]","args":[{"selector":{"id":"shellAppTitle"},"wdio_ui5_key":"shellAppTitle"}]}
RESULT: {"script":"<script> [1562 bytes]","args":[{"selector":{"id":"shellAppTitle"},"wdio_ui5_key":"shellAppTitle"}]}
COMMAND: POST /session/88012d21873711621afe741aa394e709/execute/async - {"script":"<script> [6424 bytes]","args":[{"element-6066-11e4-a52e-4f735466cecf":"f.56122AFE787BE7E77FBE5FB46E7B04D6.d.E9F947147E6455379294B9A48968BB07.e.3664"},"getTitle",[]]}
RESULT: {"script":"<script> [6424 bytes]","args":[{"element-6066-11e4-a52e-4f735466cecf":"f.56122AFE787BE7E77FBE5FB46E7B04D6.d.E9F947147E6455379294B9A48968BB07.e.3664"},"getTitle",[]]}
RESULT: undefined
COMMAND: POST /session/88012d21873711621afe741aa394e709/element/f.56122AFE787BE7E77FBE5FB46E7B04D6.d.E9F947147E6455379294B9A48968BB07.e.3593/click - {}
RESULT: {}
COMMAND: GET /session/88012d21873711621afe741aa394e709/screenshot - {}
RESULT: {}
]]></system-out>
    </testcase>
    <testcase classname="chrome.136_0_7103_93.windows.Sanity_Tests_US104253" name="Should open ISC Schedules page" time="37.784">
      <system-out><![CDATA[
COMMAND: POST /session/88012d21873711621afe741aa394e709/execute/async - {"script":"<script> [1562 bytes]","args":[{"selector":{"controlType":"sap.m.GenericTile","properties":{"header":"ISC Schedules"}},"wdio_ui5_key":"sapm.GenericTile{\"header\":\"ISC Schedules\"}"}]}
RESULT: {"script":"<script> [1562 bytes]","args":[{"selector":{"controlType":"sap.m.GenericTile","properties":{"header":"ISC Schedules"}},"wdio_ui5_key":"sapm.GenericTile{\"header\":\"ISC Schedules\"}"}]}
RESULT: undefined
COMMAND: POST /session/88012d21873711621afe741aa394e709/element - {"using":"xpath","value":"//*[@id=\"__tile109\"]"}
RESULT: {"using":"xpath","value":"//*[@id=\"__tile109\"]"}
COMMAND: POST /session/88012d21873711621afe741aa394e709/element/f.56122AFE787BE7E77FBE5FB46E7B04D6.d.E9F947147E6455379294B9A48968BB07.e.3667/click - {}
RESULT: {}
COMMAND: GET /session/88012d21873711621afe741aa394e709/screenshot - {}
RESULT: {}
COMMAND: POST /session/88012d21873711621afe741aa394e709/elements - {"using":"xpath","value":"//span[text()='Error']"}
RESULT: {"using":"xpath","value":"//span[text()='Error']"}
RESULT: undefined
COMMAND: POST /session/88012d21873711621afe741aa394e709/element - {"using":"xpath","value":"//*[@id=\"__tile109\"]"}
RESULT: {"using":"xpath","value":"//*[@id=\"__tile109\"]"}
COMMAND: POST /session/88012d21873711621afe741aa394e709/element/f.56122AFE787BE7E77FBE5FB46E7B04D6.d.E9F947147E6455379294B9A48968BB07.e.3667/click - {}
RESULT: undefined
COMMAND: POST /session/88012d21873711621afe741aa394e709/element - {"using":"xpath","value":"//*[@id=\"__tile109\"]"}
RESULT: {"using":"xpath","value":"//*[@id=\"__tile109\"]"}
COMMAND: POST /session/88012d21873711621afe741aa394e709/element/f.56122AFE787BE7E77FBE5FB46E7B04D6.d.E9F947147E6455379294B9A48968BB07.e.3667/click - {}
RESULT: undefined
COMMAND: POST /session/88012d21873711621afe741aa394e709/execute/async - {"script":"<script> [6424 bytes]","args":[{"element-6066-11e4-a52e-4f735466cecf":"f.56122AFE787BE7E77FBE5FB46E7B04D6.d.E9F947147E6455379294B9A48968BB07.e.276"},"getTitle",[]]}
COMMAND: POST /session/88012d21873711621afe741aa394e709/execute/async - {"script":"<script> [1562 bytes]","args":[{"selector":{"id":"shellAppTitle"},"wdio_ui5_key":"shellAppTitle"}]}
RESULT: {"script":"<script> [1562 bytes]","args":[{"selector":{"id":"shellAppTitle"},"wdio_ui5_key":"shellAppTitle"}]}
COMMAND: POST /session/88012d21873711621afe741aa394e709/execute/async - {"script":"<script> [6424 bytes]","args":[{"element-6066-11e4-a52e-4f735466cecf":"f.56122AFE787BE7E77FBE5FB46E7B04D6.d.E9F947147E6455379294B9A48968BB07.e.3746"},"getTitle",[]]}
RESULT: {"script":"<script> [6424 bytes]","args":[{"element-6066-11e4-a52e-4f735466cecf":"f.56122AFE787BE7E77FBE5FB46E7B04D6.d.E9F947147E6455379294B9A48968BB07.e.3746"},"getTitle",[]]}
RESULT: undefined
COMMAND: POST /session/88012d21873711621afe741aa394e709/element/f.56122AFE787BE7E77FBE5FB46E7B04D6.d.E9F947147E6455379294B9A48968BB07.e.3593/click - {}
COMMAND: POST /session/88012d21873711621afe741aa394e709/element - {"using":"xpath","value":"//*[@id=\"backBtn\"]"}
RESULT: {"using":"xpath","value":"//*[@id=\"backBtn\"]"}
COMMAND: POST /session/88012d21873711621afe741aa394e709/element/f.56122AFE787BE7E77FBE5FB46E7B04D6.d.E9F947147E6455379294B9A48968BB07.e.3593/click - {}
COMMAND: POST /session/88012d21873711621afe741aa394e709/element - {"using":"xpath","value":"//*[@id=\"backBtn\"]"}
RESULT: {"using":"xpath","value":"//*[@id=\"backBtn\"]"}
COMMAND: POST /session/88012d21873711621afe741aa394e709/element/f.56122AFE787BE7E77FBE5FB46E7B04D6.d.E9F947147E6455379294B9A48968BB07.e.3747/click - {}
RESULT: {}
COMMAND: GET /session/88012d21873711621afe741aa394e709/screenshot - {}
RESULT: {}
]]></system-out>
    </testcase>
    <testcase classname="chrome.136_0_7103_93.windows.Sanity_Tests_US104253" name="Should open ISC Dashboard page" time="36.172">
      <system-out><![CDATA[
COMMAND: POST /session/88012d21873711621afe741aa394e709/execute/async - {"script":"<script> [1562 bytes]","args":[{"selector":{"controlType":"sap.m.GenericTile","properties":{"header":"ISC Dashboard"}},"wdio_ui5_key":"sapm.GenericTile{\"header\":\"ISC Dashboard\"}"}]}
RESULT: {"script":"<script> [1562 bytes]","args":[{"selector":{"controlType":"sap.m.GenericTile","properties":{"header":"ISC Dashboard"}},"wdio_ui5_key":"sapm.GenericTile{\"header\":\"ISC Dashboard\"}"}]}
RESULT: undefined
COMMAND: POST /session/88012d21873711621afe741aa394e709/element - {"using":"xpath","value":"//*[@id=\"__tile106\"]"}
RESULT: {"using":"xpath","value":"//*[@id=\"__tile106\"]"}
COMMAND: POST /session/88012d21873711621afe741aa394e709/element/f.56122AFE787BE7E77FBE5FB46E7B04D6.d.E9F947147E6455379294B9A48968BB07.e.3749/click - {}
RESULT: {}
COMMAND: GET /session/88012d21873711621afe741aa394e709/screenshot - {}
RESULT: {}
COMMAND: POST /session/88012d21873711621afe741aa394e709/elements - {"using":"xpath","value":"//span[text()='Error']"}
RESULT: {"using":"xpath","value":"//span[text()='Error']"}
RESULT: undefined
COMMAND: POST /session/88012d21873711621afe741aa394e709/element - {"using":"xpath","value":"//*[@id=\"__tile106\"]"}
RESULT: {"using":"xpath","value":"//*[@id=\"__tile106\"]"}
COMMAND: POST /session/88012d21873711621afe741aa394e709/element/f.56122AFE787BE7E77FBE5FB46E7B04D6.d.E9F947147E6455379294B9A48968BB07.e.3749/click - {}
RESULT: undefined
COMMAND: POST /session/88012d21873711621afe741aa394e709/element - {"using":"xpath","value":"//*[@id=\"__tile106\"]"}
RESULT: {"using":"xpath","value":"//*[@id=\"__tile106\"]"}
COMMAND: POST /session/88012d21873711621afe741aa394e709/element/f.56122AFE787BE7E77FBE5FB46E7B04D6.d.E9F947147E6455379294B9A48968BB07.e.3749/click - {}
RESULT: undefined
COMMAND: POST /session/88012d21873711621afe741aa394e709/execute/async - {"script":"<script> [6424 bytes]","args":[{"element-6066-11e4-a52e-4f735466cecf":"f.56122AFE787BE7E77FBE5FB46E7B04D6.d.E9F947147E6455379294B9A48968BB07.e.276"},"getTitle",[]]}
COMMAND: POST /session/88012d21873711621afe741aa394e709/execute/async - {"script":"<script> [1562 bytes]","args":[{"selector":{"id":"shellAppTitle"},"wdio_ui5_key":"shellAppTitle"}]}
RESULT: {"script":"<script> [1562 bytes]","args":[{"selector":{"id":"shellAppTitle"},"wdio_ui5_key":"shellAppTitle"}]}
COMMAND: POST /session/88012d21873711621afe741aa394e709/execute/async - {"script":"<script> [6424 bytes]","args":[{"element-6066-11e4-a52e-4f735466cecf":"f.56122AFE787BE7E77FBE5FB46E7B04D6.d.E9F947147E6455379294B9A48968BB07.e.3868"},"getTitle",[]]}
RESULT: {"script":"<script> [6424 bytes]","args":[{"element-6066-11e4-a52e-4f735466cecf":"f.56122AFE787BE7E77FBE5FB46E7B04D6.d.E9F947147E6455379294B9A48968BB07.e.3868"},"getTitle",[]]}
RESULT: undefined
COMMAND: POST /session/88012d21873711621afe741aa394e709/element/f.56122AFE787BE7E77FBE5FB46E7B04D6.d.E9F947147E6455379294B9A48968BB07.e.3747/click - {}
RESULT: {}
COMMAND: GET /session/88012d21873711621afe741aa394e709/screenshot - {}
RESULT: {}
]]></system-out>
    </testcase>
    <testcase classname="chrome.136_0_7103_93.windows.Sanity_Tests_US104253" name="Should open ISC Orders page" time="36.624">
      <system-out><![CDATA[
COMMAND: POST /session/88012d21873711621afe741aa394e709/execute/async - {"script":"<script> [1562 bytes]","args":[{"selector":{"controlType":"sap.m.GenericTile","properties":{"header":"ISC Orders"}},"wdio_ui5_key":"sapm.GenericTile{\"header\":\"ISC Orders\"}"}]}
RESULT: {"script":"<script> [1562 bytes]","args":[{"selector":{"controlType":"sap.m.GenericTile","properties":{"header":"ISC Orders"}},"wdio_ui5_key":"sapm.GenericTile{\"header\":\"ISC Orders\"}"}]}
RESULT: undefined
COMMAND: POST /session/88012d21873711621afe741aa394e709/element - {"using":"xpath","value":"//*[@id=\"__tile108\"]"}
RESULT: {"using":"xpath","value":"//*[@id=\"__tile108\"]"}
COMMAND: POST /session/88012d21873711621afe741aa394e709/element/f.56122AFE787BE7E77FBE5FB46E7B04D6.d.E9F947147E6455379294B9A48968BB07.e.3870/click - {}
RESULT: {}
COMMAND: GET /session/88012d21873711621afe741aa394e709/screenshot - {}
RESULT: {}
COMMAND: POST /session/88012d21873711621afe741aa394e709/elements - {"using":"xpath","value":"//span[text()='Error']"}
RESULT: {"using":"xpath","value":"//span[text()='Error']"}
RESULT: undefined
COMMAND: POST /session/88012d21873711621afe741aa394e709/element - {"using":"xpath","value":"//*[@id=\"__tile108\"]"}
RESULT: {"using":"xpath","value":"//*[@id=\"__tile108\"]"}
COMMAND: POST /session/88012d21873711621afe741aa394e709/element/f.56122AFE787BE7E77FBE5FB46E7B04D6.d.E9F947147E6455379294B9A48968BB07.e.3870/click - {}
RESULT: undefined
COMMAND: POST /session/88012d21873711621afe741aa394e709/element - {"using":"xpath","value":"//*[@id=\"__tile108\"]"}
RESULT: {"using":"xpath","value":"//*[@id=\"__tile108\"]"}
COMMAND: POST /session/88012d21873711621afe741aa394e709/element/f.56122AFE787BE7E77FBE5FB46E7B04D6.d.E9F947147E6455379294B9A48968BB07.e.3870/click - {}
RESULT: undefined
COMMAND: POST /session/88012d21873711621afe741aa394e709/execute/async - {"script":"<script> [6424 bytes]","args":[{"element-6066-11e4-a52e-4f735466cecf":"f.56122AFE787BE7E77FBE5FB46E7B04D6.d.E9F947147E6455379294B9A48968BB07.e.276"},"getTitle",[]]}
COMMAND: POST /session/88012d21873711621afe741aa394e709/execute/async - {"script":"<script> [1562 bytes]","args":[{"selector":{"id":"shellAppTitle"},"wdio_ui5_key":"shellAppTitle"}]}
RESULT: {"script":"<script> [1562 bytes]","args":[{"selector":{"id":"shellAppTitle"},"wdio_ui5_key":"shellAppTitle"}]}
COMMAND: POST /session/88012d21873711621afe741aa394e709/execute/async - {"script":"<script> [6424 bytes]","args":[{"element-6066-11e4-a52e-4f735466cecf":"f.56122AFE787BE7E77FBE5FB46E7B04D6.d.E9F947147E6455379294B9A48968BB07.e.3980"},"getTitle",[]]}
RESULT: {"script":"<script> [6424 bytes]","args":[{"element-6066-11e4-a52e-4f735466cecf":"f.56122AFE787BE7E77FBE5FB46E7B04D6.d.E9F947147E6455379294B9A48968BB07.e.3980"},"getTitle",[]]}
RESULT: undefined
COMMAND: POST /session/88012d21873711621afe741aa394e709/element/f.56122AFE787BE7E77FBE5FB46E7B04D6.d.E9F947147E6455379294B9A48968BB07.e.3747/click - {}
COMMAND: POST /session/88012d21873711621afe741aa394e709/element - {"using":"xpath","value":"//*[@id=\"backBtn\"]"}
RESULT: {"using":"xpath","value":"//*[@id=\"backBtn\"]"}
COMMAND: POST /session/88012d21873711621afe741aa394e709/element/f.56122AFE787BE7E77FBE5FB46E7B04D6.d.E9F947147E6455379294B9A48968BB07.e.3747/click - {}
COMMAND: POST /session/88012d21873711621afe741aa394e709/element - {"using":"xpath","value":"//*[@id=\"backBtn\"]"}
RESULT: {"using":"xpath","value":"//*[@id=\"backBtn\"]"}
COMMAND: POST /session/88012d21873711621afe741aa394e709/element/f.56122AFE787BE7E77FBE5FB46E7B04D6.d.E9F947147E6455379294B9A48968BB07.e.3981/click - {}
RESULT: {}
COMMAND: GET /session/88012d21873711621afe741aa394e709/screenshot - {}
RESULT: {}
]]></system-out>
    </testcase>
    <testcase classname="chrome.136_0_7103_93.windows.Sanity_Tests_US104253" name="Should open ISC Tasks page" time="38.92">
      <system-out><![CDATA[
COMMAND: POST /session/88012d21873711621afe741aa394e709/execute/async - {"script":"<script> [1562 bytes]","args":[{"selector":{"controlType":"sap.m.GenericTile","properties":{"header":"ISC Tasks"}},"wdio_ui5_key":"sapm.GenericTile{\"header\":\"ISC Tasks\"}"}]}
RESULT: {"script":"<script> [1562 bytes]","args":[{"selector":{"controlType":"sap.m.GenericTile","properties":{"header":"ISC Tasks"}},"wdio_ui5_key":"sapm.GenericTile{\"header\":\"ISC Tasks\"}"}]}
RESULT: undefined
COMMAND: POST /session/88012d21873711621afe741aa394e709/element - {"using":"xpath","value":"//*[@id=\"__tile110\"]"}
RESULT: {"using":"xpath","value":"//*[@id=\"__tile110\"]"}
COMMAND: POST /session/88012d21873711621afe741aa394e709/element/f.56122AFE787BE7E77FBE5FB46E7B04D6.d.E9F947147E6455379294B9A48968BB07.e.3983/click - {}
RESULT: {}
COMMAND: GET /session/88012d21873711621afe741aa394e709/screenshot - {}
RESULT: {}
COMMAND: POST /session/88012d21873711621afe741aa394e709/elements - {"using":"xpath","value":"//span[text()='Error']"}
RESULT: {"using":"xpath","value":"//span[text()='Error']"}
RESULT: undefined
COMMAND: POST /session/88012d21873711621afe741aa394e709/element - {"using":"xpath","value":"//*[@id=\"__tile110\"]"}
RESULT: {"using":"xpath","value":"//*[@id=\"__tile110\"]"}
COMMAND: POST /session/88012d21873711621afe741aa394e709/element/f.56122AFE787BE7E77FBE5FB46E7B04D6.d.E9F947147E6455379294B9A48968BB07.e.3983/click - {}
RESULT: undefined
COMMAND: POST /session/88012d21873711621afe741aa394e709/element - {"using":"xpath","value":"//*[@id=\"__tile110\"]"}
RESULT: {"using":"xpath","value":"//*[@id=\"__tile110\"]"}
COMMAND: POST /session/88012d21873711621afe741aa394e709/element/f.56122AFE787BE7E77FBE5FB46E7B04D6.d.E9F947147E6455379294B9A48968BB07.e.3983/click - {}
RESULT: undefined
COMMAND: POST /session/88012d21873711621afe741aa394e709/execute/async - {"script":"<script> [6424 bytes]","args":[{"element-6066-11e4-a52e-4f735466cecf":"f.56122AFE787BE7E77FBE5FB46E7B04D6.d.E9F947147E6455379294B9A48968BB07.e.276"},"getTitle",[]]}
COMMAND: POST /session/88012d21873711621afe741aa394e709/execute/async - {"script":"<script> [1562 bytes]","args":[{"selector":{"id":"shellAppTitle"},"wdio_ui5_key":"shellAppTitle"}]}
RESULT: {"script":"<script> [1562 bytes]","args":[{"selector":{"id":"shellAppTitle"},"wdio_ui5_key":"shellAppTitle"}]}
COMMAND: POST /session/88012d21873711621afe741aa394e709/execute/async - {"script":"<script> [6424 bytes]","args":[{"element-6066-11e4-a52e-4f735466cecf":"f.56122AFE787BE7E77FBE5FB46E7B04D6.d.E9F947147E6455379294B9A48968BB07.e.4066"},"getTitle",[]]}
RESULT: {"script":"<script> [6424 bytes]","args":[{"element-6066-11e4-a52e-4f735466cecf":"f.56122AFE787BE7E77FBE5FB46E7B04D6.d.E9F947147E6455379294B9A48968BB07.e.4066"},"getTitle",[]]}
RESULT: undefined
COMMAND: POST /session/88012d21873711621afe741aa394e709/element/f.56122AFE787BE7E77FBE5FB46E7B04D6.d.E9F947147E6455379294B9A48968BB07.e.3981/click - {}
RESULT: {}
COMMAND: GET /session/88012d21873711621afe741aa394e709/screenshot - {}
RESULT: {}
]]></system-out>
    </testcase>
    <testcase classname="chrome.136_0_7103_93.windows.Sanity_Tests_US104253" name="Should open Manage Resource Logbook page" time="35.912">
      <system-out><![CDATA[
COMMAND: POST /session/88012d21873711621afe741aa394e709/execute/async - {"script":"<script> [1562 bytes]","args":[{"selector":{"controlType":"sap.m.GenericTile","properties":{"header":"Manage Resource Logbook"}},"wdio_ui5_key":"sapm.GenericTile{\"header\":\"Manage Resource Logbook\"}"}]}
RESULT: {"script":"<script> [1562 bytes]","args":[{"selector":{"controlType":"sap.m.GenericTile","properties":{"header":"Manage Resource Logbook"}},"wdio_ui5_key":"sapm.GenericTile{\"header\":\"Manage Resource Logbook\"}"}]}
RESULT: undefined
COMMAND: POST /session/88012d21873711621afe741aa394e709/element - {"using":"xpath","value":"//*[@id=\"__tile113\"]"}
RESULT: {"using":"xpath","value":"//*[@id=\"__tile113\"]"}
COMMAND: POST /session/88012d21873711621afe741aa394e709/element/f.56122AFE787BE7E77FBE5FB46E7B04D6.d.E9F947147E6455379294B9A48968BB07.e.4068/click - {}
RESULT: {}
COMMAND: GET /session/88012d21873711621afe741aa394e709/screenshot - {}
RESULT: {}
COMMAND: POST /session/88012d21873711621afe741aa394e709/elements - {"using":"xpath","value":"//span[text()='Error']"}
RESULT: {"using":"xpath","value":"//span[text()='Error']"}
RESULT: undefined
COMMAND: POST /session/88012d21873711621afe741aa394e709/element - {"using":"xpath","value":"//*[@id=\"__tile113\"]"}
RESULT: {"using":"xpath","value":"//*[@id=\"__tile113\"]"}
COMMAND: POST /session/88012d21873711621afe741aa394e709/element/f.56122AFE787BE7E77FBE5FB46E7B04D6.d.E9F947147E6455379294B9A48968BB07.e.4068/click - {}
RESULT: undefined
COMMAND: POST /session/88012d21873711621afe741aa394e709/element - {"using":"xpath","value":"//*[@id=\"__tile113\"]"}
RESULT: {"using":"xpath","value":"//*[@id=\"__tile113\"]"}
COMMAND: POST /session/88012d21873711621afe741aa394e709/element/f.56122AFE787BE7E77FBE5FB46E7B04D6.d.E9F947147E6455379294B9A48968BB07.e.4068/click - {}
RESULT: undefined
COMMAND: POST /session/88012d21873711621afe741aa394e709/execute/async - {"script":"<script> [6424 bytes]","args":[{"element-6066-11e4-a52e-4f735466cecf":"f.56122AFE787BE7E77FBE5FB46E7B04D6.d.E9F947147E6455379294B9A48968BB07.e.276"},"getTitle",[]]}
COMMAND: POST /session/88012d21873711621afe741aa394e709/execute/async - {"script":"<script> [1562 bytes]","args":[{"selector":{"id":"shellAppTitle"},"wdio_ui5_key":"shellAppTitle"}]}
RESULT: {"script":"<script> [1562 bytes]","args":[{"selector":{"id":"shellAppTitle"},"wdio_ui5_key":"shellAppTitle"}]}
COMMAND: POST /session/88012d21873711621afe741aa394e709/execute/async - {"script":"<script> [6424 bytes]","args":[{"element-6066-11e4-a52e-4f735466cecf":"f.56122AFE787BE7E77FBE5FB46E7B04D6.d.E9F947147E6455379294B9A48968BB07.e.4170"},"getTitle",[]]}
RESULT: {"script":"<script> [6424 bytes]","args":[{"element-6066-11e4-a52e-4f735466cecf":"f.56122AFE787BE7E77FBE5FB46E7B04D6.d.E9F947147E6455379294B9A48968BB07.e.4170"},"getTitle",[]]}
RESULT: undefined
COMMAND: POST /session/88012d21873711621afe741aa394e709/element/f.56122AFE787BE7E77FBE5FB46E7B04D6.d.E9F947147E6455379294B9A48968BB07.e.3981/click - {}
COMMAND: POST /session/88012d21873711621afe741aa394e709/element - {"using":"xpath","value":"//*[@id=\"backBtn\"]"}
RESULT: {"using":"xpath","value":"//*[@id=\"backBtn\"]"}
COMMAND: POST /session/88012d21873711621afe741aa394e709/element/f.56122AFE787BE7E77FBE5FB46E7B04D6.d.E9F947147E6455379294B9A48968BB07.e.3981/click - {}
COMMAND: POST /session/88012d21873711621afe741aa394e709/element - {"using":"xpath","value":"//*[@id=\"backBtn\"]"}
RESULT: {"using":"xpath","value":"//*[@id=\"backBtn\"]"}
COMMAND: POST /session/88012d21873711621afe741aa394e709/element/f.56122AFE787BE7E77FBE5FB46E7B04D6.d.E9F947147E6455379294B9A48968BB07.e.4171/click - {}
RESULT: {}
COMMAND: GET /session/88012d21873711621afe741aa394e709/screenshot - {}
RESULT: {}
]]></system-out>
    </testcase>
    <testcase classname="chrome.136_0_7103_93.windows.Sanity_Tests_US104253" name="Should open Manage Logbook page" time="38.992">
      <system-out><![CDATA[
COMMAND: POST /session/88012d21873711621afe741aa394e709/execute/async - {"script":"<script> [1562 bytes]","args":[{"selector":{"controlType":"sap.m.GenericTile","properties":{"header":"Manage Logbook"}},"wdio_ui5_key":"sapm.GenericTile{\"header\":\"Manage Logbook\"}"}]}
RESULT: {"script":"<script> [1562 bytes]","args":[{"selector":{"controlType":"sap.m.GenericTile","properties":{"header":"Manage Logbook"}},"wdio_ui5_key":"sapm.GenericTile{\"header\":\"Manage Logbook\"}"}]}
RESULT: undefined
COMMAND: POST /session/88012d21873711621afe741aa394e709/element - {"using":"xpath","value":"//*[@id=\"__tile112\"]"}
RESULT: {"using":"xpath","value":"//*[@id=\"__tile112\"]"}
COMMAND: POST /session/88012d21873711621afe741aa394e709/element/f.56122AFE787BE7E77FBE5FB46E7B04D6.d.E9F947147E6455379294B9A48968BB07.e.4173/click - {}
RESULT: {}
COMMAND: GET /session/88012d21873711621afe741aa394e709/screenshot - {}
RESULT: {}
COMMAND: POST /session/88012d21873711621afe741aa394e709/elements - {"using":"xpath","value":"//span[text()='Error']"}
RESULT: {"using":"xpath","value":"//span[text()='Error']"}
RESULT: undefined
COMMAND: POST /session/88012d21873711621afe741aa394e709/element - {"using":"xpath","value":"//*[@id=\"__tile112\"]"}
RESULT: {"using":"xpath","value":"//*[@id=\"__tile112\"]"}
COMMAND: POST /session/88012d21873711621afe741aa394e709/element/f.56122AFE787BE7E77FBE5FB46E7B04D6.d.E9F947147E6455379294B9A48968BB07.e.4173/click - {}
RESULT: undefined
COMMAND: POST /session/88012d21873711621afe741aa394e709/element - {"using":"xpath","value":"//*[@id=\"__tile112\"]"}
RESULT: {"using":"xpath","value":"//*[@id=\"__tile112\"]"}
COMMAND: POST /session/88012d21873711621afe741aa394e709/element/f.56122AFE787BE7E77FBE5FB46E7B04D6.d.E9F947147E6455379294B9A48968BB07.e.4173/click - {}
RESULT: undefined
COMMAND: POST /session/88012d21873711621afe741aa394e709/execute/async - {"script":"<script> [6424 bytes]","args":[{"element-6066-11e4-a52e-4f735466cecf":"f.56122AFE787BE7E77FBE5FB46E7B04D6.d.E9F947147E6455379294B9A48968BB07.e.276"},"getTitle",[]]}
COMMAND: POST /session/88012d21873711621afe741aa394e709/execute/async - {"script":"<script> [1562 bytes]","args":[{"selector":{"id":"shellAppTitle"},"wdio_ui5_key":"shellAppTitle"}]}
RESULT: {"script":"<script> [1562 bytes]","args":[{"selector":{"id":"shellAppTitle"},"wdio_ui5_key":"shellAppTitle"}]}
COMMAND: POST /session/88012d21873711621afe741aa394e709/execute/async - {"script":"<script> [6424 bytes]","args":[{"element-6066-11e4-a52e-4f735466cecf":"f.56122AFE787BE7E77FBE5FB46E7B04D6.d.E9F947147E6455379294B9A48968BB07.e.4251"},"getTitle",[]]}
RESULT: {"script":"<script> [6424 bytes]","args":[{"element-6066-11e4-a52e-4f735466cecf":"f.56122AFE787BE7E77FBE5FB46E7B04D6.d.E9F947147E6455379294B9A48968BB07.e.4251"},"getTitle",[]]}
RESULT: undefined
COMMAND: POST /session/88012d21873711621afe741aa394e709/element/f.56122AFE787BE7E77FBE5FB46E7B04D6.d.E9F947147E6455379294B9A48968BB07.e.4171/click - {}
RESULT: {}
COMMAND: GET /session/88012d21873711621afe741aa394e709/screenshot - {}
RESULT: {}
]]></system-out>
    </testcase>
    <testcase classname="chrome.136_0_7103_93.windows.Sanity_Tests_US104253" name="Should open ISC Orders Calendar page" time="36.858">
      <system-out><![CDATA[
COMMAND: POST /session/88012d21873711621afe741aa394e709/execute/async - {"script":"<script> [1562 bytes]","args":[{"selector":{"controlType":"sap.m.GenericTile","properties":{"header":"ISC Orders Calendar"}},"wdio_ui5_key":"sapm.GenericTile{\"header\":\"ISC Orders Calendar\"}"}]}
RESULT: {"script":"<script> [1562 bytes]","args":[{"selector":{"controlType":"sap.m.GenericTile","properties":{"header":"ISC Orders Calendar"}},"wdio_ui5_key":"sapm.GenericTile{\"header\":\"ISC Orders Calendar\"}"}]}
RESULT: undefined
COMMAND: POST /session/88012d21873711621afe741aa394e709/element - {"using":"xpath","value":"//*[@id=\"__tile107\"]"}
RESULT: {"using":"xpath","value":"//*[@id=\"__tile107\"]"}
COMMAND: POST /session/88012d21873711621afe741aa394e709/element/f.56122AFE787BE7E77FBE5FB46E7B04D6.d.E9F947147E6455379294B9A48968BB07.e.4253/click - {}
RESULT: {}
COMMAND: GET /session/88012d21873711621afe741aa394e709/screenshot - {}
RESULT: {}
COMMAND: POST /session/88012d21873711621afe741aa394e709/elements - {"using":"xpath","value":"//span[text()='Error']"}
RESULT: {"using":"xpath","value":"//span[text()='Error']"}
RESULT: undefined
COMMAND: POST /session/88012d21873711621afe741aa394e709/element - {"using":"xpath","value":"//*[@id=\"__tile107\"]"}
RESULT: {"using":"xpath","value":"//*[@id=\"__tile107\"]"}
COMMAND: POST /session/88012d21873711621afe741aa394e709/element/f.56122AFE787BE7E77FBE5FB46E7B04D6.d.E9F947147E6455379294B9A48968BB07.e.4253/click - {}
RESULT: undefined
COMMAND: POST /session/88012d21873711621afe741aa394e709/element - {"using":"xpath","value":"//*[@id=\"__tile107\"]"}
RESULT: {"using":"xpath","value":"//*[@id=\"__tile107\"]"}
COMMAND: POST /session/88012d21873711621afe741aa394e709/element/f.56122AFE787BE7E77FBE5FB46E7B04D6.d.E9F947147E6455379294B9A48968BB07.e.4253/click - {}
RESULT: undefined
COMMAND: POST /session/88012d21873711621afe741aa394e709/execute/async - {"script":"<script> [6424 bytes]","args":[{"element-6066-11e4-a52e-4f735466cecf":"f.56122AFE787BE7E77FBE5FB46E7B04D6.d.E9F947147E6455379294B9A48968BB07.e.276"},"getTitle",[]]}
COMMAND: POST /session/88012d21873711621afe741aa394e709/execute/async - {"script":"<script> [1562 bytes]","args":[{"selector":{"id":"shellAppTitle"},"wdio_ui5_key":"shellAppTitle"}]}
RESULT: {"script":"<script> [1562 bytes]","args":[{"selector":{"id":"shellAppTitle"},"wdio_ui5_key":"shellAppTitle"}]}
COMMAND: POST /session/88012d21873711621afe741aa394e709/execute/async - {"script":"<script> [6424 bytes]","args":[{"element-6066-11e4-a52e-4f735466cecf":"f.56122AFE787BE7E77FBE5FB46E7B04D6.d.E9F947147E6455379294B9A48968BB07.e.4462"},"getTitle",[]]}
RESULT: {"script":"<script> [6424 bytes]","args":[{"element-6066-11e4-a52e-4f735466cecf":"f.56122AFE787BE7E77FBE5FB46E7B04D6.d.E9F947147E6455379294B9A48968BB07.e.4462"},"getTitle",[]]}
RESULT: undefined
COMMAND: POST /session/88012d21873711621afe741aa394e709/element/f.56122AFE787BE7E77FBE5FB46E7B04D6.d.E9F947147E6455379294B9A48968BB07.e.4171/click - {}
COMMAND: POST /session/88012d21873711621afe741aa394e709/element - {"using":"xpath","value":"//*[@id=\"backBtn\"]"}
RESULT: {"using":"xpath","value":"//*[@id=\"backBtn\"]"}
COMMAND: POST /session/88012d21873711621afe741aa394e709/element/f.56122AFE787BE7E77FBE5FB46E7B04D6.d.E9F947147E6455379294B9A48968BB07.e.4171/click - {}
COMMAND: POST /session/88012d21873711621afe741aa394e709/element - {"using":"xpath","value":"//*[@id=\"backBtn\"]"}
RESULT: {"using":"xpath","value":"//*[@id=\"backBtn\"]"}
COMMAND: POST /session/88012d21873711621afe741aa394e709/element/f.56122AFE787BE7E77FBE5FB46E7B04D6.d.E9F947147E6455379294B9A48968BB07.e.4463/click - {}
RESULT: {}
COMMAND: GET /session/88012d21873711621afe741aa394e709/screenshot - {}
RESULT: {}
]]></system-out>
    </testcase>
    <testcase classname="chrome.136_0_7103_93.windows.Sanity_Tests_US104253" name="Should open Configure System page" time="36.715">
      <system-out><![CDATA[
COMMAND: POST /session/88012d21873711621afe741aa394e709/execute/async - {"script":"<script> [1562 bytes]","args":[{"selector":{"controlType":"sap.m.GenericTile","properties":{"header":"Configure System"}},"wdio_ui5_key":"sapm.GenericTile{\"header\":\"Configure System\"}"}]}
RESULT: {"script":"<script> [1562 bytes]","args":[{"selector":{"controlType":"sap.m.GenericTile","properties":{"header":"Configure System"}},"wdio_ui5_key":"sapm.GenericTile{\"header\":\"Configure System\"}"}]}
RESULT: undefined
COMMAND: POST /session/88012d21873711621afe741aa394e709/element - {"using":"xpath","value":"//*[@id=\"__tile114\"]"}
RESULT: {"using":"xpath","value":"//*[@id=\"__tile114\"]"}
COMMAND: POST /session/88012d21873711621afe741aa394e709/element/f.56122AFE787BE7E77FBE5FB46E7B04D6.d.E9F947147E6455379294B9A48968BB07.e.4465/click - {}
RESULT: {}
COMMAND: GET /session/88012d21873711621afe741aa394e709/screenshot - {}
RESULT: {}
COMMAND: POST /session/88012d21873711621afe741aa394e709/elements - {"using":"xpath","value":"//span[text()='Error']"}
RESULT: {"using":"xpath","value":"//span[text()='Error']"}
RESULT: undefined
COMMAND: POST /session/88012d21873711621afe741aa394e709/element - {"using":"xpath","value":"//*[@id=\"__tile114\"]"}
RESULT: {"using":"xpath","value":"//*[@id=\"__tile114\"]"}
COMMAND: POST /session/88012d21873711621afe741aa394e709/element/f.56122AFE787BE7E77FBE5FB46E7B04D6.d.E9F947147E6455379294B9A48968BB07.e.4465/click - {}
RESULT: undefined
COMMAND: POST /session/88012d21873711621afe741aa394e709/element - {"using":"xpath","value":"//*[@id=\"__tile114\"]"}
RESULT: {"using":"xpath","value":"//*[@id=\"__tile114\"]"}
COMMAND: POST /session/88012d21873711621afe741aa394e709/element/f.56122AFE787BE7E77FBE5FB46E7B04D6.d.E9F947147E6455379294B9A48968BB07.e.4465/click - {}
RESULT: undefined
COMMAND: POST /session/88012d21873711621afe741aa394e709/execute/async - {"script":"<script> [6424 bytes]","args":[{"element-6066-11e4-a52e-4f735466cecf":"f.56122AFE787BE7E77FBE5FB46E7B04D6.d.E9F947147E6455379294B9A48968BB07.e.276"},"getTitle",[]]}
COMMAND: POST /session/88012d21873711621afe741aa394e709/execute/async - {"script":"<script> [1562 bytes]","args":[{"selector":{"id":"shellAppTitle"},"wdio_ui5_key":"shellAppTitle"}]}
RESULT: {"script":"<script> [1562 bytes]","args":[{"selector":{"id":"shellAppTitle"},"wdio_ui5_key":"shellAppTitle"}]}
COMMAND: POST /session/88012d21873711621afe741aa394e709/execute/async - {"script":"<script> [6424 bytes]","args":[{"element-6066-11e4-a52e-4f735466cecf":"f.56122AFE787BE7E77FBE5FB46E7B04D6.d.E9F947147E6455379294B9A48968BB07.e.4502"},"getTitle",[]]}
RESULT: {"script":"<script> [6424 bytes]","args":[{"element-6066-11e4-a52e-4f735466cecf":"f.56122AFE787BE7E77FBE5FB46E7B04D6.d.E9F947147E6455379294B9A48968BB07.e.4502"},"getTitle",[]]}
RESULT: undefined
COMMAND: POST /session/88012d21873711621afe741aa394e709/element/f.56122AFE787BE7E77FBE5FB46E7B04D6.d.E9F947147E6455379294B9A48968BB07.e.4463/click - {}
RESULT: {}
COMMAND: GET /session/88012d21873711621afe741aa394e709/screenshot - {}
RESULT: {}
]]></system-out>
    </testcase>
    <testcase classname="chrome.136_0_7103_93.windows.Sanity_Tests_US104253" name="Should open Manage Classifications page" time="36.694">
      <system-out><![CDATA[
COMMAND: POST /session/88012d21873711621afe741aa394e709/execute/async - {"script":"<script> [1562 bytes]","args":[{"selector":{"controlType":"sap.m.GenericTile","properties":{"header":"Manage Classifications"}},"wdio_ui5_key":"sapm.GenericTile{\"header\":\"Manage Classifications\"}"}]}
RESULT: {"script":"<script> [1562 bytes]","args":[{"selector":{"controlType":"sap.m.GenericTile","properties":{"header":"Manage Classifications"}},"wdio_ui5_key":"sapm.GenericTile{\"header\":\"Manage Classifications\"}"}]}
RESULT: undefined
COMMAND: POST /session/88012d21873711621afe741aa394e709/element - {"using":"xpath","value":"//*[@id=\"__tile115\"]"}
RESULT: {"using":"xpath","value":"//*[@id=\"__tile115\"]"}
COMMAND: POST /session/88012d21873711621afe741aa394e709/element/f.56122AFE787BE7E77FBE5FB46E7B04D6.d.E9F947147E6455379294B9A48968BB07.e.4506/click - {}
RESULT: {}
COMMAND: GET /session/88012d21873711621afe741aa394e709/screenshot - {}
RESULT: {}
COMMAND: POST /session/88012d21873711621afe741aa394e709/elements - {"using":"xpath","value":"//span[text()='Error']"}
RESULT: {"using":"xpath","value":"//span[text()='Error']"}
RESULT: undefined
COMMAND: POST /session/88012d21873711621afe741aa394e709/element - {"using":"xpath","value":"//*[@id=\"__tile115\"]"}
RESULT: {"using":"xpath","value":"//*[@id=\"__tile115\"]"}
COMMAND: POST /session/88012d21873711621afe741aa394e709/element/f.56122AFE787BE7E77FBE5FB46E7B04D6.d.E9F947147E6455379294B9A48968BB07.e.4506/click - {}
RESULT: undefined
COMMAND: POST /session/88012d21873711621afe741aa394e709/element - {"using":"xpath","value":"//*[@id=\"__tile115\"]"}
RESULT: {"using":"xpath","value":"//*[@id=\"__tile115\"]"}
COMMAND: POST /session/88012d21873711621afe741aa394e709/element/f.56122AFE787BE7E77FBE5FB46E7B04D6.d.E9F947147E6455379294B9A48968BB07.e.4506/click - {}
RESULT: undefined
COMMAND: POST /session/88012d21873711621afe741aa394e709/execute/async - {"script":"<script> [6424 bytes]","args":[{"element-6066-11e4-a52e-4f735466cecf":"f.56122AFE787BE7E77FBE5FB46E7B04D6.d.E9F947147E6455379294B9A48968BB07.e.276"},"getTitle",[]]}
COMMAND: POST /session/88012d21873711621afe741aa394e709/execute/async - {"script":"<script> [1562 bytes]","args":[{"selector":{"id":"shellAppTitle"},"wdio_ui5_key":"shellAppTitle"}]}
RESULT: {"script":"<script> [1562 bytes]","args":[{"selector":{"id":"shellAppTitle"},"wdio_ui5_key":"shellAppTitle"}]}
COMMAND: POST /session/88012d21873711621afe741aa394e709/execute/async - {"script":"<script> [6424 bytes]","args":[{"element-6066-11e4-a52e-4f735466cecf":"f.56122AFE787BE7E77FBE5FB46E7B04D6.d.E9F947147E6455379294B9A48968BB07.e.4595"},"getTitle",[]]}
RESULT: {"script":"<script> [6424 bytes]","args":[{"element-6066-11e4-a52e-4f735466cecf":"f.56122AFE787BE7E77FBE5FB46E7B04D6.d.E9F947147E6455379294B9A48968BB07.e.4595"},"getTitle",[]]}
RESULT: undefined
COMMAND: POST /session/88012d21873711621afe741aa394e709/element/f.56122AFE787BE7E77FBE5FB46E7B04D6.d.E9F947147E6455379294B9A48968BB07.e.4463/click - {}
COMMAND: POST /session/88012d21873711621afe741aa394e709/element - {"using":"xpath","value":"//*[@id=\"backBtn\"]"}
RESULT: {"using":"xpath","value":"//*[@id=\"backBtn\"]"}
COMMAND: POST /session/88012d21873711621afe741aa394e709/element/f.56122AFE787BE7E77FBE5FB46E7B04D6.d.E9F947147E6455379294B9A48968BB07.e.4463/click - {}
COMMAND: POST /session/88012d21873711621afe741aa394e709/element - {"using":"xpath","value":"//*[@id=\"backBtn\"]"}
RESULT: {"using":"xpath","value":"//*[@id=\"backBtn\"]"}
COMMAND: POST /session/88012d21873711621afe741aa394e709/element/f.56122AFE787BE7E77FBE5FB46E7B04D6.d.E9F947147E6455379294B9A48968BB07.e.4596/click - {}
RESULT: {}
COMMAND: GET /session/88012d21873711621afe741aa394e709/screenshot - {}
RESULT: {}
]]></system-out>
    </testcase>
    <testcase classname="chrome.136_0_7103_93.windows.Sanity_Tests_US104253" name="Should open Data Explorer page" time="42.746">
      <system-out><![CDATA[
COMMAND: POST /session/88012d21873711621afe741aa394e709/execute/async - {"script":"<script> [1562 bytes]","args":[{"selector":{"controlType":"sap.m.GenericTile","properties":{"header":"Data Explorer"}},"wdio_ui5_key":"sapm.GenericTile{\"header\":\"Data Explorer\"}"}]}
RESULT: {"script":"<script> [1562 bytes]","args":[{"selector":{"controlType":"sap.m.GenericTile","properties":{"header":"Data Explorer"}},"wdio_ui5_key":"sapm.GenericTile{\"header\":\"Data Explorer\"}"}]}
RESULT: undefined
COMMAND: POST /session/88012d21873711621afe741aa394e709/element - {"using":"xpath","value":"//*[@id=\"__tile117\"]"}
RESULT: {"using":"xpath","value":"//*[@id=\"__tile117\"]"}
COMMAND: POST /session/88012d21873711621afe741aa394e709/element/f.56122AFE787BE7E77FBE5FB46E7B04D6.d.E9F947147E6455379294B9A48968BB07.e.4598/click - {}
RESULT: {}
COMMAND: GET /session/88012d21873711621afe741aa394e709/screenshot - {}
RESULT: {}
COMMAND: POST /session/88012d21873711621afe741aa394e709/elements - {"using":"xpath","value":"//span[text()='Error']"}
RESULT: {"using":"xpath","value":"//span[text()='Error']"}
RESULT: undefined
COMMAND: POST /session/88012d21873711621afe741aa394e709/element - {"using":"xpath","value":"//*[@id=\"__tile117\"]"}
RESULT: {"using":"xpath","value":"//*[@id=\"__tile117\"]"}
COMMAND: POST /session/88012d21873711621afe741aa394e709/element/f.56122AFE787BE7E77FBE5FB46E7B04D6.d.E9F947147E6455379294B9A48968BB07.e.4598/click - {}
RESULT: undefined
COMMAND: POST /session/88012d21873711621afe741aa394e709/element - {"using":"xpath","value":"//*[@id=\"__tile117\"]"}
RESULT: {"using":"xpath","value":"//*[@id=\"__tile117\"]"}
COMMAND: POST /session/88012d21873711621afe741aa394e709/element/f.56122AFE787BE7E77FBE5FB46E7B04D6.d.E9F947147E6455379294B9A48968BB07.e.4598/click - {}
RESULT: undefined
COMMAND: POST /session/88012d21873711621afe741aa394e709/execute/async - {"script":"<script> [6424 bytes]","args":[{"element-6066-11e4-a52e-4f735466cecf":"f.56122AFE787BE7E77FBE5FB46E7B04D6.d.E9F947147E6455379294B9A48968BB07.e.276"},"getTitle",[]]}
COMMAND: POST /session/88012d21873711621afe741aa394e709/execute/async - {"script":"<script> [1562 bytes]","args":[{"selector":{"id":"shellAppTitle"},"wdio_ui5_key":"shellAppTitle"}]}
RESULT: {"script":"<script> [1562 bytes]","args":[{"selector":{"id":"shellAppTitle"},"wdio_ui5_key":"shellAppTitle"}]}
COMMAND: POST /session/88012d21873711621afe741aa394e709/execute/async - {"script":"<script> [6424 bytes]","args":[{"element-6066-11e4-a52e-4f735466cecf":"f.56122AFE787BE7E77FBE5FB46E7B04D6.d.E9F947147E6455379294B9A48968BB07.e.4765"},"getTitle",[]]}
RESULT: {"script":"<script> [6424 bytes]","args":[{"element-6066-11e4-a52e-4f735466cecf":"f.56122AFE787BE7E77FBE5FB46E7B04D6.d.E9F947147E6455379294B9A48968BB07.e.4765"},"getTitle",[]]}
RESULT: undefined
COMMAND: POST /session/88012d21873711621afe741aa394e709/element/f.56122AFE787BE7E77FBE5FB46E7B04D6.d.E9F947147E6455379294B9A48968BB07.e.4596/click - {}
RESULT: {}
COMMAND: GET /session/88012d21873711621afe741aa394e709/screenshot - {}
RESULT: {}
]]></system-out>
    </testcase>
    <testcase classname="chrome.136_0_7103_93.windows.Sanity_Tests_US104253" name="Should open Performance Monitor page" time="36.811">
      <system-out><![CDATA[
COMMAND: POST /session/88012d21873711621afe741aa394e709/execute/async - {"script":"<script> [1562 bytes]","args":[{"selector":{"controlType":"sap.m.GenericTile","properties":{"header":"Performance Monitor"}},"wdio_ui5_key":"sapm.GenericTile{\"header\":\"Performance Monitor\"}"}]}
RESULT: {"script":"<script> [1562 bytes]","args":[{"selector":{"controlType":"sap.m.GenericTile","properties":{"header":"Performance Monitor"}},"wdio_ui5_key":"sapm.GenericTile{\"header\":\"Performance Monitor\"}"}]}
RESULT: undefined
COMMAND: POST /session/88012d21873711621afe741aa394e709/element - {"using":"xpath","value":"//*[@id=\"__tile116\"]"}
RESULT: {"using":"xpath","value":"//*[@id=\"__tile116\"]"}
COMMAND: POST /session/88012d21873711621afe741aa394e709/element/f.56122AFE787BE7E77FBE5FB46E7B04D6.d.E9F947147E6455379294B9A48968BB07.e.4767/click - {}
RESULT: {}
COMMAND: GET /session/88012d21873711621afe741aa394e709/screenshot - {}
RESULT: {}
COMMAND: POST /session/88012d21873711621afe741aa394e709/elements - {"using":"xpath","value":"//span[text()='Error']"}
RESULT: {"using":"xpath","value":"//span[text()='Error']"}
RESULT: undefined
COMMAND: POST /session/88012d21873711621afe741aa394e709/element - {"using":"xpath","value":"//*[@id=\"__tile116\"]"}
RESULT: {"using":"xpath","value":"//*[@id=\"__tile116\"]"}
COMMAND: POST /session/88012d21873711621afe741aa394e709/element/f.56122AFE787BE7E77FBE5FB46E7B04D6.d.E9F947147E6455379294B9A48968BB07.e.4767/click - {}
RESULT: undefined
COMMAND: POST /session/88012d21873711621afe741aa394e709/element - {"using":"xpath","value":"//*[@id=\"__tile116\"]"}
RESULT: {"using":"xpath","value":"//*[@id=\"__tile116\"]"}
COMMAND: POST /session/88012d21873711621afe741aa394e709/element/f.56122AFE787BE7E77FBE5FB46E7B04D6.d.E9F947147E6455379294B9A48968BB07.e.4767/click - {}
RESULT: undefined
COMMAND: POST /session/88012d21873711621afe741aa394e709/execute/async - {"script":"<script> [6424 bytes]","args":[{"element-6066-11e4-a52e-4f735466cecf":"f.56122AFE787BE7E77FBE5FB46E7B04D6.d.E9F947147E6455379294B9A48968BB07.e.276"},"getTitle",[]]}
COMMAND: POST /session/88012d21873711621afe741aa394e709/execute/async - {"script":"<script> [1562 bytes]","args":[{"selector":{"id":"shellAppTitle"},"wdio_ui5_key":"shellAppTitle"}]}
RESULT: {"script":"<script> [1562 bytes]","args":[{"selector":{"id":"shellAppTitle"},"wdio_ui5_key":"shellAppTitle"}]}
COMMAND: POST /session/88012d21873711621afe741aa394e709/execute/async - {"script":"<script> [6424 bytes]","args":[{"element-6066-11e4-a52e-4f735466cecf":"f.56122AFE787BE7E77FBE5FB46E7B04D6.d.E9F947147E6455379294B9A48968BB07.e.4806"},"getTitle",[]]}
RESULT: {"script":"<script> [6424 bytes]","args":[{"element-6066-11e4-a52e-4f735466cecf":"f.56122AFE787BE7E77FBE5FB46E7B04D6.d.E9F947147E6455379294B9A48968BB07.e.4806"},"getTitle",[]]}
RESULT: undefined
COMMAND: POST /session/88012d21873711621afe741aa394e709/element/f.56122AFE787BE7E77FBE5FB46E7B04D6.d.E9F947147E6455379294B9A48968BB07.e.4596/click - {}
COMMAND: POST /session/88012d21873711621afe741aa394e709/element - {"using":"xpath","value":"//*[@id=\"backBtn\"]"}
RESULT: {"using":"xpath","value":"//*[@id=\"backBtn\"]"}
COMMAND: POST /session/88012d21873711621afe741aa394e709/element/f.56122AFE787BE7E77FBE5FB46E7B04D6.d.E9F947147E6455379294B9A48968BB07.e.4596/click - {}
COMMAND: POST /session/88012d21873711621afe741aa394e709/element - {"using":"xpath","value":"//*[@id=\"backBtn\"]"}
RESULT: {"using":"xpath","value":"//*[@id=\"backBtn\"]"}
COMMAND: POST /session/88012d21873711621afe741aa394e709/element/f.56122AFE787BE7E77FBE5FB46E7B04D6.d.E9F947147E6455379294B9A48968BB07.e.4807/click - {}
RESULT: {}
COMMAND: GET /session/88012d21873711621afe741aa394e709/screenshot - {}
RESULT: {}
]]></system-out>
    </testcase>
    <testcase classname="chrome.136_0_7103_93.windows.Sanity_Tests_US104253" name="Should open Organizational Model page" time="35.807">
      <system-out><![CDATA[
COMMAND: POST /session/88012d21873711621afe741aa394e709/execute/async - {"script":"<script> [1562 bytes]","args":[{"selector":{"controlType":"sap.m.GenericTile","properties":{"header":"Organizational Model"}},"wdio_ui5_key":"sapm.GenericTile{\"header\":\"Organizational Model\"}"}]}
RESULT: {"script":"<script> [1562 bytes]","args":[{"selector":{"controlType":"sap.m.GenericTile","properties":{"header":"Organizational Model"}},"wdio_ui5_key":"sapm.GenericTile{\"header\":\"Organizational Model\"}"}]}
RESULT: undefined
COMMAND: POST /session/88012d21873711621afe741aa394e709/element - {"using":"xpath","value":"//*[@id=\"__tile120\"]"}
RESULT: {"using":"xpath","value":"//*[@id=\"__tile120\"]"}
COMMAND: POST /session/88012d21873711621afe741aa394e709/element/f.56122AFE787BE7E77FBE5FB46E7B04D6.d.E9F947147E6455379294B9A48968BB07.e.4810/click - {}
RESULT: {}
COMMAND: GET /session/88012d21873711621afe741aa394e709/screenshot - {}
RESULT: {}
COMMAND: POST /session/88012d21873711621afe741aa394e709/elements - {"using":"xpath","value":"//span[text()='Error']"}
RESULT: {"using":"xpath","value":"//span[text()='Error']"}
RESULT: undefined
COMMAND: POST /session/88012d21873711621afe741aa394e709/element - {"using":"xpath","value":"//*[@id=\"__tile120\"]"}
RESULT: {"using":"xpath","value":"//*[@id=\"__tile120\"]"}
COMMAND: POST /session/88012d21873711621afe741aa394e709/element/f.56122AFE787BE7E77FBE5FB46E7B04D6.d.E9F947147E6455379294B9A48968BB07.e.4810/click - {}
RESULT: undefined
COMMAND: POST /session/88012d21873711621afe741aa394e709/element - {"using":"xpath","value":"//*[@id=\"__tile120\"]"}
RESULT: {"using":"xpath","value":"//*[@id=\"__tile120\"]"}
COMMAND: POST /session/88012d21873711621afe741aa394e709/element/f.56122AFE787BE7E77FBE5FB46E7B04D6.d.E9F947147E6455379294B9A48968BB07.e.4810/click - {}
RESULT: undefined
COMMAND: POST /session/88012d21873711621afe741aa394e709/execute/async - {"script":"<script> [6424 bytes]","args":[{"element-6066-11e4-a52e-4f735466cecf":"f.56122AFE787BE7E77FBE5FB46E7B04D6.d.E9F947147E6455379294B9A48968BB07.e.276"},"getTitle",[]]}
COMMAND: POST /session/88012d21873711621afe741aa394e709/execute/async - {"script":"<script> [1562 bytes]","args":[{"selector":{"id":"shellAppTitle"},"wdio_ui5_key":"shellAppTitle"}]}
RESULT: {"script":"<script> [1562 bytes]","args":[{"selector":{"id":"shellAppTitle"},"wdio_ui5_key":"shellAppTitle"}]}
COMMAND: POST /session/88012d21873711621afe741aa394e709/execute/async - {"script":"<script> [6424 bytes]","args":[{"element-6066-11e4-a52e-4f735466cecf":"f.56122AFE787BE7E77FBE5FB46E7B04D6.d.E9F947147E6455379294B9A48968BB07.e.4828"},"getTitle",[]]}
RESULT: {"script":"<script> [6424 bytes]","args":[{"element-6066-11e4-a52e-4f735466cecf":"f.56122AFE787BE7E77FBE5FB46E7B04D6.d.E9F947147E6455379294B9A48968BB07.e.4828"},"getTitle",[]]}
RESULT: undefined
COMMAND: POST /session/88012d21873711621afe741aa394e709/element/f.56122AFE787BE7E77FBE5FB46E7B04D6.d.E9F947147E6455379294B9A48968BB07.e.4807/click - {}
RESULT: {}
COMMAND: GET /session/88012d21873711621afe741aa394e709/screenshot - {}
RESULT: {}
]]></system-out>
    </testcase>
    <testcase classname="chrome.136_0_7103_93.windows.Sanity_Tests_US104253" name="Should open Manage Roles page" time="36.785">
      <system-out><![CDATA[
COMMAND: POST /session/88012d21873711621afe741aa394e709/execute/async - {"script":"<script> [1562 bytes]","args":[{"selector":{"controlType":"sap.m.GenericTile","properties":{"header":"Manage Roles"}},"wdio_ui5_key":"sapm.GenericTile{\"header\":\"Manage Roles\"}"}]}
RESULT: {"script":"<script> [1562 bytes]","args":[{"selector":{"controlType":"sap.m.GenericTile","properties":{"header":"Manage Roles"}},"wdio_ui5_key":"sapm.GenericTile{\"header\":\"Manage Roles\"}"}]}
RESULT: undefined
COMMAND: POST /session/88012d21873711621afe741aa394e709/element - {"using":"xpath","value":"//*[@id=\"__tile119\"]"}
RESULT: {"using":"xpath","value":"//*[@id=\"__tile119\"]"}
COMMAND: POST /session/88012d21873711621afe741aa394e709/element/f.56122AFE787BE7E77FBE5FB46E7B04D6.d.E9F947147E6455379294B9A48968BB07.e.4830/click - {}
RESULT: {}
COMMAND: GET /session/88012d21873711621afe741aa394e709/screenshot - {}
RESULT: {}
COMMAND: POST /session/88012d21873711621afe741aa394e709/elements - {"using":"xpath","value":"//span[text()='Error']"}
RESULT: {"using":"xpath","value":"//span[text()='Error']"}
RESULT: undefined
COMMAND: POST /session/88012d21873711621afe741aa394e709/element - {"using":"xpath","value":"//*[@id=\"__tile119\"]"}
RESULT: {"using":"xpath","value":"//*[@id=\"__tile119\"]"}
COMMAND: POST /session/88012d21873711621afe741aa394e709/element/f.56122AFE787BE7E77FBE5FB46E7B04D6.d.E9F947147E6455379294B9A48968BB07.e.4830/click - {}
RESULT: undefined
COMMAND: POST /session/88012d21873711621afe741aa394e709/element - {"using":"xpath","value":"//*[@id=\"__tile119\"]"}
RESULT: {"using":"xpath","value":"//*[@id=\"__tile119\"]"}
COMMAND: POST /session/88012d21873711621afe741aa394e709/element/f.56122AFE787BE7E77FBE5FB46E7B04D6.d.E9F947147E6455379294B9A48968BB07.e.4830/click - {}
RESULT: undefined
COMMAND: POST /session/88012d21873711621afe741aa394e709/execute/async - {"script":"<script> [6424 bytes]","args":[{"element-6066-11e4-a52e-4f735466cecf":"f.56122AFE787BE7E77FBE5FB46E7B04D6.d.E9F947147E6455379294B9A48968BB07.e.276"},"getTitle",[]]}
COMMAND: POST /session/88012d21873711621afe741aa394e709/execute/async - {"script":"<script> [1562 bytes]","args":[{"selector":{"id":"shellAppTitle"},"wdio_ui5_key":"shellAppTitle"}]}
RESULT: {"script":"<script> [1562 bytes]","args":[{"selector":{"id":"shellAppTitle"},"wdio_ui5_key":"shellAppTitle"}]}
COMMAND: POST /session/88012d21873711621afe741aa394e709/execute/async - {"script":"<script> [6424 bytes]","args":[{"element-6066-11e4-a52e-4f735466cecf":"f.56122AFE787BE7E77FBE5FB46E7B04D6.d.E9F947147E6455379294B9A48968BB07.e.4902"},"getTitle",[]]}
RESULT: {"script":"<script> [6424 bytes]","args":[{"element-6066-11e4-a52e-4f735466cecf":"f.56122AFE787BE7E77FBE5FB46E7B04D6.d.E9F947147E6455379294B9A48968BB07.e.4902"},"getTitle",[]]}
RESULT: undefined
COMMAND: POST /session/88012d21873711621afe741aa394e709/element/f.56122AFE787BE7E77FBE5FB46E7B04D6.d.E9F947147E6455379294B9A48968BB07.e.4807/click - {}
COMMAND: POST /session/88012d21873711621afe741aa394e709/element - {"using":"xpath","value":"//*[@id=\"backBtn\"]"}
RESULT: {"using":"xpath","value":"//*[@id=\"backBtn\"]"}
COMMAND: POST /session/88012d21873711621afe741aa394e709/element/f.56122AFE787BE7E77FBE5FB46E7B04D6.d.E9F947147E6455379294B9A48968BB07.e.4807/click - {}
COMMAND: POST /session/88012d21873711621afe741aa394e709/element - {"using":"xpath","value":"//*[@id=\"backBtn\"]"}
RESULT: {"using":"xpath","value":"//*[@id=\"backBtn\"]"}
COMMAND: POST /session/88012d21873711621afe741aa394e709/element/f.56122AFE787BE7E77FBE5FB46E7B04D6.d.E9F947147E6455379294B9A48968BB07.e.4903/click - {}
RESULT: {}
COMMAND: GET /session/88012d21873711621afe741aa394e709/screenshot - {}
RESULT: {}
]]></system-out>
    </testcase>
    <testcase classname="chrome.136_0_7103_93.windows.Sanity_Tests_US104253" name="Should open Authorization Tables page" time="36.725">
      <system-out><![CDATA[
COMMAND: POST /session/88012d21873711621afe741aa394e709/execute/async - {"script":"<script> [1562 bytes]","args":[{"selector":{"controlType":"sap.m.GenericTile","properties":{"header":"Authorization Tables"}},"wdio_ui5_key":"sapm.GenericTile{\"header\":\"Authorization Tables\"}"}]}
RESULT: {"script":"<script> [1562 bytes]","args":[{"selector":{"controlType":"sap.m.GenericTile","properties":{"header":"Authorization Tables"}},"wdio_ui5_key":"sapm.GenericTile{\"header\":\"Authorization Tables\"}"}]}
RESULT: undefined
COMMAND: POST /session/88012d21873711621afe741aa394e709/element - {"using":"xpath","value":"//*[@id=\"__tile118\"]"}
RESULT: {"using":"xpath","value":"//*[@id=\"__tile118\"]"}
COMMAND: POST /session/88012d21873711621afe741aa394e709/element/f.56122AFE787BE7E77FBE5FB46E7B04D6.d.E9F947147E6455379294B9A48968BB07.e.4905/click - {}
RESULT: {}
COMMAND: GET /session/88012d21873711621afe741aa394e709/screenshot - {}
RESULT: {}
COMMAND: POST /session/88012d21873711621afe741aa394e709/elements - {"using":"xpath","value":"//span[text()='Error']"}
RESULT: {"using":"xpath","value":"//span[text()='Error']"}
RESULT: undefined
COMMAND: POST /session/88012d21873711621afe741aa394e709/element - {"using":"xpath","value":"//*[@id=\"__tile118\"]"}
RESULT: {"using":"xpath","value":"//*[@id=\"__tile118\"]"}
COMMAND: POST /session/88012d21873711621afe741aa394e709/element/f.56122AFE787BE7E77FBE5FB46E7B04D6.d.E9F947147E6455379294B9A48968BB07.e.4905/click - {}
RESULT: undefined
COMMAND: POST /session/88012d21873711621afe741aa394e709/element - {"using":"xpath","value":"//*[@id=\"__tile118\"]"}
RESULT: {"using":"xpath","value":"//*[@id=\"__tile118\"]"}
COMMAND: POST /session/88012d21873711621afe741aa394e709/element/f.56122AFE787BE7E77FBE5FB46E7B04D6.d.E9F947147E6455379294B9A48968BB07.e.4905/click - {}
RESULT: undefined
COMMAND: POST /session/88012d21873711621afe741aa394e709/execute/async - {"script":"<script> [6424 bytes]","args":[{"element-6066-11e4-a52e-4f735466cecf":"f.56122AFE787BE7E77FBE5FB46E7B04D6.d.E9F947147E6455379294B9A48968BB07.e.276"},"getTitle",[]]}
COMMAND: POST /session/88012d21873711621afe741aa394e709/execute/async - {"script":"<script> [1562 bytes]","args":[{"selector":{"id":"shellAppTitle"},"wdio_ui5_key":"shellAppTitle"}]}
RESULT: {"script":"<script> [1562 bytes]","args":[{"selector":{"id":"shellAppTitle"},"wdio_ui5_key":"shellAppTitle"}]}
COMMAND: POST /session/88012d21873711621afe741aa394e709/execute/async - {"script":"<script> [6424 bytes]","args":[{"element-6066-11e4-a52e-4f735466cecf":"f.56122AFE787BE7E77FBE5FB46E7B04D6.d.E9F947147E6455379294B9A48968BB07.e.4978"},"getTitle",[]]}
RESULT: {"script":"<script> [6424 bytes]","args":[{"element-6066-11e4-a52e-4f735466cecf":"f.56122AFE787BE7E77FBE5FB46E7B04D6.d.E9F947147E6455379294B9A48968BB07.e.4978"},"getTitle",[]]}
RESULT: undefined
COMMAND: POST /session/88012d21873711621afe741aa394e709/element/f.56122AFE787BE7E77FBE5FB46E7B04D6.d.E9F947147E6455379294B9A48968BB07.e.4903/click - {}
RESULT: {}
COMMAND: GET /session/88012d21873711621afe741aa394e709/screenshot - {}
RESULT: {}
]]></system-out>
    </testcase>
    <testcase classname="chrome.136_0_7103_93.windows.Sanity_Tests_US104253" name="Should open User Maintenance page" time="36.885">
      <system-out><![CDATA[
COMMAND: POST /session/88012d21873711621afe741aa394e709/execute/async - {"script":"<script> [1562 bytes]","args":[{"selector":{"controlType":"sap.m.GenericTile","properties":{"header":"User Maintenance"}},"wdio_ui5_key":"sapm.GenericTile{\"header\":\"User Maintenance\"}"}]}
RESULT: {"script":"<script> [1562 bytes]","args":[{"selector":{"controlType":"sap.m.GenericTile","properties":{"header":"User Maintenance"}},"wdio_ui5_key":"sapm.GenericTile{\"header\":\"User Maintenance\"}"}]}
RESULT: undefined
COMMAND: POST /session/88012d21873711621afe741aa394e709/element - {"using":"xpath","value":"//*[@id=\"__tile121\"]"}
RESULT: {"using":"xpath","value":"//*[@id=\"__tile121\"]"}
COMMAND: POST /session/88012d21873711621afe741aa394e709/element/f.56122AFE787BE7E77FBE5FB46E7B04D6.d.E9F947147E6455379294B9A48968BB07.e.4980/click - {}
RESULT: {}
COMMAND: GET /session/88012d21873711621afe741aa394e709/screenshot - {}
RESULT: {}
COMMAND: POST /session/88012d21873711621afe741aa394e709/elements - {"using":"xpath","value":"//span[text()='Error']"}
RESULT: {"using":"xpath","value":"//span[text()='Error']"}
RESULT: undefined
COMMAND: POST /session/88012d21873711621afe741aa394e709/element - {"using":"xpath","value":"//*[@id=\"__tile121\"]"}
RESULT: {"using":"xpath","value":"//*[@id=\"__tile121\"]"}
COMMAND: POST /session/88012d21873711621afe741aa394e709/element/f.56122AFE787BE7E77FBE5FB46E7B04D6.d.E9F947147E6455379294B9A48968BB07.e.4980/click - {}
RESULT: undefined
COMMAND: POST /session/88012d21873711621afe741aa394e709/element - {"using":"xpath","value":"//*[@id=\"__tile121\"]"}
RESULT: {"using":"xpath","value":"//*[@id=\"__tile121\"]"}
COMMAND: POST /session/88012d21873711621afe741aa394e709/element/f.56122AFE787BE7E77FBE5FB46E7B04D6.d.E9F947147E6455379294B9A48968BB07.e.4980/click - {}
RESULT: undefined
COMMAND: POST /session/88012d21873711621afe741aa394e709/execute/async - {"script":"<script> [6424 bytes]","args":[{"element-6066-11e4-a52e-4f735466cecf":"f.56122AFE787BE7E77FBE5FB46E7B04D6.d.E9F947147E6455379294B9A48968BB07.e.276"},"getTitle",[]]}
COMMAND: POST /session/88012d21873711621afe741aa394e709/execute/async - {"script":"<script> [1562 bytes]","args":[{"selector":{"id":"shellAppTitle"},"wdio_ui5_key":"shellAppTitle"}]}
RESULT: {"script":"<script> [1562 bytes]","args":[{"selector":{"id":"shellAppTitle"},"wdio_ui5_key":"shellAppTitle"}]}
COMMAND: POST /session/88012d21873711621afe741aa394e709/execute/async - {"script":"<script> [6424 bytes]","args":[{"element-6066-11e4-a52e-4f735466cecf":"f.56122AFE787BE7E77FBE5FB46E7B04D6.d.E9F947147E6455379294B9A48968BB07.e.5074"},"getTitle",[]]}
RESULT: {"script":"<script> [6424 bytes]","args":[{"element-6066-11e4-a52e-4f735466cecf":"f.56122AFE787BE7E77FBE5FB46E7B04D6.d.E9F947147E6455379294B9A48968BB07.e.5074"},"getTitle",[]]}
RESULT: undefined
COMMAND: POST /session/88012d21873711621afe741aa394e709/element/f.56122AFE787BE7E77FBE5FB46E7B04D6.d.E9F947147E6455379294B9A48968BB07.e.4903/click - {}
COMMAND: POST /session/88012d21873711621afe741aa394e709/element - {"using":"xpath","value":"//*[@id=\"backBtn\"]"}
RESULT: {"using":"xpath","value":"//*[@id=\"backBtn\"]"}
COMMAND: POST /session/88012d21873711621afe741aa394e709/element/f.56122AFE787BE7E77FBE5FB46E7B04D6.d.E9F947147E6455379294B9A48968BB07.e.4903/click - {}
COMMAND: POST /session/88012d21873711621afe741aa394e709/element - {"using":"xpath","value":"//*[@id=\"backBtn\"]"}
RESULT: {"using":"xpath","value":"//*[@id=\"backBtn\"]"}
COMMAND: POST /session/88012d21873711621afe741aa394e709/element/f.56122AFE787BE7E77FBE5FB46E7B04D6.d.E9F947147E6455379294B9A48968BB07.e.5075/click - {}
RESULT: {}
COMMAND: GET /session/88012d21873711621afe741aa394e709/screenshot - {}
RESULT: {}
]]></system-out>
    </testcase>
    <testcase classname="chrome.136_0_7103_93.windows.Sanity_Tests_US104253" name="Should open Schedule Jobs page" time="35.815">
      <system-out><![CDATA[
COMMAND: POST /session/88012d21873711621afe741aa394e709/execute/async - {"script":"<script> [1562 bytes]","args":[{"selector":{"controlType":"sap.m.GenericTile","properties":{"header":"Schedule Jobs"}},"wdio_ui5_key":"sapm.GenericTile{\"header\":\"Schedule Jobs\"}"}]}
RESULT: {"script":"<script> [1562 bytes]","args":[{"selector":{"controlType":"sap.m.GenericTile","properties":{"header":"Schedule Jobs"}},"wdio_ui5_key":"sapm.GenericTile{\"header\":\"Schedule Jobs\"}"}]}
RESULT: undefined
COMMAND: POST /session/88012d21873711621afe741aa394e709/element - {"using":"xpath","value":"//*[@id=\"__tile127\"]"}
RESULT: {"using":"xpath","value":"//*[@id=\"__tile127\"]"}
COMMAND: POST /session/88012d21873711621afe741aa394e709/element/f.56122AFE787BE7E77FBE5FB46E7B04D6.d.E9F947147E6455379294B9A48968BB07.e.5079/click - {}
RESULT: {}
COMMAND: GET /session/88012d21873711621afe741aa394e709/screenshot - {}
RESULT: {}
COMMAND: POST /session/88012d21873711621afe741aa394e709/elements - {"using":"xpath","value":"//span[text()='Error']"}
RESULT: {"using":"xpath","value":"//span[text()='Error']"}
RESULT: undefined
COMMAND: POST /session/88012d21873711621afe741aa394e709/element - {"using":"xpath","value":"//*[@id=\"__tile127\"]"}
RESULT: {"using":"xpath","value":"//*[@id=\"__tile127\"]"}
COMMAND: POST /session/88012d21873711621afe741aa394e709/element/f.56122AFE787BE7E77FBE5FB46E7B04D6.d.E9F947147E6455379294B9A48968BB07.e.5079/click - {}
RESULT: undefined
COMMAND: POST /session/88012d21873711621afe741aa394e709/element - {"using":"xpath","value":"//*[@id=\"__tile127\"]"}
RESULT: {"using":"xpath","value":"//*[@id=\"__tile127\"]"}
COMMAND: POST /session/88012d21873711621afe741aa394e709/element/f.56122AFE787BE7E77FBE5FB46E7B04D6.d.E9F947147E6455379294B9A48968BB07.e.5079/click - {}
RESULT: undefined
COMMAND: POST /session/88012d21873711621afe741aa394e709/execute/async - {"script":"<script> [6424 bytes]","args":[{"element-6066-11e4-a52e-4f735466cecf":"f.56122AFE787BE7E77FBE5FB46E7B04D6.d.E9F947147E6455379294B9A48968BB07.e.276"},"getTitle",[]]}
COMMAND: POST /session/88012d21873711621afe741aa394e709/execute/async - {"script":"<script> [1562 bytes]","args":[{"selector":{"id":"shellAppTitle"},"wdio_ui5_key":"shellAppTitle"}]}
RESULT: {"script":"<script> [1562 bytes]","args":[{"selector":{"id":"shellAppTitle"},"wdio_ui5_key":"shellAppTitle"}]}
COMMAND: POST /session/88012d21873711621afe741aa394e709/execute/async - {"script":"<script> [6424 bytes]","args":[{"element-6066-11e4-a52e-4f735466cecf":"f.56122AFE787BE7E77FBE5FB46E7B04D6.d.E9F947147E6455379294B9A48968BB07.e.5124"},"getTitle",[]]}
RESULT: {"script":"<script> [6424 bytes]","args":[{"element-6066-11e4-a52e-4f735466cecf":"f.56122AFE787BE7E77FBE5FB46E7B04D6.d.E9F947147E6455379294B9A48968BB07.e.5124"},"getTitle",[]]}
RESULT: undefined
COMMAND: POST /session/88012d21873711621afe741aa394e709/element/f.56122AFE787BE7E77FBE5FB46E7B04D6.d.E9F947147E6455379294B9A48968BB07.e.5075/click - {}
COMMAND: POST /session/88012d21873711621afe741aa394e709/element/f.56122AFE787BE7E77FBE5FB46E7B04D6.d.E9F947147E6455379294B9A48968BB07.e.5075/click - {}
RESULT: {}
COMMAND: GET /session/88012d21873711621afe741aa394e709/screenshot - {}
COMMAND: POST /session/88012d21873711621afe741aa394e709/element - {"using":"xpath","value":"//*[@id=\"backBtn\"]"}
RESULT: {}
RESULT: {"using":"xpath","value":"//*[@id=\"backBtn\"]"}
COMMAND: POST /session/88012d21873711621afe741aa394e709/elements - {"using":"xpath","value":"//*[@id=\"backBtn\"]"}
RESULT: {"using":"xpath","value":"//*[@id=\"backBtn\"]"}
COMMAND: POST /session/88012d21873711621afe741aa394e709/elements - {"using":"xpath","value":"//*[@id=\"backBtn\"]"}
RESULT: {"using":"xpath","value":"//*[@id=\"backBtn\"]"}
COMMAND: POST /session/88012d21873711621afe741aa394e709/elements - {"using":"xpath","value":"//*[@id=\"backBtn\"]"}
RESULT: {"using":"xpath","value":"//*[@id=\"backBtn\"]"}
COMMAND: POST /session/88012d21873711621afe741aa394e709/elements - {"using":"xpath","value":"//*[@id=\"backBtn\"]"}
RESULT: {"using":"xpath","value":"//*[@id=\"backBtn\"]"}
COMMAND: POST /session/88012d21873711621afe741aa394e709/elements - {"using":"xpath","value":"//*[@id=\"backBtn\"]"}
RESULT: {"using":"xpath","value":"//*[@id=\"backBtn\"]"}
COMMAND: POST /session/88012d21873711621afe741aa394e709/elements - {"using":"xpath","value":"//*[@id=\"backBtn\"]"}
RESULT: {"using":"xpath","value":"//*[@id=\"backBtn\"]"}
COMMAND: POST /session/88012d21873711621afe741aa394e709/elements - {"using":"xpath","value":"//*[@id=\"backBtn\"]"}
RESULT: {"using":"xpath","value":"//*[@id=\"backBtn\"]"}
COMMAND: POST /session/88012d21873711621afe741aa394e709/elements - {"using":"xpath","value":"//*[@id=\"backBtn\"]"}
RESULT: {"using":"xpath","value":"//*[@id=\"backBtn\"]"}
COMMAND: POST /session/88012d21873711621afe741aa394e709/elements - {"using":"xpath","value":"//*[@id=\"backBtn\"]"}
RESULT: {"using":"xpath","value":"//*[@id=\"backBtn\"]"}
COMMAND: POST /session/88012d21873711621afe741aa394e709/elements - {"using":"xpath","value":"//*[@id=\"backBtn\"]"}
RESULT: {"using":"xpath","value":"//*[@id=\"backBtn\"]"}
COMMAND: POST /session/88012d21873711621afe741aa394e709/elements - {"using":"xpath","value":"//*[@id=\"backBtn\"]"}
RESULT: {"using":"xpath","value":"//*[@id=\"backBtn\"]"}
COMMAND: POST /session/88012d21873711621afe741aa394e709/elements - {"using":"xpath","value":"//*[@id=\"backBtn\"]"}
RESULT: {"using":"xpath","value":"//*[@id=\"backBtn\"]"}
COMMAND: POST /session/88012d21873711621afe741aa394e709/elements - {"using":"xpath","value":"//*[@id=\"backBtn\"]"}
RESULT: {"using":"xpath","value":"//*[@id=\"backBtn\"]"}
COMMAND: POST /session/88012d21873711621afe741aa394e709/elements - {"using":"xpath","value":"//*[@id=\"backBtn\"]"}
RESULT: {"using":"xpath","value":"//*[@id=\"backBtn\"]"}
COMMAND: POST /session/88012d21873711621afe741aa394e709/elements - {"using":"xpath","value":"//*[@id=\"backBtn\"]"}
RESULT: {"using":"xpath","value":"//*[@id=\"backBtn\"]"}
COMMAND: POST /session/88012d21873711621afe741aa394e709/elements - {"using":"xpath","value":"//*[@id=\"backBtn\"]"}
RESULT: {"using":"xpath","value":"//*[@id=\"backBtn\"]"}
COMMAND: POST /session/88012d21873711621afe741aa394e709/elements - {"using":"xpath","value":"//*[@id=\"backBtn\"]"}
RESULT: {"using":"xpath","value":"//*[@id=\"backBtn\"]"}
COMMAND: POST /session/88012d21873711621afe741aa394e709/elements - {"using":"xpath","value":"//*[@id=\"backBtn\"]"}
RESULT: {"using":"xpath","value":"//*[@id=\"backBtn\"]"}
]]></system-out>
    </testcase>
    <testcase classname="chrome.136_0_7103_93.windows.Sanity_Tests_US104253" name="Should open Jobs Setup page" time="36.67">
      <system-out><![CDATA[
COMMAND: POST /session/88012d21873711621afe741aa394e709/execute/async - {"script":"<script> [1562 bytes]","args":[{"selector":{"controlType":"sap.m.GenericTile","properties":{"header":"Jobs Setup"}},"wdio_ui5_key":"sapm.GenericTile{\"header\":\"Jobs Setup\"}"}]}
COMMAND: POST /session/88012d21873711621afe741aa394e709/elements - {"using":"xpath","value":"//*[@id=\"backBtn\"]"}
RESULT: {"script":"<script> [1562 bytes]","args":[{"selector":{"controlType":"sap.m.GenericTile","properties":{"header":"Jobs Setup"}},"wdio_ui5_key":"sapm.GenericTile{\"header\":\"Jobs Setup\"}"}]}
RESULT: undefined
COMMAND: POST /session/88012d21873711621afe741aa394e709/element - {"using":"xpath","value":"//*[@id=\"__tile128\"]"}
RESULT: {"using":"xpath","value":"//*[@id=\"backBtn\"]"}
RESULT: {"using":"xpath","value":"//*[@id=\"__tile128\"]"}
COMMAND: POST /session/88012d21873711621afe741aa394e709/element/f.56122AFE787BE7E77FBE5FB46E7B04D6.d.E9F947147E6455379294B9A48968BB07.e.106/click - {}
RESULT: {}
COMMAND: GET /session/88012d21873711621afe741aa394e709/screenshot - {}
COMMAND: POST /session/88012d21873711621afe741aa394e709/elements - {"using":"xpath","value":"//*[@id=\"backBtn\"]"}
RESULT: {}
RESULT: {"using":"xpath","value":"//*[@id=\"backBtn\"]"}
COMMAND: POST /session/88012d21873711621afe741aa394e709/elements - {"using":"xpath","value":"//*[@id=\"backBtn\"]"}
RESULT: {"using":"xpath","value":"//*[@id=\"backBtn\"]"}
COMMAND: POST /session/88012d21873711621afe741aa394e709/element - {"using":"xpath","value":"//*[@id=\"backBtn\"]"}
RESULT: {"using":"xpath","value":"//*[@id=\"backBtn\"]"}
COMMAND: POST /session/88012d21873711621afe741aa394e709/element/f.56122AFE787BE7E77FBE5FB46E7B04D6.d.E9F947147E6455379294B9A48968BB07.e.5075/click - {}
COMMAND: POST /session/88012d21873711621afe741aa394e709/element - {"using":"xpath","value":"//*[@id=\"backBtn\"]"}
RESULT: {"using":"xpath","value":"//*[@id=\"backBtn\"]"}
COMMAND: POST /session/88012d21873711621afe741aa394e709/element/f.56122AFE787BE7E77FBE5FB46E7B04D6.d.E9F947147E6455379294B9A48968BB07.e.5180/click - {}
RESULT: {}
COMMAND: GET /session/88012d21873711621afe741aa394e709/screenshot - {}
RESULT: {}
COMMAND: POST /session/88012d21873711621afe741aa394e709/elements - {"using":"xpath","value":"//span[text()='Error']"}
RESULT: {"using":"xpath","value":"//span[text()='Error']"}
RESULT: undefined
COMMAND: POST /session/88012d21873711621afe741aa394e709/element - {"using":"xpath","value":"//*[@id=\"__tile128\"]"}
RESULT: {"using":"xpath","value":"//*[@id=\"__tile128\"]"}
COMMAND: POST /session/88012d21873711621afe741aa394e709/element/f.56122AFE787BE7E77FBE5FB46E7B04D6.d.E9F947147E6455379294B9A48968BB07.e.106/click - {}
RESULT: undefined
COMMAND: POST /session/88012d21873711621afe741aa394e709/element - {"using":"xpath","value":"//*[@id=\"__tile128\"]"}
RESULT: {"using":"xpath","value":"//*[@id=\"__tile128\"]"}
COMMAND: POST /session/88012d21873711621afe741aa394e709/element/f.56122AFE787BE7E77FBE5FB46E7B04D6.d.E9F947147E6455379294B9A48968BB07.e.106/click - {}
RESULT: undefined
COMMAND: POST /session/88012d21873711621afe741aa394e709/execute/async - {"script":"<script> [6424 bytes]","args":[{"element-6066-11e4-a52e-4f735466cecf":"f.56122AFE787BE7E77FBE5FB46E7B04D6.d.E9F947147E6455379294B9A48968BB07.e.276"},"getTitle",[]]}
COMMAND: POST /session/88012d21873711621afe741aa394e709/execute/async - {"script":"<script> [1562 bytes]","args":[{"selector":{"id":"shellAppTitle"},"wdio_ui5_key":"shellAppTitle"}]}
RESULT: {"script":"<script> [1562 bytes]","args":[{"selector":{"id":"shellAppTitle"},"wdio_ui5_key":"shellAppTitle"}]}
COMMAND: POST /session/88012d21873711621afe741aa394e709/execute/async - {"script":"<script> [6424 bytes]","args":[{"element-6066-11e4-a52e-4f735466cecf":"f.56122AFE787BE7E77FBE5FB46E7B04D6.d.E9F947147E6455379294B9A48968BB07.e.5211"},"getTitle",[]]}
RESULT: {"script":"<script> [6424 bytes]","args":[{"element-6066-11e4-a52e-4f735466cecf":"f.56122AFE787BE7E77FBE5FB46E7B04D6.d.E9F947147E6455379294B9A48968BB07.e.5211"},"getTitle",[]]}
RESULT: undefined
COMMAND: POST /session/88012d21873711621afe741aa394e709/element/f.56122AFE787BE7E77FBE5FB46E7B04D6.d.E9F947147E6455379294B9A48968BB07.e.5180/click - {}
COMMAND: POST /session/88012d21873711621afe741aa394e709/element/f.56122AFE787BE7E77FBE5FB46E7B04D6.d.E9F947147E6455379294B9A48968BB07.e.5180/click - {}
RESULT: {}
COMMAND: GET /session/88012d21873711621afe741aa394e709/screenshot - {}
RESULT: {}
COMMAND: GET /session/88012d21873711621afe741aa394e709/screenshot - {}
RESULT: {}
RESULT: {}
]]></system-out>
    </testcase>
    <testcase classname="chrome.136_0_7103_93.windows.Sanity_Tests_US104253" name="Should open Target Systems Configuration page" time="35.829">
      <system-out><![CDATA[
COMMAND: POST /session/88012d21873711621afe741aa394e709/execute/async - {"script":"<script> [1562 bytes]","args":[{"selector":{"controlType":"sap.m.GenericTile","properties":{"header":"Target Systems Configuration"}},"wdio_ui5_key":"sapm.GenericTile{\"header\":\"Target Systems Configuration\"}"}]}
RESULT: {"script":"<script> [1562 bytes]","args":[{"selector":{"controlType":"sap.m.GenericTile","properties":{"header":"Target Systems Configuration"}},"wdio_ui5_key":"sapm.GenericTile{\"header\":\"Target Systems Configuration\"}"}]}
RESULT: undefined
COMMAND: POST /session/88012d21873711621afe741aa394e709/element - {"using":"xpath","value":"//*[@id=\"__tile129\"]"}
RESULT: {"using":"xpath","value":"//*[@id=\"__tile129\"]"}
COMMAND: POST /session/88012d21873711621afe741aa394e709/element/f.56122AFE787BE7E77FBE5FB46E7B04D6.d.E9F947147E6455379294B9A48968BB07.e.5215/click - {}
RESULT: {}
COMMAND: GET /session/88012d21873711621afe741aa394e709/screenshot - {}
RESULT: {}
COMMAND: POST /session/88012d21873711621afe741aa394e709/elements - {"using":"xpath","value":"//span[text()='Error']"}
RESULT: {"using":"xpath","value":"//span[text()='Error']"}
RESULT: undefined
COMMAND: POST /session/88012d21873711621afe741aa394e709/element - {"using":"xpath","value":"//*[@id=\"__tile129\"]"}
RESULT: {"using":"xpath","value":"//*[@id=\"__tile129\"]"}
COMMAND: POST /session/88012d21873711621afe741aa394e709/element/f.56122AFE787BE7E77FBE5FB46E7B04D6.d.E9F947147E6455379294B9A48968BB07.e.5215/click - {}
RESULT: undefined
COMMAND: POST /session/88012d21873711621afe741aa394e709/element - {"using":"xpath","value":"//*[@id=\"__tile129\"]"}
RESULT: {"using":"xpath","value":"//*[@id=\"__tile129\"]"}
COMMAND: POST /session/88012d21873711621afe741aa394e709/element/f.56122AFE787BE7E77FBE5FB46E7B04D6.d.E9F947147E6455379294B9A48968BB07.e.5215/click - {}
RESULT: undefined
COMMAND: POST /session/88012d21873711621afe741aa394e709/execute/async - {"script":"<script> [6424 bytes]","args":[{"element-6066-11e4-a52e-4f735466cecf":"f.56122AFE787BE7E77FBE5FB46E7B04D6.d.E9F947147E6455379294B9A48968BB07.e.276"},"getTitle",[]]}
COMMAND: POST /session/88012d21873711621afe741aa394e709/execute/async - {"script":"<script> [1562 bytes]","args":[{"selector":{"id":"shellAppTitle"},"wdio_ui5_key":"shellAppTitle"}]}
RESULT: {"script":"<script> [1562 bytes]","args":[{"selector":{"id":"shellAppTitle"},"wdio_ui5_key":"shellAppTitle"}]}
COMMAND: POST /session/88012d21873711621afe741aa394e709/execute/async - {"script":"<script> [6424 bytes]","args":[{"element-6066-11e4-a52e-4f735466cecf":"f.56122AFE787BE7E77FBE5FB46E7B04D6.d.E9F947147E6455379294B9A48968BB07.e.5291"},"getTitle",[]]}
RESULT: {"script":"<script> [6424 bytes]","args":[{"element-6066-11e4-a52e-4f735466cecf":"f.56122AFE787BE7E77FBE5FB46E7B04D6.d.E9F947147E6455379294B9A48968BB07.e.5291"},"getTitle",[]]}
RESULT: undefined
COMMAND: POST /session/88012d21873711621afe741aa394e709/element/f.56122AFE787BE7E77FBE5FB46E7B04D6.d.E9F947147E6455379294B9A48968BB07.e.5180/click - {}
COMMAND: POST /session/88012d21873711621afe741aa394e709/element/f.56122AFE787BE7E77FBE5FB46E7B04D6.d.E9F947147E6455379294B9A48968BB07.e.5180/click - {}
RESULT: {}
COMMAND: GET /session/88012d21873711621afe741aa394e709/screenshot - {}
COMMAND: POST /session/88012d21873711621afe741aa394e709/element - {"using":"xpath","value":"//*[@id=\"backBtn\"]"}
RESULT: {}
RESULT: {"using":"xpath","value":"//*[@id=\"backBtn\"]"}
COMMAND: POST /session/88012d21873711621afe741aa394e709/elements - {"using":"xpath","value":"//*[@id=\"backBtn\"]"}
RESULT: {"using":"xpath","value":"//*[@id=\"backBtn\"]"}
COMMAND: POST /session/88012d21873711621afe741aa394e709/elements - {"using":"xpath","value":"//*[@id=\"backBtn\"]"}
RESULT: {"using":"xpath","value":"//*[@id=\"backBtn\"]"}
COMMAND: POST /session/88012d21873711621afe741aa394e709/elements - {"using":"xpath","value":"//*[@id=\"backBtn\"]"}
RESULT: {"using":"xpath","value":"//*[@id=\"backBtn\"]"}
COMMAND: POST /session/88012d21873711621afe741aa394e709/elements - {"using":"xpath","value":"//*[@id=\"backBtn\"]"}
RESULT: {"using":"xpath","value":"//*[@id=\"backBtn\"]"}
COMMAND: POST /session/88012d21873711621afe741aa394e709/elements - {"using":"xpath","value":"//*[@id=\"backBtn\"]"}
RESULT: {"using":"xpath","value":"//*[@id=\"backBtn\"]"}
COMMAND: POST /session/88012d21873711621afe741aa394e709/elements - {"using":"xpath","value":"//*[@id=\"backBtn\"]"}
RESULT: {"using":"xpath","value":"//*[@id=\"backBtn\"]"}
COMMAND: POST /session/88012d21873711621afe741aa394e709/elements - {"using":"xpath","value":"//*[@id=\"backBtn\"]"}
RESULT: {"using":"xpath","value":"//*[@id=\"backBtn\"]"}
COMMAND: POST /session/88012d21873711621afe741aa394e709/elements - {"using":"xpath","value":"//*[@id=\"backBtn\"]"}
RESULT: {"using":"xpath","value":"//*[@id=\"backBtn\"]"}
COMMAND: POST /session/88012d21873711621afe741aa394e709/elements - {"using":"xpath","value":"//*[@id=\"backBtn\"]"}
RESULT: {"using":"xpath","value":"//*[@id=\"backBtn\"]"}
COMMAND: POST /session/88012d21873711621afe741aa394e709/elements - {"using":"xpath","value":"//*[@id=\"backBtn\"]"}
RESULT: {"using":"xpath","value":"//*[@id=\"backBtn\"]"}
COMMAND: POST /session/88012d21873711621afe741aa394e709/elements - {"using":"xpath","value":"//*[@id=\"backBtn\"]"}
RESULT: {"using":"xpath","value":"//*[@id=\"backBtn\"]"}
COMMAND: POST /session/88012d21873711621afe741aa394e709/elements - {"using":"xpath","value":"//*[@id=\"backBtn\"]"}
RESULT: {"using":"xpath","value":"//*[@id=\"backBtn\"]"}
COMMAND: POST /session/88012d21873711621afe741aa394e709/elements - {"using":"xpath","value":"//*[@id=\"backBtn\"]"}
RESULT: {"using":"xpath","value":"//*[@id=\"backBtn\"]"}
COMMAND: POST /session/88012d21873711621afe741aa394e709/elements - {"using":"xpath","value":"//*[@id=\"backBtn\"]"}
RESULT: {"using":"xpath","value":"//*[@id=\"backBtn\"]"}
COMMAND: POST /session/88012d21873711621afe741aa394e709/elements - {"using":"xpath","value":"//*[@id=\"backBtn\"]"}
RESULT: {"using":"xpath","value":"//*[@id=\"backBtn\"]"}
COMMAND: POST /session/88012d21873711621afe741aa394e709/elements - {"using":"xpath","value":"//*[@id=\"backBtn\"]"}
RESULT: {"using":"xpath","value":"//*[@id=\"backBtn\"]"}
COMMAND: POST /session/88012d21873711621afe741aa394e709/elements - {"using":"xpath","value":"//*[@id=\"backBtn\"]"}
RESULT: {"using":"xpath","value":"//*[@id=\"backBtn\"]"}
COMMAND: POST /session/88012d21873711621afe741aa394e709/elements - {"using":"xpath","value":"//*[@id=\"backBtn\"]"}
RESULT: {"using":"xpath","value":"//*[@id=\"backBtn\"]"}
COMMAND: POST /session/88012d21873711621afe741aa394e709/elements - {"using":"xpath","value":"//*[@id=\"backBtn\"]"}
RESULT: {"using":"xpath","value":"//*[@id=\"backBtn\"]"}
COMMAND: POST /session/88012d21873711621afe741aa394e709/elements - {"using":"xpath","value":"//*[@id=\"backBtn\"]"}
RESULT: {"using":"xpath","value":"//*[@id=\"backBtn\"]"}
COMMAND: POST /session/88012d21873711621afe741aa394e709/elements - {"using":"xpath","value":"//*[@id=\"backBtn\"]"}
RESULT: {"using":"xpath","value":"//*[@id=\"backBtn\"]"}
COMMAND: POST /session/88012d21873711621afe741aa394e709/elements - {"using":"xpath","value":"//*[@id=\"backBtn\"]"}
RESULT: {"using":"xpath","value":"//*[@id=\"backBtn\"]"}
COMMAND: POST /session/88012d21873711621afe741aa394e709/elements - {"using":"xpath","value":"//*[@id=\"backBtn\"]"}
RESULT: {"using":"xpath","value":"//*[@id=\"backBtn\"]"}
COMMAND: POST /session/88012d21873711621afe741aa394e709/elements - {"using":"xpath","value":"//*[@id=\"backBtn\"]"}
RESULT: {"using":"xpath","value":"//*[@id=\"backBtn\"]"}
COMMAND: POST /session/88012d21873711621afe741aa394e709/elements - {"using":"xpath","value":"//*[@id=\"backBtn\"]"}
RESULT: {"using":"xpath","value":"//*[@id=\"backBtn\"]"}
COMMAND: POST /session/88012d21873711621afe741aa394e709/elements - {"using":"xpath","value":"//*[@id=\"backBtn\"]"}
RESULT: {"using":"xpath","value":"//*[@id=\"backBtn\"]"}
COMMAND: POST /session/88012d21873711621afe741aa394e709/elements - {"using":"xpath","value":"//*[@id=\"backBtn\"]"}
RESULT: {"using":"xpath","value":"//*[@id=\"backBtn\"]"}
COMMAND: POST /session/88012d21873711621afe741aa394e709/elements - {"using":"xpath","value":"//*[@id=\"backBtn\"]"}
RESULT: {"using":"xpath","value":"//*[@id=\"backBtn\"]"}
COMMAND: POST /session/88012d21873711621afe741aa394e709/elements - {"using":"xpath","value":"//*[@id=\"backBtn\"]"}
RESULT: {"using":"xpath","value":"//*[@id=\"backBtn\"]"}
COMMAND: POST /session/88012d21873711621afe741aa394e709/elements - {"using":"xpath","value":"//*[@id=\"backBtn\"]"}
RESULT: {"using":"xpath","value":"//*[@id=\"backBtn\"]"}
COMMAND: POST /session/88012d21873711621afe741aa394e709/elements - {"using":"xpath","value":"//*[@id=\"backBtn\"]"}
RESULT: {"using":"xpath","value":"//*[@id=\"backBtn\"]"}
COMMAND: POST /session/88012d21873711621afe741aa394e709/elements - {"using":"xpath","value":"//*[@id=\"backBtn\"]"}
RESULT: {"using":"xpath","value":"//*[@id=\"backBtn\"]"}
COMMAND: POST /session/88012d21873711621afe741aa394e709/elements - {"using":"xpath","value":"//*[@id=\"backBtn\"]"}
RESULT: {"using":"xpath","value":"//*[@id=\"backBtn\"]"}
COMMAND: POST /session/88012d21873711621afe741aa394e709/elements - {"using":"xpath","value":"//*[@id=\"backBtn\"]"}
RESULT: {"using":"xpath","value":"//*[@id=\"backBtn\"]"}
COMMAND: POST /session/88012d21873711621afe741aa394e709/elements - {"using":"xpath","value":"//*[@id=\"backBtn\"]"}
RESULT: {"using":"xpath","value":"//*[@id=\"backBtn\"]"}
COMMAND: POST /session/88012d21873711621afe741aa394e709/elements - {"using":"xpath","value":"//*[@id=\"backBtn\"]"}
RESULT: {"using":"xpath","value":"//*[@id=\"backBtn\"]"}
COMMAND: POST /session/88012d21873711621afe741aa394e709/elements - {"using":"xpath","value":"//*[@id=\"backBtn\"]"}
RESULT: {"using":"xpath","value":"//*[@id=\"backBtn\"]"}
COMMAND: POST /session/88012d21873711621afe741aa394e709/elements - {"using":"xpath","value":"//*[@id=\"backBtn\"]"}
RESULT: {"using":"xpath","value":"//*[@id=\"backBtn\"]"}
COMMAND: POST /session/88012d21873711621afe741aa394e709/elements - {"using":"xpath","value":"//*[@id=\"backBtn\"]"}
COMMAND: DELETE /session/88012d21873711621afe741aa394e709 - {}
RESULT: {"using":"xpath","value":"//*[@id=\"backBtn\"]"}
COMMAND: POST /session/88012d21873711621afe741aa394e709/elements - {"using":"xpath","value":"//*[@id=\"backBtn\"]"}
RESULT: {}
]]></system-out>
    </testcase>
  </testsuite>
</testsuites>