<?xml version="1.0" encoding="UTF-8"?>
<testsuites tests="58" failures="0" errors="0" skipped="0">
  <testsuite timestamp="2025-05-14T17:13:08" time="1118.324" tests="11" failures="0" errors="0" skipped="0">
    <properties>
      <property name="specId" value="0" />
      <property name="suiteName" value="Billing confirm US117289" />
      <property name="capabilities" value="chrome.136_0_7103_49.windows" />
      <property name="file" value="file:///D:/a/1/s/test/specs/BTS/billing-confirm.spec.js" />
    </properties>
    <testcase classname="chrome.136_0_7103_49.windows.Billing_confirm_US117289" name="Should create a new yard" time="135.883">
      <system-out><![CDATA[
COMMAND: POST /session/ee8c0ad77c32eb6cf27ae9120157f0fa/window/fullscreen - {}
RESULT: {}
COMMAND: POST /session/ee8c0ad77c32eb6cf27ae9120157f0fa/execute/async - {"script":"<script> [1562 bytes]","args":[{"selector":{"controlType":"sap.m.GenericTile","properties":{"header":"Manage Yards"}},"wdio_ui5_key":"sapm.GenericTile{\"header\":\"Manage Yards\"}"}]}
RESULT: {"script":"<script> [1562 bytes]","args":[{"selector":{"controlType":"sap.m.GenericTile","properties":{"header":"Manage Yards"}},"wdio_ui5_key":"sapm.GenericTile{\"header\":\"Manage Yards\"}"}]}
RESULT: undefined
COMMAND: POST /session/ee8c0ad77c32eb6cf27ae9120157f0fa/element - {"using":"xpath","value":"//*[@id=\"__tile41\"]"}
RESULT: {"using":"xpath","value":"//*[@id=\"__tile41\"]"}
COMMAND: POST /session/ee8c0ad77c32eb6cf27ae9120157f0fa/element/f.4EEDEA8BBD1FF6E0A028415A04A49F5E.d.DB9F09A73F50443CDE42E6134081268F.e.175/click - {}
RESULT: {}
COMMAND: GET /session/ee8c0ad77c32eb6cf27ae9120157f0fa/screenshot - {}
RESULT: {}
COMMAND: POST /session/ee8c0ad77c32eb6cf27ae9120157f0fa/elements - {"using":"xpath","value":"//span[text()='Error']"}
RESULT: {"using":"xpath","value":"//span[text()='Error']"}
COMMAND: POST /session/ee8c0ad77c32eb6cf27ae9120157f0fa/element - {"using":"xpath","value":"//button[@data-kt=\"addNewYardOverflowToolbarButton\"]"}
RESULT: {"using":"xpath","value":"//button[@data-kt=\"addNewYardOverflowToolbarButton\"]"}
COMMAND: POST /session/ee8c0ad77c32eb6cf27ae9120157f0fa/elements - {"using":"xpath","value":"//button[@data-kt=\"addNewYardOverflowToolbarButton\"]"}
RESULT: {"using":"xpath","value":"//button[@data-kt=\"addNewYardOverflowToolbarButton\"]"}
COMMAND: POST /session/ee8c0ad77c32eb6cf27ae9120157f0fa/elements - {"using":"xpath","value":"//button[@data-kt=\"addNewYardOverflowToolbarButton\"]"}
RESULT: {"using":"xpath","value":"//button[@data-kt=\"addNewYardOverflowToolbarButton\"]"}
COMMAND: POST /session/ee8c0ad77c32eb6cf27ae9120157f0fa/elements - {"using":"xpath","value":"//button[@data-kt=\"addNewYardOverflowToolbarButton\"]"}
RESULT: {"using":"xpath","value":"//button[@data-kt=\"addNewYardOverflowToolbarButton\"]"}
COMMAND: POST /session/ee8c0ad77c32eb6cf27ae9120157f0fa/elements - {"using":"xpath","value":"//button[@data-kt=\"addNewYardOverflowToolbarButton\"]"}
RESULT: {"using":"xpath","value":"//button[@data-kt=\"addNewYardOverflowToolbarButton\"]"}
COMMAND: POST /session/ee8c0ad77c32eb6cf27ae9120157f0fa/elements - {"using":"xpath","value":"//button[@data-kt=\"addNewYardOverflowToolbarButton\"]"}
RESULT: {"using":"xpath","value":"//button[@data-kt=\"addNewYardOverflowToolbarButton\"]"}
COMMAND: POST /session/ee8c0ad77c32eb6cf27ae9120157f0fa/elements - {"using":"xpath","value":"//button[@data-kt=\"addNewYardOverflowToolbarButton\"]"}
RESULT: {"using":"xpath","value":"//button[@data-kt=\"addNewYardOverflowToolbarButton\"]"}
COMMAND: POST /session/ee8c0ad77c32eb6cf27ae9120157f0fa/elements - {"using":"xpath","value":"//button[@data-kt=\"addNewYardOverflowToolbarButton\"]"}
RESULT: {"using":"xpath","value":"//button[@data-kt=\"addNewYardOverflowToolbarButton\"]"}
COMMAND: POST /session/ee8c0ad77c32eb6cf27ae9120157f0fa/elements - {"using":"xpath","value":"//button[@data-kt=\"addNewYardOverflowToolbarButton\"]"}
RESULT: {"using":"xpath","value":"//button[@data-kt=\"addNewYardOverflowToolbarButton\"]"}
COMMAND: POST /session/ee8c0ad77c32eb6cf27ae9120157f0fa/elements - {"using":"xpath","value":"//button[@data-kt=\"addNewYardOverflowToolbarButton\"]"}
RESULT: {"using":"xpath","value":"//button[@data-kt=\"addNewYardOverflowToolbarButton\"]"}
COMMAND: POST /session/ee8c0ad77c32eb6cf27ae9120157f0fa/elements - {"using":"xpath","value":"//button[@data-kt=\"addNewYardOverflowToolbarButton\"]"}
RESULT: {"using":"xpath","value":"//button[@data-kt=\"addNewYardOverflowToolbarButton\"]"}
COMMAND: POST /session/ee8c0ad77c32eb6cf27ae9120157f0fa/elements - {"using":"xpath","value":"//button[@data-kt=\"addNewYardOverflowToolbarButton\"]"}
RESULT: {"using":"xpath","value":"//button[@data-kt=\"addNewYardOverflowToolbarButton\"]"}
COMMAND: POST /session/ee8c0ad77c32eb6cf27ae9120157f0fa/element - {"using":"xpath","value":"//button[@data-kt=\"addNewYardOverflowToolbarButton\"]"}
RESULT: {"using":"xpath","value":"//button[@data-kt=\"addNewYardOverflowToolbarButton\"]"}
COMMAND: POST /session/ee8c0ad77c32eb6cf27ae9120157f0fa/execute/sync - {"script":"<script> [8489 bytes]","args":[{"element-6066-11e4-a52e-4f735466cecf":"f.4EEDEA8BBD1FF6E0A028415A04A49F5E.d.DB9F09A73F50443CDE42E6134081268F.e.309","ELEMENT":"f.4EEDEA8BBD1FF6E0A028415A04A49F5E.d.DB9F09A73F50443CDE42E6134081268F.e.309"}]}
RESULT: {"script":"<script> [8489 bytes]","args":[{"element-6066-11e4-a52e-4f735466cecf":"f.4EEDEA8BBD1FF6E0A028415A04A49F5E.d.DB9F09A73F50443CDE42E6134081268F.e.309","ELEMENT":"f.4EEDEA8BBD1FF6E0A028415A04A49F5E.d.DB9F09A73F50443CDE42E6134081268F.e.309"}]}
COMMAND: GET /session/ee8c0ad77c32eb6cf27ae9120157f0fa/element/f.4EEDEA8BBD1FF6E0A028415A04A49F5E.d.DB9F09A73F50443CDE42E6134081268F.e.309/enabled - {}
COMMAND: GET /session/ee8c0ad77c32eb6cf27ae9120157f0fa/screenshot - {}
RESULT: {}
COMMAND: POST /session/ee8c0ad77c32eb6cf27ae9120157f0fa/execute/sync - {"script":"<script> [8489 bytes]","args":[{"element-6066-11e4-a52e-4f735466cecf":"f.4EEDEA8BBD1FF6E0A028415A04A49F5E.d.DB9F09A73F50443CDE42E6134081268F.e.309","ELEMENT":"f.4EEDEA8BBD1FF6E0A028415A04A49F5E.d.DB9F09A73F50443CDE42E6134081268F.e.309"}]}
COMMAND: GET /session/ee8c0ad77c32eb6cf27ae9120157f0fa/screenshot - {}
RESULT: {}
RESULT: {"script":"<script> [8489 bytes]","args":[{"element-6066-11e4-a52e-4f735466cecf":"f.4EEDEA8BBD1FF6E0A028415A04A49F5E.d.DB9F09A73F50443CDE42E6134081268F.e.309","ELEMENT":"f.4EEDEA8BBD1FF6E0A028415A04A49F5E.d.DB9F09A73F50443CDE42E6134081268F.e.309"}]}
COMMAND: POST /session/ee8c0ad77c32eb6cf27ae9120157f0fa/execute/sync - {"script":"<script> [5351 bytes]","args":[{"element-6066-11e4-a52e-4f735466cecf":"f.4EEDEA8BBD1FF6E0A028415A04A49F5E.d.DB9F09A73F50443CDE42E6134081268F.e.309","ELEMENT":"f.4EEDEA8BBD1FF6E0A028415A04A49F5E.d.DB9F09A73F50443CDE42E6134081268F.e.309"}]}
COMMAND: GET /session/ee8c0ad77c32eb6cf27ae9120157f0fa/screenshot - {}
RESULT: {}
RESULT: {"script":"<script> [5351 bytes]","args":[{"element-6066-11e4-a52e-4f735466cecf":"f.4EEDEA8BBD1FF6E0A028415A04A49F5E.d.DB9F09A73F50443CDE42E6134081268F.e.309","ELEMENT":"f.4EEDEA8BBD1FF6E0A028415A04A49F5E.d.DB9F09A73F50443CDE42E6134081268F.e.309"}]}
COMMAND: POST /session/ee8c0ad77c32eb6cf27ae9120157f0fa/element/f.4EEDEA8BBD1FF6E0A028415A04A49F5E.d.DB9F09A73F50443CDE42E6134081268F.e.309/click - {}
COMMAND: GET /session/ee8c0ad77c32eb6cf27ae9120157f0fa/screenshot - {}
RESULT: {}
RESULT: {}
COMMAND: GET /session/ee8c0ad77c32eb6cf27ae9120157f0fa/screenshot - {}
RESULT: {}
RESULT: {}
COMMAND: POST /session/ee8c0ad77c32eb6cf27ae9120157f0fa/element - {"using":"xpath","value":"//input[@id=\"application-manageyards-display-component---NewYard--yardId-inner\"]"}
RESULT: {"using":"xpath","value":"//input[@id=\"application-manageyards-display-component---NewYard--yardId-inner\"]"}
COMMAND: POST /session/ee8c0ad77c32eb6cf27ae9120157f0fa/element - {"using":"xpath","value":"//input[@id=\"application-manageyards-display-component---NewYard--yardId-inner\"]"}
RESULT: {"using":"xpath","value":"//input[@id=\"application-manageyards-display-component---NewYard--yardId-inner\"]"}
COMMAND: POST /session/ee8c0ad77c32eb6cf27ae9120157f0fa/execute/async - {"script":"<script> [1562 bytes]","args":[{"selector":{"id":"application-manageyards-display-component---NewYard--addressDetailDetailsName1","interaction":{"idSuffix":"inner"}},"wdio_ui5_key":"applicationmanageyards-display-component---NewYard--addressDetailDetailsName1"}]}
RESULT: {"script":"<script> [1562 bytes]","args":[{"selector":{"id":"application-manageyards-display-component---NewYard--addressDetailDetailsName1","interaction":{"idSuffix":"inner"}},"wdio_ui5_key":"applicationmanageyards-display-component---NewYard--addressDetailDetailsName1"}]}
RESULT: undefined
COMMAND: POST /session/ee8c0ad77c32eb6cf27ae9120157f0fa/execute/async - {"script":"<script> [776 bytes]","args":[{"enterText":"Intracompany Yard wdIO","selector":{"id":"application-manageyards-display-component---NewYard--addressDetailDetailsName1","interaction":{"idSuffix":"inner"}},"clearTextFirst":true,"interactionType":"ENTER_TEXT"}]}
RESULT: {"script":"<script> [776 bytes]","args":[{"enterText":"Intracompany Yard wdIO","selector":{"id":"application-manageyards-display-component---NewYard--addressDetailDetailsName1","interaction":{"idSuffix":"inner"}},"clearTextFirst":true,"interactionType":"ENTER_TEXT"}]}
COMMAND: POST /session/ee8c0ad77c32eb6cf27ae9120157f0fa/execute/async - {"script":"<script> [1562 bytes]","args":[{"selector":{"id":"application-manageyards-display-component---NewYard--addressDetailDetailsLanguage-arrow"},"wdio_ui5_key":"applicationmanageyards-display-component---NewYard--addressDetailDetailsLanguage-arrow"}]}
RESULT: {"script":"<script> [1562 bytes]","args":[{"selector":{"id":"application-manageyards-display-component---NewYard--addressDetailDetailsLanguage-arrow"},"wdio_ui5_key":"applicationmanageyards-display-component---NewYard--addressDetailDetailsLanguage-arrow"}]}
RESULT: undefined
COMMAND: POST /session/ee8c0ad77c32eb6cf27ae9120157f0fa/element - {"using":"xpath","value":"//*[@id=\"application-manageyards-display-component---NewYard--addressDetailDetailsLanguage-arrow\"]"}
RESULT: {"using":"xpath","value":"//*[@id=\"application-manageyards-display-component---NewYard--addressDetailDetailsLanguage-arrow\"]"}
COMMAND: POST /session/ee8c0ad77c32eb6cf27ae9120157f0fa/element/f.4EEDEA8BBD1FF6E0A028415A04A49F5E.d.DB9F09A73F50443CDE42E6134081268F.e.577/click - {}
RESULT: {}
COMMAND: POST /session/ee8c0ad77c32eb6cf27ae9120157f0fa/element - {"using":"xpath","value":"//span[contains(text(), \"English\")]"}
COMMAND: GET /session/ee8c0ad77c32eb6cf27ae9120157f0fa/screenshot - {}
RESULT: {"using":"xpath","value":"//span[contains(text(), \"English\")]"}
COMMAND: POST /session/ee8c0ad77c32eb6cf27ae9120157f0fa/element/f.4EEDEA8BBD1FF6E0A028415A04A49F5E.d.DB9F09A73F50443CDE42E6134081268F.e.578/click - {}
RESULT: {}
RESULT: {}
COMMAND: POST /session/ee8c0ad77c32eb6cf27ae9120157f0fa/execute/async - {"script":"<script> [1562 bytes]","args":[{"selector":{"id":"application-manageyards-display-component---NewYard--addressDetailDetailsCity1","interaction":{"idSuffix":"inner"}},"wdio_ui5_key":"applicationmanageyards-display-component---NewYard--addressDetailDetailsCity1"}]}
COMMAND: GET /session/ee8c0ad77c32eb6cf27ae9120157f0fa/screenshot - {}
RESULT: {"script":"<script> [1562 bytes]","args":[{"selector":{"id":"application-manageyards-display-component---NewYard--addressDetailDetailsCity1","interaction":{"idSuffix":"inner"}},"wdio_ui5_key":"applicationmanageyards-display-component---NewYard--addressDetailDetailsCity1"}]}
RESULT: undefined
COMMAND: POST /session/ee8c0ad77c32eb6cf27ae9120157f0fa/execute/async - {"script":"<script> [776 bytes]","args":[{"enterText":"Rosario","selector":{"id":"application-manageyards-display-component---NewYard--addressDetailDetailsCity1","interaction":{"idSuffix":"inner"}},"clearTextFirst":true,"interactionType":"ENTER_TEXT"}]}
RESULT: {}
RESULT: {"script":"<script> [776 bytes]","args":[{"enterText":"Rosario","selector":{"id":"application-manageyards-display-component---NewYard--addressDetailDetailsCity1","interaction":{"idSuffix":"inner"}},"clearTextFirst":true,"interactionType":"ENTER_TEXT"}]}
COMMAND: POST /session/ee8c0ad77c32eb6cf27ae9120157f0fa/execute/async - {"script":"<script> [1562 bytes]","args":[{"selector":{"id":"application-manageyards-display-component---NewYard--addressDetailDetailsCountry-arrow"},"wdio_ui5_key":"applicationmanageyards-display-component---NewYard--addressDetailDetailsCountry-arrow"}]}
RESULT: {"script":"<script> [1562 bytes]","args":[{"selector":{"id":"application-manageyards-display-component---NewYard--addressDetailDetailsCountry-arrow"},"wdio_ui5_key":"applicationmanageyards-display-component---NewYard--addressDetailDetailsCountry-arrow"}]}
RESULT: undefined
COMMAND: POST /session/ee8c0ad77c32eb6cf27ae9120157f0fa/element - {"using":"xpath","value":"//*[@id=\"application-manageyards-display-component---NewYard--addressDetailDetailsCountry-arrow\"]"}
RESULT: {"using":"xpath","value":"//*[@id=\"application-manageyards-display-component---NewYard--addressDetailDetailsCountry-arrow\"]"}
COMMAND: POST /session/ee8c0ad77c32eb6cf27ae9120157f0fa/element/f.4EEDEA8BBD1FF6E0A028415A04A49F5E.d.DB9F09A73F50443CDE42E6134081268F.e.580/click - {}
RESULT: {}
COMMAND: POST /session/ee8c0ad77c32eb6cf27ae9120157f0fa/element - {"using":"xpath","value":"//span[contains(text(), \"Argentina\")]"}
COMMAND: GET /session/ee8c0ad77c32eb6cf27ae9120157f0fa/screenshot - {}
RESULT: {"using":"xpath","value":"//span[contains(text(), \"Argentina\")]"}
COMMAND: POST /session/ee8c0ad77c32eb6cf27ae9120157f0fa/element/f.4EEDEA8BBD1FF6E0A028415A04A49F5E.d.DB9F09A73F50443CDE42E6134081268F.e.581/click - {}
RESULT: {}
RESULT: {}
COMMAND: POST /session/ee8c0ad77c32eb6cf27ae9120157f0fa/execute/async - {"script":"<script> [1562 bytes]","args":[{"selector":{"id":"application-manageyards-display-component---NewYard--addressEditDetailsCostObjectCstType-arrow"},"wdio_ui5_key":"applicationmanageyards-display-component---NewYard--addressEditDetailsCostObjectCstType-arrow"}]}
COMMAND: GET /session/ee8c0ad77c32eb6cf27ae9120157f0fa/screenshot - {}
RESULT: {"script":"<script> [1562 bytes]","args":[{"selector":{"id":"application-manageyards-display-component---NewYard--addressEditDetailsCostObjectCstType-arrow"},"wdio_ui5_key":"applicationmanageyards-display-component---NewYard--addressEditDetailsCostObjectCstType-arrow"}]}
RESULT: undefined
COMMAND: POST /session/ee8c0ad77c32eb6cf27ae9120157f0fa/element - {"using":"xpath","value":"//*[@id=\"application-manageyards-display-component---NewYard--addressEditDetailsCostObjectCstType-arrow\"]"}
RESULT: {}
RESULT: {"using":"xpath","value":"//*[@id=\"application-manageyards-display-component---NewYard--addressEditDetailsCostObjectCstType-arrow\"]"}
COMMAND: POST /session/ee8c0ad77c32eb6cf27ae9120157f0fa/element/f.4EEDEA8BBD1FF6E0A028415A04A49F5E.d.DB9F09A73F50443CDE42E6134081268F.e.583/click - {}
RESULT: {}
COMMAND: POST /session/ee8c0ad77c32eb6cf27ae9120157f0fa/element - {"using":"xpath","value":"//span[contains(text(), \"Cost Center\")]"}
COMMAND: GET /session/ee8c0ad77c32eb6cf27ae9120157f0fa/screenshot - {}
RESULT: {"using":"xpath","value":"//span[contains(text(), \"Cost Center\")]"}
COMMAND: POST /session/ee8c0ad77c32eb6cf27ae9120157f0fa/element/f.4EEDEA8BBD1FF6E0A028415A04A49F5E.d.DB9F09A73F50443CDE42E6134081268F.e.584/click - {}
RESULT: {}
RESULT: {}
COMMAND: GET /session/ee8c0ad77c32eb6cf27ae9120157f0fa/screenshot - {}
RESULT: {}
COMMAND: POST /session/ee8c0ad77c32eb6cf27ae9120157f0fa/element - {"using":"xpath","value":"//span[@id=\"application-manageyards-display-component---NewYard--addressNewCostObjectCstID-vhi\"]"}
RESULT: {"using":"xpath","value":"//span[@id=\"application-manageyards-display-component---NewYard--addressNewCostObjectCstID-vhi\"]"}
COMMAND: POST /session/ee8c0ad77c32eb6cf27ae9120157f0fa/execute/sync - {"script":"<script> [8489 bytes]","args":[{"element-6066-11e4-a52e-4f735466cecf":"f.4EEDEA8BBD1FF6E0A028415A04A49F5E.d.DB9F09A73F50443CDE42E6134081268F.e.588","ELEMENT":"f.4EEDEA8BBD1FF6E0A028415A04A49F5E.d.DB9F09A73F50443CDE42E6134081268F.e.588"}]}
RESULT: {"script":"<script> [8489 bytes]","args":[{"element-6066-11e4-a52e-4f735466cecf":"f.4EEDEA8BBD1FF6E0A028415A04A49F5E.d.DB9F09A73F50443CDE42E6134081268F.e.588","ELEMENT":"f.4EEDEA8BBD1FF6E0A028415A04A49F5E.d.DB9F09A73F50443CDE42E6134081268F.e.588"}]}
COMMAND: POST /session/ee8c0ad77c32eb6cf27ae9120157f0fa/execute/async - {"script":"<script> [1562 bytes]","args":[{"selector":{"id":"application-manageyards-display-component---NewYard--addressNewCostObjectCstID-vhi"},"wdio_ui5_key":"applicationmanageyards-display-component---NewYard--addressNewCostObjectCstID-vhi"}]}
COMMAND: GET /session/ee8c0ad77c32eb6cf27ae9120157f0fa/screenshot - {}
RESULT: {"script":"<script> [1562 bytes]","args":[{"selector":{"id":"application-manageyards-display-component---NewYard--addressNewCostObjectCstID-vhi"},"wdio_ui5_key":"applicationmanageyards-display-component---NewYard--addressNewCostObjectCstID-vhi"}]}
RESULT: undefined
COMMAND: POST /session/ee8c0ad77c32eb6cf27ae9120157f0fa/element - {"using":"xpath","value":"//*[@id=\"application-manageyards-display-component---NewYard--addressNewCostObjectCstID-vhi\"]"}
RESULT: {}
RESULT: {"using":"xpath","value":"//*[@id=\"application-manageyards-display-component---NewYard--addressNewCostObjectCstID-vhi\"]"}
COMMAND: POST /session/ee8c0ad77c32eb6cf27ae9120157f0fa/element/f.4EEDEA8BBD1FF6E0A028415A04A49F5E.d.DB9F09A73F50443CDE42E6134081268F.e.588/click - {}
RESULT: {}
COMMAND: GET /session/ee8c0ad77c32eb6cf27ae9120157f0fa/screenshot - {}
RESULT: {}
COMMAND: POST /session/ee8c0ad77c32eb6cf27ae9120157f0fa/execute/async - {"script":"<script> [1562 bytes]","args":[{"selector":{"controlType":"sap.m.SearchField","properties":{"placeholder":"Search"},"searchOpenDialogs":true,"interaction":{"idSuffix":"I"}},"wdio_ui5_key":"sapm.SearchField{\"placeholder\":\"Search\"}"}]}
RESULT: {"script":"<script> [1562 bytes]","args":[{"selector":{"controlType":"sap.m.SearchField","properties":{"placeholder":"Search"},"searchOpenDialogs":true,"interaction":{"idSuffix":"I"}},"wdio_ui5_key":"sapm.SearchField{\"placeholder\":\"Search\"}"}]}
RESULT: undefined
COMMAND: POST /session/ee8c0ad77c32eb6cf27ae9120157f0fa/execute/async - {"script":"<script> [776 bytes]","args":[{"enterText":"bauh_b","selector":{"controlType":"sap.m.SearchField","properties":{"placeholder":"Search"},"searchOpenDialogs":true,"interaction":{"idSuffix":"I"}},"clearTextFirst":true,"interactionType":"ENTER_TEXT"}]}
RESULT: {"script":"<script> [776 bytes]","args":[{"enterText":"bauh_b","selector":{"controlType":"sap.m.SearchField","properties":{"placeholder":"Search"},"searchOpenDialogs":true,"interaction":{"idSuffix":"I"}},"clearTextFirst":true,"interactionType":"ENTER_TEXT"}]}
COMMAND: POST /session/ee8c0ad77c32eb6cf27ae9120157f0fa/actions - {"actions":[{"id":"action1","type":"key","parameters":{},"actions":[{"type":"keyDown","value":"î€‡"},{"type":"pause","duration":10},{"type":"keyUp","value":"î€‡"}]}]}
RESULT: {"actions":[{"id":"action1","type":"key","parameters":{},"actions":[{"type":"keyDown","value":"î€‡"},{"type":"pause","duration":10},{"type":"keyUp","value":"î€‡"}]}]}
COMMAND: GET /session/ee8c0ad77c32eb6cf27ae9120157f0fa/screenshot - {}
RESULT: {}
COMMAND: POST /session/ee8c0ad77c32eb6cf27ae9120157f0fa/element - {"using":"xpath","value":"//span[contains(text(), \"Demo Yard\")]"}
RESULT: {"using":"xpath","value":"//span[contains(text(), \"Demo Yard\")]"}
COMMAND: POST /session/ee8c0ad77c32eb6cf27ae9120157f0fa/element/f.4EEDEA8BBD1FF6E0A028415A04A49F5E.d.DB9F09A73F50443CDE42E6134081268F.e.629/click - {}
RESULT: {}
COMMAND: GET /session/ee8c0ad77c32eb6cf27ae9120157f0fa/screenshot - {}
RESULT: {}
COMMAND: POST /session/ee8c0ad77c32eb6cf27ae9120157f0fa/element - {"using":"xpath","value":"//bdi[contains(text(), \"OK\")]"}
RESULT: {"using":"xpath","value":"//bdi[contains(text(), \"OK\")]"}
COMMAND: POST /session/ee8c0ad77c32eb6cf27ae9120157f0fa/element/f.4EEDEA8BBD1FF6E0A028415A04A49F5E.d.DB9F09A73F50443CDE42E6134081268F.e.630/click - {}
RESULT: {}
COMMAND: GET /session/ee8c0ad77c32eb6cf27ae9120157f0fa/screenshot - {}
RESULT: {}
COMMAND: POST /session/ee8c0ad77c32eb6cf27ae9120157f0fa/execute/async - {"script":"<script> [1562 bytes]","args":[{"selector":{"id":"application-manageyards-display-component---NewYard--addressEditDetailsCurrency-arrow"},"wdio_ui5_key":"applicationmanageyards-display-component---NewYard--addressEditDetailsCurrency-arrow"}]}
RESULT: {"script":"<script> [1562 bytes]","args":[{"selector":{"id":"application-manageyards-display-component---NewYard--addressEditDetailsCurrency-arrow"},"wdio_ui5_key":"applicationmanageyards-display-component---NewYard--addressEditDetailsCurrency-arrow"}]}
RESULT: undefined
COMMAND: POST /session/ee8c0ad77c32eb6cf27ae9120157f0fa/element - {"using":"xpath","value":"//*[@id=\"application-manageyards-display-component---NewYard--addressEditDetailsCurrency-arrow\"]"}
RESULT: {"using":"xpath","value":"//*[@id=\"application-manageyards-display-component---NewYard--addressEditDetailsCurrency-arrow\"]"}
COMMAND: POST /session/ee8c0ad77c32eb6cf27ae9120157f0fa/element/f.4EEDEA8BBD1FF6E0A028415A04A49F5E.d.DB9F09A73F50443CDE42E6134081268F.e.633/click - {}
RESULT: {}
COMMAND: POST /session/ee8c0ad77c32eb6cf27ae9120157f0fa/element - {"using":"xpath","value":"//span[contains(text(), \"Euro\")]"}
COMMAND: GET /session/ee8c0ad77c32eb6cf27ae9120157f0fa/screenshot - {}
RESULT: {"using":"xpath","value":"//span[contains(text(), \"Euro\")]"}
COMMAND: POST /session/ee8c0ad77c32eb6cf27ae9120157f0fa/element/f.4EEDEA8BBD1FF6E0A028415A04A49F5E.d.DB9F09A73F50443CDE42E6134081268F.e.634/click - {}
RESULT: {}
RESULT: {}
COMMAND: POST /session/ee8c0ad77c32eb6cf27ae9120157f0fa/execute/async - {"script":"<script> [1562 bytes]","args":[{"selector":{"controlType":"sap.m.Input","viewName":"etm.portal.ui.manageyards.view.New","viewId":"application-manageyards-display-component---NewYard","bindingPath":{"path":"","propertyPath":"/CONTROLLING_AREA","modelName":"NewYardModel"},"interaction":{"idSuffix":"inner"}},"wdio_ui5_key":"etmportal.ui.manageyards.view.Newsap.m.Input{\"path\":\"\",\"propertyPath\":\"/CONTROLLING_AREA\",\"modelName\":\"NewYardModel\"}"}]}
COMMAND: GET /session/ee8c0ad77c32eb6cf27ae9120157f0fa/screenshot - {}
RESULT: {"script":"<script> [1562 bytes]","args":[{"selector":{"controlType":"sap.m.Input","viewName":"etm.portal.ui.manageyards.view.New","viewId":"application-manageyards-display-component---NewYard","bindingPath":{"path":"","propertyPath":"/CONTROLLING_AREA","modelName":"NewYardModel"},"interaction":{"idSuffix":"inner"}},"wdio_ui5_key":"etmportal.ui.manageyards.view.Newsap.m.Input{\"path\":\"\",\"propertyPath\":\"/CONTROLLING_AREA\",\"modelName\":\"NewYardModel\"}"}]}
RESULT: undefined
COMMAND: POST /session/ee8c0ad77c32eb6cf27ae9120157f0fa/execute/async - {"script":"<script> [776 bytes]","args":[{"enterText":"Z001","selector":{"controlType":"sap.m.Input","viewName":"etm.portal.ui.manageyards.view.New","viewId":"application-manageyards-display-component---NewYard","bindingPath":{"path":"","propertyPath":"/CONTROLLING_AREA","modelName":"NewYardModel"},"interaction":{"idSuffix":"inner"}},"clearTextFirst":true,"interactionType":"ENTER_TEXT"}]}
RESULT: {}
RESULT: {"script":"<script> [776 bytes]","args":[{"enterText":"Z001","selector":{"controlType":"sap.m.Input","viewName":"etm.portal.ui.manageyards.view.New","viewId":"application-manageyards-display-component---NewYard","bindingPath":{"path":"","propertyPath":"/CONTROLLING_AREA","modelName":"NewYardModel"},"interaction":{"idSuffix":"inner"}},"clearTextFirst":true,"interactionType":"ENTER_TEXT"}]}
COMMAND: POST /session/ee8c0ad77c32eb6cf27ae9120157f0fa/execute/async - {"script":"<script> [1562 bytes]","args":[{"selector":{"id":"application-manageyards-display-component---NewYard--companyCodeComboBox","interaction":{"idSuffix":"inner"}},"wdio_ui5_key":"applicationmanageyards-display-component---NewYard--companyCodeComboBox"}]}
RESULT: {"script":"<script> [1562 bytes]","args":[{"selector":{"id":"application-manageyards-display-component---NewYard--companyCodeComboBox","interaction":{"idSuffix":"inner"}},"wdio_ui5_key":"applicationmanageyards-display-component---NewYard--companyCodeComboBox"}]}
RESULT: undefined
COMMAND: POST /session/ee8c0ad77c32eb6cf27ae9120157f0fa/execute/async - {"script":"<script> [776 bytes]","args":[{"enterText":"1000","selector":{"id":"application-manageyards-display-component---NewYard--companyCodeComboBox","interaction":{"idSuffix":"inner"}},"clearTextFirst":true,"interactionType":"ENTER_TEXT"}]}
RESULT: {"script":"<script> [776 bytes]","args":[{"enterText":"1000","selector":{"id":"application-manageyards-display-component---NewYard--companyCodeComboBox","interaction":{"idSuffix":"inner"}},"clearTextFirst":true,"interactionType":"ENTER_TEXT"}]}
COMMAND: POST /session/ee8c0ad77c32eb6cf27ae9120157f0fa/execute/async - {"script":"<script> [1562 bytes]","args":[{"selector":{"controlType":"sap.m.Input","viewName":"etm.portal.ui.manageyards.view.New","viewId":"application-manageyards-display-component---NewYard","bindingPath":{"path":"","propertyPath":"/PLANT","modelName":"NewYardModel"},"interaction":{"idSuffix":"inner"}},"wdio_ui5_key":"etmportal.ui.manageyards.view.Newsap.m.Input{\"path\":\"\",\"propertyPath\":\"/PLANT\",\"modelName\":\"NewYardModel\"}"}]}
RESULT: {"script":"<script> [1562 bytes]","args":[{"selector":{"controlType":"sap.m.Input","viewName":"etm.portal.ui.manageyards.view.New","viewId":"application-manageyards-display-component---NewYard","bindingPath":{"path":"","propertyPath":"/PLANT","modelName":"NewYardModel"},"interaction":{"idSuffix":"inner"}},"wdio_ui5_key":"etmportal.ui.manageyards.view.Newsap.m.Input{\"path\":\"\",\"propertyPath\":\"/PLANT\",\"modelName\":\"NewYardModel\"}"}]}
RESULT: undefined
COMMAND: POST /session/ee8c0ad77c32eb6cf27ae9120157f0fa/execute/async - {"script":"<script> [776 bytes]","args":[{"enterText":"1001","selector":{"controlType":"sap.m.Input","viewName":"etm.portal.ui.manageyards.view.New","viewId":"application-manageyards-display-component---NewYard","bindingPath":{"path":"","propertyPath":"/PLANT","modelName":"NewYardModel"},"interaction":{"idSuffix":"inner"}},"clearTextFirst":true,"interactionType":"ENTER_TEXT"}]}
RESULT: {"script":"<script> [776 bytes]","args":[{"enterText":"1001","selector":{"controlType":"sap.m.Input","viewName":"etm.portal.ui.manageyards.view.New","viewId":"application-manageyards-display-component---NewYard","bindingPath":{"path":"","propertyPath":"/PLANT","modelName":"NewYardModel"},"interaction":{"idSuffix":"inner"}},"clearTextFirst":true,"interactionType":"ENTER_TEXT"}]}
COMMAND: POST /session/ee8c0ad77c32eb6cf27ae9120157f0fa/execute/async - {"script":"<script> [1562 bytes]","args":[{"selector":{"controlType":"sap.m.Input","viewName":"etm.portal.ui.manageyards.view.New","viewId":"application-manageyards-display-component---NewYard","bindingPath":{"path":"","propertyPath":"/SALES_AREA_VKORG","modelName":"NewYardModel"},"interaction":{"idSuffix":"inner"}},"wdio_ui5_key":"etmportal.ui.manageyards.view.Newsap.m.Input{\"path\":\"\",\"propertyPath\":\"/SALES_AREA_VKORG\",\"modelName\":\"NewYardModel\"}"}]}
RESULT: {"script":"<script> [1562 bytes]","args":[{"selector":{"controlType":"sap.m.Input","viewName":"etm.portal.ui.manageyards.view.New","viewId":"application-manageyards-display-component---NewYard","bindingPath":{"path":"","propertyPath":"/SALES_AREA_VKORG","modelName":"NewYardModel"},"interaction":{"idSuffix":"inner"}},"wdio_ui5_key":"etmportal.ui.manageyards.view.Newsap.m.Input{\"path\":\"\",\"propertyPath\":\"/SALES_AREA_VKORG\",\"modelName\":\"NewYardModel\"}"}]}
RESULT: undefined
COMMAND: POST /session/ee8c0ad77c32eb6cf27ae9120157f0fa/execute/async - {"script":"<script> [776 bytes]","args":[{"enterText":"C002","selector":{"controlType":"sap.m.Input","viewName":"etm.portal.ui.manageyards.view.New","viewId":"application-manageyards-display-component---NewYard","bindingPath":{"path":"","propertyPath":"/SALES_AREA_VKORG","modelName":"NewYardModel"},"interaction":{"idSuffix":"inner"}},"clearTextFirst":true,"interactionType":"ENTER_TEXT"}]}
RESULT: {"script":"<script> [776 bytes]","args":[{"enterText":"C002","selector":{"controlType":"sap.m.Input","viewName":"etm.portal.ui.manageyards.view.New","viewId":"application-manageyards-display-component---NewYard","bindingPath":{"path":"","propertyPath":"/SALES_AREA_VKORG","modelName":"NewYardModel"},"interaction":{"idSuffix":"inner"}},"clearTextFirst":true,"interactionType":"ENTER_TEXT"}]}
COMMAND: POST /session/ee8c0ad77c32eb6cf27ae9120157f0fa/execute/async - {"script":"<script> [1562 bytes]","args":[{"selector":{"controlType":"sap.m.Input","viewName":"etm.portal.ui.manageyards.view.New","viewId":"application-manageyards-display-component---NewYard","bindingPath":{"path":"","propertyPath":"/SALES_AREA_VTWEG","modelName":"NewYardModel"},"interaction":{"idSuffix":"inner"}},"wdio_ui5_key":"etmportal.ui.manageyards.view.Newsap.m.Input{\"path\":\"\",\"propertyPath\":\"/SALES_AREA_VTWEG\",\"modelName\":\"NewYardModel\"}"}]}
RESULT: {"script":"<script> [1562 bytes]","args":[{"selector":{"controlType":"sap.m.Input","viewName":"etm.portal.ui.manageyards.view.New","viewId":"application-manageyards-display-component---NewYard","bindingPath":{"path":"","propertyPath":"/SALES_AREA_VTWEG","modelName":"NewYardModel"},"interaction":{"idSuffix":"inner"}},"wdio_ui5_key":"etmportal.ui.manageyards.view.Newsap.m.Input{\"path\":\"\",\"propertyPath\":\"/SALES_AREA_VTWEG\",\"modelName\":\"NewYardModel\"}"}]}
RESULT: undefined
COMMAND: POST /session/ee8c0ad77c32eb6cf27ae9120157f0fa/execute/async - {"script":"<script> [776 bytes]","args":[{"enterText":"C2","selector":{"controlType":"sap.m.Input","viewName":"etm.portal.ui.manageyards.view.New","viewId":"application-manageyards-display-component---NewYard","bindingPath":{"path":"","propertyPath":"/SALES_AREA_VTWEG","modelName":"NewYardModel"},"interaction":{"idSuffix":"inner"}},"clearTextFirst":true,"interactionType":"ENTER_TEXT"}]}
RESULT: {"script":"<script> [776 bytes]","args":[{"enterText":"C2","selector":{"controlType":"sap.m.Input","viewName":"etm.portal.ui.manageyards.view.New","viewId":"application-manageyards-display-component---NewYard","bindingPath":{"path":"","propertyPath":"/SALES_AREA_VTWEG","modelName":"NewYardModel"},"interaction":{"idSuffix":"inner"}},"clearTextFirst":true,"interactionType":"ENTER_TEXT"}]}
COMMAND: POST /session/ee8c0ad77c32eb6cf27ae9120157f0fa/execute/async - {"script":"<script> [1562 bytes]","args":[{"selector":{"controlType":"sap.m.Input","viewName":"etm.portal.ui.manageyards.view.New","viewId":"application-manageyards-display-component---NewYard","bindingPath":{"path":"","propertyPath":"/SALES_AREA_SPART","modelName":"NewYardModel"},"interaction":{"idSuffix":"inner"}},"wdio_ui5_key":"etmportal.ui.manageyards.view.Newsap.m.Input{\"path\":\"\",\"propertyPath\":\"/SALES_AREA_SPART\",\"modelName\":\"NewYardModel\"}"}]}
RESULT: {"script":"<script> [1562 bytes]","args":[{"selector":{"controlType":"sap.m.Input","viewName":"etm.portal.ui.manageyards.view.New","viewId":"application-manageyards-display-component---NewYard","bindingPath":{"path":"","propertyPath":"/SALES_AREA_SPART","modelName":"NewYardModel"},"interaction":{"idSuffix":"inner"}},"wdio_ui5_key":"etmportal.ui.manageyards.view.Newsap.m.Input{\"path\":\"\",\"propertyPath\":\"/SALES_AREA_SPART\",\"modelName\":\"NewYardModel\"}"}]}
RESULT: undefined
COMMAND: POST /session/ee8c0ad77c32eb6cf27ae9120157f0fa/execute/async - {"script":"<script> [776 bytes]","args":[{"enterText":"C2","selector":{"controlType":"sap.m.Input","viewName":"etm.portal.ui.manageyards.view.New","viewId":"application-manageyards-display-component---NewYard","bindingPath":{"path":"","propertyPath":"/SALES_AREA_SPART","modelName":"NewYardModel"},"interaction":{"idSuffix":"inner"}},"clearTextFirst":true,"interactionType":"ENTER_TEXT"}]}
RESULT: {"script":"<script> [776 bytes]","args":[{"enterText":"C2","selector":{"controlType":"sap.m.Input","viewName":"etm.portal.ui.manageyards.view.New","viewId":"application-manageyards-display-component---NewYard","bindingPath":{"path":"","propertyPath":"/SALES_AREA_SPART","modelName":"NewYardModel"},"interaction":{"idSuffix":"inner"}},"clearTextFirst":true,"interactionType":"ENTER_TEXT"}]}
COMMAND: POST /session/ee8c0ad77c32eb6cf27ae9120157f0fa/execute/async - {"script":"<script> [1562 bytes]","args":[{"selector":{"controlType":"sap.m.Input","viewName":"etm.portal.ui.manageyards.view.New","viewId":"application-manageyards-display-component---NewYard","bindingPath":{"path":"","propertyPath":"/SHIP_POINT","modelName":"NewYardModel"},"interaction":{"idSuffix":"inner"}},"wdio_ui5_key":"etmportal.ui.manageyards.view.Newsap.m.Input{\"path\":\"\",\"propertyPath\":\"/SHIP_POINT\",\"modelName\":\"NewYardModel\"}"}]}
RESULT: {"script":"<script> [1562 bytes]","args":[{"selector":{"controlType":"sap.m.Input","viewName":"etm.portal.ui.manageyards.view.New","viewId":"application-manageyards-display-component---NewYard","bindingPath":{"path":"","propertyPath":"/SHIP_POINT","modelName":"NewYardModel"},"interaction":{"idSuffix":"inner"}},"wdio_ui5_key":"etmportal.ui.manageyards.view.Newsap.m.Input{\"path\":\"\",\"propertyPath\":\"/SHIP_POINT\",\"modelName\":\"NewYardModel\"}"}]}
RESULT: undefined
COMMAND: POST /session/ee8c0ad77c32eb6cf27ae9120157f0fa/execute/async - {"script":"<script> [776 bytes]","args":[{"enterText":"1710","selector":{"controlType":"sap.m.Input","viewName":"etm.portal.ui.manageyards.view.New","viewId":"application-manageyards-display-component---NewYard","bindingPath":{"path":"","propertyPath":"/SHIP_POINT","modelName":"NewYardModel"},"interaction":{"idSuffix":"inner"}},"clearTextFirst":true,"interactionType":"ENTER_TEXT"}]}
RESULT: {"script":"<script> [776 bytes]","args":[{"enterText":"1710","selector":{"controlType":"sap.m.Input","viewName":"etm.portal.ui.manageyards.view.New","viewId":"application-manageyards-display-component---NewYard","bindingPath":{"path":"","propertyPath":"/SHIP_POINT","modelName":"NewYardModel"},"interaction":{"idSuffix":"inner"}},"clearTextFirst":true,"interactionType":"ENTER_TEXT"}]}
COMMAND: POST /session/ee8c0ad77c32eb6cf27ae9120157f0fa/execute/async - {"script":"<script> [1562 bytes]","args":[{"selector":{"controlType":"sap.m.Input","viewName":"etm.portal.ui.manageyards.view.New","viewId":"application-manageyards-display-component---NewYard","bindingPath":{"path":"","propertyPath":"/DELIVERY_TYPE","modelName":"NewYardModel"},"interaction":{"idSuffix":"inner"}},"wdio_ui5_key":"etmportal.ui.manageyards.view.Newsap.m.Input{\"path\":\"\",\"propertyPath\":\"/DELIVERY_TYPE\",\"modelName\":\"NewYardModel\"}"}]}
RESULT: {"script":"<script> [1562 bytes]","args":[{"selector":{"controlType":"sap.m.Input","viewName":"etm.portal.ui.manageyards.view.New","viewId":"application-manageyards-display-component---NewYard","bindingPath":{"path":"","propertyPath":"/DELIVERY_TYPE","modelName":"NewYardModel"},"interaction":{"idSuffix":"inner"}},"wdio_ui5_key":"etmportal.ui.manageyards.view.Newsap.m.Input{\"path\":\"\",\"propertyPath\":\"/DELIVERY_TYPE\",\"modelName\":\"NewYardModel\"}"}]}
RESULT: undefined
COMMAND: POST /session/ee8c0ad77c32eb6cf27ae9120157f0fa/execute/async - {"script":"<script> [776 bytes]","args":[{"enterText":"ZL01","selector":{"controlType":"sap.m.Input","viewName":"etm.portal.ui.manageyards.view.New","viewId":"application-manageyards-display-component---NewYard","bindingPath":{"path":"","propertyPath":"/DELIVERY_TYPE","modelName":"NewYardModel"},"interaction":{"idSuffix":"inner"}},"clearTextFirst":true,"interactionType":"ENTER_TEXT"}]}
RESULT: {"script":"<script> [776 bytes]","args":[{"enterText":"ZL01","selector":{"controlType":"sap.m.Input","viewName":"etm.portal.ui.manageyards.view.New","viewId":"application-manageyards-display-component---NewYard","bindingPath":{"path":"","propertyPath":"/DELIVERY_TYPE","modelName":"NewYardModel"},"interaction":{"idSuffix":"inner"}},"clearTextFirst":true,"interactionType":"ENTER_TEXT"}]}
COMMAND: POST /session/ee8c0ad77c32eb6cf27ae9120157f0fa/execute/async - {"script":"<script> [1562 bytes]","args":[{"selector":{"controlType":"sap.m.Input","viewName":"etm.portal.ui.manageyards.view.New","viewId":"application-manageyards-display-component---NewYard","bindingPath":{"path":"","propertyPath":"/AUART","modelName":"NewYardModel"},"interaction":{"idSuffix":"inner"}},"wdio_ui5_key":"etmportal.ui.manageyards.view.Newsap.m.Input{\"path\":\"\",\"propertyPath\":\"/AUART\",\"modelName\":\"NewYardModel\"}"}]}
RESULT: {"script":"<script> [1562 bytes]","args":[{"selector":{"controlType":"sap.m.Input","viewName":"etm.portal.ui.manageyards.view.New","viewId":"application-manageyards-display-component---NewYard","bindingPath":{"path":"","propertyPath":"/AUART","modelName":"NewYardModel"},"interaction":{"idSuffix":"inner"}},"wdio_ui5_key":"etmportal.ui.manageyards.view.Newsap.m.Input{\"path\":\"\",\"propertyPath\":\"/AUART\",\"modelName\":\"NewYardModel\"}"}]}
RESULT: undefined
COMMAND: POST /session/ee8c0ad77c32eb6cf27ae9120157f0fa/execute/async - {"script":"<script> [776 bytes]","args":[{"enterText":"TA","selector":{"controlType":"sap.m.Input","viewName":"etm.portal.ui.manageyards.view.New","viewId":"application-manageyards-display-component---NewYard","bindingPath":{"path":"","propertyPath":"/AUART","modelName":"NewYardModel"},"interaction":{"idSuffix":"inner"}},"clearTextFirst":true,"interactionType":"ENTER_TEXT"}]}
RESULT: {"script":"<script> [776 bytes]","args":[{"enterText":"TA","selector":{"controlType":"sap.m.Input","viewName":"etm.portal.ui.manageyards.view.New","viewId":"application-manageyards-display-component---NewYard","bindingPath":{"path":"","propertyPath":"/AUART","modelName":"NewYardModel"},"interaction":{"idSuffix":"inner"}},"clearTextFirst":true,"interactionType":"ENTER_TEXT"}]}
COMMAND: POST /session/ee8c0ad77c32eb6cf27ae9120157f0fa/element - {"using":"xpath","value":"//button[@data-kt=\"newYardSaveButton\"]"}
RESULT: {"using":"xpath","value":"//button[@data-kt=\"newYardSaveButton\"]"}
COMMAND: POST /session/ee8c0ad77c32eb6cf27ae9120157f0fa/element/f.4EEDEA8BBD1FF6E0A028415A04A49F5E.d.DB9F09A73F50443CDE42E6134081268F.e.381/click - {}
RESULT: {}
COMMAND: GET /session/ee8c0ad77c32eb6cf27ae9120157f0fa/screenshot - {}
RESULT: {}
COMMAND: POST /session/ee8c0ad77c32eb6cf27ae9120157f0fa/element - {"using":"xpath","value":"//header[contains(@id, 'ObjectPageLayout-headerTitle')]/div[1]/div[2]/div[1]/span[1]"}
RESULT: {"using":"xpath","value":"//header[contains(@id, 'ObjectPageLayout-headerTitle')]/div[1]/div[2]/div[1]/span[1]"}
COMMAND: POST /session/ee8c0ad77c32eb6cf27ae9120157f0fa/elements - {"using":"xpath","value":"//header[contains(@id, 'ObjectPageLayout-headerTitle')]/div[1]/div[2]/div[1]/span[1]"}
RESULT: {"using":"xpath","value":"//header[contains(@id, 'ObjectPageLayout-headerTitle')]/div[1]/div[2]/div[1]/span[1]"}
COMMAND: POST /session/ee8c0ad77c32eb6cf27ae9120157f0fa/execute/sync - {"script":"<script> [56 bytes]","args":[{"element-6066-11e4-a52e-4f735466cecf":"f.4EEDEA8BBD1FF6E0A028415A04A49F5E.d.DB9F09A73F50443CDE42E6134081268F.e.862","ELEMENT":"f.4EEDEA8BBD1FF6E0A028415A04A49F5E.d.DB9F09A73F50443CDE42E6134081268F.e.862"}]}
RESULT: {"script":"<script> [56 bytes]","args":[{"element-6066-11e4-a52e-4f735466cecf":"f.4EEDEA8BBD1FF6E0A028415A04A49F5E.d.DB9F09A73F50443CDE42E6134081268F.e.862","ELEMENT":"f.4EEDEA8BBD1FF6E0A028415A04A49F5E.d.DB9F09A73F50443CDE42E6134081268F.e.862"}]}
COMMAND: GET /session/ee8c0ad77c32eb6cf27ae9120157f0fa/screenshot - {}
RESULT: {}
COMMAND: POST /session/ee8c0ad77c32eb6cf27ae9120157f0fa/element - {"using":"css selector","value":"#shell-header-logo"}
RESULT: {"using":"css selector","value":"#shell-header-logo"}
COMMAND: POST /session/ee8c0ad77c32eb6cf27ae9120157f0fa/element/f.4EEDEA8BBD1FF6E0A028415A04A49F5E.d.DB9F09A73F50443CDE42E6134081268F.e.279/click - {}
RESULT: {}
COMMAND: GET /session/ee8c0ad77c32eb6cf27ae9120157f0fa/screenshot - {}
RESULT: {}
COMMAND: POST /session/ee8c0ad77c32eb6cf27ae9120157f0fa/execute/sync - {"script":"<script> [299 bytes]","args":[["getModel","getResource"]]}
RESULT: {"script":"<script> [299 bytes]","args":[["getModel","getResource"]]}
COMMAND: GET /session/ee8c0ad77c32eb6cf27ae9120157f0fa/screenshot - {}
]]></system-out>
    </testcase>
    <testcase classname="chrome.136_0_7103_49.windows.Billing_confirm_US117289" name="Should create a new partner" time="143.355">
      <system-out><![CDATA[
COMMAND: POST /session/ee8c0ad77c32eb6cf27ae9120157f0fa/window/fullscreen - {}
RESULT: {}
RESULT: {}
COMMAND: POST /session/ee8c0ad77c32eb6cf27ae9120157f0fa/execute/async - {"script":"<script> [1562 bytes]","args":[{"selector":{"controlType":"sap.m.GenericTile","properties":{"header":"Manage Partners"}},"wdio_ui5_key":"sapm.GenericTile{\"header\":\"Manage Partners\"}"}]}
RESULT: {"script":"<script> [1562 bytes]","args":[{"selector":{"controlType":"sap.m.GenericTile","properties":{"header":"Manage Partners"}},"wdio_ui5_key":"sapm.GenericTile{\"header\":\"Manage Partners\"}"}]}
RESULT: undefined
COMMAND: POST /session/ee8c0ad77c32eb6cf27ae9120157f0fa/element - {"using":"xpath","value":"//*[@id=\"__tile38\"]"}
RESULT: {"using":"xpath","value":"//*[@id=\"__tile38\"]"}
COMMAND: POST /session/ee8c0ad77c32eb6cf27ae9120157f0fa/element/f.4EEDEA8BBD1FF6E0A028415A04A49F5E.d.DB9F09A73F50443CDE42E6134081268F.e.166/click - {}
RESULT: {}
COMMAND: GET /session/ee8c0ad77c32eb6cf27ae9120157f0fa/screenshot - {}
RESULT: {}
COMMAND: POST /session/ee8c0ad77c32eb6cf27ae9120157f0fa/elements - {"using":"xpath","value":"//span[text()='Error']"}
RESULT: {"using":"xpath","value":"//span[text()='Error']"}
COMMAND: POST /session/ee8c0ad77c32eb6cf27ae9120157f0fa/element - {"using":"xpath","value":"//button[@data-kt=\"addButton\"]"}
RESULT: {"using":"xpath","value":"//button[@data-kt=\"addButton\"]"}
COMMAND: POST /session/ee8c0ad77c32eb6cf27ae9120157f0fa/elements - {"using":"xpath","value":"//button[@data-kt=\"addButton\"]"}
RESULT: {"using":"xpath","value":"//button[@data-kt=\"addButton\"]"}
COMMAND: POST /session/ee8c0ad77c32eb6cf27ae9120157f0fa/elements - {"using":"xpath","value":"//button[@data-kt=\"addButton\"]"}
RESULT: {"using":"xpath","value":"//button[@data-kt=\"addButton\"]"}
COMMAND: POST /session/ee8c0ad77c32eb6cf27ae9120157f0fa/elements - {"using":"xpath","value":"//button[@data-kt=\"addButton\"]"}
RESULT: {"using":"xpath","value":"//button[@data-kt=\"addButton\"]"}
COMMAND: POST /session/ee8c0ad77c32eb6cf27ae9120157f0fa/elements - {"using":"xpath","value":"//button[@data-kt=\"addButton\"]"}
RESULT: {"using":"xpath","value":"//button[@data-kt=\"addButton\"]"}
COMMAND: POST /session/ee8c0ad77c32eb6cf27ae9120157f0fa/element - {"using":"xpath","value":"//button[@data-kt=\"addButton\"]"}
RESULT: {"using":"xpath","value":"//button[@data-kt=\"addButton\"]"}
COMMAND: POST /session/ee8c0ad77c32eb6cf27ae9120157f0fa/execute/sync - {"script":"<script> [8489 bytes]","args":[{"element-6066-11e4-a52e-4f735466cecf":"f.4EEDEA8BBD1FF6E0A028415A04A49F5E.d.DB9F09A73F50443CDE42E6134081268F.e.900","ELEMENT":"f.4EEDEA8BBD1FF6E0A028415A04A49F5E.d.DB9F09A73F50443CDE42E6134081268F.e.900"}]}
RESULT: {"script":"<script> [8489 bytes]","args":[{"element-6066-11e4-a52e-4f735466cecf":"f.4EEDEA8BBD1FF6E0A028415A04A49F5E.d.DB9F09A73F50443CDE42E6134081268F.e.900","ELEMENT":"f.4EEDEA8BBD1FF6E0A028415A04A49F5E.d.DB9F09A73F50443CDE42E6134081268F.e.900"}]}
COMMAND: GET /session/ee8c0ad77c32eb6cf27ae9120157f0fa/element/f.4EEDEA8BBD1FF6E0A028415A04A49F5E.d.DB9F09A73F50443CDE42E6134081268F.e.900/enabled - {}
COMMAND: GET /session/ee8c0ad77c32eb6cf27ae9120157f0fa/screenshot - {}
RESULT: {}
COMMAND: POST /session/ee8c0ad77c32eb6cf27ae9120157f0fa/execute/sync - {"script":"<script> [8489 bytes]","args":[{"element-6066-11e4-a52e-4f735466cecf":"f.4EEDEA8BBD1FF6E0A028415A04A49F5E.d.DB9F09A73F50443CDE42E6134081268F.e.900","ELEMENT":"f.4EEDEA8BBD1FF6E0A028415A04A49F5E.d.DB9F09A73F50443CDE42E6134081268F.e.900"}]}
COMMAND: GET /session/ee8c0ad77c32eb6cf27ae9120157f0fa/screenshot - {}
RESULT: {}
RESULT: {"script":"<script> [8489 bytes]","args":[{"element-6066-11e4-a52e-4f735466cecf":"f.4EEDEA8BBD1FF6E0A028415A04A49F5E.d.DB9F09A73F50443CDE42E6134081268F.e.900","ELEMENT":"f.4EEDEA8BBD1FF6E0A028415A04A49F5E.d.DB9F09A73F50443CDE42E6134081268F.e.900"}]}
COMMAND: POST /session/ee8c0ad77c32eb6cf27ae9120157f0fa/execute/sync - {"script":"<script> [5351 bytes]","args":[{"element-6066-11e4-a52e-4f735466cecf":"f.4EEDEA8BBD1FF6E0A028415A04A49F5E.d.DB9F09A73F50443CDE42E6134081268F.e.900","ELEMENT":"f.4EEDEA8BBD1FF6E0A028415A04A49F5E.d.DB9F09A73F50443CDE42E6134081268F.e.900"}]}
COMMAND: GET /session/ee8c0ad77c32eb6cf27ae9120157f0fa/screenshot - {}
RESULT: {}
RESULT: {"script":"<script> [5351 bytes]","args":[{"element-6066-11e4-a52e-4f735466cecf":"f.4EEDEA8BBD1FF6E0A028415A04A49F5E.d.DB9F09A73F50443CDE42E6134081268F.e.900","ELEMENT":"f.4EEDEA8BBD1FF6E0A028415A04A49F5E.d.DB9F09A73F50443CDE42E6134081268F.e.900"}]}
COMMAND: POST /session/ee8c0ad77c32eb6cf27ae9120157f0fa/element/f.4EEDEA8BBD1FF6E0A028415A04A49F5E.d.DB9F09A73F50443CDE42E6134081268F.e.900/click - {}
COMMAND: GET /session/ee8c0ad77c32eb6cf27ae9120157f0fa/screenshot - {}
RESULT: {}
RESULT: {}
COMMAND: GET /session/ee8c0ad77c32eb6cf27ae9120157f0fa/screenshot - {}
COMMAND: POST /session/ee8c0ad77c32eb6cf27ae9120157f0fa/execute/async - {"script":"<script> [1562 bytes]","args":[{"selector":{"id":"application-managepartners-display-component---NewPartner--addressDetailDetailsName1","interaction":{"idSuffix":"inner"}},"wdio_ui5_key":"applicationmanagepartners-display-component---NewPartner--addressDetailDetailsName1"}]}
RESULT: {}
RESULT: {}
RESULT: {"script":"<script> [1562 bytes]","args":[{"selector":{"id":"application-managepartners-display-component---NewPartner--addressDetailDetailsName1","interaction":{"idSuffix":"inner"}},"wdio_ui5_key":"applicationmanagepartners-display-component---NewPartner--addressDetailDetailsName1"}]}
RESULT: undefined
COMMAND: POST /session/ee8c0ad77c32eb6cf27ae9120157f0fa/execute/async - {"script":"<script> [776 bytes]","args":[{"enterText":"Intracompany Partner WDIO","selector":{"id":"application-managepartners-display-component---NewPartner--addressDetailDetailsName1","interaction":{"idSuffix":"inner"}},"clearTextFirst":true,"interactionType":"ENTER_TEXT"}]}
RESULT: {"script":"<script> [776 bytes]","args":[{"enterText":"Intracompany Partner WDIO","selector":{"id":"application-managepartners-display-component---NewPartner--addressDetailDetailsName1","interaction":{"idSuffix":"inner"}},"clearTextFirst":true,"interactionType":"ENTER_TEXT"}]}
COMMAND: POST /session/ee8c0ad77c32eb6cf27ae9120157f0fa/execute/async - {"script":"<script> [1562 bytes]","args":[{"selector":{"id":"application-managepartners-display-component---NewPartner--addressDetailDetailsLanguage-arrow"},"wdio_ui5_key":"applicationmanagepartners-display-component---NewPartner--addressDetailDetailsLanguage-arrow"}]}
RESULT: {"script":"<script> [1562 bytes]","args":[{"selector":{"id":"application-managepartners-display-component---NewPartner--addressDetailDetailsLanguage-arrow"},"wdio_ui5_key":"applicationmanagepartners-display-component---NewPartner--addressDetailDetailsLanguage-arrow"}]}
RESULT: undefined
COMMAND: POST /session/ee8c0ad77c32eb6cf27ae9120157f0fa/element - {"using":"xpath","value":"//*[@id=\"application-managepartners-display-component---NewPartner--addressDetailDetailsLanguage-arrow\"]"}
RESULT: {"using":"xpath","value":"//*[@id=\"application-managepartners-display-component---NewPartner--addressDetailDetailsLanguage-arrow\"]"}
COMMAND: POST /session/ee8c0ad77c32eb6cf27ae9120157f0fa/element/f.4EEDEA8BBD1FF6E0A028415A04A49F5E.d.DB9F09A73F50443CDE42E6134081268F.e.1357/click - {}
RESULT: {}
COMMAND: POST /session/ee8c0ad77c32eb6cf27ae9120157f0fa/element - {"using":"xpath","value":"//span[contains(text(), \"English\")]"}
COMMAND: GET /session/ee8c0ad77c32eb6cf27ae9120157f0fa/screenshot - {}
RESULT: {"using":"xpath","value":"//span[contains(text(), \"English\")]"}
COMMAND: POST /session/ee8c0ad77c32eb6cf27ae9120157f0fa/element/f.4EEDEA8BBD1FF6E0A028415A04A49F5E.d.DB9F09A73F50443CDE42E6134081268F.e.1358/click - {}
RESULT: {}
RESULT: {}
COMMAND: GET /session/ee8c0ad77c32eb6cf27ae9120157f0fa/screenshot - {}
RESULT: {}
COMMAND: POST /session/ee8c0ad77c32eb6cf27ae9120157f0fa/execute/async - {"script":"<script> [1562 bytes]","args":[{"selector":{"id":"application-managepartners-display-component---NewPartner--addressDetailDetailsCity1","interaction":{"idSuffix":"inner"}},"wdio_ui5_key":"applicationmanagepartners-display-component---NewPartner--addressDetailDetailsCity1"}]}
RESULT: {"script":"<script> [1562 bytes]","args":[{"selector":{"id":"application-managepartners-display-component---NewPartner--addressDetailDetailsCity1","interaction":{"idSuffix":"inner"}},"wdio_ui5_key":"applicationmanagepartners-display-component---NewPartner--addressDetailDetailsCity1"}]}
RESULT: undefined
COMMAND: POST /session/ee8c0ad77c32eb6cf27ae9120157f0fa/execute/async - {"script":"<script> [776 bytes]","args":[{"enterText":"Rosario","selector":{"id":"application-managepartners-display-component---NewPartner--addressDetailDetailsCity1","interaction":{"idSuffix":"inner"}},"clearTextFirst":true,"interactionType":"ENTER_TEXT"}]}
RESULT: {"script":"<script> [776 bytes]","args":[{"enterText":"Rosario","selector":{"id":"application-managepartners-display-component---NewPartner--addressDetailDetailsCity1","interaction":{"idSuffix":"inner"}},"clearTextFirst":true,"interactionType":"ENTER_TEXT"}]}
COMMAND: POST /session/ee8c0ad77c32eb6cf27ae9120157f0fa/execute/async - {"script":"<script> [1562 bytes]","args":[{"selector":{"id":"application-managepartners-display-component---NewPartner--addressDetailDetailsCountry-arrow"},"wdio_ui5_key":"applicationmanagepartners-display-component---NewPartner--addressDetailDetailsCountry-arrow"}]}
RESULT: {"script":"<script> [1562 bytes]","args":[{"selector":{"id":"application-managepartners-display-component---NewPartner--addressDetailDetailsCountry-arrow"},"wdio_ui5_key":"applicationmanagepartners-display-component---NewPartner--addressDetailDetailsCountry-arrow"}]}
RESULT: undefined
COMMAND: POST /session/ee8c0ad77c32eb6cf27ae9120157f0fa/element - {"using":"xpath","value":"//*[@id=\"application-managepartners-display-component---NewPartner--addressDetailDetailsCountry-arrow\"]"}
RESULT: {"using":"xpath","value":"//*[@id=\"application-managepartners-display-component---NewPartner--addressDetailDetailsCountry-arrow\"]"}
COMMAND: POST /session/ee8c0ad77c32eb6cf27ae9120157f0fa/element/f.4EEDEA8BBD1FF6E0A028415A04A49F5E.d.DB9F09A73F50443CDE42E6134081268F.e.1344/click - {}
RESULT: {}
COMMAND: POST /session/ee8c0ad77c32eb6cf27ae9120157f0fa/element - {"using":"xpath","value":"//span[contains(text(), \"Argentina\")]"}
COMMAND: GET /session/ee8c0ad77c32eb6cf27ae9120157f0fa/screenshot - {}
RESULT: {"using":"xpath","value":"//span[contains(text(), \"Argentina\")]"}
COMMAND: POST /session/ee8c0ad77c32eb6cf27ae9120157f0fa/element/f.4EEDEA8BBD1FF6E0A028415A04A49F5E.d.DB9F09A73F50443CDE42E6134081268F.e.1360/click - {}
RESULT: {}
RESULT: {}
COMMAND: GET /session/ee8c0ad77c32eb6cf27ae9120157f0fa/screenshot - {}
RESULT: {}
COMMAND: POST /session/ee8c0ad77c32eb6cf27ae9120157f0fa/element - {"using":"xpath","value":"//bdi[contains(text(), \"Commercial\")]"}
RESULT: {"using":"xpath","value":"//bdi[contains(text(), \"Commercial\")]"}
COMMAND: POST /session/ee8c0ad77c32eb6cf27ae9120157f0fa/element/f.4EEDEA8BBD1FF6E0A028415A04A49F5E.d.DB9F09A73F50443CDE42E6134081268F.e.1361/click - {}
RESULT: {}
COMMAND: GET /session/ee8c0ad77c32eb6cf27ae9120157f0fa/screenshot - {}
RESULT: {}
COMMAND: POST /session/ee8c0ad77c32eb6cf27ae9120157f0fa/execute/async - {"script":"<script> [1562 bytes]","args":[{"selector":{"id":"application-managepartners-display-component---NewPartner--partnerDetailInternal-arrow"},"wdio_ui5_key":"applicationmanagepartners-display-component---NewPartner--partnerDetailInternal-arrow"}]}
RESULT: {"script":"<script> [1562 bytes]","args":[{"selector":{"id":"application-managepartners-display-component---NewPartner--partnerDetailInternal-arrow"},"wdio_ui5_key":"applicationmanagepartners-display-component---NewPartner--partnerDetailInternal-arrow"}]}
RESULT: undefined
COMMAND: POST /session/ee8c0ad77c32eb6cf27ae9120157f0fa/element - {"using":"xpath","value":"//*[@id=\"application-managepartners-display-component---NewPartner--partnerDetailInternal-arrow\"]"}
RESULT: {"using":"xpath","value":"//*[@id=\"application-managepartners-display-component---NewPartner--partnerDetailInternal-arrow\"]"}
COMMAND: POST /session/ee8c0ad77c32eb6cf27ae9120157f0fa/element/f.4EEDEA8BBD1FF6E0A028415A04A49F5E.d.DB9F09A73F50443CDE42E6134081268F.e.1367/click - {}
RESULT: {}
COMMAND: POST /session/ee8c0ad77c32eb6cf27ae9120157f0fa/element - {"using":"xpath","value":"//span[contains(text(), \"Affiliated company\")]"}
COMMAND: GET /session/ee8c0ad77c32eb6cf27ae9120157f0fa/screenshot - {}
RESULT: {"using":"xpath","value":"//span[contains(text(), \"Affiliated company\")]"}
COMMAND: POST /session/ee8c0ad77c32eb6cf27ae9120157f0fa/element/f.4EEDEA8BBD1FF6E0A028415A04A49F5E.d.DB9F09A73F50443CDE42E6134081268F.e.1370/click - {}
RESULT: {}
RESULT: {}
COMMAND: POST /session/ee8c0ad77c32eb6cf27ae9120157f0fa/execute/async - {"script":"<script> [1562 bytes]","args":[{"selector":{"id":"application-managepartners-display-component---NewPartner--partnerDetailsCurrency-arrow"},"wdio_ui5_key":"applicationmanagepartners-display-component---NewPartner--partnerDetailsCurrency-arrow"}]}
COMMAND: GET /session/ee8c0ad77c32eb6cf27ae9120157f0fa/screenshot - {}
RESULT: {"script":"<script> [1562 bytes]","args":[{"selector":{"id":"application-managepartners-display-component---NewPartner--partnerDetailsCurrency-arrow"},"wdio_ui5_key":"applicationmanagepartners-display-component---NewPartner--partnerDetailsCurrency-arrow"}]}
RESULT: undefined
COMMAND: POST /session/ee8c0ad77c32eb6cf27ae9120157f0fa/element - {"using":"xpath","value":"//*[@id=\"application-managepartners-display-component---NewPartner--partnerDetailsCurrency-arrow\"]"}
RESULT: {}
RESULT: {"using":"xpath","value":"//*[@id=\"application-managepartners-display-component---NewPartner--partnerDetailsCurrency-arrow\"]"}
COMMAND: POST /session/ee8c0ad77c32eb6cf27ae9120157f0fa/element/f.4EEDEA8BBD1FF6E0A028415A04A49F5E.d.DB9F09A73F50443CDE42E6134081268F.e.1377/click - {}
RESULT: {}
COMMAND: POST /session/ee8c0ad77c32eb6cf27ae9120157f0fa/element - {"using":"xpath","value":"//span[contains(text(), \"Euro\")]"}
COMMAND: GET /session/ee8c0ad77c32eb6cf27ae9120157f0fa/screenshot - {}
RESULT: {"using":"xpath","value":"//span[contains(text(), \"Euro\")]"}
COMMAND: POST /session/ee8c0ad77c32eb6cf27ae9120157f0fa/element/f.4EEDEA8BBD1FF6E0A028415A04A49F5E.d.DB9F09A73F50443CDE42E6134081268F.e.1378/click - {}
RESULT: {}
RESULT: {}
COMMAND: POST /session/ee8c0ad77c32eb6cf27ae9120157f0fa/execute/async - {"script":"<script> [1562 bytes]","args":[{"selector":{"id":"application-managepartners-display-component---NewPartner--addressEditDetailsCostObjectCstType-arrow"},"wdio_ui5_key":"applicationmanagepartners-display-component---NewPartner--addressEditDetailsCostObjectCstType-arrow"}]}
COMMAND: GET /session/ee8c0ad77c32eb6cf27ae9120157f0fa/screenshot - {}
RESULT: {"script":"<script> [1562 bytes]","args":[{"selector":{"id":"application-managepartners-display-component---NewPartner--addressEditDetailsCostObjectCstType-arrow"},"wdio_ui5_key":"applicationmanagepartners-display-component---NewPartner--addressEditDetailsCostObjectCstType-arrow"}]}
RESULT: undefined
COMMAND: POST /session/ee8c0ad77c32eb6cf27ae9120157f0fa/element - {"using":"xpath","value":"//*[@id=\"application-managepartners-display-component---NewPartner--addressEditDetailsCostObjectCstType-arrow\"]"}
RESULT: {}
RESULT: {"using":"xpath","value":"//*[@id=\"application-managepartners-display-component---NewPartner--addressEditDetailsCostObjectCstType-arrow\"]"}
COMMAND: POST /session/ee8c0ad77c32eb6cf27ae9120157f0fa/element/f.4EEDEA8BBD1FF6E0A028415A04A49F5E.d.DB9F09A73F50443CDE42E6134081268F.e.1379/click - {}
RESULT: {}
COMMAND: POST /session/ee8c0ad77c32eb6cf27ae9120157f0fa/element - {"using":"xpath","value":"//span[contains(text(), \"Cost Center\")]"}
COMMAND: GET /session/ee8c0ad77c32eb6cf27ae9120157f0fa/screenshot - {}
RESULT: {"using":"xpath","value":"//span[contains(text(), \"Cost Center\")]"}
COMMAND: POST /session/ee8c0ad77c32eb6cf27ae9120157f0fa/element/f.4EEDEA8BBD1FF6E0A028415A04A49F5E.d.DB9F09A73F50443CDE42E6134081268F.e.1380/click - {}
RESULT: {}
RESULT: {}
COMMAND: GET /session/ee8c0ad77c32eb6cf27ae9120157f0fa/screenshot - {}
RESULT: {}
COMMAND: POST /session/ee8c0ad77c32eb6cf27ae9120157f0fa/element - {"using":"xpath","value":"//span[@id=\"application-managepartners-display-component---NewPartner--addressNewCostObjectCstID-vhi\"]"}
RESULT: {"using":"xpath","value":"//span[@id=\"application-managepartners-display-component---NewPartner--addressNewCostObjectCstID-vhi\"]"}
COMMAND: POST /session/ee8c0ad77c32eb6cf27ae9120157f0fa/execute/sync - {"script":"<script> [8489 bytes]","args":[{"element-6066-11e4-a52e-4f735466cecf":"f.4EEDEA8BBD1FF6E0A028415A04A49F5E.d.DB9F09A73F50443CDE42E6134081268F.e.1384","ELEMENT":"f.4EEDEA8BBD1FF6E0A028415A04A49F5E.d.DB9F09A73F50443CDE42E6134081268F.e.1384"}]}
RESULT: {"script":"<script> [8489 bytes]","args":[{"element-6066-11e4-a52e-4f735466cecf":"f.4EEDEA8BBD1FF6E0A028415A04A49F5E.d.DB9F09A73F50443CDE42E6134081268F.e.1384","ELEMENT":"f.4EEDEA8BBD1FF6E0A028415A04A49F5E.d.DB9F09A73F50443CDE42E6134081268F.e.1384"}]}
COMMAND: POST /session/ee8c0ad77c32eb6cf27ae9120157f0fa/execute/async - {"script":"<script> [1562 bytes]","args":[{"selector":{"id":"application-managepartners-display-component---NewPartner--addressNewCostObjectCstID-vhi"},"wdio_ui5_key":"applicationmanagepartners-display-component---NewPartner--addressNewCostObjectCstID-vhi"}]}
COMMAND: GET /session/ee8c0ad77c32eb6cf27ae9120157f0fa/screenshot - {}
RESULT: {"script":"<script> [1562 bytes]","args":[{"selector":{"id":"application-managepartners-display-component---NewPartner--addressNewCostObjectCstID-vhi"},"wdio_ui5_key":"applicationmanagepartners-display-component---NewPartner--addressNewCostObjectCstID-vhi"}]}
RESULT: undefined
COMMAND: POST /session/ee8c0ad77c32eb6cf27ae9120157f0fa/element - {"using":"xpath","value":"//*[@id=\"application-managepartners-display-component---NewPartner--addressNewCostObjectCstID-vhi\"]"}
RESULT: {}
RESULT: {"using":"xpath","value":"//*[@id=\"application-managepartners-display-component---NewPartner--addressNewCostObjectCstID-vhi\"]"}
COMMAND: POST /session/ee8c0ad77c32eb6cf27ae9120157f0fa/element/f.4EEDEA8BBD1FF6E0A028415A04A49F5E.d.DB9F09A73F50443CDE42E6134081268F.e.1384/click - {}
RESULT: {}
COMMAND: GET /session/ee8c0ad77c32eb6cf27ae9120157f0fa/screenshot - {}
RESULT: {}
RESULT: undefined
COMMAND: POST /session/ee8c0ad77c32eb6cf27ae9120157f0fa/execute/async - {"script":"<script> [776 bytes]","args":[{"enterText":"10001013","selector":{"controlType":"sap.m.SearchField","properties":{"placeholder":"Search"},"searchOpenDialogs":true,"interaction":{"idSuffix":"I"}},"clearTextFirst":true,"interactionType":"ENTER_TEXT"}]}
RESULT: {"script":"<script> [776 bytes]","args":[{"enterText":"10001013","selector":{"controlType":"sap.m.SearchField","properties":{"placeholder":"Search"},"searchOpenDialogs":true,"interaction":{"idSuffix":"I"}},"clearTextFirst":true,"interactionType":"ENTER_TEXT"}]}
COMMAND: POST /session/ee8c0ad77c32eb6cf27ae9120157f0fa/actions - {"actions":[{"id":"action2","type":"key","parameters":{},"actions":[{"type":"keyDown","value":"î€‡"},{"type":"pause","duration":10},{"type":"keyUp","value":"î€‡"}]}]}
RESULT: {"actions":[{"id":"action2","type":"key","parameters":{},"actions":[{"type":"keyDown","value":"î€‡"},{"type":"pause","duration":10},{"type":"keyUp","value":"î€‡"}]}]}
COMMAND: GET /session/ee8c0ad77c32eb6cf27ae9120157f0fa/screenshot - {}
RESULT: {}
COMMAND: POST /session/ee8c0ad77c32eb6cf27ae9120157f0fa/element - {"using":"xpath","value":"//span[contains(text(), \"General Management\")]"}
RESULT: {"using":"xpath","value":"//span[contains(text(), \"General Management\")]"}
COMMAND: POST /session/ee8c0ad77c32eb6cf27ae9120157f0fa/element/f.4EEDEA8BBD1FF6E0A028415A04A49F5E.d.DB9F09A73F50443CDE42E6134081268F.e.1423/click - {}
RESULT: {}
COMMAND: GET /session/ee8c0ad77c32eb6cf27ae9120157f0fa/screenshot - {}
RESULT: {}
COMMAND: POST /session/ee8c0ad77c32eb6cf27ae9120157f0fa/element - {"using":"xpath","value":"//bdi[contains(text(), \"OK\")]"}
RESULT: {"using":"xpath","value":"//bdi[contains(text(), \"OK\")]"}
COMMAND: POST /session/ee8c0ad77c32eb6cf27ae9120157f0fa/element/f.4EEDEA8BBD1FF6E0A028415A04A49F5E.d.DB9F09A73F50443CDE42E6134081268F.e.1424/click - {}
RESULT: {}
COMMAND: GET /session/ee8c0ad77c32eb6cf27ae9120157f0fa/screenshot - {}
RESULT: {}
COMMAND: POST /session/ee8c0ad77c32eb6cf27ae9120157f0fa/element - {"using":"xpath","value":"//input[@id=\"application-managepartners-display-component---NewPartner--companyCodeComboBox-inner\"]"}
RESULT: {"using":"xpath","value":"//input[@id=\"application-managepartners-display-component---NewPartner--companyCodeComboBox-inner\"]"}
COMMAND: POST /session/ee8c0ad77c32eb6cf27ae9120157f0fa/element/f.4EEDEA8BBD1FF6E0A028415A04A49F5E.d.DB9F09A73F50443CDE42E6134081268F.e.1225/clear - {}
RESULT: {}
COMMAND: POST /session/ee8c0ad77c32eb6cf27ae9120157f0fa/element/f.4EEDEA8BBD1FF6E0A028415A04A49F5E.d.DB9F09A73F50443CDE42E6134081268F.e.1225/value - {"text":"1000"}
COMMAND: GET /session/ee8c0ad77c32eb6cf27ae9120157f0fa/screenshot - {}
RESULT: {"text":"1000"}
COMMAND: GET /session/ee8c0ad77c32eb6cf27ae9120157f0fa/screenshot - {}
RESULT: {}
RESULT: {}
COMMAND: POST /session/ee8c0ad77c32eb6cf27ae9120157f0fa/element - {"using":"xpath","value":"//li[.//span[text()= \"1000\"]]"}
RESULT: {"using":"xpath","value":"//li[.//span[text()= \"1000\"]]"}
COMMAND: POST /session/ee8c0ad77c32eb6cf27ae9120157f0fa/element/f.4EEDEA8BBD1FF6E0A028415A04A49F5E.d.DB9F09A73F50443CDE42E6134081268F.e.1430/click - {}
RESULT: {}
COMMAND: GET /session/ee8c0ad77c32eb6cf27ae9120157f0fa/screenshot - {}
RESULT: {}
COMMAND: POST /session/ee8c0ad77c32eb6cf27ae9120157f0fa/execute/async - {"script":"<script> [1562 bytes]","args":[{"selector":{"id":"application-managepartners-display-component---NewPartner--btnAddTableRow-img"},"wdio_ui5_key":"applicationmanagepartners-display-component---NewPartner--btnAddTableRow-img"}]}
RESULT: {"script":"<script> [1562 bytes]","args":[{"selector":{"id":"application-managepartners-display-component---NewPartner--btnAddTableRow-img"},"wdio_ui5_key":"applicationmanagepartners-display-component---NewPartner--btnAddTableRow-img"}]}
RESULT: undefined
COMMAND: POST /session/ee8c0ad77c32eb6cf27ae9120157f0fa/element - {"using":"xpath","value":"//*[@id=\"application-managepartners-display-component---NewPartner--btnAddTableRow-img\"]"}
RESULT: {"using":"xpath","value":"//*[@id=\"application-managepartners-display-component---NewPartner--btnAddTableRow-img\"]"}
COMMAND: POST /session/ee8c0ad77c32eb6cf27ae9120157f0fa/element/f.4EEDEA8BBD1FF6E0A028415A04A49F5E.d.DB9F09A73F50443CDE42E6134081268F.e.1431/click - {}
RESULT: {}
COMMAND: GET /session/ee8c0ad77c32eb6cf27ae9120157f0fa/screenshot - {}
RESULT: {}
COMMAND: POST /session/ee8c0ad77c32eb6cf27ae9120157f0fa/element - {"using":"xpath","value":"//input[@id=\"application-managepartners-display-component---NewPartner--assignmentYard-application-managepartners-display-component---NewPartner--assignmentsTable-0-inner\"]"}
RESULT: {"using":"xpath","value":"//input[@id=\"application-managepartners-display-component---NewPartner--assignmentYard-application-managepartners-display-component---NewPartner--assignmentsTable-0-inner\"]"}
COMMAND: POST /session/ee8c0ad77c32eb6cf27ae9120157f0fa/element/f.4EEDEA8BBD1FF6E0A028415A04A49F5E.d.DB9F09A73F50443CDE42E6134081268F.e.1434/clear - {}
RESULT: {}
COMMAND: POST /session/ee8c0ad77c32eb6cf27ae9120157f0fa/element/f.4EEDEA8BBD1FF6E0A028415A04A49F5E.d.DB9F09A73F50443CDE42E6134081268F.e.1434/value - {"text":"364"}
COMMAND: GET /session/ee8c0ad77c32eb6cf27ae9120157f0fa/screenshot - {}
RESULT: {"text":"364"}
COMMAND: GET /session/ee8c0ad77c32eb6cf27ae9120157f0fa/screenshot - {}
RESULT: {}
RESULT: {}
COMMAND: POST /session/ee8c0ad77c32eb6cf27ae9120157f0fa/element - {"using":"xpath","value":"//li[.//span[text()='364']]"}
RESULT: {"using":"xpath","value":"//li[.//span[text()='364']]"}
COMMAND: POST /session/ee8c0ad77c32eb6cf27ae9120157f0fa/element/f.4EEDEA8BBD1FF6E0A028415A04A49F5E.d.DB9F09A73F50443CDE42E6134081268F.e.1443/click - {}
RESULT: {}
COMMAND: GET /session/ee8c0ad77c32eb6cf27ae9120157f0fa/screenshot - {}
RESULT: {}
COMMAND: POST /session/ee8c0ad77c32eb6cf27ae9120157f0fa/actions - {"actions":[{"id":"action3","type":"key","parameters":{},"actions":[{"type":"keyDown","value":"î€‡"},{"type":"pause","duration":10},{"type":"keyUp","value":"î€‡"}]}]}
RESULT: {"actions":[{"id":"action3","type":"key","parameters":{},"actions":[{"type":"keyDown","value":"î€‡"},{"type":"pause","duration":10},{"type":"keyUp","value":"î€‡"}]}]}
COMMAND: POST /session/ee8c0ad77c32eb6cf27ae9120157f0fa/execute/async - {"script":"<script> [1562 bytes]","args":[{"selector":{"id":"application-managepartners-display-component---NewPartner--externalCustomerComboBox-application-managepartners-display-component---NewPartner--assignmentsTable-0-vhi"},"wdio_ui5_key":"applicationmanagepartners-display-component---NewPartner--externalCustomerComboBox-application-managepartners-display-component---NewPartner--assignmentsTable-0-vhi"}]}
COMMAND: GET /session/ee8c0ad77c32eb6cf27ae9120157f0fa/screenshot - {}
RESULT: {"script":"<script> [1562 bytes]","args":[{"selector":{"id":"application-managepartners-display-component---NewPartner--externalCustomerComboBox-application-managepartners-display-component---NewPartner--assignmentsTable-0-vhi"},"wdio_ui5_key":"applicationmanagepartners-display-component---NewPartner--externalCustomerComboBox-application-managepartners-display-component---NewPartner--assignmentsTable-0-vhi"}]}
RESULT: undefined
COMMAND: POST /session/ee8c0ad77c32eb6cf27ae9120157f0fa/element - {"using":"xpath","value":"//*[@id=\"application-managepartners-display-component---NewPartner--externalCustomerComboBox-application-managepartners-display-component---NewPartner--assignmentsTable-0-vhi\"]"}
RESULT: {}
RESULT: {"using":"xpath","value":"//*[@id=\"application-managepartners-display-component---NewPartner--externalCustomerComboBox-application-managepartners-display-component---NewPartner--assignmentsTable-0-vhi\"]"}
COMMAND: POST /session/ee8c0ad77c32eb6cf27ae9120157f0fa/element/f.4EEDEA8BBD1FF6E0A028415A04A49F5E.d.DB9F09A73F50443CDE42E6134081268F.e.1447/click - {}
RESULT: {}
RESULT: undefined
COMMAND: POST /session/ee8c0ad77c32eb6cf27ae9120157f0fa/execute/async - {"script":"<script> [776 bytes]","args":[{"enterText":"300003","selector":{"controlType":"sap.m.SearchField","properties":{"placeholder":"Search"},"searchOpenDialogs":true,"interaction":{"idSuffix":"I"}},"clearTextFirst":true,"interactionType":"ENTER_TEXT"}]}
COMMAND: GET /session/ee8c0ad77c32eb6cf27ae9120157f0fa/screenshot - {}
RESULT: {"script":"<script> [776 bytes]","args":[{"enterText":"300003","selector":{"controlType":"sap.m.SearchField","properties":{"placeholder":"Search"},"searchOpenDialogs":true,"interaction":{"idSuffix":"I"}},"clearTextFirst":true,"interactionType":"ENTER_TEXT"}]}
COMMAND: POST /session/ee8c0ad77c32eb6cf27ae9120157f0fa/actions - {"actions":[{"id":"action4","type":"key","parameters":{},"actions":[{"type":"keyDown","value":"î€‡"},{"type":"pause","duration":10},{"type":"keyUp","value":"î€‡"}]}]}
RESULT: {}
RESULT: {"actions":[{"id":"action4","type":"key","parameters":{},"actions":[{"type":"keyDown","value":"î€‡"},{"type":"pause","duration":10},{"type":"keyUp","value":"î€‡"}]}]}
COMMAND: GET /session/ee8c0ad77c32eb6cf27ae9120157f0fa/screenshot - {}
RESULT: {}
COMMAND: POST /session/ee8c0ad77c32eb6cf27ae9120157f0fa/element - {"using":"xpath","value":"//span[contains(text(), \"300003\")]"}
RESULT: {"using":"xpath","value":"//span[contains(text(), \"300003\")]"}
COMMAND: POST /session/ee8c0ad77c32eb6cf27ae9120157f0fa/element/f.4EEDEA8BBD1FF6E0A028415A04A49F5E.d.DB9F09A73F50443CDE42E6134081268F.e.1464/click - {}
RESULT: {}
COMMAND: GET /session/ee8c0ad77c32eb6cf27ae9120157f0fa/screenshot - {}
RESULT: {}
COMMAND: POST /session/ee8c0ad77c32eb6cf27ae9120157f0fa/element - {"using":"xpath","value":"//bdi[contains(text(), \"OK\")]"}
RESULT: {"using":"xpath","value":"//bdi[contains(text(), \"OK\")]"}
COMMAND: POST /session/ee8c0ad77c32eb6cf27ae9120157f0fa/element/f.4EEDEA8BBD1FF6E0A028415A04A49F5E.d.DB9F09A73F50443CDE42E6134081268F.e.1466/click - {}
RESULT: {}
COMMAND: GET /session/ee8c0ad77c32eb6cf27ae9120157f0fa/screenshot - {}
RESULT: {}
COMMAND: POST /session/ee8c0ad77c32eb6cf27ae9120157f0fa/execute/async - {"script":"<script> [1562 bytes]","args":[{"selector":{"id":"application-managepartners-display-component---NewPartner--intercompVendorComboBox-application-managepartners-display-component---NewPartner--assignmentsTable-0-vhi"},"wdio_ui5_key":"applicationmanagepartners-display-component---NewPartner--intercompVendorComboBox-application-managepartners-display-component---NewPartner--assignmentsTable-0-vhi"}]}
RESULT: {"script":"<script> [1562 bytes]","args":[{"selector":{"id":"application-managepartners-display-component---NewPartner--intercompVendorComboBox-application-managepartners-display-component---NewPartner--assignmentsTable-0-vhi"},"wdio_ui5_key":"applicationmanagepartners-display-component---NewPartner--intercompVendorComboBox-application-managepartners-display-component---NewPartner--assignmentsTable-0-vhi"}]}
RESULT: undefined
COMMAND: POST /session/ee8c0ad77c32eb6cf27ae9120157f0fa/element - {"using":"xpath","value":"//*[@id=\"application-managepartners-display-component---NewPartner--intercompVendorComboBox-application-managepartners-display-component---NewPartner--assignmentsTable-0-vhi\"]"}
RESULT: {"using":"xpath","value":"//*[@id=\"application-managepartners-display-component---NewPartner--intercompVendorComboBox-application-managepartners-display-component---NewPartner--assignmentsTable-0-vhi\"]"}
COMMAND: POST /session/ee8c0ad77c32eb6cf27ae9120157f0fa/element/f.4EEDEA8BBD1FF6E0A028415A04A49F5E.d.DB9F09A73F50443CDE42E6134081268F.e.1469/click - {}
RESULT: {}
RESULT: undefined
COMMAND: POST /session/ee8c0ad77c32eb6cf27ae9120157f0fa/execute/async - {"script":"<script> [776 bytes]","args":[{"enterText":"100005","selector":{"controlType":"sap.m.SearchField","properties":{"placeholder":"Search"},"searchOpenDialogs":true,"interaction":{"idSuffix":"I"}},"clearTextFirst":true,"interactionType":"ENTER_TEXT"}]}
COMMAND: GET /session/ee8c0ad77c32eb6cf27ae9120157f0fa/screenshot - {}
RESULT: {"script":"<script> [776 bytes]","args":[{"enterText":"100005","selector":{"controlType":"sap.m.SearchField","properties":{"placeholder":"Search"},"searchOpenDialogs":true,"interaction":{"idSuffix":"I"}},"clearTextFirst":true,"interactionType":"ENTER_TEXT"}]}
COMMAND: POST /session/ee8c0ad77c32eb6cf27ae9120157f0fa/actions - {"actions":[{"id":"action5","type":"key","parameters":{},"actions":[{"type":"keyDown","value":"î€‡"},{"type":"pause","duration":10},{"type":"keyUp","value":"î€‡"}]}]}
RESULT: {}
RESULT: {"actions":[{"id":"action5","type":"key","parameters":{},"actions":[{"type":"keyDown","value":"î€‡"},{"type":"pause","duration":10},{"type":"keyUp","value":"î€‡"}]}]}
COMMAND: GET /session/ee8c0ad77c32eb6cf27ae9120157f0fa/screenshot - {}
RESULT: {}
COMMAND: POST /session/ee8c0ad77c32eb6cf27ae9120157f0fa/element - {"using":"xpath","value":"//span[contains(text(), \"Penguins - Field/12345 Berlin\")]"}
RESULT: {"using":"xpath","value":"//span[contains(text(), \"Penguins - Field/12345 Berlin\")]"}
COMMAND: POST /session/ee8c0ad77c32eb6cf27ae9120157f0fa/element/f.4EEDEA8BBD1FF6E0A028415A04A49F5E.d.DB9F09A73F50443CDE42E6134081268F.e.1487/click - {}
RESULT: {}
COMMAND: GET /session/ee8c0ad77c32eb6cf27ae9120157f0fa/screenshot - {}
RESULT: {}
COMMAND: POST /session/ee8c0ad77c32eb6cf27ae9120157f0fa/element - {"using":"xpath","value":"//bdi[contains(text(), \"OK\")]"}
RESULT: {"using":"xpath","value":"//bdi[contains(text(), \"OK\")]"}
COMMAND: POST /session/ee8c0ad77c32eb6cf27ae9120157f0fa/element/f.4EEDEA8BBD1FF6E0A028415A04A49F5E.d.DB9F09A73F50443CDE42E6134081268F.e.1488/click - {}
RESULT: {}
COMMAND: GET /session/ee8c0ad77c32eb6cf27ae9120157f0fa/screenshot - {}
RESULT: {}
COMMAND: POST /session/ee8c0ad77c32eb6cf27ae9120157f0fa/element - {"using":"xpath","value":"//button[@data-kt=\"saveButton\"]"}
RESULT: {"using":"xpath","value":"//button[@data-kt=\"saveButton\"]"}
COMMAND: POST /session/ee8c0ad77c32eb6cf27ae9120157f0fa/element/f.4EEDEA8BBD1FF6E0A028415A04A49F5E.d.DB9F09A73F50443CDE42E6134081268F.e.1254/click - {}
RESULT: {}
COMMAND: GET /session/ee8c0ad77c32eb6cf27ae9120157f0fa/screenshot - {}
RESULT: {}
COMMAND: POST /session/ee8c0ad77c32eb6cf27ae9120157f0fa/element - {"using":"xpath","value":"//header[contains(@id, 'ObjectPageLayout-headerTitle')]/div[1]/div[2]/div[2]/span[1]"}
RESULT: {"using":"xpath","value":"//header[contains(@id, 'ObjectPageLayout-headerTitle')]/div[1]/div[2]/div[2]/span[1]"}
COMMAND: POST /session/ee8c0ad77c32eb6cf27ae9120157f0fa/elements - {"using":"xpath","value":"//header[contains(@id, 'ObjectPageLayout-headerTitle')]/div[1]/div[2]/div[2]/span[1]"}
RESULT: {"using":"xpath","value":"//header[contains(@id, 'ObjectPageLayout-headerTitle')]/div[1]/div[2]/div[2]/span[1]"}
COMMAND: POST /session/ee8c0ad77c32eb6cf27ae9120157f0fa/execute/sync - {"script":"<script> [56 bytes]","args":[{"element-6066-11e4-a52e-4f735466cecf":"f.4EEDEA8BBD1FF6E0A028415A04A49F5E.d.DB9F09A73F50443CDE42E6134081268F.e.1654","ELEMENT":"f.4EEDEA8BBD1FF6E0A028415A04A49F5E.d.DB9F09A73F50443CDE42E6134081268F.e.1654"}]}
RESULT: {"script":"<script> [56 bytes]","args":[{"element-6066-11e4-a52e-4f735466cecf":"f.4EEDEA8BBD1FF6E0A028415A04A49F5E.d.DB9F09A73F50443CDE42E6134081268F.e.1654","ELEMENT":"f.4EEDEA8BBD1FF6E0A028415A04A49F5E.d.DB9F09A73F50443CDE42E6134081268F.e.1654"}]}
COMMAND: POST /session/ee8c0ad77c32eb6cf27ae9120157f0fa/element - {"using":"css selector","value":"#shell-header-logo"}
COMMAND: GET /session/ee8c0ad77c32eb6cf27ae9120157f0fa/screenshot - {}
RESULT: {"using":"css selector","value":"#shell-header-logo"}
COMMAND: POST /session/ee8c0ad77c32eb6cf27ae9120157f0fa/element/f.4EEDEA8BBD1FF6E0A028415A04A49F5E.d.DB9F09A73F50443CDE42E6134081268F.e.866/click - {}
RESULT: {}
RESULT: {}
COMMAND: GET /session/ee8c0ad77c32eb6cf27ae9120157f0fa/screenshot - {}
RESULT: {}
COMMAND: POST /session/ee8c0ad77c32eb6cf27ae9120157f0fa/execute/sync - {"script":"<script> [299 bytes]","args":[["getModel","getResource"]]}
RESULT: {"script":"<script> [299 bytes]","args":[["getModel","getResource"]]}
COMMAND: GET /session/ee8c0ad77c32eb6cf27ae9120157f0fa/screenshot - {}
]]></system-out>
    </testcase>
    <testcase classname="chrome.136_0_7103_49.windows.Billing_confirm_US117289" name="Should create a new site" time="114.093">
      <system-out><![CDATA[
COMMAND: POST /session/ee8c0ad77c32eb6cf27ae9120157f0fa/execute/async - {"script":"<script> [1562 bytes]","args":[{"selector":{"controlType":"sap.m.GenericTile","properties":{"header":"Manage Sites"}},"wdio_ui5_key":"sapm.GenericTile{\"header\":\"Manage Sites\"}"}]}
RESULT: {"script":"<script> [1562 bytes]","args":[{"selector":{"controlType":"sap.m.GenericTile","properties":{"header":"Manage Sites"}},"wdio_ui5_key":"sapm.GenericTile{\"header\":\"Manage Sites\"}"}]}
RESULT: undefined
COMMAND: POST /session/ee8c0ad77c32eb6cf27ae9120157f0fa/element - {"using":"xpath","value":"//*[@id=\"__tile40\"]"}
RESULT: {}
RESULT: {"using":"xpath","value":"//*[@id=\"__tile40\"]"}
COMMAND: POST /session/ee8c0ad77c32eb6cf27ae9120157f0fa/element/f.4EEDEA8BBD1FF6E0A028415A04A49F5E.d.DB9F09A73F50443CDE42E6134081268F.e.172/click - {}
RESULT: {}
COMMAND: GET /session/ee8c0ad77c32eb6cf27ae9120157f0fa/screenshot - {}
RESULT: {}
COMMAND: POST /session/ee8c0ad77c32eb6cf27ae9120157f0fa/elements - {"using":"xpath","value":"//span[text()='Error']"}
RESULT: {"using":"xpath","value":"//span[text()='Error']"}
COMMAND: POST /session/ee8c0ad77c32eb6cf27ae9120157f0fa/element - {"using":"xpath","value":"//button[@data-kt=\"addOverflowToolbarButton\"]"}
RESULT: {"using":"xpath","value":"//button[@data-kt=\"addOverflowToolbarButton\"]"}
COMMAND: POST /session/ee8c0ad77c32eb6cf27ae9120157f0fa/elements - {"using":"xpath","value":"//button[@data-kt=\"addOverflowToolbarButton\"]"}
RESULT: {"using":"xpath","value":"//button[@data-kt=\"addOverflowToolbarButton\"]"}
COMMAND: POST /session/ee8c0ad77c32eb6cf27ae9120157f0fa/execute/sync - {"script":"<script> [8489 bytes]","args":[{"element-6066-11e4-a52e-4f735466cecf":"f.4EEDEA8BBD1FF6E0A028415A04A49F5E.d.DB9F09A73F50443CDE42E6134081268F.e.1701","ELEMENT":"f.4EEDEA8BBD1FF6E0A028415A04A49F5E.d.DB9F09A73F50443CDE42E6134081268F.e.1701"}]}
RESULT: {"script":"<script> [8489 bytes]","args":[{"element-6066-11e4-a52e-4f735466cecf":"f.4EEDEA8BBD1FF6E0A028415A04A49F5E.d.DB9F09A73F50443CDE42E6134081268F.e.1701","ELEMENT":"f.4EEDEA8BBD1FF6E0A028415A04A49F5E.d.DB9F09A73F50443CDE42E6134081268F.e.1701"}]}
COMMAND: GET /session/ee8c0ad77c32eb6cf27ae9120157f0fa/element/f.4EEDEA8BBD1FF6E0A028415A04A49F5E.d.DB9F09A73F50443CDE42E6134081268F.e.1701/enabled - {}
COMMAND: GET /session/ee8c0ad77c32eb6cf27ae9120157f0fa/screenshot - {}
RESULT: {}
COMMAND: POST /session/ee8c0ad77c32eb6cf27ae9120157f0fa/execute/sync - {"script":"<script> [8489 bytes]","args":[{"element-6066-11e4-a52e-4f735466cecf":"f.4EEDEA8BBD1FF6E0A028415A04A49F5E.d.DB9F09A73F50443CDE42E6134081268F.e.1701","ELEMENT":"f.4EEDEA8BBD1FF6E0A028415A04A49F5E.d.DB9F09A73F50443CDE42E6134081268F.e.1701"}]}
COMMAND: GET /session/ee8c0ad77c32eb6cf27ae9120157f0fa/screenshot - {}
RESULT: {}
RESULT: {"script":"<script> [8489 bytes]","args":[{"element-6066-11e4-a52e-4f735466cecf":"f.4EEDEA8BBD1FF6E0A028415A04A49F5E.d.DB9F09A73F50443CDE42E6134081268F.e.1701","ELEMENT":"f.4EEDEA8BBD1FF6E0A028415A04A49F5E.d.DB9F09A73F50443CDE42E6134081268F.e.1701"}]}
COMMAND: POST /session/ee8c0ad77c32eb6cf27ae9120157f0fa/execute/sync - {"script":"<script> [5351 bytes]","args":[{"element-6066-11e4-a52e-4f735466cecf":"f.4EEDEA8BBD1FF6E0A028415A04A49F5E.d.DB9F09A73F50443CDE42E6134081268F.e.1701","ELEMENT":"f.4EEDEA8BBD1FF6E0A028415A04A49F5E.d.DB9F09A73F50443CDE42E6134081268F.e.1701"}]}
COMMAND: GET /session/ee8c0ad77c32eb6cf27ae9120157f0fa/screenshot - {}
RESULT: {}
RESULT: {"script":"<script> [5351 bytes]","args":[{"element-6066-11e4-a52e-4f735466cecf":"f.4EEDEA8BBD1FF6E0A028415A04A49F5E.d.DB9F09A73F50443CDE42E6134081268F.e.1701","ELEMENT":"f.4EEDEA8BBD1FF6E0A028415A04A49F5E.d.DB9F09A73F50443CDE42E6134081268F.e.1701"}]}
COMMAND: POST /session/ee8c0ad77c32eb6cf27ae9120157f0fa/element/f.4EEDEA8BBD1FF6E0A028415A04A49F5E.d.DB9F09A73F50443CDE42E6134081268F.e.1701/click - {}
COMMAND: GET /session/ee8c0ad77c32eb6cf27ae9120157f0fa/screenshot - {}
RESULT: {}
RESULT: {}
COMMAND: GET /session/ee8c0ad77c32eb6cf27ae9120157f0fa/screenshot - {}
COMMAND: POST /session/ee8c0ad77c32eb6cf27ae9120157f0fa/element - {"using":"xpath","value":"//input[@id=\"application-managesites-display-component---NewSite--siteId-inner\"]"}
RESULT: {}
RESULT: {}
RESULT: {"using":"xpath","value":"//input[@id=\"application-managesites-display-component---NewSite--siteId-inner\"]"}
COMMAND: POST /session/ee8c0ad77c32eb6cf27ae9120157f0fa/element - {"using":"xpath","value":"//input[@id=\"application-managesites-display-component---NewSite--siteId-inner\"]"}
RESULT: {"using":"xpath","value":"//input[@id=\"application-managesites-display-component---NewSite--siteId-inner\"]"}
COMMAND: POST /session/ee8c0ad77c32eb6cf27ae9120157f0fa/execute/async - {"script":"<script> [1562 bytes]","args":[{"selector":{"id":"application-managesites-display-component---NewSite--addressDetailDetailsName1","interaction":{"idSuffix":"inner"}},"wdio_ui5_key":"applicationmanagesites-display-component---NewSite--addressDetailDetailsName1"}]}
RESULT: {"script":"<script> [1562 bytes]","args":[{"selector":{"id":"application-managesites-display-component---NewSite--addressDetailDetailsName1","interaction":{"idSuffix":"inner"}},"wdio_ui5_key":"applicationmanagesites-display-component---NewSite--addressDetailDetailsName1"}]}
RESULT: undefined
COMMAND: POST /session/ee8c0ad77c32eb6cf27ae9120157f0fa/execute/async - {"script":"<script> [776 bytes]","args":[{"enterText":"Intracompany Site wdIO","selector":{"id":"application-managesites-display-component---NewSite--addressDetailDetailsName1","interaction":{"idSuffix":"inner"}},"clearTextFirst":true,"interactionType":"ENTER_TEXT"}]}
RESULT: {"script":"<script> [776 bytes]","args":[{"enterText":"Intracompany Site wdIO","selector":{"id":"application-managesites-display-component---NewSite--addressDetailDetailsName1","interaction":{"idSuffix":"inner"}},"clearTextFirst":true,"interactionType":"ENTER_TEXT"}]}
COMMAND: POST /session/ee8c0ad77c32eb6cf27ae9120157f0fa/execute/async - {"script":"<script> [1562 bytes]","args":[{"selector":{"id":"application-managesites-display-component---NewSite--addressDetailDetailsLanguage-arrow"},"wdio_ui5_key":"applicationmanagesites-display-component---NewSite--addressDetailDetailsLanguage-arrow"}]}
RESULT: {"script":"<script> [1562 bytes]","args":[{"selector":{"id":"application-managesites-display-component---NewSite--addressDetailDetailsLanguage-arrow"},"wdio_ui5_key":"applicationmanagesites-display-component---NewSite--addressDetailDetailsLanguage-arrow"}]}
RESULT: undefined
COMMAND: POST /session/ee8c0ad77c32eb6cf27ae9120157f0fa/element - {"using":"xpath","value":"//*[@id=\"application-managesites-display-component---NewSite--addressDetailDetailsLanguage-arrow\"]"}
RESULT: {"using":"xpath","value":"//*[@id=\"application-managesites-display-component---NewSite--addressDetailDetailsLanguage-arrow\"]"}
COMMAND: POST /session/ee8c0ad77c32eb6cf27ae9120157f0fa/element/f.4EEDEA8BBD1FF6E0A028415A04A49F5E.d.DB9F09A73F50443CDE42E6134081268F.e.2102/click - {}
RESULT: {}
COMMAND: POST /session/ee8c0ad77c32eb6cf27ae9120157f0fa/element - {"using":"xpath","value":"//span[contains(text(), \"English\")]"}
COMMAND: GET /session/ee8c0ad77c32eb6cf27ae9120157f0fa/screenshot - {}
RESULT: {}
RESULT: {"using":"xpath","value":"//span[contains(text(), \"English\")]"}
COMMAND: POST /session/ee8c0ad77c32eb6cf27ae9120157f0fa/element/f.4EEDEA8BBD1FF6E0A028415A04A49F5E.d.DB9F09A73F50443CDE42E6134081268F.e.2103/click - {}
RESULT: {}
COMMAND: POST /session/ee8c0ad77c32eb6cf27ae9120157f0fa/execute/async - {"script":"<script> [1562 bytes]","args":[{"selector":{"id":"application-managesites-display-component---NewSite--addressDetailDetailsCity1","interaction":{"idSuffix":"inner"}},"wdio_ui5_key":"applicationmanagesites-display-component---NewSite--addressDetailDetailsCity1"}]}
COMMAND: GET /session/ee8c0ad77c32eb6cf27ae9120157f0fa/screenshot - {}
RESULT: {"script":"<script> [1562 bytes]","args":[{"selector":{"id":"application-managesites-display-component---NewSite--addressDetailDetailsCity1","interaction":{"idSuffix":"inner"}},"wdio_ui5_key":"applicationmanagesites-display-component---NewSite--addressDetailDetailsCity1"}]}
RESULT: undefined
COMMAND: POST /session/ee8c0ad77c32eb6cf27ae9120157f0fa/execute/async - {"script":"<script> [776 bytes]","args":[{"enterText":"Rosario","selector":{"id":"application-managesites-display-component---NewSite--addressDetailDetailsCity1","interaction":{"idSuffix":"inner"}},"clearTextFirst":true,"interactionType":"ENTER_TEXT"}]}
RESULT: {}
RESULT: {"script":"<script> [776 bytes]","args":[{"enterText":"Rosario","selector":{"id":"application-managesites-display-component---NewSite--addressDetailDetailsCity1","interaction":{"idSuffix":"inner"}},"clearTextFirst":true,"interactionType":"ENTER_TEXT"}]}
COMMAND: POST /session/ee8c0ad77c32eb6cf27ae9120157f0fa/execute/async - {"script":"<script> [1562 bytes]","args":[{"selector":{"id":"application-managesites-display-component---NewSite--addressDetailDetailsCountry-arrow"},"wdio_ui5_key":"applicationmanagesites-display-component---NewSite--addressDetailDetailsCountry-arrow"}]}
RESULT: {"script":"<script> [1562 bytes]","args":[{"selector":{"id":"application-managesites-display-component---NewSite--addressDetailDetailsCountry-arrow"},"wdio_ui5_key":"applicationmanagesites-display-component---NewSite--addressDetailDetailsCountry-arrow"}]}
RESULT: undefined
COMMAND: POST /session/ee8c0ad77c32eb6cf27ae9120157f0fa/element - {"using":"xpath","value":"//*[@id=\"application-managesites-display-component---NewSite--addressDetailDetailsCountry-arrow\"]"}
RESULT: {"using":"xpath","value":"//*[@id=\"application-managesites-display-component---NewSite--addressDetailDetailsCountry-arrow\"]"}
COMMAND: POST /session/ee8c0ad77c32eb6cf27ae9120157f0fa/element/f.4EEDEA8BBD1FF6E0A028415A04A49F5E.d.DB9F09A73F50443CDE42E6134081268F.e.2105/click - {}
RESULT: {}
COMMAND: POST /session/ee8c0ad77c32eb6cf27ae9120157f0fa/element - {"using":"xpath","value":"//span[contains(text(), \"Argentina\")]"}
COMMAND: GET /session/ee8c0ad77c32eb6cf27ae9120157f0fa/screenshot - {}
RESULT: {"using":"xpath","value":"//span[contains(text(), \"Argentina\")]"}
COMMAND: POST /session/ee8c0ad77c32eb6cf27ae9120157f0fa/element/f.4EEDEA8BBD1FF6E0A028415A04A49F5E.d.DB9F09A73F50443CDE42E6134081268F.e.2107/click - {}
RESULT: {}
RESULT: {}
COMMAND: GET /session/ee8c0ad77c32eb6cf27ae9120157f0fa/screenshot - {}
RESULT: {}
COMMAND: POST /session/ee8c0ad77c32eb6cf27ae9120157f0fa/execute/async - {"script":"<script> [1562 bytes]","args":[{"selector":{"id":"application-managesites-display-component---NewSite--addressEditDetailsCostObjectCstType-arrow"},"wdio_ui5_key":"applicationmanagesites-display-component---NewSite--addressEditDetailsCostObjectCstType-arrow"}]}
RESULT: {"script":"<script> [1562 bytes]","args":[{"selector":{"id":"application-managesites-display-component---NewSite--addressEditDetailsCostObjectCstType-arrow"},"wdio_ui5_key":"applicationmanagesites-display-component---NewSite--addressEditDetailsCostObjectCstType-arrow"}]}
RESULT: undefined
COMMAND: POST /session/ee8c0ad77c32eb6cf27ae9120157f0fa/element - {"using":"xpath","value":"//*[@id=\"application-managesites-display-component---NewSite--addressEditDetailsCostObjectCstType-arrow\"]"}
RESULT: {"using":"xpath","value":"//*[@id=\"application-managesites-display-component---NewSite--addressEditDetailsCostObjectCstType-arrow\"]"}
COMMAND: POST /session/ee8c0ad77c32eb6cf27ae9120157f0fa/element/f.4EEDEA8BBD1FF6E0A028415A04A49F5E.d.DB9F09A73F50443CDE42E6134081268F.e.2108/click - {}
RESULT: {}
COMMAND: POST /session/ee8c0ad77c32eb6cf27ae9120157f0fa/element - {"using":"xpath","value":"//span[contains(text(), \"Cost Center\")]"}
COMMAND: GET /session/ee8c0ad77c32eb6cf27ae9120157f0fa/screenshot - {}
RESULT: {"using":"xpath","value":"//span[contains(text(), \"Cost Center\")]"}
COMMAND: POST /session/ee8c0ad77c32eb6cf27ae9120157f0fa/element/f.4EEDEA8BBD1FF6E0A028415A04A49F5E.d.DB9F09A73F50443CDE42E6134081268F.e.2109/click - {}
RESULT: {}
RESULT: {}
COMMAND: GET /session/ee8c0ad77c32eb6cf27ae9120157f0fa/screenshot - {}
RESULT: {}
COMMAND: POST /session/ee8c0ad77c32eb6cf27ae9120157f0fa/element - {"using":"xpath","value":"//span[@id=\"application-managesites-display-component---NewSite--addressNewCostObjectCstID-vhi\"]"}
RESULT: {"using":"xpath","value":"//span[@id=\"application-managesites-display-component---NewSite--addressNewCostObjectCstID-vhi\"]"}
COMMAND: POST /session/ee8c0ad77c32eb6cf27ae9120157f0fa/execute/sync - {"script":"<script> [8489 bytes]","args":[{"element-6066-11e4-a52e-4f735466cecf":"f.4EEDEA8BBD1FF6E0A028415A04A49F5E.d.DB9F09A73F50443CDE42E6134081268F.e.2114","ELEMENT":"f.4EEDEA8BBD1FF6E0A028415A04A49F5E.d.DB9F09A73F50443CDE42E6134081268F.e.2114"}]}
RESULT: {"script":"<script> [8489 bytes]","args":[{"element-6066-11e4-a52e-4f735466cecf":"f.4EEDEA8BBD1FF6E0A028415A04A49F5E.d.DB9F09A73F50443CDE42E6134081268F.e.2114","ELEMENT":"f.4EEDEA8BBD1FF6E0A028415A04A49F5E.d.DB9F09A73F50443CDE42E6134081268F.e.2114"}]}
COMMAND: POST /session/ee8c0ad77c32eb6cf27ae9120157f0fa/execute/async - {"script":"<script> [1562 bytes]","args":[{"selector":{"id":"application-managesites-display-component---NewSite--addressNewCostObjectCstID-vhi"},"wdio_ui5_key":"applicationmanagesites-display-component---NewSite--addressNewCostObjectCstID-vhi"}]}
COMMAND: GET /session/ee8c0ad77c32eb6cf27ae9120157f0fa/screenshot - {}
RESULT: {"script":"<script> [1562 bytes]","args":[{"selector":{"id":"application-managesites-display-component---NewSite--addressNewCostObjectCstID-vhi"},"wdio_ui5_key":"applicationmanagesites-display-component---NewSite--addressNewCostObjectCstID-vhi"}]}
RESULT: undefined
COMMAND: POST /session/ee8c0ad77c32eb6cf27ae9120157f0fa/element - {"using":"xpath","value":"//*[@id=\"application-managesites-display-component---NewSite--addressNewCostObjectCstID-vhi\"]"}
RESULT: {}
RESULT: {"using":"xpath","value":"//*[@id=\"application-managesites-display-component---NewSite--addressNewCostObjectCstID-vhi\"]"}
COMMAND: POST /session/ee8c0ad77c32eb6cf27ae9120157f0fa/element/f.4EEDEA8BBD1FF6E0A028415A04A49F5E.d.DB9F09A73F50443CDE42E6134081268F.e.2114/click - {}
RESULT: {}
COMMAND: GET /session/ee8c0ad77c32eb6cf27ae9120157f0fa/screenshot - {}
RESULT: {}
RESULT: undefined
COMMAND: POST /session/ee8c0ad77c32eb6cf27ae9120157f0fa/execute/async - {"script":"<script> [776 bytes]","args":[{"enterText":"10001013","selector":{"controlType":"sap.m.SearchField","properties":{"placeholder":"Search"},"searchOpenDialogs":true,"interaction":{"idSuffix":"I"}},"clearTextFirst":true,"interactionType":"ENTER_TEXT"}]}
RESULT: {"script":"<script> [776 bytes]","args":[{"enterText":"10001013","selector":{"controlType":"sap.m.SearchField","properties":{"placeholder":"Search"},"searchOpenDialogs":true,"interaction":{"idSuffix":"I"}},"clearTextFirst":true,"interactionType":"ENTER_TEXT"}]}
COMMAND: POST /session/ee8c0ad77c32eb6cf27ae9120157f0fa/actions - {"actions":[{"id":"action6","type":"key","parameters":{},"actions":[{"type":"keyDown","value":"î€‡"},{"type":"pause","duration":10},{"type":"keyUp","value":"î€‡"}]}]}
RESULT: {"actions":[{"id":"action6","type":"key","parameters":{},"actions":[{"type":"keyDown","value":"î€‡"},{"type":"pause","duration":10},{"type":"keyUp","value":"î€‡"}]}]}
COMMAND: GET /session/ee8c0ad77c32eb6cf27ae9120157f0fa/screenshot - {}
RESULT: {}
COMMAND: POST /session/ee8c0ad77c32eb6cf27ae9120157f0fa/element - {"using":"xpath","value":"//span[contains(text(), \"General Management\")]"}
RESULT: {"using":"xpath","value":"//span[contains(text(), \"General Management\")]"}
COMMAND: POST /session/ee8c0ad77c32eb6cf27ae9120157f0fa/element/f.4EEDEA8BBD1FF6E0A028415A04A49F5E.d.DB9F09A73F50443CDE42E6134081268F.e.2153/click - {}
RESULT: {}
COMMAND: GET /session/ee8c0ad77c32eb6cf27ae9120157f0fa/screenshot - {}
RESULT: {}
COMMAND: POST /session/ee8c0ad77c32eb6cf27ae9120157f0fa/element - {"using":"xpath","value":"//bdi[contains(text(), \"OK\")]"}
RESULT: {"using":"xpath","value":"//bdi[contains(text(), \"OK\")]"}
COMMAND: POST /session/ee8c0ad77c32eb6cf27ae9120157f0fa/element/f.4EEDEA8BBD1FF6E0A028415A04A49F5E.d.DB9F09A73F50443CDE42E6134081268F.e.2154/click - {}
RESULT: {}
COMMAND: GET /session/ee8c0ad77c32eb6cf27ae9120157f0fa/screenshot - {}
RESULT: {}
COMMAND: POST /session/ee8c0ad77c32eb6cf27ae9120157f0fa/element - {"using":"xpath","value":"//input[@id=\"application-managesites-display-component---NewSite--addressDetailDetailsCalendar-inner\"]"}
RESULT: {"using":"xpath","value":"//input[@id=\"application-managesites-display-component---NewSite--addressDetailDetailsCalendar-inner\"]"}
COMMAND: POST /session/ee8c0ad77c32eb6cf27ae9120157f0fa/element/f.4EEDEA8BBD1FF6E0A028415A04A49F5E.d.DB9F09A73F50443CDE42E6134081268F.e.1908/clear - {}
RESULT: {}
COMMAND: POST /session/ee8c0ad77c32eb6cf27ae9120157f0fa/element/f.4EEDEA8BBD1FF6E0A028415A04A49F5E.d.DB9F09A73F50443CDE42E6134081268F.e.1908/value - {"text":"Unit"}
COMMAND: GET /session/ee8c0ad77c32eb6cf27ae9120157f0fa/screenshot - {}
RESULT: {"text":"Unit"}
COMMAND: GET /session/ee8c0ad77c32eb6cf27ae9120157f0fa/screenshot - {}
RESULT: {}
RESULT: {}
COMMAND: POST /session/ee8c0ad77c32eb6cf27ae9120157f0fa/actions - {"actions":[{"id":"action7","type":"key","parameters":{},"actions":[{"type":"keyDown","value":"î€‡"},{"type":"pause","duration":10},{"type":"keyUp","value":"î€‡"}]}]}
RESULT: {"actions":[{"id":"action7","type":"key","parameters":{},"actions":[{"type":"keyDown","value":"î€‡"},{"type":"pause","duration":10},{"type":"keyUp","value":"î€‡"}]}]}
COMMAND: POST /session/ee8c0ad77c32eb6cf27ae9120157f0fa/element - {"using":"xpath","value":"//input[@id=\"application-managesites-display-component---NewSite--addressDetailDetailsYard-inner\"]"}
COMMAND: GET /session/ee8c0ad77c32eb6cf27ae9120157f0fa/screenshot - {}
RESULT: {"using":"xpath","value":"//input[@id=\"application-managesites-display-component---NewSite--addressDetailDetailsYard-inner\"]"}
COMMAND: POST /session/ee8c0ad77c32eb6cf27ae9120157f0fa/element/f.4EEDEA8BBD1FF6E0A028415A04A49F5E.d.DB9F09A73F50443CDE42E6134081268F.e.1909/clear - {}
RESULT: {}
RESULT: {}
COMMAND: POST /session/ee8c0ad77c32eb6cf27ae9120157f0fa/element/f.4EEDEA8BBD1FF6E0A028415A04A49F5E.d.DB9F09A73F50443CDE42E6134081268F.e.1909/value - {"text":"364"}
COMMAND: GET /session/ee8c0ad77c32eb6cf27ae9120157f0fa/screenshot - {}
RESULT: {"text":"364"}
COMMAND: GET /session/ee8c0ad77c32eb6cf27ae9120157f0fa/screenshot - {}
RESULT: {}
RESULT: {}
COMMAND: POST /session/ee8c0ad77c32eb6cf27ae9120157f0fa/element - {"using":"xpath","value":"//li[.//span[text()='364']]"}
RESULT: {"using":"xpath","value":"//li[.//span[text()='364']]"}
COMMAND: POST /session/ee8c0ad77c32eb6cf27ae9120157f0fa/element/f.4EEDEA8BBD1FF6E0A028415A04A49F5E.d.DB9F09A73F50443CDE42E6134081268F.e.2162/click - {}
RESULT: {}
COMMAND: GET /session/ee8c0ad77c32eb6cf27ae9120157f0fa/screenshot - {}
RESULT: {}
COMMAND: POST /session/ee8c0ad77c32eb6cf27ae9120157f0fa/element - {"using":"xpath","value":"//input[@id=\"application-managesites-display-component---NewSite--addressDetailDetailsPartner-inner\"]"}
RESULT: {"using":"xpath","value":"//input[@id=\"application-managesites-display-component---NewSite--addressDetailDetailsPartner-inner\"]"}
COMMAND: POST /session/ee8c0ad77c32eb6cf27ae9120157f0fa/element - {"using":"xpath","value":"//input[@id=\"application-managesites-display-component---NewSite--addressDetailDetailsPartner-inner\"]"}
RESULT: {"using":"xpath","value":"//input[@id=\"application-managesites-display-component---NewSite--addressDetailDetailsPartner-inner\"]"}
COMMAND: POST /session/ee8c0ad77c32eb6cf27ae9120157f0fa/element - {"using":"xpath","value":"//button[@data-kt=\"saveButton\"]"}
RESULT: {"using":"xpath","value":"//button[@data-kt=\"saveButton\"]"}
COMMAND: POST /session/ee8c0ad77c32eb6cf27ae9120157f0fa/element/f.4EEDEA8BBD1FF6E0A028415A04A49F5E.d.DB9F09A73F50443CDE42E6134081268F.e.2046/click - {}
RESULT: {}
COMMAND: GET /session/ee8c0ad77c32eb6cf27ae9120157f0fa/screenshot - {}
RESULT: {}
COMMAND: POST /session/ee8c0ad77c32eb6cf27ae9120157f0fa/element - {"using":"xpath","value":"//header[contains(@id, 'ObjectPageLayout-headerTitle')]/div[1]/div[2]/div[2]/span[1]"}
RESULT: {"using":"xpath","value":"//header[contains(@id, 'ObjectPageLayout-headerTitle')]/div[1]/div[2]/div[2]/span[1]"}
COMMAND: POST /session/ee8c0ad77c32eb6cf27ae9120157f0fa/elements - {"using":"xpath","value":"//header[contains(@id, 'ObjectPageLayout-headerTitle')]/div[1]/div[2]/div[2]/span[1]"}
RESULT: {"using":"xpath","value":"//header[contains(@id, 'ObjectPageLayout-headerTitle')]/div[1]/div[2]/div[2]/span[1]"}
COMMAND: POST /session/ee8c0ad77c32eb6cf27ae9120157f0fa/execute/sync - {"script":"<script> [56 bytes]","args":[{"element-6066-11e4-a52e-4f735466cecf":"f.4EEDEA8BBD1FF6E0A028415A04A49F5E.d.DB9F09A73F50443CDE42E6134081268F.e.2367","ELEMENT":"f.4EEDEA8BBD1FF6E0A028415A04A49F5E.d.DB9F09A73F50443CDE42E6134081268F.e.2367"}]}
RESULT: {"script":"<script> [56 bytes]","args":[{"element-6066-11e4-a52e-4f735466cecf":"f.4EEDEA8BBD1FF6E0A028415A04A49F5E.d.DB9F09A73F50443CDE42E6134081268F.e.2367","ELEMENT":"f.4EEDEA8BBD1FF6E0A028415A04A49F5E.d.DB9F09A73F50443CDE42E6134081268F.e.2367"}]}
COMMAND: POST /session/ee8c0ad77c32eb6cf27ae9120157f0fa/element - {"using":"css selector","value":"#shell-header-logo"}
RESULT: {"using":"css selector","value":"#shell-header-logo"}
COMMAND: POST /session/ee8c0ad77c32eb6cf27ae9120157f0fa/element/f.4EEDEA8BBD1FF6E0A028415A04A49F5E.d.DB9F09A73F50443CDE42E6134081268F.e.1659/click - {}
COMMAND: GET /session/ee8c0ad77c32eb6cf27ae9120157f0fa/screenshot - {}
RESULT: {}
RESULT: {}
COMMAND: GET /session/ee8c0ad77c32eb6cf27ae9120157f0fa/screenshot - {}
RESULT: {}
COMMAND: POST /session/ee8c0ad77c32eb6cf27ae9120157f0fa/execute/sync - {"script":"<script> [299 bytes]","args":[["getModel","getResource"]]}
RESULT: {"script":"<script> [299 bytes]","args":[["getModel","getResource"]]}
]]></system-out>
    </testcase>
    <testcase classname="chrome.136_0_7103_49.windows.Billing_confirm_US117289" name="Should create a new equipment" time="135.721">
      <system-out><![CDATA[
COMMAND: POST /session/ee8c0ad77c32eb6cf27ae9120157f0fa/execute/async - {"script":"<script> [1562 bytes]","args":[{"selector":{"controlType":"sap.m.GenericTile","properties":{"header":"Manage Resources"}},"wdio_ui5_key":"sapm.GenericTile{\"header\":\"Manage Resources\"}"}]}
COMMAND: GET /session/ee8c0ad77c32eb6cf27ae9120157f0fa/screenshot - {}
RESULT: {"script":"<script> [1562 bytes]","args":[{"selector":{"controlType":"sap.m.GenericTile","properties":{"header":"Manage Resources"}},"wdio_ui5_key":"sapm.GenericTile{\"header\":\"Manage Resources\"}"}]}
RESULT: undefined
COMMAND: POST /session/ee8c0ad77c32eb6cf27ae9120157f0fa/element - {"using":"xpath","value":"//*[@id=\"__tile39\"]"}
RESULT: {}
RESULT: {"using":"xpath","value":"//*[@id=\"__tile39\"]"}
COMMAND: POST /session/ee8c0ad77c32eb6cf27ae9120157f0fa/element/f.4EEDEA8BBD1FF6E0A028415A04A49F5E.d.DB9F09A73F50443CDE42E6134081268F.e.169/click - {}
RESULT: {}
COMMAND: GET /session/ee8c0ad77c32eb6cf27ae9120157f0fa/screenshot - {}
RESULT: {}
COMMAND: POST /session/ee8c0ad77c32eb6cf27ae9120157f0fa/elements - {"using":"xpath","value":"//span[text()='Error']"}
RESULT: {"using":"xpath","value":"//span[text()='Error']"}
COMMAND: POST /session/ee8c0ad77c32eb6cf27ae9120157f0fa/element - {"using":"xpath","value":"//button[@data-kt=\"addNewRUOverflowToolbarButton\"]"}
RESULT: {"using":"xpath","value":"//button[@data-kt=\"addNewRUOverflowToolbarButton\"]"}
COMMAND: POST /session/ee8c0ad77c32eb6cf27ae9120157f0fa/elements - {"using":"xpath","value":"//button[@data-kt=\"addNewRUOverflowToolbarButton\"]"}
RESULT: {"using":"xpath","value":"//button[@data-kt=\"addNewRUOverflowToolbarButton\"]"}
COMMAND: POST /session/ee8c0ad77c32eb6cf27ae9120157f0fa/elements - {"using":"xpath","value":"//button[@data-kt=\"addNewRUOverflowToolbarButton\"]"}
RESULT: {"using":"xpath","value":"//button[@data-kt=\"addNewRUOverflowToolbarButton\"]"}
COMMAND: POST /session/ee8c0ad77c32eb6cf27ae9120157f0fa/elements - {"using":"xpath","value":"//button[@data-kt=\"addNewRUOverflowToolbarButton\"]"}
RESULT: {"using":"xpath","value":"//button[@data-kt=\"addNewRUOverflowToolbarButton\"]"}
COMMAND: POST /session/ee8c0ad77c32eb6cf27ae9120157f0fa/element - {"using":"xpath","value":"//button[@data-kt=\"addNewRUOverflowToolbarButton\"]"}
RESULT: {"using":"xpath","value":"//button[@data-kt=\"addNewRUOverflowToolbarButton\"]"}
COMMAND: POST /session/ee8c0ad77c32eb6cf27ae9120157f0fa/execute/sync - {"script":"<script> [8489 bytes]","args":[{"element-6066-11e4-a52e-4f735466cecf":"f.4EEDEA8BBD1FF6E0A028415A04A49F5E.d.DB9F09A73F50443CDE42E6134081268F.e.2512","ELEMENT":"f.4EEDEA8BBD1FF6E0A028415A04A49F5E.d.DB9F09A73F50443CDE42E6134081268F.e.2512"}]}
RESULT: {"script":"<script> [8489 bytes]","args":[{"element-6066-11e4-a52e-4f735466cecf":"f.4EEDEA8BBD1FF6E0A028415A04A49F5E.d.DB9F09A73F50443CDE42E6134081268F.e.2512","ELEMENT":"f.4EEDEA8BBD1FF6E0A028415A04A49F5E.d.DB9F09A73F50443CDE42E6134081268F.e.2512"}]}
COMMAND: GET /session/ee8c0ad77c32eb6cf27ae9120157f0fa/element/f.4EEDEA8BBD1FF6E0A028415A04A49F5E.d.DB9F09A73F50443CDE42E6134081268F.e.2512/enabled - {}
COMMAND: GET /session/ee8c0ad77c32eb6cf27ae9120157f0fa/screenshot - {}
RESULT: {}
COMMAND: POST /session/ee8c0ad77c32eb6cf27ae9120157f0fa/execute/sync - {"script":"<script> [8489 bytes]","args":[{"element-6066-11e4-a52e-4f735466cecf":"f.4EEDEA8BBD1FF6E0A028415A04A49F5E.d.DB9F09A73F50443CDE42E6134081268F.e.2512","ELEMENT":"f.4EEDEA8BBD1FF6E0A028415A04A49F5E.d.DB9F09A73F50443CDE42E6134081268F.e.2512"}]}
COMMAND: GET /session/ee8c0ad77c32eb6cf27ae9120157f0fa/screenshot - {}
RESULT: {}
RESULT: {"script":"<script> [8489 bytes]","args":[{"element-6066-11e4-a52e-4f735466cecf":"f.4EEDEA8BBD1FF6E0A028415A04A49F5E.d.DB9F09A73F50443CDE42E6134081268F.e.2512","ELEMENT":"f.4EEDEA8BBD1FF6E0A028415A04A49F5E.d.DB9F09A73F50443CDE42E6134081268F.e.2512"}]}
COMMAND: POST /session/ee8c0ad77c32eb6cf27ae9120157f0fa/execute/sync - {"script":"<script> [5351 bytes]","args":[{"element-6066-11e4-a52e-4f735466cecf":"f.4EEDEA8BBD1FF6E0A028415A04A49F5E.d.DB9F09A73F50443CDE42E6134081268F.e.2512","ELEMENT":"f.4EEDEA8BBD1FF6E0A028415A04A49F5E.d.DB9F09A73F50443CDE42E6134081268F.e.2512"}]}
COMMAND: GET /session/ee8c0ad77c32eb6cf27ae9120157f0fa/screenshot - {}
RESULT: {}
RESULT: {"script":"<script> [5351 bytes]","args":[{"element-6066-11e4-a52e-4f735466cecf":"f.4EEDEA8BBD1FF6E0A028415A04A49F5E.d.DB9F09A73F50443CDE42E6134081268F.e.2512","ELEMENT":"f.4EEDEA8BBD1FF6E0A028415A04A49F5E.d.DB9F09A73F50443CDE42E6134081268F.e.2512"}]}
COMMAND: POST /session/ee8c0ad77c32eb6cf27ae9120157f0fa/element/f.4EEDEA8BBD1FF6E0A028415A04A49F5E.d.DB9F09A73F50443CDE42E6134081268F.e.2512/click - {}
COMMAND: GET /session/ee8c0ad77c32eb6cf27ae9120157f0fa/screenshot - {}
RESULT: {}
RESULT: {}
COMMAND: GET /session/ee8c0ad77c32eb6cf27ae9120157f0fa/screenshot - {}
COMMAND: POST /session/ee8c0ad77c32eb6cf27ae9120157f0fa/execute/async - {"script":"<script> [1562 bytes]","args":[{"selector":{"id":"application-manageresources-display-component---newResourceUnit--TYPE-arrow"},"wdio_ui5_key":"applicationmanageresources-display-component---newResourceUnit--TYPE-arrow"}]}
RESULT: {}
RESULT: {}
RESULT: {"script":"<script> [1562 bytes]","args":[{"selector":{"id":"application-manageresources-display-component---newResourceUnit--TYPE-arrow"},"wdio_ui5_key":"applicationmanageresources-display-component---newResourceUnit--TYPE-arrow"}]}
RESULT: undefined
COMMAND: POST /session/ee8c0ad77c32eb6cf27ae9120157f0fa/element - {"using":"xpath","value":"//*[@id=\"application-manageresources-display-component---newResourceUnit--TYPE-arrow\"]"}
RESULT: {"using":"xpath","value":"//*[@id=\"application-manageresources-display-component---newResourceUnit--TYPE-arrow\"]"}
COMMAND: POST /session/ee8c0ad77c32eb6cf27ae9120157f0fa/element/f.4EEDEA8BBD1FF6E0A028415A04A49F5E.d.DB9F09A73F50443CDE42E6134081268F.e.2753/click - {}
RESULT: {}
COMMAND: POST /session/ee8c0ad77c32eb6cf27ae9120157f0fa/element - {"using":"xpath","value":"//input[@id=\"application-manageresources-display-component---newResourceUnit--TYPE-inner\"]"}
COMMAND: GET /session/ee8c0ad77c32eb6cf27ae9120157f0fa/screenshot - {}
RESULT: {"using":"xpath","value":"//input[@id=\"application-manageresources-display-component---newResourceUnit--TYPE-inner\"]"}
COMMAND: POST /session/ee8c0ad77c32eb6cf27ae9120157f0fa/element/f.4EEDEA8BBD1FF6E0A028415A04A49F5E.d.DB9F09A73F50443CDE42E6134081268F.e.2749/clear - {}
RESULT: {}
RESULT: {}
COMMAND: POST /session/ee8c0ad77c32eb6cf27ae9120157f0fa/element/f.4EEDEA8BBD1FF6E0A028415A04A49F5E.d.DB9F09A73F50443CDE42E6134081268F.e.2749/value - {"text":"Equipment"}
COMMAND: GET /session/ee8c0ad77c32eb6cf27ae9120157f0fa/screenshot - {}
RESULT: {"text":"Equipment"}
COMMAND: GET /session/ee8c0ad77c32eb6cf27ae9120157f0fa/screenshot - {}
RESULT: {}
RESULT: {}
COMMAND: POST /session/ee8c0ad77c32eb6cf27ae9120157f0fa/actions - {"actions":[{"id":"action8","type":"key","parameters":{},"actions":[{"type":"keyDown","value":"î€‡"},{"type":"pause","duration":10},{"type":"keyUp","value":"î€‡"}]}]}
RESULT: {"actions":[{"id":"action8","type":"key","parameters":{},"actions":[{"type":"keyDown","value":"î€‡"},{"type":"pause","duration":10},{"type":"keyUp","value":"î€‡"}]}]}
COMMAND: POST /session/ee8c0ad77c32eb6cf27ae9120157f0fa/execute/async - {"script":"<script> [1562 bytes]","args":[{"selector":{"id":"application-manageresources-display-component---newResourceUnit--resourceId","interaction":{"idSuffix":"inner"}},"wdio_ui5_key":"applicationmanageresources-display-component---newResourceUnit--resourceId"}]}
COMMAND: GET /session/ee8c0ad77c32eb6cf27ae9120157f0fa/screenshot - {}
RESULT: {"script":"<script> [1562 bytes]","args":[{"selector":{"id":"application-manageresources-display-component---newResourceUnit--resourceId","interaction":{"idSuffix":"inner"}},"wdio_ui5_key":"applicationmanageresources-display-component---newResourceUnit--resourceId"}]}
RESULT: undefined
COMMAND: POST /session/ee8c0ad77c32eb6cf27ae9120157f0fa/execute/async - {"script":"<script> [776 bytes]","args":[{"enterText":"FvjAjrKI32","selector":{"id":"application-manageresources-display-component---newResourceUnit--resourceId","interaction":{"idSuffix":"inner"}},"clearTextFirst":true,"interactionType":"ENTER_TEXT"}]}
RESULT: {}
RESULT: {"script":"<script> [776 bytes]","args":[{"enterText":"FvjAjrKI32","selector":{"id":"application-manageresources-display-component---newResourceUnit--resourceId","interaction":{"idSuffix":"inner"}},"clearTextFirst":true,"interactionType":"ENTER_TEXT"}]}
COMMAND: POST /session/ee8c0ad77c32eb6cf27ae9120157f0fa/execute/async - {"script":"<script> [1562 bytes]","args":[{"selector":{"id":"application-manageresources-display-component---newResourceUnit--SHORT_TEXT","interaction":{"idSuffix":"inner"}},"wdio_ui5_key":"applicationmanageresources-display-component---newResourceUnit--SHORT_TEXT"}]}
RESULT: {"script":"<script> [1562 bytes]","args":[{"selector":{"id":"application-manageresources-display-component---newResourceUnit--SHORT_TEXT","interaction":{"idSuffix":"inner"}},"wdio_ui5_key":"applicationmanageresources-display-component---newResourceUnit--SHORT_TEXT"}]}
RESULT: undefined
COMMAND: POST /session/ee8c0ad77c32eb6cf27ae9120157f0fa/execute/async - {"script":"<script> [776 bytes]","args":[{"enterText":"Intercompany Equipment WDIO","selector":{"id":"application-manageresources-display-component---newResourceUnit--SHORT_TEXT","interaction":{"idSuffix":"inner"}},"clearTextFirst":true,"interactionType":"ENTER_TEXT"}]}
RESULT: {"script":"<script> [776 bytes]","args":[{"enterText":"Intercompany Equipment WDIO","selector":{"id":"application-manageresources-display-component---newResourceUnit--SHORT_TEXT","interaction":{"idSuffix":"inner"}},"clearTextFirst":true,"interactionType":"ENTER_TEXT"}]}
COMMAND: POST /session/ee8c0ad77c32eb6cf27ae9120157f0fa/execute/async - {"script":"<script> [1562 bytes]","args":[{"selector":{"id":"application-manageresources-display-component---newResourceUnit--BASE_UNIT_OF_MEASURE","interaction":{"idSuffix":"inner"}},"wdio_ui5_key":"applicationmanageresources-display-component---newResourceUnit--BASE_UNIT_OF_MEASURE"}]}
RESULT: {"script":"<script> [1562 bytes]","args":[{"selector":{"id":"application-manageresources-display-component---newResourceUnit--BASE_UNIT_OF_MEASURE","interaction":{"idSuffix":"inner"}},"wdio_ui5_key":"applicationmanageresources-display-component---newResourceUnit--BASE_UNIT_OF_MEASURE"}]}
RESULT: undefined
COMMAND: POST /session/ee8c0ad77c32eb6cf27ae9120157f0fa/execute/async - {"script":"<script> [776 bytes]","args":[{"enterText":"Piece","selector":{"id":"application-manageresources-display-component---newResourceUnit--BASE_UNIT_OF_MEASURE","interaction":{"idSuffix":"inner"}},"clearTextFirst":true,"interactionType":"ENTER_TEXT"}]}
RESULT: {"script":"<script> [776 bytes]","args":[{"enterText":"Piece","selector":{"id":"application-manageresources-display-component---newResourceUnit--BASE_UNIT_OF_MEASURE","interaction":{"idSuffix":"inner"}},"clearTextFirst":true,"interactionType":"ENTER_TEXT"}]}
COMMAND: POST /session/ee8c0ad77c32eb6cf27ae9120157f0fa/execute/async - {"script":"<script> [1562 bytes]","args":[{"selector":{"id":"application-manageresources-display-component---newResourceUnit--WEIGHT_UNIT","interaction":{"idSuffix":"inner"}},"wdio_ui5_key":"applicationmanageresources-display-component---newResourceUnit--WEIGHT_UNIT"}]}
RESULT: {"script":"<script> [1562 bytes]","args":[{"selector":{"id":"application-manageresources-display-component---newResourceUnit--WEIGHT_UNIT","interaction":{"idSuffix":"inner"}},"wdio_ui5_key":"applicationmanageresources-display-component---newResourceUnit--WEIGHT_UNIT"}]}
RESULT: undefined
COMMAND: POST /session/ee8c0ad77c32eb6cf27ae9120157f0fa/execute/async - {"script":"<script> [776 bytes]","args":[{"enterText":"Gram","selector":{"id":"application-manageresources-display-component---newResourceUnit--WEIGHT_UNIT","interaction":{"idSuffix":"inner"}},"clearTextFirst":true,"interactionType":"ENTER_TEXT"}]}
RESULT: {"script":"<script> [776 bytes]","args":[{"enterText":"Gram","selector":{"id":"application-manageresources-display-component---newResourceUnit--WEIGHT_UNIT","interaction":{"idSuffix":"inner"}},"clearTextFirst":true,"interactionType":"ENTER_TEXT"}]}
COMMAND: POST /session/ee8c0ad77c32eb6cf27ae9120157f0fa/execute/async - {"script":"<script> [1562 bytes]","args":[{"selector":{"id":"application-manageresources-display-component---newResourceUnit--DIMENSION_UNIT","interaction":{"idSuffix":"inner"}},"wdio_ui5_key":"applicationmanageresources-display-component---newResourceUnit--DIMENSION_UNIT"}]}
RESULT: {"script":"<script> [1562 bytes]","args":[{"selector":{"id":"application-manageresources-display-component---newResourceUnit--DIMENSION_UNIT","interaction":{"idSuffix":"inner"}},"wdio_ui5_key":"applicationmanageresources-display-component---newResourceUnit--DIMENSION_UNIT"}]}
RESULT: undefined
COMMAND: POST /session/ee8c0ad77c32eb6cf27ae9120157f0fa/execute/async - {"script":"<script> [776 bytes]","args":[{"enterText":"Meter","selector":{"id":"application-manageresources-display-component---newResourceUnit--DIMENSION_UNIT","interaction":{"idSuffix":"inner"}},"clearTextFirst":true,"interactionType":"ENTER_TEXT"}]}
RESULT: {"script":"<script> [776 bytes]","args":[{"enterText":"Meter","selector":{"id":"application-manageresources-display-component---newResourceUnit--DIMENSION_UNIT","interaction":{"idSuffix":"inner"}},"clearTextFirst":true,"interactionType":"ENTER_TEXT"}]}
COMMAND: POST /session/ee8c0ad77c32eb6cf27ae9120157f0fa/execute/async - {"script":"<script> [1562 bytes]","args":[{"selector":{"id":"application-manageresources-display-component---newResourceUnit--newRRUPage-anchBar-application-manageresources-display-component---newResourceUnit--control-anchor","interaction":{"idSuffix":"BDI-content"}},"wdio_ui5_key":"applicationmanageresources-display-component---newResourceUnit--newRRUPage-anchBar-application-manageresources-display-component---newResourceUnit--control-anchor"}]}
RESULT: {"script":"<script> [1562 bytes]","args":[{"selector":{"id":"application-manageresources-display-component---newResourceUnit--newRRUPage-anchBar-application-manageresources-display-component---newResourceUnit--control-anchor","interaction":{"idSuffix":"BDI-content"}},"wdio_ui5_key":"applicationmanageresources-display-component---newResourceUnit--newRRUPage-anchBar-application-manageresources-display-component---newResourceUnit--control-anchor"}]}
RESULT: undefined
COMMAND: POST /session/ee8c0ad77c32eb6cf27ae9120157f0fa/element - {"using":"xpath","value":"//*[@id=\"application-manageresources-display-component---newResourceUnit--newRRUPage-anchBar-application-manageresources-display-component---newResourceUnit--control-anchor\"]"}
RESULT: {"using":"xpath","value":"//*[@id=\"application-manageresources-display-component---newResourceUnit--newRRUPage-anchBar-application-manageresources-display-component---newResourceUnit--control-anchor\"]"}
COMMAND: POST /session/ee8c0ad77c32eb6cf27ae9120157f0fa/element/f.4EEDEA8BBD1FF6E0A028415A04A49F5E.d.DB9F09A73F50443CDE42E6134081268F.e.2882/click - {}
RESULT: {}
COMMAND: POST /session/ee8c0ad77c32eb6cf27ae9120157f0fa/execute/async - {"script":"<script> [1562 bytes]","args":[{"selector":{"id":"application-manageresources-display-component---newResourceUnit--PLANNING_GROUP","interaction":{"idSuffix":"inner"}},"wdio_ui5_key":"applicationmanageresources-display-component---newResourceUnit--PLANNING_GROUP"}]}
COMMAND: GET /session/ee8c0ad77c32eb6cf27ae9120157f0fa/screenshot - {}
RESULT: {"script":"<script> [1562 bytes]","args":[{"selector":{"id":"application-manageresources-display-component---newResourceUnit--PLANNING_GROUP","interaction":{"idSuffix":"inner"}},"wdio_ui5_key":"applicationmanageresources-display-component---newResourceUnit--PLANNING_GROUP"}]}
RESULT: undefined
COMMAND: POST /session/ee8c0ad77c32eb6cf27ae9120157f0fa/execute/async - {"script":"<script> [776 bytes]","args":[{"enterText":"Heavy Equi","selector":{"id":"application-manageresources-display-component---newResourceUnit--PLANNING_GROUP","interaction":{"idSuffix":"inner"}},"clearTextFirst":true,"interactionType":"ENTER_TEXT"}]}
RESULT: {}
RESULT: {"script":"<script> [776 bytes]","args":[{"enterText":"Heavy Equi","selector":{"id":"application-manageresources-display-component---newResourceUnit--PLANNING_GROUP","interaction":{"idSuffix":"inner"}},"clearTextFirst":true,"interactionType":"ENTER_TEXT"}]}
COMMAND: POST /session/ee8c0ad77c32eb6cf27ae9120157f0fa/execute/async - {"script":"<script> [1562 bytes]","args":[{"selector":{"id":"application-manageresources-display-component---newResourceUnit--ITEM_TYPE-arrow"},"wdio_ui5_key":"applicationmanageresources-display-component---newResourceUnit--ITEM_TYPE-arrow"}]}
RESULT: {"script":"<script> [1562 bytes]","args":[{"selector":{"id":"application-manageresources-display-component---newResourceUnit--ITEM_TYPE-arrow"},"wdio_ui5_key":"applicationmanageresources-display-component---newResourceUnit--ITEM_TYPE-arrow"}]}
RESULT: undefined
COMMAND: POST /session/ee8c0ad77c32eb6cf27ae9120157f0fa/element - {"using":"xpath","value":"//*[@id=\"application-manageresources-display-component---newResourceUnit--ITEM_TYPE-arrow\"]"}
RESULT: {"using":"xpath","value":"//*[@id=\"application-manageresources-display-component---newResourceUnit--ITEM_TYPE-arrow\"]"}
COMMAND: POST /session/ee8c0ad77c32eb6cf27ae9120157f0fa/element/f.4EEDEA8BBD1FF6E0A028415A04A49F5E.d.DB9F09A73F50443CDE42E6134081268F.e.2889/click - {}
RESULT: {}
COMMAND: POST /session/ee8c0ad77c32eb6cf27ae9120157f0fa/element - {"using":"xpath","value":"(//span[contains(text(), \"Resource Unit\")])[2]"}
COMMAND: GET /session/ee8c0ad77c32eb6cf27ae9120157f0fa/screenshot - {}
RESULT: {"using":"xpath","value":"(//span[contains(text(), \"Resource Unit\")])[2]"}
COMMAND: POST /session/ee8c0ad77c32eb6cf27ae9120157f0fa/element/f.4EEDEA8BBD1FF6E0A028415A04A49F5E.d.DB9F09A73F50443CDE42E6134081268F.e.2890/click - {}
RESULT: {}
RESULT: {}
COMMAND: GET /session/ee8c0ad77c32eb6cf27ae9120157f0fa/screenshot - {}
RESULT: {}
COMMAND: POST /session/ee8c0ad77c32eb6cf27ae9120157f0fa/element - {"using":"css selector","value":"#application-manageresources-display-component---newResourceUnit--btnAddTimeSegment"}
RESULT: {"using":"css selector","value":"#application-manageresources-display-component---newResourceUnit--btnAddTimeSegment"}
COMMAND: GET /session/ee8c0ad77c32eb6cf27ae9120157f0fa/element/f.4EEDEA8BBD1FF6E0A028415A04A49F5E.d.DB9F09A73F50443CDE42E6134081268F.e.2891/rect - {}
RESULT: {}
COMMAND: GET /session/ee8c0ad77c32eb6cf27ae9120157f0fa/window/rect - {}
RESULT: {}
COMMAND: POST /session/ee8c0ad77c32eb6cf27ae9120157f0fa/execute/sync - {"script":"<script> [92 bytes]","args":[]}
RESULT: {"script":"<script> [92 bytes]","args":[]}
COMMAND: POST /session/ee8c0ad77c32eb6cf27ae9120157f0fa/actions - {"actions":[{"id":"action9","type":"wheel","parameters":{},"actions":[{"type":"scroll","x":-1888,"y":-32,"deltaX":0,"deltaY":0,"duration":0,"origin":{"element-6066-11e4-a52e-4f735466cecf":"f.4EEDEA8BBD1FF6E0A028415A04A49F5E.d.DB9F09A73F50443CDE42E6134081268F.e.2891"}}]}]}
COMMAND: GET /session/ee8c0ad77c32eb6cf27ae9120157f0fa/screenshot - {}
RESULT: {}
COMMAND: POST /session/ee8c0ad77c32eb6cf27ae9120157f0fa/execute/sync - {"script":"<script> [79 bytes]","args":[{"element-6066-11e4-a52e-4f735466cecf":"f.4EEDEA8BBD1FF6E0A028415A04A49F5E.d.DB9F09A73F50443CDE42E6134081268F.e.2891","ELEMENT":"f.4EEDEA8BBD1FF6E0A028415A04A49F5E.d.DB9F09A73F50443CDE42E6134081268F.e.2891"},{"block":"start","inline":"nearest"}]}
RESULT: {"script":"<script> [79 bytes]","args":[{"element-6066-11e4-a52e-4f735466cecf":"f.4EEDEA8BBD1FF6E0A028415A04A49F5E.d.DB9F09A73F50443CDE42E6134081268F.e.2891","ELEMENT":"f.4EEDEA8BBD1FF6E0A028415A04A49F5E.d.DB9F09A73F50443CDE42E6134081268F.e.2891"},{"block":"start","inline":"nearest"}]}
COMMAND: POST /session/ee8c0ad77c32eb6cf27ae9120157f0fa/execute/async - {"script":"<script> [1562 bytes]","args":[{"selector":{"id":"application-manageresources-display-component---newResourceUnit--btnAddTimeSegment","interaction":{"idSuffix":"inner"}},"wdio_ui5_key":"applicationmanageresources-display-component---newResourceUnit--btnAddTimeSegment"}]}
COMMAND: GET /session/ee8c0ad77c32eb6cf27ae9120157f0fa/screenshot - {}
RESULT: {"script":"<script> [1562 bytes]","args":[{"selector":{"id":"application-manageresources-display-component---newResourceUnit--btnAddTimeSegment","interaction":{"idSuffix":"inner"}},"wdio_ui5_key":"applicationmanageresources-display-component---newResourceUnit--btnAddTimeSegment"}]}
RESULT: undefined
COMMAND: POST /session/ee8c0ad77c32eb6cf27ae9120157f0fa/element - {"using":"xpath","value":"//*[@id=\"application-manageresources-display-component---newResourceUnit--btnAddTimeSegment\"]"}
RESULT: {}
RESULT: {"using":"xpath","value":"//*[@id=\"application-manageresources-display-component---newResourceUnit--btnAddTimeSegment\"]"}
COMMAND: POST /session/ee8c0ad77c32eb6cf27ae9120157f0fa/element/f.4EEDEA8BBD1FF6E0A028415A04A49F5E.d.DB9F09A73F50443CDE42E6134081268F.e.2891/click - {}
RESULT: {}
COMMAND: GET /session/ee8c0ad77c32eb6cf27ae9120157f0fa/screenshot - {}
RESULT: {}
COMMAND: POST /session/ee8c0ad77c32eb6cf27ae9120157f0fa/element - {"using":"xpath","value":"//input[@id=\"application-manageresources-display-component---newResourceUnit--idRuTSAdmin-application-manageresources-display-component---newResourceUnit--RUTimeSegment-0-inner\"]"}
RESULT: {"using":"xpath","value":"//input[@id=\"application-manageresources-display-component---newResourceUnit--idRuTSAdmin-application-manageresources-display-component---newResourceUnit--RUTimeSegment-0-inner\"]"}
COMMAND: POST /session/ee8c0ad77c32eb6cf27ae9120157f0fa/element/f.4EEDEA8BBD1FF6E0A028415A04A49F5E.d.DB9F09A73F50443CDE42E6134081268F.e.2897/clear - {}
RESULT: {}
COMMAND: POST /session/ee8c0ad77c32eb6cf27ae9120157f0fa/element/f.4EEDEA8BBD1FF6E0A028415A04A49F5E.d.DB9F09A73F50443CDE42E6134081268F.e.2897/value - {"text":"364"}
COMMAND: GET /session/ee8c0ad77c32eb6cf27ae9120157f0fa/screenshot - {}
RESULT: {"text":"364"}
COMMAND: GET /session/ee8c0ad77c32eb6cf27ae9120157f0fa/screenshot - {}
RESULT: {}
RESULT: {}
COMMAND: POST /session/ee8c0ad77c32eb6cf27ae9120157f0fa/element - {"using":"xpath","value":"//li[.//span[text()='364']]"}
RESULT: {"using":"xpath","value":"//li[.//span[text()='364']]"}
COMMAND: POST /session/ee8c0ad77c32eb6cf27ae9120157f0fa/element/f.4EEDEA8BBD1FF6E0A028415A04A49F5E.d.DB9F09A73F50443CDE42E6134081268F.e.2909/click - {}
RESULT: {}
COMMAND: GET /session/ee8c0ad77c32eb6cf27ae9120157f0fa/screenshot - {}
RESULT: {}
COMMAND: POST /session/ee8c0ad77c32eb6cf27ae9120157f0fa/element - {"using":"xpath","value":"(//span[contains(@id, \"-application-manageresources-display-component---newResourceUnit--RUTimeSegment-0-arrow\")])[6]"}
RESULT: {"using":"xpath","value":"(//span[contains(@id, \"-application-manageresources-display-component---newResourceUnit--RUTimeSegment-0-arrow\")])[6]"}
COMMAND: POST /session/ee8c0ad77c32eb6cf27ae9120157f0fa/element/f.4EEDEA8BBD1FF6E0A028415A04A49F5E.d.DB9F09A73F50443CDE42E6134081268F.e.2910/click - {}
RESULT: {}
COMMAND: GET /session/ee8c0ad77c32eb6cf27ae9120157f0fa/screenshot - {}
RESULT: {}
COMMAND: POST /session/ee8c0ad77c32eb6cf27ae9120157f0fa/element - {"using":"xpath","value":"//span[contains(text(), \"PM Order\")]"}
RESULT: {"using":"xpath","value":"//span[contains(text(), \"PM Order\")]"}
COMMAND: POST /session/ee8c0ad77c32eb6cf27ae9120157f0fa/element/f.4EEDEA8BBD1FF6E0A028415A04A49F5E.d.DB9F09A73F50443CDE42E6134081268F.e.2913/click - {}
RESULT: {}
COMMAND: GET /session/ee8c0ad77c32eb6cf27ae9120157f0fa/screenshot - {}
RESULT: {}
COMMAND: POST /session/ee8c0ad77c32eb6cf27ae9120157f0fa/element - {"using":"xpath","value":"(//span[contains(@id ,\"manageresources-display-component---newResourceUnit--RUTimeSegment-0-vhi\")])[1]"}
RESULT: {"using":"xpath","value":"(//span[contains(@id ,\"manageresources-display-component---newResourceUnit--RUTimeSegment-0-vhi\")])[1]"}
COMMAND: GET /session/ee8c0ad77c32eb6cf27ae9120157f0fa/element/f.4EEDEA8BBD1FF6E0A028415A04A49F5E.d.DB9F09A73F50443CDE42E6134081268F.e.2917/rect - {}
RESULT: {}
COMMAND: GET /session/ee8c0ad77c32eb6cf27ae9120157f0fa/window/rect - {}
RESULT: {}
COMMAND: POST /session/ee8c0ad77c32eb6cf27ae9120157f0fa/execute/sync - {"script":"<script> [92 bytes]","args":[]}
RESULT: {"script":"<script> [92 bytes]","args":[]}
COMMAND: POST /session/ee8c0ad77c32eb6cf27ae9120157f0fa/actions - {"actions":[{"id":"action10","type":"wheel","parameters":{},"actions":[{"type":"scroll","x":-869,"y":-24,"deltaX":0,"deltaY":0,"duration":0,"origin":{"element-6066-11e4-a52e-4f735466cecf":"f.4EEDEA8BBD1FF6E0A028415A04A49F5E.d.DB9F09A73F50443CDE42E6134081268F.e.2917"}}]}]}
COMMAND: GET /session/ee8c0ad77c32eb6cf27ae9120157f0fa/screenshot - {}
RESULT: {"actions":[{"id":"action10","type":"wheel","parameters":{},"actions":[{"type":"scroll","x":-869,"y":-24,"deltaX":0,"deltaY":0,"duration":0,"origin":{"element-6066-11e4-a52e-4f735466cecf":"f.4EEDEA8BBD1FF6E0A028415A04A49F5E.d.DB9F09A73F50443CDE42E6134081268F.e.2917"}}]}]}
COMMAND: DELETE /session/ee8c0ad77c32eb6cf27ae9120157f0fa/actions - {}
COMMAND: GET /session/ee8c0ad77c32eb6cf27ae9120157f0fa/screenshot - {}
RESULT: {}
RESULT: {}
COMMAND: GET /session/ee8c0ad77c32eb6cf27ae9120157f0fa/screenshot - {}
RESULT: {}
RESULT: {}
COMMAND: POST /session/ee8c0ad77c32eb6cf27ae9120157f0fa/element/f.4EEDEA8BBD1FF6E0A028415A04A49F5E.d.DB9F09A73F50443CDE42E6134081268F.e.2917/click - {}
RESULT: {}
COMMAND: GET /session/ee8c0ad77c32eb6cf27ae9120157f0fa/screenshot - {}
RESULT: undefined
COMMAND: POST /session/ee8c0ad77c32eb6cf27ae9120157f0fa/execute/async - {"script":"<script> [776 bytes]","args":[{"enterText":"4000360","selector":{"controlType":"sap.m.SearchField","properties":{"placeholder":"Search"},"searchOpenDialogs":true,"interaction":{"idSuffix":"I"}},"clearTextFirst":true,"interactionType":"ENTER_TEXT"}]}
RESULT: {}
RESULT: {"script":"<script> [776 bytes]","args":[{"enterText":"4000360","selector":{"controlType":"sap.m.SearchField","properties":{"placeholder":"Search"},"searchOpenDialogs":true,"interaction":{"idSuffix":"I"}},"clearTextFirst":true,"interactionType":"ENTER_TEXT"}]}
COMMAND: POST /session/ee8c0ad77c32eb6cf27ae9120157f0fa/actions - {"actions":[{"id":"action11","type":"key","parameters":{},"actions":[{"type":"keyDown","value":"î€‡"},{"type":"pause","duration":10},{"type":"keyUp","value":"î€‡"}]}]}
RESULT: {"actions":[{"id":"action11","type":"key","parameters":{},"actions":[{"type":"keyDown","value":"î€‡"},{"type":"pause","duration":10},{"type":"keyUp","value":"î€‡"}]}]}
COMMAND: GET /session/ee8c0ad77c32eb6cf27ae9120157f0fa/screenshot - {}
RESULT: {}
COMMAND: POST /session/ee8c0ad77c32eb6cf27ae9120157f0fa/element - {"using":"xpath","value":"//td/div/span[contains(text(), \"BGL Vehicles\")]"}
RESULT: {"using":"xpath","value":"//td/div/span[contains(text(), \"BGL Vehicles\")]"}
COMMAND: POST /session/ee8c0ad77c32eb6cf27ae9120157f0fa/element/f.4EEDEA8BBD1FF6E0A028415A04A49F5E.d.DB9F09A73F50443CDE42E6134081268F.e.2940/click - {}
RESULT: {}
COMMAND: GET /session/ee8c0ad77c32eb6cf27ae9120157f0fa/screenshot - {}
RESULT: {}
COMMAND: POST /session/ee8c0ad77c32eb6cf27ae9120157f0fa/element - {"using":"xpath","value":"//bdi[contains(text(), \"OK\")]"}
RESULT: {"using":"xpath","value":"//bdi[contains(text(), \"OK\")]"}
COMMAND: POST /session/ee8c0ad77c32eb6cf27ae9120157f0fa/element/f.4EEDEA8BBD1FF6E0A028415A04A49F5E.d.DB9F09A73F50443CDE42E6134081268F.e.2941/click - {}
RESULT: {}
COMMAND: GET /session/ee8c0ad77c32eb6cf27ae9120157f0fa/screenshot - {}
RESULT: {}
COMMAND: POST /session/ee8c0ad77c32eb6cf27ae9120157f0fa/execute/async - {"script":"<script> [1562 bytes]","args":[{"selector":{"id":"application-manageresources-display-component---newResourceUnit--newRRUPage-anchBar-application-manageresources-display-component---newResourceUnit--resource-anchor","interaction":{"idSuffix":"BDI-content"}},"wdio_ui5_key":"applicationmanageresources-display-component---newResourceUnit--newRRUPage-anchBar-application-manageresources-display-component---newResourceUnit--resource-anchor"}]}
RESULT: {"script":"<script> [1562 bytes]","args":[{"selector":{"id":"application-manageresources-display-component---newResourceUnit--newRRUPage-anchBar-application-manageresources-display-component---newResourceUnit--resource-anchor","interaction":{"idSuffix":"BDI-content"}},"wdio_ui5_key":"applicationmanageresources-display-component---newResourceUnit--newRRUPage-anchBar-application-manageresources-display-component---newResourceUnit--resource-anchor"}]}
RESULT: undefined
COMMAND: POST /session/ee8c0ad77c32eb6cf27ae9120157f0fa/element - {"using":"xpath","value":"//*[@id=\"application-manageresources-display-component---newResourceUnit--newRRUPage-anchBar-application-manageresources-display-component---newResourceUnit--resource-anchor\"]"}
RESULT: {"using":"xpath","value":"//*[@id=\"application-manageresources-display-component---newResourceUnit--newRRUPage-anchBar-application-manageresources-display-component---newResourceUnit--resource-anchor\"]"}
COMMAND: POST /session/ee8c0ad77c32eb6cf27ae9120157f0fa/element/f.4EEDEA8BBD1FF6E0A028415A04A49F5E.d.DB9F09A73F50443CDE42E6134081268F.e.2945/click - {}
RESULT: {}
COMMAND: POST /session/ee8c0ad77c32eb6cf27ae9120157f0fa/execute/async - {"script":"<script> [1562 bytes]","args":[{"selector":{"id":"application-manageresources-display-component---newResourceUnit--PLANNED_DELIVERY_DATE","interaction":{"idSuffix":"inner"}},"wdio_ui5_key":"applicationmanageresources-display-component---newResourceUnit--PLANNED_DELIVERY_DATE"}]}
COMMAND: GET /session/ee8c0ad77c32eb6cf27ae9120157f0fa/screenshot - {}
RESULT: {"script":"<script> [1562 bytes]","args":[{"selector":{"id":"application-manageresources-display-component---newResourceUnit--PLANNED_DELIVERY_DATE","interaction":{"idSuffix":"inner"}},"wdio_ui5_key":"applicationmanageresources-display-component---newResourceUnit--PLANNED_DELIVERY_DATE"}]}
RESULT: undefined
COMMAND: POST /session/ee8c0ad77c32eb6cf27ae9120157f0fa/execute/async - {"script":"<script> [6424 bytes]","args":[{"element-6066-11e4-a52e-4f735466cecf":"f.4EEDEA8BBD1FF6E0A028415A04A49F5E.d.DB9F09A73F50443CDE42E6134081268F.e.2807"},"setValue",["5/14/25"]]}
RESULT: {}
RESULT: {"script":"<script> [6424 bytes]","args":[{"element-6066-11e4-a52e-4f735466cecf":"f.4EEDEA8BBD1FF6E0A028415A04A49F5E.d.DB9F09A73F50443CDE42E6134081268F.e.2807"},"setValue",["5/14/25"]]}
COMMAND: POST /session/ee8c0ad77c32eb6cf27ae9120157f0fa/element - {"using":"xpath","value":"//label[contains(@class, 'sapMLabelRequired') and .//bdi[contains(text(), 'Planned Retirement')]]"}
RESULT: {"using":"xpath","value":"//label[contains(@class, 'sapMLabelRequired') and .//bdi[contains(text(), 'Planned Retirement')]]"}
COMMAND: POST /session/ee8c0ad77c32eb6cf27ae9120157f0fa/elements - {"using":"xpath","value":"//label[contains(@class, 'sapMLabelRequired') and .//bdi[contains(text(), 'Planned Retirement')]]"}
RESULT: {"using":"xpath","value":"//label[contains(@class, 'sapMLabelRequired') and .//bdi[contains(text(), 'Planned Retirement')]]"}
COMMAND: POST /session/ee8c0ad77c32eb6cf27ae9120157f0fa/element - {"using":"xpath","value":"//button[@data-kt=\"resourceUnitSaveButton\"]"}
RESULT: {"using":"xpath","value":"//button[@data-kt=\"resourceUnitSaveButton\"]"}
COMMAND: POST /session/ee8c0ad77c32eb6cf27ae9120157f0fa/element/f.4EEDEA8BBD1FF6E0A028415A04A49F5E.d.DB9F09A73F50443CDE42E6134081268F.e.2768/click - {}
RESULT: {}
COMMAND: GET /session/ee8c0ad77c32eb6cf27ae9120157f0fa/screenshot - {}
RESULT: {}
COMMAND: POST /session/ee8c0ad77c32eb6cf27ae9120157f0fa/element - {"using":"xpath","value":"//bdi[contains(text(), \"Close\")]"}
RESULT: {"using":"xpath","value":"//bdi[contains(text(), \"Close\")]"}
COMMAND: POST /session/ee8c0ad77c32eb6cf27ae9120157f0fa/element/f.4EEDEA8BBD1FF6E0A028415A04A49F5E.d.DB9F09A73F50443CDE42E6134081268F.e.2955/click - {}
RESULT: {}
COMMAND: GET /session/ee8c0ad77c32eb6cf27ae9120157f0fa/screenshot - {}
RESULT: {}
COMMAND: POST /session/ee8c0ad77c32eb6cf27ae9120157f0fa/element - {"using":"xpath","value":"(//button[contains(@id ,\"actionsToolbar-overflowButton\")])[1]"}
RESULT: {"using":"xpath","value":"(//button[contains(@id ,\"actionsToolbar-overflowButton\")])[1]"}
COMMAND: POST /session/ee8c0ad77c32eb6cf27ae9120157f0fa/element/f.4EEDEA8BBD1FF6E0A028415A04A49F5E.d.DB9F09A73F50443CDE42E6134081268F.e.3011/click - {}
RESULT: {}
COMMAND: GET /session/ee8c0ad77c32eb6cf27ae9120157f0fa/screenshot - {}
RESULT: {}
COMMAND: POST /session/ee8c0ad77c32eb6cf27ae9120157f0fa/element - {"using":"xpath","value":"//button[@data-kt=\"priceInfoButton\"]"}
RESULT: {"using":"xpath","value":"//button[@data-kt=\"priceInfoButton\"]"}
COMMAND: POST /session/ee8c0ad77c32eb6cf27ae9120157f0fa/element/f.4EEDEA8BBD1FF6E0A028415A04A49F5E.d.DB9F09A73F50443CDE42E6134081268F.e.3013/click - {}
RESULT: {}
COMMAND: GET /session/ee8c0ad77c32eb6cf27ae9120157f0fa/screenshot - {}
RESULT: {}
]]></system-out>
    </testcase>
    <testcase classname="chrome.136_0_7103_49.windows.Billing_confirm_US117289" name="Should create new pricing rule" time="61.702">
      <system-out><![CDATA[
COMMAND: POST /session/ee8c0ad77c32eb6cf27ae9120157f0fa/element - {"using":"xpath","value":"//button[@data-kt=\"addButton\"]"}
RESULT: {"using":"xpath","value":"//button[@data-kt=\"addButton\"]"}
COMMAND: POST /session/ee8c0ad77c32eb6cf27ae9120157f0fa/elements - {"using":"xpath","value":"//button[@data-kt=\"addButton\"]"}
RESULT: {"using":"xpath","value":"//button[@data-kt=\"addButton\"]"}
COMMAND: POST /session/ee8c0ad77c32eb6cf27ae9120157f0fa/execute/sync - {"script":"<script> [8489 bytes]","args":[{"element-6066-11e4-a52e-4f735466cecf":"f.4EEDEA8BBD1FF6E0A028415A04A49F5E.d.DB9F09A73F50443CDE42E6134081268F.e.3053","ELEMENT":"f.4EEDEA8BBD1FF6E0A028415A04A49F5E.d.DB9F09A73F50443CDE42E6134081268F.e.3053"}]}
RESULT: {"script":"<script> [8489 bytes]","args":[{"element-6066-11e4-a52e-4f735466cecf":"f.4EEDEA8BBD1FF6E0A028415A04A49F5E.d.DB9F09A73F50443CDE42E6134081268F.e.3053","ELEMENT":"f.4EEDEA8BBD1FF6E0A028415A04A49F5E.d.DB9F09A73F50443CDE42E6134081268F.e.3053"}]}
COMMAND: GET /session/ee8c0ad77c32eb6cf27ae9120157f0fa/element/f.4EEDEA8BBD1FF6E0A028415A04A49F5E.d.DB9F09A73F50443CDE42E6134081268F.e.3053/enabled - {}
COMMAND: GET /session/ee8c0ad77c32eb6cf27ae9120157f0fa/screenshot - {}
RESULT: {}
COMMAND: POST /session/ee8c0ad77c32eb6cf27ae9120157f0fa/execute/sync - {"script":"<script> [8489 bytes]","args":[{"element-6066-11e4-a52e-4f735466cecf":"f.4EEDEA8BBD1FF6E0A028415A04A49F5E.d.DB9F09A73F50443CDE42E6134081268F.e.3053","ELEMENT":"f.4EEDEA8BBD1FF6E0A028415A04A49F5E.d.DB9F09A73F50443CDE42E6134081268F.e.3053"}]}
COMMAND: GET /session/ee8c0ad77c32eb6cf27ae9120157f0fa/screenshot - {}
RESULT: {}
RESULT: {"script":"<script> [8489 bytes]","args":[{"element-6066-11e4-a52e-4f735466cecf":"f.4EEDEA8BBD1FF6E0A028415A04A49F5E.d.DB9F09A73F50443CDE42E6134081268F.e.3053","ELEMENT":"f.4EEDEA8BBD1FF6E0A028415A04A49F5E.d.DB9F09A73F50443CDE42E6134081268F.e.3053"}]}
COMMAND: POST /session/ee8c0ad77c32eb6cf27ae9120157f0fa/execute/sync - {"script":"<script> [5351 bytes]","args":[{"element-6066-11e4-a52e-4f735466cecf":"f.4EEDEA8BBD1FF6E0A028415A04A49F5E.d.DB9F09A73F50443CDE42E6134081268F.e.3053","ELEMENT":"f.4EEDEA8BBD1FF6E0A028415A04A49F5E.d.DB9F09A73F50443CDE42E6134081268F.e.3053"}]}
COMMAND: GET /session/ee8c0ad77c32eb6cf27ae9120157f0fa/screenshot - {}
RESULT: {}
RESULT: {"script":"<script> [5351 bytes]","args":[{"element-6066-11e4-a52e-4f735466cecf":"f.4EEDEA8BBD1FF6E0A028415A04A49F5E.d.DB9F09A73F50443CDE42E6134081268F.e.3053","ELEMENT":"f.4EEDEA8BBD1FF6E0A028415A04A49F5E.d.DB9F09A73F50443CDE42E6134081268F.e.3053"}]}
COMMAND: POST /session/ee8c0ad77c32eb6cf27ae9120157f0fa/element/f.4EEDEA8BBD1FF6E0A028415A04A49F5E.d.DB9F09A73F50443CDE42E6134081268F.e.3053/click - {}
COMMAND: GET /session/ee8c0ad77c32eb6cf27ae9120157f0fa/screenshot - {}
RESULT: {}
RESULT: {}
COMMAND: GET /session/ee8c0ad77c32eb6cf27ae9120157f0fa/screenshot - {}
RESULT: {}
RESULT: {}
COMMAND: POST /session/ee8c0ad77c32eb6cf27ae9120157f0fa/execute/async - {"script":"<script> [1562 bytes]","args":[{"selector":{"controlType":"sap.m.Title","viewName":"etm.portal.ui.managepricingrules.view.NewItem","viewId":"application-managepricingrules-display-component---newInfoPriceItem","properties":{"text":"New Pricing Rules - Item Level"}},"wdio_ui5_key":"etmportal.ui.managepricingrules.view.NewItemsap.m.Title{\"text\":\"New Pricing Rules - Item Level\"}"}]}
RESULT: {"script":"<script> [1562 bytes]","args":[{"selector":{"controlType":"sap.m.Title","viewName":"etm.portal.ui.managepricingrules.view.NewItem","viewId":"application-managepricingrules-display-component---newInfoPriceItem","properties":{"text":"New Pricing Rules - Item Level"}},"wdio_ui5_key":"etmportal.ui.managepricingrules.view.NewItemsap.m.Title{\"text\":\"New Pricing Rules - Item Level\"}"}]}
RESULT: undefined
COMMAND: POST /session/ee8c0ad77c32eb6cf27ae9120157f0fa/execute/async - {"script":"<script> [6424 bytes]","args":[{"element-6066-11e4-a52e-4f735466cecf":"f.4EEDEA8BBD1FF6E0A028415A04A49F5E.d.DB9F09A73F50443CDE42E6134081268F.e.3222"},"getText",[]]}
RESULT: {"script":"<script> [6424 bytes]","args":[{"element-6066-11e4-a52e-4f735466cecf":"f.4EEDEA8BBD1FF6E0A028415A04A49F5E.d.DB9F09A73F50443CDE42E6134081268F.e.3222"},"getText",[]]}
COMMAND: POST /session/ee8c0ad77c32eb6cf27ae9120157f0fa/execute/async - {"script":"<script> [1562 bytes]","args":[{"selector":{"id":"application-managepricingrules-display-component---newInfoPriceItem--condValidTo","interaction":{"idSuffix":"inner"}},"wdio_ui5_key":"applicationmanagepricingrules-display-component---newInfoPriceItem--condValidTo"}]}
RESULT: {"script":"<script> [1562 bytes]","args":[{"selector":{"id":"application-managepricingrules-display-component---newInfoPriceItem--condValidTo","interaction":{"idSuffix":"inner"}},"wdio_ui5_key":"applicationmanagepricingrules-display-component---newInfoPriceItem--condValidTo"}]}
RESULT: undefined
COMMAND: POST /session/ee8c0ad77c32eb6cf27ae9120157f0fa/execute/async - {"script":"<script> [776 bytes]","args":[{"enterText":"1/14/26","selector":{"id":"application-managepricingrules-display-component---newInfoPriceItem--condValidTo","interaction":{"idSuffix":"inner"}},"clearTextFirst":true,"interactionType":"ENTER_TEXT"}]}
RESULT: {"script":"<script> [776 bytes]","args":[{"enterText":"1/14/26","selector":{"id":"application-managepricingrules-display-component---newInfoPriceItem--condValidTo","interaction":{"idSuffix":"inner"}},"clearTextFirst":true,"interactionType":"ENTER_TEXT"}]}
COMMAND: POST /session/ee8c0ad77c32eb6cf27ae9120157f0fa/execute/async - {"script":"<script> [1562 bytes]","args":[{"selector":{"id":"application-managepricingrules-display-component---newInfoPriceItem--billType-arrow"},"wdio_ui5_key":"applicationmanagepricingrules-display-component---newInfoPriceItem--billType-arrow"}]}
RESULT: {"script":"<script> [1562 bytes]","args":[{"selector":{"id":"application-managepricingrules-display-component---newInfoPriceItem--billType-arrow"},"wdio_ui5_key":"applicationmanagepricingrules-display-component---newInfoPriceItem--billType-arrow"}]}
RESULT: undefined
COMMAND: POST /session/ee8c0ad77c32eb6cf27ae9120157f0fa/element - {"using":"xpath","value":"//*[@id=\"application-managepricingrules-display-component---newInfoPriceItem--billType-arrow\"]"}
RESULT: {"using":"xpath","value":"//*[@id=\"application-managepricingrules-display-component---newInfoPriceItem--billType-arrow\"]"}
COMMAND: POST /session/ee8c0ad77c32eb6cf27ae9120157f0fa/element/f.4EEDEA8BBD1FF6E0A028415A04A49F5E.d.DB9F09A73F50443CDE42E6134081268F.e.3181/click - {}
RESULT: {}
COMMAND: POST /session/ee8c0ad77c32eb6cf27ae9120157f0fa/element - {"using":"xpath","value":"//span[contains(text(), \"TB - Time based\")]"}
COMMAND: GET /session/ee8c0ad77c32eb6cf27ae9120157f0fa/screenshot - {}
RESULT: {"using":"xpath","value":"//span[contains(text(), \"TB - Time based\")]"}
COMMAND: POST /session/ee8c0ad77c32eb6cf27ae9120157f0fa/element/f.4EEDEA8BBD1FF6E0A028415A04A49F5E.d.DB9F09A73F50443CDE42E6134081268F.e.3224/click - {}
RESULT: {}
RESULT: {}
COMMAND: POST /session/ee8c0ad77c32eb6cf27ae9120157f0fa/execute/async - {"script":"<script> [1562 bytes]","args":[{"selector":{"id":"application-managepricingrules-display-component---newInfoPriceItem--priceProc-arrow"},"wdio_ui5_key":"applicationmanagepricingrules-display-component---newInfoPriceItem--priceProc-arrow"}]}
COMMAND: GET /session/ee8c0ad77c32eb6cf27ae9120157f0fa/screenshot - {}
RESULT: {"script":"<script> [1562 bytes]","args":[{"selector":{"id":"application-managepricingrules-display-component---newInfoPriceItem--priceProc-arrow"},"wdio_ui5_key":"applicationmanagepricingrules-display-component---newInfoPriceItem--priceProc-arrow"}]}
RESULT: undefined
COMMAND: POST /session/ee8c0ad77c32eb6cf27ae9120157f0fa/element - {"using":"xpath","value":"//*[@id=\"application-managepricingrules-display-component---newInfoPriceItem--priceProc-arrow\"]"}
RESULT: {}
RESULT: {"using":"xpath","value":"//*[@id=\"application-managepricingrules-display-component---newInfoPriceItem--priceProc-arrow\"]"}
COMMAND: POST /session/ee8c0ad77c32eb6cf27ae9120157f0fa/element/f.4EEDEA8BBD1FF6E0A028415A04A49F5E.d.DB9F09A73F50443CDE42E6134081268F.e.3188/click - {}
RESULT: {}
COMMAND: POST /session/ee8c0ad77c32eb6cf27ae9120157f0fa/element - {"using":"xpath","value":"//span[contains(text(), \"TBS - Time based standard\")]"}
COMMAND: GET /session/ee8c0ad77c32eb6cf27ae9120157f0fa/screenshot - {}
RESULT: {"using":"xpath","value":"//span[contains(text(), \"TBS - Time based standard\")]"}
COMMAND: POST /session/ee8c0ad77c32eb6cf27ae9120157f0fa/element/f.4EEDEA8BBD1FF6E0A028415A04A49F5E.d.DB9F09A73F50443CDE42E6134081268F.e.3225/click - {}
RESULT: {}
RESULT: {}
COMMAND: POST /session/ee8c0ad77c32eb6cf27ae9120157f0fa/execute/async - {"script":"<script> [1562 bytes]","args":[{"selector":{"id":"application-managepricingrules-display-component---newInfoPriceItem--calcBase-arrow"},"wdio_ui5_key":"applicationmanagepricingrules-display-component---newInfoPriceItem--calcBase-arrow"}]}
COMMAND: GET /session/ee8c0ad77c32eb6cf27ae9120157f0fa/screenshot - {}
RESULT: {"script":"<script> [1562 bytes]","args":[{"selector":{"id":"application-managepricingrules-display-component---newInfoPriceItem--calcBase-arrow"},"wdio_ui5_key":"applicationmanagepricingrules-display-component---newInfoPriceItem--calcBase-arrow"}]}
RESULT: undefined
COMMAND: POST /session/ee8c0ad77c32eb6cf27ae9120157f0fa/element - {"using":"xpath","value":"//*[@id=\"application-managepricingrules-display-component---newInfoPriceItem--calcBase-arrow\"]"}
RESULT: {}
RESULT: {"using":"xpath","value":"//*[@id=\"application-managepricingrules-display-component---newInfoPriceItem--calcBase-arrow\"]"}
COMMAND: POST /session/ee8c0ad77c32eb6cf27ae9120157f0fa/element/f.4EEDEA8BBD1FF6E0A028415A04A49F5E.d.DB9F09A73F50443CDE42E6134081268F.e.3195/click - {}
RESULT: {}
COMMAND: GET /session/ee8c0ad77c32eb6cf27ae9120157f0fa/screenshot - {}
RESULT: {}
COMMAND: POST /session/ee8c0ad77c32eb6cf27ae9120157f0fa/element - {"using":"xpath","value":"//span[contains(text(), \"0006 - TB(calendar days)\")]"}
RESULT: {"using":"xpath","value":"//span[contains(text(), \"0006 - TB(calendar days)\")]"}
COMMAND: POST /session/ee8c0ad77c32eb6cf27ae9120157f0fa/element/f.4EEDEA8BBD1FF6E0A028415A04A49F5E.d.DB9F09A73F50443CDE42E6134081268F.e.3226/click - {}
RESULT: {}
COMMAND: GET /session/ee8c0ad77c32eb6cf27ae9120157f0fa/screenshot - {}
RESULT: {}
COMMAND: POST /session/ee8c0ad77c32eb6cf27ae9120157f0fa/execute/async - {"script":"<script> [1562 bytes]","args":[{"selector":{"id":"application-managepricingrules-display-component---newInfoPriceItem--daysMonth","interaction":{"idSuffix":"inner"}},"wdio_ui5_key":"applicationmanagepricingrules-display-component---newInfoPriceItem--daysMonth"}]}
RESULT: {"script":"<script> [1562 bytes]","args":[{"selector":{"id":"application-managepricingrules-display-component---newInfoPriceItem--daysMonth","interaction":{"idSuffix":"inner"}},"wdio_ui5_key":"applicationmanagepricingrules-display-component---newInfoPriceItem--daysMonth"}]}
RESULT: undefined
COMMAND: POST /session/ee8c0ad77c32eb6cf27ae9120157f0fa/execute/async - {"script":"<script> [776 bytes]","args":[{"enterText":"30","selector":{"id":"application-managepricingrules-display-component---newInfoPriceItem--daysMonth","interaction":{"idSuffix":"inner"}},"clearTextFirst":true,"interactionType":"ENTER_TEXT"}]}
RESULT: {"script":"<script> [776 bytes]","args":[{"enterText":"30","selector":{"id":"application-managepricingrules-display-component---newInfoPriceItem--daysMonth","interaction":{"idSuffix":"inner"}},"clearTextFirst":true,"interactionType":"ENTER_TEXT"}]}
COMMAND: POST /session/ee8c0ad77c32eb6cf27ae9120157f0fa/element - {"using":"xpath","value":"//button[@data-kt=\"saveNewRuleButton\"]"}
RESULT: {"using":"xpath","value":"//button[@data-kt=\"saveNewRuleButton\"]"}
COMMAND: POST /session/ee8c0ad77c32eb6cf27ae9120157f0fa/element/f.4EEDEA8BBD1FF6E0A028415A04A49F5E.d.DB9F09A73F50443CDE42E6134081268F.e.3215/click - {}
RESULT: {}
COMMAND: GET /session/ee8c0ad77c32eb6cf27ae9120157f0fa/screenshot - {}
RESULT: {}
COMMAND: POST /session/ee8c0ad77c32eb6cf27ae9120157f0fa/execute/async - {"script":"<script> [1562 bytes]","args":[{"selector":{"id":"application-managepricingrules-display-component---priceInfoItem--smartFilterBar-btnBasicSearch","interaction":{"idSuffix":"I"}},"wdio_ui5_key":"applicationmanagepricingrules-display-component---priceInfoItem--smartFilterBar-btnBasicSearch"}]}
RESULT: {"script":"<script> [1562 bytes]","args":[{"selector":{"id":"application-managepricingrules-display-component---priceInfoItem--smartFilterBar-btnBasicSearch","interaction":{"idSuffix":"I"}},"wdio_ui5_key":"applicationmanagepricingrules-display-component---priceInfoItem--smartFilterBar-btnBasicSearch"}]}
RESULT: undefined
COMMAND: POST /session/ee8c0ad77c32eb6cf27ae9120157f0fa/execute/async - {"script":"<script> [776 bytes]","args":[{"enterText":"FvjAjrKI32","selector":{"id":"application-managepricingrules-display-component---priceInfoItem--smartFilterBar-btnBasicSearch","interaction":{"idSuffix":"I"}},"clearTextFirst":true,"interactionType":"ENTER_TEXT"}]}
RESULT: {"script":"<script> [776 bytes]","args":[{"enterText":"FvjAjrKI32","selector":{"id":"application-managepricingrules-display-component---priceInfoItem--smartFilterBar-btnBasicSearch","interaction":{"idSuffix":"I"}},"clearTextFirst":true,"interactionType":"ENTER_TEXT"}]}
COMMAND: POST /session/ee8c0ad77c32eb6cf27ae9120157f0fa/actions - {"actions":[{"id":"action12","type":"key","parameters":{},"actions":[{"type":"keyDown","value":"î€‡"},{"type":"pause","duration":10},{"type":"keyUp","value":"î€‡"}]}]}
RESULT: {"actions":[{"id":"action12","type":"key","parameters":{},"actions":[{"type":"keyDown","value":"î€‡"},{"type":"pause","duration":10},{"type":"keyUp","value":"î€‡"}]}]}
COMMAND: GET /session/ee8c0ad77c32eb6cf27ae9120157f0fa/screenshot - {}
RESULT: {}
COMMAND: POST /session/ee8c0ad77c32eb6cf27ae9120157f0fa/element - {"using":"xpath","value":"//span[@id=\"application-managepricingrules-display-component---priceInfoItem--smartTable-header-inner\"]"}
RESULT: {"using":"xpath","value":"//span[@id=\"application-managepricingrules-display-component---priceInfoItem--smartTable-header-inner\"]"}
COMMAND: POST /session/ee8c0ad77c32eb6cf27ae9120157f0fa/elements - {"using":"xpath","value":"//span[@id=\"application-managepricingrules-display-component---priceInfoItem--smartTable-header-inner\"]"}
RESULT: {"using":"xpath","value":"//span[@id=\"application-managepricingrules-display-component---priceInfoItem--smartTable-header-inner\"]"}
COMMAND: POST /session/ee8c0ad77c32eb6cf27ae9120157f0fa/execute/sync - {"script":"<script> [56 bytes]","args":[{"element-6066-11e4-a52e-4f735466cecf":"f.4EEDEA8BBD1FF6E0A028415A04A49F5E.d.DB9F09A73F50443CDE42E6134081268F.e.3239","ELEMENT":"f.4EEDEA8BBD1FF6E0A028415A04A49F5E.d.DB9F09A73F50443CDE42E6134081268F.e.3239"}]}
RESULT: {"script":"<script> [56 bytes]","args":[{"element-6066-11e4-a52e-4f735466cecf":"f.4EEDEA8BBD1FF6E0A028415A04A49F5E.d.DB9F09A73F50443CDE42E6134081268F.e.3239","ELEMENT":"f.4EEDEA8BBD1FF6E0A028415A04A49F5E.d.DB9F09A73F50443CDE42E6134081268F.e.3239"}]}
COMMAND: POST /session/ee8c0ad77c32eb6cf27ae9120157f0fa/element - {"using":"css selector","value":"#shell-header-logo"}
COMMAND: GET /session/ee8c0ad77c32eb6cf27ae9120157f0fa/screenshot - {}
RESULT: {"using":"css selector","value":"#shell-header-logo"}
COMMAND: POST /session/ee8c0ad77c32eb6cf27ae9120157f0fa/element/f.4EEDEA8BBD1FF6E0A028415A04A49F5E.d.DB9F09A73F50443CDE42E6134081268F.e.2370/click - {}
RESULT: {}
RESULT: {}
COMMAND: GET /session/ee8c0ad77c32eb6cf27ae9120157f0fa/screenshot - {}
RESULT: {}
]]></system-out>
    </testcase>
    <testcase classname="chrome.136_0_7103_49.windows.Billing_confirm_US117289" name="Should create new condition for equipment" time="72.617">
      <system-out><![CDATA[
COMMAND: POST /session/ee8c0ad77c32eb6cf27ae9120157f0fa/execute/async - {"script":"<script> [1562 bytes]","args":[{"selector":{"controlType":"sap.m.GenericTile","properties":{"header":"Manage Conditions & Prices"}},"wdio_ui5_key":"sapm.GenericTile{\"header\":\"Manage Conditions & Prices\"}"}]}
RESULT: {"script":"<script> [1562 bytes]","args":[{"selector":{"controlType":"sap.m.GenericTile","properties":{"header":"Manage Conditions & Prices"}},"wdio_ui5_key":"sapm.GenericTile{\"header\":\"Manage Conditions & Prices\"}"}]}
RESULT: undefined
COMMAND: POST /session/ee8c0ad77c32eb6cf27ae9120157f0fa/element - {"using":"xpath","value":"//*[@id=\"__tile53\"]"}
RESULT: {"using":"xpath","value":"//*[@id=\"__tile53\"]"}
COMMAND: POST /session/ee8c0ad77c32eb6cf27ae9120157f0fa/element/f.4EEDEA8BBD1FF6E0A028415A04A49F5E.d.DB9F09A73F50443CDE42E6134081268F.e.216/click - {}
RESULT: {}
COMMAND: GET /session/ee8c0ad77c32eb6cf27ae9120157f0fa/screenshot - {}
RESULT: {}
COMMAND: POST /session/ee8c0ad77c32eb6cf27ae9120157f0fa/elements - {"using":"xpath","value":"//span[text()='Error']"}
RESULT: {"using":"xpath","value":"//span[text()='Error']"}
COMMAND: POST /session/ee8c0ad77c32eb6cf27ae9120157f0fa/element - {"using":"xpath","value":"//button[@aria-label=\"Create\"]"}
RESULT: {"using":"xpath","value":"//button[@aria-label=\"Create\"]"}
COMMAND: POST /session/ee8c0ad77c32eb6cf27ae9120157f0fa/elements - {"using":"xpath","value":"//button[@aria-label=\"Create\"]"}
RESULT: {"using":"xpath","value":"//button[@aria-label=\"Create\"]"}
COMMAND: POST /session/ee8c0ad77c32eb6cf27ae9120157f0fa/element - {"using":"xpath","value":"//button[@aria-label=\"Create\"]"}
RESULT: {"using":"xpath","value":"//button[@aria-label=\"Create\"]"}
COMMAND: POST /session/ee8c0ad77c32eb6cf27ae9120157f0fa/execute/sync - {"script":"<script> [8489 bytes]","args":[{"element-6066-11e4-a52e-4f735466cecf":"f.4EEDEA8BBD1FF6E0A028415A04A49F5E.d.DB9F09A73F50443CDE42E6134081268F.e.3275","ELEMENT":"f.4EEDEA8BBD1FF6E0A028415A04A49F5E.d.DB9F09A73F50443CDE42E6134081268F.e.3275"}]}
RESULT: {"script":"<script> [8489 bytes]","args":[{"element-6066-11e4-a52e-4f735466cecf":"f.4EEDEA8BBD1FF6E0A028415A04A49F5E.d.DB9F09A73F50443CDE42E6134081268F.e.3275","ELEMENT":"f.4EEDEA8BBD1FF6E0A028415A04A49F5E.d.DB9F09A73F50443CDE42E6134081268F.e.3275"}]}
COMMAND: GET /session/ee8c0ad77c32eb6cf27ae9120157f0fa/element/f.4EEDEA8BBD1FF6E0A028415A04A49F5E.d.DB9F09A73F50443CDE42E6134081268F.e.3275/enabled - {}
COMMAND: GET /session/ee8c0ad77c32eb6cf27ae9120157f0fa/screenshot - {}
RESULT: {}
COMMAND: POST /session/ee8c0ad77c32eb6cf27ae9120157f0fa/execute/sync - {"script":"<script> [8489 bytes]","args":[{"element-6066-11e4-a52e-4f735466cecf":"f.4EEDEA8BBD1FF6E0A028415A04A49F5E.d.DB9F09A73F50443CDE42E6134081268F.e.3275","ELEMENT":"f.4EEDEA8BBD1FF6E0A028415A04A49F5E.d.DB9F09A73F50443CDE42E6134081268F.e.3275"}]}
COMMAND: GET /session/ee8c0ad77c32eb6cf27ae9120157f0fa/screenshot - {}
RESULT: {}
RESULT: {"script":"<script> [8489 bytes]","args":[{"element-6066-11e4-a52e-4f735466cecf":"f.4EEDEA8BBD1FF6E0A028415A04A49F5E.d.DB9F09A73F50443CDE42E6134081268F.e.3275","ELEMENT":"f.4EEDEA8BBD1FF6E0A028415A04A49F5E.d.DB9F09A73F50443CDE42E6134081268F.e.3275"}]}
COMMAND: POST /session/ee8c0ad77c32eb6cf27ae9120157f0fa/execute/sync - {"script":"<script> [5351 bytes]","args":[{"element-6066-11e4-a52e-4f735466cecf":"f.4EEDEA8BBD1FF6E0A028415A04A49F5E.d.DB9F09A73F50443CDE42E6134081268F.e.3275","ELEMENT":"f.4EEDEA8BBD1FF6E0A028415A04A49F5E.d.DB9F09A73F50443CDE42E6134081268F.e.3275"}]}
COMMAND: GET /session/ee8c0ad77c32eb6cf27ae9120157f0fa/screenshot - {}
RESULT: {}
RESULT: {"script":"<script> [5351 bytes]","args":[{"element-6066-11e4-a52e-4f735466cecf":"f.4EEDEA8BBD1FF6E0A028415A04A49F5E.d.DB9F09A73F50443CDE42E6134081268F.e.3275","ELEMENT":"f.4EEDEA8BBD1FF6E0A028415A04A49F5E.d.DB9F09A73F50443CDE42E6134081268F.e.3275"}]}
COMMAND: POST /session/ee8c0ad77c32eb6cf27ae9120157f0fa/element/f.4EEDEA8BBD1FF6E0A028415A04A49F5E.d.DB9F09A73F50443CDE42E6134081268F.e.3275/click - {}
COMMAND: GET /session/ee8c0ad77c32eb6cf27ae9120157f0fa/screenshot - {}
RESULT: {}
RESULT: {}
COMMAND: GET /session/ee8c0ad77c32eb6cf27ae9120157f0fa/screenshot - {}
RESULT: {}
RESULT: {}
COMMAND: POST /session/ee8c0ad77c32eb6cf27ae9120157f0fa/actions - {"actions":[{"id":"action13","type":"key","parameters":{},"actions":[{"type":"keyDown","value":"î€‡"},{"type":"pause","duration":10},{"type":"keyUp","value":"î€‡"}]}]}
RESULT: {"actions":[{"id":"action13","type":"key","parameters":{},"actions":[{"type":"keyDown","value":"î€‡"},{"type":"pause","duration":10},{"type":"keyUp","value":"î€‡"}]}]}
COMMAND: GET /session/ee8c0ad77c32eb6cf27ae9120157f0fa/screenshot - {}
RESULT: {}
COMMAND: POST /session/ee8c0ad77c32eb6cf27ae9120157f0fa/execute/async - {"script":"<script> [1562 bytes]","args":[{"selector":{"id":"application-manageconditionprice-display-component---newCondition--condBillCond-arrow"},"wdio_ui5_key":"applicationmanageconditionprice-display-component---newCondition--condBillCond-arrow"}]}
RESULT: {"script":"<script> [1562 bytes]","args":[{"selector":{"id":"application-manageconditionprice-display-component---newCondition--condBillCond-arrow"},"wdio_ui5_key":"applicationmanageconditionprice-display-component---newCondition--condBillCond-arrow"}]}
RESULT: undefined
COMMAND: POST /session/ee8c0ad77c32eb6cf27ae9120157f0fa/element - {"using":"xpath","value":"//*[@id=\"application-manageconditionprice-display-component---newCondition--condBillCond-arrow\"]"}
RESULT: {"using":"xpath","value":"//*[@id=\"application-manageconditionprice-display-component---newCondition--condBillCond-arrow\"]"}
COMMAND: POST /session/ee8c0ad77c32eb6cf27ae9120157f0fa/element/f.4EEDEA8BBD1FF6E0A028415A04A49F5E.d.DB9F09A73F50443CDE42E6134081268F.e.3455/click - {}
RESULT: {}
COMMAND: GET /session/ee8c0ad77c32eb6cf27ae9120157f0fa/screenshot - {}
RESULT: {}
COMMAND: POST /session/ee8c0ad77c32eb6cf27ae9120157f0fa/element - {"using":"xpath","value":"//li[.//span[contains(text(), \"DISP - D&I special price\")]]"}
RESULT: {"using":"xpath","value":"//li[.//span[contains(text(), \"DISP - D&I special price\")]]"}
COMMAND: POST /session/ee8c0ad77c32eb6cf27ae9120157f0fa/element/f.4EEDEA8BBD1FF6E0A028415A04A49F5E.d.DB9F09A73F50443CDE42E6134081268F.e.3458/click - {}
RESULT: {}
COMMAND: GET /session/ee8c0ad77c32eb6cf27ae9120157f0fa/screenshot - {}
RESULT: {}
COMMAND: POST /session/ee8c0ad77c32eb6cf27ae9120157f0fa/execute/async - {"script":"<script> [1562 bytes]","args":[{"selector":{"id":"application-manageconditionprice-display-component---newCondition--condValidTo","interaction":{"idSuffix":"inner"}},"wdio_ui5_key":"applicationmanageconditionprice-display-component---newCondition--condValidTo"}]}
RESULT: {"script":"<script> [1562 bytes]","args":[{"selector":{"id":"application-manageconditionprice-display-component---newCondition--condValidTo","interaction":{"idSuffix":"inner"}},"wdio_ui5_key":"applicationmanageconditionprice-display-component---newCondition--condValidTo"}]}
RESULT: undefined
COMMAND: POST /session/ee8c0ad77c32eb6cf27ae9120157f0fa/execute/async - {"script":"<script> [776 bytes]","args":[{"enterText":"1/14/26","selector":{"id":"application-manageconditionprice-display-component---newCondition--condValidTo","interaction":{"idSuffix":"inner"}},"clearTextFirst":true,"interactionType":"ENTER_TEXT"}]}
RESULT: {"script":"<script> [776 bytes]","args":[{"enterText":"1/14/26","selector":{"id":"application-manageconditionprice-display-component---newCondition--condValidTo","interaction":{"idSuffix":"inner"}},"clearTextFirst":true,"interactionType":"ENTER_TEXT"}]}
COMMAND: POST /session/ee8c0ad77c32eb6cf27ae9120157f0fa/element - {"using":"xpath","value":"//input[@id=\"application-manageconditionprice-display-component---newCondition--condRU-inner\"]"}
RESULT: {"using":"xpath","value":"//input[@id=\"application-manageconditionprice-display-component---newCondition--condRU-inner\"]"}
COMMAND: POST /session/ee8c0ad77c32eb6cf27ae9120157f0fa/element/f.4EEDEA8BBD1FF6E0A028415A04A49F5E.d.DB9F09A73F50443CDE42E6134081268F.e.3320/clear - {}
RESULT: {}
COMMAND: POST /session/ee8c0ad77c32eb6cf27ae9120157f0fa/element/f.4EEDEA8BBD1FF6E0A028415A04A49F5E.d.DB9F09A73F50443CDE42E6134081268F.e.3320/value - {"text":"FvjAjrKI32"}
COMMAND: GET /session/ee8c0ad77c32eb6cf27ae9120157f0fa/screenshot - {}
RESULT: {"text":"FvjAjrKI32"}
COMMAND: GET /session/ee8c0ad77c32eb6cf27ae9120157f0fa/screenshot - {}
RESULT: {}
RESULT: {}
COMMAND: POST /session/ee8c0ad77c32eb6cf27ae9120157f0fa/actions - {"actions":[{"id":"action14","type":"key","parameters":{},"actions":[{"type":"keyDown","value":"î€‡"},{"type":"pause","duration":10},{"type":"keyUp","value":"î€‡"}]}]}
RESULT: {"actions":[{"id":"action14","type":"key","parameters":{},"actions":[{"type":"keyDown","value":"î€‡"},{"type":"pause","duration":10},{"type":"keyUp","value":"î€‡"}]}]}
COMMAND: POST /session/ee8c0ad77c32eb6cf27ae9120157f0fa/execute/async - {"script":"<script> [1562 bytes]","args":[{"selector":{"id":"application-manageconditionprice-display-component---newCondition--condBaseQty","interaction":{"idSuffix":"inner"}},"wdio_ui5_key":"applicationmanageconditionprice-display-component---newCondition--condBaseQty"}]}
COMMAND: GET /session/ee8c0ad77c32eb6cf27ae9120157f0fa/screenshot - {}
RESULT: {"script":"<script> [1562 bytes]","args":[{"selector":{"id":"application-manageconditionprice-display-component---newCondition--condBaseQty","interaction":{"idSuffix":"inner"}},"wdio_ui5_key":"applicationmanageconditionprice-display-component---newCondition--condBaseQty"}]}
RESULT: undefined
COMMAND: POST /session/ee8c0ad77c32eb6cf27ae9120157f0fa/execute/async - {"script":"<script> [776 bytes]","args":[{"enterText":"1","selector":{"id":"application-manageconditionprice-display-component---newCondition--condBaseQty","interaction":{"idSuffix":"inner"}},"clearTextFirst":true,"interactionType":"ENTER_TEXT"}]}
RESULT: {}
RESULT: {"script":"<script> [776 bytes]","args":[{"enterText":"1","selector":{"id":"application-manageconditionprice-display-component---newCondition--condBaseQty","interaction":{"idSuffix":"inner"}},"clearTextFirst":true,"interactionType":"ENTER_TEXT"}]}
COMMAND: POST /session/ee8c0ad77c32eb6cf27ae9120157f0fa/execute/async - {"script":"<script> [1562 bytes]","args":[{"selector":{"id":"application-manageconditionprice-display-component---newCondition--condValue","interaction":{"idSuffix":"inner"}},"wdio_ui5_key":"applicationmanageconditionprice-display-component---newCondition--condValue"}]}
RESULT: {"script":"<script> [1562 bytes]","args":[{"selector":{"id":"application-manageconditionprice-display-component---newCondition--condValue","interaction":{"idSuffix":"inner"}},"wdio_ui5_key":"applicationmanageconditionprice-display-component---newCondition--condValue"}]}
RESULT: undefined
COMMAND: POST /session/ee8c0ad77c32eb6cf27ae9120157f0fa/execute/async - {"script":"<script> [776 bytes]","args":[{"enterText":"100","selector":{"id":"application-manageconditionprice-display-component---newCondition--condValue","interaction":{"idSuffix":"inner"}},"clearTextFirst":true,"interactionType":"ENTER_TEXT"}]}
RESULT: {"script":"<script> [776 bytes]","args":[{"enterText":"100","selector":{"id":"application-manageconditionprice-display-component---newCondition--condValue","interaction":{"idSuffix":"inner"}},"clearTextFirst":true,"interactionType":"ENTER_TEXT"}]}
COMMAND: POST /session/ee8c0ad77c32eb6cf27ae9120157f0fa/execute/async - {"script":"<script> [1562 bytes]","args":[{"selector":{"id":"application-manageconditionprice-display-component---newCondition--condCurr-arrow"},"wdio_ui5_key":"applicationmanageconditionprice-display-component---newCondition--condCurr-arrow"}]}
RESULT: {"script":"<script> [1562 bytes]","args":[{"selector":{"id":"application-manageconditionprice-display-component---newCondition--condCurr-arrow"},"wdio_ui5_key":"applicationmanageconditionprice-display-component---newCondition--condCurr-arrow"}]}
RESULT: undefined
COMMAND: POST /session/ee8c0ad77c32eb6cf27ae9120157f0fa/element - {"using":"xpath","value":"//*[@id=\"application-manageconditionprice-display-component---newCondition--condCurr-arrow\"]"}
RESULT: {"using":"xpath","value":"//*[@id=\"application-manageconditionprice-display-component---newCondition--condCurr-arrow\"]"}
COMMAND: POST /session/ee8c0ad77c32eb6cf27ae9120157f0fa/element/f.4EEDEA8BBD1FF6E0A028415A04A49F5E.d.DB9F09A73F50443CDE42E6134081268F.e.3426/click - {}
RESULT: {}
COMMAND: POST /session/ee8c0ad77c32eb6cf27ae9120157f0fa/element - {"using":"xpath","value":"//span[contains(text(), \"Euro\")]"}
COMMAND: GET /session/ee8c0ad77c32eb6cf27ae9120157f0fa/screenshot - {}
RESULT: {"using":"xpath","value":"//span[contains(text(), \"Euro\")]"}
COMMAND: POST /session/ee8c0ad77c32eb6cf27ae9120157f0fa/element/f.4EEDEA8BBD1FF6E0A028415A04A49F5E.d.DB9F09A73F50443CDE42E6134081268F.e.3497/click - {}
RESULT: {}
RESULT: {}
COMMAND: POST /session/ee8c0ad77c32eb6cf27ae9120157f0fa/element - {"using":"xpath","value":"//button[@data-kt=\"saveButton\"]"}
COMMAND: GET /session/ee8c0ad77c32eb6cf27ae9120157f0fa/screenshot - {}
RESULT: {"using":"xpath","value":"//button[@data-kt=\"saveButton\"]"}
COMMAND: POST /session/ee8c0ad77c32eb6cf27ae9120157f0fa/element/f.4EEDEA8BBD1FF6E0A028415A04A49F5E.d.DB9F09A73F50443CDE42E6134081268F.e.3427/click - {}
RESULT: {}
RESULT: {}
COMMAND: GET /session/ee8c0ad77c32eb6cf27ae9120157f0fa/screenshot - {}
RESULT: {}
COMMAND: POST /session/ee8c0ad77c32eb6cf27ae9120157f0fa/execute/async - {"script":"<script> [1562 bytes]","args":[{"selector":{"id":"application-manageconditionprice-display-component---conditions--smartFilterBar-btnBasicSearch","interaction":{"idSuffix":"I"}},"wdio_ui5_key":"applicationmanageconditionprice-display-component---conditions--smartFilterBar-btnBasicSearch"}]}
RESULT: {"script":"<script> [1562 bytes]","args":[{"selector":{"id":"application-manageconditionprice-display-component---conditions--smartFilterBar-btnBasicSearch","interaction":{"idSuffix":"I"}},"wdio_ui5_key":"applicationmanageconditionprice-display-component---conditions--smartFilterBar-btnBasicSearch"}]}
RESULT: undefined
COMMAND: POST /session/ee8c0ad77c32eb6cf27ae9120157f0fa/execute/async - {"script":"<script> [776 bytes]","args":[{"enterText":"FvjAjrKI32","selector":{"id":"application-manageconditionprice-display-component---conditions--smartFilterBar-btnBasicSearch","interaction":{"idSuffix":"I"}},"clearTextFirst":true,"interactionType":"ENTER_TEXT"}]}
RESULT: {"script":"<script> [776 bytes]","args":[{"enterText":"FvjAjrKI32","selector":{"id":"application-manageconditionprice-display-component---conditions--smartFilterBar-btnBasicSearch","interaction":{"idSuffix":"I"}},"clearTextFirst":true,"interactionType":"ENTER_TEXT"}]}
COMMAND: POST /session/ee8c0ad77c32eb6cf27ae9120157f0fa/actions - {"actions":[{"id":"action15","type":"key","parameters":{},"actions":[{"type":"keyDown","value":"î€‡"},{"type":"pause","duration":10},{"type":"keyUp","value":"î€‡"}]}]}
RESULT: {"actions":[{"id":"action15","type":"key","parameters":{},"actions":[{"type":"keyDown","value":"î€‡"},{"type":"pause","duration":10},{"type":"keyUp","value":"î€‡"}]}]}
COMMAND: GET /session/ee8c0ad77c32eb6cf27ae9120157f0fa/screenshot - {}
RESULT: {}
COMMAND: POST /session/ee8c0ad77c32eb6cf27ae9120157f0fa/execute/async - {"script":"<script> [1562 bytes]","args":[{"selector":{"id":"application-manageconditionprice-display-component---conditions--smartFilterBar-filterItemControl_BASIC-BILL_TYPES-vhi"},"wdio_ui5_key":"applicationmanageconditionprice-display-component---conditions--smartFilterBar-filterItemControl_BASIC-BILL_TYPES-vhi"}]}
RESULT: {"script":"<script> [1562 bytes]","args":[{"selector":{"id":"application-manageconditionprice-display-component---conditions--smartFilterBar-filterItemControl_BASIC-BILL_TYPES-vhi"},"wdio_ui5_key":"applicationmanageconditionprice-display-component---conditions--smartFilterBar-filterItemControl_BASIC-BILL_TYPES-vhi"}]}
RESULT: undefined
COMMAND: POST /session/ee8c0ad77c32eb6cf27ae9120157f0fa/element - {"using":"xpath","value":"//*[@id=\"application-manageconditionprice-display-component---conditions--smartFilterBar-filterItemControl_BASIC-BILL_TYPES-vhi\"]"}
RESULT: {"using":"xpath","value":"//*[@id=\"application-manageconditionprice-display-component---conditions--smartFilterBar-filterItemControl_BASIC-BILL_TYPES-vhi\"]"}
COMMAND: POST /session/ee8c0ad77c32eb6cf27ae9120157f0fa/element/f.4EEDEA8BBD1FF6E0A028415A04A49F5E.d.DB9F09A73F50443CDE42E6134081268F.e.3604/click - {}
RESULT: {}
COMMAND: POST /session/ee8c0ad77c32eb6cf27ae9120157f0fa/execute/async - {"script":"<script> [1562 bytes]","args":[{"selector":{"id":"application-manageconditionprice-display-component---conditions--smartFilterBar-filterItemControl_BASIC-BILL_TYPES-valueHelpDialog-smartFilterBar-btnBasicSearch","searchOpenDialogs":true,"interaction":{"idSuffix":"I"}},"wdio_ui5_key":"applicationmanageconditionprice-display-component---conditions--smartFilterBar-filterItemControl_BASIC-BILL_TYPES-valueHelpDialog-smartFilterBar-btnBasicSearch"}]}
COMMAND: GET /session/ee8c0ad77c32eb6cf27ae9120157f0fa/screenshot - {}
RESULT: {"script":"<script> [1562 bytes]","args":[{"selector":{"id":"application-manageconditionprice-display-component---conditions--smartFilterBar-filterItemControl_BASIC-BILL_TYPES-valueHelpDialog-smartFilterBar-btnBasicSearch","searchOpenDialogs":true,"interaction":{"idSuffix":"I"}},"wdio_ui5_key":"applicationmanageconditionprice-display-component---conditions--smartFilterBar-filterItemControl_BASIC-BILL_TYPES-valueHelpDialog-smartFilterBar-btnBasicSearch"}]}
RESULT: undefined
COMMAND: POST /session/ee8c0ad77c32eb6cf27ae9120157f0fa/execute/async - {"script":"<script> [776 bytes]","args":[{"enterText":"TB","selector":{"id":"application-manageconditionprice-display-component---conditions--smartFilterBar-filterItemControl_BASIC-BILL_TYPES-valueHelpDialog-smartFilterBar-btnBasicSearch","searchOpenDialogs":true,"interaction":{"idSuffix":"I"}},"clearTextFirst":true,"interactionType":"ENTER_TEXT"}]}
RESULT: {}
RESULT: {"script":"<script> [776 bytes]","args":[{"enterText":"TB","selector":{"id":"application-manageconditionprice-display-component---conditions--smartFilterBar-filterItemControl_BASIC-BILL_TYPES-valueHelpDialog-smartFilterBar-btnBasicSearch","searchOpenDialogs":true,"interaction":{"idSuffix":"I"}},"clearTextFirst":true,"interactionType":"ENTER_TEXT"}]}
COMMAND: POST /session/ee8c0ad77c32eb6cf27ae9120157f0fa/actions - {"actions":[{"id":"action16","type":"key","parameters":{},"actions":[{"type":"keyDown","value":"î€‡"},{"type":"pause","duration":10},{"type":"keyUp","value":"î€‡"}]}]}
RESULT: {"actions":[{"id":"action16","type":"key","parameters":{},"actions":[{"type":"keyDown","value":"î€‡"},{"type":"pause","duration":10},{"type":"keyUp","value":"î€‡"}]}]}
COMMAND: GET /session/ee8c0ad77c32eb6cf27ae9120157f0fa/screenshot - {}
RESULT: {}
COMMAND: POST /session/ee8c0ad77c32eb6cf27ae9120157f0fa/element - {"using":"xpath","value":"//div[contains(@id, 'application-manageconditionprice-display-component---conditions--smartFilterBar-filterItemControl_BASIC-BILL_TYPES-valueHelpDialog-table-rowsel0')]"}
RESULT: {"using":"xpath","value":"//div[contains(@id, 'application-manageconditionprice-display-component---conditions--smartFilterBar-filterItemControl_BASIC-BILL_TYPES-valueHelpDialog-table-rowsel0')]"}
COMMAND: POST /session/ee8c0ad77c32eb6cf27ae9120157f0fa/element/f.4EEDEA8BBD1FF6E0A028415A04A49F5E.d.DB9F09A73F50443CDE42E6134081268F.e.3615/click - {}
RESULT: {}
COMMAND: GET /session/ee8c0ad77c32eb6cf27ae9120157f0fa/screenshot - {}
RESULT: {}
COMMAND: POST /session/ee8c0ad77c32eb6cf27ae9120157f0fa/element - {"using":"xpath","value":"//bdi[contains(text(), \"OK\")]"}
RESULT: {"using":"xpath","value":"//bdi[contains(text(), \"OK\")]"}
COMMAND: POST /session/ee8c0ad77c32eb6cf27ae9120157f0fa/element/f.4EEDEA8BBD1FF6E0A028415A04A49F5E.d.DB9F09A73F50443CDE42E6134081268F.e.3617/click - {}
RESULT: {}
COMMAND: GET /session/ee8c0ad77c32eb6cf27ae9120157f0fa/screenshot - {}
RESULT: {}
COMMAND: POST /session/ee8c0ad77c32eb6cf27ae9120157f0fa/element - {"using":"xpath","value":"//span[@id=\"application-manageconditionprice-display-component---conditions--smartTable-header-inner\"]"}
RESULT: {"using":"xpath","value":"//span[@id=\"application-manageconditionprice-display-component---conditions--smartTable-header-inner\"]"}
COMMAND: POST /session/ee8c0ad77c32eb6cf27ae9120157f0fa/elements - {"using":"xpath","value":"//span[@id=\"application-manageconditionprice-display-component---conditions--smartTable-header-inner\"]"}
RESULT: {"using":"xpath","value":"//span[@id=\"application-manageconditionprice-display-component---conditions--smartTable-header-inner\"]"}
COMMAND: POST /session/ee8c0ad77c32eb6cf27ae9120157f0fa/execute/sync - {"script":"<script> [56 bytes]","args":[{"element-6066-11e4-a52e-4f735466cecf":"f.4EEDEA8BBD1FF6E0A028415A04A49F5E.d.DB9F09A73F50443CDE42E6134081268F.e.3620","ELEMENT":"f.4EEDEA8BBD1FF6E0A028415A04A49F5E.d.DB9F09A73F50443CDE42E6134081268F.e.3620"}]}
RESULT: {"script":"<script> [56 bytes]","args":[{"element-6066-11e4-a52e-4f735466cecf":"f.4EEDEA8BBD1FF6E0A028415A04A49F5E.d.DB9F09A73F50443CDE42E6134081268F.e.3620","ELEMENT":"f.4EEDEA8BBD1FF6E0A028415A04A49F5E.d.DB9F09A73F50443CDE42E6134081268F.e.3620"}]}
COMMAND: POST /session/ee8c0ad77c32eb6cf27ae9120157f0fa/element - {"using":"css selector","value":"#shell-header-logo"}
COMMAND: GET /session/ee8c0ad77c32eb6cf27ae9120157f0fa/screenshot - {}
RESULT: {"using":"css selector","value":"#shell-header-logo"}
COMMAND: POST /session/ee8c0ad77c32eb6cf27ae9120157f0fa/element/f.4EEDEA8BBD1FF6E0A028415A04A49F5E.d.DB9F09A73F50443CDE42E6134081268F.e.3243/click - {}
RESULT: {}
RESULT: {}
COMMAND: GET /session/ee8c0ad77c32eb6cf27ae9120157f0fa/screenshot - {}
RESULT: {}
]]></system-out>
    </testcase>
    <testcase classname="chrome.136_0_7103_49.windows.Billing_confirm_US117289" name="Should do a stock increase" time="99.228">
      <system-out><![CDATA[
COMMAND: POST /session/ee8c0ad77c32eb6cf27ae9120157f0fa/execute/async - {"script":"<script> [1562 bytes]","args":[{"selector":{"controlType":"sap.m.GenericTile","properties":{"header":"Manage Handovers"}},"wdio_ui5_key":"sapm.GenericTile{\"header\":\"Manage Handovers\"}"}]}
RESULT: {"script":"<script> [1562 bytes]","args":[{"selector":{"controlType":"sap.m.GenericTile","properties":{"header":"Manage Handovers"}},"wdio_ui5_key":"sapm.GenericTile{\"header\":\"Manage Handovers\"}"}]}
RESULT: undefined
COMMAND: POST /session/ee8c0ad77c32eb6cf27ae9120157f0fa/element - {"using":"xpath","value":"//*[@id=\"__tile133\"]"}
RESULT: {"using":"xpath","value":"//*[@id=\"__tile133\"]"}
COMMAND: POST /session/ee8c0ad77c32eb6cf27ae9120157f0fa/element/f.4EEDEA8BBD1FF6E0A028415A04A49F5E.d.DB9F09A73F50443CDE42E6134081268F.e.253/click - {}
RESULT: {}
COMMAND: GET /session/ee8c0ad77c32eb6cf27ae9120157f0fa/screenshot - {}
RESULT: {}
COMMAND: POST /session/ee8c0ad77c32eb6cf27ae9120157f0fa/elements - {"using":"xpath","value":"//span[text()='Error']"}
RESULT: {"using":"xpath","value":"//span[text()='Error']"}
COMMAND: POST /session/ee8c0ad77c32eb6cf27ae9120157f0fa/element - {"using":"xpath","value":"//button[@data-kt=\"masterHOAddButton\"]"}
RESULT: {"using":"xpath","value":"//button[@data-kt=\"masterHOAddButton\"]"}
COMMAND: POST /session/ee8c0ad77c32eb6cf27ae9120157f0fa/elements - {"using":"xpath","value":"//button[@data-kt=\"masterHOAddButton\"]"}
RESULT: {"using":"xpath","value":"//button[@data-kt=\"masterHOAddButton\"]"}
COMMAND: POST /session/ee8c0ad77c32eb6cf27ae9120157f0fa/elements - {"using":"xpath","value":"//button[@data-kt=\"masterHOAddButton\"]"}
RESULT: {"using":"xpath","value":"//button[@data-kt=\"masterHOAddButton\"]"}
COMMAND: POST /session/ee8c0ad77c32eb6cf27ae9120157f0fa/element - {"using":"xpath","value":"//button[@data-kt=\"masterHOAddButton\"]"}
RESULT: {"using":"xpath","value":"//button[@data-kt=\"masterHOAddButton\"]"}
COMMAND: POST /session/ee8c0ad77c32eb6cf27ae9120157f0fa/execute/sync - {"script":"<script> [8489 bytes]","args":[{"element-6066-11e4-a52e-4f735466cecf":"f.4EEDEA8BBD1FF6E0A028415A04A49F5E.d.DB9F09A73F50443CDE42E6134081268F.e.3662","ELEMENT":"f.4EEDEA8BBD1FF6E0A028415A04A49F5E.d.DB9F09A73F50443CDE42E6134081268F.e.3662"}]}
RESULT: {"script":"<script> [8489 bytes]","args":[{"element-6066-11e4-a52e-4f735466cecf":"f.4EEDEA8BBD1FF6E0A028415A04A49F5E.d.DB9F09A73F50443CDE42E6134081268F.e.3662","ELEMENT":"f.4EEDEA8BBD1FF6E0A028415A04A49F5E.d.DB9F09A73F50443CDE42E6134081268F.e.3662"}]}
COMMAND: GET /session/ee8c0ad77c32eb6cf27ae9120157f0fa/element/f.4EEDEA8BBD1FF6E0A028415A04A49F5E.d.DB9F09A73F50443CDE42E6134081268F.e.3662/enabled - {}
COMMAND: GET /session/ee8c0ad77c32eb6cf27ae9120157f0fa/screenshot - {}
RESULT: {}
RESULT: {}
COMMAND: POST /session/ee8c0ad77c32eb6cf27ae9120157f0fa/execute/sync - {"script":"<script> [8489 bytes]","args":[{"element-6066-11e4-a52e-4f735466cecf":"f.4EEDEA8BBD1FF6E0A028415A04A49F5E.d.DB9F09A73F50443CDE42E6134081268F.e.3662","ELEMENT":"f.4EEDEA8BBD1FF6E0A028415A04A49F5E.d.DB9F09A73F50443CDE42E6134081268F.e.3662"}]}
COMMAND: GET /session/ee8c0ad77c32eb6cf27ae9120157f0fa/screenshot - {}
RESULT: {"script":"<script> [8489 bytes]","args":[{"element-6066-11e4-a52e-4f735466cecf":"f.4EEDEA8BBD1FF6E0A028415A04A49F5E.d.DB9F09A73F50443CDE42E6134081268F.e.3662","ELEMENT":"f.4EEDEA8BBD1FF6E0A028415A04A49F5E.d.DB9F09A73F50443CDE42E6134081268F.e.3662"}]}
COMMAND: POST /session/ee8c0ad77c32eb6cf27ae9120157f0fa/execute/sync - {"script":"<script> [5351 bytes]","args":[{"element-6066-11e4-a52e-4f735466cecf":"f.4EEDEA8BBD1FF6E0A028415A04A49F5E.d.DB9F09A73F50443CDE42E6134081268F.e.3662","ELEMENT":"f.4EEDEA8BBD1FF6E0A028415A04A49F5E.d.DB9F09A73F50443CDE42E6134081268F.e.3662"}]}
COMMAND: GET /session/ee8c0ad77c32eb6cf27ae9120157f0fa/screenshot - {}
RESULT: {}
RESULT: {"script":"<script> [5351 bytes]","args":[{"element-6066-11e4-a52e-4f735466cecf":"f.4EEDEA8BBD1FF6E0A028415A04A49F5E.d.DB9F09A73F50443CDE42E6134081268F.e.3662","ELEMENT":"f.4EEDEA8BBD1FF6E0A028415A04A49F5E.d.DB9F09A73F50443CDE42E6134081268F.e.3662"}]}
COMMAND: POST /session/ee8c0ad77c32eb6cf27ae9120157f0fa/element/f.4EEDEA8BBD1FF6E0A028415A04A49F5E.d.DB9F09A73F50443CDE42E6134081268F.e.3662/click - {}
COMMAND: GET /session/ee8c0ad77c32eb6cf27ae9120157f0fa/screenshot - {}
RESULT: {}
RESULT: {}
COMMAND: GET /session/ee8c0ad77c32eb6cf27ae9120157f0fa/screenshot - {}
RESULT: {}
COMMAND: POST /session/ee8c0ad77c32eb6cf27ae9120157f0fa/element - {"using":"xpath","value":"//span[contains(@id ,\"AddNewHO--typeSelect-arrow\")]"}
RESULT: {}
RESULT: {"using":"xpath","value":"//span[contains(@id ,\"AddNewHO--typeSelect-arrow\")]"}
COMMAND: POST /session/ee8c0ad77c32eb6cf27ae9120157f0fa/element/f.4EEDEA8BBD1FF6E0A028415A04A49F5E.d.DB9F09A73F50443CDE42E6134081268F.e.4018/click - {}
RESULT: {}
COMMAND: GET /session/ee8c0ad77c32eb6cf27ae9120157f0fa/screenshot - {}
RESULT: {}
COMMAND: POST /session/ee8c0ad77c32eb6cf27ae9120157f0fa/element - {"using":"xpath","value":"(//li[contains(text(), \"stock increase yard\")])[1]"}
RESULT: {"using":"xpath","value":"(//li[contains(text(), \"stock increase yard\")])[1]"}
COMMAND: POST /session/ee8c0ad77c32eb6cf27ae9120157f0fa/element/f.4EEDEA8BBD1FF6E0A028415A04A49F5E.d.DB9F09A73F50443CDE42E6134081268F.e.4019/click - {}
RESULT: {}
COMMAND: GET /session/ee8c0ad77c32eb6cf27ae9120157f0fa/screenshot - {}
RESULT: {}
COMMAND: POST /session/ee8c0ad77c32eb6cf27ae9120157f0fa/execute/async - {"script":"<script> [1562 bytes]","args":[{"selector":{"id":"application-managehandovers-display-component---AddNewHO--dueDate","interaction":{"idSuffix":"inner"}},"wdio_ui5_key":"applicationmanagehandovers-display-component---AddNewHO--dueDate"}]}
RESULT: {"script":"<script> [1562 bytes]","args":[{"selector":{"id":"application-managehandovers-display-component---AddNewHO--dueDate","interaction":{"idSuffix":"inner"}},"wdio_ui5_key":"applicationmanagehandovers-display-component---AddNewHO--dueDate"}]}
RESULT: undefined
COMMAND: POST /session/ee8c0ad77c32eb6cf27ae9120157f0fa/execute/async - {"script":"<script> [6424 bytes]","args":[{"element-6066-11e4-a52e-4f735466cecf":"f.4EEDEA8BBD1FF6E0A028415A04A49F5E.d.DB9F09A73F50443CDE42E6134081268F.e.4023"},"setValue",["5/14/25"]]}
RESULT: {"script":"<script> [6424 bytes]","args":[{"element-6066-11e4-a52e-4f735466cecf":"f.4EEDEA8BBD1FF6E0A028415A04A49F5E.d.DB9F09A73F50443CDE42E6134081268F.e.4023"},"setValue",["5/14/25"]]}
COMMAND: POST /session/ee8c0ad77c32eb6cf27ae9120157f0fa/element - {"using":"xpath","value":"//input[@id=\"generalSectionFrg--receiveYard-inner\"]"}
RESULT: {"using":"xpath","value":"//input[@id=\"generalSectionFrg--receiveYard-inner\"]"}
COMMAND: POST /session/ee8c0ad77c32eb6cf27ae9120157f0fa/element/f.4EEDEA8BBD1FF6E0A028415A04A49F5E.d.DB9F09A73F50443CDE42E6134081268F.e.4027/clear - {}
RESULT: {}
COMMAND: POST /session/ee8c0ad77c32eb6cf27ae9120157f0fa/element/f.4EEDEA8BBD1FF6E0A028415A04A49F5E.d.DB9F09A73F50443CDE42E6134081268F.e.4027/value - {"text":"364"}
COMMAND: GET /session/ee8c0ad77c32eb6cf27ae9120157f0fa/screenshot - {}
RESULT: {"text":"364"}
COMMAND: GET /session/ee8c0ad77c32eb6cf27ae9120157f0fa/screenshot - {}
RESULT: {}
RESULT: {}
COMMAND: POST /session/ee8c0ad77c32eb6cf27ae9120157f0fa/element - {"using":"xpath","value":"//li[.//span[text()='364']]"}
RESULT: {"using":"xpath","value":"//li[.//span[text()='364']]"}
COMMAND: POST /session/ee8c0ad77c32eb6cf27ae9120157f0fa/element/f.4EEDEA8BBD1FF6E0A028415A04A49F5E.d.DB9F09A73F50443CDE42E6134081268F.e.4043/click - {}
RESULT: {}
COMMAND: GET /session/ee8c0ad77c32eb6cf27ae9120157f0fa/screenshot - {}
RESULT: {}
COMMAND: POST /session/ee8c0ad77c32eb6cf27ae9120157f0fa/execute/async - {"script":"<script> [1562 bytes]","args":[{"selector":{"id":"application-managehandovers-display-component---AddNewHO--ObjectPageLayout-anchBar-application-managehandovers-display-component---AddNewHO--section4-anchor","interaction":{"idSuffix":"BDI-content"}},"wdio_ui5_key":"applicationmanagehandovers-display-component---AddNewHO--ObjectPageLayout-anchBar-application-managehandovers-display-component---AddNewHO--section4-anchor"}]}
RESULT: {"script":"<script> [1562 bytes]","args":[{"selector":{"id":"application-managehandovers-display-component---AddNewHO--ObjectPageLayout-anchBar-application-managehandovers-display-component---AddNewHO--section4-anchor","interaction":{"idSuffix":"BDI-content"}},"wdio_ui5_key":"applicationmanagehandovers-display-component---AddNewHO--ObjectPageLayout-anchBar-application-managehandovers-display-component---AddNewHO--section4-anchor"}]}
RESULT: undefined
COMMAND: POST /session/ee8c0ad77c32eb6cf27ae9120157f0fa/element - {"using":"xpath","value":"//*[@id=\"application-managehandovers-display-component---AddNewHO--ObjectPageLayout-anchBar-application-managehandovers-display-component---AddNewHO--section4-anchor\"]"}
RESULT: {"using":"xpath","value":"//*[@id=\"application-managehandovers-display-component---AddNewHO--ObjectPageLayout-anchBar-application-managehandovers-display-component---AddNewHO--section4-anchor\"]"}
COMMAND: POST /session/ee8c0ad77c32eb6cf27ae9120157f0fa/element/f.4EEDEA8BBD1FF6E0A028415A04A49F5E.d.DB9F09A73F50443CDE42E6134081268F.e.4045/click - {}
RESULT: {}
COMMAND: POST /session/ee8c0ad77c32eb6cf27ae9120157f0fa/element - {"using":"xpath","value":"//button[@aria-label=\"Add\"]"}
COMMAND: GET /session/ee8c0ad77c32eb6cf27ae9120157f0fa/screenshot - {}
RESULT: {"using":"xpath","value":"//button[@aria-label=\"Add\"]"}
COMMAND: POST /session/ee8c0ad77c32eb6cf27ae9120157f0fa/element/f.4EEDEA8BBD1FF6E0A028415A04A49F5E.d.DB9F09A73F50443CDE42E6134081268F.e.4047/click - {}
RESULT: {}
RESULT: {}
COMMAND: GET /session/ee8c0ad77c32eb6cf27ae9120157f0fa/screenshot - {}
RESULT: {}
COMMAND: POST /session/ee8c0ad77c32eb6cf27ae9120157f0fa/execute/async - {"script":"<script> [1562 bytes]","args":[{"selector":{"id":"application-managehandovers-display-component---AddNewHO--smartFilterBar-btnBasicSearch","searchOpenDialogs":true,"interaction":{"idSuffix":"I"}},"wdio_ui5_key":"applicationmanagehandovers-display-component---AddNewHO--smartFilterBar-btnBasicSearch"}]}
RESULT: {"script":"<script> [1562 bytes]","args":[{"selector":{"id":"application-managehandovers-display-component---AddNewHO--smartFilterBar-btnBasicSearch","searchOpenDialogs":true,"interaction":{"idSuffix":"I"}},"wdio_ui5_key":"applicationmanagehandovers-display-component---AddNewHO--smartFilterBar-btnBasicSearch"}]}
RESULT: undefined
COMMAND: POST /session/ee8c0ad77c32eb6cf27ae9120157f0fa/execute/async - {"script":"<script> [776 bytes]","args":[{"enterText":"FvjAjrKI32","selector":{"id":"application-managehandovers-display-component---AddNewHO--smartFilterBar-btnBasicSearch","searchOpenDialogs":true,"interaction":{"idSuffix":"I"}},"clearTextFirst":true,"interactionType":"ENTER_TEXT"}]}
RESULT: {"script":"<script> [776 bytes]","args":[{"enterText":"FvjAjrKI32","selector":{"id":"application-managehandovers-display-component---AddNewHO--smartFilterBar-btnBasicSearch","searchOpenDialogs":true,"interaction":{"idSuffix":"I"}},"clearTextFirst":true,"interactionType":"ENTER_TEXT"}]}
COMMAND: POST /session/ee8c0ad77c32eb6cf27ae9120157f0fa/actions - {"actions":[{"id":"action17","type":"key","parameters":{},"actions":[{"type":"keyDown","value":"î€‡"},{"type":"pause","duration":10},{"type":"keyUp","value":"î€‡"}]}]}
RESULT: {"actions":[{"id":"action17","type":"key","parameters":{},"actions":[{"type":"keyDown","value":"î€‡"},{"type":"pause","duration":10},{"type":"keyUp","value":"î€‡"}]}]}
COMMAND: GET /session/ee8c0ad77c32eb6cf27ae9120157f0fa/screenshot - {}
RESULT: {}
COMMAND: POST /session/ee8c0ad77c32eb6cf27ae9120157f0fa/execute/async - {"script":"<script> [1562 bytes]","args":[{"selector":{"id":"application-managehandovers-display-component---AddNewHO--popup-sa","searchOpenDialogs":true,"interaction":{"idSuffix":"CbBg"}},"wdio_ui5_key":"applicationmanagehandovers-display-component---AddNewHO--popup-sa"}]}
RESULT: {"script":"<script> [1562 bytes]","args":[{"selector":{"id":"application-managehandovers-display-component---AddNewHO--popup-sa","searchOpenDialogs":true,"interaction":{"idSuffix":"CbBg"}},"wdio_ui5_key":"applicationmanagehandovers-display-component---AddNewHO--popup-sa"}]}
RESULT: undefined
COMMAND: POST /session/ee8c0ad77c32eb6cf27ae9120157f0fa/element - {"using":"xpath","value":"//*[@id=\"application-managehandovers-display-component---AddNewHO--popup-sa\"]"}
RESULT: {"using":"xpath","value":"//*[@id=\"application-managehandovers-display-component---AddNewHO--popup-sa\"]"}
COMMAND: POST /session/ee8c0ad77c32eb6cf27ae9120157f0fa/element/f.4EEDEA8BBD1FF6E0A028415A04A49F5E.d.DB9F09A73F50443CDE42E6134081268F.e.4202/click - {}
RESULT: {}
COMMAND: GET /session/ee8c0ad77c32eb6cf27ae9120157f0fa/screenshot - {}
RESULT: {}
COMMAND: POST /session/ee8c0ad77c32eb6cf27ae9120157f0fa/element - {"using":"xpath","value":"//bdi[contains(text(), \"Select\")]"}
RESULT: {"using":"xpath","value":"//bdi[contains(text(), \"Select\")]"}
COMMAND: POST /session/ee8c0ad77c32eb6cf27ae9120157f0fa/element/f.4EEDEA8BBD1FF6E0A028415A04A49F5E.d.DB9F09A73F50443CDE42E6134081268F.e.4203/click - {}
RESULT: {}
COMMAND: GET /session/ee8c0ad77c32eb6cf27ae9120157f0fa/screenshot - {}
RESULT: {}
COMMAND: POST /session/ee8c0ad77c32eb6cf27ae9120157f0fa/element - {"using":"xpath","value":"//button[@data-kt=\"AddNewHOSaveButton\"]"}
RESULT: {"using":"xpath","value":"//button[@data-kt=\"AddNewHOSaveButton\"]"}
COMMAND: POST /session/ee8c0ad77c32eb6cf27ae9120157f0fa/element/f.4EEDEA8BBD1FF6E0A028415A04A49F5E.d.DB9F09A73F50443CDE42E6134081268F.e.4207/click - {}
RESULT: {}
COMMAND: GET /session/ee8c0ad77c32eb6cf27ae9120157f0fa/screenshot - {}
RESULT: {}
COMMAND: POST /session/ee8c0ad77c32eb6cf27ae9120157f0fa/execute/async - {"script":"<script> [1562 bytes]","args":[{"selector":{"id":"receiptDatePicker","viewName":"etm.portal.ui.managehandovers.view.DetailExecuteHO","interaction":{"idSuffix":"inner"}},"wdio_ui5_key":"receiptDatePickeretmportal.ui.managehandovers.view.DetailExecuteHO"}]}
RESULT: {"script":"<script> [1562 bytes]","args":[{"selector":{"id":"receiptDatePicker","viewName":"etm.portal.ui.managehandovers.view.DetailExecuteHO","interaction":{"idSuffix":"inner"}},"wdio_ui5_key":"receiptDatePickeretmportal.ui.managehandovers.view.DetailExecuteHO"}]}
RESULT: undefined
COMMAND: POST /session/ee8c0ad77c32eb6cf27ae9120157f0fa/execute/async - {"script":"<script> [6424 bytes]","args":[{"element-6066-11e4-a52e-4f735466cecf":"f.4EEDEA8BBD1FF6E0A028415A04A49F5E.d.DB9F09A73F50443CDE42E6134081268F.e.4228"},"setValue",["5/14/25"]]}
RESULT: {"script":"<script> [6424 bytes]","args":[{"element-6066-11e4-a52e-4f735466cecf":"f.4EEDEA8BBD1FF6E0A028415A04A49F5E.d.DB9F09A73F50443CDE42E6134081268F.e.4228"},"setValue",["5/14/25"]]}
COMMAND: POST /session/ee8c0ad77c32eb6cf27ae9120157f0fa/element - {"using":"xpath","value":"//button[@data-kt=\"PickingTableConfirmAllButton\"]"}
RESULT: {"using":"xpath","value":"//button[@data-kt=\"PickingTableConfirmAllButton\"]"}
COMMAND: POST /session/ee8c0ad77c32eb6cf27ae9120157f0fa/element/f.4EEDEA8BBD1FF6E0A028415A04A49F5E.d.DB9F09A73F50443CDE42E6134081268F.e.4242/click - {}
RESULT: {}
COMMAND: GET /session/ee8c0ad77c32eb6cf27ae9120157f0fa/screenshot - {}
RESULT: {}
COMMAND: POST /session/ee8c0ad77c32eb6cf27ae9120157f0fa/element - {"using":"xpath","value":"//bdi[contains(text(), \"OK\")]"}
RESULT: {"using":"xpath","value":"//bdi[contains(text(), \"OK\")]"}
COMMAND: POST /session/ee8c0ad77c32eb6cf27ae9120157f0fa/element/f.4EEDEA8BBD1FF6E0A028415A04A49F5E.d.DB9F09A73F50443CDE42E6134081268F.e.4244/click - {}
RESULT: {}
COMMAND: GET /session/ee8c0ad77c32eb6cf27ae9120157f0fa/screenshot - {}
RESULT: {}
COMMAND: POST /session/ee8c0ad77c32eb6cf27ae9120157f0fa/element - {"using":"xpath","value":"(//bdi[contains(text(), \"Receive\")])[2]"}
RESULT: {"using":"xpath","value":"(//bdi[contains(text(), \"Receive\")])[2]"}
COMMAND: POST /session/ee8c0ad77c32eb6cf27ae9120157f0fa/element/f.4EEDEA8BBD1FF6E0A028415A04A49F5E.d.DB9F09A73F50443CDE42E6134081268F.e.4246/click - {}
RESULT: {}
COMMAND: GET /session/ee8c0ad77c32eb6cf27ae9120157f0fa/screenshot - {}
RESULT: {}
COMMAND: POST /session/ee8c0ad77c32eb6cf27ae9120157f0fa/element - {"using":"css selector","value":"#shell-header-logo"}
RESULT: {"using":"css selector","value":"#shell-header-logo"}
COMMAND: POST /session/ee8c0ad77c32eb6cf27ae9120157f0fa/element/f.4EEDEA8BBD1FF6E0A028415A04A49F5E.d.DB9F09A73F50443CDE42E6134081268F.e.3627/click - {}
RESULT: {}
COMMAND: GET /session/ee8c0ad77c32eb6cf27ae9120157f0fa/screenshot - {}
RESULT: {}
]]></system-out>
    </testcase>
    <testcase classname="chrome.136_0_7103_49.windows.Billing_confirm_US117289" name="Should create a new contract" time="77.085">
      <system-out><![CDATA[
COMMAND: POST /session/ee8c0ad77c32eb6cf27ae9120157f0fa/execute/async - {"script":"<script> [1562 bytes]","args":[{"selector":{"controlType":"sap.m.GenericTile","properties":{"header":"Manage Contracts"}},"wdio_ui5_key":"sapm.GenericTile{\"header\":\"Manage Contracts\"}"}]}
RESULT: {"script":"<script> [1562 bytes]","args":[{"selector":{"controlType":"sap.m.GenericTile","properties":{"header":"Manage Contracts"}},"wdio_ui5_key":"sapm.GenericTile{\"header\":\"Manage Contracts\"}"}]}
RESULT: undefined
COMMAND: POST /session/ee8c0ad77c32eb6cf27ae9120157f0fa/element - {"using":"xpath","value":"//*[@id=\"__tile130\"]"}
RESULT: {"using":"xpath","value":"//*[@id=\"__tile130\"]"}
COMMAND: POST /session/ee8c0ad77c32eb6cf27ae9120157f0fa/element/f.4EEDEA8BBD1FF6E0A028415A04A49F5E.d.DB9F09A73F50443CDE42E6134081268F.e.185/click - {}
RESULT: {}
COMMAND: GET /session/ee8c0ad77c32eb6cf27ae9120157f0fa/screenshot - {}
RESULT: {}
COMMAND: POST /session/ee8c0ad77c32eb6cf27ae9120157f0fa/elements - {"using":"xpath","value":"//span[text()='Error']"}
RESULT: {"using":"xpath","value":"//span[text()='Error']"}
COMMAND: POST /session/ee8c0ad77c32eb6cf27ae9120157f0fa/element - {"using":"xpath","value":"//button[@data-kt=\"addButton\"]"}
RESULT: {"using":"xpath","value":"//button[@data-kt=\"addButton\"]"}
COMMAND: POST /session/ee8c0ad77c32eb6cf27ae9120157f0fa/elements - {"using":"xpath","value":"//button[@data-kt=\"addButton\"]"}
RESULT: {"using":"xpath","value":"//button[@data-kt=\"addButton\"]"}
COMMAND: POST /session/ee8c0ad77c32eb6cf27ae9120157f0fa/execute/sync - {"script":"<script> [8489 bytes]","args":[{"element-6066-11e4-a52e-4f735466cecf":"f.4EEDEA8BBD1FF6E0A028415A04A49F5E.d.DB9F09A73F50443CDE42E6134081268F.e.4468","ELEMENT":"f.4EEDEA8BBD1FF6E0A028415A04A49F5E.d.DB9F09A73F50443CDE42E6134081268F.e.4468"}]}
RESULT: {"script":"<script> [8489 bytes]","args":[{"element-6066-11e4-a52e-4f735466cecf":"f.4EEDEA8BBD1FF6E0A028415A04A49F5E.d.DB9F09A73F50443CDE42E6134081268F.e.4468","ELEMENT":"f.4EEDEA8BBD1FF6E0A028415A04A49F5E.d.DB9F09A73F50443CDE42E6134081268F.e.4468"}]}
COMMAND: GET /session/ee8c0ad77c32eb6cf27ae9120157f0fa/element/f.4EEDEA8BBD1FF6E0A028415A04A49F5E.d.DB9F09A73F50443CDE42E6134081268F.e.4468/enabled - {}
COMMAND: GET /session/ee8c0ad77c32eb6cf27ae9120157f0fa/screenshot - {}
RESULT: {}
COMMAND: POST /session/ee8c0ad77c32eb6cf27ae9120157f0fa/execute/sync - {"script":"<script> [8489 bytes]","args":[{"element-6066-11e4-a52e-4f735466cecf":"f.4EEDEA8BBD1FF6E0A028415A04A49F5E.d.DB9F09A73F50443CDE42E6134081268F.e.4468","ELEMENT":"f.4EEDEA8BBD1FF6E0A028415A04A49F5E.d.DB9F09A73F50443CDE42E6134081268F.e.4468"}]}
COMMAND: GET /session/ee8c0ad77c32eb6cf27ae9120157f0fa/screenshot - {}
RESULT: {}
RESULT: {"script":"<script> [8489 bytes]","args":[{"element-6066-11e4-a52e-4f735466cecf":"f.4EEDEA8BBD1FF6E0A028415A04A49F5E.d.DB9F09A73F50443CDE42E6134081268F.e.4468","ELEMENT":"f.4EEDEA8BBD1FF6E0A028415A04A49F5E.d.DB9F09A73F50443CDE42E6134081268F.e.4468"}]}
COMMAND: POST /session/ee8c0ad77c32eb6cf27ae9120157f0fa/execute/sync - {"script":"<script> [5351 bytes]","args":[{"element-6066-11e4-a52e-4f735466cecf":"f.4EEDEA8BBD1FF6E0A028415A04A49F5E.d.DB9F09A73F50443CDE42E6134081268F.e.4468","ELEMENT":"f.4EEDEA8BBD1FF6E0A028415A04A49F5E.d.DB9F09A73F50443CDE42E6134081268F.e.4468"}]}
COMMAND: GET /session/ee8c0ad77c32eb6cf27ae9120157f0fa/screenshot - {}
RESULT: {}
RESULT: {"script":"<script> [5351 bytes]","args":[{"element-6066-11e4-a52e-4f735466cecf":"f.4EEDEA8BBD1FF6E0A028415A04A49F5E.d.DB9F09A73F50443CDE42E6134081268F.e.4468","ELEMENT":"f.4EEDEA8BBD1FF6E0A028415A04A49F5E.d.DB9F09A73F50443CDE42E6134081268F.e.4468"}]}
COMMAND: GET /session/ee8c0ad77c32eb6cf27ae9120157f0fa/screenshot - {}
RESULT: {}
RESULT: {}
COMMAND: POST /session/ee8c0ad77c32eb6cf27ae9120157f0fa/element/f.4EEDEA8BBD1FF6E0A028415A04A49F5E.d.DB9F09A73F50443CDE42E6134081268F.e.4468/click - {}
RESULT: {}
COMMAND: GET /session/ee8c0ad77c32eb6cf27ae9120157f0fa/screenshot - {}
COMMAND: POST /session/ee8c0ad77c32eb6cf27ae9120157f0fa/execute/async - {"script":"<script> [1562 bytes]","args":[{"selector":{"id":"application-managecontracts-display-component---AddNewContract--projectDescription","interaction":{"idSuffix":"inner"}},"wdio_ui5_key":"applicationmanagecontracts-display-component---AddNewContract--projectDescription"}]}
RESULT: {}
RESULT: {"script":"<script> [1562 bytes]","args":[{"selector":{"id":"application-managecontracts-display-component---AddNewContract--projectDescription","interaction":{"idSuffix":"inner"}},"wdio_ui5_key":"applicationmanagecontracts-display-component---AddNewContract--projectDescription"}]}
RESULT: undefined
COMMAND: POST /session/ee8c0ad77c32eb6cf27ae9120157f0fa/execute/async - {"script":"<script> [776 bytes]","args":[{"enterText":"Contract WDIO","selector":{"id":"application-managecontracts-display-component---AddNewContract--projectDescription","interaction":{"idSuffix":"inner"}},"clearTextFirst":true,"interactionType":"ENTER_TEXT"}]}
RESULT: {"script":"<script> [776 bytes]","args":[{"enterText":"Contract WDIO","selector":{"id":"application-managecontracts-display-component---AddNewContract--projectDescription","interaction":{"idSuffix":"inner"}},"clearTextFirst":true,"interactionType":"ENTER_TEXT"}]}
COMMAND: POST /session/ee8c0ad77c32eb6cf27ae9120157f0fa/element - {"using":"xpath","value":"//input[@id=\"application-managecontracts-display-component---AddNewContract--site-inner\"]"}
RESULT: {"using":"xpath","value":"//input[@id=\"application-managecontracts-display-component---AddNewContract--site-inner\"]"}
COMMAND: POST /session/ee8c0ad77c32eb6cf27ae9120157f0fa/element/f.4EEDEA8BBD1FF6E0A028415A04A49F5E.d.DB9F09A73F50443CDE42E6134081268F.e.4829/clear - {}
RESULT: {}
COMMAND: POST /session/ee8c0ad77c32eb6cf27ae9120157f0fa/element/f.4EEDEA8BBD1FF6E0A028415A04A49F5E.d.DB9F09A73F50443CDE42E6134081268F.e.4829/value - {"text":"2148"}
COMMAND: GET /session/ee8c0ad77c32eb6cf27ae9120157f0fa/screenshot - {}
RESULT: {"text":"2148"}
COMMAND: GET /session/ee8c0ad77c32eb6cf27ae9120157f0fa/screenshot - {}
RESULT: {}
RESULT: {}
COMMAND: POST /session/ee8c0ad77c32eb6cf27ae9120157f0fa/element - {"using":"xpath","value":"//li[.//span[text()='2148']]"}
RESULT: {"using":"xpath","value":"//li[.//span[text()='2148']]"}
COMMAND: POST /session/ee8c0ad77c32eb6cf27ae9120157f0fa/element/f.4EEDEA8BBD1FF6E0A028415A04A49F5E.d.DB9F09A73F50443CDE42E6134081268F.e.4856/click - {}
RESULT: {}
COMMAND: GET /session/ee8c0ad77c32eb6cf27ae9120157f0fa/screenshot - {}
RESULT: {}
COMMAND: POST /session/ee8c0ad77c32eb6cf27ae9120157f0fa/element - {"using":"xpath","value":"//input[@id=\"application-managecontracts-display-component---AddNewContract--yardId-inner\"]"}
RESULT: {"using":"xpath","value":"//input[@id=\"application-managecontracts-display-component---AddNewContract--yardId-inner\"]"}
COMMAND: GET /session/ee8c0ad77c32eb6cf27ae9120157f0fa/element/f.4EEDEA8BBD1FF6E0A028415A04A49F5E.d.DB9F09A73F50443CDE42E6134081268F.e.4830/property/value - {}
RESULT: {}
COMMAND: POST /session/ee8c0ad77c32eb6cf27ae9120157f0fa/element - {"using":"xpath","value":"//input[@id=\"application-managecontracts-display-component---AddNewContract--customerSelect-inner\"]"}
RESULT: {"using":"xpath","value":"//input[@id=\"application-managecontracts-display-component---AddNewContract--customerSelect-inner\"]"}
COMMAND: POST /session/ee8c0ad77c32eb6cf27ae9120157f0fa/element/f.4EEDEA8BBD1FF6E0A028415A04A49F5E.d.DB9F09A73F50443CDE42E6134081268F.e.4828/clear - {}
COMMAND: GET /session/ee8c0ad77c32eb6cf27ae9120157f0fa/screenshot - {}
RESULT: {}
COMMAND: POST /session/ee8c0ad77c32eb6cf27ae9120157f0fa/element/f.4EEDEA8BBD1FF6E0A028415A04A49F5E.d.DB9F09A73F50443CDE42E6134081268F.e.4828/value - {"text":"1180"}
COMMAND: GET /session/ee8c0ad77c32eb6cf27ae9120157f0fa/screenshot - {}
RESULT: {}
RESULT: {"text":"1180"}
COMMAND: GET /session/ee8c0ad77c32eb6cf27ae9120157f0fa/screenshot - {}
RESULT: {}
RESULT: {}
COMMAND: POST /session/ee8c0ad77c32eb6cf27ae9120157f0fa/element - {"using":"xpath","value":"//li[.//span[text()='1180']]"}
RESULT: {"using":"xpath","value":"//li[.//span[text()='1180']]"}
COMMAND: POST /session/ee8c0ad77c32eb6cf27ae9120157f0fa/element/f.4EEDEA8BBD1FF6E0A028415A04A49F5E.d.DB9F09A73F50443CDE42E6134081268F.e.4859/click - {}
RESULT: {}
COMMAND: GET /session/ee8c0ad77c32eb6cf27ae9120157f0fa/screenshot - {}
RESULT: {}
COMMAND: POST /session/ee8c0ad77c32eb6cf27ae9120157f0fa/element - {"using":"xpath","value":"//button[@data-kt=\"saveButton\"]"}
RESULT: {"using":"xpath","value":"//button[@data-kt=\"saveButton\"]"}
COMMAND: POST /session/ee8c0ad77c32eb6cf27ae9120157f0fa/element/f.4EEDEA8BBD1FF6E0A028415A04A49F5E.d.DB9F09A73F50443CDE42E6134081268F.e.4860/click - {}
RESULT: {}
COMMAND: GET /session/ee8c0ad77c32eb6cf27ae9120157f0fa/screenshot - {}
RESULT: {}
COMMAND: POST /session/ee8c0ad77c32eb6cf27ae9120157f0fa/element - {"using":"xpath","value":"//span[contains(@id ,\"contractDetailTitleNoExpanded\")]"}
RESULT: {"using":"xpath","value":"//span[contains(@id ,\"contractDetailTitleNoExpanded\")]"}
COMMAND: POST /session/ee8c0ad77c32eb6cf27ae9120157f0fa/elements - {"using":"xpath","value":"//span[contains(@id ,\"contractDetailTitleNoExpanded\")]"}
RESULT: {"using":"xpath","value":"//span[contains(@id ,\"contractDetailTitleNoExpanded\")]"}
COMMAND: POST /session/ee8c0ad77c32eb6cf27ae9120157f0fa/execute/sync - {"script":"<script> [56 bytes]","args":[{"element-6066-11e4-a52e-4f735466cecf":"f.4EEDEA8BBD1FF6E0A028415A04A49F5E.d.DB9F09A73F50443CDE42E6134081268F.e.4875","ELEMENT":"f.4EEDEA8BBD1FF6E0A028415A04A49F5E.d.DB9F09A73F50443CDE42E6134081268F.e.4875"}]}
RESULT: {"script":"<script> [56 bytes]","args":[{"element-6066-11e4-a52e-4f735466cecf":"f.4EEDEA8BBD1FF6E0A028415A04A49F5E.d.DB9F09A73F50443CDE42E6134081268F.e.4875","ELEMENT":"f.4EEDEA8BBD1FF6E0A028415A04A49F5E.d.DB9F09A73F50443CDE42E6134081268F.e.4875"}]}
COMMAND: GET /session/ee8c0ad77c32eb6cf27ae9120157f0fa/screenshot - {}
RESULT: {}
]]></system-out>
    </testcase>
    <testcase classname="chrome.136_0_7103_49.windows.Billing_confirm_US117289" name="Should add created equipment to contract" time="46.737">
      <system-out><![CDATA[
COMMAND: POST /session/ee8c0ad77c32eb6cf27ae9120157f0fa/element - {"using":"xpath","value":"//button[@data-kt=\"contractDetailEditBtnButton\"]"}
RESULT: {"using":"xpath","value":"//button[@data-kt=\"contractDetailEditBtnButton\"]"}
COMMAND: POST /session/ee8c0ad77c32eb6cf27ae9120157f0fa/element/f.4EEDEA8BBD1FF6E0A028415A04A49F5E.d.DB9F09A73F50443CDE42E6134081268F.e.4877/click - {}
RESULT: {}
COMMAND: GET /session/ee8c0ad77c32eb6cf27ae9120157f0fa/screenshot - {}
RESULT: {}
COMMAND: POST /session/ee8c0ad77c32eb6cf27ae9120157f0fa/element - {"using":"xpath","value":"(//span[contains(text(), \"Additional Addresses\")])[2]"}
RESULT: {"using":"xpath","value":"(//span[contains(text(), \"Additional Addresses\")])[2]"}
COMMAND: POST /session/ee8c0ad77c32eb6cf27ae9120157f0fa/element/f.4EEDEA8BBD1FF6E0A028415A04A49F5E.d.DB9F09A73F50443CDE42E6134081268F.e.4932/click - {}
RESULT: {}
COMMAND: GET /session/ee8c0ad77c32eb6cf27ae9120157f0fa/screenshot - {}
RESULT: {}
COMMAND: POST /session/ee8c0ad77c32eb6cf27ae9120157f0fa/element - {"using":"xpath","value":"//button[@data-kt=\"btnAddTableRowOverflowToolbarButton\"]"}
RESULT: {"using":"xpath","value":"//button[@data-kt=\"btnAddTableRowOverflowToolbarButton\"]"}
COMMAND: POST /session/ee8c0ad77c32eb6cf27ae9120157f0fa/element/f.4EEDEA8BBD1FF6E0A028415A04A49F5E.d.DB9F09A73F50443CDE42E6134081268F.e.4936/click - {}
RESULT: {}
COMMAND: GET /session/ee8c0ad77c32eb6cf27ae9120157f0fa/screenshot - {}
RESULT: {}
COMMAND: POST /session/ee8c0ad77c32eb6cf27ae9120157f0fa/element - {"using":"xpath","value":"//div[(text() = 'Standard Entry' or . = 'Standard Entry')]"}
RESULT: {"using":"xpath","value":"//div[(text() = 'Standard Entry' or . = 'Standard Entry')]"}
COMMAND: POST /session/ee8c0ad77c32eb6cf27ae9120157f0fa/element/f.4EEDEA8BBD1FF6E0A028415A04A49F5E.d.DB9F09A73F50443CDE42E6134081268F.e.4938/click - {}
RESULT: {}
COMMAND: GET /session/ee8c0ad77c32eb6cf27ae9120157f0fa/screenshot - {}
RESULT: {}
COMMAND: POST /session/ee8c0ad77c32eb6cf27ae9120157f0fa/element - {"using":"xpath","value":"//td[7]/div/div/input"}
RESULT: {"using":"xpath","value":"//td[7]/div/div/input"}
COMMAND: POST /session/ee8c0ad77c32eb6cf27ae9120157f0fa/element/f.4EEDEA8BBD1FF6E0A028415A04A49F5E.d.DB9F09A73F50443CDE42E6134081268F.e.4947/clear - {}
RESULT: {}
COMMAND: POST /session/ee8c0ad77c32eb6cf27ae9120157f0fa/element/f.4EEDEA8BBD1FF6E0A028415A04A49F5E.d.DB9F09A73F50443CDE42E6134081268F.e.4947/value - {"text":"FvjAjrKI32"}
COMMAND: GET /session/ee8c0ad77c32eb6cf27ae9120157f0fa/screenshot - {}
RESULT: {"text":"FvjAjrKI32"}
COMMAND: GET /session/ee8c0ad77c32eb6cf27ae9120157f0fa/screenshot - {}
RESULT: {}
RESULT: {}
COMMAND: POST /session/ee8c0ad77c32eb6cf27ae9120157f0fa/actions - {"actions":[{"id":"action18","type":"key","parameters":{},"actions":[{"type":"keyDown","value":"î€‡"},{"type":"pause","duration":10},{"type":"keyUp","value":"î€‡"}]}]}
RESULT: {"actions":[{"id":"action18","type":"key","parameters":{},"actions":[{"type":"keyDown","value":"î€‡"},{"type":"pause","duration":10},{"type":"keyUp","value":"î€‡"}]}]}
COMMAND: GET /session/ee8c0ad77c32eb6cf27ae9120157f0fa/screenshot - {}
COMMAND: POST /session/ee8c0ad77c32eb6cf27ae9120157f0fa/execute/sync - {"script":"<script> [276 bytes]","args":["No pricing information was found"]}
RESULT: {}
RESULT: {"script":"<script> [276 bytes]","args":["No pricing information was found"]}
COMMAND: POST /session/ee8c0ad77c32eb6cf27ae9120157f0fa/element - {"using":"xpath","value":"(//button[@data-kt=\"saveButton\"])[2]"}
COMMAND: GET /session/ee8c0ad77c32eb6cf27ae9120157f0fa/screenshot - {}
RESULT: {"using":"xpath","value":"(//button[@data-kt=\"saveButton\"])[2]"}
COMMAND: POST /session/ee8c0ad77c32eb6cf27ae9120157f0fa/element/f.4EEDEA8BBD1FF6E0A028415A04A49F5E.d.DB9F09A73F50443CDE42E6134081268F.e.4962/click - {}
RESULT: {}
RESULT: {}
COMMAND: GET /session/ee8c0ad77c32eb6cf27ae9120157f0fa/screenshot - {}
RESULT: {}
COMMAND: POST /session/ee8c0ad77c32eb6cf27ae9120157f0fa/execute/sync - {"script":"<script> [276 bytes]","args":["Some contract items are having rental validity exceeding header rental validity"]}
RESULT: {"script":"<script> [276 bytes]","args":["Some contract items are having rental validity exceeding header rental validity"]}
COMMAND: GET /session/ee8c0ad77c32eb6cf27ae9120157f0fa/screenshot - {}
RESULT: {}
COMMAND: POST /session/ee8c0ad77c32eb6cf27ae9120157f0fa/element - {"using":"xpath","value":"//span[contains(@id ,\"contractItemsSmartTable-header-inner\")]"}
RESULT: {"using":"xpath","value":"//span[contains(@id ,\"contractItemsSmartTable-header-inner\")]"}
COMMAND: POST /session/ee8c0ad77c32eb6cf27ae9120157f0fa/elements - {"using":"xpath","value":"//span[contains(@id ,\"contractItemsSmartTable-header-inner\")]"}
RESULT: {"using":"xpath","value":"//span[contains(@id ,\"contractItemsSmartTable-header-inner\")]"}
COMMAND: POST /session/ee8c0ad77c32eb6cf27ae9120157f0fa/execute/sync - {"script":"<script> [56 bytes]","args":[{"element-6066-11e4-a52e-4f735466cecf":"f.4EEDEA8BBD1FF6E0A028415A04A49F5E.d.DB9F09A73F50443CDE42E6134081268F.e.4967","ELEMENT":"f.4EEDEA8BBD1FF6E0A028415A04A49F5E.d.DB9F09A73F50443CDE42E6134081268F.e.4967"}]}
RESULT: {"script":"<script> [56 bytes]","args":[{"element-6066-11e4-a52e-4f735466cecf":"f.4EEDEA8BBD1FF6E0A028415A04A49F5E.d.DB9F09A73F50443CDE42E6134081268F.e.4967","ELEMENT":"f.4EEDEA8BBD1FF6E0A028415A04A49F5E.d.DB9F09A73F50443CDE42E6134081268F.e.4967"}]}
]]></system-out>
    </testcase>
    <testcase classname="chrome.136_0_7103_49.windows.Billing_confirm_US117289" name="Should do a provide to site handover" time="75.848">
      <system-out><![CDATA[
COMMAND: GET /session/ee8c0ad77c32eb6cf27ae9120157f0fa/screenshot - {}
COMMAND: POST /session/ee8c0ad77c32eb6cf27ae9120157f0fa/element - {"using":"xpath","value":"//button[@data-kt=\"provideButton\"]"}
RESULT: {}
RESULT: {"using":"xpath","value":"//button[@data-kt=\"provideButton\"]"}
COMMAND: POST /session/ee8c0ad77c32eb6cf27ae9120157f0fa/element/f.4EEDEA8BBD1FF6E0A028415A04A49F5E.d.DB9F09A73F50443CDE42E6134081268F.e.4968/click - {}
RESULT: {}
COMMAND: GET /session/ee8c0ad77c32eb6cf27ae9120157f0fa/screenshot - {}
RESULT: {}
RESULT: undefined
COMMAND: POST /session/ee8c0ad77c32eb6cf27ae9120157f0fa/execute/async - {"script":"<script> [6424 bytes]","args":[{"element-6066-11e4-a52e-4f735466cecf":"f.4EEDEA8BBD1FF6E0A028415A04A49F5E.d.DB9F09A73F50443CDE42E6134081268F.e.4023"},"setValue",["5/14/25"]]}
COMMAND: POST /session/ee8c0ad77c32eb6cf27ae9120157f0fa/execute/async - {"script":"<script> [1562 bytes]","args":[{"selector":{"id":"application-managehandovers-display-component---AddNewHO--dueDate","interaction":{"idSuffix":"inner"}},"wdio_ui5_key":"applicationmanagehandovers-display-component---AddNewHO--dueDate"}]}
RESULT: {"script":"<script> [1562 bytes]","args":[{"selector":{"id":"application-managehandovers-display-component---AddNewHO--dueDate","interaction":{"idSuffix":"inner"}},"wdio_ui5_key":"applicationmanagehandovers-display-component---AddNewHO--dueDate"}]}
COMMAND: POST /session/ee8c0ad77c32eb6cf27ae9120157f0fa/execute/async - {"script":"<script> [6424 bytes]","args":[{"element-6066-11e4-a52e-4f735466cecf":"f.4EEDEA8BBD1FF6E0A028415A04A49F5E.d.DB9F09A73F50443CDE42E6134081268F.e.5058"},"setValue",["5/14/25"]]}
RESULT: {"script":"<script> [6424 bytes]","args":[{"element-6066-11e4-a52e-4f735466cecf":"f.4EEDEA8BBD1FF6E0A028415A04A49F5E.d.DB9F09A73F50443CDE42E6134081268F.e.5058"},"setValue",["5/14/25"]]}
COMMAND: POST /session/ee8c0ad77c32eb6cf27ae9120157f0fa/element - {"using":"xpath","value":"//bdi[contains(text(), \"Instructions\")]"}
RESULT: {"using":"xpath","value":"//bdi[contains(text(), \"Instructions\")]"}
COMMAND: POST /session/ee8c0ad77c32eb6cf27ae9120157f0fa/element/f.4EEDEA8BBD1FF6E0A028415A04A49F5E.d.DB9F09A73F50443CDE42E6134081268F.e.5273/click - {}
RESULT: {}
COMMAND: GET /session/ee8c0ad77c32eb6cf27ae9120157f0fa/screenshot - {}
RESULT: {}
COMMAND: POST /session/ee8c0ad77c32eb6cf27ae9120157f0fa/element - {"using":"xpath","value":"//button[@data-kt=\"AddNewHOProvideAddItemsButton\"]"}
RESULT: {"using":"xpath","value":"//button[@data-kt=\"AddNewHOProvideAddItemsButton\"]"}
COMMAND: POST /session/ee8c0ad77c32eb6cf27ae9120157f0fa/element/f.4EEDEA8BBD1FF6E0A028415A04A49F5E.d.DB9F09A73F50443CDE42E6134081268F.e.5277/click - {}
RESULT: {}
COMMAND: GET /session/ee8c0ad77c32eb6cf27ae9120157f0fa/screenshot - {}
RESULT: {}
RESULT: undefined
COMMAND: POST /session/ee8c0ad77c32eb6cf27ae9120157f0fa/element - {"using":"xpath","value":"//*[@id=\"application-managehandovers-display-component---AddNewHO--popup-sa\"]"}
RESULT: {"using":"xpath","value":"//*[@id=\"application-managehandovers-display-component---AddNewHO--popup-sa\"]"}
COMMAND: POST /session/ee8c0ad77c32eb6cf27ae9120157f0fa/element/f.4EEDEA8BBD1FF6E0A028415A04A49F5E.d.DB9F09A73F50443CDE42E6134081268F.e.5293/click - {}
RESULT: {}
COMMAND: GET /session/ee8c0ad77c32eb6cf27ae9120157f0fa/screenshot - {}
RESULT: {}
COMMAND: POST /session/ee8c0ad77c32eb6cf27ae9120157f0fa/element - {"using":"xpath","value":"//*[contains(@id ,\"BDI-content\")][contains(text(), \"Select\")]"}
RESULT: {"using":"xpath","value":"//*[contains(@id ,\"BDI-content\")][contains(text(), \"Select\")]"}
COMMAND: POST /session/ee8c0ad77c32eb6cf27ae9120157f0fa/element/f.4EEDEA8BBD1FF6E0A028415A04A49F5E.d.DB9F09A73F50443CDE42E6134081268F.e.5294/click - {}
RESULT: {}
COMMAND: GET /session/ee8c0ad77c32eb6cf27ae9120157f0fa/screenshot - {}
RESULT: {}
COMMAND: POST /session/ee8c0ad77c32eb6cf27ae9120157f0fa/execute/async - {"script":"<script> [1562 bytes]","args":[{"selector":{"id":"application-managehandovers-display-component---AddNewHO--confirmCreationButton","interaction":{"idSuffix":"BDI-content"}},"wdio_ui5_key":"applicationmanagehandovers-display-component---AddNewHO--confirmCreationButton"}]}
RESULT: {"script":"<script> [1562 bytes]","args":[{"selector":{"id":"application-managehandovers-display-component---AddNewHO--confirmCreationButton","interaction":{"idSuffix":"BDI-content"}},"wdio_ui5_key":"applicationmanagehandovers-display-component---AddNewHO--confirmCreationButton"}]}
RESULT: undefined
COMMAND: POST /session/ee8c0ad77c32eb6cf27ae9120157f0fa/element - {"using":"xpath","value":"//*[@id=\"application-managehandovers-display-component---AddNewHO--confirmCreationButton\"]"}
RESULT: {"using":"xpath","value":"//*[@id=\"application-managehandovers-display-component---AddNewHO--confirmCreationButton\"]"}
COMMAND: POST /session/ee8c0ad77c32eb6cf27ae9120157f0fa/element/f.4EEDEA8BBD1FF6E0A028415A04A49F5E.d.DB9F09A73F50443CDE42E6134081268F.e.5103/click - {}
RESULT: {}
COMMAND: GET /session/ee8c0ad77c32eb6cf27ae9120157f0fa/screenshot - {}
RESULT: {}
COMMAND: POST /session/ee8c0ad77c32eb6cf27ae9120157f0fa/execute/async - {"script":"<script> [1562 bytes]","args":[{"selector":{"id":"issueDatePicker","viewName":"etm.portal.ui.managehandovers.view.DetailExecuteHO","interaction":{"idSuffix":"inner"}},"wdio_ui5_key":"issueDatePickeretmportal.ui.managehandovers.view.DetailExecuteHO"}]}
RESULT: {"script":"<script> [1562 bytes]","args":[{"selector":{"id":"issueDatePicker","viewName":"etm.portal.ui.managehandovers.view.DetailExecuteHO","interaction":{"idSuffix":"inner"}},"wdio_ui5_key":"issueDatePickeretmportal.ui.managehandovers.view.DetailExecuteHO"}]}
RESULT: undefined
COMMAND: POST /session/ee8c0ad77c32eb6cf27ae9120157f0fa/execute/async - {"script":"<script> [776 bytes]","args":[{"enterText":"5/14/25","selector":{"id":"issueDatePicker","viewName":"etm.portal.ui.managehandovers.view.DetailExecuteHO","interaction":{"idSuffix":"inner"}},"clearTextFirst":true,"interactionType":"ENTER_TEXT"}]}
RESULT: {"script":"<script> [776 bytes]","args":[{"enterText":"5/14/25","selector":{"id":"issueDatePicker","viewName":"etm.portal.ui.managehandovers.view.DetailExecuteHO","interaction":{"idSuffix":"inner"}},"clearTextFirst":true,"interactionType":"ENTER_TEXT"}]}
COMMAND: POST /session/ee8c0ad77c32eb6cf27ae9120157f0fa/element - {"using":"xpath","value":"//bdi[contains(text(), \"OK\")]"}
RESULT: {"using":"xpath","value":"//bdi[contains(text(), \"OK\")]"}
COMMAND: POST /session/ee8c0ad77c32eb6cf27ae9120157f0fa/element/f.4EEDEA8BBD1FF6E0A028415A04A49F5E.d.DB9F09A73F50443CDE42E6134081268F.e.5340/click - {}
RESULT: {}
COMMAND: GET /session/ee8c0ad77c32eb6cf27ae9120157f0fa/screenshot - {}
RESULT: {}
COMMAND: POST /session/ee8c0ad77c32eb6cf27ae9120157f0fa/element - {"using":"xpath","value":"//button[@data-kt=\"PickingTableConfirmAllButton\"]"}
RESULT: {"using":"xpath","value":"//button[@data-kt=\"PickingTableConfirmAllButton\"]"}
COMMAND: POST /session/ee8c0ad77c32eb6cf27ae9120157f0fa/element/f.4EEDEA8BBD1FF6E0A028415A04A49F5E.d.DB9F09A73F50443CDE42E6134081268F.e.5348/click - {}
RESULT: {}
COMMAND: GET /session/ee8c0ad77c32eb6cf27ae9120157f0fa/screenshot - {}
RESULT: {}
COMMAND: POST /session/ee8c0ad77c32eb6cf27ae9120157f0fa/element - {"using":"xpath","value":"//bdi[contains(text(), \"OK\")]"}
RESULT: {"using":"xpath","value":"//bdi[contains(text(), \"OK\")]"}
COMMAND: POST /session/ee8c0ad77c32eb6cf27ae9120157f0fa/element/f.4EEDEA8BBD1FF6E0A028415A04A49F5E.d.DB9F09A73F50443CDE42E6134081268F.e.5352/click - {}
RESULT: {}
COMMAND: GET /session/ee8c0ad77c32eb6cf27ae9120157f0fa/screenshot - {}
RESULT: {}
COMMAND: POST /session/ee8c0ad77c32eb6cf27ae9120157f0fa/element - {"using":"xpath","value":"//bdi[contains(text(), \"Issue\")]"}
RESULT: {"using":"xpath","value":"//bdi[contains(text(), \"Issue\")]"}
COMMAND: POST /session/ee8c0ad77c32eb6cf27ae9120157f0fa/element/f.4EEDEA8BBD1FF6E0A028415A04A49F5E.d.DB9F09A73F50443CDE42E6134081268F.e.5353/click - {}
RESULT: {}
COMMAND: GET /session/ee8c0ad77c32eb6cf27ae9120157f0fa/screenshot - {}
RESULT: {}
COMMAND: POST /session/ee8c0ad77c32eb6cf27ae9120157f0fa/element - {"using":"css selector","value":"#shell-header-logo"}
RESULT: {"using":"css selector","value":"#shell-header-logo"}
COMMAND: POST /session/ee8c0ad77c32eb6cf27ae9120157f0fa/element/f.4EEDEA8BBD1FF6E0A028415A04A49F5E.d.DB9F09A73F50443CDE42E6134081268F.e.4418/click - {}
RESULT: {}
COMMAND: GET /session/ee8c0ad77c32eb6cf27ae9120157f0fa/screenshot - {}
]]></system-out>
    </testcase>
    <testcase classname="chrome.136_0_7103_49.windows.Billing_confirm_US117289" name="Should trigger calculation" time="84.905">
      <system-out><![CDATA[
COMMAND: POST /session/ee8c0ad77c32eb6cf27ae9120157f0fa/execute/async - {"script":"<script> [1562 bytes]","args":[{"selector":{"controlType":"sap.m.GenericTile","properties":{"header":"Manage Billings"}},"wdio_ui5_key":"sapm.GenericTile{\"header\":\"Manage Billings\"}"}]}
RESULT: {}
RESULT: {"script":"<script> [1562 bytes]","args":[{"selector":{"controlType":"sap.m.GenericTile","properties":{"header":"Manage Billings"}},"wdio_ui5_key":"sapm.GenericTile{\"header\":\"Manage Billings\"}"}]}
RESULT: undefined
COMMAND: POST /session/ee8c0ad77c32eb6cf27ae9120157f0fa/element - {"using":"xpath","value":"//*[@id=\"__tile51\"]"}
RESULT: {"using":"xpath","value":"//*[@id=\"__tile51\"]"}
COMMAND: POST /session/ee8c0ad77c32eb6cf27ae9120157f0fa/element/f.4EEDEA8BBD1FF6E0A028415A04A49F5E.d.DB9F09A73F50443CDE42E6134081268F.e.212/click - {}
RESULT: {}
COMMAND: GET /session/ee8c0ad77c32eb6cf27ae9120157f0fa/screenshot - {}
RESULT: {}
COMMAND: POST /session/ee8c0ad77c32eb6cf27ae9120157f0fa/elements - {"using":"xpath","value":"//span[text()='Error']"}
RESULT: {"using":"xpath","value":"//span[text()='Error']"}
COMMAND: POST /session/ee8c0ad77c32eb6cf27ae9120157f0fa/execute/async - {"script":"<script> [1562 bytes]","args":[{"selector":{"id":"application-managebillings-display-component---billRunCalcResult--smartFilterBar-btnBasicSearch","interaction":{"idSuffix":"I"}},"wdio_ui5_key":"applicationmanagebillings-display-component---billRunCalcResult--smartFilterBar-btnBasicSearch"}]}
RESULT: {"script":"<script> [1562 bytes]","args":[{"selector":{"id":"application-managebillings-display-component---billRunCalcResult--smartFilterBar-btnBasicSearch","interaction":{"idSuffix":"I"}},"wdio_ui5_key":"applicationmanagebillings-display-component---billRunCalcResult--smartFilterBar-btnBasicSearch"}]}
RESULT: undefined
COMMAND: POST /session/ee8c0ad77c32eb6cf27ae9120157f0fa/execute/async - {"script":"<script> [776 bytes]","args":[{"enterText":"10212","selector":{"id":"application-managebillings-display-component---billRunCalcResult--smartFilterBar-btnBasicSearch","interaction":{"idSuffix":"I"}},"clearTextFirst":true,"interactionType":"ENTER_TEXT"}]}
RESULT: {"script":"<script> [776 bytes]","args":[{"enterText":"10212","selector":{"id":"application-managebillings-display-component---billRunCalcResult--smartFilterBar-btnBasicSearch","interaction":{"idSuffix":"I"}},"clearTextFirst":true,"interactionType":"ENTER_TEXT"}]}
COMMAND: POST /session/ee8c0ad77c32eb6cf27ae9120157f0fa/actions - {"actions":[{"id":"action19","type":"key","parameters":{},"actions":[{"type":"keyDown","value":"î€‡"},{"type":"pause","duration":10},{"type":"keyUp","value":"î€‡"}]}]}
RESULT: {"actions":[{"id":"action19","type":"key","parameters":{},"actions":[{"type":"keyDown","value":"î€‡"},{"type":"pause","duration":10},{"type":"keyUp","value":"î€‡"}]}]}
COMMAND: GET /session/ee8c0ad77c32eb6cf27ae9120157f0fa/screenshot - {}
RESULT: {}
COMMAND: POST /session/ee8c0ad77c32eb6cf27ae9120157f0fa/element - {"using":"xpath","value":"//td[@aria-colindex=\"1\"]/div/div[contains(@class, \"sapMCbBg\")]"}
RESULT: {"using":"xpath","value":"//td[@aria-colindex=\"1\"]/div/div[contains(@class, \"sapMCbBg\")]"}
COMMAND: POST /session/ee8c0ad77c32eb6cf27ae9120157f0fa/element/f.4EEDEA8BBD1FF6E0A028415A04A49F5E.d.DB9F09A73F50443CDE42E6134081268F.e.5735/click - {}
RESULT: {}
COMMAND: GET /session/ee8c0ad77c32eb6cf27ae9120157f0fa/screenshot - {}
RESULT: {}
COMMAND: POST /session/ee8c0ad77c32eb6cf27ae9120157f0fa/execute/async - {"script":"<script> [1562 bytes]","args":[{"selector":{"id":"application-managebillings-display-component---billRunCalcResult--contractBillRunDate","interaction":{"idSuffix":"inner"}},"wdio_ui5_key":"applicationmanagebillings-display-component---billRunCalcResult--contractBillRunDate"}]}
RESULT: {"script":"<script> [1562 bytes]","args":[{"selector":{"id":"application-managebillings-display-component---billRunCalcResult--contractBillRunDate","interaction":{"idSuffix":"inner"}},"wdio_ui5_key":"applicationmanagebillings-display-component---billRunCalcResult--contractBillRunDate"}]}
RESULT: undefined
COMMAND: POST /session/ee8c0ad77c32eb6cf27ae9120157f0fa/execute/async - {"script":"<script> [776 bytes]","args":[{"enterText":"6/14/25","selector":{"id":"application-managebillings-display-component---billRunCalcResult--contractBillRunDate","interaction":{"idSuffix":"inner"}},"clearTextFirst":true,"interactionType":"ENTER_TEXT"}]}
RESULT: {"script":"<script> [776 bytes]","args":[{"enterText":"6/14/25","selector":{"id":"application-managebillings-display-component---billRunCalcResult--contractBillRunDate","interaction":{"idSuffix":"inner"}},"clearTextFirst":true,"interactionType":"ENTER_TEXT"}]}
COMMAND: POST /session/ee8c0ad77c32eb6cf27ae9120157f0fa/element - {"using":"xpath","value":"//bdi[contains(text(), \"Trigger Calculation\")]"}
RESULT: {"using":"xpath","value":"//bdi[contains(text(), \"Trigger Calculation\")]"}
COMMAND: POST /session/ee8c0ad77c32eb6cf27ae9120157f0fa/element/f.4EEDEA8BBD1FF6E0A028415A04A49F5E.d.DB9F09A73F50443CDE42E6134081268F.e.5756/click - {}
RESULT: {}
COMMAND: GET /session/ee8c0ad77c32eb6cf27ae9120157f0fa/screenshot - {}
RESULT: {}
COMMAND: POST /session/ee8c0ad77c32eb6cf27ae9120157f0fa/element - {"using":"xpath","value":"(//span[contains(@id, \"imgNav\")])[1]"}
RESULT: {"using":"xpath","value":"(//span[contains(@id, \"imgNav\")])[1]"}
COMMAND: POST /session/ee8c0ad77c32eb6cf27ae9120157f0fa/element/f.4EEDEA8BBD1FF6E0A028415A04A49F5E.d.DB9F09A73F50443CDE42E6134081268F.e.5749/click - {}
RESULT: {}
COMMAND: GET /session/ee8c0ad77c32eb6cf27ae9120157f0fa/screenshot - {}
RESULT: {}
COMMAND: POST /session/ee8c0ad77c32eb6cf27ae9120157f0fa/element - {"using":"xpath","value":"//tr/td[6]/div[1]/span[1]/span[1]"}
RESULT: {"using":"xpath","value":"//tr/td[6]/div[1]/span[1]/span[1]"}
COMMAND: GET /session/ee8c0ad77c32eb6cf27ae9120157f0fa/element/f.4EEDEA8BBD1FF6E0A028415A04A49F5E.d.DB9F09A73F50443CDE42E6134081268F.e.5760/text - {}
RESULT: {}
COMMAND: POST /session/ee8c0ad77c32eb6cf27ae9120157f0fa/element - {"using":"xpath","value":"(//span[contains(@id, \"imgNav\")])[2]"}
RESULT: {"using":"xpath","value":"(//span[contains(@id, \"imgNav\")])[2]"}
COMMAND: POST /session/ee8c0ad77c32eb6cf27ae9120157f0fa/element/f.4EEDEA8BBD1FF6E0A028415A04A49F5E.d.DB9F09A73F50443CDE42E6134081268F.e.5761/click - {}
RESULT: {}
COMMAND: GET /session/ee8c0ad77c32eb6cf27ae9120157f0fa/screenshot - {}
RESULT: {}
COMMAND: POST /session/ee8c0ad77c32eb6cf27ae9120157f0fa/element - {"using":"xpath","value":"//bdi[contains(text(), \"Business Confirm\")]"}
RESULT: {"using":"xpath","value":"//bdi[contains(text(), \"Business Confirm\")]"}
COMMAND: POST /session/ee8c0ad77c32eb6cf27ae9120157f0fa/element/f.4EEDEA8BBD1FF6E0A028415A04A49F5E.d.DB9F09A73F50443CDE42E6134081268F.e.5833/click - {}
RESULT: {}
COMMAND: GET /session/ee8c0ad77c32eb6cf27ae9120157f0fa/screenshot - {}
RESULT: {}
COMMAND: POST /session/ee8c0ad77c32eb6cf27ae9120157f0fa/element - {"using":"xpath","value":"//bdi[contains(text(), \"Business Confirmed\")]"}
RESULT: {"using":"xpath","value":"//bdi[contains(text(), \"Business Confirmed\")]"}
COMMAND: POST /session/ee8c0ad77c32eb6cf27ae9120157f0fa/execute/sync - {"script":"<script> [56 bytes]","args":[{"element-6066-11e4-a52e-4f735466cecf":"f.4EEDEA8BBD1FF6E0A028415A04A49F5E.d.DB9F09A73F50443CDE42E6134081268F.e.5833","ELEMENT":"f.4EEDEA8BBD1FF6E0A028415A04A49F5E.d.DB9F09A73F50443CDE42E6134081268F.e.5833"}]}
RESULT: {"script":"<script> [56 bytes]","args":[{"element-6066-11e4-a52e-4f735466cecf":"f.4EEDEA8BBD1FF6E0A028415A04A49F5E.d.DB9F09A73F50443CDE42E6134081268F.e.5833","ELEMENT":"f.4EEDEA8BBD1FF6E0A028415A04A49F5E.d.DB9F09A73F50443CDE42E6134081268F.e.5833"}]}
COMMAND: POST /session/ee8c0ad77c32eb6cf27ae9120157f0fa/element - {"using":"css selector","value":"#shell-header-logo"}
COMMAND: GET /session/ee8c0ad77c32eb6cf27ae9120157f0fa/screenshot - {}
RESULT: {"using":"css selector","value":"#shell-header-logo"}
COMMAND: POST /session/ee8c0ad77c32eb6cf27ae9120157f0fa/element/f.4EEDEA8BBD1FF6E0A028415A04A49F5E.d.DB9F09A73F50443CDE42E6134081268F.e.5528/click - {}
RESULT: {}
RESULT: {}
COMMAND: GET /session/ee8c0ad77c32eb6cf27ae9120157f0fa/screenshot - {}
RESULT: {}
COMMAND: POST /session/ee8c0ad77c32eb6cf27ae9120157f0fa/element - {"using":"css selector","value":"#j_username"}
COMMAND: POST /session/ee8c0ad77c32eb6cf27ae9120157f0fa/url - {"url":"https://qa-testing-00-live-etm-ui.cfapps.eu10-004.hana.ondemand.com/"}
RESULT: {"using":"css selector","value":"#j_username"}
COMMAND: POST /session/ee8c0ad77c32eb6cf27ae9120157f0fa/element - {"using":"css selector","value":"#j_username"}
RESULT: {"url":"https://qa-testing-00-live-etm-ui.cfapps.eu10-004.hana.ondemand.com/"}
RESULT: undefined
COMMAND: GET /session/ee8c0ad77c32eb6cf27ae9120157f0fa/screenshot - {}
RESULT: {"using":"css selector","value":"#j_username"}
COMMAND: POST /session/ee8c0ad77c32eb6cf27ae9120157f0fa/element - {"using":"css selector","value":"#shell-header-logo"}
RESULT: {}
RESULT: {"using":"css selector","value":"#shell-header-logo"}
COMMAND: POST /session/ee8c0ad77c32eb6cf27ae9120157f0fa/execute/sync - {"script":"<script> [8489 bytes]","args":[{"element-6066-11e4-a52e-4f735466cecf":"f.4EEDEA8BBD1FF6E0A028415A04A49F5E.d.41096EAC2576895E5972C1EA95E01202.e.5848","ELEMENT":"f.4EEDEA8BBD1FF6E0A028415A04A49F5E.d.41096EAC2576895E5972C1EA95E01202.e.5848"}]}
RESULT: {"script":"<script> [8489 bytes]","args":[{"element-6066-11e4-a52e-4f735466cecf":"f.4EEDEA8BBD1FF6E0A028415A04A49F5E.d.41096EAC2576895E5972C1EA95E01202.e.5848","ELEMENT":"f.4EEDEA8BBD1FF6E0A028415A04A49F5E.d.41096EAC2576895E5972C1EA95E01202.e.5848"}]}
COMMAND: POST /session/ee8c0ad77c32eb6cf27ae9120157f0fa/element - {"using":"css selector","value":"#shell-header-logo"}
COMMAND: GET /session/ee8c0ad77c32eb6cf27ae9120157f0fa/screenshot - {}
RESULT: {"using":"css selector","value":"#shell-header-logo"}
COMMAND: POST /session/ee8c0ad77c32eb6cf27ae9120157f0fa/execute/sync - {"script":"<script> [8489 bytes]","args":[{"element-6066-11e4-a52e-4f735466cecf":"f.4EEDEA8BBD1FF6E0A028415A04A49F5E.d.41096EAC2576895E5972C1EA95E01202.e.5848","ELEMENT":"f.4EEDEA8BBD1FF6E0A028415A04A49F5E.d.41096EAC2576895E5972C1EA95E01202.e.5848"}]}
RESULT: {}
RESULT: {"script":"<script> [8489 bytes]","args":[{"element-6066-11e4-a52e-4f735466cecf":"f.4EEDEA8BBD1FF6E0A028415A04A49F5E.d.41096EAC2576895E5972C1EA95E01202.e.5848","ELEMENT":"f.4EEDEA8BBD1FF6E0A028415A04A49F5E.d.41096EAC2576895E5972C1EA95E01202.e.5848"}]}
COMMAND: POST /session/ee8c0ad77c32eb6cf27ae9120157f0fa/execute/sync - {"script":"<script> [5351 bytes]","args":[{"element-6066-11e4-a52e-4f735466cecf":"f.4EEDEA8BBD1FF6E0A028415A04A49F5E.d.41096EAC2576895E5972C1EA95E01202.e.5848","ELEMENT":"f.4EEDEA8BBD1FF6E0A028415A04A49F5E.d.41096EAC2576895E5972C1EA95E01202.e.5848"}]}
COMMAND: GET /session/ee8c0ad77c32eb6cf27ae9120157f0fa/screenshot - {}
RESULT: {"script":"<script> [5351 bytes]","args":[{"element-6066-11e4-a52e-4f735466cecf":"f.4EEDEA8BBD1FF6E0A028415A04A49F5E.d.41096EAC2576895E5972C1EA95E01202.e.5848","ELEMENT":"f.4EEDEA8BBD1FF6E0A028415A04A49F5E.d.41096EAC2576895E5972C1EA95E01202.e.5848"}]}
COMMAND: POST /session/ee8c0ad77c32eb6cf27ae9120157f0fa/element - {"using":"css selector","value":"#shell-header-logo"}
COMMAND: GET /session/ee8c0ad77c32eb6cf27ae9120157f0fa/screenshot - {}
RESULT: {}
RESULT: {"using":"css selector","value":"#shell-header-logo"}
COMMAND: POST /session/ee8c0ad77c32eb6cf27ae9120157f0fa/element/f.4EEDEA8BBD1FF6E0A028415A04A49F5E.d.41096EAC2576895E5972C1EA95E01202.e.5848/click - {}
RESULT: {}
RESULT: {}
COMMAND: GET /session/ee8c0ad77c32eb6cf27ae9120157f0fa/screenshot - {}
RESULT: {}
COMMAND: POST /session/ee8c0ad77c32eb6cf27ae9120157f0fa/execute/async - {"script":"<script> [189 bytes]","args":[]}
RESULT: {"script":"<script> [189 bytes]","args":[]}
COMMAND: POST /session/ee8c0ad77c32eb6cf27ae9120157f0fa/execute/async - {"script":"<script> [123 bytes]","args":[]}
RESULT: {"script":"<script> [123 bytes]","args":[]}
COMMAND: POST /session/ee8c0ad77c32eb6cf27ae9120157f0fa/timeouts - {"script":"<number>"}
RESULT: {"script":"<number>"}
COMMAND: GET /session/ee8c0ad77c32eb6cf27ae9120157f0fa/timeouts - {}
RESULT: {}
RESULT: undefined
COMMAND: POST /session/ee8c0ad77c32eb6cf27ae9120157f0fa/execute/async - {"script":"<script> [2676 bytes]","args":[]}
RESULT: {"script":"<script> [2676 bytes]","args":[]}
COMMAND: POST /session/ee8c0ad77c32eb6cf27ae9120157f0fa/execute/async - {"script":"<script> [2342 bytes]","args":[{"protocol":"http","hostname":"0.0.0.0","path":"/","capabilities":{"browserName":"chrome","goog:chromeOptions":{"binary":"C:\\Program Files\\Google\\Chrome\\Application\\chrome.exe","args":["--start-maximized"]}},"logLevel":"warn","connectionRetryTimeout":120000,"connectionRetryCount":3,"logLevels":{},"enableDirectConnect":true,"strictSSL":true,"_":"65 more keys: [\"cacheDir\",\"port\",\"requestedCapabilities\",\"automationProtocol\",\"baseUrl\",\"waitforInterval\",\"waitforTimeout\",\"onReload\",\"beforeCommand\",\"afterCommand\",\"rootDir\",\"specs\",\"suites\",\"exclude\",\"groupLogsByTestSpec\",\"excludeDriverLogs\",\"bail\",\"framework\",\"reporters\",\"services\",\"maxInstances\",\"maxInstancesPerCapability\",\"injectGlobals\",\"filesToWatch\",\"execArgv\",\"runnerEnv\",\"runner\",\"shard\",\"specFileRetries\",\"specFileRetriesDelay\",\"specFileRetriesDeferred\",\"reporterSyncInterval\",\"reporterSyncTimeout\",\"cucumberFeaturesWithLineNumbers\",\"autoCompileOpts\",\"mochaOpts\",\"jasmineOpts\",\"cucumberOpts\",\"onPrepare\",\"onWorkerStart\",\"onWorkerEnd\",\"before\",\"beforeSession\",\"beforeSuite\",\"beforeHook\",\"beforeTest\",\"afterTest\",\"afterHook\",\"afterSuite\",\"afterSession\",\"after\",\"onComplete\",\"beforeAssertion\",\"afterAssertion\",\"beforeFeature\",\"beforeScenario\",\"beforeStep\",\"afterStep\",\"afterScenario\",\"afterFeature\",\"_\",\"suite\",\"$0\",\"ignoredWorkerServices\",\"wdi5\"]"}]}
RESULT: {"script":"<script> [2342 bytes]","args":[{"protocol":"http","hostname":"0.0.0.0","path":"/","capabilities":{"browserName":"chrome","goog:chromeOptions":{"binary":"C:\\Program Files\\Google\\Chrome\\Application\\chrome.exe","args":["--start-maximized"]}},"logLevel":"warn","connectionRetryTimeout":120000,"connectionRetryCount":3,"logLevels":{},"enableDirectConnect":true,"strictSSL":true,"_":"65 more keys: [\"cacheDir\",\"port\",\"requestedCapabilities\",\"automationProtocol\",\"baseUrl\",\"waitforInterval\",\"waitforTimeout\",\"onReload\",\"beforeCommand\",\"afterCommand\",\"rootDir\",\"specs\",\"suites\",\"exclude\",\"groupLogsByTestSpec\",\"excludeDriverLogs\",\"bail\",\"framework\",\"reporters\",\"services\",\"maxInstances\",\"maxInstancesPerCapability\",\"injectGlobals\",\"filesToWatch\",\"execArgv\",\"runnerEnv\",\"runner\",\"shard\",\"specFileRetries\",\"specFileRetriesDelay\",\"specFileRetriesDeferred\",\"reporterSyncInterval\",\"reporterSyncTimeout\",\"cucumberFeaturesWithLineNumbers\",\"autoCompileOpts\",\"mochaOpts\",\"jasmineOpts\",\"cucumberOpts\",\"onPrepare\",\"onWorkerStart\",\"onWorkerEnd\",\"before\",\"beforeSession\",\"beforeSuite\",\"beforeHook\",\"beforeTest\",\"afterTest\",\"afterHook\",\"afterSuite\",\"afterSession\",\"after\",\"onComplete\",\"beforeAssertion\",\"afterAssertion\",\"beforeFeature\",\"beforeScenario\",\"beforeStep\",\"afterStep\",\"afterScenario\",\"afterFeature\",\"_\",\"suite\",\"$0\",\"ignoredWorkerServices\",\"wdi5\"]"}]}
COMMAND: POST /session/ee8c0ad77c32eb6cf27ae9120157f0fa/execute/async - {"script":"<script> [21126 bytes]","args":[35000]}
RESULT: {"script":"<script> [21126 bytes]","args":[35000]}
COMMAND: POST /session/ee8c0ad77c32eb6cf27ae9120157f0fa/window/maximize - {}
RESULT: {}
COMMAND: POST /session/ee8c0ad77c32eb6cf27ae9120157f0fa/execute/async - {"script":"<script> [1562 bytes]","args":[{"selector":{"id":"shell-header","interaction":{"idSuffix":"icon"}},"wdio_ui5_key":"shellheader"}]}
COMMAND: GET /session/ee8c0ad77c32eb6cf27ae9120157f0fa/screenshot - {}
RESULT: {"script":"<script> [1562 bytes]","args":[{"selector":{"id":"shell-header","interaction":{"idSuffix":"icon"}},"wdio_ui5_key":"shellheader"}]}
RESULT: undefined
COMMAND: POST /session/ee8c0ad77c32eb6cf27ae9120157f0fa/refresh - {}
RESULT: {}
RESULT: {}
COMMAND: GET /session/ee8c0ad77c32eb6cf27ae9120157f0fa/screenshot - {}
RESULT: {}
COMMAND: POST /session/ee8c0ad77c32eb6cf27ae9120157f0fa/refresh - {}
RESULT: {}
COMMAND: GET /session/ee8c0ad77c32eb6cf27ae9120157f0fa/screenshot - {}
RESULT: {}
COMMAND: POST /session/ee8c0ad77c32eb6cf27ae9120157f0fa/window/fullscreen - {}
RESULT: {}
COMMAND: POST /session/ee8c0ad77c32eb6cf27ae9120157f0fa/execute/async - {"script":"<script> [189 bytes]","args":[]}
RESULT: {"script":"<script> [189 bytes]","args":[]}
COMMAND: POST /session/ee8c0ad77c32eb6cf27ae9120157f0fa/execute/async - {"script":"<script> [123 bytes]","args":[]}
RESULT: {"script":"<script> [123 bytes]","args":[]}
COMMAND: POST /session/ee8c0ad77c32eb6cf27ae9120157f0fa/timeouts - {"script":"<number>"}
RESULT: {"script":"<number>"}
COMMAND: GET /session/ee8c0ad77c32eb6cf27ae9120157f0fa/timeouts - {}
RESULT: {}
RESULT: undefined
COMMAND: POST /session/ee8c0ad77c32eb6cf27ae9120157f0fa/execute/async - {"script":"<script> [2676 bytes]","args":[]}
RESULT: {"script":"<script> [2676 bytes]","args":[]}
COMMAND: POST /session/ee8c0ad77c32eb6cf27ae9120157f0fa/execute/async - {"script":"<script> [2342 bytes]","args":[{"protocol":"http","hostname":"0.0.0.0","path":"/","capabilities":{"browserName":"chrome","goog:chromeOptions":{"binary":"C:\\Program Files\\Google\\Chrome\\Application\\chrome.exe","args":["--start-maximized"]}},"logLevel":"warn","connectionRetryTimeout":120000,"connectionRetryCount":3,"logLevels":{},"enableDirectConnect":true,"strictSSL":true,"_":"65 more keys: [\"cacheDir\",\"port\",\"requestedCapabilities\",\"automationProtocol\",\"baseUrl\",\"waitforInterval\",\"waitforTimeout\",\"onReload\",\"beforeCommand\",\"afterCommand\",\"rootDir\",\"specs\",\"suites\",\"exclude\",\"groupLogsByTestSpec\",\"excludeDriverLogs\",\"bail\",\"framework\",\"reporters\",\"services\",\"maxInstances\",\"maxInstancesPerCapability\",\"injectGlobals\",\"filesToWatch\",\"execArgv\",\"runnerEnv\",\"runner\",\"shard\",\"specFileRetries\",\"specFileRetriesDelay\",\"specFileRetriesDeferred\",\"reporterSyncInterval\",\"reporterSyncTimeout\",\"cucumberFeaturesWithLineNumbers\",\"autoCompileOpts\",\"mochaOpts\",\"jasmineOpts\",\"cucumberOpts\",\"onPrepare\",\"onWorkerStart\",\"onWorkerEnd\",\"before\",\"beforeSession\",\"beforeSuite\",\"beforeHook\",\"beforeTest\",\"afterTest\",\"afterHook\",\"afterSuite\",\"afterSession\",\"after\",\"onComplete\",\"beforeAssertion\",\"afterAssertion\",\"beforeFeature\",\"beforeScenario\",\"beforeStep\",\"afterStep\",\"afterScenario\",\"afterFeature\",\"_\",\"suite\",\"$0\",\"ignoredWorkerServices\",\"wdi5\"]"}]}
RESULT: {"script":"<script> [2342 bytes]","args":[{"protocol":"http","hostname":"0.0.0.0","path":"/","capabilities":{"browserName":"chrome","goog:chromeOptions":{"binary":"C:\\Program Files\\Google\\Chrome\\Application\\chrome.exe","args":["--start-maximized"]}},"logLevel":"warn","connectionRetryTimeout":120000,"connectionRetryCount":3,"logLevels":{},"enableDirectConnect":true,"strictSSL":true,"_":"65 more keys: [\"cacheDir\",\"port\",\"requestedCapabilities\",\"automationProtocol\",\"baseUrl\",\"waitforInterval\",\"waitforTimeout\",\"onReload\",\"beforeCommand\",\"afterCommand\",\"rootDir\",\"specs\",\"suites\",\"exclude\",\"groupLogsByTestSpec\",\"excludeDriverLogs\",\"bail\",\"framework\",\"reporters\",\"services\",\"maxInstances\",\"maxInstancesPerCapability\",\"injectGlobals\",\"filesToWatch\",\"execArgv\",\"runnerEnv\",\"runner\",\"shard\",\"specFileRetries\",\"specFileRetriesDelay\",\"specFileRetriesDeferred\",\"reporterSyncInterval\",\"reporterSyncTimeout\",\"cucumberFeaturesWithLineNumbers\",\"autoCompileOpts\",\"mochaOpts\",\"jasmineOpts\",\"cucumberOpts\",\"onPrepare\",\"onWorkerStart\",\"onWorkerEnd\",\"before\",\"beforeSession\",\"beforeSuite\",\"beforeHook\",\"beforeTest\",\"afterTest\",\"afterHook\",\"afterSuite\",\"afterSession\",\"after\",\"onComplete\",\"beforeAssertion\",\"afterAssertion\",\"beforeFeature\",\"beforeScenario\",\"beforeStep\",\"afterStep\",\"afterScenario\",\"afterFeature\",\"_\",\"suite\",\"$0\",\"ignoredWorkerServices\",\"wdi5\"]"}]}
COMMAND: POST /session/ee8c0ad77c32eb6cf27ae9120157f0fa/execute/async - {"script":"<script> [21126 bytes]","args":[35000]}
RESULT: {"script":"<script> [21126 bytes]","args":[35000]}
]]></system-out>
    </testcase>
  </testsuite>
  <testsuite timestamp="2025-05-14T17:31:46" time="1409.894" tests="14" failures="0" errors="0" skipped="0">
    <properties>
      <property name="specId" value="0" />
      <property name="suiteName" value="Create master data for mixed billing &amp; do billing calculation US151661" />
      <property name="capabilities" value="chrome.136_0_7103_49.windows" />
      <property name="file" value="file:///D:/a/1/s/test/specs/BTS/billing-calculation-mixed.spec.js" />
    </properties>
    <testcase classname="chrome.136_0_7103_49.windows.Create_master_data_for_mixed_billing_&amp;_do_billing_calculation_US151661" name="Should create a new yard" time="132.563">
      <system-out><![CDATA[
COMMAND: POST /session/ee8c0ad77c32eb6cf27ae9120157f0fa/window/fullscreen - {}
RESULT: {}
COMMAND: POST /session/ee8c0ad77c32eb6cf27ae9120157f0fa/execute/async - {"script":"<script> [1562 bytes]","args":[{"selector":{"controlType":"sap.m.GenericTile","properties":{"header":"Manage Yards"}},"wdio_ui5_key":"sapm.GenericTile{\"header\":\"Manage Yards\"}"}]}
RESULT: {"script":"<script> [1562 bytes]","args":[{"selector":{"controlType":"sap.m.GenericTile","properties":{"header":"Manage Yards"}},"wdio_ui5_key":"sapm.GenericTile{\"header\":\"Manage Yards\"}"}]}
RESULT: undefined
COMMAND: POST /session/ee8c0ad77c32eb6cf27ae9120157f0fa/element - {"using":"xpath","value":"//*[@id=\"__tile41\"]"}
RESULT: {"using":"xpath","value":"//*[@id=\"__tile41\"]"}
COMMAND: POST /session/ee8c0ad77c32eb6cf27ae9120157f0fa/element/f.4EEDEA8BBD1FF6E0A028415A04A49F5E.d.5ECB800D5D1B1D4B8DF47A52ED020812.e.6003/click - {}
RESULT: {}
COMMAND: GET /session/ee8c0ad77c32eb6cf27ae9120157f0fa/screenshot - {}
RESULT: {}
COMMAND: POST /session/ee8c0ad77c32eb6cf27ae9120157f0fa/elements - {"using":"xpath","value":"//span[text()='Error']"}
RESULT: {"using":"xpath","value":"//span[text()='Error']"}
COMMAND: POST /session/ee8c0ad77c32eb6cf27ae9120157f0fa/element - {"using":"xpath","value":"//button[@data-kt=\"addNewYardOverflowToolbarButton\"]"}
RESULT: {"using":"xpath","value":"//button[@data-kt=\"addNewYardOverflowToolbarButton\"]"}
COMMAND: POST /session/ee8c0ad77c32eb6cf27ae9120157f0fa/elements - {"using":"xpath","value":"//button[@data-kt=\"addNewYardOverflowToolbarButton\"]"}
RESULT: {"using":"xpath","value":"//button[@data-kt=\"addNewYardOverflowToolbarButton\"]"}
COMMAND: POST /session/ee8c0ad77c32eb6cf27ae9120157f0fa/execute/sync - {"script":"<script> [8489 bytes]","args":[{"element-6066-11e4-a52e-4f735466cecf":"f.4EEDEA8BBD1FF6E0A028415A04A49F5E.d.5ECB800D5D1B1D4B8DF47A52ED020812.e.6137","ELEMENT":"f.4EEDEA8BBD1FF6E0A028415A04A49F5E.d.5ECB800D5D1B1D4B8DF47A52ED020812.e.6137"}]}
RESULT: {"script":"<script> [8489 bytes]","args":[{"element-6066-11e4-a52e-4f735466cecf":"f.4EEDEA8BBD1FF6E0A028415A04A49F5E.d.5ECB800D5D1B1D4B8DF47A52ED020812.e.6137","ELEMENT":"f.4EEDEA8BBD1FF6E0A028415A04A49F5E.d.5ECB800D5D1B1D4B8DF47A52ED020812.e.6137"}]}
COMMAND: GET /session/ee8c0ad77c32eb6cf27ae9120157f0fa/element/f.4EEDEA8BBD1FF6E0A028415A04A49F5E.d.5ECB800D5D1B1D4B8DF47A52ED020812.e.6137/enabled - {}
COMMAND: GET /session/ee8c0ad77c32eb6cf27ae9120157f0fa/screenshot - {}
RESULT: {}
COMMAND: POST /session/ee8c0ad77c32eb6cf27ae9120157f0fa/execute/sync - {"script":"<script> [8489 bytes]","args":[{"element-6066-11e4-a52e-4f735466cecf":"f.4EEDEA8BBD1FF6E0A028415A04A49F5E.d.5ECB800D5D1B1D4B8DF47A52ED020812.e.6137","ELEMENT":"f.4EEDEA8BBD1FF6E0A028415A04A49F5E.d.5ECB800D5D1B1D4B8DF47A52ED020812.e.6137"}]}
COMMAND: GET /session/ee8c0ad77c32eb6cf27ae9120157f0fa/screenshot - {}
RESULT: {}
RESULT: {"script":"<script> [8489 bytes]","args":[{"element-6066-11e4-a52e-4f735466cecf":"f.4EEDEA8BBD1FF6E0A028415A04A49F5E.d.5ECB800D5D1B1D4B8DF47A52ED020812.e.6137","ELEMENT":"f.4EEDEA8BBD1FF6E0A028415A04A49F5E.d.5ECB800D5D1B1D4B8DF47A52ED020812.e.6137"}]}
COMMAND: POST /session/ee8c0ad77c32eb6cf27ae9120157f0fa/execute/sync - {"script":"<script> [5351 bytes]","args":[{"element-6066-11e4-a52e-4f735466cecf":"f.4EEDEA8BBD1FF6E0A028415A04A49F5E.d.5ECB800D5D1B1D4B8DF47A52ED020812.e.6137","ELEMENT":"f.4EEDEA8BBD1FF6E0A028415A04A49F5E.d.5ECB800D5D1B1D4B8DF47A52ED020812.e.6137"}]}
RESULT: {}
RESULT: {"script":"<script> [5351 bytes]","args":[{"element-6066-11e4-a52e-4f735466cecf":"f.4EEDEA8BBD1FF6E0A028415A04A49F5E.d.5ECB800D5D1B1D4B8DF47A52ED020812.e.6137","ELEMENT":"f.4EEDEA8BBD1FF6E0A028415A04A49F5E.d.5ECB800D5D1B1D4B8DF47A52ED020812.e.6137"}]}
COMMAND: POST /session/ee8c0ad77c32eb6cf27ae9120157f0fa/element/f.4EEDEA8BBD1FF6E0A028415A04A49F5E.d.5ECB800D5D1B1D4B8DF47A52ED020812.e.6137/click - {}
COMMAND: GET /session/ee8c0ad77c32eb6cf27ae9120157f0fa/screenshot - {}
COMMAND: GET /session/ee8c0ad77c32eb6cf27ae9120157f0fa/screenshot - {}
RESULT: {}
COMMAND: GET /session/ee8c0ad77c32eb6cf27ae9120157f0fa/screenshot - {}
COMMAND: POST /session/ee8c0ad77c32eb6cf27ae9120157f0fa/element - {"using":"xpath","value":"//input[@id=\"application-manageyards-display-component---NewYard--yardId-inner\"]"}
RESULT: {}
RESULT: {}
RESULT: {}
RESULT: {"using":"xpath","value":"//input[@id=\"application-manageyards-display-component---NewYard--yardId-inner\"]"}
COMMAND: POST /session/ee8c0ad77c32eb6cf27ae9120157f0fa/element - {"using":"xpath","value":"//input[@id=\"application-manageyards-display-component---NewYard--yardId-inner\"]"}
RESULT: {"using":"xpath","value":"//input[@id=\"application-manageyards-display-component---NewYard--yardId-inner\"]"}
COMMAND: POST /session/ee8c0ad77c32eb6cf27ae9120157f0fa/execute/async - {"script":"<script> [1562 bytes]","args":[{"selector":{"id":"application-manageyards-display-component---NewYard--addressDetailDetailsName1","interaction":{"idSuffix":"inner"}},"wdio_ui5_key":"applicationmanageyards-display-component---NewYard--addressDetailDetailsName1"}]}
RESULT: {"script":"<script> [1562 bytes]","args":[{"selector":{"id":"application-manageyards-display-component---NewYard--addressDetailDetailsName1","interaction":{"idSuffix":"inner"}},"wdio_ui5_key":"applicationmanageyards-display-component---NewYard--addressDetailDetailsName1"}]}
RESULT: undefined
COMMAND: POST /session/ee8c0ad77c32eb6cf27ae9120157f0fa/execute/async - {"script":"<script> [776 bytes]","args":[{"enterText":"Intercompany Yard wdIO","selector":{"id":"application-manageyards-display-component---NewYard--addressDetailDetailsName1","interaction":{"idSuffix":"inner"}},"clearTextFirst":true,"interactionType":"ENTER_TEXT"}]}
RESULT: {"script":"<script> [776 bytes]","args":[{"enterText":"Intercompany Yard wdIO","selector":{"id":"application-manageyards-display-component---NewYard--addressDetailDetailsName1","interaction":{"idSuffix":"inner"}},"clearTextFirst":true,"interactionType":"ENTER_TEXT"}]}
COMMAND: POST /session/ee8c0ad77c32eb6cf27ae9120157f0fa/execute/async - {"script":"<script> [1562 bytes]","args":[{"selector":{"id":"application-manageyards-display-component---NewYard--addressDetailDetailsLanguage-arrow"},"wdio_ui5_key":"applicationmanageyards-display-component---NewYard--addressDetailDetailsLanguage-arrow"}]}
RESULT: {"script":"<script> [1562 bytes]","args":[{"selector":{"id":"application-manageyards-display-component---NewYard--addressDetailDetailsLanguage-arrow"},"wdio_ui5_key":"applicationmanageyards-display-component---NewYard--addressDetailDetailsLanguage-arrow"}]}
RESULT: undefined
COMMAND: POST /session/ee8c0ad77c32eb6cf27ae9120157f0fa/element - {"using":"xpath","value":"//*[@id=\"application-manageyards-display-component---NewYard--addressDetailDetailsLanguage-arrow\"]"}
RESULT: {"using":"xpath","value":"//*[@id=\"application-manageyards-display-component---NewYard--addressDetailDetailsLanguage-arrow\"]"}
COMMAND: POST /session/ee8c0ad77c32eb6cf27ae9120157f0fa/element/f.4EEDEA8BBD1FF6E0A028415A04A49F5E.d.5ECB800D5D1B1D4B8DF47A52ED020812.e.6559/click - {}
RESULT: {}
COMMAND: POST /session/ee8c0ad77c32eb6cf27ae9120157f0fa/element - {"using":"xpath","value":"//span[contains(text(), \"English\")]"}
COMMAND: GET /session/ee8c0ad77c32eb6cf27ae9120157f0fa/screenshot - {}
RESULT: {"using":"xpath","value":"//span[contains(text(), \"English\")]"}
COMMAND: POST /session/ee8c0ad77c32eb6cf27ae9120157f0fa/element/f.4EEDEA8BBD1FF6E0A028415A04A49F5E.d.5ECB800D5D1B1D4B8DF47A52ED020812.e.6560/click - {}
RESULT: {}
RESULT: {}
COMMAND: POST /session/ee8c0ad77c32eb6cf27ae9120157f0fa/execute/async - {"script":"<script> [1562 bytes]","args":[{"selector":{"id":"application-manageyards-display-component---NewYard--addressDetailDetailsCity1","interaction":{"idSuffix":"inner"}},"wdio_ui5_key":"applicationmanageyards-display-component---NewYard--addressDetailDetailsCity1"}]}
COMMAND: GET /session/ee8c0ad77c32eb6cf27ae9120157f0fa/screenshot - {}
RESULT: {"script":"<script> [1562 bytes]","args":[{"selector":{"id":"application-manageyards-display-component---NewYard--addressDetailDetailsCity1","interaction":{"idSuffix":"inner"}},"wdio_ui5_key":"applicationmanageyards-display-component---NewYard--addressDetailDetailsCity1"}]}
RESULT: undefined
COMMAND: POST /session/ee8c0ad77c32eb6cf27ae9120157f0fa/execute/async - {"script":"<script> [776 bytes]","args":[{"enterText":"Rosario","selector":{"id":"application-manageyards-display-component---NewYard--addressDetailDetailsCity1","interaction":{"idSuffix":"inner"}},"clearTextFirst":true,"interactionType":"ENTER_TEXT"}]}
RESULT: {}
RESULT: {"script":"<script> [776 bytes]","args":[{"enterText":"Rosario","selector":{"id":"application-manageyards-display-component---NewYard--addressDetailDetailsCity1","interaction":{"idSuffix":"inner"}},"clearTextFirst":true,"interactionType":"ENTER_TEXT"}]}
COMMAND: POST /session/ee8c0ad77c32eb6cf27ae9120157f0fa/execute/async - {"script":"<script> [1562 bytes]","args":[{"selector":{"id":"application-manageyards-display-component---NewYard--addressDetailDetailsCountry-arrow"},"wdio_ui5_key":"applicationmanageyards-display-component---NewYard--addressDetailDetailsCountry-arrow"}]}
RESULT: {"script":"<script> [1562 bytes]","args":[{"selector":{"id":"application-manageyards-display-component---NewYard--addressDetailDetailsCountry-arrow"},"wdio_ui5_key":"applicationmanageyards-display-component---NewYard--addressDetailDetailsCountry-arrow"}]}
RESULT: undefined
COMMAND: POST /session/ee8c0ad77c32eb6cf27ae9120157f0fa/element - {"using":"xpath","value":"//*[@id=\"application-manageyards-display-component---NewYard--addressDetailDetailsCountry-arrow\"]"}
RESULT: {"using":"xpath","value":"//*[@id=\"application-manageyards-display-component---NewYard--addressDetailDetailsCountry-arrow\"]"}
COMMAND: POST /session/ee8c0ad77c32eb6cf27ae9120157f0fa/element/f.4EEDEA8BBD1FF6E0A028415A04A49F5E.d.5ECB800D5D1B1D4B8DF47A52ED020812.e.6562/click - {}
RESULT: {}
COMMAND: POST /session/ee8c0ad77c32eb6cf27ae9120157f0fa/element - {"using":"xpath","value":"//span[contains(text(), \"Argentina\")]"}
COMMAND: GET /session/ee8c0ad77c32eb6cf27ae9120157f0fa/screenshot - {}
RESULT: {"using":"xpath","value":"//span[contains(text(), \"Argentina\")]"}
COMMAND: POST /session/ee8c0ad77c32eb6cf27ae9120157f0fa/element/f.4EEDEA8BBD1FF6E0A028415A04A49F5E.d.5ECB800D5D1B1D4B8DF47A52ED020812.e.6564/click - {}
RESULT: {}
RESULT: {}
COMMAND: POST /session/ee8c0ad77c32eb6cf27ae9120157f0fa/execute/async - {"script":"<script> [1562 bytes]","args":[{"selector":{"id":"application-manageyards-display-component---NewYard--addressEditDetailsCostObjectCstType-arrow"},"wdio_ui5_key":"applicationmanageyards-display-component---NewYard--addressEditDetailsCostObjectCstType-arrow"}]}
COMMAND: GET /session/ee8c0ad77c32eb6cf27ae9120157f0fa/screenshot - {}
RESULT: {"script":"<script> [1562 bytes]","args":[{"selector":{"id":"application-manageyards-display-component---NewYard--addressEditDetailsCostObjectCstType-arrow"},"wdio_ui5_key":"applicationmanageyards-display-component---NewYard--addressEditDetailsCostObjectCstType-arrow"}]}
RESULT: undefined
COMMAND: POST /session/ee8c0ad77c32eb6cf27ae9120157f0fa/element - {"using":"xpath","value":"//*[@id=\"application-manageyards-display-component---NewYard--addressEditDetailsCostObjectCstType-arrow\"]"}
RESULT: {}
RESULT: {"using":"xpath","value":"//*[@id=\"application-manageyards-display-component---NewYard--addressEditDetailsCostObjectCstType-arrow\"]"}
COMMAND: POST /session/ee8c0ad77c32eb6cf27ae9120157f0fa/element/f.4EEDEA8BBD1FF6E0A028415A04A49F5E.d.5ECB800D5D1B1D4B8DF47A52ED020812.e.6565/click - {}
RESULT: {}
COMMAND: POST /session/ee8c0ad77c32eb6cf27ae9120157f0fa/element - {"using":"xpath","value":"//span[contains(text(), \"Cost Center\")]"}
COMMAND: GET /session/ee8c0ad77c32eb6cf27ae9120157f0fa/screenshot - {}
RESULT: {"using":"xpath","value":"//span[contains(text(), \"Cost Center\")]"}
COMMAND: POST /session/ee8c0ad77c32eb6cf27ae9120157f0fa/element/f.4EEDEA8BBD1FF6E0A028415A04A49F5E.d.5ECB800D5D1B1D4B8DF47A52ED020812.e.6566/click - {}
RESULT: {}
RESULT: {}
COMMAND: GET /session/ee8c0ad77c32eb6cf27ae9120157f0fa/screenshot - {}
RESULT: {}
COMMAND: POST /session/ee8c0ad77c32eb6cf27ae9120157f0fa/element - {"using":"xpath","value":"//span[@id=\"application-manageyards-display-component---NewYard--addressNewCostObjectCstID-vhi\"]"}
RESULT: {"using":"xpath","value":"//span[@id=\"application-manageyards-display-component---NewYard--addressNewCostObjectCstID-vhi\"]"}
COMMAND: POST /session/ee8c0ad77c32eb6cf27ae9120157f0fa/execute/sync - {"script":"<script> [8489 bytes]","args":[{"element-6066-11e4-a52e-4f735466cecf":"f.4EEDEA8BBD1FF6E0A028415A04A49F5E.d.5ECB800D5D1B1D4B8DF47A52ED020812.e.6570","ELEMENT":"f.4EEDEA8BBD1FF6E0A028415A04A49F5E.d.5ECB800D5D1B1D4B8DF47A52ED020812.e.6570"}]}
RESULT: {"script":"<script> [8489 bytes]","args":[{"element-6066-11e4-a52e-4f735466cecf":"f.4EEDEA8BBD1FF6E0A028415A04A49F5E.d.5ECB800D5D1B1D4B8DF47A52ED020812.e.6570","ELEMENT":"f.4EEDEA8BBD1FF6E0A028415A04A49F5E.d.5ECB800D5D1B1D4B8DF47A52ED020812.e.6570"}]}
COMMAND: POST /session/ee8c0ad77c32eb6cf27ae9120157f0fa/execute/async - {"script":"<script> [1562 bytes]","args":[{"selector":{"id":"application-manageyards-display-component---NewYard--addressNewCostObjectCstID-vhi"},"wdio_ui5_key":"applicationmanageyards-display-component---NewYard--addressNewCostObjectCstID-vhi"}]}
COMMAND: GET /session/ee8c0ad77c32eb6cf27ae9120157f0fa/screenshot - {}
RESULT: {"script":"<script> [1562 bytes]","args":[{"selector":{"id":"application-manageyards-display-component---NewYard--addressNewCostObjectCstID-vhi"},"wdio_ui5_key":"applicationmanageyards-display-component---NewYard--addressNewCostObjectCstID-vhi"}]}
RESULT: undefined
COMMAND: POST /session/ee8c0ad77c32eb6cf27ae9120157f0fa/element - {"using":"xpath","value":"//*[@id=\"application-manageyards-display-component---NewYard--addressNewCostObjectCstID-vhi\"]"}
RESULT: {}
RESULT: {"using":"xpath","value":"//*[@id=\"application-manageyards-display-component---NewYard--addressNewCostObjectCstID-vhi\"]"}
COMMAND: POST /session/ee8c0ad77c32eb6cf27ae9120157f0fa/element/f.4EEDEA8BBD1FF6E0A028415A04A49F5E.d.5ECB800D5D1B1D4B8DF47A52ED020812.e.6570/click - {}
RESULT: {}
COMMAND: GET /session/ee8c0ad77c32eb6cf27ae9120157f0fa/screenshot - {}
RESULT: {}
COMMAND: POST /session/ee8c0ad77c32eb6cf27ae9120157f0fa/execute/async - {"script":"<script> [1562 bytes]","args":[{"selector":{"controlType":"sap.m.SearchField","properties":{"placeholder":"Search"},"searchOpenDialogs":true,"interaction":{"idSuffix":"I"}},"wdio_ui5_key":"sapm.SearchField{\"placeholder\":\"Search\"}"}]}
RESULT: {"script":"<script> [1562 bytes]","args":[{"selector":{"controlType":"sap.m.SearchField","properties":{"placeholder":"Search"},"searchOpenDialogs":true,"interaction":{"idSuffix":"I"}},"wdio_ui5_key":"sapm.SearchField{\"placeholder\":\"Search\"}"}]}
RESULT: undefined
COMMAND: POST /session/ee8c0ad77c32eb6cf27ae9120157f0fa/execute/async - {"script":"<script> [776 bytes]","args":[{"enterText":"bauh_b","selector":{"controlType":"sap.m.SearchField","properties":{"placeholder":"Search"},"searchOpenDialogs":true,"interaction":{"idSuffix":"I"}},"clearTextFirst":true,"interactionType":"ENTER_TEXT"}]}
RESULT: {"script":"<script> [776 bytes]","args":[{"enterText":"bauh_b","selector":{"controlType":"sap.m.SearchField","properties":{"placeholder":"Search"},"searchOpenDialogs":true,"interaction":{"idSuffix":"I"}},"clearTextFirst":true,"interactionType":"ENTER_TEXT"}]}
COMMAND: POST /session/ee8c0ad77c32eb6cf27ae9120157f0fa/actions - {"actions":[{"id":"action20","type":"key","parameters":{},"actions":[{"type":"keyDown","value":"î€‡"},{"type":"pause","duration":10},{"type":"keyUp","value":"î€‡"}]}]}
RESULT: {"actions":[{"id":"action20","type":"key","parameters":{},"actions":[{"type":"keyDown","value":"î€‡"},{"type":"pause","duration":10},{"type":"keyUp","value":"î€‡"}]}]}
COMMAND: GET /session/ee8c0ad77c32eb6cf27ae9120157f0fa/screenshot - {}
RESULT: {}
COMMAND: POST /session/ee8c0ad77c32eb6cf27ae9120157f0fa/element - {"using":"xpath","value":"//span[contains(text(), \"Demo Yard\")]"}
RESULT: {"using":"xpath","value":"//span[contains(text(), \"Demo Yard\")]"}
COMMAND: POST /session/ee8c0ad77c32eb6cf27ae9120157f0fa/element/f.4EEDEA8BBD1FF6E0A028415A04A49F5E.d.5ECB800D5D1B1D4B8DF47A52ED020812.e.6611/click - {}
RESULT: {}
COMMAND: GET /session/ee8c0ad77c32eb6cf27ae9120157f0fa/screenshot - {}
RESULT: {}
COMMAND: POST /session/ee8c0ad77c32eb6cf27ae9120157f0fa/element - {"using":"xpath","value":"//bdi[contains(text(), \"OK\")]"}
RESULT: {"using":"xpath","value":"//bdi[contains(text(), \"OK\")]"}
COMMAND: POST /session/ee8c0ad77c32eb6cf27ae9120157f0fa/element/f.4EEDEA8BBD1FF6E0A028415A04A49F5E.d.5ECB800D5D1B1D4B8DF47A52ED020812.e.6612/click - {}
RESULT: {}
COMMAND: GET /session/ee8c0ad77c32eb6cf27ae9120157f0fa/screenshot - {}
RESULT: {}
COMMAND: POST /session/ee8c0ad77c32eb6cf27ae9120157f0fa/execute/async - {"script":"<script> [1562 bytes]","args":[{"selector":{"id":"application-manageyards-display-component---NewYard--addressEditDetailsCurrency-arrow"},"wdio_ui5_key":"applicationmanageyards-display-component---NewYard--addressEditDetailsCurrency-arrow"}]}
RESULT: {"script":"<script> [1562 bytes]","args":[{"selector":{"id":"application-manageyards-display-component---NewYard--addressEditDetailsCurrency-arrow"},"wdio_ui5_key":"applicationmanageyards-display-component---NewYard--addressEditDetailsCurrency-arrow"}]}
RESULT: undefined
COMMAND: POST /session/ee8c0ad77c32eb6cf27ae9120157f0fa/element - {"using":"xpath","value":"//*[@id=\"application-manageyards-display-component---NewYard--addressEditDetailsCurrency-arrow\"]"}
RESULT: {"using":"xpath","value":"//*[@id=\"application-manageyards-display-component---NewYard--addressEditDetailsCurrency-arrow\"]"}
COMMAND: POST /session/ee8c0ad77c32eb6cf27ae9120157f0fa/element/f.4EEDEA8BBD1FF6E0A028415A04A49F5E.d.5ECB800D5D1B1D4B8DF47A52ED020812.e.6615/click - {}
RESULT: {}
COMMAND: POST /session/ee8c0ad77c32eb6cf27ae9120157f0fa/element - {"using":"xpath","value":"//span[contains(text(), \"Euro\")]"}
COMMAND: GET /session/ee8c0ad77c32eb6cf27ae9120157f0fa/screenshot - {}
RESULT: {"using":"xpath","value":"//span[contains(text(), \"Euro\")]"}
COMMAND: POST /session/ee8c0ad77c32eb6cf27ae9120157f0fa/element/f.4EEDEA8BBD1FF6E0A028415A04A49F5E.d.5ECB800D5D1B1D4B8DF47A52ED020812.e.6616/click - {}
RESULT: {}
RESULT: {}
COMMAND: POST /session/ee8c0ad77c32eb6cf27ae9120157f0fa/execute/async - {"script":"<script> [1562 bytes]","args":[{"selector":{"controlType":"sap.m.Input","viewName":"etm.portal.ui.manageyards.view.New","viewId":"application-manageyards-display-component---NewYard","bindingPath":{"path":"","propertyPath":"/CONTROLLING_AREA","modelName":"NewYardModel"},"interaction":{"idSuffix":"inner"}},"wdio_ui5_key":"etmportal.ui.manageyards.view.Newsap.m.Input{\"path\":\"\",\"propertyPath\":\"/CONTROLLING_AREA\",\"modelName\":\"NewYardModel\"}"}]}
COMMAND: GET /session/ee8c0ad77c32eb6cf27ae9120157f0fa/screenshot - {}
RESULT: {"script":"<script> [1562 bytes]","args":[{"selector":{"controlType":"sap.m.Input","viewName":"etm.portal.ui.manageyards.view.New","viewId":"application-manageyards-display-component---NewYard","bindingPath":{"path":"","propertyPath":"/CONTROLLING_AREA","modelName":"NewYardModel"},"interaction":{"idSuffix":"inner"}},"wdio_ui5_key":"etmportal.ui.manageyards.view.Newsap.m.Input{\"path\":\"\",\"propertyPath\":\"/CONTROLLING_AREA\",\"modelName\":\"NewYardModel\"}"}]}
RESULT: undefined
COMMAND: POST /session/ee8c0ad77c32eb6cf27ae9120157f0fa/execute/async - {"script":"<script> [776 bytes]","args":[{"enterText":"Z001","selector":{"controlType":"sap.m.Input","viewName":"etm.portal.ui.manageyards.view.New","viewId":"application-manageyards-display-component---NewYard","bindingPath":{"path":"","propertyPath":"/CONTROLLING_AREA","modelName":"NewYardModel"},"interaction":{"idSuffix":"inner"}},"clearTextFirst":true,"interactionType":"ENTER_TEXT"}]}
RESULT: {}
RESULT: {"script":"<script> [776 bytes]","args":[{"enterText":"Z001","selector":{"controlType":"sap.m.Input","viewName":"etm.portal.ui.manageyards.view.New","viewId":"application-manageyards-display-component---NewYard","bindingPath":{"path":"","propertyPath":"/CONTROLLING_AREA","modelName":"NewYardModel"},"interaction":{"idSuffix":"inner"}},"clearTextFirst":true,"interactionType":"ENTER_TEXT"}]}
COMMAND: POST /session/ee8c0ad77c32eb6cf27ae9120157f0fa/execute/async - {"script":"<script> [1562 bytes]","args":[{"selector":{"id":"application-manageyards-display-component---NewYard--companyCodeComboBox","interaction":{"idSuffix":"inner"}},"wdio_ui5_key":"applicationmanageyards-display-component---NewYard--companyCodeComboBox"}]}
RESULT: {"script":"<script> [1562 bytes]","args":[{"selector":{"id":"application-manageyards-display-component---NewYard--companyCodeComboBox","interaction":{"idSuffix":"inner"}},"wdio_ui5_key":"applicationmanageyards-display-component---NewYard--companyCodeComboBox"}]}
RESULT: undefined
COMMAND: POST /session/ee8c0ad77c32eb6cf27ae9120157f0fa/execute/async - {"script":"<script> [776 bytes]","args":[{"enterText":"1000","selector":{"id":"application-manageyards-display-component---NewYard--companyCodeComboBox","interaction":{"idSuffix":"inner"}},"clearTextFirst":true,"interactionType":"ENTER_TEXT"}]}
RESULT: {"script":"<script> [776 bytes]","args":[{"enterText":"1000","selector":{"id":"application-manageyards-display-component---NewYard--companyCodeComboBox","interaction":{"idSuffix":"inner"}},"clearTextFirst":true,"interactionType":"ENTER_TEXT"}]}
COMMAND: POST /session/ee8c0ad77c32eb6cf27ae9120157f0fa/execute/async - {"script":"<script> [1562 bytes]","args":[{"selector":{"controlType":"sap.m.Input","viewName":"etm.portal.ui.manageyards.view.New","viewId":"application-manageyards-display-component---NewYard","bindingPath":{"path":"","propertyPath":"/PLANT","modelName":"NewYardModel"},"interaction":{"idSuffix":"inner"}},"wdio_ui5_key":"etmportal.ui.manageyards.view.Newsap.m.Input{\"path\":\"\",\"propertyPath\":\"/PLANT\",\"modelName\":\"NewYardModel\"}"}]}
RESULT: {"script":"<script> [1562 bytes]","args":[{"selector":{"controlType":"sap.m.Input","viewName":"etm.portal.ui.manageyards.view.New","viewId":"application-manageyards-display-component---NewYard","bindingPath":{"path":"","propertyPath":"/PLANT","modelName":"NewYardModel"},"interaction":{"idSuffix":"inner"}},"wdio_ui5_key":"etmportal.ui.manageyards.view.Newsap.m.Input{\"path\":\"\",\"propertyPath\":\"/PLANT\",\"modelName\":\"NewYardModel\"}"}]}
RESULT: undefined
COMMAND: POST /session/ee8c0ad77c32eb6cf27ae9120157f0fa/execute/async - {"script":"<script> [776 bytes]","args":[{"enterText":"1001","selector":{"controlType":"sap.m.Input","viewName":"etm.portal.ui.manageyards.view.New","viewId":"application-manageyards-display-component---NewYard","bindingPath":{"path":"","propertyPath":"/PLANT","modelName":"NewYardModel"},"interaction":{"idSuffix":"inner"}},"clearTextFirst":true,"interactionType":"ENTER_TEXT"}]}
RESULT: {"script":"<script> [776 bytes]","args":[{"enterText":"1001","selector":{"controlType":"sap.m.Input","viewName":"etm.portal.ui.manageyards.view.New","viewId":"application-manageyards-display-component---NewYard","bindingPath":{"path":"","propertyPath":"/PLANT","modelName":"NewYardModel"},"interaction":{"idSuffix":"inner"}},"clearTextFirst":true,"interactionType":"ENTER_TEXT"}]}
COMMAND: POST /session/ee8c0ad77c32eb6cf27ae9120157f0fa/execute/async - {"script":"<script> [1562 bytes]","args":[{"selector":{"controlType":"sap.m.Input","viewName":"etm.portal.ui.manageyards.view.New","viewId":"application-manageyards-display-component---NewYard","bindingPath":{"path":"","propertyPath":"/SALES_AREA_VKORG","modelName":"NewYardModel"},"interaction":{"idSuffix":"inner"}},"wdio_ui5_key":"etmportal.ui.manageyards.view.Newsap.m.Input{\"path\":\"\",\"propertyPath\":\"/SALES_AREA_VKORG\",\"modelName\":\"NewYardModel\"}"}]}
RESULT: {"script":"<script> [1562 bytes]","args":[{"selector":{"controlType":"sap.m.Input","viewName":"etm.portal.ui.manageyards.view.New","viewId":"application-manageyards-display-component---NewYard","bindingPath":{"path":"","propertyPath":"/SALES_AREA_VKORG","modelName":"NewYardModel"},"interaction":{"idSuffix":"inner"}},"wdio_ui5_key":"etmportal.ui.manageyards.view.Newsap.m.Input{\"path\":\"\",\"propertyPath\":\"/SALES_AREA_VKORG\",\"modelName\":\"NewYardModel\"}"}]}
RESULT: undefined
COMMAND: POST /session/ee8c0ad77c32eb6cf27ae9120157f0fa/execute/async - {"script":"<script> [776 bytes]","args":[{"enterText":"C002","selector":{"controlType":"sap.m.Input","viewName":"etm.portal.ui.manageyards.view.New","viewId":"application-manageyards-display-component---NewYard","bindingPath":{"path":"","propertyPath":"/SALES_AREA_VKORG","modelName":"NewYardModel"},"interaction":{"idSuffix":"inner"}},"clearTextFirst":true,"interactionType":"ENTER_TEXT"}]}
RESULT: {"script":"<script> [776 bytes]","args":[{"enterText":"C002","selector":{"controlType":"sap.m.Input","viewName":"etm.portal.ui.manageyards.view.New","viewId":"application-manageyards-display-component---NewYard","bindingPath":{"path":"","propertyPath":"/SALES_AREA_VKORG","modelName":"NewYardModel"},"interaction":{"idSuffix":"inner"}},"clearTextFirst":true,"interactionType":"ENTER_TEXT"}]}
COMMAND: POST /session/ee8c0ad77c32eb6cf27ae9120157f0fa/execute/async - {"script":"<script> [1562 bytes]","args":[{"selector":{"controlType":"sap.m.Input","viewName":"etm.portal.ui.manageyards.view.New","viewId":"application-manageyards-display-component---NewYard","bindingPath":{"path":"","propertyPath":"/SALES_AREA_VTWEG","modelName":"NewYardModel"},"interaction":{"idSuffix":"inner"}},"wdio_ui5_key":"etmportal.ui.manageyards.view.Newsap.m.Input{\"path\":\"\",\"propertyPath\":\"/SALES_AREA_VTWEG\",\"modelName\":\"NewYardModel\"}"}]}
RESULT: {"script":"<script> [1562 bytes]","args":[{"selector":{"controlType":"sap.m.Input","viewName":"etm.portal.ui.manageyards.view.New","viewId":"application-manageyards-display-component---NewYard","bindingPath":{"path":"","propertyPath":"/SALES_AREA_VTWEG","modelName":"NewYardModel"},"interaction":{"idSuffix":"inner"}},"wdio_ui5_key":"etmportal.ui.manageyards.view.Newsap.m.Input{\"path\":\"\",\"propertyPath\":\"/SALES_AREA_VTWEG\",\"modelName\":\"NewYardModel\"}"}]}
RESULT: undefined
COMMAND: POST /session/ee8c0ad77c32eb6cf27ae9120157f0fa/execute/async - {"script":"<script> [776 bytes]","args":[{"enterText":"C2","selector":{"controlType":"sap.m.Input","viewName":"etm.portal.ui.manageyards.view.New","viewId":"application-manageyards-display-component---NewYard","bindingPath":{"path":"","propertyPath":"/SALES_AREA_VTWEG","modelName":"NewYardModel"},"interaction":{"idSuffix":"inner"}},"clearTextFirst":true,"interactionType":"ENTER_TEXT"}]}
RESULT: {"script":"<script> [776 bytes]","args":[{"enterText":"C2","selector":{"controlType":"sap.m.Input","viewName":"etm.portal.ui.manageyards.view.New","viewId":"application-manageyards-display-component---NewYard","bindingPath":{"path":"","propertyPath":"/SALES_AREA_VTWEG","modelName":"NewYardModel"},"interaction":{"idSuffix":"inner"}},"clearTextFirst":true,"interactionType":"ENTER_TEXT"}]}
COMMAND: POST /session/ee8c0ad77c32eb6cf27ae9120157f0fa/execute/async - {"script":"<script> [1562 bytes]","args":[{"selector":{"controlType":"sap.m.Input","viewName":"etm.portal.ui.manageyards.view.New","viewId":"application-manageyards-display-component---NewYard","bindingPath":{"path":"","propertyPath":"/SALES_AREA_SPART","modelName":"NewYardModel"},"interaction":{"idSuffix":"inner"}},"wdio_ui5_key":"etmportal.ui.manageyards.view.Newsap.m.Input{\"path\":\"\",\"propertyPath\":\"/SALES_AREA_SPART\",\"modelName\":\"NewYardModel\"}"}]}
RESULT: {"script":"<script> [1562 bytes]","args":[{"selector":{"controlType":"sap.m.Input","viewName":"etm.portal.ui.manageyards.view.New","viewId":"application-manageyards-display-component---NewYard","bindingPath":{"path":"","propertyPath":"/SALES_AREA_SPART","modelName":"NewYardModel"},"interaction":{"idSuffix":"inner"}},"wdio_ui5_key":"etmportal.ui.manageyards.view.Newsap.m.Input{\"path\":\"\",\"propertyPath\":\"/SALES_AREA_SPART\",\"modelName\":\"NewYardModel\"}"}]}
RESULT: undefined
COMMAND: POST /session/ee8c0ad77c32eb6cf27ae9120157f0fa/execute/async - {"script":"<script> [776 bytes]","args":[{"enterText":"C2","selector":{"controlType":"sap.m.Input","viewName":"etm.portal.ui.manageyards.view.New","viewId":"application-manageyards-display-component---NewYard","bindingPath":{"path":"","propertyPath":"/SALES_AREA_SPART","modelName":"NewYardModel"},"interaction":{"idSuffix":"inner"}},"clearTextFirst":true,"interactionType":"ENTER_TEXT"}]}
RESULT: {"script":"<script> [776 bytes]","args":[{"enterText":"C2","selector":{"controlType":"sap.m.Input","viewName":"etm.portal.ui.manageyards.view.New","viewId":"application-manageyards-display-component---NewYard","bindingPath":{"path":"","propertyPath":"/SALES_AREA_SPART","modelName":"NewYardModel"},"interaction":{"idSuffix":"inner"}},"clearTextFirst":true,"interactionType":"ENTER_TEXT"}]}
COMMAND: POST /session/ee8c0ad77c32eb6cf27ae9120157f0fa/execute/async - {"script":"<script> [1562 bytes]","args":[{"selector":{"controlType":"sap.m.Input","viewName":"etm.portal.ui.manageyards.view.New","viewId":"application-manageyards-display-component---NewYard","bindingPath":{"path":"","propertyPath":"/SHIP_POINT","modelName":"NewYardModel"},"interaction":{"idSuffix":"inner"}},"wdio_ui5_key":"etmportal.ui.manageyards.view.Newsap.m.Input{\"path\":\"\",\"propertyPath\":\"/SHIP_POINT\",\"modelName\":\"NewYardModel\"}"}]}
RESULT: {"script":"<script> [1562 bytes]","args":[{"selector":{"controlType":"sap.m.Input","viewName":"etm.portal.ui.manageyards.view.New","viewId":"application-manageyards-display-component---NewYard","bindingPath":{"path":"","propertyPath":"/SHIP_POINT","modelName":"NewYardModel"},"interaction":{"idSuffix":"inner"}},"wdio_ui5_key":"etmportal.ui.manageyards.view.Newsap.m.Input{\"path\":\"\",\"propertyPath\":\"/SHIP_POINT\",\"modelName\":\"NewYardModel\"}"}]}
RESULT: undefined
COMMAND: POST /session/ee8c0ad77c32eb6cf27ae9120157f0fa/execute/async - {"script":"<script> [776 bytes]","args":[{"enterText":"1710","selector":{"controlType":"sap.m.Input","viewName":"etm.portal.ui.manageyards.view.New","viewId":"application-manageyards-display-component---NewYard","bindingPath":{"path":"","propertyPath":"/SHIP_POINT","modelName":"NewYardModel"},"interaction":{"idSuffix":"inner"}},"clearTextFirst":true,"interactionType":"ENTER_TEXT"}]}
RESULT: {"script":"<script> [776 bytes]","args":[{"enterText":"1710","selector":{"controlType":"sap.m.Input","viewName":"etm.portal.ui.manageyards.view.New","viewId":"application-manageyards-display-component---NewYard","bindingPath":{"path":"","propertyPath":"/SHIP_POINT","modelName":"NewYardModel"},"interaction":{"idSuffix":"inner"}},"clearTextFirst":true,"interactionType":"ENTER_TEXT"}]}
COMMAND: POST /session/ee8c0ad77c32eb6cf27ae9120157f0fa/execute/async - {"script":"<script> [1562 bytes]","args":[{"selector":{"controlType":"sap.m.Input","viewName":"etm.portal.ui.manageyards.view.New","viewId":"application-manageyards-display-component---NewYard","bindingPath":{"path":"","propertyPath":"/DELIVERY_TYPE","modelName":"NewYardModel"},"interaction":{"idSuffix":"inner"}},"wdio_ui5_key":"etmportal.ui.manageyards.view.Newsap.m.Input{\"path\":\"\",\"propertyPath\":\"/DELIVERY_TYPE\",\"modelName\":\"NewYardModel\"}"}]}
RESULT: {"script":"<script> [1562 bytes]","args":[{"selector":{"controlType":"sap.m.Input","viewName":"etm.portal.ui.manageyards.view.New","viewId":"application-manageyards-display-component---NewYard","bindingPath":{"path":"","propertyPath":"/DELIVERY_TYPE","modelName":"NewYardModel"},"interaction":{"idSuffix":"inner"}},"wdio_ui5_key":"etmportal.ui.manageyards.view.Newsap.m.Input{\"path\":\"\",\"propertyPath\":\"/DELIVERY_TYPE\",\"modelName\":\"NewYardModel\"}"}]}
RESULT: undefined
COMMAND: POST /session/ee8c0ad77c32eb6cf27ae9120157f0fa/execute/async - {"script":"<script> [776 bytes]","args":[{"enterText":"ZL01","selector":{"controlType":"sap.m.Input","viewName":"etm.portal.ui.manageyards.view.New","viewId":"application-manageyards-display-component---NewYard","bindingPath":{"path":"","propertyPath":"/DELIVERY_TYPE","modelName":"NewYardModel"},"interaction":{"idSuffix":"inner"}},"clearTextFirst":true,"interactionType":"ENTER_TEXT"}]}
RESULT: {"script":"<script> [776 bytes]","args":[{"enterText":"ZL01","selector":{"controlType":"sap.m.Input","viewName":"etm.portal.ui.manageyards.view.New","viewId":"application-manageyards-display-component---NewYard","bindingPath":{"path":"","propertyPath":"/DELIVERY_TYPE","modelName":"NewYardModel"},"interaction":{"idSuffix":"inner"}},"clearTextFirst":true,"interactionType":"ENTER_TEXT"}]}
COMMAND: POST /session/ee8c0ad77c32eb6cf27ae9120157f0fa/execute/async - {"script":"<script> [1562 bytes]","args":[{"selector":{"controlType":"sap.m.Input","viewName":"etm.portal.ui.manageyards.view.New","viewId":"application-manageyards-display-component---NewYard","bindingPath":{"path":"","propertyPath":"/AUART","modelName":"NewYardModel"},"interaction":{"idSuffix":"inner"}},"wdio_ui5_key":"etmportal.ui.manageyards.view.Newsap.m.Input{\"path\":\"\",\"propertyPath\":\"/AUART\",\"modelName\":\"NewYardModel\"}"}]}
RESULT: {"script":"<script> [1562 bytes]","args":[{"selector":{"controlType":"sap.m.Input","viewName":"etm.portal.ui.manageyards.view.New","viewId":"application-manageyards-display-component---NewYard","bindingPath":{"path":"","propertyPath":"/AUART","modelName":"NewYardModel"},"interaction":{"idSuffix":"inner"}},"wdio_ui5_key":"etmportal.ui.manageyards.view.Newsap.m.Input{\"path\":\"\",\"propertyPath\":\"/AUART\",\"modelName\":\"NewYardModel\"}"}]}
RESULT: undefined
COMMAND: POST /session/ee8c0ad77c32eb6cf27ae9120157f0fa/execute/async - {"script":"<script> [776 bytes]","args":[{"enterText":"TA","selector":{"controlType":"sap.m.Input","viewName":"etm.portal.ui.manageyards.view.New","viewId":"application-manageyards-display-component---NewYard","bindingPath":{"path":"","propertyPath":"/AUART","modelName":"NewYardModel"},"interaction":{"idSuffix":"inner"}},"clearTextFirst":true,"interactionType":"ENTER_TEXT"}]}
RESULT: {"script":"<script> [776 bytes]","args":[{"enterText":"TA","selector":{"controlType":"sap.m.Input","viewName":"etm.portal.ui.manageyards.view.New","viewId":"application-manageyards-display-component---NewYard","bindingPath":{"path":"","propertyPath":"/AUART","modelName":"NewYardModel"},"interaction":{"idSuffix":"inner"}},"clearTextFirst":true,"interactionType":"ENTER_TEXT"}]}
COMMAND: POST /session/ee8c0ad77c32eb6cf27ae9120157f0fa/element - {"using":"xpath","value":"//button[@data-kt=\"newYardSaveButton\"]"}
RESULT: {"using":"xpath","value":"//button[@data-kt=\"newYardSaveButton\"]"}
COMMAND: POST /session/ee8c0ad77c32eb6cf27ae9120157f0fa/element/f.4EEDEA8BBD1FF6E0A028415A04A49F5E.d.5ECB800D5D1B1D4B8DF47A52ED020812.e.6517/click - {}
RESULT: {}
COMMAND: GET /session/ee8c0ad77c32eb6cf27ae9120157f0fa/screenshot - {}
RESULT: {}
COMMAND: POST /session/ee8c0ad77c32eb6cf27ae9120157f0fa/element - {"using":"xpath","value":"//header[contains(@id, 'ObjectPageLayout-headerTitle')]/div[1]/div[2]/div[1]/span[1]"}
RESULT: {"using":"xpath","value":"//header[contains(@id, 'ObjectPageLayout-headerTitle')]/div[1]/div[2]/div[1]/span[1]"}
COMMAND: POST /session/ee8c0ad77c32eb6cf27ae9120157f0fa/elements - {"using":"xpath","value":"//header[contains(@id, 'ObjectPageLayout-headerTitle')]/div[1]/div[2]/div[1]/span[1]"}
RESULT: {"using":"xpath","value":"//header[contains(@id, 'ObjectPageLayout-headerTitle')]/div[1]/div[2]/div[1]/span[1]"}
COMMAND: POST /session/ee8c0ad77c32eb6cf27ae9120157f0fa/execute/sync - {"script":"<script> [56 bytes]","args":[{"element-6066-11e4-a52e-4f735466cecf":"f.4EEDEA8BBD1FF6E0A028415A04A49F5E.d.5ECB800D5D1B1D4B8DF47A52ED020812.e.6841","ELEMENT":"f.4EEDEA8BBD1FF6E0A028415A04A49F5E.d.5ECB800D5D1B1D4B8DF47A52ED020812.e.6841"}]}
RESULT: {"script":"<script> [56 bytes]","args":[{"element-6066-11e4-a52e-4f735466cecf":"f.4EEDEA8BBD1FF6E0A028415A04A49F5E.d.5ECB800D5D1B1D4B8DF47A52ED020812.e.6841","ELEMENT":"f.4EEDEA8BBD1FF6E0A028415A04A49F5E.d.5ECB800D5D1B1D4B8DF47A52ED020812.e.6841"}]}
COMMAND: GET /session/ee8c0ad77c32eb6cf27ae9120157f0fa/screenshot - {}
RESULT: {}
COMMAND: POST /session/ee8c0ad77c32eb6cf27ae9120157f0fa/element - {"using":"css selector","value":"#shell-header-logo"}
RESULT: {"using":"css selector","value":"#shell-header-logo"}
COMMAND: POST /session/ee8c0ad77c32eb6cf27ae9120157f0fa/element/f.4EEDEA8BBD1FF6E0A028415A04A49F5E.d.5ECB800D5D1B1D4B8DF47A52ED020812.e.6094/click - {}
RESULT: {}
COMMAND: GET /session/ee8c0ad77c32eb6cf27ae9120157f0fa/screenshot - {}
RESULT: {}
COMMAND: POST /session/ee8c0ad77c32eb6cf27ae9120157f0fa/execute/sync - {"script":"<script> [299 bytes]","args":[["getModel","getResource"]]}
RESULT: {"script":"<script> [299 bytes]","args":[["getModel","getResource"]]}
]]></system-out>
    </testcase>
    <testcase classname="chrome.136_0_7103_49.windows.Create_master_data_for_mixed_billing_&amp;_do_billing_calculation_US151661" name="Should create a new partner" time="141.291">
      <system-out><![CDATA[
COMMAND: GET /session/ee8c0ad77c32eb6cf27ae9120157f0fa/screenshot - {}
COMMAND: POST /session/ee8c0ad77c32eb6cf27ae9120157f0fa/window/fullscreen - {}
RESULT: {}
RESULT: {}
COMMAND: POST /session/ee8c0ad77c32eb6cf27ae9120157f0fa/execute/async - {"script":"<script> [1562 bytes]","args":[{"selector":{"controlType":"sap.m.GenericTile","properties":{"header":"Manage Partners"}},"wdio_ui5_key":"sapm.GenericTile{\"header\":\"Manage Partners\"}"}]}
RESULT: {"script":"<script> [1562 bytes]","args":[{"selector":{"controlType":"sap.m.GenericTile","properties":{"header":"Manage Partners"}},"wdio_ui5_key":"sapm.GenericTile{\"header\":\"Manage Partners\"}"}]}
RESULT: undefined
COMMAND: POST /session/ee8c0ad77c32eb6cf27ae9120157f0fa/element - {"using":"xpath","value":"//*[@id=\"__tile38\"]"}
RESULT: {"using":"xpath","value":"//*[@id=\"__tile38\"]"}
COMMAND: POST /session/ee8c0ad77c32eb6cf27ae9120157f0fa/element/f.4EEDEA8BBD1FF6E0A028415A04A49F5E.d.5ECB800D5D1B1D4B8DF47A52ED020812.e.5994/click - {}
RESULT: {}
COMMAND: GET /session/ee8c0ad77c32eb6cf27ae9120157f0fa/screenshot - {}
RESULT: {}
COMMAND: POST /session/ee8c0ad77c32eb6cf27ae9120157f0fa/elements - {"using":"xpath","value":"//span[text()='Error']"}
RESULT: {"using":"xpath","value":"//span[text()='Error']"}
COMMAND: POST /session/ee8c0ad77c32eb6cf27ae9120157f0fa/element - {"using":"xpath","value":"//button[@data-kt=\"addButton\"]"}
RESULT: {"using":"xpath","value":"//button[@data-kt=\"addButton\"]"}
COMMAND: POST /session/ee8c0ad77c32eb6cf27ae9120157f0fa/elements - {"using":"xpath","value":"//button[@data-kt=\"addButton\"]"}
RESULT: {"using":"xpath","value":"//button[@data-kt=\"addButton\"]"}
COMMAND: POST /session/ee8c0ad77c32eb6cf27ae9120157f0fa/execute/sync - {"script":"<script> [8489 bytes]","args":[{"element-6066-11e4-a52e-4f735466cecf":"f.4EEDEA8BBD1FF6E0A028415A04A49F5E.d.5ECB800D5D1B1D4B8DF47A52ED020812.e.6879","ELEMENT":"f.4EEDEA8BBD1FF6E0A028415A04A49F5E.d.5ECB800D5D1B1D4B8DF47A52ED020812.e.6879"}]}
RESULT: {"script":"<script> [8489 bytes]","args":[{"element-6066-11e4-a52e-4f735466cecf":"f.4EEDEA8BBD1FF6E0A028415A04A49F5E.d.5ECB800D5D1B1D4B8DF47A52ED020812.e.6879","ELEMENT":"f.4EEDEA8BBD1FF6E0A028415A04A49F5E.d.5ECB800D5D1B1D4B8DF47A52ED020812.e.6879"}]}
COMMAND: GET /session/ee8c0ad77c32eb6cf27ae9120157f0fa/element/f.4EEDEA8BBD1FF6E0A028415A04A49F5E.d.5ECB800D5D1B1D4B8DF47A52ED020812.e.6879/enabled - {}
COMMAND: GET /session/ee8c0ad77c32eb6cf27ae9120157f0fa/screenshot - {}
RESULT: {}
COMMAND: POST /session/ee8c0ad77c32eb6cf27ae9120157f0fa/execute/sync - {"script":"<script> [8489 bytes]","args":[{"element-6066-11e4-a52e-4f735466cecf":"f.4EEDEA8BBD1FF6E0A028415A04A49F5E.d.5ECB800D5D1B1D4B8DF47A52ED020812.e.6879","ELEMENT":"f.4EEDEA8BBD1FF6E0A028415A04A49F5E.d.5ECB800D5D1B1D4B8DF47A52ED020812.e.6879"}]}
COMMAND: GET /session/ee8c0ad77c32eb6cf27ae9120157f0fa/screenshot - {}
RESULT: {}
RESULT: {"script":"<script> [8489 bytes]","args":[{"element-6066-11e4-a52e-4f735466cecf":"f.4EEDEA8BBD1FF6E0A028415A04A49F5E.d.5ECB800D5D1B1D4B8DF47A52ED020812.e.6879","ELEMENT":"f.4EEDEA8BBD1FF6E0A028415A04A49F5E.d.5ECB800D5D1B1D4B8DF47A52ED020812.e.6879"}]}
COMMAND: POST /session/ee8c0ad77c32eb6cf27ae9120157f0fa/execute/sync - {"script":"<script> [5351 bytes]","args":[{"element-6066-11e4-a52e-4f735466cecf":"f.4EEDEA8BBD1FF6E0A028415A04A49F5E.d.5ECB800D5D1B1D4B8DF47A52ED020812.e.6879","ELEMENT":"f.4EEDEA8BBD1FF6E0A028415A04A49F5E.d.5ECB800D5D1B1D4B8DF47A52ED020812.e.6879"}]}
COMMAND: GET /session/ee8c0ad77c32eb6cf27ae9120157f0fa/screenshot - {}
RESULT: {}
RESULT: {"script":"<script> [5351 bytes]","args":[{"element-6066-11e4-a52e-4f735466cecf":"f.4EEDEA8BBD1FF6E0A028415A04A49F5E.d.5ECB800D5D1B1D4B8DF47A52ED020812.e.6879","ELEMENT":"f.4EEDEA8BBD1FF6E0A028415A04A49F5E.d.5ECB800D5D1B1D4B8DF47A52ED020812.e.6879"}]}
COMMAND: POST /session/ee8c0ad77c32eb6cf27ae9120157f0fa/element/f.4EEDEA8BBD1FF6E0A028415A04A49F5E.d.5ECB800D5D1B1D4B8DF47A52ED020812.e.6879/click - {}
COMMAND: GET /session/ee8c0ad77c32eb6cf27ae9120157f0fa/screenshot - {}
RESULT: {}
RESULT: {}
COMMAND: GET /session/ee8c0ad77c32eb6cf27ae9120157f0fa/screenshot - {}
COMMAND: POST /session/ee8c0ad77c32eb6cf27ae9120157f0fa/execute/async - {"script":"<script> [1562 bytes]","args":[{"selector":{"id":"application-managepartners-display-component---NewPartner--addressDetailDetailsName1","interaction":{"idSuffix":"inner"}},"wdio_ui5_key":"applicationmanagepartners-display-component---NewPartner--addressDetailDetailsName1"}]}
RESULT: {}
RESULT: {}
RESULT: {"script":"<script> [1562 bytes]","args":[{"selector":{"id":"application-managepartners-display-component---NewPartner--addressDetailDetailsName1","interaction":{"idSuffix":"inner"}},"wdio_ui5_key":"applicationmanagepartners-display-component---NewPartner--addressDetailDetailsName1"}]}
RESULT: undefined
COMMAND: POST /session/ee8c0ad77c32eb6cf27ae9120157f0fa/execute/async - {"script":"<script> [776 bytes]","args":[{"enterText":"Intercompany Partner WDIO","selector":{"id":"application-managepartners-display-component---NewPartner--addressDetailDetailsName1","interaction":{"idSuffix":"inner"}},"clearTextFirst":true,"interactionType":"ENTER_TEXT"}]}
RESULT: {"script":"<script> [776 bytes]","args":[{"enterText":"Intercompany Partner WDIO","selector":{"id":"application-managepartners-display-component---NewPartner--addressDetailDetailsName1","interaction":{"idSuffix":"inner"}},"clearTextFirst":true,"interactionType":"ENTER_TEXT"}]}
COMMAND: POST /session/ee8c0ad77c32eb6cf27ae9120157f0fa/execute/async - {"script":"<script> [1562 bytes]","args":[{"selector":{"id":"application-managepartners-display-component---NewPartner--addressDetailDetailsLanguage-arrow"},"wdio_ui5_key":"applicationmanagepartners-display-component---NewPartner--addressDetailDetailsLanguage-arrow"}]}
RESULT: {"script":"<script> [1562 bytes]","args":[{"selector":{"id":"application-managepartners-display-component---NewPartner--addressDetailDetailsLanguage-arrow"},"wdio_ui5_key":"applicationmanagepartners-display-component---NewPartner--addressDetailDetailsLanguage-arrow"}]}
RESULT: undefined
COMMAND: POST /session/ee8c0ad77c32eb6cf27ae9120157f0fa/element - {"using":"xpath","value":"//*[@id=\"application-managepartners-display-component---NewPartner--addressDetailDetailsLanguage-arrow\"]"}
RESULT: {"using":"xpath","value":"//*[@id=\"application-managepartners-display-component---NewPartner--addressDetailDetailsLanguage-arrow\"]"}
COMMAND: POST /session/ee8c0ad77c32eb6cf27ae9120157f0fa/element/f.4EEDEA8BBD1FF6E0A028415A04A49F5E.d.5ECB800D5D1B1D4B8DF47A52ED020812.e.7327/click - {}
RESULT: {}
COMMAND: POST /session/ee8c0ad77c32eb6cf27ae9120157f0fa/element - {"using":"xpath","value":"//span[contains(text(), \"English\")]"}
COMMAND: GET /session/ee8c0ad77c32eb6cf27ae9120157f0fa/screenshot - {}
RESULT: {"using":"xpath","value":"//span[contains(text(), \"English\")]"}
COMMAND: POST /session/ee8c0ad77c32eb6cf27ae9120157f0fa/element/f.4EEDEA8BBD1FF6E0A028415A04A49F5E.d.5ECB800D5D1B1D4B8DF47A52ED020812.e.7328/click - {}
RESULT: {}
RESULT: {}
COMMAND: GET /session/ee8c0ad77c32eb6cf27ae9120157f0fa/screenshot - {}
RESULT: {}
COMMAND: POST /session/ee8c0ad77c32eb6cf27ae9120157f0fa/execute/async - {"script":"<script> [1562 bytes]","args":[{"selector":{"id":"application-managepartners-display-component---NewPartner--addressDetailDetailsCity1","interaction":{"idSuffix":"inner"}},"wdio_ui5_key":"applicationmanagepartners-display-component---NewPartner--addressDetailDetailsCity1"}]}
RESULT: {"script":"<script> [1562 bytes]","args":[{"selector":{"id":"application-managepartners-display-component---NewPartner--addressDetailDetailsCity1","interaction":{"idSuffix":"inner"}},"wdio_ui5_key":"applicationmanagepartners-display-component---NewPartner--addressDetailDetailsCity1"}]}
RESULT: undefined
COMMAND: POST /session/ee8c0ad77c32eb6cf27ae9120157f0fa/execute/async - {"script":"<script> [776 bytes]","args":[{"enterText":"Rosario","selector":{"id":"application-managepartners-display-component---NewPartner--addressDetailDetailsCity1","interaction":{"idSuffix":"inner"}},"clearTextFirst":true,"interactionType":"ENTER_TEXT"}]}
RESULT: {"script":"<script> [776 bytes]","args":[{"enterText":"Rosario","selector":{"id":"application-managepartners-display-component---NewPartner--addressDetailDetailsCity1","interaction":{"idSuffix":"inner"}},"clearTextFirst":true,"interactionType":"ENTER_TEXT"}]}
COMMAND: POST /session/ee8c0ad77c32eb6cf27ae9120157f0fa/execute/async - {"script":"<script> [1562 bytes]","args":[{"selector":{"id":"application-managepartners-display-component---NewPartner--addressDetailDetailsCountry-arrow"},"wdio_ui5_key":"applicationmanagepartners-display-component---NewPartner--addressDetailDetailsCountry-arrow"}]}
RESULT: {"script":"<script> [1562 bytes]","args":[{"selector":{"id":"application-managepartners-display-component---NewPartner--addressDetailDetailsCountry-arrow"},"wdio_ui5_key":"applicationmanagepartners-display-component---NewPartner--addressDetailDetailsCountry-arrow"}]}
RESULT: undefined
COMMAND: POST /session/ee8c0ad77c32eb6cf27ae9120157f0fa/element - {"using":"xpath","value":"//*[@id=\"application-managepartners-display-component---NewPartner--addressDetailDetailsCountry-arrow\"]"}
RESULT: {"using":"xpath","value":"//*[@id=\"application-managepartners-display-component---NewPartner--addressDetailDetailsCountry-arrow\"]"}
COMMAND: POST /session/ee8c0ad77c32eb6cf27ae9120157f0fa/element/f.4EEDEA8BBD1FF6E0A028415A04A49F5E.d.5ECB800D5D1B1D4B8DF47A52ED020812.e.7295/click - {}
RESULT: {}
COMMAND: POST /session/ee8c0ad77c32eb6cf27ae9120157f0fa/element - {"using":"xpath","value":"//span[contains(text(), \"Argentina\")]"}
COMMAND: GET /session/ee8c0ad77c32eb6cf27ae9120157f0fa/screenshot - {}
RESULT: {"using":"xpath","value":"//span[contains(text(), \"Argentina\")]"}
COMMAND: POST /session/ee8c0ad77c32eb6cf27ae9120157f0fa/element/f.4EEDEA8BBD1FF6E0A028415A04A49F5E.d.5ECB800D5D1B1D4B8DF47A52ED020812.e.7330/click - {}
RESULT: {}
RESULT: {}
COMMAND: GET /session/ee8c0ad77c32eb6cf27ae9120157f0fa/screenshot - {}
RESULT: {}
COMMAND: POST /session/ee8c0ad77c32eb6cf27ae9120157f0fa/element - {"using":"xpath","value":"//bdi[contains(text(), \"Commercial\")]"}
RESULT: {"using":"xpath","value":"//bdi[contains(text(), \"Commercial\")]"}
COMMAND: POST /session/ee8c0ad77c32eb6cf27ae9120157f0fa/element/f.4EEDEA8BBD1FF6E0A028415A04A49F5E.d.5ECB800D5D1B1D4B8DF47A52ED020812.e.7331/click - {}
RESULT: {}
COMMAND: GET /session/ee8c0ad77c32eb6cf27ae9120157f0fa/screenshot - {}
RESULT: {}
COMMAND: POST /session/ee8c0ad77c32eb6cf27ae9120157f0fa/execute/async - {"script":"<script> [1562 bytes]","args":[{"selector":{"id":"application-managepartners-display-component---NewPartner--partnerDetailInternal-arrow"},"wdio_ui5_key":"applicationmanagepartners-display-component---NewPartner--partnerDetailInternal-arrow"}]}
RESULT: {"script":"<script> [1562 bytes]","args":[{"selector":{"id":"application-managepartners-display-component---NewPartner--partnerDetailInternal-arrow"},"wdio_ui5_key":"applicationmanagepartners-display-component---NewPartner--partnerDetailInternal-arrow"}]}
RESULT: undefined
COMMAND: POST /session/ee8c0ad77c32eb6cf27ae9120157f0fa/element - {"using":"xpath","value":"//*[@id=\"application-managepartners-display-component---NewPartner--partnerDetailInternal-arrow\"]"}
RESULT: {"using":"xpath","value":"//*[@id=\"application-managepartners-display-component---NewPartner--partnerDetailInternal-arrow\"]"}
COMMAND: POST /session/ee8c0ad77c32eb6cf27ae9120157f0fa/element/f.4EEDEA8BBD1FF6E0A028415A04A49F5E.d.5ECB800D5D1B1D4B8DF47A52ED020812.e.7337/click - {}
RESULT: {}
COMMAND: POST /session/ee8c0ad77c32eb6cf27ae9120157f0fa/element - {"using":"xpath","value":"//span[contains(text(), \"Affiliated company\")]"}
COMMAND: GET /session/ee8c0ad77c32eb6cf27ae9120157f0fa/screenshot - {}
RESULT: {"using":"xpath","value":"//span[contains(text(), \"Affiliated company\")]"}
COMMAND: POST /session/ee8c0ad77c32eb6cf27ae9120157f0fa/element/f.4EEDEA8BBD1FF6E0A028415A04A49F5E.d.5ECB800D5D1B1D4B8DF47A52ED020812.e.7340/click - {}
RESULT: {}
RESULT: {}
COMMAND: POST /session/ee8c0ad77c32eb6cf27ae9120157f0fa/execute/async - {"script":"<script> [1562 bytes]","args":[{"selector":{"id":"application-managepartners-display-component---NewPartner--partnerDetailsCurrency-arrow"},"wdio_ui5_key":"applicationmanagepartners-display-component---NewPartner--partnerDetailsCurrency-arrow"}]}
COMMAND: GET /session/ee8c0ad77c32eb6cf27ae9120157f0fa/screenshot - {}
RESULT: {"script":"<script> [1562 bytes]","args":[{"selector":{"id":"application-managepartners-display-component---NewPartner--partnerDetailsCurrency-arrow"},"wdio_ui5_key":"applicationmanagepartners-display-component---NewPartner--partnerDetailsCurrency-arrow"}]}
RESULT: undefined
COMMAND: POST /session/ee8c0ad77c32eb6cf27ae9120157f0fa/element - {"using":"xpath","value":"//*[@id=\"application-managepartners-display-component---NewPartner--partnerDetailsCurrency-arrow\"]"}
RESULT: {}
RESULT: {"using":"xpath","value":"//*[@id=\"application-managepartners-display-component---NewPartner--partnerDetailsCurrency-arrow\"]"}
COMMAND: POST /session/ee8c0ad77c32eb6cf27ae9120157f0fa/element/f.4EEDEA8BBD1FF6E0A028415A04A49F5E.d.5ECB800D5D1B1D4B8DF47A52ED020812.e.7347/click - {}
RESULT: {}
COMMAND: POST /session/ee8c0ad77c32eb6cf27ae9120157f0fa/element - {"using":"xpath","value":"//span[contains(text(), \"Euro\")]"}
COMMAND: GET /session/ee8c0ad77c32eb6cf27ae9120157f0fa/screenshot - {}
RESULT: {"using":"xpath","value":"//span[contains(text(), \"Euro\")]"}
COMMAND: POST /session/ee8c0ad77c32eb6cf27ae9120157f0fa/element/f.4EEDEA8BBD1FF6E0A028415A04A49F5E.d.5ECB800D5D1B1D4B8DF47A52ED020812.e.7348/click - {}
RESULT: {}
RESULT: {}
COMMAND: POST /session/ee8c0ad77c32eb6cf27ae9120157f0fa/execute/async - {"script":"<script> [1562 bytes]","args":[{"selector":{"id":"application-managepartners-display-component---NewPartner--addressEditDetailsCostObjectCstType-arrow"},"wdio_ui5_key":"applicationmanagepartners-display-component---NewPartner--addressEditDetailsCostObjectCstType-arrow"}]}
COMMAND: GET /session/ee8c0ad77c32eb6cf27ae9120157f0fa/screenshot - {}
RESULT: {"script":"<script> [1562 bytes]","args":[{"selector":{"id":"application-managepartners-display-component---NewPartner--addressEditDetailsCostObjectCstType-arrow"},"wdio_ui5_key":"applicationmanagepartners-display-component---NewPartner--addressEditDetailsCostObjectCstType-arrow"}]}
RESULT: undefined
COMMAND: POST /session/ee8c0ad77c32eb6cf27ae9120157f0fa/element - {"using":"xpath","value":"//*[@id=\"application-managepartners-display-component---NewPartner--addressEditDetailsCostObjectCstType-arrow\"]"}
RESULT: {}
RESULT: {"using":"xpath","value":"//*[@id=\"application-managepartners-display-component---NewPartner--addressEditDetailsCostObjectCstType-arrow\"]"}
COMMAND: POST /session/ee8c0ad77c32eb6cf27ae9120157f0fa/element/f.4EEDEA8BBD1FF6E0A028415A04A49F5E.d.5ECB800D5D1B1D4B8DF47A52ED020812.e.7349/click - {}
RESULT: {}
COMMAND: POST /session/ee8c0ad77c32eb6cf27ae9120157f0fa/element - {"using":"xpath","value":"//span[contains(text(), \"Cost Center\")]"}
COMMAND: GET /session/ee8c0ad77c32eb6cf27ae9120157f0fa/screenshot - {}
RESULT: {"using":"xpath","value":"//span[contains(text(), \"Cost Center\")]"}
COMMAND: POST /session/ee8c0ad77c32eb6cf27ae9120157f0fa/element/f.4EEDEA8BBD1FF6E0A028415A04A49F5E.d.5ECB800D5D1B1D4B8DF47A52ED020812.e.7350/click - {}
RESULT: {}
RESULT: {}
COMMAND: GET /session/ee8c0ad77c32eb6cf27ae9120157f0fa/screenshot - {}
RESULT: {}
COMMAND: POST /session/ee8c0ad77c32eb6cf27ae9120157f0fa/element - {"using":"xpath","value":"//span[@id=\"application-managepartners-display-component---NewPartner--addressNewCostObjectCstID-vhi\"]"}
RESULT: {"using":"xpath","value":"//span[@id=\"application-managepartners-display-component---NewPartner--addressNewCostObjectCstID-vhi\"]"}
COMMAND: POST /session/ee8c0ad77c32eb6cf27ae9120157f0fa/execute/sync - {"script":"<script> [8489 bytes]","args":[{"element-6066-11e4-a52e-4f735466cecf":"f.4EEDEA8BBD1FF6E0A028415A04A49F5E.d.5ECB800D5D1B1D4B8DF47A52ED020812.e.7354","ELEMENT":"f.4EEDEA8BBD1FF6E0A028415A04A49F5E.d.5ECB800D5D1B1D4B8DF47A52ED020812.e.7354"}]}
RESULT: {"script":"<script> [8489 bytes]","args":[{"element-6066-11e4-a52e-4f735466cecf":"f.4EEDEA8BBD1FF6E0A028415A04A49F5E.d.5ECB800D5D1B1D4B8DF47A52ED020812.e.7354","ELEMENT":"f.4EEDEA8BBD1FF6E0A028415A04A49F5E.d.5ECB800D5D1B1D4B8DF47A52ED020812.e.7354"}]}
COMMAND: POST /session/ee8c0ad77c32eb6cf27ae9120157f0fa/execute/async - {"script":"<script> [1562 bytes]","args":[{"selector":{"id":"application-managepartners-display-component---NewPartner--addressNewCostObjectCstID-vhi"},"wdio_ui5_key":"applicationmanagepartners-display-component---NewPartner--addressNewCostObjectCstID-vhi"}]}
COMMAND: GET /session/ee8c0ad77c32eb6cf27ae9120157f0fa/screenshot - {}
RESULT: {"script":"<script> [1562 bytes]","args":[{"selector":{"id":"application-managepartners-display-component---NewPartner--addressNewCostObjectCstID-vhi"},"wdio_ui5_key":"applicationmanagepartners-display-component---NewPartner--addressNewCostObjectCstID-vhi"}]}
RESULT: undefined
COMMAND: POST /session/ee8c0ad77c32eb6cf27ae9120157f0fa/element - {"using":"xpath","value":"//*[@id=\"application-managepartners-display-component---NewPartner--addressNewCostObjectCstID-vhi\"]"}
RESULT: {}
RESULT: {"using":"xpath","value":"//*[@id=\"application-managepartners-display-component---NewPartner--addressNewCostObjectCstID-vhi\"]"}
COMMAND: POST /session/ee8c0ad77c32eb6cf27ae9120157f0fa/element/f.4EEDEA8BBD1FF6E0A028415A04A49F5E.d.5ECB800D5D1B1D4B8DF47A52ED020812.e.7354/click - {}
RESULT: {}
COMMAND: GET /session/ee8c0ad77c32eb6cf27ae9120157f0fa/screenshot - {}
RESULT: {}
RESULT: undefined
COMMAND: POST /session/ee8c0ad77c32eb6cf27ae9120157f0fa/execute/async - {"script":"<script> [776 bytes]","args":[{"enterText":"10001013","selector":{"controlType":"sap.m.SearchField","properties":{"placeholder":"Search"},"searchOpenDialogs":true,"interaction":{"idSuffix":"I"}},"clearTextFirst":true,"interactionType":"ENTER_TEXT"}]}
RESULT: {"script":"<script> [776 bytes]","args":[{"enterText":"10001013","selector":{"controlType":"sap.m.SearchField","properties":{"placeholder":"Search"},"searchOpenDialogs":true,"interaction":{"idSuffix":"I"}},"clearTextFirst":true,"interactionType":"ENTER_TEXT"}]}
COMMAND: POST /session/ee8c0ad77c32eb6cf27ae9120157f0fa/actions - {"actions":[{"id":"action21","type":"key","parameters":{},"actions":[{"type":"keyDown","value":"î€‡"},{"type":"pause","duration":10},{"type":"keyUp","value":"î€‡"}]}]}
RESULT: {"actions":[{"id":"action21","type":"key","parameters":{},"actions":[{"type":"keyDown","value":"î€‡"},{"type":"pause","duration":10},{"type":"keyUp","value":"î€‡"}]}]}
COMMAND: GET /session/ee8c0ad77c32eb6cf27ae9120157f0fa/screenshot - {}
RESULT: {}
COMMAND: POST /session/ee8c0ad77c32eb6cf27ae9120157f0fa/element - {"using":"xpath","value":"//span[contains(text(), \"General Management\")]"}
RESULT: {"using":"xpath","value":"//span[contains(text(), \"General Management\")]"}
COMMAND: POST /session/ee8c0ad77c32eb6cf27ae9120157f0fa/element/f.4EEDEA8BBD1FF6E0A028415A04A49F5E.d.5ECB800D5D1B1D4B8DF47A52ED020812.e.7361/click - {}
RESULT: {}
COMMAND: GET /session/ee8c0ad77c32eb6cf27ae9120157f0fa/screenshot - {}
RESULT: {}
COMMAND: POST /session/ee8c0ad77c32eb6cf27ae9120157f0fa/element - {"using":"xpath","value":"//bdi[contains(text(), \"OK\")]"}
RESULT: {"using":"xpath","value":"//bdi[contains(text(), \"OK\")]"}
COMMAND: POST /session/ee8c0ad77c32eb6cf27ae9120157f0fa/element/f.4EEDEA8BBD1FF6E0A028415A04A49F5E.d.5ECB800D5D1B1D4B8DF47A52ED020812.e.7363/click - {}
RESULT: {}
COMMAND: GET /session/ee8c0ad77c32eb6cf27ae9120157f0fa/screenshot - {}
RESULT: {}
COMMAND: POST /session/ee8c0ad77c32eb6cf27ae9120157f0fa/element - {"using":"xpath","value":"//input[@id=\"application-managepartners-display-component---NewPartner--companyCodeComboBox-inner\"]"}
RESULT: {"using":"xpath","value":"//input[@id=\"application-managepartners-display-component---NewPartner--companyCodeComboBox-inner\"]"}
COMMAND: POST /session/ee8c0ad77c32eb6cf27ae9120157f0fa/element/f.4EEDEA8BBD1FF6E0A028415A04A49F5E.d.5ECB800D5D1B1D4B8DF47A52ED020812.e.7200/clear - {}
RESULT: {}
COMMAND: POST /session/ee8c0ad77c32eb6cf27ae9120157f0fa/element/f.4EEDEA8BBD1FF6E0A028415A04A49F5E.d.5ECB800D5D1B1D4B8DF47A52ED020812.e.7200/value - {"text":"C002"}
COMMAND: GET /session/ee8c0ad77c32eb6cf27ae9120157f0fa/screenshot - {}
RESULT: {}
RESULT: {"text":"C002"}
COMMAND: GET /session/ee8c0ad77c32eb6cf27ae9120157f0fa/screenshot - {}
RESULT: {}
COMMAND: POST /session/ee8c0ad77c32eb6cf27ae9120157f0fa/element - {"using":"xpath","value":"//li[.//span[text()= \"C002\"]]"}
RESULT: {"using":"xpath","value":"//li[.//span[text()= \"C002\"]]"}
COMMAND: POST /session/ee8c0ad77c32eb6cf27ae9120157f0fa/element/f.4EEDEA8BBD1FF6E0A028415A04A49F5E.d.5ECB800D5D1B1D4B8DF47A52ED020812.e.7369/click - {}
RESULT: {}
COMMAND: GET /session/ee8c0ad77c32eb6cf27ae9120157f0fa/screenshot - {}
RESULT: {}
COMMAND: POST /session/ee8c0ad77c32eb6cf27ae9120157f0fa/execute/async - {"script":"<script> [1562 bytes]","args":[{"selector":{"id":"application-managepartners-display-component---NewPartner--btnAddTableRow-img"},"wdio_ui5_key":"applicationmanagepartners-display-component---NewPartner--btnAddTableRow-img"}]}
RESULT: {"script":"<script> [1562 bytes]","args":[{"selector":{"id":"application-managepartners-display-component---NewPartner--btnAddTableRow-img"},"wdio_ui5_key":"applicationmanagepartners-display-component---NewPartner--btnAddTableRow-img"}]}
RESULT: undefined
COMMAND: POST /session/ee8c0ad77c32eb6cf27ae9120157f0fa/element - {"using":"xpath","value":"//*[@id=\"application-managepartners-display-component---NewPartner--btnAddTableRow-img\"]"}
RESULT: {"using":"xpath","value":"//*[@id=\"application-managepartners-display-component---NewPartner--btnAddTableRow-img\"]"}
COMMAND: POST /session/ee8c0ad77c32eb6cf27ae9120157f0fa/element/f.4EEDEA8BBD1FF6E0A028415A04A49F5E.d.5ECB800D5D1B1D4B8DF47A52ED020812.e.7370/click - {}
RESULT: {}
COMMAND: GET /session/ee8c0ad77c32eb6cf27ae9120157f0fa/screenshot - {}
RESULT: {}
COMMAND: POST /session/ee8c0ad77c32eb6cf27ae9120157f0fa/element - {"using":"xpath","value":"//input[@id=\"application-managepartners-display-component---NewPartner--assignmentYard-application-managepartners-display-component---NewPartner--assignmentsTable-0-inner\"]"}
RESULT: {"using":"xpath","value":"//input[@id=\"application-managepartners-display-component---NewPartner--assignmentYard-application-managepartners-display-component---NewPartner--assignmentsTable-0-inner\"]"}
COMMAND: POST /session/ee8c0ad77c32eb6cf27ae9120157f0fa/element/f.4EEDEA8BBD1FF6E0A028415A04A49F5E.d.5ECB800D5D1B1D4B8DF47A52ED020812.e.7373/clear - {}
RESULT: {}
COMMAND: POST /session/ee8c0ad77c32eb6cf27ae9120157f0fa/element/f.4EEDEA8BBD1FF6E0A028415A04A49F5E.d.5ECB800D5D1B1D4B8DF47A52ED020812.e.7373/value - {"text":"366"}
COMMAND: GET /session/ee8c0ad77c32eb6cf27ae9120157f0fa/screenshot - {}
RESULT: {"text":"366"}
COMMAND: GET /session/ee8c0ad77c32eb6cf27ae9120157f0fa/screenshot - {}
RESULT: {}
RESULT: {}
COMMAND: POST /session/ee8c0ad77c32eb6cf27ae9120157f0fa/element - {"using":"xpath","value":"//li[.//span[text()='366']]"}
RESULT: {"using":"xpath","value":"//li[.//span[text()='366']]"}
COMMAND: POST /session/ee8c0ad77c32eb6cf27ae9120157f0fa/element/f.4EEDEA8BBD1FF6E0A028415A04A49F5E.d.5ECB800D5D1B1D4B8DF47A52ED020812.e.7382/click - {}
RESULT: {}
COMMAND: GET /session/ee8c0ad77c32eb6cf27ae9120157f0fa/screenshot - {}
RESULT: {}
COMMAND: POST /session/ee8c0ad77c32eb6cf27ae9120157f0fa/actions - {"actions":[{"id":"action22","type":"key","parameters":{},"actions":[{"type":"keyDown","value":"î€‡"},{"type":"pause","duration":10},{"type":"keyUp","value":"î€‡"}]}]}
RESULT: {"actions":[{"id":"action22","type":"key","parameters":{},"actions":[{"type":"keyDown","value":"î€‡"},{"type":"pause","duration":10},{"type":"keyUp","value":"î€‡"}]}]}
COMMAND: POST /session/ee8c0ad77c32eb6cf27ae9120157f0fa/execute/async - {"script":"<script> [1562 bytes]","args":[{"selector":{"id":"application-managepartners-display-component---NewPartner--externalCustomerComboBox-application-managepartners-display-component---NewPartner--assignmentsTable-0-vhi"},"wdio_ui5_key":"applicationmanagepartners-display-component---NewPartner--externalCustomerComboBox-application-managepartners-display-component---NewPartner--assignmentsTable-0-vhi"}]}
COMMAND: GET /session/ee8c0ad77c32eb6cf27ae9120157f0fa/screenshot - {}
RESULT: {"script":"<script> [1562 bytes]","args":[{"selector":{"id":"application-managepartners-display-component---NewPartner--externalCustomerComboBox-application-managepartners-display-component---NewPartner--assignmentsTable-0-vhi"},"wdio_ui5_key":"applicationmanagepartners-display-component---NewPartner--externalCustomerComboBox-application-managepartners-display-component---NewPartner--assignmentsTable-0-vhi"}]}
RESULT: undefined
COMMAND: POST /session/ee8c0ad77c32eb6cf27ae9120157f0fa/element - {"using":"xpath","value":"//*[@id=\"application-managepartners-display-component---NewPartner--externalCustomerComboBox-application-managepartners-display-component---NewPartner--assignmentsTable-0-vhi\"]"}
RESULT: {}
RESULT: {"using":"xpath","value":"//*[@id=\"application-managepartners-display-component---NewPartner--externalCustomerComboBox-application-managepartners-display-component---NewPartner--assignmentsTable-0-vhi\"]"}
COMMAND: POST /session/ee8c0ad77c32eb6cf27ae9120157f0fa/element/f.4EEDEA8BBD1FF6E0A028415A04A49F5E.d.5ECB800D5D1B1D4B8DF47A52ED020812.e.7386/click - {}
RESULT: {}
RESULT: undefined
COMMAND: POST /session/ee8c0ad77c32eb6cf27ae9120157f0fa/execute/async - {"script":"<script> [776 bytes]","args":[{"enterText":"300003","selector":{"controlType":"sap.m.SearchField","properties":{"placeholder":"Search"},"searchOpenDialogs":true,"interaction":{"idSuffix":"I"}},"clearTextFirst":true,"interactionType":"ENTER_TEXT"}]}
COMMAND: GET /session/ee8c0ad77c32eb6cf27ae9120157f0fa/screenshot - {}
RESULT: {"script":"<script> [776 bytes]","args":[{"enterText":"300003","selector":{"controlType":"sap.m.SearchField","properties":{"placeholder":"Search"},"searchOpenDialogs":true,"interaction":{"idSuffix":"I"}},"clearTextFirst":true,"interactionType":"ENTER_TEXT"}]}
COMMAND: POST /session/ee8c0ad77c32eb6cf27ae9120157f0fa/actions - {"actions":[{"id":"action23","type":"key","parameters":{},"actions":[{"type":"keyDown","value":"î€‡"},{"type":"pause","duration":10},{"type":"keyUp","value":"î€‡"}]}]}
RESULT: {}
RESULT: {"actions":[{"id":"action23","type":"key","parameters":{},"actions":[{"type":"keyDown","value":"î€‡"},{"type":"pause","duration":10},{"type":"keyUp","value":"î€‡"}]}]}
COMMAND: GET /session/ee8c0ad77c32eb6cf27ae9120157f0fa/screenshot - {}
RESULT: {}
COMMAND: POST /session/ee8c0ad77c32eb6cf27ae9120157f0fa/element - {"using":"xpath","value":"//span[contains(text(), \"300003\")]"}
RESULT: {"using":"xpath","value":"//span[contains(text(), \"300003\")]"}
COMMAND: POST /session/ee8c0ad77c32eb6cf27ae9120157f0fa/element/f.4EEDEA8BBD1FF6E0A028415A04A49F5E.d.5ECB800D5D1B1D4B8DF47A52ED020812.e.7404/click - {}
RESULT: {}
COMMAND: GET /session/ee8c0ad77c32eb6cf27ae9120157f0fa/screenshot - {}
RESULT: {}
COMMAND: POST /session/ee8c0ad77c32eb6cf27ae9120157f0fa/element - {"using":"xpath","value":"//bdi[contains(text(), \"OK\")]"}
RESULT: {"using":"xpath","value":"//bdi[contains(text(), \"OK\")]"}
COMMAND: POST /session/ee8c0ad77c32eb6cf27ae9120157f0fa/element/f.4EEDEA8BBD1FF6E0A028415A04A49F5E.d.5ECB800D5D1B1D4B8DF47A52ED020812.e.7406/click - {}
RESULT: {}
COMMAND: GET /session/ee8c0ad77c32eb6cf27ae9120157f0fa/screenshot - {}
RESULT: {}
COMMAND: POST /session/ee8c0ad77c32eb6cf27ae9120157f0fa/execute/async - {"script":"<script> [1562 bytes]","args":[{"selector":{"id":"application-managepartners-display-component---NewPartner--intercompVendorComboBox-application-managepartners-display-component---NewPartner--assignmentsTable-0-vhi"},"wdio_ui5_key":"applicationmanagepartners-display-component---NewPartner--intercompVendorComboBox-application-managepartners-display-component---NewPartner--assignmentsTable-0-vhi"}]}
RESULT: {"script":"<script> [1562 bytes]","args":[{"selector":{"id":"application-managepartners-display-component---NewPartner--intercompVendorComboBox-application-managepartners-display-component---NewPartner--assignmentsTable-0-vhi"},"wdio_ui5_key":"applicationmanagepartners-display-component---NewPartner--intercompVendorComboBox-application-managepartners-display-component---NewPartner--assignmentsTable-0-vhi"}]}
RESULT: undefined
COMMAND: POST /session/ee8c0ad77c32eb6cf27ae9120157f0fa/element - {"using":"xpath","value":"//*[@id=\"application-managepartners-display-component---NewPartner--intercompVendorComboBox-application-managepartners-display-component---NewPartner--assignmentsTable-0-vhi\"]"}
RESULT: {"using":"xpath","value":"//*[@id=\"application-managepartners-display-component---NewPartner--intercompVendorComboBox-application-managepartners-display-component---NewPartner--assignmentsTable-0-vhi\"]"}
COMMAND: POST /session/ee8c0ad77c32eb6cf27ae9120157f0fa/element/f.4EEDEA8BBD1FF6E0A028415A04A49F5E.d.5ECB800D5D1B1D4B8DF47A52ED020812.e.7409/click - {}
RESULT: {}
RESULT: undefined
COMMAND: POST /session/ee8c0ad77c32eb6cf27ae9120157f0fa/execute/async - {"script":"<script> [776 bytes]","args":[{"enterText":"100005","selector":{"controlType":"sap.m.SearchField","properties":{"placeholder":"Search"},"searchOpenDialogs":true,"interaction":{"idSuffix":"I"}},"clearTextFirst":true,"interactionType":"ENTER_TEXT"}]}
COMMAND: GET /session/ee8c0ad77c32eb6cf27ae9120157f0fa/screenshot - {}
RESULT: {"script":"<script> [776 bytes]","args":[{"enterText":"100005","selector":{"controlType":"sap.m.SearchField","properties":{"placeholder":"Search"},"searchOpenDialogs":true,"interaction":{"idSuffix":"I"}},"clearTextFirst":true,"interactionType":"ENTER_TEXT"}]}
COMMAND: POST /session/ee8c0ad77c32eb6cf27ae9120157f0fa/actions - {"actions":[{"id":"action24","type":"key","parameters":{},"actions":[{"type":"keyDown","value":"î€‡"},{"type":"pause","duration":10},{"type":"keyUp","value":"î€‡"}]}]}
RESULT: {}
RESULT: {"actions":[{"id":"action24","type":"key","parameters":{},"actions":[{"type":"keyDown","value":"î€‡"},{"type":"pause","duration":10},{"type":"keyUp","value":"î€‡"}]}]}
COMMAND: GET /session/ee8c0ad77c32eb6cf27ae9120157f0fa/screenshot - {}
RESULT: {}
COMMAND: POST /session/ee8c0ad77c32eb6cf27ae9120157f0fa/element - {"using":"xpath","value":"//span[contains(text(), \"Penguins - Field/12345 Berlin\")]"}
RESULT: {"using":"xpath","value":"//span[contains(text(), \"Penguins - Field/12345 Berlin\")]"}
COMMAND: POST /session/ee8c0ad77c32eb6cf27ae9120157f0fa/element/f.4EEDEA8BBD1FF6E0A028415A04A49F5E.d.5ECB800D5D1B1D4B8DF47A52ED020812.e.7426/click - {}
RESULT: {}
COMMAND: GET /session/ee8c0ad77c32eb6cf27ae9120157f0fa/screenshot - {}
RESULT: {}
COMMAND: POST /session/ee8c0ad77c32eb6cf27ae9120157f0fa/element - {"using":"xpath","value":"//bdi[contains(text(), \"OK\")]"}
RESULT: {"using":"xpath","value":"//bdi[contains(text(), \"OK\")]"}
COMMAND: POST /session/ee8c0ad77c32eb6cf27ae9120157f0fa/element/f.4EEDEA8BBD1FF6E0A028415A04A49F5E.d.5ECB800D5D1B1D4B8DF47A52ED020812.e.7427/click - {}
RESULT: {}
COMMAND: GET /session/ee8c0ad77c32eb6cf27ae9120157f0fa/screenshot - {}
RESULT: {}
COMMAND: POST /session/ee8c0ad77c32eb6cf27ae9120157f0fa/element - {"using":"xpath","value":"//button[@data-kt=\"saveButton\"]"}
RESULT: {"using":"xpath","value":"//button[@data-kt=\"saveButton\"]"}
COMMAND: POST /session/ee8c0ad77c32eb6cf27ae9120157f0fa/element/f.4EEDEA8BBD1FF6E0A028415A04A49F5E.d.5ECB800D5D1B1D4B8DF47A52ED020812.e.7238/click - {}
RESULT: {}
COMMAND: GET /session/ee8c0ad77c32eb6cf27ae9120157f0fa/screenshot - {}
RESULT: {}
COMMAND: POST /session/ee8c0ad77c32eb6cf27ae9120157f0fa/element - {"using":"xpath","value":"//header[contains(@id, 'ObjectPageLayout-headerTitle')]/div[1]/div[2]/div[2]/span[1]"}
RESULT: {"using":"xpath","value":"//header[contains(@id, 'ObjectPageLayout-headerTitle')]/div[1]/div[2]/div[2]/span[1]"}
COMMAND: POST /session/ee8c0ad77c32eb6cf27ae9120157f0fa/elements - {"using":"xpath","value":"//header[contains(@id, 'ObjectPageLayout-headerTitle')]/div[1]/div[2]/div[2]/span[1]"}
RESULT: {"using":"xpath","value":"//header[contains(@id, 'ObjectPageLayout-headerTitle')]/div[1]/div[2]/div[2]/span[1]"}
COMMAND: POST /session/ee8c0ad77c32eb6cf27ae9120157f0fa/execute/sync - {"script":"<script> [56 bytes]","args":[{"element-6066-11e4-a52e-4f735466cecf":"f.4EEDEA8BBD1FF6E0A028415A04A49F5E.d.5ECB800D5D1B1D4B8DF47A52ED020812.e.7591","ELEMENT":"f.4EEDEA8BBD1FF6E0A028415A04A49F5E.d.5ECB800D5D1B1D4B8DF47A52ED020812.e.7591"}]}
RESULT: {"script":"<script> [56 bytes]","args":[{"element-6066-11e4-a52e-4f735466cecf":"f.4EEDEA8BBD1FF6E0A028415A04A49F5E.d.5ECB800D5D1B1D4B8DF47A52ED020812.e.7591","ELEMENT":"f.4EEDEA8BBD1FF6E0A028415A04A49F5E.d.5ECB800D5D1B1D4B8DF47A52ED020812.e.7591"}]}
COMMAND: POST /session/ee8c0ad77c32eb6cf27ae9120157f0fa/element - {"using":"css selector","value":"#shell-header-logo"}
COMMAND: GET /session/ee8c0ad77c32eb6cf27ae9120157f0fa/screenshot - {}
RESULT: {"using":"css selector","value":"#shell-header-logo"}
COMMAND: POST /session/ee8c0ad77c32eb6cf27ae9120157f0fa/element/f.4EEDEA8BBD1FF6E0A028415A04A49F5E.d.5ECB800D5D1B1D4B8DF47A52ED020812.e.6845/click - {}
RESULT: {}
RESULT: {}
COMMAND: GET /session/ee8c0ad77c32eb6cf27ae9120157f0fa/screenshot - {}
RESULT: {}
COMMAND: POST /session/ee8c0ad77c32eb6cf27ae9120157f0fa/execute/sync - {"script":"<script> [299 bytes]","args":[["getModel","getResource"]]}
RESULT: {"script":"<script> [299 bytes]","args":[["getModel","getResource"]]}
]]></system-out>
    </testcase>
    <testcase classname="chrome.136_0_7103_49.windows.Create_master_data_for_mixed_billing_&amp;_do_billing_calculation_US151661" name="Should create a new site" time="114.692">
      <system-out><![CDATA[
COMMAND: GET /session/ee8c0ad77c32eb6cf27ae9120157f0fa/screenshot - {}
COMMAND: POST /session/ee8c0ad77c32eb6cf27ae9120157f0fa/execute/async - {"script":"<script> [1562 bytes]","args":[{"selector":{"controlType":"sap.m.GenericTile","properties":{"header":"Manage Sites"}},"wdio_ui5_key":"sapm.GenericTile{\"header\":\"Manage Sites\"}"}]}
RESULT: {}
RESULT: {"script":"<script> [1562 bytes]","args":[{"selector":{"controlType":"sap.m.GenericTile","properties":{"header":"Manage Sites"}},"wdio_ui5_key":"sapm.GenericTile{\"header\":\"Manage Sites\"}"}]}
RESULT: undefined
COMMAND: POST /session/ee8c0ad77c32eb6cf27ae9120157f0fa/element - {"using":"xpath","value":"//*[@id=\"__tile40\"]"}
RESULT: {"using":"xpath","value":"//*[@id=\"__tile40\"]"}
COMMAND: POST /session/ee8c0ad77c32eb6cf27ae9120157f0fa/element/f.4EEDEA8BBD1FF6E0A028415A04A49F5E.d.5ECB800D5D1B1D4B8DF47A52ED020812.e.6000/click - {}
RESULT: {}
COMMAND: GET /session/ee8c0ad77c32eb6cf27ae9120157f0fa/screenshot - {}
COMMAND: POST /session/ee8c0ad77c32eb6cf27ae9120157f0fa/elements - {"using":"xpath","value":"//span[text()='Error']"}
RESULT: {}
RESULT: {"using":"xpath","value":"//span[text()='Error']"}
COMMAND: POST /session/ee8c0ad77c32eb6cf27ae9120157f0fa/element - {"using":"xpath","value":"//button[@data-kt=\"addOverflowToolbarButton\"]"}
RESULT: {"using":"xpath","value":"//button[@data-kt=\"addOverflowToolbarButton\"]"}
COMMAND: POST /session/ee8c0ad77c32eb6cf27ae9120157f0fa/elements - {"using":"xpath","value":"//button[@data-kt=\"addOverflowToolbarButton\"]"}
RESULT: {"using":"xpath","value":"//button[@data-kt=\"addOverflowToolbarButton\"]"}
COMMAND: POST /session/ee8c0ad77c32eb6cf27ae9120157f0fa/execute/sync - {"script":"<script> [8489 bytes]","args":[{"element-6066-11e4-a52e-4f735466cecf":"f.4EEDEA8BBD1FF6E0A028415A04A49F5E.d.5ECB800D5D1B1D4B8DF47A52ED020812.e.7639","ELEMENT":"f.4EEDEA8BBD1FF6E0A028415A04A49F5E.d.5ECB800D5D1B1D4B8DF47A52ED020812.e.7639"}]}
RESULT: {"script":"<script> [8489 bytes]","args":[{"element-6066-11e4-a52e-4f735466cecf":"f.4EEDEA8BBD1FF6E0A028415A04A49F5E.d.5ECB800D5D1B1D4B8DF47A52ED020812.e.7639","ELEMENT":"f.4EEDEA8BBD1FF6E0A028415A04A49F5E.d.5ECB800D5D1B1D4B8DF47A52ED020812.e.7639"}]}
COMMAND: GET /session/ee8c0ad77c32eb6cf27ae9120157f0fa/element/f.4EEDEA8BBD1FF6E0A028415A04A49F5E.d.5ECB800D5D1B1D4B8DF47A52ED020812.e.7639/enabled - {}
COMMAND: GET /session/ee8c0ad77c32eb6cf27ae9120157f0fa/screenshot - {}
RESULT: {}
COMMAND: POST /session/ee8c0ad77c32eb6cf27ae9120157f0fa/execute/sync - {"script":"<script> [8489 bytes]","args":[{"element-6066-11e4-a52e-4f735466cecf":"f.4EEDEA8BBD1FF6E0A028415A04A49F5E.d.5ECB800D5D1B1D4B8DF47A52ED020812.e.7639","ELEMENT":"f.4EEDEA8BBD1FF6E0A028415A04A49F5E.d.5ECB800D5D1B1D4B8DF47A52ED020812.e.7639"}]}
COMMAND: GET /session/ee8c0ad77c32eb6cf27ae9120157f0fa/screenshot - {}
RESULT: {}
RESULT: {"script":"<script> [8489 bytes]","args":[{"element-6066-11e4-a52e-4f735466cecf":"f.4EEDEA8BBD1FF6E0A028415A04A49F5E.d.5ECB800D5D1B1D4B8DF47A52ED020812.e.7639","ELEMENT":"f.4EEDEA8BBD1FF6E0A028415A04A49F5E.d.5ECB800D5D1B1D4B8DF47A52ED020812.e.7639"}]}
COMMAND: POST /session/ee8c0ad77c32eb6cf27ae9120157f0fa/execute/sync - {"script":"<script> [5351 bytes]","args":[{"element-6066-11e4-a52e-4f735466cecf":"f.4EEDEA8BBD1FF6E0A028415A04A49F5E.d.5ECB800D5D1B1D4B8DF47A52ED020812.e.7639","ELEMENT":"f.4EEDEA8BBD1FF6E0A028415A04A49F5E.d.5ECB800D5D1B1D4B8DF47A52ED020812.e.7639"}]}
COMMAND: GET /session/ee8c0ad77c32eb6cf27ae9120157f0fa/screenshot - {}
RESULT: {}
RESULT: {"script":"<script> [5351 bytes]","args":[{"element-6066-11e4-a52e-4f735466cecf":"f.4EEDEA8BBD1FF6E0A028415A04A49F5E.d.5ECB800D5D1B1D4B8DF47A52ED020812.e.7639","ELEMENT":"f.4EEDEA8BBD1FF6E0A028415A04A49F5E.d.5ECB800D5D1B1D4B8DF47A52ED020812.e.7639"}]}
COMMAND: POST /session/ee8c0ad77c32eb6cf27ae9120157f0fa/element/f.4EEDEA8BBD1FF6E0A028415A04A49F5E.d.5ECB800D5D1B1D4B8DF47A52ED020812.e.7639/click - {}
COMMAND: GET /session/ee8c0ad77c32eb6cf27ae9120157f0fa/screenshot - {}
RESULT: {}
RESULT: {}
COMMAND: GET /session/ee8c0ad77c32eb6cf27ae9120157f0fa/screenshot - {}
RESULT: {}
RESULT: {}
COMMAND: POST /session/ee8c0ad77c32eb6cf27ae9120157f0fa/element - {"using":"xpath","value":"//input[@id=\"application-managesites-display-component---NewSite--siteId-inner\"]"}
RESULT: {"using":"xpath","value":"//input[@id=\"application-managesites-display-component---NewSite--siteId-inner\"]"}
COMMAND: POST /session/ee8c0ad77c32eb6cf27ae9120157f0fa/element - {"using":"xpath","value":"//input[@id=\"application-managesites-display-component---NewSite--siteId-inner\"]"}
RESULT: {"using":"xpath","value":"//input[@id=\"application-managesites-display-component---NewSite--siteId-inner\"]"}
COMMAND: POST /session/ee8c0ad77c32eb6cf27ae9120157f0fa/execute/async - {"script":"<script> [1562 bytes]","args":[{"selector":{"id":"application-managesites-display-component---NewSite--addressDetailDetailsName1","interaction":{"idSuffix":"inner"}},"wdio_ui5_key":"applicationmanagesites-display-component---NewSite--addressDetailDetailsName1"}]}
RESULT: {"script":"<script> [1562 bytes]","args":[{"selector":{"id":"application-managesites-display-component---NewSite--addressDetailDetailsName1","interaction":{"idSuffix":"inner"}},"wdio_ui5_key":"applicationmanagesites-display-component---NewSite--addressDetailDetailsName1"}]}
RESULT: undefined
COMMAND: POST /session/ee8c0ad77c32eb6cf27ae9120157f0fa/execute/async - {"script":"<script> [776 bytes]","args":[{"enterText":"Intercompany Site wdIO","selector":{"id":"application-managesites-display-component---NewSite--addressDetailDetailsName1","interaction":{"idSuffix":"inner"}},"clearTextFirst":true,"interactionType":"ENTER_TEXT"}]}
RESULT: {"script":"<script> [776 bytes]","args":[{"enterText":"Intercompany Site wdIO","selector":{"id":"application-managesites-display-component---NewSite--addressDetailDetailsName1","interaction":{"idSuffix":"inner"}},"clearTextFirst":true,"interactionType":"ENTER_TEXT"}]}
COMMAND: POST /session/ee8c0ad77c32eb6cf27ae9120157f0fa/execute/async - {"script":"<script> [1562 bytes]","args":[{"selector":{"id":"application-managesites-display-component---NewSite--addressDetailDetailsLanguage-arrow"},"wdio_ui5_key":"applicationmanagesites-display-component---NewSite--addressDetailDetailsLanguage-arrow"}]}
RESULT: {"script":"<script> [1562 bytes]","args":[{"selector":{"id":"application-managesites-display-component---NewSite--addressDetailDetailsLanguage-arrow"},"wdio_ui5_key":"applicationmanagesites-display-component---NewSite--addressDetailDetailsLanguage-arrow"}]}
RESULT: undefined
COMMAND: POST /session/ee8c0ad77c32eb6cf27ae9120157f0fa/element - {"using":"xpath","value":"//*[@id=\"application-managesites-display-component---NewSite--addressDetailDetailsLanguage-arrow\"]"}
RESULT: {"using":"xpath","value":"//*[@id=\"application-managesites-display-component---NewSite--addressDetailDetailsLanguage-arrow\"]"}
COMMAND: POST /session/ee8c0ad77c32eb6cf27ae9120157f0fa/element/f.4EEDEA8BBD1FF6E0A028415A04A49F5E.d.5ECB800D5D1B1D4B8DF47A52ED020812.e.8048/click - {}
RESULT: {}
COMMAND: POST /session/ee8c0ad77c32eb6cf27ae9120157f0fa/element - {"using":"xpath","value":"//span[contains(text(), \"English\")]"}
COMMAND: GET /session/ee8c0ad77c32eb6cf27ae9120157f0fa/screenshot - {}
RESULT: {"using":"xpath","value":"//span[contains(text(), \"English\")]"}
COMMAND: POST /session/ee8c0ad77c32eb6cf27ae9120157f0fa/element/f.4EEDEA8BBD1FF6E0A028415A04A49F5E.d.5ECB800D5D1B1D4B8DF47A52ED020812.e.8049/click - {}
RESULT: {}
RESULT: {}
COMMAND: POST /session/ee8c0ad77c32eb6cf27ae9120157f0fa/execute/async - {"script":"<script> [1562 bytes]","args":[{"selector":{"id":"application-managesites-display-component---NewSite--addressDetailDetailsCity1","interaction":{"idSuffix":"inner"}},"wdio_ui5_key":"applicationmanagesites-display-component---NewSite--addressDetailDetailsCity1"}]}
COMMAND: GET /session/ee8c0ad77c32eb6cf27ae9120157f0fa/screenshot - {}
RESULT: {"script":"<script> [1562 bytes]","args":[{"selector":{"id":"application-managesites-display-component---NewSite--addressDetailDetailsCity1","interaction":{"idSuffix":"inner"}},"wdio_ui5_key":"applicationmanagesites-display-component---NewSite--addressDetailDetailsCity1"}]}
RESULT: undefined
COMMAND: POST /session/ee8c0ad77c32eb6cf27ae9120157f0fa/execute/async - {"script":"<script> [776 bytes]","args":[{"enterText":"Rosario","selector":{"id":"application-managesites-display-component---NewSite--addressDetailDetailsCity1","interaction":{"idSuffix":"inner"}},"clearTextFirst":true,"interactionType":"ENTER_TEXT"}]}
RESULT: {}
RESULT: {"script":"<script> [776 bytes]","args":[{"enterText":"Rosario","selector":{"id":"application-managesites-display-component---NewSite--addressDetailDetailsCity1","interaction":{"idSuffix":"inner"}},"clearTextFirst":true,"interactionType":"ENTER_TEXT"}]}
COMMAND: POST /session/ee8c0ad77c32eb6cf27ae9120157f0fa/execute/async - {"script":"<script> [1562 bytes]","args":[{"selector":{"id":"application-managesites-display-component---NewSite--addressDetailDetailsCountry-arrow"},"wdio_ui5_key":"applicationmanagesites-display-component---NewSite--addressDetailDetailsCountry-arrow"}]}
RESULT: {"script":"<script> [1562 bytes]","args":[{"selector":{"id":"application-managesites-display-component---NewSite--addressDetailDetailsCountry-arrow"},"wdio_ui5_key":"applicationmanagesites-display-component---NewSite--addressDetailDetailsCountry-arrow"}]}
RESULT: undefined
COMMAND: POST /session/ee8c0ad77c32eb6cf27ae9120157f0fa/element - {"using":"xpath","value":"//*[@id=\"application-managesites-display-component---NewSite--addressDetailDetailsCountry-arrow\"]"}
RESULT: {"using":"xpath","value":"//*[@id=\"application-managesites-display-component---NewSite--addressDetailDetailsCountry-arrow\"]"}
COMMAND: POST /session/ee8c0ad77c32eb6cf27ae9120157f0fa/element/f.4EEDEA8BBD1FF6E0A028415A04A49F5E.d.5ECB800D5D1B1D4B8DF47A52ED020812.e.8051/click - {}
RESULT: {}
COMMAND: POST /session/ee8c0ad77c32eb6cf27ae9120157f0fa/element - {"using":"xpath","value":"//span[contains(text(), \"Argentina\")]"}
COMMAND: GET /session/ee8c0ad77c32eb6cf27ae9120157f0fa/screenshot - {}
RESULT: {"using":"xpath","value":"//span[contains(text(), \"Argentina\")]"}
COMMAND: POST /session/ee8c0ad77c32eb6cf27ae9120157f0fa/element/f.4EEDEA8BBD1FF6E0A028415A04A49F5E.d.5ECB800D5D1B1D4B8DF47A52ED020812.e.8052/click - {}
RESULT: {}
RESULT: {}
COMMAND: GET /session/ee8c0ad77c32eb6cf27ae9120157f0fa/screenshot - {}
RESULT: {}
COMMAND: POST /session/ee8c0ad77c32eb6cf27ae9120157f0fa/execute/async - {"script":"<script> [1562 bytes]","args":[{"selector":{"id":"application-managesites-display-component---NewSite--addressEditDetailsCostObjectCstType-arrow"},"wdio_ui5_key":"applicationmanagesites-display-component---NewSite--addressEditDetailsCostObjectCstType-arrow"}]}
RESULT: {"script":"<script> [1562 bytes]","args":[{"selector":{"id":"application-managesites-display-component---NewSite--addressEditDetailsCostObjectCstType-arrow"},"wdio_ui5_key":"applicationmanagesites-display-component---NewSite--addressEditDetailsCostObjectCstType-arrow"}]}
RESULT: undefined
COMMAND: POST /session/ee8c0ad77c32eb6cf27ae9120157f0fa/element - {"using":"xpath","value":"//*[@id=\"application-managesites-display-component---NewSite--addressEditDetailsCostObjectCstType-arrow\"]"}
RESULT: {"using":"xpath","value":"//*[@id=\"application-managesites-display-component---NewSite--addressEditDetailsCostObjectCstType-arrow\"]"}
COMMAND: POST /session/ee8c0ad77c32eb6cf27ae9120157f0fa/element/f.4EEDEA8BBD1FF6E0A028415A04A49F5E.d.5ECB800D5D1B1D4B8DF47A52ED020812.e.8054/click - {}
RESULT: {}
COMMAND: POST /session/ee8c0ad77c32eb6cf27ae9120157f0fa/element - {"using":"xpath","value":"//span[contains(text(), \"Cost Center\")]"}
COMMAND: GET /session/ee8c0ad77c32eb6cf27ae9120157f0fa/screenshot - {}
RESULT: {"using":"xpath","value":"//span[contains(text(), \"Cost Center\")]"}
COMMAND: POST /session/ee8c0ad77c32eb6cf27ae9120157f0fa/element/f.4EEDEA8BBD1FF6E0A028415A04A49F5E.d.5ECB800D5D1B1D4B8DF47A52ED020812.e.8055/click - {}
RESULT: {}
RESULT: {}
COMMAND: GET /session/ee8c0ad77c32eb6cf27ae9120157f0fa/screenshot - {}
RESULT: {}
COMMAND: POST /session/ee8c0ad77c32eb6cf27ae9120157f0fa/element - {"using":"xpath","value":"//span[@id=\"application-managesites-display-component---NewSite--addressNewCostObjectCstID-vhi\"]"}
RESULT: {"using":"xpath","value":"//span[@id=\"application-managesites-display-component---NewSite--addressNewCostObjectCstID-vhi\"]"}
COMMAND: POST /session/ee8c0ad77c32eb6cf27ae9120157f0fa/execute/sync - {"script":"<script> [8489 bytes]","args":[{"element-6066-11e4-a52e-4f735466cecf":"f.4EEDEA8BBD1FF6E0A028415A04A49F5E.d.5ECB800D5D1B1D4B8DF47A52ED020812.e.8060","ELEMENT":"f.4EEDEA8BBD1FF6E0A028415A04A49F5E.d.5ECB800D5D1B1D4B8DF47A52ED020812.e.8060"}]}
RESULT: {"script":"<script> [8489 bytes]","args":[{"element-6066-11e4-a52e-4f735466cecf":"f.4EEDEA8BBD1FF6E0A028415A04A49F5E.d.5ECB800D5D1B1D4B8DF47A52ED020812.e.8060","ELEMENT":"f.4EEDEA8BBD1FF6E0A028415A04A49F5E.d.5ECB800D5D1B1D4B8DF47A52ED020812.e.8060"}]}
COMMAND: POST /session/ee8c0ad77c32eb6cf27ae9120157f0fa/execute/async - {"script":"<script> [1562 bytes]","args":[{"selector":{"id":"application-managesites-display-component---NewSite--addressNewCostObjectCstID-vhi"},"wdio_ui5_key":"applicationmanagesites-display-component---NewSite--addressNewCostObjectCstID-vhi"}]}
COMMAND: GET /session/ee8c0ad77c32eb6cf27ae9120157f0fa/screenshot - {}
RESULT: {"script":"<script> [1562 bytes]","args":[{"selector":{"id":"application-managesites-display-component---NewSite--addressNewCostObjectCstID-vhi"},"wdio_ui5_key":"applicationmanagesites-display-component---NewSite--addressNewCostObjectCstID-vhi"}]}
RESULT: undefined
COMMAND: POST /session/ee8c0ad77c32eb6cf27ae9120157f0fa/element - {"using":"xpath","value":"//*[@id=\"application-managesites-display-component---NewSite--addressNewCostObjectCstID-vhi\"]"}
RESULT: {}
RESULT: {"using":"xpath","value":"//*[@id=\"application-managesites-display-component---NewSite--addressNewCostObjectCstID-vhi\"]"}
COMMAND: POST /session/ee8c0ad77c32eb6cf27ae9120157f0fa/element/f.4EEDEA8BBD1FF6E0A028415A04A49F5E.d.5ECB800D5D1B1D4B8DF47A52ED020812.e.8060/click - {}
RESULT: {}
COMMAND: GET /session/ee8c0ad77c32eb6cf27ae9120157f0fa/screenshot - {}
RESULT: {}
RESULT: undefined
COMMAND: POST /session/ee8c0ad77c32eb6cf27ae9120157f0fa/execute/async - {"script":"<script> [776 bytes]","args":[{"enterText":"10001013","selector":{"controlType":"sap.m.SearchField","properties":{"placeholder":"Search"},"searchOpenDialogs":true,"interaction":{"idSuffix":"I"}},"clearTextFirst":true,"interactionType":"ENTER_TEXT"}]}
RESULT: {"script":"<script> [776 bytes]","args":[{"enterText":"10001013","selector":{"controlType":"sap.m.SearchField","properties":{"placeholder":"Search"},"searchOpenDialogs":true,"interaction":{"idSuffix":"I"}},"clearTextFirst":true,"interactionType":"ENTER_TEXT"}]}
COMMAND: POST /session/ee8c0ad77c32eb6cf27ae9120157f0fa/actions - {"actions":[{"id":"action25","type":"key","parameters":{},"actions":[{"type":"keyDown","value":"î€‡"},{"type":"pause","duration":10},{"type":"keyUp","value":"î€‡"}]}]}
RESULT: {"actions":[{"id":"action25","type":"key","parameters":{},"actions":[{"type":"keyDown","value":"î€‡"},{"type":"pause","duration":10},{"type":"keyUp","value":"î€‡"}]}]}
COMMAND: GET /session/ee8c0ad77c32eb6cf27ae9120157f0fa/screenshot - {}
RESULT: {}
COMMAND: POST /session/ee8c0ad77c32eb6cf27ae9120157f0fa/element - {"using":"xpath","value":"//span[contains(text(), \"General Management\")]"}
RESULT: {"using":"xpath","value":"//span[contains(text(), \"General Management\")]"}
COMMAND: POST /session/ee8c0ad77c32eb6cf27ae9120157f0fa/element/f.4EEDEA8BBD1FF6E0A028415A04A49F5E.d.5ECB800D5D1B1D4B8DF47A52ED020812.e.8100/click - {}
RESULT: {}
COMMAND: GET /session/ee8c0ad77c32eb6cf27ae9120157f0fa/screenshot - {}
RESULT: {}
COMMAND: POST /session/ee8c0ad77c32eb6cf27ae9120157f0fa/element - {"using":"xpath","value":"//bdi[contains(text(), \"OK\")]"}
RESULT: {"using":"xpath","value":"//bdi[contains(text(), \"OK\")]"}
COMMAND: POST /session/ee8c0ad77c32eb6cf27ae9120157f0fa/element/f.4EEDEA8BBD1FF6E0A028415A04A49F5E.d.5ECB800D5D1B1D4B8DF47A52ED020812.e.8101/click - {}
RESULT: {}
COMMAND: GET /session/ee8c0ad77c32eb6cf27ae9120157f0fa/screenshot - {}
RESULT: {}
COMMAND: POST /session/ee8c0ad77c32eb6cf27ae9120157f0fa/element - {"using":"xpath","value":"//input[@id=\"application-managesites-display-component---NewSite--addressDetailDetailsCalendar-inner\"]"}
RESULT: {"using":"xpath","value":"//input[@id=\"application-managesites-display-component---NewSite--addressDetailDetailsCalendar-inner\"]"}
COMMAND: POST /session/ee8c0ad77c32eb6cf27ae9120157f0fa/element/f.4EEDEA8BBD1FF6E0A028415A04A49F5E.d.5ECB800D5D1B1D4B8DF47A52ED020812.e.7843/clear - {}
RESULT: {}
COMMAND: POST /session/ee8c0ad77c32eb6cf27ae9120157f0fa/element/f.4EEDEA8BBD1FF6E0A028415A04A49F5E.d.5ECB800D5D1B1D4B8DF47A52ED020812.e.7843/value - {"text":"Unit"}
COMMAND: GET /session/ee8c0ad77c32eb6cf27ae9120157f0fa/screenshot - {}
RESULT: {"text":"Unit"}
COMMAND: GET /session/ee8c0ad77c32eb6cf27ae9120157f0fa/screenshot - {}
RESULT: {}
RESULT: {}
COMMAND: POST /session/ee8c0ad77c32eb6cf27ae9120157f0fa/actions - {"actions":[{"id":"action26","type":"key","parameters":{},"actions":[{"type":"keyDown","value":"î€‡"},{"type":"pause","duration":10},{"type":"keyUp","value":"î€‡"}]}]}
RESULT: {"actions":[{"id":"action26","type":"key","parameters":{},"actions":[{"type":"keyDown","value":"î€‡"},{"type":"pause","duration":10},{"type":"keyUp","value":"î€‡"}]}]}
COMMAND: POST /session/ee8c0ad77c32eb6cf27ae9120157f0fa/element - {"using":"xpath","value":"//input[@id=\"application-managesites-display-component---NewSite--addressDetailDetailsYard-inner\"]"}
COMMAND: GET /session/ee8c0ad77c32eb6cf27ae9120157f0fa/screenshot - {}
RESULT: {"using":"xpath","value":"//input[@id=\"application-managesites-display-component---NewSite--addressDetailDetailsYard-inner\"]"}
COMMAND: POST /session/ee8c0ad77c32eb6cf27ae9120157f0fa/element/f.4EEDEA8BBD1FF6E0A028415A04A49F5E.d.5ECB800D5D1B1D4B8DF47A52ED020812.e.7844/clear - {}
RESULT: {}
RESULT: {}
COMMAND: POST /session/ee8c0ad77c32eb6cf27ae9120157f0fa/element/f.4EEDEA8BBD1FF6E0A028415A04A49F5E.d.5ECB800D5D1B1D4B8DF47A52ED020812.e.7844/value - {"text":"366"}
COMMAND: GET /session/ee8c0ad77c32eb6cf27ae9120157f0fa/screenshot - {}
RESULT: {"text":"366"}
COMMAND: GET /session/ee8c0ad77c32eb6cf27ae9120157f0fa/screenshot - {}
RESULT: {}
RESULT: {}
COMMAND: POST /session/ee8c0ad77c32eb6cf27ae9120157f0fa/element - {"using":"xpath","value":"//li[.//span[text()='366']]"}
RESULT: {"using":"xpath","value":"//li[.//span[text()='366']]"}
COMMAND: POST /session/ee8c0ad77c32eb6cf27ae9120157f0fa/element/f.4EEDEA8BBD1FF6E0A028415A04A49F5E.d.5ECB800D5D1B1D4B8DF47A52ED020812.e.8122/click - {}
RESULT: {}
COMMAND: GET /session/ee8c0ad77c32eb6cf27ae9120157f0fa/screenshot - {}
RESULT: {}
COMMAND: POST /session/ee8c0ad77c32eb6cf27ae9120157f0fa/element - {"using":"xpath","value":"//input[@id=\"application-managesites-display-component---NewSite--addressDetailDetailsPartner-inner\"]"}
RESULT: {"using":"xpath","value":"//input[@id=\"application-managesites-display-component---NewSite--addressDetailDetailsPartner-inner\"]"}
COMMAND: POST /session/ee8c0ad77c32eb6cf27ae9120157f0fa/element - {"using":"xpath","value":"//input[@id=\"application-managesites-display-component---NewSite--addressDetailDetailsPartner-inner\"]"}
RESULT: {"using":"xpath","value":"//input[@id=\"application-managesites-display-component---NewSite--addressDetailDetailsPartner-inner\"]"}
COMMAND: POST /session/ee8c0ad77c32eb6cf27ae9120157f0fa/element - {"using":"xpath","value":"//button[@data-kt=\"saveButton\"]"}
RESULT: {"using":"xpath","value":"//button[@data-kt=\"saveButton\"]"}
COMMAND: POST /session/ee8c0ad77c32eb6cf27ae9120157f0fa/element/f.4EEDEA8BBD1FF6E0A028415A04A49F5E.d.5ECB800D5D1B1D4B8DF47A52ED020812.e.7978/click - {}
RESULT: {}
COMMAND: GET /session/ee8c0ad77c32eb6cf27ae9120157f0fa/screenshot - {}
RESULT: {}
COMMAND: POST /session/ee8c0ad77c32eb6cf27ae9120157f0fa/element - {"using":"xpath","value":"//header[contains(@id, 'ObjectPageLayout-headerTitle')]/div[1]/div[2]/div[2]/span[1]"}
RESULT: {"using":"xpath","value":"//header[contains(@id, 'ObjectPageLayout-headerTitle')]/div[1]/div[2]/div[2]/span[1]"}
COMMAND: POST /session/ee8c0ad77c32eb6cf27ae9120157f0fa/elements - {"using":"xpath","value":"//header[contains(@id, 'ObjectPageLayout-headerTitle')]/div[1]/div[2]/div[2]/span[1]"}
RESULT: {"using":"xpath","value":"//header[contains(@id, 'ObjectPageLayout-headerTitle')]/div[1]/div[2]/div[2]/span[1]"}
COMMAND: POST /session/ee8c0ad77c32eb6cf27ae9120157f0fa/execute/sync - {"script":"<script> [56 bytes]","args":[{"element-6066-11e4-a52e-4f735466cecf":"f.4EEDEA8BBD1FF6E0A028415A04A49F5E.d.5ECB800D5D1B1D4B8DF47A52ED020812.e.8327","ELEMENT":"f.4EEDEA8BBD1FF6E0A028415A04A49F5E.d.5ECB800D5D1B1D4B8DF47A52ED020812.e.8327"}]}
RESULT: {"script":"<script> [56 bytes]","args":[{"element-6066-11e4-a52e-4f735466cecf":"f.4EEDEA8BBD1FF6E0A028415A04A49F5E.d.5ECB800D5D1B1D4B8DF47A52ED020812.e.8327","ELEMENT":"f.4EEDEA8BBD1FF6E0A028415A04A49F5E.d.5ECB800D5D1B1D4B8DF47A52ED020812.e.8327"}]}
COMMAND: POST /session/ee8c0ad77c32eb6cf27ae9120157f0fa/element - {"using":"css selector","value":"#shell-header-logo"}
COMMAND: GET /session/ee8c0ad77c32eb6cf27ae9120157f0fa/screenshot - {}
RESULT: {"using":"css selector","value":"#shell-header-logo"}
COMMAND: POST /session/ee8c0ad77c32eb6cf27ae9120157f0fa/element/f.4EEDEA8BBD1FF6E0A028415A04A49F5E.d.5ECB800D5D1B1D4B8DF47A52ED020812.e.7596/click - {}
RESULT: {}
RESULT: {}
COMMAND: GET /session/ee8c0ad77c32eb6cf27ae9120157f0fa/screenshot - {}
RESULT: {}
COMMAND: POST /session/ee8c0ad77c32eb6cf27ae9120157f0fa/execute/sync - {"script":"<script> [299 bytes]","args":[["getModel","getResource"]]}
RESULT: {"script":"<script> [299 bytes]","args":[["getModel","getResource"]]}
]]></system-out>
    </testcase>
    <testcase classname="chrome.136_0_7103_49.windows.Create_master_data_for_mixed_billing_&amp;_do_billing_calculation_US151661" name="Should create a new equipment and add a counter to it" time="179.799">
      <system-out><![CDATA[
COMMAND: POST /session/ee8c0ad77c32eb6cf27ae9120157f0fa/execute/async - {"script":"<script> [1562 bytes]","args":[{"selector":{"controlType":"sap.m.GenericTile","properties":{"header":"Manage Resources"}},"wdio_ui5_key":"sapm.GenericTile{\"header\":\"Manage Resources\"}"}]}
COMMAND: GET /session/ee8c0ad77c32eb6cf27ae9120157f0fa/screenshot - {}
RESULT: {"script":"<script> [1562 bytes]","args":[{"selector":{"controlType":"sap.m.GenericTile","properties":{"header":"Manage Resources"}},"wdio_ui5_key":"sapm.GenericTile{\"header\":\"Manage Resources\"}"}]}
RESULT: undefined
COMMAND: POST /session/ee8c0ad77c32eb6cf27ae9120157f0fa/element - {"using":"xpath","value":"//*[@id=\"__tile39\"]"}
RESULT: {}
RESULT: {"using":"xpath","value":"//*[@id=\"__tile39\"]"}
COMMAND: POST /session/ee8c0ad77c32eb6cf27ae9120157f0fa/element/f.4EEDEA8BBD1FF6E0A028415A04A49F5E.d.5ECB800D5D1B1D4B8DF47A52ED020812.e.5997/click - {}
RESULT: {}
COMMAND: GET /session/ee8c0ad77c32eb6cf27ae9120157f0fa/screenshot - {}
RESULT: {}
COMMAND: POST /session/ee8c0ad77c32eb6cf27ae9120157f0fa/elements - {"using":"xpath","value":"//span[text()='Error']"}
RESULT: {"using":"xpath","value":"//span[text()='Error']"}
COMMAND: POST /session/ee8c0ad77c32eb6cf27ae9120157f0fa/element - {"using":"xpath","value":"//button[@data-kt=\"addNewRUOverflowToolbarButton\"]"}
RESULT: {"using":"xpath","value":"//button[@data-kt=\"addNewRUOverflowToolbarButton\"]"}
COMMAND: POST /session/ee8c0ad77c32eb6cf27ae9120157f0fa/elements - {"using":"xpath","value":"//button[@data-kt=\"addNewRUOverflowToolbarButton\"]"}
RESULT: {"using":"xpath","value":"//button[@data-kt=\"addNewRUOverflowToolbarButton\"]"}
COMMAND: POST /session/ee8c0ad77c32eb6cf27ae9120157f0fa/elements - {"using":"xpath","value":"//button[@data-kt=\"addNewRUOverflowToolbarButton\"]"}
RESULT: {"using":"xpath","value":"//button[@data-kt=\"addNewRUOverflowToolbarButton\"]"}
COMMAND: POST /session/ee8c0ad77c32eb6cf27ae9120157f0fa/element - {"using":"xpath","value":"//button[@data-kt=\"addNewRUOverflowToolbarButton\"]"}
RESULT: {"using":"xpath","value":"//button[@data-kt=\"addNewRUOverflowToolbarButton\"]"}
COMMAND: POST /session/ee8c0ad77c32eb6cf27ae9120157f0fa/execute/sync - {"script":"<script> [8489 bytes]","args":[{"element-6066-11e4-a52e-4f735466cecf":"f.4EEDEA8BBD1FF6E0A028415A04A49F5E.d.5ECB800D5D1B1D4B8DF47A52ED020812.e.8359","ELEMENT":"f.4EEDEA8BBD1FF6E0A028415A04A49F5E.d.5ECB800D5D1B1D4B8DF47A52ED020812.e.8359"}]}
RESULT: {"script":"<script> [8489 bytes]","args":[{"element-6066-11e4-a52e-4f735466cecf":"f.4EEDEA8BBD1FF6E0A028415A04A49F5E.d.5ECB800D5D1B1D4B8DF47A52ED020812.e.8359","ELEMENT":"f.4EEDEA8BBD1FF6E0A028415A04A49F5E.d.5ECB800D5D1B1D4B8DF47A52ED020812.e.8359"}]}
COMMAND: GET /session/ee8c0ad77c32eb6cf27ae9120157f0fa/element/f.4EEDEA8BBD1FF6E0A028415A04A49F5E.d.5ECB800D5D1B1D4B8DF47A52ED020812.e.8359/enabled - {}
COMMAND: GET /session/ee8c0ad77c32eb6cf27ae9120157f0fa/screenshot - {}
RESULT: {}
COMMAND: POST /session/ee8c0ad77c32eb6cf27ae9120157f0fa/execute/sync - {"script":"<script> [8489 bytes]","args":[{"element-6066-11e4-a52e-4f735466cecf":"f.4EEDEA8BBD1FF6E0A028415A04A49F5E.d.5ECB800D5D1B1D4B8DF47A52ED020812.e.8359","ELEMENT":"f.4EEDEA8BBD1FF6E0A028415A04A49F5E.d.5ECB800D5D1B1D4B8DF47A52ED020812.e.8359"}]}
COMMAND: GET /session/ee8c0ad77c32eb6cf27ae9120157f0fa/screenshot - {}
RESULT: {}
RESULT: {"script":"<script> [8489 bytes]","args":[{"element-6066-11e4-a52e-4f735466cecf":"f.4EEDEA8BBD1FF6E0A028415A04A49F5E.d.5ECB800D5D1B1D4B8DF47A52ED020812.e.8359","ELEMENT":"f.4EEDEA8BBD1FF6E0A028415A04A49F5E.d.5ECB800D5D1B1D4B8DF47A52ED020812.e.8359"}]}
COMMAND: POST /session/ee8c0ad77c32eb6cf27ae9120157f0fa/execute/sync - {"script":"<script> [5351 bytes]","args":[{"element-6066-11e4-a52e-4f735466cecf":"f.4EEDEA8BBD1FF6E0A028415A04A49F5E.d.5ECB800D5D1B1D4B8DF47A52ED020812.e.8359","ELEMENT":"f.4EEDEA8BBD1FF6E0A028415A04A49F5E.d.5ECB800D5D1B1D4B8DF47A52ED020812.e.8359"}]}
COMMAND: GET /session/ee8c0ad77c32eb6cf27ae9120157f0fa/screenshot - {}
RESULT: {}
RESULT: {"script":"<script> [5351 bytes]","args":[{"element-6066-11e4-a52e-4f735466cecf":"f.4EEDEA8BBD1FF6E0A028415A04A49F5E.d.5ECB800D5D1B1D4B8DF47A52ED020812.e.8359","ELEMENT":"f.4EEDEA8BBD1FF6E0A028415A04A49F5E.d.5ECB800D5D1B1D4B8DF47A52ED020812.e.8359"}]}
COMMAND: POST /session/ee8c0ad77c32eb6cf27ae9120157f0fa/element/f.4EEDEA8BBD1FF6E0A028415A04A49F5E.d.5ECB800D5D1B1D4B8DF47A52ED020812.e.8359/click - {}
COMMAND: GET /session/ee8c0ad77c32eb6cf27ae9120157f0fa/screenshot - {}
RESULT: {}
RESULT: {}
RESULT: {}
COMMAND: GET /session/ee8c0ad77c32eb6cf27ae9120157f0fa/screenshot - {}
RESULT: {}
COMMAND: POST /session/ee8c0ad77c32eb6cf27ae9120157f0fa/execute/async - {"script":"<script> [1562 bytes]","args":[{"selector":{"id":"application-manageresources-display-component---newResourceUnit--TYPE-arrow"},"wdio_ui5_key":"applicationmanageresources-display-component---newResourceUnit--TYPE-arrow"}]}
RESULT: {"script":"<script> [1562 bytes]","args":[{"selector":{"id":"application-manageresources-display-component---newResourceUnit--TYPE-arrow"},"wdio_ui5_key":"applicationmanageresources-display-component---newResourceUnit--TYPE-arrow"}]}
RESULT: undefined
COMMAND: POST /session/ee8c0ad77c32eb6cf27ae9120157f0fa/element - {"using":"xpath","value":"//*[@id=\"application-manageresources-display-component---newResourceUnit--TYPE-arrow\"]"}
RESULT: {"using":"xpath","value":"//*[@id=\"application-manageresources-display-component---newResourceUnit--TYPE-arrow\"]"}
COMMAND: POST /session/ee8c0ad77c32eb6cf27ae9120157f0fa/element/f.4EEDEA8BBD1FF6E0A028415A04A49F5E.d.5ECB800D5D1B1D4B8DF47A52ED020812.e.8718/click - {}
RESULT: {}
COMMAND: POST /session/ee8c0ad77c32eb6cf27ae9120157f0fa/element - {"using":"xpath","value":"//input[@id=\"application-manageresources-display-component---newResourceUnit--TYPE-inner\"]"}
COMMAND: GET /session/ee8c0ad77c32eb6cf27ae9120157f0fa/screenshot - {}
RESULT: {"using":"xpath","value":"//input[@id=\"application-manageresources-display-component---newResourceUnit--TYPE-inner\"]"}
COMMAND: POST /session/ee8c0ad77c32eb6cf27ae9120157f0fa/element/f.4EEDEA8BBD1FF6E0A028415A04A49F5E.d.5ECB800D5D1B1D4B8DF47A52ED020812.e.8714/clear - {}
RESULT: {}
RESULT: {}
COMMAND: POST /session/ee8c0ad77c32eb6cf27ae9120157f0fa/element/f.4EEDEA8BBD1FF6E0A028415A04A49F5E.d.5ECB800D5D1B1D4B8DF47A52ED020812.e.8714/value - {"text":"Equipment"}
COMMAND: GET /session/ee8c0ad77c32eb6cf27ae9120157f0fa/screenshot - {}
RESULT: {"text":"Equipment"}
COMMAND: GET /session/ee8c0ad77c32eb6cf27ae9120157f0fa/screenshot - {}
RESULT: {}
RESULT: {}
COMMAND: POST /session/ee8c0ad77c32eb6cf27ae9120157f0fa/actions - {"actions":[{"id":"action27","type":"key","parameters":{},"actions":[{"type":"keyDown","value":"î€‡"},{"type":"pause","duration":10},{"type":"keyUp","value":"î€‡"}]}]}
RESULT: {"actions":[{"id":"action27","type":"key","parameters":{},"actions":[{"type":"keyDown","value":"î€‡"},{"type":"pause","duration":10},{"type":"keyUp","value":"î€‡"}]}]}
COMMAND: POST /session/ee8c0ad77c32eb6cf27ae9120157f0fa/execute/async - {"script":"<script> [1562 bytes]","args":[{"selector":{"id":"application-manageresources-display-component---newResourceUnit--resourceId","interaction":{"idSuffix":"inner"}},"wdio_ui5_key":"applicationmanageresources-display-component---newResourceUnit--resourceId"}]}
COMMAND: GET /session/ee8c0ad77c32eb6cf27ae9120157f0fa/screenshot - {}
RESULT: {"script":"<script> [1562 bytes]","args":[{"selector":{"id":"application-manageresources-display-component---newResourceUnit--resourceId","interaction":{"idSuffix":"inner"}},"wdio_ui5_key":"applicationmanageresources-display-component---newResourceUnit--resourceId"}]}
RESULT: undefined
COMMAND: POST /session/ee8c0ad77c32eb6cf27ae9120157f0fa/execute/async - {"script":"<script> [776 bytes]","args":[{"enterText":"8Ugqut2yz5","selector":{"id":"application-manageresources-display-component---newResourceUnit--resourceId","interaction":{"idSuffix":"inner"}},"clearTextFirst":true,"interactionType":"ENTER_TEXT"}]}
RESULT: {}
RESULT: {"script":"<script> [776 bytes]","args":[{"enterText":"8Ugqut2yz5","selector":{"id":"application-manageresources-display-component---newResourceUnit--resourceId","interaction":{"idSuffix":"inner"}},"clearTextFirst":true,"interactionType":"ENTER_TEXT"}]}
COMMAND: POST /session/ee8c0ad77c32eb6cf27ae9120157f0fa/execute/async - {"script":"<script> [1562 bytes]","args":[{"selector":{"id":"application-manageresources-display-component---newResourceUnit--SHORT_TEXT","interaction":{"idSuffix":"inner"}},"wdio_ui5_key":"applicationmanageresources-display-component---newResourceUnit--SHORT_TEXT"}]}
RESULT: {"script":"<script> [1562 bytes]","args":[{"selector":{"id":"application-manageresources-display-component---newResourceUnit--SHORT_TEXT","interaction":{"idSuffix":"inner"}},"wdio_ui5_key":"applicationmanageresources-display-component---newResourceUnit--SHORT_TEXT"}]}
RESULT: undefined
COMMAND: POST /session/ee8c0ad77c32eb6cf27ae9120157f0fa/execute/async - {"script":"<script> [776 bytes]","args":[{"enterText":"Intercompany Equipment WDIO","selector":{"id":"application-manageresources-display-component---newResourceUnit--SHORT_TEXT","interaction":{"idSuffix":"inner"}},"clearTextFirst":true,"interactionType":"ENTER_TEXT"}]}
RESULT: {"script":"<script> [776 bytes]","args":[{"enterText":"Intercompany Equipment WDIO","selector":{"id":"application-manageresources-display-component---newResourceUnit--SHORT_TEXT","interaction":{"idSuffix":"inner"}},"clearTextFirst":true,"interactionType":"ENTER_TEXT"}]}
COMMAND: POST /session/ee8c0ad77c32eb6cf27ae9120157f0fa/execute/async - {"script":"<script> [1562 bytes]","args":[{"selector":{"id":"application-manageresources-display-component---newResourceUnit--BASE_UNIT_OF_MEASURE","interaction":{"idSuffix":"inner"}},"wdio_ui5_key":"applicationmanageresources-display-component---newResourceUnit--BASE_UNIT_OF_MEASURE"}]}
RESULT: {"script":"<script> [1562 bytes]","args":[{"selector":{"id":"application-manageresources-display-component---newResourceUnit--BASE_UNIT_OF_MEASURE","interaction":{"idSuffix":"inner"}},"wdio_ui5_key":"applicationmanageresources-display-component---newResourceUnit--BASE_UNIT_OF_MEASURE"}]}
RESULT: undefined
COMMAND: POST /session/ee8c0ad77c32eb6cf27ae9120157f0fa/execute/async - {"script":"<script> [776 bytes]","args":[{"enterText":"Piece","selector":{"id":"application-manageresources-display-component---newResourceUnit--BASE_UNIT_OF_MEASURE","interaction":{"idSuffix":"inner"}},"clearTextFirst":true,"interactionType":"ENTER_TEXT"}]}
RESULT: {"script":"<script> [776 bytes]","args":[{"enterText":"Piece","selector":{"id":"application-manageresources-display-component---newResourceUnit--BASE_UNIT_OF_MEASURE","interaction":{"idSuffix":"inner"}},"clearTextFirst":true,"interactionType":"ENTER_TEXT"}]}
COMMAND: POST /session/ee8c0ad77c32eb6cf27ae9120157f0fa/execute/async - {"script":"<script> [1562 bytes]","args":[{"selector":{"id":"application-manageresources-display-component---newResourceUnit--WEIGHT_UNIT","interaction":{"idSuffix":"inner"}},"wdio_ui5_key":"applicationmanageresources-display-component---newResourceUnit--WEIGHT_UNIT"}]}
RESULT: {"script":"<script> [1562 bytes]","args":[{"selector":{"id":"application-manageresources-display-component---newResourceUnit--WEIGHT_UNIT","interaction":{"idSuffix":"inner"}},"wdio_ui5_key":"applicationmanageresources-display-component---newResourceUnit--WEIGHT_UNIT"}]}
RESULT: undefined
COMMAND: POST /session/ee8c0ad77c32eb6cf27ae9120157f0fa/execute/async - {"script":"<script> [776 bytes]","args":[{"enterText":"Gram","selector":{"id":"application-manageresources-display-component---newResourceUnit--WEIGHT_UNIT","interaction":{"idSuffix":"inner"}},"clearTextFirst":true,"interactionType":"ENTER_TEXT"}]}
RESULT: {"script":"<script> [776 bytes]","args":[{"enterText":"Gram","selector":{"id":"application-manageresources-display-component---newResourceUnit--WEIGHT_UNIT","interaction":{"idSuffix":"inner"}},"clearTextFirst":true,"interactionType":"ENTER_TEXT"}]}
COMMAND: POST /session/ee8c0ad77c32eb6cf27ae9120157f0fa/execute/async - {"script":"<script> [1562 bytes]","args":[{"selector":{"id":"application-manageresources-display-component---newResourceUnit--DIMENSION_UNIT","interaction":{"idSuffix":"inner"}},"wdio_ui5_key":"applicationmanageresources-display-component---newResourceUnit--DIMENSION_UNIT"}]}
RESULT: {"script":"<script> [1562 bytes]","args":[{"selector":{"id":"application-manageresources-display-component---newResourceUnit--DIMENSION_UNIT","interaction":{"idSuffix":"inner"}},"wdio_ui5_key":"applicationmanageresources-display-component---newResourceUnit--DIMENSION_UNIT"}]}
RESULT: undefined
COMMAND: POST /session/ee8c0ad77c32eb6cf27ae9120157f0fa/execute/async - {"script":"<script> [776 bytes]","args":[{"enterText":"Meter","selector":{"id":"application-manageresources-display-component---newResourceUnit--DIMENSION_UNIT","interaction":{"idSuffix":"inner"}},"clearTextFirst":true,"interactionType":"ENTER_TEXT"}]}
RESULT: {"script":"<script> [776 bytes]","args":[{"enterText":"Meter","selector":{"id":"application-manageresources-display-component---newResourceUnit--DIMENSION_UNIT","interaction":{"idSuffix":"inner"}},"clearTextFirst":true,"interactionType":"ENTER_TEXT"}]}
COMMAND: POST /session/ee8c0ad77c32eb6cf27ae9120157f0fa/execute/async - {"script":"<script> [1562 bytes]","args":[{"selector":{"id":"application-manageresources-display-component---newResourceUnit--newRRUPage-anchBar-application-manageresources-display-component---newResourceUnit--control-anchor","interaction":{"idSuffix":"BDI-content"}},"wdio_ui5_key":"applicationmanageresources-display-component---newResourceUnit--newRRUPage-anchBar-application-manageresources-display-component---newResourceUnit--control-anchor"}]}
RESULT: {"script":"<script> [1562 bytes]","args":[{"selector":{"id":"application-manageresources-display-component---newResourceUnit--newRRUPage-anchBar-application-manageresources-display-component---newResourceUnit--control-anchor","interaction":{"idSuffix":"BDI-content"}},"wdio_ui5_key":"applicationmanageresources-display-component---newResourceUnit--newRRUPage-anchBar-application-manageresources-display-component---newResourceUnit--control-anchor"}]}
RESULT: undefined
COMMAND: POST /session/ee8c0ad77c32eb6cf27ae9120157f0fa/element - {"using":"xpath","value":"//*[@id=\"application-manageresources-display-component---newResourceUnit--newRRUPage-anchBar-application-manageresources-display-component---newResourceUnit--control-anchor\"]"}
RESULT: {"using":"xpath","value":"//*[@id=\"application-manageresources-display-component---newResourceUnit--newRRUPage-anchBar-application-manageresources-display-component---newResourceUnit--control-anchor\"]"}
COMMAND: POST /session/ee8c0ad77c32eb6cf27ae9120157f0fa/element/f.4EEDEA8BBD1FF6E0A028415A04A49F5E.d.5ECB800D5D1B1D4B8DF47A52ED020812.e.8847/click - {}
RESULT: {}
COMMAND: POST /session/ee8c0ad77c32eb6cf27ae9120157f0fa/execute/async - {"script":"<script> [1562 bytes]","args":[{"selector":{"id":"application-manageresources-display-component---newResourceUnit--PLANNING_GROUP","interaction":{"idSuffix":"inner"}},"wdio_ui5_key":"applicationmanageresources-display-component---newResourceUnit--PLANNING_GROUP"}]}
COMMAND: GET /session/ee8c0ad77c32eb6cf27ae9120157f0fa/screenshot - {}
RESULT: {"script":"<script> [1562 bytes]","args":[{"selector":{"id":"application-manageresources-display-component---newResourceUnit--PLANNING_GROUP","interaction":{"idSuffix":"inner"}},"wdio_ui5_key":"applicationmanageresources-display-component---newResourceUnit--PLANNING_GROUP"}]}
RESULT: undefined
COMMAND: POST /session/ee8c0ad77c32eb6cf27ae9120157f0fa/execute/async - {"script":"<script> [776 bytes]","args":[{"enterText":"Heavy Equi","selector":{"id":"application-manageresources-display-component---newResourceUnit--PLANNING_GROUP","interaction":{"idSuffix":"inner"}},"clearTextFirst":true,"interactionType":"ENTER_TEXT"}]}
RESULT: {}
RESULT: {"script":"<script> [776 bytes]","args":[{"enterText":"Heavy Equi","selector":{"id":"application-manageresources-display-component---newResourceUnit--PLANNING_GROUP","interaction":{"idSuffix":"inner"}},"clearTextFirst":true,"interactionType":"ENTER_TEXT"}]}
COMMAND: POST /session/ee8c0ad77c32eb6cf27ae9120157f0fa/execute/async - {"script":"<script> [1562 bytes]","args":[{"selector":{"id":"application-manageresources-display-component---newResourceUnit--ITEM_TYPE-arrow"},"wdio_ui5_key":"applicationmanageresources-display-component---newResourceUnit--ITEM_TYPE-arrow"}]}
RESULT: {"script":"<script> [1562 bytes]","args":[{"selector":{"id":"application-manageresources-display-component---newResourceUnit--ITEM_TYPE-arrow"},"wdio_ui5_key":"applicationmanageresources-display-component---newResourceUnit--ITEM_TYPE-arrow"}]}
RESULT: undefined
COMMAND: POST /session/ee8c0ad77c32eb6cf27ae9120157f0fa/element - {"using":"xpath","value":"//*[@id=\"application-manageresources-display-component---newResourceUnit--ITEM_TYPE-arrow\"]"}
RESULT: {"using":"xpath","value":"//*[@id=\"application-manageresources-display-component---newResourceUnit--ITEM_TYPE-arrow\"]"}
COMMAND: POST /session/ee8c0ad77c32eb6cf27ae9120157f0fa/element/f.4EEDEA8BBD1FF6E0A028415A04A49F5E.d.5ECB800D5D1B1D4B8DF47A52ED020812.e.8854/click - {}
RESULT: {}
COMMAND: POST /session/ee8c0ad77c32eb6cf27ae9120157f0fa/element - {"using":"xpath","value":"(//span[contains(text(), \"Resource Unit\")])[2]"}
COMMAND: GET /session/ee8c0ad77c32eb6cf27ae9120157f0fa/screenshot - {}
RESULT: {"using":"xpath","value":"(//span[contains(text(), \"Resource Unit\")])[2]"}
COMMAND: POST /session/ee8c0ad77c32eb6cf27ae9120157f0fa/element/f.4EEDEA8BBD1FF6E0A028415A04A49F5E.d.5ECB800D5D1B1D4B8DF47A52ED020812.e.8855/click - {}
RESULT: {}
RESULT: {}
COMMAND: GET /session/ee8c0ad77c32eb6cf27ae9120157f0fa/screenshot - {}
RESULT: {}
COMMAND: POST /session/ee8c0ad77c32eb6cf27ae9120157f0fa/element - {"using":"css selector","value":"#application-manageresources-display-component---newResourceUnit--btnAddTimeSegment"}
RESULT: {"using":"css selector","value":"#application-manageresources-display-component---newResourceUnit--btnAddTimeSegment"}
COMMAND: GET /session/ee8c0ad77c32eb6cf27ae9120157f0fa/element/f.4EEDEA8BBD1FF6E0A028415A04A49F5E.d.5ECB800D5D1B1D4B8DF47A52ED020812.e.8856/rect - {}
RESULT: {}
COMMAND: GET /session/ee8c0ad77c32eb6cf27ae9120157f0fa/window/rect - {}
RESULT: {}
COMMAND: POST /session/ee8c0ad77c32eb6cf27ae9120157f0fa/execute/sync - {"script":"<script> [92 bytes]","args":[]}
RESULT: {"script":"<script> [92 bytes]","args":[]}
COMMAND: POST /session/ee8c0ad77c32eb6cf27ae9120157f0fa/actions - {"actions":[{"id":"action28","type":"wheel","parameters":{},"actions":[{"type":"scroll","x":-1888,"y":-32,"deltaX":0,"deltaY":0,"duration":0,"origin":{"element-6066-11e4-a52e-4f735466cecf":"f.4EEDEA8BBD1FF6E0A028415A04A49F5E.d.5ECB800D5D1B1D4B8DF47A52ED020812.e.8856"}}]}]}
COMMAND: GET /session/ee8c0ad77c32eb6cf27ae9120157f0fa/screenshot - {}
RESULT: {}
COMMAND: POST /session/ee8c0ad77c32eb6cf27ae9120157f0fa/execute/sync - {"script":"<script> [79 bytes]","args":[{"element-6066-11e4-a52e-4f735466cecf":"f.4EEDEA8BBD1FF6E0A028415A04A49F5E.d.5ECB800D5D1B1D4B8DF47A52ED020812.e.8856","ELEMENT":"f.4EEDEA8BBD1FF6E0A028415A04A49F5E.d.5ECB800D5D1B1D4B8DF47A52ED020812.e.8856"},{"block":"start","inline":"nearest"}]}
RESULT: {"script":"<script> [79 bytes]","args":[{"element-6066-11e4-a52e-4f735466cecf":"f.4EEDEA8BBD1FF6E0A028415A04A49F5E.d.5ECB800D5D1B1D4B8DF47A52ED020812.e.8856","ELEMENT":"f.4EEDEA8BBD1FF6E0A028415A04A49F5E.d.5ECB800D5D1B1D4B8DF47A52ED020812.e.8856"},{"block":"start","inline":"nearest"}]}
COMMAND: POST /session/ee8c0ad77c32eb6cf27ae9120157f0fa/execute/async - {"script":"<script> [1562 bytes]","args":[{"selector":{"id":"application-manageresources-display-component---newResourceUnit--btnAddTimeSegment","interaction":{"idSuffix":"inner"}},"wdio_ui5_key":"applicationmanageresources-display-component---newResourceUnit--btnAddTimeSegment"}]}
COMMAND: GET /session/ee8c0ad77c32eb6cf27ae9120157f0fa/screenshot - {}
RESULT: {"script":"<script> [1562 bytes]","args":[{"selector":{"id":"application-manageresources-display-component---newResourceUnit--btnAddTimeSegment","interaction":{"idSuffix":"inner"}},"wdio_ui5_key":"applicationmanageresources-display-component---newResourceUnit--btnAddTimeSegment"}]}
RESULT: undefined
COMMAND: POST /session/ee8c0ad77c32eb6cf27ae9120157f0fa/element - {"using":"xpath","value":"//*[@id=\"application-manageresources-display-component---newResourceUnit--btnAddTimeSegment\"]"}
RESULT: {}
RESULT: {"using":"xpath","value":"//*[@id=\"application-manageresources-display-component---newResourceUnit--btnAddTimeSegment\"]"}
COMMAND: POST /session/ee8c0ad77c32eb6cf27ae9120157f0fa/element/f.4EEDEA8BBD1FF6E0A028415A04A49F5E.d.5ECB800D5D1B1D4B8DF47A52ED020812.e.8856/click - {}
RESULT: {}
COMMAND: GET /session/ee8c0ad77c32eb6cf27ae9120157f0fa/screenshot - {}
RESULT: {}
COMMAND: POST /session/ee8c0ad77c32eb6cf27ae9120157f0fa/element - {"using":"xpath","value":"//input[@id=\"application-manageresources-display-component---newResourceUnit--idRuTSAdmin-application-manageresources-display-component---newResourceUnit--RUTimeSegment-0-inner\"]"}
RESULT: {"using":"xpath","value":"//input[@id=\"application-manageresources-display-component---newResourceUnit--idRuTSAdmin-application-manageresources-display-component---newResourceUnit--RUTimeSegment-0-inner\"]"}
COMMAND: POST /session/ee8c0ad77c32eb6cf27ae9120157f0fa/element/f.4EEDEA8BBD1FF6E0A028415A04A49F5E.d.5ECB800D5D1B1D4B8DF47A52ED020812.e.8862/clear - {}
RESULT: {}
COMMAND: POST /session/ee8c0ad77c32eb6cf27ae9120157f0fa/element/f.4EEDEA8BBD1FF6E0A028415A04A49F5E.d.5ECB800D5D1B1D4B8DF47A52ED020812.e.8862/value - {"text":"366"}
COMMAND: GET /session/ee8c0ad77c32eb6cf27ae9120157f0fa/screenshot - {}
RESULT: {"text":"366"}
COMMAND: GET /session/ee8c0ad77c32eb6cf27ae9120157f0fa/screenshot - {}
RESULT: {}
RESULT: {}
COMMAND: POST /session/ee8c0ad77c32eb6cf27ae9120157f0fa/element - {"using":"xpath","value":"//li[.//span[text()='366']]"}
RESULT: {"using":"xpath","value":"//li[.//span[text()='366']]"}
COMMAND: POST /session/ee8c0ad77c32eb6cf27ae9120157f0fa/element/f.4EEDEA8BBD1FF6E0A028415A04A49F5E.d.5ECB800D5D1B1D4B8DF47A52ED020812.e.8874/click - {}
RESULT: {}
COMMAND: GET /session/ee8c0ad77c32eb6cf27ae9120157f0fa/screenshot - {}
RESULT: {}
COMMAND: POST /session/ee8c0ad77c32eb6cf27ae9120157f0fa/element - {"using":"xpath","value":"(//span[contains(@id, \"-application-manageresources-display-component---newResourceUnit--RUTimeSegment-0-arrow\")])[6]"}
RESULT: {"using":"xpath","value":"(//span[contains(@id, \"-application-manageresources-display-component---newResourceUnit--RUTimeSegment-0-arrow\")])[6]"}
COMMAND: POST /session/ee8c0ad77c32eb6cf27ae9120157f0fa/element/f.4EEDEA8BBD1FF6E0A028415A04A49F5E.d.5ECB800D5D1B1D4B8DF47A52ED020812.e.8875/click - {}
RESULT: {}
COMMAND: GET /session/ee8c0ad77c32eb6cf27ae9120157f0fa/screenshot - {}
RESULT: {}
COMMAND: POST /session/ee8c0ad77c32eb6cf27ae9120157f0fa/element - {"using":"xpath","value":"//span[contains(text(), \"PM Order\")]"}
RESULT: {"using":"xpath","value":"//span[contains(text(), \"PM Order\")]"}
COMMAND: POST /session/ee8c0ad77c32eb6cf27ae9120157f0fa/element/f.4EEDEA8BBD1FF6E0A028415A04A49F5E.d.5ECB800D5D1B1D4B8DF47A52ED020812.e.8878/click - {}
RESULT: {}
COMMAND: GET /session/ee8c0ad77c32eb6cf27ae9120157f0fa/screenshot - {}
RESULT: {}
COMMAND: POST /session/ee8c0ad77c32eb6cf27ae9120157f0fa/element - {"using":"xpath","value":"(//span[contains(@id ,\"manageresources-display-component---newResourceUnit--RUTimeSegment-0-vhi\")])[1]"}
RESULT: {"using":"xpath","value":"(//span[contains(@id ,\"manageresources-display-component---newResourceUnit--RUTimeSegment-0-vhi\")])[1]"}
COMMAND: GET /session/ee8c0ad77c32eb6cf27ae9120157f0fa/element/f.4EEDEA8BBD1FF6E0A028415A04A49F5E.d.5ECB800D5D1B1D4B8DF47A52ED020812.e.8882/rect - {}
RESULT: {}
COMMAND: GET /session/ee8c0ad77c32eb6cf27ae9120157f0fa/window/rect - {}
RESULT: {}
COMMAND: POST /session/ee8c0ad77c32eb6cf27ae9120157f0fa/execute/sync - {"script":"<script> [92 bytes]","args":[]}
RESULT: {"script":"<script> [92 bytes]","args":[]}
COMMAND: POST /session/ee8c0ad77c32eb6cf27ae9120157f0fa/actions - {"actions":[{"id":"action29","type":"wheel","parameters":{},"actions":[{"type":"scroll","x":-869,"y":-24,"deltaX":0,"deltaY":0,"duration":0,"origin":{"element-6066-11e4-a52e-4f735466cecf":"f.4EEDEA8BBD1FF6E0A028415A04A49F5E.d.5ECB800D5D1B1D4B8DF47A52ED020812.e.8882"}}]}]}
COMMAND: GET /session/ee8c0ad77c32eb6cf27ae9120157f0fa/screenshot - {}
RESULT: {"actions":[{"id":"action29","type":"wheel","parameters":{},"actions":[{"type":"scroll","x":-869,"y":-24,"deltaX":0,"deltaY":0,"duration":0,"origin":{"element-6066-11e4-a52e-4f735466cecf":"f.4EEDEA8BBD1FF6E0A028415A04A49F5E.d.5ECB800D5D1B1D4B8DF47A52ED020812.e.8882"}}]}]}
COMMAND: DELETE /session/ee8c0ad77c32eb6cf27ae9120157f0fa/actions - {}
COMMAND: GET /session/ee8c0ad77c32eb6cf27ae9120157f0fa/screenshot - {}
RESULT: {}
RESULT: {}
COMMAND: GET /session/ee8c0ad77c32eb6cf27ae9120157f0fa/screenshot - {}
RESULT: {}
RESULT: {}
COMMAND: POST /session/ee8c0ad77c32eb6cf27ae9120157f0fa/element/f.4EEDEA8BBD1FF6E0A028415A04A49F5E.d.5ECB800D5D1B1D4B8DF47A52ED020812.e.8882/click - {}
RESULT: {}
COMMAND: GET /session/ee8c0ad77c32eb6cf27ae9120157f0fa/screenshot - {}
RESULT: {}
RESULT: undefined
COMMAND: POST /session/ee8c0ad77c32eb6cf27ae9120157f0fa/execute/async - {"script":"<script> [776 bytes]","args":[{"enterText":"4000360","selector":{"controlType":"sap.m.SearchField","properties":{"placeholder":"Search"},"searchOpenDialogs":true,"interaction":{"idSuffix":"I"}},"clearTextFirst":true,"interactionType":"ENTER_TEXT"}]}
RESULT: {"script":"<script> [776 bytes]","args":[{"enterText":"4000360","selector":{"controlType":"sap.m.SearchField","properties":{"placeholder":"Search"},"searchOpenDialogs":true,"interaction":{"idSuffix":"I"}},"clearTextFirst":true,"interactionType":"ENTER_TEXT"}]}
COMMAND: POST /session/ee8c0ad77c32eb6cf27ae9120157f0fa/actions - {"actions":[{"id":"action30","type":"key","parameters":{},"actions":[{"type":"keyDown","value":"î€‡"},{"type":"pause","duration":10},{"type":"keyUp","value":"î€‡"}]}]}
RESULT: {"actions":[{"id":"action30","type":"key","parameters":{},"actions":[{"type":"keyDown","value":"î€‡"},{"type":"pause","duration":10},{"type":"keyUp","value":"î€‡"}]}]}
COMMAND: GET /session/ee8c0ad77c32eb6cf27ae9120157f0fa/screenshot - {}
RESULT: {}
COMMAND: POST /session/ee8c0ad77c32eb6cf27ae9120157f0fa/element - {"using":"xpath","value":"//td/div/span[contains(text(), \"BGL Vehicles\")]"}
RESULT: {"using":"xpath","value":"//td/div/span[contains(text(), \"BGL Vehicles\")]"}
COMMAND: POST /session/ee8c0ad77c32eb6cf27ae9120157f0fa/element/f.4EEDEA8BBD1FF6E0A028415A04A49F5E.d.5ECB800D5D1B1D4B8DF47A52ED020812.e.8903/click - {}
RESULT: {}
COMMAND: GET /session/ee8c0ad77c32eb6cf27ae9120157f0fa/screenshot - {}
RESULT: {}
COMMAND: POST /session/ee8c0ad77c32eb6cf27ae9120157f0fa/element - {"using":"xpath","value":"//bdi[contains(text(), \"OK\")]"}
RESULT: {"using":"xpath","value":"//bdi[contains(text(), \"OK\")]"}
COMMAND: POST /session/ee8c0ad77c32eb6cf27ae9120157f0fa/element/f.4EEDEA8BBD1FF6E0A028415A04A49F5E.d.5ECB800D5D1B1D4B8DF47A52ED020812.e.8904/click - {}
RESULT: {}
COMMAND: GET /session/ee8c0ad77c32eb6cf27ae9120157f0fa/screenshot - {}
RESULT: {}
COMMAND: POST /session/ee8c0ad77c32eb6cf27ae9120157f0fa/execute/async - {"script":"<script> [1562 bytes]","args":[{"selector":{"id":"application-manageresources-display-component---newResourceUnit--newRRUPage-anchBar-application-manageresources-display-component---newResourceUnit--resource-anchor","interaction":{"idSuffix":"BDI-content"}},"wdio_ui5_key":"applicationmanageresources-display-component---newResourceUnit--newRRUPage-anchBar-application-manageresources-display-component---newResourceUnit--resource-anchor"}]}
RESULT: {"script":"<script> [1562 bytes]","args":[{"selector":{"id":"application-manageresources-display-component---newResourceUnit--newRRUPage-anchBar-application-manageresources-display-component---newResourceUnit--resource-anchor","interaction":{"idSuffix":"BDI-content"}},"wdio_ui5_key":"applicationmanageresources-display-component---newResourceUnit--newRRUPage-anchBar-application-manageresources-display-component---newResourceUnit--resource-anchor"}]}
RESULT: undefined
COMMAND: POST /session/ee8c0ad77c32eb6cf27ae9120157f0fa/element - {"using":"xpath","value":"//*[@id=\"application-manageresources-display-component---newResourceUnit--newRRUPage-anchBar-application-manageresources-display-component---newResourceUnit--resource-anchor\"]"}
RESULT: {"using":"xpath","value":"//*[@id=\"application-manageresources-display-component---newResourceUnit--newRRUPage-anchBar-application-manageresources-display-component---newResourceUnit--resource-anchor\"]"}
COMMAND: POST /session/ee8c0ad77c32eb6cf27ae9120157f0fa/element/f.4EEDEA8BBD1FF6E0A028415A04A49F5E.d.5ECB800D5D1B1D4B8DF47A52ED020812.e.8908/click - {}
RESULT: {}
COMMAND: POST /session/ee8c0ad77c32eb6cf27ae9120157f0fa/execute/async - {"script":"<script> [1562 bytes]","args":[{"selector":{"id":"application-manageresources-display-component---newResourceUnit--PLANNED_DELIVERY_DATE","interaction":{"idSuffix":"inner"}},"wdio_ui5_key":"applicationmanageresources-display-component---newResourceUnit--PLANNED_DELIVERY_DATE"}]}
COMMAND: GET /session/ee8c0ad77c32eb6cf27ae9120157f0fa/screenshot - {}
RESULT: {"script":"<script> [1562 bytes]","args":[{"selector":{"id":"application-manageresources-display-component---newResourceUnit--PLANNED_DELIVERY_DATE","interaction":{"idSuffix":"inner"}},"wdio_ui5_key":"applicationmanageresources-display-component---newResourceUnit--PLANNED_DELIVERY_DATE"}]}
RESULT: undefined
COMMAND: POST /session/ee8c0ad77c32eb6cf27ae9120157f0fa/execute/async - {"script":"<script> [6424 bytes]","args":[{"element-6066-11e4-a52e-4f735466cecf":"f.4EEDEA8BBD1FF6E0A028415A04A49F5E.d.5ECB800D5D1B1D4B8DF47A52ED020812.e.8772"},"setValue",["5/14/25"]]}
RESULT: {}
RESULT: {"script":"<script> [6424 bytes]","args":[{"element-6066-11e4-a52e-4f735466cecf":"f.4EEDEA8BBD1FF6E0A028415A04A49F5E.d.5ECB800D5D1B1D4B8DF47A52ED020812.e.8772"},"setValue",["5/14/25"]]}
COMMAND: POST /session/ee8c0ad77c32eb6cf27ae9120157f0fa/element - {"using":"xpath","value":"//label[contains(@class, 'sapMLabelRequired') and .//bdi[contains(text(), 'Planned Retirement')]]"}
RESULT: {"using":"xpath","value":"//label[contains(@class, 'sapMLabelRequired') and .//bdi[contains(text(), 'Planned Retirement')]]"}
COMMAND: POST /session/ee8c0ad77c32eb6cf27ae9120157f0fa/elements - {"using":"xpath","value":"//label[contains(@class, 'sapMLabelRequired') and .//bdi[contains(text(), 'Planned Retirement')]]"}
RESULT: {"using":"xpath","value":"//label[contains(@class, 'sapMLabelRequired') and .//bdi[contains(text(), 'Planned Retirement')]]"}
COMMAND: POST /session/ee8c0ad77c32eb6cf27ae9120157f0fa/element - {"using":"xpath","value":"//button[@data-kt=\"resourceUnitSaveButton\"]"}
RESULT: {"using":"xpath","value":"//button[@data-kt=\"resourceUnitSaveButton\"]"}
COMMAND: POST /session/ee8c0ad77c32eb6cf27ae9120157f0fa/element/f.4EEDEA8BBD1FF6E0A028415A04A49F5E.d.5ECB800D5D1B1D4B8DF47A52ED020812.e.8733/click - {}
RESULT: {}
COMMAND: GET /session/ee8c0ad77c32eb6cf27ae9120157f0fa/screenshot - {}
RESULT: {}
COMMAND: POST /session/ee8c0ad77c32eb6cf27ae9120157f0fa/element - {"using":"xpath","value":"//bdi[contains(text(), \"Close\")]"}
RESULT: {"using":"xpath","value":"//bdi[contains(text(), \"Close\")]"}
COMMAND: POST /session/ee8c0ad77c32eb6cf27ae9120157f0fa/element/f.4EEDEA8BBD1FF6E0A028415A04A49F5E.d.5ECB800D5D1B1D4B8DF47A52ED020812.e.8918/click - {}
RESULT: {}
COMMAND: GET /session/ee8c0ad77c32eb6cf27ae9120157f0fa/screenshot - {}
RESULT: {}
COMMAND: POST /session/ee8c0ad77c32eb6cf27ae9120157f0fa/element - {"using":"xpath","value":"//bdi[contains(text(), \"Edit\")]"}
RESULT: {"using":"xpath","value":"//bdi[contains(text(), \"Edit\")]"}
COMMAND: POST /session/ee8c0ad77c32eb6cf27ae9120157f0fa/execute/sync - {"script":"<script> [8489 bytes]","args":[{"element-6066-11e4-a52e-4f735466cecf":"f.4EEDEA8BBD1FF6E0A028415A04A49F5E.d.5ECB800D5D1B1D4B8DF47A52ED020812.e.8949","ELEMENT":"f.4EEDEA8BBD1FF6E0A028415A04A49F5E.d.5ECB800D5D1B1D4B8DF47A52ED020812.e.8949"}]}
RESULT: {"script":"<script> [8489 bytes]","args":[{"element-6066-11e4-a52e-4f735466cecf":"f.4EEDEA8BBD1FF6E0A028415A04A49F5E.d.5ECB800D5D1B1D4B8DF47A52ED020812.e.8949","ELEMENT":"f.4EEDEA8BBD1FF6E0A028415A04A49F5E.d.5ECB800D5D1B1D4B8DF47A52ED020812.e.8949"}]}
COMMAND: POST /session/ee8c0ad77c32eb6cf27ae9120157f0fa/element/f.4EEDEA8BBD1FF6E0A028415A04A49F5E.d.5ECB800D5D1B1D4B8DF47A52ED020812.e.8949/click - {}
COMMAND: GET /session/ee8c0ad77c32eb6cf27ae9120157f0fa/screenshot - {}
RESULT: {}
COMMAND: GET /session/ee8c0ad77c32eb6cf27ae9120157f0fa/screenshot - {}
RESULT: {}
RESULT: {}
COMMAND: POST /session/ee8c0ad77c32eb6cf27ae9120157f0fa/execute/async - {"script":"<script> [1562 bytes]","args":[{"selector":{"id":"application-manageresources-display-component---editResource--editRruPage-anchBar-application-manageresources-display-component---editResource--counters-anchor","interaction":{"idSuffix":"BDI-content"}},"wdio_ui5_key":"applicationmanageresources-display-component---editResource--editRruPage-anchBar-application-manageresources-display-component---editResource--counters-anchor"}]}
RESULT: {"script":"<script> [1562 bytes]","args":[{"selector":{"id":"application-manageresources-display-component---editResource--editRruPage-anchBar-application-manageresources-display-component---editResource--counters-anchor","interaction":{"idSuffix":"BDI-content"}},"wdio_ui5_key":"applicationmanageresources-display-component---editResource--editRruPage-anchBar-application-manageresources-display-component---editResource--counters-anchor"}]}
RESULT: undefined
COMMAND: POST /session/ee8c0ad77c32eb6cf27ae9120157f0fa/element - {"using":"xpath","value":"//*[@id=\"application-manageresources-display-component---editResource--editRruPage-anchBar-application-manageresources-display-component---editResource--counters-anchor\"]"}
RESULT: {"using":"xpath","value":"//*[@id=\"application-manageresources-display-component---editResource--editRruPage-anchBar-application-manageresources-display-component---editResource--counters-anchor\"]"}
COMMAND: POST /session/ee8c0ad77c32eb6cf27ae9120157f0fa/element/f.4EEDEA8BBD1FF6E0A028415A04A49F5E.d.5ECB800D5D1B1D4B8DF47A52ED020812.e.9059/click - {}
RESULT: {}
COMMAND: GET /session/ee8c0ad77c32eb6cf27ae9120157f0fa/screenshot - {}
RESULT: {}
COMMAND: POST /session/ee8c0ad77c32eb6cf27ae9120157f0fa/execute/async - {"script":"<script> [1562 bytes]","args":[{"selector":{"id":"application-manageresources-display-component---editResource--btnAddCounter-img"},"wdio_ui5_key":"applicationmanageresources-display-component---editResource--btnAddCounter-img"}]}
RESULT: {"script":"<script> [1562 bytes]","args":[{"selector":{"id":"application-manageresources-display-component---editResource--btnAddCounter-img"},"wdio_ui5_key":"applicationmanageresources-display-component---editResource--btnAddCounter-img"}]}
RESULT: undefined
COMMAND: POST /session/ee8c0ad77c32eb6cf27ae9120157f0fa/element - {"using":"xpath","value":"//*[@id=\"application-manageresources-display-component---editResource--btnAddCounter-img\"]"}
RESULT: {"using":"xpath","value":"//*[@id=\"application-manageresources-display-component---editResource--btnAddCounter-img\"]"}
COMMAND: POST /session/ee8c0ad77c32eb6cf27ae9120157f0fa/element/f.4EEDEA8BBD1FF6E0A028415A04A49F5E.d.5ECB800D5D1B1D4B8DF47A52ED020812.e.9093/click - {}
RESULT: {}
COMMAND: POST /session/ee8c0ad77c32eb6cf27ae9120157f0fa/execute/async - {"script":"<script> [1562 bytes]","args":[{"selector":{"id":"application-manageresources-display-component---editResource--COUNTER_ID-application-manageresources-display-component---editResource--RUCounters-0-arrow"},"wdio_ui5_key":"applicationmanageresources-display-component---editResource--COUNTER_ID-application-manageresources-display-component---editResource--RUCounters-0-arrow"}]}
COMMAND: GET /session/ee8c0ad77c32eb6cf27ae9120157f0fa/screenshot - {}
RESULT: {"script":"<script> [1562 bytes]","args":[{"selector":{"id":"application-manageresources-display-component---editResource--COUNTER_ID-application-manageresources-display-component---editResource--RUCounters-0-arrow"},"wdio_ui5_key":"applicationmanageresources-display-component---editResource--COUNTER_ID-application-manageresources-display-component---editResource--RUCounters-0-arrow"}]}
RESULT: undefined
COMMAND: POST /session/ee8c0ad77c32eb6cf27ae9120157f0fa/element - {"using":"xpath","value":"//*[@id=\"application-manageresources-display-component---editResource--COUNTER_ID-application-manageresources-display-component---editResource--RUCounters-0-arrow\"]"}
RESULT: {}
RESULT: {"using":"xpath","value":"//*[@id=\"application-manageresources-display-component---editResource--COUNTER_ID-application-manageresources-display-component---editResource--RUCounters-0-arrow\"]"}
COMMAND: POST /session/ee8c0ad77c32eb6cf27ae9120157f0fa/element/f.4EEDEA8BBD1FF6E0A028415A04A49F5E.d.5ECB800D5D1B1D4B8DF47A52ED020812.e.9100/click - {}
RESULT: {}
COMMAND: POST /session/ee8c0ad77c32eb6cf27ae9120157f0fa/execute/async - {"script":"<script> [1562 bytes]","args":[{"selector":{"controlType":"sap.m.StandardListItem","viewName":"etm.portal.ui.manageresources.view.EditResource","viewId":"application-manageresources-display-component---editResource","properties":{"title":"fuel"},"searchOpenDialogs":true,"interaction":{"idSuffix":"content"}},"wdio_ui5_key":"etmportal.ui.manageresources.view.EditResourcesap.m.StandardListItem{\"title\":\"fuel\"}"}]}
COMMAND: GET /session/ee8c0ad77c32eb6cf27ae9120157f0fa/screenshot - {}
RESULT: {"script":"<script> [1562 bytes]","args":[{"selector":{"controlType":"sap.m.StandardListItem","viewName":"etm.portal.ui.manageresources.view.EditResource","viewId":"application-manageresources-display-component---editResource","properties":{"title":"fuel"},"searchOpenDialogs":true,"interaction":{"idSuffix":"content"}},"wdio_ui5_key":"etmportal.ui.manageresources.view.EditResourcesap.m.StandardListItem{\"title\":\"fuel\"}"}]}
RESULT: undefined
COMMAND: POST /session/ee8c0ad77c32eb6cf27ae9120157f0fa/element - {"using":"xpath","value":"//*[@id=\"__item2213\"]"}
RESULT: {}
RESULT: {"using":"xpath","value":"//*[@id=\"__item2213\"]"}
COMMAND: POST /session/ee8c0ad77c32eb6cf27ae9120157f0fa/element/f.4EEDEA8BBD1FF6E0A028415A04A49F5E.d.5ECB800D5D1B1D4B8DF47A52ED020812.e.9102/click - {}
RESULT: {}
COMMAND: GET /session/ee8c0ad77c32eb6cf27ae9120157f0fa/screenshot - {}
RESULT: {}
COMMAND: POST /session/ee8c0ad77c32eb6cf27ae9120157f0fa/element - {"using":"xpath","value":"//button[@data-kt=\"saveButton\"]"}
RESULT: {"using":"xpath","value":"//button[@data-kt=\"saveButton\"]"}
COMMAND: POST /session/ee8c0ad77c32eb6cf27ae9120157f0fa/element/f.4EEDEA8BBD1FF6E0A028415A04A49F5E.d.5ECB800D5D1B1D4B8DF47A52ED020812.e.9103/click - {}
RESULT: {}
COMMAND: GET /session/ee8c0ad77c32eb6cf27ae9120157f0fa/screenshot - {}
RESULT: {}
COMMAND: POST /session/ee8c0ad77c32eb6cf27ae9120157f0fa/element - {"using":"xpath","value":"(//button[contains(@id ,\"actionsToolbar-overflowButton\")])[1]"}
RESULT: {"using":"xpath","value":"(//button[contains(@id ,\"actionsToolbar-overflowButton\")])[1]"}
COMMAND: POST /session/ee8c0ad77c32eb6cf27ae9120157f0fa/element/f.4EEDEA8BBD1FF6E0A028415A04A49F5E.d.5ECB800D5D1B1D4B8DF47A52ED020812.e.9115/click - {}
RESULT: {}
COMMAND: GET /session/ee8c0ad77c32eb6cf27ae9120157f0fa/screenshot - {}
RESULT: {}
COMMAND: POST /session/ee8c0ad77c32eb6cf27ae9120157f0fa/element - {"using":"xpath","value":"//button[@data-kt=\"priceInfoButton\"]"}
RESULT: {"using":"xpath","value":"//button[@data-kt=\"priceInfoButton\"]"}
COMMAND: POST /session/ee8c0ad77c32eb6cf27ae9120157f0fa/element/f.4EEDEA8BBD1FF6E0A028415A04A49F5E.d.5ECB800D5D1B1D4B8DF47A52ED020812.e.9117/click - {}
RESULT: {}
COMMAND: GET /session/ee8c0ad77c32eb6cf27ae9120157f0fa/screenshot - {}
]]></system-out>
    </testcase>
    <testcase classname="chrome.136_0_7103_49.windows.Create_master_data_for_mixed_billing_&amp;_do_billing_calculation_US151661" name="Should create a TB pricing procedure" time="64.635">
      <system-out><![CDATA[
COMMAND: POST /session/ee8c0ad77c32eb6cf27ae9120157f0fa/element - {"using":"xpath","value":"//button[@data-kt=\"addButton\"]"}
RESULT: {}
RESULT: {"using":"xpath","value":"//button[@data-kt=\"addButton\"]"}
COMMAND: POST /session/ee8c0ad77c32eb6cf27ae9120157f0fa/elements - {"using":"xpath","value":"//button[@data-kt=\"addButton\"]"}
RESULT: {"using":"xpath","value":"//button[@data-kt=\"addButton\"]"}
COMMAND: POST /session/ee8c0ad77c32eb6cf27ae9120157f0fa/elements - {"using":"xpath","value":"//button[@data-kt=\"addButton\"]"}
RESULT: {"using":"xpath","value":"//button[@data-kt=\"addButton\"]"}
COMMAND: POST /session/ee8c0ad77c32eb6cf27ae9120157f0fa/element - {"using":"xpath","value":"//button[@data-kt=\"addButton\"]"}
RESULT: {"using":"xpath","value":"//button[@data-kt=\"addButton\"]"}
COMMAND: POST /session/ee8c0ad77c32eb6cf27ae9120157f0fa/execute/sync - {"script":"<script> [8489 bytes]","args":[{"element-6066-11e4-a52e-4f735466cecf":"f.4EEDEA8BBD1FF6E0A028415A04A49F5E.d.5ECB800D5D1B1D4B8DF47A52ED020812.e.9153","ELEMENT":"f.4EEDEA8BBD1FF6E0A028415A04A49F5E.d.5ECB800D5D1B1D4B8DF47A52ED020812.e.9153"}]}
RESULT: {"script":"<script> [8489 bytes]","args":[{"element-6066-11e4-a52e-4f735466cecf":"f.4EEDEA8BBD1FF6E0A028415A04A49F5E.d.5ECB800D5D1B1D4B8DF47A52ED020812.e.9153","ELEMENT":"f.4EEDEA8BBD1FF6E0A028415A04A49F5E.d.5ECB800D5D1B1D4B8DF47A52ED020812.e.9153"}]}
COMMAND: GET /session/ee8c0ad77c32eb6cf27ae9120157f0fa/element/f.4EEDEA8BBD1FF6E0A028415A04A49F5E.d.5ECB800D5D1B1D4B8DF47A52ED020812.e.9153/enabled - {}
COMMAND: GET /session/ee8c0ad77c32eb6cf27ae9120157f0fa/screenshot - {}
RESULT: {}
COMMAND: POST /session/ee8c0ad77c32eb6cf27ae9120157f0fa/execute/sync - {"script":"<script> [8489 bytes]","args":[{"element-6066-11e4-a52e-4f735466cecf":"f.4EEDEA8BBD1FF6E0A028415A04A49F5E.d.5ECB800D5D1B1D4B8DF47A52ED020812.e.9153","ELEMENT":"f.4EEDEA8BBD1FF6E0A028415A04A49F5E.d.5ECB800D5D1B1D4B8DF47A52ED020812.e.9153"}]}
COMMAND: GET /session/ee8c0ad77c32eb6cf27ae9120157f0fa/screenshot - {}
RESULT: {}
RESULT: {"script":"<script> [8489 bytes]","args":[{"element-6066-11e4-a52e-4f735466cecf":"f.4EEDEA8BBD1FF6E0A028415A04A49F5E.d.5ECB800D5D1B1D4B8DF47A52ED020812.e.9153","ELEMENT":"f.4EEDEA8BBD1FF6E0A028415A04A49F5E.d.5ECB800D5D1B1D4B8DF47A52ED020812.e.9153"}]}
COMMAND: POST /session/ee8c0ad77c32eb6cf27ae9120157f0fa/execute/sync - {"script":"<script> [5351 bytes]","args":[{"element-6066-11e4-a52e-4f735466cecf":"f.4EEDEA8BBD1FF6E0A028415A04A49F5E.d.5ECB800D5D1B1D4B8DF47A52ED020812.e.9153","ELEMENT":"f.4EEDEA8BBD1FF6E0A028415A04A49F5E.d.5ECB800D5D1B1D4B8DF47A52ED020812.e.9153"}]}
COMMAND: GET /session/ee8c0ad77c32eb6cf27ae9120157f0fa/screenshot - {}
RESULT: {}
RESULT: {"script":"<script> [5351 bytes]","args":[{"element-6066-11e4-a52e-4f735466cecf":"f.4EEDEA8BBD1FF6E0A028415A04A49F5E.d.5ECB800D5D1B1D4B8DF47A52ED020812.e.9153","ELEMENT":"f.4EEDEA8BBD1FF6E0A028415A04A49F5E.d.5ECB800D5D1B1D4B8DF47A52ED020812.e.9153"}]}
COMMAND: POST /session/ee8c0ad77c32eb6cf27ae9120157f0fa/element/f.4EEDEA8BBD1FF6E0A028415A04A49F5E.d.5ECB800D5D1B1D4B8DF47A52ED020812.e.9153/click - {}
COMMAND: GET /session/ee8c0ad77c32eb6cf27ae9120157f0fa/screenshot - {}
RESULT: {}
RESULT: {}
COMMAND: GET /session/ee8c0ad77c32eb6cf27ae9120157f0fa/screenshot - {}
RESULT: {}
RESULT: {}
COMMAND: POST /session/ee8c0ad77c32eb6cf27ae9120157f0fa/execute/async - {"script":"<script> [1562 bytes]","args":[{"selector":{"controlType":"sap.m.Title","viewName":"etm.portal.ui.managepricingrules.view.NewItem","viewId":"application-managepricingrules-display-component---newInfoPriceItem","properties":{"text":"New Pricing Rules - Item Level"}},"wdio_ui5_key":"etmportal.ui.managepricingrules.view.NewItemsap.m.Title{\"text\":\"New Pricing Rules - Item Level\"}"}]}
RESULT: {"script":"<script> [1562 bytes]","args":[{"selector":{"controlType":"sap.m.Title","viewName":"etm.portal.ui.managepricingrules.view.NewItem","viewId":"application-managepricingrules-display-component---newInfoPriceItem","properties":{"text":"New Pricing Rules - Item Level"}},"wdio_ui5_key":"etmportal.ui.managepricingrules.view.NewItemsap.m.Title{\"text\":\"New Pricing Rules - Item Level\"}"}]}
RESULT: undefined
COMMAND: POST /session/ee8c0ad77c32eb6cf27ae9120157f0fa/execute/async - {"script":"<script> [6424 bytes]","args":[{"element-6066-11e4-a52e-4f735466cecf":"f.4EEDEA8BBD1FF6E0A028415A04A49F5E.d.5ECB800D5D1B1D4B8DF47A52ED020812.e.9278"},"getText",[]]}
RESULT: {"script":"<script> [6424 bytes]","args":[{"element-6066-11e4-a52e-4f735466cecf":"f.4EEDEA8BBD1FF6E0A028415A04A49F5E.d.5ECB800D5D1B1D4B8DF47A52ED020812.e.9278"},"getText",[]]}
COMMAND: POST /session/ee8c0ad77c32eb6cf27ae9120157f0fa/execute/async - {"script":"<script> [1562 bytes]","args":[{"selector":{"id":"application-managepricingrules-display-component---newInfoPriceItem--condValidTo","interaction":{"idSuffix":"inner"}},"wdio_ui5_key":"applicationmanagepricingrules-display-component---newInfoPriceItem--condValidTo"}]}
RESULT: {"script":"<script> [1562 bytes]","args":[{"selector":{"id":"application-managepricingrules-display-component---newInfoPriceItem--condValidTo","interaction":{"idSuffix":"inner"}},"wdio_ui5_key":"applicationmanagepricingrules-display-component---newInfoPriceItem--condValidTo"}]}
RESULT: undefined
COMMAND: POST /session/ee8c0ad77c32eb6cf27ae9120157f0fa/execute/async - {"script":"<script> [776 bytes]","args":[{"enterText":"1/14/26","selector":{"id":"application-managepricingrules-display-component---newInfoPriceItem--condValidTo","interaction":{"idSuffix":"inner"}},"clearTextFirst":true,"interactionType":"ENTER_TEXT"}]}
RESULT: {"script":"<script> [776 bytes]","args":[{"enterText":"1/14/26","selector":{"id":"application-managepricingrules-display-component---newInfoPriceItem--condValidTo","interaction":{"idSuffix":"inner"}},"clearTextFirst":true,"interactionType":"ENTER_TEXT"}]}
COMMAND: POST /session/ee8c0ad77c32eb6cf27ae9120157f0fa/execute/async - {"script":"<script> [1562 bytes]","args":[{"selector":{"id":"application-managepricingrules-display-component---newInfoPriceItem--billType-arrow"},"wdio_ui5_key":"applicationmanagepricingrules-display-component---newInfoPriceItem--billType-arrow"}]}
RESULT: {"script":"<script> [1562 bytes]","args":[{"selector":{"id":"application-managepricingrules-display-component---newInfoPriceItem--billType-arrow"},"wdio_ui5_key":"applicationmanagepricingrules-display-component---newInfoPriceItem--billType-arrow"}]}
RESULT: undefined
COMMAND: POST /session/ee8c0ad77c32eb6cf27ae9120157f0fa/element - {"using":"xpath","value":"//*[@id=\"application-managepricingrules-display-component---newInfoPriceItem--billType-arrow\"]"}
RESULT: {"using":"xpath","value":"//*[@id=\"application-managepricingrules-display-component---newInfoPriceItem--billType-arrow\"]"}
COMMAND: POST /session/ee8c0ad77c32eb6cf27ae9120157f0fa/element/f.4EEDEA8BBD1FF6E0A028415A04A49F5E.d.5ECB800D5D1B1D4B8DF47A52ED020812.e.9282/click - {}
RESULT: {}
COMMAND: POST /session/ee8c0ad77c32eb6cf27ae9120157f0fa/element - {"using":"xpath","value":"//span[contains(text(), \"TB - Time based\")]"}
COMMAND: GET /session/ee8c0ad77c32eb6cf27ae9120157f0fa/screenshot - {}
RESULT: {"using":"xpath","value":"//span[contains(text(), \"TB - Time based\")]"}
COMMAND: POST /session/ee8c0ad77c32eb6cf27ae9120157f0fa/element/f.4EEDEA8BBD1FF6E0A028415A04A49F5E.d.5ECB800D5D1B1D4B8DF47A52ED020812.e.9283/click - {}
RESULT: {}
RESULT: {}
COMMAND: POST /session/ee8c0ad77c32eb6cf27ae9120157f0fa/execute/async - {"script":"<script> [1562 bytes]","args":[{"selector":{"id":"application-managepricingrules-display-component---newInfoPriceItem--priceProc-arrow"},"wdio_ui5_key":"applicationmanagepricingrules-display-component---newInfoPriceItem--priceProc-arrow"}]}
COMMAND: GET /session/ee8c0ad77c32eb6cf27ae9120157f0fa/screenshot - {}
RESULT: {"script":"<script> [1562 bytes]","args":[{"selector":{"id":"application-managepricingrules-display-component---newInfoPriceItem--priceProc-arrow"},"wdio_ui5_key":"applicationmanagepricingrules-display-component---newInfoPriceItem--priceProc-arrow"}]}
RESULT: undefined
COMMAND: POST /session/ee8c0ad77c32eb6cf27ae9120157f0fa/element - {"using":"xpath","value":"//*[@id=\"application-managepricingrules-display-component---newInfoPriceItem--priceProc-arrow\"]"}
RESULT: {}
RESULT: {"using":"xpath","value":"//*[@id=\"application-managepricingrules-display-component---newInfoPriceItem--priceProc-arrow\"]"}
COMMAND: POST /session/ee8c0ad77c32eb6cf27ae9120157f0fa/element/f.4EEDEA8BBD1FF6E0A028415A04A49F5E.d.5ECB800D5D1B1D4B8DF47A52ED020812.e.9284/click - {}
RESULT: {}
COMMAND: POST /session/ee8c0ad77c32eb6cf27ae9120157f0fa/element - {"using":"xpath","value":"//span[contains(text(), \"TB - Time based BGL\")]"}
COMMAND: GET /session/ee8c0ad77c32eb6cf27ae9120157f0fa/screenshot - {}
RESULT: {"using":"xpath","value":"//span[contains(text(), \"TB - Time based BGL\")]"}
COMMAND: POST /session/ee8c0ad77c32eb6cf27ae9120157f0fa/element/f.4EEDEA8BBD1FF6E0A028415A04A49F5E.d.5ECB800D5D1B1D4B8DF47A52ED020812.e.9285/click - {}
RESULT: {}
RESULT: {}
COMMAND: POST /session/ee8c0ad77c32eb6cf27ae9120157f0fa/execute/async - {"script":"<script> [1562 bytes]","args":[{"selector":{"id":"application-managepricingrules-display-component---newInfoPriceItem--calcBase-arrow"},"wdio_ui5_key":"applicationmanagepricingrules-display-component---newInfoPriceItem--calcBase-arrow"}]}
COMMAND: GET /session/ee8c0ad77c32eb6cf27ae9120157f0fa/screenshot - {}
RESULT: {"script":"<script> [1562 bytes]","args":[{"selector":{"id":"application-managepricingrules-display-component---newInfoPriceItem--calcBase-arrow"},"wdio_ui5_key":"applicationmanagepricingrules-display-component---newInfoPriceItem--calcBase-arrow"}]}
RESULT: undefined
COMMAND: POST /session/ee8c0ad77c32eb6cf27ae9120157f0fa/element - {"using":"xpath","value":"//*[@id=\"application-managepricingrules-display-component---newInfoPriceItem--calcBase-arrow\"]"}
RESULT: {}
RESULT: {"using":"xpath","value":"//*[@id=\"application-managepricingrules-display-component---newInfoPriceItem--calcBase-arrow\"]"}
COMMAND: POST /session/ee8c0ad77c32eb6cf27ae9120157f0fa/element/f.4EEDEA8BBD1FF6E0A028415A04A49F5E.d.5ECB800D5D1B1D4B8DF47A52ED020812.e.9256/click - {}
RESULT: {}
COMMAND: GET /session/ee8c0ad77c32eb6cf27ae9120157f0fa/screenshot - {}
RESULT: {}
COMMAND: POST /session/ee8c0ad77c32eb6cf27ae9120157f0fa/element - {"using":"xpath","value":"//span[contains(text(), \"0006 - TB(calendar days)\")]"}
RESULT: {"using":"xpath","value":"//span[contains(text(), \"0006 - TB(calendar days)\")]"}
COMMAND: POST /session/ee8c0ad77c32eb6cf27ae9120157f0fa/element/f.4EEDEA8BBD1FF6E0A028415A04A49F5E.d.5ECB800D5D1B1D4B8DF47A52ED020812.e.9286/click - {}
RESULT: {}
COMMAND: GET /session/ee8c0ad77c32eb6cf27ae9120157f0fa/screenshot - {}
RESULT: {}
COMMAND: POST /session/ee8c0ad77c32eb6cf27ae9120157f0fa/execute/async - {"script":"<script> [1562 bytes]","args":[{"selector":{"id":"application-managepricingrules-display-component---newInfoPriceItem--hoursMonth","interaction":{"idSuffix":"inner"}},"wdio_ui5_key":"applicationmanagepricingrules-display-component---newInfoPriceItem--hoursMonth"}]}
RESULT: {"script":"<script> [1562 bytes]","args":[{"selector":{"id":"application-managepricingrules-display-component---newInfoPriceItem--hoursMonth","interaction":{"idSuffix":"inner"}},"wdio_ui5_key":"applicationmanagepricingrules-display-component---newInfoPriceItem--hoursMonth"}]}
RESULT: undefined
COMMAND: POST /session/ee8c0ad77c32eb6cf27ae9120157f0fa/execute/async - {"script":"<script> [776 bytes]","args":[{"enterText":"160","selector":{"id":"application-managepricingrules-display-component---newInfoPriceItem--hoursMonth","interaction":{"idSuffix":"inner"}},"clearTextFirst":true,"interactionType":"ENTER_TEXT"}]}
RESULT: {"script":"<script> [776 bytes]","args":[{"enterText":"160","selector":{"id":"application-managepricingrules-display-component---newInfoPriceItem--hoursMonth","interaction":{"idSuffix":"inner"}},"clearTextFirst":true,"interactionType":"ENTER_TEXT"}]}
COMMAND: POST /session/ee8c0ad77c32eb6cf27ae9120157f0fa/execute/async - {"script":"<script> [1562 bytes]","args":[{"selector":{"id":"application-managepricingrules-display-component---newInfoPriceItem--daysMonth","interaction":{"idSuffix":"inner"}},"wdio_ui5_key":"applicationmanagepricingrules-display-component---newInfoPriceItem--daysMonth"}]}
RESULT: {"script":"<script> [1562 bytes]","args":[{"selector":{"id":"application-managepricingrules-display-component---newInfoPriceItem--daysMonth","interaction":{"idSuffix":"inner"}},"wdio_ui5_key":"applicationmanagepricingrules-display-component---newInfoPriceItem--daysMonth"}]}
RESULT: undefined
COMMAND: POST /session/ee8c0ad77c32eb6cf27ae9120157f0fa/execute/async - {"script":"<script> [776 bytes]","args":[{"enterText":"30","selector":{"id":"application-managepricingrules-display-component---newInfoPriceItem--daysMonth","interaction":{"idSuffix":"inner"}},"clearTextFirst":true,"interactionType":"ENTER_TEXT"}]}
RESULT: {"script":"<script> [776 bytes]","args":[{"enterText":"30","selector":{"id":"application-managepricingrules-display-component---newInfoPriceItem--daysMonth","interaction":{"idSuffix":"inner"}},"clearTextFirst":true,"interactionType":"ENTER_TEXT"}]}
COMMAND: POST /session/ee8c0ad77c32eb6cf27ae9120157f0fa/element - {"using":"xpath","value":"//button[@data-kt=\"saveNewRuleButton\"]"}
RESULT: {"using":"xpath","value":"//button[@data-kt=\"saveNewRuleButton\"]"}
COMMAND: POST /session/ee8c0ad77c32eb6cf27ae9120157f0fa/element/f.4EEDEA8BBD1FF6E0A028415A04A49F5E.d.5ECB800D5D1B1D4B8DF47A52ED020812.e.9268/click - {}
RESULT: {}
COMMAND: GET /session/ee8c0ad77c32eb6cf27ae9120157f0fa/screenshot - {}
RESULT: {}
COMMAND: POST /session/ee8c0ad77c32eb6cf27ae9120157f0fa/execute/async - {"script":"<script> [1562 bytes]","args":[{"selector":{"id":"application-managepricingrules-display-component---priceInfoItem--smartFilterBar-btnBasicSearch","interaction":{"idSuffix":"I"}},"wdio_ui5_key":"applicationmanagepricingrules-display-component---priceInfoItem--smartFilterBar-btnBasicSearch"}]}
RESULT: {"script":"<script> [1562 bytes]","args":[{"selector":{"id":"application-managepricingrules-display-component---priceInfoItem--smartFilterBar-btnBasicSearch","interaction":{"idSuffix":"I"}},"wdio_ui5_key":"applicationmanagepricingrules-display-component---priceInfoItem--smartFilterBar-btnBasicSearch"}]}
RESULT: undefined
COMMAND: POST /session/ee8c0ad77c32eb6cf27ae9120157f0fa/execute/async - {"script":"<script> [776 bytes]","args":[{"enterText":"8Ugqut2yz5","selector":{"id":"application-managepricingrules-display-component---priceInfoItem--smartFilterBar-btnBasicSearch","interaction":{"idSuffix":"I"}},"clearTextFirst":true,"interactionType":"ENTER_TEXT"}]}
RESULT: {"script":"<script> [776 bytes]","args":[{"enterText":"8Ugqut2yz5","selector":{"id":"application-managepricingrules-display-component---priceInfoItem--smartFilterBar-btnBasicSearch","interaction":{"idSuffix":"I"}},"clearTextFirst":true,"interactionType":"ENTER_TEXT"}]}
COMMAND: POST /session/ee8c0ad77c32eb6cf27ae9120157f0fa/actions - {"actions":[{"id":"action31","type":"key","parameters":{},"actions":[{"type":"keyDown","value":"î€‡"},{"type":"pause","duration":10},{"type":"keyUp","value":"î€‡"}]}]}
RESULT: {"actions":[{"id":"action31","type":"key","parameters":{},"actions":[{"type":"keyDown","value":"î€‡"},{"type":"pause","duration":10},{"type":"keyUp","value":"î€‡"}]}]}
COMMAND: GET /session/ee8c0ad77c32eb6cf27ae9120157f0fa/screenshot - {}
RESULT: {}
COMMAND: POST /session/ee8c0ad77c32eb6cf27ae9120157f0fa/element - {"using":"xpath","value":"//span[@id=\"application-managepricingrules-display-component---priceInfoItem--smartTable-header-inner\"]"}
RESULT: {"using":"xpath","value":"//span[@id=\"application-managepricingrules-display-component---priceInfoItem--smartTable-header-inner\"]"}
COMMAND: POST /session/ee8c0ad77c32eb6cf27ae9120157f0fa/elements - {"using":"xpath","value":"//span[@id=\"application-managepricingrules-display-component---priceInfoItem--smartTable-header-inner\"]"}
RESULT: {"using":"xpath","value":"//span[@id=\"application-managepricingrules-display-component---priceInfoItem--smartTable-header-inner\"]"}
COMMAND: POST /session/ee8c0ad77c32eb6cf27ae9120157f0fa/execute/sync - {"script":"<script> [56 bytes]","args":[{"element-6066-11e4-a52e-4f735466cecf":"f.4EEDEA8BBD1FF6E0A028415A04A49F5E.d.5ECB800D5D1B1D4B8DF47A52ED020812.e.9312","ELEMENT":"f.4EEDEA8BBD1FF6E0A028415A04A49F5E.d.5ECB800D5D1B1D4B8DF47A52ED020812.e.9312"}]}
RESULT: {"script":"<script> [56 bytes]","args":[{"element-6066-11e4-a52e-4f735466cecf":"f.4EEDEA8BBD1FF6E0A028415A04A49F5E.d.5ECB800D5D1B1D4B8DF47A52ED020812.e.9312","ELEMENT":"f.4EEDEA8BBD1FF6E0A028415A04A49F5E.d.5ECB800D5D1B1D4B8DF47A52ED020812.e.9312"}]}
COMMAND: POST /session/ee8c0ad77c32eb6cf27ae9120157f0fa/element - {"using":"css selector","value":"#shell-header-logo"}
COMMAND: GET /session/ee8c0ad77c32eb6cf27ae9120157f0fa/screenshot - {}
RESULT: {"using":"css selector","value":"#shell-header-logo"}
COMMAND: POST /session/ee8c0ad77c32eb6cf27ae9120157f0fa/element/f.4EEDEA8BBD1FF6E0A028415A04A49F5E.d.5ECB800D5D1B1D4B8DF47A52ED020812.e.8331/click - {}
RESULT: {}
RESULT: {}
COMMAND: GET /session/ee8c0ad77c32eb6cf27ae9120157f0fa/screenshot - {}
RESULT: {}
]]></system-out>
    </testcase>
    <testcase classname="chrome.136_0_7103_49.windows.Create_master_data_for_mixed_billing_&amp;_do_billing_calculation_US151661" name="Should add one time condition" time="73.393">
      <system-out><![CDATA[
COMMAND: POST /session/ee8c0ad77c32eb6cf27ae9120157f0fa/execute/async - {"script":"<script> [1562 bytes]","args":[{"selector":{"controlType":"sap.m.GenericTile","properties":{"header":"Manage Conditions & Prices"}},"wdio_ui5_key":"sapm.GenericTile{\"header\":\"Manage Conditions & Prices\"}"}]}
RESULT: {"script":"<script> [1562 bytes]","args":[{"selector":{"controlType":"sap.m.GenericTile","properties":{"header":"Manage Conditions & Prices"}},"wdio_ui5_key":"sapm.GenericTile{\"header\":\"Manage Conditions & Prices\"}"}]}
RESULT: undefined
COMMAND: POST /session/ee8c0ad77c32eb6cf27ae9120157f0fa/element - {"using":"xpath","value":"//*[@id=\"__tile53\"]"}
RESULT: {"using":"xpath","value":"//*[@id=\"__tile53\"]"}
COMMAND: POST /session/ee8c0ad77c32eb6cf27ae9120157f0fa/element/f.4EEDEA8BBD1FF6E0A028415A04A49F5E.d.5ECB800D5D1B1D4B8DF47A52ED020812.e.6035/click - {}
RESULT: {}
COMMAND: GET /session/ee8c0ad77c32eb6cf27ae9120157f0fa/screenshot - {}
RESULT: {}
COMMAND: POST /session/ee8c0ad77c32eb6cf27ae9120157f0fa/elements - {"using":"xpath","value":"//span[text()='Error']"}
RESULT: {"using":"xpath","value":"//span[text()='Error']"}
COMMAND: POST /session/ee8c0ad77c32eb6cf27ae9120157f0fa/element - {"using":"xpath","value":"//button[@aria-label=\"Create\"]"}
RESULT: {"using":"xpath","value":"//button[@aria-label=\"Create\"]"}
COMMAND: POST /session/ee8c0ad77c32eb6cf27ae9120157f0fa/elements - {"using":"xpath","value":"//button[@aria-label=\"Create\"]"}
RESULT: {"using":"xpath","value":"//button[@aria-label=\"Create\"]"}
COMMAND: POST /session/ee8c0ad77c32eb6cf27ae9120157f0fa/execute/sync - {"script":"<script> [8489 bytes]","args":[{"element-6066-11e4-a52e-4f735466cecf":"f.4EEDEA8BBD1FF6E0A028415A04A49F5E.d.5ECB800D5D1B1D4B8DF47A52ED020812.e.9347","ELEMENT":"f.4EEDEA8BBD1FF6E0A028415A04A49F5E.d.5ECB800D5D1B1D4B8DF47A52ED020812.e.9347"}]}
RESULT: {"script":"<script> [8489 bytes]","args":[{"element-6066-11e4-a52e-4f735466cecf":"f.4EEDEA8BBD1FF6E0A028415A04A49F5E.d.5ECB800D5D1B1D4B8DF47A52ED020812.e.9347","ELEMENT":"f.4EEDEA8BBD1FF6E0A028415A04A49F5E.d.5ECB800D5D1B1D4B8DF47A52ED020812.e.9347"}]}
COMMAND: GET /session/ee8c0ad77c32eb6cf27ae9120157f0fa/element/f.4EEDEA8BBD1FF6E0A028415A04A49F5E.d.5ECB800D5D1B1D4B8DF47A52ED020812.e.9347/enabled - {}
COMMAND: GET /session/ee8c0ad77c32eb6cf27ae9120157f0fa/screenshot - {}
RESULT: {}
COMMAND: POST /session/ee8c0ad77c32eb6cf27ae9120157f0fa/execute/sync - {"script":"<script> [8489 bytes]","args":[{"element-6066-11e4-a52e-4f735466cecf":"f.4EEDEA8BBD1FF6E0A028415A04A49F5E.d.5ECB800D5D1B1D4B8DF47A52ED020812.e.9347","ELEMENT":"f.4EEDEA8BBD1FF6E0A028415A04A49F5E.d.5ECB800D5D1B1D4B8DF47A52ED020812.e.9347"}]}
COMMAND: GET /session/ee8c0ad77c32eb6cf27ae9120157f0fa/screenshot - {}
RESULT: {}
RESULT: {"script":"<script> [8489 bytes]","args":[{"element-6066-11e4-a52e-4f735466cecf":"f.4EEDEA8BBD1FF6E0A028415A04A49F5E.d.5ECB800D5D1B1D4B8DF47A52ED020812.e.9347","ELEMENT":"f.4EEDEA8BBD1FF6E0A028415A04A49F5E.d.5ECB800D5D1B1D4B8DF47A52ED020812.e.9347"}]}
COMMAND: POST /session/ee8c0ad77c32eb6cf27ae9120157f0fa/execute/sync - {"script":"<script> [5351 bytes]","args":[{"element-6066-11e4-a52e-4f735466cecf":"f.4EEDEA8BBD1FF6E0A028415A04A49F5E.d.5ECB800D5D1B1D4B8DF47A52ED020812.e.9347","ELEMENT":"f.4EEDEA8BBD1FF6E0A028415A04A49F5E.d.5ECB800D5D1B1D4B8DF47A52ED020812.e.9347"}]}
COMMAND: GET /session/ee8c0ad77c32eb6cf27ae9120157f0fa/screenshot - {}
RESULT: {}
RESULT: {"script":"<script> [5351 bytes]","args":[{"element-6066-11e4-a52e-4f735466cecf":"f.4EEDEA8BBD1FF6E0A028415A04A49F5E.d.5ECB800D5D1B1D4B8DF47A52ED020812.e.9347","ELEMENT":"f.4EEDEA8BBD1FF6E0A028415A04A49F5E.d.5ECB800D5D1B1D4B8DF47A52ED020812.e.9347"}]}
COMMAND: POST /session/ee8c0ad77c32eb6cf27ae9120157f0fa/element/f.4EEDEA8BBD1FF6E0A028415A04A49F5E.d.5ECB800D5D1B1D4B8DF47A52ED020812.e.9347/click - {}
COMMAND: GET /session/ee8c0ad77c32eb6cf27ae9120157f0fa/screenshot - {}
RESULT: {}
RESULT: {}
COMMAND: GET /session/ee8c0ad77c32eb6cf27ae9120157f0fa/screenshot - {}
RESULT: {}
RESULT: {}
COMMAND: POST /session/ee8c0ad77c32eb6cf27ae9120157f0fa/actions - {"actions":[{"id":"action32","type":"key","parameters":{},"actions":[{"type":"keyDown","value":"î€‡"},{"type":"pause","duration":10},{"type":"keyUp","value":"î€‡"}]}]}
RESULT: {"actions":[{"id":"action32","type":"key","parameters":{},"actions":[{"type":"keyDown","value":"î€‡"},{"type":"pause","duration":10},{"type":"keyUp","value":"î€‡"}]}]}
COMMAND: GET /session/ee8c0ad77c32eb6cf27ae9120157f0fa/screenshot - {}
COMMAND: POST /session/ee8c0ad77c32eb6cf27ae9120157f0fa/execute/async - {"script":"<script> [1562 bytes]","args":[{"selector":{"id":"application-manageconditionprice-display-component---newCondition--condBillCond-arrow"},"wdio_ui5_key":"applicationmanageconditionprice-display-component---newCondition--condBillCond-arrow"}]}
RESULT: {}
RESULT: {"script":"<script> [1562 bytes]","args":[{"selector":{"id":"application-manageconditionprice-display-component---newCondition--condBillCond-arrow"},"wdio_ui5_key":"applicationmanageconditionprice-display-component---newCondition--condBillCond-arrow"}]}
RESULT: undefined
COMMAND: POST /session/ee8c0ad77c32eb6cf27ae9120157f0fa/element - {"using":"xpath","value":"//*[@id=\"application-manageconditionprice-display-component---newCondition--condBillCond-arrow\"]"}
RESULT: {"using":"xpath","value":"//*[@id=\"application-manageconditionprice-display-component---newCondition--condBillCond-arrow\"]"}
COMMAND: POST /session/ee8c0ad77c32eb6cf27ae9120157f0fa/element/f.4EEDEA8BBD1FF6E0A028415A04A49F5E.d.5ECB800D5D1B1D4B8DF47A52ED020812.e.9526/click - {}
RESULT: {}
COMMAND: GET /session/ee8c0ad77c32eb6cf27ae9120157f0fa/screenshot - {}
RESULT: {}
COMMAND: POST /session/ee8c0ad77c32eb6cf27ae9120157f0fa/element - {"using":"xpath","value":"//li[.//span[contains(text(), \"SAPR - Sales price\")]]"}
RESULT: {"using":"xpath","value":"//li[.//span[contains(text(), \"SAPR - Sales price\")]]"}
COMMAND: POST /session/ee8c0ad77c32eb6cf27ae9120157f0fa/element/f.4EEDEA8BBD1FF6E0A028415A04A49F5E.d.5ECB800D5D1B1D4B8DF47A52ED020812.e.9530/click - {}
RESULT: {}
COMMAND: GET /session/ee8c0ad77c32eb6cf27ae9120157f0fa/screenshot - {}
RESULT: {}
COMMAND: POST /session/ee8c0ad77c32eb6cf27ae9120157f0fa/execute/async - {"script":"<script> [1562 bytes]","args":[{"selector":{"id":"application-manageconditionprice-display-component---newCondition--condValidTo","interaction":{"idSuffix":"inner"}},"wdio_ui5_key":"applicationmanageconditionprice-display-component---newCondition--condValidTo"}]}
RESULT: {"script":"<script> [1562 bytes]","args":[{"selector":{"id":"application-manageconditionprice-display-component---newCondition--condValidTo","interaction":{"idSuffix":"inner"}},"wdio_ui5_key":"applicationmanageconditionprice-display-component---newCondition--condValidTo"}]}
RESULT: undefined
COMMAND: POST /session/ee8c0ad77c32eb6cf27ae9120157f0fa/execute/async - {"script":"<script> [776 bytes]","args":[{"enterText":"1/14/26","selector":{"id":"application-manageconditionprice-display-component---newCondition--condValidTo","interaction":{"idSuffix":"inner"}},"clearTextFirst":true,"interactionType":"ENTER_TEXT"}]}
RESULT: {"script":"<script> [776 bytes]","args":[{"enterText":"1/14/26","selector":{"id":"application-manageconditionprice-display-component---newCondition--condValidTo","interaction":{"idSuffix":"inner"}},"clearTextFirst":true,"interactionType":"ENTER_TEXT"}]}
COMMAND: POST /session/ee8c0ad77c32eb6cf27ae9120157f0fa/element - {"using":"xpath","value":"//input[@id=\"application-manageconditionprice-display-component---newCondition--condRU-inner\"]"}
RESULT: {"using":"xpath","value":"//input[@id=\"application-manageconditionprice-display-component---newCondition--condRU-inner\"]"}
COMMAND: POST /session/ee8c0ad77c32eb6cf27ae9120157f0fa/element/f.4EEDEA8BBD1FF6E0A028415A04A49F5E.d.5ECB800D5D1B1D4B8DF47A52ED020812.e.9393/clear - {}
RESULT: {}
COMMAND: POST /session/ee8c0ad77c32eb6cf27ae9120157f0fa/element/f.4EEDEA8BBD1FF6E0A028415A04A49F5E.d.5ECB800D5D1B1D4B8DF47A52ED020812.e.9393/value - {"text":"8Ugqut2yz5"}
COMMAND: GET /session/ee8c0ad77c32eb6cf27ae9120157f0fa/screenshot - {}
RESULT: {"text":"8Ugqut2yz5"}
COMMAND: GET /session/ee8c0ad77c32eb6cf27ae9120157f0fa/screenshot - {}
RESULT: {}
RESULT: {}
COMMAND: POST /session/ee8c0ad77c32eb6cf27ae9120157f0fa/actions - {"actions":[{"id":"action33","type":"key","parameters":{},"actions":[{"type":"keyDown","value":"î€‡"},{"type":"pause","duration":10},{"type":"keyUp","value":"î€‡"}]}]}
RESULT: {"actions":[{"id":"action33","type":"key","parameters":{},"actions":[{"type":"keyDown","value":"î€‡"},{"type":"pause","duration":10},{"type":"keyUp","value":"î€‡"}]}]}
COMMAND: POST /session/ee8c0ad77c32eb6cf27ae9120157f0fa/execute/async - {"script":"<script> [1562 bytes]","args":[{"selector":{"id":"application-manageconditionprice-display-component---newCondition--condBaseQty","interaction":{"idSuffix":"inner"}},"wdio_ui5_key":"applicationmanageconditionprice-display-component---newCondition--condBaseQty"}]}
COMMAND: GET /session/ee8c0ad77c32eb6cf27ae9120157f0fa/screenshot - {}
RESULT: {"script":"<script> [1562 bytes]","args":[{"selector":{"id":"application-manageconditionprice-display-component---newCondition--condBaseQty","interaction":{"idSuffix":"inner"}},"wdio_ui5_key":"applicationmanageconditionprice-display-component---newCondition--condBaseQty"}]}
RESULT: undefined
COMMAND: POST /session/ee8c0ad77c32eb6cf27ae9120157f0fa/execute/async - {"script":"<script> [776 bytes]","args":[{"enterText":"1","selector":{"id":"application-manageconditionprice-display-component---newCondition--condBaseQty","interaction":{"idSuffix":"inner"}},"clearTextFirst":true,"interactionType":"ENTER_TEXT"}]}
RESULT: {}
RESULT: {"script":"<script> [776 bytes]","args":[{"enterText":"1","selector":{"id":"application-manageconditionprice-display-component---newCondition--condBaseQty","interaction":{"idSuffix":"inner"}},"clearTextFirst":true,"interactionType":"ENTER_TEXT"}]}
COMMAND: POST /session/ee8c0ad77c32eb6cf27ae9120157f0fa/execute/async - {"script":"<script> [1562 bytes]","args":[{"selector":{"id":"application-manageconditionprice-display-component---newCondition--condValue","interaction":{"idSuffix":"inner"}},"wdio_ui5_key":"applicationmanageconditionprice-display-component---newCondition--condValue"}]}
RESULT: {"script":"<script> [1562 bytes]","args":[{"selector":{"id":"application-manageconditionprice-display-component---newCondition--condValue","interaction":{"idSuffix":"inner"}},"wdio_ui5_key":"applicationmanageconditionprice-display-component---newCondition--condValue"}]}
RESULT: undefined
COMMAND: POST /session/ee8c0ad77c32eb6cf27ae9120157f0fa/execute/async - {"script":"<script> [776 bytes]","args":[{"enterText":"200","selector":{"id":"application-manageconditionprice-display-component---newCondition--condValue","interaction":{"idSuffix":"inner"}},"clearTextFirst":true,"interactionType":"ENTER_TEXT"}]}
RESULT: {"script":"<script> [776 bytes]","args":[{"enterText":"200","selector":{"id":"application-manageconditionprice-display-component---newCondition--condValue","interaction":{"idSuffix":"inner"}},"clearTextFirst":true,"interactionType":"ENTER_TEXT"}]}
COMMAND: POST /session/ee8c0ad77c32eb6cf27ae9120157f0fa/execute/async - {"script":"<script> [1562 bytes]","args":[{"selector":{"id":"application-manageconditionprice-display-component---newCondition--condCurr-arrow"},"wdio_ui5_key":"applicationmanageconditionprice-display-component---newCondition--condCurr-arrow"}]}
RESULT: {"script":"<script> [1562 bytes]","args":[{"selector":{"id":"application-manageconditionprice-display-component---newCondition--condCurr-arrow"},"wdio_ui5_key":"applicationmanageconditionprice-display-component---newCondition--condCurr-arrow"}]}
RESULT: undefined
COMMAND: POST /session/ee8c0ad77c32eb6cf27ae9120157f0fa/element - {"using":"xpath","value":"//*[@id=\"application-manageconditionprice-display-component---newCondition--condCurr-arrow\"]"}
RESULT: {"using":"xpath","value":"//*[@id=\"application-manageconditionprice-display-component---newCondition--condCurr-arrow\"]"}
COMMAND: POST /session/ee8c0ad77c32eb6cf27ae9120157f0fa/element/f.4EEDEA8BBD1FF6E0A028415A04A49F5E.d.5ECB800D5D1B1D4B8DF47A52ED020812.e.9502/click - {}
RESULT: {}
COMMAND: POST /session/ee8c0ad77c32eb6cf27ae9120157f0fa/element - {"using":"xpath","value":"//span[contains(text(), \"Euro\")]"}
COMMAND: GET /session/ee8c0ad77c32eb6cf27ae9120157f0fa/screenshot - {}
RESULT: {"using":"xpath","value":"//span[contains(text(), \"Euro\")]"}
COMMAND: POST /session/ee8c0ad77c32eb6cf27ae9120157f0fa/element/f.4EEDEA8BBD1FF6E0A028415A04A49F5E.d.5ECB800D5D1B1D4B8DF47A52ED020812.e.9568/click - {}
RESULT: {}
RESULT: {}
COMMAND: POST /session/ee8c0ad77c32eb6cf27ae9120157f0fa/element - {"using":"xpath","value":"//button[@data-kt=\"saveButton\"]"}
COMMAND: GET /session/ee8c0ad77c32eb6cf27ae9120157f0fa/screenshot - {}
RESULT: {"using":"xpath","value":"//button[@data-kt=\"saveButton\"]"}
COMMAND: POST /session/ee8c0ad77c32eb6cf27ae9120157f0fa/element/f.4EEDEA8BBD1FF6E0A028415A04A49F5E.d.5ECB800D5D1B1D4B8DF47A52ED020812.e.9503/click - {}
RESULT: {}
RESULT: {}
COMMAND: GET /session/ee8c0ad77c32eb6cf27ae9120157f0fa/screenshot - {}
RESULT: {}
COMMAND: POST /session/ee8c0ad77c32eb6cf27ae9120157f0fa/execute/async - {"script":"<script> [1562 bytes]","args":[{"selector":{"id":"application-manageconditionprice-display-component---conditions--smartFilterBar-btnBasicSearch","interaction":{"idSuffix":"I"}},"wdio_ui5_key":"applicationmanageconditionprice-display-component---conditions--smartFilterBar-btnBasicSearch"}]}
RESULT: {"script":"<script> [1562 bytes]","args":[{"selector":{"id":"application-manageconditionprice-display-component---conditions--smartFilterBar-btnBasicSearch","interaction":{"idSuffix":"I"}},"wdio_ui5_key":"applicationmanageconditionprice-display-component---conditions--smartFilterBar-btnBasicSearch"}]}
RESULT: undefined
COMMAND: POST /session/ee8c0ad77c32eb6cf27ae9120157f0fa/execute/async - {"script":"<script> [776 bytes]","args":[{"enterText":"8Ugqut2yz5","selector":{"id":"application-manageconditionprice-display-component---conditions--smartFilterBar-btnBasicSearch","interaction":{"idSuffix":"I"}},"clearTextFirst":true,"interactionType":"ENTER_TEXT"}]}
RESULT: {"script":"<script> [776 bytes]","args":[{"enterText":"8Ugqut2yz5","selector":{"id":"application-manageconditionprice-display-component---conditions--smartFilterBar-btnBasicSearch","interaction":{"idSuffix":"I"}},"clearTextFirst":true,"interactionType":"ENTER_TEXT"}]}
COMMAND: POST /session/ee8c0ad77c32eb6cf27ae9120157f0fa/actions - {"actions":[{"id":"action34","type":"key","parameters":{},"actions":[{"type":"keyDown","value":"î€‡"},{"type":"pause","duration":10},{"type":"keyUp","value":"î€‡"}]}]}
RESULT: {"actions":[{"id":"action34","type":"key","parameters":{},"actions":[{"type":"keyDown","value":"î€‡"},{"type":"pause","duration":10},{"type":"keyUp","value":"î€‡"}]}]}
COMMAND: GET /session/ee8c0ad77c32eb6cf27ae9120157f0fa/screenshot - {}
RESULT: {}
COMMAND: POST /session/ee8c0ad77c32eb6cf27ae9120157f0fa/execute/async - {"script":"<script> [1562 bytes]","args":[{"selector":{"id":"application-manageconditionprice-display-component---conditions--smartFilterBar-filterItemControl_BASIC-BILL_TYPES-vhi"},"wdio_ui5_key":"applicationmanageconditionprice-display-component---conditions--smartFilterBar-filterItemControl_BASIC-BILL_TYPES-vhi"}]}
RESULT: {"script":"<script> [1562 bytes]","args":[{"selector":{"id":"application-manageconditionprice-display-component---conditions--smartFilterBar-filterItemControl_BASIC-BILL_TYPES-vhi"},"wdio_ui5_key":"applicationmanageconditionprice-display-component---conditions--smartFilterBar-filterItemControl_BASIC-BILL_TYPES-vhi"}]}
RESULT: undefined
COMMAND: POST /session/ee8c0ad77c32eb6cf27ae9120157f0fa/element - {"using":"xpath","value":"//*[@id=\"application-manageconditionprice-display-component---conditions--smartFilterBar-filterItemControl_BASIC-BILL_TYPES-vhi\"]"}
RESULT: {"using":"xpath","value":"//*[@id=\"application-manageconditionprice-display-component---conditions--smartFilterBar-filterItemControl_BASIC-BILL_TYPES-vhi\"]"}
COMMAND: POST /session/ee8c0ad77c32eb6cf27ae9120157f0fa/element/f.4EEDEA8BBD1FF6E0A028415A04A49F5E.d.5ECB800D5D1B1D4B8DF47A52ED020812.e.9584/click - {}
RESULT: {}
COMMAND: POST /session/ee8c0ad77c32eb6cf27ae9120157f0fa/execute/async - {"script":"<script> [1562 bytes]","args":[{"selector":{"id":"application-manageconditionprice-display-component---conditions--smartFilterBar-filterItemControl_BASIC-BILL_TYPES-valueHelpDialog-smartFilterBar-btnBasicSearch","searchOpenDialogs":true,"interaction":{"idSuffix":"I"}},"wdio_ui5_key":"applicationmanageconditionprice-display-component---conditions--smartFilterBar-filterItemControl_BASIC-BILL_TYPES-valueHelpDialog-smartFilterBar-btnBasicSearch"}]}
COMMAND: GET /session/ee8c0ad77c32eb6cf27ae9120157f0fa/screenshot - {}
RESULT: {"script":"<script> [1562 bytes]","args":[{"selector":{"id":"application-manageconditionprice-display-component---conditions--smartFilterBar-filterItemControl_BASIC-BILL_TYPES-valueHelpDialog-smartFilterBar-btnBasicSearch","searchOpenDialogs":true,"interaction":{"idSuffix":"I"}},"wdio_ui5_key":"applicationmanageconditionprice-display-component---conditions--smartFilterBar-filterItemControl_BASIC-BILL_TYPES-valueHelpDialog-smartFilterBar-btnBasicSearch"}]}
RESULT: undefined
COMMAND: POST /session/ee8c0ad77c32eb6cf27ae9120157f0fa/execute/async - {"script":"<script> [776 bytes]","args":[{"enterText":"one","selector":{"id":"application-manageconditionprice-display-component---conditions--smartFilterBar-filterItemControl_BASIC-BILL_TYPES-valueHelpDialog-smartFilterBar-btnBasicSearch","searchOpenDialogs":true,"interaction":{"idSuffix":"I"}},"clearTextFirst":true,"interactionType":"ENTER_TEXT"}]}
RESULT: {}
RESULT: {"script":"<script> [776 bytes]","args":[{"enterText":"one","selector":{"id":"application-manageconditionprice-display-component---conditions--smartFilterBar-filterItemControl_BASIC-BILL_TYPES-valueHelpDialog-smartFilterBar-btnBasicSearch","searchOpenDialogs":true,"interaction":{"idSuffix":"I"}},"clearTextFirst":true,"interactionType":"ENTER_TEXT"}]}
COMMAND: POST /session/ee8c0ad77c32eb6cf27ae9120157f0fa/actions - {"actions":[{"id":"action35","type":"key","parameters":{},"actions":[{"type":"keyDown","value":"î€‡"},{"type":"pause","duration":10},{"type":"keyUp","value":"î€‡"}]}]}
RESULT: {"actions":[{"id":"action35","type":"key","parameters":{},"actions":[{"type":"keyDown","value":"î€‡"},{"type":"pause","duration":10},{"type":"keyUp","value":"î€‡"}]}]}
COMMAND: GET /session/ee8c0ad77c32eb6cf27ae9120157f0fa/screenshot - {}
RESULT: {}
COMMAND: POST /session/ee8c0ad77c32eb6cf27ae9120157f0fa/element - {"using":"xpath","value":"//div[contains(@id, 'application-manageconditionprice-display-component---conditions--smartFilterBar-filterItemControl_BASIC-BILL_TYPES-valueHelpDialog-table-rowsel0')]"}
RESULT: {"using":"xpath","value":"//div[contains(@id, 'application-manageconditionprice-display-component---conditions--smartFilterBar-filterItemControl_BASIC-BILL_TYPES-valueHelpDialog-table-rowsel0')]"}
COMMAND: POST /session/ee8c0ad77c32eb6cf27ae9120157f0fa/element/f.4EEDEA8BBD1FF6E0A028415A04A49F5E.d.5ECB800D5D1B1D4B8DF47A52ED020812.e.9593/click - {}
RESULT: {}
COMMAND: GET /session/ee8c0ad77c32eb6cf27ae9120157f0fa/screenshot - {}
RESULT: {}
COMMAND: POST /session/ee8c0ad77c32eb6cf27ae9120157f0fa/element - {"using":"xpath","value":"//bdi[contains(text(), \"OK\")]"}
RESULT: {"using":"xpath","value":"//bdi[contains(text(), \"OK\")]"}
COMMAND: POST /session/ee8c0ad77c32eb6cf27ae9120157f0fa/element/f.4EEDEA8BBD1FF6E0A028415A04A49F5E.d.5ECB800D5D1B1D4B8DF47A52ED020812.e.9595/click - {}
RESULT: {}
COMMAND: GET /session/ee8c0ad77c32eb6cf27ae9120157f0fa/screenshot - {}
RESULT: {}
COMMAND: POST /session/ee8c0ad77c32eb6cf27ae9120157f0fa/element - {"using":"xpath","value":"//span[@id=\"application-manageconditionprice-display-component---conditions--smartTable-header-inner\"]"}
RESULT: {"using":"xpath","value":"//span[@id=\"application-manageconditionprice-display-component---conditions--smartTable-header-inner\"]"}
COMMAND: POST /session/ee8c0ad77c32eb6cf27ae9120157f0fa/elements - {"using":"xpath","value":"//span[@id=\"application-manageconditionprice-display-component---conditions--smartTable-header-inner\"]"}
RESULT: {"using":"xpath","value":"//span[@id=\"application-manageconditionprice-display-component---conditions--smartTable-header-inner\"]"}
COMMAND: POST /session/ee8c0ad77c32eb6cf27ae9120157f0fa/execute/sync - {"script":"<script> [56 bytes]","args":[{"element-6066-11e4-a52e-4f735466cecf":"f.4EEDEA8BBD1FF6E0A028415A04A49F5E.d.5ECB800D5D1B1D4B8DF47A52ED020812.e.9598","ELEMENT":"f.4EEDEA8BBD1FF6E0A028415A04A49F5E.d.5ECB800D5D1B1D4B8DF47A52ED020812.e.9598"}]}
RESULT: {"script":"<script> [56 bytes]","args":[{"element-6066-11e4-a52e-4f735466cecf":"f.4EEDEA8BBD1FF6E0A028415A04A49F5E.d.5ECB800D5D1B1D4B8DF47A52ED020812.e.9598","ELEMENT":"f.4EEDEA8BBD1FF6E0A028415A04A49F5E.d.5ECB800D5D1B1D4B8DF47A52ED020812.e.9598"}]}
COMMAND: POST /session/ee8c0ad77c32eb6cf27ae9120157f0fa/element - {"using":"css selector","value":"#shell-header-logo"}
COMMAND: GET /session/ee8c0ad77c32eb6cf27ae9120157f0fa/screenshot - {}
RESULT: {"using":"css selector","value":"#shell-header-logo"}
COMMAND: POST /session/ee8c0ad77c32eb6cf27ae9120157f0fa/element/f.4EEDEA8BBD1FF6E0A028415A04A49F5E.d.5ECB800D5D1B1D4B8DF47A52ED020812.e.9315/click - {}
RESULT: {}
RESULT: {}
COMMAND: GET /session/ee8c0ad77c32eb6cf27ae9120157f0fa/screenshot - {}
]]></system-out>
    </testcase>
    <testcase classname="chrome.136_0_7103_49.windows.Create_master_data_for_mixed_billing_&amp;_do_billing_calculation_US151661" name="Should add performance based condition" time="74.413">
      <system-out><![CDATA[
RESULT: undefined
COMMAND: POST /session/ee8c0ad77c32eb6cf27ae9120157f0fa/element - {"using":"xpath","value":"//*[@id=\"__tile53\"]"}
RESULT: {}
RESULT: {"using":"xpath","value":"//*[@id=\"__tile53\"]"}
COMMAND: POST /session/ee8c0ad77c32eb6cf27ae9120157f0fa/element/f.4EEDEA8BBD1FF6E0A028415A04A49F5E.d.5ECB800D5D1B1D4B8DF47A52ED020812.e.6035/click - {}
RESULT: {}
COMMAND: GET /session/ee8c0ad77c32eb6cf27ae9120157f0fa/screenshot - {}
RESULT: {}
COMMAND: POST /session/ee8c0ad77c32eb6cf27ae9120157f0fa/elements - {"using":"xpath","value":"//span[text()='Error']"}
RESULT: {"using":"xpath","value":"//span[text()='Error']"}
COMMAND: POST /session/ee8c0ad77c32eb6cf27ae9120157f0fa/element - {"using":"xpath","value":"//button[@aria-label=\"Create\"]"}
RESULT: {"using":"xpath","value":"//button[@aria-label=\"Create\"]"}
COMMAND: POST /session/ee8c0ad77c32eb6cf27ae9120157f0fa/elements - {"using":"xpath","value":"//button[@aria-label=\"Create\"]"}
RESULT: {"using":"xpath","value":"//button[@aria-label=\"Create\"]"}
COMMAND: POST /session/ee8c0ad77c32eb6cf27ae9120157f0fa/execute/sync - {"script":"<script> [8489 bytes]","args":[{"element-6066-11e4-a52e-4f735466cecf":"f.4EEDEA8BBD1FF6E0A028415A04A49F5E.d.5ECB800D5D1B1D4B8DF47A52ED020812.e.9640","ELEMENT":"f.4EEDEA8BBD1FF6E0A028415A04A49F5E.d.5ECB800D5D1B1D4B8DF47A52ED020812.e.9640"}]}
RESULT: {"script":"<script> [8489 bytes]","args":[{"element-6066-11e4-a52e-4f735466cecf":"f.4EEDEA8BBD1FF6E0A028415A04A49F5E.d.5ECB800D5D1B1D4B8DF47A52ED020812.e.9640","ELEMENT":"f.4EEDEA8BBD1FF6E0A028415A04A49F5E.d.5ECB800D5D1B1D4B8DF47A52ED020812.e.9640"}]}
COMMAND: GET /session/ee8c0ad77c32eb6cf27ae9120157f0fa/element/f.4EEDEA8BBD1FF6E0A028415A04A49F5E.d.5ECB800D5D1B1D4B8DF47A52ED020812.e.9640/enabled - {}
COMMAND: GET /session/ee8c0ad77c32eb6cf27ae9120157f0fa/screenshot - {}
RESULT: {}
COMMAND: POST /session/ee8c0ad77c32eb6cf27ae9120157f0fa/execute/sync - {"script":"<script> [8489 bytes]","args":[{"element-6066-11e4-a52e-4f735466cecf":"f.4EEDEA8BBD1FF6E0A028415A04A49F5E.d.5ECB800D5D1B1D4B8DF47A52ED020812.e.9640","ELEMENT":"f.4EEDEA8BBD1FF6E0A028415A04A49F5E.d.5ECB800D5D1B1D4B8DF47A52ED020812.e.9640"}]}
COMMAND: GET /session/ee8c0ad77c32eb6cf27ae9120157f0fa/screenshot - {}
RESULT: {}
RESULT: {"script":"<script> [8489 bytes]","args":[{"element-6066-11e4-a52e-4f735466cecf":"f.4EEDEA8BBD1FF6E0A028415A04A49F5E.d.5ECB800D5D1B1D4B8DF47A52ED020812.e.9640","ELEMENT":"f.4EEDEA8BBD1FF6E0A028415A04A49F5E.d.5ECB800D5D1B1D4B8DF47A52ED020812.e.9640"}]}
COMMAND: POST /session/ee8c0ad77c32eb6cf27ae9120157f0fa/execute/sync - {"script":"<script> [5351 bytes]","args":[{"element-6066-11e4-a52e-4f735466cecf":"f.4EEDEA8BBD1FF6E0A028415A04A49F5E.d.5ECB800D5D1B1D4B8DF47A52ED020812.e.9640","ELEMENT":"f.4EEDEA8BBD1FF6E0A028415A04A49F5E.d.5ECB800D5D1B1D4B8DF47A52ED020812.e.9640"}]}
COMMAND: GET /session/ee8c0ad77c32eb6cf27ae9120157f0fa/screenshot - {}
RESULT: {}
RESULT: {"script":"<script> [5351 bytes]","args":[{"element-6066-11e4-a52e-4f735466cecf":"f.4EEDEA8BBD1FF6E0A028415A04A49F5E.d.5ECB800D5D1B1D4B8DF47A52ED020812.e.9640","ELEMENT":"f.4EEDEA8BBD1FF6E0A028415A04A49F5E.d.5ECB800D5D1B1D4B8DF47A52ED020812.e.9640"}]}
COMMAND: POST /session/ee8c0ad77c32eb6cf27ae9120157f0fa/element/f.4EEDEA8BBD1FF6E0A028415A04A49F5E.d.5ECB800D5D1B1D4B8DF47A52ED020812.e.9640/click - {}
COMMAND: GET /session/ee8c0ad77c32eb6cf27ae9120157f0fa/screenshot - {}
RESULT: {}
RESULT: {}
COMMAND: GET /session/ee8c0ad77c32eb6cf27ae9120157f0fa/screenshot - {}
RESULT: {}
RESULT: {}
COMMAND: POST /session/ee8c0ad77c32eb6cf27ae9120157f0fa/actions - {"actions":[{"id":"action36","type":"key","parameters":{},"actions":[{"type":"keyDown","value":"î€‡"},{"type":"pause","duration":10},{"type":"keyUp","value":"î€‡"}]}]}
RESULT: {"actions":[{"id":"action36","type":"key","parameters":{},"actions":[{"type":"keyDown","value":"î€‡"},{"type":"pause","duration":10},{"type":"keyUp","value":"î€‡"}]}]}
COMMAND: GET /session/ee8c0ad77c32eb6cf27ae9120157f0fa/screenshot - {}
RESULT: undefined
COMMAND: POST /session/ee8c0ad77c32eb6cf27ae9120157f0fa/element - {"using":"xpath","value":"//*[@id=\"application-manageconditionprice-display-component---newCondition--condBillCond-arrow\"]"}
RESULT: {}
RESULT: {"using":"xpath","value":"//*[@id=\"application-manageconditionprice-display-component---newCondition--condBillCond-arrow\"]"}
COMMAND: POST /session/ee8c0ad77c32eb6cf27ae9120157f0fa/element/f.4EEDEA8BBD1FF6E0A028415A04A49F5E.d.5ECB800D5D1B1D4B8DF47A52ED020812.e.10118/click - {}
RESULT: {}
COMMAND: GET /session/ee8c0ad77c32eb6cf27ae9120157f0fa/screenshot - {}
RESULT: {}
COMMAND: POST /session/ee8c0ad77c32eb6cf27ae9120157f0fa/element - {"using":"xpath","value":"//li[.//span[contains(text(), \"PC06 - Performance Price - fuel\")]]"}
RESULT: {"using":"xpath","value":"//li[.//span[contains(text(), \"PC06 - Performance Price - fuel\")]]"}
COMMAND: POST /session/ee8c0ad77c32eb6cf27ae9120157f0fa/element/f.4EEDEA8BBD1FF6E0A028415A04A49F5E.d.5ECB800D5D1B1D4B8DF47A52ED020812.e.10123/click - {}
RESULT: {}
COMMAND: GET /session/ee8c0ad77c32eb6cf27ae9120157f0fa/screenshot - {}
RESULT: {}
RESULT: undefined
COMMAND: POST /session/ee8c0ad77c32eb6cf27ae9120157f0fa/execute/async - {"script":"<script> [776 bytes]","args":[{"enterText":"1/14/26","selector":{"id":"application-manageconditionprice-display-component---newCondition--condValidTo","interaction":{"idSuffix":"inner"}},"clearTextFirst":true,"interactionType":"ENTER_TEXT"}]}
RESULT: {"script":"<script> [776 bytes]","args":[{"enterText":"1/14/26","selector":{"id":"application-manageconditionprice-display-component---newCondition--condValidTo","interaction":{"idSuffix":"inner"}},"clearTextFirst":true,"interactionType":"ENTER_TEXT"}]}
COMMAND: POST /session/ee8c0ad77c32eb6cf27ae9120157f0fa/element - {"using":"xpath","value":"//input[@id=\"application-manageconditionprice-display-component---newCondition--condRU-inner\"]"}
RESULT: {"using":"xpath","value":"//input[@id=\"application-manageconditionprice-display-component---newCondition--condRU-inner\"]"}
COMMAND: POST /session/ee8c0ad77c32eb6cf27ae9120157f0fa/element/f.4EEDEA8BBD1FF6E0A028415A04A49F5E.d.5ECB800D5D1B1D4B8DF47A52ED020812.e.9847/clear - {}
RESULT: {}
COMMAND: POST /session/ee8c0ad77c32eb6cf27ae9120157f0fa/element/f.4EEDEA8BBD1FF6E0A028415A04A49F5E.d.5ECB800D5D1B1D4B8DF47A52ED020812.e.9847/value - {"text":"8Ugqut2yz5"}
COMMAND: GET /session/ee8c0ad77c32eb6cf27ae9120157f0fa/screenshot - {}
RESULT: {"text":"8Ugqut2yz5"}
COMMAND: GET /session/ee8c0ad77c32eb6cf27ae9120157f0fa/screenshot - {}
RESULT: {}
RESULT: {}
COMMAND: POST /session/ee8c0ad77c32eb6cf27ae9120157f0fa/actions - {"actions":[{"id":"action37","type":"key","parameters":{},"actions":[{"type":"keyDown","value":"î€‡"},{"type":"pause","duration":10},{"type":"keyUp","value":"î€‡"}]}]}
RESULT: {"actions":[{"id":"action37","type":"key","parameters":{},"actions":[{"type":"keyDown","value":"î€‡"},{"type":"pause","duration":10},{"type":"keyUp","value":"î€‡"}]}]}
RESULT: undefined
COMMAND: POST /session/ee8c0ad77c32eb6cf27ae9120157f0fa/execute/async - {"script":"<script> [776 bytes]","args":[{"enterText":"1","selector":{"id":"application-manageconditionprice-display-component---newCondition--condBaseQty","interaction":{"idSuffix":"inner"}},"clearTextFirst":true,"interactionType":"ENTER_TEXT"}]}
COMMAND: GET /session/ee8c0ad77c32eb6cf27ae9120157f0fa/screenshot - {}
RESULT: {"script":"<script> [776 bytes]","args":[{"enterText":"1","selector":{"id":"application-manageconditionprice-display-component---newCondition--condBaseQty","interaction":{"idSuffix":"inner"}},"clearTextFirst":true,"interactionType":"ENTER_TEXT"}]}
RESULT: undefined
COMMAND: POST /session/ee8c0ad77c32eb6cf27ae9120157f0fa/execute/async - {"script":"<script> [776 bytes]","args":[{"enterText":"10","selector":{"id":"application-manageconditionprice-display-component---newCondition--condValue","interaction":{"idSuffix":"inner"}},"clearTextFirst":true,"interactionType":"ENTER_TEXT"}]}
RESULT: {}
RESULT: {"script":"<script> [776 bytes]","args":[{"enterText":"10","selector":{"id":"application-manageconditionprice-display-component---newCondition--condValue","interaction":{"idSuffix":"inner"}},"clearTextFirst":true,"interactionType":"ENTER_TEXT"}]}
RESULT: undefined
COMMAND: POST /session/ee8c0ad77c32eb6cf27ae9120157f0fa/element - {"using":"xpath","value":"//*[@id=\"application-manageconditionprice-display-component---newCondition--condCurr-arrow\"]"}
RESULT: {"using":"xpath","value":"//*[@id=\"application-manageconditionprice-display-component---newCondition--condCurr-arrow\"]"}
COMMAND: POST /session/ee8c0ad77c32eb6cf27ae9120157f0fa/element/f.4EEDEA8BBD1FF6E0A028415A04A49F5E.d.5ECB800D5D1B1D4B8DF47A52ED020812.e.10086/click - {}
RESULT: {}
COMMAND: POST /session/ee8c0ad77c32eb6cf27ae9120157f0fa/element - {"using":"xpath","value":"//span[contains(text(), \"Euro\")]"}
COMMAND: GET /session/ee8c0ad77c32eb6cf27ae9120157f0fa/screenshot - {}
RESULT: {"using":"xpath","value":"//span[contains(text(), \"Euro\")]"}
COMMAND: POST /session/ee8c0ad77c32eb6cf27ae9120157f0fa/element/f.4EEDEA8BBD1FF6E0A028415A04A49F5E.d.5ECB800D5D1B1D4B8DF47A52ED020812.e.10157/click - {}
RESULT: {}
RESULT: {}
COMMAND: POST /session/ee8c0ad77c32eb6cf27ae9120157f0fa/element - {"using":"xpath","value":"//button[@data-kt=\"saveButton\"]"}
COMMAND: GET /session/ee8c0ad77c32eb6cf27ae9120157f0fa/screenshot - {}
RESULT: {"using":"xpath","value":"//button[@data-kt=\"saveButton\"]"}
COMMAND: POST /session/ee8c0ad77c32eb6cf27ae9120157f0fa/element/f.4EEDEA8BBD1FF6E0A028415A04A49F5E.d.5ECB800D5D1B1D4B8DF47A52ED020812.e.10087/click - {}
RESULT: {}
RESULT: {}
COMMAND: GET /session/ee8c0ad77c32eb6cf27ae9120157f0fa/screenshot - {}
RESULT: {}
RESULT: undefined
COMMAND: POST /session/ee8c0ad77c32eb6cf27ae9120157f0fa/execute/async - {"script":"<script> [776 bytes]","args":[{"enterText":"8Ugqut2yz5","selector":{"id":"application-manageconditionprice-display-component---conditions--smartFilterBar-btnBasicSearch","interaction":{"idSuffix":"I"}},"clearTextFirst":true,"interactionType":"ENTER_TEXT"}]}
RESULT: {"script":"<script> [776 bytes]","args":[{"enterText":"8Ugqut2yz5","selector":{"id":"application-manageconditionprice-display-component---conditions--smartFilterBar-btnBasicSearch","interaction":{"idSuffix":"I"}},"clearTextFirst":true,"interactionType":"ENTER_TEXT"}]}
COMMAND: POST /session/ee8c0ad77c32eb6cf27ae9120157f0fa/actions - {"actions":[{"id":"action38","type":"key","parameters":{},"actions":[{"type":"keyDown","value":"î€‡"},{"type":"pause","duration":10},{"type":"keyUp","value":"î€‡"}]}]}
RESULT: {"actions":[{"id":"action38","type":"key","parameters":{},"actions":[{"type":"keyDown","value":"î€‡"},{"type":"pause","duration":10},{"type":"keyUp","value":"î€‡"}]}]}
COMMAND: GET /session/ee8c0ad77c32eb6cf27ae9120157f0fa/screenshot - {}
RESULT: {}
RESULT: undefined
COMMAND: POST /session/ee8c0ad77c32eb6cf27ae9120157f0fa/element - {"using":"xpath","value":"//*[@id=\"application-manageconditionprice-display-component---conditions--smartFilterBar-filterItemControl_BASIC-BILL_TYPES-vhi\"]"}
RESULT: {"using":"xpath","value":"//*[@id=\"application-manageconditionprice-display-component---conditions--smartFilterBar-filterItemControl_BASIC-BILL_TYPES-vhi\"]"}
COMMAND: POST /session/ee8c0ad77c32eb6cf27ae9120157f0fa/element/f.4EEDEA8BBD1FF6E0A028415A04A49F5E.d.5ECB800D5D1B1D4B8DF47A52ED020812.e.10194/click - {}
RESULT: {}
RESULT: undefined
COMMAND: POST /session/ee8c0ad77c32eb6cf27ae9120157f0fa/execute/async - {"script":"<script> [776 bytes]","args":[{"enterText":"PB","selector":{"id":"application-manageconditionprice-display-component---conditions--smartFilterBar-filterItemControl_BASIC-BILL_TYPES-valueHelpDialog-smartFilterBar-btnBasicSearch","searchOpenDialogs":true,"interaction":{"idSuffix":"I"}},"clearTextFirst":true,"interactionType":"ENTER_TEXT"}]}
COMMAND: GET /session/ee8c0ad77c32eb6cf27ae9120157f0fa/screenshot - {}
RESULT: {"script":"<script> [776 bytes]","args":[{"enterText":"PB","selector":{"id":"application-manageconditionprice-display-component---conditions--smartFilterBar-filterItemControl_BASIC-BILL_TYPES-valueHelpDialog-smartFilterBar-btnBasicSearch","searchOpenDialogs":true,"interaction":{"idSuffix":"I"}},"clearTextFirst":true,"interactionType":"ENTER_TEXT"}]}
COMMAND: POST /session/ee8c0ad77c32eb6cf27ae9120157f0fa/actions - {"actions":[{"id":"action39","type":"key","parameters":{},"actions":[{"type":"keyDown","value":"î€‡"},{"type":"pause","duration":10},{"type":"keyUp","value":"î€‡"}]}]}
RESULT: {}
RESULT: {"actions":[{"id":"action39","type":"key","parameters":{},"actions":[{"type":"keyDown","value":"î€‡"},{"type":"pause","duration":10},{"type":"keyUp","value":"î€‡"}]}]}
COMMAND: GET /session/ee8c0ad77c32eb6cf27ae9120157f0fa/screenshot - {}
RESULT: {}
COMMAND: POST /session/ee8c0ad77c32eb6cf27ae9120157f0fa/element - {"using":"xpath","value":"//div[contains(@id, 'application-manageconditionprice-display-component---conditions--smartFilterBar-filterItemControl_BASIC-BILL_TYPES-valueHelpDialog-table-rowsel0')]"}
RESULT: {"using":"xpath","value":"//div[contains(@id, 'application-manageconditionprice-display-component---conditions--smartFilterBar-filterItemControl_BASIC-BILL_TYPES-valueHelpDialog-table-rowsel0')]"}
COMMAND: POST /session/ee8c0ad77c32eb6cf27ae9120157f0fa/element/f.4EEDEA8BBD1FF6E0A028415A04A49F5E.d.5ECB800D5D1B1D4B8DF47A52ED020812.e.10202/click - {}
RESULT: {}
COMMAND: GET /session/ee8c0ad77c32eb6cf27ae9120157f0fa/screenshot - {}
RESULT: {}
COMMAND: POST /session/ee8c0ad77c32eb6cf27ae9120157f0fa/element - {"using":"xpath","value":"//bdi[contains(text(), \"OK\")]"}
RESULT: {"using":"xpath","value":"//bdi[contains(text(), \"OK\")]"}
COMMAND: POST /session/ee8c0ad77c32eb6cf27ae9120157f0fa/element/f.4EEDEA8BBD1FF6E0A028415A04A49F5E.d.5ECB800D5D1B1D4B8DF47A52ED020812.e.10204/click - {}
RESULT: {}
COMMAND: GET /session/ee8c0ad77c32eb6cf27ae9120157f0fa/screenshot - {}
RESULT: {}
COMMAND: POST /session/ee8c0ad77c32eb6cf27ae9120157f0fa/element - {"using":"xpath","value":"//span[@id=\"application-manageconditionprice-display-component---conditions--smartTable-header-inner\"]"}
RESULT: {"using":"xpath","value":"//span[@id=\"application-manageconditionprice-display-component---conditions--smartTable-header-inner\"]"}
COMMAND: POST /session/ee8c0ad77c32eb6cf27ae9120157f0fa/elements - {"using":"xpath","value":"//span[@id=\"application-manageconditionprice-display-component---conditions--smartTable-header-inner\"]"}
RESULT: {"using":"xpath","value":"//span[@id=\"application-manageconditionprice-display-component---conditions--smartTable-header-inner\"]"}
COMMAND: POST /session/ee8c0ad77c32eb6cf27ae9120157f0fa/execute/sync - {"script":"<script> [56 bytes]","args":[{"element-6066-11e4-a52e-4f735466cecf":"f.4EEDEA8BBD1FF6E0A028415A04A49F5E.d.5ECB800D5D1B1D4B8DF47A52ED020812.e.10208","ELEMENT":"f.4EEDEA8BBD1FF6E0A028415A04A49F5E.d.5ECB800D5D1B1D4B8DF47A52ED020812.e.10208"}]}
RESULT: {"script":"<script> [56 bytes]","args":[{"element-6066-11e4-a52e-4f735466cecf":"f.4EEDEA8BBD1FF6E0A028415A04A49F5E.d.5ECB800D5D1B1D4B8DF47A52ED020812.e.10208","ELEMENT":"f.4EEDEA8BBD1FF6E0A028415A04A49F5E.d.5ECB800D5D1B1D4B8DF47A52ED020812.e.10208"}]}
COMMAND: POST /session/ee8c0ad77c32eb6cf27ae9120157f0fa/element - {"using":"css selector","value":"#shell-header-logo"}
COMMAND: GET /session/ee8c0ad77c32eb6cf27ae9120157f0fa/screenshot - {}
RESULT: {"using":"css selector","value":"#shell-header-logo"}
COMMAND: POST /session/ee8c0ad77c32eb6cf27ae9120157f0fa/element/f.4EEDEA8BBD1FF6E0A028415A04A49F5E.d.5ECB800D5D1B1D4B8DF47A52ED020812.e.9606/click - {}
RESULT: {}
RESULT: {}
COMMAND: GET /session/ee8c0ad77c32eb6cf27ae9120157f0fa/screenshot - {}
RESULT: {}
]]></system-out>
    </testcase>
    <testcase classname="chrome.136_0_7103_49.windows.Create_master_data_for_mixed_billing_&amp;_do_billing_calculation_US151661" name="Should add time based condition" time="79.155">
      <system-out><![CDATA[
RESULT: undefined
COMMAND: POST /session/ee8c0ad77c32eb6cf27ae9120157f0fa/element - {"using":"xpath","value":"//*[@id=\"__tile53\"]"}
RESULT: {"using":"xpath","value":"//*[@id=\"__tile53\"]"}
COMMAND: POST /session/ee8c0ad77c32eb6cf27ae9120157f0fa/element/f.4EEDEA8BBD1FF6E0A028415A04A49F5E.d.5ECB800D5D1B1D4B8DF47A52ED020812.e.6035/click - {}
RESULT: {}
COMMAND: GET /session/ee8c0ad77c32eb6cf27ae9120157f0fa/screenshot - {}
RESULT: {}
COMMAND: POST /session/ee8c0ad77c32eb6cf27ae9120157f0fa/elements - {"using":"xpath","value":"//span[text()='Error']"}
RESULT: {"using":"xpath","value":"//span[text()='Error']"}
COMMAND: POST /session/ee8c0ad77c32eb6cf27ae9120157f0fa/element - {"using":"xpath","value":"//button[@aria-label=\"Create\"]"}
RESULT: {"using":"xpath","value":"//button[@aria-label=\"Create\"]"}
COMMAND: POST /session/ee8c0ad77c32eb6cf27ae9120157f0fa/elements - {"using":"xpath","value":"//button[@aria-label=\"Create\"]"}
RESULT: {"using":"xpath","value":"//button[@aria-label=\"Create\"]"}
COMMAND: POST /session/ee8c0ad77c32eb6cf27ae9120157f0fa/execute/sync - {"script":"<script> [8489 bytes]","args":[{"element-6066-11e4-a52e-4f735466cecf":"f.4EEDEA8BBD1FF6E0A028415A04A49F5E.d.5ECB800D5D1B1D4B8DF47A52ED020812.e.10246","ELEMENT":"f.4EEDEA8BBD1FF6E0A028415A04A49F5E.d.5ECB800D5D1B1D4B8DF47A52ED020812.e.10246"}]}
RESULT: {"script":"<script> [8489 bytes]","args":[{"element-6066-11e4-a52e-4f735466cecf":"f.4EEDEA8BBD1FF6E0A028415A04A49F5E.d.5ECB800D5D1B1D4B8DF47A52ED020812.e.10246","ELEMENT":"f.4EEDEA8BBD1FF6E0A028415A04A49F5E.d.5ECB800D5D1B1D4B8DF47A52ED020812.e.10246"}]}
COMMAND: GET /session/ee8c0ad77c32eb6cf27ae9120157f0fa/element/f.4EEDEA8BBD1FF6E0A028415A04A49F5E.d.5ECB800D5D1B1D4B8DF47A52ED020812.e.10246/enabled - {}
COMMAND: GET /session/ee8c0ad77c32eb6cf27ae9120157f0fa/screenshot - {}
RESULT: {}
COMMAND: POST /session/ee8c0ad77c32eb6cf27ae9120157f0fa/execute/sync - {"script":"<script> [8489 bytes]","args":[{"element-6066-11e4-a52e-4f735466cecf":"f.4EEDEA8BBD1FF6E0A028415A04A49F5E.d.5ECB800D5D1B1D4B8DF47A52ED020812.e.10246","ELEMENT":"f.4EEDEA8BBD1FF6E0A028415A04A49F5E.d.5ECB800D5D1B1D4B8DF47A52ED020812.e.10246"}]}
COMMAND: GET /session/ee8c0ad77c32eb6cf27ae9120157f0fa/screenshot - {}
RESULT: {}
RESULT: {"script":"<script> [8489 bytes]","args":[{"element-6066-11e4-a52e-4f735466cecf":"f.4EEDEA8BBD1FF6E0A028415A04A49F5E.d.5ECB800D5D1B1D4B8DF47A52ED020812.e.10246","ELEMENT":"f.4EEDEA8BBD1FF6E0A028415A04A49F5E.d.5ECB800D5D1B1D4B8DF47A52ED020812.e.10246"}]}
COMMAND: POST /session/ee8c0ad77c32eb6cf27ae9120157f0fa/execute/sync - {"script":"<script> [5351 bytes]","args":[{"element-6066-11e4-a52e-4f735466cecf":"f.4EEDEA8BBD1FF6E0A028415A04A49F5E.d.5ECB800D5D1B1D4B8DF47A52ED020812.e.10246","ELEMENT":"f.4EEDEA8BBD1FF6E0A028415A04A49F5E.d.5ECB800D5D1B1D4B8DF47A52ED020812.e.10246"}]}
COMMAND: GET /session/ee8c0ad77c32eb6cf27ae9120157f0fa/screenshot - {}
RESULT: {}
RESULT: {"script":"<script> [5351 bytes]","args":[{"element-6066-11e4-a52e-4f735466cecf":"f.4EEDEA8BBD1FF6E0A028415A04A49F5E.d.5ECB800D5D1B1D4B8DF47A52ED020812.e.10246","ELEMENT":"f.4EEDEA8BBD1FF6E0A028415A04A49F5E.d.5ECB800D5D1B1D4B8DF47A52ED020812.e.10246"}]}
COMMAND: POST /session/ee8c0ad77c32eb6cf27ae9120157f0fa/element/f.4EEDEA8BBD1FF6E0A028415A04A49F5E.d.5ECB800D5D1B1D4B8DF47A52ED020812.e.10246/click - {}
COMMAND: GET /session/ee8c0ad77c32eb6cf27ae9120157f0fa/screenshot - {}
RESULT: {}
RESULT: {}
COMMAND: GET /session/ee8c0ad77c32eb6cf27ae9120157f0fa/screenshot - {}
RESULT: {}
RESULT: {}
COMMAND: POST /session/ee8c0ad77c32eb6cf27ae9120157f0fa/actions - {"actions":[{"id":"action40","type":"key","parameters":{},"actions":[{"type":"keyDown","value":"î€‡"},{"type":"pause","duration":10},{"type":"keyUp","value":"î€‡"}]}]}
RESULT: {"actions":[{"id":"action40","type":"key","parameters":{},"actions":[{"type":"keyDown","value":"î€‡"},{"type":"pause","duration":10},{"type":"keyUp","value":"î€‡"}]}]}
COMMAND: GET /session/ee8c0ad77c32eb6cf27ae9120157f0fa/screenshot - {}
RESULT: {}
RESULT: undefined
COMMAND: POST /session/ee8c0ad77c32eb6cf27ae9120157f0fa/element - {"using":"xpath","value":"//*[@id=\"application-manageconditionprice-display-component---newCondition--condBillCond-arrow\"]"}
RESULT: {"using":"xpath","value":"//*[@id=\"application-manageconditionprice-display-component---newCondition--condBillCond-arrow\"]"}
COMMAND: POST /session/ee8c0ad77c32eb6cf27ae9120157f0fa/element/f.4EEDEA8BBD1FF6E0A028415A04A49F5E.d.5ECB800D5D1B1D4B8DF47A52ED020812.e.10725/click - {}
RESULT: {}
COMMAND: GET /session/ee8c0ad77c32eb6cf27ae9120157f0fa/screenshot - {}
RESULT: {}
COMMAND: POST /session/ee8c0ad77c32eb6cf27ae9120157f0fa/element - {"using":"xpath","value":"//li[.//span[contains(text(), \"DISP - D&I special price\")]]"}
RESULT: {"using":"xpath","value":"//li[.//span[contains(text(), \"DISP - D&I special price\")]]"}
COMMAND: POST /session/ee8c0ad77c32eb6cf27ae9120157f0fa/element/f.4EEDEA8BBD1FF6E0A028415A04A49F5E.d.5ECB800D5D1B1D4B8DF47A52ED020812.e.10728/click - {}
RESULT: {}
COMMAND: GET /session/ee8c0ad77c32eb6cf27ae9120157f0fa/screenshot - {}
RESULT: {}
RESULT: undefined
COMMAND: POST /session/ee8c0ad77c32eb6cf27ae9120157f0fa/execute/async - {"script":"<script> [776 bytes]","args":[{"enterText":"1/14/26","selector":{"id":"application-manageconditionprice-display-component---newCondition--condValidTo","interaction":{"idSuffix":"inner"}},"clearTextFirst":true,"interactionType":"ENTER_TEXT"}]}
RESULT: {"script":"<script> [776 bytes]","args":[{"enterText":"1/14/26","selector":{"id":"application-manageconditionprice-display-component---newCondition--condValidTo","interaction":{"idSuffix":"inner"}},"clearTextFirst":true,"interactionType":"ENTER_TEXT"}]}
COMMAND: POST /session/ee8c0ad77c32eb6cf27ae9120157f0fa/element - {"using":"xpath","value":"//input[@id=\"application-manageconditionprice-display-component---newCondition--condRU-inner\"]"}
RESULT: {"using":"xpath","value":"//input[@id=\"application-manageconditionprice-display-component---newCondition--condRU-inner\"]"}
COMMAND: POST /session/ee8c0ad77c32eb6cf27ae9120157f0fa/element/f.4EEDEA8BBD1FF6E0A028415A04A49F5E.d.5ECB800D5D1B1D4B8DF47A52ED020812.e.10449/clear - {}
RESULT: {}
COMMAND: POST /session/ee8c0ad77c32eb6cf27ae9120157f0fa/element/f.4EEDEA8BBD1FF6E0A028415A04A49F5E.d.5ECB800D5D1B1D4B8DF47A52ED020812.e.10449/value - {"text":"8Ugqut2yz5"}
COMMAND: GET /session/ee8c0ad77c32eb6cf27ae9120157f0fa/screenshot - {}
RESULT: {"text":"8Ugqut2yz5"}
COMMAND: GET /session/ee8c0ad77c32eb6cf27ae9120157f0fa/screenshot - {}
RESULT: {}
RESULT: {}
COMMAND: POST /session/ee8c0ad77c32eb6cf27ae9120157f0fa/actions - {"actions":[{"id":"action41","type":"key","parameters":{},"actions":[{"type":"keyDown","value":"î€‡"},{"type":"pause","duration":10},{"type":"keyUp","value":"î€‡"}]}]}
RESULT: {"actions":[{"id":"action41","type":"key","parameters":{},"actions":[{"type":"keyDown","value":"î€‡"},{"type":"pause","duration":10},{"type":"keyUp","value":"î€‡"}]}]}
RESULT: undefined
COMMAND: POST /session/ee8c0ad77c32eb6cf27ae9120157f0fa/execute/async - {"script":"<script> [776 bytes]","args":[{"enterText":"1","selector":{"id":"application-manageconditionprice-display-component---newCondition--condBaseQty","interaction":{"idSuffix":"inner"}},"clearTextFirst":true,"interactionType":"ENTER_TEXT"}]}
COMMAND: GET /session/ee8c0ad77c32eb6cf27ae9120157f0fa/screenshot - {}
RESULT: {"script":"<script> [776 bytes]","args":[{"enterText":"1","selector":{"id":"application-manageconditionprice-display-component---newCondition--condBaseQty","interaction":{"idSuffix":"inner"}},"clearTextFirst":true,"interactionType":"ENTER_TEXT"}]}
RESULT: undefined
COMMAND: POST /session/ee8c0ad77c32eb6cf27ae9120157f0fa/execute/async - {"script":"<script> [776 bytes]","args":[{"enterText":"100","selector":{"id":"application-manageconditionprice-display-component---newCondition--condValue","interaction":{"idSuffix":"inner"}},"clearTextFirst":true,"interactionType":"ENTER_TEXT"}]}
RESULT: {}
RESULT: {"script":"<script> [776 bytes]","args":[{"enterText":"100","selector":{"id":"application-manageconditionprice-display-component---newCondition--condValue","interaction":{"idSuffix":"inner"}},"clearTextFirst":true,"interactionType":"ENTER_TEXT"}]}
RESULT: undefined
COMMAND: POST /session/ee8c0ad77c32eb6cf27ae9120157f0fa/element - {"using":"xpath","value":"//*[@id=\"application-manageconditionprice-display-component---newCondition--condCurr-arrow\"]"}
RESULT: {"using":"xpath","value":"//*[@id=\"application-manageconditionprice-display-component---newCondition--condCurr-arrow\"]"}
COMMAND: POST /session/ee8c0ad77c32eb6cf27ae9120157f0fa/element/f.4EEDEA8BBD1FF6E0A028415A04A49F5E.d.5ECB800D5D1B1D4B8DF47A52ED020812.e.10690/click - {}
RESULT: {}
COMMAND: POST /session/ee8c0ad77c32eb6cf27ae9120157f0fa/element - {"using":"xpath","value":"//span[contains(text(), \"Euro\")]"}
COMMAND: GET /session/ee8c0ad77c32eb6cf27ae9120157f0fa/screenshot - {}
RESULT: {"using":"xpath","value":"//span[contains(text(), \"Euro\")]"}
COMMAND: POST /session/ee8c0ad77c32eb6cf27ae9120157f0fa/element/f.4EEDEA8BBD1FF6E0A028415A04A49F5E.d.5ECB800D5D1B1D4B8DF47A52ED020812.e.10763/click - {}
RESULT: {}
RESULT: {}
COMMAND: POST /session/ee8c0ad77c32eb6cf27ae9120157f0fa/element - {"using":"xpath","value":"//button[@data-kt=\"saveButton\"]"}
COMMAND: GET /session/ee8c0ad77c32eb6cf27ae9120157f0fa/screenshot - {}
RESULT: {"using":"xpath","value":"//button[@data-kt=\"saveButton\"]"}
COMMAND: POST /session/ee8c0ad77c32eb6cf27ae9120157f0fa/element/f.4EEDEA8BBD1FF6E0A028415A04A49F5E.d.5ECB800D5D1B1D4B8DF47A52ED020812.e.10691/click - {}
RESULT: {}
RESULT: {}
COMMAND: GET /session/ee8c0ad77c32eb6cf27ae9120157f0fa/screenshot - {}
RESULT: {}
RESULT: undefined
COMMAND: POST /session/ee8c0ad77c32eb6cf27ae9120157f0fa/execute/async - {"script":"<script> [776 bytes]","args":[{"enterText":"8Ugqut2yz5","selector":{"id":"application-manageconditionprice-display-component---conditions--smartFilterBar-btnBasicSearch","interaction":{"idSuffix":"I"}},"clearTextFirst":true,"interactionType":"ENTER_TEXT"}]}
RESULT: {"script":"<script> [776 bytes]","args":[{"enterText":"8Ugqut2yz5","selector":{"id":"application-manageconditionprice-display-component---conditions--smartFilterBar-btnBasicSearch","interaction":{"idSuffix":"I"}},"clearTextFirst":true,"interactionType":"ENTER_TEXT"}]}
COMMAND: POST /session/ee8c0ad77c32eb6cf27ae9120157f0fa/actions - {"actions":[{"id":"action42","type":"key","parameters":{},"actions":[{"type":"keyDown","value":"î€‡"},{"type":"pause","duration":10},{"type":"keyUp","value":"î€‡"}]}]}
RESULT: {"actions":[{"id":"action42","type":"key","parameters":{},"actions":[{"type":"keyDown","value":"î€‡"},{"type":"pause","duration":10},{"type":"keyUp","value":"î€‡"}]}]}
COMMAND: GET /session/ee8c0ad77c32eb6cf27ae9120157f0fa/screenshot - {}
RESULT: {}
RESULT: undefined
COMMAND: POST /session/ee8c0ad77c32eb6cf27ae9120157f0fa/element - {"using":"xpath","value":"//*[@id=\"application-manageconditionprice-display-component---conditions--smartFilterBar-filterItemControl_BASIC-BILL_TYPES-vhi\"]"}
RESULT: {"using":"xpath","value":"//*[@id=\"application-manageconditionprice-display-component---conditions--smartFilterBar-filterItemControl_BASIC-BILL_TYPES-vhi\"]"}
COMMAND: POST /session/ee8c0ad77c32eb6cf27ae9120157f0fa/element/f.4EEDEA8BBD1FF6E0A028415A04A49F5E.d.5ECB800D5D1B1D4B8DF47A52ED020812.e.10798/click - {}
RESULT: {}
RESULT: undefined
COMMAND: POST /session/ee8c0ad77c32eb6cf27ae9120157f0fa/execute/async - {"script":"<script> [776 bytes]","args":[{"enterText":"TB","selector":{"id":"application-manageconditionprice-display-component---conditions--smartFilterBar-filterItemControl_BASIC-BILL_TYPES-valueHelpDialog-smartFilterBar-btnBasicSearch","searchOpenDialogs":true,"interaction":{"idSuffix":"I"}},"clearTextFirst":true,"interactionType":"ENTER_TEXT"}]}
COMMAND: GET /session/ee8c0ad77c32eb6cf27ae9120157f0fa/screenshot - {}
RESULT: {"script":"<script> [776 bytes]","args":[{"enterText":"TB","selector":{"id":"application-manageconditionprice-display-component---conditions--smartFilterBar-filterItemControl_BASIC-BILL_TYPES-valueHelpDialog-smartFilterBar-btnBasicSearch","searchOpenDialogs":true,"interaction":{"idSuffix":"I"}},"clearTextFirst":true,"interactionType":"ENTER_TEXT"}]}
COMMAND: POST /session/ee8c0ad77c32eb6cf27ae9120157f0fa/actions - {"actions":[{"id":"action43","type":"key","parameters":{},"actions":[{"type":"keyDown","value":"î€‡"},{"type":"pause","duration":10},{"type":"keyUp","value":"î€‡"}]}]}
RESULT: {}
RESULT: {"actions":[{"id":"action43","type":"key","parameters":{},"actions":[{"type":"keyDown","value":"î€‡"},{"type":"pause","duration":10},{"type":"keyUp","value":"î€‡"}]}]}
COMMAND: GET /session/ee8c0ad77c32eb6cf27ae9120157f0fa/screenshot - {}
RESULT: {}
COMMAND: POST /session/ee8c0ad77c32eb6cf27ae9120157f0fa/element - {"using":"xpath","value":"//div[contains(@id, 'application-manageconditionprice-display-component---conditions--smartFilterBar-filterItemControl_BASIC-BILL_TYPES-valueHelpDialog-table-rowsel0')]"}
RESULT: {"using":"xpath","value":"//div[contains(@id, 'application-manageconditionprice-display-component---conditions--smartFilterBar-filterItemControl_BASIC-BILL_TYPES-valueHelpDialog-table-rowsel0')]"}
COMMAND: POST /session/ee8c0ad77c32eb6cf27ae9120157f0fa/element/f.4EEDEA8BBD1FF6E0A028415A04A49F5E.d.5ECB800D5D1B1D4B8DF47A52ED020812.e.10806/click - {}
RESULT: {}
COMMAND: GET /session/ee8c0ad77c32eb6cf27ae9120157f0fa/screenshot - {}
RESULT: {}
COMMAND: POST /session/ee8c0ad77c32eb6cf27ae9120157f0fa/element - {"using":"xpath","value":"//bdi[contains(text(), \"OK\")]"}
RESULT: {"using":"xpath","value":"//bdi[contains(text(), \"OK\")]"}
COMMAND: POST /session/ee8c0ad77c32eb6cf27ae9120157f0fa/element/f.4EEDEA8BBD1FF6E0A028415A04A49F5E.d.5ECB800D5D1B1D4B8DF47A52ED020812.e.10808/click - {}
RESULT: {}
COMMAND: GET /session/ee8c0ad77c32eb6cf27ae9120157f0fa/screenshot - {}
RESULT: {}
COMMAND: POST /session/ee8c0ad77c32eb6cf27ae9120157f0fa/element - {"using":"xpath","value":"//span[@id=\"application-manageconditionprice-display-component---conditions--smartTable-header-inner\"]"}
RESULT: {"using":"xpath","value":"//span[@id=\"application-manageconditionprice-display-component---conditions--smartTable-header-inner\"]"}
COMMAND: POST /session/ee8c0ad77c32eb6cf27ae9120157f0fa/elements - {"using":"xpath","value":"//span[@id=\"application-manageconditionprice-display-component---conditions--smartTable-header-inner\"]"}
RESULT: {"using":"xpath","value":"//span[@id=\"application-manageconditionprice-display-component---conditions--smartTable-header-inner\"]"}
COMMAND: POST /session/ee8c0ad77c32eb6cf27ae9120157f0fa/execute/sync - {"script":"<script> [56 bytes]","args":[{"element-6066-11e4-a52e-4f735466cecf":"f.4EEDEA8BBD1FF6E0A028415A04A49F5E.d.5ECB800D5D1B1D4B8DF47A52ED020812.e.10817","ELEMENT":"f.4EEDEA8BBD1FF6E0A028415A04A49F5E.d.5ECB800D5D1B1D4B8DF47A52ED020812.e.10817"}]}
RESULT: {"script":"<script> [56 bytes]","args":[{"element-6066-11e4-a52e-4f735466cecf":"f.4EEDEA8BBD1FF6E0A028415A04A49F5E.d.5ECB800D5D1B1D4B8DF47A52ED020812.e.10817","ELEMENT":"f.4EEDEA8BBD1FF6E0A028415A04A49F5E.d.5ECB800D5D1B1D4B8DF47A52ED020812.e.10817"}]}
COMMAND: POST /session/ee8c0ad77c32eb6cf27ae9120157f0fa/element - {"using":"css selector","value":"#shell-header-logo"}
COMMAND: GET /session/ee8c0ad77c32eb6cf27ae9120157f0fa/screenshot - {}
RESULT: {"using":"css selector","value":"#shell-header-logo"}
COMMAND: POST /session/ee8c0ad77c32eb6cf27ae9120157f0fa/element/f.4EEDEA8BBD1FF6E0A028415A04A49F5E.d.5ECB800D5D1B1D4B8DF47A52ED020812.e.10213/click - {}
RESULT: {}
RESULT: {}
COMMAND: GET /session/ee8c0ad77c32eb6cf27ae9120157f0fa/screenshot - {}
RESULT: {}
]]></system-out>
    </testcase>
    <testcase classname="chrome.136_0_7103_49.windows.Create_master_data_for_mixed_billing_&amp;_do_billing_calculation_US151661" name="Should do a stock increase handover" time="104.698">
      <system-out><![CDATA[
COMMAND: POST /session/ee8c0ad77c32eb6cf27ae9120157f0fa/execute/async - {"script":"<script> [1562 bytes]","args":[{"selector":{"controlType":"sap.m.GenericTile","properties":{"header":"Manage Handovers"}},"wdio_ui5_key":"sapm.GenericTile{\"header\":\"Manage Handovers\"}"}]}
RESULT: {"script":"<script> [1562 bytes]","args":[{"selector":{"controlType":"sap.m.GenericTile","properties":{"header":"Manage Handovers"}},"wdio_ui5_key":"sapm.GenericTile{\"header\":\"Manage Handovers\"}"}]}
RESULT: undefined
COMMAND: POST /session/ee8c0ad77c32eb6cf27ae9120157f0fa/element - {"using":"xpath","value":"//*[@id=\"__tile132\"]"}
RESULT: {"using":"xpath","value":"//*[@id=\"__tile132\"]"}
COMMAND: POST /session/ee8c0ad77c32eb6cf27ae9120157f0fa/element/f.4EEDEA8BBD1FF6E0A028415A04A49F5E.d.5ECB800D5D1B1D4B8DF47A52ED020812.e.10819/click - {}
RESULT: {}
COMMAND: GET /session/ee8c0ad77c32eb6cf27ae9120157f0fa/screenshot - {}
COMMAND: POST /session/ee8c0ad77c32eb6cf27ae9120157f0fa/elements - {"using":"xpath","value":"//span[text()='Error']"}
RESULT: {}
RESULT: {"using":"xpath","value":"//span[text()='Error']"}
COMMAND: POST /session/ee8c0ad77c32eb6cf27ae9120157f0fa/element - {"using":"xpath","value":"//button[@data-kt=\"masterHOAddButton\"]"}
RESULT: {"using":"xpath","value":"//button[@data-kt=\"masterHOAddButton\"]"}
COMMAND: POST /session/ee8c0ad77c32eb6cf27ae9120157f0fa/elements - {"using":"xpath","value":"//button[@data-kt=\"masterHOAddButton\"]"}
RESULT: {"using":"xpath","value":"//button[@data-kt=\"masterHOAddButton\"]"}
COMMAND: POST /session/ee8c0ad77c32eb6cf27ae9120157f0fa/elements - {"using":"xpath","value":"//button[@data-kt=\"masterHOAddButton\"]"}
RESULT: {"using":"xpath","value":"//button[@data-kt=\"masterHOAddButton\"]"}
COMMAND: POST /session/ee8c0ad77c32eb6cf27ae9120157f0fa/element - {"using":"xpath","value":"//button[@data-kt=\"masterHOAddButton\"]"}
RESULT: {"using":"xpath","value":"//button[@data-kt=\"masterHOAddButton\"]"}
COMMAND: POST /session/ee8c0ad77c32eb6cf27ae9120157f0fa/execute/sync - {"script":"<script> [8489 bytes]","args":[{"element-6066-11e4-a52e-4f735466cecf":"f.4EEDEA8BBD1FF6E0A028415A04A49F5E.d.5ECB800D5D1B1D4B8DF47A52ED020812.e.10859","ELEMENT":"f.4EEDEA8BBD1FF6E0A028415A04A49F5E.d.5ECB800D5D1B1D4B8DF47A52ED020812.e.10859"}]}
RESULT: {"script":"<script> [8489 bytes]","args":[{"element-6066-11e4-a52e-4f735466cecf":"f.4EEDEA8BBD1FF6E0A028415A04A49F5E.d.5ECB800D5D1B1D4B8DF47A52ED020812.e.10859","ELEMENT":"f.4EEDEA8BBD1FF6E0A028415A04A49F5E.d.5ECB800D5D1B1D4B8DF47A52ED020812.e.10859"}]}
COMMAND: GET /session/ee8c0ad77c32eb6cf27ae9120157f0fa/element/f.4EEDEA8BBD1FF6E0A028415A04A49F5E.d.5ECB800D5D1B1D4B8DF47A52ED020812.e.10859/enabled - {}
COMMAND: GET /session/ee8c0ad77c32eb6cf27ae9120157f0fa/screenshot - {}
RESULT: {}
COMMAND: POST /session/ee8c0ad77c32eb6cf27ae9120157f0fa/execute/sync - {"script":"<script> [8489 bytes]","args":[{"element-6066-11e4-a52e-4f735466cecf":"f.4EEDEA8BBD1FF6E0A028415A04A49F5E.d.5ECB800D5D1B1D4B8DF47A52ED020812.e.10859","ELEMENT":"f.4EEDEA8BBD1FF6E0A028415A04A49F5E.d.5ECB800D5D1B1D4B8DF47A52ED020812.e.10859"}]}
COMMAND: GET /session/ee8c0ad77c32eb6cf27ae9120157f0fa/screenshot - {}
RESULT: {}
RESULT: {"script":"<script> [8489 bytes]","args":[{"element-6066-11e4-a52e-4f735466cecf":"f.4EEDEA8BBD1FF6E0A028415A04A49F5E.d.5ECB800D5D1B1D4B8DF47A52ED020812.e.10859","ELEMENT":"f.4EEDEA8BBD1FF6E0A028415A04A49F5E.d.5ECB800D5D1B1D4B8DF47A52ED020812.e.10859"}]}
COMMAND: POST /session/ee8c0ad77c32eb6cf27ae9120157f0fa/execute/sync - {"script":"<script> [5351 bytes]","args":[{"element-6066-11e4-a52e-4f735466cecf":"f.4EEDEA8BBD1FF6E0A028415A04A49F5E.d.5ECB800D5D1B1D4B8DF47A52ED020812.e.10859","ELEMENT":"f.4EEDEA8BBD1FF6E0A028415A04A49F5E.d.5ECB800D5D1B1D4B8DF47A52ED020812.e.10859"}]}
COMMAND: GET /session/ee8c0ad77c32eb6cf27ae9120157f0fa/screenshot - {}
RESULT: {}
RESULT: {"script":"<script> [5351 bytes]","args":[{"element-6066-11e4-a52e-4f735466cecf":"f.4EEDEA8BBD1FF6E0A028415A04A49F5E.d.5ECB800D5D1B1D4B8DF47A52ED020812.e.10859","ELEMENT":"f.4EEDEA8BBD1FF6E0A028415A04A49F5E.d.5ECB800D5D1B1D4B8DF47A52ED020812.e.10859"}]}
COMMAND: POST /session/ee8c0ad77c32eb6cf27ae9120157f0fa/element/f.4EEDEA8BBD1FF6E0A028415A04A49F5E.d.5ECB800D5D1B1D4B8DF47A52ED020812.e.10859/click - {}
COMMAND: GET /session/ee8c0ad77c32eb6cf27ae9120157f0fa/screenshot - {}
RESULT: {}
RESULT: {}
COMMAND: GET /session/ee8c0ad77c32eb6cf27ae9120157f0fa/screenshot - {}
COMMAND: POST /session/ee8c0ad77c32eb6cf27ae9120157f0fa/element - {"using":"xpath","value":"//span[contains(@id ,\"AddNewHO--typeSelect-arrow\")]"}
RESULT: {}
RESULT: {}
RESULT: {"using":"xpath","value":"//span[contains(@id ,\"AddNewHO--typeSelect-arrow\")]"}
COMMAND: POST /session/ee8c0ad77c32eb6cf27ae9120157f0fa/element/f.4EEDEA8BBD1FF6E0A028415A04A49F5E.d.5ECB800D5D1B1D4B8DF47A52ED020812.e.11193/click - {}
RESULT: {}
COMMAND: GET /session/ee8c0ad77c32eb6cf27ae9120157f0fa/screenshot - {}
RESULT: {}
COMMAND: POST /session/ee8c0ad77c32eb6cf27ae9120157f0fa/element - {"using":"xpath","value":"(//li[contains(text(), \"stock increase yard\")])[1]"}
RESULT: {"using":"xpath","value":"(//li[contains(text(), \"stock increase yard\")])[1]"}
COMMAND: POST /session/ee8c0ad77c32eb6cf27ae9120157f0fa/element/f.4EEDEA8BBD1FF6E0A028415A04A49F5E.d.5ECB800D5D1B1D4B8DF47A52ED020812.e.11194/click - {}
RESULT: {}
COMMAND: GET /session/ee8c0ad77c32eb6cf27ae9120157f0fa/screenshot - {}
RESULT: {}
COMMAND: POST /session/ee8c0ad77c32eb6cf27ae9120157f0fa/execute/async - {"script":"<script> [1562 bytes]","args":[{"selector":{"id":"application-managehandovers-display-component---AddNewHO--dueDate","interaction":{"idSuffix":"inner"}},"wdio_ui5_key":"applicationmanagehandovers-display-component---AddNewHO--dueDate"}]}
RESULT: {"script":"<script> [1562 bytes]","args":[{"selector":{"id":"application-managehandovers-display-component---AddNewHO--dueDate","interaction":{"idSuffix":"inner"}},"wdio_ui5_key":"applicationmanagehandovers-display-component---AddNewHO--dueDate"}]}
RESULT: undefined
COMMAND: POST /session/ee8c0ad77c32eb6cf27ae9120157f0fa/execute/async - {"script":"<script> [6424 bytes]","args":[{"element-6066-11e4-a52e-4f735466cecf":"f.4EEDEA8BBD1FF6E0A028415A04A49F5E.d.5ECB800D5D1B1D4B8DF47A52ED020812.e.11198"},"setValue",["5/14/25"]]}
RESULT: {"script":"<script> [6424 bytes]","args":[{"element-6066-11e4-a52e-4f735466cecf":"f.4EEDEA8BBD1FF6E0A028415A04A49F5E.d.5ECB800D5D1B1D4B8DF47A52ED020812.e.11198"},"setValue",["5/14/25"]]}
COMMAND: POST /session/ee8c0ad77c32eb6cf27ae9120157f0fa/element - {"using":"xpath","value":"//input[@id=\"generalSectionFrg--receiveYard-inner\"]"}
RESULT: {"using":"xpath","value":"//input[@id=\"generalSectionFrg--receiveYard-inner\"]"}
COMMAND: POST /session/ee8c0ad77c32eb6cf27ae9120157f0fa/element/f.4EEDEA8BBD1FF6E0A028415A04A49F5E.d.5ECB800D5D1B1D4B8DF47A52ED020812.e.11202/clear - {}
RESULT: {}
COMMAND: POST /session/ee8c0ad77c32eb6cf27ae9120157f0fa/element/f.4EEDEA8BBD1FF6E0A028415A04A49F5E.d.5ECB800D5D1B1D4B8DF47A52ED020812.e.11202/value - {"text":"366"}
COMMAND: GET /session/ee8c0ad77c32eb6cf27ae9120157f0fa/screenshot - {}
RESULT: {"text":"366"}
COMMAND: GET /session/ee8c0ad77c32eb6cf27ae9120157f0fa/screenshot - {}
RESULT: {}
RESULT: {}
COMMAND: POST /session/ee8c0ad77c32eb6cf27ae9120157f0fa/element - {"using":"xpath","value":"//li[.//span[text()='366']]"}
RESULT: {"using":"xpath","value":"//li[.//span[text()='366']]"}
COMMAND: POST /session/ee8c0ad77c32eb6cf27ae9120157f0fa/element/f.4EEDEA8BBD1FF6E0A028415A04A49F5E.d.5ECB800D5D1B1D4B8DF47A52ED020812.e.11218/click - {}
RESULT: {}
COMMAND: GET /session/ee8c0ad77c32eb6cf27ae9120157f0fa/screenshot - {}
RESULT: {}
COMMAND: POST /session/ee8c0ad77c32eb6cf27ae9120157f0fa/execute/async - {"script":"<script> [1562 bytes]","args":[{"selector":{"id":"application-managehandovers-display-component---AddNewHO--ObjectPageLayout-anchBar-application-managehandovers-display-component---AddNewHO--section4-anchor","interaction":{"idSuffix":"BDI-content"}},"wdio_ui5_key":"applicationmanagehandovers-display-component---AddNewHO--ObjectPageLayout-anchBar-application-managehandovers-display-component---AddNewHO--section4-anchor"}]}
RESULT: {"script":"<script> [1562 bytes]","args":[{"selector":{"id":"application-managehandovers-display-component---AddNewHO--ObjectPageLayout-anchBar-application-managehandovers-display-component---AddNewHO--section4-anchor","interaction":{"idSuffix":"BDI-content"}},"wdio_ui5_key":"applicationmanagehandovers-display-component---AddNewHO--ObjectPageLayout-anchBar-application-managehandovers-display-component---AddNewHO--section4-anchor"}]}
RESULT: undefined
COMMAND: POST /session/ee8c0ad77c32eb6cf27ae9120157f0fa/element - {"using":"xpath","value":"//*[@id=\"application-managehandovers-display-component---AddNewHO--ObjectPageLayout-anchBar-application-managehandovers-display-component---AddNewHO--section4-anchor\"]"}
RESULT: {"using":"xpath","value":"//*[@id=\"application-managehandovers-display-component---AddNewHO--ObjectPageLayout-anchBar-application-managehandovers-display-component---AddNewHO--section4-anchor\"]"}
COMMAND: POST /session/ee8c0ad77c32eb6cf27ae9120157f0fa/element/f.4EEDEA8BBD1FF6E0A028415A04A49F5E.d.5ECB800D5D1B1D4B8DF47A52ED020812.e.11220/click - {}
RESULT: {}
COMMAND: POST /session/ee8c0ad77c32eb6cf27ae9120157f0fa/element - {"using":"xpath","value":"//button[@aria-label=\"Add\"]"}
COMMAND: GET /session/ee8c0ad77c32eb6cf27ae9120157f0fa/screenshot - {}
RESULT: {"using":"xpath","value":"//button[@aria-label=\"Add\"]"}
COMMAND: POST /session/ee8c0ad77c32eb6cf27ae9120157f0fa/element/f.4EEDEA8BBD1FF6E0A028415A04A49F5E.d.5ECB800D5D1B1D4B8DF47A52ED020812.e.11224/click - {}
RESULT: {}
RESULT: {}
COMMAND: GET /session/ee8c0ad77c32eb6cf27ae9120157f0fa/screenshot - {}
RESULT: {}
COMMAND: POST /session/ee8c0ad77c32eb6cf27ae9120157f0fa/execute/async - {"script":"<script> [1562 bytes]","args":[{"selector":{"id":"application-managehandovers-display-component---AddNewHO--smartFilterBar-btnBasicSearch","searchOpenDialogs":true,"interaction":{"idSuffix":"I"}},"wdio_ui5_key":"applicationmanagehandovers-display-component---AddNewHO--smartFilterBar-btnBasicSearch"}]}
RESULT: {"script":"<script> [1562 bytes]","args":[{"selector":{"id":"application-managehandovers-display-component---AddNewHO--smartFilterBar-btnBasicSearch","searchOpenDialogs":true,"interaction":{"idSuffix":"I"}},"wdio_ui5_key":"applicationmanagehandovers-display-component---AddNewHO--smartFilterBar-btnBasicSearch"}]}
RESULT: undefined
COMMAND: POST /session/ee8c0ad77c32eb6cf27ae9120157f0fa/execute/async - {"script":"<script> [776 bytes]","args":[{"enterText":"8Ugqut2yz5","selector":{"id":"application-managehandovers-display-component---AddNewHO--smartFilterBar-btnBasicSearch","searchOpenDialogs":true,"interaction":{"idSuffix":"I"}},"clearTextFirst":true,"interactionType":"ENTER_TEXT"}]}
RESULT: {"script":"<script> [776 bytes]","args":[{"enterText":"8Ugqut2yz5","selector":{"id":"application-managehandovers-display-component---AddNewHO--smartFilterBar-btnBasicSearch","searchOpenDialogs":true,"interaction":{"idSuffix":"I"}},"clearTextFirst":true,"interactionType":"ENTER_TEXT"}]}
COMMAND: POST /session/ee8c0ad77c32eb6cf27ae9120157f0fa/actions - {"actions":[{"id":"action44","type":"key","parameters":{},"actions":[{"type":"keyDown","value":"î€‡"},{"type":"pause","duration":10},{"type":"keyUp","value":"î€‡"}]}]}
RESULT: {"actions":[{"id":"action44","type":"key","parameters":{},"actions":[{"type":"keyDown","value":"î€‡"},{"type":"pause","duration":10},{"type":"keyUp","value":"î€‡"}]}]}
COMMAND: GET /session/ee8c0ad77c32eb6cf27ae9120157f0fa/screenshot - {}
RESULT: {}
COMMAND: POST /session/ee8c0ad77c32eb6cf27ae9120157f0fa/execute/async - {"script":"<script> [1562 bytes]","args":[{"selector":{"id":"application-managehandovers-display-component---AddNewHO--popup-sa","searchOpenDialogs":true,"interaction":{"idSuffix":"CbBg"}},"wdio_ui5_key":"applicationmanagehandovers-display-component---AddNewHO--popup-sa"}]}
RESULT: {"script":"<script> [1562 bytes]","args":[{"selector":{"id":"application-managehandovers-display-component---AddNewHO--popup-sa","searchOpenDialogs":true,"interaction":{"idSuffix":"CbBg"}},"wdio_ui5_key":"applicationmanagehandovers-display-component---AddNewHO--popup-sa"}]}
RESULT: undefined
COMMAND: POST /session/ee8c0ad77c32eb6cf27ae9120157f0fa/element - {"using":"xpath","value":"//*[@id=\"application-managehandovers-display-component---AddNewHO--popup-sa\"]"}
RESULT: {"using":"xpath","value":"//*[@id=\"application-managehandovers-display-component---AddNewHO--popup-sa\"]"}
COMMAND: POST /session/ee8c0ad77c32eb6cf27ae9120157f0fa/element/f.4EEDEA8BBD1FF6E0A028415A04A49F5E.d.5ECB800D5D1B1D4B8DF47A52ED020812.e.11379/click - {}
RESULT: {}
COMMAND: GET /session/ee8c0ad77c32eb6cf27ae9120157f0fa/screenshot - {}
RESULT: {}
COMMAND: POST /session/ee8c0ad77c32eb6cf27ae9120157f0fa/element - {"using":"xpath","value":"//bdi[contains(text(), \"Select\")]"}
RESULT: {"using":"xpath","value":"//bdi[contains(text(), \"Select\")]"}
COMMAND: POST /session/ee8c0ad77c32eb6cf27ae9120157f0fa/element/f.4EEDEA8BBD1FF6E0A028415A04A49F5E.d.5ECB800D5D1B1D4B8DF47A52ED020812.e.11380/click - {}
RESULT: {}
COMMAND: GET /session/ee8c0ad77c32eb6cf27ae9120157f0fa/screenshot - {}
RESULT: {}
COMMAND: POST /session/ee8c0ad77c32eb6cf27ae9120157f0fa/element - {"using":"xpath","value":"//button[@data-kt=\"AddNewHOSaveButton\"]"}
RESULT: {"using":"xpath","value":"//button[@data-kt=\"AddNewHOSaveButton\"]"}
COMMAND: POST /session/ee8c0ad77c32eb6cf27ae9120157f0fa/element/f.4EEDEA8BBD1FF6E0A028415A04A49F5E.d.5ECB800D5D1B1D4B8DF47A52ED020812.e.11384/click - {}
RESULT: {}
COMMAND: GET /session/ee8c0ad77c32eb6cf27ae9120157f0fa/screenshot - {}
RESULT: {}
COMMAND: POST /session/ee8c0ad77c32eb6cf27ae9120157f0fa/execute/async - {"script":"<script> [1562 bytes]","args":[{"selector":{"id":"receiptDatePicker","viewName":"etm.portal.ui.managehandovers.view.DetailExecuteHO","interaction":{"idSuffix":"inner"}},"wdio_ui5_key":"receiptDatePickeretmportal.ui.managehandovers.view.DetailExecuteHO"}]}
RESULT: {"script":"<script> [1562 bytes]","args":[{"selector":{"id":"receiptDatePicker","viewName":"etm.portal.ui.managehandovers.view.DetailExecuteHO","interaction":{"idSuffix":"inner"}},"wdio_ui5_key":"receiptDatePickeretmportal.ui.managehandovers.view.DetailExecuteHO"}]}
RESULT: undefined
COMMAND: POST /session/ee8c0ad77c32eb6cf27ae9120157f0fa/execute/async - {"script":"<script> [6424 bytes]","args":[{"element-6066-11e4-a52e-4f735466cecf":"f.4EEDEA8BBD1FF6E0A028415A04A49F5E.d.5ECB800D5D1B1D4B8DF47A52ED020812.e.11403"},"setValue",["5/14/25"]]}
RESULT: {"script":"<script> [6424 bytes]","args":[{"element-6066-11e4-a52e-4f735466cecf":"f.4EEDEA8BBD1FF6E0A028415A04A49F5E.d.5ECB800D5D1B1D4B8DF47A52ED020812.e.11403"},"setValue",["5/14/25"]]}
COMMAND: POST /session/ee8c0ad77c32eb6cf27ae9120157f0fa/element - {"using":"xpath","value":"//button[@data-kt=\"PickingTableConfirmAllButton\"]"}
RESULT: {"using":"xpath","value":"//button[@data-kt=\"PickingTableConfirmAllButton\"]"}
COMMAND: POST /session/ee8c0ad77c32eb6cf27ae9120157f0fa/element/f.4EEDEA8BBD1FF6E0A028415A04A49F5E.d.5ECB800D5D1B1D4B8DF47A52ED020812.e.11418/click - {}
RESULT: {}
COMMAND: GET /session/ee8c0ad77c32eb6cf27ae9120157f0fa/screenshot - {}
RESULT: {}
COMMAND: POST /session/ee8c0ad77c32eb6cf27ae9120157f0fa/element - {"using":"xpath","value":"//bdi[contains(text(), \"OK\")]"}
RESULT: {"using":"xpath","value":"//bdi[contains(text(), \"OK\")]"}
COMMAND: POST /session/ee8c0ad77c32eb6cf27ae9120157f0fa/element/f.4EEDEA8BBD1FF6E0A028415A04A49F5E.d.5ECB800D5D1B1D4B8DF47A52ED020812.e.11420/click - {}
RESULT: {}
COMMAND: GET /session/ee8c0ad77c32eb6cf27ae9120157f0fa/screenshot - {}
RESULT: {}
COMMAND: POST /session/ee8c0ad77c32eb6cf27ae9120157f0fa/element - {"using":"xpath","value":"(//bdi[contains(text(), \"Receive\")])[2]"}
RESULT: {"using":"xpath","value":"(//bdi[contains(text(), \"Receive\")])[2]"}
COMMAND: POST /session/ee8c0ad77c32eb6cf27ae9120157f0fa/element/f.4EEDEA8BBD1FF6E0A028415A04A49F5E.d.5ECB800D5D1B1D4B8DF47A52ED020812.e.11422/click - {}
RESULT: {}
COMMAND: GET /session/ee8c0ad77c32eb6cf27ae9120157f0fa/screenshot - {}
RESULT: {}
COMMAND: POST /session/ee8c0ad77c32eb6cf27ae9120157f0fa/element - {"using":"css selector","value":"#shell-header-logo"}
RESULT: {"using":"css selector","value":"#shell-header-logo"}
COMMAND: POST /session/ee8c0ad77c32eb6cf27ae9120157f0fa/element/f.4EEDEA8BBD1FF6E0A028415A04A49F5E.d.5ECB800D5D1B1D4B8DF47A52ED020812.e.10822/click - {}
RESULT: {}
COMMAND: GET /session/ee8c0ad77c32eb6cf27ae9120157f0fa/screenshot - {}
RESULT: {}
]]></system-out>
    </testcase>
    <testcase classname="chrome.136_0_7103_49.windows.Create_master_data_for_mixed_billing_&amp;_do_billing_calculation_US151661" name="Should create a new contract" time="66.194">
      <system-out><![CDATA[
COMMAND: POST /session/ee8c0ad77c32eb6cf27ae9120157f0fa/execute/async - {"script":"<script> [1562 bytes]","args":[{"selector":{"controlType":"sap.m.GenericTile","properties":{"header":"Manage Contracts"}},"wdio_ui5_key":"sapm.GenericTile{\"header\":\"Manage Contracts\"}"}]}
RESULT: {"script":"<script> [1562 bytes]","args":[{"selector":{"controlType":"sap.m.GenericTile","properties":{"header":"Manage Contracts"}},"wdio_ui5_key":"sapm.GenericTile{\"header\":\"Manage Contracts\"}"}]}
RESULT: undefined
COMMAND: POST /session/ee8c0ad77c32eb6cf27ae9120157f0fa/element - {"using":"xpath","value":"//*[@id=\"__tile130\"]"}
RESULT: {"using":"xpath","value":"//*[@id=\"__tile130\"]"}
COMMAND: POST /session/ee8c0ad77c32eb6cf27ae9120157f0fa/element/f.4EEDEA8BBD1FF6E0A028415A04A49F5E.d.5ECB800D5D1B1D4B8DF47A52ED020812.e.11595/click - {}
RESULT: {}
COMMAND: GET /session/ee8c0ad77c32eb6cf27ae9120157f0fa/screenshot - {}
RESULT: {}
COMMAND: POST /session/ee8c0ad77c32eb6cf27ae9120157f0fa/elements - {"using":"xpath","value":"//span[text()='Error']"}
RESULT: {"using":"xpath","value":"//span[text()='Error']"}
COMMAND: POST /session/ee8c0ad77c32eb6cf27ae9120157f0fa/element - {"using":"xpath","value":"//button[@data-kt=\"addButton\"]"}
RESULT: {"using":"xpath","value":"//button[@data-kt=\"addButton\"]"}
COMMAND: POST /session/ee8c0ad77c32eb6cf27ae9120157f0fa/elements - {"using":"xpath","value":"//button[@data-kt=\"addButton\"]"}
RESULT: {"using":"xpath","value":"//button[@data-kt=\"addButton\"]"}
COMMAND: POST /session/ee8c0ad77c32eb6cf27ae9120157f0fa/execute/sync - {"script":"<script> [8489 bytes]","args":[{"element-6066-11e4-a52e-4f735466cecf":"f.4EEDEA8BBD1FF6E0A028415A04A49F5E.d.5ECB800D5D1B1D4B8DF47A52ED020812.e.11647","ELEMENT":"f.4EEDEA8BBD1FF6E0A028415A04A49F5E.d.5ECB800D5D1B1D4B8DF47A52ED020812.e.11647"}]}
RESULT: {"script":"<script> [8489 bytes]","args":[{"element-6066-11e4-a52e-4f735466cecf":"f.4EEDEA8BBD1FF6E0A028415A04A49F5E.d.5ECB800D5D1B1D4B8DF47A52ED020812.e.11647","ELEMENT":"f.4EEDEA8BBD1FF6E0A028415A04A49F5E.d.5ECB800D5D1B1D4B8DF47A52ED020812.e.11647"}]}
COMMAND: GET /session/ee8c0ad77c32eb6cf27ae9120157f0fa/element/f.4EEDEA8BBD1FF6E0A028415A04A49F5E.d.5ECB800D5D1B1D4B8DF47A52ED020812.e.11647/enabled - {}
COMMAND: GET /session/ee8c0ad77c32eb6cf27ae9120157f0fa/screenshot - {}
RESULT: {}
COMMAND: POST /session/ee8c0ad77c32eb6cf27ae9120157f0fa/execute/sync - {"script":"<script> [8489 bytes]","args":[{"element-6066-11e4-a52e-4f735466cecf":"f.4EEDEA8BBD1FF6E0A028415A04A49F5E.d.5ECB800D5D1B1D4B8DF47A52ED020812.e.11647","ELEMENT":"f.4EEDEA8BBD1FF6E0A028415A04A49F5E.d.5ECB800D5D1B1D4B8DF47A52ED020812.e.11647"}]}
COMMAND: GET /session/ee8c0ad77c32eb6cf27ae9120157f0fa/screenshot - {}
RESULT: {}
RESULT: {"script":"<script> [8489 bytes]","args":[{"element-6066-11e4-a52e-4f735466cecf":"f.4EEDEA8BBD1FF6E0A028415A04A49F5E.d.5ECB800D5D1B1D4B8DF47A52ED020812.e.11647","ELEMENT":"f.4EEDEA8BBD1FF6E0A028415A04A49F5E.d.5ECB800D5D1B1D4B8DF47A52ED020812.e.11647"}]}
COMMAND: POST /session/ee8c0ad77c32eb6cf27ae9120157f0fa/execute/sync - {"script":"<script> [5351 bytes]","args":[{"element-6066-11e4-a52e-4f735466cecf":"f.4EEDEA8BBD1FF6E0A028415A04A49F5E.d.5ECB800D5D1B1D4B8DF47A52ED020812.e.11647","ELEMENT":"f.4EEDEA8BBD1FF6E0A028415A04A49F5E.d.5ECB800D5D1B1D4B8DF47A52ED020812.e.11647"}]}
COMMAND: GET /session/ee8c0ad77c32eb6cf27ae9120157f0fa/screenshot - {}
RESULT: {}
RESULT: {"script":"<script> [5351 bytes]","args":[{"element-6066-11e4-a52e-4f735466cecf":"f.4EEDEA8BBD1FF6E0A028415A04A49F5E.d.5ECB800D5D1B1D4B8DF47A52ED020812.e.11647","ELEMENT":"f.4EEDEA8BBD1FF6E0A028415A04A49F5E.d.5ECB800D5D1B1D4B8DF47A52ED020812.e.11647"}]}
COMMAND: GET /session/ee8c0ad77c32eb6cf27ae9120157f0fa/screenshot - {}
RESULT: {}
RESULT: {}
COMMAND: POST /session/ee8c0ad77c32eb6cf27ae9120157f0fa/element/f.4EEDEA8BBD1FF6E0A028415A04A49F5E.d.5ECB800D5D1B1D4B8DF47A52ED020812.e.11647/click - {}
RESULT: {}
COMMAND: GET /session/ee8c0ad77c32eb6cf27ae9120157f0fa/screenshot - {}
COMMAND: POST /session/ee8c0ad77c32eb6cf27ae9120157f0fa/execute/async - {"script":"<script> [1562 bytes]","args":[{"selector":{"id":"application-managecontracts-display-component---AddNewContract--projectDescription","interaction":{"idSuffix":"inner"}},"wdio_ui5_key":"applicationmanagecontracts-display-component---AddNewContract--projectDescription"}]}
RESULT: {}
RESULT: {"script":"<script> [1562 bytes]","args":[{"selector":{"id":"application-managecontracts-display-component---AddNewContract--projectDescription","interaction":{"idSuffix":"inner"}},"wdio_ui5_key":"applicationmanagecontracts-display-component---AddNewContract--projectDescription"}]}
RESULT: undefined
COMMAND: POST /session/ee8c0ad77c32eb6cf27ae9120157f0fa/execute/async - {"script":"<script> [776 bytes]","args":[{"enterText":"Mixed Contract WDIO","selector":{"id":"application-managecontracts-display-component---AddNewContract--projectDescription","interaction":{"idSuffix":"inner"}},"clearTextFirst":true,"interactionType":"ENTER_TEXT"}]}
RESULT: {"script":"<script> [776 bytes]","args":[{"enterText":"Mixed Contract WDIO","selector":{"id":"application-managecontracts-display-component---AddNewContract--projectDescription","interaction":{"idSuffix":"inner"}},"clearTextFirst":true,"interactionType":"ENTER_TEXT"}]}
COMMAND: POST /session/ee8c0ad77c32eb6cf27ae9120157f0fa/element - {"using":"xpath","value":"//input[@id=\"application-managecontracts-display-component---AddNewContract--site-inner\"]"}
RESULT: {"using":"xpath","value":"//input[@id=\"application-managecontracts-display-component---AddNewContract--site-inner\"]"}
COMMAND: POST /session/ee8c0ad77c32eb6cf27ae9120157f0fa/element/f.4EEDEA8BBD1FF6E0A028415A04A49F5E.d.5ECB800D5D1B1D4B8DF47A52ED020812.e.12003/clear - {}
RESULT: {}
COMMAND: POST /session/ee8c0ad77c32eb6cf27ae9120157f0fa/element/f.4EEDEA8BBD1FF6E0A028415A04A49F5E.d.5ECB800D5D1B1D4B8DF47A52ED020812.e.12003/value - {"text":"2151"}
COMMAND: GET /session/ee8c0ad77c32eb6cf27ae9120157f0fa/screenshot - {}
RESULT: {"text":"2151"}
COMMAND: GET /session/ee8c0ad77c32eb6cf27ae9120157f0fa/screenshot - {}
RESULT: {}
RESULT: {}
COMMAND: POST /session/ee8c0ad77c32eb6cf27ae9120157f0fa/element - {"using":"xpath","value":"//li[.//span[text()='2151']]"}
RESULT: {"using":"xpath","value":"//li[.//span[text()='2151']]"}
COMMAND: POST /session/ee8c0ad77c32eb6cf27ae9120157f0fa/element/f.4EEDEA8BBD1FF6E0A028415A04A49F5E.d.5ECB800D5D1B1D4B8DF47A52ED020812.e.12038/click - {}
RESULT: {}
COMMAND: GET /session/ee8c0ad77c32eb6cf27ae9120157f0fa/screenshot - {}
RESULT: {}
COMMAND: POST /session/ee8c0ad77c32eb6cf27ae9120157f0fa/element - {"using":"xpath","value":"//input[@id=\"application-managecontracts-display-component---AddNewContract--yardId-inner\"]"}
RESULT: {"using":"xpath","value":"//input[@id=\"application-managecontracts-display-component---AddNewContract--yardId-inner\"]"}
COMMAND: GET /session/ee8c0ad77c32eb6cf27ae9120157f0fa/element/f.4EEDEA8BBD1FF6E0A028415A04A49F5E.d.5ECB800D5D1B1D4B8DF47A52ED020812.e.12004/property/value - {}
RESULT: {}
COMMAND: POST /session/ee8c0ad77c32eb6cf27ae9120157f0fa/element - {"using":"xpath","value":"//input[@id=\"application-managecontracts-display-component---AddNewContract--customerSelect-inner\"]"}
RESULT: {"using":"xpath","value":"//input[@id=\"application-managecontracts-display-component---AddNewContract--customerSelect-inner\"]"}
COMMAND: POST /session/ee8c0ad77c32eb6cf27ae9120157f0fa/element/f.4EEDEA8BBD1FF6E0A028415A04A49F5E.d.5ECB800D5D1B1D4B8DF47A52ED020812.e.12002/clear - {}
RESULT: {}
COMMAND: POST /session/ee8c0ad77c32eb6cf27ae9120157f0fa/element/f.4EEDEA8BBD1FF6E0A028415A04A49F5E.d.5ECB800D5D1B1D4B8DF47A52ED020812.e.12002/value - {"text":"1184"}
COMMAND: GET /session/ee8c0ad77c32eb6cf27ae9120157f0fa/screenshot - {}
COMMAND: GET /session/ee8c0ad77c32eb6cf27ae9120157f0fa/screenshot - {}
RESULT: {"text":"1184"}
COMMAND: GET /session/ee8c0ad77c32eb6cf27ae9120157f0fa/screenshot - {}
RESULT: {}
RESULT: {}
RESULT: {}
COMMAND: POST /session/ee8c0ad77c32eb6cf27ae9120157f0fa/element - {"using":"xpath","value":"//li[.//span[text()='1184']]"}
RESULT: {"using":"xpath","value":"//li[.//span[text()='1184']]"}
COMMAND: POST /session/ee8c0ad77c32eb6cf27ae9120157f0fa/element/f.4EEDEA8BBD1FF6E0A028415A04A49F5E.d.5ECB800D5D1B1D4B8DF47A52ED020812.e.12041/click - {}
RESULT: {}
COMMAND: GET /session/ee8c0ad77c32eb6cf27ae9120157f0fa/screenshot - {}
RESULT: {}
COMMAND: POST /session/ee8c0ad77c32eb6cf27ae9120157f0fa/element - {"using":"xpath","value":"//button[@data-kt=\"saveButton\"]"}
RESULT: {"using":"xpath","value":"//button[@data-kt=\"saveButton\"]"}
COMMAND: POST /session/ee8c0ad77c32eb6cf27ae9120157f0fa/element/f.4EEDEA8BBD1FF6E0A028415A04A49F5E.d.5ECB800D5D1B1D4B8DF47A52ED020812.e.12042/click - {}
RESULT: {}
COMMAND: GET /session/ee8c0ad77c32eb6cf27ae9120157f0fa/screenshot - {}
RESULT: {}
COMMAND: POST /session/ee8c0ad77c32eb6cf27ae9120157f0fa/element - {"using":"xpath","value":"//span[contains(@id ,\"contractDetailTitleNoExpanded\")]"}
RESULT: {"using":"xpath","value":"//span[contains(@id ,\"contractDetailTitleNoExpanded\")]"}
COMMAND: POST /session/ee8c0ad77c32eb6cf27ae9120157f0fa/elements - {"using":"xpath","value":"//span[contains(@id ,\"contractDetailTitleNoExpanded\")]"}
RESULT: {"using":"xpath","value":"//span[contains(@id ,\"contractDetailTitleNoExpanded\")]"}
COMMAND: POST /session/ee8c0ad77c32eb6cf27ae9120157f0fa/execute/sync - {"script":"<script> [56 bytes]","args":[{"element-6066-11e4-a52e-4f735466cecf":"f.4EEDEA8BBD1FF6E0A028415A04A49F5E.d.5ECB800D5D1B1D4B8DF47A52ED020812.e.12072","ELEMENT":"f.4EEDEA8BBD1FF6E0A028415A04A49F5E.d.5ECB800D5D1B1D4B8DF47A52ED020812.e.12072"}]}
RESULT: {"script":"<script> [56 bytes]","args":[{"element-6066-11e4-a52e-4f735466cecf":"f.4EEDEA8BBD1FF6E0A028415A04A49F5E.d.5ECB800D5D1B1D4B8DF47A52ED020812.e.12072","ELEMENT":"f.4EEDEA8BBD1FF6E0A028415A04A49F5E.d.5ECB800D5D1B1D4B8DF47A52ED020812.e.12072"}]}
COMMAND: GET /session/ee8c0ad77c32eb6cf27ae9120157f0fa/screenshot - {}
RESULT: {}
]]></system-out>
    </testcase>
    <testcase classname="chrome.136_0_7103_49.windows.Create_master_data_for_mixed_billing_&amp;_do_billing_calculation_US151661" name="Should add equipment to the contract" time="48.945">
      <system-out><![CDATA[
COMMAND: POST /session/ee8c0ad77c32eb6cf27ae9120157f0fa/element - {"using":"xpath","value":"//button[@data-kt=\"contractDetailEditBtnButton\"]"}
RESULT: {"using":"xpath","value":"//button[@data-kt=\"contractDetailEditBtnButton\"]"}
COMMAND: POST /session/ee8c0ad77c32eb6cf27ae9120157f0fa/element/f.4EEDEA8BBD1FF6E0A028415A04A49F5E.d.5ECB800D5D1B1D4B8DF47A52ED020812.e.12073/click - {}
RESULT: {}
COMMAND: GET /session/ee8c0ad77c32eb6cf27ae9120157f0fa/screenshot - {}
RESULT: {}
COMMAND: POST /session/ee8c0ad77c32eb6cf27ae9120157f0fa/element - {"using":"xpath","value":"(//span[contains(text(), \"Additional Addresses\")])[2]"}
RESULT: {"using":"xpath","value":"(//span[contains(text(), \"Additional Addresses\")])[2]"}
COMMAND: POST /session/ee8c0ad77c32eb6cf27ae9120157f0fa/element/f.4EEDEA8BBD1FF6E0A028415A04A49F5E.d.5ECB800D5D1B1D4B8DF47A52ED020812.e.12128/click - {}
RESULT: {}
COMMAND: GET /session/ee8c0ad77c32eb6cf27ae9120157f0fa/screenshot - {}
RESULT: {}
COMMAND: POST /session/ee8c0ad77c32eb6cf27ae9120157f0fa/element - {"using":"xpath","value":"//button[@data-kt=\"btnAddTableRowOverflowToolbarButton\"]"}
RESULT: {"using":"xpath","value":"//button[@data-kt=\"btnAddTableRowOverflowToolbarButton\"]"}
COMMAND: POST /session/ee8c0ad77c32eb6cf27ae9120157f0fa/element/f.4EEDEA8BBD1FF6E0A028415A04A49F5E.d.5ECB800D5D1B1D4B8DF47A52ED020812.e.12133/click - {}
RESULT: {}
COMMAND: GET /session/ee8c0ad77c32eb6cf27ae9120157f0fa/screenshot - {}
RESULT: {}
COMMAND: POST /session/ee8c0ad77c32eb6cf27ae9120157f0fa/element - {"using":"xpath","value":"//div[(text() = 'Standard Entry' or . = 'Standard Entry')]"}
RESULT: {"using":"xpath","value":"//div[(text() = 'Standard Entry' or . = 'Standard Entry')]"}
COMMAND: POST /session/ee8c0ad77c32eb6cf27ae9120157f0fa/element/f.4EEDEA8BBD1FF6E0A028415A04A49F5E.d.5ECB800D5D1B1D4B8DF47A52ED020812.e.12134/click - {}
RESULT: {}
COMMAND: GET /session/ee8c0ad77c32eb6cf27ae9120157f0fa/screenshot - {}
RESULT: {}
COMMAND: POST /session/ee8c0ad77c32eb6cf27ae9120157f0fa/element - {"using":"xpath","value":"//td[7]/div/div/input"}
RESULT: {"using":"xpath","value":"//td[7]/div/div/input"}
COMMAND: POST /session/ee8c0ad77c32eb6cf27ae9120157f0fa/element/f.4EEDEA8BBD1FF6E0A028415A04A49F5E.d.5ECB800D5D1B1D4B8DF47A52ED020812.e.12143/clear - {}
RESULT: {}
COMMAND: POST /session/ee8c0ad77c32eb6cf27ae9120157f0fa/element/f.4EEDEA8BBD1FF6E0A028415A04A49F5E.d.5ECB800D5D1B1D4B8DF47A52ED020812.e.12143/value - {"text":"8Ugqut2yz5"}
COMMAND: GET /session/ee8c0ad77c32eb6cf27ae9120157f0fa/screenshot - {}
RESULT: {"text":"8Ugqut2yz5"}
COMMAND: GET /session/ee8c0ad77c32eb6cf27ae9120157f0fa/screenshot - {}
RESULT: {}
RESULT: {}
COMMAND: POST /session/ee8c0ad77c32eb6cf27ae9120157f0fa/actions - {"actions":[{"id":"action45","type":"key","parameters":{},"actions":[{"type":"keyDown","value":"î€‡"},{"type":"pause","duration":10},{"type":"keyUp","value":"î€‡"}]}]}
RESULT: {"actions":[{"id":"action45","type":"key","parameters":{},"actions":[{"type":"keyDown","value":"î€‡"},{"type":"pause","duration":10},{"type":"keyUp","value":"î€‡"}]}]}
COMMAND: GET /session/ee8c0ad77c32eb6cf27ae9120157f0fa/screenshot - {}
COMMAND: POST /session/ee8c0ad77c32eb6cf27ae9120157f0fa/execute/sync - {"script":"<script> [276 bytes]","args":["No pricing information was found"]}
RESULT: {}
RESULT: {"script":"<script> [276 bytes]","args":["No pricing information was found"]}
COMMAND: POST /session/ee8c0ad77c32eb6cf27ae9120157f0fa/element - {"using":"xpath","value":"(//button[@data-kt=\"saveButton\"])[2]"}
COMMAND: GET /session/ee8c0ad77c32eb6cf27ae9120157f0fa/screenshot - {}
RESULT: {"using":"xpath","value":"(//button[@data-kt=\"saveButton\"])[2]"}
COMMAND: POST /session/ee8c0ad77c32eb6cf27ae9120157f0fa/element/f.4EEDEA8BBD1FF6E0A028415A04A49F5E.d.5ECB800D5D1B1D4B8DF47A52ED020812.e.12158/click - {}
RESULT: {}
RESULT: {}
COMMAND: GET /session/ee8c0ad77c32eb6cf27ae9120157f0fa/screenshot - {}
RESULT: {}
COMMAND: POST /session/ee8c0ad77c32eb6cf27ae9120157f0fa/execute/sync - {"script":"<script> [276 bytes]","args":["Some contract items are having rental validity exceeding header rental validity"]}
RESULT: {"script":"<script> [276 bytes]","args":["Some contract items are having rental validity exceeding header rental validity"]}
COMMAND: GET /session/ee8c0ad77c32eb6cf27ae9120157f0fa/screenshot - {}
RESULT: {}
COMMAND: POST /session/ee8c0ad77c32eb6cf27ae9120157f0fa/element - {"using":"xpath","value":"//span[contains(@id ,\"contractItemsSmartTable-header-inner\")]"}
RESULT: {"using":"xpath","value":"//span[contains(@id ,\"contractItemsSmartTable-header-inner\")]"}
COMMAND: POST /session/ee8c0ad77c32eb6cf27ae9120157f0fa/elements - {"using":"xpath","value":"//span[contains(@id ,\"contractItemsSmartTable-header-inner\")]"}
RESULT: {"using":"xpath","value":"//span[contains(@id ,\"contractItemsSmartTable-header-inner\")]"}
COMMAND: POST /session/ee8c0ad77c32eb6cf27ae9120157f0fa/execute/sync - {"script":"<script> [56 bytes]","args":[{"element-6066-11e4-a52e-4f735466cecf":"f.4EEDEA8BBD1FF6E0A028415A04A49F5E.d.5ECB800D5D1B1D4B8DF47A52ED020812.e.12165","ELEMENT":"f.4EEDEA8BBD1FF6E0A028415A04A49F5E.d.5ECB800D5D1B1D4B8DF47A52ED020812.e.12165"}]}
RESULT: {"script":"<script> [56 bytes]","args":[{"element-6066-11e4-a52e-4f735466cecf":"f.4EEDEA8BBD1FF6E0A028415A04A49F5E.d.5ECB800D5D1B1D4B8DF47A52ED020812.e.12165","ELEMENT":"f.4EEDEA8BBD1FF6E0A028415A04A49F5E.d.5ECB800D5D1B1D4B8DF47A52ED020812.e.12165"}]}
COMMAND: GET /session/ee8c0ad77c32eb6cf27ae9120157f0fa/screenshot - {}
]]></system-out>
    </testcase>
    <testcase classname="chrome.136_0_7103_49.windows.Create_master_data_for_mixed_billing_&amp;_do_billing_calculation_US151661" name="Should do a provide to site handover" time="79.531">
      <system-out><![CDATA[
COMMAND: POST /session/ee8c0ad77c32eb6cf27ae9120157f0fa/element - {"using":"xpath","value":"//button[@data-kt=\"provideButton\"]"}
RESULT: {}
RESULT: {"using":"xpath","value":"//button[@data-kt=\"provideButton\"]"}
COMMAND: POST /session/ee8c0ad77c32eb6cf27ae9120157f0fa/element/f.4EEDEA8BBD1FF6E0A028415A04A49F5E.d.5ECB800D5D1B1D4B8DF47A52ED020812.e.12166/click - {}
RESULT: {}
COMMAND: GET /session/ee8c0ad77c32eb6cf27ae9120157f0fa/screenshot - {}
RESULT: {}
RESULT: undefined
COMMAND: POST /session/ee8c0ad77c32eb6cf27ae9120157f0fa/execute/async - {"script":"<script> [6424 bytes]","args":[{"element-6066-11e4-a52e-4f735466cecf":"f.4EEDEA8BBD1FF6E0A028415A04A49F5E.d.5ECB800D5D1B1D4B8DF47A52ED020812.e.11198"},"setValue",["5/14/25"]]}
COMMAND: POST /session/ee8c0ad77c32eb6cf27ae9120157f0fa/execute/async - {"script":"<script> [1562 bytes]","args":[{"selector":{"id":"application-managehandovers-display-component---AddNewHO--dueDate","interaction":{"idSuffix":"inner"}},"wdio_ui5_key":"applicationmanagehandovers-display-component---AddNewHO--dueDate"}]}
RESULT: {"script":"<script> [1562 bytes]","args":[{"selector":{"id":"application-managehandovers-display-component---AddNewHO--dueDate","interaction":{"idSuffix":"inner"}},"wdio_ui5_key":"applicationmanagehandovers-display-component---AddNewHO--dueDate"}]}
COMMAND: POST /session/ee8c0ad77c32eb6cf27ae9120157f0fa/execute/async - {"script":"<script> [6424 bytes]","args":[{"element-6066-11e4-a52e-4f735466cecf":"f.4EEDEA8BBD1FF6E0A028415A04A49F5E.d.5ECB800D5D1B1D4B8DF47A52ED020812.e.12223"},"setValue",["5/14/25"]]}
RESULT: {"script":"<script> [6424 bytes]","args":[{"element-6066-11e4-a52e-4f735466cecf":"f.4EEDEA8BBD1FF6E0A028415A04A49F5E.d.5ECB800D5D1B1D4B8DF47A52ED020812.e.12223"},"setValue",["5/14/25"]]}
COMMAND: POST /session/ee8c0ad77c32eb6cf27ae9120157f0fa/element - {"using":"xpath","value":"//bdi[contains(text(), \"Instructions\")]"}
RESULT: {"using":"xpath","value":"//bdi[contains(text(), \"Instructions\")]"}
COMMAND: POST /session/ee8c0ad77c32eb6cf27ae9120157f0fa/element/f.4EEDEA8BBD1FF6E0A028415A04A49F5E.d.5ECB800D5D1B1D4B8DF47A52ED020812.e.12440/click - {}
RESULT: {}
COMMAND: GET /session/ee8c0ad77c32eb6cf27ae9120157f0fa/screenshot - {}
RESULT: {}
COMMAND: POST /session/ee8c0ad77c32eb6cf27ae9120157f0fa/element - {"using":"xpath","value":"//button[@data-kt=\"AddNewHOProvideAddItemsButton\"]"}
RESULT: {"using":"xpath","value":"//button[@data-kt=\"AddNewHOProvideAddItemsButton\"]"}
COMMAND: POST /session/ee8c0ad77c32eb6cf27ae9120157f0fa/element/f.4EEDEA8BBD1FF6E0A028415A04A49F5E.d.5ECB800D5D1B1D4B8DF47A52ED020812.e.12444/click - {}
RESULT: {}
COMMAND: GET /session/ee8c0ad77c32eb6cf27ae9120157f0fa/screenshot - {}
RESULT: {}
RESULT: undefined
COMMAND: POST /session/ee8c0ad77c32eb6cf27ae9120157f0fa/element - {"using":"xpath","value":"//*[@id=\"application-managehandovers-display-component---AddNewHO--popup-sa\"]"}
RESULT: {"using":"xpath","value":"//*[@id=\"application-managehandovers-display-component---AddNewHO--popup-sa\"]"}
COMMAND: POST /session/ee8c0ad77c32eb6cf27ae9120157f0fa/element/f.4EEDEA8BBD1FF6E0A028415A04A49F5E.d.5ECB800D5D1B1D4B8DF47A52ED020812.e.12459/click - {}
RESULT: {}
COMMAND: GET /session/ee8c0ad77c32eb6cf27ae9120157f0fa/screenshot - {}
RESULT: {}
COMMAND: POST /session/ee8c0ad77c32eb6cf27ae9120157f0fa/element - {"using":"xpath","value":"//*[contains(@id ,\"BDI-content\")][contains(text(), \"Select\")]"}
RESULT: {"using":"xpath","value":"//*[contains(@id ,\"BDI-content\")][contains(text(), \"Select\")]"}
COMMAND: POST /session/ee8c0ad77c32eb6cf27ae9120157f0fa/element/f.4EEDEA8BBD1FF6E0A028415A04A49F5E.d.5ECB800D5D1B1D4B8DF47A52ED020812.e.12461/click - {}
RESULT: {}
COMMAND: GET /session/ee8c0ad77c32eb6cf27ae9120157f0fa/screenshot - {}
RESULT: {}
COMMAND: POST /session/ee8c0ad77c32eb6cf27ae9120157f0fa/execute/async - {"script":"<script> [1562 bytes]","args":[{"selector":{"id":"application-managehandovers-display-component---AddNewHO--confirmCreationButton","interaction":{"idSuffix":"BDI-content"}},"wdio_ui5_key":"applicationmanagehandovers-display-component---AddNewHO--confirmCreationButton"}]}
RESULT: {"script":"<script> [1562 bytes]","args":[{"selector":{"id":"application-managehandovers-display-component---AddNewHO--confirmCreationButton","interaction":{"idSuffix":"BDI-content"}},"wdio_ui5_key":"applicationmanagehandovers-display-component---AddNewHO--confirmCreationButton"}]}
RESULT: undefined
COMMAND: POST /session/ee8c0ad77c32eb6cf27ae9120157f0fa/element - {"using":"xpath","value":"//*[@id=\"application-managehandovers-display-component---AddNewHO--confirmCreationButton\"]"}
RESULT: {"using":"xpath","value":"//*[@id=\"application-managehandovers-display-component---AddNewHO--confirmCreationButton\"]"}
COMMAND: POST /session/ee8c0ad77c32eb6cf27ae9120157f0fa/element/f.4EEDEA8BBD1FF6E0A028415A04A49F5E.d.5ECB800D5D1B1D4B8DF47A52ED020812.e.12258/click - {}
RESULT: {}
COMMAND: GET /session/ee8c0ad77c32eb6cf27ae9120157f0fa/screenshot - {}
RESULT: {}
COMMAND: POST /session/ee8c0ad77c32eb6cf27ae9120157f0fa/execute/async - {"script":"<script> [1562 bytes]","args":[{"selector":{"id":"issueDatePicker","viewName":"etm.portal.ui.managehandovers.view.DetailExecuteHO","interaction":{"idSuffix":"inner"}},"wdio_ui5_key":"issueDatePickeretmportal.ui.managehandovers.view.DetailExecuteHO"}]}
RESULT: {"script":"<script> [1562 bytes]","args":[{"selector":{"id":"issueDatePicker","viewName":"etm.portal.ui.managehandovers.view.DetailExecuteHO","interaction":{"idSuffix":"inner"}},"wdio_ui5_key":"issueDatePickeretmportal.ui.managehandovers.view.DetailExecuteHO"}]}
RESULT: undefined
COMMAND: POST /session/ee8c0ad77c32eb6cf27ae9120157f0fa/execute/async - {"script":"<script> [776 bytes]","args":[{"enterText":"5/14/25","selector":{"id":"issueDatePicker","viewName":"etm.portal.ui.managehandovers.view.DetailExecuteHO","interaction":{"idSuffix":"inner"}},"clearTextFirst":true,"interactionType":"ENTER_TEXT"}]}
RESULT: {"script":"<script> [776 bytes]","args":[{"enterText":"5/14/25","selector":{"id":"issueDatePicker","viewName":"etm.portal.ui.managehandovers.view.DetailExecuteHO","interaction":{"idSuffix":"inner"}},"clearTextFirst":true,"interactionType":"ENTER_TEXT"}]}
COMMAND: POST /session/ee8c0ad77c32eb6cf27ae9120157f0fa/element - {"using":"xpath","value":"//bdi[contains(text(), \"OK\")]"}
RESULT: {"using":"xpath","value":"//bdi[contains(text(), \"OK\")]"}
COMMAND: POST /session/ee8c0ad77c32eb6cf27ae9120157f0fa/element/f.4EEDEA8BBD1FF6E0A028415A04A49F5E.d.5ECB800D5D1B1D4B8DF47A52ED020812.e.12510/click - {}
RESULT: {}
COMMAND: GET /session/ee8c0ad77c32eb6cf27ae9120157f0fa/screenshot - {}
RESULT: {}
COMMAND: POST /session/ee8c0ad77c32eb6cf27ae9120157f0fa/element - {"using":"xpath","value":"//button[@data-kt=\"PickingTableConfirmAllButton\"]"}
RESULT: {"using":"xpath","value":"//button[@data-kt=\"PickingTableConfirmAllButton\"]"}
COMMAND: POST /session/ee8c0ad77c32eb6cf27ae9120157f0fa/element/f.4EEDEA8BBD1FF6E0A028415A04A49F5E.d.5ECB800D5D1B1D4B8DF47A52ED020812.e.12518/click - {}
RESULT: {}
COMMAND: GET /session/ee8c0ad77c32eb6cf27ae9120157f0fa/screenshot - {}
RESULT: {}
COMMAND: POST /session/ee8c0ad77c32eb6cf27ae9120157f0fa/element - {"using":"xpath","value":"//bdi[contains(text(), \"OK\")]"}
RESULT: {"using":"xpath","value":"//bdi[contains(text(), \"OK\")]"}
COMMAND: POST /session/ee8c0ad77c32eb6cf27ae9120157f0fa/element/f.4EEDEA8BBD1FF6E0A028415A04A49F5E.d.5ECB800D5D1B1D4B8DF47A52ED020812.e.12522/click - {}
RESULT: {}
COMMAND: GET /session/ee8c0ad77c32eb6cf27ae9120157f0fa/screenshot - {}
RESULT: {}
COMMAND: POST /session/ee8c0ad77c32eb6cf27ae9120157f0fa/element - {"using":"xpath","value":"//bdi[contains(text(), \"Issue\")]"}
RESULT: {"using":"xpath","value":"//bdi[contains(text(), \"Issue\")]"}
COMMAND: POST /session/ee8c0ad77c32eb6cf27ae9120157f0fa/element/f.4EEDEA8BBD1FF6E0A028415A04A49F5E.d.5ECB800D5D1B1D4B8DF47A52ED020812.e.12523/click - {}
RESULT: {}
COMMAND: GET /session/ee8c0ad77c32eb6cf27ae9120157f0fa/screenshot - {}
RESULT: {}
COMMAND: POST /session/ee8c0ad77c32eb6cf27ae9120157f0fa/element - {"using":"css selector","value":"#shell-header-logo"}
RESULT: {"using":"css selector","value":"#shell-header-logo"}
COMMAND: POST /session/ee8c0ad77c32eb6cf27ae9120157f0fa/element/f.4EEDEA8BBD1FF6E0A028415A04A49F5E.d.5ECB800D5D1B1D4B8DF47A52ED020812.e.11597/click - {}
RESULT: {}
COMMAND: GET /session/ee8c0ad77c32eb6cf27ae9120157f0fa/screenshot - {}
RESULT: {}
]]></system-out>
    </testcase>
    <testcase classname="chrome.136_0_7103_49.windows.Create_master_data_for_mixed_billing_&amp;_do_billing_calculation_US151661" name="Should create a few performance documents" time="111.17">
      <system-out><![CDATA[
COMMAND: POST /session/ee8c0ad77c32eb6cf27ae9120157f0fa/execute/async - {"script":"<script> [1562 bytes]","args":[{"selector":{"controlType":"sap.m.GenericTile","properties":{"header":"Manage States & Performance"}},"wdio_ui5_key":"sapm.GenericTile{\"header\":\"Manage States & Performance\"}"}]}
RESULT: {"script":"<script> [1562 bytes]","args":[{"selector":{"controlType":"sap.m.GenericTile","properties":{"header":"Manage States & Performance"}},"wdio_ui5_key":"sapm.GenericTile{\"header\":\"Manage States & Performance\"}"}]}
RESULT: undefined
COMMAND: POST /session/ee8c0ad77c32eb6cf27ae9120157f0fa/element - {"using":"xpath","value":"//*[@id=\"__tile56\"]"}
RESULT: {"using":"xpath","value":"//*[@id=\"__tile56\"]"}
COMMAND: POST /session/ee8c0ad77c32eb6cf27ae9120157f0fa/element/f.4EEDEA8BBD1FF6E0A028415A04A49F5E.d.5ECB800D5D1B1D4B8DF47A52ED020812.e.6080/click - {}
RESULT: {}
COMMAND: GET /session/ee8c0ad77c32eb6cf27ae9120157f0fa/screenshot - {}
RESULT: {}
COMMAND: POST /session/ee8c0ad77c32eb6cf27ae9120157f0fa/elements - {"using":"xpath","value":"//span[text()='Error']"}
RESULT: {"using":"xpath","value":"//span[text()='Error']"}
COMMAND: POST /session/ee8c0ad77c32eb6cf27ae9120157f0fa/execute/async - {"script":"<script> [1562 bytes]","args":[{"selector":{"id":"application-managestatesandperformance-display-component---stateAndPerform--smartFilterBarResources-btnBasicSearch","interaction":{"idSuffix":"I"}},"wdio_ui5_key":"applicationmanagestatesandperformance-display-component---stateAndPerform--smartFilterBarResources-btnBasicSearch"}]}
RESULT: {"script":"<script> [1562 bytes]","args":[{"selector":{"id":"application-managestatesandperformance-display-component---stateAndPerform--smartFilterBarResources-btnBasicSearch","interaction":{"idSuffix":"I"}},"wdio_ui5_key":"applicationmanagestatesandperformance-display-component---stateAndPerform--smartFilterBarResources-btnBasicSearch"}]}
RESULT: undefined
COMMAND: POST /session/ee8c0ad77c32eb6cf27ae9120157f0fa/execute/async - {"script":"<script> [776 bytes]","args":[{"enterText":"8Ugqut2yz5","selector":{"id":"application-managestatesandperformance-display-component---stateAndPerform--smartFilterBarResources-btnBasicSearch","interaction":{"idSuffix":"I"}},"clearTextFirst":true,"interactionType":"ENTER_TEXT"}]}
RESULT: {"script":"<script> [776 bytes]","args":[{"enterText":"8Ugqut2yz5","selector":{"id":"application-managestatesandperformance-display-component---stateAndPerform--smartFilterBarResources-btnBasicSearch","interaction":{"idSuffix":"I"}},"clearTextFirst":true,"interactionType":"ENTER_TEXT"}]}
COMMAND: POST /session/ee8c0ad77c32eb6cf27ae9120157f0fa/actions - {"actions":[{"id":"action46","type":"key","parameters":{},"actions":[{"type":"keyDown","value":"î€‡"},{"type":"pause","duration":10},{"type":"keyUp","value":"î€‡"}]}]}
RESULT: {"actions":[{"id":"action46","type":"key","parameters":{},"actions":[{"type":"keyDown","value":"î€‡"},{"type":"pause","duration":10},{"type":"keyUp","value":"î€‡"}]}]}
COMMAND: GET /session/ee8c0ad77c32eb6cf27ae9120157f0fa/screenshot - {}
RESULT: {}
COMMAND: POST /session/ee8c0ad77c32eb6cf27ae9120157f0fa/execute/async - {"script":"<script> [1562 bytes]","args":[{"selector":{"id":"application-managestatesandperformance-display-component---stateAndPerform--stateAndPerformResourcesSmartTable-header"},"wdio_ui5_key":"applicationmanagestatesandperformance-display-component---stateAndPerform--stateAndPerformResourcesSmartTable-header"}]}
RESULT: {"script":"<script> [1562 bytes]","args":[{"selector":{"id":"application-managestatesandperformance-display-component---stateAndPerform--stateAndPerformResourcesSmartTable-header"},"wdio_ui5_key":"applicationmanagestatesandperformance-display-component---stateAndPerform--stateAndPerformResourcesSmartTable-header"}]}
RESULT: undefined
COMMAND: POST /session/ee8c0ad77c32eb6cf27ae9120157f0fa/execute/async - {"script":"<script> [6424 bytes]","args":[{"element-6066-11e4-a52e-4f735466cecf":"f.4EEDEA8BBD1FF6E0A028415A04A49F5E.d.5ECB800D5D1B1D4B8DF47A52ED020812.e.12928"},"getText",[]]}
RESULT: {"script":"<script> [6424 bytes]","args":[{"element-6066-11e4-a52e-4f735466cecf":"f.4EEDEA8BBD1FF6E0A028415A04A49F5E.d.5ECB800D5D1B1D4B8DF47A52ED020812.e.12928"},"getText",[]]}
COMMAND: POST /session/ee8c0ad77c32eb6cf27ae9120157f0fa/execute/async - {"script":"<script> [1562 bytes]","args":[{"selector":{"controlType":"sap.ui.core.Icon","viewName":"etm.portal.ui.managestatesandperformance.view.Master","viewId":"application-managestatesandperformance-display-component---stateAndPerform","properties":{"src":{"regex":{"source":"slim\\-arrow\\-right"}}}},"wdio_ui5_key":"etmportal.ui.managestatesandperformance.view.Mastersap.ui.core.Icon{\"src\":{\"regex\":{\"source\":\"slim\\\\-arrow\\\\-right\"}}}"}]}
RESULT: {"script":"<script> [1562 bytes]","args":[{"selector":{"controlType":"sap.ui.core.Icon","viewName":"etm.portal.ui.managestatesandperformance.view.Master","viewId":"application-managestatesandperformance-display-component---stateAndPerform","properties":{"src":{"regex":{"source":"slim\\-arrow\\-right"}}}},"wdio_ui5_key":"etmportal.ui.managestatesandperformance.view.Mastersap.ui.core.Icon{\"src\":{\"regex\":{\"source\":\"slim\\\\-arrow\\\\-right\"}}}"}]}
RESULT: undefined
COMMAND: POST /session/ee8c0ad77c32eb6cf27ae9120157f0fa/element - {"using":"xpath","value":"//*[@id=\"__item3638-__clone14609-imgNav\"]"}
RESULT: {"using":"xpath","value":"//*[@id=\"__item3638-__clone14609-imgNav\"]"}
COMMAND: POST /session/ee8c0ad77c32eb6cf27ae9120157f0fa/element/f.4EEDEA8BBD1FF6E0A028415A04A49F5E.d.5ECB800D5D1B1D4B8DF47A52ED020812.e.12927/click - {}
RESULT: {}
COMMAND: GET /session/ee8c0ad77c32eb6cf27ae9120157f0fa/screenshot - {}
RESULT: {}
COMMAND: POST /session/ee8c0ad77c32eb6cf27ae9120157f0fa/execute/async - {"script":"<script> [1562 bytes]","args":[{"selector":{"controlType":"sap.m.Button","viewName":"etm.portal.ui.managestatesandperformance.view.Detail","viewId":"application-managestatesandperformance-display-component---detailStateAndPerform","properties":{"text":"Performance Documents"}},"wdio_ui5_key":"etmportal.ui.managestatesandperformance.view.Detailsap.m.Button{\"text\":\"Performance Documents\"}"}]}
RESULT: {"script":"<script> [1562 bytes]","args":[{"selector":{"controlType":"sap.m.Button","viewName":"etm.portal.ui.managestatesandperformance.view.Detail","viewId":"application-managestatesandperformance-display-component---detailStateAndPerform","properties":{"text":"Performance Documents"}},"wdio_ui5_key":"etmportal.ui.managestatesandperformance.view.Detailsap.m.Button{\"text\":\"Performance Documents\"}"}]}
RESULT: undefined
COMMAND: POST /session/ee8c0ad77c32eb6cf27ae9120157f0fa/element - {"using":"xpath","value":"//*[@id=\"__item3661-button\"]"}
RESULT: {"using":"xpath","value":"//*[@id=\"__item3661-button\"]"}
COMMAND: POST /session/ee8c0ad77c32eb6cf27ae9120157f0fa/element/f.4EEDEA8BBD1FF6E0A028415A04A49F5E.d.5ECB800D5D1B1D4B8DF47A52ED020812.e.12973/click - {}
RESULT: {}
COMMAND: POST /session/ee8c0ad77c32eb6cf27ae9120157f0fa/execute/async - {"script":"<script> [1562 bytes]","args":[{"selector":{"controlType":"sap.m.Button","viewName":"etm.portal.ui.managestatesandperformance.view.Detail","viewId":"application-managestatesandperformance-display-component---detailStateAndPerform","i18NText":{"propertyName":"text","key":"createPerformanceDoc"},"interaction":{"idSuffix":"BDI-content"}},"wdio_ui5_key":"etmportal.ui.managestatesandperformance.view.Detailsap.m.Button{\"propertyName\":\"text\",\"key\":\"createPerformanceDoc\"}"}]}
COMMAND: GET /session/ee8c0ad77c32eb6cf27ae9120157f0fa/screenshot - {}
RESULT: {"script":"<script> [1562 bytes]","args":[{"selector":{"controlType":"sap.m.Button","viewName":"etm.portal.ui.managestatesandperformance.view.Detail","viewId":"application-managestatesandperformance-display-component---detailStateAndPerform","i18NText":{"propertyName":"text","key":"createPerformanceDoc"},"interaction":{"idSuffix":"BDI-content"}},"wdio_ui5_key":"etmportal.ui.managestatesandperformance.view.Detailsap.m.Button{\"propertyName\":\"text\",\"key\":\"createPerformanceDoc\"}"}]}
RESULT: undefined
COMMAND: POST /session/ee8c0ad77c32eb6cf27ae9120157f0fa/element - {"using":"xpath","value":"//*[@id=\"__button494\"]"}
RESULT: {}
RESULT: {"using":"xpath","value":"//*[@id=\"__button494\"]"}
COMMAND: POST /session/ee8c0ad77c32eb6cf27ae9120157f0fa/element/f.4EEDEA8BBD1FF6E0A028415A04A49F5E.d.5ECB800D5D1B1D4B8DF47A52ED020812.e.12976/click - {}
RESULT: {}
COMMAND: POST /session/ee8c0ad77c32eb6cf27ae9120157f0fa/execute/async - {"script":"<script> [1562 bytes]","args":[{"selector":{"id":"application-managestatesandperformance-display-component---detailStateAndPerform--perfDocDatePicker","searchOpenDialogs":true,"interaction":{"idSuffix":"inner"}},"wdio_ui5_key":"applicationmanagestatesandperformance-display-component---detailStateAndPerform--perfDocDatePicker"}]}
COMMAND: GET /session/ee8c0ad77c32eb6cf27ae9120157f0fa/screenshot - {}
RESULT: {"script":"<script> [1562 bytes]","args":[{"selector":{"id":"application-managestatesandperformance-display-component---detailStateAndPerform--perfDocDatePicker","searchOpenDialogs":true,"interaction":{"idSuffix":"inner"}},"wdio_ui5_key":"applicationmanagestatesandperformance-display-component---detailStateAndPerform--perfDocDatePicker"}]}
RESULT: undefined
COMMAND: POST /session/ee8c0ad77c32eb6cf27ae9120157f0fa/execute/async - {"script":"<script> [776 bytes]","args":[{"enterText":"5/16/25","selector":{"id":"application-managestatesandperformance-display-component---detailStateAndPerform--perfDocDatePicker","searchOpenDialogs":true,"interaction":{"idSuffix":"inner"}},"clearTextFirst":true,"interactionType":"ENTER_TEXT"}]}
RESULT: {}
RESULT: {"script":"<script> [776 bytes]","args":[{"enterText":"5/16/25","selector":{"id":"application-managestatesandperformance-display-component---detailStateAndPerform--perfDocDatePicker","searchOpenDialogs":true,"interaction":{"idSuffix":"inner"}},"clearTextFirst":true,"interactionType":"ENTER_TEXT"}]}
COMMAND: POST /session/ee8c0ad77c32eb6cf27ae9120157f0fa/execute/async - {"script":"<script> [1562 bytes]","args":[{"selector":{"id":"application-managestatesandperformance-display-component---detailStateAndPerform--counterValue-input","searchOpenDialogs":true,"interaction":{"idSuffix":"inner"}},"wdio_ui5_key":"applicationmanagestatesandperformance-display-component---detailStateAndPerform--counterValue-input"}]}
RESULT: {"script":"<script> [1562 bytes]","args":[{"selector":{"id":"application-managestatesandperformance-display-component---detailStateAndPerform--counterValue-input","searchOpenDialogs":true,"interaction":{"idSuffix":"inner"}},"wdio_ui5_key":"applicationmanagestatesandperformance-display-component---detailStateAndPerform--counterValue-input"}]}
RESULT: undefined
COMMAND: POST /session/ee8c0ad77c32eb6cf27ae9120157f0fa/execute/async - {"script":"<script> [776 bytes]","args":[{"enterText":"15.00","selector":{"id":"application-managestatesandperformance-display-component---detailStateAndPerform--counterValue-input","searchOpenDialogs":true,"interaction":{"idSuffix":"inner"}},"clearTextFirst":true,"interactionType":"ENTER_TEXT"}]}
RESULT: {"script":"<script> [776 bytes]","args":[{"enterText":"15.00","selector":{"id":"application-managestatesandperformance-display-component---detailStateAndPerform--counterValue-input","searchOpenDialogs":true,"interaction":{"idSuffix":"inner"}},"clearTextFirst":true,"interactionType":"ENTER_TEXT"}]}
COMMAND: POST /session/ee8c0ad77c32eb6cf27ae9120157f0fa/execute/async - {"script":"<script> [1562 bytes]","args":[{"selector":{"controlType":"sap.m.Button","viewName":"etm.portal.ui.managestatesandperformance.view.Detail","viewId":"application-managestatesandperformance-display-component---detailStateAndPerform","bindingPath":{"path":"","propertyPath":"/allowAddEdit","modelName":"oScreenModel"},"searchOpenDialogs":true,"interaction":{"idSuffix":"BDI-content"}},"wdio_ui5_key":"etmportal.ui.managestatesandperformance.view.Detailsap.m.Button{\"path\":\"\",\"propertyPath\":\"/allowAddEdit\",\"modelName\":\"oScreenModel\"}"}]}
RESULT: {"script":"<script> [1562 bytes]","args":[{"selector":{"controlType":"sap.m.Button","viewName":"etm.portal.ui.managestatesandperformance.view.Detail","viewId":"application-managestatesandperformance-display-component---detailStateAndPerform","bindingPath":{"path":"","propertyPath":"/allowAddEdit","modelName":"oScreenModel"},"searchOpenDialogs":true,"interaction":{"idSuffix":"BDI-content"}},"wdio_ui5_key":"etmportal.ui.managestatesandperformance.view.Detailsap.m.Button{\"path\":\"\",\"propertyPath\":\"/allowAddEdit\",\"modelName\":\"oScreenModel\"}"}]}
RESULT: undefined
COMMAND: POST /session/ee8c0ad77c32eb6cf27ae9120157f0fa/element - {"using":"xpath","value":"//*[@id=\"__button501\"]"}
RESULT: {"using":"xpath","value":"//*[@id=\"__button501\"]"}
COMMAND: POST /session/ee8c0ad77c32eb6cf27ae9120157f0fa/element/f.4EEDEA8BBD1FF6E0A028415A04A49F5E.d.5ECB800D5D1B1D4B8DF47A52ED020812.e.12996/click - {}
RESULT: {}
RESULT: undefined
COMMAND: POST /session/ee8c0ad77c32eb6cf27ae9120157f0fa/element - {"using":"xpath","value":"//*[@id=\"__button494\"]"}
COMMAND: GET /session/ee8c0ad77c32eb6cf27ae9120157f0fa/screenshot - {}
RESULT: {"using":"xpath","value":"//*[@id=\"__button494\"]"}
COMMAND: POST /session/ee8c0ad77c32eb6cf27ae9120157f0fa/element/f.4EEDEA8BBD1FF6E0A028415A04A49F5E.d.5ECB800D5D1B1D4B8DF47A52ED020812.e.12976/click - {}
RESULT: {}
RESULT: {}
RESULT: undefined
COMMAND: POST /session/ee8c0ad77c32eb6cf27ae9120157f0fa/execute/async - {"script":"<script> [776 bytes]","args":[{"enterText":"5/20/25","selector":{"id":"application-managestatesandperformance-display-component---detailStateAndPerform--perfDocDatePicker","searchOpenDialogs":true,"interaction":{"idSuffix":"inner"}},"clearTextFirst":true,"interactionType":"ENTER_TEXT"}]}
COMMAND: GET /session/ee8c0ad77c32eb6cf27ae9120157f0fa/screenshot - {}
RESULT: {"script":"<script> [776 bytes]","args":[{"enterText":"5/20/25","selector":{"id":"application-managestatesandperformance-display-component---detailStateAndPerform--perfDocDatePicker","searchOpenDialogs":true,"interaction":{"idSuffix":"inner"}},"clearTextFirst":true,"interactionType":"ENTER_TEXT"}]}
RESULT: undefined
COMMAND: POST /session/ee8c0ad77c32eb6cf27ae9120157f0fa/execute/async - {"script":"<script> [776 bytes]","args":[{"enterText":"20.00","selector":{"id":"application-managestatesandperformance-display-component---detailStateAndPerform--counterValue-input","searchOpenDialogs":true,"interaction":{"idSuffix":"inner"}},"clearTextFirst":true,"interactionType":"ENTER_TEXT"}]}
RESULT: {}
RESULT: {"script":"<script> [776 bytes]","args":[{"enterText":"20.00","selector":{"id":"application-managestatesandperformance-display-component---detailStateAndPerform--counterValue-input","searchOpenDialogs":true,"interaction":{"idSuffix":"inner"}},"clearTextFirst":true,"interactionType":"ENTER_TEXT"}]}
COMMAND: POST /session/ee8c0ad77c32eb6cf27ae9120157f0fa/actions - {"actions":[{"id":"action47","type":"key","parameters":{},"actions":[{"type":"keyDown","value":"î€„"},{"type":"keyDown","value":"î€„"},{"type":"pause","duration":10},{"type":"keyUp","value":"î€„"},{"type":"keyUp","value":"î€„"}]}]}
RESULT: {"actions":[{"id":"action47","type":"key","parameters":{},"actions":[{"type":"keyDown","value":"î€„"},{"type":"keyDown","value":"î€„"},{"type":"pause","duration":10},{"type":"keyUp","value":"î€„"},{"type":"keyUp","value":"î€„"}]}]}
COMMAND: POST /session/ee8c0ad77c32eb6cf27ae9120157f0fa/actions - {"actions":[{"id":"action48","type":"key","parameters":{},"actions":[{"type":"keyDown","value":"î€‡"},{"type":"pause","duration":10},{"type":"keyUp","value":"î€‡"}]}]}
COMMAND: GET /session/ee8c0ad77c32eb6cf27ae9120157f0fa/screenshot - {}
RESULT: {"actions":[{"id":"action48","type":"key","parameters":{},"actions":[{"type":"keyDown","value":"î€‡"},{"type":"pause","duration":10},{"type":"keyUp","value":"î€‡"}]}]}
RESULT: undefined
COMMAND: POST /session/ee8c0ad77c32eb6cf27ae9120157f0fa/element - {"using":"xpath","value":"//*[@id=\"__button501\"]"}
COMMAND: GET /session/ee8c0ad77c32eb6cf27ae9120157f0fa/screenshot - {}
RESULT: {}
RESULT: {"using":"xpath","value":"//*[@id=\"__button501\"]"}
COMMAND: POST /session/ee8c0ad77c32eb6cf27ae9120157f0fa/elements - {"using":"xpath","value":"//*[@id=\"__button501\"]"}
RESULT: {}
RESULT: {"using":"xpath","value":"//*[@id=\"__button501\"]"}
COMMAND: POST /session/ee8c0ad77c32eb6cf27ae9120157f0fa/elements - {"using":"xpath","value":"//*[@id=\"__button501\"]"}
RESULT: {"using":"xpath","value":"//*[@id=\"__button501\"]"}
COMMAND: POST /session/ee8c0ad77c32eb6cf27ae9120157f0fa/elements - {"using":"xpath","value":"//*[@id=\"__button501\"]"}
RESULT: {"using":"xpath","value":"//*[@id=\"__button501\"]"}
COMMAND: POST /session/ee8c0ad77c32eb6cf27ae9120157f0fa/elements - {"using":"xpath","value":"//*[@id=\"__button501\"]"}
RESULT: {"using":"xpath","value":"//*[@id=\"__button501\"]"}
COMMAND: POST /session/ee8c0ad77c32eb6cf27ae9120157f0fa/elements - {"using":"xpath","value":"//*[@id=\"__button501\"]"}
RESULT: {"using":"xpath","value":"//*[@id=\"__button501\"]"}
COMMAND: POST /session/ee8c0ad77c32eb6cf27ae9120157f0fa/elements - {"using":"xpath","value":"//*[@id=\"__button501\"]"}
RESULT: {"using":"xpath","value":"//*[@id=\"__button501\"]"}
COMMAND: POST /session/ee8c0ad77c32eb6cf27ae9120157f0fa/elements - {"using":"xpath","value":"//*[@id=\"__button501\"]"}
RESULT: {"using":"xpath","value":"//*[@id=\"__button501\"]"}
COMMAND: POST /session/ee8c0ad77c32eb6cf27ae9120157f0fa/elements - {"using":"xpath","value":"//*[@id=\"__button501\"]"}
RESULT: {"using":"xpath","value":"//*[@id=\"__button501\"]"}
COMMAND: POST /session/ee8c0ad77c32eb6cf27ae9120157f0fa/elements - {"using":"xpath","value":"//*[@id=\"__button501\"]"}
RESULT: {"using":"xpath","value":"//*[@id=\"__button501\"]"}
COMMAND: POST /session/ee8c0ad77c32eb6cf27ae9120157f0fa/elements - {"using":"xpath","value":"//*[@id=\"__button501\"]"}
RESULT: {"using":"xpath","value":"//*[@id=\"__button501\"]"}
COMMAND: POST /session/ee8c0ad77c32eb6cf27ae9120157f0fa/elements - {"using":"xpath","value":"//*[@id=\"__button501\"]"}
RESULT: {"using":"xpath","value":"//*[@id=\"__button501\"]"}
COMMAND: POST /session/ee8c0ad77c32eb6cf27ae9120157f0fa/elements - {"using":"xpath","value":"//*[@id=\"__button501\"]"}
RESULT: {"using":"xpath","value":"//*[@id=\"__button501\"]"}
COMMAND: POST /session/ee8c0ad77c32eb6cf27ae9120157f0fa/elements - {"using":"xpath","value":"//*[@id=\"__button501\"]"}
RESULT: {"using":"xpath","value":"//*[@id=\"__button501\"]"}
COMMAND: POST /session/ee8c0ad77c32eb6cf27ae9120157f0fa/elements - {"using":"xpath","value":"//*[@id=\"__button501\"]"}
RESULT: {"using":"xpath","value":"//*[@id=\"__button501\"]"}
COMMAND: POST /session/ee8c0ad77c32eb6cf27ae9120157f0fa/elements - {"using":"xpath","value":"//*[@id=\"__button501\"]"}
RESULT: {"using":"xpath","value":"//*[@id=\"__button501\"]"}
COMMAND: POST /session/ee8c0ad77c32eb6cf27ae9120157f0fa/elements - {"using":"xpath","value":"//*[@id=\"__button501\"]"}
RESULT: {"using":"xpath","value":"//*[@id=\"__button501\"]"}
COMMAND: POST /session/ee8c0ad77c32eb6cf27ae9120157f0fa/elements - {"using":"xpath","value":"//*[@id=\"__button501\"]"}
RESULT: {"using":"xpath","value":"//*[@id=\"__button501\"]"}
COMMAND: POST /session/ee8c0ad77c32eb6cf27ae9120157f0fa/elements - {"using":"xpath","value":"//*[@id=\"__button501\"]"}
RESULT: {"using":"xpath","value":"//*[@id=\"__button501\"]"}
COMMAND: POST /session/ee8c0ad77c32eb6cf27ae9120157f0fa/elements - {"using":"xpath","value":"//*[@id=\"__button501\"]"}
RESULT: {"using":"xpath","value":"//*[@id=\"__button501\"]"}
COMMAND: POST /session/ee8c0ad77c32eb6cf27ae9120157f0fa/elements - {"using":"xpath","value":"//*[@id=\"__button501\"]"}
RESULT: {"using":"xpath","value":"//*[@id=\"__button501\"]"}
COMMAND: POST /session/ee8c0ad77c32eb6cf27ae9120157f0fa/elements - {"using":"xpath","value":"//*[@id=\"__button501\"]"}
RESULT: {"using":"xpath","value":"//*[@id=\"__button501\"]"}
COMMAND: POST /session/ee8c0ad77c32eb6cf27ae9120157f0fa/elements - {"using":"xpath","value":"//*[@id=\"__button501\"]"}
RESULT: {"using":"xpath","value":"//*[@id=\"__button501\"]"}
COMMAND: POST /session/ee8c0ad77c32eb6cf27ae9120157f0fa/elements - {"using":"xpath","value":"//*[@id=\"__button501\"]"}
RESULT: {"using":"xpath","value":"//*[@id=\"__button501\"]"}
COMMAND: POST /session/ee8c0ad77c32eb6cf27ae9120157f0fa/elements - {"using":"xpath","value":"//*[@id=\"__button501\"]"}
RESULT: {"using":"xpath","value":"//*[@id=\"__button501\"]"}
COMMAND: POST /session/ee8c0ad77c32eb6cf27ae9120157f0fa/elements - {"using":"xpath","value":"//*[@id=\"__button501\"]"}
RESULT: {"using":"xpath","value":"//*[@id=\"__button501\"]"}
COMMAND: POST /session/ee8c0ad77c32eb6cf27ae9120157f0fa/elements - {"using":"xpath","value":"//*[@id=\"__button501\"]"}
RESULT: {"using":"xpath","value":"//*[@id=\"__button501\"]"}
COMMAND: POST /session/ee8c0ad77c32eb6cf27ae9120157f0fa/elements - {"using":"xpath","value":"//*[@id=\"__button501\"]"}
RESULT: {"using":"xpath","value":"//*[@id=\"__button501\"]"}
COMMAND: POST /session/ee8c0ad77c32eb6cf27ae9120157f0fa/elements - {"using":"xpath","value":"//*[@id=\"__button501\"]"}
RESULT: {"using":"xpath","value":"//*[@id=\"__button501\"]"}
COMMAND: POST /session/ee8c0ad77c32eb6cf27ae9120157f0fa/elements - {"using":"xpath","value":"//*[@id=\"__button501\"]"}
RESULT: {"using":"xpath","value":"//*[@id=\"__button501\"]"}
COMMAND: POST /session/ee8c0ad77c32eb6cf27ae9120157f0fa/elements - {"using":"xpath","value":"//*[@id=\"__button501\"]"}
RESULT: {"using":"xpath","value":"//*[@id=\"__button501\"]"}
COMMAND: POST /session/ee8c0ad77c32eb6cf27ae9120157f0fa/elements - {"using":"xpath","value":"//*[@id=\"__button501\"]"}
RESULT: {"using":"xpath","value":"//*[@id=\"__button501\"]"}
COMMAND: POST /session/ee8c0ad77c32eb6cf27ae9120157f0fa/elements - {"using":"xpath","value":"//*[@id=\"__button501\"]"}
RESULT: {"using":"xpath","value":"//*[@id=\"__button501\"]"}
COMMAND: POST /session/ee8c0ad77c32eb6cf27ae9120157f0fa/elements - {"using":"xpath","value":"//*[@id=\"__button501\"]"}
RESULT: {"using":"xpath","value":"//*[@id=\"__button501\"]"}
COMMAND: POST /session/ee8c0ad77c32eb6cf27ae9120157f0fa/elements - {"using":"xpath","value":"//*[@id=\"__button501\"]"}
RESULT: {"using":"xpath","value":"//*[@id=\"__button501\"]"}
COMMAND: POST /session/ee8c0ad77c32eb6cf27ae9120157f0fa/elements - {"using":"xpath","value":"//*[@id=\"__button501\"]"}
RESULT: {"using":"xpath","value":"//*[@id=\"__button501\"]"}
COMMAND: POST /session/ee8c0ad77c32eb6cf27ae9120157f0fa/elements - {"using":"xpath","value":"//*[@id=\"__button501\"]"}
RESULT: {"using":"xpath","value":"//*[@id=\"__button501\"]"}
COMMAND: POST /session/ee8c0ad77c32eb6cf27ae9120157f0fa/elements - {"using":"xpath","value":"//*[@id=\"__button501\"]"}
RESULT: {"using":"xpath","value":"//*[@id=\"__button501\"]"}
COMMAND: POST /session/ee8c0ad77c32eb6cf27ae9120157f0fa/elements - {"using":"xpath","value":"//*[@id=\"__button501\"]"}
RESULT: {"using":"xpath","value":"//*[@id=\"__button501\"]"}
COMMAND: POST /session/ee8c0ad77c32eb6cf27ae9120157f0fa/elements - {"using":"xpath","value":"//*[@id=\"__button501\"]"}
RESULT: {"using":"xpath","value":"//*[@id=\"__button501\"]"}
COMMAND: POST /session/ee8c0ad77c32eb6cf27ae9120157f0fa/elements - {"using":"xpath","value":"//*[@id=\"__button501\"]"}
RESULT: {"using":"xpath","value":"//*[@id=\"__button501\"]"}
COMMAND: POST /session/ee8c0ad77c32eb6cf27ae9120157f0fa/elements - {"using":"xpath","value":"//*[@id=\"__button501\"]"}
RESULT: {"using":"xpath","value":"//*[@id=\"__button501\"]"}
COMMAND: POST /session/ee8c0ad77c32eb6cf27ae9120157f0fa/elements - {"using":"xpath","value":"//*[@id=\"__button501\"]"}
RESULT: {"using":"xpath","value":"//*[@id=\"__button501\"]"}
COMMAND: POST /session/ee8c0ad77c32eb6cf27ae9120157f0fa/elements - {"using":"xpath","value":"//*[@id=\"__button501\"]"}
RESULT: {"using":"xpath","value":"//*[@id=\"__button501\"]"}
COMMAND: POST /session/ee8c0ad77c32eb6cf27ae9120157f0fa/elements - {"using":"xpath","value":"//*[@id=\"__button501\"]"}
RESULT: {"using":"xpath","value":"//*[@id=\"__button501\"]"}
COMMAND: POST /session/ee8c0ad77c32eb6cf27ae9120157f0fa/elements - {"using":"xpath","value":"//*[@id=\"__button501\"]"}
RESULT: {"using":"xpath","value":"//*[@id=\"__button501\"]"}
COMMAND: POST /session/ee8c0ad77c32eb6cf27ae9120157f0fa/elements - {"using":"xpath","value":"//*[@id=\"__button501\"]"}
RESULT: {"using":"xpath","value":"//*[@id=\"__button501\"]"}
COMMAND: POST /session/ee8c0ad77c32eb6cf27ae9120157f0fa/elements - {"using":"xpath","value":"//*[@id=\"__button501\"]"}
RESULT: {"using":"xpath","value":"//*[@id=\"__button501\"]"}
COMMAND: POST /session/ee8c0ad77c32eb6cf27ae9120157f0fa/elements - {"using":"xpath","value":"//*[@id=\"__button501\"]"}
RESULT: {"using":"xpath","value":"//*[@id=\"__button501\"]"}
COMMAND: POST /session/ee8c0ad77c32eb6cf27ae9120157f0fa/elements - {"using":"xpath","value":"//*[@id=\"__button501\"]"}
RESULT: {"using":"xpath","value":"//*[@id=\"__button501\"]"}
COMMAND: POST /session/ee8c0ad77c32eb6cf27ae9120157f0fa/elements - {"using":"xpath","value":"//*[@id=\"__button501\"]"}
RESULT: {"using":"xpath","value":"//*[@id=\"__button501\"]"}
COMMAND: POST /session/ee8c0ad77c32eb6cf27ae9120157f0fa/elements - {"using":"xpath","value":"//*[@id=\"__button501\"]"}
RESULT: {"using":"xpath","value":"//*[@id=\"__button501\"]"}
COMMAND: POST /session/ee8c0ad77c32eb6cf27ae9120157f0fa/elements - {"using":"xpath","value":"//*[@id=\"__button501\"]"}
RESULT: {"using":"xpath","value":"//*[@id=\"__button501\"]"}
COMMAND: POST /session/ee8c0ad77c32eb6cf27ae9120157f0fa/elements - {"using":"xpath","value":"//*[@id=\"__button501\"]"}
RESULT: {"using":"xpath","value":"//*[@id=\"__button501\"]"}
COMMAND: POST /session/ee8c0ad77c32eb6cf27ae9120157f0fa/elements - {"using":"xpath","value":"//*[@id=\"__button501\"]"}
RESULT: {"using":"xpath","value":"//*[@id=\"__button501\"]"}
COMMAND: POST /session/ee8c0ad77c32eb6cf27ae9120157f0fa/elements - {"using":"xpath","value":"//*[@id=\"__button501\"]"}
RESULT: {"using":"xpath","value":"//*[@id=\"__button501\"]"}
COMMAND: POST /session/ee8c0ad77c32eb6cf27ae9120157f0fa/elements - {"using":"xpath","value":"//*[@id=\"__button501\"]"}
RESULT: {"using":"xpath","value":"//*[@id=\"__button501\"]"}
COMMAND: POST /session/ee8c0ad77c32eb6cf27ae9120157f0fa/elements - {"using":"xpath","value":"//*[@id=\"__button501\"]"}
RESULT: {"using":"xpath","value":"//*[@id=\"__button501\"]"}
COMMAND: POST /session/ee8c0ad77c32eb6cf27ae9120157f0fa/elements - {"using":"xpath","value":"//*[@id=\"__button501\"]"}
RESULT: {"using":"xpath","value":"//*[@id=\"__button501\"]"}
COMMAND: POST /session/ee8c0ad77c32eb6cf27ae9120157f0fa/elements - {"using":"xpath","value":"//*[@id=\"__button501\"]"}
RESULT: {"using":"xpath","value":"//*[@id=\"__button501\"]"}
COMMAND: POST /session/ee8c0ad77c32eb6cf27ae9120157f0fa/elements - {"using":"xpath","value":"//*[@id=\"__button501\"]"}
RESULT: {"using":"xpath","value":"//*[@id=\"__button501\"]"}
COMMAND: POST /session/ee8c0ad77c32eb6cf27ae9120157f0fa/elements - {"using":"xpath","value":"//*[@id=\"__button501\"]"}
RESULT: {"using":"xpath","value":"//*[@id=\"__button501\"]"}
COMMAND: POST /session/ee8c0ad77c32eb6cf27ae9120157f0fa/elements - {"using":"xpath","value":"//*[@id=\"__button501\"]"}
RESULT: {"using":"xpath","value":"//*[@id=\"__button501\"]"}
COMMAND: POST /session/ee8c0ad77c32eb6cf27ae9120157f0fa/elements - {"using":"xpath","value":"//*[@id=\"__button501\"]"}
RESULT: {"using":"xpath","value":"//*[@id=\"__button501\"]"}
COMMAND: POST /session/ee8c0ad77c32eb6cf27ae9120157f0fa/elements - {"using":"xpath","value":"//*[@id=\"__button501\"]"}
RESULT: {"using":"xpath","value":"//*[@id=\"__button501\"]"}
COMMAND: POST /session/ee8c0ad77c32eb6cf27ae9120157f0fa/elements - {"using":"xpath","value":"//*[@id=\"__button501\"]"}
RESULT: {"using":"xpath","value":"//*[@id=\"__button501\"]"}
COMMAND: POST /session/ee8c0ad77c32eb6cf27ae9120157f0fa/elements - {"using":"xpath","value":"//*[@id=\"__button501\"]"}
RESULT: {"using":"xpath","value":"//*[@id=\"__button501\"]"}
COMMAND: POST /session/ee8c0ad77c32eb6cf27ae9120157f0fa/elements - {"using":"xpath","value":"//*[@id=\"__button501\"]"}
RESULT: {"using":"xpath","value":"//*[@id=\"__button501\"]"}
COMMAND: POST /session/ee8c0ad77c32eb6cf27ae9120157f0fa/elements - {"using":"xpath","value":"//*[@id=\"__button501\"]"}
RESULT: {"using":"xpath","value":"//*[@id=\"__button501\"]"}
COMMAND: POST /session/ee8c0ad77c32eb6cf27ae9120157f0fa/elements - {"using":"xpath","value":"//*[@id=\"__button501\"]"}
RESULT: {"using":"xpath","value":"//*[@id=\"__button501\"]"}
COMMAND: POST /session/ee8c0ad77c32eb6cf27ae9120157f0fa/elements - {"using":"xpath","value":"//*[@id=\"__button501\"]"}
RESULT: {"using":"xpath","value":"//*[@id=\"__button501\"]"}
COMMAND: POST /session/ee8c0ad77c32eb6cf27ae9120157f0fa/elements - {"using":"xpath","value":"//*[@id=\"__button501\"]"}
RESULT: {"using":"xpath","value":"//*[@id=\"__button501\"]"}
COMMAND: POST /session/ee8c0ad77c32eb6cf27ae9120157f0fa/elements - {"using":"xpath","value":"//*[@id=\"__button501\"]"}
RESULT: {"using":"xpath","value":"//*[@id=\"__button501\"]"}
COMMAND: POST /session/ee8c0ad77c32eb6cf27ae9120157f0fa/elements - {"using":"xpath","value":"//*[@id=\"__button501\"]"}
RESULT: {"using":"xpath","value":"//*[@id=\"__button501\"]"}
COMMAND: POST /session/ee8c0ad77c32eb6cf27ae9120157f0fa/elements - {"using":"xpath","value":"//*[@id=\"__button501\"]"}
RESULT: {"using":"xpath","value":"//*[@id=\"__button501\"]"}
COMMAND: POST /session/ee8c0ad77c32eb6cf27ae9120157f0fa/elements - {"using":"xpath","value":"//*[@id=\"__button501\"]"}
RESULT: {"using":"xpath","value":"//*[@id=\"__button501\"]"}
COMMAND: POST /session/ee8c0ad77c32eb6cf27ae9120157f0fa/elements - {"using":"xpath","value":"//*[@id=\"__button501\"]"}
RESULT: {"using":"xpath","value":"//*[@id=\"__button501\"]"}
COMMAND: POST /session/ee8c0ad77c32eb6cf27ae9120157f0fa/elements - {"using":"xpath","value":"//*[@id=\"__button501\"]"}
RESULT: {"using":"xpath","value":"//*[@id=\"__button501\"]"}
COMMAND: POST /session/ee8c0ad77c32eb6cf27ae9120157f0fa/elements - {"using":"xpath","value":"//*[@id=\"__button501\"]"}
RESULT: {"using":"xpath","value":"//*[@id=\"__button501\"]"}
COMMAND: POST /session/ee8c0ad77c32eb6cf27ae9120157f0fa/elements - {"using":"xpath","value":"//*[@id=\"__button501\"]"}
RESULT: {"using":"xpath","value":"//*[@id=\"__button501\"]"}
COMMAND: POST /session/ee8c0ad77c32eb6cf27ae9120157f0fa/elements - {"using":"xpath","value":"//*[@id=\"__button501\"]"}
RESULT: {"using":"xpath","value":"//*[@id=\"__button501\"]"}
COMMAND: POST /session/ee8c0ad77c32eb6cf27ae9120157f0fa/elements - {"using":"xpath","value":"//*[@id=\"__button501\"]"}
RESULT: {"using":"xpath","value":"//*[@id=\"__button501\"]"}
COMMAND: POST /session/ee8c0ad77c32eb6cf27ae9120157f0fa/elements - {"using":"xpath","value":"//*[@id=\"__button501\"]"}
RESULT: {"using":"xpath","value":"//*[@id=\"__button501\"]"}
COMMAND: POST /session/ee8c0ad77c32eb6cf27ae9120157f0fa/elements - {"using":"xpath","value":"//*[@id=\"__button501\"]"}
RESULT: {"using":"xpath","value":"//*[@id=\"__button501\"]"}
COMMAND: POST /session/ee8c0ad77c32eb6cf27ae9120157f0fa/elements - {"using":"xpath","value":"//*[@id=\"__button501\"]"}
RESULT: {"using":"xpath","value":"//*[@id=\"__button501\"]"}
COMMAND: POST /session/ee8c0ad77c32eb6cf27ae9120157f0fa/elements - {"using":"xpath","value":"//*[@id=\"__button501\"]"}
RESULT: {"using":"xpath","value":"//*[@id=\"__button501\"]"}
COMMAND: POST /session/ee8c0ad77c32eb6cf27ae9120157f0fa/elements - {"using":"xpath","value":"//*[@id=\"__button501\"]"}
RESULT: {"using":"xpath","value":"//*[@id=\"__button501\"]"}
COMMAND: POST /session/ee8c0ad77c32eb6cf27ae9120157f0fa/elements - {"using":"xpath","value":"//*[@id=\"__button501\"]"}
RESULT: {"using":"xpath","value":"//*[@id=\"__button501\"]"}
COMMAND: POST /session/ee8c0ad77c32eb6cf27ae9120157f0fa/elements - {"using":"xpath","value":"//*[@id=\"__button501\"]"}
RESULT: {"using":"xpath","value":"//*[@id=\"__button501\"]"}
COMMAND: POST /session/ee8c0ad77c32eb6cf27ae9120157f0fa/elements - {"using":"xpath","value":"//*[@id=\"__button501\"]"}
RESULT: {"using":"xpath","value":"//*[@id=\"__button501\"]"}
COMMAND: POST /session/ee8c0ad77c32eb6cf27ae9120157f0fa/elements - {"using":"xpath","value":"//*[@id=\"__button501\"]"}
RESULT: {"using":"xpath","value":"//*[@id=\"__button501\"]"}
COMMAND: POST /session/ee8c0ad77c32eb6cf27ae9120157f0fa/elements - {"using":"xpath","value":"//*[@id=\"__button501\"]"}
RESULT: {"using":"xpath","value":"//*[@id=\"__button501\"]"}
COMMAND: POST /session/ee8c0ad77c32eb6cf27ae9120157f0fa/elements - {"using":"xpath","value":"//*[@id=\"__button501\"]"}
RESULT: {"using":"xpath","value":"//*[@id=\"__button501\"]"}
COMMAND: POST /session/ee8c0ad77c32eb6cf27ae9120157f0fa/elements - {"using":"xpath","value":"//*[@id=\"__button501\"]"}
RESULT: {"using":"xpath","value":"//*[@id=\"__button501\"]"}
COMMAND: POST /session/ee8c0ad77c32eb6cf27ae9120157f0fa/elements - {"using":"xpath","value":"//*[@id=\"__button501\"]"}
RESULT: {"using":"xpath","value":"//*[@id=\"__button501\"]"}
COMMAND: POST /session/ee8c0ad77c32eb6cf27ae9120157f0fa/elements - {"using":"xpath","value":"//*[@id=\"__button501\"]"}
RESULT: {"using":"xpath","value":"//*[@id=\"__button501\"]"}
COMMAND: POST /session/ee8c0ad77c32eb6cf27ae9120157f0fa/elements - {"using":"xpath","value":"//*[@id=\"__button501\"]"}
RESULT: {"using":"xpath","value":"//*[@id=\"__button501\"]"}
COMMAND: POST /session/ee8c0ad77c32eb6cf27ae9120157f0fa/elements - {"using":"xpath","value":"//*[@id=\"__button501\"]"}
RESULT: {"using":"xpath","value":"//*[@id=\"__button501\"]"}
COMMAND: POST /session/ee8c0ad77c32eb6cf27ae9120157f0fa/elements - {"using":"xpath","value":"//*[@id=\"__button501\"]"}
RESULT: {"using":"xpath","value":"//*[@id=\"__button501\"]"}
COMMAND: POST /session/ee8c0ad77c32eb6cf27ae9120157f0fa/elements - {"using":"xpath","value":"//*[@id=\"__button501\"]"}
RESULT: {"using":"xpath","value":"//*[@id=\"__button501\"]"}
COMMAND: POST /session/ee8c0ad77c32eb6cf27ae9120157f0fa/elements - {"using":"xpath","value":"//*[@id=\"__button501\"]"}
RESULT: {"using":"xpath","value":"//*[@id=\"__button501\"]"}
COMMAND: POST /session/ee8c0ad77c32eb6cf27ae9120157f0fa/elements - {"using":"xpath","value":"//*[@id=\"__button501\"]"}
RESULT: {"using":"xpath","value":"//*[@id=\"__button501\"]"}
COMMAND: POST /session/ee8c0ad77c32eb6cf27ae9120157f0fa/elements - {"using":"xpath","value":"//*[@id=\"__button501\"]"}
RESULT: {"using":"xpath","value":"//*[@id=\"__button501\"]"}
COMMAND: POST /session/ee8c0ad77c32eb6cf27ae9120157f0fa/elements - {"using":"xpath","value":"//*[@id=\"__button501\"]"}
RESULT: {"using":"xpath","value":"//*[@id=\"__button501\"]"}
COMMAND: POST /session/ee8c0ad77c32eb6cf27ae9120157f0fa/elements - {"using":"xpath","value":"//*[@id=\"__button501\"]"}
RESULT: {"using":"xpath","value":"//*[@id=\"__button501\"]"}
COMMAND: POST /session/ee8c0ad77c32eb6cf27ae9120157f0fa/elements - {"using":"xpath","value":"//*[@id=\"__button501\"]"}
RESULT: {"using":"xpath","value":"//*[@id=\"__button501\"]"}
COMMAND: POST /session/ee8c0ad77c32eb6cf27ae9120157f0fa/elements - {"using":"xpath","value":"//*[@id=\"__button501\"]"}
RESULT: {"using":"xpath","value":"//*[@id=\"__button501\"]"}
COMMAND: POST /session/ee8c0ad77c32eb6cf27ae9120157f0fa/elements - {"using":"xpath","value":"//*[@id=\"__button501\"]"}
RESULT: {"using":"xpath","value":"//*[@id=\"__button501\"]"}
COMMAND: POST /session/ee8c0ad77c32eb6cf27ae9120157f0fa/elements - {"using":"xpath","value":"//*[@id=\"__button501\"]"}
RESULT: {"using":"xpath","value":"//*[@id=\"__button501\"]"}
COMMAND: POST /session/ee8c0ad77c32eb6cf27ae9120157f0fa/elements - {"using":"xpath","value":"//*[@id=\"__button501\"]"}
RESULT: {"using":"xpath","value":"//*[@id=\"__button501\"]"}
COMMAND: POST /session/ee8c0ad77c32eb6cf27ae9120157f0fa/elements - {"using":"xpath","value":"//*[@id=\"__button501\"]"}
RESULT: {"using":"xpath","value":"//*[@id=\"__button501\"]"}
COMMAND: POST /session/ee8c0ad77c32eb6cf27ae9120157f0fa/elements - {"using":"xpath","value":"//*[@id=\"__button501\"]"}
RESULT: {"using":"xpath","value":"//*[@id=\"__button501\"]"}
COMMAND: POST /session/ee8c0ad77c32eb6cf27ae9120157f0fa/elements - {"using":"xpath","value":"//*[@id=\"__button501\"]"}
RESULT: {"using":"xpath","value":"//*[@id=\"__button501\"]"}
COMMAND: POST /session/ee8c0ad77c32eb6cf27ae9120157f0fa/elements - {"using":"xpath","value":"//*[@id=\"__button501\"]"}
RESULT: {"using":"xpath","value":"//*[@id=\"__button501\"]"}
COMMAND: POST /session/ee8c0ad77c32eb6cf27ae9120157f0fa/elements - {"using":"xpath","value":"//*[@id=\"__button501\"]"}
RESULT: {"using":"xpath","value":"//*[@id=\"__button501\"]"}
COMMAND: POST /session/ee8c0ad77c32eb6cf27ae9120157f0fa/elements - {"using":"xpath","value":"//*[@id=\"__button501\"]"}
RESULT: {"using":"xpath","value":"//*[@id=\"__button501\"]"}
COMMAND: POST /session/ee8c0ad77c32eb6cf27ae9120157f0fa/elements - {"using":"xpath","value":"//*[@id=\"__button501\"]"}
RESULT: {"using":"xpath","value":"//*[@id=\"__button501\"]"}
COMMAND: POST /session/ee8c0ad77c32eb6cf27ae9120157f0fa/elements - {"using":"xpath","value":"//*[@id=\"__button501\"]"}
RESULT: {"using":"xpath","value":"//*[@id=\"__button501\"]"}
COMMAND: POST /session/ee8c0ad77c32eb6cf27ae9120157f0fa/elements - {"using":"xpath","value":"//*[@id=\"__button501\"]"}
RESULT: {"using":"xpath","value":"//*[@id=\"__button501\"]"}
COMMAND: POST /session/ee8c0ad77c32eb6cf27ae9120157f0fa/elements - {"using":"xpath","value":"//*[@id=\"__button501\"]"}
RESULT: {"using":"xpath","value":"//*[@id=\"__button501\"]"}
COMMAND: POST /session/ee8c0ad77c32eb6cf27ae9120157f0fa/elements - {"using":"xpath","value":"//*[@id=\"__button501\"]"}
RESULT: {"using":"xpath","value":"//*[@id=\"__button501\"]"}
COMMAND: POST /session/ee8c0ad77c32eb6cf27ae9120157f0fa/elements - {"using":"xpath","value":"//*[@id=\"__button501\"]"}
COMMAND: POST /session/ee8c0ad77c32eb6cf27ae9120157f0fa/element - {"using":"css selector","value":"#shell-header-logo"}
RESULT: {"using":"xpath","value":"//*[@id=\"__button501\"]"}
RESULT: {"using":"css selector","value":"#shell-header-logo"}
COMMAND: POST /session/ee8c0ad77c32eb6cf27ae9120157f0fa/execute/sync - {"script":"<script> [8489 bytes]","args":[{"element-6066-11e4-a52e-4f735466cecf":"f.4EEDEA8BBD1FF6E0A028415A04A49F5E.d.5ECB800D5D1B1D4B8DF47A52ED020812.e.12821","ELEMENT":"f.4EEDEA8BBD1FF6E0A028415A04A49F5E.d.5ECB800D5D1B1D4B8DF47A52ED020812.e.12821"}]}
RESULT: {"script":"<script> [8489 bytes]","args":[{"element-6066-11e4-a52e-4f735466cecf":"f.4EEDEA8BBD1FF6E0A028415A04A49F5E.d.5ECB800D5D1B1D4B8DF47A52ED020812.e.12821","ELEMENT":"f.4EEDEA8BBD1FF6E0A028415A04A49F5E.d.5ECB800D5D1B1D4B8DF47A52ED020812.e.12821"}]}
COMMAND: POST /session/ee8c0ad77c32eb6cf27ae9120157f0fa/execute/sync - {"script":"<script> [5351 bytes]","args":[{"element-6066-11e4-a52e-4f735466cecf":"f.4EEDEA8BBD1FF6E0A028415A04A49F5E.d.5ECB800D5D1B1D4B8DF47A52ED020812.e.12821","ELEMENT":"f.4EEDEA8BBD1FF6E0A028415A04A49F5E.d.5ECB800D5D1B1D4B8DF47A52ED020812.e.12821"}]}
COMMAND: GET /session/ee8c0ad77c32eb6cf27ae9120157f0fa/screenshot - {}
RESULT: {"script":"<script> [5351 bytes]","args":[{"element-6066-11e4-a52e-4f735466cecf":"f.4EEDEA8BBD1FF6E0A028415A04A49F5E.d.5ECB800D5D1B1D4B8DF47A52ED020812.e.12821","ELEMENT":"f.4EEDEA8BBD1FF6E0A028415A04A49F5E.d.5ECB800D5D1B1D4B8DF47A52ED020812.e.12821"}]}
COMMAND: POST /session/ee8c0ad77c32eb6cf27ae9120157f0fa/element/f.4EEDEA8BBD1FF6E0A028415A04A49F5E.d.5ECB800D5D1B1D4B8DF47A52ED020812.e.12821/click - {}
COMMAND: GET /session/ee8c0ad77c32eb6cf27ae9120157f0fa/screenshot - {}
RESULT: {}
RESULT: {}
]]></system-out>
    </testcase>
    <testcase classname="chrome.136_0_7103_49.windows.Create_master_data_for_mixed_billing_&amp;_do_billing_calculation_US151661" name="Should go to Manage Billings and trigger calculation check the conditions applied" time="71.401">
      <system-out><![CDATA[
COMMAND: POST /session/ee8c0ad77c32eb6cf27ae9120157f0fa/execute/async - {"script":"<script> [1562 bytes]","args":[{"selector":{"controlType":"sap.m.GenericTile","properties":{"header":"Manage Billings"}},"wdio_ui5_key":"sapm.GenericTile{\"header\":\"Manage Billings\"}"}]}
COMMAND: GET /session/ee8c0ad77c32eb6cf27ae9120157f0fa/screenshot - {}
RESULT: {}
RESULT: {"script":"<script> [1562 bytes]","args":[{"selector":{"controlType":"sap.m.GenericTile","properties":{"header":"Manage Billings"}},"wdio_ui5_key":"sapm.GenericTile{\"header\":\"Manage Billings\"}"}]}
RESULT: undefined
COMMAND: POST /session/ee8c0ad77c32eb6cf27ae9120157f0fa/element - {"using":"xpath","value":"//*[@id=\"__tile51\"]"}
RESULT: {}
RESULT: {"using":"xpath","value":"//*[@id=\"__tile51\"]"}
COMMAND: POST /session/ee8c0ad77c32eb6cf27ae9120157f0fa/element/f.4EEDEA8BBD1FF6E0A028415A04A49F5E.d.5ECB800D5D1B1D4B8DF47A52ED020812.e.6031/click - {}
RESULT: {}
COMMAND: GET /session/ee8c0ad77c32eb6cf27ae9120157f0fa/screenshot - {}
COMMAND: POST /session/ee8c0ad77c32eb6cf27ae9120157f0fa/elements - {"using":"xpath","value":"//span[text()='Error']"}
RESULT: {}
RESULT: {"using":"xpath","value":"//span[text()='Error']"}
COMMAND: POST /session/ee8c0ad77c32eb6cf27ae9120157f0fa/execute/async - {"script":"<script> [1562 bytes]","args":[{"selector":{"id":"application-managebillings-display-component---billRunCalcResult--smartFilterBar-btnBasicSearch","interaction":{"idSuffix":"I"}},"wdio_ui5_key":"applicationmanagebillings-display-component---billRunCalcResult--smartFilterBar-btnBasicSearch"}]}
RESULT: {"script":"<script> [1562 bytes]","args":[{"selector":{"id":"application-managebillings-display-component---billRunCalcResult--smartFilterBar-btnBasicSearch","interaction":{"idSuffix":"I"}},"wdio_ui5_key":"applicationmanagebillings-display-component---billRunCalcResult--smartFilterBar-btnBasicSearch"}]}
RESULT: undefined
COMMAND: POST /session/ee8c0ad77c32eb6cf27ae9120157f0fa/execute/async - {"script":"<script> [776 bytes]","args":[{"enterText":"10215","selector":{"id":"application-managebillings-display-component---billRunCalcResult--smartFilterBar-btnBasicSearch","interaction":{"idSuffix":"I"}},"clearTextFirst":true,"interactionType":"ENTER_TEXT"}]}
RESULT: {"script":"<script> [776 bytes]","args":[{"enterText":"10215","selector":{"id":"application-managebillings-display-component---billRunCalcResult--smartFilterBar-btnBasicSearch","interaction":{"idSuffix":"I"}},"clearTextFirst":true,"interactionType":"ENTER_TEXT"}]}
COMMAND: POST /session/ee8c0ad77c32eb6cf27ae9120157f0fa/actions - {"actions":[{"id":"action49","type":"key","parameters":{},"actions":[{"type":"keyDown","value":"î€‡"},{"type":"pause","duration":10},{"type":"keyUp","value":"î€‡"}]}]}
RESULT: {"actions":[{"id":"action49","type":"key","parameters":{},"actions":[{"type":"keyDown","value":"î€‡"},{"type":"pause","duration":10},{"type":"keyUp","value":"î€‡"}]}]}
COMMAND: GET /session/ee8c0ad77c32eb6cf27ae9120157f0fa/screenshot - {}
RESULT: {}
COMMAND: POST /session/ee8c0ad77c32eb6cf27ae9120157f0fa/element - {"using":"xpath","value":"//td[@aria-colindex=\"1\"]/div/div[contains(@class, \"sapMCbBg\")]"}
RESULT: {"using":"xpath","value":"//td[@aria-colindex=\"1\"]/div/div[contains(@class, \"sapMCbBg\")]"}
COMMAND: POST /session/ee8c0ad77c32eb6cf27ae9120157f0fa/element/f.4EEDEA8BBD1FF6E0A028415A04A49F5E.d.5ECB800D5D1B1D4B8DF47A52ED020812.e.13225/click - {}
RESULT: {}
COMMAND: GET /session/ee8c0ad77c32eb6cf27ae9120157f0fa/screenshot - {}
RESULT: {}
COMMAND: POST /session/ee8c0ad77c32eb6cf27ae9120157f0fa/execute/async - {"script":"<script> [1562 bytes]","args":[{"selector":{"id":"application-managebillings-display-component---billRunCalcResult--contractBillRunDate","interaction":{"idSuffix":"inner"}},"wdio_ui5_key":"applicationmanagebillings-display-component---billRunCalcResult--contractBillRunDate"}]}
RESULT: {"script":"<script> [1562 bytes]","args":[{"selector":{"id":"application-managebillings-display-component---billRunCalcResult--contractBillRunDate","interaction":{"idSuffix":"inner"}},"wdio_ui5_key":"applicationmanagebillings-display-component---billRunCalcResult--contractBillRunDate"}]}
RESULT: undefined
COMMAND: POST /session/ee8c0ad77c32eb6cf27ae9120157f0fa/execute/async - {"script":"<script> [776 bytes]","args":[{"enterText":"6/14/25","selector":{"id":"application-managebillings-display-component---billRunCalcResult--contractBillRunDate","interaction":{"idSuffix":"inner"}},"clearTextFirst":true,"interactionType":"ENTER_TEXT"}]}
RESULT: {"script":"<script> [776 bytes]","args":[{"enterText":"6/14/25","selector":{"id":"application-managebillings-display-component---billRunCalcResult--contractBillRunDate","interaction":{"idSuffix":"inner"}},"clearTextFirst":true,"interactionType":"ENTER_TEXT"}]}
COMMAND: POST /session/ee8c0ad77c32eb6cf27ae9120157f0fa/element - {"using":"xpath","value":"//bdi[contains(text(), \"Trigger Calculation\")]"}
RESULT: {"using":"xpath","value":"//bdi[contains(text(), \"Trigger Calculation\")]"}
COMMAND: POST /session/ee8c0ad77c32eb6cf27ae9120157f0fa/element/f.4EEDEA8BBD1FF6E0A028415A04A49F5E.d.5ECB800D5D1B1D4B8DF47A52ED020812.e.13246/click - {}
RESULT: {}
COMMAND: GET /session/ee8c0ad77c32eb6cf27ae9120157f0fa/screenshot - {}
RESULT: {}
COMMAND: POST /session/ee8c0ad77c32eb6cf27ae9120157f0fa/element - {"using":"xpath","value":"(//span[contains(@id, \"imgNav\")])[1]"}
RESULT: {"using":"xpath","value":"(//span[contains(@id, \"imgNav\")])[1]"}
COMMAND: POST /session/ee8c0ad77c32eb6cf27ae9120157f0fa/element/f.4EEDEA8BBD1FF6E0A028415A04A49F5E.d.5ECB800D5D1B1D4B8DF47A52ED020812.e.13239/click - {}
RESULT: {}
COMMAND: GET /session/ee8c0ad77c32eb6cf27ae9120157f0fa/screenshot - {}
RESULT: {}
COMMAND: POST /session/ee8c0ad77c32eb6cf27ae9120157f0fa/element - {"using":"xpath","value":"//tr/td[6]/div[1]/span[1]/span[1]"}
RESULT: {"using":"xpath","value":"//tr/td[6]/div[1]/span[1]/span[1]"}
COMMAND: GET /session/ee8c0ad77c32eb6cf27ae9120157f0fa/element/f.4EEDEA8BBD1FF6E0A028415A04A49F5E.d.5ECB800D5D1B1D4B8DF47A52ED020812.e.13252/text - {}
RESULT: {}
COMMAND: POST /session/ee8c0ad77c32eb6cf27ae9120157f0fa/element - {"using":"xpath","value":"(//span[contains(@id, \"imgNav\")])[2]"}
RESULT: {"using":"xpath","value":"(//span[contains(@id, \"imgNav\")])[2]"}
COMMAND: POST /session/ee8c0ad77c32eb6cf27ae9120157f0fa/element/f.4EEDEA8BBD1FF6E0A028415A04A49F5E.d.5ECB800D5D1B1D4B8DF47A52ED020812.e.13253/click - {}
RESULT: {}
COMMAND: POST /session/ee8c0ad77c32eb6cf27ae9120157f0fa/element - {"using":"xpath","value":"//bdi[contains(text(), \"Business Confirm\")]"}
COMMAND: GET /session/ee8c0ad77c32eb6cf27ae9120157f0fa/screenshot - {}
RESULT: {"using":"xpath","value":"//bdi[contains(text(), \"Business Confirm\")]"}
COMMAND: POST /session/ee8c0ad77c32eb6cf27ae9120157f0fa/elements - {"using":"xpath","value":"//bdi[contains(text(), \"Business Confirm\")]"}
RESULT: {}
RESULT: {"using":"xpath","value":"//bdi[contains(text(), \"Business Confirm\")]"}
COMMAND: POST /session/ee8c0ad77c32eb6cf27ae9120157f0fa/element - {"using":"xpath","value":"//bdi[contains(text(), \"Business Confirm\")]"}
RESULT: {"using":"xpath","value":"//bdi[contains(text(), \"Business Confirm\")]"}
COMMAND: POST /session/ee8c0ad77c32eb6cf27ae9120157f0fa/element/f.4EEDEA8BBD1FF6E0A028415A04A49F5E.d.5ECB800D5D1B1D4B8DF47A52ED020812.e.13309/click - {}
RESULT: {}
COMMAND: POST /session/ee8c0ad77c32eb6cf27ae9120157f0fa/element - {"using":"css selector","value":"#shell-header-logo"}
COMMAND: GET /session/ee8c0ad77c32eb6cf27ae9120157f0fa/screenshot - {}
RESULT: {"using":"css selector","value":"#shell-header-logo"}
COMMAND: POST /session/ee8c0ad77c32eb6cf27ae9120157f0fa/element/f.4EEDEA8BBD1FF6E0A028415A04A49F5E.d.5ECB800D5D1B1D4B8DF47A52ED020812.e.13012/click - {}
RESULT: {}
RESULT: {}
COMMAND: GET /session/ee8c0ad77c32eb6cf27ae9120157f0fa/screenshot - {}
RESULT: {}
COMMAND: POST /session/ee8c0ad77c32eb6cf27ae9120157f0fa/element - {"using":"css selector","value":"#j_username"}
COMMAND: POST /session/ee8c0ad77c32eb6cf27ae9120157f0fa/url - {"url":"https://qa-testing-00-live-etm-ui.cfapps.eu10-004.hana.ondemand.com/"}
RESULT: {"using":"css selector","value":"#j_username"}
COMMAND: POST /session/ee8c0ad77c32eb6cf27ae9120157f0fa/element - {"using":"css selector","value":"#j_username"}
RESULT: {"url":"https://qa-testing-00-live-etm-ui.cfapps.eu10-004.hana.ondemand.com/"}
RESULT: undefined
COMMAND: GET /session/ee8c0ad77c32eb6cf27ae9120157f0fa/screenshot - {}
RESULT: {"using":"css selector","value":"#j_username"}
COMMAND: POST /session/ee8c0ad77c32eb6cf27ae9120157f0fa/element - {"using":"css selector","value":"#shell-header-logo"}
RESULT: {}
RESULT: {"using":"css selector","value":"#shell-header-logo"}
COMMAND: POST /session/ee8c0ad77c32eb6cf27ae9120157f0fa/execute/sync - {"script":"<script> [8489 bytes]","args":[{"element-6066-11e4-a52e-4f735466cecf":"f.4EEDEA8BBD1FF6E0A028415A04A49F5E.d.E1F112366CF2A62D38FE7FD238018046.e.13350","ELEMENT":"f.4EEDEA8BBD1FF6E0A028415A04A49F5E.d.E1F112366CF2A62D38FE7FD238018046.e.13350"}]}
RESULT: {"script":"<script> [8489 bytes]","args":[{"element-6066-11e4-a52e-4f735466cecf":"f.4EEDEA8BBD1FF6E0A028415A04A49F5E.d.E1F112366CF2A62D38FE7FD238018046.e.13350","ELEMENT":"f.4EEDEA8BBD1FF6E0A028415A04A49F5E.d.E1F112366CF2A62D38FE7FD238018046.e.13350"}]}
COMMAND: POST /session/ee8c0ad77c32eb6cf27ae9120157f0fa/element - {"using":"css selector","value":"#shell-header-logo"}
COMMAND: GET /session/ee8c0ad77c32eb6cf27ae9120157f0fa/screenshot - {}
RESULT: {"using":"css selector","value":"#shell-header-logo"}
COMMAND: POST /session/ee8c0ad77c32eb6cf27ae9120157f0fa/execute/sync - {"script":"<script> [8489 bytes]","args":[{"element-6066-11e4-a52e-4f735466cecf":"f.4EEDEA8BBD1FF6E0A028415A04A49F5E.d.E1F112366CF2A62D38FE7FD238018046.e.13350","ELEMENT":"f.4EEDEA8BBD1FF6E0A028415A04A49F5E.d.E1F112366CF2A62D38FE7FD238018046.e.13350"}]}
RESULT: {}
RESULT: {"script":"<script> [8489 bytes]","args":[{"element-6066-11e4-a52e-4f735466cecf":"f.4EEDEA8BBD1FF6E0A028415A04A49F5E.d.E1F112366CF2A62D38FE7FD238018046.e.13350","ELEMENT":"f.4EEDEA8BBD1FF6E0A028415A04A49F5E.d.E1F112366CF2A62D38FE7FD238018046.e.13350"}]}
COMMAND: POST /session/ee8c0ad77c32eb6cf27ae9120157f0fa/execute/sync - {"script":"<script> [5351 bytes]","args":[{"element-6066-11e4-a52e-4f735466cecf":"f.4EEDEA8BBD1FF6E0A028415A04A49F5E.d.E1F112366CF2A62D38FE7FD238018046.e.13350","ELEMENT":"f.4EEDEA8BBD1FF6E0A028415A04A49F5E.d.E1F112366CF2A62D38FE7FD238018046.e.13350"}]}
COMMAND: GET /session/ee8c0ad77c32eb6cf27ae9120157f0fa/screenshot - {}
RESULT: {"script":"<script> [5351 bytes]","args":[{"element-6066-11e4-a52e-4f735466cecf":"f.4EEDEA8BBD1FF6E0A028415A04A49F5E.d.E1F112366CF2A62D38FE7FD238018046.e.13350","ELEMENT":"f.4EEDEA8BBD1FF6E0A028415A04A49F5E.d.E1F112366CF2A62D38FE7FD238018046.e.13350"}]}
COMMAND: POST /session/ee8c0ad77c32eb6cf27ae9120157f0fa/element - {"using":"css selector","value":"#shell-header-logo"}
COMMAND: GET /session/ee8c0ad77c32eb6cf27ae9120157f0fa/screenshot - {}
RESULT: {}
RESULT: {"using":"css selector","value":"#shell-header-logo"}
COMMAND: POST /session/ee8c0ad77c32eb6cf27ae9120157f0fa/element/f.4EEDEA8BBD1FF6E0A028415A04A49F5E.d.E1F112366CF2A62D38FE7FD238018046.e.13350/click - {}
RESULT: {}
RESULT: {}
COMMAND: GET /session/ee8c0ad77c32eb6cf27ae9120157f0fa/screenshot - {}
RESULT: {}
COMMAND: POST /session/ee8c0ad77c32eb6cf27ae9120157f0fa/execute/async - {"script":"<script> [189 bytes]","args":[]}
RESULT: {"script":"<script> [189 bytes]","args":[]}
COMMAND: POST /session/ee8c0ad77c32eb6cf27ae9120157f0fa/execute/async - {"script":"<script> [123 bytes]","args":[]}
RESULT: {"script":"<script> [123 bytes]","args":[]}
COMMAND: POST /session/ee8c0ad77c32eb6cf27ae9120157f0fa/timeouts - {"script":"<number>"}
RESULT: {"script":"<number>"}
COMMAND: GET /session/ee8c0ad77c32eb6cf27ae9120157f0fa/timeouts - {}
RESULT: {}
RESULT: undefined
COMMAND: POST /session/ee8c0ad77c32eb6cf27ae9120157f0fa/execute/async - {"script":"<script> [2676 bytes]","args":[]}
RESULT: {"script":"<script> [2676 bytes]","args":[]}
COMMAND: POST /session/ee8c0ad77c32eb6cf27ae9120157f0fa/execute/async - {"script":"<script> [2342 bytes]","args":[{"protocol":"http","hostname":"0.0.0.0","path":"/","capabilities":{"browserName":"chrome","goog:chromeOptions":{"binary":"C:\\Program Files\\Google\\Chrome\\Application\\chrome.exe","args":["--start-maximized"]}},"logLevel":"warn","connectionRetryTimeout":120000,"connectionRetryCount":3,"logLevels":{},"enableDirectConnect":true,"strictSSL":true,"_":"65 more keys: [\"cacheDir\",\"port\",\"requestedCapabilities\",\"automationProtocol\",\"baseUrl\",\"waitforInterval\",\"waitforTimeout\",\"onReload\",\"beforeCommand\",\"afterCommand\",\"rootDir\",\"specs\",\"suites\",\"exclude\",\"groupLogsByTestSpec\",\"excludeDriverLogs\",\"bail\",\"framework\",\"reporters\",\"services\",\"maxInstances\",\"maxInstancesPerCapability\",\"injectGlobals\",\"filesToWatch\",\"execArgv\",\"runnerEnv\",\"runner\",\"shard\",\"specFileRetries\",\"specFileRetriesDelay\",\"specFileRetriesDeferred\",\"reporterSyncInterval\",\"reporterSyncTimeout\",\"cucumberFeaturesWithLineNumbers\",\"autoCompileOpts\",\"mochaOpts\",\"jasmineOpts\",\"cucumberOpts\",\"onPrepare\",\"onWorkerStart\",\"onWorkerEnd\",\"before\",\"beforeSession\",\"beforeSuite\",\"beforeHook\",\"beforeTest\",\"afterTest\",\"afterHook\",\"afterSuite\",\"afterSession\",\"after\",\"onComplete\",\"beforeAssertion\",\"afterAssertion\",\"beforeFeature\",\"beforeScenario\",\"beforeStep\",\"afterStep\",\"afterScenario\",\"afterFeature\",\"_\",\"suite\",\"$0\",\"ignoredWorkerServices\",\"wdi5\"]"}]}
RESULT: {"script":"<script> [2342 bytes]","args":[{"protocol":"http","hostname":"0.0.0.0","path":"/","capabilities":{"browserName":"chrome","goog:chromeOptions":{"binary":"C:\\Program Files\\Google\\Chrome\\Application\\chrome.exe","args":["--start-maximized"]}},"logLevel":"warn","connectionRetryTimeout":120000,"connectionRetryCount":3,"logLevels":{},"enableDirectConnect":true,"strictSSL":true,"_":"65 more keys: [\"cacheDir\",\"port\",\"requestedCapabilities\",\"automationProtocol\",\"baseUrl\",\"waitforInterval\",\"waitforTimeout\",\"onReload\",\"beforeCommand\",\"afterCommand\",\"rootDir\",\"specs\",\"suites\",\"exclude\",\"groupLogsByTestSpec\",\"excludeDriverLogs\",\"bail\",\"framework\",\"reporters\",\"services\",\"maxInstances\",\"maxInstancesPerCapability\",\"injectGlobals\",\"filesToWatch\",\"execArgv\",\"runnerEnv\",\"runner\",\"shard\",\"specFileRetries\",\"specFileRetriesDelay\",\"specFileRetriesDeferred\",\"reporterSyncInterval\",\"reporterSyncTimeout\",\"cucumberFeaturesWithLineNumbers\",\"autoCompileOpts\",\"mochaOpts\",\"jasmineOpts\",\"cucumberOpts\",\"onPrepare\",\"onWorkerStart\",\"onWorkerEnd\",\"before\",\"beforeSession\",\"beforeSuite\",\"beforeHook\",\"beforeTest\",\"afterTest\",\"afterHook\",\"afterSuite\",\"afterSession\",\"after\",\"onComplete\",\"beforeAssertion\",\"afterAssertion\",\"beforeFeature\",\"beforeScenario\",\"beforeStep\",\"afterStep\",\"afterScenario\",\"afterFeature\",\"_\",\"suite\",\"$0\",\"ignoredWorkerServices\",\"wdi5\"]"}]}
COMMAND: POST /session/ee8c0ad77c32eb6cf27ae9120157f0fa/execute/async - {"script":"<script> [21126 bytes]","args":[35000]}
RESULT: {"script":"<script> [21126 bytes]","args":[35000]}
COMMAND: POST /session/ee8c0ad77c32eb6cf27ae9120157f0fa/window/maximize - {}
RESULT: {}
COMMAND: POST /session/ee8c0ad77c32eb6cf27ae9120157f0fa/execute/async - {"script":"<script> [1562 bytes]","args":[{"selector":{"id":"shell-header","interaction":{"idSuffix":"icon"}},"wdio_ui5_key":"shellheader"}]}
COMMAND: GET /session/ee8c0ad77c32eb6cf27ae9120157f0fa/screenshot - {}
RESULT: {"script":"<script> [1562 bytes]","args":[{"selector":{"id":"shell-header","interaction":{"idSuffix":"icon"}},"wdio_ui5_key":"shellheader"}]}
RESULT: undefined
COMMAND: POST /session/ee8c0ad77c32eb6cf27ae9120157f0fa/refresh - {}
RESULT: {}
RESULT: {}
COMMAND: GET /session/ee8c0ad77c32eb6cf27ae9120157f0fa/screenshot - {}
RESULT: {}
COMMAND: POST /session/ee8c0ad77c32eb6cf27ae9120157f0fa/refresh - {}
RESULT: {}
COMMAND: GET /session/ee8c0ad77c32eb6cf27ae9120157f0fa/screenshot - {}
RESULT: {}
COMMAND: POST /session/ee8c0ad77c32eb6cf27ae9120157f0fa/window/fullscreen - {}
RESULT: {}
COMMAND: POST /session/ee8c0ad77c32eb6cf27ae9120157f0fa/execute/async - {"script":"<script> [189 bytes]","args":[]}
RESULT: {"script":"<script> [189 bytes]","args":[]}
COMMAND: POST /session/ee8c0ad77c32eb6cf27ae9120157f0fa/execute/async - {"script":"<script> [123 bytes]","args":[]}
RESULT: {"script":"<script> [123 bytes]","args":[]}
COMMAND: POST /session/ee8c0ad77c32eb6cf27ae9120157f0fa/timeouts - {"script":"<number>"}
RESULT: {"script":"<number>"}
COMMAND: GET /session/ee8c0ad77c32eb6cf27ae9120157f0fa/timeouts - {}
RESULT: {}
RESULT: undefined
COMMAND: POST /session/ee8c0ad77c32eb6cf27ae9120157f0fa/execute/async - {"script":"<script> [2676 bytes]","args":[]}
RESULT: {"script":"<script> [2676 bytes]","args":[]}
COMMAND: POST /session/ee8c0ad77c32eb6cf27ae9120157f0fa/execute/async - {"script":"<script> [2342 bytes]","args":[{"protocol":"http","hostname":"0.0.0.0","path":"/","capabilities":{"browserName":"chrome","goog:chromeOptions":{"binary":"C:\\Program Files\\Google\\Chrome\\Application\\chrome.exe","args":["--start-maximized"]}},"logLevel":"warn","connectionRetryTimeout":120000,"connectionRetryCount":3,"logLevels":{},"enableDirectConnect":true,"strictSSL":true,"_":"65 more keys: [\"cacheDir\",\"port\",\"requestedCapabilities\",\"automationProtocol\",\"baseUrl\",\"waitforInterval\",\"waitforTimeout\",\"onReload\",\"beforeCommand\",\"afterCommand\",\"rootDir\",\"specs\",\"suites\",\"exclude\",\"groupLogsByTestSpec\",\"excludeDriverLogs\",\"bail\",\"framework\",\"reporters\",\"services\",\"maxInstances\",\"maxInstancesPerCapability\",\"injectGlobals\",\"filesToWatch\",\"execArgv\",\"runnerEnv\",\"runner\",\"shard\",\"specFileRetries\",\"specFileRetriesDelay\",\"specFileRetriesDeferred\",\"reporterSyncInterval\",\"reporterSyncTimeout\",\"cucumberFeaturesWithLineNumbers\",\"autoCompileOpts\",\"mochaOpts\",\"jasmineOpts\",\"cucumberOpts\",\"onPrepare\",\"onWorkerStart\",\"onWorkerEnd\",\"before\",\"beforeSession\",\"beforeSuite\",\"beforeHook\",\"beforeTest\",\"afterTest\",\"afterHook\",\"afterSuite\",\"afterSession\",\"after\",\"onComplete\",\"beforeAssertion\",\"afterAssertion\",\"beforeFeature\",\"beforeScenario\",\"beforeStep\",\"afterStep\",\"afterScenario\",\"afterFeature\",\"_\",\"suite\",\"$0\",\"ignoredWorkerServices\",\"wdi5\"]"}]}
RESULT: {"script":"<script> [2342 bytes]","args":[{"protocol":"http","hostname":"0.0.0.0","path":"/","capabilities":{"browserName":"chrome","goog:chromeOptions":{"binary":"C:\\Program Files\\Google\\Chrome\\Application\\chrome.exe","args":["--start-maximized"]}},"logLevel":"warn","connectionRetryTimeout":120000,"connectionRetryCount":3,"logLevels":{},"enableDirectConnect":true,"strictSSL":true,"_":"65 more keys: [\"cacheDir\",\"port\",\"requestedCapabilities\",\"automationProtocol\",\"baseUrl\",\"waitforInterval\",\"waitforTimeout\",\"onReload\",\"beforeCommand\",\"afterCommand\",\"rootDir\",\"specs\",\"suites\",\"exclude\",\"groupLogsByTestSpec\",\"excludeDriverLogs\",\"bail\",\"framework\",\"reporters\",\"services\",\"maxInstances\",\"maxInstancesPerCapability\",\"injectGlobals\",\"filesToWatch\",\"execArgv\",\"runnerEnv\",\"runner\",\"shard\",\"specFileRetries\",\"specFileRetriesDelay\",\"specFileRetriesDeferred\",\"reporterSyncInterval\",\"reporterSyncTimeout\",\"cucumberFeaturesWithLineNumbers\",\"autoCompileOpts\",\"mochaOpts\",\"jasmineOpts\",\"cucumberOpts\",\"onPrepare\",\"onWorkerStart\",\"onWorkerEnd\",\"before\",\"beforeSession\",\"beforeSuite\",\"beforeHook\",\"beforeTest\",\"afterTest\",\"afterHook\",\"afterSuite\",\"afterSession\",\"after\",\"onComplete\",\"beforeAssertion\",\"afterAssertion\",\"beforeFeature\",\"beforeScenario\",\"beforeStep\",\"afterStep\",\"afterScenario\",\"afterFeature\",\"_\",\"suite\",\"$0\",\"ignoredWorkerServices\",\"wdi5\"]"}]}
COMMAND: POST /session/ee8c0ad77c32eb6cf27ae9120157f0fa/execute/async - {"script":"<script> [21126 bytes]","args":[35000]}
RESULT: {"script":"<script> [21126 bytes]","args":[35000]}
]]></system-out>
    </testcase>
  </testsuite>
  <testsuite timestamp="2025-05-14T17:55:16" time="891.084" tests="13" failures="0" errors="0" skipped="0">
    <properties>
      <property name="specId" value="0" />
      <property name="suiteName" value="Performance based billing (work days) US139742" />
      <property name="capabilities" value="chrome.136_0_7103_49.windows" />
      <property name="file" value="file:///D:/a/1/s/test/specs/BTS/billing-performance-workdays.spec.js" />
    </properties>
    <testcase classname="chrome.136_0_7103_49.windows.Performance_based_billing_(work_days)_US139742" name="Should create a new yard" time="0.029">
      <system-out><![CDATA[
COMMAND: POST /session/ee8c0ad77c32eb6cf27ae9120157f0fa/window/fullscreen - {}
RESULT: {}
]]></system-out>
    </testcase>
    <testcase classname="chrome.136_0_7103_49.windows.Performance_based_billing_(work_days)_US139742" name="Should create a new partner" time="0.007" />
    <testcase classname="chrome.136_0_7103_49.windows.Performance_based_billing_(work_days)_US139742" name="Should create a new site" time="0.005" />
    <testcase classname="chrome.136_0_7103_49.windows.Performance_based_billing_(work_days)_US139742" name="Should do prerequisite steps add equipment" time="157.079">
      <system-out><![CDATA[
COMMAND: POST /session/ee8c0ad77c32eb6cf27ae9120157f0fa/execute/async - {"script":"<script> [1562 bytes]","args":[{"selector":{"controlType":"sap.m.GenericTile","properties":{"header":"Manage Resources"}},"wdio_ui5_key":"sapm.GenericTile{\"header\":\"Manage Resources\"}"}]}
RESULT: {"script":"<script> [1562 bytes]","args":[{"selector":{"controlType":"sap.m.GenericTile","properties":{"header":"Manage Resources"}},"wdio_ui5_key":"sapm.GenericTile{\"header\":\"Manage Resources\"}"}]}
RESULT: undefined
COMMAND: POST /session/ee8c0ad77c32eb6cf27ae9120157f0fa/element - {"using":"xpath","value":"//*[@id=\"__tile39\"]"}
RESULT: {"using":"xpath","value":"//*[@id=\"__tile39\"]"}
COMMAND: POST /session/ee8c0ad77c32eb6cf27ae9120157f0fa/element/f.4EEDEA8BBD1FF6E0A028415A04A49F5E.d.ACEF233D05D71B302D0DD97DC6904CEC.e.13493/click - {}
RESULT: {}
COMMAND: GET /session/ee8c0ad77c32eb6cf27ae9120157f0fa/screenshot - {}
RESULT: {}
COMMAND: POST /session/ee8c0ad77c32eb6cf27ae9120157f0fa/elements - {"using":"xpath","value":"//span[text()='Error']"}
RESULT: {"using":"xpath","value":"//span[text()='Error']"}
COMMAND: POST /session/ee8c0ad77c32eb6cf27ae9120157f0fa/element - {"using":"xpath","value":"//button[@data-kt=\"addNewRUOverflowToolbarButton\"]"}
RESULT: {"using":"xpath","value":"//button[@data-kt=\"addNewRUOverflowToolbarButton\"]"}
COMMAND: POST /session/ee8c0ad77c32eb6cf27ae9120157f0fa/elements - {"using":"xpath","value":"//button[@data-kt=\"addNewRUOverflowToolbarButton\"]"}
RESULT: {"using":"xpath","value":"//button[@data-kt=\"addNewRUOverflowToolbarButton\"]"}
COMMAND: POST /session/ee8c0ad77c32eb6cf27ae9120157f0fa/elements - {"using":"xpath","value":"//button[@data-kt=\"addNewRUOverflowToolbarButton\"]"}
RESULT: {"using":"xpath","value":"//button[@data-kt=\"addNewRUOverflowToolbarButton\"]"}
COMMAND: POST /session/ee8c0ad77c32eb6cf27ae9120157f0fa/elements - {"using":"xpath","value":"//button[@data-kt=\"addNewRUOverflowToolbarButton\"]"}
RESULT: {"using":"xpath","value":"//button[@data-kt=\"addNewRUOverflowToolbarButton\"]"}
COMMAND: POST /session/ee8c0ad77c32eb6cf27ae9120157f0fa/elements - {"using":"xpath","value":"//button[@data-kt=\"addNewRUOverflowToolbarButton\"]"}
RESULT: {"using":"xpath","value":"//button[@data-kt=\"addNewRUOverflowToolbarButton\"]"}
COMMAND: POST /session/ee8c0ad77c32eb6cf27ae9120157f0fa/elements - {"using":"xpath","value":"//button[@data-kt=\"addNewRUOverflowToolbarButton\"]"}
RESULT: {"using":"xpath","value":"//button[@data-kt=\"addNewRUOverflowToolbarButton\"]"}
COMMAND: POST /session/ee8c0ad77c32eb6cf27ae9120157f0fa/elements - {"using":"xpath","value":"//button[@data-kt=\"addNewRUOverflowToolbarButton\"]"}
RESULT: {"using":"xpath","value":"//button[@data-kt=\"addNewRUOverflowToolbarButton\"]"}
COMMAND: POST /session/ee8c0ad77c32eb6cf27ae9120157f0fa/elements - {"using":"xpath","value":"//button[@data-kt=\"addNewRUOverflowToolbarButton\"]"}
RESULT: {"using":"xpath","value":"//button[@data-kt=\"addNewRUOverflowToolbarButton\"]"}
COMMAND: POST /session/ee8c0ad77c32eb6cf27ae9120157f0fa/elements - {"using":"xpath","value":"//button[@data-kt=\"addNewRUOverflowToolbarButton\"]"}
RESULT: {"using":"xpath","value":"//button[@data-kt=\"addNewRUOverflowToolbarButton\"]"}
COMMAND: POST /session/ee8c0ad77c32eb6cf27ae9120157f0fa/elements - {"using":"xpath","value":"//button[@data-kt=\"addNewRUOverflowToolbarButton\"]"}
RESULT: {"using":"xpath","value":"//button[@data-kt=\"addNewRUOverflowToolbarButton\"]"}
COMMAND: POST /session/ee8c0ad77c32eb6cf27ae9120157f0fa/element - {"using":"xpath","value":"//button[@data-kt=\"addNewRUOverflowToolbarButton\"]"}
RESULT: {"using":"xpath","value":"//button[@data-kt=\"addNewRUOverflowToolbarButton\"]"}
COMMAND: POST /session/ee8c0ad77c32eb6cf27ae9120157f0fa/execute/sync - {"script":"<script> [8489 bytes]","args":[{"element-6066-11e4-a52e-4f735466cecf":"f.4EEDEA8BBD1FF6E0A028415A04A49F5E.d.ACEF233D05D71B302D0DD97DC6904CEC.e.13622","ELEMENT":"f.4EEDEA8BBD1FF6E0A028415A04A49F5E.d.ACEF233D05D71B302D0DD97DC6904CEC.e.13622"}]}
RESULT: {"script":"<script> [8489 bytes]","args":[{"element-6066-11e4-a52e-4f735466cecf":"f.4EEDEA8BBD1FF6E0A028415A04A49F5E.d.ACEF233D05D71B302D0DD97DC6904CEC.e.13622","ELEMENT":"f.4EEDEA8BBD1FF6E0A028415A04A49F5E.d.ACEF233D05D71B302D0DD97DC6904CEC.e.13622"}]}
COMMAND: GET /session/ee8c0ad77c32eb6cf27ae9120157f0fa/element/f.4EEDEA8BBD1FF6E0A028415A04A49F5E.d.ACEF233D05D71B302D0DD97DC6904CEC.e.13622/enabled - {}
COMMAND: GET /session/ee8c0ad77c32eb6cf27ae9120157f0fa/screenshot - {}
RESULT: {}
COMMAND: POST /session/ee8c0ad77c32eb6cf27ae9120157f0fa/execute/sync - {"script":"<script> [8489 bytes]","args":[{"element-6066-11e4-a52e-4f735466cecf":"f.4EEDEA8BBD1FF6E0A028415A04A49F5E.d.ACEF233D05D71B302D0DD97DC6904CEC.e.13622","ELEMENT":"f.4EEDEA8BBD1FF6E0A028415A04A49F5E.d.ACEF233D05D71B302D0DD97DC6904CEC.e.13622"}]}
COMMAND: GET /session/ee8c0ad77c32eb6cf27ae9120157f0fa/screenshot - {}
RESULT: {}
RESULT: {"script":"<script> [8489 bytes]","args":[{"element-6066-11e4-a52e-4f735466cecf":"f.4EEDEA8BBD1FF6E0A028415A04A49F5E.d.ACEF233D05D71B302D0DD97DC6904CEC.e.13622","ELEMENT":"f.4EEDEA8BBD1FF6E0A028415A04A49F5E.d.ACEF233D05D71B302D0DD97DC6904CEC.e.13622"}]}
COMMAND: POST /session/ee8c0ad77c32eb6cf27ae9120157f0fa/execute/sync - {"script":"<script> [5351 bytes]","args":[{"element-6066-11e4-a52e-4f735466cecf":"f.4EEDEA8BBD1FF6E0A028415A04A49F5E.d.ACEF233D05D71B302D0DD97DC6904CEC.e.13622","ELEMENT":"f.4EEDEA8BBD1FF6E0A028415A04A49F5E.d.ACEF233D05D71B302D0DD97DC6904CEC.e.13622"}]}
COMMAND: GET /session/ee8c0ad77c32eb6cf27ae9120157f0fa/screenshot - {}
RESULT: {}
RESULT: {"script":"<script> [5351 bytes]","args":[{"element-6066-11e4-a52e-4f735466cecf":"f.4EEDEA8BBD1FF6E0A028415A04A49F5E.d.ACEF233D05D71B302D0DD97DC6904CEC.e.13622","ELEMENT":"f.4EEDEA8BBD1FF6E0A028415A04A49F5E.d.ACEF233D05D71B302D0DD97DC6904CEC.e.13622"}]}
COMMAND: POST /session/ee8c0ad77c32eb6cf27ae9120157f0fa/element/f.4EEDEA8BBD1FF6E0A028415A04A49F5E.d.ACEF233D05D71B302D0DD97DC6904CEC.e.13622/click - {}
COMMAND: GET /session/ee8c0ad77c32eb6cf27ae9120157f0fa/screenshot - {}
RESULT: {}
RESULT: {}
COMMAND: GET /session/ee8c0ad77c32eb6cf27ae9120157f0fa/screenshot - {}
COMMAND: POST /session/ee8c0ad77c32eb6cf27ae9120157f0fa/execute/async - {"script":"<script> [1562 bytes]","args":[{"selector":{"id":"application-manageresources-display-component---newResourceUnit--TYPE-arrow"},"wdio_ui5_key":"applicationmanageresources-display-component---newResourceUnit--TYPE-arrow"}]}
RESULT: {}
RESULT: {}
RESULT: {"script":"<script> [1562 bytes]","args":[{"selector":{"id":"application-manageresources-display-component---newResourceUnit--TYPE-arrow"},"wdio_ui5_key":"applicationmanageresources-display-component---newResourceUnit--TYPE-arrow"}]}
RESULT: undefined
COMMAND: POST /session/ee8c0ad77c32eb6cf27ae9120157f0fa/element - {"using":"xpath","value":"//*[@id=\"application-manageresources-display-component---newResourceUnit--TYPE-arrow\"]"}
RESULT: {"using":"xpath","value":"//*[@id=\"application-manageresources-display-component---newResourceUnit--TYPE-arrow\"]"}
COMMAND: POST /session/ee8c0ad77c32eb6cf27ae9120157f0fa/element/f.4EEDEA8BBD1FF6E0A028415A04A49F5E.d.ACEF233D05D71B302D0DD97DC6904CEC.e.13978/click - {}
RESULT: {}
COMMAND: POST /session/ee8c0ad77c32eb6cf27ae9120157f0fa/element - {"using":"xpath","value":"//input[@id=\"application-manageresources-display-component---newResourceUnit--TYPE-inner\"]"}
COMMAND: GET /session/ee8c0ad77c32eb6cf27ae9120157f0fa/screenshot - {}
RESULT: {"using":"xpath","value":"//input[@id=\"application-manageresources-display-component---newResourceUnit--TYPE-inner\"]"}
COMMAND: POST /session/ee8c0ad77c32eb6cf27ae9120157f0fa/element/f.4EEDEA8BBD1FF6E0A028415A04A49F5E.d.ACEF233D05D71B302D0DD97DC6904CEC.e.13975/clear - {}
RESULT: {}
RESULT: {}
COMMAND: POST /session/ee8c0ad77c32eb6cf27ae9120157f0fa/element/f.4EEDEA8BBD1FF6E0A028415A04A49F5E.d.ACEF233D05D71B302D0DD97DC6904CEC.e.13975/value - {"text":"Equipment"}
COMMAND: GET /session/ee8c0ad77c32eb6cf27ae9120157f0fa/screenshot - {}
RESULT: {"text":"Equipment"}
COMMAND: GET /session/ee8c0ad77c32eb6cf27ae9120157f0fa/screenshot - {}
RESULT: {}
RESULT: {}
COMMAND: POST /session/ee8c0ad77c32eb6cf27ae9120157f0fa/actions - {"actions":[{"id":"action50","type":"key","parameters":{},"actions":[{"type":"keyDown","value":"î€‡"},{"type":"pause","duration":10},{"type":"keyUp","value":"î€‡"}]}]}
RESULT: {"actions":[{"id":"action50","type":"key","parameters":{},"actions":[{"type":"keyDown","value":"î€‡"},{"type":"pause","duration":10},{"type":"keyUp","value":"î€‡"}]}]}
COMMAND: POST /session/ee8c0ad77c32eb6cf27ae9120157f0fa/execute/async - {"script":"<script> [1562 bytes]","args":[{"selector":{"id":"application-manageresources-display-component---newResourceUnit--resourceId","interaction":{"idSuffix":"inner"}},"wdio_ui5_key":"applicationmanageresources-display-component---newResourceUnit--resourceId"}]}
COMMAND: GET /session/ee8c0ad77c32eb6cf27ae9120157f0fa/screenshot - {}
RESULT: {"script":"<script> [1562 bytes]","args":[{"selector":{"id":"application-manageresources-display-component---newResourceUnit--resourceId","interaction":{"idSuffix":"inner"}},"wdio_ui5_key":"applicationmanageresources-display-component---newResourceUnit--resourceId"}]}
RESULT: undefined
COMMAND: POST /session/ee8c0ad77c32eb6cf27ae9120157f0fa/execute/async - {"script":"<script> [776 bytes]","args":[{"enterText":"emtLTUIOxz","selector":{"id":"application-manageresources-display-component---newResourceUnit--resourceId","interaction":{"idSuffix":"inner"}},"clearTextFirst":true,"interactionType":"ENTER_TEXT"}]}
RESULT: {}
RESULT: {"script":"<script> [776 bytes]","args":[{"enterText":"emtLTUIOxz","selector":{"id":"application-manageresources-display-component---newResourceUnit--resourceId","interaction":{"idSuffix":"inner"}},"clearTextFirst":true,"interactionType":"ENTER_TEXT"}]}
COMMAND: POST /session/ee8c0ad77c32eb6cf27ae9120157f0fa/execute/async - {"script":"<script> [1562 bytes]","args":[{"selector":{"id":"application-manageresources-display-component---newResourceUnit--SHORT_TEXT","interaction":{"idSuffix":"inner"}},"wdio_ui5_key":"applicationmanageresources-display-component---newResourceUnit--SHORT_TEXT"}]}
RESULT: {"script":"<script> [1562 bytes]","args":[{"selector":{"id":"application-manageresources-display-component---newResourceUnit--SHORT_TEXT","interaction":{"idSuffix":"inner"}},"wdio_ui5_key":"applicationmanageresources-display-component---newResourceUnit--SHORT_TEXT"}]}
RESULT: undefined
COMMAND: POST /session/ee8c0ad77c32eb6cf27ae9120157f0fa/execute/async - {"script":"<script> [776 bytes]","args":[{"enterText":"Intercompany Equipment WDIO","selector":{"id":"application-manageresources-display-component---newResourceUnit--SHORT_TEXT","interaction":{"idSuffix":"inner"}},"clearTextFirst":true,"interactionType":"ENTER_TEXT"}]}
RESULT: {"script":"<script> [776 bytes]","args":[{"enterText":"Intercompany Equipment WDIO","selector":{"id":"application-manageresources-display-component---newResourceUnit--SHORT_TEXT","interaction":{"idSuffix":"inner"}},"clearTextFirst":true,"interactionType":"ENTER_TEXT"}]}
COMMAND: POST /session/ee8c0ad77c32eb6cf27ae9120157f0fa/execute/async - {"script":"<script> [1562 bytes]","args":[{"selector":{"id":"application-manageresources-display-component---newResourceUnit--BASE_UNIT_OF_MEASURE","interaction":{"idSuffix":"inner"}},"wdio_ui5_key":"applicationmanageresources-display-component---newResourceUnit--BASE_UNIT_OF_MEASURE"}]}
RESULT: {"script":"<script> [1562 bytes]","args":[{"selector":{"id":"application-manageresources-display-component---newResourceUnit--BASE_UNIT_OF_MEASURE","interaction":{"idSuffix":"inner"}},"wdio_ui5_key":"applicationmanageresources-display-component---newResourceUnit--BASE_UNIT_OF_MEASURE"}]}
RESULT: undefined
COMMAND: POST /session/ee8c0ad77c32eb6cf27ae9120157f0fa/execute/async - {"script":"<script> [776 bytes]","args":[{"enterText":"Piece","selector":{"id":"application-manageresources-display-component---newResourceUnit--BASE_UNIT_OF_MEASURE","interaction":{"idSuffix":"inner"}},"clearTextFirst":true,"interactionType":"ENTER_TEXT"}]}
RESULT: {"script":"<script> [776 bytes]","args":[{"enterText":"Piece","selector":{"id":"application-manageresources-display-component---newResourceUnit--BASE_UNIT_OF_MEASURE","interaction":{"idSuffix":"inner"}},"clearTextFirst":true,"interactionType":"ENTER_TEXT"}]}
COMMAND: POST /session/ee8c0ad77c32eb6cf27ae9120157f0fa/execute/async - {"script":"<script> [1562 bytes]","args":[{"selector":{"id":"application-manageresources-display-component---newResourceUnit--WEIGHT_UNIT","interaction":{"idSuffix":"inner"}},"wdio_ui5_key":"applicationmanageresources-display-component---newResourceUnit--WEIGHT_UNIT"}]}
RESULT: {"script":"<script> [1562 bytes]","args":[{"selector":{"id":"application-manageresources-display-component---newResourceUnit--WEIGHT_UNIT","interaction":{"idSuffix":"inner"}},"wdio_ui5_key":"applicationmanageresources-display-component---newResourceUnit--WEIGHT_UNIT"}]}
RESULT: undefined
COMMAND: POST /session/ee8c0ad77c32eb6cf27ae9120157f0fa/execute/async - {"script":"<script> [776 bytes]","args":[{"enterText":"Gram","selector":{"id":"application-manageresources-display-component---newResourceUnit--WEIGHT_UNIT","interaction":{"idSuffix":"inner"}},"clearTextFirst":true,"interactionType":"ENTER_TEXT"}]}
RESULT: {"script":"<script> [776 bytes]","args":[{"enterText":"Gram","selector":{"id":"application-manageresources-display-component---newResourceUnit--WEIGHT_UNIT","interaction":{"idSuffix":"inner"}},"clearTextFirst":true,"interactionType":"ENTER_TEXT"}]}
COMMAND: POST /session/ee8c0ad77c32eb6cf27ae9120157f0fa/execute/async - {"script":"<script> [1562 bytes]","args":[{"selector":{"id":"application-manageresources-display-component---newResourceUnit--DIMENSION_UNIT","interaction":{"idSuffix":"inner"}},"wdio_ui5_key":"applicationmanageresources-display-component---newResourceUnit--DIMENSION_UNIT"}]}
RESULT: {"script":"<script> [1562 bytes]","args":[{"selector":{"id":"application-manageresources-display-component---newResourceUnit--DIMENSION_UNIT","interaction":{"idSuffix":"inner"}},"wdio_ui5_key":"applicationmanageresources-display-component---newResourceUnit--DIMENSION_UNIT"}]}
RESULT: undefined
COMMAND: POST /session/ee8c0ad77c32eb6cf27ae9120157f0fa/execute/async - {"script":"<script> [776 bytes]","args":[{"enterText":"Meter","selector":{"id":"application-manageresources-display-component---newResourceUnit--DIMENSION_UNIT","interaction":{"idSuffix":"inner"}},"clearTextFirst":true,"interactionType":"ENTER_TEXT"}]}
RESULT: {"script":"<script> [776 bytes]","args":[{"enterText":"Meter","selector":{"id":"application-manageresources-display-component---newResourceUnit--DIMENSION_UNIT","interaction":{"idSuffix":"inner"}},"clearTextFirst":true,"interactionType":"ENTER_TEXT"}]}
COMMAND: POST /session/ee8c0ad77c32eb6cf27ae9120157f0fa/execute/async - {"script":"<script> [1562 bytes]","args":[{"selector":{"id":"application-manageresources-display-component---newResourceUnit--newRRUPage-anchBar-application-manageresources-display-component---newResourceUnit--control-anchor","interaction":{"idSuffix":"BDI-content"}},"wdio_ui5_key":"applicationmanageresources-display-component---newResourceUnit--newRRUPage-anchBar-application-manageresources-display-component---newResourceUnit--control-anchor"}]}
RESULT: {"script":"<script> [1562 bytes]","args":[{"selector":{"id":"application-manageresources-display-component---newResourceUnit--newRRUPage-anchBar-application-manageresources-display-component---newResourceUnit--control-anchor","interaction":{"idSuffix":"BDI-content"}},"wdio_ui5_key":"applicationmanageresources-display-component---newResourceUnit--newRRUPage-anchBar-application-manageresources-display-component---newResourceUnit--control-anchor"}]}
RESULT: undefined
COMMAND: POST /session/ee8c0ad77c32eb6cf27ae9120157f0fa/element - {"using":"xpath","value":"//*[@id=\"application-manageresources-display-component---newResourceUnit--newRRUPage-anchBar-application-manageresources-display-component---newResourceUnit--control-anchor\"]"}
RESULT: {"using":"xpath","value":"//*[@id=\"application-manageresources-display-component---newResourceUnit--newRRUPage-anchBar-application-manageresources-display-component---newResourceUnit--control-anchor\"]"}
COMMAND: POST /session/ee8c0ad77c32eb6cf27ae9120157f0fa/element/f.4EEDEA8BBD1FF6E0A028415A04A49F5E.d.ACEF233D05D71B302D0DD97DC6904CEC.e.14110/click - {}
RESULT: {}
COMMAND: POST /session/ee8c0ad77c32eb6cf27ae9120157f0fa/execute/async - {"script":"<script> [1562 bytes]","args":[{"selector":{"id":"application-manageresources-display-component---newResourceUnit--PLANNING_GROUP","interaction":{"idSuffix":"inner"}},"wdio_ui5_key":"applicationmanageresources-display-component---newResourceUnit--PLANNING_GROUP"}]}
COMMAND: GET /session/ee8c0ad77c32eb6cf27ae9120157f0fa/screenshot - {}
RESULT: {"script":"<script> [1562 bytes]","args":[{"selector":{"id":"application-manageresources-display-component---newResourceUnit--PLANNING_GROUP","interaction":{"idSuffix":"inner"}},"wdio_ui5_key":"applicationmanageresources-display-component---newResourceUnit--PLANNING_GROUP"}]}
RESULT: undefined
COMMAND: POST /session/ee8c0ad77c32eb6cf27ae9120157f0fa/execute/async - {"script":"<script> [776 bytes]","args":[{"enterText":"Heavy Equi","selector":{"id":"application-manageresources-display-component---newResourceUnit--PLANNING_GROUP","interaction":{"idSuffix":"inner"}},"clearTextFirst":true,"interactionType":"ENTER_TEXT"}]}
RESULT: {}
RESULT: {"script":"<script> [776 bytes]","args":[{"enterText":"Heavy Equi","selector":{"id":"application-manageresources-display-component---newResourceUnit--PLANNING_GROUP","interaction":{"idSuffix":"inner"}},"clearTextFirst":true,"interactionType":"ENTER_TEXT"}]}
COMMAND: POST /session/ee8c0ad77c32eb6cf27ae9120157f0fa/execute/async - {"script":"<script> [1562 bytes]","args":[{"selector":{"id":"application-manageresources-display-component---newResourceUnit--ITEM_TYPE-arrow"},"wdio_ui5_key":"applicationmanageresources-display-component---newResourceUnit--ITEM_TYPE-arrow"}]}
RESULT: {"script":"<script> [1562 bytes]","args":[{"selector":{"id":"application-manageresources-display-component---newResourceUnit--ITEM_TYPE-arrow"},"wdio_ui5_key":"applicationmanageresources-display-component---newResourceUnit--ITEM_TYPE-arrow"}]}
RESULT: undefined
COMMAND: POST /session/ee8c0ad77c32eb6cf27ae9120157f0fa/element - {"using":"xpath","value":"//*[@id=\"application-manageresources-display-component---newResourceUnit--ITEM_TYPE-arrow\"]"}
RESULT: {"using":"xpath","value":"//*[@id=\"application-manageresources-display-component---newResourceUnit--ITEM_TYPE-arrow\"]"}
COMMAND: POST /session/ee8c0ad77c32eb6cf27ae9120157f0fa/element/f.4EEDEA8BBD1FF6E0A028415A04A49F5E.d.ACEF233D05D71B302D0DD97DC6904CEC.e.14119/click - {}
RESULT: {}
COMMAND: POST /session/ee8c0ad77c32eb6cf27ae9120157f0fa/element - {"using":"xpath","value":"(//span[contains(text(), \"Resource Unit\")])[2]"}
COMMAND: GET /session/ee8c0ad77c32eb6cf27ae9120157f0fa/screenshot - {}
RESULT: {"using":"xpath","value":"(//span[contains(text(), \"Resource Unit\")])[2]"}
COMMAND: POST /session/ee8c0ad77c32eb6cf27ae9120157f0fa/element/f.4EEDEA8BBD1FF6E0A028415A04A49F5E.d.ACEF233D05D71B302D0DD97DC6904CEC.e.14120/click - {}
RESULT: {}
RESULT: {}
COMMAND: GET /session/ee8c0ad77c32eb6cf27ae9120157f0fa/screenshot - {}
RESULT: {}
COMMAND: POST /session/ee8c0ad77c32eb6cf27ae9120157f0fa/element - {"using":"css selector","value":"#application-manageresources-display-component---newResourceUnit--btnAddTimeSegment"}
RESULT: {"using":"css selector","value":"#application-manageresources-display-component---newResourceUnit--btnAddTimeSegment"}
COMMAND: GET /session/ee8c0ad77c32eb6cf27ae9120157f0fa/element/f.4EEDEA8BBD1FF6E0A028415A04A49F5E.d.ACEF233D05D71B302D0DD97DC6904CEC.e.14121/rect - {}
RESULT: {}
COMMAND: GET /session/ee8c0ad77c32eb6cf27ae9120157f0fa/window/rect - {}
RESULT: {}
COMMAND: POST /session/ee8c0ad77c32eb6cf27ae9120157f0fa/execute/sync - {"script":"<script> [92 bytes]","args":[]}
RESULT: {"script":"<script> [92 bytes]","args":[]}
COMMAND: POST /session/ee8c0ad77c32eb6cf27ae9120157f0fa/actions - {"actions":[{"id":"action51","type":"wheel","parameters":{},"actions":[{"type":"scroll","x":-1888,"y":-32,"deltaX":0,"deltaY":0,"duration":0,"origin":{"element-6066-11e4-a52e-4f735466cecf":"f.4EEDEA8BBD1FF6E0A028415A04A49F5E.d.ACEF233D05D71B302D0DD97DC6904CEC.e.14121"}}]}]}
COMMAND: GET /session/ee8c0ad77c32eb6cf27ae9120157f0fa/screenshot - {}
RESULT: {}
COMMAND: POST /session/ee8c0ad77c32eb6cf27ae9120157f0fa/execute/sync - {"script":"<script> [79 bytes]","args":[{"element-6066-11e4-a52e-4f735466cecf":"f.4EEDEA8BBD1FF6E0A028415A04A49F5E.d.ACEF233D05D71B302D0DD97DC6904CEC.e.14121","ELEMENT":"f.4EEDEA8BBD1FF6E0A028415A04A49F5E.d.ACEF233D05D71B302D0DD97DC6904CEC.e.14121"},{"block":"start","inline":"nearest"}]}
RESULT: {"script":"<script> [79 bytes]","args":[{"element-6066-11e4-a52e-4f735466cecf":"f.4EEDEA8BBD1FF6E0A028415A04A49F5E.d.ACEF233D05D71B302D0DD97DC6904CEC.e.14121","ELEMENT":"f.4EEDEA8BBD1FF6E0A028415A04A49F5E.d.ACEF233D05D71B302D0DD97DC6904CEC.e.14121"},{"block":"start","inline":"nearest"}]}
COMMAND: POST /session/ee8c0ad77c32eb6cf27ae9120157f0fa/execute/async - {"script":"<script> [1562 bytes]","args":[{"selector":{"id":"application-manageresources-display-component---newResourceUnit--btnAddTimeSegment","interaction":{"idSuffix":"inner"}},"wdio_ui5_key":"applicationmanageresources-display-component---newResourceUnit--btnAddTimeSegment"}]}
COMMAND: GET /session/ee8c0ad77c32eb6cf27ae9120157f0fa/screenshot - {}
RESULT: {"script":"<script> [1562 bytes]","args":[{"selector":{"id":"application-manageresources-display-component---newResourceUnit--btnAddTimeSegment","interaction":{"idSuffix":"inner"}},"wdio_ui5_key":"applicationmanageresources-display-component---newResourceUnit--btnAddTimeSegment"}]}
RESULT: undefined
COMMAND: POST /session/ee8c0ad77c32eb6cf27ae9120157f0fa/element - {"using":"xpath","value":"//*[@id=\"application-manageresources-display-component---newResourceUnit--btnAddTimeSegment\"]"}
RESULT: {}
RESULT: {"using":"xpath","value":"//*[@id=\"application-manageresources-display-component---newResourceUnit--btnAddTimeSegment\"]"}
COMMAND: POST /session/ee8c0ad77c32eb6cf27ae9120157f0fa/element/f.4EEDEA8BBD1FF6E0A028415A04A49F5E.d.ACEF233D05D71B302D0DD97DC6904CEC.e.14121/click - {}
RESULT: {}
COMMAND: GET /session/ee8c0ad77c32eb6cf27ae9120157f0fa/screenshot - {}
RESULT: {}
COMMAND: POST /session/ee8c0ad77c32eb6cf27ae9120157f0fa/element - {"using":"xpath","value":"//input[@id=\"application-manageresources-display-component---newResourceUnit--idRuTSAdmin-application-manageresources-display-component---newResourceUnit--RUTimeSegment-0-inner\"]"}
RESULT: {"using":"xpath","value":"//input[@id=\"application-manageresources-display-component---newResourceUnit--idRuTSAdmin-application-manageresources-display-component---newResourceUnit--RUTimeSegment-0-inner\"]"}
COMMAND: POST /session/ee8c0ad77c32eb6cf27ae9120157f0fa/element/f.4EEDEA8BBD1FF6E0A028415A04A49F5E.d.ACEF233D05D71B302D0DD97DC6904CEC.e.14127/clear - {}
RESULT: {}
COMMAND: POST /session/ee8c0ad77c32eb6cf27ae9120157f0fa/element/f.4EEDEA8BBD1FF6E0A028415A04A49F5E.d.ACEF233D05D71B302D0DD97DC6904CEC.e.14127/value - {"text":"366"}
COMMAND: GET /session/ee8c0ad77c32eb6cf27ae9120157f0fa/screenshot - {}
RESULT: {"text":"366"}
COMMAND: GET /session/ee8c0ad77c32eb6cf27ae9120157f0fa/screenshot - {}
RESULT: {}
RESULT: {}
COMMAND: POST /session/ee8c0ad77c32eb6cf27ae9120157f0fa/element - {"using":"xpath","value":"//li[.//span[text()='366']]"}
RESULT: {"using":"xpath","value":"//li[.//span[text()='366']]"}
COMMAND: POST /session/ee8c0ad77c32eb6cf27ae9120157f0fa/element/f.4EEDEA8BBD1FF6E0A028415A04A49F5E.d.ACEF233D05D71B302D0DD97DC6904CEC.e.14139/click - {}
RESULT: {}
COMMAND: GET /session/ee8c0ad77c32eb6cf27ae9120157f0fa/screenshot - {}
RESULT: {}
COMMAND: POST /session/ee8c0ad77c32eb6cf27ae9120157f0fa/element - {"using":"xpath","value":"(//span[contains(@id, \"-application-manageresources-display-component---newResourceUnit--RUTimeSegment-0-arrow\")])[6]"}
RESULT: {"using":"xpath","value":"(//span[contains(@id, \"-application-manageresources-display-component---newResourceUnit--RUTimeSegment-0-arrow\")])[6]"}
COMMAND: POST /session/ee8c0ad77c32eb6cf27ae9120157f0fa/element/f.4EEDEA8BBD1FF6E0A028415A04A49F5E.d.ACEF233D05D71B302D0DD97DC6904CEC.e.14140/click - {}
RESULT: {}
COMMAND: GET /session/ee8c0ad77c32eb6cf27ae9120157f0fa/screenshot - {}
RESULT: {}
COMMAND: POST /session/ee8c0ad77c32eb6cf27ae9120157f0fa/element - {"using":"xpath","value":"//span[contains(text(), \"PM Order\")]"}
RESULT: {"using":"xpath","value":"//span[contains(text(), \"PM Order\")]"}
COMMAND: POST /session/ee8c0ad77c32eb6cf27ae9120157f0fa/element/f.4EEDEA8BBD1FF6E0A028415A04A49F5E.d.ACEF233D05D71B302D0DD97DC6904CEC.e.14143/click - {}
RESULT: {}
COMMAND: GET /session/ee8c0ad77c32eb6cf27ae9120157f0fa/screenshot - {}
RESULT: {}
COMMAND: POST /session/ee8c0ad77c32eb6cf27ae9120157f0fa/element - {"using":"xpath","value":"(//span[contains(@id ,\"manageresources-display-component---newResourceUnit--RUTimeSegment-0-vhi\")])[1]"}
RESULT: {"using":"xpath","value":"(//span[contains(@id ,\"manageresources-display-component---newResourceUnit--RUTimeSegment-0-vhi\")])[1]"}
COMMAND: GET /session/ee8c0ad77c32eb6cf27ae9120157f0fa/element/f.4EEDEA8BBD1FF6E0A028415A04A49F5E.d.ACEF233D05D71B302D0DD97DC6904CEC.e.14147/rect - {}
RESULT: {}
COMMAND: GET /session/ee8c0ad77c32eb6cf27ae9120157f0fa/window/rect - {}
RESULT: {}
COMMAND: POST /session/ee8c0ad77c32eb6cf27ae9120157f0fa/execute/sync - {"script":"<script> [92 bytes]","args":[]}
RESULT: {"script":"<script> [92 bytes]","args":[]}
COMMAND: POST /session/ee8c0ad77c32eb6cf27ae9120157f0fa/actions - {"actions":[{"id":"action52","type":"wheel","parameters":{},"actions":[{"type":"scroll","x":-869,"y":-24,"deltaX":0,"deltaY":0,"duration":0,"origin":{"element-6066-11e4-a52e-4f735466cecf":"f.4EEDEA8BBD1FF6E0A028415A04A49F5E.d.ACEF233D05D71B302D0DD97DC6904CEC.e.14147"}}]}]}
COMMAND: GET /session/ee8c0ad77c32eb6cf27ae9120157f0fa/screenshot - {}
RESULT: {"actions":[{"id":"action52","type":"wheel","parameters":{},"actions":[{"type":"scroll","x":-869,"y":-24,"deltaX":0,"deltaY":0,"duration":0,"origin":{"element-6066-11e4-a52e-4f735466cecf":"f.4EEDEA8BBD1FF6E0A028415A04A49F5E.d.ACEF233D05D71B302D0DD97DC6904CEC.e.14147"}}]}]}
COMMAND: DELETE /session/ee8c0ad77c32eb6cf27ae9120157f0fa/actions - {}
COMMAND: GET /session/ee8c0ad77c32eb6cf27ae9120157f0fa/screenshot - {}
RESULT: {}
RESULT: {}
COMMAND: GET /session/ee8c0ad77c32eb6cf27ae9120157f0fa/screenshot - {}
RESULT: {}
RESULT: {}
COMMAND: POST /session/ee8c0ad77c32eb6cf27ae9120157f0fa/element/f.4EEDEA8BBD1FF6E0A028415A04A49F5E.d.ACEF233D05D71B302D0DD97DC6904CEC.e.14147/click - {}
RESULT: {}
COMMAND: GET /session/ee8c0ad77c32eb6cf27ae9120157f0fa/screenshot - {}
RESULT: {}
COMMAND: POST /session/ee8c0ad77c32eb6cf27ae9120157f0fa/execute/async - {"script":"<script> [1562 bytes]","args":[{"selector":{"controlType":"sap.m.SearchField","properties":{"placeholder":"Search"},"searchOpenDialogs":true,"interaction":{"idSuffix":"I"}},"wdio_ui5_key":"sapm.SearchField{\"placeholder\":\"Search\"}"}]}
RESULT: {"script":"<script> [1562 bytes]","args":[{"selector":{"controlType":"sap.m.SearchField","properties":{"placeholder":"Search"},"searchOpenDialogs":true,"interaction":{"idSuffix":"I"}},"wdio_ui5_key":"sapm.SearchField{\"placeholder\":\"Search\"}"}]}
RESULT: undefined
COMMAND: POST /session/ee8c0ad77c32eb6cf27ae9120157f0fa/execute/async - {"script":"<script> [776 bytes]","args":[{"enterText":"4000360","selector":{"controlType":"sap.m.SearchField","properties":{"placeholder":"Search"},"searchOpenDialogs":true,"interaction":{"idSuffix":"I"}},"clearTextFirst":true,"interactionType":"ENTER_TEXT"}]}
RESULT: {"script":"<script> [776 bytes]","args":[{"enterText":"4000360","selector":{"controlType":"sap.m.SearchField","properties":{"placeholder":"Search"},"searchOpenDialogs":true,"interaction":{"idSuffix":"I"}},"clearTextFirst":true,"interactionType":"ENTER_TEXT"}]}
COMMAND: POST /session/ee8c0ad77c32eb6cf27ae9120157f0fa/actions - {"actions":[{"id":"action53","type":"key","parameters":{},"actions":[{"type":"keyDown","value":"î€‡"},{"type":"pause","duration":10},{"type":"keyUp","value":"î€‡"}]}]}
RESULT: {"actions":[{"id":"action53","type":"key","parameters":{},"actions":[{"type":"keyDown","value":"î€‡"},{"type":"pause","duration":10},{"type":"keyUp","value":"î€‡"}]}]}
COMMAND: GET /session/ee8c0ad77c32eb6cf27ae9120157f0fa/screenshot - {}
RESULT: {}
COMMAND: POST /session/ee8c0ad77c32eb6cf27ae9120157f0fa/element - {"using":"xpath","value":"//td/div/span[contains(text(), \"BGL Vehicles\")]"}
RESULT: {"using":"xpath","value":"//td/div/span[contains(text(), \"BGL Vehicles\")]"}
COMMAND: POST /session/ee8c0ad77c32eb6cf27ae9120157f0fa/element/f.4EEDEA8BBD1FF6E0A028415A04A49F5E.d.ACEF233D05D71B302D0DD97DC6904CEC.e.14168/click - {}
RESULT: {}
COMMAND: GET /session/ee8c0ad77c32eb6cf27ae9120157f0fa/screenshot - {}
RESULT: {}
COMMAND: POST /session/ee8c0ad77c32eb6cf27ae9120157f0fa/element - {"using":"xpath","value":"//bdi[contains(text(), \"OK\")]"}
RESULT: {"using":"xpath","value":"//bdi[contains(text(), \"OK\")]"}
COMMAND: POST /session/ee8c0ad77c32eb6cf27ae9120157f0fa/element/f.4EEDEA8BBD1FF6E0A028415A04A49F5E.d.ACEF233D05D71B302D0DD97DC6904CEC.e.14169/click - {}
RESULT: {}
COMMAND: GET /session/ee8c0ad77c32eb6cf27ae9120157f0fa/screenshot - {}
RESULT: {}
COMMAND: POST /session/ee8c0ad77c32eb6cf27ae9120157f0fa/execute/async - {"script":"<script> [1562 bytes]","args":[{"selector":{"id":"application-manageresources-display-component---newResourceUnit--newRRUPage-anchBar-application-manageresources-display-component---newResourceUnit--resource-anchor","interaction":{"idSuffix":"BDI-content"}},"wdio_ui5_key":"applicationmanageresources-display-component---newResourceUnit--newRRUPage-anchBar-application-manageresources-display-component---newResourceUnit--resource-anchor"}]}
RESULT: {"script":"<script> [1562 bytes]","args":[{"selector":{"id":"application-manageresources-display-component---newResourceUnit--newRRUPage-anchBar-application-manageresources-display-component---newResourceUnit--resource-anchor","interaction":{"idSuffix":"BDI-content"}},"wdio_ui5_key":"applicationmanageresources-display-component---newResourceUnit--newRRUPage-anchBar-application-manageresources-display-component---newResourceUnit--resource-anchor"}]}
RESULT: undefined
COMMAND: POST /session/ee8c0ad77c32eb6cf27ae9120157f0fa/element - {"using":"xpath","value":"//*[@id=\"application-manageresources-display-component---newResourceUnit--newRRUPage-anchBar-application-manageresources-display-component---newResourceUnit--resource-anchor\"]"}
RESULT: {"using":"xpath","value":"//*[@id=\"application-manageresources-display-component---newResourceUnit--newRRUPage-anchBar-application-manageresources-display-component---newResourceUnit--resource-anchor\"]"}
COMMAND: POST /session/ee8c0ad77c32eb6cf27ae9120157f0fa/element/f.4EEDEA8BBD1FF6E0A028415A04A49F5E.d.ACEF233D05D71B302D0DD97DC6904CEC.e.14173/click - {}
RESULT: {}
COMMAND: POST /session/ee8c0ad77c32eb6cf27ae9120157f0fa/execute/async - {"script":"<script> [1562 bytes]","args":[{"selector":{"id":"application-manageresources-display-component---newResourceUnit--PLANNED_DELIVERY_DATE","interaction":{"idSuffix":"inner"}},"wdio_ui5_key":"applicationmanageresources-display-component---newResourceUnit--PLANNED_DELIVERY_DATE"}]}
COMMAND: GET /session/ee8c0ad77c32eb6cf27ae9120157f0fa/screenshot - {}
RESULT: {"script":"<script> [1562 bytes]","args":[{"selector":{"id":"application-manageresources-display-component---newResourceUnit--PLANNED_DELIVERY_DATE","interaction":{"idSuffix":"inner"}},"wdio_ui5_key":"applicationmanageresources-display-component---newResourceUnit--PLANNED_DELIVERY_DATE"}]}
RESULT: undefined
COMMAND: POST /session/ee8c0ad77c32eb6cf27ae9120157f0fa/execute/async - {"script":"<script> [6424 bytes]","args":[{"element-6066-11e4-a52e-4f735466cecf":"f.4EEDEA8BBD1FF6E0A028415A04A49F5E.d.ACEF233D05D71B302D0DD97DC6904CEC.e.14035"},"setValue",["5/14/25"]]}
RESULT: {}
RESULT: {"script":"<script> [6424 bytes]","args":[{"element-6066-11e4-a52e-4f735466cecf":"f.4EEDEA8BBD1FF6E0A028415A04A49F5E.d.ACEF233D05D71B302D0DD97DC6904CEC.e.14035"},"setValue",["5/14/25"]]}
COMMAND: POST /session/ee8c0ad77c32eb6cf27ae9120157f0fa/element - {"using":"xpath","value":"//label[contains(@class, 'sapMLabelRequired') and .//bdi[contains(text(), 'Planned Retirement')]]"}
RESULT: {"using":"xpath","value":"//label[contains(@class, 'sapMLabelRequired') and .//bdi[contains(text(), 'Planned Retirement')]]"}
COMMAND: POST /session/ee8c0ad77c32eb6cf27ae9120157f0fa/elements - {"using":"xpath","value":"//label[contains(@class, 'sapMLabelRequired') and .//bdi[contains(text(), 'Planned Retirement')]]"}
RESULT: {"using":"xpath","value":"//label[contains(@class, 'sapMLabelRequired') and .//bdi[contains(text(), 'Planned Retirement')]]"}
COMMAND: POST /session/ee8c0ad77c32eb6cf27ae9120157f0fa/element - {"using":"xpath","value":"//button[@data-kt=\"resourceUnitSaveButton\"]"}
RESULT: {"using":"xpath","value":"//button[@data-kt=\"resourceUnitSaveButton\"]"}
COMMAND: POST /session/ee8c0ad77c32eb6cf27ae9120157f0fa/element/f.4EEDEA8BBD1FF6E0A028415A04A49F5E.d.ACEF233D05D71B302D0DD97DC6904CEC.e.13995/click - {}
RESULT: {}
COMMAND: GET /session/ee8c0ad77c32eb6cf27ae9120157f0fa/screenshot - {}
RESULT: {}
COMMAND: POST /session/ee8c0ad77c32eb6cf27ae9120157f0fa/element - {"using":"xpath","value":"//bdi[contains(text(), \"Close\")]"}
RESULT: {"using":"xpath","value":"//bdi[contains(text(), \"Close\")]"}
COMMAND: POST /session/ee8c0ad77c32eb6cf27ae9120157f0fa/element/f.4EEDEA8BBD1FF6E0A028415A04A49F5E.d.ACEF233D05D71B302D0DD97DC6904CEC.e.14181/click - {}
RESULT: {}
COMMAND: GET /session/ee8c0ad77c32eb6cf27ae9120157f0fa/screenshot - {}
RESULT: {}
COMMAND: POST /session/ee8c0ad77c32eb6cf27ae9120157f0fa/element - {"using":"xpath","value":"(//button[contains(@id ,\"actionsToolbar-overflowButton\")])[1]"}
RESULT: {"using":"xpath","value":"(//button[contains(@id ,\"actionsToolbar-overflowButton\")])[1]"}
COMMAND: POST /session/ee8c0ad77c32eb6cf27ae9120157f0fa/element/f.4EEDEA8BBD1FF6E0A028415A04A49F5E.d.ACEF233D05D71B302D0DD97DC6904CEC.e.14212/click - {}
RESULT: {}
COMMAND: GET /session/ee8c0ad77c32eb6cf27ae9120157f0fa/screenshot - {}
RESULT: {}
COMMAND: POST /session/ee8c0ad77c32eb6cf27ae9120157f0fa/element - {"using":"xpath","value":"//button[@data-kt=\"priceInfoButton\"]"}
RESULT: {"using":"xpath","value":"//button[@data-kt=\"priceInfoButton\"]"}
COMMAND: POST /session/ee8c0ad77c32eb6cf27ae9120157f0fa/element/f.4EEDEA8BBD1FF6E0A028415A04A49F5E.d.ACEF233D05D71B302D0DD97DC6904CEC.e.14214/click - {}
RESULT: {}
COMMAND: GET /session/ee8c0ad77c32eb6cf27ae9120157f0fa/screenshot - {}
RESULT: {}
]]></system-out>
    </testcase>
    <testcase classname="chrome.136_0_7103_49.windows.Performance_based_billing_(work_days)_US139742" name="Should create a pricing rule perf based on the equipment" time="56.142">
      <system-out><![CDATA[
COMMAND: POST /session/ee8c0ad77c32eb6cf27ae9120157f0fa/element - {"using":"xpath","value":"//button[@data-kt=\"addButton\"]"}
RESULT: {"using":"xpath","value":"//button[@data-kt=\"addButton\"]"}
COMMAND: POST /session/ee8c0ad77c32eb6cf27ae9120157f0fa/elements - {"using":"xpath","value":"//button[@data-kt=\"addButton\"]"}
RESULT: {"using":"xpath","value":"//button[@data-kt=\"addButton\"]"}
COMMAND: POST /session/ee8c0ad77c32eb6cf27ae9120157f0fa/elements - {"using":"xpath","value":"//button[@data-kt=\"addButton\"]"}
RESULT: {"using":"xpath","value":"//button[@data-kt=\"addButton\"]"}
COMMAND: POST /session/ee8c0ad77c32eb6cf27ae9120157f0fa/elements - {"using":"xpath","value":"//button[@data-kt=\"addButton\"]"}
RESULT: {"using":"xpath","value":"//button[@data-kt=\"addButton\"]"}
COMMAND: POST /session/ee8c0ad77c32eb6cf27ae9120157f0fa/elements - {"using":"xpath","value":"//button[@data-kt=\"addButton\"]"}
RESULT: {"using":"xpath","value":"//button[@data-kt=\"addButton\"]"}
COMMAND: POST /session/ee8c0ad77c32eb6cf27ae9120157f0fa/elements - {"using":"xpath","value":"//button[@data-kt=\"addButton\"]"}
RESULT: {"using":"xpath","value":"//button[@data-kt=\"addButton\"]"}
COMMAND: POST /session/ee8c0ad77c32eb6cf27ae9120157f0fa/elements - {"using":"xpath","value":"//button[@data-kt=\"addButton\"]"}
RESULT: {"using":"xpath","value":"//button[@data-kt=\"addButton\"]"}
COMMAND: POST /session/ee8c0ad77c32eb6cf27ae9120157f0fa/elements - {"using":"xpath","value":"//button[@data-kt=\"addButton\"]"}
RESULT: {"using":"xpath","value":"//button[@data-kt=\"addButton\"]"}
COMMAND: POST /session/ee8c0ad77c32eb6cf27ae9120157f0fa/elements - {"using":"xpath","value":"//button[@data-kt=\"addButton\"]"}
RESULT: {"using":"xpath","value":"//button[@data-kt=\"addButton\"]"}
COMMAND: POST /session/ee8c0ad77c32eb6cf27ae9120157f0fa/elements - {"using":"xpath","value":"//button[@data-kt=\"addButton\"]"}
RESULT: {"using":"xpath","value":"//button[@data-kt=\"addButton\"]"}
COMMAND: POST /session/ee8c0ad77c32eb6cf27ae9120157f0fa/element - {"using":"xpath","value":"//button[@data-kt=\"addButton\"]"}
RESULT: {"using":"xpath","value":"//button[@data-kt=\"addButton\"]"}
COMMAND: POST /session/ee8c0ad77c32eb6cf27ae9120157f0fa/execute/sync - {"script":"<script> [8489 bytes]","args":[{"element-6066-11e4-a52e-4f735466cecf":"f.4EEDEA8BBD1FF6E0A028415A04A49F5E.d.ACEF233D05D71B302D0DD97DC6904CEC.e.14250","ELEMENT":"f.4EEDEA8BBD1FF6E0A028415A04A49F5E.d.ACEF233D05D71B302D0DD97DC6904CEC.e.14250"}]}
RESULT: {"script":"<script> [8489 bytes]","args":[{"element-6066-11e4-a52e-4f735466cecf":"f.4EEDEA8BBD1FF6E0A028415A04A49F5E.d.ACEF233D05D71B302D0DD97DC6904CEC.e.14250","ELEMENT":"f.4EEDEA8BBD1FF6E0A028415A04A49F5E.d.ACEF233D05D71B302D0DD97DC6904CEC.e.14250"}]}
COMMAND: GET /session/ee8c0ad77c32eb6cf27ae9120157f0fa/element/f.4EEDEA8BBD1FF6E0A028415A04A49F5E.d.ACEF233D05D71B302D0DD97DC6904CEC.e.14250/enabled - {}
COMMAND: GET /session/ee8c0ad77c32eb6cf27ae9120157f0fa/screenshot - {}
RESULT: {}
COMMAND: POST /session/ee8c0ad77c32eb6cf27ae9120157f0fa/execute/sync - {"script":"<script> [8489 bytes]","args":[{"element-6066-11e4-a52e-4f735466cecf":"f.4EEDEA8BBD1FF6E0A028415A04A49F5E.d.ACEF233D05D71B302D0DD97DC6904CEC.e.14250","ELEMENT":"f.4EEDEA8BBD1FF6E0A028415A04A49F5E.d.ACEF233D05D71B302D0DD97DC6904CEC.e.14250"}]}
COMMAND: GET /session/ee8c0ad77c32eb6cf27ae9120157f0fa/screenshot - {}
RESULT: {}
RESULT: {"script":"<script> [8489 bytes]","args":[{"element-6066-11e4-a52e-4f735466cecf":"f.4EEDEA8BBD1FF6E0A028415A04A49F5E.d.ACEF233D05D71B302D0DD97DC6904CEC.e.14250","ELEMENT":"f.4EEDEA8BBD1FF6E0A028415A04A49F5E.d.ACEF233D05D71B302D0DD97DC6904CEC.e.14250"}]}
COMMAND: POST /session/ee8c0ad77c32eb6cf27ae9120157f0fa/execute/sync - {"script":"<script> [5351 bytes]","args":[{"element-6066-11e4-a52e-4f735466cecf":"f.4EEDEA8BBD1FF6E0A028415A04A49F5E.d.ACEF233D05D71B302D0DD97DC6904CEC.e.14250","ELEMENT":"f.4EEDEA8BBD1FF6E0A028415A04A49F5E.d.ACEF233D05D71B302D0DD97DC6904CEC.e.14250"}]}
COMMAND: GET /session/ee8c0ad77c32eb6cf27ae9120157f0fa/screenshot - {}
RESULT: {}
RESULT: {"script":"<script> [5351 bytes]","args":[{"element-6066-11e4-a52e-4f735466cecf":"f.4EEDEA8BBD1FF6E0A028415A04A49F5E.d.ACEF233D05D71B302D0DD97DC6904CEC.e.14250","ELEMENT":"f.4EEDEA8BBD1FF6E0A028415A04A49F5E.d.ACEF233D05D71B302D0DD97DC6904CEC.e.14250"}]}
COMMAND: POST /session/ee8c0ad77c32eb6cf27ae9120157f0fa/element/f.4EEDEA8BBD1FF6E0A028415A04A49F5E.d.ACEF233D05D71B302D0DD97DC6904CEC.e.14250/click - {}
COMMAND: GET /session/ee8c0ad77c32eb6cf27ae9120157f0fa/screenshot - {}
RESULT: {}
RESULT: {}
COMMAND: GET /session/ee8c0ad77c32eb6cf27ae9120157f0fa/screenshot - {}
RESULT: {}
RESULT: {}
COMMAND: POST /session/ee8c0ad77c32eb6cf27ae9120157f0fa/execute/async - {"script":"<script> [1562 bytes]","args":[{"selector":{"controlType":"sap.m.Title","viewName":"etm.portal.ui.managepricingrules.view.NewItem","viewId":"application-managepricingrules-display-component---newInfoPriceItem","properties":{"text":"New Pricing Rules - Item Level"}},"wdio_ui5_key":"etmportal.ui.managepricingrules.view.NewItemsap.m.Title{\"text\":\"New Pricing Rules - Item Level\"}"}]}
RESULT: {"script":"<script> [1562 bytes]","args":[{"selector":{"controlType":"sap.m.Title","viewName":"etm.portal.ui.managepricingrules.view.NewItem","viewId":"application-managepricingrules-display-component---newInfoPriceItem","properties":{"text":"New Pricing Rules - Item Level"}},"wdio_ui5_key":"etmportal.ui.managepricingrules.view.NewItemsap.m.Title{\"text\":\"New Pricing Rules - Item Level\"}"}]}
RESULT: undefined
COMMAND: POST /session/ee8c0ad77c32eb6cf27ae9120157f0fa/execute/async - {"script":"<script> [6424 bytes]","args":[{"element-6066-11e4-a52e-4f735466cecf":"f.4EEDEA8BBD1FF6E0A028415A04A49F5E.d.ACEF233D05D71B302D0DD97DC6904CEC.e.14410"},"getText",[]]}
RESULT: {"script":"<script> [6424 bytes]","args":[{"element-6066-11e4-a52e-4f735466cecf":"f.4EEDEA8BBD1FF6E0A028415A04A49F5E.d.ACEF233D05D71B302D0DD97DC6904CEC.e.14410"},"getText",[]]}
COMMAND: POST /session/ee8c0ad77c32eb6cf27ae9120157f0fa/execute/async - {"script":"<script> [1562 bytes]","args":[{"selector":{"id":"application-managepricingrules-display-component---newInfoPriceItem--condValidTo","interaction":{"idSuffix":"inner"}},"wdio_ui5_key":"applicationmanagepricingrules-display-component---newInfoPriceItem--condValidTo"}]}
RESULT: {"script":"<script> [1562 bytes]","args":[{"selector":{"id":"application-managepricingrules-display-component---newInfoPriceItem--condValidTo","interaction":{"idSuffix":"inner"}},"wdio_ui5_key":"applicationmanagepricingrules-display-component---newInfoPriceItem--condValidTo"}]}
RESULT: undefined
COMMAND: POST /session/ee8c0ad77c32eb6cf27ae9120157f0fa/execute/async - {"script":"<script> [776 bytes]","args":[{"enterText":"1/14/26","selector":{"id":"application-managepricingrules-display-component---newInfoPriceItem--condValidTo","interaction":{"idSuffix":"inner"}},"clearTextFirst":true,"interactionType":"ENTER_TEXT"}]}
RESULT: {"script":"<script> [776 bytes]","args":[{"enterText":"1/14/26","selector":{"id":"application-managepricingrules-display-component---newInfoPriceItem--condValidTo","interaction":{"idSuffix":"inner"}},"clearTextFirst":true,"interactionType":"ENTER_TEXT"}]}
COMMAND: POST /session/ee8c0ad77c32eb6cf27ae9120157f0fa/execute/async - {"script":"<script> [1562 bytes]","args":[{"selector":{"id":"application-managepricingrules-display-component---newInfoPriceItem--billType-arrow"},"wdio_ui5_key":"applicationmanagepricingrules-display-component---newInfoPriceItem--billType-arrow"}]}
RESULT: {"script":"<script> [1562 bytes]","args":[{"selector":{"id":"application-managepricingrules-display-component---newInfoPriceItem--billType-arrow"},"wdio_ui5_key":"applicationmanagepricingrules-display-component---newInfoPriceItem--billType-arrow"}]}
RESULT: undefined
COMMAND: POST /session/ee8c0ad77c32eb6cf27ae9120157f0fa/element - {"using":"xpath","value":"//*[@id=\"application-managepricingrules-display-component---newInfoPriceItem--billType-arrow\"]"}
RESULT: {"using":"xpath","value":"//*[@id=\"application-managepricingrules-display-component---newInfoPriceItem--billType-arrow\"]"}
COMMAND: POST /session/ee8c0ad77c32eb6cf27ae9120157f0fa/element/f.4EEDEA8BBD1FF6E0A028415A04A49F5E.d.ACEF233D05D71B302D0DD97DC6904CEC.e.14412/click - {}
RESULT: {}
COMMAND: POST /session/ee8c0ad77c32eb6cf27ae9120157f0fa/element - {"using":"xpath","value":"//span[contains(text(), \"PB - Performance based\")]"}
COMMAND: GET /session/ee8c0ad77c32eb6cf27ae9120157f0fa/screenshot - {}
RESULT: {"using":"xpath","value":"//span[contains(text(), \"PB - Performance based\")]"}
COMMAND: POST /session/ee8c0ad77c32eb6cf27ae9120157f0fa/element/f.4EEDEA8BBD1FF6E0A028415A04A49F5E.d.ACEF233D05D71B302D0DD97DC6904CEC.e.14413/click - {}
RESULT: {}
RESULT: {}
COMMAND: POST /session/ee8c0ad77c32eb6cf27ae9120157f0fa/execute/async - {"script":"<script> [1562 bytes]","args":[{"selector":{"id":"application-managepricingrules-display-component---newInfoPriceItem--priceProc-arrow"},"wdio_ui5_key":"applicationmanagepricingrules-display-component---newInfoPriceItem--priceProc-arrow"}]}
COMMAND: GET /session/ee8c0ad77c32eb6cf27ae9120157f0fa/screenshot - {}
RESULT: {"script":"<script> [1562 bytes]","args":[{"selector":{"id":"application-managepricingrules-display-component---newInfoPriceItem--priceProc-arrow"},"wdio_ui5_key":"applicationmanagepricingrules-display-component---newInfoPriceItem--priceProc-arrow"}]}
RESULT: undefined
COMMAND: POST /session/ee8c0ad77c32eb6cf27ae9120157f0fa/element - {"using":"xpath","value":"//*[@id=\"application-managepricingrules-display-component---newInfoPriceItem--priceProc-arrow\"]"}
RESULT: {}
RESULT: {"using":"xpath","value":"//*[@id=\"application-managepricingrules-display-component---newInfoPriceItem--priceProc-arrow\"]"}
COMMAND: POST /session/ee8c0ad77c32eb6cf27ae9120157f0fa/element/f.4EEDEA8BBD1FF6E0A028415A04A49F5E.d.ACEF233D05D71B302D0DD97DC6904CEC.e.14376/click - {}
RESULT: {}
COMMAND: POST /session/ee8c0ad77c32eb6cf27ae9120157f0fa/element - {"using":"xpath","value":"//span[contains(text(), \"PRF - Performance based\")]"}
COMMAND: GET /session/ee8c0ad77c32eb6cf27ae9120157f0fa/screenshot - {}
RESULT: {"using":"xpath","value":"//span[contains(text(), \"PRF - Performance based\")]"}
COMMAND: POST /session/ee8c0ad77c32eb6cf27ae9120157f0fa/element/f.4EEDEA8BBD1FF6E0A028415A04A49F5E.d.ACEF233D05D71B302D0DD97DC6904CEC.e.14414/click - {}
RESULT: {}
RESULT: {}
COMMAND: POST /session/ee8c0ad77c32eb6cf27ae9120157f0fa/execute/async - {"script":"<script> [1562 bytes]","args":[{"selector":{"id":"application-managepricingrules-display-component---newInfoPriceItem--calcBase-arrow"},"wdio_ui5_key":"applicationmanagepricingrules-display-component---newInfoPriceItem--calcBase-arrow"}]}
COMMAND: GET /session/ee8c0ad77c32eb6cf27ae9120157f0fa/screenshot - {}
RESULT: {"script":"<script> [1562 bytes]","args":[{"selector":{"id":"application-managepricingrules-display-component---newInfoPriceItem--calcBase-arrow"},"wdio_ui5_key":"applicationmanagepricingrules-display-component---newInfoPriceItem--calcBase-arrow"}]}
RESULT: undefined
COMMAND: POST /session/ee8c0ad77c32eb6cf27ae9120157f0fa/element - {"using":"xpath","value":"//*[@id=\"application-managepricingrules-display-component---newInfoPriceItem--calcBase-arrow\"]"}
RESULT: {}
RESULT: {"using":"xpath","value":"//*[@id=\"application-managepricingrules-display-component---newInfoPriceItem--calcBase-arrow\"]"}
COMMAND: POST /session/ee8c0ad77c32eb6cf27ae9120157f0fa/element/f.4EEDEA8BBD1FF6E0A028415A04A49F5E.d.ACEF233D05D71B302D0DD97DC6904CEC.e.14383/click - {}
RESULT: {}
COMMAND: GET /session/ee8c0ad77c32eb6cf27ae9120157f0fa/screenshot - {}
RESULT: {}
COMMAND: POST /session/ee8c0ad77c32eb6cf27ae9120157f0fa/element - {"using":"xpath","value":"//span[contains(text(), \"0007 - PB(work days)\")]"}
RESULT: {"using":"xpath","value":"//span[contains(text(), \"0007 - PB(work days)\")]"}
COMMAND: POST /session/ee8c0ad77c32eb6cf27ae9120157f0fa/element/f.4EEDEA8BBD1FF6E0A028415A04A49F5E.d.ACEF233D05D71B302D0DD97DC6904CEC.e.14415/click - {}
RESULT: {}
COMMAND: GET /session/ee8c0ad77c32eb6cf27ae9120157f0fa/screenshot - {}
RESULT: {}
COMMAND: POST /session/ee8c0ad77c32eb6cf27ae9120157f0fa/execute/async - {"script":"<script> [1562 bytes]","args":[{"selector":{"id":"application-managepricingrules-display-component---newInfoPriceItem--hoursMonth","interaction":{"idSuffix":"inner"}},"wdio_ui5_key":"applicationmanagepricingrules-display-component---newInfoPriceItem--hoursMonth"}]}
RESULT: {"script":"<script> [1562 bytes]","args":[{"selector":{"id":"application-managepricingrules-display-component---newInfoPriceItem--hoursMonth","interaction":{"idSuffix":"inner"}},"wdio_ui5_key":"applicationmanagepricingrules-display-component---newInfoPriceItem--hoursMonth"}]}
RESULT: undefined
COMMAND: POST /session/ee8c0ad77c32eb6cf27ae9120157f0fa/execute/async - {"script":"<script> [776 bytes]","args":[{"enterText":"160","selector":{"id":"application-managepricingrules-display-component---newInfoPriceItem--hoursMonth","interaction":{"idSuffix":"inner"}},"clearTextFirst":true,"interactionType":"ENTER_TEXT"}]}
RESULT: {"script":"<script> [776 bytes]","args":[{"enterText":"160","selector":{"id":"application-managepricingrules-display-component---newInfoPriceItem--hoursMonth","interaction":{"idSuffix":"inner"}},"clearTextFirst":true,"interactionType":"ENTER_TEXT"}]}
COMMAND: POST /session/ee8c0ad77c32eb6cf27ae9120157f0fa/element - {"using":"xpath","value":"//button[@data-kt=\"saveNewRuleButton\"]"}
RESULT: {"using":"xpath","value":"//button[@data-kt=\"saveNewRuleButton\"]"}
COMMAND: POST /session/ee8c0ad77c32eb6cf27ae9120157f0fa/element/f.4EEDEA8BBD1FF6E0A028415A04A49F5E.d.ACEF233D05D71B302D0DD97DC6904CEC.e.14398/click - {}
RESULT: {}
COMMAND: GET /session/ee8c0ad77c32eb6cf27ae9120157f0fa/screenshot - {}
RESULT: {}
COMMAND: POST /session/ee8c0ad77c32eb6cf27ae9120157f0fa/execute/async - {"script":"<script> [1562 bytes]","args":[{"selector":{"id":"application-managepricingrules-display-component---priceInfoItem--smartFilterBar-btnBasicSearch","interaction":{"idSuffix":"I"}},"wdio_ui5_key":"applicationmanagepricingrules-display-component---priceInfoItem--smartFilterBar-btnBasicSearch"}]}
RESULT: {"script":"<script> [1562 bytes]","args":[{"selector":{"id":"application-managepricingrules-display-component---priceInfoItem--smartFilterBar-btnBasicSearch","interaction":{"idSuffix":"I"}},"wdio_ui5_key":"applicationmanagepricingrules-display-component---priceInfoItem--smartFilterBar-btnBasicSearch"}]}
RESULT: undefined
COMMAND: POST /session/ee8c0ad77c32eb6cf27ae9120157f0fa/execute/async - {"script":"<script> [776 bytes]","args":[{"enterText":"emtLTUIOxz","selector":{"id":"application-managepricingrules-display-component---priceInfoItem--smartFilterBar-btnBasicSearch","interaction":{"idSuffix":"I"}},"clearTextFirst":true,"interactionType":"ENTER_TEXT"}]}
RESULT: {"script":"<script> [776 bytes]","args":[{"enterText":"emtLTUIOxz","selector":{"id":"application-managepricingrules-display-component---priceInfoItem--smartFilterBar-btnBasicSearch","interaction":{"idSuffix":"I"}},"clearTextFirst":true,"interactionType":"ENTER_TEXT"}]}
COMMAND: POST /session/ee8c0ad77c32eb6cf27ae9120157f0fa/actions - {"actions":[{"id":"action54","type":"key","parameters":{},"actions":[{"type":"keyDown","value":"î€‡"},{"type":"pause","duration":10},{"type":"keyUp","value":"î€‡"}]}]}
RESULT: {"actions":[{"id":"action54","type":"key","parameters":{},"actions":[{"type":"keyDown","value":"î€‡"},{"type":"pause","duration":10},{"type":"keyUp","value":"î€‡"}]}]}
COMMAND: GET /session/ee8c0ad77c32eb6cf27ae9120157f0fa/screenshot - {}
RESULT: {}
COMMAND: POST /session/ee8c0ad77c32eb6cf27ae9120157f0fa/element - {"using":"xpath","value":"//span[@id=\"application-managepricingrules-display-component---priceInfoItem--smartTable-header-inner\"]"}
RESULT: {"using":"xpath","value":"//span[@id=\"application-managepricingrules-display-component---priceInfoItem--smartTable-header-inner\"]"}
COMMAND: POST /session/ee8c0ad77c32eb6cf27ae9120157f0fa/elements - {"using":"xpath","value":"//span[@id=\"application-managepricingrules-display-component---priceInfoItem--smartTable-header-inner\"]"}
RESULT: {"using":"xpath","value":"//span[@id=\"application-managepricingrules-display-component---priceInfoItem--smartTable-header-inner\"]"}
COMMAND: POST /session/ee8c0ad77c32eb6cf27ae9120157f0fa/execute/sync - {"script":"<script> [56 bytes]","args":[{"element-6066-11e4-a52e-4f735466cecf":"f.4EEDEA8BBD1FF6E0A028415A04A49F5E.d.ACEF233D05D71B302D0DD97DC6904CEC.e.14438","ELEMENT":"f.4EEDEA8BBD1FF6E0A028415A04A49F5E.d.ACEF233D05D71B302D0DD97DC6904CEC.e.14438"}]}
RESULT: {"script":"<script> [56 bytes]","args":[{"element-6066-11e4-a52e-4f735466cecf":"f.4EEDEA8BBD1FF6E0A028415A04A49F5E.d.ACEF233D05D71B302D0DD97DC6904CEC.e.14438","ELEMENT":"f.4EEDEA8BBD1FF6E0A028415A04A49F5E.d.ACEF233D05D71B302D0DD97DC6904CEC.e.14438"}]}
COMMAND: POST /session/ee8c0ad77c32eb6cf27ae9120157f0fa/element - {"using":"css selector","value":"#shell-header-logo"}
COMMAND: GET /session/ee8c0ad77c32eb6cf27ae9120157f0fa/screenshot - {}
RESULT: {"using":"css selector","value":"#shell-header-logo"}
COMMAND: POST /session/ee8c0ad77c32eb6cf27ae9120157f0fa/element/f.4EEDEA8BBD1FF6E0A028415A04A49F5E.d.ACEF233D05D71B302D0DD97DC6904CEC.e.13591/click - {}
RESULT: {}
RESULT: {}
COMMAND: GET /session/ee8c0ad77c32eb6cf27ae9120157f0fa/screenshot - {}
RESULT: {}
]]></system-out>
    </testcase>
    <testcase classname="chrome.136_0_7103_49.windows.Performance_based_billing_(work_days)_US139742" name="Should create a performance based billing condition on the equipment" time="69.3">
      <system-out><![CDATA[
COMMAND: POST /session/ee8c0ad77c32eb6cf27ae9120157f0fa/execute/async - {"script":"<script> [1562 bytes]","args":[{"selector":{"controlType":"sap.m.GenericTile","properties":{"header":"Manage Conditions & Prices"}},"wdio_ui5_key":"sapm.GenericTile{\"header\":\"Manage Conditions & Prices\"}"}]}
RESULT: {"script":"<script> [1562 bytes]","args":[{"selector":{"controlType":"sap.m.GenericTile","properties":{"header":"Manage Conditions & Prices"}},"wdio_ui5_key":"sapm.GenericTile{\"header\":\"Manage Conditions & Prices\"}"}]}
RESULT: undefined
COMMAND: POST /session/ee8c0ad77c32eb6cf27ae9120157f0fa/element - {"using":"xpath","value":"//*[@id=\"__tile53\"]"}
RESULT: {"using":"xpath","value":"//*[@id=\"__tile53\"]"}
COMMAND: POST /session/ee8c0ad77c32eb6cf27ae9120157f0fa/element/f.4EEDEA8BBD1FF6E0A028415A04A49F5E.d.ACEF233D05D71B302D0DD97DC6904CEC.e.13531/click - {}
RESULT: {}
COMMAND: GET /session/ee8c0ad77c32eb6cf27ae9120157f0fa/screenshot - {}
RESULT: {}
COMMAND: POST /session/ee8c0ad77c32eb6cf27ae9120157f0fa/elements - {"using":"xpath","value":"//span[text()='Error']"}
RESULT: {"using":"xpath","value":"//span[text()='Error']"}
COMMAND: POST /session/ee8c0ad77c32eb6cf27ae9120157f0fa/element - {"using":"xpath","value":"//button[@aria-label=\"Create\"]"}
RESULT: {"using":"xpath","value":"//button[@aria-label=\"Create\"]"}
COMMAND: POST /session/ee8c0ad77c32eb6cf27ae9120157f0fa/elements - {"using":"xpath","value":"//button[@aria-label=\"Create\"]"}
RESULT: {"using":"xpath","value":"//button[@aria-label=\"Create\"]"}
COMMAND: POST /session/ee8c0ad77c32eb6cf27ae9120157f0fa/execute/sync - {"script":"<script> [8489 bytes]","args":[{"element-6066-11e4-a52e-4f735466cecf":"f.4EEDEA8BBD1FF6E0A028415A04A49F5E.d.ACEF233D05D71B302D0DD97DC6904CEC.e.14473","ELEMENT":"f.4EEDEA8BBD1FF6E0A028415A04A49F5E.d.ACEF233D05D71B302D0DD97DC6904CEC.e.14473"}]}
RESULT: {"script":"<script> [8489 bytes]","args":[{"element-6066-11e4-a52e-4f735466cecf":"f.4EEDEA8BBD1FF6E0A028415A04A49F5E.d.ACEF233D05D71B302D0DD97DC6904CEC.e.14473","ELEMENT":"f.4EEDEA8BBD1FF6E0A028415A04A49F5E.d.ACEF233D05D71B302D0DD97DC6904CEC.e.14473"}]}
COMMAND: GET /session/ee8c0ad77c32eb6cf27ae9120157f0fa/element/f.4EEDEA8BBD1FF6E0A028415A04A49F5E.d.ACEF233D05D71B302D0DD97DC6904CEC.e.14473/enabled - {}
COMMAND: GET /session/ee8c0ad77c32eb6cf27ae9120157f0fa/screenshot - {}
RESULT: {}
COMMAND: POST /session/ee8c0ad77c32eb6cf27ae9120157f0fa/execute/sync - {"script":"<script> [8489 bytes]","args":[{"element-6066-11e4-a52e-4f735466cecf":"f.4EEDEA8BBD1FF6E0A028415A04A49F5E.d.ACEF233D05D71B302D0DD97DC6904CEC.e.14473","ELEMENT":"f.4EEDEA8BBD1FF6E0A028415A04A49F5E.d.ACEF233D05D71B302D0DD97DC6904CEC.e.14473"}]}
COMMAND: GET /session/ee8c0ad77c32eb6cf27ae9120157f0fa/screenshot - {}
RESULT: {}
RESULT: {"script":"<script> [8489 bytes]","args":[{"element-6066-11e4-a52e-4f735466cecf":"f.4EEDEA8BBD1FF6E0A028415A04A49F5E.d.ACEF233D05D71B302D0DD97DC6904CEC.e.14473","ELEMENT":"f.4EEDEA8BBD1FF6E0A028415A04A49F5E.d.ACEF233D05D71B302D0DD97DC6904CEC.e.14473"}]}
COMMAND: POST /session/ee8c0ad77c32eb6cf27ae9120157f0fa/execute/sync - {"script":"<script> [5351 bytes]","args":[{"element-6066-11e4-a52e-4f735466cecf":"f.4EEDEA8BBD1FF6E0A028415A04A49F5E.d.ACEF233D05D71B302D0DD97DC6904CEC.e.14473","ELEMENT":"f.4EEDEA8BBD1FF6E0A028415A04A49F5E.d.ACEF233D05D71B302D0DD97DC6904CEC.e.14473"}]}
COMMAND: GET /session/ee8c0ad77c32eb6cf27ae9120157f0fa/screenshot - {}
RESULT: {}
RESULT: {"script":"<script> [5351 bytes]","args":[{"element-6066-11e4-a52e-4f735466cecf":"f.4EEDEA8BBD1FF6E0A028415A04A49F5E.d.ACEF233D05D71B302D0DD97DC6904CEC.e.14473","ELEMENT":"f.4EEDEA8BBD1FF6E0A028415A04A49F5E.d.ACEF233D05D71B302D0DD97DC6904CEC.e.14473"}]}
COMMAND: POST /session/ee8c0ad77c32eb6cf27ae9120157f0fa/element/f.4EEDEA8BBD1FF6E0A028415A04A49F5E.d.ACEF233D05D71B302D0DD97DC6904CEC.e.14473/click - {}
COMMAND: GET /session/ee8c0ad77c32eb6cf27ae9120157f0fa/screenshot - {}
RESULT: {}
RESULT: {}
COMMAND: GET /session/ee8c0ad77c32eb6cf27ae9120157f0fa/screenshot - {}
RESULT: {}
RESULT: {}
COMMAND: POST /session/ee8c0ad77c32eb6cf27ae9120157f0fa/actions - {"actions":[{"id":"action55","type":"key","parameters":{},"actions":[{"type":"keyDown","value":"î€‡"},{"type":"pause","duration":10},{"type":"keyUp","value":"î€‡"}]}]}
RESULT: {"actions":[{"id":"action55","type":"key","parameters":{},"actions":[{"type":"keyDown","value":"î€‡"},{"type":"pause","duration":10},{"type":"keyUp","value":"î€‡"}]}]}
COMMAND: GET /session/ee8c0ad77c32eb6cf27ae9120157f0fa/screenshot - {}
COMMAND: POST /session/ee8c0ad77c32eb6cf27ae9120157f0fa/execute/async - {"script":"<script> [1562 bytes]","args":[{"selector":{"id":"application-manageconditionprice-display-component---newCondition--condBillCond-arrow"},"wdio_ui5_key":"applicationmanageconditionprice-display-component---newCondition--condBillCond-arrow"}]}
RESULT: {}
RESULT: {"script":"<script> [1562 bytes]","args":[{"selector":{"id":"application-manageconditionprice-display-component---newCondition--condBillCond-arrow"},"wdio_ui5_key":"applicationmanageconditionprice-display-component---newCondition--condBillCond-arrow"}]}
RESULT: undefined
COMMAND: POST /session/ee8c0ad77c32eb6cf27ae9120157f0fa/element - {"using":"xpath","value":"//*[@id=\"application-manageconditionprice-display-component---newCondition--condBillCond-arrow\"]"}
RESULT: {"using":"xpath","value":"//*[@id=\"application-manageconditionprice-display-component---newCondition--condBillCond-arrow\"]"}
COMMAND: POST /session/ee8c0ad77c32eb6cf27ae9120157f0fa/element/f.4EEDEA8BBD1FF6E0A028415A04A49F5E.d.ACEF233D05D71B302D0DD97DC6904CEC.e.14658/click - {}
RESULT: {}
COMMAND: GET /session/ee8c0ad77c32eb6cf27ae9120157f0fa/screenshot - {}
RESULT: {}
COMMAND: POST /session/ee8c0ad77c32eb6cf27ae9120157f0fa/element - {"using":"xpath","value":"//li[.//span[contains(text(), \"PC06 - Performance Price - fuel\")]]"}
RESULT: {"using":"xpath","value":"//li[.//span[contains(text(), \"PC06 - Performance Price - fuel\")]]"}
COMMAND: POST /session/ee8c0ad77c32eb6cf27ae9120157f0fa/element/f.4EEDEA8BBD1FF6E0A028415A04A49F5E.d.ACEF233D05D71B302D0DD97DC6904CEC.e.14662/click - {}
RESULT: {}
COMMAND: GET /session/ee8c0ad77c32eb6cf27ae9120157f0fa/screenshot - {}
RESULT: {}
COMMAND: POST /session/ee8c0ad77c32eb6cf27ae9120157f0fa/execute/async - {"script":"<script> [1562 bytes]","args":[{"selector":{"id":"application-manageconditionprice-display-component---newCondition--condValidTo","interaction":{"idSuffix":"inner"}},"wdio_ui5_key":"applicationmanageconditionprice-display-component---newCondition--condValidTo"}]}
RESULT: {"script":"<script> [1562 bytes]","args":[{"selector":{"id":"application-manageconditionprice-display-component---newCondition--condValidTo","interaction":{"idSuffix":"inner"}},"wdio_ui5_key":"applicationmanageconditionprice-display-component---newCondition--condValidTo"}]}
RESULT: undefined
COMMAND: POST /session/ee8c0ad77c32eb6cf27ae9120157f0fa/execute/async - {"script":"<script> [776 bytes]","args":[{"enterText":"1/14/26","selector":{"id":"application-manageconditionprice-display-component---newCondition--condValidTo","interaction":{"idSuffix":"inner"}},"clearTextFirst":true,"interactionType":"ENTER_TEXT"}]}
RESULT: {"script":"<script> [776 bytes]","args":[{"enterText":"1/14/26","selector":{"id":"application-manageconditionprice-display-component---newCondition--condValidTo","interaction":{"idSuffix":"inner"}},"clearTextFirst":true,"interactionType":"ENTER_TEXT"}]}
COMMAND: POST /session/ee8c0ad77c32eb6cf27ae9120157f0fa/element - {"using":"xpath","value":"//input[@id=\"application-manageconditionprice-display-component---newCondition--condRU-inner\"]"}
RESULT: {"using":"xpath","value":"//input[@id=\"application-manageconditionprice-display-component---newCondition--condRU-inner\"]"}
COMMAND: POST /session/ee8c0ad77c32eb6cf27ae9120157f0fa/element/f.4EEDEA8BBD1FF6E0A028415A04A49F5E.d.ACEF233D05D71B302D0DD97DC6904CEC.e.14489/clear - {}
RESULT: {}
COMMAND: POST /session/ee8c0ad77c32eb6cf27ae9120157f0fa/element/f.4EEDEA8BBD1FF6E0A028415A04A49F5E.d.ACEF233D05D71B302D0DD97DC6904CEC.e.14489/value - {"text":"emtLTUIOxz"}
COMMAND: GET /session/ee8c0ad77c32eb6cf27ae9120157f0fa/screenshot - {}
RESULT: {"text":"emtLTUIOxz"}
COMMAND: GET /session/ee8c0ad77c32eb6cf27ae9120157f0fa/screenshot - {}
RESULT: {}
RESULT: {}
COMMAND: POST /session/ee8c0ad77c32eb6cf27ae9120157f0fa/actions - {"actions":[{"id":"action56","type":"key","parameters":{},"actions":[{"type":"keyDown","value":"î€‡"},{"type":"pause","duration":10},{"type":"keyUp","value":"î€‡"}]}]}
RESULT: {"actions":[{"id":"action56","type":"key","parameters":{},"actions":[{"type":"keyDown","value":"î€‡"},{"type":"pause","duration":10},{"type":"keyUp","value":"î€‡"}]}]}
COMMAND: POST /session/ee8c0ad77c32eb6cf27ae9120157f0fa/execute/async - {"script":"<script> [1562 bytes]","args":[{"selector":{"id":"application-manageconditionprice-display-component---newCondition--condBaseQty","interaction":{"idSuffix":"inner"}},"wdio_ui5_key":"applicationmanageconditionprice-display-component---newCondition--condBaseQty"}]}
COMMAND: GET /session/ee8c0ad77c32eb6cf27ae9120157f0fa/screenshot - {}
RESULT: {"script":"<script> [1562 bytes]","args":[{"selector":{"id":"application-manageconditionprice-display-component---newCondition--condBaseQty","interaction":{"idSuffix":"inner"}},"wdio_ui5_key":"applicationmanageconditionprice-display-component---newCondition--condBaseQty"}]}
RESULT: undefined
COMMAND: POST /session/ee8c0ad77c32eb6cf27ae9120157f0fa/execute/async - {"script":"<script> [776 bytes]","args":[{"enterText":"1","selector":{"id":"application-manageconditionprice-display-component---newCondition--condBaseQty","interaction":{"idSuffix":"inner"}},"clearTextFirst":true,"interactionType":"ENTER_TEXT"}]}
RESULT: {}
RESULT: {"script":"<script> [776 bytes]","args":[{"enterText":"1","selector":{"id":"application-manageconditionprice-display-component---newCondition--condBaseQty","interaction":{"idSuffix":"inner"}},"clearTextFirst":true,"interactionType":"ENTER_TEXT"}]}
COMMAND: POST /session/ee8c0ad77c32eb6cf27ae9120157f0fa/execute/async - {"script":"<script> [1562 bytes]","args":[{"selector":{"id":"application-manageconditionprice-display-component---newCondition--condValue","interaction":{"idSuffix":"inner"}},"wdio_ui5_key":"applicationmanageconditionprice-display-component---newCondition--condValue"}]}
RESULT: {"script":"<script> [1562 bytes]","args":[{"selector":{"id":"application-manageconditionprice-display-component---newCondition--condValue","interaction":{"idSuffix":"inner"}},"wdio_ui5_key":"applicationmanageconditionprice-display-component---newCondition--condValue"}]}
RESULT: undefined
COMMAND: POST /session/ee8c0ad77c32eb6cf27ae9120157f0fa/execute/async - {"script":"<script> [776 bytes]","args":[{"enterText":"10","selector":{"id":"application-manageconditionprice-display-component---newCondition--condValue","interaction":{"idSuffix":"inner"}},"clearTextFirst":true,"interactionType":"ENTER_TEXT"}]}
RESULT: {"script":"<script> [776 bytes]","args":[{"enterText":"10","selector":{"id":"application-manageconditionprice-display-component---newCondition--condValue","interaction":{"idSuffix":"inner"}},"clearTextFirst":true,"interactionType":"ENTER_TEXT"}]}
COMMAND: POST /session/ee8c0ad77c32eb6cf27ae9120157f0fa/execute/async - {"script":"<script> [1562 bytes]","args":[{"selector":{"id":"application-manageconditionprice-display-component---newCondition--condCurr-arrow"},"wdio_ui5_key":"applicationmanageconditionprice-display-component---newCondition--condCurr-arrow"}]}
RESULT: {"script":"<script> [1562 bytes]","args":[{"selector":{"id":"application-manageconditionprice-display-component---newCondition--condCurr-arrow"},"wdio_ui5_key":"applicationmanageconditionprice-display-component---newCondition--condCurr-arrow"}]}
RESULT: undefined
COMMAND: POST /session/ee8c0ad77c32eb6cf27ae9120157f0fa/element - {"using":"xpath","value":"//*[@id=\"application-manageconditionprice-display-component---newCondition--condCurr-arrow\"]"}
RESULT: {"using":"xpath","value":"//*[@id=\"application-manageconditionprice-display-component---newCondition--condCurr-arrow\"]"}
COMMAND: POST /session/ee8c0ad77c32eb6cf27ae9120157f0fa/element/f.4EEDEA8BBD1FF6E0A028415A04A49F5E.d.ACEF233D05D71B302D0DD97DC6904CEC.e.14643/click - {}
RESULT: {}
COMMAND: POST /session/ee8c0ad77c32eb6cf27ae9120157f0fa/element - {"using":"xpath","value":"//span[contains(text(), \"Euro\")]"}
COMMAND: GET /session/ee8c0ad77c32eb6cf27ae9120157f0fa/screenshot - {}
RESULT: {"using":"xpath","value":"//span[contains(text(), \"Euro\")]"}
COMMAND: POST /session/ee8c0ad77c32eb6cf27ae9120157f0fa/element/f.4EEDEA8BBD1FF6E0A028415A04A49F5E.d.ACEF233D05D71B302D0DD97DC6904CEC.e.14697/click - {}
RESULT: {}
RESULT: {}
COMMAND: POST /session/ee8c0ad77c32eb6cf27ae9120157f0fa/element - {"using":"xpath","value":"//button[@data-kt=\"saveButton\"]"}
COMMAND: GET /session/ee8c0ad77c32eb6cf27ae9120157f0fa/screenshot - {}
RESULT: {"using":"xpath","value":"//button[@data-kt=\"saveButton\"]"}
COMMAND: POST /session/ee8c0ad77c32eb6cf27ae9120157f0fa/element/f.4EEDEA8BBD1FF6E0A028415A04A49F5E.d.ACEF233D05D71B302D0DD97DC6904CEC.e.14644/click - {}
RESULT: {}
RESULT: {}
COMMAND: GET /session/ee8c0ad77c32eb6cf27ae9120157f0fa/screenshot - {}
RESULT: {}
COMMAND: POST /session/ee8c0ad77c32eb6cf27ae9120157f0fa/execute/async - {"script":"<script> [1562 bytes]","args":[{"selector":{"id":"application-manageconditionprice-display-component---conditions--smartFilterBar-btnBasicSearch","interaction":{"idSuffix":"I"}},"wdio_ui5_key":"applicationmanageconditionprice-display-component---conditions--smartFilterBar-btnBasicSearch"}]}
RESULT: {"script":"<script> [1562 bytes]","args":[{"selector":{"id":"application-manageconditionprice-display-component---conditions--smartFilterBar-btnBasicSearch","interaction":{"idSuffix":"I"}},"wdio_ui5_key":"applicationmanageconditionprice-display-component---conditions--smartFilterBar-btnBasicSearch"}]}
RESULT: undefined
COMMAND: POST /session/ee8c0ad77c32eb6cf27ae9120157f0fa/execute/async - {"script":"<script> [776 bytes]","args":[{"enterText":"emtLTUIOxz","selector":{"id":"application-manageconditionprice-display-component---conditions--smartFilterBar-btnBasicSearch","interaction":{"idSuffix":"I"}},"clearTextFirst":true,"interactionType":"ENTER_TEXT"}]}
RESULT: {"script":"<script> [776 bytes]","args":[{"enterText":"emtLTUIOxz","selector":{"id":"application-manageconditionprice-display-component---conditions--smartFilterBar-btnBasicSearch","interaction":{"idSuffix":"I"}},"clearTextFirst":true,"interactionType":"ENTER_TEXT"}]}
COMMAND: POST /session/ee8c0ad77c32eb6cf27ae9120157f0fa/actions - {"actions":[{"id":"action57","type":"key","parameters":{},"actions":[{"type":"keyDown","value":"î€‡"},{"type":"pause","duration":10},{"type":"keyUp","value":"î€‡"}]}]}
RESULT: {"actions":[{"id":"action57","type":"key","parameters":{},"actions":[{"type":"keyDown","value":"î€‡"},{"type":"pause","duration":10},{"type":"keyUp","value":"î€‡"}]}]}
COMMAND: GET /session/ee8c0ad77c32eb6cf27ae9120157f0fa/screenshot - {}
RESULT: {}
COMMAND: POST /session/ee8c0ad77c32eb6cf27ae9120157f0fa/execute/async - {"script":"<script> [1562 bytes]","args":[{"selector":{"id":"application-manageconditionprice-display-component---conditions--smartFilterBar-filterItemControl_BASIC-BILL_TYPES-vhi"},"wdio_ui5_key":"applicationmanageconditionprice-display-component---conditions--smartFilterBar-filterItemControl_BASIC-BILL_TYPES-vhi"}]}
RESULT: {"script":"<script> [1562 bytes]","args":[{"selector":{"id":"application-manageconditionprice-display-component---conditions--smartFilterBar-filterItemControl_BASIC-BILL_TYPES-vhi"},"wdio_ui5_key":"applicationmanageconditionprice-display-component---conditions--smartFilterBar-filterItemControl_BASIC-BILL_TYPES-vhi"}]}
RESULT: undefined
COMMAND: POST /session/ee8c0ad77c32eb6cf27ae9120157f0fa/element - {"using":"xpath","value":"//*[@id=\"application-manageconditionprice-display-component---conditions--smartFilterBar-filterItemControl_BASIC-BILL_TYPES-vhi\"]"}
RESULT: {"using":"xpath","value":"//*[@id=\"application-manageconditionprice-display-component---conditions--smartFilterBar-filterItemControl_BASIC-BILL_TYPES-vhi\"]"}
COMMAND: POST /session/ee8c0ad77c32eb6cf27ae9120157f0fa/element/f.4EEDEA8BBD1FF6E0A028415A04A49F5E.d.ACEF233D05D71B302D0DD97DC6904CEC.e.14792/click - {}
RESULT: {}
COMMAND: POST /session/ee8c0ad77c32eb6cf27ae9120157f0fa/execute/async - {"script":"<script> [1562 bytes]","args":[{"selector":{"id":"application-manageconditionprice-display-component---conditions--smartFilterBar-filterItemControl_BASIC-BILL_TYPES-valueHelpDialog-smartFilterBar-btnBasicSearch","searchOpenDialogs":true,"interaction":{"idSuffix":"I"}},"wdio_ui5_key":"applicationmanageconditionprice-display-component---conditions--smartFilterBar-filterItemControl_BASIC-BILL_TYPES-valueHelpDialog-smartFilterBar-btnBasicSearch"}]}
COMMAND: GET /session/ee8c0ad77c32eb6cf27ae9120157f0fa/screenshot - {}
RESULT: {"script":"<script> [1562 bytes]","args":[{"selector":{"id":"application-manageconditionprice-display-component---conditions--smartFilterBar-filterItemControl_BASIC-BILL_TYPES-valueHelpDialog-smartFilterBar-btnBasicSearch","searchOpenDialogs":true,"interaction":{"idSuffix":"I"}},"wdio_ui5_key":"applicationmanageconditionprice-display-component---conditions--smartFilterBar-filterItemControl_BASIC-BILL_TYPES-valueHelpDialog-smartFilterBar-btnBasicSearch"}]}
RESULT: undefined
COMMAND: POST /session/ee8c0ad77c32eb6cf27ae9120157f0fa/execute/async - {"script":"<script> [776 bytes]","args":[{"enterText":"PB","selector":{"id":"application-manageconditionprice-display-component---conditions--smartFilterBar-filterItemControl_BASIC-BILL_TYPES-valueHelpDialog-smartFilterBar-btnBasicSearch","searchOpenDialogs":true,"interaction":{"idSuffix":"I"}},"clearTextFirst":true,"interactionType":"ENTER_TEXT"}]}
RESULT: {}
RESULT: {"script":"<script> [776 bytes]","args":[{"enterText":"PB","selector":{"id":"application-manageconditionprice-display-component---conditions--smartFilterBar-filterItemControl_BASIC-BILL_TYPES-valueHelpDialog-smartFilterBar-btnBasicSearch","searchOpenDialogs":true,"interaction":{"idSuffix":"I"}},"clearTextFirst":true,"interactionType":"ENTER_TEXT"}]}
COMMAND: POST /session/ee8c0ad77c32eb6cf27ae9120157f0fa/actions - {"actions":[{"id":"action58","type":"key","parameters":{},"actions":[{"type":"keyDown","value":"î€‡"},{"type":"pause","duration":10},{"type":"keyUp","value":"î€‡"}]}]}
RESULT: {"actions":[{"id":"action58","type":"key","parameters":{},"actions":[{"type":"keyDown","value":"î€‡"},{"type":"pause","duration":10},{"type":"keyUp","value":"î€‡"}]}]}
COMMAND: GET /session/ee8c0ad77c32eb6cf27ae9120157f0fa/screenshot - {}
RESULT: {}
COMMAND: POST /session/ee8c0ad77c32eb6cf27ae9120157f0fa/element - {"using":"xpath","value":"//div[contains(@id, 'application-manageconditionprice-display-component---conditions--smartFilterBar-filterItemControl_BASIC-BILL_TYPES-valueHelpDialog-table-rowsel0')]"}
RESULT: {"using":"xpath","value":"//div[contains(@id, 'application-manageconditionprice-display-component---conditions--smartFilterBar-filterItemControl_BASIC-BILL_TYPES-valueHelpDialog-table-rowsel0')]"}
COMMAND: POST /session/ee8c0ad77c32eb6cf27ae9120157f0fa/element/f.4EEDEA8BBD1FF6E0A028415A04A49F5E.d.ACEF233D05D71B302D0DD97DC6904CEC.e.14801/click - {}
RESULT: {}
COMMAND: GET /session/ee8c0ad77c32eb6cf27ae9120157f0fa/screenshot - {}
RESULT: {}
COMMAND: POST /session/ee8c0ad77c32eb6cf27ae9120157f0fa/element - {"using":"xpath","value":"//bdi[contains(text(), \"OK\")]"}
RESULT: {"using":"xpath","value":"//bdi[contains(text(), \"OK\")]"}
COMMAND: POST /session/ee8c0ad77c32eb6cf27ae9120157f0fa/element/f.4EEDEA8BBD1FF6E0A028415A04A49F5E.d.ACEF233D05D71B302D0DD97DC6904CEC.e.14803/click - {}
RESULT: {}
COMMAND: GET /session/ee8c0ad77c32eb6cf27ae9120157f0fa/screenshot - {}
RESULT: {}
COMMAND: POST /session/ee8c0ad77c32eb6cf27ae9120157f0fa/element - {"using":"xpath","value":"//span[@id=\"application-manageconditionprice-display-component---conditions--smartTable-header-inner\"]"}
RESULT: {"using":"xpath","value":"//span[@id=\"application-manageconditionprice-display-component---conditions--smartTable-header-inner\"]"}
COMMAND: POST /session/ee8c0ad77c32eb6cf27ae9120157f0fa/elements - {"using":"xpath","value":"//span[@id=\"application-manageconditionprice-display-component---conditions--smartTable-header-inner\"]"}
RESULT: {"using":"xpath","value":"//span[@id=\"application-manageconditionprice-display-component---conditions--smartTable-header-inner\"]"}
COMMAND: POST /session/ee8c0ad77c32eb6cf27ae9120157f0fa/execute/sync - {"script":"<script> [56 bytes]","args":[{"element-6066-11e4-a52e-4f735466cecf":"f.4EEDEA8BBD1FF6E0A028415A04A49F5E.d.ACEF233D05D71B302D0DD97DC6904CEC.e.14806","ELEMENT":"f.4EEDEA8BBD1FF6E0A028415A04A49F5E.d.ACEF233D05D71B302D0DD97DC6904CEC.e.14806"}]}
RESULT: {"script":"<script> [56 bytes]","args":[{"element-6066-11e4-a52e-4f735466cecf":"f.4EEDEA8BBD1FF6E0A028415A04A49F5E.d.ACEF233D05D71B302D0DD97DC6904CEC.e.14806","ELEMENT":"f.4EEDEA8BBD1FF6E0A028415A04A49F5E.d.ACEF233D05D71B302D0DD97DC6904CEC.e.14806"}]}
COMMAND: POST /session/ee8c0ad77c32eb6cf27ae9120157f0fa/element - {"using":"css selector","value":"#shell-header-logo"}
COMMAND: GET /session/ee8c0ad77c32eb6cf27ae9120157f0fa/screenshot - {}
RESULT: {"using":"css selector","value":"#shell-header-logo"}
COMMAND: POST /session/ee8c0ad77c32eb6cf27ae9120157f0fa/element/f.4EEDEA8BBD1FF6E0A028415A04A49F5E.d.ACEF233D05D71B302D0DD97DC6904CEC.e.14441/click - {}
RESULT: {}
RESULT: {}
COMMAND: GET /session/ee8c0ad77c32eb6cf27ae9120157f0fa/screenshot - {}
RESULT: {}
]]></system-out>
    </testcase>
    <testcase classname="chrome.136_0_7103_49.windows.Performance_based_billing_(work_days)_US139742" name="Should add a counter to the equipment" time="72.285">
      <system-out><![CDATA[
RESULT: undefined
COMMAND: POST /session/ee8c0ad77c32eb6cf27ae9120157f0fa/element - {"using":"xpath","value":"//*[@id=\"__tile39\"]"}
RESULT: {"using":"xpath","value":"//*[@id=\"__tile39\"]"}
COMMAND: POST /session/ee8c0ad77c32eb6cf27ae9120157f0fa/element/f.4EEDEA8BBD1FF6E0A028415A04A49F5E.d.ACEF233D05D71B302D0DD97DC6904CEC.e.13493/click - {}
RESULT: {}
COMMAND: GET /session/ee8c0ad77c32eb6cf27ae9120157f0fa/screenshot - {}
RESULT: {}
COMMAND: POST /session/ee8c0ad77c32eb6cf27ae9120157f0fa/elements - {"using":"xpath","value":"//span[text()='Error']"}
RESULT: {"using":"xpath","value":"//span[text()='Error']"}
COMMAND: POST /session/ee8c0ad77c32eb6cf27ae9120157f0fa/execute/async - {"script":"<script> [1562 bytes]","args":[{"selector":{"id":"application-manageresources-display-component---masterRU--smartFilterBar-btnBasicSearch","interaction":{"idSuffix":"I"}},"wdio_ui5_key":"applicationmanageresources-display-component---masterRU--smartFilterBar-btnBasicSearch"}]}
RESULT: {"script":"<script> [1562 bytes]","args":[{"selector":{"id":"application-manageresources-display-component---masterRU--smartFilterBar-btnBasicSearch","interaction":{"idSuffix":"I"}},"wdio_ui5_key":"applicationmanageresources-display-component---masterRU--smartFilterBar-btnBasicSearch"}]}
RESULT: undefined
COMMAND: POST /session/ee8c0ad77c32eb6cf27ae9120157f0fa/execute/async - {"script":"<script> [776 bytes]","args":[{"enterText":"emtLTUIOxz","selector":{"id":"application-manageresources-display-component---masterRU--smartFilterBar-btnBasicSearch","interaction":{"idSuffix":"I"}},"clearTextFirst":true,"interactionType":"ENTER_TEXT"}]}
RESULT: {"script":"<script> [776 bytes]","args":[{"enterText":"emtLTUIOxz","selector":{"id":"application-manageresources-display-component---masterRU--smartFilterBar-btnBasicSearch","interaction":{"idSuffix":"I"}},"clearTextFirst":true,"interactionType":"ENTER_TEXT"}]}
COMMAND: POST /session/ee8c0ad77c32eb6cf27ae9120157f0fa/actions - {"actions":[{"id":"action59","type":"key","parameters":{},"actions":[{"type":"keyDown","value":"î€‡"},{"type":"pause","duration":10},{"type":"keyUp","value":"î€‡"}]}]}
RESULT: {"actions":[{"id":"action59","type":"key","parameters":{},"actions":[{"type":"keyDown","value":"î€‡"},{"type":"pause","duration":10},{"type":"keyUp","value":"î€‡"}]}]}
COMMAND: GET /session/ee8c0ad77c32eb6cf27ae9120157f0fa/screenshot - {}
RESULT: {}
COMMAND: POST /session/ee8c0ad77c32eb6cf27ae9120157f0fa/execute/async - {"script":"<script> [1562 bytes]","args":[{"selector":{"id":"application-manageresources-display-component---masterRU--smartTable-header"},"wdio_ui5_key":"applicationmanageresources-display-component---masterRU--smartTable-header"}]}
RESULT: {"script":"<script> [1562 bytes]","args":[{"selector":{"id":"application-manageresources-display-component---masterRU--smartTable-header"},"wdio_ui5_key":"applicationmanageresources-display-component---masterRU--smartTable-header"}]}
RESULT: undefined
COMMAND: POST /session/ee8c0ad77c32eb6cf27ae9120157f0fa/execute/async - {"script":"<script> [6424 bytes]","args":[{"element-6066-11e4-a52e-4f735466cecf":"f.4EEDEA8BBD1FF6E0A028415A04A49F5E.d.ACEF233D05D71B302D0DD97DC6904CEC.e.14995"},"getText",[]]}
RESULT: {"script":"<script> [6424 bytes]","args":[{"element-6066-11e4-a52e-4f735466cecf":"f.4EEDEA8BBD1FF6E0A028415A04A49F5E.d.ACEF233D05D71B302D0DD97DC6904CEC.e.14995"},"getText",[]]}
COMMAND: POST /session/ee8c0ad77c32eb6cf27ae9120157f0fa/execute/async - {"script":"<script> [1562 bytes]","args":[{"selector":{"controlType":"sap.ui.core.Icon","viewName":"etm.portal.ui.manageresources.view.Master","viewId":"application-manageresources-display-component---masterRU","properties":{"src":{"regex":{"source":"slim\\-arrow\\-right"}}}},"wdio_ui5_key":"etmportal.ui.manageresources.view.Mastersap.ui.core.Icon{\"src\":{\"regex\":{\"source\":\"slim\\\\-arrow\\\\-right\"}}}"}]}
RESULT: {"script":"<script> [1562 bytes]","args":[{"selector":{"controlType":"sap.ui.core.Icon","viewName":"etm.portal.ui.manageresources.view.Master","viewId":"application-manageresources-display-component---masterRU","properties":{"src":{"regex":{"source":"slim\\-arrow\\-right"}}}},"wdio_ui5_key":"etmportal.ui.manageresources.view.Mastersap.ui.core.Icon{\"src\":{\"regex\":{\"source\":\"slim\\\\-arrow\\\\-right\"}}}"}]}
RESULT: undefined
COMMAND: POST /session/ee8c0ad77c32eb6cf27ae9120157f0fa/element - {"using":"xpath","value":"//*[@id=\"__item873-__clone2147-imgNav\"]"}
RESULT: {"using":"xpath","value":"//*[@id=\"__item873-__clone2147-imgNav\"]"}
COMMAND: POST /session/ee8c0ad77c32eb6cf27ae9120157f0fa/element/f.4EEDEA8BBD1FF6E0A028415A04A49F5E.d.ACEF233D05D71B302D0DD97DC6904CEC.e.14994/click - {}
RESULT: {}
COMMAND: GET /session/ee8c0ad77c32eb6cf27ae9120157f0fa/screenshot - {}
COMMAND: POST /session/ee8c0ad77c32eb6cf27ae9120157f0fa/element - {"using":"xpath","value":"//bdi[contains(text(), \"Edit\")]"}
RESULT: {}
RESULT: {"using":"xpath","value":"//bdi[contains(text(), \"Edit\")]"}
COMMAND: POST /session/ee8c0ad77c32eb6cf27ae9120157f0fa/execute/sync - {"script":"<script> [8489 bytes]","args":[{"element-6066-11e4-a52e-4f735466cecf":"f.4EEDEA8BBD1FF6E0A028415A04A49F5E.d.ACEF233D05D71B302D0DD97DC6904CEC.e.15100","ELEMENT":"f.4EEDEA8BBD1FF6E0A028415A04A49F5E.d.ACEF233D05D71B302D0DD97DC6904CEC.e.15100"}]}
RESULT: {"script":"<script> [8489 bytes]","args":[{"element-6066-11e4-a52e-4f735466cecf":"f.4EEDEA8BBD1FF6E0A028415A04A49F5E.d.ACEF233D05D71B302D0DD97DC6904CEC.e.15100","ELEMENT":"f.4EEDEA8BBD1FF6E0A028415A04A49F5E.d.ACEF233D05D71B302D0DD97DC6904CEC.e.15100"}]}
COMMAND: POST /session/ee8c0ad77c32eb6cf27ae9120157f0fa/element/f.4EEDEA8BBD1FF6E0A028415A04A49F5E.d.ACEF233D05D71B302D0DD97DC6904CEC.e.15100/click - {}
COMMAND: GET /session/ee8c0ad77c32eb6cf27ae9120157f0fa/screenshot - {}
RESULT: {}
COMMAND: GET /session/ee8c0ad77c32eb6cf27ae9120157f0fa/screenshot - {}
COMMAND: POST /session/ee8c0ad77c32eb6cf27ae9120157f0fa/execute/async - {"script":"<script> [1562 bytes]","args":[{"selector":{"id":"application-manageresources-display-component---editResource--editRruPage-anchBar-application-manageresources-display-component---editResource--counters-anchor","interaction":{"idSuffix":"BDI-content"}},"wdio_ui5_key":"applicationmanageresources-display-component---editResource--editRruPage-anchBar-application-manageresources-display-component---editResource--counters-anchor"}]}
RESULT: {}
RESULT: {}
RESULT: {"script":"<script> [1562 bytes]","args":[{"selector":{"id":"application-manageresources-display-component---editResource--editRruPage-anchBar-application-manageresources-display-component---editResource--counters-anchor","interaction":{"idSuffix":"BDI-content"}},"wdio_ui5_key":"applicationmanageresources-display-component---editResource--editRruPage-anchBar-application-manageresources-display-component---editResource--counters-anchor"}]}
RESULT: undefined
COMMAND: POST /session/ee8c0ad77c32eb6cf27ae9120157f0fa/element - {"using":"xpath","value":"//*[@id=\"application-manageresources-display-component---editResource--editRruPage-anchBar-application-manageresources-display-component---editResource--counters-anchor\"]"}
RESULT: {"using":"xpath","value":"//*[@id=\"application-manageresources-display-component---editResource--editRruPage-anchBar-application-manageresources-display-component---editResource--counters-anchor\"]"}
COMMAND: POST /session/ee8c0ad77c32eb6cf27ae9120157f0fa/element/f.4EEDEA8BBD1FF6E0A028415A04A49F5E.d.ACEF233D05D71B302D0DD97DC6904CEC.e.15261/click - {}
RESULT: {}
COMMAND: GET /session/ee8c0ad77c32eb6cf27ae9120157f0fa/screenshot - {}
RESULT: {}
COMMAND: POST /session/ee8c0ad77c32eb6cf27ae9120157f0fa/execute/async - {"script":"<script> [1562 bytes]","args":[{"selector":{"id":"application-manageresources-display-component---editResource--btnAddCounter-img"},"wdio_ui5_key":"applicationmanageresources-display-component---editResource--btnAddCounter-img"}]}
RESULT: {"script":"<script> [1562 bytes]","args":[{"selector":{"id":"application-manageresources-display-component---editResource--btnAddCounter-img"},"wdio_ui5_key":"applicationmanageresources-display-component---editResource--btnAddCounter-img"}]}
RESULT: undefined
COMMAND: POST /session/ee8c0ad77c32eb6cf27ae9120157f0fa/element - {"using":"xpath","value":"//*[@id=\"application-manageresources-display-component---editResource--btnAddCounter-img\"]"}
RESULT: {"using":"xpath","value":"//*[@id=\"application-manageresources-display-component---editResource--btnAddCounter-img\"]"}
COMMAND: POST /session/ee8c0ad77c32eb6cf27ae9120157f0fa/element/f.4EEDEA8BBD1FF6E0A028415A04A49F5E.d.ACEF233D05D71B302D0DD97DC6904CEC.e.15266/click - {}
RESULT: {}
COMMAND: POST /session/ee8c0ad77c32eb6cf27ae9120157f0fa/execute/async - {"script":"<script> [1562 bytes]","args":[{"selector":{"id":"application-manageresources-display-component---editResource--COUNTER_ID-application-manageresources-display-component---editResource--RUCounters-0-arrow"},"wdio_ui5_key":"applicationmanageresources-display-component---editResource--COUNTER_ID-application-manageresources-display-component---editResource--RUCounters-0-arrow"}]}
COMMAND: GET /session/ee8c0ad77c32eb6cf27ae9120157f0fa/screenshot - {}
RESULT: {"script":"<script> [1562 bytes]","args":[{"selector":{"id":"application-manageresources-display-component---editResource--COUNTER_ID-application-manageresources-display-component---editResource--RUCounters-0-arrow"},"wdio_ui5_key":"applicationmanageresources-display-component---editResource--COUNTER_ID-application-manageresources-display-component---editResource--RUCounters-0-arrow"}]}
RESULT: undefined
COMMAND: POST /session/ee8c0ad77c32eb6cf27ae9120157f0fa/element - {"using":"xpath","value":"//*[@id=\"application-manageresources-display-component---editResource--COUNTER_ID-application-manageresources-display-component---editResource--RUCounters-0-arrow\"]"}
RESULT: {}
RESULT: {"using":"xpath","value":"//*[@id=\"application-manageresources-display-component---editResource--COUNTER_ID-application-manageresources-display-component---editResource--RUCounters-0-arrow\"]"}
COMMAND: POST /session/ee8c0ad77c32eb6cf27ae9120157f0fa/element/f.4EEDEA8BBD1FF6E0A028415A04A49F5E.d.ACEF233D05D71B302D0DD97DC6904CEC.e.15279/click - {}
RESULT: {}
COMMAND: POST /session/ee8c0ad77c32eb6cf27ae9120157f0fa/execute/async - {"script":"<script> [1562 bytes]","args":[{"selector":{"controlType":"sap.m.StandardListItem","viewName":"etm.portal.ui.manageresources.view.EditResource","viewId":"application-manageresources-display-component---editResource","properties":{"title":"fuel"},"searchOpenDialogs":true,"interaction":{"idSuffix":"content"}},"wdio_ui5_key":"etmportal.ui.manageresources.view.EditResourcesap.m.StandardListItem{\"title\":\"fuel\"}"}]}
COMMAND: GET /session/ee8c0ad77c32eb6cf27ae9120157f0fa/screenshot - {}
RESULT: {"script":"<script> [1562 bytes]","args":[{"selector":{"controlType":"sap.m.StandardListItem","viewName":"etm.portal.ui.manageresources.view.EditResource","viewId":"application-manageresources-display-component---editResource","properties":{"title":"fuel"},"searchOpenDialogs":true,"interaction":{"idSuffix":"content"}},"wdio_ui5_key":"etmportal.ui.manageresources.view.EditResourcesap.m.StandardListItem{\"title\":\"fuel\"}"}]}
RESULT: undefined
COMMAND: POST /session/ee8c0ad77c32eb6cf27ae9120157f0fa/element - {"using":"xpath","value":"//*[@id=\"__item1153\"]"}
RESULT: {}
RESULT: {"using":"xpath","value":"//*[@id=\"__item1153\"]"}
COMMAND: POST /session/ee8c0ad77c32eb6cf27ae9120157f0fa/element/f.4EEDEA8BBD1FF6E0A028415A04A49F5E.d.ACEF233D05D71B302D0DD97DC6904CEC.e.15281/click - {}
RESULT: {}
COMMAND: POST /session/ee8c0ad77c32eb6cf27ae9120157f0fa/execute/async - {"script":"<script> [1562 bytes]","args":[{"selector":{"controlType":"sap.m.Button","viewName":"etm.portal.ui.manageresources.view.EditResource","viewId":"application-manageresources-display-component---editResource","i18NText":{"propertyName":"text","key":"save"},"interaction":{"idSuffix":"BDI-content"}},"wdio_ui5_key":"etmportal.ui.manageresources.view.EditResourcesap.m.Button{\"propertyName\":\"text\",\"key\":\"save\"}"}]}
COMMAND: GET /session/ee8c0ad77c32eb6cf27ae9120157f0fa/screenshot - {}
RESULT: {"script":"<script> [1562 bytes]","args":[{"selector":{"controlType":"sap.m.Button","viewName":"etm.portal.ui.manageresources.view.EditResource","viewId":"application-manageresources-display-component---editResource","i18NText":{"propertyName":"text","key":"save"},"interaction":{"idSuffix":"BDI-content"}},"wdio_ui5_key":"etmportal.ui.manageresources.view.EditResourcesap.m.Button{\"propertyName\":\"text\",\"key\":\"save\"}"}]}
RESULT: undefined
COMMAND: POST /session/ee8c0ad77c32eb6cf27ae9120157f0fa/element - {"using":"xpath","value":"//*[@id=\"__button186\"]"}
RESULT: {}
RESULT: {"using":"xpath","value":"//*[@id=\"__button186\"]"}
COMMAND: POST /session/ee8c0ad77c32eb6cf27ae9120157f0fa/element/f.4EEDEA8BBD1FF6E0A028415A04A49F5E.d.ACEF233D05D71B302D0DD97DC6904CEC.e.15283/click - {}
RESULT: {}
COMMAND: GET /session/ee8c0ad77c32eb6cf27ae9120157f0fa/screenshot - {}
RESULT: {}
COMMAND: POST /session/ee8c0ad77c32eb6cf27ae9120157f0fa/element - {"using":"css selector","value":"#shell-header-logo"}
RESULT: {"using":"css selector","value":"#shell-header-logo"}
COMMAND: POST /session/ee8c0ad77c32eb6cf27ae9120157f0fa/element/f.4EEDEA8BBD1FF6E0A028415A04A49F5E.d.ACEF233D05D71B302D0DD97DC6904CEC.e.14811/click - {}
RESULT: {}
COMMAND: GET /session/ee8c0ad77c32eb6cf27ae9120157f0fa/screenshot - {}
RESULT: {}
]]></system-out>
    </testcase>
    <testcase classname="chrome.136_0_7103_49.windows.Performance_based_billing_(work_days)_US139742" name="Should do a stock increase on the yard for the equipment" time="100.784">
      <system-out><![CDATA[
COMMAND: POST /session/ee8c0ad77c32eb6cf27ae9120157f0fa/execute/async - {"script":"<script> [1562 bytes]","args":[{"selector":{"controlType":"sap.m.GenericTile","properties":{"header":"Manage Handovers"}},"wdio_ui5_key":"sapm.GenericTile{\"header\":\"Manage Handovers\"}"}]}
RESULT: {"script":"<script> [1562 bytes]","args":[{"selector":{"controlType":"sap.m.GenericTile","properties":{"header":"Manage Handovers"}},"wdio_ui5_key":"sapm.GenericTile{\"header\":\"Manage Handovers\"}"}]}
RESULT: undefined
COMMAND: POST /session/ee8c0ad77c32eb6cf27ae9120157f0fa/element - {"using":"xpath","value":"//*[@id=\"__tile131\"]"}
RESULT: {"using":"xpath","value":"//*[@id=\"__tile131\"]"}
COMMAND: POST /session/ee8c0ad77c32eb6cf27ae9120157f0fa/element/f.4EEDEA8BBD1FF6E0A028415A04A49F5E.d.ACEF233D05D71B302D0DD97DC6904CEC.e.15296/click - {}
RESULT: {}
COMMAND: GET /session/ee8c0ad77c32eb6cf27ae9120157f0fa/screenshot - {}
RESULT: {}
COMMAND: POST /session/ee8c0ad77c32eb6cf27ae9120157f0fa/elements - {"using":"xpath","value":"//span[text()='Error']"}
RESULT: {"using":"xpath","value":"//span[text()='Error']"}
COMMAND: POST /session/ee8c0ad77c32eb6cf27ae9120157f0fa/element - {"using":"xpath","value":"//button[@data-kt=\"masterHOAddButton\"]"}
RESULT: {"using":"xpath","value":"//button[@data-kt=\"masterHOAddButton\"]"}
COMMAND: POST /session/ee8c0ad77c32eb6cf27ae9120157f0fa/elements - {"using":"xpath","value":"//button[@data-kt=\"masterHOAddButton\"]"}
RESULT: {"using":"xpath","value":"//button[@data-kt=\"masterHOAddButton\"]"}
COMMAND: POST /session/ee8c0ad77c32eb6cf27ae9120157f0fa/element - {"using":"xpath","value":"//button[@data-kt=\"masterHOAddButton\"]"}
RESULT: {"using":"xpath","value":"//button[@data-kt=\"masterHOAddButton\"]"}
COMMAND: POST /session/ee8c0ad77c32eb6cf27ae9120157f0fa/execute/sync - {"script":"<script> [8489 bytes]","args":[{"element-6066-11e4-a52e-4f735466cecf":"f.4EEDEA8BBD1FF6E0A028415A04A49F5E.d.ACEF233D05D71B302D0DD97DC6904CEC.e.15327","ELEMENT":"f.4EEDEA8BBD1FF6E0A028415A04A49F5E.d.ACEF233D05D71B302D0DD97DC6904CEC.e.15327"}]}
RESULT: {"script":"<script> [8489 bytes]","args":[{"element-6066-11e4-a52e-4f735466cecf":"f.4EEDEA8BBD1FF6E0A028415A04A49F5E.d.ACEF233D05D71B302D0DD97DC6904CEC.e.15327","ELEMENT":"f.4EEDEA8BBD1FF6E0A028415A04A49F5E.d.ACEF233D05D71B302D0DD97DC6904CEC.e.15327"}]}
COMMAND: GET /session/ee8c0ad77c32eb6cf27ae9120157f0fa/element/f.4EEDEA8BBD1FF6E0A028415A04A49F5E.d.ACEF233D05D71B302D0DD97DC6904CEC.e.15327/enabled - {}
COMMAND: GET /session/ee8c0ad77c32eb6cf27ae9120157f0fa/screenshot - {}
RESULT: {}
COMMAND: POST /session/ee8c0ad77c32eb6cf27ae9120157f0fa/execute/sync - {"script":"<script> [8489 bytes]","args":[{"element-6066-11e4-a52e-4f735466cecf":"f.4EEDEA8BBD1FF6E0A028415A04A49F5E.d.ACEF233D05D71B302D0DD97DC6904CEC.e.15327","ELEMENT":"f.4EEDEA8BBD1FF6E0A028415A04A49F5E.d.ACEF233D05D71B302D0DD97DC6904CEC.e.15327"}]}
COMMAND: GET /session/ee8c0ad77c32eb6cf27ae9120157f0fa/screenshot - {}
RESULT: {}
RESULT: {"script":"<script> [8489 bytes]","args":[{"element-6066-11e4-a52e-4f735466cecf":"f.4EEDEA8BBD1FF6E0A028415A04A49F5E.d.ACEF233D05D71B302D0DD97DC6904CEC.e.15327","ELEMENT":"f.4EEDEA8BBD1FF6E0A028415A04A49F5E.d.ACEF233D05D71B302D0DD97DC6904CEC.e.15327"}]}
COMMAND: POST /session/ee8c0ad77c32eb6cf27ae9120157f0fa/execute/sync - {"script":"<script> [5351 bytes]","args":[{"element-6066-11e4-a52e-4f735466cecf":"f.4EEDEA8BBD1FF6E0A028415A04A49F5E.d.ACEF233D05D71B302D0DD97DC6904CEC.e.15327","ELEMENT":"f.4EEDEA8BBD1FF6E0A028415A04A49F5E.d.ACEF233D05D71B302D0DD97DC6904CEC.e.15327"}]}
RESULT: {}
COMMAND: GET /session/ee8c0ad77c32eb6cf27ae9120157f0fa/screenshot - {}
RESULT: {"script":"<script> [5351 bytes]","args":[{"element-6066-11e4-a52e-4f735466cecf":"f.4EEDEA8BBD1FF6E0A028415A04A49F5E.d.ACEF233D05D71B302D0DD97DC6904CEC.e.15327","ELEMENT":"f.4EEDEA8BBD1FF6E0A028415A04A49F5E.d.ACEF233D05D71B302D0DD97DC6904CEC.e.15327"}]}
COMMAND: POST /session/ee8c0ad77c32eb6cf27ae9120157f0fa/element/f.4EEDEA8BBD1FF6E0A028415A04A49F5E.d.ACEF233D05D71B302D0DD97DC6904CEC.e.15327/click - {}
COMMAND: GET /session/ee8c0ad77c32eb6cf27ae9120157f0fa/screenshot - {}
RESULT: {}
RESULT: {}
COMMAND: GET /session/ee8c0ad77c32eb6cf27ae9120157f0fa/screenshot - {}
COMMAND: POST /session/ee8c0ad77c32eb6cf27ae9120157f0fa/element - {"using":"xpath","value":"//span[contains(@id ,\"AddNewHO--typeSelect-arrow\")]"}
RESULT: {}
RESULT: {}
RESULT: {"using":"xpath","value":"//span[contains(@id ,\"AddNewHO--typeSelect-arrow\")]"}
COMMAND: POST /session/ee8c0ad77c32eb6cf27ae9120157f0fa/element/f.4EEDEA8BBD1FF6E0A028415A04A49F5E.d.ACEF233D05D71B302D0DD97DC6904CEC.e.15691/click - {}
RESULT: {}
COMMAND: GET /session/ee8c0ad77c32eb6cf27ae9120157f0fa/screenshot - {}
RESULT: {}
COMMAND: POST /session/ee8c0ad77c32eb6cf27ae9120157f0fa/element - {"using":"xpath","value":"(//li[contains(text(), \"stock increase yard\")])[1]"}
RESULT: {"using":"xpath","value":"(//li[contains(text(), \"stock increase yard\")])[1]"}
COMMAND: POST /session/ee8c0ad77c32eb6cf27ae9120157f0fa/element/f.4EEDEA8BBD1FF6E0A028415A04A49F5E.d.ACEF233D05D71B302D0DD97DC6904CEC.e.15692/click - {}
RESULT: {}
COMMAND: GET /session/ee8c0ad77c32eb6cf27ae9120157f0fa/screenshot - {}
RESULT: {}
COMMAND: POST /session/ee8c0ad77c32eb6cf27ae9120157f0fa/execute/async - {"script":"<script> [1562 bytes]","args":[{"selector":{"id":"application-managehandovers-display-component---AddNewHO--dueDate","interaction":{"idSuffix":"inner"}},"wdio_ui5_key":"applicationmanagehandovers-display-component---AddNewHO--dueDate"}]}
RESULT: {"script":"<script> [1562 bytes]","args":[{"selector":{"id":"application-managehandovers-display-component---AddNewHO--dueDate","interaction":{"idSuffix":"inner"}},"wdio_ui5_key":"applicationmanagehandovers-display-component---AddNewHO--dueDate"}]}
RESULT: undefined
COMMAND: POST /session/ee8c0ad77c32eb6cf27ae9120157f0fa/execute/async - {"script":"<script> [6424 bytes]","args":[{"element-6066-11e4-a52e-4f735466cecf":"f.4EEDEA8BBD1FF6E0A028415A04A49F5E.d.ACEF233D05D71B302D0DD97DC6904CEC.e.15696"},"setValue",["5/14/25"]]}
RESULT: {"script":"<script> [6424 bytes]","args":[{"element-6066-11e4-a52e-4f735466cecf":"f.4EEDEA8BBD1FF6E0A028415A04A49F5E.d.ACEF233D05D71B302D0DD97DC6904CEC.e.15696"},"setValue",["5/14/25"]]}
COMMAND: POST /session/ee8c0ad77c32eb6cf27ae9120157f0fa/element - {"using":"xpath","value":"//input[@id=\"generalSectionFrg--receiveYard-inner\"]"}
RESULT: {"using":"xpath","value":"//input[@id=\"generalSectionFrg--receiveYard-inner\"]"}
COMMAND: POST /session/ee8c0ad77c32eb6cf27ae9120157f0fa/element/f.4EEDEA8BBD1FF6E0A028415A04A49F5E.d.ACEF233D05D71B302D0DD97DC6904CEC.e.15700/clear - {}
RESULT: {}
COMMAND: POST /session/ee8c0ad77c32eb6cf27ae9120157f0fa/element/f.4EEDEA8BBD1FF6E0A028415A04A49F5E.d.ACEF233D05D71B302D0DD97DC6904CEC.e.15700/value - {"text":"366"}
COMMAND: GET /session/ee8c0ad77c32eb6cf27ae9120157f0fa/screenshot - {}
RESULT: {"text":"366"}
COMMAND: GET /session/ee8c0ad77c32eb6cf27ae9120157f0fa/screenshot - {}
RESULT: {}
RESULT: {}
COMMAND: POST /session/ee8c0ad77c32eb6cf27ae9120157f0fa/element - {"using":"xpath","value":"//li[.//span[text()='366']]"}
RESULT: {"using":"xpath","value":"//li[.//span[text()='366']]"}
COMMAND: POST /session/ee8c0ad77c32eb6cf27ae9120157f0fa/element/f.4EEDEA8BBD1FF6E0A028415A04A49F5E.d.ACEF233D05D71B302D0DD97DC6904CEC.e.15714/click - {}
RESULT: {}
COMMAND: GET /session/ee8c0ad77c32eb6cf27ae9120157f0fa/screenshot - {}
RESULT: {}
COMMAND: POST /session/ee8c0ad77c32eb6cf27ae9120157f0fa/execute/async - {"script":"<script> [1562 bytes]","args":[{"selector":{"id":"application-managehandovers-display-component---AddNewHO--ObjectPageLayout-anchBar-application-managehandovers-display-component---AddNewHO--section4-anchor","interaction":{"idSuffix":"BDI-content"}},"wdio_ui5_key":"applicationmanagehandovers-display-component---AddNewHO--ObjectPageLayout-anchBar-application-managehandovers-display-component---AddNewHO--section4-anchor"}]}
RESULT: {"script":"<script> [1562 bytes]","args":[{"selector":{"id":"application-managehandovers-display-component---AddNewHO--ObjectPageLayout-anchBar-application-managehandovers-display-component---AddNewHO--section4-anchor","interaction":{"idSuffix":"BDI-content"}},"wdio_ui5_key":"applicationmanagehandovers-display-component---AddNewHO--ObjectPageLayout-anchBar-application-managehandovers-display-component---AddNewHO--section4-anchor"}]}
RESULT: undefined
COMMAND: POST /session/ee8c0ad77c32eb6cf27ae9120157f0fa/element - {"using":"xpath","value":"//*[@id=\"application-managehandovers-display-component---AddNewHO--ObjectPageLayout-anchBar-application-managehandovers-display-component---AddNewHO--section4-anchor\"]"}
RESULT: {"using":"xpath","value":"//*[@id=\"application-managehandovers-display-component---AddNewHO--ObjectPageLayout-anchBar-application-managehandovers-display-component---AddNewHO--section4-anchor\"]"}
COMMAND: POST /session/ee8c0ad77c32eb6cf27ae9120157f0fa/element/f.4EEDEA8BBD1FF6E0A028415A04A49F5E.d.ACEF233D05D71B302D0DD97DC6904CEC.e.15716/click - {}
RESULT: {}
COMMAND: POST /session/ee8c0ad77c32eb6cf27ae9120157f0fa/element - {"using":"xpath","value":"//button[@aria-label=\"Add\"]"}
COMMAND: GET /session/ee8c0ad77c32eb6cf27ae9120157f0fa/screenshot - {}
RESULT: {"using":"xpath","value":"//button[@aria-label=\"Add\"]"}
COMMAND: POST /session/ee8c0ad77c32eb6cf27ae9120157f0fa/element/f.4EEDEA8BBD1FF6E0A028415A04A49F5E.d.ACEF233D05D71B302D0DD97DC6904CEC.e.15718/click - {}
RESULT: {}
RESULT: {}
COMMAND: GET /session/ee8c0ad77c32eb6cf27ae9120157f0fa/screenshot - {}
RESULT: {}
COMMAND: POST /session/ee8c0ad77c32eb6cf27ae9120157f0fa/execute/async - {"script":"<script> [1562 bytes]","args":[{"selector":{"id":"application-managehandovers-display-component---AddNewHO--smartFilterBar-btnBasicSearch","searchOpenDialogs":true,"interaction":{"idSuffix":"I"}},"wdio_ui5_key":"applicationmanagehandovers-display-component---AddNewHO--smartFilterBar-btnBasicSearch"}]}
RESULT: {"script":"<script> [1562 bytes]","args":[{"selector":{"id":"application-managehandovers-display-component---AddNewHO--smartFilterBar-btnBasicSearch","searchOpenDialogs":true,"interaction":{"idSuffix":"I"}},"wdio_ui5_key":"applicationmanagehandovers-display-component---AddNewHO--smartFilterBar-btnBasicSearch"}]}
RESULT: undefined
COMMAND: POST /session/ee8c0ad77c32eb6cf27ae9120157f0fa/execute/async - {"script":"<script> [776 bytes]","args":[{"enterText":"emtLTUIOxz","selector":{"id":"application-managehandovers-display-component---AddNewHO--smartFilterBar-btnBasicSearch","searchOpenDialogs":true,"interaction":{"idSuffix":"I"}},"clearTextFirst":true,"interactionType":"ENTER_TEXT"}]}
RESULT: {"script":"<script> [776 bytes]","args":[{"enterText":"emtLTUIOxz","selector":{"id":"application-managehandovers-display-component---AddNewHO--smartFilterBar-btnBasicSearch","searchOpenDialogs":true,"interaction":{"idSuffix":"I"}},"clearTextFirst":true,"interactionType":"ENTER_TEXT"}]}
COMMAND: POST /session/ee8c0ad77c32eb6cf27ae9120157f0fa/actions - {"actions":[{"id":"action60","type":"key","parameters":{},"actions":[{"type":"keyDown","value":"î€‡"},{"type":"pause","duration":10},{"type":"keyUp","value":"î€‡"}]}]}
RESULT: {"actions":[{"id":"action60","type":"key","parameters":{},"actions":[{"type":"keyDown","value":"î€‡"},{"type":"pause","duration":10},{"type":"keyUp","value":"î€‡"}]}]}
COMMAND: GET /session/ee8c0ad77c32eb6cf27ae9120157f0fa/screenshot - {}
RESULT: {}
COMMAND: POST /session/ee8c0ad77c32eb6cf27ae9120157f0fa/execute/async - {"script":"<script> [1562 bytes]","args":[{"selector":{"id":"application-managehandovers-display-component---AddNewHO--popup-sa","searchOpenDialogs":true,"interaction":{"idSuffix":"CbBg"}},"wdio_ui5_key":"applicationmanagehandovers-display-component---AddNewHO--popup-sa"}]}
RESULT: {"script":"<script> [1562 bytes]","args":[{"selector":{"id":"application-managehandovers-display-component---AddNewHO--popup-sa","searchOpenDialogs":true,"interaction":{"idSuffix":"CbBg"}},"wdio_ui5_key":"applicationmanagehandovers-display-component---AddNewHO--popup-sa"}]}
RESULT: undefined
COMMAND: POST /session/ee8c0ad77c32eb6cf27ae9120157f0fa/element - {"using":"xpath","value":"//*[@id=\"application-managehandovers-display-component---AddNewHO--popup-sa\"]"}
RESULT: {"using":"xpath","value":"//*[@id=\"application-managehandovers-display-component---AddNewHO--popup-sa\"]"}
COMMAND: POST /session/ee8c0ad77c32eb6cf27ae9120157f0fa/element/f.4EEDEA8BBD1FF6E0A028415A04A49F5E.d.ACEF233D05D71B302D0DD97DC6904CEC.e.15869/click - {}
RESULT: {}
COMMAND: GET /session/ee8c0ad77c32eb6cf27ae9120157f0fa/screenshot - {}
RESULT: {}
COMMAND: POST /session/ee8c0ad77c32eb6cf27ae9120157f0fa/element - {"using":"xpath","value":"//bdi[contains(text(), \"Select\")]"}
RESULT: {"using":"xpath","value":"//bdi[contains(text(), \"Select\")]"}
COMMAND: POST /session/ee8c0ad77c32eb6cf27ae9120157f0fa/element/f.4EEDEA8BBD1FF6E0A028415A04A49F5E.d.ACEF233D05D71B302D0DD97DC6904CEC.e.15870/click - {}
RESULT: {}
COMMAND: GET /session/ee8c0ad77c32eb6cf27ae9120157f0fa/screenshot - {}
RESULT: {}
COMMAND: POST /session/ee8c0ad77c32eb6cf27ae9120157f0fa/element - {"using":"xpath","value":"//button[@data-kt=\"AddNewHOSaveButton\"]"}
RESULT: {"using":"xpath","value":"//button[@data-kt=\"AddNewHOSaveButton\"]"}
COMMAND: POST /session/ee8c0ad77c32eb6cf27ae9120157f0fa/element/f.4EEDEA8BBD1FF6E0A028415A04A49F5E.d.ACEF233D05D71B302D0DD97DC6904CEC.e.15875/click - {}
RESULT: {}
COMMAND: GET /session/ee8c0ad77c32eb6cf27ae9120157f0fa/screenshot - {}
RESULT: {}
COMMAND: POST /session/ee8c0ad77c32eb6cf27ae9120157f0fa/execute/async - {"script":"<script> [1562 bytes]","args":[{"selector":{"id":"receiptDatePicker","viewName":"etm.portal.ui.managehandovers.view.DetailExecuteHO","interaction":{"idSuffix":"inner"}},"wdio_ui5_key":"receiptDatePickeretmportal.ui.managehandovers.view.DetailExecuteHO"}]}
RESULT: {"script":"<script> [1562 bytes]","args":[{"selector":{"id":"receiptDatePicker","viewName":"etm.portal.ui.managehandovers.view.DetailExecuteHO","interaction":{"idSuffix":"inner"}},"wdio_ui5_key":"receiptDatePickeretmportal.ui.managehandovers.view.DetailExecuteHO"}]}
RESULT: undefined
COMMAND: POST /session/ee8c0ad77c32eb6cf27ae9120157f0fa/execute/async - {"script":"<script> [6424 bytes]","args":[{"element-6066-11e4-a52e-4f735466cecf":"f.4EEDEA8BBD1FF6E0A028415A04A49F5E.d.ACEF233D05D71B302D0DD97DC6904CEC.e.15894"},"setValue",["5/14/25"]]}
RESULT: {"script":"<script> [6424 bytes]","args":[{"element-6066-11e4-a52e-4f735466cecf":"f.4EEDEA8BBD1FF6E0A028415A04A49F5E.d.ACEF233D05D71B302D0DD97DC6904CEC.e.15894"},"setValue",["5/14/25"]]}
COMMAND: POST /session/ee8c0ad77c32eb6cf27ae9120157f0fa/element - {"using":"xpath","value":"//button[@data-kt=\"PickingTableConfirmAllButton\"]"}
RESULT: {"using":"xpath","value":"//button[@data-kt=\"PickingTableConfirmAllButton\"]"}
COMMAND: POST /session/ee8c0ad77c32eb6cf27ae9120157f0fa/element/f.4EEDEA8BBD1FF6E0A028415A04A49F5E.d.ACEF233D05D71B302D0DD97DC6904CEC.e.15909/click - {}
RESULT: {}
COMMAND: GET /session/ee8c0ad77c32eb6cf27ae9120157f0fa/screenshot - {}
RESULT: {}
COMMAND: POST /session/ee8c0ad77c32eb6cf27ae9120157f0fa/element - {"using":"xpath","value":"//bdi[contains(text(), \"OK\")]"}
RESULT: {"using":"xpath","value":"//bdi[contains(text(), \"OK\")]"}
COMMAND: POST /session/ee8c0ad77c32eb6cf27ae9120157f0fa/element/f.4EEDEA8BBD1FF6E0A028415A04A49F5E.d.ACEF233D05D71B302D0DD97DC6904CEC.e.15911/click - {}
RESULT: {}
COMMAND: GET /session/ee8c0ad77c32eb6cf27ae9120157f0fa/screenshot - {}
RESULT: {}
COMMAND: POST /session/ee8c0ad77c32eb6cf27ae9120157f0fa/element - {"using":"xpath","value":"(//bdi[contains(text(), \"Receive\")])[2]"}
RESULT: {"using":"xpath","value":"(//bdi[contains(text(), \"Receive\")])[2]"}
COMMAND: POST /session/ee8c0ad77c32eb6cf27ae9120157f0fa/element/f.4EEDEA8BBD1FF6E0A028415A04A49F5E.d.ACEF233D05D71B302D0DD97DC6904CEC.e.15913/click - {}
RESULT: {}
COMMAND: GET /session/ee8c0ad77c32eb6cf27ae9120157f0fa/screenshot - {}
RESULT: {}
COMMAND: POST /session/ee8c0ad77c32eb6cf27ae9120157f0fa/element - {"using":"css selector","value":"#shell-header-logo"}
RESULT: {"using":"css selector","value":"#shell-header-logo"}
COMMAND: POST /session/ee8c0ad77c32eb6cf27ae9120157f0fa/element/f.4EEDEA8BBD1FF6E0A028415A04A49F5E.d.ACEF233D05D71B302D0DD97DC6904CEC.e.15298/click - {}
RESULT: {}
COMMAND: GET /session/ee8c0ad77c32eb6cf27ae9120157f0fa/screenshot - {}
RESULT: {}
]]></system-out>
    </testcase>
    <testcase classname="chrome.136_0_7103_49.windows.Performance_based_billing_(work_days)_US139742" name="Should create a new contract" time="73.003">
      <system-out><![CDATA[
COMMAND: POST /session/ee8c0ad77c32eb6cf27ae9120157f0fa/execute/async - {"script":"<script> [1562 bytes]","args":[{"selector":{"controlType":"sap.m.GenericTile","properties":{"header":"Manage Contracts"}},"wdio_ui5_key":"sapm.GenericTile{\"header\":\"Manage Contracts\"}"}]}
RESULT: {"script":"<script> [1562 bytes]","args":[{"selector":{"controlType":"sap.m.GenericTile","properties":{"header":"Manage Contracts"}},"wdio_ui5_key":"sapm.GenericTile{\"header\":\"Manage Contracts\"}"}]}
RESULT: undefined
COMMAND: POST /session/ee8c0ad77c32eb6cf27ae9120157f0fa/element - {"using":"xpath","value":"//*[@id=\"__tile132\"]"}
RESULT: {"using":"xpath","value":"//*[@id=\"__tile132\"]"}
COMMAND: POST /session/ee8c0ad77c32eb6cf27ae9120157f0fa/element/f.4EEDEA8BBD1FF6E0A028415A04A49F5E.d.ACEF233D05D71B302D0DD97DC6904CEC.e.16085/click - {}
RESULT: {}
COMMAND: GET /session/ee8c0ad77c32eb6cf27ae9120157f0fa/screenshot - {}
RESULT: {}
COMMAND: POST /session/ee8c0ad77c32eb6cf27ae9120157f0fa/elements - {"using":"xpath","value":"//span[text()='Error']"}
RESULT: {"using":"xpath","value":"//span[text()='Error']"}
COMMAND: POST /session/ee8c0ad77c32eb6cf27ae9120157f0fa/element - {"using":"xpath","value":"//button[@data-kt=\"addButton\"]"}
RESULT: {"using":"xpath","value":"//button[@data-kt=\"addButton\"]"}
COMMAND: POST /session/ee8c0ad77c32eb6cf27ae9120157f0fa/elements - {"using":"xpath","value":"//button[@data-kt=\"addButton\"]"}
RESULT: {"using":"xpath","value":"//button[@data-kt=\"addButton\"]"}
COMMAND: POST /session/ee8c0ad77c32eb6cf27ae9120157f0fa/execute/sync - {"script":"<script> [8489 bytes]","args":[{"element-6066-11e4-a52e-4f735466cecf":"f.4EEDEA8BBD1FF6E0A028415A04A49F5E.d.ACEF233D05D71B302D0DD97DC6904CEC.e.16135","ELEMENT":"f.4EEDEA8BBD1FF6E0A028415A04A49F5E.d.ACEF233D05D71B302D0DD97DC6904CEC.e.16135"}]}
RESULT: {"script":"<script> [8489 bytes]","args":[{"element-6066-11e4-a52e-4f735466cecf":"f.4EEDEA8BBD1FF6E0A028415A04A49F5E.d.ACEF233D05D71B302D0DD97DC6904CEC.e.16135","ELEMENT":"f.4EEDEA8BBD1FF6E0A028415A04A49F5E.d.ACEF233D05D71B302D0DD97DC6904CEC.e.16135"}]}
COMMAND: GET /session/ee8c0ad77c32eb6cf27ae9120157f0fa/element/f.4EEDEA8BBD1FF6E0A028415A04A49F5E.d.ACEF233D05D71B302D0DD97DC6904CEC.e.16135/enabled - {}
COMMAND: GET /session/ee8c0ad77c32eb6cf27ae9120157f0fa/screenshot - {}
RESULT: {}
COMMAND: POST /session/ee8c0ad77c32eb6cf27ae9120157f0fa/execute/sync - {"script":"<script> [8489 bytes]","args":[{"element-6066-11e4-a52e-4f735466cecf":"f.4EEDEA8BBD1FF6E0A028415A04A49F5E.d.ACEF233D05D71B302D0DD97DC6904CEC.e.16135","ELEMENT":"f.4EEDEA8BBD1FF6E0A028415A04A49F5E.d.ACEF233D05D71B302D0DD97DC6904CEC.e.16135"}]}
COMMAND: GET /session/ee8c0ad77c32eb6cf27ae9120157f0fa/screenshot - {}
RESULT: {}
RESULT: {"script":"<script> [8489 bytes]","args":[{"element-6066-11e4-a52e-4f735466cecf":"f.4EEDEA8BBD1FF6E0A028415A04A49F5E.d.ACEF233D05D71B302D0DD97DC6904CEC.e.16135","ELEMENT":"f.4EEDEA8BBD1FF6E0A028415A04A49F5E.d.ACEF233D05D71B302D0DD97DC6904CEC.e.16135"}]}
COMMAND: POST /session/ee8c0ad77c32eb6cf27ae9120157f0fa/execute/sync - {"script":"<script> [5351 bytes]","args":[{"element-6066-11e4-a52e-4f735466cecf":"f.4EEDEA8BBD1FF6E0A028415A04A49F5E.d.ACEF233D05D71B302D0DD97DC6904CEC.e.16135","ELEMENT":"f.4EEDEA8BBD1FF6E0A028415A04A49F5E.d.ACEF233D05D71B302D0DD97DC6904CEC.e.16135"}]}
COMMAND: GET /session/ee8c0ad77c32eb6cf27ae9120157f0fa/screenshot - {}
RESULT: {}
RESULT: {"script":"<script> [5351 bytes]","args":[{"element-6066-11e4-a52e-4f735466cecf":"f.4EEDEA8BBD1FF6E0A028415A04A49F5E.d.ACEF233D05D71B302D0DD97DC6904CEC.e.16135","ELEMENT":"f.4EEDEA8BBD1FF6E0A028415A04A49F5E.d.ACEF233D05D71B302D0DD97DC6904CEC.e.16135"}]}
COMMAND: GET /session/ee8c0ad77c32eb6cf27ae9120157f0fa/screenshot - {}
RESULT: {}
RESULT: {}
COMMAND: POST /session/ee8c0ad77c32eb6cf27ae9120157f0fa/element/f.4EEDEA8BBD1FF6E0A028415A04A49F5E.d.ACEF233D05D71B302D0DD97DC6904CEC.e.16135/click - {}
RESULT: {}
COMMAND: GET /session/ee8c0ad77c32eb6cf27ae9120157f0fa/screenshot - {}
RESULT: {}
COMMAND: POST /session/ee8c0ad77c32eb6cf27ae9120157f0fa/execute/async - {"script":"<script> [1562 bytes]","args":[{"selector":{"id":"application-managecontracts-display-component---AddNewContract--projectDescription","interaction":{"idSuffix":"inner"}},"wdio_ui5_key":"applicationmanagecontracts-display-component---AddNewContract--projectDescription"}]}
RESULT: {"script":"<script> [1562 bytes]","args":[{"selector":{"id":"application-managecontracts-display-component---AddNewContract--projectDescription","interaction":{"idSuffix":"inner"}},"wdio_ui5_key":"applicationmanagecontracts-display-component---AddNewContract--projectDescription"}]}
RESULT: undefined
COMMAND: POST /session/ee8c0ad77c32eb6cf27ae9120157f0fa/execute/async - {"script":"<script> [776 bytes]","args":[{"enterText":"Performance Contract WDIO","selector":{"id":"application-managecontracts-display-component---AddNewContract--projectDescription","interaction":{"idSuffix":"inner"}},"clearTextFirst":true,"interactionType":"ENTER_TEXT"}]}
RESULT: {"script":"<script> [776 bytes]","args":[{"enterText":"Performance Contract WDIO","selector":{"id":"application-managecontracts-display-component---AddNewContract--projectDescription","interaction":{"idSuffix":"inner"}},"clearTextFirst":true,"interactionType":"ENTER_TEXT"}]}
COMMAND: POST /session/ee8c0ad77c32eb6cf27ae9120157f0fa/element - {"using":"xpath","value":"//input[@id=\"application-managecontracts-display-component---AddNewContract--site-inner\"]"}
RESULT: {"using":"xpath","value":"//input[@id=\"application-managecontracts-display-component---AddNewContract--site-inner\"]"}
COMMAND: POST /session/ee8c0ad77c32eb6cf27ae9120157f0fa/element/f.4EEDEA8BBD1FF6E0A028415A04A49F5E.d.ACEF233D05D71B302D0DD97DC6904CEC.e.16491/clear - {}
RESULT: {}
COMMAND: POST /session/ee8c0ad77c32eb6cf27ae9120157f0fa/element/f.4EEDEA8BBD1FF6E0A028415A04A49F5E.d.ACEF233D05D71B302D0DD97DC6904CEC.e.16491/value - {"text":"2151"}
COMMAND: GET /session/ee8c0ad77c32eb6cf27ae9120157f0fa/screenshot - {}
RESULT: {"text":"2151"}
COMMAND: GET /session/ee8c0ad77c32eb6cf27ae9120157f0fa/screenshot - {}
RESULT: {}
RESULT: {}
COMMAND: POST /session/ee8c0ad77c32eb6cf27ae9120157f0fa/element - {"using":"xpath","value":"//li[.//span[text()='2151']]"}
RESULT: {"using":"xpath","value":"//li[.//span[text()='2151']]"}
COMMAND: POST /session/ee8c0ad77c32eb6cf27ae9120157f0fa/element/f.4EEDEA8BBD1FF6E0A028415A04A49F5E.d.ACEF233D05D71B302D0DD97DC6904CEC.e.16525/click - {}
RESULT: {}
COMMAND: GET /session/ee8c0ad77c32eb6cf27ae9120157f0fa/screenshot - {}
RESULT: {}
COMMAND: POST /session/ee8c0ad77c32eb6cf27ae9120157f0fa/element - {"using":"xpath","value":"//input[@id=\"application-managecontracts-display-component---AddNewContract--yardId-inner\"]"}
RESULT: {"using":"xpath","value":"//input[@id=\"application-managecontracts-display-component---AddNewContract--yardId-inner\"]"}
COMMAND: GET /session/ee8c0ad77c32eb6cf27ae9120157f0fa/element/f.4EEDEA8BBD1FF6E0A028415A04A49F5E.d.ACEF233D05D71B302D0DD97DC6904CEC.e.16492/property/value - {}
RESULT: {}
COMMAND: POST /session/ee8c0ad77c32eb6cf27ae9120157f0fa/element - {"using":"xpath","value":"//input[@id=\"application-managecontracts-display-component---AddNewContract--customerSelect-inner\"]"}
COMMAND: GET /session/ee8c0ad77c32eb6cf27ae9120157f0fa/screenshot - {}
RESULT: {"using":"xpath","value":"//input[@id=\"application-managecontracts-display-component---AddNewContract--customerSelect-inner\"]"}
COMMAND: POST /session/ee8c0ad77c32eb6cf27ae9120157f0fa/element/f.4EEDEA8BBD1FF6E0A028415A04A49F5E.d.ACEF233D05D71B302D0DD97DC6904CEC.e.16490/clear - {}
RESULT: {}
RESULT: {}
COMMAND: POST /session/ee8c0ad77c32eb6cf27ae9120157f0fa/element/f.4EEDEA8BBD1FF6E0A028415A04A49F5E.d.ACEF233D05D71B302D0DD97DC6904CEC.e.16490/value - {"text":"1184"}
COMMAND: GET /session/ee8c0ad77c32eb6cf27ae9120157f0fa/screenshot - {}
RESULT: {"text":"1184"}
COMMAND: GET /session/ee8c0ad77c32eb6cf27ae9120157f0fa/screenshot - {}
RESULT: {}
RESULT: {}
COMMAND: POST /session/ee8c0ad77c32eb6cf27ae9120157f0fa/element - {"using":"xpath","value":"//li[.//span[text()='1184']]"}
RESULT: {"using":"xpath","value":"//li[.//span[text()='1184']]"}
COMMAND: POST /session/ee8c0ad77c32eb6cf27ae9120157f0fa/element/f.4EEDEA8BBD1FF6E0A028415A04A49F5E.d.ACEF233D05D71B302D0DD97DC6904CEC.e.16528/click - {}
RESULT: {}
COMMAND: GET /session/ee8c0ad77c32eb6cf27ae9120157f0fa/screenshot - {}
RESULT: {}
COMMAND: POST /session/ee8c0ad77c32eb6cf27ae9120157f0fa/element - {"using":"xpath","value":"//button[@data-kt=\"saveButton\"]"}
RESULT: {"using":"xpath","value":"//button[@data-kt=\"saveButton\"]"}
COMMAND: POST /session/ee8c0ad77c32eb6cf27ae9120157f0fa/element/f.4EEDEA8BBD1FF6E0A028415A04A49F5E.d.ACEF233D05D71B302D0DD97DC6904CEC.e.16529/click - {}
RESULT: {}
COMMAND: GET /session/ee8c0ad77c32eb6cf27ae9120157f0fa/screenshot - {}
RESULT: {}
COMMAND: POST /session/ee8c0ad77c32eb6cf27ae9120157f0fa/element - {"using":"xpath","value":"//span[contains(@id ,\"contractDetailTitleNoExpanded\")]"}
RESULT: {"using":"xpath","value":"//span[contains(@id ,\"contractDetailTitleNoExpanded\")]"}
COMMAND: POST /session/ee8c0ad77c32eb6cf27ae9120157f0fa/elements - {"using":"xpath","value":"//span[contains(@id ,\"contractDetailTitleNoExpanded\")]"}
RESULT: {"using":"xpath","value":"//span[contains(@id ,\"contractDetailTitleNoExpanded\")]"}
COMMAND: POST /session/ee8c0ad77c32eb6cf27ae9120157f0fa/execute/sync - {"script":"<script> [56 bytes]","args":[{"element-6066-11e4-a52e-4f735466cecf":"f.4EEDEA8BBD1FF6E0A028415A04A49F5E.d.ACEF233D05D71B302D0DD97DC6904CEC.e.16547","ELEMENT":"f.4EEDEA8BBD1FF6E0A028415A04A49F5E.d.ACEF233D05D71B302D0DD97DC6904CEC.e.16547"}]}
RESULT: {"script":"<script> [56 bytes]","args":[{"element-6066-11e4-a52e-4f735466cecf":"f.4EEDEA8BBD1FF6E0A028415A04A49F5E.d.ACEF233D05D71B302D0DD97DC6904CEC.e.16547","ELEMENT":"f.4EEDEA8BBD1FF6E0A028415A04A49F5E.d.ACEF233D05D71B302D0DD97DC6904CEC.e.16547"}]}
COMMAND: GET /session/ee8c0ad77c32eb6cf27ae9120157f0fa/screenshot - {}
RESULT: {}
]]></system-out>
    </testcase>
    <testcase classname="chrome.136_0_7103_49.windows.Performance_based_billing_(work_days)_US139742" name="Should add equipment to the contract" time="50.317">
      <system-out><![CDATA[
COMMAND: POST /session/ee8c0ad77c32eb6cf27ae9120157f0fa/element - {"using":"xpath","value":"//button[@data-kt=\"contractDetailEditBtnButton\"]"}
RESULT: {"using":"xpath","value":"//button[@data-kt=\"contractDetailEditBtnButton\"]"}
COMMAND: POST /session/ee8c0ad77c32eb6cf27ae9120157f0fa/element/f.4EEDEA8BBD1FF6E0A028415A04A49F5E.d.ACEF233D05D71B302D0DD97DC6904CEC.e.16548/click - {}
RESULT: {}
COMMAND: GET /session/ee8c0ad77c32eb6cf27ae9120157f0fa/screenshot - {}
RESULT: {}
COMMAND: POST /session/ee8c0ad77c32eb6cf27ae9120157f0fa/element - {"using":"xpath","value":"(//span[contains(text(), \"Additional Addresses\")])[2]"}
RESULT: {"using":"xpath","value":"(//span[contains(text(), \"Additional Addresses\")])[2]"}
COMMAND: POST /session/ee8c0ad77c32eb6cf27ae9120157f0fa/element/f.4EEDEA8BBD1FF6E0A028415A04A49F5E.d.ACEF233D05D71B302D0DD97DC6904CEC.e.16605/click - {}
RESULT: {}
COMMAND: GET /session/ee8c0ad77c32eb6cf27ae9120157f0fa/screenshot - {}
RESULT: {}
COMMAND: POST /session/ee8c0ad77c32eb6cf27ae9120157f0fa/element - {"using":"xpath","value":"//button[@data-kt=\"btnAddTableRowOverflowToolbarButton\"]"}
RESULT: {"using":"xpath","value":"//button[@data-kt=\"btnAddTableRowOverflowToolbarButton\"]"}
COMMAND: POST /session/ee8c0ad77c32eb6cf27ae9120157f0fa/element/f.4EEDEA8BBD1FF6E0A028415A04A49F5E.d.ACEF233D05D71B302D0DD97DC6904CEC.e.16608/click - {}
RESULT: {}
COMMAND: GET /session/ee8c0ad77c32eb6cf27ae9120157f0fa/screenshot - {}
RESULT: {}
COMMAND: POST /session/ee8c0ad77c32eb6cf27ae9120157f0fa/element - {"using":"xpath","value":"//div[(text() = 'Standard Entry' or . = 'Standard Entry')]"}
RESULT: {"using":"xpath","value":"//div[(text() = 'Standard Entry' or . = 'Standard Entry')]"}
COMMAND: POST /session/ee8c0ad77c32eb6cf27ae9120157f0fa/element/f.4EEDEA8BBD1FF6E0A028415A04A49F5E.d.ACEF233D05D71B302D0DD97DC6904CEC.e.16610/click - {}
RESULT: {}
COMMAND: GET /session/ee8c0ad77c32eb6cf27ae9120157f0fa/screenshot - {}
RESULT: {}
COMMAND: POST /session/ee8c0ad77c32eb6cf27ae9120157f0fa/element - {"using":"xpath","value":"//td[7]/div/div/input"}
RESULT: {"using":"xpath","value":"//td[7]/div/div/input"}
COMMAND: POST /session/ee8c0ad77c32eb6cf27ae9120157f0fa/element/f.4EEDEA8BBD1FF6E0A028415A04A49F5E.d.ACEF233D05D71B302D0DD97DC6904CEC.e.16619/clear - {}
RESULT: {}
COMMAND: POST /session/ee8c0ad77c32eb6cf27ae9120157f0fa/element/f.4EEDEA8BBD1FF6E0A028415A04A49F5E.d.ACEF233D05D71B302D0DD97DC6904CEC.e.16619/value - {"text":"emtLTUIOxz"}
COMMAND: GET /session/ee8c0ad77c32eb6cf27ae9120157f0fa/screenshot - {}
RESULT: {"text":"emtLTUIOxz"}
COMMAND: GET /session/ee8c0ad77c32eb6cf27ae9120157f0fa/screenshot - {}
RESULT: {}
RESULT: {}
COMMAND: POST /session/ee8c0ad77c32eb6cf27ae9120157f0fa/actions - {"actions":[{"id":"action61","type":"key","parameters":{},"actions":[{"type":"keyDown","value":"î€‡"},{"type":"pause","duration":10},{"type":"keyUp","value":"î€‡"}]}]}
RESULT: {"actions":[{"id":"action61","type":"key","parameters":{},"actions":[{"type":"keyDown","value":"î€‡"},{"type":"pause","duration":10},{"type":"keyUp","value":"î€‡"}]}]}
COMMAND: GET /session/ee8c0ad77c32eb6cf27ae9120157f0fa/screenshot - {}
RESULT: {}
COMMAND: POST /session/ee8c0ad77c32eb6cf27ae9120157f0fa/execute/sync - {"script":"<script> [276 bytes]","args":["No pricing information was found"]}
RESULT: {"script":"<script> [276 bytes]","args":["No pricing information was found"]}
COMMAND: POST /session/ee8c0ad77c32eb6cf27ae9120157f0fa/element - {"using":"xpath","value":"(//button[@data-kt=\"saveButton\"])[2]"}
COMMAND: GET /session/ee8c0ad77c32eb6cf27ae9120157f0fa/screenshot - {}
RESULT: {"using":"xpath","value":"(//button[@data-kt=\"saveButton\"])[2]"}
COMMAND: POST /session/ee8c0ad77c32eb6cf27ae9120157f0fa/element/f.4EEDEA8BBD1FF6E0A028415A04A49F5E.d.ACEF233D05D71B302D0DD97DC6904CEC.e.16634/click - {}
RESULT: {}
RESULT: {}
COMMAND: GET /session/ee8c0ad77c32eb6cf27ae9120157f0fa/screenshot - {}
RESULT: {}
COMMAND: POST /session/ee8c0ad77c32eb6cf27ae9120157f0fa/execute/sync - {"script":"<script> [276 bytes]","args":["Some contract items are having rental validity exceeding header rental validity"]}
RESULT: {"script":"<script> [276 bytes]","args":["Some contract items are having rental validity exceeding header rental validity"]}
COMMAND: GET /session/ee8c0ad77c32eb6cf27ae9120157f0fa/screenshot - {}
RESULT: {}
COMMAND: POST /session/ee8c0ad77c32eb6cf27ae9120157f0fa/element - {"using":"xpath","value":"//span[contains(@id ,\"contractItemsSmartTable-header-inner\")]"}
RESULT: {"using":"xpath","value":"//span[contains(@id ,\"contractItemsSmartTable-header-inner\")]"}
COMMAND: POST /session/ee8c0ad77c32eb6cf27ae9120157f0fa/elements - {"using":"xpath","value":"//span[contains(@id ,\"contractItemsSmartTable-header-inner\")]"}
RESULT: {"using":"xpath","value":"//span[contains(@id ,\"contractItemsSmartTable-header-inner\")]"}
COMMAND: POST /session/ee8c0ad77c32eb6cf27ae9120157f0fa/execute/sync - {"script":"<script> [56 bytes]","args":[{"element-6066-11e4-a52e-4f735466cecf":"f.4EEDEA8BBD1FF6E0A028415A04A49F5E.d.ACEF233D05D71B302D0DD97DC6904CEC.e.16641","ELEMENT":"f.4EEDEA8BBD1FF6E0A028415A04A49F5E.d.ACEF233D05D71B302D0DD97DC6904CEC.e.16641"}]}
RESULT: {"script":"<script> [56 bytes]","args":[{"element-6066-11e4-a52e-4f735466cecf":"f.4EEDEA8BBD1FF6E0A028415A04A49F5E.d.ACEF233D05D71B302D0DD97DC6904CEC.e.16641","ELEMENT":"f.4EEDEA8BBD1FF6E0A028415A04A49F5E.d.ACEF233D05D71B302D0DD97DC6904CEC.e.16641"}]}
]]></system-out>
    </testcase>
    <testcase classname="chrome.136_0_7103_49.windows.Performance_based_billing_(work_days)_US139742" name="Should do a provide to site handover" time="67.726">
      <system-out><![CDATA[
COMMAND: POST /session/ee8c0ad77c32eb6cf27ae9120157f0fa/element - {"using":"xpath","value":"//button[@data-kt=\"provideButton\"]"}
COMMAND: GET /session/ee8c0ad77c32eb6cf27ae9120157f0fa/screenshot - {}
RESULT: {"using":"xpath","value":"//button[@data-kt=\"provideButton\"]"}
COMMAND: POST /session/ee8c0ad77c32eb6cf27ae9120157f0fa/element/f.4EEDEA8BBD1FF6E0A028415A04A49F5E.d.ACEF233D05D71B302D0DD97DC6904CEC.e.16642/click - {}
RESULT: {}
RESULT: {}
COMMAND: GET /session/ee8c0ad77c32eb6cf27ae9120157f0fa/screenshot - {}
RESULT: {}
RESULT: undefined
COMMAND: POST /session/ee8c0ad77c32eb6cf27ae9120157f0fa/execute/async - {"script":"<script> [6424 bytes]","args":[{"element-6066-11e4-a52e-4f735466cecf":"f.4EEDEA8BBD1FF6E0A028415A04A49F5E.d.ACEF233D05D71B302D0DD97DC6904CEC.e.15696"},"setValue",["5/14/25"]]}
COMMAND: POST /session/ee8c0ad77c32eb6cf27ae9120157f0fa/execute/async - {"script":"<script> [1562 bytes]","args":[{"selector":{"id":"application-managehandovers-display-component---AddNewHO--dueDate","interaction":{"idSuffix":"inner"}},"wdio_ui5_key":"applicationmanagehandovers-display-component---AddNewHO--dueDate"}]}
RESULT: {"script":"<script> [1562 bytes]","args":[{"selector":{"id":"application-managehandovers-display-component---AddNewHO--dueDate","interaction":{"idSuffix":"inner"}},"wdio_ui5_key":"applicationmanagehandovers-display-component---AddNewHO--dueDate"}]}
COMMAND: POST /session/ee8c0ad77c32eb6cf27ae9120157f0fa/execute/async - {"script":"<script> [6424 bytes]","args":[{"element-6066-11e4-a52e-4f735466cecf":"f.4EEDEA8BBD1FF6E0A028415A04A49F5E.d.ACEF233D05D71B302D0DD97DC6904CEC.e.16699"},"setValue",["5/14/25"]]}
RESULT: {"script":"<script> [6424 bytes]","args":[{"element-6066-11e4-a52e-4f735466cecf":"f.4EEDEA8BBD1FF6E0A028415A04A49F5E.d.ACEF233D05D71B302D0DD97DC6904CEC.e.16699"},"setValue",["5/14/25"]]}
COMMAND: POST /session/ee8c0ad77c32eb6cf27ae9120157f0fa/element - {"using":"xpath","value":"//bdi[contains(text(), \"Instructions\")]"}
RESULT: {"using":"xpath","value":"//bdi[contains(text(), \"Instructions\")]"}
COMMAND: POST /session/ee8c0ad77c32eb6cf27ae9120157f0fa/element/f.4EEDEA8BBD1FF6E0A028415A04A49F5E.d.ACEF233D05D71B302D0DD97DC6904CEC.e.16958/click - {}
RESULT: {}
COMMAND: GET /session/ee8c0ad77c32eb6cf27ae9120157f0fa/screenshot - {}
RESULT: {}
COMMAND: POST /session/ee8c0ad77c32eb6cf27ae9120157f0fa/element - {"using":"xpath","value":"//button[@data-kt=\"AddNewHOProvideAddItemsButton\"]"}
RESULT: {"using":"xpath","value":"//button[@data-kt=\"AddNewHOProvideAddItemsButton\"]"}
COMMAND: POST /session/ee8c0ad77c32eb6cf27ae9120157f0fa/element/f.4EEDEA8BBD1FF6E0A028415A04A49F5E.d.ACEF233D05D71B302D0DD97DC6904CEC.e.16962/click - {}
RESULT: {}
COMMAND: GET /session/ee8c0ad77c32eb6cf27ae9120157f0fa/screenshot - {}
RESULT: {}
RESULT: undefined
COMMAND: POST /session/ee8c0ad77c32eb6cf27ae9120157f0fa/element - {"using":"xpath","value":"//*[@id=\"application-managehandovers-display-component---AddNewHO--popup-sa\"]"}
RESULT: {"using":"xpath","value":"//*[@id=\"application-managehandovers-display-component---AddNewHO--popup-sa\"]"}
COMMAND: POST /session/ee8c0ad77c32eb6cf27ae9120157f0fa/element/f.4EEDEA8BBD1FF6E0A028415A04A49F5E.d.ACEF233D05D71B302D0DD97DC6904CEC.e.16977/click - {}
RESULT: {}
COMMAND: GET /session/ee8c0ad77c32eb6cf27ae9120157f0fa/screenshot - {}
RESULT: {}
COMMAND: POST /session/ee8c0ad77c32eb6cf27ae9120157f0fa/element - {"using":"xpath","value":"//*[contains(@id ,\"BDI-content\")][contains(text(), \"Select\")]"}
RESULT: {"using":"xpath","value":"//*[contains(@id ,\"BDI-content\")][contains(text(), \"Select\")]"}
COMMAND: POST /session/ee8c0ad77c32eb6cf27ae9120157f0fa/element/f.4EEDEA8BBD1FF6E0A028415A04A49F5E.d.ACEF233D05D71B302D0DD97DC6904CEC.e.16978/click - {}
RESULT: {}
COMMAND: GET /session/ee8c0ad77c32eb6cf27ae9120157f0fa/screenshot - {}
RESULT: {}
COMMAND: POST /session/ee8c0ad77c32eb6cf27ae9120157f0fa/execute/async - {"script":"<script> [1562 bytes]","args":[{"selector":{"id":"application-managehandovers-display-component---AddNewHO--confirmCreationButton","interaction":{"idSuffix":"BDI-content"}},"wdio_ui5_key":"applicationmanagehandovers-display-component---AddNewHO--confirmCreationButton"}]}
RESULT: {"script":"<script> [1562 bytes]","args":[{"selector":{"id":"application-managehandovers-display-component---AddNewHO--confirmCreationButton","interaction":{"idSuffix":"BDI-content"}},"wdio_ui5_key":"applicationmanagehandovers-display-component---AddNewHO--confirmCreationButton"}]}
RESULT: undefined
COMMAND: POST /session/ee8c0ad77c32eb6cf27ae9120157f0fa/element - {"using":"xpath","value":"//*[@id=\"application-managehandovers-display-component---AddNewHO--confirmCreationButton\"]"}
RESULT: {"using":"xpath","value":"//*[@id=\"application-managehandovers-display-component---AddNewHO--confirmCreationButton\"]"}
COMMAND: POST /session/ee8c0ad77c32eb6cf27ae9120157f0fa/element/f.4EEDEA8BBD1FF6E0A028415A04A49F5E.d.ACEF233D05D71B302D0DD97DC6904CEC.e.16769/click - {}
RESULT: {}
COMMAND: GET /session/ee8c0ad77c32eb6cf27ae9120157f0fa/screenshot - {}
RESULT: {}
COMMAND: POST /session/ee8c0ad77c32eb6cf27ae9120157f0fa/execute/async - {"script":"<script> [1562 bytes]","args":[{"selector":{"id":"issueDatePicker","viewName":"etm.portal.ui.managehandovers.view.DetailExecuteHO","interaction":{"idSuffix":"inner"}},"wdio_ui5_key":"issueDatePickeretmportal.ui.managehandovers.view.DetailExecuteHO"}]}
RESULT: {"script":"<script> [1562 bytes]","args":[{"selector":{"id":"issueDatePicker","viewName":"etm.portal.ui.managehandovers.view.DetailExecuteHO","interaction":{"idSuffix":"inner"}},"wdio_ui5_key":"issueDatePickeretmportal.ui.managehandovers.view.DetailExecuteHO"}]}
RESULT: undefined
COMMAND: POST /session/ee8c0ad77c32eb6cf27ae9120157f0fa/execute/async - {"script":"<script> [776 bytes]","args":[{"enterText":"5/14/25","selector":{"id":"issueDatePicker","viewName":"etm.portal.ui.managehandovers.view.DetailExecuteHO","interaction":{"idSuffix":"inner"}},"clearTextFirst":true,"interactionType":"ENTER_TEXT"}]}
RESULT: {"script":"<script> [776 bytes]","args":[{"enterText":"5/14/25","selector":{"id":"issueDatePicker","viewName":"etm.portal.ui.managehandovers.view.DetailExecuteHO","interaction":{"idSuffix":"inner"}},"clearTextFirst":true,"interactionType":"ENTER_TEXT"}]}
COMMAND: POST /session/ee8c0ad77c32eb6cf27ae9120157f0fa/element - {"using":"xpath","value":"//bdi[contains(text(), \"OK\")]"}
RESULT: {"using":"xpath","value":"//bdi[contains(text(), \"OK\")]"}
COMMAND: POST /session/ee8c0ad77c32eb6cf27ae9120157f0fa/element/f.4EEDEA8BBD1FF6E0A028415A04A49F5E.d.ACEF233D05D71B302D0DD97DC6904CEC.e.17028/click - {}
RESULT: {}
COMMAND: GET /session/ee8c0ad77c32eb6cf27ae9120157f0fa/screenshot - {}
RESULT: {}
COMMAND: POST /session/ee8c0ad77c32eb6cf27ae9120157f0fa/element - {"using":"xpath","value":"//button[@data-kt=\"PickingTableConfirmAllButton\"]"}
RESULT: {"using":"xpath","value":"//button[@data-kt=\"PickingTableConfirmAllButton\"]"}
COMMAND: POST /session/ee8c0ad77c32eb6cf27ae9120157f0fa/element/f.4EEDEA8BBD1FF6E0A028415A04A49F5E.d.ACEF233D05D71B302D0DD97DC6904CEC.e.17036/click - {}
RESULT: {}
COMMAND: GET /session/ee8c0ad77c32eb6cf27ae9120157f0fa/screenshot - {}
RESULT: {}
COMMAND: POST /session/ee8c0ad77c32eb6cf27ae9120157f0fa/element - {"using":"xpath","value":"//bdi[contains(text(), \"OK\")]"}
RESULT: {"using":"xpath","value":"//bdi[contains(text(), \"OK\")]"}
COMMAND: POST /session/ee8c0ad77c32eb6cf27ae9120157f0fa/element/f.4EEDEA8BBD1FF6E0A028415A04A49F5E.d.ACEF233D05D71B302D0DD97DC6904CEC.e.17040/click - {}
RESULT: {}
COMMAND: GET /session/ee8c0ad77c32eb6cf27ae9120157f0fa/screenshot - {}
RESULT: {}
COMMAND: POST /session/ee8c0ad77c32eb6cf27ae9120157f0fa/element - {"using":"xpath","value":"//bdi[contains(text(), \"Issue\")]"}
RESULT: {"using":"xpath","value":"//bdi[contains(text(), \"Issue\")]"}
COMMAND: POST /session/ee8c0ad77c32eb6cf27ae9120157f0fa/element/f.4EEDEA8BBD1FF6E0A028415A04A49F5E.d.ACEF233D05D71B302D0DD97DC6904CEC.e.17041/click - {}
RESULT: {}
COMMAND: GET /session/ee8c0ad77c32eb6cf27ae9120157f0fa/screenshot - {}
RESULT: {}
COMMAND: POST /session/ee8c0ad77c32eb6cf27ae9120157f0fa/element - {"using":"css selector","value":"#shell-header-logo"}
RESULT: {"using":"css selector","value":"#shell-header-logo"}
COMMAND: POST /session/ee8c0ad77c32eb6cf27ae9120157f0fa/element/f.4EEDEA8BBD1FF6E0A028415A04A49F5E.d.ACEF233D05D71B302D0DD97DC6904CEC.e.16087/click - {}
RESULT: {}
COMMAND: GET /session/ee8c0ad77c32eb6cf27ae9120157f0fa/screenshot - {}
RESULT: {}
]]></system-out>
    </testcase>
    <testcase classname="chrome.136_0_7103_49.windows.Performance_based_billing_(work_days)_US139742" name="Should create a few performance documents" time="110.856">
      <system-out><![CDATA[
COMMAND: POST /session/ee8c0ad77c32eb6cf27ae9120157f0fa/execute/async - {"script":"<script> [1562 bytes]","args":[{"selector":{"controlType":"sap.m.GenericTile","properties":{"header":"Manage States & Performance"}},"wdio_ui5_key":"sapm.GenericTile{\"header\":\"Manage States & Performance\"}"}]}
RESULT: {"script":"<script> [1562 bytes]","args":[{"selector":{"controlType":"sap.m.GenericTile","properties":{"header":"Manage States & Performance"}},"wdio_ui5_key":"sapm.GenericTile{\"header\":\"Manage States & Performance\"}"}]}
RESULT: undefined
COMMAND: POST /session/ee8c0ad77c32eb6cf27ae9120157f0fa/element - {"using":"xpath","value":"//*[@id=\"__tile56\"]"}
RESULT: {"using":"xpath","value":"//*[@id=\"__tile56\"]"}
COMMAND: POST /session/ee8c0ad77c32eb6cf27ae9120157f0fa/element/f.4EEDEA8BBD1FF6E0A028415A04A49F5E.d.ACEF233D05D71B302D0DD97DC6904CEC.e.13582/click - {}
RESULT: {}
COMMAND: GET /session/ee8c0ad77c32eb6cf27ae9120157f0fa/screenshot - {}
RESULT: {}
COMMAND: POST /session/ee8c0ad77c32eb6cf27ae9120157f0fa/elements - {"using":"xpath","value":"//span[text()='Error']"}
RESULT: {"using":"xpath","value":"//span[text()='Error']"}
COMMAND: POST /session/ee8c0ad77c32eb6cf27ae9120157f0fa/element - {"using":"xpath","value":"//div[@id=\"application-managestatesandperformance-display-component---stateAndPerform--smartFilterBarResources-btnBasicSearch\"]"}
RESULT: {"using":"xpath","value":"//div[@id=\"application-managestatesandperformance-display-component---stateAndPerform--smartFilterBarResources-btnBasicSearch\"]"}
COMMAND: POST /session/ee8c0ad77c32eb6cf27ae9120157f0fa/elements - {"using":"xpath","value":"//div[@id=\"application-managestatesandperformance-display-component---stateAndPerform--smartFilterBarResources-btnBasicSearch\"]"}
RESULT: {"using":"xpath","value":"//div[@id=\"application-managestatesandperformance-display-component---stateAndPerform--smartFilterBarResources-btnBasicSearch\"]"}
COMMAND: POST /session/ee8c0ad77c32eb6cf27ae9120157f0fa/execute/sync - {"script":"<script> [8489 bytes]","args":[{"element-6066-11e4-a52e-4f735466cecf":"f.4EEDEA8BBD1FF6E0A028415A04A49F5E.d.ACEF233D05D71B302D0DD97DC6904CEC.e.17440","ELEMENT":"f.4EEDEA8BBD1FF6E0A028415A04A49F5E.d.ACEF233D05D71B302D0DD97DC6904CEC.e.17440"}]}
RESULT: {"script":"<script> [8489 bytes]","args":[{"element-6066-11e4-a52e-4f735466cecf":"f.4EEDEA8BBD1FF6E0A028415A04A49F5E.d.ACEF233D05D71B302D0DD97DC6904CEC.e.17440","ELEMENT":"f.4EEDEA8BBD1FF6E0A028415A04A49F5E.d.ACEF233D05D71B302D0DD97DC6904CEC.e.17440"}]}
COMMAND: GET /session/ee8c0ad77c32eb6cf27ae9120157f0fa/element/f.4EEDEA8BBD1FF6E0A028415A04A49F5E.d.ACEF233D05D71B302D0DD97DC6904CEC.e.17440/enabled - {}
COMMAND: GET /session/ee8c0ad77c32eb6cf27ae9120157f0fa/screenshot - {}
RESULT: {}
COMMAND: POST /session/ee8c0ad77c32eb6cf27ae9120157f0fa/execute/sync - {"script":"<script> [8489 bytes]","args":[{"element-6066-11e4-a52e-4f735466cecf":"f.4EEDEA8BBD1FF6E0A028415A04A49F5E.d.ACEF233D05D71B302D0DD97DC6904CEC.e.17440","ELEMENT":"f.4EEDEA8BBD1FF6E0A028415A04A49F5E.d.ACEF233D05D71B302D0DD97DC6904CEC.e.17440"}]}
COMMAND: GET /session/ee8c0ad77c32eb6cf27ae9120157f0fa/screenshot - {}
RESULT: {}
RESULT: {"script":"<script> [8489 bytes]","args":[{"element-6066-11e4-a52e-4f735466cecf":"f.4EEDEA8BBD1FF6E0A028415A04A49F5E.d.ACEF233D05D71B302D0DD97DC6904CEC.e.17440","ELEMENT":"f.4EEDEA8BBD1FF6E0A028415A04A49F5E.d.ACEF233D05D71B302D0DD97DC6904CEC.e.17440"}]}
COMMAND: POST /session/ee8c0ad77c32eb6cf27ae9120157f0fa/execute/sync - {"script":"<script> [5351 bytes]","args":[{"element-6066-11e4-a52e-4f735466cecf":"f.4EEDEA8BBD1FF6E0A028415A04A49F5E.d.ACEF233D05D71B302D0DD97DC6904CEC.e.17440","ELEMENT":"f.4EEDEA8BBD1FF6E0A028415A04A49F5E.d.ACEF233D05D71B302D0DD97DC6904CEC.e.17440"}]}
COMMAND: GET /session/ee8c0ad77c32eb6cf27ae9120157f0fa/screenshot - {}
RESULT: {}
RESULT: {"script":"<script> [5351 bytes]","args":[{"element-6066-11e4-a52e-4f735466cecf":"f.4EEDEA8BBD1FF6E0A028415A04A49F5E.d.ACEF233D05D71B302D0DD97DC6904CEC.e.17440","ELEMENT":"f.4EEDEA8BBD1FF6E0A028415A04A49F5E.d.ACEF233D05D71B302D0DD97DC6904CEC.e.17440"}]}
COMMAND: POST /session/ee8c0ad77c32eb6cf27ae9120157f0fa/execute/async - {"script":"<script> [1562 bytes]","args":[{"selector":{"id":"application-managestatesandperformance-display-component---stateAndPerform--smartFilterBarResources-btnBasicSearch","interaction":{"idSuffix":"I"}},"wdio_ui5_key":"applicationmanagestatesandperformance-display-component---stateAndPerform--smartFilterBarResources-btnBasicSearch"}]}
RESULT: {}
COMMAND: GET /session/ee8c0ad77c32eb6cf27ae9120157f0fa/screenshot - {}
RESULT: {"script":"<script> [1562 bytes]","args":[{"selector":{"id":"application-managestatesandperformance-display-component---stateAndPerform--smartFilterBarResources-btnBasicSearch","interaction":{"idSuffix":"I"}},"wdio_ui5_key":"applicationmanagestatesandperformance-display-component---stateAndPerform--smartFilterBarResources-btnBasicSearch"}]}
RESULT: undefined
COMMAND: POST /session/ee8c0ad77c32eb6cf27ae9120157f0fa/execute/async - {"script":"<script> [776 bytes]","args":[{"enterText":"emtLTUIOxz","selector":{"id":"application-managestatesandperformance-display-component---stateAndPerform--smartFilterBarResources-btnBasicSearch","interaction":{"idSuffix":"I"}},"clearTextFirst":true,"interactionType":"ENTER_TEXT"}]}
RESULT: {}
RESULT: {"script":"<script> [776 bytes]","args":[{"enterText":"emtLTUIOxz","selector":{"id":"application-managestatesandperformance-display-component---stateAndPerform--smartFilterBarResources-btnBasicSearch","interaction":{"idSuffix":"I"}},"clearTextFirst":true,"interactionType":"ENTER_TEXT"}]}
COMMAND: POST /session/ee8c0ad77c32eb6cf27ae9120157f0fa/actions - {"actions":[{"id":"action62","type":"key","parameters":{},"actions":[{"type":"keyDown","value":"î€‡"},{"type":"pause","duration":10},{"type":"keyUp","value":"î€‡"}]}]}
RESULT: {"actions":[{"id":"action62","type":"key","parameters":{},"actions":[{"type":"keyDown","value":"î€‡"},{"type":"pause","duration":10},{"type":"keyUp","value":"î€‡"}]}]}
COMMAND: GET /session/ee8c0ad77c32eb6cf27ae9120157f0fa/screenshot - {}
RESULT: {}
COMMAND: POST /session/ee8c0ad77c32eb6cf27ae9120157f0fa/execute/async - {"script":"<script> [1562 bytes]","args":[{"selector":{"id":"application-managestatesandperformance-display-component---stateAndPerform--stateAndPerformResourcesSmartTable-header"},"wdio_ui5_key":"applicationmanagestatesandperformance-display-component---stateAndPerform--stateAndPerformResourcesSmartTable-header"}]}
RESULT: {"script":"<script> [1562 bytes]","args":[{"selector":{"id":"application-managestatesandperformance-display-component---stateAndPerform--stateAndPerformResourcesSmartTable-header"},"wdio_ui5_key":"applicationmanagestatesandperformance-display-component---stateAndPerform--stateAndPerformResourcesSmartTable-header"}]}
RESULT: undefined
COMMAND: POST /session/ee8c0ad77c32eb6cf27ae9120157f0fa/execute/async - {"script":"<script> [6424 bytes]","args":[{"element-6066-11e4-a52e-4f735466cecf":"f.4EEDEA8BBD1FF6E0A028415A04A49F5E.d.ACEF233D05D71B302D0DD97DC6904CEC.e.17448"},"getText",[]]}
RESULT: {"script":"<script> [6424 bytes]","args":[{"element-6066-11e4-a52e-4f735466cecf":"f.4EEDEA8BBD1FF6E0A028415A04A49F5E.d.ACEF233D05D71B302D0DD97DC6904CEC.e.17448"},"getText",[]]}
COMMAND: POST /session/ee8c0ad77c32eb6cf27ae9120157f0fa/execute/async - {"script":"<script> [1562 bytes]","args":[{"selector":{"controlType":"sap.ui.core.Icon","viewName":"etm.portal.ui.managestatesandperformance.view.Master","viewId":"application-managestatesandperformance-display-component---stateAndPerform","properties":{"src":{"regex":{"source":"slim\\-arrow\\-right"}}}},"wdio_ui5_key":"etmportal.ui.managestatesandperformance.view.Mastersap.ui.core.Icon{\"src\":{\"regex\":{\"source\":\"slim\\\\-arrow\\\\-right\"}}}"}]}
RESULT: {"script":"<script> [1562 bytes]","args":[{"selector":{"controlType":"sap.ui.core.Icon","viewName":"etm.portal.ui.managestatesandperformance.view.Master","viewId":"application-managestatesandperformance-display-component---stateAndPerform","properties":{"src":{"regex":{"source":"slim\\-arrow\\-right"}}}},"wdio_ui5_key":"etmportal.ui.managestatesandperformance.view.Mastersap.ui.core.Icon{\"src\":{\"regex\":{\"source\":\"slim\\\\-arrow\\\\-right\"}}}"}]}
RESULT: undefined
COMMAND: POST /session/ee8c0ad77c32eb6cf27ae9120157f0fa/element - {"using":"xpath","value":"//*[@id=\"__item1971-__clone3555-imgNav\"]"}
RESULT: {"using":"xpath","value":"//*[@id=\"__item1971-__clone3555-imgNav\"]"}
COMMAND: POST /session/ee8c0ad77c32eb6cf27ae9120157f0fa/element/f.4EEDEA8BBD1FF6E0A028415A04A49F5E.d.ACEF233D05D71B302D0DD97DC6904CEC.e.17327/click - {}
RESULT: {}
COMMAND: GET /session/ee8c0ad77c32eb6cf27ae9120157f0fa/screenshot - {}
RESULT: {}
COMMAND: POST /session/ee8c0ad77c32eb6cf27ae9120157f0fa/execute/async - {"script":"<script> [1562 bytes]","args":[{"selector":{"controlType":"sap.m.Button","viewName":"etm.portal.ui.managestatesandperformance.view.Detail","viewId":"application-managestatesandperformance-display-component---detailStateAndPerform","properties":{"text":"Performance Documents"}},"wdio_ui5_key":"etmportal.ui.managestatesandperformance.view.Detailsap.m.Button{\"text\":\"Performance Documents\"}"}]}
RESULT: {"script":"<script> [1562 bytes]","args":[{"selector":{"controlType":"sap.m.Button","viewName":"etm.portal.ui.managestatesandperformance.view.Detail","viewId":"application-managestatesandperformance-display-component---detailStateAndPerform","properties":{"text":"Performance Documents"}},"wdio_ui5_key":"etmportal.ui.managestatesandperformance.view.Detailsap.m.Button{\"text\":\"Performance Documents\"}"}]}
RESULT: undefined
COMMAND: POST /session/ee8c0ad77c32eb6cf27ae9120157f0fa/element - {"using":"xpath","value":"//*[@id=\"__item1994-button\"]"}
RESULT: {"using":"xpath","value":"//*[@id=\"__item1994-button\"]"}
COMMAND: POST /session/ee8c0ad77c32eb6cf27ae9120157f0fa/element/f.4EEDEA8BBD1FF6E0A028415A04A49F5E.d.ACEF233D05D71B302D0DD97DC6904CEC.e.17488/click - {}
RESULT: {}
COMMAND: POST /session/ee8c0ad77c32eb6cf27ae9120157f0fa/execute/async - {"script":"<script> [1562 bytes]","args":[{"selector":{"controlType":"sap.m.Button","viewName":"etm.portal.ui.managestatesandperformance.view.Detail","viewId":"application-managestatesandperformance-display-component---detailStateAndPerform","i18NText":{"propertyName":"text","key":"createPerformanceDoc"},"interaction":{"idSuffix":"BDI-content"}},"wdio_ui5_key":"etmportal.ui.managestatesandperformance.view.Detailsap.m.Button{\"propertyName\":\"text\",\"key\":\"createPerformanceDoc\"}"}]}
COMMAND: GET /session/ee8c0ad77c32eb6cf27ae9120157f0fa/screenshot - {}
RESULT: {"script":"<script> [1562 bytes]","args":[{"selector":{"controlType":"sap.m.Button","viewName":"etm.portal.ui.managestatesandperformance.view.Detail","viewId":"application-managestatesandperformance-display-component---detailStateAndPerform","i18NText":{"propertyName":"text","key":"createPerformanceDoc"},"interaction":{"idSuffix":"BDI-content"}},"wdio_ui5_key":"etmportal.ui.managestatesandperformance.view.Detailsap.m.Button{\"propertyName\":\"text\",\"key\":\"createPerformanceDoc\"}"}]}
RESULT: undefined
COMMAND: POST /session/ee8c0ad77c32eb6cf27ae9120157f0fa/element - {"using":"xpath","value":"//*[@id=\"__button369\"]"}
RESULT: {}
RESULT: {"using":"xpath","value":"//*[@id=\"__button369\"]"}
COMMAND: POST /session/ee8c0ad77c32eb6cf27ae9120157f0fa/element/f.4EEDEA8BBD1FF6E0A028415A04A49F5E.d.ACEF233D05D71B302D0DD97DC6904CEC.e.17491/click - {}
RESULT: {}
COMMAND: POST /session/ee8c0ad77c32eb6cf27ae9120157f0fa/execute/async - {"script":"<script> [1562 bytes]","args":[{"selector":{"id":"application-managestatesandperformance-display-component---detailStateAndPerform--perfDocDatePicker","searchOpenDialogs":true,"interaction":{"idSuffix":"inner"}},"wdio_ui5_key":"applicationmanagestatesandperformance-display-component---detailStateAndPerform--perfDocDatePicker"}]}
COMMAND: GET /session/ee8c0ad77c32eb6cf27ae9120157f0fa/screenshot - {}
RESULT: {"script":"<script> [1562 bytes]","args":[{"selector":{"id":"application-managestatesandperformance-display-component---detailStateAndPerform--perfDocDatePicker","searchOpenDialogs":true,"interaction":{"idSuffix":"inner"}},"wdio_ui5_key":"applicationmanagestatesandperformance-display-component---detailStateAndPerform--perfDocDatePicker"}]}
RESULT: undefined
COMMAND: POST /session/ee8c0ad77c32eb6cf27ae9120157f0fa/execute/async - {"script":"<script> [776 bytes]","args":[{"enterText":"5/16/25","selector":{"id":"application-managestatesandperformance-display-component---detailStateAndPerform--perfDocDatePicker","searchOpenDialogs":true,"interaction":{"idSuffix":"inner"}},"clearTextFirst":true,"interactionType":"ENTER_TEXT"}]}
RESULT: {}
RESULT: {"script":"<script> [776 bytes]","args":[{"enterText":"5/16/25","selector":{"id":"application-managestatesandperformance-display-component---detailStateAndPerform--perfDocDatePicker","searchOpenDialogs":true,"interaction":{"idSuffix":"inner"}},"clearTextFirst":true,"interactionType":"ENTER_TEXT"}]}
COMMAND: POST /session/ee8c0ad77c32eb6cf27ae9120157f0fa/execute/async - {"script":"<script> [1562 bytes]","args":[{"selector":{"id":"application-managestatesandperformance-display-component---detailStateAndPerform--counterValue-input","searchOpenDialogs":true,"interaction":{"idSuffix":"inner"}},"wdio_ui5_key":"applicationmanagestatesandperformance-display-component---detailStateAndPerform--counterValue-input"}]}
RESULT: {"script":"<script> [1562 bytes]","args":[{"selector":{"id":"application-managestatesandperformance-display-component---detailStateAndPerform--counterValue-input","searchOpenDialogs":true,"interaction":{"idSuffix":"inner"}},"wdio_ui5_key":"applicationmanagestatesandperformance-display-component---detailStateAndPerform--counterValue-input"}]}
RESULT: undefined
COMMAND: POST /session/ee8c0ad77c32eb6cf27ae9120157f0fa/execute/async - {"script":"<script> [776 bytes]","args":[{"enterText":"15.00","selector":{"id":"application-managestatesandperformance-display-component---detailStateAndPerform--counterValue-input","searchOpenDialogs":true,"interaction":{"idSuffix":"inner"}},"clearTextFirst":true,"interactionType":"ENTER_TEXT"}]}
RESULT: {"script":"<script> [776 bytes]","args":[{"enterText":"15.00","selector":{"id":"application-managestatesandperformance-display-component---detailStateAndPerform--counterValue-input","searchOpenDialogs":true,"interaction":{"idSuffix":"inner"}},"clearTextFirst":true,"interactionType":"ENTER_TEXT"}]}
COMMAND: POST /session/ee8c0ad77c32eb6cf27ae9120157f0fa/execute/async - {"script":"<script> [1562 bytes]","args":[{"selector":{"controlType":"sap.m.Button","viewName":"etm.portal.ui.managestatesandperformance.view.Detail","viewId":"application-managestatesandperformance-display-component---detailStateAndPerform","bindingPath":{"path":"","propertyPath":"/allowAddEdit","modelName":"oScreenModel"},"searchOpenDialogs":true,"interaction":{"idSuffix":"BDI-content"}},"wdio_ui5_key":"etmportal.ui.managestatesandperformance.view.Detailsap.m.Button{\"path\":\"\",\"propertyPath\":\"/allowAddEdit\",\"modelName\":\"oScreenModel\"}"}]}
RESULT: {"script":"<script> [1562 bytes]","args":[{"selector":{"controlType":"sap.m.Button","viewName":"etm.portal.ui.managestatesandperformance.view.Detail","viewId":"application-managestatesandperformance-display-component---detailStateAndPerform","bindingPath":{"path":"","propertyPath":"/allowAddEdit","modelName":"oScreenModel"},"searchOpenDialogs":true,"interaction":{"idSuffix":"BDI-content"}},"wdio_ui5_key":"etmportal.ui.managestatesandperformance.view.Detailsap.m.Button{\"path\":\"\",\"propertyPath\":\"/allowAddEdit\",\"modelName\":\"oScreenModel\"}"}]}
RESULT: undefined
COMMAND: POST /session/ee8c0ad77c32eb6cf27ae9120157f0fa/element - {"using":"xpath","value":"//*[@id=\"__button376\"]"}
RESULT: {"using":"xpath","value":"//*[@id=\"__button376\"]"}
COMMAND: POST /session/ee8c0ad77c32eb6cf27ae9120157f0fa/element/f.4EEDEA8BBD1FF6E0A028415A04A49F5E.d.ACEF233D05D71B302D0DD97DC6904CEC.e.17511/click - {}
RESULT: {}
RESULT: undefined
COMMAND: POST /session/ee8c0ad77c32eb6cf27ae9120157f0fa/element - {"using":"xpath","value":"//*[@id=\"__button369\"]"}
COMMAND: GET /session/ee8c0ad77c32eb6cf27ae9120157f0fa/screenshot - {}
RESULT: {"using":"xpath","value":"//*[@id=\"__button369\"]"}
COMMAND: POST /session/ee8c0ad77c32eb6cf27ae9120157f0fa/element/f.4EEDEA8BBD1FF6E0A028415A04A49F5E.d.ACEF233D05D71B302D0DD97DC6904CEC.e.17491/click - {}
RESULT: {}
RESULT: {}
RESULT: undefined
COMMAND: POST /session/ee8c0ad77c32eb6cf27ae9120157f0fa/execute/async - {"script":"<script> [776 bytes]","args":[{"enterText":"5/20/25","selector":{"id":"application-managestatesandperformance-display-component---detailStateAndPerform--perfDocDatePicker","searchOpenDialogs":true,"interaction":{"idSuffix":"inner"}},"clearTextFirst":true,"interactionType":"ENTER_TEXT"}]}
COMMAND: GET /session/ee8c0ad77c32eb6cf27ae9120157f0fa/screenshot - {}
RESULT: {"script":"<script> [776 bytes]","args":[{"enterText":"5/20/25","selector":{"id":"application-managestatesandperformance-display-component---detailStateAndPerform--perfDocDatePicker","searchOpenDialogs":true,"interaction":{"idSuffix":"inner"}},"clearTextFirst":true,"interactionType":"ENTER_TEXT"}]}
RESULT: undefined
COMMAND: POST /session/ee8c0ad77c32eb6cf27ae9120157f0fa/execute/async - {"script":"<script> [776 bytes]","args":[{"enterText":"20.00","selector":{"id":"application-managestatesandperformance-display-component---detailStateAndPerform--counterValue-input","searchOpenDialogs":true,"interaction":{"idSuffix":"inner"}},"clearTextFirst":true,"interactionType":"ENTER_TEXT"}]}
RESULT: {}
RESULT: {"script":"<script> [776 bytes]","args":[{"enterText":"20.00","selector":{"id":"application-managestatesandperformance-display-component---detailStateAndPerform--counterValue-input","searchOpenDialogs":true,"interaction":{"idSuffix":"inner"}},"clearTextFirst":true,"interactionType":"ENTER_TEXT"}]}
COMMAND: POST /session/ee8c0ad77c32eb6cf27ae9120157f0fa/actions - {"actions":[{"id":"action63","type":"key","parameters":{},"actions":[{"type":"keyDown","value":"î€„"},{"type":"keyDown","value":"î€„"},{"type":"pause","duration":10},{"type":"keyUp","value":"î€„"},{"type":"keyUp","value":"î€„"}]}]}
RESULT: {"actions":[{"id":"action63","type":"key","parameters":{},"actions":[{"type":"keyDown","value":"î€„"},{"type":"keyDown","value":"î€„"},{"type":"pause","duration":10},{"type":"keyUp","value":"î€„"},{"type":"keyUp","value":"î€„"}]}]}
COMMAND: POST /session/ee8c0ad77c32eb6cf27ae9120157f0fa/actions - {"actions":[{"id":"action64","type":"key","parameters":{},"actions":[{"type":"keyDown","value":"î€‡"},{"type":"pause","duration":10},{"type":"keyUp","value":"î€‡"}]}]}
COMMAND: GET /session/ee8c0ad77c32eb6cf27ae9120157f0fa/screenshot - {}
RESULT: {}
RESULT: {"actions":[{"id":"action64","type":"key","parameters":{},"actions":[{"type":"keyDown","value":"î€‡"},{"type":"pause","duration":10},{"type":"keyUp","value":"î€‡"}]}]}
RESULT: undefined
COMMAND: POST /session/ee8c0ad77c32eb6cf27ae9120157f0fa/element - {"using":"xpath","value":"//*[@id=\"__button376\"]"}
COMMAND: GET /session/ee8c0ad77c32eb6cf27ae9120157f0fa/screenshot - {}
RESULT: {"using":"xpath","value":"//*[@id=\"__button376\"]"}
COMMAND: POST /session/ee8c0ad77c32eb6cf27ae9120157f0fa/elements - {"using":"xpath","value":"//*[@id=\"__button376\"]"}
RESULT: {}
RESULT: {"using":"xpath","value":"//*[@id=\"__button376\"]"}
COMMAND: POST /session/ee8c0ad77c32eb6cf27ae9120157f0fa/elements - {"using":"xpath","value":"//*[@id=\"__button376\"]"}
RESULT: {"using":"xpath","value":"//*[@id=\"__button376\"]"}
COMMAND: POST /session/ee8c0ad77c32eb6cf27ae9120157f0fa/elements - {"using":"xpath","value":"//*[@id=\"__button376\"]"}
RESULT: {"using":"xpath","value":"//*[@id=\"__button376\"]"}
COMMAND: POST /session/ee8c0ad77c32eb6cf27ae9120157f0fa/elements - {"using":"xpath","value":"//*[@id=\"__button376\"]"}
RESULT: {"using":"xpath","value":"//*[@id=\"__button376\"]"}
COMMAND: POST /session/ee8c0ad77c32eb6cf27ae9120157f0fa/elements - {"using":"xpath","value":"//*[@id=\"__button376\"]"}
RESULT: {"using":"xpath","value":"//*[@id=\"__button376\"]"}
COMMAND: POST /session/ee8c0ad77c32eb6cf27ae9120157f0fa/elements - {"using":"xpath","value":"//*[@id=\"__button376\"]"}
RESULT: {"using":"xpath","value":"//*[@id=\"__button376\"]"}
COMMAND: POST /session/ee8c0ad77c32eb6cf27ae9120157f0fa/elements - {"using":"xpath","value":"//*[@id=\"__button376\"]"}
RESULT: {"using":"xpath","value":"//*[@id=\"__button376\"]"}
COMMAND: POST /session/ee8c0ad77c32eb6cf27ae9120157f0fa/elements - {"using":"xpath","value":"//*[@id=\"__button376\"]"}
RESULT: {"using":"xpath","value":"//*[@id=\"__button376\"]"}
COMMAND: POST /session/ee8c0ad77c32eb6cf27ae9120157f0fa/elements - {"using":"xpath","value":"//*[@id=\"__button376\"]"}
RESULT: {"using":"xpath","value":"//*[@id=\"__button376\"]"}
COMMAND: POST /session/ee8c0ad77c32eb6cf27ae9120157f0fa/elements - {"using":"xpath","value":"//*[@id=\"__button376\"]"}
RESULT: {"using":"xpath","value":"//*[@id=\"__button376\"]"}
COMMAND: POST /session/ee8c0ad77c32eb6cf27ae9120157f0fa/elements - {"using":"xpath","value":"//*[@id=\"__button376\"]"}
RESULT: {"using":"xpath","value":"//*[@id=\"__button376\"]"}
COMMAND: POST /session/ee8c0ad77c32eb6cf27ae9120157f0fa/elements - {"using":"xpath","value":"//*[@id=\"__button376\"]"}
RESULT: {"using":"xpath","value":"//*[@id=\"__button376\"]"}
COMMAND: POST /session/ee8c0ad77c32eb6cf27ae9120157f0fa/elements - {"using":"xpath","value":"//*[@id=\"__button376\"]"}
RESULT: {"using":"xpath","value":"//*[@id=\"__button376\"]"}
COMMAND: POST /session/ee8c0ad77c32eb6cf27ae9120157f0fa/elements - {"using":"xpath","value":"//*[@id=\"__button376\"]"}
RESULT: {"using":"xpath","value":"//*[@id=\"__button376\"]"}
COMMAND: POST /session/ee8c0ad77c32eb6cf27ae9120157f0fa/elements - {"using":"xpath","value":"//*[@id=\"__button376\"]"}
RESULT: {"using":"xpath","value":"//*[@id=\"__button376\"]"}
COMMAND: POST /session/ee8c0ad77c32eb6cf27ae9120157f0fa/elements - {"using":"xpath","value":"//*[@id=\"__button376\"]"}
RESULT: {"using":"xpath","value":"//*[@id=\"__button376\"]"}
COMMAND: POST /session/ee8c0ad77c32eb6cf27ae9120157f0fa/elements - {"using":"xpath","value":"//*[@id=\"__button376\"]"}
RESULT: {"using":"xpath","value":"//*[@id=\"__button376\"]"}
COMMAND: POST /session/ee8c0ad77c32eb6cf27ae9120157f0fa/elements - {"using":"xpath","value":"//*[@id=\"__button376\"]"}
RESULT: {"using":"xpath","value":"//*[@id=\"__button376\"]"}
COMMAND: POST /session/ee8c0ad77c32eb6cf27ae9120157f0fa/elements - {"using":"xpath","value":"//*[@id=\"__button376\"]"}
RESULT: {"using":"xpath","value":"//*[@id=\"__button376\"]"}
COMMAND: POST /session/ee8c0ad77c32eb6cf27ae9120157f0fa/elements - {"using":"xpath","value":"//*[@id=\"__button376\"]"}
RESULT: {"using":"xpath","value":"//*[@id=\"__button376\"]"}
COMMAND: POST /session/ee8c0ad77c32eb6cf27ae9120157f0fa/elements - {"using":"xpath","value":"//*[@id=\"__button376\"]"}
RESULT: {"using":"xpath","value":"//*[@id=\"__button376\"]"}
COMMAND: POST /session/ee8c0ad77c32eb6cf27ae9120157f0fa/elements - {"using":"xpath","value":"//*[@id=\"__button376\"]"}
RESULT: {"using":"xpath","value":"//*[@id=\"__button376\"]"}
COMMAND: POST /session/ee8c0ad77c32eb6cf27ae9120157f0fa/elements - {"using":"xpath","value":"//*[@id=\"__button376\"]"}
RESULT: {"using":"xpath","value":"//*[@id=\"__button376\"]"}
COMMAND: POST /session/ee8c0ad77c32eb6cf27ae9120157f0fa/elements - {"using":"xpath","value":"//*[@id=\"__button376\"]"}
RESULT: {"using":"xpath","value":"//*[@id=\"__button376\"]"}
COMMAND: POST /session/ee8c0ad77c32eb6cf27ae9120157f0fa/elements - {"using":"xpath","value":"//*[@id=\"__button376\"]"}
RESULT: {"using":"xpath","value":"//*[@id=\"__button376\"]"}
COMMAND: POST /session/ee8c0ad77c32eb6cf27ae9120157f0fa/elements - {"using":"xpath","value":"//*[@id=\"__button376\"]"}
RESULT: {"using":"xpath","value":"//*[@id=\"__button376\"]"}
COMMAND: POST /session/ee8c0ad77c32eb6cf27ae9120157f0fa/elements - {"using":"xpath","value":"//*[@id=\"__button376\"]"}
RESULT: {"using":"xpath","value":"//*[@id=\"__button376\"]"}
COMMAND: POST /session/ee8c0ad77c32eb6cf27ae9120157f0fa/elements - {"using":"xpath","value":"//*[@id=\"__button376\"]"}
RESULT: {"using":"xpath","value":"//*[@id=\"__button376\"]"}
COMMAND: POST /session/ee8c0ad77c32eb6cf27ae9120157f0fa/elements - {"using":"xpath","value":"//*[@id=\"__button376\"]"}
RESULT: {"using":"xpath","value":"//*[@id=\"__button376\"]"}
COMMAND: POST /session/ee8c0ad77c32eb6cf27ae9120157f0fa/elements - {"using":"xpath","value":"//*[@id=\"__button376\"]"}
RESULT: {"using":"xpath","value":"//*[@id=\"__button376\"]"}
COMMAND: POST /session/ee8c0ad77c32eb6cf27ae9120157f0fa/elements - {"using":"xpath","value":"//*[@id=\"__button376\"]"}
RESULT: {"using":"xpath","value":"//*[@id=\"__button376\"]"}
COMMAND: POST /session/ee8c0ad77c32eb6cf27ae9120157f0fa/elements - {"using":"xpath","value":"//*[@id=\"__button376\"]"}
RESULT: {"using":"xpath","value":"//*[@id=\"__button376\"]"}
COMMAND: POST /session/ee8c0ad77c32eb6cf27ae9120157f0fa/elements - {"using":"xpath","value":"//*[@id=\"__button376\"]"}
RESULT: {"using":"xpath","value":"//*[@id=\"__button376\"]"}
COMMAND: POST /session/ee8c0ad77c32eb6cf27ae9120157f0fa/elements - {"using":"xpath","value":"//*[@id=\"__button376\"]"}
RESULT: {"using":"xpath","value":"//*[@id=\"__button376\"]"}
COMMAND: POST /session/ee8c0ad77c32eb6cf27ae9120157f0fa/elements - {"using":"xpath","value":"//*[@id=\"__button376\"]"}
RESULT: {"using":"xpath","value":"//*[@id=\"__button376\"]"}
COMMAND: POST /session/ee8c0ad77c32eb6cf27ae9120157f0fa/elements - {"using":"xpath","value":"//*[@id=\"__button376\"]"}
RESULT: {"using":"xpath","value":"//*[@id=\"__button376\"]"}
COMMAND: POST /session/ee8c0ad77c32eb6cf27ae9120157f0fa/elements - {"using":"xpath","value":"//*[@id=\"__button376\"]"}
RESULT: {"using":"xpath","value":"//*[@id=\"__button376\"]"}
COMMAND: POST /session/ee8c0ad77c32eb6cf27ae9120157f0fa/elements - {"using":"xpath","value":"//*[@id=\"__button376\"]"}
RESULT: {"using":"xpath","value":"//*[@id=\"__button376\"]"}
COMMAND: POST /session/ee8c0ad77c32eb6cf27ae9120157f0fa/elements - {"using":"xpath","value":"//*[@id=\"__button376\"]"}
RESULT: {"using":"xpath","value":"//*[@id=\"__button376\"]"}
COMMAND: POST /session/ee8c0ad77c32eb6cf27ae9120157f0fa/elements - {"using":"xpath","value":"//*[@id=\"__button376\"]"}
RESULT: {"using":"xpath","value":"//*[@id=\"__button376\"]"}
COMMAND: POST /session/ee8c0ad77c32eb6cf27ae9120157f0fa/elements - {"using":"xpath","value":"//*[@id=\"__button376\"]"}
RESULT: {"using":"xpath","value":"//*[@id=\"__button376\"]"}
COMMAND: POST /session/ee8c0ad77c32eb6cf27ae9120157f0fa/elements - {"using":"xpath","value":"//*[@id=\"__button376\"]"}
RESULT: {"using":"xpath","value":"//*[@id=\"__button376\"]"}
COMMAND: POST /session/ee8c0ad77c32eb6cf27ae9120157f0fa/elements - {"using":"xpath","value":"//*[@id=\"__button376\"]"}
RESULT: {"using":"xpath","value":"//*[@id=\"__button376\"]"}
COMMAND: POST /session/ee8c0ad77c32eb6cf27ae9120157f0fa/elements - {"using":"xpath","value":"//*[@id=\"__button376\"]"}
RESULT: {"using":"xpath","value":"//*[@id=\"__button376\"]"}
COMMAND: POST /session/ee8c0ad77c32eb6cf27ae9120157f0fa/elements - {"using":"xpath","value":"//*[@id=\"__button376\"]"}
RESULT: {"using":"xpath","value":"//*[@id=\"__button376\"]"}
COMMAND: POST /session/ee8c0ad77c32eb6cf27ae9120157f0fa/elements - {"using":"xpath","value":"//*[@id=\"__button376\"]"}
RESULT: {"using":"xpath","value":"//*[@id=\"__button376\"]"}
COMMAND: POST /session/ee8c0ad77c32eb6cf27ae9120157f0fa/elements - {"using":"xpath","value":"//*[@id=\"__button376\"]"}
RESULT: {"using":"xpath","value":"//*[@id=\"__button376\"]"}
COMMAND: POST /session/ee8c0ad77c32eb6cf27ae9120157f0fa/elements - {"using":"xpath","value":"//*[@id=\"__button376\"]"}
RESULT: {"using":"xpath","value":"//*[@id=\"__button376\"]"}
COMMAND: POST /session/ee8c0ad77c32eb6cf27ae9120157f0fa/elements - {"using":"xpath","value":"//*[@id=\"__button376\"]"}
RESULT: {"using":"xpath","value":"//*[@id=\"__button376\"]"}
COMMAND: POST /session/ee8c0ad77c32eb6cf27ae9120157f0fa/elements - {"using":"xpath","value":"//*[@id=\"__button376\"]"}
RESULT: {"using":"xpath","value":"//*[@id=\"__button376\"]"}
COMMAND: POST /session/ee8c0ad77c32eb6cf27ae9120157f0fa/elements - {"using":"xpath","value":"//*[@id=\"__button376\"]"}
RESULT: {"using":"xpath","value":"//*[@id=\"__button376\"]"}
COMMAND: POST /session/ee8c0ad77c32eb6cf27ae9120157f0fa/elements - {"using":"xpath","value":"//*[@id=\"__button376\"]"}
RESULT: {"using":"xpath","value":"//*[@id=\"__button376\"]"}
COMMAND: POST /session/ee8c0ad77c32eb6cf27ae9120157f0fa/elements - {"using":"xpath","value":"//*[@id=\"__button376\"]"}
RESULT: {"using":"xpath","value":"//*[@id=\"__button376\"]"}
COMMAND: POST /session/ee8c0ad77c32eb6cf27ae9120157f0fa/elements - {"using":"xpath","value":"//*[@id=\"__button376\"]"}
RESULT: {"using":"xpath","value":"//*[@id=\"__button376\"]"}
COMMAND: POST /session/ee8c0ad77c32eb6cf27ae9120157f0fa/elements - {"using":"xpath","value":"//*[@id=\"__button376\"]"}
RESULT: {"using":"xpath","value":"//*[@id=\"__button376\"]"}
COMMAND: POST /session/ee8c0ad77c32eb6cf27ae9120157f0fa/elements - {"using":"xpath","value":"//*[@id=\"__button376\"]"}
RESULT: {"using":"xpath","value":"//*[@id=\"__button376\"]"}
COMMAND: POST /session/ee8c0ad77c32eb6cf27ae9120157f0fa/elements - {"using":"xpath","value":"//*[@id=\"__button376\"]"}
RESULT: {"using":"xpath","value":"//*[@id=\"__button376\"]"}
COMMAND: POST /session/ee8c0ad77c32eb6cf27ae9120157f0fa/elements - {"using":"xpath","value":"//*[@id=\"__button376\"]"}
RESULT: {"using":"xpath","value":"//*[@id=\"__button376\"]"}
COMMAND: POST /session/ee8c0ad77c32eb6cf27ae9120157f0fa/elements - {"using":"xpath","value":"//*[@id=\"__button376\"]"}
RESULT: {"using":"xpath","value":"//*[@id=\"__button376\"]"}
COMMAND: POST /session/ee8c0ad77c32eb6cf27ae9120157f0fa/elements - {"using":"xpath","value":"//*[@id=\"__button376\"]"}
RESULT: {"using":"xpath","value":"//*[@id=\"__button376\"]"}
COMMAND: POST /session/ee8c0ad77c32eb6cf27ae9120157f0fa/elements - {"using":"xpath","value":"//*[@id=\"__button376\"]"}
RESULT: {"using":"xpath","value":"//*[@id=\"__button376\"]"}
COMMAND: POST /session/ee8c0ad77c32eb6cf27ae9120157f0fa/elements - {"using":"xpath","value":"//*[@id=\"__button376\"]"}
RESULT: {"using":"xpath","value":"//*[@id=\"__button376\"]"}
COMMAND: POST /session/ee8c0ad77c32eb6cf27ae9120157f0fa/elements - {"using":"xpath","value":"//*[@id=\"__button376\"]"}
RESULT: {"using":"xpath","value":"//*[@id=\"__button376\"]"}
COMMAND: POST /session/ee8c0ad77c32eb6cf27ae9120157f0fa/elements - {"using":"xpath","value":"//*[@id=\"__button376\"]"}
RESULT: {"using":"xpath","value":"//*[@id=\"__button376\"]"}
COMMAND: POST /session/ee8c0ad77c32eb6cf27ae9120157f0fa/elements - {"using":"xpath","value":"//*[@id=\"__button376\"]"}
RESULT: {"using":"xpath","value":"//*[@id=\"__button376\"]"}
COMMAND: POST /session/ee8c0ad77c32eb6cf27ae9120157f0fa/elements - {"using":"xpath","value":"//*[@id=\"__button376\"]"}
RESULT: {"using":"xpath","value":"//*[@id=\"__button376\"]"}
COMMAND: POST /session/ee8c0ad77c32eb6cf27ae9120157f0fa/elements - {"using":"xpath","value":"//*[@id=\"__button376\"]"}
RESULT: {"using":"xpath","value":"//*[@id=\"__button376\"]"}
COMMAND: POST /session/ee8c0ad77c32eb6cf27ae9120157f0fa/elements - {"using":"xpath","value":"//*[@id=\"__button376\"]"}
RESULT: {"using":"xpath","value":"//*[@id=\"__button376\"]"}
COMMAND: POST /session/ee8c0ad77c32eb6cf27ae9120157f0fa/elements - {"using":"xpath","value":"//*[@id=\"__button376\"]"}
RESULT: {"using":"xpath","value":"//*[@id=\"__button376\"]"}
COMMAND: POST /session/ee8c0ad77c32eb6cf27ae9120157f0fa/elements - {"using":"xpath","value":"//*[@id=\"__button376\"]"}
RESULT: {"using":"xpath","value":"//*[@id=\"__button376\"]"}
COMMAND: POST /session/ee8c0ad77c32eb6cf27ae9120157f0fa/elements - {"using":"xpath","value":"//*[@id=\"__button376\"]"}
RESULT: {"using":"xpath","value":"//*[@id=\"__button376\"]"}
COMMAND: POST /session/ee8c0ad77c32eb6cf27ae9120157f0fa/elements - {"using":"xpath","value":"//*[@id=\"__button376\"]"}
RESULT: {"using":"xpath","value":"//*[@id=\"__button376\"]"}
COMMAND: POST /session/ee8c0ad77c32eb6cf27ae9120157f0fa/elements - {"using":"xpath","value":"//*[@id=\"__button376\"]"}
RESULT: {"using":"xpath","value":"//*[@id=\"__button376\"]"}
COMMAND: POST /session/ee8c0ad77c32eb6cf27ae9120157f0fa/elements - {"using":"xpath","value":"//*[@id=\"__button376\"]"}
RESULT: {"using":"xpath","value":"//*[@id=\"__button376\"]"}
COMMAND: POST /session/ee8c0ad77c32eb6cf27ae9120157f0fa/elements - {"using":"xpath","value":"//*[@id=\"__button376\"]"}
RESULT: {"using":"xpath","value":"//*[@id=\"__button376\"]"}
COMMAND: POST /session/ee8c0ad77c32eb6cf27ae9120157f0fa/elements - {"using":"xpath","value":"//*[@id=\"__button376\"]"}
RESULT: {"using":"xpath","value":"//*[@id=\"__button376\"]"}
COMMAND: POST /session/ee8c0ad77c32eb6cf27ae9120157f0fa/elements - {"using":"xpath","value":"//*[@id=\"__button376\"]"}
RESULT: {"using":"xpath","value":"//*[@id=\"__button376\"]"}
COMMAND: POST /session/ee8c0ad77c32eb6cf27ae9120157f0fa/elements - {"using":"xpath","value":"//*[@id=\"__button376\"]"}
RESULT: {"using":"xpath","value":"//*[@id=\"__button376\"]"}
COMMAND: POST /session/ee8c0ad77c32eb6cf27ae9120157f0fa/elements - {"using":"xpath","value":"//*[@id=\"__button376\"]"}
RESULT: {"using":"xpath","value":"//*[@id=\"__button376\"]"}
COMMAND: POST /session/ee8c0ad77c32eb6cf27ae9120157f0fa/elements - {"using":"xpath","value":"//*[@id=\"__button376\"]"}
RESULT: {"using":"xpath","value":"//*[@id=\"__button376\"]"}
COMMAND: POST /session/ee8c0ad77c32eb6cf27ae9120157f0fa/elements - {"using":"xpath","value":"//*[@id=\"__button376\"]"}
RESULT: {"using":"xpath","value":"//*[@id=\"__button376\"]"}
COMMAND: POST /session/ee8c0ad77c32eb6cf27ae9120157f0fa/elements - {"using":"xpath","value":"//*[@id=\"__button376\"]"}
RESULT: {"using":"xpath","value":"//*[@id=\"__button376\"]"}
COMMAND: POST /session/ee8c0ad77c32eb6cf27ae9120157f0fa/elements - {"using":"xpath","value":"//*[@id=\"__button376\"]"}
RESULT: {"using":"xpath","value":"//*[@id=\"__button376\"]"}
COMMAND: POST /session/ee8c0ad77c32eb6cf27ae9120157f0fa/elements - {"using":"xpath","value":"//*[@id=\"__button376\"]"}
RESULT: {"using":"xpath","value":"//*[@id=\"__button376\"]"}
COMMAND: POST /session/ee8c0ad77c32eb6cf27ae9120157f0fa/elements - {"using":"xpath","value":"//*[@id=\"__button376\"]"}
RESULT: {"using":"xpath","value":"//*[@id=\"__button376\"]"}
COMMAND: POST /session/ee8c0ad77c32eb6cf27ae9120157f0fa/elements - {"using":"xpath","value":"//*[@id=\"__button376\"]"}
RESULT: {"using":"xpath","value":"//*[@id=\"__button376\"]"}
COMMAND: POST /session/ee8c0ad77c32eb6cf27ae9120157f0fa/elements - {"using":"xpath","value":"//*[@id=\"__button376\"]"}
RESULT: {"using":"xpath","value":"//*[@id=\"__button376\"]"}
COMMAND: POST /session/ee8c0ad77c32eb6cf27ae9120157f0fa/elements - {"using":"xpath","value":"//*[@id=\"__button376\"]"}
RESULT: {"using":"xpath","value":"//*[@id=\"__button376\"]"}
COMMAND: POST /session/ee8c0ad77c32eb6cf27ae9120157f0fa/elements - {"using":"xpath","value":"//*[@id=\"__button376\"]"}
RESULT: {"using":"xpath","value":"//*[@id=\"__button376\"]"}
COMMAND: POST /session/ee8c0ad77c32eb6cf27ae9120157f0fa/elements - {"using":"xpath","value":"//*[@id=\"__button376\"]"}
RESULT: {"using":"xpath","value":"//*[@id=\"__button376\"]"}
COMMAND: POST /session/ee8c0ad77c32eb6cf27ae9120157f0fa/elements - {"using":"xpath","value":"//*[@id=\"__button376\"]"}
RESULT: {"using":"xpath","value":"//*[@id=\"__button376\"]"}
COMMAND: POST /session/ee8c0ad77c32eb6cf27ae9120157f0fa/elements - {"using":"xpath","value":"//*[@id=\"__button376\"]"}
RESULT: {"using":"xpath","value":"//*[@id=\"__button376\"]"}
COMMAND: POST /session/ee8c0ad77c32eb6cf27ae9120157f0fa/elements - {"using":"xpath","value":"//*[@id=\"__button376\"]"}
RESULT: {"using":"xpath","value":"//*[@id=\"__button376\"]"}
COMMAND: POST /session/ee8c0ad77c32eb6cf27ae9120157f0fa/elements - {"using":"xpath","value":"//*[@id=\"__button376\"]"}
RESULT: {"using":"xpath","value":"//*[@id=\"__button376\"]"}
COMMAND: POST /session/ee8c0ad77c32eb6cf27ae9120157f0fa/elements - {"using":"xpath","value":"//*[@id=\"__button376\"]"}
RESULT: {"using":"xpath","value":"//*[@id=\"__button376\"]"}
COMMAND: POST /session/ee8c0ad77c32eb6cf27ae9120157f0fa/elements - {"using":"xpath","value":"//*[@id=\"__button376\"]"}
RESULT: {"using":"xpath","value":"//*[@id=\"__button376\"]"}
COMMAND: POST /session/ee8c0ad77c32eb6cf27ae9120157f0fa/elements - {"using":"xpath","value":"//*[@id=\"__button376\"]"}
RESULT: {"using":"xpath","value":"//*[@id=\"__button376\"]"}
COMMAND: POST /session/ee8c0ad77c32eb6cf27ae9120157f0fa/elements - {"using":"xpath","value":"//*[@id=\"__button376\"]"}
RESULT: {"using":"xpath","value":"//*[@id=\"__button376\"]"}
COMMAND: POST /session/ee8c0ad77c32eb6cf27ae9120157f0fa/elements - {"using":"xpath","value":"//*[@id=\"__button376\"]"}
RESULT: {"using":"xpath","value":"//*[@id=\"__button376\"]"}
COMMAND: POST /session/ee8c0ad77c32eb6cf27ae9120157f0fa/elements - {"using":"xpath","value":"//*[@id=\"__button376\"]"}
RESULT: {"using":"xpath","value":"//*[@id=\"__button376\"]"}
COMMAND: POST /session/ee8c0ad77c32eb6cf27ae9120157f0fa/elements - {"using":"xpath","value":"//*[@id=\"__button376\"]"}
RESULT: {"using":"xpath","value":"//*[@id=\"__button376\"]"}
COMMAND: POST /session/ee8c0ad77c32eb6cf27ae9120157f0fa/elements - {"using":"xpath","value":"//*[@id=\"__button376\"]"}
RESULT: {"using":"xpath","value":"//*[@id=\"__button376\"]"}
COMMAND: POST /session/ee8c0ad77c32eb6cf27ae9120157f0fa/elements - {"using":"xpath","value":"//*[@id=\"__button376\"]"}
RESULT: {"using":"xpath","value":"//*[@id=\"__button376\"]"}
COMMAND: POST /session/ee8c0ad77c32eb6cf27ae9120157f0fa/elements - {"using":"xpath","value":"//*[@id=\"__button376\"]"}
RESULT: {"using":"xpath","value":"//*[@id=\"__button376\"]"}
COMMAND: POST /session/ee8c0ad77c32eb6cf27ae9120157f0fa/elements - {"using":"xpath","value":"//*[@id=\"__button376\"]"}
RESULT: {"using":"xpath","value":"//*[@id=\"__button376\"]"}
COMMAND: POST /session/ee8c0ad77c32eb6cf27ae9120157f0fa/elements - {"using":"xpath","value":"//*[@id=\"__button376\"]"}
RESULT: {"using":"xpath","value":"//*[@id=\"__button376\"]"}
COMMAND: POST /session/ee8c0ad77c32eb6cf27ae9120157f0fa/elements - {"using":"xpath","value":"//*[@id=\"__button376\"]"}
RESULT: {"using":"xpath","value":"//*[@id=\"__button376\"]"}
COMMAND: POST /session/ee8c0ad77c32eb6cf27ae9120157f0fa/elements - {"using":"xpath","value":"//*[@id=\"__button376\"]"}
RESULT: {"using":"xpath","value":"//*[@id=\"__button376\"]"}
COMMAND: POST /session/ee8c0ad77c32eb6cf27ae9120157f0fa/elements - {"using":"xpath","value":"//*[@id=\"__button376\"]"}
RESULT: {"using":"xpath","value":"//*[@id=\"__button376\"]"}
COMMAND: POST /session/ee8c0ad77c32eb6cf27ae9120157f0fa/elements - {"using":"xpath","value":"//*[@id=\"__button376\"]"}
RESULT: {"using":"xpath","value":"//*[@id=\"__button376\"]"}
COMMAND: POST /session/ee8c0ad77c32eb6cf27ae9120157f0fa/elements - {"using":"xpath","value":"//*[@id=\"__button376\"]"}
RESULT: {"using":"xpath","value":"//*[@id=\"__button376\"]"}
COMMAND: POST /session/ee8c0ad77c32eb6cf27ae9120157f0fa/elements - {"using":"xpath","value":"//*[@id=\"__button376\"]"}
RESULT: {"using":"xpath","value":"//*[@id=\"__button376\"]"}
COMMAND: POST /session/ee8c0ad77c32eb6cf27ae9120157f0fa/elements - {"using":"xpath","value":"//*[@id=\"__button376\"]"}
RESULT: {"using":"xpath","value":"//*[@id=\"__button376\"]"}
COMMAND: POST /session/ee8c0ad77c32eb6cf27ae9120157f0fa/elements - {"using":"xpath","value":"//*[@id=\"__button376\"]"}
RESULT: {"using":"xpath","value":"//*[@id=\"__button376\"]"}
COMMAND: POST /session/ee8c0ad77c32eb6cf27ae9120157f0fa/elements - {"using":"xpath","value":"//*[@id=\"__button376\"]"}
RESULT: {"using":"xpath","value":"//*[@id=\"__button376\"]"}
COMMAND: POST /session/ee8c0ad77c32eb6cf27ae9120157f0fa/elements - {"using":"xpath","value":"//*[@id=\"__button376\"]"}
RESULT: {"using":"xpath","value":"//*[@id=\"__button376\"]"}
COMMAND: POST /session/ee8c0ad77c32eb6cf27ae9120157f0fa/elements - {"using":"xpath","value":"//*[@id=\"__button376\"]"}
RESULT: {"using":"xpath","value":"//*[@id=\"__button376\"]"}
COMMAND: POST /session/ee8c0ad77c32eb6cf27ae9120157f0fa/elements - {"using":"xpath","value":"//*[@id=\"__button376\"]"}
RESULT: {"using":"xpath","value":"//*[@id=\"__button376\"]"}
COMMAND: POST /session/ee8c0ad77c32eb6cf27ae9120157f0fa/elements - {"using":"xpath","value":"//*[@id=\"__button376\"]"}
RESULT: {"using":"xpath","value":"//*[@id=\"__button376\"]"}
COMMAND: POST /session/ee8c0ad77c32eb6cf27ae9120157f0fa/elements - {"using":"xpath","value":"//*[@id=\"__button376\"]"}
RESULT: {"using":"xpath","value":"//*[@id=\"__button376\"]"}
COMMAND: POST /session/ee8c0ad77c32eb6cf27ae9120157f0fa/elements - {"using":"xpath","value":"//*[@id=\"__button376\"]"}
COMMAND: POST /session/ee8c0ad77c32eb6cf27ae9120157f0fa/element - {"using":"css selector","value":"#shell-header-logo"}
RESULT: {"using":"xpath","value":"//*[@id=\"__button376\"]"}
RESULT: {"using":"css selector","value":"#shell-header-logo"}
COMMAND: POST /session/ee8c0ad77c32eb6cf27ae9120157f0fa/execute/sync - {"script":"<script> [8489 bytes]","args":[{"element-6066-11e4-a52e-4f735466cecf":"f.4EEDEA8BBD1FF6E0A028415A04A49F5E.d.ACEF233D05D71B302D0DD97DC6904CEC.e.17225","ELEMENT":"f.4EEDEA8BBD1FF6E0A028415A04A49F5E.d.ACEF233D05D71B302D0DD97DC6904CEC.e.17225"}]}
RESULT: {"script":"<script> [8489 bytes]","args":[{"element-6066-11e4-a52e-4f735466cecf":"f.4EEDEA8BBD1FF6E0A028415A04A49F5E.d.ACEF233D05D71B302D0DD97DC6904CEC.e.17225","ELEMENT":"f.4EEDEA8BBD1FF6E0A028415A04A49F5E.d.ACEF233D05D71B302D0DD97DC6904CEC.e.17225"}]}
COMMAND: POST /session/ee8c0ad77c32eb6cf27ae9120157f0fa/execute/sync - {"script":"<script> [5351 bytes]","args":[{"element-6066-11e4-a52e-4f735466cecf":"f.4EEDEA8BBD1FF6E0A028415A04A49F5E.d.ACEF233D05D71B302D0DD97DC6904CEC.e.17225","ELEMENT":"f.4EEDEA8BBD1FF6E0A028415A04A49F5E.d.ACEF233D05D71B302D0DD97DC6904CEC.e.17225"}]}
COMMAND: GET /session/ee8c0ad77c32eb6cf27ae9120157f0fa/screenshot - {}
RESULT: {"script":"<script> [5351 bytes]","args":[{"element-6066-11e4-a52e-4f735466cecf":"f.4EEDEA8BBD1FF6E0A028415A04A49F5E.d.ACEF233D05D71B302D0DD97DC6904CEC.e.17225","ELEMENT":"f.4EEDEA8BBD1FF6E0A028415A04A49F5E.d.ACEF233D05D71B302D0DD97DC6904CEC.e.17225"}]}
COMMAND: POST /session/ee8c0ad77c32eb6cf27ae9120157f0fa/element/f.4EEDEA8BBD1FF6E0A028415A04A49F5E.d.ACEF233D05D71B302D0DD97DC6904CEC.e.17225/click - {}
COMMAND: GET /session/ee8c0ad77c32eb6cf27ae9120157f0fa/screenshot - {}
RESULT: {}
RESULT: {}
COMMAND: GET /session/ee8c0ad77c32eb6cf27ae9120157f0fa/screenshot - {}
]]></system-out>
    </testcase>
    <testcase classname="chrome.136_0_7103_49.windows.Performance_based_billing_(work_days)_US139742" name="Should go to Manage Billings and trigger calculation check the conditions applied" time="71.688">
      <system-out><![CDATA[
COMMAND: POST /session/ee8c0ad77c32eb6cf27ae9120157f0fa/execute/async - {"script":"<script> [1562 bytes]","args":[{"selector":{"controlType":"sap.m.GenericTile","properties":{"header":"Manage Billings"}},"wdio_ui5_key":"sapm.GenericTile{\"header\":\"Manage Billings\"}"}]}
RESULT: {}
RESULT: {}
RESULT: {"script":"<script> [1562 bytes]","args":[{"selector":{"controlType":"sap.m.GenericTile","properties":{"header":"Manage Billings"}},"wdio_ui5_key":"sapm.GenericTile{\"header\":\"Manage Billings\"}"}]}
RESULT: undefined
COMMAND: POST /session/ee8c0ad77c32eb6cf27ae9120157f0fa/element - {"using":"xpath","value":"//*[@id=\"__tile51\"]"}
RESULT: {"using":"xpath","value":"//*[@id=\"__tile51\"]"}
COMMAND: POST /session/ee8c0ad77c32eb6cf27ae9120157f0fa/element/f.4EEDEA8BBD1FF6E0A028415A04A49F5E.d.ACEF233D05D71B302D0DD97DC6904CEC.e.13527/click - {}
RESULT: {}
COMMAND: GET /session/ee8c0ad77c32eb6cf27ae9120157f0fa/screenshot - {}
COMMAND: POST /session/ee8c0ad77c32eb6cf27ae9120157f0fa/elements - {"using":"xpath","value":"//span[text()='Error']"}
RESULT: {}
RESULT: {"using":"xpath","value":"//span[text()='Error']"}
COMMAND: POST /session/ee8c0ad77c32eb6cf27ae9120157f0fa/execute/async - {"script":"<script> [1562 bytes]","args":[{"selector":{"id":"application-managebillings-display-component---billRunCalcResult--smartFilterBar-btnBasicSearch","interaction":{"idSuffix":"I"}},"wdio_ui5_key":"applicationmanagebillings-display-component---billRunCalcResult--smartFilterBar-btnBasicSearch"}]}
RESULT: {"script":"<script> [1562 bytes]","args":[{"selector":{"id":"application-managebillings-display-component---billRunCalcResult--smartFilterBar-btnBasicSearch","interaction":{"idSuffix":"I"}},"wdio_ui5_key":"applicationmanagebillings-display-component---billRunCalcResult--smartFilterBar-btnBasicSearch"}]}
RESULT: undefined
COMMAND: POST /session/ee8c0ad77c32eb6cf27ae9120157f0fa/execute/async - {"script":"<script> [776 bytes]","args":[{"enterText":"10217","selector":{"id":"application-managebillings-display-component---billRunCalcResult--smartFilterBar-btnBasicSearch","interaction":{"idSuffix":"I"}},"clearTextFirst":true,"interactionType":"ENTER_TEXT"}]}
RESULT: {"script":"<script> [776 bytes]","args":[{"enterText":"10217","selector":{"id":"application-managebillings-display-component---billRunCalcResult--smartFilterBar-btnBasicSearch","interaction":{"idSuffix":"I"}},"clearTextFirst":true,"interactionType":"ENTER_TEXT"}]}
COMMAND: POST /session/ee8c0ad77c32eb6cf27ae9120157f0fa/actions - {"actions":[{"id":"action65","type":"key","parameters":{},"actions":[{"type":"keyDown","value":"î€‡"},{"type":"pause","duration":10},{"type":"keyUp","value":"î€‡"}]}]}
RESULT: {"actions":[{"id":"action65","type":"key","parameters":{},"actions":[{"type":"keyDown","value":"î€‡"},{"type":"pause","duration":10},{"type":"keyUp","value":"î€‡"}]}]}
COMMAND: GET /session/ee8c0ad77c32eb6cf27ae9120157f0fa/screenshot - {}
RESULT: {}
COMMAND: POST /session/ee8c0ad77c32eb6cf27ae9120157f0fa/element - {"using":"xpath","value":"//td[@aria-colindex=\"1\"]/div/div[contains(@class, \"sapMCbBg\")]"}
RESULT: {"using":"xpath","value":"//td[@aria-colindex=\"1\"]/div/div[contains(@class, \"sapMCbBg\")]"}
COMMAND: POST /session/ee8c0ad77c32eb6cf27ae9120157f0fa/element/f.4EEDEA8BBD1FF6E0A028415A04A49F5E.d.ACEF233D05D71B302D0DD97DC6904CEC.e.17748/click - {}
RESULT: {}
COMMAND: GET /session/ee8c0ad77c32eb6cf27ae9120157f0fa/screenshot - {}
RESULT: {}
COMMAND: POST /session/ee8c0ad77c32eb6cf27ae9120157f0fa/execute/async - {"script":"<script> [1562 bytes]","args":[{"selector":{"id":"application-managebillings-display-component---billRunCalcResult--contractBillRunDate","interaction":{"idSuffix":"inner"}},"wdio_ui5_key":"applicationmanagebillings-display-component---billRunCalcResult--contractBillRunDate"}]}
RESULT: {"script":"<script> [1562 bytes]","args":[{"selector":{"id":"application-managebillings-display-component---billRunCalcResult--contractBillRunDate","interaction":{"idSuffix":"inner"}},"wdio_ui5_key":"applicationmanagebillings-display-component---billRunCalcResult--contractBillRunDate"}]}
RESULT: undefined
COMMAND: POST /session/ee8c0ad77c32eb6cf27ae9120157f0fa/execute/async - {"script":"<script> [776 bytes]","args":[{"enterText":"6/14/25","selector":{"id":"application-managebillings-display-component---billRunCalcResult--contractBillRunDate","interaction":{"idSuffix":"inner"}},"clearTextFirst":true,"interactionType":"ENTER_TEXT"}]}
RESULT: {"script":"<script> [776 bytes]","args":[{"enterText":"6/14/25","selector":{"id":"application-managebillings-display-component---billRunCalcResult--contractBillRunDate","interaction":{"idSuffix":"inner"}},"clearTextFirst":true,"interactionType":"ENTER_TEXT"}]}
COMMAND: POST /session/ee8c0ad77c32eb6cf27ae9120157f0fa/element - {"using":"xpath","value":"//bdi[contains(text(), \"Trigger Calculation\")]"}
RESULT: {"using":"xpath","value":"//bdi[contains(text(), \"Trigger Calculation\")]"}
COMMAND: POST /session/ee8c0ad77c32eb6cf27ae9120157f0fa/element/f.4EEDEA8BBD1FF6E0A028415A04A49F5E.d.ACEF233D05D71B302D0DD97DC6904CEC.e.17769/click - {}
RESULT: {}
COMMAND: GET /session/ee8c0ad77c32eb6cf27ae9120157f0fa/screenshot - {}
RESULT: {}
COMMAND: POST /session/ee8c0ad77c32eb6cf27ae9120157f0fa/element - {"using":"xpath","value":"(//span[contains(@id, \"imgNav\")])[1]"}
RESULT: {"using":"xpath","value":"(//span[contains(@id, \"imgNav\")])[1]"}
COMMAND: POST /session/ee8c0ad77c32eb6cf27ae9120157f0fa/element/f.4EEDEA8BBD1FF6E0A028415A04A49F5E.d.ACEF233D05D71B302D0DD97DC6904CEC.e.17762/click - {}
RESULT: {}
COMMAND: GET /session/ee8c0ad77c32eb6cf27ae9120157f0fa/screenshot - {}
RESULT: {}
COMMAND: POST /session/ee8c0ad77c32eb6cf27ae9120157f0fa/element - {"using":"xpath","value":"//tr/td[6]/div[1]/span[1]/span[1]"}
RESULT: {"using":"xpath","value":"//tr/td[6]/div[1]/span[1]/span[1]"}
COMMAND: GET /session/ee8c0ad77c32eb6cf27ae9120157f0fa/element/f.4EEDEA8BBD1FF6E0A028415A04A49F5E.d.ACEF233D05D71B302D0DD97DC6904CEC.e.17774/text - {}
RESULT: {}
COMMAND: POST /session/ee8c0ad77c32eb6cf27ae9120157f0fa/element - {"using":"xpath","value":"(//span[contains(@id, \"imgNav\")])[2]"}
RESULT: {"using":"xpath","value":"(//span[contains(@id, \"imgNav\")])[2]"}
COMMAND: POST /session/ee8c0ad77c32eb6cf27ae9120157f0fa/element/f.4EEDEA8BBD1FF6E0A028415A04A49F5E.d.ACEF233D05D71B302D0DD97DC6904CEC.e.17775/click - {}
RESULT: {}
COMMAND: POST /session/ee8c0ad77c32eb6cf27ae9120157f0fa/element - {"using":"xpath","value":"//bdi[contains(text(), \"Business Confirm\")]"}
COMMAND: GET /session/ee8c0ad77c32eb6cf27ae9120157f0fa/screenshot - {}
RESULT: {"using":"xpath","value":"//bdi[contains(text(), \"Business Confirm\")]"}
COMMAND: POST /session/ee8c0ad77c32eb6cf27ae9120157f0fa/elements - {"using":"xpath","value":"//bdi[contains(text(), \"Business Confirm\")]"}
RESULT: {}
RESULT: {"using":"xpath","value":"//bdi[contains(text(), \"Business Confirm\")]"}
COMMAND: POST /session/ee8c0ad77c32eb6cf27ae9120157f0fa/element - {"using":"xpath","value":"//bdi[contains(text(), \"Business Confirm\")]"}
RESULT: {"using":"xpath","value":"//bdi[contains(text(), \"Business Confirm\")]"}
COMMAND: POST /session/ee8c0ad77c32eb6cf27ae9120157f0fa/element/f.4EEDEA8BBD1FF6E0A028415A04A49F5E.d.ACEF233D05D71B302D0DD97DC6904CEC.e.17778/click - {}
RESULT: {}
COMMAND: POST /session/ee8c0ad77c32eb6cf27ae9120157f0fa/element - {"using":"css selector","value":"#shell-header-logo"}
COMMAND: GET /session/ee8c0ad77c32eb6cf27ae9120157f0fa/screenshot - {}
RESULT: {"using":"css selector","value":"#shell-header-logo"}
COMMAND: POST /session/ee8c0ad77c32eb6cf27ae9120157f0fa/element/f.4EEDEA8BBD1FF6E0A028415A04A49F5E.d.ACEF233D05D71B302D0DD97DC6904CEC.e.17533/click - {}
RESULT: {}
RESULT: {}
COMMAND: GET /session/ee8c0ad77c32eb6cf27ae9120157f0fa/screenshot - {}
RESULT: {}
COMMAND: POST /session/ee8c0ad77c32eb6cf27ae9120157f0fa/element - {"using":"css selector","value":"#j_username"}
COMMAND: POST /session/ee8c0ad77c32eb6cf27ae9120157f0fa/url - {"url":"https://qa-testing-00-live-etm-ui.cfapps.eu10-004.hana.ondemand.com/"}
RESULT: {"using":"css selector","value":"#j_username"}
COMMAND: POST /session/ee8c0ad77c32eb6cf27ae9120157f0fa/element - {"using":"css selector","value":"#j_username"}
RESULT: {"url":"https://qa-testing-00-live-etm-ui.cfapps.eu10-004.hana.ondemand.com/"}
RESULT: undefined
COMMAND: GET /session/ee8c0ad77c32eb6cf27ae9120157f0fa/screenshot - {}
RESULT: {"using":"css selector","value":"#j_username"}
COMMAND: POST /session/ee8c0ad77c32eb6cf27ae9120157f0fa/element - {"using":"css selector","value":"#shell-header-logo"}
RESULT: {}
RESULT: {"using":"css selector","value":"#shell-header-logo"}
COMMAND: POST /session/ee8c0ad77c32eb6cf27ae9120157f0fa/execute/sync - {"script":"<script> [8489 bytes]","args":[{"element-6066-11e4-a52e-4f735466cecf":"f.4EEDEA8BBD1FF6E0A028415A04A49F5E.d.6C521230229A0663774D8A6A16537541.e.17866","ELEMENT":"f.4EEDEA8BBD1FF6E0A028415A04A49F5E.d.6C521230229A0663774D8A6A16537541.e.17866"}]}
RESULT: {"script":"<script> [8489 bytes]","args":[{"element-6066-11e4-a52e-4f735466cecf":"f.4EEDEA8BBD1FF6E0A028415A04A49F5E.d.6C521230229A0663774D8A6A16537541.e.17866","ELEMENT":"f.4EEDEA8BBD1FF6E0A028415A04A49F5E.d.6C521230229A0663774D8A6A16537541.e.17866"}]}
COMMAND: POST /session/ee8c0ad77c32eb6cf27ae9120157f0fa/element - {"using":"css selector","value":"#shell-header-logo"}
COMMAND: GET /session/ee8c0ad77c32eb6cf27ae9120157f0fa/screenshot - {}
RESULT: {"using":"css selector","value":"#shell-header-logo"}
COMMAND: POST /session/ee8c0ad77c32eb6cf27ae9120157f0fa/execute/sync - {"script":"<script> [8489 bytes]","args":[{"element-6066-11e4-a52e-4f735466cecf":"f.4EEDEA8BBD1FF6E0A028415A04A49F5E.d.6C521230229A0663774D8A6A16537541.e.17866","ELEMENT":"f.4EEDEA8BBD1FF6E0A028415A04A49F5E.d.6C521230229A0663774D8A6A16537541.e.17866"}]}
RESULT: {}
RESULT: {"script":"<script> [8489 bytes]","args":[{"element-6066-11e4-a52e-4f735466cecf":"f.4EEDEA8BBD1FF6E0A028415A04A49F5E.d.6C521230229A0663774D8A6A16537541.e.17866","ELEMENT":"f.4EEDEA8BBD1FF6E0A028415A04A49F5E.d.6C521230229A0663774D8A6A16537541.e.17866"}]}
COMMAND: POST /session/ee8c0ad77c32eb6cf27ae9120157f0fa/execute/sync - {"script":"<script> [5351 bytes]","args":[{"element-6066-11e4-a52e-4f735466cecf":"f.4EEDEA8BBD1FF6E0A028415A04A49F5E.d.6C521230229A0663774D8A6A16537541.e.17866","ELEMENT":"f.4EEDEA8BBD1FF6E0A028415A04A49F5E.d.6C521230229A0663774D8A6A16537541.e.17866"}]}
COMMAND: GET /session/ee8c0ad77c32eb6cf27ae9120157f0fa/screenshot - {}
RESULT: {"script":"<script> [5351 bytes]","args":[{"element-6066-11e4-a52e-4f735466cecf":"f.4EEDEA8BBD1FF6E0A028415A04A49F5E.d.6C521230229A0663774D8A6A16537541.e.17866","ELEMENT":"f.4EEDEA8BBD1FF6E0A028415A04A49F5E.d.6C521230229A0663774D8A6A16537541.e.17866"}]}
COMMAND: POST /session/ee8c0ad77c32eb6cf27ae9120157f0fa/element - {"using":"css selector","value":"#shell-header-logo"}
COMMAND: GET /session/ee8c0ad77c32eb6cf27ae9120157f0fa/screenshot - {}
RESULT: {}
RESULT: {"using":"css selector","value":"#shell-header-logo"}
COMMAND: POST /session/ee8c0ad77c32eb6cf27ae9120157f0fa/element/f.4EEDEA8BBD1FF6E0A028415A04A49F5E.d.6C521230229A0663774D8A6A16537541.e.17866/click - {}
RESULT: {}
RESULT: {}
COMMAND: GET /session/ee8c0ad77c32eb6cf27ae9120157f0fa/screenshot - {}
RESULT: {}
COMMAND: POST /session/ee8c0ad77c32eb6cf27ae9120157f0fa/execute/async - {"script":"<script> [189 bytes]","args":[]}
RESULT: {"script":"<script> [189 bytes]","args":[]}
COMMAND: POST /session/ee8c0ad77c32eb6cf27ae9120157f0fa/execute/async - {"script":"<script> [123 bytes]","args":[]}
RESULT: {"script":"<script> [123 bytes]","args":[]}
COMMAND: POST /session/ee8c0ad77c32eb6cf27ae9120157f0fa/timeouts - {"script":"<number>"}
RESULT: {"script":"<number>"}
COMMAND: GET /session/ee8c0ad77c32eb6cf27ae9120157f0fa/timeouts - {}
RESULT: {}
RESULT: undefined
COMMAND: POST /session/ee8c0ad77c32eb6cf27ae9120157f0fa/execute/async - {"script":"<script> [2676 bytes]","args":[]}
RESULT: {"script":"<script> [2676 bytes]","args":[]}
COMMAND: POST /session/ee8c0ad77c32eb6cf27ae9120157f0fa/execute/async - {"script":"<script> [2342 bytes]","args":[{"protocol":"http","hostname":"0.0.0.0","path":"/","capabilities":{"browserName":"chrome","goog:chromeOptions":{"binary":"C:\\Program Files\\Google\\Chrome\\Application\\chrome.exe","args":["--start-maximized"]}},"logLevel":"warn","connectionRetryTimeout":120000,"connectionRetryCount":3,"logLevels":{},"enableDirectConnect":true,"strictSSL":true,"_":"65 more keys: [\"cacheDir\",\"port\",\"requestedCapabilities\",\"automationProtocol\",\"baseUrl\",\"waitforInterval\",\"waitforTimeout\",\"onReload\",\"beforeCommand\",\"afterCommand\",\"rootDir\",\"specs\",\"suites\",\"exclude\",\"groupLogsByTestSpec\",\"excludeDriverLogs\",\"bail\",\"framework\",\"reporters\",\"services\",\"maxInstances\",\"maxInstancesPerCapability\",\"injectGlobals\",\"filesToWatch\",\"execArgv\",\"runnerEnv\",\"runner\",\"shard\",\"specFileRetries\",\"specFileRetriesDelay\",\"specFileRetriesDeferred\",\"reporterSyncInterval\",\"reporterSyncTimeout\",\"cucumberFeaturesWithLineNumbers\",\"autoCompileOpts\",\"mochaOpts\",\"jasmineOpts\",\"cucumberOpts\",\"onPrepare\",\"onWorkerStart\",\"onWorkerEnd\",\"before\",\"beforeSession\",\"beforeSuite\",\"beforeHook\",\"beforeTest\",\"afterTest\",\"afterHook\",\"afterSuite\",\"afterSession\",\"after\",\"onComplete\",\"beforeAssertion\",\"afterAssertion\",\"beforeFeature\",\"beforeScenario\",\"beforeStep\",\"afterStep\",\"afterScenario\",\"afterFeature\",\"_\",\"suite\",\"$0\",\"ignoredWorkerServices\",\"wdi5\"]"}]}
RESULT: {"script":"<script> [2342 bytes]","args":[{"protocol":"http","hostname":"0.0.0.0","path":"/","capabilities":{"browserName":"chrome","goog:chromeOptions":{"binary":"C:\\Program Files\\Google\\Chrome\\Application\\chrome.exe","args":["--start-maximized"]}},"logLevel":"warn","connectionRetryTimeout":120000,"connectionRetryCount":3,"logLevels":{},"enableDirectConnect":true,"strictSSL":true,"_":"65 more keys: [\"cacheDir\",\"port\",\"requestedCapabilities\",\"automationProtocol\",\"baseUrl\",\"waitforInterval\",\"waitforTimeout\",\"onReload\",\"beforeCommand\",\"afterCommand\",\"rootDir\",\"specs\",\"suites\",\"exclude\",\"groupLogsByTestSpec\",\"excludeDriverLogs\",\"bail\",\"framework\",\"reporters\",\"services\",\"maxInstances\",\"maxInstancesPerCapability\",\"injectGlobals\",\"filesToWatch\",\"execArgv\",\"runnerEnv\",\"runner\",\"shard\",\"specFileRetries\",\"specFileRetriesDelay\",\"specFileRetriesDeferred\",\"reporterSyncInterval\",\"reporterSyncTimeout\",\"cucumberFeaturesWithLineNumbers\",\"autoCompileOpts\",\"mochaOpts\",\"jasmineOpts\",\"cucumberOpts\",\"onPrepare\",\"onWorkerStart\",\"onWorkerEnd\",\"before\",\"beforeSession\",\"beforeSuite\",\"beforeHook\",\"beforeTest\",\"afterTest\",\"afterHook\",\"afterSuite\",\"afterSession\",\"after\",\"onComplete\",\"beforeAssertion\",\"afterAssertion\",\"beforeFeature\",\"beforeScenario\",\"beforeStep\",\"afterStep\",\"afterScenario\",\"afterFeature\",\"_\",\"suite\",\"$0\",\"ignoredWorkerServices\",\"wdi5\"]"}]}
COMMAND: POST /session/ee8c0ad77c32eb6cf27ae9120157f0fa/execute/async - {"script":"<script> [21126 bytes]","args":[35000]}
RESULT: {"script":"<script> [21126 bytes]","args":[35000]}
COMMAND: POST /session/ee8c0ad77c32eb6cf27ae9120157f0fa/window/maximize - {}
RESULT: {}
COMMAND: POST /session/ee8c0ad77c32eb6cf27ae9120157f0fa/execute/async - {"script":"<script> [1562 bytes]","args":[{"selector":{"id":"shell-header","interaction":{"idSuffix":"icon"}},"wdio_ui5_key":"shellheader"}]}
COMMAND: GET /session/ee8c0ad77c32eb6cf27ae9120157f0fa/screenshot - {}
RESULT: {"script":"<script> [1562 bytes]","args":[{"selector":{"id":"shell-header","interaction":{"idSuffix":"icon"}},"wdio_ui5_key":"shellheader"}]}
RESULT: undefined
COMMAND: POST /session/ee8c0ad77c32eb6cf27ae9120157f0fa/refresh - {}
RESULT: {}
RESULT: {}
COMMAND: GET /session/ee8c0ad77c32eb6cf27ae9120157f0fa/screenshot - {}
RESULT: {}
COMMAND: POST /session/ee8c0ad77c32eb6cf27ae9120157f0fa/refresh - {}
RESULT: {}
COMMAND: GET /session/ee8c0ad77c32eb6cf27ae9120157f0fa/screenshot - {}
RESULT: {}
COMMAND: POST /session/ee8c0ad77c32eb6cf27ae9120157f0fa/window/fullscreen - {}
RESULT: {}
COMMAND: POST /session/ee8c0ad77c32eb6cf27ae9120157f0fa/execute/async - {"script":"<script> [189 bytes]","args":[]}
RESULT: {"script":"<script> [189 bytes]","args":[]}
COMMAND: POST /session/ee8c0ad77c32eb6cf27ae9120157f0fa/execute/async - {"script":"<script> [123 bytes]","args":[]}
RESULT: {"script":"<script> [123 bytes]","args":[]}
COMMAND: POST /session/ee8c0ad77c32eb6cf27ae9120157f0fa/timeouts - {"script":"<number>"}
RESULT: {"script":"<number>"}
COMMAND: GET /session/ee8c0ad77c32eb6cf27ae9120157f0fa/timeouts - {}
RESULT: {}
RESULT: undefined
COMMAND: POST /session/ee8c0ad77c32eb6cf27ae9120157f0fa/execute/async - {"script":"<script> [2676 bytes]","args":[]}
RESULT: {"script":"<script> [2676 bytes]","args":[]}
COMMAND: POST /session/ee8c0ad77c32eb6cf27ae9120157f0fa/execute/async - {"script":"<script> [2342 bytes]","args":[{"protocol":"http","hostname":"0.0.0.0","path":"/","capabilities":{"browserName":"chrome","goog:chromeOptions":{"binary":"C:\\Program Files\\Google\\Chrome\\Application\\chrome.exe","args":["--start-maximized"]}},"logLevel":"warn","connectionRetryTimeout":120000,"connectionRetryCount":3,"logLevels":{},"enableDirectConnect":true,"strictSSL":true,"_":"65 more keys: [\"cacheDir\",\"port\",\"requestedCapabilities\",\"automationProtocol\",\"baseUrl\",\"waitforInterval\",\"waitforTimeout\",\"onReload\",\"beforeCommand\",\"afterCommand\",\"rootDir\",\"specs\",\"suites\",\"exclude\",\"groupLogsByTestSpec\",\"excludeDriverLogs\",\"bail\",\"framework\",\"reporters\",\"services\",\"maxInstances\",\"maxInstancesPerCapability\",\"injectGlobals\",\"filesToWatch\",\"execArgv\",\"runnerEnv\",\"runner\",\"shard\",\"specFileRetries\",\"specFileRetriesDelay\",\"specFileRetriesDeferred\",\"reporterSyncInterval\",\"reporterSyncTimeout\",\"cucumberFeaturesWithLineNumbers\",\"autoCompileOpts\",\"mochaOpts\",\"jasmineOpts\",\"cucumberOpts\",\"onPrepare\",\"onWorkerStart\",\"onWorkerEnd\",\"before\",\"beforeSession\",\"beforeSuite\",\"beforeHook\",\"beforeTest\",\"afterTest\",\"afterHook\",\"afterSuite\",\"afterSession\",\"after\",\"onComplete\",\"beforeAssertion\",\"afterAssertion\",\"beforeFeature\",\"beforeScenario\",\"beforeStep\",\"afterStep\",\"afterScenario\",\"afterFeature\",\"_\",\"suite\",\"$0\",\"ignoredWorkerServices\",\"wdi5\"]"}]}
RESULT: {"script":"<script> [2342 bytes]","args":[{"protocol":"http","hostname":"0.0.0.0","path":"/","capabilities":{"browserName":"chrome","goog:chromeOptions":{"binary":"C:\\Program Files\\Google\\Chrome\\Application\\chrome.exe","args":["--start-maximized"]}},"logLevel":"warn","connectionRetryTimeout":120000,"connectionRetryCount":3,"logLevels":{},"enableDirectConnect":true,"strictSSL":true,"_":"65 more keys: [\"cacheDir\",\"port\",\"requestedCapabilities\",\"automationProtocol\",\"baseUrl\",\"waitforInterval\",\"waitforTimeout\",\"onReload\",\"beforeCommand\",\"afterCommand\",\"rootDir\",\"specs\",\"suites\",\"exclude\",\"groupLogsByTestSpec\",\"excludeDriverLogs\",\"bail\",\"framework\",\"reporters\",\"services\",\"maxInstances\",\"maxInstancesPerCapability\",\"injectGlobals\",\"filesToWatch\",\"execArgv\",\"runnerEnv\",\"runner\",\"shard\",\"specFileRetries\",\"specFileRetriesDelay\",\"specFileRetriesDeferred\",\"reporterSyncInterval\",\"reporterSyncTimeout\",\"cucumberFeaturesWithLineNumbers\",\"autoCompileOpts\",\"mochaOpts\",\"jasmineOpts\",\"cucumberOpts\",\"onPrepare\",\"onWorkerStart\",\"onWorkerEnd\",\"before\",\"beforeSession\",\"beforeSuite\",\"beforeHook\",\"beforeTest\",\"afterTest\",\"afterHook\",\"afterSuite\",\"afterSession\",\"after\",\"onComplete\",\"beforeAssertion\",\"afterAssertion\",\"beforeFeature\",\"beforeScenario\",\"beforeStep\",\"afterStep\",\"afterScenario\",\"afterFeature\",\"_\",\"suite\",\"$0\",\"ignoredWorkerServices\",\"wdi5\"]"}]}
COMMAND: POST /session/ee8c0ad77c32eb6cf27ae9120157f0fa/execute/async - {"script":"<script> [21126 bytes]","args":[35000]}
RESULT: {"script":"<script> [21126 bytes]","args":[35000]}
]]></system-out>
    </testcase>
  </testsuite>
  <testsuite timestamp="2025-05-14T18:10:07" time="1535.777" tests="20" failures="0" errors="0" skipped="0">
    <properties>
      <property name="specId" value="0" />
      <property name="suiteName" value="Billing Calculation - Time based (considering transport times) US139738" />
      <property name="capabilities" value="chrome.136_0_7103_49.windows" />
      <property name="file" value="file:///D:/a/1/s/test/specs/BTS/billing-calculation-transp-times.spec.js" />
    </properties>
    <testcase classname="chrome.136_0_7103_49.windows.Billing_Calculation_-_Time_based_(considering_transport_times)_US139738" name="Should create a new yard" time="0.031">
      <system-out><![CDATA[
COMMAND: POST /session/ee8c0ad77c32eb6cf27ae9120157f0fa/window/fullscreen - {}
RESULT: {}
]]></system-out>
    </testcase>
    <testcase classname="chrome.136_0_7103_49.windows.Billing_Calculation_-_Time_based_(considering_transport_times)_US139738" name="Should create a new partner" time="0.004" />
    <testcase classname="chrome.136_0_7103_49.windows.Billing_Calculation_-_Time_based_(considering_transport_times)_US139738" name="Should create a new site" time="0.003" />
    <testcase classname="chrome.136_0_7103_49.windows.Billing_Calculation_-_Time_based_(considering_transport_times)_US139738" name="Should create the equipment" time="150.338">
      <system-out><![CDATA[
COMMAND: POST /session/ee8c0ad77c32eb6cf27ae9120157f0fa/execute/async - {"script":"<script> [1562 bytes]","args":[{"selector":{"controlType":"sap.m.GenericTile","properties":{"header":"Manage Resources"}},"wdio_ui5_key":"sapm.GenericTile{\"header\":\"Manage Resources\"}"}]}
RESULT: {"script":"<script> [1562 bytes]","args":[{"selector":{"controlType":"sap.m.GenericTile","properties":{"header":"Manage Resources"}},"wdio_ui5_key":"sapm.GenericTile{\"header\":\"Manage Resources\"}"}]}
RESULT: undefined
COMMAND: POST /session/ee8c0ad77c32eb6cf27ae9120157f0fa/element - {"using":"xpath","value":"//*[@id=\"__tile39\"]"}
RESULT: {"using":"xpath","value":"//*[@id=\"__tile39\"]"}
COMMAND: POST /session/ee8c0ad77c32eb6cf27ae9120157f0fa/element/f.4EEDEA8BBD1FF6E0A028415A04A49F5E.d.7C02828845492F4AF80D82DCD433690E.e.18017/click - {}
RESULT: {}
COMMAND: GET /session/ee8c0ad77c32eb6cf27ae9120157f0fa/screenshot - {}
RESULT: {}
COMMAND: POST /session/ee8c0ad77c32eb6cf27ae9120157f0fa/elements - {"using":"xpath","value":"//span[text()='Error']"}
RESULT: {"using":"xpath","value":"//span[text()='Error']"}
COMMAND: POST /session/ee8c0ad77c32eb6cf27ae9120157f0fa/element - {"using":"xpath","value":"//button[@data-kt=\"addNewRUOverflowToolbarButton\"]"}
RESULT: {"using":"xpath","value":"//button[@data-kt=\"addNewRUOverflowToolbarButton\"]"}
COMMAND: POST /session/ee8c0ad77c32eb6cf27ae9120157f0fa/elements - {"using":"xpath","value":"//button[@data-kt=\"addNewRUOverflowToolbarButton\"]"}
RESULT: {"using":"xpath","value":"//button[@data-kt=\"addNewRUOverflowToolbarButton\"]"}
COMMAND: POST /session/ee8c0ad77c32eb6cf27ae9120157f0fa/execute/sync - {"script":"<script> [8489 bytes]","args":[{"element-6066-11e4-a52e-4f735466cecf":"f.4EEDEA8BBD1FF6E0A028415A04A49F5E.d.7C02828845492F4AF80D82DCD433690E.e.18169","ELEMENT":"f.4EEDEA8BBD1FF6E0A028415A04A49F5E.d.7C02828845492F4AF80D82DCD433690E.e.18169"}]}
RESULT: {"script":"<script> [8489 bytes]","args":[{"element-6066-11e4-a52e-4f735466cecf":"f.4EEDEA8BBD1FF6E0A028415A04A49F5E.d.7C02828845492F4AF80D82DCD433690E.e.18169","ELEMENT":"f.4EEDEA8BBD1FF6E0A028415A04A49F5E.d.7C02828845492F4AF80D82DCD433690E.e.18169"}]}
COMMAND: GET /session/ee8c0ad77c32eb6cf27ae9120157f0fa/element/f.4EEDEA8BBD1FF6E0A028415A04A49F5E.d.7C02828845492F4AF80D82DCD433690E.e.18169/enabled - {}
COMMAND: GET /session/ee8c0ad77c32eb6cf27ae9120157f0fa/screenshot - {}
RESULT: {}
COMMAND: POST /session/ee8c0ad77c32eb6cf27ae9120157f0fa/execute/sync - {"script":"<script> [8489 bytes]","args":[{"element-6066-11e4-a52e-4f735466cecf":"f.4EEDEA8BBD1FF6E0A028415A04A49F5E.d.7C02828845492F4AF80D82DCD433690E.e.18169","ELEMENT":"f.4EEDEA8BBD1FF6E0A028415A04A49F5E.d.7C02828845492F4AF80D82DCD433690E.e.18169"}]}
COMMAND: GET /session/ee8c0ad77c32eb6cf27ae9120157f0fa/screenshot - {}
RESULT: {}
RESULT: {"script":"<script> [8489 bytes]","args":[{"element-6066-11e4-a52e-4f735466cecf":"f.4EEDEA8BBD1FF6E0A028415A04A49F5E.d.7C02828845492F4AF80D82DCD433690E.e.18169","ELEMENT":"f.4EEDEA8BBD1FF6E0A028415A04A49F5E.d.7C02828845492F4AF80D82DCD433690E.e.18169"}]}
COMMAND: POST /session/ee8c0ad77c32eb6cf27ae9120157f0fa/execute/sync - {"script":"<script> [5351 bytes]","args":[{"element-6066-11e4-a52e-4f735466cecf":"f.4EEDEA8BBD1FF6E0A028415A04A49F5E.d.7C02828845492F4AF80D82DCD433690E.e.18169","ELEMENT":"f.4EEDEA8BBD1FF6E0A028415A04A49F5E.d.7C02828845492F4AF80D82DCD433690E.e.18169"}]}
COMMAND: GET /session/ee8c0ad77c32eb6cf27ae9120157f0fa/screenshot - {}
RESULT: {}
RESULT: {"script":"<script> [5351 bytes]","args":[{"element-6066-11e4-a52e-4f735466cecf":"f.4EEDEA8BBD1FF6E0A028415A04A49F5E.d.7C02828845492F4AF80D82DCD433690E.e.18169","ELEMENT":"f.4EEDEA8BBD1FF6E0A028415A04A49F5E.d.7C02828845492F4AF80D82DCD433690E.e.18169"}]}
COMMAND: POST /session/ee8c0ad77c32eb6cf27ae9120157f0fa/element/f.4EEDEA8BBD1FF6E0A028415A04A49F5E.d.7C02828845492F4AF80D82DCD433690E.e.18169/click - {}
COMMAND: GET /session/ee8c0ad77c32eb6cf27ae9120157f0fa/screenshot - {}
RESULT: {}
RESULT: {}
COMMAND: GET /session/ee8c0ad77c32eb6cf27ae9120157f0fa/screenshot - {}
COMMAND: POST /session/ee8c0ad77c32eb6cf27ae9120157f0fa/execute/async - {"script":"<script> [1562 bytes]","args":[{"selector":{"id":"application-manageresources-display-component---newResourceUnit--TYPE-arrow"},"wdio_ui5_key":"applicationmanageresources-display-component---newResourceUnit--TYPE-arrow"}]}
RESULT: {}
RESULT: {}
RESULT: {"script":"<script> [1562 bytes]","args":[{"selector":{"id":"application-manageresources-display-component---newResourceUnit--TYPE-arrow"},"wdio_ui5_key":"applicationmanageresources-display-component---newResourceUnit--TYPE-arrow"}]}
RESULT: undefined
COMMAND: POST /session/ee8c0ad77c32eb6cf27ae9120157f0fa/element - {"using":"xpath","value":"//*[@id=\"application-manageresources-display-component---newResourceUnit--TYPE-arrow\"]"}
RESULT: {"using":"xpath","value":"//*[@id=\"application-manageresources-display-component---newResourceUnit--TYPE-arrow\"]"}
COMMAND: POST /session/ee8c0ad77c32eb6cf27ae9120157f0fa/element/f.4EEDEA8BBD1FF6E0A028415A04A49F5E.d.7C02828845492F4AF80D82DCD433690E.e.18575/click - {}
RESULT: {}
COMMAND: POST /session/ee8c0ad77c32eb6cf27ae9120157f0fa/element - {"using":"xpath","value":"//input[@id=\"application-manageresources-display-component---newResourceUnit--TYPE-inner\"]"}
COMMAND: GET /session/ee8c0ad77c32eb6cf27ae9120157f0fa/screenshot - {}
RESULT: {"using":"xpath","value":"//input[@id=\"application-manageresources-display-component---newResourceUnit--TYPE-inner\"]"}
COMMAND: POST /session/ee8c0ad77c32eb6cf27ae9120157f0fa/element/f.4EEDEA8BBD1FF6E0A028415A04A49F5E.d.7C02828845492F4AF80D82DCD433690E.e.18572/clear - {}
RESULT: {}
RESULT: {}
COMMAND: POST /session/ee8c0ad77c32eb6cf27ae9120157f0fa/element/f.4EEDEA8BBD1FF6E0A028415A04A49F5E.d.7C02828845492F4AF80D82DCD433690E.e.18572/value - {"text":"Equipment"}
COMMAND: GET /session/ee8c0ad77c32eb6cf27ae9120157f0fa/screenshot - {}
RESULT: {"text":"Equipment"}
COMMAND: GET /session/ee8c0ad77c32eb6cf27ae9120157f0fa/screenshot - {}
RESULT: {}
RESULT: {}
COMMAND: POST /session/ee8c0ad77c32eb6cf27ae9120157f0fa/actions - {"actions":[{"id":"action66","type":"key","parameters":{},"actions":[{"type":"keyDown","value":"î€‡"},{"type":"pause","duration":10},{"type":"keyUp","value":"î€‡"}]}]}
RESULT: {"actions":[{"id":"action66","type":"key","parameters":{},"actions":[{"type":"keyDown","value":"î€‡"},{"type":"pause","duration":10},{"type":"keyUp","value":"î€‡"}]}]}
COMMAND: POST /session/ee8c0ad77c32eb6cf27ae9120157f0fa/execute/async - {"script":"<script> [1562 bytes]","args":[{"selector":{"id":"application-manageresources-display-component---newResourceUnit--resourceId","interaction":{"idSuffix":"inner"}},"wdio_ui5_key":"applicationmanageresources-display-component---newResourceUnit--resourceId"}]}
COMMAND: GET /session/ee8c0ad77c32eb6cf27ae9120157f0fa/screenshot - {}
RESULT: {"script":"<script> [1562 bytes]","args":[{"selector":{"id":"application-manageresources-display-component---newResourceUnit--resourceId","interaction":{"idSuffix":"inner"}},"wdio_ui5_key":"applicationmanageresources-display-component---newResourceUnit--resourceId"}]}
RESULT: undefined
COMMAND: POST /session/ee8c0ad77c32eb6cf27ae9120157f0fa/execute/async - {"script":"<script> [776 bytes]","args":[{"enterText":"1BMomGyo8u","selector":{"id":"application-manageresources-display-component---newResourceUnit--resourceId","interaction":{"idSuffix":"inner"}},"clearTextFirst":true,"interactionType":"ENTER_TEXT"}]}
RESULT: {}
RESULT: {"script":"<script> [776 bytes]","args":[{"enterText":"1BMomGyo8u","selector":{"id":"application-manageresources-display-component---newResourceUnit--resourceId","interaction":{"idSuffix":"inner"}},"clearTextFirst":true,"interactionType":"ENTER_TEXT"}]}
COMMAND: POST /session/ee8c0ad77c32eb6cf27ae9120157f0fa/execute/async - {"script":"<script> [1562 bytes]","args":[{"selector":{"id":"application-manageresources-display-component---newResourceUnit--SHORT_TEXT","interaction":{"idSuffix":"inner"}},"wdio_ui5_key":"applicationmanageresources-display-component---newResourceUnit--SHORT_TEXT"}]}
RESULT: {"script":"<script> [1562 bytes]","args":[{"selector":{"id":"application-manageresources-display-component---newResourceUnit--SHORT_TEXT","interaction":{"idSuffix":"inner"}},"wdio_ui5_key":"applicationmanageresources-display-component---newResourceUnit--SHORT_TEXT"}]}
RESULT: undefined
COMMAND: POST /session/ee8c0ad77c32eb6cf27ae9120157f0fa/execute/async - {"script":"<script> [776 bytes]","args":[{"enterText":"Intercompany Equipment WDIO","selector":{"id":"application-manageresources-display-component---newResourceUnit--SHORT_TEXT","interaction":{"idSuffix":"inner"}},"clearTextFirst":true,"interactionType":"ENTER_TEXT"}]}
RESULT: {"script":"<script> [776 bytes]","args":[{"enterText":"Intercompany Equipment WDIO","selector":{"id":"application-manageresources-display-component---newResourceUnit--SHORT_TEXT","interaction":{"idSuffix":"inner"}},"clearTextFirst":true,"interactionType":"ENTER_TEXT"}]}
COMMAND: POST /session/ee8c0ad77c32eb6cf27ae9120157f0fa/execute/async - {"script":"<script> [1562 bytes]","args":[{"selector":{"id":"application-manageresources-display-component---newResourceUnit--BASE_UNIT_OF_MEASURE","interaction":{"idSuffix":"inner"}},"wdio_ui5_key":"applicationmanageresources-display-component---newResourceUnit--BASE_UNIT_OF_MEASURE"}]}
RESULT: {"script":"<script> [1562 bytes]","args":[{"selector":{"id":"application-manageresources-display-component---newResourceUnit--BASE_UNIT_OF_MEASURE","interaction":{"idSuffix":"inner"}},"wdio_ui5_key":"applicationmanageresources-display-component---newResourceUnit--BASE_UNIT_OF_MEASURE"}]}
RESULT: undefined
COMMAND: POST /session/ee8c0ad77c32eb6cf27ae9120157f0fa/execute/async - {"script":"<script> [776 bytes]","args":[{"enterText":"Piece","selector":{"id":"application-manageresources-display-component---newResourceUnit--BASE_UNIT_OF_MEASURE","interaction":{"idSuffix":"inner"}},"clearTextFirst":true,"interactionType":"ENTER_TEXT"}]}
RESULT: {"script":"<script> [776 bytes]","args":[{"enterText":"Piece","selector":{"id":"application-manageresources-display-component---newResourceUnit--BASE_UNIT_OF_MEASURE","interaction":{"idSuffix":"inner"}},"clearTextFirst":true,"interactionType":"ENTER_TEXT"}]}
COMMAND: POST /session/ee8c0ad77c32eb6cf27ae9120157f0fa/execute/async - {"script":"<script> [1562 bytes]","args":[{"selector":{"id":"application-manageresources-display-component---newResourceUnit--WEIGHT_UNIT","interaction":{"idSuffix":"inner"}},"wdio_ui5_key":"applicationmanageresources-display-component---newResourceUnit--WEIGHT_UNIT"}]}
RESULT: {"script":"<script> [1562 bytes]","args":[{"selector":{"id":"application-manageresources-display-component---newResourceUnit--WEIGHT_UNIT","interaction":{"idSuffix":"inner"}},"wdio_ui5_key":"applicationmanageresources-display-component---newResourceUnit--WEIGHT_UNIT"}]}
RESULT: undefined
COMMAND: POST /session/ee8c0ad77c32eb6cf27ae9120157f0fa/execute/async - {"script":"<script> [776 bytes]","args":[{"enterText":"Gram","selector":{"id":"application-manageresources-display-component---newResourceUnit--WEIGHT_UNIT","interaction":{"idSuffix":"inner"}},"clearTextFirst":true,"interactionType":"ENTER_TEXT"}]}
RESULT: {"script":"<script> [776 bytes]","args":[{"enterText":"Gram","selector":{"id":"application-manageresources-display-component---newResourceUnit--WEIGHT_UNIT","interaction":{"idSuffix":"inner"}},"clearTextFirst":true,"interactionType":"ENTER_TEXT"}]}
COMMAND: POST /session/ee8c0ad77c32eb6cf27ae9120157f0fa/execute/async - {"script":"<script> [1562 bytes]","args":[{"selector":{"id":"application-manageresources-display-component---newResourceUnit--DIMENSION_UNIT","interaction":{"idSuffix":"inner"}},"wdio_ui5_key":"applicationmanageresources-display-component---newResourceUnit--DIMENSION_UNIT"}]}
RESULT: {"script":"<script> [1562 bytes]","args":[{"selector":{"id":"application-manageresources-display-component---newResourceUnit--DIMENSION_UNIT","interaction":{"idSuffix":"inner"}},"wdio_ui5_key":"applicationmanageresources-display-component---newResourceUnit--DIMENSION_UNIT"}]}
RESULT: undefined
COMMAND: POST /session/ee8c0ad77c32eb6cf27ae9120157f0fa/execute/async - {"script":"<script> [776 bytes]","args":[{"enterText":"Meter","selector":{"id":"application-manageresources-display-component---newResourceUnit--DIMENSION_UNIT","interaction":{"idSuffix":"inner"}},"clearTextFirst":true,"interactionType":"ENTER_TEXT"}]}
RESULT: {"script":"<script> [776 bytes]","args":[{"enterText":"Meter","selector":{"id":"application-manageresources-display-component---newResourceUnit--DIMENSION_UNIT","interaction":{"idSuffix":"inner"}},"clearTextFirst":true,"interactionType":"ENTER_TEXT"}]}
COMMAND: POST /session/ee8c0ad77c32eb6cf27ae9120157f0fa/execute/async - {"script":"<script> [1562 bytes]","args":[{"selector":{"id":"application-manageresources-display-component---newResourceUnit--newRRUPage-anchBar-application-manageresources-display-component---newResourceUnit--control-anchor","interaction":{"idSuffix":"BDI-content"}},"wdio_ui5_key":"applicationmanageresources-display-component---newResourceUnit--newRRUPage-anchBar-application-manageresources-display-component---newResourceUnit--control-anchor"}]}
RESULT: {"script":"<script> [1562 bytes]","args":[{"selector":{"id":"application-manageresources-display-component---newResourceUnit--newRRUPage-anchBar-application-manageresources-display-component---newResourceUnit--control-anchor","interaction":{"idSuffix":"BDI-content"}},"wdio_ui5_key":"applicationmanageresources-display-component---newResourceUnit--newRRUPage-anchBar-application-manageresources-display-component---newResourceUnit--control-anchor"}]}
RESULT: undefined
COMMAND: POST /session/ee8c0ad77c32eb6cf27ae9120157f0fa/element - {"using":"xpath","value":"//*[@id=\"application-manageresources-display-component---newResourceUnit--newRRUPage-anchBar-application-manageresources-display-component---newResourceUnit--control-anchor\"]"}
RESULT: {"using":"xpath","value":"//*[@id=\"application-manageresources-display-component---newResourceUnit--newRRUPage-anchBar-application-manageresources-display-component---newResourceUnit--control-anchor\"]"}
COMMAND: POST /session/ee8c0ad77c32eb6cf27ae9120157f0fa/element/f.4EEDEA8BBD1FF6E0A028415A04A49F5E.d.7C02828845492F4AF80D82DCD433690E.e.18708/click - {}
RESULT: {}
COMMAND: POST /session/ee8c0ad77c32eb6cf27ae9120157f0fa/execute/async - {"script":"<script> [1562 bytes]","args":[{"selector":{"id":"application-manageresources-display-component---newResourceUnit--PLANNING_GROUP","interaction":{"idSuffix":"inner"}},"wdio_ui5_key":"applicationmanageresources-display-component---newResourceUnit--PLANNING_GROUP"}]}
COMMAND: GET /session/ee8c0ad77c32eb6cf27ae9120157f0fa/screenshot - {}
RESULT: {"script":"<script> [1562 bytes]","args":[{"selector":{"id":"application-manageresources-display-component---newResourceUnit--PLANNING_GROUP","interaction":{"idSuffix":"inner"}},"wdio_ui5_key":"applicationmanageresources-display-component---newResourceUnit--PLANNING_GROUP"}]}
RESULT: undefined
COMMAND: POST /session/ee8c0ad77c32eb6cf27ae9120157f0fa/execute/async - {"script":"<script> [776 bytes]","args":[{"enterText":"Heavy Equi","selector":{"id":"application-manageresources-display-component---newResourceUnit--PLANNING_GROUP","interaction":{"idSuffix":"inner"}},"clearTextFirst":true,"interactionType":"ENTER_TEXT"}]}
RESULT: {}
RESULT: {"script":"<script> [776 bytes]","args":[{"enterText":"Heavy Equi","selector":{"id":"application-manageresources-display-component---newResourceUnit--PLANNING_GROUP","interaction":{"idSuffix":"inner"}},"clearTextFirst":true,"interactionType":"ENTER_TEXT"}]}
COMMAND: POST /session/ee8c0ad77c32eb6cf27ae9120157f0fa/execute/async - {"script":"<script> [1562 bytes]","args":[{"selector":{"id":"application-manageresources-display-component---newResourceUnit--ITEM_TYPE-arrow"},"wdio_ui5_key":"applicationmanageresources-display-component---newResourceUnit--ITEM_TYPE-arrow"}]}
RESULT: {"script":"<script> [1562 bytes]","args":[{"selector":{"id":"application-manageresources-display-component---newResourceUnit--ITEM_TYPE-arrow"},"wdio_ui5_key":"applicationmanageresources-display-component---newResourceUnit--ITEM_TYPE-arrow"}]}
RESULT: undefined
COMMAND: POST /session/ee8c0ad77c32eb6cf27ae9120157f0fa/element - {"using":"xpath","value":"//*[@id=\"application-manageresources-display-component---newResourceUnit--ITEM_TYPE-arrow\"]"}
RESULT: {"using":"xpath","value":"//*[@id=\"application-manageresources-display-component---newResourceUnit--ITEM_TYPE-arrow\"]"}
COMMAND: POST /session/ee8c0ad77c32eb6cf27ae9120157f0fa/element/f.4EEDEA8BBD1FF6E0A028415A04A49F5E.d.7C02828845492F4AF80D82DCD433690E.e.18717/click - {}
RESULT: {}
COMMAND: POST /session/ee8c0ad77c32eb6cf27ae9120157f0fa/element - {"using":"xpath","value":"(//span[contains(text(), \"Resource Unit\")])[2]"}
COMMAND: GET /session/ee8c0ad77c32eb6cf27ae9120157f0fa/screenshot - {}
RESULT: {"using":"xpath","value":"(//span[contains(text(), \"Resource Unit\")])[2]"}
COMMAND: POST /session/ee8c0ad77c32eb6cf27ae9120157f0fa/element/f.4EEDEA8BBD1FF6E0A028415A04A49F5E.d.7C02828845492F4AF80D82DCD433690E.e.18718/click - {}
RESULT: {}
RESULT: {}
COMMAND: GET /session/ee8c0ad77c32eb6cf27ae9120157f0fa/screenshot - {}
RESULT: {}
COMMAND: POST /session/ee8c0ad77c32eb6cf27ae9120157f0fa/element - {"using":"css selector","value":"#application-manageresources-display-component---newResourceUnit--btnAddTimeSegment"}
RESULT: {"using":"css selector","value":"#application-manageresources-display-component---newResourceUnit--btnAddTimeSegment"}
COMMAND: GET /session/ee8c0ad77c32eb6cf27ae9120157f0fa/element/f.4EEDEA8BBD1FF6E0A028415A04A49F5E.d.7C02828845492F4AF80D82DCD433690E.e.18719/rect - {}
RESULT: {}
COMMAND: GET /session/ee8c0ad77c32eb6cf27ae9120157f0fa/window/rect - {}
RESULT: {}
COMMAND: POST /session/ee8c0ad77c32eb6cf27ae9120157f0fa/execute/sync - {"script":"<script> [92 bytes]","args":[]}
RESULT: {"script":"<script> [92 bytes]","args":[]}
COMMAND: POST /session/ee8c0ad77c32eb6cf27ae9120157f0fa/actions - {"actions":[{"id":"action67","type":"wheel","parameters":{},"actions":[{"type":"scroll","x":-1888,"y":-32,"deltaX":0,"deltaY":0,"duration":0,"origin":{"element-6066-11e4-a52e-4f735466cecf":"f.4EEDEA8BBD1FF6E0A028415A04A49F5E.d.7C02828845492F4AF80D82DCD433690E.e.18719"}}]}]}
COMMAND: GET /session/ee8c0ad77c32eb6cf27ae9120157f0fa/screenshot - {}
RESULT: {}
COMMAND: POST /session/ee8c0ad77c32eb6cf27ae9120157f0fa/execute/sync - {"script":"<script> [79 bytes]","args":[{"element-6066-11e4-a52e-4f735466cecf":"f.4EEDEA8BBD1FF6E0A028415A04A49F5E.d.7C02828845492F4AF80D82DCD433690E.e.18719","ELEMENT":"f.4EEDEA8BBD1FF6E0A028415A04A49F5E.d.7C02828845492F4AF80D82DCD433690E.e.18719"},{"block":"start","inline":"nearest"}]}
RESULT: {"script":"<script> [79 bytes]","args":[{"element-6066-11e4-a52e-4f735466cecf":"f.4EEDEA8BBD1FF6E0A028415A04A49F5E.d.7C02828845492F4AF80D82DCD433690E.e.18719","ELEMENT":"f.4EEDEA8BBD1FF6E0A028415A04A49F5E.d.7C02828845492F4AF80D82DCD433690E.e.18719"},{"block":"start","inline":"nearest"}]}
COMMAND: POST /session/ee8c0ad77c32eb6cf27ae9120157f0fa/execute/async - {"script":"<script> [1562 bytes]","args":[{"selector":{"id":"application-manageresources-display-component---newResourceUnit--btnAddTimeSegment","interaction":{"idSuffix":"inner"}},"wdio_ui5_key":"applicationmanageresources-display-component---newResourceUnit--btnAddTimeSegment"}]}
COMMAND: GET /session/ee8c0ad77c32eb6cf27ae9120157f0fa/screenshot - {}
RESULT: {"script":"<script> [1562 bytes]","args":[{"selector":{"id":"application-manageresources-display-component---newResourceUnit--btnAddTimeSegment","interaction":{"idSuffix":"inner"}},"wdio_ui5_key":"applicationmanageresources-display-component---newResourceUnit--btnAddTimeSegment"}]}
RESULT: undefined
COMMAND: POST /session/ee8c0ad77c32eb6cf27ae9120157f0fa/element - {"using":"xpath","value":"//*[@id=\"application-manageresources-display-component---newResourceUnit--btnAddTimeSegment\"]"}
RESULT: {}
RESULT: {"using":"xpath","value":"//*[@id=\"application-manageresources-display-component---newResourceUnit--btnAddTimeSegment\"]"}
COMMAND: POST /session/ee8c0ad77c32eb6cf27ae9120157f0fa/element/f.4EEDEA8BBD1FF6E0A028415A04A49F5E.d.7C02828845492F4AF80D82DCD433690E.e.18719/click - {}
RESULT: {}
COMMAND: GET /session/ee8c0ad77c32eb6cf27ae9120157f0fa/screenshot - {}
RESULT: {}
COMMAND: POST /session/ee8c0ad77c32eb6cf27ae9120157f0fa/element - {"using":"xpath","value":"//input[@id=\"application-manageresources-display-component---newResourceUnit--idRuTSAdmin-application-manageresources-display-component---newResourceUnit--RUTimeSegment-0-inner\"]"}
RESULT: {"using":"xpath","value":"//input[@id=\"application-manageresources-display-component---newResourceUnit--idRuTSAdmin-application-manageresources-display-component---newResourceUnit--RUTimeSegment-0-inner\"]"}
COMMAND: POST /session/ee8c0ad77c32eb6cf27ae9120157f0fa/element/f.4EEDEA8BBD1FF6E0A028415A04A49F5E.d.7C02828845492F4AF80D82DCD433690E.e.18725/clear - {}
RESULT: {}
COMMAND: POST /session/ee8c0ad77c32eb6cf27ae9120157f0fa/element/f.4EEDEA8BBD1FF6E0A028415A04A49F5E.d.7C02828845492F4AF80D82DCD433690E.e.18725/value - {"text":"364"}
COMMAND: GET /session/ee8c0ad77c32eb6cf27ae9120157f0fa/screenshot - {}
RESULT: {"text":"364"}
COMMAND: GET /session/ee8c0ad77c32eb6cf27ae9120157f0fa/screenshot - {}
RESULT: {}
RESULT: {}
COMMAND: POST /session/ee8c0ad77c32eb6cf27ae9120157f0fa/element - {"using":"xpath","value":"//li[.//span[text()='364']]"}
RESULT: {"using":"xpath","value":"//li[.//span[text()='364']]"}
COMMAND: POST /session/ee8c0ad77c32eb6cf27ae9120157f0fa/element/f.4EEDEA8BBD1FF6E0A028415A04A49F5E.d.7C02828845492F4AF80D82DCD433690E.e.18738/click - {}
RESULT: {}
COMMAND: GET /session/ee8c0ad77c32eb6cf27ae9120157f0fa/screenshot - {}
RESULT: {}
COMMAND: POST /session/ee8c0ad77c32eb6cf27ae9120157f0fa/element - {"using":"xpath","value":"(//span[contains(@id, \"-application-manageresources-display-component---newResourceUnit--RUTimeSegment-0-arrow\")])[6]"}
RESULT: {"using":"xpath","value":"(//span[contains(@id, \"-application-manageresources-display-component---newResourceUnit--RUTimeSegment-0-arrow\")])[6]"}
COMMAND: POST /session/ee8c0ad77c32eb6cf27ae9120157f0fa/element/f.4EEDEA8BBD1FF6E0A028415A04A49F5E.d.7C02828845492F4AF80D82DCD433690E.e.18739/click - {}
RESULT: {}
COMMAND: GET /session/ee8c0ad77c32eb6cf27ae9120157f0fa/screenshot - {}
RESULT: {}
COMMAND: POST /session/ee8c0ad77c32eb6cf27ae9120157f0fa/element - {"using":"xpath","value":"//span[contains(text(), \"PM Order\")]"}
RESULT: {"using":"xpath","value":"//span[contains(text(), \"PM Order\")]"}
COMMAND: POST /session/ee8c0ad77c32eb6cf27ae9120157f0fa/element/f.4EEDEA8BBD1FF6E0A028415A04A49F5E.d.7C02828845492F4AF80D82DCD433690E.e.18742/click - {}
RESULT: {}
COMMAND: GET /session/ee8c0ad77c32eb6cf27ae9120157f0fa/screenshot - {}
RESULT: {}
COMMAND: POST /session/ee8c0ad77c32eb6cf27ae9120157f0fa/element - {"using":"xpath","value":"(//span[contains(@id ,\"manageresources-display-component---newResourceUnit--RUTimeSegment-0-vhi\")])[1]"}
RESULT: {"using":"xpath","value":"(//span[contains(@id ,\"manageresources-display-component---newResourceUnit--RUTimeSegment-0-vhi\")])[1]"}
COMMAND: GET /session/ee8c0ad77c32eb6cf27ae9120157f0fa/element/f.4EEDEA8BBD1FF6E0A028415A04A49F5E.d.7C02828845492F4AF80D82DCD433690E.e.18746/rect - {}
RESULT: {}
COMMAND: GET /session/ee8c0ad77c32eb6cf27ae9120157f0fa/window/rect - {}
RESULT: {}
COMMAND: POST /session/ee8c0ad77c32eb6cf27ae9120157f0fa/execute/sync - {"script":"<script> [92 bytes]","args":[]}
RESULT: {"script":"<script> [92 bytes]","args":[]}
COMMAND: POST /session/ee8c0ad77c32eb6cf27ae9120157f0fa/actions - {"actions":[{"id":"action68","type":"wheel","parameters":{},"actions":[{"type":"scroll","x":-869,"y":-24,"deltaX":0,"deltaY":0,"duration":0,"origin":{"element-6066-11e4-a52e-4f735466cecf":"f.4EEDEA8BBD1FF6E0A028415A04A49F5E.d.7C02828845492F4AF80D82DCD433690E.e.18746"}}]}]}
COMMAND: GET /session/ee8c0ad77c32eb6cf27ae9120157f0fa/screenshot - {}
RESULT: {"actions":[{"id":"action68","type":"wheel","parameters":{},"actions":[{"type":"scroll","x":-869,"y":-24,"deltaX":0,"deltaY":0,"duration":0,"origin":{"element-6066-11e4-a52e-4f735466cecf":"f.4EEDEA8BBD1FF6E0A028415A04A49F5E.d.7C02828845492F4AF80D82DCD433690E.e.18746"}}]}]}
COMMAND: DELETE /session/ee8c0ad77c32eb6cf27ae9120157f0fa/actions - {}
COMMAND: GET /session/ee8c0ad77c32eb6cf27ae9120157f0fa/screenshot - {}
RESULT: {}
RESULT: {}
COMMAND: GET /session/ee8c0ad77c32eb6cf27ae9120157f0fa/screenshot - {}
RESULT: {}
RESULT: {}
COMMAND: POST /session/ee8c0ad77c32eb6cf27ae9120157f0fa/element/f.4EEDEA8BBD1FF6E0A028415A04A49F5E.d.7C02828845492F4AF80D82DCD433690E.e.18746/click - {}
RESULT: {}
COMMAND: GET /session/ee8c0ad77c32eb6cf27ae9120157f0fa/screenshot - {}
RESULT: {}
COMMAND: POST /session/ee8c0ad77c32eb6cf27ae9120157f0fa/execute/async - {"script":"<script> [1562 bytes]","args":[{"selector":{"controlType":"sap.m.SearchField","properties":{"placeholder":"Search"},"searchOpenDialogs":true,"interaction":{"idSuffix":"I"}},"wdio_ui5_key":"sapm.SearchField{\"placeholder\":\"Search\"}"}]}
RESULT: {"script":"<script> [1562 bytes]","args":[{"selector":{"controlType":"sap.m.SearchField","properties":{"placeholder":"Search"},"searchOpenDialogs":true,"interaction":{"idSuffix":"I"}},"wdio_ui5_key":"sapm.SearchField{\"placeholder\":\"Search\"}"}]}
RESULT: undefined
COMMAND: POST /session/ee8c0ad77c32eb6cf27ae9120157f0fa/execute/async - {"script":"<script> [776 bytes]","args":[{"enterText":"4000360","selector":{"controlType":"sap.m.SearchField","properties":{"placeholder":"Search"},"searchOpenDialogs":true,"interaction":{"idSuffix":"I"}},"clearTextFirst":true,"interactionType":"ENTER_TEXT"}]}
RESULT: {"script":"<script> [776 bytes]","args":[{"enterText":"4000360","selector":{"controlType":"sap.m.SearchField","properties":{"placeholder":"Search"},"searchOpenDialogs":true,"interaction":{"idSuffix":"I"}},"clearTextFirst":true,"interactionType":"ENTER_TEXT"}]}
COMMAND: POST /session/ee8c0ad77c32eb6cf27ae9120157f0fa/actions - {"actions":[{"id":"action69","type":"key","parameters":{},"actions":[{"type":"keyDown","value":"î€‡"},{"type":"pause","duration":10},{"type":"keyUp","value":"î€‡"}]}]}
RESULT: {"actions":[{"id":"action69","type":"key","parameters":{},"actions":[{"type":"keyDown","value":"î€‡"},{"type":"pause","duration":10},{"type":"keyUp","value":"î€‡"}]}]}
COMMAND: GET /session/ee8c0ad77c32eb6cf27ae9120157f0fa/screenshot - {}
RESULT: {}
COMMAND: POST /session/ee8c0ad77c32eb6cf27ae9120157f0fa/element - {"using":"xpath","value":"//td/div/span[contains(text(), \"BGL Vehicles\")]"}
RESULT: {"using":"xpath","value":"//td/div/span[contains(text(), \"BGL Vehicles\")]"}
COMMAND: POST /session/ee8c0ad77c32eb6cf27ae9120157f0fa/element/f.4EEDEA8BBD1FF6E0A028415A04A49F5E.d.7C02828845492F4AF80D82DCD433690E.e.18769/click - {}
RESULT: {}
COMMAND: GET /session/ee8c0ad77c32eb6cf27ae9120157f0fa/screenshot - {}
RESULT: {}
COMMAND: POST /session/ee8c0ad77c32eb6cf27ae9120157f0fa/element - {"using":"xpath","value":"//bdi[contains(text(), \"OK\")]"}
RESULT: {"using":"xpath","value":"//bdi[contains(text(), \"OK\")]"}
COMMAND: POST /session/ee8c0ad77c32eb6cf27ae9120157f0fa/element/f.4EEDEA8BBD1FF6E0A028415A04A49F5E.d.7C02828845492F4AF80D82DCD433690E.e.18770/click - {}
RESULT: {}
COMMAND: GET /session/ee8c0ad77c32eb6cf27ae9120157f0fa/screenshot - {}
RESULT: {}
COMMAND: POST /session/ee8c0ad77c32eb6cf27ae9120157f0fa/execute/async - {"script":"<script> [1562 bytes]","args":[{"selector":{"id":"application-manageresources-display-component---newResourceUnit--newRRUPage-anchBar-application-manageresources-display-component---newResourceUnit--resource-anchor","interaction":{"idSuffix":"BDI-content"}},"wdio_ui5_key":"applicationmanageresources-display-component---newResourceUnit--newRRUPage-anchBar-application-manageresources-display-component---newResourceUnit--resource-anchor"}]}
RESULT: {"script":"<script> [1562 bytes]","args":[{"selector":{"id":"application-manageresources-display-component---newResourceUnit--newRRUPage-anchBar-application-manageresources-display-component---newResourceUnit--resource-anchor","interaction":{"idSuffix":"BDI-content"}},"wdio_ui5_key":"applicationmanageresources-display-component---newResourceUnit--newRRUPage-anchBar-application-manageresources-display-component---newResourceUnit--resource-anchor"}]}
RESULT: undefined
COMMAND: POST /session/ee8c0ad77c32eb6cf27ae9120157f0fa/element - {"using":"xpath","value":"//*[@id=\"application-manageresources-display-component---newResourceUnit--newRRUPage-anchBar-application-manageresources-display-component---newResourceUnit--resource-anchor\"]"}
RESULT: {"using":"xpath","value":"//*[@id=\"application-manageresources-display-component---newResourceUnit--newRRUPage-anchBar-application-manageresources-display-component---newResourceUnit--resource-anchor\"]"}
COMMAND: POST /session/ee8c0ad77c32eb6cf27ae9120157f0fa/element/f.4EEDEA8BBD1FF6E0A028415A04A49F5E.d.7C02828845492F4AF80D82DCD433690E.e.18774/click - {}
RESULT: {}
COMMAND: POST /session/ee8c0ad77c32eb6cf27ae9120157f0fa/execute/async - {"script":"<script> [1562 bytes]","args":[{"selector":{"id":"application-manageresources-display-component---newResourceUnit--PLANNED_DELIVERY_DATE","interaction":{"idSuffix":"inner"}},"wdio_ui5_key":"applicationmanageresources-display-component---newResourceUnit--PLANNED_DELIVERY_DATE"}]}
COMMAND: GET /session/ee8c0ad77c32eb6cf27ae9120157f0fa/screenshot - {}
RESULT: {"script":"<script> [1562 bytes]","args":[{"selector":{"id":"application-manageresources-display-component---newResourceUnit--PLANNED_DELIVERY_DATE","interaction":{"idSuffix":"inner"}},"wdio_ui5_key":"applicationmanageresources-display-component---newResourceUnit--PLANNED_DELIVERY_DATE"}]}
RESULT: undefined
COMMAND: POST /session/ee8c0ad77c32eb6cf27ae9120157f0fa/execute/async - {"script":"<script> [6424 bytes]","args":[{"element-6066-11e4-a52e-4f735466cecf":"f.4EEDEA8BBD1FF6E0A028415A04A49F5E.d.7C02828845492F4AF80D82DCD433690E.e.18632"},"setValue",["5/14/25"]]}
RESULT: {}
RESULT: {"script":"<script> [6424 bytes]","args":[{"element-6066-11e4-a52e-4f735466cecf":"f.4EEDEA8BBD1FF6E0A028415A04A49F5E.d.7C02828845492F4AF80D82DCD433690E.e.18632"},"setValue",["5/14/25"]]}
COMMAND: POST /session/ee8c0ad77c32eb6cf27ae9120157f0fa/element - {"using":"xpath","value":"//label[contains(@class, 'sapMLabelRequired') and .//bdi[contains(text(), 'Planned Retirement')]]"}
RESULT: {"using":"xpath","value":"//label[contains(@class, 'sapMLabelRequired') and .//bdi[contains(text(), 'Planned Retirement')]]"}
COMMAND: POST /session/ee8c0ad77c32eb6cf27ae9120157f0fa/elements - {"using":"xpath","value":"//label[contains(@class, 'sapMLabelRequired') and .//bdi[contains(text(), 'Planned Retirement')]]"}
RESULT: {"using":"xpath","value":"//label[contains(@class, 'sapMLabelRequired') and .//bdi[contains(text(), 'Planned Retirement')]]"}
COMMAND: POST /session/ee8c0ad77c32eb6cf27ae9120157f0fa/element - {"using":"xpath","value":"//button[@data-kt=\"resourceUnitSaveButton\"]"}
RESULT: {"using":"xpath","value":"//button[@data-kt=\"resourceUnitSaveButton\"]"}
COMMAND: POST /session/ee8c0ad77c32eb6cf27ae9120157f0fa/element/f.4EEDEA8BBD1FF6E0A028415A04A49F5E.d.7C02828845492F4AF80D82DCD433690E.e.18592/click - {}
RESULT: {}
COMMAND: GET /session/ee8c0ad77c32eb6cf27ae9120157f0fa/screenshot - {}
RESULT: {}
COMMAND: POST /session/ee8c0ad77c32eb6cf27ae9120157f0fa/element - {"using":"xpath","value":"//bdi[contains(text(), \"Close\")]"}
RESULT: {"using":"xpath","value":"//bdi[contains(text(), \"Close\")]"}
COMMAND: POST /session/ee8c0ad77c32eb6cf27ae9120157f0fa/element/f.4EEDEA8BBD1FF6E0A028415A04A49F5E.d.7C02828845492F4AF80D82DCD433690E.e.18782/click - {}
RESULT: {}
COMMAND: GET /session/ee8c0ad77c32eb6cf27ae9120157f0fa/screenshot - {}
RESULT: {}
COMMAND: POST /session/ee8c0ad77c32eb6cf27ae9120157f0fa/element - {"using":"xpath","value":"(//button[contains(@id ,\"actionsToolbar-overflowButton\")])[1]"}
RESULT: {"using":"xpath","value":"(//button[contains(@id ,\"actionsToolbar-overflowButton\")])[1]"}
COMMAND: POST /session/ee8c0ad77c32eb6cf27ae9120157f0fa/element/f.4EEDEA8BBD1FF6E0A028415A04A49F5E.d.7C02828845492F4AF80D82DCD433690E.e.18837/click - {}
RESULT: {}
COMMAND: GET /session/ee8c0ad77c32eb6cf27ae9120157f0fa/screenshot - {}
RESULT: {}
COMMAND: POST /session/ee8c0ad77c32eb6cf27ae9120157f0fa/element - {"using":"xpath","value":"//button[@data-kt=\"priceInfoButton\"]"}
RESULT: {"using":"xpath","value":"//button[@data-kt=\"priceInfoButton\"]"}
COMMAND: POST /session/ee8c0ad77c32eb6cf27ae9120157f0fa/element/f.4EEDEA8BBD1FF6E0A028415A04A49F5E.d.7C02828845492F4AF80D82DCD433690E.e.18839/click - {}
RESULT: {}
COMMAND: GET /session/ee8c0ad77c32eb6cf27ae9120157f0fa/screenshot - {}
RESULT: {}
]]></system-out>
    </testcase>
    <testcase classname="chrome.136_0_7103_49.windows.Billing_Calculation_-_Time_based_(considering_transport_times)_US139738" name="Should create new pricing rule for the equipment" time="55.959">
      <system-out><![CDATA[
COMMAND: POST /session/ee8c0ad77c32eb6cf27ae9120157f0fa/element - {"using":"xpath","value":"//button[@data-kt=\"addButton\"]"}
RESULT: {"using":"xpath","value":"//button[@data-kt=\"addButton\"]"}
COMMAND: POST /session/ee8c0ad77c32eb6cf27ae9120157f0fa/elements - {"using":"xpath","value":"//button[@data-kt=\"addButton\"]"}
RESULT: {"using":"xpath","value":"//button[@data-kt=\"addButton\"]"}
COMMAND: POST /session/ee8c0ad77c32eb6cf27ae9120157f0fa/execute/sync - {"script":"<script> [8489 bytes]","args":[{"element-6066-11e4-a52e-4f735466cecf":"f.4EEDEA8BBD1FF6E0A028415A04A49F5E.d.7C02828845492F4AF80D82DCD433690E.e.18876","ELEMENT":"f.4EEDEA8BBD1FF6E0A028415A04A49F5E.d.7C02828845492F4AF80D82DCD433690E.e.18876"}]}
RESULT: {"script":"<script> [8489 bytes]","args":[{"element-6066-11e4-a52e-4f735466cecf":"f.4EEDEA8BBD1FF6E0A028415A04A49F5E.d.7C02828845492F4AF80D82DCD433690E.e.18876","ELEMENT":"f.4EEDEA8BBD1FF6E0A028415A04A49F5E.d.7C02828845492F4AF80D82DCD433690E.e.18876"}]}
COMMAND: GET /session/ee8c0ad77c32eb6cf27ae9120157f0fa/element/f.4EEDEA8BBD1FF6E0A028415A04A49F5E.d.7C02828845492F4AF80D82DCD433690E.e.18876/enabled - {}
COMMAND: GET /session/ee8c0ad77c32eb6cf27ae9120157f0fa/screenshot - {}
RESULT: {}
COMMAND: POST /session/ee8c0ad77c32eb6cf27ae9120157f0fa/execute/sync - {"script":"<script> [8489 bytes]","args":[{"element-6066-11e4-a52e-4f735466cecf":"f.4EEDEA8BBD1FF6E0A028415A04A49F5E.d.7C02828845492F4AF80D82DCD433690E.e.18876","ELEMENT":"f.4EEDEA8BBD1FF6E0A028415A04A49F5E.d.7C02828845492F4AF80D82DCD433690E.e.18876"}]}
COMMAND: GET /session/ee8c0ad77c32eb6cf27ae9120157f0fa/screenshot - {}
RESULT: {}
RESULT: {"script":"<script> [8489 bytes]","args":[{"element-6066-11e4-a52e-4f735466cecf":"f.4EEDEA8BBD1FF6E0A028415A04A49F5E.d.7C02828845492F4AF80D82DCD433690E.e.18876","ELEMENT":"f.4EEDEA8BBD1FF6E0A028415A04A49F5E.d.7C02828845492F4AF80D82DCD433690E.e.18876"}]}
COMMAND: POST /session/ee8c0ad77c32eb6cf27ae9120157f0fa/execute/sync - {"script":"<script> [5351 bytes]","args":[{"element-6066-11e4-a52e-4f735466cecf":"f.4EEDEA8BBD1FF6E0A028415A04A49F5E.d.7C02828845492F4AF80D82DCD433690E.e.18876","ELEMENT":"f.4EEDEA8BBD1FF6E0A028415A04A49F5E.d.7C02828845492F4AF80D82DCD433690E.e.18876"}]}
COMMAND: GET /session/ee8c0ad77c32eb6cf27ae9120157f0fa/screenshot - {}
RESULT: {}
RESULT: {"script":"<script> [5351 bytes]","args":[{"element-6066-11e4-a52e-4f735466cecf":"f.4EEDEA8BBD1FF6E0A028415A04A49F5E.d.7C02828845492F4AF80D82DCD433690E.e.18876","ELEMENT":"f.4EEDEA8BBD1FF6E0A028415A04A49F5E.d.7C02828845492F4AF80D82DCD433690E.e.18876"}]}
COMMAND: POST /session/ee8c0ad77c32eb6cf27ae9120157f0fa/element/f.4EEDEA8BBD1FF6E0A028415A04A49F5E.d.7C02828845492F4AF80D82DCD433690E.e.18876/click - {}
COMMAND: GET /session/ee8c0ad77c32eb6cf27ae9120157f0fa/screenshot - {}
RESULT: {}
RESULT: {}
COMMAND: GET /session/ee8c0ad77c32eb6cf27ae9120157f0fa/screenshot - {}
RESULT: {}
RESULT: {}
COMMAND: POST /session/ee8c0ad77c32eb6cf27ae9120157f0fa/execute/async - {"script":"<script> [1562 bytes]","args":[{"selector":{"controlType":"sap.m.Title","viewName":"etm.portal.ui.managepricingrules.view.NewItem","viewId":"application-managepricingrules-display-component---newInfoPriceItem","properties":{"text":"New Pricing Rules - Item Level"}},"wdio_ui5_key":"etmportal.ui.managepricingrules.view.NewItemsap.m.Title{\"text\":\"New Pricing Rules - Item Level\"}"}]}
RESULT: {"script":"<script> [1562 bytes]","args":[{"selector":{"controlType":"sap.m.Title","viewName":"etm.portal.ui.managepricingrules.view.NewItem","viewId":"application-managepricingrules-display-component---newInfoPriceItem","properties":{"text":"New Pricing Rules - Item Level"}},"wdio_ui5_key":"etmportal.ui.managepricingrules.view.NewItemsap.m.Title{\"text\":\"New Pricing Rules - Item Level\"}"}]}
RESULT: undefined
COMMAND: POST /session/ee8c0ad77c32eb6cf27ae9120157f0fa/execute/async - {"script":"<script> [6424 bytes]","args":[{"element-6066-11e4-a52e-4f735466cecf":"f.4EEDEA8BBD1FF6E0A028415A04A49F5E.d.7C02828845492F4AF80D82DCD433690E.e.19004"},"getText",[]]}
RESULT: {"script":"<script> [6424 bytes]","args":[{"element-6066-11e4-a52e-4f735466cecf":"f.4EEDEA8BBD1FF6E0A028415A04A49F5E.d.7C02828845492F4AF80D82DCD433690E.e.19004"},"getText",[]]}
COMMAND: POST /session/ee8c0ad77c32eb6cf27ae9120157f0fa/execute/async - {"script":"<script> [1562 bytes]","args":[{"selector":{"id":"application-managepricingrules-display-component---newInfoPriceItem--condValidTo","interaction":{"idSuffix":"inner"}},"wdio_ui5_key":"applicationmanagepricingrules-display-component---newInfoPriceItem--condValidTo"}]}
RESULT: {"script":"<script> [1562 bytes]","args":[{"selector":{"id":"application-managepricingrules-display-component---newInfoPriceItem--condValidTo","interaction":{"idSuffix":"inner"}},"wdio_ui5_key":"applicationmanagepricingrules-display-component---newInfoPriceItem--condValidTo"}]}
RESULT: undefined
COMMAND: POST /session/ee8c0ad77c32eb6cf27ae9120157f0fa/execute/async - {"script":"<script> [776 bytes]","args":[{"enterText":"1/14/26","selector":{"id":"application-managepricingrules-display-component---newInfoPriceItem--condValidTo","interaction":{"idSuffix":"inner"}},"clearTextFirst":true,"interactionType":"ENTER_TEXT"}]}
RESULT: {"script":"<script> [776 bytes]","args":[{"enterText":"1/14/26","selector":{"id":"application-managepricingrules-display-component---newInfoPriceItem--condValidTo","interaction":{"idSuffix":"inner"}},"clearTextFirst":true,"interactionType":"ENTER_TEXT"}]}
COMMAND: POST /session/ee8c0ad77c32eb6cf27ae9120157f0fa/execute/async - {"script":"<script> [1562 bytes]","args":[{"selector":{"id":"application-managepricingrules-display-component---newInfoPriceItem--billType-arrow"},"wdio_ui5_key":"applicationmanagepricingrules-display-component---newInfoPriceItem--billType-arrow"}]}
RESULT: {"script":"<script> [1562 bytes]","args":[{"selector":{"id":"application-managepricingrules-display-component---newInfoPriceItem--billType-arrow"},"wdio_ui5_key":"applicationmanagepricingrules-display-component---newInfoPriceItem--billType-arrow"}]}
RESULT: undefined
COMMAND: POST /session/ee8c0ad77c32eb6cf27ae9120157f0fa/element - {"using":"xpath","value":"//*[@id=\"application-managepricingrules-display-component---newInfoPriceItem--billType-arrow\"]"}
RESULT: {"using":"xpath","value":"//*[@id=\"application-managepricingrules-display-component---newInfoPriceItem--billType-arrow\"]"}
COMMAND: POST /session/ee8c0ad77c32eb6cf27ae9120157f0fa/element/f.4EEDEA8BBD1FF6E0A028415A04A49F5E.d.7C02828845492F4AF80D82DCD433690E.e.19006/click - {}
RESULT: {}
COMMAND: POST /session/ee8c0ad77c32eb6cf27ae9120157f0fa/element - {"using":"xpath","value":"//span[contains(text(), \"TB - Time based\")]"}
COMMAND: GET /session/ee8c0ad77c32eb6cf27ae9120157f0fa/screenshot - {}
RESULT: {"using":"xpath","value":"//span[contains(text(), \"TB - Time based\")]"}
COMMAND: POST /session/ee8c0ad77c32eb6cf27ae9120157f0fa/element/f.4EEDEA8BBD1FF6E0A028415A04A49F5E.d.7C02828845492F4AF80D82DCD433690E.e.19007/click - {}
RESULT: {}
RESULT: {}
COMMAND: POST /session/ee8c0ad77c32eb6cf27ae9120157f0fa/execute/async - {"script":"<script> [1562 bytes]","args":[{"selector":{"id":"application-managepricingrules-display-component---newInfoPriceItem--priceProc-arrow"},"wdio_ui5_key":"applicationmanagepricingrules-display-component---newInfoPriceItem--priceProc-arrow"}]}
COMMAND: GET /session/ee8c0ad77c32eb6cf27ae9120157f0fa/screenshot - {}
RESULT: {"script":"<script> [1562 bytes]","args":[{"selector":{"id":"application-managepricingrules-display-component---newInfoPriceItem--priceProc-arrow"},"wdio_ui5_key":"applicationmanagepricingrules-display-component---newInfoPriceItem--priceProc-arrow"}]}
RESULT: undefined
COMMAND: POST /session/ee8c0ad77c32eb6cf27ae9120157f0fa/element - {"using":"xpath","value":"//*[@id=\"application-managepricingrules-display-component---newInfoPriceItem--priceProc-arrow\"]"}
RESULT: {}
RESULT: {"using":"xpath","value":"//*[@id=\"application-managepricingrules-display-component---newInfoPriceItem--priceProc-arrow\"]"}
COMMAND: POST /session/ee8c0ad77c32eb6cf27ae9120157f0fa/element/f.4EEDEA8BBD1FF6E0A028415A04A49F5E.d.7C02828845492F4AF80D82DCD433690E.e.19008/click - {}
RESULT: {}
COMMAND: POST /session/ee8c0ad77c32eb6cf27ae9120157f0fa/element - {"using":"xpath","value":"//span[contains(text(), \"TBS - Time based standard\")]"}
COMMAND: GET /session/ee8c0ad77c32eb6cf27ae9120157f0fa/screenshot - {}
RESULT: {"using":"xpath","value":"//span[contains(text(), \"TBS - Time based standard\")]"}
COMMAND: POST /session/ee8c0ad77c32eb6cf27ae9120157f0fa/element/f.4EEDEA8BBD1FF6E0A028415A04A49F5E.d.7C02828845492F4AF80D82DCD433690E.e.19009/click - {}
RESULT: {}
RESULT: {}
COMMAND: POST /session/ee8c0ad77c32eb6cf27ae9120157f0fa/execute/async - {"script":"<script> [1562 bytes]","args":[{"selector":{"id":"application-managepricingrules-display-component---newInfoPriceItem--calcBase-arrow"},"wdio_ui5_key":"applicationmanagepricingrules-display-component---newInfoPriceItem--calcBase-arrow"}]}
COMMAND: GET /session/ee8c0ad77c32eb6cf27ae9120157f0fa/screenshot - {}
RESULT: {}
RESULT: {"script":"<script> [1562 bytes]","args":[{"selector":{"id":"application-managepricingrules-display-component---newInfoPriceItem--calcBase-arrow"},"wdio_ui5_key":"applicationmanagepricingrules-display-component---newInfoPriceItem--calcBase-arrow"}]}
RESULT: undefined
COMMAND: POST /session/ee8c0ad77c32eb6cf27ae9120157f0fa/element - {"using":"xpath","value":"//*[@id=\"application-managepricingrules-display-component---newInfoPriceItem--calcBase-arrow\"]"}
RESULT: {"using":"xpath","value":"//*[@id=\"application-managepricingrules-display-component---newInfoPriceItem--calcBase-arrow\"]"}
COMMAND: POST /session/ee8c0ad77c32eb6cf27ae9120157f0fa/element/f.4EEDEA8BBD1FF6E0A028415A04A49F5E.d.7C02828845492F4AF80D82DCD433690E.e.18979/click - {}
RESULT: {}
COMMAND: GET /session/ee8c0ad77c32eb6cf27ae9120157f0fa/screenshot - {}
RESULT: {}
COMMAND: POST /session/ee8c0ad77c32eb6cf27ae9120157f0fa/element - {"using":"xpath","value":"//span[contains(text(), \"0006 - TB(calendar days)\")]"}
RESULT: {"using":"xpath","value":"//span[contains(text(), \"0006 - TB(calendar days)\")]"}
COMMAND: POST /session/ee8c0ad77c32eb6cf27ae9120157f0fa/element/f.4EEDEA8BBD1FF6E0A028415A04A49F5E.d.7C02828845492F4AF80D82DCD433690E.e.19010/click - {}
RESULT: {}
COMMAND: GET /session/ee8c0ad77c32eb6cf27ae9120157f0fa/screenshot - {}
RESULT: {}
COMMAND: POST /session/ee8c0ad77c32eb6cf27ae9120157f0fa/execute/async - {"script":"<script> [1562 bytes]","args":[{"selector":{"id":"application-managepricingrules-display-component---newInfoPriceItem--daysMonth","interaction":{"idSuffix":"inner"}},"wdio_ui5_key":"applicationmanagepricingrules-display-component---newInfoPriceItem--daysMonth"}]}
RESULT: {"script":"<script> [1562 bytes]","args":[{"selector":{"id":"application-managepricingrules-display-component---newInfoPriceItem--daysMonth","interaction":{"idSuffix":"inner"}},"wdio_ui5_key":"applicationmanagepricingrules-display-component---newInfoPriceItem--daysMonth"}]}
RESULT: undefined
COMMAND: POST /session/ee8c0ad77c32eb6cf27ae9120157f0fa/execute/async - {"script":"<script> [776 bytes]","args":[{"enterText":"30","selector":{"id":"application-managepricingrules-display-component---newInfoPriceItem--daysMonth","interaction":{"idSuffix":"inner"}},"clearTextFirst":true,"interactionType":"ENTER_TEXT"}]}
RESULT: {"script":"<script> [776 bytes]","args":[{"enterText":"30","selector":{"id":"application-managepricingrules-display-component---newInfoPriceItem--daysMonth","interaction":{"idSuffix":"inner"}},"clearTextFirst":true,"interactionType":"ENTER_TEXT"}]}
COMMAND: POST /session/ee8c0ad77c32eb6cf27ae9120157f0fa/element - {"using":"xpath","value":"//button[@data-kt=\"saveNewRuleButton\"]"}
RESULT: {"using":"xpath","value":"//button[@data-kt=\"saveNewRuleButton\"]"}
COMMAND: POST /session/ee8c0ad77c32eb6cf27ae9120157f0fa/element/f.4EEDEA8BBD1FF6E0A028415A04A49F5E.d.7C02828845492F4AF80D82DCD433690E.e.18991/click - {}
RESULT: {}
COMMAND: GET /session/ee8c0ad77c32eb6cf27ae9120157f0fa/screenshot - {}
RESULT: {}
COMMAND: POST /session/ee8c0ad77c32eb6cf27ae9120157f0fa/execute/async - {"script":"<script> [1562 bytes]","args":[{"selector":{"id":"application-managepricingrules-display-component---priceInfoItem--smartFilterBar-btnBasicSearch","interaction":{"idSuffix":"I"}},"wdio_ui5_key":"applicationmanagepricingrules-display-component---priceInfoItem--smartFilterBar-btnBasicSearch"}]}
RESULT: {"script":"<script> [1562 bytes]","args":[{"selector":{"id":"application-managepricingrules-display-component---priceInfoItem--smartFilterBar-btnBasicSearch","interaction":{"idSuffix":"I"}},"wdio_ui5_key":"applicationmanagepricingrules-display-component---priceInfoItem--smartFilterBar-btnBasicSearch"}]}
RESULT: undefined
COMMAND: POST /session/ee8c0ad77c32eb6cf27ae9120157f0fa/execute/async - {"script":"<script> [776 bytes]","args":[{"enterText":"1BMomGyo8u","selector":{"id":"application-managepricingrules-display-component---priceInfoItem--smartFilterBar-btnBasicSearch","interaction":{"idSuffix":"I"}},"clearTextFirst":true,"interactionType":"ENTER_TEXT"}]}
RESULT: {"script":"<script> [776 bytes]","args":[{"enterText":"1BMomGyo8u","selector":{"id":"application-managepricingrules-display-component---priceInfoItem--smartFilterBar-btnBasicSearch","interaction":{"idSuffix":"I"}},"clearTextFirst":true,"interactionType":"ENTER_TEXT"}]}
COMMAND: POST /session/ee8c0ad77c32eb6cf27ae9120157f0fa/actions - {"actions":[{"id":"action70","type":"key","parameters":{},"actions":[{"type":"keyDown","value":"î€‡"},{"type":"pause","duration":10},{"type":"keyUp","value":"î€‡"}]}]}
RESULT: {"actions":[{"id":"action70","type":"key","parameters":{},"actions":[{"type":"keyDown","value":"î€‡"},{"type":"pause","duration":10},{"type":"keyUp","value":"î€‡"}]}]}
COMMAND: GET /session/ee8c0ad77c32eb6cf27ae9120157f0fa/screenshot - {}
RESULT: {}
COMMAND: POST /session/ee8c0ad77c32eb6cf27ae9120157f0fa/element - {"using":"xpath","value":"//span[@id=\"application-managepricingrules-display-component---priceInfoItem--smartTable-header-inner\"]"}
RESULT: {"using":"xpath","value":"//span[@id=\"application-managepricingrules-display-component---priceInfoItem--smartTable-header-inner\"]"}
COMMAND: POST /session/ee8c0ad77c32eb6cf27ae9120157f0fa/elements - {"using":"xpath","value":"//span[@id=\"application-managepricingrules-display-component---priceInfoItem--smartTable-header-inner\"]"}
RESULT: {"using":"xpath","value":"//span[@id=\"application-managepricingrules-display-component---priceInfoItem--smartTable-header-inner\"]"}
COMMAND: POST /session/ee8c0ad77c32eb6cf27ae9120157f0fa/execute/sync - {"script":"<script> [56 bytes]","args":[{"element-6066-11e4-a52e-4f735466cecf":"f.4EEDEA8BBD1FF6E0A028415A04A49F5E.d.7C02828845492F4AF80D82DCD433690E.e.19035","ELEMENT":"f.4EEDEA8BBD1FF6E0A028415A04A49F5E.d.7C02828845492F4AF80D82DCD433690E.e.19035"}]}
RESULT: {"script":"<script> [56 bytes]","args":[{"element-6066-11e4-a52e-4f735466cecf":"f.4EEDEA8BBD1FF6E0A028415A04A49F5E.d.7C02828845492F4AF80D82DCD433690E.e.19035","ELEMENT":"f.4EEDEA8BBD1FF6E0A028415A04A49F5E.d.7C02828845492F4AF80D82DCD433690E.e.19035"}]}
COMMAND: POST /session/ee8c0ad77c32eb6cf27ae9120157f0fa/element - {"using":"css selector","value":"#shell-header-logo"}
COMMAND: GET /session/ee8c0ad77c32eb6cf27ae9120157f0fa/screenshot - {}
RESULT: {"using":"css selector","value":"#shell-header-logo"}
COMMAND: POST /session/ee8c0ad77c32eb6cf27ae9120157f0fa/element/f.4EEDEA8BBD1FF6E0A028415A04A49F5E.d.7C02828845492F4AF80D82DCD433690E.e.18127/click - {}
RESULT: {}
RESULT: {}
COMMAND: GET /session/ee8c0ad77c32eb6cf27ae9120157f0fa/screenshot - {}
RESULT: {}
]]></system-out>
    </testcase>
    <testcase classname="chrome.136_0_7103_49.windows.Billing_Calculation_-_Time_based_(considering_transport_times)_US139738" name="Should create new pricing condition for the equipment" time="69.71">
      <system-out><![CDATA[
COMMAND: POST /session/ee8c0ad77c32eb6cf27ae9120157f0fa/execute/async - {"script":"<script> [1562 bytes]","args":[{"selector":{"controlType":"sap.m.GenericTile","properties":{"header":"Manage Conditions & Prices"}},"wdio_ui5_key":"sapm.GenericTile{\"header\":\"Manage Conditions & Prices\"}"}]}
RESULT: {"script":"<script> [1562 bytes]","args":[{"selector":{"controlType":"sap.m.GenericTile","properties":{"header":"Manage Conditions & Prices"}},"wdio_ui5_key":"sapm.GenericTile{\"header\":\"Manage Conditions & Prices\"}"}]}
RESULT: undefined
COMMAND: POST /session/ee8c0ad77c32eb6cf27ae9120157f0fa/element - {"using":"xpath","value":"//*[@id=\"__tile53\"]"}
RESULT: {"using":"xpath","value":"//*[@id=\"__tile53\"]"}
COMMAND: POST /session/ee8c0ad77c32eb6cf27ae9120157f0fa/element/f.4EEDEA8BBD1FF6E0A028415A04A49F5E.d.7C02828845492F4AF80D82DCD433690E.e.18064/click - {}
RESULT: {}
COMMAND: GET /session/ee8c0ad77c32eb6cf27ae9120157f0fa/screenshot - {}
RESULT: {}
COMMAND: POST /session/ee8c0ad77c32eb6cf27ae9120157f0fa/elements - {"using":"xpath","value":"//span[text()='Error']"}
RESULT: {"using":"xpath","value":"//span[text()='Error']"}
COMMAND: POST /session/ee8c0ad77c32eb6cf27ae9120157f0fa/element - {"using":"xpath","value":"//button[@aria-label=\"Create\"]"}
RESULT: {"using":"xpath","value":"//button[@aria-label=\"Create\"]"}
COMMAND: POST /session/ee8c0ad77c32eb6cf27ae9120157f0fa/elements - {"using":"xpath","value":"//button[@aria-label=\"Create\"]"}
RESULT: {"using":"xpath","value":"//button[@aria-label=\"Create\"]"}
COMMAND: POST /session/ee8c0ad77c32eb6cf27ae9120157f0fa/execute/sync - {"script":"<script> [8489 bytes]","args":[{"element-6066-11e4-a52e-4f735466cecf":"f.4EEDEA8BBD1FF6E0A028415A04A49F5E.d.7C02828845492F4AF80D82DCD433690E.e.19070","ELEMENT":"f.4EEDEA8BBD1FF6E0A028415A04A49F5E.d.7C02828845492F4AF80D82DCD433690E.e.19070"}]}
RESULT: {"script":"<script> [8489 bytes]","args":[{"element-6066-11e4-a52e-4f735466cecf":"f.4EEDEA8BBD1FF6E0A028415A04A49F5E.d.7C02828845492F4AF80D82DCD433690E.e.19070","ELEMENT":"f.4EEDEA8BBD1FF6E0A028415A04A49F5E.d.7C02828845492F4AF80D82DCD433690E.e.19070"}]}
COMMAND: GET /session/ee8c0ad77c32eb6cf27ae9120157f0fa/element/f.4EEDEA8BBD1FF6E0A028415A04A49F5E.d.7C02828845492F4AF80D82DCD433690E.e.19070/enabled - {}
COMMAND: GET /session/ee8c0ad77c32eb6cf27ae9120157f0fa/screenshot - {}
RESULT: {}
COMMAND: POST /session/ee8c0ad77c32eb6cf27ae9120157f0fa/execute/sync - {"script":"<script> [8489 bytes]","args":[{"element-6066-11e4-a52e-4f735466cecf":"f.4EEDEA8BBD1FF6E0A028415A04A49F5E.d.7C02828845492F4AF80D82DCD433690E.e.19070","ELEMENT":"f.4EEDEA8BBD1FF6E0A028415A04A49F5E.d.7C02828845492F4AF80D82DCD433690E.e.19070"}]}
COMMAND: GET /session/ee8c0ad77c32eb6cf27ae9120157f0fa/screenshot - {}
RESULT: {}
RESULT: {"script":"<script> [8489 bytes]","args":[{"element-6066-11e4-a52e-4f735466cecf":"f.4EEDEA8BBD1FF6E0A028415A04A49F5E.d.7C02828845492F4AF80D82DCD433690E.e.19070","ELEMENT":"f.4EEDEA8BBD1FF6E0A028415A04A49F5E.d.7C02828845492F4AF80D82DCD433690E.e.19070"}]}
COMMAND: POST /session/ee8c0ad77c32eb6cf27ae9120157f0fa/execute/sync - {"script":"<script> [5351 bytes]","args":[{"element-6066-11e4-a52e-4f735466cecf":"f.4EEDEA8BBD1FF6E0A028415A04A49F5E.d.7C02828845492F4AF80D82DCD433690E.e.19070","ELEMENT":"f.4EEDEA8BBD1FF6E0A028415A04A49F5E.d.7C02828845492F4AF80D82DCD433690E.e.19070"}]}
COMMAND: GET /session/ee8c0ad77c32eb6cf27ae9120157f0fa/screenshot - {}
RESULT: {}
RESULT: {"script":"<script> [5351 bytes]","args":[{"element-6066-11e4-a52e-4f735466cecf":"f.4EEDEA8BBD1FF6E0A028415A04A49F5E.d.7C02828845492F4AF80D82DCD433690E.e.19070","ELEMENT":"f.4EEDEA8BBD1FF6E0A028415A04A49F5E.d.7C02828845492F4AF80D82DCD433690E.e.19070"}]}
COMMAND: POST /session/ee8c0ad77c32eb6cf27ae9120157f0fa/element/f.4EEDEA8BBD1FF6E0A028415A04A49F5E.d.7C02828845492F4AF80D82DCD433690E.e.19070/click - {}
COMMAND: GET /session/ee8c0ad77c32eb6cf27ae9120157f0fa/screenshot - {}
RESULT: {}
RESULT: {}
COMMAND: GET /session/ee8c0ad77c32eb6cf27ae9120157f0fa/screenshot - {}
RESULT: {}
RESULT: {}
COMMAND: POST /session/ee8c0ad77c32eb6cf27ae9120157f0fa/actions - {"actions":[{"id":"action71","type":"key","parameters":{},"actions":[{"type":"keyDown","value":"î€‡"},{"type":"pause","duration":10},{"type":"keyUp","value":"î€‡"}]}]}
RESULT: {"actions":[{"id":"action71","type":"key","parameters":{},"actions":[{"type":"keyDown","value":"î€‡"},{"type":"pause","duration":10},{"type":"keyUp","value":"î€‡"}]}]}
COMMAND: GET /session/ee8c0ad77c32eb6cf27ae9120157f0fa/screenshot - {}
RESULT: {}
COMMAND: POST /session/ee8c0ad77c32eb6cf27ae9120157f0fa/execute/async - {"script":"<script> [1562 bytes]","args":[{"selector":{"id":"application-manageconditionprice-display-component---newCondition--condBillCond-arrow"},"wdio_ui5_key":"applicationmanageconditionprice-display-component---newCondition--condBillCond-arrow"}]}
RESULT: {"script":"<script> [1562 bytes]","args":[{"selector":{"id":"application-manageconditionprice-display-component---newCondition--condBillCond-arrow"},"wdio_ui5_key":"applicationmanageconditionprice-display-component---newCondition--condBillCond-arrow"}]}
RESULT: undefined
COMMAND: POST /session/ee8c0ad77c32eb6cf27ae9120157f0fa/element - {"using":"xpath","value":"//*[@id=\"application-manageconditionprice-display-component---newCondition--condBillCond-arrow\"]"}
RESULT: {"using":"xpath","value":"//*[@id=\"application-manageconditionprice-display-component---newCondition--condBillCond-arrow\"]"}
COMMAND: POST /session/ee8c0ad77c32eb6cf27ae9120157f0fa/element/f.4EEDEA8BBD1FF6E0A028415A04A49F5E.d.7C02828845492F4AF80D82DCD433690E.e.19251/click - {}
RESULT: {}
COMMAND: GET /session/ee8c0ad77c32eb6cf27ae9120157f0fa/screenshot - {}
RESULT: {}
COMMAND: POST /session/ee8c0ad77c32eb6cf27ae9120157f0fa/element - {"using":"xpath","value":"//li[.//span[contains(text(), \"DISP - D&I special price\")]]"}
RESULT: {"using":"xpath","value":"//li[.//span[contains(text(), \"DISP - D&I special price\")]]"}
COMMAND: POST /session/ee8c0ad77c32eb6cf27ae9120157f0fa/element/f.4EEDEA8BBD1FF6E0A028415A04A49F5E.d.7C02828845492F4AF80D82DCD433690E.e.19254/click - {}
RESULT: {}
COMMAND: GET /session/ee8c0ad77c32eb6cf27ae9120157f0fa/screenshot - {}
RESULT: {}
COMMAND: POST /session/ee8c0ad77c32eb6cf27ae9120157f0fa/execute/async - {"script":"<script> [1562 bytes]","args":[{"selector":{"id":"application-manageconditionprice-display-component---newCondition--condValidTo","interaction":{"idSuffix":"inner"}},"wdio_ui5_key":"applicationmanageconditionprice-display-component---newCondition--condValidTo"}]}
RESULT: {"script":"<script> [1562 bytes]","args":[{"selector":{"id":"application-manageconditionprice-display-component---newCondition--condValidTo","interaction":{"idSuffix":"inner"}},"wdio_ui5_key":"applicationmanageconditionprice-display-component---newCondition--condValidTo"}]}
RESULT: undefined
COMMAND: POST /session/ee8c0ad77c32eb6cf27ae9120157f0fa/execute/async - {"script":"<script> [776 bytes]","args":[{"enterText":"1/14/26","selector":{"id":"application-manageconditionprice-display-component---newCondition--condValidTo","interaction":{"idSuffix":"inner"}},"clearTextFirst":true,"interactionType":"ENTER_TEXT"}]}
RESULT: {"script":"<script> [776 bytes]","args":[{"enterText":"1/14/26","selector":{"id":"application-manageconditionprice-display-component---newCondition--condValidTo","interaction":{"idSuffix":"inner"}},"clearTextFirst":true,"interactionType":"ENTER_TEXT"}]}
COMMAND: POST /session/ee8c0ad77c32eb6cf27ae9120157f0fa/element - {"using":"xpath","value":"//input[@id=\"application-manageconditionprice-display-component---newCondition--condRU-inner\"]"}
RESULT: {"using":"xpath","value":"//input[@id=\"application-manageconditionprice-display-component---newCondition--condRU-inner\"]"}
COMMAND: POST /session/ee8c0ad77c32eb6cf27ae9120157f0fa/element/f.4EEDEA8BBD1FF6E0A028415A04A49F5E.d.7C02828845492F4AF80D82DCD433690E.e.19116/clear - {}
RESULT: {}
COMMAND: POST /session/ee8c0ad77c32eb6cf27ae9120157f0fa/element/f.4EEDEA8BBD1FF6E0A028415A04A49F5E.d.7C02828845492F4AF80D82DCD433690E.e.19116/value - {"text":"1BMomGyo8u"}
COMMAND: GET /session/ee8c0ad77c32eb6cf27ae9120157f0fa/screenshot - {}
RESULT: {"text":"1BMomGyo8u"}
COMMAND: GET /session/ee8c0ad77c32eb6cf27ae9120157f0fa/screenshot - {}
RESULT: {}
RESULT: {}
COMMAND: POST /session/ee8c0ad77c32eb6cf27ae9120157f0fa/actions - {"actions":[{"id":"action72","type":"key","parameters":{},"actions":[{"type":"keyDown","value":"î€‡"},{"type":"pause","duration":10},{"type":"keyUp","value":"î€‡"}]}]}
RESULT: {"actions":[{"id":"action72","type":"key","parameters":{},"actions":[{"type":"keyDown","value":"î€‡"},{"type":"pause","duration":10},{"type":"keyUp","value":"î€‡"}]}]}
COMMAND: POST /session/ee8c0ad77c32eb6cf27ae9120157f0fa/execute/async - {"script":"<script> [1562 bytes]","args":[{"selector":{"id":"application-manageconditionprice-display-component---newCondition--condBaseQty","interaction":{"idSuffix":"inner"}},"wdio_ui5_key":"applicationmanageconditionprice-display-component---newCondition--condBaseQty"}]}
COMMAND: GET /session/ee8c0ad77c32eb6cf27ae9120157f0fa/screenshot - {}
RESULT: {"script":"<script> [1562 bytes]","args":[{"selector":{"id":"application-manageconditionprice-display-component---newCondition--condBaseQty","interaction":{"idSuffix":"inner"}},"wdio_ui5_key":"applicationmanageconditionprice-display-component---newCondition--condBaseQty"}]}
RESULT: undefined
COMMAND: POST /session/ee8c0ad77c32eb6cf27ae9120157f0fa/execute/async - {"script":"<script> [776 bytes]","args":[{"enterText":"1","selector":{"id":"application-manageconditionprice-display-component---newCondition--condBaseQty","interaction":{"idSuffix":"inner"}},"clearTextFirst":true,"interactionType":"ENTER_TEXT"}]}
RESULT: {}
RESULT: {"script":"<script> [776 bytes]","args":[{"enterText":"1","selector":{"id":"application-manageconditionprice-display-component---newCondition--condBaseQty","interaction":{"idSuffix":"inner"}},"clearTextFirst":true,"interactionType":"ENTER_TEXT"}]}
COMMAND: POST /session/ee8c0ad77c32eb6cf27ae9120157f0fa/execute/async - {"script":"<script> [1562 bytes]","args":[{"selector":{"id":"application-manageconditionprice-display-component---newCondition--condValue","interaction":{"idSuffix":"inner"}},"wdio_ui5_key":"applicationmanageconditionprice-display-component---newCondition--condValue"}]}
RESULT: {"script":"<script> [1562 bytes]","args":[{"selector":{"id":"application-manageconditionprice-display-component---newCondition--condValue","interaction":{"idSuffix":"inner"}},"wdio_ui5_key":"applicationmanageconditionprice-display-component---newCondition--condValue"}]}
RESULT: undefined
COMMAND: POST /session/ee8c0ad77c32eb6cf27ae9120157f0fa/execute/async - {"script":"<script> [776 bytes]","args":[{"enterText":"100","selector":{"id":"application-manageconditionprice-display-component---newCondition--condValue","interaction":{"idSuffix":"inner"}},"clearTextFirst":true,"interactionType":"ENTER_TEXT"}]}
RESULT: {"script":"<script> [776 bytes]","args":[{"enterText":"100","selector":{"id":"application-manageconditionprice-display-component---newCondition--condValue","interaction":{"idSuffix":"inner"}},"clearTextFirst":true,"interactionType":"ENTER_TEXT"}]}
COMMAND: POST /session/ee8c0ad77c32eb6cf27ae9120157f0fa/execute/async - {"script":"<script> [1562 bytes]","args":[{"selector":{"id":"application-manageconditionprice-display-component---newCondition--condCurr-arrow"},"wdio_ui5_key":"applicationmanageconditionprice-display-component---newCondition--condCurr-arrow"}]}
RESULT: {"script":"<script> [1562 bytes]","args":[{"selector":{"id":"application-manageconditionprice-display-component---newCondition--condCurr-arrow"},"wdio_ui5_key":"applicationmanageconditionprice-display-component---newCondition--condCurr-arrow"}]}
RESULT: undefined
COMMAND: POST /session/ee8c0ad77c32eb6cf27ae9120157f0fa/element - {"using":"xpath","value":"//*[@id=\"application-manageconditionprice-display-component---newCondition--condCurr-arrow\"]"}
RESULT: {"using":"xpath","value":"//*[@id=\"application-manageconditionprice-display-component---newCondition--condCurr-arrow\"]"}
COMMAND: POST /session/ee8c0ad77c32eb6cf27ae9120157f0fa/element/f.4EEDEA8BBD1FF6E0A028415A04A49F5E.d.7C02828845492F4AF80D82DCD433690E.e.19223/click - {}
RESULT: {}
COMMAND: POST /session/ee8c0ad77c32eb6cf27ae9120157f0fa/element - {"using":"xpath","value":"//span[contains(text(), \"Euro\")]"}
COMMAND: GET /session/ee8c0ad77c32eb6cf27ae9120157f0fa/screenshot - {}
RESULT: {"using":"xpath","value":"//span[contains(text(), \"Euro\")]"}
COMMAND: POST /session/ee8c0ad77c32eb6cf27ae9120157f0fa/element/f.4EEDEA8BBD1FF6E0A028415A04A49F5E.d.7C02828845492F4AF80D82DCD433690E.e.19291/click - {}
RESULT: {}
RESULT: {}
COMMAND: POST /session/ee8c0ad77c32eb6cf27ae9120157f0fa/element - {"using":"xpath","value":"//button[@data-kt=\"saveButton\"]"}
COMMAND: GET /session/ee8c0ad77c32eb6cf27ae9120157f0fa/screenshot - {}
RESULT: {"using":"xpath","value":"//button[@data-kt=\"saveButton\"]"}
COMMAND: POST /session/ee8c0ad77c32eb6cf27ae9120157f0fa/element/f.4EEDEA8BBD1FF6E0A028415A04A49F5E.d.7C02828845492F4AF80D82DCD433690E.e.19224/click - {}
RESULT: {}
RESULT: {}
COMMAND: GET /session/ee8c0ad77c32eb6cf27ae9120157f0fa/screenshot - {}
RESULT: {}
COMMAND: POST /session/ee8c0ad77c32eb6cf27ae9120157f0fa/execute/async - {"script":"<script> [1562 bytes]","args":[{"selector":{"id":"application-manageconditionprice-display-component---conditions--smartFilterBar-btnBasicSearch","interaction":{"idSuffix":"I"}},"wdio_ui5_key":"applicationmanageconditionprice-display-component---conditions--smartFilterBar-btnBasicSearch"}]}
RESULT: {"script":"<script> [1562 bytes]","args":[{"selector":{"id":"application-manageconditionprice-display-component---conditions--smartFilterBar-btnBasicSearch","interaction":{"idSuffix":"I"}},"wdio_ui5_key":"applicationmanageconditionprice-display-component---conditions--smartFilterBar-btnBasicSearch"}]}
RESULT: undefined
COMMAND: POST /session/ee8c0ad77c32eb6cf27ae9120157f0fa/execute/async - {"script":"<script> [776 bytes]","args":[{"enterText":"1BMomGyo8u","selector":{"id":"application-manageconditionprice-display-component---conditions--smartFilterBar-btnBasicSearch","interaction":{"idSuffix":"I"}},"clearTextFirst":true,"interactionType":"ENTER_TEXT"}]}
RESULT: {"script":"<script> [776 bytes]","args":[{"enterText":"1BMomGyo8u","selector":{"id":"application-manageconditionprice-display-component---conditions--smartFilterBar-btnBasicSearch","interaction":{"idSuffix":"I"}},"clearTextFirst":true,"interactionType":"ENTER_TEXT"}]}
COMMAND: POST /session/ee8c0ad77c32eb6cf27ae9120157f0fa/actions - {"actions":[{"id":"action73","type":"key","parameters":{},"actions":[{"type":"keyDown","value":"î€‡"},{"type":"pause","duration":10},{"type":"keyUp","value":"î€‡"}]}]}
RESULT: {"actions":[{"id":"action73","type":"key","parameters":{},"actions":[{"type":"keyDown","value":"î€‡"},{"type":"pause","duration":10},{"type":"keyUp","value":"î€‡"}]}]}
COMMAND: GET /session/ee8c0ad77c32eb6cf27ae9120157f0fa/screenshot - {}
RESULT: {}
COMMAND: POST /session/ee8c0ad77c32eb6cf27ae9120157f0fa/execute/async - {"script":"<script> [1562 bytes]","args":[{"selector":{"id":"application-manageconditionprice-display-component---conditions--smartFilterBar-filterItemControl_BASIC-BILL_TYPES-vhi"},"wdio_ui5_key":"applicationmanageconditionprice-display-component---conditions--smartFilterBar-filterItemControl_BASIC-BILL_TYPES-vhi"}]}
RESULT: {"script":"<script> [1562 bytes]","args":[{"selector":{"id":"application-manageconditionprice-display-component---conditions--smartFilterBar-filterItemControl_BASIC-BILL_TYPES-vhi"},"wdio_ui5_key":"applicationmanageconditionprice-display-component---conditions--smartFilterBar-filterItemControl_BASIC-BILL_TYPES-vhi"}]}
RESULT: undefined
COMMAND: POST /session/ee8c0ad77c32eb6cf27ae9120157f0fa/element - {"using":"xpath","value":"//*[@id=\"application-manageconditionprice-display-component---conditions--smartFilterBar-filterItemControl_BASIC-BILL_TYPES-vhi\"]"}
RESULT: {"using":"xpath","value":"//*[@id=\"application-manageconditionprice-display-component---conditions--smartFilterBar-filterItemControl_BASIC-BILL_TYPES-vhi\"]"}
COMMAND: POST /session/ee8c0ad77c32eb6cf27ae9120157f0fa/element/f.4EEDEA8BBD1FF6E0A028415A04A49F5E.d.7C02828845492F4AF80D82DCD433690E.e.19397/click - {}
RESULT: {}
COMMAND: POST /session/ee8c0ad77c32eb6cf27ae9120157f0fa/execute/async - {"script":"<script> [1562 bytes]","args":[{"selector":{"id":"application-manageconditionprice-display-component---conditions--smartFilterBar-filterItemControl_BASIC-BILL_TYPES-valueHelpDialog-smartFilterBar-btnBasicSearch","searchOpenDialogs":true,"interaction":{"idSuffix":"I"}},"wdio_ui5_key":"applicationmanageconditionprice-display-component---conditions--smartFilterBar-filterItemControl_BASIC-BILL_TYPES-valueHelpDialog-smartFilterBar-btnBasicSearch"}]}
COMMAND: GET /session/ee8c0ad77c32eb6cf27ae9120157f0fa/screenshot - {}
RESULT: {"script":"<script> [1562 bytes]","args":[{"selector":{"id":"application-manageconditionprice-display-component---conditions--smartFilterBar-filterItemControl_BASIC-BILL_TYPES-valueHelpDialog-smartFilterBar-btnBasicSearch","searchOpenDialogs":true,"interaction":{"idSuffix":"I"}},"wdio_ui5_key":"applicationmanageconditionprice-display-component---conditions--smartFilterBar-filterItemControl_BASIC-BILL_TYPES-valueHelpDialog-smartFilterBar-btnBasicSearch"}]}
RESULT: undefined
COMMAND: POST /session/ee8c0ad77c32eb6cf27ae9120157f0fa/execute/async - {"script":"<script> [776 bytes]","args":[{"enterText":"TB","selector":{"id":"application-manageconditionprice-display-component---conditions--smartFilterBar-filterItemControl_BASIC-BILL_TYPES-valueHelpDialog-smartFilterBar-btnBasicSearch","searchOpenDialogs":true,"interaction":{"idSuffix":"I"}},"clearTextFirst":true,"interactionType":"ENTER_TEXT"}]}
RESULT: {}
RESULT: {"script":"<script> [776 bytes]","args":[{"enterText":"TB","selector":{"id":"application-manageconditionprice-display-component---conditions--smartFilterBar-filterItemControl_BASIC-BILL_TYPES-valueHelpDialog-smartFilterBar-btnBasicSearch","searchOpenDialogs":true,"interaction":{"idSuffix":"I"}},"clearTextFirst":true,"interactionType":"ENTER_TEXT"}]}
COMMAND: POST /session/ee8c0ad77c32eb6cf27ae9120157f0fa/actions - {"actions":[{"id":"action74","type":"key","parameters":{},"actions":[{"type":"keyDown","value":"î€‡"},{"type":"pause","duration":10},{"type":"keyUp","value":"î€‡"}]}]}
RESULT: {"actions":[{"id":"action74","type":"key","parameters":{},"actions":[{"type":"keyDown","value":"î€‡"},{"type":"pause","duration":10},{"type":"keyUp","value":"î€‡"}]}]}
COMMAND: GET /session/ee8c0ad77c32eb6cf27ae9120157f0fa/screenshot - {}
RESULT: {}
COMMAND: POST /session/ee8c0ad77c32eb6cf27ae9120157f0fa/element - {"using":"xpath","value":"//div[contains(@id, 'application-manageconditionprice-display-component---conditions--smartFilterBar-filterItemControl_BASIC-BILL_TYPES-valueHelpDialog-table-rowsel0')]"}
RESULT: {"using":"xpath","value":"//div[contains(@id, 'application-manageconditionprice-display-component---conditions--smartFilterBar-filterItemControl_BASIC-BILL_TYPES-valueHelpDialog-table-rowsel0')]"}
COMMAND: POST /session/ee8c0ad77c32eb6cf27ae9120157f0fa/element/f.4EEDEA8BBD1FF6E0A028415A04A49F5E.d.7C02828845492F4AF80D82DCD433690E.e.19407/click - {}
RESULT: {}
COMMAND: GET /session/ee8c0ad77c32eb6cf27ae9120157f0fa/screenshot - {}
RESULT: {}
COMMAND: POST /session/ee8c0ad77c32eb6cf27ae9120157f0fa/element - {"using":"xpath","value":"//bdi[contains(text(), \"OK\")]"}
RESULT: {"using":"xpath","value":"//bdi[contains(text(), \"OK\")]"}
COMMAND: POST /session/ee8c0ad77c32eb6cf27ae9120157f0fa/element/f.4EEDEA8BBD1FF6E0A028415A04A49F5E.d.7C02828845492F4AF80D82DCD433690E.e.19409/click - {}
RESULT: {}
COMMAND: GET /session/ee8c0ad77c32eb6cf27ae9120157f0fa/screenshot - {}
RESULT: {}
COMMAND: POST /session/ee8c0ad77c32eb6cf27ae9120157f0fa/element - {"using":"xpath","value":"//span[@id=\"application-manageconditionprice-display-component---conditions--smartTable-header-inner\"]"}
RESULT: {"using":"xpath","value":"//span[@id=\"application-manageconditionprice-display-component---conditions--smartTable-header-inner\"]"}
COMMAND: POST /session/ee8c0ad77c32eb6cf27ae9120157f0fa/elements - {"using":"xpath","value":"//span[@id=\"application-manageconditionprice-display-component---conditions--smartTable-header-inner\"]"}
RESULT: {"using":"xpath","value":"//span[@id=\"application-manageconditionprice-display-component---conditions--smartTable-header-inner\"]"}
COMMAND: POST /session/ee8c0ad77c32eb6cf27ae9120157f0fa/execute/sync - {"script":"<script> [56 bytes]","args":[{"element-6066-11e4-a52e-4f735466cecf":"f.4EEDEA8BBD1FF6E0A028415A04A49F5E.d.7C02828845492F4AF80D82DCD433690E.e.19412","ELEMENT":"f.4EEDEA8BBD1FF6E0A028415A04A49F5E.d.7C02828845492F4AF80D82DCD433690E.e.19412"}]}
RESULT: {"script":"<script> [56 bytes]","args":[{"element-6066-11e4-a52e-4f735466cecf":"f.4EEDEA8BBD1FF6E0A028415A04A49F5E.d.7C02828845492F4AF80D82DCD433690E.e.19412","ELEMENT":"f.4EEDEA8BBD1FF6E0A028415A04A49F5E.d.7C02828845492F4AF80D82DCD433690E.e.19412"}]}
COMMAND: POST /session/ee8c0ad77c32eb6cf27ae9120157f0fa/element - {"using":"css selector","value":"#shell-header-logo"}
COMMAND: GET /session/ee8c0ad77c32eb6cf27ae9120157f0fa/screenshot - {}
RESULT: {"using":"css selector","value":"#shell-header-logo"}
COMMAND: POST /session/ee8c0ad77c32eb6cf27ae9120157f0fa/element/f.4EEDEA8BBD1FF6E0A028415A04A49F5E.d.7C02828845492F4AF80D82DCD433690E.e.19038/click - {}
RESULT: {}
RESULT: {}
COMMAND: GET /session/ee8c0ad77c32eb6cf27ae9120157f0fa/screenshot - {}
RESULT: {}
]]></system-out>
    </testcase>
    <testcase classname="chrome.136_0_7103_49.windows.Billing_Calculation_-_Time_based_(considering_transport_times)_US139738" name="Should do a stock increase for the equipment" time="96.651">
      <system-out><![CDATA[
COMMAND: POST /session/ee8c0ad77c32eb6cf27ae9120157f0fa/execute/async - {"script":"<script> [1562 bytes]","args":[{"selector":{"controlType":"sap.m.GenericTile","properties":{"header":"Manage Handovers"}},"wdio_ui5_key":"sapm.GenericTile{\"header\":\"Manage Handovers\"}"}]}
RESULT: {"script":"<script> [1562 bytes]","args":[{"selector":{"controlType":"sap.m.GenericTile","properties":{"header":"Manage Handovers"}},"wdio_ui5_key":"sapm.GenericTile{\"header\":\"Manage Handovers\"}"}]}
RESULT: undefined
COMMAND: POST /session/ee8c0ad77c32eb6cf27ae9120157f0fa/element - {"using":"xpath","value":"//*[@id=\"__tile133\"]"}
RESULT: {"using":"xpath","value":"//*[@id=\"__tile133\"]"}
COMMAND: POST /session/ee8c0ad77c32eb6cf27ae9120157f0fa/element/f.4EEDEA8BBD1FF6E0A028415A04A49F5E.d.7C02828845492F4AF80D82DCD433690E.e.18102/click - {}
RESULT: {}
COMMAND: GET /session/ee8c0ad77c32eb6cf27ae9120157f0fa/screenshot - {}
COMMAND: POST /session/ee8c0ad77c32eb6cf27ae9120157f0fa/elements - {"using":"xpath","value":"//span[text()='Error']"}
RESULT: {}
RESULT: {"using":"xpath","value":"//span[text()='Error']"}
COMMAND: POST /session/ee8c0ad77c32eb6cf27ae9120157f0fa/element - {"using":"xpath","value":"//button[@data-kt=\"masterHOAddButton\"]"}
RESULT: {"using":"xpath","value":"//button[@data-kt=\"masterHOAddButton\"]"}
COMMAND: POST /session/ee8c0ad77c32eb6cf27ae9120157f0fa/elements - {"using":"xpath","value":"//button[@data-kt=\"masterHOAddButton\"]"}
RESULT: {"using":"xpath","value":"//button[@data-kt=\"masterHOAddButton\"]"}
COMMAND: POST /session/ee8c0ad77c32eb6cf27ae9120157f0fa/execute/sync - {"script":"<script> [8489 bytes]","args":[{"element-6066-11e4-a52e-4f735466cecf":"f.4EEDEA8BBD1FF6E0A028415A04A49F5E.d.7C02828845492F4AF80D82DCD433690E.e.19446","ELEMENT":"f.4EEDEA8BBD1FF6E0A028415A04A49F5E.d.7C02828845492F4AF80D82DCD433690E.e.19446"}]}
RESULT: {"script":"<script> [8489 bytes]","args":[{"element-6066-11e4-a52e-4f735466cecf":"f.4EEDEA8BBD1FF6E0A028415A04A49F5E.d.7C02828845492F4AF80D82DCD433690E.e.19446","ELEMENT":"f.4EEDEA8BBD1FF6E0A028415A04A49F5E.d.7C02828845492F4AF80D82DCD433690E.e.19446"}]}
COMMAND: GET /session/ee8c0ad77c32eb6cf27ae9120157f0fa/element/f.4EEDEA8BBD1FF6E0A028415A04A49F5E.d.7C02828845492F4AF80D82DCD433690E.e.19446/enabled - {}
COMMAND: GET /session/ee8c0ad77c32eb6cf27ae9120157f0fa/screenshot - {}
RESULT: {}
COMMAND: POST /session/ee8c0ad77c32eb6cf27ae9120157f0fa/execute/sync - {"script":"<script> [8489 bytes]","args":[{"element-6066-11e4-a52e-4f735466cecf":"f.4EEDEA8BBD1FF6E0A028415A04A49F5E.d.7C02828845492F4AF80D82DCD433690E.e.19446","ELEMENT":"f.4EEDEA8BBD1FF6E0A028415A04A49F5E.d.7C02828845492F4AF80D82DCD433690E.e.19446"}]}
COMMAND: GET /session/ee8c0ad77c32eb6cf27ae9120157f0fa/screenshot - {}
RESULT: {}
RESULT: {"script":"<script> [8489 bytes]","args":[{"element-6066-11e4-a52e-4f735466cecf":"f.4EEDEA8BBD1FF6E0A028415A04A49F5E.d.7C02828845492F4AF80D82DCD433690E.e.19446","ELEMENT":"f.4EEDEA8BBD1FF6E0A028415A04A49F5E.d.7C02828845492F4AF80D82DCD433690E.e.19446"}]}
COMMAND: POST /session/ee8c0ad77c32eb6cf27ae9120157f0fa/execute/sync - {"script":"<script> [5351 bytes]","args":[{"element-6066-11e4-a52e-4f735466cecf":"f.4EEDEA8BBD1FF6E0A028415A04A49F5E.d.7C02828845492F4AF80D82DCD433690E.e.19446","ELEMENT":"f.4EEDEA8BBD1FF6E0A028415A04A49F5E.d.7C02828845492F4AF80D82DCD433690E.e.19446"}]}
COMMAND: GET /session/ee8c0ad77c32eb6cf27ae9120157f0fa/screenshot - {}
RESULT: {}
RESULT: {"script":"<script> [5351 bytes]","args":[{"element-6066-11e4-a52e-4f735466cecf":"f.4EEDEA8BBD1FF6E0A028415A04A49F5E.d.7C02828845492F4AF80D82DCD433690E.e.19446","ELEMENT":"f.4EEDEA8BBD1FF6E0A028415A04A49F5E.d.7C02828845492F4AF80D82DCD433690E.e.19446"}]}
COMMAND: POST /session/ee8c0ad77c32eb6cf27ae9120157f0fa/element/f.4EEDEA8BBD1FF6E0A028415A04A49F5E.d.7C02828845492F4AF80D82DCD433690E.e.19446/click - {}
COMMAND: GET /session/ee8c0ad77c32eb6cf27ae9120157f0fa/screenshot - {}
RESULT: {}
RESULT: {}
COMMAND: GET /session/ee8c0ad77c32eb6cf27ae9120157f0fa/screenshot - {}
COMMAND: POST /session/ee8c0ad77c32eb6cf27ae9120157f0fa/element - {"using":"xpath","value":"//span[contains(@id ,\"AddNewHO--typeSelect-arrow\")]"}
RESULT: {}
RESULT: {}
RESULT: {"using":"xpath","value":"//span[contains(@id ,\"AddNewHO--typeSelect-arrow\")]"}
COMMAND: POST /session/ee8c0ad77c32eb6cf27ae9120157f0fa/element/f.4EEDEA8BBD1FF6E0A028415A04A49F5E.d.7C02828845492F4AF80D82DCD433690E.e.19808/click - {}
RESULT: {}
COMMAND: GET /session/ee8c0ad77c32eb6cf27ae9120157f0fa/screenshot - {}
RESULT: {}
COMMAND: POST /session/ee8c0ad77c32eb6cf27ae9120157f0fa/element - {"using":"xpath","value":"(//li[contains(text(), \"stock increase yard\")])[1]"}
RESULT: {"using":"xpath","value":"(//li[contains(text(), \"stock increase yard\")])[1]"}
COMMAND: POST /session/ee8c0ad77c32eb6cf27ae9120157f0fa/element/f.4EEDEA8BBD1FF6E0A028415A04A49F5E.d.7C02828845492F4AF80D82DCD433690E.e.19809/click - {}
RESULT: {}
COMMAND: GET /session/ee8c0ad77c32eb6cf27ae9120157f0fa/screenshot - {}
RESULT: {}
COMMAND: POST /session/ee8c0ad77c32eb6cf27ae9120157f0fa/execute/async - {"script":"<script> [1562 bytes]","args":[{"selector":{"id":"application-managehandovers-display-component---AddNewHO--dueDate","interaction":{"idSuffix":"inner"}},"wdio_ui5_key":"applicationmanagehandovers-display-component---AddNewHO--dueDate"}]}
RESULT: {"script":"<script> [1562 bytes]","args":[{"selector":{"id":"application-managehandovers-display-component---AddNewHO--dueDate","interaction":{"idSuffix":"inner"}},"wdio_ui5_key":"applicationmanagehandovers-display-component---AddNewHO--dueDate"}]}
RESULT: undefined
COMMAND: POST /session/ee8c0ad77c32eb6cf27ae9120157f0fa/execute/async - {"script":"<script> [6424 bytes]","args":[{"element-6066-11e4-a52e-4f735466cecf":"f.4EEDEA8BBD1FF6E0A028415A04A49F5E.d.7C02828845492F4AF80D82DCD433690E.e.19811"},"setValue",["5/14/25"]]}
RESULT: {"script":"<script> [6424 bytes]","args":[{"element-6066-11e4-a52e-4f735466cecf":"f.4EEDEA8BBD1FF6E0A028415A04A49F5E.d.7C02828845492F4AF80D82DCD433690E.e.19811"},"setValue",["5/14/25"]]}
COMMAND: POST /session/ee8c0ad77c32eb6cf27ae9120157f0fa/element - {"using":"xpath","value":"//input[@id=\"generalSectionFrg--receiveYard-inner\"]"}
RESULT: {"using":"xpath","value":"//input[@id=\"generalSectionFrg--receiveYard-inner\"]"}
COMMAND: POST /session/ee8c0ad77c32eb6cf27ae9120157f0fa/element/f.4EEDEA8BBD1FF6E0A028415A04A49F5E.d.7C02828845492F4AF80D82DCD433690E.e.19815/clear - {}
RESULT: {}
COMMAND: POST /session/ee8c0ad77c32eb6cf27ae9120157f0fa/element/f.4EEDEA8BBD1FF6E0A028415A04A49F5E.d.7C02828845492F4AF80D82DCD433690E.e.19815/value - {"text":"364"}
COMMAND: GET /session/ee8c0ad77c32eb6cf27ae9120157f0fa/screenshot - {}
RESULT: {"text":"364"}
COMMAND: GET /session/ee8c0ad77c32eb6cf27ae9120157f0fa/screenshot - {}
RESULT: {}
RESULT: {}
COMMAND: POST /session/ee8c0ad77c32eb6cf27ae9120157f0fa/element - {"using":"xpath","value":"//li[.//span[text()='364']]"}
RESULT: {"using":"xpath","value":"//li[.//span[text()='364']]"}
COMMAND: POST /session/ee8c0ad77c32eb6cf27ae9120157f0fa/element/f.4EEDEA8BBD1FF6E0A028415A04A49F5E.d.7C02828845492F4AF80D82DCD433690E.e.19833/click - {}
RESULT: {}
COMMAND: GET /session/ee8c0ad77c32eb6cf27ae9120157f0fa/screenshot - {}
RESULT: {}
COMMAND: POST /session/ee8c0ad77c32eb6cf27ae9120157f0fa/execute/async - {"script":"<script> [1562 bytes]","args":[{"selector":{"id":"application-managehandovers-display-component---AddNewHO--ObjectPageLayout-anchBar-application-managehandovers-display-component---AddNewHO--section4-anchor","interaction":{"idSuffix":"BDI-content"}},"wdio_ui5_key":"applicationmanagehandovers-display-component---AddNewHO--ObjectPageLayout-anchBar-application-managehandovers-display-component---AddNewHO--section4-anchor"}]}
RESULT: {"script":"<script> [1562 bytes]","args":[{"selector":{"id":"application-managehandovers-display-component---AddNewHO--ObjectPageLayout-anchBar-application-managehandovers-display-component---AddNewHO--section4-anchor","interaction":{"idSuffix":"BDI-content"}},"wdio_ui5_key":"applicationmanagehandovers-display-component---AddNewHO--ObjectPageLayout-anchBar-application-managehandovers-display-component---AddNewHO--section4-anchor"}]}
RESULT: undefined
COMMAND: POST /session/ee8c0ad77c32eb6cf27ae9120157f0fa/element - {"using":"xpath","value":"//*[@id=\"application-managehandovers-display-component---AddNewHO--ObjectPageLayout-anchBar-application-managehandovers-display-component---AddNewHO--section4-anchor\"]"}
RESULT: {"using":"xpath","value":"//*[@id=\"application-managehandovers-display-component---AddNewHO--ObjectPageLayout-anchBar-application-managehandovers-display-component---AddNewHO--section4-anchor\"]"}
COMMAND: POST /session/ee8c0ad77c32eb6cf27ae9120157f0fa/element/f.4EEDEA8BBD1FF6E0A028415A04A49F5E.d.7C02828845492F4AF80D82DCD433690E.e.19835/click - {}
RESULT: {}
COMMAND: POST /session/ee8c0ad77c32eb6cf27ae9120157f0fa/element - {"using":"xpath","value":"//button[@aria-label=\"Add\"]"}
COMMAND: GET /session/ee8c0ad77c32eb6cf27ae9120157f0fa/screenshot - {}
RESULT: {"using":"xpath","value":"//button[@aria-label=\"Add\"]"}
COMMAND: POST /session/ee8c0ad77c32eb6cf27ae9120157f0fa/element/f.4EEDEA8BBD1FF6E0A028415A04A49F5E.d.7C02828845492F4AF80D82DCD433690E.e.19838/click - {}
RESULT: {}
RESULT: {}
COMMAND: GET /session/ee8c0ad77c32eb6cf27ae9120157f0fa/screenshot - {}
RESULT: {}
COMMAND: POST /session/ee8c0ad77c32eb6cf27ae9120157f0fa/execute/async - {"script":"<script> [1562 bytes]","args":[{"selector":{"id":"application-managehandovers-display-component---AddNewHO--smartFilterBar-btnBasicSearch","searchOpenDialogs":true,"interaction":{"idSuffix":"I"}},"wdio_ui5_key":"applicationmanagehandovers-display-component---AddNewHO--smartFilterBar-btnBasicSearch"}]}
RESULT: {"script":"<script> [1562 bytes]","args":[{"selector":{"id":"application-managehandovers-display-component---AddNewHO--smartFilterBar-btnBasicSearch","searchOpenDialogs":true,"interaction":{"idSuffix":"I"}},"wdio_ui5_key":"applicationmanagehandovers-display-component---AddNewHO--smartFilterBar-btnBasicSearch"}]}
RESULT: undefined
COMMAND: POST /session/ee8c0ad77c32eb6cf27ae9120157f0fa/execute/async - {"script":"<script> [776 bytes]","args":[{"enterText":"1BMomGyo8u","selector":{"id":"application-managehandovers-display-component---AddNewHO--smartFilterBar-btnBasicSearch","searchOpenDialogs":true,"interaction":{"idSuffix":"I"}},"clearTextFirst":true,"interactionType":"ENTER_TEXT"}]}
RESULT: {"script":"<script> [776 bytes]","args":[{"enterText":"1BMomGyo8u","selector":{"id":"application-managehandovers-display-component---AddNewHO--smartFilterBar-btnBasicSearch","searchOpenDialogs":true,"interaction":{"idSuffix":"I"}},"clearTextFirst":true,"interactionType":"ENTER_TEXT"}]}
COMMAND: POST /session/ee8c0ad77c32eb6cf27ae9120157f0fa/actions - {"actions":[{"id":"action75","type":"key","parameters":{},"actions":[{"type":"keyDown","value":"î€‡"},{"type":"pause","duration":10},{"type":"keyUp","value":"î€‡"}]}]}
RESULT: {"actions":[{"id":"action75","type":"key","parameters":{},"actions":[{"type":"keyDown","value":"î€‡"},{"type":"pause","duration":10},{"type":"keyUp","value":"î€‡"}]}]}
COMMAND: GET /session/ee8c0ad77c32eb6cf27ae9120157f0fa/screenshot - {}
RESULT: {}
COMMAND: POST /session/ee8c0ad77c32eb6cf27ae9120157f0fa/execute/async - {"script":"<script> [1562 bytes]","args":[{"selector":{"id":"application-managehandovers-display-component---AddNewHO--popup-sa","searchOpenDialogs":true,"interaction":{"idSuffix":"CbBg"}},"wdio_ui5_key":"applicationmanagehandovers-display-component---AddNewHO--popup-sa"}]}
RESULT: {"script":"<script> [1562 bytes]","args":[{"selector":{"id":"application-managehandovers-display-component---AddNewHO--popup-sa","searchOpenDialogs":true,"interaction":{"idSuffix":"CbBg"}},"wdio_ui5_key":"applicationmanagehandovers-display-component---AddNewHO--popup-sa"}]}
RESULT: undefined
COMMAND: POST /session/ee8c0ad77c32eb6cf27ae9120157f0fa/element - {"using":"xpath","value":"//*[@id=\"application-managehandovers-display-component---AddNewHO--popup-sa\"]"}
RESULT: {"using":"xpath","value":"//*[@id=\"application-managehandovers-display-component---AddNewHO--popup-sa\"]"}
COMMAND: POST /session/ee8c0ad77c32eb6cf27ae9120157f0fa/element/f.4EEDEA8BBD1FF6E0A028415A04A49F5E.d.7C02828845492F4AF80D82DCD433690E.e.19991/click - {}
RESULT: {}
COMMAND: GET /session/ee8c0ad77c32eb6cf27ae9120157f0fa/screenshot - {}
RESULT: {}
COMMAND: POST /session/ee8c0ad77c32eb6cf27ae9120157f0fa/element - {"using":"xpath","value":"//bdi[contains(text(), \"Select\")]"}
RESULT: {"using":"xpath","value":"//bdi[contains(text(), \"Select\")]"}
COMMAND: POST /session/ee8c0ad77c32eb6cf27ae9120157f0fa/element/f.4EEDEA8BBD1FF6E0A028415A04A49F5E.d.7C02828845492F4AF80D82DCD433690E.e.19992/click - {}
RESULT: {}
COMMAND: GET /session/ee8c0ad77c32eb6cf27ae9120157f0fa/screenshot - {}
RESULT: {}
COMMAND: POST /session/ee8c0ad77c32eb6cf27ae9120157f0fa/element - {"using":"xpath","value":"//button[@data-kt=\"AddNewHOSaveButton\"]"}
RESULT: {"using":"xpath","value":"//button[@data-kt=\"AddNewHOSaveButton\"]"}
COMMAND: POST /session/ee8c0ad77c32eb6cf27ae9120157f0fa/element/f.4EEDEA8BBD1FF6E0A028415A04A49F5E.d.7C02828845492F4AF80D82DCD433690E.e.19996/click - {}
RESULT: {}
COMMAND: GET /session/ee8c0ad77c32eb6cf27ae9120157f0fa/screenshot - {}
COMMAND: POST /session/ee8c0ad77c32eb6cf27ae9120157f0fa/execute/async - {"script":"<script> [1562 bytes]","args":[{"selector":{"id":"receiptDatePicker","viewName":"etm.portal.ui.managehandovers.view.DetailExecuteHO","interaction":{"idSuffix":"inner"}},"wdio_ui5_key":"receiptDatePickeretmportal.ui.managehandovers.view.DetailExecuteHO"}]}
RESULT: {}
RESULT: {"script":"<script> [1562 bytes]","args":[{"selector":{"id":"receiptDatePicker","viewName":"etm.portal.ui.managehandovers.view.DetailExecuteHO","interaction":{"idSuffix":"inner"}},"wdio_ui5_key":"receiptDatePickeretmportal.ui.managehandovers.view.DetailExecuteHO"}]}
RESULT: undefined
COMMAND: POST /session/ee8c0ad77c32eb6cf27ae9120157f0fa/execute/async - {"script":"<script> [6424 bytes]","args":[{"element-6066-11e4-a52e-4f735466cecf":"f.4EEDEA8BBD1FF6E0A028415A04A49F5E.d.7C02828845492F4AF80D82DCD433690E.e.20012"},"setValue",["5/14/25"]]}
RESULT: {"script":"<script> [6424 bytes]","args":[{"element-6066-11e4-a52e-4f735466cecf":"f.4EEDEA8BBD1FF6E0A028415A04A49F5E.d.7C02828845492F4AF80D82DCD433690E.e.20012"},"setValue",["5/14/25"]]}
COMMAND: POST /session/ee8c0ad77c32eb6cf27ae9120157f0fa/element - {"using":"xpath","value":"//button[@data-kt=\"PickingTableConfirmAllButton\"]"}
RESULT: {"using":"xpath","value":"//button[@data-kt=\"PickingTableConfirmAllButton\"]"}
COMMAND: POST /session/ee8c0ad77c32eb6cf27ae9120157f0fa/element/f.4EEDEA8BBD1FF6E0A028415A04A49F5E.d.7C02828845492F4AF80D82DCD433690E.e.20028/click - {}
RESULT: {}
COMMAND: GET /session/ee8c0ad77c32eb6cf27ae9120157f0fa/screenshot - {}
RESULT: {}
COMMAND: POST /session/ee8c0ad77c32eb6cf27ae9120157f0fa/element - {"using":"xpath","value":"//bdi[contains(text(), \"OK\")]"}
RESULT: {"using":"xpath","value":"//bdi[contains(text(), \"OK\")]"}
COMMAND: POST /session/ee8c0ad77c32eb6cf27ae9120157f0fa/element/f.4EEDEA8BBD1FF6E0A028415A04A49F5E.d.7C02828845492F4AF80D82DCD433690E.e.20030/click - {}
RESULT: {}
COMMAND: GET /session/ee8c0ad77c32eb6cf27ae9120157f0fa/screenshot - {}
RESULT: {}
COMMAND: POST /session/ee8c0ad77c32eb6cf27ae9120157f0fa/element - {"using":"xpath","value":"(//bdi[contains(text(), \"Receive\")])[2]"}
RESULT: {"using":"xpath","value":"(//bdi[contains(text(), \"Receive\")])[2]"}
COMMAND: POST /session/ee8c0ad77c32eb6cf27ae9120157f0fa/element/f.4EEDEA8BBD1FF6E0A028415A04A49F5E.d.7C02828845492F4AF80D82DCD433690E.e.20032/click - {}
RESULT: {}
COMMAND: GET /session/ee8c0ad77c32eb6cf27ae9120157f0fa/screenshot - {}
RESULT: {}
COMMAND: POST /session/ee8c0ad77c32eb6cf27ae9120157f0fa/element - {"using":"css selector","value":"#shell-header-logo"}
RESULT: {"using":"css selector","value":"#shell-header-logo"}
COMMAND: POST /session/ee8c0ad77c32eb6cf27ae9120157f0fa/element/f.4EEDEA8BBD1FF6E0A028415A04A49F5E.d.7C02828845492F4AF80D82DCD433690E.e.19418/click - {}
RESULT: {}
COMMAND: GET /session/ee8c0ad77c32eb6cf27ae9120157f0fa/screenshot - {}
RESULT: {}
]]></system-out>
    </testcase>
    <testcase classname="chrome.136_0_7103_49.windows.Billing_Calculation_-_Time_based_(considering_transport_times)_US139738" name="Should create a new contract" time="71.983">
      <system-out><![CDATA[
COMMAND: POST /session/ee8c0ad77c32eb6cf27ae9120157f0fa/execute/async - {"script":"<script> [1562 bytes]","args":[{"selector":{"controlType":"sap.m.GenericTile","properties":{"header":"Manage Contracts"}},"wdio_ui5_key":"sapm.GenericTile{\"header\":\"Manage Contracts\"}"}]}
RESULT: {"script":"<script> [1562 bytes]","args":[{"selector":{"controlType":"sap.m.GenericTile","properties":{"header":"Manage Contracts"}},"wdio_ui5_key":"sapm.GenericTile{\"header\":\"Manage Contracts\"}"}]}
RESULT: undefined
COMMAND: POST /session/ee8c0ad77c32eb6cf27ae9120157f0fa/element - {"using":"xpath","value":"//*[@id=\"__tile131\"]"}
RESULT: {"using":"xpath","value":"//*[@id=\"__tile131\"]"}
COMMAND: POST /session/ee8c0ad77c32eb6cf27ae9120157f0fa/element/f.4EEDEA8BBD1FF6E0A028415A04A49F5E.d.7C02828845492F4AF80D82DCD433690E.e.18033/click - {}
RESULT: {}
COMMAND: GET /session/ee8c0ad77c32eb6cf27ae9120157f0fa/screenshot - {}
RESULT: {}
COMMAND: POST /session/ee8c0ad77c32eb6cf27ae9120157f0fa/elements - {"using":"xpath","value":"//span[text()='Error']"}
RESULT: {"using":"xpath","value":"//span[text()='Error']"}
COMMAND: POST /session/ee8c0ad77c32eb6cf27ae9120157f0fa/element - {"using":"xpath","value":"//button[@data-kt=\"addButton\"]"}
RESULT: {"using":"xpath","value":"//button[@data-kt=\"addButton\"]"}
COMMAND: POST /session/ee8c0ad77c32eb6cf27ae9120157f0fa/elements - {"using":"xpath","value":"//button[@data-kt=\"addButton\"]"}
RESULT: {"using":"xpath","value":"//button[@data-kt=\"addButton\"]"}
COMMAND: POST /session/ee8c0ad77c32eb6cf27ae9120157f0fa/execute/sync - {"script":"<script> [8489 bytes]","args":[{"element-6066-11e4-a52e-4f735466cecf":"f.4EEDEA8BBD1FF6E0A028415A04A49F5E.d.7C02828845492F4AF80D82DCD433690E.e.20246","ELEMENT":"f.4EEDEA8BBD1FF6E0A028415A04A49F5E.d.7C02828845492F4AF80D82DCD433690E.e.20246"}]}
RESULT: {"script":"<script> [8489 bytes]","args":[{"element-6066-11e4-a52e-4f735466cecf":"f.4EEDEA8BBD1FF6E0A028415A04A49F5E.d.7C02828845492F4AF80D82DCD433690E.e.20246","ELEMENT":"f.4EEDEA8BBD1FF6E0A028415A04A49F5E.d.7C02828845492F4AF80D82DCD433690E.e.20246"}]}
COMMAND: GET /session/ee8c0ad77c32eb6cf27ae9120157f0fa/element/f.4EEDEA8BBD1FF6E0A028415A04A49F5E.d.7C02828845492F4AF80D82DCD433690E.e.20246/enabled - {}
RESULT: {}
COMMAND: POST /session/ee8c0ad77c32eb6cf27ae9120157f0fa/execute/sync - {"script":"<script> [8489 bytes]","args":[{"element-6066-11e4-a52e-4f735466cecf":"f.4EEDEA8BBD1FF6E0A028415A04A49F5E.d.7C02828845492F4AF80D82DCD433690E.e.20246","ELEMENT":"f.4EEDEA8BBD1FF6E0A028415A04A49F5E.d.7C02828845492F4AF80D82DCD433690E.e.20246"}]}
RESULT: {"script":"<script> [8489 bytes]","args":[{"element-6066-11e4-a52e-4f735466cecf":"f.4EEDEA8BBD1FF6E0A028415A04A49F5E.d.7C02828845492F4AF80D82DCD433690E.e.20246","ELEMENT":"f.4EEDEA8BBD1FF6E0A028415A04A49F5E.d.7C02828845492F4AF80D82DCD433690E.e.20246"}]}
COMMAND: POST /session/ee8c0ad77c32eb6cf27ae9120157f0fa/execute/sync - {"script":"<script> [5351 bytes]","args":[{"element-6066-11e4-a52e-4f735466cecf":"f.4EEDEA8BBD1FF6E0A028415A04A49F5E.d.7C02828845492F4AF80D82DCD433690E.e.20246","ELEMENT":"f.4EEDEA8BBD1FF6E0A028415A04A49F5E.d.7C02828845492F4AF80D82DCD433690E.e.20246"}]}
RESULT: {"script":"<script> [5351 bytes]","args":[{"element-6066-11e4-a52e-4f735466cecf":"f.4EEDEA8BBD1FF6E0A028415A04A49F5E.d.7C02828845492F4AF80D82DCD433690E.e.20246","ELEMENT":"f.4EEDEA8BBD1FF6E0A028415A04A49F5E.d.7C02828845492F4AF80D82DCD433690E.e.20246"}]}
COMMAND: GET /session/ee8c0ad77c32eb6cf27ae9120157f0fa/screenshot - {}
COMMAND: GET /session/ee8c0ad77c32eb6cf27ae9120157f0fa/screenshot - {}
COMMAND: GET /session/ee8c0ad77c32eb6cf27ae9120157f0fa/screenshot - {}
COMMAND: GET /session/ee8c0ad77c32eb6cf27ae9120157f0fa/screenshot - {}
RESULT: {}
RESULT: {}
RESULT: {}
RESULT: {}
COMMAND: POST /session/ee8c0ad77c32eb6cf27ae9120157f0fa/element/f.4EEDEA8BBD1FF6E0A028415A04A49F5E.d.7C02828845492F4AF80D82DCD433690E.e.20246/click - {}
RESULT: {}
COMMAND: GET /session/ee8c0ad77c32eb6cf27ae9120157f0fa/screenshot - {}
COMMAND: POST /session/ee8c0ad77c32eb6cf27ae9120157f0fa/execute/async - {"script":"<script> [1562 bytes]","args":[{"selector":{"id":"application-managecontracts-display-component---AddNewContract--projectDescription","interaction":{"idSuffix":"inner"}},"wdio_ui5_key":"applicationmanagecontracts-display-component---AddNewContract--projectDescription"}]}
RESULT: {}
RESULT: {"script":"<script> [1562 bytes]","args":[{"selector":{"id":"application-managecontracts-display-component---AddNewContract--projectDescription","interaction":{"idSuffix":"inner"}},"wdio_ui5_key":"applicationmanagecontracts-display-component---AddNewContract--projectDescription"}]}
RESULT: undefined
COMMAND: POST /session/ee8c0ad77c32eb6cf27ae9120157f0fa/execute/async - {"script":"<script> [776 bytes]","args":[{"enterText":"Contract WDIO","selector":{"id":"application-managecontracts-display-component---AddNewContract--projectDescription","interaction":{"idSuffix":"inner"}},"clearTextFirst":true,"interactionType":"ENTER_TEXT"}]}
RESULT: {"script":"<script> [776 bytes]","args":[{"enterText":"Contract WDIO","selector":{"id":"application-managecontracts-display-component---AddNewContract--projectDescription","interaction":{"idSuffix":"inner"}},"clearTextFirst":true,"interactionType":"ENTER_TEXT"}]}
COMMAND: POST /session/ee8c0ad77c32eb6cf27ae9120157f0fa/element - {"using":"xpath","value":"//input[@id=\"application-managecontracts-display-component---AddNewContract--site-inner\"]"}
RESULT: {"using":"xpath","value":"//input[@id=\"application-managecontracts-display-component---AddNewContract--site-inner\"]"}
COMMAND: POST /session/ee8c0ad77c32eb6cf27ae9120157f0fa/element/f.4EEDEA8BBD1FF6E0A028415A04A49F5E.d.7C02828845492F4AF80D82DCD433690E.e.20608/clear - {}
RESULT: {}
COMMAND: POST /session/ee8c0ad77c32eb6cf27ae9120157f0fa/element/f.4EEDEA8BBD1FF6E0A028415A04A49F5E.d.7C02828845492F4AF80D82DCD433690E.e.20608/value - {"text":"2148"}
COMMAND: GET /session/ee8c0ad77c32eb6cf27ae9120157f0fa/screenshot - {}
RESULT: {"text":"2148"}
COMMAND: GET /session/ee8c0ad77c32eb6cf27ae9120157f0fa/screenshot - {}
RESULT: {}
RESULT: {}
COMMAND: POST /session/ee8c0ad77c32eb6cf27ae9120157f0fa/element - {"using":"xpath","value":"//li[.//span[text()='2148']]"}
RESULT: {"using":"xpath","value":"//li[.//span[text()='2148']]"}
COMMAND: POST /session/ee8c0ad77c32eb6cf27ae9120157f0fa/element/f.4EEDEA8BBD1FF6E0A028415A04A49F5E.d.7C02828845492F4AF80D82DCD433690E.e.20635/click - {}
RESULT: {}
COMMAND: GET /session/ee8c0ad77c32eb6cf27ae9120157f0fa/screenshot - {}
RESULT: {}
COMMAND: POST /session/ee8c0ad77c32eb6cf27ae9120157f0fa/element - {"using":"xpath","value":"//input[@id=\"application-managecontracts-display-component---AddNewContract--yardId-inner\"]"}
RESULT: {"using":"xpath","value":"//input[@id=\"application-managecontracts-display-component---AddNewContract--yardId-inner\"]"}
COMMAND: GET /session/ee8c0ad77c32eb6cf27ae9120157f0fa/element/f.4EEDEA8BBD1FF6E0A028415A04A49F5E.d.7C02828845492F4AF80D82DCD433690E.e.20609/property/value - {}
RESULT: {}
COMMAND: POST /session/ee8c0ad77c32eb6cf27ae9120157f0fa/element - {"using":"xpath","value":"//input[@id=\"application-managecontracts-display-component---AddNewContract--customerSelect-inner\"]"}
COMMAND: GET /session/ee8c0ad77c32eb6cf27ae9120157f0fa/screenshot - {}
RESULT: {"using":"xpath","value":"//input[@id=\"application-managecontracts-display-component---AddNewContract--customerSelect-inner\"]"}
COMMAND: POST /session/ee8c0ad77c32eb6cf27ae9120157f0fa/element/f.4EEDEA8BBD1FF6E0A028415A04A49F5E.d.7C02828845492F4AF80D82DCD433690E.e.20607/clear - {}
RESULT: {}
RESULT: {}
COMMAND: POST /session/ee8c0ad77c32eb6cf27ae9120157f0fa/element/f.4EEDEA8BBD1FF6E0A028415A04A49F5E.d.7C02828845492F4AF80D82DCD433690E.e.20607/value - {"text":"1180"}
COMMAND: GET /session/ee8c0ad77c32eb6cf27ae9120157f0fa/screenshot - {}
RESULT: {"text":"1180"}
COMMAND: GET /session/ee8c0ad77c32eb6cf27ae9120157f0fa/screenshot - {}
RESULT: {}
RESULT: {}
COMMAND: POST /session/ee8c0ad77c32eb6cf27ae9120157f0fa/element - {"using":"xpath","value":"//li[.//span[text()='1180']]"}
RESULT: {"using":"xpath","value":"//li[.//span[text()='1180']]"}
COMMAND: POST /session/ee8c0ad77c32eb6cf27ae9120157f0fa/element/f.4EEDEA8BBD1FF6E0A028415A04A49F5E.d.7C02828845492F4AF80D82DCD433690E.e.20638/click - {}
RESULT: {}
COMMAND: GET /session/ee8c0ad77c32eb6cf27ae9120157f0fa/screenshot - {}
RESULT: {}
COMMAND: POST /session/ee8c0ad77c32eb6cf27ae9120157f0fa/element - {"using":"xpath","value":"//button[@data-kt=\"saveButton\"]"}
RESULT: {"using":"xpath","value":"//button[@data-kt=\"saveButton\"]"}
COMMAND: POST /session/ee8c0ad77c32eb6cf27ae9120157f0fa/element/f.4EEDEA8BBD1FF6E0A028415A04A49F5E.d.7C02828845492F4AF80D82DCD433690E.e.20639/click - {}
RESULT: {}
COMMAND: GET /session/ee8c0ad77c32eb6cf27ae9120157f0fa/screenshot - {}
RESULT: {}
COMMAND: POST /session/ee8c0ad77c32eb6cf27ae9120157f0fa/element - {"using":"xpath","value":"//span[contains(@id ,\"contractDetailTitleNoExpanded\")]"}
RESULT: {"using":"xpath","value":"//span[contains(@id ,\"contractDetailTitleNoExpanded\")]"}
COMMAND: POST /session/ee8c0ad77c32eb6cf27ae9120157f0fa/elements - {"using":"xpath","value":"//span[contains(@id ,\"contractDetailTitleNoExpanded\")]"}
RESULT: {"using":"xpath","value":"//span[contains(@id ,\"contractDetailTitleNoExpanded\")]"}
COMMAND: POST /session/ee8c0ad77c32eb6cf27ae9120157f0fa/execute/sync - {"script":"<script> [56 bytes]","args":[{"element-6066-11e4-a52e-4f735466cecf":"f.4EEDEA8BBD1FF6E0A028415A04A49F5E.d.7C02828845492F4AF80D82DCD433690E.e.20649","ELEMENT":"f.4EEDEA8BBD1FF6E0A028415A04A49F5E.d.7C02828845492F4AF80D82DCD433690E.e.20649"}]}
RESULT: {"script":"<script> [56 bytes]","args":[{"element-6066-11e4-a52e-4f735466cecf":"f.4EEDEA8BBD1FF6E0A028415A04A49F5E.d.7C02828845492F4AF80D82DCD433690E.e.20649","ELEMENT":"f.4EEDEA8BBD1FF6E0A028415A04A49F5E.d.7C02828845492F4AF80D82DCD433690E.e.20649"}]}
COMMAND: GET /session/ee8c0ad77c32eb6cf27ae9120157f0fa/screenshot - {}
RESULT: {}
]]></system-out>
    </testcase>
    <testcase classname="chrome.136_0_7103_49.windows.Billing_Calculation_-_Time_based_(considering_transport_times)_US139738" name="Should add transport time checkbox on contract details" time="16.255">
      <system-out><![CDATA[
COMMAND: POST /session/ee8c0ad77c32eb6cf27ae9120157f0fa/element - {"using":"xpath","value":"//button[@data-kt=\"contractDetailEditBtnButton\"]"}
RESULT: {"using":"xpath","value":"//button[@data-kt=\"contractDetailEditBtnButton\"]"}
COMMAND: POST /session/ee8c0ad77c32eb6cf27ae9120157f0fa/element/f.4EEDEA8BBD1FF6E0A028415A04A49F5E.d.7C02828845492F4AF80D82DCD433690E.e.20650/click - {}
RESULT: {}
COMMAND: GET /session/ee8c0ad77c32eb6cf27ae9120157f0fa/screenshot - {}
RESULT: {}
COMMAND: POST /session/ee8c0ad77c32eb6cf27ae9120157f0fa/element - {"using":"xpath","value":"(//span[contains(text(), \"Contract Billing\")])[2]"}
RESULT: {"using":"xpath","value":"(//span[contains(text(), \"Contract Billing\")])[2]"}
COMMAND: POST /session/ee8c0ad77c32eb6cf27ae9120157f0fa/element/f.4EEDEA8BBD1FF6E0A028415A04A49F5E.d.7C02828845492F4AF80D82DCD433690E.e.20708/click - {}
RESULT: {}
COMMAND: GET /session/ee8c0ad77c32eb6cf27ae9120157f0fa/screenshot - {}
RESULT: {}
COMMAND: POST /session/ee8c0ad77c32eb6cf27ae9120157f0fa/element - {"using":"xpath","value":"(//div[contains(@id, \"transportTimesBilled-CbBg\")])"}
RESULT: {"using":"xpath","value":"(//div[contains(@id, \"transportTimesBilled-CbBg\")])"}
COMMAND: POST /session/ee8c0ad77c32eb6cf27ae9120157f0fa/element/f.4EEDEA8BBD1FF6E0A028415A04A49F5E.d.7C02828845492F4AF80D82DCD433690E.e.20738/click - {}
RESULT: {}
COMMAND: GET /session/ee8c0ad77c32eb6cf27ae9120157f0fa/screenshot - {}
RESULT: {}
COMMAND: POST /session/ee8c0ad77c32eb6cf27ae9120157f0fa/element - {"using":"xpath","value":"(//button[@data-kt=\"saveButton\"])[2]"}
RESULT: {"using":"xpath","value":"(//button[@data-kt=\"saveButton\"])[2]"}
COMMAND: POST /session/ee8c0ad77c32eb6cf27ae9120157f0fa/element/f.4EEDEA8BBD1FF6E0A028415A04A49F5E.d.7C02828845492F4AF80D82DCD433690E.e.20739/click - {}
RESULT: {}
COMMAND: GET /session/ee8c0ad77c32eb6cf27ae9120157f0fa/screenshot - {}
RESULT: {}
]]></system-out>
    </testcase>
    <testcase classname="chrome.136_0_7103_49.windows.Billing_Calculation_-_Time_based_(considering_transport_times)_US139738" name="Should add created equipment to contract" time="51.266">
      <system-out><![CDATA[
COMMAND: POST /session/ee8c0ad77c32eb6cf27ae9120157f0fa/element - {"using":"xpath","value":"//button[@data-kt=\"contractDetailEditBtnButton\"]"}
RESULT: {"using":"xpath","value":"//button[@data-kt=\"contractDetailEditBtnButton\"]"}
COMMAND: POST /session/ee8c0ad77c32eb6cf27ae9120157f0fa/element/f.4EEDEA8BBD1FF6E0A028415A04A49F5E.d.7C02828845492F4AF80D82DCD433690E.e.20650/click - {}
RESULT: {}
COMMAND: GET /session/ee8c0ad77c32eb6cf27ae9120157f0fa/screenshot - {}
RESULT: {}
COMMAND: POST /session/ee8c0ad77c32eb6cf27ae9120157f0fa/element - {"using":"xpath","value":"(//span[contains(text(), \"Additional Addresses\")])[2]"}
RESULT: {"using":"xpath","value":"(//span[contains(text(), \"Additional Addresses\")])[2]"}
COMMAND: POST /session/ee8c0ad77c32eb6cf27ae9120157f0fa/element/f.4EEDEA8BBD1FF6E0A028415A04A49F5E.d.7C02828845492F4AF80D82DCD433690E.e.20757/click - {}
RESULT: {}
COMMAND: GET /session/ee8c0ad77c32eb6cf27ae9120157f0fa/screenshot - {}
RESULT: {}
COMMAND: POST /session/ee8c0ad77c32eb6cf27ae9120157f0fa/element - {"using":"xpath","value":"//button[@data-kt=\"btnAddTableRowOverflowToolbarButton\"]"}
RESULT: {"using":"xpath","value":"//button[@data-kt=\"btnAddTableRowOverflowToolbarButton\"]"}
COMMAND: POST /session/ee8c0ad77c32eb6cf27ae9120157f0fa/element/f.4EEDEA8BBD1FF6E0A028415A04A49F5E.d.7C02828845492F4AF80D82DCD433690E.e.20759/click - {}
RESULT: {}
COMMAND: GET /session/ee8c0ad77c32eb6cf27ae9120157f0fa/screenshot - {}
RESULT: {}
COMMAND: POST /session/ee8c0ad77c32eb6cf27ae9120157f0fa/element - {"using":"xpath","value":"//div[(text() = 'Standard Entry' or . = 'Standard Entry')]"}
RESULT: {"using":"xpath","value":"//div[(text() = 'Standard Entry' or . = 'Standard Entry')]"}
COMMAND: POST /session/ee8c0ad77c32eb6cf27ae9120157f0fa/element/f.4EEDEA8BBD1FF6E0A028415A04A49F5E.d.7C02828845492F4AF80D82DCD433690E.e.20761/click - {}
RESULT: {}
COMMAND: GET /session/ee8c0ad77c32eb6cf27ae9120157f0fa/screenshot - {}
RESULT: {}
COMMAND: POST /session/ee8c0ad77c32eb6cf27ae9120157f0fa/element - {"using":"xpath","value":"//td[7]/div/div/input"}
RESULT: {"using":"xpath","value":"//td[7]/div/div/input"}
COMMAND: POST /session/ee8c0ad77c32eb6cf27ae9120157f0fa/element/f.4EEDEA8BBD1FF6E0A028415A04A49F5E.d.7C02828845492F4AF80D82DCD433690E.e.20770/clear - {}
RESULT: {}
COMMAND: POST /session/ee8c0ad77c32eb6cf27ae9120157f0fa/element/f.4EEDEA8BBD1FF6E0A028415A04A49F5E.d.7C02828845492F4AF80D82DCD433690E.e.20770/value - {"text":"1BMomGyo8u"}
COMMAND: GET /session/ee8c0ad77c32eb6cf27ae9120157f0fa/screenshot - {}
RESULT: {"text":"1BMomGyo8u"}
COMMAND: GET /session/ee8c0ad77c32eb6cf27ae9120157f0fa/screenshot - {}
RESULT: {}
RESULT: {}
COMMAND: POST /session/ee8c0ad77c32eb6cf27ae9120157f0fa/actions - {"actions":[{"id":"action76","type":"key","parameters":{},"actions":[{"type":"keyDown","value":"î€‡"},{"type":"pause","duration":10},{"type":"keyUp","value":"î€‡"}]}]}
RESULT: {"actions":[{"id":"action76","type":"key","parameters":{},"actions":[{"type":"keyDown","value":"î€‡"},{"type":"pause","duration":10},{"type":"keyUp","value":"î€‡"}]}]}
COMMAND: GET /session/ee8c0ad77c32eb6cf27ae9120157f0fa/screenshot - {}
RESULT: {}
COMMAND: POST /session/ee8c0ad77c32eb6cf27ae9120157f0fa/execute/sync - {"script":"<script> [276 bytes]","args":["No pricing information was found"]}
RESULT: {"script":"<script> [276 bytes]","args":["No pricing information was found"]}
COMMAND: POST /session/ee8c0ad77c32eb6cf27ae9120157f0fa/element - {"using":"xpath","value":"(//button[@data-kt=\"saveButton\"])[2]"}
COMMAND: GET /session/ee8c0ad77c32eb6cf27ae9120157f0fa/screenshot - {}
RESULT: {"using":"xpath","value":"(//button[@data-kt=\"saveButton\"])[2]"}
COMMAND: POST /session/ee8c0ad77c32eb6cf27ae9120157f0fa/element/f.4EEDEA8BBD1FF6E0A028415A04A49F5E.d.7C02828845492F4AF80D82DCD433690E.e.20739/click - {}
RESULT: {}
RESULT: {}
COMMAND: GET /session/ee8c0ad77c32eb6cf27ae9120157f0fa/screenshot - {}
RESULT: {}
COMMAND: POST /session/ee8c0ad77c32eb6cf27ae9120157f0fa/execute/sync - {"script":"<script> [276 bytes]","args":["Some contract items are having rental validity exceeding header rental validity"]}
RESULT: {"script":"<script> [276 bytes]","args":["Some contract items are having rental validity exceeding header rental validity"]}
COMMAND: GET /session/ee8c0ad77c32eb6cf27ae9120157f0fa/screenshot - {}
RESULT: {}
COMMAND: POST /session/ee8c0ad77c32eb6cf27ae9120157f0fa/element - {"using":"xpath","value":"//span[contains(@id ,\"contractItemsSmartTable-header-inner\")]"}
RESULT: {"using":"xpath","value":"//span[contains(@id ,\"contractItemsSmartTable-header-inner\")]"}
COMMAND: POST /session/ee8c0ad77c32eb6cf27ae9120157f0fa/elements - {"using":"xpath","value":"//span[contains(@id ,\"contractItemsSmartTable-header-inner\")]"}
RESULT: {"using":"xpath","value":"//span[contains(@id ,\"contractItemsSmartTable-header-inner\")]"}
COMMAND: POST /session/ee8c0ad77c32eb6cf27ae9120157f0fa/execute/sync - {"script":"<script> [56 bytes]","args":[{"element-6066-11e4-a52e-4f735466cecf":"f.4EEDEA8BBD1FF6E0A028415A04A49F5E.d.7C02828845492F4AF80D82DCD433690E.e.20792","ELEMENT":"f.4EEDEA8BBD1FF6E0A028415A04A49F5E.d.7C02828845492F4AF80D82DCD433690E.e.20792"}]}
RESULT: {"script":"<script> [56 bytes]","args":[{"element-6066-11e4-a52e-4f735466cecf":"f.4EEDEA8BBD1FF6E0A028415A04A49F5E.d.7C02828845492F4AF80D82DCD433690E.e.20792","ELEMENT":"f.4EEDEA8BBD1FF6E0A028415A04A49F5E.d.7C02828845492F4AF80D82DCD433690E.e.20792"}]}
]]></system-out>
    </testcase>
    <testcase classname="chrome.136_0_7103_49.windows.Billing_Calculation_-_Time_based_(considering_transport_times)_US139738" name="Should do a provide to site 2 step" time="170.174">
      <system-out><![CDATA[
COMMAND: POST /session/ee8c0ad77c32eb6cf27ae9120157f0fa/element - {"using":"xpath","value":"//button[@data-kt=\"provideButton\"]"}
COMMAND: GET /session/ee8c0ad77c32eb6cf27ae9120157f0fa/screenshot - {}
RESULT: {"using":"xpath","value":"//button[@data-kt=\"provideButton\"]"}
COMMAND: POST /session/ee8c0ad77c32eb6cf27ae9120157f0fa/element/f.4EEDEA8BBD1FF6E0A028415A04A49F5E.d.7C02828845492F4AF80D82DCD433690E.e.20793/click - {}
RESULT: {}
RESULT: {}
COMMAND: GET /session/ee8c0ad77c32eb6cf27ae9120157f0fa/screenshot - {}
RESULT: {}
COMMAND: POST /session/ee8c0ad77c32eb6cf27ae9120157f0fa/element - {"using":"xpath","value":"(//div[contains(@id, \"application-managehandovers-display-component---AddNewHO--oneStep-CbBg\")])"}
RESULT: {"using":"xpath","value":"(//div[contains(@id, \"application-managehandovers-display-component---AddNewHO--oneStep-CbBg\")])"}
COMMAND: POST /session/ee8c0ad77c32eb6cf27ae9120157f0fa/element - {"using":"xpath","value":"(//div[contains(@id, \"application-managehandovers-display-component---AddNewHO--oneStep-CbBg\")])/input"}
RESULT: {"using":"xpath","value":"(//div[contains(@id, \"application-managehandovers-display-component---AddNewHO--oneStep-CbBg\")])/input"}
COMMAND: GET /session/ee8c0ad77c32eb6cf27ae9120157f0fa/element/f.4EEDEA8BBD1FF6E0A028415A04A49F5E.d.7C02828845492F4AF80D82DCD433690E.e.20871/attribute/checked - {}
RESULT: {}
RESULT: undefined
COMMAND: POST /session/ee8c0ad77c32eb6cf27ae9120157f0fa/execute/async - {"script":"<script> [6424 bytes]","args":[{"element-6066-11e4-a52e-4f735466cecf":"f.4EEDEA8BBD1FF6E0A028415A04A49F5E.d.7C02828845492F4AF80D82DCD433690E.e.19811"},"setValue",["5/14/25"]]}
COMMAND: POST /session/ee8c0ad77c32eb6cf27ae9120157f0fa/element/f.4EEDEA8BBD1FF6E0A028415A04A49F5E.d.7C02828845492F4AF80D82DCD433690E.e.21109/click - {}
COMMAND: POST /session/ee8c0ad77c32eb6cf27ae9120157f0fa/execute/async - {"script":"<script> [1562 bytes]","args":[{"selector":{"id":"application-managehandovers-display-component---AddNewHO--dueDate","interaction":{"idSuffix":"inner"}},"wdio_ui5_key":"applicationmanagehandovers-display-component---AddNewHO--dueDate"}]}
RESULT: {}
COMMAND: GET /session/ee8c0ad77c32eb6cf27ae9120157f0fa/screenshot - {}
RESULT: {"script":"<script> [1562 bytes]","args":[{"selector":{"id":"application-managehandovers-display-component---AddNewHO--dueDate","interaction":{"idSuffix":"inner"}},"wdio_ui5_key":"applicationmanagehandovers-display-component---AddNewHO--dueDate"}]}
COMMAND: POST /session/ee8c0ad77c32eb6cf27ae9120157f0fa/execute/async - {"script":"<script> [6424 bytes]","args":[{"element-6066-11e4-a52e-4f735466cecf":"f.4EEDEA8BBD1FF6E0A028415A04A49F5E.d.7C02828845492F4AF80D82DCD433690E.e.20869"},"setValue",["5/14/25"]]}
RESULT: {}
RESULT: {"script":"<script> [6424 bytes]","args":[{"element-6066-11e4-a52e-4f735466cecf":"f.4EEDEA8BBD1FF6E0A028415A04A49F5E.d.7C02828845492F4AF80D82DCD433690E.e.20869"},"setValue",["5/14/25"]]}
COMMAND: POST /session/ee8c0ad77c32eb6cf27ae9120157f0fa/element - {"using":"xpath","value":"//bdi[contains(text(), \"Instructions\")]"}
RESULT: {"using":"xpath","value":"//bdi[contains(text(), \"Instructions\")]"}
COMMAND: POST /session/ee8c0ad77c32eb6cf27ae9120157f0fa/element/f.4EEDEA8BBD1FF6E0A028415A04A49F5E.d.7C02828845492F4AF80D82DCD433690E.e.21111/click - {}
RESULT: {}
COMMAND: GET /session/ee8c0ad77c32eb6cf27ae9120157f0fa/screenshot - {}
RESULT: {}
COMMAND: POST /session/ee8c0ad77c32eb6cf27ae9120157f0fa/element - {"using":"xpath","value":"//button[@data-kt=\"AddNewHOProvideAddItemsButton\"]"}
RESULT: {"using":"xpath","value":"//button[@data-kt=\"AddNewHOProvideAddItemsButton\"]"}
COMMAND: POST /session/ee8c0ad77c32eb6cf27ae9120157f0fa/element/f.4EEDEA8BBD1FF6E0A028415A04A49F5E.d.7C02828845492F4AF80D82DCD433690E.e.21115/click - {}
RESULT: {}
COMMAND: GET /session/ee8c0ad77c32eb6cf27ae9120157f0fa/screenshot - {}
RESULT: {}
RESULT: undefined
COMMAND: POST /session/ee8c0ad77c32eb6cf27ae9120157f0fa/element - {"using":"xpath","value":"//*[@id=\"application-managehandovers-display-component---AddNewHO--popup-sa\"]"}
RESULT: {"using":"xpath","value":"//*[@id=\"application-managehandovers-display-component---AddNewHO--popup-sa\"]"}
COMMAND: POST /session/ee8c0ad77c32eb6cf27ae9120157f0fa/element/f.4EEDEA8BBD1FF6E0A028415A04A49F5E.d.7C02828845492F4AF80D82DCD433690E.e.21130/click - {}
RESULT: {}
COMMAND: GET /session/ee8c0ad77c32eb6cf27ae9120157f0fa/screenshot - {}
RESULT: {}
COMMAND: POST /session/ee8c0ad77c32eb6cf27ae9120157f0fa/element - {"using":"xpath","value":"//*[contains(@id ,\"BDI-content\")][contains(text(), \"Select\")]"}
RESULT: {"using":"xpath","value":"//*[contains(@id ,\"BDI-content\")][contains(text(), \"Select\")]"}
COMMAND: POST /session/ee8c0ad77c32eb6cf27ae9120157f0fa/element/f.4EEDEA8BBD1FF6E0A028415A04A49F5E.d.7C02828845492F4AF80D82DCD433690E.e.21132/click - {}
RESULT: {}
COMMAND: GET /session/ee8c0ad77c32eb6cf27ae9120157f0fa/screenshot - {}
RESULT: {}
COMMAND: POST /session/ee8c0ad77c32eb6cf27ae9120157f0fa/execute/async - {"script":"<script> [1562 bytes]","args":[{"selector":{"id":"application-managehandovers-display-component---AddNewHO--confirmCreationButton","interaction":{"idSuffix":"BDI-content"}},"wdio_ui5_key":"applicationmanagehandovers-display-component---AddNewHO--confirmCreationButton"}]}
RESULT: {"script":"<script> [1562 bytes]","args":[{"selector":{"id":"application-managehandovers-display-component---AddNewHO--confirmCreationButton","interaction":{"idSuffix":"BDI-content"}},"wdio_ui5_key":"applicationmanagehandovers-display-component---AddNewHO--confirmCreationButton"}]}
RESULT: undefined
COMMAND: POST /session/ee8c0ad77c32eb6cf27ae9120157f0fa/element - {"using":"xpath","value":"//*[@id=\"application-managehandovers-display-component---AddNewHO--confirmCreationButton\"]"}
RESULT: {"using":"xpath","value":"//*[@id=\"application-managehandovers-display-component---AddNewHO--confirmCreationButton\"]"}
COMMAND: POST /session/ee8c0ad77c32eb6cf27ae9120157f0fa/element/f.4EEDEA8BBD1FF6E0A028415A04A49F5E.d.7C02828845492F4AF80D82DCD433690E.e.20921/click - {}
RESULT: {}
COMMAND: GET /session/ee8c0ad77c32eb6cf27ae9120157f0fa/screenshot - {}
RESULT: {}
COMMAND: POST /session/ee8c0ad77c32eb6cf27ae9120157f0fa/execute/async - {"script":"<script> [1562 bytes]","args":[{"selector":{"id":"issueDatePicker","viewName":"etm.portal.ui.managehandovers.view.DetailExecuteHO","interaction":{"idSuffix":"inner"}},"wdio_ui5_key":"issueDatePickeretmportal.ui.managehandovers.view.DetailExecuteHO"}]}
RESULT: {"script":"<script> [1562 bytes]","args":[{"selector":{"id":"issueDatePicker","viewName":"etm.portal.ui.managehandovers.view.DetailExecuteHO","interaction":{"idSuffix":"inner"}},"wdio_ui5_key":"issueDatePickeretmportal.ui.managehandovers.view.DetailExecuteHO"}]}
RESULT: undefined
COMMAND: POST /session/ee8c0ad77c32eb6cf27ae9120157f0fa/execute/async - {"script":"<script> [776 bytes]","args":[{"enterText":"5/14/25","selector":{"id":"issueDatePicker","viewName":"etm.portal.ui.managehandovers.view.DetailExecuteHO","interaction":{"idSuffix":"inner"}},"clearTextFirst":true,"interactionType":"ENTER_TEXT"}]}
RESULT: {"script":"<script> [776 bytes]","args":[{"enterText":"5/14/25","selector":{"id":"issueDatePicker","viewName":"etm.portal.ui.managehandovers.view.DetailExecuteHO","interaction":{"idSuffix":"inner"}},"clearTextFirst":true,"interactionType":"ENTER_TEXT"}]}
COMMAND: POST /session/ee8c0ad77c32eb6cf27ae9120157f0fa/element - {"using":"xpath","value":"//bdi[contains(text(), \"OK\")]"}
RESULT: {"using":"xpath","value":"//bdi[contains(text(), \"OK\")]"}
COMMAND: POST /session/ee8c0ad77c32eb6cf27ae9120157f0fa/element/f.4EEDEA8BBD1FF6E0A028415A04A49F5E.d.7C02828845492F4AF80D82DCD433690E.e.21180/click - {}
RESULT: {}
COMMAND: GET /session/ee8c0ad77c32eb6cf27ae9120157f0fa/screenshot - {}
RESULT: {}
COMMAND: POST /session/ee8c0ad77c32eb6cf27ae9120157f0fa/element - {"using":"xpath","value":"//button[@data-kt=\"PickingTableConfirmAllButton\"]"}
RESULT: {"using":"xpath","value":"//button[@data-kt=\"PickingTableConfirmAllButton\"]"}
COMMAND: POST /session/ee8c0ad77c32eb6cf27ae9120157f0fa/element/f.4EEDEA8BBD1FF6E0A028415A04A49F5E.d.7C02828845492F4AF80D82DCD433690E.e.21188/click - {}
RESULT: {}
COMMAND: GET /session/ee8c0ad77c32eb6cf27ae9120157f0fa/screenshot - {}
RESULT: {}
COMMAND: POST /session/ee8c0ad77c32eb6cf27ae9120157f0fa/element - {"using":"xpath","value":"//bdi[contains(text(), \"OK\")]"}
RESULT: {"using":"xpath","value":"//bdi[contains(text(), \"OK\")]"}
COMMAND: POST /session/ee8c0ad77c32eb6cf27ae9120157f0fa/element/f.4EEDEA8BBD1FF6E0A028415A04A49F5E.d.7C02828845492F4AF80D82DCD433690E.e.21191/click - {}
RESULT: {}
COMMAND: GET /session/ee8c0ad77c32eb6cf27ae9120157f0fa/screenshot - {}
RESULT: {}
COMMAND: POST /session/ee8c0ad77c32eb6cf27ae9120157f0fa/element - {"using":"xpath","value":"//button[@data-kt=\"execHoPickButton\"]"}
RESULT: {"using":"xpath","value":"//button[@data-kt=\"execHoPickButton\"]"}
COMMAND: POST /session/ee8c0ad77c32eb6cf27ae9120157f0fa/element/f.4EEDEA8BBD1FF6E0A028415A04A49F5E.d.7C02828845492F4AF80D82DCD433690E.e.21193/click - {}
RESULT: {}
COMMAND: GET /session/ee8c0ad77c32eb6cf27ae9120157f0fa/screenshot - {}
RESULT: {}
COMMAND: POST /session/ee8c0ad77c32eb6cf27ae9120157f0fa/element - {"using":"xpath","value":"//span[contains(@id ,\"filterItemControl_BASIC-RECEIVE_CONTRACT-vhi\")]"}
RESULT: {"using":"xpath","value":"//span[contains(@id ,\"filterItemControl_BASIC-RECEIVE_CONTRACT-vhi\")]"}
COMMAND: POST /session/ee8c0ad77c32eb6cf27ae9120157f0fa/element/f.4EEDEA8BBD1FF6E0A028415A04A49F5E.d.7C02828845492F4AF80D82DCD433690E.e.21367/click - {}
RESULT: {}
COMMAND: GET /session/ee8c0ad77c32eb6cf27ae9120157f0fa/screenshot - {}
RESULT: {}
COMMAND: POST /session/ee8c0ad77c32eb6cf27ae9120157f0fa/execute/async - {"script":"<script> [1562 bytes]","args":[{"selector":{"controlType":"sap.m.SearchField","viewName":"etm.portal.ui.managehandovers.view.MasterHO","bindingPath":{"path":"","propertyPath":"/_BASIC_SEARCH_FIELD","modelName":"fi1t3rM0d31"},"searchOpenDialogs":true,"interaction":{"idSuffix":"I"}},"wdio_ui5_key":"etmportal.ui.managehandovers.view.MasterHOsap.m.SearchField{\"path\":\"\",\"propertyPath\":\"/_BASIC_SEARCH_FIELD\",\"modelName\":\"fi1t3rM0d31\"}"}]}
RESULT: {"script":"<script> [1562 bytes]","args":[{"selector":{"controlType":"sap.m.SearchField","viewName":"etm.portal.ui.managehandovers.view.MasterHO","bindingPath":{"path":"","propertyPath":"/_BASIC_SEARCH_FIELD","modelName":"fi1t3rM0d31"},"searchOpenDialogs":true,"interaction":{"idSuffix":"I"}},"wdio_ui5_key":"etmportal.ui.managehandovers.view.MasterHOsap.m.SearchField{\"path\":\"\",\"propertyPath\":\"/_BASIC_SEARCH_FIELD\",\"modelName\":\"fi1t3rM0d31\"}"}]}
RESULT: undefined
COMMAND: POST /session/ee8c0ad77c32eb6cf27ae9120157f0fa/execute/async - {"script":"<script> [776 bytes]","args":[{"enterText":"10223","selector":{"controlType":"sap.m.SearchField","viewName":"etm.portal.ui.managehandovers.view.MasterHO","bindingPath":{"path":"","propertyPath":"/_BASIC_SEARCH_FIELD","modelName":"fi1t3rM0d31"},"searchOpenDialogs":true,"interaction":{"idSuffix":"I"}},"clearTextFirst":true,"interactionType":"ENTER_TEXT"}]}
RESULT: {"script":"<script> [776 bytes]","args":[{"enterText":"10223","selector":{"controlType":"sap.m.SearchField","viewName":"etm.portal.ui.managehandovers.view.MasterHO","bindingPath":{"path":"","propertyPath":"/_BASIC_SEARCH_FIELD","modelName":"fi1t3rM0d31"},"searchOpenDialogs":true,"interaction":{"idSuffix":"I"}},"clearTextFirst":true,"interactionType":"ENTER_TEXT"}]}
COMMAND: POST /session/ee8c0ad77c32eb6cf27ae9120157f0fa/actions - {"actions":[{"id":"action77","type":"key","parameters":{},"actions":[{"type":"keyDown","value":"î€‡"},{"type":"pause","duration":10},{"type":"keyUp","value":"î€‡"}]}]}
RESULT: {"actions":[{"id":"action77","type":"key","parameters":{},"actions":[{"type":"keyDown","value":"î€‡"},{"type":"pause","duration":10},{"type":"keyUp","value":"î€‡"}]}]}
COMMAND: GET /session/ee8c0ad77c32eb6cf27ae9120157f0fa/screenshot - {}
RESULT: {}
COMMAND: POST /session/ee8c0ad77c32eb6cf27ae9120157f0fa/element - {"using":"xpath","value":"//div[contains(@id, 'filterItemControl_BASIC-RECEIVE_CONTRACT-valueHelpDialog-table-rowsel0')]"}
RESULT: {"using":"xpath","value":"//div[contains(@id, 'filterItemControl_BASIC-RECEIVE_CONTRACT-valueHelpDialog-table-rowsel0')]"}
COMMAND: POST /session/ee8c0ad77c32eb6cf27ae9120157f0fa/element/f.4EEDEA8BBD1FF6E0A028415A04A49F5E.d.7C02828845492F4AF80D82DCD433690E.e.21377/click - {}
RESULT: {}
COMMAND: GET /session/ee8c0ad77c32eb6cf27ae9120157f0fa/screenshot - {}
RESULT: {}
COMMAND: POST /session/ee8c0ad77c32eb6cf27ae9120157f0fa/element - {"using":"xpath","value":"//bdi[contains(text(), \"OK\")]"}
RESULT: {"using":"xpath","value":"//bdi[contains(text(), \"OK\")]"}
COMMAND: POST /session/ee8c0ad77c32eb6cf27ae9120157f0fa/element/f.4EEDEA8BBD1FF6E0A028415A04A49F5E.d.7C02828845492F4AF80D82DCD433690E.e.21379/click - {}
RESULT: {}
COMMAND: GET /session/ee8c0ad77c32eb6cf27ae9120157f0fa/screenshot - {}
RESULT: {}
COMMAND: POST /session/ee8c0ad77c32eb6cf27ae9120157f0fa/element - {"using":"xpath","value":"//span[contains(@id, \"smartTable-header-inner\")]"}
RESULT: {"using":"xpath","value":"//span[contains(@id, \"smartTable-header-inner\")]"}
COMMAND: POST /session/ee8c0ad77c32eb6cf27ae9120157f0fa/elements - {"using":"xpath","value":"//span[contains(@id, \"smartTable-header-inner\")]"}
RESULT: {"using":"xpath","value":"//span[contains(@id, \"smartTable-header-inner\")]"}
COMMAND: POST /session/ee8c0ad77c32eb6cf27ae9120157f0fa/execute/sync - {"script":"<script> [56 bytes]","args":[{"element-6066-11e4-a52e-4f735466cecf":"f.4EEDEA8BBD1FF6E0A028415A04A49F5E.d.7C02828845492F4AF80D82DCD433690E.e.21407","ELEMENT":"f.4EEDEA8BBD1FF6E0A028415A04A49F5E.d.7C02828845492F4AF80D82DCD433690E.e.21407"}]}
RESULT: {"script":"<script> [56 bytes]","args":[{"element-6066-11e4-a52e-4f735466cecf":"f.4EEDEA8BBD1FF6E0A028415A04A49F5E.d.7C02828845492F4AF80D82DCD433690E.e.21407","ELEMENT":"f.4EEDEA8BBD1FF6E0A028415A04A49F5E.d.7C02828845492F4AF80D82DCD433690E.e.21407"}]}
COMMAND: POST /session/ee8c0ad77c32eb6cf27ae9120157f0fa/element - {"using":"xpath","value":"//table[contains(@id, \"customHandovers\")]//tbody/tr[1]/td[2]/span"}
COMMAND: GET /session/ee8c0ad77c32eb6cf27ae9120157f0fa/screenshot - {}
RESULT: {"using":"xpath","value":"//table[contains(@id, \"customHandovers\")]//tbody/tr[1]/td[2]/span"}
COMMAND: POST /session/ee8c0ad77c32eb6cf27ae9120157f0fa/execute/sync - {"script":"<script> [56 bytes]","args":[{"element-6066-11e4-a52e-4f735466cecf":"f.4EEDEA8BBD1FF6E0A028415A04A49F5E.d.7C02828845492F4AF80D82DCD433690E.e.21408","ELEMENT":"f.4EEDEA8BBD1FF6E0A028415A04A49F5E.d.7C02828845492F4AF80D82DCD433690E.e.21408"}]}
RESULT: {}
RESULT: {"script":"<script> [56 bytes]","args":[{"element-6066-11e4-a52e-4f735466cecf":"f.4EEDEA8BBD1FF6E0A028415A04A49F5E.d.7C02828845492F4AF80D82DCD433690E.e.21408","ELEMENT":"f.4EEDEA8BBD1FF6E0A028415A04A49F5E.d.7C02828845492F4AF80D82DCD433690E.e.21408"}]}
COMMAND: POST /session/ee8c0ad77c32eb6cf27ae9120157f0fa/element - {"using":"xpath","value":"(//span[contains(@id, \"imgNav\")])[1]"}
COMMAND: GET /session/ee8c0ad77c32eb6cf27ae9120157f0fa/screenshot - {}
RESULT: {"using":"xpath","value":"(//span[contains(@id, \"imgNav\")])[1]"}
COMMAND: POST /session/ee8c0ad77c32eb6cf27ae9120157f0fa/element/f.4EEDEA8BBD1FF6E0A028415A04A49F5E.d.7C02828845492F4AF80D82DCD433690E.e.21406/click - {}
RESULT: {}
RESULT: {}
COMMAND: GET /session/ee8c0ad77c32eb6cf27ae9120157f0fa/screenshot - {}
RESULT: {}
RESULT: undefined
COMMAND: POST /session/ee8c0ad77c32eb6cf27ae9120157f0fa/execute/async - {"script":"<script> [776 bytes]","args":[{"enterText":"5/14/25","selector":{"id":"issueDatePicker","viewName":"etm.portal.ui.managehandovers.view.DetailExecuteHO","interaction":{"idSuffix":"inner"}},"clearTextFirst":true,"interactionType":"ENTER_TEXT"}]}
RESULT: {"script":"<script> [776 bytes]","args":[{"enterText":"5/14/25","selector":{"id":"issueDatePicker","viewName":"etm.portal.ui.managehandovers.view.DetailExecuteHO","interaction":{"idSuffix":"inner"}},"clearTextFirst":true,"interactionType":"ENTER_TEXT"}]}
COMMAND: POST /session/ee8c0ad77c32eb6cf27ae9120157f0fa/element - {"using":"xpath","value":"//button[@data-kt=\"PickingTableConfirmAllButton\"]"}
RESULT: {"using":"xpath","value":"//button[@data-kt=\"PickingTableConfirmAllButton\"]"}
COMMAND: POST /session/ee8c0ad77c32eb6cf27ae9120157f0fa/element/f.4EEDEA8BBD1FF6E0A028415A04A49F5E.d.7C02828845492F4AF80D82DCD433690E.e.21447/click - {}
RESULT: {}
COMMAND: GET /session/ee8c0ad77c32eb6cf27ae9120157f0fa/screenshot - {}
RESULT: {}
COMMAND: POST /session/ee8c0ad77c32eb6cf27ae9120157f0fa/element - {"using":"xpath","value":"//bdi[contains(text(), \"OK\")]"}
RESULT: {"using":"xpath","value":"//bdi[contains(text(), \"OK\")]"}
COMMAND: POST /session/ee8c0ad77c32eb6cf27ae9120157f0fa/element/f.4EEDEA8BBD1FF6E0A028415A04A49F5E.d.7C02828845492F4AF80D82DCD433690E.e.21460/click - {}
RESULT: {}
COMMAND: GET /session/ee8c0ad77c32eb6cf27ae9120157f0fa/screenshot - {}
RESULT: {}
COMMAND: POST /session/ee8c0ad77c32eb6cf27ae9120157f0fa/element - {"using":"xpath","value":"//button[@data-kt=\"execHoIssueButton\"]"}
RESULT: {"using":"xpath","value":"//button[@data-kt=\"execHoIssueButton\"]"}
COMMAND: POST /session/ee8c0ad77c32eb6cf27ae9120157f0fa/element/f.4EEDEA8BBD1FF6E0A028415A04A49F5E.d.7C02828845492F4AF80D82DCD433690E.e.21462/click - {}
RESULT: {}
COMMAND: GET /session/ee8c0ad77c32eb6cf27ae9120157f0fa/screenshot - {}
RESULT: {}
COMMAND: POST /session/ee8c0ad77c32eb6cf27ae9120157f0fa/element - {"using":"xpath","value":"//input[contains(@id ,\"smartFilterBar-btnBasicSearch-I\")]"}
RESULT: {"using":"xpath","value":"//input[contains(@id ,\"smartFilterBar-btnBasicSearch-I\")]"}
COMMAND: POST /session/ee8c0ad77c32eb6cf27ae9120157f0fa/elements - {"using":"xpath","value":"//input[contains(@id ,\"smartFilterBar-btnBasicSearch-I\")]"}
RESULT: {"using":"xpath","value":"//input[contains(@id ,\"smartFilterBar-btnBasicSearch-I\")]"}
COMMAND: POST /session/ee8c0ad77c32eb6cf27ae9120157f0fa/execute/sync - {"script":"<script> [8489 bytes]","args":[{"element-6066-11e4-a52e-4f735466cecf":"f.4EEDEA8BBD1FF6E0A028415A04A49F5E.d.7C02828845492F4AF80D82DCD433690E.e.20868","ELEMENT":"f.4EEDEA8BBD1FF6E0A028415A04A49F5E.d.7C02828845492F4AF80D82DCD433690E.e.20868"}]}
RESULT: {"script":"<script> [8489 bytes]","args":[{"element-6066-11e4-a52e-4f735466cecf":"f.4EEDEA8BBD1FF6E0A028415A04A49F5E.d.7C02828845492F4AF80D82DCD433690E.e.20868","ELEMENT":"f.4EEDEA8BBD1FF6E0A028415A04A49F5E.d.7C02828845492F4AF80D82DCD433690E.e.20868"}]}
COMMAND: GET /session/ee8c0ad77c32eb6cf27ae9120157f0fa/element/f.4EEDEA8BBD1FF6E0A028415A04A49F5E.d.7C02828845492F4AF80D82DCD433690E.e.20868/enabled - {}
COMMAND: GET /session/ee8c0ad77c32eb6cf27ae9120157f0fa/screenshot - {}
RESULT: {}
COMMAND: POST /session/ee8c0ad77c32eb6cf27ae9120157f0fa/element/f.4EEDEA8BBD1FF6E0A028415A04A49F5E.d.7C02828845492F4AF80D82DCD433690E.e.20868/clear - {}
COMMAND: GET /session/ee8c0ad77c32eb6cf27ae9120157f0fa/screenshot - {}
RESULT: {}
RESULT: {}
COMMAND: POST /session/ee8c0ad77c32eb6cf27ae9120157f0fa/element/f.4EEDEA8BBD1FF6E0A028415A04A49F5E.d.7C02828845492F4AF80D82DCD433690E.e.20868/value - {"text":"30399"}
COMMAND: GET /session/ee8c0ad77c32eb6cf27ae9120157f0fa/screenshot - {}
RESULT: {}
RESULT: {"text":"30399"}
COMMAND: GET /session/ee8c0ad77c32eb6cf27ae9120157f0fa/screenshot - {}
RESULT: {}
RESULT: {}
COMMAND: POST /session/ee8c0ad77c32eb6cf27ae9120157f0fa/actions - {"actions":[{"id":"action78","type":"key","parameters":{},"actions":[{"type":"keyDown","value":"î€‡"},{"type":"pause","duration":10},{"type":"keyUp","value":"î€‡"}]}]}
RESULT: {"actions":[{"id":"action78","type":"key","parameters":{},"actions":[{"type":"keyDown","value":"î€‡"},{"type":"pause","duration":10},{"type":"keyUp","value":"î€‡"}]}]}
COMMAND: GET /session/ee8c0ad77c32eb6cf27ae9120157f0fa/screenshot - {}
RESULT: {}
COMMAND: POST /session/ee8c0ad77c32eb6cf27ae9120157f0fa/element - {"using":"xpath","value":"//span[contains(@id, \"smartTable-header-inner\")]"}
RESULT: {"using":"xpath","value":"//span[contains(@id, \"smartTable-header-inner\")]"}
COMMAND: POST /session/ee8c0ad77c32eb6cf27ae9120157f0fa/elements - {"using":"xpath","value":"//span[contains(@id, \"smartTable-header-inner\")]"}
RESULT: {"using":"xpath","value":"//span[contains(@id, \"smartTable-header-inner\")]"}
COMMAND: POST /session/ee8c0ad77c32eb6cf27ae9120157f0fa/execute/sync - {"script":"<script> [56 bytes]","args":[{"element-6066-11e4-a52e-4f735466cecf":"f.4EEDEA8BBD1FF6E0A028415A04A49F5E.d.7C02828845492F4AF80D82DCD433690E.e.21407","ELEMENT":"f.4EEDEA8BBD1FF6E0A028415A04A49F5E.d.7C02828845492F4AF80D82DCD433690E.e.21407"}]}
RESULT: {"script":"<script> [56 bytes]","args":[{"element-6066-11e4-a52e-4f735466cecf":"f.4EEDEA8BBD1FF6E0A028415A04A49F5E.d.7C02828845492F4AF80D82DCD433690E.e.21407","ELEMENT":"f.4EEDEA8BBD1FF6E0A028415A04A49F5E.d.7C02828845492F4AF80D82DCD433690E.e.21407"}]}
COMMAND: POST /session/ee8c0ad77c32eb6cf27ae9120157f0fa/elements - {"using":"xpath","value":"//thead[contains(@class, \"sapMTableTH\")]/tr/th"}
COMMAND: GET /session/ee8c0ad77c32eb6cf27ae9120157f0fa/screenshot - {}
RESULT: {"using":"xpath","value":"//thead[contains(@class, \"sapMTableTH\")]/tr/th"}
COMMAND: GET /session/ee8c0ad77c32eb6cf27ae9120157f0fa/element/f.4EEDEA8BBD1FF6E0A028415A04A49F5E.d.7C02828845492F4AF80D82DCD433690E.e.21501/text - {}
RESULT: {}
RESULT: {}
COMMAND: GET /session/ee8c0ad77c32eb6cf27ae9120157f0fa/element/f.4EEDEA8BBD1FF6E0A028415A04A49F5E.d.7C02828845492F4AF80D82DCD433690E.e.21502/text - {}
RESULT: {}
COMMAND: GET /session/ee8c0ad77c32eb6cf27ae9120157f0fa/element/f.4EEDEA8BBD1FF6E0A028415A04A49F5E.d.7C02828845492F4AF80D82DCD433690E.e.20862/text - {}
RESULT: {}
COMMAND: GET /session/ee8c0ad77c32eb6cf27ae9120157f0fa/element/f.4EEDEA8BBD1FF6E0A028415A04A49F5E.d.7C02828845492F4AF80D82DCD433690E.e.20864/text - {}
RESULT: {}
COMMAND: GET /session/ee8c0ad77c32eb6cf27ae9120157f0fa/element/f.4EEDEA8BBD1FF6E0A028415A04A49F5E.d.7C02828845492F4AF80D82DCD433690E.e.21467/text - {}
RESULT: {}
COMMAND: GET /session/ee8c0ad77c32eb6cf27ae9120157f0fa/element/f.4EEDEA8BBD1FF6E0A028415A04A49F5E.d.7C02828845492F4AF80D82DCD433690E.e.21468/text - {}
RESULT: {}
COMMAND: GET /session/ee8c0ad77c32eb6cf27ae9120157f0fa/element/f.4EEDEA8BBD1FF6E0A028415A04A49F5E.d.7C02828845492F4AF80D82DCD433690E.e.21469/text - {}
RESULT: {}
COMMAND: GET /session/ee8c0ad77c32eb6cf27ae9120157f0fa/element/f.4EEDEA8BBD1FF6E0A028415A04A49F5E.d.7C02828845492F4AF80D82DCD433690E.e.21470/text - {}
RESULT: {}
COMMAND: GET /session/ee8c0ad77c32eb6cf27ae9120157f0fa/element/f.4EEDEA8BBD1FF6E0A028415A04A49F5E.d.7C02828845492F4AF80D82DCD433690E.e.21471/text - {}
RESULT: {}
COMMAND: GET /session/ee8c0ad77c32eb6cf27ae9120157f0fa/element/f.4EEDEA8BBD1FF6E0A028415A04A49F5E.d.7C02828845492F4AF80D82DCD433690E.e.21472/text - {}
RESULT: {}
COMMAND: GET /session/ee8c0ad77c32eb6cf27ae9120157f0fa/element/f.4EEDEA8BBD1FF6E0A028415A04A49F5E.d.7C02828845492F4AF80D82DCD433690E.e.21473/text - {}
RESULT: {}
COMMAND: GET /session/ee8c0ad77c32eb6cf27ae9120157f0fa/element/f.4EEDEA8BBD1FF6E0A028415A04A49F5E.d.7C02828845492F4AF80D82DCD433690E.e.21474/text - {}
RESULT: {}
COMMAND: GET /session/ee8c0ad77c32eb6cf27ae9120157f0fa/element/f.4EEDEA8BBD1FF6E0A028415A04A49F5E.d.7C02828845492F4AF80D82DCD433690E.e.21475/text - {}
RESULT: {}
COMMAND: GET /session/ee8c0ad77c32eb6cf27ae9120157f0fa/element/f.4EEDEA8BBD1FF6E0A028415A04A49F5E.d.7C02828845492F4AF80D82DCD433690E.e.20865/text - {}
RESULT: {}
COMMAND: POST /session/ee8c0ad77c32eb6cf27ae9120157f0fa/element - {"using":"xpath","value":"//tbody[contains(@id, \"customHandoversTable-tblBody\")]/tr[1]/td[14]/div/span"}
RESULT: {"using":"xpath","value":"//tbody[contains(@id, \"customHandoversTable-tblBody\")]/tr[1]/td[14]/div/span"}
COMMAND: POST /session/ee8c0ad77c32eb6cf27ae9120157f0fa/execute/sync - {"script":"<script> [56 bytes]","args":[{"element-6066-11e4-a52e-4f735466cecf":"f.4EEDEA8BBD1FF6E0A028415A04A49F5E.d.7C02828845492F4AF80D82DCD433690E.e.21554","ELEMENT":"f.4EEDEA8BBD1FF6E0A028415A04A49F5E.d.7C02828845492F4AF80D82DCD433690E.e.21554"}]}
RESULT: {"script":"<script> [56 bytes]","args":[{"element-6066-11e4-a52e-4f735466cecf":"f.4EEDEA8BBD1FF6E0A028415A04A49F5E.d.7C02828845492F4AF80D82DCD433690E.e.21554","ELEMENT":"f.4EEDEA8BBD1FF6E0A028415A04A49F5E.d.7C02828845492F4AF80D82DCD433690E.e.21554"}]}
COMMAND: POST /session/ee8c0ad77c32eb6cf27ae9120157f0fa/element - {"using":"xpath","value":"(//span[contains(@id, \"imgNav\")])[1]"}
COMMAND: GET /session/ee8c0ad77c32eb6cf27ae9120157f0fa/screenshot - {}
RESULT: {"using":"xpath","value":"(//span[contains(@id, \"imgNav\")])[1]"}
COMMAND: POST /session/ee8c0ad77c32eb6cf27ae9120157f0fa/element/f.4EEDEA8BBD1FF6E0A028415A04A49F5E.d.7C02828845492F4AF80D82DCD433690E.e.21555/click - {}
RESULT: {}
RESULT: {}
COMMAND: GET /session/ee8c0ad77c32eb6cf27ae9120157f0fa/screenshot - {}
RESULT: {}
RESULT: undefined
COMMAND: POST /session/ee8c0ad77c32eb6cf27ae9120157f0fa/execute/async - {"script":"<script> [776 bytes]","args":[{"enterText":"5/21/25","selector":{"id":"receiptDatePicker","viewName":"etm.portal.ui.managehandovers.view.DetailExecuteHO","interaction":{"idSuffix":"inner"}},"clearTextFirst":true,"interactionType":"ENTER_TEXT"}]}
RESULT: {"script":"<script> [776 bytes]","args":[{"enterText":"5/21/25","selector":{"id":"receiptDatePicker","viewName":"etm.portal.ui.managehandovers.view.DetailExecuteHO","interaction":{"idSuffix":"inner"}},"clearTextFirst":true,"interactionType":"ENTER_TEXT"}]}
COMMAND: POST /session/ee8c0ad77c32eb6cf27ae9120157f0fa/element - {"using":"xpath","value":"//bdi[contains(text(), \"OK\")]"}
RESULT: {"using":"xpath","value":"//bdi[contains(text(), \"OK\")]"}
COMMAND: POST /session/ee8c0ad77c32eb6cf27ae9120157f0fa/element/f.4EEDEA8BBD1FF6E0A028415A04A49F5E.d.7C02828845492F4AF80D82DCD433690E.e.21592/click - {}
RESULT: {}
COMMAND: GET /session/ee8c0ad77c32eb6cf27ae9120157f0fa/screenshot - {}
RESULT: {}
COMMAND: POST /session/ee8c0ad77c32eb6cf27ae9120157f0fa/element - {"using":"xpath","value":"//button[@data-kt=\"PickingTableConfirmAllButton\"]"}
RESULT: {"using":"xpath","value":"//button[@data-kt=\"PickingTableConfirmAllButton\"]"}
COMMAND: POST /session/ee8c0ad77c32eb6cf27ae9120157f0fa/element/f.4EEDEA8BBD1FF6E0A028415A04A49F5E.d.7C02828845492F4AF80D82DCD433690E.e.21574/click - {}
RESULT: {}
COMMAND: GET /session/ee8c0ad77c32eb6cf27ae9120157f0fa/screenshot - {}
RESULT: {}
COMMAND: POST /session/ee8c0ad77c32eb6cf27ae9120157f0fa/element - {"using":"xpath","value":"//bdi[contains(text(), \"OK\")]"}
RESULT: {"using":"xpath","value":"//bdi[contains(text(), \"OK\")]"}
COMMAND: POST /session/ee8c0ad77c32eb6cf27ae9120157f0fa/element/f.4EEDEA8BBD1FF6E0A028415A04A49F5E.d.7C02828845492F4AF80D82DCD433690E.e.21607/click - {}
RESULT: {}
COMMAND: GET /session/ee8c0ad77c32eb6cf27ae9120157f0fa/screenshot - {}
RESULT: {}
COMMAND: POST /session/ee8c0ad77c32eb6cf27ae9120157f0fa/element - {"using":"xpath","value":"//button[@data-kt= \"execHoReceiveButton\"]"}
RESULT: {"using":"xpath","value":"//button[@data-kt= \"execHoReceiveButton\"]"}
COMMAND: POST /session/ee8c0ad77c32eb6cf27ae9120157f0fa/element/f.4EEDEA8BBD1FF6E0A028415A04A49F5E.d.7C02828845492F4AF80D82DCD433690E.e.21608/click - {}
RESULT: {}
COMMAND: GET /session/ee8c0ad77c32eb6cf27ae9120157f0fa/screenshot - {}
RESULT: {}
COMMAND: POST /session/ee8c0ad77c32eb6cf27ae9120157f0fa/element - {"using":"xpath","value":"//input[contains(@id ,\"smartFilterBar-btnBasicSearch-I\")]"}
RESULT: {"using":"xpath","value":"//input[contains(@id ,\"smartFilterBar-btnBasicSearch-I\")]"}
COMMAND: POST /session/ee8c0ad77c32eb6cf27ae9120157f0fa/elements - {"using":"xpath","value":"//input[contains(@id ,\"smartFilterBar-btnBasicSearch-I\")]"}
RESULT: {"using":"xpath","value":"//input[contains(@id ,\"smartFilterBar-btnBasicSearch-I\")]"}
COMMAND: POST /session/ee8c0ad77c32eb6cf27ae9120157f0fa/execute/sync - {"script":"<script> [8489 bytes]","args":[{"element-6066-11e4-a52e-4f735466cecf":"f.4EEDEA8BBD1FF6E0A028415A04A49F5E.d.7C02828845492F4AF80D82DCD433690E.e.20868","ELEMENT":"f.4EEDEA8BBD1FF6E0A028415A04A49F5E.d.7C02828845492F4AF80D82DCD433690E.e.20868"}]}
RESULT: {"script":"<script> [8489 bytes]","args":[{"element-6066-11e4-a52e-4f735466cecf":"f.4EEDEA8BBD1FF6E0A028415A04A49F5E.d.7C02828845492F4AF80D82DCD433690E.e.20868","ELEMENT":"f.4EEDEA8BBD1FF6E0A028415A04A49F5E.d.7C02828845492F4AF80D82DCD433690E.e.20868"}]}
COMMAND: GET /session/ee8c0ad77c32eb6cf27ae9120157f0fa/element/f.4EEDEA8BBD1FF6E0A028415A04A49F5E.d.7C02828845492F4AF80D82DCD433690E.e.20868/enabled - {}
COMMAND: GET /session/ee8c0ad77c32eb6cf27ae9120157f0fa/screenshot - {}
RESULT: {}
COMMAND: POST /session/ee8c0ad77c32eb6cf27ae9120157f0fa/element/f.4EEDEA8BBD1FF6E0A028415A04A49F5E.d.7C02828845492F4AF80D82DCD433690E.e.20868/clear - {}
COMMAND: GET /session/ee8c0ad77c32eb6cf27ae9120157f0fa/screenshot - {}
RESULT: {}
RESULT: {}
COMMAND: POST /session/ee8c0ad77c32eb6cf27ae9120157f0fa/element/f.4EEDEA8BBD1FF6E0A028415A04A49F5E.d.7C02828845492F4AF80D82DCD433690E.e.20868/value - {"text":"30399"}
COMMAND: GET /session/ee8c0ad77c32eb6cf27ae9120157f0fa/screenshot - {}
RESULT: {}
RESULT: {"text":"30399"}
COMMAND: GET /session/ee8c0ad77c32eb6cf27ae9120157f0fa/screenshot - {}
RESULT: {}
RESULT: {}
COMMAND: POST /session/ee8c0ad77c32eb6cf27ae9120157f0fa/actions - {"actions":[{"id":"action79","type":"key","parameters":{},"actions":[{"type":"keyDown","value":"î€‡"},{"type":"pause","duration":10},{"type":"keyUp","value":"î€‡"}]}]}
RESULT: {"actions":[{"id":"action79","type":"key","parameters":{},"actions":[{"type":"keyDown","value":"î€‡"},{"type":"pause","duration":10},{"type":"keyUp","value":"î€‡"}]}]}
COMMAND: GET /session/ee8c0ad77c32eb6cf27ae9120157f0fa/screenshot - {}
RESULT: {}
COMMAND: POST /session/ee8c0ad77c32eb6cf27ae9120157f0fa/element - {"using":"xpath","value":"//span[contains(@id, \"smartTable-header-inner\")]"}
RESULT: {"using":"xpath","value":"//span[contains(@id, \"smartTable-header-inner\")]"}
COMMAND: POST /session/ee8c0ad77c32eb6cf27ae9120157f0fa/elements - {"using":"xpath","value":"//span[contains(@id, \"smartTable-header-inner\")]"}
RESULT: {"using":"xpath","value":"//span[contains(@id, \"smartTable-header-inner\")]"}
COMMAND: POST /session/ee8c0ad77c32eb6cf27ae9120157f0fa/execute/sync - {"script":"<script> [56 bytes]","args":[{"element-6066-11e4-a52e-4f735466cecf":"f.4EEDEA8BBD1FF6E0A028415A04A49F5E.d.7C02828845492F4AF80D82DCD433690E.e.21407","ELEMENT":"f.4EEDEA8BBD1FF6E0A028415A04A49F5E.d.7C02828845492F4AF80D82DCD433690E.e.21407"}]}
RESULT: {"script":"<script> [56 bytes]","args":[{"element-6066-11e4-a52e-4f735466cecf":"f.4EEDEA8BBD1FF6E0A028415A04A49F5E.d.7C02828845492F4AF80D82DCD433690E.e.21407","ELEMENT":"f.4EEDEA8BBD1FF6E0A028415A04A49F5E.d.7C02828845492F4AF80D82DCD433690E.e.21407"}]}
COMMAND: POST /session/ee8c0ad77c32eb6cf27ae9120157f0fa/elements - {"using":"xpath","value":"//thead[contains(@class, \"sapMTableTH\")]/tr/th"}
COMMAND: GET /session/ee8c0ad77c32eb6cf27ae9120157f0fa/screenshot - {}
RESULT: {"using":"xpath","value":"//thead[contains(@class, \"sapMTableTH\")]/tr/th"}
COMMAND: GET /session/ee8c0ad77c32eb6cf27ae9120157f0fa/element/f.4EEDEA8BBD1FF6E0A028415A04A49F5E.d.7C02828845492F4AF80D82DCD433690E.e.21501/text - {}
RESULT: {}
RESULT: {}
COMMAND: GET /session/ee8c0ad77c32eb6cf27ae9120157f0fa/element/f.4EEDEA8BBD1FF6E0A028415A04A49F5E.d.7C02828845492F4AF80D82DCD433690E.e.21502/text - {}
RESULT: {}
COMMAND: GET /session/ee8c0ad77c32eb6cf27ae9120157f0fa/element/f.4EEDEA8BBD1FF6E0A028415A04A49F5E.d.7C02828845492F4AF80D82DCD433690E.e.20862/text - {}
RESULT: {}
COMMAND: GET /session/ee8c0ad77c32eb6cf27ae9120157f0fa/element/f.4EEDEA8BBD1FF6E0A028415A04A49F5E.d.7C02828845492F4AF80D82DCD433690E.e.20864/text - {}
RESULT: {}
COMMAND: GET /session/ee8c0ad77c32eb6cf27ae9120157f0fa/element/f.4EEDEA8BBD1FF6E0A028415A04A49F5E.d.7C02828845492F4AF80D82DCD433690E.e.21613/text - {}
RESULT: {}
COMMAND: GET /session/ee8c0ad77c32eb6cf27ae9120157f0fa/element/f.4EEDEA8BBD1FF6E0A028415A04A49F5E.d.7C02828845492F4AF80D82DCD433690E.e.21614/text - {}
RESULT: {}
COMMAND: GET /session/ee8c0ad77c32eb6cf27ae9120157f0fa/element/f.4EEDEA8BBD1FF6E0A028415A04A49F5E.d.7C02828845492F4AF80D82DCD433690E.e.21615/text - {}
RESULT: {}
COMMAND: GET /session/ee8c0ad77c32eb6cf27ae9120157f0fa/element/f.4EEDEA8BBD1FF6E0A028415A04A49F5E.d.7C02828845492F4AF80D82DCD433690E.e.21616/text - {}
RESULT: {}
COMMAND: GET /session/ee8c0ad77c32eb6cf27ae9120157f0fa/element/f.4EEDEA8BBD1FF6E0A028415A04A49F5E.d.7C02828845492F4AF80D82DCD433690E.e.21617/text - {}
RESULT: {}
COMMAND: GET /session/ee8c0ad77c32eb6cf27ae9120157f0fa/element/f.4EEDEA8BBD1FF6E0A028415A04A49F5E.d.7C02828845492F4AF80D82DCD433690E.e.21618/text - {}
RESULT: {}
COMMAND: GET /session/ee8c0ad77c32eb6cf27ae9120157f0fa/element/f.4EEDEA8BBD1FF6E0A028415A04A49F5E.d.7C02828845492F4AF80D82DCD433690E.e.21619/text - {}
RESULT: {}
COMMAND: GET /session/ee8c0ad77c32eb6cf27ae9120157f0fa/element/f.4EEDEA8BBD1FF6E0A028415A04A49F5E.d.7C02828845492F4AF80D82DCD433690E.e.21620/text - {}
RESULT: {}
COMMAND: GET /session/ee8c0ad77c32eb6cf27ae9120157f0fa/element/f.4EEDEA8BBD1FF6E0A028415A04A49F5E.d.7C02828845492F4AF80D82DCD433690E.e.21621/text - {}
RESULT: {}
COMMAND: GET /session/ee8c0ad77c32eb6cf27ae9120157f0fa/element/f.4EEDEA8BBD1FF6E0A028415A04A49F5E.d.7C02828845492F4AF80D82DCD433690E.e.20865/text - {}
RESULT: {}
COMMAND: POST /session/ee8c0ad77c32eb6cf27ae9120157f0fa/element - {"using":"xpath","value":"//tbody[contains(@id, \"customHandoversTable-tblBody\")]/tr[1]/td[14]/div/span"}
RESULT: {"using":"xpath","value":"//tbody[contains(@id, \"customHandoversTable-tblBody\")]/tr[1]/td[14]/div/span"}
COMMAND: POST /session/ee8c0ad77c32eb6cf27ae9120157f0fa/execute/sync - {"script":"<script> [56 bytes]","args":[{"element-6066-11e4-a52e-4f735466cecf":"f.4EEDEA8BBD1FF6E0A028415A04A49F5E.d.7C02828845492F4AF80D82DCD433690E.e.21664","ELEMENT":"f.4EEDEA8BBD1FF6E0A028415A04A49F5E.d.7C02828845492F4AF80D82DCD433690E.e.21664"}]}
RESULT: {"script":"<script> [56 bytes]","args":[{"element-6066-11e4-a52e-4f735466cecf":"f.4EEDEA8BBD1FF6E0A028415A04A49F5E.d.7C02828845492F4AF80D82DCD433690E.e.21664","ELEMENT":"f.4EEDEA8BBD1FF6E0A028415A04A49F5E.d.7C02828845492F4AF80D82DCD433690E.e.21664"}]}
COMMAND: POST /session/ee8c0ad77c32eb6cf27ae9120157f0fa/element - {"using":"css selector","value":"#shell-header-logo"}
COMMAND: GET /session/ee8c0ad77c32eb6cf27ae9120157f0fa/screenshot - {}
RESULT: {"using":"css selector","value":"#shell-header-logo"}
COMMAND: POST /session/ee8c0ad77c32eb6cf27ae9120157f0fa/element/f.4EEDEA8BBD1FF6E0A028415A04A49F5E.d.7C02828845492F4AF80D82DCD433690E.e.20200/click - {}
RESULT: {}
RESULT: {}
COMMAND: GET /session/ee8c0ad77c32eb6cf27ae9120157f0fa/screenshot - {}
RESULT: {}
]]></system-out>
    </testcase>
    <testcase classname="chrome.136_0_7103_49.windows.Billing_Calculation_-_Time_based_(considering_transport_times)_US139738" name="Should navigate to Manage Billings and trigger contract calculation business confirm it" time="69.901">
      <system-out><![CDATA[
COMMAND: POST /session/ee8c0ad77c32eb6cf27ae9120157f0fa/execute/async - {"script":"<script> [1562 bytes]","args":[{"selector":{"controlType":"sap.m.GenericTile","properties":{"header":"Manage Billings"}},"wdio_ui5_key":"sapm.GenericTile{\"header\":\"Manage Billings\"}"}]}
RESULT: {"script":"<script> [1562 bytes]","args":[{"selector":{"controlType":"sap.m.GenericTile","properties":{"header":"Manage Billings"}},"wdio_ui5_key":"sapm.GenericTile{\"header\":\"Manage Billings\"}"}]}
RESULT: undefined
COMMAND: POST /session/ee8c0ad77c32eb6cf27ae9120157f0fa/element - {"using":"xpath","value":"//*[@id=\"__tile51\"]"}
RESULT: {"using":"xpath","value":"//*[@id=\"__tile51\"]"}
COMMAND: POST /session/ee8c0ad77c32eb6cf27ae9120157f0fa/element/f.4EEDEA8BBD1FF6E0A028415A04A49F5E.d.7C02828845492F4AF80D82DCD433690E.e.18060/click - {}
RESULT: {}
COMMAND: GET /session/ee8c0ad77c32eb6cf27ae9120157f0fa/screenshot - {}
RESULT: {}
COMMAND: POST /session/ee8c0ad77c32eb6cf27ae9120157f0fa/elements - {"using":"xpath","value":"//span[text()='Error']"}
RESULT: {"using":"xpath","value":"//span[text()='Error']"}
COMMAND: POST /session/ee8c0ad77c32eb6cf27ae9120157f0fa/execute/async - {"script":"<script> [1562 bytes]","args":[{"selector":{"id":"application-managebillings-display-component---billRunCalcResult--smartFilterBar-btnBasicSearch","interaction":{"idSuffix":"I"}},"wdio_ui5_key":"applicationmanagebillings-display-component---billRunCalcResult--smartFilterBar-btnBasicSearch"}]}
RESULT: {"script":"<script> [1562 bytes]","args":[{"selector":{"id":"application-managebillings-display-component---billRunCalcResult--smartFilterBar-btnBasicSearch","interaction":{"idSuffix":"I"}},"wdio_ui5_key":"applicationmanagebillings-display-component---billRunCalcResult--smartFilterBar-btnBasicSearch"}]}
RESULT: undefined
COMMAND: POST /session/ee8c0ad77c32eb6cf27ae9120157f0fa/execute/async - {"script":"<script> [776 bytes]","args":[{"enterText":"10223","selector":{"id":"application-managebillings-display-component---billRunCalcResult--smartFilterBar-btnBasicSearch","interaction":{"idSuffix":"I"}},"clearTextFirst":true,"interactionType":"ENTER_TEXT"}]}
RESULT: {"script":"<script> [776 bytes]","args":[{"enterText":"10223","selector":{"id":"application-managebillings-display-component---billRunCalcResult--smartFilterBar-btnBasicSearch","interaction":{"idSuffix":"I"}},"clearTextFirst":true,"interactionType":"ENTER_TEXT"}]}
COMMAND: POST /session/ee8c0ad77c32eb6cf27ae9120157f0fa/actions - {"actions":[{"id":"action80","type":"key","parameters":{},"actions":[{"type":"keyDown","value":"î€‡"},{"type":"pause","duration":10},{"type":"keyUp","value":"î€‡"}]}]}
RESULT: {"actions":[{"id":"action80","type":"key","parameters":{},"actions":[{"type":"keyDown","value":"î€‡"},{"type":"pause","duration":10},{"type":"keyUp","value":"î€‡"}]}]}
COMMAND: GET /session/ee8c0ad77c32eb6cf27ae9120157f0fa/screenshot - {}
RESULT: {}
COMMAND: POST /session/ee8c0ad77c32eb6cf27ae9120157f0fa/element - {"using":"xpath","value":"//td[@aria-colindex=\"1\"]/div/div[contains(@class, \"sapMCbBg\")]"}
RESULT: {"using":"xpath","value":"//td[@aria-colindex=\"1\"]/div/div[contains(@class, \"sapMCbBg\")]"}
COMMAND: POST /session/ee8c0ad77c32eb6cf27ae9120157f0fa/element/f.4EEDEA8BBD1FF6E0A028415A04A49F5E.d.7C02828845492F4AF80D82DCD433690E.e.21882/click - {}
RESULT: {}
COMMAND: GET /session/ee8c0ad77c32eb6cf27ae9120157f0fa/screenshot - {}
RESULT: {}
COMMAND: POST /session/ee8c0ad77c32eb6cf27ae9120157f0fa/execute/async - {"script":"<script> [1562 bytes]","args":[{"selector":{"id":"application-managebillings-display-component---billRunCalcResult--contractBillRunDate","interaction":{"idSuffix":"inner"}},"wdio_ui5_key":"applicationmanagebillings-display-component---billRunCalcResult--contractBillRunDate"}]}
RESULT: {"script":"<script> [1562 bytes]","args":[{"selector":{"id":"application-managebillings-display-component---billRunCalcResult--contractBillRunDate","interaction":{"idSuffix":"inner"}},"wdio_ui5_key":"applicationmanagebillings-display-component---billRunCalcResult--contractBillRunDate"}]}
RESULT: undefined
COMMAND: POST /session/ee8c0ad77c32eb6cf27ae9120157f0fa/execute/async - {"script":"<script> [776 bytes]","args":[{"enterText":"5/14/25","selector":{"id":"application-managebillings-display-component---billRunCalcResult--contractBillRunDate","interaction":{"idSuffix":"inner"}},"clearTextFirst":true,"interactionType":"ENTER_TEXT"}]}
RESULT: {"script":"<script> [776 bytes]","args":[{"enterText":"5/14/25","selector":{"id":"application-managebillings-display-component---billRunCalcResult--contractBillRunDate","interaction":{"idSuffix":"inner"}},"clearTextFirst":true,"interactionType":"ENTER_TEXT"}]}
COMMAND: POST /session/ee8c0ad77c32eb6cf27ae9120157f0fa/element - {"using":"xpath","value":"//bdi[contains(text(), \"Trigger Calculation\")]"}
RESULT: {"using":"xpath","value":"//bdi[contains(text(), \"Trigger Calculation\")]"}
COMMAND: POST /session/ee8c0ad77c32eb6cf27ae9120157f0fa/element/f.4EEDEA8BBD1FF6E0A028415A04A49F5E.d.7C02828845492F4AF80D82DCD433690E.e.21903/click - {}
RESULT: {}
COMMAND: GET /session/ee8c0ad77c32eb6cf27ae9120157f0fa/screenshot - {}
RESULT: {}
COMMAND: POST /session/ee8c0ad77c32eb6cf27ae9120157f0fa/element - {"using":"xpath","value":"(//span[contains(@id, \"imgNav\")])[1]"}
RESULT: {"using":"xpath","value":"(//span[contains(@id, \"imgNav\")])[1]"}
COMMAND: POST /session/ee8c0ad77c32eb6cf27ae9120157f0fa/element/f.4EEDEA8BBD1FF6E0A028415A04A49F5E.d.7C02828845492F4AF80D82DCD433690E.e.21896/click - {}
RESULT: {}
COMMAND: GET /session/ee8c0ad77c32eb6cf27ae9120157f0fa/screenshot - {}
RESULT: {}
COMMAND: POST /session/ee8c0ad77c32eb6cf27ae9120157f0fa/element - {"using":"xpath","value":"//tr/td[6]/div[1]/span[1]/span[1]"}
RESULT: {"using":"xpath","value":"//tr/td[6]/div[1]/span[1]/span[1]"}
COMMAND: GET /session/ee8c0ad77c32eb6cf27ae9120157f0fa/element/f.4EEDEA8BBD1FF6E0A028415A04A49F5E.d.7C02828845492F4AF80D82DCD433690E.e.21908/text - {}
RESULT: {}
COMMAND: POST /session/ee8c0ad77c32eb6cf27ae9120157f0fa/element - {"using":"xpath","value":"(//span[contains(@id, \"imgNav\")])[2]"}
RESULT: {"using":"xpath","value":"(//span[contains(@id, \"imgNav\")])[2]"}
COMMAND: POST /session/ee8c0ad77c32eb6cf27ae9120157f0fa/element/f.4EEDEA8BBD1FF6E0A028415A04A49F5E.d.7C02828845492F4AF80D82DCD433690E.e.21909/click - {}
RESULT: {}
COMMAND: POST /session/ee8c0ad77c32eb6cf27ae9120157f0fa/element - {"using":"xpath","value":"//bdi[contains(text(), \"Business Confirm\")]"}
COMMAND: GET /session/ee8c0ad77c32eb6cf27ae9120157f0fa/screenshot - {}
RESULT: {"using":"xpath","value":"//bdi[contains(text(), \"Business Confirm\")]"}
COMMAND: POST /session/ee8c0ad77c32eb6cf27ae9120157f0fa/elements - {"using":"xpath","value":"//bdi[contains(text(), \"Business Confirm\")]"}
RESULT: {}
RESULT: {"using":"xpath","value":"//bdi[contains(text(), \"Business Confirm\")]"}
COMMAND: POST /session/ee8c0ad77c32eb6cf27ae9120157f0fa/elements - {"using":"xpath","value":"//bdi[contains(text(), \"Business Confirm\")]"}
RESULT: {"using":"xpath","value":"//bdi[contains(text(), \"Business Confirm\")]"}
COMMAND: POST /session/ee8c0ad77c32eb6cf27ae9120157f0fa/element - {"using":"xpath","value":"//bdi[contains(text(), \"Business Confirm\")]"}
RESULT: {"using":"xpath","value":"//bdi[contains(text(), \"Business Confirm\")]"}
COMMAND: POST /session/ee8c0ad77c32eb6cf27ae9120157f0fa/element/f.4EEDEA8BBD1FF6E0A028415A04A49F5E.d.7C02828845492F4AF80D82DCD433690E.e.21912/click - {}
COMMAND: POST /session/ee8c0ad77c32eb6cf27ae9120157f0fa/element - {"using":"xpath","value":"//bdi[contains(text(), \"Business Confirm\")]"}
RESULT: {"using":"xpath","value":"//bdi[contains(text(), \"Business Confirm\")]"}
COMMAND: POST /session/ee8c0ad77c32eb6cf27ae9120157f0fa/element/f.4EEDEA8BBD1FF6E0A028415A04A49F5E.d.7C02828845492F4AF80D82DCD433690E.e.21912/click - {}
COMMAND: POST /session/ee8c0ad77c32eb6cf27ae9120157f0fa/element - {"using":"xpath","value":"//bdi[contains(text(), \"Business Confirm\")]"}
RESULT: {"using":"xpath","value":"//bdi[contains(text(), \"Business Confirm\")]"}
COMMAND: POST /session/ee8c0ad77c32eb6cf27ae9120157f0fa/element/f.4EEDEA8BBD1FF6E0A028415A04A49F5E.d.7C02828845492F4AF80D82DCD433690E.e.21963/click - {}
RESULT: {}
COMMAND: POST /session/ee8c0ad77c32eb6cf27ae9120157f0fa/element - {"using":"css selector","value":"#shell-header-logo"}
COMMAND: GET /session/ee8c0ad77c32eb6cf27ae9120157f0fa/screenshot - {}
RESULT: {"using":"css selector","value":"#shell-header-logo"}
COMMAND: POST /session/ee8c0ad77c32eb6cf27ae9120157f0fa/element/f.4EEDEA8BBD1FF6E0A028415A04A49F5E.d.7C02828845492F4AF80D82DCD433690E.e.21669/click - {}
RESULT: {}
RESULT: {}
COMMAND: GET /session/ee8c0ad77c32eb6cf27ae9120157f0fa/screenshot - {}
RESULT: {}
]]></system-out>
    </testcase>
    <testcase classname="chrome.136_0_7103_49.windows.Billing_Calculation_-_Time_based_(considering_transport_times)_US139738" name="Should transfer the billing all the way to completion" time="87.01">
      <system-out><![CDATA[
COMMAND: POST /session/ee8c0ad77c32eb6cf27ae9120157f0fa/execute/async - {"script":"<script> [1562 bytes]","args":[{"selector":{"controlType":"sap.m.GenericTile","properties":{"header":"Billing Transfer"}},"wdio_ui5_key":"sapm.GenericTile{\"header\":\"Billing Transfer\"}"}]}
RESULT: {"script":"<script> [1562 bytes]","args":[{"selector":{"controlType":"sap.m.GenericTile","properties":{"header":"Billing Transfer"}},"wdio_ui5_key":"sapm.GenericTile{\"header\":\"Billing Transfer\"}"}]}
RESULT: undefined
COMMAND: POST /session/ee8c0ad77c32eb6cf27ae9120157f0fa/element - {"using":"xpath","value":"//*[@id=\"__tile50\"]"}
RESULT: {"using":"xpath","value":"//*[@id=\"__tile50\"]"}
COMMAND: POST /session/ee8c0ad77c32eb6cf27ae9120157f0fa/element/f.4EEDEA8BBD1FF6E0A028415A04A49F5E.d.7C02828845492F4AF80D82DCD433690E.e.18058/click - {}
RESULT: {}
COMMAND: GET /session/ee8c0ad77c32eb6cf27ae9120157f0fa/screenshot - {}
RESULT: {}
COMMAND: POST /session/ee8c0ad77c32eb6cf27ae9120157f0fa/elements - {"using":"xpath","value":"//span[text()='Error']"}
RESULT: {"using":"xpath","value":"//span[text()='Error']"}
COMMAND: POST /session/ee8c0ad77c32eb6cf27ae9120157f0fa/element - {"using":"xpath","value":"//input[contains(@id ,\"application-billingtransfer-display-component---billingWorkbench--smartFilterBar-btnBasicSearch\")]"}
RESULT: {"using":"xpath","value":"//input[contains(@id ,\"application-billingtransfer-display-component---billingWorkbench--smartFilterBar-btnBasicSearch\")]"}
COMMAND: POST /session/ee8c0ad77c32eb6cf27ae9120157f0fa/elements - {"using":"xpath","value":"//input[contains(@id ,\"application-billingtransfer-display-component---billingWorkbench--smartFilterBar-btnBasicSearch\")]"}
RESULT: {"using":"xpath","value":"//input[contains(@id ,\"application-billingtransfer-display-component---billingWorkbench--smartFilterBar-btnBasicSearch\")]"}
COMMAND: POST /session/ee8c0ad77c32eb6cf27ae9120157f0fa/execute/sync - {"script":"<script> [8489 bytes]","args":[{"element-6066-11e4-a52e-4f735466cecf":"f.4EEDEA8BBD1FF6E0A028415A04A49F5E.d.7C02828845492F4AF80D82DCD433690E.e.21990","ELEMENT":"f.4EEDEA8BBD1FF6E0A028415A04A49F5E.d.7C02828845492F4AF80D82DCD433690E.e.21990"}]}
RESULT: {"script":"<script> [8489 bytes]","args":[{"element-6066-11e4-a52e-4f735466cecf":"f.4EEDEA8BBD1FF6E0A028415A04A49F5E.d.7C02828845492F4AF80D82DCD433690E.e.21990","ELEMENT":"f.4EEDEA8BBD1FF6E0A028415A04A49F5E.d.7C02828845492F4AF80D82DCD433690E.e.21990"}]}
COMMAND: GET /session/ee8c0ad77c32eb6cf27ae9120157f0fa/element/f.4EEDEA8BBD1FF6E0A028415A04A49F5E.d.7C02828845492F4AF80D82DCD433690E.e.21990/enabled - {}
COMMAND: GET /session/ee8c0ad77c32eb6cf27ae9120157f0fa/screenshot - {}
RESULT: {}
COMMAND: POST /session/ee8c0ad77c32eb6cf27ae9120157f0fa/element/f.4EEDEA8BBD1FF6E0A028415A04A49F5E.d.7C02828845492F4AF80D82DCD433690E.e.21990/click - {}
COMMAND: GET /session/ee8c0ad77c32eb6cf27ae9120157f0fa/screenshot - {}
RESULT: {}
RESULT: {}
COMMAND: GET /session/ee8c0ad77c32eb6cf27ae9120157f0fa/screenshot - {}
RESULT: {}
RESULT: {}
COMMAND: POST /session/ee8c0ad77c32eb6cf27ae9120157f0fa/element/f.4EEDEA8BBD1FF6E0A028415A04A49F5E.d.7C02828845492F4AF80D82DCD433690E.e.21990/clear - {}
RESULT: {}
COMMAND: POST /session/ee8c0ad77c32eb6cf27ae9120157f0fa/element/f.4EEDEA8BBD1FF6E0A028415A04A49F5E.d.7C02828845492F4AF80D82DCD433690E.e.21990/value - {"text":"10223"}
COMMAND: GET /session/ee8c0ad77c32eb6cf27ae9120157f0fa/screenshot - {}
RESULT: {"text":"10223"}
COMMAND: POST /session/ee8c0ad77c32eb6cf27ae9120157f0fa/actions - {"actions":[{"id":"action81","type":"key","parameters":{},"actions":[{"type":"keyDown","value":"î€‡"},{"type":"pause","duration":10},{"type":"keyUp","value":"î€‡"}]}]}
COMMAND: GET /session/ee8c0ad77c32eb6cf27ae9120157f0fa/screenshot - {}
RESULT: {}
RESULT: {"actions":[{"id":"action81","type":"key","parameters":{},"actions":[{"type":"keyDown","value":"î€‡"},{"type":"pause","duration":10},{"type":"keyUp","value":"î€‡"}]}]}
COMMAND: GET /session/ee8c0ad77c32eb6cf27ae9120157f0fa/screenshot - {}
RESULT: {}
RESULT: {}
COMMAND: POST /session/ee8c0ad77c32eb6cf27ae9120157f0fa/element - {"using":"xpath","value":"//span[contains(@id ,\"application-billingtransfer-display-component---billingWorkbench--smartTableBillingRuns-header-inner\")]"}
RESULT: {"using":"xpath","value":"//span[contains(@id ,\"application-billingtransfer-display-component---billingWorkbench--smartTableBillingRuns-header-inner\")]"}
COMMAND: POST /session/ee8c0ad77c32eb6cf27ae9120157f0fa/elements - {"using":"xpath","value":"//span[contains(@id ,\"application-billingtransfer-display-component---billingWorkbench--smartTableBillingRuns-header-inner\")]"}
RESULT: {"using":"xpath","value":"//span[contains(@id ,\"application-billingtransfer-display-component---billingWorkbench--smartTableBillingRuns-header-inner\")]"}
COMMAND: POST /session/ee8c0ad77c32eb6cf27ae9120157f0fa/execute/sync - {"script":"<script> [56 bytes]","args":[{"element-6066-11e4-a52e-4f735466cecf":"f.4EEDEA8BBD1FF6E0A028415A04A49F5E.d.7C02828845492F4AF80D82DCD433690E.e.22202","ELEMENT":"f.4EEDEA8BBD1FF6E0A028415A04A49F5E.d.7C02828845492F4AF80D82DCD433690E.e.22202"}]}
RESULT: {"script":"<script> [56 bytes]","args":[{"element-6066-11e4-a52e-4f735466cecf":"f.4EEDEA8BBD1FF6E0A028415A04A49F5E.d.7C02828845492F4AF80D82DCD433690E.e.22202","ELEMENT":"f.4EEDEA8BBD1FF6E0A028415A04A49F5E.d.7C02828845492F4AF80D82DCD433690E.e.22202"}]}
COMMAND: POST /session/ee8c0ad77c32eb6cf27ae9120157f0fa/element - {"using":"xpath","value":"//td[@aria-colindex=\"1\"]/div/div[contains(@class, \"sapMCbBg\")]"}
COMMAND: GET /session/ee8c0ad77c32eb6cf27ae9120157f0fa/screenshot - {}
RESULT: {"using":"xpath","value":"//td[@aria-colindex=\"1\"]/div/div[contains(@class, \"sapMCbBg\")]"}
COMMAND: POST /session/ee8c0ad77c32eb6cf27ae9120157f0fa/element/f.4EEDEA8BBD1FF6E0A028415A04A49F5E.d.7C02828845492F4AF80D82DCD433690E.e.22097/click - {}
RESULT: {}
RESULT: {}
COMMAND: GET /session/ee8c0ad77c32eb6cf27ae9120157f0fa/screenshot - {}
RESULT: {}
COMMAND: POST /session/ee8c0ad77c32eb6cf27ae9120157f0fa/element - {"using":"xpath","value":"//bdi[contains(text(), \"Check\")]"}
RESULT: {"using":"xpath","value":"//bdi[contains(text(), \"Check\")]"}
COMMAND: POST /session/ee8c0ad77c32eb6cf27ae9120157f0fa/element/f.4EEDEA8BBD1FF6E0A028415A04A49F5E.d.7C02828845492F4AF80D82DCD433690E.e.22203/click - {}
RESULT: {}
COMMAND: GET /session/ee8c0ad77c32eb6cf27ae9120157f0fa/screenshot - {}
RESULT: {}
COMMAND: POST /session/ee8c0ad77c32eb6cf27ae9120157f0fa/element - {"using":"xpath","value":"//bdi[contains(text(), \"OK\")]"}
RESULT: {"using":"xpath","value":"//bdi[contains(text(), \"OK\")]"}
COMMAND: POST /session/ee8c0ad77c32eb6cf27ae9120157f0fa/element/f.4EEDEA8BBD1FF6E0A028415A04A49F5E.d.7C02828845492F4AF80D82DCD433690E.e.22207/click - {}
RESULT: {}
COMMAND: GET /session/ee8c0ad77c32eb6cf27ae9120157f0fa/screenshot - {}
RESULT: {}
COMMAND: POST /session/ee8c0ad77c32eb6cf27ae9120157f0fa/element - {"using":"xpath","value":"(//span[contains(text(), \"CO/SD checked\")]/parent::div/preceding-sibling::div/span)[1]"}
RESULT: {"using":"xpath","value":"(//span[contains(text(), \"CO/SD checked\")]/parent::div/preceding-sibling::div/span)[1]"}
COMMAND: POST /session/ee8c0ad77c32eb6cf27ae9120157f0fa/element/f.4EEDEA8BBD1FF6E0A028415A04A49F5E.d.7C02828845492F4AF80D82DCD433690E.e.22208/click - {}
RESULT: {}
COMMAND: GET /session/ee8c0ad77c32eb6cf27ae9120157f0fa/screenshot - {}
RESULT: {}
COMMAND: POST /session/ee8c0ad77c32eb6cf27ae9120157f0fa/element - {"using":"xpath","value":"//input[contains(@id ,\"application-billingtransfer-display-component---billingWorkbench--smartFilterBar-btnBasicSearch\")]"}
RESULT: {"using":"xpath","value":"//input[contains(@id ,\"application-billingtransfer-display-component---billingWorkbench--smartFilterBar-btnBasicSearch\")]"}
COMMAND: POST /session/ee8c0ad77c32eb6cf27ae9120157f0fa/elements - {"using":"xpath","value":"//input[contains(@id ,\"application-billingtransfer-display-component---billingWorkbench--smartFilterBar-btnBasicSearch\")]"}
RESULT: {"using":"xpath","value":"//input[contains(@id ,\"application-billingtransfer-display-component---billingWorkbench--smartFilterBar-btnBasicSearch\")]"}
COMMAND: POST /session/ee8c0ad77c32eb6cf27ae9120157f0fa/execute/sync - {"script":"<script> [8489 bytes]","args":[{"element-6066-11e4-a52e-4f735466cecf":"f.4EEDEA8BBD1FF6E0A028415A04A49F5E.d.7C02828845492F4AF80D82DCD433690E.e.21990","ELEMENT":"f.4EEDEA8BBD1FF6E0A028415A04A49F5E.d.7C02828845492F4AF80D82DCD433690E.e.21990"}]}
RESULT: {"script":"<script> [8489 bytes]","args":[{"element-6066-11e4-a52e-4f735466cecf":"f.4EEDEA8BBD1FF6E0A028415A04A49F5E.d.7C02828845492F4AF80D82DCD433690E.e.21990","ELEMENT":"f.4EEDEA8BBD1FF6E0A028415A04A49F5E.d.7C02828845492F4AF80D82DCD433690E.e.21990"}]}
COMMAND: GET /session/ee8c0ad77c32eb6cf27ae9120157f0fa/element/f.4EEDEA8BBD1FF6E0A028415A04A49F5E.d.7C02828845492F4AF80D82DCD433690E.e.21990/enabled - {}
COMMAND: GET /session/ee8c0ad77c32eb6cf27ae9120157f0fa/screenshot - {}
RESULT: {}
COMMAND: POST /session/ee8c0ad77c32eb6cf27ae9120157f0fa/element/f.4EEDEA8BBD1FF6E0A028415A04A49F5E.d.7C02828845492F4AF80D82DCD433690E.e.21990/click - {}
COMMAND: GET /session/ee8c0ad77c32eb6cf27ae9120157f0fa/screenshot - {}
RESULT: {}
RESULT: {}
COMMAND: GET /session/ee8c0ad77c32eb6cf27ae9120157f0fa/screenshot - {}
RESULT: {}
RESULT: {}
COMMAND: POST /session/ee8c0ad77c32eb6cf27ae9120157f0fa/element/f.4EEDEA8BBD1FF6E0A028415A04A49F5E.d.7C02828845492F4AF80D82DCD433690E.e.21990/clear - {}
RESULT: {}
COMMAND: POST /session/ee8c0ad77c32eb6cf27ae9120157f0fa/element/f.4EEDEA8BBD1FF6E0A028415A04A49F5E.d.7C02828845492F4AF80D82DCD433690E.e.21990/value - {"text":"10223"}
COMMAND: GET /session/ee8c0ad77c32eb6cf27ae9120157f0fa/screenshot - {}
RESULT: {"text":"10223"}
COMMAND: POST /session/ee8c0ad77c32eb6cf27ae9120157f0fa/actions - {"actions":[{"id":"action82","type":"key","parameters":{},"actions":[{"type":"keyDown","value":"î€‡"},{"type":"pause","duration":10},{"type":"keyUp","value":"î€‡"}]}]}
COMMAND: GET /session/ee8c0ad77c32eb6cf27ae9120157f0fa/screenshot - {}
RESULT: {}
RESULT: {"actions":[{"id":"action82","type":"key","parameters":{},"actions":[{"type":"keyDown","value":"î€‡"},{"type":"pause","duration":10},{"type":"keyUp","value":"î€‡"}]}]}
COMMAND: GET /session/ee8c0ad77c32eb6cf27ae9120157f0fa/screenshot - {}
RESULT: {}
RESULT: {}
COMMAND: POST /session/ee8c0ad77c32eb6cf27ae9120157f0fa/element - {"using":"xpath","value":"//span[contains(@id ,\"application-billingtransfer-display-component---billingWorkbench--smartTableBillingRuns-header-inner\")]"}
RESULT: {"using":"xpath","value":"//span[contains(@id ,\"application-billingtransfer-display-component---billingWorkbench--smartTableBillingRuns-header-inner\")]"}
COMMAND: POST /session/ee8c0ad77c32eb6cf27ae9120157f0fa/elements - {"using":"xpath","value":"//span[contains(@id ,\"application-billingtransfer-display-component---billingWorkbench--smartTableBillingRuns-header-inner\")]"}
RESULT: {"using":"xpath","value":"//span[contains(@id ,\"application-billingtransfer-display-component---billingWorkbench--smartTableBillingRuns-header-inner\")]"}
COMMAND: POST /session/ee8c0ad77c32eb6cf27ae9120157f0fa/execute/sync - {"script":"<script> [56 bytes]","args":[{"element-6066-11e4-a52e-4f735466cecf":"f.4EEDEA8BBD1FF6E0A028415A04A49F5E.d.7C02828845492F4AF80D82DCD433690E.e.22202","ELEMENT":"f.4EEDEA8BBD1FF6E0A028415A04A49F5E.d.7C02828845492F4AF80D82DCD433690E.e.22202"}]}
RESULT: {"script":"<script> [56 bytes]","args":[{"element-6066-11e4-a52e-4f735466cecf":"f.4EEDEA8BBD1FF6E0A028415A04A49F5E.d.7C02828845492F4AF80D82DCD433690E.e.22202","ELEMENT":"f.4EEDEA8BBD1FF6E0A028415A04A49F5E.d.7C02828845492F4AF80D82DCD433690E.e.22202"}]}
COMMAND: POST /session/ee8c0ad77c32eb6cf27ae9120157f0fa/element - {"using":"xpath","value":"//td[@aria-colindex=\"1\"]/div/div[contains(@class, \"sapMCbBg\")]"}
COMMAND: GET /session/ee8c0ad77c32eb6cf27ae9120157f0fa/screenshot - {}
RESULT: {"using":"xpath","value":"//td[@aria-colindex=\"1\"]/div/div[contains(@class, \"sapMCbBg\")]"}
COMMAND: POST /session/ee8c0ad77c32eb6cf27ae9120157f0fa/element/f.4EEDEA8BBD1FF6E0A028415A04A49F5E.d.7C02828845492F4AF80D82DCD433690E.e.22211/click - {}
RESULT: {}
RESULT: {}
COMMAND: GET /session/ee8c0ad77c32eb6cf27ae9120157f0fa/screenshot - {}
RESULT: {}
COMMAND: POST /session/ee8c0ad77c32eb6cf27ae9120157f0fa/element - {"using":"xpath","value":"//bdi[text()=\"Transfer\"]"}
RESULT: {"using":"xpath","value":"//bdi[text()=\"Transfer\"]"}
COMMAND: POST /session/ee8c0ad77c32eb6cf27ae9120157f0fa/element/f.4EEDEA8BBD1FF6E0A028415A04A49F5E.d.7C02828845492F4AF80D82DCD433690E.e.22212/click - {}
RESULT: {}
COMMAND: GET /session/ee8c0ad77c32eb6cf27ae9120157f0fa/screenshot - {}
RESULT: {}
COMMAND: POST /session/ee8c0ad77c32eb6cf27ae9120157f0fa/element - {"using":"xpath","value":"//bdi[contains(text(), \"OK\")]"}
RESULT: {"using":"xpath","value":"//bdi[contains(text(), \"OK\")]"}
COMMAND: POST /session/ee8c0ad77c32eb6cf27ae9120157f0fa/element/f.4EEDEA8BBD1FF6E0A028415A04A49F5E.d.7C02828845492F4AF80D82DCD433690E.e.22215/click - {}
RESULT: {}
COMMAND: GET /session/ee8c0ad77c32eb6cf27ae9120157f0fa/screenshot - {}
RESULT: {}
COMMAND: POST /session/ee8c0ad77c32eb6cf27ae9120157f0fa/element - {"using":"xpath","value":"(//span[contains(text(), \"Completed\")]/parent::div/preceding-sibling::div/span)[1]"}
RESULT: {"using":"xpath","value":"(//span[contains(text(), \"Completed\")]/parent::div/preceding-sibling::div/span)[1]"}
COMMAND: POST /session/ee8c0ad77c32eb6cf27ae9120157f0fa/element/f.4EEDEA8BBD1FF6E0A028415A04A49F5E.d.7C02828845492F4AF80D82DCD433690E.e.22216/click - {}
RESULT: {}
COMMAND: POST /session/ee8c0ad77c32eb6cf27ae9120157f0fa/element - {"using":"xpath","value":"//input[contains(@id ,\"application-billingtransfer-display-component---billingWorkbench--smartFilterBar-btnBasicSearch\")]"}
COMMAND: GET /session/ee8c0ad77c32eb6cf27ae9120157f0fa/screenshot - {}
RESULT: {"using":"xpath","value":"//input[contains(@id ,\"application-billingtransfer-display-component---billingWorkbench--smartFilterBar-btnBasicSearch\")]"}
COMMAND: POST /session/ee8c0ad77c32eb6cf27ae9120157f0fa/elements - {"using":"xpath","value":"//input[contains(@id ,\"application-billingtransfer-display-component---billingWorkbench--smartFilterBar-btnBasicSearch\")]"}
RESULT: {}
RESULT: {"using":"xpath","value":"//input[contains(@id ,\"application-billingtransfer-display-component---billingWorkbench--smartFilterBar-btnBasicSearch\")]"}
COMMAND: POST /session/ee8c0ad77c32eb6cf27ae9120157f0fa/execute/sync - {"script":"<script> [8489 bytes]","args":[{"element-6066-11e4-a52e-4f735466cecf":"f.4EEDEA8BBD1FF6E0A028415A04A49F5E.d.7C02828845492F4AF80D82DCD433690E.e.21990","ELEMENT":"f.4EEDEA8BBD1FF6E0A028415A04A49F5E.d.7C02828845492F4AF80D82DCD433690E.e.21990"}]}
RESULT: {"script":"<script> [8489 bytes]","args":[{"element-6066-11e4-a52e-4f735466cecf":"f.4EEDEA8BBD1FF6E0A028415A04A49F5E.d.7C02828845492F4AF80D82DCD433690E.e.21990","ELEMENT":"f.4EEDEA8BBD1FF6E0A028415A04A49F5E.d.7C02828845492F4AF80D82DCD433690E.e.21990"}]}
COMMAND: GET /session/ee8c0ad77c32eb6cf27ae9120157f0fa/element/f.4EEDEA8BBD1FF6E0A028415A04A49F5E.d.7C02828845492F4AF80D82DCD433690E.e.21990/enabled - {}
COMMAND: GET /session/ee8c0ad77c32eb6cf27ae9120157f0fa/screenshot - {}
RESULT: {}
COMMAND: POST /session/ee8c0ad77c32eb6cf27ae9120157f0fa/element/f.4EEDEA8BBD1FF6E0A028415A04A49F5E.d.7C02828845492F4AF80D82DCD433690E.e.21990/click - {}
COMMAND: GET /session/ee8c0ad77c32eb6cf27ae9120157f0fa/screenshot - {}
RESULT: {}
RESULT: {}
COMMAND: GET /session/ee8c0ad77c32eb6cf27ae9120157f0fa/screenshot - {}
RESULT: {}
RESULT: {}
COMMAND: POST /session/ee8c0ad77c32eb6cf27ae9120157f0fa/element/f.4EEDEA8BBD1FF6E0A028415A04A49F5E.d.7C02828845492F4AF80D82DCD433690E.e.21990/clear - {}
RESULT: {}
COMMAND: POST /session/ee8c0ad77c32eb6cf27ae9120157f0fa/element/f.4EEDEA8BBD1FF6E0A028415A04A49F5E.d.7C02828845492F4AF80D82DCD433690E.e.21990/value - {"text":"10223"}
COMMAND: GET /session/ee8c0ad77c32eb6cf27ae9120157f0fa/screenshot - {}
RESULT: {"text":"10223"}
COMMAND: POST /session/ee8c0ad77c32eb6cf27ae9120157f0fa/actions - {"actions":[{"id":"action83","type":"key","parameters":{},"actions":[{"type":"keyDown","value":"î€‡"},{"type":"pause","duration":10},{"type":"keyUp","value":"î€‡"}]}]}
COMMAND: GET /session/ee8c0ad77c32eb6cf27ae9120157f0fa/screenshot - {}
RESULT: {}
RESULT: {"actions":[{"id":"action83","type":"key","parameters":{},"actions":[{"type":"keyDown","value":"î€‡"},{"type":"pause","duration":10},{"type":"keyUp","value":"î€‡"}]}]}
COMMAND: GET /session/ee8c0ad77c32eb6cf27ae9120157f0fa/screenshot - {}
RESULT: {}
RESULT: {}
COMMAND: POST /session/ee8c0ad77c32eb6cf27ae9120157f0fa/element - {"using":"xpath","value":"//span[contains(@id ,\"application-billingtransfer-display-component---billingWorkbench--smartTableBillingRuns-header-inner\")]"}
RESULT: {"using":"xpath","value":"//span[contains(@id ,\"application-billingtransfer-display-component---billingWorkbench--smartTableBillingRuns-header-inner\")]"}
COMMAND: POST /session/ee8c0ad77c32eb6cf27ae9120157f0fa/elements - {"using":"xpath","value":"//span[contains(@id ,\"application-billingtransfer-display-component---billingWorkbench--smartTableBillingRuns-header-inner\")]"}
RESULT: {"using":"xpath","value":"//span[contains(@id ,\"application-billingtransfer-display-component---billingWorkbench--smartTableBillingRuns-header-inner\")]"}
COMMAND: POST /session/ee8c0ad77c32eb6cf27ae9120157f0fa/execute/sync - {"script":"<script> [56 bytes]","args":[{"element-6066-11e4-a52e-4f735466cecf":"f.4EEDEA8BBD1FF6E0A028415A04A49F5E.d.7C02828845492F4AF80D82DCD433690E.e.22202","ELEMENT":"f.4EEDEA8BBD1FF6E0A028415A04A49F5E.d.7C02828845492F4AF80D82DCD433690E.e.22202"}]}
RESULT: {"script":"<script> [56 bytes]","args":[{"element-6066-11e4-a52e-4f735466cecf":"f.4EEDEA8BBD1FF6E0A028415A04A49F5E.d.7C02828845492F4AF80D82DCD433690E.e.22202","ELEMENT":"f.4EEDEA8BBD1FF6E0A028415A04A49F5E.d.7C02828845492F4AF80D82DCD433690E.e.22202"}]}
COMMAND: POST /session/ee8c0ad77c32eb6cf27ae9120157f0fa/element - {"using":"css selector","value":"#shell-header-logo"}
COMMAND: GET /session/ee8c0ad77c32eb6cf27ae9120157f0fa/screenshot - {}
RESULT: {"using":"css selector","value":"#shell-header-logo"}
COMMAND: POST /session/ee8c0ad77c32eb6cf27ae9120157f0fa/element/f.4EEDEA8BBD1FF6E0A028415A04A49F5E.d.7C02828845492F4AF80D82DCD433690E.e.21988/click - {}
RESULT: {}
RESULT: {}
COMMAND: GET /session/ee8c0ad77c32eb6cf27ae9120157f0fa/screenshot - {}
RESULT: {}
]]></system-out>
    </testcase>
    <testcase classname="chrome.136_0_7103_49.windows.Billing_Calculation_-_Time_based_(considering_transport_times)_US139738" name="Should navigate to the contract item check the billed until field value" time="55.314">
      <system-out><![CDATA[
RESULT: undefined
COMMAND: POST /session/ee8c0ad77c32eb6cf27ae9120157f0fa/element - {"using":"xpath","value":"//*[@id=\"__tile131\"]"}
RESULT: {"using":"xpath","value":"//*[@id=\"__tile131\"]"}
COMMAND: POST /session/ee8c0ad77c32eb6cf27ae9120157f0fa/element/f.4EEDEA8BBD1FF6E0A028415A04A49F5E.d.7C02828845492F4AF80D82DCD433690E.e.18033/click - {}
RESULT: {}
COMMAND: GET /session/ee8c0ad77c32eb6cf27ae9120157f0fa/screenshot - {}
RESULT: {}
COMMAND: POST /session/ee8c0ad77c32eb6cf27ae9120157f0fa/elements - {"using":"xpath","value":"//span[text()='Error']"}
RESULT: {"using":"xpath","value":"//span[text()='Error']"}
COMMAND: POST /session/ee8c0ad77c32eb6cf27ae9120157f0fa/element - {"using":"xpath","value":"//button[@data-kt=\"addButton\"]"}
RESULT: {"using":"xpath","value":"//button[@data-kt=\"addButton\"]"}
COMMAND: POST /session/ee8c0ad77c32eb6cf27ae9120157f0fa/elements - {"using":"xpath","value":"//button[@data-kt=\"addButton\"]"}
RESULT: {"using":"xpath","value":"//button[@data-kt=\"addButton\"]"}
COMMAND: POST /session/ee8c0ad77c32eb6cf27ae9120157f0fa/execute/sync - {"script":"<script> [8489 bytes]","args":[{"element-6066-11e4-a52e-4f735466cecf":"f.4EEDEA8BBD1FF6E0A028415A04A49F5E.d.7C02828845492F4AF80D82DCD433690E.e.22267","ELEMENT":"f.4EEDEA8BBD1FF6E0A028415A04A49F5E.d.7C02828845492F4AF80D82DCD433690E.e.22267"}]}
RESULT: {"script":"<script> [8489 bytes]","args":[{"element-6066-11e4-a52e-4f735466cecf":"f.4EEDEA8BBD1FF6E0A028415A04A49F5E.d.7C02828845492F4AF80D82DCD433690E.e.22267","ELEMENT":"f.4EEDEA8BBD1FF6E0A028415A04A49F5E.d.7C02828845492F4AF80D82DCD433690E.e.22267"}]}
COMMAND: GET /session/ee8c0ad77c32eb6cf27ae9120157f0fa/element/f.4EEDEA8BBD1FF6E0A028415A04A49F5E.d.7C02828845492F4AF80D82DCD433690E.e.22267/enabled - {}
COMMAND: GET /session/ee8c0ad77c32eb6cf27ae9120157f0fa/screenshot - {}
RESULT: {}
COMMAND: POST /session/ee8c0ad77c32eb6cf27ae9120157f0fa/execute/sync - {"script":"<script> [8489 bytes]","args":[{"element-6066-11e4-a52e-4f735466cecf":"f.4EEDEA8BBD1FF6E0A028415A04A49F5E.d.7C02828845492F4AF80D82DCD433690E.e.22267","ELEMENT":"f.4EEDEA8BBD1FF6E0A028415A04A49F5E.d.7C02828845492F4AF80D82DCD433690E.e.22267"}]}
COMMAND: GET /session/ee8c0ad77c32eb6cf27ae9120157f0fa/screenshot - {}
RESULT: {}
RESULT: {"script":"<script> [8489 bytes]","args":[{"element-6066-11e4-a52e-4f735466cecf":"f.4EEDEA8BBD1FF6E0A028415A04A49F5E.d.7C02828845492F4AF80D82DCD433690E.e.22267","ELEMENT":"f.4EEDEA8BBD1FF6E0A028415A04A49F5E.d.7C02828845492F4AF80D82DCD433690E.e.22267"}]}
COMMAND: POST /session/ee8c0ad77c32eb6cf27ae9120157f0fa/execute/sync - {"script":"<script> [5351 bytes]","args":[{"element-6066-11e4-a52e-4f735466cecf":"f.4EEDEA8BBD1FF6E0A028415A04A49F5E.d.7C02828845492F4AF80D82DCD433690E.e.22267","ELEMENT":"f.4EEDEA8BBD1FF6E0A028415A04A49F5E.d.7C02828845492F4AF80D82DCD433690E.e.22267"}]}
COMMAND: GET /session/ee8c0ad77c32eb6cf27ae9120157f0fa/screenshot - {}
RESULT: {}
RESULT: {"script":"<script> [5351 bytes]","args":[{"element-6066-11e4-a52e-4f735466cecf":"f.4EEDEA8BBD1FF6E0A028415A04A49F5E.d.7C02828845492F4AF80D82DCD433690E.e.22267","ELEMENT":"f.4EEDEA8BBD1FF6E0A028415A04A49F5E.d.7C02828845492F4AF80D82DCD433690E.e.22267"}]}
COMMAND: POST /session/ee8c0ad77c32eb6cf27ae9120157f0fa/element - {"using":"xpath","value":"//input[contains(@id ,\"smartContractFilterBar-btnBasicSearch-I\")]"}
COMMAND: GET /session/ee8c0ad77c32eb6cf27ae9120157f0fa/screenshot - {}
RESULT: {}
RESULT: {"using":"xpath","value":"//input[contains(@id ,\"smartContractFilterBar-btnBasicSearch-I\")]"}
COMMAND: POST /session/ee8c0ad77c32eb6cf27ae9120157f0fa/elements - {"using":"xpath","value":"//input[contains(@id ,\"smartContractFilterBar-btnBasicSearch-I\")]"}
RESULT: {}
RESULT: {"using":"xpath","value":"//input[contains(@id ,\"smartContractFilterBar-btnBasicSearch-I\")]"}
COMMAND: POST /session/ee8c0ad77c32eb6cf27ae9120157f0fa/execute/sync - {"script":"<script> [8489 bytes]","args":[{"element-6066-11e4-a52e-4f735466cecf":"f.4EEDEA8BBD1FF6E0A028415A04A49F5E.d.7C02828845492F4AF80D82DCD433690E.e.22229","ELEMENT":"f.4EEDEA8BBD1FF6E0A028415A04A49F5E.d.7C02828845492F4AF80D82DCD433690E.e.22229"}]}
RESULT: {"script":"<script> [8489 bytes]","args":[{"element-6066-11e4-a52e-4f735466cecf":"f.4EEDEA8BBD1FF6E0A028415A04A49F5E.d.7C02828845492F4AF80D82DCD433690E.e.22229","ELEMENT":"f.4EEDEA8BBD1FF6E0A028415A04A49F5E.d.7C02828845492F4AF80D82DCD433690E.e.22229"}]}
COMMAND: GET /session/ee8c0ad77c32eb6cf27ae9120157f0fa/element/f.4EEDEA8BBD1FF6E0A028415A04A49F5E.d.7C02828845492F4AF80D82DCD433690E.e.22229/enabled - {}
COMMAND: GET /session/ee8c0ad77c32eb6cf27ae9120157f0fa/screenshot - {}
RESULT: {}
COMMAND: POST /session/ee8c0ad77c32eb6cf27ae9120157f0fa/element/f.4EEDEA8BBD1FF6E0A028415A04A49F5E.d.7C02828845492F4AF80D82DCD433690E.e.22229/clear - {}
COMMAND: GET /session/ee8c0ad77c32eb6cf27ae9120157f0fa/screenshot - {}
RESULT: {}
RESULT: {}
COMMAND: POST /session/ee8c0ad77c32eb6cf27ae9120157f0fa/element/f.4EEDEA8BBD1FF6E0A028415A04A49F5E.d.7C02828845492F4AF80D82DCD433690E.e.22229/value - {"text":"10223"}
COMMAND: GET /session/ee8c0ad77c32eb6cf27ae9120157f0fa/screenshot - {}
RESULT: {}
RESULT: {}
RESULT: {"text":"10223"}
COMMAND: GET /session/ee8c0ad77c32eb6cf27ae9120157f0fa/screenshot - {}
RESULT: {}
COMMAND: POST /session/ee8c0ad77c32eb6cf27ae9120157f0fa/actions - {"actions":[{"id":"action84","type":"key","parameters":{},"actions":[{"type":"keyDown","value":"î€‡"},{"type":"pause","duration":10},{"type":"keyUp","value":"î€‡"}]}]}
RESULT: {"actions":[{"id":"action84","type":"key","parameters":{},"actions":[{"type":"keyDown","value":"î€‡"},{"type":"pause","duration":10},{"type":"keyUp","value":"î€‡"}]}]}
COMMAND: GET /session/ee8c0ad77c32eb6cf27ae9120157f0fa/screenshot - {}
RESULT: {}
COMMAND: POST /session/ee8c0ad77c32eb6cf27ae9120157f0fa/element - {"using":"xpath","value":"//span[contains(@id, \"masterListContractsSmartTable-header-inner\")]"}
RESULT: {"using":"xpath","value":"//span[contains(@id, \"masterListContractsSmartTable-header-inner\")]"}
COMMAND: POST /session/ee8c0ad77c32eb6cf27ae9120157f0fa/elements - {"using":"xpath","value":"//span[contains(@id, \"masterListContractsSmartTable-header-inner\")]"}
RESULT: {"using":"xpath","value":"//span[contains(@id, \"masterListContractsSmartTable-header-inner\")]"}
COMMAND: POST /session/ee8c0ad77c32eb6cf27ae9120157f0fa/execute/sync - {"script":"<script> [56 bytes]","args":[{"element-6066-11e4-a52e-4f735466cecf":"f.4EEDEA8BBD1FF6E0A028415A04A49F5E.d.7C02828845492F4AF80D82DCD433690E.e.22335","ELEMENT":"f.4EEDEA8BBD1FF6E0A028415A04A49F5E.d.7C02828845492F4AF80D82DCD433690E.e.22335"}]}
RESULT: {"script":"<script> [56 bytes]","args":[{"element-6066-11e4-a52e-4f735466cecf":"f.4EEDEA8BBD1FF6E0A028415A04A49F5E.d.7C02828845492F4AF80D82DCD433690E.e.22335","ELEMENT":"f.4EEDEA8BBD1FF6E0A028415A04A49F5E.d.7C02828845492F4AF80D82DCD433690E.e.22335"}]}
COMMAND: POST /session/ee8c0ad77c32eb6cf27ae9120157f0fa/element - {"using":"xpath","value":"(//span[contains(@id, \"imgNav\")])[1]"}
COMMAND: GET /session/ee8c0ad77c32eb6cf27ae9120157f0fa/screenshot - {}
RESULT: {"using":"xpath","value":"(//span[contains(@id, \"imgNav\")])[1]"}
COMMAND: POST /session/ee8c0ad77c32eb6cf27ae9120157f0fa/element/f.4EEDEA8BBD1FF6E0A028415A04A49F5E.d.7C02828845492F4AF80D82DCD433690E.e.22333/click - {}
RESULT: {}
RESULT: {}
COMMAND: GET /session/ee8c0ad77c32eb6cf27ae9120157f0fa/screenshot - {}
RESULT: {}
COMMAND: POST /session/ee8c0ad77c32eb6cf27ae9120157f0fa/element - {"using":"xpath","value":"//tr[@data-kt=\"productsColumnListItem\"]//td//span[contains(@id, \"imgNav\")][1]"}
RESULT: {"using":"xpath","value":"//tr[@data-kt=\"productsColumnListItem\"]//td//span[contains(@id, \"imgNav\")][1]"}
COMMAND: POST /session/ee8c0ad77c32eb6cf27ae9120157f0fa/elements - {"using":"xpath","value":"//tr[@data-kt=\"productsColumnListItem\"]//td//span[contains(@id, \"imgNav\")][1]"}
RESULT: {"using":"xpath","value":"//tr[@data-kt=\"productsColumnListItem\"]//td//span[contains(@id, \"imgNav\")][1]"}
COMMAND: POST /session/ee8c0ad77c32eb6cf27ae9120157f0fa/elements - {"using":"xpath","value":"//tr[@data-kt=\"productsColumnListItem\"]//td//span[contains(@id, \"imgNav\")][1]"}
RESULT: {"using":"xpath","value":"//tr[@data-kt=\"productsColumnListItem\"]//td//span[contains(@id, \"imgNav\")][1]"}
COMMAND: POST /session/ee8c0ad77c32eb6cf27ae9120157f0fa/element - {"using":"xpath","value":"//tr[@data-kt=\"productsColumnListItem\"]//td//span[contains(@id, \"imgNav\")][1]"}
RESULT: {"using":"xpath","value":"//tr[@data-kt=\"productsColumnListItem\"]//td//span[contains(@id, \"imgNav\")][1]"}
COMMAND: POST /session/ee8c0ad77c32eb6cf27ae9120157f0fa/element/f.4EEDEA8BBD1FF6E0A028415A04A49F5E.d.7C02828845492F4AF80D82DCD433690E.e.22473/click - {}
RESULT: {}
COMMAND: GET /session/ee8c0ad77c32eb6cf27ae9120157f0fa/screenshot - {}
RESULT: {}
COMMAND: POST /session/ee8c0ad77c32eb6cf27ae9120157f0fa/element - {"using":"xpath","value":"//section[contains(@id, \"application-managecontracts-display-component---BillingItem--ObjectPageLayout-OPHeaderContent\")]/div/div/div/div/div[2]/div/div[2]/span"}
RESULT: {"using":"xpath","value":"//section[contains(@id, \"application-managecontracts-display-component---BillingItem--ObjectPageLayout-OPHeaderContent\")]/div/div/div/div/div[2]/div/div[2]/span"}
COMMAND: POST /session/ee8c0ad77c32eb6cf27ae9120157f0fa/execute/sync - {"script":"<script> [56 bytes]","args":[{"element-6066-11e4-a52e-4f735466cecf":"f.4EEDEA8BBD1FF6E0A028415A04A49F5E.d.7C02828845492F4AF80D82DCD433690E.e.22611","ELEMENT":"f.4EEDEA8BBD1FF6E0A028415A04A49F5E.d.7C02828845492F4AF80D82DCD433690E.e.22611"}]}
RESULT: {"script":"<script> [56 bytes]","args":[{"element-6066-11e4-a52e-4f735466cecf":"f.4EEDEA8BBD1FF6E0A028415A04A49F5E.d.7C02828845492F4AF80D82DCD433690E.e.22611","ELEMENT":"f.4EEDEA8BBD1FF6E0A028415A04A49F5E.d.7C02828845492F4AF80D82DCD433690E.e.22611"}]}
COMMAND: POST /session/ee8c0ad77c32eb6cf27ae9120157f0fa/element - {"using":"xpath","value":"//table[contains(@id, \"application-managecontracts-display-component---BillingItem--billingList-listUl\")]//td//*[contains(text(), \"partial billed\")]"}
COMMAND: GET /session/ee8c0ad77c32eb6cf27ae9120157f0fa/screenshot - {}
RESULT: {"using":"xpath","value":"//table[contains(@id, \"application-managecontracts-display-component---BillingItem--billingList-listUl\")]//td//*[contains(text(), \"partial billed\")]"}
COMMAND: POST /session/ee8c0ad77c32eb6cf27ae9120157f0fa/execute/sync - {"script":"<script> [56 bytes]","args":[{"element-6066-11e4-a52e-4f735466cecf":"f.4EEDEA8BBD1FF6E0A028415A04A49F5E.d.7C02828845492F4AF80D82DCD433690E.e.22612","ELEMENT":"f.4EEDEA8BBD1FF6E0A028415A04A49F5E.d.7C02828845492F4AF80D82DCD433690E.e.22612"}]}
RESULT: {}
RESULT: {"script":"<script> [56 bytes]","args":[{"element-6066-11e4-a52e-4f735466cecf":"f.4EEDEA8BBD1FF6E0A028415A04A49F5E.d.7C02828845492F4AF80D82DCD433690E.e.22612","ELEMENT":"f.4EEDEA8BBD1FF6E0A028415A04A49F5E.d.7C02828845492F4AF80D82DCD433690E.e.22612"}]}
COMMAND: POST /session/ee8c0ad77c32eb6cf27ae9120157f0fa/element - {"using":"css selector","value":"#shell-header-logo"}
COMMAND: GET /session/ee8c0ad77c32eb6cf27ae9120157f0fa/screenshot - {}
RESULT: {"using":"css selector","value":"#shell-header-logo"}
COMMAND: POST /session/ee8c0ad77c32eb6cf27ae9120157f0fa/element/f.4EEDEA8BBD1FF6E0A028415A04A49F5E.d.7C02828845492F4AF80D82DCD433690E.e.22220/click - {}
RESULT: {}
RESULT: {}
COMMAND: GET /session/ee8c0ad77c32eb6cf27ae9120157f0fa/screenshot - {}
RESULT: {}
]]></system-out>
    </testcase>
    <testcase classname="chrome.136_0_7103_49.windows.Billing_Calculation_-_Time_based_(considering_transport_times)_US139738" name="Should do a handover return 2 step 7 days after provide or 14 days from today receive it in 21 days" time="195.272">
      <system-out><![CDATA[
RESULT: undefined
COMMAND: POST /session/ee8c0ad77c32eb6cf27ae9120157f0fa/element - {"using":"xpath","value":"//*[@id=\"__tile131\"]"}
RESULT: {"using":"xpath","value":"//*[@id=\"__tile131\"]"}
COMMAND: POST /session/ee8c0ad77c32eb6cf27ae9120157f0fa/element/f.4EEDEA8BBD1FF6E0A028415A04A49F5E.d.7C02828845492F4AF80D82DCD433690E.e.18033/click - {}
RESULT: {}
COMMAND: GET /session/ee8c0ad77c32eb6cf27ae9120157f0fa/screenshot - {}
RESULT: {}
COMMAND: POST /session/ee8c0ad77c32eb6cf27ae9120157f0fa/elements - {"using":"xpath","value":"//span[text()='Error']"}
RESULT: {"using":"xpath","value":"//span[text()='Error']"}
COMMAND: POST /session/ee8c0ad77c32eb6cf27ae9120157f0fa/element - {"using":"xpath","value":"//button[@data-kt=\"addButton\"]"}
RESULT: {"using":"xpath","value":"//button[@data-kt=\"addButton\"]"}
COMMAND: POST /session/ee8c0ad77c32eb6cf27ae9120157f0fa/elements - {"using":"xpath","value":"//button[@data-kt=\"addButton\"]"}
RESULT: {"using":"xpath","value":"//button[@data-kt=\"addButton\"]"}
COMMAND: POST /session/ee8c0ad77c32eb6cf27ae9120157f0fa/execute/sync - {"script":"<script> [8489 bytes]","args":[{"element-6066-11e4-a52e-4f735466cecf":"f.4EEDEA8BBD1FF6E0A028415A04A49F5E.d.7C02828845492F4AF80D82DCD433690E.e.22665","ELEMENT":"f.4EEDEA8BBD1FF6E0A028415A04A49F5E.d.7C02828845492F4AF80D82DCD433690E.e.22665"}]}
RESULT: {"script":"<script> [8489 bytes]","args":[{"element-6066-11e4-a52e-4f735466cecf":"f.4EEDEA8BBD1FF6E0A028415A04A49F5E.d.7C02828845492F4AF80D82DCD433690E.e.22665","ELEMENT":"f.4EEDEA8BBD1FF6E0A028415A04A49F5E.d.7C02828845492F4AF80D82DCD433690E.e.22665"}]}
COMMAND: GET /session/ee8c0ad77c32eb6cf27ae9120157f0fa/element/f.4EEDEA8BBD1FF6E0A028415A04A49F5E.d.7C02828845492F4AF80D82DCD433690E.e.22665/enabled - {}
COMMAND: GET /session/ee8c0ad77c32eb6cf27ae9120157f0fa/screenshot - {}
RESULT: {}
COMMAND: POST /session/ee8c0ad77c32eb6cf27ae9120157f0fa/execute/sync - {"script":"<script> [8489 bytes]","args":[{"element-6066-11e4-a52e-4f735466cecf":"f.4EEDEA8BBD1FF6E0A028415A04A49F5E.d.7C02828845492F4AF80D82DCD433690E.e.22665","ELEMENT":"f.4EEDEA8BBD1FF6E0A028415A04A49F5E.d.7C02828845492F4AF80D82DCD433690E.e.22665"}]}
COMMAND: GET /session/ee8c0ad77c32eb6cf27ae9120157f0fa/screenshot - {}
RESULT: {}
RESULT: {"script":"<script> [8489 bytes]","args":[{"element-6066-11e4-a52e-4f735466cecf":"f.4EEDEA8BBD1FF6E0A028415A04A49F5E.d.7C02828845492F4AF80D82DCD433690E.e.22665","ELEMENT":"f.4EEDEA8BBD1FF6E0A028415A04A49F5E.d.7C02828845492F4AF80D82DCD433690E.e.22665"}]}
COMMAND: POST /session/ee8c0ad77c32eb6cf27ae9120157f0fa/execute/sync - {"script":"<script> [5351 bytes]","args":[{"element-6066-11e4-a52e-4f735466cecf":"f.4EEDEA8BBD1FF6E0A028415A04A49F5E.d.7C02828845492F4AF80D82DCD433690E.e.22665","ELEMENT":"f.4EEDEA8BBD1FF6E0A028415A04A49F5E.d.7C02828845492F4AF80D82DCD433690E.e.22665"}]}
COMMAND: GET /session/ee8c0ad77c32eb6cf27ae9120157f0fa/screenshot - {}
RESULT: {}
RESULT: {"script":"<script> [5351 bytes]","args":[{"element-6066-11e4-a52e-4f735466cecf":"f.4EEDEA8BBD1FF6E0A028415A04A49F5E.d.7C02828845492F4AF80D82DCD433690E.e.22665","ELEMENT":"f.4EEDEA8BBD1FF6E0A028415A04A49F5E.d.7C02828845492F4AF80D82DCD433690E.e.22665"}]}
COMMAND: GET /session/ee8c0ad77c32eb6cf27ae9120157f0fa/screenshot - {}
RESULT: {}
RESULT: {}
COMMAND: POST /session/ee8c0ad77c32eb6cf27ae9120157f0fa/element - {"using":"xpath","value":"//input[contains(@id ,\"smartContractFilterBar-btnBasicSearch-I\")]"}
RESULT: {"using":"xpath","value":"//input[contains(@id ,\"smartContractFilterBar-btnBasicSearch-I\")]"}
COMMAND: POST /session/ee8c0ad77c32eb6cf27ae9120157f0fa/elements - {"using":"xpath","value":"//input[contains(@id ,\"smartContractFilterBar-btnBasicSearch-I\")]"}
RESULT: {"using":"xpath","value":"//input[contains(@id ,\"smartContractFilterBar-btnBasicSearch-I\")]"}
COMMAND: POST /session/ee8c0ad77c32eb6cf27ae9120157f0fa/execute/sync - {"script":"<script> [8489 bytes]","args":[{"element-6066-11e4-a52e-4f735466cecf":"f.4EEDEA8BBD1FF6E0A028415A04A49F5E.d.7C02828845492F4AF80D82DCD433690E.e.22625","ELEMENT":"f.4EEDEA8BBD1FF6E0A028415A04A49F5E.d.7C02828845492F4AF80D82DCD433690E.e.22625"}]}
RESULT: {"script":"<script> [8489 bytes]","args":[{"element-6066-11e4-a52e-4f735466cecf":"f.4EEDEA8BBD1FF6E0A028415A04A49F5E.d.7C02828845492F4AF80D82DCD433690E.e.22625","ELEMENT":"f.4EEDEA8BBD1FF6E0A028415A04A49F5E.d.7C02828845492F4AF80D82DCD433690E.e.22625"}]}
COMMAND: GET /session/ee8c0ad77c32eb6cf27ae9120157f0fa/element/f.4EEDEA8BBD1FF6E0A028415A04A49F5E.d.7C02828845492F4AF80D82DCD433690E.e.22625/enabled - {}
COMMAND: GET /session/ee8c0ad77c32eb6cf27ae9120157f0fa/screenshot - {}
RESULT: {}
COMMAND: POST /session/ee8c0ad77c32eb6cf27ae9120157f0fa/element/f.4EEDEA8BBD1FF6E0A028415A04A49F5E.d.7C02828845492F4AF80D82DCD433690E.e.22625/clear - {}
COMMAND: GET /session/ee8c0ad77c32eb6cf27ae9120157f0fa/screenshot - {}
RESULT: {}
RESULT: {}
COMMAND: POST /session/ee8c0ad77c32eb6cf27ae9120157f0fa/element/f.4EEDEA8BBD1FF6E0A028415A04A49F5E.d.7C02828845492F4AF80D82DCD433690E.e.22625/value - {"text":"10223"}
COMMAND: GET /session/ee8c0ad77c32eb6cf27ae9120157f0fa/screenshot - {}
RESULT: {}
RESULT: {"text":"10223"}
COMMAND: GET /session/ee8c0ad77c32eb6cf27ae9120157f0fa/screenshot - {}
RESULT: {}
RESULT: {}
COMMAND: POST /session/ee8c0ad77c32eb6cf27ae9120157f0fa/actions - {"actions":[{"id":"action85","type":"key","parameters":{},"actions":[{"type":"keyDown","value":"î€‡"},{"type":"pause","duration":10},{"type":"keyUp","value":"î€‡"}]}]}
RESULT: {"actions":[{"id":"action85","type":"key","parameters":{},"actions":[{"type":"keyDown","value":"î€‡"},{"type":"pause","duration":10},{"type":"keyUp","value":"î€‡"}]}]}
COMMAND: GET /session/ee8c0ad77c32eb6cf27ae9120157f0fa/screenshot - {}
RESULT: {}
COMMAND: POST /session/ee8c0ad77c32eb6cf27ae9120157f0fa/element - {"using":"xpath","value":"//span[contains(@id, \"masterListContractsSmartTable-header-inner\")]"}
RESULT: {"using":"xpath","value":"//span[contains(@id, \"masterListContractsSmartTable-header-inner\")]"}
COMMAND: POST /session/ee8c0ad77c32eb6cf27ae9120157f0fa/elements - {"using":"xpath","value":"//span[contains(@id, \"masterListContractsSmartTable-header-inner\")]"}
RESULT: {"using":"xpath","value":"//span[contains(@id, \"masterListContractsSmartTable-header-inner\")]"}
COMMAND: POST /session/ee8c0ad77c32eb6cf27ae9120157f0fa/execute/sync - {"script":"<script> [56 bytes]","args":[{"element-6066-11e4-a52e-4f735466cecf":"f.4EEDEA8BBD1FF6E0A028415A04A49F5E.d.7C02828845492F4AF80D82DCD433690E.e.22719","ELEMENT":"f.4EEDEA8BBD1FF6E0A028415A04A49F5E.d.7C02828845492F4AF80D82DCD433690E.e.22719"}]}
RESULT: {"script":"<script> [56 bytes]","args":[{"element-6066-11e4-a52e-4f735466cecf":"f.4EEDEA8BBD1FF6E0A028415A04A49F5E.d.7C02828845492F4AF80D82DCD433690E.e.22719","ELEMENT":"f.4EEDEA8BBD1FF6E0A028415A04A49F5E.d.7C02828845492F4AF80D82DCD433690E.e.22719"}]}
COMMAND: POST /session/ee8c0ad77c32eb6cf27ae9120157f0fa/element - {"using":"xpath","value":"(//span[contains(@id, \"imgNav\")])[1]"}
COMMAND: GET /session/ee8c0ad77c32eb6cf27ae9120157f0fa/screenshot - {}
RESULT: {"using":"xpath","value":"(//span[contains(@id, \"imgNav\")])[1]"}
COMMAND: POST /session/ee8c0ad77c32eb6cf27ae9120157f0fa/element/f.4EEDEA8BBD1FF6E0A028415A04A49F5E.d.7C02828845492F4AF80D82DCD433690E.e.22718/click - {}
RESULT: {}
RESULT: {}
COMMAND: GET /session/ee8c0ad77c32eb6cf27ae9120157f0fa/screenshot - {}
RESULT: {}
COMMAND: POST /session/ee8c0ad77c32eb6cf27ae9120157f0fa/element - {"using":"xpath","value":"//button[contains(@id, \"contractDetailReturnButton\")]"}
RESULT: {"using":"xpath","value":"//button[contains(@id, \"contractDetailReturnButton\")]"}
COMMAND: POST /session/ee8c0ad77c32eb6cf27ae9120157f0fa/element/f.4EEDEA8BBD1FF6E0A028415A04A49F5E.d.7C02828845492F4AF80D82DCD433690E.e.22783/click - {}
RESULT: {}
COMMAND: GET /session/ee8c0ad77c32eb6cf27ae9120157f0fa/screenshot - {}
RESULT: {}
RESULT: undefined
COMMAND: POST /session/ee8c0ad77c32eb6cf27ae9120157f0fa/execute/async - {"script":"<script> [776 bytes]","args":[{"enterText":"5/28/25","selector":{"id":"application-managehandovers-display-component---AddNewHO--dueDate","interaction":{"idSuffix":"inner"}},"clearTextFirst":true,"interactionType":"ENTER_TEXT"}]}
RESULT: {"script":"<script> [776 bytes]","args":[{"enterText":"5/28/25","selector":{"id":"application-managehandovers-display-component---AddNewHO--dueDate","interaction":{"idSuffix":"inner"}},"clearTextFirst":true,"interactionType":"ENTER_TEXT"}]}
COMMAND: POST /session/ee8c0ad77c32eb6cf27ae9120157f0fa/element - {"using":"xpath","value":"//bdi[contains(text(), \"Instructions\")]"}
RESULT: {"using":"xpath","value":"//bdi[contains(text(), \"Instructions\")]"}
COMMAND: POST /session/ee8c0ad77c32eb6cf27ae9120157f0fa/element/f.4EEDEA8BBD1FF6E0A028415A04A49F5E.d.7C02828845492F4AF80D82DCD433690E.e.23168/click - {}
RESULT: {}
COMMAND: GET /session/ee8c0ad77c32eb6cf27ae9120157f0fa/screenshot - {}
RESULT: {}
COMMAND: POST /session/ee8c0ad77c32eb6cf27ae9120157f0fa/element - {"using":"xpath","value":"//button[@data-kt=\"AddNewHOProvideAddItemsButton\"]"}
RESULT: {"using":"xpath","value":"//button[@data-kt=\"AddNewHOProvideAddItemsButton\"]"}
COMMAND: POST /session/ee8c0ad77c32eb6cf27ae9120157f0fa/element/f.4EEDEA8BBD1FF6E0A028415A04A49F5E.d.7C02828845492F4AF80D82DCD433690E.e.22962/click - {}
RESULT: {}
COMMAND: GET /session/ee8c0ad77c32eb6cf27ae9120157f0fa/screenshot - {}
RESULT: {}
RESULT: undefined
COMMAND: POST /session/ee8c0ad77c32eb6cf27ae9120157f0fa/element - {"using":"xpath","value":"//*[@id=\"application-managehandovers-display-component---AddNewHO--popup-sa\"]"}
RESULT: {"using":"xpath","value":"//*[@id=\"application-managehandovers-display-component---AddNewHO--popup-sa\"]"}
COMMAND: POST /session/ee8c0ad77c32eb6cf27ae9120157f0fa/element/f.4EEDEA8BBD1FF6E0A028415A04A49F5E.d.7C02828845492F4AF80D82DCD433690E.e.23186/click - {}
RESULT: {}
COMMAND: GET /session/ee8c0ad77c32eb6cf27ae9120157f0fa/screenshot - {}
RESULT: {}
COMMAND: POST /session/ee8c0ad77c32eb6cf27ae9120157f0fa/element - {"using":"xpath","value":"//*[contains(@id ,\"BDI-content\")][contains(text(), \"Select\")]"}
RESULT: {"using":"xpath","value":"//*[contains(@id ,\"BDI-content\")][contains(text(), \"Select\")]"}
COMMAND: POST /session/ee8c0ad77c32eb6cf27ae9120157f0fa/element/f.4EEDEA8BBD1FF6E0A028415A04A49F5E.d.7C02828845492F4AF80D82DCD433690E.e.23188/click - {}
RESULT: {}
COMMAND: GET /session/ee8c0ad77c32eb6cf27ae9120157f0fa/screenshot - {}
RESULT: {}
COMMAND: POST /session/ee8c0ad77c32eb6cf27ae9120157f0fa/element - {"using":"xpath","value":"(//div[contains(@id, \"application-managehandovers-display-component---AddNewHO--oneStep-CbBg\")])"}
RESULT: {"using":"xpath","value":"(//div[contains(@id, \"application-managehandovers-display-component---AddNewHO--oneStep-CbBg\")])"}
COMMAND: POST /session/ee8c0ad77c32eb6cf27ae9120157f0fa/element/f.4EEDEA8BBD1FF6E0A028415A04A49F5E.d.7C02828845492F4AF80D82DCD433690E.e.23191/click - {}
RESULT: {}
RESULT: undefined
COMMAND: POST /session/ee8c0ad77c32eb6cf27ae9120157f0fa/element - {"using":"xpath","value":"//*[@id=\"application-managehandovers-display-component---AddNewHO--confirmCreationButton\"]"}
COMMAND: GET /session/ee8c0ad77c32eb6cf27ae9120157f0fa/screenshot - {}
RESULT: {"using":"xpath","value":"//*[@id=\"application-managehandovers-display-component---AddNewHO--confirmCreationButton\"]"}
COMMAND: POST /session/ee8c0ad77c32eb6cf27ae9120157f0fa/element/f.4EEDEA8BBD1FF6E0A028415A04A49F5E.d.7C02828845492F4AF80D82DCD433690E.e.22969/click - {}
RESULT: {}
RESULT: {}
COMMAND: GET /session/ee8c0ad77c32eb6cf27ae9120157f0fa/screenshot - {}
RESULT: undefined
COMMAND: POST /session/ee8c0ad77c32eb6cf27ae9120157f0fa/execute/async - {"script":"<script> [776 bytes]","args":[{"enterText":"5/28/25","selector":{"id":"issueDatePicker","viewName":"etm.portal.ui.managehandovers.view.DetailExecuteHO","interaction":{"idSuffix":"inner"}},"clearTextFirst":true,"interactionType":"ENTER_TEXT"}]}
RESULT: {}
RESULT: {"script":"<script> [776 bytes]","args":[{"enterText":"5/28/25","selector":{"id":"issueDatePicker","viewName":"etm.portal.ui.managehandovers.view.DetailExecuteHO","interaction":{"idSuffix":"inner"}},"clearTextFirst":true,"interactionType":"ENTER_TEXT"}]}
COMMAND: POST /session/ee8c0ad77c32eb6cf27ae9120157f0fa/element - {"using":"xpath","value":"//bdi[contains(text(), \"OK\")]"}
RESULT: {"using":"xpath","value":"//bdi[contains(text(), \"OK\")]"}
COMMAND: POST /session/ee8c0ad77c32eb6cf27ae9120157f0fa/element/f.4EEDEA8BBD1FF6E0A028415A04A49F5E.d.7C02828845492F4AF80D82DCD433690E.e.23225/click - {}
RESULT: {}
COMMAND: GET /session/ee8c0ad77c32eb6cf27ae9120157f0fa/screenshot - {}
RESULT: {}
COMMAND: POST /session/ee8c0ad77c32eb6cf27ae9120157f0fa/element - {"using":"xpath","value":"//button[@data-kt=\"PickingTableConfirmAllButton\"]"}
RESULT: {"using":"xpath","value":"//button[@data-kt=\"PickingTableConfirmAllButton\"]"}
COMMAND: POST /session/ee8c0ad77c32eb6cf27ae9120157f0fa/element/f.4EEDEA8BBD1FF6E0A028415A04A49F5E.d.7C02828845492F4AF80D82DCD433690E.e.23231/click - {}
RESULT: {}
COMMAND: GET /session/ee8c0ad77c32eb6cf27ae9120157f0fa/screenshot - {}
RESULT: {}
COMMAND: POST /session/ee8c0ad77c32eb6cf27ae9120157f0fa/element - {"using":"xpath","value":"//bdi[contains(text(), \"OK\")]"}
RESULT: {"using":"xpath","value":"//bdi[contains(text(), \"OK\")]"}
COMMAND: POST /session/ee8c0ad77c32eb6cf27ae9120157f0fa/element/f.4EEDEA8BBD1FF6E0A028415A04A49F5E.d.7C02828845492F4AF80D82DCD433690E.e.23235/click - {}
RESULT: {}
COMMAND: GET /session/ee8c0ad77c32eb6cf27ae9120157f0fa/screenshot - {}
RESULT: {}
COMMAND: POST /session/ee8c0ad77c32eb6cf27ae9120157f0fa/element - {"using":"xpath","value":"//button[@data-kt=\"execHoPickButton\"]"}
RESULT: {"using":"xpath","value":"//button[@data-kt=\"execHoPickButton\"]"}
COMMAND: POST /session/ee8c0ad77c32eb6cf27ae9120157f0fa/element/f.4EEDEA8BBD1FF6E0A028415A04A49F5E.d.7C02828845492F4AF80D82DCD433690E.e.23236/click - {}
RESULT: {}
COMMAND: GET /session/ee8c0ad77c32eb6cf27ae9120157f0fa/screenshot - {}
RESULT: {}
COMMAND: POST /session/ee8c0ad77c32eb6cf27ae9120157f0fa/element - {"using":"xpath","value":"//span[contains(@id ,\"filterItemControl_BASIC-SEND_CONTRACT-vhi\")]"}
RESULT: {"using":"xpath","value":"//span[contains(@id ,\"filterItemControl_BASIC-SEND_CONTRACT-vhi\")]"}
COMMAND: POST /session/ee8c0ad77c32eb6cf27ae9120157f0fa/element/f.4EEDEA8BBD1FF6E0A028415A04A49F5E.d.7C02828845492F4AF80D82DCD433690E.e.23521/click - {}
RESULT: {}
COMMAND: GET /session/ee8c0ad77c32eb6cf27ae9120157f0fa/screenshot - {}
RESULT: {}
RESULT: undefined
COMMAND: POST /session/ee8c0ad77c32eb6cf27ae9120157f0fa/execute/async - {"script":"<script> [776 bytes]","args":[{"enterText":"10223","selector":{"controlType":"sap.m.SearchField","viewName":"etm.portal.ui.managehandovers.view.MasterHO","bindingPath":{"path":"","propertyPath":"/_BASIC_SEARCH_FIELD","modelName":"fi1t3rM0d31"},"searchOpenDialogs":true,"interaction":{"idSuffix":"I"}},"clearTextFirst":true,"interactionType":"ENTER_TEXT"}]}
RESULT: {"script":"<script> [776 bytes]","args":[{"enterText":"10223","selector":{"controlType":"sap.m.SearchField","viewName":"etm.portal.ui.managehandovers.view.MasterHO","bindingPath":{"path":"","propertyPath":"/_BASIC_SEARCH_FIELD","modelName":"fi1t3rM0d31"},"searchOpenDialogs":true,"interaction":{"idSuffix":"I"}},"clearTextFirst":true,"interactionType":"ENTER_TEXT"}]}
COMMAND: POST /session/ee8c0ad77c32eb6cf27ae9120157f0fa/actions - {"actions":[{"id":"action86","type":"key","parameters":{},"actions":[{"type":"keyDown","value":"î€‡"},{"type":"pause","duration":10},{"type":"keyUp","value":"î€‡"}]}]}
RESULT: {"actions":[{"id":"action86","type":"key","parameters":{},"actions":[{"type":"keyDown","value":"î€‡"},{"type":"pause","duration":10},{"type":"keyUp","value":"î€‡"}]}]}
COMMAND: GET /session/ee8c0ad77c32eb6cf27ae9120157f0fa/screenshot - {}
RESULT: {}
COMMAND: POST /session/ee8c0ad77c32eb6cf27ae9120157f0fa/element - {"using":"xpath","value":"//div[contains(@id, 'filterItemControl_BASIC-SEND_CONTRACT-valueHelpDialog-table-rowsel0')]"}
RESULT: {"using":"xpath","value":"//div[contains(@id, 'filterItemControl_BASIC-SEND_CONTRACT-valueHelpDialog-table-rowsel0')]"}
COMMAND: POST /session/ee8c0ad77c32eb6cf27ae9120157f0fa/element/f.4EEDEA8BBD1FF6E0A028415A04A49F5E.d.7C02828845492F4AF80D82DCD433690E.e.23529/click - {}
RESULT: {}
COMMAND: GET /session/ee8c0ad77c32eb6cf27ae9120157f0fa/screenshot - {}
RESULT: {}
COMMAND: POST /session/ee8c0ad77c32eb6cf27ae9120157f0fa/element - {"using":"xpath","value":"//bdi[contains(text(), \"OK\")]"}
RESULT: {"using":"xpath","value":"//bdi[contains(text(), \"OK\")]"}
COMMAND: POST /session/ee8c0ad77c32eb6cf27ae9120157f0fa/element/f.4EEDEA8BBD1FF6E0A028415A04A49F5E.d.7C02828845492F4AF80D82DCD433690E.e.23531/click - {}
RESULT: {}
COMMAND: GET /session/ee8c0ad77c32eb6cf27ae9120157f0fa/screenshot - {}
RESULT: {}
COMMAND: POST /session/ee8c0ad77c32eb6cf27ae9120157f0fa/element - {"using":"xpath","value":"//span[contains(@id, \"smartTable-header-inner\")]"}
RESULT: {"using":"xpath","value":"//span[contains(@id, \"smartTable-header-inner\")]"}
COMMAND: POST /session/ee8c0ad77c32eb6cf27ae9120157f0fa/elements - {"using":"xpath","value":"//span[contains(@id, \"smartTable-header-inner\")]"}
RESULT: {"using":"xpath","value":"//span[contains(@id, \"smartTable-header-inner\")]"}
COMMAND: POST /session/ee8c0ad77c32eb6cf27ae9120157f0fa/execute/sync - {"script":"<script> [56 bytes]","args":[{"element-6066-11e4-a52e-4f735466cecf":"f.4EEDEA8BBD1FF6E0A028415A04A49F5E.d.7C02828845492F4AF80D82DCD433690E.e.23559","ELEMENT":"f.4EEDEA8BBD1FF6E0A028415A04A49F5E.d.7C02828845492F4AF80D82DCD433690E.e.23559"}]}
RESULT: {"script":"<script> [56 bytes]","args":[{"element-6066-11e4-a52e-4f735466cecf":"f.4EEDEA8BBD1FF6E0A028415A04A49F5E.d.7C02828845492F4AF80D82DCD433690E.e.23559","ELEMENT":"f.4EEDEA8BBD1FF6E0A028415A04A49F5E.d.7C02828845492F4AF80D82DCD433690E.e.23559"}]}
COMMAND: POST /session/ee8c0ad77c32eb6cf27ae9120157f0fa/element - {"using":"xpath","value":"//table[contains(@id, \"customHandovers\")]//tbody/tr[1]/td[2]/span"}
COMMAND: GET /session/ee8c0ad77c32eb6cf27ae9120157f0fa/screenshot - {}
RESULT: {"using":"xpath","value":"//table[contains(@id, \"customHandovers\")]//tbody/tr[1]/td[2]/span"}
COMMAND: POST /session/ee8c0ad77c32eb6cf27ae9120157f0fa/execute/sync - {"script":"<script> [56 bytes]","args":[{"element-6066-11e4-a52e-4f735466cecf":"f.4EEDEA8BBD1FF6E0A028415A04A49F5E.d.7C02828845492F4AF80D82DCD433690E.e.23560","ELEMENT":"f.4EEDEA8BBD1FF6E0A028415A04A49F5E.d.7C02828845492F4AF80D82DCD433690E.e.23560"}]}
RESULT: {}
RESULT: {"script":"<script> [56 bytes]","args":[{"element-6066-11e4-a52e-4f735466cecf":"f.4EEDEA8BBD1FF6E0A028415A04A49F5E.d.7C02828845492F4AF80D82DCD433690E.e.23560","ELEMENT":"f.4EEDEA8BBD1FF6E0A028415A04A49F5E.d.7C02828845492F4AF80D82DCD433690E.e.23560"}]}
COMMAND: POST /session/ee8c0ad77c32eb6cf27ae9120157f0fa/element - {"using":"xpath","value":"(//span[contains(@id, \"imgNav\")])[1]"}
COMMAND: GET /session/ee8c0ad77c32eb6cf27ae9120157f0fa/screenshot - {}
RESULT: {"using":"xpath","value":"(//span[contains(@id, \"imgNav\")])[1]"}
COMMAND: POST /session/ee8c0ad77c32eb6cf27ae9120157f0fa/element/f.4EEDEA8BBD1FF6E0A028415A04A49F5E.d.7C02828845492F4AF80D82DCD433690E.e.23557/click - {}
RESULT: {}
RESULT: {}
COMMAND: GET /session/ee8c0ad77c32eb6cf27ae9120157f0fa/screenshot - {}
RESULT: {}
RESULT: undefined
COMMAND: POST /session/ee8c0ad77c32eb6cf27ae9120157f0fa/execute/async - {"script":"<script> [776 bytes]","args":[{"enterText":"5/28/25","selector":{"id":"issueDatePicker","viewName":"etm.portal.ui.managehandovers.view.DetailExecuteHO","interaction":{"idSuffix":"inner"}},"clearTextFirst":true,"interactionType":"ENTER_TEXT"}]}
RESULT: {"script":"<script> [776 bytes]","args":[{"enterText":"5/28/25","selector":{"id":"issueDatePicker","viewName":"etm.portal.ui.managehandovers.view.DetailExecuteHO","interaction":{"idSuffix":"inner"}},"clearTextFirst":true,"interactionType":"ENTER_TEXT"}]}
COMMAND: POST /session/ee8c0ad77c32eb6cf27ae9120157f0fa/element - {"using":"xpath","value":"//button[@data-kt=\"PickingTableConfirmAllButton\"]"}
RESULT: {"using":"xpath","value":"//button[@data-kt=\"PickingTableConfirmAllButton\"]"}
COMMAND: POST /session/ee8c0ad77c32eb6cf27ae9120157f0fa/element/f.4EEDEA8BBD1FF6E0A028415A04A49F5E.d.7C02828845492F4AF80D82DCD433690E.e.23604/click - {}
RESULT: {}
COMMAND: GET /session/ee8c0ad77c32eb6cf27ae9120157f0fa/screenshot - {}
RESULT: {}
COMMAND: POST /session/ee8c0ad77c32eb6cf27ae9120157f0fa/element - {"using":"xpath","value":"//bdi[contains(text(), \"OK\")]"}
RESULT: {"using":"xpath","value":"//bdi[contains(text(), \"OK\")]"}
COMMAND: POST /session/ee8c0ad77c32eb6cf27ae9120157f0fa/element/f.4EEDEA8BBD1FF6E0A028415A04A49F5E.d.7C02828845492F4AF80D82DCD433690E.e.23615/click - {}
RESULT: {}
COMMAND: GET /session/ee8c0ad77c32eb6cf27ae9120157f0fa/screenshot - {}
RESULT: {}
COMMAND: POST /session/ee8c0ad77c32eb6cf27ae9120157f0fa/element - {"using":"xpath","value":"//button[@data-kt=\"execHoIssueButton\"]"}
RESULT: {"using":"xpath","value":"//button[@data-kt=\"execHoIssueButton\"]"}
COMMAND: POST /session/ee8c0ad77c32eb6cf27ae9120157f0fa/element/f.4EEDEA8BBD1FF6E0A028415A04A49F5E.d.7C02828845492F4AF80D82DCD433690E.e.23617/click - {}
RESULT: {}
COMMAND: GET /session/ee8c0ad77c32eb6cf27ae9120157f0fa/screenshot - {}
RESULT: {}
COMMAND: POST /session/ee8c0ad77c32eb6cf27ae9120157f0fa/element - {"using":"xpath","value":"//input[contains(@id ,\"smartFilterBar-btnBasicSearch-I\")]"}
RESULT: {"using":"xpath","value":"//input[contains(@id ,\"smartFilterBar-btnBasicSearch-I\")]"}
COMMAND: POST /session/ee8c0ad77c32eb6cf27ae9120157f0fa/elements - {"using":"xpath","value":"//input[contains(@id ,\"smartFilterBar-btnBasicSearch-I\")]"}
RESULT: {"using":"xpath","value":"//input[contains(@id ,\"smartFilterBar-btnBasicSearch-I\")]"}
COMMAND: POST /session/ee8c0ad77c32eb6cf27ae9120157f0fa/execute/sync - {"script":"<script> [8489 bytes]","args":[{"element-6066-11e4-a52e-4f735466cecf":"f.4EEDEA8BBD1FF6E0A028415A04A49F5E.d.7C02828845492F4AF80D82DCD433690E.e.22917","ELEMENT":"f.4EEDEA8BBD1FF6E0A028415A04A49F5E.d.7C02828845492F4AF80D82DCD433690E.e.22917"}]}
RESULT: {"script":"<script> [8489 bytes]","args":[{"element-6066-11e4-a52e-4f735466cecf":"f.4EEDEA8BBD1FF6E0A028415A04A49F5E.d.7C02828845492F4AF80D82DCD433690E.e.22917","ELEMENT":"f.4EEDEA8BBD1FF6E0A028415A04A49F5E.d.7C02828845492F4AF80D82DCD433690E.e.22917"}]}
COMMAND: GET /session/ee8c0ad77c32eb6cf27ae9120157f0fa/element/f.4EEDEA8BBD1FF6E0A028415A04A49F5E.d.7C02828845492F4AF80D82DCD433690E.e.22917/enabled - {}
COMMAND: GET /session/ee8c0ad77c32eb6cf27ae9120157f0fa/screenshot - {}
RESULT: {}
COMMAND: POST /session/ee8c0ad77c32eb6cf27ae9120157f0fa/element/f.4EEDEA8BBD1FF6E0A028415A04A49F5E.d.7C02828845492F4AF80D82DCD433690E.e.22917/clear - {}
COMMAND: GET /session/ee8c0ad77c32eb6cf27ae9120157f0fa/screenshot - {}
RESULT: {}
RESULT: {}
COMMAND: POST /session/ee8c0ad77c32eb6cf27ae9120157f0fa/element/f.4EEDEA8BBD1FF6E0A028415A04A49F5E.d.7C02828845492F4AF80D82DCD433690E.e.22917/value - {"text":"30400"}
COMMAND: GET /session/ee8c0ad77c32eb6cf27ae9120157f0fa/screenshot - {}
RESULT: {}
RESULT: {"text":"30400"}
COMMAND: GET /session/ee8c0ad77c32eb6cf27ae9120157f0fa/screenshot - {}
RESULT: {}
RESULT: {}
COMMAND: POST /session/ee8c0ad77c32eb6cf27ae9120157f0fa/actions - {"actions":[{"id":"action87","type":"key","parameters":{},"actions":[{"type":"keyDown","value":"î€‡"},{"type":"pause","duration":10},{"type":"keyUp","value":"î€‡"}]}]}
RESULT: {"actions":[{"id":"action87","type":"key","parameters":{},"actions":[{"type":"keyDown","value":"î€‡"},{"type":"pause","duration":10},{"type":"keyUp","value":"î€‡"}]}]}
COMMAND: GET /session/ee8c0ad77c32eb6cf27ae9120157f0fa/screenshot - {}
RESULT: {}
COMMAND: POST /session/ee8c0ad77c32eb6cf27ae9120157f0fa/element - {"using":"xpath","value":"//span[contains(@id, \"smartTable-header-inner\")]"}
RESULT: {"using":"xpath","value":"//span[contains(@id, \"smartTable-header-inner\")]"}
COMMAND: POST /session/ee8c0ad77c32eb6cf27ae9120157f0fa/elements - {"using":"xpath","value":"//span[contains(@id, \"smartTable-header-inner\")]"}
RESULT: {"using":"xpath","value":"//span[contains(@id, \"smartTable-header-inner\")]"}
COMMAND: POST /session/ee8c0ad77c32eb6cf27ae9120157f0fa/execute/sync - {"script":"<script> [56 bytes]","args":[{"element-6066-11e4-a52e-4f735466cecf":"f.4EEDEA8BBD1FF6E0A028415A04A49F5E.d.7C02828845492F4AF80D82DCD433690E.e.23559","ELEMENT":"f.4EEDEA8BBD1FF6E0A028415A04A49F5E.d.7C02828845492F4AF80D82DCD433690E.e.23559"}]}
RESULT: {"script":"<script> [56 bytes]","args":[{"element-6066-11e4-a52e-4f735466cecf":"f.4EEDEA8BBD1FF6E0A028415A04A49F5E.d.7C02828845492F4AF80D82DCD433690E.e.23559","ELEMENT":"f.4EEDEA8BBD1FF6E0A028415A04A49F5E.d.7C02828845492F4AF80D82DCD433690E.e.23559"}]}
COMMAND: POST /session/ee8c0ad77c32eb6cf27ae9120157f0fa/elements - {"using":"xpath","value":"//thead[contains(@class, \"sapMTableTH\")]/tr/th"}
COMMAND: GET /session/ee8c0ad77c32eb6cf27ae9120157f0fa/screenshot - {}
RESULT: {"using":"xpath","value":"//thead[contains(@class, \"sapMTableTH\")]/tr/th"}
COMMAND: GET /session/ee8c0ad77c32eb6cf27ae9120157f0fa/element/f.4EEDEA8BBD1FF6E0A028415A04A49F5E.d.7C02828845492F4AF80D82DCD433690E.e.23660/text - {}
RESULT: {}
RESULT: {}
COMMAND: GET /session/ee8c0ad77c32eb6cf27ae9120157f0fa/element/f.4EEDEA8BBD1FF6E0A028415A04A49F5E.d.7C02828845492F4AF80D82DCD433690E.e.23661/text - {}
RESULT: {}
COMMAND: GET /session/ee8c0ad77c32eb6cf27ae9120157f0fa/element/f.4EEDEA8BBD1FF6E0A028415A04A49F5E.d.7C02828845492F4AF80D82DCD433690E.e.22998/text - {}
RESULT: {}
COMMAND: GET /session/ee8c0ad77c32eb6cf27ae9120157f0fa/element/f.4EEDEA8BBD1FF6E0A028415A04A49F5E.d.7C02828845492F4AF80D82DCD433690E.e.23000/text - {}
RESULT: {}
COMMAND: GET /session/ee8c0ad77c32eb6cf27ae9120157f0fa/element/f.4EEDEA8BBD1FF6E0A028415A04A49F5E.d.7C02828845492F4AF80D82DCD433690E.e.23621/text - {}
RESULT: {}
COMMAND: GET /session/ee8c0ad77c32eb6cf27ae9120157f0fa/element/f.4EEDEA8BBD1FF6E0A028415A04A49F5E.d.7C02828845492F4AF80D82DCD433690E.e.23622/text - {}
RESULT: {}
COMMAND: GET /session/ee8c0ad77c32eb6cf27ae9120157f0fa/element/f.4EEDEA8BBD1FF6E0A028415A04A49F5E.d.7C02828845492F4AF80D82DCD433690E.e.23623/text - {}
RESULT: {}
COMMAND: GET /session/ee8c0ad77c32eb6cf27ae9120157f0fa/element/f.4EEDEA8BBD1FF6E0A028415A04A49F5E.d.7C02828845492F4AF80D82DCD433690E.e.23624/text - {}
RESULT: {}
COMMAND: GET /session/ee8c0ad77c32eb6cf27ae9120157f0fa/element/f.4EEDEA8BBD1FF6E0A028415A04A49F5E.d.7C02828845492F4AF80D82DCD433690E.e.23625/text - {}
RESULT: {}
COMMAND: GET /session/ee8c0ad77c32eb6cf27ae9120157f0fa/element/f.4EEDEA8BBD1FF6E0A028415A04A49F5E.d.7C02828845492F4AF80D82DCD433690E.e.23626/text - {}
RESULT: {}
COMMAND: GET /session/ee8c0ad77c32eb6cf27ae9120157f0fa/element/f.4EEDEA8BBD1FF6E0A028415A04A49F5E.d.7C02828845492F4AF80D82DCD433690E.e.23627/text - {}
RESULT: {}
COMMAND: GET /session/ee8c0ad77c32eb6cf27ae9120157f0fa/element/f.4EEDEA8BBD1FF6E0A028415A04A49F5E.d.7C02828845492F4AF80D82DCD433690E.e.23628/text - {}
RESULT: {}
COMMAND: GET /session/ee8c0ad77c32eb6cf27ae9120157f0fa/element/f.4EEDEA8BBD1FF6E0A028415A04A49F5E.d.7C02828845492F4AF80D82DCD433690E.e.23629/text - {}
RESULT: {}
COMMAND: GET /session/ee8c0ad77c32eb6cf27ae9120157f0fa/element/f.4EEDEA8BBD1FF6E0A028415A04A49F5E.d.7C02828845492F4AF80D82DCD433690E.e.23001/text - {}
RESULT: {}
COMMAND: POST /session/ee8c0ad77c32eb6cf27ae9120157f0fa/element - {"using":"xpath","value":"//tbody[contains(@id, \"customHandoversTable-tblBody\")]/tr[1]/td[14]/div/span"}
RESULT: {"using":"xpath","value":"//tbody[contains(@id, \"customHandoversTable-tblBody\")]/tr[1]/td[14]/div/span"}
COMMAND: POST /session/ee8c0ad77c32eb6cf27ae9120157f0fa/execute/sync - {"script":"<script> [56 bytes]","args":[{"element-6066-11e4-a52e-4f735466cecf":"f.4EEDEA8BBD1FF6E0A028415A04A49F5E.d.7C02828845492F4AF80D82DCD433690E.e.23714","ELEMENT":"f.4EEDEA8BBD1FF6E0A028415A04A49F5E.d.7C02828845492F4AF80D82DCD433690E.e.23714"}]}
RESULT: {"script":"<script> [56 bytes]","args":[{"element-6066-11e4-a52e-4f735466cecf":"f.4EEDEA8BBD1FF6E0A028415A04A49F5E.d.7C02828845492F4AF80D82DCD433690E.e.23714","ELEMENT":"f.4EEDEA8BBD1FF6E0A028415A04A49F5E.d.7C02828845492F4AF80D82DCD433690E.e.23714"}]}
COMMAND: POST /session/ee8c0ad77c32eb6cf27ae9120157f0fa/element - {"using":"xpath","value":"(//span[contains(@id, \"imgNav\")])[1]"}
COMMAND: GET /session/ee8c0ad77c32eb6cf27ae9120157f0fa/screenshot - {}
RESULT: {}
RESULT: {"using":"xpath","value":"(//span[contains(@id, \"imgNav\")])[1]"}
COMMAND: POST /session/ee8c0ad77c32eb6cf27ae9120157f0fa/element/f.4EEDEA8BBD1FF6E0A028415A04A49F5E.d.7C02828845492F4AF80D82DCD433690E.e.23658/click - {}
RESULT: {}
COMMAND: GET /session/ee8c0ad77c32eb6cf27ae9120157f0fa/screenshot - {}
RESULT: {}
RESULT: undefined
COMMAND: POST /session/ee8c0ad77c32eb6cf27ae9120157f0fa/execute/async - {"script":"<script> [776 bytes]","args":[{"enterText":"6/4/25","selector":{"id":"receiptDatePicker","viewName":"etm.portal.ui.managehandovers.view.DetailExecuteHO","interaction":{"idSuffix":"inner"}},"clearTextFirst":true,"interactionType":"ENTER_TEXT"}]}
RESULT: {"script":"<script> [776 bytes]","args":[{"enterText":"6/4/25","selector":{"id":"receiptDatePicker","viewName":"etm.portal.ui.managehandovers.view.DetailExecuteHO","interaction":{"idSuffix":"inner"}},"clearTextFirst":true,"interactionType":"ENTER_TEXT"}]}
COMMAND: POST /session/ee8c0ad77c32eb6cf27ae9120157f0fa/element - {"using":"xpath","value":"//bdi[contains(text(), \"OK\")]"}
RESULT: {"using":"xpath","value":"//bdi[contains(text(), \"OK\")]"}
COMMAND: POST /session/ee8c0ad77c32eb6cf27ae9120157f0fa/element/f.4EEDEA8BBD1FF6E0A028415A04A49F5E.d.7C02828845492F4AF80D82DCD433690E.e.23741/click - {}
RESULT: {}
COMMAND: GET /session/ee8c0ad77c32eb6cf27ae9120157f0fa/screenshot - {}
RESULT: {}
COMMAND: POST /session/ee8c0ad77c32eb6cf27ae9120157f0fa/element - {"using":"xpath","value":"//button[@data-kt=\"PickingTableConfirmAllButton\"]"}
RESULT: {"using":"xpath","value":"//button[@data-kt=\"PickingTableConfirmAllButton\"]"}
COMMAND: POST /session/ee8c0ad77c32eb6cf27ae9120157f0fa/element/f.4EEDEA8BBD1FF6E0A028415A04A49F5E.d.7C02828845492F4AF80D82DCD433690E.e.23726/click - {}
RESULT: {}
COMMAND: GET /session/ee8c0ad77c32eb6cf27ae9120157f0fa/screenshot - {}
RESULT: {}
COMMAND: POST /session/ee8c0ad77c32eb6cf27ae9120157f0fa/element - {"using":"xpath","value":"//bdi[contains(text(), \"OK\")]"}
RESULT: {"using":"xpath","value":"//bdi[contains(text(), \"OK\")]"}
COMMAND: POST /session/ee8c0ad77c32eb6cf27ae9120157f0fa/element/f.4EEDEA8BBD1FF6E0A028415A04A49F5E.d.7C02828845492F4AF80D82DCD433690E.e.23757/click - {}
RESULT: {}
COMMAND: GET /session/ee8c0ad77c32eb6cf27ae9120157f0fa/screenshot - {}
RESULT: {}
COMMAND: POST /session/ee8c0ad77c32eb6cf27ae9120157f0fa/element - {"using":"xpath","value":"//button[@data-kt= \"execHoReceiveButton\"]"}
RESULT: {"using":"xpath","value":"//button[@data-kt= \"execHoReceiveButton\"]"}
COMMAND: POST /session/ee8c0ad77c32eb6cf27ae9120157f0fa/element/f.4EEDEA8BBD1FF6E0A028415A04A49F5E.d.7C02828845492F4AF80D82DCD433690E.e.23758/click - {}
RESULT: {}
COMMAND: GET /session/ee8c0ad77c32eb6cf27ae9120157f0fa/screenshot - {}
RESULT: {}
COMMAND: POST /session/ee8c0ad77c32eb6cf27ae9120157f0fa/element - {"using":"xpath","value":"//input[contains(@id ,\"smartFilterBar-btnBasicSearch-I\")]"}
RESULT: {"using":"xpath","value":"//input[contains(@id ,\"smartFilterBar-btnBasicSearch-I\")]"}
COMMAND: POST /session/ee8c0ad77c32eb6cf27ae9120157f0fa/elements - {"using":"xpath","value":"//input[contains(@id ,\"smartFilterBar-btnBasicSearch-I\")]"}
RESULT: {"using":"xpath","value":"//input[contains(@id ,\"smartFilterBar-btnBasicSearch-I\")]"}
COMMAND: POST /session/ee8c0ad77c32eb6cf27ae9120157f0fa/execute/sync - {"script":"<script> [8489 bytes]","args":[{"element-6066-11e4-a52e-4f735466cecf":"f.4EEDEA8BBD1FF6E0A028415A04A49F5E.d.7C02828845492F4AF80D82DCD433690E.e.22917","ELEMENT":"f.4EEDEA8BBD1FF6E0A028415A04A49F5E.d.7C02828845492F4AF80D82DCD433690E.e.22917"}]}
RESULT: {"script":"<script> [8489 bytes]","args":[{"element-6066-11e4-a52e-4f735466cecf":"f.4EEDEA8BBD1FF6E0A028415A04A49F5E.d.7C02828845492F4AF80D82DCD433690E.e.22917","ELEMENT":"f.4EEDEA8BBD1FF6E0A028415A04A49F5E.d.7C02828845492F4AF80D82DCD433690E.e.22917"}]}
COMMAND: GET /session/ee8c0ad77c32eb6cf27ae9120157f0fa/element/f.4EEDEA8BBD1FF6E0A028415A04A49F5E.d.7C02828845492F4AF80D82DCD433690E.e.22917/enabled - {}
COMMAND: GET /session/ee8c0ad77c32eb6cf27ae9120157f0fa/screenshot - {}
RESULT: {}
COMMAND: POST /session/ee8c0ad77c32eb6cf27ae9120157f0fa/element/f.4EEDEA8BBD1FF6E0A028415A04A49F5E.d.7C02828845492F4AF80D82DCD433690E.e.22917/clear - {}
COMMAND: GET /session/ee8c0ad77c32eb6cf27ae9120157f0fa/screenshot - {}
RESULT: {}
RESULT: {}
COMMAND: POST /session/ee8c0ad77c32eb6cf27ae9120157f0fa/element/f.4EEDEA8BBD1FF6E0A028415A04A49F5E.d.7C02828845492F4AF80D82DCD433690E.e.22917/value - {"text":"30400"}
COMMAND: GET /session/ee8c0ad77c32eb6cf27ae9120157f0fa/screenshot - {}
RESULT: {}
RESULT: {"text":"30400"}
COMMAND: GET /session/ee8c0ad77c32eb6cf27ae9120157f0fa/screenshot - {}
RESULT: {}
RESULT: {}
COMMAND: POST /session/ee8c0ad77c32eb6cf27ae9120157f0fa/actions - {"actions":[{"id":"action88","type":"key","parameters":{},"actions":[{"type":"keyDown","value":"î€‡"},{"type":"pause","duration":10},{"type":"keyUp","value":"î€‡"}]}]}
RESULT: {"actions":[{"id":"action88","type":"key","parameters":{},"actions":[{"type":"keyDown","value":"î€‡"},{"type":"pause","duration":10},{"type":"keyUp","value":"î€‡"}]}]}
COMMAND: GET /session/ee8c0ad77c32eb6cf27ae9120157f0fa/screenshot - {}
RESULT: {}
COMMAND: POST /session/ee8c0ad77c32eb6cf27ae9120157f0fa/element - {"using":"xpath","value":"//span[contains(@id, \"smartTable-header-inner\")]"}
RESULT: {"using":"xpath","value":"//span[contains(@id, \"smartTable-header-inner\")]"}
COMMAND: POST /session/ee8c0ad77c32eb6cf27ae9120157f0fa/elements - {"using":"xpath","value":"//span[contains(@id, \"smartTable-header-inner\")]"}
RESULT: {"using":"xpath","value":"//span[contains(@id, \"smartTable-header-inner\")]"}
COMMAND: POST /session/ee8c0ad77c32eb6cf27ae9120157f0fa/execute/sync - {"script":"<script> [56 bytes]","args":[{"element-6066-11e4-a52e-4f735466cecf":"f.4EEDEA8BBD1FF6E0A028415A04A49F5E.d.7C02828845492F4AF80D82DCD433690E.e.23559","ELEMENT":"f.4EEDEA8BBD1FF6E0A028415A04A49F5E.d.7C02828845492F4AF80D82DCD433690E.e.23559"}]}
RESULT: {"script":"<script> [56 bytes]","args":[{"element-6066-11e4-a52e-4f735466cecf":"f.4EEDEA8BBD1FF6E0A028415A04A49F5E.d.7C02828845492F4AF80D82DCD433690E.e.23559","ELEMENT":"f.4EEDEA8BBD1FF6E0A028415A04A49F5E.d.7C02828845492F4AF80D82DCD433690E.e.23559"}]}
COMMAND: POST /session/ee8c0ad77c32eb6cf27ae9120157f0fa/elements - {"using":"xpath","value":"//thead[contains(@class, \"sapMTableTH\")]/tr/th"}
COMMAND: GET /session/ee8c0ad77c32eb6cf27ae9120157f0fa/screenshot - {}
RESULT: {"using":"xpath","value":"//thead[contains(@class, \"sapMTableTH\")]/tr/th"}
COMMAND: GET /session/ee8c0ad77c32eb6cf27ae9120157f0fa/element/f.4EEDEA8BBD1FF6E0A028415A04A49F5E.d.7C02828845492F4AF80D82DCD433690E.e.23660/text - {}
RESULT: {}
RESULT: {}
COMMAND: GET /session/ee8c0ad77c32eb6cf27ae9120157f0fa/element/f.4EEDEA8BBD1FF6E0A028415A04A49F5E.d.7C02828845492F4AF80D82DCD433690E.e.23661/text - {}
RESULT: {}
COMMAND: GET /session/ee8c0ad77c32eb6cf27ae9120157f0fa/element/f.4EEDEA8BBD1FF6E0A028415A04A49F5E.d.7C02828845492F4AF80D82DCD433690E.e.22998/text - {}
RESULT: {}
COMMAND: GET /session/ee8c0ad77c32eb6cf27ae9120157f0fa/element/f.4EEDEA8BBD1FF6E0A028415A04A49F5E.d.7C02828845492F4AF80D82DCD433690E.e.23000/text - {}
RESULT: {}
COMMAND: GET /session/ee8c0ad77c32eb6cf27ae9120157f0fa/element/f.4EEDEA8BBD1FF6E0A028415A04A49F5E.d.7C02828845492F4AF80D82DCD433690E.e.23763/text - {}
RESULT: {}
COMMAND: GET /session/ee8c0ad77c32eb6cf27ae9120157f0fa/element/f.4EEDEA8BBD1FF6E0A028415A04A49F5E.d.7C02828845492F4AF80D82DCD433690E.e.23764/text - {}
RESULT: {}
COMMAND: GET /session/ee8c0ad77c32eb6cf27ae9120157f0fa/element/f.4EEDEA8BBD1FF6E0A028415A04A49F5E.d.7C02828845492F4AF80D82DCD433690E.e.23765/text - {}
RESULT: {}
COMMAND: GET /session/ee8c0ad77c32eb6cf27ae9120157f0fa/element/f.4EEDEA8BBD1FF6E0A028415A04A49F5E.d.7C02828845492F4AF80D82DCD433690E.e.23766/text - {}
RESULT: {}
COMMAND: GET /session/ee8c0ad77c32eb6cf27ae9120157f0fa/element/f.4EEDEA8BBD1FF6E0A028415A04A49F5E.d.7C02828845492F4AF80D82DCD433690E.e.23767/text - {}
RESULT: {}
COMMAND: GET /session/ee8c0ad77c32eb6cf27ae9120157f0fa/element/f.4EEDEA8BBD1FF6E0A028415A04A49F5E.d.7C02828845492F4AF80D82DCD433690E.e.23768/text - {}
RESULT: {}
COMMAND: GET /session/ee8c0ad77c32eb6cf27ae9120157f0fa/element/f.4EEDEA8BBD1FF6E0A028415A04A49F5E.d.7C02828845492F4AF80D82DCD433690E.e.23769/text - {}
RESULT: {}
COMMAND: GET /session/ee8c0ad77c32eb6cf27ae9120157f0fa/element/f.4EEDEA8BBD1FF6E0A028415A04A49F5E.d.7C02828845492F4AF80D82DCD433690E.e.23770/text - {}
RESULT: {}
COMMAND: GET /session/ee8c0ad77c32eb6cf27ae9120157f0fa/element/f.4EEDEA8BBD1FF6E0A028415A04A49F5E.d.7C02828845492F4AF80D82DCD433690E.e.23771/text - {}
RESULT: {}
COMMAND: GET /session/ee8c0ad77c32eb6cf27ae9120157f0fa/element/f.4EEDEA8BBD1FF6E0A028415A04A49F5E.d.7C02828845492F4AF80D82DCD433690E.e.23001/text - {}
RESULT: {}
COMMAND: POST /session/ee8c0ad77c32eb6cf27ae9120157f0fa/element - {"using":"xpath","value":"//tbody[contains(@id, \"customHandoversTable-tblBody\")]/tr[1]/td[14]/div/span"}
RESULT: {"using":"xpath","value":"//tbody[contains(@id, \"customHandoversTable-tblBody\")]/tr[1]/td[14]/div/span"}
COMMAND: POST /session/ee8c0ad77c32eb6cf27ae9120157f0fa/execute/sync - {"script":"<script> [56 bytes]","args":[{"element-6066-11e4-a52e-4f735466cecf":"f.4EEDEA8BBD1FF6E0A028415A04A49F5E.d.7C02828845492F4AF80D82DCD433690E.e.23820","ELEMENT":"f.4EEDEA8BBD1FF6E0A028415A04A49F5E.d.7C02828845492F4AF80D82DCD433690E.e.23820"}]}
RESULT: {"script":"<script> [56 bytes]","args":[{"element-6066-11e4-a52e-4f735466cecf":"f.4EEDEA8BBD1FF6E0A028415A04A49F5E.d.7C02828845492F4AF80D82DCD433690E.e.23820","ELEMENT":"f.4EEDEA8BBD1FF6E0A028415A04A49F5E.d.7C02828845492F4AF80D82DCD433690E.e.23820"}]}
COMMAND: POST /session/ee8c0ad77c32eb6cf27ae9120157f0fa/element - {"using":"css selector","value":"#shell-header-logo"}
COMMAND: GET /session/ee8c0ad77c32eb6cf27ae9120157f0fa/screenshot - {}
RESULT: {"using":"css selector","value":"#shell-header-logo"}
COMMAND: POST /session/ee8c0ad77c32eb6cf27ae9120157f0fa/element/f.4EEDEA8BBD1FF6E0A028415A04A49F5E.d.7C02828845492F4AF80D82DCD433690E.e.22615/click - {}
RESULT: {}
RESULT: {}
COMMAND: GET /session/ee8c0ad77c32eb6cf27ae9120157f0fa/screenshot - {}
RESULT: {}
]]></system-out>
    </testcase>
    <testcase classname="chrome.136_0_7103_49.windows.Billing_Calculation_-_Time_based_(considering_transport_times)_US139738" name="Should do another billing run but in around 17 days from today" time="73.629">
      <system-out><![CDATA[
RESULT: undefined
COMMAND: POST /session/ee8c0ad77c32eb6cf27ae9120157f0fa/element - {"using":"xpath","value":"//*[@id=\"__tile51\"]"}
RESULT: {"using":"xpath","value":"//*[@id=\"__tile51\"]"}
COMMAND: POST /session/ee8c0ad77c32eb6cf27ae9120157f0fa/element/f.4EEDEA8BBD1FF6E0A028415A04A49F5E.d.7C02828845492F4AF80D82DCD433690E.e.18060/click - {}
RESULT: {}
COMMAND: GET /session/ee8c0ad77c32eb6cf27ae9120157f0fa/screenshot - {}
RESULT: {}
COMMAND: POST /session/ee8c0ad77c32eb6cf27ae9120157f0fa/elements - {"using":"xpath","value":"//span[text()='Error']"}
RESULT: {"using":"xpath","value":"//span[text()='Error']"}
RESULT: undefined
COMMAND: POST /session/ee8c0ad77c32eb6cf27ae9120157f0fa/execute/async - {"script":"<script> [776 bytes]","args":[{"enterText":"10223","selector":{"id":"application-managebillings-display-component---billRunCalcResult--smartFilterBar-btnBasicSearch","interaction":{"idSuffix":"I"}},"clearTextFirst":true,"interactionType":"ENTER_TEXT"}]}
RESULT: {"script":"<script> [776 bytes]","args":[{"enterText":"10223","selector":{"id":"application-managebillings-display-component---billRunCalcResult--smartFilterBar-btnBasicSearch","interaction":{"idSuffix":"I"}},"clearTextFirst":true,"interactionType":"ENTER_TEXT"}]}
COMMAND: POST /session/ee8c0ad77c32eb6cf27ae9120157f0fa/actions - {"actions":[{"id":"action89","type":"key","parameters":{},"actions":[{"type":"keyDown","value":"î€‡"},{"type":"pause","duration":10},{"type":"keyUp","value":"î€‡"}]}]}
RESULT: {"actions":[{"id":"action89","type":"key","parameters":{},"actions":[{"type":"keyDown","value":"î€‡"},{"type":"pause","duration":10},{"type":"keyUp","value":"î€‡"}]}]}
COMMAND: GET /session/ee8c0ad77c32eb6cf27ae9120157f0fa/screenshot - {}
RESULT: {}
COMMAND: POST /session/ee8c0ad77c32eb6cf27ae9120157f0fa/element - {"using":"xpath","value":"//td[@aria-colindex=\"1\"]/div/div[contains(@class, \"sapMCbBg\")]"}
RESULT: {"using":"xpath","value":"//td[@aria-colindex=\"1\"]/div/div[contains(@class, \"sapMCbBg\")]"}
COMMAND: POST /session/ee8c0ad77c32eb6cf27ae9120157f0fa/element/f.4EEDEA8BBD1FF6E0A028415A04A49F5E.d.7C02828845492F4AF80D82DCD433690E.e.24039/click - {}
RESULT: {}
COMMAND: GET /session/ee8c0ad77c32eb6cf27ae9120157f0fa/screenshot - {}
RESULT: {}
RESULT: undefined
COMMAND: POST /session/ee8c0ad77c32eb6cf27ae9120157f0fa/execute/async - {"script":"<script> [776 bytes]","args":[{"enterText":"5/31/25","selector":{"id":"application-managebillings-display-component---billRunCalcResult--contractBillRunDate","interaction":{"idSuffix":"inner"}},"clearTextFirst":true,"interactionType":"ENTER_TEXT"}]}
RESULT: {"script":"<script> [776 bytes]","args":[{"enterText":"5/31/25","selector":{"id":"application-managebillings-display-component---billRunCalcResult--contractBillRunDate","interaction":{"idSuffix":"inner"}},"clearTextFirst":true,"interactionType":"ENTER_TEXT"}]}
COMMAND: POST /session/ee8c0ad77c32eb6cf27ae9120157f0fa/element - {"using":"xpath","value":"//bdi[contains(text(), \"Trigger Calculation\")]"}
RESULT: {"using":"xpath","value":"//bdi[contains(text(), \"Trigger Calculation\")]"}
COMMAND: POST /session/ee8c0ad77c32eb6cf27ae9120157f0fa/element/f.4EEDEA8BBD1FF6E0A028415A04A49F5E.d.7C02828845492F4AF80D82DCD433690E.e.24059/click - {}
RESULT: {}
COMMAND: GET /session/ee8c0ad77c32eb6cf27ae9120157f0fa/screenshot - {}
RESULT: {}
COMMAND: POST /session/ee8c0ad77c32eb6cf27ae9120157f0fa/element - {"using":"xpath","value":"(//span[contains(@id, \"imgNav\")])[1]"}
RESULT: {"using":"xpath","value":"(//span[contains(@id, \"imgNav\")])[1]"}
COMMAND: POST /session/ee8c0ad77c32eb6cf27ae9120157f0fa/element/f.4EEDEA8BBD1FF6E0A028415A04A49F5E.d.7C02828845492F4AF80D82DCD433690E.e.24053/click - {}
RESULT: {}
COMMAND: GET /session/ee8c0ad77c32eb6cf27ae9120157f0fa/screenshot - {}
RESULT: {}
COMMAND: POST /session/ee8c0ad77c32eb6cf27ae9120157f0fa/element - {"using":"xpath","value":"//tr/td[6]/div[1]/span[1]/span[1]"}
RESULT: {"using":"xpath","value":"//tr/td[6]/div[1]/span[1]/span[1]"}
COMMAND: GET /session/ee8c0ad77c32eb6cf27ae9120157f0fa/element/f.4EEDEA8BBD1FF6E0A028415A04A49F5E.d.7C02828845492F4AF80D82DCD433690E.e.24064/text - {}
RESULT: {}
COMMAND: POST /session/ee8c0ad77c32eb6cf27ae9120157f0fa/element - {"using":"xpath","value":"(//span[contains(@id, \"imgNav\")])[2]"}
RESULT: {"using":"xpath","value":"(//span[contains(@id, \"imgNav\")])[2]"}
COMMAND: POST /session/ee8c0ad77c32eb6cf27ae9120157f0fa/element/f.4EEDEA8BBD1FF6E0A028415A04A49F5E.d.7C02828845492F4AF80D82DCD433690E.e.24065/click - {}
RESULT: {}
COMMAND: POST /session/ee8c0ad77c32eb6cf27ae9120157f0fa/element - {"using":"xpath","value":"//bdi[contains(text(), \"Business Confirm\")]"}
COMMAND: GET /session/ee8c0ad77c32eb6cf27ae9120157f0fa/screenshot - {}
RESULT: {"using":"xpath","value":"//bdi[contains(text(), \"Business Confirm\")]"}
COMMAND: POST /session/ee8c0ad77c32eb6cf27ae9120157f0fa/elements - {"using":"xpath","value":"//bdi[contains(text(), \"Business Confirm\")]"}
RESULT: {}
RESULT: {"using":"xpath","value":"//bdi[contains(text(), \"Business Confirm\")]"}
COMMAND: POST /session/ee8c0ad77c32eb6cf27ae9120157f0fa/element - {"using":"xpath","value":"//bdi[contains(text(), \"Business Confirm\")]"}
RESULT: {"using":"xpath","value":"//bdi[contains(text(), \"Business Confirm\")]"}
COMMAND: POST /session/ee8c0ad77c32eb6cf27ae9120157f0fa/element/f.4EEDEA8BBD1FF6E0A028415A04A49F5E.d.7C02828845492F4AF80D82DCD433690E.e.24136/click - {}
RESULT: {}
COMMAND: POST /session/ee8c0ad77c32eb6cf27ae9120157f0fa/element - {"using":"css selector","value":"#shell-header-logo"}
COMMAND: GET /session/ee8c0ad77c32eb6cf27ae9120157f0fa/screenshot - {}
RESULT: {"using":"css selector","value":"#shell-header-logo"}
COMMAND: POST /session/ee8c0ad77c32eb6cf27ae9120157f0fa/element/f.4EEDEA8BBD1FF6E0A028415A04A49F5E.d.7C02828845492F4AF80D82DCD433690E.e.23824/click - {}
RESULT: {}
RESULT: {}
COMMAND: GET /session/ee8c0ad77c32eb6cf27ae9120157f0fa/screenshot - {}
RESULT: {}
]]></system-out>
    </testcase>
    <testcase classname="chrome.136_0_7103_49.windows.Billing_Calculation_-_Time_based_(considering_transport_times)_US139738" name="Should transfer the billing all the way to completion" time="90.279">
      <system-out><![CDATA[
RESULT: undefined
COMMAND: POST /session/ee8c0ad77c32eb6cf27ae9120157f0fa/element - {"using":"xpath","value":"//*[@id=\"__tile50\"]"}
RESULT: {"using":"xpath","value":"//*[@id=\"__tile50\"]"}
COMMAND: POST /session/ee8c0ad77c32eb6cf27ae9120157f0fa/element/f.4EEDEA8BBD1FF6E0A028415A04A49F5E.d.7C02828845492F4AF80D82DCD433690E.e.18058/click - {}
RESULT: {}
COMMAND: GET /session/ee8c0ad77c32eb6cf27ae9120157f0fa/screenshot - {}
RESULT: {}
COMMAND: POST /session/ee8c0ad77c32eb6cf27ae9120157f0fa/elements - {"using":"xpath","value":"//span[text()='Error']"}
RESULT: {"using":"xpath","value":"//span[text()='Error']"}
COMMAND: POST /session/ee8c0ad77c32eb6cf27ae9120157f0fa/element - {"using":"xpath","value":"//input[contains(@id ,\"application-billingtransfer-display-component---billingWorkbench--smartFilterBar-btnBasicSearch\")]"}
RESULT: {"using":"xpath","value":"//input[contains(@id ,\"application-billingtransfer-display-component---billingWorkbench--smartFilterBar-btnBasicSearch\")]"}
COMMAND: POST /session/ee8c0ad77c32eb6cf27ae9120157f0fa/elements - {"using":"xpath","value":"//input[contains(@id ,\"application-billingtransfer-display-component---billingWorkbench--smartFilterBar-btnBasicSearch\")]"}
RESULT: {"using":"xpath","value":"//input[contains(@id ,\"application-billingtransfer-display-component---billingWorkbench--smartFilterBar-btnBasicSearch\")]"}
COMMAND: POST /session/ee8c0ad77c32eb6cf27ae9120157f0fa/execute/sync - {"script":"<script> [8489 bytes]","args":[{"element-6066-11e4-a52e-4f735466cecf":"f.4EEDEA8BBD1FF6E0A028415A04A49F5E.d.7C02828845492F4AF80D82DCD433690E.e.24145","ELEMENT":"f.4EEDEA8BBD1FF6E0A028415A04A49F5E.d.7C02828845492F4AF80D82DCD433690E.e.24145"}]}
RESULT: {"script":"<script> [8489 bytes]","args":[{"element-6066-11e4-a52e-4f735466cecf":"f.4EEDEA8BBD1FF6E0A028415A04A49F5E.d.7C02828845492F4AF80D82DCD433690E.e.24145","ELEMENT":"f.4EEDEA8BBD1FF6E0A028415A04A49F5E.d.7C02828845492F4AF80D82DCD433690E.e.24145"}]}
COMMAND: GET /session/ee8c0ad77c32eb6cf27ae9120157f0fa/element/f.4EEDEA8BBD1FF6E0A028415A04A49F5E.d.7C02828845492F4AF80D82DCD433690E.e.24145/enabled - {}
COMMAND: GET /session/ee8c0ad77c32eb6cf27ae9120157f0fa/screenshot - {}
RESULT: {}
COMMAND: POST /session/ee8c0ad77c32eb6cf27ae9120157f0fa/element/f.4EEDEA8BBD1FF6E0A028415A04A49F5E.d.7C02828845492F4AF80D82DCD433690E.e.24145/click - {}
COMMAND: GET /session/ee8c0ad77c32eb6cf27ae9120157f0fa/screenshot - {}
RESULT: {}
RESULT: {}
COMMAND: GET /session/ee8c0ad77c32eb6cf27ae9120157f0fa/screenshot - {}
RESULT: {}
RESULT: {}
COMMAND: POST /session/ee8c0ad77c32eb6cf27ae9120157f0fa/element/f.4EEDEA8BBD1FF6E0A028415A04A49F5E.d.7C02828845492F4AF80D82DCD433690E.e.24145/clear - {}
RESULT: {}
COMMAND: POST /session/ee8c0ad77c32eb6cf27ae9120157f0fa/element/f.4EEDEA8BBD1FF6E0A028415A04A49F5E.d.7C02828845492F4AF80D82DCD433690E.e.24145/value - {"text":"10223"}
COMMAND: GET /session/ee8c0ad77c32eb6cf27ae9120157f0fa/screenshot - {}
RESULT: {"text":"10223"}
COMMAND: POST /session/ee8c0ad77c32eb6cf27ae9120157f0fa/actions - {"actions":[{"id":"action90","type":"key","parameters":{},"actions":[{"type":"keyDown","value":"î€‡"},{"type":"pause","duration":10},{"type":"keyUp","value":"î€‡"}]}]}
COMMAND: GET /session/ee8c0ad77c32eb6cf27ae9120157f0fa/screenshot - {}
RESULT: {}
RESULT: {"actions":[{"id":"action90","type":"key","parameters":{},"actions":[{"type":"keyDown","value":"î€‡"},{"type":"pause","duration":10},{"type":"keyUp","value":"î€‡"}]}]}
COMMAND: GET /session/ee8c0ad77c32eb6cf27ae9120157f0fa/screenshot - {}
RESULT: {}
RESULT: {}
COMMAND: POST /session/ee8c0ad77c32eb6cf27ae9120157f0fa/element - {"using":"xpath","value":"//span[contains(@id ,\"application-billingtransfer-display-component---billingWorkbench--smartTableBillingRuns-header-inner\")]"}
RESULT: {"using":"xpath","value":"//span[contains(@id ,\"application-billingtransfer-display-component---billingWorkbench--smartTableBillingRuns-header-inner\")]"}
COMMAND: POST /session/ee8c0ad77c32eb6cf27ae9120157f0fa/elements - {"using":"xpath","value":"//span[contains(@id ,\"application-billingtransfer-display-component---billingWorkbench--smartTableBillingRuns-header-inner\")]"}
RESULT: {"using":"xpath","value":"//span[contains(@id ,\"application-billingtransfer-display-component---billingWorkbench--smartTableBillingRuns-header-inner\")]"}
COMMAND: POST /session/ee8c0ad77c32eb6cf27ae9120157f0fa/execute/sync - {"script":"<script> [56 bytes]","args":[{"element-6066-11e4-a52e-4f735466cecf":"f.4EEDEA8BBD1FF6E0A028415A04A49F5E.d.7C02828845492F4AF80D82DCD433690E.e.24473","ELEMENT":"f.4EEDEA8BBD1FF6E0A028415A04A49F5E.d.7C02828845492F4AF80D82DCD433690E.e.24473"}]}
RESULT: {"script":"<script> [56 bytes]","args":[{"element-6066-11e4-a52e-4f735466cecf":"f.4EEDEA8BBD1FF6E0A028415A04A49F5E.d.7C02828845492F4AF80D82DCD433690E.e.24473","ELEMENT":"f.4EEDEA8BBD1FF6E0A028415A04A49F5E.d.7C02828845492F4AF80D82DCD433690E.e.24473"}]}
COMMAND: POST /session/ee8c0ad77c32eb6cf27ae9120157f0fa/element - {"using":"xpath","value":"//td[@aria-colindex=\"1\"]/div/div[contains(@class, \"sapMCbBg\")]"}
COMMAND: GET /session/ee8c0ad77c32eb6cf27ae9120157f0fa/screenshot - {}
RESULT: {"using":"xpath","value":"//td[@aria-colindex=\"1\"]/div/div[contains(@class, \"sapMCbBg\")]"}
COMMAND: POST /session/ee8c0ad77c32eb6cf27ae9120157f0fa/element/f.4EEDEA8BBD1FF6E0A028415A04A49F5E.d.7C02828845492F4AF80D82DCD433690E.e.24244/click - {}
RESULT: {}
RESULT: {}
COMMAND: GET /session/ee8c0ad77c32eb6cf27ae9120157f0fa/screenshot - {}
RESULT: {}
COMMAND: POST /session/ee8c0ad77c32eb6cf27ae9120157f0fa/element - {"using":"xpath","value":"//bdi[contains(text(), \"Check\")]"}
RESULT: {"using":"xpath","value":"//bdi[contains(text(), \"Check\")]"}
COMMAND: POST /session/ee8c0ad77c32eb6cf27ae9120157f0fa/element/f.4EEDEA8BBD1FF6E0A028415A04A49F5E.d.7C02828845492F4AF80D82DCD433690E.e.24474/click - {}
RESULT: {}
COMMAND: GET /session/ee8c0ad77c32eb6cf27ae9120157f0fa/screenshot - {}
RESULT: {}
COMMAND: POST /session/ee8c0ad77c32eb6cf27ae9120157f0fa/element - {"using":"xpath","value":"//bdi[contains(text(), \"OK\")]"}
RESULT: {"using":"xpath","value":"//bdi[contains(text(), \"OK\")]"}
COMMAND: POST /session/ee8c0ad77c32eb6cf27ae9120157f0fa/element/f.4EEDEA8BBD1FF6E0A028415A04A49F5E.d.7C02828845492F4AF80D82DCD433690E.e.24478/click - {}
RESULT: {}
COMMAND: GET /session/ee8c0ad77c32eb6cf27ae9120157f0fa/screenshot - {}
RESULT: {}
COMMAND: POST /session/ee8c0ad77c32eb6cf27ae9120157f0fa/element - {"using":"xpath","value":"(//span[contains(text(), \"CO/SD checked\")]/parent::div/preceding-sibling::div/span)[1]"}
RESULT: {"using":"xpath","value":"(//span[contains(text(), \"CO/SD checked\")]/parent::div/preceding-sibling::div/span)[1]"}
COMMAND: POST /session/ee8c0ad77c32eb6cf27ae9120157f0fa/element/f.4EEDEA8BBD1FF6E0A028415A04A49F5E.d.7C02828845492F4AF80D82DCD433690E.e.24479/click - {}
RESULT: {}
COMMAND: GET /session/ee8c0ad77c32eb6cf27ae9120157f0fa/screenshot - {}
RESULT: {}
COMMAND: POST /session/ee8c0ad77c32eb6cf27ae9120157f0fa/element - {"using":"xpath","value":"//input[contains(@id ,\"application-billingtransfer-display-component---billingWorkbench--smartFilterBar-btnBasicSearch\")]"}
RESULT: {"using":"xpath","value":"//input[contains(@id ,\"application-billingtransfer-display-component---billingWorkbench--smartFilterBar-btnBasicSearch\")]"}
COMMAND: POST /session/ee8c0ad77c32eb6cf27ae9120157f0fa/elements - {"using":"xpath","value":"//input[contains(@id ,\"application-billingtransfer-display-component---billingWorkbench--smartFilterBar-btnBasicSearch\")]"}
RESULT: {"using":"xpath","value":"//input[contains(@id ,\"application-billingtransfer-display-component---billingWorkbench--smartFilterBar-btnBasicSearch\")]"}
COMMAND: POST /session/ee8c0ad77c32eb6cf27ae9120157f0fa/execute/sync - {"script":"<script> [8489 bytes]","args":[{"element-6066-11e4-a52e-4f735466cecf":"f.4EEDEA8BBD1FF6E0A028415A04A49F5E.d.7C02828845492F4AF80D82DCD433690E.e.24145","ELEMENT":"f.4EEDEA8BBD1FF6E0A028415A04A49F5E.d.7C02828845492F4AF80D82DCD433690E.e.24145"}]}
RESULT: {"script":"<script> [8489 bytes]","args":[{"element-6066-11e4-a52e-4f735466cecf":"f.4EEDEA8BBD1FF6E0A028415A04A49F5E.d.7C02828845492F4AF80D82DCD433690E.e.24145","ELEMENT":"f.4EEDEA8BBD1FF6E0A028415A04A49F5E.d.7C02828845492F4AF80D82DCD433690E.e.24145"}]}
COMMAND: GET /session/ee8c0ad77c32eb6cf27ae9120157f0fa/element/f.4EEDEA8BBD1FF6E0A028415A04A49F5E.d.7C02828845492F4AF80D82DCD433690E.e.24145/enabled - {}
COMMAND: GET /session/ee8c0ad77c32eb6cf27ae9120157f0fa/screenshot - {}
RESULT: {}
COMMAND: POST /session/ee8c0ad77c32eb6cf27ae9120157f0fa/element/f.4EEDEA8BBD1FF6E0A028415A04A49F5E.d.7C02828845492F4AF80D82DCD433690E.e.24145/click - {}
COMMAND: GET /session/ee8c0ad77c32eb6cf27ae9120157f0fa/screenshot - {}
RESULT: {}
RESULT: {}
COMMAND: GET /session/ee8c0ad77c32eb6cf27ae9120157f0fa/screenshot - {}
RESULT: {}
RESULT: {}
COMMAND: POST /session/ee8c0ad77c32eb6cf27ae9120157f0fa/element/f.4EEDEA8BBD1FF6E0A028415A04A49F5E.d.7C02828845492F4AF80D82DCD433690E.e.24145/clear - {}
RESULT: {}
COMMAND: POST /session/ee8c0ad77c32eb6cf27ae9120157f0fa/element/f.4EEDEA8BBD1FF6E0A028415A04A49F5E.d.7C02828845492F4AF80D82DCD433690E.e.24145/value - {"text":"10223"}
COMMAND: GET /session/ee8c0ad77c32eb6cf27ae9120157f0fa/screenshot - {}
RESULT: {"text":"10223"}
COMMAND: POST /session/ee8c0ad77c32eb6cf27ae9120157f0fa/actions - {"actions":[{"id":"action91","type":"key","parameters":{},"actions":[{"type":"keyDown","value":"î€‡"},{"type":"pause","duration":10},{"type":"keyUp","value":"î€‡"}]}]}
COMMAND: GET /session/ee8c0ad77c32eb6cf27ae9120157f0fa/screenshot - {}
RESULT: {}
RESULT: {"actions":[{"id":"action91","type":"key","parameters":{},"actions":[{"type":"keyDown","value":"î€‡"},{"type":"pause","duration":10},{"type":"keyUp","value":"î€‡"}]}]}
COMMAND: GET /session/ee8c0ad77c32eb6cf27ae9120157f0fa/screenshot - {}
RESULT: {}
RESULT: {}
COMMAND: POST /session/ee8c0ad77c32eb6cf27ae9120157f0fa/element - {"using":"xpath","value":"//span[contains(@id ,\"application-billingtransfer-display-component---billingWorkbench--smartTableBillingRuns-header-inner\")]"}
RESULT: {"using":"xpath","value":"//span[contains(@id ,\"application-billingtransfer-display-component---billingWorkbench--smartTableBillingRuns-header-inner\")]"}
COMMAND: POST /session/ee8c0ad77c32eb6cf27ae9120157f0fa/elements - {"using":"xpath","value":"//span[contains(@id ,\"application-billingtransfer-display-component---billingWorkbench--smartTableBillingRuns-header-inner\")]"}
RESULT: {"using":"xpath","value":"//span[contains(@id ,\"application-billingtransfer-display-component---billingWorkbench--smartTableBillingRuns-header-inner\")]"}
COMMAND: POST /session/ee8c0ad77c32eb6cf27ae9120157f0fa/execute/sync - {"script":"<script> [56 bytes]","args":[{"element-6066-11e4-a52e-4f735466cecf":"f.4EEDEA8BBD1FF6E0A028415A04A49F5E.d.7C02828845492F4AF80D82DCD433690E.e.24473","ELEMENT":"f.4EEDEA8BBD1FF6E0A028415A04A49F5E.d.7C02828845492F4AF80D82DCD433690E.e.24473"}]}
RESULT: {"script":"<script> [56 bytes]","args":[{"element-6066-11e4-a52e-4f735466cecf":"f.4EEDEA8BBD1FF6E0A028415A04A49F5E.d.7C02828845492F4AF80D82DCD433690E.e.24473","ELEMENT":"f.4EEDEA8BBD1FF6E0A028415A04A49F5E.d.7C02828845492F4AF80D82DCD433690E.e.24473"}]}
COMMAND: POST /session/ee8c0ad77c32eb6cf27ae9120157f0fa/element - {"using":"xpath","value":"//td[@aria-colindex=\"1\"]/div/div[contains(@class, \"sapMCbBg\")]"}
COMMAND: GET /session/ee8c0ad77c32eb6cf27ae9120157f0fa/screenshot - {}
RESULT: {}
RESULT: {"using":"xpath","value":"//td[@aria-colindex=\"1\"]/div/div[contains(@class, \"sapMCbBg\")]"}
COMMAND: POST /session/ee8c0ad77c32eb6cf27ae9120157f0fa/element/f.4EEDEA8BBD1FF6E0A028415A04A49F5E.d.7C02828845492F4AF80D82DCD433690E.e.24482/click - {}
RESULT: {}
COMMAND: GET /session/ee8c0ad77c32eb6cf27ae9120157f0fa/screenshot - {}
RESULT: {}
COMMAND: POST /session/ee8c0ad77c32eb6cf27ae9120157f0fa/element - {"using":"xpath","value":"//bdi[text()=\"Transfer\"]"}
RESULT: {"using":"xpath","value":"//bdi[text()=\"Transfer\"]"}
COMMAND: POST /session/ee8c0ad77c32eb6cf27ae9120157f0fa/element/f.4EEDEA8BBD1FF6E0A028415A04A49F5E.d.7C02828845492F4AF80D82DCD433690E.e.24483/click - {}
RESULT: {}
COMMAND: GET /session/ee8c0ad77c32eb6cf27ae9120157f0fa/screenshot - {}
RESULT: {}
COMMAND: POST /session/ee8c0ad77c32eb6cf27ae9120157f0fa/element - {"using":"xpath","value":"//bdi[contains(text(), \"OK\")]"}
RESULT: {"using":"xpath","value":"//bdi[contains(text(), \"OK\")]"}
COMMAND: POST /session/ee8c0ad77c32eb6cf27ae9120157f0fa/element/f.4EEDEA8BBD1FF6E0A028415A04A49F5E.d.7C02828845492F4AF80D82DCD433690E.e.24486/click - {}
RESULT: {}
COMMAND: GET /session/ee8c0ad77c32eb6cf27ae9120157f0fa/screenshot - {}
RESULT: {}
COMMAND: POST /session/ee8c0ad77c32eb6cf27ae9120157f0fa/element - {"using":"xpath","value":"(//span[contains(text(), \"Completed\")]/parent::div/preceding-sibling::div/span)[1]"}
RESULT: {"using":"xpath","value":"(//span[contains(text(), \"Completed\")]/parent::div/preceding-sibling::div/span)[1]"}
COMMAND: POST /session/ee8c0ad77c32eb6cf27ae9120157f0fa/element/f.4EEDEA8BBD1FF6E0A028415A04A49F5E.d.7C02828845492F4AF80D82DCD433690E.e.24487/click - {}
RESULT: {}
COMMAND: POST /session/ee8c0ad77c32eb6cf27ae9120157f0fa/element - {"using":"xpath","value":"//input[contains(@id ,\"application-billingtransfer-display-component---billingWorkbench--smartFilterBar-btnBasicSearch\")]"}
COMMAND: GET /session/ee8c0ad77c32eb6cf27ae9120157f0fa/screenshot - {}
RESULT: {"using":"xpath","value":"//input[contains(@id ,\"application-billingtransfer-display-component---billingWorkbench--smartFilterBar-btnBasicSearch\")]"}
COMMAND: POST /session/ee8c0ad77c32eb6cf27ae9120157f0fa/elements - {"using":"xpath","value":"//input[contains(@id ,\"application-billingtransfer-display-component---billingWorkbench--smartFilterBar-btnBasicSearch\")]"}
RESULT: {}
RESULT: {"using":"xpath","value":"//input[contains(@id ,\"application-billingtransfer-display-component---billingWorkbench--smartFilterBar-btnBasicSearch\")]"}
COMMAND: POST /session/ee8c0ad77c32eb6cf27ae9120157f0fa/execute/sync - {"script":"<script> [8489 bytes]","args":[{"element-6066-11e4-a52e-4f735466cecf":"f.4EEDEA8BBD1FF6E0A028415A04A49F5E.d.7C02828845492F4AF80D82DCD433690E.e.24145","ELEMENT":"f.4EEDEA8BBD1FF6E0A028415A04A49F5E.d.7C02828845492F4AF80D82DCD433690E.e.24145"}]}
RESULT: {"script":"<script> [8489 bytes]","args":[{"element-6066-11e4-a52e-4f735466cecf":"f.4EEDEA8BBD1FF6E0A028415A04A49F5E.d.7C02828845492F4AF80D82DCD433690E.e.24145","ELEMENT":"f.4EEDEA8BBD1FF6E0A028415A04A49F5E.d.7C02828845492F4AF80D82DCD433690E.e.24145"}]}
COMMAND: GET /session/ee8c0ad77c32eb6cf27ae9120157f0fa/element/f.4EEDEA8BBD1FF6E0A028415A04A49F5E.d.7C02828845492F4AF80D82DCD433690E.e.24145/enabled - {}
COMMAND: GET /session/ee8c0ad77c32eb6cf27ae9120157f0fa/screenshot - {}
RESULT: {}
COMMAND: POST /session/ee8c0ad77c32eb6cf27ae9120157f0fa/element/f.4EEDEA8BBD1FF6E0A028415A04A49F5E.d.7C02828845492F4AF80D82DCD433690E.e.24145/click - {}
COMMAND: GET /session/ee8c0ad77c32eb6cf27ae9120157f0fa/screenshot - {}
RESULT: {}
RESULT: {}
COMMAND: GET /session/ee8c0ad77c32eb6cf27ae9120157f0fa/screenshot - {}
RESULT: {}
RESULT: {}
COMMAND: POST /session/ee8c0ad77c32eb6cf27ae9120157f0fa/element/f.4EEDEA8BBD1FF6E0A028415A04A49F5E.d.7C02828845492F4AF80D82DCD433690E.e.24145/clear - {}
RESULT: {}
COMMAND: POST /session/ee8c0ad77c32eb6cf27ae9120157f0fa/element/f.4EEDEA8BBD1FF6E0A028415A04A49F5E.d.7C02828845492F4AF80D82DCD433690E.e.24145/value - {"text":"10223"}
COMMAND: GET /session/ee8c0ad77c32eb6cf27ae9120157f0fa/screenshot - {}
RESULT: {"text":"10223"}
COMMAND: POST /session/ee8c0ad77c32eb6cf27ae9120157f0fa/actions - {"actions":[{"id":"action92","type":"key","parameters":{},"actions":[{"type":"keyDown","value":"î€‡"},{"type":"pause","duration":10},{"type":"keyUp","value":"î€‡"}]}]}
COMMAND: GET /session/ee8c0ad77c32eb6cf27ae9120157f0fa/screenshot - {}
RESULT: {}
RESULT: {"actions":[{"id":"action92","type":"key","parameters":{},"actions":[{"type":"keyDown","value":"î€‡"},{"type":"pause","duration":10},{"type":"keyUp","value":"î€‡"}]}]}
COMMAND: GET /session/ee8c0ad77c32eb6cf27ae9120157f0fa/screenshot - {}
RESULT: {}
RESULT: {}
COMMAND: POST /session/ee8c0ad77c32eb6cf27ae9120157f0fa/element - {"using":"xpath","value":"//span[contains(@id ,\"application-billingtransfer-display-component---billingWorkbench--smartTableBillingRuns-header-inner\")]"}
RESULT: {"using":"xpath","value":"//span[contains(@id ,\"application-billingtransfer-display-component---billingWorkbench--smartTableBillingRuns-header-inner\")]"}
COMMAND: POST /session/ee8c0ad77c32eb6cf27ae9120157f0fa/elements - {"using":"xpath","value":"//span[contains(@id ,\"application-billingtransfer-display-component---billingWorkbench--smartTableBillingRuns-header-inner\")]"}
RESULT: {"using":"xpath","value":"//span[contains(@id ,\"application-billingtransfer-display-component---billingWorkbench--smartTableBillingRuns-header-inner\")]"}
COMMAND: POST /session/ee8c0ad77c32eb6cf27ae9120157f0fa/execute/sync - {"script":"<script> [56 bytes]","args":[{"element-6066-11e4-a52e-4f735466cecf":"f.4EEDEA8BBD1FF6E0A028415A04A49F5E.d.7C02828845492F4AF80D82DCD433690E.e.24473","ELEMENT":"f.4EEDEA8BBD1FF6E0A028415A04A49F5E.d.7C02828845492F4AF80D82DCD433690E.e.24473"}]}
RESULT: {"script":"<script> [56 bytes]","args":[{"element-6066-11e4-a52e-4f735466cecf":"f.4EEDEA8BBD1FF6E0A028415A04A49F5E.d.7C02828845492F4AF80D82DCD433690E.e.24473","ELEMENT":"f.4EEDEA8BBD1FF6E0A028415A04A49F5E.d.7C02828845492F4AF80D82DCD433690E.e.24473"}]}
COMMAND: POST /session/ee8c0ad77c32eb6cf27ae9120157f0fa/element - {"using":"css selector","value":"#shell-header-logo"}
COMMAND: GET /session/ee8c0ad77c32eb6cf27ae9120157f0fa/screenshot - {}
RESULT: {"using":"css selector","value":"#shell-header-logo"}
COMMAND: POST /session/ee8c0ad77c32eb6cf27ae9120157f0fa/element/f.4EEDEA8BBD1FF6E0A028415A04A49F5E.d.7C02828845492F4AF80D82DCD433690E.e.24143/click - {}
RESULT: {}
RESULT: {}
COMMAND: GET /session/ee8c0ad77c32eb6cf27ae9120157f0fa/screenshot - {}
RESULT: {}
]]></system-out>
    </testcase>
    <testcase classname="chrome.136_0_7103_49.windows.Billing_Calculation_-_Time_based_(considering_transport_times)_US139738" name="Should do another billing run but in around 25 days from today" time="77.048">
      <system-out><![CDATA[
RESULT: undefined
COMMAND: POST /session/ee8c0ad77c32eb6cf27ae9120157f0fa/element - {"using":"xpath","value":"//*[@id=\"__tile51\"]"}
RESULT: {"using":"xpath","value":"//*[@id=\"__tile51\"]"}
COMMAND: POST /session/ee8c0ad77c32eb6cf27ae9120157f0fa/element/f.4EEDEA8BBD1FF6E0A028415A04A49F5E.d.7C02828845492F4AF80D82DCD433690E.e.18060/click - {}
RESULT: {}
COMMAND: GET /session/ee8c0ad77c32eb6cf27ae9120157f0fa/screenshot - {}
RESULT: {}
COMMAND: POST /session/ee8c0ad77c32eb6cf27ae9120157f0fa/elements - {"using":"xpath","value":"//span[text()='Error']"}
RESULT: {"using":"xpath","value":"//span[text()='Error']"}
RESULT: undefined
COMMAND: POST /session/ee8c0ad77c32eb6cf27ae9120157f0fa/execute/async - {"script":"<script> [776 bytes]","args":[{"enterText":"10223","selector":{"id":"application-managebillings-display-component---billRunCalcResult--smartFilterBar-btnBasicSearch","interaction":{"idSuffix":"I"}},"clearTextFirst":true,"interactionType":"ENTER_TEXT"}]}
RESULT: {"script":"<script> [776 bytes]","args":[{"enterText":"10223","selector":{"id":"application-managebillings-display-component---billRunCalcResult--smartFilterBar-btnBasicSearch","interaction":{"idSuffix":"I"}},"clearTextFirst":true,"interactionType":"ENTER_TEXT"}]}
COMMAND: POST /session/ee8c0ad77c32eb6cf27ae9120157f0fa/actions - {"actions":[{"id":"action93","type":"key","parameters":{},"actions":[{"type":"keyDown","value":"î€‡"},{"type":"pause","duration":10},{"type":"keyUp","value":"î€‡"}]}]}
RESULT: {"actions":[{"id":"action93","type":"key","parameters":{},"actions":[{"type":"keyDown","value":"î€‡"},{"type":"pause","duration":10},{"type":"keyUp","value":"î€‡"}]}]}
COMMAND: GET /session/ee8c0ad77c32eb6cf27ae9120157f0fa/screenshot - {}
RESULT: {}
COMMAND: POST /session/ee8c0ad77c32eb6cf27ae9120157f0fa/element - {"using":"xpath","value":"//td[@aria-colindex=\"1\"]/div/div[contains(@class, \"sapMCbBg\")]"}
RESULT: {"using":"xpath","value":"//td[@aria-colindex=\"1\"]/div/div[contains(@class, \"sapMCbBg\")]"}
COMMAND: POST /session/ee8c0ad77c32eb6cf27ae9120157f0fa/element/f.4EEDEA8BBD1FF6E0A028415A04A49F5E.d.7C02828845492F4AF80D82DCD433690E.e.24709/click - {}
RESULT: {}
COMMAND: GET /session/ee8c0ad77c32eb6cf27ae9120157f0fa/screenshot - {}
RESULT: {}
RESULT: undefined
COMMAND: POST /session/ee8c0ad77c32eb6cf27ae9120157f0fa/execute/async - {"script":"<script> [776 bytes]","args":[{"enterText":"6/8/25","selector":{"id":"application-managebillings-display-component---billRunCalcResult--contractBillRunDate","interaction":{"idSuffix":"inner"}},"clearTextFirst":true,"interactionType":"ENTER_TEXT"}]}
RESULT: {"script":"<script> [776 bytes]","args":[{"enterText":"6/8/25","selector":{"id":"application-managebillings-display-component---billRunCalcResult--contractBillRunDate","interaction":{"idSuffix":"inner"}},"clearTextFirst":true,"interactionType":"ENTER_TEXT"}]}
COMMAND: POST /session/ee8c0ad77c32eb6cf27ae9120157f0fa/element - {"using":"xpath","value":"//bdi[contains(text(), \"Trigger Calculation\")]"}
RESULT: {"using":"xpath","value":"//bdi[contains(text(), \"Trigger Calculation\")]"}
COMMAND: POST /session/ee8c0ad77c32eb6cf27ae9120157f0fa/element/f.4EEDEA8BBD1FF6E0A028415A04A49F5E.d.7C02828845492F4AF80D82DCD433690E.e.24730/click - {}
RESULT: {}
COMMAND: GET /session/ee8c0ad77c32eb6cf27ae9120157f0fa/screenshot - {}
RESULT: {}
COMMAND: POST /session/ee8c0ad77c32eb6cf27ae9120157f0fa/element - {"using":"xpath","value":"(//span[contains(@id, \"imgNav\")])[1]"}
RESULT: {"using":"xpath","value":"(//span[contains(@id, \"imgNav\")])[1]"}
COMMAND: POST /session/ee8c0ad77c32eb6cf27ae9120157f0fa/element/f.4EEDEA8BBD1FF6E0A028415A04A49F5E.d.7C02828845492F4AF80D82DCD433690E.e.24724/click - {}
RESULT: {}
COMMAND: GET /session/ee8c0ad77c32eb6cf27ae9120157f0fa/screenshot - {}
RESULT: {}
COMMAND: POST /session/ee8c0ad77c32eb6cf27ae9120157f0fa/element - {"using":"xpath","value":"//tr/td[6]/div[1]/span[1]/span[1]"}
RESULT: {"using":"xpath","value":"//tr/td[6]/div[1]/span[1]/span[1]"}
COMMAND: GET /session/ee8c0ad77c32eb6cf27ae9120157f0fa/element/f.4EEDEA8BBD1FF6E0A028415A04A49F5E.d.7C02828845492F4AF80D82DCD433690E.e.24735/text - {}
RESULT: {}
COMMAND: POST /session/ee8c0ad77c32eb6cf27ae9120157f0fa/element - {"using":"xpath","value":"(//span[contains(@id, \"imgNav\")])[2]"}
RESULT: {"using":"xpath","value":"(//span[contains(@id, \"imgNav\")])[2]"}
COMMAND: POST /session/ee8c0ad77c32eb6cf27ae9120157f0fa/element/f.4EEDEA8BBD1FF6E0A028415A04A49F5E.d.7C02828845492F4AF80D82DCD433690E.e.24736/click - {}
RESULT: {}
COMMAND: POST /session/ee8c0ad77c32eb6cf27ae9120157f0fa/element - {"using":"xpath","value":"//bdi[contains(text(), \"Business Confirm\")]"}
COMMAND: GET /session/ee8c0ad77c32eb6cf27ae9120157f0fa/screenshot - {}
RESULT: {"using":"xpath","value":"//bdi[contains(text(), \"Business Confirm\")]"}
COMMAND: POST /session/ee8c0ad77c32eb6cf27ae9120157f0fa/elements - {"using":"xpath","value":"//bdi[contains(text(), \"Business Confirm\")]"}
RESULT: {}
RESULT: {"using":"xpath","value":"//bdi[contains(text(), \"Business Confirm\")]"}
COMMAND: POST /session/ee8c0ad77c32eb6cf27ae9120157f0fa/element - {"using":"xpath","value":"//bdi[contains(text(), \"Business Confirm\")]"}
RESULT: {"using":"xpath","value":"//bdi[contains(text(), \"Business Confirm\")]"}
COMMAND: POST /session/ee8c0ad77c32eb6cf27ae9120157f0fa/element/f.4EEDEA8BBD1FF6E0A028415A04A49F5E.d.7C02828845492F4AF80D82DCD433690E.e.24739/click - {}
COMMAND: POST /session/ee8c0ad77c32eb6cf27ae9120157f0fa/element - {"using":"xpath","value":"//bdi[contains(text(), \"Business Confirm\")]"}
RESULT: {"using":"xpath","value":"//bdi[contains(text(), \"Business Confirm\")]"}
COMMAND: POST /session/ee8c0ad77c32eb6cf27ae9120157f0fa/element/f.4EEDEA8BBD1FF6E0A028415A04A49F5E.d.7C02828845492F4AF80D82DCD433690E.e.24739/click - {}
COMMAND: POST /session/ee8c0ad77c32eb6cf27ae9120157f0fa/element - {"using":"xpath","value":"//bdi[contains(text(), \"Business Confirm\")]"}
RESULT: {"using":"xpath","value":"//bdi[contains(text(), \"Business Confirm\")]"}
COMMAND: POST /session/ee8c0ad77c32eb6cf27ae9120157f0fa/element/f.4EEDEA8BBD1FF6E0A028415A04A49F5E.d.7C02828845492F4AF80D82DCD433690E.e.24787/click - {}
RESULT: {}
COMMAND: POST /session/ee8c0ad77c32eb6cf27ae9120157f0fa/element - {"using":"css selector","value":"#shell-header-logo"}
COMMAND: GET /session/ee8c0ad77c32eb6cf27ae9120157f0fa/screenshot - {}
RESULT: {"using":"css selector","value":"#shell-header-logo"}
COMMAND: POST /session/ee8c0ad77c32eb6cf27ae9120157f0fa/element/f.4EEDEA8BBD1FF6E0A028415A04A49F5E.d.7C02828845492F4AF80D82DCD433690E.e.24494/click - {}
RESULT: {}
RESULT: {}
COMMAND: GET /session/ee8c0ad77c32eb6cf27ae9120157f0fa/screenshot - {}
RESULT: {}
]]></system-out>
    </testcase>
    <testcase classname="chrome.136_0_7103_49.windows.Billing_Calculation_-_Time_based_(considering_transport_times)_US139738" name="Should transfer the billing all the way to completion" time="89.324">
      <system-out><![CDATA[
RESULT: undefined
COMMAND: POST /session/ee8c0ad77c32eb6cf27ae9120157f0fa/element - {"using":"xpath","value":"//*[@id=\"__tile50\"]"}
RESULT: {"using":"xpath","value":"//*[@id=\"__tile50\"]"}
COMMAND: POST /session/ee8c0ad77c32eb6cf27ae9120157f0fa/element/f.4EEDEA8BBD1FF6E0A028415A04A49F5E.d.7C02828845492F4AF80D82DCD433690E.e.18058/click - {}
RESULT: {}
COMMAND: GET /session/ee8c0ad77c32eb6cf27ae9120157f0fa/screenshot - {}
RESULT: {}
COMMAND: POST /session/ee8c0ad77c32eb6cf27ae9120157f0fa/elements - {"using":"xpath","value":"//span[text()='Error']"}
RESULT: {"using":"xpath","value":"//span[text()='Error']"}
COMMAND: POST /session/ee8c0ad77c32eb6cf27ae9120157f0fa/element - {"using":"xpath","value":"//input[contains(@id ,\"application-billingtransfer-display-component---billingWorkbench--smartFilterBar-btnBasicSearch\")]"}
RESULT: {"using":"xpath","value":"//input[contains(@id ,\"application-billingtransfer-display-component---billingWorkbench--smartFilterBar-btnBasicSearch\")]"}
COMMAND: POST /session/ee8c0ad77c32eb6cf27ae9120157f0fa/elements - {"using":"xpath","value":"//input[contains(@id ,\"application-billingtransfer-display-component---billingWorkbench--smartFilterBar-btnBasicSearch\")]"}
RESULT: {"using":"xpath","value":"//input[contains(@id ,\"application-billingtransfer-display-component---billingWorkbench--smartFilterBar-btnBasicSearch\")]"}
COMMAND: POST /session/ee8c0ad77c32eb6cf27ae9120157f0fa/execute/sync - {"script":"<script> [8489 bytes]","args":[{"element-6066-11e4-a52e-4f735466cecf":"f.4EEDEA8BBD1FF6E0A028415A04A49F5E.d.7C02828845492F4AF80D82DCD433690E.e.24815","ELEMENT":"f.4EEDEA8BBD1FF6E0A028415A04A49F5E.d.7C02828845492F4AF80D82DCD433690E.e.24815"}]}
RESULT: {"script":"<script> [8489 bytes]","args":[{"element-6066-11e4-a52e-4f735466cecf":"f.4EEDEA8BBD1FF6E0A028415A04A49F5E.d.7C02828845492F4AF80D82DCD433690E.e.24815","ELEMENT":"f.4EEDEA8BBD1FF6E0A028415A04A49F5E.d.7C02828845492F4AF80D82DCD433690E.e.24815"}]}
COMMAND: GET /session/ee8c0ad77c32eb6cf27ae9120157f0fa/element/f.4EEDEA8BBD1FF6E0A028415A04A49F5E.d.7C02828845492F4AF80D82DCD433690E.e.24815/enabled - {}
COMMAND: GET /session/ee8c0ad77c32eb6cf27ae9120157f0fa/screenshot - {}
RESULT: {}
COMMAND: POST /session/ee8c0ad77c32eb6cf27ae9120157f0fa/element/f.4EEDEA8BBD1FF6E0A028415A04A49F5E.d.7C02828845492F4AF80D82DCD433690E.e.24815/click - {}
COMMAND: GET /session/ee8c0ad77c32eb6cf27ae9120157f0fa/screenshot - {}
RESULT: {}
RESULT: {}
COMMAND: GET /session/ee8c0ad77c32eb6cf27ae9120157f0fa/screenshot - {}
RESULT: {}
RESULT: {}
COMMAND: POST /session/ee8c0ad77c32eb6cf27ae9120157f0fa/element/f.4EEDEA8BBD1FF6E0A028415A04A49F5E.d.7C02828845492F4AF80D82DCD433690E.e.24815/clear - {}
RESULT: {}
COMMAND: POST /session/ee8c0ad77c32eb6cf27ae9120157f0fa/element/f.4EEDEA8BBD1FF6E0A028415A04A49F5E.d.7C02828845492F4AF80D82DCD433690E.e.24815/value - {"text":"10223"}
COMMAND: GET /session/ee8c0ad77c32eb6cf27ae9120157f0fa/screenshot - {}
RESULT: {"text":"10223"}
COMMAND: POST /session/ee8c0ad77c32eb6cf27ae9120157f0fa/actions - {"actions":[{"id":"action94","type":"key","parameters":{},"actions":[{"type":"keyDown","value":"î€‡"},{"type":"pause","duration":10},{"type":"keyUp","value":"î€‡"}]}]}
COMMAND: GET /session/ee8c0ad77c32eb6cf27ae9120157f0fa/screenshot - {}
RESULT: {}
RESULT: {"actions":[{"id":"action94","type":"key","parameters":{},"actions":[{"type":"keyDown","value":"î€‡"},{"type":"pause","duration":10},{"type":"keyUp","value":"î€‡"}]}]}
COMMAND: GET /session/ee8c0ad77c32eb6cf27ae9120157f0fa/screenshot - {}
RESULT: {}
RESULT: {}
COMMAND: POST /session/ee8c0ad77c32eb6cf27ae9120157f0fa/element - {"using":"xpath","value":"//span[contains(@id ,\"application-billingtransfer-display-component---billingWorkbench--smartTableBillingRuns-header-inner\")]"}
RESULT: {"using":"xpath","value":"//span[contains(@id ,\"application-billingtransfer-display-component---billingWorkbench--smartTableBillingRuns-header-inner\")]"}
COMMAND: POST /session/ee8c0ad77c32eb6cf27ae9120157f0fa/elements - {"using":"xpath","value":"//span[contains(@id ,\"application-billingtransfer-display-component---billingWorkbench--smartTableBillingRuns-header-inner\")]"}
RESULT: {"using":"xpath","value":"//span[contains(@id ,\"application-billingtransfer-display-component---billingWorkbench--smartTableBillingRuns-header-inner\")]"}
COMMAND: POST /session/ee8c0ad77c32eb6cf27ae9120157f0fa/execute/sync - {"script":"<script> [56 bytes]","args":[{"element-6066-11e4-a52e-4f735466cecf":"f.4EEDEA8BBD1FF6E0A028415A04A49F5E.d.7C02828845492F4AF80D82DCD433690E.e.25025","ELEMENT":"f.4EEDEA8BBD1FF6E0A028415A04A49F5E.d.7C02828845492F4AF80D82DCD433690E.e.25025"}]}
RESULT: {"script":"<script> [56 bytes]","args":[{"element-6066-11e4-a52e-4f735466cecf":"f.4EEDEA8BBD1FF6E0A028415A04A49F5E.d.7C02828845492F4AF80D82DCD433690E.e.25025","ELEMENT":"f.4EEDEA8BBD1FF6E0A028415A04A49F5E.d.7C02828845492F4AF80D82DCD433690E.e.25025"}]}
COMMAND: POST /session/ee8c0ad77c32eb6cf27ae9120157f0fa/element - {"using":"xpath","value":"//td[@aria-colindex=\"1\"]/div/div[contains(@class, \"sapMCbBg\")]"}
COMMAND: GET /session/ee8c0ad77c32eb6cf27ae9120157f0fa/screenshot - {}
RESULT: {"using":"xpath","value":"//td[@aria-colindex=\"1\"]/div/div[contains(@class, \"sapMCbBg\")]"}
COMMAND: POST /session/ee8c0ad77c32eb6cf27ae9120157f0fa/element/f.4EEDEA8BBD1FF6E0A028415A04A49F5E.d.7C02828845492F4AF80D82DCD433690E.e.24912/click - {}
RESULT: {}
RESULT: {}
COMMAND: GET /session/ee8c0ad77c32eb6cf27ae9120157f0fa/screenshot - {}
RESULT: {}
COMMAND: POST /session/ee8c0ad77c32eb6cf27ae9120157f0fa/element - {"using":"xpath","value":"//bdi[contains(text(), \"Check\")]"}
RESULT: {"using":"xpath","value":"//bdi[contains(text(), \"Check\")]"}
COMMAND: POST /session/ee8c0ad77c32eb6cf27ae9120157f0fa/element/f.4EEDEA8BBD1FF6E0A028415A04A49F5E.d.7C02828845492F4AF80D82DCD433690E.e.25026/click - {}
RESULT: {}
COMMAND: GET /session/ee8c0ad77c32eb6cf27ae9120157f0fa/screenshot - {}
RESULT: {}
COMMAND: POST /session/ee8c0ad77c32eb6cf27ae9120157f0fa/element - {"using":"xpath","value":"//bdi[contains(text(), \"OK\")]"}
RESULT: {"using":"xpath","value":"//bdi[contains(text(), \"OK\")]"}
COMMAND: POST /session/ee8c0ad77c32eb6cf27ae9120157f0fa/element/f.4EEDEA8BBD1FF6E0A028415A04A49F5E.d.7C02828845492F4AF80D82DCD433690E.e.25029/click - {}
RESULT: {}
COMMAND: GET /session/ee8c0ad77c32eb6cf27ae9120157f0fa/screenshot - {}
RESULT: {}
COMMAND: POST /session/ee8c0ad77c32eb6cf27ae9120157f0fa/element - {"using":"xpath","value":"(//span[contains(text(), \"CO/SD checked\")]/parent::div/preceding-sibling::div/span)[1]"}
RESULT: {"using":"xpath","value":"(//span[contains(text(), \"CO/SD checked\")]/parent::div/preceding-sibling::div/span)[1]"}
COMMAND: POST /session/ee8c0ad77c32eb6cf27ae9120157f0fa/element/f.4EEDEA8BBD1FF6E0A028415A04A49F5E.d.7C02828845492F4AF80D82DCD433690E.e.25030/click - {}
RESULT: {}
COMMAND: GET /session/ee8c0ad77c32eb6cf27ae9120157f0fa/screenshot - {}
RESULT: {}
COMMAND: POST /session/ee8c0ad77c32eb6cf27ae9120157f0fa/element - {"using":"xpath","value":"//input[contains(@id ,\"application-billingtransfer-display-component---billingWorkbench--smartFilterBar-btnBasicSearch\")]"}
RESULT: {"using":"xpath","value":"//input[contains(@id ,\"application-billingtransfer-display-component---billingWorkbench--smartFilterBar-btnBasicSearch\")]"}
COMMAND: POST /session/ee8c0ad77c32eb6cf27ae9120157f0fa/elements - {"using":"xpath","value":"//input[contains(@id ,\"application-billingtransfer-display-component---billingWorkbench--smartFilterBar-btnBasicSearch\")]"}
RESULT: {"using":"xpath","value":"//input[contains(@id ,\"application-billingtransfer-display-component---billingWorkbench--smartFilterBar-btnBasicSearch\")]"}
COMMAND: POST /session/ee8c0ad77c32eb6cf27ae9120157f0fa/execute/sync - {"script":"<script> [8489 bytes]","args":[{"element-6066-11e4-a52e-4f735466cecf":"f.4EEDEA8BBD1FF6E0A028415A04A49F5E.d.7C02828845492F4AF80D82DCD433690E.e.24815","ELEMENT":"f.4EEDEA8BBD1FF6E0A028415A04A49F5E.d.7C02828845492F4AF80D82DCD433690E.e.24815"}]}
RESULT: {"script":"<script> [8489 bytes]","args":[{"element-6066-11e4-a52e-4f735466cecf":"f.4EEDEA8BBD1FF6E0A028415A04A49F5E.d.7C02828845492F4AF80D82DCD433690E.e.24815","ELEMENT":"f.4EEDEA8BBD1FF6E0A028415A04A49F5E.d.7C02828845492F4AF80D82DCD433690E.e.24815"}]}
COMMAND: GET /session/ee8c0ad77c32eb6cf27ae9120157f0fa/element/f.4EEDEA8BBD1FF6E0A028415A04A49F5E.d.7C02828845492F4AF80D82DCD433690E.e.24815/enabled - {}
COMMAND: GET /session/ee8c0ad77c32eb6cf27ae9120157f0fa/screenshot - {}
RESULT: {}
COMMAND: POST /session/ee8c0ad77c32eb6cf27ae9120157f0fa/element/f.4EEDEA8BBD1FF6E0A028415A04A49F5E.d.7C02828845492F4AF80D82DCD433690E.e.24815/click - {}
COMMAND: GET /session/ee8c0ad77c32eb6cf27ae9120157f0fa/screenshot - {}
RESULT: {}
RESULT: {}
COMMAND: GET /session/ee8c0ad77c32eb6cf27ae9120157f0fa/screenshot - {}
RESULT: {}
RESULT: {}
COMMAND: POST /session/ee8c0ad77c32eb6cf27ae9120157f0fa/element/f.4EEDEA8BBD1FF6E0A028415A04A49F5E.d.7C02828845492F4AF80D82DCD433690E.e.24815/clear - {}
RESULT: {}
COMMAND: POST /session/ee8c0ad77c32eb6cf27ae9120157f0fa/element/f.4EEDEA8BBD1FF6E0A028415A04A49F5E.d.7C02828845492F4AF80D82DCD433690E.e.24815/value - {"text":"10223"}
COMMAND: GET /session/ee8c0ad77c32eb6cf27ae9120157f0fa/screenshot - {}
RESULT: {"text":"10223"}
COMMAND: POST /session/ee8c0ad77c32eb6cf27ae9120157f0fa/actions - {"actions":[{"id":"action95","type":"key","parameters":{},"actions":[{"type":"keyDown","value":"î€‡"},{"type":"pause","duration":10},{"type":"keyUp","value":"î€‡"}]}]}
COMMAND: GET /session/ee8c0ad77c32eb6cf27ae9120157f0fa/screenshot - {}
RESULT: {}
RESULT: {"actions":[{"id":"action95","type":"key","parameters":{},"actions":[{"type":"keyDown","value":"î€‡"},{"type":"pause","duration":10},{"type":"keyUp","value":"î€‡"}]}]}
COMMAND: GET /session/ee8c0ad77c32eb6cf27ae9120157f0fa/screenshot - {}
RESULT: {}
RESULT: {}
COMMAND: POST /session/ee8c0ad77c32eb6cf27ae9120157f0fa/element - {"using":"xpath","value":"//span[contains(@id ,\"application-billingtransfer-display-component---billingWorkbench--smartTableBillingRuns-header-inner\")]"}
RESULT: {"using":"xpath","value":"//span[contains(@id ,\"application-billingtransfer-display-component---billingWorkbench--smartTableBillingRuns-header-inner\")]"}
COMMAND: POST /session/ee8c0ad77c32eb6cf27ae9120157f0fa/elements - {"using":"xpath","value":"//span[contains(@id ,\"application-billingtransfer-display-component---billingWorkbench--smartTableBillingRuns-header-inner\")]"}
RESULT: {"using":"xpath","value":"//span[contains(@id ,\"application-billingtransfer-display-component---billingWorkbench--smartTableBillingRuns-header-inner\")]"}
COMMAND: POST /session/ee8c0ad77c32eb6cf27ae9120157f0fa/execute/sync - {"script":"<script> [56 bytes]","args":[{"element-6066-11e4-a52e-4f735466cecf":"f.4EEDEA8BBD1FF6E0A028415A04A49F5E.d.7C02828845492F4AF80D82DCD433690E.e.25025","ELEMENT":"f.4EEDEA8BBD1FF6E0A028415A04A49F5E.d.7C02828845492F4AF80D82DCD433690E.e.25025"}]}
RESULT: {"script":"<script> [56 bytes]","args":[{"element-6066-11e4-a52e-4f735466cecf":"f.4EEDEA8BBD1FF6E0A028415A04A49F5E.d.7C02828845492F4AF80D82DCD433690E.e.25025","ELEMENT":"f.4EEDEA8BBD1FF6E0A028415A04A49F5E.d.7C02828845492F4AF80D82DCD433690E.e.25025"}]}
COMMAND: POST /session/ee8c0ad77c32eb6cf27ae9120157f0fa/element - {"using":"xpath","value":"//td[@aria-colindex=\"1\"]/div/div[contains(@class, \"sapMCbBg\")]"}
COMMAND: GET /session/ee8c0ad77c32eb6cf27ae9120157f0fa/screenshot - {}
RESULT: {"using":"xpath","value":"//td[@aria-colindex=\"1\"]/div/div[contains(@class, \"sapMCbBg\")]"}
COMMAND: POST /session/ee8c0ad77c32eb6cf27ae9120157f0fa/element/f.4EEDEA8BBD1FF6E0A028415A04A49F5E.d.7C02828845492F4AF80D82DCD433690E.e.25033/click - {}
RESULT: {}
RESULT: {}
COMMAND: GET /session/ee8c0ad77c32eb6cf27ae9120157f0fa/screenshot - {}
RESULT: {}
COMMAND: POST /session/ee8c0ad77c32eb6cf27ae9120157f0fa/element - {"using":"xpath","value":"//bdi[text()=\"Transfer\"]"}
RESULT: {"using":"xpath","value":"//bdi[text()=\"Transfer\"]"}
COMMAND: POST /session/ee8c0ad77c32eb6cf27ae9120157f0fa/element/f.4EEDEA8BBD1FF6E0A028415A04A49F5E.d.7C02828845492F4AF80D82DCD433690E.e.25034/click - {}
RESULT: {}
COMMAND: GET /session/ee8c0ad77c32eb6cf27ae9120157f0fa/screenshot - {}
RESULT: {}
COMMAND: POST /session/ee8c0ad77c32eb6cf27ae9120157f0fa/element - {"using":"xpath","value":"//bdi[contains(text(), \"OK\")]"}
RESULT: {"using":"xpath","value":"//bdi[contains(text(), \"OK\")]"}
COMMAND: POST /session/ee8c0ad77c32eb6cf27ae9120157f0fa/element/f.4EEDEA8BBD1FF6E0A028415A04A49F5E.d.7C02828845492F4AF80D82DCD433690E.e.25037/click - {}
RESULT: {}
COMMAND: GET /session/ee8c0ad77c32eb6cf27ae9120157f0fa/screenshot - {}
RESULT: {}
COMMAND: POST /session/ee8c0ad77c32eb6cf27ae9120157f0fa/element - {"using":"xpath","value":"(//span[contains(text(), \"Completed\")]/parent::div/preceding-sibling::div/span)[1]"}
RESULT: {"using":"xpath","value":"(//span[contains(text(), \"Completed\")]/parent::div/preceding-sibling::div/span)[1]"}
COMMAND: POST /session/ee8c0ad77c32eb6cf27ae9120157f0fa/element/f.4EEDEA8BBD1FF6E0A028415A04A49F5E.d.7C02828845492F4AF80D82DCD433690E.e.25046/click - {}
RESULT: {}
COMMAND: POST /session/ee8c0ad77c32eb6cf27ae9120157f0fa/element - {"using":"xpath","value":"//input[contains(@id ,\"application-billingtransfer-display-component---billingWorkbench--smartFilterBar-btnBasicSearch\")]"}
COMMAND: GET /session/ee8c0ad77c32eb6cf27ae9120157f0fa/screenshot - {}
RESULT: {"using":"xpath","value":"//input[contains(@id ,\"application-billingtransfer-display-component---billingWorkbench--smartFilterBar-btnBasicSearch\")]"}
COMMAND: POST /session/ee8c0ad77c32eb6cf27ae9120157f0fa/elements - {"using":"xpath","value":"//input[contains(@id ,\"application-billingtransfer-display-component---billingWorkbench--smartFilterBar-btnBasicSearch\")]"}
RESULT: {}
RESULT: {"using":"xpath","value":"//input[contains(@id ,\"application-billingtransfer-display-component---billingWorkbench--smartFilterBar-btnBasicSearch\")]"}
COMMAND: POST /session/ee8c0ad77c32eb6cf27ae9120157f0fa/execute/sync - {"script":"<script> [8489 bytes]","args":[{"element-6066-11e4-a52e-4f735466cecf":"f.4EEDEA8BBD1FF6E0A028415A04A49F5E.d.7C02828845492F4AF80D82DCD433690E.e.24815","ELEMENT":"f.4EEDEA8BBD1FF6E0A028415A04A49F5E.d.7C02828845492F4AF80D82DCD433690E.e.24815"}]}
RESULT: {"script":"<script> [8489 bytes]","args":[{"element-6066-11e4-a52e-4f735466cecf":"f.4EEDEA8BBD1FF6E0A028415A04A49F5E.d.7C02828845492F4AF80D82DCD433690E.e.24815","ELEMENT":"f.4EEDEA8BBD1FF6E0A028415A04A49F5E.d.7C02828845492F4AF80D82DCD433690E.e.24815"}]}
COMMAND: GET /session/ee8c0ad77c32eb6cf27ae9120157f0fa/element/f.4EEDEA8BBD1FF6E0A028415A04A49F5E.d.7C02828845492F4AF80D82DCD433690E.e.24815/enabled - {}
COMMAND: GET /session/ee8c0ad77c32eb6cf27ae9120157f0fa/screenshot - {}
RESULT: {}
COMMAND: POST /session/ee8c0ad77c32eb6cf27ae9120157f0fa/element/f.4EEDEA8BBD1FF6E0A028415A04A49F5E.d.7C02828845492F4AF80D82DCD433690E.e.24815/click - {}
COMMAND: GET /session/ee8c0ad77c32eb6cf27ae9120157f0fa/screenshot - {}
RESULT: {}
RESULT: {}
COMMAND: GET /session/ee8c0ad77c32eb6cf27ae9120157f0fa/screenshot - {}
RESULT: {}
RESULT: {}
COMMAND: POST /session/ee8c0ad77c32eb6cf27ae9120157f0fa/element/f.4EEDEA8BBD1FF6E0A028415A04A49F5E.d.7C02828845492F4AF80D82DCD433690E.e.24815/clear - {}
RESULT: {}
COMMAND: POST /session/ee8c0ad77c32eb6cf27ae9120157f0fa/element/f.4EEDEA8BBD1FF6E0A028415A04A49F5E.d.7C02828845492F4AF80D82DCD433690E.e.24815/value - {"text":"10223"}
COMMAND: GET /session/ee8c0ad77c32eb6cf27ae9120157f0fa/screenshot - {}
RESULT: {"text":"10223"}
COMMAND: POST /session/ee8c0ad77c32eb6cf27ae9120157f0fa/actions - {"actions":[{"id":"action96","type":"key","parameters":{},"actions":[{"type":"keyDown","value":"î€‡"},{"type":"pause","duration":10},{"type":"keyUp","value":"î€‡"}]}]}
COMMAND: GET /session/ee8c0ad77c32eb6cf27ae9120157f0fa/screenshot - {}
RESULT: {}
RESULT: {"actions":[{"id":"action96","type":"key","parameters":{},"actions":[{"type":"keyDown","value":"î€‡"},{"type":"pause","duration":10},{"type":"keyUp","value":"î€‡"}]}]}
COMMAND: GET /session/ee8c0ad77c32eb6cf27ae9120157f0fa/screenshot - {}
RESULT: {}
RESULT: {}
COMMAND: POST /session/ee8c0ad77c32eb6cf27ae9120157f0fa/element - {"using":"xpath","value":"//span[contains(@id ,\"application-billingtransfer-display-component---billingWorkbench--smartTableBillingRuns-header-inner\")]"}
RESULT: {"using":"xpath","value":"//span[contains(@id ,\"application-billingtransfer-display-component---billingWorkbench--smartTableBillingRuns-header-inner\")]"}
COMMAND: POST /session/ee8c0ad77c32eb6cf27ae9120157f0fa/elements - {"using":"xpath","value":"//span[contains(@id ,\"application-billingtransfer-display-component---billingWorkbench--smartTableBillingRuns-header-inner\")]"}
RESULT: {"using":"xpath","value":"//span[contains(@id ,\"application-billingtransfer-display-component---billingWorkbench--smartTableBillingRuns-header-inner\")]"}
COMMAND: POST /session/ee8c0ad77c32eb6cf27ae9120157f0fa/execute/sync - {"script":"<script> [56 bytes]","args":[{"element-6066-11e4-a52e-4f735466cecf":"f.4EEDEA8BBD1FF6E0A028415A04A49F5E.d.7C02828845492F4AF80D82DCD433690E.e.25025","ELEMENT":"f.4EEDEA8BBD1FF6E0A028415A04A49F5E.d.7C02828845492F4AF80D82DCD433690E.e.25025"}]}
RESULT: {"script":"<script> [56 bytes]","args":[{"element-6066-11e4-a52e-4f735466cecf":"f.4EEDEA8BBD1FF6E0A028415A04A49F5E.d.7C02828845492F4AF80D82DCD433690E.e.25025","ELEMENT":"f.4EEDEA8BBD1FF6E0A028415A04A49F5E.d.7C02828845492F4AF80D82DCD433690E.e.25025"}]}
COMMAND: GET /session/ee8c0ad77c32eb6cf27ae9120157f0fa/screenshot - {}
RESULT: {}
COMMAND: POST /session/ee8c0ad77c32eb6cf27ae9120157f0fa/execute/sync - {"script":"<script> [56 bytes]","args":[{"element-6066-11e4-a52e-4f735466cecf":"f.4EEDEA8BBD1FF6E0A028415A04A49F5E.d.7C02828845492F4AF80D82DCD433690E.e.25025","ELEMENT":"f.4EEDEA8BBD1FF6E0A028415A04A49F5E.d.7C02828845492F4AF80D82DCD433690E.e.25025"}]}
RESULT: {"script":"<script> [56 bytes]","args":[{"element-6066-11e4-a52e-4f735466cecf":"f.4EEDEA8BBD1FF6E0A028415A04A49F5E.d.7C02828845492F4AF80D82DCD433690E.e.25025","ELEMENT":"f.4EEDEA8BBD1FF6E0A028415A04A49F5E.d.7C02828845492F4AF80D82DCD433690E.e.25025"}]}
COMMAND: GET /session/ee8c0ad77c32eb6cf27ae9120157f0fa/screenshot - {}
RESULT: {}
COMMAND: POST /session/ee8c0ad77c32eb6cf27ae9120157f0fa/execute/sync - {"script":"<script> [56 bytes]","args":[{"element-6066-11e4-a52e-4f735466cecf":"f.4EEDEA8BBD1FF6E0A028415A04A49F5E.d.7C02828845492F4AF80D82DCD433690E.e.25025","ELEMENT":"f.4EEDEA8BBD1FF6E0A028415A04A49F5E.d.7C02828845492F4AF80D82DCD433690E.e.25025"}]}
RESULT: {"script":"<script> [56 bytes]","args":[{"element-6066-11e4-a52e-4f735466cecf":"f.4EEDEA8BBD1FF6E0A028415A04A49F5E.d.7C02828845492F4AF80D82DCD433690E.e.25025","ELEMENT":"f.4EEDEA8BBD1FF6E0A028415A04A49F5E.d.7C02828845492F4AF80D82DCD433690E.e.25025"}]}
COMMAND: GET /session/ee8c0ad77c32eb6cf27ae9120157f0fa/screenshot - {}
COMMAND: POST /session/ee8c0ad77c32eb6cf27ae9120157f0fa/execute/sync - {"script":"<script> [56 bytes]","args":[{"element-6066-11e4-a52e-4f735466cecf":"f.4EEDEA8BBD1FF6E0A028415A04A49F5E.d.7C02828845492F4AF80D82DCD433690E.e.25025","ELEMENT":"f.4EEDEA8BBD1FF6E0A028415A04A49F5E.d.7C02828845492F4AF80D82DCD433690E.e.25025"}]}
RESULT: {}
RESULT: {"script":"<script> [56 bytes]","args":[{"element-6066-11e4-a52e-4f735466cecf":"f.4EEDEA8BBD1FF6E0A028415A04A49F5E.d.7C02828845492F4AF80D82DCD433690E.e.25025","ELEMENT":"f.4EEDEA8BBD1FF6E0A028415A04A49F5E.d.7C02828845492F4AF80D82DCD433690E.e.25025"}]}
COMMAND: POST /session/ee8c0ad77c32eb6cf27ae9120157f0fa/element - {"using":"css selector","value":"#shell-header-logo"}
COMMAND: GET /session/ee8c0ad77c32eb6cf27ae9120157f0fa/screenshot - {}
RESULT: {"using":"css selector","value":"#shell-header-logo"}
COMMAND: POST /session/ee8c0ad77c32eb6cf27ae9120157f0fa/element/f.4EEDEA8BBD1FF6E0A028415A04A49F5E.d.7C02828845492F4AF80D82DCD433690E.e.24813/click - {}
RESULT: {}
RESULT: {}
COMMAND: GET /session/ee8c0ad77c32eb6cf27ae9120157f0fa/screenshot - {}
RESULT: {}
]]></system-out>
    </testcase>
    <testcase classname="chrome.136_0_7103_49.windows.Billing_Calculation_-_Time_based_(considering_transport_times)_US139738" name="Should navigate to the contract item check the billed until field value" time="55.316">
      <system-out><![CDATA[
RESULT: undefined
COMMAND: POST /session/ee8c0ad77c32eb6cf27ae9120157f0fa/element - {"using":"xpath","value":"//*[@id=\"__tile131\"]"}
RESULT: {"using":"xpath","value":"//*[@id=\"__tile131\"]"}
COMMAND: POST /session/ee8c0ad77c32eb6cf27ae9120157f0fa/element/f.4EEDEA8BBD1FF6E0A028415A04A49F5E.d.7C02828845492F4AF80D82DCD433690E.e.18033/click - {}
RESULT: {}
COMMAND: GET /session/ee8c0ad77c32eb6cf27ae9120157f0fa/screenshot - {}
RESULT: {}
COMMAND: POST /session/ee8c0ad77c32eb6cf27ae9120157f0fa/elements - {"using":"xpath","value":"//span[text()='Error']"}
RESULT: {"using":"xpath","value":"//span[text()='Error']"}
COMMAND: POST /session/ee8c0ad77c32eb6cf27ae9120157f0fa/element - {"using":"xpath","value":"//button[@data-kt=\"addButton\"]"}
RESULT: {"using":"xpath","value":"//button[@data-kt=\"addButton\"]"}
COMMAND: POST /session/ee8c0ad77c32eb6cf27ae9120157f0fa/elements - {"using":"xpath","value":"//button[@data-kt=\"addButton\"]"}
RESULT: {"using":"xpath","value":"//button[@data-kt=\"addButton\"]"}
COMMAND: POST /session/ee8c0ad77c32eb6cf27ae9120157f0fa/execute/sync - {"script":"<script> [8489 bytes]","args":[{"element-6066-11e4-a52e-4f735466cecf":"f.4EEDEA8BBD1FF6E0A028415A04A49F5E.d.7C02828845492F4AF80D82DCD433690E.e.25109","ELEMENT":"f.4EEDEA8BBD1FF6E0A028415A04A49F5E.d.7C02828845492F4AF80D82DCD433690E.e.25109"}]}
RESULT: {"script":"<script> [8489 bytes]","args":[{"element-6066-11e4-a52e-4f735466cecf":"f.4EEDEA8BBD1FF6E0A028415A04A49F5E.d.7C02828845492F4AF80D82DCD433690E.e.25109","ELEMENT":"f.4EEDEA8BBD1FF6E0A028415A04A49F5E.d.7C02828845492F4AF80D82DCD433690E.e.25109"}]}
COMMAND: GET /session/ee8c0ad77c32eb6cf27ae9120157f0fa/element/f.4EEDEA8BBD1FF6E0A028415A04A49F5E.d.7C02828845492F4AF80D82DCD433690E.e.25109/enabled - {}
COMMAND: GET /session/ee8c0ad77c32eb6cf27ae9120157f0fa/screenshot - {}
RESULT: {}
COMMAND: POST /session/ee8c0ad77c32eb6cf27ae9120157f0fa/execute/sync - {"script":"<script> [8489 bytes]","args":[{"element-6066-11e4-a52e-4f735466cecf":"f.4EEDEA8BBD1FF6E0A028415A04A49F5E.d.7C02828845492F4AF80D82DCD433690E.e.25109","ELEMENT":"f.4EEDEA8BBD1FF6E0A028415A04A49F5E.d.7C02828845492F4AF80D82DCD433690E.e.25109"}]}
COMMAND: GET /session/ee8c0ad77c32eb6cf27ae9120157f0fa/screenshot - {}
RESULT: {}
RESULT: {"script":"<script> [8489 bytes]","args":[{"element-6066-11e4-a52e-4f735466cecf":"f.4EEDEA8BBD1FF6E0A028415A04A49F5E.d.7C02828845492F4AF80D82DCD433690E.e.25109","ELEMENT":"f.4EEDEA8BBD1FF6E0A028415A04A49F5E.d.7C02828845492F4AF80D82DCD433690E.e.25109"}]}
COMMAND: POST /session/ee8c0ad77c32eb6cf27ae9120157f0fa/execute/sync - {"script":"<script> [5351 bytes]","args":[{"element-6066-11e4-a52e-4f735466cecf":"f.4EEDEA8BBD1FF6E0A028415A04A49F5E.d.7C02828845492F4AF80D82DCD433690E.e.25109","ELEMENT":"f.4EEDEA8BBD1FF6E0A028415A04A49F5E.d.7C02828845492F4AF80D82DCD433690E.e.25109"}]}
COMMAND: GET /session/ee8c0ad77c32eb6cf27ae9120157f0fa/screenshot - {}
RESULT: {}
RESULT: {"script":"<script> [5351 bytes]","args":[{"element-6066-11e4-a52e-4f735466cecf":"f.4EEDEA8BBD1FF6E0A028415A04A49F5E.d.7C02828845492F4AF80D82DCD433690E.e.25109","ELEMENT":"f.4EEDEA8BBD1FF6E0A028415A04A49F5E.d.7C02828845492F4AF80D82DCD433690E.e.25109"}]}
COMMAND: POST /session/ee8c0ad77c32eb6cf27ae9120157f0fa/element - {"using":"xpath","value":"//input[contains(@id ,\"smartContractFilterBar-btnBasicSearch-I\")]"}
COMMAND: GET /session/ee8c0ad77c32eb6cf27ae9120157f0fa/screenshot - {}
RESULT: {}
RESULT: {"using":"xpath","value":"//input[contains(@id ,\"smartContractFilterBar-btnBasicSearch-I\")]"}
COMMAND: POST /session/ee8c0ad77c32eb6cf27ae9120157f0fa/elements - {"using":"xpath","value":"//input[contains(@id ,\"smartContractFilterBar-btnBasicSearch-I\")]"}
RESULT: {}
RESULT: {"using":"xpath","value":"//input[contains(@id ,\"smartContractFilterBar-btnBasicSearch-I\")]"}
COMMAND: POST /session/ee8c0ad77c32eb6cf27ae9120157f0fa/execute/sync - {"script":"<script> [8489 bytes]","args":[{"element-6066-11e4-a52e-4f735466cecf":"f.4EEDEA8BBD1FF6E0A028415A04A49F5E.d.7C02828845492F4AF80D82DCD433690E.e.25071","ELEMENT":"f.4EEDEA8BBD1FF6E0A028415A04A49F5E.d.7C02828845492F4AF80D82DCD433690E.e.25071"}]}
RESULT: {"script":"<script> [8489 bytes]","args":[{"element-6066-11e4-a52e-4f735466cecf":"f.4EEDEA8BBD1FF6E0A028415A04A49F5E.d.7C02828845492F4AF80D82DCD433690E.e.25071","ELEMENT":"f.4EEDEA8BBD1FF6E0A028415A04A49F5E.d.7C02828845492F4AF80D82DCD433690E.e.25071"}]}
COMMAND: GET /session/ee8c0ad77c32eb6cf27ae9120157f0fa/element/f.4EEDEA8BBD1FF6E0A028415A04A49F5E.d.7C02828845492F4AF80D82DCD433690E.e.25071/enabled - {}
COMMAND: GET /session/ee8c0ad77c32eb6cf27ae9120157f0fa/screenshot - {}
RESULT: {}
COMMAND: POST /session/ee8c0ad77c32eb6cf27ae9120157f0fa/element/f.4EEDEA8BBD1FF6E0A028415A04A49F5E.d.7C02828845492F4AF80D82DCD433690E.e.25071/clear - {}
COMMAND: GET /session/ee8c0ad77c32eb6cf27ae9120157f0fa/screenshot - {}
RESULT: {}
RESULT: {}
COMMAND: POST /session/ee8c0ad77c32eb6cf27ae9120157f0fa/element/f.4EEDEA8BBD1FF6E0A028415A04A49F5E.d.7C02828845492F4AF80D82DCD433690E.e.25071/value - {"text":"10223"}
COMMAND: GET /session/ee8c0ad77c32eb6cf27ae9120157f0fa/screenshot - {}
RESULT: {}
RESULT: {"text":"10223"}
COMMAND: GET /session/ee8c0ad77c32eb6cf27ae9120157f0fa/screenshot - {}
RESULT: {}
RESULT: {}
COMMAND: POST /session/ee8c0ad77c32eb6cf27ae9120157f0fa/actions - {"actions":[{"id":"action97","type":"key","parameters":{},"actions":[{"type":"keyDown","value":"î€‡"},{"type":"pause","duration":10},{"type":"keyUp","value":"î€‡"}]}]}
RESULT: {"actions":[{"id":"action97","type":"key","parameters":{},"actions":[{"type":"keyDown","value":"î€‡"},{"type":"pause","duration":10},{"type":"keyUp","value":"î€‡"}]}]}
COMMAND: GET /session/ee8c0ad77c32eb6cf27ae9120157f0fa/screenshot - {}
RESULT: {}
COMMAND: POST /session/ee8c0ad77c32eb6cf27ae9120157f0fa/element - {"using":"xpath","value":"//span[contains(@id, \"masterListContractsSmartTable-header-inner\")]"}
RESULT: {"using":"xpath","value":"//span[contains(@id, \"masterListContractsSmartTable-header-inner\")]"}
COMMAND: POST /session/ee8c0ad77c32eb6cf27ae9120157f0fa/elements - {"using":"xpath","value":"//span[contains(@id, \"masterListContractsSmartTable-header-inner\")]"}
RESULT: {"using":"xpath","value":"//span[contains(@id, \"masterListContractsSmartTable-header-inner\")]"}
COMMAND: POST /session/ee8c0ad77c32eb6cf27ae9120157f0fa/execute/sync - {"script":"<script> [56 bytes]","args":[{"element-6066-11e4-a52e-4f735466cecf":"f.4EEDEA8BBD1FF6E0A028415A04A49F5E.d.7C02828845492F4AF80D82DCD433690E.e.25174","ELEMENT":"f.4EEDEA8BBD1FF6E0A028415A04A49F5E.d.7C02828845492F4AF80D82DCD433690E.e.25174"}]}
RESULT: {"script":"<script> [56 bytes]","args":[{"element-6066-11e4-a52e-4f735466cecf":"f.4EEDEA8BBD1FF6E0A028415A04A49F5E.d.7C02828845492F4AF80D82DCD433690E.e.25174","ELEMENT":"f.4EEDEA8BBD1FF6E0A028415A04A49F5E.d.7C02828845492F4AF80D82DCD433690E.e.25174"}]}
COMMAND: POST /session/ee8c0ad77c32eb6cf27ae9120157f0fa/element - {"using":"xpath","value":"(//span[contains(@id, \"imgNav\")])[1]"}
COMMAND: GET /session/ee8c0ad77c32eb6cf27ae9120157f0fa/screenshot - {}
RESULT: {"using":"xpath","value":"(//span[contains(@id, \"imgNav\")])[1]"}
COMMAND: POST /session/ee8c0ad77c32eb6cf27ae9120157f0fa/element/f.4EEDEA8BBD1FF6E0A028415A04A49F5E.d.7C02828845492F4AF80D82DCD433690E.e.25172/click - {}
RESULT: {}
RESULT: {}
COMMAND: GET /session/ee8c0ad77c32eb6cf27ae9120157f0fa/screenshot - {}
RESULT: {}
COMMAND: POST /session/ee8c0ad77c32eb6cf27ae9120157f0fa/element - {"using":"xpath","value":"//tr[@data-kt=\"productsColumnListItem\"]//td//span[contains(@id, \"imgNav\")][1]"}
RESULT: {"using":"xpath","value":"//tr[@data-kt=\"productsColumnListItem\"]//td//span[contains(@id, \"imgNav\")][1]"}
COMMAND: POST /session/ee8c0ad77c32eb6cf27ae9120157f0fa/element/f.4EEDEA8BBD1FF6E0A028415A04A49F5E.d.7C02828845492F4AF80D82DCD433690E.e.25347/click - {}
RESULT: {}
COMMAND: GET /session/ee8c0ad77c32eb6cf27ae9120157f0fa/screenshot - {}
RESULT: {}
COMMAND: POST /session/ee8c0ad77c32eb6cf27ae9120157f0fa/element - {"using":"xpath","value":"//section[contains(@id, \"application-managecontracts-display-component---BillingItem--ObjectPageLayout-OPHeaderContent\")]/div/div/div/div/div[2]/div/div[2]/span"}
RESULT: {"using":"xpath","value":"//section[contains(@id, \"application-managecontracts-display-component---BillingItem--ObjectPageLayout-OPHeaderContent\")]/div/div/div/div/div[2]/div/div[2]/span"}
COMMAND: POST /session/ee8c0ad77c32eb6cf27ae9120157f0fa/execute/sync - {"script":"<script> [56 bytes]","args":[{"element-6066-11e4-a52e-4f735466cecf":"f.4EEDEA8BBD1FF6E0A028415A04A49F5E.d.7C02828845492F4AF80D82DCD433690E.e.25476","ELEMENT":"f.4EEDEA8BBD1FF6E0A028415A04A49F5E.d.7C02828845492F4AF80D82DCD433690E.e.25476"}]}
RESULT: {"script":"<script> [56 bytes]","args":[{"element-6066-11e4-a52e-4f735466cecf":"f.4EEDEA8BBD1FF6E0A028415A04A49F5E.d.7C02828845492F4AF80D82DCD433690E.e.25476","ELEMENT":"f.4EEDEA8BBD1FF6E0A028415A04A49F5E.d.7C02828845492F4AF80D82DCD433690E.e.25476"}]}
COMMAND: POST /session/ee8c0ad77c32eb6cf27ae9120157f0fa/element - {"using":"xpath","value":"//table[contains(@id, \"application-managecontracts-display-component---BillingItem--billingList-listUl\")]//td//*[contains(text(), \"final billed\")]"}
COMMAND: GET /session/ee8c0ad77c32eb6cf27ae9120157f0fa/screenshot - {}
RESULT: {"using":"xpath","value":"//table[contains(@id, \"application-managecontracts-display-component---BillingItem--billingList-listUl\")]//td//*[contains(text(), \"final billed\")]"}
COMMAND: POST /session/ee8c0ad77c32eb6cf27ae9120157f0fa/execute/sync - {"script":"<script> [56 bytes]","args":[{"element-6066-11e4-a52e-4f735466cecf":"f.4EEDEA8BBD1FF6E0A028415A04A49F5E.d.7C02828845492F4AF80D82DCD433690E.e.25477","ELEMENT":"f.4EEDEA8BBD1FF6E0A028415A04A49F5E.d.7C02828845492F4AF80D82DCD433690E.e.25477"}]}
RESULT: {}
RESULT: {"script":"<script> [56 bytes]","args":[{"element-6066-11e4-a52e-4f735466cecf":"f.4EEDEA8BBD1FF6E0A028415A04A49F5E.d.7C02828845492F4AF80D82DCD433690E.e.25477","ELEMENT":"f.4EEDEA8BBD1FF6E0A028415A04A49F5E.d.7C02828845492F4AF80D82DCD433690E.e.25477"}]}
COMMAND: POST /session/ee8c0ad77c32eb6cf27ae9120157f0fa/element - {"using":"css selector","value":"#shell-header-logo"}
COMMAND: GET /session/ee8c0ad77c32eb6cf27ae9120157f0fa/screenshot - {}
RESULT: {"using":"css selector","value":"#shell-header-logo"}
COMMAND: POST /session/ee8c0ad77c32eb6cf27ae9120157f0fa/element/f.4EEDEA8BBD1FF6E0A028415A04A49F5E.d.7C02828845492F4AF80D82DCD433690E.e.25061/click - {}
RESULT: {}
RESULT: {}
COMMAND: GET /session/ee8c0ad77c32eb6cf27ae9120157f0fa/screenshot - {}
RESULT: {}
COMMAND: DELETE /session/ee8c0ad77c32eb6cf27ae9120157f0fa - {}
RESULT: {}
]]></system-out>
    </testcase>
  </testsuite>
</testsuites>