<?xml version="1.0" encoding="UTF-8"?>
<testsuites tests="9" failures="0" errors="0" skipped="0">
  <testsuite timestamp="2025-05-26T18:04:28" time="962.582" tests="9" failures="0" errors="0" skipped="0">
    <properties>
      <property name="specId" value="0"/>
      <property name="suiteName" value="Tests for Mass State Change on Manage States &amp; Performances US104416 US"/>
      <property name="capabilities" value="chrome.136_0_7103_93.windows"/>
      <property name="file" value="file:///D:/a/1/s/test/specs/HTR/create-mass-state-change.spec.js"/>
    </properties>
    <testcase classname="chrome.136_0_7103_93.windows.Tests_for_Mass_State_Change_on_Manage_States_&amp;_Performances_US104416_US" name="Prereq Should create a new yard used for all following tests" time="127.945">
      <system-out><![CDATA[
COMMAND: POST /session/cb7b95b3902b1ae43c22bb263709af6b/window/fullscreen - {}
RESULT: {}
COMMAND: POST /session/cb7b95b3902b1ae43c22bb263709af6b/execute/async - {"script":"<script> [1562 bytes]","args":[{"selector":{"controlType":"sap.m.GenericTile","properties":{"header":"Manage Yards"}},"wdio_ui5_key":"sapm.GenericTile{\"header\":\"Manage Yards\"}"}]}
RESULT: {"script":"<script> [1562 bytes]","args":[{"selector":{"controlType":"sap.m.GenericTile","properties":{"header":"Manage Yards"}},"wdio_ui5_key":"sapm.GenericTile{\"header\":\"Manage Yards\"}"}]}
RESULT: undefined
COMMAND: POST /session/cb7b95b3902b1ae43c22bb263709af6b/element - {"using":"xpath","value":"//*[@id=\"__tile41\"]"}
RESULT: {"using":"xpath","value":"//*[@id=\"__tile41\"]"}
COMMAND: POST /session/cb7b95b3902b1ae43c22bb263709af6b/element/f.3ED30099C5E6715D6E114BC18BB8030C.d.5F3476126E76C14FBB9366C70F21B290.e.162/click - {}
RESULT: {}
COMMAND: GET /session/cb7b95b3902b1ae43c22bb263709af6b/screenshot - {}
RESULT: {}
COMMAND: POST /session/cb7b95b3902b1ae43c22bb263709af6b/elements - {"using":"xpath","value":"//span[text()='Error']"}
RESULT: {"using":"xpath","value":"//span[text()='Error']"}
COMMAND: POST /session/cb7b95b3902b1ae43c22bb263709af6b/element - {"using":"xpath","value":"//button[@data-kt=\"addNewYardOverflowToolbarButton\"]"}
RESULT: {"using":"xpath","value":"//button[@data-kt=\"addNewYardOverflowToolbarButton\"]"}
COMMAND: POST /session/cb7b95b3902b1ae43c22bb263709af6b/elements - {"using":"xpath","value":"//button[@data-kt=\"addNewYardOverflowToolbarButton\"]"}
RESULT: {"using":"xpath","value":"//button[@data-kt=\"addNewYardOverflowToolbarButton\"]"}
COMMAND: POST /session/cb7b95b3902b1ae43c22bb263709af6b/elements - {"using":"xpath","value":"//button[@data-kt=\"addNewYardOverflowToolbarButton\"]"}
RESULT: {"using":"xpath","value":"//button[@data-kt=\"addNewYardOverflowToolbarButton\"]"}
COMMAND: POST /session/cb7b95b3902b1ae43c22bb263709af6b/elements - {"using":"xpath","value":"//button[@data-kt=\"addNewYardOverflowToolbarButton\"]"}
RESULT: {"using":"xpath","value":"//button[@data-kt=\"addNewYardOverflowToolbarButton\"]"}
COMMAND: POST /session/cb7b95b3902b1ae43c22bb263709af6b/elements - {"using":"xpath","value":"//button[@data-kt=\"addNewYardOverflowToolbarButton\"]"}
RESULT: {"using":"xpath","value":"//button[@data-kt=\"addNewYardOverflowToolbarButton\"]"}
COMMAND: POST /session/cb7b95b3902b1ae43c22bb263709af6b/elements - {"using":"xpath","value":"//button[@data-kt=\"addNewYardOverflowToolbarButton\"]"}
RESULT: {"using":"xpath","value":"//button[@data-kt=\"addNewYardOverflowToolbarButton\"]"}
COMMAND: POST /session/cb7b95b3902b1ae43c22bb263709af6b/elements - {"using":"xpath","value":"//button[@data-kt=\"addNewYardOverflowToolbarButton\"]"}
RESULT: {"using":"xpath","value":"//button[@data-kt=\"addNewYardOverflowToolbarButton\"]"}
COMMAND: POST /session/cb7b95b3902b1ae43c22bb263709af6b/element - {"using":"xpath","value":"//button[@data-kt=\"addNewYardOverflowToolbarButton\"]"}
RESULT: {"using":"xpath","value":"//button[@data-kt=\"addNewYardOverflowToolbarButton\"]"}
COMMAND: POST /session/cb7b95b3902b1ae43c22bb263709af6b/execute/sync - {"script":"<script> [8489 bytes]","args":[{"element-6066-11e4-a52e-4f735466cecf":"f.3ED30099C5E6715D6E114BC18BB8030C.d.5F3476126E76C14FBB9366C70F21B290.e.288","ELEMENT":"f.3ED30099C5E6715D6E114BC18BB8030C.d.5F3476126E76C14FBB9366C70F21B290.e.288"}]}
RESULT: {"script":"<script> [8489 bytes]","args":[{"element-6066-11e4-a52e-4f735466cecf":"f.3ED30099C5E6715D6E114BC18BB8030C.d.5F3476126E76C14FBB9366C70F21B290.e.288","ELEMENT":"f.3ED30099C5E6715D6E114BC18BB8030C.d.5F3476126E76C14FBB9366C70F21B290.e.288"}]}
COMMAND: GET /session/cb7b95b3902b1ae43c22bb263709af6b/element/f.3ED30099C5E6715D6E114BC18BB8030C.d.5F3476126E76C14FBB9366C70F21B290.e.288/enabled - {}
COMMAND: GET /session/cb7b95b3902b1ae43c22bb263709af6b/screenshot - {}
RESULT: {}
COMMAND: POST /session/cb7b95b3902b1ae43c22bb263709af6b/execute/sync - {"script":"<script> [8489 bytes]","args":[{"element-6066-11e4-a52e-4f735466cecf":"f.3ED30099C5E6715D6E114BC18BB8030C.d.5F3476126E76C14FBB9366C70F21B290.e.288","ELEMENT":"f.3ED30099C5E6715D6E114BC18BB8030C.d.5F3476126E76C14FBB9366C70F21B290.e.288"}]}
COMMAND: GET /session/cb7b95b3902b1ae43c22bb263709af6b/screenshot - {}
RESULT: {}
RESULT: {"script":"<script> [8489 bytes]","args":[{"element-6066-11e4-a52e-4f735466cecf":"f.3ED30099C5E6715D6E114BC18BB8030C.d.5F3476126E76C14FBB9366C70F21B290.e.288","ELEMENT":"f.3ED30099C5E6715D6E114BC18BB8030C.d.5F3476126E76C14FBB9366C70F21B290.e.288"}]}
COMMAND: POST /session/cb7b95b3902b1ae43c22bb263709af6b/execute/sync - {"script":"<script> [5351 bytes]","args":[{"element-6066-11e4-a52e-4f735466cecf":"f.3ED30099C5E6715D6E114BC18BB8030C.d.5F3476126E76C14FBB9366C70F21B290.e.288","ELEMENT":"f.3ED30099C5E6715D6E114BC18BB8030C.d.5F3476126E76C14FBB9366C70F21B290.e.288"}]}
COMMAND: GET /session/cb7b95b3902b1ae43c22bb263709af6b/screenshot - {}
RESULT: {}
RESULT: {"script":"<script> [5351 bytes]","args":[{"element-6066-11e4-a52e-4f735466cecf":"f.3ED30099C5E6715D6E114BC18BB8030C.d.5F3476126E76C14FBB9366C70F21B290.e.288","ELEMENT":"f.3ED30099C5E6715D6E114BC18BB8030C.d.5F3476126E76C14FBB9366C70F21B290.e.288"}]}
COMMAND: POST /session/cb7b95b3902b1ae43c22bb263709af6b/element/f.3ED30099C5E6715D6E114BC18BB8030C.d.5F3476126E76C14FBB9366C70F21B290.e.288/click - {}
COMMAND: GET /session/cb7b95b3902b1ae43c22bb263709af6b/screenshot - {}
RESULT: {}
RESULT: {}
COMMAND: GET /session/cb7b95b3902b1ae43c22bb263709af6b/screenshot - {}
RESULT: {}
RESULT: {}
COMMAND: POST /session/cb7b95b3902b1ae43c22bb263709af6b/element - {"using":"xpath","value":"//input[@id=\"application-manageyards-display-component---NewYard--yardId-inner\"]"}
RESULT: {"using":"xpath","value":"//input[@id=\"application-manageyards-display-component---NewYard--yardId-inner\"]"}
COMMAND: POST /session/cb7b95b3902b1ae43c22bb263709af6b/element - {"using":"xpath","value":"//input[@id=\"application-manageyards-display-component---NewYard--yardId-inner\"]"}
RESULT: {"using":"xpath","value":"//input[@id=\"application-manageyards-display-component---NewYard--yardId-inner\"]"}
COMMAND: POST /session/cb7b95b3902b1ae43c22bb263709af6b/execute/async - {"script":"<script> [1562 bytes]","args":[{"selector":{"id":"application-manageyards-display-component---NewYard--addressDetailDetailsName1","interaction":{"idSuffix":"inner"}},"wdio_ui5_key":"applicationmanageyards-display-component---NewYard--addressDetailDetailsName1"}]}
RESULT: {"script":"<script> [1562 bytes]","args":[{"selector":{"id":"application-manageyards-display-component---NewYard--addressDetailDetailsName1","interaction":{"idSuffix":"inner"}},"wdio_ui5_key":"applicationmanageyards-display-component---NewYard--addressDetailDetailsName1"}]}
RESULT: undefined
COMMAND: POST /session/cb7b95b3902b1ae43c22bb263709af6b/execute/async - {"script":"<script> [776 bytes]","args":[{"enterText":"Other Yard WDIO","selector":{"id":"application-manageyards-display-component---NewYard--addressDetailDetailsName1","interaction":{"idSuffix":"inner"}},"clearTextFirst":true,"interactionType":"ENTER_TEXT"}]}
RESULT: {"script":"<script> [776 bytes]","args":[{"enterText":"Other Yard WDIO","selector":{"id":"application-manageyards-display-component---NewYard--addressDetailDetailsName1","interaction":{"idSuffix":"inner"}},"clearTextFirst":true,"interactionType":"ENTER_TEXT"}]}
COMMAND: POST /session/cb7b95b3902b1ae43c22bb263709af6b/execute/async - {"script":"<script> [1562 bytes]","args":[{"selector":{"id":"application-manageyards-display-component---NewYard--addressDetailDetailsLanguage-arrow"},"wdio_ui5_key":"applicationmanageyards-display-component---NewYard--addressDetailDetailsLanguage-arrow"}]}
RESULT: {"script":"<script> [1562 bytes]","args":[{"selector":{"id":"application-manageyards-display-component---NewYard--addressDetailDetailsLanguage-arrow"},"wdio_ui5_key":"applicationmanageyards-display-component---NewYard--addressDetailDetailsLanguage-arrow"}]}
RESULT: undefined
COMMAND: POST /session/cb7b95b3902b1ae43c22bb263709af6b/element - {"using":"xpath","value":"//*[@id=\"application-manageyards-display-component---NewYard--addressDetailDetailsLanguage-arrow\"]"}
RESULT: {"using":"xpath","value":"//*[@id=\"application-manageyards-display-component---NewYard--addressDetailDetailsLanguage-arrow\"]"}
COMMAND: POST /session/cb7b95b3902b1ae43c22bb263709af6b/element/f.3ED30099C5E6715D6E114BC18BB8030C.d.5F3476126E76C14FBB9366C70F21B290.e.722/click - {}
RESULT: {}
COMMAND: POST /session/cb7b95b3902b1ae43c22bb263709af6b/element - {"using":"xpath","value":"//span[contains(text(), \"English\")]"}
COMMAND: GET /session/cb7b95b3902b1ae43c22bb263709af6b/screenshot - {}
RESULT: {"using":"xpath","value":"//span[contains(text(), \"English\")]"}
COMMAND: POST /session/cb7b95b3902b1ae43c22bb263709af6b/element/f.3ED30099C5E6715D6E114BC18BB8030C.d.5F3476126E76C14FBB9366C70F21B290.e.723/click - {}
RESULT: {}
RESULT: {}
COMMAND: POST /session/cb7b95b3902b1ae43c22bb263709af6b/execute/async - {"script":"<script> [1562 bytes]","args":[{"selector":{"id":"application-manageyards-display-component---NewYard--addressDetailDetailsCity1","interaction":{"idSuffix":"inner"}},"wdio_ui5_key":"applicationmanageyards-display-component---NewYard--addressDetailDetailsCity1"}]}
COMMAND: GET /session/cb7b95b3902b1ae43c22bb263709af6b/screenshot - {}
RESULT: {"script":"<script> [1562 bytes]","args":[{"selector":{"id":"application-manageyards-display-component---NewYard--addressDetailDetailsCity1","interaction":{"idSuffix":"inner"}},"wdio_ui5_key":"applicationmanageyards-display-component---NewYard--addressDetailDetailsCity1"}]}
RESULT: undefined
COMMAND: POST /session/cb7b95b3902b1ae43c22bb263709af6b/execute/async - {"script":"<script> [776 bytes]","args":[{"enterText":"Rosario","selector":{"id":"application-manageyards-display-component---NewYard--addressDetailDetailsCity1","interaction":{"idSuffix":"inner"}},"clearTextFirst":true,"interactionType":"ENTER_TEXT"}]}
RESULT: {}
RESULT: {"script":"<script> [776 bytes]","args":[{"enterText":"Rosario","selector":{"id":"application-manageyards-display-component---NewYard--addressDetailDetailsCity1","interaction":{"idSuffix":"inner"}},"clearTextFirst":true,"interactionType":"ENTER_TEXT"}]}
COMMAND: POST /session/cb7b95b3902b1ae43c22bb263709af6b/execute/async - {"script":"<script> [1562 bytes]","args":[{"selector":{"id":"application-manageyards-display-component---NewYard--addressDetailDetailsCountry-arrow"},"wdio_ui5_key":"applicationmanageyards-display-component---NewYard--addressDetailDetailsCountry-arrow"}]}
RESULT: {"script":"<script> [1562 bytes]","args":[{"selector":{"id":"application-manageyards-display-component---NewYard--addressDetailDetailsCountry-arrow"},"wdio_ui5_key":"applicationmanageyards-display-component---NewYard--addressDetailDetailsCountry-arrow"}]}
RESULT: undefined
COMMAND: POST /session/cb7b95b3902b1ae43c22bb263709af6b/element - {"using":"xpath","value":"//*[@id=\"application-manageyards-display-component---NewYard--addressDetailDetailsCountry-arrow\"]"}
RESULT: {"using":"xpath","value":"//*[@id=\"application-manageyards-display-component---NewYard--addressDetailDetailsCountry-arrow\"]"}
COMMAND: POST /session/cb7b95b3902b1ae43c22bb263709af6b/element/f.3ED30099C5E6715D6E114BC18BB8030C.d.5F3476126E76C14FBB9366C70F21B290.e.725/click - {}
RESULT: {}
COMMAND: POST /session/cb7b95b3902b1ae43c22bb263709af6b/element - {"using":"xpath","value":"//span[contains(text(), \"Argentina\")]"}
COMMAND: GET /session/cb7b95b3902b1ae43c22bb263709af6b/screenshot - {}
RESULT: {"using":"xpath","value":"//span[contains(text(), \"Argentina\")]"}
COMMAND: POST /session/cb7b95b3902b1ae43c22bb263709af6b/element/f.3ED30099C5E6715D6E114BC18BB8030C.d.5F3476126E76C14FBB9366C70F21B290.e.726/click - {}
RESULT: {}
RESULT: {}
COMMAND: POST /session/cb7b95b3902b1ae43c22bb263709af6b/execute/async - {"script":"<script> [1562 bytes]","args":[{"selector":{"id":"application-manageyards-display-component---NewYard--addressEditDetailsCostObjectCstType-arrow"},"wdio_ui5_key":"applicationmanageyards-display-component---NewYard--addressEditDetailsCostObjectCstType-arrow"}]}
COMMAND: GET /session/cb7b95b3902b1ae43c22bb263709af6b/screenshot - {}
RESULT: {"script":"<script> [1562 bytes]","args":[{"selector":{"id":"application-manageyards-display-component---NewYard--addressEditDetailsCostObjectCstType-arrow"},"wdio_ui5_key":"applicationmanageyards-display-component---NewYard--addressEditDetailsCostObjectCstType-arrow"}]}
RESULT: undefined
COMMAND: POST /session/cb7b95b3902b1ae43c22bb263709af6b/element - {"using":"xpath","value":"//*[@id=\"application-manageyards-display-component---NewYard--addressEditDetailsCostObjectCstType-arrow\"]"}
RESULT: {}
RESULT: {"using":"xpath","value":"//*[@id=\"application-manageyards-display-component---NewYard--addressEditDetailsCostObjectCstType-arrow\"]"}
COMMAND: POST /session/cb7b95b3902b1ae43c22bb263709af6b/element/f.3ED30099C5E6715D6E114BC18BB8030C.d.5F3476126E76C14FBB9366C70F21B290.e.728/click - {}
RESULT: {}
COMMAND: POST /session/cb7b95b3902b1ae43c22bb263709af6b/element - {"using":"xpath","value":"//span[contains(text(), \"Cost Center\")]"}
COMMAND: GET /session/cb7b95b3902b1ae43c22bb263709af6b/screenshot - {}
RESULT: {"using":"xpath","value":"//span[contains(text(), \"Cost Center\")]"}
COMMAND: POST /session/cb7b95b3902b1ae43c22bb263709af6b/element/f.3ED30099C5E6715D6E114BC18BB8030C.d.5F3476126E76C14FBB9366C70F21B290.e.729/click - {}
RESULT: {}
RESULT: {}
COMMAND: GET /session/cb7b95b3902b1ae43c22bb263709af6b/screenshot - {}
RESULT: {}
COMMAND: POST /session/cb7b95b3902b1ae43c22bb263709af6b/element - {"using":"xpath","value":"//span[@id=\"application-manageyards-display-component---NewYard--addressNewCostObjectCstID-vhi\"]"}
RESULT: {"using":"xpath","value":"//span[@id=\"application-manageyards-display-component---NewYard--addressNewCostObjectCstID-vhi\"]"}
COMMAND: POST /session/cb7b95b3902b1ae43c22bb263709af6b/execute/sync - {"script":"<script> [8489 bytes]","args":[{"element-6066-11e4-a52e-4f735466cecf":"f.3ED30099C5E6715D6E114BC18BB8030C.d.5F3476126E76C14FBB9366C70F21B290.e.733","ELEMENT":"f.3ED30099C5E6715D6E114BC18BB8030C.d.5F3476126E76C14FBB9366C70F21B290.e.733"}]}
RESULT: {"script":"<script> [8489 bytes]","args":[{"element-6066-11e4-a52e-4f735466cecf":"f.3ED30099C5E6715D6E114BC18BB8030C.d.5F3476126E76C14FBB9366C70F21B290.e.733","ELEMENT":"f.3ED30099C5E6715D6E114BC18BB8030C.d.5F3476126E76C14FBB9366C70F21B290.e.733"}]}
COMMAND: POST /session/cb7b95b3902b1ae43c22bb263709af6b/execute/async - {"script":"<script> [1562 bytes]","args":[{"selector":{"id":"application-manageyards-display-component---NewYard--addressNewCostObjectCstID-vhi"},"wdio_ui5_key":"applicationmanageyards-display-component---NewYard--addressNewCostObjectCstID-vhi"}]}
COMMAND: GET /session/cb7b95b3902b1ae43c22bb263709af6b/screenshot - {}
RESULT: {"script":"<script> [1562 bytes]","args":[{"selector":{"id":"application-manageyards-display-component---NewYard--addressNewCostObjectCstID-vhi"},"wdio_ui5_key":"applicationmanageyards-display-component---NewYard--addressNewCostObjectCstID-vhi"}]}
RESULT: undefined
COMMAND: POST /session/cb7b95b3902b1ae43c22bb263709af6b/element - {"using":"xpath","value":"//*[@id=\"application-manageyards-display-component---NewYard--addressNewCostObjectCstID-vhi\"]"}
RESULT: {}
RESULT: {"using":"xpath","value":"//*[@id=\"application-manageyards-display-component---NewYard--addressNewCostObjectCstID-vhi\"]"}
COMMAND: POST /session/cb7b95b3902b1ae43c22bb263709af6b/element/f.3ED30099C5E6715D6E114BC18BB8030C.d.5F3476126E76C14FBB9366C70F21B290.e.733/click - {}
RESULT: {}
COMMAND: GET /session/cb7b95b3902b1ae43c22bb263709af6b/screenshot - {}
RESULT: {}
COMMAND: POST /session/cb7b95b3902b1ae43c22bb263709af6b/execute/async - {"script":"<script> [1562 bytes]","args":[{"selector":{"controlType":"sap.m.SearchField","properties":{"placeholder":"Search"},"searchOpenDialogs":true,"interaction":{"idSuffix":"I"}},"wdio_ui5_key":"sapm.SearchField{\"placeholder\":\"Search\"}"}]}
RESULT: {"script":"<script> [1562 bytes]","args":[{"selector":{"controlType":"sap.m.SearchField","properties":{"placeholder":"Search"},"searchOpenDialogs":true,"interaction":{"idSuffix":"I"}},"wdio_ui5_key":"sapm.SearchField{\"placeholder\":\"Search\"}"}]}
RESULT: undefined
COMMAND: POST /session/cb7b95b3902b1ae43c22bb263709af6b/execute/async - {"script":"<script> [776 bytes]","args":[{"enterText":"bauh_b","selector":{"controlType":"sap.m.SearchField","properties":{"placeholder":"Search"},"searchOpenDialogs":true,"interaction":{"idSuffix":"I"}},"clearTextFirst":true,"interactionType":"ENTER_TEXT"}]}
RESULT: {"script":"<script> [776 bytes]","args":[{"enterText":"bauh_b","selector":{"controlType":"sap.m.SearchField","properties":{"placeholder":"Search"},"searchOpenDialogs":true,"interaction":{"idSuffix":"I"}},"clearTextFirst":true,"interactionType":"ENTER_TEXT"}]}
COMMAND: POST /session/cb7b95b3902b1ae43c22bb263709af6b/actions - {"actions":[{"id":"action1","type":"key","parameters":{},"actions":[{"type":"keyDown","value":""},{"type":"pause","duration":10},{"type":"keyUp","value":""}]}]}
RESULT: {"actions":[{"id":"action1","type":"key","parameters":{},"actions":[{"type":"keyDown","value":""},{"type":"pause","duration":10},{"type":"keyUp","value":""}]}]}
COMMAND: GET /session/cb7b95b3902b1ae43c22bb263709af6b/screenshot - {}
RESULT: {}
COMMAND: POST /session/cb7b95b3902b1ae43c22bb263709af6b/element - {"using":"xpath","value":"//span[contains(text(), \"Demo Yard\")]"}
RESULT: {"using":"xpath","value":"//span[contains(text(), \"Demo Yard\")]"}
COMMAND: POST /session/cb7b95b3902b1ae43c22bb263709af6b/element/f.3ED30099C5E6715D6E114BC18BB8030C.d.5F3476126E76C14FBB9366C70F21B290.e.774/click - {}
RESULT: {}
COMMAND: GET /session/cb7b95b3902b1ae43c22bb263709af6b/screenshot - {}
RESULT: {}
COMMAND: POST /session/cb7b95b3902b1ae43c22bb263709af6b/element - {"using":"xpath","value":"//bdi[contains(text(), \"OK\")]"}
RESULT: {"using":"xpath","value":"//bdi[contains(text(), \"OK\")]"}
COMMAND: POST /session/cb7b95b3902b1ae43c22bb263709af6b/element/f.3ED30099C5E6715D6E114BC18BB8030C.d.5F3476126E76C14FBB9366C70F21B290.e.775/click - {}
RESULT: {}
COMMAND: GET /session/cb7b95b3902b1ae43c22bb263709af6b/screenshot - {}
RESULT: {}
COMMAND: POST /session/cb7b95b3902b1ae43c22bb263709af6b/execute/async - {"script":"<script> [1562 bytes]","args":[{"selector":{"id":"application-manageyards-display-component---NewYard--addressEditDetailsCurrency-arrow"},"wdio_ui5_key":"applicationmanageyards-display-component---NewYard--addressEditDetailsCurrency-arrow"}]}
RESULT: {"script":"<script> [1562 bytes]","args":[{"selector":{"id":"application-manageyards-display-component---NewYard--addressEditDetailsCurrency-arrow"},"wdio_ui5_key":"applicationmanageyards-display-component---NewYard--addressEditDetailsCurrency-arrow"}]}
RESULT: undefined
COMMAND: POST /session/cb7b95b3902b1ae43c22bb263709af6b/element - {"using":"xpath","value":"//*[@id=\"application-manageyards-display-component---NewYard--addressEditDetailsCurrency-arrow\"]"}
RESULT: {"using":"xpath","value":"//*[@id=\"application-manageyards-display-component---NewYard--addressEditDetailsCurrency-arrow\"]"}
COMMAND: POST /session/cb7b95b3902b1ae43c22bb263709af6b/element/f.3ED30099C5E6715D6E114BC18BB8030C.d.5F3476126E76C14FBB9366C70F21B290.e.778/click - {}
RESULT: {}
COMMAND: POST /session/cb7b95b3902b1ae43c22bb263709af6b/element - {"using":"xpath","value":"//span[contains(text(), \"Euro\")]"}
COMMAND: GET /session/cb7b95b3902b1ae43c22bb263709af6b/screenshot - {}
RESULT: {"using":"xpath","value":"//span[contains(text(), \"Euro\")]"}
COMMAND: POST /session/cb7b95b3902b1ae43c22bb263709af6b/element/f.3ED30099C5E6715D6E114BC18BB8030C.d.5F3476126E76C14FBB9366C70F21B290.e.779/click - {}
RESULT: {}
RESULT: {}
COMMAND: POST /session/cb7b95b3902b1ae43c22bb263709af6b/execute/async - {"script":"<script> [1562 bytes]","args":[{"selector":{"controlType":"sap.m.Input","viewName":"etm.portal.ui.manageyards.view.New","viewId":"application-manageyards-display-component---NewYard","bindingPath":{"path":"","propertyPath":"/CONTROLLING_AREA","modelName":"NewYardModel"},"interaction":{"idSuffix":"inner"}},"wdio_ui5_key":"etmportal.ui.manageyards.view.Newsap.m.Input{\"path\":\"\",\"propertyPath\":\"/CONTROLLING_AREA\",\"modelName\":\"NewYardModel\"}"}]}
COMMAND: GET /session/cb7b95b3902b1ae43c22bb263709af6b/screenshot - {}
RESULT: {"script":"<script> [1562 bytes]","args":[{"selector":{"controlType":"sap.m.Input","viewName":"etm.portal.ui.manageyards.view.New","viewId":"application-manageyards-display-component---NewYard","bindingPath":{"path":"","propertyPath":"/CONTROLLING_AREA","modelName":"NewYardModel"},"interaction":{"idSuffix":"inner"}},"wdio_ui5_key":"etmportal.ui.manageyards.view.Newsap.m.Input{\"path\":\"\",\"propertyPath\":\"/CONTROLLING_AREA\",\"modelName\":\"NewYardModel\"}"}]}
RESULT: undefined
COMMAND: POST /session/cb7b95b3902b1ae43c22bb263709af6b/execute/async - {"script":"<script> [776 bytes]","args":[{"enterText":"Z001","selector":{"controlType":"sap.m.Input","viewName":"etm.portal.ui.manageyards.view.New","viewId":"application-manageyards-display-component---NewYard","bindingPath":{"path":"","propertyPath":"/CONTROLLING_AREA","modelName":"NewYardModel"},"interaction":{"idSuffix":"inner"}},"clearTextFirst":true,"interactionType":"ENTER_TEXT"}]}
RESULT: {}
RESULT: {"script":"<script> [776 bytes]","args":[{"enterText":"Z001","selector":{"controlType":"sap.m.Input","viewName":"etm.portal.ui.manageyards.view.New","viewId":"application-manageyards-display-component---NewYard","bindingPath":{"path":"","propertyPath":"/CONTROLLING_AREA","modelName":"NewYardModel"},"interaction":{"idSuffix":"inner"}},"clearTextFirst":true,"interactionType":"ENTER_TEXT"}]}
COMMAND: POST /session/cb7b95b3902b1ae43c22bb263709af6b/execute/async - {"script":"<script> [1562 bytes]","args":[{"selector":{"id":"application-manageyards-display-component---NewYard--companyCodeComboBox","interaction":{"idSuffix":"inner"}},"wdio_ui5_key":"applicationmanageyards-display-component---NewYard--companyCodeComboBox"}]}
RESULT: {"script":"<script> [1562 bytes]","args":[{"selector":{"id":"application-manageyards-display-component---NewYard--companyCodeComboBox","interaction":{"idSuffix":"inner"}},"wdio_ui5_key":"applicationmanageyards-display-component---NewYard--companyCodeComboBox"}]}
RESULT: undefined
COMMAND: POST /session/cb7b95b3902b1ae43c22bb263709af6b/execute/async - {"script":"<script> [776 bytes]","args":[{"enterText":"1000","selector":{"id":"application-manageyards-display-component---NewYard--companyCodeComboBox","interaction":{"idSuffix":"inner"}},"clearTextFirst":true,"interactionType":"ENTER_TEXT"}]}
RESULT: {"script":"<script> [776 bytes]","args":[{"enterText":"1000","selector":{"id":"application-manageyards-display-component---NewYard--companyCodeComboBox","interaction":{"idSuffix":"inner"}},"clearTextFirst":true,"interactionType":"ENTER_TEXT"}]}
COMMAND: POST /session/cb7b95b3902b1ae43c22bb263709af6b/execute/async - {"script":"<script> [1562 bytes]","args":[{"selector":{"controlType":"sap.m.Input","viewName":"etm.portal.ui.manageyards.view.New","viewId":"application-manageyards-display-component---NewYard","bindingPath":{"path":"","propertyPath":"/PLANT","modelName":"NewYardModel"},"interaction":{"idSuffix":"inner"}},"wdio_ui5_key":"etmportal.ui.manageyards.view.Newsap.m.Input{\"path\":\"\",\"propertyPath\":\"/PLANT\",\"modelName\":\"NewYardModel\"}"}]}
RESULT: {"script":"<script> [1562 bytes]","args":[{"selector":{"controlType":"sap.m.Input","viewName":"etm.portal.ui.manageyards.view.New","viewId":"application-manageyards-display-component---NewYard","bindingPath":{"path":"","propertyPath":"/PLANT","modelName":"NewYardModel"},"interaction":{"idSuffix":"inner"}},"wdio_ui5_key":"etmportal.ui.manageyards.view.Newsap.m.Input{\"path\":\"\",\"propertyPath\":\"/PLANT\",\"modelName\":\"NewYardModel\"}"}]}
RESULT: undefined
COMMAND: POST /session/cb7b95b3902b1ae43c22bb263709af6b/execute/async - {"script":"<script> [776 bytes]","args":[{"enterText":"1001","selector":{"controlType":"sap.m.Input","viewName":"etm.portal.ui.manageyards.view.New","viewId":"application-manageyards-display-component---NewYard","bindingPath":{"path":"","propertyPath":"/PLANT","modelName":"NewYardModel"},"interaction":{"idSuffix":"inner"}},"clearTextFirst":true,"interactionType":"ENTER_TEXT"}]}
RESULT: {"script":"<script> [776 bytes]","args":[{"enterText":"1001","selector":{"controlType":"sap.m.Input","viewName":"etm.portal.ui.manageyards.view.New","viewId":"application-manageyards-display-component---NewYard","bindingPath":{"path":"","propertyPath":"/PLANT","modelName":"NewYardModel"},"interaction":{"idSuffix":"inner"}},"clearTextFirst":true,"interactionType":"ENTER_TEXT"}]}
COMMAND: POST /session/cb7b95b3902b1ae43c22bb263709af6b/execute/async - {"script":"<script> [1562 bytes]","args":[{"selector":{"controlType":"sap.m.Input","viewName":"etm.portal.ui.manageyards.view.New","viewId":"application-manageyards-display-component---NewYard","bindingPath":{"path":"","propertyPath":"/SALES_AREA_VKORG","modelName":"NewYardModel"},"interaction":{"idSuffix":"inner"}},"wdio_ui5_key":"etmportal.ui.manageyards.view.Newsap.m.Input{\"path\":\"\",\"propertyPath\":\"/SALES_AREA_VKORG\",\"modelName\":\"NewYardModel\"}"}]}
RESULT: {"script":"<script> [1562 bytes]","args":[{"selector":{"controlType":"sap.m.Input","viewName":"etm.portal.ui.manageyards.view.New","viewId":"application-manageyards-display-component---NewYard","bindingPath":{"path":"","propertyPath":"/SALES_AREA_VKORG","modelName":"NewYardModel"},"interaction":{"idSuffix":"inner"}},"wdio_ui5_key":"etmportal.ui.manageyards.view.Newsap.m.Input{\"path\":\"\",\"propertyPath\":\"/SALES_AREA_VKORG\",\"modelName\":\"NewYardModel\"}"}]}
RESULT: undefined
COMMAND: POST /session/cb7b95b3902b1ae43c22bb263709af6b/execute/async - {"script":"<script> [776 bytes]","args":[{"enterText":"C002","selector":{"controlType":"sap.m.Input","viewName":"etm.portal.ui.manageyards.view.New","viewId":"application-manageyards-display-component---NewYard","bindingPath":{"path":"","propertyPath":"/SALES_AREA_VKORG","modelName":"NewYardModel"},"interaction":{"idSuffix":"inner"}},"clearTextFirst":true,"interactionType":"ENTER_TEXT"}]}
RESULT: {"script":"<script> [776 bytes]","args":[{"enterText":"C002","selector":{"controlType":"sap.m.Input","viewName":"etm.portal.ui.manageyards.view.New","viewId":"application-manageyards-display-component---NewYard","bindingPath":{"path":"","propertyPath":"/SALES_AREA_VKORG","modelName":"NewYardModel"},"interaction":{"idSuffix":"inner"}},"clearTextFirst":true,"interactionType":"ENTER_TEXT"}]}
COMMAND: POST /session/cb7b95b3902b1ae43c22bb263709af6b/execute/async - {"script":"<script> [1562 bytes]","args":[{"selector":{"controlType":"sap.m.Input","viewName":"etm.portal.ui.manageyards.view.New","viewId":"application-manageyards-display-component---NewYard","bindingPath":{"path":"","propertyPath":"/SALES_AREA_VTWEG","modelName":"NewYardModel"},"interaction":{"idSuffix":"inner"}},"wdio_ui5_key":"etmportal.ui.manageyards.view.Newsap.m.Input{\"path\":\"\",\"propertyPath\":\"/SALES_AREA_VTWEG\",\"modelName\":\"NewYardModel\"}"}]}
RESULT: {"script":"<script> [1562 bytes]","args":[{"selector":{"controlType":"sap.m.Input","viewName":"etm.portal.ui.manageyards.view.New","viewId":"application-manageyards-display-component---NewYard","bindingPath":{"path":"","propertyPath":"/SALES_AREA_VTWEG","modelName":"NewYardModel"},"interaction":{"idSuffix":"inner"}},"wdio_ui5_key":"etmportal.ui.manageyards.view.Newsap.m.Input{\"path\":\"\",\"propertyPath\":\"/SALES_AREA_VTWEG\",\"modelName\":\"NewYardModel\"}"}]}
RESULT: undefined
COMMAND: POST /session/cb7b95b3902b1ae43c22bb263709af6b/execute/async - {"script":"<script> [776 bytes]","args":[{"enterText":"C2","selector":{"controlType":"sap.m.Input","viewName":"etm.portal.ui.manageyards.view.New","viewId":"application-manageyards-display-component---NewYard","bindingPath":{"path":"","propertyPath":"/SALES_AREA_VTWEG","modelName":"NewYardModel"},"interaction":{"idSuffix":"inner"}},"clearTextFirst":true,"interactionType":"ENTER_TEXT"}]}
RESULT: {"script":"<script> [776 bytes]","args":[{"enterText":"C2","selector":{"controlType":"sap.m.Input","viewName":"etm.portal.ui.manageyards.view.New","viewId":"application-manageyards-display-component---NewYard","bindingPath":{"path":"","propertyPath":"/SALES_AREA_VTWEG","modelName":"NewYardModel"},"interaction":{"idSuffix":"inner"}},"clearTextFirst":true,"interactionType":"ENTER_TEXT"}]}
COMMAND: POST /session/cb7b95b3902b1ae43c22bb263709af6b/execute/async - {"script":"<script> [1562 bytes]","args":[{"selector":{"controlType":"sap.m.Input","viewName":"etm.portal.ui.manageyards.view.New","viewId":"application-manageyards-display-component---NewYard","bindingPath":{"path":"","propertyPath":"/SALES_AREA_SPART","modelName":"NewYardModel"},"interaction":{"idSuffix":"inner"}},"wdio_ui5_key":"etmportal.ui.manageyards.view.Newsap.m.Input{\"path\":\"\",\"propertyPath\":\"/SALES_AREA_SPART\",\"modelName\":\"NewYardModel\"}"}]}
RESULT: {"script":"<script> [1562 bytes]","args":[{"selector":{"controlType":"sap.m.Input","viewName":"etm.portal.ui.manageyards.view.New","viewId":"application-manageyards-display-component---NewYard","bindingPath":{"path":"","propertyPath":"/SALES_AREA_SPART","modelName":"NewYardModel"},"interaction":{"idSuffix":"inner"}},"wdio_ui5_key":"etmportal.ui.manageyards.view.Newsap.m.Input{\"path\":\"\",\"propertyPath\":\"/SALES_AREA_SPART\",\"modelName\":\"NewYardModel\"}"}]}
RESULT: undefined
COMMAND: POST /session/cb7b95b3902b1ae43c22bb263709af6b/execute/async - {"script":"<script> [776 bytes]","args":[{"enterText":"C2","selector":{"controlType":"sap.m.Input","viewName":"etm.portal.ui.manageyards.view.New","viewId":"application-manageyards-display-component---NewYard","bindingPath":{"path":"","propertyPath":"/SALES_AREA_SPART","modelName":"NewYardModel"},"interaction":{"idSuffix":"inner"}},"clearTextFirst":true,"interactionType":"ENTER_TEXT"}]}
RESULT: {"script":"<script> [776 bytes]","args":[{"enterText":"C2","selector":{"controlType":"sap.m.Input","viewName":"etm.portal.ui.manageyards.view.New","viewId":"application-manageyards-display-component---NewYard","bindingPath":{"path":"","propertyPath":"/SALES_AREA_SPART","modelName":"NewYardModel"},"interaction":{"idSuffix":"inner"}},"clearTextFirst":true,"interactionType":"ENTER_TEXT"}]}
COMMAND: POST /session/cb7b95b3902b1ae43c22bb263709af6b/execute/async - {"script":"<script> [1562 bytes]","args":[{"selector":{"controlType":"sap.m.Input","viewName":"etm.portal.ui.manageyards.view.New","viewId":"application-manageyards-display-component---NewYard","bindingPath":{"path":"","propertyPath":"/SHIP_POINT","modelName":"NewYardModel"},"interaction":{"idSuffix":"inner"}},"wdio_ui5_key":"etmportal.ui.manageyards.view.Newsap.m.Input{\"path\":\"\",\"propertyPath\":\"/SHIP_POINT\",\"modelName\":\"NewYardModel\"}"}]}
RESULT: {"script":"<script> [1562 bytes]","args":[{"selector":{"controlType":"sap.m.Input","viewName":"etm.portal.ui.manageyards.view.New","viewId":"application-manageyards-display-component---NewYard","bindingPath":{"path":"","propertyPath":"/SHIP_POINT","modelName":"NewYardModel"},"interaction":{"idSuffix":"inner"}},"wdio_ui5_key":"etmportal.ui.manageyards.view.Newsap.m.Input{\"path\":\"\",\"propertyPath\":\"/SHIP_POINT\",\"modelName\":\"NewYardModel\"}"}]}
RESULT: undefined
COMMAND: POST /session/cb7b95b3902b1ae43c22bb263709af6b/execute/async - {"script":"<script> [776 bytes]","args":[{"enterText":"1710","selector":{"controlType":"sap.m.Input","viewName":"etm.portal.ui.manageyards.view.New","viewId":"application-manageyards-display-component---NewYard","bindingPath":{"path":"","propertyPath":"/SHIP_POINT","modelName":"NewYardModel"},"interaction":{"idSuffix":"inner"}},"clearTextFirst":true,"interactionType":"ENTER_TEXT"}]}
RESULT: {"script":"<script> [776 bytes]","args":[{"enterText":"1710","selector":{"controlType":"sap.m.Input","viewName":"etm.portal.ui.manageyards.view.New","viewId":"application-manageyards-display-component---NewYard","bindingPath":{"path":"","propertyPath":"/SHIP_POINT","modelName":"NewYardModel"},"interaction":{"idSuffix":"inner"}},"clearTextFirst":true,"interactionType":"ENTER_TEXT"}]}
COMMAND: POST /session/cb7b95b3902b1ae43c22bb263709af6b/execute/async - {"script":"<script> [1562 bytes]","args":[{"selector":{"controlType":"sap.m.Input","viewName":"etm.portal.ui.manageyards.view.New","viewId":"application-manageyards-display-component---NewYard","bindingPath":{"path":"","propertyPath":"/DELIVERY_TYPE","modelName":"NewYardModel"},"interaction":{"idSuffix":"inner"}},"wdio_ui5_key":"etmportal.ui.manageyards.view.Newsap.m.Input{\"path\":\"\",\"propertyPath\":\"/DELIVERY_TYPE\",\"modelName\":\"NewYardModel\"}"}]}
RESULT: {"script":"<script> [1562 bytes]","args":[{"selector":{"controlType":"sap.m.Input","viewName":"etm.portal.ui.manageyards.view.New","viewId":"application-manageyards-display-component---NewYard","bindingPath":{"path":"","propertyPath":"/DELIVERY_TYPE","modelName":"NewYardModel"},"interaction":{"idSuffix":"inner"}},"wdio_ui5_key":"etmportal.ui.manageyards.view.Newsap.m.Input{\"path\":\"\",\"propertyPath\":\"/DELIVERY_TYPE\",\"modelName\":\"NewYardModel\"}"}]}
RESULT: undefined
COMMAND: POST /session/cb7b95b3902b1ae43c22bb263709af6b/execute/async - {"script":"<script> [776 bytes]","args":[{"enterText":"ZL01","selector":{"controlType":"sap.m.Input","viewName":"etm.portal.ui.manageyards.view.New","viewId":"application-manageyards-display-component---NewYard","bindingPath":{"path":"","propertyPath":"/DELIVERY_TYPE","modelName":"NewYardModel"},"interaction":{"idSuffix":"inner"}},"clearTextFirst":true,"interactionType":"ENTER_TEXT"}]}
RESULT: {"script":"<script> [776 bytes]","args":[{"enterText":"ZL01","selector":{"controlType":"sap.m.Input","viewName":"etm.portal.ui.manageyards.view.New","viewId":"application-manageyards-display-component---NewYard","bindingPath":{"path":"","propertyPath":"/DELIVERY_TYPE","modelName":"NewYardModel"},"interaction":{"idSuffix":"inner"}},"clearTextFirst":true,"interactionType":"ENTER_TEXT"}]}
COMMAND: POST /session/cb7b95b3902b1ae43c22bb263709af6b/execute/async - {"script":"<script> [1562 bytes]","args":[{"selector":{"controlType":"sap.m.Input","viewName":"etm.portal.ui.manageyards.view.New","viewId":"application-manageyards-display-component---NewYard","bindingPath":{"path":"","propertyPath":"/AUART","modelName":"NewYardModel"},"interaction":{"idSuffix":"inner"}},"wdio_ui5_key":"etmportal.ui.manageyards.view.Newsap.m.Input{\"path\":\"\",\"propertyPath\":\"/AUART\",\"modelName\":\"NewYardModel\"}"}]}
RESULT: {"script":"<script> [1562 bytes]","args":[{"selector":{"controlType":"sap.m.Input","viewName":"etm.portal.ui.manageyards.view.New","viewId":"application-manageyards-display-component---NewYard","bindingPath":{"path":"","propertyPath":"/AUART","modelName":"NewYardModel"},"interaction":{"idSuffix":"inner"}},"wdio_ui5_key":"etmportal.ui.manageyards.view.Newsap.m.Input{\"path\":\"\",\"propertyPath\":\"/AUART\",\"modelName\":\"NewYardModel\"}"}]}
RESULT: undefined
COMMAND: POST /session/cb7b95b3902b1ae43c22bb263709af6b/execute/async - {"script":"<script> [776 bytes]","args":[{"enterText":"TA","selector":{"controlType":"sap.m.Input","viewName":"etm.portal.ui.manageyards.view.New","viewId":"application-manageyards-display-component---NewYard","bindingPath":{"path":"","propertyPath":"/AUART","modelName":"NewYardModel"},"interaction":{"idSuffix":"inner"}},"clearTextFirst":true,"interactionType":"ENTER_TEXT"}]}
RESULT: {"script":"<script> [776 bytes]","args":[{"enterText":"TA","selector":{"controlType":"sap.m.Input","viewName":"etm.portal.ui.manageyards.view.New","viewId":"application-manageyards-display-component---NewYard","bindingPath":{"path":"","propertyPath":"/AUART","modelName":"NewYardModel"},"interaction":{"idSuffix":"inner"}},"clearTextFirst":true,"interactionType":"ENTER_TEXT"}]}
COMMAND: POST /session/cb7b95b3902b1ae43c22bb263709af6b/element - {"using":"xpath","value":"//button[@data-kt=\"newYardSaveButton\"]"}
RESULT: {"using":"xpath","value":"//button[@data-kt=\"newYardSaveButton\"]"}
COMMAND: POST /session/cb7b95b3902b1ae43c22bb263709af6b/element/f.3ED30099C5E6715D6E114BC18BB8030C.d.5F3476126E76C14FBB9366C70F21B290.e.691/click - {}
RESULT: {}
COMMAND: GET /session/cb7b95b3902b1ae43c22bb263709af6b/screenshot - {}
RESULT: {}
COMMAND: POST /session/cb7b95b3902b1ae43c22bb263709af6b/element - {"using":"xpath","value":"//header[contains(@id, 'ObjectPageLayout-headerTitle')]/div[1]/div[2]/div[1]/span[1]"}
RESULT: {"using":"xpath","value":"//header[contains(@id, 'ObjectPageLayout-headerTitle')]/div[1]/div[2]/div[1]/span[1]"}
COMMAND: POST /session/cb7b95b3902b1ae43c22bb263709af6b/elements - {"using":"xpath","value":"//header[contains(@id, 'ObjectPageLayout-headerTitle')]/div[1]/div[2]/div[1]/span[1]"}
RESULT: {"using":"xpath","value":"//header[contains(@id, 'ObjectPageLayout-headerTitle')]/div[1]/div[2]/div[1]/span[1]"}
COMMAND: POST /session/cb7b95b3902b1ae43c22bb263709af6b/execute/sync - {"script":"<script> [56 bytes]","args":[{"element-6066-11e4-a52e-4f735466cecf":"f.3ED30099C5E6715D6E114BC18BB8030C.d.5F3476126E76C14FBB9366C70F21B290.e.997","ELEMENT":"f.3ED30099C5E6715D6E114BC18BB8030C.d.5F3476126E76C14FBB9366C70F21B290.e.997"}]}
RESULT: {"script":"<script> [56 bytes]","args":[{"element-6066-11e4-a52e-4f735466cecf":"f.3ED30099C5E6715D6E114BC18BB8030C.d.5F3476126E76C14FBB9366C70F21B290.e.997","ELEMENT":"f.3ED30099C5E6715D6E114BC18BB8030C.d.5F3476126E76C14FBB9366C70F21B290.e.997"}]}
COMMAND: GET /session/cb7b95b3902b1ae43c22bb263709af6b/screenshot - {}
RESULT: {}
COMMAND: POST /session/cb7b95b3902b1ae43c22bb263709af6b/element - {"using":"css selector","value":"#shell-header-logo"}
RESULT: {"using":"css selector","value":"#shell-header-logo"}
COMMAND: POST /session/cb7b95b3902b1ae43c22bb263709af6b/element/f.3ED30099C5E6715D6E114BC18BB8030C.d.5F3476126E76C14FBB9366C70F21B290.e.257/click - {}
RESULT: {}
COMMAND: GET /session/cb7b95b3902b1ae43c22bb263709af6b/screenshot - {}
RESULT: {}
COMMAND: POST /session/cb7b95b3902b1ae43c22bb263709af6b/execute/sync - {"script":"<script> [299 bytes]","args":[["getModel","getResource"]]}
RESULT: {"script":"<script> [299 bytes]","args":[["getModel","getResource"]]}
]]></system-out>
    </testcase>
    <testcase classname="chrome.136_0_7103_93.windows.Tests_for_Mass_State_Change_on_Manage_States_&amp;_Performances_US104416_US" name="Prereq Should create a new partner" time="137.716">
      <system-out><![CDATA[
COMMAND: GET /session/cb7b95b3902b1ae43c22bb263709af6b/screenshot - {}
COMMAND: POST /session/cb7b95b3902b1ae43c22bb263709af6b/window/fullscreen - {}
RESULT: {}
RESULT: {}
COMMAND: POST /session/cb7b95b3902b1ae43c22bb263709af6b/execute/async - {"script":"<script> [1562 bytes]","args":[{"selector":{"controlType":"sap.m.GenericTile","properties":{"header":"Manage Partners"}},"wdio_ui5_key":"sapm.GenericTile{\"header\":\"Manage Partners\"}"}]}
RESULT: {"script":"<script> [1562 bytes]","args":[{"selector":{"controlType":"sap.m.GenericTile","properties":{"header":"Manage Partners"}},"wdio_ui5_key":"sapm.GenericTile{\"header\":\"Manage Partners\"}"}]}
RESULT: undefined
COMMAND: POST /session/cb7b95b3902b1ae43c22bb263709af6b/element - {"using":"xpath","value":"//*[@id=\"__tile38\"]"}
RESULT: {"using":"xpath","value":"//*[@id=\"__tile38\"]"}
COMMAND: POST /session/cb7b95b3902b1ae43c22bb263709af6b/element/f.3ED30099C5E6715D6E114BC18BB8030C.d.5F3476126E76C14FBB9366C70F21B290.e.153/click - {}
RESULT: {}
COMMAND: GET /session/cb7b95b3902b1ae43c22bb263709af6b/screenshot - {}
RESULT: {}
COMMAND: POST /session/cb7b95b3902b1ae43c22bb263709af6b/elements - {"using":"xpath","value":"//span[text()='Error']"}
RESULT: {"using":"xpath","value":"//span[text()='Error']"}
COMMAND: POST /session/cb7b95b3902b1ae43c22bb263709af6b/element - {"using":"xpath","value":"//button[@data-kt=\"addButton\"]"}
RESULT: {"using":"xpath","value":"//button[@data-kt=\"addButton\"]"}
COMMAND: POST /session/cb7b95b3902b1ae43c22bb263709af6b/elements - {"using":"xpath","value":"//button[@data-kt=\"addButton\"]"}
RESULT: {"using":"xpath","value":"//button[@data-kt=\"addButton\"]"}
COMMAND: POST /session/cb7b95b3902b1ae43c22bb263709af6b/execute/sync - {"script":"<script> [8489 bytes]","args":[{"element-6066-11e4-a52e-4f735466cecf":"f.3ED30099C5E6715D6E114BC18BB8030C.d.5F3476126E76C14FBB9366C70F21B290.e.1036","ELEMENT":"f.3ED30099C5E6715D6E114BC18BB8030C.d.5F3476126E76C14FBB9366C70F21B290.e.1036"}]}
RESULT: {"script":"<script> [8489 bytes]","args":[{"element-6066-11e4-a52e-4f735466cecf":"f.3ED30099C5E6715D6E114BC18BB8030C.d.5F3476126E76C14FBB9366C70F21B290.e.1036","ELEMENT":"f.3ED30099C5E6715D6E114BC18BB8030C.d.5F3476126E76C14FBB9366C70F21B290.e.1036"}]}
COMMAND: GET /session/cb7b95b3902b1ae43c22bb263709af6b/element/f.3ED30099C5E6715D6E114BC18BB8030C.d.5F3476126E76C14FBB9366C70F21B290.e.1036/enabled - {}
COMMAND: GET /session/cb7b95b3902b1ae43c22bb263709af6b/screenshot - {}
RESULT: {}
COMMAND: POST /session/cb7b95b3902b1ae43c22bb263709af6b/execute/sync - {"script":"<script> [8489 bytes]","args":[{"element-6066-11e4-a52e-4f735466cecf":"f.3ED30099C5E6715D6E114BC18BB8030C.d.5F3476126E76C14FBB9366C70F21B290.e.1036","ELEMENT":"f.3ED30099C5E6715D6E114BC18BB8030C.d.5F3476126E76C14FBB9366C70F21B290.e.1036"}]}
COMMAND: GET /session/cb7b95b3902b1ae43c22bb263709af6b/screenshot - {}
RESULT: {}
RESULT: {"script":"<script> [8489 bytes]","args":[{"element-6066-11e4-a52e-4f735466cecf":"f.3ED30099C5E6715D6E114BC18BB8030C.d.5F3476126E76C14FBB9366C70F21B290.e.1036","ELEMENT":"f.3ED30099C5E6715D6E114BC18BB8030C.d.5F3476126E76C14FBB9366C70F21B290.e.1036"}]}
COMMAND: POST /session/cb7b95b3902b1ae43c22bb263709af6b/execute/sync - {"script":"<script> [5351 bytes]","args":[{"element-6066-11e4-a52e-4f735466cecf":"f.3ED30099C5E6715D6E114BC18BB8030C.d.5F3476126E76C14FBB9366C70F21B290.e.1036","ELEMENT":"f.3ED30099C5E6715D6E114BC18BB8030C.d.5F3476126E76C14FBB9366C70F21B290.e.1036"}]}
COMMAND: GET /session/cb7b95b3902b1ae43c22bb263709af6b/screenshot - {}
RESULT: {}
RESULT: {"script":"<script> [5351 bytes]","args":[{"element-6066-11e4-a52e-4f735466cecf":"f.3ED30099C5E6715D6E114BC18BB8030C.d.5F3476126E76C14FBB9366C70F21B290.e.1036","ELEMENT":"f.3ED30099C5E6715D6E114BC18BB8030C.d.5F3476126E76C14FBB9366C70F21B290.e.1036"}]}
COMMAND: POST /session/cb7b95b3902b1ae43c22bb263709af6b/element/f.3ED30099C5E6715D6E114BC18BB8030C.d.5F3476126E76C14FBB9366C70F21B290.e.1036/click - {}
COMMAND: GET /session/cb7b95b3902b1ae43c22bb263709af6b/screenshot - {}
RESULT: {}
RESULT: {}
COMMAND: GET /session/cb7b95b3902b1ae43c22bb263709af6b/screenshot - {}
COMMAND: POST /session/cb7b95b3902b1ae43c22bb263709af6b/execute/async - {"script":"<script> [1562 bytes]","args":[{"selector":{"id":"application-managepartners-display-component---NewPartner--addressDetailDetailsName1","interaction":{"idSuffix":"inner"}},"wdio_ui5_key":"applicationmanagepartners-display-component---NewPartner--addressDetailDetailsName1"}]}
RESULT: {}
RESULT: {}
RESULT: {"script":"<script> [1562 bytes]","args":[{"selector":{"id":"application-managepartners-display-component---NewPartner--addressDetailDetailsName1","interaction":{"idSuffix":"inner"}},"wdio_ui5_key":"applicationmanagepartners-display-component---NewPartner--addressDetailDetailsName1"}]}
RESULT: undefined
COMMAND: POST /session/cb7b95b3902b1ae43c22bb263709af6b/execute/async - {"script":"<script> [776 bytes]","args":[{"enterText":"Intracompany Partner WDIO","selector":{"id":"application-managepartners-display-component---NewPartner--addressDetailDetailsName1","interaction":{"idSuffix":"inner"}},"clearTextFirst":true,"interactionType":"ENTER_TEXT"}]}
RESULT: {"script":"<script> [776 bytes]","args":[{"enterText":"Intracompany Partner WDIO","selector":{"id":"application-managepartners-display-component---NewPartner--addressDetailDetailsName1","interaction":{"idSuffix":"inner"}},"clearTextFirst":true,"interactionType":"ENTER_TEXT"}]}
COMMAND: POST /session/cb7b95b3902b1ae43c22bb263709af6b/execute/async - {"script":"<script> [1562 bytes]","args":[{"selector":{"id":"application-managepartners-display-component---NewPartner--addressDetailDetailsLanguage-arrow"},"wdio_ui5_key":"applicationmanagepartners-display-component---NewPartner--addressDetailDetailsLanguage-arrow"}]}
RESULT: {"script":"<script> [1562 bytes]","args":[{"selector":{"id":"application-managepartners-display-component---NewPartner--addressDetailDetailsLanguage-arrow"},"wdio_ui5_key":"applicationmanagepartners-display-component---NewPartner--addressDetailDetailsLanguage-arrow"}]}
RESULT: undefined
COMMAND: POST /session/cb7b95b3902b1ae43c22bb263709af6b/element - {"using":"xpath","value":"//*[@id=\"application-managepartners-display-component---NewPartner--addressDetailDetailsLanguage-arrow\"]"}
RESULT: {"using":"xpath","value":"//*[@id=\"application-managepartners-display-component---NewPartner--addressDetailDetailsLanguage-arrow\"]"}
COMMAND: POST /session/cb7b95b3902b1ae43c22bb263709af6b/element/f.3ED30099C5E6715D6E114BC18BB8030C.d.5F3476126E76C14FBB9366C70F21B290.e.1485/click - {}
RESULT: {}
COMMAND: POST /session/cb7b95b3902b1ae43c22bb263709af6b/element - {"using":"xpath","value":"//span[contains(text(), \"English\")]"}
COMMAND: GET /session/cb7b95b3902b1ae43c22bb263709af6b/screenshot - {}
RESULT: {"using":"xpath","value":"//span[contains(text(), \"English\")]"}
COMMAND: POST /session/cb7b95b3902b1ae43c22bb263709af6b/element/f.3ED30099C5E6715D6E114BC18BB8030C.d.5F3476126E76C14FBB9366C70F21B290.e.1486/click - {}
RESULT: {}
RESULT: {}
COMMAND: GET /session/cb7b95b3902b1ae43c22bb263709af6b/screenshot - {}
RESULT: {}
COMMAND: POST /session/cb7b95b3902b1ae43c22bb263709af6b/execute/async - {"script":"<script> [1562 bytes]","args":[{"selector":{"id":"application-managepartners-display-component---NewPartner--addressDetailDetailsCity1","interaction":{"idSuffix":"inner"}},"wdio_ui5_key":"applicationmanagepartners-display-component---NewPartner--addressDetailDetailsCity1"}]}
RESULT: {"script":"<script> [1562 bytes]","args":[{"selector":{"id":"application-managepartners-display-component---NewPartner--addressDetailDetailsCity1","interaction":{"idSuffix":"inner"}},"wdio_ui5_key":"applicationmanagepartners-display-component---NewPartner--addressDetailDetailsCity1"}]}
RESULT: undefined
COMMAND: POST /session/cb7b95b3902b1ae43c22bb263709af6b/execute/async - {"script":"<script> [776 bytes]","args":[{"enterText":"Rosario","selector":{"id":"application-managepartners-display-component---NewPartner--addressDetailDetailsCity1","interaction":{"idSuffix":"inner"}},"clearTextFirst":true,"interactionType":"ENTER_TEXT"}]}
RESULT: {"script":"<script> [776 bytes]","args":[{"enterText":"Rosario","selector":{"id":"application-managepartners-display-component---NewPartner--addressDetailDetailsCity1","interaction":{"idSuffix":"inner"}},"clearTextFirst":true,"interactionType":"ENTER_TEXT"}]}
COMMAND: POST /session/cb7b95b3902b1ae43c22bb263709af6b/execute/async - {"script":"<script> [1562 bytes]","args":[{"selector":{"id":"application-managepartners-display-component---NewPartner--addressDetailDetailsCountry-arrow"},"wdio_ui5_key":"applicationmanagepartners-display-component---NewPartner--addressDetailDetailsCountry-arrow"}]}
RESULT: {"script":"<script> [1562 bytes]","args":[{"selector":{"id":"application-managepartners-display-component---NewPartner--addressDetailDetailsCountry-arrow"},"wdio_ui5_key":"applicationmanagepartners-display-component---NewPartner--addressDetailDetailsCountry-arrow"}]}
RESULT: undefined
COMMAND: POST /session/cb7b95b3902b1ae43c22bb263709af6b/element - {"using":"xpath","value":"//*[@id=\"application-managepartners-display-component---NewPartner--addressDetailDetailsCountry-arrow\"]"}
RESULT: {"using":"xpath","value":"//*[@id=\"application-managepartners-display-component---NewPartner--addressDetailDetailsCountry-arrow\"]"}
COMMAND: POST /session/cb7b95b3902b1ae43c22bb263709af6b/element/f.3ED30099C5E6715D6E114BC18BB8030C.d.5F3476126E76C14FBB9366C70F21B290.e.1472/click - {}
RESULT: {}
COMMAND: POST /session/cb7b95b3902b1ae43c22bb263709af6b/element - {"using":"xpath","value":"//span[contains(text(), \"Argentina\")]"}
COMMAND: GET /session/cb7b95b3902b1ae43c22bb263709af6b/screenshot - {}
RESULT: {"using":"xpath","value":"//span[contains(text(), \"Argentina\")]"}
COMMAND: POST /session/cb7b95b3902b1ae43c22bb263709af6b/element/f.3ED30099C5E6715D6E114BC18BB8030C.d.5F3476126E76C14FBB9366C70F21B290.e.1488/click - {}
RESULT: {}
RESULT: {}
COMMAND: GET /session/cb7b95b3902b1ae43c22bb263709af6b/screenshot - {}
RESULT: {}
COMMAND: POST /session/cb7b95b3902b1ae43c22bb263709af6b/element - {"using":"xpath","value":"//bdi[contains(text(), \"Commercial\")]"}
RESULT: {"using":"xpath","value":"//bdi[contains(text(), \"Commercial\")]"}
COMMAND: POST /session/cb7b95b3902b1ae43c22bb263709af6b/element/f.3ED30099C5E6715D6E114BC18BB8030C.d.5F3476126E76C14FBB9366C70F21B290.e.1489/click - {}
RESULT: {}
COMMAND: GET /session/cb7b95b3902b1ae43c22bb263709af6b/screenshot - {}
RESULT: {}
COMMAND: POST /session/cb7b95b3902b1ae43c22bb263709af6b/execute/async - {"script":"<script> [1562 bytes]","args":[{"selector":{"id":"application-managepartners-display-component---NewPartner--partnerDetailInternal-arrow"},"wdio_ui5_key":"applicationmanagepartners-display-component---NewPartner--partnerDetailInternal-arrow"}]}
RESULT: {"script":"<script> [1562 bytes]","args":[{"selector":{"id":"application-managepartners-display-component---NewPartner--partnerDetailInternal-arrow"},"wdio_ui5_key":"applicationmanagepartners-display-component---NewPartner--partnerDetailInternal-arrow"}]}
RESULT: undefined
COMMAND: POST /session/cb7b95b3902b1ae43c22bb263709af6b/element - {"using":"xpath","value":"//*[@id=\"application-managepartners-display-component---NewPartner--partnerDetailInternal-arrow\"]"}
RESULT: {"using":"xpath","value":"//*[@id=\"application-managepartners-display-component---NewPartner--partnerDetailInternal-arrow\"]"}
COMMAND: POST /session/cb7b95b3902b1ae43c22bb263709af6b/element/f.3ED30099C5E6715D6E114BC18BB8030C.d.5F3476126E76C14FBB9366C70F21B290.e.1497/click - {}
RESULT: {}
COMMAND: POST /session/cb7b95b3902b1ae43c22bb263709af6b/element - {"using":"xpath","value":"//span[contains(text(), \"Affiliated company\")]"}
COMMAND: GET /session/cb7b95b3902b1ae43c22bb263709af6b/screenshot - {}
RESULT: {"using":"xpath","value":"//span[contains(text(), \"Affiliated company\")]"}
COMMAND: POST /session/cb7b95b3902b1ae43c22bb263709af6b/element/f.3ED30099C5E6715D6E114BC18BB8030C.d.5F3476126E76C14FBB9366C70F21B290.e.1498/click - {}
RESULT: {}
RESULT: {}
COMMAND: POST /session/cb7b95b3902b1ae43c22bb263709af6b/execute/async - {"script":"<script> [1562 bytes]","args":[{"selector":{"id":"application-managepartners-display-component---NewPartner--partnerDetailsCurrency-arrow"},"wdio_ui5_key":"applicationmanagepartners-display-component---NewPartner--partnerDetailsCurrency-arrow"}]}
COMMAND: GET /session/cb7b95b3902b1ae43c22bb263709af6b/screenshot - {}
RESULT: {"script":"<script> [1562 bytes]","args":[{"selector":{"id":"application-managepartners-display-component---NewPartner--partnerDetailsCurrency-arrow"},"wdio_ui5_key":"applicationmanagepartners-display-component---NewPartner--partnerDetailsCurrency-arrow"}]}
RESULT: undefined
COMMAND: POST /session/cb7b95b3902b1ae43c22bb263709af6b/element - {"using":"xpath","value":"//*[@id=\"application-managepartners-display-component---NewPartner--partnerDetailsCurrency-arrow\"]"}
RESULT: {}
RESULT: {"using":"xpath","value":"//*[@id=\"application-managepartners-display-component---NewPartner--partnerDetailsCurrency-arrow\"]"}
COMMAND: POST /session/cb7b95b3902b1ae43c22bb263709af6b/element/f.3ED30099C5E6715D6E114BC18BB8030C.d.5F3476126E76C14FBB9366C70F21B290.e.1505/click - {}
RESULT: {}
COMMAND: POST /session/cb7b95b3902b1ae43c22bb263709af6b/element - {"using":"xpath","value":"//span[contains(text(), \"Euro\")]"}
COMMAND: GET /session/cb7b95b3902b1ae43c22bb263709af6b/screenshot - {}
RESULT: {"using":"xpath","value":"//span[contains(text(), \"Euro\")]"}
COMMAND: POST /session/cb7b95b3902b1ae43c22bb263709af6b/element/f.3ED30099C5E6715D6E114BC18BB8030C.d.5F3476126E76C14FBB9366C70F21B290.e.1506/click - {}
RESULT: {}
RESULT: {}
COMMAND: POST /session/cb7b95b3902b1ae43c22bb263709af6b/execute/async - {"script":"<script> [1562 bytes]","args":[{"selector":{"id":"application-managepartners-display-component---NewPartner--addressEditDetailsCostObjectCstType-arrow"},"wdio_ui5_key":"applicationmanagepartners-display-component---NewPartner--addressEditDetailsCostObjectCstType-arrow"}]}
COMMAND: GET /session/cb7b95b3902b1ae43c22bb263709af6b/screenshot - {}
RESULT: {"script":"<script> [1562 bytes]","args":[{"selector":{"id":"application-managepartners-display-component---NewPartner--addressEditDetailsCostObjectCstType-arrow"},"wdio_ui5_key":"applicationmanagepartners-display-component---NewPartner--addressEditDetailsCostObjectCstType-arrow"}]}
RESULT: undefined
COMMAND: POST /session/cb7b95b3902b1ae43c22bb263709af6b/element - {"using":"xpath","value":"//*[@id=\"application-managepartners-display-component---NewPartner--addressEditDetailsCostObjectCstType-arrow\"]"}
RESULT: {}
RESULT: {"using":"xpath","value":"//*[@id=\"application-managepartners-display-component---NewPartner--addressEditDetailsCostObjectCstType-arrow\"]"}
COMMAND: POST /session/cb7b95b3902b1ae43c22bb263709af6b/element/f.3ED30099C5E6715D6E114BC18BB8030C.d.5F3476126E76C14FBB9366C70F21B290.e.1507/click - {}
RESULT: {}
COMMAND: POST /session/cb7b95b3902b1ae43c22bb263709af6b/element - {"using":"xpath","value":"//span[contains(text(), \"Cost Center\")]"}
COMMAND: GET /session/cb7b95b3902b1ae43c22bb263709af6b/screenshot - {}
RESULT: {"using":"xpath","value":"//span[contains(text(), \"Cost Center\")]"}
COMMAND: POST /session/cb7b95b3902b1ae43c22bb263709af6b/element/f.3ED30099C5E6715D6E114BC18BB8030C.d.5F3476126E76C14FBB9366C70F21B290.e.1508/click - {}
RESULT: {}
RESULT: {}
COMMAND: GET /session/cb7b95b3902b1ae43c22bb263709af6b/screenshot - {}
RESULT: {}
COMMAND: POST /session/cb7b95b3902b1ae43c22bb263709af6b/element - {"using":"xpath","value":"//span[@id=\"application-managepartners-display-component---NewPartner--addressNewCostObjectCstID-vhi\"]"}
RESULT: {"using":"xpath","value":"//span[@id=\"application-managepartners-display-component---NewPartner--addressNewCostObjectCstID-vhi\"]"}
COMMAND: POST /session/cb7b95b3902b1ae43c22bb263709af6b/execute/sync - {"script":"<script> [8489 bytes]","args":[{"element-6066-11e4-a52e-4f735466cecf":"f.3ED30099C5E6715D6E114BC18BB8030C.d.5F3476126E76C14FBB9366C70F21B290.e.1512","ELEMENT":"f.3ED30099C5E6715D6E114BC18BB8030C.d.5F3476126E76C14FBB9366C70F21B290.e.1512"}]}
RESULT: {"script":"<script> [8489 bytes]","args":[{"element-6066-11e4-a52e-4f735466cecf":"f.3ED30099C5E6715D6E114BC18BB8030C.d.5F3476126E76C14FBB9366C70F21B290.e.1512","ELEMENT":"f.3ED30099C5E6715D6E114BC18BB8030C.d.5F3476126E76C14FBB9366C70F21B290.e.1512"}]}
COMMAND: POST /session/cb7b95b3902b1ae43c22bb263709af6b/execute/async - {"script":"<script> [1562 bytes]","args":[{"selector":{"id":"application-managepartners-display-component---NewPartner--addressNewCostObjectCstID-vhi"},"wdio_ui5_key":"applicationmanagepartners-display-component---NewPartner--addressNewCostObjectCstID-vhi"}]}
COMMAND: GET /session/cb7b95b3902b1ae43c22bb263709af6b/screenshot - {}
RESULT: {"script":"<script> [1562 bytes]","args":[{"selector":{"id":"application-managepartners-display-component---NewPartner--addressNewCostObjectCstID-vhi"},"wdio_ui5_key":"applicationmanagepartners-display-component---NewPartner--addressNewCostObjectCstID-vhi"}]}
RESULT: undefined
COMMAND: POST /session/cb7b95b3902b1ae43c22bb263709af6b/element - {"using":"xpath","value":"//*[@id=\"application-managepartners-display-component---NewPartner--addressNewCostObjectCstID-vhi\"]"}
RESULT: {}
RESULT: {"using":"xpath","value":"//*[@id=\"application-managepartners-display-component---NewPartner--addressNewCostObjectCstID-vhi\"]"}
COMMAND: POST /session/cb7b95b3902b1ae43c22bb263709af6b/element/f.3ED30099C5E6715D6E114BC18BB8030C.d.5F3476126E76C14FBB9366C70F21B290.e.1512/click - {}
RESULT: {}
COMMAND: GET /session/cb7b95b3902b1ae43c22bb263709af6b/screenshot - {}
RESULT: {}
RESULT: undefined
COMMAND: POST /session/cb7b95b3902b1ae43c22bb263709af6b/execute/async - {"script":"<script> [776 bytes]","args":[{"enterText":"10001013","selector":{"controlType":"sap.m.SearchField","properties":{"placeholder":"Search"},"searchOpenDialogs":true,"interaction":{"idSuffix":"I"}},"clearTextFirst":true,"interactionType":"ENTER_TEXT"}]}
RESULT: {"script":"<script> [776 bytes]","args":[{"enterText":"10001013","selector":{"controlType":"sap.m.SearchField","properties":{"placeholder":"Search"},"searchOpenDialogs":true,"interaction":{"idSuffix":"I"}},"clearTextFirst":true,"interactionType":"ENTER_TEXT"}]}
COMMAND: POST /session/cb7b95b3902b1ae43c22bb263709af6b/actions - {"actions":[{"id":"action2","type":"key","parameters":{},"actions":[{"type":"keyDown","value":""},{"type":"pause","duration":10},{"type":"keyUp","value":""}]}]}
RESULT: {"actions":[{"id":"action2","type":"key","parameters":{},"actions":[{"type":"keyDown","value":""},{"type":"pause","duration":10},{"type":"keyUp","value":""}]}]}
COMMAND: GET /session/cb7b95b3902b1ae43c22bb263709af6b/screenshot - {}
RESULT: {}
COMMAND: POST /session/cb7b95b3902b1ae43c22bb263709af6b/element - {"using":"xpath","value":"//span[contains(text(), \"General Management\")]"}
RESULT: {"using":"xpath","value":"//span[contains(text(), \"General Management\")]"}
COMMAND: POST /session/cb7b95b3902b1ae43c22bb263709af6b/element/f.3ED30099C5E6715D6E114BC18BB8030C.d.5F3476126E76C14FBB9366C70F21B290.e.1551/click - {}
RESULT: {}
COMMAND: GET /session/cb7b95b3902b1ae43c22bb263709af6b/screenshot - {}
RESULT: {}
COMMAND: POST /session/cb7b95b3902b1ae43c22bb263709af6b/element - {"using":"xpath","value":"//bdi[contains(text(), \"OK\")]"}
RESULT: {"using":"xpath","value":"//bdi[contains(text(), \"OK\")]"}
COMMAND: POST /session/cb7b95b3902b1ae43c22bb263709af6b/element/f.3ED30099C5E6715D6E114BC18BB8030C.d.5F3476126E76C14FBB9366C70F21B290.e.1552/click - {}
RESULT: {}
COMMAND: GET /session/cb7b95b3902b1ae43c22bb263709af6b/screenshot - {}
RESULT: {}
COMMAND: POST /session/cb7b95b3902b1ae43c22bb263709af6b/element - {"using":"xpath","value":"//input[@id=\"application-managepartners-display-component---NewPartner--companyCodeComboBox-inner\"]"}
RESULT: {"using":"xpath","value":"//input[@id=\"application-managepartners-display-component---NewPartner--companyCodeComboBox-inner\"]"}
COMMAND: POST /session/cb7b95b3902b1ae43c22bb263709af6b/element/f.3ED30099C5E6715D6E114BC18BB8030C.d.5F3476126E76C14FBB9366C70F21B290.e.1353/clear - {}
RESULT: {}
COMMAND: POST /session/cb7b95b3902b1ae43c22bb263709af6b/element/f.3ED30099C5E6715D6E114BC18BB8030C.d.5F3476126E76C14FBB9366C70F21B290.e.1353/value - {"text":"1000"}
COMMAND: GET /session/cb7b95b3902b1ae43c22bb263709af6b/screenshot - {}
RESULT: {"text":"1000"}
COMMAND: GET /session/cb7b95b3902b1ae43c22bb263709af6b/screenshot - {}
RESULT: {}
RESULT: {}
COMMAND: POST /session/cb7b95b3902b1ae43c22bb263709af6b/element - {"using":"xpath","value":"//li[.//span[text()= \"1000\"]]"}
RESULT: {"using":"xpath","value":"//li[.//span[text()= \"1000\"]]"}
COMMAND: POST /session/cb7b95b3902b1ae43c22bb263709af6b/element/f.3ED30099C5E6715D6E114BC18BB8030C.d.5F3476126E76C14FBB9366C70F21B290.e.1558/click - {}
RESULT: {}
COMMAND: GET /session/cb7b95b3902b1ae43c22bb263709af6b/screenshot - {}
RESULT: {}
COMMAND: POST /session/cb7b95b3902b1ae43c22bb263709af6b/execute/async - {"script":"<script> [1562 bytes]","args":[{"selector":{"id":"application-managepartners-display-component---NewPartner--btnAddTableRow-img"},"wdio_ui5_key":"applicationmanagepartners-display-component---NewPartner--btnAddTableRow-img"}]}
RESULT: {"script":"<script> [1562 bytes]","args":[{"selector":{"id":"application-managepartners-display-component---NewPartner--btnAddTableRow-img"},"wdio_ui5_key":"applicationmanagepartners-display-component---NewPartner--btnAddTableRow-img"}]}
RESULT: undefined
COMMAND: POST /session/cb7b95b3902b1ae43c22bb263709af6b/element - {"using":"xpath","value":"//*[@id=\"application-managepartners-display-component---NewPartner--btnAddTableRow-img\"]"}
RESULT: {"using":"xpath","value":"//*[@id=\"application-managepartners-display-component---NewPartner--btnAddTableRow-img\"]"}
COMMAND: POST /session/cb7b95b3902b1ae43c22bb263709af6b/element/f.3ED30099C5E6715D6E114BC18BB8030C.d.5F3476126E76C14FBB9366C70F21B290.e.1559/click - {}
RESULT: {}
COMMAND: GET /session/cb7b95b3902b1ae43c22bb263709af6b/screenshot - {}
RESULT: {}
COMMAND: POST /session/cb7b95b3902b1ae43c22bb263709af6b/element - {"using":"xpath","value":"//input[@id=\"application-managepartners-display-component---NewPartner--assignmentYard-application-managepartners-display-component---NewPartner--assignmentsTable-0-inner\"]"}
RESULT: {"using":"xpath","value":"//input[@id=\"application-managepartners-display-component---NewPartner--assignmentYard-application-managepartners-display-component---NewPartner--assignmentsTable-0-inner\"]"}
COMMAND: POST /session/cb7b95b3902b1ae43c22bb263709af6b/element/f.3ED30099C5E6715D6E114BC18BB8030C.d.5F3476126E76C14FBB9366C70F21B290.e.1562/clear - {}
RESULT: {}
COMMAND: POST /session/cb7b95b3902b1ae43c22bb263709af6b/element/f.3ED30099C5E6715D6E114BC18BB8030C.d.5F3476126E76C14FBB9366C70F21B290.e.1562/value - {"text":"352"}
COMMAND: GET /session/cb7b95b3902b1ae43c22bb263709af6b/screenshot - {}
RESULT: {"text":"352"}
COMMAND: GET /session/cb7b95b3902b1ae43c22bb263709af6b/screenshot - {}
RESULT: {}
RESULT: {}
COMMAND: POST /session/cb7b95b3902b1ae43c22bb263709af6b/element - {"using":"xpath","value":"//li[.//span[text()='352']]"}
RESULT: {"using":"xpath","value":"//li[.//span[text()='352']]"}
COMMAND: POST /session/cb7b95b3902b1ae43c22bb263709af6b/element/f.3ED30099C5E6715D6E114BC18BB8030C.d.5F3476126E76C14FBB9366C70F21B290.e.1571/click - {}
RESULT: {}
COMMAND: GET /session/cb7b95b3902b1ae43c22bb263709af6b/screenshot - {}
RESULT: {}
COMMAND: POST /session/cb7b95b3902b1ae43c22bb263709af6b/actions - {"actions":[{"id":"action3","type":"key","parameters":{},"actions":[{"type":"keyDown","value":""},{"type":"pause","duration":10},{"type":"keyUp","value":""}]}]}
RESULT: {"actions":[{"id":"action3","type":"key","parameters":{},"actions":[{"type":"keyDown","value":""},{"type":"pause","duration":10},{"type":"keyUp","value":""}]}]}
COMMAND: POST /session/cb7b95b3902b1ae43c22bb263709af6b/execute/async - {"script":"<script> [1562 bytes]","args":[{"selector":{"id":"application-managepartners-display-component---NewPartner--externalCustomerComboBox-application-managepartners-display-component---NewPartner--assignmentsTable-0-vhi"},"wdio_ui5_key":"applicationmanagepartners-display-component---NewPartner--externalCustomerComboBox-application-managepartners-display-component---NewPartner--assignmentsTable-0-vhi"}]}
COMMAND: GET /session/cb7b95b3902b1ae43c22bb263709af6b/screenshot - {}
RESULT: {"script":"<script> [1562 bytes]","args":[{"selector":{"id":"application-managepartners-display-component---NewPartner--externalCustomerComboBox-application-managepartners-display-component---NewPartner--assignmentsTable-0-vhi"},"wdio_ui5_key":"applicationmanagepartners-display-component---NewPartner--externalCustomerComboBox-application-managepartners-display-component---NewPartner--assignmentsTable-0-vhi"}]}
RESULT: undefined
COMMAND: POST /session/cb7b95b3902b1ae43c22bb263709af6b/element - {"using":"xpath","value":"//*[@id=\"application-managepartners-display-component---NewPartner--externalCustomerComboBox-application-managepartners-display-component---NewPartner--assignmentsTable-0-vhi\"]"}
RESULT: {}
RESULT: {"using":"xpath","value":"//*[@id=\"application-managepartners-display-component---NewPartner--externalCustomerComboBox-application-managepartners-display-component---NewPartner--assignmentsTable-0-vhi\"]"}
COMMAND: POST /session/cb7b95b3902b1ae43c22bb263709af6b/element/f.3ED30099C5E6715D6E114BC18BB8030C.d.5F3476126E76C14FBB9366C70F21B290.e.1575/click - {}
RESULT: {}
RESULT: undefined
COMMAND: POST /session/cb7b95b3902b1ae43c22bb263709af6b/execute/async - {"script":"<script> [776 bytes]","args":[{"enterText":"300003","selector":{"controlType":"sap.m.SearchField","properties":{"placeholder":"Search"},"searchOpenDialogs":true,"interaction":{"idSuffix":"I"}},"clearTextFirst":true,"interactionType":"ENTER_TEXT"}]}
COMMAND: GET /session/cb7b95b3902b1ae43c22bb263709af6b/screenshot - {}
RESULT: {"script":"<script> [776 bytes]","args":[{"enterText":"300003","selector":{"controlType":"sap.m.SearchField","properties":{"placeholder":"Search"},"searchOpenDialogs":true,"interaction":{"idSuffix":"I"}},"clearTextFirst":true,"interactionType":"ENTER_TEXT"}]}
COMMAND: POST /session/cb7b95b3902b1ae43c22bb263709af6b/actions - {"actions":[{"id":"action4","type":"key","parameters":{},"actions":[{"type":"keyDown","value":""},{"type":"pause","duration":10},{"type":"keyUp","value":""}]}]}
RESULT: {}
RESULT: {"actions":[{"id":"action4","type":"key","parameters":{},"actions":[{"type":"keyDown","value":""},{"type":"pause","duration":10},{"type":"keyUp","value":""}]}]}
COMMAND: GET /session/cb7b95b3902b1ae43c22bb263709af6b/screenshot - {}
RESULT: {}
COMMAND: POST /session/cb7b95b3902b1ae43c22bb263709af6b/element - {"using":"xpath","value":"//span[contains(text(), \"300003\")]"}
RESULT: {"using":"xpath","value":"//span[contains(text(), \"300003\")]"}
COMMAND: POST /session/cb7b95b3902b1ae43c22bb263709af6b/element/f.3ED30099C5E6715D6E114BC18BB8030C.d.5F3476126E76C14FBB9366C70F21B290.e.1592/click - {}
RESULT: {}
COMMAND: GET /session/cb7b95b3902b1ae43c22bb263709af6b/screenshot - {}
RESULT: {}
COMMAND: POST /session/cb7b95b3902b1ae43c22bb263709af6b/element - {"using":"xpath","value":"//bdi[contains(text(), \"OK\")]"}
RESULT: {"using":"xpath","value":"//bdi[contains(text(), \"OK\")]"}
COMMAND: POST /session/cb7b95b3902b1ae43c22bb263709af6b/element/f.3ED30099C5E6715D6E114BC18BB8030C.d.5F3476126E76C14FBB9366C70F21B290.e.1594/click - {}
RESULT: {}
COMMAND: GET /session/cb7b95b3902b1ae43c22bb263709af6b/screenshot - {}
RESULT: {}
COMMAND: POST /session/cb7b95b3902b1ae43c22bb263709af6b/execute/async - {"script":"<script> [1562 bytes]","args":[{"selector":{"id":"application-managepartners-display-component---NewPartner--intercompVendorComboBox-application-managepartners-display-component---NewPartner--assignmentsTable-0-vhi"},"wdio_ui5_key":"applicationmanagepartners-display-component---NewPartner--intercompVendorComboBox-application-managepartners-display-component---NewPartner--assignmentsTable-0-vhi"}]}
RESULT: {"script":"<script> [1562 bytes]","args":[{"selector":{"id":"application-managepartners-display-component---NewPartner--intercompVendorComboBox-application-managepartners-display-component---NewPartner--assignmentsTable-0-vhi"},"wdio_ui5_key":"applicationmanagepartners-display-component---NewPartner--intercompVendorComboBox-application-managepartners-display-component---NewPartner--assignmentsTable-0-vhi"}]}
RESULT: undefined
COMMAND: POST /session/cb7b95b3902b1ae43c22bb263709af6b/element - {"using":"xpath","value":"//*[@id=\"application-managepartners-display-component---NewPartner--intercompVendorComboBox-application-managepartners-display-component---NewPartner--assignmentsTable-0-vhi\"]"}
RESULT: {"using":"xpath","value":"//*[@id=\"application-managepartners-display-component---NewPartner--intercompVendorComboBox-application-managepartners-display-component---NewPartner--assignmentsTable-0-vhi\"]"}
COMMAND: POST /session/cb7b95b3902b1ae43c22bb263709af6b/element/f.3ED30099C5E6715D6E114BC18BB8030C.d.5F3476126E76C14FBB9366C70F21B290.e.1597/click - {}
RESULT: {}
RESULT: undefined
COMMAND: POST /session/cb7b95b3902b1ae43c22bb263709af6b/execute/async - {"script":"<script> [776 bytes]","args":[{"enterText":"100005","selector":{"controlType":"sap.m.SearchField","properties":{"placeholder":"Search"},"searchOpenDialogs":true,"interaction":{"idSuffix":"I"}},"clearTextFirst":true,"interactionType":"ENTER_TEXT"}]}
COMMAND: GET /session/cb7b95b3902b1ae43c22bb263709af6b/screenshot - {}
RESULT: {"script":"<script> [776 bytes]","args":[{"enterText":"100005","selector":{"controlType":"sap.m.SearchField","properties":{"placeholder":"Search"},"searchOpenDialogs":true,"interaction":{"idSuffix":"I"}},"clearTextFirst":true,"interactionType":"ENTER_TEXT"}]}
COMMAND: POST /session/cb7b95b3902b1ae43c22bb263709af6b/actions - {"actions":[{"id":"action5","type":"key","parameters":{},"actions":[{"type":"keyDown","value":""},{"type":"pause","duration":10},{"type":"keyUp","value":""}]}]}
RESULT: {}
RESULT: {"actions":[{"id":"action5","type":"key","parameters":{},"actions":[{"type":"keyDown","value":""},{"type":"pause","duration":10},{"type":"keyUp","value":""}]}]}
COMMAND: GET /session/cb7b95b3902b1ae43c22bb263709af6b/screenshot - {}
RESULT: {}
COMMAND: POST /session/cb7b95b3902b1ae43c22bb263709af6b/element - {"using":"xpath","value":"//span[contains(text(), \"Penguins - Field/12345 Berlin\")]"}
RESULT: {"using":"xpath","value":"//span[contains(text(), \"Penguins - Field/12345 Berlin\")]"}
COMMAND: POST /session/cb7b95b3902b1ae43c22bb263709af6b/element/f.3ED30099C5E6715D6E114BC18BB8030C.d.5F3476126E76C14FBB9366C70F21B290.e.1615/click - {}
RESULT: {}
COMMAND: GET /session/cb7b95b3902b1ae43c22bb263709af6b/screenshot - {}
RESULT: {}
COMMAND: POST /session/cb7b95b3902b1ae43c22bb263709af6b/element - {"using":"xpath","value":"//bdi[contains(text(), \"OK\")]"}
RESULT: {"using":"xpath","value":"//bdi[contains(text(), \"OK\")]"}
COMMAND: POST /session/cb7b95b3902b1ae43c22bb263709af6b/element/f.3ED30099C5E6715D6E114BC18BB8030C.d.5F3476126E76C14FBB9366C70F21B290.e.1616/click - {}
RESULT: {}
COMMAND: GET /session/cb7b95b3902b1ae43c22bb263709af6b/screenshot - {}
RESULT: {}
COMMAND: POST /session/cb7b95b3902b1ae43c22bb263709af6b/element - {"using":"xpath","value":"//button[@data-kt=\"saveButton\"]"}
RESULT: {"using":"xpath","value":"//button[@data-kt=\"saveButton\"]"}
COMMAND: POST /session/cb7b95b3902b1ae43c22bb263709af6b/element/f.3ED30099C5E6715D6E114BC18BB8030C.d.5F3476126E76C14FBB9366C70F21B290.e.1439/click - {}
RESULT: {}
COMMAND: GET /session/cb7b95b3902b1ae43c22bb263709af6b/screenshot - {}
RESULT: {}
COMMAND: POST /session/cb7b95b3902b1ae43c22bb263709af6b/element - {"using":"xpath","value":"//header[contains(@id, 'ObjectPageLayout-headerTitle')]/div[1]/div[2]/div[2]/span[1]"}
RESULT: {"using":"xpath","value":"//header[contains(@id, 'ObjectPageLayout-headerTitle')]/div[1]/div[2]/div[2]/span[1]"}
COMMAND: POST /session/cb7b95b3902b1ae43c22bb263709af6b/elements - {"using":"xpath","value":"//header[contains(@id, 'ObjectPageLayout-headerTitle')]/div[1]/div[2]/div[2]/span[1]"}
RESULT: {"using":"xpath","value":"//header[contains(@id, 'ObjectPageLayout-headerTitle')]/div[1]/div[2]/div[2]/span[1]"}
COMMAND: POST /session/cb7b95b3902b1ae43c22bb263709af6b/execute/sync - {"script":"<script> [56 bytes]","args":[{"element-6066-11e4-a52e-4f735466cecf":"f.3ED30099C5E6715D6E114BC18BB8030C.d.5F3476126E76C14FBB9366C70F21B290.e.1782","ELEMENT":"f.3ED30099C5E6715D6E114BC18BB8030C.d.5F3476126E76C14FBB9366C70F21B290.e.1782"}]}
RESULT: {"script":"<script> [56 bytes]","args":[{"element-6066-11e4-a52e-4f735466cecf":"f.3ED30099C5E6715D6E114BC18BB8030C.d.5F3476126E76C14FBB9366C70F21B290.e.1782","ELEMENT":"f.3ED30099C5E6715D6E114BC18BB8030C.d.5F3476126E76C14FBB9366C70F21B290.e.1782"}]}
COMMAND: POST /session/cb7b95b3902b1ae43c22bb263709af6b/element - {"using":"css selector","value":"#shell-header-logo"}
COMMAND: GET /session/cb7b95b3902b1ae43c22bb263709af6b/screenshot - {}
RESULT: {"using":"css selector","value":"#shell-header-logo"}
COMMAND: POST /session/cb7b95b3902b1ae43c22bb263709af6b/element/f.3ED30099C5E6715D6E114BC18BB8030C.d.5F3476126E76C14FBB9366C70F21B290.e.1002/click - {}
RESULT: {}
RESULT: {}
COMMAND: GET /session/cb7b95b3902b1ae43c22bb263709af6b/screenshot - {}
RESULT: {}
COMMAND: POST /session/cb7b95b3902b1ae43c22bb263709af6b/execute/sync - {"script":"<script> [299 bytes]","args":[["getModel","getResource"]]}
RESULT: {"script":"<script> [299 bytes]","args":[["getModel","getResource"]]}
]]></system-out>
    </testcase>
    <testcase classname="chrome.136_0_7103_93.windows.Tests_for_Mass_State_Change_on_Manage_States_&amp;_Performances_US104416_US" name="Prereq Should create a new site" time="154.038">
      <system-out><![CDATA[
COMMAND: GET /session/cb7b95b3902b1ae43c22bb263709af6b/screenshot - {}
COMMAND: POST /session/cb7b95b3902b1ae43c22bb263709af6b/execute/async - {"script":"<script> [1562 bytes]","args":[{"selector":{"controlType":"sap.m.GenericTile","properties":{"header":"Manage Sites"}},"wdio_ui5_key":"sapm.GenericTile{\"header\":\"Manage Sites\"}"}]}
RESULT: {}
RESULT: {"script":"<script> [1562 bytes]","args":[{"selector":{"controlType":"sap.m.GenericTile","properties":{"header":"Manage Sites"}},"wdio_ui5_key":"sapm.GenericTile{\"header\":\"Manage Sites\"}"}]}
RESULT: undefined
COMMAND: POST /session/cb7b95b3902b1ae43c22bb263709af6b/element - {"using":"xpath","value":"//*[@id=\"__tile40\"]"}
RESULT: {"using":"xpath","value":"//*[@id=\"__tile40\"]"}
COMMAND: POST /session/cb7b95b3902b1ae43c22bb263709af6b/element/f.3ED30099C5E6715D6E114BC18BB8030C.d.5F3476126E76C14FBB9366C70F21B290.e.159/click - {}
RESULT: {}
COMMAND: GET /session/cb7b95b3902b1ae43c22bb263709af6b/screenshot - {}
RESULT: {}
COMMAND: POST /session/cb7b95b3902b1ae43c22bb263709af6b/elements - {"using":"xpath","value":"//span[text()='Error']"}
RESULT: {"using":"xpath","value":"//span[text()='Error']"}
COMMAND: POST /session/cb7b95b3902b1ae43c22bb263709af6b/element - {"using":"xpath","value":"//button[@data-kt=\"addOverflowToolbarButton\"]"}
RESULT: {"using":"xpath","value":"//button[@data-kt=\"addOverflowToolbarButton\"]"}
COMMAND: POST /session/cb7b95b3902b1ae43c22bb263709af6b/elements - {"using":"xpath","value":"//button[@data-kt=\"addOverflowToolbarButton\"]"}
RESULT: {"using":"xpath","value":"//button[@data-kt=\"addOverflowToolbarButton\"]"}
COMMAND: POST /session/cb7b95b3902b1ae43c22bb263709af6b/execute/sync - {"script":"<script> [8489 bytes]","args":[{"element-6066-11e4-a52e-4f735466cecf":"f.3ED30099C5E6715D6E114BC18BB8030C.d.5F3476126E76C14FBB9366C70F21B290.e.1829","ELEMENT":"f.3ED30099C5E6715D6E114BC18BB8030C.d.5F3476126E76C14FBB9366C70F21B290.e.1829"}]}
RESULT: {"script":"<script> [8489 bytes]","args":[{"element-6066-11e4-a52e-4f735466cecf":"f.3ED30099C5E6715D6E114BC18BB8030C.d.5F3476126E76C14FBB9366C70F21B290.e.1829","ELEMENT":"f.3ED30099C5E6715D6E114BC18BB8030C.d.5F3476126E76C14FBB9366C70F21B290.e.1829"}]}
COMMAND: GET /session/cb7b95b3902b1ae43c22bb263709af6b/element/f.3ED30099C5E6715D6E114BC18BB8030C.d.5F3476126E76C14FBB9366C70F21B290.e.1829/enabled - {}
COMMAND: GET /session/cb7b95b3902b1ae43c22bb263709af6b/screenshot - {}
RESULT: {}
COMMAND: POST /session/cb7b95b3902b1ae43c22bb263709af6b/execute/sync - {"script":"<script> [8489 bytes]","args":[{"element-6066-11e4-a52e-4f735466cecf":"f.3ED30099C5E6715D6E114BC18BB8030C.d.5F3476126E76C14FBB9366C70F21B290.e.1829","ELEMENT":"f.3ED30099C5E6715D6E114BC18BB8030C.d.5F3476126E76C14FBB9366C70F21B290.e.1829"}]}
COMMAND: GET /session/cb7b95b3902b1ae43c22bb263709af6b/screenshot - {}
RESULT: {}
RESULT: {"script":"<script> [8489 bytes]","args":[{"element-6066-11e4-a52e-4f735466cecf":"f.3ED30099C5E6715D6E114BC18BB8030C.d.5F3476126E76C14FBB9366C70F21B290.e.1829","ELEMENT":"f.3ED30099C5E6715D6E114BC18BB8030C.d.5F3476126E76C14FBB9366C70F21B290.e.1829"}]}
COMMAND: POST /session/cb7b95b3902b1ae43c22bb263709af6b/execute/sync - {"script":"<script> [5351 bytes]","args":[{"element-6066-11e4-a52e-4f735466cecf":"f.3ED30099C5E6715D6E114BC18BB8030C.d.5F3476126E76C14FBB9366C70F21B290.e.1829","ELEMENT":"f.3ED30099C5E6715D6E114BC18BB8030C.d.5F3476126E76C14FBB9366C70F21B290.e.1829"}]}
COMMAND: GET /session/cb7b95b3902b1ae43c22bb263709af6b/screenshot - {}
RESULT: {}
RESULT: {"script":"<script> [5351 bytes]","args":[{"element-6066-11e4-a52e-4f735466cecf":"f.3ED30099C5E6715D6E114BC18BB8030C.d.5F3476126E76C14FBB9366C70F21B290.e.1829","ELEMENT":"f.3ED30099C5E6715D6E114BC18BB8030C.d.5F3476126E76C14FBB9366C70F21B290.e.1829"}]}
COMMAND: POST /session/cb7b95b3902b1ae43c22bb263709af6b/element/f.3ED30099C5E6715D6E114BC18BB8030C.d.5F3476126E76C14FBB9366C70F21B290.e.1829/click - {}
COMMAND: GET /session/cb7b95b3902b1ae43c22bb263709af6b/screenshot - {}
RESULT: {}
RESULT: {}
COMMAND: GET /session/cb7b95b3902b1ae43c22bb263709af6b/screenshot - {}
RESULT: {}
RESULT: {}
COMMAND: POST /session/cb7b95b3902b1ae43c22bb263709af6b/element - {"using":"xpath","value":"//input[@id=\"application-managesites-display-component---NewSite--siteId-inner\"]"}
RESULT: {"using":"xpath","value":"//input[@id=\"application-managesites-display-component---NewSite--siteId-inner\"]"}
COMMAND: POST /session/cb7b95b3902b1ae43c22bb263709af6b/element - {"using":"xpath","value":"//input[@id=\"application-managesites-display-component---NewSite--siteId-inner\"]"}
RESULT: {"using":"xpath","value":"//input[@id=\"application-managesites-display-component---NewSite--siteId-inner\"]"}
COMMAND: POST /session/cb7b95b3902b1ae43c22bb263709af6b/execute/async - {"script":"<script> [1562 bytes]","args":[{"selector":{"id":"application-managesites-display-component---NewSite--addressDetailDetailsName1","interaction":{"idSuffix":"inner"}},"wdio_ui5_key":"applicationmanagesites-display-component---NewSite--addressDetailDetailsName1"}]}
RESULT: {"script":"<script> [1562 bytes]","args":[{"selector":{"id":"application-managesites-display-component---NewSite--addressDetailDetailsName1","interaction":{"idSuffix":"inner"}},"wdio_ui5_key":"applicationmanagesites-display-component---NewSite--addressDetailDetailsName1"}]}
RESULT: undefined
COMMAND: POST /session/cb7b95b3902b1ae43c22bb263709af6b/execute/async - {"script":"<script> [776 bytes]","args":[{"enterText":"Intracompany Site wdIO","selector":{"id":"application-managesites-display-component---NewSite--addressDetailDetailsName1","interaction":{"idSuffix":"inner"}},"clearTextFirst":true,"interactionType":"ENTER_TEXT"}]}
RESULT: {"script":"<script> [776 bytes]","args":[{"enterText":"Intracompany Site wdIO","selector":{"id":"application-managesites-display-component---NewSite--addressDetailDetailsName1","interaction":{"idSuffix":"inner"}},"clearTextFirst":true,"interactionType":"ENTER_TEXT"}]}
COMMAND: POST /session/cb7b95b3902b1ae43c22bb263709af6b/execute/async - {"script":"<script> [1562 bytes]","args":[{"selector":{"id":"application-managesites-display-component---NewSite--addressDetailDetailsLanguage-arrow"},"wdio_ui5_key":"applicationmanagesites-display-component---NewSite--addressDetailDetailsLanguage-arrow"}]}
RESULT: {"script":"<script> [1562 bytes]","args":[{"selector":{"id":"application-managesites-display-component---NewSite--addressDetailDetailsLanguage-arrow"},"wdio_ui5_key":"applicationmanagesites-display-component---NewSite--addressDetailDetailsLanguage-arrow"}]}
RESULT: undefined
COMMAND: POST /session/cb7b95b3902b1ae43c22bb263709af6b/element - {"using":"xpath","value":"//*[@id=\"application-managesites-display-component---NewSite--addressDetailDetailsLanguage-arrow\"]"}
RESULT: {"using":"xpath","value":"//*[@id=\"application-managesites-display-component---NewSite--addressDetailDetailsLanguage-arrow\"]"}
COMMAND: POST /session/cb7b95b3902b1ae43c22bb263709af6b/element/f.3ED30099C5E6715D6E114BC18BB8030C.d.5F3476126E76C14FBB9366C70F21B290.e.2467/click - {}
RESULT: {}
COMMAND: POST /session/cb7b95b3902b1ae43c22bb263709af6b/element - {"using":"xpath","value":"//span[contains(text(), \"English\")]"}
COMMAND: GET /session/cb7b95b3902b1ae43c22bb263709af6b/screenshot - {}
RESULT: {"using":"xpath","value":"//span[contains(text(), \"English\")]"}
COMMAND: POST /session/cb7b95b3902b1ae43c22bb263709af6b/element/f.3ED30099C5E6715D6E114BC18BB8030C.d.5F3476126E76C14FBB9366C70F21B290.e.2468/click - {}
RESULT: {}
RESULT: {}
COMMAND: POST /session/cb7b95b3902b1ae43c22bb263709af6b/execute/async - {"script":"<script> [1562 bytes]","args":[{"selector":{"id":"application-managesites-display-component---NewSite--addressDetailDetailsCity1","interaction":{"idSuffix":"inner"}},"wdio_ui5_key":"applicationmanagesites-display-component---NewSite--addressDetailDetailsCity1"}]}
COMMAND: GET /session/cb7b95b3902b1ae43c22bb263709af6b/screenshot - {}
RESULT: {"script":"<script> [1562 bytes]","args":[{"selector":{"id":"application-managesites-display-component---NewSite--addressDetailDetailsCity1","interaction":{"idSuffix":"inner"}},"wdio_ui5_key":"applicationmanagesites-display-component---NewSite--addressDetailDetailsCity1"}]}
RESULT: undefined
COMMAND: POST /session/cb7b95b3902b1ae43c22bb263709af6b/execute/async - {"script":"<script> [776 bytes]","args":[{"enterText":"Rosario","selector":{"id":"application-managesites-display-component---NewSite--addressDetailDetailsCity1","interaction":{"idSuffix":"inner"}},"clearTextFirst":true,"interactionType":"ENTER_TEXT"}]}
RESULT: {}
RESULT: {"script":"<script> [776 bytes]","args":[{"enterText":"Rosario","selector":{"id":"application-managesites-display-component---NewSite--addressDetailDetailsCity1","interaction":{"idSuffix":"inner"}},"clearTextFirst":true,"interactionType":"ENTER_TEXT"}]}
COMMAND: POST /session/cb7b95b3902b1ae43c22bb263709af6b/execute/async - {"script":"<script> [1562 bytes]","args":[{"selector":{"id":"application-managesites-display-component---NewSite--addressDetailDetailsCountry-arrow"},"wdio_ui5_key":"applicationmanagesites-display-component---NewSite--addressDetailDetailsCountry-arrow"}]}
RESULT: {"script":"<script> [1562 bytes]","args":[{"selector":{"id":"application-managesites-display-component---NewSite--addressDetailDetailsCountry-arrow"},"wdio_ui5_key":"applicationmanagesites-display-component---NewSite--addressDetailDetailsCountry-arrow"}]}
RESULT: undefined
COMMAND: POST /session/cb7b95b3902b1ae43c22bb263709af6b/element - {"using":"xpath","value":"//*[@id=\"application-managesites-display-component---NewSite--addressDetailDetailsCountry-arrow\"]"}
RESULT: {"using":"xpath","value":"//*[@id=\"application-managesites-display-component---NewSite--addressDetailDetailsCountry-arrow\"]"}
COMMAND: POST /session/cb7b95b3902b1ae43c22bb263709af6b/element/f.3ED30099C5E6715D6E114BC18BB8030C.d.5F3476126E76C14FBB9366C70F21B290.e.2470/click - {}
RESULT: {}
COMMAND: POST /session/cb7b95b3902b1ae43c22bb263709af6b/element - {"using":"xpath","value":"//span[contains(text(), \"Argentina\")]"}
COMMAND: GET /session/cb7b95b3902b1ae43c22bb263709af6b/screenshot - {}
RESULT: {"using":"xpath","value":"//span[contains(text(), \"Argentina\")]"}
COMMAND: POST /session/cb7b95b3902b1ae43c22bb263709af6b/element/f.3ED30099C5E6715D6E114BC18BB8030C.d.5F3476126E76C14FBB9366C70F21B290.e.2472/click - {}
RESULT: {}
RESULT: {}
COMMAND: GET /session/cb7b95b3902b1ae43c22bb263709af6b/screenshot - {}
RESULT: {}
COMMAND: POST /session/cb7b95b3902b1ae43c22bb263709af6b/execute/async - {"script":"<script> [1562 bytes]","args":[{"selector":{"id":"application-managesites-display-component---NewSite--addressEditDetailsCostObjectCstType-arrow"},"wdio_ui5_key":"applicationmanagesites-display-component---NewSite--addressEditDetailsCostObjectCstType-arrow"}]}
RESULT: {"script":"<script> [1562 bytes]","args":[{"selector":{"id":"application-managesites-display-component---NewSite--addressEditDetailsCostObjectCstType-arrow"},"wdio_ui5_key":"applicationmanagesites-display-component---NewSite--addressEditDetailsCostObjectCstType-arrow"}]}
RESULT: undefined
COMMAND: POST /session/cb7b95b3902b1ae43c22bb263709af6b/element - {"using":"xpath","value":"//*[@id=\"application-managesites-display-component---NewSite--addressEditDetailsCostObjectCstType-arrow\"]"}
RESULT: {"using":"xpath","value":"//*[@id=\"application-managesites-display-component---NewSite--addressEditDetailsCostObjectCstType-arrow\"]"}
COMMAND: POST /session/cb7b95b3902b1ae43c22bb263709af6b/element/f.3ED30099C5E6715D6E114BC18BB8030C.d.5F3476126E76C14FBB9366C70F21B290.e.2473/click - {}
RESULT: {}
COMMAND: POST /session/cb7b95b3902b1ae43c22bb263709af6b/element - {"using":"xpath","value":"//span[contains(text(), \"Cost Center\")]"}
COMMAND: GET /session/cb7b95b3902b1ae43c22bb263709af6b/screenshot - {}
RESULT: {"using":"xpath","value":"//span[contains(text(), \"Cost Center\")]"}
COMMAND: POST /session/cb7b95b3902b1ae43c22bb263709af6b/element/f.3ED30099C5E6715D6E114BC18BB8030C.d.5F3476126E76C14FBB9366C70F21B290.e.2474/click - {}
RESULT: {}
RESULT: {}
COMMAND: GET /session/cb7b95b3902b1ae43c22bb263709af6b/screenshot - {}
RESULT: {}
COMMAND: POST /session/cb7b95b3902b1ae43c22bb263709af6b/element - {"using":"xpath","value":"//span[@id=\"application-managesites-display-component---NewSite--addressNewCostObjectCstID-vhi\"]"}
RESULT: {"using":"xpath","value":"//span[@id=\"application-managesites-display-component---NewSite--addressNewCostObjectCstID-vhi\"]"}
COMMAND: POST /session/cb7b95b3902b1ae43c22bb263709af6b/execute/sync - {"script":"<script> [8489 bytes]","args":[{"element-6066-11e4-a52e-4f735466cecf":"f.3ED30099C5E6715D6E114BC18BB8030C.d.5F3476126E76C14FBB9366C70F21B290.e.2479","ELEMENT":"f.3ED30099C5E6715D6E114BC18BB8030C.d.5F3476126E76C14FBB9366C70F21B290.e.2479"}]}
RESULT: {"script":"<script> [8489 bytes]","args":[{"element-6066-11e4-a52e-4f735466cecf":"f.3ED30099C5E6715D6E114BC18BB8030C.d.5F3476126E76C14FBB9366C70F21B290.e.2479","ELEMENT":"f.3ED30099C5E6715D6E114BC18BB8030C.d.5F3476126E76C14FBB9366C70F21B290.e.2479"}]}
COMMAND: POST /session/cb7b95b3902b1ae43c22bb263709af6b/execute/async - {"script":"<script> [1562 bytes]","args":[{"selector":{"id":"application-managesites-display-component---NewSite--addressNewCostObjectCstID-vhi"},"wdio_ui5_key":"applicationmanagesites-display-component---NewSite--addressNewCostObjectCstID-vhi"}]}
COMMAND: GET /session/cb7b95b3902b1ae43c22bb263709af6b/screenshot - {}
RESULT: {"script":"<script> [1562 bytes]","args":[{"selector":{"id":"application-managesites-display-component---NewSite--addressNewCostObjectCstID-vhi"},"wdio_ui5_key":"applicationmanagesites-display-component---NewSite--addressNewCostObjectCstID-vhi"}]}
RESULT: undefined
COMMAND: POST /session/cb7b95b3902b1ae43c22bb263709af6b/element - {"using":"xpath","value":"//*[@id=\"application-managesites-display-component---NewSite--addressNewCostObjectCstID-vhi\"]"}
RESULT: {}
RESULT: {"using":"xpath","value":"//*[@id=\"application-managesites-display-component---NewSite--addressNewCostObjectCstID-vhi\"]"}
COMMAND: POST /session/cb7b95b3902b1ae43c22bb263709af6b/element/f.3ED30099C5E6715D6E114BC18BB8030C.d.5F3476126E76C14FBB9366C70F21B290.e.2479/click - {}
RESULT: {}
COMMAND: GET /session/cb7b95b3902b1ae43c22bb263709af6b/screenshot - {}
RESULT: {}
RESULT: undefined
COMMAND: POST /session/cb7b95b3902b1ae43c22bb263709af6b/execute/async - {"script":"<script> [776 bytes]","args":[{"enterText":"10001013","selector":{"controlType":"sap.m.SearchField","properties":{"placeholder":"Search"},"searchOpenDialogs":true,"interaction":{"idSuffix":"I"}},"clearTextFirst":true,"interactionType":"ENTER_TEXT"}]}
RESULT: {"script":"<script> [776 bytes]","args":[{"enterText":"10001013","selector":{"controlType":"sap.m.SearchField","properties":{"placeholder":"Search"},"searchOpenDialogs":true,"interaction":{"idSuffix":"I"}},"clearTextFirst":true,"interactionType":"ENTER_TEXT"}]}
COMMAND: POST /session/cb7b95b3902b1ae43c22bb263709af6b/actions - {"actions":[{"id":"action6","type":"key","parameters":{},"actions":[{"type":"keyDown","value":""},{"type":"pause","duration":10},{"type":"keyUp","value":""}]}]}
RESULT: {"actions":[{"id":"action6","type":"key","parameters":{},"actions":[{"type":"keyDown","value":""},{"type":"pause","duration":10},{"type":"keyUp","value":""}]}]}
COMMAND: GET /session/cb7b95b3902b1ae43c22bb263709af6b/screenshot - {}
RESULT: {}
COMMAND: POST /session/cb7b95b3902b1ae43c22bb263709af6b/element - {"using":"xpath","value":"//span[contains(text(), \"General Management\")]"}
RESULT: {"using":"xpath","value":"//span[contains(text(), \"General Management\")]"}
COMMAND: POST /session/cb7b95b3902b1ae43c22bb263709af6b/element/f.3ED30099C5E6715D6E114BC18BB8030C.d.5F3476126E76C14FBB9366C70F21B290.e.2517/click - {}
RESULT: {}
COMMAND: GET /session/cb7b95b3902b1ae43c22bb263709af6b/screenshot - {}
RESULT: {}
COMMAND: POST /session/cb7b95b3902b1ae43c22bb263709af6b/element - {"using":"xpath","value":"//bdi[contains(text(), \"OK\")]"}
RESULT: {"using":"xpath","value":"//bdi[contains(text(), \"OK\")]"}
COMMAND: POST /session/cb7b95b3902b1ae43c22bb263709af6b/element/f.3ED30099C5E6715D6E114BC18BB8030C.d.5F3476126E76C14FBB9366C70F21B290.e.2518/click - {}
RESULT: {}
COMMAND: GET /session/cb7b95b3902b1ae43c22bb263709af6b/screenshot - {}
RESULT: {}
COMMAND: POST /session/cb7b95b3902b1ae43c22bb263709af6b/element - {"using":"xpath","value":"//input[@id=\"application-managesites-display-component---NewSite--addressDetailDetailsCalendar-inner\"]"}
RESULT: {"using":"xpath","value":"//input[@id=\"application-managesites-display-component---NewSite--addressDetailDetailsCalendar-inner\"]"}
COMMAND: POST /session/cb7b95b3902b1ae43c22bb263709af6b/element/f.3ED30099C5E6715D6E114BC18BB8030C.d.5F3476126E76C14FBB9366C70F21B290.e.2263/clear - {}
RESULT: {}
COMMAND: POST /session/cb7b95b3902b1ae43c22bb263709af6b/element/f.3ED30099C5E6715D6E114BC18BB8030C.d.5F3476126E76C14FBB9366C70F21B290.e.2263/value - {"text":"Unit"}
COMMAND: GET /session/cb7b95b3902b1ae43c22bb263709af6b/screenshot - {}
RESULT: {"text":"Unit"}
COMMAND: GET /session/cb7b95b3902b1ae43c22bb263709af6b/screenshot - {}
RESULT: {}
RESULT: {}
COMMAND: POST /session/cb7b95b3902b1ae43c22bb263709af6b/actions - {"actions":[{"id":"action7","type":"key","parameters":{},"actions":[{"type":"keyDown","value":""},{"type":"pause","duration":10},{"type":"keyUp","value":""}]}]}
RESULT: {"actions":[{"id":"action7","type":"key","parameters":{},"actions":[{"type":"keyDown","value":""},{"type":"pause","duration":10},{"type":"keyUp","value":""}]}]}
COMMAND: POST /session/cb7b95b3902b1ae43c22bb263709af6b/element - {"using":"xpath","value":"//input[@id=\"application-managesites-display-component---NewSite--addressDetailDetailsYard-inner\"]"}
COMMAND: GET /session/cb7b95b3902b1ae43c22bb263709af6b/screenshot - {}
RESULT: {"using":"xpath","value":"//input[@id=\"application-managesites-display-component---NewSite--addressDetailDetailsYard-inner\"]"}
COMMAND: POST /session/cb7b95b3902b1ae43c22bb263709af6b/element/f.3ED30099C5E6715D6E114BC18BB8030C.d.5F3476126E76C14FBB9366C70F21B290.e.2264/clear - {}
RESULT: {}
RESULT: {}
COMMAND: POST /session/cb7b95b3902b1ae43c22bb263709af6b/element/f.3ED30099C5E6715D6E114BC18BB8030C.d.5F3476126E76C14FBB9366C70F21B290.e.2264/value - {"text":"352"}
COMMAND: GET /session/cb7b95b3902b1ae43c22bb263709af6b/screenshot - {}
RESULT: {"text":"352"}
COMMAND: GET /session/cb7b95b3902b1ae43c22bb263709af6b/screenshot - {}
RESULT: {}
RESULT: {}
COMMAND: POST /session/cb7b95b3902b1ae43c22bb263709af6b/element - {"using":"xpath","value":"//li[.//span[text()='352']]"}
RESULT: {"using":"xpath","value":"//li[.//span[text()='352']]"}
COMMAND: POST /session/cb7b95b3902b1ae43c22bb263709af6b/element/f.3ED30099C5E6715D6E114BC18BB8030C.d.5F3476126E76C14FBB9366C70F21B290.e.2526/click - {}
RESULT: {}
COMMAND: GET /session/cb7b95b3902b1ae43c22bb263709af6b/screenshot - {}
RESULT: {}
COMMAND: POST /session/cb7b95b3902b1ae43c22bb263709af6b/element - {"using":"xpath","value":"//input[@id=\"application-managesites-display-component---NewSite--addressDetailDetailsPartner-inner\"]"}
RESULT: {"using":"xpath","value":"//input[@id=\"application-managesites-display-component---NewSite--addressDetailDetailsPartner-inner\"]"}
COMMAND: POST /session/cb7b95b3902b1ae43c22bb263709af6b/element - {"using":"xpath","value":"//input[@id=\"application-managesites-display-component---NewSite--addressDetailDetailsPartner-inner\"]"}
RESULT: {"using":"xpath","value":"//input[@id=\"application-managesites-display-component---NewSite--addressDetailDetailsPartner-inner\"]"}
COMMAND: POST /session/cb7b95b3902b1ae43c22bb263709af6b/element - {"using":"xpath","value":"//button[@data-kt=\"saveButton\"]"}
RESULT: {"using":"xpath","value":"//button[@data-kt=\"saveButton\"]"}
COMMAND: POST /session/cb7b95b3902b1ae43c22bb263709af6b/element/f.3ED30099C5E6715D6E114BC18BB8030C.d.5F3476126E76C14FBB9366C70F21B290.e.2452/click - {}
RESULT: {}
COMMAND: GET /session/cb7b95b3902b1ae43c22bb263709af6b/screenshot - {}
COMMAND: POST /session/cb7b95b3902b1ae43c22bb263709af6b/element - {"using":"xpath","value":"//header[contains(@id, 'ObjectPageLayout-headerTitle')]/div[1]/div[2]/div[2]/span[1]"}
RESULT: {}
RESULT: {"using":"xpath","value":"//header[contains(@id, 'ObjectPageLayout-headerTitle')]/div[1]/div[2]/div[2]/span[1]"}
COMMAND: POST /session/cb7b95b3902b1ae43c22bb263709af6b/elements - {"using":"xpath","value":"//header[contains(@id, 'ObjectPageLayout-headerTitle')]/div[1]/div[2]/div[2]/span[1]"}
RESULT: {"using":"xpath","value":"//header[contains(@id, 'ObjectPageLayout-headerTitle')]/div[1]/div[2]/div[2]/span[1]"}
COMMAND: POST /session/cb7b95b3902b1ae43c22bb263709af6b/execute/sync - {"script":"<script> [56 bytes]","args":[{"element-6066-11e4-a52e-4f735466cecf":"f.3ED30099C5E6715D6E114BC18BB8030C.d.5F3476126E76C14FBB9366C70F21B290.e.2731","ELEMENT":"f.3ED30099C5E6715D6E114BC18BB8030C.d.5F3476126E76C14FBB9366C70F21B290.e.2731"}]}
RESULT: {"script":"<script> [56 bytes]","args":[{"element-6066-11e4-a52e-4f735466cecf":"f.3ED30099C5E6715D6E114BC18BB8030C.d.5F3476126E76C14FBB9366C70F21B290.e.2731","ELEMENT":"f.3ED30099C5E6715D6E114BC18BB8030C.d.5F3476126E76C14FBB9366C70F21B290.e.2731"}]}
COMMAND: POST /session/cb7b95b3902b1ae43c22bb263709af6b/element - {"using":"css selector","value":"#shell-header-logo"}
COMMAND: GET /session/cb7b95b3902b1ae43c22bb263709af6b/screenshot - {}
RESULT: {"using":"css selector","value":"#shell-header-logo"}
COMMAND: POST /session/cb7b95b3902b1ae43c22bb263709af6b/element/f.3ED30099C5E6715D6E114BC18BB8030C.d.5F3476126E76C14FBB9366C70F21B290.e.1787/click - {}
RESULT: {}
RESULT: {}
COMMAND: GET /session/cb7b95b3902b1ae43c22bb263709af6b/screenshot - {}
RESULT: {}
COMMAND: POST /session/cb7b95b3902b1ae43c22bb263709af6b/execute/sync - {"script":"<script> [299 bytes]","args":[["getModel","getResource"]]}
RESULT: {"script":"<script> [299 bytes]","args":[["getModel","getResource"]]}
COMMAND: POST /session/cb7b95b3902b1ae43c22bb263709af6b/actions - {"actions":[{"id":"action8","type":"key","parameters":{},"actions":[{"type":"keyDown","value":""},{"type":"pause","duration":10},{"type":"keyUp","value":""}]}]}
COMMAND: GET /session/cb7b95b3902b1ae43c22bb263709af6b/screenshot - {}
RESULT: {"actions":[{"id":"action8","type":"key","parameters":{},"actions":[{"type":"keyDown","value":""},{"type":"pause","duration":10},{"type":"keyUp","value":""}]}]}
COMMAND: GET /session/cb7b95b3902b1ae43c22bb263709af6b/screenshot - {}
RESULT: {}
RESULT: {}
COMMAND: POST /session/cb7b95b3902b1ae43c22bb263709af6b/refresh - {}
RESULT: {}
COMMAND: GET /session/cb7b95b3902b1ae43c22bb263709af6b/screenshot - {}
RESULT: {}
COMMAND: POST /session/cb7b95b3902b1ae43c22bb263709af6b/refresh - {}
RESULT: {}
COMMAND: GET /session/cb7b95b3902b1ae43c22bb263709af6b/screenshot - {}
RESULT: {}
COMMAND: POST /session/cb7b95b3902b1ae43c22bb263709af6b/window/fullscreen - {}
RESULT: {}
COMMAND: POST /session/cb7b95b3902b1ae43c22bb263709af6b/execute/async - {"script":"<script> [189 bytes]","args":[]}
RESULT: {"script":"<script> [189 bytes]","args":[]}
COMMAND: POST /session/cb7b95b3902b1ae43c22bb263709af6b/execute/async - {"script":"<script> [123 bytes]","args":[]}
RESULT: {"script":"<script> [123 bytes]","args":[]}
COMMAND: POST /session/cb7b95b3902b1ae43c22bb263709af6b/timeouts - {"script":"<number>"}
RESULT: {"script":"<number>"}
COMMAND: GET /session/cb7b95b3902b1ae43c22bb263709af6b/timeouts - {}
RESULT: {}
RESULT: undefined
COMMAND: POST /session/cb7b95b3902b1ae43c22bb263709af6b/execute/async - {"script":"<script> [2676 bytes]","args":[]}
RESULT: {"script":"<script> [2676 bytes]","args":[]}
COMMAND: POST /session/cb7b95b3902b1ae43c22bb263709af6b/execute/async - {"script":"<script> [2342 bytes]","args":[{"protocol":"http","hostname":"0.0.0.0","path":"/","capabilities":{"browserName":"chrome","goog:chromeOptions":{"binary":"C:\\Program Files\\Google\\Chrome\\Application\\chrome.exe","args":["--start-maximized"]}},"logLevel":"warn","connectionRetryTimeout":120000,"connectionRetryCount":3,"logLevels":{},"enableDirectConnect":true,"strictSSL":true,"_":"65 more keys: [\"cacheDir\",\"port\",\"requestedCapabilities\",\"automationProtocol\",\"baseUrl\",\"waitforInterval\",\"waitforTimeout\",\"onReload\",\"beforeCommand\",\"afterCommand\",\"rootDir\",\"specs\",\"suites\",\"exclude\",\"groupLogsByTestSpec\",\"excludeDriverLogs\",\"bail\",\"framework\",\"reporters\",\"services\",\"maxInstances\",\"maxInstancesPerCapability\",\"injectGlobals\",\"filesToWatch\",\"execArgv\",\"runnerEnv\",\"runner\",\"shard\",\"specFileRetries\",\"specFileRetriesDelay\",\"specFileRetriesDeferred\",\"reporterSyncInterval\",\"reporterSyncTimeout\",\"cucumberFeaturesWithLineNumbers\",\"autoCompileOpts\",\"mochaOpts\",\"jasmineOpts\",\"cucumberOpts\",\"onPrepare\",\"onWorkerStart\",\"onWorkerEnd\",\"before\",\"beforeSession\",\"beforeSuite\",\"beforeHook\",\"beforeTest\",\"afterTest\",\"afterHook\",\"afterSuite\",\"afterSession\",\"after\",\"onComplete\",\"beforeAssertion\",\"afterAssertion\",\"beforeFeature\",\"beforeScenario\",\"beforeStep\",\"afterStep\",\"afterScenario\",\"afterFeature\",\"_\",\"suite\",\"$0\",\"ignoredWorkerServices\",\"wdi5\"]"}]}
RESULT: {"script":"<script> [2342 bytes]","args":[{"protocol":"http","hostname":"0.0.0.0","path":"/","capabilities":{"browserName":"chrome","goog:chromeOptions":{"binary":"C:\\Program Files\\Google\\Chrome\\Application\\chrome.exe","args":["--start-maximized"]}},"logLevel":"warn","connectionRetryTimeout":120000,"connectionRetryCount":3,"logLevels":{},"enableDirectConnect":true,"strictSSL":true,"_":"65 more keys: [\"cacheDir\",\"port\",\"requestedCapabilities\",\"automationProtocol\",\"baseUrl\",\"waitforInterval\",\"waitforTimeout\",\"onReload\",\"beforeCommand\",\"afterCommand\",\"rootDir\",\"specs\",\"suites\",\"exclude\",\"groupLogsByTestSpec\",\"excludeDriverLogs\",\"bail\",\"framework\",\"reporters\",\"services\",\"maxInstances\",\"maxInstancesPerCapability\",\"injectGlobals\",\"filesToWatch\",\"execArgv\",\"runnerEnv\",\"runner\",\"shard\",\"specFileRetries\",\"specFileRetriesDelay\",\"specFileRetriesDeferred\",\"reporterSyncInterval\",\"reporterSyncTimeout\",\"cucumberFeaturesWithLineNumbers\",\"autoCompileOpts\",\"mochaOpts\",\"jasmineOpts\",\"cucumberOpts\",\"onPrepare\",\"onWorkerStart\",\"onWorkerEnd\",\"before\",\"beforeSession\",\"beforeSuite\",\"beforeHook\",\"beforeTest\",\"afterTest\",\"afterHook\",\"afterSuite\",\"afterSession\",\"after\",\"onComplete\",\"beforeAssertion\",\"afterAssertion\",\"beforeFeature\",\"beforeScenario\",\"beforeStep\",\"afterStep\",\"afterScenario\",\"afterFeature\",\"_\",\"suite\",\"$0\",\"ignoredWorkerServices\",\"wdi5\"]"}]}
COMMAND: POST /session/cb7b95b3902b1ae43c22bb263709af6b/execute/async - {"script":"<script> [21126 bytes]","args":[35000]}
RESULT: {"script":"<script> [21126 bytes]","args":[35000]}
COMMAND: POST /session/cb7b95b3902b1ae43c22bb263709af6b/window/fullscreen - {}
RESULT: {}
]]></system-out>
    </testcase>
    <testcase classname="chrome.136_0_7103_93.windows.Tests_for_Mass_State_Change_on_Manage_States_&amp;_Performances_US104416_US" name="Prereq Should create a new equipment multipart" time="134.502">
      <system-out><![CDATA[
COMMAND: POST /session/cb7b95b3902b1ae43c22bb263709af6b/execute/async - {"script":"<script> [1562 bytes]","args":[{"selector":{"controlType":"sap.m.GenericTile","properties":{"header":"Manage Resources"}},"wdio_ui5_key":"sapm.GenericTile{\"header\":\"Manage Resources\"}"}]}
RESULT: {"script":"<script> [1562 bytes]","args":[{"selector":{"controlType":"sap.m.GenericTile","properties":{"header":"Manage Resources"}},"wdio_ui5_key":"sapm.GenericTile{\"header\":\"Manage Resources\"}"}]}
RESULT: undefined
COMMAND: POST /session/cb7b95b3902b1ae43c22bb263709af6b/element - {"using":"xpath","value":"//*[@id=\"__tile31\"]"}
RESULT: {"using":"xpath","value":"//*[@id=\"__tile31\"]"}
COMMAND: POST /session/cb7b95b3902b1ae43c22bb263709af6b/element/f.3ED30099C5E6715D6E114BC18BB8030C.d.AD9D6BD3C244EC24613708DDC70935E3.e.2811/click - {}
RESULT: {}
COMMAND: GET /session/cb7b95b3902b1ae43c22bb263709af6b/screenshot - {}
RESULT: {}
COMMAND: POST /session/cb7b95b3902b1ae43c22bb263709af6b/elements - {"using":"xpath","value":"//span[text()='Error']"}
RESULT: {"using":"xpath","value":"//span[text()='Error']"}
COMMAND: POST /session/cb7b95b3902b1ae43c22bb263709af6b/element - {"using":"xpath","value":"//button[@data-kt=\"addNewRUOverflowToolbarButton\"]"}
RESULT: {"using":"xpath","value":"//button[@data-kt=\"addNewRUOverflowToolbarButton\"]"}
COMMAND: POST /session/cb7b95b3902b1ae43c22bb263709af6b/elements - {"using":"xpath","value":"//button[@data-kt=\"addNewRUOverflowToolbarButton\"]"}
RESULT: {"using":"xpath","value":"//button[@data-kt=\"addNewRUOverflowToolbarButton\"]"}
COMMAND: POST /session/cb7b95b3902b1ae43c22bb263709af6b/elements - {"using":"xpath","value":"//button[@data-kt=\"addNewRUOverflowToolbarButton\"]"}
RESULT: {"using":"xpath","value":"//button[@data-kt=\"addNewRUOverflowToolbarButton\"]"}
COMMAND: POST /session/cb7b95b3902b1ae43c22bb263709af6b/elements - {"using":"xpath","value":"//button[@data-kt=\"addNewRUOverflowToolbarButton\"]"}
RESULT: {"using":"xpath","value":"//button[@data-kt=\"addNewRUOverflowToolbarButton\"]"}
COMMAND: POST /session/cb7b95b3902b1ae43c22bb263709af6b/elements - {"using":"xpath","value":"//button[@data-kt=\"addNewRUOverflowToolbarButton\"]"}
RESULT: {"using":"xpath","value":"//button[@data-kt=\"addNewRUOverflowToolbarButton\"]"}
COMMAND: POST /session/cb7b95b3902b1ae43c22bb263709af6b/elements - {"using":"xpath","value":"//button[@data-kt=\"addNewRUOverflowToolbarButton\"]"}
RESULT: {"using":"xpath","value":"//button[@data-kt=\"addNewRUOverflowToolbarButton\"]"}
COMMAND: POST /session/cb7b95b3902b1ae43c22bb263709af6b/elements - {"using":"xpath","value":"//button[@data-kt=\"addNewRUOverflowToolbarButton\"]"}
RESULT: {"using":"xpath","value":"//button[@data-kt=\"addNewRUOverflowToolbarButton\"]"}
COMMAND: POST /session/cb7b95b3902b1ae43c22bb263709af6b/elements - {"using":"xpath","value":"//button[@data-kt=\"addNewRUOverflowToolbarButton\"]"}
RESULT: {"using":"xpath","value":"//button[@data-kt=\"addNewRUOverflowToolbarButton\"]"}
COMMAND: POST /session/cb7b95b3902b1ae43c22bb263709af6b/element - {"using":"xpath","value":"//button[@data-kt=\"addNewRUOverflowToolbarButton\"]"}
RESULT: {"using":"xpath","value":"//button[@data-kt=\"addNewRUOverflowToolbarButton\"]"}
COMMAND: POST /session/cb7b95b3902b1ae43c22bb263709af6b/execute/sync - {"script":"<script> [8489 bytes]","args":[{"element-6066-11e4-a52e-4f735466cecf":"f.3ED30099C5E6715D6E114BC18BB8030C.d.AD9D6BD3C244EC24613708DDC70935E3.e.2921","ELEMENT":"f.3ED30099C5E6715D6E114BC18BB8030C.d.AD9D6BD3C244EC24613708DDC70935E3.e.2921"}]}
RESULT: {"script":"<script> [8489 bytes]","args":[{"element-6066-11e4-a52e-4f735466cecf":"f.3ED30099C5E6715D6E114BC18BB8030C.d.AD9D6BD3C244EC24613708DDC70935E3.e.2921","ELEMENT":"f.3ED30099C5E6715D6E114BC18BB8030C.d.AD9D6BD3C244EC24613708DDC70935E3.e.2921"}]}
COMMAND: GET /session/cb7b95b3902b1ae43c22bb263709af6b/element/f.3ED30099C5E6715D6E114BC18BB8030C.d.AD9D6BD3C244EC24613708DDC70935E3.e.2921/enabled - {}
COMMAND: GET /session/cb7b95b3902b1ae43c22bb263709af6b/screenshot - {}
RESULT: {}
COMMAND: POST /session/cb7b95b3902b1ae43c22bb263709af6b/execute/sync - {"script":"<script> [8489 bytes]","args":[{"element-6066-11e4-a52e-4f735466cecf":"f.3ED30099C5E6715D6E114BC18BB8030C.d.AD9D6BD3C244EC24613708DDC70935E3.e.2921","ELEMENT":"f.3ED30099C5E6715D6E114BC18BB8030C.d.AD9D6BD3C244EC24613708DDC70935E3.e.2921"}]}
COMMAND: GET /session/cb7b95b3902b1ae43c22bb263709af6b/screenshot - {}
RESULT: {}
RESULT: {"script":"<script> [8489 bytes]","args":[{"element-6066-11e4-a52e-4f735466cecf":"f.3ED30099C5E6715D6E114BC18BB8030C.d.AD9D6BD3C244EC24613708DDC70935E3.e.2921","ELEMENT":"f.3ED30099C5E6715D6E114BC18BB8030C.d.AD9D6BD3C244EC24613708DDC70935E3.e.2921"}]}
COMMAND: POST /session/cb7b95b3902b1ae43c22bb263709af6b/execute/sync - {"script":"<script> [5351 bytes]","args":[{"element-6066-11e4-a52e-4f735466cecf":"f.3ED30099C5E6715D6E114BC18BB8030C.d.AD9D6BD3C244EC24613708DDC70935E3.e.2921","ELEMENT":"f.3ED30099C5E6715D6E114BC18BB8030C.d.AD9D6BD3C244EC24613708DDC70935E3.e.2921"}]}
COMMAND: GET /session/cb7b95b3902b1ae43c22bb263709af6b/screenshot - {}
RESULT: {}
RESULT: {"script":"<script> [5351 bytes]","args":[{"element-6066-11e4-a52e-4f735466cecf":"f.3ED30099C5E6715D6E114BC18BB8030C.d.AD9D6BD3C244EC24613708DDC70935E3.e.2921","ELEMENT":"f.3ED30099C5E6715D6E114BC18BB8030C.d.AD9D6BD3C244EC24613708DDC70935E3.e.2921"}]}
COMMAND: POST /session/cb7b95b3902b1ae43c22bb263709af6b/element/f.3ED30099C5E6715D6E114BC18BB8030C.d.AD9D6BD3C244EC24613708DDC70935E3.e.2921/click - {}
COMMAND: GET /session/cb7b95b3902b1ae43c22bb263709af6b/screenshot - {}
RESULT: {}
RESULT: {}
COMMAND: GET /session/cb7b95b3902b1ae43c22bb263709af6b/screenshot - {}
RESULT: {}
RESULT: {}
COMMAND: POST /session/cb7b95b3902b1ae43c22bb263709af6b/execute/async - {"script":"<script> [1562 bytes]","args":[{"selector":{"id":"application-manageresources-display-component---newResourceUnit--TYPE-arrow"},"wdio_ui5_key":"applicationmanageresources-display-component---newResourceUnit--TYPE-arrow"}]}
RESULT: {"script":"<script> [1562 bytes]","args":[{"selector":{"id":"application-manageresources-display-component---newResourceUnit--TYPE-arrow"},"wdio_ui5_key":"applicationmanageresources-display-component---newResourceUnit--TYPE-arrow"}]}
RESULT: undefined
COMMAND: POST /session/cb7b95b3902b1ae43c22bb263709af6b/element - {"using":"xpath","value":"//*[@id=\"application-manageresources-display-component---newResourceUnit--TYPE-arrow\"]"}
RESULT: {"using":"xpath","value":"//*[@id=\"application-manageresources-display-component---newResourceUnit--TYPE-arrow\"]"}
COMMAND: POST /session/cb7b95b3902b1ae43c22bb263709af6b/element/f.3ED30099C5E6715D6E114BC18BB8030C.d.AD9D6BD3C244EC24613708DDC70935E3.e.3279/click - {}
RESULT: {}
COMMAND: POST /session/cb7b95b3902b1ae43c22bb263709af6b/element - {"using":"xpath","value":"//input[@id=\"application-manageresources-display-component---newResourceUnit--TYPE-inner\"]"}
COMMAND: GET /session/cb7b95b3902b1ae43c22bb263709af6b/screenshot - {}
RESULT: {"using":"xpath","value":"//input[@id=\"application-manageresources-display-component---newResourceUnit--TYPE-inner\"]"}
COMMAND: POST /session/cb7b95b3902b1ae43c22bb263709af6b/element/f.3ED30099C5E6715D6E114BC18BB8030C.d.AD9D6BD3C244EC24613708DDC70935E3.e.3275/clear - {}
RESULT: {}
RESULT: {}
COMMAND: POST /session/cb7b95b3902b1ae43c22bb263709af6b/element/f.3ED30099C5E6715D6E114BC18BB8030C.d.AD9D6BD3C244EC24613708DDC70935E3.e.3275/value - {"text":"Equi Multipart"}
COMMAND: GET /session/cb7b95b3902b1ae43c22bb263709af6b/screenshot - {}
RESULT: {"text":"Equi Multipart"}
COMMAND: GET /session/cb7b95b3902b1ae43c22bb263709af6b/screenshot - {}
RESULT: {}
RESULT: {}
COMMAND: POST /session/cb7b95b3902b1ae43c22bb263709af6b/actions - {"actions":[{"id":"action9","type":"key","parameters":{},"actions":[{"type":"keyDown","value":""},{"type":"pause","duration":10},{"type":"keyUp","value":""}]}]}
RESULT: {"actions":[{"id":"action9","type":"key","parameters":{},"actions":[{"type":"keyDown","value":""},{"type":"pause","duration":10},{"type":"keyUp","value":""}]}]}
COMMAND: POST /session/cb7b95b3902b1ae43c22bb263709af6b/execute/async - {"script":"<script> [1562 bytes]","args":[{"selector":{"id":"application-manageresources-display-component---newResourceUnit--SHORT_TEXT","interaction":{"idSuffix":"inner"}},"wdio_ui5_key":"applicationmanageresources-display-component---newResourceUnit--SHORT_TEXT"}]}
COMMAND: GET /session/cb7b95b3902b1ae43c22bb263709af6b/screenshot - {}
RESULT: {"script":"<script> [1562 bytes]","args":[{"selector":{"id":"application-manageresources-display-component---newResourceUnit--SHORT_TEXT","interaction":{"idSuffix":"inner"}},"wdio_ui5_key":"applicationmanageresources-display-component---newResourceUnit--SHORT_TEXT"}]}
RESULT: undefined
COMMAND: POST /session/cb7b95b3902b1ae43c22bb263709af6b/execute/async - {"script":"<script> [776 bytes]","args":[{"enterText":"Equipment Multipart WDIO","selector":{"id":"application-manageresources-display-component---newResourceUnit--SHORT_TEXT","interaction":{"idSuffix":"inner"}},"clearTextFirst":true,"interactionType":"ENTER_TEXT"}]}
RESULT: {}
RESULT: {"script":"<script> [776 bytes]","args":[{"enterText":"Equipment Multipart WDIO","selector":{"id":"application-manageresources-display-component---newResourceUnit--SHORT_TEXT","interaction":{"idSuffix":"inner"}},"clearTextFirst":true,"interactionType":"ENTER_TEXT"}]}
COMMAND: POST /session/cb7b95b3902b1ae43c22bb263709af6b/execute/async - {"script":"<script> [1562 bytes]","args":[{"selector":{"id":"application-manageresources-display-component---newResourceUnit--BASE_UNIT_OF_MEASURE","interaction":{"idSuffix":"inner"}},"wdio_ui5_key":"applicationmanageresources-display-component---newResourceUnit--BASE_UNIT_OF_MEASURE"}]}
RESULT: {"script":"<script> [1562 bytes]","args":[{"selector":{"id":"application-manageresources-display-component---newResourceUnit--BASE_UNIT_OF_MEASURE","interaction":{"idSuffix":"inner"}},"wdio_ui5_key":"applicationmanageresources-display-component---newResourceUnit--BASE_UNIT_OF_MEASURE"}]}
RESULT: undefined
COMMAND: POST /session/cb7b95b3902b1ae43c22bb263709af6b/execute/async - {"script":"<script> [776 bytes]","args":[{"enterText":"Piece","selector":{"id":"application-manageresources-display-component---newResourceUnit--BASE_UNIT_OF_MEASURE","interaction":{"idSuffix":"inner"}},"clearTextFirst":true,"interactionType":"ENTER_TEXT"}]}
RESULT: {"script":"<script> [776 bytes]","args":[{"enterText":"Piece","selector":{"id":"application-manageresources-display-component---newResourceUnit--BASE_UNIT_OF_MEASURE","interaction":{"idSuffix":"inner"}},"clearTextFirst":true,"interactionType":"ENTER_TEXT"}]}
COMMAND: POST /session/cb7b95b3902b1ae43c22bb263709af6b/execute/async - {"script":"<script> [1562 bytes]","args":[{"selector":{"id":"application-manageresources-display-component---newResourceUnit--WEIGHT_UNIT","interaction":{"idSuffix":"inner"}},"wdio_ui5_key":"applicationmanageresources-display-component---newResourceUnit--WEIGHT_UNIT"}]}
RESULT: {"script":"<script> [1562 bytes]","args":[{"selector":{"id":"application-manageresources-display-component---newResourceUnit--WEIGHT_UNIT","interaction":{"idSuffix":"inner"}},"wdio_ui5_key":"applicationmanageresources-display-component---newResourceUnit--WEIGHT_UNIT"}]}
RESULT: undefined
COMMAND: POST /session/cb7b95b3902b1ae43c22bb263709af6b/execute/async - {"script":"<script> [776 bytes]","args":[{"enterText":"Gram","selector":{"id":"application-manageresources-display-component---newResourceUnit--WEIGHT_UNIT","interaction":{"idSuffix":"inner"}},"clearTextFirst":true,"interactionType":"ENTER_TEXT"}]}
RESULT: {"script":"<script> [776 bytes]","args":[{"enterText":"Gram","selector":{"id":"application-manageresources-display-component---newResourceUnit--WEIGHT_UNIT","interaction":{"idSuffix":"inner"}},"clearTextFirst":true,"interactionType":"ENTER_TEXT"}]}
COMMAND: POST /session/cb7b95b3902b1ae43c22bb263709af6b/execute/async - {"script":"<script> [1562 bytes]","args":[{"selector":{"id":"application-manageresources-display-component---newResourceUnit--DIMENSION_UNIT","interaction":{"idSuffix":"inner"}},"wdio_ui5_key":"applicationmanageresources-display-component---newResourceUnit--DIMENSION_UNIT"}]}
RESULT: {"script":"<script> [1562 bytes]","args":[{"selector":{"id":"application-manageresources-display-component---newResourceUnit--DIMENSION_UNIT","interaction":{"idSuffix":"inner"}},"wdio_ui5_key":"applicationmanageresources-display-component---newResourceUnit--DIMENSION_UNIT"}]}
RESULT: undefined
COMMAND: POST /session/cb7b95b3902b1ae43c22bb263709af6b/execute/async - {"script":"<script> [776 bytes]","args":[{"enterText":"Meter","selector":{"id":"application-manageresources-display-component---newResourceUnit--DIMENSION_UNIT","interaction":{"idSuffix":"inner"}},"clearTextFirst":true,"interactionType":"ENTER_TEXT"}]}
RESULT: {"script":"<script> [776 bytes]","args":[{"enterText":"Meter","selector":{"id":"application-manageresources-display-component---newResourceUnit--DIMENSION_UNIT","interaction":{"idSuffix":"inner"}},"clearTextFirst":true,"interactionType":"ENTER_TEXT"}]}
COMMAND: POST /session/cb7b95b3902b1ae43c22bb263709af6b/execute/async - {"script":"<script> [1562 bytes]","args":[{"selector":{"id":"application-manageresources-display-component---newResourceUnit--newRRUPage-anchBar-application-manageresources-display-component---newResourceUnit--control-anchor","interaction":{"idSuffix":"BDI-content"}},"wdio_ui5_key":"applicationmanageresources-display-component---newResourceUnit--newRRUPage-anchBar-application-manageresources-display-component---newResourceUnit--control-anchor"}]}
RESULT: {"script":"<script> [1562 bytes]","args":[{"selector":{"id":"application-manageresources-display-component---newResourceUnit--newRRUPage-anchBar-application-manageresources-display-component---newResourceUnit--control-anchor","interaction":{"idSuffix":"BDI-content"}},"wdio_ui5_key":"applicationmanageresources-display-component---newResourceUnit--newRRUPage-anchBar-application-manageresources-display-component---newResourceUnit--control-anchor"}]}
RESULT: undefined
COMMAND: POST /session/cb7b95b3902b1ae43c22bb263709af6b/element - {"using":"xpath","value":"//*[@id=\"application-manageresources-display-component---newResourceUnit--newRRUPage-anchBar-application-manageresources-display-component---newResourceUnit--control-anchor\"]"}
RESULT: {"using":"xpath","value":"//*[@id=\"application-manageresources-display-component---newResourceUnit--newRRUPage-anchBar-application-manageresources-display-component---newResourceUnit--control-anchor\"]"}
COMMAND: POST /session/cb7b95b3902b1ae43c22bb263709af6b/element/f.3ED30099C5E6715D6E114BC18BB8030C.d.AD9D6BD3C244EC24613708DDC70935E3.e.3415/click - {}
RESULT: {}
COMMAND: POST /session/cb7b95b3902b1ae43c22bb263709af6b/execute/async - {"script":"<script> [1562 bytes]","args":[{"selector":{"id":"application-manageresources-display-component---newResourceUnit--PLANNING_GROUP","interaction":{"idSuffix":"inner"}},"wdio_ui5_key":"applicationmanageresources-display-component---newResourceUnit--PLANNING_GROUP"}]}
COMMAND: GET /session/cb7b95b3902b1ae43c22bb263709af6b/screenshot - {}
RESULT: {"script":"<script> [1562 bytes]","args":[{"selector":{"id":"application-manageresources-display-component---newResourceUnit--PLANNING_GROUP","interaction":{"idSuffix":"inner"}},"wdio_ui5_key":"applicationmanageresources-display-component---newResourceUnit--PLANNING_GROUP"}]}
RESULT: undefined
COMMAND: POST /session/cb7b95b3902b1ae43c22bb263709af6b/execute/async - {"script":"<script> [776 bytes]","args":[{"enterText":"Heavy Equi","selector":{"id":"application-manageresources-display-component---newResourceUnit--PLANNING_GROUP","interaction":{"idSuffix":"inner"}},"clearTextFirst":true,"interactionType":"ENTER_TEXT"}]}
RESULT: {}
RESULT: {"script":"<script> [776 bytes]","args":[{"enterText":"Heavy Equi","selector":{"id":"application-manageresources-display-component---newResourceUnit--PLANNING_GROUP","interaction":{"idSuffix":"inner"}},"clearTextFirst":true,"interactionType":"ENTER_TEXT"}]}
COMMAND: POST /session/cb7b95b3902b1ae43c22bb263709af6b/execute/async - {"script":"<script> [1562 bytes]","args":[{"selector":{"id":"application-manageresources-display-component---newResourceUnit--PLANNING_INDICATOR","interaction":{"idSuffix":"inner"}},"wdio_ui5_key":"applicationmanageresources-display-component---newResourceUnit--PLANNING_INDICATOR"}]}
RESULT: {"script":"<script> [1562 bytes]","args":[{"selector":{"id":"application-manageresources-display-component---newResourceUnit--PLANNING_INDICATOR","interaction":{"idSuffix":"inner"}},"wdio_ui5_key":"applicationmanageresources-display-component---newResourceUnit--PLANNING_INDICATOR"}]}
RESULT: undefined
COMMAND: POST /session/cb7b95b3902b1ae43c22bb263709af6b/execute/async - {"script":"<script> [776 bytes]","args":[{"enterText":"10 - infinite","selector":{"id":"application-manageresources-display-component---newResourceUnit--PLANNING_INDICATOR","interaction":{"idSuffix":"inner"}},"clearTextFirst":true,"interactionType":"ENTER_TEXT"}]}
RESULT: {"script":"<script> [776 bytes]","args":[{"enterText":"10 - infinite","selector":{"id":"application-manageresources-display-component---newResourceUnit--PLANNING_INDICATOR","interaction":{"idSuffix":"inner"}},"clearTextFirst":true,"interactionType":"ENTER_TEXT"}]}
COMMAND: POST /session/cb7b95b3902b1ae43c22bb263709af6b/execute/async - {"script":"<script> [1562 bytes]","args":[{"selector":{"id":"application-manageresources-display-component---newResourceUnit--ITEM_TYPE-arrow"},"wdio_ui5_key":"applicationmanageresources-display-component---newResourceUnit--ITEM_TYPE-arrow"}]}
RESULT: {"script":"<script> [1562 bytes]","args":[{"selector":{"id":"application-manageresources-display-component---newResourceUnit--ITEM_TYPE-arrow"},"wdio_ui5_key":"applicationmanageresources-display-component---newResourceUnit--ITEM_TYPE-arrow"}]}
RESULT: undefined
COMMAND: POST /session/cb7b95b3902b1ae43c22bb263709af6b/element - {"using":"xpath","value":"//*[@id=\"application-manageresources-display-component---newResourceUnit--ITEM_TYPE-arrow\"]"}
RESULT: {"using":"xpath","value":"//*[@id=\"application-manageresources-display-component---newResourceUnit--ITEM_TYPE-arrow\"]"}
COMMAND: POST /session/cb7b95b3902b1ae43c22bb263709af6b/element/f.3ED30099C5E6715D6E114BC18BB8030C.d.AD9D6BD3C244EC24613708DDC70935E3.e.3423/click - {}
RESULT: {}
COMMAND: GET /session/cb7b95b3902b1ae43c22bb263709af6b/screenshot - {}
RESULT: {}
COMMAND: POST /session/cb7b95b3902b1ae43c22bb263709af6b/execute/async - {"script":"<script> [1562 bytes]","args":[{"selector":{"controlType":"sap.m.StandardListItem","viewName":"reusables.view.manageresources.NewResourceUnit","viewId":"application-manageresources-display-component---newResourceUnit","properties":{"title":"Pool Equipment"},"searchOpenDialogs":true,"interaction":{"idSuffix":"content"}},"wdio_ui5_key":"reusablesview.manageresources.NewResourceUnitsap.m.StandardListItem{\"title\":\"Pool Equipment\"}"}]}
RESULT: {"script":"<script> [1562 bytes]","args":[{"selector":{"controlType":"sap.m.StandardListItem","viewName":"reusables.view.manageresources.NewResourceUnit","viewId":"application-manageresources-display-component---newResourceUnit","properties":{"title":"Pool Equipment"},"searchOpenDialogs":true,"interaction":{"idSuffix":"content"}},"wdio_ui5_key":"reusablesview.manageresources.NewResourceUnitsap.m.StandardListItem{\"title\":\"Pool Equipment\"}"}]}
RESULT: undefined
COMMAND: POST /session/cb7b95b3902b1ae43c22bb263709af6b/element - {"using":"xpath","value":"//*[@id=\"__item218\"]"}
RESULT: {"using":"xpath","value":"//*[@id=\"__item218\"]"}
COMMAND: POST /session/cb7b95b3902b1ae43c22bb263709af6b/element/f.3ED30099C5E6715D6E114BC18BB8030C.d.AD9D6BD3C244EC24613708DDC70935E3.e.3425/click - {}
RESULT: {}
COMMAND: GET /session/cb7b95b3902b1ae43c22bb263709af6b/screenshot - {}
RESULT: {}
COMMAND: POST /session/cb7b95b3902b1ae43c22bb263709af6b/element - {"using":"css selector","value":"#application-manageresources-display-component---newResourceUnit--btnAddTimeSegment"}
RESULT: {"using":"css selector","value":"#application-manageresources-display-component---newResourceUnit--btnAddTimeSegment"}
COMMAND: GET /session/cb7b95b3902b1ae43c22bb263709af6b/element/f.3ED30099C5E6715D6E114BC18BB8030C.d.AD9D6BD3C244EC24613708DDC70935E3.e.3487/rect - {}
RESULT: {}
COMMAND: GET /session/cb7b95b3902b1ae43c22bb263709af6b/window/rect - {}
RESULT: {}
COMMAND: POST /session/cb7b95b3902b1ae43c22bb263709af6b/execute/sync - {"script":"<script> [92 bytes]","args":[]}
RESULT: {"script":"<script> [92 bytes]","args":[]}
COMMAND: POST /session/cb7b95b3902b1ae43c22bb263709af6b/actions - {"actions":[{"id":"action10","type":"wheel","parameters":{},"actions":[{"type":"scroll","x":-1888,"y":-32,"deltaX":0,"deltaY":0,"duration":0,"origin":{"element-6066-11e4-a52e-4f735466cecf":"f.3ED30099C5E6715D6E114BC18BB8030C.d.AD9D6BD3C244EC24613708DDC70935E3.e.3487"}}]}]}
COMMAND: GET /session/cb7b95b3902b1ae43c22bb263709af6b/screenshot - {}
RESULT: {}
COMMAND: POST /session/cb7b95b3902b1ae43c22bb263709af6b/execute/sync - {"script":"<script> [79 bytes]","args":[{"element-6066-11e4-a52e-4f735466cecf":"f.3ED30099C5E6715D6E114BC18BB8030C.d.AD9D6BD3C244EC24613708DDC70935E3.e.3487","ELEMENT":"f.3ED30099C5E6715D6E114BC18BB8030C.d.AD9D6BD3C244EC24613708DDC70935E3.e.3487"},{"block":"start","inline":"nearest"}]}
RESULT: {"script":"<script> [79 bytes]","args":[{"element-6066-11e4-a52e-4f735466cecf":"f.3ED30099C5E6715D6E114BC18BB8030C.d.AD9D6BD3C244EC24613708DDC70935E3.e.3487","ELEMENT":"f.3ED30099C5E6715D6E114BC18BB8030C.d.AD9D6BD3C244EC24613708DDC70935E3.e.3487"},{"block":"start","inline":"nearest"}]}
COMMAND: POST /session/cb7b95b3902b1ae43c22bb263709af6b/execute/async - {"script":"<script> [1562 bytes]","args":[{"selector":{"id":"application-manageresources-display-component---newResourceUnit--btnAddTimeSegment","interaction":{"idSuffix":"inner"}},"wdio_ui5_key":"applicationmanageresources-display-component---newResourceUnit--btnAddTimeSegment"}]}
COMMAND: GET /session/cb7b95b3902b1ae43c22bb263709af6b/screenshot - {}
RESULT: {"script":"<script> [1562 bytes]","args":[{"selector":{"id":"application-manageresources-display-component---newResourceUnit--btnAddTimeSegment","interaction":{"idSuffix":"inner"}},"wdio_ui5_key":"applicationmanageresources-display-component---newResourceUnit--btnAddTimeSegment"}]}
RESULT: undefined
COMMAND: POST /session/cb7b95b3902b1ae43c22bb263709af6b/element - {"using":"xpath","value":"//*[@id=\"application-manageresources-display-component---newResourceUnit--btnAddTimeSegment\"]"}
RESULT: {}
RESULT: {"using":"xpath","value":"//*[@id=\"application-manageresources-display-component---newResourceUnit--btnAddTimeSegment\"]"}
COMMAND: POST /session/cb7b95b3902b1ae43c22bb263709af6b/element/f.3ED30099C5E6715D6E114BC18BB8030C.d.AD9D6BD3C244EC24613708DDC70935E3.e.3487/click - {}
RESULT: {}
COMMAND: GET /session/cb7b95b3902b1ae43c22bb263709af6b/screenshot - {}
RESULT: {}
COMMAND: POST /session/cb7b95b3902b1ae43c22bb263709af6b/element - {"using":"xpath","value":"//input[@id=\"application-manageresources-display-component---newResourceUnit--idRuTSAdmin-application-manageresources-display-component---newResourceUnit--RUTimeSegment-0-inner\"]"}
RESULT: {"using":"xpath","value":"//input[@id=\"application-manageresources-display-component---newResourceUnit--idRuTSAdmin-application-manageresources-display-component---newResourceUnit--RUTimeSegment-0-inner\"]"}
COMMAND: POST /session/cb7b95b3902b1ae43c22bb263709af6b/element/f.3ED30099C5E6715D6E114BC18BB8030C.d.AD9D6BD3C244EC24613708DDC70935E3.e.3493/clear - {}
RESULT: {}
COMMAND: POST /session/cb7b95b3902b1ae43c22bb263709af6b/element/f.3ED30099C5E6715D6E114BC18BB8030C.d.AD9D6BD3C244EC24613708DDC70935E3.e.3493/value - {"text":"352"}
COMMAND: GET /session/cb7b95b3902b1ae43c22bb263709af6b/screenshot - {}
RESULT: {"text":"352"}
COMMAND: GET /session/cb7b95b3902b1ae43c22bb263709af6b/screenshot - {}
RESULT: {}
RESULT: {}
COMMAND: POST /session/cb7b95b3902b1ae43c22bb263709af6b/element - {"using":"xpath","value":"//li[.//span[text()='352']]"}
RESULT: {"using":"xpath","value":"//li[.//span[text()='352']]"}
COMMAND: POST /session/cb7b95b3902b1ae43c22bb263709af6b/element/f.3ED30099C5E6715D6E114BC18BB8030C.d.AD9D6BD3C244EC24613708DDC70935E3.e.3506/click - {}
RESULT: {}
COMMAND: GET /session/cb7b95b3902b1ae43c22bb263709af6b/screenshot - {}
RESULT: {}
COMMAND: POST /session/cb7b95b3902b1ae43c22bb263709af6b/element - {"using":"xpath","value":"(//span[contains(@id, \"-application-manageresources-display-component---newResourceUnit--RUTimeSegment-0-arrow\")])[5]"}
RESULT: {"using":"xpath","value":"(//span[contains(@id, \"-application-manageresources-display-component---newResourceUnit--RUTimeSegment-0-arrow\")])[5]"}
COMMAND: POST /session/cb7b95b3902b1ae43c22bb263709af6b/element/f.3ED30099C5E6715D6E114BC18BB8030C.d.AD9D6BD3C244EC24613708DDC70935E3.e.3507/click - {}
RESULT: {}
COMMAND: GET /session/cb7b95b3902b1ae43c22bb263709af6b/screenshot - {}
RESULT: {}
COMMAND: POST /session/cb7b95b3902b1ae43c22bb263709af6b/element - {"using":"xpath","value":"//span[contains(text(), \"PM Order\")]"}
RESULT: {"using":"xpath","value":"//span[contains(text(), \"PM Order\")]"}
COMMAND: POST /session/cb7b95b3902b1ae43c22bb263709af6b/element/f.3ED30099C5E6715D6E114BC18BB8030C.d.AD9D6BD3C244EC24613708DDC70935E3.e.3508/click - {}
RESULT: {}
COMMAND: GET /session/cb7b95b3902b1ae43c22bb263709af6b/screenshot - {}
RESULT: {}
COMMAND: POST /session/cb7b95b3902b1ae43c22bb263709af6b/element - {"using":"xpath","value":"(//span[contains(@id ,\"manageresources-display-component---newResourceUnit--RUTimeSegment-0-vhi\")])[1]"}
RESULT: {"using":"xpath","value":"(//span[contains(@id ,\"manageresources-display-component---newResourceUnit--RUTimeSegment-0-vhi\")])[1]"}
COMMAND: GET /session/cb7b95b3902b1ae43c22bb263709af6b/element/f.3ED30099C5E6715D6E114BC18BB8030C.d.AD9D6BD3C244EC24613708DDC70935E3.e.3512/rect - {}
RESULT: {}
COMMAND: GET /session/cb7b95b3902b1ae43c22bb263709af6b/window/rect - {}
RESULT: {}
COMMAND: POST /session/cb7b95b3902b1ae43c22bb263709af6b/execute/sync - {"script":"<script> [92 bytes]","args":[]}
RESULT: {"script":"<script> [92 bytes]","args":[]}
COMMAND: POST /session/cb7b95b3902b1ae43c22bb263709af6b/actions - {"actions":[{"id":"action11","type":"wheel","parameters":{},"actions":[{"type":"scroll","x":-1888,"y":-24,"deltaX":0,"deltaY":0,"duration":0,"origin":{"element-6066-11e4-a52e-4f735466cecf":"f.3ED30099C5E6715D6E114BC18BB8030C.d.AD9D6BD3C244EC24613708DDC70935E3.e.3512"}}]}]}
COMMAND: GET /session/cb7b95b3902b1ae43c22bb263709af6b/screenshot - {}
RESULT: {}
COMMAND: POST /session/cb7b95b3902b1ae43c22bb263709af6b/execute/sync - {"script":"<script> [79 bytes]","args":[{"element-6066-11e4-a52e-4f735466cecf":"f.3ED30099C5E6715D6E114BC18BB8030C.d.AD9D6BD3C244EC24613708DDC70935E3.e.3512","ELEMENT":"f.3ED30099C5E6715D6E114BC18BB8030C.d.AD9D6BD3C244EC24613708DDC70935E3.e.3512"},{"block":"start","inline":"nearest"}]}
RESULT: {"script":"<script> [79 bytes]","args":[{"element-6066-11e4-a52e-4f735466cecf":"f.3ED30099C5E6715D6E114BC18BB8030C.d.AD9D6BD3C244EC24613708DDC70935E3.e.3512","ELEMENT":"f.3ED30099C5E6715D6E114BC18BB8030C.d.AD9D6BD3C244EC24613708DDC70935E3.e.3512"},{"block":"start","inline":"nearest"}]}
COMMAND: GET /session/cb7b95b3902b1ae43c22bb263709af6b/screenshot - {}
RESULT: {}
COMMAND: POST /session/cb7b95b3902b1ae43c22bb263709af6b/element/f.3ED30099C5E6715D6E114BC18BB8030C.d.AD9D6BD3C244EC24613708DDC70935E3.e.3512/click - {}
RESULT: {}
COMMAND: GET /session/cb7b95b3902b1ae43c22bb263709af6b/screenshot - {}
RESULT: {}
COMMAND: POST /session/cb7b95b3902b1ae43c22bb263709af6b/execute/async - {"script":"<script> [1562 bytes]","args":[{"selector":{"controlType":"sap.m.SearchField","properties":{"placeholder":"Search"},"searchOpenDialogs":true,"interaction":{"idSuffix":"I"}},"wdio_ui5_key":"sapm.SearchField{\"placeholder\":\"Search\"}"}]}
RESULT: {"script":"<script> [1562 bytes]","args":[{"selector":{"controlType":"sap.m.SearchField","properties":{"placeholder":"Search"},"searchOpenDialogs":true,"interaction":{"idSuffix":"I"}},"wdio_ui5_key":"sapm.SearchField{\"placeholder\":\"Search\"}"}]}
RESULT: undefined
COMMAND: POST /session/cb7b95b3902b1ae43c22bb263709af6b/execute/async - {"script":"<script> [776 bytes]","args":[{"enterText":"4000360","selector":{"controlType":"sap.m.SearchField","properties":{"placeholder":"Search"},"searchOpenDialogs":true,"interaction":{"idSuffix":"I"}},"clearTextFirst":true,"interactionType":"ENTER_TEXT"}]}
RESULT: {"script":"<script> [776 bytes]","args":[{"enterText":"4000360","selector":{"controlType":"sap.m.SearchField","properties":{"placeholder":"Search"},"searchOpenDialogs":true,"interaction":{"idSuffix":"I"}},"clearTextFirst":true,"interactionType":"ENTER_TEXT"}]}
COMMAND: POST /session/cb7b95b3902b1ae43c22bb263709af6b/actions - {"actions":[{"id":"action12","type":"key","parameters":{},"actions":[{"type":"keyDown","value":""},{"type":"pause","duration":10},{"type":"keyUp","value":""}]}]}
RESULT: {"actions":[{"id":"action12","type":"key","parameters":{},"actions":[{"type":"keyDown","value":""},{"type":"pause","duration":10},{"type":"keyUp","value":""}]}]}
COMMAND: GET /session/cb7b95b3902b1ae43c22bb263709af6b/screenshot - {}
RESULT: {}
COMMAND: POST /session/cb7b95b3902b1ae43c22bb263709af6b/element - {"using":"xpath","value":"//td/div/span[contains(text(), \"BGL Vehicles\")]"}
RESULT: {"using":"xpath","value":"//td/div/span[contains(text(), \"BGL Vehicles\")]"}
COMMAND: POST /session/cb7b95b3902b1ae43c22bb263709af6b/element/f.3ED30099C5E6715D6E114BC18BB8030C.d.AD9D6BD3C244EC24613708DDC70935E3.e.3534/click - {}
RESULT: {}
COMMAND: GET /session/cb7b95b3902b1ae43c22bb263709af6b/screenshot - {}
RESULT: {}
COMMAND: POST /session/cb7b95b3902b1ae43c22bb263709af6b/element - {"using":"xpath","value":"//bdi[contains(text(), \"OK\")]"}
RESULT: {"using":"xpath","value":"//bdi[contains(text(), \"OK\")]"}
COMMAND: POST /session/cb7b95b3902b1ae43c22bb263709af6b/element/f.3ED30099C5E6715D6E114BC18BB8030C.d.AD9D6BD3C244EC24613708DDC70935E3.e.3535/click - {}
RESULT: {}
COMMAND: GET /session/cb7b95b3902b1ae43c22bb263709af6b/screenshot - {}
RESULT: {}
COMMAND: POST /session/cb7b95b3902b1ae43c22bb263709af6b/element - {"using":"xpath","value":"//label[contains(@class, 'sapMLabelRequired') and .//bdi[contains(text(), 'Planned Retirement')]]"}
RESULT: {"using":"xpath","value":"//label[contains(@class, 'sapMLabelRequired') and .//bdi[contains(text(), 'Planned Retirement')]]"}
COMMAND: POST /session/cb7b95b3902b1ae43c22bb263709af6b/elements - {"using":"xpath","value":"//label[contains(@class, 'sapMLabelRequired') and .//bdi[contains(text(), 'Planned Retirement')]]"}
RESULT: {"using":"xpath","value":"//label[contains(@class, 'sapMLabelRequired') and .//bdi[contains(text(), 'Planned Retirement')]]"}
COMMAND: POST /session/cb7b95b3902b1ae43c22bb263709af6b/element - {"using":"xpath","value":"//button[@data-kt=\"resourceUnitSaveButton\"]"}
RESULT: {"using":"xpath","value":"//button[@data-kt=\"resourceUnitSaveButton\"]"}
COMMAND: POST /session/cb7b95b3902b1ae43c22bb263709af6b/element/f.3ED30099C5E6715D6E114BC18BB8030C.d.AD9D6BD3C244EC24613708DDC70935E3.e.3297/click - {}
RESULT: {}
COMMAND: GET /session/cb7b95b3902b1ae43c22bb263709af6b/screenshot - {}
RESULT: {}
COMMAND: POST /session/cb7b95b3902b1ae43c22bb263709af6b/element - {"using":"xpath","value":"//bdi[contains(text(), \"Close\")]"}
RESULT: {"using":"xpath","value":"//bdi[contains(text(), \"Close\")]"}
COMMAND: POST /session/cb7b95b3902b1ae43c22bb263709af6b/element/f.3ED30099C5E6715D6E114BC18BB8030C.d.AD9D6BD3C244EC24613708DDC70935E3.e.3542/click - {}
RESULT: {}
COMMAND: GET /session/cb7b95b3902b1ae43c22bb263709af6b/screenshot - {}
RESULT: {}
COMMAND: POST /session/cb7b95b3902b1ae43c22bb263709af6b/element - {"using":"xpath","value":"//header[contains(@id, 'detailRruPage-headerTitle')]/div[1]/div[2]/div[2]/span[1]"}
RESULT: {"using":"xpath","value":"//header[contains(@id, 'detailRruPage-headerTitle')]/div[1]/div[2]/div[2]/span[1]"}
COMMAND: POST /session/cb7b95b3902b1ae43c22bb263709af6b/elements - {"using":"xpath","value":"//header[contains(@id, 'detailRruPage-headerTitle')]/div[1]/div[2]/div[2]/span[1]"}
RESULT: {"using":"xpath","value":"//header[contains(@id, 'detailRruPage-headerTitle')]/div[1]/div[2]/div[2]/span[1]"}
COMMAND: POST /session/cb7b95b3902b1ae43c22bb263709af6b/execute/sync - {"script":"<script> [56 bytes]","args":[{"element-6066-11e4-a52e-4f735466cecf":"f.3ED30099C5E6715D6E114BC18BB8030C.d.AD9D6BD3C244EC24613708DDC70935E3.e.3572","ELEMENT":"f.3ED30099C5E6715D6E114BC18BB8030C.d.AD9D6BD3C244EC24613708DDC70935E3.e.3572"}]}
RESULT: {"script":"<script> [56 bytes]","args":[{"element-6066-11e4-a52e-4f735466cecf":"f.3ED30099C5E6715D6E114BC18BB8030C.d.AD9D6BD3C244EC24613708DDC70935E3.e.3572","ELEMENT":"f.3ED30099C5E6715D6E114BC18BB8030C.d.AD9D6BD3C244EC24613708DDC70935E3.e.3572"}]}
COMMAND: POST /session/cb7b95b3902b1ae43c22bb263709af6b/element - {"using":"css selector","value":"#shell-header-logo"}
COMMAND: GET /session/cb7b95b3902b1ae43c22bb263709af6b/screenshot - {}
RESULT: {"using":"css selector","value":"#shell-header-logo"}
COMMAND: POST /session/cb7b95b3902b1ae43c22bb263709af6b/element/f.3ED30099C5E6715D6E114BC18BB8030C.d.AD9D6BD3C244EC24613708DDC70935E3.e.2890/click - {}
RESULT: {}
RESULT: {}
COMMAND: GET /session/cb7b95b3902b1ae43c22bb263709af6b/screenshot - {}
RESULT: {}
]]></system-out>
    </testcase>
    <testcase classname="chrome.136_0_7103_93.windows.Tests_for_Mass_State_Change_on_Manage_States_&amp;_Performances_US104416_US" name="Prereq Should do stock increase" time="97.286">
      <system-out><![CDATA[
COMMAND: POST /session/cb7b95b3902b1ae43c22bb263709af6b/execute/async - {"script":"<script> [1562 bytes]","args":[{"selector":{"controlType":"sap.m.GenericTile","properties":{"header":"Manage Handovers"}},"wdio_ui5_key":"sapm.GenericTile{\"header\":\"Manage Handovers\"}"}]}
RESULT: {"script":"<script> [1562 bytes]","args":[{"selector":{"controlType":"sap.m.GenericTile","properties":{"header":"Manage Handovers"}},"wdio_ui5_key":"sapm.GenericTile{\"header\":\"Manage Handovers\"}"}]}
RESULT: undefined
COMMAND: POST /session/cb7b95b3902b1ae43c22bb263709af6b/element - {"using":"xpath","value":"//*[@id=\"__tile132\"]"}
RESULT: {"using":"xpath","value":"//*[@id=\"__tile132\"]"}
COMMAND: POST /session/cb7b95b3902b1ae43c22bb263709af6b/element/f.3ED30099C5E6715D6E114BC18BB8030C.d.AD9D6BD3C244EC24613708DDC70935E3.e.2838/click - {}
RESULT: {}
COMMAND: GET /session/cb7b95b3902b1ae43c22bb263709af6b/screenshot - {}
RESULT: {}
COMMAND: POST /session/cb7b95b3902b1ae43c22bb263709af6b/elements - {"using":"xpath","value":"//span[text()='Error']"}
RESULT: {"using":"xpath","value":"//span[text()='Error']"}
COMMAND: POST /session/cb7b95b3902b1ae43c22bb263709af6b/element - {"using":"xpath","value":"//button[@data-kt=\"masterHOAddButton\"]"}
RESULT: {"using":"xpath","value":"//button[@data-kt=\"masterHOAddButton\"]"}
COMMAND: POST /session/cb7b95b3902b1ae43c22bb263709af6b/elements - {"using":"xpath","value":"//button[@data-kt=\"masterHOAddButton\"]"}
RESULT: {"using":"xpath","value":"//button[@data-kt=\"masterHOAddButton\"]"}
COMMAND: POST /session/cb7b95b3902b1ae43c22bb263709af6b/execute/sync - {"script":"<script> [8489 bytes]","args":[{"element-6066-11e4-a52e-4f735466cecf":"f.3ED30099C5E6715D6E114BC18BB8030C.d.AD9D6BD3C244EC24613708DDC70935E3.e.3614","ELEMENT":"f.3ED30099C5E6715D6E114BC18BB8030C.d.AD9D6BD3C244EC24613708DDC70935E3.e.3614"}]}
RESULT: {"script":"<script> [8489 bytes]","args":[{"element-6066-11e4-a52e-4f735466cecf":"f.3ED30099C5E6715D6E114BC18BB8030C.d.AD9D6BD3C244EC24613708DDC70935E3.e.3614","ELEMENT":"f.3ED30099C5E6715D6E114BC18BB8030C.d.AD9D6BD3C244EC24613708DDC70935E3.e.3614"}]}
COMMAND: GET /session/cb7b95b3902b1ae43c22bb263709af6b/element/f.3ED30099C5E6715D6E114BC18BB8030C.d.AD9D6BD3C244EC24613708DDC70935E3.e.3614/enabled - {}
COMMAND: GET /session/cb7b95b3902b1ae43c22bb263709af6b/screenshot - {}
RESULT: {}
COMMAND: POST /session/cb7b95b3902b1ae43c22bb263709af6b/execute/sync - {"script":"<script> [8489 bytes]","args":[{"element-6066-11e4-a52e-4f735466cecf":"f.3ED30099C5E6715D6E114BC18BB8030C.d.AD9D6BD3C244EC24613708DDC70935E3.e.3614","ELEMENT":"f.3ED30099C5E6715D6E114BC18BB8030C.d.AD9D6BD3C244EC24613708DDC70935E3.e.3614"}]}
COMMAND: GET /session/cb7b95b3902b1ae43c22bb263709af6b/screenshot - {}
RESULT: {}
RESULT: {"script":"<script> [8489 bytes]","args":[{"element-6066-11e4-a52e-4f735466cecf":"f.3ED30099C5E6715D6E114BC18BB8030C.d.AD9D6BD3C244EC24613708DDC70935E3.e.3614","ELEMENT":"f.3ED30099C5E6715D6E114BC18BB8030C.d.AD9D6BD3C244EC24613708DDC70935E3.e.3614"}]}
COMMAND: POST /session/cb7b95b3902b1ae43c22bb263709af6b/execute/sync - {"script":"<script> [5351 bytes]","args":[{"element-6066-11e4-a52e-4f735466cecf":"f.3ED30099C5E6715D6E114BC18BB8030C.d.AD9D6BD3C244EC24613708DDC70935E3.e.3614","ELEMENT":"f.3ED30099C5E6715D6E114BC18BB8030C.d.AD9D6BD3C244EC24613708DDC70935E3.e.3614"}]}
COMMAND: GET /session/cb7b95b3902b1ae43c22bb263709af6b/screenshot - {}
RESULT: {}
RESULT: {"script":"<script> [5351 bytes]","args":[{"element-6066-11e4-a52e-4f735466cecf":"f.3ED30099C5E6715D6E114BC18BB8030C.d.AD9D6BD3C244EC24613708DDC70935E3.e.3614","ELEMENT":"f.3ED30099C5E6715D6E114BC18BB8030C.d.AD9D6BD3C244EC24613708DDC70935E3.e.3614"}]}
COMMAND: POST /session/cb7b95b3902b1ae43c22bb263709af6b/element/f.3ED30099C5E6715D6E114BC18BB8030C.d.AD9D6BD3C244EC24613708DDC70935E3.e.3614/click - {}
COMMAND: GET /session/cb7b95b3902b1ae43c22bb263709af6b/screenshot - {}
RESULT: {}
RESULT: {}
COMMAND: GET /session/cb7b95b3902b1ae43c22bb263709af6b/screenshot - {}
RESULT: {}
RESULT: {}
COMMAND: POST /session/cb7b95b3902b1ae43c22bb263709af6b/element - {"using":"xpath","value":"//span[contains(@id ,\"AddNewHO--typeSelect-arrow\")]"}
RESULT: {"using":"xpath","value":"//span[contains(@id ,\"AddNewHO--typeSelect-arrow\")]"}
COMMAND: POST /session/cb7b95b3902b1ae43c22bb263709af6b/element/f.3ED30099C5E6715D6E114BC18BB8030C.d.AD9D6BD3C244EC24613708DDC70935E3.e.3952/click - {}
RESULT: {}
COMMAND: GET /session/cb7b95b3902b1ae43c22bb263709af6b/screenshot - {}
RESULT: {}
COMMAND: POST /session/cb7b95b3902b1ae43c22bb263709af6b/element - {"using":"xpath","value":"(//li[contains(text(), \"stock increase yard\")])[1]"}
RESULT: {"using":"xpath","value":"(//li[contains(text(), \"stock increase yard\")])[1]"}
COMMAND: POST /session/cb7b95b3902b1ae43c22bb263709af6b/element/f.3ED30099C5E6715D6E114BC18BB8030C.d.AD9D6BD3C244EC24613708DDC70935E3.e.3953/click - {}
RESULT: {}
COMMAND: GET /session/cb7b95b3902b1ae43c22bb263709af6b/screenshot - {}
RESULT: {}
COMMAND: POST /session/cb7b95b3902b1ae43c22bb263709af6b/execute/async - {"script":"<script> [1562 bytes]","args":[{"selector":{"id":"application-managehandovers-display-component---AddNewHO--dueDate","interaction":{"idSuffix":"inner"}},"wdio_ui5_key":"applicationmanagehandovers-display-component---AddNewHO--dueDate"}]}
RESULT: {"script":"<script> [1562 bytes]","args":[{"selector":{"id":"application-managehandovers-display-component---AddNewHO--dueDate","interaction":{"idSuffix":"inner"}},"wdio_ui5_key":"applicationmanagehandovers-display-component---AddNewHO--dueDate"}]}
RESULT: undefined
COMMAND: POST /session/cb7b95b3902b1ae43c22bb263709af6b/execute/async - {"script":"<script> [6424 bytes]","args":[{"element-6066-11e4-a52e-4f735466cecf":"f.3ED30099C5E6715D6E114BC18BB8030C.d.AD9D6BD3C244EC24613708DDC70935E3.e.3957"},"setValue",["5/26/25"]]}
RESULT: {"script":"<script> [6424 bytes]","args":[{"element-6066-11e4-a52e-4f735466cecf":"f.3ED30099C5E6715D6E114BC18BB8030C.d.AD9D6BD3C244EC24613708DDC70935E3.e.3957"},"setValue",["5/26/25"]]}
COMMAND: POST /session/cb7b95b3902b1ae43c22bb263709af6b/element - {"using":"xpath","value":"//input[@id=\"generalSectionFrg--receiveYard-inner\"]"}
RESULT: {"using":"xpath","value":"//input[@id=\"generalSectionFrg--receiveYard-inner\"]"}
COMMAND: POST /session/cb7b95b3902b1ae43c22bb263709af6b/element/f.3ED30099C5E6715D6E114BC18BB8030C.d.AD9D6BD3C244EC24613708DDC70935E3.e.3963/clear - {}
RESULT: {}
COMMAND: POST /session/cb7b95b3902b1ae43c22bb263709af6b/element/f.3ED30099C5E6715D6E114BC18BB8030C.d.AD9D6BD3C244EC24613708DDC70935E3.e.3963/value - {"text":"352"}
COMMAND: GET /session/cb7b95b3902b1ae43c22bb263709af6b/screenshot - {}
RESULT: {"text":"352"}
COMMAND: GET /session/cb7b95b3902b1ae43c22bb263709af6b/screenshot - {}
RESULT: {}
RESULT: {}
COMMAND: POST /session/cb7b95b3902b1ae43c22bb263709af6b/element - {"using":"xpath","value":"//li[.//span[text()='352']]"}
RESULT: {"using":"xpath","value":"//li[.//span[text()='352']]"}
COMMAND: POST /session/cb7b95b3902b1ae43c22bb263709af6b/element/f.3ED30099C5E6715D6E114BC18BB8030C.d.AD9D6BD3C244EC24613708DDC70935E3.e.3979/click - {}
RESULT: {}
COMMAND: GET /session/cb7b95b3902b1ae43c22bb263709af6b/screenshot - {}
RESULT: {}
COMMAND: POST /session/cb7b95b3902b1ae43c22bb263709af6b/execute/async - {"script":"<script> [1562 bytes]","args":[{"selector":{"id":"application-managehandovers-display-component---AddNewHO--ObjectPageLayout-anchBar-application-managehandovers-display-component---AddNewHO--section4-anchor","interaction":{"idSuffix":"BDI-content"}},"wdio_ui5_key":"applicationmanagehandovers-display-component---AddNewHO--ObjectPageLayout-anchBar-application-managehandovers-display-component---AddNewHO--section4-anchor"}]}
RESULT: {"script":"<script> [1562 bytes]","args":[{"selector":{"id":"application-managehandovers-display-component---AddNewHO--ObjectPageLayout-anchBar-application-managehandovers-display-component---AddNewHO--section4-anchor","interaction":{"idSuffix":"BDI-content"}},"wdio_ui5_key":"applicationmanagehandovers-display-component---AddNewHO--ObjectPageLayout-anchBar-application-managehandovers-display-component---AddNewHO--section4-anchor"}]}
RESULT: undefined
COMMAND: POST /session/cb7b95b3902b1ae43c22bb263709af6b/element - {"using":"xpath","value":"//*[@id=\"application-managehandovers-display-component---AddNewHO--ObjectPageLayout-anchBar-application-managehandovers-display-component---AddNewHO--section4-anchor\"]"}
RESULT: {"using":"xpath","value":"//*[@id=\"application-managehandovers-display-component---AddNewHO--ObjectPageLayout-anchBar-application-managehandovers-display-component---AddNewHO--section4-anchor\"]"}
COMMAND: POST /session/cb7b95b3902b1ae43c22bb263709af6b/element/f.3ED30099C5E6715D6E114BC18BB8030C.d.AD9D6BD3C244EC24613708DDC70935E3.e.3981/click - {}
RESULT: {}
COMMAND: POST /session/cb7b95b3902b1ae43c22bb263709af6b/element - {"using":"xpath","value":"//button[@aria-label=\"Add\"]"}
COMMAND: GET /session/cb7b95b3902b1ae43c22bb263709af6b/screenshot - {}
RESULT: {"using":"xpath","value":"//button[@aria-label=\"Add\"]"}
COMMAND: POST /session/cb7b95b3902b1ae43c22bb263709af6b/element/f.3ED30099C5E6715D6E114BC18BB8030C.d.AD9D6BD3C244EC24613708DDC70935E3.e.3983/click - {}
RESULT: {}
RESULT: {}
COMMAND: GET /session/cb7b95b3902b1ae43c22bb263709af6b/screenshot - {}
RESULT: {}
COMMAND: POST /session/cb7b95b3902b1ae43c22bb263709af6b/execute/async - {"script":"<script> [1562 bytes]","args":[{"selector":{"id":"application-managehandovers-display-component---AddNewHO--smartFilterBar-btnBasicSearch","searchOpenDialogs":true,"interaction":{"idSuffix":"I"}},"wdio_ui5_key":"applicationmanagehandovers-display-component---AddNewHO--smartFilterBar-btnBasicSearch"}]}
RESULT: {"script":"<script> [1562 bytes]","args":[{"selector":{"id":"application-managehandovers-display-component---AddNewHO--smartFilterBar-btnBasicSearch","searchOpenDialogs":true,"interaction":{"idSuffix":"I"}},"wdio_ui5_key":"applicationmanagehandovers-display-component---AddNewHO--smartFilterBar-btnBasicSearch"}]}
RESULT: undefined
COMMAND: POST /session/cb7b95b3902b1ae43c22bb263709af6b/execute/async - {"script":"<script> [776 bytes]","args":[{"enterText":"400019","selector":{"id":"application-managehandovers-display-component---AddNewHO--smartFilterBar-btnBasicSearch","searchOpenDialogs":true,"interaction":{"idSuffix":"I"}},"clearTextFirst":true,"interactionType":"ENTER_TEXT"}]}
RESULT: {"script":"<script> [776 bytes]","args":[{"enterText":"400019","selector":{"id":"application-managehandovers-display-component---AddNewHO--smartFilterBar-btnBasicSearch","searchOpenDialogs":true,"interaction":{"idSuffix":"I"}},"clearTextFirst":true,"interactionType":"ENTER_TEXT"}]}
COMMAND: POST /session/cb7b95b3902b1ae43c22bb263709af6b/actions - {"actions":[{"id":"action13","type":"key","parameters":{},"actions":[{"type":"keyDown","value":""},{"type":"pause","duration":10},{"type":"keyUp","value":""}]}]}
RESULT: {"actions":[{"id":"action13","type":"key","parameters":{},"actions":[{"type":"keyDown","value":""},{"type":"pause","duration":10},{"type":"keyUp","value":""}]}]}
COMMAND: GET /session/cb7b95b3902b1ae43c22bb263709af6b/screenshot - {}
RESULT: {}
COMMAND: POST /session/cb7b95b3902b1ae43c22bb263709af6b/execute/async - {"script":"<script> [1562 bytes]","args":[{"selector":{"id":"application-managehandovers-display-component---AddNewHO--popup-sa","searchOpenDialogs":true,"interaction":{"idSuffix":"CbBg"}},"wdio_ui5_key":"applicationmanagehandovers-display-component---AddNewHO--popup-sa"}]}
RESULT: {"script":"<script> [1562 bytes]","args":[{"selector":{"id":"application-managehandovers-display-component---AddNewHO--popup-sa","searchOpenDialogs":true,"interaction":{"idSuffix":"CbBg"}},"wdio_ui5_key":"applicationmanagehandovers-display-component---AddNewHO--popup-sa"}]}
RESULT: undefined
COMMAND: POST /session/cb7b95b3902b1ae43c22bb263709af6b/element - {"using":"xpath","value":"//*[@id=\"application-managehandovers-display-component---AddNewHO--popup-sa\"]"}
RESULT: {"using":"xpath","value":"//*[@id=\"application-managehandovers-display-component---AddNewHO--popup-sa\"]"}
COMMAND: POST /session/cb7b95b3902b1ae43c22bb263709af6b/element/f.3ED30099C5E6715D6E114BC18BB8030C.d.AD9D6BD3C244EC24613708DDC70935E3.e.4137/click - {}
RESULT: {}
COMMAND: GET /session/cb7b95b3902b1ae43c22bb263709af6b/screenshot - {}
RESULT: {}
COMMAND: POST /session/cb7b95b3902b1ae43c22bb263709af6b/element - {"using":"xpath","value":"//bdi[contains(text(), \"Select\")]"}
RESULT: {"using":"xpath","value":"//bdi[contains(text(), \"Select\")]"}
COMMAND: POST /session/cb7b95b3902b1ae43c22bb263709af6b/element/f.3ED30099C5E6715D6E114BC18BB8030C.d.AD9D6BD3C244EC24613708DDC70935E3.e.4138/click - {}
RESULT: {}
COMMAND: GET /session/cb7b95b3902b1ae43c22bb263709af6b/screenshot - {}
RESULT: {}
COMMAND: POST /session/cb7b95b3902b1ae43c22bb263709af6b/element - {"using":"xpath","value":"//button[@data-kt=\"AddNewHOSaveButton\"]"}
RESULT: {"using":"xpath","value":"//button[@data-kt=\"AddNewHOSaveButton\"]"}
COMMAND: POST /session/cb7b95b3902b1ae43c22bb263709af6b/element/f.3ED30099C5E6715D6E114BC18BB8030C.d.AD9D6BD3C244EC24613708DDC70935E3.e.4142/click - {}
RESULT: {}
COMMAND: GET /session/cb7b95b3902b1ae43c22bb263709af6b/screenshot - {}
RESULT: {}
COMMAND: POST /session/cb7b95b3902b1ae43c22bb263709af6b/execute/async - {"script":"<script> [1562 bytes]","args":[{"selector":{"id":"receiptDatePicker","viewName":"etm.portal.ui.managehandovers.view.DetailExecuteHO","interaction":{"idSuffix":"inner"}},"wdio_ui5_key":"receiptDatePickeretmportal.ui.managehandovers.view.DetailExecuteHO"}]}
RESULT: {"script":"<script> [1562 bytes]","args":[{"selector":{"id":"receiptDatePicker","viewName":"etm.portal.ui.managehandovers.view.DetailExecuteHO","interaction":{"idSuffix":"inner"}},"wdio_ui5_key":"receiptDatePickeretmportal.ui.managehandovers.view.DetailExecuteHO"}]}
RESULT: undefined
COMMAND: POST /session/cb7b95b3902b1ae43c22bb263709af6b/execute/async - {"script":"<script> [6424 bytes]","args":[{"element-6066-11e4-a52e-4f735466cecf":"f.3ED30099C5E6715D6E114BC18BB8030C.d.AD9D6BD3C244EC24613708DDC70935E3.e.4172"},"setValue",["5/26/25"]]}
RESULT: {"script":"<script> [6424 bytes]","args":[{"element-6066-11e4-a52e-4f735466cecf":"f.3ED30099C5E6715D6E114BC18BB8030C.d.AD9D6BD3C244EC24613708DDC70935E3.e.4172"},"setValue",["5/26/25"]]}
COMMAND: POST /session/cb7b95b3902b1ae43c22bb263709af6b/element - {"using":"xpath","value":"//button[@data-kt=\"ReceivingTableConfirmAllButton\"]"}
RESULT: {"using":"xpath","value":"//button[@data-kt=\"ReceivingTableConfirmAllButton\"]"}
COMMAND: POST /session/cb7b95b3902b1ae43c22bb263709af6b/element/f.3ED30099C5E6715D6E114BC18BB8030C.d.AD9D6BD3C244EC24613708DDC70935E3.e.4186/click - {}
RESULT: {}
COMMAND: GET /session/cb7b95b3902b1ae43c22bb263709af6b/screenshot - {}
RESULT: {}
COMMAND: POST /session/cb7b95b3902b1ae43c22bb263709af6b/element - {"using":"xpath","value":"//bdi[contains(text(), \"OK\")]"}
RESULT: {"using":"xpath","value":"//bdi[contains(text(), \"OK\")]"}
COMMAND: POST /session/cb7b95b3902b1ae43c22bb263709af6b/element/f.3ED30099C5E6715D6E114BC18BB8030C.d.AD9D6BD3C244EC24613708DDC70935E3.e.4188/click - {}
RESULT: {}
COMMAND: GET /session/cb7b95b3902b1ae43c22bb263709af6b/screenshot - {}
RESULT: {}
COMMAND: POST /session/cb7b95b3902b1ae43c22bb263709af6b/element - {"using":"xpath","value":"(//bdi[contains(text(), \"Receive\")])[2]"}
RESULT: {"using":"xpath","value":"(//bdi[contains(text(), \"Receive\")])[2]"}
COMMAND: POST /session/cb7b95b3902b1ae43c22bb263709af6b/element/f.3ED30099C5E6715D6E114BC18BB8030C.d.AD9D6BD3C244EC24613708DDC70935E3.e.4190/click - {}
RESULT: {}
COMMAND: GET /session/cb7b95b3902b1ae43c22bb263709af6b/screenshot - {}
RESULT: {}
COMMAND: POST /session/cb7b95b3902b1ae43c22bb263709af6b/element - {"using":"css selector","value":"#shell-header-logo"}
RESULT: {"using":"css selector","value":"#shell-header-logo"}
COMMAND: POST /session/cb7b95b3902b1ae43c22bb263709af6b/element/f.3ED30099C5E6715D6E114BC18BB8030C.d.AD9D6BD3C244EC24613708DDC70935E3.e.3577/click - {}
RESULT: {}
COMMAND: GET /session/cb7b95b3902b1ae43c22bb263709af6b/screenshot - {}
RESULT: {}
]]></system-out>
    </testcase>
    <testcase classname="chrome.136_0_7103_93.windows.Tests_for_Mass_State_Change_on_Manage_States_&amp;_Performances_US104416_US" name="Prereq Should create a new contract" time="60.025">
      <system-out><![CDATA[
COMMAND: POST /session/cb7b95b3902b1ae43c22bb263709af6b/execute/async - {"script":"<script> [1562 bytes]","args":[{"selector":{"controlType":"sap.m.GenericTile","properties":{"header":"Manage Contracts"}},"wdio_ui5_key":"sapm.GenericTile{\"header\":\"Manage Contracts\"}"}]}
RESULT: {"script":"<script> [1562 bytes]","args":[{"selector":{"controlType":"sap.m.GenericTile","properties":{"header":"Manage Contracts"}},"wdio_ui5_key":"sapm.GenericTile{\"header\":\"Manage Contracts\"}"}]}
RESULT: undefined
COMMAND: POST /session/cb7b95b3902b1ae43c22bb263709af6b/element - {"using":"xpath","value":"//*[@id=\"__tile130\"]"}
RESULT: {"using":"xpath","value":"//*[@id=\"__tile130\"]"}
COMMAND: POST /session/cb7b95b3902b1ae43c22bb263709af6b/element/f.3ED30099C5E6715D6E114BC18BB8030C.d.AD9D6BD3C244EC24613708DDC70935E3.e.2827/click - {}
RESULT: {}
COMMAND: GET /session/cb7b95b3902b1ae43c22bb263709af6b/screenshot - {}
RESULT: {}
COMMAND: POST /session/cb7b95b3902b1ae43c22bb263709af6b/elements - {"using":"xpath","value":"//span[text()='Error']"}
RESULT: {"using":"xpath","value":"//span[text()='Error']"}
COMMAND: POST /session/cb7b95b3902b1ae43c22bb263709af6b/element - {"using":"xpath","value":"//button[@data-kt=\"addButton\"]"}
RESULT: {"using":"xpath","value":"//button[@data-kt=\"addButton\"]"}
COMMAND: POST /session/cb7b95b3902b1ae43c22bb263709af6b/elements - {"using":"xpath","value":"//button[@data-kt=\"addButton\"]"}
RESULT: {"using":"xpath","value":"//button[@data-kt=\"addButton\"]"}
COMMAND: POST /session/cb7b95b3902b1ae43c22bb263709af6b/execute/sync - {"script":"<script> [8489 bytes]","args":[{"element-6066-11e4-a52e-4f735466cecf":"f.3ED30099C5E6715D6E114BC18BB8030C.d.AD9D6BD3C244EC24613708DDC70935E3.e.4410","ELEMENT":"f.3ED30099C5E6715D6E114BC18BB8030C.d.AD9D6BD3C244EC24613708DDC70935E3.e.4410"}]}
RESULT: {"script":"<script> [8489 bytes]","args":[{"element-6066-11e4-a52e-4f735466cecf":"f.3ED30099C5E6715D6E114BC18BB8030C.d.AD9D6BD3C244EC24613708DDC70935E3.e.4410","ELEMENT":"f.3ED30099C5E6715D6E114BC18BB8030C.d.AD9D6BD3C244EC24613708DDC70935E3.e.4410"}]}
COMMAND: GET /session/cb7b95b3902b1ae43c22bb263709af6b/element/f.3ED30099C5E6715D6E114BC18BB8030C.d.AD9D6BD3C244EC24613708DDC70935E3.e.4410/enabled - {}
COMMAND: GET /session/cb7b95b3902b1ae43c22bb263709af6b/screenshot - {}
RESULT: {}
COMMAND: POST /session/cb7b95b3902b1ae43c22bb263709af6b/execute/sync - {"script":"<script> [8489 bytes]","args":[{"element-6066-11e4-a52e-4f735466cecf":"f.3ED30099C5E6715D6E114BC18BB8030C.d.AD9D6BD3C244EC24613708DDC70935E3.e.4410","ELEMENT":"f.3ED30099C5E6715D6E114BC18BB8030C.d.AD9D6BD3C244EC24613708DDC70935E3.e.4410"}]}
COMMAND: GET /session/cb7b95b3902b1ae43c22bb263709af6b/screenshot - {}
RESULT: {}
RESULT: {"script":"<script> [8489 bytes]","args":[{"element-6066-11e4-a52e-4f735466cecf":"f.3ED30099C5E6715D6E114BC18BB8030C.d.AD9D6BD3C244EC24613708DDC70935E3.e.4410","ELEMENT":"f.3ED30099C5E6715D6E114BC18BB8030C.d.AD9D6BD3C244EC24613708DDC70935E3.e.4410"}]}
COMMAND: POST /session/cb7b95b3902b1ae43c22bb263709af6b/execute/sync - {"script":"<script> [5351 bytes]","args":[{"element-6066-11e4-a52e-4f735466cecf":"f.3ED30099C5E6715D6E114BC18BB8030C.d.AD9D6BD3C244EC24613708DDC70935E3.e.4410","ELEMENT":"f.3ED30099C5E6715D6E114BC18BB8030C.d.AD9D6BD3C244EC24613708DDC70935E3.e.4410"}]}
COMMAND: GET /session/cb7b95b3902b1ae43c22bb263709af6b/screenshot - {}
RESULT: {}
RESULT: {"script":"<script> [5351 bytes]","args":[{"element-6066-11e4-a52e-4f735466cecf":"f.3ED30099C5E6715D6E114BC18BB8030C.d.AD9D6BD3C244EC24613708DDC70935E3.e.4410","ELEMENT":"f.3ED30099C5E6715D6E114BC18BB8030C.d.AD9D6BD3C244EC24613708DDC70935E3.e.4410"}]}
COMMAND: GET /session/cb7b95b3902b1ae43c22bb263709af6b/screenshot - {}
RESULT: {}
RESULT: {}
COMMAND: POST /session/cb7b95b3902b1ae43c22bb263709af6b/element/f.3ED30099C5E6715D6E114BC18BB8030C.d.AD9D6BD3C244EC24613708DDC70935E3.e.4410/click - {}
RESULT: {}
COMMAND: GET /session/cb7b95b3902b1ae43c22bb263709af6b/screenshot - {}
COMMAND: POST /session/cb7b95b3902b1ae43c22bb263709af6b/execute/async - {"script":"<script> [1562 bytes]","args":[{"selector":{"id":"application-managecontracts-display-component---AddNewContract--projectDescription","interaction":{"idSuffix":"inner"}},"wdio_ui5_key":"applicationmanagecontracts-display-component---AddNewContract--projectDescription"}]}
RESULT: {}
RESULT: {"script":"<script> [1562 bytes]","args":[{"selector":{"id":"application-managecontracts-display-component---AddNewContract--projectDescription","interaction":{"idSuffix":"inner"}},"wdio_ui5_key":"applicationmanagecontracts-display-component---AddNewContract--projectDescription"}]}
RESULT: undefined
COMMAND: POST /session/cb7b95b3902b1ae43c22bb263709af6b/execute/async - {"script":"<script> [776 bytes]","args":[{"enterText":"Contract WDIO","selector":{"id":"application-managecontracts-display-component---AddNewContract--projectDescription","interaction":{"idSuffix":"inner"}},"clearTextFirst":true,"interactionType":"ENTER_TEXT"}]}
RESULT: {"script":"<script> [776 bytes]","args":[{"enterText":"Contract WDIO","selector":{"id":"application-managecontracts-display-component---AddNewContract--projectDescription","interaction":{"idSuffix":"inner"}},"clearTextFirst":true,"interactionType":"ENTER_TEXT"}]}
COMMAND: POST /session/cb7b95b3902b1ae43c22bb263709af6b/element - {"using":"xpath","value":"//input[@id=\"application-managecontracts-display-component---AddNewContract--site-inner\"]"}
RESULT: {"using":"xpath","value":"//input[@id=\"application-managecontracts-display-component---AddNewContract--site-inner\"]"}
COMMAND: POST /session/cb7b95b3902b1ae43c22bb263709af6b/element/f.3ED30099C5E6715D6E114BC18BB8030C.d.AD9D6BD3C244EC24613708DDC70935E3.e.4728/clear - {}
RESULT: {}
COMMAND: POST /session/cb7b95b3902b1ae43c22bb263709af6b/element/f.3ED30099C5E6715D6E114BC18BB8030C.d.AD9D6BD3C244EC24613708DDC70935E3.e.4728/value - {"text":"2167"}
COMMAND: GET /session/cb7b95b3902b1ae43c22bb263709af6b/screenshot - {}
RESULT: {"text":"2167"}
COMMAND: GET /session/cb7b95b3902b1ae43c22bb263709af6b/screenshot - {}
RESULT: {}
RESULT: {}
COMMAND: POST /session/cb7b95b3902b1ae43c22bb263709af6b/element - {"using":"xpath","value":"//li[.//span[text()='2167']]"}
RESULT: {"using":"xpath","value":"//li[.//span[text()='2167']]"}
COMMAND: POST /session/cb7b95b3902b1ae43c22bb263709af6b/element/f.3ED30099C5E6715D6E114BC18BB8030C.d.AD9D6BD3C244EC24613708DDC70935E3.e.4811/click - {}
RESULT: {}
COMMAND: GET /session/cb7b95b3902b1ae43c22bb263709af6b/screenshot - {}
RESULT: {}
COMMAND: POST /session/cb7b95b3902b1ae43c22bb263709af6b/element - {"using":"xpath","value":"//input[@id=\"application-managecontracts-display-component---AddNewContract--yardId-inner\"]"}
RESULT: {"using":"xpath","value":"//input[@id=\"application-managecontracts-display-component---AddNewContract--yardId-inner\"]"}
COMMAND: GET /session/cb7b95b3902b1ae43c22bb263709af6b/element/f.3ED30099C5E6715D6E114BC18BB8030C.d.AD9D6BD3C244EC24613708DDC70935E3.e.4729/property/value - {}
RESULT: {}
COMMAND: POST /session/cb7b95b3902b1ae43c22bb263709af6b/element - {"using":"xpath","value":"//input[@id=\"application-managecontracts-display-component---AddNewContract--customerSelect-inner\"]"}
COMMAND: GET /session/cb7b95b3902b1ae43c22bb263709af6b/screenshot - {}
RESULT: {"using":"xpath","value":"//input[@id=\"application-managecontracts-display-component---AddNewContract--customerSelect-inner\"]"}
COMMAND: POST /session/cb7b95b3902b1ae43c22bb263709af6b/element/f.3ED30099C5E6715D6E114BC18BB8030C.d.AD9D6BD3C244EC24613708DDC70935E3.e.4727/clear - {}
RESULT: {}
RESULT: {}
COMMAND: POST /session/cb7b95b3902b1ae43c22bb263709af6b/element/f.3ED30099C5E6715D6E114BC18BB8030C.d.AD9D6BD3C244EC24613708DDC70935E3.e.4727/value - {"text":"1183"}
COMMAND: GET /session/cb7b95b3902b1ae43c22bb263709af6b/screenshot - {}
RESULT: {"text":"1183"}
COMMAND: GET /session/cb7b95b3902b1ae43c22bb263709af6b/screenshot - {}
RESULT: {}
RESULT: {}
COMMAND: POST /session/cb7b95b3902b1ae43c22bb263709af6b/element - {"using":"xpath","value":"//li[.//span[text()='1183']]"}
RESULT: {"using":"xpath","value":"//li[.//span[text()='1183']]"}
COMMAND: POST /session/cb7b95b3902b1ae43c22bb263709af6b/element/f.3ED30099C5E6715D6E114BC18BB8030C.d.AD9D6BD3C244EC24613708DDC70935E3.e.4814/click - {}
RESULT: {}
COMMAND: GET /session/cb7b95b3902b1ae43c22bb263709af6b/screenshot - {}
RESULT: {}
COMMAND: POST /session/cb7b95b3902b1ae43c22bb263709af6b/element - {"using":"xpath","value":"//button[@data-kt=\"saveButton\"]"}
RESULT: {"using":"xpath","value":"//button[@data-kt=\"saveButton\"]"}
COMMAND: POST /session/cb7b95b3902b1ae43c22bb263709af6b/element/f.3ED30099C5E6715D6E114BC18BB8030C.d.AD9D6BD3C244EC24613708DDC70935E3.e.4804/click - {}
RESULT: {}
COMMAND: GET /session/cb7b95b3902b1ae43c22bb263709af6b/screenshot - {}
RESULT: {}
COMMAND: POST /session/cb7b95b3902b1ae43c22bb263709af6b/element - {"using":"xpath","value":"//span[contains(@id ,\"contractDetailTitleNoExpanded\")]"}
RESULT: {"using":"xpath","value":"//span[contains(@id ,\"contractDetailTitleNoExpanded\")]"}
COMMAND: POST /session/cb7b95b3902b1ae43c22bb263709af6b/elements - {"using":"xpath","value":"//span[contains(@id ,\"contractDetailTitleNoExpanded\")]"}
RESULT: {"using":"xpath","value":"//span[contains(@id ,\"contractDetailTitleNoExpanded\")]"}
COMMAND: POST /session/cb7b95b3902b1ae43c22bb263709af6b/execute/sync - {"script":"<script> [56 bytes]","args":[{"element-6066-11e4-a52e-4f735466cecf":"f.3ED30099C5E6715D6E114BC18BB8030C.d.AD9D6BD3C244EC24613708DDC70935E3.e.4885","ELEMENT":"f.3ED30099C5E6715D6E114BC18BB8030C.d.AD9D6BD3C244EC24613708DDC70935E3.e.4885"}]}
RESULT: {"script":"<script> [56 bytes]","args":[{"element-6066-11e4-a52e-4f735466cecf":"f.3ED30099C5E6715D6E114BC18BB8030C.d.AD9D6BD3C244EC24613708DDC70935E3.e.4885","ELEMENT":"f.3ED30099C5E6715D6E114BC18BB8030C.d.AD9D6BD3C244EC24613708DDC70935E3.e.4885"}]}
COMMAND: GET /session/cb7b95b3902b1ae43c22bb263709af6b/screenshot - {}
RESULT: {}
]]></system-out>
    </testcase>
    <testcase classname="chrome.136_0_7103_93.windows.Tests_for_Mass_State_Change_on_Manage_States_&amp;_Performances_US104416_US" name="Prereq Should add created equipment to contract but to have the item 2 days earlier" time="65.969">
      <system-out><![CDATA[
COMMAND: POST /session/cb7b95b3902b1ae43c22bb263709af6b/element - {"using":"xpath","value":"//button[@data-kt=\"contractDetailEditBtnButton\"]"}
RESULT: {"using":"xpath","value":"//button[@data-kt=\"contractDetailEditBtnButton\"]"}
COMMAND: POST /session/cb7b95b3902b1ae43c22bb263709af6b/element/f.3ED30099C5E6715D6E114BC18BB8030C.d.AD9D6BD3C244EC24613708DDC70935E3.e.4888/click - {}
RESULT: {}
COMMAND: GET /session/cb7b95b3902b1ae43c22bb263709af6b/screenshot - {}
RESULT: {}
COMMAND: POST /session/cb7b95b3902b1ae43c22bb263709af6b/element - {"using":"xpath","value":"(//span[contains(text(), \"Additional Addresses\")])[2]"}
RESULT: {"using":"xpath","value":"(//span[contains(text(), \"Additional Addresses\")])[2]"}
COMMAND: POST /session/cb7b95b3902b1ae43c22bb263709af6b/element/f.3ED30099C5E6715D6E114BC18BB8030C.d.AD9D6BD3C244EC24613708DDC70935E3.e.4944/click - {}
RESULT: {}
COMMAND: GET /session/cb7b95b3902b1ae43c22bb263709af6b/screenshot - {}
RESULT: {}
COMMAND: POST /session/cb7b95b3902b1ae43c22bb263709af6b/element - {"using":"xpath","value":"//button[@data-kt=\"btnAddTableRowOverflowToolbarButton\"]"}
RESULT: {"using":"xpath","value":"//button[@data-kt=\"btnAddTableRowOverflowToolbarButton\"]"}
COMMAND: POST /session/cb7b95b3902b1ae43c22bb263709af6b/element/f.3ED30099C5E6715D6E114BC18BB8030C.d.AD9D6BD3C244EC24613708DDC70935E3.e.4946/click - {}
RESULT: {}
COMMAND: GET /session/cb7b95b3902b1ae43c22bb263709af6b/screenshot - {}
RESULT: {}
COMMAND: POST /session/cb7b95b3902b1ae43c22bb263709af6b/element - {"using":"xpath","value":"//div[(text() = 'Standard Entry' or . = 'Standard Entry')]"}
RESULT: {"using":"xpath","value":"//div[(text() = 'Standard Entry' or . = 'Standard Entry')]"}
COMMAND: POST /session/cb7b95b3902b1ae43c22bb263709af6b/element/f.3ED30099C5E6715D6E114BC18BB8030C.d.AD9D6BD3C244EC24613708DDC70935E3.e.4948/click - {}
RESULT: {}
COMMAND: GET /session/cb7b95b3902b1ae43c22bb263709af6b/screenshot - {}
RESULT: {}
COMMAND: POST /session/cb7b95b3902b1ae43c22bb263709af6b/element - {"using":"xpath","value":"//td[6]/div/div/div/span"}
RESULT: {"using":"xpath","value":"//td[6]/div/div/div/span"}
COMMAND: POST /session/cb7b95b3902b1ae43c22bb263709af6b/element/f.3ED30099C5E6715D6E114BC18BB8030C.d.AD9D6BD3C244EC24613708DDC70935E3.e.4960/click - {}
RESULT: {}
COMMAND: GET /session/cb7b95b3902b1ae43c22bb263709af6b/screenshot - {}
RESULT: {}
COMMAND: POST /session/cb7b95b3902b1ae43c22bb263709af6b/element - {"using":"xpath","value":"(//span[contains(text(), \"Equi Multipart\")])"}
RESULT: {"using":"xpath","value":"(//span[contains(text(), \"Equi Multipart\")])"}
COMMAND: POST /session/cb7b95b3902b1ae43c22bb263709af6b/element/f.3ED30099C5E6715D6E114BC18BB8030C.d.AD9D6BD3C244EC24613708DDC70935E3.e.4961/click - {}
RESULT: {}
COMMAND: GET /session/cb7b95b3902b1ae43c22bb263709af6b/screenshot - {}
RESULT: {}
COMMAND: POST /session/cb7b95b3902b1ae43c22bb263709af6b/element - {"using":"xpath","value":"//td[7]/div/div/input"}
RESULT: {"using":"xpath","value":"//td[7]/div/div/input"}
COMMAND: POST /session/cb7b95b3902b1ae43c22bb263709af6b/element/f.3ED30099C5E6715D6E114BC18BB8030C.d.AD9D6BD3C244EC24613708DDC70935E3.e.4965/clear - {}
RESULT: {}
COMMAND: POST /session/cb7b95b3902b1ae43c22bb263709af6b/element/f.3ED30099C5E6715D6E114BC18BB8030C.d.AD9D6BD3C244EC24613708DDC70935E3.e.4965/value - {"text":"400019"}
COMMAND: GET /session/cb7b95b3902b1ae43c22bb263709af6b/screenshot - {}
RESULT: {"text":"400019"}
COMMAND: GET /session/cb7b95b3902b1ae43c22bb263709af6b/screenshot - {}
RESULT: {}
RESULT: {}
COMMAND: POST /session/cb7b95b3902b1ae43c22bb263709af6b/actions - {"actions":[{"id":"action14","type":"key","parameters":{},"actions":[{"type":"keyDown","value":""},{"type":"pause","duration":10},{"type":"keyUp","value":""}]}]}
RESULT: {"actions":[{"id":"action14","type":"key","parameters":{},"actions":[{"type":"keyDown","value":""},{"type":"pause","duration":10},{"type":"keyUp","value":""}]}]}
COMMAND: GET /session/cb7b95b3902b1ae43c22bb263709af6b/screenshot - {}
RESULT: {}
COMMAND: POST /session/cb7b95b3902b1ae43c22bb263709af6b/execute/sync - {"script":"<script> [276 bytes]","args":["No pricing information was found"]}
RESULT: {"script":"<script> [276 bytes]","args":["No pricing information was found"]}
COMMAND: POST /session/cb7b95b3902b1ae43c22bb263709af6b/element - {"using":"xpath","value":"//bdi[contains(text(), \"OK\")]"}
COMMAND: GET /session/cb7b95b3902b1ae43c22bb263709af6b/screenshot - {}
RESULT: {"using":"xpath","value":"//bdi[contains(text(), \"OK\")]"}
COMMAND: POST /session/cb7b95b3902b1ae43c22bb263709af6b/element/f.3ED30099C5E6715D6E114BC18BB8030C.d.AD9D6BD3C244EC24613708DDC70935E3.e.4991/click - {}
RESULT: {}
RESULT: {}
COMMAND: GET /session/cb7b95b3902b1ae43c22bb263709af6b/screenshot - {}
RESULT: {}
COMMAND: POST /session/cb7b95b3902b1ae43c22bb263709af6b/element - {"using":"xpath","value":"//td[19]/div/div/input"}
RESULT: {"using":"xpath","value":"//td[19]/div/div/input"}
COMMAND: POST /session/cb7b95b3902b1ae43c22bb263709af6b/element/f.3ED30099C5E6715D6E114BC18BB8030C.d.AD9D6BD3C244EC24613708DDC70935E3.e.4988/clear - {}
RESULT: {}
COMMAND: POST /session/cb7b95b3902b1ae43c22bb263709af6b/element/f.3ED30099C5E6715D6E114BC18BB8030C.d.AD9D6BD3C244EC24613708DDC70935E3.e.4988/value - {"text":"5/24/25"}
COMMAND: GET /session/cb7b95b3902b1ae43c22bb263709af6b/screenshot - {}
RESULT: {"text":"5/24/25"}
COMMAND: GET /session/cb7b95b3902b1ae43c22bb263709af6b/screenshot - {}
RESULT: {}
RESULT: {}
COMMAND: POST /session/cb7b95b3902b1ae43c22bb263709af6b/element - {"using":"xpath","value":"(//button[@data-kt=\"saveButton\"])[2]"}
RESULT: {"using":"xpath","value":"(//button[@data-kt=\"saveButton\"])[2]"}
COMMAND: POST /session/cb7b95b3902b1ae43c22bb263709af6b/element/f.3ED30099C5E6715D6E114BC18BB8030C.d.AD9D6BD3C244EC24613708DDC70935E3.e.4993/click - {}
RESULT: {}
COMMAND: GET /session/cb7b95b3902b1ae43c22bb263709af6b/screenshot - {}
RESULT: {}
COMMAND: POST /session/cb7b95b3902b1ae43c22bb263709af6b/execute/sync - {"script":"<script> [276 bytes]","args":["Some contract items are having rental validity exceeding header rental validity"]}
RESULT: {"script":"<script> [276 bytes]","args":["Some contract items are having rental validity exceeding header rental validity"]}
COMMAND: POST /session/cb7b95b3902b1ae43c22bb263709af6b/element - {"using":"xpath","value":"//bdi[contains(text(), \"OK\")]"}
COMMAND: GET /session/cb7b95b3902b1ae43c22bb263709af6b/screenshot - {}
RESULT: {}
RESULT: {"using":"xpath","value":"//bdi[contains(text(), \"OK\")]"}
COMMAND: POST /session/cb7b95b3902b1ae43c22bb263709af6b/element/f.3ED30099C5E6715D6E114BC18BB8030C.d.AD9D6BD3C244EC24613708DDC70935E3.e.4997/click - {}
RESULT: {}
COMMAND: GET /session/cb7b95b3902b1ae43c22bb263709af6b/screenshot - {}
RESULT: {}
COMMAND: POST /session/cb7b95b3902b1ae43c22bb263709af6b/element - {"using":"xpath","value":"//span[contains(@id ,\"contractItemsSmartTable-header-inner\")]"}
RESULT: {"using":"xpath","value":"//span[contains(@id ,\"contractItemsSmartTable-header-inner\")]"}
COMMAND: POST /session/cb7b95b3902b1ae43c22bb263709af6b/elements - {"using":"xpath","value":"//span[contains(@id ,\"contractItemsSmartTable-header-inner\")]"}
RESULT: {"using":"xpath","value":"//span[contains(@id ,\"contractItemsSmartTable-header-inner\")]"}
COMMAND: POST /session/cb7b95b3902b1ae43c22bb263709af6b/execute/sync - {"script":"<script> [56 bytes]","args":[{"element-6066-11e4-a52e-4f735466cecf":"f.3ED30099C5E6715D6E114BC18BB8030C.d.AD9D6BD3C244EC24613708DDC70935E3.e.5003","ELEMENT":"f.3ED30099C5E6715D6E114BC18BB8030C.d.AD9D6BD3C244EC24613708DDC70935E3.e.5003"}]}
RESULT: {"script":"<script> [56 bytes]","args":[{"element-6066-11e4-a52e-4f735466cecf":"f.3ED30099C5E6715D6E114BC18BB8030C.d.AD9D6BD3C244EC24613708DDC70935E3.e.5003","ELEMENT":"f.3ED30099C5E6715D6E114BC18BB8030C.d.AD9D6BD3C244EC24613708DDC70935E3.e.5003"}]}
COMMAND: GET /session/cb7b95b3902b1ae43c22bb263709af6b/screenshot - {}
]]></system-out>
    </testcase>
    <testcase classname="chrome.136_0_7103_93.windows.Tests_for_Mass_State_Change_on_Manage_States_&amp;_Performances_US104416_US" name="Prereq Should do a provide to site handover for today" time="60.953">
      <system-out><![CDATA[
COMMAND: POST /session/cb7b95b3902b1ae43c22bb263709af6b/element - {"using":"xpath","value":"//button[@data-kt=\"provideButton\"]"}
RESULT: {}
RESULT: {"using":"xpath","value":"//button[@data-kt=\"provideButton\"]"}
COMMAND: POST /session/cb7b95b3902b1ae43c22bb263709af6b/element/f.3ED30099C5E6715D6E114BC18BB8030C.d.AD9D6BD3C244EC24613708DDC70935E3.e.5005/click - {}
RESULT: {}
COMMAND: GET /session/cb7b95b3902b1ae43c22bb263709af6b/screenshot - {}
RESULT: undefined
COMMAND: POST /session/cb7b95b3902b1ae43c22bb263709af6b/execute/async - {"script":"<script> [6424 bytes]","args":[{"element-6066-11e4-a52e-4f735466cecf":"f.3ED30099C5E6715D6E114BC18BB8030C.d.AD9D6BD3C244EC24613708DDC70935E3.e.3957"},"setValue",["5/26/25"]]}
RESULT: {}
COMMAND: POST /session/cb7b95b3902b1ae43c22bb263709af6b/execute/async - {"script":"<script> [1562 bytes]","args":[{"selector":{"id":"application-managehandovers-display-component---AddNewHO--dueDate","interaction":{"idSuffix":"inner"}},"wdio_ui5_key":"applicationmanagehandovers-display-component---AddNewHO--dueDate"}]}
RESULT: {"script":"<script> [1562 bytes]","args":[{"selector":{"id":"application-managehandovers-display-component---AddNewHO--dueDate","interaction":{"idSuffix":"inner"}},"wdio_ui5_key":"applicationmanagehandovers-display-component---AddNewHO--dueDate"}]}
COMMAND: POST /session/cb7b95b3902b1ae43c22bb263709af6b/execute/async - {"script":"<script> [6424 bytes]","args":[{"element-6066-11e4-a52e-4f735466cecf":"f.3ED30099C5E6715D6E114BC18BB8030C.d.AD9D6BD3C244EC24613708DDC70935E3.e.5062"},"setValue",["5/26/25"]]}
RESULT: {"script":"<script> [6424 bytes]","args":[{"element-6066-11e4-a52e-4f735466cecf":"f.3ED30099C5E6715D6E114BC18BB8030C.d.AD9D6BD3C244EC24613708DDC70935E3.e.5062"},"setValue",["5/26/25"]]}
COMMAND: POST /session/cb7b95b3902b1ae43c22bb263709af6b/element - {"using":"xpath","value":"//bdi[contains(text(), \"Instructions\")]"}
RESULT: {"using":"xpath","value":"//bdi[contains(text(), \"Instructions\")]"}
COMMAND: POST /session/cb7b95b3902b1ae43c22bb263709af6b/element/f.3ED30099C5E6715D6E114BC18BB8030C.d.AD9D6BD3C244EC24613708DDC70935E3.e.5324/click - {}
RESULT: {}
COMMAND: GET /session/cb7b95b3902b1ae43c22bb263709af6b/screenshot - {}
RESULT: {}
COMMAND: POST /session/cb7b95b3902b1ae43c22bb263709af6b/element - {"using":"xpath","value":"//button[@data-kt=\"AddNewHOProvideAddItemsButton\"]"}
RESULT: {"using":"xpath","value":"//button[@data-kt=\"AddNewHOProvideAddItemsButton\"]"}
COMMAND: POST /session/cb7b95b3902b1ae43c22bb263709af6b/element/f.3ED30099C5E6715D6E114BC18BB8030C.d.AD9D6BD3C244EC24613708DDC70935E3.e.5328/click - {}
RESULT: {}
COMMAND: GET /session/cb7b95b3902b1ae43c22bb263709af6b/screenshot - {}
RESULT: {}
RESULT: undefined
COMMAND: POST /session/cb7b95b3902b1ae43c22bb263709af6b/element - {"using":"xpath","value":"//*[@id=\"application-managehandovers-display-component---AddNewHO--popup-sa\"]"}
RESULT: {"using":"xpath","value":"//*[@id=\"application-managehandovers-display-component---AddNewHO--popup-sa\"]"}
COMMAND: POST /session/cb7b95b3902b1ae43c22bb263709af6b/element/f.3ED30099C5E6715D6E114BC18BB8030C.d.AD9D6BD3C244EC24613708DDC70935E3.e.5338/click - {}
RESULT: {}
COMMAND: GET /session/cb7b95b3902b1ae43c22bb263709af6b/screenshot - {}
RESULT: {}
COMMAND: POST /session/cb7b95b3902b1ae43c22bb263709af6b/element - {"using":"xpath","value":"//*[contains(@id ,\"BDI-content\")][contains(text(), \"Select\")]"}
RESULT: {"using":"xpath","value":"//*[contains(@id ,\"BDI-content\")][contains(text(), \"Select\")]"}
COMMAND: POST /session/cb7b95b3902b1ae43c22bb263709af6b/element/f.3ED30099C5E6715D6E114BC18BB8030C.d.AD9D6BD3C244EC24613708DDC70935E3.e.5339/click - {}
RESULT: {}
COMMAND: GET /session/cb7b95b3902b1ae43c22bb263709af6b/screenshot - {}
RESULT: {}
COMMAND: POST /session/cb7b95b3902b1ae43c22bb263709af6b/execute/async - {"script":"<script> [1562 bytes]","args":[{"selector":{"id":"application-managehandovers-display-component---AddNewHO--confirmCreationButton","interaction":{"idSuffix":"BDI-content"}},"wdio_ui5_key":"applicationmanagehandovers-display-component---AddNewHO--confirmCreationButton"}]}
RESULT: {"script":"<script> [1562 bytes]","args":[{"selector":{"id":"application-managehandovers-display-component---AddNewHO--confirmCreationButton","interaction":{"idSuffix":"BDI-content"}},"wdio_ui5_key":"applicationmanagehandovers-display-component---AddNewHO--confirmCreationButton"}]}
RESULT: undefined
COMMAND: POST /session/cb7b95b3902b1ae43c22bb263709af6b/element - {"using":"xpath","value":"//*[@id=\"application-managehandovers-display-component---AddNewHO--confirmCreationButton\"]"}
RESULT: {"using":"xpath","value":"//*[@id=\"application-managehandovers-display-component---AddNewHO--confirmCreationButton\"]"}
COMMAND: POST /session/cb7b95b3902b1ae43c22bb263709af6b/element/f.3ED30099C5E6715D6E114BC18BB8030C.d.AD9D6BD3C244EC24613708DDC70935E3.e.5129/click - {}
RESULT: {}
COMMAND: GET /session/cb7b95b3902b1ae43c22bb263709af6b/screenshot - {}
RESULT: {}
COMMAND: POST /session/cb7b95b3902b1ae43c22bb263709af6b/execute/async - {"script":"<script> [1562 bytes]","args":[{"selector":{"id":"issueDatePicker","viewName":"etm.portal.ui.managehandovers.view.DetailExecuteHO","interaction":{"idSuffix":"inner"}},"wdio_ui5_key":"issueDatePickeretmportal.ui.managehandovers.view.DetailExecuteHO"}]}
RESULT: {"script":"<script> [1562 bytes]","args":[{"selector":{"id":"issueDatePicker","viewName":"etm.portal.ui.managehandovers.view.DetailExecuteHO","interaction":{"idSuffix":"inner"}},"wdio_ui5_key":"issueDatePickeretmportal.ui.managehandovers.view.DetailExecuteHO"}]}
RESULT: undefined
COMMAND: POST /session/cb7b95b3902b1ae43c22bb263709af6b/execute/async - {"script":"<script> [776 bytes]","args":[{"enterText":"5/26/25","selector":{"id":"issueDatePicker","viewName":"etm.portal.ui.managehandovers.view.DetailExecuteHO","interaction":{"idSuffix":"inner"}},"clearTextFirst":true,"interactionType":"ENTER_TEXT"}]}
RESULT: {"script":"<script> [776 bytes]","args":[{"enterText":"5/26/25","selector":{"id":"issueDatePicker","viewName":"etm.portal.ui.managehandovers.view.DetailExecuteHO","interaction":{"idSuffix":"inner"}},"clearTextFirst":true,"interactionType":"ENTER_TEXT"}]}
COMMAND: POST /session/cb7b95b3902b1ae43c22bb263709af6b/element - {"using":"xpath","value":"//button[@data-kt=\"PickingTableConfirmAllButton\"]"}
RESULT: {"using":"xpath","value":"//button[@data-kt=\"PickingTableConfirmAllButton\"]"}
COMMAND: POST /session/cb7b95b3902b1ae43c22bb263709af6b/element/f.3ED30099C5E6715D6E114BC18BB8030C.d.AD9D6BD3C244EC24613708DDC70935E3.e.5394/click - {}
RESULT: {}
COMMAND: GET /session/cb7b95b3902b1ae43c22bb263709af6b/screenshot - {}
RESULT: {}
COMMAND: POST /session/cb7b95b3902b1ae43c22bb263709af6b/element - {"using":"xpath","value":"//bdi[contains(text(), \"OK\")]"}
RESULT: {"using":"xpath","value":"//bdi[contains(text(), \"OK\")]"}
COMMAND: POST /session/cb7b95b3902b1ae43c22bb263709af6b/element/f.3ED30099C5E6715D6E114BC18BB8030C.d.AD9D6BD3C244EC24613708DDC70935E3.e.5397/click - {}
RESULT: {}
COMMAND: GET /session/cb7b95b3902b1ae43c22bb263709af6b/screenshot - {}
RESULT: {}
COMMAND: POST /session/cb7b95b3902b1ae43c22bb263709af6b/element - {"using":"xpath","value":"//bdi[contains(text(), \"Issue\")]"}
RESULT: {"using":"xpath","value":"//bdi[contains(text(), \"Issue\")]"}
COMMAND: POST /session/cb7b95b3902b1ae43c22bb263709af6b/element/f.3ED30099C5E6715D6E114BC18BB8030C.d.AD9D6BD3C244EC24613708DDC70935E3.e.5401/click - {}
RESULT: {}
COMMAND: GET /session/cb7b95b3902b1ae43c22bb263709af6b/screenshot - {}
RESULT: {}
COMMAND: POST /session/cb7b95b3902b1ae43c22bb263709af6b/element - {"using":"css selector","value":"#shell-header-logo"}
RESULT: {"using":"css selector","value":"#shell-header-logo"}
COMMAND: POST /session/cb7b95b3902b1ae43c22bb263709af6b/element/f.3ED30099C5E6715D6E114BC18BB8030C.d.AD9D6BD3C244EC24613708DDC70935E3.e.4364/click - {}
RESULT: {}
COMMAND: GET /session/cb7b95b3902b1ae43c22bb263709af6b/screenshot - {}
RESULT: {}
]]></system-out>
    </testcase>
    <testcase classname="chrome.136_0_7103_93.windows.Tests_for_Mass_State_Change_on_Manage_States_&amp;_Performances_US104416_US" name="Should do mass state change on the RU equip multipart 2 days in the future US104416" time="68.913">
      <system-out><![CDATA[
COMMAND: POST /session/cb7b95b3902b1ae43c22bb263709af6b/execute/async - {"script":"<script> [1562 bytes]","args":[{"selector":{"controlType":"sap.m.GenericTile","properties":{"header":"Manage States & Performance"}},"wdio_ui5_key":"sapm.GenericTile{\"header\":\"Manage States & Performance\"}"}]}
RESULT: {"script":"<script> [1562 bytes]","args":[{"selector":{"controlType":"sap.m.GenericTile","properties":{"header":"Manage States & Performance"}},"wdio_ui5_key":"sapm.GenericTile{\"header\":\"Manage States & Performance\"}"}]}
RESULT: undefined
COMMAND: POST /session/cb7b95b3902b1ae43c22bb263709af6b/element - {"using":"xpath","value":"//*[@id=\"__tile96\"]"}
RESULT: {"using":"xpath","value":"//*[@id=\"__tile96\"]"}
COMMAND: POST /session/cb7b95b3902b1ae43c22bb263709af6b/element/f.3ED30099C5E6715D6E114BC18BB8030C.d.AD9D6BD3C244EC24613708DDC70935E3.e.2883/click - {}
RESULT: {}
COMMAND: GET /session/cb7b95b3902b1ae43c22bb263709af6b/screenshot - {}
RESULT: {}
COMMAND: POST /session/cb7b95b3902b1ae43c22bb263709af6b/elements - {"using":"xpath","value":"//span[text()='Error']"}
RESULT: {"using":"xpath","value":"//span[text()='Error']"}
COMMAND: POST /session/cb7b95b3902b1ae43c22bb263709af6b/element - {"using":"xpath","value":"//button[contains(@id, \"btnMassStateChange\")]"}
RESULT: {"using":"xpath","value":"//button[contains(@id, \"btnMassStateChange\")]"}
COMMAND: POST /session/cb7b95b3902b1ae43c22bb263709af6b/elements - {"using":"xpath","value":"//button[contains(@id, \"btnMassStateChange\")]"}
RESULT: {"using":"xpath","value":"//button[contains(@id, \"btnMassStateChange\")]"}
COMMAND: POST /session/cb7b95b3902b1ae43c22bb263709af6b/execute/sync - {"script":"<script> [8489 bytes]","args":[{"element-6066-11e4-a52e-4f735466cecf":"f.3ED30099C5E6715D6E114BC18BB8030C.d.AD9D6BD3C244EC24613708DDC70935E3.e.5619","ELEMENT":"f.3ED30099C5E6715D6E114BC18BB8030C.d.AD9D6BD3C244EC24613708DDC70935E3.e.5619"}]}
RESULT: {"script":"<script> [8489 bytes]","args":[{"element-6066-11e4-a52e-4f735466cecf":"f.3ED30099C5E6715D6E114BC18BB8030C.d.AD9D6BD3C244EC24613708DDC70935E3.e.5619","ELEMENT":"f.3ED30099C5E6715D6E114BC18BB8030C.d.AD9D6BD3C244EC24613708DDC70935E3.e.5619"}]}
COMMAND: GET /session/cb7b95b3902b1ae43c22bb263709af6b/element/f.3ED30099C5E6715D6E114BC18BB8030C.d.AD9D6BD3C244EC24613708DDC70935E3.e.5619/enabled - {}
COMMAND: GET /session/cb7b95b3902b1ae43c22bb263709af6b/screenshot - {}
RESULT: {}
COMMAND: POST /session/cb7b95b3902b1ae43c22bb263709af6b/execute/sync - {"script":"<script> [8489 bytes]","args":[{"element-6066-11e4-a52e-4f735466cecf":"f.3ED30099C5E6715D6E114BC18BB8030C.d.AD9D6BD3C244EC24613708DDC70935E3.e.5619","ELEMENT":"f.3ED30099C5E6715D6E114BC18BB8030C.d.AD9D6BD3C244EC24613708DDC70935E3.e.5619"}]}
COMMAND: GET /session/cb7b95b3902b1ae43c22bb263709af6b/screenshot - {}
RESULT: {}
RESULT: {"script":"<script> [8489 bytes]","args":[{"element-6066-11e4-a52e-4f735466cecf":"f.3ED30099C5E6715D6E114BC18BB8030C.d.AD9D6BD3C244EC24613708DDC70935E3.e.5619","ELEMENT":"f.3ED30099C5E6715D6E114BC18BB8030C.d.AD9D6BD3C244EC24613708DDC70935E3.e.5619"}]}
COMMAND: POST /session/cb7b95b3902b1ae43c22bb263709af6b/execute/sync - {"script":"<script> [5351 bytes]","args":[{"element-6066-11e4-a52e-4f735466cecf":"f.3ED30099C5E6715D6E114BC18BB8030C.d.AD9D6BD3C244EC24613708DDC70935E3.e.5619","ELEMENT":"f.3ED30099C5E6715D6E114BC18BB8030C.d.AD9D6BD3C244EC24613708DDC70935E3.e.5619"}]}
COMMAND: GET /session/cb7b95b3902b1ae43c22bb263709af6b/screenshot - {}
RESULT: {}
RESULT: {"script":"<script> [5351 bytes]","args":[{"element-6066-11e4-a52e-4f735466cecf":"f.3ED30099C5E6715D6E114BC18BB8030C.d.AD9D6BD3C244EC24613708DDC70935E3.e.5619","ELEMENT":"f.3ED30099C5E6715D6E114BC18BB8030C.d.AD9D6BD3C244EC24613708DDC70935E3.e.5619"}]}
COMMAND: GET /session/cb7b95b3902b1ae43c22bb263709af6b/screenshot - {}
RESULT: {}
RESULT: {}
COMMAND: POST /session/cb7b95b3902b1ae43c22bb263709af6b/execute/async - {"script":"<script> [1562 bytes]","args":[{"selector":{"controlType":"sap.ui.core.Icon","viewName":"etm.portal.ui.managestatesandperformance.view.Master","viewId":"application-managestatesandperformance-display-component---stateAndPerform","properties":{"src":{"regex":{"source":"chart\\-table\\-view"}}}},"wdio_ui5_key":"etmportal.ui.managestatesandperformance.view.Mastersap.ui.core.Icon{\"src\":{\"regex\":{\"source\":\"chart\\\\-table\\\\-view\"}}}"}]}
RESULT: {"script":"<script> [1562 bytes]","args":[{"selector":{"controlType":"sap.ui.core.Icon","viewName":"etm.portal.ui.managestatesandperformance.view.Master","viewId":"application-managestatesandperformance-display-component---stateAndPerform","properties":{"src":{"regex":{"source":"chart\\-table\\-view"}}}},"wdio_ui5_key":"etmportal.ui.managestatesandperformance.view.Mastersap.ui.core.Icon{\"src\":{\"regex\":{\"source\":\"chart\\\\-table\\\\-view\"}}}"}]}
RESULT: undefined
COMMAND: POST /session/cb7b95b3902b1ae43c22bb263709af6b/element - {"using":"xpath","value":"//*[@id=\"__filter61-icon\"]"}
RESULT: {"using":"xpath","value":"//*[@id=\"__filter61-icon\"]"}
COMMAND: POST /session/cb7b95b3902b1ae43c22bb263709af6b/element/f.3ED30099C5E6715D6E114BC18BB8030C.d.AD9D6BD3C244EC24613708DDC70935E3.e.5800/click - {}
RESULT: {}
COMMAND: POST /session/cb7b95b3902b1ae43c22bb263709af6b/element/f.3ED30099C5E6715D6E114BC18BB8030C.d.AD9D6BD3C244EC24613708DDC70935E3.e.5619/click - {}
COMMAND: GET /session/cb7b95b3902b1ae43c22bb263709af6b/screenshot - {}
COMMAND: POST /session/cb7b95b3902b1ae43c22bb263709af6b/element - {"using":"xpath","value":"//button[contains(@id, \"btnMassStateChange\")]"}
RESULT: {}
RESULT: {"using":"xpath","value":"//button[contains(@id, \"btnMassStateChange\")]"}
COMMAND: POST /session/cb7b95b3902b1ae43c22bb263709af6b/element/f.3ED30099C5E6715D6E114BC18BB8030C.d.AD9D6BD3C244EC24613708DDC70935E3.e.5619/click - {}
COMMAND: POST /session/cb7b95b3902b1ae43c22bb263709af6b/element - {"using":"xpath","value":"//button[contains(@id, \"btnMassStateChange\")]"}
RESULT: {"using":"xpath","value":"//button[contains(@id, \"btnMassStateChange\")]"}
COMMAND: POST /session/cb7b95b3902b1ae43c22bb263709af6b/element/f.3ED30099C5E6715D6E114BC18BB8030C.d.AD9D6BD3C244EC24613708DDC70935E3.e.5817/click - {}
RESULT: {}
COMMAND: GET /session/cb7b95b3902b1ae43c22bb263709af6b/screenshot - {}
RESULT: {}
COMMAND: POST /session/cb7b95b3902b1ae43c22bb263709af6b/execute/async - {"script":"<script> [1562 bytes]","args":[{"selector":{"id":"application-managestatesandperformance-display-component---stateAndPerform--smartFilterBarContracts-btnBasicSearch","interaction":{"idSuffix":"I"}},"wdio_ui5_key":"applicationmanagestatesandperformance-display-component---stateAndPerform--smartFilterBarContracts-btnBasicSearch"}]}
RESULT: {"script":"<script> [1562 bytes]","args":[{"selector":{"id":"application-managestatesandperformance-display-component---stateAndPerform--smartFilterBarContracts-btnBasicSearch","interaction":{"idSuffix":"I"}},"wdio_ui5_key":"applicationmanagestatesandperformance-display-component---stateAndPerform--smartFilterBarContracts-btnBasicSearch"}]}
RESULT: undefined
COMMAND: POST /session/cb7b95b3902b1ae43c22bb263709af6b/execute/async - {"script":"<script> [776 bytes]","args":[{"enterText":"400019","selector":{"id":"application-managestatesandperformance-display-component---stateAndPerform--smartFilterBarContracts-btnBasicSearch","interaction":{"idSuffix":"I"}},"clearTextFirst":true,"interactionType":"ENTER_TEXT"}]}
RESULT: {"script":"<script> [776 bytes]","args":[{"enterText":"400019","selector":{"id":"application-managestatesandperformance-display-component---stateAndPerform--smartFilterBarContracts-btnBasicSearch","interaction":{"idSuffix":"I"}},"clearTextFirst":true,"interactionType":"ENTER_TEXT"}]}
COMMAND: POST /session/cb7b95b3902b1ae43c22bb263709af6b/actions - {"actions":[{"id":"action15","type":"key","parameters":{},"actions":[{"type":"keyDown","value":""},{"type":"pause","duration":10},{"type":"keyUp","value":""}]}]}
RESULT: {"actions":[{"id":"action15","type":"key","parameters":{},"actions":[{"type":"keyDown","value":""},{"type":"pause","duration":10},{"type":"keyUp","value":""}]}]}
COMMAND: GET /session/cb7b95b3902b1ae43c22bb263709af6b/screenshot - {}
RESULT: {}
COMMAND: POST /session/cb7b95b3902b1ae43c22bb263709af6b/element - {"using":"xpath","value":"//span[@id=\"application-managestatesandperformance-display-component---stateAndPerform--stateAndPerformContractItemsSmartTable-header-inner\"]"}
RESULT: {"using":"xpath","value":"//span[@id=\"application-managestatesandperformance-display-component---stateAndPerform--stateAndPerformContractItemsSmartTable-header-inner\"]"}
COMMAND: POST /session/cb7b95b3902b1ae43c22bb263709af6b/elements - {"using":"xpath","value":"//span[@id=\"application-managestatesandperformance-display-component---stateAndPerform--stateAndPerformContractItemsSmartTable-header-inner\"]"}
RESULT: {"using":"xpath","value":"//span[@id=\"application-managestatesandperformance-display-component---stateAndPerform--stateAndPerformContractItemsSmartTable-header-inner\"]"}
COMMAND: POST /session/cb7b95b3902b1ae43c22bb263709af6b/execute/sync - {"script":"<script> [56 bytes]","args":[{"element-6066-11e4-a52e-4f735466cecf":"f.3ED30099C5E6715D6E114BC18BB8030C.d.AD9D6BD3C244EC24613708DDC70935E3.e.5987","ELEMENT":"f.3ED30099C5E6715D6E114BC18BB8030C.d.AD9D6BD3C244EC24613708DDC70935E3.e.5987"}]}
RESULT: {"script":"<script> [56 bytes]","args":[{"element-6066-11e4-a52e-4f735466cecf":"f.3ED30099C5E6715D6E114BC18BB8030C.d.AD9D6BD3C244EC24613708DDC70935E3.e.5987","ELEMENT":"f.3ED30099C5E6715D6E114BC18BB8030C.d.AD9D6BD3C244EC24613708DDC70935E3.e.5987"}]}
COMMAND: POST /session/cb7b95b3902b1ae43c22bb263709af6b/element - {"using":"xpath","value":"//table[contains(@id, \"stateAndPerform--stateAndPerformContractItemsTable-listUl\")]/tbody/tr[1]/td[2]/div/div"}
COMMAND: GET /session/cb7b95b3902b1ae43c22bb263709af6b/screenshot - {}
RESULT: {}
RESULT: {"using":"xpath","value":"//table[contains(@id, \"stateAndPerform--stateAndPerformContractItemsTable-listUl\")]/tbody/tr[1]/td[2]/div/div"}
COMMAND: POST /session/cb7b95b3902b1ae43c22bb263709af6b/element/f.3ED30099C5E6715D6E114BC18BB8030C.d.AD9D6BD3C244EC24613708DDC70935E3.e.5988/click - {}
RESULT: {}
COMMAND: GET /session/cb7b95b3902b1ae43c22bb263709af6b/screenshot - {}
RESULT: {}
COMMAND: POST /session/cb7b95b3902b1ae43c22bb263709af6b/element/f.3ED30099C5E6715D6E114BC18BB8030C.d.AD9D6BD3C244EC24613708DDC70935E3.e.5817/click - {}
RESULT: {}
COMMAND: GET /session/cb7b95b3902b1ae43c22bb263709af6b/screenshot - {}
RESULT: {}
COMMAND: POST /session/cb7b95b3902b1ae43c22bb263709af6b/execute/async - {"script":"<script> [1562 bytes]","args":[{"selector":{"id":"application-managestatesandperformance-display-component---stateAndPerform--ruStateTypes-arrow","searchOpenDialogs":true},"wdio_ui5_key":"applicationmanagestatesandperformance-display-component---stateAndPerform--ruStateTypes-arrow"}]}
RESULT: {"script":"<script> [1562 bytes]","args":[{"selector":{"id":"application-managestatesandperformance-display-component---stateAndPerform--ruStateTypes-arrow","searchOpenDialogs":true},"wdio_ui5_key":"applicationmanagestatesandperformance-display-component---stateAndPerform--ruStateTypes-arrow"}]}
RESULT: undefined
COMMAND: POST /session/cb7b95b3902b1ae43c22bb263709af6b/element - {"using":"xpath","value":"//*[@id=\"application-managestatesandperformance-display-component---stateAndPerform--ruStateTypes-arrow\"]"}
RESULT: {"using":"xpath","value":"//*[@id=\"application-managestatesandperformance-display-component---stateAndPerform--ruStateTypes-arrow\"]"}
COMMAND: POST /session/cb7b95b3902b1ae43c22bb263709af6b/element/f.3ED30099C5E6715D6E114BC18BB8030C.d.AD9D6BD3C244EC24613708DDC70935E3.e.5997/click - {}
RESULT: {}
COMMAND: GET /session/cb7b95b3902b1ae43c22bb263709af6b/screenshot - {}
RESULT: {}
COMMAND: POST /session/cb7b95b3902b1ae43c22bb263709af6b/element - {"using":"xpath","value":"//li[.//span[text()=\"defect\"]]"}
RESULT: {"using":"xpath","value":"//li[.//span[text()=\"defect\"]]"}
COMMAND: POST /session/cb7b95b3902b1ae43c22bb263709af6b/element/f.3ED30099C5E6715D6E114BC18BB8030C.d.AD9D6BD3C244EC24613708DDC70935E3.e.5998/click - {}
RESULT: {}
COMMAND: GET /session/cb7b95b3902b1ae43c22bb263709af6b/screenshot - {}
RESULT: {}
COMMAND: POST /session/cb7b95b3902b1ae43c22bb263709af6b/execute/async - {"script":"<script> [1562 bytes]","args":[{"selector":{"id":"application-managestatesandperformance-display-component---stateAndPerform--effectiveDate","searchOpenDialogs":true,"interaction":{"idSuffix":"inner"}},"wdio_ui5_key":"applicationmanagestatesandperformance-display-component---stateAndPerform--effectiveDate"}]}
RESULT: {"script":"<script> [1562 bytes]","args":[{"selector":{"id":"application-managestatesandperformance-display-component---stateAndPerform--effectiveDate","searchOpenDialogs":true,"interaction":{"idSuffix":"inner"}},"wdio_ui5_key":"applicationmanagestatesandperformance-display-component---stateAndPerform--effectiveDate"}]}
RESULT: undefined
COMMAND: POST /session/cb7b95b3902b1ae43c22bb263709af6b/execute/async - {"script":"<script> [776 bytes]","args":[{"enterText":"05/29/25","selector":{"id":"application-managestatesandperformance-display-component---stateAndPerform--effectiveDate","searchOpenDialogs":true,"interaction":{"idSuffix":"inner"}},"clearTextFirst":true,"interactionType":"ENTER_TEXT"}]}
RESULT: {"script":"<script> [776 bytes]","args":[{"enterText":"05/29/25","selector":{"id":"application-managestatesandperformance-display-component---stateAndPerform--effectiveDate","searchOpenDialogs":true,"interaction":{"idSuffix":"inner"}},"clearTextFirst":true,"interactionType":"ENTER_TEXT"}]}
COMMAND: POST /session/cb7b95b3902b1ae43c22bb263709af6b/element - {"using":"xpath","value":"(//bdi[contains(text(), \"OK\")])[1]"}
RESULT: {"using":"xpath","value":"(//bdi[contains(text(), \"OK\")])[1]"}
COMMAND: POST /session/cb7b95b3902b1ae43c22bb263709af6b/element/f.3ED30099C5E6715D6E114BC18BB8030C.d.AD9D6BD3C244EC24613708DDC70935E3.e.6001/click - {}
RESULT: {}
COMMAND: GET /session/cb7b95b3902b1ae43c22bb263709af6b/screenshot - {}
RESULT: {}
COMMAND: POST /session/cb7b95b3902b1ae43c22bb263709af6b/element - {"using":"xpath","value":"(//bdi[contains(text(), \"OK\")])[2]"}
RESULT: {"using":"xpath","value":"(//bdi[contains(text(), \"OK\")])[2]"}
COMMAND: POST /session/cb7b95b3902b1ae43c22bb263709af6b/element/f.3ED30099C5E6715D6E114BC18BB8030C.d.AD9D6BD3C244EC24613708DDC70935E3.e.6006/click - {}
RESULT: {}
COMMAND: GET /session/cb7b95b3902b1ae43c22bb263709af6b/screenshot - {}
RESULT: {}
COMMAND: POST /session/cb7b95b3902b1ae43c22bb263709af6b/element - {"using":"css selector","value":"#shell-header-logo"}
RESULT: {"using":"css selector","value":"#shell-header-logo"}
COMMAND: POST /session/cb7b95b3902b1ae43c22bb263709af6b/element/f.3ED30099C5E6715D6E114BC18BB8030C.d.AD9D6BD3C244EC24613708DDC70935E3.e.5583/click - {}
RESULT: {}
COMMAND: GET /session/cb7b95b3902b1ae43c22bb263709af6b/screenshot - {}
RESULT: {}
COMMAND: DELETE /session/cb7b95b3902b1ae43c22bb263709af6b - {}
RESULT: {}
]]></system-out>
    </testcase>
  </testsuite>
</testsuites>