<?xml version="1.0" encoding="UTF-8"?>
<testsuites tests="9" failures="0" errors="0" skipped="0">
  <testsuite timestamp="2025-05-13T15:47:41" time="85.485" tests="1" failures="0" errors="0" skipped="0">
    <properties>
      <property name="specId" value="0" />
      <property name="suiteName" value="Create a new catalogs section" />
      <property name="capabilities" value="chrome.136_0_7103_49.windows" />
      <property name="file" value="file:///D:/a/1/s/test/specs/R2C/create-new-webshop-catalog-section.spec.js" />
    </properties>
    <testcase classname="chrome.136_0_7103_49.windows.Create_a_new_catalogs_section" name="Should navigate to manage catalogs and add a new section on webshop catalog" time="68.165">
      <system-out><![CDATA[
COMMAND: POST /session/b430664ae761cc419c9ed8ae7652b215/execute/async - {"script":"<script> [1562 bytes]","args":[{"selector":{"controlType":"sap.m.GenericTile","properties":{"header":"Manage Catalogs"}},"wdio_ui5_key":"sapm.GenericTile{\"header\":\"Manage Catalogs\"}"}]}
RESULT: {"script":"<script> [1562 bytes]","args":[{"selector":{"controlType":"sap.m.GenericTile","properties":{"header":"Manage Catalogs"}},"wdio_ui5_key":"sapm.GenericTile{\"header\":\"Manage Catalogs\"}"}]}
RESULT: undefined
COMMAND: POST /session/b430664ae761cc419c9ed8ae7652b215/element - {"using":"xpath","value":"//*[@id=\"__tile37\"]"}
RESULT: {"using":"xpath","value":"//*[@id=\"__tile37\"]"}
COMMAND: POST /session/b430664ae761cc419c9ed8ae7652b215/element/f.7C6B6118A7D0ED8090C3E8289D0DA550.d.F12C5661247B39D632B544711D125EDA.e.115/click - {}
RESULT: {}
COMMAND: GET /session/b430664ae761cc419c9ed8ae7652b215/screenshot - {}
RESULT: {}
COMMAND: POST /session/b430664ae761cc419c9ed8ae7652b215/elements - {"using":"xpath","value":"//span[text()='Error']"}
RESULT: {"using":"xpath","value":"//span[text()='Error']"}
COMMAND: POST /session/b430664ae761cc419c9ed8ae7652b215/execute/async - {"script":"<script> [1562 bytes]","args":[{"selector":{"controlType":"sap.m.Text","viewName":"etm.portal.ui.managecatalogs.view.MasterCatalogs","viewId":"application-managecatalogs-display-component---masterCatalogs","bindingPath":{"path":"/Catalogs('0D7502D073D53A0F1700BE067B89AFF9')","propertyPath":"DESCRIPTION","modelName":"catalogModel"}},"wdio_ui5_key":"etmportal.ui.managecatalogs.view.MasterCatalogssap.m.Text{\"path\":\"/Catalogs('0D7502D073D53A0F1700BE067B89AFF9')\",\"propertyPath\":\"DESCRIPTION\",\"modelName\":\"catalogModel\"}"}]}
RESULT: {"script":"<script> [1562 bytes]","args":[{"selector":{"controlType":"sap.m.Text","viewName":"etm.portal.ui.managecatalogs.view.MasterCatalogs","viewId":"application-managecatalogs-display-component---masterCatalogs","bindingPath":{"path":"/Catalogs('0D7502D073D53A0F1700BE067B89AFF9')","propertyPath":"DESCRIPTION","modelName":"catalogModel"}},"wdio_ui5_key":"etmportal.ui.managecatalogs.view.MasterCatalogssap.m.Text{\"path\":\"/Catalogs('0D7502D073D53A0F1700BE067B89AFF9')\",\"propertyPath\":\"DESCRIPTION\",\"modelName\":\"catalogModel\"}"}]}
RESULT: undefined
COMMAND: POST /session/b430664ae761cc419c9ed8ae7652b215/element - {"using":"xpath","value":"//*[@id=\"__text39-application-managecatalogs-display-component---masterCatalogs--CatalogsTable-11\"]"}
RESULT: {"using":"xpath","value":"//*[@id=\"__text39-application-managecatalogs-display-component---masterCatalogs--CatalogsTable-11\"]"}
COMMAND: POST /session/b430664ae761cc419c9ed8ae7652b215/element/f.7C6B6118A7D0ED8090C3E8289D0DA550.d.F12C5661247B39D632B544711D125EDA.e.142/click - {}
RESULT: {}
COMMAND: POST /session/b430664ae761cc419c9ed8ae7652b215/execute/async - {"script":"<script> [1562 bytes]","args":[{"selector":{"controlType":"sap.ui.layout.HorizontalLayout","viewName":"etm.portal.ui.managecatalogs.view.MasterItems","viewId":"application-managecatalogs-display-component---masterCatalogItems","ancestor":{"id":"application-managecatalogs-display-component---masterCatalogItems--idCatalogItemsTree-rows-row0"}},"wdio_ui5_key":"etmportal.ui.managecatalogs.view.MasterItemssap.ui.layout.HorizontalLayout{\"id\":\"application-managecatalogs-display-component---masterCatalogItems--idCatalogItemsTree-rows-row0\"}"}]}
COMMAND: GET /session/b430664ae761cc419c9ed8ae7652b215/screenshot - {}
RESULT: {"script":"<script> [1562 bytes]","args":[{"selector":{"controlType":"sap.ui.layout.HorizontalLayout","viewName":"etm.portal.ui.managecatalogs.view.MasterItems","viewId":"application-managecatalogs-display-component---masterCatalogItems","ancestor":{"id":"application-managecatalogs-display-component---masterCatalogItems--idCatalogItemsTree-rows-row0"}},"wdio_ui5_key":"etmportal.ui.managecatalogs.view.MasterItemssap.ui.layout.HorizontalLayout{\"id\":\"application-managecatalogs-display-component---masterCatalogItems--idCatalogItemsTree-rows-row0\"}"}]}
RESULT: undefined
COMMAND: POST /session/b430664ae761cc419c9ed8ae7652b215/element - {"using":"xpath","value":"//*[@id=\"__layout3-__clone11\"]"}
RESULT: {}
RESULT: {"using":"xpath","value":"//*[@id=\"__layout3-__clone11\"]"}
COMMAND: POST /session/b430664ae761cc419c9ed8ae7652b215/element/f.7C6B6118A7D0ED8090C3E8289D0DA550.d.F12C5661247B39D632B544711D125EDA.e.154/click - {}
RESULT: {}
COMMAND: GET /session/b430664ae761cc419c9ed8ae7652b215/screenshot - {}
RESULT: {}
COMMAND: POST /session/b430664ae761cc419c9ed8ae7652b215/execute/async - {"script":"<script> [1562 bytes]","args":[{"selector":{"controlType":"sap.m.Button","viewName":"etm.portal.ui.managecatalogs.view.Detail","viewId":"application-managecatalogs-display-component---detailCatalog","i18NText":{"propertyName":"text","key":"edit"},"interaction":{"idSuffix":"BDI-content"}},"wdio_ui5_key":"etmportal.ui.managecatalogs.view.Detailsap.m.Button{\"propertyName\":\"text\",\"key\":\"edit\"}"}]}
RESULT: {"script":"<script> [1562 bytes]","args":[{"selector":{"controlType":"sap.m.Button","viewName":"etm.portal.ui.managecatalogs.view.Detail","viewId":"application-managecatalogs-display-component---detailCatalog","i18NText":{"propertyName":"text","key":"edit"},"interaction":{"idSuffix":"BDI-content"}},"wdio_ui5_key":"etmportal.ui.managecatalogs.view.Detailsap.m.Button{\"propertyName\":\"text\",\"key\":\"edit\"}"}]}
RESULT: undefined
COMMAND: POST /session/b430664ae761cc419c9ed8ae7652b215/element - {"using":"xpath","value":"//*[@id=\"__button35\"]"}
RESULT: {"using":"xpath","value":"//*[@id=\"__button35\"]"}
COMMAND: POST /session/b430664ae761cc419c9ed8ae7652b215/element/f.7C6B6118A7D0ED8090C3E8289D0DA550.d.F12C5661247B39D632B544711D125EDA.e.255/click - {}
RESULT: {}
COMMAND: GET /session/b430664ae761cc419c9ed8ae7652b215/screenshot - {}
RESULT: {}
COMMAND: POST /session/b430664ae761cc419c9ed8ae7652b215/element - {"using":"xpath","value":"//bdi[contains(text(), \"Unlock\")]"}
RESULT: {"using":"xpath","value":"//bdi[contains(text(), \"Unlock\")]"}
COMMAND: POST /session/b430664ae761cc419c9ed8ae7652b215/elements - {"using":"xpath","value":"//bdi[contains(text(), \"Unlock\")]"}
RESULT: {"using":"xpath","value":"//bdi[contains(text(), \"Unlock\")]"}
COMMAND: POST /session/b430664ae761cc419c9ed8ae7652b215/execute/async - {"script":"<script> [1562 bytes]","args":[{"selector":{"controlType":"sap.ui.core.Icon","viewName":"etm.portal.ui.managecatalogs.view.Detail","viewId":"application-managecatalogs-display-component---detailCatalog","properties":{"src":{"regex":{"source":"add\\-folder"}}}},"wdio_ui5_key":"etmportal.ui.managecatalogs.view.Detailsap.ui.core.Icon{\"src\":{\"regex\":{\"source\":\"add\\\\-folder\"}}}"}]}
RESULT: {"script":"<script> [1562 bytes]","args":[{"selector":{"controlType":"sap.ui.core.Icon","viewName":"etm.portal.ui.managecatalogs.view.Detail","viewId":"application-managecatalogs-display-component---detailCatalog","properties":{"src":{"regex":{"source":"add\\-folder"}}}},"wdio_ui5_key":"etmportal.ui.managecatalogs.view.Detailsap.ui.core.Icon{\"src\":{\"regex\":{\"source\":\"add\\\\-folder\"}}}"}]}
RESULT: undefined
COMMAND: POST /session/b430664ae761cc419c9ed8ae7652b215/element - {"using":"xpath","value":"//*[@id=\"__button43-img\"]"}
RESULT: {"using":"xpath","value":"//*[@id=\"__button43-img\"]"}
COMMAND: POST /session/b430664ae761cc419c9ed8ae7652b215/element/f.7C6B6118A7D0ED8090C3E8289D0DA550.d.F12C5661247B39D632B544711D125EDA.e.262/click - {}
RESULT: {}
COMMAND: GET /session/b430664ae761cc419c9ed8ae7652b215/screenshot - {}
RESULT: {}
COMMAND: POST /session/b430664ae761cc419c9ed8ae7652b215/execute/async - {"script":"<script> [1562 bytes]","args":[{"selector":{"id":"application-managecatalogs-display-component---detailCatalog--numberInput","searchOpenDialogs":true,"interaction":{"idSuffix":"inner"}},"wdio_ui5_key":"applicationmanagecatalogs-display-component---detailCatalog--numberInput"}]}
RESULT: {"script":"<script> [1562 bytes]","args":[{"selector":{"id":"application-managecatalogs-display-component---detailCatalog--numberInput","searchOpenDialogs":true,"interaction":{"idSuffix":"inner"}},"wdio_ui5_key":"applicationmanagecatalogs-display-component---detailCatalog--numberInput"}]}
RESULT: undefined
COMMAND: POST /session/b430664ae761cc419c9ed8ae7652b215/execute/async - {"script":"<script> [776 bytes]","args":[{"enterText":"Sectionizwck","selector":{"id":"application-managecatalogs-display-component---detailCatalog--numberInput","searchOpenDialogs":true,"interaction":{"idSuffix":"inner"}},"clearTextFirst":true,"interactionType":"ENTER_TEXT"}]}
RESULT: {"script":"<script> [776 bytes]","args":[{"enterText":"Sectionizwck","selector":{"id":"application-managecatalogs-display-component---detailCatalog--numberInput","searchOpenDialogs":true,"interaction":{"idSuffix":"inner"}},"clearTextFirst":true,"interactionType":"ENTER_TEXT"}]}
COMMAND: POST /session/b430664ae761cc419c9ed8ae7652b215/element - {"using":"css selector","value":"#application-managecatalogs-display-component---detailCatalog--nameInput-inner"}
RESULT: {"using":"css selector","value":"#application-managecatalogs-display-component---detailCatalog--nameInput-inner"}
COMMAND: POST /session/b430664ae761cc419c9ed8ae7652b215/elements - {"using":"css selector","value":"#application-managecatalogs-display-component---detailCatalog--nameInput-inner"}
RESULT: {"using":"css selector","value":"#application-managecatalogs-display-component---detailCatalog--nameInput-inner"}
COMMAND: POST /session/b430664ae761cc419c9ed8ae7652b215/element/f.7C6B6118A7D0ED8090C3E8289D0DA550.d.F12C5661247B39D632B544711D125EDA.e.266/clear - {}
RESULT: {}
COMMAND: POST /session/b430664ae761cc419c9ed8ae7652b215/element/f.7C6B6118A7D0ED8090C3E8289D0DA550.d.F12C5661247B39D632B544711D125EDA.e.266/value - {"text":"Webdriver8o9bc"}
COMMAND: GET /session/b430664ae761cc419c9ed8ae7652b215/screenshot - {}
RESULT: {"text":"Webdriver8o9bc"}
COMMAND: POST /session/b430664ae761cc419c9ed8ae7652b215/execute/async - {"script":"<script> [1562 bytes]","args":[{"selector":{"controlType":"sap.m.Button","viewName":"etm.portal.ui.managecatalogs.view.Detail","viewId":"application-managecatalogs-display-component---detailCatalog","i18NText":{"propertyName":"text","key":"create"},"searchOpenDialogs":true,"interaction":{"idSuffix":"BDI-content"}},"wdio_ui5_key":"etmportal.ui.managecatalogs.view.Detailsap.m.Button{\"propertyName\":\"text\",\"key\":\"create\"}"}]}
COMMAND: GET /session/b430664ae761cc419c9ed8ae7652b215/screenshot - {}
RESULT: {}
RESULT: {"script":"<script> [1562 bytes]","args":[{"selector":{"controlType":"sap.m.Button","viewName":"etm.portal.ui.managecatalogs.view.Detail","viewId":"application-managecatalogs-display-component---detailCatalog","i18NText":{"propertyName":"text","key":"create"},"searchOpenDialogs":true,"interaction":{"idSuffix":"BDI-content"}},"wdio_ui5_key":"etmportal.ui.managecatalogs.view.Detailsap.m.Button{\"propertyName\":\"text\",\"key\":\"create\"}"}]}
RESULT: undefined
COMMAND: POST /session/b430664ae761cc419c9ed8ae7652b215/element - {"using":"xpath","value":"//*[@id=\"__button13\"]"}
RESULT: {}
RESULT: {"using":"xpath","value":"//*[@id=\"__button13\"]"}
COMMAND: POST /session/b430664ae761cc419c9ed8ae7652b215/element/f.7C6B6118A7D0ED8090C3E8289D0DA550.d.F12C5661247B39D632B544711D125EDA.e.272/click - {}
RESULT: {}
COMMAND: GET /session/b430664ae761cc419c9ed8ae7652b215/screenshot - {}
RESULT: {}
COMMAND: POST /session/b430664ae761cc419c9ed8ae7652b215/element - {"using":"xpath","value":"//button[@title=\"Save\"]"}
RESULT: {"using":"xpath","value":"//button[@title=\"Save\"]"}
COMMAND: POST /session/b430664ae761cc419c9ed8ae7652b215/element/f.7C6B6118A7D0ED8090C3E8289D0DA550.d.F12C5661247B39D632B544711D125EDA.e.273/click - {}
RESULT: {}
COMMAND: POST /session/b430664ae761cc419c9ed8ae7652b215/execute/async - {"script":"<script> [1562 bytes]","args":[{"selector":{"controlType":"sap.ui.core.Icon","viewName":"etm.portal.ui.managecatalogs.view.Detail","viewId":"application-managecatalogs-display-component---detailCatalog","properties":{"src":{"regex":{"source":"decline"}}}},"wdio_ui5_key":"etmportal.ui.managecatalogs.view.Detailsap.ui.core.Icon{\"src\":{\"regex\":{\"source\":\"decline\"}}}"}]}
COMMAND: GET /session/b430664ae761cc419c9ed8ae7652b215/screenshot - {}
RESULT: {"script":"<script> [1562 bytes]","args":[{"selector":{"controlType":"sap.ui.core.Icon","viewName":"etm.portal.ui.managecatalogs.view.Detail","viewId":"application-managecatalogs-display-component---detailCatalog","properties":{"src":{"regex":{"source":"decline"}}}},"wdio_ui5_key":"etmportal.ui.managecatalogs.view.Detailsap.ui.core.Icon{\"src\":{\"regex\":{\"source\":\"decline\"}}}"}]}
RESULT: undefined
COMMAND: POST /session/b430664ae761cc419c9ed8ae7652b215/element - {"using":"xpath","value":"//*[@id=\"__button38-img\"]"}
RESULT: {}
RESULT: {"using":"xpath","value":"//*[@id=\"__button38-img\"]"}
COMMAND: POST /session/b430664ae761cc419c9ed8ae7652b215/element/f.7C6B6118A7D0ED8090C3E8289D0DA550.d.F12C5661247B39D632B544711D125EDA.e.278/click - {}
RESULT: {}
COMMAND: GET /session/b430664ae761cc419c9ed8ae7652b215/screenshot - {}
RESULT: {}
COMMAND: POST /session/b430664ae761cc419c9ed8ae7652b215/execute/async - {"script":"<script> [1562 bytes]","args":[{"selector":{"controlType":"sap.ui.core.Icon","viewName":"etm.portal.ui.managecatalogs.view.MasterItems","viewId":"application-managecatalogs-display-component---masterCatalogItems","properties":{"src":{"regex":{"source":"refresh"}}}},"wdio_ui5_key":"etmportal.ui.managecatalogs.view.MasterItemssap.ui.core.Icon{\"src\":{\"regex\":{\"source\":\"refresh\"}}}"}]}
RESULT: {"script":"<script> [1562 bytes]","args":[{"selector":{"controlType":"sap.ui.core.Icon","viewName":"etm.portal.ui.managecatalogs.view.MasterItems","viewId":"application-managecatalogs-display-component---masterCatalogItems","properties":{"src":{"regex":{"source":"refresh"}}}},"wdio_ui5_key":"etmportal.ui.managecatalogs.view.MasterItemssap.ui.core.Icon{\"src\":{\"regex\":{\"source\":\"refresh\"}}}"}]}
RESULT: undefined
COMMAND: POST /session/b430664ae761cc419c9ed8ae7652b215/element - {"using":"xpath","value":"//*[@id=\"__button11-img\"]"}
RESULT: {"using":"xpath","value":"//*[@id=\"__button11-img\"]"}
COMMAND: POST /session/b430664ae761cc419c9ed8ae7652b215/element/f.7C6B6118A7D0ED8090C3E8289D0DA550.d.F12C5661247B39D632B544711D125EDA.e.311/click - {}
RESULT: {}
COMMAND: POST /session/b430664ae761cc419c9ed8ae7652b215/execute/async - {"script":"<script> [1562 bytes]","args":[{"selector":{"id":"application-managecatalogs-display-component---masterCatalogItems--searchItemsField","interaction":{"idSuffix":"I"}},"wdio_ui5_key":"applicationmanagecatalogs-display-component---masterCatalogItems--searchItemsField"}]}
COMMAND: GET /session/b430664ae761cc419c9ed8ae7652b215/screenshot - {}
RESULT: {"script":"<script> [1562 bytes]","args":[{"selector":{"id":"application-managecatalogs-display-component---masterCatalogItems--searchItemsField","interaction":{"idSuffix":"I"}},"wdio_ui5_key":"applicationmanagecatalogs-display-component---masterCatalogItems--searchItemsField"}]}
RESULT: undefined
COMMAND: POST /session/b430664ae761cc419c9ed8ae7652b215/execute/async - {"script":"<script> [776 bytes]","args":[{"enterText":"Webdriver8o9bc","selector":{"id":"application-managecatalogs-display-component---masterCatalogItems--searchItemsField","interaction":{"idSuffix":"I"}},"clearTextFirst":true,"interactionType":"ENTER_TEXT"}]}
RESULT: {}
RESULT: {"script":"<script> [776 bytes]","args":[{"enterText":"Webdriver8o9bc","selector":{"id":"application-managecatalogs-display-component---masterCatalogItems--searchItemsField","interaction":{"idSuffix":"I"}},"clearTextFirst":true,"interactionType":"ENTER_TEXT"}]}
COMMAND: POST /session/b430664ae761cc419c9ed8ae7652b215/actions - {"actions":[{"id":"action1","type":"key","parameters":{},"actions":[{"type":"keyDown","value":"î€‡"},{"type":"pause","duration":10},{"type":"keyUp","value":"î€‡"}]}]}
RESULT: {"actions":[{"id":"action1","type":"key","parameters":{},"actions":[{"type":"keyDown","value":"î€‡"},{"type":"pause","duration":10},{"type":"keyUp","value":"î€‡"}]}]}
COMMAND: POST /session/b430664ae761cc419c9ed8ae7652b215/element - {"using":"xpath","value":"(//span[contains(text(), \"Webdriver8o9bc\")])[1]"}
COMMAND: GET /session/b430664ae761cc419c9ed8ae7652b215/screenshot - {}
RESULT: {"using":"xpath","value":"(//span[contains(text(), \"Webdriver8o9bc\")])[1]"}
COMMAND: POST /session/b430664ae761cc419c9ed8ae7652b215/element/f.7C6B6118A7D0ED8090C3E8289D0DA550.d.F12C5661247B39D632B544711D125EDA.e.314/click - {}
RESULT: {}
RESULT: {}
COMMAND: GET /session/b430664ae761cc419c9ed8ae7652b215/screenshot - {}
RESULT: {}
RESULT: undefined
COMMAND: POST /session/b430664ae761cc419c9ed8ae7652b215/element - {"using":"xpath","value":"//*[@id=\"__button35\"]"}
RESULT: {"using":"xpath","value":"//*[@id=\"__button35\"]"}
COMMAND: POST /session/b430664ae761cc419c9ed8ae7652b215/element/f.7C6B6118A7D0ED8090C3E8289D0DA550.d.F12C5661247B39D632B544711D125EDA.e.382/click - {}
RESULT: {}
COMMAND: GET /session/b430664ae761cc419c9ed8ae7652b215/screenshot - {}
RESULT: {}
RESULT: undefined
COMMAND: POST /session/b430664ae761cc419c9ed8ae7652b215/element - {"using":"xpath","value":"//*[@id=\"__button43-img\"]"}
RESULT: {"using":"xpath","value":"//*[@id=\"__button43-img\"]"}
COMMAND: POST /session/b430664ae761cc419c9ed8ae7652b215/element/f.7C6B6118A7D0ED8090C3E8289D0DA550.d.F12C5661247B39D632B544711D125EDA.e.398/click - {}
RESULT: {}
COMMAND: GET /session/b430664ae761cc419c9ed8ae7652b215/screenshot - {}
RESULT: {}
RESULT: undefined
COMMAND: POST /session/b430664ae761cc419c9ed8ae7652b215/execute/async - {"script":"<script> [776 bytes]","args":[{"enterText":"SecondSection6fk9b","selector":{"id":"application-managecatalogs-display-component---detailCatalog--numberInput","searchOpenDialogs":true,"interaction":{"idSuffix":"inner"}},"clearTextFirst":true,"interactionType":"ENTER_TEXT"}]}
RESULT: {"script":"<script> [776 bytes]","args":[{"enterText":"SecondSection6fk9b","selector":{"id":"application-managecatalogs-display-component---detailCatalog--numberInput","searchOpenDialogs":true,"interaction":{"idSuffix":"inner"}},"clearTextFirst":true,"interactionType":"ENTER_TEXT"}]}
COMMAND: POST /session/b430664ae761cc419c9ed8ae7652b215/element - {"using":"xpath","value":"//input[contains(@id ,\"application-managecatalogs-display-component---detailCatalog--nameInput-inner\")]"}
RESULT: {"using":"xpath","value":"//input[contains(@id ,\"application-managecatalogs-display-component---detailCatalog--nameInput-inner\")]"}
COMMAND: POST /session/b430664ae761cc419c9ed8ae7652b215/elements - {"using":"xpath","value":"//input[contains(@id ,\"application-managecatalogs-display-component---detailCatalog--nameInput-inner\")]"}
RESULT: {"using":"xpath","value":"//input[contains(@id ,\"application-managecatalogs-display-component---detailCatalog--nameInput-inner\")]"}
COMMAND: POST /session/b430664ae761cc419c9ed8ae7652b215/element/f.7C6B6118A7D0ED8090C3E8289D0DA550.d.F12C5661247B39D632B544711D125EDA.e.402/clear - {}
RESULT: {}
COMMAND: POST /session/b430664ae761cc419c9ed8ae7652b215/element/f.7C6B6118A7D0ED8090C3E8289D0DA550.d.F12C5661247B39D632B544711D125EDA.e.402/value - {"text":"webdriversecondzufcj"}
COMMAND: GET /session/b430664ae761cc419c9ed8ae7652b215/screenshot - {}
RESULT: {"text":"webdriversecondzufcj"}
COMMAND: POST /session/b430664ae761cc419c9ed8ae7652b215/execute/async - {"script":"<script> [1562 bytes]","args":[{"selector":{"id":"application-managecatalogs-display-component---detailCatalog--nameInput","searchOpenDialogs":true,"interaction":{"idSuffix":"inner"}},"wdio_ui5_key":"applicationmanagecatalogs-display-component---detailCatalog--nameInput"}]}
COMMAND: GET /session/b430664ae761cc419c9ed8ae7652b215/screenshot - {}
RESULT: {}
RESULT: {"script":"<script> [1562 bytes]","args":[{"selector":{"id":"application-managecatalogs-display-component---detailCatalog--nameInput","searchOpenDialogs":true,"interaction":{"idSuffix":"inner"}},"wdio_ui5_key":"applicationmanagecatalogs-display-component---detailCatalog--nameInput"}]}
RESULT: undefined
COMMAND: POST /session/b430664ae761cc419c9ed8ae7652b215/execute/async - {"script":"<script> [776 bytes]","args":[{"enterText":"webdriversecondzufcj","selector":{"id":"application-managecatalogs-display-component---detailCatalog--nameInput","searchOpenDialogs":true,"interaction":{"idSuffix":"inner"}},"clearTextFirst":true,"interactionType":"ENTER_TEXT"}]}
RESULT: {}
RESULT: {"script":"<script> [776 bytes]","args":[{"enterText":"webdriversecondzufcj","selector":{"id":"application-managecatalogs-display-component---detailCatalog--nameInput","searchOpenDialogs":true,"interaction":{"idSuffix":"inner"}},"clearTextFirst":true,"interactionType":"ENTER_TEXT"}]}
RESULT: undefined
COMMAND: POST /session/b430664ae761cc419c9ed8ae7652b215/element - {"using":"xpath","value":"//*[@id=\"__button13\"]"}
RESULT: {"using":"xpath","value":"//*[@id=\"__button13\"]"}
COMMAND: POST /session/b430664ae761cc419c9ed8ae7652b215/element/f.7C6B6118A7D0ED8090C3E8289D0DA550.d.F12C5661247B39D632B544711D125EDA.e.406/click - {}
RESULT: {}
COMMAND: GET /session/b430664ae761cc419c9ed8ae7652b215/screenshot - {}
RESULT: {}
COMMAND: POST /session/b430664ae761cc419c9ed8ae7652b215/element - {"using":"xpath","value":"//button[@title=\"Save\"]"}
RESULT: {"using":"xpath","value":"//button[@title=\"Save\"]"}
COMMAND: POST /session/b430664ae761cc419c9ed8ae7652b215/element/f.7C6B6118A7D0ED8090C3E8289D0DA550.d.F12C5661247B39D632B544711D125EDA.e.386/click - {}
RESULT: {}
COMMAND: GET /session/b430664ae761cc419c9ed8ae7652b215/screenshot - {}
RESULT: {}
RESULT: undefined
COMMAND: POST /session/b430664ae761cc419c9ed8ae7652b215/element - {"using":"xpath","value":"//*[@id=\"__button38-img\"]"}
RESULT: {"using":"xpath","value":"//*[@id=\"__button38-img\"]"}
COMMAND: POST /session/b430664ae761cc419c9ed8ae7652b215/element/f.7C6B6118A7D0ED8090C3E8289D0DA550.d.F12C5661247B39D632B544711D125EDA.e.412/click - {}
RESULT: {}
COMMAND: GET /session/b430664ae761cc419c9ed8ae7652b215/screenshot - {}
RESULT: {}
RESULT: undefined
COMMAND: POST /session/b430664ae761cc419c9ed8ae7652b215/element - {"using":"xpath","value":"//*[@id=\"__button11-img\"]"}
RESULT: {"using":"xpath","value":"//*[@id=\"__button11-img\"]"}
COMMAND: POST /session/b430664ae761cc419c9ed8ae7652b215/element/f.7C6B6118A7D0ED8090C3E8289D0DA550.d.F12C5661247B39D632B544711D125EDA.e.445/click - {}
RESULT: {}
COMMAND: GET /session/b430664ae761cc419c9ed8ae7652b215/screenshot - {}
RESULT: {}
RESULT: undefined
COMMAND: POST /session/b430664ae761cc419c9ed8ae7652b215/execute/async - {"script":"<script> [776 bytes]","args":[{"enterText":"SecondSection6fk9b","selector":{"id":"application-managecatalogs-display-component---masterCatalogItems--searchItemsField","interaction":{"idSuffix":"I"}},"clearTextFirst":true,"interactionType":"ENTER_TEXT"}]}
RESULT: {"script":"<script> [776 bytes]","args":[{"enterText":"SecondSection6fk9b","selector":{"id":"application-managecatalogs-display-component---masterCatalogItems--searchItemsField","interaction":{"idSuffix":"I"}},"clearTextFirst":true,"interactionType":"ENTER_TEXT"}]}
COMMAND: POST /session/b430664ae761cc419c9ed8ae7652b215/actions - {"actions":[{"id":"action2","type":"key","parameters":{},"actions":[{"type":"keyDown","value":"î€‡"},{"type":"pause","duration":10},{"type":"keyUp","value":"î€‡"}]}]}
RESULT: {"actions":[{"id":"action2","type":"key","parameters":{},"actions":[{"type":"keyDown","value":"î€‡"},{"type":"pause","duration":10},{"type":"keyUp","value":"î€‡"}]}]}
COMMAND: POST /session/b430664ae761cc419c9ed8ae7652b215/element - {"using":"xpath","value":"(//span[contains(text(), \"SecondSection6fk9b\")])[1]"}
COMMAND: GET /session/b430664ae761cc419c9ed8ae7652b215/screenshot - {}
RESULT: {"using":"xpath","value":"(//span[contains(text(), \"SecondSection6fk9b\")])[1]"}
COMMAND: POST /session/b430664ae761cc419c9ed8ae7652b215/element/f.7C6B6118A7D0ED8090C3E8289D0DA550.d.F12C5661247B39D632B544711D125EDA.e.448/click - {}
RESULT: {}
RESULT: {}
COMMAND: POST /session/b430664ae761cc419c9ed8ae7652b215/element - {"using":"xpath","value":"(//span[contains(text(), \"SecondSection6fk9b\")])[1]"}
COMMAND: GET /session/b430664ae761cc419c9ed8ae7652b215/screenshot - {}
RESULT: {"using":"xpath","value":"(//span[contains(text(), \"SecondSection6fk9b\")])[1]"}
COMMAND: GET /session/b430664ae761cc419c9ed8ae7652b215/element/f.7C6B6118A7D0ED8090C3E8289D0DA550.d.F12C5661247B39D632B544711D125EDA.e.448/text - {}
RESULT: {}
COMMAND: POST /session/b430664ae761cc419c9ed8ae7652b215/element - {"using":"xpath","value":"(//span[contains(text(), \"SecondSection6fk9b\")])[1]"}
RESULT: {"using":"xpath","value":"(//span[contains(text(), \"SecondSection6fk9b\")])[1]"}
COMMAND: GET /session/b430664ae761cc419c9ed8ae7652b215/element/f.7C6B6118A7D0ED8090C3E8289D0DA550.d.F12C5661247B39D632B544711D125EDA.e.448/text - {}
COMMAND: POST /session/b430664ae761cc419c9ed8ae7652b215/element - {"using":"xpath","value":"(//span[contains(text(), \"SecondSection6fk9b\")])[1]"}
RESULT: {"using":"xpath","value":"(//span[contains(text(), \"SecondSection6fk9b\")])[1]"}
COMMAND: GET /session/b430664ae761cc419c9ed8ae7652b215/element/f.7C6B6118A7D0ED8090C3E8289D0DA550.d.F12C5661247B39D632B544711D125EDA.e.500/text - {}
RESULT: {}
COMMAND: POST /session/b430664ae761cc419c9ed8ae7652b215/element - {"using":"css selector","value":"#shell-header-logo"}
RESULT: {"using":"css selector","value":"#shell-header-logo"}
COMMAND: POST /session/b430664ae761cc419c9ed8ae7652b215/element/f.7C6B6118A7D0ED8090C3E8289D0DA550.d.F12C5661247B39D632B544711D125EDA.e.117/click - {}
RESULT: {}
COMMAND: GET /session/b430664ae761cc419c9ed8ae7652b215/screenshot - {}
RESULT: {}
COMMAND: POST /session/b430664ae761cc419c9ed8ae7652b215/execute/async - {"script":"<script> [1562 bytes]","args":[{"selector":{"controlType":"sap.m.GenericTile","properties":{"header":"Manage Classifications"}},"wdio_ui5_key":"sapm.GenericTile{\"header\":\"Manage Classifications\"}"}]}
RESULT: {"script":"<script> [1562 bytes]","args":[{"selector":{"controlType":"sap.m.GenericTile","properties":{"header":"Manage Classifications"}},"wdio_ui5_key":"sapm.GenericTile{\"header\":\"Manage Classifications\"}"}]}
RESULT: undefined
COMMAND: POST /session/b430664ae761cc419c9ed8ae7652b215/element - {"using":"xpath","value":"//*[@id=\"__tile115\"]"}
RESULT: {"using":"xpath","value":"//*[@id=\"__tile115\"]"}
COMMAND: POST /session/b430664ae761cc419c9ed8ae7652b215/element/f.7C6B6118A7D0ED8090C3E8289D0DA550.d.F12C5661247B39D632B544711D125EDA.e.504/click - {}
RESULT: {}
COMMAND: GET /session/b430664ae761cc419c9ed8ae7652b215/screenshot - {}
RESULT: {}
COMMAND: POST /session/b430664ae761cc419c9ed8ae7652b215/elements - {"using":"xpath","value":"//span[text()='Error']"}
RESULT: {"using":"xpath","value":"//span[text()='Error']"}
]]></system-out>
    </testcase>
  </testsuite>
  <testsuite timestamp="2025-05-13T15:49:06" time="214.739" tests="3" failures="0" errors="0" skipped="0">
    <properties>
      <property name="specId" value="0" />
      <property name="suiteName" value="Manage catalogs - yard assignment classification US138930" />
      <property name="capabilities" value="chrome.136_0_7103_49.windows" />
      <property name="file" value="file:///D:/a/1/s/test/specs/R2C/manage-catalogs-yard-assignment-classification.spec.js" />
    </properties>
    <testcase classname="chrome.136_0_7103_49.windows.Manage_catalogs_-_yard_assignment_classification_US138930" name="Should create a new classification of type yard assignment" time="34.211">
      <system-out><![CDATA[
COMMAND: POST /session/b430664ae761cc419c9ed8ae7652b215/execute/async - {"script":"<script> [1562 bytes]","args":[{"selector":{"controlType":"sap.ui.core.Icon","viewName":"etm.portal.ui.manageclassifications.view.Master","viewId":"application-manageclassifications-display-component---classificationMaster","properties":{"src":{"regex":{"source":"add"}}}},"wdio_ui5_key":"etmportal.ui.manageclassifications.view.Mastersap.ui.core.Icon{\"src\":{\"regex\":{\"source\":\"add\"}}}"}]}
RESULT: {"script":"<script> [1562 bytes]","args":[{"selector":{"controlType":"sap.ui.core.Icon","viewName":"etm.portal.ui.manageclassifications.view.Master","viewId":"application-manageclassifications-display-component---classificationMaster","properties":{"src":{"regex":{"source":"add"}}}},"wdio_ui5_key":"etmportal.ui.manageclassifications.view.Mastersap.ui.core.Icon{\"src\":{\"regex\":{\"source\":\"add\"}}}"}]}
RESULT: undefined
COMMAND: POST /session/b430664ae761cc419c9ed8ae7652b215/element - {"using":"xpath","value":"//*[@id=\"__button75-img\"]"}
RESULT: {"using":"xpath","value":"//*[@id=\"__button75-img\"]"}
COMMAND: POST /session/b430664ae761cc419c9ed8ae7652b215/element/f.7C6B6118A7D0ED8090C3E8289D0DA550.d.F12C5661247B39D632B544711D125EDA.e.545/click - {}
RESULT: {}
COMMAND: POST /session/b430664ae761cc419c9ed8ae7652b215/execute/async - {"script":"<script> [1562 bytes]","args":[{"selector":{"id":"application-manageclassifications-display-component---classificationCreate--classHeaderName","interaction":{"idSuffix":"inner"}},"wdio_ui5_key":"applicationmanageclassifications-display-component---classificationCreate--classHeaderName"}]}
COMMAND: GET /session/b430664ae761cc419c9ed8ae7652b215/screenshot - {}
RESULT: {"script":"<script> [1562 bytes]","args":[{"selector":{"id":"application-manageclassifications-display-component---classificationCreate--classHeaderName","interaction":{"idSuffix":"inner"}},"wdio_ui5_key":"applicationmanageclassifications-display-component---classificationCreate--classHeaderName"}]}
RESULT: undefined
COMMAND: POST /session/b430664ae761cc419c9ed8ae7652b215/execute/async - {"script":"<script> [776 bytes]","args":[{"enterText":"WebdriverYardClassfn2wb","selector":{"id":"application-manageclassifications-display-component---classificationCreate--classHeaderName","interaction":{"idSuffix":"inner"}},"clearTextFirst":true,"interactionType":"ENTER_TEXT"}]}
RESULT: {}
RESULT: {"script":"<script> [776 bytes]","args":[{"enterText":"WebdriverYardClassfn2wb","selector":{"id":"application-manageclassifications-display-component---classificationCreate--classHeaderName","interaction":{"idSuffix":"inner"}},"clearTextFirst":true,"interactionType":"ENTER_TEXT"}]}
COMMAND: POST /session/b430664ae761cc419c9ed8ae7652b215/execute/async - {"script":"<script> [1562 bytes]","args":[{"selector":{"controlType":"sap.ui.core.Icon","viewName":"etm.portal.ui.manageclassifications.view.Create","viewId":"application-manageclassifications-display-component---classificationCreate","properties":{"src":{"regex":{"source":"slim\\-arrow\\-down"}}}},"wdio_ui5_key":"etmportal.ui.manageclassifications.view.Createsap.ui.core.Icon{\"src\":{\"regex\":{\"source\":\"slim\\\\-arrow\\\\-down\"}}}"}]}
RESULT: {"script":"<script> [1562 bytes]","args":[{"selector":{"controlType":"sap.ui.core.Icon","viewName":"etm.portal.ui.manageclassifications.view.Create","viewId":"application-manageclassifications-display-component---classificationCreate","properties":{"src":{"regex":{"source":"slim\\-arrow\\-down"}}}},"wdio_ui5_key":"etmportal.ui.manageclassifications.view.Createsap.ui.core.Icon{\"src\":{\"regex\":{\"source\":\"slim\\\\-arrow\\\\-down\"}}}"}]}
RESULT: undefined
COMMAND: POST /session/b430664ae761cc419c9ed8ae7652b215/element - {"using":"xpath","value":"//*[@id=\"__box48-arrow\"]"}
RESULT: {"using":"xpath","value":"//*[@id=\"__box48-arrow\"]"}
COMMAND: POST /session/b430664ae761cc419c9ed8ae7652b215/element/f.7C6B6118A7D0ED8090C3E8289D0DA550.d.F12C5661247B39D632B544711D125EDA.e.793/click - {}
RESULT: {}
COMMAND: POST /session/b430664ae761cc419c9ed8ae7652b215/execute/async - {"script":"<script> [1562 bytes]","args":[{"selector":{"controlType":"sap.m.StandardListItem","viewName":"etm.portal.ui.manageclassifications.view.Create","viewId":"application-manageclassifications-display-component---classificationCreate","properties":{"title":"Yard assignment"},"searchOpenDialogs":true,"interaction":{"idSuffix":"titleText"}},"wdio_ui5_key":"etmportal.ui.manageclassifications.view.Createsap.m.StandardListItem{\"title\":\"Yard assignment\"}"}]}
COMMAND: GET /session/b430664ae761cc419c9ed8ae7652b215/screenshot - {}
RESULT: {"script":"<script> [1562 bytes]","args":[{"selector":{"controlType":"sap.m.StandardListItem","viewName":"etm.portal.ui.manageclassifications.view.Create","viewId":"application-manageclassifications-display-component---classificationCreate","properties":{"title":"Yard assignment"},"searchOpenDialogs":true,"interaction":{"idSuffix":"titleText"}},"wdio_ui5_key":"etmportal.ui.manageclassifications.view.Createsap.m.StandardListItem{\"title\":\"Yard assignment\"}"}]}
RESULT: undefined
COMMAND: POST /session/b430664ae761cc419c9ed8ae7652b215/element - {"using":"xpath","value":"//*[@id=\"__item302\"]"}
RESULT: {}
RESULT: {"using":"xpath","value":"//*[@id=\"__item302\"]"}
COMMAND: POST /session/b430664ae761cc419c9ed8ae7652b215/element/f.7C6B6118A7D0ED8090C3E8289D0DA550.d.F12C5661247B39D632B544711D125EDA.e.857/click - {}
RESULT: {}
COMMAND: POST /session/b430664ae761cc419c9ed8ae7652b215/execute/async - {"script":"<script> [1562 bytes]","args":[{"selector":{"controlType":"sap.ui.core.Icon","viewName":"etm.portal.ui.manageclassifications.view.Create","viewId":"application-manageclassifications-display-component---classificationCreate","properties":{"src":{"regex":{"source":"add"}}}},"wdio_ui5_key":"etmportal.ui.manageclassifications.view.Createsap.ui.core.Icon{\"src\":{\"regex\":{\"source\":\"add\"}}}"}]}
COMMAND: GET /session/b430664ae761cc419c9ed8ae7652b215/screenshot - {}
RESULT: {"script":"<script> [1562 bytes]","args":[{"selector":{"controlType":"sap.ui.core.Icon","viewName":"etm.portal.ui.manageclassifications.view.Create","viewId":"application-manageclassifications-display-component---classificationCreate","properties":{"src":{"regex":{"source":"add"}}}},"wdio_ui5_key":"etmportal.ui.manageclassifications.view.Createsap.ui.core.Icon{\"src\":{\"regex\":{\"source\":\"add\"}}}"}]}
RESULT: undefined
COMMAND: POST /session/b430664ae761cc419c9ed8ae7652b215/element - {"using":"xpath","value":"//*[@id=\"__button80-img\"]"}
RESULT: {}
RESULT: {"using":"xpath","value":"//*[@id=\"__button80-img\"]"}
COMMAND: POST /session/b430664ae761cc419c9ed8ae7652b215/element/f.7C6B6118A7D0ED8090C3E8289D0DA550.d.F12C5661247B39D632B544711D125EDA.e.796/click - {}
RESULT: {}
COMMAND: POST /session/b430664ae761cc419c9ed8ae7652b215/execute/async - {"script":"<script> [1562 bytes]","args":[{"selector":{"controlType":"sap.m.Input","viewName":"etm.portal.ui.manageclassifications.view.Create","viewId":"application-manageclassifications-display-component---classificationCreate","bindingPath":{"path":"/0","propertyPath":"PROPERTY","modelName":"newConfigModel"},"interaction":{"idSuffix":"inner"}},"wdio_ui5_key":"etmportal.ui.manageclassifications.view.Createsap.m.Input{\"path\":\"/0\",\"propertyPath\":\"PROPERTY\",\"modelName\":\"newConfigModel\"}"}]}
COMMAND: GET /session/b430664ae761cc419c9ed8ae7652b215/screenshot - {}
RESULT: {"script":"<script> [1562 bytes]","args":[{"selector":{"controlType":"sap.m.Input","viewName":"etm.portal.ui.manageclassifications.view.Create","viewId":"application-manageclassifications-display-component---classificationCreate","bindingPath":{"path":"/0","propertyPath":"PROPERTY","modelName":"newConfigModel"},"interaction":{"idSuffix":"inner"}},"wdio_ui5_key":"etmportal.ui.manageclassifications.view.Createsap.m.Input{\"path\":\"/0\",\"propertyPath\":\"PROPERTY\",\"modelName\":\"newConfigModel\"}"}]}
RESULT: undefined
COMMAND: POST /session/b430664ae761cc419c9ed8ae7652b215/execute/async - {"script":"<script> [776 bytes]","args":[{"enterText":"101","selector":{"controlType":"sap.m.Input","viewName":"etm.portal.ui.manageclassifications.view.Create","viewId":"application-manageclassifications-display-component---classificationCreate","bindingPath":{"path":"/0","propertyPath":"PROPERTY","modelName":"newConfigModel"},"interaction":{"idSuffix":"inner"}},"clearTextFirst":true,"interactionType":"ENTER_TEXT"}]}
RESULT: {}
RESULT: {"script":"<script> [776 bytes]","args":[{"enterText":"101","selector":{"controlType":"sap.m.Input","viewName":"etm.portal.ui.manageclassifications.view.Create","viewId":"application-manageclassifications-display-component---classificationCreate","bindingPath":{"path":"/0","propertyPath":"PROPERTY","modelName":"newConfigModel"},"interaction":{"idSuffix":"inner"}},"clearTextFirst":true,"interactionType":"ENTER_TEXT"}]}
COMMAND: POST /session/b430664ae761cc419c9ed8ae7652b215/execute/async - {"script":"<script> [1562 bytes]","args":[{"selector":{"controlType":"sap.m.Input","viewName":"etm.portal.ui.manageclassifications.view.Create","viewId":"application-manageclassifications-display-component---classificationCreate","bindingPath":{"path":"/0","propertyPath":"DESCRIPTION","modelName":"newConfigModel"},"interaction":{"idSuffix":"inner"}},"wdio_ui5_key":"etmportal.ui.manageclassifications.view.Createsap.m.Input{\"path\":\"/0\",\"propertyPath\":\"DESCRIPTION\",\"modelName\":\"newConfigModel\"}"}]}
RESULT: {"script":"<script> [1562 bytes]","args":[{"selector":{"controlType":"sap.m.Input","viewName":"etm.portal.ui.manageclassifications.view.Create","viewId":"application-manageclassifications-display-component---classificationCreate","bindingPath":{"path":"/0","propertyPath":"DESCRIPTION","modelName":"newConfigModel"},"interaction":{"idSuffix":"inner"}},"wdio_ui5_key":"etmportal.ui.manageclassifications.view.Createsap.m.Input{\"path\":\"/0\",\"propertyPath\":\"DESCRIPTION\",\"modelName\":\"newConfigModel\"}"}]}
RESULT: undefined
COMMAND: POST /session/b430664ae761cc419c9ed8ae7652b215/execute/async - {"script":"<script> [776 bytes]","args":[{"enterText":"yard1","selector":{"controlType":"sap.m.Input","viewName":"etm.portal.ui.manageclassifications.view.Create","viewId":"application-manageclassifications-display-component---classificationCreate","bindingPath":{"path":"/0","propertyPath":"DESCRIPTION","modelName":"newConfigModel"},"interaction":{"idSuffix":"inner"}},"clearTextFirst":true,"interactionType":"ENTER_TEXT"}]}
RESULT: {"script":"<script> [776 bytes]","args":[{"enterText":"yard1","selector":{"controlType":"sap.m.Input","viewName":"etm.portal.ui.manageclassifications.view.Create","viewId":"application-manageclassifications-display-component---classificationCreate","bindingPath":{"path":"/0","propertyPath":"DESCRIPTION","modelName":"newConfigModel"},"interaction":{"idSuffix":"inner"}},"clearTextFirst":true,"interactionType":"ENTER_TEXT"}]}
COMMAND: POST /session/b430664ae761cc419c9ed8ae7652b215/execute/async - {"script":"<script> [1562 bytes]","args":[{"selector":{"controlType":"sap.ui.core.Icon","viewName":"etm.portal.ui.manageclassifications.view.Create","viewId":"application-manageclassifications-display-component---classificationCreate","properties":{"src":{"regex":{"source":"slim\\-arrow\\-down"}}},"ancestor":{"controlType":"sap.m.ComboBox","viewName":"etm.portal.ui.manageclassifications.view.Create","viewId":"application-manageclassifications-display-component---classificationCreate","bindingPath":{"path":"/0","propertyPath":"VALUE_TYPE","modelName":"newConfigModel"}}},"wdio_ui5_key":"etmportal.ui.manageclassifications.view.Createsap.ui.core.Icon{\"src\":{\"regex\":{\"source\":\"slim\\\\-arrow\\\\-down\"}}}{\"controlType\":\"sap.m.ComboBox\",\"viewName\":\"etm.portal.ui.manageclassifications.view.Create\",\"viewId\":\"application-manageclassifications-display-component---classificationCreate\",\"bindingPath\":{\"path\":\"/0\",\"propertyPath\":\"VALUE_TYPE\",\"modelName\":\"newConfigModel\"}}"}]}
RESULT: {"script":"<script> [1562 bytes]","args":[{"selector":{"controlType":"sap.ui.core.Icon","viewName":"etm.portal.ui.manageclassifications.view.Create","viewId":"application-manageclassifications-display-component---classificationCreate","properties":{"src":{"regex":{"source":"slim\\-arrow\\-down"}}},"ancestor":{"controlType":"sap.m.ComboBox","viewName":"etm.portal.ui.manageclassifications.view.Create","viewId":"application-manageclassifications-display-component---classificationCreate","bindingPath":{"path":"/0","propertyPath":"VALUE_TYPE","modelName":"newConfigModel"}}},"wdio_ui5_key":"etmportal.ui.manageclassifications.view.Createsap.ui.core.Icon{\"src\":{\"regex\":{\"source\":\"slim\\\\-arrow\\\\-down\"}}}{\"controlType\":\"sap.m.ComboBox\",\"viewName\":\"etm.portal.ui.manageclassifications.view.Create\",\"viewId\":\"application-manageclassifications-display-component---classificationCreate\",\"bindingPath\":{\"path\":\"/0\",\"propertyPath\":\"VALUE_TYPE\",\"modelName\":\"newConfigModel\"}}"}]}
RESULT: undefined
COMMAND: POST /session/b430664ae761cc419c9ed8ae7652b215/element - {"using":"xpath","value":"//*[@id=\"__box49-application-manageclassifications-display-component---classificationCreate--configurationList-0-arrow\"]"}
RESULT: {"using":"xpath","value":"//*[@id=\"__box49-application-manageclassifications-display-component---classificationCreate--configurationList-0-arrow\"]"}
COMMAND: POST /session/b430664ae761cc419c9ed8ae7652b215/element/f.7C6B6118A7D0ED8090C3E8289D0DA550.d.F12C5661247B39D632B544711D125EDA.e.866/click - {}
RESULT: {}
COMMAND: POST /session/b430664ae761cc419c9ed8ae7652b215/execute/async - {"script":"<script> [1562 bytes]","args":[{"selector":{"controlType":"sap.m.StandardListItem","viewName":"etm.portal.ui.manageclassifications.view.Create","viewId":"application-manageclassifications-display-component---classificationCreate","properties":{"title":"Boolean"},"searchOpenDialogs":true,"interaction":{"idSuffix":"content"}},"wdio_ui5_key":"etmportal.ui.manageclassifications.view.Createsap.m.StandardListItem{\"title\":\"Boolean\"}"}]}
COMMAND: GET /session/b430664ae761cc419c9ed8ae7652b215/screenshot - {}
RESULT: {"script":"<script> [1562 bytes]","args":[{"selector":{"controlType":"sap.m.StandardListItem","viewName":"etm.portal.ui.manageclassifications.view.Create","viewId":"application-manageclassifications-display-component---classificationCreate","properties":{"title":"Boolean"},"searchOpenDialogs":true,"interaction":{"idSuffix":"content"}},"wdio_ui5_key":"etmportal.ui.manageclassifications.view.Createsap.m.StandardListItem{\"title\":\"Boolean\"}"}]}
RESULT: undefined
COMMAND: POST /session/b430664ae761cc419c9ed8ae7652b215/element - {"using":"xpath","value":"//*[@id=\"__item305\"]"}
RESULT: {}
RESULT: {"using":"xpath","value":"//*[@id=\"__item305\"]"}
COMMAND: POST /session/b430664ae761cc419c9ed8ae7652b215/element/f.7C6B6118A7D0ED8090C3E8289D0DA550.d.F12C5661247B39D632B544711D125EDA.e.868/click - {}
RESULT: {}
COMMAND: POST /session/b430664ae761cc419c9ed8ae7652b215/element - {"using":"xpath","value":"//input[contains(@id ,\"application-manageclassifications-display-component---classificationCreate--classHeaderName-inner\")]"}
COMMAND: GET /session/b430664ae761cc419c9ed8ae7652b215/screenshot - {}
RESULT: {"using":"xpath","value":"//input[contains(@id ,\"application-manageclassifications-display-component---classificationCreate--classHeaderName-inner\")]"}
COMMAND: GET /session/b430664ae761cc419c9ed8ae7652b215/element/f.7C6B6118A7D0ED8090C3E8289D0DA550.d.F12C5661247B39D632B544711D125EDA.e.768/property/value - {}
RESULT: {}
RESULT: {}
COMMAND: GET /session/b430664ae761cc419c9ed8ae7652b215/screenshot - {}
RESULT: {}
COMMAND: POST /session/b430664ae761cc419c9ed8ae7652b215/element - {"using":"xpath","value":"//button[@title=\"Save\"]"}
RESULT: {"using":"xpath","value":"//button[@title=\"Save\"]"}
COMMAND: POST /session/b430664ae761cc419c9ed8ae7652b215/element/f.7C6B6118A7D0ED8090C3E8289D0DA550.d.F12C5661247B39D632B544711D125EDA.e.803/click - {}
RESULT: {}
COMMAND: GET /session/b430664ae761cc419c9ed8ae7652b215/screenshot - {}
RESULT: {}
COMMAND: POST /session/b430664ae761cc419c9ed8ae7652b215/execute/async - {"script":"<script> [1562 bytes]","args":[{"selector":{"id":"application-manageclassifications-display-component---classificationMaster--smartFilterBar-btnBasicSearch","interaction":{"idSuffix":"I"}},"wdio_ui5_key":"applicationmanageclassifications-display-component---classificationMaster--smartFilterBar-btnBasicSearch"}]}
RESULT: {"script":"<script> [1562 bytes]","args":[{"selector":{"id":"application-manageclassifications-display-component---classificationMaster--smartFilterBar-btnBasicSearch","interaction":{"idSuffix":"I"}},"wdio_ui5_key":"applicationmanageclassifications-display-component---classificationMaster--smartFilterBar-btnBasicSearch"}]}
RESULT: undefined
COMMAND: POST /session/b430664ae761cc419c9ed8ae7652b215/execute/async - {"script":"<script> [776 bytes]","args":[{"enterText":"WebdriverYardClassfn2wb","selector":{"id":"application-manageclassifications-display-component---classificationMaster--smartFilterBar-btnBasicSearch","interaction":{"idSuffix":"I"}},"clearTextFirst":true,"interactionType":"ENTER_TEXT"}]}
RESULT: {"script":"<script> [776 bytes]","args":[{"enterText":"WebdriverYardClassfn2wb","selector":{"id":"application-manageclassifications-display-component---classificationMaster--smartFilterBar-btnBasicSearch","interaction":{"idSuffix":"I"}},"clearTextFirst":true,"interactionType":"ENTER_TEXT"}]}
COMMAND: POST /session/b430664ae761cc419c9ed8ae7652b215/actions - {"actions":[{"id":"action3","type":"key","parameters":{},"actions":[{"type":"keyDown","value":"î€‡"},{"type":"pause","duration":10},{"type":"keyUp","value":"î€‡"}]}]}
RESULT: {"actions":[{"id":"action3","type":"key","parameters":{},"actions":[{"type":"keyDown","value":"î€‡"},{"type":"pause","duration":10},{"type":"keyUp","value":"î€‡"}]}]}
COMMAND: POST /session/b430664ae761cc419c9ed8ae7652b215/execute/async - {"script":"<script> [1562 bytes]","args":[{"selector":{"id":"application-manageclassifications-display-component---classificationMaster--smartTable-header"},"wdio_ui5_key":"applicationmanageclassifications-display-component---classificationMaster--smartTable-header"}]}
COMMAND: GET /session/b430664ae761cc419c9ed8ae7652b215/screenshot - {}
RESULT: {"script":"<script> [1562 bytes]","args":[{"selector":{"id":"application-manageclassifications-display-component---classificationMaster--smartTable-header"},"wdio_ui5_key":"applicationmanageclassifications-display-component---classificationMaster--smartTable-header"}]}
RESULT: undefined
COMMAND: POST /session/b430664ae761cc419c9ed8ae7652b215/execute/async - {"script":"<script> [6424 bytes]","args":[{"element-6066-11e4-a52e-4f735466cecf":"f.7C6B6118A7D0ED8090C3E8289D0DA550.d.F12C5661247B39D632B544711D125EDA.e.1038"},"getText",[]]}
RESULT: {}
RESULT: {"script":"<script> [6424 bytes]","args":[{"element-6066-11e4-a52e-4f735466cecf":"f.7C6B6118A7D0ED8090C3E8289D0DA550.d.F12C5661247B39D632B544711D125EDA.e.1038"},"getText",[]]}
COMMAND: POST /session/b430664ae761cc419c9ed8ae7652b215/element - {"using":"css selector","value":"#shell-header-logo"}
RESULT: {"using":"css selector","value":"#shell-header-logo"}
COMMAND: POST /session/b430664ae761cc419c9ed8ae7652b215/element/f.7C6B6118A7D0ED8090C3E8289D0DA550.d.F12C5661247B39D632B544711D125EDA.e.510/click - {}
RESULT: {}
COMMAND: GET /session/b430664ae761cc419c9ed8ae7652b215/screenshot - {}
RESULT: {}
]]></system-out>
    </testcase>
    <testcase classname="chrome.136_0_7103_49.windows.Manage_catalogs_-_yard_assignment_classification_US138930" name="Should add the yard classification to a catalog item" time="109.364">
      <system-out><![CDATA[
RESULT: undefined
COMMAND: POST /session/b430664ae761cc419c9ed8ae7652b215/element - {"using":"xpath","value":"//*[@id=\"__tile37\"]"}
RESULT: {"using":"xpath","value":"//*[@id=\"__tile37\"]"}
COMMAND: POST /session/b430664ae761cc419c9ed8ae7652b215/element/f.7C6B6118A7D0ED8090C3E8289D0DA550.d.F12C5661247B39D632B544711D125EDA.e.115/click - {}
RESULT: {}
COMMAND: GET /session/b430664ae761cc419c9ed8ae7652b215/screenshot - {}
RESULT: {}
COMMAND: POST /session/b430664ae761cc419c9ed8ae7652b215/elements - {"using":"xpath","value":"//span[text()='Error']"}
RESULT: {"using":"xpath","value":"//span[text()='Error']"}
COMMAND: POST /session/b430664ae761cc419c9ed8ae7652b215/refresh - {}
RESULT: {}
COMMAND: GET /session/b430664ae761cc419c9ed8ae7652b215/screenshot - {}
RESULT: {}
COMMAND: POST /session/b430664ae761cc419c9ed8ae7652b215/execute/async - {"script":"<script> [189 bytes]","args":[]}
RESULT: {"script":"<script> [189 bytes]","args":[]}
COMMAND: POST /session/b430664ae761cc419c9ed8ae7652b215/execute/async - {"script":"<script> [123 bytes]","args":[]}
RESULT: {"script":"<script> [123 bytes]","args":[]}
COMMAND: POST /session/b430664ae761cc419c9ed8ae7652b215/timeouts - {"script":"<number>"}
RESULT: {"script":"<number>"}
COMMAND: GET /session/b430664ae761cc419c9ed8ae7652b215/timeouts - {}
RESULT: {}
RESULT: undefined
COMMAND: POST /session/b430664ae761cc419c9ed8ae7652b215/execute/async - {"script":"<script> [2676 bytes]","args":[]}
RESULT: {"script":"<script> [2676 bytes]","args":[]}
COMMAND: POST /session/b430664ae761cc419c9ed8ae7652b215/execute/async - {"script":"<script> [2342 bytes]","args":[{"protocol":"http","hostname":"0.0.0.0","path":"/","capabilities":{"browserName":"chrome","goog:chromeOptions":{"binary":"C:\\Program Files\\Google\\Chrome\\Application\\chrome.exe","args":["--start-maximized"]}},"logLevel":"warn","connectionRetryTimeout":120000,"connectionRetryCount":3,"logLevels":{},"enableDirectConnect":true,"strictSSL":true,"_":"65 more keys: [\"cacheDir\",\"port\",\"requestedCapabilities\",\"automationProtocol\",\"baseUrl\",\"waitforInterval\",\"waitforTimeout\",\"onReload\",\"beforeCommand\",\"afterCommand\",\"rootDir\",\"specs\",\"suites\",\"exclude\",\"groupLogsByTestSpec\",\"excludeDriverLogs\",\"bail\",\"framework\",\"reporters\",\"services\",\"maxInstances\",\"maxInstancesPerCapability\",\"injectGlobals\",\"filesToWatch\",\"execArgv\",\"runnerEnv\",\"runner\",\"shard\",\"specFileRetries\",\"specFileRetriesDelay\",\"specFileRetriesDeferred\",\"reporterSyncInterval\",\"reporterSyncTimeout\",\"cucumberFeaturesWithLineNumbers\",\"autoCompileOpts\",\"mochaOpts\",\"jasmineOpts\",\"cucumberOpts\",\"onPrepare\",\"onWorkerStart\",\"onWorkerEnd\",\"before\",\"beforeSession\",\"beforeSuite\",\"beforeHook\",\"beforeTest\",\"afterTest\",\"afterHook\",\"afterSuite\",\"afterSession\",\"after\",\"onComplete\",\"beforeAssertion\",\"afterAssertion\",\"beforeFeature\",\"beforeScenario\",\"beforeStep\",\"afterStep\",\"afterScenario\",\"afterFeature\",\"_\",\"suite\",\"$0\",\"ignoredWorkerServices\",\"wdi5\"]"}]}
RESULT: {"script":"<script> [2342 bytes]","args":[{"protocol":"http","hostname":"0.0.0.0","path":"/","capabilities":{"browserName":"chrome","goog:chromeOptions":{"binary":"C:\\Program Files\\Google\\Chrome\\Application\\chrome.exe","args":["--start-maximized"]}},"logLevel":"warn","connectionRetryTimeout":120000,"connectionRetryCount":3,"logLevels":{},"enableDirectConnect":true,"strictSSL":true,"_":"65 more keys: [\"cacheDir\",\"port\",\"requestedCapabilities\",\"automationProtocol\",\"baseUrl\",\"waitforInterval\",\"waitforTimeout\",\"onReload\",\"beforeCommand\",\"afterCommand\",\"rootDir\",\"specs\",\"suites\",\"exclude\",\"groupLogsByTestSpec\",\"excludeDriverLogs\",\"bail\",\"framework\",\"reporters\",\"services\",\"maxInstances\",\"maxInstancesPerCapability\",\"injectGlobals\",\"filesToWatch\",\"execArgv\",\"runnerEnv\",\"runner\",\"shard\",\"specFileRetries\",\"specFileRetriesDelay\",\"specFileRetriesDeferred\",\"reporterSyncInterval\",\"reporterSyncTimeout\",\"cucumberFeaturesWithLineNumbers\",\"autoCompileOpts\",\"mochaOpts\",\"jasmineOpts\",\"cucumberOpts\",\"onPrepare\",\"onWorkerStart\",\"onWorkerEnd\",\"before\",\"beforeSession\",\"beforeSuite\",\"beforeHook\",\"beforeTest\",\"afterTest\",\"afterHook\",\"afterSuite\",\"afterSession\",\"after\",\"onComplete\",\"beforeAssertion\",\"afterAssertion\",\"beforeFeature\",\"beforeScenario\",\"beforeStep\",\"afterStep\",\"afterScenario\",\"afterFeature\",\"_\",\"suite\",\"$0\",\"ignoredWorkerServices\",\"wdi5\"]"}]}
COMMAND: POST /session/b430664ae761cc419c9ed8ae7652b215/execute/async - {"script":"<script> [21126 bytes]","args":[35000]}
RESULT: {"script":"<script> [21126 bytes]","args":[35000]}
COMMAND: POST /session/b430664ae761cc419c9ed8ae7652b215/element - {"using":"xpath","value":"//span[contains(text(), \"Webshop Catalog\")][contains(@id ,\"masterCatalogs\")]"}
RESULT: {"using":"xpath","value":"//span[contains(text(), \"Webshop Catalog\")][contains(@id ,\"masterCatalogs\")]"}
COMMAND: POST /session/b430664ae761cc419c9ed8ae7652b215/element/f.7C6B6118A7D0ED8090C3E8289D0DA550.d.3DE237E785C71628DB0402808C3F5792.e.1143/click - {}
RESULT: {}
COMMAND: GET /session/b430664ae761cc419c9ed8ae7652b215/screenshot - {}
RESULT: {}
COMMAND: POST /session/b430664ae761cc419c9ed8ae7652b215/element - {"using":"xpath","value":"//input[contains(@id ,\"application-managecatalogs-display-component---masterCatalogItems--searchItemsField-I\")]"}
RESULT: {"using":"xpath","value":"//input[contains(@id ,\"application-managecatalogs-display-component---masterCatalogItems--searchItemsField-I\")]"}
COMMAND: POST /session/b430664ae761cc419c9ed8ae7652b215/element/f.7C6B6118A7D0ED8090C3E8289D0DA550.d.3DE237E785C71628DB0402808C3F5792.e.1146/value - {"text":"SecondSection6fk9b"}
RESULT: {"text":"SecondSection6fk9b"}
COMMAND: POST /session/b430664ae761cc419c9ed8ae7652b215/actions - {"actions":[{"id":"action4","type":"key","parameters":{},"actions":[{"type":"keyDown","value":"î€‡"},{"type":"pause","duration":10},{"type":"keyUp","value":"î€‡"}]}]}
COMMAND: GET /session/b430664ae761cc419c9ed8ae7652b215/screenshot - {}
RESULT: {"actions":[{"id":"action4","type":"key","parameters":{},"actions":[{"type":"keyDown","value":"î€‡"},{"type":"pause","duration":10},{"type":"keyUp","value":"î€‡"}]}]}
COMMAND: GET /session/b430664ae761cc419c9ed8ae7652b215/screenshot - {}
RESULT: {}
RESULT: {}
COMMAND: POST /session/b430664ae761cc419c9ed8ae7652b215/element - {"using":"xpath","value":"(//span[contains(text(), \"SecondSection6fk9b\")])[1]"}
RESULT: {"using":"xpath","value":"(//span[contains(text(), \"SecondSection6fk9b\")])[1]"}
COMMAND: POST /session/b430664ae761cc419c9ed8ae7652b215/element/f.7C6B6118A7D0ED8090C3E8289D0DA550.d.3DE237E785C71628DB0402808C3F5792.e.1158/click - {}
RESULT: {}
COMMAND: POST /session/b430664ae761cc419c9ed8ae7652b215/execute/async - {"script":"<script> [1562 bytes]","args":[{"selector":{"controlType":"sap.m.Button","viewName":"etm.portal.ui.managecatalogs.view.Detail","viewId":"application-managecatalogs-display-component---detailCatalog","i18NText":{"propertyName":"text","key":"edit"},"interaction":{"idSuffix":"BDI-content"}},"wdio_ui5_key":"etmportal.ui.managecatalogs.view.Detailsap.m.Button{\"propertyName\":\"text\",\"key\":\"edit\"}"}]}
COMMAND: GET /session/b430664ae761cc419c9ed8ae7652b215/screenshot - {}
RESULT: {"script":"<script> [1562 bytes]","args":[{"selector":{"controlType":"sap.m.Button","viewName":"etm.portal.ui.managecatalogs.view.Detail","viewId":"application-managecatalogs-display-component---detailCatalog","i18NText":{"propertyName":"text","key":"edit"},"interaction":{"idSuffix":"BDI-content"}},"wdio_ui5_key":"etmportal.ui.managecatalogs.view.Detailsap.m.Button{\"propertyName\":\"text\",\"key\":\"edit\"}"}]}
RESULT: undefined
COMMAND: POST /session/b430664ae761cc419c9ed8ae7652b215/element - {"using":"xpath","value":"//*[@id=\"__button33\"]"}
RESULT: {}
RESULT: {"using":"xpath","value":"//*[@id=\"__button33\"]"}
COMMAND: POST /session/b430664ae761cc419c9ed8ae7652b215/element/f.7C6B6118A7D0ED8090C3E8289D0DA550.d.3DE237E785C71628DB0402808C3F5792.e.1221/click - {}
RESULT: {}
COMMAND: POST /session/b430664ae761cc419c9ed8ae7652b215/execute/async - {"script":"<script> [1562 bytes]","args":[{"selector":{"controlType":"sap.ui.core.Icon","viewName":"etm.portal.ui.managecatalogs.view.Detail","viewId":"application-managecatalogs-display-component---detailCatalog","properties":{"src":{"regex":{"source":"add\\-document"}}}},"wdio_ui5_key":"etmportal.ui.managecatalogs.view.Detailsap.ui.core.Icon{\"src\":{\"regex\":{\"source\":\"add\\\\-document\"}}}"}]}
COMMAND: GET /session/b430664ae761cc419c9ed8ae7652b215/screenshot - {}
RESULT: {"script":"<script> [1562 bytes]","args":[{"selector":{"controlType":"sap.ui.core.Icon","viewName":"etm.portal.ui.managecatalogs.view.Detail","viewId":"application-managecatalogs-display-component---detailCatalog","properties":{"src":{"regex":{"source":"add\\-document"}}}},"wdio_ui5_key":"etmportal.ui.managecatalogs.view.Detailsap.ui.core.Icon{\"src\":{\"regex\":{\"source\":\"add\\\\-document\"}}}"}]}
RESULT: undefined
COMMAND: POST /session/b430664ae761cc419c9ed8ae7652b215/element - {"using":"xpath","value":"//*[@id=\"__button42-img\"]"}
RESULT: {}
RESULT: {"using":"xpath","value":"//*[@id=\"__button42-img\"]"}
COMMAND: POST /session/b430664ae761cc419c9ed8ae7652b215/element/f.7C6B6118A7D0ED8090C3E8289D0DA550.d.3DE237E785C71628DB0402808C3F5792.e.1226/click - {}
RESULT: {}
COMMAND: POST /session/b430664ae761cc419c9ed8ae7652b215/execute/async - {"script":"<script> [1562 bytes]","args":[{"selector":{"id":"application-managecatalogs-display-component---detailCatalog--newItemNumberInput","searchOpenDialogs":true,"interaction":{"idSuffix":"inner"}},"wdio_ui5_key":"applicationmanagecatalogs-display-component---detailCatalog--newItemNumberInput"}]}
COMMAND: GET /session/b430664ae761cc419c9ed8ae7652b215/screenshot - {}
RESULT: {"script":"<script> [1562 bytes]","args":[{"selector":{"id":"application-managecatalogs-display-component---detailCatalog--newItemNumberInput","searchOpenDialogs":true,"interaction":{"idSuffix":"inner"}},"wdio_ui5_key":"applicationmanagecatalogs-display-component---detailCatalog--newItemNumberInput"}]}
RESULT: undefined
COMMAND: POST /session/b430664ae761cc419c9ed8ae7652b215/execute/async - {"script":"<script> [776 bytes]","args":[{"enterText":"catalogItemofz8i","selector":{"id":"application-managecatalogs-display-component---detailCatalog--newItemNumberInput","searchOpenDialogs":true,"interaction":{"idSuffix":"inner"}},"clearTextFirst":true,"interactionType":"ENTER_TEXT"}]}
RESULT: {}
RESULT: {"script":"<script> [776 bytes]","args":[{"enterText":"catalogItemofz8i","selector":{"id":"application-managecatalogs-display-component---detailCatalog--newItemNumberInput","searchOpenDialogs":true,"interaction":{"idSuffix":"inner"}},"clearTextFirst":true,"interactionType":"ENTER_TEXT"}]}
COMMAND: POST /session/b430664ae761cc419c9ed8ae7652b215/execute/async - {"script":"<script> [1562 bytes]","args":[{"selector":{"controlType":"sap.m.Input","viewName":"etm.portal.ui.managecatalogs.view.Detail","viewId":"application-managecatalogs-display-component---detailCatalog","bindingPath":{"path":"","propertyPath":"/DESCRIPTION"},"searchOpenDialogs":true,"interaction":{"idSuffix":"inner"}},"wdio_ui5_key":"etmportal.ui.managecatalogs.view.Detailsap.m.Input{\"path\":\"\",\"propertyPath\":\"/DESCRIPTION\"}"}]}
RESULT: {"script":"<script> [1562 bytes]","args":[{"selector":{"controlType":"sap.m.Input","viewName":"etm.portal.ui.managecatalogs.view.Detail","viewId":"application-managecatalogs-display-component---detailCatalog","bindingPath":{"path":"","propertyPath":"/DESCRIPTION"},"searchOpenDialogs":true,"interaction":{"idSuffix":"inner"}},"wdio_ui5_key":"etmportal.ui.managecatalogs.view.Detailsap.m.Input{\"path\":\"\",\"propertyPath\":\"/DESCRIPTION\"}"}]}
RESULT: undefined
COMMAND: POST /session/b430664ae761cc419c9ed8ae7652b215/execute/async - {"script":"<script> [776 bytes]","args":[{"enterText":"catalogItemNamebnshr","selector":{"controlType":"sap.m.Input","viewName":"etm.portal.ui.managecatalogs.view.Detail","viewId":"application-managecatalogs-display-component---detailCatalog","bindingPath":{"path":"","propertyPath":"/DESCRIPTION"},"searchOpenDialogs":true,"interaction":{"idSuffix":"inner"}},"clearTextFirst":true,"interactionType":"ENTER_TEXT"}]}
RESULT: {"script":"<script> [776 bytes]","args":[{"enterText":"catalogItemNamebnshr","selector":{"controlType":"sap.m.Input","viewName":"etm.portal.ui.managecatalogs.view.Detail","viewId":"application-managecatalogs-display-component---detailCatalog","bindingPath":{"path":"","propertyPath":"/DESCRIPTION"},"searchOpenDialogs":true,"interaction":{"idSuffix":"inner"}},"clearTextFirst":true,"interactionType":"ENTER_TEXT"}]}
COMMAND: POST /session/b430664ae761cc419c9ed8ae7652b215/execute/async - {"script":"<script> [1562 bytes]","args":[{"selector":{"controlType":"sap.m.Button","viewName":"etm.portal.ui.managecatalogs.view.Detail","viewId":"application-managecatalogs-display-component---detailCatalog","i18NText":{"propertyName":"text","key":"create"},"searchOpenDialogs":true,"interaction":{"idSuffix":"BDI-content"}},"wdio_ui5_key":"etmportal.ui.managecatalogs.view.Detailsap.m.Button{\"propertyName\":\"text\",\"key\":\"create\"}"}]}
RESULT: {"script":"<script> [1562 bytes]","args":[{"selector":{"controlType":"sap.m.Button","viewName":"etm.portal.ui.managecatalogs.view.Detail","viewId":"application-managecatalogs-display-component---detailCatalog","i18NText":{"propertyName":"text","key":"create"},"searchOpenDialogs":true,"interaction":{"idSuffix":"BDI-content"}},"wdio_ui5_key":"etmportal.ui.managecatalogs.view.Detailsap.m.Button{\"propertyName\":\"text\",\"key\":\"create\"}"}]}
RESULT: undefined
COMMAND: POST /session/b430664ae761cc419c9ed8ae7652b215/element - {"using":"xpath","value":"//*[@id=\"__button17\"]"}
RESULT: {"using":"xpath","value":"//*[@id=\"__button17\"]"}
COMMAND: POST /session/b430664ae761cc419c9ed8ae7652b215/element/f.7C6B6118A7D0ED8090C3E8289D0DA550.d.3DE237E785C71628DB0402808C3F5792.e.1236/click - {}
RESULT: {}
COMMAND: GET /session/b430664ae761cc419c9ed8ae7652b215/screenshot - {}
RESULT: {}
COMMAND: POST /session/b430664ae761cc419c9ed8ae7652b215/element - {"using":"xpath","value":"//button[@title=\"Save\"]"}
RESULT: {"using":"xpath","value":"//button[@title=\"Save\"]"}
COMMAND: POST /session/b430664ae761cc419c9ed8ae7652b215/element/f.7C6B6118A7D0ED8090C3E8289D0DA550.d.3DE237E785C71628DB0402808C3F5792.e.1237/click - {}
RESULT: {}
COMMAND: GET /session/b430664ae761cc419c9ed8ae7652b215/screenshot - {}
RESULT: {}
COMMAND: POST /session/b430664ae761cc419c9ed8ae7652b215/execute/async - {"script":"<script> [1562 bytes]","args":[{"selector":{"controlType":"sap.ui.core.Icon","viewName":"etm.portal.ui.managecatalogs.view.Detail","viewId":"application-managecatalogs-display-component---detailCatalog","properties":{"src":{"regex":{"source":"decline"}}}},"wdio_ui5_key":"etmportal.ui.managecatalogs.view.Detailsap.ui.core.Icon{\"src\":{\"regex\":{\"source\":\"decline\"}}}"}]}
RESULT: {"script":"<script> [1562 bytes]","args":[{"selector":{"controlType":"sap.ui.core.Icon","viewName":"etm.portal.ui.managecatalogs.view.Detail","viewId":"application-managecatalogs-display-component---detailCatalog","properties":{"src":{"regex":{"source":"decline"}}}},"wdio_ui5_key":"etmportal.ui.managecatalogs.view.Detailsap.ui.core.Icon{\"src\":{\"regex\":{\"source\":\"decline\"}}}"}]}
RESULT: undefined
COMMAND: POST /session/b430664ae761cc419c9ed8ae7652b215/element - {"using":"xpath","value":"//*[@id=\"__button36-img\"]"}
RESULT: {"using":"xpath","value":"//*[@id=\"__button36-img\"]"}
COMMAND: POST /session/b430664ae761cc419c9ed8ae7652b215/element/f.7C6B6118A7D0ED8090C3E8289D0DA550.d.3DE237E785C71628DB0402808C3F5792.e.1243/click - {}
RESULT: {}
COMMAND: GET /session/b430664ae761cc419c9ed8ae7652b215/screenshot - {}
RESULT: {}
COMMAND: POST /session/b430664ae761cc419c9ed8ae7652b215/execute/async - {"script":"<script> [1562 bytes]","args":[{"selector":{"controlType":"sap.ui.core.Icon","viewName":"etm.portal.ui.managecatalogs.view.MasterItems","viewId":"application-managecatalogs-display-component---masterCatalogItems","properties":{"src":{"regex":{"source":"refresh"}}}},"wdio_ui5_key":"etmportal.ui.managecatalogs.view.MasterItemssap.ui.core.Icon{\"src\":{\"regex\":{\"source\":\"refresh\"}}}"}]}
RESULT: {"script":"<script> [1562 bytes]","args":[{"selector":{"controlType":"sap.ui.core.Icon","viewName":"etm.portal.ui.managecatalogs.view.MasterItems","viewId":"application-managecatalogs-display-component---masterCatalogItems","properties":{"src":{"regex":{"source":"refresh"}}}},"wdio_ui5_key":"etmportal.ui.managecatalogs.view.MasterItemssap.ui.core.Icon{\"src\":{\"regex\":{\"source\":\"refresh\"}}}"}]}
RESULT: undefined
COMMAND: POST /session/b430664ae761cc419c9ed8ae7652b215/element - {"using":"xpath","value":"//*[@id=\"__button9-img\"]"}
RESULT: {"using":"xpath","value":"//*[@id=\"__button9-img\"]"}
COMMAND: POST /session/b430664ae761cc419c9ed8ae7652b215/element/f.7C6B6118A7D0ED8090C3E8289D0DA550.d.3DE237E785C71628DB0402808C3F5792.e.1276/click - {}
RESULT: {}
COMMAND: GET /session/b430664ae761cc419c9ed8ae7652b215/screenshot - {}
RESULT: {}
COMMAND: POST /session/b430664ae761cc419c9ed8ae7652b215/execute/async - {"script":"<script> [1562 bytes]","args":[{"selector":{"id":"application-managecatalogs-display-component---masterCatalogItems--searchItemsField","interaction":{"idSuffix":"I"}},"wdio_ui5_key":"applicationmanagecatalogs-display-component---masterCatalogItems--searchItemsField"}]}
RESULT: {"script":"<script> [1562 bytes]","args":[{"selector":{"id":"application-managecatalogs-display-component---masterCatalogItems--searchItemsField","interaction":{"idSuffix":"I"}},"wdio_ui5_key":"applicationmanagecatalogs-display-component---masterCatalogItems--searchItemsField"}]}
RESULT: undefined
COMMAND: POST /session/b430664ae761cc419c9ed8ae7652b215/execute/async - {"script":"<script> [776 bytes]","args":[{"enterText":"catalogItemNamebnshr","selector":{"id":"application-managecatalogs-display-component---masterCatalogItems--searchItemsField","interaction":{"idSuffix":"I"}},"clearTextFirst":true,"interactionType":"ENTER_TEXT"}]}
RESULT: {"script":"<script> [776 bytes]","args":[{"enterText":"catalogItemNamebnshr","selector":{"id":"application-managecatalogs-display-component---masterCatalogItems--searchItemsField","interaction":{"idSuffix":"I"}},"clearTextFirst":true,"interactionType":"ENTER_TEXT"}]}
COMMAND: POST /session/b430664ae761cc419c9ed8ae7652b215/actions - {"actions":[{"id":"action5","type":"key","parameters":{},"actions":[{"type":"keyDown","value":"î€‡"},{"type":"pause","duration":10},{"type":"keyUp","value":"î€‡"}]}]}
RESULT: {"actions":[{"id":"action5","type":"key","parameters":{},"actions":[{"type":"keyDown","value":"î€‡"},{"type":"pause","duration":10},{"type":"keyUp","value":"î€‡"}]}]}
COMMAND: POST /session/b430664ae761cc419c9ed8ae7652b215/element - {"using":"xpath","value":"(//span[contains(text(), \"catalogItemNamebnshr\")])[1]"}
COMMAND: GET /session/b430664ae761cc419c9ed8ae7652b215/screenshot - {}
RESULT: {"using":"xpath","value":"(//span[contains(text(), \"catalogItemNamebnshr\")])[1]"}
COMMAND: POST /session/b430664ae761cc419c9ed8ae7652b215/element/f.7C6B6118A7D0ED8090C3E8289D0DA550.d.3DE237E785C71628DB0402808C3F5792.e.1283/click - {}
RESULT: {}
RESULT: {}
COMMAND: GET /session/b430664ae761cc419c9ed8ae7652b215/screenshot - {}
RESULT: {}
COMMAND: POST /session/b430664ae761cc419c9ed8ae7652b215/element - {"using":"xpath","value":"//span[contains(text(), \"catalogItemofz8i\")]"}
RESULT: {"using":"xpath","value":"//span[contains(text(), \"catalogItemofz8i\")]"}
COMMAND: GET /session/b430664ae761cc419c9ed8ae7652b215/element/f.7C6B6118A7D0ED8090C3E8289D0DA550.d.3DE237E785C71628DB0402808C3F5792.e.1343/text - {}
RESULT: {}
RESULT: undefined
COMMAND: POST /session/b430664ae761cc419c9ed8ae7652b215/element - {"using":"xpath","value":"//*[@id=\"__button33\"]"}
RESULT: {"using":"xpath","value":"//*[@id=\"__button33\"]"}
COMMAND: POST /session/b430664ae761cc419c9ed8ae7652b215/element/f.7C6B6118A7D0ED8090C3E8289D0DA550.d.3DE237E785C71628DB0402808C3F5792.e.1344/click - {}
RESULT: {}
COMMAND: GET /session/b430664ae761cc419c9ed8ae7652b215/screenshot - {}
RESULT: {}
COMMAND: POST /session/b430664ae761cc419c9ed8ae7652b215/execute/async - {"script":"<script> [1562 bytes]","args":[{"selector":{"id":"application-managecatalogs-display-component---detailCatalog--BASE_UNIT_OF_MEASURE-arrow"},"wdio_ui5_key":"applicationmanagecatalogs-display-component---detailCatalog--BASE_UNIT_OF_MEASURE-arrow"}]}
RESULT: {"script":"<script> [1562 bytes]","args":[{"selector":{"id":"application-managecatalogs-display-component---detailCatalog--BASE_UNIT_OF_MEASURE-arrow"},"wdio_ui5_key":"applicationmanagecatalogs-display-component---detailCatalog--BASE_UNIT_OF_MEASURE-arrow"}]}
RESULT: undefined
COMMAND: POST /session/b430664ae761cc419c9ed8ae7652b215/element - {"using":"xpath","value":"//*[@id=\"application-managecatalogs-display-component---detailCatalog--BASE_UNIT_OF_MEASURE-arrow\"]"}
RESULT: {"using":"xpath","value":"//*[@id=\"application-managecatalogs-display-component---detailCatalog--BASE_UNIT_OF_MEASURE-arrow\"]"}
COMMAND: POST /session/b430664ae761cc419c9ed8ae7652b215/element/f.7C6B6118A7D0ED8090C3E8289D0DA550.d.3DE237E785C71628DB0402808C3F5792.e.1371/click - {}
RESULT: {}
COMMAND: GET /session/b430664ae761cc419c9ed8ae7652b215/screenshot - {}
RESULT: {}
COMMAND: POST /session/b430664ae761cc419c9ed8ae7652b215/execute/async - {"script":"<script> [1562 bytes]","args":[{"selector":{"controlType":"sap.m.StandardListItem","viewName":"etm.portal.ui.managecatalogs.view.Detail","viewId":"application-managecatalogs-display-component---detailCatalog","properties":{"title":"Piece"},"searchOpenDialogs":true,"interaction":{"idSuffix":"titleText"}},"wdio_ui5_key":"etmportal.ui.managecatalogs.view.Detailsap.m.StandardListItem{\"title\":\"Piece\"}"}]}
RESULT: {"script":"<script> [1562 bytes]","args":[{"selector":{"controlType":"sap.m.StandardListItem","viewName":"etm.portal.ui.managecatalogs.view.Detail","viewId":"application-managecatalogs-display-component---detailCatalog","properties":{"title":"Piece"},"searchOpenDialogs":true,"interaction":{"idSuffix":"titleText"}},"wdio_ui5_key":"etmportal.ui.managecatalogs.view.Detailsap.m.StandardListItem{\"title\":\"Piece\"}"}]}
RESULT: undefined
COMMAND: POST /session/b430664ae761cc419c9ed8ae7652b215/element - {"using":"xpath","value":"//*[@id=\"__item219\"]"}
RESULT: {"using":"xpath","value":"//*[@id=\"__item219\"]"}
COMMAND: POST /session/b430664ae761cc419c9ed8ae7652b215/element/f.7C6B6118A7D0ED8090C3E8289D0DA550.d.3DE237E785C71628DB0402808C3F5792.e.1375/click - {}
RESULT: {}
COMMAND: POST /session/b430664ae761cc419c9ed8ae7652b215/execute/async - {"script":"<script> [1562 bytes]","args":[{"selector":{"controlType":"sap.ui.core.Icon","viewName":"etm.portal.ui.managecatalogs.view.Detail","viewId":"application-managecatalogs-display-component---detailCatalog","properties":{"src":{"regex":{"source":"add"}}},"ancestor":{"controlType":"sap.m.Button","viewName":"etm.portal.ui.managecatalogs.view.Detail","viewId":"application-managecatalogs-display-component---detailCatalog","i18NText":{"propertyName":"tooltip","key":"addClass"}}},"wdio_ui5_key":"etmportal.ui.managecatalogs.view.Detailsap.ui.core.Icon{\"src\":{\"regex\":{\"source\":\"add\"}}}{\"controlType\":\"sap.m.Button\",\"viewName\":\"etm.portal.ui.managecatalogs.view.Detail\",\"viewId\":\"application-managecatalogs-display-component---detailCatalog\",\"i18NText\":{\"propertyName\":\"tooltip\",\"key\":\"addClass\"}}"}]}
COMMAND: GET /session/b430664ae761cc419c9ed8ae7652b215/screenshot - {}
RESULT: {"script":"<script> [1562 bytes]","args":[{"selector":{"controlType":"sap.ui.core.Icon","viewName":"etm.portal.ui.managecatalogs.view.Detail","viewId":"application-managecatalogs-display-component---detailCatalog","properties":{"src":{"regex":{"source":"add"}}},"ancestor":{"controlType":"sap.m.Button","viewName":"etm.portal.ui.managecatalogs.view.Detail","viewId":"application-managecatalogs-display-component---detailCatalog","i18NText":{"propertyName":"tooltip","key":"addClass"}}},"wdio_ui5_key":"etmportal.ui.managecatalogs.view.Detailsap.ui.core.Icon{\"src\":{\"regex\":{\"source\":\"add\"}}}{\"controlType\":\"sap.m.Button\",\"viewName\":\"etm.portal.ui.managecatalogs.view.Detail\",\"viewId\":\"application-managecatalogs-display-component---detailCatalog\",\"i18NText\":{\"propertyName\":\"tooltip\",\"key\":\"addClass\"}}"}]}
RESULT: undefined
COMMAND: POST /session/b430664ae761cc419c9ed8ae7652b215/element - {"using":"xpath","value":"//*[@id=\"__button39-img\"]"}
RESULT: {}
RESULT: {"using":"xpath","value":"//*[@id=\"__button39-img\"]"}
COMMAND: POST /session/b430664ae761cc419c9ed8ae7652b215/element/f.7C6B6118A7D0ED8090C3E8289D0DA550.d.3DE237E785C71628DB0402808C3F5792.e.1376/click - {}
RESULT: {}
COMMAND: GET /session/b430664ae761cc419c9ed8ae7652b215/screenshot - {}
RESULT: {}
COMMAND: POST /session/b430664ae761cc419c9ed8ae7652b215/element - {"using":"xpath","value":"//input[contains(@id ,\"searchField-I\")]"}
RESULT: {"using":"xpath","value":"//input[contains(@id ,\"searchField-I\")]"}
COMMAND: POST /session/b430664ae761cc419c9ed8ae7652b215/element/f.7C6B6118A7D0ED8090C3E8289D0DA550.d.3DE237E785C71628DB0402808C3F5792.e.1380/value - {"text":"WebdriverYardClassfn2wb"}
RESULT: {"text":"WebdriverYardClassfn2wb"}
COMMAND: POST /session/b430664ae761cc419c9ed8ae7652b215/actions - {"actions":[{"id":"action6","type":"key","parameters":{},"actions":[{"type":"keyDown","value":"î€‡"},{"type":"pause","duration":10},{"type":"keyUp","value":"î€‡"}]}]}
COMMAND: GET /session/b430664ae761cc419c9ed8ae7652b215/screenshot - {}
RESULT: {"actions":[{"id":"action6","type":"key","parameters":{},"actions":[{"type":"keyDown","value":"î€‡"},{"type":"pause","duration":10},{"type":"keyUp","value":"î€‡"}]}]}
COMMAND: GET /session/b430664ae761cc419c9ed8ae7652b215/screenshot - {}
RESULT: {}
RESULT: {}
COMMAND: POST /session/b430664ae761cc419c9ed8ae7652b215/element - {"using":"xpath","value":"//span[contains(text(), \"WebdriverYardClassfn2wb\")]"}
RESULT: {"using":"xpath","value":"//span[contains(text(), \"WebdriverYardClassfn2wb\")]"}
COMMAND: POST /session/b430664ae761cc419c9ed8ae7652b215/element/f.7C6B6118A7D0ED8090C3E8289D0DA550.d.3DE237E785C71628DB0402808C3F5792.e.1409/click - {}
RESULT: {}
COMMAND: GET /session/b430664ae761cc419c9ed8ae7652b215/screenshot - {}
RESULT: {}
COMMAND: POST /session/b430664ae761cc419c9ed8ae7652b215/execute/async - {"script":"<script> [1562 bytes]","args":[{"selector":{"controlType":"sap.m.Button","viewName":"etm.portal.ui.managecatalogs.view.Detail","viewId":"application-managecatalogs-display-component---detailCatalog","properties":{"text":"Classification"},"interaction":{"idSuffix":"BDI-content"}},"wdio_ui5_key":"etmportal.ui.managecatalogs.view.Detailsap.m.Button{\"text\":\"Classification\"}"}]}
RESULT: {"script":"<script> [1562 bytes]","args":[{"selector":{"controlType":"sap.m.Button","viewName":"etm.portal.ui.managecatalogs.view.Detail","viewId":"application-managecatalogs-display-component---detailCatalog","properties":{"text":"Classification"},"interaction":{"idSuffix":"BDI-content"}},"wdio_ui5_key":"etmportal.ui.managecatalogs.view.Detailsap.m.Button{\"text\":\"Classification\"}"}]}
RESULT: undefined
COMMAND: POST /session/b430664ae761cc419c9ed8ae7652b215/element - {"using":"xpath","value":"//*[@id=\"application-managecatalogs-display-component---detailCatalog--ObjectPageLayout-anchBar-__section3-anchor\"]"}
RESULT: {"using":"xpath","value":"//*[@id=\"application-managecatalogs-display-component---detailCatalog--ObjectPageLayout-anchBar-__section3-anchor\"]"}
COMMAND: POST /session/b430664ae761cc419c9ed8ae7652b215/element/f.7C6B6118A7D0ED8090C3E8289D0DA550.d.3DE237E785C71628DB0402808C3F5792.e.1414/click - {}
RESULT: {}
COMMAND: GET /session/b430664ae761cc419c9ed8ae7652b215/screenshot - {}
RESULT: {}
COMMAND: POST /session/b430664ae761cc419c9ed8ae7652b215/element - {"using":"xpath","value":"//span[contains(@id ,\"expandButton-img\")]"}
RESULT: {"using":"xpath","value":"//span[contains(@id ,\"expandButton-img\")]"}
COMMAND: POST /session/b430664ae761cc419c9ed8ae7652b215/element/f.7C6B6118A7D0ED8090C3E8289D0DA550.d.3DE237E785C71628DB0402808C3F5792.e.1420/click - {}
RESULT: {}
COMMAND: POST /session/b430664ae761cc419c9ed8ae7652b215/execute/async - {"script":"<script> [1562 bytes]","args":[{"selector":{"controlType":"sap.m.CheckBox","viewName":"etm.portal.ui.managecatalogs.view.Detail","viewId":"application-managecatalogs-display-component---detailCatalog","bindingPath":{"path":"/data/0/PROPERTIES/0","propertyPath":"SELECTED","modelName":"classModel"},"interaction":{"idSuffix":"CbBg"}},"wdio_ui5_key":"etmportal.ui.managecatalogs.view.Detailsap.m.CheckBox{\"path\":\"/data/0/PROPERTIES/0\",\"propertyPath\":\"SELECTED\",\"modelName\":\"classModel\"}"}]}
COMMAND: GET /session/b430664ae761cc419c9ed8ae7652b215/screenshot - {}
RESULT: {"script":"<script> [1562 bytes]","args":[{"selector":{"controlType":"sap.m.CheckBox","viewName":"etm.portal.ui.managecatalogs.view.Detail","viewId":"application-managecatalogs-display-component---detailCatalog","bindingPath":{"path":"/data/0/PROPERTIES/0","propertyPath":"SELECTED","modelName":"classModel"},"interaction":{"idSuffix":"CbBg"}},"wdio_ui5_key":"etmportal.ui.managecatalogs.view.Detailsap.m.CheckBox{\"path\":\"/data/0/PROPERTIES/0\",\"propertyPath\":\"SELECTED\",\"modelName\":\"classModel\"}"}]}
RESULT: undefined
COMMAND: POST /session/b430664ae761cc419c9ed8ae7652b215/element - {"using":"xpath","value":"//*[@id=\"__box32\"]"}
RESULT: {}
RESULT: {"using":"xpath","value":"//*[@id=\"__box32\"]"}
COMMAND: POST /session/b430664ae761cc419c9ed8ae7652b215/element/f.7C6B6118A7D0ED8090C3E8289D0DA550.d.3DE237E785C71628DB0402808C3F5792.e.1435/click - {}
RESULT: {}
RESULT: undefined
COMMAND: POST /session/b430664ae761cc419c9ed8ae7652b215/execute/async - {"script":"<script> [6424 bytes]","args":[{"element-6066-11e4-a52e-4f735466cecf":"f.7C6B6118A7D0ED8090C3E8289D0DA550.d.3DE237E785C71628DB0402808C3F5792.e.1433"},"getSelected",[]]}
COMMAND: GET /session/b430664ae761cc419c9ed8ae7652b215/screenshot - {}
RESULT: {"script":"<script> [6424 bytes]","args":[{"element-6066-11e4-a52e-4f735466cecf":"f.7C6B6118A7D0ED8090C3E8289D0DA550.d.3DE237E785C71628DB0402808C3F5792.e.1433"},"getSelected",[]]}
COMMAND: POST /session/b430664ae761cc419c9ed8ae7652b215/execute/async - {"script":"<script> [1562 bytes]","args":[{"selector":{"controlType":"sap.m.Button","viewName":"etm.portal.ui.managecatalogs.view.Detail","viewId":"application-managecatalogs-display-component---detailCatalog","i18NText":{"propertyName":"text","key":"save"},"interaction":{"idSuffix":"BDI-content"}},"wdio_ui5_key":"etmportal.ui.managecatalogs.view.Detailsap.m.Button{\"propertyName\":\"text\",\"key\":\"save\"}"}]}
RESULT: {}
RESULT: {"script":"<script> [1562 bytes]","args":[{"selector":{"controlType":"sap.m.Button","viewName":"etm.portal.ui.managecatalogs.view.Detail","viewId":"application-managecatalogs-display-component---detailCatalog","i18NText":{"propertyName":"text","key":"save"},"interaction":{"idSuffix":"BDI-content"}},"wdio_ui5_key":"etmportal.ui.managecatalogs.view.Detailsap.m.Button{\"propertyName\":\"text\",\"key\":\"save\"}"}]}
RESULT: undefined
COMMAND: POST /session/b430664ae761cc419c9ed8ae7652b215/element - {"using":"xpath","value":"//*[@id=\"__button51\"]"}
RESULT: {"using":"xpath","value":"//*[@id=\"__button51\"]"}
COMMAND: POST /session/b430664ae761cc419c9ed8ae7652b215/element/f.7C6B6118A7D0ED8090C3E8289D0DA550.d.3DE237E785C71628DB0402808C3F5792.e.1347/click - {}
RESULT: {}
COMMAND: GET /session/b430664ae761cc419c9ed8ae7652b215/screenshot - {}
RESULT: {}
COMMAND: POST /session/b430664ae761cc419c9ed8ae7652b215/element - {"using":"css selector","value":"#shell-header-logo"}
RESULT: {"using":"css selector","value":"#shell-header-logo"}
COMMAND: POST /session/b430664ae761cc419c9ed8ae7652b215/element/f.7C6B6118A7D0ED8090C3E8289D0DA550.d.3DE237E785C71628DB0402808C3F5792.e.1117/click - {}
RESULT: {}
COMMAND: GET /session/b430664ae761cc419c9ed8ae7652b215/screenshot - {}
RESULT: {}
]]></system-out>
    </testcase>
    <testcase classname="chrome.136_0_7103_49.windows.Manage_catalogs_-_yard_assignment_classification_US138930" name="Should verify if the catalog item is visible after selecting the yard" time="44.779">
      <system-out><![CDATA[
COMMAND: POST /session/b430664ae761cc419c9ed8ae7652b215/execute/async - {"script":"<script> [1562 bytes]","args":[{"selector":{"controlType":"sap.m.Text","properties":{"text":"Webshop"},"interaction":{"idSuffix":"inner"}},"wdio_ui5_key":"sapm.Text{\"text\":\"Webshop\"}"}]}
RESULT: {"script":"<script> [1562 bytes]","args":[{"selector":{"controlType":"sap.m.Text","properties":{"text":"Webshop"},"interaction":{"idSuffix":"inner"}},"wdio_ui5_key":"sapm.Text{\"text\":\"Webshop\"}"}]}
RESULT: undefined
COMMAND: POST /session/b430664ae761cc419c9ed8ae7652b215/element - {"using":"xpath","value":"//*[@id=\"__tile49-title\"]"}
RESULT: {"using":"xpath","value":"//*[@id=\"__tile49-title\"]"}
COMMAND: POST /session/b430664ae761cc419c9ed8ae7652b215/element/f.7C6B6118A7D0ED8090C3E8289D0DA550.d.3DE237E785C71628DB0402808C3F5792.e.1461/click - {}
RESULT: {}
COMMAND: GET /session/b430664ae761cc419c9ed8ae7652b215/screenshot - {}
RESULT: {}
COMMAND: POST /session/b430664ae761cc419c9ed8ae7652b215/element - {"using":"css selector","value":"#requestCreationDialog--createRequestPopUp-title-inner"}
RESULT: {"using":"css selector","value":"#requestCreationDialog--createRequestPopUp-title-inner"}
COMMAND: POST /session/b430664ae761cc419c9ed8ae7652b215/execute/sync - {"script":"<script> [8489 bytes]","args":[{"element-6066-11e4-a52e-4f735466cecf":"f.7C6B6118A7D0ED8090C3E8289D0DA550.d.3DE237E785C71628DB0402808C3F5792.e.1488","ELEMENT":"f.7C6B6118A7D0ED8090C3E8289D0DA550.d.3DE237E785C71628DB0402808C3F5792.e.1488"}]}
RESULT: {"script":"<script> [8489 bytes]","args":[{"element-6066-11e4-a52e-4f735466cecf":"f.7C6B6118A7D0ED8090C3E8289D0DA550.d.3DE237E785C71628DB0402808C3F5792.e.1488","ELEMENT":"f.7C6B6118A7D0ED8090C3E8289D0DA550.d.3DE237E785C71628DB0402808C3F5792.e.1488"}]}
COMMAND: GET /session/b430664ae761cc419c9ed8ae7652b215/element/f.7C6B6118A7D0ED8090C3E8289D0DA550.d.3DE237E785C71628DB0402808C3F5792.e.1488/enabled - {}
COMMAND: GET /session/b430664ae761cc419c9ed8ae7652b215/screenshot - {}
RESULT: {}
COMMAND: POST /session/b430664ae761cc419c9ed8ae7652b215/elements - {"using":"css selector","value":"#requestCreationDialog--createRequestPopUp-title-inner"}
COMMAND: GET /session/b430664ae761cc419c9ed8ae7652b215/screenshot - {}
RESULT: {}
RESULT: {"using":"css selector","value":"#requestCreationDialog--createRequestPopUp-title-inner"}
COMMAND: POST /session/b430664ae761cc419c9ed8ae7652b215/execute/async - {"script":"<script> [1562 bytes]","args":[{"selector":{"id":"requestCreationDialog--requestName","searchOpenDialogs":true,"interaction":{"idSuffix":"inner"}},"wdio_ui5_key":"requestCreationDialogrequestName"}]}
RESULT: {}
RESULT: {"script":"<script> [1562 bytes]","args":[{"selector":{"id":"requestCreationDialog--requestName","searchOpenDialogs":true,"interaction":{"idSuffix":"inner"}},"wdio_ui5_key":"requestCreationDialogrequestName"}]}
RESULT: undefined
COMMAND: POST /session/b430664ae761cc419c9ed8ae7652b215/execute/async - {"script":"<script> [776 bytes]","args":[{"enterText":"WebdriverTest","selector":{"id":"requestCreationDialog--requestName","searchOpenDialogs":true,"interaction":{"idSuffix":"inner"}},"clearTextFirst":true,"interactionType":"ENTER_TEXT"}]}
RESULT: {"script":"<script> [776 bytes]","args":[{"enterText":"WebdriverTest","selector":{"id":"requestCreationDialog--requestName","searchOpenDialogs":true,"interaction":{"idSuffix":"inner"}},"clearTextFirst":true,"interactionType":"ENTER_TEXT"}]}
COMMAND: POST /session/b430664ae761cc419c9ed8ae7652b215/element - {"using":"xpath","value":"//input[contains(@id ,\"requestCreationDialog--yardId-inner\")]"}
RESULT: {"using":"xpath","value":"//input[contains(@id ,\"requestCreationDialog--yardId-inner\")]"}
COMMAND: POST /session/b430664ae761cc419c9ed8ae7652b215/element/f.7C6B6118A7D0ED8090C3E8289D0DA550.d.3DE237E785C71628DB0402808C3F5792.e.1477/clear - {}
RESULT: {}
COMMAND: POST /session/b430664ae761cc419c9ed8ae7652b215/element/f.7C6B6118A7D0ED8090C3E8289D0DA550.d.3DE237E785C71628DB0402808C3F5792.e.1477/value - {"text":"101"}
COMMAND: GET /session/b430664ae761cc419c9ed8ae7652b215/screenshot - {}
RESULT: {"text":"101"}
COMMAND: GET /session/b430664ae761cc419c9ed8ae7652b215/screenshot - {}
RESULT: {}
RESULT: {}
COMMAND: POST /session/b430664ae761cc419c9ed8ae7652b215/execute/async - {"script":"<script> [1562 bytes]","args":[{"selector":{"id":"requestCreationDialog--okButton","searchOpenDialogs":true,"interaction":{"idSuffix":"BDI-content"}},"wdio_ui5_key":"requestCreationDialogokButton"}]}
RESULT: {"script":"<script> [1562 bytes]","args":[{"selector":{"id":"requestCreationDialog--okButton","searchOpenDialogs":true,"interaction":{"idSuffix":"BDI-content"}},"wdio_ui5_key":"requestCreationDialogokButton"}]}
RESULT: undefined
COMMAND: POST /session/b430664ae761cc419c9ed8ae7652b215/element - {"using":"xpath","value":"//*[@id=\"requestCreationDialog--okButton\"]"}
RESULT: {"using":"xpath","value":"//*[@id=\"requestCreationDialog--okButton\"]"}
COMMAND: POST /session/b430664ae761cc419c9ed8ae7652b215/element/f.7C6B6118A7D0ED8090C3E8289D0DA550.d.3DE237E785C71628DB0402808C3F5792.e.1494/click - {}
RESULT: {}
COMMAND: GET /session/b430664ae761cc419c9ed8ae7652b215/screenshot - {}
RESULT: {}
COMMAND: POST /session/b430664ae761cc419c9ed8ae7652b215/element - {"using":"xpath","value":"//input[contains(@id ,\"searchFiledId-I\")]"}
RESULT: {"using":"xpath","value":"//input[contains(@id ,\"searchFiledId-I\")]"}
COMMAND: POST /session/b430664ae761cc419c9ed8ae7652b215/element/f.7C6B6118A7D0ED8090C3E8289D0DA550.d.3DE237E785C71628DB0402808C3F5792.e.1466/value - {"text":"catalogItemofz8i"}
RESULT: {"text":"catalogItemofz8i"}
COMMAND: POST /session/b430664ae761cc419c9ed8ae7652b215/actions - {"actions":[{"id":"action7","type":"key","parameters":{},"actions":[{"type":"keyDown","value":"î€‡"},{"type":"pause","duration":10},{"type":"keyUp","value":"î€‡"}]}]}
COMMAND: GET /session/b430664ae761cc419c9ed8ae7652b215/screenshot - {}
RESULT: {"actions":[{"id":"action7","type":"key","parameters":{},"actions":[{"type":"keyDown","value":"î€‡"},{"type":"pause","duration":10},{"type":"keyUp","value":"î€‡"}]}]}
COMMAND: GET /session/b430664ae761cc419c9ed8ae7652b215/screenshot - {}
RESULT: {}
RESULT: {}
COMMAND: POST /session/b430664ae761cc419c9ed8ae7652b215/element - {"using":"xpath","value":"//span[contains(@id ,\"subTitle\")][contains(text(), \"catalogItemofz8i\")]"}
RESULT: {"using":"xpath","value":"//span[contains(@id ,\"subTitle\")][contains(text(), \"catalogItemofz8i\")]"}
COMMAND: POST /session/b430664ae761cc419c9ed8ae7652b215/element - {"using":"xpath","value":"//span[contains(@id ,\"subTitle\")][contains(text(), \"catalogItemofz8i\")]"}
RESULT: {"using":"xpath","value":"//span[contains(@id ,\"subTitle\")][contains(text(), \"catalogItemofz8i\")]"}
COMMAND: POST /session/b430664ae761cc419c9ed8ae7652b215/execute/async - {"script":"<script> [1562 bytes]","args":[{"selector":{"controlType":"sap.tnt.NavigationListItem","viewName":"etm.portal.ui.webshop.view.Homepage","i18NText":{"propertyName":"text","key":"exit"},"interaction":{"idSuffix":"a"}},"wdio_ui5_key":"etmportal.ui.webshop.view.Homepagesap.tnt.NavigationListItem{\"propertyName\":\"text\",\"key\":\"exit\"}"}]}
RESULT: {"script":"<script> [1562 bytes]","args":[{"selector":{"controlType":"sap.tnt.NavigationListItem","viewName":"etm.portal.ui.webshop.view.Homepage","i18NText":{"propertyName":"text","key":"exit"},"interaction":{"idSuffix":"a"}},"wdio_ui5_key":"etmportal.ui.webshop.view.Homepagesap.tnt.NavigationListItem{\"propertyName\":\"text\",\"key\":\"exit\"}"}]}
RESULT: undefined
COMMAND: POST /session/b430664ae761cc419c9ed8ae7652b215/element - {"using":"xpath","value":"//*[@id=\"__item268\"]"}
RESULT: {"using":"xpath","value":"//*[@id=\"__item268\"]"}
COMMAND: POST /session/b430664ae761cc419c9ed8ae7652b215/element/f.7C6B6118A7D0ED8090C3E8289D0DA550.d.3DE237E785C71628DB0402808C3F5792.e.1502/click - {}
RESULT: {}
COMMAND: GET /session/b430664ae761cc419c9ed8ae7652b215/screenshot - {}
]]></system-out>
    </testcase>
  </testsuite>
  <testsuite timestamp="2025-05-13T15:52:41" time="10.357" tests="1" failures="0" errors="0" skipped="0">
    <properties>
      <property name="specId" value="0" />
      <property name="suiteName" value="Catalogs section" />
      <property name="capabilities" value="chrome.136_0_7103_49.windows" />
      <property name="file" value="file:///D:/a/1/s/test/specs/R2C/manage-catalogs-values-section.spec.js" />
    </properties>
    <testcase classname="chrome.136_0_7103_49.windows.Catalogs_section" name="Should add values to a catalog item" time="10.354">
      <system-out><![CDATA[
COMMAND: POST /session/b430664ae761cc419c9ed8ae7652b215/element - {"using":"xpath","value":"//li[contains(@data-kt ,\"exitNavigationListItem\")]"}
RESULT: {"using":"xpath","value":"//li[contains(@data-kt ,\"exitNavigationListItem\")]"}
COMMAND: POST /session/b430664ae761cc419c9ed8ae7652b215/element - {"using":"xpath","value":"//li[contains(@data-kt ,\"exitNavigationListItem\")]"}
RESULT: {}
RESULT: {"using":"xpath","value":"//li[contains(@data-kt ,\"exitNavigationListItem\")]"}
COMMAND: POST /session/b430664ae761cc419c9ed8ae7652b215/element - {"using":"xpath","value":"//span[contains(@id ,\"requestCreationDialog--createRequestPopUp-title-inner\")]"}
RESULT: {"using":"xpath","value":"//span[contains(@id ,\"requestCreationDialog--createRequestPopUp-title-inner\")]"}
COMMAND: POST /session/b430664ae761cc419c9ed8ae7652b215/elements - {"using":"xpath","value":"//span[contains(@id ,\"requestCreationDialog--createRequestPopUp-title-inner\")]"}
RESULT: {"using":"xpath","value":"//span[contains(@id ,\"requestCreationDialog--createRequestPopUp-title-inner\")]"}
COMMAND: POST /session/b430664ae761cc419c9ed8ae7652b215/element - {"using":"css selector","value":"#shell-header-logo"}
RESULT: {"using":"css selector","value":"#shell-header-logo"}
COMMAND: POST /session/b430664ae761cc419c9ed8ae7652b215/element/f.7C6B6118A7D0ED8090C3E8289D0DA550.d.3DE237E785C71628DB0402808C3F5792.e.1513/click - {}
RESULT: {}
COMMAND: GET /session/b430664ae761cc419c9ed8ae7652b215/screenshot - {}
RESULT: {}
]]></system-out>
    </testcase>
  </testsuite>
  <testsuite timestamp="2025-05-13T15:52:52" time="373.49" tests="4" failures="0" errors="0" skipped="0">
    <properties>
      <property name="specId" value="0" />
      <property name="suiteName" value="Verify RU inventory split cost information US139363" />
      <property name="capabilities" value="chrome.136_0_7103_49.windows" />
      <property name="file" value="file:///D:/a/1/s/test/specs/R2C/verify-ru-inventory-split-cost-information.spec.js" />
    </properties>
    <testcase classname="chrome.136_0_7103_49.windows.Verify_RU_inventory_split_cost_information_US139363" name="Should create a new contract" time="91.734">
      <system-out><![CDATA[
COMMAND: POST /session/b430664ae761cc419c9ed8ae7652b215/execute/async - {"script":"<script> [1562 bytes]","args":[{"selector":{"controlType":"sap.m.GenericTile","properties":{"header":"Manage Contracts"}},"wdio_ui5_key":"sapm.GenericTile{\"header\":\"Manage Contracts\"}"}]}
RESULT: {"script":"<script> [1562 bytes]","args":[{"selector":{"controlType":"sap.m.GenericTile","properties":{"header":"Manage Contracts"}},"wdio_ui5_key":"sapm.GenericTile{\"header\":\"Manage Contracts\"}"}]}
RESULT: undefined
COMMAND: POST /session/b430664ae761cc419c9ed8ae7652b215/element - {"using":"xpath","value":"//*[@id=\"__tile131\"]"}
RESULT: {"using":"xpath","value":"//*[@id=\"__tile131\"]"}
COMMAND: POST /session/b430664ae761cc419c9ed8ae7652b215/element/f.7C6B6118A7D0ED8090C3E8289D0DA550.d.3DE237E785C71628DB0402808C3F5792.e.1514/click - {}
RESULT: {}
COMMAND: GET /session/b430664ae761cc419c9ed8ae7652b215/screenshot - {}
RESULT: {}
COMMAND: POST /session/b430664ae761cc419c9ed8ae7652b215/elements - {"using":"xpath","value":"//span[text()='Error']"}
RESULT: {"using":"xpath","value":"//span[text()='Error']"}
COMMAND: POST /session/b430664ae761cc419c9ed8ae7652b215/element - {"using":"xpath","value":"//button[@data-kt=\"addButton\"]"}
RESULT: {"using":"xpath","value":"//button[@data-kt=\"addButton\"]"}
COMMAND: POST /session/b430664ae761cc419c9ed8ae7652b215/element/f.7C6B6118A7D0ED8090C3E8289D0DA550.d.3DE237E785C71628DB0402808C3F5792.e.1556/click - {}
RESULT: {}
COMMAND: GET /session/b430664ae761cc419c9ed8ae7652b215/screenshot - {}
RESULT: {}
COMMAND: POST /session/b430664ae761cc419c9ed8ae7652b215/execute/async - {"script":"<script> [1562 bytes]","args":[{"selector":{"id":"application-managecontracts-display-component---AddNewContract--projectDescription","interaction":{"idSuffix":"inner"}},"wdio_ui5_key":"applicationmanagecontracts-display-component---AddNewContract--projectDescription"}]}
RESULT: {"script":"<script> [1562 bytes]","args":[{"selector":{"id":"application-managecontracts-display-component---AddNewContract--projectDescription","interaction":{"idSuffix":"inner"}},"wdio_ui5_key":"applicationmanagecontracts-display-component---AddNewContract--projectDescription"}]}
RESULT: undefined
COMMAND: POST /session/b430664ae761cc419c9ed8ae7652b215/execute/async - {"script":"<script> [776 bytes]","args":[{"enterText":"WdIOR2camcpk","selector":{"id":"application-managecontracts-display-component---AddNewContract--projectDescription","interaction":{"idSuffix":"inner"}},"clearTextFirst":true,"interactionType":"ENTER_TEXT"}]}
RESULT: {"script":"<script> [776 bytes]","args":[{"enterText":"WdIOR2camcpk","selector":{"id":"application-managecontracts-display-component---AddNewContract--projectDescription","interaction":{"idSuffix":"inner"}},"clearTextFirst":true,"interactionType":"ENTER_TEXT"}]}
COMMAND: POST /session/b430664ae761cc419c9ed8ae7652b215/element - {"using":"xpath","value":"//input[@id=\"application-managecontracts-display-component---AddNewContract--yardId-inner\"]"}
RESULT: {"using":"xpath","value":"//input[@id=\"application-managecontracts-display-component---AddNewContract--yardId-inner\"]"}
COMMAND: POST /session/b430664ae761cc419c9ed8ae7652b215/element/f.7C6B6118A7D0ED8090C3E8289D0DA550.d.3DE237E785C71628DB0402808C3F5792.e.1870/clear - {}
RESULT: {}
COMMAND: POST /session/b430664ae761cc419c9ed8ae7652b215/element/f.7C6B6118A7D0ED8090C3E8289D0DA550.d.3DE237E785C71628DB0402808C3F5792.e.1870/value - {"text":"webdriveryard"}
COMMAND: GET /session/b430664ae761cc419c9ed8ae7652b215/screenshot - {}
RESULT: {"text":"webdriveryard"}
COMMAND: GET /session/b430664ae761cc419c9ed8ae7652b215/screenshot - {}
RESULT: {}
RESULT: {}
COMMAND: POST /session/b430664ae761cc419c9ed8ae7652b215/actions - {"actions":[{"id":"action8","type":"key","parameters":{},"actions":[{"type":"keyDown","value":"î€‡"},{"type":"pause","duration":10},{"type":"keyUp","value":"î€‡"}]}]}
RESULT: {"actions":[{"id":"action8","type":"key","parameters":{},"actions":[{"type":"keyDown","value":"î€‡"},{"type":"pause","duration":10},{"type":"keyUp","value":"î€‡"}]}]}
COMMAND: GET /session/b430664ae761cc419c9ed8ae7652b215/screenshot - {}
RESULT: {}
COMMAND: POST /session/b430664ae761cc419c9ed8ae7652b215/element - {"using":"xpath","value":"//input[@id=\"application-managecontracts-display-component---AddNewContract--customerSelect-inner\"]"}
RESULT: {"using":"xpath","value":"//input[@id=\"application-managecontracts-display-component---AddNewContract--customerSelect-inner\"]"}
COMMAND: POST /session/b430664ae761cc419c9ed8ae7652b215/element/f.7C6B6118A7D0ED8090C3E8289D0DA550.d.3DE237E785C71628DB0402808C3F5792.e.1868/clear - {}
RESULT: {}
COMMAND: POST /session/b430664ae761cc419c9ed8ae7652b215/element/f.7C6B6118A7D0ED8090C3E8289D0DA550.d.3DE237E785C71628DB0402808C3F5792.e.1868/value - {"text":"webdriverpartner"}
COMMAND: GET /session/b430664ae761cc419c9ed8ae7652b215/screenshot - {}
RESULT: {"text":"webdriverpartner"}
COMMAND: GET /session/b430664ae761cc419c9ed8ae7652b215/screenshot - {}
RESULT: {}
RESULT: {}
COMMAND: POST /session/b430664ae761cc419c9ed8ae7652b215/actions - {"actions":[{"id":"action9","type":"key","parameters":{},"actions":[{"type":"keyDown","value":"î€‡"},{"type":"pause","duration":10},{"type":"keyUp","value":"î€‡"}]}]}
RESULT: {"actions":[{"id":"action9","type":"key","parameters":{},"actions":[{"type":"keyDown","value":"î€‡"},{"type":"pause","duration":10},{"type":"keyUp","value":"î€‡"}]}]}
COMMAND: GET /session/b430664ae761cc419c9ed8ae7652b215/screenshot - {}
RESULT: {}
COMMAND: POST /session/b430664ae761cc419c9ed8ae7652b215/element - {"using":"xpath","value":"//input[@id=\"application-managecontracts-display-component---AddNewContract--site-inner\"]"}
RESULT: {"using":"xpath","value":"//input[@id=\"application-managecontracts-display-component---AddNewContract--site-inner\"]"}
COMMAND: POST /session/b430664ae761cc419c9ed8ae7652b215/element/f.7C6B6118A7D0ED8090C3E8289D0DA550.d.3DE237E785C71628DB0402808C3F5792.e.1869/clear - {}
RESULT: {}
COMMAND: POST /session/b430664ae761cc419c9ed8ae7652b215/element/f.7C6B6118A7D0ED8090C3E8289D0DA550.d.3DE237E785C71628DB0402808C3F5792.e.1869/value - {"text":"Webdriversite"}
COMMAND: GET /session/b430664ae761cc419c9ed8ae7652b215/screenshot - {}
RESULT: {"text":"Webdriversite"}
COMMAND: GET /session/b430664ae761cc419c9ed8ae7652b215/screenshot - {}
RESULT: {}
RESULT: {}
COMMAND: POST /session/b430664ae761cc419c9ed8ae7652b215/actions - {"actions":[{"id":"action10","type":"key","parameters":{},"actions":[{"type":"keyDown","value":"î€‡"},{"type":"pause","duration":10},{"type":"keyUp","value":"î€‡"}]}]}
RESULT: {"actions":[{"id":"action10","type":"key","parameters":{},"actions":[{"type":"keyDown","value":"î€‡"},{"type":"pause","duration":10},{"type":"keyUp","value":"î€‡"}]}]}
COMMAND: GET /session/b430664ae761cc419c9ed8ae7652b215/screenshot - {}
RESULT: {}
COMMAND: POST /session/b430664ae761cc419c9ed8ae7652b215/element - {"using":"xpath","value":"//button[@data-kt=\"saveButton\"]"}
RESULT: {"using":"xpath","value":"//button[@data-kt=\"saveButton\"]"}
COMMAND: POST /session/b430664ae761cc419c9ed8ae7652b215/element/f.7C6B6118A7D0ED8090C3E8289D0DA550.d.3DE237E785C71628DB0402808C3F5792.e.1903/click - {}
RESULT: {}
COMMAND: GET /session/b430664ae761cc419c9ed8ae7652b215/screenshot - {}
RESULT: {}
COMMAND: POST /session/b430664ae761cc419c9ed8ae7652b215/execute/async - {"script":"<script> [1562 bytes]","args":[{"selector":{"id":"contractDetailTitleNoExpanded","viewName":"etm.portal.ui.managecontracts.view.Detail"},"wdio_ui5_key":"contractDetailTitleNoExpandedetmportal.ui.managecontracts.view.Detail"}]}
RESULT: {"script":"<script> [1562 bytes]","args":[{"selector":{"id":"contractDetailTitleNoExpanded","viewName":"etm.portal.ui.managecontracts.view.Detail"},"wdio_ui5_key":"contractDetailTitleNoExpandedetmportal.ui.managecontracts.view.Detail"}]}
RESULT: undefined
COMMAND: POST /session/b430664ae761cc419c9ed8ae7652b215/execute/async - {"script":"<script> [6424 bytes]","args":[{"element-6066-11e4-a52e-4f735466cecf":"f.7C6B6118A7D0ED8090C3E8289D0DA550.d.3DE237E785C71628DB0402808C3F5792.e.1911"},"getText",[]]}
RESULT: {"script":"<script> [6424 bytes]","args":[{"element-6066-11e4-a52e-4f735466cecf":"f.7C6B6118A7D0ED8090C3E8289D0DA550.d.3DE237E785C71628DB0402808C3F5792.e.1911"},"getText",[]]}
COMMAND: POST /session/b430664ae761cc419c9ed8ae7652b215/element - {"using":"css selector","value":"#shell-header-logo"}
RESULT: {"using":"css selector","value":"#shell-header-logo"}
COMMAND: POST /session/b430664ae761cc419c9ed8ae7652b215/element/f.7C6B6118A7D0ED8090C3E8289D0DA550.d.3DE237E785C71628DB0402808C3F5792.e.1513/click - {}
RESULT: {}
COMMAND: GET /session/b430664ae761cc419c9ed8ae7652b215/screenshot - {}
RESULT: {}
]]></system-out>
    </testcase>
    <testcase classname="chrome.136_0_7103_49.windows.Verify_RU_inventory_split_cost_information_US139363" name="Should create a new equipment" time="115.625">
      <system-out><![CDATA[
COMMAND: POST /session/b430664ae761cc419c9ed8ae7652b215/execute/async - {"script":"<script> [1562 bytes]","args":[{"selector":{"controlType":"sap.m.GenericTile","properties":{"header":"Manage Resources"}},"wdio_ui5_key":"sapm.GenericTile{\"header\":\"Manage Resources\"}"}]}
RESULT: {"script":"<script> [1562 bytes]","args":[{"selector":{"controlType":"sap.m.GenericTile","properties":{"header":"Manage Resources"}},"wdio_ui5_key":"sapm.GenericTile{\"header\":\"Manage Resources\"}"}]}
RESULT: undefined
COMMAND: POST /session/b430664ae761cc419c9ed8ae7652b215/element - {"using":"xpath","value":"//*[@id=\"__tile39\"]"}
RESULT: {"using":"xpath","value":"//*[@id=\"__tile39\"]"}
COMMAND: POST /session/b430664ae761cc419c9ed8ae7652b215/element/f.7C6B6118A7D0ED8090C3E8289D0DA550.d.3DE237E785C71628DB0402808C3F5792.e.1451/click - {}
RESULT: {}
COMMAND: GET /session/b430664ae761cc419c9ed8ae7652b215/screenshot - {}
RESULT: {}
COMMAND: POST /session/b430664ae761cc419c9ed8ae7652b215/elements - {"using":"xpath","value":"//span[text()='Error']"}
RESULT: {"using":"xpath","value":"//span[text()='Error']"}
COMMAND: POST /session/b430664ae761cc419c9ed8ae7652b215/element - {"using":"xpath","value":"//button[@data-kt=\"addNewRUOverflowToolbarButton\"]"}
RESULT: {"using":"xpath","value":"//button[@data-kt=\"addNewRUOverflowToolbarButton\"]"}
COMMAND: POST /session/b430664ae761cc419c9ed8ae7652b215/execute/sync - {"script":"<script> [8489 bytes]","args":[{"element-6066-11e4-a52e-4f735466cecf":"f.7C6B6118A7D0ED8090C3E8289D0DA550.d.3DE237E785C71628DB0402808C3F5792.e.1956","ELEMENT":"f.7C6B6118A7D0ED8090C3E8289D0DA550.d.3DE237E785C71628DB0402808C3F5792.e.1956"}]}
RESULT: {"script":"<script> [8489 bytes]","args":[{"element-6066-11e4-a52e-4f735466cecf":"f.7C6B6118A7D0ED8090C3E8289D0DA550.d.3DE237E785C71628DB0402808C3F5792.e.1956","ELEMENT":"f.7C6B6118A7D0ED8090C3E8289D0DA550.d.3DE237E785C71628DB0402808C3F5792.e.1956"}]}
COMMAND: POST /session/b430664ae761cc419c9ed8ae7652b215/element/f.7C6B6118A7D0ED8090C3E8289D0DA550.d.3DE237E785C71628DB0402808C3F5792.e.1956/click - {}
COMMAND: GET /session/b430664ae761cc419c9ed8ae7652b215/screenshot - {}
RESULT: {}
COMMAND: GET /session/b430664ae761cc419c9ed8ae7652b215/screenshot - {}
RESULT: {}
RESULT: {}
COMMAND: POST /session/b430664ae761cc419c9ed8ae7652b215/execute/async - {"script":"<script> [1562 bytes]","args":[{"selector":{"id":"application-manageresources-display-component---newResourceUnit--TYPE-arrow"},"wdio_ui5_key":"applicationmanageresources-display-component---newResourceUnit--TYPE-arrow"}]}
RESULT: {"script":"<script> [1562 bytes]","args":[{"selector":{"id":"application-manageresources-display-component---newResourceUnit--TYPE-arrow"},"wdio_ui5_key":"applicationmanageresources-display-component---newResourceUnit--TYPE-arrow"}]}
RESULT: undefined
COMMAND: POST /session/b430664ae761cc419c9ed8ae7652b215/element - {"using":"xpath","value":"//*[@id=\"application-manageresources-display-component---newResourceUnit--TYPE-arrow\"]"}
RESULT: {"using":"xpath","value":"//*[@id=\"application-manageresources-display-component---newResourceUnit--TYPE-arrow\"]"}
COMMAND: POST /session/b430664ae761cc419c9ed8ae7652b215/element/f.7C6B6118A7D0ED8090C3E8289D0DA550.d.3DE237E785C71628DB0402808C3F5792.e.2285/click - {}
RESULT: {}
COMMAND: POST /session/b430664ae761cc419c9ed8ae7652b215/execute/async - {"script":"<script> [1562 bytes]","args":[{"selector":{"controlType":"sap.m.StandardListItem","viewName":"reusables.view.manageresources.NewResourceUnit","viewId":"application-manageresources-display-component---newResourceUnit","properties":{"title":"Equipment"},"searchOpenDialogs":true,"interaction":{"idSuffix":"content"}},"wdio_ui5_key":"reusablesview.manageresources.NewResourceUnitsap.m.StandardListItem{\"title\":\"Equipment\"}"}]}
COMMAND: GET /session/b430664ae761cc419c9ed8ae7652b215/screenshot - {}
RESULT: {"script":"<script> [1562 bytes]","args":[{"selector":{"controlType":"sap.m.StandardListItem","viewName":"reusables.view.manageresources.NewResourceUnit","viewId":"application-manageresources-display-component---newResourceUnit","properties":{"title":"Equipment"},"searchOpenDialogs":true,"interaction":{"idSuffix":"content"}},"wdio_ui5_key":"reusablesview.manageresources.NewResourceUnitsap.m.StandardListItem{\"title\":\"Equipment\"}"}]}
RESULT: undefined
COMMAND: POST /session/b430664ae761cc419c9ed8ae7652b215/element - {"using":"xpath","value":"//*[@id=\"__item1114\"]"}
RESULT: {}
RESULT: {"using":"xpath","value":"//*[@id=\"__item1114\"]"}
COMMAND: POST /session/b430664ae761cc419c9ed8ae7652b215/element/f.7C6B6118A7D0ED8090C3E8289D0DA550.d.3DE237E785C71628DB0402808C3F5792.e.2288/click - {}
RESULT: {}
COMMAND: POST /session/b430664ae761cc419c9ed8ae7652b215/execute/async - {"script":"<script> [1562 bytes]","args":[{"selector":{"id":"application-manageresources-display-component---newResourceUnit--resourceId","interaction":{"idSuffix":"inner"}},"wdio_ui5_key":"applicationmanageresources-display-component---newResourceUnit--resourceId"}]}
COMMAND: GET /session/b430664ae761cc419c9ed8ae7652b215/screenshot - {}
RESULT: {"script":"<script> [1562 bytes]","args":[{"selector":{"id":"application-manageresources-display-component---newResourceUnit--resourceId","interaction":{"idSuffix":"inner"}},"wdio_ui5_key":"applicationmanageresources-display-component---newResourceUnit--resourceId"}]}
RESULT: undefined
COMMAND: POST /session/b430664ae761cc419c9ed8ae7652b215/execute/async - {"script":"<script> [776 bytes]","args":[{"enterText":"WdIOR2cEquipt3lve","selector":{"id":"application-manageresources-display-component---newResourceUnit--resourceId","interaction":{"idSuffix":"inner"}},"clearTextFirst":true,"interactionType":"ENTER_TEXT"}]}
RESULT: {}
RESULT: {"script":"<script> [776 bytes]","args":[{"enterText":"WdIOR2cEquipt3lve","selector":{"id":"application-manageresources-display-component---newResourceUnit--resourceId","interaction":{"idSuffix":"inner"}},"clearTextFirst":true,"interactionType":"ENTER_TEXT"}]}
COMMAND: POST /session/b430664ae761cc419c9ed8ae7652b215/execute/async - {"script":"<script> [1562 bytes]","args":[{"selector":{"id":"application-manageresources-display-component---newResourceUnit--SHORT_TEXT","interaction":{"idSuffix":"inner"}},"wdio_ui5_key":"applicationmanageresources-display-component---newResourceUnit--SHORT_TEXT"}]}
RESULT: {"script":"<script> [1562 bytes]","args":[{"selector":{"id":"application-manageresources-display-component---newResourceUnit--SHORT_TEXT","interaction":{"idSuffix":"inner"}},"wdio_ui5_key":"applicationmanageresources-display-component---newResourceUnit--SHORT_TEXT"}]}
RESULT: undefined
COMMAND: POST /session/b430664ae761cc419c9ed8ae7652b215/execute/async - {"script":"<script> [776 bytes]","args":[{"enterText":"WdIOR2cEquipt3lve","selector":{"id":"application-manageresources-display-component---newResourceUnit--SHORT_TEXT","interaction":{"idSuffix":"inner"}},"clearTextFirst":true,"interactionType":"ENTER_TEXT"}]}
RESULT: {"script":"<script> [776 bytes]","args":[{"enterText":"WdIOR2cEquipt3lve","selector":{"id":"application-manageresources-display-component---newResourceUnit--SHORT_TEXT","interaction":{"idSuffix":"inner"}},"clearTextFirst":true,"interactionType":"ENTER_TEXT"}]}
COMMAND: POST /session/b430664ae761cc419c9ed8ae7652b215/execute/async - {"script":"<script> [1562 bytes]","args":[{"selector":{"id":"application-manageresources-display-component---newResourceUnit--BASE_UNIT_OF_MEASURE","interaction":{"idSuffix":"inner"}},"wdio_ui5_key":"applicationmanageresources-display-component---newResourceUnit--BASE_UNIT_OF_MEASURE"}]}
RESULT: {"script":"<script> [1562 bytes]","args":[{"selector":{"id":"application-manageresources-display-component---newResourceUnit--BASE_UNIT_OF_MEASURE","interaction":{"idSuffix":"inner"}},"wdio_ui5_key":"applicationmanageresources-display-component---newResourceUnit--BASE_UNIT_OF_MEASURE"}]}
RESULT: undefined
COMMAND: POST /session/b430664ae761cc419c9ed8ae7652b215/execute/async - {"script":"<script> [776 bytes]","args":[{"enterText":"Piece","selector":{"id":"application-manageresources-display-component---newResourceUnit--BASE_UNIT_OF_MEASURE","interaction":{"idSuffix":"inner"}},"clearTextFirst":true,"interactionType":"ENTER_TEXT"}]}
RESULT: {"script":"<script> [776 bytes]","args":[{"enterText":"Piece","selector":{"id":"application-manageresources-display-component---newResourceUnit--BASE_UNIT_OF_MEASURE","interaction":{"idSuffix":"inner"}},"clearTextFirst":true,"interactionType":"ENTER_TEXT"}]}
COMMAND: POST /session/b430664ae761cc419c9ed8ae7652b215/execute/async - {"script":"<script> [1562 bytes]","args":[{"selector":{"id":"application-manageresources-display-component---newResourceUnit--WEIGHT_UNIT","interaction":{"idSuffix":"inner"}},"wdio_ui5_key":"applicationmanageresources-display-component---newResourceUnit--WEIGHT_UNIT"}]}
RESULT: {"script":"<script> [1562 bytes]","args":[{"selector":{"id":"application-manageresources-display-component---newResourceUnit--WEIGHT_UNIT","interaction":{"idSuffix":"inner"}},"wdio_ui5_key":"applicationmanageresources-display-component---newResourceUnit--WEIGHT_UNIT"}]}
RESULT: undefined
COMMAND: POST /session/b430664ae761cc419c9ed8ae7652b215/execute/async - {"script":"<script> [776 bytes]","args":[{"enterText":"Gram","selector":{"id":"application-manageresources-display-component---newResourceUnit--WEIGHT_UNIT","interaction":{"idSuffix":"inner"}},"clearTextFirst":true,"interactionType":"ENTER_TEXT"}]}
RESULT: {"script":"<script> [776 bytes]","args":[{"enterText":"Gram","selector":{"id":"application-manageresources-display-component---newResourceUnit--WEIGHT_UNIT","interaction":{"idSuffix":"inner"}},"clearTextFirst":true,"interactionType":"ENTER_TEXT"}]}
COMMAND: POST /session/b430664ae761cc419c9ed8ae7652b215/execute/async - {"script":"<script> [1562 bytes]","args":[{"selector":{"id":"application-manageresources-display-component---newResourceUnit--newRRUPage-OPHeaderContent-collapseBtn-img"},"wdio_ui5_key":"applicationmanageresources-display-component---newResourceUnit--newRRUPage-OPHeaderContent-collapseBtn-img"}]}
RESULT: {"script":"<script> [1562 bytes]","args":[{"selector":{"id":"application-manageresources-display-component---newResourceUnit--newRRUPage-OPHeaderContent-collapseBtn-img"},"wdio_ui5_key":"applicationmanageresources-display-component---newResourceUnit--newRRUPage-OPHeaderContent-collapseBtn-img"}]}
RESULT: undefined
COMMAND: POST /session/b430664ae761cc419c9ed8ae7652b215/element - {"using":"xpath","value":"//*[@id=\"application-manageresources-display-component---newResourceUnit--newRRUPage-OPHeaderContent-collapseBtn-img\"]"}
RESULT: {"using":"xpath","value":"//*[@id=\"application-manageresources-display-component---newResourceUnit--newRRUPage-OPHeaderContent-collapseBtn-img\"]"}
COMMAND: POST /session/b430664ae761cc419c9ed8ae7652b215/element/f.7C6B6118A7D0ED8090C3E8289D0DA550.d.3DE237E785C71628DB0402808C3F5792.e.2295/click - {}
RESULT: {}
COMMAND: GET /session/b430664ae761cc419c9ed8ae7652b215/screenshot - {}
RESULT: {}
COMMAND: POST /session/b430664ae761cc419c9ed8ae7652b215/element - {"using":"xpath","value":"(//span[contains(@id ,\"application-manageresources-display-component---newResourceUnit--DIMENSION_UNIT-arrow\")])[1]"}
RESULT: {"using":"xpath","value":"(//span[contains(@id ,\"application-manageresources-display-component---newResourceUnit--DIMENSION_UNIT-arrow\")])[1]"}
COMMAND: POST /session/b430664ae761cc419c9ed8ae7652b215/element/f.7C6B6118A7D0ED8090C3E8289D0DA550.d.3DE237E785C71628DB0402808C3F5792.e.2419/click - {}
RESULT: {}
COMMAND: GET /session/b430664ae761cc419c9ed8ae7652b215/screenshot - {}
RESULT: {}
COMMAND: POST /session/b430664ae761cc419c9ed8ae7652b215/execute/async - {"script":"<script> [1562 bytes]","args":[{"selector":{"controlType":"sap.m.StandardListItem","viewName":"reusables.view.manageresources.NewResourceUnit","viewId":"application-manageresources-display-component---newResourceUnit","properties":{"title":"Centimeter"},"searchOpenDialogs":true,"interaction":{"idSuffix":"titleText"}},"wdio_ui5_key":"reusablesview.manageresources.NewResourceUnitsap.m.StandardListItem{\"title\":\"Centimeter\"}"}]}
RESULT: {"script":"<script> [1562 bytes]","args":[{"selector":{"controlType":"sap.m.StandardListItem","viewName":"reusables.view.manageresources.NewResourceUnit","viewId":"application-manageresources-display-component---newResourceUnit","properties":{"title":"Centimeter"},"searchOpenDialogs":true,"interaction":{"idSuffix":"titleText"}},"wdio_ui5_key":"reusablesview.manageresources.NewResourceUnitsap.m.StandardListItem{\"title\":\"Centimeter\"}"}]}
RESULT: undefined
COMMAND: POST /session/b430664ae761cc419c9ed8ae7652b215/element - {"using":"xpath","value":"//*[@id=\"__item1155\"]"}
RESULT: {"using":"xpath","value":"//*[@id=\"__item1155\"]"}
COMMAND: POST /session/b430664ae761cc419c9ed8ae7652b215/element/f.7C6B6118A7D0ED8090C3E8289D0DA550.d.3DE237E785C71628DB0402808C3F5792.e.2421/click - {}
RESULT: {}
COMMAND: GET /session/b430664ae761cc419c9ed8ae7652b215/screenshot - {}
RESULT: {}
COMMAND: POST /session/b430664ae761cc419c9ed8ae7652b215/execute/async - {"script":"<script> [1562 bytes]","args":[{"selector":{"id":"application-manageresources-display-component---newResourceUnit--newRRUPage-anchBar-application-manageresources-display-component---newResourceUnit--control-anchor","interaction":{"idSuffix":"BDI-content"}},"wdio_ui5_key":"applicationmanageresources-display-component---newResourceUnit--newRRUPage-anchBar-application-manageresources-display-component---newResourceUnit--control-anchor"}]}
RESULT: {"script":"<script> [1562 bytes]","args":[{"selector":{"id":"application-manageresources-display-component---newResourceUnit--newRRUPage-anchBar-application-manageresources-display-component---newResourceUnit--control-anchor","interaction":{"idSuffix":"BDI-content"}},"wdio_ui5_key":"applicationmanageresources-display-component---newResourceUnit--newRRUPage-anchBar-application-manageresources-display-component---newResourceUnit--control-anchor"}]}
RESULT: undefined
COMMAND: POST /session/b430664ae761cc419c9ed8ae7652b215/element - {"using":"xpath","value":"//*[@id=\"application-manageresources-display-component---newResourceUnit--newRRUPage-anchBar-application-manageresources-display-component---newResourceUnit--control-anchor\"]"}
RESULT: {"using":"xpath","value":"//*[@id=\"application-manageresources-display-component---newResourceUnit--newRRUPage-anchBar-application-manageresources-display-component---newResourceUnit--control-anchor\"]"}
COMMAND: POST /session/b430664ae761cc419c9ed8ae7652b215/element/f.7C6B6118A7D0ED8090C3E8289D0DA550.d.3DE237E785C71628DB0402808C3F5792.e.2423/click - {}
RESULT: {}
COMMAND: POST /session/b430664ae761cc419c9ed8ae7652b215/execute/async - {"script":"<script> [1562 bytes]","args":[{"selector":{"id":"application-manageresources-display-component---newResourceUnit--PLANNING_GROUP","interaction":{"idSuffix":"inner"}},"wdio_ui5_key":"applicationmanageresources-display-component---newResourceUnit--PLANNING_GROUP"}]}
COMMAND: GET /session/b430664ae761cc419c9ed8ae7652b215/screenshot - {}
RESULT: {"script":"<script> [1562 bytes]","args":[{"selector":{"id":"application-manageresources-display-component---newResourceUnit--PLANNING_GROUP","interaction":{"idSuffix":"inner"}},"wdio_ui5_key":"applicationmanageresources-display-component---newResourceUnit--PLANNING_GROUP"}]}
RESULT: undefined
COMMAND: POST /session/b430664ae761cc419c9ed8ae7652b215/execute/async - {"script":"<script> [776 bytes]","args":[{"enterText":"Heavy Equi","selector":{"id":"application-manageresources-display-component---newResourceUnit--PLANNING_GROUP","interaction":{"idSuffix":"inner"}},"clearTextFirst":true,"interactionType":"ENTER_TEXT"}]}
RESULT: {}
RESULT: {"script":"<script> [776 bytes]","args":[{"enterText":"Heavy Equi","selector":{"id":"application-manageresources-display-component---newResourceUnit--PLANNING_GROUP","interaction":{"idSuffix":"inner"}},"clearTextFirst":true,"interactionType":"ENTER_TEXT"}]}
COMMAND: POST /session/b430664ae761cc419c9ed8ae7652b215/execute/async - {"script":"<script> [1562 bytes]","args":[{"selector":{"id":"application-manageresources-display-component---newResourceUnit--ITEM_TYPE-arrow"},"wdio_ui5_key":"applicationmanageresources-display-component---newResourceUnit--ITEM_TYPE-arrow"}]}
RESULT: {"script":"<script> [1562 bytes]","args":[{"selector":{"id":"application-manageresources-display-component---newResourceUnit--ITEM_TYPE-arrow"},"wdio_ui5_key":"applicationmanageresources-display-component---newResourceUnit--ITEM_TYPE-arrow"}]}
RESULT: undefined
COMMAND: POST /session/b430664ae761cc419c9ed8ae7652b215/element - {"using":"xpath","value":"//*[@id=\"application-manageresources-display-component---newResourceUnit--ITEM_TYPE-arrow\"]"}
RESULT: {"using":"xpath","value":"//*[@id=\"application-manageresources-display-component---newResourceUnit--ITEM_TYPE-arrow\"]"}
COMMAND: POST /session/b430664ae761cc419c9ed8ae7652b215/element/f.7C6B6118A7D0ED8090C3E8289D0DA550.d.3DE237E785C71628DB0402808C3F5792.e.2428/click - {}
RESULT: {}
COMMAND: POST /session/b430664ae761cc419c9ed8ae7652b215/execute/async - {"script":"<script> [1562 bytes]","args":[{"selector":{"controlType":"sap.m.StandardListItem","viewName":"reusables.view.manageresources.NewResourceUnit","viewId":"application-manageresources-display-component---newResourceUnit","properties":{"title":"Resource Unit"},"searchOpenDialogs":true,"interaction":{"idSuffix":"titleText"}},"wdio_ui5_key":"reusablesview.manageresources.NewResourceUnitsap.m.StandardListItem{\"title\":\"Resource Unit\"}"}]}
COMMAND: GET /session/b430664ae761cc419c9ed8ae7652b215/screenshot - {}
RESULT: {"script":"<script> [1562 bytes]","args":[{"selector":{"controlType":"sap.m.StandardListItem","viewName":"reusables.view.manageresources.NewResourceUnit","viewId":"application-manageresources-display-component---newResourceUnit","properties":{"title":"Resource Unit"},"searchOpenDialogs":true,"interaction":{"idSuffix":"titleText"}},"wdio_ui5_key":"reusablesview.manageresources.NewResourceUnitsap.m.StandardListItem{\"title\":\"Resource Unit\"}"}]}
RESULT: undefined
COMMAND: POST /session/b430664ae761cc419c9ed8ae7652b215/element - {"using":"xpath","value":"//*[@id=\"__item1177\"]"}
RESULT: {}
RESULT: {"using":"xpath","value":"//*[@id=\"__item1177\"]"}
COMMAND: POST /session/b430664ae761cc419c9ed8ae7652b215/element/f.7C6B6118A7D0ED8090C3E8289D0DA550.d.3DE237E785C71628DB0402808C3F5792.e.2430/click - {}
RESULT: {}
COMMAND: POST /session/b430664ae761cc419c9ed8ae7652b215/element - {"using":"xpath","value":"//bdi[contains(text(), \"Time Segment\")]"}
COMMAND: GET /session/b430664ae761cc419c9ed8ae7652b215/screenshot - {}
RESULT: {"using":"xpath","value":"//bdi[contains(text(), \"Time Segment\")]"}
COMMAND: GET /session/b430664ae761cc419c9ed8ae7652b215/element/f.7C6B6118A7D0ED8090C3E8289D0DA550.d.3DE237E785C71628DB0402808C3F5792.e.2431/rect - {}
RESULT: {}
RESULT: {}
COMMAND: GET /session/b430664ae761cc419c9ed8ae7652b215/window/rect - {}
RESULT: {}
COMMAND: POST /session/b430664ae761cc419c9ed8ae7652b215/execute/sync - {"script":"<script> [92 bytes]","args":[]}
RESULT: {"script":"<script> [92 bytes]","args":[]}
COMMAND: POST /session/b430664ae761cc419c9ed8ae7652b215/actions - {"actions":[{"id":"action11","type":"wheel","parameters":{},"actions":[{"type":"scroll","x":-1820,"y":-21,"deltaX":0,"deltaY":0,"duration":0,"origin":{"element-6066-11e4-a52e-4f735466cecf":"f.7C6B6118A7D0ED8090C3E8289D0DA550.d.3DE237E785C71628DB0402808C3F5792.e.2431"}}]}]}
COMMAND: GET /session/b430664ae761cc419c9ed8ae7652b215/screenshot - {}
RESULT: {}
COMMAND: POST /session/b430664ae761cc419c9ed8ae7652b215/execute/sync - {"script":"<script> [79 bytes]","args":[{"element-6066-11e4-a52e-4f735466cecf":"f.7C6B6118A7D0ED8090C3E8289D0DA550.d.3DE237E785C71628DB0402808C3F5792.e.2431","ELEMENT":"f.7C6B6118A7D0ED8090C3E8289D0DA550.d.3DE237E785C71628DB0402808C3F5792.e.2431"},{"block":"start","inline":"nearest"}]}
RESULT: {"script":"<script> [79 bytes]","args":[{"element-6066-11e4-a52e-4f735466cecf":"f.7C6B6118A7D0ED8090C3E8289D0DA550.d.3DE237E785C71628DB0402808C3F5792.e.2431","ELEMENT":"f.7C6B6118A7D0ED8090C3E8289D0DA550.d.3DE237E785C71628DB0402808C3F5792.e.2431"},{"block":"start","inline":"nearest"}]}
COMMAND: POST /session/b430664ae761cc419c9ed8ae7652b215/execute/async - {"script":"<script> [1562 bytes]","args":[{"selector":{"id":"application-manageresources-display-component---newResourceUnit--btnAddTimeSegment-img"},"wdio_ui5_key":"applicationmanageresources-display-component---newResourceUnit--btnAddTimeSegment-img"}]}
COMMAND: GET /session/b430664ae761cc419c9ed8ae7652b215/screenshot - {}
RESULT: {"script":"<script> [1562 bytes]","args":[{"selector":{"id":"application-manageresources-display-component---newResourceUnit--btnAddTimeSegment-img"},"wdio_ui5_key":"applicationmanageresources-display-component---newResourceUnit--btnAddTimeSegment-img"}]}
RESULT: undefined
COMMAND: POST /session/b430664ae761cc419c9ed8ae7652b215/element - {"using":"xpath","value":"//*[@id=\"application-manageresources-display-component---newResourceUnit--btnAddTimeSegment-img\"]"}
RESULT: {}
RESULT: {"using":"xpath","value":"//*[@id=\"application-manageresources-display-component---newResourceUnit--btnAddTimeSegment-img\"]"}
COMMAND: POST /session/b430664ae761cc419c9ed8ae7652b215/element/f.7C6B6118A7D0ED8090C3E8289D0DA550.d.3DE237E785C71628DB0402808C3F5792.e.2434/click - {}
RESULT: {}
COMMAND: GET /session/b430664ae761cc419c9ed8ae7652b215/screenshot - {}
RESULT: {}
COMMAND: POST /session/b430664ae761cc419c9ed8ae7652b215/element - {"using":"xpath","value":"//input[@id=\"application-manageresources-display-component---newResourceUnit--idRuTSAdmin-application-manageresources-display-component---newResourceUnit--RUTimeSegment-0-inner\"]"}
RESULT: {"using":"xpath","value":"//input[@id=\"application-manageresources-display-component---newResourceUnit--idRuTSAdmin-application-manageresources-display-component---newResourceUnit--RUTimeSegment-0-inner\"]"}
COMMAND: POST /session/b430664ae761cc419c9ed8ae7652b215/element/f.7C6B6118A7D0ED8090C3E8289D0DA550.d.3DE237E785C71628DB0402808C3F5792.e.2438/clear - {}
RESULT: {}
COMMAND: POST /session/b430664ae761cc419c9ed8ae7652b215/element/f.7C6B6118A7D0ED8090C3E8289D0DA550.d.3DE237E785C71628DB0402808C3F5792.e.2438/value - {"text":"webdriveryard"}
COMMAND: GET /session/b430664ae761cc419c9ed8ae7652b215/screenshot - {}
RESULT: {"text":"webdriveryard"}
COMMAND: GET /session/b430664ae761cc419c9ed8ae7652b215/screenshot - {}
RESULT: {}
RESULT: {}
COMMAND: POST /session/b430664ae761cc419c9ed8ae7652b215/actions - {"actions":[{"id":"action12","type":"key","parameters":{},"actions":[{"type":"keyDown","value":"î€‡"},{"type":"pause","duration":10},{"type":"keyUp","value":"î€‡"}]}]}
RESULT: {"actions":[{"id":"action12","type":"key","parameters":{},"actions":[{"type":"keyDown","value":"î€‡"},{"type":"pause","duration":10},{"type":"keyUp","value":"î€‡"}]}]}
COMMAND: POST /session/b430664ae761cc419c9ed8ae7652b215/execute/async - {"script":"<script> [1562 bytes]","args":[{"selector":{"controlType":"sap.ui.core.Icon","viewName":"reusables.view.manageresources.NewResourceUnit","viewId":"application-manageresources-display-component---newResourceUnit","properties":{"src":{"regex":{"source":"slim\\-arrow\\-down"}}},"ancestor":{"controlType":"sap.m.ComboBox","viewName":"reusables.view.manageresources.NewResourceUnit","viewId":"application-manageresources-display-component---newResourceUnit","bindingPath":{"path":"/RESOURCE_UNIT_TIME_SEQUENCES/0","propertyPath":"COST_OBJECT_ADMIN_CST_TYPE","modelName":"oNewRruModel"}}},"wdio_ui5_key":"reusablesview.manageresources.NewResourceUnitsap.ui.core.Icon{\"src\":{\"regex\":{\"source\":\"slim\\\\-arrow\\\\-down\"}}}{\"controlType\":\"sap.m.ComboBox\",\"viewName\":\"reusables.view.manageresources.NewResourceUnit\",\"viewId\":\"application-manageresources-display-component---newResourceUnit\",\"bindingPath\":{\"path\":\"/RESOURCE_UNIT_TIME_SEQUENCES/0\",\"propertyPath\":\"COST_OBJECT_ADMIN_CST_TYPE\",\"modelName\":\"oNewRruModel\"}}"}]}
COMMAND: GET /session/b430664ae761cc419c9ed8ae7652b215/screenshot - {}
RESULT: {"script":"<script> [1562 bytes]","args":[{"selector":{"controlType":"sap.ui.core.Icon","viewName":"reusables.view.manageresources.NewResourceUnit","viewId":"application-manageresources-display-component---newResourceUnit","properties":{"src":{"regex":{"source":"slim\\-arrow\\-down"}}},"ancestor":{"controlType":"sap.m.ComboBox","viewName":"reusables.view.manageresources.NewResourceUnit","viewId":"application-manageresources-display-component---newResourceUnit","bindingPath":{"path":"/RESOURCE_UNIT_TIME_SEQUENCES/0","propertyPath":"COST_OBJECT_ADMIN_CST_TYPE","modelName":"oNewRruModel"}}},"wdio_ui5_key":"reusablesview.manageresources.NewResourceUnitsap.ui.core.Icon{\"src\":{\"regex\":{\"source\":\"slim\\\\-arrow\\\\-down\"}}}{\"controlType\":\"sap.m.ComboBox\",\"viewName\":\"reusables.view.manageresources.NewResourceUnit\",\"viewId\":\"application-manageresources-display-component---newResourceUnit\",\"bindingPath\":{\"path\":\"/RESOURCE_UNIT_TIME_SEQUENCES/0\",\"propertyPath\":\"COST_OBJECT_ADMIN_CST_TYPE\",\"modelName\":\"oNewRruModel\"}}"}]}
RESULT: undefined
COMMAND: POST /session/b430664ae761cc419c9ed8ae7652b215/element - {"using":"xpath","value":"//*[@id=\"__box58-application-manageresources-display-component---newResourceUnit--RUTimeSegment-0-arrow\"]"}
RESULT: {}
RESULT: {"using":"xpath","value":"//*[@id=\"__box58-application-manageresources-display-component---newResourceUnit--RUTimeSegment-0-arrow\"]"}
COMMAND: POST /session/b430664ae761cc419c9ed8ae7652b215/element/f.7C6B6118A7D0ED8090C3E8289D0DA550.d.3DE237E785C71628DB0402808C3F5792.e.2452/click - {}
RESULT: {}
COMMAND: POST /session/b430664ae761cc419c9ed8ae7652b215/execute/async - {"script":"<script> [1562 bytes]","args":[{"selector":{"controlType":"sap.m.StandardListItem","viewName":"reusables.view.manageresources.NewResourceUnit","viewId":"application-manageresources-display-component---newResourceUnit","properties":{"title":"PM Order"},"searchOpenDialogs":true,"interaction":{"idSuffix":"titleText"}},"wdio_ui5_key":"reusablesview.manageresources.NewResourceUnitsap.m.StandardListItem{\"title\":\"PM Order\"}"}]}
COMMAND: GET /session/b430664ae761cc419c9ed8ae7652b215/screenshot - {}
RESULT: {"script":"<script> [1562 bytes]","args":[{"selector":{"controlType":"sap.m.StandardListItem","viewName":"reusables.view.manageresources.NewResourceUnit","viewId":"application-manageresources-display-component---newResourceUnit","properties":{"title":"PM Order"},"searchOpenDialogs":true,"interaction":{"idSuffix":"titleText"}},"wdio_ui5_key":"reusablesview.manageresources.NewResourceUnitsap.m.StandardListItem{\"title\":\"PM Order\"}"}]}
RESULT: undefined
COMMAND: POST /session/b430664ae761cc419c9ed8ae7652b215/element - {"using":"xpath","value":"//*[@id=\"__item1368\"]"}
RESULT: {}
RESULT: {"using":"xpath","value":"//*[@id=\"__item1368\"]"}
COMMAND: POST /session/b430664ae761cc419c9ed8ae7652b215/element/f.7C6B6118A7D0ED8090C3E8289D0DA550.d.3DE237E785C71628DB0402808C3F5792.e.2456/click - {}
RESULT: {}
COMMAND: GET /session/b430664ae761cc419c9ed8ae7652b215/screenshot - {}
RESULT: {}
COMMAND: POST /session/b430664ae761cc419c9ed8ae7652b215/element - {"using":"xpath","value":"(//input[contains(@id ,\"-application-manageresources-display-component---newResourceUnit--RUTimeSegment-0-inner\")])[8]"}
RESULT: {"using":"xpath","value":"(//input[contains(@id ,\"-application-manageresources-display-component---newResourceUnit--RUTimeSegment-0-inner\")])[8]"}
COMMAND: POST /session/b430664ae761cc419c9ed8ae7652b215/element/f.7C6B6118A7D0ED8090C3E8289D0DA550.d.3DE237E785C71628DB0402808C3F5792.e.2459/clear - {}
RESULT: {}
COMMAND: POST /session/b430664ae761cc419c9ed8ae7652b215/element/f.7C6B6118A7D0ED8090C3E8289D0DA550.d.3DE237E785C71628DB0402808C3F5792.e.2459/value - {"text":"4000360"}
COMMAND: GET /session/b430664ae761cc419c9ed8ae7652b215/screenshot - {}
RESULT: {"text":"4000360"}
COMMAND: GET /session/b430664ae761cc419c9ed8ae7652b215/screenshot - {}
RESULT: {}
RESULT: {}
COMMAND: POST /session/b430664ae761cc419c9ed8ae7652b215/actions - {"actions":[{"id":"action13","type":"key","parameters":{},"actions":[{"type":"keyDown","value":"î€‡"},{"type":"pause","duration":10},{"type":"keyUp","value":"î€‡"}]}]}
RESULT: {"actions":[{"id":"action13","type":"key","parameters":{},"actions":[{"type":"keyDown","value":"î€‡"},{"type":"pause","duration":10},{"type":"keyUp","value":"î€‡"}]}]}
COMMAND: GET /session/b430664ae761cc419c9ed8ae7652b215/screenshot - {}
RESULT: {}
COMMAND: POST /session/b430664ae761cc419c9ed8ae7652b215/element - {"using":"xpath","value":"//input[contains(@id ,\"application-manageresources-display-component---newResourceUnit--newTimeSegmentFromDatePicker-application-manageresources-display-component---newResourceUnit--RUTimeSegment-0-inner\")]"}
RESULT: {"using":"xpath","value":"//input[contains(@id ,\"application-manageresources-display-component---newResourceUnit--newTimeSegmentFromDatePicker-application-manageresources-display-component---newResourceUnit--RUTimeSegment-0-inner\")]"}
COMMAND: POST /session/b430664ae761cc419c9ed8ae7652b215/element/f.7C6B6118A7D0ED8090C3E8289D0DA550.d.3DE237E785C71628DB0402808C3F5792.e.2445/clear - {}
RESULT: {}
COMMAND: POST /session/b430664ae761cc419c9ed8ae7652b215/element/f.7C6B6118A7D0ED8090C3E8289D0DA550.d.3DE237E785C71628DB0402808C3F5792.e.2445/clear - {}
COMMAND: GET /session/b430664ae761cc419c9ed8ae7652b215/screenshot - {}
RESULT: {}
COMMAND: POST /session/b430664ae761cc419c9ed8ae7652b215/element/f.7C6B6118A7D0ED8090C3E8289D0DA550.d.3DE237E785C71628DB0402808C3F5792.e.2445/value - {"text":"06/13/24"}
COMMAND: GET /session/b430664ae761cc419c9ed8ae7652b215/screenshot - {}
RESULT: {}
RESULT: {"text":"06/13/24"}
COMMAND: POST /session/b430664ae761cc419c9ed8ae7652b215/execute/async - {"script":"<script> [1562 bytes]","args":[{"selector":{"id":"application-manageresources-display-component---newResourceUnit--newRRUPage-anchBar-application-manageresources-display-component---newResourceUnit--resource-anchor","interaction":{"idSuffix":"BDI-content"}},"wdio_ui5_key":"applicationmanageresources-display-component---newResourceUnit--newRRUPage-anchBar-application-manageresources-display-component---newResourceUnit--resource-anchor"}]}
COMMAND: GET /session/b430664ae761cc419c9ed8ae7652b215/screenshot - {}
RESULT: {}
RESULT: {"script":"<script> [1562 bytes]","args":[{"selector":{"id":"application-manageresources-display-component---newResourceUnit--newRRUPage-anchBar-application-manageresources-display-component---newResourceUnit--resource-anchor","interaction":{"idSuffix":"BDI-content"}},"wdio_ui5_key":"applicationmanageresources-display-component---newResourceUnit--newRRUPage-anchBar-application-manageresources-display-component---newResourceUnit--resource-anchor"}]}
RESULT: undefined
COMMAND: POST /session/b430664ae761cc419c9ed8ae7652b215/element - {"using":"xpath","value":"//*[@id=\"application-manageresources-display-component---newResourceUnit--newRRUPage-anchBar-application-manageresources-display-component---newResourceUnit--resource-anchor\"]"}
RESULT: {}
RESULT: {"using":"xpath","value":"//*[@id=\"application-manageresources-display-component---newResourceUnit--newRRUPage-anchBar-application-manageresources-display-component---newResourceUnit--resource-anchor\"]"}
COMMAND: POST /session/b430664ae761cc419c9ed8ae7652b215/element/f.7C6B6118A7D0ED8090C3E8289D0DA550.d.3DE237E785C71628DB0402808C3F5792.e.2465/click - {}
RESULT: {}
COMMAND: POST /session/b430664ae761cc419c9ed8ae7652b215/execute/async - {"script":"<script> [1562 bytes]","args":[{"selector":{"id":"application-manageresources-display-component---newResourceUnit--PLANNED_DELIVERY_DATE","interaction":{"idSuffix":"inner"}},"wdio_ui5_key":"applicationmanageresources-display-component---newResourceUnit--PLANNED_DELIVERY_DATE"}]}
COMMAND: GET /session/b430664ae761cc419c9ed8ae7652b215/screenshot - {}
RESULT: {"script":"<script> [1562 bytes]","args":[{"selector":{"id":"application-manageresources-display-component---newResourceUnit--PLANNED_DELIVERY_DATE","interaction":{"idSuffix":"inner"}},"wdio_ui5_key":"applicationmanageresources-display-component---newResourceUnit--PLANNED_DELIVERY_DATE"}]}
RESULT: undefined
COMMAND: POST /session/b430664ae761cc419c9ed8ae7652b215/execute/async - {"script":"<script> [6424 bytes]","args":[{"element-6066-11e4-a52e-4f735466cecf":"f.7C6B6118A7D0ED8090C3E8289D0DA550.d.3DE237E785C71628DB0402808C3F5792.e.2340"},"setValue",["06/13/24"]]}
RESULT: {}
RESULT: {"script":"<script> [6424 bytes]","args":[{"element-6066-11e4-a52e-4f735466cecf":"f.7C6B6118A7D0ED8090C3E8289D0DA550.d.3DE237E785C71628DB0402808C3F5792.e.2340"},"setValue",["06/13/24"]]}
COMMAND: POST /session/b430664ae761cc419c9ed8ae7652b215/execute/async - {"script":"<script> [1562 bytes]","args":[{"selector":{"id":"application-manageresources-display-component---newResourceUnit--RETIRE_PLANNED_DATE","interaction":{"idSuffix":"inner"}},"wdio_ui5_key":"applicationmanageresources-display-component---newResourceUnit--RETIRE_PLANNED_DATE"}]}
RESULT: {"script":"<script> [1562 bytes]","args":[{"selector":{"id":"application-manageresources-display-component---newResourceUnit--RETIRE_PLANNED_DATE","interaction":{"idSuffix":"inner"}},"wdio_ui5_key":"applicationmanageresources-display-component---newResourceUnit--RETIRE_PLANNED_DATE"}]}
RESULT: undefined
COMMAND: POST /session/b430664ae761cc419c9ed8ae7652b215/execute/async - {"script":"<script> [776 bytes]","args":[{"enterText":"3/14/29","selector":{"id":"application-manageresources-display-component---newResourceUnit--RETIRE_PLANNED_DATE","interaction":{"idSuffix":"inner"}},"clearTextFirst":true,"interactionType":"ENTER_TEXT"}]}
RESULT: {"script":"<script> [776 bytes]","args":[{"enterText":"3/14/29","selector":{"id":"application-manageresources-display-component---newResourceUnit--RETIRE_PLANNED_DATE","interaction":{"idSuffix":"inner"}},"clearTextFirst":true,"interactionType":"ENTER_TEXT"}]}
COMMAND: POST /session/b430664ae761cc419c9ed8ae7652b215/execute/async - {"script":"<script> [1562 bytes]","args":[{"selector":{"controlType":"sap.m.Button","viewName":"reusables.view.manageresources.NewResourceUnit","viewId":"application-manageresources-display-component---newResourceUnit","i18NText":{"propertyName":"tooltip","key":"save"},"interaction":{"idSuffix":"BDI-content"}},"wdio_ui5_key":"reusablesview.manageresources.NewResourceUnitsap.m.Button{\"propertyName\":\"tooltip\",\"key\":\"save\"}"}]}
RESULT: {"script":"<script> [1562 bytes]","args":[{"selector":{"controlType":"sap.m.Button","viewName":"reusables.view.manageresources.NewResourceUnit","viewId":"application-manageresources-display-component---newResourceUnit","i18NText":{"propertyName":"tooltip","key":"save"},"interaction":{"idSuffix":"BDI-content"}},"wdio_ui5_key":"reusablesview.manageresources.NewResourceUnitsap.m.Button{\"propertyName\":\"tooltip\",\"key\":\"save\"}"}]}
RESULT: undefined
COMMAND: POST /session/b430664ae761cc419c9ed8ae7652b215/element - {"using":"xpath","value":"//*[@id=\"application-manageresources-display-component---newResourceUnit--createRuButton\"]"}
RESULT: {"using":"xpath","value":"//*[@id=\"application-manageresources-display-component---newResourceUnit--createRuButton\"]"}
COMMAND: POST /session/b430664ae761cc419c9ed8ae7652b215/element/f.7C6B6118A7D0ED8090C3E8289D0DA550.d.3DE237E785C71628DB0402808C3F5792.e.2301/click - {}
RESULT: {}
COMMAND: GET /session/b430664ae761cc419c9ed8ae7652b215/screenshot - {}
RESULT: {}
COMMAND: POST /session/b430664ae761cc419c9ed8ae7652b215/execute/async - {"script":"<script> [1562 bytes]","args":[{"selector":{"controlType":"sap.m.Button","properties":{"text":"Close"},"searchOpenDialogs":true,"interaction":{"idSuffix":"inner"}},"wdio_ui5_key":"sapm.Button{\"text\":\"Close\"}"}]}
RESULT: {"script":"<script> [1562 bytes]","args":[{"selector":{"controlType":"sap.m.Button","properties":{"text":"Close"},"searchOpenDialogs":true,"interaction":{"idSuffix":"inner"}},"wdio_ui5_key":"sapm.Button{\"text\":\"Close\"}"}]}
RESULT: undefined
COMMAND: POST /session/b430664ae761cc419c9ed8ae7652b215/element - {"using":"xpath","value":"//*[@id=\"__mbox-btn-0\"]"}
RESULT: {"using":"xpath","value":"//*[@id=\"__mbox-btn-0\"]"}
COMMAND: POST /session/b430664ae761cc419c9ed8ae7652b215/element/f.7C6B6118A7D0ED8090C3E8289D0DA550.d.3DE237E785C71628DB0402808C3F5792.e.2473/click - {}
RESULT: {}
COMMAND: GET /session/b430664ae761cc419c9ed8ae7652b215/screenshot - {}
RESULT: {}
COMMAND: POST /session/b430664ae761cc419c9ed8ae7652b215/execute/async - {"script":"<script> [1562 bytes]","args":[{"selector":{"controlType":"sap.m.Text","viewName":"etm.portal.ui.manageresources.view.Detail","viewId":"application-manageresources-display-component---detailRU","bindingPath":{"propertyPath":"ID","modelName":"catalogModel"}},"wdio_ui5_key":"etmportal.ui.manageresources.view.Detailsap.m.Text{\"propertyPath\":\"ID\",\"modelName\":\"catalogModel\"}"}]}
RESULT: {"script":"<script> [1562 bytes]","args":[{"selector":{"controlType":"sap.m.Text","viewName":"etm.portal.ui.manageresources.view.Detail","viewId":"application-manageresources-display-component---detailRU","bindingPath":{"propertyPath":"ID","modelName":"catalogModel"}},"wdio_ui5_key":"etmportal.ui.manageresources.view.Detailsap.m.Text{\"propertyPath\":\"ID\",\"modelName\":\"catalogModel\"}"}]}
RESULT: undefined
COMMAND: POST /session/b430664ae761cc419c9ed8ae7652b215/execute/async - {"script":"<script> [6424 bytes]","args":[{"element-6066-11e4-a52e-4f735466cecf":"f.7C6B6118A7D0ED8090C3E8289D0DA550.d.3DE237E785C71628DB0402808C3F5792.e.2527"},"getText",[]]}
RESULT: {"script":"<script> [6424 bytes]","args":[{"element-6066-11e4-a52e-4f735466cecf":"f.7C6B6118A7D0ED8090C3E8289D0DA550.d.3DE237E785C71628DB0402808C3F5792.e.2527"},"getText",[]]}
COMMAND: POST /session/b430664ae761cc419c9ed8ae7652b215/element - {"using":"css selector","value":"#shell-header-logo"}
RESULT: {"using":"css selector","value":"#shell-header-logo"}
COMMAND: POST /session/b430664ae761cc419c9ed8ae7652b215/element/f.7C6B6118A7D0ED8090C3E8289D0DA550.d.3DE237E785C71628DB0402808C3F5792.e.1917/click - {}
RESULT: {}
COMMAND: GET /session/b430664ae761cc419c9ed8ae7652b215/screenshot - {}
RESULT: {}
]]></system-out>
    </testcase>
    <testcase classname="chrome.136_0_7103_49.windows.Verify_RU_inventory_split_cost_information_US139363" name="Should do a stock increase for the equipment" time="77.538">
      <system-out><![CDATA[
COMMAND: POST /session/b430664ae761cc419c9ed8ae7652b215/execute/async - {"script":"<script> [1562 bytes]","args":[{"selector":{"controlType":"sap.m.GenericTile","properties":{"header":"Manage Handovers"}},"wdio_ui5_key":"sapm.GenericTile{\"header\":\"Manage Handovers\"}"}]}
RESULT: {"script":"<script> [1562 bytes]","args":[{"selector":{"controlType":"sap.m.GenericTile","properties":{"header":"Manage Handovers"}},"wdio_ui5_key":"sapm.GenericTile{\"header\":\"Manage Handovers\"}"}]}
RESULT: undefined
COMMAND: POST /session/b430664ae761cc419c9ed8ae7652b215/element - {"using":"xpath","value":"//*[@id=\"__tile132\"]"}
RESULT: {"using":"xpath","value":"//*[@id=\"__tile132\"]"}
COMMAND: POST /session/b430664ae761cc419c9ed8ae7652b215/element/f.7C6B6118A7D0ED8090C3E8289D0DA550.d.3DE237E785C71628DB0402808C3F5792.e.2529/click - {}
RESULT: {}
COMMAND: GET /session/b430664ae761cc419c9ed8ae7652b215/screenshot - {}
RESULT: {}
COMMAND: POST /session/b430664ae761cc419c9ed8ae7652b215/elements - {"using":"xpath","value":"//span[text()='Error']"}
RESULT: {"using":"xpath","value":"//span[text()='Error']"}
COMMAND: POST /session/b430664ae761cc419c9ed8ae7652b215/element - {"using":"xpath","value":"//button[@data-kt=\"masterHOAddButton\"]"}
RESULT: {"using":"xpath","value":"//button[@data-kt=\"masterHOAddButton\"]"}
COMMAND: POST /session/b430664ae761cc419c9ed8ae7652b215/execute/sync - {"script":"<script> [8489 bytes]","args":[{"element-6066-11e4-a52e-4f735466cecf":"f.7C6B6118A7D0ED8090C3E8289D0DA550.d.3DE237E785C71628DB0402808C3F5792.e.2583","ELEMENT":"f.7C6B6118A7D0ED8090C3E8289D0DA550.d.3DE237E785C71628DB0402808C3F5792.e.2583"}]}
RESULT: {"script":"<script> [8489 bytes]","args":[{"element-6066-11e4-a52e-4f735466cecf":"f.7C6B6118A7D0ED8090C3E8289D0DA550.d.3DE237E785C71628DB0402808C3F5792.e.2583","ELEMENT":"f.7C6B6118A7D0ED8090C3E8289D0DA550.d.3DE237E785C71628DB0402808C3F5792.e.2583"}]}
COMMAND: POST /session/b430664ae761cc419c9ed8ae7652b215/element/f.7C6B6118A7D0ED8090C3E8289D0DA550.d.3DE237E785C71628DB0402808C3F5792.e.2583/click - {}
COMMAND: GET /session/b430664ae761cc419c9ed8ae7652b215/screenshot - {}
RESULT: {}
COMMAND: GET /session/b430664ae761cc419c9ed8ae7652b215/screenshot - {}
RESULT: {}
COMMAND: POST /session/b430664ae761cc419c9ed8ae7652b215/element - {"using":"xpath","value":"//span[contains(@id ,\"AddNewHO--typeSelect-arrow\")]"}
RESULT: {}
RESULT: {"using":"xpath","value":"//span[contains(@id ,\"AddNewHO--typeSelect-arrow\")]"}
COMMAND: POST /session/b430664ae761cc419c9ed8ae7652b215/element/f.7C6B6118A7D0ED8090C3E8289D0DA550.d.3DE237E785C71628DB0402808C3F5792.e.2939/click - {}
RESULT: {}
COMMAND: GET /session/b430664ae761cc419c9ed8ae7652b215/screenshot - {}
RESULT: {}
COMMAND: POST /session/b430664ae761cc419c9ed8ae7652b215/element - {"using":"xpath","value":"(//li[contains(text(), \"stock increase yard\")])[1]"}
RESULT: {"using":"xpath","value":"(//li[contains(text(), \"stock increase yard\")])[1]"}
COMMAND: POST /session/b430664ae761cc419c9ed8ae7652b215/element/f.7C6B6118A7D0ED8090C3E8289D0DA550.d.3DE237E785C71628DB0402808C3F5792.e.2940/click - {}
RESULT: {}
COMMAND: GET /session/b430664ae761cc419c9ed8ae7652b215/screenshot - {}
RESULT: {}
COMMAND: POST /session/b430664ae761cc419c9ed8ae7652b215/execute/async - {"script":"<script> [1562 bytes]","args":[{"selector":{"id":"application-managehandovers-display-component---AddNewHO--dueDate","interaction":{"idSuffix":"inner"}},"wdio_ui5_key":"applicationmanagehandovers-display-component---AddNewHO--dueDate"}]}
RESULT: {"script":"<script> [1562 bytes]","args":[{"selector":{"id":"application-managehandovers-display-component---AddNewHO--dueDate","interaction":{"idSuffix":"inner"}},"wdio_ui5_key":"applicationmanagehandovers-display-component---AddNewHO--dueDate"}]}
RESULT: undefined
COMMAND: POST /session/b430664ae761cc419c9ed8ae7652b215/execute/async - {"script":"<script> [6424 bytes]","args":[{"element-6066-11e4-a52e-4f735466cecf":"f.7C6B6118A7D0ED8090C3E8289D0DA550.d.3DE237E785C71628DB0402808C3F5792.e.2942"},"setValue",["5/13/25"]]}
RESULT: {"script":"<script> [6424 bytes]","args":[{"element-6066-11e4-a52e-4f735466cecf":"f.7C6B6118A7D0ED8090C3E8289D0DA550.d.3DE237E785C71628DB0402808C3F5792.e.2942"},"setValue",["5/13/25"]]}
COMMAND: POST /session/b430664ae761cc419c9ed8ae7652b215/element - {"using":"xpath","value":"//input[@id=\"generalSectionFrg--receiveYard-inner\"]"}
RESULT: {"using":"xpath","value":"//input[@id=\"generalSectionFrg--receiveYard-inner\"]"}
COMMAND: POST /session/b430664ae761cc419c9ed8ae7652b215/element/f.7C6B6118A7D0ED8090C3E8289D0DA550.d.3DE237E785C71628DB0402808C3F5792.e.2946/clear - {}
RESULT: {}
COMMAND: POST /session/b430664ae761cc419c9ed8ae7652b215/element/f.7C6B6118A7D0ED8090C3E8289D0DA550.d.3DE237E785C71628DB0402808C3F5792.e.2946/value - {"text":"webdriveryard"}
COMMAND: GET /session/b430664ae761cc419c9ed8ae7652b215/screenshot - {}
RESULT: {"text":"webdriveryard"}
COMMAND: GET /session/b430664ae761cc419c9ed8ae7652b215/screenshot - {}
RESULT: {}
RESULT: {}
COMMAND: POST /session/b430664ae761cc419c9ed8ae7652b215/execute/async - {"script":"<script> [1562 bytes]","args":[{"selector":{"id":"application-managehandovers-display-component---AddNewHO--ObjectPageLayout-anchBar-application-managehandovers-display-component---AddNewHO--section4-anchor","interaction":{"idSuffix":"BDI-content"}},"wdio_ui5_key":"applicationmanagehandovers-display-component---AddNewHO--ObjectPageLayout-anchBar-application-managehandovers-display-component---AddNewHO--section4-anchor"}]}
RESULT: {"script":"<script> [1562 bytes]","args":[{"selector":{"id":"application-managehandovers-display-component---AddNewHO--ObjectPageLayout-anchBar-application-managehandovers-display-component---AddNewHO--section4-anchor","interaction":{"idSuffix":"BDI-content"}},"wdio_ui5_key":"applicationmanagehandovers-display-component---AddNewHO--ObjectPageLayout-anchBar-application-managehandovers-display-component---AddNewHO--section4-anchor"}]}
RESULT: undefined
COMMAND: POST /session/b430664ae761cc419c9ed8ae7652b215/element - {"using":"xpath","value":"//*[@id=\"application-managehandovers-display-component---AddNewHO--ObjectPageLayout-anchBar-application-managehandovers-display-component---AddNewHO--section4-anchor\"]"}
RESULT: {"using":"xpath","value":"//*[@id=\"application-managehandovers-display-component---AddNewHO--ObjectPageLayout-anchBar-application-managehandovers-display-component---AddNewHO--section4-anchor\"]"}
COMMAND: POST /session/b430664ae761cc419c9ed8ae7652b215/element/f.7C6B6118A7D0ED8090C3E8289D0DA550.d.3DE237E785C71628DB0402808C3F5792.e.2967/click - {}
RESULT: {}
COMMAND: GET /session/b430664ae761cc419c9ed8ae7652b215/screenshot - {}
RESULT: {}
COMMAND: POST /session/b430664ae761cc419c9ed8ae7652b215/element - {"using":"xpath","value":"//button[@aria-label=\"Add\"]"}
RESULT: {"using":"xpath","value":"//button[@aria-label=\"Add\"]"}
COMMAND: POST /session/b430664ae761cc419c9ed8ae7652b215/element/f.7C6B6118A7D0ED8090C3E8289D0DA550.d.3DE237E785C71628DB0402808C3F5792.e.2971/click - {}
RESULT: {}
COMMAND: GET /session/b430664ae761cc419c9ed8ae7652b215/screenshot - {}
RESULT: {}
COMMAND: POST /session/b430664ae761cc419c9ed8ae7652b215/execute/async - {"script":"<script> [1562 bytes]","args":[{"selector":{"id":"application-managehandovers-display-component---AddNewHO--smartFilterBar-btnBasicSearch","searchOpenDialogs":true,"interaction":{"idSuffix":"I"}},"wdio_ui5_key":"applicationmanagehandovers-display-component---AddNewHO--smartFilterBar-btnBasicSearch"}]}
RESULT: {"script":"<script> [1562 bytes]","args":[{"selector":{"id":"application-managehandovers-display-component---AddNewHO--smartFilterBar-btnBasicSearch","searchOpenDialogs":true,"interaction":{"idSuffix":"I"}},"wdio_ui5_key":"applicationmanagehandovers-display-component---AddNewHO--smartFilterBar-btnBasicSearch"}]}
RESULT: undefined
COMMAND: POST /session/b430664ae761cc419c9ed8ae7652b215/execute/async - {"script":"<script> [776 bytes]","args":[{"enterText":"WdIOR2cEquipt3lve","selector":{"id":"application-managehandovers-display-component---AddNewHO--smartFilterBar-btnBasicSearch","searchOpenDialogs":true,"interaction":{"idSuffix":"I"}},"clearTextFirst":true,"interactionType":"ENTER_TEXT"}]}
RESULT: {"script":"<script> [776 bytes]","args":[{"enterText":"WdIOR2cEquipt3lve","selector":{"id":"application-managehandovers-display-component---AddNewHO--smartFilterBar-btnBasicSearch","searchOpenDialogs":true,"interaction":{"idSuffix":"I"}},"clearTextFirst":true,"interactionType":"ENTER_TEXT"}]}
COMMAND: POST /session/b430664ae761cc419c9ed8ae7652b215/actions - {"actions":[{"id":"action14","type":"key","parameters":{},"actions":[{"type":"keyDown","value":"î€‡"},{"type":"pause","duration":10},{"type":"keyUp","value":"î€‡"}]}]}
RESULT: {"actions":[{"id":"action14","type":"key","parameters":{},"actions":[{"type":"keyDown","value":"î€‡"},{"type":"pause","duration":10},{"type":"keyUp","value":"î€‡"}]}]}
COMMAND: POST /session/b430664ae761cc419c9ed8ae7652b215/execute/async - {"script":"<script> [1562 bytes]","args":[{"selector":{"id":"application-managehandovers-display-component---AddNewHO--popup-sa","searchOpenDialogs":true,"interaction":{"idSuffix":"CbBg"}},"wdio_ui5_key":"applicationmanagehandovers-display-component---AddNewHO--popup-sa"}]}
COMMAND: GET /session/b430664ae761cc419c9ed8ae7652b215/screenshot - {}
RESULT: {"script":"<script> [1562 bytes]","args":[{"selector":{"id":"application-managehandovers-display-component---AddNewHO--popup-sa","searchOpenDialogs":true,"interaction":{"idSuffix":"CbBg"}},"wdio_ui5_key":"applicationmanagehandovers-display-component---AddNewHO--popup-sa"}]}
RESULT: undefined
COMMAND: POST /session/b430664ae761cc419c9ed8ae7652b215/element - {"using":"xpath","value":"//*[@id=\"application-managehandovers-display-component---AddNewHO--popup-sa\"]"}
RESULT: {}
RESULT: {"using":"xpath","value":"//*[@id=\"application-managehandovers-display-component---AddNewHO--popup-sa\"]"}
COMMAND: POST /session/b430664ae761cc419c9ed8ae7652b215/element/f.7C6B6118A7D0ED8090C3E8289D0DA550.d.3DE237E785C71628DB0402808C3F5792.e.3051/click - {}
RESULT: {}
COMMAND: GET /session/b430664ae761cc419c9ed8ae7652b215/screenshot - {}
RESULT: {}
COMMAND: POST /session/b430664ae761cc419c9ed8ae7652b215/element - {"using":"xpath","value":"//bdi[contains(text(), \"Select\")]"}
RESULT: {"using":"xpath","value":"//bdi[contains(text(), \"Select\")]"}
COMMAND: POST /session/b430664ae761cc419c9ed8ae7652b215/element/f.7C6B6118A7D0ED8090C3E8289D0DA550.d.3DE237E785C71628DB0402808C3F5792.e.3052/click - {}
RESULT: {}
COMMAND: GET /session/b430664ae761cc419c9ed8ae7652b215/screenshot - {}
RESULT: {}
COMMAND: POST /session/b430664ae761cc419c9ed8ae7652b215/element - {"using":"xpath","value":"//button[@data-kt=\"AddNewHOSaveButton\"]"}
RESULT: {"using":"xpath","value":"//button[@data-kt=\"AddNewHOSaveButton\"]"}
COMMAND: POST /session/b430664ae761cc419c9ed8ae7652b215/element/f.7C6B6118A7D0ED8090C3E8289D0DA550.d.3DE237E785C71628DB0402808C3F5792.e.3056/click - {}
RESULT: {}
COMMAND: GET /session/b430664ae761cc419c9ed8ae7652b215/screenshot - {}
RESULT: {}
COMMAND: POST /session/b430664ae761cc419c9ed8ae7652b215/execute/async - {"script":"<script> [1562 bytes]","args":[{"selector":{"id":"receiptDatePicker","viewName":"etm.portal.ui.managehandovers.view.DetailExecuteHO","interaction":{"idSuffix":"inner"}},"wdio_ui5_key":"receiptDatePickeretmportal.ui.managehandovers.view.DetailExecuteHO"}]}
RESULT: {"script":"<script> [1562 bytes]","args":[{"selector":{"id":"receiptDatePicker","viewName":"etm.portal.ui.managehandovers.view.DetailExecuteHO","interaction":{"idSuffix":"inner"}},"wdio_ui5_key":"receiptDatePickeretmportal.ui.managehandovers.view.DetailExecuteHO"}]}
RESULT: undefined
COMMAND: POST /session/b430664ae761cc419c9ed8ae7652b215/execute/async - {"script":"<script> [6424 bytes]","args":[{"element-6066-11e4-a52e-4f735466cecf":"f.7C6B6118A7D0ED8090C3E8289D0DA550.d.3DE237E785C71628DB0402808C3F5792.e.3092"},"setValue",["5/13/25"]]}
RESULT: {"script":"<script> [6424 bytes]","args":[{"element-6066-11e4-a52e-4f735466cecf":"f.7C6B6118A7D0ED8090C3E8289D0DA550.d.3DE237E785C71628DB0402808C3F5792.e.3092"},"setValue",["5/13/25"]]}
COMMAND: POST /session/b430664ae761cc419c9ed8ae7652b215/element - {"using":"xpath","value":"//button[@data-kt=\"PickingTableConfirmAllButton\"]"}
RESULT: {"using":"xpath","value":"//button[@data-kt=\"PickingTableConfirmAllButton\"]"}
COMMAND: POST /session/b430664ae761cc419c9ed8ae7652b215/element/f.7C6B6118A7D0ED8090C3E8289D0DA550.d.3DE237E785C71628DB0402808C3F5792.e.3108/click - {}
RESULT: {}
COMMAND: GET /session/b430664ae761cc419c9ed8ae7652b215/screenshot - {}
RESULT: {}
COMMAND: POST /session/b430664ae761cc419c9ed8ae7652b215/element - {"using":"xpath","value":"//bdi[contains(text(), \"OK\")]"}
RESULT: {"using":"xpath","value":"//bdi[contains(text(), \"OK\")]"}
COMMAND: POST /session/b430664ae761cc419c9ed8ae7652b215/element/f.7C6B6118A7D0ED8090C3E8289D0DA550.d.3DE237E785C71628DB0402808C3F5792.e.3110/click - {}
RESULT: {}
COMMAND: GET /session/b430664ae761cc419c9ed8ae7652b215/screenshot - {}
RESULT: {}
COMMAND: POST /session/b430664ae761cc419c9ed8ae7652b215/element - {"using":"xpath","value":"(//bdi[contains(text(), \"Receive\")])[2]"}
RESULT: {"using":"xpath","value":"(//bdi[contains(text(), \"Receive\")])[2]"}
COMMAND: POST /session/b430664ae761cc419c9ed8ae7652b215/element/f.7C6B6118A7D0ED8090C3E8289D0DA550.d.3DE237E785C71628DB0402808C3F5792.e.3112/click - {}
RESULT: {}
COMMAND: GET /session/b430664ae761cc419c9ed8ae7652b215/screenshot - {}
RESULT: {}
COMMAND: POST /session/b430664ae761cc419c9ed8ae7652b215/element - {"using":"css selector","value":"#shell-header-logo"}
RESULT: {"using":"css selector","value":"#shell-header-logo"}
COMMAND: POST /session/b430664ae761cc419c9ed8ae7652b215/element/f.7C6B6118A7D0ED8090C3E8289D0DA550.d.3DE237E785C71628DB0402808C3F5792.e.2533/click - {}
RESULT: {}
]]></system-out>
    </testcase>
    <testcase classname="chrome.136_0_7103_49.windows.Verify_RU_inventory_split_cost_information_US139363" name="Should navigate to RU inventory and add the resource to the contract" time="84.422">
      <system-out><![CDATA[
COMMAND: POST /session/b430664ae761cc419c9ed8ae7652b215/execute/async - {"script":"<script> [1562 bytes]","args":[{"selector":{"controlType":"sap.m.GenericTile","properties":{"header":"RU Inventory List"}},"wdio_ui5_key":"sapm.GenericTile{\"header\":\"RU Inventory List\"}"}]}
COMMAND: GET /session/b430664ae761cc419c9ed8ae7652b215/screenshot - {}
RESULT: {"script":"<script> [1562 bytes]","args":[{"selector":{"controlType":"sap.m.GenericTile","properties":{"header":"RU Inventory List"}},"wdio_ui5_key":"sapm.GenericTile{\"header\":\"RU Inventory List\"}"}]}
RESULT: undefined
COMMAND: POST /session/b430664ae761cc419c9ed8ae7652b215/element - {"using":"xpath","value":"//*[@id=\"__tile99\"]"}
RESULT: {}
RESULT: {"using":"xpath","value":"//*[@id=\"__tile99\"]"}
COMMAND: POST /session/b430664ae761cc419c9ed8ae7652b215/element/f.7C6B6118A7D0ED8090C3E8289D0DA550.d.3DE237E785C71628DB0402808C3F5792.e.3256/click - {}
RESULT: {}
COMMAND: GET /session/b430664ae761cc419c9ed8ae7652b215/screenshot - {}
RESULT: {}
COMMAND: POST /session/b430664ae761cc419c9ed8ae7652b215/elements - {"using":"xpath","value":"//span[text()='Error']"}
RESULT: {"using":"xpath","value":"//span[text()='Error']"}
COMMAND: POST /session/b430664ae761cc419c9ed8ae7652b215/execute/async - {"script":"<script> [1562 bytes]","args":[{"selector":{"id":"application-ruinventorylist-display-component---Master--smartFilterBar-btnBasicSearch","interaction":{"idSuffix":"I"}},"wdio_ui5_key":"applicationruinventorylist-display-component---Master--smartFilterBar-btnBasicSearch"}]}
RESULT: {"script":"<script> [1562 bytes]","args":[{"selector":{"id":"application-ruinventorylist-display-component---Master--smartFilterBar-btnBasicSearch","interaction":{"idSuffix":"I"}},"wdio_ui5_key":"applicationruinventorylist-display-component---Master--smartFilterBar-btnBasicSearch"}]}
RESULT: undefined
COMMAND: POST /session/b430664ae761cc419c9ed8ae7652b215/execute/async - {"script":"<script> [776 bytes]","args":[{"enterText":"WdIOR2cEquipt3lve","selector":{"id":"application-ruinventorylist-display-component---Master--smartFilterBar-btnBasicSearch","interaction":{"idSuffix":"I"}},"clearTextFirst":true,"interactionType":"ENTER_TEXT"}]}
RESULT: {"script":"<script> [776 bytes]","args":[{"enterText":"WdIOR2cEquipt3lve","selector":{"id":"application-ruinventorylist-display-component---Master--smartFilterBar-btnBasicSearch","interaction":{"idSuffix":"I"}},"clearTextFirst":true,"interactionType":"ENTER_TEXT"}]}
COMMAND: POST /session/b430664ae761cc419c9ed8ae7652b215/actions - {"actions":[{"id":"action15","type":"key","parameters":{},"actions":[{"type":"keyDown","value":"î€‡"},{"type":"pause","duration":10},{"type":"keyUp","value":"î€‡"}]}]}
RESULT: {"actions":[{"id":"action15","type":"key","parameters":{},"actions":[{"type":"keyDown","value":"î€‡"},{"type":"pause","duration":10},{"type":"keyUp","value":"î€‡"}]}]}
COMMAND: GET /session/b430664ae761cc419c9ed8ae7652b215/screenshot - {}
RESULT: {}
COMMAND: POST /session/b430664ae761cc419c9ed8ae7652b215/execute/async - {"script":"<script> [1562 bytes]","args":[{"selector":{"id":"application-ruinventorylist-display-component---Master--smartTableRuInventoryList-header"},"wdio_ui5_key":"applicationruinventorylist-display-component---Master--smartTableRuInventoryList-header"}]}
RESULT: {"script":"<script> [1562 bytes]","args":[{"selector":{"id":"application-ruinventorylist-display-component---Master--smartTableRuInventoryList-header"},"wdio_ui5_key":"applicationruinventorylist-display-component---Master--smartTableRuInventoryList-header"}]}
RESULT: undefined
COMMAND: POST /session/b430664ae761cc419c9ed8ae7652b215/execute/async - {"script":"<script> [6424 bytes]","args":[{"element-6066-11e4-a52e-4f735466cecf":"f.7C6B6118A7D0ED8090C3E8289D0DA550.d.3DE237E785C71628DB0402808C3F5792.e.3467"},"getText",[]]}
RESULT: {"script":"<script> [6424 bytes]","args":[{"element-6066-11e4-a52e-4f735466cecf":"f.7C6B6118A7D0ED8090C3E8289D0DA550.d.3DE237E785C71628DB0402808C3F5792.e.3467"},"getText",[]]}
COMMAND: POST /session/b430664ae761cc419c9ed8ae7652b215/execute/async - {"script":"<script> [1562 bytes]","args":[{"selector":{"id":"application-ruinventorylist-display-component---Master--createContractItemsBtn-img"},"wdio_ui5_key":"applicationruinventorylist-display-component---Master--createContractItemsBtn-img"}]}
RESULT: {"script":"<script> [1562 bytes]","args":[{"selector":{"id":"application-ruinventorylist-display-component---Master--createContractItemsBtn-img"},"wdio_ui5_key":"applicationruinventorylist-display-component---Master--createContractItemsBtn-img"}]}
RESULT: undefined
COMMAND: POST /session/b430664ae761cc419c9ed8ae7652b215/element - {"using":"xpath","value":"//*[@id=\"application-ruinventorylist-display-component---Master--createContractItemsBtn-img\"]"}
RESULT: {"using":"xpath","value":"//*[@id=\"application-ruinventorylist-display-component---Master--createContractItemsBtn-img\"]"}
COMMAND: POST /session/b430664ae761cc419c9ed8ae7652b215/element/f.7C6B6118A7D0ED8090C3E8289D0DA550.d.3DE237E785C71628DB0402808C3F5792.e.3329/click - {}
RESULT: {}
COMMAND: GET /session/b430664ae761cc419c9ed8ae7652b215/screenshot - {}
RESULT: {}
COMMAND: POST /session/b430664ae761cc419c9ed8ae7652b215/element - {"using":"xpath","value":"//div[contains(@id ,\"application-ruinventorylist-display-component---Master--tableRuInventoryList-sa-CbBg\")]"}
RESULT: {"using":"xpath","value":"//div[contains(@id ,\"application-ruinventorylist-display-component---Master--tableRuInventoryList-sa-CbBg\")]"}
COMMAND: POST /session/b430664ae761cc419c9ed8ae7652b215/element/f.7C6B6118A7D0ED8090C3E8289D0DA550.d.3DE237E785C71628DB0402808C3F5792.e.3476/click - {}
RESULT: {}
RESULT: undefined
COMMAND: POST /session/b430664ae761cc419c9ed8ae7652b215/element - {"using":"xpath","value":"//*[@id=\"application-ruinventorylist-display-component---Master--createContractItemsBtn-img\"]"}
COMMAND: GET /session/b430664ae761cc419c9ed8ae7652b215/screenshot - {}
RESULT: {"using":"xpath","value":"//*[@id=\"application-ruinventorylist-display-component---Master--createContractItemsBtn-img\"]"}
COMMAND: POST /session/b430664ae761cc419c9ed8ae7652b215/element/f.7C6B6118A7D0ED8090C3E8289D0DA550.d.3DE237E785C71628DB0402808C3F5792.e.3329/click - {}
RESULT: {}
RESULT: {}
COMMAND: GET /session/b430664ae761cc419c9ed8ae7652b215/screenshot - {}
RESULT: {}
COMMAND: POST /session/b430664ae761cc419c9ed8ae7652b215/element - {"using":"xpath","value":"//div[contains(@class ,\"sapMObjStatus sapMObjStatusError sapMObjStatusActive\")]"}
RESULT: {"using":"xpath","value":"//div[contains(@class ,\"sapMObjStatus sapMObjStatusError sapMObjStatusActive\")]"}
COMMAND: POST /session/b430664ae761cc419c9ed8ae7652b215/elements - {"using":"xpath","value":"//div[contains(@class ,\"sapMObjStatus sapMObjStatusError sapMObjStatusActive\")]"}
RESULT: {"using":"xpath","value":"//div[contains(@class ,\"sapMObjStatus sapMObjStatusError sapMObjStatusActive\")]"}
COMMAND: POST /session/b430664ae761cc419c9ed8ae7652b215/element - {"using":"xpath","value":"//input[contains(@id, \"application-ruinventorylist-display-component---Master--contractCb-inner\")]"}
RESULT: {"using":"xpath","value":"//input[contains(@id, \"application-ruinventorylist-display-component---Master--contractCb-inner\")]"}
COMMAND: POST /session/b430664ae761cc419c9ed8ae7652b215/element/f.7C6B6118A7D0ED8090C3E8289D0DA550.d.3DE237E785C71628DB0402808C3F5792.e.3479/clear - {}
RESULT: {}
COMMAND: POST /session/b430664ae761cc419c9ed8ae7652b215/element/f.7C6B6118A7D0ED8090C3E8289D0DA550.d.3DE237E785C71628DB0402808C3F5792.e.3479/value - {"text":"10134"}
COMMAND: GET /session/b430664ae761cc419c9ed8ae7652b215/screenshot - {}
RESULT: {"text":"10134"}
COMMAND: GET /session/b430664ae761cc419c9ed8ae7652b215/screenshot - {}
RESULT: {}
RESULT: {}
COMMAND: POST /session/b430664ae761cc419c9ed8ae7652b215/actions - {"actions":[{"id":"action16","type":"key","parameters":{},"actions":[{"type":"keyDown","value":"î€‡"},{"type":"pause","duration":10},{"type":"keyUp","value":"î€‡"}]}]}
RESULT: {"actions":[{"id":"action16","type":"key","parameters":{},"actions":[{"type":"keyDown","value":"î€‡"},{"type":"pause","duration":10},{"type":"keyUp","value":"î€‡"}]}]}
COMMAND: GET /session/b430664ae761cc419c9ed8ae7652b215/screenshot - {}
RESULT: {}
COMMAND: POST /session/b430664ae761cc419c9ed8ae7652b215/actions - {"actions":[{"id":"action17","type":"key","parameters":{},"actions":[{"type":"keyDown","value":"î€‡"},{"type":"pause","duration":10},{"type":"keyUp","value":"î€‡"}]}]}
RESULT: {"actions":[{"id":"action17","type":"key","parameters":{},"actions":[{"type":"keyDown","value":"î€‡"},{"type":"pause","duration":10},{"type":"keyUp","value":"î€‡"}]}]}
COMMAND: GET /session/b430664ae761cc419c9ed8ae7652b215/screenshot - {}
RESULT: {}
COMMAND: POST /session/b430664ae761cc419c9ed8ae7652b215/element - {"using":"xpath","value":"//input[contains(@id, \"application-ruinventorylist-display-component---Master--endDate-inner\")]"}
RESULT: {"using":"xpath","value":"//input[contains(@id, \"application-ruinventorylist-display-component---Master--endDate-inner\")]"}
COMMAND: POST /session/b430664ae761cc419c9ed8ae7652b215/element/f.7C6B6118A7D0ED8090C3E8289D0DA550.d.3DE237E785C71628DB0402808C3F5792.e.3482/clear - {}
RESULT: {}
COMMAND: POST /session/b430664ae761cc419c9ed8ae7652b215/element/f.7C6B6118A7D0ED8090C3E8289D0DA550.d.3DE237E785C71628DB0402808C3F5792.e.3482/value - {"text":"05/14/25"}
COMMAND: GET /session/b430664ae761cc419c9ed8ae7652b215/screenshot - {}
RESULT: {"text":"05/14/25"}
COMMAND: POST /session/b430664ae761cc419c9ed8ae7652b215/element - {"using":"xpath","value":"(//div[contains(@data-kt ,\"characteristicsObjectStatus\")])[2]"}
COMMAND: GET /session/b430664ae761cc419c9ed8ae7652b215/screenshot - {}
RESULT: {}
RESULT: {"using":"xpath","value":"(//div[contains(@data-kt ,\"characteristicsObjectStatus\")])[2]"}
COMMAND: POST /session/b430664ae761cc419c9ed8ae7652b215/element/f.7C6B6118A7D0ED8090C3E8289D0DA550.d.3DE237E785C71628DB0402808C3F5792.e.3496/click - {}
RESULT: {}
RESULT: {}
COMMAND: GET /session/b430664ae761cc419c9ed8ae7652b215/screenshot - {}
RESULT: {}
COMMAND: POST /session/b430664ae761cc419c9ed8ae7652b215/element - {"using":"xpath","value":"//span[contains(@id ,\"application-ruinventorylist-display-component---Master--addSplitCharacteristicsRowButton-img\")]"}
RESULT: {"using":"xpath","value":"//span[contains(@id ,\"application-ruinventorylist-display-component---Master--addSplitCharacteristicsRowButton-img\")]"}
COMMAND: POST /session/b430664ae761cc419c9ed8ae7652b215/element/f.7C6B6118A7D0ED8090C3E8289D0DA550.d.3DE237E785C71628DB0402808C3F5792.e.3500/click - {}
RESULT: {}
COMMAND: POST /session/b430664ae761cc419c9ed8ae7652b215/element - {"using":"xpath","value":"(//input[contains(@id ,\"application-ruinventorylist-display-component---Master--splitCharacteristicsTable-0-inner\")])[1]"}
COMMAND: GET /session/b430664ae761cc419c9ed8ae7652b215/screenshot - {}
RESULT: {"using":"xpath","value":"(//input[contains(@id ,\"application-ruinventorylist-display-component---Master--splitCharacteristicsTable-0-inner\")])[1]"}
COMMAND: POST /session/b430664ae761cc419c9ed8ae7652b215/element/f.7C6B6118A7D0ED8090C3E8289D0DA550.d.3DE237E785C71628DB0402808C3F5792.e.3502/clear - {}
RESULT: {}
RESULT: {}
COMMAND: POST /session/b430664ae761cc419c9ed8ae7652b215/element/f.7C6B6118A7D0ED8090C3E8289D0DA550.d.3DE237E785C71628DB0402808C3F5792.e.3502/value - {"text":"Cost Center"}
COMMAND: GET /session/b430664ae761cc419c9ed8ae7652b215/screenshot - {}
RESULT: {"text":"Cost Center"}
COMMAND: GET /session/b430664ae761cc419c9ed8ae7652b215/screenshot - {}
RESULT: {}
RESULT: {}
COMMAND: POST /session/b430664ae761cc419c9ed8ae7652b215/actions - {"actions":[{"id":"action18","type":"key","parameters":{},"actions":[{"type":"keyDown","value":"î€‡"},{"type":"pause","duration":10},{"type":"keyUp","value":"î€‡"}]}]}
RESULT: {"actions":[{"id":"action18","type":"key","parameters":{},"actions":[{"type":"keyDown","value":"î€‡"},{"type":"pause","duration":10},{"type":"keyUp","value":"î€‡"}]}]}
COMMAND: POST /session/b430664ae761cc419c9ed8ae7652b215/execute/async - {"script":"<script> [1562 bytes]","args":[{"selector":{"controlType":"sap.ui.core.Icon","viewName":"etm.portal.ui.ruinventorylist.view.Master","viewId":"application-ruinventorylist-display-component---Master","properties":{"src":{"regex":{"source":"value\\-help"}}},"searchOpenDialogs":true,"ancestor":{"controlType":"sap.m.ColumnListItem","viewName":"etm.portal.ui.ruinventorylist.view.Master","viewId":"application-ruinventorylist-display-component---Master","bindingPath":{"modelName":"additionalRequiredFields","path":"/currentCharacteristics/0"},"ancestor":{"id":"application-ruinventorylist-display-component---Master--splitCharacteristicsTable","searchOpenDialogs":true}}},"wdio_ui5_key":"etmportal.ui.ruinventorylist.view.Mastersap.ui.core.Icon{\"src\":{\"regex\":{\"source\":\"value\\\\-help\"}}}{\"controlType\":\"sap.m.ColumnListItem\",\"viewName\":\"etm.portal.ui.ruinventorylist.view.Master\",\"viewId\":\"application-ruinventorylist-display-component---Master\",\"bindingPath\":{\"modelName\":\"additionalRequiredFields\",\"path\":\"/currentCharacteristics/0\"},\"ancestor\":{\"id\":\"application-ruinventorylist-display-component---Master--splitCharacteristicsTable\",\"searchOpenDialogs\":true}}"}]}
COMMAND: GET /session/b430664ae761cc419c9ed8ae7652b215/screenshot - {}
RESULT: {"script":"<script> [1562 bytes]","args":[{"selector":{"controlType":"sap.ui.core.Icon","viewName":"etm.portal.ui.ruinventorylist.view.Master","viewId":"application-ruinventorylist-display-component---Master","properties":{"src":{"regex":{"source":"value\\-help"}}},"searchOpenDialogs":true,"ancestor":{"controlType":"sap.m.ColumnListItem","viewName":"etm.portal.ui.ruinventorylist.view.Master","viewId":"application-ruinventorylist-display-component---Master","bindingPath":{"modelName":"additionalRequiredFields","path":"/currentCharacteristics/0"},"ancestor":{"id":"application-ruinventorylist-display-component---Master--splitCharacteristicsTable","searchOpenDialogs":true}}},"wdio_ui5_key":"etmportal.ui.ruinventorylist.view.Mastersap.ui.core.Icon{\"src\":{\"regex\":{\"source\":\"value\\\\-help\"}}}{\"controlType\":\"sap.m.ColumnListItem\",\"viewName\":\"etm.portal.ui.ruinventorylist.view.Master\",\"viewId\":\"application-ruinventorylist-display-component---Master\",\"bindingPath\":{\"modelName\":\"additionalRequiredFields\",\"path\":\"/currentCharacteristics/0\"},\"ancestor\":{\"id\":\"application-ruinventorylist-display-component---Master--splitCharacteristicsTable\",\"searchOpenDialogs\":true}}"}]}
RESULT: undefined
COMMAND: POST /session/b430664ae761cc419c9ed8ae7652b215/element - {"using":"xpath","value":"//*[@id=\"__help4-application-ruinventorylist-display-component---Master--splitCharacteristicsTable-0-vhi\"]"}
RESULT: {}
RESULT: {"using":"xpath","value":"//*[@id=\"__help4-application-ruinventorylist-display-component---Master--splitCharacteristicsTable-0-vhi\"]"}
COMMAND: POST /session/b430664ae761cc419c9ed8ae7652b215/element/f.7C6B6118A7D0ED8090C3E8289D0DA550.d.3DE237E785C71628DB0402808C3F5792.e.3510/click - {}
RESULT: {}
COMMAND: POST /session/b430664ae761cc419c9ed8ae7652b215/element - {"using":"xpath","value":"(//input[contains(@aria-label ,\"Search\")])[1]"}
COMMAND: GET /session/b430664ae761cc419c9ed8ae7652b215/screenshot - {}
RESULT: {"using":"xpath","value":"(//input[contains(@aria-label ,\"Search\")])[1]"}
COMMAND: POST /session/b430664ae761cc419c9ed8ae7652b215/element/f.7C6B6118A7D0ED8090C3E8289D0DA550.d.3DE237E785C71628DB0402808C3F5792.e.3513/clear - {}
RESULT: {}
RESULT: {}
COMMAND: POST /session/b430664ae761cc419c9ed8ae7652b215/element/f.7C6B6118A7D0ED8090C3E8289D0DA550.d.3DE237E785C71628DB0402808C3F5792.e.3513/value - {"text":"10001010"}
COMMAND: GET /session/b430664ae761cc419c9ed8ae7652b215/screenshot - {}
RESULT: {"text":"10001010"}
COMMAND: POST /session/b430664ae761cc419c9ed8ae7652b215/actions - {"actions":[{"id":"action19","type":"key","parameters":{},"actions":[{"type":"keyDown","value":"î€‡"},{"type":"pause","duration":10},{"type":"keyUp","value":"î€‡"}]}]}
COMMAND: GET /session/b430664ae761cc419c9ed8ae7652b215/screenshot - {}
RESULT: {}
RESULT: {"actions":[{"id":"action19","type":"key","parameters":{},"actions":[{"type":"keyDown","value":"î€‡"},{"type":"pause","duration":10},{"type":"keyUp","value":"î€‡"}]}]}
COMMAND: GET /session/b430664ae761cc419c9ed8ae7652b215/screenshot - {}
RESULT: {}
RESULT: {}
COMMAND: POST /session/b430664ae761cc419c9ed8ae7652b215/element - {"using":"xpath","value":"(//span[contains(text(), \"Purchasing\")])[1]"}
RESULT: {"using":"xpath","value":"(//span[contains(text(), \"Purchasing\")])[1]"}
COMMAND: POST /session/b430664ae761cc419c9ed8ae7652b215/element/f.7C6B6118A7D0ED8090C3E8289D0DA550.d.3DE237E785C71628DB0402808C3F5792.e.3549/click - {}
RESULT: {}
COMMAND: GET /session/b430664ae761cc419c9ed8ae7652b215/screenshot - {}
RESULT: {}
COMMAND: POST /session/b430664ae761cc419c9ed8ae7652b215/element - {"using":"xpath","value":"//span[contains(@id ,\"ok-content\")]"}
RESULT: {"using":"xpath","value":"//span[contains(@id ,\"ok-content\")]"}
COMMAND: POST /session/b430664ae761cc419c9ed8ae7652b215/element/f.7C6B6118A7D0ED8090C3E8289D0DA550.d.3DE237E785C71628DB0402808C3F5792.e.3550/click - {}
RESULT: {}
COMMAND: GET /session/b430664ae761cc419c9ed8ae7652b215/screenshot - {}
RESULT: {}
COMMAND: POST /session/b430664ae761cc419c9ed8ae7652b215/element - {"using":"xpath","value":"//bdi[contains(text(), \"Save\")]"}
RESULT: {"using":"xpath","value":"//bdi[contains(text(), \"Save\")]"}
COMMAND: POST /session/b430664ae761cc419c9ed8ae7652b215/element/f.7C6B6118A7D0ED8090C3E8289D0DA550.d.3DE237E785C71628DB0402808C3F5792.e.3553/click - {}
RESULT: {}
COMMAND: GET /session/b430664ae761cc419c9ed8ae7652b215/screenshot - {}
RESULT: {}
COMMAND: POST /session/b430664ae761cc419c9ed8ae7652b215/element - {"using":"xpath","value":"//bdi[contains(text(), \"OK\")]"}
RESULT: {"using":"xpath","value":"//bdi[contains(text(), \"OK\")]"}
COMMAND: POST /session/b430664ae761cc419c9ed8ae7652b215/element/f.7C6B6118A7D0ED8090C3E8289D0DA550.d.3DE237E785C71628DB0402808C3F5792.e.3555/click - {}
RESULT: {}
COMMAND: GET /session/b430664ae761cc419c9ed8ae7652b215/screenshot - {}
RESULT: {}
COMMAND: POST /session/b430664ae761cc419c9ed8ae7652b215/actions - {"actions":[{"id":"action20","type":"key","parameters":{},"actions":[{"type":"keyDown","value":"î€‡"},{"type":"pause","duration":10},{"type":"keyUp","value":"î€‡"}]}]}
RESULT: {"actions":[{"id":"action20","type":"key","parameters":{},"actions":[{"type":"keyDown","value":"î€‡"},{"type":"pause","duration":10},{"type":"keyUp","value":"î€‡"}]}]}
COMMAND: GET /session/b430664ae761cc419c9ed8ae7652b215/screenshot - {}
RESULT: {}
COMMAND: POST /session/b430664ae761cc419c9ed8ae7652b215/execute/async - {"script":"<script> [1562 bytes]","args":[{"selector":{"controlType":"sap.m.Title","viewName":"etm.portal.ui.managecontracts.view.Detail","properties":{"text":"Contract Items (1)"}},"wdio_ui5_key":"etmportal.ui.managecontracts.view.Detailsap.m.Title{\"text\":\"Contract Items (1)\"}"}]}
RESULT: {"script":"<script> [1562 bytes]","args":[{"selector":{"controlType":"sap.m.Title","viewName":"etm.portal.ui.managecontracts.view.Detail","properties":{"text":"Contract Items (1)"}},"wdio_ui5_key":"etmportal.ui.managecontracts.view.Detailsap.m.Title{\"text\":\"Contract Items (1)\"}"}]}
RESULT: undefined
COMMAND: POST /session/b430664ae761cc419c9ed8ae7652b215/execute/async - {"script":"<script> [6424 bytes]","args":[{"element-6066-11e4-a52e-4f735466cecf":"f.7C6B6118A7D0ED8090C3E8289D0DA550.d.3DE237E785C71628DB0402808C3F5792.e.3786"},"getText",[]]}
RESULT: {"script":"<script> [6424 bytes]","args":[{"element-6066-11e4-a52e-4f735466cecf":"f.7C6B6118A7D0ED8090C3E8289D0DA550.d.3DE237E785C71628DB0402808C3F5792.e.3786"},"getText",[]]}
COMMAND: POST /session/b430664ae761cc419c9ed8ae7652b215/element - {"using":"xpath","value":"//div[contains(@data-kt ,\"characteristicsObjectStatus\")]"}
RESULT: {"using":"xpath","value":"//div[contains(@data-kt ,\"characteristicsObjectStatus\")]"}
COMMAND: POST /session/b430664ae761cc419c9ed8ae7652b215/element/f.7C6B6118A7D0ED8090C3E8289D0DA550.d.3DE237E785C71628DB0402808C3F5792.e.3787/click - {}
RESULT: {}
COMMAND: GET /session/b430664ae761cc419c9ed8ae7652b215/screenshot - {}
RESULT: {}
COMMAND: POST /session/b430664ae761cc419c9ed8ae7652b215/element - {"using":"xpath","value":"(//input[contains(@class ,\"sapMInputBaseInner sapMComboBoxInner\")])[2]"}
RESULT: {"using":"xpath","value":"(//input[contains(@class ,\"sapMInputBaseInner sapMComboBoxInner\")])[2]"}
COMMAND: GET /session/b430664ae761cc419c9ed8ae7652b215/element/f.7C6B6118A7D0ED8090C3E8289D0DA550.d.3DE237E785C71628DB0402808C3F5792.e.3793/property/value - {}
RESULT: {}
COMMAND: POST /session/b430664ae761cc419c9ed8ae7652b215/element - {"using":"xpath","value":"//span[contains(text(), \"Input (10001010) 10001010 - Purchasing\")]"}
COMMAND: GET /session/b430664ae761cc419c9ed8ae7652b215/screenshot - {}
RESULT: {"using":"xpath","value":"//span[contains(text(), \"Input (10001010) 10001010 - Purchasing\")]"}
COMMAND: POST /session/b430664ae761cc419c9ed8ae7652b215/elements - {"using":"xpath","value":"//span[contains(text(), \"Input (10001010) 10001010 - Purchasing\")]"}
RESULT: {}
RESULT: {"using":"xpath","value":"//span[contains(text(), \"Input (10001010) 10001010 - Purchasing\")]"}
COMMAND: POST /session/b430664ae761cc419c9ed8ae7652b215/elements - {"using":"xpath","value":"//span[contains(text(), \"Input (10001010) 10001010 - Purchasing\")]"}
RESULT: {"using":"xpath","value":"//span[contains(text(), \"Input (10001010) 10001010 - Purchasing\")]"}
COMMAND: POST /session/b430664ae761cc419c9ed8ae7652b215/elements - {"using":"xpath","value":"//span[contains(text(), \"Input (10001010) 10001010 - Purchasing\")]"}
RESULT: {"using":"xpath","value":"//span[contains(text(), \"Input (10001010) 10001010 - Purchasing\")]"}
COMMAND: POST /session/b430664ae761cc419c9ed8ae7652b215/elements - {"using":"xpath","value":"//span[contains(text(), \"Input (10001010) 10001010 - Purchasing\")]"}
RESULT: {"using":"xpath","value":"//span[contains(text(), \"Input (10001010) 10001010 - Purchasing\")]"}
COMMAND: POST /session/b430664ae761cc419c9ed8ae7652b215/elements - {"using":"xpath","value":"//span[contains(text(), \"Input (10001010) 10001010 - Purchasing\")]"}
RESULT: {"using":"xpath","value":"//span[contains(text(), \"Input (10001010) 10001010 - Purchasing\")]"}
COMMAND: POST /session/b430664ae761cc419c9ed8ae7652b215/elements - {"using":"xpath","value":"//span[contains(text(), \"Input (10001010) 10001010 - Purchasing\")]"}
RESULT: {"using":"xpath","value":"//span[contains(text(), \"Input (10001010) 10001010 - Purchasing\")]"}
COMMAND: POST /session/b430664ae761cc419c9ed8ae7652b215/elements - {"using":"xpath","value":"//span[contains(text(), \"Input (10001010) 10001010 - Purchasing\")]"}
RESULT: {"using":"xpath","value":"//span[contains(text(), \"Input (10001010) 10001010 - Purchasing\")]"}
COMMAND: POST /session/b430664ae761cc419c9ed8ae7652b215/elements - {"using":"xpath","value":"//span[contains(text(), \"Input (10001010) 10001010 - Purchasing\")]"}
RESULT: {"using":"xpath","value":"//span[contains(text(), \"Input (10001010) 10001010 - Purchasing\")]"}
COMMAND: POST /session/b430664ae761cc419c9ed8ae7652b215/elements - {"using":"xpath","value":"//span[contains(text(), \"Input (10001010) 10001010 - Purchasing\")]"}
RESULT: {"using":"xpath","value":"//span[contains(text(), \"Input (10001010) 10001010 - Purchasing\")]"}
COMMAND: POST /session/b430664ae761cc419c9ed8ae7652b215/elements - {"using":"xpath","value":"//span[contains(text(), \"Input (10001010) 10001010 - Purchasing\")]"}
RESULT: {"using":"xpath","value":"//span[contains(text(), \"Input (10001010) 10001010 - Purchasing\")]"}
COMMAND: POST /session/b430664ae761cc419c9ed8ae7652b215/elements - {"using":"xpath","value":"//span[contains(text(), \"Input (10001010) 10001010 - Purchasing\")]"}
RESULT: {"using":"xpath","value":"//span[contains(text(), \"Input (10001010) 10001010 - Purchasing\")]"}
COMMAND: POST /session/b430664ae761cc419c9ed8ae7652b215/elements - {"using":"xpath","value":"//span[contains(text(), \"Input (10001010) 10001010 - Purchasing\")]"}
RESULT: {"using":"xpath","value":"//span[contains(text(), \"Input (10001010) 10001010 - Purchasing\")]"}
COMMAND: POST /session/b430664ae761cc419c9ed8ae7652b215/elements - {"using":"xpath","value":"//span[contains(text(), \"Input (10001010) 10001010 - Purchasing\")]"}
RESULT: {"using":"xpath","value":"//span[contains(text(), \"Input (10001010) 10001010 - Purchasing\")]"}
COMMAND: POST /session/b430664ae761cc419c9ed8ae7652b215/elements - {"using":"xpath","value":"//span[contains(text(), \"Input (10001010) 10001010 - Purchasing\")]"}
RESULT: {"using":"xpath","value":"//span[contains(text(), \"Input (10001010) 10001010 - Purchasing\")]"}
COMMAND: POST /session/b430664ae761cc419c9ed8ae7652b215/elements - {"using":"xpath","value":"//span[contains(text(), \"Input (10001010) 10001010 - Purchasing\")]"}
RESULT: {"using":"xpath","value":"//span[contains(text(), \"Input (10001010) 10001010 - Purchasing\")]"}
COMMAND: POST /session/b430664ae761cc419c9ed8ae7652b215/elements - {"using":"xpath","value":"//span[contains(text(), \"Input (10001010) 10001010 - Purchasing\")]"}
RESULT: {"using":"xpath","value":"//span[contains(text(), \"Input (10001010) 10001010 - Purchasing\")]"}
COMMAND: POST /session/b430664ae761cc419c9ed8ae7652b215/elements - {"using":"xpath","value":"//span[contains(text(), \"Input (10001010) 10001010 - Purchasing\")]"}
RESULT: {"using":"xpath","value":"//span[contains(text(), \"Input (10001010) 10001010 - Purchasing\")]"}
COMMAND: POST /session/b430664ae761cc419c9ed8ae7652b215/elements - {"using":"xpath","value":"//span[contains(text(), \"Input (10001010) 10001010 - Purchasing\")]"}
RESULT: {"using":"xpath","value":"//span[contains(text(), \"Input (10001010) 10001010 - Purchasing\")]"}
COMMAND: POST /session/b430664ae761cc419c9ed8ae7652b215/elements - {"using":"xpath","value":"//span[contains(text(), \"Input (10001010) 10001010 - Purchasing\")]"}
COMMAND: DELETE /session/b430664ae761cc419c9ed8ae7652b215 - {}
RESULT: {"using":"xpath","value":"//span[contains(text(), \"Input (10001010) 10001010 - Purchasing\")]"}
RESULT: {}
]]></system-out>
    </testcase>
  </testsuite>
</testsuites>