<?xml version="1.0" encoding="UTF-8"?>
<testsuites tests="24" failures="2" errors="2" skipped="0">
  <testsuite timestamp="2025-04-25T15:36:45" time="560.909" tests="5" failures="0" errors="0" skipped="0">
    <properties>
      <property name="specId" value="0" />
      <property name="suiteName" value="Manage Requests Tags Tests US120163" />
      <property name="capabilities" value="chrome.135_0_7049_96.windows" />
      <property name="file" value="file:///D:/a/1/s/test/specs/R2C/create-request-Tags.spec.js" />
    </properties>
    <testcase classname="chrome.135_0_7049_96.windows.Manage_Requests_Tags_Tests_US120163" name="Should create a new yard" time="117.836">
      <system-out><![CDATA[
COMMAND: POST /session/df7e3af810ab6d6da1a176f6e8533552/execute/async - {"script":"<script> [1562 bytes]","args":[{"selector":{"controlType":"sap.m.GenericTile","properties":{"header":"Manage Yards"}},"wdio_ui5_key":"sapm.GenericTile{\"header\":\"Manage Yards\"}"}]}
RESULT: {"script":"<script> [1562 bytes]","args":[{"selector":{"controlType":"sap.m.GenericTile","properties":{"header":"Manage Yards"}},"wdio_ui5_key":"sapm.GenericTile{\"header\":\"Manage Yards\"}"}]}
RESULT: undefined
COMMAND: POST /session/df7e3af810ab6d6da1a176f6e8533552/element - {"using":"xpath","value":"//*[@id=\"__tile41\"]"}
RESULT: {"using":"xpath","value":"//*[@id=\"__tile41\"]"}
COMMAND: POST /session/df7e3af810ab6d6da1a176f6e8533552/element/f.CC9B589A9DA2186238667A9749121406.d.98C0C858A2AD770B626837C2A8A9577A.e.113/click - {}
RESULT: {}
COMMAND: GET /session/df7e3af810ab6d6da1a176f6e8533552/screenshot - {}
RESULT: {}
COMMAND: POST /session/df7e3af810ab6d6da1a176f6e8533552/execute/async - {"script":"<script> [1562 bytes]","args":[{"selector":{"controlType":"sap.ui.core.Icon","viewName":"etm.portal.ui.manageyards.view.Master","viewId":"application-manageyards-display-component---masterYard","properties":{"src":{"regex":{"source":"add"}}}},"wdio_ui5_key":"etmportal.ui.manageyards.view.Mastersap.ui.core.Icon{\"src\":{\"regex\":{\"source\":\"add\"}}}"}]}
RESULT: {"script":"<script> [1562 bytes]","args":[{"selector":{"controlType":"sap.ui.core.Icon","viewName":"etm.portal.ui.manageyards.view.Master","viewId":"application-manageyards-display-component---masterYard","properties":{"src":{"regex":{"source":"add"}}}},"wdio_ui5_key":"etmportal.ui.manageyards.view.Mastersap.ui.core.Icon{\"src\":{\"regex\":{\"source\":\"add\"}}}"}]}
RESULT: undefined
COMMAND: POST /session/df7e3af810ab6d6da1a176f6e8533552/element - {"using":"xpath","value":"//*[@id=\"__button4-img\"]"}
RESULT: {"using":"xpath","value":"//*[@id=\"__button4-img\"]"}
COMMAND: POST /session/df7e3af810ab6d6da1a176f6e8533552/element/f.CC9B589A9DA2186238667A9749121406.d.98C0C858A2AD770B626837C2A8A9577A.e.160/click - {}
RESULT: {}
COMMAND: GET /session/df7e3af810ab6d6da1a176f6e8533552/screenshot - {}
RESULT: {}
COMMAND: POST /session/df7e3af810ab6d6da1a176f6e8533552/execute/async - {"script":"<script> [1562 bytes]","args":[{"selector":{"id":"application-manageyards-display-component---NewYard--yardId","interaction":{"idSuffix":"inner"}},"wdio_ui5_key":"applicationmanageyards-display-component---NewYard--yardId"}]}
RESULT: {"script":"<script> [1562 bytes]","args":[{"selector":{"id":"application-manageyards-display-component---NewYard--yardId","interaction":{"idSuffix":"inner"}},"wdio_ui5_key":"applicationmanageyards-display-component---NewYard--yardId"}]}
RESULT: undefined
COMMAND: POST /session/df7e3af810ab6d6da1a176f6e8533552/element - {"using":"xpath","value":"//*[@id=\"application-manageyards-display-component---NewYard--addressDetailDetailsName1-inner\"]"}
RESULT: {"using":"xpath","value":"//*[@id=\"application-manageyards-display-component---NewYard--addressDetailDetailsName1-inner\"]"}
COMMAND: POST /session/df7e3af810ab6d6da1a176f6e8533552/element/f.CC9B589A9DA2186238667A9749121406.d.98C0C858A2AD770B626837C2A8A9577A.e.374/clear - {}
RESULT: {}
COMMAND: POST /session/df7e3af810ab6d6da1a176f6e8533552/element/f.CC9B589A9DA2186238667A9749121406.d.98C0C858A2AD770B626837C2A8A9577A.e.374/value - {"text":"WebdriverYardq4bzeg"}
COMMAND: GET /session/df7e3af810ab6d6da1a176f6e8533552/screenshot - {}
RESULT: {"text":"WebdriverYardq4bzeg"}
COMMAND: POST /session/df7e3af810ab6d6da1a176f6e8533552/element - {"using":"xpath","value":"//*[@id=\"application-manageyards-display-component---NewYard--addressDetailDetailsLanguage-inner\"]"}
COMMAND: GET /session/df7e3af810ab6d6da1a176f6e8533552/screenshot - {}
RESULT: {}
RESULT: {"using":"xpath","value":"//*[@id=\"application-manageyards-display-component---NewYard--addressDetailDetailsLanguage-inner\"]"}
COMMAND: POST /session/df7e3af810ab6d6da1a176f6e8533552/element/f.CC9B589A9DA2186238667A9749121406.d.98C0C858A2AD770B626837C2A8A9577A.e.375/clear - {}
RESULT: {}
RESULT: {}
COMMAND: POST /session/df7e3af810ab6d6da1a176f6e8533552/element/f.CC9B589A9DA2186238667A9749121406.d.98C0C858A2AD770B626837C2A8A9577A.e.375/value - {"text":"Romanian"}
COMMAND: GET /session/df7e3af810ab6d6da1a176f6e8533552/screenshot - {}
RESULT: {"text":"Romanian"}
COMMAND: POST /session/df7e3af810ab6d6da1a176f6e8533552/element - {"using":"xpath","value":"//input[contains(@id ,\"application-manageyards-display-component---NewYard--addressDetailDetailsName1-inner\")]"}
COMMAND: GET /session/df7e3af810ab6d6da1a176f6e8533552/screenshot - {}
RESULT: {}
RESULT: {"using":"xpath","value":"//input[contains(@id ,\"application-manageyards-display-component---NewYard--addressDetailDetailsName1-inner\")]"}
COMMAND: GET /session/df7e3af810ab6d6da1a176f6e8533552/element/f.CC9B589A9DA2186238667A9749121406.d.98C0C858A2AD770B626837C2A8A9577A.e.374/property/value - {}
RESULT: {}
RESULT: {}
COMMAND: GET /session/df7e3af810ab6d6da1a176f6e8533552/screenshot - {}
RESULT: {}
COMMAND: POST /session/df7e3af810ab6d6da1a176f6e8533552/element - {"using":"xpath","value":"//*[@id=\"application-manageyards-display-component---NewYard--addressDetailDetailsCity1-inner\"]"}
RESULT: {"using":"xpath","value":"//*[@id=\"application-manageyards-display-component---NewYard--addressDetailDetailsCity1-inner\"]"}
COMMAND: POST /session/df7e3af810ab6d6da1a176f6e8533552/element/f.CC9B589A9DA2186238667A9749121406.d.98C0C858A2AD770B626837C2A8A9577A.e.377/clear - {}
RESULT: {}
COMMAND: POST /session/df7e3af810ab6d6da1a176f6e8533552/element/f.CC9B589A9DA2186238667A9749121406.d.98C0C858A2AD770B626837C2A8A9577A.e.377/value - {"text":"Bucuresti"}
COMMAND: GET /session/df7e3af810ab6d6da1a176f6e8533552/screenshot - {}
RESULT: {"text":"Bucuresti"}
COMMAND: GET /session/df7e3af810ab6d6da1a176f6e8533552/screenshot - {}
RESULT: {}
RESULT: {}
COMMAND: POST /session/df7e3af810ab6d6da1a176f6e8533552/element - {"using":"xpath","value":"//*[@id=\"application-manageyards-display-component---NewYard--addressDetailDetailsCountry-inner\"]"}
RESULT: {"using":"xpath","value":"//*[@id=\"application-manageyards-display-component---NewYard--addressDetailDetailsCountry-inner\"]"}
COMMAND: POST /session/df7e3af810ab6d6da1a176f6e8533552/element/f.CC9B589A9DA2186238667A9749121406.d.98C0C858A2AD770B626837C2A8A9577A.e.381/clear - {}
RESULT: {}
COMMAND: POST /session/df7e3af810ab6d6da1a176f6e8533552/element/f.CC9B589A9DA2186238667A9749121406.d.98C0C858A2AD770B626837C2A8A9577A.e.381/value - {"text":"Romania"}
COMMAND: GET /session/df7e3af810ab6d6da1a176f6e8533552/screenshot - {}
RESULT: {"text":"Romania"}
COMMAND: GET /session/df7e3af810ab6d6da1a176f6e8533552/screenshot - {}
RESULT: {}
RESULT: {}
COMMAND: POST /session/df7e3af810ab6d6da1a176f6e8533552/element - {"using":"xpath","value":"//div[contains(text(), \"Commercial\")]"}
RESULT: {"using":"xpath","value":"//div[contains(text(), \"Commercial\")]"}
COMMAND: GET /session/df7e3af810ab6d6da1a176f6e8533552/element/f.CC9B589A9DA2186238667A9749121406.d.98C0C858A2AD770B626837C2A8A9577A.e.571/rect - {}
RESULT: {}
COMMAND: GET /session/df7e3af810ab6d6da1a176f6e8533552/window/rect - {}
RESULT: {}
COMMAND: POST /session/df7e3af810ab6d6da1a176f6e8533552/execute/sync - {"script":"<script> [92 bytes]","args":[]}
RESULT: {"script":"<script> [92 bytes]","args":[]}
COMMAND: POST /session/df7e3af810ab6d6da1a176f6e8533552/actions - {"actions":[{"id":"action1","type":"wheel","parameters":{},"actions":[{"type":"scroll","x":-1841,"y":-44,"deltaX":0,"deltaY":0,"duration":0,"origin":{"element-6066-11e4-a52e-4f735466cecf":"f.CC9B589A9DA2186238667A9749121406.d.98C0C858A2AD770B626837C2A8A9577A.e.571"}}]}]}
COMMAND: GET /session/df7e3af810ab6d6da1a176f6e8533552/screenshot - {}
RESULT: {}
COMMAND: POST /session/df7e3af810ab6d6da1a176f6e8533552/execute/sync - {"script":"<script> [79 bytes]","args":[{"element-6066-11e4-a52e-4f735466cecf":"f.CC9B589A9DA2186238667A9749121406.d.98C0C858A2AD770B626837C2A8A9577A.e.571","ELEMENT":"f.CC9B589A9DA2186238667A9749121406.d.98C0C858A2AD770B626837C2A8A9577A.e.571"},{"block":"start","inline":"nearest"}]}
RESULT: {"script":"<script> [79 bytes]","args":[{"element-6066-11e4-a52e-4f735466cecf":"f.CC9B589A9DA2186238667A9749121406.d.98C0C858A2AD770B626837C2A8A9577A.e.571","ELEMENT":"f.CC9B589A9DA2186238667A9749121406.d.98C0C858A2AD770B626837C2A8A9577A.e.571"},{"block":"start","inline":"nearest"}]}
COMMAND: GET /session/df7e3af810ab6d6da1a176f6e8533552/screenshot - {}
RESULT: {}
COMMAND: POST /session/df7e3af810ab6d6da1a176f6e8533552/execute/async - {"script":"<script> [1562 bytes]","args":[{"selector":{"id":"application-manageyards-display-component---NewYard--addressEditDetailsCostObjectCstType-arrow"},"wdio_ui5_key":"applicationmanageyards-display-component---NewYard--addressEditDetailsCostObjectCstType-arrow"}]}
RESULT: {"script":"<script> [1562 bytes]","args":[{"selector":{"id":"application-manageyards-display-component---NewYard--addressEditDetailsCostObjectCstType-arrow"},"wdio_ui5_key":"applicationmanageyards-display-component---NewYard--addressEditDetailsCostObjectCstType-arrow"}]}
RESULT: undefined
COMMAND: POST /session/df7e3af810ab6d6da1a176f6e8533552/element - {"using":"xpath","value":"//*[@id=\"application-manageyards-display-component---NewYard--addressEditDetailsCostObjectCstType-arrow\"]"}
RESULT: {"using":"xpath","value":"//*[@id=\"application-manageyards-display-component---NewYard--addressEditDetailsCostObjectCstType-arrow\"]"}
COMMAND: POST /session/df7e3af810ab6d6da1a176f6e8533552/element/f.CC9B589A9DA2186238667A9749121406.d.98C0C858A2AD770B626837C2A8A9577A.e.579/click - {}
RESULT: {}
COMMAND: POST /session/df7e3af810ab6d6da1a176f6e8533552/element - {"using":"xpath","value":"//span[contains(text(), \"Cost Center\")]"}
COMMAND: GET /session/df7e3af810ab6d6da1a176f6e8533552/screenshot - {}
RESULT: {"using":"xpath","value":"//span[contains(text(), \"Cost Center\")]"}
COMMAND: POST /session/df7e3af810ab6d6da1a176f6e8533552/element/f.CC9B589A9DA2186238667A9749121406.d.98C0C858A2AD770B626837C2A8A9577A.e.581/click - {}
RESULT: {}
RESULT: {}
COMMAND: GET /session/df7e3af810ab6d6da1a176f6e8533552/screenshot - {}
RESULT: {}
COMMAND: POST /session/df7e3af810ab6d6da1a176f6e8533552/execute/async - {"script":"<script> [1562 bytes]","args":[{"selector":{"id":"application-manageyards-display-component---NewYard--addressNewCostObjectCstID-vhi"},"wdio_ui5_key":"applicationmanageyards-display-component---NewYard--addressNewCostObjectCstID-vhi"}]}
RESULT: {"script":"<script> [1562 bytes]","args":[{"selector":{"id":"application-manageyards-display-component---NewYard--addressNewCostObjectCstID-vhi"},"wdio_ui5_key":"applicationmanageyards-display-component---NewYard--addressNewCostObjectCstID-vhi"}]}
RESULT: undefined
COMMAND: POST /session/df7e3af810ab6d6da1a176f6e8533552/element - {"using":"xpath","value":"//*[@id=\"application-manageyards-display-component---NewYard--addressNewCostObjectCstID-vhi\"]"}
RESULT: {"using":"xpath","value":"//*[@id=\"application-manageyards-display-component---NewYard--addressNewCostObjectCstID-vhi\"]"}
COMMAND: POST /session/df7e3af810ab6d6da1a176f6e8533552/element/f.CC9B589A9DA2186238667A9749121406.d.98C0C858A2AD770B626837C2A8A9577A.e.585/click - {}
RESULT: {}
COMMAND: GET /session/df7e3af810ab6d6da1a176f6e8533552/screenshot - {}
RESULT: {}
COMMAND: POST /session/df7e3af810ab6d6da1a176f6e8533552/execute/async - {"script":"<script> [1562 bytes]","args":[{"selector":{"controlType":"sap.m.SearchField","properties":{"placeholder":"Search"},"searchOpenDialogs":true,"interaction":{"idSuffix":"I"}},"wdio_ui5_key":"sapm.SearchField{\"placeholder\":\"Search\"}"}]}
RESULT: {"script":"<script> [1562 bytes]","args":[{"selector":{"controlType":"sap.m.SearchField","properties":{"placeholder":"Search"},"searchOpenDialogs":true,"interaction":{"idSuffix":"I"}},"wdio_ui5_key":"sapm.SearchField{\"placeholder\":\"Search\"}"}]}
RESULT: undefined
COMMAND: POST /session/df7e3af810ab6d6da1a176f6e8533552/execute/async - {"script":"<script> [776 bytes]","args":[{"enterText":"10001013","selector":{"controlType":"sap.m.SearchField","properties":{"placeholder":"Search"},"searchOpenDialogs":true,"interaction":{"idSuffix":"I"}},"clearTextFirst":true,"interactionType":"ENTER_TEXT"}]}
RESULT: {"script":"<script> [776 bytes]","args":[{"enterText":"10001013","selector":{"controlType":"sap.m.SearchField","properties":{"placeholder":"Search"},"searchOpenDialogs":true,"interaction":{"idSuffix":"I"}},"clearTextFirst":true,"interactionType":"ENTER_TEXT"}]}
COMMAND: POST /session/df7e3af810ab6d6da1a176f6e8533552/actions - {"actions":[{"id":"action2","type":"key","parameters":{},"actions":[{"type":"keyDown","value":"î€‡"},{"type":"pause","duration":10},{"type":"keyUp","value":"î€‡"}]}]}
RESULT: {"actions":[{"id":"action2","type":"key","parameters":{},"actions":[{"type":"keyDown","value":"î€‡"},{"type":"pause","duration":10},{"type":"keyUp","value":"î€‡"}]}]}
COMMAND: GET /session/df7e3af810ab6d6da1a176f6e8533552/screenshot - {}
RESULT: {}
COMMAND: POST /session/df7e3af810ab6d6da1a176f6e8533552/element - {"using":"xpath","value":"//span[contains(text(), \"General Management\")]"}
RESULT: {"using":"xpath","value":"//span[contains(text(), \"General Management\")]"}
COMMAND: POST /session/df7e3af810ab6d6da1a176f6e8533552/element/f.CC9B589A9DA2186238667A9749121406.d.98C0C858A2AD770B626837C2A8A9577A.e.625/click - {}
RESULT: {}
COMMAND: GET /session/df7e3af810ab6d6da1a176f6e8533552/screenshot - {}
RESULT: {}
COMMAND: POST /session/df7e3af810ab6d6da1a176f6e8533552/element - {"using":"xpath","value":"//bdi[contains(text(), \"OK\")]"}
RESULT: {"using":"xpath","value":"//bdi[contains(text(), \"OK\")]"}
COMMAND: POST /session/df7e3af810ab6d6da1a176f6e8533552/element/f.CC9B589A9DA2186238667A9749121406.d.98C0C858A2AD770B626837C2A8A9577A.e.626/click - {}
RESULT: {}
COMMAND: GET /session/df7e3af810ab6d6da1a176f6e8533552/screenshot - {}
RESULT: {}
COMMAND: POST /session/df7e3af810ab6d6da1a176f6e8533552/execute/async - {"script":"<script> [1562 bytes]","args":[{"selector":{"controlType":"sap.m.Button","viewName":"etm.portal.ui.manageyards.view.New","viewId":"application-manageyards-display-component---NewYard","i18NText":{"propertyName":"text","key":"save"},"interaction":{"idSuffix":"inner"}},"wdio_ui5_key":"etmportal.ui.manageyards.view.Newsap.m.Button{\"propertyName\":\"text\",\"key\":\"save\"}"}]}
RESULT: {"script":"<script> [1562 bytes]","args":[{"selector":{"controlType":"sap.m.Button","viewName":"etm.portal.ui.manageyards.view.New","viewId":"application-manageyards-display-component---NewYard","i18NText":{"propertyName":"text","key":"save"},"interaction":{"idSuffix":"inner"}},"wdio_ui5_key":"etmportal.ui.manageyards.view.Newsap.m.Button{\"propertyName\":\"text\",\"key\":\"save\"}"}]}
RESULT: undefined
COMMAND: POST /session/df7e3af810ab6d6da1a176f6e8533552/element - {"using":"xpath","value":"//*[@id=\"__button18\"]"}
RESULT: {"using":"xpath","value":"//*[@id=\"__button18\"]"}
COMMAND: POST /session/df7e3af810ab6d6da1a176f6e8533552/element/f.CC9B589A9DA2186238667A9749121406.d.98C0C858A2AD770B626837C2A8A9577A.e.552/click - {}
RESULT: {}
COMMAND: GET /session/df7e3af810ab6d6da1a176f6e8533552/screenshot - {}
RESULT: {}
COMMAND: POST /session/df7e3af810ab6d6da1a176f6e8533552/element - {"using":"xpath","value":"//header/div/div[2]/div[2]/span"}
RESULT: {"using":"xpath","value":"//header/div/div[2]/div[2]/span"}
COMMAND: GET /session/df7e3af810ab6d6da1a176f6e8533552/element/f.CC9B589A9DA2186238667A9749121406.d.98C0C858A2AD770B626837C2A8A9577A.e.823/text - {}
RESULT: {}
COMMAND: POST /session/df7e3af810ab6d6da1a176f6e8533552/execute/async - {"script":"<script> [1562 bytes]","args":[{"selector":{"controlType":"sap.m.OverflowToolbarButton","viewName":"etm.portal.ui.manageyards.view.Detail","viewId":"application-manageyards-display-component---detailYard","i18NText":{"propertyName":"tooltip","key":"closeColumn"},"interaction":{"idSuffix":"inner"}},"wdio_ui5_key":"etmportal.ui.manageyards.view.Detailsap.m.OverflowToolbarButton{\"propertyName\":\"tooltip\",\"key\":\"closeColumn\"}"}]}
RESULT: {"script":"<script> [1562 bytes]","args":[{"selector":{"controlType":"sap.m.OverflowToolbarButton","viewName":"etm.portal.ui.manageyards.view.Detail","viewId":"application-manageyards-display-component---detailYard","i18NText":{"propertyName":"tooltip","key":"closeColumn"},"interaction":{"idSuffix":"inner"}},"wdio_ui5_key":"etmportal.ui.manageyards.view.Detailsap.m.OverflowToolbarButton{\"propertyName\":\"tooltip\",\"key\":\"closeColumn\"}"}]}
RESULT: undefined
COMMAND: POST /session/df7e3af810ab6d6da1a176f6e8533552/element - {"using":"xpath","value":"//*[@id=\"__button42\"]"}
RESULT: {"using":"xpath","value":"//*[@id=\"__button42\"]"}
COMMAND: POST /session/df7e3af810ab6d6da1a176f6e8533552/element/f.CC9B589A9DA2186238667A9749121406.d.98C0C858A2AD770B626837C2A8A9577A.e.825/click - {}
RESULT: {}
COMMAND: GET /session/df7e3af810ab6d6da1a176f6e8533552/screenshot - {}
RESULT: {}
COMMAND: POST /session/df7e3af810ab6d6da1a176f6e8533552/element - {"using":"css selector","value":"#shell-header-logo"}
RESULT: {"using":"css selector","value":"#shell-header-logo"}
COMMAND: POST /session/df7e3af810ab6d6da1a176f6e8533552/element/f.CC9B589A9DA2186238667A9749121406.d.98C0C858A2AD770B626837C2A8A9577A.e.116/click - {}
RESULT: {}
COMMAND: GET /session/df7e3af810ab6d6da1a176f6e8533552/screenshot - {}
RESULT: {}
COMMAND: POST /session/df7e3af810ab6d6da1a176f6e8533552/refresh - {}
RESULT: {}
COMMAND: GET /session/df7e3af810ab6d6da1a176f6e8533552/screenshot - {}
RESULT: {}
COMMAND: POST /session/df7e3af810ab6d6da1a176f6e8533552/execute/async - {"script":"<script> [189 bytes]","args":[]}
RESULT: {"script":"<script> [189 bytes]","args":[]}
COMMAND: POST /session/df7e3af810ab6d6da1a176f6e8533552/execute/async - {"script":"<script> [123 bytes]","args":[]}
RESULT: {"script":"<script> [123 bytes]","args":[]}
COMMAND: POST /session/df7e3af810ab6d6da1a176f6e8533552/timeouts - {"script":"<number>"}
RESULT: {"script":"<number>"}
COMMAND: GET /session/df7e3af810ab6d6da1a176f6e8533552/timeouts - {}
RESULT: {}
RESULT: undefined
COMMAND: POST /session/df7e3af810ab6d6da1a176f6e8533552/execute/async - {"script":"<script> [2676 bytes]","args":[]}
RESULT: {"script":"<script> [2676 bytes]","args":[]}
COMMAND: POST /session/df7e3af810ab6d6da1a176f6e8533552/execute/async - {"script":"<script> [2342 bytes]","args":[{"protocol":"http","hostname":"0.0.0.0","path":"/","capabilities":{"browserName":"chrome","goog:chromeOptions":{"binary":"C:\\Program Files\\Google\\Chrome\\Application\\chrome.exe","args":["--start-maximized"]}},"logLevel":"warn","connectionRetryTimeout":120000,"connectionRetryCount":3,"logLevels":{},"enableDirectConnect":true,"strictSSL":true,"_":"65 more keys: [\"cacheDir\",\"port\",\"requestedCapabilities\",\"automationProtocol\",\"baseUrl\",\"waitforInterval\",\"waitforTimeout\",\"onReload\",\"beforeCommand\",\"afterCommand\",\"rootDir\",\"specs\",\"suites\",\"exclude\",\"groupLogsByTestSpec\",\"excludeDriverLogs\",\"bail\",\"framework\",\"reporters\",\"services\",\"maxInstances\",\"maxInstancesPerCapability\",\"injectGlobals\",\"filesToWatch\",\"execArgv\",\"runnerEnv\",\"runner\",\"shard\",\"specFileRetries\",\"specFileRetriesDelay\",\"specFileRetriesDeferred\",\"reporterSyncInterval\",\"reporterSyncTimeout\",\"cucumberFeaturesWithLineNumbers\",\"autoCompileOpts\",\"mochaOpts\",\"jasmineOpts\",\"cucumberOpts\",\"onPrepare\",\"onWorkerStart\",\"onWorkerEnd\",\"before\",\"beforeSession\",\"beforeSuite\",\"beforeHook\",\"beforeTest\",\"afterTest\",\"afterHook\",\"afterSuite\",\"afterSession\",\"after\",\"onComplete\",\"beforeAssertion\",\"afterAssertion\",\"beforeFeature\",\"beforeScenario\",\"beforeStep\",\"afterStep\",\"afterScenario\",\"afterFeature\",\"_\",\"suite\",\"$0\",\"ignoredWorkerServices\",\"wdi5\"]"}]}
RESULT: {"script":"<script> [2342 bytes]","args":[{"protocol":"http","hostname":"0.0.0.0","path":"/","capabilities":{"browserName":"chrome","goog:chromeOptions":{"binary":"C:\\Program Files\\Google\\Chrome\\Application\\chrome.exe","args":["--start-maximized"]}},"logLevel":"warn","connectionRetryTimeout":120000,"connectionRetryCount":3,"logLevels":{},"enableDirectConnect":true,"strictSSL":true,"_":"65 more keys: [\"cacheDir\",\"port\",\"requestedCapabilities\",\"automationProtocol\",\"baseUrl\",\"waitforInterval\",\"waitforTimeout\",\"onReload\",\"beforeCommand\",\"afterCommand\",\"rootDir\",\"specs\",\"suites\",\"exclude\",\"groupLogsByTestSpec\",\"excludeDriverLogs\",\"bail\",\"framework\",\"reporters\",\"services\",\"maxInstances\",\"maxInstancesPerCapability\",\"injectGlobals\",\"filesToWatch\",\"execArgv\",\"runnerEnv\",\"runner\",\"shard\",\"specFileRetries\",\"specFileRetriesDelay\",\"specFileRetriesDeferred\",\"reporterSyncInterval\",\"reporterSyncTimeout\",\"cucumberFeaturesWithLineNumbers\",\"autoCompileOpts\",\"mochaOpts\",\"jasmineOpts\",\"cucumberOpts\",\"onPrepare\",\"onWorkerStart\",\"onWorkerEnd\",\"before\",\"beforeSession\",\"beforeSuite\",\"beforeHook\",\"beforeTest\",\"afterTest\",\"afterHook\",\"afterSuite\",\"afterSession\",\"after\",\"onComplete\",\"beforeAssertion\",\"afterAssertion\",\"beforeFeature\",\"beforeScenario\",\"beforeStep\",\"afterStep\",\"afterScenario\",\"afterFeature\",\"_\",\"suite\",\"$0\",\"ignoredWorkerServices\",\"wdi5\"]"}]}
COMMAND: POST /session/df7e3af810ab6d6da1a176f6e8533552/execute/async - {"script":"<script> [21126 bytes]","args":[35000]}
RESULT: {"script":"<script> [21126 bytes]","args":[35000]}
]]></system-out>
    </testcase>
    <testcase classname="chrome.135_0_7049_96.windows.Manage_Requests_Tags_Tests_US120163" name="Should create a new partner" time="68.483">
      <system-out><![CDATA[
COMMAND: POST /session/df7e3af810ab6d6da1a176f6e8533552/execute/async - {"script":"<script> [1562 bytes]","args":[{"selector":{"controlType":"sap.m.GenericTile","properties":{"header":"Manage Partners"}},"wdio_ui5_key":"sapm.GenericTile{\"header\":\"Manage Partners\"}"}]}
RESULT: {"script":"<script> [1562 bytes]","args":[{"selector":{"controlType":"sap.m.GenericTile","properties":{"header":"Manage Partners"}},"wdio_ui5_key":"sapm.GenericTile{\"header\":\"Manage Partners\"}"}]}
RESULT: undefined
COMMAND: POST /session/df7e3af810ab6d6da1a176f6e8533552/element - {"using":"xpath","value":"//*[@id=\"__tile38\"]"}
RESULT: {"using":"xpath","value":"//*[@id=\"__tile38\"]"}
COMMAND: POST /session/df7e3af810ab6d6da1a176f6e8533552/element/f.CC9B589A9DA2186238667A9749121406.d.644CCEE494FE8A4799842FB09364F748.e.1177/click - {}
RESULT: {}
COMMAND: GET /session/df7e3af810ab6d6da1a176f6e8533552/screenshot - {}
RESULT: {}
COMMAND: POST /session/df7e3af810ab6d6da1a176f6e8533552/execute/async - {"script":"<script> [1562 bytes]","args":[{"selector":{"controlType":"sap.ui.core.Icon","viewName":"etm.portal.ui.managepartners.view.Master","viewId":"application-managepartners-display-component---masterPtm","properties":{"src":{"regex":{"source":"add"}}}},"wdio_ui5_key":"etmportal.ui.managepartners.view.Mastersap.ui.core.Icon{\"src\":{\"regex\":{\"source\":\"add\"}}}"}]}
RESULT: {"script":"<script> [1562 bytes]","args":[{"selector":{"controlType":"sap.ui.core.Icon","viewName":"etm.portal.ui.managepartners.view.Master","viewId":"application-managepartners-display-component---masterPtm","properties":{"src":{"regex":{"source":"add"}}}},"wdio_ui5_key":"etmportal.ui.managepartners.view.Mastersap.ui.core.Icon{\"src\":{\"regex\":{\"source\":\"add\"}}}"}]}
RESULT: undefined
COMMAND: POST /session/df7e3af810ab6d6da1a176f6e8533552/element - {"using":"xpath","value":"//*[@id=\"__button4-img\"]"}
RESULT: {"using":"xpath","value":"//*[@id=\"__button4-img\"]"}
COMMAND: POST /session/df7e3af810ab6d6da1a176f6e8533552/element/f.CC9B589A9DA2186238667A9749121406.d.644CCEE494FE8A4799842FB09364F748.e.1229/click - {}
RESULT: {}
COMMAND: GET /session/df7e3af810ab6d6da1a176f6e8533552/screenshot - {}
RESULT: {}
COMMAND: POST /session/df7e3af810ab6d6da1a176f6e8533552/execute/async - {"script":"<script> [1562 bytes]","args":[{"selector":{"id":"application-managepartners-display-component---NewPartner--partnerId","interaction":{"idSuffix":"inner"}},"wdio_ui5_key":"applicationmanagepartners-display-component---NewPartner--partnerId"}]}
RESULT: {"script":"<script> [1562 bytes]","args":[{"selector":{"id":"application-managepartners-display-component---NewPartner--partnerId","interaction":{"idSuffix":"inner"}},"wdio_ui5_key":"applicationmanagepartners-display-component---NewPartner--partnerId"}]}
RESULT: undefined
COMMAND: POST /session/df7e3af810ab6d6da1a176f6e8533552/execute/async - {"script":"<script> [1562 bytes]","args":[{"selector":{"id":"application-managepartners-display-component---NewPartner--addressDetailDetailsName1","interaction":{"idSuffix":"inner"}},"wdio_ui5_key":"applicationmanagepartners-display-component---NewPartner--addressDetailDetailsName1"}]}
RESULT: {"script":"<script> [1562 bytes]","args":[{"selector":{"id":"application-managepartners-display-component---NewPartner--addressDetailDetailsName1","interaction":{"idSuffix":"inner"}},"wdio_ui5_key":"applicationmanagepartners-display-component---NewPartner--addressDetailDetailsName1"}]}
RESULT: undefined
COMMAND: POST /session/df7e3af810ab6d6da1a176f6e8533552/execute/async - {"script":"<script> [776 bytes]","args":[{"enterText":"WebdriverPartnerc7b6l","selector":{"id":"application-managepartners-display-component---NewPartner--addressDetailDetailsName1","interaction":{"idSuffix":"inner"}},"clearTextFirst":true,"interactionType":"ENTER_TEXT"}]}
RESULT: {"script":"<script> [776 bytes]","args":[{"enterText":"WebdriverPartnerc7b6l","selector":{"id":"application-managepartners-display-component---NewPartner--addressDetailDetailsName1","interaction":{"idSuffix":"inner"}},"clearTextFirst":true,"interactionType":"ENTER_TEXT"}]}
COMMAND: POST /session/df7e3af810ab6d6da1a176f6e8533552/execute/async - {"script":"<script> [1562 bytes]","args":[{"selector":{"id":"application-managepartners-display-component---NewPartner--addressDetailDetailsLanguage","interaction":{"idSuffix":"inner"}},"wdio_ui5_key":"applicationmanagepartners-display-component---NewPartner--addressDetailDetailsLanguage"}]}
RESULT: {"script":"<script> [1562 bytes]","args":[{"selector":{"id":"application-managepartners-display-component---NewPartner--addressDetailDetailsLanguage","interaction":{"idSuffix":"inner"}},"wdio_ui5_key":"applicationmanagepartners-display-component---NewPartner--addressDetailDetailsLanguage"}]}
RESULT: undefined
COMMAND: POST /session/df7e3af810ab6d6da1a176f6e8533552/execute/async - {"script":"<script> [776 bytes]","args":[{"enterText":"Romanian","selector":{"id":"application-managepartners-display-component---NewPartner--addressDetailDetailsLanguage","interaction":{"idSuffix":"inner"}},"clearTextFirst":true,"interactionType":"ENTER_TEXT"}]}
RESULT: {"script":"<script> [776 bytes]","args":[{"enterText":"Romanian","selector":{"id":"application-managepartners-display-component---NewPartner--addressDetailDetailsLanguage","interaction":{"idSuffix":"inner"}},"clearTextFirst":true,"interactionType":"ENTER_TEXT"}]}
COMMAND: POST /session/df7e3af810ab6d6da1a176f6e8533552/element - {"using":"xpath","value":"//input[contains(@id ,\"application-managepartners-display-component---NewPartner--addressDetailDetailsName1-inner\")]"}
RESULT: {"using":"xpath","value":"//input[contains(@id ,\"application-managepartners-display-component---NewPartner--addressDetailDetailsName1-inner\")]"}
COMMAND: GET /session/df7e3af810ab6d6da1a176f6e8533552/element/f.CC9B589A9DA2186238667A9749121406.d.644CCEE494FE8A4799842FB09364F748.e.1380/property/value - {}
RESULT: {}
COMMAND: POST /session/df7e3af810ab6d6da1a176f6e8533552/execute/async - {"script":"<script> [1562 bytes]","args":[{"selector":{"id":"application-managepartners-display-component---NewPartner--addressDetailDetailsCity1","interaction":{"idSuffix":"inner"}},"wdio_ui5_key":"applicationmanagepartners-display-component---NewPartner--addressDetailDetailsCity1"}]}
COMMAND: GET /session/df7e3af810ab6d6da1a176f6e8533552/screenshot - {}
RESULT: {"script":"<script> [1562 bytes]","args":[{"selector":{"id":"application-managepartners-display-component---NewPartner--addressDetailDetailsCity1","interaction":{"idSuffix":"inner"}},"wdio_ui5_key":"applicationmanagepartners-display-component---NewPartner--addressDetailDetailsCity1"}]}
RESULT: undefined
COMMAND: POST /session/df7e3af810ab6d6da1a176f6e8533552/execute/async - {"script":"<script> [776 bytes]","args":[{"enterText":"Bucharest","selector":{"id":"application-managepartners-display-component---NewPartner--addressDetailDetailsCity1","interaction":{"idSuffix":"inner"}},"clearTextFirst":true,"interactionType":"ENTER_TEXT"}]}
RESULT: {}
RESULT: {"script":"<script> [776 bytes]","args":[{"enterText":"Bucharest","selector":{"id":"application-managepartners-display-component---NewPartner--addressDetailDetailsCity1","interaction":{"idSuffix":"inner"}},"clearTextFirst":true,"interactionType":"ENTER_TEXT"}]}
COMMAND: POST /session/df7e3af810ab6d6da1a176f6e8533552/execute/async - {"script":"<script> [1562 bytes]","args":[{"selector":{"id":"application-managepartners-display-component---NewPartner--addressDetailDetailsCountry","interaction":{"idSuffix":"inner"}},"wdio_ui5_key":"applicationmanagepartners-display-component---NewPartner--addressDetailDetailsCountry"}]}
RESULT: {"script":"<script> [1562 bytes]","args":[{"selector":{"id":"application-managepartners-display-component---NewPartner--addressDetailDetailsCountry","interaction":{"idSuffix":"inner"}},"wdio_ui5_key":"applicationmanagepartners-display-component---NewPartner--addressDetailDetailsCountry"}]}
RESULT: undefined
COMMAND: POST /session/df7e3af810ab6d6da1a176f6e8533552/execute/async - {"script":"<script> [6424 bytes]","args":[{"element-6066-11e4-a52e-4f735466cecf":"f.CC9B589A9DA2186238667A9749121406.d.644CCEE494FE8A4799842FB09364F748.e.1387"},"setValue",["Romania"]]}
RESULT: {"script":"<script> [6424 bytes]","args":[{"element-6066-11e4-a52e-4f735466cecf":"f.CC9B589A9DA2186238667A9749121406.d.644CCEE494FE8A4799842FB09364F748.e.1387"},"setValue",["Romania"]]}
COMMAND: POST /session/df7e3af810ab6d6da1a176f6e8533552/execute/async - {"script":"<script> [1562 bytes]","args":[{"selector":{"id":"application-managepartners-display-component---NewPartner--partnerDetailInternal","interaction":{"idSuffix":"inner"}},"wdio_ui5_key":"applicationmanagepartners-display-component---NewPartner--partnerDetailInternal"}]}
RESULT: {"script":"<script> [1562 bytes]","args":[{"selector":{"id":"application-managepartners-display-component---NewPartner--partnerDetailInternal","interaction":{"idSuffix":"inner"}},"wdio_ui5_key":"applicationmanagepartners-display-component---NewPartner--partnerDetailInternal"}]}
RESULT: undefined
COMMAND: POST /session/df7e3af810ab6d6da1a176f6e8533552/execute/async - {"script":"<script> [776 bytes]","args":[{"enterText":"External partner","selector":{"id":"application-managepartners-display-component---NewPartner--partnerDetailInternal","interaction":{"idSuffix":"inner"}},"clearTextFirst":true,"interactionType":"ENTER_TEXT"}]}
RESULT: {"script":"<script> [776 bytes]","args":[{"enterText":"External partner","selector":{"id":"application-managepartners-display-component---NewPartner--partnerDetailInternal","interaction":{"idSuffix":"inner"}},"clearTextFirst":true,"interactionType":"ENTER_TEXT"}]}
COMMAND: POST /session/df7e3af810ab6d6da1a176f6e8533552/execute/async - {"script":"<script> [1562 bytes]","args":[{"selector":{"id":"application-managepartners-display-component---NewPartner--partnerDetailsCurrency","interaction":{"idSuffix":"inner"}},"wdio_ui5_key":"applicationmanagepartners-display-component---NewPartner--partnerDetailsCurrency"}]}
RESULT: {"script":"<script> [1562 bytes]","args":[{"selector":{"id":"application-managepartners-display-component---NewPartner--partnerDetailsCurrency","interaction":{"idSuffix":"inner"}},"wdio_ui5_key":"applicationmanagepartners-display-component---NewPartner--partnerDetailsCurrency"}]}
RESULT: undefined
COMMAND: POST /session/df7e3af810ab6d6da1a176f6e8533552/execute/async - {"script":"<script> [776 bytes]","args":[{"enterText":"Euro","selector":{"id":"application-managepartners-display-component---NewPartner--partnerDetailsCurrency","interaction":{"idSuffix":"inner"}},"clearTextFirst":true,"interactionType":"ENTER_TEXT"}]}
RESULT: {"script":"<script> [776 bytes]","args":[{"enterText":"Euro","selector":{"id":"application-managepartners-display-component---NewPartner--partnerDetailsCurrency","interaction":{"idSuffix":"inner"}},"clearTextFirst":true,"interactionType":"ENTER_TEXT"}]}
COMMAND: POST /session/df7e3af810ab6d6da1a176f6e8533552/execute/async - {"script":"<script> [1562 bytes]","args":[{"selector":{"controlType":"sap.m.Button","viewName":"etm.portal.ui.managepartners.view.NewPartner","viewId":"application-managepartners-display-component---NewPartner","properties":{"text":"Commercial"},"interaction":{"idSuffix":"BDI-content"}},"wdio_ui5_key":"etmportal.ui.managepartners.view.NewPartnersap.m.Button{\"text\":\"Commercial\"}"}]}
RESULT: {"script":"<script> [1562 bytes]","args":[{"selector":{"controlType":"sap.m.Button","viewName":"etm.portal.ui.managepartners.view.NewPartner","viewId":"application-managepartners-display-component---NewPartner","properties":{"text":"Commercial"},"interaction":{"idSuffix":"BDI-content"}},"wdio_ui5_key":"etmportal.ui.managepartners.view.NewPartnersap.m.Button{\"text\":\"Commercial\"}"}]}
RESULT: undefined
COMMAND: POST /session/df7e3af810ab6d6da1a176f6e8533552/element - {"using":"xpath","value":"//*[@id=\"application-managepartners-display-component---NewPartner--ObjectPageLayout-anchBar-__section5-anchor\"]"}
RESULT: {"using":"xpath","value":"//*[@id=\"application-managepartners-display-component---NewPartner--ObjectPageLayout-anchBar-__section5-anchor\"]"}
COMMAND: POST /session/df7e3af810ab6d6da1a176f6e8533552/element/f.CC9B589A9DA2186238667A9749121406.d.644CCEE494FE8A4799842FB09364F748.e.1616/click - {}
RESULT: {}
COMMAND: GET /session/df7e3af810ab6d6da1a176f6e8533552/screenshot - {}
RESULT: {}
COMMAND: POST /session/df7e3af810ab6d6da1a176f6e8533552/execute/async - {"script":"<script> [1562 bytes]","args":[{"selector":{"id":"application-managepartners-display-component---NewPartner--btnAddTableRow-img"},"wdio_ui5_key":"applicationmanagepartners-display-component---NewPartner--btnAddTableRow-img"}]}
RESULT: {"script":"<script> [1562 bytes]","args":[{"selector":{"id":"application-managepartners-display-component---NewPartner--btnAddTableRow-img"},"wdio_ui5_key":"applicationmanagepartners-display-component---NewPartner--btnAddTableRow-img"}]}
RESULT: undefined
COMMAND: POST /session/df7e3af810ab6d6da1a176f6e8533552/element - {"using":"xpath","value":"//*[@id=\"application-managepartners-display-component---NewPartner--btnAddTableRow-img\"]"}
RESULT: {"using":"xpath","value":"//*[@id=\"application-managepartners-display-component---NewPartner--btnAddTableRow-img\"]"}
COMMAND: POST /session/df7e3af810ab6d6da1a176f6e8533552/element/f.CC9B589A9DA2186238667A9749121406.d.644CCEE494FE8A4799842FB09364F748.e.1622/click - {}
RESULT: {}
COMMAND: POST /session/df7e3af810ab6d6da1a176f6e8533552/element - {"using":"xpath","value":"//input[contains(@id ,\"application-managepartners-display-component---NewPartner--assignmentYard-application-managepartners-display-component---NewPartner\")]"}
COMMAND: GET /session/df7e3af810ab6d6da1a176f6e8533552/screenshot - {}
RESULT: {"using":"xpath","value":"//input[contains(@id ,\"application-managepartners-display-component---NewPartner--assignmentYard-application-managepartners-display-component---NewPartner\")]"}
COMMAND: POST /session/df7e3af810ab6d6da1a176f6e8533552/element/f.CC9B589A9DA2186238667A9749121406.d.644CCEE494FE8A4799842FB09364F748.e.1627/clear - {}
RESULT: {}
RESULT: {}
COMMAND: POST /session/df7e3af810ab6d6da1a176f6e8533552/element/f.CC9B589A9DA2186238667A9749121406.d.644CCEE494FE8A4799842FB09364F748.e.1627/value - {"text":"225"}
COMMAND: GET /session/df7e3af810ab6d6da1a176f6e8533552/screenshot - {}
RESULT: {"text":"225"}
COMMAND: GET /session/df7e3af810ab6d6da1a176f6e8533552/screenshot - {}
RESULT: {}
RESULT: {}
COMMAND: POST /session/df7e3af810ab6d6da1a176f6e8533552/execute/async - {"script":"<script> [1562 bytes]","args":[{"selector":{"controlType":"sap.m.Button","viewName":"etm.portal.ui.managepartners.view.NewPartner","viewId":"application-managepartners-display-component---NewPartner","i18NText":{"propertyName":"text","key":"save"},"interaction":{"idSuffix":"BDI-content"}},"wdio_ui5_key":"etmportal.ui.managepartners.view.NewPartnersap.m.Button{\"propertyName\":\"text\",\"key\":\"save\"}"}]}
RESULT: {"script":"<script> [1562 bytes]","args":[{"selector":{"controlType":"sap.m.Button","viewName":"etm.portal.ui.managepartners.view.NewPartner","viewId":"application-managepartners-display-component---NewPartner","i18NText":{"propertyName":"text","key":"save"},"interaction":{"idSuffix":"BDI-content"}},"wdio_ui5_key":"etmportal.ui.managepartners.view.NewPartnersap.m.Button{\"propertyName\":\"text\",\"key\":\"save\"}"}]}
RESULT: undefined
COMMAND: POST /session/df7e3af810ab6d6da1a176f6e8533552/element - {"using":"xpath","value":"//*[@id=\"__button12\"]"}
RESULT: {"using":"xpath","value":"//*[@id=\"__button12\"]"}
COMMAND: POST /session/df7e3af810ab6d6da1a176f6e8533552/element/f.CC9B589A9DA2186238667A9749121406.d.644CCEE494FE8A4799842FB09364F748.e.1556/click - {}
RESULT: {}
COMMAND: GET /session/df7e3af810ab6d6da1a176f6e8533552/screenshot - {}
RESULT: {}
COMMAND: POST /session/df7e3af810ab6d6da1a176f6e8533552/element - {"using":"xpath","value":"//header/div/div[2]/div[2]/span"}
RESULT: {"using":"xpath","value":"//header/div/div[2]/div[2]/span"}
COMMAND: GET /session/df7e3af810ab6d6da1a176f6e8533552/element/f.CC9B589A9DA2186238667A9749121406.d.644CCEE494FE8A4799842FB09364F748.e.1776/text - {}
RESULT: {}
COMMAND: POST /session/df7e3af810ab6d6da1a176f6e8533552/element - {"using":"xpath","value":"//header/div/div/div/div/div/div[2]/div/span"}
RESULT: {"using":"xpath","value":"//header/div/div/div/div/div/div[2]/div/span"}
COMMAND: GET /session/df7e3af810ab6d6da1a176f6e8533552/element/f.CC9B589A9DA2186238667A9749121406.d.644CCEE494FE8A4799842FB09364F748.e.1777/text - {}
RESULT: {}
COMMAND: POST /session/df7e3af810ab6d6da1a176f6e8533552/execute/async - {"script":"<script> [1562 bytes]","args":[{"selector":{"id":"application-managepartners-display-component---detailPtm--partnerType"},"wdio_ui5_key":"applicationmanagepartners-display-component---detailPtm--partnerType"}]}
RESULT: {"script":"<script> [1562 bytes]","args":[{"selector":{"id":"application-managepartners-display-component---detailPtm--partnerType"},"wdio_ui5_key":"applicationmanagepartners-display-component---detailPtm--partnerType"}]}
RESULT: undefined
COMMAND: POST /session/df7e3af810ab6d6da1a176f6e8533552/execute/async - {"script":"<script> [6424 bytes]","args":[{"element-6066-11e4-a52e-4f735466cecf":"f.CC9B589A9DA2186238667A9749121406.d.644CCEE494FE8A4799842FB09364F748.e.1778"},"getText",[]]}
RESULT: {"script":"<script> [6424 bytes]","args":[{"element-6066-11e4-a52e-4f735466cecf":"f.CC9B589A9DA2186238667A9749121406.d.644CCEE494FE8A4799842FB09364F748.e.1778"},"getText",[]]}
COMMAND: POST /session/df7e3af810ab6d6da1a176f6e8533552/element - {"using":"css selector","value":"#shell-header-logo"}
RESULT: {"using":"css selector","value":"#shell-header-logo"}
COMMAND: POST /session/df7e3af810ab6d6da1a176f6e8533552/element/f.CC9B589A9DA2186238667A9749121406.d.644CCEE494FE8A4799842FB09364F748.e.1180/click - {}
RESULT: {}
COMMAND: GET /session/df7e3af810ab6d6da1a176f6e8533552/screenshot - {}
RESULT: {}
]]></system-out>
    </testcase>
    <testcase classname="chrome.135_0_7049_96.windows.Manage_Requests_Tags_Tests_US120163" name="Should create a new site" time="81.273">
      <system-out><![CDATA[
COMMAND: POST /session/df7e3af810ab6d6da1a176f6e8533552/execute/async - {"script":"<script> [1562 bytes]","args":[{"selector":{"controlType":"sap.m.GenericTile","properties":{"header":"Manage Sites"}},"wdio_ui5_key":"sapm.GenericTile{\"header\":\"Manage Sites\"}"}]}
RESULT: {"script":"<script> [1562 bytes]","args":[{"selector":{"controlType":"sap.m.GenericTile","properties":{"header":"Manage Sites"}},"wdio_ui5_key":"sapm.GenericTile{\"header\":\"Manage Sites\"}"}]}
RESULT: undefined
COMMAND: POST /session/df7e3af810ab6d6da1a176f6e8533552/element - {"using":"xpath","value":"//*[@id=\"__tile40\"]"}
RESULT: {"using":"xpath","value":"//*[@id=\"__tile40\"]"}
COMMAND: POST /session/df7e3af810ab6d6da1a176f6e8533552/element/f.CC9B589A9DA2186238667A9749121406.d.644CCEE494FE8A4799842FB09364F748.e.1780/click - {}
RESULT: {}
COMMAND: GET /session/df7e3af810ab6d6da1a176f6e8533552/screenshot - {}
RESULT: {}
COMMAND: POST /session/df7e3af810ab6d6da1a176f6e8533552/execute/async - {"script":"<script> [1562 bytes]","args":[{"selector":{"controlType":"sap.ui.core.Icon","viewName":"etm.portal.ui.managesites.view.Master","viewId":"application-managesites-display-component---masterSite","properties":{"src":{"regex":{"source":"add"}}}},"wdio_ui5_key":"etmportal.ui.managesites.view.Mastersap.ui.core.Icon{\"src\":{\"regex\":{\"source\":\"add\"}}}"}]}
RESULT: {"script":"<script> [1562 bytes]","args":[{"selector":{"controlType":"sap.ui.core.Icon","viewName":"etm.portal.ui.managesites.view.Master","viewId":"application-managesites-display-component---masterSite","properties":{"src":{"regex":{"source":"add"}}}},"wdio_ui5_key":"etmportal.ui.managesites.view.Mastersap.ui.core.Icon{\"src\":{\"regex\":{\"source\":\"add\"}}}"}]}
RESULT: undefined
COMMAND: POST /session/df7e3af810ab6d6da1a176f6e8533552/element - {"using":"xpath","value":"//*[@id=\"__button52-img\"]"}
RESULT: {"using":"xpath","value":"//*[@id=\"__button52-img\"]"}
COMMAND: POST /session/df7e3af810ab6d6da1a176f6e8533552/element/f.CC9B589A9DA2186238667A9749121406.d.644CCEE494FE8A4799842FB09364F748.e.1827/click - {}
RESULT: {}
COMMAND: POST /session/df7e3af810ab6d6da1a176f6e8533552/execute/async - {"script":"<script> [1562 bytes]","args":[{"selector":{"id":"application-managesites-display-component---NewSite--siteId","interaction":{"idSuffix":"inner"}},"wdio_ui5_key":"applicationmanagesites-display-component---NewSite--siteId"}]}
COMMAND: GET /session/df7e3af810ab6d6da1a176f6e8533552/screenshot - {}
RESULT: {"script":"<script> [1562 bytes]","args":[{"selector":{"id":"application-managesites-display-component---NewSite--siteId","interaction":{"idSuffix":"inner"}},"wdio_ui5_key":"applicationmanagesites-display-component---NewSite--siteId"}]}
RESULT: undefined
COMMAND: POST /session/df7e3af810ab6d6da1a176f6e8533552/execute/async - {"script":"<script> [1562 bytes]","args":[{"selector":{"id":"application-managesites-display-component---NewSite--addressDetailDetailsName1","interaction":{"idSuffix":"inner"}},"wdio_ui5_key":"applicationmanagesites-display-component---NewSite--addressDetailDetailsName1"}]}
RESULT: {}
RESULT: {"script":"<script> [1562 bytes]","args":[{"selector":{"id":"application-managesites-display-component---NewSite--addressDetailDetailsName1","interaction":{"idSuffix":"inner"}},"wdio_ui5_key":"applicationmanagesites-display-component---NewSite--addressDetailDetailsName1"}]}
RESULT: undefined
COMMAND: POST /session/df7e3af810ab6d6da1a176f6e8533552/execute/async - {"script":"<script> [776 bytes]","args":[{"enterText":"WebdriverSite7ggb9j","selector":{"id":"application-managesites-display-component---NewSite--addressDetailDetailsName1","interaction":{"idSuffix":"inner"}},"clearTextFirst":true,"interactionType":"ENTER_TEXT"}]}
RESULT: {"script":"<script> [776 bytes]","args":[{"enterText":"WebdriverSite7ggb9j","selector":{"id":"application-managesites-display-component---NewSite--addressDetailDetailsName1","interaction":{"idSuffix":"inner"}},"clearTextFirst":true,"interactionType":"ENTER_TEXT"}]}
COMMAND: POST /session/df7e3af810ab6d6da1a176f6e8533552/execute/async - {"script":"<script> [1562 bytes]","args":[{"selector":{"id":"application-managesites-display-component---NewSite--addressDetailDetailsLanguage","interaction":{"idSuffix":"inner"}},"wdio_ui5_key":"applicationmanagesites-display-component---NewSite--addressDetailDetailsLanguage"}]}
RESULT: {"script":"<script> [1562 bytes]","args":[{"selector":{"id":"application-managesites-display-component---NewSite--addressDetailDetailsLanguage","interaction":{"idSuffix":"inner"}},"wdio_ui5_key":"applicationmanagesites-display-component---NewSite--addressDetailDetailsLanguage"}]}
RESULT: undefined
COMMAND: POST /session/df7e3af810ab6d6da1a176f6e8533552/execute/async - {"script":"<script> [776 bytes]","args":[{"enterText":"Romanian","selector":{"id":"application-managesites-display-component---NewSite--addressDetailDetailsLanguage","interaction":{"idSuffix":"inner"}},"clearTextFirst":true,"interactionType":"ENTER_TEXT"}]}
RESULT: {"script":"<script> [776 bytes]","args":[{"enterText":"Romanian","selector":{"id":"application-managesites-display-component---NewSite--addressDetailDetailsLanguage","interaction":{"idSuffix":"inner"}},"clearTextFirst":true,"interactionType":"ENTER_TEXT"}]}
COMMAND: POST /session/df7e3af810ab6d6da1a176f6e8533552/execute/async - {"script":"<script> [1562 bytes]","args":[{"selector":{"id":"application-managesites-display-component---NewSite--addressDetailDetailsCity1","interaction":{"idSuffix":"inner"}},"wdio_ui5_key":"applicationmanagesites-display-component---NewSite--addressDetailDetailsCity1"}]}
RESULT: {"script":"<script> [1562 bytes]","args":[{"selector":{"id":"application-managesites-display-component---NewSite--addressDetailDetailsCity1","interaction":{"idSuffix":"inner"}},"wdio_ui5_key":"applicationmanagesites-display-component---NewSite--addressDetailDetailsCity1"}]}
RESULT: undefined
COMMAND: POST /session/df7e3af810ab6d6da1a176f6e8533552/execute/async - {"script":"<script> [776 bytes]","args":[{"enterText":"Bucharest","selector":{"id":"application-managesites-display-component---NewSite--addressDetailDetailsCity1","interaction":{"idSuffix":"inner"}},"clearTextFirst":true,"interactionType":"ENTER_TEXT"}]}
RESULT: {"script":"<script> [776 bytes]","args":[{"enterText":"Bucharest","selector":{"id":"application-managesites-display-component---NewSite--addressDetailDetailsCity1","interaction":{"idSuffix":"inner"}},"clearTextFirst":true,"interactionType":"ENTER_TEXT"}]}
COMMAND: POST /session/df7e3af810ab6d6da1a176f6e8533552/execute/async - {"script":"<script> [1562 bytes]","args":[{"selector":{"id":"application-managesites-display-component---NewSite--addressDetailDetailsCountry","interaction":{"idSuffix":"inner"}},"wdio_ui5_key":"applicationmanagesites-display-component---NewSite--addressDetailDetailsCountry"}]}
RESULT: {"script":"<script> [1562 bytes]","args":[{"selector":{"id":"application-managesites-display-component---NewSite--addressDetailDetailsCountry","interaction":{"idSuffix":"inner"}},"wdio_ui5_key":"applicationmanagesites-display-component---NewSite--addressDetailDetailsCountry"}]}
RESULT: undefined
COMMAND: POST /session/df7e3af810ab6d6da1a176f6e8533552/execute/async - {"script":"<script> [776 bytes]","args":[{"enterText":"Romania","selector":{"id":"application-managesites-display-component---NewSite--addressDetailDetailsCountry","interaction":{"idSuffix":"inner"}},"clearTextFirst":true,"interactionType":"ENTER_TEXT"}]}
RESULT: {"script":"<script> [776 bytes]","args":[{"enterText":"Romania","selector":{"id":"application-managesites-display-component---NewSite--addressDetailDetailsCountry","interaction":{"idSuffix":"inner"}},"clearTextFirst":true,"interactionType":"ENTER_TEXT"}]}
COMMAND: POST /session/df7e3af810ab6d6da1a176f6e8533552/element - {"using":"css selector","value":"#application-managesites-display-component---NewSite--addressDetailDetailsCalendar-inner"}
RESULT: {"using":"css selector","value":"#application-managesites-display-component---NewSite--addressDetailDetailsCalendar-inner"}
COMMAND: POST /session/df7e3af810ab6d6da1a176f6e8533552/element/f.CC9B589A9DA2186238667A9749121406.d.644CCEE494FE8A4799842FB09364F748.e.2187/clear - {}
RESULT: {}
COMMAND: POST /session/df7e3af810ab6d6da1a176f6e8533552/element/f.CC9B589A9DA2186238667A9749121406.d.644CCEE494FE8A4799842FB09364F748.e.2187/value - {"text":"Germany"}
COMMAND: GET /session/df7e3af810ab6d6da1a176f6e8533552/screenshot - {}
RESULT: {"text":"Germany"}
COMMAND: POST /session/df7e3af810ab6d6da1a176f6e8533552/execute/async - {"script":"<script> [1562 bytes]","args":[{"selector":{"id":"application-managesites-display-component---NewSite--addressEditDetailsCostObjectCstType-arrow"},"wdio_ui5_key":"applicationmanagesites-display-component---NewSite--addressEditDetailsCostObjectCstType-arrow"}]}
COMMAND: GET /session/df7e3af810ab6d6da1a176f6e8533552/screenshot - {}
RESULT: {}
RESULT: {"script":"<script> [1562 bytes]","args":[{"selector":{"id":"application-managesites-display-component---NewSite--addressEditDetailsCostObjectCstType-arrow"},"wdio_ui5_key":"applicationmanagesites-display-component---NewSite--addressEditDetailsCostObjectCstType-arrow"}]}
RESULT: undefined
COMMAND: POST /session/df7e3af810ab6d6da1a176f6e8533552/element - {"using":"xpath","value":"//*[@id=\"application-managesites-display-component---NewSite--addressEditDetailsCostObjectCstType-arrow\"]"}
RESULT: {}
RESULT: {"using":"xpath","value":"//*[@id=\"application-managesites-display-component---NewSite--addressEditDetailsCostObjectCstType-arrow\"]"}
COMMAND: POST /session/df7e3af810ab6d6da1a176f6e8533552/element/f.CC9B589A9DA2186238667A9749121406.d.644CCEE494FE8A4799842FB09364F748.e.2373/click - {}
RESULT: {}
COMMAND: POST /session/df7e3af810ab6d6da1a176f6e8533552/element - {"using":"xpath","value":"//span[contains(text(), \"Work Breakdown Structure\")]"}
COMMAND: GET /session/df7e3af810ab6d6da1a176f6e8533552/screenshot - {}
RESULT: {"using":"xpath","value":"//span[contains(text(), \"Work Breakdown Structure\")]"}
COMMAND: POST /session/df7e3af810ab6d6da1a176f6e8533552/element/f.CC9B589A9DA2186238667A9749121406.d.644CCEE494FE8A4799842FB09364F748.e.2374/click - {}
RESULT: {}
RESULT: {}
COMMAND: GET /session/df7e3af810ab6d6da1a176f6e8533552/screenshot - {}
RESULT: {}
COMMAND: POST /session/df7e3af810ab6d6da1a176f6e8533552/execute/async - {"script":"<script> [1562 bytes]","args":[{"selector":{"id":"application-managesites-display-component---NewSite--addressNewCostObjectCstID-vhi"},"wdio_ui5_key":"applicationmanagesites-display-component---NewSite--addressNewCostObjectCstID-vhi"}]}
RESULT: {"script":"<script> [1562 bytes]","args":[{"selector":{"id":"application-managesites-display-component---NewSite--addressNewCostObjectCstID-vhi"},"wdio_ui5_key":"applicationmanagesites-display-component---NewSite--addressNewCostObjectCstID-vhi"}]}
RESULT: undefined
COMMAND: POST /session/df7e3af810ab6d6da1a176f6e8533552/element - {"using":"xpath","value":"//*[@id=\"application-managesites-display-component---NewSite--addressNewCostObjectCstID-vhi\"]"}
RESULT: {"using":"xpath","value":"//*[@id=\"application-managesites-display-component---NewSite--addressNewCostObjectCstID-vhi\"]"}
COMMAND: POST /session/df7e3af810ab6d6da1a176f6e8533552/element/f.CC9B589A9DA2186238667A9749121406.d.644CCEE494FE8A4799842FB09364F748.e.2378/click - {}
RESULT: {}
COMMAND: GET /session/df7e3af810ab6d6da1a176f6e8533552/screenshot - {}
RESULT: {}
COMMAND: POST /session/df7e3af810ab6d6da1a176f6e8533552/execute/async - {"script":"<script> [1562 bytes]","args":[{"selector":{"controlType":"sap.m.SearchField","properties":{"placeholder":"Search"},"searchOpenDialogs":true,"interaction":{"idSuffix":"I"}},"wdio_ui5_key":"sapm.SearchField{\"placeholder\":\"Search\"}"}]}
RESULT: {"script":"<script> [1562 bytes]","args":[{"selector":{"controlType":"sap.m.SearchField","properties":{"placeholder":"Search"},"searchOpenDialogs":true,"interaction":{"idSuffix":"I"}},"wdio_ui5_key":"sapm.SearchField{\"placeholder\":\"Search\"}"}]}
RESULT: undefined
COMMAND: POST /session/df7e3af810ab6d6da1a176f6e8533552/execute/async - {"script":"<script> [776 bytes]","args":[{"enterText":"A1-000100-01","selector":{"controlType":"sap.m.SearchField","properties":{"placeholder":"Search"},"searchOpenDialogs":true,"interaction":{"idSuffix":"I"}},"clearTextFirst":true,"interactionType":"ENTER_TEXT"}]}
RESULT: {"script":"<script> [776 bytes]","args":[{"enterText":"A1-000100-01","selector":{"controlType":"sap.m.SearchField","properties":{"placeholder":"Search"},"searchOpenDialogs":true,"interaction":{"idSuffix":"I"}},"clearTextFirst":true,"interactionType":"ENTER_TEXT"}]}
COMMAND: POST /session/df7e3af810ab6d6da1a176f6e8533552/actions - {"actions":[{"id":"action3","type":"key","parameters":{},"actions":[{"type":"keyDown","value":"î€‡"},{"type":"pause","duration":10},{"type":"keyUp","value":"î€‡"}]}]}
RESULT: {"actions":[{"id":"action3","type":"key","parameters":{},"actions":[{"type":"keyDown","value":"î€‡"},{"type":"pause","duration":10},{"type":"keyUp","value":"î€‡"}]}]}
COMMAND: GET /session/df7e3af810ab6d6da1a176f6e8533552/screenshot - {}
RESULT: {}
COMMAND: POST /session/df7e3af810ab6d6da1a176f6e8533552/element - {"using":"xpath","value":"//span[contains(text(), \"Template for ETO-Process\")]"}
RESULT: {"using":"xpath","value":"//span[contains(text(), \"Template for ETO-Process\")]"}
COMMAND: POST /session/df7e3af810ab6d6da1a176f6e8533552/element/f.CC9B589A9DA2186238667A9749121406.d.644CCEE494FE8A4799842FB09364F748.e.2397/click - {}
RESULT: {}
COMMAND: GET /session/df7e3af810ab6d6da1a176f6e8533552/screenshot - {}
RESULT: {}
COMMAND: POST /session/df7e3af810ab6d6da1a176f6e8533552/element - {"using":"xpath","value":"//bdi[contains(text(), \"OK\")]"}
RESULT: {"using":"xpath","value":"//bdi[contains(text(), \"OK\")]"}
COMMAND: POST /session/df7e3af810ab6d6da1a176f6e8533552/element/f.CC9B589A9DA2186238667A9749121406.d.644CCEE494FE8A4799842FB09364F748.e.2398/click - {}
RESULT: {}
COMMAND: GET /session/df7e3af810ab6d6da1a176f6e8533552/screenshot - {}
RESULT: {}
COMMAND: POST /session/df7e3af810ab6d6da1a176f6e8533552/element - {"using":"xpath","value":"//input[@id=\"application-managesites-display-component---NewSite--addressDetailDetailsYard-inner\"]"}
RESULT: {"using":"xpath","value":"//input[@id=\"application-managesites-display-component---NewSite--addressDetailDetailsYard-inner\"]"}
COMMAND: POST /session/df7e3af810ab6d6da1a176f6e8533552/element/f.CC9B589A9DA2186238667A9749121406.d.644CCEE494FE8A4799842FB09364F748.e.2188/value - {"text":"225"}
RESULT: {"text":"225"}
COMMAND: GET /session/df7e3af810ab6d6da1a176f6e8533552/screenshot - {}
RESULT: {}
COMMAND: POST /session/df7e3af810ab6d6da1a176f6e8533552/actions - {"actions":[{"id":"action4","type":"key","parameters":{},"actions":[{"type":"keyDown","value":"î€‡"},{"type":"pause","duration":10},{"type":"keyUp","value":"î€‡"}]}]}
RESULT: {"actions":[{"id":"action4","type":"key","parameters":{},"actions":[{"type":"keyDown","value":"î€‡"},{"type":"pause","duration":10},{"type":"keyUp","value":"î€‡"}]}]}
COMMAND: GET /session/df7e3af810ab6d6da1a176f6e8533552/screenshot - {}
RESULT: {}
COMMAND: POST /session/df7e3af810ab6d6da1a176f6e8533552/element - {"using":"xpath","value":"//input[@id=\"application-managesites-display-component---NewSite--addressDetailDetailsPartner-inner\"]"}
RESULT: {"using":"xpath","value":"//input[@id=\"application-managesites-display-component---NewSite--addressDetailDetailsPartner-inner\"]"}
COMMAND: POST /session/df7e3af810ab6d6da1a176f6e8533552/elements - {"using":"xpath","value":"//input[@id=\"application-managesites-display-component---NewSite--addressDetailDetailsPartner-inner\"]"}
RESULT: {"using":"xpath","value":"//input[@id=\"application-managesites-display-component---NewSite--addressDetailDetailsPartner-inner\"]"}
COMMAND: POST /session/df7e3af810ab6d6da1a176f6e8533552/execute/async - {"script":"<script> [1562 bytes]","args":[{"selector":{"controlType":"sap.m.Button","viewName":"etm.portal.ui.managesites.view.NewSmartSite","viewId":"application-managesites-display-component---NewSite","properties":{"text":"Commercial"},"interaction":{"idSuffix":"BDI-content"}},"wdio_ui5_key":"etmportal.ui.managesites.view.NewSmartSitesap.m.Button{\"text\":\"Commercial\"}"}]}
RESULT: {"script":"<script> [1562 bytes]","args":[{"selector":{"controlType":"sap.m.Button","viewName":"etm.portal.ui.managesites.view.NewSmartSite","viewId":"application-managesites-display-component---NewSite","properties":{"text":"Commercial"},"interaction":{"idSuffix":"BDI-content"}},"wdio_ui5_key":"etmportal.ui.managesites.view.NewSmartSitesap.m.Button{\"text\":\"Commercial\"}"}]}
RESULT: undefined
COMMAND: POST /session/df7e3af810ab6d6da1a176f6e8533552/element - {"using":"xpath","value":"//*[@id=\"application-managesites-display-component---NewSite--ObjectPageLayout-anchBar-__section31-anchor\"]"}
RESULT: {"using":"xpath","value":"//*[@id=\"application-managesites-display-component---NewSite--ObjectPageLayout-anchBar-__section31-anchor\"]"}
COMMAND: POST /session/df7e3af810ab6d6da1a176f6e8533552/element/f.CC9B589A9DA2186238667A9749121406.d.644CCEE494FE8A4799842FB09364F748.e.2405/click - {}
RESULT: {}
COMMAND: POST /session/df7e3af810ab6d6da1a176f6e8533552/execute/async - {"script":"<script> [1562 bytes]","args":[{"selector":{"controlType":"sap.m.Button","viewName":"etm.portal.ui.managesites.view.NewSmartSite","viewId":"application-managesites-display-component---NewSite","i18NText":{"propertyName":"text","key":"save"},"interaction":{"idSuffix":"BDI-content"}},"wdio_ui5_key":"etmportal.ui.managesites.view.NewSmartSitesap.m.Button{\"propertyName\":\"text\",\"key\":\"save\"}"}]}
COMMAND: GET /session/df7e3af810ab6d6da1a176f6e8533552/screenshot - {}
RESULT: {"script":"<script> [1562 bytes]","args":[{"selector":{"controlType":"sap.m.Button","viewName":"etm.portal.ui.managesites.view.NewSmartSite","viewId":"application-managesites-display-component---NewSite","i18NText":{"propertyName":"text","key":"save"},"interaction":{"idSuffix":"BDI-content"}},"wdio_ui5_key":"etmportal.ui.managesites.view.NewSmartSitesap.m.Button{\"propertyName\":\"text\",\"key\":\"save\"}"}]}
RESULT: undefined
COMMAND: POST /session/df7e3af810ab6d6da1a176f6e8533552/element - {"using":"xpath","value":"//*[@id=\"__button64\"]"}
RESULT: {}
RESULT: {"using":"xpath","value":"//*[@id=\"__button64\"]"}
COMMAND: POST /session/df7e3af810ab6d6da1a176f6e8533552/element/f.CC9B589A9DA2186238667A9749121406.d.644CCEE494FE8A4799842FB09364F748.e.2327/click - {}
RESULT: {}
COMMAND: GET /session/df7e3af810ab6d6da1a176f6e8533552/screenshot - {}
RESULT: {}
COMMAND: POST /session/df7e3af810ab6d6da1a176f6e8533552/execute/async - {"script":"<script> [1562 bytes]","args":[{"selector":{"id":"application-managesites-display-component---detailSite--addressDetailDetailsYardText"},"wdio_ui5_key":"applicationmanagesites-display-component---detailSite--addressDetailDetailsYardText"}]}
RESULT: {"script":"<script> [1562 bytes]","args":[{"selector":{"id":"application-managesites-display-component---detailSite--addressDetailDetailsYardText"},"wdio_ui5_key":"applicationmanagesites-display-component---detailSite--addressDetailDetailsYardText"}]}
RESULT: undefined
COMMAND: POST /session/df7e3af810ab6d6da1a176f6e8533552/element - {"using":"xpath","value":"//header/div/div[2]/div[2]/span"}
RESULT: {"using":"xpath","value":"//header/div/div[2]/div[2]/span"}
COMMAND: GET /session/df7e3af810ab6d6da1a176f6e8533552/element/f.CC9B589A9DA2186238667A9749121406.d.644CCEE494FE8A4799842FB09364F748.e.2599/text - {}
RESULT: {}
COMMAND: POST /session/df7e3af810ab6d6da1a176f6e8533552/element - {"using":"xpath","value":"//header/div/div/div/div/div/div[2]/div/span"}
RESULT: {"using":"xpath","value":"//header/div/div/div/div/div/div[2]/div/span"}
COMMAND: GET /session/df7e3af810ab6d6da1a176f6e8533552/element/f.CC9B589A9DA2186238667A9749121406.d.644CCEE494FE8A4799842FB09364F748.e.2600/text - {}
RESULT: {}
COMMAND: POST /session/df7e3af810ab6d6da1a176f6e8533552/element - {"using":"css selector","value":"#shell-header-logo"}
RESULT: {"using":"css selector","value":"#shell-header-logo"}
COMMAND: POST /session/df7e3af810ab6d6da1a176f6e8533552/element/f.CC9B589A9DA2186238667A9749121406.d.644CCEE494FE8A4799842FB09364F748.e.1783/click - {}
RESULT: {}
COMMAND: GET /session/df7e3af810ab6d6da1a176f6e8533552/screenshot - {}
RESULT: {}
]]></system-out>
    </testcase>
    <testcase classname="chrome.135_0_7049_96.windows.Manage_Requests_Tags_Tests_US120163" name="Should Create New Request Tags" time="171.577">
      <system-out><![CDATA[
COMMAND: POST /session/df7e3af810ab6d6da1a176f6e8533552/execute/async - {"script":"<script> [1562 bytes]","args":[{"selector":{"controlType":"sap.m.GenericTile","properties":{"header":"Manage Requests"}},"wdio_ui5_key":"sapm.GenericTile{\"header\":\"Manage Requests\"}"}]}
RESULT: {"script":"<script> [1562 bytes]","args":[{"selector":{"controlType":"sap.m.GenericTile","properties":{"header":"Manage Requests"}},"wdio_ui5_key":"sapm.GenericTile{\"header\":\"Manage Requests\"}"}]}
RESULT: undefined
COMMAND: POST /session/df7e3af810ab6d6da1a176f6e8533552/element - {"using":"xpath","value":"//*[@id=\"__tile47\"]"}
RESULT: {"using":"xpath","value":"//*[@id=\"__tile47\"]"}
COMMAND: POST /session/df7e3af810ab6d6da1a176f6e8533552/element/f.CC9B589A9DA2186238667A9749121406.d.644CCEE494FE8A4799842FB09364F748.e.2602/click - {}
RESULT: {}
COMMAND: GET /session/df7e3af810ab6d6da1a176f6e8533552/screenshot - {}
RESULT: {}
COMMAND: POST /session/df7e3af810ab6d6da1a176f6e8533552/element - {"using":"xpath","value":"//button[contains(@data-kt ,\"btnCreateNewOverflowToolbarButton\")]"}
COMMAND: POST /session/df7e3af810ab6d6da1a176f6e8533552/element - {"using":"xpath","value":"(//span[contains(@class ,\"sapMObjStatusText\")])[1]"}
RESULT: {"using":"xpath","value":"//button[contains(@data-kt ,\"btnCreateNewOverflowToolbarButton\")]"}
COMMAND: POST /session/df7e3af810ab6d6da1a176f6e8533552/element/f.CC9B589A9DA2186238667A9749121406.d.644CCEE494FE8A4799842FB09364F748.e.2659/click - {}
RESULT: {"using":"xpath","value":"(//span[contains(@class ,\"sapMObjStatusText\")])[1]"}
COMMAND: POST /session/df7e3af810ab6d6da1a176f6e8533552/execute/sync - {"script":"<script> [8489 bytes]","args":[{"element-6066-11e4-a52e-4f735466cecf":"f.CC9B589A9DA2186238667A9749121406.d.644CCEE494FE8A4799842FB09364F748.e.2701","ELEMENT":"f.CC9B589A9DA2186238667A9749121406.d.644CCEE494FE8A4799842FB09364F748.e.2701"}]}
RESULT: {}
COMMAND: GET /session/df7e3af810ab6d6da1a176f6e8533552/screenshot - {}
RESULT: {"script":"<script> [8489 bytes]","args":[{"element-6066-11e4-a52e-4f735466cecf":"f.CC9B589A9DA2186238667A9749121406.d.644CCEE494FE8A4799842FB09364F748.e.2701","ELEMENT":"f.CC9B589A9DA2186238667A9749121406.d.644CCEE494FE8A4799842FB09364F748.e.2701"}]}
COMMAND: GET /session/df7e3af810ab6d6da1a176f6e8533552/screenshot - {}
RESULT: {}
RESULT: {}
COMMAND: POST /session/df7e3af810ab6d6da1a176f6e8533552/element - {"using":"xpath","value":"//input[contains(@id ,\"yardId-inner\")]"}
RESULT: {"using":"xpath","value":"//input[contains(@id ,\"yardId-inner\")]"}
COMMAND: POST /session/df7e3af810ab6d6da1a176f6e8533552/execute/sync - {"script":"<script> [8489 bytes]","args":[{"element-6066-11e4-a52e-4f735466cecf":"f.CC9B589A9DA2186238667A9749121406.d.644CCEE494FE8A4799842FB09364F748.e.2893","ELEMENT":"f.CC9B589A9DA2186238667A9749121406.d.644CCEE494FE8A4799842FB09364F748.e.2893"}]}
RESULT: {"script":"<script> [8489 bytes]","args":[{"element-6066-11e4-a52e-4f735466cecf":"f.CC9B589A9DA2186238667A9749121406.d.644CCEE494FE8A4799842FB09364F748.e.2893","ELEMENT":"f.CC9B589A9DA2186238667A9749121406.d.644CCEE494FE8A4799842FB09364F748.e.2893"}]}
COMMAND: POST /session/df7e3af810ab6d6da1a176f6e8533552/element - {"using":"xpath","value":"//input[contains(@id ,\"yardId-inner\")]"}
COMMAND: GET /session/df7e3af810ab6d6da1a176f6e8533552/screenshot - {}
RESULT: {"using":"xpath","value":"//input[contains(@id ,\"yardId-inner\")]"}
COMMAND: GET /session/df7e3af810ab6d6da1a176f6e8533552/element/f.CC9B589A9DA2186238667A9749121406.d.644CCEE494FE8A4799842FB09364F748.e.2893/enabled - {}
RESULT: {}
RESULT: {}
COMMAND: POST /session/df7e3af810ab6d6da1a176f6e8533552/element/f.CC9B589A9DA2186238667A9749121406.d.644CCEE494FE8A4799842FB09364F748.e.2893/clear - {}
COMMAND: GET /session/df7e3af810ab6d6da1a176f6e8533552/screenshot - {}
RESULT: {}
COMMAND: POST /session/df7e3af810ab6d6da1a176f6e8533552/element/f.CC9B589A9DA2186238667A9749121406.d.644CCEE494FE8A4799842FB09364F748.e.2893/value - {"text":"WebdriverYardq4bzeg"}
COMMAND: GET /session/df7e3af810ab6d6da1a176f6e8533552/screenshot - {}
RESULT: {}
RESULT: {"text":"WebdriverYardq4bzeg"}
COMMAND: GET /session/df7e3af810ab6d6da1a176f6e8533552/screenshot - {}
RESULT: {}
RESULT: {}
COMMAND: POST /session/df7e3af810ab6d6da1a176f6e8533552/element - {"using":"xpath","value":"//input[contains(@id ,\"customerNumber-inner\")]"}
RESULT: {"using":"xpath","value":"//input[contains(@id ,\"customerNumber-inner\")]"}
COMMAND: POST /session/df7e3af810ab6d6da1a176f6e8533552/element/f.CC9B589A9DA2186238667A9749121406.d.644CCEE494FE8A4799842FB09364F748.e.2887/value - {"text":"WebdriverPartnerc7b6l"}
COMMAND: POST /session/df7e3af810ab6d6da1a176f6e8533552/actions - {"actions":[{"id":"action5","type":"key","parameters":{},"actions":[{"type":"keyDown","value":"î€‡"},{"type":"pause","duration":10},{"type":"keyUp","value":"î€‡"}]}]}
RESULT: {"actions":[{"id":"action5","type":"key","parameters":{},"actions":[{"type":"keyDown","value":"î€‡"},{"type":"pause","duration":10},{"type":"keyUp","value":"î€‡"}]}]}
COMMAND: GET /session/df7e3af810ab6d6da1a176f6e8533552/screenshot - {}
RESULT: {"text":"WebdriverPartnerc7b6l"}
COMMAND: GET /session/df7e3af810ab6d6da1a176f6e8533552/screenshot - {}
RESULT: {}
COMMAND: POST /session/df7e3af810ab6d6da1a176f6e8533552/element/f.CC9B589A9DA2186238667A9749121406.d.644CCEE494FE8A4799842FB09364F748.e.2893/clear - {}
RESULT: {}
RESULT: {}
COMMAND: POST /session/df7e3af810ab6d6da1a176f6e8533552/element/f.CC9B589A9DA2186238667A9749121406.d.644CCEE494FE8A4799842FB09364F748.e.2893/clear - {}
COMMAND: GET /session/df7e3af810ab6d6da1a176f6e8533552/screenshot - {}
RESULT: {}
COMMAND: POST /session/df7e3af810ab6d6da1a176f6e8533552/element/f.CC9B589A9DA2186238667A9749121406.d.644CCEE494FE8A4799842FB09364F748.e.2893/value - {"text":"WebdriverYardq4bzeg"}
COMMAND: GET /session/df7e3af810ab6d6da1a176f6e8533552/screenshot - {}
RESULT: {}
RESULT: {"text":"WebdriverYardq4bzeg"}
COMMAND: GET /session/df7e3af810ab6d6da1a176f6e8533552/screenshot - {}
RESULT: {}
RESULT: {}
COMMAND: POST /session/df7e3af810ab6d6da1a176f6e8533552/actions - {"actions":[{"id":"action6","type":"key","parameters":{},"actions":[{"type":"keyDown","value":"î€‡"},{"type":"pause","duration":10},{"type":"keyUp","value":"î€‡"}]}]}
RESULT: {"actions":[{"id":"action6","type":"key","parameters":{},"actions":[{"type":"keyDown","value":"î€‡"},{"type":"pause","duration":10},{"type":"keyUp","value":"î€‡"}]}]}
COMMAND: GET /session/df7e3af810ab6d6da1a176f6e8533552/screenshot - {}
RESULT: {}
COMMAND: POST /session/df7e3af810ab6d6da1a176f6e8533552/element - {"using":"xpath","value":"//input[contains(@id ,\"requestSiteId-inner\")]"}
RESULT: {"using":"xpath","value":"//input[contains(@id ,\"requestSiteId-inner\")]"}
COMMAND: POST /session/df7e3af810ab6d6da1a176f6e8533552/element/f.CC9B589A9DA2186238667A9749121406.d.644CCEE494FE8A4799842FB09364F748.e.2886/value - {"text":"WebdriverSite7ggb9j"}
RESULT: {"text":"WebdriverSite7ggb9j"}
COMMAND: GET /session/df7e3af810ab6d6da1a176f6e8533552/screenshot - {}
RESULT: {}
COMMAND: POST /session/df7e3af810ab6d6da1a176f6e8533552/actions - {"actions":[{"id":"action7","type":"key","parameters":{},"actions":[{"type":"keyDown","value":"î€‡"},{"type":"pause","duration":10},{"type":"keyUp","value":"î€‡"}]}]}
RESULT: {"actions":[{"id":"action7","type":"key","parameters":{},"actions":[{"type":"keyDown","value":"î€‡"},{"type":"pause","duration":10},{"type":"keyUp","value":"î€‡"}]}]}
COMMAND: GET /session/df7e3af810ab6d6da1a176f6e8533552/screenshot - {}
RESULT: {}
COMMAND: POST /session/df7e3af810ab6d6da1a176f6e8533552/actions - {"actions":[{"id":"action8","type":"key","parameters":{},"actions":[{"type":"keyDown","value":"î€‡"},{"type":"pause","duration":10},{"type":"keyUp","value":"î€‡"}]}]}
RESULT: {"actions":[{"id":"action8","type":"key","parameters":{},"actions":[{"type":"keyDown","value":"î€‡"},{"type":"pause","duration":10},{"type":"keyUp","value":"î€‡"}]}]}
COMMAND: GET /session/df7e3af810ab6d6da1a176f6e8533552/screenshot - {}
RESULT: {}
COMMAND: POST /session/df7e3af810ab6d6da1a176f6e8533552/execute/async - {"script":"<script> [1562 bytes]","args":[{"selector":{"controlType":"sap.m.Input","viewName":"etm.portal.ui.managerequests.view.NewRequest","bindingPath":{"path":"","propertyPath":"/DESCRIPTION","modelName":"oNewRequestModel"},"interaction":{"idSuffix":"inner"}},"wdio_ui5_key":"etmportal.ui.managerequests.view.NewRequestsap.m.Input{\"path\":\"\",\"propertyPath\":\"/DESCRIPTION\",\"modelName\":\"oNewRequestModel\"}"}]}
RESULT: {"script":"<script> [1562 bytes]","args":[{"selector":{"controlType":"sap.m.Input","viewName":"etm.portal.ui.managerequests.view.NewRequest","bindingPath":{"path":"","propertyPath":"/DESCRIPTION","modelName":"oNewRequestModel"},"interaction":{"idSuffix":"inner"}},"wdio_ui5_key":"etmportal.ui.managerequests.view.NewRequestsap.m.Input{\"path\":\"\",\"propertyPath\":\"/DESCRIPTION\",\"modelName\":\"oNewRequestModel\"}"}]}
RESULT: undefined
COMMAND: POST /session/df7e3af810ab6d6da1a176f6e8533552/execute/async - {"script":"<script> [776 bytes]","args":[{"enterText":"Wdi5 Tags Test","selector":{"controlType":"sap.m.Input","viewName":"etm.portal.ui.managerequests.view.NewRequest","bindingPath":{"path":"","propertyPath":"/DESCRIPTION","modelName":"oNewRequestModel"},"interaction":{"idSuffix":"inner"}},"clearTextFirst":true,"interactionType":"ENTER_TEXT"}]}
RESULT: {"script":"<script> [776 bytes]","args":[{"enterText":"Wdi5 Tags Test","selector":{"controlType":"sap.m.Input","viewName":"etm.portal.ui.managerequests.view.NewRequest","bindingPath":{"path":"","propertyPath":"/DESCRIPTION","modelName":"oNewRequestModel"},"interaction":{"idSuffix":"inner"}},"clearTextFirst":true,"interactionType":"ENTER_TEXT"}]}
COMMAND: POST /session/df7e3af810ab6d6da1a176f6e8533552/execute/async - {"script":"<script> [1562 bytes]","args":[{"selector":{"id":"tagInputAdd","viewName":"etm.portal.ui.managerequests.view.NewRequest","interaction":{"idSuffix":"inner"}},"wdio_ui5_key":"tagInputAddetmportal.ui.managerequests.view.NewRequest"}]}
RESULT: {"script":"<script> [1562 bytes]","args":[{"selector":{"id":"tagInputAdd","viewName":"etm.portal.ui.managerequests.view.NewRequest","interaction":{"idSuffix":"inner"}},"wdio_ui5_key":"tagInputAddetmportal.ui.managerequests.view.NewRequest"}]}
RESULT: undefined
COMMAND: POST /session/df7e3af810ab6d6da1a176f6e8533552/execute/async - {"script":"<script> [776 bytes]","args":[{"enterText":"RefTag","selector":{"id":"tagInputAdd","viewName":"etm.portal.ui.managerequests.view.NewRequest","interaction":{"idSuffix":"inner"}},"clearTextFirst":true,"interactionType":"ENTER_TEXT"}]}
RESULT: {"script":"<script> [776 bytes]","args":[{"enterText":"RefTag","selector":{"id":"tagInputAdd","viewName":"etm.portal.ui.managerequests.view.NewRequest","interaction":{"idSuffix":"inner"}},"clearTextFirst":true,"interactionType":"ENTER_TEXT"}]}
COMMAND: POST /session/df7e3af810ab6d6da1a176f6e8533552/actions - {"actions":[{"id":"action9","type":"key","parameters":{},"actions":[{"type":"keyDown","value":"î€‡"},{"type":"pause","duration":10},{"type":"keyUp","value":"î€‡"}]}]}
RESULT: {"actions":[{"id":"action9","type":"key","parameters":{},"actions":[{"type":"keyDown","value":"î€‡"},{"type":"pause","duration":10},{"type":"keyUp","value":"î€‡"}]}]}
COMMAND: GET /session/df7e3af810ab6d6da1a176f6e8533552/screenshot - {}
RESULT: {}
RESULT: undefined
COMMAND: POST /session/df7e3af810ab6d6da1a176f6e8533552/execute/async - {"script":"<script> [776 bytes]","args":[{"enterText":"tag-header","selector":{"id":"tagInputAdd","viewName":"etm.portal.ui.managerequests.view.NewRequest","interaction":{"idSuffix":"inner"}},"clearTextFirst":true,"interactionType":"ENTER_TEXT"}]}
RESULT: {"script":"<script> [776 bytes]","args":[{"enterText":"tag-header","selector":{"id":"tagInputAdd","viewName":"etm.portal.ui.managerequests.view.NewRequest","interaction":{"idSuffix":"inner"}},"clearTextFirst":true,"interactionType":"ENTER_TEXT"}]}
COMMAND: POST /session/df7e3af810ab6d6da1a176f6e8533552/actions - {"actions":[{"id":"action10","type":"key","parameters":{},"actions":[{"type":"keyDown","value":"î€‡"},{"type":"pause","duration":10},{"type":"keyUp","value":"î€‡"}]}]}
RESULT: {"actions":[{"id":"action10","type":"key","parameters":{},"actions":[{"type":"keyDown","value":"î€‡"},{"type":"pause","duration":10},{"type":"keyUp","value":"î€‡"}]}]}
COMMAND: GET /session/df7e3af810ab6d6da1a176f6e8533552/screenshot - {}
RESULT: {}
RESULT: undefined
COMMAND: POST /session/df7e3af810ab6d6da1a176f6e8533552/execute/async - {"script":"<script> [776 bytes]","args":[{"enterText":"tag-duplicate","selector":{"id":"tagInputAdd","viewName":"etm.portal.ui.managerequests.view.NewRequest","interaction":{"idSuffix":"inner"}},"clearTextFirst":true,"interactionType":"ENTER_TEXT"}]}
RESULT: {"script":"<script> [776 bytes]","args":[{"enterText":"tag-duplicate","selector":{"id":"tagInputAdd","viewName":"etm.portal.ui.managerequests.view.NewRequest","interaction":{"idSuffix":"inner"}},"clearTextFirst":true,"interactionType":"ENTER_TEXT"}]}
COMMAND: POST /session/df7e3af810ab6d6da1a176f6e8533552/actions - {"actions":[{"id":"action11","type":"key","parameters":{},"actions":[{"type":"keyDown","value":"î€‡"},{"type":"pause","duration":10},{"type":"keyUp","value":"î€‡"}]}]}
RESULT: {"actions":[{"id":"action11","type":"key","parameters":{},"actions":[{"type":"keyDown","value":"î€‡"},{"type":"pause","duration":10},{"type":"keyUp","value":"î€‡"}]}]}
COMMAND: GET /session/df7e3af810ab6d6da1a176f6e8533552/screenshot - {}
RESULT: {}
COMMAND: POST /session/df7e3af810ab6d6da1a176f6e8533552/execute/async - {"script":"<script> [1562 bytes]","args":[{"selector":{"id":"tagsLayoutAdd","viewName":"etm.portal.ui.managerequests.view.NewRequest"},"wdio_ui5_key":"tagsLayoutAddetmportal.ui.managerequests.view.NewRequest"}]}
RESULT: {"script":"<script> [1562 bytes]","args":[{"selector":{"id":"tagsLayoutAdd","viewName":"etm.portal.ui.managerequests.view.NewRequest"},"wdio_ui5_key":"tagsLayoutAddetmportal.ui.managerequests.view.NewRequest"}]}
RESULT: undefined
COMMAND: POST /session/df7e3af810ab6d6da1a176f6e8533552/execute/async - {"script":"<script> [6424 bytes]","args":[{"element-6066-11e4-a52e-4f735466cecf":"f.CC9B589A9DA2186238667A9749121406.d.644CCEE494FE8A4799842FB09364F748.e.3032"},"getTokens",[]]}
RESULT: {"script":"<script> [6424 bytes]","args":[{"element-6066-11e4-a52e-4f735466cecf":"f.CC9B589A9DA2186238667A9749121406.d.644CCEE494FE8A4799842FB09364F748.e.3032"},"getTokens",[]]}
COMMAND: POST /session/df7e3af810ab6d6da1a176f6e8533552/execute/async - {"script":"<script> [1562 bytes]","args":[{"wdio_ui5_key":"__token9","selector":{"id":"__token9"}}]}
COMMAND: POST /session/df7e3af810ab6d6da1a176f6e8533552/execute/async - {"script":"<script> [1562 bytes]","args":[{"wdio_ui5_key":"__token10","selector":{"id":"__token10"}}]}
COMMAND: POST /session/df7e3af810ab6d6da1a176f6e8533552/execute/async - {"script":"<script> [1562 bytes]","args":[{"wdio_ui5_key":"__token8","selector":{"id":"__token8"}}]}
RESULT: {"script":"<script> [1562 bytes]","args":[{"wdio_ui5_key":"__token8","selector":{"id":"__token8"}}]}
RESULT: undefined
RESULT: {"script":"<script> [1562 bytes]","args":[{"wdio_ui5_key":"__token10","selector":{"id":"__token10"}}]}
RESULT: undefined
RESULT: {"script":"<script> [1562 bytes]","args":[{"wdio_ui5_key":"__token9","selector":{"id":"__token9"}}]}
RESULT: undefined
COMMAND: POST /session/df7e3af810ab6d6da1a176f6e8533552/execute/async - {"script":"<script> [1562 bytes]","args":[{"selector":{"controlType":"sap.ui.core.Icon","viewName":"etm.portal.ui.managerequests.view.NewRequest","properties":{"src":{"regex":{"source":"decline"}}},"ancestor":{"controlType":"sap.m.Token","viewName":"etm.portal.ui.managerequests.view.NewRequest","properties":{"text":"tag-duplicate"}}},"wdio_ui5_key":"etmportal.ui.managerequests.view.NewRequestsap.ui.core.Icon{\"src\":{\"regex\":{\"source\":\"decline\"}}}{\"controlType\":\"sap.m.Token\",\"viewName\":\"etm.portal.ui.managerequests.view.NewRequest\",\"properties\":{\"text\":\"tag-duplicate\"}}"}]}
RESULT: {"script":"<script> [1562 bytes]","args":[{"selector":{"controlType":"sap.ui.core.Icon","viewName":"etm.portal.ui.managerequests.view.NewRequest","properties":{"src":{"regex":{"source":"decline"}}},"ancestor":{"controlType":"sap.m.Token","viewName":"etm.portal.ui.managerequests.view.NewRequest","properties":{"text":"tag-duplicate"}}},"wdio_ui5_key":"etmportal.ui.managerequests.view.NewRequestsap.ui.core.Icon{\"src\":{\"regex\":{\"source\":\"decline\"}}}{\"controlType\":\"sap.m.Token\",\"viewName\":\"etm.portal.ui.managerequests.view.NewRequest\",\"properties\":{\"text\":\"tag-duplicate\"}}"}]}
RESULT: undefined
COMMAND: POST /session/df7e3af810ab6d6da1a176f6e8533552/element - {"using":"xpath","value":"//*[@id=\"__token10-icon\"]"}
RESULT: {"using":"xpath","value":"//*[@id=\"__token10-icon\"]"}
COMMAND: POST /session/df7e3af810ab6d6da1a176f6e8533552/element/f.CC9B589A9DA2186238667A9749121406.d.644CCEE494FE8A4799842FB09364F748.e.3055/click - {}
RESULT: {}
COMMAND: POST /session/df7e3af810ab6d6da1a176f6e8533552/execute/async - {"script":"<script> [1562 bytes]","args":[{"selector":{"controlType":"sap.ui.core.Icon","viewName":"etm.portal.ui.managerequests.view.NewRequest","properties":{"src":{"regex":{"source":"decline"}}},"ancestor":{"controlType":"sap.m.Token","viewName":"etm.portal.ui.managerequests.view.NewRequest","properties":{"text":"tag1"}}},"wdio_ui5_key":"etmportal.ui.managerequests.view.NewRequestsap.ui.core.Icon{\"src\":{\"regex\":{\"source\":\"decline\"}}}{\"controlType\":\"sap.m.Token\",\"viewName\":\"etm.portal.ui.managerequests.view.NewRequest\",\"properties\":{\"text\":\"tag1\"}}"}]}
COMMAND: GET /session/df7e3af810ab6d6da1a176f6e8533552/screenshot - {}
RESULT: {"script":"<script> [1562 bytes]","args":[{"selector":{"controlType":"sap.ui.core.Icon","viewName":"etm.portal.ui.managerequests.view.NewRequest","properties":{"src":{"regex":{"source":"decline"}}},"ancestor":{"controlType":"sap.m.Token","viewName":"etm.portal.ui.managerequests.view.NewRequest","properties":{"text":"tag1"}}},"wdio_ui5_key":"etmportal.ui.managerequests.view.NewRequestsap.ui.core.Icon{\"src\":{\"regex\":{\"source\":\"decline\"}}}{\"controlType\":\"sap.m.Token\",\"viewName\":\"etm.portal.ui.managerequests.view.NewRequest\",\"properties\":{\"text\":\"tag1\"}}"}]}
RESULT: undefined
RESULT: {}
COMMAND: POST /session/df7e3af810ab6d6da1a176f6e8533552/actions - {"actions":[{"id":"action12","type":"key","parameters":{},"actions":[{"type":"keyDown","value":"î€Œ"},{"type":"pause","duration":10},{"type":"keyUp","value":"î€Œ"}]}]}
RESULT: {"actions":[{"id":"action12","type":"key","parameters":{},"actions":[{"type":"keyDown","value":"î€Œ"},{"type":"pause","duration":10},{"type":"keyUp","value":"î€Œ"}]}]}
COMMAND: GET /session/df7e3af810ab6d6da1a176f6e8533552/screenshot - {}
RESULT: {}
RESULT: undefined
COMMAND: POST /session/df7e3af810ab6d6da1a176f6e8533552/execute/async - {"script":"<script> [6424 bytes]","args":[{"element-6066-11e4-a52e-4f735466cecf":"f.CC9B589A9DA2186238667A9749121406.d.644CCEE494FE8A4799842FB09364F748.e.3032"},"getTokens",[]]}
RESULT: {"script":"<script> [6424 bytes]","args":[{"element-6066-11e4-a52e-4f735466cecf":"f.CC9B589A9DA2186238667A9749121406.d.644CCEE494FE8A4799842FB09364F748.e.3032"},"getTokens",[]]}
RESULT: undefined
RESULT: undefined
COMMAND: POST /session/df7e3af810ab6d6da1a176f6e8533552/execute/async - {"script":"<script> [1562 bytes]","args":[{"selector":{"controlType":"sap.m.Button","viewName":"etm.portal.ui.managerequests.view.NewRequest","properties":{"text":"Items"},"interaction":{"idSuffix":"BDI-content"}},"wdio_ui5_key":"etmportal.ui.managerequests.view.NewRequestsap.m.Button{\"text\":\"Items\"}"}]}
RESULT: {"script":"<script> [1562 bytes]","args":[{"selector":{"controlType":"sap.m.Button","viewName":"etm.portal.ui.managerequests.view.NewRequest","properties":{"text":"Items"},"interaction":{"idSuffix":"BDI-content"}},"wdio_ui5_key":"etmportal.ui.managerequests.view.NewRequestsap.m.Button{\"text\":\"Items\"}"}]}
RESULT: undefined
COMMAND: POST /session/df7e3af810ab6d6da1a176f6e8533552/element - {"using":"xpath","value":"//*[@id=\"__xmlview59--newRequestPage-anchBar-__xmlview59--requestItemsSection-anchor\"]"}
RESULT: {"using":"xpath","value":"//*[@id=\"__xmlview59--newRequestPage-anchBar-__xmlview59--requestItemsSection-anchor\"]"}
COMMAND: POST /session/df7e3af810ab6d6da1a176f6e8533552/element/f.CC9B589A9DA2186238667A9749121406.d.644CCEE494FE8A4799842FB09364F748.e.3062/click - {}
RESULT: {}
COMMAND: GET /session/df7e3af810ab6d6da1a176f6e8533552/screenshot - {}
RESULT: {}
COMMAND: POST /session/df7e3af810ab6d6da1a176f6e8533552/execute/async - {"script":"<script> [1562 bytes]","args":[{"selector":{"controlType":"sap.ui.core.Icon","viewName":"etm.portal.ui.managerequests.view.NewRequest","properties":{"src":{"regex":{"source":"inspect"}}}},"wdio_ui5_key":"etmportal.ui.managerequests.view.NewRequestsap.ui.core.Icon{\"src\":{\"regex\":{\"source\":\"inspect\"}}}"}]}
RESULT: {"script":"<script> [1562 bytes]","args":[{"selector":{"controlType":"sap.ui.core.Icon","viewName":"etm.portal.ui.managerequests.view.NewRequest","properties":{"src":{"regex":{"source":"inspect"}}}},"wdio_ui5_key":"etmportal.ui.managerequests.view.NewRequestsap.ui.core.Icon{\"src\":{\"regex\":{\"source\":\"inspect\"}}}"}]}
RESULT: undefined
COMMAND: POST /session/df7e3af810ab6d6da1a176f6e8533552/element - {"using":"xpath","value":"//*[@id=\"__button114-img\"]"}
RESULT: {"using":"xpath","value":"//*[@id=\"__button114-img\"]"}
COMMAND: POST /session/df7e3af810ab6d6da1a176f6e8533552/element/f.CC9B589A9DA2186238667A9749121406.d.644CCEE494FE8A4799842FB09364F748.e.3067/click - {}
RESULT: {}
COMMAND: GET /session/df7e3af810ab6d6da1a176f6e8533552/screenshot - {}
RESULT: {}
COMMAND: POST /session/df7e3af810ab6d6da1a176f6e8533552/execute/async - {"script":"<script> [1562 bytes]","args":[{"selector":{"controlType":"sap.ui.core.Icon","viewName":"etm.portal.ui.managerequests.view.NewRequest","properties":{"src":{"regex":{"source":"add"}}}},"wdio_ui5_key":"etmportal.ui.managerequests.view.NewRequestsap.ui.core.Icon{\"src\":{\"regex\":{\"source\":\"add\"}}}"}]}
RESULT: {"script":"<script> [1562 bytes]","args":[{"selector":{"controlType":"sap.ui.core.Icon","viewName":"etm.portal.ui.managerequests.view.NewRequest","properties":{"src":{"regex":{"source":"add"}}}},"wdio_ui5_key":"etmportal.ui.managerequests.view.NewRequestsap.ui.core.Icon{\"src\":{\"regex\":{\"source\":\"add\"}}}"}]}
RESULT: undefined
COMMAND: POST /session/df7e3af810ab6d6da1a176f6e8533552/element - {"using":"xpath","value":"//*[@id=\"__xmlview59--btnAddTableRow-img\"]"}
RESULT: {"using":"xpath","value":"//*[@id=\"__xmlview59--btnAddTableRow-img\"]"}
COMMAND: POST /session/df7e3af810ab6d6da1a176f6e8533552/element/f.CC9B589A9DA2186238667A9749121406.d.644CCEE494FE8A4799842FB09364F748.e.2867/click - {}
RESULT: {}
COMMAND: GET /session/df7e3af810ab6d6da1a176f6e8533552/screenshot - {}
RESULT: {}
COMMAND: POST /session/df7e3af810ab6d6da1a176f6e8533552/execute/async - {"script":"<script> [1562 bytes]","args":[{"selector":{"controlType":"sap.ui.unified.MenuItem","viewName":"etm.portal.ui.managerequests.view.NewRequest","i18NText":{"propertyName":"text","key":"standardEntry"},"searchOpenDialogs":true,"interaction":{"idSuffix":"txt"}},"wdio_ui5_key":"etmportal.ui.managerequests.view.NewRequestsap.ui.unified.MenuItem{\"propertyName\":\"text\",\"key\":\"standardEntry\"}"}]}
RESULT: {"script":"<script> [1562 bytes]","args":[{"selector":{"controlType":"sap.ui.unified.MenuItem","viewName":"etm.portal.ui.managerequests.view.NewRequest","i18NText":{"propertyName":"text","key":"standardEntry"},"searchOpenDialogs":true,"interaction":{"idSuffix":"txt"}},"wdio_ui5_key":"etmportal.ui.managerequests.view.NewRequestsap.ui.unified.MenuItem{\"propertyName\":\"text\",\"key\":\"standardEntry\"}"}]}
RESULT: undefined
COMMAND: POST /session/df7e3af810ab6d6da1a176f6e8533552/element - {"using":"xpath","value":"//*[@id=\"__item967\"]"}
RESULT: {"using":"xpath","value":"//*[@id=\"__item967\"]"}
COMMAND: POST /session/df7e3af810ab6d6da1a176f6e8533552/element/f.CC9B589A9DA2186238667A9749121406.d.644CCEE494FE8A4799842FB09364F748.e.3075/click - {}
RESULT: {}
COMMAND: GET /session/df7e3af810ab6d6da1a176f6e8533552/screenshot - {}
RESULT: {}
RESULT: undefined
COMMAND: POST /session/df7e3af810ab6d6da1a176f6e8533552/element - {"using":"xpath","value":"//*[@id=\"__xmlview59--btnAddTableRow-img\"]"}
RESULT: {"using":"xpath","value":"//*[@id=\"__xmlview59--btnAddTableRow-img\"]"}
COMMAND: POST /session/df7e3af810ab6d6da1a176f6e8533552/element/f.CC9B589A9DA2186238667A9749121406.d.644CCEE494FE8A4799842FB09364F748.e.2867/click - {}
RESULT: {}
COMMAND: GET /session/df7e3af810ab6d6da1a176f6e8533552/screenshot - {}
RESULT: {}
RESULT: undefined
COMMAND: POST /session/df7e3af810ab6d6da1a176f6e8533552/element - {"using":"xpath","value":"//*[@id=\"__item967\"]"}
RESULT: {"using":"xpath","value":"//*[@id=\"__item967\"]"}
COMMAND: POST /session/df7e3af810ab6d6da1a176f6e8533552/element/f.CC9B589A9DA2186238667A9749121406.d.644CCEE494FE8A4799842FB09364F748.e.3096/click - {}
RESULT: {}
COMMAND: GET /session/df7e3af810ab6d6da1a176f6e8533552/screenshot - {}
RESULT: {}
COMMAND: POST /session/df7e3af810ab6d6da1a176f6e8533552/element - {"using":"xpath","value":"(//input[contains(@id ,\"requestItemsTable-0-inner\")])[5]"}
RESULT: {"using":"xpath","value":"(//input[contains(@id ,\"requestItemsTable-0-inner\")])[5]"}
COMMAND: POST /session/df7e3af810ab6d6da1a176f6e8533552/element/f.CC9B589A9DA2186238667A9749121406.d.644CCEE494FE8A4799842FB09364F748.e.3087/clear - {}
RESULT: {}
COMMAND: POST /session/df7e3af810ab6d6da1a176f6e8533552/element/f.CC9B589A9DA2186238667A9749121406.d.644CCEE494FE8A4799842FB09364F748.e.3087/value - {"text":"1000001"}
COMMAND: GET /session/df7e3af810ab6d6da1a176f6e8533552/screenshot - {}
RESULT: {"text":"1000001"}
COMMAND: GET /session/df7e3af810ab6d6da1a176f6e8533552/screenshot - {}
RESULT: {}
RESULT: {}
COMMAND: POST /session/df7e3af810ab6d6da1a176f6e8533552/actions - {"actions":[{"id":"action13","type":"key","parameters":{},"actions":[{"type":"keyDown","value":"î€‡"},{"type":"pause","duration":10},{"type":"keyUp","value":"î€‡"}]}]}
RESULT: {"actions":[{"id":"action13","type":"key","parameters":{},"actions":[{"type":"keyDown","value":"î€‡"},{"type":"pause","duration":10},{"type":"keyUp","value":"î€‡"}]}]}
COMMAND: POST /session/df7e3af810ab6d6da1a176f6e8533552/element - {"using":"xpath","value":"(//input[contains(@id ,\"requestItemsTable-1-inner\")])[5]"}
COMMAND: GET /session/df7e3af810ab6d6da1a176f6e8533552/screenshot - {}
RESULT: {"using":"xpath","value":"(//input[contains(@id ,\"requestItemsTable-1-inner\")])[5]"}
COMMAND: POST /session/df7e3af810ab6d6da1a176f6e8533552/element/f.CC9B589A9DA2186238667A9749121406.d.644CCEE494FE8A4799842FB09364F748.e.3102/clear - {}
RESULT: {}
RESULT: {}
COMMAND: POST /session/df7e3af810ab6d6da1a176f6e8533552/element/f.CC9B589A9DA2186238667A9749121406.d.644CCEE494FE8A4799842FB09364F748.e.3102/value - {"text":"1000002"}
COMMAND: GET /session/df7e3af810ab6d6da1a176f6e8533552/screenshot - {}
RESULT: {"text":"1000002"}
COMMAND: GET /session/df7e3af810ab6d6da1a176f6e8533552/screenshot - {}
RESULT: {}
RESULT: {}
COMMAND: POST /session/df7e3af810ab6d6da1a176f6e8533552/actions - {"actions":[{"id":"action14","type":"key","parameters":{},"actions":[{"type":"keyDown","value":"î€‡"},{"type":"pause","duration":10},{"type":"keyUp","value":"î€‡"}]}]}
RESULT: {"actions":[{"id":"action14","type":"key","parameters":{},"actions":[{"type":"keyDown","value":"î€‡"},{"type":"pause","duration":10},{"type":"keyUp","value":"î€‡"}]}]}
COMMAND: POST /session/df7e3af810ab6d6da1a176f6e8533552/execute/async - {"script":"<script> [1562 bytes]","args":[{"selector":{"controlType":"sap.m.Input","viewName":"etm.portal.ui.managerequests.view.NewRequest","bindingPath":{"path":"","propertyPath":"/Tags","modelName":"catalogModel"},"ancestor":{"controlType":"sap.m.ColumnListItem","viewName":"etm.portal.ui.managerequests.view.NewRequest","bindingPath":{"modelName":"newRequestItems","path":"/RequestItems/0"},"ancestor":{"id":"requestItemsTable","viewName":"etm.portal.ui.managerequests.view.NewRequest"}},"interaction":{"idSuffix":"inner"}},"wdio_ui5_key":"etmportal.ui.managerequests.view.NewRequestsap.m.Input{\"path\":\"\",\"propertyPath\":\"/Tags\",\"modelName\":\"catalogModel\"}{\"controlType\":\"sap.m.ColumnListItem\",\"viewName\":\"etm.portal.ui.managerequests.view.NewRequest\",\"bindingPath\":{\"modelName\":\"newRequestItems\",\"path\":\"/RequestItems/0\"},\"ancestor\":{\"id\":\"requestItemsTable\",\"viewName\":\"etm.portal.ui.managerequests.view.NewRequest\"}}"}]}
COMMAND: GET /session/df7e3af810ab6d6da1a176f6e8533552/screenshot - {}
RESULT: {"script":"<script> [1562 bytes]","args":[{"selector":{"controlType":"sap.m.Input","viewName":"etm.portal.ui.managerequests.view.NewRequest","bindingPath":{"path":"","propertyPath":"/Tags","modelName":"catalogModel"},"ancestor":{"controlType":"sap.m.ColumnListItem","viewName":"etm.portal.ui.managerequests.view.NewRequest","bindingPath":{"modelName":"newRequestItems","path":"/RequestItems/0"},"ancestor":{"id":"requestItemsTable","viewName":"etm.portal.ui.managerequests.view.NewRequest"}},"interaction":{"idSuffix":"inner"}},"wdio_ui5_key":"etmportal.ui.managerequests.view.NewRequestsap.m.Input{\"path\":\"\",\"propertyPath\":\"/Tags\",\"modelName\":\"catalogModel\"}{\"controlType\":\"sap.m.ColumnListItem\",\"viewName\":\"etm.portal.ui.managerequests.view.NewRequest\",\"bindingPath\":{\"modelName\":\"newRequestItems\",\"path\":\"/RequestItems/0\"},\"ancestor\":{\"id\":\"requestItemsTable\",\"viewName\":\"etm.portal.ui.managerequests.view.NewRequest\"}}"}]}
RESULT: undefined
COMMAND: POST /session/df7e3af810ab6d6da1a176f6e8533552/execute/async - {"script":"<script> [776 bytes]","args":[{"enterText":"tag1","selector":{"controlType":"sap.m.Input","viewName":"etm.portal.ui.managerequests.view.NewRequest","bindingPath":{"path":"","propertyPath":"/Tags","modelName":"catalogModel"},"ancestor":{"controlType":"sap.m.ColumnListItem","viewName":"etm.portal.ui.managerequests.view.NewRequest","bindingPath":{"modelName":"newRequestItems","path":"/RequestItems/0"},"ancestor":{"id":"requestItemsTable","viewName":"etm.portal.ui.managerequests.view.NewRequest"}},"interaction":{"idSuffix":"inner"}},"clearTextFirst":true,"interactionType":"ENTER_TEXT"}]}
RESULT: {}
RESULT: {"script":"<script> [776 bytes]","args":[{"enterText":"tag1","selector":{"controlType":"sap.m.Input","viewName":"etm.portal.ui.managerequests.view.NewRequest","bindingPath":{"path":"","propertyPath":"/Tags","modelName":"catalogModel"},"ancestor":{"controlType":"sap.m.ColumnListItem","viewName":"etm.portal.ui.managerequests.view.NewRequest","bindingPath":{"modelName":"newRequestItems","path":"/RequestItems/0"},"ancestor":{"id":"requestItemsTable","viewName":"etm.portal.ui.managerequests.view.NewRequest"}},"interaction":{"idSuffix":"inner"}},"clearTextFirst":true,"interactionType":"ENTER_TEXT"}]}
COMMAND: POST /session/df7e3af810ab6d6da1a176f6e8533552/actions - {"actions":[{"id":"action15","type":"key","parameters":{},"actions":[{"type":"keyDown","value":"î€‡"},{"type":"pause","duration":10},{"type":"keyUp","value":"î€‡"}]}]}
RESULT: {"actions":[{"id":"action15","type":"key","parameters":{},"actions":[{"type":"keyDown","value":"î€‡"},{"type":"pause","duration":10},{"type":"keyUp","value":"î€‡"}]}]}
RESULT: undefined
COMMAND: POST /session/df7e3af810ab6d6da1a176f6e8533552/execute/async - {"script":"<script> [776 bytes]","args":[{"enterText":"tag-duplicate","selector":{"controlType":"sap.m.Input","viewName":"etm.portal.ui.managerequests.view.NewRequest","bindingPath":{"path":"","propertyPath":"/Tags","modelName":"catalogModel"},"ancestor":{"controlType":"sap.m.ColumnListItem","viewName":"etm.portal.ui.managerequests.view.NewRequest","bindingPath":{"modelName":"newRequestItems","path":"/RequestItems/0"},"ancestor":{"id":"requestItemsTable","viewName":"etm.portal.ui.managerequests.view.NewRequest"}},"interaction":{"idSuffix":"inner"}},"clearTextFirst":true,"interactionType":"ENTER_TEXT"}]}
COMMAND: GET /session/df7e3af810ab6d6da1a176f6e8533552/screenshot - {}
RESULT: {"script":"<script> [776 bytes]","args":[{"enterText":"tag-duplicate","selector":{"controlType":"sap.m.Input","viewName":"etm.portal.ui.managerequests.view.NewRequest","bindingPath":{"path":"","propertyPath":"/Tags","modelName":"catalogModel"},"ancestor":{"controlType":"sap.m.ColumnListItem","viewName":"etm.portal.ui.managerequests.view.NewRequest","bindingPath":{"modelName":"newRequestItems","path":"/RequestItems/0"},"ancestor":{"id":"requestItemsTable","viewName":"etm.portal.ui.managerequests.view.NewRequest"}},"interaction":{"idSuffix":"inner"}},"clearTextFirst":true,"interactionType":"ENTER_TEXT"}]}
RESULT: {}
COMMAND: POST /session/df7e3af810ab6d6da1a176f6e8533552/actions - {"actions":[{"id":"action16","type":"key","parameters":{},"actions":[{"type":"keyDown","value":"î€‡"},{"type":"pause","duration":10},{"type":"keyUp","value":"î€‡"}]}]}
RESULT: {"actions":[{"id":"action16","type":"key","parameters":{},"actions":[{"type":"keyDown","value":"î€‡"},{"type":"pause","duration":10},{"type":"keyUp","value":"î€‡"}]}]}
COMMAND: GET /session/df7e3af810ab6d6da1a176f6e8533552/screenshot - {}
RESULT: {}
COMMAND: POST /session/df7e3af810ab6d6da1a176f6e8533552/execute/async - {"script":"<script> [1562 bytes]","args":[{"selector":{"controlType":"sap.m.Input","viewName":"etm.portal.ui.managerequests.view.NewRequest","bindingPath":{"path":"","propertyPath":"/Tags","modelName":"catalogModel"},"ancestor":{"controlType":"sap.m.ColumnListItem","viewName":"etm.portal.ui.managerequests.view.NewRequest","bindingPath":{"modelName":"newRequestItems","path":"/RequestItems/1"},"ancestor":{"id":"requestItemsTable","viewName":"etm.portal.ui.managerequests.view.NewRequest"}},"interaction":{"idSuffix":"inner"}},"wdio_ui5_key":"etmportal.ui.managerequests.view.NewRequestsap.m.Input{\"path\":\"\",\"propertyPath\":\"/Tags\",\"modelName\":\"catalogModel\"}{\"controlType\":\"sap.m.ColumnListItem\",\"viewName\":\"etm.portal.ui.managerequests.view.NewRequest\",\"bindingPath\":{\"modelName\":\"newRequestItems\",\"path\":\"/RequestItems/1\"},\"ancestor\":{\"id\":\"requestItemsTable\",\"viewName\":\"etm.portal.ui.managerequests.view.NewRequest\"}}"}]}
RESULT: {"script":"<script> [1562 bytes]","args":[{"selector":{"controlType":"sap.m.Input","viewName":"etm.portal.ui.managerequests.view.NewRequest","bindingPath":{"path":"","propertyPath":"/Tags","modelName":"catalogModel"},"ancestor":{"controlType":"sap.m.ColumnListItem","viewName":"etm.portal.ui.managerequests.view.NewRequest","bindingPath":{"modelName":"newRequestItems","path":"/RequestItems/1"},"ancestor":{"id":"requestItemsTable","viewName":"etm.portal.ui.managerequests.view.NewRequest"}},"interaction":{"idSuffix":"inner"}},"wdio_ui5_key":"etmportal.ui.managerequests.view.NewRequestsap.m.Input{\"path\":\"\",\"propertyPath\":\"/Tags\",\"modelName\":\"catalogModel\"}{\"controlType\":\"sap.m.ColumnListItem\",\"viewName\":\"etm.portal.ui.managerequests.view.NewRequest\",\"bindingPath\":{\"modelName\":\"newRequestItems\",\"path\":\"/RequestItems/1\"},\"ancestor\":{\"id\":\"requestItemsTable\",\"viewName\":\"etm.portal.ui.managerequests.view.NewRequest\"}}"}]}
RESULT: undefined
COMMAND: POST /session/df7e3af810ab6d6da1a176f6e8533552/execute/async - {"script":"<script> [776 bytes]","args":[{"enterText":"tag1","selector":{"controlType":"sap.m.Input","viewName":"etm.portal.ui.managerequests.view.NewRequest","bindingPath":{"path":"","propertyPath":"/Tags","modelName":"catalogModel"},"ancestor":{"controlType":"sap.m.ColumnListItem","viewName":"etm.portal.ui.managerequests.view.NewRequest","bindingPath":{"modelName":"newRequestItems","path":"/RequestItems/1"},"ancestor":{"id":"requestItemsTable","viewName":"etm.portal.ui.managerequests.view.NewRequest"}},"interaction":{"idSuffix":"inner"}},"clearTextFirst":true,"interactionType":"ENTER_TEXT"}]}
RESULT: {"script":"<script> [776 bytes]","args":[{"enterText":"tag1","selector":{"controlType":"sap.m.Input","viewName":"etm.portal.ui.managerequests.view.NewRequest","bindingPath":{"path":"","propertyPath":"/Tags","modelName":"catalogModel"},"ancestor":{"controlType":"sap.m.ColumnListItem","viewName":"etm.portal.ui.managerequests.view.NewRequest","bindingPath":{"modelName":"newRequestItems","path":"/RequestItems/1"},"ancestor":{"id":"requestItemsTable","viewName":"etm.portal.ui.managerequests.view.NewRequest"}},"interaction":{"idSuffix":"inner"}},"clearTextFirst":true,"interactionType":"ENTER_TEXT"}]}
COMMAND: POST /session/df7e3af810ab6d6da1a176f6e8533552/actions - {"actions":[{"id":"action17","type":"key","parameters":{},"actions":[{"type":"keyDown","value":"î€‡"},{"type":"pause","duration":10},{"type":"keyUp","value":"î€‡"}]}]}
RESULT: {"actions":[{"id":"action17","type":"key","parameters":{},"actions":[{"type":"keyDown","value":"î€‡"},{"type":"pause","duration":10},{"type":"keyUp","value":"î€‡"}]}]}
RESULT: undefined
COMMAND: POST /session/df7e3af810ab6d6da1a176f6e8533552/execute/async - {"script":"<script> [776 bytes]","args":[{"enterText":"tag-duplicate","selector":{"controlType":"sap.m.Input","viewName":"etm.portal.ui.managerequests.view.NewRequest","bindingPath":{"path":"","propertyPath":"/Tags","modelName":"catalogModel"},"ancestor":{"controlType":"sap.m.ColumnListItem","viewName":"etm.portal.ui.managerequests.view.NewRequest","bindingPath":{"modelName":"newRequestItems","path":"/RequestItems/1"},"ancestor":{"id":"requestItemsTable","viewName":"etm.portal.ui.managerequests.view.NewRequest"}},"interaction":{"idSuffix":"inner"}},"clearTextFirst":true,"interactionType":"ENTER_TEXT"}]}
COMMAND: GET /session/df7e3af810ab6d6da1a176f6e8533552/screenshot - {}
RESULT: {"script":"<script> [776 bytes]","args":[{"enterText":"tag-duplicate","selector":{"controlType":"sap.m.Input","viewName":"etm.portal.ui.managerequests.view.NewRequest","bindingPath":{"path":"","propertyPath":"/Tags","modelName":"catalogModel"},"ancestor":{"controlType":"sap.m.ColumnListItem","viewName":"etm.portal.ui.managerequests.view.NewRequest","bindingPath":{"modelName":"newRequestItems","path":"/RequestItems/1"},"ancestor":{"id":"requestItemsTable","viewName":"etm.portal.ui.managerequests.view.NewRequest"}},"interaction":{"idSuffix":"inner"}},"clearTextFirst":true,"interactionType":"ENTER_TEXT"}]}
RESULT: {}
COMMAND: POST /session/df7e3af810ab6d6da1a176f6e8533552/actions - {"actions":[{"id":"action18","type":"key","parameters":{},"actions":[{"type":"keyDown","value":"î€‡"},{"type":"pause","duration":10},{"type":"keyUp","value":"î€‡"}]}]}
RESULT: {"actions":[{"id":"action18","type":"key","parameters":{},"actions":[{"type":"keyDown","value":"î€‡"},{"type":"pause","duration":10},{"type":"keyUp","value":"î€‡"}]}]}
COMMAND: GET /session/df7e3af810ab6d6da1a176f6e8533552/screenshot - {}
RESULT: {}
COMMAND: POST /session/df7e3af810ab6d6da1a176f6e8533552/execute/async - {"script":"<script> [1562 bytes]","args":[{"selector":{"controlType":"sap.ui.core.Icon","viewName":"etm.portal.ui.managerequests.view.NewRequest","properties":{"src":{"regex":{"source":"slim\\-arrow\\-down"}}},"ancestor":{"controlType":"sap.m.Button","viewName":"etm.portal.ui.managerequests.view.NewRequest","properties":{"icon":"sap-icon://slim-arrow-down"}}},"wdio_ui5_key":"etmportal.ui.managerequests.view.NewRequestsap.ui.core.Icon{\"src\":{\"regex\":{\"source\":\"slim\\\\-arrow\\\\-down\"}}}{\"controlType\":\"sap.m.Button\",\"viewName\":\"etm.portal.ui.managerequests.view.NewRequest\",\"properties\":{\"icon\":\"sap-icon://slim-arrow-down\"}}"}]}
RESULT: {"script":"<script> [1562 bytes]","args":[{"selector":{"controlType":"sap.ui.core.Icon","viewName":"etm.portal.ui.managerequests.view.NewRequest","properties":{"src":{"regex":{"source":"slim\\-arrow\\-down"}}},"ancestor":{"controlType":"sap.m.Button","viewName":"etm.portal.ui.managerequests.view.NewRequest","properties":{"icon":"sap-icon://slim-arrow-down"}}},"wdio_ui5_key":"etmportal.ui.managerequests.view.NewRequestsap.ui.core.Icon{\"src\":{\"regex\":{\"source\":\"slim\\\\-arrow\\\\-down\"}}}{\"controlType\":\"sap.m.Button\",\"viewName\":\"etm.portal.ui.managerequests.view.NewRequest\",\"properties\":{\"icon\":\"sap-icon://slim-arrow-down\"}}"}]}
RESULT: undefined
COMMAND: POST /session/df7e3af810ab6d6da1a176f6e8533552/element - {"using":"xpath","value":"//*[@id=\"__title25-expandBtn-img\"]"}
RESULT: {"using":"xpath","value":"//*[@id=\"__title25-expandBtn-img\"]"}
COMMAND: POST /session/df7e3af810ab6d6da1a176f6e8533552/element/f.CC9B589A9DA2186238667A9749121406.d.644CCEE494FE8A4799842FB09364F748.e.3147/click - {}
RESULT: {}
COMMAND: GET /session/df7e3af810ab6d6da1a176f6e8533552/screenshot - {}
RESULT: {}
COMMAND: POST /session/df7e3af810ab6d6da1a176f6e8533552/element - {"using":"xpath","value":"//div[contains(@data-kt ,\"splitAllocationObjectStatus\")]"}
RESULT: {"using":"xpath","value":"//div[contains(@data-kt ,\"splitAllocationObjectStatus\")]"}
COMMAND: POST /session/df7e3af810ab6d6da1a176f6e8533552/elements - {"using":"xpath","value":"//div[contains(@data-kt ,\"splitAllocationObjectStatus\")]"}
RESULT: {"using":"xpath","value":"//div[contains(@data-kt ,\"splitAllocationObjectStatus\")]"}
COMMAND: POST /session/df7e3af810ab6d6da1a176f6e8533552/execute/async - {"script":"<script> [1562 bytes]","args":[{"selector":{"controlType":"sap.ui.core.Icon","viewName":"etm.portal.ui.managerequests.view.NewRequest","properties":{"src":{"regex":{"source":"message\\-error"}}},"ancestor":{"controlType":"sap.m.ColumnListItem","viewName":"etm.portal.ui.managerequests.view.NewRequest","bindingPath":{"modelName":"newRequestItems","path":"/RequestItems/0"},"ancestor":{"id":"requestItemsTable","viewName":"etm.portal.ui.managerequests.view.NewRequest"}}},"wdio_ui5_key":"etmportal.ui.managerequests.view.NewRequestsap.ui.core.Icon{\"src\":{\"regex\":{\"source\":\"message\\\\-error\"}}}{\"controlType\":\"sap.m.ColumnListItem\",\"viewName\":\"etm.portal.ui.managerequests.view.NewRequest\",\"bindingPath\":{\"modelName\":\"newRequestItems\",\"path\":\"/RequestItems/0\"},\"ancestor\":{\"id\":\"requestItemsTable\",\"viewName\":\"etm.portal.ui.managerequests.view.NewRequest\"}}"}]}
RESULT: {"script":"<script> [1562 bytes]","args":[{"selector":{"controlType":"sap.ui.core.Icon","viewName":"etm.portal.ui.managerequests.view.NewRequest","properties":{"src":{"regex":{"source":"message\\-error"}}},"ancestor":{"controlType":"sap.m.ColumnListItem","viewName":"etm.portal.ui.managerequests.view.NewRequest","bindingPath":{"modelName":"newRequestItems","path":"/RequestItems/0"},"ancestor":{"id":"requestItemsTable","viewName":"etm.portal.ui.managerequests.view.NewRequest"}}},"wdio_ui5_key":"etmportal.ui.managerequests.view.NewRequestsap.ui.core.Icon{\"src\":{\"regex\":{\"source\":\"message\\\\-error\"}}}{\"controlType\":\"sap.m.ColumnListItem\",\"viewName\":\"etm.portal.ui.managerequests.view.NewRequest\",\"bindingPath\":{\"modelName\":\"newRequestItems\",\"path\":\"/RequestItems/0\"},\"ancestor\":{\"id\":\"requestItemsTable\",\"viewName\":\"etm.portal.ui.managerequests.view.NewRequest\"}}"}]}
RESULT: undefined
COMMAND: POST /session/df7e3af810ab6d6da1a176f6e8533552/element - {"using":"xpath","value":"//*[@id=\"__status6-__xmlview59--requestItemsTable-0-icon\"]"}
RESULT: {"using":"xpath","value":"//*[@id=\"__status6-__xmlview59--requestItemsTable-0-icon\"]"}
COMMAND: POST /session/df7e3af810ab6d6da1a176f6e8533552/element/f.CC9B589A9DA2186238667A9749121406.d.644CCEE494FE8A4799842FB09364F748.e.3128/click - {}
RESULT: {}
COMMAND: GET /session/df7e3af810ab6d6da1a176f6e8533552/screenshot - {}
RESULT: {}
COMMAND: POST /session/df7e3af810ab6d6da1a176f6e8533552/execute/async - {"script":"<script> [1562 bytes]","args":[{"selector":{"id":"costObjectAdminTypeComboBox","viewName":"etm.portal.ui.managerequests.view.NewRequest","searchOpenDialogs":true,"interaction":{"idSuffix":"inner"}},"wdio_ui5_key":"costObjectAdminTypeComboBoxetmportal.ui.managerequests.view.NewRequest"}]}
RESULT: {"script":"<script> [1562 bytes]","args":[{"selector":{"id":"costObjectAdminTypeComboBox","viewName":"etm.portal.ui.managerequests.view.NewRequest","searchOpenDialogs":true,"interaction":{"idSuffix":"inner"}},"wdio_ui5_key":"costObjectAdminTypeComboBoxetmportal.ui.managerequests.view.NewRequest"}]}
RESULT: undefined
COMMAND: POST /session/df7e3af810ab6d6da1a176f6e8533552/execute/async - {"script":"<script> [776 bytes]","args":[{"enterText":"Cost Center","selector":{"id":"costObjectAdminTypeComboBox","viewName":"etm.portal.ui.managerequests.view.NewRequest","searchOpenDialogs":true,"interaction":{"idSuffix":"inner"}},"clearTextFirst":true,"interactionType":"ENTER_TEXT"}]}
RESULT: {"script":"<script> [776 bytes]","args":[{"enterText":"Cost Center","selector":{"id":"costObjectAdminTypeComboBox","viewName":"etm.portal.ui.managerequests.view.NewRequest","searchOpenDialogs":true,"interaction":{"idSuffix":"inner"}},"clearTextFirst":true,"interactionType":"ENTER_TEXT"}]}
COMMAND: POST /session/df7e3af810ab6d6da1a176f6e8533552/actions - {"actions":[{"id":"action19","type":"key","parameters":{},"actions":[{"type":"keyDown","value":"î€‡"},{"type":"pause","duration":10},{"type":"keyUp","value":"î€‡"}]}]}
RESULT: {"actions":[{"id":"action19","type":"key","parameters":{},"actions":[{"type":"keyDown","value":"î€‡"},{"type":"pause","duration":10},{"type":"keyUp","value":"î€‡"}]}]}
COMMAND: GET /session/df7e3af810ab6d6da1a176f6e8533552/screenshot - {}
RESULT: {}
COMMAND: POST /session/df7e3af810ab6d6da1a176f6e8533552/execute/async - {"script":"<script> [1562 bytes]","args":[{"selector":{"id":"costObjectIdComboBox","viewName":"etm.portal.ui.managerequests.view.NewRequest","searchOpenDialogs":true,"interaction":{"idSuffix":"inner"}},"wdio_ui5_key":"costObjectIdComboBoxetmportal.ui.managerequests.view.NewRequest"}]}
RESULT: {"script":"<script> [1562 bytes]","args":[{"selector":{"id":"costObjectIdComboBox","viewName":"etm.portal.ui.managerequests.view.NewRequest","searchOpenDialogs":true,"interaction":{"idSuffix":"inner"}},"wdio_ui5_key":"costObjectIdComboBoxetmportal.ui.managerequests.view.NewRequest"}]}
RESULT: undefined
COMMAND: POST /session/df7e3af810ab6d6da1a176f6e8533552/execute/async - {"script":"<script> [776 bytes]","args":[{"enterText":"1001 - 1001","selector":{"id":"costObjectIdComboBox","viewName":"etm.portal.ui.managerequests.view.NewRequest","searchOpenDialogs":true,"interaction":{"idSuffix":"inner"}},"clearTextFirst":true,"interactionType":"ENTER_TEXT"}]}
RESULT: {"script":"<script> [776 bytes]","args":[{"enterText":"1001 - 1001","selector":{"id":"costObjectIdComboBox","viewName":"etm.portal.ui.managerequests.view.NewRequest","searchOpenDialogs":true,"interaction":{"idSuffix":"inner"}},"clearTextFirst":true,"interactionType":"ENTER_TEXT"}]}
COMMAND: POST /session/df7e3af810ab6d6da1a176f6e8533552/actions - {"actions":[{"id":"action20","type":"key","parameters":{},"actions":[{"type":"keyDown","value":"î€‡"},{"type":"pause","duration":10},{"type":"keyUp","value":"î€‡"}]}]}
RESULT: {"actions":[{"id":"action20","type":"key","parameters":{},"actions":[{"type":"keyDown","value":"î€‡"},{"type":"pause","duration":10},{"type":"keyUp","value":"î€‡"}]}]}
COMMAND: GET /session/df7e3af810ab6d6da1a176f6e8533552/screenshot - {}
RESULT: {}
COMMAND: POST /session/df7e3af810ab6d6da1a176f6e8533552/element - {"using":"xpath","value":"(//bdi[(text() = 'Save' or . = 'Save')])[1]"}
RESULT: {"using":"xpath","value":"(//bdi[(text() = 'Save' or . = 'Save')])[1]"}
COMMAND: POST /session/df7e3af810ab6d6da1a176f6e8533552/element/f.CC9B589A9DA2186238667A9749121406.d.644CCEE494FE8A4799842FB09364F748.e.3167/click - {}
RESULT: {}
COMMAND: POST /session/df7e3af810ab6d6da1a176f6e8533552/execute/async - {"script":"<script> [1562 bytes]","args":[{"selector":{"controlType":"sap.ui.core.Icon","viewName":"etm.portal.ui.managerequests.view.NewRequest","properties":{"src":{"regex":{"source":"message\\-error"}}},"ancestor":{"controlType":"sap.m.ColumnListItem","viewName":"etm.portal.ui.managerequests.view.NewRequest","bindingPath":{"modelName":"newRequestItems","path":"/RequestItems/1"},"ancestor":{"id":"requestItemsTable","viewName":"etm.portal.ui.managerequests.view.NewRequest"}}},"wdio_ui5_key":"etmportal.ui.managerequests.view.NewRequestsap.ui.core.Icon{\"src\":{\"regex\":{\"source\":\"message\\\\-error\"}}}{\"controlType\":\"sap.m.ColumnListItem\",\"viewName\":\"etm.portal.ui.managerequests.view.NewRequest\",\"bindingPath\":{\"modelName\":\"newRequestItems\",\"path\":\"/RequestItems/1\"},\"ancestor\":{\"id\":\"requestItemsTable\",\"viewName\":\"etm.portal.ui.managerequests.view.NewRequest\"}}"}]}
COMMAND: GET /session/df7e3af810ab6d6da1a176f6e8533552/screenshot - {}
RESULT: {"script":"<script> [1562 bytes]","args":[{"selector":{"controlType":"sap.ui.core.Icon","viewName":"etm.portal.ui.managerequests.view.NewRequest","properties":{"src":{"regex":{"source":"message\\-error"}}},"ancestor":{"controlType":"sap.m.ColumnListItem","viewName":"etm.portal.ui.managerequests.view.NewRequest","bindingPath":{"modelName":"newRequestItems","path":"/RequestItems/1"},"ancestor":{"id":"requestItemsTable","viewName":"etm.portal.ui.managerequests.view.NewRequest"}}},"wdio_ui5_key":"etmportal.ui.managerequests.view.NewRequestsap.ui.core.Icon{\"src\":{\"regex\":{\"source\":\"message\\\\-error\"}}}{\"controlType\":\"sap.m.ColumnListItem\",\"viewName\":\"etm.portal.ui.managerequests.view.NewRequest\",\"bindingPath\":{\"modelName\":\"newRequestItems\",\"path\":\"/RequestItems/1\"},\"ancestor\":{\"id\":\"requestItemsTable\",\"viewName\":\"etm.portal.ui.managerequests.view.NewRequest\"}}"}]}
RESULT: undefined
COMMAND: POST /session/df7e3af810ab6d6da1a176f6e8533552/element - {"using":"xpath","value":"//*[@id=\"__status6-__xmlview59--requestItemsTable-1-icon\"]"}
RESULT: {}
RESULT: {"using":"xpath","value":"//*[@id=\"__status6-__xmlview59--requestItemsTable-1-icon\"]"}
COMMAND: POST /session/df7e3af810ab6d6da1a176f6e8533552/element/f.CC9B589A9DA2186238667A9749121406.d.644CCEE494FE8A4799842FB09364F748.e.3145/click - {}
RESULT: {}
COMMAND: GET /session/df7e3af810ab6d6da1a176f6e8533552/screenshot - {}
RESULT: {}
RESULT: undefined
COMMAND: POST /session/df7e3af810ab6d6da1a176f6e8533552/execute/async - {"script":"<script> [776 bytes]","args":[{"enterText":"Cost Center","selector":{"id":"costObjectAdminTypeComboBox","viewName":"etm.portal.ui.managerequests.view.NewRequest","searchOpenDialogs":true,"interaction":{"idSuffix":"inner"}},"clearTextFirst":true,"interactionType":"ENTER_TEXT"}]}
RESULT: {"script":"<script> [776 bytes]","args":[{"enterText":"Cost Center","selector":{"id":"costObjectAdminTypeComboBox","viewName":"etm.portal.ui.managerequests.view.NewRequest","searchOpenDialogs":true,"interaction":{"idSuffix":"inner"}},"clearTextFirst":true,"interactionType":"ENTER_TEXT"}]}
COMMAND: POST /session/df7e3af810ab6d6da1a176f6e8533552/actions - {"actions":[{"id":"action21","type":"key","parameters":{},"actions":[{"type":"keyDown","value":"î€‡"},{"type":"pause","duration":10},{"type":"keyUp","value":"î€‡"}]}]}
RESULT: {"actions":[{"id":"action21","type":"key","parameters":{},"actions":[{"type":"keyDown","value":"î€‡"},{"type":"pause","duration":10},{"type":"keyUp","value":"î€‡"}]}]}
COMMAND: GET /session/df7e3af810ab6d6da1a176f6e8533552/screenshot - {}
RESULT: {}
RESULT: undefined
COMMAND: POST /session/df7e3af810ab6d6da1a176f6e8533552/execute/async - {"script":"<script> [776 bytes]","args":[{"enterText":"1001 - 1001","selector":{"id":"costObjectIdComboBox","viewName":"etm.portal.ui.managerequests.view.NewRequest","searchOpenDialogs":true,"interaction":{"idSuffix":"inner"}},"clearTextFirst":true,"interactionType":"ENTER_TEXT"}]}
RESULT: {"script":"<script> [776 bytes]","args":[{"enterText":"1001 - 1001","selector":{"id":"costObjectIdComboBox","viewName":"etm.portal.ui.managerequests.view.NewRequest","searchOpenDialogs":true,"interaction":{"idSuffix":"inner"}},"clearTextFirst":true,"interactionType":"ENTER_TEXT"}]}
COMMAND: POST /session/df7e3af810ab6d6da1a176f6e8533552/actions - {"actions":[{"id":"action22","type":"key","parameters":{},"actions":[{"type":"keyDown","value":"î€‡"},{"type":"pause","duration":10},{"type":"keyUp","value":"î€‡"}]}]}
RESULT: {"actions":[{"id":"action22","type":"key","parameters":{},"actions":[{"type":"keyDown","value":"î€‡"},{"type":"pause","duration":10},{"type":"keyUp","value":"î€‡"}]}]}
COMMAND: GET /session/df7e3af810ab6d6da1a176f6e8533552/screenshot - {}
RESULT: {}
COMMAND: POST /session/df7e3af810ab6d6da1a176f6e8533552/element - {"using":"xpath","value":"(//bdi[(text() = 'Save' or . = 'Save')])[1]"}
RESULT: {"using":"xpath","value":"(//bdi[(text() = 'Save' or . = 'Save')])[1]"}
COMMAND: POST /session/df7e3af810ab6d6da1a176f6e8533552/element/f.CC9B589A9DA2186238667A9749121406.d.644CCEE494FE8A4799842FB09364F748.e.3181/click - {}
RESULT: {}
COMMAND: POST /session/df7e3af810ab6d6da1a176f6e8533552/execute/async - {"script":"<script> [1562 bytes]","args":[{"selector":{"controlType":"sap.ui.core.Icon","viewName":"etm.portal.ui.managerequests.view.NewRequest","properties":{"src":{"regex":{"source":"decline"}}},"ancestor":{"controlType":"sap.m.Token","viewName":"etm.portal.ui.managerequests.view.NewRequest","bindingPath":{"path":"/RequestItems/0/TOKENS/0","propertyPath":"TAG","modelName":"newRequestItems"}}},"wdio_ui5_key":"etmportal.ui.managerequests.view.NewRequestsap.ui.core.Icon{\"src\":{\"regex\":{\"source\":\"decline\"}}}{\"controlType\":\"sap.m.Token\",\"viewName\":\"etm.portal.ui.managerequests.view.NewRequest\",\"bindingPath\":{\"path\":\"/RequestItems/0/TOKENS/0\",\"propertyPath\":\"TAG\",\"modelName\":\"newRequestItems\"}}"}]}
COMMAND: GET /session/df7e3af810ab6d6da1a176f6e8533552/screenshot - {}
RESULT: {"script":"<script> [1562 bytes]","args":[{"selector":{"controlType":"sap.ui.core.Icon","viewName":"etm.portal.ui.managerequests.view.NewRequest","properties":{"src":{"regex":{"source":"decline"}}},"ancestor":{"controlType":"sap.m.Token","viewName":"etm.portal.ui.managerequests.view.NewRequest","bindingPath":{"path":"/RequestItems/0/TOKENS/0","propertyPath":"TAG","modelName":"newRequestItems"}}},"wdio_ui5_key":"etmportal.ui.managerequests.view.NewRequestsap.ui.core.Icon{\"src\":{\"regex\":{\"source\":\"decline\"}}}{\"controlType\":\"sap.m.Token\",\"viewName\":\"etm.portal.ui.managerequests.view.NewRequest\",\"bindingPath\":{\"path\":\"/RequestItems/0/TOKENS/0\",\"propertyPath\":\"TAG\",\"modelName\":\"newRequestItems\"}}"}]}
RESULT: undefined
COMMAND: POST /session/df7e3af810ab6d6da1a176f6e8533552/element - {"using":"xpath","value":"//*[@id=\"__token7-__tokenizer62-__xmlview59--requestItemsTable-0-0-icon\"]"}
RESULT: {}
RESULT: {"using":"xpath","value":"//*[@id=\"__token7-__tokenizer62-__xmlview59--requestItemsTable-0-0-icon\"]"}
COMMAND: POST /session/df7e3af810ab6d6da1a176f6e8533552/element/f.CC9B589A9DA2186238667A9749121406.d.644CCEE494FE8A4799842FB09364F748.e.3183/click - {}
RESULT: {}
COMMAND: GET /session/df7e3af810ab6d6da1a176f6e8533552/screenshot - {}
RESULT: {}
COMMAND: POST /session/df7e3af810ab6d6da1a176f6e8533552/actions - {"actions":[{"id":"action23","type":"key","parameters":{},"actions":[{"type":"keyDown","value":"î€Œ"},{"type":"pause","duration":10},{"type":"keyUp","value":"î€Œ"}]}]}
RESULT: {"actions":[{"id":"action23","type":"key","parameters":{},"actions":[{"type":"keyDown","value":"î€Œ"},{"type":"pause","duration":10},{"type":"keyUp","value":"î€Œ"}]}]}
COMMAND: GET /session/df7e3af810ab6d6da1a176f6e8533552/screenshot - {}
RESULT: {}
COMMAND: POST /session/df7e3af810ab6d6da1a176f6e8533552/execute/async - {"script":"<script> [1562 bytes]","args":[{"selector":{"controlType":"sap.m.Tokenizer","viewName":"etm.portal.ui.managerequests.view.NewRequest","bindingPath":{"path":"/RequestItems/0","propertyPath":"TOKENS","modelName":"newRequestItems"}},"wdio_ui5_key":"etmportal.ui.managerequests.view.NewRequestsap.m.Tokenizer{\"path\":\"/RequestItems/0\",\"propertyPath\":\"TOKENS\",\"modelName\":\"newRequestItems\"}"}]}
RESULT: {"script":"<script> [1562 bytes]","args":[{"selector":{"controlType":"sap.m.Tokenizer","viewName":"etm.portal.ui.managerequests.view.NewRequest","bindingPath":{"path":"/RequestItems/0","propertyPath":"TOKENS","modelName":"newRequestItems"}},"wdio_ui5_key":"etmportal.ui.managerequests.view.NewRequestsap.m.Tokenizer{\"path\":\"/RequestItems/0\",\"propertyPath\":\"TOKENS\",\"modelName\":\"newRequestItems\"}"}]}
RESULT: undefined
COMMAND: POST /session/df7e3af810ab6d6da1a176f6e8533552/execute/async - {"script":"<script> [6424 bytes]","args":[{"element-6066-11e4-a52e-4f735466cecf":"f.CC9B589A9DA2186238667A9749121406.d.644CCEE494FE8A4799842FB09364F748.e.3189"},"getTokens",[]]}
RESULT: {"script":"<script> [6424 bytes]","args":[{"element-6066-11e4-a52e-4f735466cecf":"f.CC9B589A9DA2186238667A9749121406.d.644CCEE494FE8A4799842FB09364F748.e.3189"},"getTokens",[]]}
COMMAND: POST /session/df7e3af810ab6d6da1a176f6e8533552/execute/async - {"script":"<script> [1562 bytes]","args":[{"wdio_ui5_key":"__token7-__tokenizer62-__xmlview59--requestItemsTable-0-0","selector":{"id":"__token7-__tokenizer62-__xmlview59--requestItemsTable-0-0"}}]}
RESULT: {"script":"<script> [1562 bytes]","args":[{"wdio_ui5_key":"__token7-__tokenizer62-__xmlview59--requestItemsTable-0-0","selector":{"id":"__token7-__tokenizer62-__xmlview59--requestItemsTable-0-0"}}]}
RESULT: undefined
RESULT: undefined
COMMAND: POST /session/df7e3af810ab6d6da1a176f6e8533552/execute/async - {"script":"<script> [776 bytes]","args":[{"enterText":"tagRequest1","selector":{"controlType":"sap.m.Input","viewName":"etm.portal.ui.managerequests.view.NewRequest","bindingPath":{"path":"","propertyPath":"/Tags","modelName":"catalogModel"},"ancestor":{"controlType":"sap.m.ColumnListItem","viewName":"etm.portal.ui.managerequests.view.NewRequest","bindingPath":{"modelName":"newRequestItems","path":"/RequestItems/0"},"ancestor":{"id":"requestItemsTable","viewName":"etm.portal.ui.managerequests.view.NewRequest"}},"interaction":{"idSuffix":"inner"}},"clearTextFirst":true,"interactionType":"ENTER_TEXT"}]}
RESULT: {"script":"<script> [776 bytes]","args":[{"enterText":"tagRequest1","selector":{"controlType":"sap.m.Input","viewName":"etm.portal.ui.managerequests.view.NewRequest","bindingPath":{"path":"","propertyPath":"/Tags","modelName":"catalogModel"},"ancestor":{"controlType":"sap.m.ColumnListItem","viewName":"etm.portal.ui.managerequests.view.NewRequest","bindingPath":{"modelName":"newRequestItems","path":"/RequestItems/0"},"ancestor":{"id":"requestItemsTable","viewName":"etm.portal.ui.managerequests.view.NewRequest"}},"interaction":{"idSuffix":"inner"}},"clearTextFirst":true,"interactionType":"ENTER_TEXT"}]}
COMMAND: POST /session/df7e3af810ab6d6da1a176f6e8533552/actions - {"actions":[{"id":"action24","type":"key","parameters":{},"actions":[{"type":"keyDown","value":"î€‡"},{"type":"pause","duration":10},{"type":"keyUp","value":"î€‡"}]}]}
RESULT: {"actions":[{"id":"action24","type":"key","parameters":{},"actions":[{"type":"keyDown","value":"î€‡"},{"type":"pause","duration":10},{"type":"keyUp","value":"î€‡"}]}]}
COMMAND: GET /session/df7e3af810ab6d6da1a176f6e8533552/screenshot - {}
RESULT: {}
RESULT: undefined
COMMAND: POST /session/df7e3af810ab6d6da1a176f6e8533552/execute/async - {"script":"<script> [6424 bytes]","args":[{"element-6066-11e4-a52e-4f735466cecf":"f.CC9B589A9DA2186238667A9749121406.d.644CCEE494FE8A4799842FB09364F748.e.3189"},"getTokens",[]]}
RESULT: {"script":"<script> [6424 bytes]","args":[{"element-6066-11e4-a52e-4f735466cecf":"f.CC9B589A9DA2186238667A9749121406.d.644CCEE494FE8A4799842FB09364F748.e.3189"},"getTokens",[]]}
COMMAND: POST /session/df7e3af810ab6d6da1a176f6e8533552/execute/async - {"script":"<script> [1562 bytes]","args":[{"wdio_ui5_key":"__token7-__tokenizer62-__xmlview59--requestItemsTable-0-1","selector":{"id":"__token7-__tokenizer62-__xmlview59--requestItemsTable-0-1"}}]}
RESULT: undefined
RESULT: {"script":"<script> [1562 bytes]","args":[{"wdio_ui5_key":"__token7-__tokenizer62-__xmlview59--requestItemsTable-0-1","selector":{"id":"__token7-__tokenizer62-__xmlview59--requestItemsTable-0-1"}}]}
RESULT: undefined
COMMAND: POST /session/df7e3af810ab6d6da1a176f6e8533552/execute/async - {"script":"<script> [1562 bytes]","args":[{"selector":{"controlType":"sap.ui.core.Icon","viewName":"etm.portal.ui.managerequests.view.NewRequest","properties":{"src":{"regex":{"source":"decline"}}},"ancestor":{"controlType":"sap.m.Token","viewName":"etm.portal.ui.managerequests.view.NewRequest","bindingPath":{"path":"/RequestItems/1/TOKENS/0","propertyPath":"TAG","modelName":"newRequestItems"}}},"wdio_ui5_key":"etmportal.ui.managerequests.view.NewRequestsap.ui.core.Icon{\"src\":{\"regex\":{\"source\":\"decline\"}}}{\"controlType\":\"sap.m.Token\",\"viewName\":\"etm.portal.ui.managerequests.view.NewRequest\",\"bindingPath\":{\"path\":\"/RequestItems/1/TOKENS/0\",\"propertyPath\":\"TAG\",\"modelName\":\"newRequestItems\"}}"}]}
RESULT: {"script":"<script> [1562 bytes]","args":[{"selector":{"controlType":"sap.ui.core.Icon","viewName":"etm.portal.ui.managerequests.view.NewRequest","properties":{"src":{"regex":{"source":"decline"}}},"ancestor":{"controlType":"sap.m.Token","viewName":"etm.portal.ui.managerequests.view.NewRequest","bindingPath":{"path":"/RequestItems/1/TOKENS/0","propertyPath":"TAG","modelName":"newRequestItems"}}},"wdio_ui5_key":"etmportal.ui.managerequests.view.NewRequestsap.ui.core.Icon{\"src\":{\"regex\":{\"source\":\"decline\"}}}{\"controlType\":\"sap.m.Token\",\"viewName\":\"etm.portal.ui.managerequests.view.NewRequest\",\"bindingPath\":{\"path\":\"/RequestItems/1/TOKENS/0\",\"propertyPath\":\"TAG\",\"modelName\":\"newRequestItems\"}}"}]}
RESULT: undefined
COMMAND: POST /session/df7e3af810ab6d6da1a176f6e8533552/element - {"using":"xpath","value":"//*[@id=\"__token7-__tokenizer62-__xmlview59--requestItemsTable-1-0-icon\"]"}
RESULT: {"using":"xpath","value":"//*[@id=\"__token7-__tokenizer62-__xmlview59--requestItemsTable-1-0-icon\"]"}
COMMAND: POST /session/df7e3af810ab6d6da1a176f6e8533552/element/f.CC9B589A9DA2186238667A9749121406.d.644CCEE494FE8A4799842FB09364F748.e.3191/click - {}
RESULT: {}
COMMAND: GET /session/df7e3af810ab6d6da1a176f6e8533552/screenshot - {}
RESULT: {}
COMMAND: POST /session/df7e3af810ab6d6da1a176f6e8533552/actions - {"actions":[{"id":"action25","type":"key","parameters":{},"actions":[{"type":"keyDown","value":"î€Œ"},{"type":"pause","duration":10},{"type":"keyUp","value":"î€Œ"}]}]}
RESULT: {"actions":[{"id":"action25","type":"key","parameters":{},"actions":[{"type":"keyDown","value":"î€Œ"},{"type":"pause","duration":10},{"type":"keyUp","value":"î€Œ"}]}]}
COMMAND: GET /session/df7e3af810ab6d6da1a176f6e8533552/screenshot - {}
RESULT: {}
COMMAND: POST /session/df7e3af810ab6d6da1a176f6e8533552/execute/async - {"script":"<script> [1562 bytes]","args":[{"selector":{"controlType":"sap.m.Tokenizer","viewName":"etm.portal.ui.managerequests.view.NewRequest","bindingPath":{"path":"/RequestItems/1","propertyPath":"TOKENS","modelName":"newRequestItems"}},"wdio_ui5_key":"etmportal.ui.managerequests.view.NewRequestsap.m.Tokenizer{\"path\":\"/RequestItems/1\",\"propertyPath\":\"TOKENS\",\"modelName\":\"newRequestItems\"}"}]}
RESULT: {"script":"<script> [1562 bytes]","args":[{"selector":{"controlType":"sap.m.Tokenizer","viewName":"etm.portal.ui.managerequests.view.NewRequest","bindingPath":{"path":"/RequestItems/1","propertyPath":"TOKENS","modelName":"newRequestItems"}},"wdio_ui5_key":"etmportal.ui.managerequests.view.NewRequestsap.m.Tokenizer{\"path\":\"/RequestItems/1\",\"propertyPath\":\"TOKENS\",\"modelName\":\"newRequestItems\"}"}]}
RESULT: undefined
COMMAND: POST /session/df7e3af810ab6d6da1a176f6e8533552/execute/async - {"script":"<script> [6424 bytes]","args":[{"element-6066-11e4-a52e-4f735466cecf":"f.CC9B589A9DA2186238667A9749121406.d.644CCEE494FE8A4799842FB09364F748.e.3197"},"getTokens",[]]}
RESULT: {"script":"<script> [6424 bytes]","args":[{"element-6066-11e4-a52e-4f735466cecf":"f.CC9B589A9DA2186238667A9749121406.d.644CCEE494FE8A4799842FB09364F748.e.3197"},"getTokens",[]]}
COMMAND: POST /session/df7e3af810ab6d6da1a176f6e8533552/execute/async - {"script":"<script> [1562 bytes]","args":[{"wdio_ui5_key":"__token7-__tokenizer62-__xmlview59--requestItemsTable-1-0","selector":{"id":"__token7-__tokenizer62-__xmlview59--requestItemsTable-1-0"}}]}
RESULT: {"script":"<script> [1562 bytes]","args":[{"wdio_ui5_key":"__token7-__tokenizer62-__xmlview59--requestItemsTable-1-0","selector":{"id":"__token7-__tokenizer62-__xmlview59--requestItemsTable-1-0"}}]}
RESULT: undefined
RESULT: undefined
COMMAND: POST /session/df7e3af810ab6d6da1a176f6e8533552/execute/async - {"script":"<script> [776 bytes]","args":[{"enterText":"tagRequest1","selector":{"controlType":"sap.m.Input","viewName":"etm.portal.ui.managerequests.view.NewRequest","bindingPath":{"path":"","propertyPath":"/Tags","modelName":"catalogModel"},"ancestor":{"controlType":"sap.m.ColumnListItem","viewName":"etm.portal.ui.managerequests.view.NewRequest","bindingPath":{"modelName":"newRequestItems","path":"/RequestItems/1"},"ancestor":{"id":"requestItemsTable","viewName":"etm.portal.ui.managerequests.view.NewRequest"}},"interaction":{"idSuffix":"inner"}},"clearTextFirst":true,"interactionType":"ENTER_TEXT"}]}
RESULT: {"script":"<script> [776 bytes]","args":[{"enterText":"tagRequest1","selector":{"controlType":"sap.m.Input","viewName":"etm.portal.ui.managerequests.view.NewRequest","bindingPath":{"path":"","propertyPath":"/Tags","modelName":"catalogModel"},"ancestor":{"controlType":"sap.m.ColumnListItem","viewName":"etm.portal.ui.managerequests.view.NewRequest","bindingPath":{"modelName":"newRequestItems","path":"/RequestItems/1"},"ancestor":{"id":"requestItemsTable","viewName":"etm.portal.ui.managerequests.view.NewRequest"}},"interaction":{"idSuffix":"inner"}},"clearTextFirst":true,"interactionType":"ENTER_TEXT"}]}
COMMAND: POST /session/df7e3af810ab6d6da1a176f6e8533552/actions - {"actions":[{"id":"action26","type":"key","parameters":{},"actions":[{"type":"keyDown","value":"î€‡"},{"type":"pause","duration":10},{"type":"keyUp","value":"î€‡"}]}]}
RESULT: {"actions":[{"id":"action26","type":"key","parameters":{},"actions":[{"type":"keyDown","value":"î€‡"},{"type":"pause","duration":10},{"type":"keyUp","value":"î€‡"}]}]}
COMMAND: GET /session/df7e3af810ab6d6da1a176f6e8533552/screenshot - {}
RESULT: {}
RESULT: undefined
COMMAND: POST /session/df7e3af810ab6d6da1a176f6e8533552/execute/async - {"script":"<script> [6424 bytes]","args":[{"element-6066-11e4-a52e-4f735466cecf":"f.CC9B589A9DA2186238667A9749121406.d.644CCEE494FE8A4799842FB09364F748.e.3197"},"getTokens",[]]}
RESULT: {"script":"<script> [6424 bytes]","args":[{"element-6066-11e4-a52e-4f735466cecf":"f.CC9B589A9DA2186238667A9749121406.d.644CCEE494FE8A4799842FB09364F748.e.3197"},"getTokens",[]]}
COMMAND: POST /session/df7e3af810ab6d6da1a176f6e8533552/execute/async - {"script":"<script> [1562 bytes]","args":[{"wdio_ui5_key":"__token7-__tokenizer62-__xmlview59--requestItemsTable-1-1","selector":{"id":"__token7-__tokenizer62-__xmlview59--requestItemsTable-1-1"}}]}
RESULT: undefined
RESULT: {"script":"<script> [1562 bytes]","args":[{"wdio_ui5_key":"__token7-__tokenizer62-__xmlview59--requestItemsTable-1-1","selector":{"id":"__token7-__tokenizer62-__xmlview59--requestItemsTable-1-1"}}]}
RESULT: undefined
COMMAND: POST /session/df7e3af810ab6d6da1a176f6e8533552/execute/async - {"script":"<script> [1562 bytes]","args":[{"selector":{"controlType":"sap.m.Button","viewName":"etm.portal.ui.managerequests.view.NewRequest","properties":{"text":"Save"},"i18NText":{"propertyName":"tooltip","key":"save"},"interaction":{"idSuffix":"BDI-content"}},"wdio_ui5_key":"etmportal.ui.managerequests.view.NewRequestsap.m.Button{\"propertyName\":\"tooltip\",\"key\":\"save\"}{\"text\":\"Save\"}"}]}
RESULT: {"script":"<script> [1562 bytes]","args":[{"selector":{"controlType":"sap.m.Button","viewName":"etm.portal.ui.managerequests.view.NewRequest","properties":{"text":"Save"},"i18NText":{"propertyName":"tooltip","key":"save"},"interaction":{"idSuffix":"BDI-content"}},"wdio_ui5_key":"etmportal.ui.managerequests.view.NewRequestsap.m.Button{\"propertyName\":\"tooltip\",\"key\":\"save\"}{\"text\":\"Save\"}"}]}
RESULT: undefined
COMMAND: POST /session/df7e3af810ab6d6da1a176f6e8533552/element - {"using":"xpath","value":"//*[@id=\"__button117\"]"}
RESULT: {"using":"xpath","value":"//*[@id=\"__button117\"]"}
COMMAND: POST /session/df7e3af810ab6d6da1a176f6e8533552/element/f.CC9B589A9DA2186238667A9749121406.d.644CCEE494FE8A4799842FB09364F748.e.2993/click - {}
RESULT: {}
COMMAND: GET /session/df7e3af810ab6d6da1a176f6e8533552/screenshot - {}
RESULT: {}
COMMAND: POST /session/df7e3af810ab6d6da1a176f6e8533552/element - {"using":"xpath","value":"//bdi[contains(@id ,\"BDI-content\")][contains(text(), \"Close\")]"}
RESULT: {"using":"xpath","value":"//bdi[contains(@id ,\"BDI-content\")][contains(text(), \"Close\")]"}
COMMAND: POST /session/df7e3af810ab6d6da1a176f6e8533552/element/f.CC9B589A9DA2186238667A9749121406.d.644CCEE494FE8A4799842FB09364F748.e.3205/click - {}
RESULT: {}
COMMAND: GET /session/df7e3af810ab6d6da1a176f6e8533552/screenshot - {}
RESULT: {}
]]></system-out>
    </testcase>
    <testcase classname="chrome.135_0_7049_96.windows.Manage_Requests_Tags_Tests_US120163" name="Should Edit Request Tags" time="90.448">
      <system-out><![CDATA[
COMMAND: POST /session/df7e3af810ab6d6da1a176f6e8533552/execute/async - {"script":"<script> [1562 bytes]","args":[{"selector":{"controlType":"sap.ui.core.Icon","viewName":"etm.portal.ui.managerequests.view.Detail","properties":{"src":{"regex":{"source":"overflow"}}}},"wdio_ui5_key":"etmportal.ui.managerequests.view.Detailsap.ui.core.Icon{\"src\":{\"regex\":{\"source\":\"overflow\"}}}"}]}
RESULT: {"script":"<script> [1562 bytes]","args":[{"selector":{"controlType":"sap.ui.core.Icon","viewName":"etm.portal.ui.managerequests.view.Detail","properties":{"src":{"regex":{"source":"overflow"}}}},"wdio_ui5_key":"etmportal.ui.managerequests.view.Detailsap.ui.core.Icon{\"src\":{\"regex\":{\"source\":\"overflow\"}}}"}]}
RESULT: undefined
COMMAND: POST /session/df7e3af810ab6d6da1a176f6e8533552/element - {"using":"xpath","value":"//*[@id=\"__xmlview60--detailHeaderTitle-_actionsToolbar-overflowButton-img\"]"}
RESULT: {"using":"xpath","value":"//*[@id=\"__xmlview60--detailHeaderTitle-_actionsToolbar-overflowButton-img\"]"}
COMMAND: POST /session/df7e3af810ab6d6da1a176f6e8533552/element/f.CC9B589A9DA2186238667A9749121406.d.644CCEE494FE8A4799842FB09364F748.e.3326/click - {}
RESULT: {}
COMMAND: GET /session/df7e3af810ab6d6da1a176f6e8533552/screenshot - {}
RESULT: {}
COMMAND: POST /session/df7e3af810ab6d6da1a176f6e8533552/execute/async - {"script":"<script> [1562 bytes]","args":[{"selector":{"controlType":"sap.uxap.ObjectPageHeaderActionButton","viewName":"etm.portal.ui.managerequests.view.Detail","i18NText":{"propertyName":"text","key":"edit"},"searchOpenDialogs":true,"interaction":{"idSuffix":"inner"}},"wdio_ui5_key":"etmportal.ui.managerequests.view.Detailsap.uxap.ObjectPageHeaderActionButton{\"propertyName\":\"text\",\"key\":\"edit\"}"}]}
RESULT: {"script":"<script> [1562 bytes]","args":[{"selector":{"controlType":"sap.uxap.ObjectPageHeaderActionButton","viewName":"etm.portal.ui.managerequests.view.Detail","i18NText":{"propertyName":"text","key":"edit"},"searchOpenDialogs":true,"interaction":{"idSuffix":"inner"}},"wdio_ui5_key":"etmportal.ui.managerequests.view.Detailsap.uxap.ObjectPageHeaderActionButton{\"propertyName\":\"text\",\"key\":\"edit\"}"}]}
RESULT: undefined
COMMAND: POST /session/df7e3af810ab6d6da1a176f6e8533552/element - {"using":"xpath","value":"//*[@id=\"__button138\"]"}
RESULT: {"using":"xpath","value":"//*[@id=\"__button138\"]"}
COMMAND: POST /session/df7e3af810ab6d6da1a176f6e8533552/element/f.CC9B589A9DA2186238667A9749121406.d.644CCEE494FE8A4799842FB09364F748.e.3330/click - {}
RESULT: {}
COMMAND: GET /session/df7e3af810ab6d6da1a176f6e8533552/screenshot - {}
RESULT: {}
COMMAND: POST /session/df7e3af810ab6d6da1a176f6e8533552/execute/async - {"script":"<script> [1562 bytes]","args":[{"selector":{"controlType":"sap.ui.core.Icon","viewName":"etm.portal.ui.managerequests.view.Edit","properties":{"src":{"regex":{"source":"decline"}}},"ancestor":{"controlType":"sap.m.Token","viewName":"etm.portal.ui.managerequests.view.Edit","bindingPath":{"propertyPath":"TAG","modelName":"catalogModel"},"properties":{"text":"RefTag"}}},"wdio_ui5_key":"etmportal.ui.managerequests.view.Editsap.ui.core.Icon{\"src\":{\"regex\":{\"source\":\"decline\"}}}{\"controlType\":\"sap.m.Token\",\"viewName\":\"etm.portal.ui.managerequests.view.Edit\",\"bindingPath\":{\"propertyPath\":\"TAG\",\"modelName\":\"catalogModel\"},\"properties\":{\"text\":\"RefTag\"}}"}]}
RESULT: {"script":"<script> [1562 bytes]","args":[{"selector":{"controlType":"sap.ui.core.Icon","viewName":"etm.portal.ui.managerequests.view.Edit","properties":{"src":{"regex":{"source":"decline"}}},"ancestor":{"controlType":"sap.m.Token","viewName":"etm.portal.ui.managerequests.view.Edit","bindingPath":{"propertyPath":"TAG","modelName":"catalogModel"},"properties":{"text":"RefTag"}}},"wdio_ui5_key":"etmportal.ui.managerequests.view.Editsap.ui.core.Icon{\"src\":{\"regex\":{\"source\":\"decline\"}}}{\"controlType\":\"sap.m.Token\",\"viewName\":\"etm.portal.ui.managerequests.view.Edit\",\"bindingPath\":{\"propertyPath\":\"TAG\",\"modelName\":\"catalogModel\"},\"properties\":{\"text\":\"RefTag\"}}"}]}
RESULT: undefined
COMMAND: POST /session/df7e3af810ab6d6da1a176f6e8533552/element - {"using":"xpath","value":"//*[@id=\"__token13-__tokenizer64-0-icon\"]"}
RESULT: {"using":"xpath","value":"//*[@id=\"__token13-__tokenizer64-0-icon\"]"}
COMMAND: POST /session/df7e3af810ab6d6da1a176f6e8533552/element/f.CC9B589A9DA2186238667A9749121406.d.644CCEE494FE8A4799842FB09364F748.e.3448/click - {}
RESULT: {}
COMMAND: POST /session/df7e3af810ab6d6da1a176f6e8533552/execute/async - {"script":"<script> [1562 bytes]","args":[{"selector":{"id":"tagMultiInputRequests","viewName":"etm.portal.ui.managerequests.view.Edit","interaction":{"idSuffix":"inner"}},"wdio_ui5_key":"tagMultiInputRequestsetmportal.ui.managerequests.view.Edit"}]}
COMMAND: GET /session/df7e3af810ab6d6da1a176f6e8533552/screenshot - {}
RESULT: {"script":"<script> [1562 bytes]","args":[{"selector":{"id":"tagMultiInputRequests","viewName":"etm.portal.ui.managerequests.view.Edit","interaction":{"idSuffix":"inner"}},"wdio_ui5_key":"tagMultiInputRequestsetmportal.ui.managerequests.view.Edit"}]}
RESULT: undefined
COMMAND: POST /session/df7e3af810ab6d6da1a176f6e8533552/execute/async - {"script":"<script> [6424 bytes]","args":[{"element-6066-11e4-a52e-4f735466cecf":"f.CC9B589A9DA2186238667A9749121406.d.644CCEE494FE8A4799842FB09364F748.e.3364"},"getTokens",[]]}
RESULT: {}
RESULT: {"script":"<script> [6424 bytes]","args":[{"element-6066-11e4-a52e-4f735466cecf":"f.CC9B589A9DA2186238667A9749121406.d.644CCEE494FE8A4799842FB09364F748.e.3364"},"getTokens",[]]}
COMMAND: POST /session/df7e3af810ab6d6da1a176f6e8533552/execute/async - {"script":"<script> [1562 bytes]","args":[{"wdio_ui5_key":"__token13-__tokenizer64-1","selector":{"id":"__token13-__tokenizer64-1"}}]}
RESULT: {"script":"<script> [1562 bytes]","args":[{"wdio_ui5_key":"__token13-__tokenizer64-1","selector":{"id":"__token13-__tokenizer64-1"}}]}
RESULT: undefined
RESULT: undefined
COMMAND: POST /session/df7e3af810ab6d6da1a176f6e8533552/execute/async - {"script":"<script> [776 bytes]","args":[{"enterText":"RefTag","selector":{"id":"tagMultiInputRequests","viewName":"etm.portal.ui.managerequests.view.Edit","interaction":{"idSuffix":"inner"}},"clearTextFirst":true,"interactionType":"ENTER_TEXT"}]}
RESULT: {"script":"<script> [776 bytes]","args":[{"enterText":"RefTag","selector":{"id":"tagMultiInputRequests","viewName":"etm.portal.ui.managerequests.view.Edit","interaction":{"idSuffix":"inner"}},"clearTextFirst":true,"interactionType":"ENTER_TEXT"}]}
COMMAND: POST /session/df7e3af810ab6d6da1a176f6e8533552/actions - {"actions":[{"id":"action27","type":"key","parameters":{},"actions":[{"type":"keyDown","value":"î€‡"},{"type":"pause","duration":10},{"type":"keyUp","value":"î€‡"}]}]}
RESULT: {"actions":[{"id":"action27","type":"key","parameters":{},"actions":[{"type":"keyDown","value":"î€‡"},{"type":"pause","duration":10},{"type":"keyUp","value":"î€‡"}]}]}
COMMAND: GET /session/df7e3af810ab6d6da1a176f6e8533552/screenshot - {}
RESULT: {}
RESULT: undefined
COMMAND: POST /session/df7e3af810ab6d6da1a176f6e8533552/execute/async - {"script":"<script> [6424 bytes]","args":[{"element-6066-11e4-a52e-4f735466cecf":"f.CC9B589A9DA2186238667A9749121406.d.644CCEE494FE8A4799842FB09364F748.e.3364"},"getTokens",[]]}
RESULT: {"script":"<script> [6424 bytes]","args":[{"element-6066-11e4-a52e-4f735466cecf":"f.CC9B589A9DA2186238667A9749121406.d.644CCEE494FE8A4799842FB09364F748.e.3364"},"getTokens",[]]}
COMMAND: POST /session/df7e3af810ab6d6da1a176f6e8533552/execute/async - {"script":"<script> [1562 bytes]","args":[{"wdio_ui5_key":"__token16","selector":{"id":"__token16"}}]}
RESULT: undefined
RESULT: {"script":"<script> [1562 bytes]","args":[{"wdio_ui5_key":"__token16","selector":{"id":"__token16"}}]}
RESULT: undefined
COMMAND: POST /session/df7e3af810ab6d6da1a176f6e8533552/execute/async - {"script":"<script> [1562 bytes]","args":[{"selector":{"controlType":"sap.m.Button","viewName":"etm.portal.ui.managerequests.view.Edit","properties":{"text":"Items (2)"},"interaction":{"idSuffix":"BDI-content"}},"wdio_ui5_key":"etmportal.ui.managerequests.view.Editsap.m.Button{\"text\":\"Items (2)\"}"}]}
RESULT: {"script":"<script> [1562 bytes]","args":[{"selector":{"controlType":"sap.m.Button","viewName":"etm.portal.ui.managerequests.view.Edit","properties":{"text":"Items (2)"},"interaction":{"idSuffix":"BDI-content"}},"wdio_ui5_key":"etmportal.ui.managerequests.view.Editsap.m.Button{\"text\":\"Items (2)\"}"}]}
RESULT: undefined
COMMAND: POST /session/df7e3af810ab6d6da1a176f6e8533552/element - {"using":"xpath","value":"//*[@id=\"__xmlview61--editRequestPage-anchBar-__xmlview61--requestItemsSection-anchor\"]"}
RESULT: {"using":"xpath","value":"//*[@id=\"__xmlview61--editRequestPage-anchBar-__xmlview61--requestItemsSection-anchor\"]"}
COMMAND: POST /session/df7e3af810ab6d6da1a176f6e8533552/element/f.CC9B589A9DA2186238667A9749121406.d.644CCEE494FE8A4799842FB09364F748.e.3453/click - {}
RESULT: {}
COMMAND: GET /session/df7e3af810ab6d6da1a176f6e8533552/screenshot - {}
RESULT: {}
COMMAND: POST /session/df7e3af810ab6d6da1a176f6e8533552/execute/async - {"script":"<script> [1562 bytes]","args":[{"selector":{"controlType":"sap.ui.core.Icon","viewName":"etm.portal.ui.managerequests.view.Edit","properties":{"src":{"regex":{"source":"inspect"}}}},"wdio_ui5_key":"etmportal.ui.managerequests.view.Editsap.ui.core.Icon{\"src\":{\"regex\":{\"source\":\"inspect\"}}}"}]}
RESULT: {"script":"<script> [1562 bytes]","args":[{"selector":{"controlType":"sap.ui.core.Icon","viewName":"etm.portal.ui.managerequests.view.Edit","properties":{"src":{"regex":{"source":"inspect"}}}},"wdio_ui5_key":"etmportal.ui.managerequests.view.Editsap.ui.core.Icon{\"src\":{\"regex\":{\"source\":\"inspect\"}}}"}]}
RESULT: undefined
COMMAND: POST /session/df7e3af810ab6d6da1a176f6e8533552/element - {"using":"xpath","value":"//*[@id=\"__button165-img\"]"}
RESULT: {"using":"xpath","value":"//*[@id=\"__button165-img\"]"}
COMMAND: POST /session/df7e3af810ab6d6da1a176f6e8533552/element/f.CC9B589A9DA2186238667A9749121406.d.644CCEE494FE8A4799842FB09364F748.e.3459/click - {}
RESULT: {}
COMMAND: GET /session/df7e3af810ab6d6da1a176f6e8533552/screenshot - {}
RESULT: {}
COMMAND: POST /session/df7e3af810ab6d6da1a176f6e8533552/execute/async - {"script":"<script> [1562 bytes]","args":[{"selector":{"controlType":"sap.m.Tokenizer","viewName":"etm.portal.ui.managerequests.view.Edit","bindingPath":{"path":"/RequestItems/0","propertyPath":"LINK_TO_TAGS","modelName":"RequestItemsModel"}},"wdio_ui5_key":"etmportal.ui.managerequests.view.Editsap.m.Tokenizer{\"path\":\"/RequestItems/0\",\"propertyPath\":\"LINK_TO_TAGS\",\"modelName\":\"RequestItemsModel\"}"}]}
RESULT: {"script":"<script> [1562 bytes]","args":[{"selector":{"controlType":"sap.m.Tokenizer","viewName":"etm.portal.ui.managerequests.view.Edit","bindingPath":{"path":"/RequestItems/0","propertyPath":"LINK_TO_TAGS","modelName":"RequestItemsModel"}},"wdio_ui5_key":"etmportal.ui.managerequests.view.Editsap.m.Tokenizer{\"path\":\"/RequestItems/0\",\"propertyPath\":\"LINK_TO_TAGS\",\"modelName\":\"RequestItemsModel\"}"}]}
RESULT: undefined
COMMAND: POST /session/df7e3af810ab6d6da1a176f6e8533552/element - {"using":"xpath","value":"//*[@id=\"__tokenizer66\"]"}
RESULT: {"using":"xpath","value":"//*[@id=\"__tokenizer66\"]"}
COMMAND: POST /session/df7e3af810ab6d6da1a176f6e8533552/element/f.CC9B589A9DA2186238667A9749121406.d.644CCEE494FE8A4799842FB09364F748.e.3461/click - {}
RESULT: {}
COMMAND: GET /session/df7e3af810ab6d6da1a176f6e8533552/screenshot - {}
RESULT: {}
COMMAND: POST /session/df7e3af810ab6d6da1a176f6e8533552/execute/async - {"script":"<script> [1562 bytes]","args":[{"selector":{"controlType":"sap.ui.core.Icon","viewName":"etm.portal.ui.managerequests.view.Edit","properties":{"src":{"regex":{"source":"decline"}}},"searchOpenDialogs":true,"ancestor":{"controlType":"sap.m.StandardListItem","viewName":"etm.portal.ui.managerequests.view.Edit","properties":{"title":"tag-duplicate"},"searchOpenDialogs":true}},"wdio_ui5_key":"etmportal.ui.managerequests.view.Editsap.ui.core.Icon{\"src\":{\"regex\":{\"source\":\"decline\"}}}{\"controlType\":\"sap.m.StandardListItem\",\"viewName\":\"etm.portal.ui.managerequests.view.Edit\",\"properties\":{\"title\":\"tag-duplicate\"},\"searchOpenDialogs\":true}"}]}
RESULT: {"script":"<script> [1562 bytes]","args":[{"selector":{"controlType":"sap.ui.core.Icon","viewName":"etm.portal.ui.managerequests.view.Edit","properties":{"src":{"regex":{"source":"decline"}}},"searchOpenDialogs":true,"ancestor":{"controlType":"sap.m.StandardListItem","viewName":"etm.portal.ui.managerequests.view.Edit","properties":{"title":"tag-duplicate"},"searchOpenDialogs":true}},"wdio_ui5_key":"etmportal.ui.managerequests.view.Editsap.ui.core.Icon{\"src\":{\"regex\":{\"source\":\"decline\"}}}{\"controlType\":\"sap.m.StandardListItem\",\"viewName\":\"etm.portal.ui.managerequests.view.Edit\",\"properties\":{\"title\":\"tag-duplicate\"},\"searchOpenDialogs\":true}"}]}
RESULT: undefined
COMMAND: POST /session/df7e3af810ab6d6da1a176f6e8533552/element - {"using":"xpath","value":"//*[@id=\"__item1314-imgDel-img\"]"}
RESULT: {"using":"xpath","value":"//*[@id=\"__item1314-imgDel-img\"]"}
COMMAND: POST /session/df7e3af810ab6d6da1a176f6e8533552/element/f.CC9B589A9DA2186238667A9749121406.d.644CCEE494FE8A4799842FB09364F748.e.3464/click - {}
RESULT: {}
COMMAND: GET /session/df7e3af810ab6d6da1a176f6e8533552/screenshot - {}
RESULT: {}
COMMAND: POST /session/df7e3af810ab6d6da1a176f6e8533552/actions - {"actions":[{"id":"action28","type":"key","parameters":{},"actions":[{"type":"keyDown","value":"î€Œ"},{"type":"pause","duration":10},{"type":"keyUp","value":"î€Œ"}]}]}
RESULT: {"actions":[{"id":"action28","type":"key","parameters":{},"actions":[{"type":"keyDown","value":"î€Œ"},{"type":"pause","duration":10},{"type":"keyUp","value":"î€Œ"}]}]}
COMMAND: POST /session/df7e3af810ab6d6da1a176f6e8533552/execute/async - {"script":"<script> [1562 bytes]","args":[{"selector":{"controlType":"sap.m.Tokenizer","viewName":"etm.portal.ui.managerequests.view.Edit","bindingPath":{"path":"/RequestItems/1","propertyPath":"LINK_TO_TAGS","modelName":"RequestItemsModel"}},"wdio_ui5_key":"etmportal.ui.managerequests.view.Editsap.m.Tokenizer{\"path\":\"/RequestItems/1\",\"propertyPath\":\"LINK_TO_TAGS\",\"modelName\":\"RequestItemsModel\"}"}]}
COMMAND: GET /session/df7e3af810ab6d6da1a176f6e8533552/screenshot - {}
RESULT: {"script":"<script> [1562 bytes]","args":[{"selector":{"controlType":"sap.m.Tokenizer","viewName":"etm.portal.ui.managerequests.view.Edit","bindingPath":{"path":"/RequestItems/1","propertyPath":"LINK_TO_TAGS","modelName":"RequestItemsModel"}},"wdio_ui5_key":"etmportal.ui.managerequests.view.Editsap.m.Tokenizer{\"path\":\"/RequestItems/1\",\"propertyPath\":\"LINK_TO_TAGS\",\"modelName\":\"RequestItemsModel\"}"}]}
RESULT: undefined
COMMAND: POST /session/df7e3af810ab6d6da1a176f6e8533552/element - {"using":"xpath","value":"//*[@id=\"__tokenizer67\"]"}
RESULT: {}
RESULT: {"using":"xpath","value":"//*[@id=\"__tokenizer67\"]"}
COMMAND: POST /session/df7e3af810ab6d6da1a176f6e8533552/element/f.CC9B589A9DA2186238667A9749121406.d.644CCEE494FE8A4799842FB09364F748.e.3467/click - {}
RESULT: {}
COMMAND: GET /session/df7e3af810ab6d6da1a176f6e8533552/screenshot - {}
RESULT: {}
COMMAND: POST /session/df7e3af810ab6d6da1a176f6e8533552/execute/async - {"script":"<script> [1562 bytes]","args":[{"selector":{"controlType":"sap.ui.core.Icon","viewName":"etm.portal.ui.managerequests.view.Edit","properties":{"src":{"regex":{"source":"decline"}}},"searchOpenDialogs":true,"ancestor":{"controlType":"sap.m.StandardListItem","viewName":"etm.portal.ui.managerequests.view.Edit","properties":{"title":"tagRequest1"},"searchOpenDialogs":true}},"wdio_ui5_key":"etmportal.ui.managerequests.view.Editsap.ui.core.Icon{\"src\":{\"regex\":{\"source\":\"decline\"}}}{\"controlType\":\"sap.m.StandardListItem\",\"viewName\":\"etm.portal.ui.managerequests.view.Edit\",\"properties\":{\"title\":\"tagRequest1\"},\"searchOpenDialogs\":true}"}]}
RESULT: {"script":"<script> [1562 bytes]","args":[{"selector":{"controlType":"sap.ui.core.Icon","viewName":"etm.portal.ui.managerequests.view.Edit","properties":{"src":{"regex":{"source":"decline"}}},"searchOpenDialogs":true,"ancestor":{"controlType":"sap.m.StandardListItem","viewName":"etm.portal.ui.managerequests.view.Edit","properties":{"title":"tagRequest1"},"searchOpenDialogs":true}},"wdio_ui5_key":"etmportal.ui.managerequests.view.Editsap.ui.core.Icon{\"src\":{\"regex\":{\"source\":\"decline\"}}}{\"controlType\":\"sap.m.StandardListItem\",\"viewName\":\"etm.portal.ui.managerequests.view.Edit\",\"properties\":{\"title\":\"tagRequest1\"},\"searchOpenDialogs\":true}"}]}
RESULT: undefined
COMMAND: POST /session/df7e3af810ab6d6da1a176f6e8533552/element - {"using":"xpath","value":"//*[@id=\"__item1322-imgDel-img\"]"}
RESULT: {"using":"xpath","value":"//*[@id=\"__item1322-imgDel-img\"]"}
COMMAND: POST /session/df7e3af810ab6d6da1a176f6e8533552/element/f.CC9B589A9DA2186238667A9749121406.d.644CCEE494FE8A4799842FB09364F748.e.3470/click - {}
RESULT: {}
COMMAND: GET /session/df7e3af810ab6d6da1a176f6e8533552/screenshot - {}
RESULT: {}
COMMAND: POST /session/df7e3af810ab6d6da1a176f6e8533552/execute/async - {"script":"<script> [1562 bytes]","args":[{"selector":{"controlType":"sap.ui.core.Icon","viewName":"etm.portal.ui.managerequests.view.Edit","properties":{"src":{"regex":{"source":"decline"}}},"searchOpenDialogs":true,"ancestor":{"controlType":"sap.m.StandardListItem","viewName":"etm.portal.ui.managerequests.view.Edit","properties":{"title":"RefTag"},"searchOpenDialogs":true}},"wdio_ui5_key":"etmportal.ui.managerequests.view.Editsap.ui.core.Icon{\"src\":{\"regex\":{\"source\":\"decline\"}}}{\"controlType\":\"sap.m.StandardListItem\",\"viewName\":\"etm.portal.ui.managerequests.view.Edit\",\"properties\":{\"title\":\"RefTag\"},\"searchOpenDialogs\":true}"}]}
RESULT: {"script":"<script> [1562 bytes]","args":[{"selector":{"controlType":"sap.ui.core.Icon","viewName":"etm.portal.ui.managerequests.view.Edit","properties":{"src":{"regex":{"source":"decline"}}},"searchOpenDialogs":true,"ancestor":{"controlType":"sap.m.StandardListItem","viewName":"etm.portal.ui.managerequests.view.Edit","properties":{"title":"RefTag"},"searchOpenDialogs":true}},"wdio_ui5_key":"etmportal.ui.managerequests.view.Editsap.ui.core.Icon{\"src\":{\"regex\":{\"source\":\"decline\"}}}{\"controlType\":\"sap.m.StandardListItem\",\"viewName\":\"etm.portal.ui.managerequests.view.Edit\",\"properties\":{\"title\":\"RefTag\"},\"searchOpenDialogs\":true}"}]}
RESULT: undefined
COMMAND: POST /session/df7e3af810ab6d6da1a176f6e8533552/element - {"using":"xpath","value":"//*[@id=\"__item1326-imgDel-img\"]"}
RESULT: {"using":"xpath","value":"//*[@id=\"__item1326-imgDel-img\"]"}
COMMAND: POST /session/df7e3af810ab6d6da1a176f6e8533552/element/f.CC9B589A9DA2186238667A9749121406.d.644CCEE494FE8A4799842FB09364F748.e.3473/click - {}
RESULT: {}
COMMAND: GET /session/df7e3af810ab6d6da1a176f6e8533552/screenshot - {}
RESULT: {}
COMMAND: POST /session/df7e3af810ab6d6da1a176f6e8533552/execute/async - {"script":"<script> [1562 bytes]","args":[{"selector":{"controlType":"sap.ui.core.Icon","viewName":"etm.portal.ui.managerequests.view.Edit","properties":{"src":{"regex":{"source":"decline"}}},"searchOpenDialogs":true,"ancestor":{"controlType":"sap.m.StandardListItem","viewName":"etm.portal.ui.managerequests.view.Edit","properties":{"title":"tag-header"},"searchOpenDialogs":true}},"wdio_ui5_key":"etmportal.ui.managerequests.view.Editsap.ui.core.Icon{\"src\":{\"regex\":{\"source\":\"decline\"}}}{\"controlType\":\"sap.m.StandardListItem\",\"viewName\":\"etm.portal.ui.managerequests.view.Edit\",\"properties\":{\"title\":\"tag-header\"},\"searchOpenDialogs\":true}"}]}
RESULT: {"script":"<script> [1562 bytes]","args":[{"selector":{"controlType":"sap.ui.core.Icon","viewName":"etm.portal.ui.managerequests.view.Edit","properties":{"src":{"regex":{"source":"decline"}}},"searchOpenDialogs":true,"ancestor":{"controlType":"sap.m.StandardListItem","viewName":"etm.portal.ui.managerequests.view.Edit","properties":{"title":"tag-header"},"searchOpenDialogs":true}},"wdio_ui5_key":"etmportal.ui.managerequests.view.Editsap.ui.core.Icon{\"src\":{\"regex\":{\"source\":\"decline\"}}}{\"controlType\":\"sap.m.StandardListItem\",\"viewName\":\"etm.portal.ui.managerequests.view.Edit\",\"properties\":{\"title\":\"tag-header\"},\"searchOpenDialogs\":true}"}]}
RESULT: undefined
COMMAND: POST /session/df7e3af810ab6d6da1a176f6e8533552/element - {"using":"xpath","value":"//*[@id=\"__item1329-imgDel-img\"]"}
RESULT: {"using":"xpath","value":"//*[@id=\"__item1329-imgDel-img\"]"}
COMMAND: POST /session/df7e3af810ab6d6da1a176f6e8533552/element/f.CC9B589A9DA2186238667A9749121406.d.644CCEE494FE8A4799842FB09364F748.e.3476/click - {}
RESULT: {}
COMMAND: GET /session/df7e3af810ab6d6da1a176f6e8533552/screenshot - {}
RESULT: {}
COMMAND: POST /session/df7e3af810ab6d6da1a176f6e8533552/actions - {"actions":[{"id":"action29","type":"key","parameters":{},"actions":[{"type":"keyDown","value":"î€ƒ"},{"type":"pause","duration":10},{"type":"keyUp","value":"î€ƒ"}]}]}
RESULT: {"actions":[{"id":"action29","type":"key","parameters":{},"actions":[{"type":"keyDown","value":"î€ƒ"},{"type":"pause","duration":10},{"type":"keyUp","value":"î€ƒ"}]}]}
COMMAND: POST /session/df7e3af810ab6d6da1a176f6e8533552/actions - {"actions":[{"id":"action30","type":"key","parameters":{},"actions":[{"type":"keyDown","value":"î€ƒ"},{"type":"pause","duration":10},{"type":"keyUp","value":"î€ƒ"}]}]}
COMMAND: GET /session/df7e3af810ab6d6da1a176f6e8533552/screenshot - {}
RESULT: {"actions":[{"id":"action30","type":"key","parameters":{},"actions":[{"type":"keyDown","value":"î€ƒ"},{"type":"pause","duration":10},{"type":"keyUp","value":"î€ƒ"}]}]}
COMMAND: GET /session/df7e3af810ab6d6da1a176f6e8533552/screenshot - {}
RESULT: {}
RESULT: {}
COMMAND: POST /session/df7e3af810ab6d6da1a176f6e8533552/execute/async - {"script":"<script> [1562 bytes]","args":[{"selector":{"controlType":"sap.m.Button","viewName":"etm.portal.ui.managerequests.view.Edit","i18NText":{"propertyName":"tooltip","key":"save"},"interaction":{"idSuffix":"BDI-content"}},"wdio_ui5_key":"etmportal.ui.managerequests.view.Editsap.m.Button{\"propertyName\":\"tooltip\",\"key\":\"save\"}"}]}
RESULT: {"script":"<script> [1562 bytes]","args":[{"selector":{"controlType":"sap.m.Button","viewName":"etm.portal.ui.managerequests.view.Edit","i18NText":{"propertyName":"tooltip","key":"save"},"interaction":{"idSuffix":"BDI-content"}},"wdio_ui5_key":"etmportal.ui.managerequests.view.Editsap.m.Button{\"propertyName\":\"tooltip\",\"key\":\"save\"}"}]}
RESULT: undefined
COMMAND: POST /session/df7e3af810ab6d6da1a176f6e8533552/element - {"using":"xpath","value":"//*[@id=\"__xmlview61--saveButtonId\"]"}
RESULT: {"using":"xpath","value":"//*[@id=\"__xmlview61--saveButtonId\"]"}
COMMAND: POST /session/df7e3af810ab6d6da1a176f6e8533552/element/f.CC9B589A9DA2186238667A9749121406.d.644CCEE494FE8A4799842FB09364F748.e.3374/click - {}
RESULT: {}
COMMAND: GET /session/df7e3af810ab6d6da1a176f6e8533552/screenshot - {}
RESULT: {}
COMMAND: POST /session/df7e3af810ab6d6da1a176f6e8533552/execute/async - {"script":"<script> [1562 bytes]","args":[{"selector":{"id":"tagsLayoutViewMode","viewName":"etm.portal.ui.managerequests.view.Detail"},"wdio_ui5_key":"tagsLayoutViewModeetmportal.ui.managerequests.view.Detail"}]}
RESULT: {"script":"<script> [1562 bytes]","args":[{"selector":{"id":"tagsLayoutViewMode","viewName":"etm.portal.ui.managerequests.view.Detail"},"wdio_ui5_key":"tagsLayoutViewModeetmportal.ui.managerequests.view.Detail"}]}
RESULT: undefined
COMMAND: POST /session/df7e3af810ab6d6da1a176f6e8533552/execute/async - {"script":"<script> [6424 bytes]","args":[{"element-6066-11e4-a52e-4f735466cecf":"f.CC9B589A9DA2186238667A9749121406.d.644CCEE494FE8A4799842FB09364F748.e.3586"},"getTokens",[]]}
RESULT: {"script":"<script> [6424 bytes]","args":[{"element-6066-11e4-a52e-4f735466cecf":"f.CC9B589A9DA2186238667A9749121406.d.644CCEE494FE8A4799842FB09364F748.e.3586"},"getTokens",[]]}
COMMAND: POST /session/df7e3af810ab6d6da1a176f6e8533552/execute/async - {"script":"<script> [1562 bytes]","args":[{"wdio_ui5_key":"__token11-__xmlview60--tagsLayoutViewMode-1","selector":{"id":"__token11-__xmlview60--tagsLayoutViewMode-1"}}]}
COMMAND: POST /session/df7e3af810ab6d6da1a176f6e8533552/execute/async - {"script":"<script> [1562 bytes]","args":[{"wdio_ui5_key":"__token11-__xmlview60--tagsLayoutViewMode-0","selector":{"id":"__token11-__xmlview60--tagsLayoutViewMode-0"}}]}
RESULT: {"script":"<script> [1562 bytes]","args":[{"wdio_ui5_key":"__token11-__xmlview60--tagsLayoutViewMode-1","selector":{"id":"__token11-__xmlview60--tagsLayoutViewMode-1"}}]}
RESULT: undefined
RESULT: {"script":"<script> [1562 bytes]","args":[{"wdio_ui5_key":"__token11-__xmlview60--tagsLayoutViewMode-0","selector":{"id":"__token11-__xmlview60--tagsLayoutViewMode-0"}}]}
RESULT: undefined
COMMAND: POST /session/df7e3af810ab6d6da1a176f6e8533552/execute/async - {"script":"<script> [1562 bytes]","args":[{"selector":{"controlType":"sap.m.OverflowToolbarButton","viewName":"etm.portal.ui.managerequests.view.Detail","properties":{"text":"Settings"},"interaction":{"idSuffix":"inner"}},"wdio_ui5_key":"etmportal.ui.managerequests.view.Detailsap.m.OverflowToolbarButton{\"text\":\"Settings\"}"}]}
RESULT: {"script":"<script> [1562 bytes]","args":[{"selector":{"controlType":"sap.m.OverflowToolbarButton","viewName":"etm.portal.ui.managerequests.view.Detail","properties":{"text":"Settings"},"interaction":{"idSuffix":"inner"}},"wdio_ui5_key":"etmportal.ui.managerequests.view.Detailsap.m.OverflowToolbarButton{\"text\":\"Settings\"}"}]}
RESULT: undefined
COMMAND: POST /session/df7e3af810ab6d6da1a176f6e8533552/element - {"using":"xpath","value":"//*[@id=\"__xmlview60--smartTableRequestItems-btnPersonalisation\"]"}
RESULT: {"using":"xpath","value":"//*[@id=\"__xmlview60--smartTableRequestItems-btnPersonalisation\"]"}
COMMAND: POST /session/df7e3af810ab6d6da1a176f6e8533552/element/f.CC9B589A9DA2186238667A9749121406.d.644CCEE494FE8A4799842FB09364F748.e.3590/click - {}
RESULT: {}
COMMAND: POST /session/df7e3af810ab6d6da1a176f6e8533552/execute/async - {"script":"<script> [1562 bytes]","args":[{"selector":{"controlType":"sap.m.SearchField","viewName":"etm.portal.ui.managerequests.view.Detail","searchOpenDialogs":true,"interaction":{"idSuffix":"I"}},"wdio_ui5_key":"etmportal.ui.managerequests.view.Detailsap.m.SearchField"}]}
COMMAND: GET /session/df7e3af810ab6d6da1a176f6e8533552/screenshot - {}
RESULT: {"script":"<script> [1562 bytes]","args":[{"selector":{"controlType":"sap.m.SearchField","viewName":"etm.portal.ui.managerequests.view.Detail","searchOpenDialogs":true,"interaction":{"idSuffix":"I"}},"wdio_ui5_key":"etmportal.ui.managerequests.view.Detailsap.m.SearchField"}]}
RESULT: undefined
COMMAND: POST /session/df7e3af810ab6d6da1a176f6e8533552/execute/async - {"script":"<script> [776 bytes]","args":[{"enterText":"tag","selector":{"controlType":"sap.m.SearchField","viewName":"etm.portal.ui.managerequests.view.Detail","searchOpenDialogs":true,"interaction":{"idSuffix":"I"}},"clearTextFirst":true,"interactionType":"ENTER_TEXT"}]}
RESULT: {}
RESULT: {"script":"<script> [776 bytes]","args":[{"enterText":"tag","selector":{"controlType":"sap.m.SearchField","viewName":"etm.portal.ui.managerequests.view.Detail","searchOpenDialogs":true,"interaction":{"idSuffix":"I"}},"clearTextFirst":true,"interactionType":"ENTER_TEXT"}]}
COMMAND: POST /session/df7e3af810ab6d6da1a176f6e8533552/element - {"using":"xpath","value":"//div[contains(@id ,\"innerSelectionPanelTable-0-selectMulti-CbBg\")]"}
RESULT: {"using":"xpath","value":"//div[contains(@id ,\"innerSelectionPanelTable-0-selectMulti-CbBg\")]"}
COMMAND: POST /session/df7e3af810ab6d6da1a176f6e8533552/element/f.CC9B589A9DA2186238667A9749121406.d.644CCEE494FE8A4799842FB09364F748.e.3626/click - {}
RESULT: {}
COMMAND: POST /session/df7e3af810ab6d6da1a176f6e8533552/execute/async - {"script":"<script> [1562 bytes]","args":[{"selector":{"controlType":"sap.m.Button","viewName":"etm.portal.ui.managerequests.view.Detail","properties":{"text":"OK"},"searchOpenDialogs":true,"interaction":{"idSuffix":"BDI-content"}},"wdio_ui5_key":"etmportal.ui.managerequests.view.Detailsap.m.Button{\"text\":\"OK\"}"}]}
COMMAND: GET /session/df7e3af810ab6d6da1a176f6e8533552/screenshot - {}
RESULT: {"script":"<script> [1562 bytes]","args":[{"selector":{"controlType":"sap.m.Button","viewName":"etm.portal.ui.managerequests.view.Detail","properties":{"text":"OK"},"searchOpenDialogs":true,"interaction":{"idSuffix":"BDI-content"}},"wdio_ui5_key":"etmportal.ui.managerequests.view.Detailsap.m.Button{\"text\":\"OK\"}"}]}
RESULT: undefined
COMMAND: POST /session/df7e3af810ab6d6da1a176f6e8533552/element - {"using":"xpath","value":"//*[@id=\"__popup377-confirmBtn\"]"}
RESULT: {}
RESULT: {"using":"xpath","value":"//*[@id=\"__popup377-confirmBtn\"]"}
COMMAND: POST /session/df7e3af810ab6d6da1a176f6e8533552/element/f.CC9B589A9DA2186238667A9749121406.d.644CCEE494FE8A4799842FB09364F748.e.3631/click - {}
RESULT: {}
COMMAND: GET /session/df7e3af810ab6d6da1a176f6e8533552/screenshot - {}
RESULT: {}
COMMAND: POST /session/df7e3af810ab6d6da1a176f6e8533552/execute/async - {"script":"<script> [1562 bytes]","args":[{"selector":{"controlType":"sap.m.Text","viewName":"etm.portal.ui.managerequests.view.Detail","bindingPath":{"propertyPath":"NO","modelName":"catalogModel"}},"wdio_ui5_key":"etmportal.ui.managerequests.view.Detailsap.m.Text{\"propertyPath\":\"NO\",\"modelName\":\"catalogModel\"}"}]}
RESULT: {"script":"<script> [1562 bytes]","args":[{"selector":{"controlType":"sap.m.Text","viewName":"etm.portal.ui.managerequests.view.Detail","bindingPath":{"propertyPath":"NO","modelName":"catalogModel"}},"wdio_ui5_key":"etmportal.ui.managerequests.view.Detailsap.m.Text{\"propertyPath\":\"NO\",\"modelName\":\"catalogModel\"}"}]}
RESULT: undefined
COMMAND: POST /session/df7e3af810ab6d6da1a176f6e8533552/execute/async - {"script":"<script> [6424 bytes]","args":[{"element-6066-11e4-a52e-4f735466cecf":"f.CC9B589A9DA2186238667A9749121406.d.644CCEE494FE8A4799842FB09364F748.e.3656"},"getText",[]]}
RESULT: {"script":"<script> [6424 bytes]","args":[{"element-6066-11e4-a52e-4f735466cecf":"f.CC9B589A9DA2186238667A9749121406.d.644CCEE494FE8A4799842FB09364F748.e.3656"},"getText",[]]}
COMMAND: POST /session/df7e3af810ab6d6da1a176f6e8533552/execute/async - {"script":"<script> [1562 bytes]","args":[{"selector":{"controlType":"sap.m.Tokenizer","viewName":"etm.portal.ui.managerequests.view.Detail","bindingPath":{"path":"/SmartRequestItemsPlanningBoard(ITEM=10m,REQUEST='20091')","propertyPath":"LINK_TO_TAGS"}},"wdio_ui5_key":"etmportal.ui.managerequests.view.Detailsap.m.Tokenizer{\"path\":\"/SmartRequestItemsPlanningBoard(ITEM=10m,REQUEST='20091')\",\"propertyPath\":\"LINK_TO_TAGS\"}"}]}
RESULT: {"script":"<script> [1562 bytes]","args":[{"selector":{"controlType":"sap.m.Tokenizer","viewName":"etm.portal.ui.managerequests.view.Detail","bindingPath":{"path":"/SmartRequestItemsPlanningBoard(ITEM=10m,REQUEST='20091')","propertyPath":"LINK_TO_TAGS"}},"wdio_ui5_key":"etmportal.ui.managerequests.view.Detailsap.m.Tokenizer{\"path\":\"/SmartRequestItemsPlanningBoard(ITEM=10m,REQUEST='20091')\",\"propertyPath\":\"LINK_TO_TAGS\"}"}]}
RESULT: undefined
COMMAND: POST /session/df7e3af810ab6d6da1a176f6e8533552/execute/async - {"script":"<script> [6424 bytes]","args":[{"element-6066-11e4-a52e-4f735466cecf":"f.CC9B589A9DA2186238667A9749121406.d.644CCEE494FE8A4799842FB09364F748.e.3657"},"getTokens",[]]}
RESULT: {"script":"<script> [6424 bytes]","args":[{"element-6066-11e4-a52e-4f735466cecf":"f.CC9B589A9DA2186238667A9749121406.d.644CCEE494FE8A4799842FB09364F748.e.3657"},"getTokens",[]]}
COMMAND: POST /session/df7e3af810ab6d6da1a176f6e8533552/execute/async - {"script":"<script> [1562 bytes]","args":[{"wdio_ui5_key":"__token12-__tokenizer63-__clone3757-1","selector":{"id":"__token12-__tokenizer63-__clone3757-1"}}]}
COMMAND: POST /session/df7e3af810ab6d6da1a176f6e8533552/execute/async - {"script":"<script> [1562 bytes]","args":[{"wdio_ui5_key":"__token12-__tokenizer63-__clone3757-2","selector":{"id":"__token12-__tokenizer63-__clone3757-2"}}]}
COMMAND: POST /session/df7e3af810ab6d6da1a176f6e8533552/execute/async - {"script":"<script> [1562 bytes]","args":[{"wdio_ui5_key":"__token12-__tokenizer63-__clone3757-0","selector":{"id":"__token12-__tokenizer63-__clone3757-0"}}]}
RESULT: {"script":"<script> [1562 bytes]","args":[{"wdio_ui5_key":"__token12-__tokenizer63-__clone3757-0","selector":{"id":"__token12-__tokenizer63-__clone3757-0"}}]}
RESULT: undefined
RESULT: {"script":"<script> [1562 bytes]","args":[{"wdio_ui5_key":"__token12-__tokenizer63-__clone3757-2","selector":{"id":"__token12-__tokenizer63-__clone3757-2"}}]}
RESULT: undefined
RESULT: {"script":"<script> [1562 bytes]","args":[{"wdio_ui5_key":"__token12-__tokenizer63-__clone3757-1","selector":{"id":"__token12-__tokenizer63-__clone3757-1"}}]}
RESULT: undefined
COMMAND: POST /session/df7e3af810ab6d6da1a176f6e8533552/element - {"using":"xpath","value":"(//span[contains(text(), \"tag-header\")])[2]"}
RESULT: {"using":"xpath","value":"(//span[contains(text(), \"tag-header\")])[2]"}
COMMAND: POST /session/df7e3af810ab6d6da1a176f6e8533552/elements - {"using":"xpath","value":"(//span[contains(text(), \"tag-header\")])[2]"}
RESULT: {"using":"xpath","value":"(//span[contains(text(), \"tag-header\")])[2]"}
COMMAND: POST /session/df7e3af810ab6d6da1a176f6e8533552/execute/async - {"script":"<script> [1562 bytes]","args":[{"selector":{"controlType":"sap.m.Tokenizer","viewName":"etm.portal.ui.managerequests.view.Detail","bindingPath":{"path":"/SmartRequestItemsPlanningBoard(ITEM=20m,REQUEST='20091')","propertyPath":"LINK_TO_TAGS"}},"wdio_ui5_key":"etmportal.ui.managerequests.view.Detailsap.m.Tokenizer{\"path\":\"/SmartRequestItemsPlanningBoard(ITEM=20m,REQUEST='20091')\",\"propertyPath\":\"LINK_TO_TAGS\"}"}]}
RESULT: {"script":"<script> [1562 bytes]","args":[{"selector":{"controlType":"sap.m.Tokenizer","viewName":"etm.portal.ui.managerequests.view.Detail","bindingPath":{"path":"/SmartRequestItemsPlanningBoard(ITEM=20m,REQUEST='20091')","propertyPath":"LINK_TO_TAGS"}},"wdio_ui5_key":"etmportal.ui.managerequests.view.Detailsap.m.Tokenizer{\"path\":\"/SmartRequestItemsPlanningBoard(ITEM=20m,REQUEST='20091')\",\"propertyPath\":\"LINK_TO_TAGS\"}"}]}
RESULT: undefined
COMMAND: POST /session/df7e3af810ab6d6da1a176f6e8533552/execute/async - {"script":"<script> [6424 bytes]","args":[{"element-6066-11e4-a52e-4f735466cecf":"f.CC9B589A9DA2186238667A9749121406.d.644CCEE494FE8A4799842FB09364F748.e.3662"},"getTokens",[]]}
RESULT: {"script":"<script> [6424 bytes]","args":[{"element-6066-11e4-a52e-4f735466cecf":"f.CC9B589A9DA2186238667A9749121406.d.644CCEE494FE8A4799842FB09364F748.e.3662"},"getTokens",[]]}
COMMAND: POST /session/df7e3af810ab6d6da1a176f6e8533552/element - {"using":"css selector","value":"#shell-header-logo"}
RESULT: {"using":"css selector","value":"#shell-header-logo"}
COMMAND: POST /session/df7e3af810ab6d6da1a176f6e8533552/element/f.CC9B589A9DA2186238667A9749121406.d.644CCEE494FE8A4799842FB09364F748.e.2605/click - {}
RESULT: {}
COMMAND: GET /session/df7e3af810ab6d6da1a176f6e8533552/screenshot - {}
RESULT: {}
]]></system-out>
    </testcase>
  </testsuite>
  <testsuite timestamp="2025-04-25T15:46:06" time="486.266" tests="4" failures="0" errors="0" skipped="0">
    <properties>
      <property name="specId" value="0" />
      <property name="suiteName" value="Manage request + Contract processing pick up option US120163 " />
      <property name="capabilities" value="chrome.135_0_7049_96.windows" />
      <property name="file" value="file:///D:/a/1/s/test/specs/R2C/create-request-Pickup.spec.js" />
    </properties>
    <testcase classname="chrome.135_0_7049_96.windows.Manage_request_+_Contract_processing_pick_up_option_US120163_" name="Should create a new contract" time="59.171">
      <system-out><![CDATA[
COMMAND: POST /session/df7e3af810ab6d6da1a176f6e8533552/execute/async - {"script":"<script> [1562 bytes]","args":[{"selector":{"controlType":"sap.m.Text","viewName":"etm.portal.ui.managecontractstile.view.Master","properties":{"text":"Manage Contracts"},"interaction":{"idSuffix":"inner"}},"wdio_ui5_key":"etmportal.ui.managecontractstile.view.Mastersap.m.Text{\"text\":\"Manage Contracts\"}"}]}
RESULT: {"script":"<script> [1562 bytes]","args":[{"selector":{"controlType":"sap.m.Text","viewName":"etm.portal.ui.managecontractstile.view.Master","properties":{"text":"Manage Contracts"},"interaction":{"idSuffix":"inner"}},"wdio_ui5_key":"etmportal.ui.managecontractstile.view.Mastersap.m.Text{\"text\":\"Manage Contracts\"}"}]}
RESULT: undefined
COMMAND: POST /session/df7e3af810ab6d6da1a176f6e8533552/element - {"using":"xpath","value":"//*[@id=\"__tile130-title\"]"}
RESULT: {"using":"xpath","value":"//*[@id=\"__tile130-title\"]"}
COMMAND: POST /session/df7e3af810ab6d6da1a176f6e8533552/element/f.CC9B589A9DA2186238667A9749121406.d.644CCEE494FE8A4799842FB09364F748.e.3666/click - {}
RESULT: {}
COMMAND: GET /session/df7e3af810ab6d6da1a176f6e8533552/screenshot - {}
RESULT: {}
COMMAND: POST /session/df7e3af810ab6d6da1a176f6e8533552/execute/async - {"script":"<script> [1562 bytes]","args":[{"selector":{"controlType":"sap.ui.core.Icon","viewName":"etm.portal.ui.managecontracts.view.Master","properties":{"src":{"regex":{"source":"add"}}}},"wdio_ui5_key":"etmportal.ui.managecontracts.view.Mastersap.ui.core.Icon{\"src\":{\"regex\":{\"source\":\"add\"}}}"}]}
RESULT: {"script":"<script> [1562 bytes]","args":[{"selector":{"controlType":"sap.ui.core.Icon","viewName":"etm.portal.ui.managecontracts.view.Master","properties":{"src":{"regex":{"source":"add"}}}},"wdio_ui5_key":"etmportal.ui.managecontracts.view.Mastersap.ui.core.Icon{\"src\":{\"regex\":{\"source\":\"add\"}}}"}]}
RESULT: undefined
COMMAND: POST /session/df7e3af810ab6d6da1a176f6e8533552/element - {"using":"xpath","value":"//*[@id=\"__button187-img\"]"}
RESULT: {"using":"xpath","value":"//*[@id=\"__button187-img\"]"}
COMMAND: POST /session/df7e3af810ab6d6da1a176f6e8533552/element/f.CC9B589A9DA2186238667A9749121406.d.644CCEE494FE8A4799842FB09364F748.e.3719/click - {}
RESULT: {}
COMMAND: POST /session/df7e3af810ab6d6da1a176f6e8533552/execute/async - {"script":"<script> [1562 bytes]","args":[{"selector":{"id":"application-managecontracts-display-component---AddNewContract--projectDescription","interaction":{"idSuffix":"inner"}},"wdio_ui5_key":"applicationmanagecontracts-display-component---AddNewContract--projectDescription"}]}
COMMAND: GET /session/df7e3af810ab6d6da1a176f6e8533552/screenshot - {}
RESULT: {"script":"<script> [1562 bytes]","args":[{"selector":{"id":"application-managecontracts-display-component---AddNewContract--projectDescription","interaction":{"idSuffix":"inner"}},"wdio_ui5_key":"applicationmanagecontracts-display-component---AddNewContract--projectDescription"}]}
RESULT: undefined
COMMAND: POST /session/df7e3af810ab6d6da1a176f6e8533552/execute/async - {"script":"<script> [776 bytes]","args":[{"enterText":"PickupContracttvig9","selector":{"id":"application-managecontracts-display-component---AddNewContract--projectDescription","interaction":{"idSuffix":"inner"}},"clearTextFirst":true,"interactionType":"ENTER_TEXT"}]}
RESULT: {}
RESULT: {"script":"<script> [776 bytes]","args":[{"enterText":"PickupContracttvig9","selector":{"id":"application-managecontracts-display-component---AddNewContract--projectDescription","interaction":{"idSuffix":"inner"}},"clearTextFirst":true,"interactionType":"ENTER_TEXT"}]}
COMMAND: POST /session/df7e3af810ab6d6da1a176f6e8533552/element - {"using":"xpath","value":"//input[contains(@id ,\"application-managecontracts-display-component---AddNewContract--yardId-inner\")]"}
RESULT: {"using":"xpath","value":"//input[contains(@id ,\"application-managecontracts-display-component---AddNewContract--yardId-inner\")]"}
COMMAND: POST /session/df7e3af810ab6d6da1a176f6e8533552/element/f.CC9B589A9DA2186238667A9749121406.d.644CCEE494FE8A4799842FB09364F748.e.3996/value - {"text":"WebdriverYardq4bzeg"}
RESULT: {"text":"WebdriverYardq4bzeg"}
COMMAND: GET /session/df7e3af810ab6d6da1a176f6e8533552/screenshot - {}
RESULT: {}
COMMAND: POST /session/df7e3af810ab6d6da1a176f6e8533552/actions - {"actions":[{"id":"action31","type":"key","parameters":{},"actions":[{"type":"keyDown","value":"î€‡"},{"type":"pause","duration":10},{"type":"keyUp","value":"î€‡"}]}]}
RESULT: {"actions":[{"id":"action31","type":"key","parameters":{},"actions":[{"type":"keyDown","value":"î€‡"},{"type":"pause","duration":10},{"type":"keyUp","value":"î€‡"}]}]}
COMMAND: GET /session/df7e3af810ab6d6da1a176f6e8533552/screenshot - {}
RESULT: {}
COMMAND: POST /session/df7e3af810ab6d6da1a176f6e8533552/element - {"using":"xpath","value":"//input[contains(@id ,\"application-managecontracts-display-component---AddNewContract--customerSelect-inner\")]"}
RESULT: {"using":"xpath","value":"//input[contains(@id ,\"application-managecontracts-display-component---AddNewContract--customerSelect-inner\")]"}
COMMAND: POST /session/df7e3af810ab6d6da1a176f6e8533552/element/f.CC9B589A9DA2186238667A9749121406.d.644CCEE494FE8A4799842FB09364F748.e.3994/value - {"text":"WebdriverPartnerc7b6l"}
RESULT: {"text":"WebdriverPartnerc7b6l"}
COMMAND: GET /session/df7e3af810ab6d6da1a176f6e8533552/screenshot - {}
RESULT: {}
COMMAND: POST /session/df7e3af810ab6d6da1a176f6e8533552/actions - {"actions":[{"id":"action32","type":"key","parameters":{},"actions":[{"type":"keyDown","value":"î€‡"},{"type":"pause","duration":10},{"type":"keyUp","value":"î€‡"}]}]}
RESULT: {"actions":[{"id":"action32","type":"key","parameters":{},"actions":[{"type":"keyDown","value":"î€‡"},{"type":"pause","duration":10},{"type":"keyUp","value":"î€‡"}]}]}
COMMAND: GET /session/df7e3af810ab6d6da1a176f6e8533552/screenshot - {}
RESULT: {}
COMMAND: POST /session/df7e3af810ab6d6da1a176f6e8533552/element - {"using":"xpath","value":"//input[contains(@id ,\"application-managecontracts-display-component---AddNewContract--site-inner\")]"}
RESULT: {"using":"xpath","value":"//input[contains(@id ,\"application-managecontracts-display-component---AddNewContract--site-inner\")]"}
COMMAND: POST /session/df7e3af810ab6d6da1a176f6e8533552/element/f.CC9B589A9DA2186238667A9749121406.d.644CCEE494FE8A4799842FB09364F748.e.3995/value - {"text":"WebdriverSite7ggb9j"}
RESULT: {"text":"WebdriverSite7ggb9j"}
COMMAND: GET /session/df7e3af810ab6d6da1a176f6e8533552/screenshot - {}
RESULT: {}
COMMAND: POST /session/df7e3af810ab6d6da1a176f6e8533552/actions - {"actions":[{"id":"action33","type":"key","parameters":{},"actions":[{"type":"keyDown","value":"î€‡"},{"type":"pause","duration":10},{"type":"keyUp","value":"î€‡"}]}]}
RESULT: {"actions":[{"id":"action33","type":"key","parameters":{},"actions":[{"type":"keyDown","value":"î€‡"},{"type":"pause","duration":10},{"type":"keyUp","value":"î€‡"}]}]}
COMMAND: GET /session/df7e3af810ab6d6da1a176f6e8533552/screenshot - {}
RESULT: {}
COMMAND: POST /session/df7e3af810ab6d6da1a176f6e8533552/execute/async - {"script":"<script> [1562 bytes]","args":[{"selector":{"id":"application-managecontracts-display-component---AddNewContract--saveBtn","interaction":{"idSuffix":"BDI-content"}},"wdio_ui5_key":"applicationmanagecontracts-display-component---AddNewContract--saveBtn"}]}
RESULT: {"script":"<script> [1562 bytes]","args":[{"selector":{"id":"application-managecontracts-display-component---AddNewContract--saveBtn","interaction":{"idSuffix":"BDI-content"}},"wdio_ui5_key":"applicationmanagecontracts-display-component---AddNewContract--saveBtn"}]}
RESULT: undefined
COMMAND: POST /session/df7e3af810ab6d6da1a176f6e8533552/element - {"using":"xpath","value":"//*[@id=\"application-managecontracts-display-component---AddNewContract--saveBtn\"]"}
RESULT: {"using":"xpath","value":"//*[@id=\"application-managecontracts-display-component---AddNewContract--saveBtn\"]"}
COMMAND: POST /session/df7e3af810ab6d6da1a176f6e8533552/element/f.CC9B589A9DA2186238667A9749121406.d.644CCEE494FE8A4799842FB09364F748.e.4012/click - {}
RESULT: {}
COMMAND: GET /session/df7e3af810ab6d6da1a176f6e8533552/screenshot - {}
RESULT: {}
COMMAND: POST /session/df7e3af810ab6d6da1a176f6e8533552/element - {"using":"xpath","value":"//span[contains(@id ,\"contractDetailTitleNoExpanded\")]"}
RESULT: {"using":"xpath","value":"//span[contains(@id ,\"contractDetailTitleNoExpanded\")]"}
COMMAND: GET /session/df7e3af810ab6d6da1a176f6e8533552/element/f.CC9B589A9DA2186238667A9749121406.d.644CCEE494FE8A4799842FB09364F748.e.4095/text - {}
RESULT: {}
COMMAND: POST /session/df7e3af810ab6d6da1a176f6e8533552/element - {"using":"css selector","value":"#shell-header-logo"}
RESULT: {"using":"css selector","value":"#shell-header-logo"}
COMMAND: POST /session/df7e3af810ab6d6da1a176f6e8533552/element/f.CC9B589A9DA2186238667A9749121406.d.644CCEE494FE8A4799842FB09364F748.e.3668/click - {}
RESULT: {}
COMMAND: GET /session/df7e3af810ab6d6da1a176f6e8533552/screenshot - {}
RESULT: {}
]]></system-out>
    </testcase>
    <testcase classname="chrome.135_0_7049_96.windows.Manage_request_+_Contract_processing_pick_up_option_US120163_" name="Should create a new material" time="114.907">
      <system-out><![CDATA[
COMMAND: POST /session/df7e3af810ab6d6da1a176f6e8533552/execute/async - {"script":"<script> [1562 bytes]","args":[{"selector":{"controlType":"sap.m.GenericTile","properties":{"header":"Manage Resources"}},"wdio_ui5_key":"sapm.GenericTile{\"header\":\"Manage Resources\"}"}]}
RESULT: {"script":"<script> [1562 bytes]","args":[{"selector":{"controlType":"sap.m.GenericTile","properties":{"header":"Manage Resources"}},"wdio_ui5_key":"sapm.GenericTile{\"header\":\"Manage Resources\"}"}]}
RESULT: undefined
COMMAND: POST /session/df7e3af810ab6d6da1a176f6e8533552/element - {"using":"xpath","value":"//*[@id=\"__tile39\"]"}
RESULT: {"using":"xpath","value":"//*[@id=\"__tile39\"]"}
COMMAND: POST /session/df7e3af810ab6d6da1a176f6e8533552/element/f.CC9B589A9DA2186238667A9749121406.d.644CCEE494FE8A4799842FB09364F748.e.4097/click - {}
RESULT: {}
COMMAND: GET /session/df7e3af810ab6d6da1a176f6e8533552/screenshot - {}
RESULT: {}
COMMAND: POST /session/df7e3af810ab6d6da1a176f6e8533552/element - {"using":"xpath","value":"//button[@data-kt=\"addNewRUOverflowToolbarButton\"]"}
RESULT: {"using":"xpath","value":"//button[@data-kt=\"addNewRUOverflowToolbarButton\"]"}
COMMAND: POST /session/df7e3af810ab6d6da1a176f6e8533552/execute/sync - {"script":"<script> [8489 bytes]","args":[{"element-6066-11e4-a52e-4f735466cecf":"f.CC9B589A9DA2186238667A9749121406.d.644CCEE494FE8A4799842FB09364F748.e.4140","ELEMENT":"f.CC9B589A9DA2186238667A9749121406.d.644CCEE494FE8A4799842FB09364F748.e.4140"}]}
RESULT: {"script":"<script> [8489 bytes]","args":[{"element-6066-11e4-a52e-4f735466cecf":"f.CC9B589A9DA2186238667A9749121406.d.644CCEE494FE8A4799842FB09364F748.e.4140","ELEMENT":"f.CC9B589A9DA2186238667A9749121406.d.644CCEE494FE8A4799842FB09364F748.e.4140"}]}
COMMAND: POST /session/df7e3af810ab6d6da1a176f6e8533552/element/f.CC9B589A9DA2186238667A9749121406.d.644CCEE494FE8A4799842FB09364F748.e.4140/click - {}
COMMAND: GET /session/df7e3af810ab6d6da1a176f6e8533552/screenshot - {}
RESULT: {}
COMMAND: POST /session/df7e3af810ab6d6da1a176f6e8533552/execute/async - {"script":"<script> [1562 bytes]","args":[{"selector":{"id":"application-manageresources-display-component---newResourceUnit--TYPE-arrow"},"wdio_ui5_key":"applicationmanageresources-display-component---newResourceUnit--TYPE-arrow"}]}
COMMAND: GET /session/df7e3af810ab6d6da1a176f6e8533552/screenshot - {}
RESULT: {}
RESULT: {"script":"<script> [1562 bytes]","args":[{"selector":{"id":"application-manageresources-display-component---newResourceUnit--TYPE-arrow"},"wdio_ui5_key":"applicationmanageresources-display-component---newResourceUnit--TYPE-arrow"}]}
RESULT: undefined
COMMAND: POST /session/df7e3af810ab6d6da1a176f6e8533552/element - {"using":"xpath","value":"//*[@id=\"application-manageresources-display-component---newResourceUnit--TYPE-arrow\"]"}
RESULT: {}
RESULT: {"using":"xpath","value":"//*[@id=\"application-manageresources-display-component---newResourceUnit--TYPE-arrow\"]"}
COMMAND: POST /session/df7e3af810ab6d6da1a176f6e8533552/element/f.CC9B589A9DA2186238667A9749121406.d.644CCEE494FE8A4799842FB09364F748.e.4539/click - {}
RESULT: {}
COMMAND: POST /session/df7e3af810ab6d6da1a176f6e8533552/execute/async - {"script":"<script> [1562 bytes]","args":[{"selector":{"controlType":"sap.m.StandardListItem","viewName":"reusables.view.manageresources.NewResourceUnit","viewId":"application-manageresources-display-component---newResourceUnit","properties":{"title":"Material"},"searchOpenDialogs":true,"interaction":{"idSuffix":"titleText"}},"wdio_ui5_key":"reusablesview.manageresources.NewResourceUnitsap.m.StandardListItem{\"title\":\"Material\"}"}]}
COMMAND: GET /session/df7e3af810ab6d6da1a176f6e8533552/screenshot - {}
RESULT: {"script":"<script> [1562 bytes]","args":[{"selector":{"controlType":"sap.m.StandardListItem","viewName":"reusables.view.manageresources.NewResourceUnit","viewId":"application-manageresources-display-component---newResourceUnit","properties":{"title":"Material"},"searchOpenDialogs":true,"interaction":{"idSuffix":"titleText"}},"wdio_ui5_key":"reusablesview.manageresources.NewResourceUnitsap.m.StandardListItem{\"title\":\"Material\"}"}]}
RESULT: undefined
COMMAND: POST /session/df7e3af810ab6d6da1a176f6e8533552/element - {"using":"xpath","value":"//*[@id=\"__item1991\"]"}
RESULT: {}
RESULT: {"using":"xpath","value":"//*[@id=\"__item1991\"]"}
COMMAND: POST /session/df7e3af810ab6d6da1a176f6e8533552/element/f.CC9B589A9DA2186238667A9749121406.d.644CCEE494FE8A4799842FB09364F748.e.4542/click - {}
RESULT: {}
COMMAND: POST /session/df7e3af810ab6d6da1a176f6e8533552/execute/async - {"script":"<script> [1562 bytes]","args":[{"selector":{"id":"application-manageresources-display-component---newResourceUnit--SHORT_TEXT","interaction":{"idSuffix":"inner"}},"wdio_ui5_key":"applicationmanageresources-display-component---newResourceUnit--SHORT_TEXT"}]}
COMMAND: GET /session/df7e3af810ab6d6da1a176f6e8533552/screenshot - {}
RESULT: {}
RESULT: {"script":"<script> [1562 bytes]","args":[{"selector":{"id":"application-manageresources-display-component---newResourceUnit--SHORT_TEXT","interaction":{"idSuffix":"inner"}},"wdio_ui5_key":"applicationmanageresources-display-component---newResourceUnit--SHORT_TEXT"}]}
RESULT: undefined
COMMAND: POST /session/df7e3af810ab6d6da1a176f6e8533552/execute/async - {"script":"<script> [776 bytes]","args":[{"enterText":"WebdriverRUR2Cp4c9z","selector":{"id":"application-manageresources-display-component---newResourceUnit--SHORT_TEXT","interaction":{"idSuffix":"inner"}},"clearTextFirst":true,"interactionType":"ENTER_TEXT"}]}
RESULT: {"script":"<script> [776 bytes]","args":[{"enterText":"WebdriverRUR2Cp4c9z","selector":{"id":"application-manageresources-display-component---newResourceUnit--SHORT_TEXT","interaction":{"idSuffix":"inner"}},"clearTextFirst":true,"interactionType":"ENTER_TEXT"}]}
COMMAND: POST /session/df7e3af810ab6d6da1a176f6e8533552/execute/async - {"script":"<script> [1562 bytes]","args":[{"selector":{"id":"application-manageresources-display-component---newResourceUnit--BASE_UNIT_OF_MEASURE-arrow"},"wdio_ui5_key":"applicationmanageresources-display-component---newResourceUnit--BASE_UNIT_OF_MEASURE-arrow"}]}
RESULT: {"script":"<script> [1562 bytes]","args":[{"selector":{"id":"application-manageresources-display-component---newResourceUnit--BASE_UNIT_OF_MEASURE-arrow"},"wdio_ui5_key":"applicationmanageresources-display-component---newResourceUnit--BASE_UNIT_OF_MEASURE-arrow"}]}
RESULT: undefined
COMMAND: POST /session/df7e3af810ab6d6da1a176f6e8533552/element - {"using":"xpath","value":"//*[@id=\"application-manageresources-display-component---newResourceUnit--BASE_UNIT_OF_MEASURE-arrow\"]"}
RESULT: {"using":"xpath","value":"//*[@id=\"application-manageresources-display-component---newResourceUnit--BASE_UNIT_OF_MEASURE-arrow\"]"}
COMMAND: POST /session/df7e3af810ab6d6da1a176f6e8533552/element/f.CC9B589A9DA2186238667A9749121406.d.644CCEE494FE8A4799842FB09364F748.e.4598/click - {}
RESULT: {}
COMMAND: POST /session/df7e3af810ab6d6da1a176f6e8533552/execute/async - {"script":"<script> [1562 bytes]","args":[{"selector":{"controlType":"sap.m.StandardListItem","viewName":"reusables.view.manageresources.NewResourceUnit","viewId":"application-manageresources-display-component---newResourceUnit","properties":{"title":"Piece"},"searchOpenDialogs":true,"interaction":{"idSuffix":"titleText"}},"wdio_ui5_key":"reusablesview.manageresources.NewResourceUnitsap.m.StandardListItem{\"title\":\"Piece\"}"}]}
COMMAND: GET /session/df7e3af810ab6d6da1a176f6e8533552/screenshot - {}
RESULT: {"script":"<script> [1562 bytes]","args":[{"selector":{"controlType":"sap.m.StandardListItem","viewName":"reusables.view.manageresources.NewResourceUnit","viewId":"application-manageresources-display-component---newResourceUnit","properties":{"title":"Piece"},"searchOpenDialogs":true,"interaction":{"idSuffix":"titleText"}},"wdio_ui5_key":"reusablesview.manageresources.NewResourceUnitsap.m.StandardListItem{\"title\":\"Piece\"}"}]}
RESULT: undefined
COMMAND: POST /session/df7e3af810ab6d6da1a176f6e8533552/element - {"using":"xpath","value":"//*[@id=\"__item2035\"]"}
RESULT: {}
RESULT: {"using":"xpath","value":"//*[@id=\"__item2035\"]"}
COMMAND: POST /session/df7e3af810ab6d6da1a176f6e8533552/element/f.CC9B589A9DA2186238667A9749121406.d.644CCEE494FE8A4799842FB09364F748.e.4600/click - {}
RESULT: {}
COMMAND: POST /session/df7e3af810ab6d6da1a176f6e8533552/element - {"using":"xpath","value":"//input[contains(@id ,\"application-manageresources-display-component---newResourceUnit--SHORT_TEXT-inner\")]"}
COMMAND: GET /session/df7e3af810ab6d6da1a176f6e8533552/screenshot - {}
RESULT: {"using":"xpath","value":"//input[contains(@id ,\"application-manageresources-display-component---newResourceUnit--SHORT_TEXT-inner\")]"}
COMMAND: GET /session/df7e3af810ab6d6da1a176f6e8533552/element/f.CC9B589A9DA2186238667A9749121406.d.644CCEE494FE8A4799842FB09364F748.e.4559/property/value - {}
RESULT: {}
RESULT: {}
COMMAND: POST /session/df7e3af810ab6d6da1a176f6e8533552/execute/async - {"script":"<script> [1562 bytes]","args":[{"selector":{"id":"application-manageresources-display-component---newResourceUnit--WEIGHT_UNIT-arrow"},"wdio_ui5_key":"applicationmanageresources-display-component---newResourceUnit--WEIGHT_UNIT-arrow"}]}
COMMAND: GET /session/df7e3af810ab6d6da1a176f6e8533552/screenshot - {}
RESULT: {"script":"<script> [1562 bytes]","args":[{"selector":{"id":"application-manageresources-display-component---newResourceUnit--WEIGHT_UNIT-arrow"},"wdio_ui5_key":"applicationmanageresources-display-component---newResourceUnit--WEIGHT_UNIT-arrow"}]}
RESULT: undefined
COMMAND: POST /session/df7e3af810ab6d6da1a176f6e8533552/element - {"using":"xpath","value":"//*[@id=\"application-manageresources-display-component---newResourceUnit--WEIGHT_UNIT-arrow\"]"}
RESULT: {}
RESULT: {"using":"xpath","value":"//*[@id=\"application-manageresources-display-component---newResourceUnit--WEIGHT_UNIT-arrow\"]"}
COMMAND: POST /session/df7e3af810ab6d6da1a176f6e8533552/element/f.CC9B589A9DA2186238667A9749121406.d.644CCEE494FE8A4799842FB09364F748.e.4601/click - {}
RESULT: {}
COMMAND: POST /session/df7e3af810ab6d6da1a176f6e8533552/execute/async - {"script":"<script> [1562 bytes]","args":[{"selector":{"controlType":"sap.m.StandardListItem","viewName":"reusables.view.manageresources.NewResourceUnit","viewId":"application-manageresources-display-component---newResourceUnit","properties":{"title":"Gram"},"searchOpenDialogs":true,"interaction":{"idSuffix":"content"}},"wdio_ui5_key":"reusablesview.manageresources.NewResourceUnitsap.m.StandardListItem{\"title\":\"Gram\"}"}]}
COMMAND: GET /session/df7e3af810ab6d6da1a176f6e8533552/screenshot - {}
RESULT: {"script":"<script> [1562 bytes]","args":[{"selector":{"controlType":"sap.m.StandardListItem","viewName":"reusables.view.manageresources.NewResourceUnit","viewId":"application-manageresources-display-component---newResourceUnit","properties":{"title":"Gram"},"searchOpenDialogs":true,"interaction":{"idSuffix":"content"}},"wdio_ui5_key":"reusablesview.manageresources.NewResourceUnitsap.m.StandardListItem{\"title\":\"Gram\"}"}]}
RESULT: undefined
COMMAND: POST /session/df7e3af810ab6d6da1a176f6e8533552/element - {"using":"xpath","value":"//*[@id=\"__item2100\"]"}
RESULT: {}
RESULT: {"using":"xpath","value":"//*[@id=\"__item2100\"]"}
COMMAND: POST /session/df7e3af810ab6d6da1a176f6e8533552/element/f.CC9B589A9DA2186238667A9749121406.d.644CCEE494FE8A4799842FB09364F748.e.4603/click - {}
RESULT: {}
COMMAND: POST /session/df7e3af810ab6d6da1a176f6e8533552/execute/async - {"script":"<script> [1562 bytes]","args":[{"selector":{"id":"application-manageresources-display-component---newResourceUnit--newRRUPage-OPHeaderContent-collapseBtn-img"},"wdio_ui5_key":"applicationmanageresources-display-component---newResourceUnit--newRRUPage-OPHeaderContent-collapseBtn-img"}]}
COMMAND: GET /session/df7e3af810ab6d6da1a176f6e8533552/screenshot - {}
RESULT: {"script":"<script> [1562 bytes]","args":[{"selector":{"id":"application-manageresources-display-component---newResourceUnit--newRRUPage-OPHeaderContent-collapseBtn-img"},"wdio_ui5_key":"applicationmanageresources-display-component---newResourceUnit--newRRUPage-OPHeaderContent-collapseBtn-img"}]}
RESULT: undefined
COMMAND: POST /session/df7e3af810ab6d6da1a176f6e8533552/element - {"using":"xpath","value":"//*[@id=\"application-manageresources-display-component---newResourceUnit--newRRUPage-OPHeaderContent-collapseBtn-img\"]"}
RESULT: {}
RESULT: {"using":"xpath","value":"//*[@id=\"application-manageresources-display-component---newResourceUnit--newRRUPage-OPHeaderContent-collapseBtn-img\"]"}
COMMAND: POST /session/df7e3af810ab6d6da1a176f6e8533552/element/f.CC9B589A9DA2186238667A9749121406.d.644CCEE494FE8A4799842FB09364F748.e.4549/click - {}
RESULT: {}
COMMAND: GET /session/df7e3af810ab6d6da1a176f6e8533552/screenshot - {}
RESULT: {}
COMMAND: POST /session/df7e3af810ab6d6da1a176f6e8533552/element - {"using":"xpath","value":"(//span[contains(@id ,\"application-manageresources-display-component---newResourceUnit--DIMENSION_UNIT-arrow\")])[1]"}
RESULT: {"using":"xpath","value":"(//span[contains(@id ,\"application-manageresources-display-component---newResourceUnit--DIMENSION_UNIT-arrow\")])[1]"}
COMMAND: POST /session/df7e3af810ab6d6da1a176f6e8533552/element/f.CC9B589A9DA2186238667A9749121406.d.644CCEE494FE8A4799842FB09364F748.e.4609/click - {}
RESULT: {}
COMMAND: GET /session/df7e3af810ab6d6da1a176f6e8533552/screenshot - {}
RESULT: {}
COMMAND: POST /session/df7e3af810ab6d6da1a176f6e8533552/execute/async - {"script":"<script> [1562 bytes]","args":[{"selector":{"controlType":"sap.m.StandardListItem","viewName":"reusables.view.manageresources.NewResourceUnit","viewId":"application-manageresources-display-component---newResourceUnit","properties":{"title":"Centimeter"},"searchOpenDialogs":true,"interaction":{"idSuffix":"titleText"}},"wdio_ui5_key":"reusablesview.manageresources.NewResourceUnitsap.m.StandardListItem{\"title\":\"Centimeter\"}"}]}
RESULT: {"script":"<script> [1562 bytes]","args":[{"selector":{"controlType":"sap.m.StandardListItem","viewName":"reusables.view.manageresources.NewResourceUnit","viewId":"application-manageresources-display-component---newResourceUnit","properties":{"title":"Centimeter"},"searchOpenDialogs":true,"interaction":{"idSuffix":"titleText"}},"wdio_ui5_key":"reusablesview.manageresources.NewResourceUnitsap.m.StandardListItem{\"title\":\"Centimeter\"}"}]}
RESULT: undefined
COMMAND: POST /session/df7e3af810ab6d6da1a176f6e8533552/element - {"using":"xpath","value":"//*[@id=\"__item2103\"]"}
RESULT: {"using":"xpath","value":"//*[@id=\"__item2103\"]"}
COMMAND: POST /session/df7e3af810ab6d6da1a176f6e8533552/element/f.CC9B589A9DA2186238667A9749121406.d.644CCEE494FE8A4799842FB09364F748.e.4611/click - {}
RESULT: {}
COMMAND: POST /session/df7e3af810ab6d6da1a176f6e8533552/execute/async - {"script":"<script> [1562 bytes]","args":[{"selector":{"id":"application-manageresources-display-component---newResourceUnit--newRRUPage-anchBar-application-manageresources-display-component---newResourceUnit--reference-anchor","interaction":{"idSuffix":"BDI-content"}},"wdio_ui5_key":"applicationmanageresources-display-component---newResourceUnit--newRRUPage-anchBar-application-manageresources-display-component---newResourceUnit--reference-anchor"}]}
COMMAND: GET /session/df7e3af810ab6d6da1a176f6e8533552/screenshot - {}
RESULT: {"script":"<script> [1562 bytes]","args":[{"selector":{"id":"application-manageresources-display-component---newResourceUnit--newRRUPage-anchBar-application-manageresources-display-component---newResourceUnit--reference-anchor","interaction":{"idSuffix":"BDI-content"}},"wdio_ui5_key":"applicationmanageresources-display-component---newResourceUnit--newRRUPage-anchBar-application-manageresources-display-component---newResourceUnit--reference-anchor"}]}
RESULT: undefined
COMMAND: POST /session/df7e3af810ab6d6da1a176f6e8533552/element - {"using":"xpath","value":"//*[@id=\"application-manageresources-display-component---newResourceUnit--newRRUPage-anchBar-application-manageresources-display-component---newResourceUnit--reference-anchor\"]"}
RESULT: {}
RESULT: {"using":"xpath","value":"//*[@id=\"application-manageresources-display-component---newResourceUnit--newRRUPage-anchBar-application-manageresources-display-component---newResourceUnit--reference-anchor\"]"}
COMMAND: POST /session/df7e3af810ab6d6da1a176f6e8533552/element/f.CC9B589A9DA2186238667A9749121406.d.644CCEE494FE8A4799842FB09364F748.e.4613/click - {}
RESULT: {}
COMMAND: POST /session/df7e3af810ab6d6da1a176f6e8533552/execute/async - {"script":"<script> [1562 bytes]","args":[{"selector":{"id":"application-manageresources-display-component---newResourceUnit--PLANNING_GROUP-arrow"},"wdio_ui5_key":"applicationmanageresources-display-component---newResourceUnit--PLANNING_GROUP-arrow"}]}
COMMAND: GET /session/df7e3af810ab6d6da1a176f6e8533552/screenshot - {}
RESULT: {"script":"<script> [1562 bytes]","args":[{"selector":{"id":"application-manageresources-display-component---newResourceUnit--PLANNING_GROUP-arrow"},"wdio_ui5_key":"applicationmanageresources-display-component---newResourceUnit--PLANNING_GROUP-arrow"}]}
RESULT: undefined
COMMAND: POST /session/df7e3af810ab6d6da1a176f6e8533552/element - {"using":"xpath","value":"//*[@id=\"application-manageresources-display-component---newResourceUnit--PLANNING_GROUP-arrow\"]"}
RESULT: {}
RESULT: {"using":"xpath","value":"//*[@id=\"application-manageresources-display-component---newResourceUnit--PLANNING_GROUP-arrow\"]"}
COMMAND: POST /session/df7e3af810ab6d6da1a176f6e8533552/element/f.CC9B589A9DA2186238667A9749121406.d.644CCEE494FE8A4799842FB09364F748.e.4617/click - {}
RESULT: {}
COMMAND: POST /session/df7e3af810ab6d6da1a176f6e8533552/execute/async - {"script":"<script> [1562 bytes]","args":[{"selector":{"controlType":"sap.m.StandardListItem","viewName":"reusables.view.manageresources.NewResourceUnit","viewId":"application-manageresources-display-component---newResourceUnit","properties":{"title":"Heavy Equi"},"searchOpenDialogs":true,"interaction":{"idSuffix":"content"}},"wdio_ui5_key":"reusablesview.manageresources.NewResourceUnitsap.m.StandardListItem{\"title\":\"Heavy Equi\"}"}]}
COMMAND: GET /session/df7e3af810ab6d6da1a176f6e8533552/screenshot - {}
RESULT: {"script":"<script> [1562 bytes]","args":[{"selector":{"controlType":"sap.m.StandardListItem","viewName":"reusables.view.manageresources.NewResourceUnit","viewId":"application-manageresources-display-component---newResourceUnit","properties":{"title":"Heavy Equi"},"searchOpenDialogs":true,"interaction":{"idSuffix":"content"}},"wdio_ui5_key":"reusablesview.manageresources.NewResourceUnitsap.m.StandardListItem{\"title\":\"Heavy Equi\"}"}]}
RESULT: undefined
COMMAND: POST /session/df7e3af810ab6d6da1a176f6e8533552/element - {"using":"xpath","value":"//*[@id=\"__item2111\"]"}
RESULT: {}
RESULT: {"using":"xpath","value":"//*[@id=\"__item2111\"]"}
COMMAND: POST /session/df7e3af810ab6d6da1a176f6e8533552/element/f.CC9B589A9DA2186238667A9749121406.d.644CCEE494FE8A4799842FB09364F748.e.4619/click - {}
RESULT: {}
COMMAND: GET /session/df7e3af810ab6d6da1a176f6e8533552/screenshot - {}
RESULT: {}
COMMAND: POST /session/df7e3af810ab6d6da1a176f6e8533552/execute/async - {"script":"<script> [1562 bytes]","args":[{"selector":{"id":"application-manageresources-display-component---newResourceUnit--PLANNING_INDICATOR-arrow"},"wdio_ui5_key":"applicationmanageresources-display-component---newResourceUnit--PLANNING_INDICATOR-arrow"}]}
RESULT: {"script":"<script> [1562 bytes]","args":[{"selector":{"id":"application-manageresources-display-component---newResourceUnit--PLANNING_INDICATOR-arrow"},"wdio_ui5_key":"applicationmanageresources-display-component---newResourceUnit--PLANNING_INDICATOR-arrow"}]}
RESULT: undefined
COMMAND: POST /session/df7e3af810ab6d6da1a176f6e8533552/element - {"using":"xpath","value":"//*[@id=\"application-manageresources-display-component---newResourceUnit--PLANNING_INDICATOR-arrow\"]"}
RESULT: {"using":"xpath","value":"//*[@id=\"application-manageresources-display-component---newResourceUnit--PLANNING_INDICATOR-arrow\"]"}
COMMAND: POST /session/df7e3af810ab6d6da1a176f6e8533552/element/f.CC9B589A9DA2186238667A9749121406.d.644CCEE494FE8A4799842FB09364F748.e.4620/click - {}
RESULT: {}
COMMAND: POST /session/df7e3af810ab6d6da1a176f6e8533552/execute/async - {"script":"<script> [1562 bytes]","args":[{"selector":{"controlType":"sap.m.StandardListItem","viewName":"reusables.view.manageresources.NewResourceUnit","viewId":"application-manageresources-display-component---newResourceUnit","properties":{"title":"10 - infinite"},"searchOpenDialogs":true,"interaction":{"idSuffix":"content"}},"wdio_ui5_key":"reusablesview.manageresources.NewResourceUnitsap.m.StandardListItem{\"title\":\"10 - infinite\"}"}]}
COMMAND: GET /session/df7e3af810ab6d6da1a176f6e8533552/screenshot - {}
RESULT: {"script":"<script> [1562 bytes]","args":[{"selector":{"controlType":"sap.m.StandardListItem","viewName":"reusables.view.manageresources.NewResourceUnit","viewId":"application-manageresources-display-component---newResourceUnit","properties":{"title":"10 - infinite"},"searchOpenDialogs":true,"interaction":{"idSuffix":"content"}},"wdio_ui5_key":"reusablesview.manageresources.NewResourceUnitsap.m.StandardListItem{\"title\":\"10 - infinite\"}"}]}
RESULT: undefined
COMMAND: POST /session/df7e3af810ab6d6da1a176f6e8533552/element - {"using":"xpath","value":"//*[@id=\"__item2121\"]"}
RESULT: {}
RESULT: {"using":"xpath","value":"//*[@id=\"__item2121\"]"}
COMMAND: POST /session/df7e3af810ab6d6da1a176f6e8533552/element/f.CC9B589A9DA2186238667A9749121406.d.644CCEE494FE8A4799842FB09364F748.e.4622/click - {}
RESULT: {}
COMMAND: GET /session/df7e3af810ab6d6da1a176f6e8533552/screenshot - {}
RESULT: {}
COMMAND: POST /session/df7e3af810ab6d6da1a176f6e8533552/element - {"using":"xpath","value":"//bdi[contains(text(), \"Time Segment\")]"}
RESULT: {"using":"xpath","value":"//bdi[contains(text(), \"Time Segment\")]"}
COMMAND: GET /session/df7e3af810ab6d6da1a176f6e8533552/element/f.CC9B589A9DA2186238667A9749121406.d.644CCEE494FE8A4799842FB09364F748.e.4623/rect - {}
RESULT: {}
COMMAND: GET /session/df7e3af810ab6d6da1a176f6e8533552/window/rect - {}
RESULT: {}
COMMAND: POST /session/df7e3af810ab6d6da1a176f6e8533552/execute/sync - {"script":"<script> [92 bytes]","args":[]}
RESULT: {"script":"<script> [92 bytes]","args":[]}
COMMAND: POST /session/df7e3af810ab6d6da1a176f6e8533552/actions - {"actions":[{"id":"action34","type":"wheel","parameters":{},"actions":[{"type":"scroll","x":-1820,"y":-21,"deltaX":0,"deltaY":0,"duration":0,"origin":{"element-6066-11e4-a52e-4f735466cecf":"f.CC9B589A9DA2186238667A9749121406.d.644CCEE494FE8A4799842FB09364F748.e.4623"}}]}]}
COMMAND: GET /session/df7e3af810ab6d6da1a176f6e8533552/screenshot - {}
RESULT: {}
COMMAND: POST /session/df7e3af810ab6d6da1a176f6e8533552/execute/sync - {"script":"<script> [79 bytes]","args":[{"element-6066-11e4-a52e-4f735466cecf":"f.CC9B589A9DA2186238667A9749121406.d.644CCEE494FE8A4799842FB09364F748.e.4623","ELEMENT":"f.CC9B589A9DA2186238667A9749121406.d.644CCEE494FE8A4799842FB09364F748.e.4623"},{"block":"start","inline":"nearest"}]}
RESULT: {"script":"<script> [79 bytes]","args":[{"element-6066-11e4-a52e-4f735466cecf":"f.CC9B589A9DA2186238667A9749121406.d.644CCEE494FE8A4799842FB09364F748.e.4623","ELEMENT":"f.CC9B589A9DA2186238667A9749121406.d.644CCEE494FE8A4799842FB09364F748.e.4623"},{"block":"start","inline":"nearest"}]}
COMMAND: GET /session/df7e3af810ab6d6da1a176f6e8533552/screenshot - {}
RESULT: {}
COMMAND: POST /session/df7e3af810ab6d6da1a176f6e8533552/element - {"using":"xpath","value":"//span[@id=\"application-manageresources-display-component---newResourceUnit--btnAddTimeSegment-img\"]"}
RESULT: {"using":"xpath","value":"//span[@id=\"application-manageresources-display-component---newResourceUnit--btnAddTimeSegment-img\"]"}
COMMAND: POST /session/df7e3af810ab6d6da1a176f6e8533552/execute/sync - {"script":"<script> [8489 bytes]","args":[{"element-6066-11e4-a52e-4f735466cecf":"f.CC9B589A9DA2186238667A9749121406.d.644CCEE494FE8A4799842FB09364F748.e.4626","ELEMENT":"f.CC9B589A9DA2186238667A9749121406.d.644CCEE494FE8A4799842FB09364F748.e.4626"}]}
RESULT: {"script":"<script> [8489 bytes]","args":[{"element-6066-11e4-a52e-4f735466cecf":"f.CC9B589A9DA2186238667A9749121406.d.644CCEE494FE8A4799842FB09364F748.e.4626","ELEMENT":"f.CC9B589A9DA2186238667A9749121406.d.644CCEE494FE8A4799842FB09364F748.e.4626"}]}
COMMAND: POST /session/df7e3af810ab6d6da1a176f6e8533552/element/f.CC9B589A9DA2186238667A9749121406.d.644CCEE494FE8A4799842FB09364F748.e.4626/click - {}
COMMAND: GET /session/df7e3af810ab6d6da1a176f6e8533552/screenshot - {}
RESULT: {}
COMMAND: GET /session/df7e3af810ab6d6da1a176f6e8533552/screenshot - {}
COMMAND: POST /session/df7e3af810ab6d6da1a176f6e8533552/element - {"using":"xpath","value":"//input[@id=\"application-manageresources-display-component---newResourceUnit--idRuTSAdmin-application-manageresources-display-component---newResourceUnit--RUTimeSegment-0-inner\"]"}
RESULT: {}
RESULT: {}
RESULT: {"using":"xpath","value":"//input[@id=\"application-manageresources-display-component---newResourceUnit--idRuTSAdmin-application-manageresources-display-component---newResourceUnit--RUTimeSegment-0-inner\"]"}
COMMAND: POST /session/df7e3af810ab6d6da1a176f6e8533552/element/f.CC9B589A9DA2186238667A9749121406.d.644CCEE494FE8A4799842FB09364F748.e.4629/clear - {}
RESULT: {}
COMMAND: POST /session/df7e3af810ab6d6da1a176f6e8533552/element/f.CC9B589A9DA2186238667A9749121406.d.644CCEE494FE8A4799842FB09364F748.e.4629/value - {"text":"WebdriverYardq4bzeg"}
COMMAND: GET /session/df7e3af810ab6d6da1a176f6e8533552/screenshot - {}
RESULT: {"text":"WebdriverYardq4bzeg"}
COMMAND: GET /session/df7e3af810ab6d6da1a176f6e8533552/screenshot - {}
RESULT: {}
RESULT: {}
COMMAND: POST /session/df7e3af810ab6d6da1a176f6e8533552/actions - {"actions":[{"id":"action35","type":"key","parameters":{},"actions":[{"type":"keyDown","value":"î€‡"},{"type":"pause","duration":10},{"type":"keyUp","value":"î€‡"}]}]}
RESULT: {"actions":[{"id":"action35","type":"key","parameters":{},"actions":[{"type":"keyDown","value":"î€‡"},{"type":"pause","duration":10},{"type":"keyUp","value":"î€‡"}]}]}
COMMAND: GET /session/df7e3af810ab6d6da1a176f6e8533552/screenshot - {}
RESULT: {}
COMMAND: POST /session/df7e3af810ab6d6da1a176f6e8533552/execute/async - {"script":"<script> [1562 bytes]","args":[{"selector":{"controlType":"sap.m.Button","viewName":"reusables.view.manageresources.NewResourceUnit","viewId":"application-manageresources-display-component---newResourceUnit","i18NText":{"propertyName":"tooltip","key":"save"},"interaction":{"idSuffix":"BDI-content"}},"wdio_ui5_key":"reusablesview.manageresources.NewResourceUnitsap.m.Button{\"propertyName\":\"tooltip\",\"key\":\"save\"}"}]}
RESULT: {"script":"<script> [1562 bytes]","args":[{"selector":{"controlType":"sap.m.Button","viewName":"reusables.view.manageresources.NewResourceUnit","viewId":"application-manageresources-display-component---newResourceUnit","i18NText":{"propertyName":"tooltip","key":"save"},"interaction":{"idSuffix":"BDI-content"}},"wdio_ui5_key":"reusablesview.manageresources.NewResourceUnitsap.m.Button{\"propertyName\":\"tooltip\",\"key\":\"save\"}"}]}
RESULT: undefined
COMMAND: POST /session/df7e3af810ab6d6da1a176f6e8533552/element - {"using":"xpath","value":"//*[@id=\"application-manageresources-display-component---newResourceUnit--createRuButton\"]"}
RESULT: {"using":"xpath","value":"//*[@id=\"application-manageresources-display-component---newResourceUnit--createRuButton\"]"}
COMMAND: POST /session/df7e3af810ab6d6da1a176f6e8533552/element/f.CC9B589A9DA2186238667A9749121406.d.644CCEE494FE8A4799842FB09364F748.e.4555/click - {}
RESULT: {}
COMMAND: GET /session/df7e3af810ab6d6da1a176f6e8533552/screenshot - {}
RESULT: {}
COMMAND: POST /session/df7e3af810ab6d6da1a176f6e8533552/execute/async - {"script":"<script> [1562 bytes]","args":[{"selector":{"controlType":"sap.m.Title","properties":{"text":"Success"},"searchOpenDialogs":true},"wdio_ui5_key":"sapm.Title{\"text\":\"Success\"}"}]}
RESULT: {"script":"<script> [1562 bytes]","args":[{"selector":{"controlType":"sap.m.Title","properties":{"text":"Success"},"searchOpenDialogs":true},"wdio_ui5_key":"sapm.Title{\"text\":\"Success\"}"}]}
RESULT: undefined
COMMAND: POST /session/df7e3af810ab6d6da1a176f6e8533552/execute/async - {"script":"<script> [6424 bytes]","args":[{"element-6066-11e4-a52e-4f735466cecf":"f.CC9B589A9DA2186238667A9749121406.d.644CCEE494FE8A4799842FB09364F748.e.4643"},"getText",[]]}
RESULT: {"script":"<script> [6424 bytes]","args":[{"element-6066-11e4-a52e-4f735466cecf":"f.CC9B589A9DA2186238667A9749121406.d.644CCEE494FE8A4799842FB09364F748.e.4643"},"getText",[]]}
COMMAND: POST /session/df7e3af810ab6d6da1a176f6e8533552/element - {"using":"xpath","value":"//*[contains(@id, '__text') and (contains(text(), 'successfully created') or contains(., 'successfully created'))]"}
RESULT: {"using":"xpath","value":"//*[contains(@id, '__text') and (contains(text(), 'successfully created') or contains(., 'successfully created'))]"}
COMMAND: GET /session/df7e3af810ab6d6da1a176f6e8533552/element/f.CC9B589A9DA2186238667A9749121406.d.644CCEE494FE8A4799842FB09364F748.e.4642/text - {}
RESULT: {}
COMMAND: POST /session/df7e3af810ab6d6da1a176f6e8533552/execute/async - {"script":"<script> [1562 bytes]","args":[{"selector":{"controlType":"sap.m.Button","properties":{"text":"Close"},"searchOpenDialogs":true,"interaction":{"idSuffix":"BDI-content"}},"wdio_ui5_key":"sapm.Button{\"text\":\"Close\"}"}]}
RESULT: {"script":"<script> [1562 bytes]","args":[{"selector":{"controlType":"sap.m.Button","properties":{"text":"Close"},"searchOpenDialogs":true,"interaction":{"idSuffix":"BDI-content"}},"wdio_ui5_key":"sapm.Button{\"text\":\"Close\"}"}]}
RESULT: undefined
COMMAND: POST /session/df7e3af810ab6d6da1a176f6e8533552/element - {"using":"xpath","value":"//*[@id=\"__mbox-btn-1\"]"}
RESULT: {"using":"xpath","value":"//*[@id=\"__mbox-btn-1\"]"}
COMMAND: POST /session/df7e3af810ab6d6da1a176f6e8533552/element/f.CC9B589A9DA2186238667A9749121406.d.644CCEE494FE8A4799842FB09364F748.e.4640/click - {}
RESULT: {}
COMMAND: GET /session/df7e3af810ab6d6da1a176f6e8533552/screenshot - {}
RESULT: {}
COMMAND: POST /session/df7e3af810ab6d6da1a176f6e8533552/execute/async - {"script":"<script> [1562 bytes]","args":[{"selector":{"controlType":"sap.ui.core.Icon","viewName":"etm.portal.ui.manageresources.view.Detail","viewId":"application-manageresources-display-component---detailRU","properties":{"src":{"regex":{"source":"overflow"}}}},"wdio_ui5_key":"etmportal.ui.manageresources.view.Detailsap.ui.core.Icon{\"src\":{\"regex\":{\"source\":\"overflow\"}}}"}]}
RESULT: {"script":"<script> [1562 bytes]","args":[{"selector":{"controlType":"sap.ui.core.Icon","viewName":"etm.portal.ui.manageresources.view.Detail","viewId":"application-manageresources-display-component---detailRU","properties":{"src":{"regex":{"source":"overflow"}}}},"wdio_ui5_key":"etmportal.ui.manageresources.view.Detailsap.ui.core.Icon{\"src\":{\"regex\":{\"source\":\"overflow\"}}}"}]}
RESULT: undefined
COMMAND: POST /session/df7e3af810ab6d6da1a176f6e8533552/element - {"using":"xpath","value":"//*[@id=\"__title82-_actionsToolbar-overflowButton-img\"]"}
RESULT: {"using":"xpath","value":"//*[@id=\"__title82-_actionsToolbar-overflowButton-img\"]"}
COMMAND: POST /session/df7e3af810ab6d6da1a176f6e8533552/element/f.CC9B589A9DA2186238667A9749121406.d.644CCEE494FE8A4799842FB09364F748.e.4668/click - {}
RESULT: {}
COMMAND: POST /session/df7e3af810ab6d6da1a176f6e8533552/execute/async - {"script":"<script> [1562 bytes]","args":[{"selector":{"controlType":"sap.m.Button","viewName":"etm.portal.ui.manageresources.view.Detail","viewId":"application-manageresources-display-component---detailRU","i18NText":{"propertyName":"tooltip","key":"closeColumn"},"searchOpenDialogs":true,"interaction":{"idSuffix":"inner"}},"wdio_ui5_key":"etmportal.ui.manageresources.view.Detailsap.m.Button{\"propertyName\":\"tooltip\",\"key\":\"closeColumn\"}"}]}
COMMAND: GET /session/df7e3af810ab6d6da1a176f6e8533552/screenshot - {}
RESULT: {"script":"<script> [1562 bytes]","args":[{"selector":{"controlType":"sap.m.Button","viewName":"etm.portal.ui.manageresources.view.Detail","viewId":"application-manageresources-display-component---detailRU","i18NText":{"propertyName":"tooltip","key":"closeColumn"},"searchOpenDialogs":true,"interaction":{"idSuffix":"inner"}},"wdio_ui5_key":"etmportal.ui.manageresources.view.Detailsap.m.Button{\"propertyName\":\"tooltip\",\"key\":\"closeColumn\"}"}]}
RESULT: undefined
COMMAND: POST /session/df7e3af810ab6d6da1a176f6e8533552/element - {"using":"xpath","value":"//*[@id=\"__button251\"]"}
RESULT: {}
RESULT: {"using":"xpath","value":"//*[@id=\"__button251\"]"}
COMMAND: POST /session/df7e3af810ab6d6da1a176f6e8533552/element/f.CC9B589A9DA2186238667A9749121406.d.644CCEE494FE8A4799842FB09364F748.e.4672/click - {}
RESULT: {}
COMMAND: GET /session/df7e3af810ab6d6da1a176f6e8533552/screenshot - {}
RESULT: {}
COMMAND: POST /session/df7e3af810ab6d6da1a176f6e8533552/refresh - {}
RESULT: {}
COMMAND: GET /session/df7e3af810ab6d6da1a176f6e8533552/screenshot - {}
RESULT: {}
COMMAND: POST /session/df7e3af810ab6d6da1a176f6e8533552/execute/async - {"script":"<script> [189 bytes]","args":[]}
RESULT: {"script":"<script> [189 bytes]","args":[]}
COMMAND: POST /session/df7e3af810ab6d6da1a176f6e8533552/execute/async - {"script":"<script> [123 bytes]","args":[]}
RESULT: {"script":"<script> [123 bytes]","args":[]}
COMMAND: POST /session/df7e3af810ab6d6da1a176f6e8533552/timeouts - {"script":"<number>"}
RESULT: {"script":"<number>"}
COMMAND: GET /session/df7e3af810ab6d6da1a176f6e8533552/timeouts - {}
RESULT: {}
RESULT: undefined
COMMAND: POST /session/df7e3af810ab6d6da1a176f6e8533552/execute/async - {"script":"<script> [2676 bytes]","args":[]}
RESULT: {"script":"<script> [2676 bytes]","args":[]}
COMMAND: POST /session/df7e3af810ab6d6da1a176f6e8533552/execute/async - {"script":"<script> [2342 bytes]","args":[{"protocol":"http","hostname":"0.0.0.0","path":"/","capabilities":{"browserName":"chrome","goog:chromeOptions":{"binary":"C:\\Program Files\\Google\\Chrome\\Application\\chrome.exe","args":["--start-maximized"]}},"logLevel":"warn","connectionRetryTimeout":120000,"connectionRetryCount":3,"logLevels":{},"enableDirectConnect":true,"strictSSL":true,"_":"65 more keys: [\"cacheDir\",\"port\",\"requestedCapabilities\",\"automationProtocol\",\"baseUrl\",\"waitforInterval\",\"waitforTimeout\",\"onReload\",\"beforeCommand\",\"afterCommand\",\"rootDir\",\"specs\",\"suites\",\"exclude\",\"groupLogsByTestSpec\",\"excludeDriverLogs\",\"bail\",\"framework\",\"reporters\",\"services\",\"maxInstances\",\"maxInstancesPerCapability\",\"injectGlobals\",\"filesToWatch\",\"execArgv\",\"runnerEnv\",\"runner\",\"shard\",\"specFileRetries\",\"specFileRetriesDelay\",\"specFileRetriesDeferred\",\"reporterSyncInterval\",\"reporterSyncTimeout\",\"cucumberFeaturesWithLineNumbers\",\"autoCompileOpts\",\"mochaOpts\",\"jasmineOpts\",\"cucumberOpts\",\"onPrepare\",\"onWorkerStart\",\"onWorkerEnd\",\"before\",\"beforeSession\",\"beforeSuite\",\"beforeHook\",\"beforeTest\",\"afterTest\",\"afterHook\",\"afterSuite\",\"afterSession\",\"after\",\"onComplete\",\"beforeAssertion\",\"afterAssertion\",\"beforeFeature\",\"beforeScenario\",\"beforeStep\",\"afterStep\",\"afterScenario\",\"afterFeature\",\"_\",\"suite\",\"$0\",\"ignoredWorkerServices\",\"wdi5\"]"}]}
RESULT: {"script":"<script> [2342 bytes]","args":[{"protocol":"http","hostname":"0.0.0.0","path":"/","capabilities":{"browserName":"chrome","goog:chromeOptions":{"binary":"C:\\Program Files\\Google\\Chrome\\Application\\chrome.exe","args":["--start-maximized"]}},"logLevel":"warn","connectionRetryTimeout":120000,"connectionRetryCount":3,"logLevels":{},"enableDirectConnect":true,"strictSSL":true,"_":"65 more keys: [\"cacheDir\",\"port\",\"requestedCapabilities\",\"automationProtocol\",\"baseUrl\",\"waitforInterval\",\"waitforTimeout\",\"onReload\",\"beforeCommand\",\"afterCommand\",\"rootDir\",\"specs\",\"suites\",\"exclude\",\"groupLogsByTestSpec\",\"excludeDriverLogs\",\"bail\",\"framework\",\"reporters\",\"services\",\"maxInstances\",\"maxInstancesPerCapability\",\"injectGlobals\",\"filesToWatch\",\"execArgv\",\"runnerEnv\",\"runner\",\"shard\",\"specFileRetries\",\"specFileRetriesDelay\",\"specFileRetriesDeferred\",\"reporterSyncInterval\",\"reporterSyncTimeout\",\"cucumberFeaturesWithLineNumbers\",\"autoCompileOpts\",\"mochaOpts\",\"jasmineOpts\",\"cucumberOpts\",\"onPrepare\",\"onWorkerStart\",\"onWorkerEnd\",\"before\",\"beforeSession\",\"beforeSuite\",\"beforeHook\",\"beforeTest\",\"afterTest\",\"afterHook\",\"afterSuite\",\"afterSession\",\"after\",\"onComplete\",\"beforeAssertion\",\"afterAssertion\",\"beforeFeature\",\"beforeScenario\",\"beforeStep\",\"afterStep\",\"afterScenario\",\"afterFeature\",\"_\",\"suite\",\"$0\",\"ignoredWorkerServices\",\"wdi5\"]"}]}
COMMAND: POST /session/df7e3af810ab6d6da1a176f6e8533552/execute/async - {"script":"<script> [21126 bytes]","args":[35000]}
RESULT: {"script":"<script> [21126 bytes]","args":[35000]}
COMMAND: POST /session/df7e3af810ab6d6da1a176f6e8533552/element - {"using":"css selector","value":"#shell-header-logo"}
RESULT: {"using":"css selector","value":"#shell-header-logo"}
COMMAND: POST /session/df7e3af810ab6d6da1a176f6e8533552/element/f.CC9B589A9DA2186238667A9749121406.d.938B815CA6ED7D2E597D6E91C60FFFB6.e.4731/click - {}
RESULT: {}
COMMAND: GET /session/df7e3af810ab6d6da1a176f6e8533552/screenshot - {}
RESULT: {}
COMMAND: POST /session/df7e3af810ab6d6da1a176f6e8533552/element - {"using":"css selector","value":"#shell-header-logo"}
RESULT: {"using":"css selector","value":"#shell-header-logo"}
COMMAND: POST /session/df7e3af810ab6d6da1a176f6e8533552/element/f.CC9B589A9DA2186238667A9749121406.d.938B815CA6ED7D2E597D6E91C60FFFB6.e.4768/click - {}
RESULT: {}
COMMAND: GET /session/df7e3af810ab6d6da1a176f6e8533552/screenshot - {}
RESULT: {}
]]></system-out>
    </testcase>
    <testcase classname="chrome.135_0_7049_96.windows.Manage_request_+_Contract_processing_pick_up_option_US120163_" name="Should Create New Request pick up option" time="152.222">
      <system-out><![CDATA[
COMMAND: POST /session/df7e3af810ab6d6da1a176f6e8533552/element - {"using":"css selector","value":"#shell-header-logo"}
RESULT: {"using":"css selector","value":"#shell-header-logo"}
COMMAND: POST /session/df7e3af810ab6d6da1a176f6e8533552/element/f.CC9B589A9DA2186238667A9749121406.d.938B815CA6ED7D2E597D6E91C60FFFB6.e.4768/click - {}
RESULT: {}
COMMAND: GET /session/df7e3af810ab6d6da1a176f6e8533552/screenshot - {}
RESULT: {}
COMMAND: POST /session/df7e3af810ab6d6da1a176f6e8533552/execute/async - {"script":"<script> [1562 bytes]","args":[{"selector":{"controlType":"sap.m.GenericTile","properties":{"header":"Manage Requests"}},"wdio_ui5_key":"sapm.GenericTile{\"header\":\"Manage Requests\"}"}]}
RESULT: {"script":"<script> [1562 bytes]","args":[{"selector":{"controlType":"sap.m.GenericTile","properties":{"header":"Manage Requests"}},"wdio_ui5_key":"sapm.GenericTile{\"header\":\"Manage Requests\"}"}]}
RESULT: undefined
COMMAND: POST /session/df7e3af810ab6d6da1a176f6e8533552/element - {"using":"xpath","value":"//*[@id=\"__tile47\"]"}
RESULT: {"using":"xpath","value":"//*[@id=\"__tile47\"]"}
COMMAND: POST /session/df7e3af810ab6d6da1a176f6e8533552/element/f.CC9B589A9DA2186238667A9749121406.d.938B815CA6ED7D2E597D6E91C60FFFB6.e.4775/click - {}
RESULT: {}
COMMAND: GET /session/df7e3af810ab6d6da1a176f6e8533552/screenshot - {}
RESULT: {}
COMMAND: POST /session/df7e3af810ab6d6da1a176f6e8533552/refresh - {}
RESULT: {}
COMMAND: GET /session/df7e3af810ab6d6da1a176f6e8533552/screenshot - {}
RESULT: {}
COMMAND: POST /session/df7e3af810ab6d6da1a176f6e8533552/execute/async - {"script":"<script> [189 bytes]","args":[]}
RESULT: {"script":"<script> [189 bytes]","args":[]}
COMMAND: POST /session/df7e3af810ab6d6da1a176f6e8533552/execute/async - {"script":"<script> [123 bytes]","args":[]}
RESULT: {"script":"<script> [123 bytes]","args":[]}
COMMAND: POST /session/df7e3af810ab6d6da1a176f6e8533552/timeouts - {"script":"<number>"}
RESULT: {"script":"<number>"}
COMMAND: GET /session/df7e3af810ab6d6da1a176f6e8533552/timeouts - {}
RESULT: {}
RESULT: undefined
COMMAND: POST /session/df7e3af810ab6d6da1a176f6e8533552/execute/async - {"script":"<script> [2676 bytes]","args":[]}
RESULT: {"script":"<script> [2676 bytes]","args":[]}
COMMAND: POST /session/df7e3af810ab6d6da1a176f6e8533552/execute/async - {"script":"<script> [2342 bytes]","args":[{"protocol":"http","hostname":"0.0.0.0","path":"/","capabilities":{"browserName":"chrome","goog:chromeOptions":{"binary":"C:\\Program Files\\Google\\Chrome\\Application\\chrome.exe","args":["--start-maximized"]}},"logLevel":"warn","connectionRetryTimeout":120000,"connectionRetryCount":3,"logLevels":{},"enableDirectConnect":true,"strictSSL":true,"_":"65 more keys: [\"cacheDir\",\"port\",\"requestedCapabilities\",\"automationProtocol\",\"baseUrl\",\"waitforInterval\",\"waitforTimeout\",\"onReload\",\"beforeCommand\",\"afterCommand\",\"rootDir\",\"specs\",\"suites\",\"exclude\",\"groupLogsByTestSpec\",\"excludeDriverLogs\",\"bail\",\"framework\",\"reporters\",\"services\",\"maxInstances\",\"maxInstancesPerCapability\",\"injectGlobals\",\"filesToWatch\",\"execArgv\",\"runnerEnv\",\"runner\",\"shard\",\"specFileRetries\",\"specFileRetriesDelay\",\"specFileRetriesDeferred\",\"reporterSyncInterval\",\"reporterSyncTimeout\",\"cucumberFeaturesWithLineNumbers\",\"autoCompileOpts\",\"mochaOpts\",\"jasmineOpts\",\"cucumberOpts\",\"onPrepare\",\"onWorkerStart\",\"onWorkerEnd\",\"before\",\"beforeSession\",\"beforeSuite\",\"beforeHook\",\"beforeTest\",\"afterTest\",\"afterHook\",\"afterSuite\",\"afterSession\",\"after\",\"onComplete\",\"beforeAssertion\",\"afterAssertion\",\"beforeFeature\",\"beforeScenario\",\"beforeStep\",\"afterStep\",\"afterScenario\",\"afterFeature\",\"_\",\"suite\",\"$0\",\"ignoredWorkerServices\",\"wdi5\"]"}]}
RESULT: {"script":"<script> [2342 bytes]","args":[{"protocol":"http","hostname":"0.0.0.0","path":"/","capabilities":{"browserName":"chrome","goog:chromeOptions":{"binary":"C:\\Program Files\\Google\\Chrome\\Application\\chrome.exe","args":["--start-maximized"]}},"logLevel":"warn","connectionRetryTimeout":120000,"connectionRetryCount":3,"logLevels":{},"enableDirectConnect":true,"strictSSL":true,"_":"65 more keys: [\"cacheDir\",\"port\",\"requestedCapabilities\",\"automationProtocol\",\"baseUrl\",\"waitforInterval\",\"waitforTimeout\",\"onReload\",\"beforeCommand\",\"afterCommand\",\"rootDir\",\"specs\",\"suites\",\"exclude\",\"groupLogsByTestSpec\",\"excludeDriverLogs\",\"bail\",\"framework\",\"reporters\",\"services\",\"maxInstances\",\"maxInstancesPerCapability\",\"injectGlobals\",\"filesToWatch\",\"execArgv\",\"runnerEnv\",\"runner\",\"shard\",\"specFileRetries\",\"specFileRetriesDelay\",\"specFileRetriesDeferred\",\"reporterSyncInterval\",\"reporterSyncTimeout\",\"cucumberFeaturesWithLineNumbers\",\"autoCompileOpts\",\"mochaOpts\",\"jasmineOpts\",\"cucumberOpts\",\"onPrepare\",\"onWorkerStart\",\"onWorkerEnd\",\"before\",\"beforeSession\",\"beforeSuite\",\"beforeHook\",\"beforeTest\",\"afterTest\",\"afterHook\",\"afterSuite\",\"afterSession\",\"after\",\"onComplete\",\"beforeAssertion\",\"afterAssertion\",\"beforeFeature\",\"beforeScenario\",\"beforeStep\",\"afterStep\",\"afterScenario\",\"afterFeature\",\"_\",\"suite\",\"$0\",\"ignoredWorkerServices\",\"wdi5\"]"}]}
COMMAND: POST /session/df7e3af810ab6d6da1a176f6e8533552/execute/async - {"script":"<script> [21126 bytes]","args":[35000]}
RESULT: {"script":"<script> [21126 bytes]","args":[35000]}
COMMAND: POST /session/df7e3af810ab6d6da1a176f6e8533552/element - {"using":"xpath","value":"//button[contains(@data-kt ,\"btnCreateNewOverflowToolbarButton\")]"}
COMMAND: POST /session/df7e3af810ab6d6da1a176f6e8533552/element - {"using":"xpath","value":"(//span[contains(@class ,\"sapMObjStatusText\")])[1]"}
RESULT: {"using":"xpath","value":"//button[contains(@data-kt ,\"btnCreateNewOverflowToolbarButton\")]"}
COMMAND: POST /session/df7e3af810ab6d6da1a176f6e8533552/element/f.CC9B589A9DA2186238667A9749121406.d.F1FB309626FB77B4ADBD3A1F4F2C6960.e.4932/click - {}
RESULT: {"using":"xpath","value":"(//span[contains(@class ,\"sapMObjStatusText\")])[1]"}
COMMAND: POST /session/df7e3af810ab6d6da1a176f6e8533552/execute/sync - {"script":"<script> [8489 bytes]","args":[{"element-6066-11e4-a52e-4f735466cecf":"f.CC9B589A9DA2186238667A9749121406.d.F1FB309626FB77B4ADBD3A1F4F2C6960.e.4970","ELEMENT":"f.CC9B589A9DA2186238667A9749121406.d.F1FB309626FB77B4ADBD3A1F4F2C6960.e.4970"}]}
RESULT: {}
COMMAND: GET /session/df7e3af810ab6d6da1a176f6e8533552/screenshot - {}
RESULT: {"script":"<script> [8489 bytes]","args":[{"element-6066-11e4-a52e-4f735466cecf":"f.CC9B589A9DA2186238667A9749121406.d.F1FB309626FB77B4ADBD3A1F4F2C6960.e.4970","ELEMENT":"f.CC9B589A9DA2186238667A9749121406.d.F1FB309626FB77B4ADBD3A1F4F2C6960.e.4970"}]}
COMMAND: GET /session/df7e3af810ab6d6da1a176f6e8533552/screenshot - {}
RESULT: {}
RESULT: {}
COMMAND: POST /session/df7e3af810ab6d6da1a176f6e8533552/element - {"using":"xpath","value":"//input[contains(@id ,\"yardId-inner\")]"}
RESULT: {"using":"xpath","value":"//input[contains(@id ,\"yardId-inner\")]"}
COMMAND: POST /session/df7e3af810ab6d6da1a176f6e8533552/execute/sync - {"script":"<script> [8489 bytes]","args":[{"element-6066-11e4-a52e-4f735466cecf":"f.CC9B589A9DA2186238667A9749121406.d.F1FB309626FB77B4ADBD3A1F4F2C6960.e.5163","ELEMENT":"f.CC9B589A9DA2186238667A9749121406.d.F1FB309626FB77B4ADBD3A1F4F2C6960.e.5163"}]}
RESULT: {"script":"<script> [8489 bytes]","args":[{"element-6066-11e4-a52e-4f735466cecf":"f.CC9B589A9DA2186238667A9749121406.d.F1FB309626FB77B4ADBD3A1F4F2C6960.e.5163","ELEMENT":"f.CC9B589A9DA2186238667A9749121406.d.F1FB309626FB77B4ADBD3A1F4F2C6960.e.5163"}]}
COMMAND: POST /session/df7e3af810ab6d6da1a176f6e8533552/element - {"using":"xpath","value":"//input[contains(@id ,\"requestContractNo-inner\")]"}
COMMAND: POST /session/df7e3af810ab6d6da1a176f6e8533552/element - {"using":"xpath","value":"//input[contains(@id ,\"yardId-inner\")]"}
COMMAND: GET /session/df7e3af810ab6d6da1a176f6e8533552/screenshot - {}
RESULT: {"using":"xpath","value":"//input[contains(@id ,\"requestContractNo-inner\")]"}
COMMAND: POST /session/df7e3af810ab6d6da1a176f6e8533552/element/f.CC9B589A9DA2186238667A9749121406.d.F1FB309626FB77B4ADBD3A1F4F2C6960.e.5158/value - {"text":"10156"}
RESULT: {"using":"xpath","value":"//input[contains(@id ,\"yardId-inner\")]"}
COMMAND: GET /session/df7e3af810ab6d6da1a176f6e8533552/element/f.CC9B589A9DA2186238667A9749121406.d.F1FB309626FB77B4ADBD3A1F4F2C6960.e.5163/enabled - {}
RESULT: {}
RESULT: {"text":"10156"}
COMMAND: GET /session/df7e3af810ab6d6da1a176f6e8533552/screenshot - {}
RESULT: {}
COMMAND: GET /session/df7e3af810ab6d6da1a176f6e8533552/screenshot - {}
RESULT: {}
RESULT: {}
COMMAND: POST /session/df7e3af810ab6d6da1a176f6e8533552/actions - {"actions":[{"id":"action36","type":"key","parameters":{},"actions":[{"type":"keyDown","value":"î€‡"},{"type":"pause","duration":10},{"type":"keyUp","value":"î€‡"}]}]}
RESULT: {"actions":[{"id":"action36","type":"key","parameters":{},"actions":[{"type":"keyDown","value":"î€‡"},{"type":"pause","duration":10},{"type":"keyUp","value":"î€‡"}]}]}
COMMAND: GET /session/df7e3af810ab6d6da1a176f6e8533552/screenshot - {}
RESULT: {}
COMMAND: POST /session/df7e3af810ab6d6da1a176f6e8533552/execute/async - {"script":"<script> [1562 bytes]","args":[{"selector":{"controlType":"sap.m.Button","viewName":"etm.portal.ui.managerequests.view.NewRequest","properties":{"text":"Items"},"interaction":{"idSuffix":"BDI-content"}},"wdio_ui5_key":"etmportal.ui.managerequests.view.NewRequestsap.m.Button{\"text\":\"Items\"}"}]}
RESULT: {"script":"<script> [1562 bytes]","args":[{"selector":{"controlType":"sap.m.Button","viewName":"etm.portal.ui.managerequests.view.NewRequest","properties":{"text":"Items"},"interaction":{"idSuffix":"BDI-content"}},"wdio_ui5_key":"etmportal.ui.managerequests.view.NewRequestsap.m.Button{\"text\":\"Items\"}"}]}
RESULT: undefined
COMMAND: POST /session/df7e3af810ab6d6da1a176f6e8533552/element - {"using":"xpath","value":"//*[@id=\"__xmlview1--newRequestPage-anchBar-__xmlview1--requestItemsSection-anchor\"]"}
RESULT: {"using":"xpath","value":"//*[@id=\"__xmlview1--newRequestPage-anchBar-__xmlview1--requestItemsSection-anchor\"]"}
COMMAND: POST /session/df7e3af810ab6d6da1a176f6e8533552/element/f.CC9B589A9DA2186238667A9749121406.d.F1FB309626FB77B4ADBD3A1F4F2C6960.e.5322/click - {}
RESULT: {}
COMMAND: GET /session/df7e3af810ab6d6da1a176f6e8533552/screenshot - {}
RESULT: {}
COMMAND: POST /session/df7e3af810ab6d6da1a176f6e8533552/execute/async - {"script":"<script> [1562 bytes]","args":[{"selector":{"controlType":"sap.ui.core.Icon","viewName":"etm.portal.ui.managerequests.view.NewRequest","properties":{"src":{"regex":{"source":"inspect"}}}},"wdio_ui5_key":"etmportal.ui.managerequests.view.NewRequestsap.ui.core.Icon{\"src\":{\"regex\":{\"source\":\"inspect\"}}}"}]}
RESULT: {"script":"<script> [1562 bytes]","args":[{"selector":{"controlType":"sap.ui.core.Icon","viewName":"etm.portal.ui.managerequests.view.NewRequest","properties":{"src":{"regex":{"source":"inspect"}}}},"wdio_ui5_key":"etmportal.ui.managerequests.view.NewRequestsap.ui.core.Icon{\"src\":{\"regex\":{\"source\":\"inspect\"}}}"}]}
RESULT: undefined
COMMAND: POST /session/df7e3af810ab6d6da1a176f6e8533552/element - {"using":"xpath","value":"//*[@id=\"__button8-img\"]"}
RESULT: {"using":"xpath","value":"//*[@id=\"__button8-img\"]"}
COMMAND: POST /session/df7e3af810ab6d6da1a176f6e8533552/element/f.CC9B589A9DA2186238667A9749121406.d.F1FB309626FB77B4ADBD3A1F4F2C6960.e.5327/click - {}
RESULT: {}
COMMAND: GET /session/df7e3af810ab6d6da1a176f6e8533552/screenshot - {}
RESULT: {}
COMMAND: POST /session/df7e3af810ab6d6da1a176f6e8533552/execute/async - {"script":"<script> [1562 bytes]","args":[{"selector":{"controlType":"sap.ui.core.Icon","viewName":"etm.portal.ui.managerequests.view.NewRequest","properties":{"src":{"regex":{"source":"add"}}}},"wdio_ui5_key":"etmportal.ui.managerequests.view.NewRequestsap.ui.core.Icon{\"src\":{\"regex\":{\"source\":\"add\"}}}"}]}
RESULT: {"script":"<script> [1562 bytes]","args":[{"selector":{"controlType":"sap.ui.core.Icon","viewName":"etm.portal.ui.managerequests.view.NewRequest","properties":{"src":{"regex":{"source":"add"}}}},"wdio_ui5_key":"etmportal.ui.managerequests.view.NewRequestsap.ui.core.Icon{\"src\":{\"regex\":{\"source\":\"add\"}}}"}]}
RESULT: undefined
COMMAND: POST /session/df7e3af810ab6d6da1a176f6e8533552/element - {"using":"xpath","value":"//*[@id=\"__xmlview1--btnAddTableRow-img\"]"}
RESULT: {"using":"xpath","value":"//*[@id=\"__xmlview1--btnAddTableRow-img\"]"}
COMMAND: POST /session/df7e3af810ab6d6da1a176f6e8533552/element/f.CC9B589A9DA2186238667A9749121406.d.F1FB309626FB77B4ADBD3A1F4F2C6960.e.5137/click - {}
RESULT: {}
COMMAND: GET /session/df7e3af810ab6d6da1a176f6e8533552/screenshot - {}
RESULT: {}
COMMAND: POST /session/df7e3af810ab6d6da1a176f6e8533552/execute/async - {"script":"<script> [1562 bytes]","args":[{"selector":{"controlType":"sap.ui.unified.MenuItem","viewName":"etm.portal.ui.managerequests.view.NewRequest","i18NText":{"propertyName":"text","key":"standardEntry"},"searchOpenDialogs":true,"interaction":{"idSuffix":"txt"}},"wdio_ui5_key":"etmportal.ui.managerequests.view.NewRequestsap.ui.unified.MenuItem{\"propertyName\":\"text\",\"key\":\"standardEntry\"}"}]}
RESULT: {"script":"<script> [1562 bytes]","args":[{"selector":{"controlType":"sap.ui.unified.MenuItem","viewName":"etm.portal.ui.managerequests.view.NewRequest","i18NText":{"propertyName":"text","key":"standardEntry"},"searchOpenDialogs":true,"interaction":{"idSuffix":"txt"}},"wdio_ui5_key":"etmportal.ui.managerequests.view.NewRequestsap.ui.unified.MenuItem{\"propertyName\":\"text\",\"key\":\"standardEntry\"}"}]}
RESULT: undefined
COMMAND: POST /session/df7e3af810ab6d6da1a176f6e8533552/element - {"using":"xpath","value":"//*[@id=\"__item177\"]"}
RESULT: {"using":"xpath","value":"//*[@id=\"__item177\"]"}
COMMAND: POST /session/df7e3af810ab6d6da1a176f6e8533552/element/f.CC9B589A9DA2186238667A9749121406.d.F1FB309626FB77B4ADBD3A1F4F2C6960.e.5336/click - {}
RESULT: {}
COMMAND: GET /session/df7e3af810ab6d6da1a176f6e8533552/screenshot - {}
RESULT: {}
RESULT: undefined
COMMAND: POST /session/df7e3af810ab6d6da1a176f6e8533552/element - {"using":"xpath","value":"//*[@id=\"__xmlview1--btnAddTableRow-img\"]"}
RESULT: {"using":"xpath","value":"//*[@id=\"__xmlview1--btnAddTableRow-img\"]"}
COMMAND: POST /session/df7e3af810ab6d6da1a176f6e8533552/element/f.CC9B589A9DA2186238667A9749121406.d.F1FB309626FB77B4ADBD3A1F4F2C6960.e.5137/click - {}
RESULT: {}
COMMAND: GET /session/df7e3af810ab6d6da1a176f6e8533552/screenshot - {}
RESULT: {}
RESULT: undefined
COMMAND: POST /session/df7e3af810ab6d6da1a176f6e8533552/element - {"using":"xpath","value":"//*[@id=\"__item177\"]"}
RESULT: {"using":"xpath","value":"//*[@id=\"__item177\"]"}
COMMAND: POST /session/df7e3af810ab6d6da1a176f6e8533552/element/f.CC9B589A9DA2186238667A9749121406.d.F1FB309626FB77B4ADBD3A1F4F2C6960.e.5357/click - {}
RESULT: {}
COMMAND: GET /session/df7e3af810ab6d6da1a176f6e8533552/screenshot - {}
RESULT: {}
COMMAND: POST /session/df7e3af810ab6d6da1a176f6e8533552/element - {"using":"xpath","value":"(//input[contains(@id ,\"requestItemsTable-0-inner\")])[5]"}
RESULT: {"using":"xpath","value":"(//input[contains(@id ,\"requestItemsTable-0-inner\")])[5]"}
COMMAND: POST /session/df7e3af810ab6d6da1a176f6e8533552/element/f.CC9B589A9DA2186238667A9749121406.d.F1FB309626FB77B4ADBD3A1F4F2C6960.e.5348/clear - {}
RESULT: {}
COMMAND: POST /session/df7e3af810ab6d6da1a176f6e8533552/element/f.CC9B589A9DA2186238667A9749121406.d.F1FB309626FB77B4ADBD3A1F4F2C6960.e.5348/value - {"text":"1000001"}
COMMAND: GET /session/df7e3af810ab6d6da1a176f6e8533552/screenshot - {}
RESULT: {"text":"1000001"}
COMMAND: GET /session/df7e3af810ab6d6da1a176f6e8533552/screenshot - {}
RESULT: {}
RESULT: {}
COMMAND: POST /session/df7e3af810ab6d6da1a176f6e8533552/actions - {"actions":[{"id":"action37","type":"key","parameters":{},"actions":[{"type":"keyDown","value":"î€‡"},{"type":"pause","duration":10},{"type":"keyUp","value":"î€‡"}]}]}
RESULT: {"actions":[{"id":"action37","type":"key","parameters":{},"actions":[{"type":"keyDown","value":"î€‡"},{"type":"pause","duration":10},{"type":"keyUp","value":"î€‡"}]}]}
COMMAND: POST /session/df7e3af810ab6d6da1a176f6e8533552/element - {"using":"xpath","value":"(//input[contains(@id ,\"requestItemsTable-1-inner\")])[5]"}
COMMAND: GET /session/df7e3af810ab6d6da1a176f6e8533552/screenshot - {}
RESULT: {"using":"xpath","value":"(//input[contains(@id ,\"requestItemsTable-1-inner\")])[5]"}
COMMAND: POST /session/df7e3af810ab6d6da1a176f6e8533552/element/f.CC9B589A9DA2186238667A9749121406.d.F1FB309626FB77B4ADBD3A1F4F2C6960.e.5363/clear - {}
RESULT: {}
RESULT: {}
COMMAND: POST /session/df7e3af810ab6d6da1a176f6e8533552/element/f.CC9B589A9DA2186238667A9749121406.d.F1FB309626FB77B4ADBD3A1F4F2C6960.e.5363/value - {"text":"200073"}
COMMAND: GET /session/df7e3af810ab6d6da1a176f6e8533552/screenshot - {}
RESULT: {"text":"200073"}
COMMAND: GET /session/df7e3af810ab6d6da1a176f6e8533552/screenshot - {}
RESULT: {}
RESULT: {}
COMMAND: POST /session/df7e3af810ab6d6da1a176f6e8533552/actions - {"actions":[{"id":"action38","type":"key","parameters":{},"actions":[{"type":"keyDown","value":"î€‡"},{"type":"pause","duration":10},{"type":"keyUp","value":"î€‡"}]}]}
RESULT: {"actions":[{"id":"action38","type":"key","parameters":{},"actions":[{"type":"keyDown","value":"î€‡"},{"type":"pause","duration":10},{"type":"keyUp","value":"î€‡"}]}]}
COMMAND: POST /session/df7e3af810ab6d6da1a176f6e8533552/element - {"using":"xpath","value":"//div[contains(@data-kt ,\"splitAllocationObjectStatus\")]"}
COMMAND: GET /session/df7e3af810ab6d6da1a176f6e8533552/screenshot - {}
RESULT: {"using":"xpath","value":"//div[contains(@data-kt ,\"splitAllocationObjectStatus\")]"}
COMMAND: POST /session/df7e3af810ab6d6da1a176f6e8533552/elements - {"using":"xpath","value":"//div[contains(@data-kt ,\"splitAllocationObjectStatus\")]"}
RESULT: {}
RESULT: {"using":"xpath","value":"//div[contains(@data-kt ,\"splitAllocationObjectStatus\")]"}
COMMAND: POST /session/df7e3af810ab6d6da1a176f6e8533552/execute/async - {"script":"<script> [1562 bytes]","args":[{"selector":{"controlType":"sap.ui.core.Icon","viewName":"etm.portal.ui.managerequests.view.NewRequest","properties":{"src":{"regex":{"source":"message\\-error"}}},"ancestor":{"controlType":"sap.m.ColumnListItem","viewName":"etm.portal.ui.managerequests.view.NewRequest","bindingPath":{"modelName":"newRequestItems","path":"/RequestItems/0"},"ancestor":{"id":"requestItemsTable","viewName":"etm.portal.ui.managerequests.view.NewRequest"}}},"wdio_ui5_key":"etmportal.ui.managerequests.view.NewRequestsap.ui.core.Icon{\"src\":{\"regex\":{\"source\":\"message\\\\-error\"}}}{\"controlType\":\"sap.m.ColumnListItem\",\"viewName\":\"etm.portal.ui.managerequests.view.NewRequest\",\"bindingPath\":{\"modelName\":\"newRequestItems\",\"path\":\"/RequestItems/0\"},\"ancestor\":{\"id\":\"requestItemsTable\",\"viewName\":\"etm.portal.ui.managerequests.view.NewRequest\"}}"}]}
RESULT: {"script":"<script> [1562 bytes]","args":[{"selector":{"controlType":"sap.ui.core.Icon","viewName":"etm.portal.ui.managerequests.view.NewRequest","properties":{"src":{"regex":{"source":"message\\-error"}}},"ancestor":{"controlType":"sap.m.ColumnListItem","viewName":"etm.portal.ui.managerequests.view.NewRequest","bindingPath":{"modelName":"newRequestItems","path":"/RequestItems/0"},"ancestor":{"id":"requestItemsTable","viewName":"etm.portal.ui.managerequests.view.NewRequest"}}},"wdio_ui5_key":"etmportal.ui.managerequests.view.NewRequestsap.ui.core.Icon{\"src\":{\"regex\":{\"source\":\"message\\\\-error\"}}}{\"controlType\":\"sap.m.ColumnListItem\",\"viewName\":\"etm.portal.ui.managerequests.view.NewRequest\",\"bindingPath\":{\"modelName\":\"newRequestItems\",\"path\":\"/RequestItems/0\"},\"ancestor\":{\"id\":\"requestItemsTable\",\"viewName\":\"etm.portal.ui.managerequests.view.NewRequest\"}}"}]}
RESULT: undefined
COMMAND: POST /session/df7e3af810ab6d6da1a176f6e8533552/element - {"using":"xpath","value":"//*[@id=\"__status4-__xmlview1--requestItemsTable-0-icon\"]"}
RESULT: {"using":"xpath","value":"//*[@id=\"__status4-__xmlview1--requestItemsTable-0-icon\"]"}
COMMAND: POST /session/df7e3af810ab6d6da1a176f6e8533552/element/f.CC9B589A9DA2186238667A9749121406.d.F1FB309626FB77B4ADBD3A1F4F2C6960.e.5374/click - {}
RESULT: {}
COMMAND: GET /session/df7e3af810ab6d6da1a176f6e8533552/screenshot - {}
RESULT: {}
COMMAND: POST /session/df7e3af810ab6d6da1a176f6e8533552/execute/async - {"script":"<script> [1562 bytes]","args":[{"selector":{"id":"costObjectAdminTypeComboBox","viewName":"etm.portal.ui.managerequests.view.NewRequest","searchOpenDialogs":true,"interaction":{"idSuffix":"inner"}},"wdio_ui5_key":"costObjectAdminTypeComboBoxetmportal.ui.managerequests.view.NewRequest"}]}
RESULT: {"script":"<script> [1562 bytes]","args":[{"selector":{"id":"costObjectAdminTypeComboBox","viewName":"etm.portal.ui.managerequests.view.NewRequest","searchOpenDialogs":true,"interaction":{"idSuffix":"inner"}},"wdio_ui5_key":"costObjectAdminTypeComboBoxetmportal.ui.managerequests.view.NewRequest"}]}
RESULT: undefined
COMMAND: POST /session/df7e3af810ab6d6da1a176f6e8533552/execute/async - {"script":"<script> [776 bytes]","args":[{"enterText":"Cost Center","selector":{"id":"costObjectAdminTypeComboBox","viewName":"etm.portal.ui.managerequests.view.NewRequest","searchOpenDialogs":true,"interaction":{"idSuffix":"inner"}},"clearTextFirst":true,"interactionType":"ENTER_TEXT"}]}
RESULT: {"script":"<script> [776 bytes]","args":[{"enterText":"Cost Center","selector":{"id":"costObjectAdminTypeComboBox","viewName":"etm.portal.ui.managerequests.view.NewRequest","searchOpenDialogs":true,"interaction":{"idSuffix":"inner"}},"clearTextFirst":true,"interactionType":"ENTER_TEXT"}]}
COMMAND: POST /session/df7e3af810ab6d6da1a176f6e8533552/actions - {"actions":[{"id":"action39","type":"key","parameters":{},"actions":[{"type":"keyDown","value":"î€‡"},{"type":"pause","duration":10},{"type":"keyUp","value":"î€‡"}]}]}
RESULT: {"actions":[{"id":"action39","type":"key","parameters":{},"actions":[{"type":"keyDown","value":"î€‡"},{"type":"pause","duration":10},{"type":"keyUp","value":"î€‡"}]}]}
COMMAND: GET /session/df7e3af810ab6d6da1a176f6e8533552/screenshot - {}
RESULT: {}
COMMAND: POST /session/df7e3af810ab6d6da1a176f6e8533552/execute/async - {"script":"<script> [1562 bytes]","args":[{"selector":{"id":"costObjectIdComboBox","viewName":"etm.portal.ui.managerequests.view.NewRequest","searchOpenDialogs":true,"interaction":{"idSuffix":"inner"}},"wdio_ui5_key":"costObjectIdComboBoxetmportal.ui.managerequests.view.NewRequest"}]}
RESULT: {"script":"<script> [1562 bytes]","args":[{"selector":{"id":"costObjectIdComboBox","viewName":"etm.portal.ui.managerequests.view.NewRequest","searchOpenDialogs":true,"interaction":{"idSuffix":"inner"}},"wdio_ui5_key":"costObjectIdComboBoxetmportal.ui.managerequests.view.NewRequest"}]}
RESULT: undefined
COMMAND: POST /session/df7e3af810ab6d6da1a176f6e8533552/execute/async - {"script":"<script> [776 bytes]","args":[{"enterText":"1001 - 1001","selector":{"id":"costObjectIdComboBox","viewName":"etm.portal.ui.managerequests.view.NewRequest","searchOpenDialogs":true,"interaction":{"idSuffix":"inner"}},"clearTextFirst":true,"interactionType":"ENTER_TEXT"}]}
RESULT: {"script":"<script> [776 bytes]","args":[{"enterText":"1001 - 1001","selector":{"id":"costObjectIdComboBox","viewName":"etm.portal.ui.managerequests.view.NewRequest","searchOpenDialogs":true,"interaction":{"idSuffix":"inner"}},"clearTextFirst":true,"interactionType":"ENTER_TEXT"}]}
COMMAND: POST /session/df7e3af810ab6d6da1a176f6e8533552/actions - {"actions":[{"id":"action40","type":"key","parameters":{},"actions":[{"type":"keyDown","value":"î€‡"},{"type":"pause","duration":10},{"type":"keyUp","value":"î€‡"}]}]}
RESULT: {"actions":[{"id":"action40","type":"key","parameters":{},"actions":[{"type":"keyDown","value":"î€‡"},{"type":"pause","duration":10},{"type":"keyUp","value":"î€‡"}]}]}
COMMAND: GET /session/df7e3af810ab6d6da1a176f6e8533552/screenshot - {}
RESULT: {}
COMMAND: POST /session/df7e3af810ab6d6da1a176f6e8533552/element - {"using":"xpath","value":"(//bdi[(text() = 'Save' or . = 'Save')])[1]"}
RESULT: {"using":"xpath","value":"(//bdi[(text() = 'Save' or . = 'Save')])[1]"}
COMMAND: POST /session/df7e3af810ab6d6da1a176f6e8533552/element/f.CC9B589A9DA2186238667A9749121406.d.F1FB309626FB77B4ADBD3A1F4F2C6960.e.5388/click - {}
RESULT: {}
COMMAND: POST /session/df7e3af810ab6d6da1a176f6e8533552/execute/async - {"script":"<script> [1562 bytes]","args":[{"selector":{"controlType":"sap.ui.core.Icon","viewName":"etm.portal.ui.managerequests.view.NewRequest","properties":{"src":{"regex":{"source":"message\\-error"}}},"ancestor":{"controlType":"sap.m.ColumnListItem","viewName":"etm.portal.ui.managerequests.view.NewRequest","bindingPath":{"modelName":"newRequestItems","path":"/RequestItems/1"},"ancestor":{"id":"requestItemsTable","viewName":"etm.portal.ui.managerequests.view.NewRequest"}}},"wdio_ui5_key":"etmportal.ui.managerequests.view.NewRequestsap.ui.core.Icon{\"src\":{\"regex\":{\"source\":\"message\\\\-error\"}}}{\"controlType\":\"sap.m.ColumnListItem\",\"viewName\":\"etm.portal.ui.managerequests.view.NewRequest\",\"bindingPath\":{\"modelName\":\"newRequestItems\",\"path\":\"/RequestItems/1\"},\"ancestor\":{\"id\":\"requestItemsTable\",\"viewName\":\"etm.portal.ui.managerequests.view.NewRequest\"}}"}]}
COMMAND: GET /session/df7e3af810ab6d6da1a176f6e8533552/screenshot - {}
RESULT: {"script":"<script> [1562 bytes]","args":[{"selector":{"controlType":"sap.ui.core.Icon","viewName":"etm.portal.ui.managerequests.view.NewRequest","properties":{"src":{"regex":{"source":"message\\-error"}}},"ancestor":{"controlType":"sap.m.ColumnListItem","viewName":"etm.portal.ui.managerequests.view.NewRequest","bindingPath":{"modelName":"newRequestItems","path":"/RequestItems/1"},"ancestor":{"id":"requestItemsTable","viewName":"etm.portal.ui.managerequests.view.NewRequest"}}},"wdio_ui5_key":"etmportal.ui.managerequests.view.NewRequestsap.ui.core.Icon{\"src\":{\"regex\":{\"source\":\"message\\\\-error\"}}}{\"controlType\":\"sap.m.ColumnListItem\",\"viewName\":\"etm.portal.ui.managerequests.view.NewRequest\",\"bindingPath\":{\"modelName\":\"newRequestItems\",\"path\":\"/RequestItems/1\"},\"ancestor\":{\"id\":\"requestItemsTable\",\"viewName\":\"etm.portal.ui.managerequests.view.NewRequest\"}}"}]}
RESULT: undefined
COMMAND: POST /session/df7e3af810ab6d6da1a176f6e8533552/element - {"using":"xpath","value":"//*[@id=\"__status4-__xmlview1--requestItemsTable-1-icon\"]"}
RESULT: {}
RESULT: {"using":"xpath","value":"//*[@id=\"__status4-__xmlview1--requestItemsTable-1-icon\"]"}
COMMAND: POST /session/df7e3af810ab6d6da1a176f6e8533552/element/f.CC9B589A9DA2186238667A9749121406.d.F1FB309626FB77B4ADBD3A1F4F2C6960.e.5391/click - {}
RESULT: {}
COMMAND: GET /session/df7e3af810ab6d6da1a176f6e8533552/screenshot - {}
RESULT: {}
RESULT: undefined
COMMAND: POST /session/df7e3af810ab6d6da1a176f6e8533552/execute/async - {"script":"<script> [776 bytes]","args":[{"enterText":"Cost Center","selector":{"id":"costObjectAdminTypeComboBox","viewName":"etm.portal.ui.managerequests.view.NewRequest","searchOpenDialogs":true,"interaction":{"idSuffix":"inner"}},"clearTextFirst":true,"interactionType":"ENTER_TEXT"}]}
RESULT: {"script":"<script> [776 bytes]","args":[{"enterText":"Cost Center","selector":{"id":"costObjectAdminTypeComboBox","viewName":"etm.portal.ui.managerequests.view.NewRequest","searchOpenDialogs":true,"interaction":{"idSuffix":"inner"}},"clearTextFirst":true,"interactionType":"ENTER_TEXT"}]}
COMMAND: POST /session/df7e3af810ab6d6da1a176f6e8533552/actions - {"actions":[{"id":"action41","type":"key","parameters":{},"actions":[{"type":"keyDown","value":"î€‡"},{"type":"pause","duration":10},{"type":"keyUp","value":"î€‡"}]}]}
RESULT: {"actions":[{"id":"action41","type":"key","parameters":{},"actions":[{"type":"keyDown","value":"î€‡"},{"type":"pause","duration":10},{"type":"keyUp","value":"î€‡"}]}]}
COMMAND: GET /session/df7e3af810ab6d6da1a176f6e8533552/screenshot - {}
RESULT: {}
RESULT: undefined
COMMAND: POST /session/df7e3af810ab6d6da1a176f6e8533552/execute/async - {"script":"<script> [776 bytes]","args":[{"enterText":"1001 - 1001","selector":{"id":"costObjectIdComboBox","viewName":"etm.portal.ui.managerequests.view.NewRequest","searchOpenDialogs":true,"interaction":{"idSuffix":"inner"}},"clearTextFirst":true,"interactionType":"ENTER_TEXT"}]}
RESULT: {"script":"<script> [776 bytes]","args":[{"enterText":"1001 - 1001","selector":{"id":"costObjectIdComboBox","viewName":"etm.portal.ui.managerequests.view.NewRequest","searchOpenDialogs":true,"interaction":{"idSuffix":"inner"}},"clearTextFirst":true,"interactionType":"ENTER_TEXT"}]}
COMMAND: POST /session/df7e3af810ab6d6da1a176f6e8533552/actions - {"actions":[{"id":"action42","type":"key","parameters":{},"actions":[{"type":"keyDown","value":"î€‡"},{"type":"pause","duration":10},{"type":"keyUp","value":"î€‡"}]}]}
RESULT: {"actions":[{"id":"action42","type":"key","parameters":{},"actions":[{"type":"keyDown","value":"î€‡"},{"type":"pause","duration":10},{"type":"keyUp","value":"î€‡"}]}]}
COMMAND: GET /session/df7e3af810ab6d6da1a176f6e8533552/screenshot - {}
RESULT: {}
COMMAND: POST /session/df7e3af810ab6d6da1a176f6e8533552/element - {"using":"xpath","value":"(//bdi[(text() = 'Save' or . = 'Save')])[1]"}
RESULT: {"using":"xpath","value":"(//bdi[(text() = 'Save' or . = 'Save')])[1]"}
COMMAND: POST /session/df7e3af810ab6d6da1a176f6e8533552/element/f.CC9B589A9DA2186238667A9749121406.d.F1FB309626FB77B4ADBD3A1F4F2C6960.e.5403/click - {}
RESULT: {}
COMMAND: GET /session/df7e3af810ab6d6da1a176f6e8533552/screenshot - {}
RESULT: {}
COMMAND: POST /session/df7e3af810ab6d6da1a176f6e8533552/execute/async - {"script":"<script> [1562 bytes]","args":[{"selector":{"controlType":"sap.m.Button","viewName":"etm.portal.ui.managerequests.view.NewRequest","bindingPath":{"path":"/RequestItems/0","propertyPath":"PICK_UP","modelName":"newRequestItems"},"interaction":{"idSuffix":"BDI-content"}},"wdio_ui5_key":"etmportal.ui.managerequests.view.NewRequestsap.m.Button{\"path\":\"/RequestItems/0\",\"propertyPath\":\"PICK_UP\",\"modelName\":\"newRequestItems\"}"}]}
RESULT: {"script":"<script> [1562 bytes]","args":[{"selector":{"controlType":"sap.m.Button","viewName":"etm.portal.ui.managerequests.view.NewRequest","bindingPath":{"path":"/RequestItems/0","propertyPath":"PICK_UP","modelName":"newRequestItems"},"interaction":{"idSuffix":"BDI-content"}},"wdio_ui5_key":"etmportal.ui.managerequests.view.NewRequestsap.m.Button{\"path\":\"/RequestItems/0\",\"propertyPath\":\"PICK_UP\",\"modelName\":\"newRequestItems\"}"}]}
RESULT: undefined
COMMAND: POST /session/df7e3af810ab6d6da1a176f6e8533552/element - {"using":"xpath","value":"//*[@id=\"__xmlview1--pickUpItemButton-__xmlview1--requestItemsTable-0\"]"}
RESULT: {"using":"xpath","value":"//*[@id=\"__xmlview1--pickUpItemButton-__xmlview1--requestItemsTable-0\"]"}
COMMAND: POST /session/df7e3af810ab6d6da1a176f6e8533552/element/f.CC9B589A9DA2186238667A9749121406.d.F1FB309626FB77B4ADBD3A1F4F2C6960.e.5407/click - {}
RESULT: {}
COMMAND: GET /session/df7e3af810ab6d6da1a176f6e8533552/screenshot - {}
RESULT: {}
COMMAND: POST /session/df7e3af810ab6d6da1a176f6e8533552/execute/async - {"script":"<script> [1562 bytes]","args":[{"selector":{"controlType":"sap.m.Button","viewName":"etm.portal.ui.managerequests.view.NewRequest","properties":{"text":"Save"},"i18NText":{"propertyName":"tooltip","key":"save"},"interaction":{"idSuffix":"BDI-content"}},"wdio_ui5_key":"etmportal.ui.managerequests.view.NewRequestsap.m.Button{\"propertyName\":\"tooltip\",\"key\":\"save\"}{\"text\":\"Save\"}"}]}
RESULT: {"script":"<script> [1562 bytes]","args":[{"selector":{"controlType":"sap.m.Button","viewName":"etm.portal.ui.managerequests.view.NewRequest","properties":{"text":"Save"},"i18NText":{"propertyName":"tooltip","key":"save"},"interaction":{"idSuffix":"BDI-content"}},"wdio_ui5_key":"etmportal.ui.managerequests.view.NewRequestsap.m.Button{\"propertyName\":\"tooltip\",\"key\":\"save\"}{\"text\":\"Save\"}"}]}
RESULT: undefined
COMMAND: POST /session/df7e3af810ab6d6da1a176f6e8533552/element - {"using":"xpath","value":"//*[@id=\"__button11\"]"}
RESULT: {"using":"xpath","value":"//*[@id=\"__button11\"]"}
COMMAND: POST /session/df7e3af810ab6d6da1a176f6e8533552/element/f.CC9B589A9DA2186238667A9749121406.d.F1FB309626FB77B4ADBD3A1F4F2C6960.e.5262/click - {}
RESULT: {}
COMMAND: GET /session/df7e3af810ab6d6da1a176f6e8533552/screenshot - {}
RESULT: {}
COMMAND: POST /session/df7e3af810ab6d6da1a176f6e8533552/execute/async - {"script":"<script> [1562 bytes]","args":[{"selector":{"controlType":"sap.m.Text","searchOpenDialogs":true},"wdio_ui5_key":"sapm.Text"}]}
RESULT: {"script":"<script> [1562 bytes]","args":[{"selector":{"controlType":"sap.m.Text","searchOpenDialogs":true},"wdio_ui5_key":"sapm.Text"}]}
RESULT: undefined
COMMAND: POST /session/df7e3af810ab6d6da1a176f6e8533552/execute/async - {"script":"<script> [6424 bytes]","args":[{"element-6066-11e4-a52e-4f735466cecf":"f.CC9B589A9DA2186238667A9749121406.d.F1FB309626FB77B4ADBD3A1F4F2C6960.e.5411"},"getText",[]]}
RESULT: {"script":"<script> [6424 bytes]","args":[{"element-6066-11e4-a52e-4f735466cecf":"f.CC9B589A9DA2186238667A9749121406.d.F1FB309626FB77B4ADBD3A1F4F2C6960.e.5411"},"getText",[]]}
COMMAND: POST /session/df7e3af810ab6d6da1a176f6e8533552/execute/async - {"script":"<script> [1562 bytes]","args":[{"selector":{"controlType":"sap.m.Button","properties":{"text":"Close"},"searchOpenDialogs":true,"interaction":{"idSuffix":"BDI-content"}},"wdio_ui5_key":"sapm.Button{\"text\":\"Close\"}"}]}
RESULT: {"script":"<script> [1562 bytes]","args":[{"selector":{"controlType":"sap.m.Button","properties":{"text":"Close"},"searchOpenDialogs":true,"interaction":{"idSuffix":"BDI-content"}},"wdio_ui5_key":"sapm.Button{\"text\":\"Close\"}"}]}
RESULT: undefined
COMMAND: POST /session/df7e3af810ab6d6da1a176f6e8533552/element - {"using":"xpath","value":"//*[@id=\"__mbox-btn-0\"]"}
RESULT: {"using":"xpath","value":"//*[@id=\"__mbox-btn-0\"]"}
COMMAND: POST /session/df7e3af810ab6d6da1a176f6e8533552/element/f.CC9B589A9DA2186238667A9749121406.d.F1FB309626FB77B4ADBD3A1F4F2C6960.e.5410/click - {}
RESULT: {}
COMMAND: GET /session/df7e3af810ab6d6da1a176f6e8533552/screenshot - {}
RESULT: {}
COMMAND: POST /session/df7e3af810ab6d6da1a176f6e8533552/execute/async - {"script":"<script> [1562 bytes]","args":[{"selector":{"controlType":"sap.m.Button","viewName":"etm.portal.ui.managerequests.view.Detail","bindingPath":{"path":"/SmartRequestItemsPlanningBoard(ITEM=10m,REQUEST='20094')","propertyPath":"PICK_UP"}},"wdio_ui5_key":"etmportal.ui.managerequests.view.Detailsap.m.Button{\"path\":\"/SmartRequestItemsPlanningBoard(ITEM=10m,REQUEST='20094')\",\"propertyPath\":\"PICK_UP\"}"}]}
RESULT: {"script":"<script> [1562 bytes]","args":[{"selector":{"controlType":"sap.m.Button","viewName":"etm.portal.ui.managerequests.view.Detail","bindingPath":{"path":"/SmartRequestItemsPlanningBoard(ITEM=10m,REQUEST='20094')","propertyPath":"PICK_UP"}},"wdio_ui5_key":"etmportal.ui.managerequests.view.Detailsap.m.Button{\"path\":\"/SmartRequestItemsPlanningBoard(ITEM=10m,REQUEST='20094')\",\"propertyPath\":\"PICK_UP\"}"}]}
RESULT: undefined
COMMAND: POST /session/df7e3af810ab6d6da1a176f6e8533552/execute/async - {"script":"<script> [6424 bytes]","args":[{"element-6066-11e4-a52e-4f735466cecf":"f.CC9B589A9DA2186238667A9749121406.d.F1FB309626FB77B4ADBD3A1F4F2C6960.e.5519"},"getType",[]]}
RESULT: {"script":"<script> [6424 bytes]","args":[{"element-6066-11e4-a52e-4f735466cecf":"f.CC9B589A9DA2186238667A9749121406.d.F1FB309626FB77B4ADBD3A1F4F2C6960.e.5519"},"getType",[]]}
COMMAND: POST /session/df7e3af810ab6d6da1a176f6e8533552/execute/async - {"script":"<script> [1562 bytes]","args":[{"selector":{"controlType":"sap.m.Button","viewName":"etm.portal.ui.managerequests.view.Detail","bindingPath":{"path":"/SmartRequestItemsPlanningBoard(ITEM=20m,REQUEST='20094')","propertyPath":"PICK_UP"}},"wdio_ui5_key":"etmportal.ui.managerequests.view.Detailsap.m.Button{\"path\":\"/SmartRequestItemsPlanningBoard(ITEM=20m,REQUEST='20094')\",\"propertyPath\":\"PICK_UP\"}"}]}
RESULT: {"script":"<script> [1562 bytes]","args":[{"selector":{"controlType":"sap.m.Button","viewName":"etm.portal.ui.managerequests.view.Detail","bindingPath":{"path":"/SmartRequestItemsPlanningBoard(ITEM=20m,REQUEST='20094')","propertyPath":"PICK_UP"}},"wdio_ui5_key":"etmportal.ui.managerequests.view.Detailsap.m.Button{\"path\":\"/SmartRequestItemsPlanningBoard(ITEM=20m,REQUEST='20094')\",\"propertyPath\":\"PICK_UP\"}"}]}
RESULT: undefined
COMMAND: POST /session/df7e3af810ab6d6da1a176f6e8533552/execute/async - {"script":"<script> [6424 bytes]","args":[{"element-6066-11e4-a52e-4f735466cecf":"f.CC9B589A9DA2186238667A9749121406.d.F1FB309626FB77B4ADBD3A1F4F2C6960.e.5537"},"getType",[]]}
RESULT: {"script":"<script> [6424 bytes]","args":[{"element-6066-11e4-a52e-4f735466cecf":"f.CC9B589A9DA2186238667A9749121406.d.F1FB309626FB77B4ADBD3A1F4F2C6960.e.5537"},"getType",[]]}
COMMAND: POST /session/df7e3af810ab6d6da1a176f6e8533552/execute/async - {"script":"<script> [1562 bytes]","args":[{"selector":{"id":"pickUpSwitchHeader","viewName":"etm.portal.ui.managerequests.view.Detail","interaction":{"idSuffix":"handle"}},"wdio_ui5_key":"pickUpSwitchHeaderetmportal.ui.managerequests.view.Detail"}]}
RESULT: {"script":"<script> [1562 bytes]","args":[{"selector":{"id":"pickUpSwitchHeader","viewName":"etm.portal.ui.managerequests.view.Detail","interaction":{"idSuffix":"handle"}},"wdio_ui5_key":"pickUpSwitchHeaderetmportal.ui.managerequests.view.Detail"}]}
RESULT: undefined
COMMAND: POST /session/df7e3af810ab6d6da1a176f6e8533552/element - {"using":"xpath","value":"//*[@id=\"__xmlview2--pickUpSwitchHeader\"]"}
RESULT: {"using":"xpath","value":"//*[@id=\"__xmlview2--pickUpSwitchHeader\"]"}
COMMAND: POST /session/df7e3af810ab6d6da1a176f6e8533552/element/f.CC9B589A9DA2186238667A9749121406.d.F1FB309626FB77B4ADBD3A1F4F2C6960.e.5489/click - {}
RESULT: {}
COMMAND: POST /session/df7e3af810ab6d6da1a176f6e8533552/execute/async - {"script":"<script> [1562 bytes]","args":[{"selector":{"controlType":"sap.ui.core.Icon","viewName":"etm.portal.ui.managerequests.view.Detail","properties":{"src":{"regex":{"source":"pushpin\\-off"}}}},"wdio_ui5_key":"etmportal.ui.managerequests.view.Detailsap.ui.core.Icon{\"src\":{\"regex\":{\"source\":\"pushpin\\\\-off\"}}}"}]}
COMMAND: GET /session/df7e3af810ab6d6da1a176f6e8533552/screenshot - {}
RESULT: {"script":"<script> [1562 bytes]","args":[{"selector":{"controlType":"sap.ui.core.Icon","viewName":"etm.portal.ui.managerequests.view.Detail","properties":{"src":{"regex":{"source":"pushpin\\-off"}}}},"wdio_ui5_key":"etmportal.ui.managerequests.view.Detailsap.ui.core.Icon{\"src\":{\"regex\":{\"source\":\"pushpin\\\\-off\"}}}"}]}
RESULT: undefined
COMMAND: POST /session/df7e3af810ab6d6da1a176f6e8533552/element - {"using":"xpath","value":"//*[@id=\"__xmlview2--detailRequestPage-OPHeaderContent-pinBtn-img\"]"}
RESULT: {}
RESULT: {"using":"xpath","value":"//*[@id=\"__xmlview2--detailRequestPage-OPHeaderContent-pinBtn-img\"]"}
COMMAND: POST /session/df7e3af810ab6d6da1a176f6e8533552/element/f.CC9B589A9DA2186238667A9749121406.d.F1FB309626FB77B4ADBD3A1F4F2C6960.e.5497/click - {}
RESULT: {}
RESULT: undefined
COMMAND: POST /session/df7e3af810ab6d6da1a176f6e8533552/execute/async - {"script":"<script> [6424 bytes]","args":[{"element-6066-11e4-a52e-4f735466cecf":"f.CC9B589A9DA2186238667A9749121406.d.F1FB309626FB77B4ADBD3A1F4F2C6960.e.5519"},"getType",[]]}
COMMAND: GET /session/df7e3af810ab6d6da1a176f6e8533552/screenshot - {}
RESULT: {"script":"<script> [6424 bytes]","args":[{"element-6066-11e4-a52e-4f735466cecf":"f.CC9B589A9DA2186238667A9749121406.d.F1FB309626FB77B4ADBD3A1F4F2C6960.e.5519"},"getType",[]]}
RESULT: undefined
COMMAND: POST /session/df7e3af810ab6d6da1a176f6e8533552/execute/async - {"script":"<script> [6424 bytes]","args":[{"element-6066-11e4-a52e-4f735466cecf":"f.CC9B589A9DA2186238667A9749121406.d.F1FB309626FB77B4ADBD3A1F4F2C6960.e.5537"},"getType",[]]}
RESULT: {}
RESULT: {"script":"<script> [6424 bytes]","args":[{"element-6066-11e4-a52e-4f735466cecf":"f.CC9B589A9DA2186238667A9749121406.d.F1FB309626FB77B4ADBD3A1F4F2C6960.e.5537"},"getType",[]]}
COMMAND: POST /session/df7e3af810ab6d6da1a176f6e8533552/execute/async - {"script":"<script> [1562 bytes]","args":[{"selector":{"controlType":"sap.ui.core.Icon","viewName":"etm.portal.ui.managerequests.view.Detail","properties":{"src":{"regex":{"source":"date\\-time"}}},"ancestor":{"controlType":"sap.m.ColumnListItem","viewName":"etm.portal.ui.managerequests.view.Detail","bindingPath":{"path":"/SmartRequestItemsPlanningBoard(ITEM=10m,REQUEST='20094')"},"ancestor":{"id":"requestItemsTable","viewName":"etm.portal.ui.managerequests.view.Detail"}}},"wdio_ui5_key":"etmportal.ui.managerequests.view.Detailsap.ui.core.Icon{\"src\":{\"regex\":{\"source\":\"date\\\\-time\"}}}{\"controlType\":\"sap.m.ColumnListItem\",\"viewName\":\"etm.portal.ui.managerequests.view.Detail\",\"bindingPath\":{\"path\":\"/SmartRequestItemsPlanningBoard(ITEM=10m,REQUEST='20094')\"},\"ancestor\":{\"id\":\"requestItemsTable\",\"viewName\":\"etm.portal.ui.managerequests.view.Detail\"}}"}]}
RESULT: {"script":"<script> [1562 bytes]","args":[{"selector":{"controlType":"sap.ui.core.Icon","viewName":"etm.portal.ui.managerequests.view.Detail","properties":{"src":{"regex":{"source":"date\\-time"}}},"ancestor":{"controlType":"sap.m.ColumnListItem","viewName":"etm.portal.ui.managerequests.view.Detail","bindingPath":{"path":"/SmartRequestItemsPlanningBoard(ITEM=10m,REQUEST='20094')"},"ancestor":{"id":"requestItemsTable","viewName":"etm.portal.ui.managerequests.view.Detail"}}},"wdio_ui5_key":"etmportal.ui.managerequests.view.Detailsap.ui.core.Icon{\"src\":{\"regex\":{\"source\":\"date\\\\-time\"}}}{\"controlType\":\"sap.m.ColumnListItem\",\"viewName\":\"etm.portal.ui.managerequests.view.Detail\",\"bindingPath\":{\"path\":\"/SmartRequestItemsPlanningBoard(ITEM=10m,REQUEST='20094')\"},\"ancestor\":{\"id\":\"requestItemsTable\",\"viewName\":\"etm.portal.ui.managerequests.view.Detail\"}}"}]}
RESULT: undefined
COMMAND: POST /session/df7e3af810ab6d6da1a176f6e8533552/element - {"using":"xpath","value":"//*[@id=\"__button39-__clone1825-img\"]"}
RESULT: {"using":"xpath","value":"//*[@id=\"__button39-__clone1825-img\"]"}
COMMAND: POST /session/df7e3af810ab6d6da1a176f6e8533552/element/f.CC9B589A9DA2186238667A9749121406.d.F1FB309626FB77B4ADBD3A1F4F2C6960.e.5544/click - {}
RESULT: {}
COMMAND: POST /session/df7e3af810ab6d6da1a176f6e8533552/execute/async - {"script":"<script> [1562 bytes]","args":[{"selector":{"controlType":"sap.m.Button","viewName":"etm.portal.ui.managerequests.view.Detail","properties":{"text":"Close"},"searchOpenDialogs":true,"interaction":{"idSuffix":"inner"}},"wdio_ui5_key":"etmportal.ui.managerequests.view.Detailsap.m.Button{\"text\":\"Close\"}"}]}
COMMAND: GET /session/df7e3af810ab6d6da1a176f6e8533552/screenshot - {}
RESULT: {"script":"<script> [1562 bytes]","args":[{"selector":{"controlType":"sap.m.Button","viewName":"etm.portal.ui.managerequests.view.Detail","properties":{"text":"Close"},"searchOpenDialogs":true,"interaction":{"idSuffix":"inner"}},"wdio_ui5_key":"etmportal.ui.managerequests.view.Detailsap.m.Button{\"text\":\"Close\"}"}]}
RESULT: undefined
COMMAND: POST /session/df7e3af810ab6d6da1a176f6e8533552/element - {"using":"xpath","value":"//*[@id=\"__button49\"]"}
RESULT: {}
RESULT: {"using":"xpath","value":"//*[@id=\"__button49\"]"}
COMMAND: POST /session/df7e3af810ab6d6da1a176f6e8533552/element/f.CC9B589A9DA2186238667A9749121406.d.F1FB309626FB77B4ADBD3A1F4F2C6960.e.5546/click - {}
RESULT: {}
COMMAND: POST /session/df7e3af810ab6d6da1a176f6e8533552/execute/async - {"script":"<script> [1562 bytes]","args":[{"selector":{"controlType":"sap.ui.core.Icon","viewName":"etm.portal.ui.managerequests.view.Detail","properties":{"src":{"regex":{"source":"date\\-time"}}},"ancestor":{"controlType":"sap.m.ColumnListItem","viewName":"etm.portal.ui.managerequests.view.Detail","bindingPath":{"path":"/SmartRequestItemsPlanningBoard(ITEM=20m,REQUEST='20094')"},"ancestor":{"id":"requestItemsTable","viewName":"etm.portal.ui.managerequests.view.Detail"}}},"wdio_ui5_key":"etmportal.ui.managerequests.view.Detailsap.ui.core.Icon{\"src\":{\"regex\":{\"source\":\"date\\\\-time\"}}}{\"controlType\":\"sap.m.ColumnListItem\",\"viewName\":\"etm.portal.ui.managerequests.view.Detail\",\"bindingPath\":{\"path\":\"/SmartRequestItemsPlanningBoard(ITEM=20m,REQUEST='20094')\"},\"ancestor\":{\"id\":\"requestItemsTable\",\"viewName\":\"etm.portal.ui.managerequests.view.Detail\"}}"}]}
COMMAND: GET /session/df7e3af810ab6d6da1a176f6e8533552/screenshot - {}
RESULT: {"script":"<script> [1562 bytes]","args":[{"selector":{"controlType":"sap.ui.core.Icon","viewName":"etm.portal.ui.managerequests.view.Detail","properties":{"src":{"regex":{"source":"date\\-time"}}},"ancestor":{"controlType":"sap.m.ColumnListItem","viewName":"etm.portal.ui.managerequests.view.Detail","bindingPath":{"path":"/SmartRequestItemsPlanningBoard(ITEM=20m,REQUEST='20094')"},"ancestor":{"id":"requestItemsTable","viewName":"etm.portal.ui.managerequests.view.Detail"}}},"wdio_ui5_key":"etmportal.ui.managerequests.view.Detailsap.ui.core.Icon{\"src\":{\"regex\":{\"source\":\"date\\\\-time\"}}}{\"controlType\":\"sap.m.ColumnListItem\",\"viewName\":\"etm.portal.ui.managerequests.view.Detail\",\"bindingPath\":{\"path\":\"/SmartRequestItemsPlanningBoard(ITEM=20m,REQUEST='20094')\"},\"ancestor\":{\"id\":\"requestItemsTable\",\"viewName\":\"etm.portal.ui.managerequests.view.Detail\"}}"}]}
RESULT: undefined
COMMAND: POST /session/df7e3af810ab6d6da1a176f6e8533552/element - {"using":"xpath","value":"//*[@id=\"__button39-__clone1826-img\"]"}
RESULT: {}
RESULT: {"using":"xpath","value":"//*[@id=\"__button39-__clone1826-img\"]"}
COMMAND: POST /session/df7e3af810ab6d6da1a176f6e8533552/element/f.CC9B589A9DA2186238667A9749121406.d.F1FB309626FB77B4ADBD3A1F4F2C6960.e.5552/click - {}
RESULT: {}
RESULT: undefined
COMMAND: POST /session/df7e3af810ab6d6da1a176f6e8533552/element - {"using":"xpath","value":"//*[@id=\"__button49\"]"}
COMMAND: GET /session/df7e3af810ab6d6da1a176f6e8533552/screenshot - {}
RESULT: {"using":"xpath","value":"//*[@id=\"__button49\"]"}
COMMAND: POST /session/df7e3af810ab6d6da1a176f6e8533552/elements - {"using":"xpath","value":"//*[@id=\"__button49\"]"}
RESULT: {}
RESULT: {"using":"xpath","value":"//*[@id=\"__button49\"]"}
COMMAND: POST /session/df7e3af810ab6d6da1a176f6e8533552/elements - {"using":"xpath","value":"//*[@id=\"__button49\"]"}
RESULT: {"using":"xpath","value":"//*[@id=\"__button49\"]"}
COMMAND: POST /session/df7e3af810ab6d6da1a176f6e8533552/element - {"using":"xpath","value":"//*[@id=\"__button49\"]"}
RESULT: {"using":"xpath","value":"//*[@id=\"__button49\"]"}
COMMAND: POST /session/df7e3af810ab6d6da1a176f6e8533552/element/f.CC9B589A9DA2186238667A9749121406.d.F1FB309626FB77B4ADBD3A1F4F2C6960.e.5556/click - {}
RESULT: {}
COMMAND: POST /session/df7e3af810ab6d6da1a176f6e8533552/execute/async - {"script":"<script> [189 bytes]","args":[]}
COMMAND: GET /session/df7e3af810ab6d6da1a176f6e8533552/screenshot - {}
RESULT: {"script":"<script> [189 bytes]","args":[]}
COMMAND: POST /session/df7e3af810ab6d6da1a176f6e8533552/execute/async - {"script":"<script> [123 bytes]","args":[]}
RESULT: {}
RESULT: {"script":"<script> [123 bytes]","args":[]}
COMMAND: POST /session/df7e3af810ab6d6da1a176f6e8533552/timeouts - {"script":"<number>"}
RESULT: {"script":"<number>"}
COMMAND: GET /session/df7e3af810ab6d6da1a176f6e8533552/timeouts - {}
RESULT: {}
RESULT: undefined
COMMAND: POST /session/df7e3af810ab6d6da1a176f6e8533552/execute/async - {"script":"<script> [2676 bytes]","args":[]}
RESULT: {"script":"<script> [2676 bytes]","args":[]}
COMMAND: POST /session/df7e3af810ab6d6da1a176f6e8533552/execute/async - {"script":"<script> [2342 bytes]","args":[{"protocol":"http","hostname":"0.0.0.0","path":"/","capabilities":{"browserName":"chrome","goog:chromeOptions":{"binary":"C:\\Program Files\\Google\\Chrome\\Application\\chrome.exe","args":["--start-maximized"]}},"logLevel":"warn","connectionRetryTimeout":120000,"connectionRetryCount":3,"logLevels":{},"enableDirectConnect":true,"strictSSL":true,"_":"65 more keys: [\"cacheDir\",\"port\",\"requestedCapabilities\",\"automationProtocol\",\"baseUrl\",\"waitforInterval\",\"waitforTimeout\",\"onReload\",\"beforeCommand\",\"afterCommand\",\"rootDir\",\"specs\",\"suites\",\"exclude\",\"groupLogsByTestSpec\",\"excludeDriverLogs\",\"bail\",\"framework\",\"reporters\",\"services\",\"maxInstances\",\"maxInstancesPerCapability\",\"injectGlobals\",\"filesToWatch\",\"execArgv\",\"runnerEnv\",\"runner\",\"shard\",\"specFileRetries\",\"specFileRetriesDelay\",\"specFileRetriesDeferred\",\"reporterSyncInterval\",\"reporterSyncTimeout\",\"cucumberFeaturesWithLineNumbers\",\"autoCompileOpts\",\"mochaOpts\",\"jasmineOpts\",\"cucumberOpts\",\"onPrepare\",\"onWorkerStart\",\"onWorkerEnd\",\"before\",\"beforeSession\",\"beforeSuite\",\"beforeHook\",\"beforeTest\",\"afterTest\",\"afterHook\",\"afterSuite\",\"afterSession\",\"after\",\"onComplete\",\"beforeAssertion\",\"afterAssertion\",\"beforeFeature\",\"beforeScenario\",\"beforeStep\",\"afterStep\",\"afterScenario\",\"afterFeature\",\"_\",\"suite\",\"$0\",\"ignoredWorkerServices\",\"wdi5\"]"}]}
RESULT: {"script":"<script> [2342 bytes]","args":[{"protocol":"http","hostname":"0.0.0.0","path":"/","capabilities":{"browserName":"chrome","goog:chromeOptions":{"binary":"C:\\Program Files\\Google\\Chrome\\Application\\chrome.exe","args":["--start-maximized"]}},"logLevel":"warn","connectionRetryTimeout":120000,"connectionRetryCount":3,"logLevels":{},"enableDirectConnect":true,"strictSSL":true,"_":"65 more keys: [\"cacheDir\",\"port\",\"requestedCapabilities\",\"automationProtocol\",\"baseUrl\",\"waitforInterval\",\"waitforTimeout\",\"onReload\",\"beforeCommand\",\"afterCommand\",\"rootDir\",\"specs\",\"suites\",\"exclude\",\"groupLogsByTestSpec\",\"excludeDriverLogs\",\"bail\",\"framework\",\"reporters\",\"services\",\"maxInstances\",\"maxInstancesPerCapability\",\"injectGlobals\",\"filesToWatch\",\"execArgv\",\"runnerEnv\",\"runner\",\"shard\",\"specFileRetries\",\"specFileRetriesDelay\",\"specFileRetriesDeferred\",\"reporterSyncInterval\",\"reporterSyncTimeout\",\"cucumberFeaturesWithLineNumbers\",\"autoCompileOpts\",\"mochaOpts\",\"jasmineOpts\",\"cucumberOpts\",\"onPrepare\",\"onWorkerStart\",\"onWorkerEnd\",\"before\",\"beforeSession\",\"beforeSuite\",\"beforeHook\",\"beforeTest\",\"afterTest\",\"afterHook\",\"afterSuite\",\"afterSession\",\"after\",\"onComplete\",\"beforeAssertion\",\"afterAssertion\",\"beforeFeature\",\"beforeScenario\",\"beforeStep\",\"afterStep\",\"afterScenario\",\"afterFeature\",\"_\",\"suite\",\"$0\",\"ignoredWorkerServices\",\"wdi5\"]"}]}
COMMAND: POST /session/df7e3af810ab6d6da1a176f6e8533552/execute/async - {"script":"<script> [21126 bytes]","args":[35000]}
RESULT: {"script":"<script> [21126 bytes]","args":[35000]}
COMMAND: POST /session/df7e3af810ab6d6da1a176f6e8533552/execute/async - {"script":"<script> [1562 bytes]","args":[{"selector":{"controlType":"sap.m.Button","viewName":"etm.portal.ui.managerequests.view.Detail","bindingPath":{"path":"/SmartRequestItemsPlanningBoard(ITEM=10m,REQUEST='20094')","propertyPath":"PICK_UP"}},"wdio_ui5_key":"etmportal.ui.managerequests.view.Detailsap.m.Button{\"path\":\"/SmartRequestItemsPlanningBoard(ITEM=10m,REQUEST='20094')\",\"propertyPath\":\"PICK_UP\"}"}]}
RESULT: {"script":"<script> [1562 bytes]","args":[{"selector":{"controlType":"sap.m.Button","viewName":"etm.portal.ui.managerequests.view.Detail","bindingPath":{"path":"/SmartRequestItemsPlanningBoard(ITEM=10m,REQUEST='20094')","propertyPath":"PICK_UP"}},"wdio_ui5_key":"etmportal.ui.managerequests.view.Detailsap.m.Button{\"path\":\"/SmartRequestItemsPlanningBoard(ITEM=10m,REQUEST='20094')\",\"propertyPath\":\"PICK_UP\"}"}]}
RESULT: undefined
COMMAND: POST /session/df7e3af810ab6d6da1a176f6e8533552/execute/async - {"script":"<script> [6424 bytes]","args":[{"element-6066-11e4-a52e-4f735466cecf":"f.CC9B589A9DA2186238667A9749121406.d.F1FB309626FB77B4ADBD3A1F4F2C6960.e.5519"},"getType",[]]}
RESULT: {"script":"<script> [6424 bytes]","args":[{"element-6066-11e4-a52e-4f735466cecf":"f.CC9B589A9DA2186238667A9749121406.d.F1FB309626FB77B4ADBD3A1F4F2C6960.e.5519"},"getType",[]]}
COMMAND: POST /session/df7e3af810ab6d6da1a176f6e8533552/execute/async - {"script":"<script> [1562 bytes]","args":[{"selector":{"controlType":"sap.m.Button","viewName":"etm.portal.ui.managerequests.view.Detail","bindingPath":{"path":"/SmartRequestItemsPlanningBoard(ITEM=20m,REQUEST='20094')","propertyPath":"PICK_UP"}},"wdio_ui5_key":"etmportal.ui.managerequests.view.Detailsap.m.Button{\"path\":\"/SmartRequestItemsPlanningBoard(ITEM=20m,REQUEST='20094')\",\"propertyPath\":\"PICK_UP\"}"}]}
RESULT: {"script":"<script> [1562 bytes]","args":[{"selector":{"controlType":"sap.m.Button","viewName":"etm.portal.ui.managerequests.view.Detail","bindingPath":{"path":"/SmartRequestItemsPlanningBoard(ITEM=20m,REQUEST='20094')","propertyPath":"PICK_UP"}},"wdio_ui5_key":"etmportal.ui.managerequests.view.Detailsap.m.Button{\"path\":\"/SmartRequestItemsPlanningBoard(ITEM=20m,REQUEST='20094')\",\"propertyPath\":\"PICK_UP\"}"}]}
RESULT: undefined
COMMAND: POST /session/df7e3af810ab6d6da1a176f6e8533552/execute/async - {"script":"<script> [6424 bytes]","args":[{"element-6066-11e4-a52e-4f735466cecf":"f.CC9B589A9DA2186238667A9749121406.d.F1FB309626FB77B4ADBD3A1F4F2C6960.e.5537"},"getType",[]]}
RESULT: {"script":"<script> [6424 bytes]","args":[{"element-6066-11e4-a52e-4f735466cecf":"f.CC9B589A9DA2186238667A9749121406.d.F1FB309626FB77B4ADBD3A1F4F2C6960.e.5537"},"getType",[]]}
]]></system-out>
    </testcase>
    <testcase classname="chrome.135_0_7049_96.windows.Manage_request_+_Contract_processing_pick_up_option_US120163_" name="Should Contract processing pick up option" time="153.357">
      <system-out><![CDATA[
COMMAND: POST /session/df7e3af810ab6d6da1a176f6e8533552/execute/async - {"script":"<script> [1562 bytes]","args":[{"selector":{"id":"requestContractNo","viewName":"etm.portal.ui.managerequests.view.Detail"},"wdio_ui5_key":"requestContractNoetmportal.ui.managerequests.view.Detail"}]}
RESULT: {"script":"<script> [1562 bytes]","args":[{"selector":{"id":"requestContractNo","viewName":"etm.portal.ui.managerequests.view.Detail"},"wdio_ui5_key":"requestContractNoetmportal.ui.managerequests.view.Detail"}]}
RESULT: undefined
COMMAND: POST /session/df7e3af810ab6d6da1a176f6e8533552/element - {"using":"xpath","value":"//*[@id=\"__xmlview2--requestContractNo\"]"}
RESULT: {"using":"xpath","value":"//*[@id=\"__xmlview2--requestContractNo\"]"}
COMMAND: POST /session/df7e3af810ab6d6da1a176f6e8533552/element/f.CC9B589A9DA2186238667A9749121406.d.F1FB309626FB77B4ADBD3A1F4F2C6960.e.5563/click - {}
RESULT: {}
COMMAND: POST /session/df7e3af810ab6d6da1a176f6e8533552/execute/async - {"script":"<script> [1562 bytes]","args":[{"selector":{"controlType":"sap.m.Link","viewName":"etm.portal.ui.managerequests.view.Detail","properties":{"text":"Contract Overview"},"searchOpenDialogs":true},"wdio_ui5_key":"etmportal.ui.managerequests.view.Detailsap.m.Link{\"text\":\"Contract Overview\"}"}]}
COMMAND: GET /session/df7e3af810ab6d6da1a176f6e8533552/screenshot - {}
RESULT: {"script":"<script> [1562 bytes]","args":[{"selector":{"controlType":"sap.m.Link","viewName":"etm.portal.ui.managerequests.view.Detail","properties":{"text":"Contract Overview"},"searchOpenDialogs":true},"wdio_ui5_key":"etmportal.ui.managerequests.view.Detailsap.m.Link{\"text\":\"Contract Overview\"}"}]}
RESULT: undefined
COMMAND: POST /session/df7e3af810ab6d6da1a176f6e8533552/element - {"using":"xpath","value":"//*[@id=\"__link8\"]"}
RESULT: {}
RESULT: {"using":"xpath","value":"//*[@id=\"__link8\"]"}
COMMAND: POST /session/df7e3af810ab6d6da1a176f6e8533552/element/f.CC9B589A9DA2186238667A9749121406.d.F1FB309626FB77B4ADBD3A1F4F2C6960.e.5565/click - {}
RESULT: {}
COMMAND: GET /session/df7e3af810ab6d6da1a176f6e8533552/screenshot - {}
RESULT: {}
COMMAND: POST /session/df7e3af810ab6d6da1a176f6e8533552/element - {"using":"xpath","value":"//div[contains(@id ,\"headerBillingItemsTabFilter-text\")]"}
RESULT: {"using":"xpath","value":"//div[contains(@id ,\"headerBillingItemsTabFilter-text\")]"}
COMMAND: POST /session/df7e3af810ab6d6da1a176f6e8533552/element/f.CC9B589A9DA2186238667A9749121406.d.F1FB309626FB77B4ADBD3A1F4F2C6960.e.5774/click - {}
RESULT: {}
COMMAND: GET /session/df7e3af810ab6d6da1a176f6e8533552/screenshot - {}
RESULT: {}
COMMAND: POST /session/df7e3af810ab6d6da1a176f6e8533552/execute/async - {"script":"<script> [1562 bytes]","args":[{"selector":{"id":"addRequestItemBtn","viewName":"etm.portal.ui.managecontracts.view.Detail","interaction":{"idSuffix":"BDI-content"}},"wdio_ui5_key":"addRequestItemBtnetmportal.ui.managecontracts.view.Detail"}]}
RESULT: {"script":"<script> [1562 bytes]","args":[{"selector":{"id":"addRequestItemBtn","viewName":"etm.portal.ui.managecontracts.view.Detail","interaction":{"idSuffix":"BDI-content"}},"wdio_ui5_key":"addRequestItemBtnetmportal.ui.managecontracts.view.Detail"}]}
RESULT: undefined
COMMAND: POST /session/df7e3af810ab6d6da1a176f6e8533552/element - {"using":"xpath","value":"//*[@id=\"__xmlview4--addRequestItemBtn\"]"}
RESULT: {"using":"xpath","value":"//*[@id=\"__xmlview4--addRequestItemBtn\"]"}
COMMAND: POST /session/df7e3af810ab6d6da1a176f6e8533552/element/f.CC9B589A9DA2186238667A9749121406.d.F1FB309626FB77B4ADBD3A1F4F2C6960.e.5674/click - {}
RESULT: {}
COMMAND: GET /session/df7e3af810ab6d6da1a176f6e8533552/screenshot - {}
RESULT: {}
COMMAND: POST /session/df7e3af810ab6d6da1a176f6e8533552/element - {"using":"xpath","value":"//div[contains(@id ,\"popupRequestTable-sa-CbBg\")]"}
RESULT: {"using":"xpath","value":"//div[contains(@id ,\"popupRequestTable-sa-CbBg\")]"}
COMMAND: POST /session/df7e3af810ab6d6da1a176f6e8533552/element/f.CC9B589A9DA2186238667A9749121406.d.F1FB309626FB77B4ADBD3A1F4F2C6960.e.5801/click - {}
RESULT: {}
COMMAND: GET /session/df7e3af810ab6d6da1a176f6e8533552/screenshot - {}
RESULT: {}
COMMAND: POST /session/df7e3af810ab6d6da1a176f6e8533552/execute/async - {"script":"<script> [1562 bytes]","args":[{"selector":{"controlType":"sap.m.Button","viewName":"etm.portal.ui.managecontracts.view.Detail","i18NText":{"propertyName":"text","key":"selectionDone"},"searchOpenDialogs":true,"interaction":{"idSuffix":"content"}},"wdio_ui5_key":"etmportal.ui.managecontracts.view.Detailsap.m.Button{\"propertyName\":\"text\",\"key\":\"selectionDone\"}"}]}
RESULT: {"script":"<script> [1562 bytes]","args":[{"selector":{"controlType":"sap.m.Button","viewName":"etm.portal.ui.managecontracts.view.Detail","i18NText":{"propertyName":"text","key":"selectionDone"},"searchOpenDialogs":true,"interaction":{"idSuffix":"content"}},"wdio_ui5_key":"etmportal.ui.managecontracts.view.Detailsap.m.Button{\"propertyName\":\"text\",\"key\":\"selectionDone\"}"}]}
RESULT: undefined
COMMAND: POST /session/df7e3af810ab6d6da1a176f6e8533552/element - {"using":"xpath","value":"//*[@id=\"__button65\"]"}
RESULT: {"using":"xpath","value":"//*[@id=\"__button65\"]"}
COMMAND: POST /session/df7e3af810ab6d6da1a176f6e8533552/element/f.CC9B589A9DA2186238667A9749121406.d.F1FB309626FB77B4ADBD3A1F4F2C6960.e.5804/click - {}
RESULT: {}
COMMAND: POST /session/df7e3af810ab6d6da1a176f6e8533552/execute/async - {"script":"<script> [1562 bytes]","args":[{"selector":{"controlType":"sap.m.Button","properties":{"text":"OK"},"searchOpenDialogs":true,"interaction":{"idSuffix":"inner"}},"wdio_ui5_key":"sapm.Button{\"text\":\"OK\"}"}]}
COMMAND: GET /session/df7e3af810ab6d6da1a176f6e8533552/screenshot - {}
RESULT: {"script":"<script> [1562 bytes]","args":[{"selector":{"controlType":"sap.m.Button","properties":{"text":"OK"},"searchOpenDialogs":true,"interaction":{"idSuffix":"inner"}},"wdio_ui5_key":"sapm.Button{\"text\":\"OK\"}"}]}
RESULT: undefined
COMMAND: POST /session/df7e3af810ab6d6da1a176f6e8533552/element - {"using":"xpath","value":"//*[@id=\"__mbox-btn-1\"]"}
RESULT: {}
RESULT: {"using":"xpath","value":"//*[@id=\"__mbox-btn-1\"]"}
COMMAND: POST /session/df7e3af810ab6d6da1a176f6e8533552/element/f.CC9B589A9DA2186238667A9749121406.d.F1FB309626FB77B4ADBD3A1F4F2C6960.e.5805/click - {}
RESULT: {}
COMMAND: GET /session/df7e3af810ab6d6da1a176f6e8533552/screenshot - {}
RESULT: {}
COMMAND: POST /session/df7e3af810ab6d6da1a176f6e8533552/element - {"using":"xpath","value":"//div[contains(@id ,\"headerBillingItemsTabFilter-text\")]"}
RESULT: {"using":"xpath","value":"//div[contains(@id ,\"headerBillingItemsTabFilter-text\")]"}
COMMAND: POST /session/df7e3af810ab6d6da1a176f6e8533552/element/f.CC9B589A9DA2186238667A9749121406.d.F1FB309626FB77B4ADBD3A1F4F2C6960.e.5774/click - {}
RESULT: {}
COMMAND: GET /session/df7e3af810ab6d6da1a176f6e8533552/screenshot - {}
RESULT: {}
COMMAND: POST /session/df7e3af810ab6d6da1a176f6e8533552/element - {"using":"xpath","value":"//button[contains(@data-kt ,\"refreshButton\")]"}
RESULT: {"using":"xpath","value":"//button[contains(@data-kt ,\"refreshButton\")]"}
COMMAND: POST /session/df7e3af810ab6d6da1a176f6e8533552/element/f.CC9B589A9DA2186238667A9749121406.d.F1FB309626FB77B4ADBD3A1F4F2C6960.e.5671/click - {}
RESULT: {}
COMMAND: GET /session/df7e3af810ab6d6da1a176f6e8533552/screenshot - {}
RESULT: {}
COMMAND: POST /session/df7e3af810ab6d6da1a176f6e8533552/element - {"using":"xpath","value":"//div[contains(@id ,\"headerBillingItemsTabFilter-text\")]"}
RESULT: {"using":"xpath","value":"//div[contains(@id ,\"headerBillingItemsTabFilter-text\")]"}
COMMAND: POST /session/df7e3af810ab6d6da1a176f6e8533552/element/f.CC9B589A9DA2186238667A9749121406.d.F1FB309626FB77B4ADBD3A1F4F2C6960.e.5774/click - {}
RESULT: {}
COMMAND: GET /session/df7e3af810ab6d6da1a176f6e8533552/screenshot - {}
RESULT: {}
COMMAND: POST /session/df7e3af810ab6d6da1a176f6e8533552/execute/async - {"script":"<script> [1562 bytes]","args":[{"selector":{"id":"contractDetailProvideButton","viewName":"etm.portal.ui.managecontracts.view.Detail","interaction":{"idSuffix":"BDI-content"}},"wdio_ui5_key":"contractDetailProvideButtonetmportal.ui.managecontracts.view.Detail"}]}
RESULT: {"script":"<script> [1562 bytes]","args":[{"selector":{"id":"contractDetailProvideButton","viewName":"etm.portal.ui.managecontracts.view.Detail","interaction":{"idSuffix":"BDI-content"}},"wdio_ui5_key":"contractDetailProvideButtonetmportal.ui.managecontracts.view.Detail"}]}
RESULT: undefined
COMMAND: POST /session/df7e3af810ab6d6da1a176f6e8533552/element - {"using":"xpath","value":"//*[@id=\"__xmlview4--contractDetailProvideButton\"]"}
RESULT: {"using":"xpath","value":"//*[@id=\"__xmlview4--contractDetailProvideButton\"]"}
COMMAND: POST /session/df7e3af810ab6d6da1a176f6e8533552/element/f.CC9B589A9DA2186238667A9749121406.d.F1FB309626FB77B4ADBD3A1F4F2C6960.e.5680/click - {}
RESULT: {}
COMMAND: GET /session/df7e3af810ab6d6da1a176f6e8533552/screenshot - {}
RESULT: {}
COMMAND: POST /session/df7e3af810ab6d6da1a176f6e8533552/execute/async - {"script":"<script> [1562 bytes]","args":[{"selector":{"id":"application-managehandovers-display-component---AddNewHO--pickUpCheckbox","interaction":{"idSuffix":"CbBg"}},"wdio_ui5_key":"applicationmanagehandovers-display-component---AddNewHO--pickUpCheckbox"}]}
RESULT: {"script":"<script> [1562 bytes]","args":[{"selector":{"id":"application-managehandovers-display-component---AddNewHO--pickUpCheckbox","interaction":{"idSuffix":"CbBg"}},"wdio_ui5_key":"applicationmanagehandovers-display-component---AddNewHO--pickUpCheckbox"}]}
RESULT: undefined
COMMAND: POST /session/df7e3af810ab6d6da1a176f6e8533552/element - {"using":"xpath","value":"//*[@id=\"application-managehandovers-display-component---AddNewHO--pickUpCheckbox\"]"}
RESULT: {"using":"xpath","value":"//*[@id=\"application-managehandovers-display-component---AddNewHO--pickUpCheckbox\"]"}
COMMAND: POST /session/df7e3af810ab6d6da1a176f6e8533552/element/f.CC9B589A9DA2186238667A9749121406.d.F1FB309626FB77B4ADBD3A1F4F2C6960.e.5988/click - {}
RESULT: {}
COMMAND: POST /session/df7e3af810ab6d6da1a176f6e8533552/execute/async - {"script":"<script> [1562 bytes]","args":[{"selector":{"id":"application-managehandovers-display-component---AddNewHO--ObjectPageLayout-anchBar-application-managehandovers-display-component---AddNewHO--section4-anchor","interaction":{"idSuffix":"content"}},"wdio_ui5_key":"applicationmanagehandovers-display-component---AddNewHO--ObjectPageLayout-anchBar-application-managehandovers-display-component---AddNewHO--section4-anchor"}]}
COMMAND: GET /session/df7e3af810ab6d6da1a176f6e8533552/screenshot - {}
RESULT: {"script":"<script> [1562 bytes]","args":[{"selector":{"id":"application-managehandovers-display-component---AddNewHO--ObjectPageLayout-anchBar-application-managehandovers-display-component---AddNewHO--section4-anchor","interaction":{"idSuffix":"content"}},"wdio_ui5_key":"applicationmanagehandovers-display-component---AddNewHO--ObjectPageLayout-anchBar-application-managehandovers-display-component---AddNewHO--section4-anchor"}]}
RESULT: undefined
COMMAND: POST /session/df7e3af810ab6d6da1a176f6e8533552/element - {"using":"xpath","value":"//*[@id=\"application-managehandovers-display-component---AddNewHO--ObjectPageLayout-anchBar-application-managehandovers-display-component---AddNewHO--section4-anchor\"]"}
RESULT: {}
RESULT: {"using":"xpath","value":"//*[@id=\"application-managehandovers-display-component---AddNewHO--ObjectPageLayout-anchBar-application-managehandovers-display-component---AddNewHO--section4-anchor\"]"}
COMMAND: POST /session/df7e3af810ab6d6da1a176f6e8533552/element/f.CC9B589A9DA2186238667A9749121406.d.F1FB309626FB77B4ADBD3A1F4F2C6960.e.5990/click - {}
RESULT: {}
COMMAND: POST /session/df7e3af810ab6d6da1a176f6e8533552/execute/async - {"script":"<script> [1562 bytes]","args":[{"selector":{"controlType":"sap.m.Button","viewName":"etm.portal.ui.managehandovers.view.AddNewHO","viewId":"application-managehandovers-display-component---AddNewHO","i18NText":{"propertyName":"tooltip","key":"addItems"},"interaction":{"idSuffix":"inner"}},"wdio_ui5_key":"etmportal.ui.managehandovers.view.AddNewHOsap.m.Button{\"propertyName\":\"tooltip\",\"key\":\"addItems\"}"}]}
COMMAND: GET /session/df7e3af810ab6d6da1a176f6e8533552/screenshot - {}
RESULT: {"script":"<script> [1562 bytes]","args":[{"selector":{"controlType":"sap.m.Button","viewName":"etm.portal.ui.managehandovers.view.AddNewHO","viewId":"application-managehandovers-display-component---AddNewHO","i18NText":{"propertyName":"tooltip","key":"addItems"},"interaction":{"idSuffix":"inner"}},"wdio_ui5_key":"etmportal.ui.managehandovers.view.AddNewHOsap.m.Button{\"propertyName\":\"tooltip\",\"key\":\"addItems\"}"}]}
RESULT: undefined
COMMAND: POST /session/df7e3af810ab6d6da1a176f6e8533552/element - {"using":"xpath","value":"//*[@id=\"__button82\"]"}
RESULT: {}
RESULT: {"using":"xpath","value":"//*[@id=\"__button82\"]"}
COMMAND: POST /session/df7e3af810ab6d6da1a176f6e8533552/element/f.CC9B589A9DA2186238667A9749121406.d.F1FB309626FB77B4ADBD3A1F4F2C6960.e.5994/click - {}
RESULT: {}
COMMAND: POST /session/df7e3af810ab6d6da1a176f6e8533552/execute/async - {"script":"<script> [1562 bytes]","args":[{"selector":{"id":"application-managehandovers-display-component---AddNewHO--smartTableHOPopup-header","searchOpenDialogs":true},"wdio_ui5_key":"applicationmanagehandovers-display-component---AddNewHO--smartTableHOPopup-header"}]}
COMMAND: GET /session/df7e3af810ab6d6da1a176f6e8533552/screenshot - {}
RESULT: {"script":"<script> [1562 bytes]","args":[{"selector":{"id":"application-managehandovers-display-component---AddNewHO--smartTableHOPopup-header","searchOpenDialogs":true},"wdio_ui5_key":"applicationmanagehandovers-display-component---AddNewHO--smartTableHOPopup-header"}]}
RESULT: undefined
COMMAND: POST /session/df7e3af810ab6d6da1a176f6e8533552/execute/async - {"script":"<script> [6424 bytes]","args":[{"element-6066-11e4-a52e-4f735466cecf":"f.CC9B589A9DA2186238667A9749121406.d.F1FB309626FB77B4ADBD3A1F4F2C6960.e.6009"},"getText",[]]}
RESULT: {}
RESULT: {"script":"<script> [6424 bytes]","args":[{"element-6066-11e4-a52e-4f735466cecf":"f.CC9B589A9DA2186238667A9749121406.d.F1FB309626FB77B4ADBD3A1F4F2C6960.e.6009"},"getText",[]]}
COMMAND: POST /session/df7e3af810ab6d6da1a176f6e8533552/actions - {"actions":[{"id":"action43","type":"key","parameters":{},"actions":[{"type":"keyDown","value":"î€Œ"},{"type":"pause","duration":10},{"type":"keyUp","value":"î€Œ"}]}]}
RESULT: {"actions":[{"id":"action43","type":"key","parameters":{},"actions":[{"type":"keyDown","value":"î€Œ"},{"type":"pause","duration":10},{"type":"keyUp","value":"î€Œ"}]}]}
COMMAND: GET /session/df7e3af810ab6d6da1a176f6e8533552/screenshot - {}
RESULT: {}
COMMAND: POST /session/df7e3af810ab6d6da1a176f6e8533552/execute/async - {"script":"<script> [1562 bytes]","args":[{"selector":{"id":"backBtn"},"wdio_ui5_key":"backBtn"}]}
RESULT: {"script":"<script> [1562 bytes]","args":[{"selector":{"id":"backBtn"},"wdio_ui5_key":"backBtn"}]}
RESULT: undefined
COMMAND: POST /session/df7e3af810ab6d6da1a176f6e8533552/element - {"using":"xpath","value":"//*[@id=\"backBtn\"]"}
RESULT: {"using":"xpath","value":"//*[@id=\"backBtn\"]"}
COMMAND: POST /session/df7e3af810ab6d6da1a176f6e8533552/element/f.CC9B589A9DA2186238667A9749121406.d.F1FB309626FB77B4ADBD3A1F4F2C6960.e.6010/click - {}
RESULT: {}
COMMAND: GET /session/df7e3af810ab6d6da1a176f6e8533552/screenshot - {}
RESULT: {}
COMMAND: POST /session/df7e3af810ab6d6da1a176f6e8533552/refresh - {}
RESULT: {}
COMMAND: GET /session/df7e3af810ab6d6da1a176f6e8533552/screenshot - {}
RESULT: {}
COMMAND: POST /session/df7e3af810ab6d6da1a176f6e8533552/execute/async - {"script":"<script> [189 bytes]","args":[]}
RESULT: {"script":"<script> [189 bytes]","args":[]}
COMMAND: POST /session/df7e3af810ab6d6da1a176f6e8533552/execute/async - {"script":"<script> [123 bytes]","args":[]}
RESULT: {"script":"<script> [123 bytes]","args":[]}
COMMAND: POST /session/df7e3af810ab6d6da1a176f6e8533552/timeouts - {"script":"<number>"}
RESULT: {"script":"<number>"}
COMMAND: GET /session/df7e3af810ab6d6da1a176f6e8533552/timeouts - {}
RESULT: {}
RESULT: undefined
COMMAND: POST /session/df7e3af810ab6d6da1a176f6e8533552/execute/async - {"script":"<script> [2676 bytes]","args":[]}
RESULT: {"script":"<script> [2676 bytes]","args":[]}
COMMAND: POST /session/df7e3af810ab6d6da1a176f6e8533552/execute/async - {"script":"<script> [2342 bytes]","args":[{"protocol":"http","hostname":"0.0.0.0","path":"/","capabilities":{"browserName":"chrome","goog:chromeOptions":{"binary":"C:\\Program Files\\Google\\Chrome\\Application\\chrome.exe","args":["--start-maximized"]}},"logLevel":"warn","connectionRetryTimeout":120000,"connectionRetryCount":3,"logLevels":{},"enableDirectConnect":true,"strictSSL":true,"_":"65 more keys: [\"cacheDir\",\"port\",\"requestedCapabilities\",\"automationProtocol\",\"baseUrl\",\"waitforInterval\",\"waitforTimeout\",\"onReload\",\"beforeCommand\",\"afterCommand\",\"rootDir\",\"specs\",\"suites\",\"exclude\",\"groupLogsByTestSpec\",\"excludeDriverLogs\",\"bail\",\"framework\",\"reporters\",\"services\",\"maxInstances\",\"maxInstancesPerCapability\",\"injectGlobals\",\"filesToWatch\",\"execArgv\",\"runnerEnv\",\"runner\",\"shard\",\"specFileRetries\",\"specFileRetriesDelay\",\"specFileRetriesDeferred\",\"reporterSyncInterval\",\"reporterSyncTimeout\",\"cucumberFeaturesWithLineNumbers\",\"autoCompileOpts\",\"mochaOpts\",\"jasmineOpts\",\"cucumberOpts\",\"onPrepare\",\"onWorkerStart\",\"onWorkerEnd\",\"before\",\"beforeSession\",\"beforeSuite\",\"beforeHook\",\"beforeTest\",\"afterTest\",\"afterHook\",\"afterSuite\",\"afterSession\",\"after\",\"onComplete\",\"beforeAssertion\",\"afterAssertion\",\"beforeFeature\",\"beforeScenario\",\"beforeStep\",\"afterStep\",\"afterScenario\",\"afterFeature\",\"_\",\"suite\",\"$0\",\"ignoredWorkerServices\",\"wdi5\"]"}]}
RESULT: {"script":"<script> [2342 bytes]","args":[{"protocol":"http","hostname":"0.0.0.0","path":"/","capabilities":{"browserName":"chrome","goog:chromeOptions":{"binary":"C:\\Program Files\\Google\\Chrome\\Application\\chrome.exe","args":["--start-maximized"]}},"logLevel":"warn","connectionRetryTimeout":120000,"connectionRetryCount":3,"logLevels":{},"enableDirectConnect":true,"strictSSL":true,"_":"65 more keys: [\"cacheDir\",\"port\",\"requestedCapabilities\",\"automationProtocol\",\"baseUrl\",\"waitforInterval\",\"waitforTimeout\",\"onReload\",\"beforeCommand\",\"afterCommand\",\"rootDir\",\"specs\",\"suites\",\"exclude\",\"groupLogsByTestSpec\",\"excludeDriverLogs\",\"bail\",\"framework\",\"reporters\",\"services\",\"maxInstances\",\"maxInstancesPerCapability\",\"injectGlobals\",\"filesToWatch\",\"execArgv\",\"runnerEnv\",\"runner\",\"shard\",\"specFileRetries\",\"specFileRetriesDelay\",\"specFileRetriesDeferred\",\"reporterSyncInterval\",\"reporterSyncTimeout\",\"cucumberFeaturesWithLineNumbers\",\"autoCompileOpts\",\"mochaOpts\",\"jasmineOpts\",\"cucumberOpts\",\"onPrepare\",\"onWorkerStart\",\"onWorkerEnd\",\"before\",\"beforeSession\",\"beforeSuite\",\"beforeHook\",\"beforeTest\",\"afterTest\",\"afterHook\",\"afterSuite\",\"afterSession\",\"after\",\"onComplete\",\"beforeAssertion\",\"afterAssertion\",\"beforeFeature\",\"beforeScenario\",\"beforeStep\",\"afterStep\",\"afterScenario\",\"afterFeature\",\"_\",\"suite\",\"$0\",\"ignoredWorkerServices\",\"wdi5\"]"}]}
COMMAND: POST /session/df7e3af810ab6d6da1a176f6e8533552/execute/async - {"script":"<script> [21126 bytes]","args":[35000]}
RESULT: {"script":"<script> [21126 bytes]","args":[35000]}
COMMAND: POST /session/df7e3af810ab6d6da1a176f6e8533552/element - {"using":"xpath","value":"//div[contains(@id ,\"headerBillingItemsTabFilter-text\")]"}
RESULT: {"using":"xpath","value":"//div[contains(@id ,\"headerBillingItemsTabFilter-text\")]"}
COMMAND: POST /session/df7e3af810ab6d6da1a176f6e8533552/element/f.CC9B589A9DA2186238667A9749121406.d.8006A410AAF9FD65307FABD790725EB6.e.6413/click - {}
RESULT: {}
COMMAND: GET /session/df7e3af810ab6d6da1a176f6e8533552/screenshot - {}
RESULT: {}
COMMAND: POST /session/df7e3af810ab6d6da1a176f6e8533552/execute/async - {"script":"<script> [1562 bytes]","args":[{"selector":{"id":"revertPlanningBtn","viewName":"etm.portal.ui.managecontracts.view.Detail","interaction":{"idSuffix":"BDI-content"}},"wdio_ui5_key":"revertPlanningBtnetmportal.ui.managecontracts.view.Detail"}]}
RESULT: {"script":"<script> [1562 bytes]","args":[{"selector":{"id":"revertPlanningBtn","viewName":"etm.portal.ui.managecontracts.view.Detail","interaction":{"idSuffix":"BDI-content"}},"wdio_ui5_key":"revertPlanningBtnetmportal.ui.managecontracts.view.Detail"}]}
RESULT: undefined
COMMAND: POST /session/df7e3af810ab6d6da1a176f6e8533552/element - {"using":"xpath","value":"//*[@id=\"__xmlview1--revertPlanningBtn\"]"}
RESULT: {"using":"xpath","value":"//*[@id=\"__xmlview1--revertPlanningBtn\"]"}
COMMAND: POST /session/df7e3af810ab6d6da1a176f6e8533552/element/f.CC9B589A9DA2186238667A9749121406.d.8006A410AAF9FD65307FABD790725EB6.e.6418/click - {}
RESULT: {}
COMMAND: GET /session/df7e3af810ab6d6da1a176f6e8533552/screenshot - {}
RESULT: {}
COMMAND: POST /session/df7e3af810ab6d6da1a176f6e8533552/actions - {"actions":[{"id":"action44","type":"key","parameters":{},"actions":[{"type":"keyDown","value":"î€‡"},{"type":"pause","duration":10},{"type":"keyUp","value":"î€‡"}]}]}
RESULT: {"actions":[{"id":"action44","type":"key","parameters":{},"actions":[{"type":"keyDown","value":"î€‡"},{"type":"pause","duration":10},{"type":"keyUp","value":"î€‡"}]}]}
COMMAND: GET /session/df7e3af810ab6d6da1a176f6e8533552/screenshot - {}
RESULT: {}
COMMAND: POST /session/df7e3af810ab6d6da1a176f6e8533552/element - {"using":"xpath","value":"//div[contains(@id ,\"ProductsTable-sa-CbBg\")]"}
RESULT: {"using":"xpath","value":"//div[contains(@id ,\"ProductsTable-sa-CbBg\")]"}
COMMAND: POST /session/df7e3af810ab6d6da1a176f6e8533552/element/f.CC9B589A9DA2186238667A9749121406.d.8006A410AAF9FD65307FABD790725EB6.e.6481/click - {}
RESULT: {}
COMMAND: GET /session/df7e3af810ab6d6da1a176f6e8533552/screenshot - {}
RESULT: {}
COMMAND: POST /session/df7e3af810ab6d6da1a176f6e8533552/execute/async - {"script":"<script> [1562 bytes]","args":[{"selector":{"id":"executeRevertPlanningBtn","viewName":"etm.portal.ui.managecontracts.view.Detail","interaction":{"idSuffix":"BDI-content"}},"wdio_ui5_key":"executeRevertPlanningBtnetmportal.ui.managecontracts.view.Detail"}]}
RESULT: {"script":"<script> [1562 bytes]","args":[{"selector":{"id":"executeRevertPlanningBtn","viewName":"etm.portal.ui.managecontracts.view.Detail","interaction":{"idSuffix":"BDI-content"}},"wdio_ui5_key":"executeRevertPlanningBtnetmportal.ui.managecontracts.view.Detail"}]}
RESULT: undefined
COMMAND: POST /session/df7e3af810ab6d6da1a176f6e8533552/element - {"using":"xpath","value":"//*[@id=\"__xmlview1--executeRevertPlanningBtn\"]"}
RESULT: {"using":"xpath","value":"//*[@id=\"__xmlview1--executeRevertPlanningBtn\"]"}
COMMAND: POST /session/df7e3af810ab6d6da1a176f6e8533552/element/f.CC9B589A9DA2186238667A9749121406.d.8006A410AAF9FD65307FABD790725EB6.e.6472/click - {}
RESULT: {}
COMMAND: GET /session/df7e3af810ab6d6da1a176f6e8533552/screenshot - {}
RESULT: {}
COMMAND: POST /session/df7e3af810ab6d6da1a176f6e8533552/actions - {"actions":[{"id":"action45","type":"key","parameters":{},"actions":[{"type":"keyDown","value":"î€‡"},{"type":"pause","duration":10},{"type":"keyUp","value":"î€‡"}]}]}
RESULT: {"actions":[{"id":"action45","type":"key","parameters":{},"actions":[{"type":"keyDown","value":"î€‡"},{"type":"pause","duration":10},{"type":"keyUp","value":"î€‡"}]}]}
COMMAND: POST /session/df7e3af810ab6d6da1a176f6e8533552/execute/async - {"script":"<script> [1562 bytes]","args":[{"selector":{"id":"backBtn"},"wdio_ui5_key":"backBtn"}]}
COMMAND: GET /session/df7e3af810ab6d6da1a176f6e8533552/screenshot - {}
RESULT: {"script":"<script> [1562 bytes]","args":[{"selector":{"id":"backBtn"},"wdio_ui5_key":"backBtn"}]}
RESULT: undefined
COMMAND: POST /session/df7e3af810ab6d6da1a176f6e8533552/element - {"using":"xpath","value":"//*[@id=\"backBtn\"]"}
RESULT: {}
RESULT: {"using":"xpath","value":"//*[@id=\"backBtn\"]"}
COMMAND: POST /session/df7e3af810ab6d6da1a176f6e8533552/element/f.CC9B589A9DA2186238667A9749121406.d.8006A410AAF9FD65307FABD790725EB6.e.6501/click - {}
RESULT: {}
COMMAND: GET /session/df7e3af810ab6d6da1a176f6e8533552/screenshot - {}
RESULT: {}
COMMAND: POST /session/df7e3af810ab6d6da1a176f6e8533552/refresh - {}
RESULT: {}
COMMAND: GET /session/df7e3af810ab6d6da1a176f6e8533552/screenshot - {}
RESULT: {}
COMMAND: POST /session/df7e3af810ab6d6da1a176f6e8533552/execute/async - {"script":"<script> [189 bytes]","args":[]}
RESULT: {"script":"<script> [189 bytes]","args":[]}
COMMAND: POST /session/df7e3af810ab6d6da1a176f6e8533552/execute/async - {"script":"<script> [123 bytes]","args":[]}
RESULT: {"script":"<script> [123 bytes]","args":[]}
COMMAND: POST /session/df7e3af810ab6d6da1a176f6e8533552/timeouts - {"script":"<number>"}
RESULT: {"script":"<number>"}
COMMAND: GET /session/df7e3af810ab6d6da1a176f6e8533552/timeouts - {}
RESULT: {}
RESULT: undefined
COMMAND: POST /session/df7e3af810ab6d6da1a176f6e8533552/execute/async - {"script":"<script> [2676 bytes]","args":[]}
RESULT: {"script":"<script> [2676 bytes]","args":[]}
COMMAND: POST /session/df7e3af810ab6d6da1a176f6e8533552/execute/async - {"script":"<script> [2342 bytes]","args":[{"protocol":"http","hostname":"0.0.0.0","path":"/","capabilities":{"browserName":"chrome","goog:chromeOptions":{"binary":"C:\\Program Files\\Google\\Chrome\\Application\\chrome.exe","args":["--start-maximized"]}},"logLevel":"warn","connectionRetryTimeout":120000,"connectionRetryCount":3,"logLevels":{},"enableDirectConnect":true,"strictSSL":true,"_":"65 more keys: [\"cacheDir\",\"port\",\"requestedCapabilities\",\"automationProtocol\",\"baseUrl\",\"waitforInterval\",\"waitforTimeout\",\"onReload\",\"beforeCommand\",\"afterCommand\",\"rootDir\",\"specs\",\"suites\",\"exclude\",\"groupLogsByTestSpec\",\"excludeDriverLogs\",\"bail\",\"framework\",\"reporters\",\"services\",\"maxInstances\",\"maxInstancesPerCapability\",\"injectGlobals\",\"filesToWatch\",\"execArgv\",\"runnerEnv\",\"runner\",\"shard\",\"specFileRetries\",\"specFileRetriesDelay\",\"specFileRetriesDeferred\",\"reporterSyncInterval\",\"reporterSyncTimeout\",\"cucumberFeaturesWithLineNumbers\",\"autoCompileOpts\",\"mochaOpts\",\"jasmineOpts\",\"cucumberOpts\",\"onPrepare\",\"onWorkerStart\",\"onWorkerEnd\",\"before\",\"beforeSession\",\"beforeSuite\",\"beforeHook\",\"beforeTest\",\"afterTest\",\"afterHook\",\"afterSuite\",\"afterSession\",\"after\",\"onComplete\",\"beforeAssertion\",\"afterAssertion\",\"beforeFeature\",\"beforeScenario\",\"beforeStep\",\"afterStep\",\"afterScenario\",\"afterFeature\",\"_\",\"suite\",\"$0\",\"ignoredWorkerServices\",\"wdi5\"]"}]}
RESULT: {"script":"<script> [2342 bytes]","args":[{"protocol":"http","hostname":"0.0.0.0","path":"/","capabilities":{"browserName":"chrome","goog:chromeOptions":{"binary":"C:\\Program Files\\Google\\Chrome\\Application\\chrome.exe","args":["--start-maximized"]}},"logLevel":"warn","connectionRetryTimeout":120000,"connectionRetryCount":3,"logLevels":{},"enableDirectConnect":true,"strictSSL":true,"_":"65 more keys: [\"cacheDir\",\"port\",\"requestedCapabilities\",\"automationProtocol\",\"baseUrl\",\"waitforInterval\",\"waitforTimeout\",\"onReload\",\"beforeCommand\",\"afterCommand\",\"rootDir\",\"specs\",\"suites\",\"exclude\",\"groupLogsByTestSpec\",\"excludeDriverLogs\",\"bail\",\"framework\",\"reporters\",\"services\",\"maxInstances\",\"maxInstancesPerCapability\",\"injectGlobals\",\"filesToWatch\",\"execArgv\",\"runnerEnv\",\"runner\",\"shard\",\"specFileRetries\",\"specFileRetriesDelay\",\"specFileRetriesDeferred\",\"reporterSyncInterval\",\"reporterSyncTimeout\",\"cucumberFeaturesWithLineNumbers\",\"autoCompileOpts\",\"mochaOpts\",\"jasmineOpts\",\"cucumberOpts\",\"onPrepare\",\"onWorkerStart\",\"onWorkerEnd\",\"before\",\"beforeSession\",\"beforeSuite\",\"beforeHook\",\"beforeTest\",\"afterTest\",\"afterHook\",\"afterSuite\",\"afterSession\",\"after\",\"onComplete\",\"beforeAssertion\",\"afterAssertion\",\"beforeFeature\",\"beforeScenario\",\"beforeStep\",\"afterStep\",\"afterScenario\",\"afterFeature\",\"_\",\"suite\",\"$0\",\"ignoredWorkerServices\",\"wdi5\"]"}]}
COMMAND: POST /session/df7e3af810ab6d6da1a176f6e8533552/execute/async - {"script":"<script> [21126 bytes]","args":[35000]}
RESULT: {"script":"<script> [21126 bytes]","args":[35000]}
COMMAND: POST /session/df7e3af810ab6d6da1a176f6e8533552/execute/async - {"script":"<script> [1562 bytes]","args":[{"selector":{"controlType":"sap.m.ObjectStatus","viewName":"etm.portal.ui.managerequests.view.Detail","bindingPath":{"path":"/RequestHeaders('20094')","propertyPath":"LINK_TO_STATUS/DESCRIPTION","modelName":"catalogModel"}},"wdio_ui5_key":"etmportal.ui.managerequests.view.Detailsap.m.ObjectStatus{\"path\":\"/RequestHeaders('20094')\",\"propertyPath\":\"LINK_TO_STATUS/DESCRIPTION\",\"modelName\":\"catalogModel\"}"}]}
RESULT: {"script":"<script> [1562 bytes]","args":[{"selector":{"controlType":"sap.m.ObjectStatus","viewName":"etm.portal.ui.managerequests.view.Detail","bindingPath":{"path":"/RequestHeaders('20094')","propertyPath":"LINK_TO_STATUS/DESCRIPTION","modelName":"catalogModel"}},"wdio_ui5_key":"etmportal.ui.managerequests.view.Detailsap.m.ObjectStatus{\"path\":\"/RequestHeaders('20094')\",\"propertyPath\":\"LINK_TO_STATUS/DESCRIPTION\",\"modelName\":\"catalogModel\"}"}]}
RESULT: undefined
COMMAND: POST /session/df7e3af810ab6d6da1a176f6e8533552/execute/async - {"script":"<script> [6424 bytes]","args":[{"element-6066-11e4-a52e-4f735466cecf":"f.CC9B589A9DA2186238667A9749121406.d.B1099BB52B445DADF3AD0307BEBEC3DC.e.6801"},"getText",[]]}
RESULT: {"script":"<script> [6424 bytes]","args":[{"element-6066-11e4-a52e-4f735466cecf":"f.CC9B589A9DA2186238667A9749121406.d.B1099BB52B445DADF3AD0307BEBEC3DC.e.6801"},"getText",[]]}
COMMAND: POST /session/df7e3af810ab6d6da1a176f6e8533552/execute/async - {"script":"<script> [1562 bytes]","args":[{"selector":{"controlType":"sap.m.Button","viewName":"etm.portal.ui.managerequests.view.Detail","bindingPath":{"path":"/SmartRequestItemsPlanningBoard(ITEM=10m,REQUEST='20094')","propertyPath":"PICK_UP"}},"wdio_ui5_key":"etmportal.ui.managerequests.view.Detailsap.m.Button{\"path\":\"/SmartRequestItemsPlanningBoard(ITEM=10m,REQUEST='20094')\",\"propertyPath\":\"PICK_UP\"}"}]}
RESULT: {"script":"<script> [1562 bytes]","args":[{"selector":{"controlType":"sap.m.Button","viewName":"etm.portal.ui.managerequests.view.Detail","bindingPath":{"path":"/SmartRequestItemsPlanningBoard(ITEM=10m,REQUEST='20094')","propertyPath":"PICK_UP"}},"wdio_ui5_key":"etmportal.ui.managerequests.view.Detailsap.m.Button{\"path\":\"/SmartRequestItemsPlanningBoard(ITEM=10m,REQUEST='20094')\",\"propertyPath\":\"PICK_UP\"}"}]}
RESULT: undefined
COMMAND: POST /session/df7e3af810ab6d6da1a176f6e8533552/execute/async - {"script":"<script> [6424 bytes]","args":[{"element-6066-11e4-a52e-4f735466cecf":"f.CC9B589A9DA2186238667A9749121406.d.B1099BB52B445DADF3AD0307BEBEC3DC.e.6802"},"getType",[]]}
RESULT: {"script":"<script> [6424 bytes]","args":[{"element-6066-11e4-a52e-4f735466cecf":"f.CC9B589A9DA2186238667A9749121406.d.B1099BB52B445DADF3AD0307BEBEC3DC.e.6802"},"getType",[]]}
COMMAND: POST /session/df7e3af810ab6d6da1a176f6e8533552/execute/async - {"script":"<script> [1562 bytes]","args":[{"selector":{"controlType":"sap.m.Button","viewName":"etm.portal.ui.managerequests.view.Detail","bindingPath":{"path":"/SmartRequestItemsPlanningBoard(ITEM=20m,REQUEST='20094')","propertyPath":"PICK_UP"}},"wdio_ui5_key":"etmportal.ui.managerequests.view.Detailsap.m.Button{\"path\":\"/SmartRequestItemsPlanningBoard(ITEM=20m,REQUEST='20094')\",\"propertyPath\":\"PICK_UP\"}"}]}
RESULT: {"script":"<script> [1562 bytes]","args":[{"selector":{"controlType":"sap.m.Button","viewName":"etm.portal.ui.managerequests.view.Detail","bindingPath":{"path":"/SmartRequestItemsPlanningBoard(ITEM=20m,REQUEST='20094')","propertyPath":"PICK_UP"}},"wdio_ui5_key":"etmportal.ui.managerequests.view.Detailsap.m.Button{\"path\":\"/SmartRequestItemsPlanningBoard(ITEM=20m,REQUEST='20094')\",\"propertyPath\":\"PICK_UP\"}"}]}
RESULT: undefined
COMMAND: POST /session/df7e3af810ab6d6da1a176f6e8533552/execute/async - {"script":"<script> [6424 bytes]","args":[{"element-6066-11e4-a52e-4f735466cecf":"f.CC9B589A9DA2186238667A9749121406.d.B1099BB52B445DADF3AD0307BEBEC3DC.e.6803"},"getType",[]]}
RESULT: {"script":"<script> [6424 bytes]","args":[{"element-6066-11e4-a52e-4f735466cecf":"f.CC9B589A9DA2186238667A9749121406.d.B1099BB52B445DADF3AD0307BEBEC3DC.e.6803"},"getType",[]]}
COMMAND: POST /session/df7e3af810ab6d6da1a176f6e8533552/element - {"using":"css selector","value":"#shell-header-logo"}
RESULT: {"using":"css selector","value":"#shell-header-logo"}
COMMAND: POST /session/df7e3af810ab6d6da1a176f6e8533552/element/f.CC9B589A9DA2186238667A9749121406.d.B1099BB52B445DADF3AD0307BEBEC3DC.e.6595/click - {}
RESULT: {}
COMMAND: GET /session/df7e3af810ab6d6da1a176f6e8533552/screenshot - {}
RESULT: {}
COMMAND: POST /session/df7e3af810ab6d6da1a176f6e8533552/execute/async - {"script":"<script> [1562 bytes]","args":[{"selector":{"controlType":"sap.m.GenericTile","properties":{"header":"Manage Classifications"}},"wdio_ui5_key":"sapm.GenericTile{\"header\":\"Manage Classifications\"}"}]}
RESULT: {"script":"<script> [1562 bytes]","args":[{"selector":{"controlType":"sap.m.GenericTile","properties":{"header":"Manage Classifications"}},"wdio_ui5_key":"sapm.GenericTile{\"header\":\"Manage Classifications\"}"}]}
RESULT: undefined
COMMAND: POST /session/df7e3af810ab6d6da1a176f6e8533552/element - {"using":"xpath","value":"//*[@id=\"__tile115\"]"}
RESULT: {"using":"xpath","value":"//*[@id=\"__tile115\"]"}
COMMAND: POST /session/df7e3af810ab6d6da1a176f6e8533552/element/f.CC9B589A9DA2186238667A9749121406.d.B1099BB52B445DADF3AD0307BEBEC3DC.e.6817/click - {}
RESULT: {}
COMMAND: GET /session/df7e3af810ab6d6da1a176f6e8533552/screenshot - {}
RESULT: {}
]]></system-out>
    </testcase>
  </testsuite>
  <testsuite timestamp="2025-04-25T15:54:12" time="339.973" tests="4" failures="0" errors="0" skipped="0">
    <properties>
      <property name="specId" value="0" />
      <property name="suiteName" value="Manage requests - requests specifications US141095" />
      <property name="capabilities" value="chrome.135_0_7049_96.windows" />
      <property name="file" value="file:///D:/a/1/s/test/specs/R2C/manage-requests-request-specifications.spec.js" />
    </properties>
    <testcase classname="chrome.135_0_7049_96.windows.Manage_requests_-_requests_specifications_US141095" name="Should create a new classification of type request item" time="40.774">
      <system-out><![CDATA[
COMMAND: POST /session/df7e3af810ab6d6da1a176f6e8533552/execute/async - {"script":"<script> [1562 bytes]","args":[{"selector":{"controlType":"sap.ui.core.Icon","viewName":"etm.portal.ui.manageclassifications.view.Master","viewId":"application-manageclassifications-display-component---classificationMaster","properties":{"src":{"regex":{"source":"add"}}}},"wdio_ui5_key":"etmportal.ui.manageclassifications.view.Mastersap.ui.core.Icon{\"src\":{\"regex\":{\"source\":\"add\"}}}"}]}
RESULT: {"script":"<script> [1562 bytes]","args":[{"selector":{"controlType":"sap.ui.core.Icon","viewName":"etm.portal.ui.manageclassifications.view.Master","viewId":"application-manageclassifications-display-component---classificationMaster","properties":{"src":{"regex":{"source":"add"}}}},"wdio_ui5_key":"etmportal.ui.manageclassifications.view.Mastersap.ui.core.Icon{\"src\":{\"regex\":{\"source\":\"add\"}}}"}]}
RESULT: undefined
COMMAND: POST /session/df7e3af810ab6d6da1a176f6e8533552/element - {"using":"xpath","value":"//*[@id=\"__button27-img\"]"}
RESULT: {"using":"xpath","value":"//*[@id=\"__button27-img\"]"}
COMMAND: POST /session/df7e3af810ab6d6da1a176f6e8533552/element/f.CC9B589A9DA2186238667A9749121406.d.B1099BB52B445DADF3AD0307BEBEC3DC.e.6858/click - {}
RESULT: {}
COMMAND: POST /session/df7e3af810ab6d6da1a176f6e8533552/execute/async - {"script":"<script> [1562 bytes]","args":[{"selector":{"id":"application-manageclassifications-display-component---classificationCreate--classHeaderName","interaction":{"idSuffix":"inner"}},"wdio_ui5_key":"applicationmanageclassifications-display-component---classificationCreate--classHeaderName"}]}
COMMAND: GET /session/df7e3af810ab6d6da1a176f6e8533552/screenshot - {}
RESULT: {"script":"<script> [1562 bytes]","args":[{"selector":{"id":"application-manageclassifications-display-component---classificationCreate--classHeaderName","interaction":{"idSuffix":"inner"}},"wdio_ui5_key":"applicationmanageclassifications-display-component---classificationCreate--classHeaderName"}]}
RESULT: undefined
COMMAND: POST /session/df7e3af810ab6d6da1a176f6e8533552/execute/async - {"script":"<script> [776 bytes]","args":[{"enterText":"WebdriverItemClassac2vl","selector":{"id":"application-manageclassifications-display-component---classificationCreate--classHeaderName","interaction":{"idSuffix":"inner"}},"clearTextFirst":true,"interactionType":"ENTER_TEXT"}]}
RESULT: {}
RESULT: {"script":"<script> [776 bytes]","args":[{"enterText":"WebdriverItemClassac2vl","selector":{"id":"application-manageclassifications-display-component---classificationCreate--classHeaderName","interaction":{"idSuffix":"inner"}},"clearTextFirst":true,"interactionType":"ENTER_TEXT"}]}
COMMAND: POST /session/df7e3af810ab6d6da1a176f6e8533552/execute/async - {"script":"<script> [1562 bytes]","args":[{"selector":{"controlType":"sap.ui.core.Icon","viewName":"etm.portal.ui.manageclassifications.view.Create","viewId":"application-manageclassifications-display-component---classificationCreate","properties":{"src":{"regex":{"source":"slim\\-arrow\\-down"}}}},"wdio_ui5_key":"etmportal.ui.manageclassifications.view.Createsap.ui.core.Icon{\"src\":{\"regex\":{\"source\":\"slim\\\\-arrow\\\\-down\"}}}"}]}
RESULT: {"script":"<script> [1562 bytes]","args":[{"selector":{"controlType":"sap.ui.core.Icon","viewName":"etm.portal.ui.manageclassifications.view.Create","viewId":"application-manageclassifications-display-component---classificationCreate","properties":{"src":{"regex":{"source":"slim\\-arrow\\-down"}}}},"wdio_ui5_key":"etmportal.ui.manageclassifications.view.Createsap.ui.core.Icon{\"src\":{\"regex\":{\"source\":\"slim\\\\-arrow\\\\-down\"}}}"}]}
RESULT: undefined
COMMAND: POST /session/df7e3af810ab6d6da1a176f6e8533552/element - {"using":"xpath","value":"//*[@id=\"__box12-arrow\"]"}
RESULT: {"using":"xpath","value":"//*[@id=\"__box12-arrow\"]"}
COMMAND: POST /session/df7e3af810ab6d6da1a176f6e8533552/element/f.CC9B589A9DA2186238667A9749121406.d.B1099BB52B445DADF3AD0307BEBEC3DC.e.7136/click - {}
RESULT: {}
COMMAND: POST /session/df7e3af810ab6d6da1a176f6e8533552/execute/async - {"script":"<script> [1562 bytes]","args":[{"selector":{"controlType":"sap.m.StandardListItem","viewName":"etm.portal.ui.manageclassifications.view.Create","viewId":"application-manageclassifications-display-component---classificationCreate","properties":{"title":"Request Item Specifications"},"searchOpenDialogs":true,"interaction":{"idSuffix":"titleText"}},"wdio_ui5_key":"etmportal.ui.manageclassifications.view.Createsap.m.StandardListItem{\"title\":\"Request Item Specifications\"}"}]}
COMMAND: GET /session/df7e3af810ab6d6da1a176f6e8533552/screenshot - {}
RESULT: {"script":"<script> [1562 bytes]","args":[{"selector":{"controlType":"sap.m.StandardListItem","viewName":"etm.portal.ui.manageclassifications.view.Create","viewId":"application-manageclassifications-display-component---classificationCreate","properties":{"title":"Request Item Specifications"},"searchOpenDialogs":true,"interaction":{"idSuffix":"titleText"}},"wdio_ui5_key":"etmportal.ui.manageclassifications.view.Createsap.m.StandardListItem{\"title\":\"Request Item Specifications\"}"}]}
RESULT: undefined
COMMAND: POST /session/df7e3af810ab6d6da1a176f6e8533552/element - {"using":"xpath","value":"//*[@id=\"__item85\"]"}
RESULT: {}
RESULT: {"using":"xpath","value":"//*[@id=\"__item85\"]"}
COMMAND: POST /session/df7e3af810ab6d6da1a176f6e8533552/element/f.CC9B589A9DA2186238667A9749121406.d.B1099BB52B445DADF3AD0307BEBEC3DC.e.7187/click - {}
RESULT: {}
COMMAND: POST /session/df7e3af810ab6d6da1a176f6e8533552/execute/async - {"script":"<script> [1562 bytes]","args":[{"selector":{"controlType":"sap.ui.core.Icon","viewName":"etm.portal.ui.manageclassifications.view.Create","viewId":"application-manageclassifications-display-component---classificationCreate","properties":{"src":{"regex":{"source":"add"}}}},"wdio_ui5_key":"etmportal.ui.manageclassifications.view.Createsap.ui.core.Icon{\"src\":{\"regex\":{\"source\":\"add\"}}}"}]}
COMMAND: GET /session/df7e3af810ab6d6da1a176f6e8533552/screenshot - {}
RESULT: {"script":"<script> [1562 bytes]","args":[{"selector":{"controlType":"sap.ui.core.Icon","viewName":"etm.portal.ui.manageclassifications.view.Create","viewId":"application-manageclassifications-display-component---classificationCreate","properties":{"src":{"regex":{"source":"add"}}}},"wdio_ui5_key":"etmportal.ui.manageclassifications.view.Createsap.ui.core.Icon{\"src\":{\"regex\":{\"source\":\"add\"}}}"}]}
RESULT: undefined
COMMAND: POST /session/df7e3af810ab6d6da1a176f6e8533552/element - {"using":"xpath","value":"//*[@id=\"__button32-img\"]"}
RESULT: {}
RESULT: {"using":"xpath","value":"//*[@id=\"__button32-img\"]"}
COMMAND: POST /session/df7e3af810ab6d6da1a176f6e8533552/element/f.CC9B589A9DA2186238667A9749121406.d.B1099BB52B445DADF3AD0307BEBEC3DC.e.7139/click - {}
RESULT: {}
COMMAND: POST /session/df7e3af810ab6d6da1a176f6e8533552/execute/async - {"script":"<script> [1562 bytes]","args":[{"selector":{"controlType":"sap.m.Input","viewName":"etm.portal.ui.manageclassifications.view.Create","viewId":"application-manageclassifications-display-component---classificationCreate","bindingPath":{"path":"/0","propertyPath":"PROPERTY","modelName":"newConfigModel"},"interaction":{"idSuffix":"inner"}},"wdio_ui5_key":"etmportal.ui.manageclassifications.view.Createsap.m.Input{\"path\":\"/0\",\"propertyPath\":\"PROPERTY\",\"modelName\":\"newConfigModel\"}"}]}
COMMAND: GET /session/df7e3af810ab6d6da1a176f6e8533552/screenshot - {}
RESULT: {"script":"<script> [1562 bytes]","args":[{"selector":{"controlType":"sap.m.Input","viewName":"etm.portal.ui.manageclassifications.view.Create","viewId":"application-manageclassifications-display-component---classificationCreate","bindingPath":{"path":"/0","propertyPath":"PROPERTY","modelName":"newConfigModel"},"interaction":{"idSuffix":"inner"}},"wdio_ui5_key":"etmportal.ui.manageclassifications.view.Createsap.m.Input{\"path\":\"/0\",\"propertyPath\":\"PROPERTY\",\"modelName\":\"newConfigModel\"}"}]}
RESULT: undefined
COMMAND: POST /session/df7e3af810ab6d6da1a176f6e8533552/execute/async - {"script":"<script> [776 bytes]","args":[{"enterText":"Color","selector":{"controlType":"sap.m.Input","viewName":"etm.portal.ui.manageclassifications.view.Create","viewId":"application-manageclassifications-display-component---classificationCreate","bindingPath":{"path":"/0","propertyPath":"PROPERTY","modelName":"newConfigModel"},"interaction":{"idSuffix":"inner"}},"clearTextFirst":true,"interactionType":"ENTER_TEXT"}]}
RESULT: {}
RESULT: {"script":"<script> [776 bytes]","args":[{"enterText":"Color","selector":{"controlType":"sap.m.Input","viewName":"etm.portal.ui.manageclassifications.view.Create","viewId":"application-manageclassifications-display-component---classificationCreate","bindingPath":{"path":"/0","propertyPath":"PROPERTY","modelName":"newConfigModel"},"interaction":{"idSuffix":"inner"}},"clearTextFirst":true,"interactionType":"ENTER_TEXT"}]}
COMMAND: POST /session/df7e3af810ab6d6da1a176f6e8533552/execute/async - {"script":"<script> [1562 bytes]","args":[{"selector":{"controlType":"sap.m.Input","viewName":"etm.portal.ui.manageclassifications.view.Create","viewId":"application-manageclassifications-display-component---classificationCreate","bindingPath":{"path":"/0","propertyPath":"DESCRIPTION","modelName":"newConfigModel"},"interaction":{"idSuffix":"inner"}},"wdio_ui5_key":"etmportal.ui.manageclassifications.view.Createsap.m.Input{\"path\":\"/0\",\"propertyPath\":\"DESCRIPTION\",\"modelName\":\"newConfigModel\"}"}]}
RESULT: {"script":"<script> [1562 bytes]","args":[{"selector":{"controlType":"sap.m.Input","viewName":"etm.portal.ui.manageclassifications.view.Create","viewId":"application-manageclassifications-display-component---classificationCreate","bindingPath":{"path":"/0","propertyPath":"DESCRIPTION","modelName":"newConfigModel"},"interaction":{"idSuffix":"inner"}},"wdio_ui5_key":"etmportal.ui.manageclassifications.view.Createsap.m.Input{\"path\":\"/0\",\"propertyPath\":\"DESCRIPTION\",\"modelName\":\"newConfigModel\"}"}]}
RESULT: undefined
COMMAND: POST /session/df7e3af810ab6d6da1a176f6e8533552/execute/async - {"script":"<script> [776 bytes]","args":[{"enterText":"Color","selector":{"controlType":"sap.m.Input","viewName":"etm.portal.ui.manageclassifications.view.Create","viewId":"application-manageclassifications-display-component---classificationCreate","bindingPath":{"path":"/0","propertyPath":"DESCRIPTION","modelName":"newConfigModel"},"interaction":{"idSuffix":"inner"}},"clearTextFirst":true,"interactionType":"ENTER_TEXT"}]}
RESULT: {"script":"<script> [776 bytes]","args":[{"enterText":"Color","selector":{"controlType":"sap.m.Input","viewName":"etm.portal.ui.manageclassifications.view.Create","viewId":"application-manageclassifications-display-component---classificationCreate","bindingPath":{"path":"/0","propertyPath":"DESCRIPTION","modelName":"newConfigModel"},"interaction":{"idSuffix":"inner"}},"clearTextFirst":true,"interactionType":"ENTER_TEXT"}]}
COMMAND: POST /session/df7e3af810ab6d6da1a176f6e8533552/execute/async - {"script":"<script> [1562 bytes]","args":[{"selector":{"controlType":"sap.ui.core.Icon","viewName":"etm.portal.ui.manageclassifications.view.Create","viewId":"application-manageclassifications-display-component---classificationCreate","properties":{"src":{"regex":{"source":"slim\\-arrow\\-down"}}},"ancestor":{"controlType":"sap.m.ComboBox","viewName":"etm.portal.ui.manageclassifications.view.Create","viewId":"application-manageclassifications-display-component---classificationCreate","bindingPath":{"path":"/0","propertyPath":"VALUE_TYPE","modelName":"newConfigModel"}}},"wdio_ui5_key":"etmportal.ui.manageclassifications.view.Createsap.ui.core.Icon{\"src\":{\"regex\":{\"source\":\"slim\\\\-arrow\\\\-down\"}}}{\"controlType\":\"sap.m.ComboBox\",\"viewName\":\"etm.portal.ui.manageclassifications.view.Create\",\"viewId\":\"application-manageclassifications-display-component---classificationCreate\",\"bindingPath\":{\"path\":\"/0\",\"propertyPath\":\"VALUE_TYPE\",\"modelName\":\"newConfigModel\"}}"}]}
RESULT: {"script":"<script> [1562 bytes]","args":[{"selector":{"controlType":"sap.ui.core.Icon","viewName":"etm.portal.ui.manageclassifications.view.Create","viewId":"application-manageclassifications-display-component---classificationCreate","properties":{"src":{"regex":{"source":"slim\\-arrow\\-down"}}},"ancestor":{"controlType":"sap.m.ComboBox","viewName":"etm.portal.ui.manageclassifications.view.Create","viewId":"application-manageclassifications-display-component---classificationCreate","bindingPath":{"path":"/0","propertyPath":"VALUE_TYPE","modelName":"newConfigModel"}}},"wdio_ui5_key":"etmportal.ui.manageclassifications.view.Createsap.ui.core.Icon{\"src\":{\"regex\":{\"source\":\"slim\\\\-arrow\\\\-down\"}}}{\"controlType\":\"sap.m.ComboBox\",\"viewName\":\"etm.portal.ui.manageclassifications.view.Create\",\"viewId\":\"application-manageclassifications-display-component---classificationCreate\",\"bindingPath\":{\"path\":\"/0\",\"propertyPath\":\"VALUE_TYPE\",\"modelName\":\"newConfigModel\"}}"}]}
RESULT: undefined
COMMAND: POST /session/df7e3af810ab6d6da1a176f6e8533552/element - {"using":"xpath","value":"//*[@id=\"__box13-application-manageclassifications-display-component---classificationCreate--configurationList-0-arrow\"]"}
RESULT: {"using":"xpath","value":"//*[@id=\"__box13-application-manageclassifications-display-component---classificationCreate--configurationList-0-arrow\"]"}
COMMAND: POST /session/df7e3af810ab6d6da1a176f6e8533552/element/f.CC9B589A9DA2186238667A9749121406.d.B1099BB52B445DADF3AD0307BEBEC3DC.e.7196/click - {}
RESULT: {}
COMMAND: POST /session/df7e3af810ab6d6da1a176f6e8533552/execute/async - {"script":"<script> [1562 bytes]","args":[{"selector":{"controlType":"sap.m.StandardListItem","viewName":"etm.portal.ui.manageclassifications.view.Create","viewId":"application-manageclassifications-display-component---classificationCreate","properties":{"title":"Dropdown"},"searchOpenDialogs":true,"interaction":{"idSuffix":"titleText"}},"wdio_ui5_key":"etmportal.ui.manageclassifications.view.Createsap.m.StandardListItem{\"title\":\"Dropdown\"}"}]}
COMMAND: GET /session/df7e3af810ab6d6da1a176f6e8533552/screenshot - {}
RESULT: {"script":"<script> [1562 bytes]","args":[{"selector":{"controlType":"sap.m.StandardListItem","viewName":"etm.portal.ui.manageclassifications.view.Create","viewId":"application-manageclassifications-display-component---classificationCreate","properties":{"title":"Dropdown"},"searchOpenDialogs":true,"interaction":{"idSuffix":"titleText"}},"wdio_ui5_key":"etmportal.ui.manageclassifications.view.Createsap.m.StandardListItem{\"title\":\"Dropdown\"}"}]}
RESULT: undefined
COMMAND: POST /session/df7e3af810ab6d6da1a176f6e8533552/element - {"using":"xpath","value":"//*[@id=\"__item93\"]"}
RESULT: {}
RESULT: {"using":"xpath","value":"//*[@id=\"__item93\"]"}
COMMAND: POST /session/df7e3af810ab6d6da1a176f6e8533552/element/f.CC9B589A9DA2186238667A9749121406.d.B1099BB52B445DADF3AD0307BEBEC3DC.e.7198/click - {}
RESULT: {}
COMMAND: POST /session/df7e3af810ab6d6da1a176f6e8533552/execute/async - {"script":"<script> [1562 bytes]","args":[{"selector":{"controlType":"sap.ui.core.Icon","viewName":"etm.portal.ui.manageclassifications.view.Create","viewId":"application-manageclassifications-display-component---classificationCreate","properties":{"src":{"regex":{"source":"crm\\-service\\-manager"}}}},"wdio_ui5_key":"etmportal.ui.manageclassifications.view.Createsap.ui.core.Icon{\"src\":{\"regex\":{\"source\":\"crm\\\\-service\\\\-manager\"}}}"}]}
COMMAND: GET /session/df7e3af810ab6d6da1a176f6e8533552/screenshot - {}
RESULT: {"script":"<script> [1562 bytes]","args":[{"selector":{"controlType":"sap.ui.core.Icon","viewName":"etm.portal.ui.manageclassifications.view.Create","viewId":"application-manageclassifications-display-component---classificationCreate","properties":{"src":{"regex":{"source":"crm\\-service\\-manager"}}}},"wdio_ui5_key":"etmportal.ui.manageclassifications.view.Createsap.ui.core.Icon{\"src\":{\"regex\":{\"source\":\"crm\\\\-service\\\\-manager\"}}}"}]}
RESULT: undefined
COMMAND: POST /session/df7e3af810ab6d6da1a176f6e8533552/element - {"using":"xpath","value":"//*[@id=\"__button34-application-manageclassifications-display-component---classificationCreate--configurationList-0-img\"]"}
RESULT: {}
RESULT: {"using":"xpath","value":"//*[@id=\"__button34-application-manageclassifications-display-component---classificationCreate--configurationList-0-img\"]"}
COMMAND: POST /session/df7e3af810ab6d6da1a176f6e8533552/element/f.CC9B589A9DA2186238667A9749121406.d.B1099BB52B445DADF3AD0307BEBEC3DC.e.7200/click - {}
RESULT: {}
COMMAND: POST /session/df7e3af810ab6d6da1a176f6e8533552/element - {"using":"xpath","value":"//button[@title=\"Add additional value\"]"}
COMMAND: GET /session/df7e3af810ab6d6da1a176f6e8533552/screenshot - {}
RESULT: {"using":"xpath","value":"//button[@title=\"Add additional value\"]"}
COMMAND: POST /session/df7e3af810ab6d6da1a176f6e8533552/element/f.CC9B589A9DA2186238667A9749121406.d.B1099BB52B445DADF3AD0307BEBEC3DC.e.7201/click - {}
RESULT: {}
RESULT: {}
COMMAND: POST /session/df7e3af810ab6d6da1a176f6e8533552/execute/async - {"script":"<script> [1562 bytes]","args":[{"selector":{"controlType":"sap.m.Input","viewName":"etm.portal.ui.manageclassifications.view.Create","viewId":"application-manageclassifications-display-component---classificationCreate","bindingPath":{"path":"/VALUES/0","propertyPath":"VALUE","modelName":"dropdownValuesModel"},"searchOpenDialogs":true,"interaction":{"idSuffix":"inner"}},"wdio_ui5_key":"etmportal.ui.manageclassifications.view.Createsap.m.Input{\"path\":\"/VALUES/0\",\"propertyPath\":\"VALUE\",\"modelName\":\"dropdownValuesModel\"}"}]}
COMMAND: GET /session/df7e3af810ab6d6da1a176f6e8533552/screenshot - {}
RESULT: {"script":"<script> [1562 bytes]","args":[{"selector":{"controlType":"sap.m.Input","viewName":"etm.portal.ui.manageclassifications.view.Create","viewId":"application-manageclassifications-display-component---classificationCreate","bindingPath":{"path":"/VALUES/0","propertyPath":"VALUE","modelName":"dropdownValuesModel"},"searchOpenDialogs":true,"interaction":{"idSuffix":"inner"}},"wdio_ui5_key":"etmportal.ui.manageclassifications.view.Createsap.m.Input{\"path\":\"/VALUES/0\",\"propertyPath\":\"VALUE\",\"modelName\":\"dropdownValuesModel\"}"}]}
RESULT: undefined
COMMAND: POST /session/df7e3af810ab6d6da1a176f6e8533552/execute/async - {"script":"<script> [776 bytes]","args":[{"enterText":"1","selector":{"controlType":"sap.m.Input","viewName":"etm.portal.ui.manageclassifications.view.Create","viewId":"application-manageclassifications-display-component---classificationCreate","bindingPath":{"path":"/VALUES/0","propertyPath":"VALUE","modelName":"dropdownValuesModel"},"searchOpenDialogs":true,"interaction":{"idSuffix":"inner"}},"clearTextFirst":true,"interactionType":"ENTER_TEXT"}]}
RESULT: {}
RESULT: {"script":"<script> [776 bytes]","args":[{"enterText":"1","selector":{"controlType":"sap.m.Input","viewName":"etm.portal.ui.manageclassifications.view.Create","viewId":"application-manageclassifications-display-component---classificationCreate","bindingPath":{"path":"/VALUES/0","propertyPath":"VALUE","modelName":"dropdownValuesModel"},"searchOpenDialogs":true,"interaction":{"idSuffix":"inner"}},"clearTextFirst":true,"interactionType":"ENTER_TEXT"}]}
COMMAND: POST /session/df7e3af810ab6d6da1a176f6e8533552/execute/async - {"script":"<script> [1562 bytes]","args":[{"selector":{"controlType":"sap.m.Input","viewName":"etm.portal.ui.manageclassifications.view.Create","viewId":"application-manageclassifications-display-component---classificationCreate","bindingPath":{"path":"/VALUES/0","propertyPath":"TEXT","modelName":"dropdownValuesModel"},"searchOpenDialogs":true,"interaction":{"idSuffix":"inner"}},"wdio_ui5_key":"etmportal.ui.manageclassifications.view.Createsap.m.Input{\"path\":\"/VALUES/0\",\"propertyPath\":\"TEXT\",\"modelName\":\"dropdownValuesModel\"}"}]}
RESULT: {"script":"<script> [1562 bytes]","args":[{"selector":{"controlType":"sap.m.Input","viewName":"etm.portal.ui.manageclassifications.view.Create","viewId":"application-manageclassifications-display-component---classificationCreate","bindingPath":{"path":"/VALUES/0","propertyPath":"TEXT","modelName":"dropdownValuesModel"},"searchOpenDialogs":true,"interaction":{"idSuffix":"inner"}},"wdio_ui5_key":"etmportal.ui.manageclassifications.view.Createsap.m.Input{\"path\":\"/VALUES/0\",\"propertyPath\":\"TEXT\",\"modelName\":\"dropdownValuesModel\"}"}]}
RESULT: undefined
COMMAND: POST /session/df7e3af810ab6d6da1a176f6e8533552/execute/async - {"script":"<script> [776 bytes]","args":[{"enterText":"blue","selector":{"controlType":"sap.m.Input","viewName":"etm.portal.ui.manageclassifications.view.Create","viewId":"application-manageclassifications-display-component---classificationCreate","bindingPath":{"path":"/VALUES/0","propertyPath":"TEXT","modelName":"dropdownValuesModel"},"searchOpenDialogs":true,"interaction":{"idSuffix":"inner"}},"clearTextFirst":true,"interactionType":"ENTER_TEXT"}]}
RESULT: {"script":"<script> [776 bytes]","args":[{"enterText":"blue","selector":{"controlType":"sap.m.Input","viewName":"etm.portal.ui.manageclassifications.view.Create","viewId":"application-manageclassifications-display-component---classificationCreate","bindingPath":{"path":"/VALUES/0","propertyPath":"TEXT","modelName":"dropdownValuesModel"},"searchOpenDialogs":true,"interaction":{"idSuffix":"inner"}},"clearTextFirst":true,"interactionType":"ENTER_TEXT"}]}
COMMAND: POST /session/df7e3af810ab6d6da1a176f6e8533552/element - {"using":"xpath","value":"//button[@title=\"Add additional value\"]"}
RESULT: {"using":"xpath","value":"//button[@title=\"Add additional value\"]"}
COMMAND: POST /session/df7e3af810ab6d6da1a176f6e8533552/element/f.CC9B589A9DA2186238667A9749121406.d.B1099BB52B445DADF3AD0307BEBEC3DC.e.7201/click - {}
RESULT: {}
COMMAND: POST /session/df7e3af810ab6d6da1a176f6e8533552/execute/async - {"script":"<script> [1562 bytes]","args":[{"selector":{"controlType":"sap.m.Input","viewName":"etm.portal.ui.manageclassifications.view.Create","viewId":"application-manageclassifications-display-component---classificationCreate","bindingPath":{"path":"/VALUES/1","propertyPath":"VALUE","modelName":"dropdownValuesModel"},"searchOpenDialogs":true,"interaction":{"idSuffix":"inner"}},"wdio_ui5_key":"etmportal.ui.manageclassifications.view.Createsap.m.Input{\"path\":\"/VALUES/1\",\"propertyPath\":\"VALUE\",\"modelName\":\"dropdownValuesModel\"}"}]}
COMMAND: GET /session/df7e3af810ab6d6da1a176f6e8533552/screenshot - {}
RESULT: {"script":"<script> [1562 bytes]","args":[{"selector":{"controlType":"sap.m.Input","viewName":"etm.portal.ui.manageclassifications.view.Create","viewId":"application-manageclassifications-display-component---classificationCreate","bindingPath":{"path":"/VALUES/1","propertyPath":"VALUE","modelName":"dropdownValuesModel"},"searchOpenDialogs":true,"interaction":{"idSuffix":"inner"}},"wdio_ui5_key":"etmportal.ui.manageclassifications.view.Createsap.m.Input{\"path\":\"/VALUES/1\",\"propertyPath\":\"VALUE\",\"modelName\":\"dropdownValuesModel\"}"}]}
RESULT: undefined
COMMAND: POST /session/df7e3af810ab6d6da1a176f6e8533552/execute/async - {"script":"<script> [776 bytes]","args":[{"enterText":"2","selector":{"controlType":"sap.m.Input","viewName":"etm.portal.ui.manageclassifications.view.Create","viewId":"application-manageclassifications-display-component---classificationCreate","bindingPath":{"path":"/VALUES/1","propertyPath":"VALUE","modelName":"dropdownValuesModel"},"searchOpenDialogs":true,"interaction":{"idSuffix":"inner"}},"clearTextFirst":true,"interactionType":"ENTER_TEXT"}]}
RESULT: {}
RESULT: {"script":"<script> [776 bytes]","args":[{"enterText":"2","selector":{"controlType":"sap.m.Input","viewName":"etm.portal.ui.manageclassifications.view.Create","viewId":"application-manageclassifications-display-component---classificationCreate","bindingPath":{"path":"/VALUES/1","propertyPath":"VALUE","modelName":"dropdownValuesModel"},"searchOpenDialogs":true,"interaction":{"idSuffix":"inner"}},"clearTextFirst":true,"interactionType":"ENTER_TEXT"}]}
COMMAND: POST /session/df7e3af810ab6d6da1a176f6e8533552/execute/async - {"script":"<script> [1562 bytes]","args":[{"selector":{"controlType":"sap.m.Input","viewName":"etm.portal.ui.manageclassifications.view.Create","viewId":"application-manageclassifications-display-component---classificationCreate","bindingPath":{"path":"/VALUES/1","propertyPath":"TEXT","modelName":"dropdownValuesModel"},"searchOpenDialogs":true,"interaction":{"idSuffix":"inner"}},"wdio_ui5_key":"etmportal.ui.manageclassifications.view.Createsap.m.Input{\"path\":\"/VALUES/1\",\"propertyPath\":\"TEXT\",\"modelName\":\"dropdownValuesModel\"}"}]}
RESULT: {"script":"<script> [1562 bytes]","args":[{"selector":{"controlType":"sap.m.Input","viewName":"etm.portal.ui.manageclassifications.view.Create","viewId":"application-manageclassifications-display-component---classificationCreate","bindingPath":{"path":"/VALUES/1","propertyPath":"TEXT","modelName":"dropdownValuesModel"},"searchOpenDialogs":true,"interaction":{"idSuffix":"inner"}},"wdio_ui5_key":"etmportal.ui.manageclassifications.view.Createsap.m.Input{\"path\":\"/VALUES/1\",\"propertyPath\":\"TEXT\",\"modelName\":\"dropdownValuesModel\"}"}]}
RESULT: undefined
COMMAND: POST /session/df7e3af810ab6d6da1a176f6e8533552/execute/async - {"script":"<script> [776 bytes]","args":[{"enterText":"red","selector":{"controlType":"sap.m.Input","viewName":"etm.portal.ui.manageclassifications.view.Create","viewId":"application-manageclassifications-display-component---classificationCreate","bindingPath":{"path":"/VALUES/1","propertyPath":"TEXT","modelName":"dropdownValuesModel"},"searchOpenDialogs":true,"interaction":{"idSuffix":"inner"}},"clearTextFirst":true,"interactionType":"ENTER_TEXT"}]}
RESULT: {"script":"<script> [776 bytes]","args":[{"enterText":"red","selector":{"controlType":"sap.m.Input","viewName":"etm.portal.ui.manageclassifications.view.Create","viewId":"application-manageclassifications-display-component---classificationCreate","bindingPath":{"path":"/VALUES/1","propertyPath":"TEXT","modelName":"dropdownValuesModel"},"searchOpenDialogs":true,"interaction":{"idSuffix":"inner"}},"clearTextFirst":true,"interactionType":"ENTER_TEXT"}]}
COMMAND: POST /session/df7e3af810ab6d6da1a176f6e8533552/execute/async - {"script":"<script> [1562 bytes]","args":[{"selector":{"controlType":"sap.m.Button","viewName":"etm.portal.ui.manageclassifications.view.Create","viewId":"application-manageclassifications-display-component---classificationCreate","i18NText":{"propertyName":"text","key":"save"},"searchOpenDialogs":true,"interaction":{"idSuffix":"BDI-content"}},"wdio_ui5_key":"etmportal.ui.manageclassifications.view.Createsap.m.Button{\"propertyName\":\"text\",\"key\":\"save\"}"}]}
RESULT: {"script":"<script> [1562 bytes]","args":[{"selector":{"controlType":"sap.m.Button","viewName":"etm.portal.ui.manageclassifications.view.Create","viewId":"application-manageclassifications-display-component---classificationCreate","i18NText":{"propertyName":"text","key":"save"},"searchOpenDialogs":true,"interaction":{"idSuffix":"BDI-content"}},"wdio_ui5_key":"etmportal.ui.manageclassifications.view.Createsap.m.Button{\"propertyName\":\"text\",\"key\":\"save\"}"}]}
RESULT: undefined
COMMAND: POST /session/df7e3af810ab6d6da1a176f6e8533552/element - {"using":"xpath","value":"//*[@id=\"__button44\"]"}
RESULT: {"using":"xpath","value":"//*[@id=\"__button44\"]"}
COMMAND: POST /session/df7e3af810ab6d6da1a176f6e8533552/element/f.CC9B589A9DA2186238667A9749121406.d.B1099BB52B445DADF3AD0307BEBEC3DC.e.7222/click - {}
RESULT: {}
COMMAND: GET /session/df7e3af810ab6d6da1a176f6e8533552/screenshot - {}
RESULT: {}
COMMAND: POST /session/df7e3af810ab6d6da1a176f6e8533552/element - {"using":"xpath","value":"//button[@title=\"Save\"]"}
RESULT: {"using":"xpath","value":"//button[@title=\"Save\"]"}
COMMAND: POST /session/df7e3af810ab6d6da1a176f6e8533552/element/f.CC9B589A9DA2186238667A9749121406.d.B1099BB52B445DADF3AD0307BEBEC3DC.e.7147/click - {}
RESULT: {}
COMMAND: GET /session/df7e3af810ab6d6da1a176f6e8533552/screenshot - {}
RESULT: {}
COMMAND: POST /session/df7e3af810ab6d6da1a176f6e8533552/execute/async - {"script":"<script> [1562 bytes]","args":[{"selector":{"id":"application-manageclassifications-display-component---classificationMaster--smartFilterBar-btnBasicSearch","interaction":{"idSuffix":"I"}},"wdio_ui5_key":"applicationmanageclassifications-display-component---classificationMaster--smartFilterBar-btnBasicSearch"}]}
RESULT: {"script":"<script> [1562 bytes]","args":[{"selector":{"id":"application-manageclassifications-display-component---classificationMaster--smartFilterBar-btnBasicSearch","interaction":{"idSuffix":"I"}},"wdio_ui5_key":"applicationmanageclassifications-display-component---classificationMaster--smartFilterBar-btnBasicSearch"}]}
RESULT: undefined
COMMAND: POST /session/df7e3af810ab6d6da1a176f6e8533552/execute/async - {"script":"<script> [776 bytes]","args":[{"enterText":"WebdriverItemClassac2vl","selector":{"id":"application-manageclassifications-display-component---classificationMaster--smartFilterBar-btnBasicSearch","interaction":{"idSuffix":"I"}},"clearTextFirst":true,"interactionType":"ENTER_TEXT"}]}
RESULT: {"script":"<script> [776 bytes]","args":[{"enterText":"WebdriverItemClassac2vl","selector":{"id":"application-manageclassifications-display-component---classificationMaster--smartFilterBar-btnBasicSearch","interaction":{"idSuffix":"I"}},"clearTextFirst":true,"interactionType":"ENTER_TEXT"}]}
COMMAND: POST /session/df7e3af810ab6d6da1a176f6e8533552/actions - {"actions":[{"id":"action46","type":"key","parameters":{},"actions":[{"type":"keyDown","value":"î€‡"},{"type":"pause","duration":10},{"type":"keyUp","value":"î€‡"}]}]}
RESULT: {"actions":[{"id":"action46","type":"key","parameters":{},"actions":[{"type":"keyDown","value":"î€‡"},{"type":"pause","duration":10},{"type":"keyUp","value":"î€‡"}]}]}
COMMAND: POST /session/df7e3af810ab6d6da1a176f6e8533552/execute/async - {"script":"<script> [1562 bytes]","args":[{"selector":{"id":"application-manageclassifications-display-component---classificationMaster--smartTable-header"},"wdio_ui5_key":"applicationmanageclassifications-display-component---classificationMaster--smartTable-header"}]}
COMMAND: GET /session/df7e3af810ab6d6da1a176f6e8533552/screenshot - {}
RESULT: {"script":"<script> [1562 bytes]","args":[{"selector":{"id":"application-manageclassifications-display-component---classificationMaster--smartTable-header"},"wdio_ui5_key":"applicationmanageclassifications-display-component---classificationMaster--smartTable-header"}]}
RESULT: undefined
COMMAND: POST /session/df7e3af810ab6d6da1a176f6e8533552/execute/async - {"script":"<script> [6424 bytes]","args":[{"element-6066-11e4-a52e-4f735466cecf":"f.CC9B589A9DA2186238667A9749121406.d.B1099BB52B445DADF3AD0307BEBEC3DC.e.7390"},"getText",[]]}
RESULT: {}
RESULT: {"script":"<script> [6424 bytes]","args":[{"element-6066-11e4-a52e-4f735466cecf":"f.CC9B589A9DA2186238667A9749121406.d.B1099BB52B445DADF3AD0307BEBEC3DC.e.7390"},"getText",[]]}
COMMAND: POST /session/df7e3af810ab6d6da1a176f6e8533552/element - {"using":"css selector","value":"#shell-header-logo"}
RESULT: {"using":"css selector","value":"#shell-header-logo"}
COMMAND: POST /session/df7e3af810ab6d6da1a176f6e8533552/element/f.CC9B589A9DA2186238667A9749121406.d.B1099BB52B445DADF3AD0307BEBEC3DC.e.6830/click - {}
RESULT: {}
COMMAND: GET /session/df7e3af810ab6d6da1a176f6e8533552/screenshot - {}
RESULT: {}
]]></system-out>
    </testcase>
    <testcase classname="chrome.135_0_7049_96.windows.Manage_requests_-_requests_specifications_US141095" name="Should create a new section and a catalog item" time="115.293">
      <system-out><![CDATA[
COMMAND: POST /session/df7e3af810ab6d6da1a176f6e8533552/execute/async - {"script":"<script> [1562 bytes]","args":[{"selector":{"controlType":"sap.m.GenericTile","properties":{"header":"Manage Catalogs"}},"wdio_ui5_key":"sapm.GenericTile{\"header\":\"Manage Catalogs\"}"}]}
RESULT: {"script":"<script> [1562 bytes]","args":[{"selector":{"controlType":"sap.m.GenericTile","properties":{"header":"Manage Catalogs"}},"wdio_ui5_key":"sapm.GenericTile{\"header\":\"Manage Catalogs\"}"}]}
RESULT: undefined
COMMAND: POST /session/df7e3af810ab6d6da1a176f6e8533552/element - {"using":"xpath","value":"//*[@id=\"__tile37\"]"}
RESULT: {"using":"xpath","value":"//*[@id=\"__tile37\"]"}
COMMAND: POST /session/df7e3af810ab6d6da1a176f6e8533552/element/f.CC9B589A9DA2186238667A9749121406.d.B1099BB52B445DADF3AD0307BEBEC3DC.e.7394/click - {}
RESULT: {}
COMMAND: GET /session/df7e3af810ab6d6da1a176f6e8533552/screenshot - {}
RESULT: {}
COMMAND: POST /session/df7e3af810ab6d6da1a176f6e8533552/execute/async - {"script":"<script> [1562 bytes]","args":[{"selector":{"controlType":"sap.m.Text","viewName":"etm.portal.ui.managecatalogs.view.MasterCatalogs","viewId":"application-managecatalogs-display-component---masterCatalogs","bindingPath":{"path":"/Catalogs('0D7502D073D53A0F1700BE067B89AFF9')","propertyPath":"DESCRIPTION","modelName":"catalogModel"}},"wdio_ui5_key":"etmportal.ui.managecatalogs.view.MasterCatalogssap.m.Text{\"path\":\"/Catalogs('0D7502D073D53A0F1700BE067B89AFF9')\",\"propertyPath\":\"DESCRIPTION\",\"modelName\":\"catalogModel\"}"}]}
RESULT: {"script":"<script> [1562 bytes]","args":[{"selector":{"controlType":"sap.m.Text","viewName":"etm.portal.ui.managecatalogs.view.MasterCatalogs","viewId":"application-managecatalogs-display-component---masterCatalogs","bindingPath":{"path":"/Catalogs('0D7502D073D53A0F1700BE067B89AFF9')","propertyPath":"DESCRIPTION","modelName":"catalogModel"}},"wdio_ui5_key":"etmportal.ui.managecatalogs.view.MasterCatalogssap.m.Text{\"path\":\"/Catalogs('0D7502D073D53A0F1700BE067B89AFF9')\",\"propertyPath\":\"DESCRIPTION\",\"modelName\":\"catalogModel\"}"}]}
RESULT: undefined
COMMAND: POST /session/df7e3af810ab6d6da1a176f6e8533552/element - {"using":"xpath","value":"//*[@id=\"__text434-application-managecatalogs-display-component---masterCatalogs--CatalogsTable-11\"]"}
RESULT: {"using":"xpath","value":"//*[@id=\"__text434-application-managecatalogs-display-component---masterCatalogs--CatalogsTable-11\"]"}
COMMAND: POST /session/df7e3af810ab6d6da1a176f6e8533552/element/f.CC9B589A9DA2186238667A9749121406.d.B1099BB52B445DADF3AD0307BEBEC3DC.e.7463/click - {}
RESULT: {}
COMMAND: POST /session/df7e3af810ab6d6da1a176f6e8533552/execute/async - {"script":"<script> [1562 bytes]","args":[{"selector":{"controlType":"sap.ui.layout.HorizontalLayout","viewName":"etm.portal.ui.managecatalogs.view.MasterItems","viewId":"application-managecatalogs-display-component---masterCatalogItems","ancestor":{"id":"application-managecatalogs-display-component---masterCatalogItems--idCatalogItemsTree-rows-row0"}},"wdio_ui5_key":"etmportal.ui.managecatalogs.view.MasterItemssap.ui.layout.HorizontalLayout{\"id\":\"application-managecatalogs-display-component---masterCatalogItems--idCatalogItemsTree-rows-row0\"}"}]}
COMMAND: GET /session/df7e3af810ab6d6da1a176f6e8533552/screenshot - {}
RESULT: {"script":"<script> [1562 bytes]","args":[{"selector":{"controlType":"sap.ui.layout.HorizontalLayout","viewName":"etm.portal.ui.managecatalogs.view.MasterItems","viewId":"application-managecatalogs-display-component---masterCatalogItems","ancestor":{"id":"application-managecatalogs-display-component---masterCatalogItems--idCatalogItemsTree-rows-row0"}},"wdio_ui5_key":"etmportal.ui.managecatalogs.view.MasterItemssap.ui.layout.HorizontalLayout{\"id\":\"application-managecatalogs-display-component---masterCatalogItems--idCatalogItemsTree-rows-row0\"}"}]}
RESULT: undefined
COMMAND: POST /session/df7e3af810ab6d6da1a176f6e8533552/element - {"using":"xpath","value":"//*[@id=\"__layout40-__clone396\"]"}
RESULT: {}
RESULT: {"using":"xpath","value":"//*[@id=\"__layout40-__clone396\"]"}
COMMAND: POST /session/df7e3af810ab6d6da1a176f6e8533552/element/f.CC9B589A9DA2186238667A9749121406.d.B1099BB52B445DADF3AD0307BEBEC3DC.e.7474/click - {}
RESULT: {}
COMMAND: GET /session/df7e3af810ab6d6da1a176f6e8533552/screenshot - {}
RESULT: {}
COMMAND: POST /session/df7e3af810ab6d6da1a176f6e8533552/execute/async - {"script":"<script> [1562 bytes]","args":[{"selector":{"controlType":"sap.m.Button","viewName":"etm.portal.ui.managecatalogs.view.Detail","viewId":"application-managecatalogs-display-component---detailCatalog","i18NText":{"propertyName":"text","key":"edit"},"interaction":{"idSuffix":"BDI-content"}},"wdio_ui5_key":"etmportal.ui.managecatalogs.view.Detailsap.m.Button{\"propertyName\":\"text\",\"key\":\"edit\"}"}]}
RESULT: {"script":"<script> [1562 bytes]","args":[{"selector":{"controlType":"sap.m.Button","viewName":"etm.portal.ui.managecatalogs.view.Detail","viewId":"application-managecatalogs-display-component---detailCatalog","i18NText":{"propertyName":"text","key":"edit"},"interaction":{"idSuffix":"BDI-content"}},"wdio_ui5_key":"etmportal.ui.managecatalogs.view.Detailsap.m.Button{\"propertyName\":\"text\",\"key\":\"edit\"}"}]}
RESULT: undefined
COMMAND: POST /session/df7e3af810ab6d6da1a176f6e8533552/element - {"using":"xpath","value":"//*[@id=\"__button88\"]"}
RESULT: {"using":"xpath","value":"//*[@id=\"__button88\"]"}
COMMAND: POST /session/df7e3af810ab6d6da1a176f6e8533552/element/f.CC9B589A9DA2186238667A9749121406.d.B1099BB52B445DADF3AD0307BEBEC3DC.e.7564/click - {}
RESULT: {}
COMMAND: GET /session/df7e3af810ab6d6da1a176f6e8533552/screenshot - {}
RESULT: {}
COMMAND: POST /session/df7e3af810ab6d6da1a176f6e8533552/element - {"using":"xpath","value":"//bdi[contains(text(), \"Unlock\")]"}
RESULT: {"using":"xpath","value":"//bdi[contains(text(), \"Unlock\")]"}
COMMAND: POST /session/df7e3af810ab6d6da1a176f6e8533552/elements - {"using":"xpath","value":"//bdi[contains(text(), \"Unlock\")]"}
RESULT: {"using":"xpath","value":"//bdi[contains(text(), \"Unlock\")]"}
COMMAND: POST /session/df7e3af810ab6d6da1a176f6e8533552/execute/async - {"script":"<script> [1562 bytes]","args":[{"selector":{"controlType":"sap.ui.core.Icon","viewName":"etm.portal.ui.managecatalogs.view.Detail","viewId":"application-managecatalogs-display-component---detailCatalog","properties":{"src":{"regex":{"source":"add\\-folder"}}}},"wdio_ui5_key":"etmportal.ui.managecatalogs.view.Detailsap.ui.core.Icon{\"src\":{\"regex\":{\"source\":\"add\\\\-folder\"}}}"}]}
RESULT: {"script":"<script> [1562 bytes]","args":[{"selector":{"controlType":"sap.ui.core.Icon","viewName":"etm.portal.ui.managecatalogs.view.Detail","viewId":"application-managecatalogs-display-component---detailCatalog","properties":{"src":{"regex":{"source":"add\\-folder"}}}},"wdio_ui5_key":"etmportal.ui.managecatalogs.view.Detailsap.ui.core.Icon{\"src\":{\"regex\":{\"source\":\"add\\\\-folder\"}}}"}]}
RESULT: undefined
COMMAND: POST /session/df7e3af810ab6d6da1a176f6e8533552/element - {"using":"xpath","value":"//*[@id=\"__button96-img\"]"}
RESULT: {"using":"xpath","value":"//*[@id=\"__button96-img\"]"}
COMMAND: POST /session/df7e3af810ab6d6da1a176f6e8533552/element/f.CC9B589A9DA2186238667A9749121406.d.B1099BB52B445DADF3AD0307BEBEC3DC.e.7572/click - {}
RESULT: {}
COMMAND: GET /session/df7e3af810ab6d6da1a176f6e8533552/screenshot - {}
RESULT: {}
COMMAND: POST /session/df7e3af810ab6d6da1a176f6e8533552/execute/async - {"script":"<script> [1562 bytes]","args":[{"selector":{"id":"application-managecatalogs-display-component---detailCatalog--numberInput","searchOpenDialogs":true,"interaction":{"idSuffix":"inner"}},"wdio_ui5_key":"applicationmanagecatalogs-display-component---detailCatalog--numberInput"}]}
RESULT: {"script":"<script> [1562 bytes]","args":[{"selector":{"id":"application-managecatalogs-display-component---detailCatalog--numberInput","searchOpenDialogs":true,"interaction":{"idSuffix":"inner"}},"wdio_ui5_key":"applicationmanagecatalogs-display-component---detailCatalog--numberInput"}]}
RESULT: undefined
COMMAND: POST /session/df7e3af810ab6d6da1a176f6e8533552/execute/async - {"script":"<script> [776 bytes]","args":[{"enterText":"Sectione57bh","selector":{"id":"application-managecatalogs-display-component---detailCatalog--numberInput","searchOpenDialogs":true,"interaction":{"idSuffix":"inner"}},"clearTextFirst":true,"interactionType":"ENTER_TEXT"}]}
RESULT: {"script":"<script> [776 bytes]","args":[{"enterText":"Sectione57bh","selector":{"id":"application-managecatalogs-display-component---detailCatalog--numberInput","searchOpenDialogs":true,"interaction":{"idSuffix":"inner"}},"clearTextFirst":true,"interactionType":"ENTER_TEXT"}]}
COMMAND: POST /session/df7e3af810ab6d6da1a176f6e8533552/element - {"using":"css selector","value":"#application-managecatalogs-display-component---detailCatalog--nameInput-inner"}
RESULT: {"using":"css selector","value":"#application-managecatalogs-display-component---detailCatalog--nameInput-inner"}
COMMAND: POST /session/df7e3af810ab6d6da1a176f6e8533552/elements - {"using":"css selector","value":"#application-managecatalogs-display-component---detailCatalog--nameInput-inner"}
RESULT: {"using":"css selector","value":"#application-managecatalogs-display-component---detailCatalog--nameInput-inner"}
COMMAND: POST /session/df7e3af810ab6d6da1a176f6e8533552/element/f.CC9B589A9DA2186238667A9749121406.d.B1099BB52B445DADF3AD0307BEBEC3DC.e.7576/clear - {}
RESULT: {}
COMMAND: POST /session/df7e3af810ab6d6da1a176f6e8533552/element/f.CC9B589A9DA2186238667A9749121406.d.B1099BB52B445DADF3AD0307BEBEC3DC.e.7576/value - {"text":"Webdriver46jjn"}
COMMAND: GET /session/df7e3af810ab6d6da1a176f6e8533552/screenshot - {}
RESULT: {"text":"Webdriver46jjn"}
COMMAND: POST /session/df7e3af810ab6d6da1a176f6e8533552/execute/async - {"script":"<script> [1562 bytes]","args":[{"selector":{"controlType":"sap.m.Button","viewName":"etm.portal.ui.managecatalogs.view.Detail","viewId":"application-managecatalogs-display-component---detailCatalog","i18NText":{"propertyName":"text","key":"create"},"searchOpenDialogs":true,"interaction":{"idSuffix":"BDI-content"}},"wdio_ui5_key":"etmportal.ui.managecatalogs.view.Detailsap.m.Button{\"propertyName\":\"text\",\"key\":\"create\"}"}]}
COMMAND: GET /session/df7e3af810ab6d6da1a176f6e8533552/screenshot - {}
RESULT: {}
RESULT: {"script":"<script> [1562 bytes]","args":[{"selector":{"controlType":"sap.m.Button","viewName":"etm.portal.ui.managecatalogs.view.Detail","viewId":"application-managecatalogs-display-component---detailCatalog","i18NText":{"propertyName":"text","key":"create"},"searchOpenDialogs":true,"interaction":{"idSuffix":"BDI-content"}},"wdio_ui5_key":"etmportal.ui.managecatalogs.view.Detailsap.m.Button{\"propertyName\":\"text\",\"key\":\"create\"}"}]}
RESULT: undefined
COMMAND: POST /session/df7e3af810ab6d6da1a176f6e8533552/element - {"using":"xpath","value":"//*[@id=\"__button66\"]"}
RESULT: {}
RESULT: {"using":"xpath","value":"//*[@id=\"__button66\"]"}
COMMAND: POST /session/df7e3af810ab6d6da1a176f6e8533552/element/f.CC9B589A9DA2186238667A9749121406.d.B1099BB52B445DADF3AD0307BEBEC3DC.e.7581/click - {}
RESULT: {}
COMMAND: GET /session/df7e3af810ab6d6da1a176f6e8533552/screenshot - {}
RESULT: {}
COMMAND: POST /session/df7e3af810ab6d6da1a176f6e8533552/element - {"using":"xpath","value":"//button[@title=\"Save\"]"}
RESULT: {"using":"xpath","value":"//button[@title=\"Save\"]"}
COMMAND: POST /session/df7e3af810ab6d6da1a176f6e8533552/element/f.CC9B589A9DA2186238667A9749121406.d.B1099BB52B445DADF3AD0307BEBEC3DC.e.7582/click - {}
RESULT: {}
COMMAND: POST /session/df7e3af810ab6d6da1a176f6e8533552/execute/async - {"script":"<script> [1562 bytes]","args":[{"selector":{"controlType":"sap.ui.core.Icon","viewName":"etm.portal.ui.managecatalogs.view.Detail","viewId":"application-managecatalogs-display-component---detailCatalog","properties":{"src":{"regex":{"source":"decline"}}}},"wdio_ui5_key":"etmportal.ui.managecatalogs.view.Detailsap.ui.core.Icon{\"src\":{\"regex\":{\"source\":\"decline\"}}}"}]}
COMMAND: GET /session/df7e3af810ab6d6da1a176f6e8533552/screenshot - {}
RESULT: {"script":"<script> [1562 bytes]","args":[{"selector":{"controlType":"sap.ui.core.Icon","viewName":"etm.portal.ui.managecatalogs.view.Detail","viewId":"application-managecatalogs-display-component---detailCatalog","properties":{"src":{"regex":{"source":"decline"}}}},"wdio_ui5_key":"etmportal.ui.managecatalogs.view.Detailsap.ui.core.Icon{\"src\":{\"regex\":{\"source\":\"decline\"}}}"}]}
RESULT: undefined
COMMAND: POST /session/df7e3af810ab6d6da1a176f6e8533552/element - {"using":"xpath","value":"//*[@id=\"__button91-img\"]"}
RESULT: {}
RESULT: {"using":"xpath","value":"//*[@id=\"__button91-img\"]"}
COMMAND: POST /session/df7e3af810ab6d6da1a176f6e8533552/element/f.CC9B589A9DA2186238667A9749121406.d.B1099BB52B445DADF3AD0307BEBEC3DC.e.7588/click - {}
RESULT: {}
COMMAND: GET /session/df7e3af810ab6d6da1a176f6e8533552/screenshot - {}
RESULT: {}
COMMAND: POST /session/df7e3af810ab6d6da1a176f6e8533552/execute/async - {"script":"<script> [1562 bytes]","args":[{"selector":{"controlType":"sap.ui.core.Icon","viewName":"etm.portal.ui.managecatalogs.view.MasterItems","viewId":"application-managecatalogs-display-component---masterCatalogItems","properties":{"src":{"regex":{"source":"refresh"}}}},"wdio_ui5_key":"etmportal.ui.managecatalogs.view.MasterItemssap.ui.core.Icon{\"src\":{\"regex\":{\"source\":\"refresh\"}}}"}]}
RESULT: {"script":"<script> [1562 bytes]","args":[{"selector":{"controlType":"sap.ui.core.Icon","viewName":"etm.portal.ui.managecatalogs.view.MasterItems","viewId":"application-managecatalogs-display-component---masterCatalogItems","properties":{"src":{"regex":{"source":"refresh"}}}},"wdio_ui5_key":"etmportal.ui.managecatalogs.view.MasterItemssap.ui.core.Icon{\"src\":{\"regex\":{\"source\":\"refresh\"}}}"}]}
RESULT: undefined
COMMAND: POST /session/df7e3af810ab6d6da1a176f6e8533552/element - {"using":"xpath","value":"//*[@id=\"__button64-img\"]"}
RESULT: {"using":"xpath","value":"//*[@id=\"__button64-img\"]"}
COMMAND: POST /session/df7e3af810ab6d6da1a176f6e8533552/element/f.CC9B589A9DA2186238667A9749121406.d.B1099BB52B445DADF3AD0307BEBEC3DC.e.7623/click - {}
RESULT: {}
COMMAND: POST /session/df7e3af810ab6d6da1a176f6e8533552/execute/async - {"script":"<script> [1562 bytes]","args":[{"selector":{"id":"application-managecatalogs-display-component---masterCatalogItems--searchItemsField","interaction":{"idSuffix":"I"}},"wdio_ui5_key":"applicationmanagecatalogs-display-component---masterCatalogItems--searchItemsField"}]}
COMMAND: GET /session/df7e3af810ab6d6da1a176f6e8533552/screenshot - {}
RESULT: {"script":"<script> [1562 bytes]","args":[{"selector":{"id":"application-managecatalogs-display-component---masterCatalogItems--searchItemsField","interaction":{"idSuffix":"I"}},"wdio_ui5_key":"applicationmanagecatalogs-display-component---masterCatalogItems--searchItemsField"}]}
RESULT: undefined
COMMAND: POST /session/df7e3af810ab6d6da1a176f6e8533552/execute/async - {"script":"<script> [776 bytes]","args":[{"enterText":"Webdriver46jjn","selector":{"id":"application-managecatalogs-display-component---masterCatalogItems--searchItemsField","interaction":{"idSuffix":"I"}},"clearTextFirst":true,"interactionType":"ENTER_TEXT"}]}
RESULT: {}
RESULT: {"script":"<script> [776 bytes]","args":[{"enterText":"Webdriver46jjn","selector":{"id":"application-managecatalogs-display-component---masterCatalogItems--searchItemsField","interaction":{"idSuffix":"I"}},"clearTextFirst":true,"interactionType":"ENTER_TEXT"}]}
COMMAND: POST /session/df7e3af810ab6d6da1a176f6e8533552/actions - {"actions":[{"id":"action47","type":"key","parameters":{},"actions":[{"type":"keyDown","value":"î€‡"},{"type":"pause","duration":10},{"type":"keyUp","value":"î€‡"}]}]}
RESULT: {"actions":[{"id":"action47","type":"key","parameters":{},"actions":[{"type":"keyDown","value":"î€‡"},{"type":"pause","duration":10},{"type":"keyUp","value":"î€‡"}]}]}
COMMAND: POST /session/df7e3af810ab6d6da1a176f6e8533552/element - {"using":"xpath","value":"(//span[contains(text(), \"Webdriver46jjn\")])[1]"}
COMMAND: GET /session/df7e3af810ab6d6da1a176f6e8533552/screenshot - {}
RESULT: {"using":"xpath","value":"(//span[contains(text(), \"Webdriver46jjn\")])[1]"}
COMMAND: POST /session/df7e3af810ab6d6da1a176f6e8533552/element/f.CC9B589A9DA2186238667A9749121406.d.B1099BB52B445DADF3AD0307BEBEC3DC.e.7626/click - {}
RESULT: {}
RESULT: {}
COMMAND: GET /session/df7e3af810ab6d6da1a176f6e8533552/screenshot - {}
RESULT: {}
RESULT: undefined
COMMAND: POST /session/df7e3af810ab6d6da1a176f6e8533552/element - {"using":"xpath","value":"//*[@id=\"__button88\"]"}
RESULT: {"using":"xpath","value":"//*[@id=\"__button88\"]"}
COMMAND: POST /session/df7e3af810ab6d6da1a176f6e8533552/element/f.CC9B589A9DA2186238667A9749121406.d.B1099BB52B445DADF3AD0307BEBEC3DC.e.7663/click - {}
RESULT: {}
COMMAND: GET /session/df7e3af810ab6d6da1a176f6e8533552/screenshot - {}
RESULT: {}
RESULT: undefined
COMMAND: POST /session/df7e3af810ab6d6da1a176f6e8533552/element - {"using":"xpath","value":"//*[@id=\"__button96-img\"]"}
RESULT: {"using":"xpath","value":"//*[@id=\"__button96-img\"]"}
COMMAND: POST /session/df7e3af810ab6d6da1a176f6e8533552/element/f.CC9B589A9DA2186238667A9749121406.d.B1099BB52B445DADF3AD0307BEBEC3DC.e.7714/click - {}
RESULT: {}
COMMAND: GET /session/df7e3af810ab6d6da1a176f6e8533552/screenshot - {}
RESULT: {}
RESULT: undefined
COMMAND: POST /session/df7e3af810ab6d6da1a176f6e8533552/execute/async - {"script":"<script> [776 bytes]","args":[{"enterText":"SecondSection9fsfs","selector":{"id":"application-managecatalogs-display-component---detailCatalog--numberInput","searchOpenDialogs":true,"interaction":{"idSuffix":"inner"}},"clearTextFirst":true,"interactionType":"ENTER_TEXT"}]}
RESULT: {"script":"<script> [776 bytes]","args":[{"enterText":"SecondSection9fsfs","selector":{"id":"application-managecatalogs-display-component---detailCatalog--numberInput","searchOpenDialogs":true,"interaction":{"idSuffix":"inner"}},"clearTextFirst":true,"interactionType":"ENTER_TEXT"}]}
COMMAND: POST /session/df7e3af810ab6d6da1a176f6e8533552/element - {"using":"xpath","value":"//input[contains(@id ,\"application-managecatalogs-display-component---detailCatalog--nameInput-inner\")]"}
RESULT: {"using":"xpath","value":"//input[contains(@id ,\"application-managecatalogs-display-component---detailCatalog--nameInput-inner\")]"}
COMMAND: POST /session/df7e3af810ab6d6da1a176f6e8533552/elements - {"using":"xpath","value":"//input[contains(@id ,\"application-managecatalogs-display-component---detailCatalog--nameInput-inner\")]"}
RESULT: {"using":"xpath","value":"//input[contains(@id ,\"application-managecatalogs-display-component---detailCatalog--nameInput-inner\")]"}
COMMAND: POST /session/df7e3af810ab6d6da1a176f6e8533552/element/f.CC9B589A9DA2186238667A9749121406.d.B1099BB52B445DADF3AD0307BEBEC3DC.e.7717/clear - {}
RESULT: {}
COMMAND: POST /session/df7e3af810ab6d6da1a176f6e8533552/element/f.CC9B589A9DA2186238667A9749121406.d.B1099BB52B445DADF3AD0307BEBEC3DC.e.7717/value - {"text":"webdriversecond59vli"}
COMMAND: GET /session/df7e3af810ab6d6da1a176f6e8533552/screenshot - {}
RESULT: {"text":"webdriversecond59vli"}
RESULT: undefined
COMMAND: POST /session/df7e3af810ab6d6da1a176f6e8533552/element - {"using":"xpath","value":"//*[@id=\"__button66\"]"}
COMMAND: GET /session/df7e3af810ab6d6da1a176f6e8533552/screenshot - {}
RESULT: {}
RESULT: {"using":"xpath","value":"//*[@id=\"__button66\"]"}
COMMAND: POST /session/df7e3af810ab6d6da1a176f6e8533552/element/f.CC9B589A9DA2186238667A9749121406.d.B1099BB52B445DADF3AD0307BEBEC3DC.e.7721/click - {}
RESULT: {}
RESULT: {}
COMMAND: GET /session/df7e3af810ab6d6da1a176f6e8533552/screenshot - {}
RESULT: {}
COMMAND: POST /session/df7e3af810ab6d6da1a176f6e8533552/element - {"using":"xpath","value":"//button[@title=\"Save\"]"}
RESULT: {"using":"xpath","value":"//button[@title=\"Save\"]"}
COMMAND: POST /session/df7e3af810ab6d6da1a176f6e8533552/element/f.CC9B589A9DA2186238667A9749121406.d.B1099BB52B445DADF3AD0307BEBEC3DC.e.7699/click - {}
RESULT: {}
COMMAND: GET /session/df7e3af810ab6d6da1a176f6e8533552/screenshot - {}
RESULT: {}
RESULT: undefined
COMMAND: POST /session/df7e3af810ab6d6da1a176f6e8533552/element - {"using":"xpath","value":"//*[@id=\"__button91-img\"]"}
RESULT: {"using":"xpath","value":"//*[@id=\"__button91-img\"]"}
COMMAND: POST /session/df7e3af810ab6d6da1a176f6e8533552/element/f.CC9B589A9DA2186238667A9749121406.d.B1099BB52B445DADF3AD0307BEBEC3DC.e.7670/click - {}
RESULT: {}
COMMAND: GET /session/df7e3af810ab6d6da1a176f6e8533552/screenshot - {}
RESULT: {}
RESULT: undefined
COMMAND: POST /session/df7e3af810ab6d6da1a176f6e8533552/element - {"using":"xpath","value":"//*[@id=\"__button64-img\"]"}
RESULT: {"using":"xpath","value":"//*[@id=\"__button64-img\"]"}
COMMAND: POST /session/df7e3af810ab6d6da1a176f6e8533552/element/f.CC9B589A9DA2186238667A9749121406.d.B1099BB52B445DADF3AD0307BEBEC3DC.e.7758/click - {}
RESULT: {}
COMMAND: GET /session/df7e3af810ab6d6da1a176f6e8533552/screenshot - {}
RESULT: {}
RESULT: undefined
COMMAND: POST /session/df7e3af810ab6d6da1a176f6e8533552/execute/async - {"script":"<script> [776 bytes]","args":[{"enterText":"SecondSection9fsfs","selector":{"id":"application-managecatalogs-display-component---masterCatalogItems--searchItemsField","interaction":{"idSuffix":"I"}},"clearTextFirst":true,"interactionType":"ENTER_TEXT"}]}
RESULT: {"script":"<script> [776 bytes]","args":[{"enterText":"SecondSection9fsfs","selector":{"id":"application-managecatalogs-display-component---masterCatalogItems--searchItemsField","interaction":{"idSuffix":"I"}},"clearTextFirst":true,"interactionType":"ENTER_TEXT"}]}
COMMAND: POST /session/df7e3af810ab6d6da1a176f6e8533552/actions - {"actions":[{"id":"action48","type":"key","parameters":{},"actions":[{"type":"keyDown","value":"î€‡"},{"type":"pause","duration":10},{"type":"keyUp","value":"î€‡"}]}]}
RESULT: {"actions":[{"id":"action48","type":"key","parameters":{},"actions":[{"type":"keyDown","value":"î€‡"},{"type":"pause","duration":10},{"type":"keyUp","value":"î€‡"}]}]}
COMMAND: POST /session/df7e3af810ab6d6da1a176f6e8533552/element - {"using":"xpath","value":"(//span[contains(text(), \"SecondSection9fsfs\")])[1]"}
COMMAND: GET /session/df7e3af810ab6d6da1a176f6e8533552/screenshot - {}
RESULT: {"using":"xpath","value":"(//span[contains(text(), \"SecondSection9fsfs\")])[1]"}
COMMAND: POST /session/df7e3af810ab6d6da1a176f6e8533552/element/f.CC9B589A9DA2186238667A9749121406.d.B1099BB52B445DADF3AD0307BEBEC3DC.e.7761/click - {}
RESULT: {}
RESULT: {}
COMMAND: POST /session/df7e3af810ab6d6da1a176f6e8533552/element - {"using":"xpath","value":"(//span[contains(text(), \"SecondSection9fsfs\")])[1]"}
COMMAND: GET /session/df7e3af810ab6d6da1a176f6e8533552/screenshot - {}
RESULT: {"using":"xpath","value":"(//span[contains(text(), \"SecondSection9fsfs\")])[1]"}
COMMAND: GET /session/df7e3af810ab6d6da1a176f6e8533552/element/f.CC9B589A9DA2186238667A9749121406.d.B1099BB52B445DADF3AD0307BEBEC3DC.e.7761/text - {}
RESULT: {}
COMMAND: POST /session/df7e3af810ab6d6da1a176f6e8533552/element - {"using":"xpath","value":"(//span[contains(text(), \"SecondSection9fsfs\")])[1]"}
RESULT: {"using":"xpath","value":"(//span[contains(text(), \"SecondSection9fsfs\")])[1]"}
COMMAND: GET /session/df7e3af810ab6d6da1a176f6e8533552/element/f.CC9B589A9DA2186238667A9749121406.d.B1099BB52B445DADF3AD0307BEBEC3DC.e.7761/text - {}
COMMAND: POST /session/df7e3af810ab6d6da1a176f6e8533552/element - {"using":"xpath","value":"(//span[contains(text(), \"SecondSection9fsfs\")])[1]"}
RESULT: {"using":"xpath","value":"(//span[contains(text(), \"SecondSection9fsfs\")])[1]"}
COMMAND: GET /session/df7e3af810ab6d6da1a176f6e8533552/element/f.CC9B589A9DA2186238667A9749121406.d.B1099BB52B445DADF3AD0307BEBEC3DC.e.7817/text - {}
RESULT: {}
COMMAND: POST /session/df7e3af810ab6d6da1a176f6e8533552/refresh - {}
RESULT: {}
COMMAND: GET /session/df7e3af810ab6d6da1a176f6e8533552/screenshot - {}
RESULT: {}
COMMAND: POST /session/df7e3af810ab6d6da1a176f6e8533552/execute/async - {"script":"<script> [189 bytes]","args":[]}
RESULT: {"script":"<script> [189 bytes]","args":[]}
COMMAND: POST /session/df7e3af810ab6d6da1a176f6e8533552/execute/async - {"script":"<script> [123 bytes]","args":[]}
RESULT: {"script":"<script> [123 bytes]","args":[]}
COMMAND: POST /session/df7e3af810ab6d6da1a176f6e8533552/timeouts - {"script":"<number>"}
RESULT: {"script":"<number>"}
COMMAND: GET /session/df7e3af810ab6d6da1a176f6e8533552/timeouts - {}
RESULT: {}
RESULT: undefined
COMMAND: POST /session/df7e3af810ab6d6da1a176f6e8533552/execute/async - {"script":"<script> [2676 bytes]","args":[]}
RESULT: {"script":"<script> [2676 bytes]","args":[]}
COMMAND: POST /session/df7e3af810ab6d6da1a176f6e8533552/execute/async - {"script":"<script> [2342 bytes]","args":[{"protocol":"http","hostname":"0.0.0.0","path":"/","capabilities":{"browserName":"chrome","goog:chromeOptions":{"binary":"C:\\Program Files\\Google\\Chrome\\Application\\chrome.exe","args":["--start-maximized"]}},"logLevel":"warn","connectionRetryTimeout":120000,"connectionRetryCount":3,"logLevels":{},"enableDirectConnect":true,"strictSSL":true,"_":"65 more keys: [\"cacheDir\",\"port\",\"requestedCapabilities\",\"automationProtocol\",\"baseUrl\",\"waitforInterval\",\"waitforTimeout\",\"onReload\",\"beforeCommand\",\"afterCommand\",\"rootDir\",\"specs\",\"suites\",\"exclude\",\"groupLogsByTestSpec\",\"excludeDriverLogs\",\"bail\",\"framework\",\"reporters\",\"services\",\"maxInstances\",\"maxInstancesPerCapability\",\"injectGlobals\",\"filesToWatch\",\"execArgv\",\"runnerEnv\",\"runner\",\"shard\",\"specFileRetries\",\"specFileRetriesDelay\",\"specFileRetriesDeferred\",\"reporterSyncInterval\",\"reporterSyncTimeout\",\"cucumberFeaturesWithLineNumbers\",\"autoCompileOpts\",\"mochaOpts\",\"jasmineOpts\",\"cucumberOpts\",\"onPrepare\",\"onWorkerStart\",\"onWorkerEnd\",\"before\",\"beforeSession\",\"beforeSuite\",\"beforeHook\",\"beforeTest\",\"afterTest\",\"afterHook\",\"afterSuite\",\"afterSession\",\"after\",\"onComplete\",\"beforeAssertion\",\"afterAssertion\",\"beforeFeature\",\"beforeScenario\",\"beforeStep\",\"afterStep\",\"afterScenario\",\"afterFeature\",\"_\",\"suite\",\"$0\",\"ignoredWorkerServices\",\"wdi5\"]"}]}
RESULT: {"script":"<script> [2342 bytes]","args":[{"protocol":"http","hostname":"0.0.0.0","path":"/","capabilities":{"browserName":"chrome","goog:chromeOptions":{"binary":"C:\\Program Files\\Google\\Chrome\\Application\\chrome.exe","args":["--start-maximized"]}},"logLevel":"warn","connectionRetryTimeout":120000,"connectionRetryCount":3,"logLevels":{},"enableDirectConnect":true,"strictSSL":true,"_":"65 more keys: [\"cacheDir\",\"port\",\"requestedCapabilities\",\"automationProtocol\",\"baseUrl\",\"waitforInterval\",\"waitforTimeout\",\"onReload\",\"beforeCommand\",\"afterCommand\",\"rootDir\",\"specs\",\"suites\",\"exclude\",\"groupLogsByTestSpec\",\"excludeDriverLogs\",\"bail\",\"framework\",\"reporters\",\"services\",\"maxInstances\",\"maxInstancesPerCapability\",\"injectGlobals\",\"filesToWatch\",\"execArgv\",\"runnerEnv\",\"runner\",\"shard\",\"specFileRetries\",\"specFileRetriesDelay\",\"specFileRetriesDeferred\",\"reporterSyncInterval\",\"reporterSyncTimeout\",\"cucumberFeaturesWithLineNumbers\",\"autoCompileOpts\",\"mochaOpts\",\"jasmineOpts\",\"cucumberOpts\",\"onPrepare\",\"onWorkerStart\",\"onWorkerEnd\",\"before\",\"beforeSession\",\"beforeSuite\",\"beforeHook\",\"beforeTest\",\"afterTest\",\"afterHook\",\"afterSuite\",\"afterSession\",\"after\",\"onComplete\",\"beforeAssertion\",\"afterAssertion\",\"beforeFeature\",\"beforeScenario\",\"beforeStep\",\"afterStep\",\"afterScenario\",\"afterFeature\",\"_\",\"suite\",\"$0\",\"ignoredWorkerServices\",\"wdi5\"]"}]}
COMMAND: POST /session/df7e3af810ab6d6da1a176f6e8533552/execute/async - {"script":"<script> [21126 bytes]","args":[35000]}
RESULT: {"script":"<script> [21126 bytes]","args":[35000]}
COMMAND: POST /session/df7e3af810ab6d6da1a176f6e8533552/execute/async - {"script":"<script> [1562 bytes]","args":[{"selector":{"controlType":"sap.m.Button","viewName":"etm.portal.ui.managecatalogs.view.Detail","viewId":"application-managecatalogs-display-component---detailCatalog","i18NText":{"propertyName":"text","key":"edit"},"interaction":{"idSuffix":"BDI-content"}},"wdio_ui5_key":"etmportal.ui.managecatalogs.view.Detailsap.m.Button{\"propertyName\":\"text\",\"key\":\"edit\"}"}]}
RESULT: {"script":"<script> [1562 bytes]","args":[{"selector":{"controlType":"sap.m.Button","viewName":"etm.portal.ui.managecatalogs.view.Detail","viewId":"application-managecatalogs-display-component---detailCatalog","i18NText":{"propertyName":"text","key":"edit"},"interaction":{"idSuffix":"BDI-content"}},"wdio_ui5_key":"etmportal.ui.managecatalogs.view.Detailsap.m.Button{\"propertyName\":\"text\",\"key\":\"edit\"}"}]}
RESULT: undefined
COMMAND: POST /session/df7e3af810ab6d6da1a176f6e8533552/element - {"using":"xpath","value":"//*[@id=\"__button25\"]"}
RESULT: {"using":"xpath","value":"//*[@id=\"__button25\"]"}
COMMAND: POST /session/df7e3af810ab6d6da1a176f6e8533552/element/f.CC9B589A9DA2186238667A9749121406.d.BE9FCAA409BC006BEF063F92DD24737D.e.7872/click - {}
RESULT: {}
COMMAND: POST /session/df7e3af810ab6d6da1a176f6e8533552/execute/async - {"script":"<script> [1562 bytes]","args":[{"selector":{"controlType":"sap.ui.core.Icon","viewName":"etm.portal.ui.managecatalogs.view.Detail","viewId":"application-managecatalogs-display-component---detailCatalog","properties":{"src":{"regex":{"source":"add\\-document"}}}},"wdio_ui5_key":"etmportal.ui.managecatalogs.view.Detailsap.ui.core.Icon{\"src\":{\"regex\":{\"source\":\"add\\\\-document\"}}}"}]}
COMMAND: GET /session/df7e3af810ab6d6da1a176f6e8533552/screenshot - {}
RESULT: {"script":"<script> [1562 bytes]","args":[{"selector":{"controlType":"sap.ui.core.Icon","viewName":"etm.portal.ui.managecatalogs.view.Detail","viewId":"application-managecatalogs-display-component---detailCatalog","properties":{"src":{"regex":{"source":"add\\-document"}}}},"wdio_ui5_key":"etmportal.ui.managecatalogs.view.Detailsap.ui.core.Icon{\"src\":{\"regex\":{\"source\":\"add\\\\-document\"}}}"}]}
RESULT: undefined
COMMAND: POST /session/df7e3af810ab6d6da1a176f6e8533552/element - {"using":"xpath","value":"//*[@id=\"__button34-img\"]"}
RESULT: {}
RESULT: {"using":"xpath","value":"//*[@id=\"__button34-img\"]"}
COMMAND: POST /session/df7e3af810ab6d6da1a176f6e8533552/element/f.CC9B589A9DA2186238667A9749121406.d.BE9FCAA409BC006BEF063F92DD24737D.e.7879/click - {}
RESULT: {}
COMMAND: POST /session/df7e3af810ab6d6da1a176f6e8533552/execute/async - {"script":"<script> [1562 bytes]","args":[{"selector":{"id":"application-managecatalogs-display-component---detailCatalog--newItemNumberInput","searchOpenDialogs":true,"interaction":{"idSuffix":"inner"}},"wdio_ui5_key":"applicationmanagecatalogs-display-component---detailCatalog--newItemNumberInput"}]}
COMMAND: GET /session/df7e3af810ab6d6da1a176f6e8533552/screenshot - {}
RESULT: {"script":"<script> [1562 bytes]","args":[{"selector":{"id":"application-managecatalogs-display-component---detailCatalog--newItemNumberInput","searchOpenDialogs":true,"interaction":{"idSuffix":"inner"}},"wdio_ui5_key":"applicationmanagecatalogs-display-component---detailCatalog--newItemNumberInput"}]}
RESULT: undefined
COMMAND: POST /session/df7e3af810ab6d6da1a176f6e8533552/execute/async - {"script":"<script> [776 bytes]","args":[{"enterText":"catalogItemj7fey","selector":{"id":"application-managecatalogs-display-component---detailCatalog--newItemNumberInput","searchOpenDialogs":true,"interaction":{"idSuffix":"inner"}},"clearTextFirst":true,"interactionType":"ENTER_TEXT"}]}
RESULT: {}
RESULT: {"script":"<script> [776 bytes]","args":[{"enterText":"catalogItemj7fey","selector":{"id":"application-managecatalogs-display-component---detailCatalog--newItemNumberInput","searchOpenDialogs":true,"interaction":{"idSuffix":"inner"}},"clearTextFirst":true,"interactionType":"ENTER_TEXT"}]}
COMMAND: POST /session/df7e3af810ab6d6da1a176f6e8533552/execute/async - {"script":"<script> [1562 bytes]","args":[{"selector":{"controlType":"sap.m.Input","viewName":"etm.portal.ui.managecatalogs.view.Detail","viewId":"application-managecatalogs-display-component---detailCatalog","bindingPath":{"path":"","propertyPath":"/DESCRIPTION"},"searchOpenDialogs":true,"interaction":{"idSuffix":"inner"}},"wdio_ui5_key":"etmportal.ui.managecatalogs.view.Detailsap.m.Input{\"path\":\"\",\"propertyPath\":\"/DESCRIPTION\"}"}]}
RESULT: {"script":"<script> [1562 bytes]","args":[{"selector":{"controlType":"sap.m.Input","viewName":"etm.portal.ui.managecatalogs.view.Detail","viewId":"application-managecatalogs-display-component---detailCatalog","bindingPath":{"path":"","propertyPath":"/DESCRIPTION"},"searchOpenDialogs":true,"interaction":{"idSuffix":"inner"}},"wdio_ui5_key":"etmportal.ui.managecatalogs.view.Detailsap.m.Input{\"path\":\"\",\"propertyPath\":\"/DESCRIPTION\"}"}]}
RESULT: undefined
COMMAND: POST /session/df7e3af810ab6d6da1a176f6e8533552/execute/async - {"script":"<script> [776 bytes]","args":[{"enterText":"catalogItemNamepvqxx","selector":{"controlType":"sap.m.Input","viewName":"etm.portal.ui.managecatalogs.view.Detail","viewId":"application-managecatalogs-display-component---detailCatalog","bindingPath":{"path":"","propertyPath":"/DESCRIPTION"},"searchOpenDialogs":true,"interaction":{"idSuffix":"inner"}},"clearTextFirst":true,"interactionType":"ENTER_TEXT"}]}
RESULT: {"script":"<script> [776 bytes]","args":[{"enterText":"catalogItemNamepvqxx","selector":{"controlType":"sap.m.Input","viewName":"etm.portal.ui.managecatalogs.view.Detail","viewId":"application-managecatalogs-display-component---detailCatalog","bindingPath":{"path":"","propertyPath":"/DESCRIPTION"},"searchOpenDialogs":true,"interaction":{"idSuffix":"inner"}},"clearTextFirst":true,"interactionType":"ENTER_TEXT"}]}
COMMAND: POST /session/df7e3af810ab6d6da1a176f6e8533552/execute/async - {"script":"<script> [1562 bytes]","args":[{"selector":{"controlType":"sap.m.Button","viewName":"etm.portal.ui.managecatalogs.view.Detail","viewId":"application-managecatalogs-display-component---detailCatalog","i18NText":{"propertyName":"text","key":"create"},"searchOpenDialogs":true,"interaction":{"idSuffix":"BDI-content"}},"wdio_ui5_key":"etmportal.ui.managecatalogs.view.Detailsap.m.Button{\"propertyName\":\"text\",\"key\":\"create\"}"}]}
RESULT: {"script":"<script> [1562 bytes]","args":[{"selector":{"controlType":"sap.m.Button","viewName":"etm.portal.ui.managecatalogs.view.Detail","viewId":"application-managecatalogs-display-component---detailCatalog","i18NText":{"propertyName":"text","key":"create"},"searchOpenDialogs":true,"interaction":{"idSuffix":"BDI-content"}},"wdio_ui5_key":"etmportal.ui.managecatalogs.view.Detailsap.m.Button{\"propertyName\":\"text\",\"key\":\"create\"}"}]}
RESULT: undefined
COMMAND: POST /session/df7e3af810ab6d6da1a176f6e8533552/element - {"using":"xpath","value":"//*[@id=\"__button9\"]"}
RESULT: {"using":"xpath","value":"//*[@id=\"__button9\"]"}
COMMAND: POST /session/df7e3af810ab6d6da1a176f6e8533552/element/f.CC9B589A9DA2186238667A9749121406.d.BE9FCAA409BC006BEF063F92DD24737D.e.7889/click - {}
RESULT: {}
COMMAND: GET /session/df7e3af810ab6d6da1a176f6e8533552/screenshot - {}
RESULT: {}
COMMAND: POST /session/df7e3af810ab6d6da1a176f6e8533552/element - {"using":"xpath","value":"//button[@title=\"Save\"]"}
RESULT: {"using":"xpath","value":"//button[@title=\"Save\"]"}
COMMAND: POST /session/df7e3af810ab6d6da1a176f6e8533552/element/f.CC9B589A9DA2186238667A9749121406.d.BE9FCAA409BC006BEF063F92DD24737D.e.7890/click - {}
RESULT: {}
COMMAND: GET /session/df7e3af810ab6d6da1a176f6e8533552/screenshot - {}
RESULT: {}
COMMAND: POST /session/df7e3af810ab6d6da1a176f6e8533552/execute/async - {"script":"<script> [1562 bytes]","args":[{"selector":{"controlType":"sap.ui.core.Icon","viewName":"etm.portal.ui.managecatalogs.view.Detail","viewId":"application-managecatalogs-display-component---detailCatalog","properties":{"src":{"regex":{"source":"decline"}}}},"wdio_ui5_key":"etmportal.ui.managecatalogs.view.Detailsap.ui.core.Icon{\"src\":{\"regex\":{\"source\":\"decline\"}}}"}]}
RESULT: {"script":"<script> [1562 bytes]","args":[{"selector":{"controlType":"sap.ui.core.Icon","viewName":"etm.portal.ui.managecatalogs.view.Detail","viewId":"application-managecatalogs-display-component---detailCatalog","properties":{"src":{"regex":{"source":"decline"}}}},"wdio_ui5_key":"etmportal.ui.managecatalogs.view.Detailsap.ui.core.Icon{\"src\":{\"regex\":{\"source\":\"decline\"}}}"}]}
RESULT: undefined
COMMAND: POST /session/df7e3af810ab6d6da1a176f6e8533552/element - {"using":"xpath","value":"//*[@id=\"__button28-img\"]"}
RESULT: {"using":"xpath","value":"//*[@id=\"__button28-img\"]"}
COMMAND: POST /session/df7e3af810ab6d6da1a176f6e8533552/element/f.CC9B589A9DA2186238667A9749121406.d.BE9FCAA409BC006BEF063F92DD24737D.e.7896/click - {}
RESULT: {}
COMMAND: GET /session/df7e3af810ab6d6da1a176f6e8533552/screenshot - {}
RESULT: {}
COMMAND: POST /session/df7e3af810ab6d6da1a176f6e8533552/execute/async - {"script":"<script> [1562 bytes]","args":[{"selector":{"controlType":"sap.ui.core.Icon","viewName":"etm.portal.ui.managecatalogs.view.MasterItems","viewId":"application-managecatalogs-display-component---masterCatalogItems","properties":{"src":{"regex":{"source":"refresh"}}}},"wdio_ui5_key":"etmportal.ui.managecatalogs.view.MasterItemssap.ui.core.Icon{\"src\":{\"regex\":{\"source\":\"refresh\"}}}"}]}
RESULT: {"script":"<script> [1562 bytes]","args":[{"selector":{"controlType":"sap.ui.core.Icon","viewName":"etm.portal.ui.managecatalogs.view.MasterItems","viewId":"application-managecatalogs-display-component---masterCatalogItems","properties":{"src":{"regex":{"source":"refresh"}}}},"wdio_ui5_key":"etmportal.ui.managecatalogs.view.MasterItemssap.ui.core.Icon{\"src\":{\"regex\":{\"source\":\"refresh\"}}}"}]}
RESULT: undefined
COMMAND: POST /session/df7e3af810ab6d6da1a176f6e8533552/element - {"using":"xpath","value":"//*[@id=\"__button1-img\"]"}
RESULT: {"using":"xpath","value":"//*[@id=\"__button1-img\"]"}
COMMAND: POST /session/df7e3af810ab6d6da1a176f6e8533552/element/f.CC9B589A9DA2186238667A9749121406.d.BE9FCAA409BC006BEF063F92DD24737D.e.7904/click - {}
RESULT: {}
COMMAND: GET /session/df7e3af810ab6d6da1a176f6e8533552/screenshot - {}
RESULT: {}
COMMAND: POST /session/df7e3af810ab6d6da1a176f6e8533552/execute/async - {"script":"<script> [1562 bytes]","args":[{"selector":{"id":"application-managecatalogs-display-component---masterCatalogItems--searchItemsField","interaction":{"idSuffix":"I"}},"wdio_ui5_key":"applicationmanagecatalogs-display-component---masterCatalogItems--searchItemsField"}]}
RESULT: {"script":"<script> [1562 bytes]","args":[{"selector":{"id":"application-managecatalogs-display-component---masterCatalogItems--searchItemsField","interaction":{"idSuffix":"I"}},"wdio_ui5_key":"applicationmanagecatalogs-display-component---masterCatalogItems--searchItemsField"}]}
RESULT: undefined
COMMAND: POST /session/df7e3af810ab6d6da1a176f6e8533552/execute/async - {"script":"<script> [776 bytes]","args":[{"enterText":"catalogItemNamepvqxx","selector":{"id":"application-managecatalogs-display-component---masterCatalogItems--searchItemsField","interaction":{"idSuffix":"I"}},"clearTextFirst":true,"interactionType":"ENTER_TEXT"}]}
RESULT: {"script":"<script> [776 bytes]","args":[{"enterText":"catalogItemNamepvqxx","selector":{"id":"application-managecatalogs-display-component---masterCatalogItems--searchItemsField","interaction":{"idSuffix":"I"}},"clearTextFirst":true,"interactionType":"ENTER_TEXT"}]}
COMMAND: POST /session/df7e3af810ab6d6da1a176f6e8533552/actions - {"actions":[{"id":"action49","type":"key","parameters":{},"actions":[{"type":"keyDown","value":"î€‡"},{"type":"pause","duration":10},{"type":"keyUp","value":"î€‡"}]}]}
RESULT: {"actions":[{"id":"action49","type":"key","parameters":{},"actions":[{"type":"keyDown","value":"î€‡"},{"type":"pause","duration":10},{"type":"keyUp","value":"î€‡"}]}]}
COMMAND: POST /session/df7e3af810ab6d6da1a176f6e8533552/element - {"using":"xpath","value":"(//span[contains(text(), \"catalogItemNamepvqxx\")])[1]"}
COMMAND: GET /session/df7e3af810ab6d6da1a176f6e8533552/screenshot - {}
RESULT: {"using":"xpath","value":"(//span[contains(text(), \"catalogItemNamepvqxx\")])[1]"}
COMMAND: POST /session/df7e3af810ab6d6da1a176f6e8533552/element/f.CC9B589A9DA2186238667A9749121406.d.BE9FCAA409BC006BEF063F92DD24737D.e.7939/click - {}
RESULT: {}
RESULT: {}
COMMAND: GET /session/df7e3af810ab6d6da1a176f6e8533552/screenshot - {}
RESULT: {}
COMMAND: POST /session/df7e3af810ab6d6da1a176f6e8533552/element - {"using":"xpath","value":"//span[contains(text(), \"catalogItemj7fey\")]"}
RESULT: {"using":"xpath","value":"//span[contains(text(), \"catalogItemj7fey\")]"}
COMMAND: GET /session/df7e3af810ab6d6da1a176f6e8533552/element/f.CC9B589A9DA2186238667A9749121406.d.BE9FCAA409BC006BEF063F92DD24737D.e.8000/text - {}
RESULT: {}
]]></system-out>
    </testcase>
    <testcase classname="chrome.135_0_7049_96.windows.Manage_requests_-_requests_specifications_US141095" name="Should add the classification to the catalog item" time="36.924">
      <system-out><![CDATA[
RESULT: undefined
COMMAND: POST /session/df7e3af810ab6d6da1a176f6e8533552/element - {"using":"xpath","value":"//*[@id=\"__button25\"]"}
RESULT: {"using":"xpath","value":"//*[@id=\"__button25\"]"}
COMMAND: POST /session/df7e3af810ab6d6da1a176f6e8533552/element/f.CC9B589A9DA2186238667A9749121406.d.BE9FCAA409BC006BEF063F92DD24737D.e.8001/click - {}
RESULT: {}
COMMAND: GET /session/df7e3af810ab6d6da1a176f6e8533552/screenshot - {}
RESULT: {}
COMMAND: POST /session/df7e3af810ab6d6da1a176f6e8533552/execute/async - {"script":"<script> [1562 bytes]","args":[{"selector":{"id":"application-managecatalogs-display-component---detailCatalog--BASE_UNIT_OF_MEASURE-arrow"},"wdio_ui5_key":"applicationmanagecatalogs-display-component---detailCatalog--BASE_UNIT_OF_MEASURE-arrow"}]}
RESULT: {"script":"<script> [1562 bytes]","args":[{"selector":{"id":"application-managecatalogs-display-component---detailCatalog--BASE_UNIT_OF_MEASURE-arrow"},"wdio_ui5_key":"applicationmanagecatalogs-display-component---detailCatalog--BASE_UNIT_OF_MEASURE-arrow"}]}
RESULT: undefined
COMMAND: POST /session/df7e3af810ab6d6da1a176f6e8533552/element - {"using":"xpath","value":"//*[@id=\"application-managecatalogs-display-component---detailCatalog--BASE_UNIT_OF_MEASURE-arrow\"]"}
RESULT: {"using":"xpath","value":"//*[@id=\"application-managecatalogs-display-component---detailCatalog--BASE_UNIT_OF_MEASURE-arrow\"]"}
COMMAND: POST /session/df7e3af810ab6d6da1a176f6e8533552/element/f.CC9B589A9DA2186238667A9749121406.d.BE9FCAA409BC006BEF063F92DD24737D.e.8030/click - {}
RESULT: {}
COMMAND: POST /session/df7e3af810ab6d6da1a176f6e8533552/execute/async - {"script":"<script> [1562 bytes]","args":[{"selector":{"controlType":"sap.m.StandardListItem","viewName":"etm.portal.ui.managecatalogs.view.Detail","viewId":"application-managecatalogs-display-component---detailCatalog","properties":{"title":"Piece"},"searchOpenDialogs":true,"interaction":{"idSuffix":"titleText"}},"wdio_ui5_key":"etmportal.ui.managecatalogs.view.Detailsap.m.StandardListItem{\"title\":\"Piece\"}"}]}
COMMAND: GET /session/df7e3af810ab6d6da1a176f6e8533552/screenshot - {}
RESULT: {"script":"<script> [1562 bytes]","args":[{"selector":{"controlType":"sap.m.StandardListItem","viewName":"etm.portal.ui.managecatalogs.view.Detail","viewId":"application-managecatalogs-display-component---detailCatalog","properties":{"title":"Piece"},"searchOpenDialogs":true,"interaction":{"idSuffix":"titleText"}},"wdio_ui5_key":"etmportal.ui.managecatalogs.view.Detailsap.m.StandardListItem{\"title\":\"Piece\"}"}]}
RESULT: undefined
COMMAND: POST /session/df7e3af810ab6d6da1a176f6e8533552/element - {"using":"xpath","value":"//*[@id=\"__item213\"]"}
RESULT: {}
RESULT: {"using":"xpath","value":"//*[@id=\"__item213\"]"}
COMMAND: POST /session/df7e3af810ab6d6da1a176f6e8533552/element/f.CC9B589A9DA2186238667A9749121406.d.BE9FCAA409BC006BEF063F92DD24737D.e.8032/click - {}
RESULT: {}
COMMAND: POST /session/df7e3af810ab6d6da1a176f6e8533552/element - {"using":"xpath","value":"//button[contains(@data-kt ,\"ClassificationAddClassButton\")]"}
COMMAND: GET /session/df7e3af810ab6d6da1a176f6e8533552/screenshot - {}
RESULT: {"using":"xpath","value":"//button[contains(@data-kt ,\"ClassificationAddClassButton\")]"}
COMMAND: POST /session/df7e3af810ab6d6da1a176f6e8533552/element/f.CC9B589A9DA2186238667A9749121406.d.BE9FCAA409BC006BEF063F92DD24737D.e.8033/click - {}
RESULT: {}
RESULT: {}
COMMAND: GET /session/df7e3af810ab6d6da1a176f6e8533552/screenshot - {}
RESULT: {}
COMMAND: POST /session/df7e3af810ab6d6da1a176f6e8533552/element - {"using":"xpath","value":"//input[contains(@id ,\"searchField-I\")]"}
RESULT: {"using":"xpath","value":"//input[contains(@id ,\"searchField-I\")]"}
COMMAND: POST /session/df7e3af810ab6d6da1a176f6e8533552/element/f.CC9B589A9DA2186238667A9749121406.d.BE9FCAA409BC006BEF063F92DD24737D.e.8038/value - {"text":"WebdriverItemClassac2vl"}
RESULT: {"text":"WebdriverItemClassac2vl"}
COMMAND: POST /session/df7e3af810ab6d6da1a176f6e8533552/actions - {"actions":[{"id":"action50","type":"key","parameters":{},"actions":[{"type":"keyDown","value":"î€‡"},{"type":"pause","duration":10},{"type":"keyUp","value":"î€‡"}]}]}
COMMAND: GET /session/df7e3af810ab6d6da1a176f6e8533552/screenshot - {}
RESULT: {"actions":[{"id":"action50","type":"key","parameters":{},"actions":[{"type":"keyDown","value":"î€‡"},{"type":"pause","duration":10},{"type":"keyUp","value":"î€‡"}]}]}
COMMAND: GET /session/df7e3af810ab6d6da1a176f6e8533552/screenshot - {}
RESULT: {}
RESULT: {}
COMMAND: POST /session/df7e3af810ab6d6da1a176f6e8533552/element - {"using":"xpath","value":"//span[contains(text(), \"WebdriverItemClassac2vl\")]"}
RESULT: {"using":"xpath","value":"//span[contains(text(), \"WebdriverItemClassac2vl\")]"}
COMMAND: POST /session/df7e3af810ab6d6da1a176f6e8533552/element/f.CC9B589A9DA2186238667A9749121406.d.BE9FCAA409BC006BEF063F92DD24737D.e.8052/click - {}
RESULT: {}
COMMAND: GET /session/df7e3af810ab6d6da1a176f6e8533552/screenshot - {}
RESULT: {}
COMMAND: POST /session/df7e3af810ab6d6da1a176f6e8533552/execute/async - {"script":"<script> [1562 bytes]","args":[{"selector":{"controlType":"sap.m.Button","viewName":"etm.portal.ui.managecatalogs.view.Detail","viewId":"application-managecatalogs-display-component---detailCatalog","properties":{"text":"Classification"},"interaction":{"idSuffix":"BDI-content"}},"wdio_ui5_key":"etmportal.ui.managecatalogs.view.Detailsap.m.Button{\"text\":\"Classification\"}"}]}
RESULT: {"script":"<script> [1562 bytes]","args":[{"selector":{"controlType":"sap.m.Button","viewName":"etm.portal.ui.managecatalogs.view.Detail","viewId":"application-managecatalogs-display-component---detailCatalog","properties":{"text":"Classification"},"interaction":{"idSuffix":"BDI-content"}},"wdio_ui5_key":"etmportal.ui.managecatalogs.view.Detailsap.m.Button{\"text\":\"Classification\"}"}]}
RESULT: undefined
COMMAND: POST /session/df7e3af810ab6d6da1a176f6e8533552/element - {"using":"xpath","value":"//*[@id=\"application-managecatalogs-display-component---detailCatalog--ObjectPageLayout-anchBar-__section3-anchor\"]"}
RESULT: {"using":"xpath","value":"//*[@id=\"application-managecatalogs-display-component---detailCatalog--ObjectPageLayout-anchBar-__section3-anchor\"]"}
COMMAND: POST /session/df7e3af810ab6d6da1a176f6e8533552/element/f.CC9B589A9DA2186238667A9749121406.d.BE9FCAA409BC006BEF063F92DD24737D.e.8058/click - {}
RESULT: {}
COMMAND: POST /session/df7e3af810ab6d6da1a176f6e8533552/execute/async - {"script":"<script> [1562 bytes]","args":[{"selector":{"controlType":"sap.ui.core.Icon","viewName":"etm.portal.ui.managecatalogs.view.Detail","viewId":"application-managecatalogs-display-component---detailCatalog","properties":{"src":{"regex":{"source":"slim\\-arrow\\-right"}}},"ancestor":{"controlType":"sap.m.Panel","viewName":"etm.portal.ui.managecatalogs.view.Detail","viewId":"application-managecatalogs-display-component---detailCatalog"}},"wdio_ui5_key":"etmportal.ui.managecatalogs.view.Detailsap.ui.core.Icon{\"src\":{\"regex\":{\"source\":\"slim\\\\-arrow\\\\-right\"}}}{\"controlType\":\"sap.m.Panel\",\"viewName\":\"etm.portal.ui.managecatalogs.view.Detail\",\"viewId\":\"application-managecatalogs-display-component---detailCatalog\"}"}]}
COMMAND: GET /session/df7e3af810ab6d6da1a176f6e8533552/screenshot - {}
RESULT: {"script":"<script> [1562 bytes]","args":[{"selector":{"controlType":"sap.ui.core.Icon","viewName":"etm.portal.ui.managecatalogs.view.Detail","viewId":"application-managecatalogs-display-component---detailCatalog","properties":{"src":{"regex":{"source":"slim\\-arrow\\-right"}}},"ancestor":{"controlType":"sap.m.Panel","viewName":"etm.portal.ui.managecatalogs.view.Detail","viewId":"application-managecatalogs-display-component---detailCatalog"}},"wdio_ui5_key":"etmportal.ui.managecatalogs.view.Detailsap.ui.core.Icon{\"src\":{\"regex\":{\"source\":\"slim\\\\-arrow\\\\-right\"}}}{\"controlType\":\"sap.m.Panel\",\"viewName\":\"etm.portal.ui.managecatalogs.view.Detail\",\"viewId\":\"application-managecatalogs-display-component---detailCatalog\"}"}]}
RESULT: undefined
COMMAND: POST /session/df7e3af810ab6d6da1a176f6e8533552/element - {"using":"xpath","value":"//*[@id=\"__panel0-__layout17-0-expandButton-img\"]"}
RESULT: {}
RESULT: {"using":"xpath","value":"//*[@id=\"__panel0-__layout17-0-expandButton-img\"]"}
COMMAND: POST /session/df7e3af810ab6d6da1a176f6e8533552/element/f.CC9B589A9DA2186238667A9749121406.d.BE9FCAA409BC006BEF063F92DD24737D.e.8063/click - {}
RESULT: {}
COMMAND: POST /session/df7e3af810ab6d6da1a176f6e8533552/execute/async - {"script":"<script> [1562 bytes]","args":[{"selector":{"controlType":"sap.ui.core.Icon","viewName":"etm.portal.ui.managecatalogs.view.Detail","viewId":"application-managecatalogs-display-component---detailCatalog","properties":{"src":{"regex":{"source":"slim\\-arrow\\-down"}}},"ancestor":{"controlType":"sap.m.ColumnListItem","viewName":"etm.portal.ui.managecatalogs.view.Detail","viewId":"application-managecatalogs-display-component---detailCatalog","bindingPath":{"modelName":"classModel","path":"/data/0/PROPERTIES/0"},"ancestor":{"controlType":"sap.m.Table","viewName":"etm.portal.ui.managecatalogs.view.Detail","viewId":"application-managecatalogs-display-component---detailCatalog","bindingPath":{"path":"/data/0","propertyPath":"PROPERTIES","modelName":"classModel"}}}},"wdio_ui5_key":"etmportal.ui.managecatalogs.view.Detailsap.ui.core.Icon{\"src\":{\"regex\":{\"source\":\"slim\\\\-arrow\\\\-down\"}}}{\"controlType\":\"sap.m.ColumnListItem\",\"viewName\":\"etm.portal.ui.managecatalogs.view.Detail\",\"viewId\":\"application-managecatalogs-display-component---detailCatalog\",\"bindingPath\":{\"modelName\":\"classModel\",\"path\":\"/data/0/PROPERTIES/0\"},\"ancestor\":{\"controlType\":\"sap.m.Table\",\"viewName\":\"etm.portal.ui.managecatalogs.view.Detail\",\"viewId\":\"application-managecatalogs-display-component---detailCatalog\",\"bindingPath\":{\"path\":\"/data/0\",\"propertyPath\":\"PROPERTIES\",\"modelName\":\"classModel\"}}}"}]}
COMMAND: GET /session/df7e3af810ab6d6da1a176f6e8533552/screenshot - {}
RESULT: {"script":"<script> [1562 bytes]","args":[{"selector":{"controlType":"sap.ui.core.Icon","viewName":"etm.portal.ui.managecatalogs.view.Detail","viewId":"application-managecatalogs-display-component---detailCatalog","properties":{"src":{"regex":{"source":"slim\\-arrow\\-down"}}},"ancestor":{"controlType":"sap.m.ColumnListItem","viewName":"etm.portal.ui.managecatalogs.view.Detail","viewId":"application-managecatalogs-display-component---detailCatalog","bindingPath":{"modelName":"classModel","path":"/data/0/PROPERTIES/0"},"ancestor":{"controlType":"sap.m.Table","viewName":"etm.portal.ui.managecatalogs.view.Detail","viewId":"application-managecatalogs-display-component---detailCatalog","bindingPath":{"path":"/data/0","propertyPath":"PROPERTIES","modelName":"classModel"}}}},"wdio_ui5_key":"etmportal.ui.managecatalogs.view.Detailsap.ui.core.Icon{\"src\":{\"regex\":{\"source\":\"slim\\\\-arrow\\\\-down\"}}}{\"controlType\":\"sap.m.ColumnListItem\",\"viewName\":\"etm.portal.ui.managecatalogs.view.Detail\",\"viewId\":\"application-managecatalogs-display-component---detailCatalog\",\"bindingPath\":{\"modelName\":\"classModel\",\"path\":\"/data/0/PROPERTIES/0\"},\"ancestor\":{\"controlType\":\"sap.m.Table\",\"viewName\":\"etm.portal.ui.managecatalogs.view.Detail\",\"viewId\":\"application-managecatalogs-display-component---detailCatalog\",\"bindingPath\":{\"path\":\"/data/0\",\"propertyPath\":\"PROPERTIES\",\"modelName\":\"classModel\"}}}"}]}
RESULT: undefined
COMMAND: POST /session/df7e3af810ab6d6da1a176f6e8533552/element - {"using":"xpath","value":"//*[@id=\"__box31-arrow\"]"}
RESULT: {}
RESULT: {"using":"xpath","value":"//*[@id=\"__box31-arrow\"]"}
COMMAND: POST /session/df7e3af810ab6d6da1a176f6e8533552/element/f.CC9B589A9DA2186238667A9749121406.d.BE9FCAA409BC006BEF063F92DD24737D.e.8077/click - {}
RESULT: {}
COMMAND: POST /session/df7e3af810ab6d6da1a176f6e8533552/execute/async - {"script":"<script> [1562 bytes]","args":[{"selector":{"controlType":"sap.m.StandardListItem","viewName":"etm.portal.ui.managecatalogs.view.Detail","viewId":"application-managecatalogs-display-component---detailCatalog","properties":{"title":"red"},"searchOpenDialogs":true,"interaction":{"idSuffix":"content"}},"wdio_ui5_key":"etmportal.ui.managecatalogs.view.Detailsap.m.StandardListItem{\"title\":\"red\"}"}]}
COMMAND: GET /session/df7e3af810ab6d6da1a176f6e8533552/screenshot - {}
RESULT: {"script":"<script> [1562 bytes]","args":[{"selector":{"controlType":"sap.m.StandardListItem","viewName":"etm.portal.ui.managecatalogs.view.Detail","viewId":"application-managecatalogs-display-component---detailCatalog","properties":{"title":"red"},"searchOpenDialogs":true,"interaction":{"idSuffix":"content"}},"wdio_ui5_key":"etmportal.ui.managecatalogs.view.Detailsap.m.StandardListItem{\"title\":\"red\"}"}]}
RESULT: undefined
COMMAND: POST /session/df7e3af810ab6d6da1a176f6e8533552/element - {"using":"xpath","value":"//*[@id=\"__item221\"]"}
RESULT: {}
RESULT: {"using":"xpath","value":"//*[@id=\"__item221\"]"}
COMMAND: POST /session/df7e3af810ab6d6da1a176f6e8533552/element/f.CC9B589A9DA2186238667A9749121406.d.BE9FCAA409BC006BEF063F92DD24737D.e.8079/click - {}
RESULT: {}
COMMAND: GET /session/df7e3af810ab6d6da1a176f6e8533552/screenshot - {}
RESULT: {}
COMMAND: POST /session/df7e3af810ab6d6da1a176f6e8533552/execute/async - {"script":"<script> [1562 bytes]","args":[{"selector":{"controlType":"sap.m.Button","viewName":"etm.portal.ui.managecatalogs.view.Detail","viewId":"application-managecatalogs-display-component---detailCatalog","i18NText":{"propertyName":"text","key":"save"},"interaction":{"idSuffix":"BDI-content"}},"wdio_ui5_key":"etmportal.ui.managecatalogs.view.Detailsap.m.Button{\"propertyName\":\"text\",\"key\":\"save\"}"}]}
RESULT: {"script":"<script> [1562 bytes]","args":[{"selector":{"controlType":"sap.m.Button","viewName":"etm.portal.ui.managecatalogs.view.Detail","viewId":"application-managecatalogs-display-component---detailCatalog","i18NText":{"propertyName":"text","key":"save"},"interaction":{"idSuffix":"BDI-content"}},"wdio_ui5_key":"etmportal.ui.managecatalogs.view.Detailsap.m.Button{\"propertyName\":\"text\",\"key\":\"save\"}"}]}
RESULT: undefined
COMMAND: POST /session/df7e3af810ab6d6da1a176f6e8533552/element - {"using":"xpath","value":"//*[@id=\"__button43\"]"}
RESULT: {"using":"xpath","value":"//*[@id=\"__button43\"]"}
COMMAND: POST /session/df7e3af810ab6d6da1a176f6e8533552/element/f.CC9B589A9DA2186238667A9749121406.d.BE9FCAA409BC006BEF063F92DD24737D.e.8003/click - {}
RESULT: {}
COMMAND: GET /session/df7e3af810ab6d6da1a176f6e8533552/screenshot - {}
RESULT: {}
COMMAND: POST /session/df7e3af810ab6d6da1a176f6e8533552/element - {"using":"css selector","value":"#shell-header-logo"}
RESULT: {"using":"css selector","value":"#shell-header-logo"}
COMMAND: POST /session/df7e3af810ab6d6da1a176f6e8533552/element/f.CC9B589A9DA2186238667A9749121406.d.BE9FCAA409BC006BEF063F92DD24737D.e.7861/click - {}
RESULT: {}
COMMAND: GET /session/df7e3af810ab6d6da1a176f6e8533552/screenshot - {}
RESULT: {}
]]></system-out>
    </testcase>
    <testcase classname="chrome.135_0_7049_96.windows.Manage_requests_-_requests_specifications_US141095" name="Should create a new request and add the catalog item with the specifications" time="129.588">
      <system-out><![CDATA[
COMMAND: POST /session/df7e3af810ab6d6da1a176f6e8533552/element - {"using":"xpath","value":"//*[contains(@href, 'etm.portal.ui.managerequests')]"}
RESULT: {"using":"xpath","value":"//*[contains(@href, 'etm.portal.ui.managerequests')]"}
COMMAND: POST /session/df7e3af810ab6d6da1a176f6e8533552/element/f.CC9B589A9DA2186238667A9749121406.d.BE9FCAA409BC006BEF063F92DD24737D.e.8099/click - {}
RESULT: {}
COMMAND: GET /session/df7e3af810ab6d6da1a176f6e8533552/screenshot - {}
RESULT: {}
COMMAND: POST /session/df7e3af810ab6d6da1a176f6e8533552/element - {"using":"xpath","value":"//button[contains(@data-kt ,\"btnCreateNewOverflowToolbarButton\")]"}
COMMAND: POST /session/df7e3af810ab6d6da1a176f6e8533552/element - {"using":"xpath","value":"(//span[contains(@class ,\"sapMObjStatusText\")])[1]"}
RESULT: {"using":"xpath","value":"//button[contains(@data-kt ,\"btnCreateNewOverflowToolbarButton\")]"}
COMMAND: POST /session/df7e3af810ab6d6da1a176f6e8533552/element/f.CC9B589A9DA2186238667A9749121406.d.BE9FCAA409BC006BEF063F92DD24737D.e.8163/click - {}
RESULT: {"using":"xpath","value":"(//span[contains(@class ,\"sapMObjStatusText\")])[1]"}
COMMAND: POST /session/df7e3af810ab6d6da1a176f6e8533552/execute/sync - {"script":"<script> [8489 bytes]","args":[{"element-6066-11e4-a52e-4f735466cecf":"f.CC9B589A9DA2186238667A9749121406.d.BE9FCAA409BC006BEF063F92DD24737D.e.8203","ELEMENT":"f.CC9B589A9DA2186238667A9749121406.d.BE9FCAA409BC006BEF063F92DD24737D.e.8203"}]}
RESULT: {}
COMMAND: GET /session/df7e3af810ab6d6da1a176f6e8533552/screenshot - {}
RESULT: {"script":"<script> [8489 bytes]","args":[{"element-6066-11e4-a52e-4f735466cecf":"f.CC9B589A9DA2186238667A9749121406.d.BE9FCAA409BC006BEF063F92DD24737D.e.8203","ELEMENT":"f.CC9B589A9DA2186238667A9749121406.d.BE9FCAA409BC006BEF063F92DD24737D.e.8203"}]}
COMMAND: GET /session/df7e3af810ab6d6da1a176f6e8533552/screenshot - {}
RESULT: {}
RESULT: {}
COMMAND: POST /session/df7e3af810ab6d6da1a176f6e8533552/element - {"using":"xpath","value":"//input[contains(@id ,\"yardId-inner\")]"}
RESULT: {"using":"xpath","value":"//input[contains(@id ,\"yardId-inner\")]"}
COMMAND: POST /session/df7e3af810ab6d6da1a176f6e8533552/execute/sync - {"script":"<script> [8489 bytes]","args":[{"element-6066-11e4-a52e-4f735466cecf":"f.CC9B589A9DA2186238667A9749121406.d.BE9FCAA409BC006BEF063F92DD24737D.e.8396","ELEMENT":"f.CC9B589A9DA2186238667A9749121406.d.BE9FCAA409BC006BEF063F92DD24737D.e.8396"}]}
RESULT: {"script":"<script> [8489 bytes]","args":[{"element-6066-11e4-a52e-4f735466cecf":"f.CC9B589A9DA2186238667A9749121406.d.BE9FCAA409BC006BEF063F92DD24737D.e.8396","ELEMENT":"f.CC9B589A9DA2186238667A9749121406.d.BE9FCAA409BC006BEF063F92DD24737D.e.8396"}]}
COMMAND: POST /session/df7e3af810ab6d6da1a176f6e8533552/element - {"using":"xpath","value":"//input[contains(@id ,\"yardId-inner\")]"}
COMMAND: GET /session/df7e3af810ab6d6da1a176f6e8533552/screenshot - {}
RESULT: {"using":"xpath","value":"//input[contains(@id ,\"yardId-inner\")]"}
COMMAND: GET /session/df7e3af810ab6d6da1a176f6e8533552/element/f.CC9B589A9DA2186238667A9749121406.d.BE9FCAA409BC006BEF063F92DD24737D.e.8396/enabled - {}
RESULT: {}
RESULT: {}
COMMAND: POST /session/df7e3af810ab6d6da1a176f6e8533552/element/f.CC9B589A9DA2186238667A9749121406.d.BE9FCAA409BC006BEF063F92DD24737D.e.8396/clear - {}
COMMAND: GET /session/df7e3af810ab6d6da1a176f6e8533552/screenshot - {}
RESULT: {}
COMMAND: POST /session/df7e3af810ab6d6da1a176f6e8533552/element/f.CC9B589A9DA2186238667A9749121406.d.BE9FCAA409BC006BEF063F92DD24737D.e.8396/value - {"text":"WebdriverYardq4bzeg"}
COMMAND: GET /session/df7e3af810ab6d6da1a176f6e8533552/screenshot - {}
RESULT: {}
RESULT: {"text":"WebdriverYardq4bzeg"}
COMMAND: GET /session/df7e3af810ab6d6da1a176f6e8533552/screenshot - {}
RESULT: {}
RESULT: {}
COMMAND: POST /session/df7e3af810ab6d6da1a176f6e8533552/actions - {"actions":[{"id":"action51","type":"key","parameters":{},"actions":[{"type":"keyDown","value":"î€‡"},{"type":"pause","duration":10},{"type":"keyUp","value":"î€‡"}]}]}
COMMAND: POST /session/df7e3af810ab6d6da1a176f6e8533552/element - {"using":"xpath","value":"//input[contains(@id ,\"customerNumber-inner\")]"}
RESULT: {"actions":[{"id":"action51","type":"key","parameters":{},"actions":[{"type":"keyDown","value":"î€‡"},{"type":"pause","duration":10},{"type":"keyUp","value":"î€‡"}]}]}
COMMAND: GET /session/df7e3af810ab6d6da1a176f6e8533552/screenshot - {}
RESULT: {"using":"xpath","value":"//input[contains(@id ,\"customerNumber-inner\")]"}
COMMAND: POST /session/df7e3af810ab6d6da1a176f6e8533552/element/f.CC9B589A9DA2186238667A9749121406.d.BE9FCAA409BC006BEF063F92DD24737D.e.8390/value - {"text":"WebdriverPartnerc7b6l"}
RESULT: {}
RESULT: {"text":"WebdriverPartnerc7b6l"}
COMMAND: GET /session/df7e3af810ab6d6da1a176f6e8533552/screenshot - {}
RESULT: {}
COMMAND: POST /session/df7e3af810ab6d6da1a176f6e8533552/actions - {"actions":[{"id":"action52","type":"key","parameters":{},"actions":[{"type":"keyDown","value":"î€‡"},{"type":"pause","duration":10},{"type":"keyUp","value":"î€‡"}]}]}
RESULT: {"actions":[{"id":"action52","type":"key","parameters":{},"actions":[{"type":"keyDown","value":"î€‡"},{"type":"pause","duration":10},{"type":"keyUp","value":"î€‡"}]}]}
COMMAND: GET /session/df7e3af810ab6d6da1a176f6e8533552/screenshot - {}
RESULT: {}
COMMAND: POST /session/df7e3af810ab6d6da1a176f6e8533552/element - {"using":"xpath","value":"//input[contains(@id ,\"requestSiteId-inner\")]"}
RESULT: {"using":"xpath","value":"//input[contains(@id ,\"requestSiteId-inner\")]"}
COMMAND: POST /session/df7e3af810ab6d6da1a176f6e8533552/element/f.CC9B589A9DA2186238667A9749121406.d.BE9FCAA409BC006BEF063F92DD24737D.e.8389/value - {"text":"WebdriverSite7ggb9j"}
RESULT: {"text":"WebdriverSite7ggb9j"}
COMMAND: GET /session/df7e3af810ab6d6da1a176f6e8533552/screenshot - {}
RESULT: {}
COMMAND: POST /session/df7e3af810ab6d6da1a176f6e8533552/actions - {"actions":[{"id":"action53","type":"key","parameters":{},"actions":[{"type":"keyDown","value":"î€‡"},{"type":"pause","duration":10},{"type":"keyUp","value":"î€‡"}]}]}
RESULT: {"actions":[{"id":"action53","type":"key","parameters":{},"actions":[{"type":"keyDown","value":"î€‡"},{"type":"pause","duration":10},{"type":"keyUp","value":"î€‡"}]}]}
COMMAND: POST /session/df7e3af810ab6d6da1a176f6e8533552/execute/async - {"script":"<script> [1562 bytes]","args":[{"selector":{"controlType":"sap.ui.core.Icon","viewName":"etm.portal.ui.managerequests.view.NewRequest","properties":{"src":{"regex":{"source":"add"}}}},"wdio_ui5_key":"etmportal.ui.managerequests.view.NewRequestsap.ui.core.Icon{\"src\":{\"regex\":{\"source\":\"add\"}}}"}]}
COMMAND: GET /session/df7e3af810ab6d6da1a176f6e8533552/screenshot - {}
RESULT: {"script":"<script> [1562 bytes]","args":[{"selector":{"controlType":"sap.ui.core.Icon","viewName":"etm.portal.ui.managerequests.view.NewRequest","properties":{"src":{"regex":{"source":"add"}}}},"wdio_ui5_key":"etmportal.ui.managerequests.view.NewRequestsap.ui.core.Icon{\"src\":{\"regex\":{\"source\":\"add\"}}}"}]}
RESULT: undefined
COMMAND: POST /session/df7e3af810ab6d6da1a176f6e8533552/element - {"using":"xpath","value":"//*[@id=\"__xmlview59--btnAddTableRow-img\"]"}
RESULT: {}
RESULT: {"using":"xpath","value":"//*[@id=\"__xmlview59--btnAddTableRow-img\"]"}
COMMAND: POST /session/df7e3af810ab6d6da1a176f6e8533552/element/f.CC9B589A9DA2186238667A9749121406.d.BE9FCAA409BC006BEF063F92DD24737D.e.8370/click - {}
RESULT: {}
COMMAND: GET /session/df7e3af810ab6d6da1a176f6e8533552/screenshot - {}
RESULT: {}
COMMAND: POST /session/df7e3af810ab6d6da1a176f6e8533552/actions - {"actions":[{"id":"action54","type":"key","parameters":{},"actions":[{"type":"keyDown","value":"î€•"},{"type":"pause","duration":10},{"type":"keyUp","value":"î€•"}]}]}
RESULT: {"actions":[{"id":"action54","type":"key","parameters":{},"actions":[{"type":"keyDown","value":"î€•"},{"type":"pause","duration":10},{"type":"keyUp","value":"î€•"}]}]}
COMMAND: POST /session/df7e3af810ab6d6da1a176f6e8533552/actions - {"actions":[{"id":"action55","type":"key","parameters":{},"actions":[{"type":"keyDown","value":"î€‡"},{"type":"pause","duration":10},{"type":"keyUp","value":"î€‡"}]}]}
COMMAND: GET /session/df7e3af810ab6d6da1a176f6e8533552/screenshot - {}
RESULT: {"actions":[{"id":"action55","type":"key","parameters":{},"actions":[{"type":"keyDown","value":"î€‡"},{"type":"pause","duration":10},{"type":"keyUp","value":"î€‡"}]}]}
COMMAND: POST /session/df7e3af810ab6d6da1a176f6e8533552/element - {"using":"xpath","value":"(//input[contains(@id ,\"requestItemsTable-0-inner\")])[1]"}
COMMAND: GET /session/df7e3af810ab6d6da1a176f6e8533552/screenshot - {}
RESULT: {}
RESULT: {"using":"xpath","value":"(//input[contains(@id ,\"requestItemsTable-0-inner\")])[1]"}
COMMAND: POST /session/df7e3af810ab6d6da1a176f6e8533552/element/f.CC9B589A9DA2186238667A9749121406.d.BE9FCAA409BC006BEF063F92DD24737D.e.8559/clear - {}
RESULT: {}
RESULT: {}
COMMAND: POST /session/df7e3af810ab6d6da1a176f6e8533552/element/f.CC9B589A9DA2186238667A9749121406.d.BE9FCAA409BC006BEF063F92DD24737D.e.8559/value - {"text":"catalogItemNamepvqxx"}
COMMAND: GET /session/df7e3af810ab6d6da1a176f6e8533552/screenshot - {}
RESULT: {"text":"catalogItemNamepvqxx"}
COMMAND: GET /session/df7e3af810ab6d6da1a176f6e8533552/screenshot - {}
RESULT: {}
RESULT: {}
COMMAND: POST /session/df7e3af810ab6d6da1a176f6e8533552/actions - {"actions":[{"id":"action56","type":"key","parameters":{},"actions":[{"type":"keyDown","value":"î€‡"},{"type":"pause","duration":10},{"type":"keyUp","value":"î€‡"}]}]}
RESULT: {"actions":[{"id":"action56","type":"key","parameters":{},"actions":[{"type":"keyDown","value":"î€‡"},{"type":"pause","duration":10},{"type":"keyUp","value":"î€‡"}]}]}
COMMAND: GET /session/df7e3af810ab6d6da1a176f6e8533552/screenshot - {}
RESULT: {}
COMMAND: POST /session/df7e3af810ab6d6da1a176f6e8533552/execute/async - {"script":"<script> [1562 bytes]","args":[{"selector":{"controlType":"sap.m.Button","viewName":"etm.portal.ui.managerequests.view.NewRequest","i18NText":{"propertyName":"text","key":"requestSpecifications"},"interaction":{"idSuffix":"BDI-content"}},"wdio_ui5_key":"etmportal.ui.managerequests.view.NewRequestsap.m.Button{\"propertyName\":\"text\",\"key\":\"requestSpecifications\"}"}]}
RESULT: {"script":"<script> [1562 bytes]","args":[{"selector":{"controlType":"sap.m.Button","viewName":"etm.portal.ui.managerequests.view.NewRequest","i18NText":{"propertyName":"text","key":"requestSpecifications"},"interaction":{"idSuffix":"BDI-content"}},"wdio_ui5_key":"etmportal.ui.managerequests.view.NewRequestsap.m.Button{\"propertyName\":\"text\",\"key\":\"requestSpecifications\"}"}]}
RESULT: undefined
COMMAND: POST /session/df7e3af810ab6d6da1a176f6e8533552/element - {"using":"xpath","value":"//*[@id=\"__button78-__xmlview59--requestItemsTable-0\"]"}
RESULT: {"using":"xpath","value":"//*[@id=\"__button78-__xmlview59--requestItemsTable-0\"]"}
COMMAND: POST /session/df7e3af810ab6d6da1a176f6e8533552/element/f.CC9B589A9DA2186238667A9749121406.d.BE9FCAA409BC006BEF063F92DD24737D.e.8573/click - {}
RESULT: {}
COMMAND: GET /session/df7e3af810ab6d6da1a176f6e8533552/screenshot - {}
RESULT: {}
COMMAND: POST /session/df7e3af810ab6d6da1a176f6e8533552/element - {"using":"xpath","value":"//input[@value=\"red\"]"}
RESULT: {"using":"xpath","value":"//input[@value=\"red\"]"}
COMMAND: POST /session/df7e3af810ab6d6da1a176f6e8533552/elements - {"using":"xpath","value":"//input[@value=\"red\"]"}
RESULT: {"using":"xpath","value":"//input[@value=\"red\"]"}
COMMAND: POST /session/df7e3af810ab6d6da1a176f6e8533552/execute/async - {"script":"<script> [1562 bytes]","args":[{"selector":{"controlType":"sap.m.Text","viewName":"etm.portal.ui.managerequests.view.NewRequest","bindingPath":{"path":"/currentEntries/0/PROPERTIES/0","propertyPath":"DESCRIPTION","modelName":"techSpecsClassificationModel"},"searchOpenDialogs":true},"wdio_ui5_key":"etmportal.ui.managerequests.view.NewRequestsap.m.Text{\"path\":\"/currentEntries/0/PROPERTIES/0\",\"propertyPath\":\"DESCRIPTION\",\"modelName\":\"techSpecsClassificationModel\"}"}]}
RESULT: {"script":"<script> [1562 bytes]","args":[{"selector":{"controlType":"sap.m.Text","viewName":"etm.portal.ui.managerequests.view.NewRequest","bindingPath":{"path":"/currentEntries/0/PROPERTIES/0","propertyPath":"DESCRIPTION","modelName":"techSpecsClassificationModel"},"searchOpenDialogs":true},"wdio_ui5_key":"etmportal.ui.managerequests.view.NewRequestsap.m.Text{\"path\":\"/currentEntries/0/PROPERTIES/0\",\"propertyPath\":\"DESCRIPTION\",\"modelName\":\"techSpecsClassificationModel\"}"}]}
RESULT: undefined
COMMAND: POST /session/df7e3af810ab6d6da1a176f6e8533552/execute/async - {"script":"<script> [6424 bytes]","args":[{"element-6066-11e4-a52e-4f735466cecf":"f.CC9B589A9DA2186238667A9749121406.d.BE9FCAA409BC006BEF063F92DD24737D.e.8581"},"getText",[]]}
RESULT: {"script":"<script> [6424 bytes]","args":[{"element-6066-11e4-a52e-4f735466cecf":"f.CC9B589A9DA2186238667A9749121406.d.BE9FCAA409BC006BEF063F92DD24737D.e.8581"},"getText",[]]}
COMMAND: POST /session/df7e3af810ab6d6da1a176f6e8533552/execute/async - {"script":"<script> [1562 bytes]","args":[{"selector":{"controlType":"sap.ui.core.Icon","viewName":"etm.portal.ui.managerequests.view.NewRequest","properties":{"src":{"regex":{"source":"slim\\-arrow\\-down"}}},"searchOpenDialogs":true},"wdio_ui5_key":"etmportal.ui.managerequests.view.NewRequestsap.ui.core.Icon{\"src\":{\"regex\":{\"source\":\"slim\\\\-arrow\\\\-down\"}}}"}]}
RESULT: {"script":"<script> [1562 bytes]","args":[{"selector":{"controlType":"sap.ui.core.Icon","viewName":"etm.portal.ui.managerequests.view.NewRequest","properties":{"src":{"regex":{"source":"slim\\-arrow\\-down"}}},"searchOpenDialogs":true},"wdio_ui5_key":"etmportal.ui.managerequests.view.NewRequestsap.ui.core.Icon{\"src\":{\"regex\":{\"source\":\"slim\\\\-arrow\\\\-down\"}}}"}]}
RESULT: undefined
COMMAND: POST /session/df7e3af810ab6d6da1a176f6e8533552/element - {"using":"xpath","value":"//*[@id=\"__box58-arrow\"]"}
RESULT: {"using":"xpath","value":"//*[@id=\"__box58-arrow\"]"}
COMMAND: POST /session/df7e3af810ab6d6da1a176f6e8533552/element/f.CC9B589A9DA2186238667A9749121406.d.BE9FCAA409BC006BEF063F92DD24737D.e.8582/click - {}
RESULT: {}
COMMAND: POST /session/df7e3af810ab6d6da1a176f6e8533552/execute/async - {"script":"<script> [1562 bytes]","args":[{"selector":{"controlType":"sap.m.StandardListItem","viewName":"etm.portal.ui.managerequests.view.NewRequest","properties":{"title":"blue"},"searchOpenDialogs":true,"interaction":{"idSuffix":"content"}},"wdio_ui5_key":"etmportal.ui.managerequests.view.NewRequestsap.m.StandardListItem{\"title\":\"blue\"}"}]}
COMMAND: GET /session/df7e3af810ab6d6da1a176f6e8533552/screenshot - {}
RESULT: {"script":"<script> [1562 bytes]","args":[{"selector":{"controlType":"sap.m.StandardListItem","viewName":"etm.portal.ui.managerequests.view.NewRequest","properties":{"title":"blue"},"searchOpenDialogs":true,"interaction":{"idSuffix":"content"}},"wdio_ui5_key":"etmportal.ui.managerequests.view.NewRequestsap.m.StandardListItem{\"title\":\"blue\"}"}]}
RESULT: undefined
COMMAND: POST /session/df7e3af810ab6d6da1a176f6e8533552/element - {"using":"xpath","value":"//*[@id=\"__item633\"]"}
RESULT: {}
RESULT: {"using":"xpath","value":"//*[@id=\"__item633\"]"}
COMMAND: POST /session/df7e3af810ab6d6da1a176f6e8533552/element/f.CC9B589A9DA2186238667A9749121406.d.BE9FCAA409BC006BEF063F92DD24737D.e.8585/click - {}
RESULT: {}
COMMAND: GET /session/df7e3af810ab6d6da1a176f6e8533552/screenshot - {}
RESULT: {}
COMMAND: POST /session/df7e3af810ab6d6da1a176f6e8533552/execute/async - {"script":"<script> [1562 bytes]","args":[{"selector":{"id":"saveButton","viewName":"etm.portal.ui.managerequests.view.NewRequest","searchOpenDialogs":true,"interaction":{"idSuffix":"BDI-content"}},"wdio_ui5_key":"saveButtonetmportal.ui.managerequests.view.NewRequest"}]}
RESULT: {"script":"<script> [1562 bytes]","args":[{"selector":{"id":"saveButton","viewName":"etm.portal.ui.managerequests.view.NewRequest","searchOpenDialogs":true,"interaction":{"idSuffix":"BDI-content"}},"wdio_ui5_key":"saveButtonetmportal.ui.managerequests.view.NewRequest"}]}
RESULT: undefined
COMMAND: POST /session/df7e3af810ab6d6da1a176f6e8533552/element - {"using":"xpath","value":"//*[@id=\"__xmlview59--saveButton\"]"}
RESULT: {"using":"xpath","value":"//*[@id=\"__xmlview59--saveButton\"]"}
COMMAND: POST /session/df7e3af810ab6d6da1a176f6e8533552/element/f.CC9B589A9DA2186238667A9749121406.d.BE9FCAA409BC006BEF063F92DD24737D.e.8579/click - {}
RESULT: {}
COMMAND: POST /session/df7e3af810ab6d6da1a176f6e8533552/execute/async - {"script":"<script> [1562 bytes]","args":[{"selector":{"controlType":"sap.ui.core.Icon","viewName":"etm.portal.ui.managerequests.view.NewRequest","properties":{"src":{"regex":{"source":"slim\\-arrow\\-down"}}},"ancestor":{"controlType":"sap.m.Button","viewName":"etm.portal.ui.managerequests.view.NewRequest","properties":{"icon":"sap-icon://slim-arrow-down"}}},"wdio_ui5_key":"etmportal.ui.managerequests.view.NewRequestsap.ui.core.Icon{\"src\":{\"regex\":{\"source\":\"slim\\\\-arrow\\\\-down\"}}}{\"controlType\":\"sap.m.Button\",\"viewName\":\"etm.portal.ui.managerequests.view.NewRequest\",\"properties\":{\"icon\":\"sap-icon://slim-arrow-down\"}}"}]}
COMMAND: GET /session/df7e3af810ab6d6da1a176f6e8533552/screenshot - {}
RESULT: {"script":"<script> [1562 bytes]","args":[{"selector":{"controlType":"sap.ui.core.Icon","viewName":"etm.portal.ui.managerequests.view.NewRequest","properties":{"src":{"regex":{"source":"slim\\-arrow\\-down"}}},"ancestor":{"controlType":"sap.m.Button","viewName":"etm.portal.ui.managerequests.view.NewRequest","properties":{"icon":"sap-icon://slim-arrow-down"}}},"wdio_ui5_key":"etmportal.ui.managerequests.view.NewRequestsap.ui.core.Icon{\"src\":{\"regex\":{\"source\":\"slim\\\\-arrow\\\\-down\"}}}{\"controlType\":\"sap.m.Button\",\"viewName\":\"etm.portal.ui.managerequests.view.NewRequest\",\"properties\":{\"icon\":\"sap-icon://slim-arrow-down\"}}"}]}
RESULT: undefined
RESULT: {}
COMMAND: POST /session/df7e3af810ab6d6da1a176f6e8533552/element - {"using":"xpath","value":"//div[contains(@data-kt ,\"splitAllocationObjectStatus\")]"}
RESULT: {"using":"xpath","value":"//div[contains(@data-kt ,\"splitAllocationObjectStatus\")]"}
COMMAND: POST /session/df7e3af810ab6d6da1a176f6e8533552/elements - {"using":"xpath","value":"//div[contains(@data-kt ,\"splitAllocationObjectStatus\")]"}
RESULT: {"using":"xpath","value":"//div[contains(@data-kt ,\"splitAllocationObjectStatus\")]"}
COMMAND: POST /session/df7e3af810ab6d6da1a176f6e8533552/execute/async - {"script":"<script> [1562 bytes]","args":[{"selector":{"controlType":"sap.ui.core.Icon","viewName":"etm.portal.ui.managerequests.view.NewRequest","properties":{"src":{"regex":{"source":"message\\-error"}}}},"wdio_ui5_key":"etmportal.ui.managerequests.view.NewRequestsap.ui.core.Icon{\"src\":{\"regex\":{\"source\":\"message\\\\-error\"}}}"}]}
RESULT: {"script":"<script> [1562 bytes]","args":[{"selector":{"controlType":"sap.ui.core.Icon","viewName":"etm.portal.ui.managerequests.view.NewRequest","properties":{"src":{"regex":{"source":"message\\-error"}}}},"wdio_ui5_key":"etmportal.ui.managerequests.view.NewRequestsap.ui.core.Icon{\"src\":{\"regex\":{\"source\":\"message\\\\-error\"}}}"}]}
RESULT: undefined
COMMAND: POST /session/df7e3af810ab6d6da1a176f6e8533552/element - {"using":"xpath","value":"//*[@id=\"__status4-__xmlview59--requestItemsTable-0-icon\"]"}
RESULT: {"using":"xpath","value":"//*[@id=\"__status4-__xmlview59--requestItemsTable-0-icon\"]"}
COMMAND: POST /session/df7e3af810ab6d6da1a176f6e8533552/element/f.CC9B589A9DA2186238667A9749121406.d.BE9FCAA409BC006BEF063F92DD24737D.e.8588/click - {}
RESULT: {}
COMMAND: POST /session/df7e3af810ab6d6da1a176f6e8533552/execute/async - {"script":"<script> [1562 bytes]","args":[{"selector":{"controlType":"sap.ui.core.Icon","viewName":"etm.portal.ui.managerequests.view.NewRequest","properties":{"src":{"regex":{"source":"slim\\-arrow\\-down"}}},"searchOpenDialogs":true,"ancestor":{"id":"costObjectAdminTypeComboBox","viewName":"etm.portal.ui.managerequests.view.NewRequest","searchOpenDialogs":true}},"wdio_ui5_key":"etmportal.ui.managerequests.view.NewRequestsap.ui.core.Icon{\"src\":{\"regex\":{\"source\":\"slim\\\\-arrow\\\\-down\"}}}{\"id\":\"costObjectAdminTypeComboBox\",\"viewName\":\"etm.portal.ui.managerequests.view.NewRequest\",\"searchOpenDialogs\":true}"}]}
COMMAND: GET /session/df7e3af810ab6d6da1a176f6e8533552/screenshot - {}
RESULT: {"script":"<script> [1562 bytes]","args":[{"selector":{"controlType":"sap.ui.core.Icon","viewName":"etm.portal.ui.managerequests.view.NewRequest","properties":{"src":{"regex":{"source":"slim\\-arrow\\-down"}}},"searchOpenDialogs":true,"ancestor":{"id":"costObjectAdminTypeComboBox","viewName":"etm.portal.ui.managerequests.view.NewRequest","searchOpenDialogs":true}},"wdio_ui5_key":"etmportal.ui.managerequests.view.NewRequestsap.ui.core.Icon{\"src\":{\"regex\":{\"source\":\"slim\\\\-arrow\\\\-down\"}}}{\"id\":\"costObjectAdminTypeComboBox\",\"viewName\":\"etm.portal.ui.managerequests.view.NewRequest\",\"searchOpenDialogs\":true}"}]}
RESULT: undefined
COMMAND: POST /session/df7e3af810ab6d6da1a176f6e8533552/element - {"using":"xpath","value":"//*[@id=\"__xmlview59--costObjectAdminTypeComboBox-arrow\"]"}
RESULT: {}
RESULT: {"using":"xpath","value":"//*[@id=\"__xmlview59--costObjectAdminTypeComboBox-arrow\"]"}
COMMAND: POST /session/df7e3af810ab6d6da1a176f6e8533552/element/f.CC9B589A9DA2186238667A9749121406.d.BE9FCAA409BC006BEF063F92DD24737D.e.8592/click - {}
RESULT: {}
COMMAND: POST /session/df7e3af810ab6d6da1a176f6e8533552/execute/async - {"script":"<script> [1562 bytes]","args":[{"selector":{"controlType":"sap.m.StandardListItem","viewName":"etm.portal.ui.managerequests.view.NewRequest","properties":{"title":"Cost Center"},"searchOpenDialogs":true,"interaction":{"idSuffix":"titleText"}},"wdio_ui5_key":"etmportal.ui.managerequests.view.NewRequestsap.m.StandardListItem{\"title\":\"Cost Center\"}"}]}
COMMAND: GET /session/df7e3af810ab6d6da1a176f6e8533552/screenshot - {}
RESULT: {"script":"<script> [1562 bytes]","args":[{"selector":{"controlType":"sap.m.StandardListItem","viewName":"etm.portal.ui.managerequests.view.NewRequest","properties":{"title":"Cost Center"},"searchOpenDialogs":true,"interaction":{"idSuffix":"titleText"}},"wdio_ui5_key":"etmportal.ui.managerequests.view.NewRequestsap.m.StandardListItem{\"title\":\"Cost Center\"}"}]}
RESULT: undefined
COMMAND: POST /session/df7e3af810ab6d6da1a176f6e8533552/element - {"using":"xpath","value":"//*[@id=\"__item636\"]"}
RESULT: {}
RESULT: {"using":"xpath","value":"//*[@id=\"__item636\"]"}
COMMAND: POST /session/df7e3af810ab6d6da1a176f6e8533552/element/f.CC9B589A9DA2186238667A9749121406.d.BE9FCAA409BC006BEF063F92DD24737D.e.8595/click - {}
RESULT: {}
COMMAND: POST /session/df7e3af810ab6d6da1a176f6e8533552/execute/async - {"script":"<script> [1562 bytes]","args":[{"selector":{"controlType":"sap.ui.core.Icon","viewName":"etm.portal.ui.managerequests.view.NewRequest","properties":{"src":{"regex":{"source":"value\\-help"}}},"searchOpenDialogs":true},"wdio_ui5_key":"etmportal.ui.managerequests.view.NewRequestsap.ui.core.Icon{\"src\":{\"regex\":{\"source\":\"value\\\\-help\"}}}"}]}
COMMAND: GET /session/df7e3af810ab6d6da1a176f6e8533552/screenshot - {}
RESULT: {"script":"<script> [1562 bytes]","args":[{"selector":{"controlType":"sap.ui.core.Icon","viewName":"etm.portal.ui.managerequests.view.NewRequest","properties":{"src":{"regex":{"source":"value\\-help"}}},"searchOpenDialogs":true},"wdio_ui5_key":"etmportal.ui.managerequests.view.NewRequestsap.ui.core.Icon{\"src\":{\"regex\":{\"source\":\"value\\\\-help\"}}}"}]}
RESULT: undefined
COMMAND: POST /session/df7e3af810ab6d6da1a176f6e8533552/element - {"using":"xpath","value":"//*[@id=\"__xmlview59--costObjectIdComboBox-vhi\"]"}
RESULT: {}
RESULT: {"using":"xpath","value":"//*[@id=\"__xmlview59--costObjectIdComboBox-vhi\"]"}
COMMAND: POST /session/df7e3af810ab6d6da1a176f6e8533552/element/f.CC9B589A9DA2186238667A9749121406.d.BE9FCAA409BC006BEF063F92DD24737D.e.8601/click - {}
RESULT: {}
COMMAND: POST /session/df7e3af810ab6d6da1a176f6e8533552/execute/async - {"script":"<script> [1562 bytes]","args":[{"selector":{"controlType":"sap.m.SearchField","properties":{"placeholder":"Search"},"searchOpenDialogs":true,"interaction":{"idSuffix":"I"}},"wdio_ui5_key":"sapm.SearchField{\"placeholder\":\"Search\"}"}]}
COMMAND: GET /session/df7e3af810ab6d6da1a176f6e8533552/screenshot - {}
RESULT: {"script":"<script> [1562 bytes]","args":[{"selector":{"controlType":"sap.m.SearchField","properties":{"placeholder":"Search"},"searchOpenDialogs":true,"interaction":{"idSuffix":"I"}},"wdio_ui5_key":"sapm.SearchField{\"placeholder\":\"Search\"}"}]}
RESULT: undefined
COMMAND: POST /session/df7e3af810ab6d6da1a176f6e8533552/execute/async - {"script":"<script> [776 bytes]","args":[{"enterText":"10001010","selector":{"controlType":"sap.m.SearchField","properties":{"placeholder":"Search"},"searchOpenDialogs":true,"interaction":{"idSuffix":"I"}},"clearTextFirst":true,"interactionType":"ENTER_TEXT"}]}
RESULT: {}
RESULT: {"script":"<script> [776 bytes]","args":[{"enterText":"10001010","selector":{"controlType":"sap.m.SearchField","properties":{"placeholder":"Search"},"searchOpenDialogs":true,"interaction":{"idSuffix":"I"}},"clearTextFirst":true,"interactionType":"ENTER_TEXT"}]}
COMMAND: POST /session/df7e3af810ab6d6da1a176f6e8533552/actions - {"actions":[{"id":"action57","type":"key","parameters":{},"actions":[{"type":"keyDown","value":"î€‡"},{"type":"pause","duration":10},{"type":"keyUp","value":"î€‡"}]}]}
RESULT: {"actions":[{"id":"action57","type":"key","parameters":{},"actions":[{"type":"keyDown","value":"î€‡"},{"type":"pause","duration":10},{"type":"keyUp","value":"î€‡"}]}]}
COMMAND: GET /session/df7e3af810ab6d6da1a176f6e8533552/screenshot - {}
RESULT: {}
COMMAND: POST /session/df7e3af810ab6d6da1a176f6e8533552/execute/async - {"script":"<script> [1562 bytes]","args":[{"selector":{"controlType":"sap.m.Text","bindingPath":{"path":"/C_CostCtrValueHelp(CostCenter='10001010',ControllingArea='Z001')","propertyPath":"CostCenterName","modelName":"CostCenterModel"},"searchOpenDialogs":true},"wdio_ui5_key":"sapm.Text{\"path\":\"/C_CostCtrValueHelp(CostCenter='10001010',ControllingArea='Z001')\",\"propertyPath\":\"CostCenterName\",\"modelName\":\"CostCenterModel\"}"}]}
RESULT: {"script":"<script> [1562 bytes]","args":[{"selector":{"controlType":"sap.m.Text","bindingPath":{"path":"/C_CostCtrValueHelp(CostCenter='10001010',ControllingArea='Z001')","propertyPath":"CostCenterName","modelName":"CostCenterModel"},"searchOpenDialogs":true},"wdio_ui5_key":"sapm.Text{\"path\":\"/C_CostCtrValueHelp(CostCenter='10001010',ControllingArea='Z001')\",\"propertyPath\":\"CostCenterName\",\"modelName\":\"CostCenterModel\"}"}]}
RESULT: undefined
COMMAND: POST /session/df7e3af810ab6d6da1a176f6e8533552/element - {"using":"xpath","value":"//*[@id=\"__text550-__clone832\"]"}
RESULT: {"using":"xpath","value":"//*[@id=\"__text550-__clone832\"]"}
COMMAND: POST /session/df7e3af810ab6d6da1a176f6e8533552/element/f.CC9B589A9DA2186238667A9749121406.d.BE9FCAA409BC006BEF063F92DD24737D.e.8642/click - {}
RESULT: {}
COMMAND: POST /session/df7e3af810ab6d6da1a176f6e8533552/execute/async - {"script":"<script> [1562 bytes]","args":[{"selector":{"controlType":"sap.m.Button","properties":{"text":"OK"},"searchOpenDialogs":true,"interaction":{"idSuffix":"BDI-content"}},"wdio_ui5_key":"sapm.Button{\"text\":\"OK\"}"}]}
COMMAND: GET /session/df7e3af810ab6d6da1a176f6e8533552/screenshot - {}
RESULT: {"script":"<script> [1562 bytes]","args":[{"selector":{"controlType":"sap.m.Button","properties":{"text":"OK"},"searchOpenDialogs":true,"interaction":{"idSuffix":"BDI-content"}},"wdio_ui5_key":"sapm.Button{\"text\":\"OK\"}"}]}
RESULT: undefined
COMMAND: POST /session/df7e3af810ab6d6da1a176f6e8533552/element - {"using":"xpath","value":"//*[@id=\"__dialog2-ok\"]"}
RESULT: {}
RESULT: {"using":"xpath","value":"//*[@id=\"__dialog2-ok\"]"}
COMMAND: POST /session/df7e3af810ab6d6da1a176f6e8533552/element/f.CC9B589A9DA2186238667A9749121406.d.BE9FCAA409BC006BEF063F92DD24737D.e.8644/click - {}
RESULT: {}
COMMAND: GET /session/df7e3af810ab6d6da1a176f6e8533552/screenshot - {}
RESULT: {}
COMMAND: POST /session/df7e3af810ab6d6da1a176f6e8533552/execute/async - {"script":"<script> [1562 bytes]","args":[{"selector":{"controlType":"sap.m.Button","viewName":"etm.portal.ui.managerequests.view.NewRequest","i18NText":{"propertyName":"text","key":"save"},"searchOpenDialogs":true,"interaction":{"idSuffix":"BDI-content"}},"wdio_ui5_key":"etmportal.ui.managerequests.view.NewRequestsap.m.Button{\"propertyName\":\"text\",\"key\":\"save\"}"}]}
RESULT: {"script":"<script> [1562 bytes]","args":[{"selector":{"controlType":"sap.m.Button","viewName":"etm.portal.ui.managerequests.view.NewRequest","i18NText":{"propertyName":"text","key":"save"},"searchOpenDialogs":true,"interaction":{"idSuffix":"BDI-content"}},"wdio_ui5_key":"etmportal.ui.managerequests.view.NewRequestsap.m.Button{\"propertyName\":\"text\",\"key\":\"save\"}"}]}
RESULT: undefined
COMMAND: POST /session/df7e3af810ab6d6da1a176f6e8533552/element - {"using":"xpath","value":"//*[@id=\"__button91\"]"}
RESULT: {"using":"xpath","value":"//*[@id=\"__button91\"]"}
COMMAND: POST /session/df7e3af810ab6d6da1a176f6e8533552/element/f.CC9B589A9DA2186238667A9749121406.d.BE9FCAA409BC006BEF063F92DD24737D.e.8648/click - {}
RESULT: {}
COMMAND: GET /session/df7e3af810ab6d6da1a176f6e8533552/screenshot - {}
RESULT: {}
COMMAND: POST /session/df7e3af810ab6d6da1a176f6e8533552/execute/async - {"script":"<script> [1562 bytes]","args":[{"selector":{"controlType":"sap.m.Button","viewName":"etm.portal.ui.managerequests.view.NewRequest","i18NText":{"propertyName":"tooltip","key":"save"},"interaction":{"idSuffix":"content"}},"wdio_ui5_key":"etmportal.ui.managerequests.view.NewRequestsap.m.Button{\"propertyName\":\"tooltip\",\"key\":\"save\"}"}]}
RESULT: {"script":"<script> [1562 bytes]","args":[{"selector":{"controlType":"sap.m.Button","viewName":"etm.portal.ui.managerequests.view.NewRequest","i18NText":{"propertyName":"tooltip","key":"save"},"interaction":{"idSuffix":"content"}},"wdio_ui5_key":"etmportal.ui.managerequests.view.NewRequestsap.m.Button{\"propertyName\":\"tooltip\",\"key\":\"save\"}"}]}
RESULT: undefined
COMMAND: POST /session/df7e3af810ab6d6da1a176f6e8533552/element - {"using":"xpath","value":"//*[@id=\"__button80\"]"}
RESULT: {"using":"xpath","value":"//*[@id=\"__button80\"]"}
COMMAND: POST /session/df7e3af810ab6d6da1a176f6e8533552/element/f.CC9B589A9DA2186238667A9749121406.d.BE9FCAA409BC006BEF063F92DD24737D.e.8498/click - {}
RESULT: {}
COMMAND: GET /session/df7e3af810ab6d6da1a176f6e8533552/screenshot - {}
RESULT: {}
COMMAND: POST /session/df7e3af810ab6d6da1a176f6e8533552/execute/async - {"script":"<script> [1562 bytes]","args":[{"selector":{"controlType":"sap.m.Title","properties":{"text":"Success"},"searchOpenDialogs":true},"wdio_ui5_key":"sapm.Title{\"text\":\"Success\"}"}]}
RESULT: {"script":"<script> [1562 bytes]","args":[{"selector":{"controlType":"sap.m.Title","properties":{"text":"Success"},"searchOpenDialogs":true},"wdio_ui5_key":"sapm.Title{\"text\":\"Success\"}"}]}
RESULT: undefined
COMMAND: POST /session/df7e3af810ab6d6da1a176f6e8533552/execute/async - {"script":"<script> [6424 bytes]","args":[{"element-6066-11e4-a52e-4f735466cecf":"f.CC9B589A9DA2186238667A9749121406.d.BE9FCAA409BC006BEF063F92DD24737D.e.8653"},"getText",[]]}
RESULT: {"script":"<script> [6424 bytes]","args":[{"element-6066-11e4-a52e-4f735466cecf":"f.CC9B589A9DA2186238667A9749121406.d.BE9FCAA409BC006BEF063F92DD24737D.e.8653"},"getText",[]]}
COMMAND: POST /session/df7e3af810ab6d6da1a176f6e8533552/execute/async - {"script":"<script> [1562 bytes]","args":[{"selector":{"controlType":"sap.m.Button","properties":{"text":"Close"},"searchOpenDialogs":true,"interaction":{"idSuffix":"BDI-content"}},"wdio_ui5_key":"sapm.Button{\"text\":\"Close\"}"}]}
RESULT: {"script":"<script> [1562 bytes]","args":[{"selector":{"controlType":"sap.m.Button","properties":{"text":"Close"},"searchOpenDialogs":true,"interaction":{"idSuffix":"BDI-content"}},"wdio_ui5_key":"sapm.Button{\"text\":\"Close\"}"}]}
RESULT: undefined
COMMAND: POST /session/df7e3af810ab6d6da1a176f6e8533552/element - {"using":"xpath","value":"//*[@id=\"__mbox-btn-0\"]"}
RESULT: {"using":"xpath","value":"//*[@id=\"__mbox-btn-0\"]"}
COMMAND: POST /session/df7e3af810ab6d6da1a176f6e8533552/element/f.CC9B589A9DA2186238667A9749121406.d.BE9FCAA409BC006BEF063F92DD24737D.e.8652/click - {}
RESULT: {}
COMMAND: GET /session/df7e3af810ab6d6da1a176f6e8533552/screenshot - {}
RESULT: {}
COMMAND: POST /session/df7e3af810ab6d6da1a176f6e8533552/execute/async - {"script":"<script> [1562 bytes]","args":[{"selector":{"controlType":"sap.m.Button","viewName":"etm.portal.ui.managerequests.view.Detail","i18NText":{"propertyName":"text","key":"requestSpecifications"},"interaction":{"idSuffix":"BDI-content"}},"wdio_ui5_key":"etmportal.ui.managerequests.view.Detailsap.m.Button{\"propertyName\":\"text\",\"key\":\"requestSpecifications\"}"}]}
RESULT: {"script":"<script> [1562 bytes]","args":[{"selector":{"controlType":"sap.m.Button","viewName":"etm.portal.ui.managerequests.view.Detail","i18NText":{"propertyName":"text","key":"requestSpecifications"},"interaction":{"idSuffix":"BDI-content"}},"wdio_ui5_key":"etmportal.ui.managerequests.view.Detailsap.m.Button{\"propertyName\":\"text\",\"key\":\"requestSpecifications\"}"}]}
RESULT: undefined
COMMAND: POST /session/df7e3af810ab6d6da1a176f6e8533552/element - {"using":"xpath","value":"//*[@id=\"__button107-__clone871\"]"}
RESULT: {"using":"xpath","value":"//*[@id=\"__button107-__clone871\"]"}
COMMAND: POST /session/df7e3af810ab6d6da1a176f6e8533552/element/f.CC9B589A9DA2186238667A9749121406.d.BE9FCAA409BC006BEF063F92DD24737D.e.8769/click - {}
RESULT: {}
COMMAND: GET /session/df7e3af810ab6d6da1a176f6e8533552/screenshot - {}
RESULT: {}
COMMAND: POST /session/df7e3af810ab6d6da1a176f6e8533552/element - {"using":"xpath","value":"//input[@value=\"blue\"]"}
RESULT: {"using":"xpath","value":"//input[@value=\"blue\"]"}
COMMAND: POST /session/df7e3af810ab6d6da1a176f6e8533552/elements - {"using":"xpath","value":"//input[@value=\"blue\"]"}
RESULT: {"using":"xpath","value":"//input[@value=\"blue\"]"}
COMMAND: POST /session/df7e3af810ab6d6da1a176f6e8533552/execute/async - {"script":"<script> [1562 bytes]","args":[{"selector":{"id":"cancelRequestSpecificationsButton","viewName":"etm.portal.ui.managerequests.view.Detail","searchOpenDialogs":true,"interaction":{"idSuffix":"BDI-content"}},"wdio_ui5_key":"cancelRequestSpecificationsButtonetmportal.ui.managerequests.view.Detail"}]}
RESULT: {"script":"<script> [1562 bytes]","args":[{"selector":{"id":"cancelRequestSpecificationsButton","viewName":"etm.portal.ui.managerequests.view.Detail","searchOpenDialogs":true,"interaction":{"idSuffix":"BDI-content"}},"wdio_ui5_key":"cancelRequestSpecificationsButtonetmportal.ui.managerequests.view.Detail"}]}
RESULT: undefined
COMMAND: POST /session/df7e3af810ab6d6da1a176f6e8533552/element - {"using":"xpath","value":"//*[@id=\"__xmlview60--cancelRequestSpecificationsButton\"]"}
RESULT: {"using":"xpath","value":"//*[@id=\"__xmlview60--cancelRequestSpecificationsButton\"]"}
COMMAND: POST /session/df7e3af810ab6d6da1a176f6e8533552/element/f.CC9B589A9DA2186238667A9749121406.d.BE9FCAA409BC006BEF063F92DD24737D.e.8782/click - {}
RESULT: {}
COMMAND: GET /session/df7e3af810ab6d6da1a176f6e8533552/screenshot - {}
COMMAND: POST /session/df7e3af810ab6d6da1a176f6e8533552/element - {"using":"css selector","value":"#shell-header-logo"}
RESULT: {"using":"css selector","value":"#shell-header-logo"}
COMMAND: POST /session/df7e3af810ab6d6da1a176f6e8533552/element/f.CC9B589A9DA2186238667A9749121406.d.BE9FCAA409BC006BEF063F92DD24737D.e.8110/click - {}
RESULT: {}
RESULT: {}
COMMAND: GET /session/df7e3af810ab6d6da1a176f6e8533552/screenshot - {}
RESULT: {}
]]></system-out>
    </testcase>
  </testsuite>
  <testsuite timestamp="2025-04-25T15:59:52" time="299.259" tests="3" failures="0" errors="0" skipped="0">
    <properties>
      <property name="specId" value="0" />
      <property name="suiteName" value="Reserve/Unreserve request item via reserve option US139161" />
      <property name="capabilities" value="chrome.135_0_7049_96.windows" />
      <property name="file" value="file:///D:/a/1/s/test/specs/R2C/reserve-unreserve-request-item-via-reserve-option.spec.js" />
    </properties>
    <testcase classname="chrome.135_0_7049_96.windows.Reserve/Unreserve_request_item_via_reserve_option_US139161" name="Should add the material to the catalog item" time="67.259">
      <system-out><![CDATA[
COMMAND: POST /session/df7e3af810ab6d6da1a176f6e8533552/element - {"using":"xpath","value":"//*[contains(@href, 'etm.portal.ui.managecatalogs')]"}
RESULT: {"using":"xpath","value":"//*[contains(@href, 'etm.portal.ui.managecatalogs')]"}
COMMAND: POST /session/df7e3af810ab6d6da1a176f6e8533552/element/f.CC9B589A9DA2186238667A9749121406.d.BE9FCAA409BC006BEF063F92DD24737D.e.8789/click - {}
RESULT: {}
COMMAND: GET /session/df7e3af810ab6d6da1a176f6e8533552/screenshot - {}
RESULT: {}
COMMAND: POST /session/df7e3af810ab6d6da1a176f6e8533552/execute/async - {"script":"<script> [1562 bytes]","args":[{"selector":{"controlType":"sap.m.Text","viewName":"etm.portal.ui.managecatalogs.view.MasterCatalogs","viewId":"application-managecatalogs-display-component---masterCatalogs","bindingPath":{"path":"/Catalogs('0D7502D073D53A0F1700BE067B89AFF9')","propertyPath":"DESCRIPTION","modelName":"catalogModel"}},"wdio_ui5_key":"etmportal.ui.managecatalogs.view.MasterCatalogssap.m.Text{\"path\":\"/Catalogs('0D7502D073D53A0F1700BE067B89AFF9')\",\"propertyPath\":\"DESCRIPTION\",\"modelName\":\"catalogModel\"}"}]}
RESULT: {"script":"<script> [1562 bytes]","args":[{"selector":{"controlType":"sap.m.Text","viewName":"etm.portal.ui.managecatalogs.view.MasterCatalogs","viewId":"application-managecatalogs-display-component---masterCatalogs","bindingPath":{"path":"/Catalogs('0D7502D073D53A0F1700BE067B89AFF9')","propertyPath":"DESCRIPTION","modelName":"catalogModel"}},"wdio_ui5_key":"etmportal.ui.managecatalogs.view.MasterCatalogssap.m.Text{\"path\":\"/Catalogs('0D7502D073D53A0F1700BE067B89AFF9')\",\"propertyPath\":\"DESCRIPTION\",\"modelName\":\"catalogModel\"}"}]}
RESULT: undefined
COMMAND: POST /session/df7e3af810ab6d6da1a176f6e8533552/element - {"using":"xpath","value":"//*[@id=\"__text685-application-managecatalogs-display-component---masterCatalogs--CatalogsTable-11\"]"}
RESULT: {"using":"xpath","value":"//*[@id=\"__text685-application-managecatalogs-display-component---masterCatalogs--CatalogsTable-11\"]"}
COMMAND: POST /session/df7e3af810ab6d6da1a176f6e8533552/element/f.CC9B589A9DA2186238667A9749121406.d.BE9FCAA409BC006BEF063F92DD24737D.e.8859/click - {}
RESULT: {}
RESULT: undefined
COMMAND: POST /session/df7e3af810ab6d6da1a176f6e8533552/execute/async - {"script":"<script> [776 bytes]","args":[{"enterText":"catalogItemj7fey","selector":{"id":"application-managecatalogs-display-component---masterCatalogItems--searchItemsField","interaction":{"idSuffix":"I"}},"clearTextFirst":true,"interactionType":"ENTER_TEXT"}]}
COMMAND: GET /session/df7e3af810ab6d6da1a176f6e8533552/screenshot - {}
RESULT: {"script":"<script> [776 bytes]","args":[{"enterText":"catalogItemj7fey","selector":{"id":"application-managecatalogs-display-component---masterCatalogItems--searchItemsField","interaction":{"idSuffix":"I"}},"clearTextFirst":true,"interactionType":"ENTER_TEXT"}]}
COMMAND: POST /session/df7e3af810ab6d6da1a176f6e8533552/actions - {"actions":[{"id":"action58","type":"key","parameters":{},"actions":[{"type":"keyDown","value":"î€‡"},{"type":"pause","duration":10},{"type":"keyUp","value":"î€‡"}]}]}
RESULT: {}
RESULT: {"actions":[{"id":"action58","type":"key","parameters":{},"actions":[{"type":"keyDown","value":"î€‡"},{"type":"pause","duration":10},{"type":"keyUp","value":"î€‡"}]}]}
COMMAND: POST /session/df7e3af810ab6d6da1a176f6e8533552/element - {"using":"xpath","value":"(//span[contains(text(), \"catalogItemj7fey\")])[1]"}
COMMAND: GET /session/df7e3af810ab6d6da1a176f6e8533552/screenshot - {}
RESULT: {"using":"xpath","value":"(//span[contains(text(), \"catalogItemj7fey\")])[1]"}
COMMAND: POST /session/df7e3af810ab6d6da1a176f6e8533552/element/f.CC9B589A9DA2186238667A9749121406.d.BE9FCAA409BC006BEF063F92DD24737D.e.8876/click - {}
RESULT: {}
RESULT: {}
COMMAND: GET /session/df7e3af810ab6d6da1a176f6e8533552/screenshot - {}
RESULT: {}
COMMAND: POST /session/df7e3af810ab6d6da1a176f6e8533552/element - {"using":"xpath","value":"//*[contains(@id ,\"BDI-content\")][contains(text(), \"Edit\")]"}
RESULT: {"using":"xpath","value":"//*[contains(@id ,\"BDI-content\")][contains(text(), \"Edit\")]"}
COMMAND: POST /session/df7e3af810ab6d6da1a176f6e8533552/element/f.CC9B589A9DA2186238667A9749121406.d.BE9FCAA409BC006BEF063F92DD24737D.e.8955/click - {}
RESULT: {}
COMMAND: GET /session/df7e3af810ab6d6da1a176f6e8533552/screenshot - {}
RESULT: {}
COMMAND: POST /session/df7e3af810ab6d6da1a176f6e8533552/element - {"using":"xpath","value":"//bdi[contains(text(), \"Assigned Resources\")]"}
RESULT: {"using":"xpath","value":"//bdi[contains(text(), \"Assigned Resources\")]"}
COMMAND: POST /session/df7e3af810ab6d6da1a176f6e8533552/element/f.CC9B589A9DA2186238667A9749121406.d.BE9FCAA409BC006BEF063F92DD24737D.e.8981/click - {}
RESULT: {}
COMMAND: GET /session/df7e3af810ab6d6da1a176f6e8533552/screenshot - {}
RESULT: {}
COMMAND: POST /session/df7e3af810ab6d6da1a176f6e8533552/element - {"using":"xpath","value":"//button[contains(@data-kt ,\"catalogItemAssignRuButton\")]"}
RESULT: {"using":"xpath","value":"//button[contains(@data-kt ,\"catalogItemAssignRuButton\")]"}
COMMAND: POST /session/df7e3af810ab6d6da1a176f6e8533552/element/f.CC9B589A9DA2186238667A9749121406.d.BE9FCAA409BC006BEF063F92DD24737D.e.8987/click - {}
RESULT: {}
COMMAND: GET /session/df7e3af810ab6d6da1a176f6e8533552/screenshot - {}
RESULT: {}
COMMAND: POST /session/df7e3af810ab6d6da1a176f6e8533552/actions - {"actions":[{"id":"action59","type":"key","parameters":{},"actions":[{"type":"keyDown","value":"î€‡"},{"type":"pause","duration":10},{"type":"keyUp","value":"î€‡"}]}]}
RESULT: {"actions":[{"id":"action59","type":"key","parameters":{},"actions":[{"type":"keyDown","value":"î€‡"},{"type":"pause","duration":10},{"type":"keyUp","value":"î€‡"}]}]}
COMMAND: GET /session/df7e3af810ab6d6da1a176f6e8533552/screenshot - {}
RESULT: {}
COMMAND: POST /session/df7e3af810ab6d6da1a176f6e8533552/execute/async - {"script":"<script> [1562 bytes]","args":[{"selector":{"id":"application-managecatalogs-display-component---detailCatalog--assignRUSearchField-vhi","searchOpenDialogs":true},"wdio_ui5_key":"applicationmanagecatalogs-display-component---detailCatalog--assignRUSearchField-vhi"}]}
RESULT: {"script":"<script> [1562 bytes]","args":[{"selector":{"id":"application-managecatalogs-display-component---detailCatalog--assignRUSearchField-vhi","searchOpenDialogs":true},"wdio_ui5_key":"applicationmanagecatalogs-display-component---detailCatalog--assignRUSearchField-vhi"}]}
RESULT: undefined
COMMAND: POST /session/df7e3af810ab6d6da1a176f6e8533552/element - {"using":"xpath","value":"//*[@id=\"application-managecatalogs-display-component---detailCatalog--assignRUSearchField-vhi\"]"}
RESULT: {"using":"xpath","value":"//*[@id=\"application-managecatalogs-display-component---detailCatalog--assignRUSearchField-vhi\"]"}
COMMAND: POST /session/df7e3af810ab6d6da1a176f6e8533552/element/f.CC9B589A9DA2186238667A9749121406.d.BE9FCAA409BC006BEF063F92DD24737D.e.9005/click - {}
RESULT: {}
COMMAND: GET /session/df7e3af810ab6d6da1a176f6e8533552/screenshot - {}
RESULT: {}
COMMAND: POST /session/df7e3af810ab6d6da1a176f6e8533552/element - {"using":"xpath","value":"//input[contains(@id ,\"searchField-I\")]"}
RESULT: {"using":"xpath","value":"//input[contains(@id ,\"searchField-I\")]"}
COMMAND: POST /session/df7e3af810ab6d6da1a176f6e8533552/element/f.CC9B589A9DA2186238667A9749121406.d.BE9FCAA409BC006BEF063F92DD24737D.e.9007/clear - {}
RESULT: {}
COMMAND: POST /session/df7e3af810ab6d6da1a176f6e8533552/element/f.CC9B589A9DA2186238667A9749121406.d.BE9FCAA409BC006BEF063F92DD24737D.e.9007/value - {"text":"WebdriverRUR2Cp4c9z"}
COMMAND: GET /session/df7e3af810ab6d6da1a176f6e8533552/screenshot - {}
RESULT: {"text":"WebdriverRUR2Cp4c9z"}
COMMAND: GET /session/df7e3af810ab6d6da1a176f6e8533552/screenshot - {}
RESULT: {}
RESULT: {}
COMMAND: POST /session/df7e3af810ab6d6da1a176f6e8533552/actions - {"actions":[{"id":"action60","type":"key","parameters":{},"actions":[{"type":"keyDown","value":"î€‡"},{"type":"pause","duration":10},{"type":"keyUp","value":"î€‡"}]}]}
RESULT: {"actions":[{"id":"action60","type":"key","parameters":{},"actions":[{"type":"keyDown","value":"î€‡"},{"type":"pause","duration":10},{"type":"keyUp","value":"î€‡"}]}]}
COMMAND: GET /session/df7e3af810ab6d6da1a176f6e8533552/screenshot - {}
RESULT: {}
COMMAND: POST /session/df7e3af810ab6d6da1a176f6e8533552/actions - {"actions":[{"id":"action61","type":"key","parameters":{},"actions":[{"type":"keyDown","value":"î€„"},{"type":"pause","duration":10},{"type":"keyUp","value":"î€„"}]}]}
RESULT: {"actions":[{"id":"action61","type":"key","parameters":{},"actions":[{"type":"keyDown","value":"î€„"},{"type":"pause","duration":10},{"type":"keyUp","value":"î€„"}]}]}
COMMAND: GET /session/df7e3af810ab6d6da1a176f6e8533552/screenshot - {}
RESULT: {}
COMMAND: POST /session/df7e3af810ab6d6da1a176f6e8533552/actions - {"actions":[{"id":"action62","type":"key","parameters":{},"actions":[{"type":"keyDown","value":"î€‡"},{"type":"pause","duration":10},{"type":"keyUp","value":"î€‡"}]}]}
RESULT: {"actions":[{"id":"action62","type":"key","parameters":{},"actions":[{"type":"keyDown","value":"î€‡"},{"type":"pause","duration":10},{"type":"keyUp","value":"î€‡"}]}]}
COMMAND: GET /session/df7e3af810ab6d6da1a176f6e8533552/screenshot - {}
RESULT: {}
COMMAND: POST /session/df7e3af810ab6d6da1a176f6e8533552/element - {"using":"xpath","value":"//bdi[contains(@id ,\"application-managecatalogs-display-component---detailCatalog--RUAssignmentSaveButton-BDI-content\")]"}
RESULT: {"using":"xpath","value":"//bdi[contains(@id ,\"application-managecatalogs-display-component---detailCatalog--RUAssignmentSaveButton-BDI-content\")]"}
COMMAND: POST /session/df7e3af810ab6d6da1a176f6e8533552/element/f.CC9B589A9DA2186238667A9749121406.d.BE9FCAA409BC006BEF063F92DD24737D.e.9038/click - {}
RESULT: {}
COMMAND: GET /session/df7e3af810ab6d6da1a176f6e8533552/screenshot - {}
RESULT: {}
COMMAND: POST /session/df7e3af810ab6d6da1a176f6e8533552/element - {"using":"xpath","value":"//bdi[contains(text(), \"Save\")]"}
RESULT: {"using":"xpath","value":"//bdi[contains(text(), \"Save\")]"}
COMMAND: POST /session/df7e3af810ab6d6da1a176f6e8533552/element/f.CC9B589A9DA2186238667A9749121406.d.BE9FCAA409BC006BEF063F92DD24737D.e.9055/click - {}
RESULT: {}
COMMAND: GET /session/df7e3af810ab6d6da1a176f6e8533552/screenshot - {}
RESULT: {}
COMMAND: POST /session/df7e3af810ab6d6da1a176f6e8533552/element - {"using":"css selector","value":"#shell-header-logo"}
RESULT: {"using":"css selector","value":"#shell-header-logo"}
COMMAND: POST /session/df7e3af810ab6d6da1a176f6e8533552/element/f.CC9B589A9DA2186238667A9749121406.d.BE9FCAA409BC006BEF063F92DD24737D.e.8793/click - {}
RESULT: {}
COMMAND: GET /session/df7e3af810ab6d6da1a176f6e8533552/screenshot - {}
RESULT: {}
COMMAND: POST /session/df7e3af810ab6d6da1a176f6e8533552/refresh - {}
RESULT: {}
COMMAND: GET /session/df7e3af810ab6d6da1a176f6e8533552/screenshot - {}
RESULT: {}
COMMAND: POST /session/df7e3af810ab6d6da1a176f6e8533552/execute/async - {"script":"<script> [189 bytes]","args":[]}
RESULT: {"script":"<script> [189 bytes]","args":[]}
COMMAND: POST /session/df7e3af810ab6d6da1a176f6e8533552/execute/async - {"script":"<script> [123 bytes]","args":[]}
RESULT: {"script":"<script> [123 bytes]","args":[]}
COMMAND: POST /session/df7e3af810ab6d6da1a176f6e8533552/timeouts - {"script":"<number>"}
RESULT: {"script":"<number>"}
COMMAND: GET /session/df7e3af810ab6d6da1a176f6e8533552/timeouts - {}
RESULT: {}
RESULT: undefined
COMMAND: POST /session/df7e3af810ab6d6da1a176f6e8533552/execute/async - {"script":"<script> [2676 bytes]","args":[]}
RESULT: {"script":"<script> [2676 bytes]","args":[]}
COMMAND: POST /session/df7e3af810ab6d6da1a176f6e8533552/execute/async - {"script":"<script> [2342 bytes]","args":[{"protocol":"http","hostname":"0.0.0.0","path":"/","capabilities":{"browserName":"chrome","goog:chromeOptions":{"binary":"C:\\Program Files\\Google\\Chrome\\Application\\chrome.exe","args":["--start-maximized"]}},"logLevel":"warn","connectionRetryTimeout":120000,"connectionRetryCount":3,"logLevels":{},"enableDirectConnect":true,"strictSSL":true,"_":"65 more keys: [\"cacheDir\",\"port\",\"requestedCapabilities\",\"automationProtocol\",\"baseUrl\",\"waitforInterval\",\"waitforTimeout\",\"onReload\",\"beforeCommand\",\"afterCommand\",\"rootDir\",\"specs\",\"suites\",\"exclude\",\"groupLogsByTestSpec\",\"excludeDriverLogs\",\"bail\",\"framework\",\"reporters\",\"services\",\"maxInstances\",\"maxInstancesPerCapability\",\"injectGlobals\",\"filesToWatch\",\"execArgv\",\"runnerEnv\",\"runner\",\"shard\",\"specFileRetries\",\"specFileRetriesDelay\",\"specFileRetriesDeferred\",\"reporterSyncInterval\",\"reporterSyncTimeout\",\"cucumberFeaturesWithLineNumbers\",\"autoCompileOpts\",\"mochaOpts\",\"jasmineOpts\",\"cucumberOpts\",\"onPrepare\",\"onWorkerStart\",\"onWorkerEnd\",\"before\",\"beforeSession\",\"beforeSuite\",\"beforeHook\",\"beforeTest\",\"afterTest\",\"afterHook\",\"afterSuite\",\"afterSession\",\"after\",\"onComplete\",\"beforeAssertion\",\"afterAssertion\",\"beforeFeature\",\"beforeScenario\",\"beforeStep\",\"afterStep\",\"afterScenario\",\"afterFeature\",\"_\",\"suite\",\"$0\",\"ignoredWorkerServices\",\"wdi5\"]"}]}
RESULT: {"script":"<script> [2342 bytes]","args":[{"protocol":"http","hostname":"0.0.0.0","path":"/","capabilities":{"browserName":"chrome","goog:chromeOptions":{"binary":"C:\\Program Files\\Google\\Chrome\\Application\\chrome.exe","args":["--start-maximized"]}},"logLevel":"warn","connectionRetryTimeout":120000,"connectionRetryCount":3,"logLevels":{},"enableDirectConnect":true,"strictSSL":true,"_":"65 more keys: [\"cacheDir\",\"port\",\"requestedCapabilities\",\"automationProtocol\",\"baseUrl\",\"waitforInterval\",\"waitforTimeout\",\"onReload\",\"beforeCommand\",\"afterCommand\",\"rootDir\",\"specs\",\"suites\",\"exclude\",\"groupLogsByTestSpec\",\"excludeDriverLogs\",\"bail\",\"framework\",\"reporters\",\"services\",\"maxInstances\",\"maxInstancesPerCapability\",\"injectGlobals\",\"filesToWatch\",\"execArgv\",\"runnerEnv\",\"runner\",\"shard\",\"specFileRetries\",\"specFileRetriesDelay\",\"specFileRetriesDeferred\",\"reporterSyncInterval\",\"reporterSyncTimeout\",\"cucumberFeaturesWithLineNumbers\",\"autoCompileOpts\",\"mochaOpts\",\"jasmineOpts\",\"cucumberOpts\",\"onPrepare\",\"onWorkerStart\",\"onWorkerEnd\",\"before\",\"beforeSession\",\"beforeSuite\",\"beforeHook\",\"beforeTest\",\"afterTest\",\"afterHook\",\"afterSuite\",\"afterSession\",\"after\",\"onComplete\",\"beforeAssertion\",\"afterAssertion\",\"beforeFeature\",\"beforeScenario\",\"beforeStep\",\"afterStep\",\"afterScenario\",\"afterFeature\",\"_\",\"suite\",\"$0\",\"ignoredWorkerServices\",\"wdi5\"]"}]}
COMMAND: POST /session/df7e3af810ab6d6da1a176f6e8533552/execute/async - {"script":"<script> [21126 bytes]","args":[35000]}
RESULT: {"script":"<script> [21126 bytes]","args":[35000]}
]]></system-out>
    </testcase>
    <testcase classname="chrome.135_0_7049_96.windows.Reserve/Unreserve_request_item_via_reserve_option_US139161" name="Should create a new request with a catalog item that can be planned" time="140.537">
      <system-out><![CDATA[
COMMAND: POST /session/df7e3af810ab6d6da1a176f6e8533552/element - {"using":"xpath","value":"//*[contains(@href, 'etm.portal.ui.managerequests')]"}
RESULT: {"using":"xpath","value":"//*[contains(@href, 'etm.portal.ui.managerequests')]"}
COMMAND: POST /session/df7e3af810ab6d6da1a176f6e8533552/element/f.CC9B589A9DA2186238667A9749121406.d.2269ED1AA90EB4703407E7582066E408.e.9096/click - {}
RESULT: {}
COMMAND: GET /session/df7e3af810ab6d6da1a176f6e8533552/screenshot - {}
RESULT: {}
COMMAND: POST /session/df7e3af810ab6d6da1a176f6e8533552/element - {"using":"xpath","value":"//button[contains(@data-kt ,\"btnCreateNewOverflowToolbarButton\")]"}
COMMAND: POST /session/df7e3af810ab6d6da1a176f6e8533552/element - {"using":"xpath","value":"(//span[contains(@class ,\"sapMObjStatusText\")])[1]"}
RESULT: {"using":"xpath","value":"//button[contains(@data-kt ,\"btnCreateNewOverflowToolbarButton\")]"}
COMMAND: POST /session/df7e3af810ab6d6da1a176f6e8533552/element/f.CC9B589A9DA2186238667A9749121406.d.2269ED1AA90EB4703407E7582066E408.e.9153/click - {}
RESULT: {"using":"xpath","value":"(//span[contains(@class ,\"sapMObjStatusText\")])[1]"}
COMMAND: POST /session/df7e3af810ab6d6da1a176f6e8533552/execute/sync - {"script":"<script> [8489 bytes]","args":[{"element-6066-11e4-a52e-4f735466cecf":"f.CC9B589A9DA2186238667A9749121406.d.2269ED1AA90EB4703407E7582066E408.e.9191","ELEMENT":"f.CC9B589A9DA2186238667A9749121406.d.2269ED1AA90EB4703407E7582066E408.e.9191"}]}
RESULT: {}
COMMAND: GET /session/df7e3af810ab6d6da1a176f6e8533552/screenshot - {}
RESULT: {"script":"<script> [8489 bytes]","args":[{"element-6066-11e4-a52e-4f735466cecf":"f.CC9B589A9DA2186238667A9749121406.d.2269ED1AA90EB4703407E7582066E408.e.9191","ELEMENT":"f.CC9B589A9DA2186238667A9749121406.d.2269ED1AA90EB4703407E7582066E408.e.9191"}]}
COMMAND: GET /session/df7e3af810ab6d6da1a176f6e8533552/screenshot - {}
RESULT: {}
RESULT: {}
COMMAND: POST /session/df7e3af810ab6d6da1a176f6e8533552/element - {"using":"xpath","value":"//input[contains(@id ,\"yardId-inner\")]"}
RESULT: {"using":"xpath","value":"//input[contains(@id ,\"yardId-inner\")]"}
COMMAND: POST /session/df7e3af810ab6d6da1a176f6e8533552/execute/sync - {"script":"<script> [8489 bytes]","args":[{"element-6066-11e4-a52e-4f735466cecf":"f.CC9B589A9DA2186238667A9749121406.d.2269ED1AA90EB4703407E7582066E408.e.9384","ELEMENT":"f.CC9B589A9DA2186238667A9749121406.d.2269ED1AA90EB4703407E7582066E408.e.9384"}]}
RESULT: {"script":"<script> [8489 bytes]","args":[{"element-6066-11e4-a52e-4f735466cecf":"f.CC9B589A9DA2186238667A9749121406.d.2269ED1AA90EB4703407E7582066E408.e.9384","ELEMENT":"f.CC9B589A9DA2186238667A9749121406.d.2269ED1AA90EB4703407E7582066E408.e.9384"}]}
COMMAND: POST /session/df7e3af810ab6d6da1a176f6e8533552/element - {"using":"xpath","value":"//input[contains(@id ,\"yardId-inner\")]"}
COMMAND: GET /session/df7e3af810ab6d6da1a176f6e8533552/screenshot - {}
RESULT: {"using":"xpath","value":"//input[contains(@id ,\"yardId-inner\")]"}
COMMAND: GET /session/df7e3af810ab6d6da1a176f6e8533552/element/f.CC9B589A9DA2186238667A9749121406.d.2269ED1AA90EB4703407E7582066E408.e.9384/enabled - {}
RESULT: {}
RESULT: {}
COMMAND: POST /session/df7e3af810ab6d6da1a176f6e8533552/element/f.CC9B589A9DA2186238667A9749121406.d.2269ED1AA90EB4703407E7582066E408.e.9384/clear - {}
COMMAND: GET /session/df7e3af810ab6d6da1a176f6e8533552/screenshot - {}
RESULT: {}
COMMAND: POST /session/df7e3af810ab6d6da1a176f6e8533552/element/f.CC9B589A9DA2186238667A9749121406.d.2269ED1AA90EB4703407E7582066E408.e.9384/value - {"text":"WebdriverYardq4bzeg"}
COMMAND: GET /session/df7e3af810ab6d6da1a176f6e8533552/screenshot - {}
RESULT: {}
RESULT: {"text":"WebdriverYardq4bzeg"}
COMMAND: GET /session/df7e3af810ab6d6da1a176f6e8533552/screenshot - {}
RESULT: {}
RESULT: {}
COMMAND: POST /session/df7e3af810ab6d6da1a176f6e8533552/actions - {"actions":[{"id":"action63","type":"key","parameters":{},"actions":[{"type":"keyDown","value":"î€‡"},{"type":"pause","duration":10},{"type":"keyUp","value":"î€‡"}]}]}
RESULT: {"actions":[{"id":"action63","type":"key","parameters":{},"actions":[{"type":"keyDown","value":"î€‡"},{"type":"pause","duration":10},{"type":"keyUp","value":"î€‡"}]}]}
COMMAND: GET /session/df7e3af810ab6d6da1a176f6e8533552/screenshot - {}
RESULT: {}
COMMAND: POST /session/df7e3af810ab6d6da1a176f6e8533552/element - {"using":"xpath","value":"//input[contains(@id ,\"customerNumber-inner\")]"}
RESULT: {"using":"xpath","value":"//input[contains(@id ,\"customerNumber-inner\")]"}
COMMAND: POST /session/df7e3af810ab6d6da1a176f6e8533552/element/f.CC9B589A9DA2186238667A9749121406.d.2269ED1AA90EB4703407E7582066E408.e.9378/value - {"text":"WebdriverPartnerc7b6l"}
RESULT: {"text":"WebdriverPartnerc7b6l"}
COMMAND: GET /session/df7e3af810ab6d6da1a176f6e8533552/screenshot - {}
RESULT: {}
COMMAND: POST /session/df7e3af810ab6d6da1a176f6e8533552/actions - {"actions":[{"id":"action64","type":"key","parameters":{},"actions":[{"type":"keyDown","value":"î€‡"},{"type":"pause","duration":10},{"type":"keyUp","value":"î€‡"}]}]}
RESULT: {"actions":[{"id":"action64","type":"key","parameters":{},"actions":[{"type":"keyDown","value":"î€‡"},{"type":"pause","duration":10},{"type":"keyUp","value":"î€‡"}]}]}
COMMAND: GET /session/df7e3af810ab6d6da1a176f6e8533552/screenshot - {}
RESULT: {}
COMMAND: POST /session/df7e3af810ab6d6da1a176f6e8533552/element - {"using":"xpath","value":"//input[contains(@id ,\"requestSiteId-inner\")]"}
RESULT: {"using":"xpath","value":"//input[contains(@id ,\"requestSiteId-inner\")]"}
COMMAND: POST /session/df7e3af810ab6d6da1a176f6e8533552/element/f.CC9B589A9DA2186238667A9749121406.d.2269ED1AA90EB4703407E7582066E408.e.9377/value - {"text":"WebdriverSite7ggb9j"}
RESULT: {"text":"WebdriverSite7ggb9j"}
COMMAND: GET /session/df7e3af810ab6d6da1a176f6e8533552/screenshot - {}
RESULT: {}
COMMAND: POST /session/df7e3af810ab6d6da1a176f6e8533552/actions - {"actions":[{"id":"action65","type":"key","parameters":{},"actions":[{"type":"keyDown","value":"î€‡"},{"type":"pause","duration":10},{"type":"keyUp","value":"î€‡"}]}]}
RESULT: {"actions":[{"id":"action65","type":"key","parameters":{},"actions":[{"type":"keyDown","value":"î€‡"},{"type":"pause","duration":10},{"type":"keyUp","value":"î€‡"}]}]}
COMMAND: GET /session/df7e3af810ab6d6da1a176f6e8533552/screenshot - {}
RESULT: {}
COMMAND: POST /session/df7e3af810ab6d6da1a176f6e8533552/element - {"using":"xpath","value":"//button[contains(@data-kt ,\"requestItemAddOverflowToolbarButton\")]"}
RESULT: {"using":"xpath","value":"//button[contains(@data-kt ,\"requestItemAddOverflowToolbarButton\")]"}
COMMAND: POST /session/df7e3af810ab6d6da1a176f6e8533552/element/f.CC9B589A9DA2186238667A9749121406.d.2269ED1AA90EB4703407E7582066E408.e.9356/click - {}
RESULT: {}
COMMAND: GET /session/df7e3af810ab6d6da1a176f6e8533552/screenshot - {}
RESULT: {}
COMMAND: POST /session/df7e3af810ab6d6da1a176f6e8533552/actions - {"actions":[{"id":"action66","type":"key","parameters":{},"actions":[{"type":"keyDown","value":"î€•"},{"type":"pause","duration":10},{"type":"keyUp","value":"î€•"}]}]}
RESULT: {"actions":[{"id":"action66","type":"key","parameters":{},"actions":[{"type":"keyDown","value":"î€•"},{"type":"pause","duration":10},{"type":"keyUp","value":"î€•"}]}]}
COMMAND: POST /session/df7e3af810ab6d6da1a176f6e8533552/actions - {"actions":[{"id":"action67","type":"key","parameters":{},"actions":[{"type":"keyDown","value":"î€‡"},{"type":"pause","duration":10},{"type":"keyUp","value":"î€‡"}]}]}
COMMAND: GET /session/df7e3af810ab6d6da1a176f6e8533552/screenshot - {}
RESULT: {"actions":[{"id":"action67","type":"key","parameters":{},"actions":[{"type":"keyDown","value":"î€‡"},{"type":"pause","duration":10},{"type":"keyUp","value":"î€‡"}]}]}
COMMAND: POST /session/df7e3af810ab6d6da1a176f6e8533552/element - {"using":"xpath","value":"(//input[contains(@id ,\"requestItemsTable-0-inner\")])[1]"}
COMMAND: GET /session/df7e3af810ab6d6da1a176f6e8533552/screenshot - {}
RESULT: {}
RESULT: {"using":"xpath","value":"(//input[contains(@id ,\"requestItemsTable-0-inner\")])[1]"}
COMMAND: POST /session/df7e3af810ab6d6da1a176f6e8533552/element/f.CC9B589A9DA2186238667A9749121406.d.2269ED1AA90EB4703407E7582066E408.e.9549/clear - {}
RESULT: {}
RESULT: {}
COMMAND: POST /session/df7e3af810ab6d6da1a176f6e8533552/element/f.CC9B589A9DA2186238667A9749121406.d.2269ED1AA90EB4703407E7582066E408.e.9549/value - {"text":"catalogItemj7fey"}
COMMAND: GET /session/df7e3af810ab6d6da1a176f6e8533552/screenshot - {}
RESULT: {"text":"catalogItemj7fey"}
COMMAND: GET /session/df7e3af810ab6d6da1a176f6e8533552/screenshot - {}
RESULT: {}
RESULT: {}
COMMAND: POST /session/df7e3af810ab6d6da1a176f6e8533552/actions - {"actions":[{"id":"action68","type":"key","parameters":{},"actions":[{"type":"keyDown","value":"î€‡"},{"type":"pause","duration":10},{"type":"keyUp","value":"î€‡"}]}]}
RESULT: {"actions":[{"id":"action68","type":"key","parameters":{},"actions":[{"type":"keyDown","value":"î€‡"},{"type":"pause","duration":10},{"type":"keyUp","value":"î€‡"}]}]}
COMMAND: GET /session/df7e3af810ab6d6da1a176f6e8533552/screenshot - {}
RESULT: {}
COMMAND: POST /session/df7e3af810ab6d6da1a176f6e8533552/execute/async - {"script":"<script> [1562 bytes]","args":[{"selector":{"controlType":"sap.ui.core.Icon","viewName":"etm.portal.ui.managerequests.view.NewRequest","properties":{"src":{"regex":{"source":"slim\\-arrow\\-down"}}},"ancestor":{"controlType":"sap.m.Button","viewName":"etm.portal.ui.managerequests.view.NewRequest","properties":{"icon":"sap-icon://slim-arrow-down"}}},"wdio_ui5_key":"etmportal.ui.managerequests.view.NewRequestsap.ui.core.Icon{\"src\":{\"regex\":{\"source\":\"slim\\\\-arrow\\\\-down\"}}}{\"controlType\":\"sap.m.Button\",\"viewName\":\"etm.portal.ui.managerequests.view.NewRequest\",\"properties\":{\"icon\":\"sap-icon://slim-arrow-down\"}}"}]}
RESULT: {"script":"<script> [1562 bytes]","args":[{"selector":{"controlType":"sap.ui.core.Icon","viewName":"etm.portal.ui.managerequests.view.NewRequest","properties":{"src":{"regex":{"source":"slim\\-arrow\\-down"}}},"ancestor":{"controlType":"sap.m.Button","viewName":"etm.portal.ui.managerequests.view.NewRequest","properties":{"icon":"sap-icon://slim-arrow-down"}}},"wdio_ui5_key":"etmportal.ui.managerequests.view.NewRequestsap.ui.core.Icon{\"src\":{\"regex\":{\"source\":\"slim\\\\-arrow\\\\-down\"}}}{\"controlType\":\"sap.m.Button\",\"viewName\":\"etm.portal.ui.managerequests.view.NewRequest\",\"properties\":{\"icon\":\"sap-icon://slim-arrow-down\"}}"}]}
RESULT: undefined
COMMAND: POST /session/df7e3af810ab6d6da1a176f6e8533552/element - {"using":"xpath","value":"//div[contains(@data-kt ,\"splitAllocationObjectStatus\")]"}
RESULT: {"using":"xpath","value":"//div[contains(@data-kt ,\"splitAllocationObjectStatus\")]"}
COMMAND: POST /session/df7e3af810ab6d6da1a176f6e8533552/elements - {"using":"xpath","value":"//div[contains(@data-kt ,\"splitAllocationObjectStatus\")]"}
RESULT: {"using":"xpath","value":"//div[contains(@data-kt ,\"splitAllocationObjectStatus\")]"}
COMMAND: POST /session/df7e3af810ab6d6da1a176f6e8533552/execute/async - {"script":"<script> [1562 bytes]","args":[{"selector":{"controlType":"sap.ui.core.Icon","viewName":"etm.portal.ui.managerequests.view.NewRequest","properties":{"src":{"regex":{"source":"message\\-error"}}}},"wdio_ui5_key":"etmportal.ui.managerequests.view.NewRequestsap.ui.core.Icon{\"src\":{\"regex\":{\"source\":\"message\\\\-error\"}}}"}]}
RESULT: {"script":"<script> [1562 bytes]","args":[{"selector":{"controlType":"sap.ui.core.Icon","viewName":"etm.portal.ui.managerequests.view.NewRequest","properties":{"src":{"regex":{"source":"message\\-error"}}}},"wdio_ui5_key":"etmportal.ui.managerequests.view.NewRequestsap.ui.core.Icon{\"src\":{\"regex\":{\"source\":\"message\\\\-error\"}}}"}]}
RESULT: undefined
COMMAND: POST /session/df7e3af810ab6d6da1a176f6e8533552/element - {"using":"xpath","value":"//*[@id=\"__status4-__xmlview59--requestItemsTable-0-icon\"]"}
RESULT: {"using":"xpath","value":"//*[@id=\"__status4-__xmlview59--requestItemsTable-0-icon\"]"}
COMMAND: POST /session/df7e3af810ab6d6da1a176f6e8533552/element/f.CC9B589A9DA2186238667A9749121406.d.2269ED1AA90EB4703407E7582066E408.e.9564/click - {}
RESULT: {}
COMMAND: POST /session/df7e3af810ab6d6da1a176f6e8533552/execute/async - {"script":"<script> [1562 bytes]","args":[{"selector":{"controlType":"sap.ui.core.Icon","viewName":"etm.portal.ui.managerequests.view.NewRequest","properties":{"src":{"regex":{"source":"slim\\-arrow\\-down"}}},"searchOpenDialogs":true,"ancestor":{"id":"costObjectAdminTypeComboBox","viewName":"etm.portal.ui.managerequests.view.NewRequest","searchOpenDialogs":true}},"wdio_ui5_key":"etmportal.ui.managerequests.view.NewRequestsap.ui.core.Icon{\"src\":{\"regex\":{\"source\":\"slim\\\\-arrow\\\\-down\"}}}{\"id\":\"costObjectAdminTypeComboBox\",\"viewName\":\"etm.portal.ui.managerequests.view.NewRequest\",\"searchOpenDialogs\":true}"}]}
COMMAND: GET /session/df7e3af810ab6d6da1a176f6e8533552/screenshot - {}
RESULT: {"script":"<script> [1562 bytes]","args":[{"selector":{"controlType":"sap.ui.core.Icon","viewName":"etm.portal.ui.managerequests.view.NewRequest","properties":{"src":{"regex":{"source":"slim\\-arrow\\-down"}}},"searchOpenDialogs":true,"ancestor":{"id":"costObjectAdminTypeComboBox","viewName":"etm.portal.ui.managerequests.view.NewRequest","searchOpenDialogs":true}},"wdio_ui5_key":"etmportal.ui.managerequests.view.NewRequestsap.ui.core.Icon{\"src\":{\"regex\":{\"source\":\"slim\\\\-arrow\\\\-down\"}}}{\"id\":\"costObjectAdminTypeComboBox\",\"viewName\":\"etm.portal.ui.managerequests.view.NewRequest\",\"searchOpenDialogs\":true}"}]}
RESULT: undefined
COMMAND: POST /session/df7e3af810ab6d6da1a176f6e8533552/element - {"using":"xpath","value":"//*[@id=\"__xmlview59--costObjectAdminTypeComboBox-arrow\"]"}
RESULT: {}
RESULT: {"using":"xpath","value":"//*[@id=\"__xmlview59--costObjectAdminTypeComboBox-arrow\"]"}
COMMAND: POST /session/df7e3af810ab6d6da1a176f6e8533552/element/f.CC9B589A9DA2186238667A9749121406.d.2269ED1AA90EB4703407E7582066E408.e.9569/click - {}
RESULT: {}
COMMAND: POST /session/df7e3af810ab6d6da1a176f6e8533552/execute/async - {"script":"<script> [1562 bytes]","args":[{"selector":{"controlType":"sap.m.StandardListItem","viewName":"etm.portal.ui.managerequests.view.NewRequest","properties":{"title":"Cost Center"},"searchOpenDialogs":true,"interaction":{"idSuffix":"titleText"}},"wdio_ui5_key":"etmportal.ui.managerequests.view.NewRequestsap.m.StandardListItem{\"title\":\"Cost Center\"}"}]}
COMMAND: GET /session/df7e3af810ab6d6da1a176f6e8533552/screenshot - {}
RESULT: {"script":"<script> [1562 bytes]","args":[{"selector":{"controlType":"sap.m.StandardListItem","viewName":"etm.portal.ui.managerequests.view.NewRequest","properties":{"title":"Cost Center"},"searchOpenDialogs":true,"interaction":{"idSuffix":"titleText"}},"wdio_ui5_key":"etmportal.ui.managerequests.view.NewRequestsap.m.StandardListItem{\"title\":\"Cost Center\"}"}]}
RESULT: undefined
COMMAND: POST /session/df7e3af810ab6d6da1a176f6e8533552/element - {"using":"xpath","value":"//*[@id=\"__item387\"]"}
RESULT: {}
RESULT: {"using":"xpath","value":"//*[@id=\"__item387\"]"}
COMMAND: POST /session/df7e3af810ab6d6da1a176f6e8533552/element/f.CC9B589A9DA2186238667A9749121406.d.2269ED1AA90EB4703407E7582066E408.e.9571/click - {}
RESULT: {}
COMMAND: POST /session/df7e3af810ab6d6da1a176f6e8533552/execute/async - {"script":"<script> [1562 bytes]","args":[{"selector":{"controlType":"sap.ui.core.Icon","viewName":"etm.portal.ui.managerequests.view.NewRequest","properties":{"src":{"regex":{"source":"value\\-help"}}},"searchOpenDialogs":true},"wdio_ui5_key":"etmportal.ui.managerequests.view.NewRequestsap.ui.core.Icon{\"src\":{\"regex\":{\"source\":\"value\\\\-help\"}}}"}]}
COMMAND: GET /session/df7e3af810ab6d6da1a176f6e8533552/screenshot - {}
RESULT: {"script":"<script> [1562 bytes]","args":[{"selector":{"controlType":"sap.ui.core.Icon","viewName":"etm.portal.ui.managerequests.view.NewRequest","properties":{"src":{"regex":{"source":"value\\-help"}}},"searchOpenDialogs":true},"wdio_ui5_key":"etmportal.ui.managerequests.view.NewRequestsap.ui.core.Icon{\"src\":{\"regex\":{\"source\":\"value\\\\-help\"}}}"}]}
RESULT: undefined
COMMAND: POST /session/df7e3af810ab6d6da1a176f6e8533552/element - {"using":"xpath","value":"//*[@id=\"__xmlview59--costObjectIdComboBox-vhi\"]"}
RESULT: {}
RESULT: {"using":"xpath","value":"//*[@id=\"__xmlview59--costObjectIdComboBox-vhi\"]"}
COMMAND: POST /session/df7e3af810ab6d6da1a176f6e8533552/element/f.CC9B589A9DA2186238667A9749121406.d.2269ED1AA90EB4703407E7582066E408.e.9578/click - {}
RESULT: {}
COMMAND: POST /session/df7e3af810ab6d6da1a176f6e8533552/execute/async - {"script":"<script> [1562 bytes]","args":[{"selector":{"controlType":"sap.m.SearchField","properties":{"placeholder":"Search"},"searchOpenDialogs":true,"interaction":{"idSuffix":"I"}},"wdio_ui5_key":"sapm.SearchField{\"placeholder\":\"Search\"}"}]}
COMMAND: GET /session/df7e3af810ab6d6da1a176f6e8533552/screenshot - {}
RESULT: {"script":"<script> [1562 bytes]","args":[{"selector":{"controlType":"sap.m.SearchField","properties":{"placeholder":"Search"},"searchOpenDialogs":true,"interaction":{"idSuffix":"I"}},"wdio_ui5_key":"sapm.SearchField{\"placeholder\":\"Search\"}"}]}
RESULT: undefined
COMMAND: POST /session/df7e3af810ab6d6da1a176f6e8533552/execute/async - {"script":"<script> [776 bytes]","args":[{"enterText":"10001010","selector":{"controlType":"sap.m.SearchField","properties":{"placeholder":"Search"},"searchOpenDialogs":true,"interaction":{"idSuffix":"I"}},"clearTextFirst":true,"interactionType":"ENTER_TEXT"}]}
RESULT: {}
RESULT: {"script":"<script> [776 bytes]","args":[{"enterText":"10001010","selector":{"controlType":"sap.m.SearchField","properties":{"placeholder":"Search"},"searchOpenDialogs":true,"interaction":{"idSuffix":"I"}},"clearTextFirst":true,"interactionType":"ENTER_TEXT"}]}
COMMAND: POST /session/df7e3af810ab6d6da1a176f6e8533552/actions - {"actions":[{"id":"action69","type":"key","parameters":{},"actions":[{"type":"keyDown","value":"î€‡"},{"type":"pause","duration":10},{"type":"keyUp","value":"î€‡"}]}]}
RESULT: {"actions":[{"id":"action69","type":"key","parameters":{},"actions":[{"type":"keyDown","value":"î€‡"},{"type":"pause","duration":10},{"type":"keyUp","value":"î€‡"}]}]}
COMMAND: GET /session/df7e3af810ab6d6da1a176f6e8533552/screenshot - {}
RESULT: {}
COMMAND: POST /session/df7e3af810ab6d6da1a176f6e8533552/execute/async - {"script":"<script> [1562 bytes]","args":[{"selector":{"controlType":"sap.m.Text","bindingPath":{"path":"/C_CostCtrValueHelp(CostCenter='10001010',ControllingArea='Z001')","propertyPath":"CostCenterName","modelName":"CostCenterModel"},"searchOpenDialogs":true},"wdio_ui5_key":"sapm.Text{\"path\":\"/C_CostCtrValueHelp(CostCenter='10001010',ControllingArea='Z001')\",\"propertyPath\":\"CostCenterName\",\"modelName\":\"CostCenterModel\"}"}]}
RESULT: {"script":"<script> [1562 bytes]","args":[{"selector":{"controlType":"sap.m.Text","bindingPath":{"path":"/C_CostCtrValueHelp(CostCenter='10001010',ControllingArea='Z001')","propertyPath":"CostCenterName","modelName":"CostCenterModel"},"searchOpenDialogs":true},"wdio_ui5_key":"sapm.Text{\"path\":\"/C_CostCtrValueHelp(CostCenter='10001010',ControllingArea='Z001')\",\"propertyPath\":\"CostCenterName\",\"modelName\":\"CostCenterModel\"}"}]}
RESULT: undefined
COMMAND: POST /session/df7e3af810ab6d6da1a176f6e8533552/element - {"using":"xpath","value":"//*[@id=\"__text291-__clone504\"]"}
RESULT: {"using":"xpath","value":"//*[@id=\"__text291-__clone504\"]"}
COMMAND: POST /session/df7e3af810ab6d6da1a176f6e8533552/element/f.CC9B589A9DA2186238667A9749121406.d.2269ED1AA90EB4703407E7582066E408.e.9617/click - {}
RESULT: {}
COMMAND: POST /session/df7e3af810ab6d6da1a176f6e8533552/execute/async - {"script":"<script> [1562 bytes]","args":[{"selector":{"controlType":"sap.m.Button","properties":{"text":"OK"},"searchOpenDialogs":true,"interaction":{"idSuffix":"BDI-content"}},"wdio_ui5_key":"sapm.Button{\"text\":\"OK\"}"}]}
COMMAND: GET /session/df7e3af810ab6d6da1a176f6e8533552/screenshot - {}
RESULT: {"script":"<script> [1562 bytes]","args":[{"selector":{"controlType":"sap.m.Button","properties":{"text":"OK"},"searchOpenDialogs":true,"interaction":{"idSuffix":"BDI-content"}},"wdio_ui5_key":"sapm.Button{\"text\":\"OK\"}"}]}
RESULT: undefined
COMMAND: POST /session/df7e3af810ab6d6da1a176f6e8533552/element - {"using":"xpath","value":"//*[@id=\"__dialog1-ok\"]"}
RESULT: {}
RESULT: {"using":"xpath","value":"//*[@id=\"__dialog1-ok\"]"}
COMMAND: POST /session/df7e3af810ab6d6da1a176f6e8533552/element/f.CC9B589A9DA2186238667A9749121406.d.2269ED1AA90EB4703407E7582066E408.e.9619/click - {}
RESULT: {}
COMMAND: GET /session/df7e3af810ab6d6da1a176f6e8533552/screenshot - {}
RESULT: {}
COMMAND: POST /session/df7e3af810ab6d6da1a176f6e8533552/execute/async - {"script":"<script> [1562 bytes]","args":[{"selector":{"controlType":"sap.m.Button","viewName":"etm.portal.ui.managerequests.view.NewRequest","i18NText":{"propertyName":"text","key":"save"},"searchOpenDialogs":true,"interaction":{"idSuffix":"BDI-content"}},"wdio_ui5_key":"etmportal.ui.managerequests.view.NewRequestsap.m.Button{\"propertyName\":\"text\",\"key\":\"save\"}"}]}
RESULT: {"script":"<script> [1562 bytes]","args":[{"selector":{"controlType":"sap.m.Button","viewName":"etm.portal.ui.managerequests.view.NewRequest","i18NText":{"propertyName":"text","key":"save"},"searchOpenDialogs":true,"interaction":{"idSuffix":"BDI-content"}},"wdio_ui5_key":"etmportal.ui.managerequests.view.NewRequestsap.m.Button{\"propertyName\":\"text\",\"key\":\"save\"}"}]}
RESULT: undefined
COMMAND: POST /session/df7e3af810ab6d6da1a176f6e8533552/element - {"using":"xpath","value":"//*[@id=\"__button24\"]"}
RESULT: {"using":"xpath","value":"//*[@id=\"__button24\"]"}
COMMAND: POST /session/df7e3af810ab6d6da1a176f6e8533552/element/f.CC9B589A9DA2186238667A9749121406.d.2269ED1AA90EB4703407E7582066E408.e.9623/click - {}
RESULT: {}
COMMAND: GET /session/df7e3af810ab6d6da1a176f6e8533552/screenshot - {}
RESULT: {}
COMMAND: POST /session/df7e3af810ab6d6da1a176f6e8533552/element - {"using":"xpath","value":"(//bdi[contains(text() ,\"Save\")])[1]"}
RESULT: {"using":"xpath","value":"(//bdi[contains(text() ,\"Save\")])[1]"}
COMMAND: POST /session/df7e3af810ab6d6da1a176f6e8533552/element/f.CC9B589A9DA2186238667A9749121406.d.2269ED1AA90EB4703407E7582066E408.e.9625/click - {}
RESULT: {}
COMMAND: GET /session/df7e3af810ab6d6da1a176f6e8533552/screenshot - {}
RESULT: {}
COMMAND: POST /session/df7e3af810ab6d6da1a176f6e8533552/execute/async - {"script":"<script> [1562 bytes]","args":[{"selector":{"controlType":"sap.m.Title","properties":{"text":"Success"},"searchOpenDialogs":true},"wdio_ui5_key":"sapm.Title{\"text\":\"Success\"}"}]}
RESULT: {"script":"<script> [1562 bytes]","args":[{"selector":{"controlType":"sap.m.Title","properties":{"text":"Success"},"searchOpenDialogs":true},"wdio_ui5_key":"sapm.Title{\"text\":\"Success\"}"}]}
RESULT: undefined
COMMAND: POST /session/df7e3af810ab6d6da1a176f6e8533552/execute/async - {"script":"<script> [6424 bytes]","args":[{"element-6066-11e4-a52e-4f735466cecf":"f.CC9B589A9DA2186238667A9749121406.d.2269ED1AA90EB4703407E7582066E408.e.9629"},"getText",[]]}
RESULT: {"script":"<script> [6424 bytes]","args":[{"element-6066-11e4-a52e-4f735466cecf":"f.CC9B589A9DA2186238667A9749121406.d.2269ED1AA90EB4703407E7582066E408.e.9629"},"getText",[]]}
COMMAND: POST /session/df7e3af810ab6d6da1a176f6e8533552/execute/async - {"script":"<script> [1562 bytes]","args":[{"selector":{"controlType":"sap.m.Button","properties":{"text":"Close"},"searchOpenDialogs":true,"interaction":{"idSuffix":"BDI-content"}},"wdio_ui5_key":"sapm.Button{\"text\":\"Close\"}"}]}
RESULT: {"script":"<script> [1562 bytes]","args":[{"selector":{"controlType":"sap.m.Button","properties":{"text":"Close"},"searchOpenDialogs":true,"interaction":{"idSuffix":"BDI-content"}},"wdio_ui5_key":"sapm.Button{\"text\":\"Close\"}"}]}
RESULT: undefined
COMMAND: POST /session/df7e3af810ab6d6da1a176f6e8533552/element - {"using":"xpath","value":"//*[@id=\"__mbox-btn-0\"]"}
RESULT: {"using":"xpath","value":"//*[@id=\"__mbox-btn-0\"]"}
COMMAND: POST /session/df7e3af810ab6d6da1a176f6e8533552/element/f.CC9B589A9DA2186238667A9749121406.d.2269ED1AA90EB4703407E7582066E408.e.9628/click - {}
RESULT: {}
COMMAND: GET /session/df7e3af810ab6d6da1a176f6e8533552/screenshot - {}
RESULT: {}
]]></system-out>
    </testcase>
    <testcase classname="chrome.135_0_7049_96.windows.Reserve/Unreserve_request_item_via_reserve_option_US139161" name="Should navigate to planning board and reserve the resource" time="87.05">
      <system-out><![CDATA[
COMMAND: POST /session/df7e3af810ab6d6da1a176f6e8533552/execute/async - {"script":"<script> [1562 bytes]","args":[{"selector":{"controlType":"sap.m.Button","viewName":"etm.portal.ui.managerequests.view.Detail","i18NText":{"propertyName":"text","key":"planningSituation"},"interaction":{"idSuffix":"BDI-content"}},"wdio_ui5_key":"etmportal.ui.managerequests.view.Detailsap.m.Button{\"propertyName\":\"text\",\"key\":\"planningSituation\"}"}]}
RESULT: {"script":"<script> [1562 bytes]","args":[{"selector":{"controlType":"sap.m.Button","viewName":"etm.portal.ui.managerequests.view.Detail","i18NText":{"propertyName":"text","key":"planningSituation"},"interaction":{"idSuffix":"BDI-content"}},"wdio_ui5_key":"etmportal.ui.managerequests.view.Detailsap.m.Button{\"propertyName\":\"text\",\"key\":\"planningSituation\"}"}]}
RESULT: undefined
COMMAND: POST /session/df7e3af810ab6d6da1a176f6e8533552/element - {"using":"xpath","value":"//*[@id=\"__button27\"]"}
RESULT: {"using":"xpath","value":"//*[@id=\"__button27\"]"}
COMMAND: POST /session/df7e3af810ab6d6da1a176f6e8533552/element/f.CC9B589A9DA2186238667A9749121406.d.2269ED1AA90EB4703407E7582066E408.e.9655/click - {}
RESULT: {}
COMMAND: GET /session/df7e3af810ab6d6da1a176f6e8533552/screenshot - {}
RESULT: {}
COMMAND: POST /session/df7e3af810ab6d6da1a176f6e8533552/element - {"using":"xpath","value":"(//span[contains(@title ,\"WebdriverYardq4bzeg\")])[1]"}
RESULT: {"using":"xpath","value":"(//span[contains(@title ,\"WebdriverYardq4bzeg\")])[1]"}
COMMAND: POST /session/df7e3af810ab6d6da1a176f6e8533552/elements - {"using":"xpath","value":"(//span[contains(@title ,\"WebdriverYardq4bzeg\")])[1]"}
RESULT: {"using":"xpath","value":"(//span[contains(@title ,\"WebdriverYardq4bzeg\")])[1]"}
COMMAND: POST /session/df7e3af810ab6d6da1a176f6e8533552/elements - {"using":"xpath","value":"(//span[contains(@title ,\"WebdriverYardq4bzeg\")])[1]"}
RESULT: {"using":"xpath","value":"(//span[contains(@title ,\"WebdriverYardq4bzeg\")])[1]"}
COMMAND: POST /session/df7e3af810ab6d6da1a176f6e8533552/elements - {"using":"xpath","value":"(//span[contains(@title ,\"WebdriverYardq4bzeg\")])[1]"}
RESULT: {"using":"xpath","value":"(//span[contains(@title ,\"WebdriverYardq4bzeg\")])[1]"}
COMMAND: POST /session/df7e3af810ab6d6da1a176f6e8533552/elements - {"using":"xpath","value":"(//span[contains(@title ,\"WebdriverYardq4bzeg\")])[1]"}
RESULT: {"using":"xpath","value":"(//span[contains(@title ,\"WebdriverYardq4bzeg\")])[1]"}
COMMAND: POST /session/df7e3af810ab6d6da1a176f6e8533552/elements - {"using":"xpath","value":"(//span[contains(@title ,\"WebdriverYardq4bzeg\")])[1]"}
RESULT: {"using":"xpath","value":"(//span[contains(@title ,\"WebdriverYardq4bzeg\")])[1]"}
COMMAND: POST /session/df7e3af810ab6d6da1a176f6e8533552/elements - {"using":"xpath","value":"(//span[contains(@title ,\"WebdriverYardq4bzeg\")])[1]"}
RESULT: {"using":"xpath","value":"(//span[contains(@title ,\"WebdriverYardq4bzeg\")])[1]"}
COMMAND: POST /session/df7e3af810ab6d6da1a176f6e8533552/elements - {"using":"xpath","value":"(//span[contains(@title ,\"WebdriverYardq4bzeg\")])[1]"}
RESULT: {"using":"xpath","value":"(//span[contains(@title ,\"WebdriverYardq4bzeg\")])[1]"}
COMMAND: POST /session/df7e3af810ab6d6da1a176f6e8533552/elements - {"using":"xpath","value":"(//span[contains(@title ,\"WebdriverYardq4bzeg\")])[1]"}
RESULT: {"using":"xpath","value":"(//span[contains(@title ,\"WebdriverYardq4bzeg\")])[1]"}
COMMAND: POST /session/df7e3af810ab6d6da1a176f6e8533552/elements - {"using":"xpath","value":"(//span[contains(@title ,\"WebdriverYardq4bzeg\")])[1]"}
RESULT: {"using":"xpath","value":"(//span[contains(@title ,\"WebdriverYardq4bzeg\")])[1]"}
COMMAND: POST /session/df7e3af810ab6d6da1a176f6e8533552/elements - {"using":"xpath","value":"(//span[contains(@title ,\"WebdriverYardq4bzeg\")])[1]"}
RESULT: {"using":"xpath","value":"(//span[contains(@title ,\"WebdriverYardq4bzeg\")])[1]"}
COMMAND: POST /session/df7e3af810ab6d6da1a176f6e8533552/elements - {"using":"xpath","value":"(//span[contains(@title ,\"WebdriverYardq4bzeg\")])[1]"}
RESULT: {"using":"xpath","value":"(//span[contains(@title ,\"WebdriverYardq4bzeg\")])[1]"}
COMMAND: POST /session/df7e3af810ab6d6da1a176f6e8533552/elements - {"using":"xpath","value":"(//span[contains(@title ,\"WebdriverYardq4bzeg\")])[1]"}
RESULT: {"using":"xpath","value":"(//span[contains(@title ,\"WebdriverYardq4bzeg\")])[1]"}
COMMAND: POST /session/df7e3af810ab6d6da1a176f6e8533552/elements - {"using":"xpath","value":"(//span[contains(@title ,\"WebdriverYardq4bzeg\")])[1]"}
RESULT: {"using":"xpath","value":"(//span[contains(@title ,\"WebdriverYardq4bzeg\")])[1]"}
COMMAND: POST /session/df7e3af810ab6d6da1a176f6e8533552/elements - {"using":"xpath","value":"(//span[contains(@title ,\"WebdriverYardq4bzeg\")])[1]"}
RESULT: {"using":"xpath","value":"(//span[contains(@title ,\"WebdriverYardq4bzeg\")])[1]"}
COMMAND: POST /session/df7e3af810ab6d6da1a176f6e8533552/element - {"using":"xpath","value":"(//span[contains(@title ,\"WebdriverYardq4bzeg\")])[1]"}
RESULT: {"using":"xpath","value":"(//span[contains(@title ,\"WebdriverYardq4bzeg\")])[1]"}
COMMAND: POST /session/df7e3af810ab6d6da1a176f6e8533552/execute/sync - {"script":"<script> [8489 bytes]","args":[{"element-6066-11e4-a52e-4f735466cecf":"f.CC9B589A9DA2186238667A9749121406.d.2269ED1AA90EB4703407E7582066E408.e.10054","ELEMENT":"f.CC9B589A9DA2186238667A9749121406.d.2269ED1AA90EB4703407E7582066E408.e.10054"}]}
RESULT: {"script":"<script> [8489 bytes]","args":[{"element-6066-11e4-a52e-4f735466cecf":"f.CC9B589A9DA2186238667A9749121406.d.2269ED1AA90EB4703407E7582066E408.e.10054","ELEMENT":"f.CC9B589A9DA2186238667A9749121406.d.2269ED1AA90EB4703407E7582066E408.e.10054"}]}
COMMAND: POST /session/df7e3af810ab6d6da1a176f6e8533552/element - {"using":"xpath","value":"(//span[contains(@title ,\"WebdriverYardq4bzeg\")])[1]"}
COMMAND: GET /session/df7e3af810ab6d6da1a176f6e8533552/screenshot - {}
RESULT: {"using":"xpath","value":"(//span[contains(@title ,\"WebdriverYardq4bzeg\")])[1]"}
COMMAND: POST /session/df7e3af810ab6d6da1a176f6e8533552/actions - {"actions":[{"id":"action70","type":"pointer","parameters":{"pointerType":"mouse"},"actions":[{"type":"pointerMove","button":0,"width":0,"height":0,"pressure":0,"tangentialPressure":0,"tiltX":0,"tiltY":0,"twist":0,"altitudeAngle":0,"_":"5 more keys: [\"azimuthAngle\",\"x\",\"y\",\"duration\",\"origin\"]"},{"type":"pointerDown","button":2,"width":0,"height":0,"pressure":0,"tangentialPressure":0,"tiltX":0,"tiltY":0,"twist":0,"altitudeAngle":0,"_":"1 more keys: [\"azimuthAngle\"]"},{"type":"pointerUp","button":2}]}]}
RESULT: {}
RESULT: {"actions":[{"id":"action70","type":"pointer","parameters":{"pointerType":"mouse"},"actions":[{"type":"pointerMove","button":0,"width":0,"height":0,"pressure":0,"tangentialPressure":0,"tiltX":0,"tiltY":0,"twist":0,"altitudeAngle":0,"_":"5 more keys: [\"azimuthAngle\",\"x\",\"y\",\"duration\",\"origin\"]"},{"type":"pointerDown","button":2,"width":0,"height":0,"pressure":0,"tangentialPressure":0,"tiltX":0,"tiltY":0,"twist":0,"altitudeAngle":0,"_":"1 more keys: [\"azimuthAngle\"]"},{"type":"pointerUp","button":2}]}]}
COMMAND: DELETE /session/df7e3af810ab6d6da1a176f6e8533552/actions - {}
COMMAND: GET /session/df7e3af810ab6d6da1a176f6e8533552/screenshot - {}
RESULT: {}
RESULT: {}
COMMAND: GET /session/df7e3af810ab6d6da1a176f6e8533552/screenshot - {}
RESULT: {}
COMMAND: POST /session/df7e3af810ab6d6da1a176f6e8533552/actions - {"actions":[{"id":"action71","type":"key","parameters":{},"actions":[{"type":"keyDown","value":"î€•"},{"type":"pause","duration":10},{"type":"keyUp","value":"î€•"}]}]}
RESULT: {"actions":[{"id":"action71","type":"key","parameters":{},"actions":[{"type":"keyDown","value":"î€•"},{"type":"pause","duration":10},{"type":"keyUp","value":"î€•"}]}]}
COMMAND: GET /session/df7e3af810ab6d6da1a176f6e8533552/screenshot - {}
RESULT: {}
COMMAND: POST /session/df7e3af810ab6d6da1a176f6e8533552/actions - {"actions":[{"id":"action72","type":"key","parameters":{},"actions":[{"type":"keyDown","value":"î€‡"},{"type":"pause","duration":10},{"type":"keyUp","value":"î€‡"}]}]}
RESULT: {"actions":[{"id":"action72","type":"key","parameters":{},"actions":[{"type":"keyDown","value":"î€‡"},{"type":"pause","duration":10},{"type":"keyUp","value":"î€‡"}]}]}
COMMAND: GET /session/df7e3af810ab6d6da1a176f6e8533552/screenshot - {}
RESULT: {}
COMMAND: POST /session/df7e3af810ab6d6da1a176f6e8533552/execute/async - {"script":"<script> [1562 bytes]","args":[{"selector":{"id":"application-planningboard-display-component---pB_RequestHeader--RUreservationComment","searchOpenDialogs":true,"interaction":{"idSuffix":"inner"}},"wdio_ui5_key":"applicationplanningboard-display-component---pB_RequestHeader--RUreservationComment"}]}
RESULT: {"script":"<script> [1562 bytes]","args":[{"selector":{"id":"application-planningboard-display-component---pB_RequestHeader--RUreservationComment","searchOpenDialogs":true,"interaction":{"idSuffix":"inner"}},"wdio_ui5_key":"applicationplanningboard-display-component---pB_RequestHeader--RUreservationComment"}]}
RESULT: undefined
COMMAND: POST /session/df7e3af810ab6d6da1a176f6e8533552/execute/async - {"script":"<script> [776 bytes]","args":[{"enterText":"WdIORes1ohwx1","selector":{"id":"application-planningboard-display-component---pB_RequestHeader--RUreservationComment","searchOpenDialogs":true,"interaction":{"idSuffix":"inner"}},"clearTextFirst":true,"interactionType":"ENTER_TEXT"}]}
RESULT: {"script":"<script> [776 bytes]","args":[{"enterText":"WdIORes1ohwx1","selector":{"id":"application-planningboard-display-component---pB_RequestHeader--RUreservationComment","searchOpenDialogs":true,"interaction":{"idSuffix":"inner"}},"clearTextFirst":true,"interactionType":"ENTER_TEXT"}]}
COMMAND: POST /session/df7e3af810ab6d6da1a176f6e8533552/execute/async - {"script":"<script> [1562 bytes]","args":[{"selector":{"controlType":"sap.m.Button","viewName":"etm.portal.ui.planningboard.view.detail.RequestHeader","viewId":"application-planningboard-display-component---pB_RequestHeader","properties":{"text":"Ok"},"searchOpenDialogs":true,"interaction":{"idSuffix":"BDI-content"}},"wdio_ui5_key":"etmportal.ui.planningboard.view.detail.RequestHeadersap.m.Button{\"text\":\"Ok\"}"}]}
RESULT: {"script":"<script> [1562 bytes]","args":[{"selector":{"controlType":"sap.m.Button","viewName":"etm.portal.ui.planningboard.view.detail.RequestHeader","viewId":"application-planningboard-display-component---pB_RequestHeader","properties":{"text":"Ok"},"searchOpenDialogs":true,"interaction":{"idSuffix":"BDI-content"}},"wdio_ui5_key":"etmportal.ui.planningboard.view.detail.RequestHeadersap.m.Button{\"text\":\"Ok\"}"}]}
RESULT: undefined
COMMAND: POST /session/df7e3af810ab6d6da1a176f6e8533552/element - {"using":"xpath","value":"//*[@id=\"__button192\"]"}
RESULT: {"using":"xpath","value":"//*[@id=\"__button192\"]"}
COMMAND: POST /session/df7e3af810ab6d6da1a176f6e8533552/element/f.CC9B589A9DA2186238667A9749121406.d.2269ED1AA90EB4703407E7582066E408.e.10071/click - {}
RESULT: {}
COMMAND: GET /session/df7e3af810ab6d6da1a176f6e8533552/screenshot - {}
RESULT: {}
COMMAND: POST /session/df7e3af810ab6d6da1a176f6e8533552/element - {"using":"xpath","value":"//span[contains(@title ,\"WebdriverYardq4bzeg\")]"}
RESULT: {"using":"xpath","value":"//span[contains(@title ,\"WebdriverYardq4bzeg\")]"}
COMMAND: POST /session/df7e3af810ab6d6da1a176f6e8533552/actions - {"actions":[{"id":"action73","type":"pointer","parameters":{"pointerType":"mouse"},"actions":[{"type":"pointerMove","button":0,"width":0,"height":0,"pressure":0,"tangentialPressure":0,"tiltX":0,"tiltY":0,"twist":0,"altitudeAngle":0,"_":"5 more keys: [\"azimuthAngle\",\"x\",\"y\",\"duration\",\"origin\"]"},{"type":"pointerDown","button":2,"width":0,"height":0,"pressure":0,"tangentialPressure":0,"tiltX":0,"tiltY":0,"twist":0,"altitudeAngle":0,"_":"1 more keys: [\"azimuthAngle\"]"},{"type":"pointerUp","button":2}]}]}
RESULT: {"actions":[{"id":"action73","type":"pointer","parameters":{"pointerType":"mouse"},"actions":[{"type":"pointerMove","button":0,"width":0,"height":0,"pressure":0,"tangentialPressure":0,"tiltX":0,"tiltY":0,"twist":0,"altitudeAngle":0,"_":"5 more keys: [\"azimuthAngle\",\"x\",\"y\",\"duration\",\"origin\"]"},{"type":"pointerDown","button":2,"width":0,"height":0,"pressure":0,"tangentialPressure":0,"tiltX":0,"tiltY":0,"twist":0,"altitudeAngle":0,"_":"1 more keys: [\"azimuthAngle\"]"},{"type":"pointerUp","button":2}]}]}
COMMAND: DELETE /session/df7e3af810ab6d6da1a176f6e8533552/actions - {}
COMMAND: GET /session/df7e3af810ab6d6da1a176f6e8533552/screenshot - {}
RESULT: {}
COMMAND: GET /session/df7e3af810ab6d6da1a176f6e8533552/screenshot - {}
RESULT: {}
RESULT: {}
COMMAND: POST /session/df7e3af810ab6d6da1a176f6e8533552/actions - {"actions":[{"id":"action74","type":"key","parameters":{},"actions":[{"type":"keyDown","value":"î€•"},{"type":"pause","duration":10},{"type":"keyUp","value":"î€•"}]}]}
RESULT: {"actions":[{"id":"action74","type":"key","parameters":{},"actions":[{"type":"keyDown","value":"î€•"},{"type":"pause","duration":10},{"type":"keyUp","value":"î€•"}]}]}
COMMAND: GET /session/df7e3af810ab6d6da1a176f6e8533552/screenshot - {}
RESULT: {}
COMMAND: POST /session/df7e3af810ab6d6da1a176f6e8533552/actions - {"actions":[{"id":"action75","type":"key","parameters":{},"actions":[{"type":"keyDown","value":"î€‡"},{"type":"pause","duration":10},{"type":"keyUp","value":"î€‡"}]}]}
RESULT: {"actions":[{"id":"action75","type":"key","parameters":{},"actions":[{"type":"keyDown","value":"î€‡"},{"type":"pause","duration":10},{"type":"keyUp","value":"î€‡"}]}]}
COMMAND: GET /session/df7e3af810ab6d6da1a176f6e8533552/screenshot - {}
RESULT: {}
RESULT: undefined
COMMAND: POST /session/df7e3af810ab6d6da1a176f6e8533552/execute/async - {"script":"<script> [776 bytes]","args":[{"enterText":"WdIORes2qz4l9","selector":{"id":"application-planningboard-display-component---pB_RequestHeader--RUreservationComment","searchOpenDialogs":true,"interaction":{"idSuffix":"inner"}},"clearTextFirst":true,"interactionType":"ENTER_TEXT"}]}
RESULT: {"script":"<script> [776 bytes]","args":[{"enterText":"WdIORes2qz4l9","selector":{"id":"application-planningboard-display-component---pB_RequestHeader--RUreservationComment","searchOpenDialogs":true,"interaction":{"idSuffix":"inner"}},"clearTextFirst":true,"interactionType":"ENTER_TEXT"}]}
RESULT: undefined
COMMAND: POST /session/df7e3af810ab6d6da1a176f6e8533552/element - {"using":"xpath","value":"//*[@id=\"__button192\"]"}
RESULT: {"using":"xpath","value":"//*[@id=\"__button192\"]"}
COMMAND: POST /session/df7e3af810ab6d6da1a176f6e8533552/element/f.CC9B589A9DA2186238667A9749121406.d.2269ED1AA90EB4703407E7582066E408.e.10148/click - {}
RESULT: {}
COMMAND: GET /session/df7e3af810ab6d6da1a176f6e8533552/screenshot - {}
RESULT: {}
COMMAND: POST /session/df7e3af810ab6d6da1a176f6e8533552/execute/async - {"script":"<script> [1562 bytes]","args":[{"selector":{"controlType":"sap.m.Button","viewName":"etm.portal.ui.planningboard.view.detail.RequestHeader","viewId":"application-planningboard-display-component---pB_RequestHeader","i18NText":{"propertyName":"text","key":"close"},"ancestor":{"id":"application-planningboard-display-component---pB_RequestHeader--requestItemDetails"},"interaction":{"idSuffix":"BDI-content"}},"wdio_ui5_key":"etmportal.ui.planningboard.view.detail.RequestHeadersap.m.Button{\"propertyName\":\"text\",\"key\":\"close\"}{\"id\":\"application-planningboard-display-component---pB_RequestHeader--requestItemDetails\"}"}]}
RESULT: {"script":"<script> [1562 bytes]","args":[{"selector":{"controlType":"sap.m.Button","viewName":"etm.portal.ui.planningboard.view.detail.RequestHeader","viewId":"application-planningboard-display-component---pB_RequestHeader","i18NText":{"propertyName":"text","key":"close"},"ancestor":{"id":"application-planningboard-display-component---pB_RequestHeader--requestItemDetails"},"interaction":{"idSuffix":"BDI-content"}},"wdio_ui5_key":"etmportal.ui.planningboard.view.detail.RequestHeadersap.m.Button{\"propertyName\":\"text\",\"key\":\"close\"}{\"id\":\"application-planningboard-display-component---pB_RequestHeader--requestItemDetails\"}"}]}
RESULT: undefined
COMMAND: POST /session/df7e3af810ab6d6da1a176f6e8533552/element - {"using":"xpath","value":"//*[@id=\"__button68\"]"}
RESULT: {"using":"xpath","value":"//*[@id=\"__button68\"]"}
COMMAND: POST /session/df7e3af810ab6d6da1a176f6e8533552/element/f.CC9B589A9DA2186238667A9749121406.d.2269ED1AA90EB4703407E7582066E408.e.9938/click - {}
RESULT: {}
COMMAND: GET /session/df7e3af810ab6d6da1a176f6e8533552/screenshot - {}
RESULT: {}
COMMAND: POST /session/df7e3af810ab6d6da1a176f6e8533552/execute/async - {"script":"<script> [1562 bytes]","args":[{"selector":{"id":"application-planningboard-display-component---pB_Master--selectView","interaction":{"idSuffix":"arrow"}},"wdio_ui5_key":"applicationplanningboard-display-component---pB_Master--selectView"}]}
RESULT: {"script":"<script> [1562 bytes]","args":[{"selector":{"id":"application-planningboard-display-component---pB_Master--selectView","interaction":{"idSuffix":"arrow"}},"wdio_ui5_key":"applicationplanningboard-display-component---pB_Master--selectView"}]}
RESULT: undefined
COMMAND: POST /session/df7e3af810ab6d6da1a176f6e8533552/element - {"using":"xpath","value":"//*[@id=\"application-planningboard-display-component---pB_Master--selectView\"]"}
RESULT: {"using":"xpath","value":"//*[@id=\"application-planningboard-display-component---pB_Master--selectView\"]"}
COMMAND: POST /session/df7e3af810ab6d6da1a176f6e8533552/element/f.CC9B589A9DA2186238667A9749121406.d.2269ED1AA90EB4703407E7582066E408.e.10317/click - {}
RESULT: {}
COMMAND: GET /session/df7e3af810ab6d6da1a176f6e8533552/screenshot - {}
RESULT: {}
COMMAND: POST /session/df7e3af810ab6d6da1a176f6e8533552/execute/async - {"script":"<script> [1562 bytes]","args":[{"selector":{"controlType":"sap.ui.core.Item","viewName":"etm.portal.ui.planningboard.view.Master","viewId":"application-planningboard-display-component---pB_Master","i18NText":{"propertyName":"text","key":"manageReservations"},"searchOpenDialogs":true},"wdio_ui5_key":"etmportal.ui.planningboard.view.Mastersap.ui.core.Item{\"propertyName\":\"text\",\"key\":\"manageReservations\"}"}]}
RESULT: {"script":"<script> [1562 bytes]","args":[{"selector":{"controlType":"sap.ui.core.Item","viewName":"etm.portal.ui.planningboard.view.Master","viewId":"application-planningboard-display-component---pB_Master","i18NText":{"propertyName":"text","key":"manageReservations"},"searchOpenDialogs":true},"wdio_ui5_key":"etmportal.ui.planningboard.view.Mastersap.ui.core.Item{\"propertyName\":\"text\",\"key\":\"manageReservations\"}"}]}
RESULT: undefined
COMMAND: POST /session/df7e3af810ab6d6da1a176f6e8533552/element - {"using":"xpath","value":"//*[@id=\"__item437\"]"}
RESULT: {"using":"xpath","value":"//*[@id=\"__item437\"]"}
COMMAND: POST /session/df7e3af810ab6d6da1a176f6e8533552/element/f.CC9B589A9DA2186238667A9749121406.d.2269ED1AA90EB4703407E7582066E408.e.10320/click - {}
RESULT: {}
COMMAND: GET /session/df7e3af810ab6d6da1a176f6e8533552/screenshot - {}
RESULT: {}
COMMAND: POST /session/df7e3af810ab6d6da1a176f6e8533552/element - {"using":"xpath","value":"//span[contains(@id ,\"clone\")][contains(text(), \"WdIORes1ohwx1\")]"}
RESULT: {"using":"xpath","value":"//span[contains(@id ,\"clone\")][contains(text(), \"WdIORes1ohwx1\")]"}
COMMAND: GET /session/df7e3af810ab6d6da1a176f6e8533552/element/f.CC9B589A9DA2186238667A9749121406.d.2269ED1AA90EB4703407E7582066E408.e.10335/text - {}
RESULT: {}
COMMAND: POST /session/df7e3af810ab6d6da1a176f6e8533552/element - {"using":"xpath","value":"//span[contains(@id ,\"clone\")][contains(text(), \"WdIORes2qz4l9\")]"}
RESULT: {"using":"xpath","value":"//span[contains(@id ,\"clone\")][contains(text(), \"WdIORes2qz4l9\")]"}
COMMAND: POST /session/df7e3af810ab6d6da1a176f6e8533552/element/f.CC9B589A9DA2186238667A9749121406.d.2269ED1AA90EB4703407E7582066E408.e.10336/click - {}
RESULT: {}
COMMAND: GET /session/df7e3af810ab6d6da1a176f6e8533552/screenshot - {}
RESULT: {}
COMMAND: POST /session/df7e3af810ab6d6da1a176f6e8533552/actions - {"actions":[{"id":"action76","type":"key","parameters":{},"actions":[{"type":"keyDown","value":"î€‡"},{"type":"pause","duration":10},{"type":"keyUp","value":"î€‡"}]}]}
RESULT: {"actions":[{"id":"action76","type":"key","parameters":{},"actions":[{"type":"keyDown","value":"î€‡"},{"type":"pause","duration":10},{"type":"keyUp","value":"î€‡"}]}]}
COMMAND: GET /session/df7e3af810ab6d6da1a176f6e8533552/screenshot - {}
RESULT: {}
COMMAND: POST /session/df7e3af810ab6d6da1a176f6e8533552/execute/async - {"script":"<script> [1562 bytes]","args":[{"selector":{"controlType":"sap.m.Button","viewName":"etm.portal.ui.planningboard.view.detail.Planning","viewId":"application-planningboard-display-component---pB_Planning","i18NText":{"propertyName":"text","key":"unplan"},"interaction":{"idSuffix":"BDI-content"}},"wdio_ui5_key":"etmportal.ui.planningboard.view.detail.Planningsap.m.Button{\"propertyName\":\"text\",\"key\":\"unplan\"}"}]}
RESULT: {"script":"<script> [1562 bytes]","args":[{"selector":{"controlType":"sap.m.Button","viewName":"etm.portal.ui.planningboard.view.detail.Planning","viewId":"application-planningboard-display-component---pB_Planning","i18NText":{"propertyName":"text","key":"unplan"},"interaction":{"idSuffix":"BDI-content"}},"wdio_ui5_key":"etmportal.ui.planningboard.view.detail.Planningsap.m.Button{\"propertyName\":\"text\",\"key\":\"unplan\"}"}]}
RESULT: undefined
COMMAND: POST /session/df7e3af810ab6d6da1a176f6e8533552/element - {"using":"xpath","value":"//*[@id=\"__button258\"]"}
RESULT: {"using":"xpath","value":"//*[@id=\"__button258\"]"}
COMMAND: POST /session/df7e3af810ab6d6da1a176f6e8533552/element/f.CC9B589A9DA2186238667A9749121406.d.2269ED1AA90EB4703407E7582066E408.e.10395/click - {}
RESULT: {}
COMMAND: GET /session/df7e3af810ab6d6da1a176f6e8533552/screenshot - {}
RESULT: {}
COMMAND: POST /session/df7e3af810ab6d6da1a176f6e8533552/element - {"using":"xpath","value":"//span[contains(@id ,\"clone\")][contains(text(), \"WdIORes2qz4l9\")]"}
RESULT: {"using":"xpath","value":"//span[contains(@id ,\"clone\")][contains(text(), \"WdIORes2qz4l9\")]"}
COMMAND: POST /session/df7e3af810ab6d6da1a176f6e8533552/element - {"using":"xpath","value":"//span[contains(@id ,\"clone\")][contains(text(), \"WdIORes2qz4l9\")]"}
RESULT: {"using":"xpath","value":"//span[contains(@id ,\"clone\")][contains(text(), \"WdIORes2qz4l9\")]"}
COMMAND: POST /session/df7e3af810ab6d6da1a176f6e8533552/element - {"using":"xpath","value":"//span[contains(@id ,\"clone\")][contains(text(), \"WdIORes1ohwx1\")]"}
RESULT: {"using":"xpath","value":"//span[contains(@id ,\"clone\")][contains(text(), \"WdIORes1ohwx1\")]"}
COMMAND: POST /session/df7e3af810ab6d6da1a176f6e8533552/element/f.CC9B589A9DA2186238667A9749121406.d.2269ED1AA90EB4703407E7582066E408.e.10460/click - {}
RESULT: {}
COMMAND: GET /session/df7e3af810ab6d6da1a176f6e8533552/screenshot - {}
RESULT: {}
COMMAND: POST /session/df7e3af810ab6d6da1a176f6e8533552/actions - {"actions":[{"id":"action77","type":"key","parameters":{},"actions":[{"type":"keyDown","value":"î€‡"},{"type":"pause","duration":10},{"type":"keyUp","value":"î€‡"}]}]}
RESULT: {"actions":[{"id":"action77","type":"key","parameters":{},"actions":[{"type":"keyDown","value":"î€‡"},{"type":"pause","duration":10},{"type":"keyUp","value":"î€‡"}]}]}
COMMAND: GET /session/df7e3af810ab6d6da1a176f6e8533552/screenshot - {}
RESULT: {}
]]></system-out>
    </testcase>
  </testsuite>
  <testsuite timestamp="2025-04-25T16:04:51" time="31.083" tests="1" failures="0" errors="0" skipped="0">
    <properties>
      <property name="specId" value="0" />
      <property name="suiteName" value="Reserve/Unreserve request item via reserve option US139161" />
      <property name="capabilities" value="chrome.135_0_7049_96.windows" />
      <property name="file" value="file:///D:/a/1/s/test/specs/R2C/manage-reservations-view-planning-board.spec.js" />
    </properties>
    <testcase classname="chrome.135_0_7049_96.windows.Reserve/Unreserve_request_item_via_reserve_option_US139161" name="Should open a reservation to verify and edit the details" time="31.082">
      <system-out><![CDATA[
COMMAND: POST /session/df7e3af810ab6d6da1a176f6e8533552/element - {"using":"xpath","value":"//button[contains(@data-kt, \"editButton\")]"}
RESULT: {"using":"xpath","value":"//button[contains(@data-kt, \"editButton\")]"}
COMMAND: POST /session/df7e3af810ab6d6da1a176f6e8533552/execute/sync - {"script":"<script> [8489 bytes]","args":[{"element-6066-11e4-a52e-4f735466cecf":"f.CC9B589A9DA2186238667A9749121406.d.2269ED1AA90EB4703407E7582066E408.e.10502","ELEMENT":"f.CC9B589A9DA2186238667A9749121406.d.2269ED1AA90EB4703407E7582066E408.e.10502"}]}
RESULT: {"script":"<script> [8489 bytes]","args":[{"element-6066-11e4-a52e-4f735466cecf":"f.CC9B589A9DA2186238667A9749121406.d.2269ED1AA90EB4703407E7582066E408.e.10502","ELEMENT":"f.CC9B589A9DA2186238667A9749121406.d.2269ED1AA90EB4703407E7582066E408.e.10502"}]}
COMMAND: POST /session/df7e3af810ab6d6da1a176f6e8533552/element - {"using":"xpath","value":"//button[contains(@data-kt, \"unplanButton\")]"}
COMMAND: GET /session/df7e3af810ab6d6da1a176f6e8533552/screenshot - {}
RESULT: {"using":"xpath","value":"//button[contains(@data-kt, \"unplanButton\")]"}
COMMAND: POST /session/df7e3af810ab6d6da1a176f6e8533552/execute/sync - {"script":"<script> [8489 bytes]","args":[{"element-6066-11e4-a52e-4f735466cecf":"f.CC9B589A9DA2186238667A9749121406.d.2269ED1AA90EB4703407E7582066E408.e.10503","ELEMENT":"f.CC9B589A9DA2186238667A9749121406.d.2269ED1AA90EB4703407E7582066E408.e.10503"}]}
RESULT: {}
RESULT: {"script":"<script> [8489 bytes]","args":[{"element-6066-11e4-a52e-4f735466cecf":"f.CC9B589A9DA2186238667A9749121406.d.2269ED1AA90EB4703407E7582066E408.e.10503","ELEMENT":"f.CC9B589A9DA2186238667A9749121406.d.2269ED1AA90EB4703407E7582066E408.e.10503"}]}
COMMAND: POST /session/df7e3af810ab6d6da1a176f6e8533552/element - {"using":"xpath","value":"//button[contains(@data-kt, \"editButton\")]"}
COMMAND: GET /session/df7e3af810ab6d6da1a176f6e8533552/screenshot - {}
RESULT: {"using":"xpath","value":"//button[contains(@data-kt, \"editButton\")]"}
COMMAND: POST /session/df7e3af810ab6d6da1a176f6e8533552/element/f.CC9B589A9DA2186238667A9749121406.d.2269ED1AA90EB4703407E7582066E408.e.10502/click - {}
RESULT: {}
RESULT: {}
COMMAND: POST /session/df7e3af810ab6d6da1a176f6e8533552/element - {"using":"xpath","value":"(//input[contains(@id ,\"picker\")][contains(@aria-roledescription ,\"Date Input\")])[4]"}
COMMAND: GET /session/df7e3af810ab6d6da1a176f6e8533552/screenshot - {}
RESULT: {"using":"xpath","value":"(//input[contains(@id ,\"picker\")][contains(@aria-roledescription ,\"Date Input\")])[4]"}
COMMAND: POST /session/df7e3af810ab6d6da1a176f6e8533552/element/f.CC9B589A9DA2186238667A9749121406.d.2269ED1AA90EB4703407E7582066E408.e.10480/clear - {}
RESULT: {}
RESULT: {}
COMMAND: POST /session/df7e3af810ab6d6da1a176f6e8533552/element/f.CC9B589A9DA2186238667A9749121406.d.2269ED1AA90EB4703407E7582066E408.e.10480/value - {"text":"4/27/25"}
COMMAND: GET /session/df7e3af810ab6d6da1a176f6e8533552/screenshot - {}
RESULT: {}
RESULT: {"text":"4/27/25"}
COMMAND: GET /session/df7e3af810ab6d6da1a176f6e8533552/screenshot - {}
RESULT: {}
COMMAND: POST /session/df7e3af810ab6d6da1a176f6e8533552/element - {"using":"xpath","value":"//bdi[contains(text(), \"Save\")]"}
RESULT: {"using":"xpath","value":"//bdi[contains(text(), \"Save\")]"}
COMMAND: POST /session/df7e3af810ab6d6da1a176f6e8533552/element/f.CC9B589A9DA2186238667A9749121406.d.2269ED1AA90EB4703407E7582066E408.e.10526/click - {}
RESULT: {}
COMMAND: GET /session/df7e3af810ab6d6da1a176f6e8533552/screenshot - {}
RESULT: {}
COMMAND: POST /session/df7e3af810ab6d6da1a176f6e8533552/element - {"using":"xpath","value":"(//input[contains(@id ,\"picker\")][contains(@aria-roledescription ,\"Date Input\")])[4]"}
RESULT: {"using":"xpath","value":"(//input[contains(@id ,\"picker\")][contains(@aria-roledescription ,\"Date Input\")])[4]"}
COMMAND: GET /session/df7e3af810ab6d6da1a176f6e8533552/element/f.CC9B589A9DA2186238667A9749121406.d.2269ED1AA90EB4703407E7582066E408.e.10480/property/value - {}
RESULT: {}
COMMAND: GET /session/df7e3af810ab6d6da1a176f6e8533552/screenshot - {}
RESULT: {}
COMMAND: POST /session/df7e3af810ab6d6da1a176f6e8533552/element - {"using":"xpath","value":"//bdi[contains(text(), \"Unplan\")]"}
RESULT: {"using":"xpath","value":"//bdi[contains(text(), \"Unplan\")]"}
COMMAND: POST /session/df7e3af810ab6d6da1a176f6e8533552/element/f.CC9B589A9DA2186238667A9749121406.d.2269ED1AA90EB4703407E7582066E408.e.10538/click - {}
RESULT: {}
COMMAND: GET /session/df7e3af810ab6d6da1a176f6e8533552/screenshot - {}
RESULT: {}
COMMAND: POST /session/df7e3af810ab6d6da1a176f6e8533552/element - {"using":"css selector","value":"#shell-header-logo"}
RESULT: {"using":"css selector","value":"#shell-header-logo"}
COMMAND: POST /session/df7e3af810ab6d6da1a176f6e8533552/element/f.CC9B589A9DA2186238667A9749121406.d.2269ED1AA90EB4703407E7582066E408.e.9097/click - {}
RESULT: {}
COMMAND: GET /session/df7e3af810ab6d6da1a176f6e8533552/screenshot - {}
RESULT: {}
COMMAND: POST /session/df7e3af810ab6d6da1a176f6e8533552/refresh - {}
RESULT: {}
COMMAND: GET /session/df7e3af810ab6d6da1a176f6e8533552/screenshot - {}
RESULT: {}
COMMAND: POST /session/df7e3af810ab6d6da1a176f6e8533552/execute/async - {"script":"<script> [189 bytes]","args":[]}
RESULT: {"script":"<script> [189 bytes]","args":[]}
COMMAND: POST /session/df7e3af810ab6d6da1a176f6e8533552/execute/async - {"script":"<script> [123 bytes]","args":[]}
RESULT: {"script":"<script> [123 bytes]","args":[]}
COMMAND: POST /session/df7e3af810ab6d6da1a176f6e8533552/timeouts - {"script":"<number>"}
RESULT: {"script":"<number>"}
COMMAND: GET /session/df7e3af810ab6d6da1a176f6e8533552/timeouts - {}
RESULT: {}
RESULT: undefined
COMMAND: POST /session/df7e3af810ab6d6da1a176f6e8533552/execute/async - {"script":"<script> [2676 bytes]","args":[]}
RESULT: {"script":"<script> [2676 bytes]","args":[]}
COMMAND: POST /session/df7e3af810ab6d6da1a176f6e8533552/execute/async - {"script":"<script> [2342 bytes]","args":[{"protocol":"http","hostname":"0.0.0.0","path":"/","capabilities":{"browserName":"chrome","goog:chromeOptions":{"binary":"C:\\Program Files\\Google\\Chrome\\Application\\chrome.exe","args":["--start-maximized"]}},"logLevel":"warn","connectionRetryTimeout":120000,"connectionRetryCount":3,"logLevels":{},"enableDirectConnect":true,"strictSSL":true,"_":"65 more keys: [\"cacheDir\",\"port\",\"requestedCapabilities\",\"automationProtocol\",\"baseUrl\",\"waitforInterval\",\"waitforTimeout\",\"onReload\",\"beforeCommand\",\"afterCommand\",\"rootDir\",\"specs\",\"suites\",\"exclude\",\"groupLogsByTestSpec\",\"excludeDriverLogs\",\"bail\",\"framework\",\"reporters\",\"services\",\"maxInstances\",\"maxInstancesPerCapability\",\"injectGlobals\",\"filesToWatch\",\"execArgv\",\"runnerEnv\",\"runner\",\"shard\",\"specFileRetries\",\"specFileRetriesDelay\",\"specFileRetriesDeferred\",\"reporterSyncInterval\",\"reporterSyncTimeout\",\"cucumberFeaturesWithLineNumbers\",\"autoCompileOpts\",\"mochaOpts\",\"jasmineOpts\",\"cucumberOpts\",\"onPrepare\",\"onWorkerStart\",\"onWorkerEnd\",\"before\",\"beforeSession\",\"beforeSuite\",\"beforeHook\",\"beforeTest\",\"afterTest\",\"afterHook\",\"afterSuite\",\"afterSession\",\"after\",\"onComplete\",\"beforeAssertion\",\"afterAssertion\",\"beforeFeature\",\"beforeScenario\",\"beforeStep\",\"afterStep\",\"afterScenario\",\"afterFeature\",\"_\",\"suite\",\"$0\",\"ignoredWorkerServices\",\"wdi5\"]"}]}
RESULT: {"script":"<script> [2342 bytes]","args":[{"protocol":"http","hostname":"0.0.0.0","path":"/","capabilities":{"browserName":"chrome","goog:chromeOptions":{"binary":"C:\\Program Files\\Google\\Chrome\\Application\\chrome.exe","args":["--start-maximized"]}},"logLevel":"warn","connectionRetryTimeout":120000,"connectionRetryCount":3,"logLevels":{},"enableDirectConnect":true,"strictSSL":true,"_":"65 more keys: [\"cacheDir\",\"port\",\"requestedCapabilities\",\"automationProtocol\",\"baseUrl\",\"waitforInterval\",\"waitforTimeout\",\"onReload\",\"beforeCommand\",\"afterCommand\",\"rootDir\",\"specs\",\"suites\",\"exclude\",\"groupLogsByTestSpec\",\"excludeDriverLogs\",\"bail\",\"framework\",\"reporters\",\"services\",\"maxInstances\",\"maxInstancesPerCapability\",\"injectGlobals\",\"filesToWatch\",\"execArgv\",\"runnerEnv\",\"runner\",\"shard\",\"specFileRetries\",\"specFileRetriesDelay\",\"specFileRetriesDeferred\",\"reporterSyncInterval\",\"reporterSyncTimeout\",\"cucumberFeaturesWithLineNumbers\",\"autoCompileOpts\",\"mochaOpts\",\"jasmineOpts\",\"cucumberOpts\",\"onPrepare\",\"onWorkerStart\",\"onWorkerEnd\",\"before\",\"beforeSession\",\"beforeSuite\",\"beforeHook\",\"beforeTest\",\"afterTest\",\"afterHook\",\"afterSuite\",\"afterSession\",\"after\",\"onComplete\",\"beforeAssertion\",\"afterAssertion\",\"beforeFeature\",\"beforeScenario\",\"beforeStep\",\"afterStep\",\"afterScenario\",\"afterFeature\",\"_\",\"suite\",\"$0\",\"ignoredWorkerServices\",\"wdi5\"]"}]}
COMMAND: POST /session/df7e3af810ab6d6da1a176f6e8533552/execute/async - {"script":"<script> [21126 bytes]","args":[35000]}
RESULT: {"script":"<script> [21126 bytes]","args":[35000]}
]]></system-out>
    </testcase>
  </testsuite>
  <testsuite timestamp="2025-04-25T16:05:22" time="282.879" tests="3" failures="0" errors="0" skipped="0">
    <properties>
      <property name="specId" value="0" />
      <property name="suiteName" value="Process request items into new quotation US120163" />
      <property name="capabilities" value="chrome.135_0_7049_96.windows" />
      <property name="file" value="file:///D:/a/1/s/test/specs/R2C/process-request-items-into-new-quotation.spec.js" />
    </properties>
    <testcase classname="chrome.135_0_7049_96.windows.Process_request_items_into_new_quotation_US120163" name="Should create a new request with catalog items and plan it" time="168.201">
      <system-out><![CDATA[
COMMAND: POST /session/df7e3af810ab6d6da1a176f6e8533552/element - {"using":"xpath","value":"//*[contains(@href, 'etm.portal.ui.managerequests')]"}
RESULT: {"using":"xpath","value":"//*[contains(@href, 'etm.portal.ui.managerequests')]"}
COMMAND: POST /session/df7e3af810ab6d6da1a176f6e8533552/element/f.CC9B589A9DA2186238667A9749121406.d.4EE1B23AB4C5E9810B1713B84558A0EB.e.10612/click - {}
RESULT: {}
COMMAND: GET /session/df7e3af810ab6d6da1a176f6e8533552/screenshot - {}
RESULT: {}
COMMAND: POST /session/df7e3af810ab6d6da1a176f6e8533552/element - {"using":"xpath","value":"//button[contains(@data-kt ,\"btnCreateNewOverflowToolbarButton\")]"}
COMMAND: POST /session/df7e3af810ab6d6da1a176f6e8533552/element - {"using":"xpath","value":"(//span[contains(@class ,\"sapMObjStatusText\")])[1]"}
RESULT: {"using":"xpath","value":"//button[contains(@data-kt ,\"btnCreateNewOverflowToolbarButton\")]"}
COMMAND: POST /session/df7e3af810ab6d6da1a176f6e8533552/element/f.CC9B589A9DA2186238667A9749121406.d.4EE1B23AB4C5E9810B1713B84558A0EB.e.10668/click - {}
RESULT: {"using":"xpath","value":"(//span[contains(@class ,\"sapMObjStatusText\")])[1]"}
COMMAND: POST /session/df7e3af810ab6d6da1a176f6e8533552/execute/sync - {"script":"<script> [8489 bytes]","args":[{"element-6066-11e4-a52e-4f735466cecf":"f.CC9B589A9DA2186238667A9749121406.d.4EE1B23AB4C5E9810B1713B84558A0EB.e.10704","ELEMENT":"f.CC9B589A9DA2186238667A9749121406.d.4EE1B23AB4C5E9810B1713B84558A0EB.e.10704"}]}
RESULT: {}
COMMAND: GET /session/df7e3af810ab6d6da1a176f6e8533552/screenshot - {}
RESULT: {"script":"<script> [8489 bytes]","args":[{"element-6066-11e4-a52e-4f735466cecf":"f.CC9B589A9DA2186238667A9749121406.d.4EE1B23AB4C5E9810B1713B84558A0EB.e.10704","ELEMENT":"f.CC9B589A9DA2186238667A9749121406.d.4EE1B23AB4C5E9810B1713B84558A0EB.e.10704"}]}
COMMAND: GET /session/df7e3af810ab6d6da1a176f6e8533552/screenshot - {}
RESULT: {}
RESULT: {}
COMMAND: POST /session/df7e3af810ab6d6da1a176f6e8533552/element - {"using":"xpath","value":"//input[contains(@id ,\"yardId-inner\")]"}
RESULT: {"using":"xpath","value":"//input[contains(@id ,\"yardId-inner\")]"}
COMMAND: POST /session/df7e3af810ab6d6da1a176f6e8533552/execute/sync - {"script":"<script> [8489 bytes]","args":[{"element-6066-11e4-a52e-4f735466cecf":"f.CC9B589A9DA2186238667A9749121406.d.4EE1B23AB4C5E9810B1713B84558A0EB.e.10897","ELEMENT":"f.CC9B589A9DA2186238667A9749121406.d.4EE1B23AB4C5E9810B1713B84558A0EB.e.10897"}]}
RESULT: {"script":"<script> [8489 bytes]","args":[{"element-6066-11e4-a52e-4f735466cecf":"f.CC9B589A9DA2186238667A9749121406.d.4EE1B23AB4C5E9810B1713B84558A0EB.e.10897","ELEMENT":"f.CC9B589A9DA2186238667A9749121406.d.4EE1B23AB4C5E9810B1713B84558A0EB.e.10897"}]}
COMMAND: POST /session/df7e3af810ab6d6da1a176f6e8533552/element - {"using":"xpath","value":"//input[contains(@id ,\"yardId-inner\")]"}
COMMAND: GET /session/df7e3af810ab6d6da1a176f6e8533552/screenshot - {}
RESULT: {"using":"xpath","value":"//input[contains(@id ,\"yardId-inner\")]"}
COMMAND: GET /session/df7e3af810ab6d6da1a176f6e8533552/element/f.CC9B589A9DA2186238667A9749121406.d.4EE1B23AB4C5E9810B1713B84558A0EB.e.10897/enabled - {}
RESULT: {}
RESULT: {}
COMMAND: POST /session/df7e3af810ab6d6da1a176f6e8533552/element/f.CC9B589A9DA2186238667A9749121406.d.4EE1B23AB4C5E9810B1713B84558A0EB.e.10897/clear - {}
COMMAND: GET /session/df7e3af810ab6d6da1a176f6e8533552/screenshot - {}
RESULT: {}
COMMAND: POST /session/df7e3af810ab6d6da1a176f6e8533552/element/f.CC9B589A9DA2186238667A9749121406.d.4EE1B23AB4C5E9810B1713B84558A0EB.e.10897/value - {"text":"WebdriverYardq4bzeg"}
COMMAND: GET /session/df7e3af810ab6d6da1a176f6e8533552/screenshot - {}
RESULT: {}
RESULT: {"text":"WebdriverYardq4bzeg"}
COMMAND: GET /session/df7e3af810ab6d6da1a176f6e8533552/screenshot - {}
RESULT: {}
RESULT: {}
COMMAND: POST /session/df7e3af810ab6d6da1a176f6e8533552/actions - {"actions":[{"id":"action78","type":"key","parameters":{},"actions":[{"type":"keyDown","value":"î€‡"},{"type":"pause","duration":10},{"type":"keyUp","value":"î€‡"}]}]}
COMMAND: POST /session/df7e3af810ab6d6da1a176f6e8533552/element - {"using":"xpath","value":"//input[contains(@id ,\"customerNumber-inner\")]"}
RESULT: {"actions":[{"id":"action78","type":"key","parameters":{},"actions":[{"type":"keyDown","value":"î€‡"},{"type":"pause","duration":10},{"type":"keyUp","value":"î€‡"}]}]}
COMMAND: GET /session/df7e3af810ab6d6da1a176f6e8533552/screenshot - {}
RESULT: {"using":"xpath","value":"//input[contains(@id ,\"customerNumber-inner\")]"}
COMMAND: POST /session/df7e3af810ab6d6da1a176f6e8533552/element/f.CC9B589A9DA2186238667A9749121406.d.4EE1B23AB4C5E9810B1713B84558A0EB.e.10891/value - {"text":"WebdriverPartnerc7b6l"}
RESULT: {}
RESULT: {"text":"WebdriverPartnerc7b6l"}
COMMAND: GET /session/df7e3af810ab6d6da1a176f6e8533552/screenshot - {}
RESULT: {}
COMMAND: POST /session/df7e3af810ab6d6da1a176f6e8533552/element/f.CC9B589A9DA2186238667A9749121406.d.4EE1B23AB4C5E9810B1713B84558A0EB.e.10897/clear - {}
RESULT: {}
COMMAND: POST /session/df7e3af810ab6d6da1a176f6e8533552/element/f.CC9B589A9DA2186238667A9749121406.d.4EE1B23AB4C5E9810B1713B84558A0EB.e.10897/clear - {}
COMMAND: GET /session/df7e3af810ab6d6da1a176f6e8533552/screenshot - {}
RESULT: {}
COMMAND: POST /session/df7e3af810ab6d6da1a176f6e8533552/element/f.CC9B589A9DA2186238667A9749121406.d.4EE1B23AB4C5E9810B1713B84558A0EB.e.10897/value - {"text":"WebdriverYardq4bzeg"}
COMMAND: GET /session/df7e3af810ab6d6da1a176f6e8533552/screenshot - {}
RESULT: {}
RESULT: {"text":"WebdriverYardq4bzeg"}
COMMAND: GET /session/df7e3af810ab6d6da1a176f6e8533552/screenshot - {}
RESULT: {}
RESULT: {}
COMMAND: POST /session/df7e3af810ab6d6da1a176f6e8533552/actions - {"actions":[{"id":"action79","type":"key","parameters":{},"actions":[{"type":"keyDown","value":"î€‡"},{"type":"pause","duration":10},{"type":"keyUp","value":"î€‡"}]}]}
RESULT: {"actions":[{"id":"action79","type":"key","parameters":{},"actions":[{"type":"keyDown","value":"î€‡"},{"type":"pause","duration":10},{"type":"keyUp","value":"î€‡"}]}]}
COMMAND: GET /session/df7e3af810ab6d6da1a176f6e8533552/screenshot - {}
RESULT: {}
COMMAND: POST /session/df7e3af810ab6d6da1a176f6e8533552/element - {"using":"xpath","value":"//input[contains(@id ,\"customerNumber-inner\")]"}
RESULT: {"using":"xpath","value":"//input[contains(@id ,\"customerNumber-inner\")]"}
COMMAND: POST /session/df7e3af810ab6d6da1a176f6e8533552/element/f.CC9B589A9DA2186238667A9749121406.d.4EE1B23AB4C5E9810B1713B84558A0EB.e.10891/clear - {}
RESULT: {}
COMMAND: GET /session/df7e3af810ab6d6da1a176f6e8533552/screenshot - {}
RESULT: {}
COMMAND: POST /session/df7e3af810ab6d6da1a176f6e8533552/actions - {"actions":[{"id":"action80","type":"key","parameters":{},"actions":[{"type":"keyDown","value":"î€‡"},{"type":"pause","duration":10},{"type":"keyUp","value":"î€‡"}]}]}
RESULT: {"actions":[{"id":"action80","type":"key","parameters":{},"actions":[{"type":"keyDown","value":"î€‡"},{"type":"pause","duration":10},{"type":"keyUp","value":"î€‡"}]}]}
COMMAND: GET /session/df7e3af810ab6d6da1a176f6e8533552/screenshot - {}
RESULT: {}
COMMAND: POST /session/df7e3af810ab6d6da1a176f6e8533552/element - {"using":"xpath","value":"//input[contains(@id ,\"customerNumber-inner\")]"}
RESULT: {"using":"xpath","value":"//input[contains(@id ,\"customerNumber-inner\")]"}
COMMAND: POST /session/df7e3af810ab6d6da1a176f6e8533552/element/f.CC9B589A9DA2186238667A9749121406.d.4EE1B23AB4C5E9810B1713B84558A0EB.e.10891/value - {"text":"WebdriverPartnerc7b6l"}
RESULT: {"text":"WebdriverPartnerc7b6l"}
COMMAND: GET /session/df7e3af810ab6d6da1a176f6e8533552/screenshot - {}
RESULT: {}
COMMAND: POST /session/df7e3af810ab6d6da1a176f6e8533552/actions - {"actions":[{"id":"action81","type":"key","parameters":{},"actions":[{"type":"keyDown","value":"î€‡"},{"type":"pause","duration":10},{"type":"keyUp","value":"î€‡"}]}]}
RESULT: {"actions":[{"id":"action81","type":"key","parameters":{},"actions":[{"type":"keyDown","value":"î€‡"},{"type":"pause","duration":10},{"type":"keyUp","value":"î€‡"}]}]}
COMMAND: GET /session/df7e3af810ab6d6da1a176f6e8533552/screenshot - {}
RESULT: {}
COMMAND: POST /session/df7e3af810ab6d6da1a176f6e8533552/element - {"using":"xpath","value":"//input[contains(@id ,\"requestSiteId-inner\")]"}
RESULT: {"using":"xpath","value":"//input[contains(@id ,\"requestSiteId-inner\")]"}
COMMAND: POST /session/df7e3af810ab6d6da1a176f6e8533552/element/f.CC9B589A9DA2186238667A9749121406.d.4EE1B23AB4C5E9810B1713B84558A0EB.e.10890/value - {"text":"WebdriverSite7ggb9j"}
RESULT: {"text":"WebdriverSite7ggb9j"}
COMMAND: GET /session/df7e3af810ab6d6da1a176f6e8533552/screenshot - {}
RESULT: {}
COMMAND: POST /session/df7e3af810ab6d6da1a176f6e8533552/actions - {"actions":[{"id":"action82","type":"key","parameters":{},"actions":[{"type":"keyDown","value":"î€‡"},{"type":"pause","duration":10},{"type":"keyUp","value":"î€‡"}]}]}
RESULT: {"actions":[{"id":"action82","type":"key","parameters":{},"actions":[{"type":"keyDown","value":"î€‡"},{"type":"pause","duration":10},{"type":"keyUp","value":"î€‡"}]}]}
COMMAND: GET /session/df7e3af810ab6d6da1a176f6e8533552/screenshot - {}
RESULT: {}
COMMAND: POST /session/df7e3af810ab6d6da1a176f6e8533552/element - {"using":"xpath","value":"//button[contains(@data-kt ,\"requestItemAddOverflowToolbarButton\")]"}
RESULT: {"using":"xpath","value":"//button[contains(@data-kt ,\"requestItemAddOverflowToolbarButton\")]"}
COMMAND: POST /session/df7e3af810ab6d6da1a176f6e8533552/element/f.CC9B589A9DA2186238667A9749121406.d.4EE1B23AB4C5E9810B1713B84558A0EB.e.10869/click - {}
RESULT: {}
COMMAND: GET /session/df7e3af810ab6d6da1a176f6e8533552/screenshot - {}
RESULT: {}
COMMAND: POST /session/df7e3af810ab6d6da1a176f6e8533552/actions - {"actions":[{"id":"action83","type":"key","parameters":{},"actions":[{"type":"keyDown","value":"î€•"},{"type":"pause","duration":10},{"type":"keyUp","value":"î€•"}]}]}
RESULT: {"actions":[{"id":"action83","type":"key","parameters":{},"actions":[{"type":"keyDown","value":"î€•"},{"type":"pause","duration":10},{"type":"keyUp","value":"î€•"}]}]}
COMMAND: POST /session/df7e3af810ab6d6da1a176f6e8533552/actions - {"actions":[{"id":"action84","type":"key","parameters":{},"actions":[{"type":"keyDown","value":"î€‡"},{"type":"pause","duration":10},{"type":"keyUp","value":"î€‡"}]}]}
COMMAND: GET /session/df7e3af810ab6d6da1a176f6e8533552/screenshot - {}
RESULT: {"actions":[{"id":"action84","type":"key","parameters":{},"actions":[{"type":"keyDown","value":"î€‡"},{"type":"pause","duration":10},{"type":"keyUp","value":"î€‡"}]}]}
COMMAND: POST /session/df7e3af810ab6d6da1a176f6e8533552/element - {"using":"xpath","value":"(//input[contains(@id ,\"requestItemsTable-0-inner\")])[1]"}
COMMAND: GET /session/df7e3af810ab6d6da1a176f6e8533552/screenshot - {}
RESULT: {}
RESULT: {"using":"xpath","value":"(//input[contains(@id ,\"requestItemsTable-0-inner\")])[1]"}
COMMAND: POST /session/df7e3af810ab6d6da1a176f6e8533552/element/f.CC9B589A9DA2186238667A9749121406.d.4EE1B23AB4C5E9810B1713B84558A0EB.e.11067/clear - {}
RESULT: {}
RESULT: {}
COMMAND: POST /session/df7e3af810ab6d6da1a176f6e8533552/element/f.CC9B589A9DA2186238667A9749121406.d.4EE1B23AB4C5E9810B1713B84558A0EB.e.11067/value - {"text":"catalogItemj7fey"}
COMMAND: GET /session/df7e3af810ab6d6da1a176f6e8533552/screenshot - {}
RESULT: {"text":"catalogItemj7fey"}
COMMAND: GET /session/df7e3af810ab6d6da1a176f6e8533552/screenshot - {}
RESULT: {}
RESULT: {}
COMMAND: POST /session/df7e3af810ab6d6da1a176f6e8533552/actions - {"actions":[{"id":"action85","type":"key","parameters":{},"actions":[{"type":"keyDown","value":"î€‡"},{"type":"pause","duration":10},{"type":"keyUp","value":"î€‡"}]}]}
RESULT: {"actions":[{"id":"action85","type":"key","parameters":{},"actions":[{"type":"keyDown","value":"î€‡"},{"type":"pause","duration":10},{"type":"keyUp","value":"î€‡"}]}]}
COMMAND: GET /session/df7e3af810ab6d6da1a176f6e8533552/screenshot - {}
RESULT: {}
COMMAND: POST /session/df7e3af810ab6d6da1a176f6e8533552/execute/async - {"script":"<script> [1562 bytes]","args":[{"selector":{"controlType":"sap.ui.core.Icon","viewName":"etm.portal.ui.managerequests.view.NewRequest","properties":{"src":{"regex":{"source":"slim\\-arrow\\-down"}}},"ancestor":{"controlType":"sap.m.Button","viewName":"etm.portal.ui.managerequests.view.NewRequest","properties":{"icon":"sap-icon://slim-arrow-down"}}},"wdio_ui5_key":"etmportal.ui.managerequests.view.NewRequestsap.ui.core.Icon{\"src\":{\"regex\":{\"source\":\"slim\\\\-arrow\\\\-down\"}}}{\"controlType\":\"sap.m.Button\",\"viewName\":\"etm.portal.ui.managerequests.view.NewRequest\",\"properties\":{\"icon\":\"sap-icon://slim-arrow-down\"}}"}]}
RESULT: {"script":"<script> [1562 bytes]","args":[{"selector":{"controlType":"sap.ui.core.Icon","viewName":"etm.portal.ui.managerequests.view.NewRequest","properties":{"src":{"regex":{"source":"slim\\-arrow\\-down"}}},"ancestor":{"controlType":"sap.m.Button","viewName":"etm.portal.ui.managerequests.view.NewRequest","properties":{"icon":"sap-icon://slim-arrow-down"}}},"wdio_ui5_key":"etmportal.ui.managerequests.view.NewRequestsap.ui.core.Icon{\"src\":{\"regex\":{\"source\":\"slim\\\\-arrow\\\\-down\"}}}{\"controlType\":\"sap.m.Button\",\"viewName\":\"etm.portal.ui.managerequests.view.NewRequest\",\"properties\":{\"icon\":\"sap-icon://slim-arrow-down\"}}"}]}
RESULT: undefined
COMMAND: POST /session/df7e3af810ab6d6da1a176f6e8533552/element - {"using":"xpath","value":"//div[contains(@data-kt ,\"splitAllocationObjectStatus\")]"}
RESULT: {"using":"xpath","value":"//div[contains(@data-kt ,\"splitAllocationObjectStatus\")]"}
COMMAND: POST /session/df7e3af810ab6d6da1a176f6e8533552/elements - {"using":"xpath","value":"//div[contains(@data-kt ,\"splitAllocationObjectStatus\")]"}
RESULT: {"using":"xpath","value":"//div[contains(@data-kt ,\"splitAllocationObjectStatus\")]"}
COMMAND: POST /session/df7e3af810ab6d6da1a176f6e8533552/execute/async - {"script":"<script> [1562 bytes]","args":[{"selector":{"controlType":"sap.ui.core.Icon","viewName":"etm.portal.ui.managerequests.view.NewRequest","properties":{"src":{"regex":{"source":"message\\-error"}}}},"wdio_ui5_key":"etmportal.ui.managerequests.view.NewRequestsap.ui.core.Icon{\"src\":{\"regex\":{\"source\":\"message\\\\-error\"}}}"}]}
RESULT: {"script":"<script> [1562 bytes]","args":[{"selector":{"controlType":"sap.ui.core.Icon","viewName":"etm.portal.ui.managerequests.view.NewRequest","properties":{"src":{"regex":{"source":"message\\-error"}}}},"wdio_ui5_key":"etmportal.ui.managerequests.view.NewRequestsap.ui.core.Icon{\"src\":{\"regex\":{\"source\":\"message\\\\-error\"}}}"}]}
RESULT: undefined
COMMAND: POST /session/df7e3af810ab6d6da1a176f6e8533552/element - {"using":"xpath","value":"//*[@id=\"__status4-__xmlview59--requestItemsTable-0-icon\"]"}
RESULT: {"using":"xpath","value":"//*[@id=\"__status4-__xmlview59--requestItemsTable-0-icon\"]"}
COMMAND: POST /session/df7e3af810ab6d6da1a176f6e8533552/element/f.CC9B589A9DA2186238667A9749121406.d.4EE1B23AB4C5E9810B1713B84558A0EB.e.11082/click - {}
RESULT: {}
COMMAND: POST /session/df7e3af810ab6d6da1a176f6e8533552/execute/async - {"script":"<script> [1562 bytes]","args":[{"selector":{"controlType":"sap.ui.core.Icon","viewName":"etm.portal.ui.managerequests.view.NewRequest","properties":{"src":{"regex":{"source":"slim\\-arrow\\-down"}}},"searchOpenDialogs":true,"ancestor":{"id":"costObjectAdminTypeComboBox","viewName":"etm.portal.ui.managerequests.view.NewRequest","searchOpenDialogs":true}},"wdio_ui5_key":"etmportal.ui.managerequests.view.NewRequestsap.ui.core.Icon{\"src\":{\"regex\":{\"source\":\"slim\\\\-arrow\\\\-down\"}}}{\"id\":\"costObjectAdminTypeComboBox\",\"viewName\":\"etm.portal.ui.managerequests.view.NewRequest\",\"searchOpenDialogs\":true}"}]}
COMMAND: GET /session/df7e3af810ab6d6da1a176f6e8533552/screenshot - {}
RESULT: {"script":"<script> [1562 bytes]","args":[{"selector":{"controlType":"sap.ui.core.Icon","viewName":"etm.portal.ui.managerequests.view.NewRequest","properties":{"src":{"regex":{"source":"slim\\-arrow\\-down"}}},"searchOpenDialogs":true,"ancestor":{"id":"costObjectAdminTypeComboBox","viewName":"etm.portal.ui.managerequests.view.NewRequest","searchOpenDialogs":true}},"wdio_ui5_key":"etmportal.ui.managerequests.view.NewRequestsap.ui.core.Icon{\"src\":{\"regex\":{\"source\":\"slim\\\\-arrow\\\\-down\"}}}{\"id\":\"costObjectAdminTypeComboBox\",\"viewName\":\"etm.portal.ui.managerequests.view.NewRequest\",\"searchOpenDialogs\":true}"}]}
RESULT: undefined
COMMAND: POST /session/df7e3af810ab6d6da1a176f6e8533552/element - {"using":"xpath","value":"//*[@id=\"__xmlview59--costObjectAdminTypeComboBox-arrow\"]"}
RESULT: {}
RESULT: {"using":"xpath","value":"//*[@id=\"__xmlview59--costObjectAdminTypeComboBox-arrow\"]"}
COMMAND: POST /session/df7e3af810ab6d6da1a176f6e8533552/element/f.CC9B589A9DA2186238667A9749121406.d.4EE1B23AB4C5E9810B1713B84558A0EB.e.11086/click - {}
RESULT: {}
COMMAND: POST /session/df7e3af810ab6d6da1a176f6e8533552/execute/async - {"script":"<script> [1562 bytes]","args":[{"selector":{"controlType":"sap.m.StandardListItem","viewName":"etm.portal.ui.managerequests.view.NewRequest","properties":{"title":"Cost Center"},"searchOpenDialogs":true,"interaction":{"idSuffix":"titleText"}},"wdio_ui5_key":"etmportal.ui.managerequests.view.NewRequestsap.m.StandardListItem{\"title\":\"Cost Center\"}"}]}
COMMAND: GET /session/df7e3af810ab6d6da1a176f6e8533552/screenshot - {}
RESULT: {"script":"<script> [1562 bytes]","args":[{"selector":{"controlType":"sap.m.StandardListItem","viewName":"etm.portal.ui.managerequests.view.NewRequest","properties":{"title":"Cost Center"},"searchOpenDialogs":true,"interaction":{"idSuffix":"titleText"}},"wdio_ui5_key":"etmportal.ui.managerequests.view.NewRequestsap.m.StandardListItem{\"title\":\"Cost Center\"}"}]}
RESULT: undefined
COMMAND: POST /session/df7e3af810ab6d6da1a176f6e8533552/element - {"using":"xpath","value":"//*[@id=\"__item387\"]"}
RESULT: {}
RESULT: {"using":"xpath","value":"//*[@id=\"__item387\"]"}
COMMAND: POST /session/df7e3af810ab6d6da1a176f6e8533552/element/f.CC9B589A9DA2186238667A9749121406.d.4EE1B23AB4C5E9810B1713B84558A0EB.e.11089/click - {}
RESULT: {}
COMMAND: POST /session/df7e3af810ab6d6da1a176f6e8533552/execute/async - {"script":"<script> [1562 bytes]","args":[{"selector":{"controlType":"sap.ui.core.Icon","viewName":"etm.portal.ui.managerequests.view.NewRequest","properties":{"src":{"regex":{"source":"value\\-help"}}},"searchOpenDialogs":true},"wdio_ui5_key":"etmportal.ui.managerequests.view.NewRequestsap.ui.core.Icon{\"src\":{\"regex\":{\"source\":\"value\\\\-help\"}}}"}]}
COMMAND: GET /session/df7e3af810ab6d6da1a176f6e8533552/screenshot - {}
RESULT: {"script":"<script> [1562 bytes]","args":[{"selector":{"controlType":"sap.ui.core.Icon","viewName":"etm.portal.ui.managerequests.view.NewRequest","properties":{"src":{"regex":{"source":"value\\-help"}}},"searchOpenDialogs":true},"wdio_ui5_key":"etmportal.ui.managerequests.view.NewRequestsap.ui.core.Icon{\"src\":{\"regex\":{\"source\":\"value\\\\-help\"}}}"}]}
RESULT: undefined
COMMAND: POST /session/df7e3af810ab6d6da1a176f6e8533552/element - {"using":"xpath","value":"//*[@id=\"__xmlview59--costObjectIdComboBox-vhi\"]"}
RESULT: {}
RESULT: {"using":"xpath","value":"//*[@id=\"__xmlview59--costObjectIdComboBox-vhi\"]"}
COMMAND: POST /session/df7e3af810ab6d6da1a176f6e8533552/element/f.CC9B589A9DA2186238667A9749121406.d.4EE1B23AB4C5E9810B1713B84558A0EB.e.11096/click - {}
RESULT: {}
COMMAND: POST /session/df7e3af810ab6d6da1a176f6e8533552/execute/async - {"script":"<script> [1562 bytes]","args":[{"selector":{"controlType":"sap.m.SearchField","properties":{"placeholder":"Search"},"searchOpenDialogs":true,"interaction":{"idSuffix":"I"}},"wdio_ui5_key":"sapm.SearchField{\"placeholder\":\"Search\"}"}]}
COMMAND: GET /session/df7e3af810ab6d6da1a176f6e8533552/screenshot - {}
RESULT: {"script":"<script> [1562 bytes]","args":[{"selector":{"controlType":"sap.m.SearchField","properties":{"placeholder":"Search"},"searchOpenDialogs":true,"interaction":{"idSuffix":"I"}},"wdio_ui5_key":"sapm.SearchField{\"placeholder\":\"Search\"}"}]}
RESULT: undefined
COMMAND: POST /session/df7e3af810ab6d6da1a176f6e8533552/execute/async - {"script":"<script> [776 bytes]","args":[{"enterText":"10001010","selector":{"controlType":"sap.m.SearchField","properties":{"placeholder":"Search"},"searchOpenDialogs":true,"interaction":{"idSuffix":"I"}},"clearTextFirst":true,"interactionType":"ENTER_TEXT"}]}
RESULT: {}
RESULT: {"script":"<script> [776 bytes]","args":[{"enterText":"10001010","selector":{"controlType":"sap.m.SearchField","properties":{"placeholder":"Search"},"searchOpenDialogs":true,"interaction":{"idSuffix":"I"}},"clearTextFirst":true,"interactionType":"ENTER_TEXT"}]}
COMMAND: POST /session/df7e3af810ab6d6da1a176f6e8533552/actions - {"actions":[{"id":"action86","type":"key","parameters":{},"actions":[{"type":"keyDown","value":"î€‡"},{"type":"pause","duration":10},{"type":"keyUp","value":"î€‡"}]}]}
RESULT: {"actions":[{"id":"action86","type":"key","parameters":{},"actions":[{"type":"keyDown","value":"î€‡"},{"type":"pause","duration":10},{"type":"keyUp","value":"î€‡"}]}]}
COMMAND: GET /session/df7e3af810ab6d6da1a176f6e8533552/screenshot - {}
RESULT: {}
COMMAND: POST /session/df7e3af810ab6d6da1a176f6e8533552/execute/async - {"script":"<script> [1562 bytes]","args":[{"selector":{"controlType":"sap.m.Text","bindingPath":{"path":"/C_CostCtrValueHelp(CostCenter='10001010',ControllingArea='Z001')","propertyPath":"CostCenterName","modelName":"CostCenterModel"},"searchOpenDialogs":true},"wdio_ui5_key":"sapm.Text{\"path\":\"/C_CostCtrValueHelp(CostCenter='10001010',ControllingArea='Z001')\",\"propertyPath\":\"CostCenterName\",\"modelName\":\"CostCenterModel\"}"}]}
RESULT: {"script":"<script> [1562 bytes]","args":[{"selector":{"controlType":"sap.m.Text","bindingPath":{"path":"/C_CostCtrValueHelp(CostCenter='10001010',ControllingArea='Z001')","propertyPath":"CostCenterName","modelName":"CostCenterModel"},"searchOpenDialogs":true},"wdio_ui5_key":"sapm.Text{\"path\":\"/C_CostCtrValueHelp(CostCenter='10001010',ControllingArea='Z001')\",\"propertyPath\":\"CostCenterName\",\"modelName\":\"CostCenterModel\"}"}]}
RESULT: undefined
COMMAND: POST /session/df7e3af810ab6d6da1a176f6e8533552/element - {"using":"xpath","value":"//*[@id=\"__text291-__clone504\"]"}
RESULT: {"using":"xpath","value":"//*[@id=\"__text291-__clone504\"]"}
COMMAND: POST /session/df7e3af810ab6d6da1a176f6e8533552/element/f.CC9B589A9DA2186238667A9749121406.d.4EE1B23AB4C5E9810B1713B84558A0EB.e.11135/click - {}
RESULT: {}
COMMAND: POST /session/df7e3af810ab6d6da1a176f6e8533552/execute/async - {"script":"<script> [1562 bytes]","args":[{"selector":{"controlType":"sap.m.Button","properties":{"text":"OK"},"searchOpenDialogs":true,"interaction":{"idSuffix":"BDI-content"}},"wdio_ui5_key":"sapm.Button{\"text\":\"OK\"}"}]}
COMMAND: GET /session/df7e3af810ab6d6da1a176f6e8533552/screenshot - {}
RESULT: {"script":"<script> [1562 bytes]","args":[{"selector":{"controlType":"sap.m.Button","properties":{"text":"OK"},"searchOpenDialogs":true,"interaction":{"idSuffix":"BDI-content"}},"wdio_ui5_key":"sapm.Button{\"text\":\"OK\"}"}]}
RESULT: undefined
COMMAND: POST /session/df7e3af810ab6d6da1a176f6e8533552/element - {"using":"xpath","value":"//*[@id=\"__dialog1-ok\"]"}
RESULT: {}
RESULT: {"using":"xpath","value":"//*[@id=\"__dialog1-ok\"]"}
COMMAND: POST /session/df7e3af810ab6d6da1a176f6e8533552/element/f.CC9B589A9DA2186238667A9749121406.d.4EE1B23AB4C5E9810B1713B84558A0EB.e.11137/click - {}
RESULT: {}
COMMAND: GET /session/df7e3af810ab6d6da1a176f6e8533552/screenshot - {}
RESULT: {}
COMMAND: POST /session/df7e3af810ab6d6da1a176f6e8533552/execute/async - {"script":"<script> [1562 bytes]","args":[{"selector":{"controlType":"sap.m.Button","viewName":"etm.portal.ui.managerequests.view.NewRequest","i18NText":{"propertyName":"text","key":"save"},"searchOpenDialogs":true,"interaction":{"idSuffix":"BDI-content"}},"wdio_ui5_key":"etmportal.ui.managerequests.view.NewRequestsap.m.Button{\"propertyName\":\"text\",\"key\":\"save\"}"}]}
RESULT: {"script":"<script> [1562 bytes]","args":[{"selector":{"controlType":"sap.m.Button","viewName":"etm.portal.ui.managerequests.view.NewRequest","i18NText":{"propertyName":"text","key":"save"},"searchOpenDialogs":true,"interaction":{"idSuffix":"BDI-content"}},"wdio_ui5_key":"etmportal.ui.managerequests.view.NewRequestsap.m.Button{\"propertyName\":\"text\",\"key\":\"save\"}"}]}
RESULT: undefined
COMMAND: POST /session/df7e3af810ab6d6da1a176f6e8533552/element - {"using":"xpath","value":"//*[@id=\"__button24\"]"}
RESULT: {"using":"xpath","value":"//*[@id=\"__button24\"]"}
COMMAND: POST /session/df7e3af810ab6d6da1a176f6e8533552/element/f.CC9B589A9DA2186238667A9749121406.d.4EE1B23AB4C5E9810B1713B84558A0EB.e.11141/click - {}
RESULT: {}
COMMAND: GET /session/df7e3af810ab6d6da1a176f6e8533552/screenshot - {}
RESULT: {}
COMMAND: POST /session/df7e3af810ab6d6da1a176f6e8533552/element - {"using":"xpath","value":"(//bdi[contains(text() ,\"Save\")])[1]"}
RESULT: {"using":"xpath","value":"(//bdi[contains(text() ,\"Save\")])[1]"}
COMMAND: POST /session/df7e3af810ab6d6da1a176f6e8533552/element/f.CC9B589A9DA2186238667A9749121406.d.4EE1B23AB4C5E9810B1713B84558A0EB.e.11144/click - {}
RESULT: {}
COMMAND: GET /session/df7e3af810ab6d6da1a176f6e8533552/screenshot - {}
RESULT: {}
COMMAND: POST /session/df7e3af810ab6d6da1a176f6e8533552/execute/async - {"script":"<script> [1562 bytes]","args":[{"selector":{"controlType":"sap.m.Title","properties":{"text":"Success"},"searchOpenDialogs":true},"wdio_ui5_key":"sapm.Title{\"text\":\"Success\"}"}]}
RESULT: {"script":"<script> [1562 bytes]","args":[{"selector":{"controlType":"sap.m.Title","properties":{"text":"Success"},"searchOpenDialogs":true},"wdio_ui5_key":"sapm.Title{\"text\":\"Success\"}"}]}
RESULT: undefined
COMMAND: POST /session/df7e3af810ab6d6da1a176f6e8533552/execute/async - {"script":"<script> [6424 bytes]","args":[{"element-6066-11e4-a52e-4f735466cecf":"f.CC9B589A9DA2186238667A9749121406.d.4EE1B23AB4C5E9810B1713B84558A0EB.e.11147"},"getText",[]]}
RESULT: {"script":"<script> [6424 bytes]","args":[{"element-6066-11e4-a52e-4f735466cecf":"f.CC9B589A9DA2186238667A9749121406.d.4EE1B23AB4C5E9810B1713B84558A0EB.e.11147"},"getText",[]]}
COMMAND: POST /session/df7e3af810ab6d6da1a176f6e8533552/execute/async - {"script":"<script> [1562 bytes]","args":[{"selector":{"controlType":"sap.m.Button","properties":{"text":"Close"},"searchOpenDialogs":true,"interaction":{"idSuffix":"BDI-content"}},"wdio_ui5_key":"sapm.Button{\"text\":\"Close\"}"}]}
RESULT: {"script":"<script> [1562 bytes]","args":[{"selector":{"controlType":"sap.m.Button","properties":{"text":"Close"},"searchOpenDialogs":true,"interaction":{"idSuffix":"BDI-content"}},"wdio_ui5_key":"sapm.Button{\"text\":\"Close\"}"}]}
RESULT: undefined
COMMAND: POST /session/df7e3af810ab6d6da1a176f6e8533552/element - {"using":"xpath","value":"//*[@id=\"__mbox-btn-0\"]"}
RESULT: {"using":"xpath","value":"//*[@id=\"__mbox-btn-0\"]"}
COMMAND: POST /session/df7e3af810ab6d6da1a176f6e8533552/element/f.CC9B589A9DA2186238667A9749121406.d.4EE1B23AB4C5E9810B1713B84558A0EB.e.11146/click - {}
RESULT: {}
COMMAND: GET /session/df7e3af810ab6d6da1a176f6e8533552/screenshot - {}
RESULT: {}
COMMAND: POST /session/df7e3af810ab6d6da1a176f6e8533552/execute/async - {"script":"<script> [1562 bytes]","args":[{"selector":{"controlType":"sap.m.Text","viewName":"etm.portal.ui.managerequests.view.Detail","bindingPath":{"propertyPath":"NO","modelName":"catalogModel"}},"wdio_ui5_key":"etmportal.ui.managerequests.view.Detailsap.m.Text{\"propertyPath\":\"NO\",\"modelName\":\"catalogModel\"}"}]}
RESULT: {"script":"<script> [1562 bytes]","args":[{"selector":{"controlType":"sap.m.Text","viewName":"etm.portal.ui.managerequests.view.Detail","bindingPath":{"propertyPath":"NO","modelName":"catalogModel"}},"wdio_ui5_key":"etmportal.ui.managerequests.view.Detailsap.m.Text{\"propertyPath\":\"NO\",\"modelName\":\"catalogModel\"}"}]}
RESULT: undefined
COMMAND: POST /session/df7e3af810ab6d6da1a176f6e8533552/execute/async - {"script":"<script> [6424 bytes]","args":[{"element-6066-11e4-a52e-4f735466cecf":"f.CC9B589A9DA2186238667A9749121406.d.4EE1B23AB4C5E9810B1713B84558A0EB.e.11274"},"getText",[]]}
RESULT: {"script":"<script> [6424 bytes]","args":[{"element-6066-11e4-a52e-4f735466cecf":"f.CC9B589A9DA2186238667A9749121406.d.4EE1B23AB4C5E9810B1713B84558A0EB.e.11274"},"getText",[]]}
COMMAND: POST /session/df7e3af810ab6d6da1a176f6e8533552/execute/async - {"script":"<script> [1562 bytes]","args":[{"selector":{"controlType":"sap.ui.core.Icon","viewName":"etm.portal.ui.managerequests.view.Detail","properties":{"src":{"regex":{"source":"date\\-time"}}},"ancestor":{"controlType":"sap.m.ColumnListItem","viewName":"etm.portal.ui.managerequests.view.Detail","bindingPath":{"path":"/SmartRequestItemsPlanningBoard(ITEM=10m,REQUEST='20100')"},"ancestor":{"id":"requestItemsTable","viewName":"etm.portal.ui.managerequests.view.Detail"}}},"wdio_ui5_key":"etmportal.ui.managerequests.view.Detailsap.ui.core.Icon{\"src\":{\"regex\":{\"source\":\"date\\\\-time\"}}}{\"controlType\":\"sap.m.ColumnListItem\",\"viewName\":\"etm.portal.ui.managerequests.view.Detail\",\"bindingPath\":{\"path\":\"/SmartRequestItemsPlanningBoard(ITEM=10m,REQUEST='20100')\"},\"ancestor\":{\"id\":\"requestItemsTable\",\"viewName\":\"etm.portal.ui.managerequests.view.Detail\"}}"}]}
RESULT: {"script":"<script> [1562 bytes]","args":[{"selector":{"controlType":"sap.ui.core.Icon","viewName":"etm.portal.ui.managerequests.view.Detail","properties":{"src":{"regex":{"source":"date\\-time"}}},"ancestor":{"controlType":"sap.m.ColumnListItem","viewName":"etm.portal.ui.managerequests.view.Detail","bindingPath":{"path":"/SmartRequestItemsPlanningBoard(ITEM=10m,REQUEST='20100')"},"ancestor":{"id":"requestItemsTable","viewName":"etm.portal.ui.managerequests.view.Detail"}}},"wdio_ui5_key":"etmportal.ui.managerequests.view.Detailsap.ui.core.Icon{\"src\":{\"regex\":{\"source\":\"date\\\\-time\"}}}{\"controlType\":\"sap.m.ColumnListItem\",\"viewName\":\"etm.portal.ui.managerequests.view.Detail\",\"bindingPath\":{\"path\":\"/SmartRequestItemsPlanningBoard(ITEM=10m,REQUEST='20100')\"},\"ancestor\":{\"id\":\"requestItemsTable\",\"viewName\":\"etm.portal.ui.managerequests.view.Detail\"}}"}]}
RESULT: undefined
COMMAND: POST /session/df7e3af810ab6d6da1a176f6e8533552/element - {"using":"xpath","value":"//*[@id=\"__button39-__clone543-img\"]"}
RESULT: {"using":"xpath","value":"//*[@id=\"__button39-__clone543-img\"]"}
COMMAND: POST /session/df7e3af810ab6d6da1a176f6e8533552/element/f.CC9B589A9DA2186238667A9749121406.d.4EE1B23AB4C5E9810B1713B84558A0EB.e.11275/click - {}
RESULT: {}
COMMAND: POST /session/df7e3af810ab6d6da1a176f6e8533552/execute/async - {"script":"<script> [1562 bytes]","args":[{"selector":{"controlType":"sap.m.Button","viewName":"etm.portal.ui.managerequests.view.Detail","properties":{"text":"Close"},"searchOpenDialogs":true,"interaction":{"idSuffix":"BDI-content"}},"wdio_ui5_key":"etmportal.ui.managerequests.view.Detailsap.m.Button{\"text\":\"Close\"}"}]}
COMMAND: GET /session/df7e3af810ab6d6da1a176f6e8533552/screenshot - {}
RESULT: {"script":"<script> [1562 bytes]","args":[{"selector":{"controlType":"sap.m.Button","viewName":"etm.portal.ui.managerequests.view.Detail","properties":{"text":"Close"},"searchOpenDialogs":true,"interaction":{"idSuffix":"BDI-content"}},"wdio_ui5_key":"etmportal.ui.managerequests.view.Detailsap.m.Button{\"text\":\"Close\"}"}]}
RESULT: undefined
COMMAND: POST /session/df7e3af810ab6d6da1a176f6e8533552/element - {"using":"xpath","value":"//*[@id=\"__button49\"]"}
RESULT: {}
RESULT: {"using":"xpath","value":"//*[@id=\"__button49\"]"}
COMMAND: POST /session/df7e3af810ab6d6da1a176f6e8533552/element/f.CC9B589A9DA2186238667A9749121406.d.4EE1B23AB4C5E9810B1713B84558A0EB.e.11278/click - {}
RESULT: {}
COMMAND: POST /session/df7e3af810ab6d6da1a176f6e8533552/refresh - {}
COMMAND: GET /session/df7e3af810ab6d6da1a176f6e8533552/screenshot - {}
RESULT: {}
COMMAND: GET /session/df7e3af810ab6d6da1a176f6e8533552/screenshot - {}
RESULT: {}
RESULT: {}
COMMAND: POST /session/df7e3af810ab6d6da1a176f6e8533552/execute/async - {"script":"<script> [189 bytes]","args":[]}
RESULT: {"script":"<script> [189 bytes]","args":[]}
COMMAND: POST /session/df7e3af810ab6d6da1a176f6e8533552/execute/async - {"script":"<script> [123 bytes]","args":[]}
RESULT: {"script":"<script> [123 bytes]","args":[]}
COMMAND: POST /session/df7e3af810ab6d6da1a176f6e8533552/timeouts - {"script":"<number>"}
RESULT: {"script":"<number>"}
COMMAND: GET /session/df7e3af810ab6d6da1a176f6e8533552/timeouts - {}
RESULT: {}
RESULT: undefined
COMMAND: POST /session/df7e3af810ab6d6da1a176f6e8533552/execute/async - {"script":"<script> [2676 bytes]","args":[]}
RESULT: {"script":"<script> [2676 bytes]","args":[]}
COMMAND: POST /session/df7e3af810ab6d6da1a176f6e8533552/execute/async - {"script":"<script> [2342 bytes]","args":[{"protocol":"http","hostname":"0.0.0.0","path":"/","capabilities":{"browserName":"chrome","goog:chromeOptions":{"binary":"C:\\Program Files\\Google\\Chrome\\Application\\chrome.exe","args":["--start-maximized"]}},"logLevel":"warn","connectionRetryTimeout":120000,"connectionRetryCount":3,"logLevels":{},"enableDirectConnect":true,"strictSSL":true,"_":"65 more keys: [\"cacheDir\",\"port\",\"requestedCapabilities\",\"automationProtocol\",\"baseUrl\",\"waitforInterval\",\"waitforTimeout\",\"onReload\",\"beforeCommand\",\"afterCommand\",\"rootDir\",\"specs\",\"suites\",\"exclude\",\"groupLogsByTestSpec\",\"excludeDriverLogs\",\"bail\",\"framework\",\"reporters\",\"services\",\"maxInstances\",\"maxInstancesPerCapability\",\"injectGlobals\",\"filesToWatch\",\"execArgv\",\"runnerEnv\",\"runner\",\"shard\",\"specFileRetries\",\"specFileRetriesDelay\",\"specFileRetriesDeferred\",\"reporterSyncInterval\",\"reporterSyncTimeout\",\"cucumberFeaturesWithLineNumbers\",\"autoCompileOpts\",\"mochaOpts\",\"jasmineOpts\",\"cucumberOpts\",\"onPrepare\",\"onWorkerStart\",\"onWorkerEnd\",\"before\",\"beforeSession\",\"beforeSuite\",\"beforeHook\",\"beforeTest\",\"afterTest\",\"afterHook\",\"afterSuite\",\"afterSession\",\"after\",\"onComplete\",\"beforeAssertion\",\"afterAssertion\",\"beforeFeature\",\"beforeScenario\",\"beforeStep\",\"afterStep\",\"afterScenario\",\"afterFeature\",\"_\",\"suite\",\"$0\",\"ignoredWorkerServices\",\"wdi5\"]"}]}
RESULT: {"script":"<script> [2342 bytes]","args":[{"protocol":"http","hostname":"0.0.0.0","path":"/","capabilities":{"browserName":"chrome","goog:chromeOptions":{"binary":"C:\\Program Files\\Google\\Chrome\\Application\\chrome.exe","args":["--start-maximized"]}},"logLevel":"warn","connectionRetryTimeout":120000,"connectionRetryCount":3,"logLevels":{},"enableDirectConnect":true,"strictSSL":true,"_":"65 more keys: [\"cacheDir\",\"port\",\"requestedCapabilities\",\"automationProtocol\",\"baseUrl\",\"waitforInterval\",\"waitforTimeout\",\"onReload\",\"beforeCommand\",\"afterCommand\",\"rootDir\",\"specs\",\"suites\",\"exclude\",\"groupLogsByTestSpec\",\"excludeDriverLogs\",\"bail\",\"framework\",\"reporters\",\"services\",\"maxInstances\",\"maxInstancesPerCapability\",\"injectGlobals\",\"filesToWatch\",\"execArgv\",\"runnerEnv\",\"runner\",\"shard\",\"specFileRetries\",\"specFileRetriesDelay\",\"specFileRetriesDeferred\",\"reporterSyncInterval\",\"reporterSyncTimeout\",\"cucumberFeaturesWithLineNumbers\",\"autoCompileOpts\",\"mochaOpts\",\"jasmineOpts\",\"cucumberOpts\",\"onPrepare\",\"onWorkerStart\",\"onWorkerEnd\",\"before\",\"beforeSession\",\"beforeSuite\",\"beforeHook\",\"beforeTest\",\"afterTest\",\"afterHook\",\"afterSuite\",\"afterSession\",\"after\",\"onComplete\",\"beforeAssertion\",\"afterAssertion\",\"beforeFeature\",\"beforeScenario\",\"beforeStep\",\"afterStep\",\"afterScenario\",\"afterFeature\",\"_\",\"suite\",\"$0\",\"ignoredWorkerServices\",\"wdi5\"]"}]}
COMMAND: POST /session/df7e3af810ab6d6da1a176f6e8533552/execute/async - {"script":"<script> [21126 bytes]","args":[35000]}
RESULT: {"script":"<script> [21126 bytes]","args":[35000]}
]]></system-out>
    </testcase>
    <testcase classname="chrome.135_0_7049_96.windows.Process_request_items_into_new_quotation_US120163" name="Should process the request into a new quotation" time="53.406">
      <system-out><![CDATA[
COMMAND: GET /session/df7e3af810ab6d6da1a176f6e8533552/window - {}
RESULT: {}
COMMAND: POST /session/df7e3af810ab6d6da1a176f6e8533552/element - {"using":"xpath","value":"//span[contains(@id ,\"detailHeaderTitle-_actionsToolbar-overflowButton-img\")]"}
RESULT: {"using":"xpath","value":"//span[contains(@id ,\"detailHeaderTitle-_actionsToolbar-overflowButton-img\")]"}
COMMAND: POST /session/df7e3af810ab6d6da1a176f6e8533552/element/f.CC9B589A9DA2186238667A9749121406.d.31A2B7CABF01D0E7FC89103B4A01E7E0.e.11501/click - {}
RESULT: {}
COMMAND: GET /session/df7e3af810ab6d6da1a176f6e8533552/screenshot - {}
RESULT: {}
COMMAND: POST /session/df7e3af810ab6d6da1a176f6e8533552/element - {"using":"xpath","value":"//span[contains(@id ,\"actionsMenuButton-internalSplitBtn-arrowButton-img\")]"}
RESULT: {"using":"xpath","value":"//span[contains(@id ,\"actionsMenuButton-internalSplitBtn-arrowButton-img\")]"}
COMMAND: POST /session/df7e3af810ab6d6da1a176f6e8533552/element/f.CC9B589A9DA2186238667A9749121406.d.31A2B7CABF01D0E7FC89103B4A01E7E0.e.11504/click - {}
RESULT: {}
COMMAND: GET /session/df7e3af810ab6d6da1a176f6e8533552/screenshot - {}
RESULT: {}
COMMAND: POST /session/df7e3af810ab6d6da1a176f6e8533552/actions - {"actions":[{"id":"action87","type":"key","parameters":{},"actions":[{"type":"keyDown","value":"î€•"},{"type":"pause","duration":10},{"type":"keyUp","value":"î€•"}]}]}
RESULT: {"actions":[{"id":"action87","type":"key","parameters":{},"actions":[{"type":"keyDown","value":"î€•"},{"type":"pause","duration":10},{"type":"keyUp","value":"î€•"}]}]}
COMMAND: GET /session/df7e3af810ab6d6da1a176f6e8533552/screenshot - {}
RESULT: {}
COMMAND: POST /session/df7e3af810ab6d6da1a176f6e8533552/actions - {"actions":[{"id":"action88","type":"key","parameters":{},"actions":[{"type":"keyDown","value":"î€‡"},{"type":"pause","duration":10},{"type":"keyUp","value":"î€‡"}]}]}
RESULT: {"actions":[{"id":"action88","type":"key","parameters":{},"actions":[{"type":"keyDown","value":"î€‡"},{"type":"pause","duration":10},{"type":"keyUp","value":"î€‡"}]}]}
COMMAND: GET /session/df7e3af810ab6d6da1a176f6e8533552/screenshot - {}
RESULT: {}
COMMAND: POST /session/df7e3af810ab6d6da1a176f6e8533552/actions - {"actions":[{"id":"action89","type":"key","parameters":{},"actions":[{"type":"keyDown","value":"î€‡"},{"type":"pause","duration":10},{"type":"keyUp","value":"î€‡"}]}]}
RESULT: {"actions":[{"id":"action89","type":"key","parameters":{},"actions":[{"type":"keyDown","value":"î€‡"},{"type":"pause","duration":10},{"type":"keyUp","value":"î€‡"}]}]}
COMMAND: GET /session/df7e3af810ab6d6da1a176f6e8533552/screenshot - {}
RESULT: {}
COMMAND: POST /session/df7e3af810ab6d6da1a176f6e8533552/actions - {"actions":[{"id":"action90","type":"key","parameters":{},"actions":[{"type":"keyDown","value":"î€‡"},{"type":"pause","duration":10},{"type":"keyUp","value":"î€‡"}]}]}
RESULT: {"actions":[{"id":"action90","type":"key","parameters":{},"actions":[{"type":"keyDown","value":"î€‡"},{"type":"pause","duration":10},{"type":"keyUp","value":"î€‡"}]}]}
COMMAND: GET /session/df7e3af810ab6d6da1a176f6e8533552/screenshot - {}
RESULT: {}
COMMAND: POST /session/df7e3af810ab6d6da1a176f6e8533552/actions - {"actions":[{"id":"action91","type":"key","parameters":{},"actions":[{"type":"keyDown","value":"î€‡"},{"type":"pause","duration":10},{"type":"keyUp","value":"î€‡"}]}]}
RESULT: {"actions":[{"id":"action91","type":"key","parameters":{},"actions":[{"type":"keyDown","value":"î€‡"},{"type":"pause","duration":10},{"type":"keyUp","value":"î€‡"}]}]}
COMMAND: GET /session/df7e3af810ab6d6da1a176f6e8533552/screenshot - {}
RESULT: {}
COMMAND: GET /session/df7e3af810ab6d6da1a176f6e8533552/window/handles - {}
RESULT: {}
COMMAND: GET /session/df7e3af810ab6d6da1a176f6e8533552/window/handles - {}
RESULT: {}
COMMAND: POST /session/df7e3af810ab6d6da1a176f6e8533552/window - {"handle":"F16106CDF1191E8A916B00C5C1D4B988"}
RESULT: {"handle":"F16106CDF1191E8A916B00C5C1D4B988"}
COMMAND: GET /session/df7e3af810ab6d6da1a176f6e8533552/url - {}
RESULT: {}
COMMAND: GET /session/df7e3af810ab6d6da1a176f6e8533552/screenshot - {}
RESULT: {}
COMMAND: POST /session/df7e3af810ab6d6da1a176f6e8533552/element - {"using":"xpath","value":"//span[contains(text(), \"Header Billing Items\")]"}
RESULT: {"using":"xpath","value":"//span[contains(text(), \"Header Billing Items\")]"}
COMMAND: POST /session/df7e3af810ab6d6da1a176f6e8533552/element/f.F16106CDF1191E8A916B00C5C1D4B988.d.0B830D8EF39352027EFA632CA9DA3945.e.11735/click - {}
RESULT: {}
COMMAND: GET /session/df7e3af810ab6d6da1a176f6e8533552/screenshot - {}
RESULT: {}
COMMAND: POST /session/df7e3af810ab6d6da1a176f6e8533552/element - {"using":"xpath","value":"//span[contains(@id ,\"contractItemsSmartTable-header-inner\")]"}
RESULT: {"using":"xpath","value":"//span[contains(@id ,\"contractItemsSmartTable-header-inner\")]"}
COMMAND: GET /session/df7e3af810ab6d6da1a176f6e8533552/element/f.F16106CDF1191E8A916B00C5C1D4B988.d.0B830D8EF39352027EFA632CA9DA3945.e.11739/text - {}
RESULT: {}
COMMAND: POST /session/df7e3af810ab6d6da1a176f6e8533552/element - {"using":"xpath","value":"//span[@class=\"sapMObjStatusText\"][contains(text(), \"proposed\")]"}
RESULT: {"using":"xpath","value":"//span[@class=\"sapMObjStatusText\"][contains(text(), \"proposed\")]"}
COMMAND: GET /session/df7e3af810ab6d6da1a176f6e8533552/element/f.F16106CDF1191E8A916B00C5C1D4B988.d.0B830D8EF39352027EFA632CA9DA3945.e.11740/text - {}
RESULT: {}
COMMAND: DELETE /session/df7e3af810ab6d6da1a176f6e8533552/window - {}
RESULT: {}
COMMAND: POST /session/df7e3af810ab6d6da1a176f6e8533552/window - {"handle":"CC9B589A9DA2186238667A9749121406"}
RESULT: {"handle":"CC9B589A9DA2186238667A9749121406"}
COMMAND: GET /session/df7e3af810ab6d6da1a176f6e8533552/url - {}
RESULT: {}
COMMAND: GET /session/df7e3af810ab6d6da1a176f6e8533552/screenshot - {}
RESULT: {}
]]></system-out>
    </testcase>
    <testcase classname="chrome.135_0_7049_96.windows.Process_request_items_into_new_quotation_US120163" name="Should navigate back to the request and check the request and item statuses" time="36.749">
      <system-out><![CDATA[
COMMAND: POST /session/df7e3af810ab6d6da1a176f6e8533552/refresh - {}
RESULT: {}
COMMAND: GET /session/df7e3af810ab6d6da1a176f6e8533552/screenshot - {}
RESULT: {}
COMMAND: POST /session/df7e3af810ab6d6da1a176f6e8533552/execute/async - {"script":"<script> [189 bytes]","args":[]}
RESULT: {"script":"<script> [189 bytes]","args":[]}
COMMAND: POST /session/df7e3af810ab6d6da1a176f6e8533552/execute/async - {"script":"<script> [123 bytes]","args":[]}
RESULT: {"script":"<script> [123 bytes]","args":[]}
COMMAND: POST /session/df7e3af810ab6d6da1a176f6e8533552/timeouts - {"script":"<number>"}
RESULT: {"script":"<number>"}
COMMAND: GET /session/df7e3af810ab6d6da1a176f6e8533552/timeouts - {}
RESULT: {}
RESULT: undefined
COMMAND: POST /session/df7e3af810ab6d6da1a176f6e8533552/execute/async - {"script":"<script> [2676 bytes]","args":[]}
RESULT: {"script":"<script> [2676 bytes]","args":[]}
COMMAND: POST /session/df7e3af810ab6d6da1a176f6e8533552/execute/async - {"script":"<script> [2342 bytes]","args":[{"protocol":"http","hostname":"0.0.0.0","path":"/","capabilities":{"browserName":"chrome","goog:chromeOptions":{"binary":"C:\\Program Files\\Google\\Chrome\\Application\\chrome.exe","args":["--start-maximized"]}},"logLevel":"warn","connectionRetryTimeout":120000,"connectionRetryCount":3,"logLevels":{},"enableDirectConnect":true,"strictSSL":true,"_":"65 more keys: [\"cacheDir\",\"port\",\"requestedCapabilities\",\"automationProtocol\",\"baseUrl\",\"waitforInterval\",\"waitforTimeout\",\"onReload\",\"beforeCommand\",\"afterCommand\",\"rootDir\",\"specs\",\"suites\",\"exclude\",\"groupLogsByTestSpec\",\"excludeDriverLogs\",\"bail\",\"framework\",\"reporters\",\"services\",\"maxInstances\",\"maxInstancesPerCapability\",\"injectGlobals\",\"filesToWatch\",\"execArgv\",\"runnerEnv\",\"runner\",\"shard\",\"specFileRetries\",\"specFileRetriesDelay\",\"specFileRetriesDeferred\",\"reporterSyncInterval\",\"reporterSyncTimeout\",\"cucumberFeaturesWithLineNumbers\",\"autoCompileOpts\",\"mochaOpts\",\"jasmineOpts\",\"cucumberOpts\",\"onPrepare\",\"onWorkerStart\",\"onWorkerEnd\",\"before\",\"beforeSession\",\"beforeSuite\",\"beforeHook\",\"beforeTest\",\"afterTest\",\"afterHook\",\"afterSuite\",\"afterSession\",\"after\",\"onComplete\",\"beforeAssertion\",\"afterAssertion\",\"beforeFeature\",\"beforeScenario\",\"beforeStep\",\"afterStep\",\"afterScenario\",\"afterFeature\",\"_\",\"suite\",\"$0\",\"ignoredWorkerServices\",\"wdi5\"]"}]}
RESULT: {"script":"<script> [2342 bytes]","args":[{"protocol":"http","hostname":"0.0.0.0","path":"/","capabilities":{"browserName":"chrome","goog:chromeOptions":{"binary":"C:\\Program Files\\Google\\Chrome\\Application\\chrome.exe","args":["--start-maximized"]}},"logLevel":"warn","connectionRetryTimeout":120000,"connectionRetryCount":3,"logLevels":{},"enableDirectConnect":true,"strictSSL":true,"_":"65 more keys: [\"cacheDir\",\"port\",\"requestedCapabilities\",\"automationProtocol\",\"baseUrl\",\"waitforInterval\",\"waitforTimeout\",\"onReload\",\"beforeCommand\",\"afterCommand\",\"rootDir\",\"specs\",\"suites\",\"exclude\",\"groupLogsByTestSpec\",\"excludeDriverLogs\",\"bail\",\"framework\",\"reporters\",\"services\",\"maxInstances\",\"maxInstancesPerCapability\",\"injectGlobals\",\"filesToWatch\",\"execArgv\",\"runnerEnv\",\"runner\",\"shard\",\"specFileRetries\",\"specFileRetriesDelay\",\"specFileRetriesDeferred\",\"reporterSyncInterval\",\"reporterSyncTimeout\",\"cucumberFeaturesWithLineNumbers\",\"autoCompileOpts\",\"mochaOpts\",\"jasmineOpts\",\"cucumberOpts\",\"onPrepare\",\"onWorkerStart\",\"onWorkerEnd\",\"before\",\"beforeSession\",\"beforeSuite\",\"beforeHook\",\"beforeTest\",\"afterTest\",\"afterHook\",\"afterSuite\",\"afterSession\",\"after\",\"onComplete\",\"beforeAssertion\",\"afterAssertion\",\"beforeFeature\",\"beforeScenario\",\"beforeStep\",\"afterStep\",\"afterScenario\",\"afterFeature\",\"_\",\"suite\",\"$0\",\"ignoredWorkerServices\",\"wdi5\"]"}]}
COMMAND: POST /session/df7e3af810ab6d6da1a176f6e8533552/execute/async - {"script":"<script> [21126 bytes]","args":[35000]}
RESULT: {"script":"<script> [21126 bytes]","args":[35000]}
COMMAND: POST /session/df7e3af810ab6d6da1a176f6e8533552/execute/async - {"script":"<script> [1562 bytes]","args":[{"selector":{"controlType":"sap.m.Text","viewName":"etm.portal.ui.managerequests.view.Detail","bindingPath":{"path":"/SmartRequestItemsPlanningBoard(ITEM=10m,REQUEST='20100')","propertyPath":"STATUS_DESC"}},"wdio_ui5_key":"etmportal.ui.managerequests.view.Detailsap.m.Text{\"path\":\"/SmartRequestItemsPlanningBoard(ITEM=10m,REQUEST='20100')\",\"propertyPath\":\"STATUS_DESC\"}"}]}
RESULT: {"script":"<script> [1562 bytes]","args":[{"selector":{"controlType":"sap.m.Text","viewName":"etm.portal.ui.managerequests.view.Detail","bindingPath":{"path":"/SmartRequestItemsPlanningBoard(ITEM=10m,REQUEST='20100')","propertyPath":"STATUS_DESC"}},"wdio_ui5_key":"etmportal.ui.managerequests.view.Detailsap.m.Text{\"path\":\"/SmartRequestItemsPlanningBoard(ITEM=10m,REQUEST='20100')\",\"propertyPath\":\"STATUS_DESC\"}"}]}
RESULT: undefined
COMMAND: POST /session/df7e3af810ab6d6da1a176f6e8533552/execute/async - {"script":"<script> [6424 bytes]","args":[{"element-6066-11e4-a52e-4f735466cecf":"f.CC9B589A9DA2186238667A9749121406.d.DFF735B1DA9D1A52FEB0C2892534DE0F.e.11955"},"getText",[]]}
RESULT: {"script":"<script> [6424 bytes]","args":[{"element-6066-11e4-a52e-4f735466cecf":"f.CC9B589A9DA2186238667A9749121406.d.DFF735B1DA9D1A52FEB0C2892534DE0F.e.11955"},"getText",[]]}
COMMAND: POST /session/df7e3af810ab6d6da1a176f6e8533552/execute/async - {"script":"<script> [1562 bytes]","args":[{"selector":{"controlType":"sap.m.ObjectStatus","viewName":"etm.portal.ui.managerequests.view.Detail","bindingPath":{"path":"/RequestHeaders('20100')","propertyPath":"LINK_TO_STATUS/DESCRIPTION","modelName":"catalogModel"}},"wdio_ui5_key":"etmportal.ui.managerequests.view.Detailsap.m.ObjectStatus{\"path\":\"/RequestHeaders('20100')\",\"propertyPath\":\"LINK_TO_STATUS/DESCRIPTION\",\"modelName\":\"catalogModel\"}"}]}
RESULT: {"script":"<script> [1562 bytes]","args":[{"selector":{"controlType":"sap.m.ObjectStatus","viewName":"etm.portal.ui.managerequests.view.Detail","bindingPath":{"path":"/RequestHeaders('20100')","propertyPath":"LINK_TO_STATUS/DESCRIPTION","modelName":"catalogModel"}},"wdio_ui5_key":"etmportal.ui.managerequests.view.Detailsap.m.ObjectStatus{\"path\":\"/RequestHeaders('20100')\",\"propertyPath\":\"LINK_TO_STATUS/DESCRIPTION\",\"modelName\":\"catalogModel\"}"}]}
RESULT: undefined
COMMAND: POST /session/df7e3af810ab6d6da1a176f6e8533552/execute/async - {"script":"<script> [6424 bytes]","args":[{"element-6066-11e4-a52e-4f735466cecf":"f.CC9B589A9DA2186238667A9749121406.d.DFF735B1DA9D1A52FEB0C2892534DE0F.e.11956"},"getText",[]]}
RESULT: {"script":"<script> [6424 bytes]","args":[{"element-6066-11e4-a52e-4f735466cecf":"f.CC9B589A9DA2186238667A9749121406.d.DFF735B1DA9D1A52FEB0C2892534DE0F.e.11956"},"getText",[]]}
COMMAND: POST /session/df7e3af810ab6d6da1a176f6e8533552/element - {"using":"css selector","value":"#shell-header-logo"}
RESULT: {"using":"css selector","value":"#shell-header-logo"}
COMMAND: POST /session/df7e3af810ab6d6da1a176f6e8533552/element/f.CC9B589A9DA2186238667A9749121406.d.DFF735B1DA9D1A52FEB0C2892534DE0F.e.11748/click - {}
RESULT: {}
COMMAND: GET /session/df7e3af810ab6d6da1a176f6e8533552/screenshot - {}
RESULT: {}
]]></system-out>
    </testcase>
  </testsuite>
  <testsuite timestamp="2025-04-25T16:10:05" time="360.967" tests="4" failures="2" errors="2" skipped="0">
    <properties>
      <property name="specId" value="0" />
      <property name="suiteName" value="Process request items into an existing quotation US120163" />
      <property name="capabilities" value="chrome.135_0_7049_96.windows" />
      <property name="file" value="file:///D:/a/1/s/test/specs/R2C/process-request-items-into-existing-quotation.spec.js" />
    </properties>
    <testcase classname="chrome.135_0_7049_96.windows.Process_request_items_into_an_existing_quotation_US120163" name="Should create a new quotation" time="75.404">
      <system-out><![CDATA[
COMMAND: POST /session/df7e3af810ab6d6da1a176f6e8533552/execute/async - {"script":"<script> [1562 bytes]","args":[{"selector":{"controlType":"sap.m.GenericTile","properties":{"header":"Manage Quotations"}},"wdio_ui5_key":"sapm.GenericTile{\"header\":\"Manage Quotations\"}"}]}
RESULT: {"script":"<script> [1562 bytes]","args":[{"selector":{"controlType":"sap.m.GenericTile","properties":{"header":"Manage Quotations"}},"wdio_ui5_key":"sapm.GenericTile{\"header\":\"Manage Quotations\"}"}]}
RESULT: undefined
COMMAND: POST /session/df7e3af810ab6d6da1a176f6e8533552/element - {"using":"xpath","value":"//*[@id=\"__tile132\"]"}
RESULT: {"using":"xpath","value":"//*[@id=\"__tile132\"]"}
COMMAND: POST /session/df7e3af810ab6d6da1a176f6e8533552/element/f.CC9B589A9DA2186238667A9749121406.d.DFF735B1DA9D1A52FEB0C2892534DE0F.e.11973/click - {}
RESULT: {}
COMMAND: GET /session/df7e3af810ab6d6da1a176f6e8533552/screenshot - {}
RESULT: {}
COMMAND: POST /session/df7e3af810ab6d6da1a176f6e8533552/element - {"using":"xpath","value":"//button[contains(@title ,\"Add new contract\")]"}
RESULT: {"using":"xpath","value":"//button[contains(@title ,\"Add new contract\")]"}
COMMAND: POST /session/df7e3af810ab6d6da1a176f6e8533552/element/f.CC9B589A9DA2186238667A9749121406.d.DFF735B1DA9D1A52FEB0C2892534DE0F.e.12011/click - {}
RESULT: {}
COMMAND: GET /session/df7e3af810ab6d6da1a176f6e8533552/screenshot - {}
RESULT: {}
COMMAND: POST /session/df7e3af810ab6d6da1a176f6e8533552/element - {"using":"xpath","value":"//input[contains(@id ,\"application-managequotations-display-component---AddNewContract--projectDescription-inner\")]"}
RESULT: {"using":"xpath","value":"//input[contains(@id ,\"application-managequotations-display-component---AddNewContract--projectDescription-inner\")]"}
COMMAND: POST /session/df7e3af810ab6d6da1a176f6e8533552/element/f.CC9B589A9DA2186238667A9749121406.d.DFF735B1DA9D1A52FEB0C2892534DE0F.e.12281/value - {"text":"WdIOQuotationij21d"}
RESULT: {"text":"WdIOQuotationij21d"}
COMMAND: GET /session/df7e3af810ab6d6da1a176f6e8533552/screenshot - {}
RESULT: {}
COMMAND: POST /session/df7e3af810ab6d6da1a176f6e8533552/element - {"using":"xpath","value":"//input[contains(@id ,\"application-managequotations-display-component---AddNewContract--yardId-inner\")]"}
RESULT: {"using":"xpath","value":"//input[contains(@id ,\"application-managequotations-display-component---AddNewContract--yardId-inner\")]"}
COMMAND: POST /session/df7e3af810ab6d6da1a176f6e8533552/element/f.CC9B589A9DA2186238667A9749121406.d.DFF735B1DA9D1A52FEB0C2892534DE0F.e.12284/value - {"text":"WebdriverYardq4bzeg"}
RESULT: {"text":"WebdriverYardq4bzeg"}
COMMAND: GET /session/df7e3af810ab6d6da1a176f6e8533552/screenshot - {}
RESULT: {}
COMMAND: POST /session/df7e3af810ab6d6da1a176f6e8533552/actions - {"actions":[{"id":"action92","type":"key","parameters":{},"actions":[{"type":"keyDown","value":"î€‡"},{"type":"pause","duration":10},{"type":"keyUp","value":"î€‡"}]}]}
RESULT: {"actions":[{"id":"action92","type":"key","parameters":{},"actions":[{"type":"keyDown","value":"î€‡"},{"type":"pause","duration":10},{"type":"keyUp","value":"î€‡"}]}]}
COMMAND: GET /session/df7e3af810ab6d6da1a176f6e8533552/screenshot - {}
RESULT: {}
COMMAND: POST /session/df7e3af810ab6d6da1a176f6e8533552/element - {"using":"xpath","value":"//input[contains(@id ,\"application-managequotations-display-component---AddNewContract--customerSelect-inner\")]"}
RESULT: {"using":"xpath","value":"//input[contains(@id ,\"application-managequotations-display-component---AddNewContract--customerSelect-inner\")]"}
COMMAND: POST /session/df7e3af810ab6d6da1a176f6e8533552/element/f.CC9B589A9DA2186238667A9749121406.d.DFF735B1DA9D1A52FEB0C2892534DE0F.e.12282/value - {"text":"WebdriverPartnerc7b6l"}
RESULT: {"text":"WebdriverPartnerc7b6l"}
COMMAND: GET /session/df7e3af810ab6d6da1a176f6e8533552/screenshot - {}
RESULT: {}
COMMAND: POST /session/df7e3af810ab6d6da1a176f6e8533552/actions - {"actions":[{"id":"action93","type":"key","parameters":{},"actions":[{"type":"keyDown","value":"î€‡"},{"type":"pause","duration":10},{"type":"keyUp","value":"î€‡"}]}]}
RESULT: {"actions":[{"id":"action93","type":"key","parameters":{},"actions":[{"type":"keyDown","value":"î€‡"},{"type":"pause","duration":10},{"type":"keyUp","value":"î€‡"}]}]}
COMMAND: GET /session/df7e3af810ab6d6da1a176f6e8533552/screenshot - {}
RESULT: {}
COMMAND: POST /session/df7e3af810ab6d6da1a176f6e8533552/element - {"using":"xpath","value":"//input[contains(@id ,\"application-managequotations-display-component---AddNewContract--site-inner\")]"}
RESULT: {"using":"xpath","value":"//input[contains(@id ,\"application-managequotations-display-component---AddNewContract--site-inner\")]"}
COMMAND: POST /session/df7e3af810ab6d6da1a176f6e8533552/element/f.CC9B589A9DA2186238667A9749121406.d.DFF735B1DA9D1A52FEB0C2892534DE0F.e.12283/value - {"text":"WebdriverSite7ggb9j"}
RESULT: {"text":"WebdriverSite7ggb9j"}
COMMAND: GET /session/df7e3af810ab6d6da1a176f6e8533552/screenshot - {}
RESULT: {}
COMMAND: POST /session/df7e3af810ab6d6da1a176f6e8533552/actions - {"actions":[{"id":"action94","type":"key","parameters":{},"actions":[{"type":"keyDown","value":"î€‡"},{"type":"pause","duration":10},{"type":"keyUp","value":"î€‡"}]}]}
RESULT: {"actions":[{"id":"action94","type":"key","parameters":{},"actions":[{"type":"keyDown","value":"î€‡"},{"type":"pause","duration":10},{"type":"keyUp","value":"î€‡"}]}]}
COMMAND: GET /session/df7e3af810ab6d6da1a176f6e8533552/screenshot - {}
RESULT: {}
COMMAND: POST /session/df7e3af810ab6d6da1a176f6e8533552/element - {"using":"xpath","value":"//bdi[contains(text(), \"Save\")]"}
RESULT: {"using":"xpath","value":"//bdi[contains(text(), \"Save\")]"}
COMMAND: POST /session/df7e3af810ab6d6da1a176f6e8533552/element/f.CC9B589A9DA2186238667A9749121406.d.DFF735B1DA9D1A52FEB0C2892534DE0F.e.12316/click - {}
RESULT: {}
COMMAND: GET /session/df7e3af810ab6d6da1a176f6e8533552/screenshot - {}
RESULT: {}
COMMAND: POST /session/df7e3af810ab6d6da1a176f6e8533552/element - {"using":"css selector","value":"#shell-header-logo"}
RESULT: {"using":"css selector","value":"#shell-header-logo"}
COMMAND: POST /session/df7e3af810ab6d6da1a176f6e8533552/element/f.CC9B589A9DA2186238667A9749121406.d.DFF735B1DA9D1A52FEB0C2892534DE0F.e.11975/click - {}
RESULT: {}
COMMAND: GET /session/df7e3af810ab6d6da1a176f6e8533552/screenshot - {}
RESULT: {}
COMMAND: POST /session/df7e3af810ab6d6da1a176f6e8533552/refresh - {}
RESULT: {}
COMMAND: GET /session/df7e3af810ab6d6da1a176f6e8533552/screenshot - {}
RESULT: {}
COMMAND: POST /session/df7e3af810ab6d6da1a176f6e8533552/execute/async - {"script":"<script> [189 bytes]","args":[]}
RESULT: {"script":"<script> [189 bytes]","args":[]}
COMMAND: POST /session/df7e3af810ab6d6da1a176f6e8533552/execute/async - {"script":"<script> [123 bytes]","args":[]}
RESULT: {"script":"<script> [123 bytes]","args":[]}
COMMAND: POST /session/df7e3af810ab6d6da1a176f6e8533552/timeouts - {"script":"<number>"}
RESULT: {"script":"<number>"}
COMMAND: GET /session/df7e3af810ab6d6da1a176f6e8533552/timeouts - {}
RESULT: {}
RESULT: undefined
COMMAND: POST /session/df7e3af810ab6d6da1a176f6e8533552/execute/async - {"script":"<script> [2676 bytes]","args":[]}
RESULT: {"script":"<script> [2676 bytes]","args":[]}
COMMAND: POST /session/df7e3af810ab6d6da1a176f6e8533552/execute/async - {"script":"<script> [2342 bytes]","args":[{"protocol":"http","hostname":"0.0.0.0","path":"/","capabilities":{"browserName":"chrome","goog:chromeOptions":{"binary":"C:\\Program Files\\Google\\Chrome\\Application\\chrome.exe","args":["--start-maximized"]}},"logLevel":"warn","connectionRetryTimeout":120000,"connectionRetryCount":3,"logLevels":{},"enableDirectConnect":true,"strictSSL":true,"_":"65 more keys: [\"cacheDir\",\"port\",\"requestedCapabilities\",\"automationProtocol\",\"baseUrl\",\"waitforInterval\",\"waitforTimeout\",\"onReload\",\"beforeCommand\",\"afterCommand\",\"rootDir\",\"specs\",\"suites\",\"exclude\",\"groupLogsByTestSpec\",\"excludeDriverLogs\",\"bail\",\"framework\",\"reporters\",\"services\",\"maxInstances\",\"maxInstancesPerCapability\",\"injectGlobals\",\"filesToWatch\",\"execArgv\",\"runnerEnv\",\"runner\",\"shard\",\"specFileRetries\",\"specFileRetriesDelay\",\"specFileRetriesDeferred\",\"reporterSyncInterval\",\"reporterSyncTimeout\",\"cucumberFeaturesWithLineNumbers\",\"autoCompileOpts\",\"mochaOpts\",\"jasmineOpts\",\"cucumberOpts\",\"onPrepare\",\"onWorkerStart\",\"onWorkerEnd\",\"before\",\"beforeSession\",\"beforeSuite\",\"beforeHook\",\"beforeTest\",\"afterTest\",\"afterHook\",\"afterSuite\",\"afterSession\",\"after\",\"onComplete\",\"beforeAssertion\",\"afterAssertion\",\"beforeFeature\",\"beforeScenario\",\"beforeStep\",\"afterStep\",\"afterScenario\",\"afterFeature\",\"_\",\"suite\",\"$0\",\"ignoredWorkerServices\",\"wdi5\"]"}]}
RESULT: {"script":"<script> [2342 bytes]","args":[{"protocol":"http","hostname":"0.0.0.0","path":"/","capabilities":{"browserName":"chrome","goog:chromeOptions":{"binary":"C:\\Program Files\\Google\\Chrome\\Application\\chrome.exe","args":["--start-maximized"]}},"logLevel":"warn","connectionRetryTimeout":120000,"connectionRetryCount":3,"logLevels":{},"enableDirectConnect":true,"strictSSL":true,"_":"65 more keys: [\"cacheDir\",\"port\",\"requestedCapabilities\",\"automationProtocol\",\"baseUrl\",\"waitforInterval\",\"waitforTimeout\",\"onReload\",\"beforeCommand\",\"afterCommand\",\"rootDir\",\"specs\",\"suites\",\"exclude\",\"groupLogsByTestSpec\",\"excludeDriverLogs\",\"bail\",\"framework\",\"reporters\",\"services\",\"maxInstances\",\"maxInstancesPerCapability\",\"injectGlobals\",\"filesToWatch\",\"execArgv\",\"runnerEnv\",\"runner\",\"shard\",\"specFileRetries\",\"specFileRetriesDelay\",\"specFileRetriesDeferred\",\"reporterSyncInterval\",\"reporterSyncTimeout\",\"cucumberFeaturesWithLineNumbers\",\"autoCompileOpts\",\"mochaOpts\",\"jasmineOpts\",\"cucumberOpts\",\"onPrepare\",\"onWorkerStart\",\"onWorkerEnd\",\"before\",\"beforeSession\",\"beforeSuite\",\"beforeHook\",\"beforeTest\",\"afterTest\",\"afterHook\",\"afterSuite\",\"afterSession\",\"after\",\"onComplete\",\"beforeAssertion\",\"afterAssertion\",\"beforeFeature\",\"beforeScenario\",\"beforeStep\",\"afterStep\",\"afterScenario\",\"afterFeature\",\"_\",\"suite\",\"$0\",\"ignoredWorkerServices\",\"wdi5\"]"}]}
COMMAND: POST /session/df7e3af810ab6d6da1a176f6e8533552/execute/async - {"script":"<script> [21126 bytes]","args":[35000]}
RESULT: {"script":"<script> [21126 bytes]","args":[35000]}
]]></system-out>
    </testcase>
    <testcase classname="chrome.135_0_7049_96.windows.Process_request_items_into_an_existing_quotation_US120163" name="Should create a new request with catalog items and plan it" time="175.91">
      <system-out><![CDATA[
COMMAND: POST /session/df7e3af810ab6d6da1a176f6e8533552/element - {"using":"xpath","value":"//*[contains(@href, 'etm.portal.ui.managerequests')]"}
RESULT: {"using":"xpath","value":"//*[contains(@href, 'etm.portal.ui.managerequests')]"}
COMMAND: POST /session/df7e3af810ab6d6da1a176f6e8533552/element/f.CC9B589A9DA2186238667A9749121406.d.E09D36527ECB61FFAC91C0458DB5E569.e.12408/click - {}
RESULT: {}
COMMAND: GET /session/df7e3af810ab6d6da1a176f6e8533552/screenshot - {}
RESULT: {}
COMMAND: POST /session/df7e3af810ab6d6da1a176f6e8533552/element - {"using":"xpath","value":"//button[contains(@data-kt ,\"btnCreateNewOverflowToolbarButton\")]"}
COMMAND: POST /session/df7e3af810ab6d6da1a176f6e8533552/element - {"using":"xpath","value":"(//span[contains(@class ,\"sapMObjStatusText\")])[1]"}
RESULT: {"using":"xpath","value":"//button[contains(@data-kt ,\"btnCreateNewOverflowToolbarButton\")]"}
COMMAND: POST /session/df7e3af810ab6d6da1a176f6e8533552/element/f.CC9B589A9DA2186238667A9749121406.d.E09D36527ECB61FFAC91C0458DB5E569.e.12464/click - {}
RESULT: {"using":"xpath","value":"(//span[contains(@class ,\"sapMObjStatusText\")])[1]"}
COMMAND: POST /session/df7e3af810ab6d6da1a176f6e8533552/execute/sync - {"script":"<script> [8489 bytes]","args":[{"element-6066-11e4-a52e-4f735466cecf":"f.CC9B589A9DA2186238667A9749121406.d.E09D36527ECB61FFAC91C0458DB5E569.e.12502","ELEMENT":"f.CC9B589A9DA2186238667A9749121406.d.E09D36527ECB61FFAC91C0458DB5E569.e.12502"}]}
RESULT: {}
RESULT: {"script":"<script> [8489 bytes]","args":[{"element-6066-11e4-a52e-4f735466cecf":"f.CC9B589A9DA2186238667A9749121406.d.E09D36527ECB61FFAC91C0458DB5E569.e.12502","ELEMENT":"f.CC9B589A9DA2186238667A9749121406.d.E09D36527ECB61FFAC91C0458DB5E569.e.12502"}]}
COMMAND: GET /session/df7e3af810ab6d6da1a176f6e8533552/screenshot - {}
COMMAND: GET /session/df7e3af810ab6d6da1a176f6e8533552/screenshot - {}
RESULT: {}
RESULT: {}
COMMAND: POST /session/df7e3af810ab6d6da1a176f6e8533552/element - {"using":"xpath","value":"//input[contains(@id ,\"yardId-inner\")]"}
RESULT: {"using":"xpath","value":"//input[contains(@id ,\"yardId-inner\")]"}
COMMAND: POST /session/df7e3af810ab6d6da1a176f6e8533552/execute/sync - {"script":"<script> [8489 bytes]","args":[{"element-6066-11e4-a52e-4f735466cecf":"f.CC9B589A9DA2186238667A9749121406.d.E09D36527ECB61FFAC91C0458DB5E569.e.12695","ELEMENT":"f.CC9B589A9DA2186238667A9749121406.d.E09D36527ECB61FFAC91C0458DB5E569.e.12695"}]}
RESULT: {"script":"<script> [8489 bytes]","args":[{"element-6066-11e4-a52e-4f735466cecf":"f.CC9B589A9DA2186238667A9749121406.d.E09D36527ECB61FFAC91C0458DB5E569.e.12695","ELEMENT":"f.CC9B589A9DA2186238667A9749121406.d.E09D36527ECB61FFAC91C0458DB5E569.e.12695"}]}
COMMAND: POST /session/df7e3af810ab6d6da1a176f6e8533552/element - {"using":"xpath","value":"//input[contains(@id ,\"yardId-inner\")]"}
COMMAND: GET /session/df7e3af810ab6d6da1a176f6e8533552/screenshot - {}
RESULT: {"using":"xpath","value":"//input[contains(@id ,\"yardId-inner\")]"}
COMMAND: GET /session/df7e3af810ab6d6da1a176f6e8533552/element/f.CC9B589A9DA2186238667A9749121406.d.E09D36527ECB61FFAC91C0458DB5E569.e.12695/enabled - {}
RESULT: {}
RESULT: {}
COMMAND: POST /session/df7e3af810ab6d6da1a176f6e8533552/element/f.CC9B589A9DA2186238667A9749121406.d.E09D36527ECB61FFAC91C0458DB5E569.e.12695/clear - {}
COMMAND: GET /session/df7e3af810ab6d6da1a176f6e8533552/screenshot - {}
RESULT: {}
COMMAND: POST /session/df7e3af810ab6d6da1a176f6e8533552/element/f.CC9B589A9DA2186238667A9749121406.d.E09D36527ECB61FFAC91C0458DB5E569.e.12695/value - {"text":"WebdriverYardq4bzeg"}
COMMAND: GET /session/df7e3af810ab6d6da1a176f6e8533552/screenshot - {}
RESULT: {}
RESULT: {"text":"WebdriverYardq4bzeg"}
COMMAND: GET /session/df7e3af810ab6d6da1a176f6e8533552/screenshot - {}
RESULT: {}
RESULT: {}
COMMAND: POST /session/df7e3af810ab6d6da1a176f6e8533552/element - {"using":"xpath","value":"//input[contains(@id ,\"customerNumber-inner\")]"}
RESULT: {"using":"xpath","value":"//input[contains(@id ,\"customerNumber-inner\")]"}
COMMAND: POST /session/df7e3af810ab6d6da1a176f6e8533552/element/f.CC9B589A9DA2186238667A9749121406.d.E09D36527ECB61FFAC91C0458DB5E569.e.12689/value - {"text":"WebdriverPartnerc7b6l"}
COMMAND: POST /session/df7e3af810ab6d6da1a176f6e8533552/actions - {"actions":[{"id":"action95","type":"key","parameters":{},"actions":[{"type":"keyDown","value":"î€‡"},{"type":"pause","duration":10},{"type":"keyUp","value":"î€‡"}]}]}
RESULT: {"text":"WebdriverPartnerc7b6l"}
COMMAND: GET /session/df7e3af810ab6d6da1a176f6e8533552/screenshot - {}
RESULT: {"actions":[{"id":"action95","type":"key","parameters":{},"actions":[{"type":"keyDown","value":"î€‡"},{"type":"pause","duration":10},{"type":"keyUp","value":"î€‡"}]}]}
COMMAND: GET /session/df7e3af810ab6d6da1a176f6e8533552/screenshot - {}
RESULT: {}
RESULT: {}
COMMAND: POST /session/df7e3af810ab6d6da1a176f6e8533552/actions - {"actions":[{"id":"action96","type":"key","parameters":{},"actions":[{"type":"keyDown","value":"î€‡"},{"type":"pause","duration":10},{"type":"keyUp","value":"î€‡"}]}]}
RESULT: {"actions":[{"id":"action96","type":"key","parameters":{},"actions":[{"type":"keyDown","value":"î€‡"},{"type":"pause","duration":10},{"type":"keyUp","value":"î€‡"}]}]}
COMMAND: GET /session/df7e3af810ab6d6da1a176f6e8533552/screenshot - {}
RESULT: {}
COMMAND: POST /session/df7e3af810ab6d6da1a176f6e8533552/element - {"using":"xpath","value":"//input[contains(@id ,\"requestSiteId-inner\")]"}
RESULT: {"using":"xpath","value":"//input[contains(@id ,\"requestSiteId-inner\")]"}
COMMAND: POST /session/df7e3af810ab6d6da1a176f6e8533552/element/f.CC9B589A9DA2186238667A9749121406.d.E09D36527ECB61FFAC91C0458DB5E569.e.12688/value - {"text":"WebdriverSite7ggb9j"}
RESULT: {"text":"WebdriverSite7ggb9j"}
COMMAND: GET /session/df7e3af810ab6d6da1a176f6e8533552/screenshot - {}
RESULT: {}
COMMAND: POST /session/df7e3af810ab6d6da1a176f6e8533552/actions - {"actions":[{"id":"action97","type":"key","parameters":{},"actions":[{"type":"keyDown","value":"î€‡"},{"type":"pause","duration":10},{"type":"keyUp","value":"î€‡"}]}]}
RESULT: {"actions":[{"id":"action97","type":"key","parameters":{},"actions":[{"type":"keyDown","value":"î€‡"},{"type":"pause","duration":10},{"type":"keyUp","value":"î€‡"}]}]}
COMMAND: GET /session/df7e3af810ab6d6da1a176f6e8533552/screenshot - {}
RESULT: {}
COMMAND: POST /session/df7e3af810ab6d6da1a176f6e8533552/element - {"using":"xpath","value":"//button[contains(@data-kt ,\"requestItemAddOverflowToolbarButton\")]"}
RESULT: {"using":"xpath","value":"//button[contains(@data-kt ,\"requestItemAddOverflowToolbarButton\")]"}
COMMAND: POST /session/df7e3af810ab6d6da1a176f6e8533552/element/f.CC9B589A9DA2186238667A9749121406.d.E09D36527ECB61FFAC91C0458DB5E569.e.12667/click - {}
RESULT: {}
COMMAND: GET /session/df7e3af810ab6d6da1a176f6e8533552/screenshot - {}
RESULT: {}
COMMAND: POST /session/df7e3af810ab6d6da1a176f6e8533552/actions - {"actions":[{"id":"action98","type":"key","parameters":{},"actions":[{"type":"keyDown","value":"î€•"},{"type":"pause","duration":10},{"type":"keyUp","value":"î€•"}]}]}
RESULT: {"actions":[{"id":"action98","type":"key","parameters":{},"actions":[{"type":"keyDown","value":"î€•"},{"type":"pause","duration":10},{"type":"keyUp","value":"î€•"}]}]}
COMMAND: POST /session/df7e3af810ab6d6da1a176f6e8533552/actions - {"actions":[{"id":"action99","type":"key","parameters":{},"actions":[{"type":"keyDown","value":"î€‡"},{"type":"pause","duration":10},{"type":"keyUp","value":"î€‡"}]}]}
COMMAND: GET /session/df7e3af810ab6d6da1a176f6e8533552/screenshot - {}
RESULT: {"actions":[{"id":"action99","type":"key","parameters":{},"actions":[{"type":"keyDown","value":"î€‡"},{"type":"pause","duration":10},{"type":"keyUp","value":"î€‡"}]}]}
COMMAND: POST /session/df7e3af810ab6d6da1a176f6e8533552/element - {"using":"xpath","value":"(//input[contains(@id ,\"requestItemsTable-0-inner\")])[1]"}
COMMAND: GET /session/df7e3af810ab6d6da1a176f6e8533552/screenshot - {}
RESULT: {}
RESULT: {}
RESULT: {"using":"xpath","value":"(//input[contains(@id ,\"requestItemsTable-0-inner\")])[1]"}
COMMAND: POST /session/df7e3af810ab6d6da1a176f6e8533552/element/f.CC9B589A9DA2186238667A9749121406.d.E09D36527ECB61FFAC91C0458DB5E569.e.12858/clear - {}
RESULT: {}
COMMAND: POST /session/df7e3af810ab6d6da1a176f6e8533552/element/f.CC9B589A9DA2186238667A9749121406.d.E09D36527ECB61FFAC91C0458DB5E569.e.12858/value - {"text":"catalogItemj7fey"}
COMMAND: GET /session/df7e3af810ab6d6da1a176f6e8533552/screenshot - {}
RESULT: {"text":"catalogItemj7fey"}
COMMAND: GET /session/df7e3af810ab6d6da1a176f6e8533552/screenshot - {}
RESULT: {}
RESULT: {}
COMMAND: POST /session/df7e3af810ab6d6da1a176f6e8533552/actions - {"actions":[{"id":"action100","type":"key","parameters":{},"actions":[{"type":"keyDown","value":"î€‡"},{"type":"pause","duration":10},{"type":"keyUp","value":"î€‡"}]}]}
RESULT: {"actions":[{"id":"action100","type":"key","parameters":{},"actions":[{"type":"keyDown","value":"î€‡"},{"type":"pause","duration":10},{"type":"keyUp","value":"î€‡"}]}]}
COMMAND: GET /session/df7e3af810ab6d6da1a176f6e8533552/screenshot - {}
RESULT: {}
COMMAND: POST /session/df7e3af810ab6d6da1a176f6e8533552/execute/async - {"script":"<script> [1562 bytes]","args":[{"selector":{"controlType":"sap.ui.core.Icon","viewName":"etm.portal.ui.managerequests.view.NewRequest","properties":{"src":{"regex":{"source":"slim\\-arrow\\-down"}}},"ancestor":{"controlType":"sap.m.Button","viewName":"etm.portal.ui.managerequests.view.NewRequest","properties":{"icon":"sap-icon://slim-arrow-down"}}},"wdio_ui5_key":"etmportal.ui.managerequests.view.NewRequestsap.ui.core.Icon{\"src\":{\"regex\":{\"source\":\"slim\\\\-arrow\\\\-down\"}}}{\"controlType\":\"sap.m.Button\",\"viewName\":\"etm.portal.ui.managerequests.view.NewRequest\",\"properties\":{\"icon\":\"sap-icon://slim-arrow-down\"}}"}]}
RESULT: {"script":"<script> [1562 bytes]","args":[{"selector":{"controlType":"sap.ui.core.Icon","viewName":"etm.portal.ui.managerequests.view.NewRequest","properties":{"src":{"regex":{"source":"slim\\-arrow\\-down"}}},"ancestor":{"controlType":"sap.m.Button","viewName":"etm.portal.ui.managerequests.view.NewRequest","properties":{"icon":"sap-icon://slim-arrow-down"}}},"wdio_ui5_key":"etmportal.ui.managerequests.view.NewRequestsap.ui.core.Icon{\"src\":{\"regex\":{\"source\":\"slim\\\\-arrow\\\\-down\"}}}{\"controlType\":\"sap.m.Button\",\"viewName\":\"etm.portal.ui.managerequests.view.NewRequest\",\"properties\":{\"icon\":\"sap-icon://slim-arrow-down\"}}"}]}
RESULT: undefined
COMMAND: POST /session/df7e3af810ab6d6da1a176f6e8533552/element - {"using":"xpath","value":"//div[contains(@data-kt ,\"splitAllocationObjectStatus\")]"}
RESULT: {"using":"xpath","value":"//div[contains(@data-kt ,\"splitAllocationObjectStatus\")]"}
COMMAND: POST /session/df7e3af810ab6d6da1a176f6e8533552/elements - {"using":"xpath","value":"//div[contains(@data-kt ,\"splitAllocationObjectStatus\")]"}
RESULT: {"using":"xpath","value":"//div[contains(@data-kt ,\"splitAllocationObjectStatus\")]"}
COMMAND: POST /session/df7e3af810ab6d6da1a176f6e8533552/execute/async - {"script":"<script> [1562 bytes]","args":[{"selector":{"controlType":"sap.ui.core.Icon","viewName":"etm.portal.ui.managerequests.view.NewRequest","properties":{"src":{"regex":{"source":"message\\-error"}}}},"wdio_ui5_key":"etmportal.ui.managerequests.view.NewRequestsap.ui.core.Icon{\"src\":{\"regex\":{\"source\":\"message\\\\-error\"}}}"}]}
RESULT: {"script":"<script> [1562 bytes]","args":[{"selector":{"controlType":"sap.ui.core.Icon","viewName":"etm.portal.ui.managerequests.view.NewRequest","properties":{"src":{"regex":{"source":"message\\-error"}}}},"wdio_ui5_key":"etmportal.ui.managerequests.view.NewRequestsap.ui.core.Icon{\"src\":{\"regex\":{\"source\":\"message\\\\-error\"}}}"}]}
RESULT: undefined
COMMAND: POST /session/df7e3af810ab6d6da1a176f6e8533552/element - {"using":"xpath","value":"//*[@id=\"__status4-__xmlview59--requestItemsTable-0-icon\"]"}
RESULT: {"using":"xpath","value":"//*[@id=\"__status4-__xmlview59--requestItemsTable-0-icon\"]"}
COMMAND: POST /session/df7e3af810ab6d6da1a176f6e8533552/element/f.CC9B589A9DA2186238667A9749121406.d.E09D36527ECB61FFAC91C0458DB5E569.e.12873/click - {}
RESULT: {}
COMMAND: POST /session/df7e3af810ab6d6da1a176f6e8533552/execute/async - {"script":"<script> [1562 bytes]","args":[{"selector":{"controlType":"sap.ui.core.Icon","viewName":"etm.portal.ui.managerequests.view.NewRequest","properties":{"src":{"regex":{"source":"slim\\-arrow\\-down"}}},"searchOpenDialogs":true,"ancestor":{"id":"costObjectAdminTypeComboBox","viewName":"etm.portal.ui.managerequests.view.NewRequest","searchOpenDialogs":true}},"wdio_ui5_key":"etmportal.ui.managerequests.view.NewRequestsap.ui.core.Icon{\"src\":{\"regex\":{\"source\":\"slim\\\\-arrow\\\\-down\"}}}{\"id\":\"costObjectAdminTypeComboBox\",\"viewName\":\"etm.portal.ui.managerequests.view.NewRequest\",\"searchOpenDialogs\":true}"}]}
COMMAND: GET /session/df7e3af810ab6d6da1a176f6e8533552/screenshot - {}
RESULT: {"script":"<script> [1562 bytes]","args":[{"selector":{"controlType":"sap.ui.core.Icon","viewName":"etm.portal.ui.managerequests.view.NewRequest","properties":{"src":{"regex":{"source":"slim\\-arrow\\-down"}}},"searchOpenDialogs":true,"ancestor":{"id":"costObjectAdminTypeComboBox","viewName":"etm.portal.ui.managerequests.view.NewRequest","searchOpenDialogs":true}},"wdio_ui5_key":"etmportal.ui.managerequests.view.NewRequestsap.ui.core.Icon{\"src\":{\"regex\":{\"source\":\"slim\\\\-arrow\\\\-down\"}}}{\"id\":\"costObjectAdminTypeComboBox\",\"viewName\":\"etm.portal.ui.managerequests.view.NewRequest\",\"searchOpenDialogs\":true}"}]}
RESULT: undefined
COMMAND: POST /session/df7e3af810ab6d6da1a176f6e8533552/element - {"using":"xpath","value":"//*[@id=\"__xmlview59--costObjectAdminTypeComboBox-arrow\"]"}
RESULT: {}
RESULT: {"using":"xpath","value":"//*[@id=\"__xmlview59--costObjectAdminTypeComboBox-arrow\"]"}
COMMAND: POST /session/df7e3af810ab6d6da1a176f6e8533552/element/f.CC9B589A9DA2186238667A9749121406.d.E09D36527ECB61FFAC91C0458DB5E569.e.12877/click - {}
RESULT: {}
COMMAND: POST /session/df7e3af810ab6d6da1a176f6e8533552/execute/async - {"script":"<script> [1562 bytes]","args":[{"selector":{"controlType":"sap.m.StandardListItem","viewName":"etm.portal.ui.managerequests.view.NewRequest","properties":{"title":"Cost Center"},"searchOpenDialogs":true,"interaction":{"idSuffix":"titleText"}},"wdio_ui5_key":"etmportal.ui.managerequests.view.NewRequestsap.m.StandardListItem{\"title\":\"Cost Center\"}"}]}
COMMAND: GET /session/df7e3af810ab6d6da1a176f6e8533552/screenshot - {}
RESULT: {"script":"<script> [1562 bytes]","args":[{"selector":{"controlType":"sap.m.StandardListItem","viewName":"etm.portal.ui.managerequests.view.NewRequest","properties":{"title":"Cost Center"},"searchOpenDialogs":true,"interaction":{"idSuffix":"titleText"}},"wdio_ui5_key":"etmportal.ui.managerequests.view.NewRequestsap.m.StandardListItem{\"title\":\"Cost Center\"}"}]}
RESULT: undefined
COMMAND: POST /session/df7e3af810ab6d6da1a176f6e8533552/element - {"using":"xpath","value":"//*[@id=\"__item386\"]"}
RESULT: {}
RESULT: {"using":"xpath","value":"//*[@id=\"__item386\"]"}
COMMAND: POST /session/df7e3af810ab6d6da1a176f6e8533552/element/f.CC9B589A9DA2186238667A9749121406.d.E09D36527ECB61FFAC91C0458DB5E569.e.12880/click - {}
RESULT: {}
COMMAND: POST /session/df7e3af810ab6d6da1a176f6e8533552/execute/async - {"script":"<script> [1562 bytes]","args":[{"selector":{"controlType":"sap.ui.core.Icon","viewName":"etm.portal.ui.managerequests.view.NewRequest","properties":{"src":{"regex":{"source":"value\\-help"}}},"searchOpenDialogs":true},"wdio_ui5_key":"etmportal.ui.managerequests.view.NewRequestsap.ui.core.Icon{\"src\":{\"regex\":{\"source\":\"value\\\\-help\"}}}"}]}
COMMAND: GET /session/df7e3af810ab6d6da1a176f6e8533552/screenshot - {}
RESULT: {"script":"<script> [1562 bytes]","args":[{"selector":{"controlType":"sap.ui.core.Icon","viewName":"etm.portal.ui.managerequests.view.NewRequest","properties":{"src":{"regex":{"source":"value\\-help"}}},"searchOpenDialogs":true},"wdio_ui5_key":"etmportal.ui.managerequests.view.NewRequestsap.ui.core.Icon{\"src\":{\"regex\":{\"source\":\"value\\\\-help\"}}}"}]}
RESULT: undefined
COMMAND: POST /session/df7e3af810ab6d6da1a176f6e8533552/element - {"using":"xpath","value":"//*[@id=\"__xmlview59--costObjectIdComboBox-vhi\"]"}
RESULT: {}
RESULT: {"using":"xpath","value":"//*[@id=\"__xmlview59--costObjectIdComboBox-vhi\"]"}
COMMAND: POST /session/df7e3af810ab6d6da1a176f6e8533552/element/f.CC9B589A9DA2186238667A9749121406.d.E09D36527ECB61FFAC91C0458DB5E569.e.12887/click - {}
RESULT: {}
COMMAND: POST /session/df7e3af810ab6d6da1a176f6e8533552/execute/async - {"script":"<script> [1562 bytes]","args":[{"selector":{"controlType":"sap.m.SearchField","properties":{"placeholder":"Search"},"searchOpenDialogs":true,"interaction":{"idSuffix":"I"}},"wdio_ui5_key":"sapm.SearchField{\"placeholder\":\"Search\"}"}]}
COMMAND: GET /session/df7e3af810ab6d6da1a176f6e8533552/screenshot - {}
RESULT: {"script":"<script> [1562 bytes]","args":[{"selector":{"controlType":"sap.m.SearchField","properties":{"placeholder":"Search"},"searchOpenDialogs":true,"interaction":{"idSuffix":"I"}},"wdio_ui5_key":"sapm.SearchField{\"placeholder\":\"Search\"}"}]}
RESULT: undefined
COMMAND: POST /session/df7e3af810ab6d6da1a176f6e8533552/execute/async - {"script":"<script> [776 bytes]","args":[{"enterText":"10001010","selector":{"controlType":"sap.m.SearchField","properties":{"placeholder":"Search"},"searchOpenDialogs":true,"interaction":{"idSuffix":"I"}},"clearTextFirst":true,"interactionType":"ENTER_TEXT"}]}
RESULT: {}
RESULT: {"script":"<script> [776 bytes]","args":[{"enterText":"10001010","selector":{"controlType":"sap.m.SearchField","properties":{"placeholder":"Search"},"searchOpenDialogs":true,"interaction":{"idSuffix":"I"}},"clearTextFirst":true,"interactionType":"ENTER_TEXT"}]}
COMMAND: POST /session/df7e3af810ab6d6da1a176f6e8533552/actions - {"actions":[{"id":"action101","type":"key","parameters":{},"actions":[{"type":"keyDown","value":"î€‡"},{"type":"pause","duration":10},{"type":"keyUp","value":"î€‡"}]}]}
RESULT: {"actions":[{"id":"action101","type":"key","parameters":{},"actions":[{"type":"keyDown","value":"î€‡"},{"type":"pause","duration":10},{"type":"keyUp","value":"î€‡"}]}]}
COMMAND: GET /session/df7e3af810ab6d6da1a176f6e8533552/screenshot - {}
RESULT: {}
COMMAND: POST /session/df7e3af810ab6d6da1a176f6e8533552/execute/async - {"script":"<script> [1562 bytes]","args":[{"selector":{"controlType":"sap.m.Text","bindingPath":{"path":"/C_CostCtrValueHelp(CostCenter='10001010',ControllingArea='Z001')","propertyPath":"CostCenterName","modelName":"CostCenterModel"},"searchOpenDialogs":true},"wdio_ui5_key":"sapm.Text{\"path\":\"/C_CostCtrValueHelp(CostCenter='10001010',ControllingArea='Z001')\",\"propertyPath\":\"CostCenterName\",\"modelName\":\"CostCenterModel\"}"}]}
RESULT: {"script":"<script> [1562 bytes]","args":[{"selector":{"controlType":"sap.m.Text","bindingPath":{"path":"/C_CostCtrValueHelp(CostCenter='10001010',ControllingArea='Z001')","propertyPath":"CostCenterName","modelName":"CostCenterModel"},"searchOpenDialogs":true},"wdio_ui5_key":"sapm.Text{\"path\":\"/C_CostCtrValueHelp(CostCenter='10001010',ControllingArea='Z001')\",\"propertyPath\":\"CostCenterName\",\"modelName\":\"CostCenterModel\"}"}]}
RESULT: undefined
COMMAND: POST /session/df7e3af810ab6d6da1a176f6e8533552/element - {"using":"xpath","value":"//*[@id=\"__text291-__clone502\"]"}
RESULT: {"using":"xpath","value":"//*[@id=\"__text291-__clone502\"]"}
COMMAND: POST /session/df7e3af810ab6d6da1a176f6e8533552/element/f.CC9B589A9DA2186238667A9749121406.d.E09D36527ECB61FFAC91C0458DB5E569.e.12926/click - {}
RESULT: {}
COMMAND: POST /session/df7e3af810ab6d6da1a176f6e8533552/execute/async - {"script":"<script> [1562 bytes]","args":[{"selector":{"controlType":"sap.m.Button","properties":{"text":"OK"},"searchOpenDialogs":true,"interaction":{"idSuffix":"BDI-content"}},"wdio_ui5_key":"sapm.Button{\"text\":\"OK\"}"}]}
COMMAND: GET /session/df7e3af810ab6d6da1a176f6e8533552/screenshot - {}
RESULT: {"script":"<script> [1562 bytes]","args":[{"selector":{"controlType":"sap.m.Button","properties":{"text":"OK"},"searchOpenDialogs":true,"interaction":{"idSuffix":"BDI-content"}},"wdio_ui5_key":"sapm.Button{\"text\":\"OK\"}"}]}
RESULT: undefined
COMMAND: POST /session/df7e3af810ab6d6da1a176f6e8533552/element - {"using":"xpath","value":"//*[@id=\"__dialog1-ok\"]"}
RESULT: {}
RESULT: {"using":"xpath","value":"//*[@id=\"__dialog1-ok\"]"}
COMMAND: POST /session/df7e3af810ab6d6da1a176f6e8533552/element/f.CC9B589A9DA2186238667A9749121406.d.E09D36527ECB61FFAC91C0458DB5E569.e.12928/click - {}
RESULT: {}
COMMAND: GET /session/df7e3af810ab6d6da1a176f6e8533552/screenshot - {}
RESULT: {}
COMMAND: POST /session/df7e3af810ab6d6da1a176f6e8533552/execute/async - {"script":"<script> [1562 bytes]","args":[{"selector":{"controlType":"sap.m.Button","viewName":"etm.portal.ui.managerequests.view.NewRequest","i18NText":{"propertyName":"text","key":"save"},"searchOpenDialogs":true,"interaction":{"idSuffix":"BDI-content"}},"wdio_ui5_key":"etmportal.ui.managerequests.view.NewRequestsap.m.Button{\"propertyName\":\"text\",\"key\":\"save\"}"}]}
RESULT: {"script":"<script> [1562 bytes]","args":[{"selector":{"controlType":"sap.m.Button","viewName":"etm.portal.ui.managerequests.view.NewRequest","i18NText":{"propertyName":"text","key":"save"},"searchOpenDialogs":true,"interaction":{"idSuffix":"BDI-content"}},"wdio_ui5_key":"etmportal.ui.managerequests.view.NewRequestsap.m.Button{\"propertyName\":\"text\",\"key\":\"save\"}"}]}
RESULT: undefined
COMMAND: POST /session/df7e3af810ab6d6da1a176f6e8533552/element - {"using":"xpath","value":"//*[@id=\"__button24\"]"}
RESULT: {"using":"xpath","value":"//*[@id=\"__button24\"]"}
COMMAND: POST /session/df7e3af810ab6d6da1a176f6e8533552/element/f.CC9B589A9DA2186238667A9749121406.d.E09D36527ECB61FFAC91C0458DB5E569.e.12932/click - {}
RESULT: {}
COMMAND: GET /session/df7e3af810ab6d6da1a176f6e8533552/screenshot - {}
RESULT: {}
COMMAND: POST /session/df7e3af810ab6d6da1a176f6e8533552/element - {"using":"xpath","value":"(//bdi[contains(text() ,\"Save\")])[1]"}
RESULT: {"using":"xpath","value":"(//bdi[contains(text() ,\"Save\")])[1]"}
COMMAND: POST /session/df7e3af810ab6d6da1a176f6e8533552/element/f.CC9B589A9DA2186238667A9749121406.d.E09D36527ECB61FFAC91C0458DB5E569.e.12934/click - {}
RESULT: {}
COMMAND: GET /session/df7e3af810ab6d6da1a176f6e8533552/screenshot - {}
RESULT: {}
COMMAND: POST /session/df7e3af810ab6d6da1a176f6e8533552/execute/async - {"script":"<script> [1562 bytes]","args":[{"selector":{"controlType":"sap.m.Title","properties":{"text":"Success"},"searchOpenDialogs":true},"wdio_ui5_key":"sapm.Title{\"text\":\"Success\"}"}]}
RESULT: {"script":"<script> [1562 bytes]","args":[{"selector":{"controlType":"sap.m.Title","properties":{"text":"Success"},"searchOpenDialogs":true},"wdio_ui5_key":"sapm.Title{\"text\":\"Success\"}"}]}
RESULT: undefined
COMMAND: POST /session/df7e3af810ab6d6da1a176f6e8533552/execute/async - {"script":"<script> [6424 bytes]","args":[{"element-6066-11e4-a52e-4f735466cecf":"f.CC9B589A9DA2186238667A9749121406.d.E09D36527ECB61FFAC91C0458DB5E569.e.12938"},"getText",[]]}
RESULT: {"script":"<script> [6424 bytes]","args":[{"element-6066-11e4-a52e-4f735466cecf":"f.CC9B589A9DA2186238667A9749121406.d.E09D36527ECB61FFAC91C0458DB5E569.e.12938"},"getText",[]]}
COMMAND: POST /session/df7e3af810ab6d6da1a176f6e8533552/execute/async - {"script":"<script> [1562 bytes]","args":[{"selector":{"controlType":"sap.m.Button","properties":{"text":"Close"},"searchOpenDialogs":true,"interaction":{"idSuffix":"BDI-content"}},"wdio_ui5_key":"sapm.Button{\"text\":\"Close\"}"}]}
RESULT: {"script":"<script> [1562 bytes]","args":[{"selector":{"controlType":"sap.m.Button","properties":{"text":"Close"},"searchOpenDialogs":true,"interaction":{"idSuffix":"BDI-content"}},"wdio_ui5_key":"sapm.Button{\"text\":\"Close\"}"}]}
RESULT: undefined
COMMAND: POST /session/df7e3af810ab6d6da1a176f6e8533552/element - {"using":"xpath","value":"//*[@id=\"__mbox-btn-0\"]"}
RESULT: {"using":"xpath","value":"//*[@id=\"__mbox-btn-0\"]"}
COMMAND: POST /session/df7e3af810ab6d6da1a176f6e8533552/element/f.CC9B589A9DA2186238667A9749121406.d.E09D36527ECB61FFAC91C0458DB5E569.e.12937/click - {}
RESULT: {}
COMMAND: GET /session/df7e3af810ab6d6da1a176f6e8533552/screenshot - {}
RESULT: {}
COMMAND: POST /session/df7e3af810ab6d6da1a176f6e8533552/execute/async - {"script":"<script> [1562 bytes]","args":[{"selector":{"controlType":"sap.m.Text","viewName":"etm.portal.ui.managerequests.view.Detail","bindingPath":{"propertyPath":"NO","modelName":"catalogModel"}},"wdio_ui5_key":"etmportal.ui.managerequests.view.Detailsap.m.Text{\"propertyPath\":\"NO\",\"modelName\":\"catalogModel\"}"}]}
RESULT: {"script":"<script> [1562 bytes]","args":[{"selector":{"controlType":"sap.m.Text","viewName":"etm.portal.ui.managerequests.view.Detail","bindingPath":{"propertyPath":"NO","modelName":"catalogModel"}},"wdio_ui5_key":"etmportal.ui.managerequests.view.Detailsap.m.Text{\"propertyPath\":\"NO\",\"modelName\":\"catalogModel\"}"}]}
RESULT: undefined
COMMAND: POST /session/df7e3af810ab6d6da1a176f6e8533552/execute/async - {"script":"<script> [6424 bytes]","args":[{"element-6066-11e4-a52e-4f735466cecf":"f.CC9B589A9DA2186238667A9749121406.d.E09D36527ECB61FFAC91C0458DB5E569.e.13064"},"getText",[]]}
RESULT: {"script":"<script> [6424 bytes]","args":[{"element-6066-11e4-a52e-4f735466cecf":"f.CC9B589A9DA2186238667A9749121406.d.E09D36527ECB61FFAC91C0458DB5E569.e.13064"},"getText",[]]}
COMMAND: POST /session/df7e3af810ab6d6da1a176f6e8533552/execute/async - {"script":"<script> [1562 bytes]","args":[{"selector":{"controlType":"sap.ui.core.Icon","viewName":"etm.portal.ui.managerequests.view.Detail","properties":{"src":{"regex":{"source":"date\\-time"}}},"ancestor":{"controlType":"sap.m.ColumnListItem","viewName":"etm.portal.ui.managerequests.view.Detail","bindingPath":{"path":"/SmartRequestItemsPlanningBoard(ITEM=10m,REQUEST='20102')"},"ancestor":{"id":"requestItemsTable","viewName":"etm.portal.ui.managerequests.view.Detail"}}},"wdio_ui5_key":"etmportal.ui.managerequests.view.Detailsap.ui.core.Icon{\"src\":{\"regex\":{\"source\":\"date\\\\-time\"}}}{\"controlType\":\"sap.m.ColumnListItem\",\"viewName\":\"etm.portal.ui.managerequests.view.Detail\",\"bindingPath\":{\"path\":\"/SmartRequestItemsPlanningBoard(ITEM=10m,REQUEST='20102')\"},\"ancestor\":{\"id\":\"requestItemsTable\",\"viewName\":\"etm.portal.ui.managerequests.view.Detail\"}}"}]}
RESULT: {"script":"<script> [1562 bytes]","args":[{"selector":{"controlType":"sap.ui.core.Icon","viewName":"etm.portal.ui.managerequests.view.Detail","properties":{"src":{"regex":{"source":"date\\-time"}}},"ancestor":{"controlType":"sap.m.ColumnListItem","viewName":"etm.portal.ui.managerequests.view.Detail","bindingPath":{"path":"/SmartRequestItemsPlanningBoard(ITEM=10m,REQUEST='20102')"},"ancestor":{"id":"requestItemsTable","viewName":"etm.portal.ui.managerequests.view.Detail"}}},"wdio_ui5_key":"etmportal.ui.managerequests.view.Detailsap.ui.core.Icon{\"src\":{\"regex\":{\"source\":\"date\\\\-time\"}}}{\"controlType\":\"sap.m.ColumnListItem\",\"viewName\":\"etm.portal.ui.managerequests.view.Detail\",\"bindingPath\":{\"path\":\"/SmartRequestItemsPlanningBoard(ITEM=10m,REQUEST='20102')\"},\"ancestor\":{\"id\":\"requestItemsTable\",\"viewName\":\"etm.portal.ui.managerequests.view.Detail\"}}"}]}
RESULT: undefined
COMMAND: POST /session/df7e3af810ab6d6da1a176f6e8533552/element - {"using":"xpath","value":"//*[@id=\"__button39-__clone541-img\"]"}
RESULT: {"using":"xpath","value":"//*[@id=\"__button39-__clone541-img\"]"}
COMMAND: POST /session/df7e3af810ab6d6da1a176f6e8533552/element/f.CC9B589A9DA2186238667A9749121406.d.E09D36527ECB61FFAC91C0458DB5E569.e.13065/click - {}
RESULT: {}
COMMAND: POST /session/df7e3af810ab6d6da1a176f6e8533552/execute/async - {"script":"<script> [1562 bytes]","args":[{"selector":{"controlType":"sap.m.Button","viewName":"etm.portal.ui.managerequests.view.Detail","properties":{"text":"Close"},"searchOpenDialogs":true,"interaction":{"idSuffix":"BDI-content"}},"wdio_ui5_key":"etmportal.ui.managerequests.view.Detailsap.m.Button{\"text\":\"Close\"}"}]}
COMMAND: GET /session/df7e3af810ab6d6da1a176f6e8533552/screenshot - {}
RESULT: {}
RESULT: {"script":"<script> [1562 bytes]","args":[{"selector":{"controlType":"sap.m.Button","viewName":"etm.portal.ui.managerequests.view.Detail","properties":{"text":"Close"},"searchOpenDialogs":true,"interaction":{"idSuffix":"BDI-content"}},"wdio_ui5_key":"etmportal.ui.managerequests.view.Detailsap.m.Button{\"text\":\"Close\"}"}]}
RESULT: undefined
COMMAND: POST /session/df7e3af810ab6d6da1a176f6e8533552/element - {"using":"xpath","value":"//*[@id=\"__button49\"]"}
RESULT: {"using":"xpath","value":"//*[@id=\"__button49\"]"}
COMMAND: POST /session/df7e3af810ab6d6da1a176f6e8533552/element/f.CC9B589A9DA2186238667A9749121406.d.E09D36527ECB61FFAC91C0458DB5E569.e.13068/click - {}
RESULT: {}
COMMAND: GET /session/df7e3af810ab6d6da1a176f6e8533552/screenshot - {}
RESULT: {}
COMMAND: POST /session/df7e3af810ab6d6da1a176f6e8533552/refresh - {}
RESULT: {}
COMMAND: GET /session/df7e3af810ab6d6da1a176f6e8533552/screenshot - {}
RESULT: {}
COMMAND: POST /session/df7e3af810ab6d6da1a176f6e8533552/execute/async - {"script":"<script> [189 bytes]","args":[]}
RESULT: {"script":"<script> [189 bytes]","args":[]}
COMMAND: POST /session/df7e3af810ab6d6da1a176f6e8533552/execute/async - {"script":"<script> [123 bytes]","args":[]}
RESULT: {"script":"<script> [123 bytes]","args":[]}
COMMAND: POST /session/df7e3af810ab6d6da1a176f6e8533552/timeouts - {"script":"<number>"}
RESULT: {"script":"<number>"}
COMMAND: GET /session/df7e3af810ab6d6da1a176f6e8533552/timeouts - {}
RESULT: {}
RESULT: undefined
COMMAND: POST /session/df7e3af810ab6d6da1a176f6e8533552/execute/async - {"script":"<script> [2676 bytes]","args":[]}
RESULT: {"script":"<script> [2676 bytes]","args":[]}
COMMAND: POST /session/df7e3af810ab6d6da1a176f6e8533552/execute/async - {"script":"<script> [2342 bytes]","args":[{"protocol":"http","hostname":"0.0.0.0","path":"/","capabilities":{"browserName":"chrome","goog:chromeOptions":{"binary":"C:\\Program Files\\Google\\Chrome\\Application\\chrome.exe","args":["--start-maximized"]}},"logLevel":"warn","connectionRetryTimeout":120000,"connectionRetryCount":3,"logLevels":{},"enableDirectConnect":true,"strictSSL":true,"_":"65 more keys: [\"cacheDir\",\"port\",\"requestedCapabilities\",\"automationProtocol\",\"baseUrl\",\"waitforInterval\",\"waitforTimeout\",\"onReload\",\"beforeCommand\",\"afterCommand\",\"rootDir\",\"specs\",\"suites\",\"exclude\",\"groupLogsByTestSpec\",\"excludeDriverLogs\",\"bail\",\"framework\",\"reporters\",\"services\",\"maxInstances\",\"maxInstancesPerCapability\",\"injectGlobals\",\"filesToWatch\",\"execArgv\",\"runnerEnv\",\"runner\",\"shard\",\"specFileRetries\",\"specFileRetriesDelay\",\"specFileRetriesDeferred\",\"reporterSyncInterval\",\"reporterSyncTimeout\",\"cucumberFeaturesWithLineNumbers\",\"autoCompileOpts\",\"mochaOpts\",\"jasmineOpts\",\"cucumberOpts\",\"onPrepare\",\"onWorkerStart\",\"onWorkerEnd\",\"before\",\"beforeSession\",\"beforeSuite\",\"beforeHook\",\"beforeTest\",\"afterTest\",\"afterHook\",\"afterSuite\",\"afterSession\",\"after\",\"onComplete\",\"beforeAssertion\",\"afterAssertion\",\"beforeFeature\",\"beforeScenario\",\"beforeStep\",\"afterStep\",\"afterScenario\",\"afterFeature\",\"_\",\"suite\",\"$0\",\"ignoredWorkerServices\",\"wdi5\"]"}]}
RESULT: {"script":"<script> [2342 bytes]","args":[{"protocol":"http","hostname":"0.0.0.0","path":"/","capabilities":{"browserName":"chrome","goog:chromeOptions":{"binary":"C:\\Program Files\\Google\\Chrome\\Application\\chrome.exe","args":["--start-maximized"]}},"logLevel":"warn","connectionRetryTimeout":120000,"connectionRetryCount":3,"logLevels":{},"enableDirectConnect":true,"strictSSL":true,"_":"65 more keys: [\"cacheDir\",\"port\",\"requestedCapabilities\",\"automationProtocol\",\"baseUrl\",\"waitforInterval\",\"waitforTimeout\",\"onReload\",\"beforeCommand\",\"afterCommand\",\"rootDir\",\"specs\",\"suites\",\"exclude\",\"groupLogsByTestSpec\",\"excludeDriverLogs\",\"bail\",\"framework\",\"reporters\",\"services\",\"maxInstances\",\"maxInstancesPerCapability\",\"injectGlobals\",\"filesToWatch\",\"execArgv\",\"runnerEnv\",\"runner\",\"shard\",\"specFileRetries\",\"specFileRetriesDelay\",\"specFileRetriesDeferred\",\"reporterSyncInterval\",\"reporterSyncTimeout\",\"cucumberFeaturesWithLineNumbers\",\"autoCompileOpts\",\"mochaOpts\",\"jasmineOpts\",\"cucumberOpts\",\"onPrepare\",\"onWorkerStart\",\"onWorkerEnd\",\"before\",\"beforeSession\",\"beforeSuite\",\"beforeHook\",\"beforeTest\",\"afterTest\",\"afterHook\",\"afterSuite\",\"afterSession\",\"after\",\"onComplete\",\"beforeAssertion\",\"afterAssertion\",\"beforeFeature\",\"beforeScenario\",\"beforeStep\",\"afterStep\",\"afterScenario\",\"afterFeature\",\"_\",\"suite\",\"$0\",\"ignoredWorkerServices\",\"wdi5\"]"}]}
COMMAND: POST /session/df7e3af810ab6d6da1a176f6e8533552/execute/async - {"script":"<script> [21126 bytes]","args":[35000]}
RESULT: {"script":"<script> [21126 bytes]","args":[35000]}
]]></system-out>
    </testcase>
  </testsuite>
</testsuites>