<?xml version="1.0" encoding="UTF-8"?>
<testsuites tests="24" failures="0" errors="0" skipped="0">
  <testsuite timestamp="2025-05-22T15:38:33" time="645.429" tests="5" failures="0" errors="0" skipped="0">
    <properties>
      <property name="specId" value="0"/>
      <property name="suiteName" value="Manage Requests Tags Tests US120163"/>
      <property name="capabilities" value="chrome.136_0_7103_93.windows"/>
      <property name="file" value="file:///D:/a/1/s/test/specs/R2C/create-request-Tags.spec.js"/>
    </properties>
    <testcase classname="chrome.136_0_7103_93.windows.Manage_Requests_Tags_Tests_US120163" name="Should create a new yard" time="122.764">
      <system-out><![CDATA[
COMMAND: POST /session/948cfef606f1c327c7afa492aa33856c/execute/async - {"script":"<script> [1562 bytes]","args":[{"selector":{"controlType":"sap.m.GenericTile","properties":{"header":"Manage Yards"}},"wdio_ui5_key":"sapm.GenericTile{\"header\":\"Manage Yards\"}"}]}
RESULT: {"script":"<script> [1562 bytes]","args":[{"selector":{"controlType":"sap.m.GenericTile","properties":{"header":"Manage Yards"}},"wdio_ui5_key":"sapm.GenericTile{\"header\":\"Manage Yards\"}"}]}
RESULT: undefined
COMMAND: POST /session/948cfef606f1c327c7afa492aa33856c/element - {"using":"xpath","value":"//*[@id=\"__tile41\"]"}
RESULT: {"using":"xpath","value":"//*[@id=\"__tile41\"]"}
COMMAND: POST /session/948cfef606f1c327c7afa492aa33856c/element/f.B11FB8328C47749F850BA47268692D59.d.61366E7FEAA4315D56A18235CAA9D873.e.117/click - {}
RESULT: {}
COMMAND: GET /session/948cfef606f1c327c7afa492aa33856c/screenshot - {}
RESULT: {}
COMMAND: POST /session/948cfef606f1c327c7afa492aa33856c/elements - {"using":"xpath","value":"//span[text()='Error']"}
RESULT: {"using":"xpath","value":"//span[text()='Error']"}
COMMAND: POST /session/948cfef606f1c327c7afa492aa33856c/execute/async - {"script":"<script> [1562 bytes]","args":[{"selector":{"controlType":"sap.ui.core.Icon","viewName":"etm.portal.ui.manageyards.view.Master","viewId":"application-manageyards-display-component---masterYard","properties":{"src":{"regex":{"source":"add"}}}},"wdio_ui5_key":"etmportal.ui.manageyards.view.Mastersap.ui.core.Icon{\"src\":{\"regex\":{\"source\":\"add\"}}}"}]}
RESULT: {"script":"<script> [1562 bytes]","args":[{"selector":{"controlType":"sap.ui.core.Icon","viewName":"etm.portal.ui.manageyards.view.Master","viewId":"application-manageyards-display-component---masterYard","properties":{"src":{"regex":{"source":"add"}}}},"wdio_ui5_key":"etmportal.ui.manageyards.view.Mastersap.ui.core.Icon{\"src\":{\"regex\":{\"source\":\"add\"}}}"}]}
RESULT: undefined
COMMAND: POST /session/948cfef606f1c327c7afa492aa33856c/element - {"using":"xpath","value":"//*[@id=\"__button4-img\"]"}
RESULT: {"using":"xpath","value":"//*[@id=\"__button4-img\"]"}
COMMAND: POST /session/948cfef606f1c327c7afa492aa33856c/element/f.B11FB8328C47749F850BA47268692D59.d.61366E7FEAA4315D56A18235CAA9D873.e.164/click - {}
RESULT: {}
COMMAND: GET /session/948cfef606f1c327c7afa492aa33856c/screenshot - {}
RESULT: {}
COMMAND: POST /session/948cfef606f1c327c7afa492aa33856c/execute/async - {"script":"<script> [1562 bytes]","args":[{"selector":{"id":"application-manageyards-display-component---NewYard--yardId","interaction":{"idSuffix":"inner"}},"wdio_ui5_key":"applicationmanageyards-display-component---NewYard--yardId"}]}
RESULT: {"script":"<script> [1562 bytes]","args":[{"selector":{"id":"application-manageyards-display-component---NewYard--yardId","interaction":{"idSuffix":"inner"}},"wdio_ui5_key":"applicationmanageyards-display-component---NewYard--yardId"}]}
RESULT: undefined
COMMAND: POST /session/948cfef606f1c327c7afa492aa33856c/element - {"using":"xpath","value":"//*[@id=\"application-manageyards-display-component---NewYard--addressDetailDetailsName1-inner\"]"}
RESULT: {"using":"xpath","value":"//*[@id=\"application-manageyards-display-component---NewYard--addressDetailDetailsName1-inner\"]"}
COMMAND: POST /session/948cfef606f1c327c7afa492aa33856c/element/f.B11FB8328C47749F850BA47268692D59.d.61366E7FEAA4315D56A18235CAA9D873.e.332/clear - {}
RESULT: {}
COMMAND: POST /session/948cfef606f1c327c7afa492aa33856c/element/f.B11FB8328C47749F850BA47268692D59.d.61366E7FEAA4315D56A18235CAA9D873.e.332/value - {"text":"WebdriverYardmmv3l"}
COMMAND: GET /session/948cfef606f1c327c7afa492aa33856c/screenshot - {}
RESULT: {"text":"WebdriverYardmmv3l"}
COMMAND: POST /session/948cfef606f1c327c7afa492aa33856c/element - {"using":"xpath","value":"//*[@id=\"application-manageyards-display-component---NewYard--addressDetailDetailsLanguage-inner\"]"}
COMMAND: GET /session/948cfef606f1c327c7afa492aa33856c/screenshot - {}
RESULT: {}
RESULT: {"using":"xpath","value":"//*[@id=\"application-manageyards-display-component---NewYard--addressDetailDetailsLanguage-inner\"]"}
COMMAND: POST /session/948cfef606f1c327c7afa492aa33856c/element/f.B11FB8328C47749F850BA47268692D59.d.61366E7FEAA4315D56A18235CAA9D873.e.333/clear - {}
RESULT: {}
RESULT: {}
COMMAND: POST /session/948cfef606f1c327c7afa492aa33856c/element/f.B11FB8328C47749F850BA47268692D59.d.61366E7FEAA4315D56A18235CAA9D873.e.333/value - {"text":"Romanian"}
COMMAND: GET /session/948cfef606f1c327c7afa492aa33856c/screenshot - {}
RESULT: {}
RESULT: {"text":"Romanian"}
COMMAND: POST /session/948cfef606f1c327c7afa492aa33856c/element - {"using":"xpath","value":"//input[contains(@id ,\"application-manageyards-display-component---NewYard--addressDetailDetailsName1-inner\")]"}
COMMAND: GET /session/948cfef606f1c327c7afa492aa33856c/screenshot - {}
RESULT: {"using":"xpath","value":"//input[contains(@id ,\"application-manageyards-display-component---NewYard--addressDetailDetailsName1-inner\")]"}
COMMAND: GET /session/948cfef606f1c327c7afa492aa33856c/element/f.B11FB8328C47749F850BA47268692D59.d.61366E7FEAA4315D56A18235CAA9D873.e.332/property/value - {}
RESULT: {}
RESULT: {}
COMMAND: GET /session/948cfef606f1c327c7afa492aa33856c/screenshot - {}
RESULT: {}
COMMAND: POST /session/948cfef606f1c327c7afa492aa33856c/element - {"using":"xpath","value":"//*[@id=\"application-manageyards-display-component---NewYard--addressDetailDetailsCity1-inner\"]"}
RESULT: {"using":"xpath","value":"//*[@id=\"application-manageyards-display-component---NewYard--addressDetailDetailsCity1-inner\"]"}
COMMAND: POST /session/948cfef606f1c327c7afa492aa33856c/element/f.B11FB8328C47749F850BA47268692D59.d.61366E7FEAA4315D56A18235CAA9D873.e.335/clear - {}
RESULT: {}
COMMAND: POST /session/948cfef606f1c327c7afa492aa33856c/element/f.B11FB8328C47749F850BA47268692D59.d.61366E7FEAA4315D56A18235CAA9D873.e.335/value - {"text":"Bucuresti"}
COMMAND: GET /session/948cfef606f1c327c7afa492aa33856c/screenshot - {}
RESULT: {"text":"Bucuresti"}
COMMAND: GET /session/948cfef606f1c327c7afa492aa33856c/screenshot - {}
RESULT: {}
RESULT: {}
COMMAND: POST /session/948cfef606f1c327c7afa492aa33856c/element - {"using":"xpath","value":"//*[@id=\"application-manageyards-display-component---NewYard--addressDetailDetailsCountry-inner\"]"}
RESULT: {"using":"xpath","value":"//*[@id=\"application-manageyards-display-component---NewYard--addressDetailDetailsCountry-inner\"]"}
COMMAND: POST /session/948cfef606f1c327c7afa492aa33856c/element/f.B11FB8328C47749F850BA47268692D59.d.61366E7FEAA4315D56A18235CAA9D873.e.339/clear - {}
RESULT: {}
COMMAND: POST /session/948cfef606f1c327c7afa492aa33856c/element/f.B11FB8328C47749F850BA47268692D59.d.61366E7FEAA4315D56A18235CAA9D873.e.339/value - {"text":"Romania"}
COMMAND: GET /session/948cfef606f1c327c7afa492aa33856c/screenshot - {}
RESULT: {"text":"Romania"}
COMMAND: GET /session/948cfef606f1c327c7afa492aa33856c/screenshot - {}
RESULT: {}
RESULT: {}
COMMAND: POST /session/948cfef606f1c327c7afa492aa33856c/element - {"using":"xpath","value":"//div[contains(text(), \"Commercial\")]"}
RESULT: {"using":"xpath","value":"//div[contains(text(), \"Commercial\")]"}
COMMAND: GET /session/948cfef606f1c327c7afa492aa33856c/element/f.B11FB8328C47749F850BA47268692D59.d.61366E7FEAA4315D56A18235CAA9D873.e.577/rect - {}
RESULT: {}
COMMAND: GET /session/948cfef606f1c327c7afa492aa33856c/window/rect - {}
RESULT: {}
COMMAND: POST /session/948cfef606f1c327c7afa492aa33856c/execute/sync - {"script":"<script> [92 bytes]","args":[]}
RESULT: {"script":"<script> [92 bytes]","args":[]}
COMMAND: POST /session/948cfef606f1c327c7afa492aa33856c/actions - {"actions":[{"id":"action1","type":"wheel","parameters":{},"actions":[{"type":"scroll","x":-1841,"y":-44,"deltaX":0,"deltaY":0,"duration":0,"origin":{"element-6066-11e4-a52e-4f735466cecf":"f.B11FB8328C47749F850BA47268692D59.d.61366E7FEAA4315D56A18235CAA9D873.e.577"}}]}]}
COMMAND: GET /session/948cfef606f1c327c7afa492aa33856c/screenshot - {}
RESULT: {}
COMMAND: POST /session/948cfef606f1c327c7afa492aa33856c/execute/sync - {"script":"<script> [79 bytes]","args":[{"element-6066-11e4-a52e-4f735466cecf":"f.B11FB8328C47749F850BA47268692D59.d.61366E7FEAA4315D56A18235CAA9D873.e.577","ELEMENT":"f.B11FB8328C47749F850BA47268692D59.d.61366E7FEAA4315D56A18235CAA9D873.e.577"},{"block":"start","inline":"nearest"}]}
RESULT: {"script":"<script> [79 bytes]","args":[{"element-6066-11e4-a52e-4f735466cecf":"f.B11FB8328C47749F850BA47268692D59.d.61366E7FEAA4315D56A18235CAA9D873.e.577","ELEMENT":"f.B11FB8328C47749F850BA47268692D59.d.61366E7FEAA4315D56A18235CAA9D873.e.577"},{"block":"start","inline":"nearest"}]}
COMMAND: GET /session/948cfef606f1c327c7afa492aa33856c/screenshot - {}
RESULT: {}
COMMAND: POST /session/948cfef606f1c327c7afa492aa33856c/execute/async - {"script":"<script> [1562 bytes]","args":[{"selector":{"id":"application-manageyards-display-component---NewYard--addressEditDetailsCostObjectCstType-arrow"},"wdio_ui5_key":"applicationmanageyards-display-component---NewYard--addressEditDetailsCostObjectCstType-arrow"}]}
RESULT: {"script":"<script> [1562 bytes]","args":[{"selector":{"id":"application-manageyards-display-component---NewYard--addressEditDetailsCostObjectCstType-arrow"},"wdio_ui5_key":"applicationmanageyards-display-component---NewYard--addressEditDetailsCostObjectCstType-arrow"}]}
RESULT: undefined
COMMAND: POST /session/948cfef606f1c327c7afa492aa33856c/element - {"using":"xpath","value":"//*[@id=\"application-manageyards-display-component---NewYard--addressEditDetailsCostObjectCstType-arrow\"]"}
RESULT: {"using":"xpath","value":"//*[@id=\"application-manageyards-display-component---NewYard--addressEditDetailsCostObjectCstType-arrow\"]"}
COMMAND: POST /session/948cfef606f1c327c7afa492aa33856c/element/f.B11FB8328C47749F850BA47268692D59.d.61366E7FEAA4315D56A18235CAA9D873.e.586/click - {}
RESULT: {}
COMMAND: POST /session/948cfef606f1c327c7afa492aa33856c/element - {"using":"xpath","value":"//span[contains(text(), \"Cost Center\")]"}
COMMAND: GET /session/948cfef606f1c327c7afa492aa33856c/screenshot - {}
RESULT: {"using":"xpath","value":"//span[contains(text(), \"Cost Center\")]"}
COMMAND: POST /session/948cfef606f1c327c7afa492aa33856c/element/f.B11FB8328C47749F850BA47268692D59.d.61366E7FEAA4315D56A18235CAA9D873.e.587/click - {}
RESULT: {}
RESULT: {}
COMMAND: GET /session/948cfef606f1c327c7afa492aa33856c/screenshot - {}
RESULT: {}
COMMAND: POST /session/948cfef606f1c327c7afa492aa33856c/execute/async - {"script":"<script> [1562 bytes]","args":[{"selector":{"id":"application-manageyards-display-component---NewYard--addressNewCostObjectCstID-vhi"},"wdio_ui5_key":"applicationmanageyards-display-component---NewYard--addressNewCostObjectCstID-vhi"}]}
RESULT: {"script":"<script> [1562 bytes]","args":[{"selector":{"id":"application-manageyards-display-component---NewYard--addressNewCostObjectCstID-vhi"},"wdio_ui5_key":"applicationmanageyards-display-component---NewYard--addressNewCostObjectCstID-vhi"}]}
RESULT: undefined
COMMAND: POST /session/948cfef606f1c327c7afa492aa33856c/element - {"using":"xpath","value":"//*[@id=\"application-manageyards-display-component---NewYard--addressNewCostObjectCstID-vhi\"]"}
RESULT: {"using":"xpath","value":"//*[@id=\"application-manageyards-display-component---NewYard--addressNewCostObjectCstID-vhi\"]"}
COMMAND: POST /session/948cfef606f1c327c7afa492aa33856c/element/f.B11FB8328C47749F850BA47268692D59.d.61366E7FEAA4315D56A18235CAA9D873.e.591/click - {}
RESULT: {}
COMMAND: GET /session/948cfef606f1c327c7afa492aa33856c/screenshot - {}
RESULT: {}
COMMAND: POST /session/948cfef606f1c327c7afa492aa33856c/execute/async - {"script":"<script> [1562 bytes]","args":[{"selector":{"controlType":"sap.m.SearchField","properties":{"placeholder":"Search"},"searchOpenDialogs":true,"interaction":{"idSuffix":"I"}},"wdio_ui5_key":"sapm.SearchField{\"placeholder\":\"Search\"}"}]}
RESULT: {"script":"<script> [1562 bytes]","args":[{"selector":{"controlType":"sap.m.SearchField","properties":{"placeholder":"Search"},"searchOpenDialogs":true,"interaction":{"idSuffix":"I"}},"wdio_ui5_key":"sapm.SearchField{\"placeholder\":\"Search\"}"}]}
RESULT: undefined
COMMAND: POST /session/948cfef606f1c327c7afa492aa33856c/execute/async - {"script":"<script> [776 bytes]","args":[{"enterText":"10001013","selector":{"controlType":"sap.m.SearchField","properties":{"placeholder":"Search"},"searchOpenDialogs":true,"interaction":{"idSuffix":"I"}},"clearTextFirst":true,"interactionType":"ENTER_TEXT"}]}
RESULT: {"script":"<script> [776 bytes]","args":[{"enterText":"10001013","selector":{"controlType":"sap.m.SearchField","properties":{"placeholder":"Search"},"searchOpenDialogs":true,"interaction":{"idSuffix":"I"}},"clearTextFirst":true,"interactionType":"ENTER_TEXT"}]}
COMMAND: POST /session/948cfef606f1c327c7afa492aa33856c/actions - {"actions":[{"id":"action2","type":"key","parameters":{},"actions":[{"type":"keyDown","value":""},{"type":"pause","duration":10},{"type":"keyUp","value":""}]}]}
RESULT: {"actions":[{"id":"action2","type":"key","parameters":{},"actions":[{"type":"keyDown","value":""},{"type":"pause","duration":10},{"type":"keyUp","value":""}]}]}
COMMAND: GET /session/948cfef606f1c327c7afa492aa33856c/screenshot - {}
RESULT: {}
COMMAND: POST /session/948cfef606f1c327c7afa492aa33856c/element - {"using":"xpath","value":"//span[contains(text(), \"General Management\")]"}
RESULT: {"using":"xpath","value":"//span[contains(text(), \"General Management\")]"}
COMMAND: POST /session/948cfef606f1c327c7afa492aa33856c/element/f.B11FB8328C47749F850BA47268692D59.d.61366E7FEAA4315D56A18235CAA9D873.e.633/click - {}
RESULT: {}
COMMAND: GET /session/948cfef606f1c327c7afa492aa33856c/screenshot - {}
RESULT: {}
COMMAND: POST /session/948cfef606f1c327c7afa492aa33856c/element - {"using":"xpath","value":"//bdi[contains(text(), \"OK\")]"}
RESULT: {"using":"xpath","value":"//bdi[contains(text(), \"OK\")]"}
COMMAND: POST /session/948cfef606f1c327c7afa492aa33856c/element/f.B11FB8328C47749F850BA47268692D59.d.61366E7FEAA4315D56A18235CAA9D873.e.634/click - {}
RESULT: {}
COMMAND: GET /session/948cfef606f1c327c7afa492aa33856c/screenshot - {}
RESULT: {}
COMMAND: POST /session/948cfef606f1c327c7afa492aa33856c/execute/async - {"script":"<script> [1562 bytes]","args":[{"selector":{"controlType":"sap.m.Button","viewName":"etm.portal.ui.manageyards.view.New","viewId":"application-manageyards-display-component---NewYard","i18NText":{"propertyName":"text","key":"save"},"interaction":{"idSuffix":"inner"}},"wdio_ui5_key":"etmportal.ui.manageyards.view.Newsap.m.Button{\"propertyName\":\"text\",\"key\":\"save\"}"}]}
RESULT: {"script":"<script> [1562 bytes]","args":[{"selector":{"controlType":"sap.m.Button","viewName":"etm.portal.ui.manageyards.view.New","viewId":"application-manageyards-display-component---NewYard","i18NText":{"propertyName":"text","key":"save"},"interaction":{"idSuffix":"inner"}},"wdio_ui5_key":"etmportal.ui.manageyards.view.Newsap.m.Button{\"propertyName\":\"text\",\"key\":\"save\"}"}]}
RESULT: undefined
COMMAND: POST /session/948cfef606f1c327c7afa492aa33856c/element - {"using":"xpath","value":"//*[@id=\"__button18\"]"}
RESULT: {"using":"xpath","value":"//*[@id=\"__button18\"]"}
COMMAND: POST /session/948cfef606f1c327c7afa492aa33856c/element/f.B11FB8328C47749F850BA47268692D59.d.61366E7FEAA4315D56A18235CAA9D873.e.532/click - {}
RESULT: {}
COMMAND: GET /session/948cfef606f1c327c7afa492aa33856c/screenshot - {}
RESULT: {}
COMMAND: POST /session/948cfef606f1c327c7afa492aa33856c/element - {"using":"xpath","value":"//header/div/div[2]/div[2]/span"}
RESULT: {"using":"xpath","value":"//header/div/div[2]/div[2]/span"}
COMMAND: GET /session/948cfef606f1c327c7afa492aa33856c/element/f.B11FB8328C47749F850BA47268692D59.d.61366E7FEAA4315D56A18235CAA9D873.e.832/text - {}
RESULT: {}
COMMAND: POST /session/948cfef606f1c327c7afa492aa33856c/execute/async - {"script":"<script> [1562 bytes]","args":[{"selector":{"controlType":"sap.m.OverflowToolbarButton","viewName":"etm.portal.ui.manageyards.view.Detail","viewId":"application-manageyards-display-component---detailYard","i18NText":{"propertyName":"tooltip","key":"closeColumn"},"interaction":{"idSuffix":"inner"}},"wdio_ui5_key":"etmportal.ui.manageyards.view.Detailsap.m.OverflowToolbarButton{\"propertyName\":\"tooltip\",\"key\":\"closeColumn\"}"}]}
RESULT: {"script":"<script> [1562 bytes]","args":[{"selector":{"controlType":"sap.m.OverflowToolbarButton","viewName":"etm.portal.ui.manageyards.view.Detail","viewId":"application-manageyards-display-component---detailYard","i18NText":{"propertyName":"tooltip","key":"closeColumn"},"interaction":{"idSuffix":"inner"}},"wdio_ui5_key":"etmportal.ui.manageyards.view.Detailsap.m.OverflowToolbarButton{\"propertyName\":\"tooltip\",\"key\":\"closeColumn\"}"}]}
RESULT: undefined
COMMAND: POST /session/948cfef606f1c327c7afa492aa33856c/element - {"using":"xpath","value":"//*[@id=\"__button40\"]"}
RESULT: {"using":"xpath","value":"//*[@id=\"__button40\"]"}
COMMAND: POST /session/948cfef606f1c327c7afa492aa33856c/element/f.B11FB8328C47749F850BA47268692D59.d.61366E7FEAA4315D56A18235CAA9D873.e.834/click - {}
RESULT: {}
COMMAND: GET /session/948cfef606f1c327c7afa492aa33856c/screenshot - {}
RESULT: {}
COMMAND: POST /session/948cfef606f1c327c7afa492aa33856c/element - {"using":"css selector","value":"#shell-header-logo"}
RESULT: {"using":"css selector","value":"#shell-header-logo"}
COMMAND: POST /session/948cfef606f1c327c7afa492aa33856c/element/f.B11FB8328C47749F850BA47268692D59.d.61366E7FEAA4315D56A18235CAA9D873.e.120/click - {}
RESULT: {}
COMMAND: GET /session/948cfef606f1c327c7afa492aa33856c/screenshot - {}
RESULT: {}
COMMAND: POST /session/948cfef606f1c327c7afa492aa33856c/refresh - {}
RESULT: {}
COMMAND: GET /session/948cfef606f1c327c7afa492aa33856c/screenshot - {}
RESULT: {}
COMMAND: POST /session/948cfef606f1c327c7afa492aa33856c/execute/async - {"script":"<script> [189 bytes]","args":[]}
RESULT: {"script":"<script> [189 bytes]","args":[]}
COMMAND: POST /session/948cfef606f1c327c7afa492aa33856c/execute/async - {"script":"<script> [123 bytes]","args":[]}
RESULT: {"script":"<script> [123 bytes]","args":[]}
COMMAND: POST /session/948cfef606f1c327c7afa492aa33856c/timeouts - {"script":"<number>"}
RESULT: {"script":"<number>"}
COMMAND: GET /session/948cfef606f1c327c7afa492aa33856c/timeouts - {}
RESULT: {}
RESULT: undefined
COMMAND: POST /session/948cfef606f1c327c7afa492aa33856c/execute/async - {"script":"<script> [2676 bytes]","args":[]}
RESULT: {"script":"<script> [2676 bytes]","args":[]}
COMMAND: POST /session/948cfef606f1c327c7afa492aa33856c/execute/async - {"script":"<script> [2342 bytes]","args":[{"protocol":"http","hostname":"0.0.0.0","path":"/","capabilities":{"browserName":"chrome","goog:chromeOptions":{"binary":"C:\\Program Files\\Google\\Chrome\\Application\\chrome.exe","args":["--start-maximized"]}},"logLevel":"warn","connectionRetryTimeout":120000,"connectionRetryCount":3,"logLevels":{},"enableDirectConnect":true,"strictSSL":true,"_":"65 more keys: [\"cacheDir\",\"port\",\"requestedCapabilities\",\"automationProtocol\",\"baseUrl\",\"waitforInterval\",\"waitforTimeout\",\"onReload\",\"beforeCommand\",\"afterCommand\",\"rootDir\",\"specs\",\"suites\",\"exclude\",\"groupLogsByTestSpec\",\"excludeDriverLogs\",\"bail\",\"framework\",\"reporters\",\"services\",\"maxInstances\",\"maxInstancesPerCapability\",\"injectGlobals\",\"filesToWatch\",\"execArgv\",\"runnerEnv\",\"runner\",\"shard\",\"specFileRetries\",\"specFileRetriesDelay\",\"specFileRetriesDeferred\",\"reporterSyncInterval\",\"reporterSyncTimeout\",\"cucumberFeaturesWithLineNumbers\",\"autoCompileOpts\",\"mochaOpts\",\"jasmineOpts\",\"cucumberOpts\",\"onPrepare\",\"onWorkerStart\",\"onWorkerEnd\",\"before\",\"beforeSession\",\"beforeSuite\",\"beforeHook\",\"beforeTest\",\"afterTest\",\"afterHook\",\"afterSuite\",\"afterSession\",\"after\",\"onComplete\",\"beforeAssertion\",\"afterAssertion\",\"beforeFeature\",\"beforeScenario\",\"beforeStep\",\"afterStep\",\"afterScenario\",\"afterFeature\",\"_\",\"suite\",\"$0\",\"ignoredWorkerServices\",\"wdi5\"]"}]}
RESULT: {"script":"<script> [2342 bytes]","args":[{"protocol":"http","hostname":"0.0.0.0","path":"/","capabilities":{"browserName":"chrome","goog:chromeOptions":{"binary":"C:\\Program Files\\Google\\Chrome\\Application\\chrome.exe","args":["--start-maximized"]}},"logLevel":"warn","connectionRetryTimeout":120000,"connectionRetryCount":3,"logLevels":{},"enableDirectConnect":true,"strictSSL":true,"_":"65 more keys: [\"cacheDir\",\"port\",\"requestedCapabilities\",\"automationProtocol\",\"baseUrl\",\"waitforInterval\",\"waitforTimeout\",\"onReload\",\"beforeCommand\",\"afterCommand\",\"rootDir\",\"specs\",\"suites\",\"exclude\",\"groupLogsByTestSpec\",\"excludeDriverLogs\",\"bail\",\"framework\",\"reporters\",\"services\",\"maxInstances\",\"maxInstancesPerCapability\",\"injectGlobals\",\"filesToWatch\",\"execArgv\",\"runnerEnv\",\"runner\",\"shard\",\"specFileRetries\",\"specFileRetriesDelay\",\"specFileRetriesDeferred\",\"reporterSyncInterval\",\"reporterSyncTimeout\",\"cucumberFeaturesWithLineNumbers\",\"autoCompileOpts\",\"mochaOpts\",\"jasmineOpts\",\"cucumberOpts\",\"onPrepare\",\"onWorkerStart\",\"onWorkerEnd\",\"before\",\"beforeSession\",\"beforeSuite\",\"beforeHook\",\"beforeTest\",\"afterTest\",\"afterHook\",\"afterSuite\",\"afterSession\",\"after\",\"onComplete\",\"beforeAssertion\",\"afterAssertion\",\"beforeFeature\",\"beforeScenario\",\"beforeStep\",\"afterStep\",\"afterScenario\",\"afterFeature\",\"_\",\"suite\",\"$0\",\"ignoredWorkerServices\",\"wdi5\"]"}]}
COMMAND: POST /session/948cfef606f1c327c7afa492aa33856c/execute/async - {"script":"<script> [21126 bytes]","args":[35000]}
RESULT: {"script":"<script> [21126 bytes]","args":[35000]}
]]></system-out>
    </testcase>
    <testcase classname="chrome.136_0_7103_93.windows.Manage_Requests_Tags_Tests_US120163" name="Should create a new partner" time="84.743">
      <system-out><![CDATA[
COMMAND: POST /session/948cfef606f1c327c7afa492aa33856c/execute/async - {"script":"<script> [1562 bytes]","args":[{"selector":{"controlType":"sap.m.GenericTile","properties":{"header":"Manage Partners"}},"wdio_ui5_key":"sapm.GenericTile{\"header\":\"Manage Partners\"}"}]}
RESULT: {"script":"<script> [1562 bytes]","args":[{"selector":{"controlType":"sap.m.GenericTile","properties":{"header":"Manage Partners"}},"wdio_ui5_key":"sapm.GenericTile{\"header\":\"Manage Partners\"}"}]}
RESULT: undefined
COMMAND: POST /session/948cfef606f1c327c7afa492aa33856c/element - {"using":"xpath","value":"//*[@id=\"__tile38\"]"}
RESULT: {"using":"xpath","value":"//*[@id=\"__tile38\"]"}
COMMAND: POST /session/948cfef606f1c327c7afa492aa33856c/element/f.B11FB8328C47749F850BA47268692D59.d.F403DC9924A7CC9B2C7400A745248470.e.1191/click - {}
RESULT: {}
COMMAND: GET /session/948cfef606f1c327c7afa492aa33856c/screenshot - {}
RESULT: {}
COMMAND: POST /session/948cfef606f1c327c7afa492aa33856c/elements - {"using":"xpath","value":"//span[text()='Error']"}
RESULT: {"using":"xpath","value":"//span[text()='Error']"}
COMMAND: POST /session/948cfef606f1c327c7afa492aa33856c/execute/async - {"script":"<script> [1562 bytes]","args":[{"selector":{"controlType":"sap.ui.core.Icon","viewName":"etm.portal.ui.managepartners.view.Master","viewId":"application-managepartners-display-component---masterPtm","properties":{"src":{"regex":{"source":"add"}}}},"wdio_ui5_key":"etmportal.ui.managepartners.view.Mastersap.ui.core.Icon{\"src\":{\"regex\":{\"source\":\"add\"}}}"}]}
RESULT: {"script":"<script> [1562 bytes]","args":[{"selector":{"controlType":"sap.ui.core.Icon","viewName":"etm.portal.ui.managepartners.view.Master","viewId":"application-managepartners-display-component---masterPtm","properties":{"src":{"regex":{"source":"add"}}}},"wdio_ui5_key":"etmportal.ui.managepartners.view.Mastersap.ui.core.Icon{\"src\":{\"regex\":{\"source\":\"add\"}}}"}]}
RESULT: undefined
COMMAND: POST /session/948cfef606f1c327c7afa492aa33856c/element - {"using":"xpath","value":"//*[@id=\"__button4-img\"]"}
RESULT: {"using":"xpath","value":"//*[@id=\"__button4-img\"]"}
COMMAND: POST /session/948cfef606f1c327c7afa492aa33856c/element/f.B11FB8328C47749F850BA47268692D59.d.F403DC9924A7CC9B2C7400A745248470.e.1242/click - {}
RESULT: {}
COMMAND: GET /session/948cfef606f1c327c7afa492aa33856c/screenshot - {}
RESULT: {}
COMMAND: POST /session/948cfef606f1c327c7afa492aa33856c/execute/async - {"script":"<script> [1562 bytes]","args":[{"selector":{"id":"application-managepartners-display-component---NewPartner--partnerId","interaction":{"idSuffix":"inner"}},"wdio_ui5_key":"applicationmanagepartners-display-component---NewPartner--partnerId"}]}
RESULT: {"script":"<script> [1562 bytes]","args":[{"selector":{"id":"application-managepartners-display-component---NewPartner--partnerId","interaction":{"idSuffix":"inner"}},"wdio_ui5_key":"applicationmanagepartners-display-component---NewPartner--partnerId"}]}
RESULT: undefined
COMMAND: POST /session/948cfef606f1c327c7afa492aa33856c/execute/async - {"script":"<script> [1562 bytes]","args":[{"selector":{"id":"application-managepartners-display-component---NewPartner--addressDetailDetailsName1","interaction":{"idSuffix":"inner"}},"wdio_ui5_key":"applicationmanagepartners-display-component---NewPartner--addressDetailDetailsName1"}]}
RESULT: {"script":"<script> [1562 bytes]","args":[{"selector":{"id":"application-managepartners-display-component---NewPartner--addressDetailDetailsName1","interaction":{"idSuffix":"inner"}},"wdio_ui5_key":"applicationmanagepartners-display-component---NewPartner--addressDetailDetailsName1"}]}
RESULT: undefined
COMMAND: POST /session/948cfef606f1c327c7afa492aa33856c/execute/async - {"script":"<script> [776 bytes]","args":[{"enterText":"WebdriverPartnerk1p2x","selector":{"id":"application-managepartners-display-component---NewPartner--addressDetailDetailsName1","interaction":{"idSuffix":"inner"}},"clearTextFirst":true,"interactionType":"ENTER_TEXT"}]}
RESULT: {"script":"<script> [776 bytes]","args":[{"enterText":"WebdriverPartnerk1p2x","selector":{"id":"application-managepartners-display-component---NewPartner--addressDetailDetailsName1","interaction":{"idSuffix":"inner"}},"clearTextFirst":true,"interactionType":"ENTER_TEXT"}]}
COMMAND: POST /session/948cfef606f1c327c7afa492aa33856c/execute/async - {"script":"<script> [1562 bytes]","args":[{"selector":{"id":"application-managepartners-display-component---NewPartner--addressDetailDetailsLanguage","interaction":{"idSuffix":"inner"}},"wdio_ui5_key":"applicationmanagepartners-display-component---NewPartner--addressDetailDetailsLanguage"}]}
RESULT: {"script":"<script> [1562 bytes]","args":[{"selector":{"id":"application-managepartners-display-component---NewPartner--addressDetailDetailsLanguage","interaction":{"idSuffix":"inner"}},"wdio_ui5_key":"applicationmanagepartners-display-component---NewPartner--addressDetailDetailsLanguage"}]}
RESULT: undefined
COMMAND: POST /session/948cfef606f1c327c7afa492aa33856c/execute/async - {"script":"<script> [776 bytes]","args":[{"enterText":"Romanian","selector":{"id":"application-managepartners-display-component---NewPartner--addressDetailDetailsLanguage","interaction":{"idSuffix":"inner"}},"clearTextFirst":true,"interactionType":"ENTER_TEXT"}]}
RESULT: {"script":"<script> [776 bytes]","args":[{"enterText":"Romanian","selector":{"id":"application-managepartners-display-component---NewPartner--addressDetailDetailsLanguage","interaction":{"idSuffix":"inner"}},"clearTextFirst":true,"interactionType":"ENTER_TEXT"}]}
COMMAND: POST /session/948cfef606f1c327c7afa492aa33856c/element - {"using":"xpath","value":"//input[contains(@id ,\"application-managepartners-display-component---NewPartner--addressDetailDetailsName1-inner\")]"}
RESULT: {"using":"xpath","value":"//input[contains(@id ,\"application-managepartners-display-component---NewPartner--addressDetailDetailsName1-inner\")]"}
COMMAND: GET /session/948cfef606f1c327c7afa492aa33856c/element/f.B11FB8328C47749F850BA47268692D59.d.F403DC9924A7CC9B2C7400A745248470.e.1427/property/value - {}
RESULT: {}
COMMAND: POST /session/948cfef606f1c327c7afa492aa33856c/execute/async - {"script":"<script> [1562 bytes]","args":[{"selector":{"id":"application-managepartners-display-component---NewPartner--addressDetailDetailsCity1","interaction":{"idSuffix":"inner"}},"wdio_ui5_key":"applicationmanagepartners-display-component---NewPartner--addressDetailDetailsCity1"}]}
COMMAND: GET /session/948cfef606f1c327c7afa492aa33856c/screenshot - {}
RESULT: {"script":"<script> [1562 bytes]","args":[{"selector":{"id":"application-managepartners-display-component---NewPartner--addressDetailDetailsCity1","interaction":{"idSuffix":"inner"}},"wdio_ui5_key":"applicationmanagepartners-display-component---NewPartner--addressDetailDetailsCity1"}]}
RESULT: undefined
COMMAND: POST /session/948cfef606f1c327c7afa492aa33856c/execute/async - {"script":"<script> [776 bytes]","args":[{"enterText":"Bucharest","selector":{"id":"application-managepartners-display-component---NewPartner--addressDetailDetailsCity1","interaction":{"idSuffix":"inner"}},"clearTextFirst":true,"interactionType":"ENTER_TEXT"}]}
RESULT: {}
RESULT: {"script":"<script> [776 bytes]","args":[{"enterText":"Bucharest","selector":{"id":"application-managepartners-display-component---NewPartner--addressDetailDetailsCity1","interaction":{"idSuffix":"inner"}},"clearTextFirst":true,"interactionType":"ENTER_TEXT"}]}
COMMAND: POST /session/948cfef606f1c327c7afa492aa33856c/execute/async - {"script":"<script> [1562 bytes]","args":[{"selector":{"id":"application-managepartners-display-component---NewPartner--addressDetailDetailsCountry","interaction":{"idSuffix":"inner"}},"wdio_ui5_key":"applicationmanagepartners-display-component---NewPartner--addressDetailDetailsCountry"}]}
RESULT: {"script":"<script> [1562 bytes]","args":[{"selector":{"id":"application-managepartners-display-component---NewPartner--addressDetailDetailsCountry","interaction":{"idSuffix":"inner"}},"wdio_ui5_key":"applicationmanagepartners-display-component---NewPartner--addressDetailDetailsCountry"}]}
RESULT: undefined
COMMAND: POST /session/948cfef606f1c327c7afa492aa33856c/execute/async - {"script":"<script> [6424 bytes]","args":[{"element-6066-11e4-a52e-4f735466cecf":"f.B11FB8328C47749F850BA47268692D59.d.F403DC9924A7CC9B2C7400A745248470.e.1434"},"setValue",["Romania"]]}
RESULT: {"script":"<script> [6424 bytes]","args":[{"element-6066-11e4-a52e-4f735466cecf":"f.B11FB8328C47749F850BA47268692D59.d.F403DC9924A7CC9B2C7400A745248470.e.1434"},"setValue",["Romania"]]}
COMMAND: POST /session/948cfef606f1c327c7afa492aa33856c/execute/async - {"script":"<script> [1562 bytes]","args":[{"selector":{"id":"application-managepartners-display-component---NewPartner--partnerDetailInternal","interaction":{"idSuffix":"inner"}},"wdio_ui5_key":"applicationmanagepartners-display-component---NewPartner--partnerDetailInternal"}]}
RESULT: {"script":"<script> [1562 bytes]","args":[{"selector":{"id":"application-managepartners-display-component---NewPartner--partnerDetailInternal","interaction":{"idSuffix":"inner"}},"wdio_ui5_key":"applicationmanagepartners-display-component---NewPartner--partnerDetailInternal"}]}
RESULT: undefined
COMMAND: POST /session/948cfef606f1c327c7afa492aa33856c/execute/async - {"script":"<script> [776 bytes]","args":[{"enterText":"External partner","selector":{"id":"application-managepartners-display-component---NewPartner--partnerDetailInternal","interaction":{"idSuffix":"inner"}},"clearTextFirst":true,"interactionType":"ENTER_TEXT"}]}
RESULT: {"script":"<script> [776 bytes]","args":[{"enterText":"External partner","selector":{"id":"application-managepartners-display-component---NewPartner--partnerDetailInternal","interaction":{"idSuffix":"inner"}},"clearTextFirst":true,"interactionType":"ENTER_TEXT"}]}
COMMAND: POST /session/948cfef606f1c327c7afa492aa33856c/execute/async - {"script":"<script> [1562 bytes]","args":[{"selector":{"id":"application-managepartners-display-component---NewPartner--partnerDetailsCurrency","interaction":{"idSuffix":"inner"}},"wdio_ui5_key":"applicationmanagepartners-display-component---NewPartner--partnerDetailsCurrency"}]}
RESULT: {"script":"<script> [1562 bytes]","args":[{"selector":{"id":"application-managepartners-display-component---NewPartner--partnerDetailsCurrency","interaction":{"idSuffix":"inner"}},"wdio_ui5_key":"applicationmanagepartners-display-component---NewPartner--partnerDetailsCurrency"}]}
RESULT: undefined
COMMAND: POST /session/948cfef606f1c327c7afa492aa33856c/execute/async - {"script":"<script> [776 bytes]","args":[{"enterText":"Euro","selector":{"id":"application-managepartners-display-component---NewPartner--partnerDetailsCurrency","interaction":{"idSuffix":"inner"}},"clearTextFirst":true,"interactionType":"ENTER_TEXT"}]}
RESULT: {"script":"<script> [776 bytes]","args":[{"enterText":"Euro","selector":{"id":"application-managepartners-display-component---NewPartner--partnerDetailsCurrency","interaction":{"idSuffix":"inner"}},"clearTextFirst":true,"interactionType":"ENTER_TEXT"}]}
COMMAND: POST /session/948cfef606f1c327c7afa492aa33856c/execute/async - {"script":"<script> [1562 bytes]","args":[{"selector":{"controlType":"sap.m.Button","viewName":"etm.portal.ui.managepartners.view.NewPartner","viewId":"application-managepartners-display-component---NewPartner","properties":{"text":"Commercial"},"interaction":{"idSuffix":"BDI-content"}},"wdio_ui5_key":"etmportal.ui.managepartners.view.NewPartnersap.m.Button{\"text\":\"Commercial\"}"}]}
RESULT: {"script":"<script> [1562 bytes]","args":[{"selector":{"controlType":"sap.m.Button","viewName":"etm.portal.ui.managepartners.view.NewPartner","viewId":"application-managepartners-display-component---NewPartner","properties":{"text":"Commercial"},"interaction":{"idSuffix":"BDI-content"}},"wdio_ui5_key":"etmportal.ui.managepartners.view.NewPartnersap.m.Button{\"text\":\"Commercial\"}"}]}
RESULT: undefined
COMMAND: POST /session/948cfef606f1c327c7afa492aa33856c/element - {"using":"xpath","value":"//*[@id=\"application-managepartners-display-component---NewPartner--ObjectPageLayout-anchBar-__section5-anchor\"]"}
RESULT: {"using":"xpath","value":"//*[@id=\"application-managepartners-display-component---NewPartner--ObjectPageLayout-anchBar-__section5-anchor\"]"}
COMMAND: POST /session/948cfef606f1c327c7afa492aa33856c/element/f.B11FB8328C47749F850BA47268692D59.d.F403DC9924A7CC9B2C7400A745248470.e.1674/click - {}
RESULT: {}
COMMAND: GET /session/948cfef606f1c327c7afa492aa33856c/screenshot - {}
RESULT: {}
COMMAND: POST /session/948cfef606f1c327c7afa492aa33856c/execute/async - {"script":"<script> [1562 bytes]","args":[{"selector":{"id":"application-managepartners-display-component---NewPartner--btnAddTableRow-img"},"wdio_ui5_key":"applicationmanagepartners-display-component---NewPartner--btnAddTableRow-img"}]}
RESULT: {"script":"<script> [1562 bytes]","args":[{"selector":{"id":"application-managepartners-display-component---NewPartner--btnAddTableRow-img"},"wdio_ui5_key":"applicationmanagepartners-display-component---NewPartner--btnAddTableRow-img"}]}
RESULT: undefined
COMMAND: POST /session/948cfef606f1c327c7afa492aa33856c/element - {"using":"xpath","value":"//*[@id=\"application-managepartners-display-component---NewPartner--btnAddTableRow-img\"]"}
RESULT: {"using":"xpath","value":"//*[@id=\"application-managepartners-display-component---NewPartner--btnAddTableRow-img\"]"}
COMMAND: POST /session/948cfef606f1c327c7afa492aa33856c/element/f.B11FB8328C47749F850BA47268692D59.d.F403DC9924A7CC9B2C7400A745248470.e.1682/click - {}
RESULT: {}
COMMAND: POST /session/948cfef606f1c327c7afa492aa33856c/element - {"using":"xpath","value":"//input[contains(@id ,\"application-managepartners-display-component---NewPartner--assignmentYard-application-managepartners-display-component---NewPartner\")]"}
COMMAND: GET /session/948cfef606f1c327c7afa492aa33856c/screenshot - {}
RESULT: {"using":"xpath","value":"//input[contains(@id ,\"application-managepartners-display-component---NewPartner--assignmentYard-application-managepartners-display-component---NewPartner\")]"}
COMMAND: POST /session/948cfef606f1c327c7afa492aa33856c/element/f.B11FB8328C47749F850BA47268692D59.d.F403DC9924A7CC9B2C7400A745248470.e.1685/clear - {}
RESULT: {}
RESULT: {}
COMMAND: POST /session/948cfef606f1c327c7afa492aa33856c/element/f.B11FB8328C47749F850BA47268692D59.d.F403DC9924A7CC9B2C7400A745248470.e.1685/value - {"text":"WebdriverYardmmv3l"}
COMMAND: GET /session/948cfef606f1c327c7afa492aa33856c/screenshot - {}
RESULT: {"text":"WebdriverYardmmv3l"}
COMMAND: GET /session/948cfef606f1c327c7afa492aa33856c/screenshot - {}
RESULT: {}
RESULT: {}
COMMAND: POST /session/948cfef606f1c327c7afa492aa33856c/execute/async - {"script":"<script> [1562 bytes]","args":[{"selector":{"controlType":"sap.m.Button","viewName":"etm.portal.ui.managepartners.view.NewPartner","viewId":"application-managepartners-display-component---NewPartner","i18NText":{"propertyName":"text","key":"save"},"interaction":{"idSuffix":"BDI-content"}},"wdio_ui5_key":"etmportal.ui.managepartners.view.NewPartnersap.m.Button{\"propertyName\":\"text\",\"key\":\"save\"}"}]}
RESULT: {"script":"<script> [1562 bytes]","args":[{"selector":{"controlType":"sap.m.Button","viewName":"etm.portal.ui.managepartners.view.NewPartner","viewId":"application-managepartners-display-component---NewPartner","i18NText":{"propertyName":"text","key":"save"},"interaction":{"idSuffix":"BDI-content"}},"wdio_ui5_key":"etmportal.ui.managepartners.view.NewPartnersap.m.Button{\"propertyName\":\"text\",\"key\":\"save\"}"}]}
RESULT: undefined
COMMAND: POST /session/948cfef606f1c327c7afa492aa33856c/element - {"using":"xpath","value":"//*[@id=\"__button12\"]"}
RESULT: {"using":"xpath","value":"//*[@id=\"__button12\"]"}
COMMAND: POST /session/948cfef606f1c327c7afa492aa33856c/element/f.B11FB8328C47749F850BA47268692D59.d.F403DC9924A7CC9B2C7400A745248470.e.1586/click - {}
RESULT: {}
COMMAND: GET /session/948cfef606f1c327c7afa492aa33856c/screenshot - {}
RESULT: {}
COMMAND: POST /session/948cfef606f1c327c7afa492aa33856c/element - {"using":"xpath","value":"//header/div/div[2]/div[2]/span"}
RESULT: {"using":"xpath","value":"//header/div/div[2]/div[2]/span"}
COMMAND: GET /session/948cfef606f1c327c7afa492aa33856c/element/f.B11FB8328C47749F850BA47268692D59.d.F403DC9924A7CC9B2C7400A745248470.e.1854/text - {}
RESULT: {}
COMMAND: POST /session/948cfef606f1c327c7afa492aa33856c/element - {"using":"xpath","value":"//header/div/div/div/div/div/div[2]/div/span"}
RESULT: {"using":"xpath","value":"//header/div/div/div/div/div/div[2]/div/span"}
COMMAND: GET /session/948cfef606f1c327c7afa492aa33856c/element/f.B11FB8328C47749F850BA47268692D59.d.F403DC9924A7CC9B2C7400A745248470.e.1855/text - {}
RESULT: {}
COMMAND: POST /session/948cfef606f1c327c7afa492aa33856c/execute/async - {"script":"<script> [1562 bytes]","args":[{"selector":{"id":"application-managepartners-display-component---detailPtm--partnerType"},"wdio_ui5_key":"applicationmanagepartners-display-component---detailPtm--partnerType"}]}
RESULT: {"script":"<script> [1562 bytes]","args":[{"selector":{"id":"application-managepartners-display-component---detailPtm--partnerType"},"wdio_ui5_key":"applicationmanagepartners-display-component---detailPtm--partnerType"}]}
RESULT: undefined
COMMAND: POST /session/948cfef606f1c327c7afa492aa33856c/execute/async - {"script":"<script> [6424 bytes]","args":[{"element-6066-11e4-a52e-4f735466cecf":"f.B11FB8328C47749F850BA47268692D59.d.F403DC9924A7CC9B2C7400A745248470.e.1856"},"getText",[]]}
RESULT: {"script":"<script> [6424 bytes]","args":[{"element-6066-11e4-a52e-4f735466cecf":"f.B11FB8328C47749F850BA47268692D59.d.F403DC9924A7CC9B2C7400A745248470.e.1856"},"getText",[]]}
COMMAND: POST /session/948cfef606f1c327c7afa492aa33856c/element - {"using":"css selector","value":"#shell-header-logo"}
RESULT: {"using":"css selector","value":"#shell-header-logo"}
COMMAND: POST /session/948cfef606f1c327c7afa492aa33856c/element/f.B11FB8328C47749F850BA47268692D59.d.F403DC9924A7CC9B2C7400A745248470.e.1194/click - {}
RESULT: {}
COMMAND: GET /session/948cfef606f1c327c7afa492aa33856c/screenshot - {}
RESULT: {}
]]></system-out>
    </testcase>
    <testcase classname="chrome.136_0_7103_93.windows.Manage_Requests_Tags_Tests_US120163" name="Should create a new site" time="94.89">
      <system-out><![CDATA[
COMMAND: POST /session/948cfef606f1c327c7afa492aa33856c/execute/async - {"script":"<script> [1562 bytes]","args":[{"selector":{"controlType":"sap.m.GenericTile","properties":{"header":"Manage Sites"}},"wdio_ui5_key":"sapm.GenericTile{\"header\":\"Manage Sites\"}"}]}
RESULT: {"script":"<script> [1562 bytes]","args":[{"selector":{"controlType":"sap.m.GenericTile","properties":{"header":"Manage Sites"}},"wdio_ui5_key":"sapm.GenericTile{\"header\":\"Manage Sites\"}"}]}
RESULT: undefined
COMMAND: POST /session/948cfef606f1c327c7afa492aa33856c/element - {"using":"xpath","value":"//*[@id=\"__tile40\"]"}
RESULT: {"using":"xpath","value":"//*[@id=\"__tile40\"]"}
COMMAND: POST /session/948cfef606f1c327c7afa492aa33856c/element/f.B11FB8328C47749F850BA47268692D59.d.F403DC9924A7CC9B2C7400A745248470.e.1858/click - {}
RESULT: {}
COMMAND: GET /session/948cfef606f1c327c7afa492aa33856c/screenshot - {}
RESULT: {}
COMMAND: POST /session/948cfef606f1c327c7afa492aa33856c/elements - {"using":"xpath","value":"//span[text()='Error']"}
RESULT: {"using":"xpath","value":"//span[text()='Error']"}
COMMAND: POST /session/948cfef606f1c327c7afa492aa33856c/execute/async - {"script":"<script> [1562 bytes]","args":[{"selector":{"controlType":"sap.ui.core.Icon","viewName":"etm.portal.ui.managesites.view.Master","viewId":"application-managesites-display-component---masterSite","properties":{"src":{"regex":{"source":"add"}}}},"wdio_ui5_key":"etmportal.ui.managesites.view.Mastersap.ui.core.Icon{\"src\":{\"regex\":{\"source\":\"add\"}}}"}]}
RESULT: {"script":"<script> [1562 bytes]","args":[{"selector":{"controlType":"sap.ui.core.Icon","viewName":"etm.portal.ui.managesites.view.Master","viewId":"application-managesites-display-component---masterSite","properties":{"src":{"regex":{"source":"add"}}}},"wdio_ui5_key":"etmportal.ui.managesites.view.Mastersap.ui.core.Icon{\"src\":{\"regex\":{\"source\":\"add\"}}}"}]}
RESULT: undefined
COMMAND: POST /session/948cfef606f1c327c7afa492aa33856c/element - {"using":"xpath","value":"//*[@id=\"__button48-img\"]"}
RESULT: {"using":"xpath","value":"//*[@id=\"__button48-img\"]"}
COMMAND: POST /session/948cfef606f1c327c7afa492aa33856c/element/f.B11FB8328C47749F850BA47268692D59.d.F403DC9924A7CC9B2C7400A745248470.e.1907/click - {}
RESULT: {}
COMMAND: POST /session/948cfef606f1c327c7afa492aa33856c/execute/async - {"script":"<script> [1562 bytes]","args":[{"selector":{"id":"application-managesites-display-component---NewSite--siteId","interaction":{"idSuffix":"inner"}},"wdio_ui5_key":"applicationmanagesites-display-component---NewSite--siteId"}]}
COMMAND: GET /session/948cfef606f1c327c7afa492aa33856c/screenshot - {}
RESULT: {"script":"<script> [1562 bytes]","args":[{"selector":{"id":"application-managesites-display-component---NewSite--siteId","interaction":{"idSuffix":"inner"}},"wdio_ui5_key":"applicationmanagesites-display-component---NewSite--siteId"}]}
RESULT: undefined
COMMAND: POST /session/948cfef606f1c327c7afa492aa33856c/execute/async - {"script":"<script> [1562 bytes]","args":[{"selector":{"id":"application-managesites-display-component---NewSite--addressDetailDetailsName1","interaction":{"idSuffix":"inner"}},"wdio_ui5_key":"applicationmanagesites-display-component---NewSite--addressDetailDetailsName1"}]}
RESULT: {}
RESULT: {"script":"<script> [1562 bytes]","args":[{"selector":{"id":"application-managesites-display-component---NewSite--addressDetailDetailsName1","interaction":{"idSuffix":"inner"}},"wdio_ui5_key":"applicationmanagesites-display-component---NewSite--addressDetailDetailsName1"}]}
RESULT: undefined
COMMAND: POST /session/948cfef606f1c327c7afa492aa33856c/execute/async - {"script":"<script> [776 bytes]","args":[{"enterText":"WebdriverSite6o4be","selector":{"id":"application-managesites-display-component---NewSite--addressDetailDetailsName1","interaction":{"idSuffix":"inner"}},"clearTextFirst":true,"interactionType":"ENTER_TEXT"}]}
RESULT: {"script":"<script> [776 bytes]","args":[{"enterText":"WebdriverSite6o4be","selector":{"id":"application-managesites-display-component---NewSite--addressDetailDetailsName1","interaction":{"idSuffix":"inner"}},"clearTextFirst":true,"interactionType":"ENTER_TEXT"}]}
COMMAND: POST /session/948cfef606f1c327c7afa492aa33856c/execute/async - {"script":"<script> [1562 bytes]","args":[{"selector":{"id":"application-managesites-display-component---NewSite--addressDetailDetailsLanguage","interaction":{"idSuffix":"inner"}},"wdio_ui5_key":"applicationmanagesites-display-component---NewSite--addressDetailDetailsLanguage"}]}
RESULT: {"script":"<script> [1562 bytes]","args":[{"selector":{"id":"application-managesites-display-component---NewSite--addressDetailDetailsLanguage","interaction":{"idSuffix":"inner"}},"wdio_ui5_key":"applicationmanagesites-display-component---NewSite--addressDetailDetailsLanguage"}]}
RESULT: undefined
COMMAND: POST /session/948cfef606f1c327c7afa492aa33856c/execute/async - {"script":"<script> [776 bytes]","args":[{"enterText":"Romanian","selector":{"id":"application-managesites-display-component---NewSite--addressDetailDetailsLanguage","interaction":{"idSuffix":"inner"}},"clearTextFirst":true,"interactionType":"ENTER_TEXT"}]}
RESULT: {"script":"<script> [776 bytes]","args":[{"enterText":"Romanian","selector":{"id":"application-managesites-display-component---NewSite--addressDetailDetailsLanguage","interaction":{"idSuffix":"inner"}},"clearTextFirst":true,"interactionType":"ENTER_TEXT"}]}
COMMAND: POST /session/948cfef606f1c327c7afa492aa33856c/execute/async - {"script":"<script> [1562 bytes]","args":[{"selector":{"id":"application-managesites-display-component---NewSite--addressDetailDetailsCity1","interaction":{"idSuffix":"inner"}},"wdio_ui5_key":"applicationmanagesites-display-component---NewSite--addressDetailDetailsCity1"}]}
RESULT: {"script":"<script> [1562 bytes]","args":[{"selector":{"id":"application-managesites-display-component---NewSite--addressDetailDetailsCity1","interaction":{"idSuffix":"inner"}},"wdio_ui5_key":"applicationmanagesites-display-component---NewSite--addressDetailDetailsCity1"}]}
RESULT: undefined
COMMAND: POST /session/948cfef606f1c327c7afa492aa33856c/execute/async - {"script":"<script> [776 bytes]","args":[{"enterText":"Bucharest","selector":{"id":"application-managesites-display-component---NewSite--addressDetailDetailsCity1","interaction":{"idSuffix":"inner"}},"clearTextFirst":true,"interactionType":"ENTER_TEXT"}]}
RESULT: {"script":"<script> [776 bytes]","args":[{"enterText":"Bucharest","selector":{"id":"application-managesites-display-component---NewSite--addressDetailDetailsCity1","interaction":{"idSuffix":"inner"}},"clearTextFirst":true,"interactionType":"ENTER_TEXT"}]}
COMMAND: POST /session/948cfef606f1c327c7afa492aa33856c/execute/async - {"script":"<script> [1562 bytes]","args":[{"selector":{"id":"application-managesites-display-component---NewSite--addressDetailDetailsCountry","interaction":{"idSuffix":"inner"}},"wdio_ui5_key":"applicationmanagesites-display-component---NewSite--addressDetailDetailsCountry"}]}
RESULT: {"script":"<script> [1562 bytes]","args":[{"selector":{"id":"application-managesites-display-component---NewSite--addressDetailDetailsCountry","interaction":{"idSuffix":"inner"}},"wdio_ui5_key":"applicationmanagesites-display-component---NewSite--addressDetailDetailsCountry"}]}
RESULT: undefined
COMMAND: POST /session/948cfef606f1c327c7afa492aa33856c/execute/async - {"script":"<script> [776 bytes]","args":[{"enterText":"Romania","selector":{"id":"application-managesites-display-component---NewSite--addressDetailDetailsCountry","interaction":{"idSuffix":"inner"}},"clearTextFirst":true,"interactionType":"ENTER_TEXT"}]}
RESULT: {"script":"<script> [776 bytes]","args":[{"enterText":"Romania","selector":{"id":"application-managesites-display-component---NewSite--addressDetailDetailsCountry","interaction":{"idSuffix":"inner"}},"clearTextFirst":true,"interactionType":"ENTER_TEXT"}]}
COMMAND: POST /session/948cfef606f1c327c7afa492aa33856c/element - {"using":"css selector","value":"#application-managesites-display-component---NewSite--addressDetailDetailsCalendar-inner"}
RESULT: {"using":"css selector","value":"#application-managesites-display-component---NewSite--addressDetailDetailsCalendar-inner"}
COMMAND: POST /session/948cfef606f1c327c7afa492aa33856c/element/f.B11FB8328C47749F850BA47268692D59.d.F403DC9924A7CC9B2C7400A745248470.e.2296/clear - {}
RESULT: {}
COMMAND: POST /session/948cfef606f1c327c7afa492aa33856c/element/f.B11FB8328C47749F850BA47268692D59.d.F403DC9924A7CC9B2C7400A745248470.e.2296/value - {"text":"Germany"}
COMMAND: GET /session/948cfef606f1c327c7afa492aa33856c/screenshot - {}
RESULT: {"text":"Germany"}
COMMAND: POST /session/948cfef606f1c327c7afa492aa33856c/execute/async - {"script":"<script> [1562 bytes]","args":[{"selector":{"id":"application-managesites-display-component---NewSite--addressEditDetailsCostObjectCstType-arrow"},"wdio_ui5_key":"applicationmanagesites-display-component---NewSite--addressEditDetailsCostObjectCstType-arrow"}]}
COMMAND: GET /session/948cfef606f1c327c7afa492aa33856c/screenshot - {}
RESULT: {}
RESULT: {"script":"<script> [1562 bytes]","args":[{"selector":{"id":"application-managesites-display-component---NewSite--addressEditDetailsCostObjectCstType-arrow"},"wdio_ui5_key":"applicationmanagesites-display-component---NewSite--addressEditDetailsCostObjectCstType-arrow"}]}
RESULT: undefined
COMMAND: POST /session/948cfef606f1c327c7afa492aa33856c/element - {"using":"xpath","value":"//*[@id=\"application-managesites-display-component---NewSite--addressEditDetailsCostObjectCstType-arrow\"]"}
RESULT: {}
RESULT: {"using":"xpath","value":"//*[@id=\"application-managesites-display-component---NewSite--addressEditDetailsCostObjectCstType-arrow\"]"}
COMMAND: POST /session/948cfef606f1c327c7afa492aa33856c/element/f.B11FB8328C47749F850BA47268692D59.d.F403DC9924A7CC9B2C7400A745248470.e.2495/click - {}
RESULT: {}
COMMAND: POST /session/948cfef606f1c327c7afa492aa33856c/element - {"using":"xpath","value":"//span[contains(text(), \"Work Breakdown Structure\")]"}
COMMAND: GET /session/948cfef606f1c327c7afa492aa33856c/screenshot - {}
RESULT: {"using":"xpath","value":"//span[contains(text(), \"Work Breakdown Structure\")]"}
COMMAND: POST /session/948cfef606f1c327c7afa492aa33856c/element/f.B11FB8328C47749F850BA47268692D59.d.F403DC9924A7CC9B2C7400A745248470.e.2496/click - {}
RESULT: {}
RESULT: {}
COMMAND: GET /session/948cfef606f1c327c7afa492aa33856c/screenshot - {}
RESULT: {}
COMMAND: POST /session/948cfef606f1c327c7afa492aa33856c/execute/async - {"script":"<script> [1562 bytes]","args":[{"selector":{"id":"application-managesites-display-component---NewSite--addressNewCostObjectCstID-vhi"},"wdio_ui5_key":"applicationmanagesites-display-component---NewSite--addressNewCostObjectCstID-vhi"}]}
RESULT: {"script":"<script> [1562 bytes]","args":[{"selector":{"id":"application-managesites-display-component---NewSite--addressNewCostObjectCstID-vhi"},"wdio_ui5_key":"applicationmanagesites-display-component---NewSite--addressNewCostObjectCstID-vhi"}]}
RESULT: undefined
COMMAND: POST /session/948cfef606f1c327c7afa492aa33856c/element - {"using":"xpath","value":"//*[@id=\"application-managesites-display-component---NewSite--addressNewCostObjectCstID-vhi\"]"}
RESULT: {"using":"xpath","value":"//*[@id=\"application-managesites-display-component---NewSite--addressNewCostObjectCstID-vhi\"]"}
COMMAND: POST /session/948cfef606f1c327c7afa492aa33856c/element/f.B11FB8328C47749F850BA47268692D59.d.F403DC9924A7CC9B2C7400A745248470.e.2500/click - {}
RESULT: {}
COMMAND: GET /session/948cfef606f1c327c7afa492aa33856c/screenshot - {}
RESULT: {}
COMMAND: POST /session/948cfef606f1c327c7afa492aa33856c/execute/async - {"script":"<script> [1562 bytes]","args":[{"selector":{"controlType":"sap.m.SearchField","properties":{"placeholder":"Search"},"searchOpenDialogs":true,"interaction":{"idSuffix":"I"}},"wdio_ui5_key":"sapm.SearchField{\"placeholder\":\"Search\"}"}]}
RESULT: {"script":"<script> [1562 bytes]","args":[{"selector":{"controlType":"sap.m.SearchField","properties":{"placeholder":"Search"},"searchOpenDialogs":true,"interaction":{"idSuffix":"I"}},"wdio_ui5_key":"sapm.SearchField{\"placeholder\":\"Search\"}"}]}
RESULT: undefined
COMMAND: POST /session/948cfef606f1c327c7afa492aa33856c/execute/async - {"script":"<script> [776 bytes]","args":[{"enterText":"A1-000100-01","selector":{"controlType":"sap.m.SearchField","properties":{"placeholder":"Search"},"searchOpenDialogs":true,"interaction":{"idSuffix":"I"}},"clearTextFirst":true,"interactionType":"ENTER_TEXT"}]}
RESULT: {"script":"<script> [776 bytes]","args":[{"enterText":"A1-000100-01","selector":{"controlType":"sap.m.SearchField","properties":{"placeholder":"Search"},"searchOpenDialogs":true,"interaction":{"idSuffix":"I"}},"clearTextFirst":true,"interactionType":"ENTER_TEXT"}]}
COMMAND: POST /session/948cfef606f1c327c7afa492aa33856c/actions - {"actions":[{"id":"action3","type":"key","parameters":{},"actions":[{"type":"keyDown","value":""},{"type":"pause","duration":10},{"type":"keyUp","value":""}]}]}
RESULT: {"actions":[{"id":"action3","type":"key","parameters":{},"actions":[{"type":"keyDown","value":""},{"type":"pause","duration":10},{"type":"keyUp","value":""}]}]}
COMMAND: GET /session/948cfef606f1c327c7afa492aa33856c/screenshot - {}
RESULT: {}
COMMAND: POST /session/948cfef606f1c327c7afa492aa33856c/element - {"using":"xpath","value":"//span[contains(text(), \"Template for ETO-Process\")]"}
RESULT: {"using":"xpath","value":"//span[contains(text(), \"Template for ETO-Process\")]"}
COMMAND: POST /session/948cfef606f1c327c7afa492aa33856c/element/f.B11FB8328C47749F850BA47268692D59.d.F403DC9924A7CC9B2C7400A745248470.e.2521/click - {}
RESULT: {}
COMMAND: GET /session/948cfef606f1c327c7afa492aa33856c/screenshot - {}
RESULT: {}
COMMAND: POST /session/948cfef606f1c327c7afa492aa33856c/element - {"using":"xpath","value":"//bdi[contains(text(), \"OK\")]"}
RESULT: {"using":"xpath","value":"//bdi[contains(text(), \"OK\")]"}
COMMAND: POST /session/948cfef606f1c327c7afa492aa33856c/element/f.B11FB8328C47749F850BA47268692D59.d.F403DC9924A7CC9B2C7400A745248470.e.2522/click - {}
RESULT: {}
COMMAND: GET /session/948cfef606f1c327c7afa492aa33856c/screenshot - {}
RESULT: {}
COMMAND: POST /session/948cfef606f1c327c7afa492aa33856c/element - {"using":"xpath","value":"//input[@id=\"application-managesites-display-component---NewSite--addressDetailDetailsYard-inner\"]"}
RESULT: {"using":"xpath","value":"//input[@id=\"application-managesites-display-component---NewSite--addressDetailDetailsYard-inner\"]"}
COMMAND: POST /session/948cfef606f1c327c7afa492aa33856c/element/f.B11FB8328C47749F850BA47268692D59.d.F403DC9924A7CC9B2C7400A745248470.e.2297/value - {"text":"WebdriverYardmmv3l"}
RESULT: {"text":"WebdriverYardmmv3l"}
COMMAND: GET /session/948cfef606f1c327c7afa492aa33856c/screenshot - {}
RESULT: {}
COMMAND: POST /session/948cfef606f1c327c7afa492aa33856c/actions - {"actions":[{"id":"action4","type":"key","parameters":{},"actions":[{"type":"keyDown","value":""},{"type":"pause","duration":10},{"type":"keyUp","value":""}]}]}
RESULT: {"actions":[{"id":"action4","type":"key","parameters":{},"actions":[{"type":"keyDown","value":""},{"type":"pause","duration":10},{"type":"keyUp","value":""}]}]}
COMMAND: GET /session/948cfef606f1c327c7afa492aa33856c/screenshot - {}
RESULT: {}
COMMAND: POST /session/948cfef606f1c327c7afa492aa33856c/element - {"using":"xpath","value":"//input[@id=\"application-managesites-display-component---NewSite--addressDetailDetailsPartner-inner\"]"}
RESULT: {"using":"xpath","value":"//input[@id=\"application-managesites-display-component---NewSite--addressDetailDetailsPartner-inner\"]"}
COMMAND: POST /session/948cfef606f1c327c7afa492aa33856c/elements - {"using":"xpath","value":"//input[@id=\"application-managesites-display-component---NewSite--addressDetailDetailsPartner-inner\"]"}
RESULT: {"using":"xpath","value":"//input[@id=\"application-managesites-display-component---NewSite--addressDetailDetailsPartner-inner\"]"}
COMMAND: POST /session/948cfef606f1c327c7afa492aa33856c/execute/async - {"script":"<script> [1562 bytes]","args":[{"selector":{"controlType":"sap.m.Button","viewName":"etm.portal.ui.managesites.view.NewSmartSite","viewId":"application-managesites-display-component---NewSite","properties":{"text":"Commercial"},"interaction":{"idSuffix":"BDI-content"}},"wdio_ui5_key":"etmportal.ui.managesites.view.NewSmartSitesap.m.Button{\"text\":\"Commercial\"}"}]}
RESULT: {"script":"<script> [1562 bytes]","args":[{"selector":{"controlType":"sap.m.Button","viewName":"etm.portal.ui.managesites.view.NewSmartSite","viewId":"application-managesites-display-component---NewSite","properties":{"text":"Commercial"},"interaction":{"idSuffix":"BDI-content"}},"wdio_ui5_key":"etmportal.ui.managesites.view.NewSmartSitesap.m.Button{\"text\":\"Commercial\"}"}]}
RESULT: undefined
COMMAND: POST /session/948cfef606f1c327c7afa492aa33856c/element - {"using":"xpath","value":"//*[@id=\"application-managesites-display-component---NewSite--ObjectPageLayout-anchBar-__section29-anchor\"]"}
RESULT: {"using":"xpath","value":"//*[@id=\"application-managesites-display-component---NewSite--ObjectPageLayout-anchBar-__section29-anchor\"]"}
COMMAND: POST /session/948cfef606f1c327c7afa492aa33856c/element/f.B11FB8328C47749F850BA47268692D59.d.F403DC9924A7CC9B2C7400A745248470.e.2529/click - {}
RESULT: {}
COMMAND: POST /session/948cfef606f1c327c7afa492aa33856c/execute/async - {"script":"<script> [1562 bytes]","args":[{"selector":{"controlType":"sap.m.Button","viewName":"etm.portal.ui.managesites.view.NewSmartSite","viewId":"application-managesites-display-component---NewSite","i18NText":{"propertyName":"text","key":"save"},"interaction":{"idSuffix":"BDI-content"}},"wdio_ui5_key":"etmportal.ui.managesites.view.NewSmartSitesap.m.Button{\"propertyName\":\"text\",\"key\":\"save\"}"}]}
COMMAND: GET /session/948cfef606f1c327c7afa492aa33856c/screenshot - {}
RESULT: {"script":"<script> [1562 bytes]","args":[{"selector":{"controlType":"sap.m.Button","viewName":"etm.portal.ui.managesites.view.NewSmartSite","viewId":"application-managesites-display-component---NewSite","i18NText":{"propertyName":"text","key":"save"},"interaction":{"idSuffix":"BDI-content"}},"wdio_ui5_key":"etmportal.ui.managesites.view.NewSmartSitesap.m.Button{\"propertyName\":\"text\",\"key\":\"save\"}"}]}
RESULT: undefined
COMMAND: POST /session/948cfef606f1c327c7afa492aa33856c/element - {"using":"xpath","value":"//*[@id=\"__button60\"]"}
RESULT: {}
RESULT: {"using":"xpath","value":"//*[@id=\"__button60\"]"}
COMMAND: POST /session/948cfef606f1c327c7afa492aa33856c/element/f.B11FB8328C47749F850BA47268692D59.d.F403DC9924A7CC9B2C7400A745248470.e.2433/click - {}
RESULT: {}
COMMAND: GET /session/948cfef606f1c327c7afa492aa33856c/screenshot - {}
RESULT: {}
COMMAND: POST /session/948cfef606f1c327c7afa492aa33856c/execute/async - {"script":"<script> [1562 bytes]","args":[{"selector":{"id":"application-managesites-display-component---detailSite--addressDetailDetailsYardText"},"wdio_ui5_key":"applicationmanagesites-display-component---detailSite--addressDetailDetailsYardText"}]}
RESULT: {"script":"<script> [1562 bytes]","args":[{"selector":{"id":"application-managesites-display-component---detailSite--addressDetailDetailsYardText"},"wdio_ui5_key":"applicationmanagesites-display-component---detailSite--addressDetailDetailsYardText"}]}
RESULT: undefined
COMMAND: POST /session/948cfef606f1c327c7afa492aa33856c/element - {"using":"xpath","value":"//header/div/div[2]/div[2]/span"}
RESULT: {"using":"xpath","value":"//header/div/div[2]/div[2]/span"}
COMMAND: GET /session/948cfef606f1c327c7afa492aa33856c/element/f.B11FB8328C47749F850BA47268692D59.d.F403DC9924A7CC9B2C7400A745248470.e.2737/text - {}
RESULT: {}
COMMAND: POST /session/948cfef606f1c327c7afa492aa33856c/element - {"using":"xpath","value":"//header/div/div/div/div/div/div[2]/div/span"}
RESULT: {"using":"xpath","value":"//header/div/div/div/div/div/div[2]/div/span"}
COMMAND: GET /session/948cfef606f1c327c7afa492aa33856c/element/f.B11FB8328C47749F850BA47268692D59.d.F403DC9924A7CC9B2C7400A745248470.e.2738/text - {}
RESULT: {}
COMMAND: POST /session/948cfef606f1c327c7afa492aa33856c/element - {"using":"css selector","value":"#shell-header-logo"}
RESULT: {"using":"css selector","value":"#shell-header-logo"}
COMMAND: POST /session/948cfef606f1c327c7afa492aa33856c/element/f.B11FB8328C47749F850BA47268692D59.d.F403DC9924A7CC9B2C7400A745248470.e.1861/click - {}
RESULT: {}
COMMAND: GET /session/948cfef606f1c327c7afa492aa33856c/screenshot - {}
RESULT: {}
]]></system-out>
    </testcase>
    <testcase classname="chrome.136_0_7103_93.windows.Manage_Requests_Tags_Tests_US120163" name="Should Create New Request Tags" time="215.775">
      <system-out><![CDATA[
COMMAND: POST /session/948cfef606f1c327c7afa492aa33856c/execute/async - {"script":"<script> [1562 bytes]","args":[{"selector":{"controlType":"sap.m.GenericTile","properties":{"header":"Manage Requests"}},"wdio_ui5_key":"sapm.GenericTile{\"header\":\"Manage Requests\"}"}]}
RESULT: {"script":"<script> [1562 bytes]","args":[{"selector":{"controlType":"sap.m.GenericTile","properties":{"header":"Manage Requests"}},"wdio_ui5_key":"sapm.GenericTile{\"header\":\"Manage Requests\"}"}]}
RESULT: undefined
COMMAND: POST /session/948cfef606f1c327c7afa492aa33856c/element - {"using":"xpath","value":"//*[@id=\"__tile47\"]"}
RESULT: {"using":"xpath","value":"//*[@id=\"__tile47\"]"}
COMMAND: POST /session/948cfef606f1c327c7afa492aa33856c/element/f.B11FB8328C47749F850BA47268692D59.d.F403DC9924A7CC9B2C7400A745248470.e.2740/click - {}
RESULT: {}
COMMAND: GET /session/948cfef606f1c327c7afa492aa33856c/screenshot - {}
RESULT: {}
COMMAND: POST /session/948cfef606f1c327c7afa492aa33856c/elements - {"using":"xpath","value":"//span[text()='Error']"}
RESULT: {"using":"xpath","value":"//span[text()='Error']"}
COMMAND: POST /session/948cfef606f1c327c7afa492aa33856c/element - {"using":"xpath","value":"//button[contains(@data-kt ,\"btnCreateNewOverflowToolbarButton\")]"}
COMMAND: POST /session/948cfef606f1c327c7afa492aa33856c/element - {"using":"xpath","value":"(//span[contains(@class ,\"sapMObjStatusText\")])[1]"}
RESULT: {"using":"xpath","value":"(//span[contains(@class ,\"sapMObjStatusText\")])[1]"}
COMMAND: POST /session/948cfef606f1c327c7afa492aa33856c/execute/sync - {"script":"<script> [8489 bytes]","args":[{"element-6066-11e4-a52e-4f735466cecf":"f.B11FB8328C47749F850BA47268692D59.d.F403DC9924A7CC9B2C7400A745248470.e.2840","ELEMENT":"f.B11FB8328C47749F850BA47268692D59.d.F403DC9924A7CC9B2C7400A745248470.e.2840"}]}
RESULT: {"using":"xpath","value":"//button[contains(@data-kt ,\"btnCreateNewOverflowToolbarButton\")]"}
COMMAND: POST /session/948cfef606f1c327c7afa492aa33856c/element/f.B11FB8328C47749F850BA47268692D59.d.F403DC9924A7CC9B2C7400A745248470.e.2796/click - {}
RESULT: {"script":"<script> [8489 bytes]","args":[{"element-6066-11e4-a52e-4f735466cecf":"f.B11FB8328C47749F850BA47268692D59.d.F403DC9924A7CC9B2C7400A745248470.e.2840","ELEMENT":"f.B11FB8328C47749F850BA47268692D59.d.F403DC9924A7CC9B2C7400A745248470.e.2840"}]}
COMMAND: GET /session/948cfef606f1c327c7afa492aa33856c/screenshot - {}
RESULT: {}
COMMAND: GET /session/948cfef606f1c327c7afa492aa33856c/screenshot - {}
RESULT: {}
RESULT: {}
COMMAND: POST /session/948cfef606f1c327c7afa492aa33856c/element - {"using":"xpath","value":"//input[contains(@id ,\"yardId-inner\")]"}
RESULT: {"using":"xpath","value":"//input[contains(@id ,\"yardId-inner\")]"}
COMMAND: POST /session/948cfef606f1c327c7afa492aa33856c/execute/sync - {"script":"<script> [8489 bytes]","args":[{"element-6066-11e4-a52e-4f735466cecf":"f.B11FB8328C47749F850BA47268692D59.d.F403DC9924A7CC9B2C7400A745248470.e.2924","ELEMENT":"f.B11FB8328C47749F850BA47268692D59.d.F403DC9924A7CC9B2C7400A745248470.e.2924"}]}
RESULT: {"script":"<script> [8489 bytes]","args":[{"element-6066-11e4-a52e-4f735466cecf":"f.B11FB8328C47749F850BA47268692D59.d.F403DC9924A7CC9B2C7400A745248470.e.2924","ELEMENT":"f.B11FB8328C47749F850BA47268692D59.d.F403DC9924A7CC9B2C7400A745248470.e.2924"}]}
COMMAND: POST /session/948cfef606f1c327c7afa492aa33856c/element - {"using":"xpath","value":"//input[contains(@id ,\"yardId-inner\")]"}
COMMAND: GET /session/948cfef606f1c327c7afa492aa33856c/screenshot - {}
RESULT: {}
RESULT: {"using":"xpath","value":"//input[contains(@id ,\"yardId-inner\")]"}
COMMAND: GET /session/948cfef606f1c327c7afa492aa33856c/element/f.B11FB8328C47749F850BA47268692D59.d.F403DC9924A7CC9B2C7400A745248470.e.2924/enabled - {}
RESULT: {}
COMMAND: POST /session/948cfef606f1c327c7afa492aa33856c/element/f.B11FB8328C47749F850BA47268692D59.d.F403DC9924A7CC9B2C7400A745248470.e.2924/clear - {}
COMMAND: GET /session/948cfef606f1c327c7afa492aa33856c/screenshot - {}
RESULT: {}
COMMAND: POST /session/948cfef606f1c327c7afa492aa33856c/element/f.B11FB8328C47749F850BA47268692D59.d.F403DC9924A7CC9B2C7400A745248470.e.2924/value - {"text":"WebdriverYardmmv3l"}
COMMAND: GET /session/948cfef606f1c327c7afa492aa33856c/screenshot - {}
RESULT: {}
RESULT: {"text":"WebdriverYardmmv3l"}
COMMAND: GET /session/948cfef606f1c327c7afa492aa33856c/screenshot - {}
RESULT: {}
RESULT: {}
COMMAND: POST /session/948cfef606f1c327c7afa492aa33856c/element - {"using":"xpath","value":"//input[contains(@id ,\"customerNumber-inner\")]"}
RESULT: {"using":"xpath","value":"//input[contains(@id ,\"customerNumber-inner\")]"}
COMMAND: POST /session/948cfef606f1c327c7afa492aa33856c/element/f.B11FB8328C47749F850BA47268692D59.d.F403DC9924A7CC9B2C7400A745248470.e.2920/value - {"text":"WebdriverPartnerk1p2x"}
COMMAND: POST /session/948cfef606f1c327c7afa492aa33856c/actions - {"actions":[{"id":"action5","type":"key","parameters":{},"actions":[{"type":"keyDown","value":""},{"type":"pause","duration":10},{"type":"keyUp","value":""}]}]}
RESULT: {"actions":[{"id":"action5","type":"key","parameters":{},"actions":[{"type":"keyDown","value":""},{"type":"pause","duration":10},{"type":"keyUp","value":""}]}]}
COMMAND: GET /session/948cfef606f1c327c7afa492aa33856c/screenshot - {}
RESULT: {"text":"WebdriverPartnerk1p2x"}
COMMAND: GET /session/948cfef606f1c327c7afa492aa33856c/screenshot - {}
COMMAND: POST /session/948cfef606f1c327c7afa492aa33856c/element/f.B11FB8328C47749F850BA47268692D59.d.F403DC9924A7CC9B2C7400A745248470.e.2924/clear - {}
RESULT: {}
RESULT: {}
RESULT: {}
COMMAND: POST /session/948cfef606f1c327c7afa492aa33856c/element/f.B11FB8328C47749F850BA47268692D59.d.F403DC9924A7CC9B2C7400A745248470.e.2924/clear - {}
COMMAND: GET /session/948cfef606f1c327c7afa492aa33856c/screenshot - {}
RESULT: {}
COMMAND: POST /session/948cfef606f1c327c7afa492aa33856c/element/f.B11FB8328C47749F850BA47268692D59.d.F403DC9924A7CC9B2C7400A745248470.e.2924/value - {"text":"WebdriverYardmmv3l"}
COMMAND: GET /session/948cfef606f1c327c7afa492aa33856c/screenshot - {}
RESULT: {}
RESULT: {"text":"WebdriverYardmmv3l"}
COMMAND: GET /session/948cfef606f1c327c7afa492aa33856c/screenshot - {}
RESULT: {}
RESULT: {}
COMMAND: POST /session/948cfef606f1c327c7afa492aa33856c/actions - {"actions":[{"id":"action6","type":"key","parameters":{},"actions":[{"type":"keyDown","value":""},{"type":"pause","duration":10},{"type":"keyUp","value":""}]}]}
RESULT: {"actions":[{"id":"action6","type":"key","parameters":{},"actions":[{"type":"keyDown","value":""},{"type":"pause","duration":10},{"type":"keyUp","value":""}]}]}
COMMAND: GET /session/948cfef606f1c327c7afa492aa33856c/screenshot - {}
RESULT: {}
COMMAND: POST /session/948cfef606f1c327c7afa492aa33856c/actions - {"actions":[{"id":"action7","type":"key","parameters":{},"actions":[{"type":"keyDown","value":""},{"type":"pause","duration":10},{"type":"keyUp","value":""}]}]}
RESULT: {"actions":[{"id":"action7","type":"key","parameters":{},"actions":[{"type":"keyDown","value":""},{"type":"pause","duration":10},{"type":"keyUp","value":""}]}]}
COMMAND: GET /session/948cfef606f1c327c7afa492aa33856c/screenshot - {}
RESULT: {}
COMMAND: GET /session/948cfef606f1c327c7afa492aa33856c/element/f.B11FB8328C47749F850BA47268692D59.d.F403DC9924A7CC9B2C7400A745248470.e.2920/property/value - {}
RESULT: {}
COMMAND: POST /session/948cfef606f1c327c7afa492aa33856c/element/f.B11FB8328C47749F850BA47268692D59.d.F403DC9924A7CC9B2C7400A745248470.e.2920/clear - {}
COMMAND: GET /session/948cfef606f1c327c7afa492aa33856c/screenshot - {}
RESULT: {}
COMMAND: GET /session/948cfef606f1c327c7afa492aa33856c/screenshot - {}
RESULT: {}
RESULT: {}
COMMAND: POST /session/948cfef606f1c327c7afa492aa33856c/element/f.B11FB8328C47749F850BA47268692D59.d.F403DC9924A7CC9B2C7400A745248470.e.2920/value - {"text":"WebdriverPartnerk1p2x"}
RESULT: {"text":"WebdriverPartnerk1p2x"}
COMMAND: GET /session/948cfef606f1c327c7afa492aa33856c/screenshot - {}
RESULT: {}
COMMAND: POST /session/948cfef606f1c327c7afa492aa33856c/actions - {"actions":[{"id":"action8","type":"key","parameters":{},"actions":[{"type":"keyDown","value":""},{"type":"pause","duration":10},{"type":"keyUp","value":""}]}]}
RESULT: {"actions":[{"id":"action8","type":"key","parameters":{},"actions":[{"type":"keyDown","value":""},{"type":"pause","duration":10},{"type":"keyUp","value":""}]}]}
COMMAND: GET /session/948cfef606f1c327c7afa492aa33856c/screenshot - {}
RESULT: {}
COMMAND: POST /session/948cfef606f1c327c7afa492aa33856c/element - {"using":"xpath","value":"//input[contains(@id ,\"requestSiteId-inner\")]"}
RESULT: {"using":"xpath","value":"//input[contains(@id ,\"requestSiteId-inner\")]"}
COMMAND: POST /session/948cfef606f1c327c7afa492aa33856c/element/f.B11FB8328C47749F850BA47268692D59.d.F403DC9924A7CC9B2C7400A745248470.e.2919/value - {"text":"WebdriverSite6o4be"}
RESULT: {"text":"WebdriverSite6o4be"}
COMMAND: GET /session/948cfef606f1c327c7afa492aa33856c/screenshot - {}
RESULT: {}
COMMAND: POST /session/948cfef606f1c327c7afa492aa33856c/actions - {"actions":[{"id":"action9","type":"key","parameters":{},"actions":[{"type":"keyDown","value":""},{"type":"pause","duration":10},{"type":"keyUp","value":""}]}]}
RESULT: {"actions":[{"id":"action9","type":"key","parameters":{},"actions":[{"type":"keyDown","value":""},{"type":"pause","duration":10},{"type":"keyUp","value":""}]}]}
COMMAND: GET /session/948cfef606f1c327c7afa492aa33856c/screenshot - {}
RESULT: {}
COMMAND: POST /session/948cfef606f1c327c7afa492aa33856c/execute/async - {"script":"<script> [1562 bytes]","args":[{"selector":{"controlType":"sap.m.Input","viewName":"etm.portal.ui.managerequests.view.NewRequest","bindingPath":{"path":"","propertyPath":"/DESCRIPTION","modelName":"oNewRequestModel"},"interaction":{"idSuffix":"inner"}},"wdio_ui5_key":"etmportal.ui.managerequests.view.NewRequestsap.m.Input{\"path\":\"\",\"propertyPath\":\"/DESCRIPTION\",\"modelName\":\"oNewRequestModel\"}"}]}
RESULT: {"script":"<script> [1562 bytes]","args":[{"selector":{"controlType":"sap.m.Input","viewName":"etm.portal.ui.managerequests.view.NewRequest","bindingPath":{"path":"","propertyPath":"/DESCRIPTION","modelName":"oNewRequestModel"},"interaction":{"idSuffix":"inner"}},"wdio_ui5_key":"etmportal.ui.managerequests.view.NewRequestsap.m.Input{\"path\":\"\",\"propertyPath\":\"/DESCRIPTION\",\"modelName\":\"oNewRequestModel\"}"}]}
RESULT: undefined
COMMAND: POST /session/948cfef606f1c327c7afa492aa33856c/execute/async - {"script":"<script> [776 bytes]","args":[{"enterText":"Wdi5 Tags Test","selector":{"controlType":"sap.m.Input","viewName":"etm.portal.ui.managerequests.view.NewRequest","bindingPath":{"path":"","propertyPath":"/DESCRIPTION","modelName":"oNewRequestModel"},"interaction":{"idSuffix":"inner"}},"clearTextFirst":true,"interactionType":"ENTER_TEXT"}]}
RESULT: {"script":"<script> [776 bytes]","args":[{"enterText":"Wdi5 Tags Test","selector":{"controlType":"sap.m.Input","viewName":"etm.portal.ui.managerequests.view.NewRequest","bindingPath":{"path":"","propertyPath":"/DESCRIPTION","modelName":"oNewRequestModel"},"interaction":{"idSuffix":"inner"}},"clearTextFirst":true,"interactionType":"ENTER_TEXT"}]}
COMMAND: POST /session/948cfef606f1c327c7afa492aa33856c/execute/async - {"script":"<script> [1562 bytes]","args":[{"selector":{"id":"tagInputAdd","viewName":"etm.portal.ui.managerequests.view.NewRequest","interaction":{"idSuffix":"inner"}},"wdio_ui5_key":"tagInputAddetmportal.ui.managerequests.view.NewRequest"}]}
RESULT: {"script":"<script> [1562 bytes]","args":[{"selector":{"id":"tagInputAdd","viewName":"etm.portal.ui.managerequests.view.NewRequest","interaction":{"idSuffix":"inner"}},"wdio_ui5_key":"tagInputAddetmportal.ui.managerequests.view.NewRequest"}]}
RESULT: undefined
COMMAND: POST /session/948cfef606f1c327c7afa492aa33856c/execute/async - {"script":"<script> [776 bytes]","args":[{"enterText":"RefTag","selector":{"id":"tagInputAdd","viewName":"etm.portal.ui.managerequests.view.NewRequest","interaction":{"idSuffix":"inner"}},"clearTextFirst":true,"interactionType":"ENTER_TEXT"}]}
RESULT: {"script":"<script> [776 bytes]","args":[{"enterText":"RefTag","selector":{"id":"tagInputAdd","viewName":"etm.portal.ui.managerequests.view.NewRequest","interaction":{"idSuffix":"inner"}},"clearTextFirst":true,"interactionType":"ENTER_TEXT"}]}
COMMAND: POST /session/948cfef606f1c327c7afa492aa33856c/actions - {"actions":[{"id":"action10","type":"key","parameters":{},"actions":[{"type":"keyDown","value":""},{"type":"pause","duration":10},{"type":"keyUp","value":""}]}]}
RESULT: {"actions":[{"id":"action10","type":"key","parameters":{},"actions":[{"type":"keyDown","value":""},{"type":"pause","duration":10},{"type":"keyUp","value":""}]}]}
COMMAND: GET /session/948cfef606f1c327c7afa492aa33856c/screenshot - {}
RESULT: {}
RESULT: undefined
COMMAND: POST /session/948cfef606f1c327c7afa492aa33856c/execute/async - {"script":"<script> [776 bytes]","args":[{"enterText":"tag-header","selector":{"id":"tagInputAdd","viewName":"etm.portal.ui.managerequests.view.NewRequest","interaction":{"idSuffix":"inner"}},"clearTextFirst":true,"interactionType":"ENTER_TEXT"}]}
RESULT: {"script":"<script> [776 bytes]","args":[{"enterText":"tag-header","selector":{"id":"tagInputAdd","viewName":"etm.portal.ui.managerequests.view.NewRequest","interaction":{"idSuffix":"inner"}},"clearTextFirst":true,"interactionType":"ENTER_TEXT"}]}
COMMAND: POST /session/948cfef606f1c327c7afa492aa33856c/actions - {"actions":[{"id":"action11","type":"key","parameters":{},"actions":[{"type":"keyDown","value":""},{"type":"pause","duration":10},{"type":"keyUp","value":""}]}]}
RESULT: {"actions":[{"id":"action11","type":"key","parameters":{},"actions":[{"type":"keyDown","value":""},{"type":"pause","duration":10},{"type":"keyUp","value":""}]}]}
COMMAND: GET /session/948cfef606f1c327c7afa492aa33856c/screenshot - {}
RESULT: {}
RESULT: undefined
COMMAND: POST /session/948cfef606f1c327c7afa492aa33856c/execute/async - {"script":"<script> [776 bytes]","args":[{"enterText":"tag-duplicate","selector":{"id":"tagInputAdd","viewName":"etm.portal.ui.managerequests.view.NewRequest","interaction":{"idSuffix":"inner"}},"clearTextFirst":true,"interactionType":"ENTER_TEXT"}]}
RESULT: {"script":"<script> [776 bytes]","args":[{"enterText":"tag-duplicate","selector":{"id":"tagInputAdd","viewName":"etm.portal.ui.managerequests.view.NewRequest","interaction":{"idSuffix":"inner"}},"clearTextFirst":true,"interactionType":"ENTER_TEXT"}]}
COMMAND: POST /session/948cfef606f1c327c7afa492aa33856c/actions - {"actions":[{"id":"action12","type":"key","parameters":{},"actions":[{"type":"keyDown","value":""},{"type":"pause","duration":10},{"type":"keyUp","value":""}]}]}
RESULT: {"actions":[{"id":"action12","type":"key","parameters":{},"actions":[{"type":"keyDown","value":""},{"type":"pause","duration":10},{"type":"keyUp","value":""}]}]}
COMMAND: GET /session/948cfef606f1c327c7afa492aa33856c/screenshot - {}
RESULT: {}
COMMAND: POST /session/948cfef606f1c327c7afa492aa33856c/execute/async - {"script":"<script> [1562 bytes]","args":[{"selector":{"id":"tagsLayoutAdd","viewName":"etm.portal.ui.managerequests.view.NewRequest"},"wdio_ui5_key":"tagsLayoutAddetmportal.ui.managerequests.view.NewRequest"}]}
RESULT: {"script":"<script> [1562 bytes]","args":[{"selector":{"id":"tagsLayoutAdd","viewName":"etm.portal.ui.managerequests.view.NewRequest"},"wdio_ui5_key":"tagsLayoutAddetmportal.ui.managerequests.view.NewRequest"}]}
RESULT: undefined
COMMAND: POST /session/948cfef606f1c327c7afa492aa33856c/execute/async - {"script":"<script> [6424 bytes]","args":[{"element-6066-11e4-a52e-4f735466cecf":"f.B11FB8328C47749F850BA47268692D59.d.F403DC9924A7CC9B2C7400A745248470.e.3082"},"getTokens",[]]}
RESULT: {"script":"<script> [6424 bytes]","args":[{"element-6066-11e4-a52e-4f735466cecf":"f.B11FB8328C47749F850BA47268692D59.d.F403DC9924A7CC9B2C7400A745248470.e.3082"},"getTokens",[]]}
COMMAND: POST /session/948cfef606f1c327c7afa492aa33856c/execute/async - {"script":"<script> [1562 bytes]","args":[{"wdio_ui5_key":"__token9","selector":{"id":"__token9"}}]}
COMMAND: POST /session/948cfef606f1c327c7afa492aa33856c/execute/async - {"script":"<script> [1562 bytes]","args":[{"wdio_ui5_key":"__token10","selector":{"id":"__token10"}}]}
COMMAND: POST /session/948cfef606f1c327c7afa492aa33856c/execute/async - {"script":"<script> [1562 bytes]","args":[{"wdio_ui5_key":"__token8","selector":{"id":"__token8"}}]}
RESULT: {"script":"<script> [1562 bytes]","args":[{"wdio_ui5_key":"__token9","selector":{"id":"__token9"}}]}
RESULT: undefined
RESULT: {"script":"<script> [1562 bytes]","args":[{"wdio_ui5_key":"__token10","selector":{"id":"__token10"}}]}
RESULT: undefined
RESULT: {"script":"<script> [1562 bytes]","args":[{"wdio_ui5_key":"__token8","selector":{"id":"__token8"}}]}
RESULT: undefined
COMMAND: POST /session/948cfef606f1c327c7afa492aa33856c/execute/async - {"script":"<script> [1562 bytes]","args":[{"selector":{"controlType":"sap.ui.core.Icon","viewName":"etm.portal.ui.managerequests.view.NewRequest","properties":{"src":{"regex":{"source":"decline"}}},"ancestor":{"controlType":"sap.m.Token","viewName":"etm.portal.ui.managerequests.view.NewRequest","properties":{"text":"tag-duplicate"}}},"wdio_ui5_key":"etmportal.ui.managerequests.view.NewRequestsap.ui.core.Icon{\"src\":{\"regex\":{\"source\":\"decline\"}}}{\"controlType\":\"sap.m.Token\",\"viewName\":\"etm.portal.ui.managerequests.view.NewRequest\",\"properties\":{\"text\":\"tag-duplicate\"}}"}]}
RESULT: {"script":"<script> [1562 bytes]","args":[{"selector":{"controlType":"sap.ui.core.Icon","viewName":"etm.portal.ui.managerequests.view.NewRequest","properties":{"src":{"regex":{"source":"decline"}}},"ancestor":{"controlType":"sap.m.Token","viewName":"etm.portal.ui.managerequests.view.NewRequest","properties":{"text":"tag-duplicate"}}},"wdio_ui5_key":"etmportal.ui.managerequests.view.NewRequestsap.ui.core.Icon{\"src\":{\"regex\":{\"source\":\"decline\"}}}{\"controlType\":\"sap.m.Token\",\"viewName\":\"etm.portal.ui.managerequests.view.NewRequest\",\"properties\":{\"text\":\"tag-duplicate\"}}"}]}
RESULT: undefined
COMMAND: POST /session/948cfef606f1c327c7afa492aa33856c/element - {"using":"xpath","value":"//*[@id=\"__token10-icon\"]"}
RESULT: {"using":"xpath","value":"//*[@id=\"__token10-icon\"]"}
COMMAND: POST /session/948cfef606f1c327c7afa492aa33856c/element/f.B11FB8328C47749F850BA47268692D59.d.F403DC9924A7CC9B2C7400A745248470.e.3122/click - {}
RESULT: {}
COMMAND: POST /session/948cfef606f1c327c7afa492aa33856c/execute/async - {"script":"<script> [1562 bytes]","args":[{"selector":{"controlType":"sap.ui.core.Icon","viewName":"etm.portal.ui.managerequests.view.NewRequest","properties":{"src":{"regex":{"source":"decline"}}},"ancestor":{"controlType":"sap.m.Token","viewName":"etm.portal.ui.managerequests.view.NewRequest","properties":{"text":"tag1"}}},"wdio_ui5_key":"etmportal.ui.managerequests.view.NewRequestsap.ui.core.Icon{\"src\":{\"regex\":{\"source\":\"decline\"}}}{\"controlType\":\"sap.m.Token\",\"viewName\":\"etm.portal.ui.managerequests.view.NewRequest\",\"properties\":{\"text\":\"tag1\"}}"}]}
COMMAND: GET /session/948cfef606f1c327c7afa492aa33856c/screenshot - {}
RESULT: {"script":"<script> [1562 bytes]","args":[{"selector":{"controlType":"sap.ui.core.Icon","viewName":"etm.portal.ui.managerequests.view.NewRequest","properties":{"src":{"regex":{"source":"decline"}}},"ancestor":{"controlType":"sap.m.Token","viewName":"etm.portal.ui.managerequests.view.NewRequest","properties":{"text":"tag1"}}},"wdio_ui5_key":"etmportal.ui.managerequests.view.NewRequestsap.ui.core.Icon{\"src\":{\"regex\":{\"source\":\"decline\"}}}{\"controlType\":\"sap.m.Token\",\"viewName\":\"etm.portal.ui.managerequests.view.NewRequest\",\"properties\":{\"text\":\"tag1\"}}"}]}
RESULT: undefined
RESULT: {}
COMMAND: POST /session/948cfef606f1c327c7afa492aa33856c/actions - {"actions":[{"id":"action13","type":"key","parameters":{},"actions":[{"type":"keyDown","value":""},{"type":"pause","duration":10},{"type":"keyUp","value":""}]}]}
RESULT: {"actions":[{"id":"action13","type":"key","parameters":{},"actions":[{"type":"keyDown","value":""},{"type":"pause","duration":10},{"type":"keyUp","value":""}]}]}
COMMAND: GET /session/948cfef606f1c327c7afa492aa33856c/screenshot - {}
RESULT: {}
RESULT: undefined
COMMAND: POST /session/948cfef606f1c327c7afa492aa33856c/execute/async - {"script":"<script> [6424 bytes]","args":[{"element-6066-11e4-a52e-4f735466cecf":"f.B11FB8328C47749F850BA47268692D59.d.F403DC9924A7CC9B2C7400A745248470.e.3082"},"getTokens",[]]}
RESULT: {"script":"<script> [6424 bytes]","args":[{"element-6066-11e4-a52e-4f735466cecf":"f.B11FB8328C47749F850BA47268692D59.d.F403DC9924A7CC9B2C7400A745248470.e.3082"},"getTokens",[]]}
RESULT: undefined
RESULT: undefined
COMMAND: POST /session/948cfef606f1c327c7afa492aa33856c/execute/async - {"script":"<script> [1562 bytes]","args":[{"selector":{"controlType":"sap.m.Button","viewName":"etm.portal.ui.managerequests.view.NewRequest","properties":{"text":"Items"},"interaction":{"idSuffix":"BDI-content"}},"wdio_ui5_key":"etmportal.ui.managerequests.view.NewRequestsap.m.Button{\"text\":\"Items\"}"}]}
RESULT: {"script":"<script> [1562 bytes]","args":[{"selector":{"controlType":"sap.m.Button","viewName":"etm.portal.ui.managerequests.view.NewRequest","properties":{"text":"Items"},"interaction":{"idSuffix":"BDI-content"}},"wdio_ui5_key":"etmportal.ui.managerequests.view.NewRequestsap.m.Button{\"text\":\"Items\"}"}]}
RESULT: undefined
COMMAND: POST /session/948cfef606f1c327c7afa492aa33856c/element - {"using":"xpath","value":"//*[@id=\"__xmlview59--newRequestPage-anchBar-__xmlview59--requestItemsSection-anchor\"]"}
RESULT: {"using":"xpath","value":"//*[@id=\"__xmlview59--newRequestPage-anchBar-__xmlview59--requestItemsSection-anchor\"]"}
COMMAND: POST /session/948cfef606f1c327c7afa492aa33856c/element/f.B11FB8328C47749F850BA47268692D59.d.F403DC9924A7CC9B2C7400A745248470.e.3131/click - {}
RESULT: {}
COMMAND: GET /session/948cfef606f1c327c7afa492aa33856c/screenshot - {}
RESULT: {}
COMMAND: POST /session/948cfef606f1c327c7afa492aa33856c/execute/async - {"script":"<script> [1562 bytes]","args":[{"selector":{"controlType":"sap.ui.core.Icon","viewName":"etm.portal.ui.managerequests.view.NewRequest","properties":{"src":{"regex":{"source":"inspect"}}}},"wdio_ui5_key":"etmportal.ui.managerequests.view.NewRequestsap.ui.core.Icon{\"src\":{\"regex\":{\"source\":\"inspect\"}}}"}]}
RESULT: {"script":"<script> [1562 bytes]","args":[{"selector":{"controlType":"sap.ui.core.Icon","viewName":"etm.portal.ui.managerequests.view.NewRequest","properties":{"src":{"regex":{"source":"inspect"}}}},"wdio_ui5_key":"etmportal.ui.managerequests.view.NewRequestsap.ui.core.Icon{\"src\":{\"regex\":{\"source\":\"inspect\"}}}"}]}
RESULT: undefined
COMMAND: POST /session/948cfef606f1c327c7afa492aa33856c/element - {"using":"xpath","value":"//*[@id=\"__button106-img\"]"}
RESULT: {"using":"xpath","value":"//*[@id=\"__button106-img\"]"}
COMMAND: POST /session/948cfef606f1c327c7afa492aa33856c/element/f.B11FB8328C47749F850BA47268692D59.d.F403DC9924A7CC9B2C7400A745248470.e.3135/click - {}
RESULT: {}
COMMAND: GET /session/948cfef606f1c327c7afa492aa33856c/screenshot - {}
RESULT: {}
COMMAND: POST /session/948cfef606f1c327c7afa492aa33856c/execute/async - {"script":"<script> [1562 bytes]","args":[{"selector":{"controlType":"sap.ui.core.Icon","viewName":"etm.portal.ui.managerequests.view.NewRequest","properties":{"src":{"regex":{"source":"add"}}}},"wdio_ui5_key":"etmportal.ui.managerequests.view.NewRequestsap.ui.core.Icon{\"src\":{\"regex\":{\"source\":\"add\"}}}"}]}
RESULT: {"script":"<script> [1562 bytes]","args":[{"selector":{"controlType":"sap.ui.core.Icon","viewName":"etm.portal.ui.managerequests.view.NewRequest","properties":{"src":{"regex":{"source":"add"}}}},"wdio_ui5_key":"etmportal.ui.managerequests.view.NewRequestsap.ui.core.Icon{\"src\":{\"regex\":{\"source\":\"add\"}}}"}]}
RESULT: undefined
COMMAND: POST /session/948cfef606f1c327c7afa492aa33856c/element - {"using":"xpath","value":"//*[@id=\"__xmlview59--btnAddTableRow-img\"]"}
RESULT: {"using":"xpath","value":"//*[@id=\"__xmlview59--btnAddTableRow-img\"]"}
COMMAND: POST /session/948cfef606f1c327c7afa492aa33856c/element/f.B11FB8328C47749F850BA47268692D59.d.F403DC9924A7CC9B2C7400A745248470.e.3143/click - {}
RESULT: {}
COMMAND: GET /session/948cfef606f1c327c7afa492aa33856c/screenshot - {}
RESULT: {}
COMMAND: POST /session/948cfef606f1c327c7afa492aa33856c/execute/async - {"script":"<script> [1562 bytes]","args":[{"selector":{"controlType":"sap.ui.unified.MenuItem","viewName":"etm.portal.ui.managerequests.view.NewRequest","i18NText":{"propertyName":"text","key":"standardEntry"},"searchOpenDialogs":true,"interaction":{"idSuffix":"txt"}},"wdio_ui5_key":"etmportal.ui.managerequests.view.NewRequestsap.ui.unified.MenuItem{\"propertyName\":\"text\",\"key\":\"standardEntry\"}"}]}
RESULT: {"script":"<script> [1562 bytes]","args":[{"selector":{"controlType":"sap.ui.unified.MenuItem","viewName":"etm.portal.ui.managerequests.view.NewRequest","i18NText":{"propertyName":"text","key":"standardEntry"},"searchOpenDialogs":true,"interaction":{"idSuffix":"txt"}},"wdio_ui5_key":"etmportal.ui.managerequests.view.NewRequestsap.ui.unified.MenuItem{\"propertyName\":\"text\",\"key\":\"standardEntry\"}"}]}
RESULT: undefined
COMMAND: POST /session/948cfef606f1c327c7afa492aa33856c/element - {"using":"xpath","value":"//*[@id=\"__item1850\"]"}
RESULT: {"using":"xpath","value":"//*[@id=\"__item1850\"]"}
COMMAND: POST /session/948cfef606f1c327c7afa492aa33856c/element/f.B11FB8328C47749F850BA47268692D59.d.F403DC9924A7CC9B2C7400A745248470.e.3146/click - {}
RESULT: {}
COMMAND: GET /session/948cfef606f1c327c7afa492aa33856c/screenshot - {}
RESULT: {}
RESULT: undefined
COMMAND: POST /session/948cfef606f1c327c7afa492aa33856c/element - {"using":"xpath","value":"//*[@id=\"__xmlview59--btnAddTableRow-img\"]"}
RESULT: {"using":"xpath","value":"//*[@id=\"__xmlview59--btnAddTableRow-img\"]"}
COMMAND: POST /session/948cfef606f1c327c7afa492aa33856c/element/f.B11FB8328C47749F850BA47268692D59.d.F403DC9924A7CC9B2C7400A745248470.e.3143/click - {}
RESULT: {}
COMMAND: GET /session/948cfef606f1c327c7afa492aa33856c/screenshot - {}
RESULT: {}
RESULT: undefined
COMMAND: POST /session/948cfef606f1c327c7afa492aa33856c/element - {"using":"xpath","value":"//*[@id=\"__item1850\"]"}
RESULT: {"using":"xpath","value":"//*[@id=\"__item1850\"]"}
COMMAND: POST /session/948cfef606f1c327c7afa492aa33856c/element/f.B11FB8328C47749F850BA47268692D59.d.F403DC9924A7CC9B2C7400A745248470.e.3161/click - {}
RESULT: {}
COMMAND: GET /session/948cfef606f1c327c7afa492aa33856c/screenshot - {}
RESULT: {}
COMMAND: POST /session/948cfef606f1c327c7afa492aa33856c/element - {"using":"xpath","value":"(//input[contains(@id ,\"requestItemsTable-0-inner\")])[5]"}
RESULT: {"using":"xpath","value":"(//input[contains(@id ,\"requestItemsTable-0-inner\")])[5]"}
COMMAND: POST /session/948cfef606f1c327c7afa492aa33856c/element/f.B11FB8328C47749F850BA47268692D59.d.F403DC9924A7CC9B2C7400A745248470.e.3152/clear - {}
RESULT: {}
COMMAND: POST /session/948cfef606f1c327c7afa492aa33856c/element/f.B11FB8328C47749F850BA47268692D59.d.F403DC9924A7CC9B2C7400A745248470.e.3152/value - {"text":"1000001"}
COMMAND: GET /session/948cfef606f1c327c7afa492aa33856c/screenshot - {}
RESULT: {"text":"1000001"}
COMMAND: GET /session/948cfef606f1c327c7afa492aa33856c/screenshot - {}
RESULT: {}
RESULT: {}
COMMAND: POST /session/948cfef606f1c327c7afa492aa33856c/actions - {"actions":[{"id":"action14","type":"key","parameters":{},"actions":[{"type":"keyDown","value":""},{"type":"pause","duration":10},{"type":"keyUp","value":""}]}]}
RESULT: {"actions":[{"id":"action14","type":"key","parameters":{},"actions":[{"type":"keyDown","value":""},{"type":"pause","duration":10},{"type":"keyUp","value":""}]}]}
COMMAND: POST /session/948cfef606f1c327c7afa492aa33856c/element - {"using":"xpath","value":"(//input[contains(@id ,\"requestItemsTable-1-inner\")])[5]"}
COMMAND: GET /session/948cfef606f1c327c7afa492aa33856c/screenshot - {}
RESULT: {"using":"xpath","value":"(//input[contains(@id ,\"requestItemsTable-1-inner\")])[5]"}
COMMAND: POST /session/948cfef606f1c327c7afa492aa33856c/element/f.B11FB8328C47749F850BA47268692D59.d.F403DC9924A7CC9B2C7400A745248470.e.3167/clear - {}
RESULT: {}
RESULT: {}
COMMAND: POST /session/948cfef606f1c327c7afa492aa33856c/element/f.B11FB8328C47749F850BA47268692D59.d.F403DC9924A7CC9B2C7400A745248470.e.3167/value - {"text":"1000002"}
COMMAND: GET /session/948cfef606f1c327c7afa492aa33856c/screenshot - {}
RESULT: {"text":"1000002"}
COMMAND: GET /session/948cfef606f1c327c7afa492aa33856c/screenshot - {}
RESULT: {}
RESULT: {}
COMMAND: POST /session/948cfef606f1c327c7afa492aa33856c/actions - {"actions":[{"id":"action15","type":"key","parameters":{},"actions":[{"type":"keyDown","value":""},{"type":"pause","duration":10},{"type":"keyUp","value":""}]}]}
RESULT: {"actions":[{"id":"action15","type":"key","parameters":{},"actions":[{"type":"keyDown","value":""},{"type":"pause","duration":10},{"type":"keyUp","value":""}]}]}
COMMAND: POST /session/948cfef606f1c327c7afa492aa33856c/execute/async - {"script":"<script> [1562 bytes]","args":[{"selector":{"controlType":"sap.m.Input","viewName":"etm.portal.ui.managerequests.view.NewRequest","bindingPath":{"path":"","propertyPath":"/Tags","modelName":"catalogModel"},"ancestor":{"controlType":"sap.m.ColumnListItem","viewName":"etm.portal.ui.managerequests.view.NewRequest","bindingPath":{"modelName":"newRequestItems","path":"/RequestItems/0"},"ancestor":{"id":"requestItemsTable","viewName":"etm.portal.ui.managerequests.view.NewRequest"}},"interaction":{"idSuffix":"inner"}},"wdio_ui5_key":"etmportal.ui.managerequests.view.NewRequestsap.m.Input{\"path\":\"\",\"propertyPath\":\"/Tags\",\"modelName\":\"catalogModel\"}{\"controlType\":\"sap.m.ColumnListItem\",\"viewName\":\"etm.portal.ui.managerequests.view.NewRequest\",\"bindingPath\":{\"modelName\":\"newRequestItems\",\"path\":\"/RequestItems/0\"},\"ancestor\":{\"id\":\"requestItemsTable\",\"viewName\":\"etm.portal.ui.managerequests.view.NewRequest\"}}"}]}
COMMAND: GET /session/948cfef606f1c327c7afa492aa33856c/screenshot - {}
RESULT: {"script":"<script> [1562 bytes]","args":[{"selector":{"controlType":"sap.m.Input","viewName":"etm.portal.ui.managerequests.view.NewRequest","bindingPath":{"path":"","propertyPath":"/Tags","modelName":"catalogModel"},"ancestor":{"controlType":"sap.m.ColumnListItem","viewName":"etm.portal.ui.managerequests.view.NewRequest","bindingPath":{"modelName":"newRequestItems","path":"/RequestItems/0"},"ancestor":{"id":"requestItemsTable","viewName":"etm.portal.ui.managerequests.view.NewRequest"}},"interaction":{"idSuffix":"inner"}},"wdio_ui5_key":"etmportal.ui.managerequests.view.NewRequestsap.m.Input{\"path\":\"\",\"propertyPath\":\"/Tags\",\"modelName\":\"catalogModel\"}{\"controlType\":\"sap.m.ColumnListItem\",\"viewName\":\"etm.portal.ui.managerequests.view.NewRequest\",\"bindingPath\":{\"modelName\":\"newRequestItems\",\"path\":\"/RequestItems/0\"},\"ancestor\":{\"id\":\"requestItemsTable\",\"viewName\":\"etm.portal.ui.managerequests.view.NewRequest\"}}"}]}
RESULT: undefined
COMMAND: POST /session/948cfef606f1c327c7afa492aa33856c/execute/async - {"script":"<script> [776 bytes]","args":[{"enterText":"tag1","selector":{"controlType":"sap.m.Input","viewName":"etm.portal.ui.managerequests.view.NewRequest","bindingPath":{"path":"","propertyPath":"/Tags","modelName":"catalogModel"},"ancestor":{"controlType":"sap.m.ColumnListItem","viewName":"etm.portal.ui.managerequests.view.NewRequest","bindingPath":{"modelName":"newRequestItems","path":"/RequestItems/0"},"ancestor":{"id":"requestItemsTable","viewName":"etm.portal.ui.managerequests.view.NewRequest"}},"interaction":{"idSuffix":"inner"}},"clearTextFirst":true,"interactionType":"ENTER_TEXT"}]}
RESULT: {}
RESULT: {"script":"<script> [776 bytes]","args":[{"enterText":"tag1","selector":{"controlType":"sap.m.Input","viewName":"etm.portal.ui.managerequests.view.NewRequest","bindingPath":{"path":"","propertyPath":"/Tags","modelName":"catalogModel"},"ancestor":{"controlType":"sap.m.ColumnListItem","viewName":"etm.portal.ui.managerequests.view.NewRequest","bindingPath":{"modelName":"newRequestItems","path":"/RequestItems/0"},"ancestor":{"id":"requestItemsTable","viewName":"etm.portal.ui.managerequests.view.NewRequest"}},"interaction":{"idSuffix":"inner"}},"clearTextFirst":true,"interactionType":"ENTER_TEXT"}]}
COMMAND: POST /session/948cfef606f1c327c7afa492aa33856c/actions - {"actions":[{"id":"action16","type":"key","parameters":{},"actions":[{"type":"keyDown","value":""},{"type":"pause","duration":10},{"type":"keyUp","value":""}]}]}
RESULT: {"actions":[{"id":"action16","type":"key","parameters":{},"actions":[{"type":"keyDown","value":""},{"type":"pause","duration":10},{"type":"keyUp","value":""}]}]}
RESULT: undefined
COMMAND: POST /session/948cfef606f1c327c7afa492aa33856c/execute/async - {"script":"<script> [776 bytes]","args":[{"enterText":"tag-duplicate","selector":{"controlType":"sap.m.Input","viewName":"etm.portal.ui.managerequests.view.NewRequest","bindingPath":{"path":"","propertyPath":"/Tags","modelName":"catalogModel"},"ancestor":{"controlType":"sap.m.ColumnListItem","viewName":"etm.portal.ui.managerequests.view.NewRequest","bindingPath":{"modelName":"newRequestItems","path":"/RequestItems/0"},"ancestor":{"id":"requestItemsTable","viewName":"etm.portal.ui.managerequests.view.NewRequest"}},"interaction":{"idSuffix":"inner"}},"clearTextFirst":true,"interactionType":"ENTER_TEXT"}]}
COMMAND: GET /session/948cfef606f1c327c7afa492aa33856c/screenshot - {}
RESULT: {"script":"<script> [776 bytes]","args":[{"enterText":"tag-duplicate","selector":{"controlType":"sap.m.Input","viewName":"etm.portal.ui.managerequests.view.NewRequest","bindingPath":{"path":"","propertyPath":"/Tags","modelName":"catalogModel"},"ancestor":{"controlType":"sap.m.ColumnListItem","viewName":"etm.portal.ui.managerequests.view.NewRequest","bindingPath":{"modelName":"newRequestItems","path":"/RequestItems/0"},"ancestor":{"id":"requestItemsTable","viewName":"etm.portal.ui.managerequests.view.NewRequest"}},"interaction":{"idSuffix":"inner"}},"clearTextFirst":true,"interactionType":"ENTER_TEXT"}]}
RESULT: {}
COMMAND: POST /session/948cfef606f1c327c7afa492aa33856c/actions - {"actions":[{"id":"action17","type":"key","parameters":{},"actions":[{"type":"keyDown","value":""},{"type":"pause","duration":10},{"type":"keyUp","value":""}]}]}
RESULT: {"actions":[{"id":"action17","type":"key","parameters":{},"actions":[{"type":"keyDown","value":""},{"type":"pause","duration":10},{"type":"keyUp","value":""}]}]}
COMMAND: GET /session/948cfef606f1c327c7afa492aa33856c/screenshot - {}
RESULT: {}
COMMAND: POST /session/948cfef606f1c327c7afa492aa33856c/execute/async - {"script":"<script> [1562 bytes]","args":[{"selector":{"controlType":"sap.m.Input","viewName":"etm.portal.ui.managerequests.view.NewRequest","bindingPath":{"path":"","propertyPath":"/Tags","modelName":"catalogModel"},"ancestor":{"controlType":"sap.m.ColumnListItem","viewName":"etm.portal.ui.managerequests.view.NewRequest","bindingPath":{"modelName":"newRequestItems","path":"/RequestItems/1"},"ancestor":{"id":"requestItemsTable","viewName":"etm.portal.ui.managerequests.view.NewRequest"}},"interaction":{"idSuffix":"inner"}},"wdio_ui5_key":"etmportal.ui.managerequests.view.NewRequestsap.m.Input{\"path\":\"\",\"propertyPath\":\"/Tags\",\"modelName\":\"catalogModel\"}{\"controlType\":\"sap.m.ColumnListItem\",\"viewName\":\"etm.portal.ui.managerequests.view.NewRequest\",\"bindingPath\":{\"modelName\":\"newRequestItems\",\"path\":\"/RequestItems/1\"},\"ancestor\":{\"id\":\"requestItemsTable\",\"viewName\":\"etm.portal.ui.managerequests.view.NewRequest\"}}"}]}
RESULT: {"script":"<script> [1562 bytes]","args":[{"selector":{"controlType":"sap.m.Input","viewName":"etm.portal.ui.managerequests.view.NewRequest","bindingPath":{"path":"","propertyPath":"/Tags","modelName":"catalogModel"},"ancestor":{"controlType":"sap.m.ColumnListItem","viewName":"etm.portal.ui.managerequests.view.NewRequest","bindingPath":{"modelName":"newRequestItems","path":"/RequestItems/1"},"ancestor":{"id":"requestItemsTable","viewName":"etm.portal.ui.managerequests.view.NewRequest"}},"interaction":{"idSuffix":"inner"}},"wdio_ui5_key":"etmportal.ui.managerequests.view.NewRequestsap.m.Input{\"path\":\"\",\"propertyPath\":\"/Tags\",\"modelName\":\"catalogModel\"}{\"controlType\":\"sap.m.ColumnListItem\",\"viewName\":\"etm.portal.ui.managerequests.view.NewRequest\",\"bindingPath\":{\"modelName\":\"newRequestItems\",\"path\":\"/RequestItems/1\"},\"ancestor\":{\"id\":\"requestItemsTable\",\"viewName\":\"etm.portal.ui.managerequests.view.NewRequest\"}}"}]}
RESULT: undefined
COMMAND: POST /session/948cfef606f1c327c7afa492aa33856c/execute/async - {"script":"<script> [776 bytes]","args":[{"enterText":"tag1","selector":{"controlType":"sap.m.Input","viewName":"etm.portal.ui.managerequests.view.NewRequest","bindingPath":{"path":"","propertyPath":"/Tags","modelName":"catalogModel"},"ancestor":{"controlType":"sap.m.ColumnListItem","viewName":"etm.portal.ui.managerequests.view.NewRequest","bindingPath":{"modelName":"newRequestItems","path":"/RequestItems/1"},"ancestor":{"id":"requestItemsTable","viewName":"etm.portal.ui.managerequests.view.NewRequest"}},"interaction":{"idSuffix":"inner"}},"clearTextFirst":true,"interactionType":"ENTER_TEXT"}]}
RESULT: {"script":"<script> [776 bytes]","args":[{"enterText":"tag1","selector":{"controlType":"sap.m.Input","viewName":"etm.portal.ui.managerequests.view.NewRequest","bindingPath":{"path":"","propertyPath":"/Tags","modelName":"catalogModel"},"ancestor":{"controlType":"sap.m.ColumnListItem","viewName":"etm.portal.ui.managerequests.view.NewRequest","bindingPath":{"modelName":"newRequestItems","path":"/RequestItems/1"},"ancestor":{"id":"requestItemsTable","viewName":"etm.portal.ui.managerequests.view.NewRequest"}},"interaction":{"idSuffix":"inner"}},"clearTextFirst":true,"interactionType":"ENTER_TEXT"}]}
COMMAND: POST /session/948cfef606f1c327c7afa492aa33856c/actions - {"actions":[{"id":"action18","type":"key","parameters":{},"actions":[{"type":"keyDown","value":""},{"type":"pause","duration":10},{"type":"keyUp","value":""}]}]}
RESULT: {"actions":[{"id":"action18","type":"key","parameters":{},"actions":[{"type":"keyDown","value":""},{"type":"pause","duration":10},{"type":"keyUp","value":""}]}]}
RESULT: undefined
COMMAND: POST /session/948cfef606f1c327c7afa492aa33856c/execute/async - {"script":"<script> [776 bytes]","args":[{"enterText":"tag-duplicate","selector":{"controlType":"sap.m.Input","viewName":"etm.portal.ui.managerequests.view.NewRequest","bindingPath":{"path":"","propertyPath":"/Tags","modelName":"catalogModel"},"ancestor":{"controlType":"sap.m.ColumnListItem","viewName":"etm.portal.ui.managerequests.view.NewRequest","bindingPath":{"modelName":"newRequestItems","path":"/RequestItems/1"},"ancestor":{"id":"requestItemsTable","viewName":"etm.portal.ui.managerequests.view.NewRequest"}},"interaction":{"idSuffix":"inner"}},"clearTextFirst":true,"interactionType":"ENTER_TEXT"}]}
COMMAND: GET /session/948cfef606f1c327c7afa492aa33856c/screenshot - {}
RESULT: {"script":"<script> [776 bytes]","args":[{"enterText":"tag-duplicate","selector":{"controlType":"sap.m.Input","viewName":"etm.portal.ui.managerequests.view.NewRequest","bindingPath":{"path":"","propertyPath":"/Tags","modelName":"catalogModel"},"ancestor":{"controlType":"sap.m.ColumnListItem","viewName":"etm.portal.ui.managerequests.view.NewRequest","bindingPath":{"modelName":"newRequestItems","path":"/RequestItems/1"},"ancestor":{"id":"requestItemsTable","viewName":"etm.portal.ui.managerequests.view.NewRequest"}},"interaction":{"idSuffix":"inner"}},"clearTextFirst":true,"interactionType":"ENTER_TEXT"}]}
RESULT: {}
COMMAND: POST /session/948cfef606f1c327c7afa492aa33856c/actions - {"actions":[{"id":"action19","type":"key","parameters":{},"actions":[{"type":"keyDown","value":""},{"type":"pause","duration":10},{"type":"keyUp","value":""}]}]}
RESULT: {"actions":[{"id":"action19","type":"key","parameters":{},"actions":[{"type":"keyDown","value":""},{"type":"pause","duration":10},{"type":"keyUp","value":""}]}]}
COMMAND: GET /session/948cfef606f1c327c7afa492aa33856c/screenshot - {}
RESULT: {}
COMMAND: POST /session/948cfef606f1c327c7afa492aa33856c/execute/async - {"script":"<script> [1562 bytes]","args":[{"selector":{"controlType":"sap.ui.core.Icon","viewName":"etm.portal.ui.managerequests.view.NewRequest","properties":{"src":{"regex":{"source":"slim\\-arrow\\-down"}}},"ancestor":{"controlType":"sap.m.Button","viewName":"etm.portal.ui.managerequests.view.NewRequest","properties":{"icon":"sap-icon://slim-arrow-down"}}},"wdio_ui5_key":"etmportal.ui.managerequests.view.NewRequestsap.ui.core.Icon{\"src\":{\"regex\":{\"source\":\"slim\\\\-arrow\\\\-down\"}}}{\"controlType\":\"sap.m.Button\",\"viewName\":\"etm.portal.ui.managerequests.view.NewRequest\",\"properties\":{\"icon\":\"sap-icon://slim-arrow-down\"}}"}]}
RESULT: {"script":"<script> [1562 bytes]","args":[{"selector":{"controlType":"sap.ui.core.Icon","viewName":"etm.portal.ui.managerequests.view.NewRequest","properties":{"src":{"regex":{"source":"slim\\-arrow\\-down"}}},"ancestor":{"controlType":"sap.m.Button","viewName":"etm.portal.ui.managerequests.view.NewRequest","properties":{"icon":"sap-icon://slim-arrow-down"}}},"wdio_ui5_key":"etmportal.ui.managerequests.view.NewRequestsap.ui.core.Icon{\"src\":{\"regex\":{\"source\":\"slim\\\\-arrow\\\\-down\"}}}{\"controlType\":\"sap.m.Button\",\"viewName\":\"etm.portal.ui.managerequests.view.NewRequest\",\"properties\":{\"icon\":\"sap-icon://slim-arrow-down\"}}"}]}
RESULT: undefined
COMMAND: POST /session/948cfef606f1c327c7afa492aa33856c/element - {"using":"xpath","value":"//*[@id=\"__title21-expandBtn-img\"]"}
RESULT: {"using":"xpath","value":"//*[@id=\"__title21-expandBtn-img\"]"}
COMMAND: POST /session/948cfef606f1c327c7afa492aa33856c/element/f.B11FB8328C47749F850BA47268692D59.d.F403DC9924A7CC9B2C7400A745248470.e.3213/click - {}
RESULT: {}
COMMAND: GET /session/948cfef606f1c327c7afa492aa33856c/screenshot - {}
RESULT: {}
COMMAND: POST /session/948cfef606f1c327c7afa492aa33856c/element - {"using":"xpath","value":"//div[contains(@data-kt ,\"splitAllocationObjectStatus\")]"}
RESULT: {"using":"xpath","value":"//div[contains(@data-kt ,\"splitAllocationObjectStatus\")]"}
COMMAND: POST /session/948cfef606f1c327c7afa492aa33856c/elements - {"using":"xpath","value":"//div[contains(@data-kt ,\"splitAllocationObjectStatus\")]"}
RESULT: {"using":"xpath","value":"//div[contains(@data-kt ,\"splitAllocationObjectStatus\")]"}
COMMAND: POST /session/948cfef606f1c327c7afa492aa33856c/execute/async - {"script":"<script> [1562 bytes]","args":[{"selector":{"controlType":"sap.ui.core.Icon","viewName":"etm.portal.ui.managerequests.view.NewRequest","properties":{"src":{"regex":{"source":"message\\-error"}}},"ancestor":{"controlType":"sap.m.ColumnListItem","viewName":"etm.portal.ui.managerequests.view.NewRequest","bindingPath":{"modelName":"newRequestItems","path":"/RequestItems/0"},"ancestor":{"id":"requestItemsTable","viewName":"etm.portal.ui.managerequests.view.NewRequest"}}},"wdio_ui5_key":"etmportal.ui.managerequests.view.NewRequestsap.ui.core.Icon{\"src\":{\"regex\":{\"source\":\"message\\\\-error\"}}}{\"controlType\":\"sap.m.ColumnListItem\",\"viewName\":\"etm.portal.ui.managerequests.view.NewRequest\",\"bindingPath\":{\"modelName\":\"newRequestItems\",\"path\":\"/RequestItems/0\"},\"ancestor\":{\"id\":\"requestItemsTable\",\"viewName\":\"etm.portal.ui.managerequests.view.NewRequest\"}}"}]}
RESULT: {"script":"<script> [1562 bytes]","args":[{"selector":{"controlType":"sap.ui.core.Icon","viewName":"etm.portal.ui.managerequests.view.NewRequest","properties":{"src":{"regex":{"source":"message\\-error"}}},"ancestor":{"controlType":"sap.m.ColumnListItem","viewName":"etm.portal.ui.managerequests.view.NewRequest","bindingPath":{"modelName":"newRequestItems","path":"/RequestItems/0"},"ancestor":{"id":"requestItemsTable","viewName":"etm.portal.ui.managerequests.view.NewRequest"}}},"wdio_ui5_key":"etmportal.ui.managerequests.view.NewRequestsap.ui.core.Icon{\"src\":{\"regex\":{\"source\":\"message\\\\-error\"}}}{\"controlType\":\"sap.m.ColumnListItem\",\"viewName\":\"etm.portal.ui.managerequests.view.NewRequest\",\"bindingPath\":{\"modelName\":\"newRequestItems\",\"path\":\"/RequestItems/0\"},\"ancestor\":{\"id\":\"requestItemsTable\",\"viewName\":\"etm.portal.ui.managerequests.view.NewRequest\"}}"}]}
RESULT: undefined
COMMAND: POST /session/948cfef606f1c327c7afa492aa33856c/element - {"using":"xpath","value":"//*[@id=\"__status6-__xmlview59--requestItemsTable-0-icon\"]"}
RESULT: {"using":"xpath","value":"//*[@id=\"__status6-__xmlview59--requestItemsTable-0-icon\"]"}
COMMAND: POST /session/948cfef606f1c327c7afa492aa33856c/element/f.B11FB8328C47749F850BA47268692D59.d.F403DC9924A7CC9B2C7400A745248470.e.3194/click - {}
RESULT: {}
COMMAND: GET /session/948cfef606f1c327c7afa492aa33856c/screenshot - {}
RESULT: {}
COMMAND: POST /session/948cfef606f1c327c7afa492aa33856c/execute/async - {"script":"<script> [1562 bytes]","args":[{"selector":{"id":"costObjectAdminTypeComboBox","viewName":"etm.portal.ui.managerequests.view.NewRequest","searchOpenDialogs":true,"interaction":{"idSuffix":"inner"}},"wdio_ui5_key":"costObjectAdminTypeComboBoxetmportal.ui.managerequests.view.NewRequest"}]}
RESULT: {"script":"<script> [1562 bytes]","args":[{"selector":{"id":"costObjectAdminTypeComboBox","viewName":"etm.portal.ui.managerequests.view.NewRequest","searchOpenDialogs":true,"interaction":{"idSuffix":"inner"}},"wdio_ui5_key":"costObjectAdminTypeComboBoxetmportal.ui.managerequests.view.NewRequest"}]}
RESULT: undefined
COMMAND: POST /session/948cfef606f1c327c7afa492aa33856c/execute/async - {"script":"<script> [776 bytes]","args":[{"enterText":"Cost Center","selector":{"id":"costObjectAdminTypeComboBox","viewName":"etm.portal.ui.managerequests.view.NewRequest","searchOpenDialogs":true,"interaction":{"idSuffix":"inner"}},"clearTextFirst":true,"interactionType":"ENTER_TEXT"}]}
RESULT: {"script":"<script> [776 bytes]","args":[{"enterText":"Cost Center","selector":{"id":"costObjectAdminTypeComboBox","viewName":"etm.portal.ui.managerequests.view.NewRequest","searchOpenDialogs":true,"interaction":{"idSuffix":"inner"}},"clearTextFirst":true,"interactionType":"ENTER_TEXT"}]}
COMMAND: POST /session/948cfef606f1c327c7afa492aa33856c/actions - {"actions":[{"id":"action20","type":"key","parameters":{},"actions":[{"type":"keyDown","value":""},{"type":"pause","duration":10},{"type":"keyUp","value":""}]}]}
RESULT: {"actions":[{"id":"action20","type":"key","parameters":{},"actions":[{"type":"keyDown","value":""},{"type":"pause","duration":10},{"type":"keyUp","value":""}]}]}
COMMAND: GET /session/948cfef606f1c327c7afa492aa33856c/screenshot - {}
RESULT: {}
COMMAND: POST /session/948cfef606f1c327c7afa492aa33856c/execute/async - {"script":"<script> [1562 bytes]","args":[{"selector":{"id":"costObjectIdComboBox","viewName":"etm.portal.ui.managerequests.view.NewRequest","searchOpenDialogs":true,"interaction":{"idSuffix":"inner"}},"wdio_ui5_key":"costObjectIdComboBoxetmportal.ui.managerequests.view.NewRequest"}]}
RESULT: {"script":"<script> [1562 bytes]","args":[{"selector":{"id":"costObjectIdComboBox","viewName":"etm.portal.ui.managerequests.view.NewRequest","searchOpenDialogs":true,"interaction":{"idSuffix":"inner"}},"wdio_ui5_key":"costObjectIdComboBoxetmportal.ui.managerequests.view.NewRequest"}]}
RESULT: undefined
COMMAND: POST /session/948cfef606f1c327c7afa492aa33856c/execute/async - {"script":"<script> [776 bytes]","args":[{"enterText":"1001 - 1001","selector":{"id":"costObjectIdComboBox","viewName":"etm.portal.ui.managerequests.view.NewRequest","searchOpenDialogs":true,"interaction":{"idSuffix":"inner"}},"clearTextFirst":true,"interactionType":"ENTER_TEXT"}]}
RESULT: {"script":"<script> [776 bytes]","args":[{"enterText":"1001 - 1001","selector":{"id":"costObjectIdComboBox","viewName":"etm.portal.ui.managerequests.view.NewRequest","searchOpenDialogs":true,"interaction":{"idSuffix":"inner"}},"clearTextFirst":true,"interactionType":"ENTER_TEXT"}]}
COMMAND: POST /session/948cfef606f1c327c7afa492aa33856c/actions - {"actions":[{"id":"action21","type":"key","parameters":{},"actions":[{"type":"keyDown","value":""},{"type":"pause","duration":10},{"type":"keyUp","value":""}]}]}
RESULT: {"actions":[{"id":"action21","type":"key","parameters":{},"actions":[{"type":"keyDown","value":""},{"type":"pause","duration":10},{"type":"keyUp","value":""}]}]}
COMMAND: GET /session/948cfef606f1c327c7afa492aa33856c/screenshot - {}
RESULT: {}
COMMAND: POST /session/948cfef606f1c327c7afa492aa33856c/element - {"using":"xpath","value":"(//bdi[(text() = 'Save' or . = 'Save')])[1]"}
RESULT: {"using":"xpath","value":"(//bdi[(text() = 'Save' or . = 'Save')])[1]"}
COMMAND: POST /session/948cfef606f1c327c7afa492aa33856c/element/f.B11FB8328C47749F850BA47268692D59.d.F403DC9924A7CC9B2C7400A745248470.e.3233/click - {}
RESULT: {}
COMMAND: POST /session/948cfef606f1c327c7afa492aa33856c/execute/async - {"script":"<script> [1562 bytes]","args":[{"selector":{"controlType":"sap.ui.core.Icon","viewName":"etm.portal.ui.managerequests.view.NewRequest","properties":{"src":{"regex":{"source":"message\\-error"}}},"ancestor":{"controlType":"sap.m.ColumnListItem","viewName":"etm.portal.ui.managerequests.view.NewRequest","bindingPath":{"modelName":"newRequestItems","path":"/RequestItems/1"},"ancestor":{"id":"requestItemsTable","viewName":"etm.portal.ui.managerequests.view.NewRequest"}}},"wdio_ui5_key":"etmportal.ui.managerequests.view.NewRequestsap.ui.core.Icon{\"src\":{\"regex\":{\"source\":\"message\\\\-error\"}}}{\"controlType\":\"sap.m.ColumnListItem\",\"viewName\":\"etm.portal.ui.managerequests.view.NewRequest\",\"bindingPath\":{\"modelName\":\"newRequestItems\",\"path\":\"/RequestItems/1\"},\"ancestor\":{\"id\":\"requestItemsTable\",\"viewName\":\"etm.portal.ui.managerequests.view.NewRequest\"}}"}]}
COMMAND: GET /session/948cfef606f1c327c7afa492aa33856c/screenshot - {}
RESULT: {"script":"<script> [1562 bytes]","args":[{"selector":{"controlType":"sap.ui.core.Icon","viewName":"etm.portal.ui.managerequests.view.NewRequest","properties":{"src":{"regex":{"source":"message\\-error"}}},"ancestor":{"controlType":"sap.m.ColumnListItem","viewName":"etm.portal.ui.managerequests.view.NewRequest","bindingPath":{"modelName":"newRequestItems","path":"/RequestItems/1"},"ancestor":{"id":"requestItemsTable","viewName":"etm.portal.ui.managerequests.view.NewRequest"}}},"wdio_ui5_key":"etmportal.ui.managerequests.view.NewRequestsap.ui.core.Icon{\"src\":{\"regex\":{\"source\":\"message\\\\-error\"}}}{\"controlType\":\"sap.m.ColumnListItem\",\"viewName\":\"etm.portal.ui.managerequests.view.NewRequest\",\"bindingPath\":{\"modelName\":\"newRequestItems\",\"path\":\"/RequestItems/1\"},\"ancestor\":{\"id\":\"requestItemsTable\",\"viewName\":\"etm.portal.ui.managerequests.view.NewRequest\"}}"}]}
RESULT: undefined
COMMAND: POST /session/948cfef606f1c327c7afa492aa33856c/element - {"using":"xpath","value":"//*[@id=\"__status6-__xmlview59--requestItemsTable-1-icon\"]"}
RESULT: {}
RESULT: {"using":"xpath","value":"//*[@id=\"__status6-__xmlview59--requestItemsTable-1-icon\"]"}
COMMAND: POST /session/948cfef606f1c327c7afa492aa33856c/element/f.B11FB8328C47749F850BA47268692D59.d.F403DC9924A7CC9B2C7400A745248470.e.3211/click - {}
RESULT: {}
COMMAND: GET /session/948cfef606f1c327c7afa492aa33856c/screenshot - {}
RESULT: {}
RESULT: undefined
COMMAND: POST /session/948cfef606f1c327c7afa492aa33856c/execute/async - {"script":"<script> [776 bytes]","args":[{"enterText":"Cost Center","selector":{"id":"costObjectAdminTypeComboBox","viewName":"etm.portal.ui.managerequests.view.NewRequest","searchOpenDialogs":true,"interaction":{"idSuffix":"inner"}},"clearTextFirst":true,"interactionType":"ENTER_TEXT"}]}
RESULT: {"script":"<script> [776 bytes]","args":[{"enterText":"Cost Center","selector":{"id":"costObjectAdminTypeComboBox","viewName":"etm.portal.ui.managerequests.view.NewRequest","searchOpenDialogs":true,"interaction":{"idSuffix":"inner"}},"clearTextFirst":true,"interactionType":"ENTER_TEXT"}]}
COMMAND: POST /session/948cfef606f1c327c7afa492aa33856c/actions - {"actions":[{"id":"action22","type":"key","parameters":{},"actions":[{"type":"keyDown","value":""},{"type":"pause","duration":10},{"type":"keyUp","value":""}]}]}
RESULT: {"actions":[{"id":"action22","type":"key","parameters":{},"actions":[{"type":"keyDown","value":""},{"type":"pause","duration":10},{"type":"keyUp","value":""}]}]}
COMMAND: GET /session/948cfef606f1c327c7afa492aa33856c/screenshot - {}
RESULT: {}
RESULT: undefined
COMMAND: POST /session/948cfef606f1c327c7afa492aa33856c/execute/async - {"script":"<script> [776 bytes]","args":[{"enterText":"1001 - 1001","selector":{"id":"costObjectIdComboBox","viewName":"etm.portal.ui.managerequests.view.NewRequest","searchOpenDialogs":true,"interaction":{"idSuffix":"inner"}},"clearTextFirst":true,"interactionType":"ENTER_TEXT"}]}
RESULT: {"script":"<script> [776 bytes]","args":[{"enterText":"1001 - 1001","selector":{"id":"costObjectIdComboBox","viewName":"etm.portal.ui.managerequests.view.NewRequest","searchOpenDialogs":true,"interaction":{"idSuffix":"inner"}},"clearTextFirst":true,"interactionType":"ENTER_TEXT"}]}
COMMAND: POST /session/948cfef606f1c327c7afa492aa33856c/actions - {"actions":[{"id":"action23","type":"key","parameters":{},"actions":[{"type":"keyDown","value":""},{"type":"pause","duration":10},{"type":"keyUp","value":""}]}]}
RESULT: {"actions":[{"id":"action23","type":"key","parameters":{},"actions":[{"type":"keyDown","value":""},{"type":"pause","duration":10},{"type":"keyUp","value":""}]}]}
COMMAND: GET /session/948cfef606f1c327c7afa492aa33856c/screenshot - {}
RESULT: {}
COMMAND: POST /session/948cfef606f1c327c7afa492aa33856c/element - {"using":"xpath","value":"(//bdi[(text() = 'Save' or . = 'Save')])[1]"}
RESULT: {"using":"xpath","value":"(//bdi[(text() = 'Save' or . = 'Save')])[1]"}
COMMAND: POST /session/948cfef606f1c327c7afa492aa33856c/element/f.B11FB8328C47749F850BA47268692D59.d.F403DC9924A7CC9B2C7400A745248470.e.3247/click - {}
RESULT: {}
COMMAND: POST /session/948cfef606f1c327c7afa492aa33856c/execute/async - {"script":"<script> [1562 bytes]","args":[{"selector":{"controlType":"sap.ui.core.Icon","viewName":"etm.portal.ui.managerequests.view.NewRequest","properties":{"src":{"regex":{"source":"decline"}}},"ancestor":{"controlType":"sap.m.Token","viewName":"etm.portal.ui.managerequests.view.NewRequest","bindingPath":{"path":"/RequestItems/0/TOKENS/0","propertyPath":"TAG","modelName":"newRequestItems"}}},"wdio_ui5_key":"etmportal.ui.managerequests.view.NewRequestsap.ui.core.Icon{\"src\":{\"regex\":{\"source\":\"decline\"}}}{\"controlType\":\"sap.m.Token\",\"viewName\":\"etm.portal.ui.managerequests.view.NewRequest\",\"bindingPath\":{\"path\":\"/RequestItems/0/TOKENS/0\",\"propertyPath\":\"TAG\",\"modelName\":\"newRequestItems\"}}"}]}
COMMAND: GET /session/948cfef606f1c327c7afa492aa33856c/screenshot - {}
RESULT: {"script":"<script> [1562 bytes]","args":[{"selector":{"controlType":"sap.ui.core.Icon","viewName":"etm.portal.ui.managerequests.view.NewRequest","properties":{"src":{"regex":{"source":"decline"}}},"ancestor":{"controlType":"sap.m.Token","viewName":"etm.portal.ui.managerequests.view.NewRequest","bindingPath":{"path":"/RequestItems/0/TOKENS/0","propertyPath":"TAG","modelName":"newRequestItems"}}},"wdio_ui5_key":"etmportal.ui.managerequests.view.NewRequestsap.ui.core.Icon{\"src\":{\"regex\":{\"source\":\"decline\"}}}{\"controlType\":\"sap.m.Token\",\"viewName\":\"etm.portal.ui.managerequests.view.NewRequest\",\"bindingPath\":{\"path\":\"/RequestItems/0/TOKENS/0\",\"propertyPath\":\"TAG\",\"modelName\":\"newRequestItems\"}}"}]}
RESULT: undefined
COMMAND: POST /session/948cfef606f1c327c7afa492aa33856c/element - {"using":"xpath","value":"//*[@id=\"__token7-__tokenizer62-__xmlview59--requestItemsTable-0-0-icon\"]"}
RESULT: {}
RESULT: {"using":"xpath","value":"//*[@id=\"__token7-__tokenizer62-__xmlview59--requestItemsTable-0-0-icon\"]"}
COMMAND: POST /session/948cfef606f1c327c7afa492aa33856c/element/f.B11FB8328C47749F850BA47268692D59.d.F403DC9924A7CC9B2C7400A745248470.e.3249/click - {}
RESULT: {}
COMMAND: GET /session/948cfef606f1c327c7afa492aa33856c/screenshot - {}
RESULT: {}
COMMAND: POST /session/948cfef606f1c327c7afa492aa33856c/actions - {"actions":[{"id":"action24","type":"key","parameters":{},"actions":[{"type":"keyDown","value":""},{"type":"pause","duration":10},{"type":"keyUp","value":""}]}]}
RESULT: {"actions":[{"id":"action24","type":"key","parameters":{},"actions":[{"type":"keyDown","value":""},{"type":"pause","duration":10},{"type":"keyUp","value":""}]}]}
COMMAND: GET /session/948cfef606f1c327c7afa492aa33856c/screenshot - {}
RESULT: {}
COMMAND: POST /session/948cfef606f1c327c7afa492aa33856c/execute/async - {"script":"<script> [1562 bytes]","args":[{"selector":{"controlType":"sap.m.Tokenizer","viewName":"etm.portal.ui.managerequests.view.NewRequest","bindingPath":{"path":"/RequestItems/0","propertyPath":"TOKENS","modelName":"newRequestItems"}},"wdio_ui5_key":"etmportal.ui.managerequests.view.NewRequestsap.m.Tokenizer{\"path\":\"/RequestItems/0\",\"propertyPath\":\"TOKENS\",\"modelName\":\"newRequestItems\"}"}]}
RESULT: {"script":"<script> [1562 bytes]","args":[{"selector":{"controlType":"sap.m.Tokenizer","viewName":"etm.portal.ui.managerequests.view.NewRequest","bindingPath":{"path":"/RequestItems/0","propertyPath":"TOKENS","modelName":"newRequestItems"}},"wdio_ui5_key":"etmportal.ui.managerequests.view.NewRequestsap.m.Tokenizer{\"path\":\"/RequestItems/0\",\"propertyPath\":\"TOKENS\",\"modelName\":\"newRequestItems\"}"}]}
RESULT: undefined
COMMAND: POST /session/948cfef606f1c327c7afa492aa33856c/execute/async - {"script":"<script> [6424 bytes]","args":[{"element-6066-11e4-a52e-4f735466cecf":"f.B11FB8328C47749F850BA47268692D59.d.F403DC9924A7CC9B2C7400A745248470.e.3258"},"getTokens",[]]}
RESULT: {"script":"<script> [6424 bytes]","args":[{"element-6066-11e4-a52e-4f735466cecf":"f.B11FB8328C47749F850BA47268692D59.d.F403DC9924A7CC9B2C7400A745248470.e.3258"},"getTokens",[]]}
COMMAND: POST /session/948cfef606f1c327c7afa492aa33856c/execute/async - {"script":"<script> [1562 bytes]","args":[{"wdio_ui5_key":"__token7-__tokenizer62-__xmlview59--requestItemsTable-0-0","selector":{"id":"__token7-__tokenizer62-__xmlview59--requestItemsTable-0-0"}}]}
RESULT: {"script":"<script> [1562 bytes]","args":[{"wdio_ui5_key":"__token7-__tokenizer62-__xmlview59--requestItemsTable-0-0","selector":{"id":"__token7-__tokenizer62-__xmlview59--requestItemsTable-0-0"}}]}
RESULT: undefined
RESULT: undefined
COMMAND: POST /session/948cfef606f1c327c7afa492aa33856c/execute/async - {"script":"<script> [776 bytes]","args":[{"enterText":"tagRequest1","selector":{"controlType":"sap.m.Input","viewName":"etm.portal.ui.managerequests.view.NewRequest","bindingPath":{"path":"","propertyPath":"/Tags","modelName":"catalogModel"},"ancestor":{"controlType":"sap.m.ColumnListItem","viewName":"etm.portal.ui.managerequests.view.NewRequest","bindingPath":{"modelName":"newRequestItems","path":"/RequestItems/0"},"ancestor":{"id":"requestItemsTable","viewName":"etm.portal.ui.managerequests.view.NewRequest"}},"interaction":{"idSuffix":"inner"}},"clearTextFirst":true,"interactionType":"ENTER_TEXT"}]}
RESULT: {"script":"<script> [776 bytes]","args":[{"enterText":"tagRequest1","selector":{"controlType":"sap.m.Input","viewName":"etm.portal.ui.managerequests.view.NewRequest","bindingPath":{"path":"","propertyPath":"/Tags","modelName":"catalogModel"},"ancestor":{"controlType":"sap.m.ColumnListItem","viewName":"etm.portal.ui.managerequests.view.NewRequest","bindingPath":{"modelName":"newRequestItems","path":"/RequestItems/0"},"ancestor":{"id":"requestItemsTable","viewName":"etm.portal.ui.managerequests.view.NewRequest"}},"interaction":{"idSuffix":"inner"}},"clearTextFirst":true,"interactionType":"ENTER_TEXT"}]}
COMMAND: POST /session/948cfef606f1c327c7afa492aa33856c/actions - {"actions":[{"id":"action25","type":"key","parameters":{},"actions":[{"type":"keyDown","value":""},{"type":"pause","duration":10},{"type":"keyUp","value":""}]}]}
RESULT: {"actions":[{"id":"action25","type":"key","parameters":{},"actions":[{"type":"keyDown","value":""},{"type":"pause","duration":10},{"type":"keyUp","value":""}]}]}
COMMAND: GET /session/948cfef606f1c327c7afa492aa33856c/screenshot - {}
RESULT: {}
RESULT: undefined
COMMAND: POST /session/948cfef606f1c327c7afa492aa33856c/execute/async - {"script":"<script> [6424 bytes]","args":[{"element-6066-11e4-a52e-4f735466cecf":"f.B11FB8328C47749F850BA47268692D59.d.F403DC9924A7CC9B2C7400A745248470.e.3258"},"getTokens",[]]}
RESULT: {"script":"<script> [6424 bytes]","args":[{"element-6066-11e4-a52e-4f735466cecf":"f.B11FB8328C47749F850BA47268692D59.d.F403DC9924A7CC9B2C7400A745248470.e.3258"},"getTokens",[]]}
COMMAND: POST /session/948cfef606f1c327c7afa492aa33856c/execute/async - {"script":"<script> [1562 bytes]","args":[{"wdio_ui5_key":"__token7-__tokenizer62-__xmlview59--requestItemsTable-0-1","selector":{"id":"__token7-__tokenizer62-__xmlview59--requestItemsTable-0-1"}}]}
RESULT: undefined
RESULT: {"script":"<script> [1562 bytes]","args":[{"wdio_ui5_key":"__token7-__tokenizer62-__xmlview59--requestItemsTable-0-1","selector":{"id":"__token7-__tokenizer62-__xmlview59--requestItemsTable-0-1"}}]}
RESULT: undefined
COMMAND: POST /session/948cfef606f1c327c7afa492aa33856c/execute/async - {"script":"<script> [1562 bytes]","args":[{"selector":{"controlType":"sap.ui.core.Icon","viewName":"etm.portal.ui.managerequests.view.NewRequest","properties":{"src":{"regex":{"source":"decline"}}},"ancestor":{"controlType":"sap.m.Token","viewName":"etm.portal.ui.managerequests.view.NewRequest","bindingPath":{"path":"/RequestItems/1/TOKENS/0","propertyPath":"TAG","modelName":"newRequestItems"}}},"wdio_ui5_key":"etmportal.ui.managerequests.view.NewRequestsap.ui.core.Icon{\"src\":{\"regex\":{\"source\":\"decline\"}}}{\"controlType\":\"sap.m.Token\",\"viewName\":\"etm.portal.ui.managerequests.view.NewRequest\",\"bindingPath\":{\"path\":\"/RequestItems/1/TOKENS/0\",\"propertyPath\":\"TAG\",\"modelName\":\"newRequestItems\"}}"}]}
RESULT: {"script":"<script> [1562 bytes]","args":[{"selector":{"controlType":"sap.ui.core.Icon","viewName":"etm.portal.ui.managerequests.view.NewRequest","properties":{"src":{"regex":{"source":"decline"}}},"ancestor":{"controlType":"sap.m.Token","viewName":"etm.portal.ui.managerequests.view.NewRequest","bindingPath":{"path":"/RequestItems/1/TOKENS/0","propertyPath":"TAG","modelName":"newRequestItems"}}},"wdio_ui5_key":"etmportal.ui.managerequests.view.NewRequestsap.ui.core.Icon{\"src\":{\"regex\":{\"source\":\"decline\"}}}{\"controlType\":\"sap.m.Token\",\"viewName\":\"etm.portal.ui.managerequests.view.NewRequest\",\"bindingPath\":{\"path\":\"/RequestItems/1/TOKENS/0\",\"propertyPath\":\"TAG\",\"modelName\":\"newRequestItems\"}}"}]}
RESULT: undefined
COMMAND: POST /session/948cfef606f1c327c7afa492aa33856c/element - {"using":"xpath","value":"//*[@id=\"__token7-__tokenizer62-__xmlview59--requestItemsTable-1-0-icon\"]"}
RESULT: {"using":"xpath","value":"//*[@id=\"__token7-__tokenizer62-__xmlview59--requestItemsTable-1-0-icon\"]"}
COMMAND: POST /session/948cfef606f1c327c7afa492aa33856c/element/f.B11FB8328C47749F850BA47268692D59.d.F403DC9924A7CC9B2C7400A745248470.e.3260/click - {}
RESULT: {}
COMMAND: GET /session/948cfef606f1c327c7afa492aa33856c/screenshot - {}
RESULT: {}
COMMAND: POST /session/948cfef606f1c327c7afa492aa33856c/actions - {"actions":[{"id":"action26","type":"key","parameters":{},"actions":[{"type":"keyDown","value":""},{"type":"pause","duration":10},{"type":"keyUp","value":""}]}]}
RESULT: {"actions":[{"id":"action26","type":"key","parameters":{},"actions":[{"type":"keyDown","value":""},{"type":"pause","duration":10},{"type":"keyUp","value":""}]}]}
COMMAND: GET /session/948cfef606f1c327c7afa492aa33856c/screenshot - {}
RESULT: {}
COMMAND: POST /session/948cfef606f1c327c7afa492aa33856c/execute/async - {"script":"<script> [1562 bytes]","args":[{"selector":{"controlType":"sap.m.Tokenizer","viewName":"etm.portal.ui.managerequests.view.NewRequest","bindingPath":{"path":"/RequestItems/1","propertyPath":"TOKENS","modelName":"newRequestItems"}},"wdio_ui5_key":"etmportal.ui.managerequests.view.NewRequestsap.m.Tokenizer{\"path\":\"/RequestItems/1\",\"propertyPath\":\"TOKENS\",\"modelName\":\"newRequestItems\"}"}]}
RESULT: {"script":"<script> [1562 bytes]","args":[{"selector":{"controlType":"sap.m.Tokenizer","viewName":"etm.portal.ui.managerequests.view.NewRequest","bindingPath":{"path":"/RequestItems/1","propertyPath":"TOKENS","modelName":"newRequestItems"}},"wdio_ui5_key":"etmportal.ui.managerequests.view.NewRequestsap.m.Tokenizer{\"path\":\"/RequestItems/1\",\"propertyPath\":\"TOKENS\",\"modelName\":\"newRequestItems\"}"}]}
RESULT: undefined
COMMAND: POST /session/948cfef606f1c327c7afa492aa33856c/execute/async - {"script":"<script> [6424 bytes]","args":[{"element-6066-11e4-a52e-4f735466cecf":"f.B11FB8328C47749F850BA47268692D59.d.F403DC9924A7CC9B2C7400A745248470.e.3269"},"getTokens",[]]}
RESULT: {"script":"<script> [6424 bytes]","args":[{"element-6066-11e4-a52e-4f735466cecf":"f.B11FB8328C47749F850BA47268692D59.d.F403DC9924A7CC9B2C7400A745248470.e.3269"},"getTokens",[]]}
COMMAND: POST /session/948cfef606f1c327c7afa492aa33856c/execute/async - {"script":"<script> [1562 bytes]","args":[{"wdio_ui5_key":"__token7-__tokenizer62-__xmlview59--requestItemsTable-1-0","selector":{"id":"__token7-__tokenizer62-__xmlview59--requestItemsTable-1-0"}}]}
RESULT: {"script":"<script> [1562 bytes]","args":[{"wdio_ui5_key":"__token7-__tokenizer62-__xmlview59--requestItemsTable-1-0","selector":{"id":"__token7-__tokenizer62-__xmlview59--requestItemsTable-1-0"}}]}
RESULT: undefined
RESULT: undefined
COMMAND: POST /session/948cfef606f1c327c7afa492aa33856c/execute/async - {"script":"<script> [776 bytes]","args":[{"enterText":"tagRequest1","selector":{"controlType":"sap.m.Input","viewName":"etm.portal.ui.managerequests.view.NewRequest","bindingPath":{"path":"","propertyPath":"/Tags","modelName":"catalogModel"},"ancestor":{"controlType":"sap.m.ColumnListItem","viewName":"etm.portal.ui.managerequests.view.NewRequest","bindingPath":{"modelName":"newRequestItems","path":"/RequestItems/1"},"ancestor":{"id":"requestItemsTable","viewName":"etm.portal.ui.managerequests.view.NewRequest"}},"interaction":{"idSuffix":"inner"}},"clearTextFirst":true,"interactionType":"ENTER_TEXT"}]}
RESULT: {"script":"<script> [776 bytes]","args":[{"enterText":"tagRequest1","selector":{"controlType":"sap.m.Input","viewName":"etm.portal.ui.managerequests.view.NewRequest","bindingPath":{"path":"","propertyPath":"/Tags","modelName":"catalogModel"},"ancestor":{"controlType":"sap.m.ColumnListItem","viewName":"etm.portal.ui.managerequests.view.NewRequest","bindingPath":{"modelName":"newRequestItems","path":"/RequestItems/1"},"ancestor":{"id":"requestItemsTable","viewName":"etm.portal.ui.managerequests.view.NewRequest"}},"interaction":{"idSuffix":"inner"}},"clearTextFirst":true,"interactionType":"ENTER_TEXT"}]}
COMMAND: POST /session/948cfef606f1c327c7afa492aa33856c/actions - {"actions":[{"id":"action27","type":"key","parameters":{},"actions":[{"type":"keyDown","value":""},{"type":"pause","duration":10},{"type":"keyUp","value":""}]}]}
RESULT: {"actions":[{"id":"action27","type":"key","parameters":{},"actions":[{"type":"keyDown","value":""},{"type":"pause","duration":10},{"type":"keyUp","value":""}]}]}
COMMAND: GET /session/948cfef606f1c327c7afa492aa33856c/screenshot - {}
RESULT: {}
RESULT: undefined
COMMAND: POST /session/948cfef606f1c327c7afa492aa33856c/execute/async - {"script":"<script> [6424 bytes]","args":[{"element-6066-11e4-a52e-4f735466cecf":"f.B11FB8328C47749F850BA47268692D59.d.F403DC9924A7CC9B2C7400A745248470.e.3269"},"getTokens",[]]}
RESULT: {"script":"<script> [6424 bytes]","args":[{"element-6066-11e4-a52e-4f735466cecf":"f.B11FB8328C47749F850BA47268692D59.d.F403DC9924A7CC9B2C7400A745248470.e.3269"},"getTokens",[]]}
COMMAND: POST /session/948cfef606f1c327c7afa492aa33856c/execute/async - {"script":"<script> [1562 bytes]","args":[{"wdio_ui5_key":"__token7-__tokenizer62-__xmlview59--requestItemsTable-1-1","selector":{"id":"__token7-__tokenizer62-__xmlview59--requestItemsTable-1-1"}}]}
RESULT: undefined
RESULT: {"script":"<script> [1562 bytes]","args":[{"wdio_ui5_key":"__token7-__tokenizer62-__xmlview59--requestItemsTable-1-1","selector":{"id":"__token7-__tokenizer62-__xmlview59--requestItemsTable-1-1"}}]}
RESULT: undefined
COMMAND: POST /session/948cfef606f1c327c7afa492aa33856c/execute/async - {"script":"<script> [1562 bytes]","args":[{"selector":{"controlType":"sap.m.Button","viewName":"etm.portal.ui.managerequests.view.NewRequest","properties":{"text":"Save"},"i18NText":{"propertyName":"tooltip","key":"save"},"interaction":{"idSuffix":"BDI-content"}},"wdio_ui5_key":"etmportal.ui.managerequests.view.NewRequestsap.m.Button{\"propertyName\":\"tooltip\",\"key\":\"save\"}{\"text\":\"Save\"}"}]}
RESULT: {"script":"<script> [1562 bytes]","args":[{"selector":{"controlType":"sap.m.Button","viewName":"etm.portal.ui.managerequests.view.NewRequest","properties":{"text":"Save"},"i18NText":{"propertyName":"tooltip","key":"save"},"interaction":{"idSuffix":"BDI-content"}},"wdio_ui5_key":"etmportal.ui.managerequests.view.NewRequestsap.m.Button{\"propertyName\":\"tooltip\",\"key\":\"save\"}{\"text\":\"Save\"}"}]}
RESULT: undefined
COMMAND: POST /session/948cfef606f1c327c7afa492aa33856c/element - {"using":"xpath","value":"//*[@id=\"__button109\"]"}
RESULT: {"using":"xpath","value":"//*[@id=\"__button109\"]"}
COMMAND: POST /session/948cfef606f1c327c7afa492aa33856c/element/f.B11FB8328C47749F850BA47268692D59.d.F403DC9924A7CC9B2C7400A745248470.e.3013/click - {}
RESULT: {}
COMMAND: GET /session/948cfef606f1c327c7afa492aa33856c/screenshot - {}
RESULT: {}
COMMAND: POST /session/948cfef606f1c327c7afa492aa33856c/element - {"using":"xpath","value":"//bdi[contains(@id ,\"BDI-content\")][contains(text(), \"Close\")]"}
RESULT: {"using":"xpath","value":"//bdi[contains(@id ,\"BDI-content\")][contains(text(), \"Close\")]"}
COMMAND: POST /session/948cfef606f1c327c7afa492aa33856c/element/f.B11FB8328C47749F850BA47268692D59.d.F403DC9924A7CC9B2C7400A745248470.e.3278/click - {}
RESULT: {}
COMMAND: GET /session/948cfef606f1c327c7afa492aa33856c/screenshot - {}
RESULT: {}
]]></system-out>
    </testcase>
    <testcase classname="chrome.136_0_7103_93.windows.Manage_Requests_Tags_Tests_US120163" name="Should Edit Request Tags" time="95.492">
      <system-out><![CDATA[
COMMAND: POST /session/948cfef606f1c327c7afa492aa33856c/execute/async - {"script":"<script> [1562 bytes]","args":[{"selector":{"controlType":"sap.ui.core.Icon","viewName":"etm.portal.ui.managerequests.view.Detail","properties":{"src":{"regex":{"source":"overflow"}}}},"wdio_ui5_key":"etmportal.ui.managerequests.view.Detailsap.ui.core.Icon{\"src\":{\"regex\":{\"source\":\"overflow\"}}}"}]}
RESULT: {"script":"<script> [1562 bytes]","args":[{"selector":{"controlType":"sap.ui.core.Icon","viewName":"etm.portal.ui.managerequests.view.Detail","properties":{"src":{"regex":{"source":"overflow"}}}},"wdio_ui5_key":"etmportal.ui.managerequests.view.Detailsap.ui.core.Icon{\"src\":{\"regex\":{\"source\":\"overflow\"}}}"}]}
RESULT: undefined
COMMAND: POST /session/948cfef606f1c327c7afa492aa33856c/element - {"using":"xpath","value":"//*[@id=\"__xmlview60--detailHeaderTitle-_actionsToolbar-overflowButton-img\"]"}
RESULT: {"using":"xpath","value":"//*[@id=\"__xmlview60--detailHeaderTitle-_actionsToolbar-overflowButton-img\"]"}
COMMAND: POST /session/948cfef606f1c327c7afa492aa33856c/element/f.B11FB8328C47749F850BA47268692D59.d.F403DC9924A7CC9B2C7400A745248470.e.3406/click - {}
RESULT: {}
COMMAND: GET /session/948cfef606f1c327c7afa492aa33856c/screenshot - {}
RESULT: {}
COMMAND: POST /session/948cfef606f1c327c7afa492aa33856c/execute/async - {"script":"<script> [1562 bytes]","args":[{"selector":{"controlType":"sap.uxap.ObjectPageHeaderActionButton","viewName":"etm.portal.ui.managerequests.view.Detail","i18NText":{"propertyName":"text","key":"edit"},"searchOpenDialogs":true,"interaction":{"idSuffix":"inner"}},"wdio_ui5_key":"etmportal.ui.managerequests.view.Detailsap.uxap.ObjectPageHeaderActionButton{\"propertyName\":\"text\",\"key\":\"edit\"}"}]}
RESULT: {"script":"<script> [1562 bytes]","args":[{"selector":{"controlType":"sap.uxap.ObjectPageHeaderActionButton","viewName":"etm.portal.ui.managerequests.view.Detail","i18NText":{"propertyName":"text","key":"edit"},"searchOpenDialogs":true,"interaction":{"idSuffix":"inner"}},"wdio_ui5_key":"etmportal.ui.managerequests.view.Detailsap.uxap.ObjectPageHeaderActionButton{\"propertyName\":\"text\",\"key\":\"edit\"}"}]}
RESULT: undefined
COMMAND: POST /session/948cfef606f1c327c7afa492aa33856c/element - {"using":"xpath","value":"//*[@id=\"__button128\"]"}
RESULT: {"using":"xpath","value":"//*[@id=\"__button128\"]"}
COMMAND: POST /session/948cfef606f1c327c7afa492aa33856c/element/f.B11FB8328C47749F850BA47268692D59.d.F403DC9924A7CC9B2C7400A745248470.e.3410/click - {}
RESULT: {}
COMMAND: GET /session/948cfef606f1c327c7afa492aa33856c/screenshot - {}
RESULT: {}
COMMAND: POST /session/948cfef606f1c327c7afa492aa33856c/execute/async - {"script":"<script> [1562 bytes]","args":[{"selector":{"controlType":"sap.ui.core.Icon","viewName":"etm.portal.ui.managerequests.view.Edit","properties":{"src":{"regex":{"source":"decline"}}},"ancestor":{"controlType":"sap.m.Token","viewName":"etm.portal.ui.managerequests.view.Edit","bindingPath":{"propertyPath":"TAG","modelName":"catalogModel"},"properties":{"text":"RefTag"}}},"wdio_ui5_key":"etmportal.ui.managerequests.view.Editsap.ui.core.Icon{\"src\":{\"regex\":{\"source\":\"decline\"}}}{\"controlType\":\"sap.m.Token\",\"viewName\":\"etm.portal.ui.managerequests.view.Edit\",\"bindingPath\":{\"propertyPath\":\"TAG\",\"modelName\":\"catalogModel\"},\"properties\":{\"text\":\"RefTag\"}}"}]}
RESULT: {"script":"<script> [1562 bytes]","args":[{"selector":{"controlType":"sap.ui.core.Icon","viewName":"etm.portal.ui.managerequests.view.Edit","properties":{"src":{"regex":{"source":"decline"}}},"ancestor":{"controlType":"sap.m.Token","viewName":"etm.portal.ui.managerequests.view.Edit","bindingPath":{"propertyPath":"TAG","modelName":"catalogModel"},"properties":{"text":"RefTag"}}},"wdio_ui5_key":"etmportal.ui.managerequests.view.Editsap.ui.core.Icon{\"src\":{\"regex\":{\"source\":\"decline\"}}}{\"controlType\":\"sap.m.Token\",\"viewName\":\"etm.portal.ui.managerequests.view.Edit\",\"bindingPath\":{\"propertyPath\":\"TAG\",\"modelName\":\"catalogModel\"},\"properties\":{\"text\":\"RefTag\"}}"}]}
RESULT: undefined
COMMAND: POST /session/948cfef606f1c327c7afa492aa33856c/element - {"using":"xpath","value":"//*[@id=\"__token13-__tokenizer64-0-icon\"]"}
RESULT: {"using":"xpath","value":"//*[@id=\"__token13-__tokenizer64-0-icon\"]"}
COMMAND: POST /session/948cfef606f1c327c7afa492aa33856c/element/f.B11FB8328C47749F850BA47268692D59.d.F403DC9924A7CC9B2C7400A745248470.e.3515/click - {}
RESULT: {}
COMMAND: POST /session/948cfef606f1c327c7afa492aa33856c/execute/async - {"script":"<script> [1562 bytes]","args":[{"selector":{"id":"tagMultiInputRequests","viewName":"etm.portal.ui.managerequests.view.Edit","interaction":{"idSuffix":"inner"}},"wdio_ui5_key":"tagMultiInputRequestsetmportal.ui.managerequests.view.Edit"}]}
COMMAND: GET /session/948cfef606f1c327c7afa492aa33856c/screenshot - {}
RESULT: {"script":"<script> [1562 bytes]","args":[{"selector":{"id":"tagMultiInputRequests","viewName":"etm.portal.ui.managerequests.view.Edit","interaction":{"idSuffix":"inner"}},"wdio_ui5_key":"tagMultiInputRequestsetmportal.ui.managerequests.view.Edit"}]}
RESULT: undefined
COMMAND: POST /session/948cfef606f1c327c7afa492aa33856c/execute/async - {"script":"<script> [6424 bytes]","args":[{"element-6066-11e4-a52e-4f735466cecf":"f.B11FB8328C47749F850BA47268692D59.d.F403DC9924A7CC9B2C7400A745248470.e.3442"},"getTokens",[]]}
RESULT: {}
RESULT: {"script":"<script> [6424 bytes]","args":[{"element-6066-11e4-a52e-4f735466cecf":"f.B11FB8328C47749F850BA47268692D59.d.F403DC9924A7CC9B2C7400A745248470.e.3442"},"getTokens",[]]}
COMMAND: POST /session/948cfef606f1c327c7afa492aa33856c/execute/async - {"script":"<script> [1562 bytes]","args":[{"wdio_ui5_key":"__token13-__tokenizer64-1","selector":{"id":"__token13-__tokenizer64-1"}}]}
RESULT: {"script":"<script> [1562 bytes]","args":[{"wdio_ui5_key":"__token13-__tokenizer64-1","selector":{"id":"__token13-__tokenizer64-1"}}]}
RESULT: undefined
RESULT: undefined
COMMAND: POST /session/948cfef606f1c327c7afa492aa33856c/execute/async - {"script":"<script> [776 bytes]","args":[{"enterText":"RefTag","selector":{"id":"tagMultiInputRequests","viewName":"etm.portal.ui.managerequests.view.Edit","interaction":{"idSuffix":"inner"}},"clearTextFirst":true,"interactionType":"ENTER_TEXT"}]}
RESULT: {"script":"<script> [776 bytes]","args":[{"enterText":"RefTag","selector":{"id":"tagMultiInputRequests","viewName":"etm.portal.ui.managerequests.view.Edit","interaction":{"idSuffix":"inner"}},"clearTextFirst":true,"interactionType":"ENTER_TEXT"}]}
COMMAND: POST /session/948cfef606f1c327c7afa492aa33856c/actions - {"actions":[{"id":"action28","type":"key","parameters":{},"actions":[{"type":"keyDown","value":""},{"type":"pause","duration":10},{"type":"keyUp","value":""}]}]}
RESULT: {"actions":[{"id":"action28","type":"key","parameters":{},"actions":[{"type":"keyDown","value":""},{"type":"pause","duration":10},{"type":"keyUp","value":""}]}]}
COMMAND: GET /session/948cfef606f1c327c7afa492aa33856c/screenshot - {}
RESULT: {}
RESULT: undefined
COMMAND: POST /session/948cfef606f1c327c7afa492aa33856c/execute/async - {"script":"<script> [6424 bytes]","args":[{"element-6066-11e4-a52e-4f735466cecf":"f.B11FB8328C47749F850BA47268692D59.d.F403DC9924A7CC9B2C7400A745248470.e.3442"},"getTokens",[]]}
RESULT: {"script":"<script> [6424 bytes]","args":[{"element-6066-11e4-a52e-4f735466cecf":"f.B11FB8328C47749F850BA47268692D59.d.F403DC9924A7CC9B2C7400A745248470.e.3442"},"getTokens",[]]}
COMMAND: POST /session/948cfef606f1c327c7afa492aa33856c/execute/async - {"script":"<script> [1562 bytes]","args":[{"wdio_ui5_key":"__token16","selector":{"id":"__token16"}}]}
RESULT: undefined
RESULT: {"script":"<script> [1562 bytes]","args":[{"wdio_ui5_key":"__token16","selector":{"id":"__token16"}}]}
RESULT: undefined
COMMAND: POST /session/948cfef606f1c327c7afa492aa33856c/execute/async - {"script":"<script> [1562 bytes]","args":[{"selector":{"controlType":"sap.m.Button","viewName":"etm.portal.ui.managerequests.view.Edit","properties":{"text":"Items (2)"},"interaction":{"idSuffix":"BDI-content"}},"wdio_ui5_key":"etmportal.ui.managerequests.view.Editsap.m.Button{\"text\":\"Items (2)\"}"}]}
RESULT: {"script":"<script> [1562 bytes]","args":[{"selector":{"controlType":"sap.m.Button","viewName":"etm.portal.ui.managerequests.view.Edit","properties":{"text":"Items (2)"},"interaction":{"idSuffix":"BDI-content"}},"wdio_ui5_key":"etmportal.ui.managerequests.view.Editsap.m.Button{\"text\":\"Items (2)\"}"}]}
RESULT: undefined
COMMAND: POST /session/948cfef606f1c327c7afa492aa33856c/element - {"using":"xpath","value":"//*[@id=\"__xmlview61--editRequestPage-anchBar-__xmlview61--requestItemsSection-anchor\"]"}
RESULT: {"using":"xpath","value":"//*[@id=\"__xmlview61--editRequestPage-anchBar-__xmlview61--requestItemsSection-anchor\"]"}
COMMAND: POST /session/948cfef606f1c327c7afa492aa33856c/element/f.B11FB8328C47749F850BA47268692D59.d.F403DC9924A7CC9B2C7400A745248470.e.3520/click - {}
RESULT: {}
COMMAND: GET /session/948cfef606f1c327c7afa492aa33856c/screenshot - {}
RESULT: {}
COMMAND: POST /session/948cfef606f1c327c7afa492aa33856c/execute/async - {"script":"<script> [1562 bytes]","args":[{"selector":{"controlType":"sap.ui.core.Icon","viewName":"etm.portal.ui.managerequests.view.Edit","properties":{"src":{"regex":{"source":"inspect"}}}},"wdio_ui5_key":"etmportal.ui.managerequests.view.Editsap.ui.core.Icon{\"src\":{\"regex\":{\"source\":\"inspect\"}}}"}]}
RESULT: {"script":"<script> [1562 bytes]","args":[{"selector":{"controlType":"sap.ui.core.Icon","viewName":"etm.portal.ui.managerequests.view.Edit","properties":{"src":{"regex":{"source":"inspect"}}}},"wdio_ui5_key":"etmportal.ui.managerequests.view.Editsap.ui.core.Icon{\"src\":{\"regex\":{\"source\":\"inspect\"}}}"}]}
RESULT: undefined
COMMAND: POST /session/948cfef606f1c327c7afa492aa33856c/element - {"using":"xpath","value":"//*[@id=\"__button153-img\"]"}
RESULT: {"using":"xpath","value":"//*[@id=\"__button153-img\"]"}
COMMAND: POST /session/948cfef606f1c327c7afa492aa33856c/element/f.B11FB8328C47749F850BA47268692D59.d.F403DC9924A7CC9B2C7400A745248470.e.3526/click - {}
RESULT: {}
COMMAND: GET /session/948cfef606f1c327c7afa492aa33856c/screenshot - {}
RESULT: {}
COMMAND: POST /session/948cfef606f1c327c7afa492aa33856c/execute/async - {"script":"<script> [1562 bytes]","args":[{"selector":{"controlType":"sap.m.Tokenizer","viewName":"etm.portal.ui.managerequests.view.Edit","bindingPath":{"path":"/RequestItems/0","propertyPath":"LINK_TO_TAGS","modelName":"RequestItemsModel"}},"wdio_ui5_key":"etmportal.ui.managerequests.view.Editsap.m.Tokenizer{\"path\":\"/RequestItems/0\",\"propertyPath\":\"LINK_TO_TAGS\",\"modelName\":\"RequestItemsModel\"}"}]}
RESULT: {"script":"<script> [1562 bytes]","args":[{"selector":{"controlType":"sap.m.Tokenizer","viewName":"etm.portal.ui.managerequests.view.Edit","bindingPath":{"path":"/RequestItems/0","propertyPath":"LINK_TO_TAGS","modelName":"RequestItemsModel"}},"wdio_ui5_key":"etmportal.ui.managerequests.view.Editsap.m.Tokenizer{\"path\":\"/RequestItems/0\",\"propertyPath\":\"LINK_TO_TAGS\",\"modelName\":\"RequestItemsModel\"}"}]}
RESULT: undefined
COMMAND: POST /session/948cfef606f1c327c7afa492aa33856c/element - {"using":"xpath","value":"//*[@id=\"__tokenizer66\"]"}
RESULT: {"using":"xpath","value":"//*[@id=\"__tokenizer66\"]"}
COMMAND: POST /session/948cfef606f1c327c7afa492aa33856c/element/f.B11FB8328C47749F850BA47268692D59.d.F403DC9924A7CC9B2C7400A745248470.e.3528/click - {}
RESULT: {}
COMMAND: GET /session/948cfef606f1c327c7afa492aa33856c/screenshot - {}
RESULT: {}
COMMAND: POST /session/948cfef606f1c327c7afa492aa33856c/execute/async - {"script":"<script> [1562 bytes]","args":[{"selector":{"controlType":"sap.ui.core.Icon","viewName":"etm.portal.ui.managerequests.view.Edit","properties":{"src":{"regex":{"source":"decline"}}},"searchOpenDialogs":true,"ancestor":{"controlType":"sap.m.StandardListItem","viewName":"etm.portal.ui.managerequests.view.Edit","properties":{"title":"tag-duplicate"},"searchOpenDialogs":true}},"wdio_ui5_key":"etmportal.ui.managerequests.view.Editsap.ui.core.Icon{\"src\":{\"regex\":{\"source\":\"decline\"}}}{\"controlType\":\"sap.m.StandardListItem\",\"viewName\":\"etm.portal.ui.managerequests.view.Edit\",\"properties\":{\"title\":\"tag-duplicate\"},\"searchOpenDialogs\":true}"}]}
RESULT: {"script":"<script> [1562 bytes]","args":[{"selector":{"controlType":"sap.ui.core.Icon","viewName":"etm.portal.ui.managerequests.view.Edit","properties":{"src":{"regex":{"source":"decline"}}},"searchOpenDialogs":true,"ancestor":{"controlType":"sap.m.StandardListItem","viewName":"etm.portal.ui.managerequests.view.Edit","properties":{"title":"tag-duplicate"},"searchOpenDialogs":true}},"wdio_ui5_key":"etmportal.ui.managerequests.view.Editsap.ui.core.Icon{\"src\":{\"regex\":{\"source\":\"decline\"}}}{\"controlType\":\"sap.m.StandardListItem\",\"viewName\":\"etm.portal.ui.managerequests.view.Edit\",\"properties\":{\"title\":\"tag-duplicate\"},\"searchOpenDialogs\":true}"}]}
RESULT: undefined
COMMAND: POST /session/948cfef606f1c327c7afa492aa33856c/element - {"using":"xpath","value":"//*[@id=\"__item2272-imgDel-img\"]"}
RESULT: {"using":"xpath","value":"//*[@id=\"__item2272-imgDel-img\"]"}
COMMAND: POST /session/948cfef606f1c327c7afa492aa33856c/element/f.B11FB8328C47749F850BA47268692D59.d.F403DC9924A7CC9B2C7400A745248470.e.3531/click - {}
RESULT: {}
COMMAND: GET /session/948cfef606f1c327c7afa492aa33856c/screenshot - {}
RESULT: {}
COMMAND: POST /session/948cfef606f1c327c7afa492aa33856c/actions - {"actions":[{"id":"action29","type":"key","parameters":{},"actions":[{"type":"keyDown","value":""},{"type":"pause","duration":10},{"type":"keyUp","value":""}]}]}
RESULT: {"actions":[{"id":"action29","type":"key","parameters":{},"actions":[{"type":"keyDown","value":""},{"type":"pause","duration":10},{"type":"keyUp","value":""}]}]}
COMMAND: POST /session/948cfef606f1c327c7afa492aa33856c/execute/async - {"script":"<script> [1562 bytes]","args":[{"selector":{"controlType":"sap.m.Tokenizer","viewName":"etm.portal.ui.managerequests.view.Edit","bindingPath":{"path":"/RequestItems/1","propertyPath":"LINK_TO_TAGS","modelName":"RequestItemsModel"}},"wdio_ui5_key":"etmportal.ui.managerequests.view.Editsap.m.Tokenizer{\"path\":\"/RequestItems/1\",\"propertyPath\":\"LINK_TO_TAGS\",\"modelName\":\"RequestItemsModel\"}"}]}
COMMAND: GET /session/948cfef606f1c327c7afa492aa33856c/screenshot - {}
RESULT: {"script":"<script> [1562 bytes]","args":[{"selector":{"controlType":"sap.m.Tokenizer","viewName":"etm.portal.ui.managerequests.view.Edit","bindingPath":{"path":"/RequestItems/1","propertyPath":"LINK_TO_TAGS","modelName":"RequestItemsModel"}},"wdio_ui5_key":"etmportal.ui.managerequests.view.Editsap.m.Tokenizer{\"path\":\"/RequestItems/1\",\"propertyPath\":\"LINK_TO_TAGS\",\"modelName\":\"RequestItemsModel\"}"}]}
RESULT: undefined
COMMAND: POST /session/948cfef606f1c327c7afa492aa33856c/element - {"using":"xpath","value":"//*[@id=\"__tokenizer67\"]"}
RESULT: {}
RESULT: {"using":"xpath","value":"//*[@id=\"__tokenizer67\"]"}
COMMAND: POST /session/948cfef606f1c327c7afa492aa33856c/element/f.B11FB8328C47749F850BA47268692D59.d.F403DC9924A7CC9B2C7400A745248470.e.3534/click - {}
RESULT: {}
COMMAND: GET /session/948cfef606f1c327c7afa492aa33856c/screenshot - {}
RESULT: {}
COMMAND: POST /session/948cfef606f1c327c7afa492aa33856c/execute/async - {"script":"<script> [1562 bytes]","args":[{"selector":{"controlType":"sap.ui.core.Icon","viewName":"etm.portal.ui.managerequests.view.Edit","properties":{"src":{"regex":{"source":"decline"}}},"searchOpenDialogs":true,"ancestor":{"controlType":"sap.m.StandardListItem","viewName":"etm.portal.ui.managerequests.view.Edit","properties":{"title":"tagRequest1"},"searchOpenDialogs":true}},"wdio_ui5_key":"etmportal.ui.managerequests.view.Editsap.ui.core.Icon{\"src\":{\"regex\":{\"source\":\"decline\"}}}{\"controlType\":\"sap.m.StandardListItem\",\"viewName\":\"etm.portal.ui.managerequests.view.Edit\",\"properties\":{\"title\":\"tagRequest1\"},\"searchOpenDialogs\":true}"}]}
RESULT: {"script":"<script> [1562 bytes]","args":[{"selector":{"controlType":"sap.ui.core.Icon","viewName":"etm.portal.ui.managerequests.view.Edit","properties":{"src":{"regex":{"source":"decline"}}},"searchOpenDialogs":true,"ancestor":{"controlType":"sap.m.StandardListItem","viewName":"etm.portal.ui.managerequests.view.Edit","properties":{"title":"tagRequest1"},"searchOpenDialogs":true}},"wdio_ui5_key":"etmportal.ui.managerequests.view.Editsap.ui.core.Icon{\"src\":{\"regex\":{\"source\":\"decline\"}}}{\"controlType\":\"sap.m.StandardListItem\",\"viewName\":\"etm.portal.ui.managerequests.view.Edit\",\"properties\":{\"title\":\"tagRequest1\"},\"searchOpenDialogs\":true}"}]}
RESULT: undefined
COMMAND: POST /session/948cfef606f1c327c7afa492aa33856c/element - {"using":"xpath","value":"//*[@id=\"__item2280-imgDel-img\"]"}
RESULT: {"using":"xpath","value":"//*[@id=\"__item2280-imgDel-img\"]"}
COMMAND: POST /session/948cfef606f1c327c7afa492aa33856c/element/f.B11FB8328C47749F850BA47268692D59.d.F403DC9924A7CC9B2C7400A745248470.e.3537/click - {}
RESULT: {}
COMMAND: GET /session/948cfef606f1c327c7afa492aa33856c/screenshot - {}
RESULT: {}
COMMAND: POST /session/948cfef606f1c327c7afa492aa33856c/execute/async - {"script":"<script> [1562 bytes]","args":[{"selector":{"controlType":"sap.ui.core.Icon","viewName":"etm.portal.ui.managerequests.view.Edit","properties":{"src":{"regex":{"source":"decline"}}},"searchOpenDialogs":true,"ancestor":{"controlType":"sap.m.StandardListItem","viewName":"etm.portal.ui.managerequests.view.Edit","properties":{"title":"RefTag"},"searchOpenDialogs":true}},"wdio_ui5_key":"etmportal.ui.managerequests.view.Editsap.ui.core.Icon{\"src\":{\"regex\":{\"source\":\"decline\"}}}{\"controlType\":\"sap.m.StandardListItem\",\"viewName\":\"etm.portal.ui.managerequests.view.Edit\",\"properties\":{\"title\":\"RefTag\"},\"searchOpenDialogs\":true}"}]}
RESULT: {"script":"<script> [1562 bytes]","args":[{"selector":{"controlType":"sap.ui.core.Icon","viewName":"etm.portal.ui.managerequests.view.Edit","properties":{"src":{"regex":{"source":"decline"}}},"searchOpenDialogs":true,"ancestor":{"controlType":"sap.m.StandardListItem","viewName":"etm.portal.ui.managerequests.view.Edit","properties":{"title":"RefTag"},"searchOpenDialogs":true}},"wdio_ui5_key":"etmportal.ui.managerequests.view.Editsap.ui.core.Icon{\"src\":{\"regex\":{\"source\":\"decline\"}}}{\"controlType\":\"sap.m.StandardListItem\",\"viewName\":\"etm.portal.ui.managerequests.view.Edit\",\"properties\":{\"title\":\"RefTag\"},\"searchOpenDialogs\":true}"}]}
RESULT: undefined
COMMAND: POST /session/948cfef606f1c327c7afa492aa33856c/element - {"using":"xpath","value":"//*[@id=\"__item2284-imgDel-img\"]"}
RESULT: {"using":"xpath","value":"//*[@id=\"__item2284-imgDel-img\"]"}
COMMAND: POST /session/948cfef606f1c327c7afa492aa33856c/element/f.B11FB8328C47749F850BA47268692D59.d.F403DC9924A7CC9B2C7400A745248470.e.3540/click - {}
RESULT: {}
COMMAND: GET /session/948cfef606f1c327c7afa492aa33856c/screenshot - {}
RESULT: {}
COMMAND: POST /session/948cfef606f1c327c7afa492aa33856c/execute/async - {"script":"<script> [1562 bytes]","args":[{"selector":{"controlType":"sap.ui.core.Icon","viewName":"etm.portal.ui.managerequests.view.Edit","properties":{"src":{"regex":{"source":"decline"}}},"searchOpenDialogs":true,"ancestor":{"controlType":"sap.m.StandardListItem","viewName":"etm.portal.ui.managerequests.view.Edit","properties":{"title":"tag-header"},"searchOpenDialogs":true}},"wdio_ui5_key":"etmportal.ui.managerequests.view.Editsap.ui.core.Icon{\"src\":{\"regex\":{\"source\":\"decline\"}}}{\"controlType\":\"sap.m.StandardListItem\",\"viewName\":\"etm.portal.ui.managerequests.view.Edit\",\"properties\":{\"title\":\"tag-header\"},\"searchOpenDialogs\":true}"}]}
RESULT: {"script":"<script> [1562 bytes]","args":[{"selector":{"controlType":"sap.ui.core.Icon","viewName":"etm.portal.ui.managerequests.view.Edit","properties":{"src":{"regex":{"source":"decline"}}},"searchOpenDialogs":true,"ancestor":{"controlType":"sap.m.StandardListItem","viewName":"etm.portal.ui.managerequests.view.Edit","properties":{"title":"tag-header"},"searchOpenDialogs":true}},"wdio_ui5_key":"etmportal.ui.managerequests.view.Editsap.ui.core.Icon{\"src\":{\"regex\":{\"source\":\"decline\"}}}{\"controlType\":\"sap.m.StandardListItem\",\"viewName\":\"etm.portal.ui.managerequests.view.Edit\",\"properties\":{\"title\":\"tag-header\"},\"searchOpenDialogs\":true}"}]}
RESULT: undefined
COMMAND: POST /session/948cfef606f1c327c7afa492aa33856c/element - {"using":"xpath","value":"//*[@id=\"__item2287-imgDel-img\"]"}
RESULT: {"using":"xpath","value":"//*[@id=\"__item2287-imgDel-img\"]"}
COMMAND: POST /session/948cfef606f1c327c7afa492aa33856c/element/f.B11FB8328C47749F850BA47268692D59.d.F403DC9924A7CC9B2C7400A745248470.e.3543/click - {}
RESULT: {}
COMMAND: GET /session/948cfef606f1c327c7afa492aa33856c/screenshot - {}
RESULT: {}
COMMAND: POST /session/948cfef606f1c327c7afa492aa33856c/actions - {"actions":[{"id":"action30","type":"key","parameters":{},"actions":[{"type":"keyDown","value":""},{"type":"pause","duration":10},{"type":"keyUp","value":""}]}]}
RESULT: {"actions":[{"id":"action30","type":"key","parameters":{},"actions":[{"type":"keyDown","value":""},{"type":"pause","duration":10},{"type":"keyUp","value":""}]}]}
COMMAND: POST /session/948cfef606f1c327c7afa492aa33856c/actions - {"actions":[{"id":"action31","type":"key","parameters":{},"actions":[{"type":"keyDown","value":""},{"type":"pause","duration":10},{"type":"keyUp","value":""}]}]}
COMMAND: GET /session/948cfef606f1c327c7afa492aa33856c/screenshot - {}
RESULT: {"actions":[{"id":"action31","type":"key","parameters":{},"actions":[{"type":"keyDown","value":""},{"type":"pause","duration":10},{"type":"keyUp","value":""}]}]}
COMMAND: GET /session/948cfef606f1c327c7afa492aa33856c/screenshot - {}
RESULT: {}
RESULT: {}
COMMAND: POST /session/948cfef606f1c327c7afa492aa33856c/execute/async - {"script":"<script> [1562 bytes]","args":[{"selector":{"controlType":"sap.m.Button","viewName":"etm.portal.ui.managerequests.view.Edit","i18NText":{"propertyName":"tooltip","key":"save"},"interaction":{"idSuffix":"BDI-content"}},"wdio_ui5_key":"etmportal.ui.managerequests.view.Editsap.m.Button{\"propertyName\":\"tooltip\",\"key\":\"save\"}"}]}
RESULT: {"script":"<script> [1562 bytes]","args":[{"selector":{"controlType":"sap.m.Button","viewName":"etm.portal.ui.managerequests.view.Edit","i18NText":{"propertyName":"tooltip","key":"save"},"interaction":{"idSuffix":"BDI-content"}},"wdio_ui5_key":"etmportal.ui.managerequests.view.Editsap.m.Button{\"propertyName\":\"tooltip\",\"key\":\"save\"}"}]}
RESULT: undefined
COMMAND: POST /session/948cfef606f1c327c7afa492aa33856c/element - {"using":"xpath","value":"//*[@id=\"__xmlview61--saveButtonId\"]"}
RESULT: {"using":"xpath","value":"//*[@id=\"__xmlview61--saveButtonId\"]"}
COMMAND: POST /session/948cfef606f1c327c7afa492aa33856c/element/f.B11FB8328C47749F850BA47268692D59.d.F403DC9924A7CC9B2C7400A745248470.e.3453/click - {}
RESULT: {}
COMMAND: GET /session/948cfef606f1c327c7afa492aa33856c/screenshot - {}
RESULT: {}
COMMAND: POST /session/948cfef606f1c327c7afa492aa33856c/execute/async - {"script":"<script> [1562 bytes]","args":[{"selector":{"id":"tagsLayoutViewMode","viewName":"etm.portal.ui.managerequests.view.Detail"},"wdio_ui5_key":"tagsLayoutViewModeetmportal.ui.managerequests.view.Detail"}]}
RESULT: {"script":"<script> [1562 bytes]","args":[{"selector":{"id":"tagsLayoutViewMode","viewName":"etm.portal.ui.managerequests.view.Detail"},"wdio_ui5_key":"tagsLayoutViewModeetmportal.ui.managerequests.view.Detail"}]}
RESULT: undefined
COMMAND: POST /session/948cfef606f1c327c7afa492aa33856c/execute/async - {"script":"<script> [6424 bytes]","args":[{"element-6066-11e4-a52e-4f735466cecf":"f.B11FB8328C47749F850BA47268692D59.d.F403DC9924A7CC9B2C7400A745248470.e.3659"},"getTokens",[]]}
RESULT: {"script":"<script> [6424 bytes]","args":[{"element-6066-11e4-a52e-4f735466cecf":"f.B11FB8328C47749F850BA47268692D59.d.F403DC9924A7CC9B2C7400A745248470.e.3659"},"getTokens",[]]}
COMMAND: POST /session/948cfef606f1c327c7afa492aa33856c/execute/async - {"script":"<script> [1562 bytes]","args":[{"wdio_ui5_key":"__token11-__xmlview60--tagsLayoutViewMode-1","selector":{"id":"__token11-__xmlview60--tagsLayoutViewMode-1"}}]}
COMMAND: POST /session/948cfef606f1c327c7afa492aa33856c/execute/async - {"script":"<script> [1562 bytes]","args":[{"wdio_ui5_key":"__token11-__xmlview60--tagsLayoutViewMode-0","selector":{"id":"__token11-__xmlview60--tagsLayoutViewMode-0"}}]}
RESULT: {"script":"<script> [1562 bytes]","args":[{"wdio_ui5_key":"__token11-__xmlview60--tagsLayoutViewMode-0","selector":{"id":"__token11-__xmlview60--tagsLayoutViewMode-0"}}]}
RESULT: undefined
RESULT: {"script":"<script> [1562 bytes]","args":[{"wdio_ui5_key":"__token11-__xmlview60--tagsLayoutViewMode-1","selector":{"id":"__token11-__xmlview60--tagsLayoutViewMode-1"}}]}
RESULT: undefined
COMMAND: POST /session/948cfef606f1c327c7afa492aa33856c/execute/async - {"script":"<script> [1562 bytes]","args":[{"selector":{"controlType":"sap.m.OverflowToolbarButton","viewName":"etm.portal.ui.managerequests.view.Detail","properties":{"text":"Settings"},"interaction":{"idSuffix":"inner"}},"wdio_ui5_key":"etmportal.ui.managerequests.view.Detailsap.m.OverflowToolbarButton{\"text\":\"Settings\"}"}]}
RESULT: {"script":"<script> [1562 bytes]","args":[{"selector":{"controlType":"sap.m.OverflowToolbarButton","viewName":"etm.portal.ui.managerequests.view.Detail","properties":{"text":"Settings"},"interaction":{"idSuffix":"inner"}},"wdio_ui5_key":"etmportal.ui.managerequests.view.Detailsap.m.OverflowToolbarButton{\"text\":\"Settings\"}"}]}
RESULT: undefined
COMMAND: POST /session/948cfef606f1c327c7afa492aa33856c/element - {"using":"xpath","value":"//*[@id=\"__xmlview60--smartTableRequestItems-btnPersonalisation\"]"}
RESULT: {"using":"xpath","value":"//*[@id=\"__xmlview60--smartTableRequestItems-btnPersonalisation\"]"}
COMMAND: POST /session/948cfef606f1c327c7afa492aa33856c/element/f.B11FB8328C47749F850BA47268692D59.d.F403DC9924A7CC9B2C7400A745248470.e.3663/click - {}
RESULT: {}
COMMAND: POST /session/948cfef606f1c327c7afa492aa33856c/execute/async - {"script":"<script> [1562 bytes]","args":[{"selector":{"controlType":"sap.m.SearchField","viewName":"etm.portal.ui.managerequests.view.Detail","searchOpenDialogs":true,"interaction":{"idSuffix":"I"}},"wdio_ui5_key":"etmportal.ui.managerequests.view.Detailsap.m.SearchField"}]}
COMMAND: GET /session/948cfef606f1c327c7afa492aa33856c/screenshot - {}
RESULT: {"script":"<script> [1562 bytes]","args":[{"selector":{"controlType":"sap.m.SearchField","viewName":"etm.portal.ui.managerequests.view.Detail","searchOpenDialogs":true,"interaction":{"idSuffix":"I"}},"wdio_ui5_key":"etmportal.ui.managerequests.view.Detailsap.m.SearchField"}]}
RESULT: undefined
COMMAND: POST /session/948cfef606f1c327c7afa492aa33856c/execute/async - {"script":"<script> [776 bytes]","args":[{"enterText":"tag","selector":{"controlType":"sap.m.SearchField","viewName":"etm.portal.ui.managerequests.view.Detail","searchOpenDialogs":true,"interaction":{"idSuffix":"I"}},"clearTextFirst":true,"interactionType":"ENTER_TEXT"}]}
RESULT: {}
RESULT: {"script":"<script> [776 bytes]","args":[{"enterText":"tag","selector":{"controlType":"sap.m.SearchField","viewName":"etm.portal.ui.managerequests.view.Detail","searchOpenDialogs":true,"interaction":{"idSuffix":"I"}},"clearTextFirst":true,"interactionType":"ENTER_TEXT"}]}
COMMAND: POST /session/948cfef606f1c327c7afa492aa33856c/element - {"using":"xpath","value":"//div[contains(@id ,\"innerSelectionPanelTable-0-selectMulti-CbBg\")]"}
RESULT: {"using":"xpath","value":"//div[contains(@id ,\"innerSelectionPanelTable-0-selectMulti-CbBg\")]"}
COMMAND: POST /session/948cfef606f1c327c7afa492aa33856c/element/f.B11FB8328C47749F850BA47268692D59.d.F403DC9924A7CC9B2C7400A745248470.e.3700/click - {}
RESULT: {}
COMMAND: POST /session/948cfef606f1c327c7afa492aa33856c/execute/async - {"script":"<script> [1562 bytes]","args":[{"selector":{"controlType":"sap.m.Button","viewName":"etm.portal.ui.managerequests.view.Detail","properties":{"text":"OK"},"searchOpenDialogs":true,"interaction":{"idSuffix":"BDI-content"}},"wdio_ui5_key":"etmportal.ui.managerequests.view.Detailsap.m.Button{\"text\":\"OK\"}"}]}
COMMAND: GET /session/948cfef606f1c327c7afa492aa33856c/screenshot - {}
RESULT: {"script":"<script> [1562 bytes]","args":[{"selector":{"controlType":"sap.m.Button","viewName":"etm.portal.ui.managerequests.view.Detail","properties":{"text":"OK"},"searchOpenDialogs":true,"interaction":{"idSuffix":"BDI-content"}},"wdio_ui5_key":"etmportal.ui.managerequests.view.Detailsap.m.Button{\"text\":\"OK\"}"}]}
RESULT: undefined
COMMAND: POST /session/948cfef606f1c327c7afa492aa33856c/element - {"using":"xpath","value":"//*[@id=\"__popup368-confirmBtn\"]"}
RESULT: {}
RESULT: {"using":"xpath","value":"//*[@id=\"__popup368-confirmBtn\"]"}
COMMAND: POST /session/948cfef606f1c327c7afa492aa33856c/element/f.B11FB8328C47749F850BA47268692D59.d.F403DC9924A7CC9B2C7400A745248470.e.3705/click - {}
RESULT: {}
COMMAND: GET /session/948cfef606f1c327c7afa492aa33856c/screenshot - {}
RESULT: {}
COMMAND: POST /session/948cfef606f1c327c7afa492aa33856c/execute/async - {"script":"<script> [1562 bytes]","args":[{"selector":{"controlType":"sap.m.Text","viewName":"etm.portal.ui.managerequests.view.Detail","bindingPath":{"propertyPath":"NO","modelName":"catalogModel"}},"wdio_ui5_key":"etmportal.ui.managerequests.view.Detailsap.m.Text{\"propertyPath\":\"NO\",\"modelName\":\"catalogModel\"}"}]}
RESULT: {"script":"<script> [1562 bytes]","args":[{"selector":{"controlType":"sap.m.Text","viewName":"etm.portal.ui.managerequests.view.Detail","bindingPath":{"propertyPath":"NO","modelName":"catalogModel"}},"wdio_ui5_key":"etmportal.ui.managerequests.view.Detailsap.m.Text{\"propertyPath\":\"NO\",\"modelName\":\"catalogModel\"}"}]}
RESULT: undefined
COMMAND: POST /session/948cfef606f1c327c7afa492aa33856c/execute/async - {"script":"<script> [6424 bytes]","args":[{"element-6066-11e4-a52e-4f735466cecf":"f.B11FB8328C47749F850BA47268692D59.d.F403DC9924A7CC9B2C7400A745248470.e.3728"},"getText",[]]}
RESULT: {"script":"<script> [6424 bytes]","args":[{"element-6066-11e4-a52e-4f735466cecf":"f.B11FB8328C47749F850BA47268692D59.d.F403DC9924A7CC9B2C7400A745248470.e.3728"},"getText",[]]}
COMMAND: POST /session/948cfef606f1c327c7afa492aa33856c/execute/async - {"script":"<script> [1562 bytes]","args":[{"selector":{"controlType":"sap.m.Tokenizer","viewName":"etm.portal.ui.managerequests.view.Detail","bindingPath":{"path":"/SmartRequestItemsPlanningBoard(ITEM=10m,REQUEST='20246')","propertyPath":"LINK_TO_TAGS"}},"wdio_ui5_key":"etmportal.ui.managerequests.view.Detailsap.m.Tokenizer{\"path\":\"/SmartRequestItemsPlanningBoard(ITEM=10m,REQUEST='20246')\",\"propertyPath\":\"LINK_TO_TAGS\"}"}]}
RESULT: {"script":"<script> [1562 bytes]","args":[{"selector":{"controlType":"sap.m.Tokenizer","viewName":"etm.portal.ui.managerequests.view.Detail","bindingPath":{"path":"/SmartRequestItemsPlanningBoard(ITEM=10m,REQUEST='20246')","propertyPath":"LINK_TO_TAGS"}},"wdio_ui5_key":"etmportal.ui.managerequests.view.Detailsap.m.Tokenizer{\"path\":\"/SmartRequestItemsPlanningBoard(ITEM=10m,REQUEST='20246')\",\"propertyPath\":\"LINK_TO_TAGS\"}"}]}
RESULT: undefined
COMMAND: POST /session/948cfef606f1c327c7afa492aa33856c/execute/async - {"script":"<script> [6424 bytes]","args":[{"element-6066-11e4-a52e-4f735466cecf":"f.B11FB8328C47749F850BA47268692D59.d.F403DC9924A7CC9B2C7400A745248470.e.3729"},"getTokens",[]]}
RESULT: {"script":"<script> [6424 bytes]","args":[{"element-6066-11e4-a52e-4f735466cecf":"f.B11FB8328C47749F850BA47268692D59.d.F403DC9924A7CC9B2C7400A745248470.e.3729"},"getTokens",[]]}
COMMAND: POST /session/948cfef606f1c327c7afa492aa33856c/execute/async - {"script":"<script> [1562 bytes]","args":[{"wdio_ui5_key":"__token12-__tokenizer63-__clone5289-1","selector":{"id":"__token12-__tokenizer63-__clone5289-1"}}]}
COMMAND: POST /session/948cfef606f1c327c7afa492aa33856c/execute/async - {"script":"<script> [1562 bytes]","args":[{"wdio_ui5_key":"__token12-__tokenizer63-__clone5289-2","selector":{"id":"__token12-__tokenizer63-__clone5289-2"}}]}
COMMAND: POST /session/948cfef606f1c327c7afa492aa33856c/execute/async - {"script":"<script> [1562 bytes]","args":[{"wdio_ui5_key":"__token12-__tokenizer63-__clone5289-0","selector":{"id":"__token12-__tokenizer63-__clone5289-0"}}]}
RESULT: {"script":"<script> [1562 bytes]","args":[{"wdio_ui5_key":"__token12-__tokenizer63-__clone5289-1","selector":{"id":"__token12-__tokenizer63-__clone5289-1"}}]}
RESULT: undefined
RESULT: {"script":"<script> [1562 bytes]","args":[{"wdio_ui5_key":"__token12-__tokenizer63-__clone5289-2","selector":{"id":"__token12-__tokenizer63-__clone5289-2"}}]}
RESULT: undefined
RESULT: {"script":"<script> [1562 bytes]","args":[{"wdio_ui5_key":"__token12-__tokenizer63-__clone5289-0","selector":{"id":"__token12-__tokenizer63-__clone5289-0"}}]}
RESULT: undefined
COMMAND: POST /session/948cfef606f1c327c7afa492aa33856c/element - {"using":"xpath","value":"(//span[contains(text(), \"tag-header\")])[2]"}
RESULT: {"using":"xpath","value":"(//span[contains(text(), \"tag-header\")])[2]"}
COMMAND: POST /session/948cfef606f1c327c7afa492aa33856c/elements - {"using":"xpath","value":"(//span[contains(text(), \"tag-header\")])[2]"}
RESULT: {"using":"xpath","value":"(//span[contains(text(), \"tag-header\")])[2]"}
COMMAND: POST /session/948cfef606f1c327c7afa492aa33856c/execute/async - {"script":"<script> [1562 bytes]","args":[{"selector":{"controlType":"sap.m.Tokenizer","viewName":"etm.portal.ui.managerequests.view.Detail","bindingPath":{"path":"/SmartRequestItemsPlanningBoard(ITEM=20m,REQUEST='20246')","propertyPath":"LINK_TO_TAGS"}},"wdio_ui5_key":"etmportal.ui.managerequests.view.Detailsap.m.Tokenizer{\"path\":\"/SmartRequestItemsPlanningBoard(ITEM=20m,REQUEST='20246')\",\"propertyPath\":\"LINK_TO_TAGS\"}"}]}
RESULT: {"script":"<script> [1562 bytes]","args":[{"selector":{"controlType":"sap.m.Tokenizer","viewName":"etm.portal.ui.managerequests.view.Detail","bindingPath":{"path":"/SmartRequestItemsPlanningBoard(ITEM=20m,REQUEST='20246')","propertyPath":"LINK_TO_TAGS"}},"wdio_ui5_key":"etmportal.ui.managerequests.view.Detailsap.m.Tokenizer{\"path\":\"/SmartRequestItemsPlanningBoard(ITEM=20m,REQUEST='20246')\",\"propertyPath\":\"LINK_TO_TAGS\"}"}]}
RESULT: undefined
COMMAND: POST /session/948cfef606f1c327c7afa492aa33856c/execute/async - {"script":"<script> [6424 bytes]","args":[{"element-6066-11e4-a52e-4f735466cecf":"f.B11FB8328C47749F850BA47268692D59.d.F403DC9924A7CC9B2C7400A745248470.e.3734"},"getTokens",[]]}
RESULT: {"script":"<script> [6424 bytes]","args":[{"element-6066-11e4-a52e-4f735466cecf":"f.B11FB8328C47749F850BA47268692D59.d.F403DC9924A7CC9B2C7400A745248470.e.3734"},"getTokens",[]]}
COMMAND: POST /session/948cfef606f1c327c7afa492aa33856c/element - {"using":"css selector","value":"#shell-header-logo"}
RESULT: {"using":"css selector","value":"#shell-header-logo"}
COMMAND: POST /session/948cfef606f1c327c7afa492aa33856c/element/f.B11FB8328C47749F850BA47268692D59.d.F403DC9924A7CC9B2C7400A745248470.e.2742/click - {}
RESULT: {}
COMMAND: GET /session/948cfef606f1c327c7afa492aa33856c/screenshot - {}
RESULT: {}
]]></system-out>
    </testcase>
  </testsuite>
  <testsuite timestamp="2025-05-22T15:49:18" time="553.738" tests="4" failures="0" errors="0" skipped="0">
    <properties>
      <property name="specId" value="0"/>
      <property name="suiteName" value="Manage request + Contract processing pick up option US120163 "/>
      <property name="capabilities" value="chrome.136_0_7103_93.windows"/>
      <property name="file" value="file:///D:/a/1/s/test/specs/R2C/create-request-Pickup.spec.js"/>
    </properties>
    <testcase classname="chrome.136_0_7103_93.windows.Manage_request_+_Contract_processing_pick_up_option_US120163_" name="Should create a new contract" time="72.055">
      <system-out><![CDATA[
COMMAND: POST /session/948cfef606f1c327c7afa492aa33856c/execute/async - {"script":"<script> [1562 bytes]","args":[{"selector":{"controlType":"sap.m.Text","viewName":"etm.portal.ui.managecontractstile.view.Master","properties":{"text":"Manage Contracts"},"interaction":{"idSuffix":"inner"}},"wdio_ui5_key":"etmportal.ui.managecontractstile.view.Mastersap.m.Text{\"text\":\"Manage Contracts\"}"}]}
RESULT: {"script":"<script> [1562 bytes]","args":[{"selector":{"controlType":"sap.m.Text","viewName":"etm.portal.ui.managecontractstile.view.Master","properties":{"text":"Manage Contracts"},"interaction":{"idSuffix":"inner"}},"wdio_ui5_key":"etmportal.ui.managecontractstile.view.Mastersap.m.Text{\"text\":\"Manage Contracts\"}"}]}
RESULT: undefined
COMMAND: POST /session/948cfef606f1c327c7afa492aa33856c/element - {"using":"xpath","value":"//*[@id=\"__tile130-title\"]"}
RESULT: {"using":"xpath","value":"//*[@id=\"__tile130-title\"]"}
COMMAND: POST /session/948cfef606f1c327c7afa492aa33856c/element/f.B11FB8328C47749F850BA47268692D59.d.F403DC9924A7CC9B2C7400A745248470.e.3738/click - {}
RESULT: {}
COMMAND: GET /session/948cfef606f1c327c7afa492aa33856c/screenshot - {}
RESULT: {}
COMMAND: POST /session/948cfef606f1c327c7afa492aa33856c/execute/async - {"script":"<script> [1562 bytes]","args":[{"selector":{"controlType":"sap.ui.core.Icon","viewName":"etm.portal.ui.managecontracts.view.Master","properties":{"src":{"regex":{"source":"add"}}}},"wdio_ui5_key":"etmportal.ui.managecontracts.view.Mastersap.ui.core.Icon{\"src\":{\"regex\":{\"source\":\"add\"}}}"}]}
RESULT: {"script":"<script> [1562 bytes]","args":[{"selector":{"controlType":"sap.ui.core.Icon","viewName":"etm.portal.ui.managecontracts.view.Master","properties":{"src":{"regex":{"source":"add"}}}},"wdio_ui5_key":"etmportal.ui.managecontracts.view.Mastersap.ui.core.Icon{\"src\":{\"regex\":{\"source\":\"add\"}}}"}]}
RESULT: undefined
COMMAND: POST /session/948cfef606f1c327c7afa492aa33856c/element - {"using":"xpath","value":"//*[@id=\"__button173-img\"]"}
RESULT: {"using":"xpath","value":"//*[@id=\"__button173-img\"]"}
COMMAND: POST /session/948cfef606f1c327c7afa492aa33856c/element/f.B11FB8328C47749F850BA47268692D59.d.F403DC9924A7CC9B2C7400A745248470.e.3787/click - {}
RESULT: {}
COMMAND: POST /session/948cfef606f1c327c7afa492aa33856c/execute/async - {"script":"<script> [1562 bytes]","args":[{"selector":{"id":"application-managecontracts-display-component---AddNewContract--projectDescription","interaction":{"idSuffix":"inner"}},"wdio_ui5_key":"applicationmanagecontracts-display-component---AddNewContract--projectDescription"}]}
COMMAND: GET /session/948cfef606f1c327c7afa492aa33856c/screenshot - {}
RESULT: {"script":"<script> [1562 bytes]","args":[{"selector":{"id":"application-managecontracts-display-component---AddNewContract--projectDescription","interaction":{"idSuffix":"inner"}},"wdio_ui5_key":"applicationmanagecontracts-display-component---AddNewContract--projectDescription"}]}
RESULT: undefined
COMMAND: POST /session/948cfef606f1c327c7afa492aa33856c/execute/async - {"script":"<script> [776 bytes]","args":[{"enterText":"PickupContract3um4p","selector":{"id":"application-managecontracts-display-component---AddNewContract--projectDescription","interaction":{"idSuffix":"inner"}},"clearTextFirst":true,"interactionType":"ENTER_TEXT"}]}
RESULT: {}
RESULT: {"script":"<script> [776 bytes]","args":[{"enterText":"PickupContract3um4p","selector":{"id":"application-managecontracts-display-component---AddNewContract--projectDescription","interaction":{"idSuffix":"inner"}},"clearTextFirst":true,"interactionType":"ENTER_TEXT"}]}
COMMAND: POST /session/948cfef606f1c327c7afa492aa33856c/element - {"using":"xpath","value":"//input[contains(@id ,\"application-managecontracts-display-component---AddNewContract--yardId-inner\")]"}
RESULT: {"using":"xpath","value":"//input[contains(@id ,\"application-managecontracts-display-component---AddNewContract--yardId-inner\")]"}
COMMAND: POST /session/948cfef606f1c327c7afa492aa33856c/element/f.B11FB8328C47749F850BA47268692D59.d.F403DC9924A7CC9B2C7400A745248470.e.4090/value - {"text":"WebdriverYardmmv3l"}
RESULT: {"text":"WebdriverYardmmv3l"}
COMMAND: GET /session/948cfef606f1c327c7afa492aa33856c/screenshot - {}
RESULT: {}
COMMAND: POST /session/948cfef606f1c327c7afa492aa33856c/actions - {"actions":[{"id":"action32","type":"key","parameters":{},"actions":[{"type":"keyDown","value":""},{"type":"pause","duration":10},{"type":"keyUp","value":""}]}]}
RESULT: {"actions":[{"id":"action32","type":"key","parameters":{},"actions":[{"type":"keyDown","value":""},{"type":"pause","duration":10},{"type":"keyUp","value":""}]}]}
COMMAND: GET /session/948cfef606f1c327c7afa492aa33856c/screenshot - {}
RESULT: {}
COMMAND: POST /session/948cfef606f1c327c7afa492aa33856c/element - {"using":"xpath","value":"//input[contains(@id ,\"application-managecontracts-display-component---AddNewContract--customerSelect-inner\")]"}
RESULT: {"using":"xpath","value":"//input[contains(@id ,\"application-managecontracts-display-component---AddNewContract--customerSelect-inner\")]"}
COMMAND: POST /session/948cfef606f1c327c7afa492aa33856c/element/f.B11FB8328C47749F850BA47268692D59.d.F403DC9924A7CC9B2C7400A745248470.e.4088/value - {"text":"WebdriverPartnerk1p2x"}
RESULT: {"text":"WebdriverPartnerk1p2x"}
COMMAND: GET /session/948cfef606f1c327c7afa492aa33856c/screenshot - {}
RESULT: {}
COMMAND: POST /session/948cfef606f1c327c7afa492aa33856c/actions - {"actions":[{"id":"action33","type":"key","parameters":{},"actions":[{"type":"keyDown","value":""},{"type":"pause","duration":10},{"type":"keyUp","value":""}]}]}
RESULT: {"actions":[{"id":"action33","type":"key","parameters":{},"actions":[{"type":"keyDown","value":""},{"type":"pause","duration":10},{"type":"keyUp","value":""}]}]}
COMMAND: GET /session/948cfef606f1c327c7afa492aa33856c/screenshot - {}
RESULT: {}
COMMAND: POST /session/948cfef606f1c327c7afa492aa33856c/element - {"using":"xpath","value":"//input[contains(@id ,\"application-managecontracts-display-component---AddNewContract--site-inner\")]"}
RESULT: {"using":"xpath","value":"//input[contains(@id ,\"application-managecontracts-display-component---AddNewContract--site-inner\")]"}
COMMAND: POST /session/948cfef606f1c327c7afa492aa33856c/element/f.B11FB8328C47749F850BA47268692D59.d.F403DC9924A7CC9B2C7400A745248470.e.4089/value - {"text":"WebdriverSite6o4be"}
RESULT: {"text":"WebdriverSite6o4be"}
COMMAND: GET /session/948cfef606f1c327c7afa492aa33856c/screenshot - {}
RESULT: {}
COMMAND: POST /session/948cfef606f1c327c7afa492aa33856c/actions - {"actions":[{"id":"action34","type":"key","parameters":{},"actions":[{"type":"keyDown","value":""},{"type":"pause","duration":10},{"type":"keyUp","value":""}]}]}
RESULT: {"actions":[{"id":"action34","type":"key","parameters":{},"actions":[{"type":"keyDown","value":""},{"type":"pause","duration":10},{"type":"keyUp","value":""}]}]}
COMMAND: GET /session/948cfef606f1c327c7afa492aa33856c/screenshot - {}
RESULT: {}
COMMAND: POST /session/948cfef606f1c327c7afa492aa33856c/execute/async - {"script":"<script> [1562 bytes]","args":[{"selector":{"id":"application-managecontracts-display-component---AddNewContract--saveBtn","interaction":{"idSuffix":"BDI-content"}},"wdio_ui5_key":"applicationmanagecontracts-display-component---AddNewContract--saveBtn"}]}
RESULT: {"script":"<script> [1562 bytes]","args":[{"selector":{"id":"application-managecontracts-display-component---AddNewContract--saveBtn","interaction":{"idSuffix":"BDI-content"}},"wdio_ui5_key":"applicationmanagecontracts-display-component---AddNewContract--saveBtn"}]}
RESULT: undefined
COMMAND: POST /session/948cfef606f1c327c7afa492aa33856c/element - {"using":"xpath","value":"//*[@id=\"application-managecontracts-display-component---AddNewContract--saveBtn\"]"}
RESULT: {"using":"xpath","value":"//*[@id=\"application-managecontracts-display-component---AddNewContract--saveBtn\"]"}
COMMAND: POST /session/948cfef606f1c327c7afa492aa33856c/element/f.B11FB8328C47749F850BA47268692D59.d.F403DC9924A7CC9B2C7400A745248470.e.4123/click - {}
RESULT: {}
COMMAND: GET /session/948cfef606f1c327c7afa492aa33856c/screenshot - {}
RESULT: {}
COMMAND: POST /session/948cfef606f1c327c7afa492aa33856c/element - {"using":"xpath","value":"//span[contains(@id ,\"contractDetailTitleNoExpanded\")]"}
RESULT: {"using":"xpath","value":"//span[contains(@id ,\"contractDetailTitleNoExpanded\")]"}
COMMAND: GET /session/948cfef606f1c327c7afa492aa33856c/element/f.B11FB8328C47749F850BA47268692D59.d.F403DC9924A7CC9B2C7400A745248470.e.4134/text - {}
RESULT: {}
COMMAND: POST /session/948cfef606f1c327c7afa492aa33856c/element - {"using":"css selector","value":"#shell-header-logo"}
RESULT: {"using":"css selector","value":"#shell-header-logo"}
COMMAND: POST /session/948cfef606f1c327c7afa492aa33856c/element/f.B11FB8328C47749F850BA47268692D59.d.F403DC9924A7CC9B2C7400A745248470.e.3741/click - {}
RESULT: {}
COMMAND: GET /session/948cfef606f1c327c7afa492aa33856c/screenshot - {}
RESULT: {}
]]></system-out>
    </testcase>
    <testcase classname="chrome.136_0_7103_93.windows.Manage_request_+_Contract_processing_pick_up_option_US120163_" name="Should create a new material" time="133.15">
      <system-out><![CDATA[
COMMAND: POST /session/948cfef606f1c327c7afa492aa33856c/execute/async - {"script":"<script> [1562 bytes]","args":[{"selector":{"controlType":"sap.m.GenericTile","properties":{"header":"Manage Resources"}},"wdio_ui5_key":"sapm.GenericTile{\"header\":\"Manage Resources\"}"}]}
RESULT: {"script":"<script> [1562 bytes]","args":[{"selector":{"controlType":"sap.m.GenericTile","properties":{"header":"Manage Resources"}},"wdio_ui5_key":"sapm.GenericTile{\"header\":\"Manage Resources\"}"}]}
RESULT: undefined
COMMAND: POST /session/948cfef606f1c327c7afa492aa33856c/element - {"using":"xpath","value":"//*[@id=\"__tile39\"]"}
RESULT: {"using":"xpath","value":"//*[@id=\"__tile39\"]"}
COMMAND: POST /session/948cfef606f1c327c7afa492aa33856c/element/f.B11FB8328C47749F850BA47268692D59.d.F403DC9924A7CC9B2C7400A745248470.e.4136/click - {}
RESULT: {}
COMMAND: GET /session/948cfef606f1c327c7afa492aa33856c/screenshot - {}
RESULT: {}
COMMAND: POST /session/948cfef606f1c327c7afa492aa33856c/elements - {"using":"xpath","value":"//span[text()='Error']"}
RESULT: {"using":"xpath","value":"//span[text()='Error']"}
COMMAND: POST /session/948cfef606f1c327c7afa492aa33856c/element - {"using":"xpath","value":"//button[@data-kt=\"addNewRUOverflowToolbarButton\"]"}
RESULT: {"using":"xpath","value":"//button[@data-kt=\"addNewRUOverflowToolbarButton\"]"}
COMMAND: POST /session/948cfef606f1c327c7afa492aa33856c/execute/sync - {"script":"<script> [8489 bytes]","args":[{"element-6066-11e4-a52e-4f735466cecf":"f.B11FB8328C47749F850BA47268692D59.d.F403DC9924A7CC9B2C7400A745248470.e.4179","ELEMENT":"f.B11FB8328C47749F850BA47268692D59.d.F403DC9924A7CC9B2C7400A745248470.e.4179"}]}
RESULT: {"script":"<script> [8489 bytes]","args":[{"element-6066-11e4-a52e-4f735466cecf":"f.B11FB8328C47749F850BA47268692D59.d.F403DC9924A7CC9B2C7400A745248470.e.4179","ELEMENT":"f.B11FB8328C47749F850BA47268692D59.d.F403DC9924A7CC9B2C7400A745248470.e.4179"}]}
COMMAND: POST /session/948cfef606f1c327c7afa492aa33856c/element/f.B11FB8328C47749F850BA47268692D59.d.F403DC9924A7CC9B2C7400A745248470.e.4179/click - {}
COMMAND: GET /session/948cfef606f1c327c7afa492aa33856c/screenshot - {}
RESULT: {}
COMMAND: POST /session/948cfef606f1c327c7afa492aa33856c/execute/async - {"script":"<script> [1562 bytes]","args":[{"selector":{"id":"application-manageresources-display-component---newResourceUnit--TYPE-arrow"},"wdio_ui5_key":"applicationmanageresources-display-component---newResourceUnit--TYPE-arrow"}]}
COMMAND: GET /session/948cfef606f1c327c7afa492aa33856c/screenshot - {}
RESULT: {}
RESULT: {"script":"<script> [1562 bytes]","args":[{"selector":{"id":"application-manageresources-display-component---newResourceUnit--TYPE-arrow"},"wdio_ui5_key":"applicationmanageresources-display-component---newResourceUnit--TYPE-arrow"}]}
RESULT: undefined
COMMAND: POST /session/948cfef606f1c327c7afa492aa33856c/element - {"using":"xpath","value":"//*[@id=\"application-manageresources-display-component---newResourceUnit--TYPE-arrow\"]"}
RESULT: {}
RESULT: {"using":"xpath","value":"//*[@id=\"application-manageresources-display-component---newResourceUnit--TYPE-arrow\"]"}
COMMAND: POST /session/948cfef606f1c327c7afa492aa33856c/element/f.B11FB8328C47749F850BA47268692D59.d.F403DC9924A7CC9B2C7400A745248470.e.4498/click - {}
RESULT: {}
COMMAND: POST /session/948cfef606f1c327c7afa492aa33856c/execute/async - {"script":"<script> [1562 bytes]","args":[{"selector":{"controlType":"sap.m.StandardListItem","viewName":"reusables.view.manageresources.NewResourceUnit","viewId":"application-manageresources-display-component---newResourceUnit","properties":{"title":"Material"},"searchOpenDialogs":true,"interaction":{"idSuffix":"titleText"}},"wdio_ui5_key":"reusablesview.manageresources.NewResourceUnitsap.m.StandardListItem{\"title\":\"Material\"}"}]}
COMMAND: GET /session/948cfef606f1c327c7afa492aa33856c/screenshot - {}
RESULT: {"script":"<script> [1562 bytes]","args":[{"selector":{"controlType":"sap.m.StandardListItem","viewName":"reusables.view.manageresources.NewResourceUnit","viewId":"application-manageresources-display-component---newResourceUnit","properties":{"title":"Material"},"searchOpenDialogs":true,"interaction":{"idSuffix":"titleText"}},"wdio_ui5_key":"reusablesview.manageresources.NewResourceUnitsap.m.StandardListItem{\"title\":\"Material\"}"}]}
RESULT: undefined
COMMAND: POST /session/948cfef606f1c327c7afa492aa33856c/element - {"using":"xpath","value":"//*[@id=\"__item4866\"]"}
RESULT: {}
RESULT: {"using":"xpath","value":"//*[@id=\"__item4866\"]"}
COMMAND: POST /session/948cfef606f1c327c7afa492aa33856c/element/f.B11FB8328C47749F850BA47268692D59.d.F403DC9924A7CC9B2C7400A745248470.e.4501/click - {}
RESULT: {}
COMMAND: POST /session/948cfef606f1c327c7afa492aa33856c/execute/async - {"script":"<script> [1562 bytes]","args":[{"selector":{"id":"application-manageresources-display-component---newResourceUnit--SHORT_TEXT","interaction":{"idSuffix":"inner"}},"wdio_ui5_key":"applicationmanageresources-display-component---newResourceUnit--SHORT_TEXT"}]}
COMMAND: GET /session/948cfef606f1c327c7afa492aa33856c/screenshot - {}
RESULT: {"script":"<script> [1562 bytes]","args":[{"selector":{"id":"application-manageresources-display-component---newResourceUnit--SHORT_TEXT","interaction":{"idSuffix":"inner"}},"wdio_ui5_key":"applicationmanageresources-display-component---newResourceUnit--SHORT_TEXT"}]}
RESULT: undefined
COMMAND: POST /session/948cfef606f1c327c7afa492aa33856c/execute/async - {"script":"<script> [776 bytes]","args":[{"enterText":"WebdriverRUR2Cown8n","selector":{"id":"application-manageresources-display-component---newResourceUnit--SHORT_TEXT","interaction":{"idSuffix":"inner"}},"clearTextFirst":true,"interactionType":"ENTER_TEXT"}]}
RESULT: {}
RESULT: {"script":"<script> [776 bytes]","args":[{"enterText":"WebdriverRUR2Cown8n","selector":{"id":"application-manageresources-display-component---newResourceUnit--SHORT_TEXT","interaction":{"idSuffix":"inner"}},"clearTextFirst":true,"interactionType":"ENTER_TEXT"}]}
COMMAND: POST /session/948cfef606f1c327c7afa492aa33856c/execute/async - {"script":"<script> [1562 bytes]","args":[{"selector":{"id":"application-manageresources-display-component---newResourceUnit--BASE_UNIT_OF_MEASURE-arrow"},"wdio_ui5_key":"applicationmanageresources-display-component---newResourceUnit--BASE_UNIT_OF_MEASURE-arrow"}]}
RESULT: {"script":"<script> [1562 bytes]","args":[{"selector":{"id":"application-manageresources-display-component---newResourceUnit--BASE_UNIT_OF_MEASURE-arrow"},"wdio_ui5_key":"applicationmanageresources-display-component---newResourceUnit--BASE_UNIT_OF_MEASURE-arrow"}]}
RESULT: undefined
COMMAND: POST /session/948cfef606f1c327c7afa492aa33856c/element - {"using":"xpath","value":"//*[@id=\"application-manageresources-display-component---newResourceUnit--BASE_UNIT_OF_MEASURE-arrow\"]"}
RESULT: {"using":"xpath","value":"//*[@id=\"application-manageresources-display-component---newResourceUnit--BASE_UNIT_OF_MEASURE-arrow\"]"}
COMMAND: POST /session/948cfef606f1c327c7afa492aa33856c/element/f.B11FB8328C47749F850BA47268692D59.d.F403DC9924A7CC9B2C7400A745248470.e.4554/click - {}
RESULT: {}
COMMAND: POST /session/948cfef606f1c327c7afa492aa33856c/execute/async - {"script":"<script> [1562 bytes]","args":[{"selector":{"controlType":"sap.m.StandardListItem","viewName":"reusables.view.manageresources.NewResourceUnit","viewId":"application-manageresources-display-component---newResourceUnit","properties":{"title":"Piece"},"searchOpenDialogs":true,"interaction":{"idSuffix":"titleText"}},"wdio_ui5_key":"reusablesview.manageresources.NewResourceUnitsap.m.StandardListItem{\"title\":\"Piece\"}"}]}
COMMAND: GET /session/948cfef606f1c327c7afa492aa33856c/screenshot - {}
RESULT: {"script":"<script> [1562 bytes]","args":[{"selector":{"controlType":"sap.m.StandardListItem","viewName":"reusables.view.manageresources.NewResourceUnit","viewId":"application-manageresources-display-component---newResourceUnit","properties":{"title":"Piece"},"searchOpenDialogs":true,"interaction":{"idSuffix":"titleText"}},"wdio_ui5_key":"reusablesview.manageresources.NewResourceUnitsap.m.StandardListItem{\"title\":\"Piece\"}"}]}
RESULT: undefined
COMMAND: POST /session/948cfef606f1c327c7afa492aa33856c/element - {"using":"xpath","value":"//*[@id=\"__item4908\"]"}
RESULT: {}
RESULT: {"using":"xpath","value":"//*[@id=\"__item4908\"]"}
COMMAND: POST /session/948cfef606f1c327c7afa492aa33856c/element/f.B11FB8328C47749F850BA47268692D59.d.F403DC9924A7CC9B2C7400A745248470.e.4556/click - {}
RESULT: {}
COMMAND: POST /session/948cfef606f1c327c7afa492aa33856c/element - {"using":"xpath","value":"//input[contains(@id ,\"application-manageresources-display-component---newResourceUnit--SHORT_TEXT-inner\")]"}
COMMAND: GET /session/948cfef606f1c327c7afa492aa33856c/screenshot - {}
RESULT: {"using":"xpath","value":"//input[contains(@id ,\"application-manageresources-display-component---newResourceUnit--SHORT_TEXT-inner\")]"}
COMMAND: GET /session/948cfef606f1c327c7afa492aa33856c/element/f.B11FB8328C47749F850BA47268692D59.d.F403DC9924A7CC9B2C7400A745248470.e.4518/property/value - {}
RESULT: {}
RESULT: {}
COMMAND: POST /session/948cfef606f1c327c7afa492aa33856c/execute/async - {"script":"<script> [1562 bytes]","args":[{"selector":{"id":"application-manageresources-display-component---newResourceUnit--WEIGHT_UNIT-arrow"},"wdio_ui5_key":"applicationmanageresources-display-component---newResourceUnit--WEIGHT_UNIT-arrow"}]}
COMMAND: GET /session/948cfef606f1c327c7afa492aa33856c/screenshot - {}
RESULT: {"script":"<script> [1562 bytes]","args":[{"selector":{"id":"application-manageresources-display-component---newResourceUnit--WEIGHT_UNIT-arrow"},"wdio_ui5_key":"applicationmanageresources-display-component---newResourceUnit--WEIGHT_UNIT-arrow"}]}
RESULT: undefined
COMMAND: POST /session/948cfef606f1c327c7afa492aa33856c/element - {"using":"xpath","value":"//*[@id=\"application-manageresources-display-component---newResourceUnit--WEIGHT_UNIT-arrow\"]"}
RESULT: {}
RESULT: {"using":"xpath","value":"//*[@id=\"application-manageresources-display-component---newResourceUnit--WEIGHT_UNIT-arrow\"]"}
COMMAND: POST /session/948cfef606f1c327c7afa492aa33856c/element/f.B11FB8328C47749F850BA47268692D59.d.F403DC9924A7CC9B2C7400A745248470.e.4557/click - {}
RESULT: {}
COMMAND: POST /session/948cfef606f1c327c7afa492aa33856c/execute/async - {"script":"<script> [1562 bytes]","args":[{"selector":{"controlType":"sap.m.StandardListItem","viewName":"reusables.view.manageresources.NewResourceUnit","viewId":"application-manageresources-display-component---newResourceUnit","properties":{"title":"Gram"},"searchOpenDialogs":true,"interaction":{"idSuffix":"content"}},"wdio_ui5_key":"reusablesview.manageresources.NewResourceUnitsap.m.StandardListItem{\"title\":\"Gram\"}"}]}
COMMAND: GET /session/948cfef606f1c327c7afa492aa33856c/screenshot - {}
RESULT: {"script":"<script> [1562 bytes]","args":[{"selector":{"controlType":"sap.m.StandardListItem","viewName":"reusables.view.manageresources.NewResourceUnit","viewId":"application-manageresources-display-component---newResourceUnit","properties":{"title":"Gram"},"searchOpenDialogs":true,"interaction":{"idSuffix":"content"}},"wdio_ui5_key":"reusablesview.manageresources.NewResourceUnitsap.m.StandardListItem{\"title\":\"Gram\"}"}]}
RESULT: undefined
COMMAND: POST /session/948cfef606f1c327c7afa492aa33856c/element - {"using":"xpath","value":"//*[@id=\"__item4973\"]"}
RESULT: {}
RESULT: {"using":"xpath","value":"//*[@id=\"__item4973\"]"}
COMMAND: POST /session/948cfef606f1c327c7afa492aa33856c/element/f.B11FB8328C47749F850BA47268692D59.d.F403DC9924A7CC9B2C7400A745248470.e.4559/click - {}
RESULT: {}
COMMAND: POST /session/948cfef606f1c327c7afa492aa33856c/execute/async - {"script":"<script> [1562 bytes]","args":[{"selector":{"id":"application-manageresources-display-component---newResourceUnit--newRRUPage-OPHeaderContent-collapseBtn-img"},"wdio_ui5_key":"applicationmanageresources-display-component---newResourceUnit--newRRUPage-OPHeaderContent-collapseBtn-img"}]}
COMMAND: GET /session/948cfef606f1c327c7afa492aa33856c/screenshot - {}
RESULT: {"script":"<script> [1562 bytes]","args":[{"selector":{"id":"application-manageresources-display-component---newResourceUnit--newRRUPage-OPHeaderContent-collapseBtn-img"},"wdio_ui5_key":"applicationmanageresources-display-component---newResourceUnit--newRRUPage-OPHeaderContent-collapseBtn-img"}]}
RESULT: undefined
COMMAND: POST /session/948cfef606f1c327c7afa492aa33856c/element - {"using":"xpath","value":"//*[@id=\"application-manageresources-display-component---newResourceUnit--newRRUPage-OPHeaderContent-collapseBtn-img\"]"}
RESULT: {}
RESULT: {"using":"xpath","value":"//*[@id=\"application-manageresources-display-component---newResourceUnit--newRRUPage-OPHeaderContent-collapseBtn-img\"]"}
COMMAND: POST /session/948cfef606f1c327c7afa492aa33856c/element/f.B11FB8328C47749F850BA47268692D59.d.F403DC9924A7CC9B2C7400A745248470.e.4508/click - {}
RESULT: {}
COMMAND: GET /session/948cfef606f1c327c7afa492aa33856c/screenshot - {}
RESULT: {}
COMMAND: POST /session/948cfef606f1c327c7afa492aa33856c/element - {"using":"xpath","value":"(//span[contains(@id ,\"application-manageresources-display-component---newResourceUnit--DIMENSION_UNIT-arrow\")])[1]"}
RESULT: {"using":"xpath","value":"(//span[contains(@id ,\"application-manageresources-display-component---newResourceUnit--DIMENSION_UNIT-arrow\")])[1]"}
COMMAND: POST /session/948cfef606f1c327c7afa492aa33856c/element/f.B11FB8328C47749F850BA47268692D59.d.F403DC9924A7CC9B2C7400A745248470.e.4563/click - {}
RESULT: {}
COMMAND: GET /session/948cfef606f1c327c7afa492aa33856c/screenshot - {}
RESULT: {}
COMMAND: POST /session/948cfef606f1c327c7afa492aa33856c/execute/async - {"script":"<script> [1562 bytes]","args":[{"selector":{"controlType":"sap.m.StandardListItem","viewName":"reusables.view.manageresources.NewResourceUnit","viewId":"application-manageresources-display-component---newResourceUnit","properties":{"title":"Centimeter"},"searchOpenDialogs":true,"interaction":{"idSuffix":"titleText"}},"wdio_ui5_key":"reusablesview.manageresources.NewResourceUnitsap.m.StandardListItem{\"title\":\"Centimeter\"}"}]}
RESULT: {"script":"<script> [1562 bytes]","args":[{"selector":{"controlType":"sap.m.StandardListItem","viewName":"reusables.view.manageresources.NewResourceUnit","viewId":"application-manageresources-display-component---newResourceUnit","properties":{"title":"Centimeter"},"searchOpenDialogs":true,"interaction":{"idSuffix":"titleText"}},"wdio_ui5_key":"reusablesview.manageresources.NewResourceUnitsap.m.StandardListItem{\"title\":\"Centimeter\"}"}]}
RESULT: undefined
COMMAND: POST /session/948cfef606f1c327c7afa492aa33856c/element - {"using":"xpath","value":"//*[@id=\"__item4976\"]"}
RESULT: {"using":"xpath","value":"//*[@id=\"__item4976\"]"}
COMMAND: POST /session/948cfef606f1c327c7afa492aa33856c/element/f.B11FB8328C47749F850BA47268692D59.d.F403DC9924A7CC9B2C7400A745248470.e.4567/click - {}
RESULT: {}
COMMAND: POST /session/948cfef606f1c327c7afa492aa33856c/execute/async - {"script":"<script> [1562 bytes]","args":[{"selector":{"id":"application-manageresources-display-component---newResourceUnit--newRRUPage-anchBar-application-manageresources-display-component---newResourceUnit--reference-anchor","interaction":{"idSuffix":"BDI-content"}},"wdio_ui5_key":"applicationmanageresources-display-component---newResourceUnit--newRRUPage-anchBar-application-manageresources-display-component---newResourceUnit--reference-anchor"}]}
COMMAND: GET /session/948cfef606f1c327c7afa492aa33856c/screenshot - {}
RESULT: {"script":"<script> [1562 bytes]","args":[{"selector":{"id":"application-manageresources-display-component---newResourceUnit--newRRUPage-anchBar-application-manageresources-display-component---newResourceUnit--reference-anchor","interaction":{"idSuffix":"BDI-content"}},"wdio_ui5_key":"applicationmanageresources-display-component---newResourceUnit--newRRUPage-anchBar-application-manageresources-display-component---newResourceUnit--reference-anchor"}]}
RESULT: undefined
COMMAND: POST /session/948cfef606f1c327c7afa492aa33856c/element - {"using":"xpath","value":"//*[@id=\"application-manageresources-display-component---newResourceUnit--newRRUPage-anchBar-application-manageresources-display-component---newResourceUnit--reference-anchor\"]"}
RESULT: {}
RESULT: {"using":"xpath","value":"//*[@id=\"application-manageresources-display-component---newResourceUnit--newRRUPage-anchBar-application-manageresources-display-component---newResourceUnit--reference-anchor\"]"}
COMMAND: POST /session/948cfef606f1c327c7afa492aa33856c/element/f.B11FB8328C47749F850BA47268692D59.d.F403DC9924A7CC9B2C7400A745248470.e.4569/click - {}
RESULT: {}
COMMAND: POST /session/948cfef606f1c327c7afa492aa33856c/execute/async - {"script":"<script> [1562 bytes]","args":[{"selector":{"id":"application-manageresources-display-component---newResourceUnit--PLANNING_GROUP-arrow"},"wdio_ui5_key":"applicationmanageresources-display-component---newResourceUnit--PLANNING_GROUP-arrow"}]}
COMMAND: GET /session/948cfef606f1c327c7afa492aa33856c/screenshot - {}
RESULT: {"script":"<script> [1562 bytes]","args":[{"selector":{"id":"application-manageresources-display-component---newResourceUnit--PLANNING_GROUP-arrow"},"wdio_ui5_key":"applicationmanageresources-display-component---newResourceUnit--PLANNING_GROUP-arrow"}]}
RESULT: undefined
COMMAND: POST /session/948cfef606f1c327c7afa492aa33856c/element - {"using":"xpath","value":"//*[@id=\"application-manageresources-display-component---newResourceUnit--PLANNING_GROUP-arrow\"]"}
RESULT: {}
RESULT: {"using":"xpath","value":"//*[@id=\"application-manageresources-display-component---newResourceUnit--PLANNING_GROUP-arrow\"]"}
COMMAND: POST /session/948cfef606f1c327c7afa492aa33856c/element/f.B11FB8328C47749F850BA47268692D59.d.F403DC9924A7CC9B2C7400A745248470.e.4573/click - {}
RESULT: {}
COMMAND: POST /session/948cfef606f1c327c7afa492aa33856c/execute/async - {"script":"<script> [1562 bytes]","args":[{"selector":{"controlType":"sap.m.StandardListItem","viewName":"reusables.view.manageresources.NewResourceUnit","viewId":"application-manageresources-display-component---newResourceUnit","properties":{"title":"Heavy Equi"},"searchOpenDialogs":true,"interaction":{"idSuffix":"content"}},"wdio_ui5_key":"reusablesview.manageresources.NewResourceUnitsap.m.StandardListItem{\"title\":\"Heavy Equi\"}"}]}
COMMAND: GET /session/948cfef606f1c327c7afa492aa33856c/screenshot - {}
RESULT: {"script":"<script> [1562 bytes]","args":[{"selector":{"controlType":"sap.m.StandardListItem","viewName":"reusables.view.manageresources.NewResourceUnit","viewId":"application-manageresources-display-component---newResourceUnit","properties":{"title":"Heavy Equi"},"searchOpenDialogs":true,"interaction":{"idSuffix":"content"}},"wdio_ui5_key":"reusablesview.manageresources.NewResourceUnitsap.m.StandardListItem{\"title\":\"Heavy Equi\"}"}]}
RESULT: undefined
COMMAND: POST /session/948cfef606f1c327c7afa492aa33856c/element - {"using":"xpath","value":"//*[@id=\"__item4984\"]"}
RESULT: {}
RESULT: {"using":"xpath","value":"//*[@id=\"__item4984\"]"}
COMMAND: POST /session/948cfef606f1c327c7afa492aa33856c/element/f.B11FB8328C47749F850BA47268692D59.d.F403DC9924A7CC9B2C7400A745248470.e.4575/click - {}
RESULT: {}
COMMAND: GET /session/948cfef606f1c327c7afa492aa33856c/screenshot - {}
RESULT: {}
COMMAND: POST /session/948cfef606f1c327c7afa492aa33856c/execute/async - {"script":"<script> [1562 bytes]","args":[{"selector":{"id":"application-manageresources-display-component---newResourceUnit--PLANNING_INDICATOR-arrow"},"wdio_ui5_key":"applicationmanageresources-display-component---newResourceUnit--PLANNING_INDICATOR-arrow"}]}
RESULT: {"script":"<script> [1562 bytes]","args":[{"selector":{"id":"application-manageresources-display-component---newResourceUnit--PLANNING_INDICATOR-arrow"},"wdio_ui5_key":"applicationmanageresources-display-component---newResourceUnit--PLANNING_INDICATOR-arrow"}]}
RESULT: undefined
COMMAND: POST /session/948cfef606f1c327c7afa492aa33856c/element - {"using":"xpath","value":"//*[@id=\"application-manageresources-display-component---newResourceUnit--PLANNING_INDICATOR-arrow\"]"}
RESULT: {"using":"xpath","value":"//*[@id=\"application-manageresources-display-component---newResourceUnit--PLANNING_INDICATOR-arrow\"]"}
COMMAND: POST /session/948cfef606f1c327c7afa492aa33856c/element/f.B11FB8328C47749F850BA47268692D59.d.F403DC9924A7CC9B2C7400A745248470.e.4576/click - {}
RESULT: {}
COMMAND: POST /session/948cfef606f1c327c7afa492aa33856c/execute/async - {"script":"<script> [1562 bytes]","args":[{"selector":{"controlType":"sap.m.StandardListItem","viewName":"reusables.view.manageresources.NewResourceUnit","viewId":"application-manageresources-display-component---newResourceUnit","properties":{"title":"10 - infinite"},"searchOpenDialogs":true,"interaction":{"idSuffix":"content"}},"wdio_ui5_key":"reusablesview.manageresources.NewResourceUnitsap.m.StandardListItem{\"title\":\"10 - infinite\"}"}]}
COMMAND: GET /session/948cfef606f1c327c7afa492aa33856c/screenshot - {}
RESULT: {"script":"<script> [1562 bytes]","args":[{"selector":{"controlType":"sap.m.StandardListItem","viewName":"reusables.view.manageresources.NewResourceUnit","viewId":"application-manageresources-display-component---newResourceUnit","properties":{"title":"10 - infinite"},"searchOpenDialogs":true,"interaction":{"idSuffix":"content"}},"wdio_ui5_key":"reusablesview.manageresources.NewResourceUnitsap.m.StandardListItem{\"title\":\"10 - infinite\"}"}]}
RESULT: undefined
COMMAND: POST /session/948cfef606f1c327c7afa492aa33856c/element - {"using":"xpath","value":"//*[@id=\"__item4994\"]"}
RESULT: {}
RESULT: {"using":"xpath","value":"//*[@id=\"__item4994\"]"}
COMMAND: POST /session/948cfef606f1c327c7afa492aa33856c/element/f.B11FB8328C47749F850BA47268692D59.d.F403DC9924A7CC9B2C7400A745248470.e.4578/click - {}
RESULT: {}
COMMAND: GET /session/948cfef606f1c327c7afa492aa33856c/screenshot - {}
RESULT: {}
COMMAND: POST /session/948cfef606f1c327c7afa492aa33856c/element - {"using":"xpath","value":"//bdi[contains(text(), \"Time Segment\")]"}
RESULT: {"using":"xpath","value":"//bdi[contains(text(), \"Time Segment\")]"}
COMMAND: GET /session/948cfef606f1c327c7afa492aa33856c/element/f.B11FB8328C47749F850BA47268692D59.d.F403DC9924A7CC9B2C7400A745248470.e.4579/rect - {}
RESULT: {}
COMMAND: GET /session/948cfef606f1c327c7afa492aa33856c/window/rect - {}
RESULT: {}
COMMAND: POST /session/948cfef606f1c327c7afa492aa33856c/execute/sync - {"script":"<script> [92 bytes]","args":[]}
RESULT: {"script":"<script> [92 bytes]","args":[]}
COMMAND: POST /session/948cfef606f1c327c7afa492aa33856c/actions - {"actions":[{"id":"action35","type":"wheel","parameters":{},"actions":[{"type":"scroll","x":-1820,"y":-21,"deltaX":0,"deltaY":0,"duration":0,"origin":{"element-6066-11e4-a52e-4f735466cecf":"f.B11FB8328C47749F850BA47268692D59.d.F403DC9924A7CC9B2C7400A745248470.e.4579"}}]}]}
COMMAND: GET /session/948cfef606f1c327c7afa492aa33856c/screenshot - {}
RESULT: {}
COMMAND: POST /session/948cfef606f1c327c7afa492aa33856c/execute/sync - {"script":"<script> [79 bytes]","args":[{"element-6066-11e4-a52e-4f735466cecf":"f.B11FB8328C47749F850BA47268692D59.d.F403DC9924A7CC9B2C7400A745248470.e.4579","ELEMENT":"f.B11FB8328C47749F850BA47268692D59.d.F403DC9924A7CC9B2C7400A745248470.e.4579"},{"block":"start","inline":"nearest"}]}
RESULT: {"script":"<script> [79 bytes]","args":[{"element-6066-11e4-a52e-4f735466cecf":"f.B11FB8328C47749F850BA47268692D59.d.F403DC9924A7CC9B2C7400A745248470.e.4579","ELEMENT":"f.B11FB8328C47749F850BA47268692D59.d.F403DC9924A7CC9B2C7400A745248470.e.4579"},{"block":"start","inline":"nearest"}]}
COMMAND: GET /session/948cfef606f1c327c7afa492aa33856c/screenshot - {}
RESULT: {}
COMMAND: POST /session/948cfef606f1c327c7afa492aa33856c/element - {"using":"xpath","value":"//span[@id=\"application-manageresources-display-component---newResourceUnit--btnAddTimeSegment-img\"]"}
RESULT: {"using":"xpath","value":"//span[@id=\"application-manageresources-display-component---newResourceUnit--btnAddTimeSegment-img\"]"}
COMMAND: POST /session/948cfef606f1c327c7afa492aa33856c/execute/sync - {"script":"<script> [8489 bytes]","args":[{"element-6066-11e4-a52e-4f735466cecf":"f.B11FB8328C47749F850BA47268692D59.d.F403DC9924A7CC9B2C7400A745248470.e.4582","ELEMENT":"f.B11FB8328C47749F850BA47268692D59.d.F403DC9924A7CC9B2C7400A745248470.e.4582"}]}
RESULT: {"script":"<script> [8489 bytes]","args":[{"element-6066-11e4-a52e-4f735466cecf":"f.B11FB8328C47749F850BA47268692D59.d.F403DC9924A7CC9B2C7400A745248470.e.4582","ELEMENT":"f.B11FB8328C47749F850BA47268692D59.d.F403DC9924A7CC9B2C7400A745248470.e.4582"}]}
COMMAND: POST /session/948cfef606f1c327c7afa492aa33856c/element/f.B11FB8328C47749F850BA47268692D59.d.F403DC9924A7CC9B2C7400A745248470.e.4582/click - {}
COMMAND: GET /session/948cfef606f1c327c7afa492aa33856c/screenshot - {}
RESULT: {}
COMMAND: GET /session/948cfef606f1c327c7afa492aa33856c/screenshot - {}
COMMAND: POST /session/948cfef606f1c327c7afa492aa33856c/element - {"using":"xpath","value":"//input[@id=\"application-manageresources-display-component---newResourceUnit--idRuTSAdmin-application-manageresources-display-component---newResourceUnit--RUTimeSegment-0-inner\"]"}
RESULT: {}
RESULT: {}
RESULT: {"using":"xpath","value":"//input[@id=\"application-manageresources-display-component---newResourceUnit--idRuTSAdmin-application-manageresources-display-component---newResourceUnit--RUTimeSegment-0-inner\"]"}
COMMAND: POST /session/948cfef606f1c327c7afa492aa33856c/element/f.B11FB8328C47749F850BA47268692D59.d.F403DC9924A7CC9B2C7400A745248470.e.4585/clear - {}
RESULT: {}
COMMAND: POST /session/948cfef606f1c327c7afa492aa33856c/element/f.B11FB8328C47749F850BA47268692D59.d.F403DC9924A7CC9B2C7400A745248470.e.4585/value - {"text":"WebdriverYardmmv3l"}
COMMAND: GET /session/948cfef606f1c327c7afa492aa33856c/screenshot - {}
RESULT: {"text":"WebdriverYardmmv3l"}
COMMAND: GET /session/948cfef606f1c327c7afa492aa33856c/screenshot - {}
RESULT: {}
RESULT: {}
COMMAND: POST /session/948cfef606f1c327c7afa492aa33856c/actions - {"actions":[{"id":"action36","type":"key","parameters":{},"actions":[{"type":"keyDown","value":""},{"type":"pause","duration":10},{"type":"keyUp","value":""}]}]}
RESULT: {"actions":[{"id":"action36","type":"key","parameters":{},"actions":[{"type":"keyDown","value":""},{"type":"pause","duration":10},{"type":"keyUp","value":""}]}]}
COMMAND: GET /session/948cfef606f1c327c7afa492aa33856c/screenshot - {}
RESULT: {}
COMMAND: POST /session/948cfef606f1c327c7afa492aa33856c/execute/async - {"script":"<script> [1562 bytes]","args":[{"selector":{"controlType":"sap.m.Button","viewName":"reusables.view.manageresources.NewResourceUnit","viewId":"application-manageresources-display-component---newResourceUnit","i18NText":{"propertyName":"tooltip","key":"save"},"interaction":{"idSuffix":"BDI-content"}},"wdio_ui5_key":"reusablesview.manageresources.NewResourceUnitsap.m.Button{\"propertyName\":\"tooltip\",\"key\":\"save\"}"}]}
RESULT: {"script":"<script> [1562 bytes]","args":[{"selector":{"controlType":"sap.m.Button","viewName":"reusables.view.manageresources.NewResourceUnit","viewId":"application-manageresources-display-component---newResourceUnit","i18NText":{"propertyName":"tooltip","key":"save"},"interaction":{"idSuffix":"BDI-content"}},"wdio_ui5_key":"reusablesview.manageresources.NewResourceUnitsap.m.Button{\"propertyName\":\"tooltip\",\"key\":\"save\"}"}]}
RESULT: undefined
COMMAND: POST /session/948cfef606f1c327c7afa492aa33856c/element - {"using":"xpath","value":"//*[@id=\"application-manageresources-display-component---newResourceUnit--createRuButton\"]"}
RESULT: {"using":"xpath","value":"//*[@id=\"application-manageresources-display-component---newResourceUnit--createRuButton\"]"}
COMMAND: POST /session/948cfef606f1c327c7afa492aa33856c/element/f.B11FB8328C47749F850BA47268692D59.d.F403DC9924A7CC9B2C7400A745248470.e.4514/click - {}
RESULT: {}
COMMAND: GET /session/948cfef606f1c327c7afa492aa33856c/screenshot - {}
RESULT: {}
COMMAND: POST /session/948cfef606f1c327c7afa492aa33856c/execute/async - {"script":"<script> [1562 bytes]","args":[{"selector":{"controlType":"sap.m.Title","properties":{"text":"Success"},"searchOpenDialogs":true},"wdio_ui5_key":"sapm.Title{\"text\":\"Success\"}"}]}
RESULT: {"script":"<script> [1562 bytes]","args":[{"selector":{"controlType":"sap.m.Title","properties":{"text":"Success"},"searchOpenDialogs":true},"wdio_ui5_key":"sapm.Title{\"text\":\"Success\"}"}]}
RESULT: undefined
COMMAND: POST /session/948cfef606f1c327c7afa492aa33856c/execute/async - {"script":"<script> [6424 bytes]","args":[{"element-6066-11e4-a52e-4f735466cecf":"f.B11FB8328C47749F850BA47268692D59.d.F403DC9924A7CC9B2C7400A745248470.e.4598"},"getText",[]]}
RESULT: {"script":"<script> [6424 bytes]","args":[{"element-6066-11e4-a52e-4f735466cecf":"f.B11FB8328C47749F850BA47268692D59.d.F403DC9924A7CC9B2C7400A745248470.e.4598"},"getText",[]]}
COMMAND: POST /session/948cfef606f1c327c7afa492aa33856c/element - {"using":"xpath","value":"//*[contains(@id, '__text') and (contains(text(), 'successfully created') or contains(., 'successfully created'))]"}
RESULT: {"using":"xpath","value":"//*[contains(@id, '__text') and (contains(text(), 'successfully created') or contains(., 'successfully created'))]"}
COMMAND: GET /session/948cfef606f1c327c7afa492aa33856c/element/f.B11FB8328C47749F850BA47268692D59.d.F403DC9924A7CC9B2C7400A745248470.e.4596/text - {}
RESULT: {}
COMMAND: POST /session/948cfef606f1c327c7afa492aa33856c/execute/async - {"script":"<script> [1562 bytes]","args":[{"selector":{"controlType":"sap.m.Button","properties":{"text":"Close"},"searchOpenDialogs":true,"interaction":{"idSuffix":"BDI-content"}},"wdio_ui5_key":"sapm.Button{\"text\":\"Close\"}"}]}
RESULT: {"script":"<script> [1562 bytes]","args":[{"selector":{"controlType":"sap.m.Button","properties":{"text":"Close"},"searchOpenDialogs":true,"interaction":{"idSuffix":"BDI-content"}},"wdio_ui5_key":"sapm.Button{\"text\":\"Close\"}"}]}
RESULT: undefined
COMMAND: POST /session/948cfef606f1c327c7afa492aa33856c/element - {"using":"xpath","value":"//*[@id=\"__mbox-btn-1\"]"}
RESULT: {"using":"xpath","value":"//*[@id=\"__mbox-btn-1\"]"}
COMMAND: POST /session/948cfef606f1c327c7afa492aa33856c/element/f.B11FB8328C47749F850BA47268692D59.d.F403DC9924A7CC9B2C7400A745248470.e.4595/click - {}
RESULT: {}
COMMAND: GET /session/948cfef606f1c327c7afa492aa33856c/screenshot - {}
RESULT: {}
COMMAND: POST /session/948cfef606f1c327c7afa492aa33856c/execute/async - {"script":"<script> [1562 bytes]","args":[{"selector":{"controlType":"sap.ui.core.Icon","viewName":"etm.portal.ui.manageresources.view.Detail","viewId":"application-manageresources-display-component---detailRU","properties":{"src":{"regex":{"source":"overflow"}}}},"wdio_ui5_key":"etmportal.ui.manageresources.view.Detailsap.ui.core.Icon{\"src\":{\"regex\":{\"source\":\"overflow\"}}}"}]}
RESULT: {"script":"<script> [1562 bytes]","args":[{"selector":{"controlType":"sap.ui.core.Icon","viewName":"etm.portal.ui.manageresources.view.Detail","viewId":"application-manageresources-display-component---detailRU","properties":{"src":{"regex":{"source":"overflow"}}}},"wdio_ui5_key":"etmportal.ui.manageresources.view.Detailsap.ui.core.Icon{\"src\":{\"regex\":{\"source\":\"overflow\"}}}"}]}
RESULT: undefined
COMMAND: POST /session/948cfef606f1c327c7afa492aa33856c/element - {"using":"xpath","value":"//*[@id=\"__title72-_actionsToolbar-overflowButton-img\"]"}
RESULT: {"using":"xpath","value":"//*[@id=\"__title72-_actionsToolbar-overflowButton-img\"]"}
COMMAND: POST /session/948cfef606f1c327c7afa492aa33856c/element/f.B11FB8328C47749F850BA47268692D59.d.F403DC9924A7CC9B2C7400A745248470.e.4632/click - {}
RESULT: {}
COMMAND: POST /session/948cfef606f1c327c7afa492aa33856c/execute/async - {"script":"<script> [1562 bytes]","args":[{"selector":{"controlType":"sap.m.Button","viewName":"etm.portal.ui.manageresources.view.Detail","viewId":"application-manageresources-display-component---detailRU","i18NText":{"propertyName":"tooltip","key":"closeColumn"},"searchOpenDialogs":true,"interaction":{"idSuffix":"inner"}},"wdio_ui5_key":"etmportal.ui.manageresources.view.Detailsap.m.Button{\"propertyName\":\"tooltip\",\"key\":\"closeColumn\"}"}]}
COMMAND: GET /session/948cfef606f1c327c7afa492aa33856c/screenshot - {}
RESULT: {"script":"<script> [1562 bytes]","args":[{"selector":{"controlType":"sap.m.Button","viewName":"etm.portal.ui.manageresources.view.Detail","viewId":"application-manageresources-display-component---detailRU","i18NText":{"propertyName":"tooltip","key":"closeColumn"},"searchOpenDialogs":true,"interaction":{"idSuffix":"inner"}},"wdio_ui5_key":"etmportal.ui.manageresources.view.Detailsap.m.Button{\"propertyName\":\"tooltip\",\"key\":\"closeColumn\"}"}]}
RESULT: undefined
COMMAND: POST /session/948cfef606f1c327c7afa492aa33856c/element - {"using":"xpath","value":"//*[@id=\"__button233\"]"}
RESULT: {}
RESULT: {"using":"xpath","value":"//*[@id=\"__button233\"]"}
COMMAND: POST /session/948cfef606f1c327c7afa492aa33856c/element/f.B11FB8328C47749F850BA47268692D59.d.F403DC9924A7CC9B2C7400A745248470.e.4634/click - {}
RESULT: {}
COMMAND: GET /session/948cfef606f1c327c7afa492aa33856c/screenshot - {}
RESULT: {}
COMMAND: POST /session/948cfef606f1c327c7afa492aa33856c/refresh - {}
RESULT: {}
COMMAND: GET /session/948cfef606f1c327c7afa492aa33856c/screenshot - {}
RESULT: {}
COMMAND: POST /session/948cfef606f1c327c7afa492aa33856c/execute/async - {"script":"<script> [189 bytes]","args":[]}
RESULT: {"script":"<script> [189 bytes]","args":[]}
COMMAND: POST /session/948cfef606f1c327c7afa492aa33856c/execute/async - {"script":"<script> [123 bytes]","args":[]}
RESULT: {"script":"<script> [123 bytes]","args":[]}
COMMAND: POST /session/948cfef606f1c327c7afa492aa33856c/timeouts - {"script":"<number>"}
RESULT: {"script":"<number>"}
COMMAND: GET /session/948cfef606f1c327c7afa492aa33856c/timeouts - {}
RESULT: {}
RESULT: undefined
COMMAND: POST /session/948cfef606f1c327c7afa492aa33856c/execute/async - {"script":"<script> [2676 bytes]","args":[]}
RESULT: {"script":"<script> [2676 bytes]","args":[]}
COMMAND: POST /session/948cfef606f1c327c7afa492aa33856c/execute/async - {"script":"<script> [2342 bytes]","args":[{"protocol":"http","hostname":"0.0.0.0","path":"/","capabilities":{"browserName":"chrome","goog:chromeOptions":{"binary":"C:\\Program Files\\Google\\Chrome\\Application\\chrome.exe","args":["--start-maximized"]}},"logLevel":"warn","connectionRetryTimeout":120000,"connectionRetryCount":3,"logLevels":{},"enableDirectConnect":true,"strictSSL":true,"_":"65 more keys: [\"cacheDir\",\"port\",\"requestedCapabilities\",\"automationProtocol\",\"baseUrl\",\"waitforInterval\",\"waitforTimeout\",\"onReload\",\"beforeCommand\",\"afterCommand\",\"rootDir\",\"specs\",\"suites\",\"exclude\",\"groupLogsByTestSpec\",\"excludeDriverLogs\",\"bail\",\"framework\",\"reporters\",\"services\",\"maxInstances\",\"maxInstancesPerCapability\",\"injectGlobals\",\"filesToWatch\",\"execArgv\",\"runnerEnv\",\"runner\",\"shard\",\"specFileRetries\",\"specFileRetriesDelay\",\"specFileRetriesDeferred\",\"reporterSyncInterval\",\"reporterSyncTimeout\",\"cucumberFeaturesWithLineNumbers\",\"autoCompileOpts\",\"mochaOpts\",\"jasmineOpts\",\"cucumberOpts\",\"onPrepare\",\"onWorkerStart\",\"onWorkerEnd\",\"before\",\"beforeSession\",\"beforeSuite\",\"beforeHook\",\"beforeTest\",\"afterTest\",\"afterHook\",\"afterSuite\",\"afterSession\",\"after\",\"onComplete\",\"beforeAssertion\",\"afterAssertion\",\"beforeFeature\",\"beforeScenario\",\"beforeStep\",\"afterStep\",\"afterScenario\",\"afterFeature\",\"_\",\"suite\",\"$0\",\"ignoredWorkerServices\",\"wdi5\"]"}]}
RESULT: {"script":"<script> [2342 bytes]","args":[{"protocol":"http","hostname":"0.0.0.0","path":"/","capabilities":{"browserName":"chrome","goog:chromeOptions":{"binary":"C:\\Program Files\\Google\\Chrome\\Application\\chrome.exe","args":["--start-maximized"]}},"logLevel":"warn","connectionRetryTimeout":120000,"connectionRetryCount":3,"logLevels":{},"enableDirectConnect":true,"strictSSL":true,"_":"65 more keys: [\"cacheDir\",\"port\",\"requestedCapabilities\",\"automationProtocol\",\"baseUrl\",\"waitforInterval\",\"waitforTimeout\",\"onReload\",\"beforeCommand\",\"afterCommand\",\"rootDir\",\"specs\",\"suites\",\"exclude\",\"groupLogsByTestSpec\",\"excludeDriverLogs\",\"bail\",\"framework\",\"reporters\",\"services\",\"maxInstances\",\"maxInstancesPerCapability\",\"injectGlobals\",\"filesToWatch\",\"execArgv\",\"runnerEnv\",\"runner\",\"shard\",\"specFileRetries\",\"specFileRetriesDelay\",\"specFileRetriesDeferred\",\"reporterSyncInterval\",\"reporterSyncTimeout\",\"cucumberFeaturesWithLineNumbers\",\"autoCompileOpts\",\"mochaOpts\",\"jasmineOpts\",\"cucumberOpts\",\"onPrepare\",\"onWorkerStart\",\"onWorkerEnd\",\"before\",\"beforeSession\",\"beforeSuite\",\"beforeHook\",\"beforeTest\",\"afterTest\",\"afterHook\",\"afterSuite\",\"afterSession\",\"after\",\"onComplete\",\"beforeAssertion\",\"afterAssertion\",\"beforeFeature\",\"beforeScenario\",\"beforeStep\",\"afterStep\",\"afterScenario\",\"afterFeature\",\"_\",\"suite\",\"$0\",\"ignoredWorkerServices\",\"wdi5\"]"}]}
COMMAND: POST /session/948cfef606f1c327c7afa492aa33856c/execute/async - {"script":"<script> [21126 bytes]","args":[35000]}
RESULT: {"script":"<script> [21126 bytes]","args":[35000]}
COMMAND: POST /session/948cfef606f1c327c7afa492aa33856c/element - {"using":"css selector","value":"#shell-header-logo"}
RESULT: {"using":"css selector","value":"#shell-header-logo"}
COMMAND: POST /session/948cfef606f1c327c7afa492aa33856c/element/f.B11FB8328C47749F850BA47268692D59.d.8EDA135E43EBDD6D01FA34010C3FA663.e.4739/click - {}
RESULT: {}
COMMAND: GET /session/948cfef606f1c327c7afa492aa33856c/screenshot - {}
RESULT: {}
COMMAND: POST /session/948cfef606f1c327c7afa492aa33856c/element - {"using":"css selector","value":"#shell-header-logo"}
RESULT: {"using":"css selector","value":"#shell-header-logo"}
COMMAND: POST /session/948cfef606f1c327c7afa492aa33856c/element/f.B11FB8328C47749F850BA47268692D59.d.8EDA135E43EBDD6D01FA34010C3FA663.e.4917/click - {}
RESULT: {}
COMMAND: GET /session/948cfef606f1c327c7afa492aa33856c/screenshot - {}
RESULT: {}
]]></system-out>
    </testcase>
    <testcase classname="chrome.136_0_7103_93.windows.Manage_request_+_Contract_processing_pick_up_option_US120163_" name="Should Create New Request pick up option" time="174.008">
      <system-out><![CDATA[
COMMAND: POST /session/948cfef606f1c327c7afa492aa33856c/element - {"using":"css selector","value":"#shell-header-logo"}
RESULT: {"using":"css selector","value":"#shell-header-logo"}
COMMAND: POST /session/948cfef606f1c327c7afa492aa33856c/element/f.B11FB8328C47749F850BA47268692D59.d.8EDA135E43EBDD6D01FA34010C3FA663.e.4917/click - {}
RESULT: {}
COMMAND: GET /session/948cfef606f1c327c7afa492aa33856c/screenshot - {}
RESULT: {}
COMMAND: POST /session/948cfef606f1c327c7afa492aa33856c/execute/async - {"script":"<script> [1562 bytes]","args":[{"selector":{"controlType":"sap.m.GenericTile","properties":{"header":"Manage Requests"}},"wdio_ui5_key":"sapm.GenericTile{\"header\":\"Manage Requests\"}"}]}
RESULT: {"script":"<script> [1562 bytes]","args":[{"selector":{"controlType":"sap.m.GenericTile","properties":{"header":"Manage Requests"}},"wdio_ui5_key":"sapm.GenericTile{\"header\":\"Manage Requests\"}"}]}
RESULT: undefined
COMMAND: POST /session/948cfef606f1c327c7afa492aa33856c/element - {"using":"xpath","value":"//*[@id=\"__tile47\"]"}
RESULT: {"using":"xpath","value":"//*[@id=\"__tile47\"]"}
COMMAND: POST /session/948cfef606f1c327c7afa492aa33856c/element/f.B11FB8328C47749F850BA47268692D59.d.8EDA135E43EBDD6D01FA34010C3FA663.e.4926/click - {}
RESULT: {}
COMMAND: GET /session/948cfef606f1c327c7afa492aa33856c/screenshot - {}
RESULT: {}
COMMAND: POST /session/948cfef606f1c327c7afa492aa33856c/elements - {"using":"xpath","value":"//span[text()='Error']"}
RESULT: {"using":"xpath","value":"//span[text()='Error']"}
COMMAND: POST /session/948cfef606f1c327c7afa492aa33856c/refresh - {}
RESULT: {}
COMMAND: GET /session/948cfef606f1c327c7afa492aa33856c/screenshot - {}
RESULT: {}
COMMAND: POST /session/948cfef606f1c327c7afa492aa33856c/execute/async - {"script":"<script> [189 bytes]","args":[]}
RESULT: {"script":"<script> [189 bytes]","args":[]}
COMMAND: POST /session/948cfef606f1c327c7afa492aa33856c/execute/async - {"script":"<script> [123 bytes]","args":[]}
RESULT: {"script":"<script> [123 bytes]","args":[]}
COMMAND: POST /session/948cfef606f1c327c7afa492aa33856c/timeouts - {"script":"<number>"}
RESULT: {"script":"<number>"}
COMMAND: GET /session/948cfef606f1c327c7afa492aa33856c/timeouts - {}
RESULT: {}
RESULT: undefined
COMMAND: POST /session/948cfef606f1c327c7afa492aa33856c/execute/async - {"script":"<script> [2676 bytes]","args":[]}
RESULT: {"script":"<script> [2676 bytes]","args":[]}
COMMAND: POST /session/948cfef606f1c327c7afa492aa33856c/execute/async - {"script":"<script> [2342 bytes]","args":[{"protocol":"http","hostname":"0.0.0.0","path":"/","capabilities":{"browserName":"chrome","goog:chromeOptions":{"binary":"C:\\Program Files\\Google\\Chrome\\Application\\chrome.exe","args":["--start-maximized"]}},"logLevel":"warn","connectionRetryTimeout":120000,"connectionRetryCount":3,"logLevels":{},"enableDirectConnect":true,"strictSSL":true,"_":"65 more keys: [\"cacheDir\",\"port\",\"requestedCapabilities\",\"automationProtocol\",\"baseUrl\",\"waitforInterval\",\"waitforTimeout\",\"onReload\",\"beforeCommand\",\"afterCommand\",\"rootDir\",\"specs\",\"suites\",\"exclude\",\"groupLogsByTestSpec\",\"excludeDriverLogs\",\"bail\",\"framework\",\"reporters\",\"services\",\"maxInstances\",\"maxInstancesPerCapability\",\"injectGlobals\",\"filesToWatch\",\"execArgv\",\"runnerEnv\",\"runner\",\"shard\",\"specFileRetries\",\"specFileRetriesDelay\",\"specFileRetriesDeferred\",\"reporterSyncInterval\",\"reporterSyncTimeout\",\"cucumberFeaturesWithLineNumbers\",\"autoCompileOpts\",\"mochaOpts\",\"jasmineOpts\",\"cucumberOpts\",\"onPrepare\",\"onWorkerStart\",\"onWorkerEnd\",\"before\",\"beforeSession\",\"beforeSuite\",\"beforeHook\",\"beforeTest\",\"afterTest\",\"afterHook\",\"afterSuite\",\"afterSession\",\"after\",\"onComplete\",\"beforeAssertion\",\"afterAssertion\",\"beforeFeature\",\"beforeScenario\",\"beforeStep\",\"afterStep\",\"afterScenario\",\"afterFeature\",\"_\",\"suite\",\"$0\",\"ignoredWorkerServices\",\"wdi5\"]"}]}
RESULT: {"script":"<script> [2342 bytes]","args":[{"protocol":"http","hostname":"0.0.0.0","path":"/","capabilities":{"browserName":"chrome","goog:chromeOptions":{"binary":"C:\\Program Files\\Google\\Chrome\\Application\\chrome.exe","args":["--start-maximized"]}},"logLevel":"warn","connectionRetryTimeout":120000,"connectionRetryCount":3,"logLevels":{},"enableDirectConnect":true,"strictSSL":true,"_":"65 more keys: [\"cacheDir\",\"port\",\"requestedCapabilities\",\"automationProtocol\",\"baseUrl\",\"waitforInterval\",\"waitforTimeout\",\"onReload\",\"beforeCommand\",\"afterCommand\",\"rootDir\",\"specs\",\"suites\",\"exclude\",\"groupLogsByTestSpec\",\"excludeDriverLogs\",\"bail\",\"framework\",\"reporters\",\"services\",\"maxInstances\",\"maxInstancesPerCapability\",\"injectGlobals\",\"filesToWatch\",\"execArgv\",\"runnerEnv\",\"runner\",\"shard\",\"specFileRetries\",\"specFileRetriesDelay\",\"specFileRetriesDeferred\",\"reporterSyncInterval\",\"reporterSyncTimeout\",\"cucumberFeaturesWithLineNumbers\",\"autoCompileOpts\",\"mochaOpts\",\"jasmineOpts\",\"cucumberOpts\",\"onPrepare\",\"onWorkerStart\",\"onWorkerEnd\",\"before\",\"beforeSession\",\"beforeSuite\",\"beforeHook\",\"beforeTest\",\"afterTest\",\"afterHook\",\"afterSuite\",\"afterSession\",\"after\",\"onComplete\",\"beforeAssertion\",\"afterAssertion\",\"beforeFeature\",\"beforeScenario\",\"beforeStep\",\"afterStep\",\"afterScenario\",\"afterFeature\",\"_\",\"suite\",\"$0\",\"ignoredWorkerServices\",\"wdi5\"]"}]}
COMMAND: POST /session/948cfef606f1c327c7afa492aa33856c/execute/async - {"script":"<script> [21126 bytes]","args":[35000]}
RESULT: {"script":"<script> [21126 bytes]","args":[35000]}
COMMAND: POST /session/948cfef606f1c327c7afa492aa33856c/element - {"using":"xpath","value":"//button[contains(@data-kt ,\"btnCreateNewOverflowToolbarButton\")]"}
COMMAND: POST /session/948cfef606f1c327c7afa492aa33856c/element - {"using":"xpath","value":"(//span[contains(@class ,\"sapMObjStatusText\")])[1]"}
RESULT: {"using":"xpath","value":"//button[contains(@data-kt ,\"btnCreateNewOverflowToolbarButton\")]"}
COMMAND: POST /session/948cfef606f1c327c7afa492aa33856c/element/f.B11FB8328C47749F850BA47268692D59.d.ECD39D0A812D96FCDCDE25FF76D752D5.e.5081/click - {}
RESULT: {"using":"xpath","value":"(//span[contains(@class ,\"sapMObjStatusText\")])[1]"}
COMMAND: POST /session/948cfef606f1c327c7afa492aa33856c/execute/sync - {"script":"<script> [8489 bytes]","args":[{"element-6066-11e4-a52e-4f735466cecf":"f.B11FB8328C47749F850BA47268692D59.d.ECD39D0A812D96FCDCDE25FF76D752D5.e.5121","ELEMENT":"f.B11FB8328C47749F850BA47268692D59.d.ECD39D0A812D96FCDCDE25FF76D752D5.e.5121"}]}
RESULT: {}
COMMAND: GET /session/948cfef606f1c327c7afa492aa33856c/screenshot - {}
RESULT: {"script":"<script> [8489 bytes]","args":[{"element-6066-11e4-a52e-4f735466cecf":"f.B11FB8328C47749F850BA47268692D59.d.ECD39D0A812D96FCDCDE25FF76D752D5.e.5121","ELEMENT":"f.B11FB8328C47749F850BA47268692D59.d.ECD39D0A812D96FCDCDE25FF76D752D5.e.5121"}]}
COMMAND: GET /session/948cfef606f1c327c7afa492aa33856c/screenshot - {}
RESULT: {}
RESULT: {}
COMMAND: POST /session/948cfef606f1c327c7afa492aa33856c/element - {"using":"xpath","value":"//input[contains(@id ,\"yardId-inner\")]"}
RESULT: {"using":"xpath","value":"//input[contains(@id ,\"yardId-inner\")]"}
COMMAND: POST /session/948cfef606f1c327c7afa492aa33856c/execute/sync - {"script":"<script> [8489 bytes]","args":[{"element-6066-11e4-a52e-4f735466cecf":"f.B11FB8328C47749F850BA47268692D59.d.ECD39D0A812D96FCDCDE25FF76D752D5.e.5205","ELEMENT":"f.B11FB8328C47749F850BA47268692D59.d.ECD39D0A812D96FCDCDE25FF76D752D5.e.5205"}]}
RESULT: {"script":"<script> [8489 bytes]","args":[{"element-6066-11e4-a52e-4f735466cecf":"f.B11FB8328C47749F850BA47268692D59.d.ECD39D0A812D96FCDCDE25FF76D752D5.e.5205","ELEMENT":"f.B11FB8328C47749F850BA47268692D59.d.ECD39D0A812D96FCDCDE25FF76D752D5.e.5205"}]}
COMMAND: POST /session/948cfef606f1c327c7afa492aa33856c/element - {"using":"xpath","value":"//input[contains(@id ,\"requestContractNo-inner\")]"}
COMMAND: POST /session/948cfef606f1c327c7afa492aa33856c/element - {"using":"xpath","value":"//input[contains(@id ,\"yardId-inner\")]"}
COMMAND: GET /session/948cfef606f1c327c7afa492aa33856c/screenshot - {}
RESULT: {"using":"xpath","value":"//input[contains(@id ,\"requestContractNo-inner\")]"}
COMMAND: POST /session/948cfef606f1c327c7afa492aa33856c/element/f.B11FB8328C47749F850BA47268692D59.d.ECD39D0A812D96FCDCDE25FF76D752D5.e.5202/value - {"text":"10502"}
RESULT: {"using":"xpath","value":"//input[contains(@id ,\"yardId-inner\")]"}
COMMAND: GET /session/948cfef606f1c327c7afa492aa33856c/element/f.B11FB8328C47749F850BA47268692D59.d.ECD39D0A812D96FCDCDE25FF76D752D5.e.5205/enabled - {}
RESULT: {}
RESULT: {"text":"10502"}
COMMAND: GET /session/948cfef606f1c327c7afa492aa33856c/screenshot - {}
RESULT: {}
COMMAND: GET /session/948cfef606f1c327c7afa492aa33856c/screenshot - {}
RESULT: {}
RESULT: {}
COMMAND: POST /session/948cfef606f1c327c7afa492aa33856c/actions - {"actions":[{"id":"action37","type":"key","parameters":{},"actions":[{"type":"keyDown","value":""},{"type":"pause","duration":10},{"type":"keyUp","value":""}]}]}
RESULT: {"actions":[{"id":"action37","type":"key","parameters":{},"actions":[{"type":"keyDown","value":""},{"type":"pause","duration":10},{"type":"keyUp","value":""}]}]}
COMMAND: GET /session/948cfef606f1c327c7afa492aa33856c/screenshot - {}
RESULT: {}
COMMAND: POST /session/948cfef606f1c327c7afa492aa33856c/execute/async - {"script":"<script> [1562 bytes]","args":[{"selector":{"controlType":"sap.m.Button","viewName":"etm.portal.ui.managerequests.view.NewRequest","properties":{"text":"Items"},"interaction":{"idSuffix":"BDI-content"}},"wdio_ui5_key":"etmportal.ui.managerequests.view.NewRequestsap.m.Button{\"text\":\"Items\"}"}]}
RESULT: {"script":"<script> [1562 bytes]","args":[{"selector":{"controlType":"sap.m.Button","viewName":"etm.portal.ui.managerequests.view.NewRequest","properties":{"text":"Items"},"interaction":{"idSuffix":"BDI-content"}},"wdio_ui5_key":"etmportal.ui.managerequests.view.NewRequestsap.m.Button{\"text\":\"Items\"}"}]}
RESULT: undefined
COMMAND: POST /session/948cfef606f1c327c7afa492aa33856c/element - {"using":"xpath","value":"//*[@id=\"__xmlview1--newRequestPage-anchBar-__xmlview1--requestItemsSection-anchor\"]"}
RESULT: {"using":"xpath","value":"//*[@id=\"__xmlview1--newRequestPage-anchBar-__xmlview1--requestItemsSection-anchor\"]"}
COMMAND: POST /session/948cfef606f1c327c7afa492aa33856c/element/f.B11FB8328C47749F850BA47268692D59.d.ECD39D0A812D96FCDCDE25FF76D752D5.e.5401/click - {}
RESULT: {}
COMMAND: GET /session/948cfef606f1c327c7afa492aa33856c/screenshot - {}
RESULT: {}
COMMAND: POST /session/948cfef606f1c327c7afa492aa33856c/execute/async - {"script":"<script> [1562 bytes]","args":[{"selector":{"controlType":"sap.ui.core.Icon","viewName":"etm.portal.ui.managerequests.view.NewRequest","properties":{"src":{"regex":{"source":"inspect"}}}},"wdio_ui5_key":"etmportal.ui.managerequests.view.NewRequestsap.ui.core.Icon{\"src\":{\"regex\":{\"source\":\"inspect\"}}}"}]}
RESULT: {"script":"<script> [1562 bytes]","args":[{"selector":{"controlType":"sap.ui.core.Icon","viewName":"etm.portal.ui.managerequests.view.NewRequest","properties":{"src":{"regex":{"source":"inspect"}}}},"wdio_ui5_key":"etmportal.ui.managerequests.view.NewRequestsap.ui.core.Icon{\"src\":{\"regex\":{\"source\":\"inspect\"}}}"}]}
RESULT: undefined
COMMAND: POST /session/948cfef606f1c327c7afa492aa33856c/element - {"using":"xpath","value":"//*[@id=\"__button8-img\"]"}
RESULT: {"using":"xpath","value":"//*[@id=\"__button8-img\"]"}
COMMAND: POST /session/948cfef606f1c327c7afa492aa33856c/element/f.B11FB8328C47749F850BA47268692D59.d.ECD39D0A812D96FCDCDE25FF76D752D5.e.5405/click - {}
RESULT: {}
COMMAND: GET /session/948cfef606f1c327c7afa492aa33856c/screenshot - {}
RESULT: {}
COMMAND: POST /session/948cfef606f1c327c7afa492aa33856c/execute/async - {"script":"<script> [1562 bytes]","args":[{"selector":{"controlType":"sap.ui.core.Icon","viewName":"etm.portal.ui.managerequests.view.NewRequest","properties":{"src":{"regex":{"source":"add"}}}},"wdio_ui5_key":"etmportal.ui.managerequests.view.NewRequestsap.ui.core.Icon{\"src\":{\"regex\":{\"source\":\"add\"}}}"}]}
RESULT: {"script":"<script> [1562 bytes]","args":[{"selector":{"controlType":"sap.ui.core.Icon","viewName":"etm.portal.ui.managerequests.view.NewRequest","properties":{"src":{"regex":{"source":"add"}}}},"wdio_ui5_key":"etmportal.ui.managerequests.view.NewRequestsap.ui.core.Icon{\"src\":{\"regex\":{\"source\":\"add\"}}}"}]}
RESULT: undefined
COMMAND: POST /session/948cfef606f1c327c7afa492aa33856c/element - {"using":"xpath","value":"//*[@id=\"__xmlview1--btnAddTableRow-img\"]"}
RESULT: {"using":"xpath","value":"//*[@id=\"__xmlview1--btnAddTableRow-img\"]"}
COMMAND: POST /session/948cfef606f1c327c7afa492aa33856c/element/f.B11FB8328C47749F850BA47268692D59.d.ECD39D0A812D96FCDCDE25FF76D752D5.e.5413/click - {}
RESULT: {}
COMMAND: GET /session/948cfef606f1c327c7afa492aa33856c/screenshot - {}
RESULT: {}
COMMAND: POST /session/948cfef606f1c327c7afa492aa33856c/execute/async - {"script":"<script> [1562 bytes]","args":[{"selector":{"controlType":"sap.ui.unified.MenuItem","viewName":"etm.portal.ui.managerequests.view.NewRequest","i18NText":{"propertyName":"text","key":"standardEntry"},"searchOpenDialogs":true,"interaction":{"idSuffix":"txt"}},"wdio_ui5_key":"etmportal.ui.managerequests.view.NewRequestsap.ui.unified.MenuItem{\"propertyName\":\"text\",\"key\":\"standardEntry\"}"}]}
RESULT: {"script":"<script> [1562 bytes]","args":[{"selector":{"controlType":"sap.ui.unified.MenuItem","viewName":"etm.portal.ui.managerequests.view.NewRequest","i18NText":{"propertyName":"text","key":"standardEntry"},"searchOpenDialogs":true,"interaction":{"idSuffix":"txt"}},"wdio_ui5_key":"etmportal.ui.managerequests.view.NewRequestsap.ui.unified.MenuItem{\"propertyName\":\"text\",\"key\":\"standardEntry\"}"}]}
RESULT: undefined
COMMAND: POST /session/948cfef606f1c327c7afa492aa33856c/element - {"using":"xpath","value":"//*[@id=\"__item171\"]"}
RESULT: {"using":"xpath","value":"//*[@id=\"__item171\"]"}
COMMAND: POST /session/948cfef606f1c327c7afa492aa33856c/element/f.B11FB8328C47749F850BA47268692D59.d.ECD39D0A812D96FCDCDE25FF76D752D5.e.5417/click - {}
RESULT: {}
COMMAND: GET /session/948cfef606f1c327c7afa492aa33856c/screenshot - {}
RESULT: {}
RESULT: undefined
COMMAND: POST /session/948cfef606f1c327c7afa492aa33856c/element - {"using":"xpath","value":"//*[@id=\"__xmlview1--btnAddTableRow-img\"]"}
RESULT: {"using":"xpath","value":"//*[@id=\"__xmlview1--btnAddTableRow-img\"]"}
COMMAND: POST /session/948cfef606f1c327c7afa492aa33856c/element/f.B11FB8328C47749F850BA47268692D59.d.ECD39D0A812D96FCDCDE25FF76D752D5.e.5413/click - {}
RESULT: {}
COMMAND: GET /session/948cfef606f1c327c7afa492aa33856c/screenshot - {}
RESULT: {}
RESULT: undefined
COMMAND: POST /session/948cfef606f1c327c7afa492aa33856c/element - {"using":"xpath","value":"//*[@id=\"__item171\"]"}
RESULT: {"using":"xpath","value":"//*[@id=\"__item171\"]"}
COMMAND: POST /session/948cfef606f1c327c7afa492aa33856c/element/f.B11FB8328C47749F850BA47268692D59.d.ECD39D0A812D96FCDCDE25FF76D752D5.e.5432/click - {}
RESULT: {}
COMMAND: GET /session/948cfef606f1c327c7afa492aa33856c/screenshot - {}
RESULT: {}
COMMAND: POST /session/948cfef606f1c327c7afa492aa33856c/element - {"using":"xpath","value":"(//input[contains(@id ,\"requestItemsTable-0-inner\")])[5]"}
RESULT: {"using":"xpath","value":"(//input[contains(@id ,\"requestItemsTable-0-inner\")])[5]"}
COMMAND: POST /session/948cfef606f1c327c7afa492aa33856c/element/f.B11FB8328C47749F850BA47268692D59.d.ECD39D0A812D96FCDCDE25FF76D752D5.e.5423/clear - {}
RESULT: {}
COMMAND: POST /session/948cfef606f1c327c7afa492aa33856c/element/f.B11FB8328C47749F850BA47268692D59.d.ECD39D0A812D96FCDCDE25FF76D752D5.e.5423/value - {"text":"1000001"}
COMMAND: GET /session/948cfef606f1c327c7afa492aa33856c/screenshot - {}
RESULT: {"text":"1000001"}
COMMAND: GET /session/948cfef606f1c327c7afa492aa33856c/screenshot - {}
RESULT: {}
RESULT: {}
COMMAND: POST /session/948cfef606f1c327c7afa492aa33856c/actions - {"actions":[{"id":"action38","type":"key","parameters":{},"actions":[{"type":"keyDown","value":""},{"type":"pause","duration":10},{"type":"keyUp","value":""}]}]}
RESULT: {"actions":[{"id":"action38","type":"key","parameters":{},"actions":[{"type":"keyDown","value":""},{"type":"pause","duration":10},{"type":"keyUp","value":""}]}]}
COMMAND: POST /session/948cfef606f1c327c7afa492aa33856c/element - {"using":"xpath","value":"(//input[contains(@id ,\"requestItemsTable-1-inner\")])[5]"}
COMMAND: GET /session/948cfef606f1c327c7afa492aa33856c/screenshot - {}
RESULT: {"using":"xpath","value":"(//input[contains(@id ,\"requestItemsTable-1-inner\")])[5]"}
COMMAND: POST /session/948cfef606f1c327c7afa492aa33856c/element/f.B11FB8328C47749F850BA47268692D59.d.ECD39D0A812D96FCDCDE25FF76D752D5.e.5438/clear - {}
RESULT: {}
RESULT: {}
COMMAND: POST /session/948cfef606f1c327c7afa492aa33856c/element/f.B11FB8328C47749F850BA47268692D59.d.ECD39D0A812D96FCDCDE25FF76D752D5.e.5438/value - {"text":"200394"}
COMMAND: GET /session/948cfef606f1c327c7afa492aa33856c/screenshot - {}
RESULT: {"text":"200394"}
COMMAND: GET /session/948cfef606f1c327c7afa492aa33856c/screenshot - {}
RESULT: {}
RESULT: {}
COMMAND: POST /session/948cfef606f1c327c7afa492aa33856c/actions - {"actions":[{"id":"action39","type":"key","parameters":{},"actions":[{"type":"keyDown","value":""},{"type":"pause","duration":10},{"type":"keyUp","value":""}]}]}
RESULT: {"actions":[{"id":"action39","type":"key","parameters":{},"actions":[{"type":"keyDown","value":""},{"type":"pause","duration":10},{"type":"keyUp","value":""}]}]}
COMMAND: POST /session/948cfef606f1c327c7afa492aa33856c/element - {"using":"xpath","value":"//div[contains(@data-kt ,\"splitAllocationObjectStatus\")]"}
COMMAND: GET /session/948cfef606f1c327c7afa492aa33856c/screenshot - {}
RESULT: {"using":"xpath","value":"//div[contains(@data-kt ,\"splitAllocationObjectStatus\")]"}
COMMAND: POST /session/948cfef606f1c327c7afa492aa33856c/elements - {"using":"xpath","value":"//div[contains(@data-kt ,\"splitAllocationObjectStatus\")]"}
RESULT: {}
RESULT: {"using":"xpath","value":"//div[contains(@data-kt ,\"splitAllocationObjectStatus\")]"}
COMMAND: POST /session/948cfef606f1c327c7afa492aa33856c/execute/async - {"script":"<script> [1562 bytes]","args":[{"selector":{"controlType":"sap.ui.core.Icon","viewName":"etm.portal.ui.managerequests.view.NewRequest","properties":{"src":{"regex":{"source":"message\\-error"}}},"ancestor":{"controlType":"sap.m.ColumnListItem","viewName":"etm.portal.ui.managerequests.view.NewRequest","bindingPath":{"modelName":"newRequestItems","path":"/RequestItems/0"},"ancestor":{"id":"requestItemsTable","viewName":"etm.portal.ui.managerequests.view.NewRequest"}}},"wdio_ui5_key":"etmportal.ui.managerequests.view.NewRequestsap.ui.core.Icon{\"src\":{\"regex\":{\"source\":\"message\\\\-error\"}}}{\"controlType\":\"sap.m.ColumnListItem\",\"viewName\":\"etm.portal.ui.managerequests.view.NewRequest\",\"bindingPath\":{\"modelName\":\"newRequestItems\",\"path\":\"/RequestItems/0\"},\"ancestor\":{\"id\":\"requestItemsTable\",\"viewName\":\"etm.portal.ui.managerequests.view.NewRequest\"}}"}]}
RESULT: {"script":"<script> [1562 bytes]","args":[{"selector":{"controlType":"sap.ui.core.Icon","viewName":"etm.portal.ui.managerequests.view.NewRequest","properties":{"src":{"regex":{"source":"message\\-error"}}},"ancestor":{"controlType":"sap.m.ColumnListItem","viewName":"etm.portal.ui.managerequests.view.NewRequest","bindingPath":{"modelName":"newRequestItems","path":"/RequestItems/0"},"ancestor":{"id":"requestItemsTable","viewName":"etm.portal.ui.managerequests.view.NewRequest"}}},"wdio_ui5_key":"etmportal.ui.managerequests.view.NewRequestsap.ui.core.Icon{\"src\":{\"regex\":{\"source\":\"message\\\\-error\"}}}{\"controlType\":\"sap.m.ColumnListItem\",\"viewName\":\"etm.portal.ui.managerequests.view.NewRequest\",\"bindingPath\":{\"modelName\":\"newRequestItems\",\"path\":\"/RequestItems/0\"},\"ancestor\":{\"id\":\"requestItemsTable\",\"viewName\":\"etm.portal.ui.managerequests.view.NewRequest\"}}"}]}
RESULT: undefined
COMMAND: POST /session/948cfef606f1c327c7afa492aa33856c/element - {"using":"xpath","value":"//*[@id=\"__status4-__xmlview1--requestItemsTable-0-icon\"]"}
RESULT: {"using":"xpath","value":"//*[@id=\"__status4-__xmlview1--requestItemsTable-0-icon\"]"}
COMMAND: POST /session/948cfef606f1c327c7afa492aa33856c/element/f.B11FB8328C47749F850BA47268692D59.d.ECD39D0A812D96FCDCDE25FF76D752D5.e.5450/click - {}
RESULT: {}
COMMAND: GET /session/948cfef606f1c327c7afa492aa33856c/screenshot - {}
RESULT: {}
COMMAND: POST /session/948cfef606f1c327c7afa492aa33856c/execute/async - {"script":"<script> [1562 bytes]","args":[{"selector":{"id":"costObjectAdminTypeComboBox","viewName":"etm.portal.ui.managerequests.view.NewRequest","searchOpenDialogs":true,"interaction":{"idSuffix":"inner"}},"wdio_ui5_key":"costObjectAdminTypeComboBoxetmportal.ui.managerequests.view.NewRequest"}]}
RESULT: {"script":"<script> [1562 bytes]","args":[{"selector":{"id":"costObjectAdminTypeComboBox","viewName":"etm.portal.ui.managerequests.view.NewRequest","searchOpenDialogs":true,"interaction":{"idSuffix":"inner"}},"wdio_ui5_key":"costObjectAdminTypeComboBoxetmportal.ui.managerequests.view.NewRequest"}]}
RESULT: undefined
COMMAND: POST /session/948cfef606f1c327c7afa492aa33856c/execute/async - {"script":"<script> [776 bytes]","args":[{"enterText":"Cost Center","selector":{"id":"costObjectAdminTypeComboBox","viewName":"etm.portal.ui.managerequests.view.NewRequest","searchOpenDialogs":true,"interaction":{"idSuffix":"inner"}},"clearTextFirst":true,"interactionType":"ENTER_TEXT"}]}
RESULT: {"script":"<script> [776 bytes]","args":[{"enterText":"Cost Center","selector":{"id":"costObjectAdminTypeComboBox","viewName":"etm.portal.ui.managerequests.view.NewRequest","searchOpenDialogs":true,"interaction":{"idSuffix":"inner"}},"clearTextFirst":true,"interactionType":"ENTER_TEXT"}]}
COMMAND: POST /session/948cfef606f1c327c7afa492aa33856c/actions - {"actions":[{"id":"action40","type":"key","parameters":{},"actions":[{"type":"keyDown","value":""},{"type":"pause","duration":10},{"type":"keyUp","value":""}]}]}
RESULT: {"actions":[{"id":"action40","type":"key","parameters":{},"actions":[{"type":"keyDown","value":""},{"type":"pause","duration":10},{"type":"keyUp","value":""}]}]}
COMMAND: GET /session/948cfef606f1c327c7afa492aa33856c/screenshot - {}
RESULT: {}
COMMAND: POST /session/948cfef606f1c327c7afa492aa33856c/execute/async - {"script":"<script> [1562 bytes]","args":[{"selector":{"id":"costObjectIdComboBox","viewName":"etm.portal.ui.managerequests.view.NewRequest","searchOpenDialogs":true,"interaction":{"idSuffix":"inner"}},"wdio_ui5_key":"costObjectIdComboBoxetmportal.ui.managerequests.view.NewRequest"}]}
RESULT: {"script":"<script> [1562 bytes]","args":[{"selector":{"id":"costObjectIdComboBox","viewName":"etm.portal.ui.managerequests.view.NewRequest","searchOpenDialogs":true,"interaction":{"idSuffix":"inner"}},"wdio_ui5_key":"costObjectIdComboBoxetmportal.ui.managerequests.view.NewRequest"}]}
RESULT: undefined
COMMAND: POST /session/948cfef606f1c327c7afa492aa33856c/execute/async - {"script":"<script> [776 bytes]","args":[{"enterText":"1001 - 1001","selector":{"id":"costObjectIdComboBox","viewName":"etm.portal.ui.managerequests.view.NewRequest","searchOpenDialogs":true,"interaction":{"idSuffix":"inner"}},"clearTextFirst":true,"interactionType":"ENTER_TEXT"}]}
RESULT: {"script":"<script> [776 bytes]","args":[{"enterText":"1001 - 1001","selector":{"id":"costObjectIdComboBox","viewName":"etm.portal.ui.managerequests.view.NewRequest","searchOpenDialogs":true,"interaction":{"idSuffix":"inner"}},"clearTextFirst":true,"interactionType":"ENTER_TEXT"}]}
COMMAND: POST /session/948cfef606f1c327c7afa492aa33856c/actions - {"actions":[{"id":"action41","type":"key","parameters":{},"actions":[{"type":"keyDown","value":""},{"type":"pause","duration":10},{"type":"keyUp","value":""}]}]}
RESULT: {"actions":[{"id":"action41","type":"key","parameters":{},"actions":[{"type":"keyDown","value":""},{"type":"pause","duration":10},{"type":"keyUp","value":""}]}]}
COMMAND: GET /session/948cfef606f1c327c7afa492aa33856c/screenshot - {}
RESULT: {}
COMMAND: POST /session/948cfef606f1c327c7afa492aa33856c/element - {"using":"xpath","value":"(//bdi[(text() = 'Save' or . = 'Save')])[1]"}
RESULT: {"using":"xpath","value":"(//bdi[(text() = 'Save' or . = 'Save')])[1]"}
COMMAND: POST /session/948cfef606f1c327c7afa492aa33856c/element/f.B11FB8328C47749F850BA47268692D59.d.ECD39D0A812D96FCDCDE25FF76D752D5.e.5464/click - {}
RESULT: {}
COMMAND: POST /session/948cfef606f1c327c7afa492aa33856c/execute/async - {"script":"<script> [1562 bytes]","args":[{"selector":{"controlType":"sap.ui.core.Icon","viewName":"etm.portal.ui.managerequests.view.NewRequest","properties":{"src":{"regex":{"source":"message\\-error"}}},"ancestor":{"controlType":"sap.m.ColumnListItem","viewName":"etm.portal.ui.managerequests.view.NewRequest","bindingPath":{"modelName":"newRequestItems","path":"/RequestItems/1"},"ancestor":{"id":"requestItemsTable","viewName":"etm.portal.ui.managerequests.view.NewRequest"}}},"wdio_ui5_key":"etmportal.ui.managerequests.view.NewRequestsap.ui.core.Icon{\"src\":{\"regex\":{\"source\":\"message\\\\-error\"}}}{\"controlType\":\"sap.m.ColumnListItem\",\"viewName\":\"etm.portal.ui.managerequests.view.NewRequest\",\"bindingPath\":{\"modelName\":\"newRequestItems\",\"path\":\"/RequestItems/1\"},\"ancestor\":{\"id\":\"requestItemsTable\",\"viewName\":\"etm.portal.ui.managerequests.view.NewRequest\"}}"}]}
COMMAND: GET /session/948cfef606f1c327c7afa492aa33856c/screenshot - {}
RESULT: {"script":"<script> [1562 bytes]","args":[{"selector":{"controlType":"sap.ui.core.Icon","viewName":"etm.portal.ui.managerequests.view.NewRequest","properties":{"src":{"regex":{"source":"message\\-error"}}},"ancestor":{"controlType":"sap.m.ColumnListItem","viewName":"etm.portal.ui.managerequests.view.NewRequest","bindingPath":{"modelName":"newRequestItems","path":"/RequestItems/1"},"ancestor":{"id":"requestItemsTable","viewName":"etm.portal.ui.managerequests.view.NewRequest"}}},"wdio_ui5_key":"etmportal.ui.managerequests.view.NewRequestsap.ui.core.Icon{\"src\":{\"regex\":{\"source\":\"message\\\\-error\"}}}{\"controlType\":\"sap.m.ColumnListItem\",\"viewName\":\"etm.portal.ui.managerequests.view.NewRequest\",\"bindingPath\":{\"modelName\":\"newRequestItems\",\"path\":\"/RequestItems/1\"},\"ancestor\":{\"id\":\"requestItemsTable\",\"viewName\":\"etm.portal.ui.managerequests.view.NewRequest\"}}"}]}
RESULT: undefined
COMMAND: POST /session/948cfef606f1c327c7afa492aa33856c/element - {"using":"xpath","value":"//*[@id=\"__status4-__xmlview1--requestItemsTable-1-icon\"]"}
RESULT: {}
RESULT: {"using":"xpath","value":"//*[@id=\"__status4-__xmlview1--requestItemsTable-1-icon\"]"}
COMMAND: POST /session/948cfef606f1c327c7afa492aa33856c/element/f.B11FB8328C47749F850BA47268692D59.d.ECD39D0A812D96FCDCDE25FF76D752D5.e.5467/click - {}
RESULT: {}
COMMAND: GET /session/948cfef606f1c327c7afa492aa33856c/screenshot - {}
RESULT: {}
RESULT: undefined
COMMAND: POST /session/948cfef606f1c327c7afa492aa33856c/execute/async - {"script":"<script> [776 bytes]","args":[{"enterText":"Cost Center","selector":{"id":"costObjectAdminTypeComboBox","viewName":"etm.portal.ui.managerequests.view.NewRequest","searchOpenDialogs":true,"interaction":{"idSuffix":"inner"}},"clearTextFirst":true,"interactionType":"ENTER_TEXT"}]}
RESULT: {"script":"<script> [776 bytes]","args":[{"enterText":"Cost Center","selector":{"id":"costObjectAdminTypeComboBox","viewName":"etm.portal.ui.managerequests.view.NewRequest","searchOpenDialogs":true,"interaction":{"idSuffix":"inner"}},"clearTextFirst":true,"interactionType":"ENTER_TEXT"}]}
COMMAND: POST /session/948cfef606f1c327c7afa492aa33856c/actions - {"actions":[{"id":"action42","type":"key","parameters":{},"actions":[{"type":"keyDown","value":""},{"type":"pause","duration":10},{"type":"keyUp","value":""}]}]}
RESULT: {"actions":[{"id":"action42","type":"key","parameters":{},"actions":[{"type":"keyDown","value":""},{"type":"pause","duration":10},{"type":"keyUp","value":""}]}]}
COMMAND: GET /session/948cfef606f1c327c7afa492aa33856c/screenshot - {}
RESULT: {}
RESULT: undefined
COMMAND: POST /session/948cfef606f1c327c7afa492aa33856c/execute/async - {"script":"<script> [776 bytes]","args":[{"enterText":"1001 - 1001","selector":{"id":"costObjectIdComboBox","viewName":"etm.portal.ui.managerequests.view.NewRequest","searchOpenDialogs":true,"interaction":{"idSuffix":"inner"}},"clearTextFirst":true,"interactionType":"ENTER_TEXT"}]}
RESULT: {"script":"<script> [776 bytes]","args":[{"enterText":"1001 - 1001","selector":{"id":"costObjectIdComboBox","viewName":"etm.portal.ui.managerequests.view.NewRequest","searchOpenDialogs":true,"interaction":{"idSuffix":"inner"}},"clearTextFirst":true,"interactionType":"ENTER_TEXT"}]}
COMMAND: POST /session/948cfef606f1c327c7afa492aa33856c/actions - {"actions":[{"id":"action43","type":"key","parameters":{},"actions":[{"type":"keyDown","value":""},{"type":"pause","duration":10},{"type":"keyUp","value":""}]}]}
RESULT: {"actions":[{"id":"action43","type":"key","parameters":{},"actions":[{"type":"keyDown","value":""},{"type":"pause","duration":10},{"type":"keyUp","value":""}]}]}
COMMAND: GET /session/948cfef606f1c327c7afa492aa33856c/screenshot - {}
RESULT: {}
COMMAND: POST /session/948cfef606f1c327c7afa492aa33856c/element - {"using":"xpath","value":"(//bdi[(text() = 'Save' or . = 'Save')])[1]"}
RESULT: {"using":"xpath","value":"(//bdi[(text() = 'Save' or . = 'Save')])[1]"}
COMMAND: POST /session/948cfef606f1c327c7afa492aa33856c/element/f.B11FB8328C47749F850BA47268692D59.d.ECD39D0A812D96FCDCDE25FF76D752D5.e.5479/click - {}
RESULT: {}
COMMAND: GET /session/948cfef606f1c327c7afa492aa33856c/screenshot - {}
RESULT: {}
COMMAND: POST /session/948cfef606f1c327c7afa492aa33856c/execute/async - {"script":"<script> [1562 bytes]","args":[{"selector":{"controlType":"sap.m.Button","viewName":"etm.portal.ui.managerequests.view.NewRequest","bindingPath":{"path":"/RequestItems/0","propertyPath":"PICK_UP","modelName":"newRequestItems"},"interaction":{"idSuffix":"BDI-content"}},"wdio_ui5_key":"etmportal.ui.managerequests.view.NewRequestsap.m.Button{\"path\":\"/RequestItems/0\",\"propertyPath\":\"PICK_UP\",\"modelName\":\"newRequestItems\"}"}]}
RESULT: {"script":"<script> [1562 bytes]","args":[{"selector":{"controlType":"sap.m.Button","viewName":"etm.portal.ui.managerequests.view.NewRequest","bindingPath":{"path":"/RequestItems/0","propertyPath":"PICK_UP","modelName":"newRequestItems"},"interaction":{"idSuffix":"BDI-content"}},"wdio_ui5_key":"etmportal.ui.managerequests.view.NewRequestsap.m.Button{\"path\":\"/RequestItems/0\",\"propertyPath\":\"PICK_UP\",\"modelName\":\"newRequestItems\"}"}]}
RESULT: undefined
COMMAND: POST /session/948cfef606f1c327c7afa492aa33856c/element - {"using":"xpath","value":"//*[@id=\"__xmlview1--pickUpItemButton-__xmlview1--requestItemsTable-0\"]"}
RESULT: {"using":"xpath","value":"//*[@id=\"__xmlview1--pickUpItemButton-__xmlview1--requestItemsTable-0\"]"}
COMMAND: POST /session/948cfef606f1c327c7afa492aa33856c/element/f.B11FB8328C47749F850BA47268692D59.d.ECD39D0A812D96FCDCDE25FF76D752D5.e.5483/click - {}
RESULT: {}
COMMAND: GET /session/948cfef606f1c327c7afa492aa33856c/screenshot - {}
RESULT: {}
COMMAND: POST /session/948cfef606f1c327c7afa492aa33856c/execute/async - {"script":"<script> [1562 bytes]","args":[{"selector":{"controlType":"sap.m.Button","viewName":"etm.portal.ui.managerequests.view.NewRequest","properties":{"text":"Save"},"i18NText":{"propertyName":"tooltip","key":"save"},"interaction":{"idSuffix":"BDI-content"}},"wdio_ui5_key":"etmportal.ui.managerequests.view.NewRequestsap.m.Button{\"propertyName\":\"tooltip\",\"key\":\"save\"}{\"text\":\"Save\"}"}]}
RESULT: {"script":"<script> [1562 bytes]","args":[{"selector":{"controlType":"sap.m.Button","viewName":"etm.portal.ui.managerequests.view.NewRequest","properties":{"text":"Save"},"i18NText":{"propertyName":"tooltip","key":"save"},"interaction":{"idSuffix":"BDI-content"}},"wdio_ui5_key":"etmportal.ui.managerequests.view.NewRequestsap.m.Button{\"propertyName\":\"tooltip\",\"key\":\"save\"}{\"text\":\"Save\"}"}]}
RESULT: undefined
COMMAND: POST /session/948cfef606f1c327c7afa492aa33856c/element - {"using":"xpath","value":"//*[@id=\"__button11\"]"}
RESULT: {"using":"xpath","value":"//*[@id=\"__button11\"]"}
COMMAND: POST /session/948cfef606f1c327c7afa492aa33856c/element/f.B11FB8328C47749F850BA47268692D59.d.ECD39D0A812D96FCDCDE25FF76D752D5.e.5294/click - {}
RESULT: {}
COMMAND: GET /session/948cfef606f1c327c7afa492aa33856c/screenshot - {}
RESULT: {}
COMMAND: POST /session/948cfef606f1c327c7afa492aa33856c/execute/async - {"script":"<script> [1562 bytes]","args":[{"selector":{"controlType":"sap.m.Text","searchOpenDialogs":true},"wdio_ui5_key":"sapm.Text"}]}
RESULT: {"script":"<script> [1562 bytes]","args":[{"selector":{"controlType":"sap.m.Text","searchOpenDialogs":true},"wdio_ui5_key":"sapm.Text"}]}
RESULT: undefined
COMMAND: POST /session/948cfef606f1c327c7afa492aa33856c/execute/async - {"script":"<script> [6424 bytes]","args":[{"element-6066-11e4-a52e-4f735466cecf":"f.B11FB8328C47749F850BA47268692D59.d.ECD39D0A812D96FCDCDE25FF76D752D5.e.5487"},"getText",[]]}
RESULT: {"script":"<script> [6424 bytes]","args":[{"element-6066-11e4-a52e-4f735466cecf":"f.B11FB8328C47749F850BA47268692D59.d.ECD39D0A812D96FCDCDE25FF76D752D5.e.5487"},"getText",[]]}
COMMAND: POST /session/948cfef606f1c327c7afa492aa33856c/execute/async - {"script":"<script> [1562 bytes]","args":[{"selector":{"controlType":"sap.m.Button","properties":{"text":"Close"},"searchOpenDialogs":true,"interaction":{"idSuffix":"BDI-content"}},"wdio_ui5_key":"sapm.Button{\"text\":\"Close\"}"}]}
RESULT: {"script":"<script> [1562 bytes]","args":[{"selector":{"controlType":"sap.m.Button","properties":{"text":"Close"},"searchOpenDialogs":true,"interaction":{"idSuffix":"BDI-content"}},"wdio_ui5_key":"sapm.Button{\"text\":\"Close\"}"}]}
RESULT: undefined
COMMAND: POST /session/948cfef606f1c327c7afa492aa33856c/element - {"using":"xpath","value":"//*[@id=\"__mbox-btn-0\"]"}
RESULT: {"using":"xpath","value":"//*[@id=\"__mbox-btn-0\"]"}
COMMAND: POST /session/948cfef606f1c327c7afa492aa33856c/element/f.B11FB8328C47749F850BA47268692D59.d.ECD39D0A812D96FCDCDE25FF76D752D5.e.5486/click - {}
RESULT: {}
COMMAND: GET /session/948cfef606f1c327c7afa492aa33856c/screenshot - {}
RESULT: {}
COMMAND: POST /session/948cfef606f1c327c7afa492aa33856c/execute/async - {"script":"<script> [1562 bytes]","args":[{"selector":{"controlType":"sap.m.Button","viewName":"etm.portal.ui.managerequests.view.Detail","bindingPath":{"path":"/SmartRequestItemsPlanningBoard(ITEM=10m,REQUEST='20247')","propertyPath":"PICK_UP"}},"wdio_ui5_key":"etmportal.ui.managerequests.view.Detailsap.m.Button{\"path\":\"/SmartRequestItemsPlanningBoard(ITEM=10m,REQUEST='20247')\",\"propertyPath\":\"PICK_UP\"}"}]}
RESULT: {"script":"<script> [1562 bytes]","args":[{"selector":{"controlType":"sap.m.Button","viewName":"etm.portal.ui.managerequests.view.Detail","bindingPath":{"path":"/SmartRequestItemsPlanningBoard(ITEM=10m,REQUEST='20247')","propertyPath":"PICK_UP"}},"wdio_ui5_key":"etmportal.ui.managerequests.view.Detailsap.m.Button{\"path\":\"/SmartRequestItemsPlanningBoard(ITEM=10m,REQUEST='20247')\",\"propertyPath\":\"PICK_UP\"}"}]}
RESULT: undefined
COMMAND: POST /session/948cfef606f1c327c7afa492aa33856c/execute/async - {"script":"<script> [6424 bytes]","args":[{"element-6066-11e4-a52e-4f735466cecf":"f.B11FB8328C47749F850BA47268692D59.d.ECD39D0A812D96FCDCDE25FF76D752D5.e.5596"},"getType",[]]}
RESULT: {"script":"<script> [6424 bytes]","args":[{"element-6066-11e4-a52e-4f735466cecf":"f.B11FB8328C47749F850BA47268692D59.d.ECD39D0A812D96FCDCDE25FF76D752D5.e.5596"},"getType",[]]}
COMMAND: POST /session/948cfef606f1c327c7afa492aa33856c/execute/async - {"script":"<script> [1562 bytes]","args":[{"selector":{"controlType":"sap.m.Button","viewName":"etm.portal.ui.managerequests.view.Detail","bindingPath":{"path":"/SmartRequestItemsPlanningBoard(ITEM=20m,REQUEST='20247')","propertyPath":"PICK_UP"}},"wdio_ui5_key":"etmportal.ui.managerequests.view.Detailsap.m.Button{\"path\":\"/SmartRequestItemsPlanningBoard(ITEM=20m,REQUEST='20247')\",\"propertyPath\":\"PICK_UP\"}"}]}
RESULT: {"script":"<script> [1562 bytes]","args":[{"selector":{"controlType":"sap.m.Button","viewName":"etm.portal.ui.managerequests.view.Detail","bindingPath":{"path":"/SmartRequestItemsPlanningBoard(ITEM=20m,REQUEST='20247')","propertyPath":"PICK_UP"}},"wdio_ui5_key":"etmportal.ui.managerequests.view.Detailsap.m.Button{\"path\":\"/SmartRequestItemsPlanningBoard(ITEM=20m,REQUEST='20247')\",\"propertyPath\":\"PICK_UP\"}"}]}
RESULT: undefined
COMMAND: POST /session/948cfef606f1c327c7afa492aa33856c/execute/async - {"script":"<script> [6424 bytes]","args":[{"element-6066-11e4-a52e-4f735466cecf":"f.B11FB8328C47749F850BA47268692D59.d.ECD39D0A812D96FCDCDE25FF76D752D5.e.5626"},"getType",[]]}
RESULT: {"script":"<script> [6424 bytes]","args":[{"element-6066-11e4-a52e-4f735466cecf":"f.B11FB8328C47749F850BA47268692D59.d.ECD39D0A812D96FCDCDE25FF76D752D5.e.5626"},"getType",[]]}
COMMAND: POST /session/948cfef606f1c327c7afa492aa33856c/execute/async - {"script":"<script> [1562 bytes]","args":[{"selector":{"id":"pickUpSwitchHeader","viewName":"etm.portal.ui.managerequests.view.Detail","interaction":{"idSuffix":"handle"}},"wdio_ui5_key":"pickUpSwitchHeaderetmportal.ui.managerequests.view.Detail"}]}
RESULT: {"script":"<script> [1562 bytes]","args":[{"selector":{"id":"pickUpSwitchHeader","viewName":"etm.portal.ui.managerequests.view.Detail","interaction":{"idSuffix":"handle"}},"wdio_ui5_key":"pickUpSwitchHeaderetmportal.ui.managerequests.view.Detail"}]}
RESULT: undefined
COMMAND: POST /session/948cfef606f1c327c7afa492aa33856c/element - {"using":"xpath","value":"//*[@id=\"__xmlview2--pickUpSwitchHeader\"]"}
RESULT: {"using":"xpath","value":"//*[@id=\"__xmlview2--pickUpSwitchHeader\"]"}
COMMAND: POST /session/948cfef606f1c327c7afa492aa33856c/element/f.B11FB8328C47749F850BA47268692D59.d.ECD39D0A812D96FCDCDE25FF76D752D5.e.5564/click - {}
RESULT: {}
COMMAND: POST /session/948cfef606f1c327c7afa492aa33856c/execute/async - {"script":"<script> [1562 bytes]","args":[{"selector":{"controlType":"sap.ui.core.Icon","viewName":"etm.portal.ui.managerequests.view.Detail","properties":{"src":{"regex":{"source":"pushpin\\-off"}}}},"wdio_ui5_key":"etmportal.ui.managerequests.view.Detailsap.ui.core.Icon{\"src\":{\"regex\":{\"source\":\"pushpin\\\\-off\"}}}"}]}
COMMAND: GET /session/948cfef606f1c327c7afa492aa33856c/screenshot - {}
RESULT: {"script":"<script> [1562 bytes]","args":[{"selector":{"controlType":"sap.ui.core.Icon","viewName":"etm.portal.ui.managerequests.view.Detail","properties":{"src":{"regex":{"source":"pushpin\\-off"}}}},"wdio_ui5_key":"etmportal.ui.managerequests.view.Detailsap.ui.core.Icon{\"src\":{\"regex\":{\"source\":\"pushpin\\\\-off\"}}}"}]}
RESULT: undefined
COMMAND: POST /session/948cfef606f1c327c7afa492aa33856c/element - {"using":"xpath","value":"//*[@id=\"__xmlview2--detailRequestPage-OPHeaderContent-pinBtn-img\"]"}
RESULT: {}
RESULT: {"using":"xpath","value":"//*[@id=\"__xmlview2--detailRequestPage-OPHeaderContent-pinBtn-img\"]"}
COMMAND: POST /session/948cfef606f1c327c7afa492aa33856c/element/f.B11FB8328C47749F850BA47268692D59.d.ECD39D0A812D96FCDCDE25FF76D752D5.e.5572/click - {}
RESULT: {}
RESULT: undefined
COMMAND: POST /session/948cfef606f1c327c7afa492aa33856c/execute/async - {"script":"<script> [6424 bytes]","args":[{"element-6066-11e4-a52e-4f735466cecf":"f.B11FB8328C47749F850BA47268692D59.d.ECD39D0A812D96FCDCDE25FF76D752D5.e.5596"},"getType",[]]}
COMMAND: GET /session/948cfef606f1c327c7afa492aa33856c/screenshot - {}
RESULT: {"script":"<script> [6424 bytes]","args":[{"element-6066-11e4-a52e-4f735466cecf":"f.B11FB8328C47749F850BA47268692D59.d.ECD39D0A812D96FCDCDE25FF76D752D5.e.5596"},"getType",[]]}
RESULT: undefined
COMMAND: POST /session/948cfef606f1c327c7afa492aa33856c/execute/async - {"script":"<script> [6424 bytes]","args":[{"element-6066-11e4-a52e-4f735466cecf":"f.B11FB8328C47749F850BA47268692D59.d.ECD39D0A812D96FCDCDE25FF76D752D5.e.5626"},"getType",[]]}
RESULT: {}
RESULT: {"script":"<script> [6424 bytes]","args":[{"element-6066-11e4-a52e-4f735466cecf":"f.B11FB8328C47749F850BA47268692D59.d.ECD39D0A812D96FCDCDE25FF76D752D5.e.5626"},"getType",[]]}
COMMAND: POST /session/948cfef606f1c327c7afa492aa33856c/execute/async - {"script":"<script> [1562 bytes]","args":[{"selector":{"controlType":"sap.ui.core.Icon","viewName":"etm.portal.ui.managerequests.view.Detail","properties":{"src":{"regex":{"source":"date\\-time"}}},"ancestor":{"controlType":"sap.m.ColumnListItem","viewName":"etm.portal.ui.managerequests.view.Detail","bindingPath":{"path":"/SmartRequestItemsPlanningBoard(ITEM=10m,REQUEST='20247')"},"ancestor":{"id":"requestItemsTable","viewName":"etm.portal.ui.managerequests.view.Detail"}}},"wdio_ui5_key":"etmportal.ui.managerequests.view.Detailsap.ui.core.Icon{\"src\":{\"regex\":{\"source\":\"date\\\\-time\"}}}{\"controlType\":\"sap.m.ColumnListItem\",\"viewName\":\"etm.portal.ui.managerequests.view.Detail\",\"bindingPath\":{\"path\":\"/SmartRequestItemsPlanningBoard(ITEM=10m,REQUEST='20247')\"},\"ancestor\":{\"id\":\"requestItemsTable\",\"viewName\":\"etm.portal.ui.managerequests.view.Detail\"}}"}]}
RESULT: {"script":"<script> [1562 bytes]","args":[{"selector":{"controlType":"sap.ui.core.Icon","viewName":"etm.portal.ui.managerequests.view.Detail","properties":{"src":{"regex":{"source":"date\\-time"}}},"ancestor":{"controlType":"sap.m.ColumnListItem","viewName":"etm.portal.ui.managerequests.view.Detail","bindingPath":{"path":"/SmartRequestItemsPlanningBoard(ITEM=10m,REQUEST='20247')"},"ancestor":{"id":"requestItemsTable","viewName":"etm.portal.ui.managerequests.view.Detail"}}},"wdio_ui5_key":"etmportal.ui.managerequests.view.Detailsap.ui.core.Icon{\"src\":{\"regex\":{\"source\":\"date\\\\-time\"}}}{\"controlType\":\"sap.m.ColumnListItem\",\"viewName\":\"etm.portal.ui.managerequests.view.Detail\",\"bindingPath\":{\"path\":\"/SmartRequestItemsPlanningBoard(ITEM=10m,REQUEST='20247')\"},\"ancestor\":{\"id\":\"requestItemsTable\",\"viewName\":\"etm.portal.ui.managerequests.view.Detail\"}}"}]}
RESULT: undefined
COMMAND: POST /session/948cfef606f1c327c7afa492aa33856c/element - {"using":"xpath","value":"//*[@id=\"__button37-__clone1825-img\"]"}
RESULT: {"using":"xpath","value":"//*[@id=\"__button37-__clone1825-img\"]"}
COMMAND: POST /session/948cfef606f1c327c7afa492aa33856c/element/f.B11FB8328C47749F850BA47268692D59.d.ECD39D0A812D96FCDCDE25FF76D752D5.e.5634/click - {}
RESULT: {}
COMMAND: POST /session/948cfef606f1c327c7afa492aa33856c/execute/async - {"script":"<script> [1562 bytes]","args":[{"selector":{"controlType":"sap.m.Button","viewName":"etm.portal.ui.managerequests.view.Detail","properties":{"text":"Close"},"searchOpenDialogs":true,"interaction":{"idSuffix":"inner"}},"wdio_ui5_key":"etmportal.ui.managerequests.view.Detailsap.m.Button{\"text\":\"Close\"}"}]}
COMMAND: GET /session/948cfef606f1c327c7afa492aa33856c/screenshot - {}
RESULT: {"script":"<script> [1562 bytes]","args":[{"selector":{"controlType":"sap.m.Button","viewName":"etm.portal.ui.managerequests.view.Detail","properties":{"text":"Close"},"searchOpenDialogs":true,"interaction":{"idSuffix":"inner"}},"wdio_ui5_key":"etmportal.ui.managerequests.view.Detailsap.m.Button{\"text\":\"Close\"}"}]}
RESULT: undefined
COMMAND: POST /session/948cfef606f1c327c7afa492aa33856c/element - {"using":"xpath","value":"//*[@id=\"__button45\"]"}
RESULT: {}
RESULT: {"using":"xpath","value":"//*[@id=\"__button45\"]"}
COMMAND: POST /session/948cfef606f1c327c7afa492aa33856c/element/f.B11FB8328C47749F850BA47268692D59.d.ECD39D0A812D96FCDCDE25FF76D752D5.e.5636/click - {}
RESULT: {}
COMMAND: POST /session/948cfef606f1c327c7afa492aa33856c/execute/async - {"script":"<script> [1562 bytes]","args":[{"selector":{"controlType":"sap.ui.core.Icon","viewName":"etm.portal.ui.managerequests.view.Detail","properties":{"src":{"regex":{"source":"date\\-time"}}},"ancestor":{"controlType":"sap.m.ColumnListItem","viewName":"etm.portal.ui.managerequests.view.Detail","bindingPath":{"path":"/SmartRequestItemsPlanningBoard(ITEM=20m,REQUEST='20247')"},"ancestor":{"id":"requestItemsTable","viewName":"etm.portal.ui.managerequests.view.Detail"}}},"wdio_ui5_key":"etmportal.ui.managerequests.view.Detailsap.ui.core.Icon{\"src\":{\"regex\":{\"source\":\"date\\\\-time\"}}}{\"controlType\":\"sap.m.ColumnListItem\",\"viewName\":\"etm.portal.ui.managerequests.view.Detail\",\"bindingPath\":{\"path\":\"/SmartRequestItemsPlanningBoard(ITEM=20m,REQUEST='20247')\"},\"ancestor\":{\"id\":\"requestItemsTable\",\"viewName\":\"etm.portal.ui.managerequests.view.Detail\"}}"}]}
COMMAND: GET /session/948cfef606f1c327c7afa492aa33856c/screenshot - {}
RESULT: {"script":"<script> [1562 bytes]","args":[{"selector":{"controlType":"sap.ui.core.Icon","viewName":"etm.portal.ui.managerequests.view.Detail","properties":{"src":{"regex":{"source":"date\\-time"}}},"ancestor":{"controlType":"sap.m.ColumnListItem","viewName":"etm.portal.ui.managerequests.view.Detail","bindingPath":{"path":"/SmartRequestItemsPlanningBoard(ITEM=20m,REQUEST='20247')"},"ancestor":{"id":"requestItemsTable","viewName":"etm.portal.ui.managerequests.view.Detail"}}},"wdio_ui5_key":"etmportal.ui.managerequests.view.Detailsap.ui.core.Icon{\"src\":{\"regex\":{\"source\":\"date\\\\-time\"}}}{\"controlType\":\"sap.m.ColumnListItem\",\"viewName\":\"etm.portal.ui.managerequests.view.Detail\",\"bindingPath\":{\"path\":\"/SmartRequestItemsPlanningBoard(ITEM=20m,REQUEST='20247')\"},\"ancestor\":{\"id\":\"requestItemsTable\",\"viewName\":\"etm.portal.ui.managerequests.view.Detail\"}}"}]}
RESULT: undefined
COMMAND: POST /session/948cfef606f1c327c7afa492aa33856c/element - {"using":"xpath","value":"//*[@id=\"__button37-__clone1826-img\"]"}
RESULT: {}
RESULT: {"using":"xpath","value":"//*[@id=\"__button37-__clone1826-img\"]"}
COMMAND: POST /session/948cfef606f1c327c7afa492aa33856c/element/f.B11FB8328C47749F850BA47268692D59.d.ECD39D0A812D96FCDCDE25FF76D752D5.e.5643/click - {}
RESULT: {}
RESULT: undefined
COMMAND: POST /session/948cfef606f1c327c7afa492aa33856c/element - {"using":"xpath","value":"//*[@id=\"__button45\"]"}
COMMAND: GET /session/948cfef606f1c327c7afa492aa33856c/screenshot - {}
RESULT: {"using":"xpath","value":"//*[@id=\"__button45\"]"}
COMMAND: POST /session/948cfef606f1c327c7afa492aa33856c/elements - {"using":"xpath","value":"//*[@id=\"__button45\"]"}
RESULT: {}
RESULT: {"using":"xpath","value":"//*[@id=\"__button45\"]"}
COMMAND: POST /session/948cfef606f1c327c7afa492aa33856c/element - {"using":"xpath","value":"//*[@id=\"__button45\"]"}
RESULT: {"using":"xpath","value":"//*[@id=\"__button45\"]"}
COMMAND: POST /session/948cfef606f1c327c7afa492aa33856c/element/f.B11FB8328C47749F850BA47268692D59.d.ECD39D0A812D96FCDCDE25FF76D752D5.e.5647/click - {}
RESULT: {}
COMMAND: POST /session/948cfef606f1c327c7afa492aa33856c/execute/async - {"script":"<script> [189 bytes]","args":[]}
COMMAND: GET /session/948cfef606f1c327c7afa492aa33856c/screenshot - {}
RESULT: {"script":"<script> [189 bytes]","args":[]}
COMMAND: POST /session/948cfef606f1c327c7afa492aa33856c/execute/async - {"script":"<script> [123 bytes]","args":[]}
RESULT: {}
RESULT: {"script":"<script> [123 bytes]","args":[]}
COMMAND: POST /session/948cfef606f1c327c7afa492aa33856c/timeouts - {"script":"<number>"}
RESULT: {"script":"<number>"}
COMMAND: GET /session/948cfef606f1c327c7afa492aa33856c/timeouts - {}
RESULT: {}
RESULT: undefined
COMMAND: POST /session/948cfef606f1c327c7afa492aa33856c/execute/async - {"script":"<script> [2676 bytes]","args":[]}
RESULT: {"script":"<script> [2676 bytes]","args":[]}
COMMAND: POST /session/948cfef606f1c327c7afa492aa33856c/execute/async - {"script":"<script> [2342 bytes]","args":[{"protocol":"http","hostname":"0.0.0.0","path":"/","capabilities":{"browserName":"chrome","goog:chromeOptions":{"binary":"C:\\Program Files\\Google\\Chrome\\Application\\chrome.exe","args":["--start-maximized"]}},"logLevel":"warn","connectionRetryTimeout":120000,"connectionRetryCount":3,"logLevels":{},"enableDirectConnect":true,"strictSSL":true,"_":"65 more keys: [\"cacheDir\",\"port\",\"requestedCapabilities\",\"automationProtocol\",\"baseUrl\",\"waitforInterval\",\"waitforTimeout\",\"onReload\",\"beforeCommand\",\"afterCommand\",\"rootDir\",\"specs\",\"suites\",\"exclude\",\"groupLogsByTestSpec\",\"excludeDriverLogs\",\"bail\",\"framework\",\"reporters\",\"services\",\"maxInstances\",\"maxInstancesPerCapability\",\"injectGlobals\",\"filesToWatch\",\"execArgv\",\"runnerEnv\",\"runner\",\"shard\",\"specFileRetries\",\"specFileRetriesDelay\",\"specFileRetriesDeferred\",\"reporterSyncInterval\",\"reporterSyncTimeout\",\"cucumberFeaturesWithLineNumbers\",\"autoCompileOpts\",\"mochaOpts\",\"jasmineOpts\",\"cucumberOpts\",\"onPrepare\",\"onWorkerStart\",\"onWorkerEnd\",\"before\",\"beforeSession\",\"beforeSuite\",\"beforeHook\",\"beforeTest\",\"afterTest\",\"afterHook\",\"afterSuite\",\"afterSession\",\"after\",\"onComplete\",\"beforeAssertion\",\"afterAssertion\",\"beforeFeature\",\"beforeScenario\",\"beforeStep\",\"afterStep\",\"afterScenario\",\"afterFeature\",\"_\",\"suite\",\"$0\",\"ignoredWorkerServices\",\"wdi5\"]"}]}
RESULT: {"script":"<script> [2342 bytes]","args":[{"protocol":"http","hostname":"0.0.0.0","path":"/","capabilities":{"browserName":"chrome","goog:chromeOptions":{"binary":"C:\\Program Files\\Google\\Chrome\\Application\\chrome.exe","args":["--start-maximized"]}},"logLevel":"warn","connectionRetryTimeout":120000,"connectionRetryCount":3,"logLevels":{},"enableDirectConnect":true,"strictSSL":true,"_":"65 more keys: [\"cacheDir\",\"port\",\"requestedCapabilities\",\"automationProtocol\",\"baseUrl\",\"waitforInterval\",\"waitforTimeout\",\"onReload\",\"beforeCommand\",\"afterCommand\",\"rootDir\",\"specs\",\"suites\",\"exclude\",\"groupLogsByTestSpec\",\"excludeDriverLogs\",\"bail\",\"framework\",\"reporters\",\"services\",\"maxInstances\",\"maxInstancesPerCapability\",\"injectGlobals\",\"filesToWatch\",\"execArgv\",\"runnerEnv\",\"runner\",\"shard\",\"specFileRetries\",\"specFileRetriesDelay\",\"specFileRetriesDeferred\",\"reporterSyncInterval\",\"reporterSyncTimeout\",\"cucumberFeaturesWithLineNumbers\",\"autoCompileOpts\",\"mochaOpts\",\"jasmineOpts\",\"cucumberOpts\",\"onPrepare\",\"onWorkerStart\",\"onWorkerEnd\",\"before\",\"beforeSession\",\"beforeSuite\",\"beforeHook\",\"beforeTest\",\"afterTest\",\"afterHook\",\"afterSuite\",\"afterSession\",\"after\",\"onComplete\",\"beforeAssertion\",\"afterAssertion\",\"beforeFeature\",\"beforeScenario\",\"beforeStep\",\"afterStep\",\"afterScenario\",\"afterFeature\",\"_\",\"suite\",\"$0\",\"ignoredWorkerServices\",\"wdi5\"]"}]}
COMMAND: POST /session/948cfef606f1c327c7afa492aa33856c/execute/async - {"script":"<script> [21126 bytes]","args":[35000]}
RESULT: {"script":"<script> [21126 bytes]","args":[35000]}
COMMAND: POST /session/948cfef606f1c327c7afa492aa33856c/execute/async - {"script":"<script> [1562 bytes]","args":[{"selector":{"controlType":"sap.m.Button","viewName":"etm.portal.ui.managerequests.view.Detail","bindingPath":{"path":"/SmartRequestItemsPlanningBoard(ITEM=10m,REQUEST='20247')","propertyPath":"PICK_UP"}},"wdio_ui5_key":"etmportal.ui.managerequests.view.Detailsap.m.Button{\"path\":\"/SmartRequestItemsPlanningBoard(ITEM=10m,REQUEST='20247')\",\"propertyPath\":\"PICK_UP\"}"}]}
RESULT: {"script":"<script> [1562 bytes]","args":[{"selector":{"controlType":"sap.m.Button","viewName":"etm.portal.ui.managerequests.view.Detail","bindingPath":{"path":"/SmartRequestItemsPlanningBoard(ITEM=10m,REQUEST='20247')","propertyPath":"PICK_UP"}},"wdio_ui5_key":"etmportal.ui.managerequests.view.Detailsap.m.Button{\"path\":\"/SmartRequestItemsPlanningBoard(ITEM=10m,REQUEST='20247')\",\"propertyPath\":\"PICK_UP\"}"}]}
RESULT: undefined
COMMAND: POST /session/948cfef606f1c327c7afa492aa33856c/execute/async - {"script":"<script> [6424 bytes]","args":[{"element-6066-11e4-a52e-4f735466cecf":"f.B11FB8328C47749F850BA47268692D59.d.ECD39D0A812D96FCDCDE25FF76D752D5.e.5596"},"getType",[]]}
RESULT: {"script":"<script> [6424 bytes]","args":[{"element-6066-11e4-a52e-4f735466cecf":"f.B11FB8328C47749F850BA47268692D59.d.ECD39D0A812D96FCDCDE25FF76D752D5.e.5596"},"getType",[]]}
COMMAND: POST /session/948cfef606f1c327c7afa492aa33856c/execute/async - {"script":"<script> [1562 bytes]","args":[{"selector":{"controlType":"sap.m.Button","viewName":"etm.portal.ui.managerequests.view.Detail","bindingPath":{"path":"/SmartRequestItemsPlanningBoard(ITEM=20m,REQUEST='20247')","propertyPath":"PICK_UP"}},"wdio_ui5_key":"etmportal.ui.managerequests.view.Detailsap.m.Button{\"path\":\"/SmartRequestItemsPlanningBoard(ITEM=20m,REQUEST='20247')\",\"propertyPath\":\"PICK_UP\"}"}]}
RESULT: {"script":"<script> [1562 bytes]","args":[{"selector":{"controlType":"sap.m.Button","viewName":"etm.portal.ui.managerequests.view.Detail","bindingPath":{"path":"/SmartRequestItemsPlanningBoard(ITEM=20m,REQUEST='20247')","propertyPath":"PICK_UP"}},"wdio_ui5_key":"etmportal.ui.managerequests.view.Detailsap.m.Button{\"path\":\"/SmartRequestItemsPlanningBoard(ITEM=20m,REQUEST='20247')\",\"propertyPath\":\"PICK_UP\"}"}]}
RESULT: undefined
COMMAND: POST /session/948cfef606f1c327c7afa492aa33856c/execute/async - {"script":"<script> [6424 bytes]","args":[{"element-6066-11e4-a52e-4f735466cecf":"f.B11FB8328C47749F850BA47268692D59.d.ECD39D0A812D96FCDCDE25FF76D752D5.e.5626"},"getType",[]]}
RESULT: {"script":"<script> [6424 bytes]","args":[{"element-6066-11e4-a52e-4f735466cecf":"f.B11FB8328C47749F850BA47268692D59.d.ECD39D0A812D96FCDCDE25FF76D752D5.e.5626"},"getType",[]]}
]]></system-out>
    </testcase>
    <testcase classname="chrome.136_0_7103_93.windows.Manage_request_+_Contract_processing_pick_up_option_US120163_" name="Should Contract processing pick up option" time="167.264">
      <system-out><![CDATA[
COMMAND: POST /session/948cfef606f1c327c7afa492aa33856c/execute/async - {"script":"<script> [1562 bytes]","args":[{"selector":{"id":"requestContractNo","viewName":"etm.portal.ui.managerequests.view.Detail"},"wdio_ui5_key":"requestContractNoetmportal.ui.managerequests.view.Detail"}]}
RESULT: {"script":"<script> [1562 bytes]","args":[{"selector":{"id":"requestContractNo","viewName":"etm.portal.ui.managerequests.view.Detail"},"wdio_ui5_key":"requestContractNoetmportal.ui.managerequests.view.Detail"}]}
RESULT: undefined
COMMAND: POST /session/948cfef606f1c327c7afa492aa33856c/element - {"using":"xpath","value":"//*[@id=\"__xmlview2--requestContractNo\"]"}
RESULT: {"using":"xpath","value":"//*[@id=\"__xmlview2--requestContractNo\"]"}
COMMAND: POST /session/948cfef606f1c327c7afa492aa33856c/element/f.B11FB8328C47749F850BA47268692D59.d.ECD39D0A812D96FCDCDE25FF76D752D5.e.5652/click - {}
RESULT: {}
COMMAND: POST /session/948cfef606f1c327c7afa492aa33856c/execute/async - {"script":"<script> [1562 bytes]","args":[{"selector":{"controlType":"sap.m.Link","viewName":"etm.portal.ui.managerequests.view.Detail","properties":{"text":"Contract Overview"},"searchOpenDialogs":true},"wdio_ui5_key":"etmportal.ui.managerequests.view.Detailsap.m.Link{\"text\":\"Contract Overview\"}"}]}
COMMAND: GET /session/948cfef606f1c327c7afa492aa33856c/screenshot - {}
RESULT: {"script":"<script> [1562 bytes]","args":[{"selector":{"controlType":"sap.m.Link","viewName":"etm.portal.ui.managerequests.view.Detail","properties":{"text":"Contract Overview"},"searchOpenDialogs":true},"wdio_ui5_key":"etmportal.ui.managerequests.view.Detailsap.m.Link{\"text\":\"Contract Overview\"}"}]}
RESULT: undefined
COMMAND: POST /session/948cfef606f1c327c7afa492aa33856c/element - {"using":"xpath","value":"//*[@id=\"__link8\"]"}
RESULT: {}
RESULT: {"using":"xpath","value":"//*[@id=\"__link8\"]"}
COMMAND: POST /session/948cfef606f1c327c7afa492aa33856c/element/f.B11FB8328C47749F850BA47268692D59.d.ECD39D0A812D96FCDCDE25FF76D752D5.e.5654/click - {}
RESULT: {}
COMMAND: GET /session/948cfef606f1c327c7afa492aa33856c/screenshot - {}
RESULT: {}
COMMAND: POST /session/948cfef606f1c327c7afa492aa33856c/element - {"using":"xpath","value":"//div[contains(@id ,\"headerBillingItemsTabFilter-text\")]"}
RESULT: {"using":"xpath","value":"//div[contains(@id ,\"headerBillingItemsTabFilter-text\")]"}
COMMAND: POST /session/948cfef606f1c327c7afa492aa33856c/element/f.B11FB8328C47749F850BA47268692D59.d.ECD39D0A812D96FCDCDE25FF76D752D5.e.5810/click - {}
RESULT: {}
COMMAND: GET /session/948cfef606f1c327c7afa492aa33856c/screenshot - {}
RESULT: {}
COMMAND: POST /session/948cfef606f1c327c7afa492aa33856c/execute/async - {"script":"<script> [1562 bytes]","args":[{"selector":{"id":"addRequestItemBtn","viewName":"etm.portal.ui.managecontracts.view.Detail","interaction":{"idSuffix":"BDI-content"}},"wdio_ui5_key":"addRequestItemBtnetmportal.ui.managecontracts.view.Detail"}]}
RESULT: {"script":"<script> [1562 bytes]","args":[{"selector":{"id":"addRequestItemBtn","viewName":"etm.portal.ui.managecontracts.view.Detail","interaction":{"idSuffix":"BDI-content"}},"wdio_ui5_key":"addRequestItemBtnetmportal.ui.managecontracts.view.Detail"}]}
RESULT: undefined
COMMAND: POST /session/948cfef606f1c327c7afa492aa33856c/element - {"using":"xpath","value":"//*[@id=\"__xmlview4--addRequestItemBtn\"]"}
RESULT: {"using":"xpath","value":"//*[@id=\"__xmlview4--addRequestItemBtn\"]"}
COMMAND: POST /session/948cfef606f1c327c7afa492aa33856c/element/f.B11FB8328C47749F850BA47268692D59.d.ECD39D0A812D96FCDCDE25FF76D752D5.e.5763/click - {}
RESULT: {}
COMMAND: GET /session/948cfef606f1c327c7afa492aa33856c/screenshot - {}
COMMAND: POST /session/948cfef606f1c327c7afa492aa33856c/element - {"using":"xpath","value":"//div[contains(@id ,\"popupRequestTable-sa-CbBg\")]"}
RESULT: {}
RESULT: {"using":"xpath","value":"//div[contains(@id ,\"popupRequestTable-sa-CbBg\")]"}
COMMAND: POST /session/948cfef606f1c327c7afa492aa33856c/element/f.B11FB8328C47749F850BA47268692D59.d.ECD39D0A812D96FCDCDE25FF76D752D5.e.5893/click - {}
RESULT: {}
COMMAND: GET /session/948cfef606f1c327c7afa492aa33856c/screenshot - {}
RESULT: {}
COMMAND: POST /session/948cfef606f1c327c7afa492aa33856c/execute/async - {"script":"<script> [1562 bytes]","args":[{"selector":{"controlType":"sap.m.Button","viewName":"etm.portal.ui.managecontracts.view.Detail","i18NText":{"propertyName":"text","key":"selectionDone"},"searchOpenDialogs":true,"interaction":{"idSuffix":"content"}},"wdio_ui5_key":"etmportal.ui.managecontracts.view.Detailsap.m.Button{\"propertyName\":\"text\",\"key\":\"selectionDone\"}"}]}
RESULT: {"script":"<script> [1562 bytes]","args":[{"selector":{"controlType":"sap.m.Button","viewName":"etm.portal.ui.managecontracts.view.Detail","i18NText":{"propertyName":"text","key":"selectionDone"},"searchOpenDialogs":true,"interaction":{"idSuffix":"content"}},"wdio_ui5_key":"etmportal.ui.managecontracts.view.Detailsap.m.Button{\"propertyName\":\"text\",\"key\":\"selectionDone\"}"}]}
RESULT: undefined
COMMAND: POST /session/948cfef606f1c327c7afa492aa33856c/element - {"using":"xpath","value":"//*[@id=\"__button60\"]"}
RESULT: {"using":"xpath","value":"//*[@id=\"__button60\"]"}
COMMAND: POST /session/948cfef606f1c327c7afa492aa33856c/element/f.B11FB8328C47749F850BA47268692D59.d.ECD39D0A812D96FCDCDE25FF76D752D5.e.5896/click - {}
RESULT: {}
COMMAND: POST /session/948cfef606f1c327c7afa492aa33856c/execute/async - {"script":"<script> [1562 bytes]","args":[{"selector":{"controlType":"sap.m.Button","properties":{"text":"OK"},"searchOpenDialogs":true,"interaction":{"idSuffix":"inner"}},"wdio_ui5_key":"sapm.Button{\"text\":\"OK\"}"}]}
COMMAND: GET /session/948cfef606f1c327c7afa492aa33856c/screenshot - {}
RESULT: {"script":"<script> [1562 bytes]","args":[{"selector":{"controlType":"sap.m.Button","properties":{"text":"OK"},"searchOpenDialogs":true,"interaction":{"idSuffix":"inner"}},"wdio_ui5_key":"sapm.Button{\"text\":\"OK\"}"}]}
RESULT: undefined
COMMAND: POST /session/948cfef606f1c327c7afa492aa33856c/element - {"using":"xpath","value":"//*[@id=\"__mbox-btn-1\"]"}
RESULT: {}
RESULT: {"using":"xpath","value":"//*[@id=\"__mbox-btn-1\"]"}
COMMAND: POST /session/948cfef606f1c327c7afa492aa33856c/element/f.B11FB8328C47749F850BA47268692D59.d.ECD39D0A812D96FCDCDE25FF76D752D5.e.5897/click - {}
RESULT: {}
COMMAND: GET /session/948cfef606f1c327c7afa492aa33856c/screenshot - {}
RESULT: {}
COMMAND: POST /session/948cfef606f1c327c7afa492aa33856c/element - {"using":"xpath","value":"//div[contains(@id ,\"headerBillingItemsTabFilter-text\")]"}
RESULT: {"using":"xpath","value":"//div[contains(@id ,\"headerBillingItemsTabFilter-text\")]"}
COMMAND: POST /session/948cfef606f1c327c7afa492aa33856c/element/f.B11FB8328C47749F850BA47268692D59.d.ECD39D0A812D96FCDCDE25FF76D752D5.e.5810/click - {}
RESULT: {}
COMMAND: GET /session/948cfef606f1c327c7afa492aa33856c/screenshot - {}
RESULT: {}
COMMAND: POST /session/948cfef606f1c327c7afa492aa33856c/element - {"using":"xpath","value":"//button[contains(@data-kt ,\"refreshButton\")]"}
RESULT: {"using":"xpath","value":"//button[contains(@data-kt ,\"refreshButton\")]"}
COMMAND: POST /session/948cfef606f1c327c7afa492aa33856c/element/f.B11FB8328C47749F850BA47268692D59.d.ECD39D0A812D96FCDCDE25FF76D752D5.e.5760/click - {}
RESULT: {}
COMMAND: GET /session/948cfef606f1c327c7afa492aa33856c/screenshot - {}
RESULT: {}
COMMAND: POST /session/948cfef606f1c327c7afa492aa33856c/element - {"using":"xpath","value":"//div[contains(@id ,\"headerBillingItemsTabFilter-text\")]"}
RESULT: {"using":"xpath","value":"//div[contains(@id ,\"headerBillingItemsTabFilter-text\")]"}
COMMAND: POST /session/948cfef606f1c327c7afa492aa33856c/element/f.B11FB8328C47749F850BA47268692D59.d.ECD39D0A812D96FCDCDE25FF76D752D5.e.5810/click - {}
RESULT: {}
COMMAND: GET /session/948cfef606f1c327c7afa492aa33856c/screenshot - {}
RESULT: {}
COMMAND: POST /session/948cfef606f1c327c7afa492aa33856c/execute/async - {"script":"<script> [1562 bytes]","args":[{"selector":{"id":"contractDetailProvideButton","viewName":"etm.portal.ui.managecontracts.view.Detail","interaction":{"idSuffix":"BDI-content"}},"wdio_ui5_key":"contractDetailProvideButtonetmportal.ui.managecontracts.view.Detail"}]}
RESULT: {"script":"<script> [1562 bytes]","args":[{"selector":{"id":"contractDetailProvideButton","viewName":"etm.portal.ui.managecontracts.view.Detail","interaction":{"idSuffix":"BDI-content"}},"wdio_ui5_key":"contractDetailProvideButtonetmportal.ui.managecontracts.view.Detail"}]}
RESULT: undefined
COMMAND: POST /session/948cfef606f1c327c7afa492aa33856c/element - {"using":"xpath","value":"//*[@id=\"__xmlview4--contractDetailProvideButton\"]"}
RESULT: {"using":"xpath","value":"//*[@id=\"__xmlview4--contractDetailProvideButton\"]"}
COMMAND: POST /session/948cfef606f1c327c7afa492aa33856c/element/f.B11FB8328C47749F850BA47268692D59.d.ECD39D0A812D96FCDCDE25FF76D752D5.e.5769/click - {}
RESULT: {}
COMMAND: GET /session/948cfef606f1c327c7afa492aa33856c/screenshot - {}
RESULT: {}
COMMAND: POST /session/948cfef606f1c327c7afa492aa33856c/execute/async - {"script":"<script> [1562 bytes]","args":[{"selector":{"id":"application-managehandovers-display-component---AddNewHO--pickUpCheckbox","interaction":{"idSuffix":"CbBg"}},"wdio_ui5_key":"applicationmanagehandovers-display-component---AddNewHO--pickUpCheckbox"}]}
RESULT: {"script":"<script> [1562 bytes]","args":[{"selector":{"id":"application-managehandovers-display-component---AddNewHO--pickUpCheckbox","interaction":{"idSuffix":"CbBg"}},"wdio_ui5_key":"applicationmanagehandovers-display-component---AddNewHO--pickUpCheckbox"}]}
RESULT: undefined
COMMAND: POST /session/948cfef606f1c327c7afa492aa33856c/element - {"using":"xpath","value":"//*[@id=\"application-managehandovers-display-component---AddNewHO--pickUpCheckbox\"]"}
RESULT: {"using":"xpath","value":"//*[@id=\"application-managehandovers-display-component---AddNewHO--pickUpCheckbox\"]"}
COMMAND: POST /session/948cfef606f1c327c7afa492aa33856c/element/f.B11FB8328C47749F850BA47268692D59.d.ECD39D0A812D96FCDCDE25FF76D752D5.e.6084/click - {}
RESULT: {}
COMMAND: POST /session/948cfef606f1c327c7afa492aa33856c/execute/async - {"script":"<script> [1562 bytes]","args":[{"selector":{"id":"application-managehandovers-display-component---AddNewHO--ObjectPageLayout-anchBar-application-managehandovers-display-component---AddNewHO--section4-anchor","interaction":{"idSuffix":"content"}},"wdio_ui5_key":"applicationmanagehandovers-display-component---AddNewHO--ObjectPageLayout-anchBar-application-managehandovers-display-component---AddNewHO--section4-anchor"}]}
COMMAND: GET /session/948cfef606f1c327c7afa492aa33856c/screenshot - {}
RESULT: {"script":"<script> [1562 bytes]","args":[{"selector":{"id":"application-managehandovers-display-component---AddNewHO--ObjectPageLayout-anchBar-application-managehandovers-display-component---AddNewHO--section4-anchor","interaction":{"idSuffix":"content"}},"wdio_ui5_key":"applicationmanagehandovers-display-component---AddNewHO--ObjectPageLayout-anchBar-application-managehandovers-display-component---AddNewHO--section4-anchor"}]}
RESULT: undefined
COMMAND: POST /session/948cfef606f1c327c7afa492aa33856c/element - {"using":"xpath","value":"//*[@id=\"application-managehandovers-display-component---AddNewHO--ObjectPageLayout-anchBar-application-managehandovers-display-component---AddNewHO--section4-anchor\"]"}
RESULT: {}
RESULT: {"using":"xpath","value":"//*[@id=\"application-managehandovers-display-component---AddNewHO--ObjectPageLayout-anchBar-application-managehandovers-display-component---AddNewHO--section4-anchor\"]"}
COMMAND: POST /session/948cfef606f1c327c7afa492aa33856c/element/f.B11FB8328C47749F850BA47268692D59.d.ECD39D0A812D96FCDCDE25FF76D752D5.e.6088/click - {}
RESULT: {}
COMMAND: POST /session/948cfef606f1c327c7afa492aa33856c/execute/async - {"script":"<script> [1562 bytes]","args":[{"selector":{"controlType":"sap.m.Button","viewName":"etm.portal.ui.managehandovers.view.AddNewHO","viewId":"application-managehandovers-display-component---AddNewHO","i18NText":{"propertyName":"tooltip","key":"addItems"},"interaction":{"idSuffix":"inner"}},"wdio_ui5_key":"etmportal.ui.managehandovers.view.AddNewHOsap.m.Button{\"propertyName\":\"tooltip\",\"key\":\"addItems\"}"}]}
COMMAND: GET /session/948cfef606f1c327c7afa492aa33856c/screenshot - {}
RESULT: {"script":"<script> [1562 bytes]","args":[{"selector":{"controlType":"sap.m.Button","viewName":"etm.portal.ui.managehandovers.view.AddNewHO","viewId":"application-managehandovers-display-component---AddNewHO","i18NText":{"propertyName":"tooltip","key":"addItems"},"interaction":{"idSuffix":"inner"}},"wdio_ui5_key":"etmportal.ui.managehandovers.view.AddNewHOsap.m.Button{\"propertyName\":\"tooltip\",\"key\":\"addItems\"}"}]}
RESULT: undefined
COMMAND: POST /session/948cfef606f1c327c7afa492aa33856c/element - {"using":"xpath","value":"//*[@id=\"__button76\"]"}
RESULT: {}
RESULT: {"using":"xpath","value":"//*[@id=\"__button76\"]"}
COMMAND: POST /session/948cfef606f1c327c7afa492aa33856c/element/f.B11FB8328C47749F850BA47268692D59.d.ECD39D0A812D96FCDCDE25FF76D752D5.e.6092/click - {}
RESULT: {}
COMMAND: POST /session/948cfef606f1c327c7afa492aa33856c/execute/async - {"script":"<script> [1562 bytes]","args":[{"selector":{"id":"application-managehandovers-display-component---AddNewHO--smartTableHOPopup-header","searchOpenDialogs":true},"wdio_ui5_key":"applicationmanagehandovers-display-component---AddNewHO--smartTableHOPopup-header"}]}
COMMAND: GET /session/948cfef606f1c327c7afa492aa33856c/screenshot - {}
RESULT: {"script":"<script> [1562 bytes]","args":[{"selector":{"id":"application-managehandovers-display-component---AddNewHO--smartTableHOPopup-header","searchOpenDialogs":true},"wdio_ui5_key":"applicationmanagehandovers-display-component---AddNewHO--smartTableHOPopup-header"}]}
RESULT: undefined
COMMAND: POST /session/948cfef606f1c327c7afa492aa33856c/execute/async - {"script":"<script> [6424 bytes]","args":[{"element-6066-11e4-a52e-4f735466cecf":"f.B11FB8328C47749F850BA47268692D59.d.ECD39D0A812D96FCDCDE25FF76D752D5.e.6109"},"getText",[]]}
RESULT: {}
RESULT: {"script":"<script> [6424 bytes]","args":[{"element-6066-11e4-a52e-4f735466cecf":"f.B11FB8328C47749F850BA47268692D59.d.ECD39D0A812D96FCDCDE25FF76D752D5.e.6109"},"getText",[]]}
COMMAND: POST /session/948cfef606f1c327c7afa492aa33856c/actions - {"actions":[{"id":"action44","type":"key","parameters":{},"actions":[{"type":"keyDown","value":""},{"type":"pause","duration":10},{"type":"keyUp","value":""}]}]}
RESULT: {"actions":[{"id":"action44","type":"key","parameters":{},"actions":[{"type":"keyDown","value":""},{"type":"pause","duration":10},{"type":"keyUp","value":""}]}]}
COMMAND: GET /session/948cfef606f1c327c7afa492aa33856c/screenshot - {}
RESULT: {}
COMMAND: POST /session/948cfef606f1c327c7afa492aa33856c/execute/async - {"script":"<script> [1562 bytes]","args":[{"selector":{"id":"backBtn"},"wdio_ui5_key":"backBtn"}]}
RESULT: {"script":"<script> [1562 bytes]","args":[{"selector":{"id":"backBtn"},"wdio_ui5_key":"backBtn"}]}
RESULT: undefined
COMMAND: POST /session/948cfef606f1c327c7afa492aa33856c/element - {"using":"xpath","value":"//*[@id=\"backBtn\"]"}
RESULT: {"using":"xpath","value":"//*[@id=\"backBtn\"]"}
COMMAND: POST /session/948cfef606f1c327c7afa492aa33856c/element/f.B11FB8328C47749F850BA47268692D59.d.ECD39D0A812D96FCDCDE25FF76D752D5.e.6110/click - {}
RESULT: {}
COMMAND: GET /session/948cfef606f1c327c7afa492aa33856c/screenshot - {}
RESULT: {}
COMMAND: POST /session/948cfef606f1c327c7afa492aa33856c/refresh - {}
RESULT: {}
COMMAND: GET /session/948cfef606f1c327c7afa492aa33856c/screenshot - {}
RESULT: {}
COMMAND: POST /session/948cfef606f1c327c7afa492aa33856c/execute/async - {"script":"<script> [189 bytes]","args":[]}
RESULT: {"script":"<script> [189 bytes]","args":[]}
COMMAND: POST /session/948cfef606f1c327c7afa492aa33856c/execute/async - {"script":"<script> [123 bytes]","args":[]}
RESULT: {"script":"<script> [123 bytes]","args":[]}
COMMAND: POST /session/948cfef606f1c327c7afa492aa33856c/timeouts - {"script":"<number>"}
RESULT: {"script":"<number>"}
COMMAND: GET /session/948cfef606f1c327c7afa492aa33856c/timeouts - {}
RESULT: {}
RESULT: undefined
COMMAND: POST /session/948cfef606f1c327c7afa492aa33856c/execute/async - {"script":"<script> [2676 bytes]","args":[]}
RESULT: {"script":"<script> [2676 bytes]","args":[]}
COMMAND: POST /session/948cfef606f1c327c7afa492aa33856c/execute/async - {"script":"<script> [2342 bytes]","args":[{"protocol":"http","hostname":"0.0.0.0","path":"/","capabilities":{"browserName":"chrome","goog:chromeOptions":{"binary":"C:\\Program Files\\Google\\Chrome\\Application\\chrome.exe","args":["--start-maximized"]}},"logLevel":"warn","connectionRetryTimeout":120000,"connectionRetryCount":3,"logLevels":{},"enableDirectConnect":true,"strictSSL":true,"_":"65 more keys: [\"cacheDir\",\"port\",\"requestedCapabilities\",\"automationProtocol\",\"baseUrl\",\"waitforInterval\",\"waitforTimeout\",\"onReload\",\"beforeCommand\",\"afterCommand\",\"rootDir\",\"specs\",\"suites\",\"exclude\",\"groupLogsByTestSpec\",\"excludeDriverLogs\",\"bail\",\"framework\",\"reporters\",\"services\",\"maxInstances\",\"maxInstancesPerCapability\",\"injectGlobals\",\"filesToWatch\",\"execArgv\",\"runnerEnv\",\"runner\",\"shard\",\"specFileRetries\",\"specFileRetriesDelay\",\"specFileRetriesDeferred\",\"reporterSyncInterval\",\"reporterSyncTimeout\",\"cucumberFeaturesWithLineNumbers\",\"autoCompileOpts\",\"mochaOpts\",\"jasmineOpts\",\"cucumberOpts\",\"onPrepare\",\"onWorkerStart\",\"onWorkerEnd\",\"before\",\"beforeSession\",\"beforeSuite\",\"beforeHook\",\"beforeTest\",\"afterTest\",\"afterHook\",\"afterSuite\",\"afterSession\",\"after\",\"onComplete\",\"beforeAssertion\",\"afterAssertion\",\"beforeFeature\",\"beforeScenario\",\"beforeStep\",\"afterStep\",\"afterScenario\",\"afterFeature\",\"_\",\"suite\",\"$0\",\"ignoredWorkerServices\",\"wdi5\"]"}]}
RESULT: {"script":"<script> [2342 bytes]","args":[{"protocol":"http","hostname":"0.0.0.0","path":"/","capabilities":{"browserName":"chrome","goog:chromeOptions":{"binary":"C:\\Program Files\\Google\\Chrome\\Application\\chrome.exe","args":["--start-maximized"]}},"logLevel":"warn","connectionRetryTimeout":120000,"connectionRetryCount":3,"logLevels":{},"enableDirectConnect":true,"strictSSL":true,"_":"65 more keys: [\"cacheDir\",\"port\",\"requestedCapabilities\",\"automationProtocol\",\"baseUrl\",\"waitforInterval\",\"waitforTimeout\",\"onReload\",\"beforeCommand\",\"afterCommand\",\"rootDir\",\"specs\",\"suites\",\"exclude\",\"groupLogsByTestSpec\",\"excludeDriverLogs\",\"bail\",\"framework\",\"reporters\",\"services\",\"maxInstances\",\"maxInstancesPerCapability\",\"injectGlobals\",\"filesToWatch\",\"execArgv\",\"runnerEnv\",\"runner\",\"shard\",\"specFileRetries\",\"specFileRetriesDelay\",\"specFileRetriesDeferred\",\"reporterSyncInterval\",\"reporterSyncTimeout\",\"cucumberFeaturesWithLineNumbers\",\"autoCompileOpts\",\"mochaOpts\",\"jasmineOpts\",\"cucumberOpts\",\"onPrepare\",\"onWorkerStart\",\"onWorkerEnd\",\"before\",\"beforeSession\",\"beforeSuite\",\"beforeHook\",\"beforeTest\",\"afterTest\",\"afterHook\",\"afterSuite\",\"afterSession\",\"after\",\"onComplete\",\"beforeAssertion\",\"afterAssertion\",\"beforeFeature\",\"beforeScenario\",\"beforeStep\",\"afterStep\",\"afterScenario\",\"afterFeature\",\"_\",\"suite\",\"$0\",\"ignoredWorkerServices\",\"wdi5\"]"}]}
COMMAND: POST /session/948cfef606f1c327c7afa492aa33856c/execute/async - {"script":"<script> [21126 bytes]","args":[35000]}
RESULT: {"script":"<script> [21126 bytes]","args":[35000]}
COMMAND: POST /session/948cfef606f1c327c7afa492aa33856c/element - {"using":"xpath","value":"//div[contains(@id ,\"headerBillingItemsTabFilter-text\")]"}
RESULT: {"using":"xpath","value":"//div[contains(@id ,\"headerBillingItemsTabFilter-text\")]"}
COMMAND: POST /session/948cfef606f1c327c7afa492aa33856c/element/f.B11FB8328C47749F850BA47268692D59.d.8703C67FE5E4CFF9471C32160C2E683D.e.6525/click - {}
RESULT: {}
COMMAND: GET /session/948cfef606f1c327c7afa492aa33856c/screenshot - {}
RESULT: {}
COMMAND: POST /session/948cfef606f1c327c7afa492aa33856c/execute/async - {"script":"<script> [1562 bytes]","args":[{"selector":{"id":"revertPlanningBtn","viewName":"etm.portal.ui.managecontracts.view.Detail","interaction":{"idSuffix":"BDI-content"}},"wdio_ui5_key":"revertPlanningBtnetmportal.ui.managecontracts.view.Detail"}]}
RESULT: {"script":"<script> [1562 bytes]","args":[{"selector":{"id":"revertPlanningBtn","viewName":"etm.portal.ui.managecontracts.view.Detail","interaction":{"idSuffix":"BDI-content"}},"wdio_ui5_key":"revertPlanningBtnetmportal.ui.managecontracts.view.Detail"}]}
RESULT: undefined
COMMAND: POST /session/948cfef606f1c327c7afa492aa33856c/element - {"using":"xpath","value":"//*[@id=\"__xmlview1--revertPlanningBtn\"]"}
RESULT: {"using":"xpath","value":"//*[@id=\"__xmlview1--revertPlanningBtn\"]"}
COMMAND: POST /session/948cfef606f1c327c7afa492aa33856c/element/f.B11FB8328C47749F850BA47268692D59.d.8703C67FE5E4CFF9471C32160C2E683D.e.6437/click - {}
RESULT: {}
COMMAND: GET /session/948cfef606f1c327c7afa492aa33856c/screenshot - {}
RESULT: {}
COMMAND: POST /session/948cfef606f1c327c7afa492aa33856c/actions - {"actions":[{"id":"action45","type":"key","parameters":{},"actions":[{"type":"keyDown","value":""},{"type":"pause","duration":10},{"type":"keyUp","value":""}]}]}
RESULT: {"actions":[{"id":"action45","type":"key","parameters":{},"actions":[{"type":"keyDown","value":""},{"type":"pause","duration":10},{"type":"keyUp","value":""}]}]}
COMMAND: GET /session/948cfef606f1c327c7afa492aa33856c/screenshot - {}
RESULT: {}
COMMAND: POST /session/948cfef606f1c327c7afa492aa33856c/element - {"using":"xpath","value":"//div[contains(@id ,\"ProductsTable-sa-CbBg\")]"}
RESULT: {"using":"xpath","value":"//div[contains(@id ,\"ProductsTable-sa-CbBg\")]"}
COMMAND: POST /session/948cfef606f1c327c7afa492aa33856c/element/f.B11FB8328C47749F850BA47268692D59.d.8703C67FE5E4CFF9471C32160C2E683D.e.6575/click - {}
RESULT: {}
COMMAND: GET /session/948cfef606f1c327c7afa492aa33856c/screenshot - {}
RESULT: {}
COMMAND: POST /session/948cfef606f1c327c7afa492aa33856c/execute/async - {"script":"<script> [1562 bytes]","args":[{"selector":{"id":"executeRevertPlanningBtn","viewName":"etm.portal.ui.managecontracts.view.Detail","interaction":{"idSuffix":"BDI-content"}},"wdio_ui5_key":"executeRevertPlanningBtnetmportal.ui.managecontracts.view.Detail"}]}
RESULT: {"script":"<script> [1562 bytes]","args":[{"selector":{"id":"executeRevertPlanningBtn","viewName":"etm.portal.ui.managecontracts.view.Detail","interaction":{"idSuffix":"BDI-content"}},"wdio_ui5_key":"executeRevertPlanningBtnetmportal.ui.managecontracts.view.Detail"}]}
RESULT: undefined
COMMAND: POST /session/948cfef606f1c327c7afa492aa33856c/element - {"using":"xpath","value":"//*[@id=\"__xmlview1--executeRevertPlanningBtn\"]"}
RESULT: {"using":"xpath","value":"//*[@id=\"__xmlview1--executeRevertPlanningBtn\"]"}
COMMAND: POST /session/948cfef606f1c327c7afa492aa33856c/element/f.B11FB8328C47749F850BA47268692D59.d.8703C67FE5E4CFF9471C32160C2E683D.e.6574/click - {}
RESULT: {}
COMMAND: GET /session/948cfef606f1c327c7afa492aa33856c/screenshot - {}
RESULT: {}
COMMAND: POST /session/948cfef606f1c327c7afa492aa33856c/actions - {"actions":[{"id":"action46","type":"key","parameters":{},"actions":[{"type":"keyDown","value":""},{"type":"pause","duration":10},{"type":"keyUp","value":""}]}]}
RESULT: {"actions":[{"id":"action46","type":"key","parameters":{},"actions":[{"type":"keyDown","value":""},{"type":"pause","duration":10},{"type":"keyUp","value":""}]}]}
COMMAND: POST /session/948cfef606f1c327c7afa492aa33856c/execute/async - {"script":"<script> [1562 bytes]","args":[{"selector":{"id":"backBtn"},"wdio_ui5_key":"backBtn"}]}
COMMAND: GET /session/948cfef606f1c327c7afa492aa33856c/screenshot - {}
RESULT: {"script":"<script> [1562 bytes]","args":[{"selector":{"id":"backBtn"},"wdio_ui5_key":"backBtn"}]}
RESULT: undefined
COMMAND: POST /session/948cfef606f1c327c7afa492aa33856c/element - {"using":"xpath","value":"//*[@id=\"backBtn\"]"}
RESULT: {}
RESULT: {"using":"xpath","value":"//*[@id=\"backBtn\"]"}
COMMAND: POST /session/948cfef606f1c327c7afa492aa33856c/element/f.B11FB8328C47749F850BA47268692D59.d.8703C67FE5E4CFF9471C32160C2E683D.e.6592/click - {}
RESULT: {}
COMMAND: GET /session/948cfef606f1c327c7afa492aa33856c/screenshot - {}
COMMAND: POST /session/948cfef606f1c327c7afa492aa33856c/refresh - {}
RESULT: {}
RESULT: {}
COMMAND: GET /session/948cfef606f1c327c7afa492aa33856c/screenshot - {}
RESULT: {}
COMMAND: POST /session/948cfef606f1c327c7afa492aa33856c/execute/async - {"script":"<script> [189 bytes]","args":[]}
RESULT: {"script":"<script> [189 bytes]","args":[]}
COMMAND: POST /session/948cfef606f1c327c7afa492aa33856c/execute/async - {"script":"<script> [123 bytes]","args":[]}
RESULT: {"script":"<script> [123 bytes]","args":[]}
COMMAND: POST /session/948cfef606f1c327c7afa492aa33856c/timeouts - {"script":"<number>"}
RESULT: {"script":"<number>"}
COMMAND: GET /session/948cfef606f1c327c7afa492aa33856c/timeouts - {}
RESULT: {}
RESULT: undefined
COMMAND: POST /session/948cfef606f1c327c7afa492aa33856c/execute/async - {"script":"<script> [2676 bytes]","args":[]}
RESULT: {"script":"<script> [2676 bytes]","args":[]}
COMMAND: POST /session/948cfef606f1c327c7afa492aa33856c/execute/async - {"script":"<script> [2342 bytes]","args":[{"protocol":"http","hostname":"0.0.0.0","path":"/","capabilities":{"browserName":"chrome","goog:chromeOptions":{"binary":"C:\\Program Files\\Google\\Chrome\\Application\\chrome.exe","args":["--start-maximized"]}},"logLevel":"warn","connectionRetryTimeout":120000,"connectionRetryCount":3,"logLevels":{},"enableDirectConnect":true,"strictSSL":true,"_":"65 more keys: [\"cacheDir\",\"port\",\"requestedCapabilities\",\"automationProtocol\",\"baseUrl\",\"waitforInterval\",\"waitforTimeout\",\"onReload\",\"beforeCommand\",\"afterCommand\",\"rootDir\",\"specs\",\"suites\",\"exclude\",\"groupLogsByTestSpec\",\"excludeDriverLogs\",\"bail\",\"framework\",\"reporters\",\"services\",\"maxInstances\",\"maxInstancesPerCapability\",\"injectGlobals\",\"filesToWatch\",\"execArgv\",\"runnerEnv\",\"runner\",\"shard\",\"specFileRetries\",\"specFileRetriesDelay\",\"specFileRetriesDeferred\",\"reporterSyncInterval\",\"reporterSyncTimeout\",\"cucumberFeaturesWithLineNumbers\",\"autoCompileOpts\",\"mochaOpts\",\"jasmineOpts\",\"cucumberOpts\",\"onPrepare\",\"onWorkerStart\",\"onWorkerEnd\",\"before\",\"beforeSession\",\"beforeSuite\",\"beforeHook\",\"beforeTest\",\"afterTest\",\"afterHook\",\"afterSuite\",\"afterSession\",\"after\",\"onComplete\",\"beforeAssertion\",\"afterAssertion\",\"beforeFeature\",\"beforeScenario\",\"beforeStep\",\"afterStep\",\"afterScenario\",\"afterFeature\",\"_\",\"suite\",\"$0\",\"ignoredWorkerServices\",\"wdi5\"]"}]}
RESULT: {"script":"<script> [2342 bytes]","args":[{"protocol":"http","hostname":"0.0.0.0","path":"/","capabilities":{"browserName":"chrome","goog:chromeOptions":{"binary":"C:\\Program Files\\Google\\Chrome\\Application\\chrome.exe","args":["--start-maximized"]}},"logLevel":"warn","connectionRetryTimeout":120000,"connectionRetryCount":3,"logLevels":{},"enableDirectConnect":true,"strictSSL":true,"_":"65 more keys: [\"cacheDir\",\"port\",\"requestedCapabilities\",\"automationProtocol\",\"baseUrl\",\"waitforInterval\",\"waitforTimeout\",\"onReload\",\"beforeCommand\",\"afterCommand\",\"rootDir\",\"specs\",\"suites\",\"exclude\",\"groupLogsByTestSpec\",\"excludeDriverLogs\",\"bail\",\"framework\",\"reporters\",\"services\",\"maxInstances\",\"maxInstancesPerCapability\",\"injectGlobals\",\"filesToWatch\",\"execArgv\",\"runnerEnv\",\"runner\",\"shard\",\"specFileRetries\",\"specFileRetriesDelay\",\"specFileRetriesDeferred\",\"reporterSyncInterval\",\"reporterSyncTimeout\",\"cucumberFeaturesWithLineNumbers\",\"autoCompileOpts\",\"mochaOpts\",\"jasmineOpts\",\"cucumberOpts\",\"onPrepare\",\"onWorkerStart\",\"onWorkerEnd\",\"before\",\"beforeSession\",\"beforeSuite\",\"beforeHook\",\"beforeTest\",\"afterTest\",\"afterHook\",\"afterSuite\",\"afterSession\",\"after\",\"onComplete\",\"beforeAssertion\",\"afterAssertion\",\"beforeFeature\",\"beforeScenario\",\"beforeStep\",\"afterStep\",\"afterScenario\",\"afterFeature\",\"_\",\"suite\",\"$0\",\"ignoredWorkerServices\",\"wdi5\"]"}]}
COMMAND: POST /session/948cfef606f1c327c7afa492aa33856c/execute/async - {"script":"<script> [21126 bytes]","args":[35000]}
RESULT: {"script":"<script> [21126 bytes]","args":[35000]}
COMMAND: POST /session/948cfef606f1c327c7afa492aa33856c/execute/async - {"script":"<script> [1562 bytes]","args":[{"selector":{"controlType":"sap.m.ObjectStatus","viewName":"etm.portal.ui.managerequests.view.Detail","bindingPath":{"path":"/RequestHeaders('20247')","propertyPath":"LINK_TO_STATUS/DESCRIPTION","modelName":"catalogModel"}},"wdio_ui5_key":"etmportal.ui.managerequests.view.Detailsap.m.ObjectStatus{\"path\":\"/RequestHeaders('20247')\",\"propertyPath\":\"LINK_TO_STATUS/DESCRIPTION\",\"modelName\":\"catalogModel\"}"}]}
RESULT: {"script":"<script> [1562 bytes]","args":[{"selector":{"controlType":"sap.m.ObjectStatus","viewName":"etm.portal.ui.managerequests.view.Detail","bindingPath":{"path":"/RequestHeaders('20247')","propertyPath":"LINK_TO_STATUS/DESCRIPTION","modelName":"catalogModel"}},"wdio_ui5_key":"etmportal.ui.managerequests.view.Detailsap.m.ObjectStatus{\"path\":\"/RequestHeaders('20247')\",\"propertyPath\":\"LINK_TO_STATUS/DESCRIPTION\",\"modelName\":\"catalogModel\"}"}]}
RESULT: undefined
COMMAND: POST /session/948cfef606f1c327c7afa492aa33856c/execute/async - {"script":"<script> [6424 bytes]","args":[{"element-6066-11e4-a52e-4f735466cecf":"f.B11FB8328C47749F850BA47268692D59.d.B9E0A8F0A44398B173090352F7B99F8E.e.6901"},"getText",[]]}
RESULT: {"script":"<script> [6424 bytes]","args":[{"element-6066-11e4-a52e-4f735466cecf":"f.B11FB8328C47749F850BA47268692D59.d.B9E0A8F0A44398B173090352F7B99F8E.e.6901"},"getText",[]]}
COMMAND: POST /session/948cfef606f1c327c7afa492aa33856c/execute/async - {"script":"<script> [1562 bytes]","args":[{"selector":{"controlType":"sap.m.Button","viewName":"etm.portal.ui.managerequests.view.Detail","bindingPath":{"path":"/SmartRequestItemsPlanningBoard(ITEM=10m,REQUEST='20247')","propertyPath":"PICK_UP"}},"wdio_ui5_key":"etmportal.ui.managerequests.view.Detailsap.m.Button{\"path\":\"/SmartRequestItemsPlanningBoard(ITEM=10m,REQUEST='20247')\",\"propertyPath\":\"PICK_UP\"}"}]}
RESULT: {"script":"<script> [1562 bytes]","args":[{"selector":{"controlType":"sap.m.Button","viewName":"etm.portal.ui.managerequests.view.Detail","bindingPath":{"path":"/SmartRequestItemsPlanningBoard(ITEM=10m,REQUEST='20247')","propertyPath":"PICK_UP"}},"wdio_ui5_key":"etmportal.ui.managerequests.view.Detailsap.m.Button{\"path\":\"/SmartRequestItemsPlanningBoard(ITEM=10m,REQUEST='20247')\",\"propertyPath\":\"PICK_UP\"}"}]}
RESULT: undefined
COMMAND: POST /session/948cfef606f1c327c7afa492aa33856c/execute/async - {"script":"<script> [6424 bytes]","args":[{"element-6066-11e4-a52e-4f735466cecf":"f.B11FB8328C47749F850BA47268692D59.d.B9E0A8F0A44398B173090352F7B99F8E.e.6887"},"getType",[]]}
RESULT: {"script":"<script> [6424 bytes]","args":[{"element-6066-11e4-a52e-4f735466cecf":"f.B11FB8328C47749F850BA47268692D59.d.B9E0A8F0A44398B173090352F7B99F8E.e.6887"},"getType",[]]}
COMMAND: POST /session/948cfef606f1c327c7afa492aa33856c/execute/async - {"script":"<script> [1562 bytes]","args":[{"selector":{"controlType":"sap.m.Button","viewName":"etm.portal.ui.managerequests.view.Detail","bindingPath":{"path":"/SmartRequestItemsPlanningBoard(ITEM=20m,REQUEST='20247')","propertyPath":"PICK_UP"}},"wdio_ui5_key":"etmportal.ui.managerequests.view.Detailsap.m.Button{\"path\":\"/SmartRequestItemsPlanningBoard(ITEM=20m,REQUEST='20247')\",\"propertyPath\":\"PICK_UP\"}"}]}
RESULT: {"script":"<script> [1562 bytes]","args":[{"selector":{"controlType":"sap.m.Button","viewName":"etm.portal.ui.managerequests.view.Detail","bindingPath":{"path":"/SmartRequestItemsPlanningBoard(ITEM=20m,REQUEST='20247')","propertyPath":"PICK_UP"}},"wdio_ui5_key":"etmportal.ui.managerequests.view.Detailsap.m.Button{\"path\":\"/SmartRequestItemsPlanningBoard(ITEM=20m,REQUEST='20247')\",\"propertyPath\":\"PICK_UP\"}"}]}
RESULT: undefined
COMMAND: POST /session/948cfef606f1c327c7afa492aa33856c/execute/async - {"script":"<script> [6424 bytes]","args":[{"element-6066-11e4-a52e-4f735466cecf":"f.B11FB8328C47749F850BA47268692D59.d.B9E0A8F0A44398B173090352F7B99F8E.e.6902"},"getType",[]]}
RESULT: {"script":"<script> [6424 bytes]","args":[{"element-6066-11e4-a52e-4f735466cecf":"f.B11FB8328C47749F850BA47268692D59.d.B9E0A8F0A44398B173090352F7B99F8E.e.6902"},"getType",[]]}
COMMAND: POST /session/948cfef606f1c327c7afa492aa33856c/element - {"using":"css selector","value":"#shell-header-logo"}
RESULT: {"using":"css selector","value":"#shell-header-logo"}
COMMAND: POST /session/948cfef606f1c327c7afa492aa33856c/element/f.B11FB8328C47749F850BA47268692D59.d.B9E0A8F0A44398B173090352F7B99F8E.e.6687/click - {}
RESULT: {}
COMMAND: GET /session/948cfef606f1c327c7afa492aa33856c/screenshot - {}
RESULT: {}
COMMAND: POST /session/948cfef606f1c327c7afa492aa33856c/execute/async - {"script":"<script> [1562 bytes]","args":[{"selector":{"controlType":"sap.m.GenericTile","properties":{"header":"Manage Classifications"}},"wdio_ui5_key":"sapm.GenericTile{\"header\":\"Manage Classifications\"}"}]}
RESULT: {"script":"<script> [1562 bytes]","args":[{"selector":{"controlType":"sap.m.GenericTile","properties":{"header":"Manage Classifications"}},"wdio_ui5_key":"sapm.GenericTile{\"header\":\"Manage Classifications\"}"}]}
RESULT: undefined
COMMAND: POST /session/948cfef606f1c327c7afa492aa33856c/element - {"using":"xpath","value":"//*[@id=\"__tile115\"]"}
RESULT: {"using":"xpath","value":"//*[@id=\"__tile115\"]"}
COMMAND: POST /session/948cfef606f1c327c7afa492aa33856c/element/f.B11FB8328C47749F850BA47268692D59.d.B9E0A8F0A44398B173090352F7B99F8E.e.6919/click - {}
RESULT: {}
COMMAND: GET /session/948cfef606f1c327c7afa492aa33856c/screenshot - {}
RESULT: {}
COMMAND: POST /session/948cfef606f1c327c7afa492aa33856c/elements - {"using":"xpath","value":"//span[text()='Error']"}
RESULT: {"using":"xpath","value":"//span[text()='Error']"}
]]></system-out>
    </testcase>
  </testsuite>
  <testsuite timestamp="2025-05-22T15:58:32" time="384.723" tests="4" failures="0" errors="0" skipped="0">
    <properties>
      <property name="specId" value="0"/>
      <property name="suiteName" value="Manage requests - requests specifications US141095"/>
      <property name="capabilities" value="chrome.136_0_7103_93.windows"/>
      <property name="file" value="file:///D:/a/1/s/test/specs/R2C/manage-requests-request-specifications.spec.js"/>
    </properties>
    <testcase classname="chrome.136_0_7103_93.windows.Manage_requests_-_requests_specifications_US141095" name="Should create a new classification of type request item" time="41.324">
      <system-out><![CDATA[
COMMAND: POST /session/948cfef606f1c327c7afa492aa33856c/execute/async - {"script":"<script> [1562 bytes]","args":[{"selector":{"controlType":"sap.ui.core.Icon","viewName":"etm.portal.ui.manageclassifications.view.Master","viewId":"application-manageclassifications-display-component---classificationMaster","properties":{"src":{"regex":{"source":"add"}}}},"wdio_ui5_key":"etmportal.ui.manageclassifications.view.Mastersap.ui.core.Icon{\"src\":{\"regex\":{\"source\":\"add\"}}}"}]}
RESULT: {"script":"<script> [1562 bytes]","args":[{"selector":{"controlType":"sap.ui.core.Icon","viewName":"etm.portal.ui.manageclassifications.view.Master","viewId":"application-manageclassifications-display-component---classificationMaster","properties":{"src":{"regex":{"source":"add"}}}},"wdio_ui5_key":"etmportal.ui.manageclassifications.view.Mastersap.ui.core.Icon{\"src\":{\"regex\":{\"source\":\"add\"}}}"}]}
RESULT: undefined
COMMAND: POST /session/948cfef606f1c327c7afa492aa33856c/element - {"using":"xpath","value":"//*[@id=\"__button25-img\"]"}
RESULT: {"using":"xpath","value":"//*[@id=\"__button25-img\"]"}
COMMAND: POST /session/948cfef606f1c327c7afa492aa33856c/element/f.B11FB8328C47749F850BA47268692D59.d.B9E0A8F0A44398B173090352F7B99F8E.e.6957/click - {}
RESULT: {}
COMMAND: POST /session/948cfef606f1c327c7afa492aa33856c/execute/async - {"script":"<script> [1562 bytes]","args":[{"selector":{"id":"application-manageclassifications-display-component---classificationCreate--classHeaderName","interaction":{"idSuffix":"inner"}},"wdio_ui5_key":"applicationmanageclassifications-display-component---classificationCreate--classHeaderName"}]}
COMMAND: GET /session/948cfef606f1c327c7afa492aa33856c/screenshot - {}
RESULT: {"script":"<script> [1562 bytes]","args":[{"selector":{"id":"application-manageclassifications-display-component---classificationCreate--classHeaderName","interaction":{"idSuffix":"inner"}},"wdio_ui5_key":"applicationmanageclassifications-display-component---classificationCreate--classHeaderName"}]}
RESULT: undefined
COMMAND: POST /session/948cfef606f1c327c7afa492aa33856c/execute/async - {"script":"<script> [776 bytes]","args":[{"enterText":"WebdriverItemClassjxft8","selector":{"id":"application-manageclassifications-display-component---classificationCreate--classHeaderName","interaction":{"idSuffix":"inner"}},"clearTextFirst":true,"interactionType":"ENTER_TEXT"}]}
RESULT: {}
RESULT: {"script":"<script> [776 bytes]","args":[{"enterText":"WebdriverItemClassjxft8","selector":{"id":"application-manageclassifications-display-component---classificationCreate--classHeaderName","interaction":{"idSuffix":"inner"}},"clearTextFirst":true,"interactionType":"ENTER_TEXT"}]}
COMMAND: POST /session/948cfef606f1c327c7afa492aa33856c/execute/async - {"script":"<script> [1562 bytes]","args":[{"selector":{"controlType":"sap.ui.core.Icon","viewName":"etm.portal.ui.manageclassifications.view.Create","viewId":"application-manageclassifications-display-component---classificationCreate","properties":{"src":{"regex":{"source":"slim\\-arrow\\-down"}}}},"wdio_ui5_key":"etmportal.ui.manageclassifications.view.Createsap.ui.core.Icon{\"src\":{\"regex\":{\"source\":\"slim\\\\-arrow\\\\-down\"}}}"}]}
RESULT: {"script":"<script> [1562 bytes]","args":[{"selector":{"controlType":"sap.ui.core.Icon","viewName":"etm.portal.ui.manageclassifications.view.Create","viewId":"application-manageclassifications-display-component---classificationCreate","properties":{"src":{"regex":{"source":"slim\\-arrow\\-down"}}}},"wdio_ui5_key":"etmportal.ui.manageclassifications.view.Createsap.ui.core.Icon{\"src\":{\"regex\":{\"source\":\"slim\\\\-arrow\\\\-down\"}}}"}]}
RESULT: undefined
COMMAND: POST /session/948cfef606f1c327c7afa492aa33856c/element - {"using":"xpath","value":"//*[@id=\"__box12-arrow\"]"}
RESULT: {"using":"xpath","value":"//*[@id=\"__box12-arrow\"]"}
COMMAND: POST /session/948cfef606f1c327c7afa492aa33856c/element/f.B11FB8328C47749F850BA47268692D59.d.B9E0A8F0A44398B173090352F7B99F8E.e.7303/click - {}
RESULT: {}
COMMAND: POST /session/948cfef606f1c327c7afa492aa33856c/execute/async - {"script":"<script> [1562 bytes]","args":[{"selector":{"controlType":"sap.m.StandardListItem","viewName":"etm.portal.ui.manageclassifications.view.Create","viewId":"application-manageclassifications-display-component---classificationCreate","properties":{"title":"Request Item Specifications"},"searchOpenDialogs":true,"interaction":{"idSuffix":"titleText"}},"wdio_ui5_key":"etmportal.ui.manageclassifications.view.Createsap.m.StandardListItem{\"title\":\"Request Item Specifications\"}"}]}
COMMAND: GET /session/948cfef606f1c327c7afa492aa33856c/screenshot - {}
RESULT: {"script":"<script> [1562 bytes]","args":[{"selector":{"controlType":"sap.m.StandardListItem","viewName":"etm.portal.ui.manageclassifications.view.Create","viewId":"application-manageclassifications-display-component---classificationCreate","properties":{"title":"Request Item Specifications"},"searchOpenDialogs":true,"interaction":{"idSuffix":"titleText"}},"wdio_ui5_key":"etmportal.ui.manageclassifications.view.Createsap.m.StandardListItem{\"title\":\"Request Item Specifications\"}"}]}
RESULT: undefined
COMMAND: POST /session/948cfef606f1c327c7afa492aa33856c/element - {"using":"xpath","value":"//*[@id=\"__item82\"]"}
RESULT: {}
RESULT: {"using":"xpath","value":"//*[@id=\"__item82\"]"}
COMMAND: POST /session/948cfef606f1c327c7afa492aa33856c/element/f.B11FB8328C47749F850BA47268692D59.d.B9E0A8F0A44398B173090352F7B99F8E.e.7341/click - {}
RESULT: {}
COMMAND: POST /session/948cfef606f1c327c7afa492aa33856c/execute/async - {"script":"<script> [1562 bytes]","args":[{"selector":{"controlType":"sap.ui.core.Icon","viewName":"etm.portal.ui.manageclassifications.view.Create","viewId":"application-manageclassifications-display-component---classificationCreate","properties":{"src":{"regex":{"source":"add"}}}},"wdio_ui5_key":"etmportal.ui.manageclassifications.view.Createsap.ui.core.Icon{\"src\":{\"regex\":{\"source\":\"add\"}}}"}]}
COMMAND: GET /session/948cfef606f1c327c7afa492aa33856c/screenshot - {}
RESULT: {"script":"<script> [1562 bytes]","args":[{"selector":{"controlType":"sap.ui.core.Icon","viewName":"etm.portal.ui.manageclassifications.view.Create","viewId":"application-manageclassifications-display-component---classificationCreate","properties":{"src":{"regex":{"source":"add"}}}},"wdio_ui5_key":"etmportal.ui.manageclassifications.view.Createsap.ui.core.Icon{\"src\":{\"regex\":{\"source\":\"add\"}}}"}]}
RESULT: undefined
COMMAND: POST /session/948cfef606f1c327c7afa492aa33856c/element - {"using":"xpath","value":"//*[@id=\"__button30-img\"]"}
RESULT: {}
RESULT: {"using":"xpath","value":"//*[@id=\"__button30-img\"]"}
COMMAND: POST /session/948cfef606f1c327c7afa492aa33856c/element/f.B11FB8328C47749F850BA47268692D59.d.B9E0A8F0A44398B173090352F7B99F8E.e.7306/click - {}
RESULT: {}
COMMAND: POST /session/948cfef606f1c327c7afa492aa33856c/execute/async - {"script":"<script> [1562 bytes]","args":[{"selector":{"controlType":"sap.m.Input","viewName":"etm.portal.ui.manageclassifications.view.Create","viewId":"application-manageclassifications-display-component---classificationCreate","bindingPath":{"path":"/0","propertyPath":"PROPERTY","modelName":"newConfigModel"},"interaction":{"idSuffix":"inner"}},"wdio_ui5_key":"etmportal.ui.manageclassifications.view.Createsap.m.Input{\"path\":\"/0\",\"propertyPath\":\"PROPERTY\",\"modelName\":\"newConfigModel\"}"}]}
COMMAND: GET /session/948cfef606f1c327c7afa492aa33856c/screenshot - {}
RESULT: {"script":"<script> [1562 bytes]","args":[{"selector":{"controlType":"sap.m.Input","viewName":"etm.portal.ui.manageclassifications.view.Create","viewId":"application-manageclassifications-display-component---classificationCreate","bindingPath":{"path":"/0","propertyPath":"PROPERTY","modelName":"newConfigModel"},"interaction":{"idSuffix":"inner"}},"wdio_ui5_key":"etmportal.ui.manageclassifications.view.Createsap.m.Input{\"path\":\"/0\",\"propertyPath\":\"PROPERTY\",\"modelName\":\"newConfigModel\"}"}]}
RESULT: undefined
COMMAND: POST /session/948cfef606f1c327c7afa492aa33856c/execute/async - {"script":"<script> [776 bytes]","args":[{"enterText":"Color","selector":{"controlType":"sap.m.Input","viewName":"etm.portal.ui.manageclassifications.view.Create","viewId":"application-manageclassifications-display-component---classificationCreate","bindingPath":{"path":"/0","propertyPath":"PROPERTY","modelName":"newConfigModel"},"interaction":{"idSuffix":"inner"}},"clearTextFirst":true,"interactionType":"ENTER_TEXT"}]}
RESULT: {}
RESULT: {"script":"<script> [776 bytes]","args":[{"enterText":"Color","selector":{"controlType":"sap.m.Input","viewName":"etm.portal.ui.manageclassifications.view.Create","viewId":"application-manageclassifications-display-component---classificationCreate","bindingPath":{"path":"/0","propertyPath":"PROPERTY","modelName":"newConfigModel"},"interaction":{"idSuffix":"inner"}},"clearTextFirst":true,"interactionType":"ENTER_TEXT"}]}
COMMAND: POST /session/948cfef606f1c327c7afa492aa33856c/execute/async - {"script":"<script> [1562 bytes]","args":[{"selector":{"controlType":"sap.m.Input","viewName":"etm.portal.ui.manageclassifications.view.Create","viewId":"application-manageclassifications-display-component---classificationCreate","bindingPath":{"path":"/0","propertyPath":"DESCRIPTION","modelName":"newConfigModel"},"interaction":{"idSuffix":"inner"}},"wdio_ui5_key":"etmportal.ui.manageclassifications.view.Createsap.m.Input{\"path\":\"/0\",\"propertyPath\":\"DESCRIPTION\",\"modelName\":\"newConfigModel\"}"}]}
RESULT: {"script":"<script> [1562 bytes]","args":[{"selector":{"controlType":"sap.m.Input","viewName":"etm.portal.ui.manageclassifications.view.Create","viewId":"application-manageclassifications-display-component---classificationCreate","bindingPath":{"path":"/0","propertyPath":"DESCRIPTION","modelName":"newConfigModel"},"interaction":{"idSuffix":"inner"}},"wdio_ui5_key":"etmportal.ui.manageclassifications.view.Createsap.m.Input{\"path\":\"/0\",\"propertyPath\":\"DESCRIPTION\",\"modelName\":\"newConfigModel\"}"}]}
RESULT: undefined
COMMAND: POST /session/948cfef606f1c327c7afa492aa33856c/execute/async - {"script":"<script> [776 bytes]","args":[{"enterText":"Color","selector":{"controlType":"sap.m.Input","viewName":"etm.portal.ui.manageclassifications.view.Create","viewId":"application-manageclassifications-display-component---classificationCreate","bindingPath":{"path":"/0","propertyPath":"DESCRIPTION","modelName":"newConfigModel"},"interaction":{"idSuffix":"inner"}},"clearTextFirst":true,"interactionType":"ENTER_TEXT"}]}
RESULT: {"script":"<script> [776 bytes]","args":[{"enterText":"Color","selector":{"controlType":"sap.m.Input","viewName":"etm.portal.ui.manageclassifications.view.Create","viewId":"application-manageclassifications-display-component---classificationCreate","bindingPath":{"path":"/0","propertyPath":"DESCRIPTION","modelName":"newConfigModel"},"interaction":{"idSuffix":"inner"}},"clearTextFirst":true,"interactionType":"ENTER_TEXT"}]}
COMMAND: POST /session/948cfef606f1c327c7afa492aa33856c/execute/async - {"script":"<script> [1562 bytes]","args":[{"selector":{"controlType":"sap.ui.core.Icon","viewName":"etm.portal.ui.manageclassifications.view.Create","viewId":"application-manageclassifications-display-component---classificationCreate","properties":{"src":{"regex":{"source":"slim\\-arrow\\-down"}}},"ancestor":{"controlType":"sap.m.ComboBox","viewName":"etm.portal.ui.manageclassifications.view.Create","viewId":"application-manageclassifications-display-component---classificationCreate","bindingPath":{"path":"/0","propertyPath":"VALUE_TYPE","modelName":"newConfigModel"}}},"wdio_ui5_key":"etmportal.ui.manageclassifications.view.Createsap.ui.core.Icon{\"src\":{\"regex\":{\"source\":\"slim\\\\-arrow\\\\-down\"}}}{\"controlType\":\"sap.m.ComboBox\",\"viewName\":\"etm.portal.ui.manageclassifications.view.Create\",\"viewId\":\"application-manageclassifications-display-component---classificationCreate\",\"bindingPath\":{\"path\":\"/0\",\"propertyPath\":\"VALUE_TYPE\",\"modelName\":\"newConfigModel\"}}"}]}
RESULT: {"script":"<script> [1562 bytes]","args":[{"selector":{"controlType":"sap.ui.core.Icon","viewName":"etm.portal.ui.manageclassifications.view.Create","viewId":"application-manageclassifications-display-component---classificationCreate","properties":{"src":{"regex":{"source":"slim\\-arrow\\-down"}}},"ancestor":{"controlType":"sap.m.ComboBox","viewName":"etm.portal.ui.manageclassifications.view.Create","viewId":"application-manageclassifications-display-component---classificationCreate","bindingPath":{"path":"/0","propertyPath":"VALUE_TYPE","modelName":"newConfigModel"}}},"wdio_ui5_key":"etmportal.ui.manageclassifications.view.Createsap.ui.core.Icon{\"src\":{\"regex\":{\"source\":\"slim\\\\-arrow\\\\-down\"}}}{\"controlType\":\"sap.m.ComboBox\",\"viewName\":\"etm.portal.ui.manageclassifications.view.Create\",\"viewId\":\"application-manageclassifications-display-component---classificationCreate\",\"bindingPath\":{\"path\":\"/0\",\"propertyPath\":\"VALUE_TYPE\",\"modelName\":\"newConfigModel\"}}"}]}
RESULT: undefined
COMMAND: POST /session/948cfef606f1c327c7afa492aa33856c/element - {"using":"xpath","value":"//*[@id=\"__box13-application-manageclassifications-display-component---classificationCreate--configurationList-0-arrow\"]"}
RESULT: {"using":"xpath","value":"//*[@id=\"__box13-application-manageclassifications-display-component---classificationCreate--configurationList-0-arrow\"]"}
COMMAND: POST /session/948cfef606f1c327c7afa492aa33856c/element/f.B11FB8328C47749F850BA47268692D59.d.B9E0A8F0A44398B173090352F7B99F8E.e.7350/click - {}
RESULT: {}
COMMAND: POST /session/948cfef606f1c327c7afa492aa33856c/execute/async - {"script":"<script> [1562 bytes]","args":[{"selector":{"controlType":"sap.m.StandardListItem","viewName":"etm.portal.ui.manageclassifications.view.Create","viewId":"application-manageclassifications-display-component---classificationCreate","properties":{"title":"Dropdown"},"searchOpenDialogs":true,"interaction":{"idSuffix":"titleText"}},"wdio_ui5_key":"etmportal.ui.manageclassifications.view.Createsap.m.StandardListItem{\"title\":\"Dropdown\"}"}]}
COMMAND: GET /session/948cfef606f1c327c7afa492aa33856c/screenshot - {}
RESULT: {"script":"<script> [1562 bytes]","args":[{"selector":{"controlType":"sap.m.StandardListItem","viewName":"etm.portal.ui.manageclassifications.view.Create","viewId":"application-manageclassifications-display-component---classificationCreate","properties":{"title":"Dropdown"},"searchOpenDialogs":true,"interaction":{"idSuffix":"titleText"}},"wdio_ui5_key":"etmportal.ui.manageclassifications.view.Createsap.m.StandardListItem{\"title\":\"Dropdown\"}"}]}
RESULT: undefined
COMMAND: POST /session/948cfef606f1c327c7afa492aa33856c/element - {"using":"xpath","value":"//*[@id=\"__item90\"]"}
RESULT: {}
RESULT: {"using":"xpath","value":"//*[@id=\"__item90\"]"}
COMMAND: POST /session/948cfef606f1c327c7afa492aa33856c/element/f.B11FB8328C47749F850BA47268692D59.d.B9E0A8F0A44398B173090352F7B99F8E.e.7352/click - {}
RESULT: {}
COMMAND: POST /session/948cfef606f1c327c7afa492aa33856c/execute/async - {"script":"<script> [1562 bytes]","args":[{"selector":{"controlType":"sap.ui.core.Icon","viewName":"etm.portal.ui.manageclassifications.view.Create","viewId":"application-manageclassifications-display-component---classificationCreate","properties":{"src":{"regex":{"source":"crm\\-service\\-manager"}}}},"wdio_ui5_key":"etmportal.ui.manageclassifications.view.Createsap.ui.core.Icon{\"src\":{\"regex\":{\"source\":\"crm\\\\-service\\\\-manager\"}}}"}]}
COMMAND: GET /session/948cfef606f1c327c7afa492aa33856c/screenshot - {}
RESULT: {"script":"<script> [1562 bytes]","args":[{"selector":{"controlType":"sap.ui.core.Icon","viewName":"etm.portal.ui.manageclassifications.view.Create","viewId":"application-manageclassifications-display-component---classificationCreate","properties":{"src":{"regex":{"source":"crm\\-service\\-manager"}}}},"wdio_ui5_key":"etmportal.ui.manageclassifications.view.Createsap.ui.core.Icon{\"src\":{\"regex\":{\"source\":\"crm\\\\-service\\\\-manager\"}}}"}]}
RESULT: undefined
COMMAND: POST /session/948cfef606f1c327c7afa492aa33856c/element - {"using":"xpath","value":"//*[@id=\"__button32-application-manageclassifications-display-component---classificationCreate--configurationList-0-img\"]"}
RESULT: {}
RESULT: {"using":"xpath","value":"//*[@id=\"__button32-application-manageclassifications-display-component---classificationCreate--configurationList-0-img\"]"}
COMMAND: POST /session/948cfef606f1c327c7afa492aa33856c/element/f.B11FB8328C47749F850BA47268692D59.d.B9E0A8F0A44398B173090352F7B99F8E.e.7354/click - {}
RESULT: {}
COMMAND: POST /session/948cfef606f1c327c7afa492aa33856c/element - {"using":"xpath","value":"//button[@title=\"Add additional value\"]"}
COMMAND: GET /session/948cfef606f1c327c7afa492aa33856c/screenshot - {}
RESULT: {"using":"xpath","value":"//button[@title=\"Add additional value\"]"}
COMMAND: POST /session/948cfef606f1c327c7afa492aa33856c/element/f.B11FB8328C47749F850BA47268692D59.d.B9E0A8F0A44398B173090352F7B99F8E.e.7355/click - {}
RESULT: {}
RESULT: {}
COMMAND: POST /session/948cfef606f1c327c7afa492aa33856c/execute/async - {"script":"<script> [1562 bytes]","args":[{"selector":{"controlType":"sap.m.Input","viewName":"etm.portal.ui.manageclassifications.view.Create","viewId":"application-manageclassifications-display-component---classificationCreate","bindingPath":{"path":"/VALUES/0","propertyPath":"VALUE","modelName":"dropdownValuesModel"},"searchOpenDialogs":true,"interaction":{"idSuffix":"inner"}},"wdio_ui5_key":"etmportal.ui.manageclassifications.view.Createsap.m.Input{\"path\":\"/VALUES/0\",\"propertyPath\":\"VALUE\",\"modelName\":\"dropdownValuesModel\"}"}]}
COMMAND: GET /session/948cfef606f1c327c7afa492aa33856c/screenshot - {}
RESULT: {"script":"<script> [1562 bytes]","args":[{"selector":{"controlType":"sap.m.Input","viewName":"etm.portal.ui.manageclassifications.view.Create","viewId":"application-manageclassifications-display-component---classificationCreate","bindingPath":{"path":"/VALUES/0","propertyPath":"VALUE","modelName":"dropdownValuesModel"},"searchOpenDialogs":true,"interaction":{"idSuffix":"inner"}},"wdio_ui5_key":"etmportal.ui.manageclassifications.view.Createsap.m.Input{\"path\":\"/VALUES/0\",\"propertyPath\":\"VALUE\",\"modelName\":\"dropdownValuesModel\"}"}]}
RESULT: undefined
COMMAND: POST /session/948cfef606f1c327c7afa492aa33856c/execute/async - {"script":"<script> [776 bytes]","args":[{"enterText":"1","selector":{"controlType":"sap.m.Input","viewName":"etm.portal.ui.manageclassifications.view.Create","viewId":"application-manageclassifications-display-component---classificationCreate","bindingPath":{"path":"/VALUES/0","propertyPath":"VALUE","modelName":"dropdownValuesModel"},"searchOpenDialogs":true,"interaction":{"idSuffix":"inner"}},"clearTextFirst":true,"interactionType":"ENTER_TEXT"}]}
RESULT: {}
RESULT: {"script":"<script> [776 bytes]","args":[{"enterText":"1","selector":{"controlType":"sap.m.Input","viewName":"etm.portal.ui.manageclassifications.view.Create","viewId":"application-manageclassifications-display-component---classificationCreate","bindingPath":{"path":"/VALUES/0","propertyPath":"VALUE","modelName":"dropdownValuesModel"},"searchOpenDialogs":true,"interaction":{"idSuffix":"inner"}},"clearTextFirst":true,"interactionType":"ENTER_TEXT"}]}
COMMAND: POST /session/948cfef606f1c327c7afa492aa33856c/execute/async - {"script":"<script> [1562 bytes]","args":[{"selector":{"controlType":"sap.m.Input","viewName":"etm.portal.ui.manageclassifications.view.Create","viewId":"application-manageclassifications-display-component---classificationCreate","bindingPath":{"path":"/VALUES/0","propertyPath":"TEXT","modelName":"dropdownValuesModel"},"searchOpenDialogs":true,"interaction":{"idSuffix":"inner"}},"wdio_ui5_key":"etmportal.ui.manageclassifications.view.Createsap.m.Input{\"path\":\"/VALUES/0\",\"propertyPath\":\"TEXT\",\"modelName\":\"dropdownValuesModel\"}"}]}
RESULT: {"script":"<script> [1562 bytes]","args":[{"selector":{"controlType":"sap.m.Input","viewName":"etm.portal.ui.manageclassifications.view.Create","viewId":"application-manageclassifications-display-component---classificationCreate","bindingPath":{"path":"/VALUES/0","propertyPath":"TEXT","modelName":"dropdownValuesModel"},"searchOpenDialogs":true,"interaction":{"idSuffix":"inner"}},"wdio_ui5_key":"etmportal.ui.manageclassifications.view.Createsap.m.Input{\"path\":\"/VALUES/0\",\"propertyPath\":\"TEXT\",\"modelName\":\"dropdownValuesModel\"}"}]}
RESULT: undefined
COMMAND: POST /session/948cfef606f1c327c7afa492aa33856c/execute/async - {"script":"<script> [776 bytes]","args":[{"enterText":"blue","selector":{"controlType":"sap.m.Input","viewName":"etm.portal.ui.manageclassifications.view.Create","viewId":"application-manageclassifications-display-component---classificationCreate","bindingPath":{"path":"/VALUES/0","propertyPath":"TEXT","modelName":"dropdownValuesModel"},"searchOpenDialogs":true,"interaction":{"idSuffix":"inner"}},"clearTextFirst":true,"interactionType":"ENTER_TEXT"}]}
RESULT: {"script":"<script> [776 bytes]","args":[{"enterText":"blue","selector":{"controlType":"sap.m.Input","viewName":"etm.portal.ui.manageclassifications.view.Create","viewId":"application-manageclassifications-display-component---classificationCreate","bindingPath":{"path":"/VALUES/0","propertyPath":"TEXT","modelName":"dropdownValuesModel"},"searchOpenDialogs":true,"interaction":{"idSuffix":"inner"}},"clearTextFirst":true,"interactionType":"ENTER_TEXT"}]}
COMMAND: POST /session/948cfef606f1c327c7afa492aa33856c/element - {"using":"xpath","value":"//button[@title=\"Add additional value\"]"}
RESULT: {"using":"xpath","value":"//button[@title=\"Add additional value\"]"}
COMMAND: POST /session/948cfef606f1c327c7afa492aa33856c/element/f.B11FB8328C47749F850BA47268692D59.d.B9E0A8F0A44398B173090352F7B99F8E.e.7355/click - {}
RESULT: {}
COMMAND: POST /session/948cfef606f1c327c7afa492aa33856c/execute/async - {"script":"<script> [1562 bytes]","args":[{"selector":{"controlType":"sap.m.Input","viewName":"etm.portal.ui.manageclassifications.view.Create","viewId":"application-manageclassifications-display-component---classificationCreate","bindingPath":{"path":"/VALUES/1","propertyPath":"VALUE","modelName":"dropdownValuesModel"},"searchOpenDialogs":true,"interaction":{"idSuffix":"inner"}},"wdio_ui5_key":"etmportal.ui.manageclassifications.view.Createsap.m.Input{\"path\":\"/VALUES/1\",\"propertyPath\":\"VALUE\",\"modelName\":\"dropdownValuesModel\"}"}]}
COMMAND: GET /session/948cfef606f1c327c7afa492aa33856c/screenshot - {}
RESULT: {"script":"<script> [1562 bytes]","args":[{"selector":{"controlType":"sap.m.Input","viewName":"etm.portal.ui.manageclassifications.view.Create","viewId":"application-manageclassifications-display-component---classificationCreate","bindingPath":{"path":"/VALUES/1","propertyPath":"VALUE","modelName":"dropdownValuesModel"},"searchOpenDialogs":true,"interaction":{"idSuffix":"inner"}},"wdio_ui5_key":"etmportal.ui.manageclassifications.view.Createsap.m.Input{\"path\":\"/VALUES/1\",\"propertyPath\":\"VALUE\",\"modelName\":\"dropdownValuesModel\"}"}]}
RESULT: undefined
COMMAND: POST /session/948cfef606f1c327c7afa492aa33856c/execute/async - {"script":"<script> [776 bytes]","args":[{"enterText":"2","selector":{"controlType":"sap.m.Input","viewName":"etm.portal.ui.manageclassifications.view.Create","viewId":"application-manageclassifications-display-component---classificationCreate","bindingPath":{"path":"/VALUES/1","propertyPath":"VALUE","modelName":"dropdownValuesModel"},"searchOpenDialogs":true,"interaction":{"idSuffix":"inner"}},"clearTextFirst":true,"interactionType":"ENTER_TEXT"}]}
RESULT: {}
RESULT: {"script":"<script> [776 bytes]","args":[{"enterText":"2","selector":{"controlType":"sap.m.Input","viewName":"etm.portal.ui.manageclassifications.view.Create","viewId":"application-manageclassifications-display-component---classificationCreate","bindingPath":{"path":"/VALUES/1","propertyPath":"VALUE","modelName":"dropdownValuesModel"},"searchOpenDialogs":true,"interaction":{"idSuffix":"inner"}},"clearTextFirst":true,"interactionType":"ENTER_TEXT"}]}
COMMAND: POST /session/948cfef606f1c327c7afa492aa33856c/execute/async - {"script":"<script> [1562 bytes]","args":[{"selector":{"controlType":"sap.m.Input","viewName":"etm.portal.ui.manageclassifications.view.Create","viewId":"application-manageclassifications-display-component---classificationCreate","bindingPath":{"path":"/VALUES/1","propertyPath":"TEXT","modelName":"dropdownValuesModel"},"searchOpenDialogs":true,"interaction":{"idSuffix":"inner"}},"wdio_ui5_key":"etmportal.ui.manageclassifications.view.Createsap.m.Input{\"path\":\"/VALUES/1\",\"propertyPath\":\"TEXT\",\"modelName\":\"dropdownValuesModel\"}"}]}
RESULT: {"script":"<script> [1562 bytes]","args":[{"selector":{"controlType":"sap.m.Input","viewName":"etm.portal.ui.manageclassifications.view.Create","viewId":"application-manageclassifications-display-component---classificationCreate","bindingPath":{"path":"/VALUES/1","propertyPath":"TEXT","modelName":"dropdownValuesModel"},"searchOpenDialogs":true,"interaction":{"idSuffix":"inner"}},"wdio_ui5_key":"etmportal.ui.manageclassifications.view.Createsap.m.Input{\"path\":\"/VALUES/1\",\"propertyPath\":\"TEXT\",\"modelName\":\"dropdownValuesModel\"}"}]}
RESULT: undefined
COMMAND: POST /session/948cfef606f1c327c7afa492aa33856c/execute/async - {"script":"<script> [776 bytes]","args":[{"enterText":"red","selector":{"controlType":"sap.m.Input","viewName":"etm.portal.ui.manageclassifications.view.Create","viewId":"application-manageclassifications-display-component---classificationCreate","bindingPath":{"path":"/VALUES/1","propertyPath":"TEXT","modelName":"dropdownValuesModel"},"searchOpenDialogs":true,"interaction":{"idSuffix":"inner"}},"clearTextFirst":true,"interactionType":"ENTER_TEXT"}]}
RESULT: {"script":"<script> [776 bytes]","args":[{"enterText":"red","selector":{"controlType":"sap.m.Input","viewName":"etm.portal.ui.manageclassifications.view.Create","viewId":"application-manageclassifications-display-component---classificationCreate","bindingPath":{"path":"/VALUES/1","propertyPath":"TEXT","modelName":"dropdownValuesModel"},"searchOpenDialogs":true,"interaction":{"idSuffix":"inner"}},"clearTextFirst":true,"interactionType":"ENTER_TEXT"}]}
COMMAND: POST /session/948cfef606f1c327c7afa492aa33856c/execute/async - {"script":"<script> [1562 bytes]","args":[{"selector":{"controlType":"sap.m.Button","viewName":"etm.portal.ui.manageclassifications.view.Create","viewId":"application-manageclassifications-display-component---classificationCreate","i18NText":{"propertyName":"text","key":"save"},"searchOpenDialogs":true,"interaction":{"idSuffix":"BDI-content"}},"wdio_ui5_key":"etmportal.ui.manageclassifications.view.Createsap.m.Button{\"propertyName\":\"text\",\"key\":\"save\"}"}]}
RESULT: {"script":"<script> [1562 bytes]","args":[{"selector":{"controlType":"sap.m.Button","viewName":"etm.portal.ui.manageclassifications.view.Create","viewId":"application-manageclassifications-display-component---classificationCreate","i18NText":{"propertyName":"text","key":"save"},"searchOpenDialogs":true,"interaction":{"idSuffix":"BDI-content"}},"wdio_ui5_key":"etmportal.ui.manageclassifications.view.Createsap.m.Button{\"propertyName\":\"text\",\"key\":\"save\"}"}]}
RESULT: undefined
COMMAND: POST /session/948cfef606f1c327c7afa492aa33856c/element - {"using":"xpath","value":"//*[@id=\"__button42\"]"}
RESULT: {"using":"xpath","value":"//*[@id=\"__button42\"]"}
COMMAND: POST /session/948cfef606f1c327c7afa492aa33856c/element/f.B11FB8328C47749F850BA47268692D59.d.B9E0A8F0A44398B173090352F7B99F8E.e.7375/click - {}
RESULT: {}
COMMAND: GET /session/948cfef606f1c327c7afa492aa33856c/screenshot - {}
RESULT: {}
COMMAND: POST /session/948cfef606f1c327c7afa492aa33856c/element - {"using":"xpath","value":"//button[@title=\"Save\"]"}
RESULT: {"using":"xpath","value":"//button[@title=\"Save\"]"}
COMMAND: POST /session/948cfef606f1c327c7afa492aa33856c/element/f.B11FB8328C47749F850BA47268692D59.d.B9E0A8F0A44398B173090352F7B99F8E.e.7313/click - {}
RESULT: {}
COMMAND: GET /session/948cfef606f1c327c7afa492aa33856c/screenshot - {}
RESULT: {}
COMMAND: POST /session/948cfef606f1c327c7afa492aa33856c/execute/async - {"script":"<script> [1562 bytes]","args":[{"selector":{"id":"application-manageclassifications-display-component---classificationMaster--smartFilterBar-btnBasicSearch","interaction":{"idSuffix":"I"}},"wdio_ui5_key":"applicationmanageclassifications-display-component---classificationMaster--smartFilterBar-btnBasicSearch"}]}
RESULT: {"script":"<script> [1562 bytes]","args":[{"selector":{"id":"application-manageclassifications-display-component---classificationMaster--smartFilterBar-btnBasicSearch","interaction":{"idSuffix":"I"}},"wdio_ui5_key":"applicationmanageclassifications-display-component---classificationMaster--smartFilterBar-btnBasicSearch"}]}
RESULT: undefined
COMMAND: POST /session/948cfef606f1c327c7afa492aa33856c/execute/async - {"script":"<script> [776 bytes]","args":[{"enterText":"WebdriverItemClassjxft8","selector":{"id":"application-manageclassifications-display-component---classificationMaster--smartFilterBar-btnBasicSearch","interaction":{"idSuffix":"I"}},"clearTextFirst":true,"interactionType":"ENTER_TEXT"}]}
RESULT: {"script":"<script> [776 bytes]","args":[{"enterText":"WebdriverItemClassjxft8","selector":{"id":"application-manageclassifications-display-component---classificationMaster--smartFilterBar-btnBasicSearch","interaction":{"idSuffix":"I"}},"clearTextFirst":true,"interactionType":"ENTER_TEXT"}]}
COMMAND: POST /session/948cfef606f1c327c7afa492aa33856c/actions - {"actions":[{"id":"action47","type":"key","parameters":{},"actions":[{"type":"keyDown","value":""},{"type":"pause","duration":10},{"type":"keyUp","value":""}]}]}
RESULT: {"actions":[{"id":"action47","type":"key","parameters":{},"actions":[{"type":"keyDown","value":""},{"type":"pause","duration":10},{"type":"keyUp","value":""}]}]}
COMMAND: POST /session/948cfef606f1c327c7afa492aa33856c/execute/async - {"script":"<script> [1562 bytes]","args":[{"selector":{"id":"application-manageclassifications-display-component---classificationMaster--smartTable-header"},"wdio_ui5_key":"applicationmanageclassifications-display-component---classificationMaster--smartTable-header"}]}
COMMAND: GET /session/948cfef606f1c327c7afa492aa33856c/screenshot - {}
RESULT: {"script":"<script> [1562 bytes]","args":[{"selector":{"id":"application-manageclassifications-display-component---classificationMaster--smartTable-header"},"wdio_ui5_key":"applicationmanageclassifications-display-component---classificationMaster--smartTable-header"}]}
RESULT: undefined
COMMAND: POST /session/948cfef606f1c327c7afa492aa33856c/execute/async - {"script":"<script> [6424 bytes]","args":[{"element-6066-11e4-a52e-4f735466cecf":"f.B11FB8328C47749F850BA47268692D59.d.B9E0A8F0A44398B173090352F7B99F8E.e.7576"},"getText",[]]}
RESULT: {}
RESULT: {"script":"<script> [6424 bytes]","args":[{"element-6066-11e4-a52e-4f735466cecf":"f.B11FB8328C47749F850BA47268692D59.d.B9E0A8F0A44398B173090352F7B99F8E.e.7576"},"getText",[]]}
COMMAND: POST /session/948cfef606f1c327c7afa492aa33856c/element - {"using":"css selector","value":"#shell-header-logo"}
RESULT: {"using":"css selector","value":"#shell-header-logo"}
COMMAND: POST /session/948cfef606f1c327c7afa492aa33856c/element/f.B11FB8328C47749F850BA47268692D59.d.B9E0A8F0A44398B173090352F7B99F8E.e.6922/click - {}
RESULT: {}
COMMAND: GET /session/948cfef606f1c327c7afa492aa33856c/screenshot - {}
RESULT: {}
]]></system-out>
    </testcase>
    <testcase classname="chrome.136_0_7103_93.windows.Manage_requests_-_requests_specifications_US141095" name="Should create a new section and a catalog item" time="130.789">
      <system-out><![CDATA[
COMMAND: POST /session/948cfef606f1c327c7afa492aa33856c/execute/async - {"script":"<script> [1562 bytes]","args":[{"selector":{"controlType":"sap.m.GenericTile","properties":{"header":"Manage Catalogs"}},"wdio_ui5_key":"sapm.GenericTile{\"header\":\"Manage Catalogs\"}"}]}
RESULT: {"script":"<script> [1562 bytes]","args":[{"selector":{"controlType":"sap.m.GenericTile","properties":{"header":"Manage Catalogs"}},"wdio_ui5_key":"sapm.GenericTile{\"header\":\"Manage Catalogs\"}"}]}
RESULT: undefined
COMMAND: POST /session/948cfef606f1c327c7afa492aa33856c/element - {"using":"xpath","value":"//*[@id=\"__tile37\"]"}
RESULT: {"using":"xpath","value":"//*[@id=\"__tile37\"]"}
COMMAND: POST /session/948cfef606f1c327c7afa492aa33856c/element/f.B11FB8328C47749F850BA47268692D59.d.B9E0A8F0A44398B173090352F7B99F8E.e.7580/click - {}
RESULT: {}
COMMAND: GET /session/948cfef606f1c327c7afa492aa33856c/screenshot - {}
RESULT: {}
COMMAND: POST /session/948cfef606f1c327c7afa492aa33856c/elements - {"using":"xpath","value":"//span[text()='Error']"}
RESULT: {"using":"xpath","value":"//span[text()='Error']"}
COMMAND: POST /session/948cfef606f1c327c7afa492aa33856c/execute/async - {"script":"<script> [1562 bytes]","args":[{"selector":{"controlType":"sap.m.Text","viewName":"etm.portal.ui.managecatalogs.view.MasterCatalogs","viewId":"application-managecatalogs-display-component---masterCatalogs","bindingPath":{"path":"/Catalogs('0D7502D073D53A0F1700BE067B89AFF9')","propertyPath":"DESCRIPTION","modelName":"catalogModel"}},"wdio_ui5_key":"etmportal.ui.managecatalogs.view.MasterCatalogssap.m.Text{\"path\":\"/Catalogs('0D7502D073D53A0F1700BE067B89AFF9')\",\"propertyPath\":\"DESCRIPTION\",\"modelName\":\"catalogModel\"}"}]}
RESULT: {"script":"<script> [1562 bytes]","args":[{"selector":{"controlType":"sap.m.Text","viewName":"etm.portal.ui.managecatalogs.view.MasterCatalogs","viewId":"application-managecatalogs-display-component---masterCatalogs","bindingPath":{"path":"/Catalogs('0D7502D073D53A0F1700BE067B89AFF9')","propertyPath":"DESCRIPTION","modelName":"catalogModel"}},"wdio_ui5_key":"etmportal.ui.managecatalogs.view.MasterCatalogssap.m.Text{\"path\":\"/Catalogs('0D7502D073D53A0F1700BE067B89AFF9')\",\"propertyPath\":\"DESCRIPTION\",\"modelName\":\"catalogModel\"}"}]}
RESULT: undefined
COMMAND: POST /session/948cfef606f1c327c7afa492aa33856c/element - {"using":"xpath","value":"//*[@id=\"__text432-application-managecatalogs-display-component---masterCatalogs--CatalogsTable-11\"]"}
RESULT: {"using":"xpath","value":"//*[@id=\"__text432-application-managecatalogs-display-component---masterCatalogs--CatalogsTable-11\"]"}
COMMAND: POST /session/948cfef606f1c327c7afa492aa33856c/element/f.B11FB8328C47749F850BA47268692D59.d.B9E0A8F0A44398B173090352F7B99F8E.e.7651/click - {}
RESULT: {}
COMMAND: POST /session/948cfef606f1c327c7afa492aa33856c/execute/async - {"script":"<script> [1562 bytes]","args":[{"selector":{"controlType":"sap.ui.layout.HorizontalLayout","viewName":"etm.portal.ui.managecatalogs.view.MasterItems","viewId":"application-managecatalogs-display-component---masterCatalogItems","ancestor":{"id":"application-managecatalogs-display-component---masterCatalogItems--idCatalogItemsTree-rows-row0"}},"wdio_ui5_key":"etmportal.ui.managecatalogs.view.MasterItemssap.ui.layout.HorizontalLayout{\"id\":\"application-managecatalogs-display-component---masterCatalogItems--idCatalogItemsTree-rows-row0\"}"}]}
COMMAND: GET /session/948cfef606f1c327c7afa492aa33856c/screenshot - {}
RESULT: {"script":"<script> [1562 bytes]","args":[{"selector":{"controlType":"sap.ui.layout.HorizontalLayout","viewName":"etm.portal.ui.managecatalogs.view.MasterItems","viewId":"application-managecatalogs-display-component---masterCatalogItems","ancestor":{"id":"application-managecatalogs-display-component---masterCatalogItems--idCatalogItemsTree-rows-row0"}},"wdio_ui5_key":"etmportal.ui.managecatalogs.view.MasterItemssap.ui.layout.HorizontalLayout{\"id\":\"application-managecatalogs-display-component---masterCatalogItems--idCatalogItemsTree-rows-row0\"}"}]}
RESULT: undefined
COMMAND: POST /session/948cfef606f1c327c7afa492aa33856c/element - {"using":"xpath","value":"//*[@id=\"__layout40-__clone458\"]"}
RESULT: {}
RESULT: {"using":"xpath","value":"//*[@id=\"__layout40-__clone458\"]"}
COMMAND: POST /session/948cfef606f1c327c7afa492aa33856c/element/f.B11FB8328C47749F850BA47268692D59.d.B9E0A8F0A44398B173090352F7B99F8E.e.7685/click - {}
RESULT: {}
COMMAND: GET /session/948cfef606f1c327c7afa492aa33856c/screenshot - {}
RESULT: {}
COMMAND: POST /session/948cfef606f1c327c7afa492aa33856c/execute/async - {"script":"<script> [1562 bytes]","args":[{"selector":{"controlType":"sap.m.Button","viewName":"etm.portal.ui.managecatalogs.view.Detail","viewId":"application-managecatalogs-display-component---detailCatalog","i18NText":{"propertyName":"text","key":"edit"},"interaction":{"idSuffix":"BDI-content"}},"wdio_ui5_key":"etmportal.ui.managecatalogs.view.Detailsap.m.Button{\"propertyName\":\"text\",\"key\":\"edit\"}"}]}
RESULT: {"script":"<script> [1562 bytes]","args":[{"selector":{"controlType":"sap.m.Button","viewName":"etm.portal.ui.managecatalogs.view.Detail","viewId":"application-managecatalogs-display-component---detailCatalog","i18NText":{"propertyName":"text","key":"edit"},"interaction":{"idSuffix":"BDI-content"}},"wdio_ui5_key":"etmportal.ui.managecatalogs.view.Detailsap.m.Button{\"propertyName\":\"text\",\"key\":\"edit\"}"}]}
RESULT: undefined
COMMAND: POST /session/948cfef606f1c327c7afa492aa33856c/element - {"using":"xpath","value":"//*[@id=\"__button86\"]"}
RESULT: {"using":"xpath","value":"//*[@id=\"__button86\"]"}
COMMAND: POST /session/948cfef606f1c327c7afa492aa33856c/element/f.B11FB8328C47749F850BA47268692D59.d.B9E0A8F0A44398B173090352F7B99F8E.e.7802/click - {}
RESULT: {}
COMMAND: GET /session/948cfef606f1c327c7afa492aa33856c/screenshot - {}
RESULT: {}
COMMAND: POST /session/948cfef606f1c327c7afa492aa33856c/element - {"using":"xpath","value":"//bdi[contains(text(), \"Unlock\")]"}
RESULT: {"using":"xpath","value":"//bdi[contains(text(), \"Unlock\")]"}
COMMAND: POST /session/948cfef606f1c327c7afa492aa33856c/elements - {"using":"xpath","value":"//bdi[contains(text(), \"Unlock\")]"}
RESULT: {"using":"xpath","value":"//bdi[contains(text(), \"Unlock\")]"}
COMMAND: POST /session/948cfef606f1c327c7afa492aa33856c/execute/async - {"script":"<script> [1562 bytes]","args":[{"selector":{"controlType":"sap.ui.core.Icon","viewName":"etm.portal.ui.managecatalogs.view.Detail","viewId":"application-managecatalogs-display-component---detailCatalog","properties":{"src":{"regex":{"source":"add\\-folder"}}}},"wdio_ui5_key":"etmportal.ui.managecatalogs.view.Detailsap.ui.core.Icon{\"src\":{\"regex\":{\"source\":\"add\\\\-folder\"}}}"}]}
RESULT: {"script":"<script> [1562 bytes]","args":[{"selector":{"controlType":"sap.ui.core.Icon","viewName":"etm.portal.ui.managecatalogs.view.Detail","viewId":"application-managecatalogs-display-component---detailCatalog","properties":{"src":{"regex":{"source":"add\\-folder"}}}},"wdio_ui5_key":"etmportal.ui.managecatalogs.view.Detailsap.ui.core.Icon{\"src\":{\"regex\":{\"source\":\"add\\\\-folder\"}}}"}]}
RESULT: undefined
COMMAND: POST /session/948cfef606f1c327c7afa492aa33856c/element - {"using":"xpath","value":"//*[@id=\"__button94-img\"]"}
RESULT: {"using":"xpath","value":"//*[@id=\"__button94-img\"]"}
COMMAND: POST /session/948cfef606f1c327c7afa492aa33856c/element/f.B11FB8328C47749F850BA47268692D59.d.B9E0A8F0A44398B173090352F7B99F8E.e.7808/click - {}
RESULT: {}
COMMAND: GET /session/948cfef606f1c327c7afa492aa33856c/screenshot - {}
RESULT: {}
COMMAND: POST /session/948cfef606f1c327c7afa492aa33856c/execute/async - {"script":"<script> [1562 bytes]","args":[{"selector":{"id":"application-managecatalogs-display-component---detailCatalog--numberInput","searchOpenDialogs":true,"interaction":{"idSuffix":"inner"}},"wdio_ui5_key":"applicationmanagecatalogs-display-component---detailCatalog--numberInput"}]}
RESULT: {"script":"<script> [1562 bytes]","args":[{"selector":{"id":"application-managecatalogs-display-component---detailCatalog--numberInput","searchOpenDialogs":true,"interaction":{"idSuffix":"inner"}},"wdio_ui5_key":"applicationmanagecatalogs-display-component---detailCatalog--numberInput"}]}
RESULT: undefined
COMMAND: POST /session/948cfef606f1c327c7afa492aa33856c/execute/async - {"script":"<script> [776 bytes]","args":[{"enterText":"Sectionq84nt","selector":{"id":"application-managecatalogs-display-component---detailCatalog--numberInput","searchOpenDialogs":true,"interaction":{"idSuffix":"inner"}},"clearTextFirst":true,"interactionType":"ENTER_TEXT"}]}
RESULT: {"script":"<script> [776 bytes]","args":[{"enterText":"Sectionq84nt","selector":{"id":"application-managecatalogs-display-component---detailCatalog--numberInput","searchOpenDialogs":true,"interaction":{"idSuffix":"inner"}},"clearTextFirst":true,"interactionType":"ENTER_TEXT"}]}
COMMAND: POST /session/948cfef606f1c327c7afa492aa33856c/element - {"using":"css selector","value":"#application-managecatalogs-display-component---detailCatalog--nameInput-inner"}
RESULT: {"using":"css selector","value":"#application-managecatalogs-display-component---detailCatalog--nameInput-inner"}
COMMAND: POST /session/948cfef606f1c327c7afa492aa33856c/elements - {"using":"css selector","value":"#application-managecatalogs-display-component---detailCatalog--nameInput-inner"}
RESULT: {"using":"css selector","value":"#application-managecatalogs-display-component---detailCatalog--nameInput-inner"}
COMMAND: POST /session/948cfef606f1c327c7afa492aa33856c/element/f.B11FB8328C47749F850BA47268692D59.d.B9E0A8F0A44398B173090352F7B99F8E.e.7812/clear - {}
RESULT: {}
COMMAND: POST /session/948cfef606f1c327c7afa492aa33856c/element/f.B11FB8328C47749F850BA47268692D59.d.B9E0A8F0A44398B173090352F7B99F8E.e.7812/value - {"text":"Webdriver92zxm"}
COMMAND: GET /session/948cfef606f1c327c7afa492aa33856c/screenshot - {}
RESULT: {"text":"Webdriver92zxm"}
COMMAND: POST /session/948cfef606f1c327c7afa492aa33856c/execute/async - {"script":"<script> [1562 bytes]","args":[{"selector":{"controlType":"sap.m.Button","viewName":"etm.portal.ui.managecatalogs.view.Detail","viewId":"application-managecatalogs-display-component---detailCatalog","i18NText":{"propertyName":"text","key":"create"},"searchOpenDialogs":true,"interaction":{"idSuffix":"BDI-content"}},"wdio_ui5_key":"etmportal.ui.managecatalogs.view.Detailsap.m.Button{\"propertyName\":\"text\",\"key\":\"create\"}"}]}
COMMAND: GET /session/948cfef606f1c327c7afa492aa33856c/screenshot - {}
RESULT: {}
RESULT: {"script":"<script> [1562 bytes]","args":[{"selector":{"controlType":"sap.m.Button","viewName":"etm.portal.ui.managecatalogs.view.Detail","viewId":"application-managecatalogs-display-component---detailCatalog","i18NText":{"propertyName":"text","key":"create"},"searchOpenDialogs":true,"interaction":{"idSuffix":"BDI-content"}},"wdio_ui5_key":"etmportal.ui.managecatalogs.view.Detailsap.m.Button{\"propertyName\":\"text\",\"key\":\"create\"}"}]}
RESULT: undefined
COMMAND: POST /session/948cfef606f1c327c7afa492aa33856c/element - {"using":"xpath","value":"//*[@id=\"__button64\"]"}
RESULT: {}
RESULT: {"using":"xpath","value":"//*[@id=\"__button64\"]"}
COMMAND: POST /session/948cfef606f1c327c7afa492aa33856c/element/f.B11FB8328C47749F850BA47268692D59.d.B9E0A8F0A44398B173090352F7B99F8E.e.7817/click - {}
RESULT: {}
COMMAND: GET /session/948cfef606f1c327c7afa492aa33856c/screenshot - {}
RESULT: {}
COMMAND: POST /session/948cfef606f1c327c7afa492aa33856c/element - {"using":"xpath","value":"//button[@title=\"Save\"]"}
RESULT: {"using":"xpath","value":"//button[@title=\"Save\"]"}
COMMAND: POST /session/948cfef606f1c327c7afa492aa33856c/element/f.B11FB8328C47749F850BA47268692D59.d.B9E0A8F0A44398B173090352F7B99F8E.e.7818/click - {}
RESULT: {}
COMMAND: POST /session/948cfef606f1c327c7afa492aa33856c/execute/async - {"script":"<script> [1562 bytes]","args":[{"selector":{"controlType":"sap.ui.core.Icon","viewName":"etm.portal.ui.managecatalogs.view.Detail","viewId":"application-managecatalogs-display-component---detailCatalog","properties":{"src":{"regex":{"source":"decline"}}}},"wdio_ui5_key":"etmportal.ui.managecatalogs.view.Detailsap.ui.core.Icon{\"src\":{\"regex\":{\"source\":\"decline\"}}}"}]}
COMMAND: GET /session/948cfef606f1c327c7afa492aa33856c/screenshot - {}
RESULT: {"script":"<script> [1562 bytes]","args":[{"selector":{"controlType":"sap.ui.core.Icon","viewName":"etm.portal.ui.managecatalogs.view.Detail","viewId":"application-managecatalogs-display-component---detailCatalog","properties":{"src":{"regex":{"source":"decline"}}}},"wdio_ui5_key":"etmportal.ui.managecatalogs.view.Detailsap.ui.core.Icon{\"src\":{\"regex\":{\"source\":\"decline\"}}}"}]}
RESULT: undefined
COMMAND: POST /session/948cfef606f1c327c7afa492aa33856c/element - {"using":"xpath","value":"//*[@id=\"__button89-img\"]"}
RESULT: {}
RESULT: {"using":"xpath","value":"//*[@id=\"__button89-img\"]"}
COMMAND: POST /session/948cfef606f1c327c7afa492aa33856c/element/f.B11FB8328C47749F850BA47268692D59.d.B9E0A8F0A44398B173090352F7B99F8E.e.7823/click - {}
RESULT: {}
COMMAND: GET /session/948cfef606f1c327c7afa492aa33856c/screenshot - {}
RESULT: {}
COMMAND: POST /session/948cfef606f1c327c7afa492aa33856c/execute/async - {"script":"<script> [1562 bytes]","args":[{"selector":{"controlType":"sap.ui.core.Icon","viewName":"etm.portal.ui.managecatalogs.view.MasterItems","viewId":"application-managecatalogs-display-component---masterCatalogItems","properties":{"src":{"regex":{"source":"refresh"}}}},"wdio_ui5_key":"etmportal.ui.managecatalogs.view.MasterItemssap.ui.core.Icon{\"src\":{\"regex\":{\"source\":\"refresh\"}}}"}]}
RESULT: {"script":"<script> [1562 bytes]","args":[{"selector":{"controlType":"sap.ui.core.Icon","viewName":"etm.portal.ui.managecatalogs.view.MasterItems","viewId":"application-managecatalogs-display-component---masterCatalogItems","properties":{"src":{"regex":{"source":"refresh"}}}},"wdio_ui5_key":"etmportal.ui.managecatalogs.view.MasterItemssap.ui.core.Icon{\"src\":{\"regex\":{\"source\":\"refresh\"}}}"}]}
RESULT: undefined
COMMAND: POST /session/948cfef606f1c327c7afa492aa33856c/element - {"using":"xpath","value":"//*[@id=\"__button62-img\"]"}
RESULT: {"using":"xpath","value":"//*[@id=\"__button62-img\"]"}
COMMAND: POST /session/948cfef606f1c327c7afa492aa33856c/element/f.B11FB8328C47749F850BA47268692D59.d.B9E0A8F0A44398B173090352F7B99F8E.e.7857/click - {}
RESULT: {}
COMMAND: POST /session/948cfef606f1c327c7afa492aa33856c/execute/async - {"script":"<script> [1562 bytes]","args":[{"selector":{"id":"application-managecatalogs-display-component---masterCatalogItems--searchItemsField","interaction":{"idSuffix":"I"}},"wdio_ui5_key":"applicationmanagecatalogs-display-component---masterCatalogItems--searchItemsField"}]}
COMMAND: GET /session/948cfef606f1c327c7afa492aa33856c/screenshot - {}
RESULT: {"script":"<script> [1562 bytes]","args":[{"selector":{"id":"application-managecatalogs-display-component---masterCatalogItems--searchItemsField","interaction":{"idSuffix":"I"}},"wdio_ui5_key":"applicationmanagecatalogs-display-component---masterCatalogItems--searchItemsField"}]}
RESULT: undefined
COMMAND: POST /session/948cfef606f1c327c7afa492aa33856c/execute/async - {"script":"<script> [776 bytes]","args":[{"enterText":"Webdriver92zxm","selector":{"id":"application-managecatalogs-display-component---masterCatalogItems--searchItemsField","interaction":{"idSuffix":"I"}},"clearTextFirst":true,"interactionType":"ENTER_TEXT"}]}
RESULT: {}
RESULT: {"script":"<script> [776 bytes]","args":[{"enterText":"Webdriver92zxm","selector":{"id":"application-managecatalogs-display-component---masterCatalogItems--searchItemsField","interaction":{"idSuffix":"I"}},"clearTextFirst":true,"interactionType":"ENTER_TEXT"}]}
COMMAND: POST /session/948cfef606f1c327c7afa492aa33856c/actions - {"actions":[{"id":"action48","type":"key","parameters":{},"actions":[{"type":"keyDown","value":""},{"type":"pause","duration":10},{"type":"keyUp","value":""}]}]}
RESULT: {"actions":[{"id":"action48","type":"key","parameters":{},"actions":[{"type":"keyDown","value":""},{"type":"pause","duration":10},{"type":"keyUp","value":""}]}]}
COMMAND: POST /session/948cfef606f1c327c7afa492aa33856c/element - {"using":"xpath","value":"(//span[contains(text(), \"Webdriver92zxm\")])[1]"}
COMMAND: GET /session/948cfef606f1c327c7afa492aa33856c/screenshot - {}
RESULT: {"using":"xpath","value":"(//span[contains(text(), \"Webdriver92zxm\")])[1]"}
COMMAND: POST /session/948cfef606f1c327c7afa492aa33856c/element/f.B11FB8328C47749F850BA47268692D59.d.B9E0A8F0A44398B173090352F7B99F8E.e.7860/click - {}
RESULT: {}
RESULT: {}
COMMAND: GET /session/948cfef606f1c327c7afa492aa33856c/screenshot - {}
RESULT: {}
RESULT: undefined
COMMAND: POST /session/948cfef606f1c327c7afa492aa33856c/element - {"using":"xpath","value":"//*[@id=\"__button86\"]"}
RESULT: {"using":"xpath","value":"//*[@id=\"__button86\"]"}
COMMAND: POST /session/948cfef606f1c327c7afa492aa33856c/element/f.B11FB8328C47749F850BA47268692D59.d.B9E0A8F0A44398B173090352F7B99F8E.e.7930/click - {}
RESULT: {}
COMMAND: GET /session/948cfef606f1c327c7afa492aa33856c/screenshot - {}
RESULT: {}
RESULT: undefined
COMMAND: POST /session/948cfef606f1c327c7afa492aa33856c/element - {"using":"xpath","value":"//*[@id=\"__button94-img\"]"}
RESULT: {"using":"xpath","value":"//*[@id=\"__button94-img\"]"}
COMMAND: POST /session/948cfef606f1c327c7afa492aa33856c/element/f.B11FB8328C47749F850BA47268692D59.d.B9E0A8F0A44398B173090352F7B99F8E.e.7946/click - {}
RESULT: {}
COMMAND: GET /session/948cfef606f1c327c7afa492aa33856c/screenshot - {}
RESULT: {}
RESULT: undefined
COMMAND: POST /session/948cfef606f1c327c7afa492aa33856c/execute/async - {"script":"<script> [776 bytes]","args":[{"enterText":"SecondSectionohq3j","selector":{"id":"application-managecatalogs-display-component---detailCatalog--numberInput","searchOpenDialogs":true,"interaction":{"idSuffix":"inner"}},"clearTextFirst":true,"interactionType":"ENTER_TEXT"}]}
RESULT: {"script":"<script> [776 bytes]","args":[{"enterText":"SecondSectionohq3j","selector":{"id":"application-managecatalogs-display-component---detailCatalog--numberInput","searchOpenDialogs":true,"interaction":{"idSuffix":"inner"}},"clearTextFirst":true,"interactionType":"ENTER_TEXT"}]}
COMMAND: POST /session/948cfef606f1c327c7afa492aa33856c/element - {"using":"xpath","value":"//input[contains(@id ,\"application-managecatalogs-display-component---detailCatalog--nameInput-inner\")]"}
RESULT: {"using":"xpath","value":"//input[contains(@id ,\"application-managecatalogs-display-component---detailCatalog--nameInput-inner\")]"}
COMMAND: POST /session/948cfef606f1c327c7afa492aa33856c/elements - {"using":"xpath","value":"//input[contains(@id ,\"application-managecatalogs-display-component---detailCatalog--nameInput-inner\")]"}
RESULT: {"using":"xpath","value":"//input[contains(@id ,\"application-managecatalogs-display-component---detailCatalog--nameInput-inner\")]"}
COMMAND: POST /session/948cfef606f1c327c7afa492aa33856c/element/f.B11FB8328C47749F850BA47268692D59.d.B9E0A8F0A44398B173090352F7B99F8E.e.7950/clear - {}
RESULT: {}
COMMAND: POST /session/948cfef606f1c327c7afa492aa33856c/element/f.B11FB8328C47749F850BA47268692D59.d.B9E0A8F0A44398B173090352F7B99F8E.e.7950/value - {"text":"webdriversecondd8w1n"}
COMMAND: GET /session/948cfef606f1c327c7afa492aa33856c/screenshot - {}
RESULT: {"text":"webdriversecondd8w1n"}
RESULT: undefined
COMMAND: POST /session/948cfef606f1c327c7afa492aa33856c/element - {"using":"xpath","value":"//*[@id=\"__button64\"]"}
COMMAND: GET /session/948cfef606f1c327c7afa492aa33856c/screenshot - {}
RESULT: {}
RESULT: {"using":"xpath","value":"//*[@id=\"__button64\"]"}
COMMAND: POST /session/948cfef606f1c327c7afa492aa33856c/element/f.B11FB8328C47749F850BA47268692D59.d.B9E0A8F0A44398B173090352F7B99F8E.e.7954/click - {}
RESULT: {}
RESULT: {}
COMMAND: GET /session/948cfef606f1c327c7afa492aa33856c/screenshot - {}
RESULT: {}
COMMAND: POST /session/948cfef606f1c327c7afa492aa33856c/element - {"using":"xpath","value":"//button[@title=\"Save\"]"}
RESULT: {"using":"xpath","value":"//button[@title=\"Save\"]"}
COMMAND: POST /session/948cfef606f1c327c7afa492aa33856c/element/f.B11FB8328C47749F850BA47268692D59.d.B9E0A8F0A44398B173090352F7B99F8E.e.7934/click - {}
RESULT: {}
COMMAND: GET /session/948cfef606f1c327c7afa492aa33856c/screenshot - {}
RESULT: {}
RESULT: undefined
COMMAND: POST /session/948cfef606f1c327c7afa492aa33856c/element - {"using":"xpath","value":"//*[@id=\"__button89-img\"]"}
RESULT: {"using":"xpath","value":"//*[@id=\"__button89-img\"]"}
COMMAND: POST /session/948cfef606f1c327c7afa492aa33856c/element/f.B11FB8328C47749F850BA47268692D59.d.B9E0A8F0A44398B173090352F7B99F8E.e.7958/click - {}
RESULT: {}
COMMAND: GET /session/948cfef606f1c327c7afa492aa33856c/screenshot - {}
RESULT: {}
RESULT: undefined
COMMAND: POST /session/948cfef606f1c327c7afa492aa33856c/element - {"using":"xpath","value":"//*[@id=\"__button62-img\"]"}
RESULT: {"using":"xpath","value":"//*[@id=\"__button62-img\"]"}
COMMAND: POST /session/948cfef606f1c327c7afa492aa33856c/element/f.B11FB8328C47749F850BA47268692D59.d.B9E0A8F0A44398B173090352F7B99F8E.e.7993/click - {}
RESULT: {}
COMMAND: GET /session/948cfef606f1c327c7afa492aa33856c/screenshot - {}
RESULT: {}
RESULT: undefined
COMMAND: POST /session/948cfef606f1c327c7afa492aa33856c/execute/async - {"script":"<script> [776 bytes]","args":[{"enterText":"SecondSectionohq3j","selector":{"id":"application-managecatalogs-display-component---masterCatalogItems--searchItemsField","interaction":{"idSuffix":"I"}},"clearTextFirst":true,"interactionType":"ENTER_TEXT"}]}
RESULT: {"script":"<script> [776 bytes]","args":[{"enterText":"SecondSectionohq3j","selector":{"id":"application-managecatalogs-display-component---masterCatalogItems--searchItemsField","interaction":{"idSuffix":"I"}},"clearTextFirst":true,"interactionType":"ENTER_TEXT"}]}
COMMAND: POST /session/948cfef606f1c327c7afa492aa33856c/actions - {"actions":[{"id":"action49","type":"key","parameters":{},"actions":[{"type":"keyDown","value":""},{"type":"pause","duration":10},{"type":"keyUp","value":""}]}]}
RESULT: {"actions":[{"id":"action49","type":"key","parameters":{},"actions":[{"type":"keyDown","value":""},{"type":"pause","duration":10},{"type":"keyUp","value":""}]}]}
COMMAND: POST /session/948cfef606f1c327c7afa492aa33856c/element - {"using":"xpath","value":"(//span[contains(text(), \"SecondSectionohq3j\")])[1]"}
COMMAND: GET /session/948cfef606f1c327c7afa492aa33856c/screenshot - {}
RESULT: {"using":"xpath","value":"(//span[contains(text(), \"SecondSectionohq3j\")])[1]"}
COMMAND: POST /session/948cfef606f1c327c7afa492aa33856c/element/f.B11FB8328C47749F850BA47268692D59.d.B9E0A8F0A44398B173090352F7B99F8E.e.7996/click - {}
RESULT: {}
RESULT: {}
COMMAND: POST /session/948cfef606f1c327c7afa492aa33856c/element - {"using":"xpath","value":"(//span[contains(text(), \"SecondSectionohq3j\")])[1]"}
COMMAND: GET /session/948cfef606f1c327c7afa492aa33856c/screenshot - {}
RESULT: {"using":"xpath","value":"(//span[contains(text(), \"SecondSectionohq3j\")])[1]"}
COMMAND: GET /session/948cfef606f1c327c7afa492aa33856c/element/f.B11FB8328C47749F850BA47268692D59.d.B9E0A8F0A44398B173090352F7B99F8E.e.7996/text - {}
RESULT: {}
COMMAND: POST /session/948cfef606f1c327c7afa492aa33856c/element - {"using":"xpath","value":"(//span[contains(text(), \"SecondSectionohq3j\")])[1]"}
RESULT: {"using":"xpath","value":"(//span[contains(text(), \"SecondSectionohq3j\")])[1]"}
COMMAND: GET /session/948cfef606f1c327c7afa492aa33856c/element/f.B11FB8328C47749F850BA47268692D59.d.B9E0A8F0A44398B173090352F7B99F8E.e.7996/text - {}
COMMAND: POST /session/948cfef606f1c327c7afa492aa33856c/element - {"using":"xpath","value":"(//span[contains(text(), \"SecondSectionohq3j\")])[1]"}
RESULT: {"using":"xpath","value":"(//span[contains(text(), \"SecondSectionohq3j\")])[1]"}
COMMAND: GET /session/948cfef606f1c327c7afa492aa33856c/element/f.B11FB8328C47749F850BA47268692D59.d.B9E0A8F0A44398B173090352F7B99F8E.e.8048/text - {}
RESULT: {}
COMMAND: POST /session/948cfef606f1c327c7afa492aa33856c/refresh - {}
RESULT: {}
COMMAND: GET /session/948cfef606f1c327c7afa492aa33856c/screenshot - {}
RESULT: {}
COMMAND: POST /session/948cfef606f1c327c7afa492aa33856c/execute/async - {"script":"<script> [189 bytes]","args":[]}
RESULT: {"script":"<script> [189 bytes]","args":[]}
COMMAND: POST /session/948cfef606f1c327c7afa492aa33856c/execute/async - {"script":"<script> [123 bytes]","args":[]}
RESULT: {"script":"<script> [123 bytes]","args":[]}
COMMAND: POST /session/948cfef606f1c327c7afa492aa33856c/timeouts - {"script":"<number>"}
RESULT: {"script":"<number>"}
COMMAND: GET /session/948cfef606f1c327c7afa492aa33856c/timeouts - {}
RESULT: {}
RESULT: undefined
COMMAND: POST /session/948cfef606f1c327c7afa492aa33856c/execute/async - {"script":"<script> [2676 bytes]","args":[]}
RESULT: {"script":"<script> [2676 bytes]","args":[]}
COMMAND: POST /session/948cfef606f1c327c7afa492aa33856c/execute/async - {"script":"<script> [2342 bytes]","args":[{"protocol":"http","hostname":"0.0.0.0","path":"/","capabilities":{"browserName":"chrome","goog:chromeOptions":{"binary":"C:\\Program Files\\Google\\Chrome\\Application\\chrome.exe","args":["--start-maximized"]}},"logLevel":"warn","connectionRetryTimeout":120000,"connectionRetryCount":3,"logLevels":{},"enableDirectConnect":true,"strictSSL":true,"_":"65 more keys: [\"cacheDir\",\"port\",\"requestedCapabilities\",\"automationProtocol\",\"baseUrl\",\"waitforInterval\",\"waitforTimeout\",\"onReload\",\"beforeCommand\",\"afterCommand\",\"rootDir\",\"specs\",\"suites\",\"exclude\",\"groupLogsByTestSpec\",\"excludeDriverLogs\",\"bail\",\"framework\",\"reporters\",\"services\",\"maxInstances\",\"maxInstancesPerCapability\",\"injectGlobals\",\"filesToWatch\",\"execArgv\",\"runnerEnv\",\"runner\",\"shard\",\"specFileRetries\",\"specFileRetriesDelay\",\"specFileRetriesDeferred\",\"reporterSyncInterval\",\"reporterSyncTimeout\",\"cucumberFeaturesWithLineNumbers\",\"autoCompileOpts\",\"mochaOpts\",\"jasmineOpts\",\"cucumberOpts\",\"onPrepare\",\"onWorkerStart\",\"onWorkerEnd\",\"before\",\"beforeSession\",\"beforeSuite\",\"beforeHook\",\"beforeTest\",\"afterTest\",\"afterHook\",\"afterSuite\",\"afterSession\",\"after\",\"onComplete\",\"beforeAssertion\",\"afterAssertion\",\"beforeFeature\",\"beforeScenario\",\"beforeStep\",\"afterStep\",\"afterScenario\",\"afterFeature\",\"_\",\"suite\",\"$0\",\"ignoredWorkerServices\",\"wdi5\"]"}]}
RESULT: {"script":"<script> [2342 bytes]","args":[{"protocol":"http","hostname":"0.0.0.0","path":"/","capabilities":{"browserName":"chrome","goog:chromeOptions":{"binary":"C:\\Program Files\\Google\\Chrome\\Application\\chrome.exe","args":["--start-maximized"]}},"logLevel":"warn","connectionRetryTimeout":120000,"connectionRetryCount":3,"logLevels":{},"enableDirectConnect":true,"strictSSL":true,"_":"65 more keys: [\"cacheDir\",\"port\",\"requestedCapabilities\",\"automationProtocol\",\"baseUrl\",\"waitforInterval\",\"waitforTimeout\",\"onReload\",\"beforeCommand\",\"afterCommand\",\"rootDir\",\"specs\",\"suites\",\"exclude\",\"groupLogsByTestSpec\",\"excludeDriverLogs\",\"bail\",\"framework\",\"reporters\",\"services\",\"maxInstances\",\"maxInstancesPerCapability\",\"injectGlobals\",\"filesToWatch\",\"execArgv\",\"runnerEnv\",\"runner\",\"shard\",\"specFileRetries\",\"specFileRetriesDelay\",\"specFileRetriesDeferred\",\"reporterSyncInterval\",\"reporterSyncTimeout\",\"cucumberFeaturesWithLineNumbers\",\"autoCompileOpts\",\"mochaOpts\",\"jasmineOpts\",\"cucumberOpts\",\"onPrepare\",\"onWorkerStart\",\"onWorkerEnd\",\"before\",\"beforeSession\",\"beforeSuite\",\"beforeHook\",\"beforeTest\",\"afterTest\",\"afterHook\",\"afterSuite\",\"afterSession\",\"after\",\"onComplete\",\"beforeAssertion\",\"afterAssertion\",\"beforeFeature\",\"beforeScenario\",\"beforeStep\",\"afterStep\",\"afterScenario\",\"afterFeature\",\"_\",\"suite\",\"$0\",\"ignoredWorkerServices\",\"wdi5\"]"}]}
COMMAND: POST /session/948cfef606f1c327c7afa492aa33856c/execute/async - {"script":"<script> [21126 bytes]","args":[35000]}
RESULT: {"script":"<script> [21126 bytes]","args":[35000]}
COMMAND: POST /session/948cfef606f1c327c7afa492aa33856c/execute/async - {"script":"<script> [1562 bytes]","args":[{"selector":{"controlType":"sap.m.Button","viewName":"etm.portal.ui.managecatalogs.view.Detail","viewId":"application-managecatalogs-display-component---detailCatalog","i18NText":{"propertyName":"text","key":"edit"},"interaction":{"idSuffix":"BDI-content"}},"wdio_ui5_key":"etmportal.ui.managecatalogs.view.Detailsap.m.Button{\"propertyName\":\"text\",\"key\":\"edit\"}"}]}
RESULT: {"script":"<script> [1562 bytes]","args":[{"selector":{"controlType":"sap.m.Button","viewName":"etm.portal.ui.managecatalogs.view.Detail","viewId":"application-managecatalogs-display-component---detailCatalog","i18NText":{"propertyName":"text","key":"edit"},"interaction":{"idSuffix":"BDI-content"}},"wdio_ui5_key":"etmportal.ui.managecatalogs.view.Detailsap.m.Button{\"propertyName\":\"text\",\"key\":\"edit\"}"}]}
RESULT: undefined
COMMAND: POST /session/948cfef606f1c327c7afa492aa33856c/element - {"using":"xpath","value":"//*[@id=\"__button25\"]"}
RESULT: {"using":"xpath","value":"//*[@id=\"__button25\"]"}
COMMAND: POST /session/948cfef606f1c327c7afa492aa33856c/element/f.B11FB8328C47749F850BA47268692D59.d.5970B70E29B7D3F2C68AE78274E2528F.e.8111/click - {}
RESULT: {}
COMMAND: POST /session/948cfef606f1c327c7afa492aa33856c/execute/async - {"script":"<script> [1562 bytes]","args":[{"selector":{"controlType":"sap.ui.core.Icon","viewName":"etm.portal.ui.managecatalogs.view.Detail","viewId":"application-managecatalogs-display-component---detailCatalog","properties":{"src":{"regex":{"source":"add\\-document"}}}},"wdio_ui5_key":"etmportal.ui.managecatalogs.view.Detailsap.ui.core.Icon{\"src\":{\"regex\":{\"source\":\"add\\\\-document\"}}}"}]}
COMMAND: GET /session/948cfef606f1c327c7afa492aa33856c/screenshot - {}
RESULT: {"script":"<script> [1562 bytes]","args":[{"selector":{"controlType":"sap.ui.core.Icon","viewName":"etm.portal.ui.managecatalogs.view.Detail","viewId":"application-managecatalogs-display-component---detailCatalog","properties":{"src":{"regex":{"source":"add\\-document"}}}},"wdio_ui5_key":"etmportal.ui.managecatalogs.view.Detailsap.ui.core.Icon{\"src\":{\"regex\":{\"source\":\"add\\\\-document\"}}}"}]}
RESULT: undefined
COMMAND: POST /session/948cfef606f1c327c7afa492aa33856c/element - {"using":"xpath","value":"//*[@id=\"__button34-img\"]"}
RESULT: {}
RESULT: {"using":"xpath","value":"//*[@id=\"__button34-img\"]"}
COMMAND: POST /session/948cfef606f1c327c7afa492aa33856c/element/f.B11FB8328C47749F850BA47268692D59.d.5970B70E29B7D3F2C68AE78274E2528F.e.8115/click - {}
RESULT: {}
COMMAND: POST /session/948cfef606f1c327c7afa492aa33856c/execute/async - {"script":"<script> [1562 bytes]","args":[{"selector":{"id":"application-managecatalogs-display-component---detailCatalog--newItemNumberInput","searchOpenDialogs":true,"interaction":{"idSuffix":"inner"}},"wdio_ui5_key":"applicationmanagecatalogs-display-component---detailCatalog--newItemNumberInput"}]}
COMMAND: GET /session/948cfef606f1c327c7afa492aa33856c/screenshot - {}
RESULT: {"script":"<script> [1562 bytes]","args":[{"selector":{"id":"application-managecatalogs-display-component---detailCatalog--newItemNumberInput","searchOpenDialogs":true,"interaction":{"idSuffix":"inner"}},"wdio_ui5_key":"applicationmanagecatalogs-display-component---detailCatalog--newItemNumberInput"}]}
RESULT: undefined
COMMAND: POST /session/948cfef606f1c327c7afa492aa33856c/execute/async - {"script":"<script> [776 bytes]","args":[{"enterText":"catalogItemq0d9li","selector":{"id":"application-managecatalogs-display-component---detailCatalog--newItemNumberInput","searchOpenDialogs":true,"interaction":{"idSuffix":"inner"}},"clearTextFirst":true,"interactionType":"ENTER_TEXT"}]}
RESULT: {}
RESULT: {"script":"<script> [776 bytes]","args":[{"enterText":"catalogItemq0d9li","selector":{"id":"application-managecatalogs-display-component---detailCatalog--newItemNumberInput","searchOpenDialogs":true,"interaction":{"idSuffix":"inner"}},"clearTextFirst":true,"interactionType":"ENTER_TEXT"}]}
COMMAND: POST /session/948cfef606f1c327c7afa492aa33856c/execute/async - {"script":"<script> [1562 bytes]","args":[{"selector":{"controlType":"sap.m.Input","viewName":"etm.portal.ui.managecatalogs.view.Detail","viewId":"application-managecatalogs-display-component---detailCatalog","bindingPath":{"path":"","propertyPath":"/DESCRIPTION"},"searchOpenDialogs":true,"interaction":{"idSuffix":"inner"}},"wdio_ui5_key":"etmportal.ui.managecatalogs.view.Detailsap.m.Input{\"path\":\"\",\"propertyPath\":\"/DESCRIPTION\"}"}]}
RESULT: {"script":"<script> [1562 bytes]","args":[{"selector":{"controlType":"sap.m.Input","viewName":"etm.portal.ui.managecatalogs.view.Detail","viewId":"application-managecatalogs-display-component---detailCatalog","bindingPath":{"path":"","propertyPath":"/DESCRIPTION"},"searchOpenDialogs":true,"interaction":{"idSuffix":"inner"}},"wdio_ui5_key":"etmportal.ui.managecatalogs.view.Detailsap.m.Input{\"path\":\"\",\"propertyPath\":\"/DESCRIPTION\"}"}]}
RESULT: undefined
COMMAND: POST /session/948cfef606f1c327c7afa492aa33856c/execute/async - {"script":"<script> [776 bytes]","args":[{"enterText":"catalogItemNamex5b8d","selector":{"controlType":"sap.m.Input","viewName":"etm.portal.ui.managecatalogs.view.Detail","viewId":"application-managecatalogs-display-component---detailCatalog","bindingPath":{"path":"","propertyPath":"/DESCRIPTION"},"searchOpenDialogs":true,"interaction":{"idSuffix":"inner"}},"clearTextFirst":true,"interactionType":"ENTER_TEXT"}]}
RESULT: {"script":"<script> [776 bytes]","args":[{"enterText":"catalogItemNamex5b8d","selector":{"controlType":"sap.m.Input","viewName":"etm.portal.ui.managecatalogs.view.Detail","viewId":"application-managecatalogs-display-component---detailCatalog","bindingPath":{"path":"","propertyPath":"/DESCRIPTION"},"searchOpenDialogs":true,"interaction":{"idSuffix":"inner"}},"clearTextFirst":true,"interactionType":"ENTER_TEXT"}]}
COMMAND: POST /session/948cfef606f1c327c7afa492aa33856c/execute/async - {"script":"<script> [1562 bytes]","args":[{"selector":{"controlType":"sap.m.Button","viewName":"etm.portal.ui.managecatalogs.view.Detail","viewId":"application-managecatalogs-display-component---detailCatalog","i18NText":{"propertyName":"text","key":"create"},"searchOpenDialogs":true,"interaction":{"idSuffix":"BDI-content"}},"wdio_ui5_key":"etmportal.ui.managecatalogs.view.Detailsap.m.Button{\"propertyName\":\"text\",\"key\":\"create\"}"}]}
RESULT: {"script":"<script> [1562 bytes]","args":[{"selector":{"controlType":"sap.m.Button","viewName":"etm.portal.ui.managecatalogs.view.Detail","viewId":"application-managecatalogs-display-component---detailCatalog","i18NText":{"propertyName":"text","key":"create"},"searchOpenDialogs":true,"interaction":{"idSuffix":"BDI-content"}},"wdio_ui5_key":"etmportal.ui.managecatalogs.view.Detailsap.m.Button{\"propertyName\":\"text\",\"key\":\"create\"}"}]}
RESULT: undefined
COMMAND: POST /session/948cfef606f1c327c7afa492aa33856c/element - {"using":"xpath","value":"//*[@id=\"__button9\"]"}
RESULT: {"using":"xpath","value":"//*[@id=\"__button9\"]"}
COMMAND: POST /session/948cfef606f1c327c7afa492aa33856c/element/f.B11FB8328C47749F850BA47268692D59.d.5970B70E29B7D3F2C68AE78274E2528F.e.8125/click - {}
RESULT: {}
COMMAND: GET /session/948cfef606f1c327c7afa492aa33856c/screenshot - {}
RESULT: {}
COMMAND: POST /session/948cfef606f1c327c7afa492aa33856c/element - {"using":"xpath","value":"//button[@title=\"Save\"]"}
RESULT: {"using":"xpath","value":"//button[@title=\"Save\"]"}
COMMAND: POST /session/948cfef606f1c327c7afa492aa33856c/element/f.B11FB8328C47749F850BA47268692D59.d.5970B70E29B7D3F2C68AE78274E2528F.e.8127/click - {}
RESULT: {}
COMMAND: GET /session/948cfef606f1c327c7afa492aa33856c/screenshot - {}
RESULT: {}
COMMAND: POST /session/948cfef606f1c327c7afa492aa33856c/execute/async - {"script":"<script> [1562 bytes]","args":[{"selector":{"controlType":"sap.ui.core.Icon","viewName":"etm.portal.ui.managecatalogs.view.Detail","viewId":"application-managecatalogs-display-component---detailCatalog","properties":{"src":{"regex":{"source":"decline"}}}},"wdio_ui5_key":"etmportal.ui.managecatalogs.view.Detailsap.ui.core.Icon{\"src\":{\"regex\":{\"source\":\"decline\"}}}"}]}
RESULT: {"script":"<script> [1562 bytes]","args":[{"selector":{"controlType":"sap.ui.core.Icon","viewName":"etm.portal.ui.managecatalogs.view.Detail","viewId":"application-managecatalogs-display-component---detailCatalog","properties":{"src":{"regex":{"source":"decline"}}}},"wdio_ui5_key":"etmportal.ui.managecatalogs.view.Detailsap.ui.core.Icon{\"src\":{\"regex\":{\"source\":\"decline\"}}}"}]}
RESULT: undefined
COMMAND: POST /session/948cfef606f1c327c7afa492aa33856c/element - {"using":"xpath","value":"//*[@id=\"__button28-img\"]"}
RESULT: {"using":"xpath","value":"//*[@id=\"__button28-img\"]"}
COMMAND: POST /session/948cfef606f1c327c7afa492aa33856c/element/f.B11FB8328C47749F850BA47268692D59.d.5970B70E29B7D3F2C68AE78274E2528F.e.8131/click - {}
RESULT: {}
COMMAND: GET /session/948cfef606f1c327c7afa492aa33856c/screenshot - {}
RESULT: {}
COMMAND: POST /session/948cfef606f1c327c7afa492aa33856c/execute/async - {"script":"<script> [1562 bytes]","args":[{"selector":{"controlType":"sap.ui.core.Icon","viewName":"etm.portal.ui.managecatalogs.view.MasterItems","viewId":"application-managecatalogs-display-component---masterCatalogItems","properties":{"src":{"regex":{"source":"refresh"}}}},"wdio_ui5_key":"etmportal.ui.managecatalogs.view.MasterItemssap.ui.core.Icon{\"src\":{\"regex\":{\"source\":\"refresh\"}}}"}]}
RESULT: {"script":"<script> [1562 bytes]","args":[{"selector":{"controlType":"sap.ui.core.Icon","viewName":"etm.portal.ui.managecatalogs.view.MasterItems","viewId":"application-managecatalogs-display-component---masterCatalogItems","properties":{"src":{"regex":{"source":"refresh"}}}},"wdio_ui5_key":"etmportal.ui.managecatalogs.view.MasterItemssap.ui.core.Icon{\"src\":{\"regex\":{\"source\":\"refresh\"}}}"}]}
RESULT: undefined
COMMAND: POST /session/948cfef606f1c327c7afa492aa33856c/element - {"using":"xpath","value":"//*[@id=\"__button1-img\"]"}
RESULT: {"using":"xpath","value":"//*[@id=\"__button1-img\"]"}
COMMAND: POST /session/948cfef606f1c327c7afa492aa33856c/element/f.B11FB8328C47749F850BA47268692D59.d.5970B70E29B7D3F2C68AE78274E2528F.e.8139/click - {}
RESULT: {}
COMMAND: GET /session/948cfef606f1c327c7afa492aa33856c/screenshot - {}
RESULT: {}
COMMAND: POST /session/948cfef606f1c327c7afa492aa33856c/execute/async - {"script":"<script> [1562 bytes]","args":[{"selector":{"id":"application-managecatalogs-display-component---masterCatalogItems--searchItemsField","interaction":{"idSuffix":"I"}},"wdio_ui5_key":"applicationmanagecatalogs-display-component---masterCatalogItems--searchItemsField"}]}
RESULT: {"script":"<script> [1562 bytes]","args":[{"selector":{"id":"application-managecatalogs-display-component---masterCatalogItems--searchItemsField","interaction":{"idSuffix":"I"}},"wdio_ui5_key":"applicationmanagecatalogs-display-component---masterCatalogItems--searchItemsField"}]}
RESULT: undefined
COMMAND: POST /session/948cfef606f1c327c7afa492aa33856c/execute/async - {"script":"<script> [776 bytes]","args":[{"enterText":"catalogItemNamex5b8d","selector":{"id":"application-managecatalogs-display-component---masterCatalogItems--searchItemsField","interaction":{"idSuffix":"I"}},"clearTextFirst":true,"interactionType":"ENTER_TEXT"}]}
RESULT: {"script":"<script> [776 bytes]","args":[{"enterText":"catalogItemNamex5b8d","selector":{"id":"application-managecatalogs-display-component---masterCatalogItems--searchItemsField","interaction":{"idSuffix":"I"}},"clearTextFirst":true,"interactionType":"ENTER_TEXT"}]}
COMMAND: POST /session/948cfef606f1c327c7afa492aa33856c/actions - {"actions":[{"id":"action50","type":"key","parameters":{},"actions":[{"type":"keyDown","value":""},{"type":"pause","duration":10},{"type":"keyUp","value":""}]}]}
RESULT: {"actions":[{"id":"action50","type":"key","parameters":{},"actions":[{"type":"keyDown","value":""},{"type":"pause","duration":10},{"type":"keyUp","value":""}]}]}
COMMAND: POST /session/948cfef606f1c327c7afa492aa33856c/element - {"using":"xpath","value":"(//span[contains(text(), \"catalogItemNamex5b8d\")])[1]"}
COMMAND: GET /session/948cfef606f1c327c7afa492aa33856c/screenshot - {}
RESULT: {"using":"xpath","value":"(//span[contains(text(), \"catalogItemNamex5b8d\")])[1]"}
COMMAND: POST /session/948cfef606f1c327c7afa492aa33856c/element/f.B11FB8328C47749F850BA47268692D59.d.5970B70E29B7D3F2C68AE78274E2528F.e.8177/click - {}
RESULT: {}
RESULT: {}
COMMAND: GET /session/948cfef606f1c327c7afa492aa33856c/screenshot - {}
RESULT: {}
COMMAND: POST /session/948cfef606f1c327c7afa492aa33856c/element - {"using":"xpath","value":"//span[contains(text(), \"catalogItemq0d9li\")]"}
RESULT: {"using":"xpath","value":"//span[contains(text(), \"catalogItemq0d9li\")]"}
COMMAND: GET /session/948cfef606f1c327c7afa492aa33856c/element/f.B11FB8328C47749F850BA47268692D59.d.5970B70E29B7D3F2C68AE78274E2528F.e.8239/text - {}
RESULT: {}
]]></system-out>
    </testcase>
    <testcase classname="chrome.136_0_7103_93.windows.Manage_requests_-_requests_specifications_US141095" name="Should add the classification to the catalog item" time="36.646">
      <system-out><![CDATA[
RESULT: undefined
COMMAND: POST /session/948cfef606f1c327c7afa492aa33856c/element - {"using":"xpath","value":"//*[@id=\"__button25\"]"}
RESULT: {"using":"xpath","value":"//*[@id=\"__button25\"]"}
COMMAND: POST /session/948cfef606f1c327c7afa492aa33856c/element/f.B11FB8328C47749F850BA47268692D59.d.5970B70E29B7D3F2C68AE78274E2528F.e.8240/click - {}
RESULT: {}
COMMAND: GET /session/948cfef606f1c327c7afa492aa33856c/screenshot - {}
RESULT: {}
COMMAND: POST /session/948cfef606f1c327c7afa492aa33856c/execute/async - {"script":"<script> [1562 bytes]","args":[{"selector":{"id":"application-managecatalogs-display-component---detailCatalog--BASE_UNIT_OF_MEASURE-arrow"},"wdio_ui5_key":"applicationmanagecatalogs-display-component---detailCatalog--BASE_UNIT_OF_MEASURE-arrow"}]}
RESULT: {"script":"<script> [1562 bytes]","args":[{"selector":{"id":"application-managecatalogs-display-component---detailCatalog--BASE_UNIT_OF_MEASURE-arrow"},"wdio_ui5_key":"applicationmanagecatalogs-display-component---detailCatalog--BASE_UNIT_OF_MEASURE-arrow"}]}
RESULT: undefined
COMMAND: POST /session/948cfef606f1c327c7afa492aa33856c/element - {"using":"xpath","value":"//*[@id=\"application-managecatalogs-display-component---detailCatalog--BASE_UNIT_OF_MEASURE-arrow\"]"}
RESULT: {"using":"xpath","value":"//*[@id=\"application-managecatalogs-display-component---detailCatalog--BASE_UNIT_OF_MEASURE-arrow\"]"}
COMMAND: POST /session/948cfef606f1c327c7afa492aa33856c/element/f.B11FB8328C47749F850BA47268692D59.d.5970B70E29B7D3F2C68AE78274E2528F.e.8267/click - {}
RESULT: {}
COMMAND: POST /session/948cfef606f1c327c7afa492aa33856c/execute/async - {"script":"<script> [1562 bytes]","args":[{"selector":{"controlType":"sap.m.StandardListItem","viewName":"etm.portal.ui.managecatalogs.view.Detail","viewId":"application-managecatalogs-display-component---detailCatalog","properties":{"title":"Piece"},"searchOpenDialogs":true,"interaction":{"idSuffix":"titleText"}},"wdio_ui5_key":"etmportal.ui.managecatalogs.view.Detailsap.m.StandardListItem{\"title\":\"Piece\"}"}]}
COMMAND: GET /session/948cfef606f1c327c7afa492aa33856c/screenshot - {}
RESULT: {"script":"<script> [1562 bytes]","args":[{"selector":{"controlType":"sap.m.StandardListItem","viewName":"etm.portal.ui.managecatalogs.view.Detail","viewId":"application-managecatalogs-display-component---detailCatalog","properties":{"title":"Piece"},"searchOpenDialogs":true,"interaction":{"idSuffix":"titleText"}},"wdio_ui5_key":"etmportal.ui.managecatalogs.view.Detailsap.m.StandardListItem{\"title\":\"Piece\"}"}]}
RESULT: undefined
COMMAND: POST /session/948cfef606f1c327c7afa492aa33856c/element - {"using":"xpath","value":"//*[@id=\"__item235\"]"}
RESULT: {}
RESULT: {"using":"xpath","value":"//*[@id=\"__item235\"]"}
COMMAND: POST /session/948cfef606f1c327c7afa492aa33856c/element/f.B11FB8328C47749F850BA47268692D59.d.5970B70E29B7D3F2C68AE78274E2528F.e.8269/click - {}
RESULT: {}
COMMAND: POST /session/948cfef606f1c327c7afa492aa33856c/element - {"using":"xpath","value":"//button[contains(@data-kt ,\"ClassificationAddClassButton\")]"}
COMMAND: GET /session/948cfef606f1c327c7afa492aa33856c/screenshot - {}
RESULT: {"using":"xpath","value":"//button[contains(@data-kt ,\"ClassificationAddClassButton\")]"}
COMMAND: POST /session/948cfef606f1c327c7afa492aa33856c/element/f.B11FB8328C47749F850BA47268692D59.d.5970B70E29B7D3F2C68AE78274E2528F.e.8270/click - {}
RESULT: {}
RESULT: {}
COMMAND: GET /session/948cfef606f1c327c7afa492aa33856c/screenshot - {}
RESULT: {}
COMMAND: POST /session/948cfef606f1c327c7afa492aa33856c/element - {"using":"xpath","value":"//input[contains(@id ,\"searchField-I\")]"}
RESULT: {"using":"xpath","value":"//input[contains(@id ,\"searchField-I\")]"}
COMMAND: POST /session/948cfef606f1c327c7afa492aa33856c/element/f.B11FB8328C47749F850BA47268692D59.d.5970B70E29B7D3F2C68AE78274E2528F.e.8273/value - {"text":"WebdriverItemClassjxft8"}
RESULT: {"text":"WebdriverItemClassjxft8"}
COMMAND: POST /session/948cfef606f1c327c7afa492aa33856c/actions - {"actions":[{"id":"action51","type":"key","parameters":{},"actions":[{"type":"keyDown","value":""},{"type":"pause","duration":10},{"type":"keyUp","value":""}]}]}
COMMAND: GET /session/948cfef606f1c327c7afa492aa33856c/screenshot - {}
RESULT: {"actions":[{"id":"action51","type":"key","parameters":{},"actions":[{"type":"keyDown","value":""},{"type":"pause","duration":10},{"type":"keyUp","value":""}]}]}
COMMAND: GET /session/948cfef606f1c327c7afa492aa33856c/screenshot - {}
RESULT: {}
RESULT: {}
COMMAND: POST /session/948cfef606f1c327c7afa492aa33856c/element - {"using":"xpath","value":"//span[contains(text(), \"WebdriverItemClassjxft8\")]"}
RESULT: {"using":"xpath","value":"//span[contains(text(), \"WebdriverItemClassjxft8\")]"}
COMMAND: POST /session/948cfef606f1c327c7afa492aa33856c/element/f.B11FB8328C47749F850BA47268692D59.d.5970B70E29B7D3F2C68AE78274E2528F.e.8288/click - {}
RESULT: {}
COMMAND: GET /session/948cfef606f1c327c7afa492aa33856c/screenshot - {}
RESULT: {}
COMMAND: POST /session/948cfef606f1c327c7afa492aa33856c/execute/async - {"script":"<script> [1562 bytes]","args":[{"selector":{"controlType":"sap.m.Button","viewName":"etm.portal.ui.managecatalogs.view.Detail","viewId":"application-managecatalogs-display-component---detailCatalog","properties":{"text":"Classification"},"interaction":{"idSuffix":"BDI-content"}},"wdio_ui5_key":"etmportal.ui.managecatalogs.view.Detailsap.m.Button{\"text\":\"Classification\"}"}]}
RESULT: {"script":"<script> [1562 bytes]","args":[{"selector":{"controlType":"sap.m.Button","viewName":"etm.portal.ui.managecatalogs.view.Detail","viewId":"application-managecatalogs-display-component---detailCatalog","properties":{"text":"Classification"},"interaction":{"idSuffix":"BDI-content"}},"wdio_ui5_key":"etmportal.ui.managecatalogs.view.Detailsap.m.Button{\"text\":\"Classification\"}"}]}
RESULT: undefined
COMMAND: POST /session/948cfef606f1c327c7afa492aa33856c/element - {"using":"xpath","value":"//*[@id=\"application-managecatalogs-display-component---detailCatalog--ObjectPageLayout-anchBar-__section3-anchor\"]"}
RESULT: {"using":"xpath","value":"//*[@id=\"application-managecatalogs-display-component---detailCatalog--ObjectPageLayout-anchBar-__section3-anchor\"]"}
COMMAND: POST /session/948cfef606f1c327c7afa492aa33856c/element/f.B11FB8328C47749F850BA47268692D59.d.5970B70E29B7D3F2C68AE78274E2528F.e.8293/click - {}
RESULT: {}
COMMAND: POST /session/948cfef606f1c327c7afa492aa33856c/execute/async - {"script":"<script> [1562 bytes]","args":[{"selector":{"controlType":"sap.ui.core.Icon","viewName":"etm.portal.ui.managecatalogs.view.Detail","viewId":"application-managecatalogs-display-component---detailCatalog","properties":{"src":{"regex":{"source":"slim\\-arrow\\-right"}}},"ancestor":{"controlType":"sap.m.Panel","viewName":"etm.portal.ui.managecatalogs.view.Detail","viewId":"application-managecatalogs-display-component---detailCatalog"}},"wdio_ui5_key":"etmportal.ui.managecatalogs.view.Detailsap.ui.core.Icon{\"src\":{\"regex\":{\"source\":\"slim\\\\-arrow\\\\-right\"}}}{\"controlType\":\"sap.m.Panel\",\"viewName\":\"etm.portal.ui.managecatalogs.view.Detail\",\"viewId\":\"application-managecatalogs-display-component---detailCatalog\"}"}]}
COMMAND: GET /session/948cfef606f1c327c7afa492aa33856c/screenshot - {}
RESULT: {"script":"<script> [1562 bytes]","args":[{"selector":{"controlType":"sap.ui.core.Icon","viewName":"etm.portal.ui.managecatalogs.view.Detail","viewId":"application-managecatalogs-display-component---detailCatalog","properties":{"src":{"regex":{"source":"slim\\-arrow\\-right"}}},"ancestor":{"controlType":"sap.m.Panel","viewName":"etm.portal.ui.managecatalogs.view.Detail","viewId":"application-managecatalogs-display-component---detailCatalog"}},"wdio_ui5_key":"etmportal.ui.managecatalogs.view.Detailsap.ui.core.Icon{\"src\":{\"regex\":{\"source\":\"slim\\\\-arrow\\\\-right\"}}}{\"controlType\":\"sap.m.Panel\",\"viewName\":\"etm.portal.ui.managecatalogs.view.Detail\",\"viewId\":\"application-managecatalogs-display-component---detailCatalog\"}"}]}
RESULT: undefined
COMMAND: POST /session/948cfef606f1c327c7afa492aa33856c/element - {"using":"xpath","value":"//*[@id=\"__panel0-__layout17-0-expandButton-img\"]"}
RESULT: {}
RESULT: {"using":"xpath","value":"//*[@id=\"__panel0-__layout17-0-expandButton-img\"]"}
COMMAND: POST /session/948cfef606f1c327c7afa492aa33856c/element/f.B11FB8328C47749F850BA47268692D59.d.5970B70E29B7D3F2C68AE78274E2528F.e.8299/click - {}
RESULT: {}
COMMAND: POST /session/948cfef606f1c327c7afa492aa33856c/execute/async - {"script":"<script> [1562 bytes]","args":[{"selector":{"controlType":"sap.ui.core.Icon","viewName":"etm.portal.ui.managecatalogs.view.Detail","viewId":"application-managecatalogs-display-component---detailCatalog","properties":{"src":{"regex":{"source":"slim\\-arrow\\-down"}}},"ancestor":{"controlType":"sap.m.ColumnListItem","viewName":"etm.portal.ui.managecatalogs.view.Detail","viewId":"application-managecatalogs-display-component---detailCatalog","bindingPath":{"modelName":"classModel","path":"/data/0/PROPERTIES/0"},"ancestor":{"controlType":"sap.m.Table","viewName":"etm.portal.ui.managecatalogs.view.Detail","viewId":"application-managecatalogs-display-component---detailCatalog","bindingPath":{"path":"/data/0","propertyPath":"PROPERTIES","modelName":"classModel"}}}},"wdio_ui5_key":"etmportal.ui.managecatalogs.view.Detailsap.ui.core.Icon{\"src\":{\"regex\":{\"source\":\"slim\\\\-arrow\\\\-down\"}}}{\"controlType\":\"sap.m.ColumnListItem\",\"viewName\":\"etm.portal.ui.managecatalogs.view.Detail\",\"viewId\":\"application-managecatalogs-display-component---detailCatalog\",\"bindingPath\":{\"modelName\":\"classModel\",\"path\":\"/data/0/PROPERTIES/0\"},\"ancestor\":{\"controlType\":\"sap.m.Table\",\"viewName\":\"etm.portal.ui.managecatalogs.view.Detail\",\"viewId\":\"application-managecatalogs-display-component---detailCatalog\",\"bindingPath\":{\"path\":\"/data/0\",\"propertyPath\":\"PROPERTIES\",\"modelName\":\"classModel\"}}}"}]}
COMMAND: GET /session/948cfef606f1c327c7afa492aa33856c/screenshot - {}
RESULT: {"script":"<script> [1562 bytes]","args":[{"selector":{"controlType":"sap.ui.core.Icon","viewName":"etm.portal.ui.managecatalogs.view.Detail","viewId":"application-managecatalogs-display-component---detailCatalog","properties":{"src":{"regex":{"source":"slim\\-arrow\\-down"}}},"ancestor":{"controlType":"sap.m.ColumnListItem","viewName":"etm.portal.ui.managecatalogs.view.Detail","viewId":"application-managecatalogs-display-component---detailCatalog","bindingPath":{"modelName":"classModel","path":"/data/0/PROPERTIES/0"},"ancestor":{"controlType":"sap.m.Table","viewName":"etm.portal.ui.managecatalogs.view.Detail","viewId":"application-managecatalogs-display-component---detailCatalog","bindingPath":{"path":"/data/0","propertyPath":"PROPERTIES","modelName":"classModel"}}}},"wdio_ui5_key":"etmportal.ui.managecatalogs.view.Detailsap.ui.core.Icon{\"src\":{\"regex\":{\"source\":\"slim\\\\-arrow\\\\-down\"}}}{\"controlType\":\"sap.m.ColumnListItem\",\"viewName\":\"etm.portal.ui.managecatalogs.view.Detail\",\"viewId\":\"application-managecatalogs-display-component---detailCatalog\",\"bindingPath\":{\"modelName\":\"classModel\",\"path\":\"/data/0/PROPERTIES/0\"},\"ancestor\":{\"controlType\":\"sap.m.Table\",\"viewName\":\"etm.portal.ui.managecatalogs.view.Detail\",\"viewId\":\"application-managecatalogs-display-component---detailCatalog\",\"bindingPath\":{\"path\":\"/data/0\",\"propertyPath\":\"PROPERTIES\",\"modelName\":\"classModel\"}}}"}]}
RESULT: undefined
COMMAND: POST /session/948cfef606f1c327c7afa492aa33856c/element - {"using":"xpath","value":"//*[@id=\"__box31-arrow\"]"}
RESULT: {}
RESULT: {"using":"xpath","value":"//*[@id=\"__box31-arrow\"]"}
COMMAND: POST /session/948cfef606f1c327c7afa492aa33856c/element/f.B11FB8328C47749F850BA47268692D59.d.5970B70E29B7D3F2C68AE78274E2528F.e.8312/click - {}
RESULT: {}
COMMAND: POST /session/948cfef606f1c327c7afa492aa33856c/execute/async - {"script":"<script> [1562 bytes]","args":[{"selector":{"controlType":"sap.m.StandardListItem","viewName":"etm.portal.ui.managecatalogs.view.Detail","viewId":"application-managecatalogs-display-component---detailCatalog","properties":{"title":"red"},"searchOpenDialogs":true,"interaction":{"idSuffix":"content"}},"wdio_ui5_key":"etmportal.ui.managecatalogs.view.Detailsap.m.StandardListItem{\"title\":\"red\"}"}]}
COMMAND: GET /session/948cfef606f1c327c7afa492aa33856c/screenshot - {}
RESULT: {"script":"<script> [1562 bytes]","args":[{"selector":{"controlType":"sap.m.StandardListItem","viewName":"etm.portal.ui.managecatalogs.view.Detail","viewId":"application-managecatalogs-display-component---detailCatalog","properties":{"title":"red"},"searchOpenDialogs":true,"interaction":{"idSuffix":"content"}},"wdio_ui5_key":"etmportal.ui.managecatalogs.view.Detailsap.m.StandardListItem{\"title\":\"red\"}"}]}
RESULT: undefined
COMMAND: POST /session/948cfef606f1c327c7afa492aa33856c/element - {"using":"xpath","value":"//*[@id=\"__item243\"]"}
RESULT: {}
RESULT: {"using":"xpath","value":"//*[@id=\"__item243\"]"}
COMMAND: POST /session/948cfef606f1c327c7afa492aa33856c/element/f.B11FB8328C47749F850BA47268692D59.d.5970B70E29B7D3F2C68AE78274E2528F.e.8315/click - {}
RESULT: {}
COMMAND: GET /session/948cfef606f1c327c7afa492aa33856c/screenshot - {}
RESULT: {}
COMMAND: POST /session/948cfef606f1c327c7afa492aa33856c/execute/async - {"script":"<script> [1562 bytes]","args":[{"selector":{"controlType":"sap.m.Button","viewName":"etm.portal.ui.managecatalogs.view.Detail","viewId":"application-managecatalogs-display-component---detailCatalog","i18NText":{"propertyName":"text","key":"save"},"interaction":{"idSuffix":"BDI-content"}},"wdio_ui5_key":"etmportal.ui.managecatalogs.view.Detailsap.m.Button{\"propertyName\":\"text\",\"key\":\"save\"}"}]}
RESULT: {"script":"<script> [1562 bytes]","args":[{"selector":{"controlType":"sap.m.Button","viewName":"etm.portal.ui.managecatalogs.view.Detail","viewId":"application-managecatalogs-display-component---detailCatalog","i18NText":{"propertyName":"text","key":"save"},"interaction":{"idSuffix":"BDI-content"}},"wdio_ui5_key":"etmportal.ui.managecatalogs.view.Detailsap.m.Button{\"propertyName\":\"text\",\"key\":\"save\"}"}]}
RESULT: undefined
COMMAND: POST /session/948cfef606f1c327c7afa492aa33856c/element - {"using":"xpath","value":"//*[@id=\"__button43\"]"}
RESULT: {"using":"xpath","value":"//*[@id=\"__button43\"]"}
COMMAND: POST /session/948cfef606f1c327c7afa492aa33856c/element/f.B11FB8328C47749F850BA47268692D59.d.5970B70E29B7D3F2C68AE78274E2528F.e.8242/click - {}
RESULT: {}
COMMAND: GET /session/948cfef606f1c327c7afa492aa33856c/screenshot - {}
RESULT: {}
COMMAND: POST /session/948cfef606f1c327c7afa492aa33856c/element - {"using":"css selector","value":"#shell-header-logo"}
RESULT: {"using":"css selector","value":"#shell-header-logo"}
COMMAND: POST /session/948cfef606f1c327c7afa492aa33856c/element/f.B11FB8328C47749F850BA47268692D59.d.5970B70E29B7D3F2C68AE78274E2528F.e.8074/click - {}
RESULT: {}
COMMAND: GET /session/948cfef606f1c327c7afa492aa33856c/screenshot - {}
RESULT: {}
]]></system-out>
    </testcase>
    <testcase classname="chrome.136_0_7103_93.windows.Manage_requests_-_requests_specifications_US141095" name="Should create a new request and add the catalog item with the specifications" time="146.598">
      <system-out><![CDATA[
COMMAND: POST /session/948cfef606f1c327c7afa492aa33856c/execute/async - {"script":"<script> [1562 bytes]","args":[{"selector":{"controlType":"sap.m.GenericTile","properties":{"header":"Manage Requests"}},"wdio_ui5_key":"sapm.GenericTile{\"header\":\"Manage Requests\"}"}]}
RESULT: {"script":"<script> [1562 bytes]","args":[{"selector":{"controlType":"sap.m.GenericTile","properties":{"header":"Manage Requests"}},"wdio_ui5_key":"sapm.GenericTile{\"header\":\"Manage Requests\"}"}]}
RESULT: undefined
COMMAND: POST /session/948cfef606f1c327c7afa492aa33856c/element - {"using":"xpath","value":"//*[@id=\"__tile47\"]"}
RESULT: {"using":"xpath","value":"//*[@id=\"__tile47\"]"}
COMMAND: POST /session/948cfef606f1c327c7afa492aa33856c/element/f.B11FB8328C47749F850BA47268692D59.d.5970B70E29B7D3F2C68AE78274E2528F.e.8342/click - {}
RESULT: {}
COMMAND: GET /session/948cfef606f1c327c7afa492aa33856c/screenshot - {}
RESULT: {}
COMMAND: POST /session/948cfef606f1c327c7afa492aa33856c/elements - {"using":"xpath","value":"//span[text()='Error']"}
RESULT: {"using":"xpath","value":"//span[text()='Error']"}
COMMAND: POST /session/948cfef606f1c327c7afa492aa33856c/element - {"using":"xpath","value":"//button[contains(@data-kt ,\"btnCreateNewOverflowToolbarButton\")]"}
COMMAND: POST /session/948cfef606f1c327c7afa492aa33856c/element - {"using":"xpath","value":"(//span[contains(@class ,\"sapMObjStatusText\")])[1]"}
RESULT: {"using":"xpath","value":"//button[contains(@data-kt ,\"btnCreateNewOverflowToolbarButton\")]"}
COMMAND: POST /session/948cfef606f1c327c7afa492aa33856c/element/f.B11FB8328C47749F850BA47268692D59.d.5970B70E29B7D3F2C68AE78274E2528F.e.8398/click - {}
RESULT: {"using":"xpath","value":"(//span[contains(@class ,\"sapMObjStatusText\")])[1]"}
COMMAND: POST /session/948cfef606f1c327c7afa492aa33856c/execute/sync - {"script":"<script> [8489 bytes]","args":[{"element-6066-11e4-a52e-4f735466cecf":"f.B11FB8328C47749F850BA47268692D59.d.5970B70E29B7D3F2C68AE78274E2528F.e.8435","ELEMENT":"f.B11FB8328C47749F850BA47268692D59.d.5970B70E29B7D3F2C68AE78274E2528F.e.8435"}]}
RESULT: {}
COMMAND: GET /session/948cfef606f1c327c7afa492aa33856c/screenshot - {}
RESULT: {"script":"<script> [8489 bytes]","args":[{"element-6066-11e4-a52e-4f735466cecf":"f.B11FB8328C47749F850BA47268692D59.d.5970B70E29B7D3F2C68AE78274E2528F.e.8435","ELEMENT":"f.B11FB8328C47749F850BA47268692D59.d.5970B70E29B7D3F2C68AE78274E2528F.e.8435"}]}
COMMAND: GET /session/948cfef606f1c327c7afa492aa33856c/screenshot - {}
RESULT: {}
RESULT: {}
COMMAND: POST /session/948cfef606f1c327c7afa492aa33856c/element - {"using":"xpath","value":"//input[contains(@id ,\"yardId-inner\")]"}
RESULT: {"using":"xpath","value":"//input[contains(@id ,\"yardId-inner\")]"}
COMMAND: POST /session/948cfef606f1c327c7afa492aa33856c/execute/sync - {"script":"<script> [8489 bytes]","args":[{"element-6066-11e4-a52e-4f735466cecf":"f.B11FB8328C47749F850BA47268692D59.d.5970B70E29B7D3F2C68AE78274E2528F.e.8519","ELEMENT":"f.B11FB8328C47749F850BA47268692D59.d.5970B70E29B7D3F2C68AE78274E2528F.e.8519"}]}
RESULT: {"script":"<script> [8489 bytes]","args":[{"element-6066-11e4-a52e-4f735466cecf":"f.B11FB8328C47749F850BA47268692D59.d.5970B70E29B7D3F2C68AE78274E2528F.e.8519","ELEMENT":"f.B11FB8328C47749F850BA47268692D59.d.5970B70E29B7D3F2C68AE78274E2528F.e.8519"}]}
COMMAND: POST /session/948cfef606f1c327c7afa492aa33856c/element - {"using":"xpath","value":"//input[contains(@id ,\"yardId-inner\")]"}
COMMAND: GET /session/948cfef606f1c327c7afa492aa33856c/screenshot - {}
RESULT: {"using":"xpath","value":"//input[contains(@id ,\"yardId-inner\")]"}
COMMAND: GET /session/948cfef606f1c327c7afa492aa33856c/element/f.B11FB8328C47749F850BA47268692D59.d.5970B70E29B7D3F2C68AE78274E2528F.e.8519/enabled - {}
RESULT: {}
RESULT: {}
COMMAND: POST /session/948cfef606f1c327c7afa492aa33856c/element/f.B11FB8328C47749F850BA47268692D59.d.5970B70E29B7D3F2C68AE78274E2528F.e.8519/clear - {}
COMMAND: GET /session/948cfef606f1c327c7afa492aa33856c/screenshot - {}
RESULT: {}
COMMAND: POST /session/948cfef606f1c327c7afa492aa33856c/element/f.B11FB8328C47749F850BA47268692D59.d.5970B70E29B7D3F2C68AE78274E2528F.e.8519/value - {"text":"WebdriverYardmmv3l"}
COMMAND: GET /session/948cfef606f1c327c7afa492aa33856c/screenshot - {}
RESULT: {}
RESULT: {"text":"WebdriverYardmmv3l"}
COMMAND: GET /session/948cfef606f1c327c7afa492aa33856c/screenshot - {}
RESULT: {}
RESULT: {}
COMMAND: POST /session/948cfef606f1c327c7afa492aa33856c/element - {"using":"xpath","value":"//input[contains(@id ,\"customerNumber-inner\")]"}
RESULT: {"using":"xpath","value":"//input[contains(@id ,\"customerNumber-inner\")]"}
COMMAND: POST /session/948cfef606f1c327c7afa492aa33856c/element/f.B11FB8328C47749F850BA47268692D59.d.5970B70E29B7D3F2C68AE78274E2528F.e.8515/value - {"text":"WebdriverPartnerk1p2x"}
COMMAND: POST /session/948cfef606f1c327c7afa492aa33856c/actions - {"actions":[{"id":"action52","type":"key","parameters":{},"actions":[{"type":"keyDown","value":""},{"type":"pause","duration":10},{"type":"keyUp","value":""}]}]}
RESULT: {"actions":[{"id":"action52","type":"key","parameters":{},"actions":[{"type":"keyDown","value":""},{"type":"pause","duration":10},{"type":"keyUp","value":""}]}]}
COMMAND: GET /session/948cfef606f1c327c7afa492aa33856c/screenshot - {}
RESULT: {"text":"WebdriverPartnerk1p2x"}
COMMAND: GET /session/948cfef606f1c327c7afa492aa33856c/screenshot - {}
RESULT: {}
RESULT: {}
COMMAND: POST /session/948cfef606f1c327c7afa492aa33856c/actions - {"actions":[{"id":"action53","type":"key","parameters":{},"actions":[{"type":"keyDown","value":""},{"type":"pause","duration":10},{"type":"keyUp","value":""}]}]}
RESULT: {"actions":[{"id":"action53","type":"key","parameters":{},"actions":[{"type":"keyDown","value":""},{"type":"pause","duration":10},{"type":"keyUp","value":""}]}]}
COMMAND: GET /session/948cfef606f1c327c7afa492aa33856c/screenshot - {}
RESULT: {}
COMMAND: POST /session/948cfef606f1c327c7afa492aa33856c/element - {"using":"xpath","value":"//input[contains(@id ,\"requestSiteId-inner\")]"}
RESULT: {"using":"xpath","value":"//input[contains(@id ,\"requestSiteId-inner\")]"}
COMMAND: POST /session/948cfef606f1c327c7afa492aa33856c/element/f.B11FB8328C47749F850BA47268692D59.d.5970B70E29B7D3F2C68AE78274E2528F.e.8514/value - {"text":"WebdriverSite6o4be"}
RESULT: {"text":"WebdriverSite6o4be"}
COMMAND: GET /session/948cfef606f1c327c7afa492aa33856c/screenshot - {}
RESULT: {}
COMMAND: POST /session/948cfef606f1c327c7afa492aa33856c/actions - {"actions":[{"id":"action54","type":"key","parameters":{},"actions":[{"type":"keyDown","value":""},{"type":"pause","duration":10},{"type":"keyUp","value":""}]}]}
RESULT: {"actions":[{"id":"action54","type":"key","parameters":{},"actions":[{"type":"keyDown","value":""},{"type":"pause","duration":10},{"type":"keyUp","value":""}]}]}
COMMAND: POST /session/948cfef606f1c327c7afa492aa33856c/execute/async - {"script":"<script> [1562 bytes]","args":[{"selector":{"controlType":"sap.ui.core.Icon","viewName":"etm.portal.ui.managerequests.view.NewRequest","properties":{"src":{"regex":{"source":"add"}}}},"wdio_ui5_key":"etmportal.ui.managerequests.view.NewRequestsap.ui.core.Icon{\"src\":{\"regex\":{\"source\":\"add\"}}}"}]}
COMMAND: GET /session/948cfef606f1c327c7afa492aa33856c/screenshot - {}
RESULT: {"script":"<script> [1562 bytes]","args":[{"selector":{"controlType":"sap.ui.core.Icon","viewName":"etm.portal.ui.managerequests.view.NewRequest","properties":{"src":{"regex":{"source":"add"}}}},"wdio_ui5_key":"etmportal.ui.managerequests.view.NewRequestsap.ui.core.Icon{\"src\":{\"regex\":{\"source\":\"add\"}}}"}]}
RESULT: undefined
COMMAND: POST /session/948cfef606f1c327c7afa492aa33856c/element - {"using":"xpath","value":"//*[@id=\"__xmlview59--btnAddTableRow-img\"]"}
RESULT: {}
RESULT: {"using":"xpath","value":"//*[@id=\"__xmlview59--btnAddTableRow-img\"]"}
COMMAND: POST /session/948cfef606f1c327c7afa492aa33856c/element/f.B11FB8328C47749F850BA47268692D59.d.5970B70E29B7D3F2C68AE78274E2528F.e.8710/click - {}
RESULT: {}
COMMAND: GET /session/948cfef606f1c327c7afa492aa33856c/screenshot - {}
RESULT: {}
COMMAND: POST /session/948cfef606f1c327c7afa492aa33856c/actions - {"actions":[{"id":"action55","type":"key","parameters":{},"actions":[{"type":"keyDown","value":""},{"type":"pause","duration":10},{"type":"keyUp","value":""}]}]}
RESULT: {"actions":[{"id":"action55","type":"key","parameters":{},"actions":[{"type":"keyDown","value":""},{"type":"pause","duration":10},{"type":"keyUp","value":""}]}]}
COMMAND: POST /session/948cfef606f1c327c7afa492aa33856c/actions - {"actions":[{"id":"action56","type":"key","parameters":{},"actions":[{"type":"keyDown","value":""},{"type":"pause","duration":10},{"type":"keyUp","value":""}]}]}
COMMAND: GET /session/948cfef606f1c327c7afa492aa33856c/screenshot - {}
RESULT: {"actions":[{"id":"action56","type":"key","parameters":{},"actions":[{"type":"keyDown","value":""},{"type":"pause","duration":10},{"type":"keyUp","value":""}]}]}
COMMAND: POST /session/948cfef606f1c327c7afa492aa33856c/element - {"using":"xpath","value":"(//input[contains(@id ,\"requestItemsTable-0-inner\")])[1]"}
COMMAND: GET /session/948cfef606f1c327c7afa492aa33856c/screenshot - {}
RESULT: {}
RESULT: {"using":"xpath","value":"(//input[contains(@id ,\"requestItemsTable-0-inner\")])[1]"}
COMMAND: POST /session/948cfef606f1c327c7afa492aa33856c/element/f.B11FB8328C47749F850BA47268692D59.d.5970B70E29B7D3F2C68AE78274E2528F.e.8715/clear - {}
RESULT: {}
RESULT: {}
COMMAND: POST /session/948cfef606f1c327c7afa492aa33856c/element/f.B11FB8328C47749F850BA47268692D59.d.5970B70E29B7D3F2C68AE78274E2528F.e.8715/value - {"text":"catalogItemNamex5b8d"}
COMMAND: GET /session/948cfef606f1c327c7afa492aa33856c/screenshot - {}
RESULT: {"text":"catalogItemNamex5b8d"}
COMMAND: GET /session/948cfef606f1c327c7afa492aa33856c/screenshot - {}
RESULT: {}
RESULT: {}
COMMAND: POST /session/948cfef606f1c327c7afa492aa33856c/actions - {"actions":[{"id":"action57","type":"key","parameters":{},"actions":[{"type":"keyDown","value":""},{"type":"pause","duration":10},{"type":"keyUp","value":""}]}]}
RESULT: {"actions":[{"id":"action57","type":"key","parameters":{},"actions":[{"type":"keyDown","value":""},{"type":"pause","duration":10},{"type":"keyUp","value":""}]}]}
COMMAND: GET /session/948cfef606f1c327c7afa492aa33856c/screenshot - {}
RESULT: {}
COMMAND: POST /session/948cfef606f1c327c7afa492aa33856c/execute/async - {"script":"<script> [1562 bytes]","args":[{"selector":{"controlType":"sap.m.Button","viewName":"etm.portal.ui.managerequests.view.NewRequest","i18NText":{"propertyName":"text","key":"requestSpecifications"},"interaction":{"idSuffix":"BDI-content"}},"wdio_ui5_key":"etmportal.ui.managerequests.view.NewRequestsap.m.Button{\"propertyName\":\"text\",\"key\":\"requestSpecifications\"}"}]}
RESULT: {"script":"<script> [1562 bytes]","args":[{"selector":{"controlType":"sap.m.Button","viewName":"etm.portal.ui.managerequests.view.NewRequest","i18NText":{"propertyName":"text","key":"requestSpecifications"},"interaction":{"idSuffix":"BDI-content"}},"wdio_ui5_key":"etmportal.ui.managerequests.view.NewRequestsap.m.Button{\"propertyName\":\"text\",\"key\":\"requestSpecifications\"}"}]}
RESULT: undefined
COMMAND: POST /session/948cfef606f1c327c7afa492aa33856c/element - {"using":"xpath","value":"//*[@id=\"__button76-__xmlview59--requestItemsTable-0\"]"}
RESULT: {"using":"xpath","value":"//*[@id=\"__button76-__xmlview59--requestItemsTable-0\"]"}
COMMAND: POST /session/948cfef606f1c327c7afa492aa33856c/element/f.B11FB8328C47749F850BA47268692D59.d.5970B70E29B7D3F2C68AE78274E2528F.e.8729/click - {}
RESULT: {}
COMMAND: GET /session/948cfef606f1c327c7afa492aa33856c/screenshot - {}
RESULT: {}
COMMAND: POST /session/948cfef606f1c327c7afa492aa33856c/element - {"using":"xpath","value":"//input[@value=\"red\"]"}
RESULT: {"using":"xpath","value":"//input[@value=\"red\"]"}
COMMAND: POST /session/948cfef606f1c327c7afa492aa33856c/elements - {"using":"xpath","value":"//input[@value=\"red\"]"}
RESULT: {"using":"xpath","value":"//input[@value=\"red\"]"}
COMMAND: POST /session/948cfef606f1c327c7afa492aa33856c/execute/async - {"script":"<script> [1562 bytes]","args":[{"selector":{"controlType":"sap.m.Text","viewName":"etm.portal.ui.managerequests.view.NewRequest","bindingPath":{"path":"/currentEntries/0/PROPERTIES/0","propertyPath":"DESCRIPTION","modelName":"techSpecsClassificationModel"},"searchOpenDialogs":true},"wdio_ui5_key":"etmportal.ui.managerequests.view.NewRequestsap.m.Text{\"path\":\"/currentEntries/0/PROPERTIES/0\",\"propertyPath\":\"DESCRIPTION\",\"modelName\":\"techSpecsClassificationModel\"}"}]}
RESULT: {"script":"<script> [1562 bytes]","args":[{"selector":{"controlType":"sap.m.Text","viewName":"etm.portal.ui.managerequests.view.NewRequest","bindingPath":{"path":"/currentEntries/0/PROPERTIES/0","propertyPath":"DESCRIPTION","modelName":"techSpecsClassificationModel"},"searchOpenDialogs":true},"wdio_ui5_key":"etmportal.ui.managerequests.view.NewRequestsap.m.Text{\"path\":\"/currentEntries/0/PROPERTIES/0\",\"propertyPath\":\"DESCRIPTION\",\"modelName\":\"techSpecsClassificationModel\"}"}]}
RESULT: undefined
COMMAND: POST /session/948cfef606f1c327c7afa492aa33856c/execute/async - {"script":"<script> [6424 bytes]","args":[{"element-6066-11e4-a52e-4f735466cecf":"f.B11FB8328C47749F850BA47268692D59.d.5970B70E29B7D3F2C68AE78274E2528F.e.8737"},"getText",[]]}
RESULT: {"script":"<script> [6424 bytes]","args":[{"element-6066-11e4-a52e-4f735466cecf":"f.B11FB8328C47749F850BA47268692D59.d.5970B70E29B7D3F2C68AE78274E2528F.e.8737"},"getText",[]]}
COMMAND: POST /session/948cfef606f1c327c7afa492aa33856c/execute/async - {"script":"<script> [1562 bytes]","args":[{"selector":{"controlType":"sap.ui.core.Icon","viewName":"etm.portal.ui.managerequests.view.NewRequest","properties":{"src":{"regex":{"source":"slim\\-arrow\\-down"}}},"searchOpenDialogs":true},"wdio_ui5_key":"etmportal.ui.managerequests.view.NewRequestsap.ui.core.Icon{\"src\":{\"regex\":{\"source\":\"slim\\\\-arrow\\\\-down\"}}}"}]}
RESULT: {"script":"<script> [1562 bytes]","args":[{"selector":{"controlType":"sap.ui.core.Icon","viewName":"etm.portal.ui.managerequests.view.NewRequest","properties":{"src":{"regex":{"source":"slim\\-arrow\\-down"}}},"searchOpenDialogs":true},"wdio_ui5_key":"etmportal.ui.managerequests.view.NewRequestsap.ui.core.Icon{\"src\":{\"regex\":{\"source\":\"slim\\\\-arrow\\\\-down\"}}}"}]}
RESULT: undefined
COMMAND: POST /session/948cfef606f1c327c7afa492aa33856c/element - {"using":"xpath","value":"//*[@id=\"__box58-arrow\"]"}
RESULT: {"using":"xpath","value":"//*[@id=\"__box58-arrow\"]"}
COMMAND: POST /session/948cfef606f1c327c7afa492aa33856c/element/f.B11FB8328C47749F850BA47268692D59.d.5970B70E29B7D3F2C68AE78274E2528F.e.8738/click - {}
RESULT: {}
COMMAND: POST /session/948cfef606f1c327c7afa492aa33856c/execute/async - {"script":"<script> [1562 bytes]","args":[{"selector":{"controlType":"sap.m.StandardListItem","viewName":"etm.portal.ui.managerequests.view.NewRequest","properties":{"title":"blue"},"searchOpenDialogs":true,"interaction":{"idSuffix":"content"}},"wdio_ui5_key":"etmportal.ui.managerequests.view.NewRequestsap.m.StandardListItem{\"title\":\"blue\"}"}]}
COMMAND: GET /session/948cfef606f1c327c7afa492aa33856c/screenshot - {}
RESULT: {"script":"<script> [1562 bytes]","args":[{"selector":{"controlType":"sap.m.StandardListItem","viewName":"etm.portal.ui.managerequests.view.NewRequest","properties":{"title":"blue"},"searchOpenDialogs":true,"interaction":{"idSuffix":"content"}},"wdio_ui5_key":"etmportal.ui.managerequests.view.NewRequestsap.m.StandardListItem{\"title\":\"blue\"}"}]}
RESULT: undefined
COMMAND: POST /session/948cfef606f1c327c7afa492aa33856c/element - {"using":"xpath","value":"//*[@id=\"__item1116\"]"}
RESULT: {}
RESULT: {"using":"xpath","value":"//*[@id=\"__item1116\"]"}
COMMAND: POST /session/948cfef606f1c327c7afa492aa33856c/element/f.B11FB8328C47749F850BA47268692D59.d.5970B70E29B7D3F2C68AE78274E2528F.e.8741/click - {}
RESULT: {}
COMMAND: GET /session/948cfef606f1c327c7afa492aa33856c/screenshot - {}
RESULT: {}
COMMAND: POST /session/948cfef606f1c327c7afa492aa33856c/execute/async - {"script":"<script> [1562 bytes]","args":[{"selector":{"id":"saveButton","viewName":"etm.portal.ui.managerequests.view.NewRequest","searchOpenDialogs":true,"interaction":{"idSuffix":"BDI-content"}},"wdio_ui5_key":"saveButtonetmportal.ui.managerequests.view.NewRequest"}]}
RESULT: {"script":"<script> [1562 bytes]","args":[{"selector":{"id":"saveButton","viewName":"etm.portal.ui.managerequests.view.NewRequest","searchOpenDialogs":true,"interaction":{"idSuffix":"BDI-content"}},"wdio_ui5_key":"saveButtonetmportal.ui.managerequests.view.NewRequest"}]}
RESULT: undefined
COMMAND: POST /session/948cfef606f1c327c7afa492aa33856c/element - {"using":"xpath","value":"//*[@id=\"__xmlview59--saveButton\"]"}
RESULT: {"using":"xpath","value":"//*[@id=\"__xmlview59--saveButton\"]"}
COMMAND: POST /session/948cfef606f1c327c7afa492aa33856c/element/f.B11FB8328C47749F850BA47268692D59.d.5970B70E29B7D3F2C68AE78274E2528F.e.8735/click - {}
RESULT: {}
COMMAND: POST /session/948cfef606f1c327c7afa492aa33856c/execute/async - {"script":"<script> [1562 bytes]","args":[{"selector":{"controlType":"sap.ui.core.Icon","viewName":"etm.portal.ui.managerequests.view.NewRequest","properties":{"src":{"regex":{"source":"slim\\-arrow\\-down"}}},"ancestor":{"controlType":"sap.m.Button","viewName":"etm.portal.ui.managerequests.view.NewRequest","properties":{"icon":"sap-icon://slim-arrow-down"}}},"wdio_ui5_key":"etmportal.ui.managerequests.view.NewRequestsap.ui.core.Icon{\"src\":{\"regex\":{\"source\":\"slim\\\\-arrow\\\\-down\"}}}{\"controlType\":\"sap.m.Button\",\"viewName\":\"etm.portal.ui.managerequests.view.NewRequest\",\"properties\":{\"icon\":\"sap-icon://slim-arrow-down\"}}"}]}
COMMAND: GET /session/948cfef606f1c327c7afa492aa33856c/screenshot - {}
RESULT: {"script":"<script> [1562 bytes]","args":[{"selector":{"controlType":"sap.ui.core.Icon","viewName":"etm.portal.ui.managerequests.view.NewRequest","properties":{"src":{"regex":{"source":"slim\\-arrow\\-down"}}},"ancestor":{"controlType":"sap.m.Button","viewName":"etm.portal.ui.managerequests.view.NewRequest","properties":{"icon":"sap-icon://slim-arrow-down"}}},"wdio_ui5_key":"etmportal.ui.managerequests.view.NewRequestsap.ui.core.Icon{\"src\":{\"regex\":{\"source\":\"slim\\\\-arrow\\\\-down\"}}}{\"controlType\":\"sap.m.Button\",\"viewName\":\"etm.portal.ui.managerequests.view.NewRequest\",\"properties\":{\"icon\":\"sap-icon://slim-arrow-down\"}}"}]}
RESULT: undefined
RESULT: {}
COMMAND: POST /session/948cfef606f1c327c7afa492aa33856c/element - {"using":"xpath","value":"//div[contains(@data-kt ,\"splitAllocationObjectStatus\")]"}
RESULT: {"using":"xpath","value":"//div[contains(@data-kt ,\"splitAllocationObjectStatus\")]"}
COMMAND: POST /session/948cfef606f1c327c7afa492aa33856c/elements - {"using":"xpath","value":"//div[contains(@data-kt ,\"splitAllocationObjectStatus\")]"}
RESULT: {"using":"xpath","value":"//div[contains(@data-kt ,\"splitAllocationObjectStatus\")]"}
COMMAND: POST /session/948cfef606f1c327c7afa492aa33856c/execute/async - {"script":"<script> [1562 bytes]","args":[{"selector":{"controlType":"sap.ui.core.Icon","viewName":"etm.portal.ui.managerequests.view.NewRequest","properties":{"src":{"regex":{"source":"message\\-error"}}}},"wdio_ui5_key":"etmportal.ui.managerequests.view.NewRequestsap.ui.core.Icon{\"src\":{\"regex\":{\"source\":\"message\\\\-error\"}}}"}]}
RESULT: {"script":"<script> [1562 bytes]","args":[{"selector":{"controlType":"sap.ui.core.Icon","viewName":"etm.portal.ui.managerequests.view.NewRequest","properties":{"src":{"regex":{"source":"message\\-error"}}}},"wdio_ui5_key":"etmportal.ui.managerequests.view.NewRequestsap.ui.core.Icon{\"src\":{\"regex\":{\"source\":\"message\\\\-error\"}}}"}]}
RESULT: undefined
COMMAND: POST /session/948cfef606f1c327c7afa492aa33856c/element - {"using":"xpath","value":"//*[@id=\"__status4-__xmlview59--requestItemsTable-0-icon\"]"}
RESULT: {"using":"xpath","value":"//*[@id=\"__status4-__xmlview59--requestItemsTable-0-icon\"]"}
COMMAND: POST /session/948cfef606f1c327c7afa492aa33856c/element/f.B11FB8328C47749F850BA47268692D59.d.5970B70E29B7D3F2C68AE78274E2528F.e.8744/click - {}
RESULT: {}
COMMAND: POST /session/948cfef606f1c327c7afa492aa33856c/execute/async - {"script":"<script> [1562 bytes]","args":[{"selector":{"controlType":"sap.ui.core.Icon","viewName":"etm.portal.ui.managerequests.view.NewRequest","properties":{"src":{"regex":{"source":"slim\\-arrow\\-down"}}},"searchOpenDialogs":true,"ancestor":{"id":"costObjectAdminTypeComboBox","viewName":"etm.portal.ui.managerequests.view.NewRequest","searchOpenDialogs":true}},"wdio_ui5_key":"etmportal.ui.managerequests.view.NewRequestsap.ui.core.Icon{\"src\":{\"regex\":{\"source\":\"slim\\\\-arrow\\\\-down\"}}}{\"id\":\"costObjectAdminTypeComboBox\",\"viewName\":\"etm.portal.ui.managerequests.view.NewRequest\",\"searchOpenDialogs\":true}"}]}
COMMAND: GET /session/948cfef606f1c327c7afa492aa33856c/screenshot - {}
RESULT: {"script":"<script> [1562 bytes]","args":[{"selector":{"controlType":"sap.ui.core.Icon","viewName":"etm.portal.ui.managerequests.view.NewRequest","properties":{"src":{"regex":{"source":"slim\\-arrow\\-down"}}},"searchOpenDialogs":true,"ancestor":{"id":"costObjectAdminTypeComboBox","viewName":"etm.portal.ui.managerequests.view.NewRequest","searchOpenDialogs":true}},"wdio_ui5_key":"etmportal.ui.managerequests.view.NewRequestsap.ui.core.Icon{\"src\":{\"regex\":{\"source\":\"slim\\\\-arrow\\\\-down\"}}}{\"id\":\"costObjectAdminTypeComboBox\",\"viewName\":\"etm.portal.ui.managerequests.view.NewRequest\",\"searchOpenDialogs\":true}"}]}
RESULT: undefined
COMMAND: POST /session/948cfef606f1c327c7afa492aa33856c/element - {"using":"xpath","value":"//*[@id=\"__xmlview59--costObjectAdminTypeComboBox-arrow\"]"}
RESULT: {}
RESULT: {"using":"xpath","value":"//*[@id=\"__xmlview59--costObjectAdminTypeComboBox-arrow\"]"}
COMMAND: POST /session/948cfef606f1c327c7afa492aa33856c/element/f.B11FB8328C47749F850BA47268692D59.d.5970B70E29B7D3F2C68AE78274E2528F.e.8748/click - {}
RESULT: {}
COMMAND: POST /session/948cfef606f1c327c7afa492aa33856c/execute/async - {"script":"<script> [1562 bytes]","args":[{"selector":{"controlType":"sap.m.StandardListItem","viewName":"etm.portal.ui.managerequests.view.NewRequest","properties":{"title":"Cost Center"},"searchOpenDialogs":true,"interaction":{"idSuffix":"titleText"}},"wdio_ui5_key":"etmportal.ui.managerequests.view.NewRequestsap.m.StandardListItem{\"title\":\"Cost Center\"}"}]}
COMMAND: GET /session/948cfef606f1c327c7afa492aa33856c/screenshot - {}
RESULT: {"script":"<script> [1562 bytes]","args":[{"selector":{"controlType":"sap.m.StandardListItem","viewName":"etm.portal.ui.managerequests.view.NewRequest","properties":{"title":"Cost Center"},"searchOpenDialogs":true,"interaction":{"idSuffix":"titleText"}},"wdio_ui5_key":"etmportal.ui.managerequests.view.NewRequestsap.m.StandardListItem{\"title\":\"Cost Center\"}"}]}
RESULT: undefined
COMMAND: POST /session/948cfef606f1c327c7afa492aa33856c/element - {"using":"xpath","value":"//*[@id=\"__item1119\"]"}
RESULT: {}
RESULT: {"using":"xpath","value":"//*[@id=\"__item1119\"]"}
COMMAND: POST /session/948cfef606f1c327c7afa492aa33856c/element/f.B11FB8328C47749F850BA47268692D59.d.5970B70E29B7D3F2C68AE78274E2528F.e.8751/click - {}
RESULT: {}
COMMAND: GET /session/948cfef606f1c327c7afa492aa33856c/screenshot - {}
RESULT: {}
COMMAND: POST /session/948cfef606f1c327c7afa492aa33856c/execute/async - {"script":"<script> [1562 bytes]","args":[{"selector":{"controlType":"sap.ui.core.Icon","viewName":"etm.portal.ui.managerequests.view.NewRequest","properties":{"src":{"regex":{"source":"value\\-help"}}},"searchOpenDialogs":true},"wdio_ui5_key":"etmportal.ui.managerequests.view.NewRequestsap.ui.core.Icon{\"src\":{\"regex\":{\"source\":\"value\\\\-help\"}}}"}]}
RESULT: {"script":"<script> [1562 bytes]","args":[{"selector":{"controlType":"sap.ui.core.Icon","viewName":"etm.portal.ui.managerequests.view.NewRequest","properties":{"src":{"regex":{"source":"value\\-help"}}},"searchOpenDialogs":true},"wdio_ui5_key":"etmportal.ui.managerequests.view.NewRequestsap.ui.core.Icon{\"src\":{\"regex\":{\"source\":\"value\\\\-help\"}}}"}]}
RESULT: undefined
COMMAND: POST /session/948cfef606f1c327c7afa492aa33856c/element - {"using":"xpath","value":"//*[@id=\"__xmlview59--costObjectIdComboBox-vhi\"]"}
RESULT: {"using":"xpath","value":"//*[@id=\"__xmlview59--costObjectIdComboBox-vhi\"]"}
COMMAND: POST /session/948cfef606f1c327c7afa492aa33856c/element/f.B11FB8328C47749F850BA47268692D59.d.5970B70E29B7D3F2C68AE78274E2528F.e.8758/click - {}
RESULT: {}
COMMAND: POST /session/948cfef606f1c327c7afa492aa33856c/execute/async - {"script":"<script> [1562 bytes]","args":[{"selector":{"controlType":"sap.m.SearchField","properties":{"placeholder":"Search"},"searchOpenDialogs":true,"interaction":{"idSuffix":"I"}},"wdio_ui5_key":"sapm.SearchField{\"placeholder\":\"Search\"}"}]}
COMMAND: GET /session/948cfef606f1c327c7afa492aa33856c/screenshot - {}
RESULT: {"script":"<script> [1562 bytes]","args":[{"selector":{"controlType":"sap.m.SearchField","properties":{"placeholder":"Search"},"searchOpenDialogs":true,"interaction":{"idSuffix":"I"}},"wdio_ui5_key":"sapm.SearchField{\"placeholder\":\"Search\"}"}]}
RESULT: undefined
COMMAND: POST /session/948cfef606f1c327c7afa492aa33856c/execute/async - {"script":"<script> [776 bytes]","args":[{"enterText":"10001010","selector":{"controlType":"sap.m.SearchField","properties":{"placeholder":"Search"},"searchOpenDialogs":true,"interaction":{"idSuffix":"I"}},"clearTextFirst":true,"interactionType":"ENTER_TEXT"}]}
RESULT: {}
RESULT: {"script":"<script> [776 bytes]","args":[{"enterText":"10001010","selector":{"controlType":"sap.m.SearchField","properties":{"placeholder":"Search"},"searchOpenDialogs":true,"interaction":{"idSuffix":"I"}},"clearTextFirst":true,"interactionType":"ENTER_TEXT"}]}
COMMAND: POST /session/948cfef606f1c327c7afa492aa33856c/actions - {"actions":[{"id":"action58","type":"key","parameters":{},"actions":[{"type":"keyDown","value":""},{"type":"pause","duration":10},{"type":"keyUp","value":""}]}]}
RESULT: {"actions":[{"id":"action58","type":"key","parameters":{},"actions":[{"type":"keyDown","value":""},{"type":"pause","duration":10},{"type":"keyUp","value":""}]}]}
COMMAND: GET /session/948cfef606f1c327c7afa492aa33856c/screenshot - {}
RESULT: {}
COMMAND: POST /session/948cfef606f1c327c7afa492aa33856c/execute/async - {"script":"<script> [1562 bytes]","args":[{"selector":{"controlType":"sap.m.Text","bindingPath":{"path":"/C_CostCtrValueHelp(CostCenter='10001010',ControllingArea='Z001')","propertyPath":"CostCenterName","modelName":"CostCenterModel"},"searchOpenDialogs":true},"wdio_ui5_key":"sapm.Text{\"path\":\"/C_CostCtrValueHelp(CostCenter='10001010',ControllingArea='Z001')\",\"propertyPath\":\"CostCenterName\",\"modelName\":\"CostCenterModel\"}"}]}
RESULT: {"script":"<script> [1562 bytes]","args":[{"selector":{"controlType":"sap.m.Text","bindingPath":{"path":"/C_CostCtrValueHelp(CostCenter='10001010',ControllingArea='Z001')","propertyPath":"CostCenterName","modelName":"CostCenterModel"},"searchOpenDialogs":true},"wdio_ui5_key":"sapm.Text{\"path\":\"/C_CostCtrValueHelp(CostCenter='10001010',ControllingArea='Z001')\",\"propertyPath\":\"CostCenterName\",\"modelName\":\"CostCenterModel\"}"}]}
RESULT: undefined
COMMAND: POST /session/948cfef606f1c327c7afa492aa33856c/element - {"using":"xpath","value":"//*[@id=\"__text544-__clone1333\"]"}
RESULT: {"using":"xpath","value":"//*[@id=\"__text544-__clone1333\"]"}
COMMAND: POST /session/948cfef606f1c327c7afa492aa33856c/element/f.B11FB8328C47749F850BA47268692D59.d.5970B70E29B7D3F2C68AE78274E2528F.e.8797/click - {}
RESULT: {}
COMMAND: POST /session/948cfef606f1c327c7afa492aa33856c/execute/async - {"script":"<script> [1562 bytes]","args":[{"selector":{"controlType":"sap.m.Button","properties":{"text":"OK"},"searchOpenDialogs":true,"interaction":{"idSuffix":"BDI-content"}},"wdio_ui5_key":"sapm.Button{\"text\":\"OK\"}"}]}
COMMAND: GET /session/948cfef606f1c327c7afa492aa33856c/screenshot - {}
RESULT: {"script":"<script> [1562 bytes]","args":[{"selector":{"controlType":"sap.m.Button","properties":{"text":"OK"},"searchOpenDialogs":true,"interaction":{"idSuffix":"BDI-content"}},"wdio_ui5_key":"sapm.Button{\"text\":\"OK\"}"}]}
RESULT: undefined
COMMAND: POST /session/948cfef606f1c327c7afa492aa33856c/element - {"using":"xpath","value":"//*[@id=\"__dialog2-ok\"]"}
RESULT: {}
RESULT: {"using":"xpath","value":"//*[@id=\"__dialog2-ok\"]"}
COMMAND: POST /session/948cfef606f1c327c7afa492aa33856c/element/f.B11FB8328C47749F850BA47268692D59.d.5970B70E29B7D3F2C68AE78274E2528F.e.8799/click - {}
RESULT: {}
COMMAND: GET /session/948cfef606f1c327c7afa492aa33856c/screenshot - {}
RESULT: {}
COMMAND: POST /session/948cfef606f1c327c7afa492aa33856c/execute/async - {"script":"<script> [1562 bytes]","args":[{"selector":{"controlType":"sap.m.Button","viewName":"etm.portal.ui.managerequests.view.NewRequest","i18NText":{"propertyName":"text","key":"save"},"searchOpenDialogs":true,"interaction":{"idSuffix":"BDI-content"}},"wdio_ui5_key":"etmportal.ui.managerequests.view.NewRequestsap.m.Button{\"propertyName\":\"text\",\"key\":\"save\"}"}]}
RESULT: {"script":"<script> [1562 bytes]","args":[{"selector":{"controlType":"sap.m.Button","viewName":"etm.portal.ui.managerequests.view.NewRequest","i18NText":{"propertyName":"text","key":"save"},"searchOpenDialogs":true,"interaction":{"idSuffix":"BDI-content"}},"wdio_ui5_key":"etmportal.ui.managerequests.view.NewRequestsap.m.Button{\"propertyName\":\"text\",\"key\":\"save\"}"}]}
RESULT: undefined
COMMAND: POST /session/948cfef606f1c327c7afa492aa33856c/element - {"using":"xpath","value":"//*[@id=\"__button87\"]"}
RESULT: {"using":"xpath","value":"//*[@id=\"__button87\"]"}
COMMAND: POST /session/948cfef606f1c327c7afa492aa33856c/element/f.B11FB8328C47749F850BA47268692D59.d.5970B70E29B7D3F2C68AE78274E2528F.e.8803/click - {}
RESULT: {}
COMMAND: GET /session/948cfef606f1c327c7afa492aa33856c/screenshot - {}
RESULT: {}
COMMAND: POST /session/948cfef606f1c327c7afa492aa33856c/execute/async - {"script":"<script> [1562 bytes]","args":[{"selector":{"controlType":"sap.m.Button","viewName":"etm.portal.ui.managerequests.view.NewRequest","i18NText":{"propertyName":"tooltip","key":"save"},"interaction":{"idSuffix":"content"}},"wdio_ui5_key":"etmportal.ui.managerequests.view.NewRequestsap.m.Button{\"propertyName\":\"tooltip\",\"key\":\"save\"}"}]}
RESULT: {"script":"<script> [1562 bytes]","args":[{"selector":{"controlType":"sap.m.Button","viewName":"etm.portal.ui.managerequests.view.NewRequest","i18NText":{"propertyName":"tooltip","key":"save"},"interaction":{"idSuffix":"content"}},"wdio_ui5_key":"etmportal.ui.managerequests.view.NewRequestsap.m.Button{\"propertyName\":\"tooltip\",\"key\":\"save\"}"}]}
RESULT: undefined
COMMAND: POST /session/948cfef606f1c327c7afa492aa33856c/element - {"using":"xpath","value":"//*[@id=\"__button78\"]"}
RESULT: {"using":"xpath","value":"//*[@id=\"__button78\"]"}
COMMAND: POST /session/948cfef606f1c327c7afa492aa33856c/element/f.B11FB8328C47749F850BA47268692D59.d.5970B70E29B7D3F2C68AE78274E2528F.e.8604/click - {}
RESULT: {}
COMMAND: GET /session/948cfef606f1c327c7afa492aa33856c/screenshot - {}
RESULT: {}
COMMAND: POST /session/948cfef606f1c327c7afa492aa33856c/execute/async - {"script":"<script> [1562 bytes]","args":[{"selector":{"controlType":"sap.m.Title","properties":{"text":"Success"},"searchOpenDialogs":true},"wdio_ui5_key":"sapm.Title{\"text\":\"Success\"}"}]}
RESULT: {"script":"<script> [1562 bytes]","args":[{"selector":{"controlType":"sap.m.Title","properties":{"text":"Success"},"searchOpenDialogs":true},"wdio_ui5_key":"sapm.Title{\"text\":\"Success\"}"}]}
RESULT: undefined
COMMAND: POST /session/948cfef606f1c327c7afa492aa33856c/execute/async - {"script":"<script> [6424 bytes]","args":[{"element-6066-11e4-a52e-4f735466cecf":"f.B11FB8328C47749F850BA47268692D59.d.5970B70E29B7D3F2C68AE78274E2528F.e.8808"},"getText",[]]}
RESULT: {"script":"<script> [6424 bytes]","args":[{"element-6066-11e4-a52e-4f735466cecf":"f.B11FB8328C47749F850BA47268692D59.d.5970B70E29B7D3F2C68AE78274E2528F.e.8808"},"getText",[]]}
COMMAND: POST /session/948cfef606f1c327c7afa492aa33856c/execute/async - {"script":"<script> [1562 bytes]","args":[{"selector":{"controlType":"sap.m.Button","properties":{"text":"Close"},"searchOpenDialogs":true,"interaction":{"idSuffix":"BDI-content"}},"wdio_ui5_key":"sapm.Button{\"text\":\"Close\"}"}]}
RESULT: {"script":"<script> [1562 bytes]","args":[{"selector":{"controlType":"sap.m.Button","properties":{"text":"Close"},"searchOpenDialogs":true,"interaction":{"idSuffix":"BDI-content"}},"wdio_ui5_key":"sapm.Button{\"text\":\"Close\"}"}]}
RESULT: undefined
COMMAND: POST /session/948cfef606f1c327c7afa492aa33856c/element - {"using":"xpath","value":"//*[@id=\"__mbox-btn-0\"]"}
RESULT: {"using":"xpath","value":"//*[@id=\"__mbox-btn-0\"]"}
COMMAND: POST /session/948cfef606f1c327c7afa492aa33856c/element/f.B11FB8328C47749F850BA47268692D59.d.5970B70E29B7D3F2C68AE78274E2528F.e.8807/click - {}
RESULT: {}
COMMAND: GET /session/948cfef606f1c327c7afa492aa33856c/screenshot - {}
RESULT: {}
COMMAND: POST /session/948cfef606f1c327c7afa492aa33856c/execute/async - {"script":"<script> [1562 bytes]","args":[{"selector":{"controlType":"sap.m.Button","viewName":"etm.portal.ui.managerequests.view.Detail","i18NText":{"propertyName":"text","key":"requestSpecifications"},"interaction":{"idSuffix":"BDI-content"}},"wdio_ui5_key":"etmportal.ui.managerequests.view.Detailsap.m.Button{\"propertyName\":\"text\",\"key\":\"requestSpecifications\"}"}]}
RESULT: {"script":"<script> [1562 bytes]","args":[{"selector":{"controlType":"sap.m.Button","viewName":"etm.portal.ui.managerequests.view.Detail","i18NText":{"propertyName":"text","key":"requestSpecifications"},"interaction":{"idSuffix":"BDI-content"}},"wdio_ui5_key":"etmportal.ui.managerequests.view.Detailsap.m.Button{\"propertyName\":\"text\",\"key\":\"requestSpecifications\"}"}]}
RESULT: undefined
COMMAND: POST /session/948cfef606f1c327c7afa492aa33856c/element - {"using":"xpath","value":"//*[@id=\"__button103-__clone1372\"]"}
RESULT: {"using":"xpath","value":"//*[@id=\"__button103-__clone1372\"]"}
COMMAND: POST /session/948cfef606f1c327c7afa492aa33856c/element/f.B11FB8328C47749F850BA47268692D59.d.5970B70E29B7D3F2C68AE78274E2528F.e.8935/click - {}
RESULT: {}
COMMAND: GET /session/948cfef606f1c327c7afa492aa33856c/screenshot - {}
RESULT: {}
COMMAND: POST /session/948cfef606f1c327c7afa492aa33856c/element - {"using":"xpath","value":"//input[@value=\"blue\"]"}
RESULT: {"using":"xpath","value":"//input[@value=\"blue\"]"}
COMMAND: POST /session/948cfef606f1c327c7afa492aa33856c/elements - {"using":"xpath","value":"//input[@value=\"blue\"]"}
RESULT: {"using":"xpath","value":"//input[@value=\"blue\"]"}
COMMAND: POST /session/948cfef606f1c327c7afa492aa33856c/execute/async - {"script":"<script> [1562 bytes]","args":[{"selector":{"id":"cancelRequestSpecificationsButton","viewName":"etm.portal.ui.managerequests.view.Detail","searchOpenDialogs":true,"interaction":{"idSuffix":"BDI-content"}},"wdio_ui5_key":"cancelRequestSpecificationsButtonetmportal.ui.managerequests.view.Detail"}]}
RESULT: {"script":"<script> [1562 bytes]","args":[{"selector":{"id":"cancelRequestSpecificationsButton","viewName":"etm.portal.ui.managerequests.view.Detail","searchOpenDialogs":true,"interaction":{"idSuffix":"BDI-content"}},"wdio_ui5_key":"cancelRequestSpecificationsButtonetmportal.ui.managerequests.view.Detail"}]}
RESULT: undefined
COMMAND: POST /session/948cfef606f1c327c7afa492aa33856c/element - {"using":"xpath","value":"//*[@id=\"__xmlview60--cancelRequestSpecificationsButton\"]"}
RESULT: {"using":"xpath","value":"//*[@id=\"__xmlview60--cancelRequestSpecificationsButton\"]"}
COMMAND: POST /session/948cfef606f1c327c7afa492aa33856c/element/f.B11FB8328C47749F850BA47268692D59.d.5970B70E29B7D3F2C68AE78274E2528F.e.8937/click - {}
RESULT: {}
COMMAND: POST /session/948cfef606f1c327c7afa492aa33856c/element - {"using":"css selector","value":"#shell-header-logo"}
COMMAND: GET /session/948cfef606f1c327c7afa492aa33856c/screenshot - {}
RESULT: {"using":"css selector","value":"#shell-header-logo"}
COMMAND: POST /session/948cfef606f1c327c7afa492aa33856c/element/f.B11FB8328C47749F850BA47268692D59.d.5970B70E29B7D3F2C68AE78274E2528F.e.8344/click - {}
RESULT: {}
RESULT: {}
COMMAND: GET /session/948cfef606f1c327c7afa492aa33856c/screenshot - {}
RESULT: {}
]]></system-out>
    </testcase>
  </testsuite>
  <testsuite timestamp="2025-05-22T16:04:57" time="354.073" tests="3" failures="0" errors="0" skipped="0">
    <properties>
      <property name="specId" value="0"/>
      <property name="suiteName" value="Reserve/Unreserve request item via reserve option US139161"/>
      <property name="capabilities" value="chrome.136_0_7103_93.windows"/>
      <property name="file" value="file:///D:/a/1/s/test/specs/R2C/reserve-unreserve-request-item-via-reserve-option.spec.js"/>
    </properties>
    <testcase classname="chrome.136_0_7103_93.windows.Reserve/Unreserve_request_item_via_reserve_option_US139161" name="Should add the material to the catalog item" time="89.4">
      <system-out><![CDATA[
COMMAND: POST /session/948cfef606f1c327c7afa492aa33856c/execute/async - {"script":"<script> [1562 bytes]","args":[{"selector":{"controlType":"sap.m.GenericTile","properties":{"header":"Manage Catalogs"}},"wdio_ui5_key":"sapm.GenericTile{\"header\":\"Manage Catalogs\"}"}]}
RESULT: {"script":"<script> [1562 bytes]","args":[{"selector":{"controlType":"sap.m.GenericTile","properties":{"header":"Manage Catalogs"}},"wdio_ui5_key":"sapm.GenericTile{\"header\":\"Manage Catalogs\"}"}]}
RESULT: undefined
COMMAND: POST /session/948cfef606f1c327c7afa492aa33856c/element - {"using":"xpath","value":"//*[@id=\"__tile37\"]"}
RESULT: {"using":"xpath","value":"//*[@id=\"__tile37\"]"}
COMMAND: POST /session/948cfef606f1c327c7afa492aa33856c/element/f.B11FB8328C47749F850BA47268692D59.d.5970B70E29B7D3F2C68AE78274E2528F.e.8944/click - {}
RESULT: {}
COMMAND: GET /session/948cfef606f1c327c7afa492aa33856c/screenshot - {}
RESULT: {}
COMMAND: POST /session/948cfef606f1c327c7afa492aa33856c/elements - {"using":"xpath","value":"//span[text()='Error']"}
RESULT: {"using":"xpath","value":"//span[text()='Error']"}
COMMAND: POST /session/948cfef606f1c327c7afa492aa33856c/execute/async - {"script":"<script> [1562 bytes]","args":[{"selector":{"controlType":"sap.m.Text","viewName":"etm.portal.ui.managecatalogs.view.MasterCatalogs","viewId":"application-managecatalogs-display-component---masterCatalogs","bindingPath":{"path":"/Catalogs('0D7502D073D53A0F1700BE067B89AFF9')","propertyPath":"DESCRIPTION","modelName":"catalogModel"}},"wdio_ui5_key":"etmportal.ui.managecatalogs.view.MasterCatalogssap.m.Text{\"path\":\"/Catalogs('0D7502D073D53A0F1700BE067B89AFF9')\",\"propertyPath\":\"DESCRIPTION\",\"modelName\":\"catalogModel\"}"}]}
RESULT: {"script":"<script> [1562 bytes]","args":[{"selector":{"controlType":"sap.m.Text","viewName":"etm.portal.ui.managecatalogs.view.MasterCatalogs","viewId":"application-managecatalogs-display-component---masterCatalogs","bindingPath":{"path":"/Catalogs('0D7502D073D53A0F1700BE067B89AFF9')","propertyPath":"DESCRIPTION","modelName":"catalogModel"}},"wdio_ui5_key":"etmportal.ui.managecatalogs.view.MasterCatalogssap.m.Text{\"path\":\"/Catalogs('0D7502D073D53A0F1700BE067B89AFF9')\",\"propertyPath\":\"DESCRIPTION\",\"modelName\":\"catalogModel\"}"}]}
RESULT: undefined
COMMAND: POST /session/948cfef606f1c327c7afa492aa33856c/element - {"using":"xpath","value":"//*[@id=\"__text678-application-managecatalogs-display-component---masterCatalogs--CatalogsTable-11\"]"}
RESULT: {"using":"xpath","value":"//*[@id=\"__text678-application-managecatalogs-display-component---masterCatalogs--CatalogsTable-11\"]"}
COMMAND: POST /session/948cfef606f1c327c7afa492aa33856c/element/f.B11FB8328C47749F850BA47268692D59.d.5970B70E29B7D3F2C68AE78274E2528F.e.9012/click - {}
RESULT: {}
RESULT: undefined
COMMAND: POST /session/948cfef606f1c327c7afa492aa33856c/execute/async - {"script":"<script> [776 bytes]","args":[{"enterText":"catalogItemq0d9li","selector":{"id":"application-managecatalogs-display-component---masterCatalogItems--searchItemsField","interaction":{"idSuffix":"I"}},"clearTextFirst":true,"interactionType":"ENTER_TEXT"}]}
COMMAND: GET /session/948cfef606f1c327c7afa492aa33856c/screenshot - {}
RESULT: {"script":"<script> [776 bytes]","args":[{"enterText":"catalogItemq0d9li","selector":{"id":"application-managecatalogs-display-component---masterCatalogItems--searchItemsField","interaction":{"idSuffix":"I"}},"clearTextFirst":true,"interactionType":"ENTER_TEXT"}]}
COMMAND: POST /session/948cfef606f1c327c7afa492aa33856c/actions - {"actions":[{"id":"action59","type":"key","parameters":{},"actions":[{"type":"keyDown","value":""},{"type":"pause","duration":10},{"type":"keyUp","value":""}]}]}
RESULT: {}
RESULT: {"actions":[{"id":"action59","type":"key","parameters":{},"actions":[{"type":"keyDown","value":""},{"type":"pause","duration":10},{"type":"keyUp","value":""}]}]}
COMMAND: POST /session/948cfef606f1c327c7afa492aa33856c/element - {"using":"xpath","value":"(//span[contains(text(), \"catalogItemq0d9li\")])[1]"}
COMMAND: GET /session/948cfef606f1c327c7afa492aa33856c/screenshot - {}
RESULT: {"using":"xpath","value":"(//span[contains(text(), \"catalogItemq0d9li\")])[1]"}
COMMAND: POST /session/948cfef606f1c327c7afa492aa33856c/element/f.B11FB8328C47749F850BA47268692D59.d.5970B70E29B7D3F2C68AE78274E2528F.e.9051/click - {}
RESULT: {}
RESULT: {}
COMMAND: GET /session/948cfef606f1c327c7afa492aa33856c/screenshot - {}
RESULT: {}
COMMAND: POST /session/948cfef606f1c327c7afa492aa33856c/element - {"using":"xpath","value":"//*[contains(@id ,\"BDI-content\")][contains(text(), \"Edit\")]"}
RESULT: {"using":"xpath","value":"//*[contains(@id ,\"BDI-content\")][contains(text(), \"Edit\")]"}
COMMAND: POST /session/948cfef606f1c327c7afa492aa33856c/element/f.B11FB8328C47749F850BA47268692D59.d.5970B70E29B7D3F2C68AE78274E2528F.e.9132/click - {}
RESULT: {}
COMMAND: GET /session/948cfef606f1c327c7afa492aa33856c/screenshot - {}
RESULT: {}
COMMAND: POST /session/948cfef606f1c327c7afa492aa33856c/element - {"using":"xpath","value":"//bdi[contains(text(), \"Assigned Resources\")]"}
RESULT: {"using":"xpath","value":"//bdi[contains(text(), \"Assigned Resources\")]"}
COMMAND: POST /session/948cfef606f1c327c7afa492aa33856c/element/f.B11FB8328C47749F850BA47268692D59.d.5970B70E29B7D3F2C68AE78274E2528F.e.9154/click - {}
RESULT: {}
COMMAND: GET /session/948cfef606f1c327c7afa492aa33856c/screenshot - {}
RESULT: {}
COMMAND: POST /session/948cfef606f1c327c7afa492aa33856c/element - {"using":"xpath","value":"//button[contains(@data-kt ,\"catalogItemAssignRuButton\")]"}
RESULT: {"using":"xpath","value":"//button[contains(@data-kt ,\"catalogItemAssignRuButton\")]"}
COMMAND: POST /session/948cfef606f1c327c7afa492aa33856c/element/f.B11FB8328C47749F850BA47268692D59.d.5970B70E29B7D3F2C68AE78274E2528F.e.9160/click - {}
RESULT: {}
COMMAND: GET /session/948cfef606f1c327c7afa492aa33856c/screenshot - {}
RESULT: {}
COMMAND: POST /session/948cfef606f1c327c7afa492aa33856c/actions - {"actions":[{"id":"action60","type":"key","parameters":{},"actions":[{"type":"keyDown","value":""},{"type":"pause","duration":10},{"type":"keyUp","value":""}]}]}
RESULT: {"actions":[{"id":"action60","type":"key","parameters":{},"actions":[{"type":"keyDown","value":""},{"type":"pause","duration":10},{"type":"keyUp","value":""}]}]}
COMMAND: GET /session/948cfef606f1c327c7afa492aa33856c/screenshot - {}
RESULT: {}
COMMAND: POST /session/948cfef606f1c327c7afa492aa33856c/execute/async - {"script":"<script> [1562 bytes]","args":[{"selector":{"id":"application-managecatalogs-display-component---detailCatalog--assignRUSearchField-vhi","searchOpenDialogs":true},"wdio_ui5_key":"applicationmanagecatalogs-display-component---detailCatalog--assignRUSearchField-vhi"}]}
RESULT: {"script":"<script> [1562 bytes]","args":[{"selector":{"id":"application-managecatalogs-display-component---detailCatalog--assignRUSearchField-vhi","searchOpenDialogs":true},"wdio_ui5_key":"applicationmanagecatalogs-display-component---detailCatalog--assignRUSearchField-vhi"}]}
RESULT: undefined
COMMAND: POST /session/948cfef606f1c327c7afa492aa33856c/element - {"using":"xpath","value":"//*[@id=\"application-managecatalogs-display-component---detailCatalog--assignRUSearchField-vhi\"]"}
RESULT: {"using":"xpath","value":"//*[@id=\"application-managecatalogs-display-component---detailCatalog--assignRUSearchField-vhi\"]"}
COMMAND: POST /session/948cfef606f1c327c7afa492aa33856c/element/f.B11FB8328C47749F850BA47268692D59.d.5970B70E29B7D3F2C68AE78274E2528F.e.9178/click - {}
RESULT: {}
COMMAND: GET /session/948cfef606f1c327c7afa492aa33856c/screenshot - {}
RESULT: {}
COMMAND: POST /session/948cfef606f1c327c7afa492aa33856c/element - {"using":"xpath","value":"//input[contains(@id ,\"searchField-I\")]"}
RESULT: {"using":"xpath","value":"//input[contains(@id ,\"searchField-I\")]"}
COMMAND: POST /session/948cfef606f1c327c7afa492aa33856c/element/f.B11FB8328C47749F850BA47268692D59.d.5970B70E29B7D3F2C68AE78274E2528F.e.9180/clear - {}
RESULT: {}
COMMAND: POST /session/948cfef606f1c327c7afa492aa33856c/element/f.B11FB8328C47749F850BA47268692D59.d.5970B70E29B7D3F2C68AE78274E2528F.e.9180/value - {"text":"WebdriverRUR2Cown8n"}
COMMAND: GET /session/948cfef606f1c327c7afa492aa33856c/screenshot - {}
RESULT: {"text":"WebdriverRUR2Cown8n"}
COMMAND: GET /session/948cfef606f1c327c7afa492aa33856c/screenshot - {}
RESULT: {}
RESULT: {}
COMMAND: POST /session/948cfef606f1c327c7afa492aa33856c/actions - {"actions":[{"id":"action61","type":"key","parameters":{},"actions":[{"type":"keyDown","value":""},{"type":"pause","duration":10},{"type":"keyUp","value":""}]}]}
RESULT: {"actions":[{"id":"action61","type":"key","parameters":{},"actions":[{"type":"keyDown","value":""},{"type":"pause","duration":10},{"type":"keyUp","value":""}]}]}
COMMAND: GET /session/948cfef606f1c327c7afa492aa33856c/screenshot - {}
RESULT: {}
COMMAND: POST /session/948cfef606f1c327c7afa492aa33856c/actions - {"actions":[{"id":"action62","type":"key","parameters":{},"actions":[{"type":"keyDown","value":""},{"type":"pause","duration":10},{"type":"keyUp","value":""}]}]}
RESULT: {"actions":[{"id":"action62","type":"key","parameters":{},"actions":[{"type":"keyDown","value":""},{"type":"pause","duration":10},{"type":"keyUp","value":""}]}]}
COMMAND: GET /session/948cfef606f1c327c7afa492aa33856c/screenshot - {}
RESULT: {}
COMMAND: POST /session/948cfef606f1c327c7afa492aa33856c/actions - {"actions":[{"id":"action63","type":"key","parameters":{},"actions":[{"type":"keyDown","value":""},{"type":"pause","duration":10},{"type":"keyUp","value":""}]}]}
RESULT: {"actions":[{"id":"action63","type":"key","parameters":{},"actions":[{"type":"keyDown","value":""},{"type":"pause","duration":10},{"type":"keyUp","value":""}]}]}
COMMAND: GET /session/948cfef606f1c327c7afa492aa33856c/screenshot - {}
RESULT: {}
COMMAND: POST /session/948cfef606f1c327c7afa492aa33856c/element - {"using":"xpath","value":"//bdi[contains(@id ,\"application-managecatalogs-display-component---detailCatalog--RUAssignmentSaveButton-BDI-content\")]"}
RESULT: {"using":"xpath","value":"//bdi[contains(@id ,\"application-managecatalogs-display-component---detailCatalog--RUAssignmentSaveButton-BDI-content\")]"}
COMMAND: POST /session/948cfef606f1c327c7afa492aa33856c/element/f.B11FB8328C47749F850BA47268692D59.d.5970B70E29B7D3F2C68AE78274E2528F.e.9199/click - {}
RESULT: {}
COMMAND: GET /session/948cfef606f1c327c7afa492aa33856c/screenshot - {}
RESULT: {}
COMMAND: POST /session/948cfef606f1c327c7afa492aa33856c/element - {"using":"xpath","value":"//bdi[contains(text(), \"Save\")]"}
RESULT: {"using":"xpath","value":"//bdi[contains(text(), \"Save\")]"}
COMMAND: POST /session/948cfef606f1c327c7afa492aa33856c/element/f.B11FB8328C47749F850BA47268692D59.d.5970B70E29B7D3F2C68AE78274E2528F.e.9226/click - {}
RESULT: {}
COMMAND: GET /session/948cfef606f1c327c7afa492aa33856c/screenshot - {}
RESULT: {}
COMMAND: POST /session/948cfef606f1c327c7afa492aa33856c/element - {"using":"css selector","value":"#shell-header-logo"}
RESULT: {"using":"css selector","value":"#shell-header-logo"}
COMMAND: POST /session/948cfef606f1c327c7afa492aa33856c/element/f.B11FB8328C47749F850BA47268692D59.d.5970B70E29B7D3F2C68AE78274E2528F.e.8948/click - {}
RESULT: {}
COMMAND: GET /session/948cfef606f1c327c7afa492aa33856c/screenshot - {}
RESULT: {}
COMMAND: POST /session/948cfef606f1c327c7afa492aa33856c/refresh - {}
RESULT: {}
COMMAND: GET /session/948cfef606f1c327c7afa492aa33856c/screenshot - {}
RESULT: {}
COMMAND: POST /session/948cfef606f1c327c7afa492aa33856c/execute/async - {"script":"<script> [189 bytes]","args":[]}
RESULT: {"script":"<script> [189 bytes]","args":[]}
COMMAND: POST /session/948cfef606f1c327c7afa492aa33856c/execute/async - {"script":"<script> [123 bytes]","args":[]}
RESULT: {"script":"<script> [123 bytes]","args":[]}
COMMAND: POST /session/948cfef606f1c327c7afa492aa33856c/timeouts - {"script":"<number>"}
RESULT: {"script":"<number>"}
COMMAND: GET /session/948cfef606f1c327c7afa492aa33856c/timeouts - {}
RESULT: {}
RESULT: undefined
COMMAND: POST /session/948cfef606f1c327c7afa492aa33856c/execute/async - {"script":"<script> [2676 bytes]","args":[]}
RESULT: {"script":"<script> [2676 bytes]","args":[]}
COMMAND: POST /session/948cfef606f1c327c7afa492aa33856c/execute/async - {"script":"<script> [2342 bytes]","args":[{"protocol":"http","hostname":"0.0.0.0","path":"/","capabilities":{"browserName":"chrome","goog:chromeOptions":{"binary":"C:\\Program Files\\Google\\Chrome\\Application\\chrome.exe","args":["--start-maximized"]}},"logLevel":"warn","connectionRetryTimeout":120000,"connectionRetryCount":3,"logLevels":{},"enableDirectConnect":true,"strictSSL":true,"_":"65 more keys: [\"cacheDir\",\"port\",\"requestedCapabilities\",\"automationProtocol\",\"baseUrl\",\"waitforInterval\",\"waitforTimeout\",\"onReload\",\"beforeCommand\",\"afterCommand\",\"rootDir\",\"specs\",\"suites\",\"exclude\",\"groupLogsByTestSpec\",\"excludeDriverLogs\",\"bail\",\"framework\",\"reporters\",\"services\",\"maxInstances\",\"maxInstancesPerCapability\",\"injectGlobals\",\"filesToWatch\",\"execArgv\",\"runnerEnv\",\"runner\",\"shard\",\"specFileRetries\",\"specFileRetriesDelay\",\"specFileRetriesDeferred\",\"reporterSyncInterval\",\"reporterSyncTimeout\",\"cucumberFeaturesWithLineNumbers\",\"autoCompileOpts\",\"mochaOpts\",\"jasmineOpts\",\"cucumberOpts\",\"onPrepare\",\"onWorkerStart\",\"onWorkerEnd\",\"before\",\"beforeSession\",\"beforeSuite\",\"beforeHook\",\"beforeTest\",\"afterTest\",\"afterHook\",\"afterSuite\",\"afterSession\",\"after\",\"onComplete\",\"beforeAssertion\",\"afterAssertion\",\"beforeFeature\",\"beforeScenario\",\"beforeStep\",\"afterStep\",\"afterScenario\",\"afterFeature\",\"_\",\"suite\",\"$0\",\"ignoredWorkerServices\",\"wdi5\"]"}]}
RESULT: {"script":"<script> [2342 bytes]","args":[{"protocol":"http","hostname":"0.0.0.0","path":"/","capabilities":{"browserName":"chrome","goog:chromeOptions":{"binary":"C:\\Program Files\\Google\\Chrome\\Application\\chrome.exe","args":["--start-maximized"]}},"logLevel":"warn","connectionRetryTimeout":120000,"connectionRetryCount":3,"logLevels":{},"enableDirectConnect":true,"strictSSL":true,"_":"65 more keys: [\"cacheDir\",\"port\",\"requestedCapabilities\",\"automationProtocol\",\"baseUrl\",\"waitforInterval\",\"waitforTimeout\",\"onReload\",\"beforeCommand\",\"afterCommand\",\"rootDir\",\"specs\",\"suites\",\"exclude\",\"groupLogsByTestSpec\",\"excludeDriverLogs\",\"bail\",\"framework\",\"reporters\",\"services\",\"maxInstances\",\"maxInstancesPerCapability\",\"injectGlobals\",\"filesToWatch\",\"execArgv\",\"runnerEnv\",\"runner\",\"shard\",\"specFileRetries\",\"specFileRetriesDelay\",\"specFileRetriesDeferred\",\"reporterSyncInterval\",\"reporterSyncTimeout\",\"cucumberFeaturesWithLineNumbers\",\"autoCompileOpts\",\"mochaOpts\",\"jasmineOpts\",\"cucumberOpts\",\"onPrepare\",\"onWorkerStart\",\"onWorkerEnd\",\"before\",\"beforeSession\",\"beforeSuite\",\"beforeHook\",\"beforeTest\",\"afterTest\",\"afterHook\",\"afterSuite\",\"afterSession\",\"after\",\"onComplete\",\"beforeAssertion\",\"afterAssertion\",\"beforeFeature\",\"beforeScenario\",\"beforeStep\",\"afterStep\",\"afterScenario\",\"afterFeature\",\"_\",\"suite\",\"$0\",\"ignoredWorkerServices\",\"wdi5\"]"}]}
COMMAND: POST /session/948cfef606f1c327c7afa492aa33856c/execute/async - {"script":"<script> [21126 bytes]","args":[35000]}
RESULT: {"script":"<script> [21126 bytes]","args":[35000]}
]]></system-out>
    </testcase>
    <testcase classname="chrome.136_0_7103_93.windows.Reserve/Unreserve_request_item_via_reserve_option_US139161" name="Should create a new request with a catalog item that can be planned" time="162.191">
      <system-out><![CDATA[
COMMAND: POST /session/948cfef606f1c327c7afa492aa33856c/execute/async - {"script":"<script> [1562 bytes]","args":[{"selector":{"controlType":"sap.m.GenericTile","properties":{"header":"Manage Requests"}},"wdio_ui5_key":"sapm.GenericTile{\"header\":\"Manage Requests\"}"}]}
RESULT: {"script":"<script> [1562 bytes]","args":[{"selector":{"controlType":"sap.m.GenericTile","properties":{"header":"Manage Requests"}},"wdio_ui5_key":"sapm.GenericTile{\"header\":\"Manage Requests\"}"}]}
RESULT: undefined
COMMAND: POST /session/948cfef606f1c327c7afa492aa33856c/element - {"using":"xpath","value":"//*[@id=\"__tile47\"]"}
RESULT: {"using":"xpath","value":"//*[@id=\"__tile47\"]"}
COMMAND: POST /session/948cfef606f1c327c7afa492aa33856c/element/f.B11FB8328C47749F850BA47268692D59.d.C921DDCC2D9B5C0545CADFEC0787443D.e.9259/click - {}
RESULT: {}
COMMAND: GET /session/948cfef606f1c327c7afa492aa33856c/screenshot - {}
RESULT: {}
COMMAND: POST /session/948cfef606f1c327c7afa492aa33856c/elements - {"using":"xpath","value":"//span[text()='Error']"}
RESULT: {"using":"xpath","value":"//span[text()='Error']"}
COMMAND: POST /session/948cfef606f1c327c7afa492aa33856c/element - {"using":"xpath","value":"//button[contains(@data-kt ,\"btnCreateNewOverflowToolbarButton\")]"}
COMMAND: POST /session/948cfef606f1c327c7afa492aa33856c/element - {"using":"xpath","value":"(//span[contains(@class ,\"sapMObjStatusText\")])[1]"}
RESULT: {"using":"xpath","value":"//button[contains(@data-kt ,\"btnCreateNewOverflowToolbarButton\")]"}
COMMAND: POST /session/948cfef606f1c327c7afa492aa33856c/element/f.B11FB8328C47749F850BA47268692D59.d.C921DDCC2D9B5C0545CADFEC0787443D.e.9316/click - {}
RESULT: {"using":"xpath","value":"(//span[contains(@class ,\"sapMObjStatusText\")])[1]"}
COMMAND: POST /session/948cfef606f1c327c7afa492aa33856c/execute/sync - {"script":"<script> [8489 bytes]","args":[{"element-6066-11e4-a52e-4f735466cecf":"f.B11FB8328C47749F850BA47268692D59.d.C921DDCC2D9B5C0545CADFEC0787443D.e.9352","ELEMENT":"f.B11FB8328C47749F850BA47268692D59.d.C921DDCC2D9B5C0545CADFEC0787443D.e.9352"}]}
RESULT: {}
COMMAND: GET /session/948cfef606f1c327c7afa492aa33856c/screenshot - {}
RESULT: {"script":"<script> [8489 bytes]","args":[{"element-6066-11e4-a52e-4f735466cecf":"f.B11FB8328C47749F850BA47268692D59.d.C921DDCC2D9B5C0545CADFEC0787443D.e.9352","ELEMENT":"f.B11FB8328C47749F850BA47268692D59.d.C921DDCC2D9B5C0545CADFEC0787443D.e.9352"}]}
COMMAND: GET /session/948cfef606f1c327c7afa492aa33856c/screenshot - {}
RESULT: {}
RESULT: {}
COMMAND: POST /session/948cfef606f1c327c7afa492aa33856c/element - {"using":"xpath","value":"//input[contains(@id ,\"yardId-inner\")]"}
RESULT: {"using":"xpath","value":"//input[contains(@id ,\"yardId-inner\")]"}
COMMAND: POST /session/948cfef606f1c327c7afa492aa33856c/execute/sync - {"script":"<script> [8489 bytes]","args":[{"element-6066-11e4-a52e-4f735466cecf":"f.B11FB8328C47749F850BA47268692D59.d.C921DDCC2D9B5C0545CADFEC0787443D.e.9436","ELEMENT":"f.B11FB8328C47749F850BA47268692D59.d.C921DDCC2D9B5C0545CADFEC0787443D.e.9436"}]}
RESULT: {"script":"<script> [8489 bytes]","args":[{"element-6066-11e4-a52e-4f735466cecf":"f.B11FB8328C47749F850BA47268692D59.d.C921DDCC2D9B5C0545CADFEC0787443D.e.9436","ELEMENT":"f.B11FB8328C47749F850BA47268692D59.d.C921DDCC2D9B5C0545CADFEC0787443D.e.9436"}]}
COMMAND: POST /session/948cfef606f1c327c7afa492aa33856c/element - {"using":"xpath","value":"//input[contains(@id ,\"yardId-inner\")]"}
COMMAND: GET /session/948cfef606f1c327c7afa492aa33856c/screenshot - {}
RESULT: {"using":"xpath","value":"//input[contains(@id ,\"yardId-inner\")]"}
COMMAND: GET /session/948cfef606f1c327c7afa492aa33856c/element/f.B11FB8328C47749F850BA47268692D59.d.C921DDCC2D9B5C0545CADFEC0787443D.e.9436/enabled - {}
RESULT: {}
RESULT: {}
COMMAND: POST /session/948cfef606f1c327c7afa492aa33856c/element/f.B11FB8328C47749F850BA47268692D59.d.C921DDCC2D9B5C0545CADFEC0787443D.e.9436/clear - {}
COMMAND: GET /session/948cfef606f1c327c7afa492aa33856c/screenshot - {}
RESULT: {}
COMMAND: POST /session/948cfef606f1c327c7afa492aa33856c/element/f.B11FB8328C47749F850BA47268692D59.d.C921DDCC2D9B5C0545CADFEC0787443D.e.9436/value - {"text":"WebdriverYardmmv3l"}
COMMAND: GET /session/948cfef606f1c327c7afa492aa33856c/screenshot - {}
RESULT: {}
RESULT: {"text":"WebdriverYardmmv3l"}
COMMAND: GET /session/948cfef606f1c327c7afa492aa33856c/screenshot - {}
RESULT: {}
RESULT: {}
COMMAND: POST /session/948cfef606f1c327c7afa492aa33856c/element - {"using":"xpath","value":"//input[contains(@id ,\"customerNumber-inner\")]"}
RESULT: {"using":"xpath","value":"//input[contains(@id ,\"customerNumber-inner\")]"}
COMMAND: POST /session/948cfef606f1c327c7afa492aa33856c/element/f.B11FB8328C47749F850BA47268692D59.d.C921DDCC2D9B5C0545CADFEC0787443D.e.9432/value - {"text":"WebdriverPartnerk1p2x"}
COMMAND: POST /session/948cfef606f1c327c7afa492aa33856c/actions - {"actions":[{"id":"action64","type":"key","parameters":{},"actions":[{"type":"keyDown","value":""},{"type":"pause","duration":10},{"type":"keyUp","value":""}]}]}
RESULT: {"actions":[{"id":"action64","type":"key","parameters":{},"actions":[{"type":"keyDown","value":""},{"type":"pause","duration":10},{"type":"keyUp","value":""}]}]}
COMMAND: GET /session/948cfef606f1c327c7afa492aa33856c/screenshot - {}
RESULT: {"text":"WebdriverPartnerk1p2x"}
COMMAND: GET /session/948cfef606f1c327c7afa492aa33856c/screenshot - {}
RESULT: {}
RESULT: {}
COMMAND: POST /session/948cfef606f1c327c7afa492aa33856c/actions - {"actions":[{"id":"action65","type":"key","parameters":{},"actions":[{"type":"keyDown","value":""},{"type":"pause","duration":10},{"type":"keyUp","value":""}]}]}
RESULT: {"actions":[{"id":"action65","type":"key","parameters":{},"actions":[{"type":"keyDown","value":""},{"type":"pause","duration":10},{"type":"keyUp","value":""}]}]}
COMMAND: GET /session/948cfef606f1c327c7afa492aa33856c/screenshot - {}
RESULT: {}
COMMAND: GET /session/948cfef606f1c327c7afa492aa33856c/element/f.B11FB8328C47749F850BA47268692D59.d.C921DDCC2D9B5C0545CADFEC0787443D.e.9432/property/value - {}
RESULT: {}
COMMAND: GET /session/948cfef606f1c327c7afa492aa33856c/screenshot - {}
RESULT: {}
COMMAND: POST /session/948cfef606f1c327c7afa492aa33856c/element - {"using":"xpath","value":"//input[contains(@id ,\"requestSiteId-inner\")]"}
RESULT: {"using":"xpath","value":"//input[contains(@id ,\"requestSiteId-inner\")]"}
COMMAND: POST /session/948cfef606f1c327c7afa492aa33856c/element/f.B11FB8328C47749F850BA47268692D59.d.C921DDCC2D9B5C0545CADFEC0787443D.e.9431/value - {"text":"WebdriverSite6o4be"}
RESULT: {"text":"WebdriverSite6o4be"}
COMMAND: GET /session/948cfef606f1c327c7afa492aa33856c/screenshot - {}
RESULT: {}
COMMAND: POST /session/948cfef606f1c327c7afa492aa33856c/actions - {"actions":[{"id":"action66","type":"key","parameters":{},"actions":[{"type":"keyDown","value":""},{"type":"pause","duration":10},{"type":"keyUp","value":""}]}]}
RESULT: {"actions":[{"id":"action66","type":"key","parameters":{},"actions":[{"type":"keyDown","value":""},{"type":"pause","duration":10},{"type":"keyUp","value":""}]}]}
COMMAND: GET /session/948cfef606f1c327c7afa492aa33856c/screenshot - {}
RESULT: {}
COMMAND: POST /session/948cfef606f1c327c7afa492aa33856c/element - {"using":"xpath","value":"//button[contains(@data-kt ,\"requestItemAddOverflowToolbarButton\")]"}
RESULT: {"using":"xpath","value":"//button[contains(@data-kt ,\"requestItemAddOverflowToolbarButton\")]"}
COMMAND: POST /session/948cfef606f1c327c7afa492aa33856c/element/f.B11FB8328C47749F850BA47268692D59.d.C921DDCC2D9B5C0545CADFEC0787443D.e.9626/click - {}
RESULT: {}
COMMAND: GET /session/948cfef606f1c327c7afa492aa33856c/screenshot - {}
RESULT: {}
COMMAND: POST /session/948cfef606f1c327c7afa492aa33856c/actions - {"actions":[{"id":"action67","type":"key","parameters":{},"actions":[{"type":"keyDown","value":""},{"type":"pause","duration":10},{"type":"keyUp","value":""}]}]}
RESULT: {"actions":[{"id":"action67","type":"key","parameters":{},"actions":[{"type":"keyDown","value":""},{"type":"pause","duration":10},{"type":"keyUp","value":""}]}]}
COMMAND: POST /session/948cfef606f1c327c7afa492aa33856c/actions - {"actions":[{"id":"action68","type":"key","parameters":{},"actions":[{"type":"keyDown","value":""},{"type":"pause","duration":10},{"type":"keyUp","value":""}]}]}
COMMAND: GET /session/948cfef606f1c327c7afa492aa33856c/screenshot - {}
RESULT: {"actions":[{"id":"action68","type":"key","parameters":{},"actions":[{"type":"keyDown","value":""},{"type":"pause","duration":10},{"type":"keyUp","value":""}]}]}
COMMAND: POST /session/948cfef606f1c327c7afa492aa33856c/element - {"using":"xpath","value":"(//input[contains(@id ,\"requestItemsTable-0-inner\")])[1]"}
COMMAND: GET /session/948cfef606f1c327c7afa492aa33856c/screenshot - {}
RESULT: {}
RESULT: {"using":"xpath","value":"(//input[contains(@id ,\"requestItemsTable-0-inner\")])[1]"}
COMMAND: POST /session/948cfef606f1c327c7afa492aa33856c/element/f.B11FB8328C47749F850BA47268692D59.d.C921DDCC2D9B5C0545CADFEC0787443D.e.9630/clear - {}
RESULT: {}
RESULT: {}
COMMAND: POST /session/948cfef606f1c327c7afa492aa33856c/element/f.B11FB8328C47749F850BA47268692D59.d.C921DDCC2D9B5C0545CADFEC0787443D.e.9630/value - {"text":"catalogItemq0d9li"}
COMMAND: GET /session/948cfef606f1c327c7afa492aa33856c/screenshot - {}
RESULT: {"text":"catalogItemq0d9li"}
COMMAND: GET /session/948cfef606f1c327c7afa492aa33856c/screenshot - {}
RESULT: {}
RESULT: {}
COMMAND: POST /session/948cfef606f1c327c7afa492aa33856c/actions - {"actions":[{"id":"action69","type":"key","parameters":{},"actions":[{"type":"keyDown","value":""},{"type":"pause","duration":10},{"type":"keyUp","value":""}]}]}
RESULT: {"actions":[{"id":"action69","type":"key","parameters":{},"actions":[{"type":"keyDown","value":""},{"type":"pause","duration":10},{"type":"keyUp","value":""}]}]}
COMMAND: GET /session/948cfef606f1c327c7afa492aa33856c/screenshot - {}
RESULT: {}
COMMAND: POST /session/948cfef606f1c327c7afa492aa33856c/execute/async - {"script":"<script> [1562 bytes]","args":[{"selector":{"controlType":"sap.ui.core.Icon","viewName":"etm.portal.ui.managerequests.view.NewRequest","properties":{"src":{"regex":{"source":"slim\\-arrow\\-down"}}},"ancestor":{"controlType":"sap.m.Button","viewName":"etm.portal.ui.managerequests.view.NewRequest","properties":{"icon":"sap-icon://slim-arrow-down"}}},"wdio_ui5_key":"etmportal.ui.managerequests.view.NewRequestsap.ui.core.Icon{\"src\":{\"regex\":{\"source\":\"slim\\\\-arrow\\\\-down\"}}}{\"controlType\":\"sap.m.Button\",\"viewName\":\"etm.portal.ui.managerequests.view.NewRequest\",\"properties\":{\"icon\":\"sap-icon://slim-arrow-down\"}}"}]}
RESULT: {"script":"<script> [1562 bytes]","args":[{"selector":{"controlType":"sap.ui.core.Icon","viewName":"etm.portal.ui.managerequests.view.NewRequest","properties":{"src":{"regex":{"source":"slim\\-arrow\\-down"}}},"ancestor":{"controlType":"sap.m.Button","viewName":"etm.portal.ui.managerequests.view.NewRequest","properties":{"icon":"sap-icon://slim-arrow-down"}}},"wdio_ui5_key":"etmportal.ui.managerequests.view.NewRequestsap.ui.core.Icon{\"src\":{\"regex\":{\"source\":\"slim\\\\-arrow\\\\-down\"}}}{\"controlType\":\"sap.m.Button\",\"viewName\":\"etm.portal.ui.managerequests.view.NewRequest\",\"properties\":{\"icon\":\"sap-icon://slim-arrow-down\"}}"}]}
RESULT: undefined
COMMAND: POST /session/948cfef606f1c327c7afa492aa33856c/element - {"using":"xpath","value":"//div[contains(@data-kt ,\"splitAllocationObjectStatus\")]"}
RESULT: {"using":"xpath","value":"//div[contains(@data-kt ,\"splitAllocationObjectStatus\")]"}
COMMAND: POST /session/948cfef606f1c327c7afa492aa33856c/elements - {"using":"xpath","value":"//div[contains(@data-kt ,\"splitAllocationObjectStatus\")]"}
RESULT: {"using":"xpath","value":"//div[contains(@data-kt ,\"splitAllocationObjectStatus\")]"}
COMMAND: POST /session/948cfef606f1c327c7afa492aa33856c/execute/async - {"script":"<script> [1562 bytes]","args":[{"selector":{"controlType":"sap.ui.core.Icon","viewName":"etm.portal.ui.managerequests.view.NewRequest","properties":{"src":{"regex":{"source":"message\\-error"}}}},"wdio_ui5_key":"etmportal.ui.managerequests.view.NewRequestsap.ui.core.Icon{\"src\":{\"regex\":{\"source\":\"message\\\\-error\"}}}"}]}
RESULT: {"script":"<script> [1562 bytes]","args":[{"selector":{"controlType":"sap.ui.core.Icon","viewName":"etm.portal.ui.managerequests.view.NewRequest","properties":{"src":{"regex":{"source":"message\\-error"}}}},"wdio_ui5_key":"etmportal.ui.managerequests.view.NewRequestsap.ui.core.Icon{\"src\":{\"regex\":{\"source\":\"message\\\\-error\"}}}"}]}
RESULT: undefined
COMMAND: POST /session/948cfef606f1c327c7afa492aa33856c/element - {"using":"xpath","value":"//*[@id=\"__status4-__xmlview59--requestItemsTable-0-icon\"]"}
RESULT: {"using":"xpath","value":"//*[@id=\"__status4-__xmlview59--requestItemsTable-0-icon\"]"}
COMMAND: POST /session/948cfef606f1c327c7afa492aa33856c/element/f.B11FB8328C47749F850BA47268692D59.d.C921DDCC2D9B5C0545CADFEC0787443D.e.9645/click - {}
RESULT: {}
COMMAND: POST /session/948cfef606f1c327c7afa492aa33856c/execute/async - {"script":"<script> [1562 bytes]","args":[{"selector":{"controlType":"sap.ui.core.Icon","viewName":"etm.portal.ui.managerequests.view.NewRequest","properties":{"src":{"regex":{"source":"slim\\-arrow\\-down"}}},"searchOpenDialogs":true,"ancestor":{"id":"costObjectAdminTypeComboBox","viewName":"etm.portal.ui.managerequests.view.NewRequest","searchOpenDialogs":true}},"wdio_ui5_key":"etmportal.ui.managerequests.view.NewRequestsap.ui.core.Icon{\"src\":{\"regex\":{\"source\":\"slim\\\\-arrow\\\\-down\"}}}{\"id\":\"costObjectAdminTypeComboBox\",\"viewName\":\"etm.portal.ui.managerequests.view.NewRequest\",\"searchOpenDialogs\":true}"}]}
COMMAND: GET /session/948cfef606f1c327c7afa492aa33856c/screenshot - {}
RESULT: {"script":"<script> [1562 bytes]","args":[{"selector":{"controlType":"sap.ui.core.Icon","viewName":"etm.portal.ui.managerequests.view.NewRequest","properties":{"src":{"regex":{"source":"slim\\-arrow\\-down"}}},"searchOpenDialogs":true,"ancestor":{"id":"costObjectAdminTypeComboBox","viewName":"etm.portal.ui.managerequests.view.NewRequest","searchOpenDialogs":true}},"wdio_ui5_key":"etmportal.ui.managerequests.view.NewRequestsap.ui.core.Icon{\"src\":{\"regex\":{\"source\":\"slim\\\\-arrow\\\\-down\"}}}{\"id\":\"costObjectAdminTypeComboBox\",\"viewName\":\"etm.portal.ui.managerequests.view.NewRequest\",\"searchOpenDialogs\":true}"}]}
RESULT: undefined
COMMAND: POST /session/948cfef606f1c327c7afa492aa33856c/element - {"using":"xpath","value":"//*[@id=\"__xmlview59--costObjectAdminTypeComboBox-arrow\"]"}
RESULT: {}
RESULT: {"using":"xpath","value":"//*[@id=\"__xmlview59--costObjectAdminTypeComboBox-arrow\"]"}
COMMAND: POST /session/948cfef606f1c327c7afa492aa33856c/element/f.B11FB8328C47749F850BA47268692D59.d.C921DDCC2D9B5C0545CADFEC0787443D.e.9649/click - {}
RESULT: {}
COMMAND: POST /session/948cfef606f1c327c7afa492aa33856c/execute/async - {"script":"<script> [1562 bytes]","args":[{"selector":{"controlType":"sap.m.StandardListItem","viewName":"etm.portal.ui.managerequests.view.NewRequest","properties":{"title":"Cost Center"},"searchOpenDialogs":true,"interaction":{"idSuffix":"titleText"}},"wdio_ui5_key":"etmportal.ui.managerequests.view.NewRequestsap.m.StandardListItem{\"title\":\"Cost Center\"}"}]}
COMMAND: GET /session/948cfef606f1c327c7afa492aa33856c/screenshot - {}
RESULT: {"script":"<script> [1562 bytes]","args":[{"selector":{"controlType":"sap.m.StandardListItem","viewName":"etm.portal.ui.managerequests.view.NewRequest","properties":{"title":"Cost Center"},"searchOpenDialogs":true,"interaction":{"idSuffix":"titleText"}},"wdio_ui5_key":"etmportal.ui.managerequests.view.NewRequestsap.m.StandardListItem{\"title\":\"Cost Center\"}"}]}
RESULT: undefined
COMMAND: POST /session/948cfef606f1c327c7afa492aa33856c/element - {"using":"xpath","value":"//*[@id=\"__item859\"]"}
RESULT: {}
RESULT: {"using":"xpath","value":"//*[@id=\"__item859\"]"}
COMMAND: POST /session/948cfef606f1c327c7afa492aa33856c/element/f.B11FB8328C47749F850BA47268692D59.d.C921DDCC2D9B5C0545CADFEC0787443D.e.9652/click - {}
RESULT: {}
COMMAND: GET /session/948cfef606f1c327c7afa492aa33856c/screenshot - {}
RESULT: {}
COMMAND: POST /session/948cfef606f1c327c7afa492aa33856c/execute/async - {"script":"<script> [1562 bytes]","args":[{"selector":{"controlType":"sap.ui.core.Icon","viewName":"etm.portal.ui.managerequests.view.NewRequest","properties":{"src":{"regex":{"source":"value\\-help"}}},"searchOpenDialogs":true},"wdio_ui5_key":"etmportal.ui.managerequests.view.NewRequestsap.ui.core.Icon{\"src\":{\"regex\":{\"source\":\"value\\\\-help\"}}}"}]}
RESULT: {"script":"<script> [1562 bytes]","args":[{"selector":{"controlType":"sap.ui.core.Icon","viewName":"etm.portal.ui.managerequests.view.NewRequest","properties":{"src":{"regex":{"source":"value\\-help"}}},"searchOpenDialogs":true},"wdio_ui5_key":"etmportal.ui.managerequests.view.NewRequestsap.ui.core.Icon{\"src\":{\"regex\":{\"source\":\"value\\\\-help\"}}}"}]}
RESULT: undefined
COMMAND: POST /session/948cfef606f1c327c7afa492aa33856c/element - {"using":"xpath","value":"//*[@id=\"__xmlview59--costObjectIdComboBox-vhi\"]"}
RESULT: {"using":"xpath","value":"//*[@id=\"__xmlview59--costObjectIdComboBox-vhi\"]"}
COMMAND: POST /session/948cfef606f1c327c7afa492aa33856c/element/f.B11FB8328C47749F850BA47268692D59.d.C921DDCC2D9B5C0545CADFEC0787443D.e.9660/click - {}
RESULT: {}
COMMAND: POST /session/948cfef606f1c327c7afa492aa33856c/execute/async - {"script":"<script> [1562 bytes]","args":[{"selector":{"controlType":"sap.m.SearchField","properties":{"placeholder":"Search"},"searchOpenDialogs":true,"interaction":{"idSuffix":"I"}},"wdio_ui5_key":"sapm.SearchField{\"placeholder\":\"Search\"}"}]}
COMMAND: GET /session/948cfef606f1c327c7afa492aa33856c/screenshot - {}
RESULT: {"script":"<script> [1562 bytes]","args":[{"selector":{"controlType":"sap.m.SearchField","properties":{"placeholder":"Search"},"searchOpenDialogs":true,"interaction":{"idSuffix":"I"}},"wdio_ui5_key":"sapm.SearchField{\"placeholder\":\"Search\"}"}]}
RESULT: undefined
COMMAND: POST /session/948cfef606f1c327c7afa492aa33856c/execute/async - {"script":"<script> [776 bytes]","args":[{"enterText":"10001010","selector":{"controlType":"sap.m.SearchField","properties":{"placeholder":"Search"},"searchOpenDialogs":true,"interaction":{"idSuffix":"I"}},"clearTextFirst":true,"interactionType":"ENTER_TEXT"}]}
RESULT: {}
RESULT: {"script":"<script> [776 bytes]","args":[{"enterText":"10001010","selector":{"controlType":"sap.m.SearchField","properties":{"placeholder":"Search"},"searchOpenDialogs":true,"interaction":{"idSuffix":"I"}},"clearTextFirst":true,"interactionType":"ENTER_TEXT"}]}
COMMAND: POST /session/948cfef606f1c327c7afa492aa33856c/actions - {"actions":[{"id":"action70","type":"key","parameters":{},"actions":[{"type":"keyDown","value":""},{"type":"pause","duration":10},{"type":"keyUp","value":""}]}]}
RESULT: {"actions":[{"id":"action70","type":"key","parameters":{},"actions":[{"type":"keyDown","value":""},{"type":"pause","duration":10},{"type":"keyUp","value":""}]}]}
COMMAND: GET /session/948cfef606f1c327c7afa492aa33856c/screenshot - {}
RESULT: {}
COMMAND: POST /session/948cfef606f1c327c7afa492aa33856c/execute/async - {"script":"<script> [1562 bytes]","args":[{"selector":{"controlType":"sap.m.Text","bindingPath":{"path":"/C_CostCtrValueHelp(CostCenter='10001010',ControllingArea='Z001')","propertyPath":"CostCenterName","modelName":"CostCenterModel"},"searchOpenDialogs":true},"wdio_ui5_key":"sapm.Text{\"path\":\"/C_CostCtrValueHelp(CostCenter='10001010',ControllingArea='Z001')\",\"propertyPath\":\"CostCenterName\",\"modelName\":\"CostCenterModel\"}"}]}
RESULT: {"script":"<script> [1562 bytes]","args":[{"selector":{"controlType":"sap.m.Text","bindingPath":{"path":"/C_CostCtrValueHelp(CostCenter='10001010',ControllingArea='Z001')","propertyPath":"CostCenterName","modelName":"CostCenterModel"},"searchOpenDialogs":true},"wdio_ui5_key":"sapm.Text{\"path\":\"/C_CostCtrValueHelp(CostCenter='10001010',ControllingArea='Z001')\",\"propertyPath\":\"CostCenterName\",\"modelName\":\"CostCenterModel\"}"}]}
RESULT: undefined
COMMAND: POST /session/948cfef606f1c327c7afa492aa33856c/element - {"using":"xpath","value":"//*[@id=\"__text287-__clone1005\"]"}
RESULT: {"using":"xpath","value":"//*[@id=\"__text287-__clone1005\"]"}
COMMAND: POST /session/948cfef606f1c327c7afa492aa33856c/element/f.B11FB8328C47749F850BA47268692D59.d.C921DDCC2D9B5C0545CADFEC0787443D.e.9700/click - {}
RESULT: {}
COMMAND: POST /session/948cfef606f1c327c7afa492aa33856c/execute/async - {"script":"<script> [1562 bytes]","args":[{"selector":{"controlType":"sap.m.Button","properties":{"text":"OK"},"searchOpenDialogs":true,"interaction":{"idSuffix":"BDI-content"}},"wdio_ui5_key":"sapm.Button{\"text\":\"OK\"}"}]}
COMMAND: GET /session/948cfef606f1c327c7afa492aa33856c/screenshot - {}
RESULT: {"script":"<script> [1562 bytes]","args":[{"selector":{"controlType":"sap.m.Button","properties":{"text":"OK"},"searchOpenDialogs":true,"interaction":{"idSuffix":"BDI-content"}},"wdio_ui5_key":"sapm.Button{\"text\":\"OK\"}"}]}
RESULT: undefined
COMMAND: POST /session/948cfef606f1c327c7afa492aa33856c/element - {"using":"xpath","value":"//*[@id=\"__dialog1-ok\"]"}
RESULT: {}
RESULT: {"using":"xpath","value":"//*[@id=\"__dialog1-ok\"]"}
COMMAND: POST /session/948cfef606f1c327c7afa492aa33856c/element/f.B11FB8328C47749F850BA47268692D59.d.C921DDCC2D9B5C0545CADFEC0787443D.e.9702/click - {}
RESULT: {}
COMMAND: GET /session/948cfef606f1c327c7afa492aa33856c/screenshot - {}
RESULT: {}
COMMAND: POST /session/948cfef606f1c327c7afa492aa33856c/execute/async - {"script":"<script> [1562 bytes]","args":[{"selector":{"controlType":"sap.m.Button","viewName":"etm.portal.ui.managerequests.view.NewRequest","i18NText":{"propertyName":"text","key":"save"},"searchOpenDialogs":true,"interaction":{"idSuffix":"BDI-content"}},"wdio_ui5_key":"etmportal.ui.managerequests.view.NewRequestsap.m.Button{\"propertyName\":\"text\",\"key\":\"save\"}"}]}
RESULT: {"script":"<script> [1562 bytes]","args":[{"selector":{"controlType":"sap.m.Button","viewName":"etm.portal.ui.managerequests.view.NewRequest","i18NText":{"propertyName":"text","key":"save"},"searchOpenDialogs":true,"interaction":{"idSuffix":"BDI-content"}},"wdio_ui5_key":"etmportal.ui.managerequests.view.NewRequestsap.m.Button{\"propertyName\":\"text\",\"key\":\"save\"}"}]}
RESULT: undefined
COMMAND: POST /session/948cfef606f1c327c7afa492aa33856c/element - {"using":"xpath","value":"//*[@id=\"__button22\"]"}
RESULT: {"using":"xpath","value":"//*[@id=\"__button22\"]"}
COMMAND: POST /session/948cfef606f1c327c7afa492aa33856c/element/f.B11FB8328C47749F850BA47268692D59.d.C921DDCC2D9B5C0545CADFEC0787443D.e.9706/click - {}
RESULT: {}
COMMAND: GET /session/948cfef606f1c327c7afa492aa33856c/screenshot - {}
RESULT: {}
COMMAND: POST /session/948cfef606f1c327c7afa492aa33856c/element - {"using":"xpath","value":"(//bdi[contains(text() ,\"Save\")])[1]"}
RESULT: {"using":"xpath","value":"(//bdi[contains(text() ,\"Save\")])[1]"}
COMMAND: POST /session/948cfef606f1c327c7afa492aa33856c/element/f.B11FB8328C47749F850BA47268692D59.d.C921DDCC2D9B5C0545CADFEC0787443D.e.9708/click - {}
RESULT: {}
COMMAND: GET /session/948cfef606f1c327c7afa492aa33856c/screenshot - {}
RESULT: {}
COMMAND: POST /session/948cfef606f1c327c7afa492aa33856c/execute/async - {"script":"<script> [1562 bytes]","args":[{"selector":{"controlType":"sap.m.Title","properties":{"text":"Success"},"searchOpenDialogs":true},"wdio_ui5_key":"sapm.Title{\"text\":\"Success\"}"}]}
RESULT: {"script":"<script> [1562 bytes]","args":[{"selector":{"controlType":"sap.m.Title","properties":{"text":"Success"},"searchOpenDialogs":true},"wdio_ui5_key":"sapm.Title{\"text\":\"Success\"}"}]}
RESULT: undefined
COMMAND: POST /session/948cfef606f1c327c7afa492aa33856c/execute/async - {"script":"<script> [6424 bytes]","args":[{"element-6066-11e4-a52e-4f735466cecf":"f.B11FB8328C47749F850BA47268692D59.d.C921DDCC2D9B5C0545CADFEC0787443D.e.9712"},"getText",[]]}
RESULT: {"script":"<script> [6424 bytes]","args":[{"element-6066-11e4-a52e-4f735466cecf":"f.B11FB8328C47749F850BA47268692D59.d.C921DDCC2D9B5C0545CADFEC0787443D.e.9712"},"getText",[]]}
COMMAND: POST /session/948cfef606f1c327c7afa492aa33856c/execute/async - {"script":"<script> [1562 bytes]","args":[{"selector":{"controlType":"sap.m.Button","properties":{"text":"Close"},"searchOpenDialogs":true,"interaction":{"idSuffix":"BDI-content"}},"wdio_ui5_key":"sapm.Button{\"text\":\"Close\"}"}]}
RESULT: {"script":"<script> [1562 bytes]","args":[{"selector":{"controlType":"sap.m.Button","properties":{"text":"Close"},"searchOpenDialogs":true,"interaction":{"idSuffix":"BDI-content"}},"wdio_ui5_key":"sapm.Button{\"text\":\"Close\"}"}]}
RESULT: undefined
COMMAND: POST /session/948cfef606f1c327c7afa492aa33856c/element - {"using":"xpath","value":"//*[@id=\"__mbox-btn-0\"]"}
RESULT: {"using":"xpath","value":"//*[@id=\"__mbox-btn-0\"]"}
COMMAND: POST /session/948cfef606f1c327c7afa492aa33856c/element/f.B11FB8328C47749F850BA47268692D59.d.C921DDCC2D9B5C0545CADFEC0787443D.e.9711/click - {}
RESULT: {}
COMMAND: GET /session/948cfef606f1c327c7afa492aa33856c/screenshot - {}
RESULT: {}
]]></system-out>
    </testcase>
    <testcase classname="chrome.136_0_7103_93.windows.Reserve/Unreserve_request_item_via_reserve_option_US139161" name="Should navigate to planning board and reserve the resource" time="98.147">
      <system-out><![CDATA[
COMMAND: POST /session/948cfef606f1c327c7afa492aa33856c/execute/async - {"script":"<script> [1562 bytes]","args":[{"selector":{"controlType":"sap.m.Button","viewName":"etm.portal.ui.managerequests.view.Detail","i18NText":{"propertyName":"text","key":"planningSituation"},"interaction":{"idSuffix":"BDI-content"}},"wdio_ui5_key":"etmportal.ui.managerequests.view.Detailsap.m.Button{\"propertyName\":\"text\",\"key\":\"planningSituation\"}"}]}
RESULT: {"script":"<script> [1562 bytes]","args":[{"selector":{"controlType":"sap.m.Button","viewName":"etm.portal.ui.managerequests.view.Detail","i18NText":{"propertyName":"text","key":"planningSituation"},"interaction":{"idSuffix":"BDI-content"}},"wdio_ui5_key":"etmportal.ui.managerequests.view.Detailsap.m.Button{\"propertyName\":\"text\",\"key\":\"planningSituation\"}"}]}
RESULT: undefined
COMMAND: POST /session/948cfef606f1c327c7afa492aa33856c/element - {"using":"xpath","value":"//*[@id=\"__button25\"]"}
RESULT: {"using":"xpath","value":"//*[@id=\"__button25\"]"}
COMMAND: POST /session/948cfef606f1c327c7afa492aa33856c/element/f.B11FB8328C47749F850BA47268692D59.d.C921DDCC2D9B5C0545CADFEC0787443D.e.9740/click - {}
RESULT: {}
COMMAND: GET /session/948cfef606f1c327c7afa492aa33856c/screenshot - {}
RESULT: {}
COMMAND: POST /session/948cfef606f1c327c7afa492aa33856c/element - {"using":"xpath","value":"(//span[contains(@title ,\"WebdriverYardmmv3l\")])[1]"}
RESULT: {"using":"xpath","value":"(//span[contains(@title ,\"WebdriverYardmmv3l\")])[1]"}
COMMAND: POST /session/948cfef606f1c327c7afa492aa33856c/elements - {"using":"xpath","value":"(//span[contains(@title ,\"WebdriverYardmmv3l\")])[1]"}
RESULT: {"using":"xpath","value":"(//span[contains(@title ,\"WebdriverYardmmv3l\")])[1]"}
COMMAND: POST /session/948cfef606f1c327c7afa492aa33856c/elements - {"using":"xpath","value":"(//span[contains(@title ,\"WebdriverYardmmv3l\")])[1]"}
RESULT: {"using":"xpath","value":"(//span[contains(@title ,\"WebdriverYardmmv3l\")])[1]"}
COMMAND: POST /session/948cfef606f1c327c7afa492aa33856c/elements - {"using":"xpath","value":"(//span[contains(@title ,\"WebdriverYardmmv3l\")])[1]"}
RESULT: {"using":"xpath","value":"(//span[contains(@title ,\"WebdriverYardmmv3l\")])[1]"}
COMMAND: POST /session/948cfef606f1c327c7afa492aa33856c/elements - {"using":"xpath","value":"(//span[contains(@title ,\"WebdriverYardmmv3l\")])[1]"}
RESULT: {"using":"xpath","value":"(//span[contains(@title ,\"WebdriverYardmmv3l\")])[1]"}
COMMAND: POST /session/948cfef606f1c327c7afa492aa33856c/elements - {"using":"xpath","value":"(//span[contains(@title ,\"WebdriverYardmmv3l\")])[1]"}
RESULT: {"using":"xpath","value":"(//span[contains(@title ,\"WebdriverYardmmv3l\")])[1]"}
COMMAND: POST /session/948cfef606f1c327c7afa492aa33856c/elements - {"using":"xpath","value":"(//span[contains(@title ,\"WebdriverYardmmv3l\")])[1]"}
RESULT: {"using":"xpath","value":"(//span[contains(@title ,\"WebdriverYardmmv3l\")])[1]"}
COMMAND: POST /session/948cfef606f1c327c7afa492aa33856c/elements - {"using":"xpath","value":"(//span[contains(@title ,\"WebdriverYardmmv3l\")])[1]"}
RESULT: {"using":"xpath","value":"(//span[contains(@title ,\"WebdriverYardmmv3l\")])[1]"}
COMMAND: POST /session/948cfef606f1c327c7afa492aa33856c/elements - {"using":"xpath","value":"(//span[contains(@title ,\"WebdriverYardmmv3l\")])[1]"}
RESULT: {"using":"xpath","value":"(//span[contains(@title ,\"WebdriverYardmmv3l\")])[1]"}
COMMAND: POST /session/948cfef606f1c327c7afa492aa33856c/elements - {"using":"xpath","value":"(//span[contains(@title ,\"WebdriverYardmmv3l\")])[1]"}
RESULT: {"using":"xpath","value":"(//span[contains(@title ,\"WebdriverYardmmv3l\")])[1]"}
COMMAND: POST /session/948cfef606f1c327c7afa492aa33856c/elements - {"using":"xpath","value":"(//span[contains(@title ,\"WebdriverYardmmv3l\")])[1]"}
RESULT: {"using":"xpath","value":"(//span[contains(@title ,\"WebdriverYardmmv3l\")])[1]"}
COMMAND: POST /session/948cfef606f1c327c7afa492aa33856c/elements - {"using":"xpath","value":"(//span[contains(@title ,\"WebdriverYardmmv3l\")])[1]"}
RESULT: {"using":"xpath","value":"(//span[contains(@title ,\"WebdriverYardmmv3l\")])[1]"}
COMMAND: POST /session/948cfef606f1c327c7afa492aa33856c/elements - {"using":"xpath","value":"(//span[contains(@title ,\"WebdriverYardmmv3l\")])[1]"}
RESULT: {"using":"xpath","value":"(//span[contains(@title ,\"WebdriverYardmmv3l\")])[1]"}
COMMAND: POST /session/948cfef606f1c327c7afa492aa33856c/elements - {"using":"xpath","value":"(//span[contains(@title ,\"WebdriverYardmmv3l\")])[1]"}
RESULT: {"using":"xpath","value":"(//span[contains(@title ,\"WebdriverYardmmv3l\")])[1]"}
COMMAND: POST /session/948cfef606f1c327c7afa492aa33856c/elements - {"using":"xpath","value":"(//span[contains(@title ,\"WebdriverYardmmv3l\")])[1]"}
RESULT: {"using":"xpath","value":"(//span[contains(@title ,\"WebdriverYardmmv3l\")])[1]"}
COMMAND: POST /session/948cfef606f1c327c7afa492aa33856c/elements - {"using":"xpath","value":"(//span[contains(@title ,\"WebdriverYardmmv3l\")])[1]"}
RESULT: {"using":"xpath","value":"(//span[contains(@title ,\"WebdriverYardmmv3l\")])[1]"}
COMMAND: POST /session/948cfef606f1c327c7afa492aa33856c/elements - {"using":"xpath","value":"(//span[contains(@title ,\"WebdriverYardmmv3l\")])[1]"}
RESULT: {"using":"xpath","value":"(//span[contains(@title ,\"WebdriverYardmmv3l\")])[1]"}
COMMAND: POST /session/948cfef606f1c327c7afa492aa33856c/elements - {"using":"xpath","value":"(//span[contains(@title ,\"WebdriverYardmmv3l\")])[1]"}
RESULT: {"using":"xpath","value":"(//span[contains(@title ,\"WebdriverYardmmv3l\")])[1]"}
COMMAND: POST /session/948cfef606f1c327c7afa492aa33856c/elements - {"using":"xpath","value":"(//span[contains(@title ,\"WebdriverYardmmv3l\")])[1]"}
RESULT: {"using":"xpath","value":"(//span[contains(@title ,\"WebdriverYardmmv3l\")])[1]"}
COMMAND: POST /session/948cfef606f1c327c7afa492aa33856c/elements - {"using":"xpath","value":"(//span[contains(@title ,\"WebdriverYardmmv3l\")])[1]"}
RESULT: {"using":"xpath","value":"(//span[contains(@title ,\"WebdriverYardmmv3l\")])[1]"}
COMMAND: POST /session/948cfef606f1c327c7afa492aa33856c/elements - {"using":"xpath","value":"(//span[contains(@title ,\"WebdriverYardmmv3l\")])[1]"}
RESULT: {"using":"xpath","value":"(//span[contains(@title ,\"WebdriverYardmmv3l\")])[1]"}
COMMAND: POST /session/948cfef606f1c327c7afa492aa33856c/elements - {"using":"xpath","value":"(//span[contains(@title ,\"WebdriverYardmmv3l\")])[1]"}
RESULT: {"using":"xpath","value":"(//span[contains(@title ,\"WebdriverYardmmv3l\")])[1]"}
COMMAND: POST /session/948cfef606f1c327c7afa492aa33856c/elements - {"using":"xpath","value":"(//span[contains(@title ,\"WebdriverYardmmv3l\")])[1]"}
RESULT: {"using":"xpath","value":"(//span[contains(@title ,\"WebdriverYardmmv3l\")])[1]"}
COMMAND: POST /session/948cfef606f1c327c7afa492aa33856c/elements - {"using":"xpath","value":"(//span[contains(@title ,\"WebdriverYardmmv3l\")])[1]"}
RESULT: {"using":"xpath","value":"(//span[contains(@title ,\"WebdriverYardmmv3l\")])[1]"}
COMMAND: POST /session/948cfef606f1c327c7afa492aa33856c/elements - {"using":"xpath","value":"(//span[contains(@title ,\"WebdriverYardmmv3l\")])[1]"}
RESULT: {"using":"xpath","value":"(//span[contains(@title ,\"WebdriverYardmmv3l\")])[1]"}
COMMAND: POST /session/948cfef606f1c327c7afa492aa33856c/elements - {"using":"xpath","value":"(//span[contains(@title ,\"WebdriverYardmmv3l\")])[1]"}
RESULT: {"using":"xpath","value":"(//span[contains(@title ,\"WebdriverYardmmv3l\")])[1]"}
COMMAND: POST /session/948cfef606f1c327c7afa492aa33856c/elements - {"using":"xpath","value":"(//span[contains(@title ,\"WebdriverYardmmv3l\")])[1]"}
RESULT: {"using":"xpath","value":"(//span[contains(@title ,\"WebdriverYardmmv3l\")])[1]"}
COMMAND: POST /session/948cfef606f1c327c7afa492aa33856c/elements - {"using":"xpath","value":"(//span[contains(@title ,\"WebdriverYardmmv3l\")])[1]"}
RESULT: {"using":"xpath","value":"(//span[contains(@title ,\"WebdriverYardmmv3l\")])[1]"}
COMMAND: POST /session/948cfef606f1c327c7afa492aa33856c/elements - {"using":"xpath","value":"(//span[contains(@title ,\"WebdriverYardmmv3l\")])[1]"}
RESULT: {"using":"xpath","value":"(//span[contains(@title ,\"WebdriverYardmmv3l\")])[1]"}
COMMAND: POST /session/948cfef606f1c327c7afa492aa33856c/elements - {"using":"xpath","value":"(//span[contains(@title ,\"WebdriverYardmmv3l\")])[1]"}
RESULT: {"using":"xpath","value":"(//span[contains(@title ,\"WebdriverYardmmv3l\")])[1]"}
COMMAND: POST /session/948cfef606f1c327c7afa492aa33856c/elements - {"using":"xpath","value":"(//span[contains(@title ,\"WebdriverYardmmv3l\")])[1]"}
RESULT: {"using":"xpath","value":"(//span[contains(@title ,\"WebdriverYardmmv3l\")])[1]"}
COMMAND: POST /session/948cfef606f1c327c7afa492aa33856c/element - {"using":"xpath","value":"(//span[contains(@title ,\"WebdriverYardmmv3l\")])[1]"}
RESULT: {"using":"xpath","value":"(//span[contains(@title ,\"WebdriverYardmmv3l\")])[1]"}
COMMAND: POST /session/948cfef606f1c327c7afa492aa33856c/execute/sync - {"script":"<script> [8489 bytes]","args":[{"element-6066-11e4-a52e-4f735466cecf":"f.B11FB8328C47749F850BA47268692D59.d.C921DDCC2D9B5C0545CADFEC0787443D.e.10179","ELEMENT":"f.B11FB8328C47749F850BA47268692D59.d.C921DDCC2D9B5C0545CADFEC0787443D.e.10179"}]}
RESULT: {"script":"<script> [8489 bytes]","args":[{"element-6066-11e4-a52e-4f735466cecf":"f.B11FB8328C47749F850BA47268692D59.d.C921DDCC2D9B5C0545CADFEC0787443D.e.10179","ELEMENT":"f.B11FB8328C47749F850BA47268692D59.d.C921DDCC2D9B5C0545CADFEC0787443D.e.10179"}]}
COMMAND: POST /session/948cfef606f1c327c7afa492aa33856c/element - {"using":"xpath","value":"(//span[contains(@title ,\"WebdriverYardmmv3l\")])[1]"}
COMMAND: GET /session/948cfef606f1c327c7afa492aa33856c/screenshot - {}
RESULT: {"using":"xpath","value":"(//span[contains(@title ,\"WebdriverYardmmv3l\")])[1]"}
COMMAND: POST /session/948cfef606f1c327c7afa492aa33856c/actions - {"actions":[{"id":"action71","type":"pointer","parameters":{"pointerType":"mouse"},"actions":[{"type":"pointerMove","button":0,"width":0,"height":0,"pressure":0,"tangentialPressure":0,"tiltX":0,"tiltY":0,"twist":0,"altitudeAngle":0,"_":"5 more keys: [\"azimuthAngle\",\"x\",\"y\",\"duration\",\"origin\"]"},{"type":"pointerDown","button":2,"width":0,"height":0,"pressure":0,"tangentialPressure":0,"tiltX":0,"tiltY":0,"twist":0,"altitudeAngle":0,"_":"1 more keys: [\"azimuthAngle\"]"},{"type":"pointerUp","button":2}]}]}
RESULT: {}
RESULT: {"actions":[{"id":"action71","type":"pointer","parameters":{"pointerType":"mouse"},"actions":[{"type":"pointerMove","button":0,"width":0,"height":0,"pressure":0,"tangentialPressure":0,"tiltX":0,"tiltY":0,"twist":0,"altitudeAngle":0,"_":"5 more keys: [\"azimuthAngle\",\"x\",\"y\",\"duration\",\"origin\"]"},{"type":"pointerDown","button":2,"width":0,"height":0,"pressure":0,"tangentialPressure":0,"tiltX":0,"tiltY":0,"twist":0,"altitudeAngle":0,"_":"1 more keys: [\"azimuthAngle\"]"},{"type":"pointerUp","button":2}]}]}
COMMAND: DELETE /session/948cfef606f1c327c7afa492aa33856c/actions - {}
COMMAND: GET /session/948cfef606f1c327c7afa492aa33856c/screenshot - {}
RESULT: {}
COMMAND: GET /session/948cfef606f1c327c7afa492aa33856c/screenshot - {}
RESULT: {}
RESULT: {}
COMMAND: POST /session/948cfef606f1c327c7afa492aa33856c/actions - {"actions":[{"id":"action72","type":"key","parameters":{},"actions":[{"type":"keyDown","value":""},{"type":"pause","duration":10},{"type":"keyUp","value":""}]}]}
RESULT: {"actions":[{"id":"action72","type":"key","parameters":{},"actions":[{"type":"keyDown","value":""},{"type":"pause","duration":10},{"type":"keyUp","value":""}]}]}
COMMAND: GET /session/948cfef606f1c327c7afa492aa33856c/screenshot - {}
RESULT: {}
COMMAND: POST /session/948cfef606f1c327c7afa492aa33856c/actions - {"actions":[{"id":"action73","type":"key","parameters":{},"actions":[{"type":"keyDown","value":""},{"type":"pause","duration":10},{"type":"keyUp","value":""}]}]}
RESULT: {"actions":[{"id":"action73","type":"key","parameters":{},"actions":[{"type":"keyDown","value":""},{"type":"pause","duration":10},{"type":"keyUp","value":""}]}]}
COMMAND: GET /session/948cfef606f1c327c7afa492aa33856c/screenshot - {}
RESULT: {}
COMMAND: POST /session/948cfef606f1c327c7afa492aa33856c/execute/async - {"script":"<script> [1562 bytes]","args":[{"selector":{"id":"application-planningboard-display-component---pB_RequestHeader--RUreservationComment","searchOpenDialogs":true,"interaction":{"idSuffix":"inner"}},"wdio_ui5_key":"applicationplanningboard-display-component---pB_RequestHeader--RUreservationComment"}]}
RESULT: {"script":"<script> [1562 bytes]","args":[{"selector":{"id":"application-planningboard-display-component---pB_RequestHeader--RUreservationComment","searchOpenDialogs":true,"interaction":{"idSuffix":"inner"}},"wdio_ui5_key":"applicationplanningboard-display-component---pB_RequestHeader--RUreservationComment"}]}
RESULT: undefined
COMMAND: POST /session/948cfef606f1c327c7afa492aa33856c/execute/async - {"script":"<script> [776 bytes]","args":[{"enterText":"WdIORes1numdo","selector":{"id":"application-planningboard-display-component---pB_RequestHeader--RUreservationComment","searchOpenDialogs":true,"interaction":{"idSuffix":"inner"}},"clearTextFirst":true,"interactionType":"ENTER_TEXT"}]}
RESULT: {"script":"<script> [776 bytes]","args":[{"enterText":"WdIORes1numdo","selector":{"id":"application-planningboard-display-component---pB_RequestHeader--RUreservationComment","searchOpenDialogs":true,"interaction":{"idSuffix":"inner"}},"clearTextFirst":true,"interactionType":"ENTER_TEXT"}]}
COMMAND: POST /session/948cfef606f1c327c7afa492aa33856c/execute/async - {"script":"<script> [1562 bytes]","args":[{"selector":{"controlType":"sap.m.Button","viewName":"etm.portal.ui.planningboard.view.detail.RequestHeader","viewId":"application-planningboard-display-component---pB_RequestHeader","properties":{"text":"Ok"},"searchOpenDialogs":true,"interaction":{"idSuffix":"BDI-content"}},"wdio_ui5_key":"etmportal.ui.planningboard.view.detail.RequestHeadersap.m.Button{\"text\":\"Ok\"}"}]}
RESULT: {"script":"<script> [1562 bytes]","args":[{"selector":{"controlType":"sap.m.Button","viewName":"etm.portal.ui.planningboard.view.detail.RequestHeader","viewId":"application-planningboard-display-component---pB_RequestHeader","properties":{"text":"Ok"},"searchOpenDialogs":true,"interaction":{"idSuffix":"BDI-content"}},"wdio_ui5_key":"etmportal.ui.planningboard.view.detail.RequestHeadersap.m.Button{\"text\":\"Ok\"}"}]}
RESULT: undefined
COMMAND: POST /session/948cfef606f1c327c7afa492aa33856c/element - {"using":"xpath","value":"//*[@id=\"__button188\"]"}
RESULT: {"using":"xpath","value":"//*[@id=\"__button188\"]"}
COMMAND: POST /session/948cfef606f1c327c7afa492aa33856c/element/f.B11FB8328C47749F850BA47268692D59.d.C921DDCC2D9B5C0545CADFEC0787443D.e.10194/click - {}
RESULT: {}
COMMAND: GET /session/948cfef606f1c327c7afa492aa33856c/screenshot - {}
RESULT: {}
COMMAND: POST /session/948cfef606f1c327c7afa492aa33856c/element - {"using":"xpath","value":"//span[contains(@title ,\"WebdriverYardmmv3l\")]"}
RESULT: {"using":"xpath","value":"//span[contains(@title ,\"WebdriverYardmmv3l\")]"}
COMMAND: POST /session/948cfef606f1c327c7afa492aa33856c/actions - {"actions":[{"id":"action74","type":"pointer","parameters":{"pointerType":"mouse"},"actions":[{"type":"pointerMove","button":0,"width":0,"height":0,"pressure":0,"tangentialPressure":0,"tiltX":0,"tiltY":0,"twist":0,"altitudeAngle":0,"_":"5 more keys: [\"azimuthAngle\",\"x\",\"y\",\"duration\",\"origin\"]"},{"type":"pointerDown","button":2,"width":0,"height":0,"pressure":0,"tangentialPressure":0,"tiltX":0,"tiltY":0,"twist":0,"altitudeAngle":0,"_":"1 more keys: [\"azimuthAngle\"]"},{"type":"pointerUp","button":2}]}]}
RESULT: {"actions":[{"id":"action74","type":"pointer","parameters":{"pointerType":"mouse"},"actions":[{"type":"pointerMove","button":0,"width":0,"height":0,"pressure":0,"tangentialPressure":0,"tiltX":0,"tiltY":0,"twist":0,"altitudeAngle":0,"_":"5 more keys: [\"azimuthAngle\",\"x\",\"y\",\"duration\",\"origin\"]"},{"type":"pointerDown","button":2,"width":0,"height":0,"pressure":0,"tangentialPressure":0,"tiltX":0,"tiltY":0,"twist":0,"altitudeAngle":0,"_":"1 more keys: [\"azimuthAngle\"]"},{"type":"pointerUp","button":2}]}]}
COMMAND: DELETE /session/948cfef606f1c327c7afa492aa33856c/actions - {}
COMMAND: GET /session/948cfef606f1c327c7afa492aa33856c/screenshot - {}
RESULT: {}
COMMAND: GET /session/948cfef606f1c327c7afa492aa33856c/screenshot - {}
RESULT: {}
RESULT: {}
COMMAND: POST /session/948cfef606f1c327c7afa492aa33856c/actions - {"actions":[{"id":"action75","type":"key","parameters":{},"actions":[{"type":"keyDown","value":""},{"type":"pause","duration":10},{"type":"keyUp","value":""}]}]}
RESULT: {"actions":[{"id":"action75","type":"key","parameters":{},"actions":[{"type":"keyDown","value":""},{"type":"pause","duration":10},{"type":"keyUp","value":""}]}]}
COMMAND: GET /session/948cfef606f1c327c7afa492aa33856c/screenshot - {}
RESULT: {}
COMMAND: POST /session/948cfef606f1c327c7afa492aa33856c/actions - {"actions":[{"id":"action76","type":"key","parameters":{},"actions":[{"type":"keyDown","value":""},{"type":"pause","duration":10},{"type":"keyUp","value":""}]}]}
RESULT: {"actions":[{"id":"action76","type":"key","parameters":{},"actions":[{"type":"keyDown","value":""},{"type":"pause","duration":10},{"type":"keyUp","value":""}]}]}
COMMAND: GET /session/948cfef606f1c327c7afa492aa33856c/screenshot - {}
RESULT: {}
RESULT: undefined
COMMAND: POST /session/948cfef606f1c327c7afa492aa33856c/execute/async - {"script":"<script> [776 bytes]","args":[{"enterText":"WdIORes239hro","selector":{"id":"application-planningboard-display-component---pB_RequestHeader--RUreservationComment","searchOpenDialogs":true,"interaction":{"idSuffix":"inner"}},"clearTextFirst":true,"interactionType":"ENTER_TEXT"}]}
RESULT: {"script":"<script> [776 bytes]","args":[{"enterText":"WdIORes239hro","selector":{"id":"application-planningboard-display-component---pB_RequestHeader--RUreservationComment","searchOpenDialogs":true,"interaction":{"idSuffix":"inner"}},"clearTextFirst":true,"interactionType":"ENTER_TEXT"}]}
RESULT: undefined
COMMAND: POST /session/948cfef606f1c327c7afa492aa33856c/element - {"using":"xpath","value":"//*[@id=\"__button188\"]"}
RESULT: {"using":"xpath","value":"//*[@id=\"__button188\"]"}
COMMAND: POST /session/948cfef606f1c327c7afa492aa33856c/element/f.B11FB8328C47749F850BA47268692D59.d.C921DDCC2D9B5C0545CADFEC0787443D.e.10280/click - {}
RESULT: {}
COMMAND: GET /session/948cfef606f1c327c7afa492aa33856c/screenshot - {}
RESULT: {}
COMMAND: POST /session/948cfef606f1c327c7afa492aa33856c/execute/async - {"script":"<script> [1562 bytes]","args":[{"selector":{"controlType":"sap.m.Button","viewName":"etm.portal.ui.planningboard.view.detail.RequestHeader","viewId":"application-planningboard-display-component---pB_RequestHeader","i18NText":{"propertyName":"text","key":"close"},"ancestor":{"id":"application-planningboard-display-component---pB_RequestHeader--requestItemDetails"},"interaction":{"idSuffix":"BDI-content"}},"wdio_ui5_key":"etmportal.ui.planningboard.view.detail.RequestHeadersap.m.Button{\"propertyName\":\"text\",\"key\":\"close\"}{\"id\":\"application-planningboard-display-component---pB_RequestHeader--requestItemDetails\"}"}]}
RESULT: {"script":"<script> [1562 bytes]","args":[{"selector":{"controlType":"sap.m.Button","viewName":"etm.portal.ui.planningboard.view.detail.RequestHeader","viewId":"application-planningboard-display-component---pB_RequestHeader","i18NText":{"propertyName":"text","key":"close"},"ancestor":{"id":"application-planningboard-display-component---pB_RequestHeader--requestItemDetails"},"interaction":{"idSuffix":"BDI-content"}},"wdio_ui5_key":"etmportal.ui.planningboard.view.detail.RequestHeadersap.m.Button{\"propertyName\":\"text\",\"key\":\"close\"}{\"id\":\"application-planningboard-display-component---pB_RequestHeader--requestItemDetails\"}"}]}
RESULT: undefined
COMMAND: POST /session/948cfef606f1c327c7afa492aa33856c/element - {"using":"xpath","value":"//*[@id=\"__button64\"]"}
RESULT: {"using":"xpath","value":"//*[@id=\"__button64\"]"}
COMMAND: POST /session/948cfef606f1c327c7afa492aa33856c/element/f.B11FB8328C47749F850BA47268692D59.d.C921DDCC2D9B5C0545CADFEC0787443D.e.10204/click - {}
RESULT: {}
COMMAND: GET /session/948cfef606f1c327c7afa492aa33856c/screenshot - {}
RESULT: {}
COMMAND: POST /session/948cfef606f1c327c7afa492aa33856c/execute/async - {"script":"<script> [1562 bytes]","args":[{"selector":{"id":"application-planningboard-display-component---pB_Master--selectView","interaction":{"idSuffix":"arrow"}},"wdio_ui5_key":"applicationplanningboard-display-component---pB_Master--selectView"}]}
RESULT: {"script":"<script> [1562 bytes]","args":[{"selector":{"id":"application-planningboard-display-component---pB_Master--selectView","interaction":{"idSuffix":"arrow"}},"wdio_ui5_key":"applicationplanningboard-display-component---pB_Master--selectView"}]}
RESULT: undefined
COMMAND: POST /session/948cfef606f1c327c7afa492aa33856c/element - {"using":"xpath","value":"//*[@id=\"application-planningboard-display-component---pB_Master--selectView\"]"}
RESULT: {"using":"xpath","value":"//*[@id=\"application-planningboard-display-component---pB_Master--selectView\"]"}
COMMAND: POST /session/948cfef606f1c327c7afa492aa33856c/element/f.B11FB8328C47749F850BA47268692D59.d.C921DDCC2D9B5C0545CADFEC0787443D.e.10488/click - {}
RESULT: {}
COMMAND: GET /session/948cfef606f1c327c7afa492aa33856c/screenshot - {}
RESULT: {}
COMMAND: POST /session/948cfef606f1c327c7afa492aa33856c/execute/async - {"script":"<script> [1562 bytes]","args":[{"selector":{"controlType":"sap.ui.core.Item","viewName":"etm.portal.ui.planningboard.view.Master","viewId":"application-planningboard-display-component---pB_Master","i18NText":{"propertyName":"text","key":"manageReservations"},"searchOpenDialogs":true},"wdio_ui5_key":"etmportal.ui.planningboard.view.Mastersap.ui.core.Item{\"propertyName\":\"text\",\"key\":\"manageReservations\"}"}]}
RESULT: {"script":"<script> [1562 bytes]","args":[{"selector":{"controlType":"sap.ui.core.Item","viewName":"etm.portal.ui.planningboard.view.Master","viewId":"application-planningboard-display-component---pB_Master","i18NText":{"propertyName":"text","key":"manageReservations"},"searchOpenDialogs":true},"wdio_ui5_key":"etmportal.ui.planningboard.view.Mastersap.ui.core.Item{\"propertyName\":\"text\",\"key\":\"manageReservations\"}"}]}
RESULT: undefined
COMMAND: POST /session/948cfef606f1c327c7afa492aa33856c/element - {"using":"xpath","value":"//*[@id=\"__item903\"]"}
RESULT: {"using":"xpath","value":"//*[@id=\"__item903\"]"}
COMMAND: POST /session/948cfef606f1c327c7afa492aa33856c/element/f.B11FB8328C47749F850BA47268692D59.d.C921DDCC2D9B5C0545CADFEC0787443D.e.10491/click - {}
RESULT: {}
COMMAND: GET /session/948cfef606f1c327c7afa492aa33856c/screenshot - {}
RESULT: {}
COMMAND: POST /session/948cfef606f1c327c7afa492aa33856c/element - {"using":"xpath","value":"//span[contains(@id ,\"clone\")][contains(text(), \"WdIORes1numdo\")]"}
RESULT: {"using":"xpath","value":"//span[contains(@id ,\"clone\")][contains(text(), \"WdIORes1numdo\")]"}
COMMAND: GET /session/948cfef606f1c327c7afa492aa33856c/element/f.B11FB8328C47749F850BA47268692D59.d.C921DDCC2D9B5C0545CADFEC0787443D.e.10507/text - {}
RESULT: {}
COMMAND: POST /session/948cfef606f1c327c7afa492aa33856c/element - {"using":"xpath","value":"//span[contains(@id ,\"clone\")][contains(text(), \"WdIORes239hro\")]"}
RESULT: {"using":"xpath","value":"//span[contains(@id ,\"clone\")][contains(text(), \"WdIORes239hro\")]"}
COMMAND: POST /session/948cfef606f1c327c7afa492aa33856c/element/f.B11FB8328C47749F850BA47268692D59.d.C921DDCC2D9B5C0545CADFEC0787443D.e.10508/click - {}
RESULT: {}
COMMAND: GET /session/948cfef606f1c327c7afa492aa33856c/screenshot - {}
RESULT: {}
COMMAND: POST /session/948cfef606f1c327c7afa492aa33856c/actions - {"actions":[{"id":"action77","type":"key","parameters":{},"actions":[{"type":"keyDown","value":""},{"type":"pause","duration":10},{"type":"keyUp","value":""}]}]}
RESULT: {"actions":[{"id":"action77","type":"key","parameters":{},"actions":[{"type":"keyDown","value":""},{"type":"pause","duration":10},{"type":"keyUp","value":""}]}]}
COMMAND: GET /session/948cfef606f1c327c7afa492aa33856c/screenshot - {}
RESULT: {}
COMMAND: POST /session/948cfef606f1c327c7afa492aa33856c/execute/async - {"script":"<script> [1562 bytes]","args":[{"selector":{"controlType":"sap.m.Button","viewName":"etm.portal.ui.planningboard.view.detail.Planning","viewId":"application-planningboard-display-component---pB_Planning","i18NText":{"propertyName":"text","key":"unplan"},"interaction":{"idSuffix":"BDI-content"}},"wdio_ui5_key":"etmportal.ui.planningboard.view.detail.Planningsap.m.Button{\"propertyName\":\"text\",\"key\":\"unplan\"}"}]}
RESULT: {"script":"<script> [1562 bytes]","args":[{"selector":{"controlType":"sap.m.Button","viewName":"etm.portal.ui.planningboard.view.detail.Planning","viewId":"application-planningboard-display-component---pB_Planning","i18NText":{"propertyName":"text","key":"unplan"},"interaction":{"idSuffix":"BDI-content"}},"wdio_ui5_key":"etmportal.ui.planningboard.view.detail.Planningsap.m.Button{\"propertyName\":\"text\",\"key\":\"unplan\"}"}]}
RESULT: undefined
COMMAND: POST /session/948cfef606f1c327c7afa492aa33856c/element - {"using":"xpath","value":"//*[@id=\"__button254\"]"}
RESULT: {"using":"xpath","value":"//*[@id=\"__button254\"]"}
COMMAND: POST /session/948cfef606f1c327c7afa492aa33856c/element/f.B11FB8328C47749F850BA47268692D59.d.C921DDCC2D9B5C0545CADFEC0787443D.e.10569/click - {}
RESULT: {}
COMMAND: GET /session/948cfef606f1c327c7afa492aa33856c/screenshot - {}
RESULT: {}
COMMAND: POST /session/948cfef606f1c327c7afa492aa33856c/element - {"using":"xpath","value":"//span[contains(@id ,\"clone\")][contains(text(), \"WdIORes239hro\")]"}
RESULT: {"using":"xpath","value":"//span[contains(@id ,\"clone\")][contains(text(), \"WdIORes239hro\")]"}
COMMAND: POST /session/948cfef606f1c327c7afa492aa33856c/element - {"using":"xpath","value":"//span[contains(@id ,\"clone\")][contains(text(), \"WdIORes239hro\")]"}
RESULT: {"using":"xpath","value":"//span[contains(@id ,\"clone\")][contains(text(), \"WdIORes239hro\")]"}
COMMAND: POST /session/948cfef606f1c327c7afa492aa33856c/element - {"using":"xpath","value":"//span[contains(@id ,\"clone\")][contains(text(), \"WdIORes1numdo\")]"}
RESULT: {"using":"xpath","value":"//span[contains(@id ,\"clone\")][contains(text(), \"WdIORes1numdo\")]"}
COMMAND: POST /session/948cfef606f1c327c7afa492aa33856c/element/f.B11FB8328C47749F850BA47268692D59.d.C921DDCC2D9B5C0545CADFEC0787443D.e.10633/click - {}
RESULT: {}
COMMAND: GET /session/948cfef606f1c327c7afa492aa33856c/screenshot - {}
RESULT: {}
COMMAND: POST /session/948cfef606f1c327c7afa492aa33856c/actions - {"actions":[{"id":"action78","type":"key","parameters":{},"actions":[{"type":"keyDown","value":""},{"type":"pause","duration":10},{"type":"keyUp","value":""}]}]}
RESULT: {"actions":[{"id":"action78","type":"key","parameters":{},"actions":[{"type":"keyDown","value":""},{"type":"pause","duration":10},{"type":"keyUp","value":""}]}]}
COMMAND: GET /session/948cfef606f1c327c7afa492aa33856c/screenshot - {}
RESULT: {}
]]></system-out>
    </testcase>
  </testsuite>
  <testsuite timestamp="2025-05-22T16:10:51" time="30.619" tests="1" failures="0" errors="0" skipped="0">
    <properties>
      <property name="specId" value="0"/>
      <property name="suiteName" value="Reserve/Unreserve request item via reserve option US139161"/>
      <property name="capabilities" value="chrome.136_0_7103_93.windows"/>
      <property name="file" value="file:///D:/a/1/s/test/specs/R2C/manage-reservations-view-planning-board.spec.js"/>
    </properties>
    <testcase classname="chrome.136_0_7103_93.windows.Reserve/Unreserve_request_item_via_reserve_option_US139161" name="Should open a reservation to verify and edit the details" time="30.617">
      <system-out><![CDATA[
COMMAND: POST /session/948cfef606f1c327c7afa492aa33856c/element - {"using":"xpath","value":"//button[contains(@data-kt, \"editButton\")]"}
RESULT: {"using":"xpath","value":"//button[contains(@data-kt, \"editButton\")]"}
COMMAND: POST /session/948cfef606f1c327c7afa492aa33856c/execute/sync - {"script":"<script> [8489 bytes]","args":[{"element-6066-11e4-a52e-4f735466cecf":"f.B11FB8328C47749F850BA47268692D59.d.C921DDCC2D9B5C0545CADFEC0787443D.e.10669","ELEMENT":"f.B11FB8328C47749F850BA47268692D59.d.C921DDCC2D9B5C0545CADFEC0787443D.e.10669"}]}
RESULT: {"script":"<script> [8489 bytes]","args":[{"element-6066-11e4-a52e-4f735466cecf":"f.B11FB8328C47749F850BA47268692D59.d.C921DDCC2D9B5C0545CADFEC0787443D.e.10669","ELEMENT":"f.B11FB8328C47749F850BA47268692D59.d.C921DDCC2D9B5C0545CADFEC0787443D.e.10669"}]}
COMMAND: POST /session/948cfef606f1c327c7afa492aa33856c/element - {"using":"xpath","value":"//button[contains(@data-kt, \"unplanButton\")]"}
COMMAND: GET /session/948cfef606f1c327c7afa492aa33856c/screenshot - {}
RESULT: {"using":"xpath","value":"//button[contains(@data-kt, \"unplanButton\")]"}
COMMAND: POST /session/948cfef606f1c327c7afa492aa33856c/execute/sync - {"script":"<script> [8489 bytes]","args":[{"element-6066-11e4-a52e-4f735466cecf":"f.B11FB8328C47749F850BA47268692D59.d.C921DDCC2D9B5C0545CADFEC0787443D.e.10687","ELEMENT":"f.B11FB8328C47749F850BA47268692D59.d.C921DDCC2D9B5C0545CADFEC0787443D.e.10687"}]}
RESULT: {}
RESULT: {"script":"<script> [8489 bytes]","args":[{"element-6066-11e4-a52e-4f735466cecf":"f.B11FB8328C47749F850BA47268692D59.d.C921DDCC2D9B5C0545CADFEC0787443D.e.10687","ELEMENT":"f.B11FB8328C47749F850BA47268692D59.d.C921DDCC2D9B5C0545CADFEC0787443D.e.10687"}]}
COMMAND: POST /session/948cfef606f1c327c7afa492aa33856c/element - {"using":"xpath","value":"//button[contains(@data-kt, \"editButton\")]"}
COMMAND: GET /session/948cfef606f1c327c7afa492aa33856c/screenshot - {}
RESULT: {"using":"xpath","value":"//button[contains(@data-kt, \"editButton\")]"}
COMMAND: POST /session/948cfef606f1c327c7afa492aa33856c/element/f.B11FB8328C47749F850BA47268692D59.d.C921DDCC2D9B5C0545CADFEC0787443D.e.10669/click - {}
RESULT: {}
RESULT: {}
COMMAND: POST /session/948cfef606f1c327c7afa492aa33856c/element - {"using":"xpath","value":"(//input[contains(@id ,\"picker\")][contains(@aria-roledescription ,\"Date Input\")])[4]"}
COMMAND: GET /session/948cfef606f1c327c7afa492aa33856c/screenshot - {}
RESULT: {"using":"xpath","value":"(//input[contains(@id ,\"picker\")][contains(@aria-roledescription ,\"Date Input\")])[4]"}
COMMAND: POST /session/948cfef606f1c327c7afa492aa33856c/element/f.B11FB8328C47749F850BA47268692D59.d.C921DDCC2D9B5C0545CADFEC0787443D.e.10654/clear - {}
RESULT: {}
RESULT: {}
COMMAND: POST /session/948cfef606f1c327c7afa492aa33856c/element/f.B11FB8328C47749F850BA47268692D59.d.C921DDCC2D9B5C0545CADFEC0787443D.e.10654/value - {"text":"5/24/25"}
COMMAND: GET /session/948cfef606f1c327c7afa492aa33856c/screenshot - {}
RESULT: {"text":"5/24/25"}
COMMAND: GET /session/948cfef606f1c327c7afa492aa33856c/screenshot - {}
RESULT: {}
RESULT: {}
COMMAND: POST /session/948cfef606f1c327c7afa492aa33856c/element - {"using":"xpath","value":"//bdi[contains(text(), \"Save\")]"}
RESULT: {"using":"xpath","value":"//bdi[contains(text(), \"Save\")]"}
COMMAND: POST /session/948cfef606f1c327c7afa492aa33856c/element/f.B11FB8328C47749F850BA47268692D59.d.C921DDCC2D9B5C0545CADFEC0787443D.e.10710/click - {}
RESULT: {}
COMMAND: GET /session/948cfef606f1c327c7afa492aa33856c/screenshot - {}
RESULT: {}
COMMAND: POST /session/948cfef606f1c327c7afa492aa33856c/element - {"using":"xpath","value":"(//input[contains(@id ,\"picker\")][contains(@aria-roledescription ,\"Date Input\")])[4]"}
RESULT: {"using":"xpath","value":"(//input[contains(@id ,\"picker\")][contains(@aria-roledescription ,\"Date Input\")])[4]"}
COMMAND: GET /session/948cfef606f1c327c7afa492aa33856c/element/f.B11FB8328C47749F850BA47268692D59.d.C921DDCC2D9B5C0545CADFEC0787443D.e.10654/property/value - {}
RESULT: {}
COMMAND: GET /session/948cfef606f1c327c7afa492aa33856c/screenshot - {}
RESULT: {}
COMMAND: POST /session/948cfef606f1c327c7afa492aa33856c/element - {"using":"xpath","value":"//bdi[contains(text(), \"Unplan\")]"}
RESULT: {"using":"xpath","value":"//bdi[contains(text(), \"Unplan\")]"}
COMMAND: POST /session/948cfef606f1c327c7afa492aa33856c/element/f.B11FB8328C47749F850BA47268692D59.d.C921DDCC2D9B5C0545CADFEC0787443D.e.10722/click - {}
RESULT: {}
COMMAND: GET /session/948cfef606f1c327c7afa492aa33856c/screenshot - {}
RESULT: {}
COMMAND: POST /session/948cfef606f1c327c7afa492aa33856c/element - {"using":"css selector","value":"#shell-header-logo"}
RESULT: {"using":"css selector","value":"#shell-header-logo"}
COMMAND: POST /session/948cfef606f1c327c7afa492aa33856c/element/f.B11FB8328C47749F850BA47268692D59.d.C921DDCC2D9B5C0545CADFEC0787443D.e.9260/click - {}
RESULT: {}
COMMAND: GET /session/948cfef606f1c327c7afa492aa33856c/screenshot - {}
RESULT: {}
]]></system-out>
    </testcase>
  </testsuite>
  <testsuite timestamp="2025-05-22T16:11:21" time="442.654" tests="4" failures="0" errors="0" skipped="0">
    <properties>
      <property name="specId" value="0"/>
      <property name="suiteName" value="Process request items into an existing quotation US120163"/>
      <property name="capabilities" value="chrome.136_0_7103_93.windows"/>
      <property name="file" value="file:///D:/a/1/s/test/specs/R2C/process-request-items-into-existing-quotation.spec.js"/>
    </properties>
    <testcase classname="chrome.136_0_7103_93.windows.Process_request_items_into_an_existing_quotation_US120163" name="Should create a new quotation" time="106.227">
      <system-out><![CDATA[
COMMAND: POST /session/948cfef606f1c327c7afa492aa33856c/execute/async - {"script":"<script> [1562 bytes]","args":[{"selector":{"controlType":"sap.m.GenericTile","properties":{"header":"Manage Quotations"}},"wdio_ui5_key":"sapm.GenericTile{\"header\":\"Manage Quotations\"}"}]}
RESULT: {"script":"<script> [1562 bytes]","args":[{"selector":{"controlType":"sap.m.GenericTile","properties":{"header":"Manage Quotations"}},"wdio_ui5_key":"sapm.GenericTile{\"header\":\"Manage Quotations\"}"}]}
RESULT: undefined
COMMAND: POST /session/948cfef606f1c327c7afa492aa33856c/element - {"using":"xpath","value":"//*[@id=\"__tile132\"]"}
RESULT: {"using":"xpath","value":"//*[@id=\"__tile132\"]"}
COMMAND: POST /session/948cfef606f1c327c7afa492aa33856c/element/f.B11FB8328C47749F850BA47268692D59.d.C921DDCC2D9B5C0545CADFEC0787443D.e.10775/click - {}
RESULT: {}
COMMAND: GET /session/948cfef606f1c327c7afa492aa33856c/screenshot - {}
RESULT: {}
COMMAND: POST /session/948cfef606f1c327c7afa492aa33856c/elements - {"using":"xpath","value":"//span[text()='Error']"}
RESULT: {"using":"xpath","value":"//span[text()='Error']"}
COMMAND: POST /session/948cfef606f1c327c7afa492aa33856c/element - {"using":"xpath","value":"//button[contains(@title ,\"Add New Contract\")]"}
RESULT: {"using":"xpath","value":"//button[contains(@title ,\"Add New Contract\")]"}
COMMAND: POST /session/948cfef606f1c327c7afa492aa33856c/element/f.B11FB8328C47749F850BA47268692D59.d.C921DDCC2D9B5C0545CADFEC0787443D.e.10814/click - {}
RESULT: {}
COMMAND: GET /session/948cfef606f1c327c7afa492aa33856c/screenshot - {}
RESULT: {}
COMMAND: POST /session/948cfef606f1c327c7afa492aa33856c/element - {"using":"xpath","value":"//input[contains(@id ,\"application-managequotations-display-component---AddNewContract--projectDescription-inner\")]"}
RESULT: {"using":"xpath","value":"//input[contains(@id ,\"application-managequotations-display-component---AddNewContract--projectDescription-inner\")]"}
COMMAND: POST /session/948cfef606f1c327c7afa492aa33856c/element/f.B11FB8328C47749F850BA47268692D59.d.C921DDCC2D9B5C0545CADFEC0787443D.e.11106/value - {"text":"WdIOQuotationnuimb"}
RESULT: {"text":"WdIOQuotationnuimb"}
COMMAND: GET /session/948cfef606f1c327c7afa492aa33856c/screenshot - {}
RESULT: {}
COMMAND: POST /session/948cfef606f1c327c7afa492aa33856c/element - {"using":"xpath","value":"//input[contains(@id ,\"application-managequotations-display-component---AddNewContract--yardId-inner\")]"}
RESULT: {"using":"xpath","value":"//input[contains(@id ,\"application-managequotations-display-component---AddNewContract--yardId-inner\")]"}
COMMAND: POST /session/948cfef606f1c327c7afa492aa33856c/element/f.B11FB8328C47749F850BA47268692D59.d.C921DDCC2D9B5C0545CADFEC0787443D.e.11109/value - {"text":"WebdriverYardmmv3l"}
RESULT: {"text":"WebdriverYardmmv3l"}
COMMAND: GET /session/948cfef606f1c327c7afa492aa33856c/screenshot - {}
RESULT: {}
COMMAND: POST /session/948cfef606f1c327c7afa492aa33856c/actions - {"actions":[{"id":"action79","type":"key","parameters":{},"actions":[{"type":"keyDown","value":""},{"type":"pause","duration":10},{"type":"keyUp","value":""}]}]}
RESULT: {"actions":[{"id":"action79","type":"key","parameters":{},"actions":[{"type":"keyDown","value":""},{"type":"pause","duration":10},{"type":"keyUp","value":""}]}]}
COMMAND: GET /session/948cfef606f1c327c7afa492aa33856c/screenshot - {}
RESULT: {}
COMMAND: POST /session/948cfef606f1c327c7afa492aa33856c/element - {"using":"xpath","value":"//input[contains(@id ,\"application-managequotations-display-component---AddNewContract--customerSelect-inner\")]"}
RESULT: {"using":"xpath","value":"//input[contains(@id ,\"application-managequotations-display-component---AddNewContract--customerSelect-inner\")]"}
COMMAND: POST /session/948cfef606f1c327c7afa492aa33856c/element/f.B11FB8328C47749F850BA47268692D59.d.C921DDCC2D9B5C0545CADFEC0787443D.e.11107/value - {"text":"WebdriverPartnerk1p2x"}
RESULT: {"text":"WebdriverPartnerk1p2x"}
COMMAND: GET /session/948cfef606f1c327c7afa492aa33856c/screenshot - {}
RESULT: {}
COMMAND: POST /session/948cfef606f1c327c7afa492aa33856c/actions - {"actions":[{"id":"action80","type":"key","parameters":{},"actions":[{"type":"keyDown","value":""},{"type":"pause","duration":10},{"type":"keyUp","value":""}]}]}
RESULT: {"actions":[{"id":"action80","type":"key","parameters":{},"actions":[{"type":"keyDown","value":""},{"type":"pause","duration":10},{"type":"keyUp","value":""}]}]}
COMMAND: GET /session/948cfef606f1c327c7afa492aa33856c/screenshot - {}
RESULT: {}
COMMAND: POST /session/948cfef606f1c327c7afa492aa33856c/element - {"using":"xpath","value":"//input[contains(@id ,\"application-managequotations-display-component---AddNewContract--site-inner\")]"}
RESULT: {"using":"xpath","value":"//input[contains(@id ,\"application-managequotations-display-component---AddNewContract--site-inner\")]"}
COMMAND: POST /session/948cfef606f1c327c7afa492aa33856c/element/f.B11FB8328C47749F850BA47268692D59.d.C921DDCC2D9B5C0545CADFEC0787443D.e.11108/value - {"text":"WebdriverSite6o4be"}
RESULT: {"text":"WebdriverSite6o4be"}
COMMAND: GET /session/948cfef606f1c327c7afa492aa33856c/screenshot - {}
RESULT: {}
COMMAND: POST /session/948cfef606f1c327c7afa492aa33856c/actions - {"actions":[{"id":"action81","type":"key","parameters":{},"actions":[{"type":"keyDown","value":""},{"type":"pause","duration":10},{"type":"keyUp","value":""}]}]}
RESULT: {"actions":[{"id":"action81","type":"key","parameters":{},"actions":[{"type":"keyDown","value":""},{"type":"pause","duration":10},{"type":"keyUp","value":""}]}]}
COMMAND: GET /session/948cfef606f1c327c7afa492aa33856c/screenshot - {}
RESULT: {}
COMMAND: POST /session/948cfef606f1c327c7afa492aa33856c/element - {"using":"xpath","value":"//bdi[contains(text(), \"Save\")]"}
RESULT: {"using":"xpath","value":"//bdi[contains(text(), \"Save\")]"}
COMMAND: POST /session/948cfef606f1c327c7afa492aa33856c/element/f.B11FB8328C47749F850BA47268692D59.d.C921DDCC2D9B5C0545CADFEC0787443D.e.11154/click - {}
RESULT: {}
COMMAND: GET /session/948cfef606f1c327c7afa492aa33856c/screenshot - {}
RESULT: {}
COMMAND: POST /session/948cfef606f1c327c7afa492aa33856c/element - {"using":"css selector","value":"#shell-header-logo"}
RESULT: {"using":"css selector","value":"#shell-header-logo"}
COMMAND: POST /session/948cfef606f1c327c7afa492aa33856c/element/f.B11FB8328C47749F850BA47268692D59.d.C921DDCC2D9B5C0545CADFEC0787443D.e.10777/click - {}
RESULT: {}
COMMAND: GET /session/948cfef606f1c327c7afa492aa33856c/screenshot - {}
RESULT: {}
COMMAND: POST /session/948cfef606f1c327c7afa492aa33856c/refresh - {}
RESULT: {}
COMMAND: GET /session/948cfef606f1c327c7afa492aa33856c/screenshot - {}
RESULT: {}
COMMAND: POST /session/948cfef606f1c327c7afa492aa33856c/execute/async - {"script":"<script> [189 bytes]","args":[]}
RESULT: {"script":"<script> [189 bytes]","args":[]}
COMMAND: POST /session/948cfef606f1c327c7afa492aa33856c/execute/async - {"script":"<script> [123 bytes]","args":[]}
RESULT: {"script":"<script> [123 bytes]","args":[]}
COMMAND: POST /session/948cfef606f1c327c7afa492aa33856c/timeouts - {"script":"<number>"}
RESULT: {"script":"<number>"}
COMMAND: GET /session/948cfef606f1c327c7afa492aa33856c/timeouts - {}
RESULT: {}
RESULT: undefined
COMMAND: POST /session/948cfef606f1c327c7afa492aa33856c/execute/async - {"script":"<script> [2676 bytes]","args":[]}
RESULT: {"script":"<script> [2676 bytes]","args":[]}
COMMAND: POST /session/948cfef606f1c327c7afa492aa33856c/execute/async - {"script":"<script> [2342 bytes]","args":[{"protocol":"http","hostname":"0.0.0.0","path":"/","capabilities":{"browserName":"chrome","goog:chromeOptions":{"binary":"C:\\Program Files\\Google\\Chrome\\Application\\chrome.exe","args":["--start-maximized"]}},"logLevel":"warn","connectionRetryTimeout":120000,"connectionRetryCount":3,"logLevels":{},"enableDirectConnect":true,"strictSSL":true,"_":"65 more keys: [\"cacheDir\",\"port\",\"requestedCapabilities\",\"automationProtocol\",\"baseUrl\",\"waitforInterval\",\"waitforTimeout\",\"onReload\",\"beforeCommand\",\"afterCommand\",\"rootDir\",\"specs\",\"suites\",\"exclude\",\"groupLogsByTestSpec\",\"excludeDriverLogs\",\"bail\",\"framework\",\"reporters\",\"services\",\"maxInstances\",\"maxInstancesPerCapability\",\"injectGlobals\",\"filesToWatch\",\"execArgv\",\"runnerEnv\",\"runner\",\"shard\",\"specFileRetries\",\"specFileRetriesDelay\",\"specFileRetriesDeferred\",\"reporterSyncInterval\",\"reporterSyncTimeout\",\"cucumberFeaturesWithLineNumbers\",\"autoCompileOpts\",\"mochaOpts\",\"jasmineOpts\",\"cucumberOpts\",\"onPrepare\",\"onWorkerStart\",\"onWorkerEnd\",\"before\",\"beforeSession\",\"beforeSuite\",\"beforeHook\",\"beforeTest\",\"afterTest\",\"afterHook\",\"afterSuite\",\"afterSession\",\"after\",\"onComplete\",\"beforeAssertion\",\"afterAssertion\",\"beforeFeature\",\"beforeScenario\",\"beforeStep\",\"afterStep\",\"afterScenario\",\"afterFeature\",\"_\",\"suite\",\"$0\",\"ignoredWorkerServices\",\"wdi5\"]"}]}
RESULT: {"script":"<script> [2342 bytes]","args":[{"protocol":"http","hostname":"0.0.0.0","path":"/","capabilities":{"browserName":"chrome","goog:chromeOptions":{"binary":"C:\\Program Files\\Google\\Chrome\\Application\\chrome.exe","args":["--start-maximized"]}},"logLevel":"warn","connectionRetryTimeout":120000,"connectionRetryCount":3,"logLevels":{},"enableDirectConnect":true,"strictSSL":true,"_":"65 more keys: [\"cacheDir\",\"port\",\"requestedCapabilities\",\"automationProtocol\",\"baseUrl\",\"waitforInterval\",\"waitforTimeout\",\"onReload\",\"beforeCommand\",\"afterCommand\",\"rootDir\",\"specs\",\"suites\",\"exclude\",\"groupLogsByTestSpec\",\"excludeDriverLogs\",\"bail\",\"framework\",\"reporters\",\"services\",\"maxInstances\",\"maxInstancesPerCapability\",\"injectGlobals\",\"filesToWatch\",\"execArgv\",\"runnerEnv\",\"runner\",\"shard\",\"specFileRetries\",\"specFileRetriesDelay\",\"specFileRetriesDeferred\",\"reporterSyncInterval\",\"reporterSyncTimeout\",\"cucumberFeaturesWithLineNumbers\",\"autoCompileOpts\",\"mochaOpts\",\"jasmineOpts\",\"cucumberOpts\",\"onPrepare\",\"onWorkerStart\",\"onWorkerEnd\",\"before\",\"beforeSession\",\"beforeSuite\",\"beforeHook\",\"beforeTest\",\"afterTest\",\"afterHook\",\"afterSuite\",\"afterSession\",\"after\",\"onComplete\",\"beforeAssertion\",\"afterAssertion\",\"beforeFeature\",\"beforeScenario\",\"beforeStep\",\"afterStep\",\"afterScenario\",\"afterFeature\",\"_\",\"suite\",\"$0\",\"ignoredWorkerServices\",\"wdi5\"]"}]}
COMMAND: POST /session/948cfef606f1c327c7afa492aa33856c/execute/async - {"script":"<script> [21126 bytes]","args":[35000]}
RESULT: {"script":"<script> [21126 bytes]","args":[35000]}
]]></system-out>
    </testcase>
    <testcase classname="chrome.136_0_7103_93.windows.Process_request_items_into_an_existing_quotation_US120163" name="Should create a new request with catalog items and plan it" time="221.822">
      <system-out><![CDATA[
COMMAND: POST /session/948cfef606f1c327c7afa492aa33856c/execute/async - {"script":"<script> [1562 bytes]","args":[{"selector":{"controlType":"sap.m.GenericTile","properties":{"header":"Manage Requests"}},"wdio_ui5_key":"sapm.GenericTile{\"header\":\"Manage Requests\"}"}]}
RESULT: {"script":"<script> [1562 bytes]","args":[{"selector":{"controlType":"sap.m.GenericTile","properties":{"header":"Manage Requests"}},"wdio_ui5_key":"sapm.GenericTile{\"header\":\"Manage Requests\"}"}]}
RESULT: undefined
COMMAND: POST /session/948cfef606f1c327c7afa492aa33856c/element - {"using":"xpath","value":"//*[@id=\"__tile47\"]"}
RESULT: {"using":"xpath","value":"//*[@id=\"__tile47\"]"}
COMMAND: POST /session/948cfef606f1c327c7afa492aa33856c/element/f.B11FB8328C47749F850BA47268692D59.d.3BAC2097D79AE29282DBD44013E078E4.e.11189/click - {}
RESULT: {}
COMMAND: GET /session/948cfef606f1c327c7afa492aa33856c/screenshot - {}
RESULT: {}
COMMAND: POST /session/948cfef606f1c327c7afa492aa33856c/elements - {"using":"xpath","value":"//span[text()='Error']"}
RESULT: {"using":"xpath","value":"//span[text()='Error']"}
COMMAND: POST /session/948cfef606f1c327c7afa492aa33856c/element - {"using":"xpath","value":"(//span[contains(@class ,\"sapMObjStatusText\")])[1]"}
RESULT: {"using":"xpath","value":"(//span[contains(@class ,\"sapMObjStatusText\")])[1]"}
COMMAND: POST /session/948cfef606f1c327c7afa492aa33856c/execute/sync - {"script":"<script> [8489 bytes]","args":[{"element-6066-11e4-a52e-4f735466cecf":"f.B11FB8328C47749F850BA47268692D59.d.3BAC2097D79AE29282DBD44013E078E4.e.11286","ELEMENT":"f.B11FB8328C47749F850BA47268692D59.d.3BAC2097D79AE29282DBD44013E078E4.e.11286"}]}
RESULT: {"script":"<script> [8489 bytes]","args":[{"element-6066-11e4-a52e-4f735466cecf":"f.B11FB8328C47749F850BA47268692D59.d.3BAC2097D79AE29282DBD44013E078E4.e.11286","ELEMENT":"f.B11FB8328C47749F850BA47268692D59.d.3BAC2097D79AE29282DBD44013E078E4.e.11286"}]}
COMMAND: POST /session/948cfef606f1c327c7afa492aa33856c/element - {"using":"xpath","value":"//button[contains(@data-kt ,\"btnCreateNewOverflowToolbarButton\")]"}
COMMAND: GET /session/948cfef606f1c327c7afa492aa33856c/screenshot - {}
RESULT: {"using":"xpath","value":"//button[contains(@data-kt ,\"btnCreateNewOverflowToolbarButton\")]"}
COMMAND: POST /session/948cfef606f1c327c7afa492aa33856c/element/f.B11FB8328C47749F850BA47268692D59.d.3BAC2097D79AE29282DBD44013E078E4.e.11245/click - {}
RESULT: {}
RESULT: {}
COMMAND: GET /session/948cfef606f1c327c7afa492aa33856c/screenshot - {}
RESULT: {}
COMMAND: POST /session/948cfef606f1c327c7afa492aa33856c/element - {"using":"xpath","value":"//input[contains(@id ,\"yardId-inner\")]"}
RESULT: {"using":"xpath","value":"//input[contains(@id ,\"yardId-inner\")]"}
COMMAND: POST /session/948cfef606f1c327c7afa492aa33856c/execute/sync - {"script":"<script> [8489 bytes]","args":[{"element-6066-11e4-a52e-4f735466cecf":"f.B11FB8328C47749F850BA47268692D59.d.3BAC2097D79AE29282DBD44013E078E4.e.11370","ELEMENT":"f.B11FB8328C47749F850BA47268692D59.d.3BAC2097D79AE29282DBD44013E078E4.e.11370"}]}
RESULT: {"script":"<script> [8489 bytes]","args":[{"element-6066-11e4-a52e-4f735466cecf":"f.B11FB8328C47749F850BA47268692D59.d.3BAC2097D79AE29282DBD44013E078E4.e.11370","ELEMENT":"f.B11FB8328C47749F850BA47268692D59.d.3BAC2097D79AE29282DBD44013E078E4.e.11370"}]}
COMMAND: POST /session/948cfef606f1c327c7afa492aa33856c/element - {"using":"xpath","value":"//input[contains(@id ,\"yardId-inner\")]"}
COMMAND: GET /session/948cfef606f1c327c7afa492aa33856c/screenshot - {}
RESULT: {"using":"xpath","value":"//input[contains(@id ,\"yardId-inner\")]"}
COMMAND: GET /session/948cfef606f1c327c7afa492aa33856c/element/f.B11FB8328C47749F850BA47268692D59.d.3BAC2097D79AE29282DBD44013E078E4.e.11370/enabled - {}
RESULT: {}
RESULT: {}
COMMAND: POST /session/948cfef606f1c327c7afa492aa33856c/element/f.B11FB8328C47749F850BA47268692D59.d.3BAC2097D79AE29282DBD44013E078E4.e.11370/clear - {}
COMMAND: GET /session/948cfef606f1c327c7afa492aa33856c/screenshot - {}
RESULT: {}
COMMAND: POST /session/948cfef606f1c327c7afa492aa33856c/element/f.B11FB8328C47749F850BA47268692D59.d.3BAC2097D79AE29282DBD44013E078E4.e.11370/value - {"text":"WebdriverYardmmv3l"}
COMMAND: GET /session/948cfef606f1c327c7afa492aa33856c/screenshot - {}
RESULT: {}
RESULT: {"text":"WebdriverYardmmv3l"}
COMMAND: GET /session/948cfef606f1c327c7afa492aa33856c/screenshot - {}
RESULT: {}
RESULT: {}
COMMAND: POST /session/948cfef606f1c327c7afa492aa33856c/actions - {"actions":[{"id":"action82","type":"key","parameters":{},"actions":[{"type":"keyDown","value":""},{"type":"pause","duration":10},{"type":"keyUp","value":""}]}]}
RESULT: {"actions":[{"id":"action82","type":"key","parameters":{},"actions":[{"type":"keyDown","value":""},{"type":"pause","duration":10},{"type":"keyUp","value":""}]}]}
COMMAND: GET /session/948cfef606f1c327c7afa492aa33856c/screenshot - {}
RESULT: {}
COMMAND: POST /session/948cfef606f1c327c7afa492aa33856c/element - {"using":"xpath","value":"//input[contains(@id ,\"customerNumber-inner\")]"}
RESULT: {"using":"xpath","value":"//input[contains(@id ,\"customerNumber-inner\")]"}
COMMAND: POST /session/948cfef606f1c327c7afa492aa33856c/element/f.B11FB8328C47749F850BA47268692D59.d.3BAC2097D79AE29282DBD44013E078E4.e.11366/value - {"text":"WebdriverPartnerk1p2x"}
RESULT: {"text":"WebdriverPartnerk1p2x"}
COMMAND: GET /session/948cfef606f1c327c7afa492aa33856c/screenshot - {}
RESULT: {}
COMMAND: POST /session/948cfef606f1c327c7afa492aa33856c/actions - {"actions":[{"id":"action83","type":"key","parameters":{},"actions":[{"type":"keyDown","value":""},{"type":"pause","duration":10},{"type":"keyUp","value":""}]}]}
RESULT: {"actions":[{"id":"action83","type":"key","parameters":{},"actions":[{"type":"keyDown","value":""},{"type":"pause","duration":10},{"type":"keyUp","value":""}]}]}
COMMAND: GET /session/948cfef606f1c327c7afa492aa33856c/screenshot - {}
RESULT: {}
COMMAND: GET /session/948cfef606f1c327c7afa492aa33856c/element/f.B11FB8328C47749F850BA47268692D59.d.3BAC2097D79AE29282DBD44013E078E4.e.11366/property/value - {}
RESULT: {}
COMMAND: POST /session/948cfef606f1c327c7afa492aa33856c/element/f.B11FB8328C47749F850BA47268692D59.d.3BAC2097D79AE29282DBD44013E078E4.e.11366/value - {"text":"WebdriverPartnerk1p2x"}
COMMAND: GET /session/948cfef606f1c327c7afa492aa33856c/screenshot - {}
RESULT: {"text":"WebdriverPartnerk1p2x"}
COMMAND: GET /session/948cfef606f1c327c7afa492aa33856c/screenshot - {}
RESULT: {}
RESULT: {}
COMMAND: POST /session/948cfef606f1c327c7afa492aa33856c/actions - {"actions":[{"id":"action84","type":"key","parameters":{},"actions":[{"type":"keyDown","value":""},{"type":"pause","duration":10},{"type":"keyUp","value":""}]}]}
RESULT: {"actions":[{"id":"action84","type":"key","parameters":{},"actions":[{"type":"keyDown","value":""},{"type":"pause","duration":10},{"type":"keyUp","value":""}]}]}
COMMAND: GET /session/948cfef606f1c327c7afa492aa33856c/screenshot - {}
RESULT: {}
COMMAND: POST /session/948cfef606f1c327c7afa492aa33856c/element - {"using":"xpath","value":"//input[contains(@id ,\"requestSiteId-inner\")]"}
RESULT: {"using":"xpath","value":"//input[contains(@id ,\"requestSiteId-inner\")]"}
COMMAND: POST /session/948cfef606f1c327c7afa492aa33856c/element/f.B11FB8328C47749F850BA47268692D59.d.3BAC2097D79AE29282DBD44013E078E4.e.11365/value - {"text":"WebdriverSite6o4be"}
RESULT: {"text":"WebdriverSite6o4be"}
COMMAND: GET /session/948cfef606f1c327c7afa492aa33856c/screenshot - {}
RESULT: {}
COMMAND: POST /session/948cfef606f1c327c7afa492aa33856c/actions - {"actions":[{"id":"action85","type":"key","parameters":{},"actions":[{"type":"keyDown","value":""},{"type":"pause","duration":10},{"type":"keyUp","value":""}]}]}
RESULT: {"actions":[{"id":"action85","type":"key","parameters":{},"actions":[{"type":"keyDown","value":""},{"type":"pause","duration":10},{"type":"keyUp","value":""}]}]}
COMMAND: GET /session/948cfef606f1c327c7afa492aa33856c/screenshot - {}
RESULT: {}
COMMAND: POST /session/948cfef606f1c327c7afa492aa33856c/element - {"using":"xpath","value":"//button[contains(@data-kt ,\"requestItemAddOverflowToolbarButton\")]"}
RESULT: {"using":"xpath","value":"//button[contains(@data-kt ,\"requestItemAddOverflowToolbarButton\")]"}
COMMAND: POST /session/948cfef606f1c327c7afa492aa33856c/element/f.B11FB8328C47749F850BA47268692D59.d.3BAC2097D79AE29282DBD44013E078E4.e.11565/click - {}
RESULT: {}
COMMAND: GET /session/948cfef606f1c327c7afa492aa33856c/screenshot - {}
RESULT: {}
COMMAND: POST /session/948cfef606f1c327c7afa492aa33856c/actions - {"actions":[{"id":"action86","type":"key","parameters":{},"actions":[{"type":"keyDown","value":""},{"type":"pause","duration":10},{"type":"keyUp","value":""}]}]}
RESULT: {"actions":[{"id":"action86","type":"key","parameters":{},"actions":[{"type":"keyDown","value":""},{"type":"pause","duration":10},{"type":"keyUp","value":""}]}]}
COMMAND: POST /session/948cfef606f1c327c7afa492aa33856c/actions - {"actions":[{"id":"action87","type":"key","parameters":{},"actions":[{"type":"keyDown","value":""},{"type":"pause","duration":10},{"type":"keyUp","value":""}]}]}
COMMAND: GET /session/948cfef606f1c327c7afa492aa33856c/screenshot - {}
RESULT: {"actions":[{"id":"action87","type":"key","parameters":{},"actions":[{"type":"keyDown","value":""},{"type":"pause","duration":10},{"type":"keyUp","value":""}]}]}
COMMAND: GET /session/948cfef606f1c327c7afa492aa33856c/screenshot - {}
RESULT: {}
RESULT: {}
COMMAND: POST /session/948cfef606f1c327c7afa492aa33856c/element - {"using":"xpath","value":"(//input[contains(@id ,\"requestItemsTable-0-inner\")])[1]"}
RESULT: {"using":"xpath","value":"(//input[contains(@id ,\"requestItemsTable-0-inner\")])[1]"}
COMMAND: POST /session/948cfef606f1c327c7afa492aa33856c/element/f.B11FB8328C47749F850BA47268692D59.d.3BAC2097D79AE29282DBD44013E078E4.e.11569/clear - {}
RESULT: {}
COMMAND: POST /session/948cfef606f1c327c7afa492aa33856c/element/f.B11FB8328C47749F850BA47268692D59.d.3BAC2097D79AE29282DBD44013E078E4.e.11569/value - {"text":"catalogItemq0d9li"}
COMMAND: GET /session/948cfef606f1c327c7afa492aa33856c/screenshot - {}
RESULT: {"text":"catalogItemq0d9li"}
COMMAND: GET /session/948cfef606f1c327c7afa492aa33856c/screenshot - {}
RESULT: {}
RESULT: {}
COMMAND: POST /session/948cfef606f1c327c7afa492aa33856c/actions - {"actions":[{"id":"action88","type":"key","parameters":{},"actions":[{"type":"keyDown","value":""},{"type":"pause","duration":10},{"type":"keyUp","value":""}]}]}
RESULT: {"actions":[{"id":"action88","type":"key","parameters":{},"actions":[{"type":"keyDown","value":""},{"type":"pause","duration":10},{"type":"keyUp","value":""}]}]}
COMMAND: GET /session/948cfef606f1c327c7afa492aa33856c/screenshot - {}
RESULT: {}
COMMAND: POST /session/948cfef606f1c327c7afa492aa33856c/execute/async - {"script":"<script> [1562 bytes]","args":[{"selector":{"controlType":"sap.ui.core.Icon","viewName":"etm.portal.ui.managerequests.view.NewRequest","properties":{"src":{"regex":{"source":"slim\\-arrow\\-down"}}},"ancestor":{"controlType":"sap.m.Button","viewName":"etm.portal.ui.managerequests.view.NewRequest","properties":{"icon":"sap-icon://slim-arrow-down"}}},"wdio_ui5_key":"etmportal.ui.managerequests.view.NewRequestsap.ui.core.Icon{\"src\":{\"regex\":{\"source\":\"slim\\\\-arrow\\\\-down\"}}}{\"controlType\":\"sap.m.Button\",\"viewName\":\"etm.portal.ui.managerequests.view.NewRequest\",\"properties\":{\"icon\":\"sap-icon://slim-arrow-down\"}}"}]}
RESULT: {"script":"<script> [1562 bytes]","args":[{"selector":{"controlType":"sap.ui.core.Icon","viewName":"etm.portal.ui.managerequests.view.NewRequest","properties":{"src":{"regex":{"source":"slim\\-arrow\\-down"}}},"ancestor":{"controlType":"sap.m.Button","viewName":"etm.portal.ui.managerequests.view.NewRequest","properties":{"icon":"sap-icon://slim-arrow-down"}}},"wdio_ui5_key":"etmportal.ui.managerequests.view.NewRequestsap.ui.core.Icon{\"src\":{\"regex\":{\"source\":\"slim\\\\-arrow\\\\-down\"}}}{\"controlType\":\"sap.m.Button\",\"viewName\":\"etm.portal.ui.managerequests.view.NewRequest\",\"properties\":{\"icon\":\"sap-icon://slim-arrow-down\"}}"}]}
RESULT: undefined
COMMAND: POST /session/948cfef606f1c327c7afa492aa33856c/element - {"using":"xpath","value":"//div[contains(@data-kt ,\"splitAllocationObjectStatus\")]"}
RESULT: {"using":"xpath","value":"//div[contains(@data-kt ,\"splitAllocationObjectStatus\")]"}
COMMAND: POST /session/948cfef606f1c327c7afa492aa33856c/elements - {"using":"xpath","value":"//div[contains(@data-kt ,\"splitAllocationObjectStatus\")]"}
RESULT: {"using":"xpath","value":"//div[contains(@data-kt ,\"splitAllocationObjectStatus\")]"}
COMMAND: POST /session/948cfef606f1c327c7afa492aa33856c/execute/async - {"script":"<script> [1562 bytes]","args":[{"selector":{"controlType":"sap.ui.core.Icon","viewName":"etm.portal.ui.managerequests.view.NewRequest","properties":{"src":{"regex":{"source":"message\\-error"}}}},"wdio_ui5_key":"etmportal.ui.managerequests.view.NewRequestsap.ui.core.Icon{\"src\":{\"regex\":{\"source\":\"message\\\\-error\"}}}"}]}
RESULT: {"script":"<script> [1562 bytes]","args":[{"selector":{"controlType":"sap.ui.core.Icon","viewName":"etm.portal.ui.managerequests.view.NewRequest","properties":{"src":{"regex":{"source":"message\\-error"}}}},"wdio_ui5_key":"etmportal.ui.managerequests.view.NewRequestsap.ui.core.Icon{\"src\":{\"regex\":{\"source\":\"message\\\\-error\"}}}"}]}
RESULT: undefined
COMMAND: POST /session/948cfef606f1c327c7afa492aa33856c/element - {"using":"xpath","value":"//*[@id=\"__status4-__xmlview59--requestItemsTable-0-icon\"]"}
RESULT: {"using":"xpath","value":"//*[@id=\"__status4-__xmlview59--requestItemsTable-0-icon\"]"}
COMMAND: POST /session/948cfef606f1c327c7afa492aa33856c/element/f.B11FB8328C47749F850BA47268692D59.d.3BAC2097D79AE29282DBD44013E078E4.e.11584/click - {}
RESULT: {}
COMMAND: POST /session/948cfef606f1c327c7afa492aa33856c/execute/async - {"script":"<script> [1562 bytes]","args":[{"selector":{"controlType":"sap.ui.core.Icon","viewName":"etm.portal.ui.managerequests.view.NewRequest","properties":{"src":{"regex":{"source":"slim\\-arrow\\-down"}}},"searchOpenDialogs":true,"ancestor":{"id":"costObjectAdminTypeComboBox","viewName":"etm.portal.ui.managerequests.view.NewRequest","searchOpenDialogs":true}},"wdio_ui5_key":"etmportal.ui.managerequests.view.NewRequestsap.ui.core.Icon{\"src\":{\"regex\":{\"source\":\"slim\\\\-arrow\\\\-down\"}}}{\"id\":\"costObjectAdminTypeComboBox\",\"viewName\":\"etm.portal.ui.managerequests.view.NewRequest\",\"searchOpenDialogs\":true}"}]}
COMMAND: GET /session/948cfef606f1c327c7afa492aa33856c/screenshot - {}
RESULT: {"script":"<script> [1562 bytes]","args":[{"selector":{"controlType":"sap.ui.core.Icon","viewName":"etm.portal.ui.managerequests.view.NewRequest","properties":{"src":{"regex":{"source":"slim\\-arrow\\-down"}}},"searchOpenDialogs":true,"ancestor":{"id":"costObjectAdminTypeComboBox","viewName":"etm.portal.ui.managerequests.view.NewRequest","searchOpenDialogs":true}},"wdio_ui5_key":"etmportal.ui.managerequests.view.NewRequestsap.ui.core.Icon{\"src\":{\"regex\":{\"source\":\"slim\\\\-arrow\\\\-down\"}}}{\"id\":\"costObjectAdminTypeComboBox\",\"viewName\":\"etm.portal.ui.managerequests.view.NewRequest\",\"searchOpenDialogs\":true}"}]}
RESULT: undefined
COMMAND: POST /session/948cfef606f1c327c7afa492aa33856c/element - {"using":"xpath","value":"//*[@id=\"__xmlview59--costObjectAdminTypeComboBox-arrow\"]"}
RESULT: {}
RESULT: {"using":"xpath","value":"//*[@id=\"__xmlview59--costObjectAdminTypeComboBox-arrow\"]"}
COMMAND: POST /session/948cfef606f1c327c7afa492aa33856c/element/f.B11FB8328C47749F850BA47268692D59.d.3BAC2097D79AE29282DBD44013E078E4.e.11588/click - {}
RESULT: {}
COMMAND: POST /session/948cfef606f1c327c7afa492aa33856c/execute/async - {"script":"<script> [1562 bytes]","args":[{"selector":{"controlType":"sap.m.StandardListItem","viewName":"etm.portal.ui.managerequests.view.NewRequest","properties":{"title":"Cost Center"},"searchOpenDialogs":true,"interaction":{"idSuffix":"titleText"}},"wdio_ui5_key":"etmportal.ui.managerequests.view.NewRequestsap.m.StandardListItem{\"title\":\"Cost Center\"}"}]}
COMMAND: GET /session/948cfef606f1c327c7afa492aa33856c/screenshot - {}
RESULT: {"script":"<script> [1562 bytes]","args":[{"selector":{"controlType":"sap.m.StandardListItem","viewName":"etm.portal.ui.managerequests.view.NewRequest","properties":{"title":"Cost Center"},"searchOpenDialogs":true,"interaction":{"idSuffix":"titleText"}},"wdio_ui5_key":"etmportal.ui.managerequests.view.NewRequestsap.m.StandardListItem{\"title\":\"Cost Center\"}"}]}
RESULT: undefined
COMMAND: POST /session/948cfef606f1c327c7afa492aa33856c/element - {"using":"xpath","value":"//*[@id=\"__item861\"]"}
RESULT: {}
RESULT: {"using":"xpath","value":"//*[@id=\"__item861\"]"}
COMMAND: POST /session/948cfef606f1c327c7afa492aa33856c/element/f.B11FB8328C47749F850BA47268692D59.d.3BAC2097D79AE29282DBD44013E078E4.e.11591/click - {}
RESULT: {}
COMMAND: GET /session/948cfef606f1c327c7afa492aa33856c/screenshot - {}
RESULT: {}
COMMAND: POST /session/948cfef606f1c327c7afa492aa33856c/execute/async - {"script":"<script> [1562 bytes]","args":[{"selector":{"controlType":"sap.ui.core.Icon","viewName":"etm.portal.ui.managerequests.view.NewRequest","properties":{"src":{"regex":{"source":"value\\-help"}}},"searchOpenDialogs":true},"wdio_ui5_key":"etmportal.ui.managerequests.view.NewRequestsap.ui.core.Icon{\"src\":{\"regex\":{\"source\":\"value\\\\-help\"}}}"}]}
RESULT: {"script":"<script> [1562 bytes]","args":[{"selector":{"controlType":"sap.ui.core.Icon","viewName":"etm.portal.ui.managerequests.view.NewRequest","properties":{"src":{"regex":{"source":"value\\-help"}}},"searchOpenDialogs":true},"wdio_ui5_key":"etmportal.ui.managerequests.view.NewRequestsap.ui.core.Icon{\"src\":{\"regex\":{\"source\":\"value\\\\-help\"}}}"}]}
RESULT: undefined
COMMAND: POST /session/948cfef606f1c327c7afa492aa33856c/element - {"using":"xpath","value":"//*[@id=\"__xmlview59--costObjectIdComboBox-vhi\"]"}
RESULT: {"using":"xpath","value":"//*[@id=\"__xmlview59--costObjectIdComboBox-vhi\"]"}
COMMAND: POST /session/948cfef606f1c327c7afa492aa33856c/element/f.B11FB8328C47749F850BA47268692D59.d.3BAC2097D79AE29282DBD44013E078E4.e.11598/click - {}
RESULT: {}
COMMAND: POST /session/948cfef606f1c327c7afa492aa33856c/execute/async - {"script":"<script> [1562 bytes]","args":[{"selector":{"controlType":"sap.m.SearchField","properties":{"placeholder":"Search"},"searchOpenDialogs":true,"interaction":{"idSuffix":"I"}},"wdio_ui5_key":"sapm.SearchField{\"placeholder\":\"Search\"}"}]}
COMMAND: GET /session/948cfef606f1c327c7afa492aa33856c/screenshot - {}
RESULT: {"script":"<script> [1562 bytes]","args":[{"selector":{"controlType":"sap.m.SearchField","properties":{"placeholder":"Search"},"searchOpenDialogs":true,"interaction":{"idSuffix":"I"}},"wdio_ui5_key":"sapm.SearchField{\"placeholder\":\"Search\"}"}]}
RESULT: undefined
COMMAND: POST /session/948cfef606f1c327c7afa492aa33856c/execute/async - {"script":"<script> [776 bytes]","args":[{"enterText":"10001010","selector":{"controlType":"sap.m.SearchField","properties":{"placeholder":"Search"},"searchOpenDialogs":true,"interaction":{"idSuffix":"I"}},"clearTextFirst":true,"interactionType":"ENTER_TEXT"}]}
RESULT: {}
RESULT: {"script":"<script> [776 bytes]","args":[{"enterText":"10001010","selector":{"controlType":"sap.m.SearchField","properties":{"placeholder":"Search"},"searchOpenDialogs":true,"interaction":{"idSuffix":"I"}},"clearTextFirst":true,"interactionType":"ENTER_TEXT"}]}
COMMAND: POST /session/948cfef606f1c327c7afa492aa33856c/actions - {"actions":[{"id":"action89","type":"key","parameters":{},"actions":[{"type":"keyDown","value":""},{"type":"pause","duration":10},{"type":"keyUp","value":""}]}]}
RESULT: {"actions":[{"id":"action89","type":"key","parameters":{},"actions":[{"type":"keyDown","value":""},{"type":"pause","duration":10},{"type":"keyUp","value":""}]}]}
COMMAND: GET /session/948cfef606f1c327c7afa492aa33856c/screenshot - {}
RESULT: {}
COMMAND: POST /session/948cfef606f1c327c7afa492aa33856c/execute/async - {"script":"<script> [1562 bytes]","args":[{"selector":{"controlType":"sap.m.Text","bindingPath":{"path":"/C_CostCtrValueHelp(CostCenter='10001010',ControllingArea='Z001')","propertyPath":"CostCenterName","modelName":"CostCenterModel"},"searchOpenDialogs":true},"wdio_ui5_key":"sapm.Text{\"path\":\"/C_CostCtrValueHelp(CostCenter='10001010',ControllingArea='Z001')\",\"propertyPath\":\"CostCenterName\",\"modelName\":\"CostCenterModel\"}"}]}
RESULT: {"script":"<script> [1562 bytes]","args":[{"selector":{"controlType":"sap.m.Text","bindingPath":{"path":"/C_CostCtrValueHelp(CostCenter='10001010',ControllingArea='Z001')","propertyPath":"CostCenterName","modelName":"CostCenterModel"},"searchOpenDialogs":true},"wdio_ui5_key":"sapm.Text{\"path\":\"/C_CostCtrValueHelp(CostCenter='10001010',ControllingArea='Z001')\",\"propertyPath\":\"CostCenterName\",\"modelName\":\"CostCenterModel\"}"}]}
RESULT: undefined
COMMAND: POST /session/948cfef606f1c327c7afa492aa33856c/element - {"using":"xpath","value":"//*[@id=\"__text287-__clone1008\"]"}
RESULT: {"using":"xpath","value":"//*[@id=\"__text287-__clone1008\"]"}
COMMAND: POST /session/948cfef606f1c327c7afa492aa33856c/element/f.B11FB8328C47749F850BA47268692D59.d.3BAC2097D79AE29282DBD44013E078E4.e.11639/click - {}
RESULT: {}
COMMAND: POST /session/948cfef606f1c327c7afa492aa33856c/execute/async - {"script":"<script> [1562 bytes]","args":[{"selector":{"controlType":"sap.m.Button","properties":{"text":"OK"},"searchOpenDialogs":true,"interaction":{"idSuffix":"BDI-content"}},"wdio_ui5_key":"sapm.Button{\"text\":\"OK\"}"}]}
COMMAND: GET /session/948cfef606f1c327c7afa492aa33856c/screenshot - {}
RESULT: {"script":"<script> [1562 bytes]","args":[{"selector":{"controlType":"sap.m.Button","properties":{"text":"OK"},"searchOpenDialogs":true,"interaction":{"idSuffix":"BDI-content"}},"wdio_ui5_key":"sapm.Button{\"text\":\"OK\"}"}]}
RESULT: undefined
COMMAND: POST /session/948cfef606f1c327c7afa492aa33856c/element - {"using":"xpath","value":"//*[@id=\"__dialog1-ok\"]"}
RESULT: {}
RESULT: {"using":"xpath","value":"//*[@id=\"__dialog1-ok\"]"}
COMMAND: POST /session/948cfef606f1c327c7afa492aa33856c/element/f.B11FB8328C47749F850BA47268692D59.d.3BAC2097D79AE29282DBD44013E078E4.e.11641/click - {}
RESULT: {}
COMMAND: GET /session/948cfef606f1c327c7afa492aa33856c/screenshot - {}
RESULT: {}
COMMAND: POST /session/948cfef606f1c327c7afa492aa33856c/execute/async - {"script":"<script> [1562 bytes]","args":[{"selector":{"controlType":"sap.m.Button","viewName":"etm.portal.ui.managerequests.view.NewRequest","i18NText":{"propertyName":"text","key":"save"},"searchOpenDialogs":true,"interaction":{"idSuffix":"BDI-content"}},"wdio_ui5_key":"etmportal.ui.managerequests.view.NewRequestsap.m.Button{\"propertyName\":\"text\",\"key\":\"save\"}"}]}
RESULT: {"script":"<script> [1562 bytes]","args":[{"selector":{"controlType":"sap.m.Button","viewName":"etm.portal.ui.managerequests.view.NewRequest","i18NText":{"propertyName":"text","key":"save"},"searchOpenDialogs":true,"interaction":{"idSuffix":"BDI-content"}},"wdio_ui5_key":"etmportal.ui.managerequests.view.NewRequestsap.m.Button{\"propertyName\":\"text\",\"key\":\"save\"}"}]}
RESULT: undefined
COMMAND: POST /session/948cfef606f1c327c7afa492aa33856c/element - {"using":"xpath","value":"//*[@id=\"__button22\"]"}
RESULT: {"using":"xpath","value":"//*[@id=\"__button22\"]"}
COMMAND: POST /session/948cfef606f1c327c7afa492aa33856c/element/f.B11FB8328C47749F850BA47268692D59.d.3BAC2097D79AE29282DBD44013E078E4.e.11645/click - {}
RESULT: {}
COMMAND: GET /session/948cfef606f1c327c7afa492aa33856c/screenshot - {}
RESULT: {}
COMMAND: POST /session/948cfef606f1c327c7afa492aa33856c/element - {"using":"xpath","value":"(//bdi[contains(text() ,\"Save\")])[1]"}
RESULT: {"using":"xpath","value":"(//bdi[contains(text() ,\"Save\")])[1]"}
COMMAND: POST /session/948cfef606f1c327c7afa492aa33856c/element/f.B11FB8328C47749F850BA47268692D59.d.3BAC2097D79AE29282DBD44013E078E4.e.11647/click - {}
RESULT: {}
COMMAND: GET /session/948cfef606f1c327c7afa492aa33856c/screenshot - {}
RESULT: {}
COMMAND: POST /session/948cfef606f1c327c7afa492aa33856c/execute/async - {"script":"<script> [1562 bytes]","args":[{"selector":{"controlType":"sap.m.Title","properties":{"text":"Success"},"searchOpenDialogs":true},"wdio_ui5_key":"sapm.Title{\"text\":\"Success\"}"}]}
RESULT: {"script":"<script> [1562 bytes]","args":[{"selector":{"controlType":"sap.m.Title","properties":{"text":"Success"},"searchOpenDialogs":true},"wdio_ui5_key":"sapm.Title{\"text\":\"Success\"}"}]}
RESULT: undefined
COMMAND: POST /session/948cfef606f1c327c7afa492aa33856c/execute/async - {"script":"<script> [6424 bytes]","args":[{"element-6066-11e4-a52e-4f735466cecf":"f.B11FB8328C47749F850BA47268692D59.d.3BAC2097D79AE29282DBD44013E078E4.e.11651"},"getText",[]]}
RESULT: {"script":"<script> [6424 bytes]","args":[{"element-6066-11e4-a52e-4f735466cecf":"f.B11FB8328C47749F850BA47268692D59.d.3BAC2097D79AE29282DBD44013E078E4.e.11651"},"getText",[]]}
COMMAND: POST /session/948cfef606f1c327c7afa492aa33856c/execute/async - {"script":"<script> [1562 bytes]","args":[{"selector":{"controlType":"sap.m.Button","properties":{"text":"Close"},"searchOpenDialogs":true,"interaction":{"idSuffix":"BDI-content"}},"wdio_ui5_key":"sapm.Button{\"text\":\"Close\"}"}]}
RESULT: {"script":"<script> [1562 bytes]","args":[{"selector":{"controlType":"sap.m.Button","properties":{"text":"Close"},"searchOpenDialogs":true,"interaction":{"idSuffix":"BDI-content"}},"wdio_ui5_key":"sapm.Button{\"text\":\"Close\"}"}]}
RESULT: undefined
COMMAND: POST /session/948cfef606f1c327c7afa492aa33856c/element - {"using":"xpath","value":"//*[@id=\"__mbox-btn-0\"]"}
RESULT: {"using":"xpath","value":"//*[@id=\"__mbox-btn-0\"]"}
COMMAND: POST /session/948cfef606f1c327c7afa492aa33856c/element/f.B11FB8328C47749F850BA47268692D59.d.3BAC2097D79AE29282DBD44013E078E4.e.11650/click - {}
RESULT: {}
COMMAND: GET /session/948cfef606f1c327c7afa492aa33856c/screenshot - {}
RESULT: {}
COMMAND: POST /session/948cfef606f1c327c7afa492aa33856c/execute/async - {"script":"<script> [1562 bytes]","args":[{"selector":{"controlType":"sap.m.Text","viewName":"etm.portal.ui.managerequests.view.Detail","bindingPath":{"propertyPath":"NO","modelName":"catalogModel"}},"wdio_ui5_key":"etmportal.ui.managerequests.view.Detailsap.m.Text{\"propertyPath\":\"NO\",\"modelName\":\"catalogModel\"}"}]}
RESULT: {"script":"<script> [1562 bytes]","args":[{"selector":{"controlType":"sap.m.Text","viewName":"etm.portal.ui.managerequests.view.Detail","bindingPath":{"propertyPath":"NO","modelName":"catalogModel"}},"wdio_ui5_key":"etmportal.ui.managerequests.view.Detailsap.m.Text{\"propertyPath\":\"NO\",\"modelName\":\"catalogModel\"}"}]}
RESULT: undefined
COMMAND: POST /session/948cfef606f1c327c7afa492aa33856c/execute/async - {"script":"<script> [6424 bytes]","args":[{"element-6066-11e4-a52e-4f735466cecf":"f.B11FB8328C47749F850BA47268692D59.d.3BAC2097D79AE29282DBD44013E078E4.e.11780"},"getText",[]]}
RESULT: {"script":"<script> [6424 bytes]","args":[{"element-6066-11e4-a52e-4f735466cecf":"f.B11FB8328C47749F850BA47268692D59.d.3BAC2097D79AE29282DBD44013E078E4.e.11780"},"getText",[]]}
COMMAND: POST /session/948cfef606f1c327c7afa492aa33856c/execute/async - {"script":"<script> [1562 bytes]","args":[{"selector":{"controlType":"sap.ui.core.Icon","viewName":"etm.portal.ui.managerequests.view.Detail","properties":{"src":{"regex":{"source":"date\\-time"}}},"ancestor":{"controlType":"sap.m.ColumnListItem","viewName":"etm.portal.ui.managerequests.view.Detail","bindingPath":{"path":"/SmartRequestItemsPlanningBoard(ITEM=10m,REQUEST='20251')"},"ancestor":{"id":"requestItemsTable","viewName":"etm.portal.ui.managerequests.view.Detail"}}},"wdio_ui5_key":"etmportal.ui.managerequests.view.Detailsap.ui.core.Icon{\"src\":{\"regex\":{\"source\":\"date\\\\-time\"}}}{\"controlType\":\"sap.m.ColumnListItem\",\"viewName\":\"etm.portal.ui.managerequests.view.Detail\",\"bindingPath\":{\"path\":\"/SmartRequestItemsPlanningBoard(ITEM=10m,REQUEST='20251')\"},\"ancestor\":{\"id\":\"requestItemsTable\",\"viewName\":\"etm.portal.ui.managerequests.view.Detail\"}}"}]}
RESULT: {"script":"<script> [1562 bytes]","args":[{"selector":{"controlType":"sap.ui.core.Icon","viewName":"etm.portal.ui.managerequests.view.Detail","properties":{"src":{"regex":{"source":"date\\-time"}}},"ancestor":{"controlType":"sap.m.ColumnListItem","viewName":"etm.portal.ui.managerequests.view.Detail","bindingPath":{"path":"/SmartRequestItemsPlanningBoard(ITEM=10m,REQUEST='20251')"},"ancestor":{"id":"requestItemsTable","viewName":"etm.portal.ui.managerequests.view.Detail"}}},"wdio_ui5_key":"etmportal.ui.managerequests.view.Detailsap.ui.core.Icon{\"src\":{\"regex\":{\"source\":\"date\\\\-time\"}}}{\"controlType\":\"sap.m.ColumnListItem\",\"viewName\":\"etm.portal.ui.managerequests.view.Detail\",\"bindingPath\":{\"path\":\"/SmartRequestItemsPlanningBoard(ITEM=10m,REQUEST='20251')\"},\"ancestor\":{\"id\":\"requestItemsTable\",\"viewName\":\"etm.portal.ui.managerequests.view.Detail\"}}"}]}
RESULT: undefined
COMMAND: POST /session/948cfef606f1c327c7afa492aa33856c/element - {"using":"xpath","value":"//*[@id=\"__button37-__clone1047-img\"]"}
RESULT: {"using":"xpath","value":"//*[@id=\"__button37-__clone1047-img\"]"}
COMMAND: POST /session/948cfef606f1c327c7afa492aa33856c/element/f.B11FB8328C47749F850BA47268692D59.d.3BAC2097D79AE29282DBD44013E078E4.e.11781/click - {}
RESULT: {}
COMMAND: POST /session/948cfef606f1c327c7afa492aa33856c/execute/async - {"script":"<script> [1562 bytes]","args":[{"selector":{"controlType":"sap.m.Button","viewName":"etm.portal.ui.managerequests.view.Detail","properties":{"text":"Close"},"searchOpenDialogs":true,"interaction":{"idSuffix":"BDI-content"}},"wdio_ui5_key":"etmportal.ui.managerequests.view.Detailsap.m.Button{\"text\":\"Close\"}"}]}
COMMAND: GET /session/948cfef606f1c327c7afa492aa33856c/screenshot - {}
RESULT: {"script":"<script> [1562 bytes]","args":[{"selector":{"controlType":"sap.m.Button","viewName":"etm.portal.ui.managerequests.view.Detail","properties":{"text":"Close"},"searchOpenDialogs":true,"interaction":{"idSuffix":"BDI-content"}},"wdio_ui5_key":"etmportal.ui.managerequests.view.Detailsap.m.Button{\"text\":\"Close\"}"}]}
RESULT: undefined
COMMAND: POST /session/948cfef606f1c327c7afa492aa33856c/element - {"using":"xpath","value":"//*[@id=\"__button45\"]"}
RESULT: {}
RESULT: {"using":"xpath","value":"//*[@id=\"__button45\"]"}
COMMAND: POST /session/948cfef606f1c327c7afa492aa33856c/element/f.B11FB8328C47749F850BA47268692D59.d.3BAC2097D79AE29282DBD44013E078E4.e.11784/click - {}
RESULT: {}
COMMAND: GET /session/948cfef606f1c327c7afa492aa33856c/screenshot - {}
RESULT: {}
COMMAND: POST /session/948cfef606f1c327c7afa492aa33856c/refresh - {}
RESULT: {}
COMMAND: GET /session/948cfef606f1c327c7afa492aa33856c/screenshot - {}
RESULT: {}
COMMAND: POST /session/948cfef606f1c327c7afa492aa33856c/execute/async - {"script":"<script> [189 bytes]","args":[]}
RESULT: {"script":"<script> [189 bytes]","args":[]}
COMMAND: POST /session/948cfef606f1c327c7afa492aa33856c/execute/async - {"script":"<script> [123 bytes]","args":[]}
RESULT: {"script":"<script> [123 bytes]","args":[]}
COMMAND: POST /session/948cfef606f1c327c7afa492aa33856c/timeouts - {"script":"<number>"}
RESULT: {"script":"<number>"}
COMMAND: GET /session/948cfef606f1c327c7afa492aa33856c/timeouts - {}
RESULT: {}
RESULT: undefined
COMMAND: POST /session/948cfef606f1c327c7afa492aa33856c/execute/async - {"script":"<script> [2676 bytes]","args":[]}
RESULT: {"script":"<script> [2676 bytes]","args":[]}
COMMAND: POST /session/948cfef606f1c327c7afa492aa33856c/execute/async - {"script":"<script> [2342 bytes]","args":[{"protocol":"http","hostname":"0.0.0.0","path":"/","capabilities":{"browserName":"chrome","goog:chromeOptions":{"binary":"C:\\Program Files\\Google\\Chrome\\Application\\chrome.exe","args":["--start-maximized"]}},"logLevel":"warn","connectionRetryTimeout":120000,"connectionRetryCount":3,"logLevels":{},"enableDirectConnect":true,"strictSSL":true,"_":"65 more keys: [\"cacheDir\",\"port\",\"requestedCapabilities\",\"automationProtocol\",\"baseUrl\",\"waitforInterval\",\"waitforTimeout\",\"onReload\",\"beforeCommand\",\"afterCommand\",\"rootDir\",\"specs\",\"suites\",\"exclude\",\"groupLogsByTestSpec\",\"excludeDriverLogs\",\"bail\",\"framework\",\"reporters\",\"services\",\"maxInstances\",\"maxInstancesPerCapability\",\"injectGlobals\",\"filesToWatch\",\"execArgv\",\"runnerEnv\",\"runner\",\"shard\",\"specFileRetries\",\"specFileRetriesDelay\",\"specFileRetriesDeferred\",\"reporterSyncInterval\",\"reporterSyncTimeout\",\"cucumberFeaturesWithLineNumbers\",\"autoCompileOpts\",\"mochaOpts\",\"jasmineOpts\",\"cucumberOpts\",\"onPrepare\",\"onWorkerStart\",\"onWorkerEnd\",\"before\",\"beforeSession\",\"beforeSuite\",\"beforeHook\",\"beforeTest\",\"afterTest\",\"afterHook\",\"afterSuite\",\"afterSession\",\"after\",\"onComplete\",\"beforeAssertion\",\"afterAssertion\",\"beforeFeature\",\"beforeScenario\",\"beforeStep\",\"afterStep\",\"afterScenario\",\"afterFeature\",\"_\",\"suite\",\"$0\",\"ignoredWorkerServices\",\"wdi5\"]"}]}
RESULT: {"script":"<script> [2342 bytes]","args":[{"protocol":"http","hostname":"0.0.0.0","path":"/","capabilities":{"browserName":"chrome","goog:chromeOptions":{"binary":"C:\\Program Files\\Google\\Chrome\\Application\\chrome.exe","args":["--start-maximized"]}},"logLevel":"warn","connectionRetryTimeout":120000,"connectionRetryCount":3,"logLevels":{},"enableDirectConnect":true,"strictSSL":true,"_":"65 more keys: [\"cacheDir\",\"port\",\"requestedCapabilities\",\"automationProtocol\",\"baseUrl\",\"waitforInterval\",\"waitforTimeout\",\"onReload\",\"beforeCommand\",\"afterCommand\",\"rootDir\",\"specs\",\"suites\",\"exclude\",\"groupLogsByTestSpec\",\"excludeDriverLogs\",\"bail\",\"framework\",\"reporters\",\"services\",\"maxInstances\",\"maxInstancesPerCapability\",\"injectGlobals\",\"filesToWatch\",\"execArgv\",\"runnerEnv\",\"runner\",\"shard\",\"specFileRetries\",\"specFileRetriesDelay\",\"specFileRetriesDeferred\",\"reporterSyncInterval\",\"reporterSyncTimeout\",\"cucumberFeaturesWithLineNumbers\",\"autoCompileOpts\",\"mochaOpts\",\"jasmineOpts\",\"cucumberOpts\",\"onPrepare\",\"onWorkerStart\",\"onWorkerEnd\",\"before\",\"beforeSession\",\"beforeSuite\",\"beforeHook\",\"beforeTest\",\"afterTest\",\"afterHook\",\"afterSuite\",\"afterSession\",\"after\",\"onComplete\",\"beforeAssertion\",\"afterAssertion\",\"beforeFeature\",\"beforeScenario\",\"beforeStep\",\"afterStep\",\"afterScenario\",\"afterFeature\",\"_\",\"suite\",\"$0\",\"ignoredWorkerServices\",\"wdi5\"]"}]}
COMMAND: POST /session/948cfef606f1c327c7afa492aa33856c/execute/async - {"script":"<script> [21126 bytes]","args":[35000]}
RESULT: {"script":"<script> [21126 bytes]","args":[35000]}
]]></system-out>
    </testcase>
    <testcase classname="chrome.136_0_7103_93.windows.Process_request_items_into_an_existing_quotation_US120163" name="Should process the request into an existing quotation" time="71.478">
      <system-out><![CDATA[
COMMAND: GET /session/948cfef606f1c327c7afa492aa33856c/window - {}
RESULT: {}
COMMAND: POST /session/948cfef606f1c327c7afa492aa33856c/element - {"using":"xpath","value":"//span[contains(@id ,\"detailHeaderTitle-_actionsToolbar-overflowButton-img\")]"}
RESULT: {"using":"xpath","value":"//span[contains(@id ,\"detailHeaderTitle-_actionsToolbar-overflowButton-img\")]"}
COMMAND: POST /session/948cfef606f1c327c7afa492aa33856c/element/f.B11FB8328C47749F850BA47268692D59.d.1876D2B0BA9C5C9B0A2D99ED1D38003A.e.12008/click - {}
RESULT: {}
COMMAND: GET /session/948cfef606f1c327c7afa492aa33856c/screenshot - {}
RESULT: {}
COMMAND: POST /session/948cfef606f1c327c7afa492aa33856c/element - {"using":"xpath","value":"//span[contains(@id ,\"actionsMenuButton-internalSplitBtn-arrowButton-img\")]"}
RESULT: {"using":"xpath","value":"//span[contains(@id ,\"actionsMenuButton-internalSplitBtn-arrowButton-img\")]"}
COMMAND: POST /session/948cfef606f1c327c7afa492aa33856c/element/f.B11FB8328C47749F850BA47268692D59.d.1876D2B0BA9C5C9B0A2D99ED1D38003A.e.12012/click - {}
RESULT: {}
COMMAND: GET /session/948cfef606f1c327c7afa492aa33856c/screenshot - {}
RESULT: {}
COMMAND: POST /session/948cfef606f1c327c7afa492aa33856c/actions - {"actions":[{"id":"action90","type":"key","parameters":{},"actions":[{"type":"keyDown","value":""},{"type":"pause","duration":10},{"type":"keyUp","value":""}]}]}
RESULT: {"actions":[{"id":"action90","type":"key","parameters":{},"actions":[{"type":"keyDown","value":""},{"type":"pause","duration":10},{"type":"keyUp","value":""}]}]}
COMMAND: GET /session/948cfef606f1c327c7afa492aa33856c/screenshot - {}
RESULT: {}
COMMAND: POST /session/948cfef606f1c327c7afa492aa33856c/actions - {"actions":[{"id":"action91","type":"key","parameters":{},"actions":[{"type":"keyDown","value":""},{"type":"pause","duration":10},{"type":"keyUp","value":""}]}]}
RESULT: {"actions":[{"id":"action91","type":"key","parameters":{},"actions":[{"type":"keyDown","value":""},{"type":"pause","duration":10},{"type":"keyUp","value":""}]}]}
COMMAND: GET /session/948cfef606f1c327c7afa492aa33856c/screenshot - {}
RESULT: {}
COMMAND: POST /session/948cfef606f1c327c7afa492aa33856c/actions - {"actions":[{"id":"action92","type":"key","parameters":{},"actions":[{"type":"keyDown","value":""},{"type":"pause","duration":10},{"type":"keyUp","value":""}]}]}
RESULT: {"actions":[{"id":"action92","type":"key","parameters":{},"actions":[{"type":"keyDown","value":""},{"type":"pause","duration":10},{"type":"keyUp","value":""}]}]}
COMMAND: GET /session/948cfef606f1c327c7afa492aa33856c/screenshot - {}
RESULT: {}
COMMAND: POST /session/948cfef606f1c327c7afa492aa33856c/actions - {"actions":[{"id":"action93","type":"key","parameters":{},"actions":[{"type":"keyDown","value":""},{"type":"pause","duration":10},{"type":"keyUp","value":""}]}]}
RESULT: {"actions":[{"id":"action93","type":"key","parameters":{},"actions":[{"type":"keyDown","value":""},{"type":"pause","duration":10},{"type":"keyUp","value":""}]}]}
COMMAND: GET /session/948cfef606f1c327c7afa492aa33856c/screenshot - {}
RESULT: {}
COMMAND: POST /session/948cfef606f1c327c7afa492aa33856c/element - {"using":"xpath","value":"//input[contains(@id ,\"quotationsSearchField-I\")]"}
RESULT: {"using":"xpath","value":"//input[contains(@id ,\"quotationsSearchField-I\")]"}
COMMAND: POST /session/948cfef606f1c327c7afa492aa33856c/element/f.B11FB8328C47749F850BA47268692D59.d.1876D2B0BA9C5C9B0A2D99ED1D38003A.e.12015/clear - {}
RESULT: {}
COMMAND: POST /session/948cfef606f1c327c7afa492aa33856c/element/f.B11FB8328C47749F850BA47268692D59.d.1876D2B0BA9C5C9B0A2D99ED1D38003A.e.12015/value - {"text":"WdIOQuotationnuimb"}
COMMAND: GET /session/948cfef606f1c327c7afa492aa33856c/screenshot - {}
RESULT: {"text":"WdIOQuotationnuimb"}
COMMAND: GET /session/948cfef606f1c327c7afa492aa33856c/screenshot - {}
RESULT: {}
RESULT: {}
COMMAND: POST /session/948cfef606f1c327c7afa492aa33856c/actions - {"actions":[{"id":"action94","type":"key","parameters":{},"actions":[{"type":"keyDown","value":""},{"type":"pause","duration":10},{"type":"keyUp","value":""}]}]}
RESULT: {"actions":[{"id":"action94","type":"key","parameters":{},"actions":[{"type":"keyDown","value":""},{"type":"pause","duration":10},{"type":"keyUp","value":""}]}]}
COMMAND: GET /session/948cfef606f1c327c7afa492aa33856c/screenshot - {}
RESULT: {}
COMMAND: POST /session/948cfef606f1c327c7afa492aa33856c/element - {"using":"xpath","value":"//div[contains(@id ,\"selectSingle\")]"}
RESULT: {"using":"xpath","value":"//div[contains(@id ,\"selectSingle\")]"}
COMMAND: POST /session/948cfef606f1c327c7afa492aa33856c/element/f.B11FB8328C47749F850BA47268692D59.d.1876D2B0BA9C5C9B0A2D99ED1D38003A.e.12025/click - {}
RESULT: {}
COMMAND: GET /session/948cfef606f1c327c7afa492aa33856c/screenshot - {}
RESULT: {}
COMMAND: POST /session/948cfef606f1c327c7afa492aa33856c/element - {"using":"xpath","value":"//bdi[contains(text() ,\"Selection Done\")]"}
RESULT: {"using":"xpath","value":"//bdi[contains(text() ,\"Selection Done\")]"}
COMMAND: POST /session/948cfef606f1c327c7afa492aa33856c/element/f.B11FB8328C47749F850BA47268692D59.d.1876D2B0BA9C5C9B0A2D99ED1D38003A.e.12026/click - {}
RESULT: {}
COMMAND: GET /session/948cfef606f1c327c7afa492aa33856c/screenshot - {}
RESULT: {}
COMMAND: POST /session/948cfef606f1c327c7afa492aa33856c/actions - {"actions":[{"id":"action95","type":"key","parameters":{},"actions":[{"type":"keyDown","value":""},{"type":"pause","duration":10},{"type":"keyUp","value":""}]}]}
RESULT: {"actions":[{"id":"action95","type":"key","parameters":{},"actions":[{"type":"keyDown","value":""},{"type":"pause","duration":10},{"type":"keyUp","value":""}]}]}
COMMAND: GET /session/948cfef606f1c327c7afa492aa33856c/screenshot - {}
RESULT: {}
COMMAND: POST /session/948cfef606f1c327c7afa492aa33856c/actions - {"actions":[{"id":"action96","type":"key","parameters":{},"actions":[{"type":"keyDown","value":""},{"type":"pause","duration":10},{"type":"keyUp","value":""}]}]}
RESULT: {"actions":[{"id":"action96","type":"key","parameters":{},"actions":[{"type":"keyDown","value":""},{"type":"pause","duration":10},{"type":"keyUp","value":""}]}]}
COMMAND: GET /session/948cfef606f1c327c7afa492aa33856c/screenshot - {}
RESULT: {}
COMMAND: GET /session/948cfef606f1c327c7afa492aa33856c/window/handles - {}
RESULT: {}
COMMAND: GET /session/948cfef606f1c327c7afa492aa33856c/window/handles - {}
RESULT: {}
COMMAND: POST /session/948cfef606f1c327c7afa492aa33856c/window - {"handle":"CAD355B411ECBE4327D662B6953ED891"}
RESULT: {"handle":"CAD355B411ECBE4327D662B6953ED891"}
COMMAND: GET /session/948cfef606f1c327c7afa492aa33856c/url - {}
RESULT: {}
COMMAND: GET /session/948cfef606f1c327c7afa492aa33856c/screenshot - {}
RESULT: {}
COMMAND: POST /session/948cfef606f1c327c7afa492aa33856c/element - {"using":"xpath","value":"//span[contains(text(), \"Header Billing Items\")]"}
RESULT: {"using":"xpath","value":"//span[contains(text(), \"Header Billing Items\")]"}
COMMAND: POST /session/948cfef606f1c327c7afa492aa33856c/element/f.CAD355B411ECBE4327D662B6953ED891.d.1B1A5B68794C61E37CBD9B93DD844A56.e.12251/click - {}
RESULT: {}
COMMAND: GET /session/948cfef606f1c327c7afa492aa33856c/screenshot - {}
RESULT: {}
COMMAND: POST /session/948cfef606f1c327c7afa492aa33856c/element - {"using":"xpath","value":"//span[contains(@id ,\"contractItemsSmartTable-header-inner\")]"}
RESULT: {"using":"xpath","value":"//span[contains(@id ,\"contractItemsSmartTable-header-inner\")]"}
COMMAND: GET /session/948cfef606f1c327c7afa492aa33856c/element/f.CAD355B411ECBE4327D662B6953ED891.d.1B1A5B68794C61E37CBD9B93DD844A56.e.12255/text - {}
RESULT: {}
COMMAND: POST /session/948cfef606f1c327c7afa492aa33856c/element - {"using":"xpath","value":"//span[@class=\"sapMObjStatusText\"][contains(text(), \"proposed\")]"}
RESULT: {"using":"xpath","value":"//span[@class=\"sapMObjStatusText\"][contains(text(), \"proposed\")]"}
COMMAND: GET /session/948cfef606f1c327c7afa492aa33856c/element/f.CAD355B411ECBE4327D662B6953ED891.d.1B1A5B68794C61E37CBD9B93DD844A56.e.12256/text - {}
RESULT: {}
COMMAND: DELETE /session/948cfef606f1c327c7afa492aa33856c/window - {}
RESULT: {}
COMMAND: POST /session/948cfef606f1c327c7afa492aa33856c/window - {"handle":"B11FB8328C47749F850BA47268692D59"}
RESULT: {"handle":"B11FB8328C47749F850BA47268692D59"}
COMMAND: GET /session/948cfef606f1c327c7afa492aa33856c/url - {}
RESULT: {}
COMMAND: GET /session/948cfef606f1c327c7afa492aa33856c/screenshot - {}
RESULT: {}
]]></system-out>
    </testcase>
    <testcase classname="chrome.136_0_7103_93.windows.Process_request_items_into_an_existing_quotation_US120163" name="Should navigate back to the request and check the request and item statuses" time="38.704">
      <system-out><![CDATA[
COMMAND: POST /session/948cfef606f1c327c7afa492aa33856c/refresh - {}
RESULT: {}
COMMAND: GET /session/948cfef606f1c327c7afa492aa33856c/screenshot - {}
RESULT: {}
COMMAND: POST /session/948cfef606f1c327c7afa492aa33856c/execute/async - {"script":"<script> [189 bytes]","args":[]}
RESULT: {"script":"<script> [189 bytes]","args":[]}
COMMAND: POST /session/948cfef606f1c327c7afa492aa33856c/execute/async - {"script":"<script> [123 bytes]","args":[]}
RESULT: {"script":"<script> [123 bytes]","args":[]}
COMMAND: POST /session/948cfef606f1c327c7afa492aa33856c/timeouts - {"script":"<number>"}
RESULT: {"script":"<number>"}
COMMAND: GET /session/948cfef606f1c327c7afa492aa33856c/timeouts - {}
RESULT: {}
RESULT: undefined
COMMAND: POST /session/948cfef606f1c327c7afa492aa33856c/execute/async - {"script":"<script> [2676 bytes]","args":[]}
RESULT: {"script":"<script> [2676 bytes]","args":[]}
COMMAND: POST /session/948cfef606f1c327c7afa492aa33856c/execute/async - {"script":"<script> [2342 bytes]","args":[{"protocol":"http","hostname":"0.0.0.0","path":"/","capabilities":{"browserName":"chrome","goog:chromeOptions":{"binary":"C:\\Program Files\\Google\\Chrome\\Application\\chrome.exe","args":["--start-maximized"]}},"logLevel":"warn","connectionRetryTimeout":120000,"connectionRetryCount":3,"logLevels":{},"enableDirectConnect":true,"strictSSL":true,"_":"65 more keys: [\"cacheDir\",\"port\",\"requestedCapabilities\",\"automationProtocol\",\"baseUrl\",\"waitforInterval\",\"waitforTimeout\",\"onReload\",\"beforeCommand\",\"afterCommand\",\"rootDir\",\"specs\",\"suites\",\"exclude\",\"groupLogsByTestSpec\",\"excludeDriverLogs\",\"bail\",\"framework\",\"reporters\",\"services\",\"maxInstances\",\"maxInstancesPerCapability\",\"injectGlobals\",\"filesToWatch\",\"execArgv\",\"runnerEnv\",\"runner\",\"shard\",\"specFileRetries\",\"specFileRetriesDelay\",\"specFileRetriesDeferred\",\"reporterSyncInterval\",\"reporterSyncTimeout\",\"cucumberFeaturesWithLineNumbers\",\"autoCompileOpts\",\"mochaOpts\",\"jasmineOpts\",\"cucumberOpts\",\"onPrepare\",\"onWorkerStart\",\"onWorkerEnd\",\"before\",\"beforeSession\",\"beforeSuite\",\"beforeHook\",\"beforeTest\",\"afterTest\",\"afterHook\",\"afterSuite\",\"afterSession\",\"after\",\"onComplete\",\"beforeAssertion\",\"afterAssertion\",\"beforeFeature\",\"beforeScenario\",\"beforeStep\",\"afterStep\",\"afterScenario\",\"afterFeature\",\"_\",\"suite\",\"$0\",\"ignoredWorkerServices\",\"wdi5\"]"}]}
RESULT: {"script":"<script> [2342 bytes]","args":[{"protocol":"http","hostname":"0.0.0.0","path":"/","capabilities":{"browserName":"chrome","goog:chromeOptions":{"binary":"C:\\Program Files\\Google\\Chrome\\Application\\chrome.exe","args":["--start-maximized"]}},"logLevel":"warn","connectionRetryTimeout":120000,"connectionRetryCount":3,"logLevels":{},"enableDirectConnect":true,"strictSSL":true,"_":"65 more keys: [\"cacheDir\",\"port\",\"requestedCapabilities\",\"automationProtocol\",\"baseUrl\",\"waitforInterval\",\"waitforTimeout\",\"onReload\",\"beforeCommand\",\"afterCommand\",\"rootDir\",\"specs\",\"suites\",\"exclude\",\"groupLogsByTestSpec\",\"excludeDriverLogs\",\"bail\",\"framework\",\"reporters\",\"services\",\"maxInstances\",\"maxInstancesPerCapability\",\"injectGlobals\",\"filesToWatch\",\"execArgv\",\"runnerEnv\",\"runner\",\"shard\",\"specFileRetries\",\"specFileRetriesDelay\",\"specFileRetriesDeferred\",\"reporterSyncInterval\",\"reporterSyncTimeout\",\"cucumberFeaturesWithLineNumbers\",\"autoCompileOpts\",\"mochaOpts\",\"jasmineOpts\",\"cucumberOpts\",\"onPrepare\",\"onWorkerStart\",\"onWorkerEnd\",\"before\",\"beforeSession\",\"beforeSuite\",\"beforeHook\",\"beforeTest\",\"afterTest\",\"afterHook\",\"afterSuite\",\"afterSession\",\"after\",\"onComplete\",\"beforeAssertion\",\"afterAssertion\",\"beforeFeature\",\"beforeScenario\",\"beforeStep\",\"afterStep\",\"afterScenario\",\"afterFeature\",\"_\",\"suite\",\"$0\",\"ignoredWorkerServices\",\"wdi5\"]"}]}
COMMAND: POST /session/948cfef606f1c327c7afa492aa33856c/execute/async - {"script":"<script> [21126 bytes]","args":[35000]}
RESULT: {"script":"<script> [21126 bytes]","args":[35000]}
COMMAND: POST /session/948cfef606f1c327c7afa492aa33856c/execute/async - {"script":"<script> [1562 bytes]","args":[{"selector":{"controlType":"sap.m.Text","viewName":"etm.portal.ui.managerequests.view.Detail","bindingPath":{"path":"/SmartRequestItemsPlanningBoard(ITEM=10m,REQUEST='20251')","propertyPath":"STATUS_DESC"}},"wdio_ui5_key":"etmportal.ui.managerequests.view.Detailsap.m.Text{\"path\":\"/SmartRequestItemsPlanningBoard(ITEM=10m,REQUEST='20251')\",\"propertyPath\":\"STATUS_DESC\"}"}]}
RESULT: {"script":"<script> [1562 bytes]","args":[{"selector":{"controlType":"sap.m.Text","viewName":"etm.portal.ui.managerequests.view.Detail","bindingPath":{"path":"/SmartRequestItemsPlanningBoard(ITEM=10m,REQUEST='20251')","propertyPath":"STATUS_DESC"}},"wdio_ui5_key":"etmportal.ui.managerequests.view.Detailsap.m.Text{\"path\":\"/SmartRequestItemsPlanningBoard(ITEM=10m,REQUEST='20251')\",\"propertyPath\":\"STATUS_DESC\"}"}]}
RESULT: undefined
COMMAND: POST /session/948cfef606f1c327c7afa492aa33856c/execute/async - {"script":"<script> [6424 bytes]","args":[{"element-6066-11e4-a52e-4f735466cecf":"f.B11FB8328C47749F850BA47268692D59.d.00E056DAF9735C421D1F480A3B0A94B3.e.12471"},"getText",[]]}
RESULT: {"script":"<script> [6424 bytes]","args":[{"element-6066-11e4-a52e-4f735466cecf":"f.B11FB8328C47749F850BA47268692D59.d.00E056DAF9735C421D1F480A3B0A94B3.e.12471"},"getText",[]]}
COMMAND: POST /session/948cfef606f1c327c7afa492aa33856c/execute/async - {"script":"<script> [1562 bytes]","args":[{"selector":{"controlType":"sap.m.ObjectStatus","viewName":"etm.portal.ui.managerequests.view.Detail","bindingPath":{"path":"/RequestHeaders('20251')","propertyPath":"LINK_TO_STATUS/DESCRIPTION","modelName":"catalogModel"}},"wdio_ui5_key":"etmportal.ui.managerequests.view.Detailsap.m.ObjectStatus{\"path\":\"/RequestHeaders('20251')\",\"propertyPath\":\"LINK_TO_STATUS/DESCRIPTION\",\"modelName\":\"catalogModel\"}"}]}
RESULT: {"script":"<script> [1562 bytes]","args":[{"selector":{"controlType":"sap.m.ObjectStatus","viewName":"etm.portal.ui.managerequests.view.Detail","bindingPath":{"path":"/RequestHeaders('20251')","propertyPath":"LINK_TO_STATUS/DESCRIPTION","modelName":"catalogModel"}},"wdio_ui5_key":"etmportal.ui.managerequests.view.Detailsap.m.ObjectStatus{\"path\":\"/RequestHeaders('20251')\",\"propertyPath\":\"LINK_TO_STATUS/DESCRIPTION\",\"modelName\":\"catalogModel\"}"}]}
RESULT: undefined
COMMAND: POST /session/948cfef606f1c327c7afa492aa33856c/execute/async - {"script":"<script> [6424 bytes]","args":[{"element-6066-11e4-a52e-4f735466cecf":"f.B11FB8328C47749F850BA47268692D59.d.00E056DAF9735C421D1F480A3B0A94B3.e.12472"},"getText",[]]}
RESULT: {"script":"<script> [6424 bytes]","args":[{"element-6066-11e4-a52e-4f735466cecf":"f.B11FB8328C47749F850BA47268692D59.d.00E056DAF9735C421D1F480A3B0A94B3.e.12472"},"getText",[]]}
COMMAND: POST /session/948cfef606f1c327c7afa492aa33856c/element - {"using":"css selector","value":"#shell-header-logo"}
RESULT: {"using":"css selector","value":"#shell-header-logo"}
COMMAND: POST /session/948cfef606f1c327c7afa492aa33856c/element/f.B11FB8328C47749F850BA47268692D59.d.00E056DAF9735C421D1F480A3B0A94B3.e.12263/click - {}
RESULT: {}
COMMAND: GET /session/948cfef606f1c327c7afa492aa33856c/screenshot - {}
RESULT: {}
COMMAND: POST /session/948cfef606f1c327c7afa492aa33856c/refresh - {}
RESULT: {}
COMMAND: GET /session/948cfef606f1c327c7afa492aa33856c/screenshot - {}
RESULT: {}
COMMAND: POST /session/948cfef606f1c327c7afa492aa33856c/execute/async - {"script":"<script> [189 bytes]","args":[]}
RESULT: {"script":"<script> [189 bytes]","args":[]}
COMMAND: POST /session/948cfef606f1c327c7afa492aa33856c/execute/async - {"script":"<script> [123 bytes]","args":[]}
RESULT: {"script":"<script> [123 bytes]","args":[]}
COMMAND: POST /session/948cfef606f1c327c7afa492aa33856c/timeouts - {"script":"<number>"}
RESULT: {"script":"<number>"}
COMMAND: GET /session/948cfef606f1c327c7afa492aa33856c/timeouts - {}
RESULT: {}
RESULT: undefined
COMMAND: POST /session/948cfef606f1c327c7afa492aa33856c/execute/async - {"script":"<script> [2676 bytes]","args":[]}
RESULT: {"script":"<script> [2676 bytes]","args":[]}
COMMAND: POST /session/948cfef606f1c327c7afa492aa33856c/execute/async - {"script":"<script> [2342 bytes]","args":[{"protocol":"http","hostname":"0.0.0.0","path":"/","capabilities":{"browserName":"chrome","goog:chromeOptions":{"binary":"C:\\Program Files\\Google\\Chrome\\Application\\chrome.exe","args":["--start-maximized"]}},"logLevel":"warn","connectionRetryTimeout":120000,"connectionRetryCount":3,"logLevels":{},"enableDirectConnect":true,"strictSSL":true,"_":"65 more keys: [\"cacheDir\",\"port\",\"requestedCapabilities\",\"automationProtocol\",\"baseUrl\",\"waitforInterval\",\"waitforTimeout\",\"onReload\",\"beforeCommand\",\"afterCommand\",\"rootDir\",\"specs\",\"suites\",\"exclude\",\"groupLogsByTestSpec\",\"excludeDriverLogs\",\"bail\",\"framework\",\"reporters\",\"services\",\"maxInstances\",\"maxInstancesPerCapability\",\"injectGlobals\",\"filesToWatch\",\"execArgv\",\"runnerEnv\",\"runner\",\"shard\",\"specFileRetries\",\"specFileRetriesDelay\",\"specFileRetriesDeferred\",\"reporterSyncInterval\",\"reporterSyncTimeout\",\"cucumberFeaturesWithLineNumbers\",\"autoCompileOpts\",\"mochaOpts\",\"jasmineOpts\",\"cucumberOpts\",\"onPrepare\",\"onWorkerStart\",\"onWorkerEnd\",\"before\",\"beforeSession\",\"beforeSuite\",\"beforeHook\",\"beforeTest\",\"afterTest\",\"afterHook\",\"afterSuite\",\"afterSession\",\"after\",\"onComplete\",\"beforeAssertion\",\"afterAssertion\",\"beforeFeature\",\"beforeScenario\",\"beforeStep\",\"afterStep\",\"afterScenario\",\"afterFeature\",\"_\",\"suite\",\"$0\",\"ignoredWorkerServices\",\"wdi5\"]"}]}
RESULT: {"script":"<script> [2342 bytes]","args":[{"protocol":"http","hostname":"0.0.0.0","path":"/","capabilities":{"browserName":"chrome","goog:chromeOptions":{"binary":"C:\\Program Files\\Google\\Chrome\\Application\\chrome.exe","args":["--start-maximized"]}},"logLevel":"warn","connectionRetryTimeout":120000,"connectionRetryCount":3,"logLevels":{},"enableDirectConnect":true,"strictSSL":true,"_":"65 more keys: [\"cacheDir\",\"port\",\"requestedCapabilities\",\"automationProtocol\",\"baseUrl\",\"waitforInterval\",\"waitforTimeout\",\"onReload\",\"beforeCommand\",\"afterCommand\",\"rootDir\",\"specs\",\"suites\",\"exclude\",\"groupLogsByTestSpec\",\"excludeDriverLogs\",\"bail\",\"framework\",\"reporters\",\"services\",\"maxInstances\",\"maxInstancesPerCapability\",\"injectGlobals\",\"filesToWatch\",\"execArgv\",\"runnerEnv\",\"runner\",\"shard\",\"specFileRetries\",\"specFileRetriesDelay\",\"specFileRetriesDeferred\",\"reporterSyncInterval\",\"reporterSyncTimeout\",\"cucumberFeaturesWithLineNumbers\",\"autoCompileOpts\",\"mochaOpts\",\"jasmineOpts\",\"cucumberOpts\",\"onPrepare\",\"onWorkerStart\",\"onWorkerEnd\",\"before\",\"beforeSession\",\"beforeSuite\",\"beforeHook\",\"beforeTest\",\"afterTest\",\"afterHook\",\"afterSuite\",\"afterSession\",\"after\",\"onComplete\",\"beforeAssertion\",\"afterAssertion\",\"beforeFeature\",\"beforeScenario\",\"beforeStep\",\"afterStep\",\"afterScenario\",\"afterFeature\",\"_\",\"suite\",\"$0\",\"ignoredWorkerServices\",\"wdi5\"]"}]}
COMMAND: POST /session/948cfef606f1c327c7afa492aa33856c/execute/async - {"script":"<script> [21126 bytes]","args":[35000]}
RESULT: {"script":"<script> [21126 bytes]","args":[35000]}
]]></system-out>
    </testcase>
  </testsuite>
  <testsuite timestamp="2025-05-22T16:18:44" time="277.888" tests="3" failures="0" errors="0" skipped="0">
    <properties>
      <property name="specId" value="0"/>
      <property name="suiteName" value="Process request items into new quotation US120163"/>
      <property name="capabilities" value="chrome.136_0_7103_93.windows"/>
      <property name="file" value="file:///D:/a/1/s/test/specs/R2C/process-request-items-into-new-quotation.spec.js"/>
    </properties>
    <testcase classname="chrome.136_0_7103_93.windows.Process_request_items_into_new_quotation_US120163" name="Should create a new request with catalog items and plan it" time="176.378">
      <system-out><![CDATA[
COMMAND: POST /session/948cfef606f1c327c7afa492aa33856c/execute/async - {"script":"<script> [1562 bytes]","args":[{"selector":{"controlType":"sap.m.GenericTile","properties":{"header":"Manage Requests"}},"wdio_ui5_key":"sapm.GenericTile{\"header\":\"Manage Requests\"}"}]}
RESULT: {"script":"<script> [1562 bytes]","args":[{"selector":{"controlType":"sap.m.GenericTile","properties":{"header":"Manage Requests"}},"wdio_ui5_key":"sapm.GenericTile{\"header\":\"Manage Requests\"}"}]}
RESULT: undefined
COMMAND: POST /session/948cfef606f1c327c7afa492aa33856c/element - {"using":"xpath","value":"//*[@id=\"__tile58\"]"}
RESULT: {"using":"xpath","value":"//*[@id=\"__tile58\"]"}
COMMAND: POST /session/948cfef606f1c327c7afa492aa33856c/element/f.B11FB8328C47749F850BA47268692D59.d.FED6E36E386D388E37169F62BA238D05.e.12492/click - {}
RESULT: {}
COMMAND: GET /session/948cfef606f1c327c7afa492aa33856c/screenshot - {}
RESULT: {}
COMMAND: POST /session/948cfef606f1c327c7afa492aa33856c/elements - {"using":"xpath","value":"//span[text()='Error']"}
RESULT: {"using":"xpath","value":"//span[text()='Error']"}
COMMAND: POST /session/948cfef606f1c327c7afa492aa33856c/element - {"using":"xpath","value":"//button[contains(@data-kt ,\"btnCreateNewOverflowToolbarButton\")]"}
COMMAND: POST /session/948cfef606f1c327c7afa492aa33856c/element - {"using":"xpath","value":"(//span[contains(@class ,\"sapMObjStatusText\")])[1]"}
RESULT: {"using":"xpath","value":"//button[contains(@data-kt ,\"btnCreateNewOverflowToolbarButton\")]"}
COMMAND: POST /session/948cfef606f1c327c7afa492aa33856c/element/f.B11FB8328C47749F850BA47268692D59.d.FED6E36E386D388E37169F62BA238D05.e.12550/click - {}
RESULT: {"using":"xpath","value":"(//span[contains(@class ,\"sapMObjStatusText\")])[1]"}
COMMAND: POST /session/948cfef606f1c327c7afa492aa33856c/execute/sync - {"script":"<script> [8489 bytes]","args":[{"element-6066-11e4-a52e-4f735466cecf":"f.B11FB8328C47749F850BA47268692D59.d.FED6E36E386D388E37169F62BA238D05.e.12590","ELEMENT":"f.B11FB8328C47749F850BA47268692D59.d.FED6E36E386D388E37169F62BA238D05.e.12590"}]}
RESULT: {}
COMMAND: GET /session/948cfef606f1c327c7afa492aa33856c/screenshot - {}
RESULT: {"script":"<script> [8489 bytes]","args":[{"element-6066-11e4-a52e-4f735466cecf":"f.B11FB8328C47749F850BA47268692D59.d.FED6E36E386D388E37169F62BA238D05.e.12590","ELEMENT":"f.B11FB8328C47749F850BA47268692D59.d.FED6E36E386D388E37169F62BA238D05.e.12590"}]}
COMMAND: GET /session/948cfef606f1c327c7afa492aa33856c/screenshot - {}
RESULT: {}
RESULT: {}
COMMAND: POST /session/948cfef606f1c327c7afa492aa33856c/element - {"using":"xpath","value":"//input[contains(@id ,\"yardId-inner\")]"}
RESULT: {"using":"xpath","value":"//input[contains(@id ,\"yardId-inner\")]"}
COMMAND: POST /session/948cfef606f1c327c7afa492aa33856c/execute/sync - {"script":"<script> [8489 bytes]","args":[{"element-6066-11e4-a52e-4f735466cecf":"f.B11FB8328C47749F850BA47268692D59.d.FED6E36E386D388E37169F62BA238D05.e.12674","ELEMENT":"f.B11FB8328C47749F850BA47268692D59.d.FED6E36E386D388E37169F62BA238D05.e.12674"}]}
RESULT: {"script":"<script> [8489 bytes]","args":[{"element-6066-11e4-a52e-4f735466cecf":"f.B11FB8328C47749F850BA47268692D59.d.FED6E36E386D388E37169F62BA238D05.e.12674","ELEMENT":"f.B11FB8328C47749F850BA47268692D59.d.FED6E36E386D388E37169F62BA238D05.e.12674"}]}
COMMAND: POST /session/948cfef606f1c327c7afa492aa33856c/element - {"using":"xpath","value":"//input[contains(@id ,\"yardId-inner\")]"}
COMMAND: GET /session/948cfef606f1c327c7afa492aa33856c/screenshot - {}
RESULT: {"using":"xpath","value":"//input[contains(@id ,\"yardId-inner\")]"}
COMMAND: GET /session/948cfef606f1c327c7afa492aa33856c/element/f.B11FB8328C47749F850BA47268692D59.d.FED6E36E386D388E37169F62BA238D05.e.12674/enabled - {}
RESULT: {}
RESULT: {}
COMMAND: POST /session/948cfef606f1c327c7afa492aa33856c/element/f.B11FB8328C47749F850BA47268692D59.d.FED6E36E386D388E37169F62BA238D05.e.12674/clear - {}
COMMAND: GET /session/948cfef606f1c327c7afa492aa33856c/screenshot - {}
RESULT: {}
COMMAND: POST /session/948cfef606f1c327c7afa492aa33856c/element/f.B11FB8328C47749F850BA47268692D59.d.FED6E36E386D388E37169F62BA238D05.e.12674/value - {"text":"WebdriverYardmmv3l"}
COMMAND: GET /session/948cfef606f1c327c7afa492aa33856c/screenshot - {}
RESULT: {}
RESULT: {"text":"WebdriverYardmmv3l"}
COMMAND: GET /session/948cfef606f1c327c7afa492aa33856c/screenshot - {}
RESULT: {}
RESULT: {}
COMMAND: POST /session/948cfef606f1c327c7afa492aa33856c/element - {"using":"xpath","value":"//input[contains(@id ,\"customerNumber-inner\")]"}
RESULT: {"using":"xpath","value":"//input[contains(@id ,\"customerNumber-inner\")]"}
COMMAND: POST /session/948cfef606f1c327c7afa492aa33856c/element/f.B11FB8328C47749F850BA47268692D59.d.FED6E36E386D388E37169F62BA238D05.e.12670/value - {"text":"WebdriverPartnerk1p2x"}
COMMAND: POST /session/948cfef606f1c327c7afa492aa33856c/actions - {"actions":[{"id":"action97","type":"key","parameters":{},"actions":[{"type":"keyDown","value":""},{"type":"pause","duration":10},{"type":"keyUp","value":""}]}]}
RESULT: {"text":"WebdriverPartnerk1p2x"}
COMMAND: GET /session/948cfef606f1c327c7afa492aa33856c/screenshot - {}
RESULT: {"actions":[{"id":"action97","type":"key","parameters":{},"actions":[{"type":"keyDown","value":""},{"type":"pause","duration":10},{"type":"keyUp","value":""}]}]}
COMMAND: GET /session/948cfef606f1c327c7afa492aa33856c/screenshot - {}
RESULT: {}
RESULT: {}
COMMAND: POST /session/948cfef606f1c327c7afa492aa33856c/element/f.B11FB8328C47749F850BA47268692D59.d.FED6E36E386D388E37169F62BA238D05.e.12674/clear - {}
RESULT: {}
COMMAND: POST /session/948cfef606f1c327c7afa492aa33856c/element/f.B11FB8328C47749F850BA47268692D59.d.FED6E36E386D388E37169F62BA238D05.e.12674/clear - {}
COMMAND: GET /session/948cfef606f1c327c7afa492aa33856c/screenshot - {}
RESULT: {}
COMMAND: POST /session/948cfef606f1c327c7afa492aa33856c/element/f.B11FB8328C47749F850BA47268692D59.d.FED6E36E386D388E37169F62BA238D05.e.12674/value - {"text":"WebdriverYardmmv3l"}
COMMAND: GET /session/948cfef606f1c327c7afa492aa33856c/screenshot - {}
RESULT: {}
RESULT: {"text":"WebdriverYardmmv3l"}
COMMAND: GET /session/948cfef606f1c327c7afa492aa33856c/screenshot - {}
RESULT: {}
RESULT: {}
COMMAND: POST /session/948cfef606f1c327c7afa492aa33856c/actions - {"actions":[{"id":"action98","type":"key","parameters":{},"actions":[{"type":"keyDown","value":""},{"type":"pause","duration":10},{"type":"keyUp","value":""}]}]}
RESULT: {"actions":[{"id":"action98","type":"key","parameters":{},"actions":[{"type":"keyDown","value":""},{"type":"pause","duration":10},{"type":"keyUp","value":""}]}]}
COMMAND: GET /session/948cfef606f1c327c7afa492aa33856c/screenshot - {}
RESULT: {}
COMMAND: GET /session/948cfef606f1c327c7afa492aa33856c/element/f.B11FB8328C47749F850BA47268692D59.d.FED6E36E386D388E37169F62BA238D05.e.12670/property/value - {}
RESULT: {}
COMMAND: POST /session/948cfef606f1c327c7afa492aa33856c/element - {"using":"xpath","value":"//input[contains(@id ,\"requestSiteId-inner\")]"}
COMMAND: GET /session/948cfef606f1c327c7afa492aa33856c/screenshot - {}
RESULT: {"using":"xpath","value":"//input[contains(@id ,\"requestSiteId-inner\")]"}
COMMAND: POST /session/948cfef606f1c327c7afa492aa33856c/element/f.B11FB8328C47749F850BA47268692D59.d.FED6E36E386D388E37169F62BA238D05.e.12669/value - {"text":"WebdriverSite6o4be"}
COMMAND: POST /session/948cfef606f1c327c7afa492aa33856c/actions - {"actions":[{"id":"action99","type":"key","parameters":{},"actions":[{"type":"keyDown","value":""},{"type":"pause","duration":10},{"type":"keyUp","value":""}]}]}
RESULT: {}
RESULT: {"text":"WebdriverSite6o4be"}
COMMAND: GET /session/948cfef606f1c327c7afa492aa33856c/screenshot - {}
RESULT: {"actions":[{"id":"action99","type":"key","parameters":{},"actions":[{"type":"keyDown","value":""},{"type":"pause","duration":10},{"type":"keyUp","value":""}]}]}
COMMAND: GET /session/948cfef606f1c327c7afa492aa33856c/screenshot - {}
RESULT: {}
RESULT: {}
COMMAND: POST /session/948cfef606f1c327c7afa492aa33856c/actions - {"actions":[{"id":"action100","type":"key","parameters":{},"actions":[{"type":"keyDown","value":""},{"type":"pause","duration":10},{"type":"keyUp","value":""}]}]}
RESULT: {"actions":[{"id":"action100","type":"key","parameters":{},"actions":[{"type":"keyDown","value":""},{"type":"pause","duration":10},{"type":"keyUp","value":""}]}]}
COMMAND: GET /session/948cfef606f1c327c7afa492aa33856c/screenshot - {}
RESULT: {}
COMMAND: POST /session/948cfef606f1c327c7afa492aa33856c/element - {"using":"xpath","value":"//button[contains(@data-kt ,\"requestItemAddOverflowToolbarButton\")]"}
RESULT: {"using":"xpath","value":"//button[contains(@data-kt ,\"requestItemAddOverflowToolbarButton\")]"}
COMMAND: POST /session/948cfef606f1c327c7afa492aa33856c/element/f.B11FB8328C47749F850BA47268692D59.d.FED6E36E386D388E37169F62BA238D05.e.12866/click - {}
RESULT: {}
COMMAND: GET /session/948cfef606f1c327c7afa492aa33856c/screenshot - {}
RESULT: {}
COMMAND: POST /session/948cfef606f1c327c7afa492aa33856c/actions - {"actions":[{"id":"action101","type":"key","parameters":{},"actions":[{"type":"keyDown","value":""},{"type":"pause","duration":10},{"type":"keyUp","value":""}]}]}
RESULT: {"actions":[{"id":"action101","type":"key","parameters":{},"actions":[{"type":"keyDown","value":""},{"type":"pause","duration":10},{"type":"keyUp","value":""}]}]}
COMMAND: POST /session/948cfef606f1c327c7afa492aa33856c/actions - {"actions":[{"id":"action102","type":"key","parameters":{},"actions":[{"type":"keyDown","value":""},{"type":"pause","duration":10},{"type":"keyUp","value":""}]}]}
COMMAND: GET /session/948cfef606f1c327c7afa492aa33856c/screenshot - {}
RESULT: {"actions":[{"id":"action102","type":"key","parameters":{},"actions":[{"type":"keyDown","value":""},{"type":"pause","duration":10},{"type":"keyUp","value":""}]}]}
COMMAND: GET /session/948cfef606f1c327c7afa492aa33856c/screenshot - {}
RESULT: {}
RESULT: {}
COMMAND: POST /session/948cfef606f1c327c7afa492aa33856c/element - {"using":"xpath","value":"(//input[contains(@id ,\"requestItemsTable-0-inner\")])[1]"}
RESULT: {"using":"xpath","value":"(//input[contains(@id ,\"requestItemsTable-0-inner\")])[1]"}
COMMAND: POST /session/948cfef606f1c327c7afa492aa33856c/element/f.B11FB8328C47749F850BA47268692D59.d.FED6E36E386D388E37169F62BA238D05.e.12870/clear - {}
RESULT: {}
COMMAND: POST /session/948cfef606f1c327c7afa492aa33856c/element/f.B11FB8328C47749F850BA47268692D59.d.FED6E36E386D388E37169F62BA238D05.e.12870/value - {"text":"catalogItemq0d9li"}
COMMAND: GET /session/948cfef606f1c327c7afa492aa33856c/screenshot - {}
RESULT: {"text":"catalogItemq0d9li"}
COMMAND: GET /session/948cfef606f1c327c7afa492aa33856c/screenshot - {}
RESULT: {}
RESULT: {}
COMMAND: POST /session/948cfef606f1c327c7afa492aa33856c/actions - {"actions":[{"id":"action103","type":"key","parameters":{},"actions":[{"type":"keyDown","value":""},{"type":"pause","duration":10},{"type":"keyUp","value":""}]}]}
RESULT: {"actions":[{"id":"action103","type":"key","parameters":{},"actions":[{"type":"keyDown","value":""},{"type":"pause","duration":10},{"type":"keyUp","value":""}]}]}
COMMAND: GET /session/948cfef606f1c327c7afa492aa33856c/screenshot - {}
RESULT: {}
COMMAND: POST /session/948cfef606f1c327c7afa492aa33856c/execute/async - {"script":"<script> [1562 bytes]","args":[{"selector":{"controlType":"sap.ui.core.Icon","viewName":"etm.portal.ui.managerequests.view.NewRequest","properties":{"src":{"regex":{"source":"slim\\-arrow\\-down"}}},"ancestor":{"controlType":"sap.m.Button","viewName":"etm.portal.ui.managerequests.view.NewRequest","properties":{"icon":"sap-icon://slim-arrow-down"}}},"wdio_ui5_key":"etmportal.ui.managerequests.view.NewRequestsap.ui.core.Icon{\"src\":{\"regex\":{\"source\":\"slim\\\\-arrow\\\\-down\"}}}{\"controlType\":\"sap.m.Button\",\"viewName\":\"etm.portal.ui.managerequests.view.NewRequest\",\"properties\":{\"icon\":\"sap-icon://slim-arrow-down\"}}"}]}
RESULT: {"script":"<script> [1562 bytes]","args":[{"selector":{"controlType":"sap.ui.core.Icon","viewName":"etm.portal.ui.managerequests.view.NewRequest","properties":{"src":{"regex":{"source":"slim\\-arrow\\-down"}}},"ancestor":{"controlType":"sap.m.Button","viewName":"etm.portal.ui.managerequests.view.NewRequest","properties":{"icon":"sap-icon://slim-arrow-down"}}},"wdio_ui5_key":"etmportal.ui.managerequests.view.NewRequestsap.ui.core.Icon{\"src\":{\"regex\":{\"source\":\"slim\\\\-arrow\\\\-down\"}}}{\"controlType\":\"sap.m.Button\",\"viewName\":\"etm.portal.ui.managerequests.view.NewRequest\",\"properties\":{\"icon\":\"sap-icon://slim-arrow-down\"}}"}]}
RESULT: undefined
COMMAND: POST /session/948cfef606f1c327c7afa492aa33856c/element - {"using":"xpath","value":"//div[contains(@data-kt ,\"splitAllocationObjectStatus\")]"}
RESULT: {"using":"xpath","value":"//div[contains(@data-kt ,\"splitAllocationObjectStatus\")]"}
COMMAND: POST /session/948cfef606f1c327c7afa492aa33856c/elements - {"using":"xpath","value":"//div[contains(@data-kt ,\"splitAllocationObjectStatus\")]"}
RESULT: {"using":"xpath","value":"//div[contains(@data-kt ,\"splitAllocationObjectStatus\")]"}
COMMAND: POST /session/948cfef606f1c327c7afa492aa33856c/execute/async - {"script":"<script> [1562 bytes]","args":[{"selector":{"controlType":"sap.ui.core.Icon","viewName":"etm.portal.ui.managerequests.view.NewRequest","properties":{"src":{"regex":{"source":"message\\-error"}}}},"wdio_ui5_key":"etmportal.ui.managerequests.view.NewRequestsap.ui.core.Icon{\"src\":{\"regex\":{\"source\":\"message\\\\-error\"}}}"}]}
RESULT: {"script":"<script> [1562 bytes]","args":[{"selector":{"controlType":"sap.ui.core.Icon","viewName":"etm.portal.ui.managerequests.view.NewRequest","properties":{"src":{"regex":{"source":"message\\-error"}}}},"wdio_ui5_key":"etmportal.ui.managerequests.view.NewRequestsap.ui.core.Icon{\"src\":{\"regex\":{\"source\":\"message\\\\-error\"}}}"}]}
RESULT: undefined
COMMAND: POST /session/948cfef606f1c327c7afa492aa33856c/element - {"using":"xpath","value":"//*[@id=\"__status4-__xmlview59--requestItemsTable-0-icon\"]"}
RESULT: {"using":"xpath","value":"//*[@id=\"__status4-__xmlview59--requestItemsTable-0-icon\"]"}
COMMAND: POST /session/948cfef606f1c327c7afa492aa33856c/element/f.B11FB8328C47749F850BA47268692D59.d.FED6E36E386D388E37169F62BA238D05.e.12885/click - {}
RESULT: {}
COMMAND: POST /session/948cfef606f1c327c7afa492aa33856c/execute/async - {"script":"<script> [1562 bytes]","args":[{"selector":{"controlType":"sap.ui.core.Icon","viewName":"etm.portal.ui.managerequests.view.NewRequest","properties":{"src":{"regex":{"source":"slim\\-arrow\\-down"}}},"searchOpenDialogs":true,"ancestor":{"id":"costObjectAdminTypeComboBox","viewName":"etm.portal.ui.managerequests.view.NewRequest","searchOpenDialogs":true}},"wdio_ui5_key":"etmportal.ui.managerequests.view.NewRequestsap.ui.core.Icon{\"src\":{\"regex\":{\"source\":\"slim\\\\-arrow\\\\-down\"}}}{\"id\":\"costObjectAdminTypeComboBox\",\"viewName\":\"etm.portal.ui.managerequests.view.NewRequest\",\"searchOpenDialogs\":true}"}]}
COMMAND: GET /session/948cfef606f1c327c7afa492aa33856c/screenshot - {}
RESULT: {"script":"<script> [1562 bytes]","args":[{"selector":{"controlType":"sap.ui.core.Icon","viewName":"etm.portal.ui.managerequests.view.NewRequest","properties":{"src":{"regex":{"source":"slim\\-arrow\\-down"}}},"searchOpenDialogs":true,"ancestor":{"id":"costObjectAdminTypeComboBox","viewName":"etm.portal.ui.managerequests.view.NewRequest","searchOpenDialogs":true}},"wdio_ui5_key":"etmportal.ui.managerequests.view.NewRequestsap.ui.core.Icon{\"src\":{\"regex\":{\"source\":\"slim\\\\-arrow\\\\-down\"}}}{\"id\":\"costObjectAdminTypeComboBox\",\"viewName\":\"etm.portal.ui.managerequests.view.NewRequest\",\"searchOpenDialogs\":true}"}]}
RESULT: undefined
COMMAND: POST /session/948cfef606f1c327c7afa492aa33856c/element - {"using":"xpath","value":"//*[@id=\"__xmlview59--costObjectAdminTypeComboBox-arrow\"]"}
RESULT: {}
RESULT: {"using":"xpath","value":"//*[@id=\"__xmlview59--costObjectAdminTypeComboBox-arrow\"]"}
COMMAND: POST /session/948cfef606f1c327c7afa492aa33856c/element/f.B11FB8328C47749F850BA47268692D59.d.FED6E36E386D388E37169F62BA238D05.e.12889/click - {}
RESULT: {}
COMMAND: POST /session/948cfef606f1c327c7afa492aa33856c/execute/async - {"script":"<script> [1562 bytes]","args":[{"selector":{"controlType":"sap.m.StandardListItem","viewName":"etm.portal.ui.managerequests.view.NewRequest","properties":{"title":"Cost Center"},"searchOpenDialogs":true,"interaction":{"idSuffix":"titleText"}},"wdio_ui5_key":"etmportal.ui.managerequests.view.NewRequestsap.m.StandardListItem{\"title\":\"Cost Center\"}"}]}
COMMAND: GET /session/948cfef606f1c327c7afa492aa33856c/screenshot - {}
RESULT: {"script":"<script> [1562 bytes]","args":[{"selector":{"controlType":"sap.m.StandardListItem","viewName":"etm.portal.ui.managerequests.view.NewRequest","properties":{"title":"Cost Center"},"searchOpenDialogs":true,"interaction":{"idSuffix":"titleText"}},"wdio_ui5_key":"etmportal.ui.managerequests.view.NewRequestsap.m.StandardListItem{\"title\":\"Cost Center\"}"}]}
RESULT: undefined
COMMAND: POST /session/948cfef606f1c327c7afa492aa33856c/element - {"using":"xpath","value":"//*[@id=\"__item859\"]"}
RESULT: {}
RESULT: {"using":"xpath","value":"//*[@id=\"__item859\"]"}
COMMAND: POST /session/948cfef606f1c327c7afa492aa33856c/element/f.B11FB8328C47749F850BA47268692D59.d.FED6E36E386D388E37169F62BA238D05.e.12892/click - {}
RESULT: {}
COMMAND: GET /session/948cfef606f1c327c7afa492aa33856c/screenshot - {}
RESULT: {}
COMMAND: POST /session/948cfef606f1c327c7afa492aa33856c/execute/async - {"script":"<script> [1562 bytes]","args":[{"selector":{"controlType":"sap.ui.core.Icon","viewName":"etm.portal.ui.managerequests.view.NewRequest","properties":{"src":{"regex":{"source":"value\\-help"}}},"searchOpenDialogs":true},"wdio_ui5_key":"etmportal.ui.managerequests.view.NewRequestsap.ui.core.Icon{\"src\":{\"regex\":{\"source\":\"value\\\\-help\"}}}"}]}
RESULT: {"script":"<script> [1562 bytes]","args":[{"selector":{"controlType":"sap.ui.core.Icon","viewName":"etm.portal.ui.managerequests.view.NewRequest","properties":{"src":{"regex":{"source":"value\\-help"}}},"searchOpenDialogs":true},"wdio_ui5_key":"etmportal.ui.managerequests.view.NewRequestsap.ui.core.Icon{\"src\":{\"regex\":{\"source\":\"value\\\\-help\"}}}"}]}
RESULT: undefined
COMMAND: POST /session/948cfef606f1c327c7afa492aa33856c/element - {"using":"xpath","value":"//*[@id=\"__xmlview59--costObjectIdComboBox-vhi\"]"}
RESULT: {"using":"xpath","value":"//*[@id=\"__xmlview59--costObjectIdComboBox-vhi\"]"}
COMMAND: POST /session/948cfef606f1c327c7afa492aa33856c/element/f.B11FB8328C47749F850BA47268692D59.d.FED6E36E386D388E37169F62BA238D05.e.12899/click - {}
RESULT: {}
COMMAND: POST /session/948cfef606f1c327c7afa492aa33856c/execute/async - {"script":"<script> [1562 bytes]","args":[{"selector":{"controlType":"sap.m.SearchField","properties":{"placeholder":"Search"},"searchOpenDialogs":true,"interaction":{"idSuffix":"I"}},"wdio_ui5_key":"sapm.SearchField{\"placeholder\":\"Search\"}"}]}
COMMAND: GET /session/948cfef606f1c327c7afa492aa33856c/screenshot - {}
RESULT: {"script":"<script> [1562 bytes]","args":[{"selector":{"controlType":"sap.m.SearchField","properties":{"placeholder":"Search"},"searchOpenDialogs":true,"interaction":{"idSuffix":"I"}},"wdio_ui5_key":"sapm.SearchField{\"placeholder\":\"Search\"}"}]}
RESULT: undefined
COMMAND: POST /session/948cfef606f1c327c7afa492aa33856c/execute/async - {"script":"<script> [776 bytes]","args":[{"enterText":"10001010","selector":{"controlType":"sap.m.SearchField","properties":{"placeholder":"Search"},"searchOpenDialogs":true,"interaction":{"idSuffix":"I"}},"clearTextFirst":true,"interactionType":"ENTER_TEXT"}]}
RESULT: {}
RESULT: {"script":"<script> [776 bytes]","args":[{"enterText":"10001010","selector":{"controlType":"sap.m.SearchField","properties":{"placeholder":"Search"},"searchOpenDialogs":true,"interaction":{"idSuffix":"I"}},"clearTextFirst":true,"interactionType":"ENTER_TEXT"}]}
COMMAND: POST /session/948cfef606f1c327c7afa492aa33856c/actions - {"actions":[{"id":"action104","type":"key","parameters":{},"actions":[{"type":"keyDown","value":""},{"type":"pause","duration":10},{"type":"keyUp","value":""}]}]}
RESULT: {"actions":[{"id":"action104","type":"key","parameters":{},"actions":[{"type":"keyDown","value":""},{"type":"pause","duration":10},{"type":"keyUp","value":""}]}]}
COMMAND: GET /session/948cfef606f1c327c7afa492aa33856c/screenshot - {}
RESULT: {}
COMMAND: POST /session/948cfef606f1c327c7afa492aa33856c/execute/async - {"script":"<script> [1562 bytes]","args":[{"selector":{"controlType":"sap.m.Text","bindingPath":{"path":"/C_CostCtrValueHelp(CostCenter='10001010',ControllingArea='Z001')","propertyPath":"CostCenterName","modelName":"CostCenterModel"},"searchOpenDialogs":true},"wdio_ui5_key":"sapm.Text{\"path\":\"/C_CostCtrValueHelp(CostCenter='10001010',ControllingArea='Z001')\",\"propertyPath\":\"CostCenterName\",\"modelName\":\"CostCenterModel\"}"}]}
RESULT: {"script":"<script> [1562 bytes]","args":[{"selector":{"controlType":"sap.m.Text","bindingPath":{"path":"/C_CostCtrValueHelp(CostCenter='10001010',ControllingArea='Z001')","propertyPath":"CostCenterName","modelName":"CostCenterModel"},"searchOpenDialogs":true},"wdio_ui5_key":"sapm.Text{\"path\":\"/C_CostCtrValueHelp(CostCenter='10001010',ControllingArea='Z001')\",\"propertyPath\":\"CostCenterName\",\"modelName\":\"CostCenterModel\"}"}]}
RESULT: undefined
COMMAND: POST /session/948cfef606f1c327c7afa492aa33856c/element - {"using":"xpath","value":"//*[@id=\"__text287-__clone1001\"]"}
RESULT: {"using":"xpath","value":"//*[@id=\"__text287-__clone1001\"]"}
COMMAND: POST /session/948cfef606f1c327c7afa492aa33856c/element/f.B11FB8328C47749F850BA47268692D59.d.FED6E36E386D388E37169F62BA238D05.e.12939/click - {}
RESULT: {}
COMMAND: POST /session/948cfef606f1c327c7afa492aa33856c/execute/async - {"script":"<script> [1562 bytes]","args":[{"selector":{"controlType":"sap.m.Button","properties":{"text":"OK"},"searchOpenDialogs":true,"interaction":{"idSuffix":"BDI-content"}},"wdio_ui5_key":"sapm.Button{\"text\":\"OK\"}"}]}
COMMAND: GET /session/948cfef606f1c327c7afa492aa33856c/screenshot - {}
RESULT: {"script":"<script> [1562 bytes]","args":[{"selector":{"controlType":"sap.m.Button","properties":{"text":"OK"},"searchOpenDialogs":true,"interaction":{"idSuffix":"BDI-content"}},"wdio_ui5_key":"sapm.Button{\"text\":\"OK\"}"}]}
RESULT: undefined
COMMAND: POST /session/948cfef606f1c327c7afa492aa33856c/element - {"using":"xpath","value":"//*[@id=\"__dialog1-ok\"]"}
RESULT: {}
RESULT: {"using":"xpath","value":"//*[@id=\"__dialog1-ok\"]"}
COMMAND: POST /session/948cfef606f1c327c7afa492aa33856c/element/f.B11FB8328C47749F850BA47268692D59.d.FED6E36E386D388E37169F62BA238D05.e.12941/click - {}
RESULT: {}
COMMAND: GET /session/948cfef606f1c327c7afa492aa33856c/screenshot - {}
RESULT: {}
COMMAND: POST /session/948cfef606f1c327c7afa492aa33856c/execute/async - {"script":"<script> [1562 bytes]","args":[{"selector":{"controlType":"sap.m.Button","viewName":"etm.portal.ui.managerequests.view.NewRequest","i18NText":{"propertyName":"text","key":"save"},"searchOpenDialogs":true,"interaction":{"idSuffix":"BDI-content"}},"wdio_ui5_key":"etmportal.ui.managerequests.view.NewRequestsap.m.Button{\"propertyName\":\"text\",\"key\":\"save\"}"}]}
RESULT: {"script":"<script> [1562 bytes]","args":[{"selector":{"controlType":"sap.m.Button","viewName":"etm.portal.ui.managerequests.view.NewRequest","i18NText":{"propertyName":"text","key":"save"},"searchOpenDialogs":true,"interaction":{"idSuffix":"BDI-content"}},"wdio_ui5_key":"etmportal.ui.managerequests.view.NewRequestsap.m.Button{\"propertyName\":\"text\",\"key\":\"save\"}"}]}
RESULT: undefined
COMMAND: POST /session/948cfef606f1c327c7afa492aa33856c/element - {"using":"xpath","value":"//*[@id=\"__button22\"]"}
RESULT: {"using":"xpath","value":"//*[@id=\"__button22\"]"}
COMMAND: POST /session/948cfef606f1c327c7afa492aa33856c/element/f.B11FB8328C47749F850BA47268692D59.d.FED6E36E386D388E37169F62BA238D05.e.12945/click - {}
RESULT: {}
COMMAND: GET /session/948cfef606f1c327c7afa492aa33856c/screenshot - {}
RESULT: {}
COMMAND: POST /session/948cfef606f1c327c7afa492aa33856c/element - {"using":"xpath","value":"(//bdi[contains(text() ,\"Save\")])[1]"}
RESULT: {"using":"xpath","value":"(//bdi[contains(text() ,\"Save\")])[1]"}
COMMAND: POST /session/948cfef606f1c327c7afa492aa33856c/element/f.B11FB8328C47749F850BA47268692D59.d.FED6E36E386D388E37169F62BA238D05.e.12947/click - {}
RESULT: {}
COMMAND: GET /session/948cfef606f1c327c7afa492aa33856c/screenshot - {}
RESULT: {}
COMMAND: POST /session/948cfef606f1c327c7afa492aa33856c/execute/async - {"script":"<script> [1562 bytes]","args":[{"selector":{"controlType":"sap.m.Title","properties":{"text":"Success"},"searchOpenDialogs":true},"wdio_ui5_key":"sapm.Title{\"text\":\"Success\"}"}]}
RESULT: {"script":"<script> [1562 bytes]","args":[{"selector":{"controlType":"sap.m.Title","properties":{"text":"Success"},"searchOpenDialogs":true},"wdio_ui5_key":"sapm.Title{\"text\":\"Success\"}"}]}
RESULT: undefined
COMMAND: POST /session/948cfef606f1c327c7afa492aa33856c/execute/async - {"script":"<script> [6424 bytes]","args":[{"element-6066-11e4-a52e-4f735466cecf":"f.B11FB8328C47749F850BA47268692D59.d.FED6E36E386D388E37169F62BA238D05.e.12951"},"getText",[]]}
RESULT: {"script":"<script> [6424 bytes]","args":[{"element-6066-11e4-a52e-4f735466cecf":"f.B11FB8328C47749F850BA47268692D59.d.FED6E36E386D388E37169F62BA238D05.e.12951"},"getText",[]]}
COMMAND: POST /session/948cfef606f1c327c7afa492aa33856c/execute/async - {"script":"<script> [1562 bytes]","args":[{"selector":{"controlType":"sap.m.Button","properties":{"text":"Close"},"searchOpenDialogs":true,"interaction":{"idSuffix":"BDI-content"}},"wdio_ui5_key":"sapm.Button{\"text\":\"Close\"}"}]}
RESULT: {"script":"<script> [1562 bytes]","args":[{"selector":{"controlType":"sap.m.Button","properties":{"text":"Close"},"searchOpenDialogs":true,"interaction":{"idSuffix":"BDI-content"}},"wdio_ui5_key":"sapm.Button{\"text\":\"Close\"}"}]}
RESULT: undefined
COMMAND: POST /session/948cfef606f1c327c7afa492aa33856c/element - {"using":"xpath","value":"//*[@id=\"__mbox-btn-0\"]"}
RESULT: {"using":"xpath","value":"//*[@id=\"__mbox-btn-0\"]"}
COMMAND: POST /session/948cfef606f1c327c7afa492aa33856c/element/f.B11FB8328C47749F850BA47268692D59.d.FED6E36E386D388E37169F62BA238D05.e.12950/click - {}
RESULT: {}
COMMAND: GET /session/948cfef606f1c327c7afa492aa33856c/screenshot - {}
RESULT: {}
COMMAND: POST /session/948cfef606f1c327c7afa492aa33856c/execute/async - {"script":"<script> [1562 bytes]","args":[{"selector":{"controlType":"sap.m.Text","viewName":"etm.portal.ui.managerequests.view.Detail","bindingPath":{"propertyPath":"NO","modelName":"catalogModel"}},"wdio_ui5_key":"etmportal.ui.managerequests.view.Detailsap.m.Text{\"propertyPath\":\"NO\",\"modelName\":\"catalogModel\"}"}]}
RESULT: {"script":"<script> [1562 bytes]","args":[{"selector":{"controlType":"sap.m.Text","viewName":"etm.portal.ui.managerequests.view.Detail","bindingPath":{"propertyPath":"NO","modelName":"catalogModel"}},"wdio_ui5_key":"etmportal.ui.managerequests.view.Detailsap.m.Text{\"propertyPath\":\"NO\",\"modelName\":\"catalogModel\"}"}]}
RESULT: undefined
COMMAND: POST /session/948cfef606f1c327c7afa492aa33856c/execute/async - {"script":"<script> [6424 bytes]","args":[{"element-6066-11e4-a52e-4f735466cecf":"f.B11FB8328C47749F850BA47268692D59.d.FED6E36E386D388E37169F62BA238D05.e.13079"},"getText",[]]}
RESULT: {"script":"<script> [6424 bytes]","args":[{"element-6066-11e4-a52e-4f735466cecf":"f.B11FB8328C47749F850BA47268692D59.d.FED6E36E386D388E37169F62BA238D05.e.13079"},"getText",[]]}
COMMAND: POST /session/948cfef606f1c327c7afa492aa33856c/execute/async - {"script":"<script> [1562 bytes]","args":[{"selector":{"controlType":"sap.ui.core.Icon","viewName":"etm.portal.ui.managerequests.view.Detail","properties":{"src":{"regex":{"source":"date\\-time"}}},"ancestor":{"controlType":"sap.m.ColumnListItem","viewName":"etm.portal.ui.managerequests.view.Detail","bindingPath":{"path":"/SmartRequestItemsPlanningBoard(ITEM=10m,REQUEST='20253')"},"ancestor":{"id":"requestItemsTable","viewName":"etm.portal.ui.managerequests.view.Detail"}}},"wdio_ui5_key":"etmportal.ui.managerequests.view.Detailsap.ui.core.Icon{\"src\":{\"regex\":{\"source\":\"date\\\\-time\"}}}{\"controlType\":\"sap.m.ColumnListItem\",\"viewName\":\"etm.portal.ui.managerequests.view.Detail\",\"bindingPath\":{\"path\":\"/SmartRequestItemsPlanningBoard(ITEM=10m,REQUEST='20253')\"},\"ancestor\":{\"id\":\"requestItemsTable\",\"viewName\":\"etm.portal.ui.managerequests.view.Detail\"}}"}]}
RESULT: {"script":"<script> [1562 bytes]","args":[{"selector":{"controlType":"sap.ui.core.Icon","viewName":"etm.portal.ui.managerequests.view.Detail","properties":{"src":{"regex":{"source":"date\\-time"}}},"ancestor":{"controlType":"sap.m.ColumnListItem","viewName":"etm.portal.ui.managerequests.view.Detail","bindingPath":{"path":"/SmartRequestItemsPlanningBoard(ITEM=10m,REQUEST='20253')"},"ancestor":{"id":"requestItemsTable","viewName":"etm.portal.ui.managerequests.view.Detail"}}},"wdio_ui5_key":"etmportal.ui.managerequests.view.Detailsap.ui.core.Icon{\"src\":{\"regex\":{\"source\":\"date\\\\-time\"}}}{\"controlType\":\"sap.m.ColumnListItem\",\"viewName\":\"etm.portal.ui.managerequests.view.Detail\",\"bindingPath\":{\"path\":\"/SmartRequestItemsPlanningBoard(ITEM=10m,REQUEST='20253')\"},\"ancestor\":{\"id\":\"requestItemsTable\",\"viewName\":\"etm.portal.ui.managerequests.view.Detail\"}}"}]}
RESULT: undefined
COMMAND: POST /session/948cfef606f1c327c7afa492aa33856c/element - {"using":"xpath","value":"//*[@id=\"__button37-__clone1040-img\"]"}
RESULT: {"using":"xpath","value":"//*[@id=\"__button37-__clone1040-img\"]"}
COMMAND: POST /session/948cfef606f1c327c7afa492aa33856c/element/f.B11FB8328C47749F850BA47268692D59.d.FED6E36E386D388E37169F62BA238D05.e.13080/click - {}
RESULT: {}
COMMAND: POST /session/948cfef606f1c327c7afa492aa33856c/execute/async - {"script":"<script> [1562 bytes]","args":[{"selector":{"controlType":"sap.m.Button","viewName":"etm.portal.ui.managerequests.view.Detail","properties":{"text":"Close"},"searchOpenDialogs":true,"interaction":{"idSuffix":"BDI-content"}},"wdio_ui5_key":"etmportal.ui.managerequests.view.Detailsap.m.Button{\"text\":\"Close\"}"}]}
COMMAND: GET /session/948cfef606f1c327c7afa492aa33856c/screenshot - {}
RESULT: {"script":"<script> [1562 bytes]","args":[{"selector":{"controlType":"sap.m.Button","viewName":"etm.portal.ui.managerequests.view.Detail","properties":{"text":"Close"},"searchOpenDialogs":true,"interaction":{"idSuffix":"BDI-content"}},"wdio_ui5_key":"etmportal.ui.managerequests.view.Detailsap.m.Button{\"text\":\"Close\"}"}]}
RESULT: undefined
COMMAND: POST /session/948cfef606f1c327c7afa492aa33856c/element - {"using":"xpath","value":"//*[@id=\"__button45\"]"}
RESULT: {}
RESULT: {"using":"xpath","value":"//*[@id=\"__button45\"]"}
COMMAND: POST /session/948cfef606f1c327c7afa492aa33856c/element/f.B11FB8328C47749F850BA47268692D59.d.FED6E36E386D388E37169F62BA238D05.e.13083/click - {}
RESULT: {}
COMMAND: POST /session/948cfef606f1c327c7afa492aa33856c/refresh - {}
COMMAND: GET /session/948cfef606f1c327c7afa492aa33856c/screenshot - {}
RESULT: {}
COMMAND: GET /session/948cfef606f1c327c7afa492aa33856c/screenshot - {}
RESULT: {}
RESULT: {}
COMMAND: POST /session/948cfef606f1c327c7afa492aa33856c/execute/async - {"script":"<script> [189 bytes]","args":[]}
RESULT: {"script":"<script> [189 bytes]","args":[]}
COMMAND: POST /session/948cfef606f1c327c7afa492aa33856c/execute/async - {"script":"<script> [123 bytes]","args":[]}
RESULT: {"script":"<script> [123 bytes]","args":[]}
COMMAND: POST /session/948cfef606f1c327c7afa492aa33856c/timeouts - {"script":"<number>"}
RESULT: {"script":"<number>"}
COMMAND: GET /session/948cfef606f1c327c7afa492aa33856c/timeouts - {}
RESULT: {}
RESULT: undefined
COMMAND: POST /session/948cfef606f1c327c7afa492aa33856c/execute/async - {"script":"<script> [2676 bytes]","args":[]}
RESULT: {"script":"<script> [2676 bytes]","args":[]}
COMMAND: POST /session/948cfef606f1c327c7afa492aa33856c/execute/async - {"script":"<script> [2342 bytes]","args":[{"protocol":"http","hostname":"0.0.0.0","path":"/","capabilities":{"browserName":"chrome","goog:chromeOptions":{"binary":"C:\\Program Files\\Google\\Chrome\\Application\\chrome.exe","args":["--start-maximized"]}},"logLevel":"warn","connectionRetryTimeout":120000,"connectionRetryCount":3,"logLevels":{},"enableDirectConnect":true,"strictSSL":true,"_":"65 more keys: [\"cacheDir\",\"port\",\"requestedCapabilities\",\"automationProtocol\",\"baseUrl\",\"waitforInterval\",\"waitforTimeout\",\"onReload\",\"beforeCommand\",\"afterCommand\",\"rootDir\",\"specs\",\"suites\",\"exclude\",\"groupLogsByTestSpec\",\"excludeDriverLogs\",\"bail\",\"framework\",\"reporters\",\"services\",\"maxInstances\",\"maxInstancesPerCapability\",\"injectGlobals\",\"filesToWatch\",\"execArgv\",\"runnerEnv\",\"runner\",\"shard\",\"specFileRetries\",\"specFileRetriesDelay\",\"specFileRetriesDeferred\",\"reporterSyncInterval\",\"reporterSyncTimeout\",\"cucumberFeaturesWithLineNumbers\",\"autoCompileOpts\",\"mochaOpts\",\"jasmineOpts\",\"cucumberOpts\",\"onPrepare\",\"onWorkerStart\",\"onWorkerEnd\",\"before\",\"beforeSession\",\"beforeSuite\",\"beforeHook\",\"beforeTest\",\"afterTest\",\"afterHook\",\"afterSuite\",\"afterSession\",\"after\",\"onComplete\",\"beforeAssertion\",\"afterAssertion\",\"beforeFeature\",\"beforeScenario\",\"beforeStep\",\"afterStep\",\"afterScenario\",\"afterFeature\",\"_\",\"suite\",\"$0\",\"ignoredWorkerServices\",\"wdi5\"]"}]}
RESULT: {"script":"<script> [2342 bytes]","args":[{"protocol":"http","hostname":"0.0.0.0","path":"/","capabilities":{"browserName":"chrome","goog:chromeOptions":{"binary":"C:\\Program Files\\Google\\Chrome\\Application\\chrome.exe","args":["--start-maximized"]}},"logLevel":"warn","connectionRetryTimeout":120000,"connectionRetryCount":3,"logLevels":{},"enableDirectConnect":true,"strictSSL":true,"_":"65 more keys: [\"cacheDir\",\"port\",\"requestedCapabilities\",\"automationProtocol\",\"baseUrl\",\"waitforInterval\",\"waitforTimeout\",\"onReload\",\"beforeCommand\",\"afterCommand\",\"rootDir\",\"specs\",\"suites\",\"exclude\",\"groupLogsByTestSpec\",\"excludeDriverLogs\",\"bail\",\"framework\",\"reporters\",\"services\",\"maxInstances\",\"maxInstancesPerCapability\",\"injectGlobals\",\"filesToWatch\",\"execArgv\",\"runnerEnv\",\"runner\",\"shard\",\"specFileRetries\",\"specFileRetriesDelay\",\"specFileRetriesDeferred\",\"reporterSyncInterval\",\"reporterSyncTimeout\",\"cucumberFeaturesWithLineNumbers\",\"autoCompileOpts\",\"mochaOpts\",\"jasmineOpts\",\"cucumberOpts\",\"onPrepare\",\"onWorkerStart\",\"onWorkerEnd\",\"before\",\"beforeSession\",\"beforeSuite\",\"beforeHook\",\"beforeTest\",\"afterTest\",\"afterHook\",\"afterSuite\",\"afterSession\",\"after\",\"onComplete\",\"beforeAssertion\",\"afterAssertion\",\"beforeFeature\",\"beforeScenario\",\"beforeStep\",\"afterStep\",\"afterScenario\",\"afterFeature\",\"_\",\"suite\",\"$0\",\"ignoredWorkerServices\",\"wdi5\"]"}]}
COMMAND: POST /session/948cfef606f1c327c7afa492aa33856c/execute/async - {"script":"<script> [21126 bytes]","args":[35000]}
RESULT: {"script":"<script> [21126 bytes]","args":[35000]}
]]></system-out>
    </testcase>
    <testcase classname="chrome.136_0_7103_93.windows.Process_request_items_into_new_quotation_US120163" name="Should process the request into a new quotation" time="52.271">
      <system-out><![CDATA[
COMMAND: GET /session/948cfef606f1c327c7afa492aa33856c/window - {}
RESULT: {}
COMMAND: POST /session/948cfef606f1c327c7afa492aa33856c/element - {"using":"xpath","value":"//span[contains(@id ,\"detailHeaderTitle-_actionsToolbar-overflowButton-img\")]"}
RESULT: {"using":"xpath","value":"//span[contains(@id ,\"detailHeaderTitle-_actionsToolbar-overflowButton-img\")]"}
COMMAND: POST /session/948cfef606f1c327c7afa492aa33856c/element/f.B11FB8328C47749F850BA47268692D59.d.E4264975BB1A6CA4B80F4673055337CD.e.13310/click - {}
RESULT: {}
COMMAND: GET /session/948cfef606f1c327c7afa492aa33856c/screenshot - {}
RESULT: {}
COMMAND: POST /session/948cfef606f1c327c7afa492aa33856c/element - {"using":"xpath","value":"//span[contains(@id ,\"actionsMenuButton-internalSplitBtn-arrowButton-img\")]"}
RESULT: {"using":"xpath","value":"//span[contains(@id ,\"actionsMenuButton-internalSplitBtn-arrowButton-img\")]"}
COMMAND: POST /session/948cfef606f1c327c7afa492aa33856c/element/f.B11FB8328C47749F850BA47268692D59.d.E4264975BB1A6CA4B80F4673055337CD.e.13313/click - {}
RESULT: {}
COMMAND: GET /session/948cfef606f1c327c7afa492aa33856c/screenshot - {}
RESULT: {}
COMMAND: POST /session/948cfef606f1c327c7afa492aa33856c/actions - {"actions":[{"id":"action105","type":"key","parameters":{},"actions":[{"type":"keyDown","value":""},{"type":"pause","duration":10},{"type":"keyUp","value":""}]}]}
RESULT: {"actions":[{"id":"action105","type":"key","parameters":{},"actions":[{"type":"keyDown","value":""},{"type":"pause","duration":10},{"type":"keyUp","value":""}]}]}
COMMAND: GET /session/948cfef606f1c327c7afa492aa33856c/screenshot - {}
RESULT: {}
COMMAND: POST /session/948cfef606f1c327c7afa492aa33856c/actions - {"actions":[{"id":"action106","type":"key","parameters":{},"actions":[{"type":"keyDown","value":""},{"type":"pause","duration":10},{"type":"keyUp","value":""}]}]}
RESULT: {"actions":[{"id":"action106","type":"key","parameters":{},"actions":[{"type":"keyDown","value":""},{"type":"pause","duration":10},{"type":"keyUp","value":""}]}]}
COMMAND: GET /session/948cfef606f1c327c7afa492aa33856c/screenshot - {}
RESULT: {}
COMMAND: POST /session/948cfef606f1c327c7afa492aa33856c/actions - {"actions":[{"id":"action107","type":"key","parameters":{},"actions":[{"type":"keyDown","value":""},{"type":"pause","duration":10},{"type":"keyUp","value":""}]}]}
RESULT: {"actions":[{"id":"action107","type":"key","parameters":{},"actions":[{"type":"keyDown","value":""},{"type":"pause","duration":10},{"type":"keyUp","value":""}]}]}
COMMAND: GET /session/948cfef606f1c327c7afa492aa33856c/screenshot - {}
RESULT: {}
COMMAND: POST /session/948cfef606f1c327c7afa492aa33856c/actions - {"actions":[{"id":"action108","type":"key","parameters":{},"actions":[{"type":"keyDown","value":""},{"type":"pause","duration":10},{"type":"keyUp","value":""}]}]}
RESULT: {"actions":[{"id":"action108","type":"key","parameters":{},"actions":[{"type":"keyDown","value":""},{"type":"pause","duration":10},{"type":"keyUp","value":""}]}]}
COMMAND: GET /session/948cfef606f1c327c7afa492aa33856c/screenshot - {}
RESULT: {}
COMMAND: POST /session/948cfef606f1c327c7afa492aa33856c/actions - {"actions":[{"id":"action109","type":"key","parameters":{},"actions":[{"type":"keyDown","value":""},{"type":"pause","duration":10},{"type":"keyUp","value":""}]}]}
RESULT: {"actions":[{"id":"action109","type":"key","parameters":{},"actions":[{"type":"keyDown","value":""},{"type":"pause","duration":10},{"type":"keyUp","value":""}]}]}
COMMAND: GET /session/948cfef606f1c327c7afa492aa33856c/screenshot - {}
RESULT: {}
COMMAND: GET /session/948cfef606f1c327c7afa492aa33856c/window/handles - {}
RESULT: {}
COMMAND: GET /session/948cfef606f1c327c7afa492aa33856c/window/handles - {}
RESULT: {}
COMMAND: POST /session/948cfef606f1c327c7afa492aa33856c/window - {"handle":"6F3D819E1726502B814BEFF1ABB8C2EF"}
RESULT: {"handle":"6F3D819E1726502B814BEFF1ABB8C2EF"}
COMMAND: GET /session/948cfef606f1c327c7afa492aa33856c/url - {}
RESULT: {}
COMMAND: GET /session/948cfef606f1c327c7afa492aa33856c/screenshot - {}
RESULT: {}
COMMAND: POST /session/948cfef606f1c327c7afa492aa33856c/element - {"using":"xpath","value":"//span[contains(text(), \"Header Billing Items\")]"}
RESULT: {"using":"xpath","value":"//span[contains(text(), \"Header Billing Items\")]"}
COMMAND: POST /session/948cfef606f1c327c7afa492aa33856c/element/f.6F3D819E1726502B814BEFF1ABB8C2EF.d.9956BA9B87F2AD1A3F5A9C583C656625.e.13529/click - {}
RESULT: {}
COMMAND: GET /session/948cfef606f1c327c7afa492aa33856c/screenshot - {}
RESULT: {}
COMMAND: POST /session/948cfef606f1c327c7afa492aa33856c/element - {"using":"xpath","value":"//span[contains(@id ,\"contractItemsSmartTable-header-inner\")]"}
RESULT: {"using":"xpath","value":"//span[contains(@id ,\"contractItemsSmartTable-header-inner\")]"}
COMMAND: GET /session/948cfef606f1c327c7afa492aa33856c/element/f.6F3D819E1726502B814BEFF1ABB8C2EF.d.9956BA9B87F2AD1A3F5A9C583C656625.e.13531/text - {}
RESULT: {}
COMMAND: POST /session/948cfef606f1c327c7afa492aa33856c/element - {"using":"xpath","value":"//span[@class=\"sapMObjStatusText\"][contains(text(), \"proposed\")]"}
RESULT: {"using":"xpath","value":"//span[@class=\"sapMObjStatusText\"][contains(text(), \"proposed\")]"}
COMMAND: GET /session/948cfef606f1c327c7afa492aa33856c/element/f.6F3D819E1726502B814BEFF1ABB8C2EF.d.9956BA9B87F2AD1A3F5A9C583C656625.e.13532/text - {}
RESULT: {}
COMMAND: DELETE /session/948cfef606f1c327c7afa492aa33856c/window - {}
RESULT: {}
COMMAND: POST /session/948cfef606f1c327c7afa492aa33856c/window - {"handle":"B11FB8328C47749F850BA47268692D59"}
RESULT: {"handle":"B11FB8328C47749F850BA47268692D59"}
COMMAND: GET /session/948cfef606f1c327c7afa492aa33856c/url - {}
RESULT: {}
COMMAND: GET /session/948cfef606f1c327c7afa492aa33856c/screenshot - {}
RESULT: {}
]]></system-out>
    </testcase>
    <testcase classname="chrome.136_0_7103_93.windows.Process_request_items_into_new_quotation_US120163" name="Should navigate back to the request and check the request and item statuses" time="25.243">
      <system-out><![CDATA[
COMMAND: POST /session/948cfef606f1c327c7afa492aa33856c/refresh - {}
RESULT: {}
COMMAND: GET /session/948cfef606f1c327c7afa492aa33856c/screenshot - {}
RESULT: {}
COMMAND: POST /session/948cfef606f1c327c7afa492aa33856c/execute/async - {"script":"<script> [189 bytes]","args":[]}
RESULT: {"script":"<script> [189 bytes]","args":[]}
COMMAND: POST /session/948cfef606f1c327c7afa492aa33856c/execute/async - {"script":"<script> [123 bytes]","args":[]}
RESULT: {"script":"<script> [123 bytes]","args":[]}
COMMAND: POST /session/948cfef606f1c327c7afa492aa33856c/timeouts - {"script":"<number>"}
RESULT: {"script":"<number>"}
COMMAND: GET /session/948cfef606f1c327c7afa492aa33856c/timeouts - {}
RESULT: {}
RESULT: undefined
COMMAND: POST /session/948cfef606f1c327c7afa492aa33856c/execute/async - {"script":"<script> [2676 bytes]","args":[]}
RESULT: {"script":"<script> [2676 bytes]","args":[]}
COMMAND: POST /session/948cfef606f1c327c7afa492aa33856c/execute/async - {"script":"<script> [2342 bytes]","args":[{"protocol":"http","hostname":"0.0.0.0","path":"/","capabilities":{"browserName":"chrome","goog:chromeOptions":{"binary":"C:\\Program Files\\Google\\Chrome\\Application\\chrome.exe","args":["--start-maximized"]}},"logLevel":"warn","connectionRetryTimeout":120000,"connectionRetryCount":3,"logLevels":{},"enableDirectConnect":true,"strictSSL":true,"_":"65 more keys: [\"cacheDir\",\"port\",\"requestedCapabilities\",\"automationProtocol\",\"baseUrl\",\"waitforInterval\",\"waitforTimeout\",\"onReload\",\"beforeCommand\",\"afterCommand\",\"rootDir\",\"specs\",\"suites\",\"exclude\",\"groupLogsByTestSpec\",\"excludeDriverLogs\",\"bail\",\"framework\",\"reporters\",\"services\",\"maxInstances\",\"maxInstancesPerCapability\",\"injectGlobals\",\"filesToWatch\",\"execArgv\",\"runnerEnv\",\"runner\",\"shard\",\"specFileRetries\",\"specFileRetriesDelay\",\"specFileRetriesDeferred\",\"reporterSyncInterval\",\"reporterSyncTimeout\",\"cucumberFeaturesWithLineNumbers\",\"autoCompileOpts\",\"mochaOpts\",\"jasmineOpts\",\"cucumberOpts\",\"onPrepare\",\"onWorkerStart\",\"onWorkerEnd\",\"before\",\"beforeSession\",\"beforeSuite\",\"beforeHook\",\"beforeTest\",\"afterTest\",\"afterHook\",\"afterSuite\",\"afterSession\",\"after\",\"onComplete\",\"beforeAssertion\",\"afterAssertion\",\"beforeFeature\",\"beforeScenario\",\"beforeStep\",\"afterStep\",\"afterScenario\",\"afterFeature\",\"_\",\"suite\",\"$0\",\"ignoredWorkerServices\",\"wdi5\"]"}]}
RESULT: {"script":"<script> [2342 bytes]","args":[{"protocol":"http","hostname":"0.0.0.0","path":"/","capabilities":{"browserName":"chrome","goog:chromeOptions":{"binary":"C:\\Program Files\\Google\\Chrome\\Application\\chrome.exe","args":["--start-maximized"]}},"logLevel":"warn","connectionRetryTimeout":120000,"connectionRetryCount":3,"logLevels":{},"enableDirectConnect":true,"strictSSL":true,"_":"65 more keys: [\"cacheDir\",\"port\",\"requestedCapabilities\",\"automationProtocol\",\"baseUrl\",\"waitforInterval\",\"waitforTimeout\",\"onReload\",\"beforeCommand\",\"afterCommand\",\"rootDir\",\"specs\",\"suites\",\"exclude\",\"groupLogsByTestSpec\",\"excludeDriverLogs\",\"bail\",\"framework\",\"reporters\",\"services\",\"maxInstances\",\"maxInstancesPerCapability\",\"injectGlobals\",\"filesToWatch\",\"execArgv\",\"runnerEnv\",\"runner\",\"shard\",\"specFileRetries\",\"specFileRetriesDelay\",\"specFileRetriesDeferred\",\"reporterSyncInterval\",\"reporterSyncTimeout\",\"cucumberFeaturesWithLineNumbers\",\"autoCompileOpts\",\"mochaOpts\",\"jasmineOpts\",\"cucumberOpts\",\"onPrepare\",\"onWorkerStart\",\"onWorkerEnd\",\"before\",\"beforeSession\",\"beforeSuite\",\"beforeHook\",\"beforeTest\",\"afterTest\",\"afterHook\",\"afterSuite\",\"afterSession\",\"after\",\"onComplete\",\"beforeAssertion\",\"afterAssertion\",\"beforeFeature\",\"beforeScenario\",\"beforeStep\",\"afterStep\",\"afterScenario\",\"afterFeature\",\"_\",\"suite\",\"$0\",\"ignoredWorkerServices\",\"wdi5\"]"}]}
COMMAND: POST /session/948cfef606f1c327c7afa492aa33856c/execute/async - {"script":"<script> [21126 bytes]","args":[35000]}
RESULT: {"script":"<script> [21126 bytes]","args":[35000]}
COMMAND: POST /session/948cfef606f1c327c7afa492aa33856c/execute/async - {"script":"<script> [1562 bytes]","args":[{"selector":{"controlType":"sap.m.Text","viewName":"etm.portal.ui.managerequests.view.Detail","bindingPath":{"path":"/SmartRequestItemsPlanningBoard(ITEM=10m,REQUEST='20253')","propertyPath":"STATUS_DESC"}},"wdio_ui5_key":"etmportal.ui.managerequests.view.Detailsap.m.Text{\"path\":\"/SmartRequestItemsPlanningBoard(ITEM=10m,REQUEST='20253')\",\"propertyPath\":\"STATUS_DESC\"}"}]}
RESULT: {"script":"<script> [1562 bytes]","args":[{"selector":{"controlType":"sap.m.Text","viewName":"etm.portal.ui.managerequests.view.Detail","bindingPath":{"path":"/SmartRequestItemsPlanningBoard(ITEM=10m,REQUEST='20253')","propertyPath":"STATUS_DESC"}},"wdio_ui5_key":"etmportal.ui.managerequests.view.Detailsap.m.Text{\"path\":\"/SmartRequestItemsPlanningBoard(ITEM=10m,REQUEST='20253')\",\"propertyPath\":\"STATUS_DESC\"}"}]}
RESULT: undefined
COMMAND: POST /session/948cfef606f1c327c7afa492aa33856c/execute/async - {"script":"<script> [6424 bytes]","args":[{"element-6066-11e4-a52e-4f735466cecf":"f.B11FB8328C47749F850BA47268692D59.d.CF64DD5B8C0AB04907F43A437234DA48.e.13748"},"getText",[]]}
RESULT: {"script":"<script> [6424 bytes]","args":[{"element-6066-11e4-a52e-4f735466cecf":"f.B11FB8328C47749F850BA47268692D59.d.CF64DD5B8C0AB04907F43A437234DA48.e.13748"},"getText",[]]}
COMMAND: POST /session/948cfef606f1c327c7afa492aa33856c/execute/async - {"script":"<script> [1562 bytes]","args":[{"selector":{"controlType":"sap.m.ObjectStatus","viewName":"etm.portal.ui.managerequests.view.Detail","bindingPath":{"path":"/RequestHeaders('20253')","propertyPath":"LINK_TO_STATUS/DESCRIPTION","modelName":"catalogModel"}},"wdio_ui5_key":"etmportal.ui.managerequests.view.Detailsap.m.ObjectStatus{\"path\":\"/RequestHeaders('20253')\",\"propertyPath\":\"LINK_TO_STATUS/DESCRIPTION\",\"modelName\":\"catalogModel\"}"}]}
RESULT: {"script":"<script> [1562 bytes]","args":[{"selector":{"controlType":"sap.m.ObjectStatus","viewName":"etm.portal.ui.managerequests.view.Detail","bindingPath":{"path":"/RequestHeaders('20253')","propertyPath":"LINK_TO_STATUS/DESCRIPTION","modelName":"catalogModel"}},"wdio_ui5_key":"etmportal.ui.managerequests.view.Detailsap.m.ObjectStatus{\"path\":\"/RequestHeaders('20253')\",\"propertyPath\":\"LINK_TO_STATUS/DESCRIPTION\",\"modelName\":\"catalogModel\"}"}]}
RESULT: undefined
COMMAND: POST /session/948cfef606f1c327c7afa492aa33856c/execute/async - {"script":"<script> [6424 bytes]","args":[{"element-6066-11e4-a52e-4f735466cecf":"f.B11FB8328C47749F850BA47268692D59.d.CF64DD5B8C0AB04907F43A437234DA48.e.13749"},"getText",[]]}
RESULT: {"script":"<script> [6424 bytes]","args":[{"element-6066-11e4-a52e-4f735466cecf":"f.B11FB8328C47749F850BA47268692D59.d.CF64DD5B8C0AB04907F43A437234DA48.e.13749"},"getText",[]]}
COMMAND: DELETE /session/948cfef606f1c327c7afa492aa33856c - {}
RESULT: {}
]]></system-out>
    </testcase>
  </testsuite>
</testsuites>