<?xml version="1.0" encoding="UTF-8"?>
<testsuites tests="80" failures="2" errors="2" skipped="0">
  <testsuite timestamp="2025-05-17T16:17:57" time="748.916" tests="8" failures="1" errors="1" skipped="0">
    <properties>
      <property name="specId" value="0" />
      <property name="suiteName" value="Stock increase - with WHM US125587" />
      <property name="capabilities" value="chrome.136_0_7103_93.windows" />
      <property name="file" value="file:///D:/a/1/s/test/specs/HTR/stock-increase.spec.js" />
    </properties>
    <testcase classname="chrome.136_0_7103_93.windows.Stock_increase_-_with_WHM_US125587" name="Should create a new WHM yard" time="126.499">
      <system-out><![CDATA[
COMMAND: POST /session/a0fa65e418457f6e1528b16bc1e26f2c/window/fullscreen - {}
RESULT: {}
COMMAND: POST /session/a0fa65e418457f6e1528b16bc1e26f2c/execute/async - {"script":"<script> [1562 bytes]","args":[{"selector":{"controlType":"sap.m.GenericTile","properties":{"header":"Manage Yards"}},"wdio_ui5_key":"sapm.GenericTile{\"header\":\"Manage Yards\"}"}]}
RESULT: {"script":"<script> [1562 bytes]","args":[{"selector":{"controlType":"sap.m.GenericTile","properties":{"header":"Manage Yards"}},"wdio_ui5_key":"sapm.GenericTile{\"header\":\"Manage Yards\"}"}]}
RESULT: undefined
COMMAND: POST /session/a0fa65e418457f6e1528b16bc1e26f2c/element - {"using":"xpath","value":"//*[@id=\"__tile41\"]"}
RESULT: {"using":"xpath","value":"//*[@id=\"__tile41\"]"}
COMMAND: POST /session/a0fa65e418457f6e1528b16bc1e26f2c/element/f.6300CB9FC90E916FB2ACF31257920715.d.5A8E8AFBFBE870809310F8DBDB22F5E2.e.129/click - {}
RESULT: {}
COMMAND: GET /session/a0fa65e418457f6e1528b16bc1e26f2c/screenshot - {}
RESULT: {}
COMMAND: POST /session/a0fa65e418457f6e1528b16bc1e26f2c/elements - {"using":"xpath","value":"//span[text()='Error']"}
RESULT: {"using":"xpath","value":"//span[text()='Error']"}
COMMAND: POST /session/a0fa65e418457f6e1528b16bc1e26f2c/element - {"using":"xpath","value":"//button[@data-kt=\"addNewYardOverflowToolbarButton\"]"}
RESULT: {"using":"xpath","value":"//button[@data-kt=\"addNewYardOverflowToolbarButton\"]"}
COMMAND: POST /session/a0fa65e418457f6e1528b16bc1e26f2c/elements - {"using":"xpath","value":"//button[@data-kt=\"addNewYardOverflowToolbarButton\"]"}
RESULT: {"using":"xpath","value":"//button[@data-kt=\"addNewYardOverflowToolbarButton\"]"}
COMMAND: POST /session/a0fa65e418457f6e1528b16bc1e26f2c/execute/sync - {"script":"<script> [8489 bytes]","args":[{"element-6066-11e4-a52e-4f735466cecf":"f.6300CB9FC90E916FB2ACF31257920715.d.5A8E8AFBFBE870809310F8DBDB22F5E2.e.277","ELEMENT":"f.6300CB9FC90E916FB2ACF31257920715.d.5A8E8AFBFBE870809310F8DBDB22F5E2.e.277"}]}
RESULT: {"script":"<script> [8489 bytes]","args":[{"element-6066-11e4-a52e-4f735466cecf":"f.6300CB9FC90E916FB2ACF31257920715.d.5A8E8AFBFBE870809310F8DBDB22F5E2.e.277","ELEMENT":"f.6300CB9FC90E916FB2ACF31257920715.d.5A8E8AFBFBE870809310F8DBDB22F5E2.e.277"}]}
COMMAND: GET /session/a0fa65e418457f6e1528b16bc1e26f2c/element/f.6300CB9FC90E916FB2ACF31257920715.d.5A8E8AFBFBE870809310F8DBDB22F5E2.e.277/enabled - {}
COMMAND: GET /session/a0fa65e418457f6e1528b16bc1e26f2c/screenshot - {}
RESULT: {}
COMMAND: POST /session/a0fa65e418457f6e1528b16bc1e26f2c/execute/sync - {"script":"<script> [8489 bytes]","args":[{"element-6066-11e4-a52e-4f735466cecf":"f.6300CB9FC90E916FB2ACF31257920715.d.5A8E8AFBFBE870809310F8DBDB22F5E2.e.277","ELEMENT":"f.6300CB9FC90E916FB2ACF31257920715.d.5A8E8AFBFBE870809310F8DBDB22F5E2.e.277"}]}
COMMAND: GET /session/a0fa65e418457f6e1528b16bc1e26f2c/screenshot - {}
RESULT: {}
RESULT: {}
RESULT: {"script":"<script> [8489 bytes]","args":[{"element-6066-11e4-a52e-4f735466cecf":"f.6300CB9FC90E916FB2ACF31257920715.d.5A8E8AFBFBE870809310F8DBDB22F5E2.e.277","ELEMENT":"f.6300CB9FC90E916FB2ACF31257920715.d.5A8E8AFBFBE870809310F8DBDB22F5E2.e.277"}]}
COMMAND: POST /session/a0fa65e418457f6e1528b16bc1e26f2c/execute/sync - {"script":"<script> [5351 bytes]","args":[{"element-6066-11e4-a52e-4f735466cecf":"f.6300CB9FC90E916FB2ACF31257920715.d.5A8E8AFBFBE870809310F8DBDB22F5E2.e.277","ELEMENT":"f.6300CB9FC90E916FB2ACF31257920715.d.5A8E8AFBFBE870809310F8DBDB22F5E2.e.277"}]}
COMMAND: GET /session/a0fa65e418457f6e1528b16bc1e26f2c/screenshot - {}
RESULT: {"script":"<script> [5351 bytes]","args":[{"element-6066-11e4-a52e-4f735466cecf":"f.6300CB9FC90E916FB2ACF31257920715.d.5A8E8AFBFBE870809310F8DBDB22F5E2.e.277","ELEMENT":"f.6300CB9FC90E916FB2ACF31257920715.d.5A8E8AFBFBE870809310F8DBDB22F5E2.e.277"}]}
COMMAND: POST /session/a0fa65e418457f6e1528b16bc1e26f2c/element/f.6300CB9FC90E916FB2ACF31257920715.d.5A8E8AFBFBE870809310F8DBDB22F5E2.e.277/click - {}
COMMAND: GET /session/a0fa65e418457f6e1528b16bc1e26f2c/screenshot - {}
RESULT: {}
RESULT: {}
COMMAND: GET /session/a0fa65e418457f6e1528b16bc1e26f2c/screenshot - {}
RESULT: {}
COMMAND: POST /session/a0fa65e418457f6e1528b16bc1e26f2c/element - {"using":"xpath","value":"//input[@id=\"application-manageyards-display-component---NewYard--yardId-inner\"]"}
RESULT: {}
RESULT: {"using":"xpath","value":"//input[@id=\"application-manageyards-display-component---NewYard--yardId-inner\"]"}
COMMAND: POST /session/a0fa65e418457f6e1528b16bc1e26f2c/element - {"using":"xpath","value":"//input[@id=\"application-manageyards-display-component---NewYard--yardId-inner\"]"}
RESULT: {"using":"xpath","value":"//input[@id=\"application-manageyards-display-component---NewYard--yardId-inner\"]"}
COMMAND: POST /session/a0fa65e418457f6e1528b16bc1e26f2c/execute/async - {"script":"<script> [1562 bytes]","args":[{"selector":{"id":"application-manageyards-display-component---NewYard--addressDetailDetailsName1","interaction":{"idSuffix":"inner"}},"wdio_ui5_key":"applicationmanageyards-display-component---NewYard--addressDetailDetailsName1"}]}
RESULT: {"script":"<script> [1562 bytes]","args":[{"selector":{"id":"application-manageyards-display-component---NewYard--addressDetailDetailsName1","interaction":{"idSuffix":"inner"}},"wdio_ui5_key":"applicationmanageyards-display-component---NewYard--addressDetailDetailsName1"}]}
RESULT: undefined
COMMAND: POST /session/a0fa65e418457f6e1528b16bc1e26f2c/execute/async - {"script":"<script> [776 bytes]","args":[{"enterText":"Warehouse Managed WDIO","selector":{"id":"application-manageyards-display-component---NewYard--addressDetailDetailsName1","interaction":{"idSuffix":"inner"}},"clearTextFirst":true,"interactionType":"ENTER_TEXT"}]}
RESULT: {"script":"<script> [776 bytes]","args":[{"enterText":"Warehouse Managed WDIO","selector":{"id":"application-manageyards-display-component---NewYard--addressDetailDetailsName1","interaction":{"idSuffix":"inner"}},"clearTextFirst":true,"interactionType":"ENTER_TEXT"}]}
COMMAND: POST /session/a0fa65e418457f6e1528b16bc1e26f2c/execute/async - {"script":"<script> [1562 bytes]","args":[{"selector":{"id":"application-manageyards-display-component---NewYard--addressDetailDetailsLanguage-arrow"},"wdio_ui5_key":"applicationmanageyards-display-component---NewYard--addressDetailDetailsLanguage-arrow"}]}
RESULT: {"script":"<script> [1562 bytes]","args":[{"selector":{"id":"application-manageyards-display-component---NewYard--addressDetailDetailsLanguage-arrow"},"wdio_ui5_key":"applicationmanageyards-display-component---NewYard--addressDetailDetailsLanguage-arrow"}]}
RESULT: undefined
COMMAND: POST /session/a0fa65e418457f6e1528b16bc1e26f2c/element - {"using":"xpath","value":"//*[@id=\"application-manageyards-display-component---NewYard--addressDetailDetailsLanguage-arrow\"]"}
RESULT: {"using":"xpath","value":"//*[@id=\"application-manageyards-display-component---NewYard--addressDetailDetailsLanguage-arrow\"]"}
COMMAND: POST /session/a0fa65e418457f6e1528b16bc1e26f2c/element/f.6300CB9FC90E916FB2ACF31257920715.d.5A8E8AFBFBE870809310F8DBDB22F5E2.e.700/click - {}
RESULT: {}
COMMAND: POST /session/a0fa65e418457f6e1528b16bc1e26f2c/element - {"using":"xpath","value":"//span[contains(text(), \"English\")]"}
COMMAND: GET /session/a0fa65e418457f6e1528b16bc1e26f2c/screenshot - {}
RESULT: {"using":"xpath","value":"//span[contains(text(), \"English\")]"}
COMMAND: POST /session/a0fa65e418457f6e1528b16bc1e26f2c/element/f.6300CB9FC90E916FB2ACF31257920715.d.5A8E8AFBFBE870809310F8DBDB22F5E2.e.701/click - {}
RESULT: {}
RESULT: {}
COMMAND: POST /session/a0fa65e418457f6e1528b16bc1e26f2c/execute/async - {"script":"<script> [1562 bytes]","args":[{"selector":{"id":"application-manageyards-display-component---NewYard--addressDetailDetailsCity1","interaction":{"idSuffix":"inner"}},"wdio_ui5_key":"applicationmanageyards-display-component---NewYard--addressDetailDetailsCity1"}]}
COMMAND: GET /session/a0fa65e418457f6e1528b16bc1e26f2c/screenshot - {}
RESULT: {"script":"<script> [1562 bytes]","args":[{"selector":{"id":"application-manageyards-display-component---NewYard--addressDetailDetailsCity1","interaction":{"idSuffix":"inner"}},"wdio_ui5_key":"applicationmanageyards-display-component---NewYard--addressDetailDetailsCity1"}]}
RESULT: undefined
COMMAND: POST /session/a0fa65e418457f6e1528b16bc1e26f2c/execute/async - {"script":"<script> [776 bytes]","args":[{"enterText":"Rosario","selector":{"id":"application-manageyards-display-component---NewYard--addressDetailDetailsCity1","interaction":{"idSuffix":"inner"}},"clearTextFirst":true,"interactionType":"ENTER_TEXT"}]}
RESULT: {}
RESULT: {"script":"<script> [776 bytes]","args":[{"enterText":"Rosario","selector":{"id":"application-manageyards-display-component---NewYard--addressDetailDetailsCity1","interaction":{"idSuffix":"inner"}},"clearTextFirst":true,"interactionType":"ENTER_TEXT"}]}
COMMAND: POST /session/a0fa65e418457f6e1528b16bc1e26f2c/execute/async - {"script":"<script> [1562 bytes]","args":[{"selector":{"id":"application-manageyards-display-component---NewYard--addressDetailDetailsCountry-arrow"},"wdio_ui5_key":"applicationmanageyards-display-component---NewYard--addressDetailDetailsCountry-arrow"}]}
RESULT: {"script":"<script> [1562 bytes]","args":[{"selector":{"id":"application-manageyards-display-component---NewYard--addressDetailDetailsCountry-arrow"},"wdio_ui5_key":"applicationmanageyards-display-component---NewYard--addressDetailDetailsCountry-arrow"}]}
RESULT: undefined
COMMAND: POST /session/a0fa65e418457f6e1528b16bc1e26f2c/element - {"using":"xpath","value":"//*[@id=\"application-manageyards-display-component---NewYard--addressDetailDetailsCountry-arrow\"]"}
RESULT: {"using":"xpath","value":"//*[@id=\"application-manageyards-display-component---NewYard--addressDetailDetailsCountry-arrow\"]"}
COMMAND: POST /session/a0fa65e418457f6e1528b16bc1e26f2c/element/f.6300CB9FC90E916FB2ACF31257920715.d.5A8E8AFBFBE870809310F8DBDB22F5E2.e.703/click - {}
RESULT: {}
COMMAND: POST /session/a0fa65e418457f6e1528b16bc1e26f2c/element - {"using":"xpath","value":"//span[contains(text(), \"Argentina\")]"}
COMMAND: GET /session/a0fa65e418457f6e1528b16bc1e26f2c/screenshot - {}
RESULT: {"using":"xpath","value":"//span[contains(text(), \"Argentina\")]"}
COMMAND: POST /session/a0fa65e418457f6e1528b16bc1e26f2c/element/f.6300CB9FC90E916FB2ACF31257920715.d.5A8E8AFBFBE870809310F8DBDB22F5E2.e.705/click - {}
RESULT: {}
RESULT: {}
COMMAND: POST /session/a0fa65e418457f6e1528b16bc1e26f2c/execute/async - {"script":"<script> [1562 bytes]","args":[{"selector":{"id":"application-manageyards-display-component---NewYard--addressEditDetailsCostObjectCstType-arrow"},"wdio_ui5_key":"applicationmanageyards-display-component---NewYard--addressEditDetailsCostObjectCstType-arrow"}]}
COMMAND: GET /session/a0fa65e418457f6e1528b16bc1e26f2c/screenshot - {}
RESULT: {"script":"<script> [1562 bytes]","args":[{"selector":{"id":"application-manageyards-display-component---NewYard--addressEditDetailsCostObjectCstType-arrow"},"wdio_ui5_key":"applicationmanageyards-display-component---NewYard--addressEditDetailsCostObjectCstType-arrow"}]}
RESULT: undefined
COMMAND: POST /session/a0fa65e418457f6e1528b16bc1e26f2c/element - {"using":"xpath","value":"//*[@id=\"application-manageyards-display-component---NewYard--addressEditDetailsCostObjectCstType-arrow\"]"}
RESULT: {}
RESULT: {"using":"xpath","value":"//*[@id=\"application-manageyards-display-component---NewYard--addressEditDetailsCostObjectCstType-arrow\"]"}
COMMAND: POST /session/a0fa65e418457f6e1528b16bc1e26f2c/element/f.6300CB9FC90E916FB2ACF31257920715.d.5A8E8AFBFBE870809310F8DBDB22F5E2.e.706/click - {}
RESULT: {}
COMMAND: POST /session/a0fa65e418457f6e1528b16bc1e26f2c/element - {"using":"xpath","value":"//span[contains(text(), \"Cost Center\")]"}
COMMAND: GET /session/a0fa65e418457f6e1528b16bc1e26f2c/screenshot - {}
RESULT: {"using":"xpath","value":"//span[contains(text(), \"Cost Center\")]"}
COMMAND: POST /session/a0fa65e418457f6e1528b16bc1e26f2c/element/f.6300CB9FC90E916FB2ACF31257920715.d.5A8E8AFBFBE870809310F8DBDB22F5E2.e.707/click - {}
RESULT: {}
RESULT: {}
COMMAND: GET /session/a0fa65e418457f6e1528b16bc1e26f2c/screenshot - {}
RESULT: {}
COMMAND: POST /session/a0fa65e418457f6e1528b16bc1e26f2c/element - {"using":"xpath","value":"//span[@id=\"application-manageyards-display-component---NewYard--addressNewCostObjectCstID-vhi\"]"}
RESULT: {"using":"xpath","value":"//span[@id=\"application-manageyards-display-component---NewYard--addressNewCostObjectCstID-vhi\"]"}
COMMAND: POST /session/a0fa65e418457f6e1528b16bc1e26f2c/execute/sync - {"script":"<script> [8489 bytes]","args":[{"element-6066-11e4-a52e-4f735466cecf":"f.6300CB9FC90E916FB2ACF31257920715.d.5A8E8AFBFBE870809310F8DBDB22F5E2.e.711","ELEMENT":"f.6300CB9FC90E916FB2ACF31257920715.d.5A8E8AFBFBE870809310F8DBDB22F5E2.e.711"}]}
RESULT: {"script":"<script> [8489 bytes]","args":[{"element-6066-11e4-a52e-4f735466cecf":"f.6300CB9FC90E916FB2ACF31257920715.d.5A8E8AFBFBE870809310F8DBDB22F5E2.e.711","ELEMENT":"f.6300CB9FC90E916FB2ACF31257920715.d.5A8E8AFBFBE870809310F8DBDB22F5E2.e.711"}]}
COMMAND: POST /session/a0fa65e418457f6e1528b16bc1e26f2c/execute/async - {"script":"<script> [1562 bytes]","args":[{"selector":{"id":"application-manageyards-display-component---NewYard--addressNewCostObjectCstID-vhi"},"wdio_ui5_key":"applicationmanageyards-display-component---NewYard--addressNewCostObjectCstID-vhi"}]}
COMMAND: GET /session/a0fa65e418457f6e1528b16bc1e26f2c/screenshot - {}
RESULT: {"script":"<script> [1562 bytes]","args":[{"selector":{"id":"application-manageyards-display-component---NewYard--addressNewCostObjectCstID-vhi"},"wdio_ui5_key":"applicationmanageyards-display-component---NewYard--addressNewCostObjectCstID-vhi"}]}
RESULT: undefined
COMMAND: POST /session/a0fa65e418457f6e1528b16bc1e26f2c/element - {"using":"xpath","value":"//*[@id=\"application-manageyards-display-component---NewYard--addressNewCostObjectCstID-vhi\"]"}
RESULT: {}
RESULT: {"using":"xpath","value":"//*[@id=\"application-manageyards-display-component---NewYard--addressNewCostObjectCstID-vhi\"]"}
COMMAND: POST /session/a0fa65e418457f6e1528b16bc1e26f2c/element/f.6300CB9FC90E916FB2ACF31257920715.d.5A8E8AFBFBE870809310F8DBDB22F5E2.e.711/click - {}
RESULT: {}
COMMAND: GET /session/a0fa65e418457f6e1528b16bc1e26f2c/screenshot - {}
RESULT: {}
COMMAND: POST /session/a0fa65e418457f6e1528b16bc1e26f2c/execute/async - {"script":"<script> [1562 bytes]","args":[{"selector":{"controlType":"sap.m.SearchField","properties":{"placeholder":"Search"},"searchOpenDialogs":true,"interaction":{"idSuffix":"I"}},"wdio_ui5_key":"sapm.SearchField{\"placeholder\":\"Search\"}"}]}
RESULT: {"script":"<script> [1562 bytes]","args":[{"selector":{"controlType":"sap.m.SearchField","properties":{"placeholder":"Search"},"searchOpenDialogs":true,"interaction":{"idSuffix":"I"}},"wdio_ui5_key":"sapm.SearchField{\"placeholder\":\"Search\"}"}]}
RESULT: undefined
COMMAND: POST /session/a0fa65e418457f6e1528b16bc1e26f2c/execute/async - {"script":"<script> [776 bytes]","args":[{"enterText":"bauh_b","selector":{"controlType":"sap.m.SearchField","properties":{"placeholder":"Search"},"searchOpenDialogs":true,"interaction":{"idSuffix":"I"}},"clearTextFirst":true,"interactionType":"ENTER_TEXT"}]}
RESULT: {"script":"<script> [776 bytes]","args":[{"enterText":"bauh_b","selector":{"controlType":"sap.m.SearchField","properties":{"placeholder":"Search"},"searchOpenDialogs":true,"interaction":{"idSuffix":"I"}},"clearTextFirst":true,"interactionType":"ENTER_TEXT"}]}
COMMAND: POST /session/a0fa65e418457f6e1528b16bc1e26f2c/actions - {"actions":[{"id":"action1","type":"key","parameters":{},"actions":[{"type":"keyDown","value":"î€‡"},{"type":"pause","duration":10},{"type":"keyUp","value":"î€‡"}]}]}
RESULT: {"actions":[{"id":"action1","type":"key","parameters":{},"actions":[{"type":"keyDown","value":"î€‡"},{"type":"pause","duration":10},{"type":"keyUp","value":"î€‡"}]}]}
COMMAND: GET /session/a0fa65e418457f6e1528b16bc1e26f2c/screenshot - {}
RESULT: {}
COMMAND: POST /session/a0fa65e418457f6e1528b16bc1e26f2c/element - {"using":"xpath","value":"//span[contains(text(), \"Demo Yard\")]"}
RESULT: {"using":"xpath","value":"//span[contains(text(), \"Demo Yard\")]"}
COMMAND: POST /session/a0fa65e418457f6e1528b16bc1e26f2c/element/f.6300CB9FC90E916FB2ACF31257920715.d.5A8E8AFBFBE870809310F8DBDB22F5E2.e.753/click - {}
RESULT: {}
COMMAND: GET /session/a0fa65e418457f6e1528b16bc1e26f2c/screenshot - {}
RESULT: {}
COMMAND: POST /session/a0fa65e418457f6e1528b16bc1e26f2c/element - {"using":"xpath","value":"//bdi[contains(text(), \"OK\")]"}
RESULT: {"using":"xpath","value":"//bdi[contains(text(), \"OK\")]"}
COMMAND: POST /session/a0fa65e418457f6e1528b16bc1e26f2c/element/f.6300CB9FC90E916FB2ACF31257920715.d.5A8E8AFBFBE870809310F8DBDB22F5E2.e.754/click - {}
RESULT: {}
COMMAND: GET /session/a0fa65e418457f6e1528b16bc1e26f2c/screenshot - {}
RESULT: {}
COMMAND: POST /session/a0fa65e418457f6e1528b16bc1e26f2c/execute/async - {"script":"<script> [1562 bytes]","args":[{"selector":{"id":"application-manageyards-display-component---NewYard--addressEditDetailsCurrency-arrow"},"wdio_ui5_key":"applicationmanageyards-display-component---NewYard--addressEditDetailsCurrency-arrow"}]}
RESULT: {"script":"<script> [1562 bytes]","args":[{"selector":{"id":"application-manageyards-display-component---NewYard--addressEditDetailsCurrency-arrow"},"wdio_ui5_key":"applicationmanageyards-display-component---NewYard--addressEditDetailsCurrency-arrow"}]}
RESULT: undefined
COMMAND: POST /session/a0fa65e418457f6e1528b16bc1e26f2c/element - {"using":"xpath","value":"//*[@id=\"application-manageyards-display-component---NewYard--addressEditDetailsCurrency-arrow\"]"}
RESULT: {"using":"xpath","value":"//*[@id=\"application-manageyards-display-component---NewYard--addressEditDetailsCurrency-arrow\"]"}
COMMAND: POST /session/a0fa65e418457f6e1528b16bc1e26f2c/element/f.6300CB9FC90E916FB2ACF31257920715.d.5A8E8AFBFBE870809310F8DBDB22F5E2.e.757/click - {}
RESULT: {}
COMMAND: POST /session/a0fa65e418457f6e1528b16bc1e26f2c/element - {"using":"xpath","value":"//span[contains(text(), \"Euro\")]"}
COMMAND: GET /session/a0fa65e418457f6e1528b16bc1e26f2c/screenshot - {}
RESULT: {"using":"xpath","value":"//span[contains(text(), \"Euro\")]"}
COMMAND: POST /session/a0fa65e418457f6e1528b16bc1e26f2c/element/f.6300CB9FC90E916FB2ACF31257920715.d.5A8E8AFBFBE870809310F8DBDB22F5E2.e.758/click - {}
RESULT: {}
RESULT: {}
COMMAND: POST /session/a0fa65e418457f6e1528b16bc1e26f2c/execute/async - {"script":"<script> [1562 bytes]","args":[{"selector":{"controlType":"sap.m.Input","viewName":"etm.portal.ui.manageyards.view.New","viewId":"application-manageyards-display-component---NewYard","bindingPath":{"path":"","propertyPath":"/CONTROLLING_AREA","modelName":"NewYardModel"},"interaction":{"idSuffix":"inner"}},"wdio_ui5_key":"etmportal.ui.manageyards.view.Newsap.m.Input{\"path\":\"\",\"propertyPath\":\"/CONTROLLING_AREA\",\"modelName\":\"NewYardModel\"}"}]}
COMMAND: GET /session/a0fa65e418457f6e1528b16bc1e26f2c/screenshot - {}
RESULT: {"script":"<script> [1562 bytes]","args":[{"selector":{"controlType":"sap.m.Input","viewName":"etm.portal.ui.manageyards.view.New","viewId":"application-manageyards-display-component---NewYard","bindingPath":{"path":"","propertyPath":"/CONTROLLING_AREA","modelName":"NewYardModel"},"interaction":{"idSuffix":"inner"}},"wdio_ui5_key":"etmportal.ui.manageyards.view.Newsap.m.Input{\"path\":\"\",\"propertyPath\":\"/CONTROLLING_AREA\",\"modelName\":\"NewYardModel\"}"}]}
RESULT: undefined
COMMAND: POST /session/a0fa65e418457f6e1528b16bc1e26f2c/execute/async - {"script":"<script> [776 bytes]","args":[{"enterText":"Z001","selector":{"controlType":"sap.m.Input","viewName":"etm.portal.ui.manageyards.view.New","viewId":"application-manageyards-display-component---NewYard","bindingPath":{"path":"","propertyPath":"/CONTROLLING_AREA","modelName":"NewYardModel"},"interaction":{"idSuffix":"inner"}},"clearTextFirst":true,"interactionType":"ENTER_TEXT"}]}
RESULT: {}
RESULT: {"script":"<script> [776 bytes]","args":[{"enterText":"Z001","selector":{"controlType":"sap.m.Input","viewName":"etm.portal.ui.manageyards.view.New","viewId":"application-manageyards-display-component---NewYard","bindingPath":{"path":"","propertyPath":"/CONTROLLING_AREA","modelName":"NewYardModel"},"interaction":{"idSuffix":"inner"}},"clearTextFirst":true,"interactionType":"ENTER_TEXT"}]}
COMMAND: POST /session/a0fa65e418457f6e1528b16bc1e26f2c/execute/async - {"script":"<script> [1562 bytes]","args":[{"selector":{"id":"application-manageyards-display-component---NewYard--companyCodeComboBox","interaction":{"idSuffix":"inner"}},"wdio_ui5_key":"applicationmanageyards-display-component---NewYard--companyCodeComboBox"}]}
RESULT: {"script":"<script> [1562 bytes]","args":[{"selector":{"id":"application-manageyards-display-component---NewYard--companyCodeComboBox","interaction":{"idSuffix":"inner"}},"wdio_ui5_key":"applicationmanageyards-display-component---NewYard--companyCodeComboBox"}]}
RESULT: undefined
COMMAND: POST /session/a0fa65e418457f6e1528b16bc1e26f2c/execute/async - {"script":"<script> [776 bytes]","args":[{"enterText":"1000","selector":{"id":"application-manageyards-display-component---NewYard--companyCodeComboBox","interaction":{"idSuffix":"inner"}},"clearTextFirst":true,"interactionType":"ENTER_TEXT"}]}
RESULT: {"script":"<script> [776 bytes]","args":[{"enterText":"1000","selector":{"id":"application-manageyards-display-component---NewYard--companyCodeComboBox","interaction":{"idSuffix":"inner"}},"clearTextFirst":true,"interactionType":"ENTER_TEXT"}]}
COMMAND: POST /session/a0fa65e418457f6e1528b16bc1e26f2c/execute/async - {"script":"<script> [1562 bytes]","args":[{"selector":{"controlType":"sap.m.Input","viewName":"etm.portal.ui.manageyards.view.New","viewId":"application-manageyards-display-component---NewYard","bindingPath":{"path":"","propertyPath":"/PLANT","modelName":"NewYardModel"},"interaction":{"idSuffix":"inner"}},"wdio_ui5_key":"etmportal.ui.manageyards.view.Newsap.m.Input{\"path\":\"\",\"propertyPath\":\"/PLANT\",\"modelName\":\"NewYardModel\"}"}]}
RESULT: {"script":"<script> [1562 bytes]","args":[{"selector":{"controlType":"sap.m.Input","viewName":"etm.portal.ui.manageyards.view.New","viewId":"application-manageyards-display-component---NewYard","bindingPath":{"path":"","propertyPath":"/PLANT","modelName":"NewYardModel"},"interaction":{"idSuffix":"inner"}},"wdio_ui5_key":"etmportal.ui.manageyards.view.Newsap.m.Input{\"path\":\"\",\"propertyPath\":\"/PLANT\",\"modelName\":\"NewYardModel\"}"}]}
RESULT: undefined
COMMAND: POST /session/a0fa65e418457f6e1528b16bc1e26f2c/execute/async - {"script":"<script> [776 bytes]","args":[{"enterText":"1001","selector":{"controlType":"sap.m.Input","viewName":"etm.portal.ui.manageyards.view.New","viewId":"application-manageyards-display-component---NewYard","bindingPath":{"path":"","propertyPath":"/PLANT","modelName":"NewYardModel"},"interaction":{"idSuffix":"inner"}},"clearTextFirst":true,"interactionType":"ENTER_TEXT"}]}
RESULT: {"script":"<script> [776 bytes]","args":[{"enterText":"1001","selector":{"controlType":"sap.m.Input","viewName":"etm.portal.ui.manageyards.view.New","viewId":"application-manageyards-display-component---NewYard","bindingPath":{"path":"","propertyPath":"/PLANT","modelName":"NewYardModel"},"interaction":{"idSuffix":"inner"}},"clearTextFirst":true,"interactionType":"ENTER_TEXT"}]}
COMMAND: POST /session/a0fa65e418457f6e1528b16bc1e26f2c/execute/async - {"script":"<script> [1562 bytes]","args":[{"selector":{"controlType":"sap.m.Input","viewName":"etm.portal.ui.manageyards.view.New","viewId":"application-manageyards-display-component---NewYard","bindingPath":{"path":"","propertyPath":"/SALES_AREA_VKORG","modelName":"NewYardModel"},"interaction":{"idSuffix":"inner"}},"wdio_ui5_key":"etmportal.ui.manageyards.view.Newsap.m.Input{\"path\":\"\",\"propertyPath\":\"/SALES_AREA_VKORG\",\"modelName\":\"NewYardModel\"}"}]}
RESULT: {"script":"<script> [1562 bytes]","args":[{"selector":{"controlType":"sap.m.Input","viewName":"etm.portal.ui.manageyards.view.New","viewId":"application-manageyards-display-component---NewYard","bindingPath":{"path":"","propertyPath":"/SALES_AREA_VKORG","modelName":"NewYardModel"},"interaction":{"idSuffix":"inner"}},"wdio_ui5_key":"etmportal.ui.manageyards.view.Newsap.m.Input{\"path\":\"\",\"propertyPath\":\"/SALES_AREA_VKORG\",\"modelName\":\"NewYardModel\"}"}]}
RESULT: undefined
COMMAND: POST /session/a0fa65e418457f6e1528b16bc1e26f2c/execute/async - {"script":"<script> [776 bytes]","args":[{"enterText":"C002","selector":{"controlType":"sap.m.Input","viewName":"etm.portal.ui.manageyards.view.New","viewId":"application-manageyards-display-component---NewYard","bindingPath":{"path":"","propertyPath":"/SALES_AREA_VKORG","modelName":"NewYardModel"},"interaction":{"idSuffix":"inner"}},"clearTextFirst":true,"interactionType":"ENTER_TEXT"}]}
RESULT: {"script":"<script> [776 bytes]","args":[{"enterText":"C002","selector":{"controlType":"sap.m.Input","viewName":"etm.portal.ui.manageyards.view.New","viewId":"application-manageyards-display-component---NewYard","bindingPath":{"path":"","propertyPath":"/SALES_AREA_VKORG","modelName":"NewYardModel"},"interaction":{"idSuffix":"inner"}},"clearTextFirst":true,"interactionType":"ENTER_TEXT"}]}
COMMAND: POST /session/a0fa65e418457f6e1528b16bc1e26f2c/execute/async - {"script":"<script> [1562 bytes]","args":[{"selector":{"controlType":"sap.m.Input","viewName":"etm.portal.ui.manageyards.view.New","viewId":"application-manageyards-display-component---NewYard","bindingPath":{"path":"","propertyPath":"/SALES_AREA_VTWEG","modelName":"NewYardModel"},"interaction":{"idSuffix":"inner"}},"wdio_ui5_key":"etmportal.ui.manageyards.view.Newsap.m.Input{\"path\":\"\",\"propertyPath\":\"/SALES_AREA_VTWEG\",\"modelName\":\"NewYardModel\"}"}]}
RESULT: {"script":"<script> [1562 bytes]","args":[{"selector":{"controlType":"sap.m.Input","viewName":"etm.portal.ui.manageyards.view.New","viewId":"application-manageyards-display-component---NewYard","bindingPath":{"path":"","propertyPath":"/SALES_AREA_VTWEG","modelName":"NewYardModel"},"interaction":{"idSuffix":"inner"}},"wdio_ui5_key":"etmportal.ui.manageyards.view.Newsap.m.Input{\"path\":\"\",\"propertyPath\":\"/SALES_AREA_VTWEG\",\"modelName\":\"NewYardModel\"}"}]}
RESULT: undefined
COMMAND: POST /session/a0fa65e418457f6e1528b16bc1e26f2c/execute/async - {"script":"<script> [776 bytes]","args":[{"enterText":"C2","selector":{"controlType":"sap.m.Input","viewName":"etm.portal.ui.manageyards.view.New","viewId":"application-manageyards-display-component---NewYard","bindingPath":{"path":"","propertyPath":"/SALES_AREA_VTWEG","modelName":"NewYardModel"},"interaction":{"idSuffix":"inner"}},"clearTextFirst":true,"interactionType":"ENTER_TEXT"}]}
RESULT: {"script":"<script> [776 bytes]","args":[{"enterText":"C2","selector":{"controlType":"sap.m.Input","viewName":"etm.portal.ui.manageyards.view.New","viewId":"application-manageyards-display-component---NewYard","bindingPath":{"path":"","propertyPath":"/SALES_AREA_VTWEG","modelName":"NewYardModel"},"interaction":{"idSuffix":"inner"}},"clearTextFirst":true,"interactionType":"ENTER_TEXT"}]}
COMMAND: POST /session/a0fa65e418457f6e1528b16bc1e26f2c/execute/async - {"script":"<script> [1562 bytes]","args":[{"selector":{"controlType":"sap.m.Input","viewName":"etm.portal.ui.manageyards.view.New","viewId":"application-manageyards-display-component---NewYard","bindingPath":{"path":"","propertyPath":"/SALES_AREA_SPART","modelName":"NewYardModel"},"interaction":{"idSuffix":"inner"}},"wdio_ui5_key":"etmportal.ui.manageyards.view.Newsap.m.Input{\"path\":\"\",\"propertyPath\":\"/SALES_AREA_SPART\",\"modelName\":\"NewYardModel\"}"}]}
RESULT: {"script":"<script> [1562 bytes]","args":[{"selector":{"controlType":"sap.m.Input","viewName":"etm.portal.ui.manageyards.view.New","viewId":"application-manageyards-display-component---NewYard","bindingPath":{"path":"","propertyPath":"/SALES_AREA_SPART","modelName":"NewYardModel"},"interaction":{"idSuffix":"inner"}},"wdio_ui5_key":"etmportal.ui.manageyards.view.Newsap.m.Input{\"path\":\"\",\"propertyPath\":\"/SALES_AREA_SPART\",\"modelName\":\"NewYardModel\"}"}]}
RESULT: undefined
COMMAND: POST /session/a0fa65e418457f6e1528b16bc1e26f2c/execute/async - {"script":"<script> [776 bytes]","args":[{"enterText":"C2","selector":{"controlType":"sap.m.Input","viewName":"etm.portal.ui.manageyards.view.New","viewId":"application-manageyards-display-component---NewYard","bindingPath":{"path":"","propertyPath":"/SALES_AREA_SPART","modelName":"NewYardModel"},"interaction":{"idSuffix":"inner"}},"clearTextFirst":true,"interactionType":"ENTER_TEXT"}]}
RESULT: {"script":"<script> [776 bytes]","args":[{"enterText":"C2","selector":{"controlType":"sap.m.Input","viewName":"etm.portal.ui.manageyards.view.New","viewId":"application-manageyards-display-component---NewYard","bindingPath":{"path":"","propertyPath":"/SALES_AREA_SPART","modelName":"NewYardModel"},"interaction":{"idSuffix":"inner"}},"clearTextFirst":true,"interactionType":"ENTER_TEXT"}]}
COMMAND: POST /session/a0fa65e418457f6e1528b16bc1e26f2c/execute/async - {"script":"<script> [1562 bytes]","args":[{"selector":{"controlType":"sap.m.Input","viewName":"etm.portal.ui.manageyards.view.New","viewId":"application-manageyards-display-component---NewYard","bindingPath":{"path":"","propertyPath":"/SHIP_POINT","modelName":"NewYardModel"},"interaction":{"idSuffix":"inner"}},"wdio_ui5_key":"etmportal.ui.manageyards.view.Newsap.m.Input{\"path\":\"\",\"propertyPath\":\"/SHIP_POINT\",\"modelName\":\"NewYardModel\"}"}]}
RESULT: {"script":"<script> [1562 bytes]","args":[{"selector":{"controlType":"sap.m.Input","viewName":"etm.portal.ui.manageyards.view.New","viewId":"application-manageyards-display-component---NewYard","bindingPath":{"path":"","propertyPath":"/SHIP_POINT","modelName":"NewYardModel"},"interaction":{"idSuffix":"inner"}},"wdio_ui5_key":"etmportal.ui.manageyards.view.Newsap.m.Input{\"path\":\"\",\"propertyPath\":\"/SHIP_POINT\",\"modelName\":\"NewYardModel\"}"}]}
RESULT: undefined
COMMAND: POST /session/a0fa65e418457f6e1528b16bc1e26f2c/execute/async - {"script":"<script> [776 bytes]","args":[{"enterText":"1710","selector":{"controlType":"sap.m.Input","viewName":"etm.portal.ui.manageyards.view.New","viewId":"application-manageyards-display-component---NewYard","bindingPath":{"path":"","propertyPath":"/SHIP_POINT","modelName":"NewYardModel"},"interaction":{"idSuffix":"inner"}},"clearTextFirst":true,"interactionType":"ENTER_TEXT"}]}
RESULT: {"script":"<script> [776 bytes]","args":[{"enterText":"1710","selector":{"controlType":"sap.m.Input","viewName":"etm.portal.ui.manageyards.view.New","viewId":"application-manageyards-display-component---NewYard","bindingPath":{"path":"","propertyPath":"/SHIP_POINT","modelName":"NewYardModel"},"interaction":{"idSuffix":"inner"}},"clearTextFirst":true,"interactionType":"ENTER_TEXT"}]}
COMMAND: POST /session/a0fa65e418457f6e1528b16bc1e26f2c/execute/async - {"script":"<script> [1562 bytes]","args":[{"selector":{"controlType":"sap.m.Input","viewName":"etm.portal.ui.manageyards.view.New","viewId":"application-manageyards-display-component---NewYard","bindingPath":{"path":"","propertyPath":"/DELIVERY_TYPE","modelName":"NewYardModel"},"interaction":{"idSuffix":"inner"}},"wdio_ui5_key":"etmportal.ui.manageyards.view.Newsap.m.Input{\"path\":\"\",\"propertyPath\":\"/DELIVERY_TYPE\",\"modelName\":\"NewYardModel\"}"}]}
RESULT: {"script":"<script> [1562 bytes]","args":[{"selector":{"controlType":"sap.m.Input","viewName":"etm.portal.ui.manageyards.view.New","viewId":"application-manageyards-display-component---NewYard","bindingPath":{"path":"","propertyPath":"/DELIVERY_TYPE","modelName":"NewYardModel"},"interaction":{"idSuffix":"inner"}},"wdio_ui5_key":"etmportal.ui.manageyards.view.Newsap.m.Input{\"path\":\"\",\"propertyPath\":\"/DELIVERY_TYPE\",\"modelName\":\"NewYardModel\"}"}]}
RESULT: undefined
COMMAND: POST /session/a0fa65e418457f6e1528b16bc1e26f2c/execute/async - {"script":"<script> [776 bytes]","args":[{"enterText":"ZL01","selector":{"controlType":"sap.m.Input","viewName":"etm.portal.ui.manageyards.view.New","viewId":"application-manageyards-display-component---NewYard","bindingPath":{"path":"","propertyPath":"/DELIVERY_TYPE","modelName":"NewYardModel"},"interaction":{"idSuffix":"inner"}},"clearTextFirst":true,"interactionType":"ENTER_TEXT"}]}
RESULT: {"script":"<script> [776 bytes]","args":[{"enterText":"ZL01","selector":{"controlType":"sap.m.Input","viewName":"etm.portal.ui.manageyards.view.New","viewId":"application-manageyards-display-component---NewYard","bindingPath":{"path":"","propertyPath":"/DELIVERY_TYPE","modelName":"NewYardModel"},"interaction":{"idSuffix":"inner"}},"clearTextFirst":true,"interactionType":"ENTER_TEXT"}]}
COMMAND: POST /session/a0fa65e418457f6e1528b16bc1e26f2c/execute/async - {"script":"<script> [1562 bytes]","args":[{"selector":{"controlType":"sap.m.Input","viewName":"etm.portal.ui.manageyards.view.New","viewId":"application-manageyards-display-component---NewYard","bindingPath":{"path":"","propertyPath":"/AUART","modelName":"NewYardModel"},"interaction":{"idSuffix":"inner"}},"wdio_ui5_key":"etmportal.ui.manageyards.view.Newsap.m.Input{\"path\":\"\",\"propertyPath\":\"/AUART\",\"modelName\":\"NewYardModel\"}"}]}
RESULT: {"script":"<script> [1562 bytes]","args":[{"selector":{"controlType":"sap.m.Input","viewName":"etm.portal.ui.manageyards.view.New","viewId":"application-manageyards-display-component---NewYard","bindingPath":{"path":"","propertyPath":"/AUART","modelName":"NewYardModel"},"interaction":{"idSuffix":"inner"}},"wdio_ui5_key":"etmportal.ui.manageyards.view.Newsap.m.Input{\"path\":\"\",\"propertyPath\":\"/AUART\",\"modelName\":\"NewYardModel\"}"}]}
RESULT: undefined
COMMAND: POST /session/a0fa65e418457f6e1528b16bc1e26f2c/execute/async - {"script":"<script> [776 bytes]","args":[{"enterText":"TA","selector":{"controlType":"sap.m.Input","viewName":"etm.portal.ui.manageyards.view.New","viewId":"application-manageyards-display-component---NewYard","bindingPath":{"path":"","propertyPath":"/AUART","modelName":"NewYardModel"},"interaction":{"idSuffix":"inner"}},"clearTextFirst":true,"interactionType":"ENTER_TEXT"}]}
RESULT: {"script":"<script> [776 bytes]","args":[{"enterText":"TA","selector":{"controlType":"sap.m.Input","viewName":"etm.portal.ui.manageyards.view.New","viewId":"application-manageyards-display-component---NewYard","bindingPath":{"path":"","propertyPath":"/AUART","modelName":"NewYardModel"},"interaction":{"idSuffix":"inner"}},"clearTextFirst":true,"interactionType":"ENTER_TEXT"}]}
COMMAND: POST /session/a0fa65e418457f6e1528b16bc1e26f2c/execute/async - {"script":"<script> [1562 bytes]","args":[{"selector":{"id":"application-manageyards-display-component---NewYard--whmCheckBox","interaction":{"idSuffix":"CbBg"}},"wdio_ui5_key":"applicationmanageyards-display-component---NewYard--whmCheckBox"}]}
RESULT: {"script":"<script> [1562 bytes]","args":[{"selector":{"id":"application-manageyards-display-component---NewYard--whmCheckBox","interaction":{"idSuffix":"CbBg"}},"wdio_ui5_key":"applicationmanageyards-display-component---NewYard--whmCheckBox"}]}
RESULT: undefined
COMMAND: POST /session/a0fa65e418457f6e1528b16bc1e26f2c/element - {"using":"xpath","value":"//*[@id=\"application-manageyards-display-component---NewYard--whmCheckBox\"]"}
RESULT: {"using":"xpath","value":"//*[@id=\"application-manageyards-display-component---NewYard--whmCheckBox\"]"}
COMMAND: POST /session/a0fa65e418457f6e1528b16bc1e26f2c/element/f.6300CB9FC90E916FB2ACF31257920715.d.5A8E8AFBFBE870809310F8DBDB22F5E2.e.784/click - {}
RESULT: {}
COMMAND: GET /session/a0fa65e418457f6e1528b16bc1e26f2c/screenshot - {}
RESULT: {}
COMMAND: POST /session/a0fa65e418457f6e1528b16bc1e26f2c/element - {"using":"xpath","value":"//button[@data-kt=\"newYardSaveButton\"]"}
RESULT: {"using":"xpath","value":"//button[@data-kt=\"newYardSaveButton\"]"}
COMMAND: POST /session/a0fa65e418457f6e1528b16bc1e26f2c/element/f.6300CB9FC90E916FB2ACF31257920715.d.5A8E8AFBFBE870809310F8DBDB22F5E2.e.660/click - {}
RESULT: {}
COMMAND: GET /session/a0fa65e418457f6e1528b16bc1e26f2c/screenshot - {}
RESULT: {}
COMMAND: POST /session/a0fa65e418457f6e1528b16bc1e26f2c/element - {"using":"xpath","value":"//header[contains(@id, 'ObjectPageLayout-headerTitle')]/div[1]/div[2]/div[1]/span[1]"}
RESULT: {"using":"xpath","value":"//header[contains(@id, 'ObjectPageLayout-headerTitle')]/div[1]/div[2]/div[1]/span[1]"}
COMMAND: POST /session/a0fa65e418457f6e1528b16bc1e26f2c/elements - {"using":"xpath","value":"//header[contains(@id, 'ObjectPageLayout-headerTitle')]/div[1]/div[2]/div[1]/span[1]"}
RESULT: {"using":"xpath","value":"//header[contains(@id, 'ObjectPageLayout-headerTitle')]/div[1]/div[2]/div[1]/span[1]"}
COMMAND: POST /session/a0fa65e418457f6e1528b16bc1e26f2c/execute/sync - {"script":"<script> [56 bytes]","args":[{"element-6066-11e4-a52e-4f735466cecf":"f.6300CB9FC90E916FB2ACF31257920715.d.5A8E8AFBFBE870809310F8DBDB22F5E2.e.989","ELEMENT":"f.6300CB9FC90E916FB2ACF31257920715.d.5A8E8AFBFBE870809310F8DBDB22F5E2.e.989"}]}
RESULT: {"script":"<script> [56 bytes]","args":[{"element-6066-11e4-a52e-4f735466cecf":"f.6300CB9FC90E916FB2ACF31257920715.d.5A8E8AFBFBE870809310F8DBDB22F5E2.e.989","ELEMENT":"f.6300CB9FC90E916FB2ACF31257920715.d.5A8E8AFBFBE870809310F8DBDB22F5E2.e.989"}]}
COMMAND: GET /session/a0fa65e418457f6e1528b16bc1e26f2c/screenshot - {}
RESULT: {}
COMMAND: POST /session/a0fa65e418457f6e1528b16bc1e26f2c/element - {"using":"css selector","value":"#shell-header-logo"}
RESULT: {"using":"css selector","value":"#shell-header-logo"}
COMMAND: POST /session/a0fa65e418457f6e1528b16bc1e26f2c/element/f.6300CB9FC90E916FB2ACF31257920715.d.5A8E8AFBFBE870809310F8DBDB22F5E2.e.236/click - {}
RESULT: {}
COMMAND: GET /session/a0fa65e418457f6e1528b16bc1e26f2c/screenshot - {}
RESULT: {}
COMMAND: POST /session/a0fa65e418457f6e1528b16bc1e26f2c/execute/sync - {"script":"<script> [299 bytes]","args":[["getModel","getResource"]]}
RESULT: {"script":"<script> [299 bytes]","args":[["getModel","getResource"]]}
COMMAND: GET /session/a0fa65e418457f6e1528b16bc1e26f2c/screenshot - {}
]]></system-out>
    </testcase>
    <testcase classname="chrome.136_0_7103_93.windows.Stock_increase_-_with_WHM_US125587" name="Should create a new external WHM partner" time="92.455">
      <system-out><![CDATA[
COMMAND: POST /session/a0fa65e418457f6e1528b16bc1e26f2c/window/fullscreen - {}
RESULT: {}
RESULT: {}
COMMAND: POST /session/a0fa65e418457f6e1528b16bc1e26f2c/execute/async - {"script":"<script> [1562 bytes]","args":[{"selector":{"controlType":"sap.m.GenericTile","properties":{"header":"Manage Partners"}},"wdio_ui5_key":"sapm.GenericTile{\"header\":\"Manage Partners\"}"}]}
RESULT: {"script":"<script> [1562 bytes]","args":[{"selector":{"controlType":"sap.m.GenericTile","properties":{"header":"Manage Partners"}},"wdio_ui5_key":"sapm.GenericTile{\"header\":\"Manage Partners\"}"}]}
RESULT: undefined
COMMAND: POST /session/a0fa65e418457f6e1528b16bc1e26f2c/element - {"using":"xpath","value":"//*[@id=\"__tile38\"]"}
RESULT: {"using":"xpath","value":"//*[@id=\"__tile38\"]"}
COMMAND: POST /session/a0fa65e418457f6e1528b16bc1e26f2c/element/f.6300CB9FC90E916FB2ACF31257920715.d.5A8E8AFBFBE870809310F8DBDB22F5E2.e.120/click - {}
RESULT: {}
COMMAND: GET /session/a0fa65e418457f6e1528b16bc1e26f2c/screenshot - {}
RESULT: {}
COMMAND: POST /session/a0fa65e418457f6e1528b16bc1e26f2c/elements - {"using":"xpath","value":"//span[text()='Error']"}
RESULT: {"using":"xpath","value":"//span[text()='Error']"}
COMMAND: POST /session/a0fa65e418457f6e1528b16bc1e26f2c/element - {"using":"xpath","value":"//button[@data-kt=\"addButton\"]"}
RESULT: {"using":"xpath","value":"//button[@data-kt=\"addButton\"]"}
COMMAND: POST /session/a0fa65e418457f6e1528b16bc1e26f2c/elements - {"using":"xpath","value":"//button[@data-kt=\"addButton\"]"}
RESULT: {"using":"xpath","value":"//button[@data-kt=\"addButton\"]"}
COMMAND: POST /session/a0fa65e418457f6e1528b16bc1e26f2c/execute/sync - {"script":"<script> [8489 bytes]","args":[{"element-6066-11e4-a52e-4f735466cecf":"f.6300CB9FC90E916FB2ACF31257920715.d.5A8E8AFBFBE870809310F8DBDB22F5E2.e.1038","ELEMENT":"f.6300CB9FC90E916FB2ACF31257920715.d.5A8E8AFBFBE870809310F8DBDB22F5E2.e.1038"}]}
RESULT: {"script":"<script> [8489 bytes]","args":[{"element-6066-11e4-a52e-4f735466cecf":"f.6300CB9FC90E916FB2ACF31257920715.d.5A8E8AFBFBE870809310F8DBDB22F5E2.e.1038","ELEMENT":"f.6300CB9FC90E916FB2ACF31257920715.d.5A8E8AFBFBE870809310F8DBDB22F5E2.e.1038"}]}
COMMAND: GET /session/a0fa65e418457f6e1528b16bc1e26f2c/element/f.6300CB9FC90E916FB2ACF31257920715.d.5A8E8AFBFBE870809310F8DBDB22F5E2.e.1038/enabled - {}
COMMAND: GET /session/a0fa65e418457f6e1528b16bc1e26f2c/screenshot - {}
RESULT: {}
COMMAND: POST /session/a0fa65e418457f6e1528b16bc1e26f2c/execute/sync - {"script":"<script> [8489 bytes]","args":[{"element-6066-11e4-a52e-4f735466cecf":"f.6300CB9FC90E916FB2ACF31257920715.d.5A8E8AFBFBE870809310F8DBDB22F5E2.e.1038","ELEMENT":"f.6300CB9FC90E916FB2ACF31257920715.d.5A8E8AFBFBE870809310F8DBDB22F5E2.e.1038"}]}
COMMAND: GET /session/a0fa65e418457f6e1528b16bc1e26f2c/screenshot - {}
RESULT: {}
RESULT: {"script":"<script> [8489 bytes]","args":[{"element-6066-11e4-a52e-4f735466cecf":"f.6300CB9FC90E916FB2ACF31257920715.d.5A8E8AFBFBE870809310F8DBDB22F5E2.e.1038","ELEMENT":"f.6300CB9FC90E916FB2ACF31257920715.d.5A8E8AFBFBE870809310F8DBDB22F5E2.e.1038"}]}
COMMAND: POST /session/a0fa65e418457f6e1528b16bc1e26f2c/execute/sync - {"script":"<script> [5351 bytes]","args":[{"element-6066-11e4-a52e-4f735466cecf":"f.6300CB9FC90E916FB2ACF31257920715.d.5A8E8AFBFBE870809310F8DBDB22F5E2.e.1038","ELEMENT":"f.6300CB9FC90E916FB2ACF31257920715.d.5A8E8AFBFBE870809310F8DBDB22F5E2.e.1038"}]}
COMMAND: GET /session/a0fa65e418457f6e1528b16bc1e26f2c/screenshot - {}
RESULT: {}
RESULT: {"script":"<script> [5351 bytes]","args":[{"element-6066-11e4-a52e-4f735466cecf":"f.6300CB9FC90E916FB2ACF31257920715.d.5A8E8AFBFBE870809310F8DBDB22F5E2.e.1038","ELEMENT":"f.6300CB9FC90E916FB2ACF31257920715.d.5A8E8AFBFBE870809310F8DBDB22F5E2.e.1038"}]}
COMMAND: POST /session/a0fa65e418457f6e1528b16bc1e26f2c/element/f.6300CB9FC90E916FB2ACF31257920715.d.5A8E8AFBFBE870809310F8DBDB22F5E2.e.1038/click - {}
COMMAND: GET /session/a0fa65e418457f6e1528b16bc1e26f2c/screenshot - {}
RESULT: {}
RESULT: {}
COMMAND: GET /session/a0fa65e418457f6e1528b16bc1e26f2c/screenshot - {}
RESULT: {}
RESULT: {}
COMMAND: POST /session/a0fa65e418457f6e1528b16bc1e26f2c/execute/async - {"script":"<script> [1562 bytes]","args":[{"selector":{"id":"application-managepartners-display-component---NewPartner--addressDetailDetailsName1","interaction":{"idSuffix":"inner"}},"wdio_ui5_key":"applicationmanagepartners-display-component---NewPartner--addressDetailDetailsName1"}]}
RESULT: {"script":"<script> [1562 bytes]","args":[{"selector":{"id":"application-managepartners-display-component---NewPartner--addressDetailDetailsName1","interaction":{"idSuffix":"inner"}},"wdio_ui5_key":"applicationmanagepartners-display-component---NewPartner--addressDetailDetailsName1"}]}
RESULT: undefined
COMMAND: POST /session/a0fa65e418457f6e1528b16bc1e26f2c/execute/async - {"script":"<script> [776 bytes]","args":[{"enterText":"External Partner WDIO","selector":{"id":"application-managepartners-display-component---NewPartner--addressDetailDetailsName1","interaction":{"idSuffix":"inner"}},"clearTextFirst":true,"interactionType":"ENTER_TEXT"}]}
RESULT: {"script":"<script> [776 bytes]","args":[{"enterText":"External Partner WDIO","selector":{"id":"application-managepartners-display-component---NewPartner--addressDetailDetailsName1","interaction":{"idSuffix":"inner"}},"clearTextFirst":true,"interactionType":"ENTER_TEXT"}]}
COMMAND: POST /session/a0fa65e418457f6e1528b16bc1e26f2c/execute/async - {"script":"<script> [1562 bytes]","args":[{"selector":{"id":"application-managepartners-display-component---NewPartner--addressDetailDetailsLanguage-arrow"},"wdio_ui5_key":"applicationmanagepartners-display-component---NewPartner--addressDetailDetailsLanguage-arrow"}]}
RESULT: {"script":"<script> [1562 bytes]","args":[{"selector":{"id":"application-managepartners-display-component---NewPartner--addressDetailDetailsLanguage-arrow"},"wdio_ui5_key":"applicationmanagepartners-display-component---NewPartner--addressDetailDetailsLanguage-arrow"}]}
RESULT: undefined
COMMAND: POST /session/a0fa65e418457f6e1528b16bc1e26f2c/element - {"using":"xpath","value":"//*[@id=\"application-managepartners-display-component---NewPartner--addressDetailDetailsLanguage-arrow\"]"}
RESULT: {"using":"xpath","value":"//*[@id=\"application-managepartners-display-component---NewPartner--addressDetailDetailsLanguage-arrow\"]"}
COMMAND: POST /session/a0fa65e418457f6e1528b16bc1e26f2c/element/f.6300CB9FC90E916FB2ACF31257920715.d.5A8E8AFBFBE870809310F8DBDB22F5E2.e.1471/click - {}
RESULT: {}
COMMAND: POST /session/a0fa65e418457f6e1528b16bc1e26f2c/element - {"using":"xpath","value":"//span[contains(text(), \"English\")]"}
COMMAND: GET /session/a0fa65e418457f6e1528b16bc1e26f2c/screenshot - {}
RESULT: {"using":"xpath","value":"//span[contains(text(), \"English\")]"}
COMMAND: POST /session/a0fa65e418457f6e1528b16bc1e26f2c/element/f.6300CB9FC90E916FB2ACF31257920715.d.5A8E8AFBFBE870809310F8DBDB22F5E2.e.1472/click - {}
RESULT: {}
RESULT: {}
COMMAND: GET /session/a0fa65e418457f6e1528b16bc1e26f2c/screenshot - {}
RESULT: {}
COMMAND: POST /session/a0fa65e418457f6e1528b16bc1e26f2c/execute/async - {"script":"<script> [1562 bytes]","args":[{"selector":{"id":"application-managepartners-display-component---NewPartner--addressDetailDetailsCity1","interaction":{"idSuffix":"inner"}},"wdio_ui5_key":"applicationmanagepartners-display-component---NewPartner--addressDetailDetailsCity1"}]}
RESULT: {"script":"<script> [1562 bytes]","args":[{"selector":{"id":"application-managepartners-display-component---NewPartner--addressDetailDetailsCity1","interaction":{"idSuffix":"inner"}},"wdio_ui5_key":"applicationmanagepartners-display-component---NewPartner--addressDetailDetailsCity1"}]}
RESULT: undefined
COMMAND: POST /session/a0fa65e418457f6e1528b16bc1e26f2c/execute/async - {"script":"<script> [776 bytes]","args":[{"enterText":"Rosario","selector":{"id":"application-managepartners-display-component---NewPartner--addressDetailDetailsCity1","interaction":{"idSuffix":"inner"}},"clearTextFirst":true,"interactionType":"ENTER_TEXT"}]}
RESULT: {"script":"<script> [776 bytes]","args":[{"enterText":"Rosario","selector":{"id":"application-managepartners-display-component---NewPartner--addressDetailDetailsCity1","interaction":{"idSuffix":"inner"}},"clearTextFirst":true,"interactionType":"ENTER_TEXT"}]}
COMMAND: POST /session/a0fa65e418457f6e1528b16bc1e26f2c/execute/async - {"script":"<script> [1562 bytes]","args":[{"selector":{"id":"application-managepartners-display-component---NewPartner--addressDetailDetailsCountry-arrow"},"wdio_ui5_key":"applicationmanagepartners-display-component---NewPartner--addressDetailDetailsCountry-arrow"}]}
RESULT: {"script":"<script> [1562 bytes]","args":[{"selector":{"id":"application-managepartners-display-component---NewPartner--addressDetailDetailsCountry-arrow"},"wdio_ui5_key":"applicationmanagepartners-display-component---NewPartner--addressDetailDetailsCountry-arrow"}]}
RESULT: undefined
COMMAND: POST /session/a0fa65e418457f6e1528b16bc1e26f2c/element - {"using":"xpath","value":"//*[@id=\"application-managepartners-display-component---NewPartner--addressDetailDetailsCountry-arrow\"]"}
RESULT: {"using":"xpath","value":"//*[@id=\"application-managepartners-display-component---NewPartner--addressDetailDetailsCountry-arrow\"]"}
COMMAND: POST /session/a0fa65e418457f6e1528b16bc1e26f2c/element/f.6300CB9FC90E916FB2ACF31257920715.d.5A8E8AFBFBE870809310F8DBDB22F5E2.e.1433/click - {}
RESULT: {}
COMMAND: POST /session/a0fa65e418457f6e1528b16bc1e26f2c/element - {"using":"xpath","value":"//span[contains(text(), \"Argentina\")]"}
COMMAND: GET /session/a0fa65e418457f6e1528b16bc1e26f2c/screenshot - {}
RESULT: {"using":"xpath","value":"//span[contains(text(), \"Argentina\")]"}
COMMAND: POST /session/a0fa65e418457f6e1528b16bc1e26f2c/element/f.6300CB9FC90E916FB2ACF31257920715.d.5A8E8AFBFBE870809310F8DBDB22F5E2.e.1474/click - {}
RESULT: {}
RESULT: {}
COMMAND: GET /session/a0fa65e418457f6e1528b16bc1e26f2c/screenshot - {}
RESULT: {}
COMMAND: POST /session/a0fa65e418457f6e1528b16bc1e26f2c/element - {"using":"xpath","value":"//bdi[contains(text(), \"Commercial\")]"}
RESULT: {"using":"xpath","value":"//bdi[contains(text(), \"Commercial\")]"}
COMMAND: POST /session/a0fa65e418457f6e1528b16bc1e26f2c/element/f.6300CB9FC90E916FB2ACF31257920715.d.5A8E8AFBFBE870809310F8DBDB22F5E2.e.1475/click - {}
RESULT: {}
COMMAND: GET /session/a0fa65e418457f6e1528b16bc1e26f2c/screenshot - {}
RESULT: {}
COMMAND: POST /session/a0fa65e418457f6e1528b16bc1e26f2c/execute/async - {"script":"<script> [1562 bytes]","args":[{"selector":{"id":"application-managepartners-display-component---NewPartner--partnerDetailInternal-arrow"},"wdio_ui5_key":"applicationmanagepartners-display-component---NewPartner--partnerDetailInternal-arrow"}]}
RESULT: {"script":"<script> [1562 bytes]","args":[{"selector":{"id":"application-managepartners-display-component---NewPartner--partnerDetailInternal-arrow"},"wdio_ui5_key":"applicationmanagepartners-display-component---NewPartner--partnerDetailInternal-arrow"}]}
RESULT: undefined
COMMAND: POST /session/a0fa65e418457f6e1528b16bc1e26f2c/element - {"using":"xpath","value":"//*[@id=\"application-managepartners-display-component---NewPartner--partnerDetailInternal-arrow\"]"}
RESULT: {"using":"xpath","value":"//*[@id=\"application-managepartners-display-component---NewPartner--partnerDetailInternal-arrow\"]"}
COMMAND: POST /session/a0fa65e418457f6e1528b16bc1e26f2c/element/f.6300CB9FC90E916FB2ACF31257920715.d.5A8E8AFBFBE870809310F8DBDB22F5E2.e.1481/click - {}
RESULT: {}
COMMAND: POST /session/a0fa65e418457f6e1528b16bc1e26f2c/element - {"using":"xpath","value":"//span[contains(text(), \"External partner\")]"}
COMMAND: GET /session/a0fa65e418457f6e1528b16bc1e26f2c/screenshot - {}
RESULT: {"using":"xpath","value":"//span[contains(text(), \"External partner\")]"}
COMMAND: POST /session/a0fa65e418457f6e1528b16bc1e26f2c/element/f.6300CB9FC90E916FB2ACF31257920715.d.5A8E8AFBFBE870809310F8DBDB22F5E2.e.1482/click - {}
RESULT: {}
RESULT: {}
COMMAND: POST /session/a0fa65e418457f6e1528b16bc1e26f2c/execute/async - {"script":"<script> [1562 bytes]","args":[{"selector":{"id":"application-managepartners-display-component---NewPartner--partnerDetailsCurrency-arrow"},"wdio_ui5_key":"applicationmanagepartners-display-component---NewPartner--partnerDetailsCurrency-arrow"}]}
COMMAND: GET /session/a0fa65e418457f6e1528b16bc1e26f2c/screenshot - {}
RESULT: {"script":"<script> [1562 bytes]","args":[{"selector":{"id":"application-managepartners-display-component---NewPartner--partnerDetailsCurrency-arrow"},"wdio_ui5_key":"applicationmanagepartners-display-component---NewPartner--partnerDetailsCurrency-arrow"}]}
RESULT: undefined
COMMAND: POST /session/a0fa65e418457f6e1528b16bc1e26f2c/element - {"using":"xpath","value":"//*[@id=\"application-managepartners-display-component---NewPartner--partnerDetailsCurrency-arrow\"]"}
RESULT: {}
RESULT: {"using":"xpath","value":"//*[@id=\"application-managepartners-display-component---NewPartner--partnerDetailsCurrency-arrow\"]"}
COMMAND: POST /session/a0fa65e418457f6e1528b16bc1e26f2c/element/f.6300CB9FC90E916FB2ACF31257920715.d.5A8E8AFBFBE870809310F8DBDB22F5E2.e.1487/click - {}
RESULT: {}
COMMAND: POST /session/a0fa65e418457f6e1528b16bc1e26f2c/element - {"using":"xpath","value":"//span[contains(text(), \"US Dollar\")]"}
COMMAND: GET /session/a0fa65e418457f6e1528b16bc1e26f2c/screenshot - {}
RESULT: {"using":"xpath","value":"//span[contains(text(), \"US Dollar\")]"}
COMMAND: POST /session/a0fa65e418457f6e1528b16bc1e26f2c/element/f.6300CB9FC90E916FB2ACF31257920715.d.5A8E8AFBFBE870809310F8DBDB22F5E2.e.1488/click - {}
RESULT: {}
RESULT: {}
COMMAND: GET /session/a0fa65e418457f6e1528b16bc1e26f2c/screenshot - {}
RESULT: {}
COMMAND: POST /session/a0fa65e418457f6e1528b16bc1e26f2c/element - {"using":"xpath","value":"//input[@id=\"application-managepartners-display-component---NewPartner--companyCodeComboBox-inner\"]"}
RESULT: {"using":"xpath","value":"//input[@id=\"application-managepartners-display-component---NewPartner--companyCodeComboBox-inner\"]"}
COMMAND: POST /session/a0fa65e418457f6e1528b16bc1e26f2c/element/f.6300CB9FC90E916FB2ACF31257920715.d.5A8E8AFBFBE870809310F8DBDB22F5E2.e.1348/clear - {}
RESULT: {}
COMMAND: POST /session/a0fa65e418457f6e1528b16bc1e26f2c/element/f.6300CB9FC90E916FB2ACF31257920715.d.5A8E8AFBFBE870809310F8DBDB22F5E2.e.1348/value - {"text":"C002"}
COMMAND: GET /session/a0fa65e418457f6e1528b16bc1e26f2c/screenshot - {}
RESULT: {"text":"C002"}
COMMAND: GET /session/a0fa65e418457f6e1528b16bc1e26f2c/screenshot - {}
RESULT: {}
RESULT: {}
COMMAND: POST /session/a0fa65e418457f6e1528b16bc1e26f2c/element - {"using":"xpath","value":"//li[.//span[text()= \"C002\"]]"}
RESULT: {"using":"xpath","value":"//li[.//span[text()= \"C002\"]]"}
COMMAND: POST /session/a0fa65e418457f6e1528b16bc1e26f2c/element/f.6300CB9FC90E916FB2ACF31257920715.d.5A8E8AFBFBE870809310F8DBDB22F5E2.e.1492/click - {}
RESULT: {}
COMMAND: GET /session/a0fa65e418457f6e1528b16bc1e26f2c/screenshot - {}
RESULT: {}
COMMAND: POST /session/a0fa65e418457f6e1528b16bc1e26f2c/execute/async - {"script":"<script> [1562 bytes]","args":[{"selector":{"id":"application-managepartners-display-component---NewPartner--btnAddTableRow-img"},"wdio_ui5_key":"applicationmanagepartners-display-component---NewPartner--btnAddTableRow-img"}]}
RESULT: {"script":"<script> [1562 bytes]","args":[{"selector":{"id":"application-managepartners-display-component---NewPartner--btnAddTableRow-img"},"wdio_ui5_key":"applicationmanagepartners-display-component---NewPartner--btnAddTableRow-img"}]}
RESULT: undefined
COMMAND: POST /session/a0fa65e418457f6e1528b16bc1e26f2c/element - {"using":"xpath","value":"//*[@id=\"application-managepartners-display-component---NewPartner--btnAddTableRow-img\"]"}
RESULT: {"using":"xpath","value":"//*[@id=\"application-managepartners-display-component---NewPartner--btnAddTableRow-img\"]"}
COMMAND: POST /session/a0fa65e418457f6e1528b16bc1e26f2c/element/f.6300CB9FC90E916FB2ACF31257920715.d.5A8E8AFBFBE870809310F8DBDB22F5E2.e.1493/click - {}
RESULT: {}
COMMAND: GET /session/a0fa65e418457f6e1528b16bc1e26f2c/screenshot - {}
RESULT: {}
COMMAND: POST /session/a0fa65e418457f6e1528b16bc1e26f2c/element - {"using":"xpath","value":"//input[@id=\"application-managepartners-display-component---NewPartner--assignmentYard-application-managepartners-display-component---NewPartner--assignmentsTable-0-inner\"]"}
RESULT: {"using":"xpath","value":"//input[@id=\"application-managepartners-display-component---NewPartner--assignmentYard-application-managepartners-display-component---NewPartner--assignmentsTable-0-inner\"]"}
COMMAND: POST /session/a0fa65e418457f6e1528b16bc1e26f2c/element/f.6300CB9FC90E916FB2ACF31257920715.d.5A8E8AFBFBE870809310F8DBDB22F5E2.e.1496/clear - {}
RESULT: {}
COMMAND: POST /session/a0fa65e418457f6e1528b16bc1e26f2c/element/f.6300CB9FC90E916FB2ACF31257920715.d.5A8E8AFBFBE870809310F8DBDB22F5E2.e.1496/value - {"text":"495"}
COMMAND: GET /session/a0fa65e418457f6e1528b16bc1e26f2c/screenshot - {}
RESULT: {"text":"495"}
COMMAND: GET /session/a0fa65e418457f6e1528b16bc1e26f2c/screenshot - {}
RESULT: {}
RESULT: {}
COMMAND: POST /session/a0fa65e418457f6e1528b16bc1e26f2c/element - {"using":"xpath","value":"//li[.//span[text()='495']]"}
RESULT: {"using":"xpath","value":"//li[.//span[text()='495']]"}
COMMAND: POST /session/a0fa65e418457f6e1528b16bc1e26f2c/element/f.6300CB9FC90E916FB2ACF31257920715.d.5A8E8AFBFBE870809310F8DBDB22F5E2.e.1503/click - {}
RESULT: {}
COMMAND: GET /session/a0fa65e418457f6e1528b16bc1e26f2c/screenshot - {}
RESULT: {}
COMMAND: POST /session/a0fa65e418457f6e1528b16bc1e26f2c/actions - {"actions":[{"id":"action2","type":"key","parameters":{},"actions":[{"type":"keyDown","value":"î€‡"},{"type":"pause","duration":10},{"type":"keyUp","value":"î€‡"}]}]}
RESULT: {"actions":[{"id":"action2","type":"key","parameters":{},"actions":[{"type":"keyDown","value":"î€‡"},{"type":"pause","duration":10},{"type":"keyUp","value":"î€‡"}]}]}
COMMAND: POST /session/a0fa65e418457f6e1528b16bc1e26f2c/element - {"using":"xpath","value":"//td[contains(@id, \"assignmentsTable-0-cell2\")]/div/div"}
COMMAND: GET /session/a0fa65e418457f6e1528b16bc1e26f2c/screenshot - {}
RESULT: {"using":"xpath","value":"//td[contains(@id, \"assignmentsTable-0-cell2\")]/div/div"}
COMMAND: POST /session/a0fa65e418457f6e1528b16bc1e26f2c/element/f.6300CB9FC90E916FB2ACF31257920715.d.5A8E8AFBFBE870809310F8DBDB22F5E2.e.1506/click - {}
RESULT: {}
RESULT: {}
COMMAND: GET /session/a0fa65e418457f6e1528b16bc1e26f2c/screenshot - {}
RESULT: {}
COMMAND: POST /session/a0fa65e418457f6e1528b16bc1e26f2c/element - {"using":"xpath","value":"//button[@data-kt=\"saveButton\"]"}
RESULT: {"using":"xpath","value":"//button[@data-kt=\"saveButton\"]"}
COMMAND: POST /session/a0fa65e418457f6e1528b16bc1e26f2c/element/f.6300CB9FC90E916FB2ACF31257920715.d.5A8E8AFBFBE870809310F8DBDB22F5E2.e.1402/click - {}
RESULT: {}
COMMAND: GET /session/a0fa65e418457f6e1528b16bc1e26f2c/screenshot - {}
RESULT: {}
COMMAND: POST /session/a0fa65e418457f6e1528b16bc1e26f2c/element - {"using":"xpath","value":"//header[contains(@id, 'ObjectPageLayout-headerTitle')]/div[1]/div[2]/div[2]/span[1]"}
RESULT: {"using":"xpath","value":"//header[contains(@id, 'ObjectPageLayout-headerTitle')]/div[1]/div[2]/div[2]/span[1]"}
COMMAND: POST /session/a0fa65e418457f6e1528b16bc1e26f2c/elements - {"using":"xpath","value":"//header[contains(@id, 'ObjectPageLayout-headerTitle')]/div[1]/div[2]/div[2]/span[1]"}
RESULT: {"using":"xpath","value":"//header[contains(@id, 'ObjectPageLayout-headerTitle')]/div[1]/div[2]/div[2]/span[1]"}
COMMAND: POST /session/a0fa65e418457f6e1528b16bc1e26f2c/execute/sync - {"script":"<script> [56 bytes]","args":[{"element-6066-11e4-a52e-4f735466cecf":"f.6300CB9FC90E916FB2ACF31257920715.d.5A8E8AFBFBE870809310F8DBDB22F5E2.e.1670","ELEMENT":"f.6300CB9FC90E916FB2ACF31257920715.d.5A8E8AFBFBE870809310F8DBDB22F5E2.e.1670"}]}
RESULT: {"script":"<script> [56 bytes]","args":[{"element-6066-11e4-a52e-4f735466cecf":"f.6300CB9FC90E916FB2ACF31257920715.d.5A8E8AFBFBE870809310F8DBDB22F5E2.e.1670","ELEMENT":"f.6300CB9FC90E916FB2ACF31257920715.d.5A8E8AFBFBE870809310F8DBDB22F5E2.e.1670"}]}
COMMAND: POST /session/a0fa65e418457f6e1528b16bc1e26f2c/element - {"using":"css selector","value":"#shell-header-logo"}
COMMAND: GET /session/a0fa65e418457f6e1528b16bc1e26f2c/screenshot - {}
RESULT: {"using":"css selector","value":"#shell-header-logo"}
COMMAND: POST /session/a0fa65e418457f6e1528b16bc1e26f2c/element/f.6300CB9FC90E916FB2ACF31257920715.d.5A8E8AFBFBE870809310F8DBDB22F5E2.e.994/click - {}
RESULT: {}
RESULT: {}
COMMAND: GET /session/a0fa65e418457f6e1528b16bc1e26f2c/screenshot - {}
RESULT: {}
COMMAND: POST /session/a0fa65e418457f6e1528b16bc1e26f2c/execute/sync - {"script":"<script> [299 bytes]","args":[["getModel","getResource"]]}
RESULT: {"script":"<script> [299 bytes]","args":[["getModel","getResource"]]}
]]></system-out>
    </testcase>
    <testcase classname="chrome.136_0_7103_93.windows.Stock_increase_-_with_WHM_US125587" name="Should create a new WHM site" time="91.008">
      <system-out><![CDATA[
COMMAND: POST /session/a0fa65e418457f6e1528b16bc1e26f2c/execute/async - {"script":"<script> [1562 bytes]","args":[{"selector":{"controlType":"sap.m.GenericTile","properties":{"header":"Manage Sites"}},"wdio_ui5_key":"sapm.GenericTile{\"header\":\"Manage Sites\"}"}]}
COMMAND: GET /session/a0fa65e418457f6e1528b16bc1e26f2c/screenshot - {}
RESULT: {"script":"<script> [1562 bytes]","args":[{"selector":{"controlType":"sap.m.GenericTile","properties":{"header":"Manage Sites"}},"wdio_ui5_key":"sapm.GenericTile{\"header\":\"Manage Sites\"}"}]}
RESULT: undefined
COMMAND: POST /session/a0fa65e418457f6e1528b16bc1e26f2c/element - {"using":"xpath","value":"//*[@id=\"__tile40\"]"}
RESULT: {}
RESULT: {"using":"xpath","value":"//*[@id=\"__tile40\"]"}
COMMAND: POST /session/a0fa65e418457f6e1528b16bc1e26f2c/element/f.6300CB9FC90E916FB2ACF31257920715.d.5A8E8AFBFBE870809310F8DBDB22F5E2.e.126/click - {}
RESULT: {}
COMMAND: GET /session/a0fa65e418457f6e1528b16bc1e26f2c/screenshot - {}
RESULT: {}
COMMAND: POST /session/a0fa65e418457f6e1528b16bc1e26f2c/elements - {"using":"xpath","value":"//span[text()='Error']"}
RESULT: {"using":"xpath","value":"//span[text()='Error']"}
COMMAND: POST /session/a0fa65e418457f6e1528b16bc1e26f2c/element - {"using":"xpath","value":"//button[@data-kt=\"addOverflowToolbarButton\"]"}
RESULT: {"using":"xpath","value":"//button[@data-kt=\"addOverflowToolbarButton\"]"}
COMMAND: POST /session/a0fa65e418457f6e1528b16bc1e26f2c/elements - {"using":"xpath","value":"//button[@data-kt=\"addOverflowToolbarButton\"]"}
RESULT: {"using":"xpath","value":"//button[@data-kt=\"addOverflowToolbarButton\"]"}
COMMAND: POST /session/a0fa65e418457f6e1528b16bc1e26f2c/execute/sync - {"script":"<script> [8489 bytes]","args":[{"element-6066-11e4-a52e-4f735466cecf":"f.6300CB9FC90E916FB2ACF31257920715.d.5A8E8AFBFBE870809310F8DBDB22F5E2.e.1717","ELEMENT":"f.6300CB9FC90E916FB2ACF31257920715.d.5A8E8AFBFBE870809310F8DBDB22F5E2.e.1717"}]}
RESULT: {"script":"<script> [8489 bytes]","args":[{"element-6066-11e4-a52e-4f735466cecf":"f.6300CB9FC90E916FB2ACF31257920715.d.5A8E8AFBFBE870809310F8DBDB22F5E2.e.1717","ELEMENT":"f.6300CB9FC90E916FB2ACF31257920715.d.5A8E8AFBFBE870809310F8DBDB22F5E2.e.1717"}]}
COMMAND: GET /session/a0fa65e418457f6e1528b16bc1e26f2c/element/f.6300CB9FC90E916FB2ACF31257920715.d.5A8E8AFBFBE870809310F8DBDB22F5E2.e.1717/enabled - {}
COMMAND: GET /session/a0fa65e418457f6e1528b16bc1e26f2c/screenshot - {}
RESULT: {}
COMMAND: POST /session/a0fa65e418457f6e1528b16bc1e26f2c/execute/sync - {"script":"<script> [8489 bytes]","args":[{"element-6066-11e4-a52e-4f735466cecf":"f.6300CB9FC90E916FB2ACF31257920715.d.5A8E8AFBFBE870809310F8DBDB22F5E2.e.1717","ELEMENT":"f.6300CB9FC90E916FB2ACF31257920715.d.5A8E8AFBFBE870809310F8DBDB22F5E2.e.1717"}]}
COMMAND: GET /session/a0fa65e418457f6e1528b16bc1e26f2c/screenshot - {}
RESULT: {}
RESULT: {"script":"<script> [8489 bytes]","args":[{"element-6066-11e4-a52e-4f735466cecf":"f.6300CB9FC90E916FB2ACF31257920715.d.5A8E8AFBFBE870809310F8DBDB22F5E2.e.1717","ELEMENT":"f.6300CB9FC90E916FB2ACF31257920715.d.5A8E8AFBFBE870809310F8DBDB22F5E2.e.1717"}]}
COMMAND: POST /session/a0fa65e418457f6e1528b16bc1e26f2c/execute/sync - {"script":"<script> [5351 bytes]","args":[{"element-6066-11e4-a52e-4f735466cecf":"f.6300CB9FC90E916FB2ACF31257920715.d.5A8E8AFBFBE870809310F8DBDB22F5E2.e.1717","ELEMENT":"f.6300CB9FC90E916FB2ACF31257920715.d.5A8E8AFBFBE870809310F8DBDB22F5E2.e.1717"}]}
COMMAND: GET /session/a0fa65e418457f6e1528b16bc1e26f2c/screenshot - {}
RESULT: {}
RESULT: {"script":"<script> [5351 bytes]","args":[{"element-6066-11e4-a52e-4f735466cecf":"f.6300CB9FC90E916FB2ACF31257920715.d.5A8E8AFBFBE870809310F8DBDB22F5E2.e.1717","ELEMENT":"f.6300CB9FC90E916FB2ACF31257920715.d.5A8E8AFBFBE870809310F8DBDB22F5E2.e.1717"}]}
COMMAND: POST /session/a0fa65e418457f6e1528b16bc1e26f2c/element/f.6300CB9FC90E916FB2ACF31257920715.d.5A8E8AFBFBE870809310F8DBDB22F5E2.e.1717/click - {}
COMMAND: GET /session/a0fa65e418457f6e1528b16bc1e26f2c/screenshot - {}
RESULT: {}
RESULT: {}
COMMAND: GET /session/a0fa65e418457f6e1528b16bc1e26f2c/screenshot - {}
RESULT: {}
RESULT: {}
COMMAND: POST /session/a0fa65e418457f6e1528b16bc1e26f2c/element - {"using":"xpath","value":"//input[@id=\"application-managesites-display-component---NewSite--siteId-inner\"]"}
RESULT: {"using":"xpath","value":"//input[@id=\"application-managesites-display-component---NewSite--siteId-inner\"]"}
COMMAND: POST /session/a0fa65e418457f6e1528b16bc1e26f2c/element - {"using":"xpath","value":"//input[@id=\"application-managesites-display-component---NewSite--siteId-inner\"]"}
RESULT: {"using":"xpath","value":"//input[@id=\"application-managesites-display-component---NewSite--siteId-inner\"]"}
COMMAND: POST /session/a0fa65e418457f6e1528b16bc1e26f2c/execute/async - {"script":"<script> [1562 bytes]","args":[{"selector":{"id":"application-managesites-display-component---NewSite--addressDetailDetailsName1","interaction":{"idSuffix":"inner"}},"wdio_ui5_key":"applicationmanagesites-display-component---NewSite--addressDetailDetailsName1"}]}
RESULT: {"script":"<script> [1562 bytes]","args":[{"selector":{"id":"application-managesites-display-component---NewSite--addressDetailDetailsName1","interaction":{"idSuffix":"inner"}},"wdio_ui5_key":"applicationmanagesites-display-component---NewSite--addressDetailDetailsName1"}]}
RESULT: undefined
COMMAND: POST /session/a0fa65e418457f6e1528b16bc1e26f2c/execute/async - {"script":"<script> [776 bytes]","args":[{"enterText":"Warehouse Managed Site WDIO","selector":{"id":"application-managesites-display-component---NewSite--addressDetailDetailsName1","interaction":{"idSuffix":"inner"}},"clearTextFirst":true,"interactionType":"ENTER_TEXT"}]}
RESULT: {"script":"<script> [776 bytes]","args":[{"enterText":"Warehouse Managed Site WDIO","selector":{"id":"application-managesites-display-component---NewSite--addressDetailDetailsName1","interaction":{"idSuffix":"inner"}},"clearTextFirst":true,"interactionType":"ENTER_TEXT"}]}
COMMAND: POST /session/a0fa65e418457f6e1528b16bc1e26f2c/execute/async - {"script":"<script> [1562 bytes]","args":[{"selector":{"id":"application-managesites-display-component---NewSite--addressDetailDetailsLanguage-arrow"},"wdio_ui5_key":"applicationmanagesites-display-component---NewSite--addressDetailDetailsLanguage-arrow"}]}
RESULT: {"script":"<script> [1562 bytes]","args":[{"selector":{"id":"application-managesites-display-component---NewSite--addressDetailDetailsLanguage-arrow"},"wdio_ui5_key":"applicationmanagesites-display-component---NewSite--addressDetailDetailsLanguage-arrow"}]}
RESULT: undefined
COMMAND: POST /session/a0fa65e418457f6e1528b16bc1e26f2c/element - {"using":"xpath","value":"//*[@id=\"application-managesites-display-component---NewSite--addressDetailDetailsLanguage-arrow\"]"}
RESULT: {"using":"xpath","value":"//*[@id=\"application-managesites-display-component---NewSite--addressDetailDetailsLanguage-arrow\"]"}
COMMAND: POST /session/a0fa65e418457f6e1528b16bc1e26f2c/element/f.6300CB9FC90E916FB2ACF31257920715.d.5A8E8AFBFBE870809310F8DBDB22F5E2.e.2128/click - {}
RESULT: {}
COMMAND: POST /session/a0fa65e418457f6e1528b16bc1e26f2c/element - {"using":"xpath","value":"//span[contains(text(), \"English\")]"}
COMMAND: GET /session/a0fa65e418457f6e1528b16bc1e26f2c/screenshot - {}
RESULT: {"using":"xpath","value":"//span[contains(text(), \"English\")]"}
COMMAND: POST /session/a0fa65e418457f6e1528b16bc1e26f2c/element/f.6300CB9FC90E916FB2ACF31257920715.d.5A8E8AFBFBE870809310F8DBDB22F5E2.e.2129/click - {}
RESULT: {}
RESULT: {}
COMMAND: POST /session/a0fa65e418457f6e1528b16bc1e26f2c/execute/async - {"script":"<script> [1562 bytes]","args":[{"selector":{"id":"application-managesites-display-component---NewSite--addressDetailDetailsCity1","interaction":{"idSuffix":"inner"}},"wdio_ui5_key":"applicationmanagesites-display-component---NewSite--addressDetailDetailsCity1"}]}
COMMAND: GET /session/a0fa65e418457f6e1528b16bc1e26f2c/screenshot - {}
RESULT: {"script":"<script> [1562 bytes]","args":[{"selector":{"id":"application-managesites-display-component---NewSite--addressDetailDetailsCity1","interaction":{"idSuffix":"inner"}},"wdio_ui5_key":"applicationmanagesites-display-component---NewSite--addressDetailDetailsCity1"}]}
RESULT: undefined
COMMAND: POST /session/a0fa65e418457f6e1528b16bc1e26f2c/execute/async - {"script":"<script> [776 bytes]","args":[{"enterText":"Rosario","selector":{"id":"application-managesites-display-component---NewSite--addressDetailDetailsCity1","interaction":{"idSuffix":"inner"}},"clearTextFirst":true,"interactionType":"ENTER_TEXT"}]}
RESULT: {}
RESULT: {"script":"<script> [776 bytes]","args":[{"enterText":"Rosario","selector":{"id":"application-managesites-display-component---NewSite--addressDetailDetailsCity1","interaction":{"idSuffix":"inner"}},"clearTextFirst":true,"interactionType":"ENTER_TEXT"}]}
COMMAND: POST /session/a0fa65e418457f6e1528b16bc1e26f2c/execute/async - {"script":"<script> [1562 bytes]","args":[{"selector":{"id":"application-managesites-display-component---NewSite--addressDetailDetailsCountry-arrow"},"wdio_ui5_key":"applicationmanagesites-display-component---NewSite--addressDetailDetailsCountry-arrow"}]}
RESULT: {"script":"<script> [1562 bytes]","args":[{"selector":{"id":"application-managesites-display-component---NewSite--addressDetailDetailsCountry-arrow"},"wdio_ui5_key":"applicationmanagesites-display-component---NewSite--addressDetailDetailsCountry-arrow"}]}
RESULT: undefined
COMMAND: POST /session/a0fa65e418457f6e1528b16bc1e26f2c/element - {"using":"xpath","value":"//*[@id=\"application-managesites-display-component---NewSite--addressDetailDetailsCountry-arrow\"]"}
RESULT: {"using":"xpath","value":"//*[@id=\"application-managesites-display-component---NewSite--addressDetailDetailsCountry-arrow\"]"}
COMMAND: POST /session/a0fa65e418457f6e1528b16bc1e26f2c/element/f.6300CB9FC90E916FB2ACF31257920715.d.5A8E8AFBFBE870809310F8DBDB22F5E2.e.2131/click - {}
RESULT: {}
COMMAND: POST /session/a0fa65e418457f6e1528b16bc1e26f2c/element - {"using":"xpath","value":"//span[contains(text(), \"Argentina\")]"}
COMMAND: GET /session/a0fa65e418457f6e1528b16bc1e26f2c/screenshot - {}
RESULT: {"using":"xpath","value":"//span[contains(text(), \"Argentina\")]"}
COMMAND: POST /session/a0fa65e418457f6e1528b16bc1e26f2c/element/f.6300CB9FC90E916FB2ACF31257920715.d.5A8E8AFBFBE870809310F8DBDB22F5E2.e.2132/click - {}
RESULT: {}
RESULT: {}
COMMAND: GET /session/a0fa65e418457f6e1528b16bc1e26f2c/screenshot - {}
RESULT: {}
COMMAND: POST /session/a0fa65e418457f6e1528b16bc1e26f2c/execute/async - {"script":"<script> [1562 bytes]","args":[{"selector":{"id":"application-managesites-display-component---NewSite--addressEditDetailsCostObjectCstType-arrow"},"wdio_ui5_key":"applicationmanagesites-display-component---NewSite--addressEditDetailsCostObjectCstType-arrow"}]}
RESULT: {"script":"<script> [1562 bytes]","args":[{"selector":{"id":"application-managesites-display-component---NewSite--addressEditDetailsCostObjectCstType-arrow"},"wdio_ui5_key":"applicationmanagesites-display-component---NewSite--addressEditDetailsCostObjectCstType-arrow"}]}
RESULT: undefined
COMMAND: POST /session/a0fa65e418457f6e1528b16bc1e26f2c/element - {"using":"xpath","value":"//*[@id=\"application-managesites-display-component---NewSite--addressEditDetailsCostObjectCstType-arrow\"]"}
RESULT: {"using":"xpath","value":"//*[@id=\"application-managesites-display-component---NewSite--addressEditDetailsCostObjectCstType-arrow\"]"}
COMMAND: POST /session/a0fa65e418457f6e1528b16bc1e26f2c/element/f.6300CB9FC90E916FB2ACF31257920715.d.5A8E8AFBFBE870809310F8DBDB22F5E2.e.2134/click - {}
RESULT: {}
COMMAND: POST /session/a0fa65e418457f6e1528b16bc1e26f2c/element - {"using":"xpath","value":"//span[contains(text(), \"Cost Center\")]"}
COMMAND: GET /session/a0fa65e418457f6e1528b16bc1e26f2c/screenshot - {}
RESULT: {"using":"xpath","value":"//span[contains(text(), \"Cost Center\")]"}
COMMAND: POST /session/a0fa65e418457f6e1528b16bc1e26f2c/element/f.6300CB9FC90E916FB2ACF31257920715.d.5A8E8AFBFBE870809310F8DBDB22F5E2.e.2135/click - {}
RESULT: {}
RESULT: {}
COMMAND: GET /session/a0fa65e418457f6e1528b16bc1e26f2c/screenshot - {}
RESULT: {}
COMMAND: POST /session/a0fa65e418457f6e1528b16bc1e26f2c/element - {"using":"xpath","value":"//span[@id=\"application-managesites-display-component---NewSite--addressNewCostObjectCstID-vhi\"]"}
RESULT: {"using":"xpath","value":"//span[@id=\"application-managesites-display-component---NewSite--addressNewCostObjectCstID-vhi\"]"}
COMMAND: POST /session/a0fa65e418457f6e1528b16bc1e26f2c/execute/sync - {"script":"<script> [8489 bytes]","args":[{"element-6066-11e4-a52e-4f735466cecf":"f.6300CB9FC90E916FB2ACF31257920715.d.5A8E8AFBFBE870809310F8DBDB22F5E2.e.2140","ELEMENT":"f.6300CB9FC90E916FB2ACF31257920715.d.5A8E8AFBFBE870809310F8DBDB22F5E2.e.2140"}]}
RESULT: {"script":"<script> [8489 bytes]","args":[{"element-6066-11e4-a52e-4f735466cecf":"f.6300CB9FC90E916FB2ACF31257920715.d.5A8E8AFBFBE870809310F8DBDB22F5E2.e.2140","ELEMENT":"f.6300CB9FC90E916FB2ACF31257920715.d.5A8E8AFBFBE870809310F8DBDB22F5E2.e.2140"}]}
COMMAND: POST /session/a0fa65e418457f6e1528b16bc1e26f2c/execute/async - {"script":"<script> [1562 bytes]","args":[{"selector":{"id":"application-managesites-display-component---NewSite--addressNewCostObjectCstID-vhi"},"wdio_ui5_key":"applicationmanagesites-display-component---NewSite--addressNewCostObjectCstID-vhi"}]}
COMMAND: GET /session/a0fa65e418457f6e1528b16bc1e26f2c/screenshot - {}
RESULT: {"script":"<script> [1562 bytes]","args":[{"selector":{"id":"application-managesites-display-component---NewSite--addressNewCostObjectCstID-vhi"},"wdio_ui5_key":"applicationmanagesites-display-component---NewSite--addressNewCostObjectCstID-vhi"}]}
RESULT: undefined
COMMAND: POST /session/a0fa65e418457f6e1528b16bc1e26f2c/element - {"using":"xpath","value":"//*[@id=\"application-managesites-display-component---NewSite--addressNewCostObjectCstID-vhi\"]"}
RESULT: {}
RESULT: {"using":"xpath","value":"//*[@id=\"application-managesites-display-component---NewSite--addressNewCostObjectCstID-vhi\"]"}
COMMAND: POST /session/a0fa65e418457f6e1528b16bc1e26f2c/element/f.6300CB9FC90E916FB2ACF31257920715.d.5A8E8AFBFBE870809310F8DBDB22F5E2.e.2140/click - {}
RESULT: {}
COMMAND: GET /session/a0fa65e418457f6e1528b16bc1e26f2c/screenshot - {}
RESULT: {}
RESULT: undefined
COMMAND: POST /session/a0fa65e418457f6e1528b16bc1e26f2c/execute/async - {"script":"<script> [776 bytes]","args":[{"enterText":"10001013","selector":{"controlType":"sap.m.SearchField","properties":{"placeholder":"Search"},"searchOpenDialogs":true,"interaction":{"idSuffix":"I"}},"clearTextFirst":true,"interactionType":"ENTER_TEXT"}]}
RESULT: {"script":"<script> [776 bytes]","args":[{"enterText":"10001013","selector":{"controlType":"sap.m.SearchField","properties":{"placeholder":"Search"},"searchOpenDialogs":true,"interaction":{"idSuffix":"I"}},"clearTextFirst":true,"interactionType":"ENTER_TEXT"}]}
COMMAND: POST /session/a0fa65e418457f6e1528b16bc1e26f2c/actions - {"actions":[{"id":"action3","type":"key","parameters":{},"actions":[{"type":"keyDown","value":"î€‡"},{"type":"pause","duration":10},{"type":"keyUp","value":"î€‡"}]}]}
RESULT: {"actions":[{"id":"action3","type":"key","parameters":{},"actions":[{"type":"keyDown","value":"î€‡"},{"type":"pause","duration":10},{"type":"keyUp","value":"î€‡"}]}]}
COMMAND: GET /session/a0fa65e418457f6e1528b16bc1e26f2c/screenshot - {}
RESULT: {}
COMMAND: POST /session/a0fa65e418457f6e1528b16bc1e26f2c/element - {"using":"xpath","value":"//span[contains(text(), \"General Management\")]"}
RESULT: {"using":"xpath","value":"//span[contains(text(), \"General Management\")]"}
COMMAND: POST /session/a0fa65e418457f6e1528b16bc1e26f2c/element/f.6300CB9FC90E916FB2ACF31257920715.d.5A8E8AFBFBE870809310F8DBDB22F5E2.e.2179/click - {}
RESULT: {}
COMMAND: GET /session/a0fa65e418457f6e1528b16bc1e26f2c/screenshot - {}
RESULT: {}
COMMAND: POST /session/a0fa65e418457f6e1528b16bc1e26f2c/element - {"using":"xpath","value":"//bdi[contains(text(), \"OK\")]"}
RESULT: {"using":"xpath","value":"//bdi[contains(text(), \"OK\")]"}
COMMAND: POST /session/a0fa65e418457f6e1528b16bc1e26f2c/element/f.6300CB9FC90E916FB2ACF31257920715.d.5A8E8AFBFBE870809310F8DBDB22F5E2.e.2180/click - {}
RESULT: {}
COMMAND: GET /session/a0fa65e418457f6e1528b16bc1e26f2c/screenshot - {}
RESULT: {}
COMMAND: POST /session/a0fa65e418457f6e1528b16bc1e26f2c/element - {"using":"xpath","value":"//input[@id=\"application-managesites-display-component---NewSite--addressDetailDetailsCalendar-inner\"]"}
RESULT: {"using":"xpath","value":"//input[@id=\"application-managesites-display-component---NewSite--addressDetailDetailsCalendar-inner\"]"}
COMMAND: POST /session/a0fa65e418457f6e1528b16bc1e26f2c/element/f.6300CB9FC90E916FB2ACF31257920715.d.5A8E8AFBFBE870809310F8DBDB22F5E2.e.1922/clear - {}
RESULT: {}
COMMAND: POST /session/a0fa65e418457f6e1528b16bc1e26f2c/element/f.6300CB9FC90E916FB2ACF31257920715.d.5A8E8AFBFBE870809310F8DBDB22F5E2.e.1922/value - {"text":"Unit"}
COMMAND: GET /session/a0fa65e418457f6e1528b16bc1e26f2c/screenshot - {}
RESULT: {"text":"Unit"}
COMMAND: GET /session/a0fa65e418457f6e1528b16bc1e26f2c/screenshot - {}
RESULT: {}
RESULT: {}
COMMAND: POST /session/a0fa65e418457f6e1528b16bc1e26f2c/actions - {"actions":[{"id":"action4","type":"key","parameters":{},"actions":[{"type":"keyDown","value":"î€‡"},{"type":"pause","duration":10},{"type":"keyUp","value":"î€‡"}]}]}
RESULT: {"actions":[{"id":"action4","type":"key","parameters":{},"actions":[{"type":"keyDown","value":"î€‡"},{"type":"pause","duration":10},{"type":"keyUp","value":"î€‡"}]}]}
COMMAND: POST /session/a0fa65e418457f6e1528b16bc1e26f2c/element - {"using":"xpath","value":"//input[@id=\"application-managesites-display-component---NewSite--addressDetailDetailsYard-inner\"]"}
COMMAND: GET /session/a0fa65e418457f6e1528b16bc1e26f2c/screenshot - {}
RESULT: {"using":"xpath","value":"//input[@id=\"application-managesites-display-component---NewSite--addressDetailDetailsYard-inner\"]"}
COMMAND: POST /session/a0fa65e418457f6e1528b16bc1e26f2c/element/f.6300CB9FC90E916FB2ACF31257920715.d.5A8E8AFBFBE870809310F8DBDB22F5E2.e.1923/clear - {}
RESULT: {}
RESULT: {}
COMMAND: POST /session/a0fa65e418457f6e1528b16bc1e26f2c/element/f.6300CB9FC90E916FB2ACF31257920715.d.5A8E8AFBFBE870809310F8DBDB22F5E2.e.1923/value - {"text":"495"}
COMMAND: GET /session/a0fa65e418457f6e1528b16bc1e26f2c/screenshot - {}
RESULT: {"text":"495"}
COMMAND: GET /session/a0fa65e418457f6e1528b16bc1e26f2c/screenshot - {}
RESULT: {}
RESULT: {}
COMMAND: POST /session/a0fa65e418457f6e1528b16bc1e26f2c/element - {"using":"xpath","value":"//li[.//span[text()='495']]"}
RESULT: {"using":"xpath","value":"//li[.//span[text()='495']]"}
COMMAND: POST /session/a0fa65e418457f6e1528b16bc1e26f2c/element/f.6300CB9FC90E916FB2ACF31257920715.d.5A8E8AFBFBE870809310F8DBDB22F5E2.e.2188/click - {}
RESULT: {}
COMMAND: GET /session/a0fa65e418457f6e1528b16bc1e26f2c/screenshot - {}
RESULT: {}
COMMAND: POST /session/a0fa65e418457f6e1528b16bc1e26f2c/element - {"using":"xpath","value":"//input[@id=\"application-managesites-display-component---NewSite--addressDetailDetailsPartner-inner\"]"}
RESULT: {"using":"xpath","value":"//input[@id=\"application-managesites-display-component---NewSite--addressDetailDetailsPartner-inner\"]"}
COMMAND: POST /session/a0fa65e418457f6e1528b16bc1e26f2c/element - {"using":"xpath","value":"//input[@id=\"application-managesites-display-component---NewSite--addressDetailDetailsPartner-inner\"]"}
RESULT: {"using":"xpath","value":"//input[@id=\"application-managesites-display-component---NewSite--addressDetailDetailsPartner-inner\"]"}
COMMAND: POST /session/a0fa65e418457f6e1528b16bc1e26f2c/execute/async - {"script":"<script> [1562 bytes]","args":[{"selector":{"id":"application-managesites-display-component---NewSite--siteWhmCheckBox-label","interaction":{"idSuffix":"bdi"}},"wdio_ui5_key":"applicationmanagesites-display-component---NewSite--siteWhmCheckBox-label"}]}
RESULT: {"script":"<script> [1562 bytes]","args":[{"selector":{"id":"application-managesites-display-component---NewSite--siteWhmCheckBox-label","interaction":{"idSuffix":"bdi"}},"wdio_ui5_key":"applicationmanagesites-display-component---NewSite--siteWhmCheckBox-label"}]}
RESULT: undefined
COMMAND: POST /session/a0fa65e418457f6e1528b16bc1e26f2c/element - {"using":"xpath","value":"//*[@id=\"application-managesites-display-component---NewSite--siteWhmCheckBox-label\"]"}
RESULT: {"using":"xpath","value":"//*[@id=\"application-managesites-display-component---NewSite--siteWhmCheckBox-label\"]"}
COMMAND: POST /session/a0fa65e418457f6e1528b16bc1e26f2c/element/f.6300CB9FC90E916FB2ACF31257920715.d.5A8E8AFBFBE870809310F8DBDB22F5E2.e.2190/click - {}
RESULT: {}
COMMAND: GET /session/a0fa65e418457f6e1528b16bc1e26f2c/screenshot - {}
RESULT: {}
COMMAND: POST /session/a0fa65e418457f6e1528b16bc1e26f2c/element - {"using":"xpath","value":"//button[@data-kt=\"saveButton\"]"}
RESULT: {"using":"xpath","value":"//button[@data-kt=\"saveButton\"]"}
COMMAND: POST /session/a0fa65e418457f6e1528b16bc1e26f2c/element/f.6300CB9FC90E916FB2ACF31257920715.d.5A8E8AFBFBE870809310F8DBDB22F5E2.e.2038/click - {}
RESULT: {}
COMMAND: GET /session/a0fa65e418457f6e1528b16bc1e26f2c/screenshot - {}
RESULT: {}
COMMAND: POST /session/a0fa65e418457f6e1528b16bc1e26f2c/element - {"using":"xpath","value":"//header[contains(@id, 'ObjectPageLayout-headerTitle')]/div[1]/div[2]/div[2]/span[1]"}
RESULT: {"using":"xpath","value":"//header[contains(@id, 'ObjectPageLayout-headerTitle')]/div[1]/div[2]/div[2]/span[1]"}
COMMAND: POST /session/a0fa65e418457f6e1528b16bc1e26f2c/elements - {"using":"xpath","value":"//header[contains(@id, 'ObjectPageLayout-headerTitle')]/div[1]/div[2]/div[2]/span[1]"}
RESULT: {"using":"xpath","value":"//header[contains(@id, 'ObjectPageLayout-headerTitle')]/div[1]/div[2]/div[2]/span[1]"}
COMMAND: POST /session/a0fa65e418457f6e1528b16bc1e26f2c/execute/sync - {"script":"<script> [56 bytes]","args":[{"element-6066-11e4-a52e-4f735466cecf":"f.6300CB9FC90E916FB2ACF31257920715.d.5A8E8AFBFBE870809310F8DBDB22F5E2.e.2396","ELEMENT":"f.6300CB9FC90E916FB2ACF31257920715.d.5A8E8AFBFBE870809310F8DBDB22F5E2.e.2396"}]}
RESULT: {"script":"<script> [56 bytes]","args":[{"element-6066-11e4-a52e-4f735466cecf":"f.6300CB9FC90E916FB2ACF31257920715.d.5A8E8AFBFBE870809310F8DBDB22F5E2.e.2396","ELEMENT":"f.6300CB9FC90E916FB2ACF31257920715.d.5A8E8AFBFBE870809310F8DBDB22F5E2.e.2396"}]}
COMMAND: POST /session/a0fa65e418457f6e1528b16bc1e26f2c/element - {"using":"css selector","value":"#shell-header-logo"}
COMMAND: GET /session/a0fa65e418457f6e1528b16bc1e26f2c/screenshot - {}
RESULT: {"using":"css selector","value":"#shell-header-logo"}
COMMAND: POST /session/a0fa65e418457f6e1528b16bc1e26f2c/element/f.6300CB9FC90E916FB2ACF31257920715.d.5A8E8AFBFBE870809310F8DBDB22F5E2.e.1674/click - {}
RESULT: {}
RESULT: {}
COMMAND: GET /session/a0fa65e418457f6e1528b16bc1e26f2c/screenshot - {}
RESULT: {}
COMMAND: POST /session/a0fa65e418457f6e1528b16bc1e26f2c/execute/sync - {"script":"<script> [299 bytes]","args":[["getModel","getResource"]]}
RESULT: {"script":"<script> [299 bytes]","args":[["getModel","getResource"]]}
COMMAND: GET /session/a0fa65e418457f6e1528b16bc1e26f2c/screenshot - {}
]]></system-out>
    </testcase>
    <testcase classname="chrome.136_0_7103_93.windows.Stock_increase_-_with_WHM_US125587" name="Should create a new material" time="110.892">
      <system-out><![CDATA[
COMMAND: POST /session/a0fa65e418457f6e1528b16bc1e26f2c/execute/async - {"script":"<script> [1562 bytes]","args":[{"selector":{"controlType":"sap.m.GenericTile","properties":{"header":"Manage Resources"}},"wdio_ui5_key":"sapm.GenericTile{\"header\":\"Manage Resources\"}"}]}
RESULT: {}
RESULT: {"script":"<script> [1562 bytes]","args":[{"selector":{"controlType":"sap.m.GenericTile","properties":{"header":"Manage Resources"}},"wdio_ui5_key":"sapm.GenericTile{\"header\":\"Manage Resources\"}"}]}
RESULT: undefined
COMMAND: POST /session/a0fa65e418457f6e1528b16bc1e26f2c/element - {"using":"xpath","value":"//*[@id=\"__tile39\"]"}
RESULT: {"using":"xpath","value":"//*[@id=\"__tile39\"]"}
COMMAND: POST /session/a0fa65e418457f6e1528b16bc1e26f2c/element/f.6300CB9FC90E916FB2ACF31257920715.d.5A8E8AFBFBE870809310F8DBDB22F5E2.e.123/click - {}
RESULT: {}
COMMAND: GET /session/a0fa65e418457f6e1528b16bc1e26f2c/screenshot - {}
RESULT: {}
COMMAND: POST /session/a0fa65e418457f6e1528b16bc1e26f2c/elements - {"using":"xpath","value":"//span[text()='Error']"}
RESULT: {"using":"xpath","value":"//span[text()='Error']"}
COMMAND: POST /session/a0fa65e418457f6e1528b16bc1e26f2c/element - {"using":"xpath","value":"//button[@data-kt=\"addNewRUOverflowToolbarButton\"]"}
RESULT: {"using":"xpath","value":"//button[@data-kt=\"addNewRUOverflowToolbarButton\"]"}
COMMAND: POST /session/a0fa65e418457f6e1528b16bc1e26f2c/elements - {"using":"xpath","value":"//button[@data-kt=\"addNewRUOverflowToolbarButton\"]"}
RESULT: {"using":"xpath","value":"//button[@data-kt=\"addNewRUOverflowToolbarButton\"]"}
COMMAND: POST /session/a0fa65e418457f6e1528b16bc1e26f2c/execute/sync - {"script":"<script> [8489 bytes]","args":[{"element-6066-11e4-a52e-4f735466cecf":"f.6300CB9FC90E916FB2ACF31257920715.d.5A8E8AFBFBE870809310F8DBDB22F5E2.e.2440","ELEMENT":"f.6300CB9FC90E916FB2ACF31257920715.d.5A8E8AFBFBE870809310F8DBDB22F5E2.e.2440"}]}
RESULT: {"script":"<script> [8489 bytes]","args":[{"element-6066-11e4-a52e-4f735466cecf":"f.6300CB9FC90E916FB2ACF31257920715.d.5A8E8AFBFBE870809310F8DBDB22F5E2.e.2440","ELEMENT":"f.6300CB9FC90E916FB2ACF31257920715.d.5A8E8AFBFBE870809310F8DBDB22F5E2.e.2440"}]}
COMMAND: GET /session/a0fa65e418457f6e1528b16bc1e26f2c/element/f.6300CB9FC90E916FB2ACF31257920715.d.5A8E8AFBFBE870809310F8DBDB22F5E2.e.2440/enabled - {}
COMMAND: GET /session/a0fa65e418457f6e1528b16bc1e26f2c/screenshot - {}
RESULT: {}
COMMAND: POST /session/a0fa65e418457f6e1528b16bc1e26f2c/execute/sync - {"script":"<script> [8489 bytes]","args":[{"element-6066-11e4-a52e-4f735466cecf":"f.6300CB9FC90E916FB2ACF31257920715.d.5A8E8AFBFBE870809310F8DBDB22F5E2.e.2440","ELEMENT":"f.6300CB9FC90E916FB2ACF31257920715.d.5A8E8AFBFBE870809310F8DBDB22F5E2.e.2440"}]}
COMMAND: GET /session/a0fa65e418457f6e1528b16bc1e26f2c/screenshot - {}
RESULT: {}
RESULT: {"script":"<script> [8489 bytes]","args":[{"element-6066-11e4-a52e-4f735466cecf":"f.6300CB9FC90E916FB2ACF31257920715.d.5A8E8AFBFBE870809310F8DBDB22F5E2.e.2440","ELEMENT":"f.6300CB9FC90E916FB2ACF31257920715.d.5A8E8AFBFBE870809310F8DBDB22F5E2.e.2440"}]}
COMMAND: POST /session/a0fa65e418457f6e1528b16bc1e26f2c/execute/sync - {"script":"<script> [5351 bytes]","args":[{"element-6066-11e4-a52e-4f735466cecf":"f.6300CB9FC90E916FB2ACF31257920715.d.5A8E8AFBFBE870809310F8DBDB22F5E2.e.2440","ELEMENT":"f.6300CB9FC90E916FB2ACF31257920715.d.5A8E8AFBFBE870809310F8DBDB22F5E2.e.2440"}]}
COMMAND: GET /session/a0fa65e418457f6e1528b16bc1e26f2c/screenshot - {}
RESULT: {}
RESULT: {"script":"<script> [5351 bytes]","args":[{"element-6066-11e4-a52e-4f735466cecf":"f.6300CB9FC90E916FB2ACF31257920715.d.5A8E8AFBFBE870809310F8DBDB22F5E2.e.2440","ELEMENT":"f.6300CB9FC90E916FB2ACF31257920715.d.5A8E8AFBFBE870809310F8DBDB22F5E2.e.2440"}]}
COMMAND: POST /session/a0fa65e418457f6e1528b16bc1e26f2c/element/f.6300CB9FC90E916FB2ACF31257920715.d.5A8E8AFBFBE870809310F8DBDB22F5E2.e.2440/click - {}
COMMAND: GET /session/a0fa65e418457f6e1528b16bc1e26f2c/screenshot - {}
RESULT: {}
RESULT: {}
COMMAND: GET /session/a0fa65e418457f6e1528b16bc1e26f2c/screenshot - {}
RESULT: {}
RESULT: {}
COMMAND: POST /session/a0fa65e418457f6e1528b16bc1e26f2c/execute/async - {"script":"<script> [1562 bytes]","args":[{"selector":{"id":"application-manageresources-display-component---newResourceUnit--TYPE-arrow"},"wdio_ui5_key":"applicationmanageresources-display-component---newResourceUnit--TYPE-arrow"}]}
RESULT: {"script":"<script> [1562 bytes]","args":[{"selector":{"id":"application-manageresources-display-component---newResourceUnit--TYPE-arrow"},"wdio_ui5_key":"applicationmanageresources-display-component---newResourceUnit--TYPE-arrow"}]}
RESULT: undefined
COMMAND: POST /session/a0fa65e418457f6e1528b16bc1e26f2c/element - {"using":"xpath","value":"//*[@id=\"application-manageresources-display-component---newResourceUnit--TYPE-arrow\"]"}
RESULT: {"using":"xpath","value":"//*[@id=\"application-manageresources-display-component---newResourceUnit--TYPE-arrow\"]"}
COMMAND: POST /session/a0fa65e418457f6e1528b16bc1e26f2c/element/f.6300CB9FC90E916FB2ACF31257920715.d.5A8E8AFBFBE870809310F8DBDB22F5E2.e.2787/click - {}
RESULT: {}
COMMAND: POST /session/a0fa65e418457f6e1528b16bc1e26f2c/element - {"using":"xpath","value":"//input[@id=\"application-manageresources-display-component---newResourceUnit--TYPE-inner\"]"}
COMMAND: GET /session/a0fa65e418457f6e1528b16bc1e26f2c/screenshot - {}
RESULT: {"using":"xpath","value":"//input[@id=\"application-manageresources-display-component---newResourceUnit--TYPE-inner\"]"}
COMMAND: POST /session/a0fa65e418457f6e1528b16bc1e26f2c/element/f.6300CB9FC90E916FB2ACF31257920715.d.5A8E8AFBFBE870809310F8DBDB22F5E2.e.2780/clear - {}
RESULT: {}
RESULT: {}
COMMAND: POST /session/a0fa65e418457f6e1528b16bc1e26f2c/element/f.6300CB9FC90E916FB2ACF31257920715.d.5A8E8AFBFBE870809310F8DBDB22F5E2.e.2780/value - {"text":"Material"}
COMMAND: GET /session/a0fa65e418457f6e1528b16bc1e26f2c/screenshot - {}
RESULT: {"text":"Material"}
COMMAND: GET /session/a0fa65e418457f6e1528b16bc1e26f2c/screenshot - {}
RESULT: {}
RESULT: {}
COMMAND: POST /session/a0fa65e418457f6e1528b16bc1e26f2c/actions - {"actions":[{"id":"action5","type":"key","parameters":{},"actions":[{"type":"keyDown","value":"î€‡"},{"type":"pause","duration":10},{"type":"keyUp","value":"î€‡"}]}]}
RESULT: {"actions":[{"id":"action5","type":"key","parameters":{},"actions":[{"type":"keyDown","value":"î€‡"},{"type":"pause","duration":10},{"type":"keyUp","value":"î€‡"}]}]}
COMMAND: POST /session/a0fa65e418457f6e1528b16bc1e26f2c/execute/async - {"script":"<script> [1562 bytes]","args":[{"selector":{"id":"application-manageresources-display-component---newResourceUnit--SHORT_TEXT","interaction":{"idSuffix":"inner"}},"wdio_ui5_key":"applicationmanageresources-display-component---newResourceUnit--SHORT_TEXT"}]}
COMMAND: GET /session/a0fa65e418457f6e1528b16bc1e26f2c/screenshot - {}
RESULT: {"script":"<script> [1562 bytes]","args":[{"selector":{"id":"application-manageresources-display-component---newResourceUnit--SHORT_TEXT","interaction":{"idSuffix":"inner"}},"wdio_ui5_key":"applicationmanageresources-display-component---newResourceUnit--SHORT_TEXT"}]}
RESULT: undefined
COMMAND: POST /session/a0fa65e418457f6e1528b16bc1e26f2c/execute/async - {"script":"<script> [776 bytes]","args":[{"enterText":"Cement WDIO","selector":{"id":"application-manageresources-display-component---newResourceUnit--SHORT_TEXT","interaction":{"idSuffix":"inner"}},"clearTextFirst":true,"interactionType":"ENTER_TEXT"}]}
RESULT: {}
RESULT: {"script":"<script> [776 bytes]","args":[{"enterText":"Cement WDIO","selector":{"id":"application-manageresources-display-component---newResourceUnit--SHORT_TEXT","interaction":{"idSuffix":"inner"}},"clearTextFirst":true,"interactionType":"ENTER_TEXT"}]}
COMMAND: POST /session/a0fa65e418457f6e1528b16bc1e26f2c/execute/async - {"script":"<script> [1562 bytes]","args":[{"selector":{"id":"application-manageresources-display-component---newResourceUnit--BASE_UNIT_OF_MEASURE","interaction":{"idSuffix":"inner"}},"wdio_ui5_key":"applicationmanageresources-display-component---newResourceUnit--BASE_UNIT_OF_MEASURE"}]}
RESULT: {"script":"<script> [1562 bytes]","args":[{"selector":{"id":"application-manageresources-display-component---newResourceUnit--BASE_UNIT_OF_MEASURE","interaction":{"idSuffix":"inner"}},"wdio_ui5_key":"applicationmanageresources-display-component---newResourceUnit--BASE_UNIT_OF_MEASURE"}]}
RESULT: undefined
COMMAND: POST /session/a0fa65e418457f6e1528b16bc1e26f2c/execute/async - {"script":"<script> [776 bytes]","args":[{"enterText":"Piece","selector":{"id":"application-manageresources-display-component---newResourceUnit--BASE_UNIT_OF_MEASURE","interaction":{"idSuffix":"inner"}},"clearTextFirst":true,"interactionType":"ENTER_TEXT"}]}
RESULT: {"script":"<script> [776 bytes]","args":[{"enterText":"Piece","selector":{"id":"application-manageresources-display-component---newResourceUnit--BASE_UNIT_OF_MEASURE","interaction":{"idSuffix":"inner"}},"clearTextFirst":true,"interactionType":"ENTER_TEXT"}]}
COMMAND: POST /session/a0fa65e418457f6e1528b16bc1e26f2c/execute/async - {"script":"<script> [1562 bytes]","args":[{"selector":{"id":"application-manageresources-display-component---newResourceUnit--WEIGHT_UNIT","interaction":{"idSuffix":"inner"}},"wdio_ui5_key":"applicationmanageresources-display-component---newResourceUnit--WEIGHT_UNIT"}]}
RESULT: {"script":"<script> [1562 bytes]","args":[{"selector":{"id":"application-manageresources-display-component---newResourceUnit--WEIGHT_UNIT","interaction":{"idSuffix":"inner"}},"wdio_ui5_key":"applicationmanageresources-display-component---newResourceUnit--WEIGHT_UNIT"}]}
RESULT: undefined
COMMAND: POST /session/a0fa65e418457f6e1528b16bc1e26f2c/execute/async - {"script":"<script> [776 bytes]","args":[{"enterText":"Gram","selector":{"id":"application-manageresources-display-component---newResourceUnit--WEIGHT_UNIT","interaction":{"idSuffix":"inner"}},"clearTextFirst":true,"interactionType":"ENTER_TEXT"}]}
RESULT: {"script":"<script> [776 bytes]","args":[{"enterText":"Gram","selector":{"id":"application-manageresources-display-component---newResourceUnit--WEIGHT_UNIT","interaction":{"idSuffix":"inner"}},"clearTextFirst":true,"interactionType":"ENTER_TEXT"}]}
COMMAND: POST /session/a0fa65e418457f6e1528b16bc1e26f2c/execute/async - {"script":"<script> [1562 bytes]","args":[{"selector":{"id":"application-manageresources-display-component---newResourceUnit--DIMENSION_UNIT","interaction":{"idSuffix":"inner"}},"wdio_ui5_key":"applicationmanageresources-display-component---newResourceUnit--DIMENSION_UNIT"}]}
RESULT: {"script":"<script> [1562 bytes]","args":[{"selector":{"id":"application-manageresources-display-component---newResourceUnit--DIMENSION_UNIT","interaction":{"idSuffix":"inner"}},"wdio_ui5_key":"applicationmanageresources-display-component---newResourceUnit--DIMENSION_UNIT"}]}
RESULT: undefined
COMMAND: POST /session/a0fa65e418457f6e1528b16bc1e26f2c/execute/async - {"script":"<script> [776 bytes]","args":[{"enterText":"Meter","selector":{"id":"application-manageresources-display-component---newResourceUnit--DIMENSION_UNIT","interaction":{"idSuffix":"inner"}},"clearTextFirst":true,"interactionType":"ENTER_TEXT"}]}
RESULT: {"script":"<script> [776 bytes]","args":[{"enterText":"Meter","selector":{"id":"application-manageresources-display-component---newResourceUnit--DIMENSION_UNIT","interaction":{"idSuffix":"inner"}},"clearTextFirst":true,"interactionType":"ENTER_TEXT"}]}
COMMAND: POST /session/a0fa65e418457f6e1528b16bc1e26f2c/execute/async - {"script":"<script> [1562 bytes]","args":[{"selector":{"id":"application-manageresources-display-component---newResourceUnit--newRRUPage-anchBar-application-manageresources-display-component---newResourceUnit--control-anchor","interaction":{"idSuffix":"BDI-content"}},"wdio_ui5_key":"applicationmanageresources-display-component---newResourceUnit--newRRUPage-anchBar-application-manageresources-display-component---newResourceUnit--control-anchor"}]}
RESULT: {"script":"<script> [1562 bytes]","args":[{"selector":{"id":"application-manageresources-display-component---newResourceUnit--newRRUPage-anchBar-application-manageresources-display-component---newResourceUnit--control-anchor","interaction":{"idSuffix":"BDI-content"}},"wdio_ui5_key":"applicationmanageresources-display-component---newResourceUnit--newRRUPage-anchBar-application-manageresources-display-component---newResourceUnit--control-anchor"}]}
RESULT: undefined
COMMAND: POST /session/a0fa65e418457f6e1528b16bc1e26f2c/element - {"using":"xpath","value":"//*[@id=\"application-manageresources-display-component---newResourceUnit--newRRUPage-anchBar-application-manageresources-display-component---newResourceUnit--control-anchor\"]"}
RESULT: {"using":"xpath","value":"//*[@id=\"application-manageresources-display-component---newResourceUnit--newRRUPage-anchBar-application-manageresources-display-component---newResourceUnit--control-anchor\"]"}
COMMAND: POST /session/a0fa65e418457f6e1528b16bc1e26f2c/element/f.6300CB9FC90E916FB2ACF31257920715.d.5A8E8AFBFBE870809310F8DBDB22F5E2.e.2854/click - {}
RESULT: {}
COMMAND: POST /session/a0fa65e418457f6e1528b16bc1e26f2c/execute/async - {"script":"<script> [1562 bytes]","args":[{"selector":{"id":"application-manageresources-display-component---newResourceUnit--PLANNING_GROUP","interaction":{"idSuffix":"inner"}},"wdio_ui5_key":"applicationmanageresources-display-component---newResourceUnit--PLANNING_GROUP"}]}
COMMAND: GET /session/a0fa65e418457f6e1528b16bc1e26f2c/screenshot - {}
RESULT: {"script":"<script> [1562 bytes]","args":[{"selector":{"id":"application-manageresources-display-component---newResourceUnit--PLANNING_GROUP","interaction":{"idSuffix":"inner"}},"wdio_ui5_key":"applicationmanageresources-display-component---newResourceUnit--PLANNING_GROUP"}]}
RESULT: undefined
COMMAND: POST /session/a0fa65e418457f6e1528b16bc1e26f2c/execute/async - {"script":"<script> [776 bytes]","args":[{"enterText":"Material","selector":{"id":"application-manageresources-display-component---newResourceUnit--PLANNING_GROUP","interaction":{"idSuffix":"inner"}},"clearTextFirst":true,"interactionType":"ENTER_TEXT"}]}
RESULT: {}
RESULT: {"script":"<script> [776 bytes]","args":[{"enterText":"Material","selector":{"id":"application-manageresources-display-component---newResourceUnit--PLANNING_GROUP","interaction":{"idSuffix":"inner"}},"clearTextFirst":true,"interactionType":"ENTER_TEXT"}]}
COMMAND: POST /session/a0fa65e418457f6e1528b16bc1e26f2c/execute/async - {"script":"<script> [1562 bytes]","args":[{"selector":{"id":"application-manageresources-display-component---newResourceUnit--PLANNING_INDICATOR","interaction":{"idSuffix":"inner"}},"wdio_ui5_key":"applicationmanageresources-display-component---newResourceUnit--PLANNING_INDICATOR"}]}
RESULT: {"script":"<script> [1562 bytes]","args":[{"selector":{"id":"application-manageresources-display-component---newResourceUnit--PLANNING_INDICATOR","interaction":{"idSuffix":"inner"}},"wdio_ui5_key":"applicationmanageresources-display-component---newResourceUnit--PLANNING_INDICATOR"}]}
RESULT: undefined
COMMAND: POST /session/a0fa65e418457f6e1528b16bc1e26f2c/execute/async - {"script":"<script> [776 bytes]","args":[{"enterText":"10 - infinite","selector":{"id":"application-manageresources-display-component---newResourceUnit--PLANNING_INDICATOR","interaction":{"idSuffix":"inner"}},"clearTextFirst":true,"interactionType":"ENTER_TEXT"}]}
RESULT: {"script":"<script> [776 bytes]","args":[{"enterText":"10 - infinite","selector":{"id":"application-manageresources-display-component---newResourceUnit--PLANNING_INDICATOR","interaction":{"idSuffix":"inner"}},"clearTextFirst":true,"interactionType":"ENTER_TEXT"}]}
COMMAND: POST /session/a0fa65e418457f6e1528b16bc1e26f2c/element - {"using":"css selector","value":"#application-manageresources-display-component---newResourceUnit--btnAddTimeSegment"}
RESULT: {"using":"css selector","value":"#application-manageresources-display-component---newResourceUnit--btnAddTimeSegment"}
COMMAND: GET /session/a0fa65e418457f6e1528b16bc1e26f2c/element/f.6300CB9FC90E916FB2ACF31257920715.d.5A8E8AFBFBE870809310F8DBDB22F5E2.e.2862/rect - {}
RESULT: {}
COMMAND: GET /session/a0fa65e418457f6e1528b16bc1e26f2c/window/rect - {}
RESULT: {}
COMMAND: POST /session/a0fa65e418457f6e1528b16bc1e26f2c/execute/sync - {"script":"<script> [92 bytes]","args":[]}
RESULT: {"script":"<script> [92 bytes]","args":[]}
COMMAND: POST /session/a0fa65e418457f6e1528b16bc1e26f2c/actions - {"actions":[{"id":"action6","type":"wheel","parameters":{},"actions":[{"type":"scroll","x":-1888,"y":-32,"deltaX":0,"deltaY":0,"duration":0,"origin":{"element-6066-11e4-a52e-4f735466cecf":"f.6300CB9FC90E916FB2ACF31257920715.d.5A8E8AFBFBE870809310F8DBDB22F5E2.e.2862"}}]}]}
COMMAND: GET /session/a0fa65e418457f6e1528b16bc1e26f2c/screenshot - {}
RESULT: {}
COMMAND: POST /session/a0fa65e418457f6e1528b16bc1e26f2c/execute/sync - {"script":"<script> [79 bytes]","args":[{"element-6066-11e4-a52e-4f735466cecf":"f.6300CB9FC90E916FB2ACF31257920715.d.5A8E8AFBFBE870809310F8DBDB22F5E2.e.2862","ELEMENT":"f.6300CB9FC90E916FB2ACF31257920715.d.5A8E8AFBFBE870809310F8DBDB22F5E2.e.2862"},{"block":"start","inline":"nearest"}]}
RESULT: {"script":"<script> [79 bytes]","args":[{"element-6066-11e4-a52e-4f735466cecf":"f.6300CB9FC90E916FB2ACF31257920715.d.5A8E8AFBFBE870809310F8DBDB22F5E2.e.2862","ELEMENT":"f.6300CB9FC90E916FB2ACF31257920715.d.5A8E8AFBFBE870809310F8DBDB22F5E2.e.2862"},{"block":"start","inline":"nearest"}]}
COMMAND: POST /session/a0fa65e418457f6e1528b16bc1e26f2c/execute/async - {"script":"<script> [1562 bytes]","args":[{"selector":{"id":"application-manageresources-display-component---newResourceUnit--btnAddTimeSegment","interaction":{"idSuffix":"inner"}},"wdio_ui5_key":"applicationmanageresources-display-component---newResourceUnit--btnAddTimeSegment"}]}
COMMAND: GET /session/a0fa65e418457f6e1528b16bc1e26f2c/screenshot - {}
RESULT: {"script":"<script> [1562 bytes]","args":[{"selector":{"id":"application-manageresources-display-component---newResourceUnit--btnAddTimeSegment","interaction":{"idSuffix":"inner"}},"wdio_ui5_key":"applicationmanageresources-display-component---newResourceUnit--btnAddTimeSegment"}]}
RESULT: undefined
COMMAND: POST /session/a0fa65e418457f6e1528b16bc1e26f2c/element - {"using":"xpath","value":"//*[@id=\"application-manageresources-display-component---newResourceUnit--btnAddTimeSegment\"]"}
RESULT: {}
RESULT: {"using":"xpath","value":"//*[@id=\"application-manageresources-display-component---newResourceUnit--btnAddTimeSegment\"]"}
COMMAND: POST /session/a0fa65e418457f6e1528b16bc1e26f2c/element/f.6300CB9FC90E916FB2ACF31257920715.d.5A8E8AFBFBE870809310F8DBDB22F5E2.e.2862/click - {}
RESULT: {}
COMMAND: GET /session/a0fa65e418457f6e1528b16bc1e26f2c/screenshot - {}
RESULT: {}
COMMAND: POST /session/a0fa65e418457f6e1528b16bc1e26f2c/element - {"using":"xpath","value":"//input[@id=\"application-manageresources-display-component---newResourceUnit--idRuTSAdmin-application-manageresources-display-component---newResourceUnit--RUTimeSegment-0-inner\"]"}
RESULT: {"using":"xpath","value":"//input[@id=\"application-manageresources-display-component---newResourceUnit--idRuTSAdmin-application-manageresources-display-component---newResourceUnit--RUTimeSegment-0-inner\"]"}
COMMAND: POST /session/a0fa65e418457f6e1528b16bc1e26f2c/element/f.6300CB9FC90E916FB2ACF31257920715.d.5A8E8AFBFBE870809310F8DBDB22F5E2.e.2867/clear - {}
RESULT: {}
COMMAND: POST /session/a0fa65e418457f6e1528b16bc1e26f2c/element/f.6300CB9FC90E916FB2ACF31257920715.d.5A8E8AFBFBE870809310F8DBDB22F5E2.e.2867/value - {"text":"495"}
COMMAND: GET /session/a0fa65e418457f6e1528b16bc1e26f2c/screenshot - {}
RESULT: {"text":"495"}
COMMAND: GET /session/a0fa65e418457f6e1528b16bc1e26f2c/screenshot - {}
RESULT: {}
RESULT: {}
COMMAND: POST /session/a0fa65e418457f6e1528b16bc1e26f2c/element - {"using":"xpath","value":"//li[.//span[text()='495']]"}
RESULT: {"using":"xpath","value":"//li[.//span[text()='495']]"}
COMMAND: POST /session/a0fa65e418457f6e1528b16bc1e26f2c/element/f.6300CB9FC90E916FB2ACF31257920715.d.5A8E8AFBFBE870809310F8DBDB22F5E2.e.2876/click - {}
RESULT: {}
COMMAND: GET /session/a0fa65e418457f6e1528b16bc1e26f2c/screenshot - {}
RESULT: {}
COMMAND: POST /session/a0fa65e418457f6e1528b16bc1e26f2c/element - {"using":"xpath","value":"(//span[contains(@id, \"-application-manageresources-display-component---newResourceUnit--RUTimeSegment-0-arrow\")])[2]"}
RESULT: {"using":"xpath","value":"(//span[contains(@id, \"-application-manageresources-display-component---newResourceUnit--RUTimeSegment-0-arrow\")])[2]"}
COMMAND: POST /session/a0fa65e418457f6e1528b16bc1e26f2c/element/f.6300CB9FC90E916FB2ACF31257920715.d.5A8E8AFBFBE870809310F8DBDB22F5E2.e.2877/click - {}
RESULT: {}
COMMAND: POST /session/a0fa65e418457f6e1528b16bc1e26f2c/element - {"using":"xpath","value":"//span[contains(text(), \"PM Order\")]"}
COMMAND: GET /session/a0fa65e418457f6e1528b16bc1e26f2c/screenshot - {}
RESULT: {"using":"xpath","value":"//span[contains(text(), \"PM Order\")]"}
COMMAND: POST /session/a0fa65e418457f6e1528b16bc1e26f2c/element/f.6300CB9FC90E916FB2ACF31257920715.d.5A8E8AFBFBE870809310F8DBDB22F5E2.e.2878/click - {}
RESULT: {}
RESULT: {}
COMMAND: GET /session/a0fa65e418457f6e1528b16bc1e26f2c/screenshot - {}
RESULT: {}
COMMAND: POST /session/a0fa65e418457f6e1528b16bc1e26f2c/element - {"using":"xpath","value":"//td/div/div/div/span[contains(@id, \"newResourceUnit--RUTimeSegment-0-vhi\")][1]"}
RESULT: {"using":"xpath","value":"//td/div/div/div/span[contains(@id, \"newResourceUnit--RUTimeSegment-0-vhi\")][1]"}
COMMAND: GET /session/a0fa65e418457f6e1528b16bc1e26f2c/element/f.6300CB9FC90E916FB2ACF31257920715.d.5A8E8AFBFBE870809310F8DBDB22F5E2.e.2882/rect - {}
RESULT: {}
COMMAND: GET /session/a0fa65e418457f6e1528b16bc1e26f2c/window/rect - {}
RESULT: {}
COMMAND: POST /session/a0fa65e418457f6e1528b16bc1e26f2c/execute/sync - {"script":"<script> [92 bytes]","args":[]}
RESULT: {"script":"<script> [92 bytes]","args":[]}
COMMAND: POST /session/a0fa65e418457f6e1528b16bc1e26f2c/actions - {"actions":[{"id":"action7","type":"wheel","parameters":{},"actions":[{"type":"scroll","x":-1888,"y":-24,"deltaX":0,"deltaY":0,"duration":0,"origin":{"element-6066-11e4-a52e-4f735466cecf":"f.6300CB9FC90E916FB2ACF31257920715.d.5A8E8AFBFBE870809310F8DBDB22F5E2.e.2882"}}]}]}
COMMAND: GET /session/a0fa65e418457f6e1528b16bc1e26f2c/screenshot - {}
RESULT: {}
COMMAND: POST /session/a0fa65e418457f6e1528b16bc1e26f2c/execute/sync - {"script":"<script> [79 bytes]","args":[{"element-6066-11e4-a52e-4f735466cecf":"f.6300CB9FC90E916FB2ACF31257920715.d.5A8E8AFBFBE870809310F8DBDB22F5E2.e.2882","ELEMENT":"f.6300CB9FC90E916FB2ACF31257920715.d.5A8E8AFBFBE870809310F8DBDB22F5E2.e.2882"},{"block":"start","inline":"nearest"}]}
RESULT: {"script":"<script> [79 bytes]","args":[{"element-6066-11e4-a52e-4f735466cecf":"f.6300CB9FC90E916FB2ACF31257920715.d.5A8E8AFBFBE870809310F8DBDB22F5E2.e.2882","ELEMENT":"f.6300CB9FC90E916FB2ACF31257920715.d.5A8E8AFBFBE870809310F8DBDB22F5E2.e.2882"},{"block":"start","inline":"nearest"}]}
COMMAND: GET /session/a0fa65e418457f6e1528b16bc1e26f2c/screenshot - {}
RESULT: {}
COMMAND: POST /session/a0fa65e418457f6e1528b16bc1e26f2c/element/f.6300CB9FC90E916FB2ACF31257920715.d.5A8E8AFBFBE870809310F8DBDB22F5E2.e.2882/click - {}
RESULT: {}
COMMAND: GET /session/a0fa65e418457f6e1528b16bc1e26f2c/screenshot - {}
RESULT: {}
RESULT: undefined
COMMAND: POST /session/a0fa65e418457f6e1528b16bc1e26f2c/execute/async - {"script":"<script> [776 bytes]","args":[{"enterText":"4000360","selector":{"controlType":"sap.m.SearchField","properties":{"placeholder":"Search"},"searchOpenDialogs":true,"interaction":{"idSuffix":"I"}},"clearTextFirst":true,"interactionType":"ENTER_TEXT"}]}
RESULT: {"script":"<script> [776 bytes]","args":[{"enterText":"4000360","selector":{"controlType":"sap.m.SearchField","properties":{"placeholder":"Search"},"searchOpenDialogs":true,"interaction":{"idSuffix":"I"}},"clearTextFirst":true,"interactionType":"ENTER_TEXT"}]}
COMMAND: POST /session/a0fa65e418457f6e1528b16bc1e26f2c/actions - {"actions":[{"id":"action8","type":"key","parameters":{},"actions":[{"type":"keyDown","value":"î€‡"},{"type":"pause","duration":10},{"type":"keyUp","value":"î€‡"}]}]}
RESULT: {"actions":[{"id":"action8","type":"key","parameters":{},"actions":[{"type":"keyDown","value":"î€‡"},{"type":"pause","duration":10},{"type":"keyUp","value":"î€‡"}]}]}
COMMAND: GET /session/a0fa65e418457f6e1528b16bc1e26f2c/screenshot - {}
RESULT: {}
COMMAND: POST /session/a0fa65e418457f6e1528b16bc1e26f2c/element - {"using":"xpath","value":"//td/div/span[contains(text(), \"BGL Vehicles\")]"}
RESULT: {"using":"xpath","value":"//td/div/span[contains(text(), \"BGL Vehicles\")]"}
COMMAND: POST /session/a0fa65e418457f6e1528b16bc1e26f2c/element/f.6300CB9FC90E916FB2ACF31257920715.d.5A8E8AFBFBE870809310F8DBDB22F5E2.e.2901/click - {}
RESULT: {}
COMMAND: GET /session/a0fa65e418457f6e1528b16bc1e26f2c/screenshot - {}
RESULT: {}
COMMAND: POST /session/a0fa65e418457f6e1528b16bc1e26f2c/element - {"using":"xpath","value":"//bdi[contains(text(), \"OK\")]"}
RESULT: {"using":"xpath","value":"//bdi[contains(text(), \"OK\")]"}
COMMAND: POST /session/a0fa65e418457f6e1528b16bc1e26f2c/element/f.6300CB9FC90E916FB2ACF31257920715.d.5A8E8AFBFBE870809310F8DBDB22F5E2.e.2902/click - {}
RESULT: {}
COMMAND: GET /session/a0fa65e418457f6e1528b16bc1e26f2c/screenshot - {}
RESULT: {}
COMMAND: POST /session/a0fa65e418457f6e1528b16bc1e26f2c/element - {"using":"xpath","value":"//label[contains(@class, 'sapMLabelRequired') and .//bdi[contains(text(), 'Planned Retirement')]]"}
RESULT: {"using":"xpath","value":"//label[contains(@class, 'sapMLabelRequired') and .//bdi[contains(text(), 'Planned Retirement')]]"}
COMMAND: POST /session/a0fa65e418457f6e1528b16bc1e26f2c/elements - {"using":"xpath","value":"//label[contains(@class, 'sapMLabelRequired') and .//bdi[contains(text(), 'Planned Retirement')]]"}
RESULT: {"using":"xpath","value":"//label[contains(@class, 'sapMLabelRequired') and .//bdi[contains(text(), 'Planned Retirement')]]"}
COMMAND: POST /session/a0fa65e418457f6e1528b16bc1e26f2c/element - {"using":"xpath","value":"//button[@data-kt=\"resourceUnitSaveButton\"]"}
RESULT: {"using":"xpath","value":"//button[@data-kt=\"resourceUnitSaveButton\"]"}
COMMAND: POST /session/a0fa65e418457f6e1528b16bc1e26f2c/element/f.6300CB9FC90E916FB2ACF31257920715.d.5A8E8AFBFBE870809310F8DBDB22F5E2.e.2806/click - {}
RESULT: {}
COMMAND: GET /session/a0fa65e418457f6e1528b16bc1e26f2c/screenshot - {}
RESULT: {}
COMMAND: POST /session/a0fa65e418457f6e1528b16bc1e26f2c/element - {"using":"xpath","value":"//bdi[contains(text(), \"Close\")]"}
RESULT: {"using":"xpath","value":"//bdi[contains(text(), \"Close\")]"}
COMMAND: POST /session/a0fa65e418457f6e1528b16bc1e26f2c/element/f.6300CB9FC90E916FB2ACF31257920715.d.5A8E8AFBFBE870809310F8DBDB22F5E2.e.2908/click - {}
RESULT: {}
COMMAND: GET /session/a0fa65e418457f6e1528b16bc1e26f2c/screenshot - {}
RESULT: {}
COMMAND: POST /session/a0fa65e418457f6e1528b16bc1e26f2c/element - {"using":"xpath","value":"//header[contains(@id, 'detailRruPage-headerTitle')]/div[1]/div[2]/div[2]/span[1]"}
RESULT: {"using":"xpath","value":"//header[contains(@id, 'detailRruPage-headerTitle')]/div[1]/div[2]/div[2]/span[1]"}
COMMAND: POST /session/a0fa65e418457f6e1528b16bc1e26f2c/elements - {"using":"xpath","value":"//header[contains(@id, 'detailRruPage-headerTitle')]/div[1]/div[2]/div[2]/span[1]"}
RESULT: {"using":"xpath","value":"//header[contains(@id, 'detailRruPage-headerTitle')]/div[1]/div[2]/div[2]/span[1]"}
COMMAND: POST /session/a0fa65e418457f6e1528b16bc1e26f2c/execute/sync - {"script":"<script> [56 bytes]","args":[{"element-6066-11e4-a52e-4f735466cecf":"f.6300CB9FC90E916FB2ACF31257920715.d.5A8E8AFBFBE870809310F8DBDB22F5E2.e.2943","ELEMENT":"f.6300CB9FC90E916FB2ACF31257920715.d.5A8E8AFBFBE870809310F8DBDB22F5E2.e.2943"}]}
RESULT: {"script":"<script> [56 bytes]","args":[{"element-6066-11e4-a52e-4f735466cecf":"f.6300CB9FC90E916FB2ACF31257920715.d.5A8E8AFBFBE870809310F8DBDB22F5E2.e.2943","ELEMENT":"f.6300CB9FC90E916FB2ACF31257920715.d.5A8E8AFBFBE870809310F8DBDB22F5E2.e.2943"}]}
COMMAND: POST /session/a0fa65e418457f6e1528b16bc1e26f2c/element - {"using":"css selector","value":"#shell-header-logo"}
COMMAND: GET /session/a0fa65e418457f6e1528b16bc1e26f2c/screenshot - {}
RESULT: {"using":"css selector","value":"#shell-header-logo"}
COMMAND: POST /session/a0fa65e418457f6e1528b16bc1e26f2c/element/f.6300CB9FC90E916FB2ACF31257920715.d.5A8E8AFBFBE870809310F8DBDB22F5E2.e.2400/click - {}
RESULT: {}
RESULT: {}
COMMAND: GET /session/a0fa65e418457f6e1528b16bc1e26f2c/screenshot - {}
RESULT: {}
]]></system-out>
    </testcase>
    <testcase classname="chrome.136_0_7103_93.windows.Stock_increase_-_with_WHM_US125587" name="Bin Status Report Should Create New Organization yard" time="81.591">
      <system-out><![CDATA[
COMMAND: POST /session/a0fa65e418457f6e1528b16bc1e26f2c/execute/async - {"script":"<script> [1562 bytes]","args":[{"selector":{"controlType":"sap.m.GenericTile","properties":{"header":"Bin Status Report"}},"wdio_ui5_key":"sapm.GenericTile{\"header\":\"Bin Status Report\"}"}]}
RESULT: {"script":"<script> [1562 bytes]","args":[{"selector":{"controlType":"sap.m.GenericTile","properties":{"header":"Bin Status Report"}},"wdio_ui5_key":"sapm.GenericTile{\"header\":\"Bin Status Report\"}"}]}
RESULT: undefined
COMMAND: POST /session/a0fa65e418457f6e1528b16bc1e26f2c/element - {"using":"xpath","value":"//*[@id=\"__tile104\"]"}
RESULT: {"using":"xpath","value":"//*[@id=\"__tile104\"]"}
COMMAND: POST /session/a0fa65e418457f6e1528b16bc1e26f2c/element/f.6300CB9FC90E916FB2ACF31257920715.d.5A8E8AFBFBE870809310F8DBDB22F5E2.e.2945/click - {}
RESULT: {}
COMMAND: GET /session/a0fa65e418457f6e1528b16bc1e26f2c/screenshot - {}
RESULT: {}
COMMAND: POST /session/a0fa65e418457f6e1528b16bc1e26f2c/elements - {"using":"xpath","value":"//span[text()='Error']"}
RESULT: {"using":"xpath","value":"//span[text()='Error']"}
COMMAND: POST /session/a0fa65e418457f6e1528b16bc1e26f2c/element - {"using":"xpath","value":"//button[@id=\"application-binstatusreport-display-component---warehousing--createOrgBtn\"]"}
RESULT: {"using":"xpath","value":"//button[@id=\"application-binstatusreport-display-component---warehousing--createOrgBtn\"]"}
COMMAND: POST /session/a0fa65e418457f6e1528b16bc1e26f2c/elements - {"using":"xpath","value":"//button[@id=\"application-binstatusreport-display-component---warehousing--createOrgBtn\"]"}
RESULT: {"using":"xpath","value":"//button[@id=\"application-binstatusreport-display-component---warehousing--createOrgBtn\"]"}
COMMAND: POST /session/a0fa65e418457f6e1528b16bc1e26f2c/execute/sync - {"script":"<script> [8489 bytes]","args":[{"element-6066-11e4-a52e-4f735466cecf":"f.6300CB9FC90E916FB2ACF31257920715.d.5A8E8AFBFBE870809310F8DBDB22F5E2.e.2981","ELEMENT":"f.6300CB9FC90E916FB2ACF31257920715.d.5A8E8AFBFBE870809310F8DBDB22F5E2.e.2981"}]}
RESULT: {"script":"<script> [8489 bytes]","args":[{"element-6066-11e4-a52e-4f735466cecf":"f.6300CB9FC90E916FB2ACF31257920715.d.5A8E8AFBFBE870809310F8DBDB22F5E2.e.2981","ELEMENT":"f.6300CB9FC90E916FB2ACF31257920715.d.5A8E8AFBFBE870809310F8DBDB22F5E2.e.2981"}]}
COMMAND: GET /session/a0fa65e418457f6e1528b16bc1e26f2c/element/f.6300CB9FC90E916FB2ACF31257920715.d.5A8E8AFBFBE870809310F8DBDB22F5E2.e.2981/enabled - {}
COMMAND: GET /session/a0fa65e418457f6e1528b16bc1e26f2c/screenshot - {}
RESULT: {}
COMMAND: POST /session/a0fa65e418457f6e1528b16bc1e26f2c/execute/sync - {"script":"<script> [8489 bytes]","args":[{"element-6066-11e4-a52e-4f735466cecf":"f.6300CB9FC90E916FB2ACF31257920715.d.5A8E8AFBFBE870809310F8DBDB22F5E2.e.2981","ELEMENT":"f.6300CB9FC90E916FB2ACF31257920715.d.5A8E8AFBFBE870809310F8DBDB22F5E2.e.2981"}]}
COMMAND: GET /session/a0fa65e418457f6e1528b16bc1e26f2c/screenshot - {}
RESULT: {}
RESULT: {"script":"<script> [8489 bytes]","args":[{"element-6066-11e4-a52e-4f735466cecf":"f.6300CB9FC90E916FB2ACF31257920715.d.5A8E8AFBFBE870809310F8DBDB22F5E2.e.2981","ELEMENT":"f.6300CB9FC90E916FB2ACF31257920715.d.5A8E8AFBFBE870809310F8DBDB22F5E2.e.2981"}]}
COMMAND: POST /session/a0fa65e418457f6e1528b16bc1e26f2c/execute/sync - {"script":"<script> [5351 bytes]","args":[{"element-6066-11e4-a52e-4f735466cecf":"f.6300CB9FC90E916FB2ACF31257920715.d.5A8E8AFBFBE870809310F8DBDB22F5E2.e.2981","ELEMENT":"f.6300CB9FC90E916FB2ACF31257920715.d.5A8E8AFBFBE870809310F8DBDB22F5E2.e.2981"}]}
COMMAND: GET /session/a0fa65e418457f6e1528b16bc1e26f2c/screenshot - {}
RESULT: {}
RESULT: {"script":"<script> [5351 bytes]","args":[{"element-6066-11e4-a52e-4f735466cecf":"f.6300CB9FC90E916FB2ACF31257920715.d.5A8E8AFBFBE870809310F8DBDB22F5E2.e.2981","ELEMENT":"f.6300CB9FC90E916FB2ACF31257920715.d.5A8E8AFBFBE870809310F8DBDB22F5E2.e.2981"}]}
COMMAND: GET /session/a0fa65e418457f6e1528b16bc1e26f2c/screenshot - {}
RESULT: {}
RESULT: {}
COMMAND: POST /session/a0fa65e418457f6e1528b16bc1e26f2c/element/f.6300CB9FC90E916FB2ACF31257920715.d.5A8E8AFBFBE870809310F8DBDB22F5E2.e.2981/click - {}
RESULT: {}
COMMAND: GET /session/a0fa65e418457f6e1528b16bc1e26f2c/screenshot - {}
RESULT: {}
COMMAND: POST /session/a0fa65e418457f6e1528b16bc1e26f2c/execute/async - {"script":"<script> [1562 bytes]","args":[{"selector":{"id":"createOrganizationPop--sectionInput","searchOpenDialogs":true,"interaction":{"idSuffix":"inner"}},"wdio_ui5_key":"createOrganizationPopsectionInput"}]}
RESULT: {"script":"<script> [1562 bytes]","args":[{"selector":{"id":"createOrganizationPop--sectionInput","searchOpenDialogs":true,"interaction":{"idSuffix":"inner"}},"wdio_ui5_key":"createOrganizationPopsectionInput"}]}
RESULT: undefined
COMMAND: POST /session/a0fa65e418457f6e1528b16bc1e26f2c/execute/async - {"script":"<script> [776 bytes]","args":[{"enterText":"WDIO-495","selector":{"id":"createOrganizationPop--sectionInput","searchOpenDialogs":true,"interaction":{"idSuffix":"inner"}},"clearTextFirst":true,"interactionType":"ENTER_TEXT"}]}
RESULT: {"script":"<script> [776 bytes]","args":[{"enterText":"WDIO-495","selector":{"id":"createOrganizationPop--sectionInput","searchOpenDialogs":true,"interaction":{"idSuffix":"inner"}},"clearTextFirst":true,"interactionType":"ENTER_TEXT"}]}
COMMAND: POST /session/a0fa65e418457f6e1528b16bc1e26f2c/execute/async - {"script":"<script> [1562 bytes]","args":[{"selector":{"id":"createOrganizationPop--descriptionInput","searchOpenDialogs":true,"interaction":{"idSuffix":"inner"}},"wdio_ui5_key":"createOrganizationPopdescriptionInput"}]}
RESULT: {"script":"<script> [1562 bytes]","args":[{"selector":{"id":"createOrganizationPop--descriptionInput","searchOpenDialogs":true,"interaction":{"idSuffix":"inner"}},"wdio_ui5_key":"createOrganizationPopdescriptionInput"}]}
RESULT: undefined
COMMAND: POST /session/a0fa65e418457f6e1528b16bc1e26f2c/execute/async - {"script":"<script> [776 bytes]","args":[{"enterText":"Shipping-495","selector":{"id":"createOrganizationPop--descriptionInput","searchOpenDialogs":true,"interaction":{"idSuffix":"inner"}},"clearTextFirst":true,"interactionType":"ENTER_TEXT"}]}
RESULT: {"script":"<script> [776 bytes]","args":[{"enterText":"Shipping-495","selector":{"id":"createOrganizationPop--descriptionInput","searchOpenDialogs":true,"interaction":{"idSuffix":"inner"}},"clearTextFirst":true,"interactionType":"ENTER_TEXT"}]}
COMMAND: POST /session/a0fa65e418457f6e1528b16bc1e26f2c/element - {"using":"css selector","value":"#createOrganizationPop--yardOrg-inner"}
RESULT: {"using":"css selector","value":"#createOrganizationPop--yardOrg-inner"}
COMMAND: POST /session/a0fa65e418457f6e1528b16bc1e26f2c/element/f.6300CB9FC90E916FB2ACF31257920715.d.5A8E8AFBFBE870809310F8DBDB22F5E2.e.3036/clear - {}
RESULT: {}
COMMAND: POST /session/a0fa65e418457f6e1528b16bc1e26f2c/element/f.6300CB9FC90E916FB2ACF31257920715.d.5A8E8AFBFBE870809310F8DBDB22F5E2.e.3036/value - {"text":"495"}
COMMAND: GET /session/a0fa65e418457f6e1528b16bc1e26f2c/screenshot - {}
RESULT: {"text":"495"}
COMMAND: GET /session/a0fa65e418457f6e1528b16bc1e26f2c/screenshot - {}
RESULT: {}
RESULT: {}
COMMAND: POST /session/a0fa65e418457f6e1528b16bc1e26f2c/actions - {"actions":[{"id":"action9","type":"key","parameters":{},"actions":[{"type":"keyDown","value":"î€‡"},{"type":"pause","duration":10},{"type":"keyUp","value":"î€‡"}]}]}
RESULT: {"actions":[{"id":"action9","type":"key","parameters":{},"actions":[{"type":"keyDown","value":"î€‡"},{"type":"pause","duration":10},{"type":"keyUp","value":"î€‡"}]}]}
COMMAND: POST /session/a0fa65e418457f6e1528b16bc1e26f2c/execute/async - {"script":"<script> [1562 bytes]","args":[{"selector":{"id":"createOrganizationPop--grZone","searchOpenDialogs":true,"interaction":{"idSuffix":"CbBg"}},"wdio_ui5_key":"createOrganizationPopgrZone"}]}
COMMAND: GET /session/a0fa65e418457f6e1528b16bc1e26f2c/screenshot - {}
RESULT: {"script":"<script> [1562 bytes]","args":[{"selector":{"id":"createOrganizationPop--grZone","searchOpenDialogs":true,"interaction":{"idSuffix":"CbBg"}},"wdio_ui5_key":"createOrganizationPopgrZone"}]}
RESULT: undefined
COMMAND: POST /session/a0fa65e418457f6e1528b16bc1e26f2c/element - {"using":"xpath","value":"//*[@id=\"createOrganizationPop--grZone\"]"}
RESULT: {}
RESULT: {"using":"xpath","value":"//*[@id=\"createOrganizationPop--grZone\"]"}
COMMAND: POST /session/a0fa65e418457f6e1528b16bc1e26f2c/element/f.6300CB9FC90E916FB2ACF31257920715.d.5A8E8AFBFBE870809310F8DBDB22F5E2.e.3057/click - {}
RESULT: {}
COMMAND: GET /session/a0fa65e418457f6e1528b16bc1e26f2c/screenshot - {}
RESULT: {}
COMMAND: POST /session/a0fa65e418457f6e1528b16bc1e26f2c/execute/async - {"script":"<script> [1562 bytes]","args":[{"selector":{"id":"createOrganizationPop--giZone","searchOpenDialogs":true,"interaction":{"idSuffix":"CbBg"}},"wdio_ui5_key":"createOrganizationPopgiZone"}]}
RESULT: {"script":"<script> [1562 bytes]","args":[{"selector":{"id":"createOrganizationPop--giZone","searchOpenDialogs":true,"interaction":{"idSuffix":"CbBg"}},"wdio_ui5_key":"createOrganizationPopgiZone"}]}
RESULT: undefined
COMMAND: POST /session/a0fa65e418457f6e1528b16bc1e26f2c/element - {"using":"xpath","value":"//*[@id=\"createOrganizationPop--giZone\"]"}
RESULT: {"using":"xpath","value":"//*[@id=\"createOrganizationPop--giZone\"]"}
COMMAND: POST /session/a0fa65e418457f6e1528b16bc1e26f2c/element/f.6300CB9FC90E916FB2ACF31257920715.d.5A8E8AFBFBE870809310F8DBDB22F5E2.e.3059/click - {}
RESULT: {}
COMMAND: GET /session/a0fa65e418457f6e1528b16bc1e26f2c/screenshot - {}
RESULT: {}
COMMAND: POST /session/a0fa65e418457f6e1528b16bc1e26f2c/execute/async - {"script":"<script> [1562 bytes]","args":[{"selector":{"id":"createOrganizationPop--binNoInput","searchOpenDialogs":true,"interaction":{"idSuffix":"inner"}},"wdio_ui5_key":"createOrganizationPopbinNoInput"}]}
RESULT: {"script":"<script> [1562 bytes]","args":[{"selector":{"id":"createOrganizationPop--binNoInput","searchOpenDialogs":true,"interaction":{"idSuffix":"inner"}},"wdio_ui5_key":"createOrganizationPopbinNoInput"}]}
RESULT: undefined
COMMAND: POST /session/a0fa65e418457f6e1528b16bc1e26f2c/execute/async - {"script":"<script> [776 bytes]","args":[{"enterText":"Bin-Wd","selector":{"id":"createOrganizationPop--binNoInput","searchOpenDialogs":true,"interaction":{"idSuffix":"inner"}},"clearTextFirst":true,"interactionType":"ENTER_TEXT"}]}
RESULT: {"script":"<script> [776 bytes]","args":[{"enterText":"Bin-Wd","selector":{"id":"createOrganizationPop--binNoInput","searchOpenDialogs":true,"interaction":{"idSuffix":"inner"}},"clearTextFirst":true,"interactionType":"ENTER_TEXT"}]}
COMMAND: POST /session/a0fa65e418457f6e1528b16bc1e26f2c/execute/async - {"script":"<script> [1562 bytes]","args":[{"selector":{"id":"createOrganizationPop--descriptionId","searchOpenDialogs":true,"interaction":{"idSuffix":"inner"}},"wdio_ui5_key":"createOrganizationPopdescriptionId"}]}
RESULT: {"script":"<script> [1562 bytes]","args":[{"selector":{"id":"createOrganizationPop--descriptionId","searchOpenDialogs":true,"interaction":{"idSuffix":"inner"}},"wdio_ui5_key":"createOrganizationPopdescriptionId"}]}
RESULT: undefined
COMMAND: POST /session/a0fa65e418457f6e1528b16bc1e26f2c/execute/async - {"script":"<script> [776 bytes]","args":[{"enterText":"Shipping-Wd","selector":{"id":"createOrganizationPop--descriptionId","searchOpenDialogs":true,"interaction":{"idSuffix":"inner"}},"clearTextFirst":true,"interactionType":"ENTER_TEXT"}]}
RESULT: {"script":"<script> [776 bytes]","args":[{"enterText":"Shipping-Wd","selector":{"id":"createOrganizationPop--descriptionId","searchOpenDialogs":true,"interaction":{"idSuffix":"inner"}},"clearTextFirst":true,"interactionType":"ENTER_TEXT"}]}
COMMAND: POST /session/a0fa65e418457f6e1528b16bc1e26f2c/execute/async - {"script":"<script> [1562 bytes]","args":[{"selector":{"controlType":"sap.m.CheckBox","viewName":"etm.portal.ui.binstatusreport.view.MasterWareBins","viewId":"application-binstatusreport-display-component---warehousing","bindingPath":{"path":"","propertyPath":"/ZONE","modelName":"newBin"},"searchOpenDialogs":true,"interaction":{"idSuffix":"CbBg"}},"wdio_ui5_key":"etmportal.ui.binstatusreport.view.MasterWareBinssap.m.CheckBox{\"path\":\"\",\"propertyPath\":\"/ZONE\",\"modelName\":\"newBin\"}"}]}
RESULT: {"script":"<script> [1562 bytes]","args":[{"selector":{"controlType":"sap.m.CheckBox","viewName":"etm.portal.ui.binstatusreport.view.MasterWareBins","viewId":"application-binstatusreport-display-component---warehousing","bindingPath":{"path":"","propertyPath":"/ZONE","modelName":"newBin"},"searchOpenDialogs":true,"interaction":{"idSuffix":"CbBg"}},"wdio_ui5_key":"etmportal.ui.binstatusreport.view.MasterWareBinssap.m.CheckBox{\"path\":\"\",\"propertyPath\":\"/ZONE\",\"modelName\":\"newBin\"}"}]}
RESULT: undefined
COMMAND: POST /session/a0fa65e418457f6e1528b16bc1e26f2c/element - {"using":"xpath","value":"//*[@id=\"__box56\"]"}
RESULT: {"using":"xpath","value":"//*[@id=\"__box56\"]"}
COMMAND: POST /session/a0fa65e418457f6e1528b16bc1e26f2c/element/f.6300CB9FC90E916FB2ACF31257920715.d.5A8E8AFBFBE870809310F8DBDB22F5E2.e.3063/click - {}
RESULT: {}
COMMAND: GET /session/a0fa65e418457f6e1528b16bc1e26f2c/screenshot - {}
RESULT: {}
COMMAND: POST /session/a0fa65e418457f6e1528b16bc1e26f2c/execute/async - {"script":"<script> [1562 bytes]","args":[{"selector":{"id":"createOrganizationPop--binTypesCB","searchOpenDialogs":true,"interaction":{"idSuffix":"inner"}},"wdio_ui5_key":"createOrganizationPopbinTypesCB"}]}
RESULT: {"script":"<script> [1562 bytes]","args":[{"selector":{"id":"createOrganizationPop--binTypesCB","searchOpenDialogs":true,"interaction":{"idSuffix":"inner"}},"wdio_ui5_key":"createOrganizationPopbinTypesCB"}]}
RESULT: undefined
COMMAND: POST /session/a0fa65e418457f6e1528b16bc1e26f2c/execute/async - {"script":"<script> [776 bytes]","args":[{"enterText":"1 - General / No capacity check","selector":{"id":"createOrganizationPop--binTypesCB","searchOpenDialogs":true,"interaction":{"idSuffix":"inner"}},"clearTextFirst":true,"interactionType":"ENTER_TEXT"}]}
RESULT: {"script":"<script> [776 bytes]","args":[{"enterText":"1 - General / No capacity check","selector":{"id":"createOrganizationPop--binTypesCB","searchOpenDialogs":true,"interaction":{"idSuffix":"inner"}},"clearTextFirst":true,"interactionType":"ENTER_TEXT"}]}
COMMAND: POST /session/a0fa65e418457f6e1528b16bc1e26f2c/actions - {"actions":[{"id":"action10","type":"key","parameters":{},"actions":[{"type":"keyDown","value":"î€‡"},{"type":"pause","duration":10},{"type":"keyUp","value":"î€‡"}]}]}
RESULT: {"actions":[{"id":"action10","type":"key","parameters":{},"actions":[{"type":"keyDown","value":"î€‡"},{"type":"pause","duration":10},{"type":"keyUp","value":"î€‡"}]}]}
COMMAND: GET /session/a0fa65e418457f6e1528b16bc1e26f2c/screenshot - {}
RESULT: {}
COMMAND: POST /session/a0fa65e418457f6e1528b16bc1e26f2c/execute/async - {"script":"<script> [1562 bytes]","args":[{"selector":{"id":"createOrganizationPop--finishBtn","searchOpenDialogs":true,"interaction":{"idSuffix":"BDI-content"}},"wdio_ui5_key":"createOrganizationPopfinishBtn"}]}
RESULT: {"script":"<script> [1562 bytes]","args":[{"selector":{"id":"createOrganizationPop--finishBtn","searchOpenDialogs":true,"interaction":{"idSuffix":"BDI-content"}},"wdio_ui5_key":"createOrganizationPopfinishBtn"}]}
RESULT: undefined
COMMAND: POST /session/a0fa65e418457f6e1528b16bc1e26f2c/element - {"using":"xpath","value":"//*[@id=\"createOrganizationPop--finishBtn\"]"}
RESULT: {"using":"xpath","value":"//*[@id=\"createOrganizationPop--finishBtn\"]"}
COMMAND: POST /session/a0fa65e418457f6e1528b16bc1e26f2c/element/f.6300CB9FC90E916FB2ACF31257920715.d.5A8E8AFBFBE870809310F8DBDB22F5E2.e.3072/click - {}
RESULT: {}
COMMAND: GET /session/a0fa65e418457f6e1528b16bc1e26f2c/screenshot - {}
RESULT: {}
COMMAND: POST /session/a0fa65e418457f6e1528b16bc1e26f2c/element - {"using":"css selector","value":"#shell-header-logo"}
RESULT: {"using":"css selector","value":"#shell-header-logo"}
COMMAND: POST /session/a0fa65e418457f6e1528b16bc1e26f2c/element/f.6300CB9FC90E916FB2ACF31257920715.d.5A8E8AFBFBE870809310F8DBDB22F5E2.e.2952/click - {}
RESULT: {}
COMMAND: GET /session/a0fa65e418457f6e1528b16bc1e26f2c/screenshot - {}
RESULT: {}
]]></system-out>
    </testcase>
    <testcase classname="chrome.136_0_7103_93.windows.Stock_increase_-_with_WHM_US125587" name="Bin Status Report Should Create New Organization for Site" time="67.039">
      <system-out><![CDATA[
RESULT: undefined
COMMAND: POST /session/a0fa65e418457f6e1528b16bc1e26f2c/element - {"using":"xpath","value":"//*[@id=\"__tile104\"]"}
RESULT: {"using":"xpath","value":"//*[@id=\"__tile104\"]"}
COMMAND: POST /session/a0fa65e418457f6e1528b16bc1e26f2c/element/f.6300CB9FC90E916FB2ACF31257920715.d.5A8E8AFBFBE870809310F8DBDB22F5E2.e.2945/click - {}
RESULT: {}
COMMAND: GET /session/a0fa65e418457f6e1528b16bc1e26f2c/screenshot - {}
RESULT: {}
COMMAND: POST /session/a0fa65e418457f6e1528b16bc1e26f2c/elements - {"using":"xpath","value":"//span[text()='Error']"}
RESULT: {"using":"xpath","value":"//span[text()='Error']"}
COMMAND: POST /session/a0fa65e418457f6e1528b16bc1e26f2c/element - {"using":"xpath","value":"//button[@id=\"application-binstatusreport-display-component---warehousing--createOrgBtn\"]"}
RESULT: {"using":"xpath","value":"//button[@id=\"application-binstatusreport-display-component---warehousing--createOrgBtn\"]"}
COMMAND: POST /session/a0fa65e418457f6e1528b16bc1e26f2c/elements - {"using":"xpath","value":"//button[@id=\"application-binstatusreport-display-component---warehousing--createOrgBtn\"]"}
RESULT: {"using":"xpath","value":"//button[@id=\"application-binstatusreport-display-component---warehousing--createOrgBtn\"]"}
COMMAND: POST /session/a0fa65e418457f6e1528b16bc1e26f2c/execute/sync - {"script":"<script> [8489 bytes]","args":[{"element-6066-11e4-a52e-4f735466cecf":"f.6300CB9FC90E916FB2ACF31257920715.d.5A8E8AFBFBE870809310F8DBDB22F5E2.e.3117","ELEMENT":"f.6300CB9FC90E916FB2ACF31257920715.d.5A8E8AFBFBE870809310F8DBDB22F5E2.e.3117"}]}
RESULT: {"script":"<script> [8489 bytes]","args":[{"element-6066-11e4-a52e-4f735466cecf":"f.6300CB9FC90E916FB2ACF31257920715.d.5A8E8AFBFBE870809310F8DBDB22F5E2.e.3117","ELEMENT":"f.6300CB9FC90E916FB2ACF31257920715.d.5A8E8AFBFBE870809310F8DBDB22F5E2.e.3117"}]}
COMMAND: GET /session/a0fa65e418457f6e1528b16bc1e26f2c/element/f.6300CB9FC90E916FB2ACF31257920715.d.5A8E8AFBFBE870809310F8DBDB22F5E2.e.3117/enabled - {}
COMMAND: GET /session/a0fa65e418457f6e1528b16bc1e26f2c/screenshot - {}
RESULT: {}
COMMAND: POST /session/a0fa65e418457f6e1528b16bc1e26f2c/execute/sync - {"script":"<script> [8489 bytes]","args":[{"element-6066-11e4-a52e-4f735466cecf":"f.6300CB9FC90E916FB2ACF31257920715.d.5A8E8AFBFBE870809310F8DBDB22F5E2.e.3117","ELEMENT":"f.6300CB9FC90E916FB2ACF31257920715.d.5A8E8AFBFBE870809310F8DBDB22F5E2.e.3117"}]}
COMMAND: GET /session/a0fa65e418457f6e1528b16bc1e26f2c/screenshot - {}
RESULT: {}
RESULT: {"script":"<script> [8489 bytes]","args":[{"element-6066-11e4-a52e-4f735466cecf":"f.6300CB9FC90E916FB2ACF31257920715.d.5A8E8AFBFBE870809310F8DBDB22F5E2.e.3117","ELEMENT":"f.6300CB9FC90E916FB2ACF31257920715.d.5A8E8AFBFBE870809310F8DBDB22F5E2.e.3117"}]}
COMMAND: POST /session/a0fa65e418457f6e1528b16bc1e26f2c/execute/sync - {"script":"<script> [5351 bytes]","args":[{"element-6066-11e4-a52e-4f735466cecf":"f.6300CB9FC90E916FB2ACF31257920715.d.5A8E8AFBFBE870809310F8DBDB22F5E2.e.3117","ELEMENT":"f.6300CB9FC90E916FB2ACF31257920715.d.5A8E8AFBFBE870809310F8DBDB22F5E2.e.3117"}]}
COMMAND: GET /session/a0fa65e418457f6e1528b16bc1e26f2c/screenshot - {}
RESULT: {}
RESULT: {"script":"<script> [5351 bytes]","args":[{"element-6066-11e4-a52e-4f735466cecf":"f.6300CB9FC90E916FB2ACF31257920715.d.5A8E8AFBFBE870809310F8DBDB22F5E2.e.3117","ELEMENT":"f.6300CB9FC90E916FB2ACF31257920715.d.5A8E8AFBFBE870809310F8DBDB22F5E2.e.3117"}]}
COMMAND: GET /session/a0fa65e418457f6e1528b16bc1e26f2c/screenshot - {}
RESULT: {}
RESULT: {}
COMMAND: POST /session/a0fa65e418457f6e1528b16bc1e26f2c/element/f.6300CB9FC90E916FB2ACF31257920715.d.5A8E8AFBFBE870809310F8DBDB22F5E2.e.3117/click - {}
RESULT: {}
COMMAND: GET /session/a0fa65e418457f6e1528b16bc1e26f2c/screenshot - {}
RESULT: {}
RESULT: undefined
COMMAND: POST /session/a0fa65e418457f6e1528b16bc1e26f2c/execute/async - {"script":"<script> [776 bytes]","args":[{"enterText":"2237","selector":{"id":"createOrganizationPop--sectionInput","searchOpenDialogs":true,"interaction":{"idSuffix":"inner"}},"clearTextFirst":true,"interactionType":"ENTER_TEXT"}]}
RESULT: {"script":"<script> [776 bytes]","args":[{"enterText":"2237","selector":{"id":"createOrganizationPop--sectionInput","searchOpenDialogs":true,"interaction":{"idSuffix":"inner"}},"clearTextFirst":true,"interactionType":"ENTER_TEXT"}]}
RESULT: undefined
COMMAND: POST /session/a0fa65e418457f6e1528b16bc1e26f2c/execute/async - {"script":"<script> [776 bytes]","args":[{"enterText":"WDIO-2237","selector":{"id":"createOrganizationPop--descriptionInput","searchOpenDialogs":true,"interaction":{"idSuffix":"inner"}},"clearTextFirst":true,"interactionType":"ENTER_TEXT"}]}
RESULT: {"script":"<script> [776 bytes]","args":[{"enterText":"WDIO-2237","selector":{"id":"createOrganizationPop--descriptionInput","searchOpenDialogs":true,"interaction":{"idSuffix":"inner"}},"clearTextFirst":true,"interactionType":"ENTER_TEXT"}]}
COMMAND: POST /session/a0fa65e418457f6e1528b16bc1e26f2c/element - {"using":"css selector","value":"#createOrganizationPop--siteOrg-inner"}
RESULT: {"using":"css selector","value":"#createOrganizationPop--siteOrg-inner"}
COMMAND: POST /session/a0fa65e418457f6e1528b16bc1e26f2c/element/f.6300CB9FC90E916FB2ACF31257920715.d.5A8E8AFBFBE870809310F8DBDB22F5E2.e.3166/clear - {}
RESULT: {}
COMMAND: POST /session/a0fa65e418457f6e1528b16bc1e26f2c/element/f.6300CB9FC90E916FB2ACF31257920715.d.5A8E8AFBFBE870809310F8DBDB22F5E2.e.3166/value - {"text":"2237"}
COMMAND: GET /session/a0fa65e418457f6e1528b16bc1e26f2c/screenshot - {}
RESULT: {"text":"2237"}
COMMAND: GET /session/a0fa65e418457f6e1528b16bc1e26f2c/screenshot - {}
RESULT: {}
RESULT: {}
COMMAND: POST /session/a0fa65e418457f6e1528b16bc1e26f2c/actions - {"actions":[{"id":"action11","type":"key","parameters":{},"actions":[{"type":"keyDown","value":"î€‡"},{"type":"pause","duration":10},{"type":"keyUp","value":"î€‡"}]}]}
RESULT: {"actions":[{"id":"action11","type":"key","parameters":{},"actions":[{"type":"keyDown","value":"î€‡"},{"type":"pause","duration":10},{"type":"keyUp","value":"î€‡"}]}]}
RESULT: undefined
COMMAND: POST /session/a0fa65e418457f6e1528b16bc1e26f2c/element - {"using":"xpath","value":"//*[@id=\"createOrganizationPop--giZone\"]"}
COMMAND: GET /session/a0fa65e418457f6e1528b16bc1e26f2c/screenshot - {}
RESULT: {"using":"xpath","value":"//*[@id=\"createOrganizationPop--giZone\"]"}
COMMAND: POST /session/a0fa65e418457f6e1528b16bc1e26f2c/element/f.6300CB9FC90E916FB2ACF31257920715.d.5A8E8AFBFBE870809310F8DBDB22F5E2.e.3184/click - {}
RESULT: {}
RESULT: {}
COMMAND: GET /session/a0fa65e418457f6e1528b16bc1e26f2c/screenshot - {}
RESULT: {}
RESULT: undefined
COMMAND: POST /session/a0fa65e418457f6e1528b16bc1e26f2c/execute/async - {"script":"<script> [776 bytes]","args":[{"enterText":"WD-BIN","selector":{"id":"createOrganizationPop--binNoInput","searchOpenDialogs":true,"interaction":{"idSuffix":"inner"}},"clearTextFirst":true,"interactionType":"ENTER_TEXT"}]}
RESULT: {"script":"<script> [776 bytes]","args":[{"enterText":"WD-BIN","selector":{"id":"createOrganizationPop--binNoInput","searchOpenDialogs":true,"interaction":{"idSuffix":"inner"}},"clearTextFirst":true,"interactionType":"ENTER_TEXT"}]}
RESULT: undefined
COMMAND: POST /session/a0fa65e418457f6e1528b16bc1e26f2c/execute/async - {"script":"<script> [776 bytes]","args":[{"enterText":"WD-BIN","selector":{"id":"createOrganizationPop--descriptionId","searchOpenDialogs":true,"interaction":{"idSuffix":"inner"}},"clearTextFirst":true,"interactionType":"ENTER_TEXT"}]}
RESULT: {"script":"<script> [776 bytes]","args":[{"enterText":"WD-BIN","selector":{"id":"createOrganizationPop--descriptionId","searchOpenDialogs":true,"interaction":{"idSuffix":"inner"}},"clearTextFirst":true,"interactionType":"ENTER_TEXT"}]}
COMMAND: POST /session/a0fa65e418457f6e1528b16bc1e26f2c/execute/async - {"script":"<script> [1562 bytes]","args":[{"selector":{"controlType":"sap.m.CheckBox","viewName":"etm.portal.ui.binstatusreport.view.MasterWareBins","viewId":"application-binstatusreport-display-component---warehousing","bindingPath":{"propertyPath":"/ZONE","modelName":"newBin"},"searchOpenDialogs":true,"interaction":{"idSuffix":"CbBg"}},"wdio_ui5_key":"etmportal.ui.binstatusreport.view.MasterWareBinssap.m.CheckBox{\"propertyPath\":\"/ZONE\",\"modelName\":\"newBin\"}"}]}
RESULT: {"script":"<script> [1562 bytes]","args":[{"selector":{"controlType":"sap.m.CheckBox","viewName":"etm.portal.ui.binstatusreport.view.MasterWareBins","viewId":"application-binstatusreport-display-component---warehousing","bindingPath":{"propertyPath":"/ZONE","modelName":"newBin"},"searchOpenDialogs":true,"interaction":{"idSuffix":"CbBg"}},"wdio_ui5_key":"etmportal.ui.binstatusreport.view.MasterWareBinssap.m.CheckBox{\"propertyPath\":\"/ZONE\",\"modelName\":\"newBin\"}"}]}
RESULT: undefined
COMMAND: POST /session/a0fa65e418457f6e1528b16bc1e26f2c/element - {"using":"xpath","value":"//*[@id=\"__box68\"]"}
RESULT: {"using":"xpath","value":"//*[@id=\"__box68\"]"}
COMMAND: POST /session/a0fa65e418457f6e1528b16bc1e26f2c/element/f.6300CB9FC90E916FB2ACF31257920715.d.5A8E8AFBFBE870809310F8DBDB22F5E2.e.3186/click - {}
RESULT: {}
COMMAND: GET /session/a0fa65e418457f6e1528b16bc1e26f2c/screenshot - {}
RESULT: {}
RESULT: undefined
COMMAND: POST /session/a0fa65e418457f6e1528b16bc1e26f2c/execute/async - {"script":"<script> [776 bytes]","args":[{"enterText":"1 - General / No capacity check","selector":{"id":"createOrganizationPop--binTypesCB","searchOpenDialogs":true,"interaction":{"idSuffix":"inner"}},"clearTextFirst":true,"interactionType":"ENTER_TEXT"}]}
RESULT: {"script":"<script> [776 bytes]","args":[{"enterText":"1 - General / No capacity check","selector":{"id":"createOrganizationPop--binTypesCB","searchOpenDialogs":true,"interaction":{"idSuffix":"inner"}},"clearTextFirst":true,"interactionType":"ENTER_TEXT"}]}
COMMAND: POST /session/a0fa65e418457f6e1528b16bc1e26f2c/execute/async - {"script":"<script> [1562 bytes]","args":[{"selector":{"id":"createOrganizationPop--capacityId","searchOpenDialogs":true,"interaction":{"idSuffix":"inner"}},"wdio_ui5_key":"createOrganizationPopcapacityId"}]}
RESULT: {"script":"<script> [1562 bytes]","args":[{"selector":{"id":"createOrganizationPop--capacityId","searchOpenDialogs":true,"interaction":{"idSuffix":"inner"}},"wdio_ui5_key":"createOrganizationPopcapacityId"}]}
RESULT: undefined
COMMAND: POST /session/a0fa65e418457f6e1528b16bc1e26f2c/actions - {"actions":[{"id":"action12","type":"key","parameters":{},"actions":[{"type":"keyDown","value":"î€‡"},{"type":"pause","duration":10},{"type":"keyUp","value":"î€‡"}]}]}
RESULT: {"actions":[{"id":"action12","type":"key","parameters":{},"actions":[{"type":"keyDown","value":"î€‡"},{"type":"pause","duration":10},{"type":"keyUp","value":"î€‡"}]}]}
COMMAND: GET /session/a0fa65e418457f6e1528b16bc1e26f2c/screenshot - {}
RESULT: {}
RESULT: undefined
COMMAND: POST /session/a0fa65e418457f6e1528b16bc1e26f2c/element - {"using":"xpath","value":"//*[@id=\"createOrganizationPop--finishBtn\"]"}
RESULT: {"using":"xpath","value":"//*[@id=\"createOrganizationPop--finishBtn\"]"}
COMMAND: POST /session/a0fa65e418457f6e1528b16bc1e26f2c/element/f.6300CB9FC90E916FB2ACF31257920715.d.5A8E8AFBFBE870809310F8DBDB22F5E2.e.3187/click - {}
RESULT: {}
COMMAND: GET /session/a0fa65e418457f6e1528b16bc1e26f2c/screenshot - {}
RESULT: {}
COMMAND: POST /session/a0fa65e418457f6e1528b16bc1e26f2c/element - {"using":"css selector","value":"#shell-header-logo"}
RESULT: {"using":"css selector","value":"#shell-header-logo"}
COMMAND: POST /session/a0fa65e418457f6e1528b16bc1e26f2c/element/f.6300CB9FC90E916FB2ACF31257920715.d.5A8E8AFBFBE870809310F8DBDB22F5E2.e.3081/click - {}
RESULT: {}
COMMAND: GET /session/a0fa65e418457f6e1528b16bc1e26f2c/screenshot - {}
RESULT: {}
]]></system-out>
    </testcase>
    <testcase classname="chrome.136_0_7103_93.windows.Stock_increase_-_with_WHM_US125587" name="Create a Warehouse Movement for created yard" time="52.641">
      <system-out><![CDATA[
COMMAND: POST /session/a0fa65e418457f6e1528b16bc1e26f2c/execute/async - {"script":"<script> [1562 bytes]","args":[{"selector":{"controlType":"sap.m.GenericTile","properties":{"header":"Manage Warehouse Movements"}},"wdio_ui5_key":"sapm.GenericTile{\"header\":\"Manage Warehouse Movements\"}"}]}
RESULT: {"script":"<script> [1562 bytes]","args":[{"selector":{"controlType":"sap.m.GenericTile","properties":{"header":"Manage Warehouse Movements"}},"wdio_ui5_key":"sapm.GenericTile{\"header\":\"Manage Warehouse Movements\"}"}]}
RESULT: undefined
COMMAND: POST /session/a0fa65e418457f6e1528b16bc1e26f2c/element - {"using":"xpath","value":"//*[@id=\"__tile105\"]"}
RESULT: {"using":"xpath","value":"//*[@id=\"__tile105\"]"}
COMMAND: POST /session/a0fa65e418457f6e1528b16bc1e26f2c/element/f.6300CB9FC90E916FB2ACF31257920715.d.5A8E8AFBFBE870809310F8DBDB22F5E2.e.3197/click - {}
RESULT: {}
COMMAND: GET /session/a0fa65e418457f6e1528b16bc1e26f2c/screenshot - {}
RESULT: {}
COMMAND: POST /session/a0fa65e418457f6e1528b16bc1e26f2c/elements - {"using":"xpath","value":"//span[text()='Error']"}
RESULT: {"using":"xpath","value":"//span[text()='Error']"}
COMMAND: POST /session/a0fa65e418457f6e1528b16bc1e26f2c/element - {"using":"xpath","value":"//input[@id='application-warehousemovements-display-component---warehouseMovements--smartFilterBar-filterItemControl_BASIC-YARD-inner']"}
RESULT: {"using":"xpath","value":"//input[@id='application-warehousemovements-display-component---warehouseMovements--smartFilterBar-filterItemControl_BASIC-YARD-inner']"}
COMMAND: POST /session/a0fa65e418457f6e1528b16bc1e26f2c/elements - {"using":"xpath","value":"//input[@id='application-warehousemovements-display-component---warehouseMovements--smartFilterBar-filterItemControl_BASIC-YARD-inner']"}
RESULT: {"using":"xpath","value":"//input[@id='application-warehousemovements-display-component---warehouseMovements--smartFilterBar-filterItemControl_BASIC-YARD-inner']"}
COMMAND: POST /session/a0fa65e418457f6e1528b16bc1e26f2c/execute/sync - {"script":"<script> [8489 bytes]","args":[{"element-6066-11e4-a52e-4f735466cecf":"f.6300CB9FC90E916FB2ACF31257920715.d.5A8E8AFBFBE870809310F8DBDB22F5E2.e.3205","ELEMENT":"f.6300CB9FC90E916FB2ACF31257920715.d.5A8E8AFBFBE870809310F8DBDB22F5E2.e.3205"}]}
RESULT: {"script":"<script> [8489 bytes]","args":[{"element-6066-11e4-a52e-4f735466cecf":"f.6300CB9FC90E916FB2ACF31257920715.d.5A8E8AFBFBE870809310F8DBDB22F5E2.e.3205","ELEMENT":"f.6300CB9FC90E916FB2ACF31257920715.d.5A8E8AFBFBE870809310F8DBDB22F5E2.e.3205"}]}
COMMAND: GET /session/a0fa65e418457f6e1528b16bc1e26f2c/element/f.6300CB9FC90E916FB2ACF31257920715.d.5A8E8AFBFBE870809310F8DBDB22F5E2.e.3205/enabled - {}
COMMAND: GET /session/a0fa65e418457f6e1528b16bc1e26f2c/screenshot - {}
RESULT: {}
COMMAND: POST /session/a0fa65e418457f6e1528b16bc1e26f2c/execute/sync - {"script":"<script> [8489 bytes]","args":[{"element-6066-11e4-a52e-4f735466cecf":"f.6300CB9FC90E916FB2ACF31257920715.d.5A8E8AFBFBE870809310F8DBDB22F5E2.e.3205","ELEMENT":"f.6300CB9FC90E916FB2ACF31257920715.d.5A8E8AFBFBE870809310F8DBDB22F5E2.e.3205"}]}
COMMAND: GET /session/a0fa65e418457f6e1528b16bc1e26f2c/screenshot - {}
RESULT: {}
RESULT: {"script":"<script> [8489 bytes]","args":[{"element-6066-11e4-a52e-4f735466cecf":"f.6300CB9FC90E916FB2ACF31257920715.d.5A8E8AFBFBE870809310F8DBDB22F5E2.e.3205","ELEMENT":"f.6300CB9FC90E916FB2ACF31257920715.d.5A8E8AFBFBE870809310F8DBDB22F5E2.e.3205"}]}
COMMAND: POST /session/a0fa65e418457f6e1528b16bc1e26f2c/execute/sync - {"script":"<script> [5351 bytes]","args":[{"element-6066-11e4-a52e-4f735466cecf":"f.6300CB9FC90E916FB2ACF31257920715.d.5A8E8AFBFBE870809310F8DBDB22F5E2.e.3205","ELEMENT":"f.6300CB9FC90E916FB2ACF31257920715.d.5A8E8AFBFBE870809310F8DBDB22F5E2.e.3205"}]}
COMMAND: GET /session/a0fa65e418457f6e1528b16bc1e26f2c/screenshot - {}
RESULT: {}
RESULT: {"script":"<script> [5351 bytes]","args":[{"element-6066-11e4-a52e-4f735466cecf":"f.6300CB9FC90E916FB2ACF31257920715.d.5A8E8AFBFBE870809310F8DBDB22F5E2.e.3205","ELEMENT":"f.6300CB9FC90E916FB2ACF31257920715.d.5A8E8AFBFBE870809310F8DBDB22F5E2.e.3205"}]}
COMMAND: GET /session/a0fa65e418457f6e1528b16bc1e26f2c/screenshot - {}
RESULT: {}
RESULT: {}
COMMAND: POST /session/a0fa65e418457f6e1528b16bc1e26f2c/element/f.6300CB9FC90E916FB2ACF31257920715.d.5A8E8AFBFBE870809310F8DBDB22F5E2.e.3205/clear - {}
RESULT: {}
COMMAND: POST /session/a0fa65e418457f6e1528b16bc1e26f2c/element/f.6300CB9FC90E916FB2ACF31257920715.d.5A8E8AFBFBE870809310F8DBDB22F5E2.e.3205/value - {"text":"495"}
COMMAND: GET /session/a0fa65e418457f6e1528b16bc1e26f2c/screenshot - {}
RESULT: {"text":"495"}
COMMAND: POST /session/a0fa65e418457f6e1528b16bc1e26f2c/actions - {"actions":[{"id":"action13","type":"key","parameters":{},"actions":[{"type":"keyDown","value":"î€‡"},{"type":"pause","duration":10},{"type":"keyUp","value":"î€‡"}]}]}
COMMAND: GET /session/a0fa65e418457f6e1528b16bc1e26f2c/screenshot - {}
RESULT: {}
RESULT: {"actions":[{"id":"action13","type":"key","parameters":{},"actions":[{"type":"keyDown","value":"î€‡"},{"type":"pause","duration":10},{"type":"keyUp","value":"î€‡"}]}]}
COMMAND: GET /session/a0fa65e418457f6e1528b16bc1e26f2c/screenshot - {}
RESULT: {}
RESULT: {}
COMMAND: POST /session/a0fa65e418457f6e1528b16bc1e26f2c/element - {"using":"xpath","value":"//button[contains(@data-kt, \"MasterMovementAddOverflowToolbarButton\")]"}
RESULT: {"using":"xpath","value":"//button[contains(@data-kt, \"MasterMovementAddOverflowToolbarButton\")]"}
COMMAND: POST /session/a0fa65e418457f6e1528b16bc1e26f2c/element/f.6300CB9FC90E916FB2ACF31257920715.d.5A8E8AFBFBE870809310F8DBDB22F5E2.e.3245/click - {}
RESULT: {}
COMMAND: GET /session/a0fa65e418457f6e1528b16bc1e26f2c/screenshot - {}
RESULT: {}
COMMAND: POST /session/a0fa65e418457f6e1528b16bc1e26f2c/element - {"using":"xpath","value":"//*[@id=\"application-warehousemovements-display-component---addMovement--sectionsList-arrow\"]"}
RESULT: {"using":"xpath","value":"//*[@id=\"application-warehousemovements-display-component---addMovement--sectionsList-arrow\"]"}
COMMAND: POST /session/a0fa65e418457f6e1528b16bc1e26f2c/element/f.6300CB9FC90E916FB2ACF31257920715.d.5A8E8AFBFBE870809310F8DBDB22F5E2.e.3543/click - {}
RESULT: {}
COMMAND: POST /session/a0fa65e418457f6e1528b16bc1e26f2c/actions - {"actions":[{"id":"action14","type":"key","parameters":{},"actions":[{"type":"keyDown","value":"î€•"},{"type":"pause","duration":10},{"type":"keyUp","value":"î€•"}]}]}
COMMAND: GET /session/a0fa65e418457f6e1528b16bc1e26f2c/screenshot - {}
RESULT: {"actions":[{"id":"action14","type":"key","parameters":{},"actions":[{"type":"keyDown","value":"î€•"},{"type":"pause","duration":10},{"type":"keyUp","value":"î€•"}]}]}
COMMAND: GET /session/a0fa65e418457f6e1528b16bc1e26f2c/screenshot - {}
RESULT: {}
RESULT: {}
COMMAND: POST /session/a0fa65e418457f6e1528b16bc1e26f2c/actions - {"actions":[{"id":"action15","type":"key","parameters":{},"actions":[{"type":"keyDown","value":"î€‡"},{"type":"pause","duration":10},{"type":"keyUp","value":"î€‡"}]}]}
RESULT: {"actions":[{"id":"action15","type":"key","parameters":{},"actions":[{"type":"keyDown","value":"î€‡"},{"type":"pause","duration":10},{"type":"keyUp","value":"î€‡"}]}]}
COMMAND: GET /session/a0fa65e418457f6e1528b16bc1e26f2c/screenshot - {}
RESULT: {}
COMMAND: POST /session/a0fa65e418457f6e1528b16bc1e26f2c/element - {"using":"xpath","value":"//*[@id=\"application-warehousemovements-display-component---addMovement--saveMovementBtn-BDI-content\" and text()=\"Save\"]"}
RESULT: {"using":"xpath","value":"//*[@id=\"application-warehousemovements-display-component---addMovement--saveMovementBtn-BDI-content\" and text()=\"Save\"]"}
COMMAND: POST /session/a0fa65e418457f6e1528b16bc1e26f2c/element/f.6300CB9FC90E916FB2ACF31257920715.d.5A8E8AFBFBE870809310F8DBDB22F5E2.e.3546/click - {}
RESULT: {}
COMMAND: GET /session/a0fa65e418457f6e1528b16bc1e26f2c/screenshot - {}
RESULT: {}
COMMAND: POST /session/a0fa65e418457f6e1528b16bc1e26f2c/element - {"using":"css selector","value":"#shell-header-logo"}
RESULT: {"using":"css selector","value":"#shell-header-logo"}
COMMAND: POST /session/a0fa65e418457f6e1528b16bc1e26f2c/element/f.6300CB9FC90E916FB2ACF31257920715.d.5A8E8AFBFBE870809310F8DBDB22F5E2.e.3200/click - {}
RESULT: {}
COMMAND: GET /session/a0fa65e418457f6e1528b16bc1e26f2c/screenshot - {}
RESULT: {}
]]></system-out>
    </testcase>
  </testsuite>
  <testsuite timestamp="2025-05-17T16:30:26" time="145.887" tests="6" failures="0" errors="0" skipped="0">
    <properties>
      <property name="specId" value="0" />
      <property name="suiteName" value="Provide to Site w/ warehouse management w/ clarification US115878" />
      <property name="capabilities" value="chrome.136_0_7103_93.windows" />
      <property name="file" value="file:///D:/a/1/s/test/specs/HTR/provide-to-site-w-warehouse-w-clarification.spec.js" />
    </properties>
    <testcase classname="chrome.136_0_7103_93.windows.Provide_to_Site_w/_warehouse_management_w/_clarification_US115878" name="Should create a new WHM yard" time="0.014">
      <system-out><![CDATA[
COMMAND: POST /session/a0fa65e418457f6e1528b16bc1e26f2c/window/fullscreen - {}
RESULT: {}
]]></system-out>
    </testcase>
    <testcase classname="chrome.136_0_7103_93.windows.Provide_to_Site_w/_warehouse_management_w/_clarification_US115878" name="Should create a new external WHM partner" time="0.004" />
    <testcase classname="chrome.136_0_7103_93.windows.Provide_to_Site_w/_warehouse_management_w/_clarification_US115878" name="Should create a new WHM site" time="0.004" />
    <testcase classname="chrome.136_0_7103_93.windows.Provide_to_Site_w/_warehouse_management_w/_clarification_US115878" name="Should create a new material" time="126.696">
      <system-out><![CDATA[
COMMAND: POST /session/a0fa65e418457f6e1528b16bc1e26f2c/execute/async - {"script":"<script> [1562 bytes]","args":[{"selector":{"controlType":"sap.m.GenericTile","properties":{"header":"Manage Resources"}},"wdio_ui5_key":"sapm.GenericTile{\"header\":\"Manage Resources\"}"}]}
RESULT: {"script":"<script> [1562 bytes]","args":[{"selector":{"controlType":"sap.m.GenericTile","properties":{"header":"Manage Resources"}},"wdio_ui5_key":"sapm.GenericTile{\"header\":\"Manage Resources\"}"}]}
RESULT: undefined
COMMAND: POST /session/a0fa65e418457f6e1528b16bc1e26f2c/element - {"using":"xpath","value":"//*[@id=\"__tile31\"]"}
RESULT: {"using":"xpath","value":"//*[@id=\"__tile31\"]"}
COMMAND: POST /session/a0fa65e418457f6e1528b16bc1e26f2c/element/f.6300CB9FC90E916FB2ACF31257920715.d.DDD21A053AAB66B572F3B6A58C926C40.e.4069/click - {}
RESULT: {}
COMMAND: GET /session/a0fa65e418457f6e1528b16bc1e26f2c/screenshot - {}
RESULT: {}
COMMAND: POST /session/a0fa65e418457f6e1528b16bc1e26f2c/elements - {"using":"xpath","value":"//span[text()='Error']"}
RESULT: {"using":"xpath","value":"//span[text()='Error']"}
COMMAND: POST /session/a0fa65e418457f6e1528b16bc1e26f2c/element - {"using":"xpath","value":"//button[@data-kt=\"addNewRUOverflowToolbarButton\"]"}
RESULT: {"using":"xpath","value":"//button[@data-kt=\"addNewRUOverflowToolbarButton\"]"}
COMMAND: POST /session/a0fa65e418457f6e1528b16bc1e26f2c/elements - {"using":"xpath","value":"//button[@data-kt=\"addNewRUOverflowToolbarButton\"]"}
RESULT: {"using":"xpath","value":"//button[@data-kt=\"addNewRUOverflowToolbarButton\"]"}
COMMAND: POST /session/a0fa65e418457f6e1528b16bc1e26f2c/execute/sync - {"script":"<script> [8489 bytes]","args":[{"element-6066-11e4-a52e-4f735466cecf":"f.6300CB9FC90E916FB2ACF31257920715.d.DDD21A053AAB66B572F3B6A58C926C40.e.4199","ELEMENT":"f.6300CB9FC90E916FB2ACF31257920715.d.DDD21A053AAB66B572F3B6A58C926C40.e.4199"}]}
RESULT: {"script":"<script> [8489 bytes]","args":[{"element-6066-11e4-a52e-4f735466cecf":"f.6300CB9FC90E916FB2ACF31257920715.d.DDD21A053AAB66B572F3B6A58C926C40.e.4199","ELEMENT":"f.6300CB9FC90E916FB2ACF31257920715.d.DDD21A053AAB66B572F3B6A58C926C40.e.4199"}]}
COMMAND: GET /session/a0fa65e418457f6e1528b16bc1e26f2c/element/f.6300CB9FC90E916FB2ACF31257920715.d.DDD21A053AAB66B572F3B6A58C926C40.e.4199/enabled - {}
COMMAND: GET /session/a0fa65e418457f6e1528b16bc1e26f2c/screenshot - {}
RESULT: {}
COMMAND: POST /session/a0fa65e418457f6e1528b16bc1e26f2c/execute/sync - {"script":"<script> [8489 bytes]","args":[{"element-6066-11e4-a52e-4f735466cecf":"f.6300CB9FC90E916FB2ACF31257920715.d.DDD21A053AAB66B572F3B6A58C926C40.e.4199","ELEMENT":"f.6300CB9FC90E916FB2ACF31257920715.d.DDD21A053AAB66B572F3B6A58C926C40.e.4199"}]}
COMMAND: GET /session/a0fa65e418457f6e1528b16bc1e26f2c/screenshot - {}
RESULT: {}
RESULT: {"script":"<script> [8489 bytes]","args":[{"element-6066-11e4-a52e-4f735466cecf":"f.6300CB9FC90E916FB2ACF31257920715.d.DDD21A053AAB66B572F3B6A58C926C40.e.4199","ELEMENT":"f.6300CB9FC90E916FB2ACF31257920715.d.DDD21A053AAB66B572F3B6A58C926C40.e.4199"}]}
COMMAND: POST /session/a0fa65e418457f6e1528b16bc1e26f2c/execute/sync - {"script":"<script> [5351 bytes]","args":[{"element-6066-11e4-a52e-4f735466cecf":"f.6300CB9FC90E916FB2ACF31257920715.d.DDD21A053AAB66B572F3B6A58C926C40.e.4199","ELEMENT":"f.6300CB9FC90E916FB2ACF31257920715.d.DDD21A053AAB66B572F3B6A58C926C40.e.4199"}]}
COMMAND: GET /session/a0fa65e418457f6e1528b16bc1e26f2c/screenshot - {}
RESULT: {}
RESULT: {"script":"<script> [5351 bytes]","args":[{"element-6066-11e4-a52e-4f735466cecf":"f.6300CB9FC90E916FB2ACF31257920715.d.DDD21A053AAB66B572F3B6A58C926C40.e.4199","ELEMENT":"f.6300CB9FC90E916FB2ACF31257920715.d.DDD21A053AAB66B572F3B6A58C926C40.e.4199"}]}
COMMAND: POST /session/a0fa65e418457f6e1528b16bc1e26f2c/element/f.6300CB9FC90E916FB2ACF31257920715.d.DDD21A053AAB66B572F3B6A58C926C40.e.4199/click - {}
COMMAND: GET /session/a0fa65e418457f6e1528b16bc1e26f2c/screenshot - {}
RESULT: {}
RESULT: {}
COMMAND: GET /session/a0fa65e418457f6e1528b16bc1e26f2c/screenshot - {}
COMMAND: POST /session/a0fa65e418457f6e1528b16bc1e26f2c/execute/async - {"script":"<script> [1562 bytes]","args":[{"selector":{"id":"application-manageresources-display-component---newResourceUnit--TYPE-arrow"},"wdio_ui5_key":"applicationmanageresources-display-component---newResourceUnit--TYPE-arrow"}]}
RESULT: {}
RESULT: {}
RESULT: {"script":"<script> [1562 bytes]","args":[{"selector":{"id":"application-manageresources-display-component---newResourceUnit--TYPE-arrow"},"wdio_ui5_key":"applicationmanageresources-display-component---newResourceUnit--TYPE-arrow"}]}
RESULT: undefined
COMMAND: POST /session/a0fa65e418457f6e1528b16bc1e26f2c/element - {"using":"xpath","value":"//*[@id=\"application-manageresources-display-component---newResourceUnit--TYPE-arrow\"]"}
RESULT: {"using":"xpath","value":"//*[@id=\"application-manageresources-display-component---newResourceUnit--TYPE-arrow\"]"}
COMMAND: POST /session/a0fa65e418457f6e1528b16bc1e26f2c/element/f.6300CB9FC90E916FB2ACF31257920715.d.DDD21A053AAB66B572F3B6A58C926C40.e.4562/click - {}
RESULT: {}
COMMAND: POST /session/a0fa65e418457f6e1528b16bc1e26f2c/element - {"using":"xpath","value":"//input[@id=\"application-manageresources-display-component---newResourceUnit--TYPE-inner\"]"}
COMMAND: GET /session/a0fa65e418457f6e1528b16bc1e26f2c/screenshot - {}
RESULT: {"using":"xpath","value":"//input[@id=\"application-manageresources-display-component---newResourceUnit--TYPE-inner\"]"}
COMMAND: POST /session/a0fa65e418457f6e1528b16bc1e26f2c/element/f.6300CB9FC90E916FB2ACF31257920715.d.DDD21A053AAB66B572F3B6A58C926C40.e.4553/clear - {}
RESULT: {}
RESULT: {}
COMMAND: POST /session/a0fa65e418457f6e1528b16bc1e26f2c/element/f.6300CB9FC90E916FB2ACF31257920715.d.DDD21A053AAB66B572F3B6A58C926C40.e.4553/value - {"text":"Material"}
COMMAND: GET /session/a0fa65e418457f6e1528b16bc1e26f2c/screenshot - {}
RESULT: {"text":"Material"}
COMMAND: GET /session/a0fa65e418457f6e1528b16bc1e26f2c/screenshot - {}
RESULT: {}
RESULT: {}
COMMAND: POST /session/a0fa65e418457f6e1528b16bc1e26f2c/actions - {"actions":[{"id":"action17","type":"key","parameters":{},"actions":[{"type":"keyDown","value":"î€‡"},{"type":"pause","duration":10},{"type":"keyUp","value":"î€‡"}]}]}
RESULT: {"actions":[{"id":"action17","type":"key","parameters":{},"actions":[{"type":"keyDown","value":"î€‡"},{"type":"pause","duration":10},{"type":"keyUp","value":"î€‡"}]}]}
COMMAND: POST /session/a0fa65e418457f6e1528b16bc1e26f2c/execute/async - {"script":"<script> [1562 bytes]","args":[{"selector":{"id":"application-manageresources-display-component---newResourceUnit--SHORT_TEXT","interaction":{"idSuffix":"inner"}},"wdio_ui5_key":"applicationmanageresources-display-component---newResourceUnit--SHORT_TEXT"}]}
COMMAND: GET /session/a0fa65e418457f6e1528b16bc1e26f2c/screenshot - {}
RESULT: {"script":"<script> [1562 bytes]","args":[{"selector":{"id":"application-manageresources-display-component---newResourceUnit--SHORT_TEXT","interaction":{"idSuffix":"inner"}},"wdio_ui5_key":"applicationmanageresources-display-component---newResourceUnit--SHORT_TEXT"}]}
RESULT: undefined
COMMAND: POST /session/a0fa65e418457f6e1528b16bc1e26f2c/execute/async - {"script":"<script> [776 bytes]","args":[{"enterText":"Cement WDIO","selector":{"id":"application-manageresources-display-component---newResourceUnit--SHORT_TEXT","interaction":{"idSuffix":"inner"}},"clearTextFirst":true,"interactionType":"ENTER_TEXT"}]}
RESULT: {}
RESULT: {"script":"<script> [776 bytes]","args":[{"enterText":"Cement WDIO","selector":{"id":"application-manageresources-display-component---newResourceUnit--SHORT_TEXT","interaction":{"idSuffix":"inner"}},"clearTextFirst":true,"interactionType":"ENTER_TEXT"}]}
COMMAND: POST /session/a0fa65e418457f6e1528b16bc1e26f2c/execute/async - {"script":"<script> [1562 bytes]","args":[{"selector":{"id":"application-manageresources-display-component---newResourceUnit--BASE_UNIT_OF_MEASURE","interaction":{"idSuffix":"inner"}},"wdio_ui5_key":"applicationmanageresources-display-component---newResourceUnit--BASE_UNIT_OF_MEASURE"}]}
RESULT: {"script":"<script> [1562 bytes]","args":[{"selector":{"id":"application-manageresources-display-component---newResourceUnit--BASE_UNIT_OF_MEASURE","interaction":{"idSuffix":"inner"}},"wdio_ui5_key":"applicationmanageresources-display-component---newResourceUnit--BASE_UNIT_OF_MEASURE"}]}
RESULT: undefined
COMMAND: POST /session/a0fa65e418457f6e1528b16bc1e26f2c/execute/async - {"script":"<script> [776 bytes]","args":[{"enterText":"Piece","selector":{"id":"application-manageresources-display-component---newResourceUnit--BASE_UNIT_OF_MEASURE","interaction":{"idSuffix":"inner"}},"clearTextFirst":true,"interactionType":"ENTER_TEXT"}]}
RESULT: {"script":"<script> [776 bytes]","args":[{"enterText":"Piece","selector":{"id":"application-manageresources-display-component---newResourceUnit--BASE_UNIT_OF_MEASURE","interaction":{"idSuffix":"inner"}},"clearTextFirst":true,"interactionType":"ENTER_TEXT"}]}
COMMAND: POST /session/a0fa65e418457f6e1528b16bc1e26f2c/execute/async - {"script":"<script> [1562 bytes]","args":[{"selector":{"id":"application-manageresources-display-component---newResourceUnit--WEIGHT_UNIT","interaction":{"idSuffix":"inner"}},"wdio_ui5_key":"applicationmanageresources-display-component---newResourceUnit--WEIGHT_UNIT"}]}
RESULT: {"script":"<script> [1562 bytes]","args":[{"selector":{"id":"application-manageresources-display-component---newResourceUnit--WEIGHT_UNIT","interaction":{"idSuffix":"inner"}},"wdio_ui5_key":"applicationmanageresources-display-component---newResourceUnit--WEIGHT_UNIT"}]}
RESULT: undefined
COMMAND: POST /session/a0fa65e418457f6e1528b16bc1e26f2c/execute/async - {"script":"<script> [776 bytes]","args":[{"enterText":"Gram","selector":{"id":"application-manageresources-display-component---newResourceUnit--WEIGHT_UNIT","interaction":{"idSuffix":"inner"}},"clearTextFirst":true,"interactionType":"ENTER_TEXT"}]}
RESULT: {"script":"<script> [776 bytes]","args":[{"enterText":"Gram","selector":{"id":"application-manageresources-display-component---newResourceUnit--WEIGHT_UNIT","interaction":{"idSuffix":"inner"}},"clearTextFirst":true,"interactionType":"ENTER_TEXT"}]}
COMMAND: POST /session/a0fa65e418457f6e1528b16bc1e26f2c/execute/async - {"script":"<script> [1562 bytes]","args":[{"selector":{"id":"application-manageresources-display-component---newResourceUnit--DIMENSION_UNIT","interaction":{"idSuffix":"inner"}},"wdio_ui5_key":"applicationmanageresources-display-component---newResourceUnit--DIMENSION_UNIT"}]}
RESULT: {"script":"<script> [1562 bytes]","args":[{"selector":{"id":"application-manageresources-display-component---newResourceUnit--DIMENSION_UNIT","interaction":{"idSuffix":"inner"}},"wdio_ui5_key":"applicationmanageresources-display-component---newResourceUnit--DIMENSION_UNIT"}]}
RESULT: undefined
COMMAND: POST /session/a0fa65e418457f6e1528b16bc1e26f2c/execute/async - {"script":"<script> [776 bytes]","args":[{"enterText":"Meter","selector":{"id":"application-manageresources-display-component---newResourceUnit--DIMENSION_UNIT","interaction":{"idSuffix":"inner"}},"clearTextFirst":true,"interactionType":"ENTER_TEXT"}]}
RESULT: {"script":"<script> [776 bytes]","args":[{"enterText":"Meter","selector":{"id":"application-manageresources-display-component---newResourceUnit--DIMENSION_UNIT","interaction":{"idSuffix":"inner"}},"clearTextFirst":true,"interactionType":"ENTER_TEXT"}]}
COMMAND: POST /session/a0fa65e418457f6e1528b16bc1e26f2c/execute/async - {"script":"<script> [1562 bytes]","args":[{"selector":{"id":"application-manageresources-display-component---newResourceUnit--newRRUPage-anchBar-application-manageresources-display-component---newResourceUnit--control-anchor","interaction":{"idSuffix":"BDI-content"}},"wdio_ui5_key":"applicationmanageresources-display-component---newResourceUnit--newRRUPage-anchBar-application-manageresources-display-component---newResourceUnit--control-anchor"}]}
RESULT: {"script":"<script> [1562 bytes]","args":[{"selector":{"id":"application-manageresources-display-component---newResourceUnit--newRRUPage-anchBar-application-manageresources-display-component---newResourceUnit--control-anchor","interaction":{"idSuffix":"BDI-content"}},"wdio_ui5_key":"applicationmanageresources-display-component---newResourceUnit--newRRUPage-anchBar-application-manageresources-display-component---newResourceUnit--control-anchor"}]}
RESULT: undefined
COMMAND: POST /session/a0fa65e418457f6e1528b16bc1e26f2c/element - {"using":"xpath","value":"//*[@id=\"application-manageresources-display-component---newResourceUnit--newRRUPage-anchBar-application-manageresources-display-component---newResourceUnit--control-anchor\"]"}
RESULT: {"using":"xpath","value":"//*[@id=\"application-manageresources-display-component---newResourceUnit--newRRUPage-anchBar-application-manageresources-display-component---newResourceUnit--control-anchor\"]"}
COMMAND: POST /session/a0fa65e418457f6e1528b16bc1e26f2c/element/f.6300CB9FC90E916FB2ACF31257920715.d.DDD21A053AAB66B572F3B6A58C926C40.e.4629/click - {}
RESULT: {}
COMMAND: POST /session/a0fa65e418457f6e1528b16bc1e26f2c/execute/async - {"script":"<script> [1562 bytes]","args":[{"selector":{"id":"application-manageresources-display-component---newResourceUnit--PLANNING_GROUP","interaction":{"idSuffix":"inner"}},"wdio_ui5_key":"applicationmanageresources-display-component---newResourceUnit--PLANNING_GROUP"}]}
COMMAND: GET /session/a0fa65e418457f6e1528b16bc1e26f2c/screenshot - {}
RESULT: {"script":"<script> [1562 bytes]","args":[{"selector":{"id":"application-manageresources-display-component---newResourceUnit--PLANNING_GROUP","interaction":{"idSuffix":"inner"}},"wdio_ui5_key":"applicationmanageresources-display-component---newResourceUnit--PLANNING_GROUP"}]}
RESULT: undefined
COMMAND: POST /session/a0fa65e418457f6e1528b16bc1e26f2c/execute/async - {"script":"<script> [776 bytes]","args":[{"enterText":"Material","selector":{"id":"application-manageresources-display-component---newResourceUnit--PLANNING_GROUP","interaction":{"idSuffix":"inner"}},"clearTextFirst":true,"interactionType":"ENTER_TEXT"}]}
RESULT: {}
RESULT: {"script":"<script> [776 bytes]","args":[{"enterText":"Material","selector":{"id":"application-manageresources-display-component---newResourceUnit--PLANNING_GROUP","interaction":{"idSuffix":"inner"}},"clearTextFirst":true,"interactionType":"ENTER_TEXT"}]}
COMMAND: POST /session/a0fa65e418457f6e1528b16bc1e26f2c/execute/async - {"script":"<script> [1562 bytes]","args":[{"selector":{"id":"application-manageresources-display-component---newResourceUnit--PLANNING_INDICATOR","interaction":{"idSuffix":"inner"}},"wdio_ui5_key":"applicationmanageresources-display-component---newResourceUnit--PLANNING_INDICATOR"}]}
RESULT: {"script":"<script> [1562 bytes]","args":[{"selector":{"id":"application-manageresources-display-component---newResourceUnit--PLANNING_INDICATOR","interaction":{"idSuffix":"inner"}},"wdio_ui5_key":"applicationmanageresources-display-component---newResourceUnit--PLANNING_INDICATOR"}]}
RESULT: undefined
COMMAND: POST /session/a0fa65e418457f6e1528b16bc1e26f2c/execute/async - {"script":"<script> [776 bytes]","args":[{"enterText":"10 - infinite","selector":{"id":"application-manageresources-display-component---newResourceUnit--PLANNING_INDICATOR","interaction":{"idSuffix":"inner"}},"clearTextFirst":true,"interactionType":"ENTER_TEXT"}]}
RESULT: {"script":"<script> [776 bytes]","args":[{"enterText":"10 - infinite","selector":{"id":"application-manageresources-display-component---newResourceUnit--PLANNING_INDICATOR","interaction":{"idSuffix":"inner"}},"clearTextFirst":true,"interactionType":"ENTER_TEXT"}]}
COMMAND: POST /session/a0fa65e418457f6e1528b16bc1e26f2c/element - {"using":"css selector","value":"#application-manageresources-display-component---newResourceUnit--btnAddTimeSegment"}
RESULT: {"using":"css selector","value":"#application-manageresources-display-component---newResourceUnit--btnAddTimeSegment"}
COMMAND: GET /session/a0fa65e418457f6e1528b16bc1e26f2c/element/f.6300CB9FC90E916FB2ACF31257920715.d.DDD21A053AAB66B572F3B6A58C926C40.e.4637/rect - {}
RESULT: {}
COMMAND: GET /session/a0fa65e418457f6e1528b16bc1e26f2c/window/rect - {}
RESULT: {}
COMMAND: POST /session/a0fa65e418457f6e1528b16bc1e26f2c/execute/sync - {"script":"<script> [92 bytes]","args":[]}
RESULT: {"script":"<script> [92 bytes]","args":[]}
COMMAND: POST /session/a0fa65e418457f6e1528b16bc1e26f2c/actions - {"actions":[{"id":"action18","type":"wheel","parameters":{},"actions":[{"type":"scroll","x":-1888,"y":-32,"deltaX":0,"deltaY":0,"duration":0,"origin":{"element-6066-11e4-a52e-4f735466cecf":"f.6300CB9FC90E916FB2ACF31257920715.d.DDD21A053AAB66B572F3B6A58C926C40.e.4637"}}]}]}
COMMAND: GET /session/a0fa65e418457f6e1528b16bc1e26f2c/screenshot - {}
RESULT: {}
COMMAND: POST /session/a0fa65e418457f6e1528b16bc1e26f2c/execute/sync - {"script":"<script> [79 bytes]","args":[{"element-6066-11e4-a52e-4f735466cecf":"f.6300CB9FC90E916FB2ACF31257920715.d.DDD21A053AAB66B572F3B6A58C926C40.e.4637","ELEMENT":"f.6300CB9FC90E916FB2ACF31257920715.d.DDD21A053AAB66B572F3B6A58C926C40.e.4637"},{"block":"start","inline":"nearest"}]}
RESULT: {"script":"<script> [79 bytes]","args":[{"element-6066-11e4-a52e-4f735466cecf":"f.6300CB9FC90E916FB2ACF31257920715.d.DDD21A053AAB66B572F3B6A58C926C40.e.4637","ELEMENT":"f.6300CB9FC90E916FB2ACF31257920715.d.DDD21A053AAB66B572F3B6A58C926C40.e.4637"},{"block":"start","inline":"nearest"}]}
COMMAND: POST /session/a0fa65e418457f6e1528b16bc1e26f2c/execute/async - {"script":"<script> [1562 bytes]","args":[{"selector":{"id":"application-manageresources-display-component---newResourceUnit--btnAddTimeSegment","interaction":{"idSuffix":"inner"}},"wdio_ui5_key":"applicationmanageresources-display-component---newResourceUnit--btnAddTimeSegment"}]}
COMMAND: GET /session/a0fa65e418457f6e1528b16bc1e26f2c/screenshot - {}
RESULT: {"script":"<script> [1562 bytes]","args":[{"selector":{"id":"application-manageresources-display-component---newResourceUnit--btnAddTimeSegment","interaction":{"idSuffix":"inner"}},"wdio_ui5_key":"applicationmanageresources-display-component---newResourceUnit--btnAddTimeSegment"}]}
RESULT: undefined
COMMAND: POST /session/a0fa65e418457f6e1528b16bc1e26f2c/element - {"using":"xpath","value":"//*[@id=\"application-manageresources-display-component---newResourceUnit--btnAddTimeSegment\"]"}
RESULT: {}
RESULT: {"using":"xpath","value":"//*[@id=\"application-manageresources-display-component---newResourceUnit--btnAddTimeSegment\"]"}
COMMAND: POST /session/a0fa65e418457f6e1528b16bc1e26f2c/element/f.6300CB9FC90E916FB2ACF31257920715.d.DDD21A053AAB66B572F3B6A58C926C40.e.4637/click - {}
RESULT: {}
COMMAND: GET /session/a0fa65e418457f6e1528b16bc1e26f2c/screenshot - {}
RESULT: {}
COMMAND: POST /session/a0fa65e418457f6e1528b16bc1e26f2c/element - {"using":"xpath","value":"//input[@id=\"application-manageresources-display-component---newResourceUnit--idRuTSAdmin-application-manageresources-display-component---newResourceUnit--RUTimeSegment-0-inner\"]"}
RESULT: {"using":"xpath","value":"//input[@id=\"application-manageresources-display-component---newResourceUnit--idRuTSAdmin-application-manageresources-display-component---newResourceUnit--RUTimeSegment-0-inner\"]"}
COMMAND: POST /session/a0fa65e418457f6e1528b16bc1e26f2c/element/f.6300CB9FC90E916FB2ACF31257920715.d.DDD21A053AAB66B572F3B6A58C926C40.e.4642/clear - {}
RESULT: {}
COMMAND: POST /session/a0fa65e418457f6e1528b16bc1e26f2c/element/f.6300CB9FC90E916FB2ACF31257920715.d.DDD21A053AAB66B572F3B6A58C926C40.e.4642/value - {"text":"495"}
COMMAND: GET /session/a0fa65e418457f6e1528b16bc1e26f2c/screenshot - {}
RESULT: {"text":"495"}
COMMAND: GET /session/a0fa65e418457f6e1528b16bc1e26f2c/screenshot - {}
RESULT: {}
RESULT: {}
COMMAND: POST /session/a0fa65e418457f6e1528b16bc1e26f2c/element - {"using":"xpath","value":"//li[.//span[text()='495']]"}
RESULT: {"using":"xpath","value":"//li[.//span[text()='495']]"}
COMMAND: POST /session/a0fa65e418457f6e1528b16bc1e26f2c/element/f.6300CB9FC90E916FB2ACF31257920715.d.DDD21A053AAB66B572F3B6A58C926C40.e.4651/click - {}
RESULT: {}
COMMAND: GET /session/a0fa65e418457f6e1528b16bc1e26f2c/screenshot - {}
RESULT: {}
COMMAND: POST /session/a0fa65e418457f6e1528b16bc1e26f2c/element - {"using":"xpath","value":"(//span[contains(@id, \"-application-manageresources-display-component---newResourceUnit--RUTimeSegment-0-arrow\")])[2]"}
RESULT: {"using":"xpath","value":"(//span[contains(@id, \"-application-manageresources-display-component---newResourceUnit--RUTimeSegment-0-arrow\")])[2]"}
COMMAND: POST /session/a0fa65e418457f6e1528b16bc1e26f2c/element/f.6300CB9FC90E916FB2ACF31257920715.d.DDD21A053AAB66B572F3B6A58C926C40.e.4652/click - {}
RESULT: {}
COMMAND: POST /session/a0fa65e418457f6e1528b16bc1e26f2c/element - {"using":"xpath","value":"//span[contains(text(), \"PM Order\")]"}
COMMAND: GET /session/a0fa65e418457f6e1528b16bc1e26f2c/screenshot - {}
RESULT: {"using":"xpath","value":"//span[contains(text(), \"PM Order\")]"}
COMMAND: POST /session/a0fa65e418457f6e1528b16bc1e26f2c/element/f.6300CB9FC90E916FB2ACF31257920715.d.DDD21A053AAB66B572F3B6A58C926C40.e.4653/click - {}
RESULT: {}
RESULT: {}
COMMAND: GET /session/a0fa65e418457f6e1528b16bc1e26f2c/screenshot - {}
RESULT: {}
COMMAND: POST /session/a0fa65e418457f6e1528b16bc1e26f2c/element - {"using":"xpath","value":"//td/div/div/div/span[contains(@id, \"newResourceUnit--RUTimeSegment-0-vhi\")][1]"}
RESULT: {"using":"xpath","value":"//td/div/div/div/span[contains(@id, \"newResourceUnit--RUTimeSegment-0-vhi\")][1]"}
COMMAND: GET /session/a0fa65e418457f6e1528b16bc1e26f2c/element/f.6300CB9FC90E916FB2ACF31257920715.d.DDD21A053AAB66B572F3B6A58C926C40.e.4657/rect - {}
RESULT: {}
COMMAND: GET /session/a0fa65e418457f6e1528b16bc1e26f2c/window/rect - {}
RESULT: {}
COMMAND: POST /session/a0fa65e418457f6e1528b16bc1e26f2c/execute/sync - {"script":"<script> [92 bytes]","args":[]}
RESULT: {"script":"<script> [92 bytes]","args":[]}
COMMAND: POST /session/a0fa65e418457f6e1528b16bc1e26f2c/actions - {"actions":[{"id":"action19","type":"wheel","parameters":{},"actions":[{"type":"scroll","x":-1888,"y":-24,"deltaX":0,"deltaY":0,"duration":0,"origin":{"element-6066-11e4-a52e-4f735466cecf":"f.6300CB9FC90E916FB2ACF31257920715.d.DDD21A053AAB66B572F3B6A58C926C40.e.4657"}}]}]}
COMMAND: GET /session/a0fa65e418457f6e1528b16bc1e26f2c/screenshot - {}
RESULT: {}
COMMAND: POST /session/a0fa65e418457f6e1528b16bc1e26f2c/execute/sync - {"script":"<script> [79 bytes]","args":[{"element-6066-11e4-a52e-4f735466cecf":"f.6300CB9FC90E916FB2ACF31257920715.d.DDD21A053AAB66B572F3B6A58C926C40.e.4657","ELEMENT":"f.6300CB9FC90E916FB2ACF31257920715.d.DDD21A053AAB66B572F3B6A58C926C40.e.4657"},{"block":"start","inline":"nearest"}]}
RESULT: {"script":"<script> [79 bytes]","args":[{"element-6066-11e4-a52e-4f735466cecf":"f.6300CB9FC90E916FB2ACF31257920715.d.DDD21A053AAB66B572F3B6A58C926C40.e.4657","ELEMENT":"f.6300CB9FC90E916FB2ACF31257920715.d.DDD21A053AAB66B572F3B6A58C926C40.e.4657"},{"block":"start","inline":"nearest"}]}
COMMAND: GET /session/a0fa65e418457f6e1528b16bc1e26f2c/screenshot - {}
RESULT: {}
COMMAND: POST /session/a0fa65e418457f6e1528b16bc1e26f2c/element/f.6300CB9FC90E916FB2ACF31257920715.d.DDD21A053AAB66B572F3B6A58C926C40.e.4657/click - {}
RESULT: {}
COMMAND: GET /session/a0fa65e418457f6e1528b16bc1e26f2c/screenshot - {}
RESULT: {}
COMMAND: POST /session/a0fa65e418457f6e1528b16bc1e26f2c/execute/async - {"script":"<script> [1562 bytes]","args":[{"selector":{"controlType":"sap.m.SearchField","properties":{"placeholder":"Search"},"searchOpenDialogs":true,"interaction":{"idSuffix":"I"}},"wdio_ui5_key":"sapm.SearchField{\"placeholder\":\"Search\"}"}]}
RESULT: {"script":"<script> [1562 bytes]","args":[{"selector":{"controlType":"sap.m.SearchField","properties":{"placeholder":"Search"},"searchOpenDialogs":true,"interaction":{"idSuffix":"I"}},"wdio_ui5_key":"sapm.SearchField{\"placeholder\":\"Search\"}"}]}
RESULT: undefined
COMMAND: POST /session/a0fa65e418457f6e1528b16bc1e26f2c/execute/async - {"script":"<script> [776 bytes]","args":[{"enterText":"4000360","selector":{"controlType":"sap.m.SearchField","properties":{"placeholder":"Search"},"searchOpenDialogs":true,"interaction":{"idSuffix":"I"}},"clearTextFirst":true,"interactionType":"ENTER_TEXT"}]}
RESULT: {"script":"<script> [776 bytes]","args":[{"enterText":"4000360","selector":{"controlType":"sap.m.SearchField","properties":{"placeholder":"Search"},"searchOpenDialogs":true,"interaction":{"idSuffix":"I"}},"clearTextFirst":true,"interactionType":"ENTER_TEXT"}]}
COMMAND: POST /session/a0fa65e418457f6e1528b16bc1e26f2c/actions - {"actions":[{"id":"action20","type":"key","parameters":{},"actions":[{"type":"keyDown","value":"î€‡"},{"type":"pause","duration":10},{"type":"keyUp","value":"î€‡"}]}]}
RESULT: {"actions":[{"id":"action20","type":"key","parameters":{},"actions":[{"type":"keyDown","value":"î€‡"},{"type":"pause","duration":10},{"type":"keyUp","value":"î€‡"}]}]}
COMMAND: GET /session/a0fa65e418457f6e1528b16bc1e26f2c/screenshot - {}
RESULT: {}
COMMAND: POST /session/a0fa65e418457f6e1528b16bc1e26f2c/element - {"using":"xpath","value":"//td/div/span[contains(text(), \"BGL Vehicles\")]"}
RESULT: {"using":"xpath","value":"//td/div/span[contains(text(), \"BGL Vehicles\")]"}
COMMAND: POST /session/a0fa65e418457f6e1528b16bc1e26f2c/element/f.6300CB9FC90E916FB2ACF31257920715.d.DDD21A053AAB66B572F3B6A58C926C40.e.4678/click - {}
RESULT: {}
COMMAND: GET /session/a0fa65e418457f6e1528b16bc1e26f2c/screenshot - {}
RESULT: {}
COMMAND: POST /session/a0fa65e418457f6e1528b16bc1e26f2c/element - {"using":"xpath","value":"//bdi[contains(text(), \"OK\")]"}
RESULT: {"using":"xpath","value":"//bdi[contains(text(), \"OK\")]"}
COMMAND: POST /session/a0fa65e418457f6e1528b16bc1e26f2c/element/f.6300CB9FC90E916FB2ACF31257920715.d.DDD21A053AAB66B572F3B6A58C926C40.e.4679/click - {}
RESULT: {}
COMMAND: GET /session/a0fa65e418457f6e1528b16bc1e26f2c/screenshot - {}
RESULT: {}
COMMAND: POST /session/a0fa65e418457f6e1528b16bc1e26f2c/element - {"using":"xpath","value":"//label[contains(@class, 'sapMLabelRequired') and .//bdi[contains(text(), 'Planned Retirement')]]"}
RESULT: {"using":"xpath","value":"//label[contains(@class, 'sapMLabelRequired') and .//bdi[contains(text(), 'Planned Retirement')]]"}
COMMAND: POST /session/a0fa65e418457f6e1528b16bc1e26f2c/elements - {"using":"xpath","value":"//label[contains(@class, 'sapMLabelRequired') and .//bdi[contains(text(), 'Planned Retirement')]]"}
RESULT: {"using":"xpath","value":"//label[contains(@class, 'sapMLabelRequired') and .//bdi[contains(text(), 'Planned Retirement')]]"}
COMMAND: POST /session/a0fa65e418457f6e1528b16bc1e26f2c/element - {"using":"xpath","value":"//button[@data-kt=\"resourceUnitSaveButton\"]"}
RESULT: {"using":"xpath","value":"//button[@data-kt=\"resourceUnitSaveButton\"]"}
COMMAND: POST /session/a0fa65e418457f6e1528b16bc1e26f2c/element/f.6300CB9FC90E916FB2ACF31257920715.d.DDD21A053AAB66B572F3B6A58C926C40.e.4581/click - {}
RESULT: {}
COMMAND: GET /session/a0fa65e418457f6e1528b16bc1e26f2c/screenshot - {}
RESULT: {}
COMMAND: POST /session/a0fa65e418457f6e1528b16bc1e26f2c/element - {"using":"xpath","value":"//bdi[contains(text(), \"Close\")]"}
RESULT: {"using":"xpath","value":"//bdi[contains(text(), \"Close\")]"}
COMMAND: POST /session/a0fa65e418457f6e1528b16bc1e26f2c/element/f.6300CB9FC90E916FB2ACF31257920715.d.DDD21A053AAB66B572F3B6A58C926C40.e.4685/click - {}
RESULT: {}
COMMAND: GET /session/a0fa65e418457f6e1528b16bc1e26f2c/screenshot - {}
RESULT: {}
COMMAND: POST /session/a0fa65e418457f6e1528b16bc1e26f2c/element - {"using":"xpath","value":"//header[contains(@id, 'detailRruPage-headerTitle')]/div[1]/div[2]/div[2]/span[1]"}
RESULT: {"using":"xpath","value":"//header[contains(@id, 'detailRruPage-headerTitle')]/div[1]/div[2]/div[2]/span[1]"}
COMMAND: POST /session/a0fa65e418457f6e1528b16bc1e26f2c/elements - {"using":"xpath","value":"//header[contains(@id, 'detailRruPage-headerTitle')]/div[1]/div[2]/div[2]/span[1]"}
RESULT: {"using":"xpath","value":"//header[contains(@id, 'detailRruPage-headerTitle')]/div[1]/div[2]/div[2]/span[1]"}
COMMAND: POST /session/a0fa65e418457f6e1528b16bc1e26f2c/execute/sync - {"script":"<script> [56 bytes]","args":[{"element-6066-11e4-a52e-4f735466cecf":"f.6300CB9FC90E916FB2ACF31257920715.d.DDD21A053AAB66B572F3B6A58C926C40.e.4713","ELEMENT":"f.6300CB9FC90E916FB2ACF31257920715.d.DDD21A053AAB66B572F3B6A58C926C40.e.4713"}]}
RESULT: {"script":"<script> [56 bytes]","args":[{"element-6066-11e4-a52e-4f735466cecf":"f.6300CB9FC90E916FB2ACF31257920715.d.DDD21A053AAB66B572F3B6A58C926C40.e.4713","ELEMENT":"f.6300CB9FC90E916FB2ACF31257920715.d.DDD21A053AAB66B572F3B6A58C926C40.e.4713"}]}
COMMAND: POST /session/a0fa65e418457f6e1528b16bc1e26f2c/element - {"using":"css selector","value":"#shell-header-logo"}
COMMAND: GET /session/a0fa65e418457f6e1528b16bc1e26f2c/screenshot - {}
RESULT: {"using":"css selector","value":"#shell-header-logo"}
COMMAND: POST /session/a0fa65e418457f6e1528b16bc1e26f2c/element/f.6300CB9FC90E916FB2ACF31257920715.d.DDD21A053AAB66B572F3B6A58C926C40.e.4047/click - {}
RESULT: {}
RESULT: {}
COMMAND: GET /session/a0fa65e418457f6e1528b16bc1e26f2c/screenshot - {}
RESULT: {}
]]></system-out>
    </testcase>
    <testcase classname="chrome.136_0_7103_93.windows.Provide_to_Site_w/_warehouse_management_w/_clarification_US115878" name="Bin Status Report Should Create New Organization yard" time="0.005" />
    <testcase classname="chrome.136_0_7103_93.windows.Provide_to_Site_w/_warehouse_management_w/_clarification_US115878" name="Bin Status Report Should Create New Organization for Site" time="0.004" />
  </testsuite>
  <testsuite timestamp="2025-05-17T16:32:52" time="455.763" tests="6" failures="0" errors="0" skipped="0">
    <properties>
      <property name="specId" value="0" />
      <property name="suiteName" value="Provide to Site w/ warehouse management w clarification" />
      <property name="capabilities" value="chrome.136_0_7103_93.windows" />
      <property name="file" value="file:///D:/a/1/s/test/specs/HTR/provide-to-site-w-warehouse-w-clarification.spec.js" />
    </properties>
    <testcase classname="chrome.136_0_7103_93.windows.Provide_to_Site_w/_warehouse_management_w_clarification" name="Should do a stock increase handover" time="84.48">
      <system-out><![CDATA[
COMMAND: POST /session/a0fa65e418457f6e1528b16bc1e26f2c/execute/async - {"script":"<script> [1562 bytes]","args":[{"selector":{"controlType":"sap.m.GenericTile","properties":{"header":"Manage Handovers"}},"wdio_ui5_key":"sapm.GenericTile{\"header\":\"Manage Handovers\"}"}]}
RESULT: {"script":"<script> [1562 bytes]","args":[{"selector":{"controlType":"sap.m.GenericTile","properties":{"header":"Manage Handovers"}},"wdio_ui5_key":"sapm.GenericTile{\"header\":\"Manage Handovers\"}"}]}
RESULT: undefined
COMMAND: POST /session/a0fa65e418457f6e1528b16bc1e26f2c/element - {"using":"xpath","value":"//*[@id=\"__tile133\"]"}
RESULT: {"using":"xpath","value":"//*[@id=\"__tile133\"]"}
COMMAND: POST /session/a0fa65e418457f6e1528b16bc1e26f2c/element/f.6300CB9FC90E916FB2ACF31257920715.d.DDD21A053AAB66B572F3B6A58C926C40.e.4096/click - {}
RESULT: {}
COMMAND: GET /session/a0fa65e418457f6e1528b16bc1e26f2c/screenshot - {}
RESULT: {}
COMMAND: POST /session/a0fa65e418457f6e1528b16bc1e26f2c/elements - {"using":"xpath","value":"//span[text()='Error']"}
RESULT: {"using":"xpath","value":"//span[text()='Error']"}
COMMAND: POST /session/a0fa65e418457f6e1528b16bc1e26f2c/element - {"using":"xpath","value":"//button[@data-kt=\"masterHOAddButton\"]"}
RESULT: {"using":"xpath","value":"//button[@data-kt=\"masterHOAddButton\"]"}
COMMAND: POST /session/a0fa65e418457f6e1528b16bc1e26f2c/elements - {"using":"xpath","value":"//button[@data-kt=\"masterHOAddButton\"]"}
RESULT: {"using":"xpath","value":"//button[@data-kt=\"masterHOAddButton\"]"}
COMMAND: POST /session/a0fa65e418457f6e1528b16bc1e26f2c/execute/sync - {"script":"<script> [8489 bytes]","args":[{"element-6066-11e4-a52e-4f735466cecf":"f.6300CB9FC90E916FB2ACF31257920715.d.DDD21A053AAB66B572F3B6A58C926C40.e.4753","ELEMENT":"f.6300CB9FC90E916FB2ACF31257920715.d.DDD21A053AAB66B572F3B6A58C926C40.e.4753"}]}
RESULT: {"script":"<script> [8489 bytes]","args":[{"element-6066-11e4-a52e-4f735466cecf":"f.6300CB9FC90E916FB2ACF31257920715.d.DDD21A053AAB66B572F3B6A58C926C40.e.4753","ELEMENT":"f.6300CB9FC90E916FB2ACF31257920715.d.DDD21A053AAB66B572F3B6A58C926C40.e.4753"}]}
COMMAND: GET /session/a0fa65e418457f6e1528b16bc1e26f2c/element/f.6300CB9FC90E916FB2ACF31257920715.d.DDD21A053AAB66B572F3B6A58C926C40.e.4753/enabled - {}
COMMAND: GET /session/a0fa65e418457f6e1528b16bc1e26f2c/screenshot - {}
RESULT: {}
COMMAND: POST /session/a0fa65e418457f6e1528b16bc1e26f2c/execute/sync - {"script":"<script> [8489 bytes]","args":[{"element-6066-11e4-a52e-4f735466cecf":"f.6300CB9FC90E916FB2ACF31257920715.d.DDD21A053AAB66B572F3B6A58C926C40.e.4753","ELEMENT":"f.6300CB9FC90E916FB2ACF31257920715.d.DDD21A053AAB66B572F3B6A58C926C40.e.4753"}]}
COMMAND: GET /session/a0fa65e418457f6e1528b16bc1e26f2c/screenshot - {}
RESULT: {}
RESULT: {"script":"<script> [8489 bytes]","args":[{"element-6066-11e4-a52e-4f735466cecf":"f.6300CB9FC90E916FB2ACF31257920715.d.DDD21A053AAB66B572F3B6A58C926C40.e.4753","ELEMENT":"f.6300CB9FC90E916FB2ACF31257920715.d.DDD21A053AAB66B572F3B6A58C926C40.e.4753"}]}
COMMAND: POST /session/a0fa65e418457f6e1528b16bc1e26f2c/execute/sync - {"script":"<script> [5351 bytes]","args":[{"element-6066-11e4-a52e-4f735466cecf":"f.6300CB9FC90E916FB2ACF31257920715.d.DDD21A053AAB66B572F3B6A58C926C40.e.4753","ELEMENT":"f.6300CB9FC90E916FB2ACF31257920715.d.DDD21A053AAB66B572F3B6A58C926C40.e.4753"}]}
COMMAND: GET /session/a0fa65e418457f6e1528b16bc1e26f2c/screenshot - {}
RESULT: {}
RESULT: {"script":"<script> [5351 bytes]","args":[{"element-6066-11e4-a52e-4f735466cecf":"f.6300CB9FC90E916FB2ACF31257920715.d.DDD21A053AAB66B572F3B6A58C926C40.e.4753","ELEMENT":"f.6300CB9FC90E916FB2ACF31257920715.d.DDD21A053AAB66B572F3B6A58C926C40.e.4753"}]}
COMMAND: POST /session/a0fa65e418457f6e1528b16bc1e26f2c/element/f.6300CB9FC90E916FB2ACF31257920715.d.DDD21A053AAB66B572F3B6A58C926C40.e.4753/click - {}
COMMAND: GET /session/a0fa65e418457f6e1528b16bc1e26f2c/screenshot - {}
RESULT: {}
RESULT: {}
COMMAND: GET /session/a0fa65e418457f6e1528b16bc1e26f2c/screenshot - {}
RESULT: {}
RESULT: {}
COMMAND: POST /session/a0fa65e418457f6e1528b16bc1e26f2c/element - {"using":"xpath","value":"//span[contains(@id ,\"AddNewHO--typeSelect-arrow\")]"}
RESULT: {"using":"xpath","value":"//span[contains(@id ,\"AddNewHO--typeSelect-arrow\")]"}
COMMAND: POST /session/a0fa65e418457f6e1528b16bc1e26f2c/element/f.6300CB9FC90E916FB2ACF31257920715.d.DDD21A053AAB66B572F3B6A58C926C40.e.5114/click - {}
RESULT: {}
COMMAND: GET /session/a0fa65e418457f6e1528b16bc1e26f2c/screenshot - {}
RESULT: {}
COMMAND: POST /session/a0fa65e418457f6e1528b16bc1e26f2c/element - {"using":"xpath","value":"(//li[contains(text(), \"stock increase yard\")])[1]"}
RESULT: {"using":"xpath","value":"(//li[contains(text(), \"stock increase yard\")])[1]"}
COMMAND: POST /session/a0fa65e418457f6e1528b16bc1e26f2c/element/f.6300CB9FC90E916FB2ACF31257920715.d.DDD21A053AAB66B572F3B6A58C926C40.e.5115/click - {}
RESULT: {}
COMMAND: GET /session/a0fa65e418457f6e1528b16bc1e26f2c/screenshot - {}
RESULT: {}
COMMAND: POST /session/a0fa65e418457f6e1528b16bc1e26f2c/execute/async - {"script":"<script> [1562 bytes]","args":[{"selector":{"id":"application-managehandovers-display-component---AddNewHO--dueDate","interaction":{"idSuffix":"inner"}},"wdio_ui5_key":"applicationmanagehandovers-display-component---AddNewHO--dueDate"}]}
RESULT: {"script":"<script> [1562 bytes]","args":[{"selector":{"id":"application-managehandovers-display-component---AddNewHO--dueDate","interaction":{"idSuffix":"inner"}},"wdio_ui5_key":"applicationmanagehandovers-display-component---AddNewHO--dueDate"}]}
RESULT: undefined
COMMAND: POST /session/a0fa65e418457f6e1528b16bc1e26f2c/execute/async - {"script":"<script> [6424 bytes]","args":[{"element-6066-11e4-a52e-4f735466cecf":"f.6300CB9FC90E916FB2ACF31257920715.d.DDD21A053AAB66B572F3B6A58C926C40.e.5117"},"setValue",["5/17/25"]]}
RESULT: {"script":"<script> [6424 bytes]","args":[{"element-6066-11e4-a52e-4f735466cecf":"f.6300CB9FC90E916FB2ACF31257920715.d.DDD21A053AAB66B572F3B6A58C926C40.e.5117"},"setValue",["5/17/25"]]}
COMMAND: POST /session/a0fa65e418457f6e1528b16bc1e26f2c/element - {"using":"xpath","value":"//input[@id=\"generalSectionFrg--receiveYard-inner\"]"}
RESULT: {"using":"xpath","value":"//input[@id=\"generalSectionFrg--receiveYard-inner\"]"}
COMMAND: POST /session/a0fa65e418457f6e1528b16bc1e26f2c/element/f.6300CB9FC90E916FB2ACF31257920715.d.DDD21A053AAB66B572F3B6A58C926C40.e.5121/clear - {}
RESULT: {}
COMMAND: POST /session/a0fa65e418457f6e1528b16bc1e26f2c/element/f.6300CB9FC90E916FB2ACF31257920715.d.DDD21A053AAB66B572F3B6A58C926C40.e.5121/value - {"text":"495"}
COMMAND: GET /session/a0fa65e418457f6e1528b16bc1e26f2c/screenshot - {}
RESULT: {"text":"495"}
COMMAND: GET /session/a0fa65e418457f6e1528b16bc1e26f2c/screenshot - {}
RESULT: {}
RESULT: {}
COMMAND: POST /session/a0fa65e418457f6e1528b16bc1e26f2c/element - {"using":"xpath","value":"//li[.//span[text()='495']]"}
RESULT: {"using":"xpath","value":"//li[.//span[text()='495']]"}
COMMAND: POST /session/a0fa65e418457f6e1528b16bc1e26f2c/element/f.6300CB9FC90E916FB2ACF31257920715.d.DDD21A053AAB66B572F3B6A58C926C40.e.5137/click - {}
RESULT: {}
COMMAND: GET /session/a0fa65e418457f6e1528b16bc1e26f2c/screenshot - {}
RESULT: {}
COMMAND: POST /session/a0fa65e418457f6e1528b16bc1e26f2c/execute/async - {"script":"<script> [1562 bytes]","args":[{"selector":{"id":"application-managehandovers-display-component---AddNewHO--ObjectPageLayout-anchBar-application-managehandovers-display-component---AddNewHO--section4-anchor","interaction":{"idSuffix":"BDI-content"}},"wdio_ui5_key":"applicationmanagehandovers-display-component---AddNewHO--ObjectPageLayout-anchBar-application-managehandovers-display-component---AddNewHO--section4-anchor"}]}
RESULT: {"script":"<script> [1562 bytes]","args":[{"selector":{"id":"application-managehandovers-display-component---AddNewHO--ObjectPageLayout-anchBar-application-managehandovers-display-component---AddNewHO--section4-anchor","interaction":{"idSuffix":"BDI-content"}},"wdio_ui5_key":"applicationmanagehandovers-display-component---AddNewHO--ObjectPageLayout-anchBar-application-managehandovers-display-component---AddNewHO--section4-anchor"}]}
RESULT: undefined
COMMAND: POST /session/a0fa65e418457f6e1528b16bc1e26f2c/element - {"using":"xpath","value":"//*[@id=\"application-managehandovers-display-component---AddNewHO--ObjectPageLayout-anchBar-application-managehandovers-display-component---AddNewHO--section4-anchor\"]"}
RESULT: {"using":"xpath","value":"//*[@id=\"application-managehandovers-display-component---AddNewHO--ObjectPageLayout-anchBar-application-managehandovers-display-component---AddNewHO--section4-anchor\"]"}
COMMAND: POST /session/a0fa65e418457f6e1528b16bc1e26f2c/element/f.6300CB9FC90E916FB2ACF31257920715.d.DDD21A053AAB66B572F3B6A58C926C40.e.5139/click - {}
RESULT: {}
COMMAND: POST /session/a0fa65e418457f6e1528b16bc1e26f2c/element - {"using":"xpath","value":"//button[@aria-label=\"Add\"]"}
COMMAND: GET /session/a0fa65e418457f6e1528b16bc1e26f2c/screenshot - {}
RESULT: {"using":"xpath","value":"//button[@aria-label=\"Add\"]"}
COMMAND: POST /session/a0fa65e418457f6e1528b16bc1e26f2c/element/f.6300CB9FC90E916FB2ACF31257920715.d.DDD21A053AAB66B572F3B6A58C926C40.e.5141/click - {}
RESULT: {}
RESULT: {}
COMMAND: GET /session/a0fa65e418457f6e1528b16bc1e26f2c/screenshot - {}
RESULT: {}
COMMAND: POST /session/a0fa65e418457f6e1528b16bc1e26f2c/execute/async - {"script":"<script> [1562 bytes]","args":[{"selector":{"id":"application-managehandovers-display-component---AddNewHO--smartFilterBar-btnBasicSearch","searchOpenDialogs":true,"interaction":{"idSuffix":"I"}},"wdio_ui5_key":"applicationmanagehandovers-display-component---AddNewHO--smartFilterBar-btnBasicSearch"}]}
RESULT: {"script":"<script> [1562 bytes]","args":[{"selector":{"id":"application-managehandovers-display-component---AddNewHO--smartFilterBar-btnBasicSearch","searchOpenDialogs":true,"interaction":{"idSuffix":"I"}},"wdio_ui5_key":"applicationmanagehandovers-display-component---AddNewHO--smartFilterBar-btnBasicSearch"}]}
RESULT: undefined
COMMAND: POST /session/a0fa65e418457f6e1528b16bc1e26f2c/execute/async - {"script":"<script> [776 bytes]","args":[{"enterText":"200250","selector":{"id":"application-managehandovers-display-component---AddNewHO--smartFilterBar-btnBasicSearch","searchOpenDialogs":true,"interaction":{"idSuffix":"I"}},"clearTextFirst":true,"interactionType":"ENTER_TEXT"}]}
RESULT: {"script":"<script> [776 bytes]","args":[{"enterText":"200250","selector":{"id":"application-managehandovers-display-component---AddNewHO--smartFilterBar-btnBasicSearch","searchOpenDialogs":true,"interaction":{"idSuffix":"I"}},"clearTextFirst":true,"interactionType":"ENTER_TEXT"}]}
COMMAND: POST /session/a0fa65e418457f6e1528b16bc1e26f2c/actions - {"actions":[{"id":"action21","type":"key","parameters":{},"actions":[{"type":"keyDown","value":"î€‡"},{"type":"pause","duration":10},{"type":"keyUp","value":"î€‡"}]}]}
RESULT: {"actions":[{"id":"action21","type":"key","parameters":{},"actions":[{"type":"keyDown","value":"î€‡"},{"type":"pause","duration":10},{"type":"keyUp","value":"î€‡"}]}]}
COMMAND: GET /session/a0fa65e418457f6e1528b16bc1e26f2c/screenshot - {}
RESULT: {}
COMMAND: POST /session/a0fa65e418457f6e1528b16bc1e26f2c/execute/async - {"script":"<script> [1562 bytes]","args":[{"selector":{"id":"application-managehandovers-display-component---AddNewHO--popup-sa","searchOpenDialogs":true,"interaction":{"idSuffix":"CbBg"}},"wdio_ui5_key":"applicationmanagehandovers-display-component---AddNewHO--popup-sa"}]}
RESULT: {"script":"<script> [1562 bytes]","args":[{"selector":{"id":"application-managehandovers-display-component---AddNewHO--popup-sa","searchOpenDialogs":true,"interaction":{"idSuffix":"CbBg"}},"wdio_ui5_key":"applicationmanagehandovers-display-component---AddNewHO--popup-sa"}]}
RESULT: undefined
COMMAND: POST /session/a0fa65e418457f6e1528b16bc1e26f2c/element - {"using":"xpath","value":"//*[@id=\"application-managehandovers-display-component---AddNewHO--popup-sa\"]"}
RESULT: {"using":"xpath","value":"//*[@id=\"application-managehandovers-display-component---AddNewHO--popup-sa\"]"}
COMMAND: POST /session/a0fa65e418457f6e1528b16bc1e26f2c/element/f.6300CB9FC90E916FB2ACF31257920715.d.DDD21A053AAB66B572F3B6A58C926C40.e.5295/click - {}
RESULT: {}
COMMAND: GET /session/a0fa65e418457f6e1528b16bc1e26f2c/screenshot - {}
RESULT: {}
COMMAND: POST /session/a0fa65e418457f6e1528b16bc1e26f2c/element - {"using":"xpath","value":"//bdi[contains(text(), \"Select\")]"}
RESULT: {"using":"xpath","value":"//bdi[contains(text(), \"Select\")]"}
COMMAND: POST /session/a0fa65e418457f6e1528b16bc1e26f2c/element/f.6300CB9FC90E916FB2ACF31257920715.d.DDD21A053AAB66B572F3B6A58C926C40.e.5296/click - {}
RESULT: {}
COMMAND: GET /session/a0fa65e418457f6e1528b16bc1e26f2c/screenshot - {}
RESULT: {}
COMMAND: POST /session/a0fa65e418457f6e1528b16bc1e26f2c/element - {"using":"xpath","value":"//button[@data-kt=\"AddNewHOSaveButton\"]"}
RESULT: {"using":"xpath","value":"//button[@data-kt=\"AddNewHOSaveButton\"]"}
COMMAND: POST /session/a0fa65e418457f6e1528b16bc1e26f2c/element/f.6300CB9FC90E916FB2ACF31257920715.d.DDD21A053AAB66B572F3B6A58C926C40.e.5300/click - {}
RESULT: {}
COMMAND: GET /session/a0fa65e418457f6e1528b16bc1e26f2c/screenshot - {}
RESULT: {}
COMMAND: POST /session/a0fa65e418457f6e1528b16bc1e26f2c/execute/async - {"script":"<script> [1562 bytes]","args":[{"selector":{"id":"receiptDatePicker","viewName":"etm.portal.ui.managehandovers.view.DetailExecuteHO","interaction":{"idSuffix":"inner"}},"wdio_ui5_key":"receiptDatePickeretmportal.ui.managehandovers.view.DetailExecuteHO"}]}
RESULT: {"script":"<script> [1562 bytes]","args":[{"selector":{"id":"receiptDatePicker","viewName":"etm.portal.ui.managehandovers.view.DetailExecuteHO","interaction":{"idSuffix":"inner"}},"wdio_ui5_key":"receiptDatePickeretmportal.ui.managehandovers.view.DetailExecuteHO"}]}
RESULT: undefined
COMMAND: POST /session/a0fa65e418457f6e1528b16bc1e26f2c/execute/async - {"script":"<script> [6424 bytes]","args":[{"element-6066-11e4-a52e-4f735466cecf":"f.6300CB9FC90E916FB2ACF31257920715.d.DDD21A053AAB66B572F3B6A58C926C40.e.5320"},"setValue",["5/17/25"]]}
RESULT: {"script":"<script> [6424 bytes]","args":[{"element-6066-11e4-a52e-4f735466cecf":"f.6300CB9FC90E916FB2ACF31257920715.d.DDD21A053AAB66B572F3B6A58C926C40.e.5320"},"setValue",["5/17/25"]]}
COMMAND: POST /session/a0fa65e418457f6e1528b16bc1e26f2c/element - {"using":"xpath","value":"//button[@data-kt=\"PickingTableConfirmAllButton\"]"}
RESULT: {"using":"xpath","value":"//button[@data-kt=\"PickingTableConfirmAllButton\"]"}
COMMAND: POST /session/a0fa65e418457f6e1528b16bc1e26f2c/element/f.6300CB9FC90E916FB2ACF31257920715.d.DDD21A053AAB66B572F3B6A58C926C40.e.5336/click - {}
RESULT: {}
COMMAND: GET /session/a0fa65e418457f6e1528b16bc1e26f2c/screenshot - {}
RESULT: {}
COMMAND: POST /session/a0fa65e418457f6e1528b16bc1e26f2c/element - {"using":"xpath","value":"//bdi[contains(text(), \"OK\")]"}
RESULT: {"using":"xpath","value":"//bdi[contains(text(), \"OK\")]"}
COMMAND: POST /session/a0fa65e418457f6e1528b16bc1e26f2c/element/f.6300CB9FC90E916FB2ACF31257920715.d.DDD21A053AAB66B572F3B6A58C926C40.e.5338/click - {}
RESULT: {}
COMMAND: GET /session/a0fa65e418457f6e1528b16bc1e26f2c/screenshot - {}
RESULT: {}
COMMAND: POST /session/a0fa65e418457f6e1528b16bc1e26f2c/element - {"using":"xpath","value":"(//bdi[contains(text(), \"Receive\")])[2]"}
RESULT: {"using":"xpath","value":"(//bdi[contains(text(), \"Receive\")])[2]"}
COMMAND: POST /session/a0fa65e418457f6e1528b16bc1e26f2c/element/f.6300CB9FC90E916FB2ACF31257920715.d.DDD21A053AAB66B572F3B6A58C926C40.e.5340/click - {}
RESULT: {}
COMMAND: GET /session/a0fa65e418457f6e1528b16bc1e26f2c/screenshot - {}
RESULT: {}
COMMAND: POST /session/a0fa65e418457f6e1528b16bc1e26f2c/element - {"using":"css selector","value":"#shell-header-logo"}
RESULT: {"using":"css selector","value":"#shell-header-logo"}
COMMAND: POST /session/a0fa65e418457f6e1528b16bc1e26f2c/element/f.6300CB9FC90E916FB2ACF31257920715.d.DDD21A053AAB66B572F3B6A58C926C40.e.4720/click - {}
RESULT: {}
COMMAND: GET /session/a0fa65e418457f6e1528b16bc1e26f2c/screenshot - {}
RESULT: {}
]]></system-out>
    </testcase>
    <testcase classname="chrome.136_0_7103_93.windows.Provide_to_Site_w/_warehouse_management_w_clarification" name="Should create a new contract" time="58.285">
      <system-out><![CDATA[
COMMAND: POST /session/a0fa65e418457f6e1528b16bc1e26f2c/execute/async - {"script":"<script> [1562 bytes]","args":[{"selector":{"controlType":"sap.m.GenericTile","properties":{"header":"Manage Contracts"}},"wdio_ui5_key":"sapm.GenericTile{\"header\":\"Manage Contracts\"}"}]}
RESULT: {"script":"<script> [1562 bytes]","args":[{"selector":{"controlType":"sap.m.GenericTile","properties":{"header":"Manage Contracts"}},"wdio_ui5_key":"sapm.GenericTile{\"header\":\"Manage Contracts\"}"}]}
RESULT: undefined
COMMAND: POST /session/a0fa65e418457f6e1528b16bc1e26f2c/element - {"using":"xpath","value":"//*[@id=\"__tile132\"]"}
RESULT: {"using":"xpath","value":"//*[@id=\"__tile132\"]"}
COMMAND: POST /session/a0fa65e418457f6e1528b16bc1e26f2c/element/f.6300CB9FC90E916FB2ACF31257920715.d.DDD21A053AAB66B572F3B6A58C926C40.e.4085/click - {}
RESULT: {}
COMMAND: GET /session/a0fa65e418457f6e1528b16bc1e26f2c/screenshot - {}
RESULT: {}
COMMAND: POST /session/a0fa65e418457f6e1528b16bc1e26f2c/elements - {"using":"xpath","value":"//span[text()='Error']"}
RESULT: {"using":"xpath","value":"//span[text()='Error']"}
COMMAND: POST /session/a0fa65e418457f6e1528b16bc1e26f2c/element - {"using":"xpath","value":"//button[@data-kt=\"addButton\"]"}
RESULT: {"using":"xpath","value":"//button[@data-kt=\"addButton\"]"}
COMMAND: POST /session/a0fa65e418457f6e1528b16bc1e26f2c/elements - {"using":"xpath","value":"//button[@data-kt=\"addButton\"]"}
RESULT: {"using":"xpath","value":"//button[@data-kt=\"addButton\"]"}
COMMAND: POST /session/a0fa65e418457f6e1528b16bc1e26f2c/execute/sync - {"script":"<script> [8489 bytes]","args":[{"element-6066-11e4-a52e-4f735466cecf":"f.6300CB9FC90E916FB2ACF31257920715.d.DDD21A053AAB66B572F3B6A58C926C40.e.5563","ELEMENT":"f.6300CB9FC90E916FB2ACF31257920715.d.DDD21A053AAB66B572F3B6A58C926C40.e.5563"}]}
RESULT: {"script":"<script> [8489 bytes]","args":[{"element-6066-11e4-a52e-4f735466cecf":"f.6300CB9FC90E916FB2ACF31257920715.d.DDD21A053AAB66B572F3B6A58C926C40.e.5563","ELEMENT":"f.6300CB9FC90E916FB2ACF31257920715.d.DDD21A053AAB66B572F3B6A58C926C40.e.5563"}]}
COMMAND: GET /session/a0fa65e418457f6e1528b16bc1e26f2c/element/f.6300CB9FC90E916FB2ACF31257920715.d.DDD21A053AAB66B572F3B6A58C926C40.e.5563/enabled - {}
COMMAND: GET /session/a0fa65e418457f6e1528b16bc1e26f2c/screenshot - {}
RESULT: {}
COMMAND: POST /session/a0fa65e418457f6e1528b16bc1e26f2c/execute/sync - {"script":"<script> [8489 bytes]","args":[{"element-6066-11e4-a52e-4f735466cecf":"f.6300CB9FC90E916FB2ACF31257920715.d.DDD21A053AAB66B572F3B6A58C926C40.e.5563","ELEMENT":"f.6300CB9FC90E916FB2ACF31257920715.d.DDD21A053AAB66B572F3B6A58C926C40.e.5563"}]}
COMMAND: GET /session/a0fa65e418457f6e1528b16bc1e26f2c/screenshot - {}
RESULT: {}
RESULT: {"script":"<script> [8489 bytes]","args":[{"element-6066-11e4-a52e-4f735466cecf":"f.6300CB9FC90E916FB2ACF31257920715.d.DDD21A053AAB66B572F3B6A58C926C40.e.5563","ELEMENT":"f.6300CB9FC90E916FB2ACF31257920715.d.DDD21A053AAB66B572F3B6A58C926C40.e.5563"}]}
COMMAND: POST /session/a0fa65e418457f6e1528b16bc1e26f2c/execute/sync - {"script":"<script> [5351 bytes]","args":[{"element-6066-11e4-a52e-4f735466cecf":"f.6300CB9FC90E916FB2ACF31257920715.d.DDD21A053AAB66B572F3B6A58C926C40.e.5563","ELEMENT":"f.6300CB9FC90E916FB2ACF31257920715.d.DDD21A053AAB66B572F3B6A58C926C40.e.5563"}]}
COMMAND: GET /session/a0fa65e418457f6e1528b16bc1e26f2c/screenshot - {}
RESULT: {}
RESULT: {"script":"<script> [5351 bytes]","args":[{"element-6066-11e4-a52e-4f735466cecf":"f.6300CB9FC90E916FB2ACF31257920715.d.DDD21A053AAB66B572F3B6A58C926C40.e.5563","ELEMENT":"f.6300CB9FC90E916FB2ACF31257920715.d.DDD21A053AAB66B572F3B6A58C926C40.e.5563"}]}
COMMAND: GET /session/a0fa65e418457f6e1528b16bc1e26f2c/screenshot - {}
RESULT: {}
RESULT: {}
COMMAND: POST /session/a0fa65e418457f6e1528b16bc1e26f2c/element/f.6300CB9FC90E916FB2ACF31257920715.d.DDD21A053AAB66B572F3B6A58C926C40.e.5563/click - {}
RESULT: {}
COMMAND: GET /session/a0fa65e418457f6e1528b16bc1e26f2c/screenshot - {}
COMMAND: POST /session/a0fa65e418457f6e1528b16bc1e26f2c/execute/async - {"script":"<script> [1562 bytes]","args":[{"selector":{"id":"application-managecontracts-display-component---AddNewContract--projectDescription","interaction":{"idSuffix":"inner"}},"wdio_ui5_key":"applicationmanagecontracts-display-component---AddNewContract--projectDescription"}]}
RESULT: {}
RESULT: {"script":"<script> [1562 bytes]","args":[{"selector":{"id":"application-managecontracts-display-component---AddNewContract--projectDescription","interaction":{"idSuffix":"inner"}},"wdio_ui5_key":"applicationmanagecontracts-display-component---AddNewContract--projectDescription"}]}
RESULT: undefined
COMMAND: POST /session/a0fa65e418457f6e1528b16bc1e26f2c/execute/async - {"script":"<script> [776 bytes]","args":[{"enterText":"Contract WDIO","selector":{"id":"application-managecontracts-display-component---AddNewContract--projectDescription","interaction":{"idSuffix":"inner"}},"clearTextFirst":true,"interactionType":"ENTER_TEXT"}]}
RESULT: {"script":"<script> [776 bytes]","args":[{"enterText":"Contract WDIO","selector":{"id":"application-managecontracts-display-component---AddNewContract--projectDescription","interaction":{"idSuffix":"inner"}},"clearTextFirst":true,"interactionType":"ENTER_TEXT"}]}
COMMAND: POST /session/a0fa65e418457f6e1528b16bc1e26f2c/element - {"using":"xpath","value":"//input[@id=\"application-managecontracts-display-component---AddNewContract--site-inner\"]"}
RESULT: {"using":"xpath","value":"//input[@id=\"application-managecontracts-display-component---AddNewContract--site-inner\"]"}
COMMAND: POST /session/a0fa65e418457f6e1528b16bc1e26f2c/element/f.6300CB9FC90E916FB2ACF31257920715.d.DDD21A053AAB66B572F3B6A58C926C40.e.5915/clear - {}
RESULT: {}
COMMAND: POST /session/a0fa65e418457f6e1528b16bc1e26f2c/element/f.6300CB9FC90E916FB2ACF31257920715.d.DDD21A053AAB66B572F3B6A58C926C40.e.5915/value - {"text":"2237"}
COMMAND: GET /session/a0fa65e418457f6e1528b16bc1e26f2c/screenshot - {}
RESULT: {"text":"2237"}
COMMAND: GET /session/a0fa65e418457f6e1528b16bc1e26f2c/screenshot - {}
RESULT: {}
RESULT: {}
COMMAND: POST /session/a0fa65e418457f6e1528b16bc1e26f2c/element - {"using":"xpath","value":"//li[.//span[text()='2237']]"}
RESULT: {"using":"xpath","value":"//li[.//span[text()='2237']]"}
COMMAND: POST /session/a0fa65e418457f6e1528b16bc1e26f2c/element/f.6300CB9FC90E916FB2ACF31257920715.d.DDD21A053AAB66B572F3B6A58C926C40.e.5946/click - {}
RESULT: {}
COMMAND: GET /session/a0fa65e418457f6e1528b16bc1e26f2c/screenshot - {}
RESULT: {}
COMMAND: POST /session/a0fa65e418457f6e1528b16bc1e26f2c/element - {"using":"xpath","value":"//input[@id=\"application-managecontracts-display-component---AddNewContract--yardId-inner\"]"}
RESULT: {"using":"xpath","value":"//input[@id=\"application-managecontracts-display-component---AddNewContract--yardId-inner\"]"}
COMMAND: GET /session/a0fa65e418457f6e1528b16bc1e26f2c/element/f.6300CB9FC90E916FB2ACF31257920715.d.DDD21A053AAB66B572F3B6A58C926C40.e.5916/property/value - {}
RESULT: {}
COMMAND: POST /session/a0fa65e418457f6e1528b16bc1e26f2c/element - {"using":"xpath","value":"//input[@id=\"application-managecontracts-display-component---AddNewContract--customerSelect-inner\"]"}
COMMAND: GET /session/a0fa65e418457f6e1528b16bc1e26f2c/screenshot - {}
RESULT: {"using":"xpath","value":"//input[@id=\"application-managecontracts-display-component---AddNewContract--customerSelect-inner\"]"}
COMMAND: POST /session/a0fa65e418457f6e1528b16bc1e26f2c/element/f.6300CB9FC90E916FB2ACF31257920715.d.DDD21A053AAB66B572F3B6A58C926C40.e.5914/clear - {}
RESULT: {}
RESULT: {}
COMMAND: POST /session/a0fa65e418457f6e1528b16bc1e26f2c/element/f.6300CB9FC90E916FB2ACF31257920715.d.DDD21A053AAB66B572F3B6A58C926C40.e.5914/value - {"text":"1281"}
COMMAND: GET /session/a0fa65e418457f6e1528b16bc1e26f2c/screenshot - {}
RESULT: {"text":"1281"}
COMMAND: GET /session/a0fa65e418457f6e1528b16bc1e26f2c/screenshot - {}
RESULT: {}
RESULT: {}
COMMAND: POST /session/a0fa65e418457f6e1528b16bc1e26f2c/element - {"using":"xpath","value":"//li[.//span[text()='1281']]"}
RESULT: {"using":"xpath","value":"//li[.//span[text()='1281']]"}
COMMAND: POST /session/a0fa65e418457f6e1528b16bc1e26f2c/element/f.6300CB9FC90E916FB2ACF31257920715.d.DDD21A053AAB66B572F3B6A58C926C40.e.5949/click - {}
RESULT: {}
COMMAND: GET /session/a0fa65e418457f6e1528b16bc1e26f2c/screenshot - {}
RESULT: {}
COMMAND: POST /session/a0fa65e418457f6e1528b16bc1e26f2c/element - {"using":"xpath","value":"//button[@data-kt=\"saveButton\"]"}
RESULT: {"using":"xpath","value":"//button[@data-kt=\"saveButton\"]"}
COMMAND: POST /session/a0fa65e418457f6e1528b16bc1e26f2c/element/f.6300CB9FC90E916FB2ACF31257920715.d.DDD21A053AAB66B572F3B6A58C926C40.e.5950/click - {}
RESULT: {}
COMMAND: GET /session/a0fa65e418457f6e1528b16bc1e26f2c/screenshot - {}
RESULT: {}
COMMAND: POST /session/a0fa65e418457f6e1528b16bc1e26f2c/element - {"using":"xpath","value":"//span[contains(@id ,\"contractDetailTitleNoExpanded\")]"}
RESULT: {"using":"xpath","value":"//span[contains(@id ,\"contractDetailTitleNoExpanded\")]"}
COMMAND: POST /session/a0fa65e418457f6e1528b16bc1e26f2c/elements - {"using":"xpath","value":"//span[contains(@id ,\"contractDetailTitleNoExpanded\")]"}
RESULT: {"using":"xpath","value":"//span[contains(@id ,\"contractDetailTitleNoExpanded\")]"}
COMMAND: POST /session/a0fa65e418457f6e1528b16bc1e26f2c/execute/sync - {"script":"<script> [56 bytes]","args":[{"element-6066-11e4-a52e-4f735466cecf":"f.6300CB9FC90E916FB2ACF31257920715.d.DDD21A053AAB66B572F3B6A58C926C40.e.6023","ELEMENT":"f.6300CB9FC90E916FB2ACF31257920715.d.DDD21A053AAB66B572F3B6A58C926C40.e.6023"}]}
RESULT: {"script":"<script> [56 bytes]","args":[{"element-6066-11e4-a52e-4f735466cecf":"f.6300CB9FC90E916FB2ACF31257920715.d.DDD21A053AAB66B572F3B6A58C926C40.e.6023","ELEMENT":"f.6300CB9FC90E916FB2ACF31257920715.d.DDD21A053AAB66B572F3B6A58C926C40.e.6023"}]}
COMMAND: GET /session/a0fa65e418457f6e1528b16bc1e26f2c/screenshot - {}
RESULT: {}
]]></system-out>
    </testcase>
    <testcase classname="chrome.136_0_7103_93.windows.Provide_to_Site_w/_warehouse_management_w_clarification" name="Should add equipment to the contract" time="55.45">
      <system-out><![CDATA[
COMMAND: POST /session/a0fa65e418457f6e1528b16bc1e26f2c/element - {"using":"xpath","value":"//button[@data-kt=\"contractDetailEditBtnButton\"]"}
RESULT: {"using":"xpath","value":"//button[@data-kt=\"contractDetailEditBtnButton\"]"}
COMMAND: POST /session/a0fa65e418457f6e1528b16bc1e26f2c/element/f.6300CB9FC90E916FB2ACF31257920715.d.DDD21A053AAB66B572F3B6A58C926C40.e.6025/click - {}
RESULT: {}
COMMAND: GET /session/a0fa65e418457f6e1528b16bc1e26f2c/screenshot - {}
RESULT: {}
COMMAND: POST /session/a0fa65e418457f6e1528b16bc1e26f2c/element - {"using":"xpath","value":"(//span[contains(text(), \"Additional Addresses\")])[2]"}
RESULT: {"using":"xpath","value":"(//span[contains(text(), \"Additional Addresses\")])[2]"}
COMMAND: POST /session/a0fa65e418457f6e1528b16bc1e26f2c/element/f.6300CB9FC90E916FB2ACF31257920715.d.DDD21A053AAB66B572F3B6A58C926C40.e.6080/click - {}
RESULT: {}
COMMAND: GET /session/a0fa65e418457f6e1528b16bc1e26f2c/screenshot - {}
RESULT: {}
COMMAND: POST /session/a0fa65e418457f6e1528b16bc1e26f2c/element - {"using":"xpath","value":"//button[@data-kt=\"btnAddTableRowOverflowToolbarButton\"]"}
RESULT: {"using":"xpath","value":"//button[@data-kt=\"btnAddTableRowOverflowToolbarButton\"]"}
COMMAND: POST /session/a0fa65e418457f6e1528b16bc1e26f2c/element/f.6300CB9FC90E916FB2ACF31257920715.d.DDD21A053AAB66B572F3B6A58C926C40.e.6084/click - {}
RESULT: {}
COMMAND: GET /session/a0fa65e418457f6e1528b16bc1e26f2c/screenshot - {}
RESULT: {}
COMMAND: POST /session/a0fa65e418457f6e1528b16bc1e26f2c/element - {"using":"xpath","value":"//div[(text() = 'Standard Entry' or . = 'Standard Entry')]"}
RESULT: {"using":"xpath","value":"//div[(text() = 'Standard Entry' or . = 'Standard Entry')]"}
COMMAND: POST /session/a0fa65e418457f6e1528b16bc1e26f2c/element/f.6300CB9FC90E916FB2ACF31257920715.d.DDD21A053AAB66B572F3B6A58C926C40.e.6086/click - {}
RESULT: {}
COMMAND: GET /session/a0fa65e418457f6e1528b16bc1e26f2c/screenshot - {}
RESULT: {}
COMMAND: POST /session/a0fa65e418457f6e1528b16bc1e26f2c/element - {"using":"xpath","value":"//td[6]/div/div/div/span"}
RESULT: {"using":"xpath","value":"//td[6]/div/div/div/span"}
COMMAND: POST /session/a0fa65e418457f6e1528b16bc1e26f2c/element/f.6300CB9FC90E916FB2ACF31257920715.d.DDD21A053AAB66B572F3B6A58C926C40.e.6098/click - {}
RESULT: {}
COMMAND: GET /session/a0fa65e418457f6e1528b16bc1e26f2c/screenshot - {}
RESULT: {}
COMMAND: POST /session/a0fa65e418457f6e1528b16bc1e26f2c/element - {"using":"xpath","value":"(//span[contains(text(), \"Material\")])"}
RESULT: {"using":"xpath","value":"(//span[contains(text(), \"Material\")])"}
COMMAND: POST /session/a0fa65e418457f6e1528b16bc1e26f2c/element/f.6300CB9FC90E916FB2ACF31257920715.d.DDD21A053AAB66B572F3B6A58C926C40.e.6099/click - {}
RESULT: {}
COMMAND: GET /session/a0fa65e418457f6e1528b16bc1e26f2c/screenshot - {}
RESULT: {}
COMMAND: POST /session/a0fa65e418457f6e1528b16bc1e26f2c/element - {"using":"xpath","value":"//td[7]/div/div/input"}
RESULT: {"using":"xpath","value":"//td[7]/div/div/input"}
COMMAND: POST /session/a0fa65e418457f6e1528b16bc1e26f2c/element/f.6300CB9FC90E916FB2ACF31257920715.d.DDD21A053AAB66B572F3B6A58C926C40.e.6103/clear - {}
RESULT: {}
COMMAND: POST /session/a0fa65e418457f6e1528b16bc1e26f2c/element/f.6300CB9FC90E916FB2ACF31257920715.d.DDD21A053AAB66B572F3B6A58C926C40.e.6103/value - {"text":"200250"}
COMMAND: GET /session/a0fa65e418457f6e1528b16bc1e26f2c/screenshot - {}
RESULT: {"text":"200250"}
COMMAND: GET /session/a0fa65e418457f6e1528b16bc1e26f2c/screenshot - {}
RESULT: {}
RESULT: {}
COMMAND: POST /session/a0fa65e418457f6e1528b16bc1e26f2c/actions - {"actions":[{"id":"action22","type":"key","parameters":{},"actions":[{"type":"keyDown","value":"î€‡"},{"type":"pause","duration":10},{"type":"keyUp","value":"î€‡"}]}]}
RESULT: {"actions":[{"id":"action22","type":"key","parameters":{},"actions":[{"type":"keyDown","value":"î€‡"},{"type":"pause","duration":10},{"type":"keyUp","value":"î€‡"}]}]}
COMMAND: GET /session/a0fa65e418457f6e1528b16bc1e26f2c/screenshot - {}
RESULT: {}
COMMAND: POST /session/a0fa65e418457f6e1528b16bc1e26f2c/execute/sync - {"script":"<script> [276 bytes]","args":["No pricing information was found"]}
RESULT: {"script":"<script> [276 bytes]","args":["No pricing information was found"]}
COMMAND: POST /session/a0fa65e418457f6e1528b16bc1e26f2c/element - {"using":"xpath","value":"//bdi[contains(text(), \"OK\")]"}
COMMAND: GET /session/a0fa65e418457f6e1528b16bc1e26f2c/screenshot - {}
RESULT: {"using":"xpath","value":"//bdi[contains(text(), \"OK\")]"}
COMMAND: POST /session/a0fa65e418457f6e1528b16bc1e26f2c/element/f.6300CB9FC90E916FB2ACF31257920715.d.DDD21A053AAB66B572F3B6A58C926C40.e.6129/click - {}
RESULT: {}
RESULT: {}
COMMAND: GET /session/a0fa65e418457f6e1528b16bc1e26f2c/screenshot - {}
RESULT: {}
COMMAND: POST /session/a0fa65e418457f6e1528b16bc1e26f2c/element - {"using":"xpath","value":"(//button[@data-kt=\"saveButton\"])[2]"}
RESULT: {"using":"xpath","value":"(//button[@data-kt=\"saveButton\"])[2]"}
COMMAND: POST /session/a0fa65e418457f6e1528b16bc1e26f2c/element/f.6300CB9FC90E916FB2ACF31257920715.d.DDD21A053AAB66B572F3B6A58C926C40.e.6130/click - {}
RESULT: {}
COMMAND: GET /session/a0fa65e418457f6e1528b16bc1e26f2c/screenshot - {}
RESULT: {}
COMMAND: POST /session/a0fa65e418457f6e1528b16bc1e26f2c/execute/sync - {"script":"<script> [276 bytes]","args":["Some contract items are having rental validity exceeding header rental validity"]}
RESULT: {"script":"<script> [276 bytes]","args":["Some contract items are having rental validity exceeding header rental validity"]}
COMMAND: GET /session/a0fa65e418457f6e1528b16bc1e26f2c/screenshot - {}
RESULT: {}
COMMAND: POST /session/a0fa65e418457f6e1528b16bc1e26f2c/element - {"using":"xpath","value":"//span[contains(@id ,\"contractItemsSmartTable-header-inner\")]"}
RESULT: {"using":"xpath","value":"//span[contains(@id ,\"contractItemsSmartTable-header-inner\")]"}
COMMAND: POST /session/a0fa65e418457f6e1528b16bc1e26f2c/elements - {"using":"xpath","value":"//span[contains(@id ,\"contractItemsSmartTable-header-inner\")]"}
RESULT: {"using":"xpath","value":"//span[contains(@id ,\"contractItemsSmartTable-header-inner\")]"}
COMMAND: POST /session/a0fa65e418457f6e1528b16bc1e26f2c/execute/sync - {"script":"<script> [56 bytes]","args":[{"element-6066-11e4-a52e-4f735466cecf":"f.6300CB9FC90E916FB2ACF31257920715.d.DDD21A053AAB66B572F3B6A58C926C40.e.6134","ELEMENT":"f.6300CB9FC90E916FB2ACF31257920715.d.DDD21A053AAB66B572F3B6A58C926C40.e.6134"}]}
RESULT: {"script":"<script> [56 bytes]","args":[{"element-6066-11e4-a52e-4f735466cecf":"f.6300CB9FC90E916FB2ACF31257920715.d.DDD21A053AAB66B572F3B6A58C926C40.e.6134","ELEMENT":"f.6300CB9FC90E916FB2ACF31257920715.d.DDD21A053AAB66B572F3B6A58C926C40.e.6134"}]}
]]></system-out>
    </testcase>
    <testcase classname="chrome.136_0_7103_93.windows.Provide_to_Site_w/_warehouse_management_w_clarification" name="Should provide to site" time="38.691">
      <system-out><![CDATA[
COMMAND: POST /session/a0fa65e418457f6e1528b16bc1e26f2c/element - {"using":"xpath","value":"//button[@data-kt=\"provideButton\"]"}
COMMAND: GET /session/a0fa65e418457f6e1528b16bc1e26f2c/screenshot - {}
RESULT: {"using":"xpath","value":"//button[@data-kt=\"provideButton\"]"}
COMMAND: POST /session/a0fa65e418457f6e1528b16bc1e26f2c/element/f.6300CB9FC90E916FB2ACF31257920715.d.DDD21A053AAB66B572F3B6A58C926C40.e.6135/click - {}
RESULT: {}
RESULT: {}
COMMAND: GET /session/a0fa65e418457f6e1528b16bc1e26f2c/screenshot - {}
RESULT: {}
RESULT: undefined
COMMAND: POST /session/a0fa65e418457f6e1528b16bc1e26f2c/execute/async - {"script":"<script> [6424 bytes]","args":[{"element-6066-11e4-a52e-4f735466cecf":"f.6300CB9FC90E916FB2ACF31257920715.d.DDD21A053AAB66B572F3B6A58C926C40.e.5117"},"setValue",["05/17/25"]]}
COMMAND: POST /session/a0fa65e418457f6e1528b16bc1e26f2c/execute/async - {"script":"<script> [1562 bytes]","args":[{"selector":{"id":"application-managehandovers-display-component---AddNewHO--dueDate","interaction":{"idSuffix":"inner"}},"wdio_ui5_key":"applicationmanagehandovers-display-component---AddNewHO--dueDate"}]}
RESULT: {"script":"<script> [1562 bytes]","args":[{"selector":{"id":"application-managehandovers-display-component---AddNewHO--dueDate","interaction":{"idSuffix":"inner"}},"wdio_ui5_key":"applicationmanagehandovers-display-component---AddNewHO--dueDate"}]}
COMMAND: POST /session/a0fa65e418457f6e1528b16bc1e26f2c/execute/async - {"script":"<script> [6424 bytes]","args":[{"element-6066-11e4-a52e-4f735466cecf":"f.6300CB9FC90E916FB2ACF31257920715.d.DDD21A053AAB66B572F3B6A58C926C40.e.6192"},"setValue",["05/17/25"]]}
RESULT: {"script":"<script> [6424 bytes]","args":[{"element-6066-11e4-a52e-4f735466cecf":"f.6300CB9FC90E916FB2ACF31257920715.d.DDD21A053AAB66B572F3B6A58C926C40.e.6192"},"setValue",["05/17/25"]]}
COMMAND: POST /session/a0fa65e418457f6e1528b16bc1e26f2c/element - {"using":"xpath","value":"//bdi[contains(text(), \"Instructions\")]"}
RESULT: {"using":"xpath","value":"//bdi[contains(text(), \"Instructions\")]"}
COMMAND: POST /session/a0fa65e418457f6e1528b16bc1e26f2c/element/f.6300CB9FC90E916FB2ACF31257920715.d.DDD21A053AAB66B572F3B6A58C926C40.e.6452/click - {}
RESULT: {}
COMMAND: GET /session/a0fa65e418457f6e1528b16bc1e26f2c/screenshot - {}
RESULT: {}
COMMAND: POST /session/a0fa65e418457f6e1528b16bc1e26f2c/element - {"using":"xpath","value":"//button[@data-kt=\"AddNewHOProvideAddItemsButton\"]"}
RESULT: {"using":"xpath","value":"//button[@data-kt=\"AddNewHOProvideAddItemsButton\"]"}
COMMAND: POST /session/a0fa65e418457f6e1528b16bc1e26f2c/element/f.6300CB9FC90E916FB2ACF31257920715.d.DDD21A053AAB66B572F3B6A58C926C40.e.6456/click - {}
RESULT: {}
COMMAND: GET /session/a0fa65e418457f6e1528b16bc1e26f2c/screenshot - {}
RESULT: {}
RESULT: undefined
COMMAND: POST /session/a0fa65e418457f6e1528b16bc1e26f2c/element - {"using":"xpath","value":"//*[@id=\"application-managehandovers-display-component---AddNewHO--popup-sa\"]"}
RESULT: {"using":"xpath","value":"//*[@id=\"application-managehandovers-display-component---AddNewHO--popup-sa\"]"}
COMMAND: POST /session/a0fa65e418457f6e1528b16bc1e26f2c/element/f.6300CB9FC90E916FB2ACF31257920715.d.DDD21A053AAB66B572F3B6A58C926C40.e.6465/click - {}
RESULT: {}
COMMAND: GET /session/a0fa65e418457f6e1528b16bc1e26f2c/screenshot - {}
RESULT: {}
COMMAND: POST /session/a0fa65e418457f6e1528b16bc1e26f2c/element - {"using":"xpath","value":"//*[contains(@id ,\"BDI-content\")][contains(text(), \"Select\")]"}
RESULT: {"using":"xpath","value":"//*[contains(@id ,\"BDI-content\")][contains(text(), \"Select\")]"}
COMMAND: POST /session/a0fa65e418457f6e1528b16bc1e26f2c/element/f.6300CB9FC90E916FB2ACF31257920715.d.DDD21A053AAB66B572F3B6A58C926C40.e.6467/click - {}
RESULT: {}
COMMAND: GET /session/a0fa65e418457f6e1528b16bc1e26f2c/screenshot - {}
RESULT: {}
COMMAND: POST /session/a0fa65e418457f6e1528b16bc1e26f2c/element - {"using":"xpath","value":"//bdi[(text() = 'Save' or . = 'Save')]"}
RESULT: {"using":"xpath","value":"//bdi[(text() = 'Save' or . = 'Save')]"}
COMMAND: POST /session/a0fa65e418457f6e1528b16bc1e26f2c/element/f.6300CB9FC90E916FB2ACF31257920715.d.DDD21A053AAB66B572F3B6A58C926C40.e.6470/click - {}
RESULT: {}
COMMAND: GET /session/a0fa65e418457f6e1528b16bc1e26f2c/screenshot - {}
RESULT: {}
]]></system-out>
    </testcase>
    <testcase classname="chrome.136_0_7103_93.windows.Provide_to_Site_w/_warehouse_management_w_clarification" name="Should test for Handover Execution" time="149.482">
      <system-out><![CDATA[
COMMAND: POST /session/a0fa65e418457f6e1528b16bc1e26f2c/execute/async - {"script":"<script> [1562 bytes]","args":[{"selector":{"controlType":"sap.m.Link","viewName":"etm.portal.ui.managehandovers.view.DetailExecuteHO","bindingPath":{"path":"","propertyPath":"/wmDoc","modelName":"warehouseMovModel"}},"wdio_ui5_key":"etmportal.ui.managehandovers.view.DetailExecuteHOsap.m.Link{\"path\":\"\",\"propertyPath\":\"/wmDoc\",\"modelName\":\"warehouseMovModel\"}"}]}
RESULT: {"script":"<script> [1562 bytes]","args":[{"selector":{"controlType":"sap.m.Link","viewName":"etm.portal.ui.managehandovers.view.DetailExecuteHO","bindingPath":{"path":"","propertyPath":"/wmDoc","modelName":"warehouseMovModel"}},"wdio_ui5_key":"etmportal.ui.managehandovers.view.DetailExecuteHOsap.m.Link{\"path\":\"\",\"propertyPath\":\"/wmDoc\",\"modelName\":\"warehouseMovModel\"}"}]}
RESULT: undefined
COMMAND: POST /session/a0fa65e418457f6e1528b16bc1e26f2c/element - {"using":"xpath","value":"//*[@id=\"__link81\"]"}
RESULT: {"using":"xpath","value":"//*[@id=\"__link81\"]"}
COMMAND: POST /session/a0fa65e418457f6e1528b16bc1e26f2c/element/f.6300CB9FC90E916FB2ACF31257920715.d.DDD21A053AAB66B572F3B6A58C926C40.e.6495/click - {}
RESULT: {}
COMMAND: GET /session/a0fa65e418457f6e1528b16bc1e26f2c/screenshot - {}
RESULT: {}
COMMAND: POST /session/a0fa65e418457f6e1528b16bc1e26f2c/execute/async - {"script":"<script> [1562 bytes]","args":[{"selector":{"controlType":"sap.m.Link","viewName":"etm.portal.ui.managehandovers.view.DetailExecuteHO","properties":{"text":"Warehouse Overview"},"searchOpenDialogs":true},"wdio_ui5_key":"etmportal.ui.managehandovers.view.DetailExecuteHOsap.m.Link{\"text\":\"Warehouse Overview\"}"}]}
RESULT: {"script":"<script> [1562 bytes]","args":[{"selector":{"controlType":"sap.m.Link","viewName":"etm.portal.ui.managehandovers.view.DetailExecuteHO","properties":{"text":"Warehouse Overview"},"searchOpenDialogs":true},"wdio_ui5_key":"etmportal.ui.managehandovers.view.DetailExecuteHOsap.m.Link{\"text\":\"Warehouse Overview\"}"}]}
RESULT: undefined
COMMAND: POST /session/a0fa65e418457f6e1528b16bc1e26f2c/element - {"using":"xpath","value":"//*[@id=\"__link96\"]"}
RESULT: {"using":"xpath","value":"//*[@id=\"__link96\"]"}
COMMAND: POST /session/a0fa65e418457f6e1528b16bc1e26f2c/element/f.6300CB9FC90E916FB2ACF31257920715.d.DDD21A053AAB66B572F3B6A58C926C40.e.6499/click - {}
RESULT: {}
COMMAND: GET /session/a0fa65e418457f6e1528b16bc1e26f2c/screenshot - {}
RESULT: {}
COMMAND: POST /session/a0fa65e418457f6e1528b16bc1e26f2c/execute/async - {"script":"<script> [1562 bytes]","args":[{"selector":{"controlType":"sap.m.Button","viewName":"etm.portal.ui.warehousemovements.view.DisplayMovement","viewId":"application-warehousemovements-display-component---displayMovement","i18NText":{"propertyName":"text","key":"execution"},"interaction":{"idSuffix":"BDI-content"}},"wdio_ui5_key":"etmportal.ui.warehousemovements.view.DisplayMovementsap.m.Button{\"propertyName\":\"text\",\"key\":\"execution\"}"}]}
RESULT: {"script":"<script> [1562 bytes]","args":[{"selector":{"controlType":"sap.m.Button","viewName":"etm.portal.ui.warehousemovements.view.DisplayMovement","viewId":"application-warehousemovements-display-component---displayMovement","i18NText":{"propertyName":"text","key":"execution"},"interaction":{"idSuffix":"BDI-content"}},"wdio_ui5_key":"etmportal.ui.warehousemovements.view.DisplayMovementsap.m.Button{\"propertyName\":\"text\",\"key\":\"execution\"}"}]}
RESULT: undefined
COMMAND: POST /session/a0fa65e418457f6e1528b16bc1e26f2c/element - {"using":"xpath","value":"//*[@id=\"__button219\"]"}
RESULT: {"using":"xpath","value":"//*[@id=\"__button219\"]"}
COMMAND: POST /session/a0fa65e418457f6e1528b16bc1e26f2c/element/f.6300CB9FC90E916FB2ACF31257920715.d.DDD21A053AAB66B572F3B6A58C926C40.e.6616/click - {}
RESULT: {}
COMMAND: GET /session/a0fa65e418457f6e1528b16bc1e26f2c/screenshot - {}
RESULT: {}
COMMAND: POST /session/a0fa65e418457f6e1528b16bc1e26f2c/execute/async - {"script":"<script> [1562 bytes]","args":[{"selector":{"controlType":"sap.m.Button","viewName":"etm.portal.ui.warehousemovements.view.ExecuteMovement","viewId":"application-warehousemovements-display-component---executeMovement","properties":{"text":"Items"},"interaction":{"idSuffix":"BDI-content"}},"wdio_ui5_key":"etmportal.ui.warehousemovements.view.ExecuteMovementsap.m.Button{\"text\":\"Items\"}"}]}
RESULT: {"script":"<script> [1562 bytes]","args":[{"selector":{"controlType":"sap.m.Button","viewName":"etm.portal.ui.warehousemovements.view.ExecuteMovement","viewId":"application-warehousemovements-display-component---executeMovement","properties":{"text":"Items"},"interaction":{"idSuffix":"BDI-content"}},"wdio_ui5_key":"etmportal.ui.warehousemovements.view.ExecuteMovementsap.m.Button{\"text\":\"Items\"}"}]}
RESULT: undefined
COMMAND: POST /session/a0fa65e418457f6e1528b16bc1e26f2c/element - {"using":"xpath","value":"//*[@id=\"__layout353-anchBar-application-warehousemovements-display-component---executeMovement--itemsSection-anchor\"]"}
RESULT: {"using":"xpath","value":"//*[@id=\"__layout353-anchBar-application-warehousemovements-display-component---executeMovement--itemsSection-anchor\"]"}
COMMAND: POST /session/a0fa65e418457f6e1528b16bc1e26f2c/element/f.6300CB9FC90E916FB2ACF31257920715.d.DDD21A053AAB66B572F3B6A58C926C40.e.6727/click - {}
RESULT: {}
COMMAND: GET /session/a0fa65e418457f6e1528b16bc1e26f2c/screenshot - {}
RESULT: {}
COMMAND: POST /session/a0fa65e418457f6e1528b16bc1e26f2c/execute/async - {"script":"<script> [1562 bytes]","args":[{"selector":{"controlType":"sap.m.ToggleButton","viewName":"etm.portal.ui.warehousemovements.view.ExecuteMovement","viewId":"application-warehousemovements-display-component---executeMovement","bindingPath":{"propertyPath":"STATUS","modelName":"catalogModel"},"interaction":{"idSuffix":"BDI-content"}},"wdio_ui5_key":"etmportal.ui.warehousemovements.view.ExecuteMovementsap.m.ToggleButton{\"propertyPath\":\"STATUS\",\"modelName\":\"catalogModel\"}"}]}
RESULT: {"script":"<script> [1562 bytes]","args":[{"selector":{"controlType":"sap.m.ToggleButton","viewName":"etm.portal.ui.warehousemovements.view.ExecuteMovement","viewId":"application-warehousemovements-display-component---executeMovement","bindingPath":{"propertyPath":"STATUS","modelName":"catalogModel"},"interaction":{"idSuffix":"BDI-content"}},"wdio_ui5_key":"etmportal.ui.warehousemovements.view.ExecuteMovementsap.m.ToggleButton{\"propertyPath\":\"STATUS\",\"modelName\":\"catalogModel\"}"}]}
RESULT: undefined
COMMAND: POST /session/a0fa65e418457f6e1528b16bc1e26f2c/element - {"using":"xpath","value":"//*[@id=\"__button242-__clone3117\"]"}
RESULT: {"using":"xpath","value":"//*[@id=\"__button242-__clone3117\"]"}
COMMAND: POST /session/a0fa65e418457f6e1528b16bc1e26f2c/element/f.6300CB9FC90E916FB2ACF31257920715.d.DDD21A053AAB66B572F3B6A58C926C40.e.6699/click - {}
RESULT: {}
RESULT: undefined
COMMAND: POST /session/a0fa65e418457f6e1528b16bc1e26f2c/element - {"using":"xpath","value":"//*[@id=\"__button242-__clone3117\"]"}
COMMAND: GET /session/a0fa65e418457f6e1528b16bc1e26f2c/screenshot - {}
RESULT: {"using":"xpath","value":"//*[@id=\"__button242-__clone3117\"]"}
COMMAND: POST /session/a0fa65e418457f6e1528b16bc1e26f2c/element/f.6300CB9FC90E916FB2ACF31257920715.d.DDD21A053AAB66B572F3B6A58C926C40.e.6699/click - {}
RESULT: {}
RESULT: {}
COMMAND: GET /session/a0fa65e418457f6e1528b16bc1e26f2c/screenshot - {}
RESULT: {}
COMMAND: POST /session/a0fa65e418457f6e1528b16bc1e26f2c/element - {"using":"xpath","value":"//section[contains(@id,\"FC-NoHead\")]/div[1]/div[5]/div[2]/span"}
RESULT: {"using":"xpath","value":"//section[contains(@id,\"FC-NoHead\")]/div[1]/div[5]/div[2]/span"}
COMMAND: POST /session/a0fa65e418457f6e1528b16bc1e26f2c/elements - {"using":"xpath","value":"//section[contains(@id,\"FC-NoHead\")]/div[1]/div[5]/div[2]/span"}
RESULT: {"using":"xpath","value":"//section[contains(@id,\"FC-NoHead\")]/div[1]/div[5]/div[2]/span"}
COMMAND: POST /session/a0fa65e418457f6e1528b16bc1e26f2c/execute/sync - {"script":"<script> [56 bytes]","args":[{"element-6066-11e4-a52e-4f735466cecf":"f.6300CB9FC90E916FB2ACF31257920715.d.DDD21A053AAB66B572F3B6A58C926C40.e.6734","ELEMENT":"f.6300CB9FC90E916FB2ACF31257920715.d.DDD21A053AAB66B572F3B6A58C926C40.e.6734"}]}
RESULT: {"script":"<script> [56 bytes]","args":[{"element-6066-11e4-a52e-4f735466cecf":"f.6300CB9FC90E916FB2ACF31257920715.d.DDD21A053AAB66B572F3B6A58C926C40.e.6734","ELEMENT":"f.6300CB9FC90E916FB2ACF31257920715.d.DDD21A053AAB66B572F3B6A58C926C40.e.6734"}]}
COMMAND: POST /session/a0fa65e418457f6e1528b16bc1e26f2c/actions - {"actions":[{"id":"action23","type":"key","parameters":{},"actions":[{"type":"keyDown","value":"î€‡"},{"type":"pause","duration":10},{"type":"keyUp","value":"î€‡"}]}]}
COMMAND: GET /session/a0fa65e418457f6e1528b16bc1e26f2c/screenshot - {}
RESULT: {"actions":[{"id":"action23","type":"key","parameters":{},"actions":[{"type":"keyDown","value":"î€‡"},{"type":"pause","duration":10},{"type":"keyUp","value":"î€‡"}]}]}
COMMAND: POST /session/a0fa65e418457f6e1528b16bc1e26f2c/execute/async - {"script":"<script> [1562 bytes]","args":[{"selector":{"id":"application-warehousemovements-display-component---executeMovement--executeId","interaction":{"idSuffix":"BDI-content"}},"wdio_ui5_key":"applicationwarehousemovements-display-component---executeMovement--executeId"}]}
COMMAND: GET /session/a0fa65e418457f6e1528b16bc1e26f2c/screenshot - {}
RESULT: {}
RESULT: {"script":"<script> [1562 bytes]","args":[{"selector":{"id":"application-warehousemovements-display-component---executeMovement--executeId","interaction":{"idSuffix":"BDI-content"}},"wdio_ui5_key":"applicationwarehousemovements-display-component---executeMovement--executeId"}]}
RESULT: undefined
COMMAND: POST /session/a0fa65e418457f6e1528b16bc1e26f2c/element - {"using":"xpath","value":"//*[@id=\"application-warehousemovements-display-component---executeMovement--executeId\"]"}
RESULT: {}
RESULT: {"using":"xpath","value":"//*[@id=\"application-warehousemovements-display-component---executeMovement--executeId\"]"}
COMMAND: POST /session/a0fa65e418457f6e1528b16bc1e26f2c/element/f.6300CB9FC90E916FB2ACF31257920715.d.DDD21A053AAB66B572F3B6A58C926C40.e.6693/click - {}
RESULT: {}
COMMAND: GET /session/a0fa65e418457f6e1528b16bc1e26f2c/screenshot - {}
RESULT: {}
COMMAND: POST /session/a0fa65e418457f6e1528b16bc1e26f2c/element - {"using":"css selector","value":"#shell-header-logo"}
RESULT: {"using":"css selector","value":"#shell-header-logo"}
COMMAND: POST /session/a0fa65e418457f6e1528b16bc1e26f2c/element/f.6300CB9FC90E916FB2ACF31257920715.d.DDD21A053AAB66B572F3B6A58C926C40.e.5513/click - {}
RESULT: {}
COMMAND: GET /session/a0fa65e418457f6e1528b16bc1e26f2c/screenshot - {}
RESULT: {}
RESULT: undefined
COMMAND: POST /session/a0fa65e418457f6e1528b16bc1e26f2c/element - {"using":"xpath","value":"//*[@id=\"__tile133\"]"}
RESULT: {"using":"xpath","value":"//*[@id=\"__tile133\"]"}
COMMAND: POST /session/a0fa65e418457f6e1528b16bc1e26f2c/element/f.6300CB9FC90E916FB2ACF31257920715.d.DDD21A053AAB66B572F3B6A58C926C40.e.4096/click - {}
RESULT: {}
COMMAND: GET /session/a0fa65e418457f6e1528b16bc1e26f2c/screenshot - {}
RESULT: {}
COMMAND: POST /session/a0fa65e418457f6e1528b16bc1e26f2c/elements - {"using":"xpath","value":"//span[text()='Error']"}
RESULT: {"using":"xpath","value":"//span[text()='Error']"}
COMMAND: POST /session/a0fa65e418457f6e1528b16bc1e26f2c/execute/async - {"script":"<script> [1562 bytes]","args":[{"selector":{"controlType":"sap.m.SearchField","viewName":"etm.portal.ui.managehandovers.view.MasterHO","bindingPath":{"propertyPath":"/_BASIC_SEARCH_FIELD","modelName":"fi1t3rM0d31"},"interaction":{"idSuffix":"I"}},"wdio_ui5_key":"etmportal.ui.managehandovers.view.MasterHOsap.m.SearchField{\"propertyPath\":\"/_BASIC_SEARCH_FIELD\",\"modelName\":\"fi1t3rM0d31\"}"}]}
RESULT: {"script":"<script> [1562 bytes]","args":[{"selector":{"controlType":"sap.m.SearchField","viewName":"etm.portal.ui.managehandovers.view.MasterHO","bindingPath":{"propertyPath":"/_BASIC_SEARCH_FIELD","modelName":"fi1t3rM0d31"},"interaction":{"idSuffix":"I"}},"wdio_ui5_key":"etmportal.ui.managehandovers.view.MasterHOsap.m.SearchField{\"propertyPath\":\"/_BASIC_SEARCH_FIELD\",\"modelName\":\"fi1t3rM0d31\"}"}]}
RESULT: undefined
COMMAND: POST /session/a0fa65e418457f6e1528b16bc1e26f2c/execute/async - {"script":"<script> [776 bytes]","args":[{"enterText":"30620","selector":{"controlType":"sap.m.SearchField","viewName":"etm.portal.ui.managehandovers.view.MasterHO","bindingPath":{"propertyPath":"/_BASIC_SEARCH_FIELD","modelName":"fi1t3rM0d31"},"interaction":{"idSuffix":"I"}},"clearTextFirst":true,"interactionType":"ENTER_TEXT"}]}
RESULT: {"script":"<script> [776 bytes]","args":[{"enterText":"30620","selector":{"controlType":"sap.m.SearchField","viewName":"etm.portal.ui.managehandovers.view.MasterHO","bindingPath":{"propertyPath":"/_BASIC_SEARCH_FIELD","modelName":"fi1t3rM0d31"},"interaction":{"idSuffix":"I"}},"clearTextFirst":true,"interactionType":"ENTER_TEXT"}]}
COMMAND: POST /session/a0fa65e418457f6e1528b16bc1e26f2c/actions - {"actions":[{"id":"action24","type":"key","parameters":{},"actions":[{"type":"keyDown","value":"î€‡"},{"type":"pause","duration":10},{"type":"keyUp","value":"î€‡"}]}]}
RESULT: {"actions":[{"id":"action24","type":"key","parameters":{},"actions":[{"type":"keyDown","value":"î€‡"},{"type":"pause","duration":10},{"type":"keyUp","value":"î€‡"}]}]}
COMMAND: GET /session/a0fa65e418457f6e1528b16bc1e26f2c/screenshot - {}
RESULT: {}
COMMAND: POST /session/a0fa65e418457f6e1528b16bc1e26f2c/execute/async - {"script":"<script> [1562 bytes]","args":[{"selector":{"controlType":"sap.ui.core.Icon","viewName":"etm.portal.ui.managehandovers.view.MasterHO","properties":{"src":{"regex":{"source":"slim\\-arrow\\-right"}}}},"wdio_ui5_key":"etmportal.ui.managehandovers.view.MasterHOsap.ui.core.Icon{\"src\":{\"regex\":{\"source\":\"slim\\\\-arrow\\\\-right\"}}}"}]}
RESULT: {"script":"<script> [1562 bytes]","args":[{"selector":{"controlType":"sap.ui.core.Icon","viewName":"etm.portal.ui.managehandovers.view.MasterHO","properties":{"src":{"regex":{"source":"slim\\-arrow\\-right"}}}},"wdio_ui5_key":"etmportal.ui.managehandovers.view.MasterHOsap.ui.core.Icon{\"src\":{\"regex\":{\"source\":\"slim\\\\-arrow\\\\-right\"}}}"}]}
RESULT: undefined
COMMAND: POST /session/a0fa65e418457f6e1528b16bc1e26f2c/element - {"using":"xpath","value":"//*[@id=\"__item1664-__clone3196-imgNav\"]"}
RESULT: {"using":"xpath","value":"//*[@id=\"__item1664-__clone3196-imgNav\"]"}
COMMAND: POST /session/a0fa65e418457f6e1528b16bc1e26f2c/element/f.6300CB9FC90E916FB2ACF31257920715.d.DDD21A053AAB66B572F3B6A58C926C40.e.6926/click - {}
RESULT: {}
COMMAND: GET /session/a0fa65e418457f6e1528b16bc1e26f2c/screenshot - {}
RESULT: {}
COMMAND: POST /session/a0fa65e418457f6e1528b16bc1e26f2c/execute/async - {"script":"<script> [1562 bytes]","args":[{"selector":{"controlType":"sap.m.Button","viewName":"etm.portal.ui.managehandovers.view.DetailExecuteHO","i18NText":{"propertyName":"text","key":"confirmAll"},"interaction":{"idSuffix":"BDI-content"}},"wdio_ui5_key":"etmportal.ui.managehandovers.view.DetailExecuteHOsap.m.Button{\"propertyName\":\"text\",\"key\":\"confirmAll\"}"}]}
RESULT: {"script":"<script> [1562 bytes]","args":[{"selector":{"controlType":"sap.m.Button","viewName":"etm.portal.ui.managehandovers.view.DetailExecuteHO","i18NText":{"propertyName":"text","key":"confirmAll"},"interaction":{"idSuffix":"BDI-content"}},"wdio_ui5_key":"etmportal.ui.managehandovers.view.DetailExecuteHOsap.m.Button{\"propertyName\":\"text\",\"key\":\"confirmAll\"}"}]}
RESULT: undefined
COMMAND: POST /session/a0fa65e418457f6e1528b16bc1e26f2c/element - {"using":"xpath","value":"//*[@id=\"__button280\"]"}
RESULT: {"using":"xpath","value":"//*[@id=\"__button280\"]"}
COMMAND: POST /session/a0fa65e418457f6e1528b16bc1e26f2c/element/f.6300CB9FC90E916FB2ACF31257920715.d.DDD21A053AAB66B572F3B6A58C926C40.e.7010/click - {}
RESULT: {}
COMMAND: GET /session/a0fa65e418457f6e1528b16bc1e26f2c/screenshot - {}
RESULT: {}
COMMAND: POST /session/a0fa65e418457f6e1528b16bc1e26f2c/actions - {"actions":[{"id":"action25","type":"key","parameters":{},"actions":[{"type":"keyDown","value":"î€‡"},{"type":"pause","duration":10},{"type":"keyUp","value":"î€‡"}]}]}
RESULT: {"actions":[{"id":"action25","type":"key","parameters":{},"actions":[{"type":"keyDown","value":"î€‡"},{"type":"pause","duration":10},{"type":"keyUp","value":"î€‡"}]}]}
COMMAND: GET /session/a0fa65e418457f6e1528b16bc1e26f2c/screenshot - {}
RESULT: {}
COMMAND: POST /session/a0fa65e418457f6e1528b16bc1e26f2c/element - {"using":"xpath","value":"//button[@data-kt=\"execHoIssueButton\"]"}
RESULT: {"using":"xpath","value":"//button[@data-kt=\"execHoIssueButton\"]"}
COMMAND: POST /session/a0fa65e418457f6e1528b16bc1e26f2c/element/f.6300CB9FC90E916FB2ACF31257920715.d.DDD21A053AAB66B572F3B6A58C926C40.e.7014/click - {}
RESULT: {}
COMMAND: GET /session/a0fa65e418457f6e1528b16bc1e26f2c/screenshot - {}
RESULT: {}
RESULT: undefined
COMMAND: POST /session/a0fa65e418457f6e1528b16bc1e26f2c/execute/async - {"script":"<script> [776 bytes]","args":[{"enterText":"30620","selector":{"controlType":"sap.m.SearchField","viewName":"etm.portal.ui.managehandovers.view.MasterHO","bindingPath":{"propertyPath":"/_BASIC_SEARCH_FIELD","modelName":"fi1t3rM0d31"},"interaction":{"idSuffix":"I"}},"clearTextFirst":true,"interactionType":"ENTER_TEXT"}]}
RESULT: {"script":"<script> [776 bytes]","args":[{"enterText":"30620","selector":{"controlType":"sap.m.SearchField","viewName":"etm.portal.ui.managehandovers.view.MasterHO","bindingPath":{"propertyPath":"/_BASIC_SEARCH_FIELD","modelName":"fi1t3rM0d31"},"interaction":{"idSuffix":"I"}},"clearTextFirst":true,"interactionType":"ENTER_TEXT"}]}
COMMAND: POST /session/a0fa65e418457f6e1528b16bc1e26f2c/actions - {"actions":[{"id":"action26","type":"key","parameters":{},"actions":[{"type":"keyDown","value":"î€‡"},{"type":"pause","duration":10},{"type":"keyUp","value":"î€‡"}]}]}
RESULT: {"actions":[{"id":"action26","type":"key","parameters":{},"actions":[{"type":"keyDown","value":"î€‡"},{"type":"pause","duration":10},{"type":"keyUp","value":"î€‡"}]}]}
COMMAND: GET /session/a0fa65e418457f6e1528b16bc1e26f2c/screenshot - {}
RESULT: {}
COMMAND: POST /session/a0fa65e418457f6e1528b16bc1e26f2c/element - {"using":"xpath","value":"//span[(text() = '30620' or . = '30620')]"}
RESULT: {"using":"xpath","value":"//span[(text() = '30620' or . = '30620')]"}
COMMAND: POST /session/a0fa65e418457f6e1528b16bc1e26f2c/element/f.6300CB9FC90E916FB2ACF31257920715.d.DDD21A053AAB66B572F3B6A58C926C40.e.7073/click - {}
RESULT: {}
COMMAND: GET /session/a0fa65e418457f6e1528b16bc1e26f2c/screenshot - {}
RESULT: {}
COMMAND: POST /session/a0fa65e418457f6e1528b16bc1e26f2c/element - {"using":"xpath","value":"//span[contains(text(), \"Instructions\")]"}
RESULT: {"using":"xpath","value":"//span[contains(text(), \"Instructions\")]"}
COMMAND: POST /session/a0fa65e418457f6e1528b16bc1e26f2c/element/f.6300CB9FC90E916FB2ACF31257920715.d.DDD21A053AAB66B572F3B6A58C926C40.e.7095/click - {}
RESULT: {}
COMMAND: GET /session/a0fa65e418457f6e1528b16bc1e26f2c/screenshot - {}
RESULT: {}
COMMAND: POST /session/a0fa65e418457f6e1528b16bc1e26f2c/element - {"using":"xpath","value":"//span[contains(text(), \"Instructions\")]"}
RESULT: {"using":"xpath","value":"//span[contains(text(), \"Instructions\")]"}
COMMAND: POST /session/a0fa65e418457f6e1528b16bc1e26f2c/element/f.6300CB9FC90E916FB2ACF31257920715.d.DDD21A053AAB66B572F3B6A58C926C40.e.7095/click - {}
RESULT: {}
COMMAND: GET /session/a0fa65e418457f6e1528b16bc1e26f2c/screenshot - {}
RESULT: {}
COMMAND: POST /session/a0fa65e418457f6e1528b16bc1e26f2c/execute/async - {"script":"<script> [1562 bytes]","args":[{"selector":{"controlType":"sap.m.ComboBox","viewName":"etm.portal.ui.managehandovers.view.DetailExecuteHO","bindingPath":{"propertyPath":"RECEIVING_SECTION","modelName":"catalogModel"},"interaction":{"idSuffix":"inner"}},"wdio_ui5_key":"etmportal.ui.managehandovers.view.DetailExecuteHOsap.m.ComboBox{\"propertyPath\":\"RECEIVING_SECTION\",\"modelName\":\"catalogModel\"}"}]}
RESULT: {"script":"<script> [1562 bytes]","args":[{"selector":{"controlType":"sap.m.ComboBox","viewName":"etm.portal.ui.managehandovers.view.DetailExecuteHO","bindingPath":{"propertyPath":"RECEIVING_SECTION","modelName":"catalogModel"},"interaction":{"idSuffix":"inner"}},"wdio_ui5_key":"etmportal.ui.managehandovers.view.DetailExecuteHOsap.m.ComboBox{\"propertyPath\":\"RECEIVING_SECTION\",\"modelName\":\"catalogModel\"}"}]}
RESULT: undefined
COMMAND: POST /session/a0fa65e418457f6e1528b16bc1e26f2c/execute/async - {"script":"<script> [776 bytes]","args":[{"enterText":"WDIO-2237","selector":{"controlType":"sap.m.ComboBox","viewName":"etm.portal.ui.managehandovers.view.DetailExecuteHO","bindingPath":{"propertyPath":"RECEIVING_SECTION","modelName":"catalogModel"},"interaction":{"idSuffix":"inner"}},"clearTextFirst":true,"interactionType":"ENTER_TEXT"}]}
RESULT: {"script":"<script> [776 bytes]","args":[{"enterText":"WDIO-2237","selector":{"controlType":"sap.m.ComboBox","viewName":"etm.portal.ui.managehandovers.view.DetailExecuteHO","bindingPath":{"propertyPath":"RECEIVING_SECTION","modelName":"catalogModel"},"interaction":{"idSuffix":"inner"}},"clearTextFirst":true,"interactionType":"ENTER_TEXT"}]}
COMMAND: POST /session/a0fa65e418457f6e1528b16bc1e26f2c/actions - {"actions":[{"id":"action27","type":"key","parameters":{},"actions":[{"type":"keyDown","value":"î€‡"},{"type":"pause","duration":10},{"type":"keyUp","value":"î€‡"}]}]}
RESULT: {"actions":[{"id":"action27","type":"key","parameters":{},"actions":[{"type":"keyDown","value":"î€‡"},{"type":"pause","duration":10},{"type":"keyUp","value":"î€‡"}]}]}
COMMAND: GET /session/a0fa65e418457f6e1528b16bc1e26f2c/screenshot - {}
RESULT: {}
COMMAND: POST /session/a0fa65e418457f6e1528b16bc1e26f2c/element - {"using":"xpath","value":"//button[@data-kt= \"execHoReceiveButton\"]"}
RESULT: {"using":"xpath","value":"//button[@data-kt= \"execHoReceiveButton\"]"}
COMMAND: POST /session/a0fa65e418457f6e1528b16bc1e26f2c/element/f.6300CB9FC90E916FB2ACF31257920715.d.DDD21A053AAB66B572F3B6A58C926C40.e.7101/click - {}
RESULT: {}
COMMAND: GET /session/a0fa65e418457f6e1528b16bc1e26f2c/screenshot - {}
RESULT: {}
COMMAND: POST /session/a0fa65e418457f6e1528b16bc1e26f2c/execute/async - {"script":"<script> [1562 bytes]","args":[{"selector":{"controlType":"sap.m.Button","properties":{"text":"Continue"},"searchOpenDialogs":true,"interaction":{"idSuffix":"content"}},"wdio_ui5_key":"sapm.Button{\"text\":\"Continue\"}"}]}
RESULT: {"script":"<script> [1562 bytes]","args":[{"selector":{"controlType":"sap.m.Button","properties":{"text":"Continue"},"searchOpenDialogs":true,"interaction":{"idSuffix":"content"}},"wdio_ui5_key":"sapm.Button{\"text\":\"Continue\"}"}]}
RESULT: undefined
COMMAND: POST /session/a0fa65e418457f6e1528b16bc1e26f2c/element - {"using":"xpath","value":"//*[@id=\"__mbox-btn-6\"]"}
RESULT: {"using":"xpath","value":"//*[@id=\"__mbox-btn-6\"]"}
COMMAND: POST /session/a0fa65e418457f6e1528b16bc1e26f2c/element/f.6300CB9FC90E916FB2ACF31257920715.d.DDD21A053AAB66B572F3B6A58C926C40.e.7102/click - {}
RESULT: {}
COMMAND: GET /session/a0fa65e418457f6e1528b16bc1e26f2c/screenshot - {}
RESULT: {}
COMMAND: POST /session/a0fa65e418457f6e1528b16bc1e26f2c/element - {"using":"css selector","value":"#shell-header-logo"}
RESULT: {"using":"css selector","value":"#shell-header-logo"}
COMMAND: POST /session/a0fa65e418457f6e1528b16bc1e26f2c/element/f.6300CB9FC90E916FB2ACF31257920715.d.DDD21A053AAB66B572F3B6A58C926C40.e.6802/click - {}
RESULT: {}
COMMAND: GET /session/a0fa65e418457f6e1528b16bc1e26f2c/screenshot - {}
RESULT: {}
]]></system-out>
    </testcase>
    <testcase classname="chrome.136_0_7103_93.windows.Provide_to_Site_w/_warehouse_management_w_clarification" name="Should test for Clarification" time="69.364">
      <system-out><![CDATA[
RESULT: undefined
COMMAND: POST /session/a0fa65e418457f6e1528b16bc1e26f2c/element - {"using":"xpath","value":"//*[@id=\"__tile133\"]"}
RESULT: {"using":"xpath","value":"//*[@id=\"__tile133\"]"}
COMMAND: POST /session/a0fa65e418457f6e1528b16bc1e26f2c/element/f.6300CB9FC90E916FB2ACF31257920715.d.DDD21A053AAB66B572F3B6A58C926C40.e.4096/click - {}
RESULT: {}
COMMAND: GET /session/a0fa65e418457f6e1528b16bc1e26f2c/screenshot - {}
RESULT: {}
COMMAND: POST /session/a0fa65e418457f6e1528b16bc1e26f2c/elements - {"using":"xpath","value":"//span[text()='Error']"}
RESULT: {"using":"xpath","value":"//span[text()='Error']"}
RESULT: undefined
COMMAND: POST /session/a0fa65e418457f6e1528b16bc1e26f2c/execute/async - {"script":"<script> [776 bytes]","args":[{"enterText":"30620","selector":{"controlType":"sap.m.SearchField","viewName":"etm.portal.ui.managehandovers.view.MasterHO","bindingPath":{"propertyPath":"/_BASIC_SEARCH_FIELD","modelName":"fi1t3rM0d31"},"interaction":{"idSuffix":"I"}},"clearTextFirst":true,"interactionType":"ENTER_TEXT"}]}
RESULT: {"script":"<script> [776 bytes]","args":[{"enterText":"30620","selector":{"controlType":"sap.m.SearchField","viewName":"etm.portal.ui.managehandovers.view.MasterHO","bindingPath":{"propertyPath":"/_BASIC_SEARCH_FIELD","modelName":"fi1t3rM0d31"},"interaction":{"idSuffix":"I"}},"clearTextFirst":true,"interactionType":"ENTER_TEXT"}]}
COMMAND: POST /session/a0fa65e418457f6e1528b16bc1e26f2c/actions - {"actions":[{"id":"action28","type":"key","parameters":{},"actions":[{"type":"keyDown","value":"î€‡"},{"type":"pause","duration":10},{"type":"keyUp","value":"î€‡"}]}]}
RESULT: {"actions":[{"id":"action28","type":"key","parameters":{},"actions":[{"type":"keyDown","value":"î€‡"},{"type":"pause","duration":10},{"type":"keyUp","value":"î€‡"}]}]}
COMMAND: GET /session/a0fa65e418457f6e1528b16bc1e26f2c/screenshot - {}
RESULT: {}
COMMAND: POST /session/a0fa65e418457f6e1528b16bc1e26f2c/element - {"using":"xpath","value":"//span[(text() = '30620' or . = '30620')]"}
RESULT: {"using":"xpath","value":"//span[(text() = '30620' or . = '30620')]"}
COMMAND: POST /session/a0fa65e418457f6e1528b16bc1e26f2c/element/f.6300CB9FC90E916FB2ACF31257920715.d.DDD21A053AAB66B572F3B6A58C926C40.e.7266/click - {}
RESULT: {}
COMMAND: GET /session/a0fa65e418457f6e1528b16bc1e26f2c/screenshot - {}
RESULT: {}
COMMAND: POST /session/a0fa65e418457f6e1528b16bc1e26f2c/element - {"using":"xpath","value":"//span[contains(text(), \"Instructions\")]"}
RESULT: {"using":"xpath","value":"//span[contains(text(), \"Instructions\")]"}
COMMAND: POST /session/a0fa65e418457f6e1528b16bc1e26f2c/element/f.6300CB9FC90E916FB2ACF31257920715.d.DDD21A053AAB66B572F3B6A58C926C40.e.7341/click - {}
RESULT: {}
COMMAND: GET /session/a0fa65e418457f6e1528b16bc1e26f2c/screenshot - {}
RESULT: {}
COMMAND: POST /session/a0fa65e418457f6e1528b16bc1e26f2c/element - {"using":"xpath","value":"//span[contains(text(), \"Instructions\")]"}
RESULT: {"using":"xpath","value":"//span[contains(text(), \"Instructions\")]"}
COMMAND: POST /session/a0fa65e418457f6e1528b16bc1e26f2c/element/f.6300CB9FC90E916FB2ACF31257920715.d.DDD21A053AAB66B572F3B6A58C926C40.e.7341/click - {}
RESULT: {}
COMMAND: GET /session/a0fa65e418457f6e1528b16bc1e26f2c/screenshot - {}
RESULT: {}
COMMAND: POST /session/a0fa65e418457f6e1528b16bc1e26f2c/element - {"using":"xpath","value":"//button[.//bdi[text() = \"Refuse\"]]"}
RESULT: {"using":"xpath","value":"//button[.//bdi[text() = \"Refuse\"]]"}
COMMAND: POST /session/a0fa65e418457f6e1528b16bc1e26f2c/element/f.6300CB9FC90E916FB2ACF31257920715.d.DDD21A053AAB66B572F3B6A58C926C40.e.7347/click - {}
RESULT: {}
COMMAND: GET /session/a0fa65e418457f6e1528b16bc1e26f2c/screenshot - {}
RESULT: {}
COMMAND: POST /session/a0fa65e418457f6e1528b16bc1e26f2c/element - {"using":"xpath","value":"//button[@data-kt= \"execHoReceiveRefuseButton\"]"}
RESULT: {"using":"xpath","value":"//button[@data-kt= \"execHoReceiveRefuseButton\"]"}
COMMAND: POST /session/a0fa65e418457f6e1528b16bc1e26f2c/element/f.6300CB9FC90E916FB2ACF31257920715.d.DDD21A053AAB66B572F3B6A58C926C40.e.7349/click - {}
RESULT: {}
COMMAND: GET /session/a0fa65e418457f6e1528b16bc1e26f2c/screenshot - {}
RESULT: {}
COMMAND: POST /session/a0fa65e418457f6e1528b16bc1e26f2c/element - {"using":"css selector","value":"#shell-header-logo"}
RESULT: {"using":"css selector","value":"#shell-header-logo"}
COMMAND: POST /session/a0fa65e418457f6e1528b16bc1e26f2c/element/f.6300CB9FC90E916FB2ACF31257920715.d.DDD21A053AAB66B572F3B6A58C926C40.e.7147/click - {}
RESULT: {}
COMMAND: GET /session/a0fa65e418457f6e1528b16bc1e26f2c/screenshot - {}
RESULT: {}
COMMAND: POST /session/a0fa65e418457f6e1528b16bc1e26f2c/element - {"using":"css selector","value":"#j_username"}
COMMAND: POST /session/a0fa65e418457f6e1528b16bc1e26f2c/url - {"url":"https://qa-testing-00-live-etm-ui.cfapps.eu10-004.hana.ondemand.com/"}
RESULT: {"using":"css selector","value":"#j_username"}
COMMAND: POST /session/a0fa65e418457f6e1528b16bc1e26f2c/element - {"using":"css selector","value":"#j_username"}
RESULT: {"url":"https://qa-testing-00-live-etm-ui.cfapps.eu10-004.hana.ondemand.com/"}
RESULT: undefined
COMMAND: GET /session/a0fa65e418457f6e1528b16bc1e26f2c/screenshot - {}
RESULT: {"using":"css selector","value":"#j_username"}
COMMAND: POST /session/a0fa65e418457f6e1528b16bc1e26f2c/element - {"using":"css selector","value":"#shell-header-logo"}
RESULT: {}
RESULT: {"using":"css selector","value":"#shell-header-logo"}
COMMAND: POST /session/a0fa65e418457f6e1528b16bc1e26f2c/execute/sync - {"script":"<script> [8489 bytes]","args":[{"element-6066-11e4-a52e-4f735466cecf":"f.6300CB9FC90E916FB2ACF31257920715.d.5F0D1AFFB085ED8414D391ECD932A8C7.e.7415","ELEMENT":"f.6300CB9FC90E916FB2ACF31257920715.d.5F0D1AFFB085ED8414D391ECD932A8C7.e.7415"}]}
RESULT: {"script":"<script> [8489 bytes]","args":[{"element-6066-11e4-a52e-4f735466cecf":"f.6300CB9FC90E916FB2ACF31257920715.d.5F0D1AFFB085ED8414D391ECD932A8C7.e.7415","ELEMENT":"f.6300CB9FC90E916FB2ACF31257920715.d.5F0D1AFFB085ED8414D391ECD932A8C7.e.7415"}]}
COMMAND: POST /session/a0fa65e418457f6e1528b16bc1e26f2c/element - {"using":"css selector","value":"#shell-header-logo"}
COMMAND: GET /session/a0fa65e418457f6e1528b16bc1e26f2c/screenshot - {}
RESULT: {"using":"css selector","value":"#shell-header-logo"}
COMMAND: POST /session/a0fa65e418457f6e1528b16bc1e26f2c/execute/sync - {"script":"<script> [8489 bytes]","args":[{"element-6066-11e4-a52e-4f735466cecf":"f.6300CB9FC90E916FB2ACF31257920715.d.5F0D1AFFB085ED8414D391ECD932A8C7.e.7415","ELEMENT":"f.6300CB9FC90E916FB2ACF31257920715.d.5F0D1AFFB085ED8414D391ECD932A8C7.e.7415"}]}
RESULT: {}
RESULT: {"script":"<script> [8489 bytes]","args":[{"element-6066-11e4-a52e-4f735466cecf":"f.6300CB9FC90E916FB2ACF31257920715.d.5F0D1AFFB085ED8414D391ECD932A8C7.e.7415","ELEMENT":"f.6300CB9FC90E916FB2ACF31257920715.d.5F0D1AFFB085ED8414D391ECD932A8C7.e.7415"}]}
COMMAND: POST /session/a0fa65e418457f6e1528b16bc1e26f2c/execute/sync - {"script":"<script> [5351 bytes]","args":[{"element-6066-11e4-a52e-4f735466cecf":"f.6300CB9FC90E916FB2ACF31257920715.d.5F0D1AFFB085ED8414D391ECD932A8C7.e.7415","ELEMENT":"f.6300CB9FC90E916FB2ACF31257920715.d.5F0D1AFFB085ED8414D391ECD932A8C7.e.7415"}]}
COMMAND: GET /session/a0fa65e418457f6e1528b16bc1e26f2c/screenshot - {}
RESULT: {"script":"<script> [5351 bytes]","args":[{"element-6066-11e4-a52e-4f735466cecf":"f.6300CB9FC90E916FB2ACF31257920715.d.5F0D1AFFB085ED8414D391ECD932A8C7.e.7415","ELEMENT":"f.6300CB9FC90E916FB2ACF31257920715.d.5F0D1AFFB085ED8414D391ECD932A8C7.e.7415"}]}
COMMAND: POST /session/a0fa65e418457f6e1528b16bc1e26f2c/element - {"using":"css selector","value":"#shell-header-logo"}
COMMAND: GET /session/a0fa65e418457f6e1528b16bc1e26f2c/screenshot - {}
RESULT: {}
RESULT: {"using":"css selector","value":"#shell-header-logo"}
COMMAND: POST /session/a0fa65e418457f6e1528b16bc1e26f2c/element/f.6300CB9FC90E916FB2ACF31257920715.d.5F0D1AFFB085ED8414D391ECD932A8C7.e.7415/click - {}
RESULT: {}
RESULT: {}
COMMAND: GET /session/a0fa65e418457f6e1528b16bc1e26f2c/screenshot - {}
RESULT: {}
COMMAND: POST /session/a0fa65e418457f6e1528b16bc1e26f2c/execute/async - {"script":"<script> [189 bytes]","args":[]}
RESULT: {"script":"<script> [189 bytes]","args":[]}
COMMAND: POST /session/a0fa65e418457f6e1528b16bc1e26f2c/execute/async - {"script":"<script> [123 bytes]","args":[]}
RESULT: {"script":"<script> [123 bytes]","args":[]}
COMMAND: POST /session/a0fa65e418457f6e1528b16bc1e26f2c/timeouts - {"script":"<number>"}
RESULT: {"script":"<number>"}
COMMAND: GET /session/a0fa65e418457f6e1528b16bc1e26f2c/timeouts - {}
RESULT: {}
RESULT: undefined
COMMAND: POST /session/a0fa65e418457f6e1528b16bc1e26f2c/execute/async - {"script":"<script> [2676 bytes]","args":[]}
RESULT: {"script":"<script> [2676 bytes]","args":[]}
COMMAND: POST /session/a0fa65e418457f6e1528b16bc1e26f2c/execute/async - {"script":"<script> [2342 bytes]","args":[{"protocol":"http","hostname":"0.0.0.0","path":"/","capabilities":{"browserName":"chrome","goog:chromeOptions":{"binary":"C:\\Program Files\\Google\\Chrome\\Application\\chrome.exe","args":["--start-maximized"]}},"logLevel":"warn","connectionRetryTimeout":120000,"connectionRetryCount":3,"logLevels":{},"enableDirectConnect":true,"strictSSL":true,"_":"65 more keys: [\"cacheDir\",\"port\",\"requestedCapabilities\",\"automationProtocol\",\"baseUrl\",\"waitforInterval\",\"waitforTimeout\",\"onReload\",\"beforeCommand\",\"afterCommand\",\"rootDir\",\"specs\",\"suites\",\"exclude\",\"groupLogsByTestSpec\",\"excludeDriverLogs\",\"bail\",\"framework\",\"reporters\",\"services\",\"maxInstances\",\"maxInstancesPerCapability\",\"injectGlobals\",\"filesToWatch\",\"execArgv\",\"runnerEnv\",\"runner\",\"shard\",\"specFileRetries\",\"specFileRetriesDelay\",\"specFileRetriesDeferred\",\"reporterSyncInterval\",\"reporterSyncTimeout\",\"cucumberFeaturesWithLineNumbers\",\"autoCompileOpts\",\"mochaOpts\",\"jasmineOpts\",\"cucumberOpts\",\"onPrepare\",\"onWorkerStart\",\"onWorkerEnd\",\"before\",\"beforeSession\",\"beforeSuite\",\"beforeHook\",\"beforeTest\",\"afterTest\",\"afterHook\",\"afterSuite\",\"afterSession\",\"after\",\"onComplete\",\"beforeAssertion\",\"afterAssertion\",\"beforeFeature\",\"beforeScenario\",\"beforeStep\",\"afterStep\",\"afterScenario\",\"afterFeature\",\"_\",\"suite\",\"$0\",\"ignoredWorkerServices\",\"wdi5\"]"}]}
RESULT: {"script":"<script> [2342 bytes]","args":[{"protocol":"http","hostname":"0.0.0.0","path":"/","capabilities":{"browserName":"chrome","goog:chromeOptions":{"binary":"C:\\Program Files\\Google\\Chrome\\Application\\chrome.exe","args":["--start-maximized"]}},"logLevel":"warn","connectionRetryTimeout":120000,"connectionRetryCount":3,"logLevels":{},"enableDirectConnect":true,"strictSSL":true,"_":"65 more keys: [\"cacheDir\",\"port\",\"requestedCapabilities\",\"automationProtocol\",\"baseUrl\",\"waitforInterval\",\"waitforTimeout\",\"onReload\",\"beforeCommand\",\"afterCommand\",\"rootDir\",\"specs\",\"suites\",\"exclude\",\"groupLogsByTestSpec\",\"excludeDriverLogs\",\"bail\",\"framework\",\"reporters\",\"services\",\"maxInstances\",\"maxInstancesPerCapability\",\"injectGlobals\",\"filesToWatch\",\"execArgv\",\"runnerEnv\",\"runner\",\"shard\",\"specFileRetries\",\"specFileRetriesDelay\",\"specFileRetriesDeferred\",\"reporterSyncInterval\",\"reporterSyncTimeout\",\"cucumberFeaturesWithLineNumbers\",\"autoCompileOpts\",\"mochaOpts\",\"jasmineOpts\",\"cucumberOpts\",\"onPrepare\",\"onWorkerStart\",\"onWorkerEnd\",\"before\",\"beforeSession\",\"beforeSuite\",\"beforeHook\",\"beforeTest\",\"afterTest\",\"afterHook\",\"afterSuite\",\"afterSession\",\"after\",\"onComplete\",\"beforeAssertion\",\"afterAssertion\",\"beforeFeature\",\"beforeScenario\",\"beforeStep\",\"afterStep\",\"afterScenario\",\"afterFeature\",\"_\",\"suite\",\"$0\",\"ignoredWorkerServices\",\"wdi5\"]"}]}
COMMAND: POST /session/a0fa65e418457f6e1528b16bc1e26f2c/execute/async - {"script":"<script> [21126 bytes]","args":[35000]}
RESULT: {"script":"<script> [21126 bytes]","args":[35000]}
COMMAND: POST /session/a0fa65e418457f6e1528b16bc1e26f2c/window/maximize - {}
RESULT: {}
COMMAND: POST /session/a0fa65e418457f6e1528b16bc1e26f2c/execute/async - {"script":"<script> [1562 bytes]","args":[{"selector":{"id":"shell-header","interaction":{"idSuffix":"icon"}},"wdio_ui5_key":"shellheader"}]}
COMMAND: GET /session/a0fa65e418457f6e1528b16bc1e26f2c/screenshot - {}
RESULT: {"script":"<script> [1562 bytes]","args":[{"selector":{"id":"shell-header","interaction":{"idSuffix":"icon"}},"wdio_ui5_key":"shellheader"}]}
RESULT: undefined
COMMAND: POST /session/a0fa65e418457f6e1528b16bc1e26f2c/window/fullscreen - {}
RESULT: {}
RESULT: {}
]]></system-out>
    </testcase>
  </testsuite>
  <testsuite timestamp="2025-05-17T16:40:28" time="122.76" tests="6" failures="0" errors="0" skipped="0">
    <properties>
      <property name="specId" value="0" />
      <property name="suiteName" value="Provide to Site w/ warehouse management w/o clarification US113782 " />
      <property name="capabilities" value="chrome.136_0_7103_93.windows" />
      <property name="file" value="file:///D:/a/1/s/test/specs/HTR/provide-to-site-w-warehouse-wo-clarification.spec.js" />
    </properties>
    <testcase classname="chrome.136_0_7103_93.windows.Provide_to_Site_w/_warehouse_management_w/o_clarification_US113782_" name="Should create a new WHM yard" time="0.044">
      <system-out><![CDATA[
COMMAND: POST /session/a0fa65e418457f6e1528b16bc1e26f2c/window/fullscreen - {}
RESULT: {}
]]></system-out>
    </testcase>
    <testcase classname="chrome.136_0_7103_93.windows.Provide_to_Site_w/_warehouse_management_w/o_clarification_US113782_" name="Should create a new external WHM partner" time="0.003" />
    <testcase classname="chrome.136_0_7103_93.windows.Provide_to_Site_w/_warehouse_management_w/o_clarification_US113782_" name="Should create a new WHM site" time="0.003" />
    <testcase classname="chrome.136_0_7103_93.windows.Provide_to_Site_w/_warehouse_management_w/o_clarification_US113782_" name="Should create a new material" time="109.038">
      <system-out><![CDATA[
COMMAND: POST /session/a0fa65e418457f6e1528b16bc1e26f2c/execute/async - {"script":"<script> [1562 bytes]","args":[{"selector":{"controlType":"sap.m.GenericTile","properties":{"header":"Manage Resources"}},"wdio_ui5_key":"sapm.GenericTile{\"header\":\"Manage Resources\"}"}]}
RESULT: {"script":"<script> [1562 bytes]","args":[{"selector":{"controlType":"sap.m.GenericTile","properties":{"header":"Manage Resources"}},"wdio_ui5_key":"sapm.GenericTile{\"header\":\"Manage Resources\"}"}]}
RESULT: undefined
COMMAND: POST /session/a0fa65e418457f6e1528b16bc1e26f2c/element - {"using":"xpath","value":"//*[@id=\"__tile31\"]"}
RESULT: {"using":"xpath","value":"//*[@id=\"__tile31\"]"}
COMMAND: POST /session/a0fa65e418457f6e1528b16bc1e26f2c/element/f.6300CB9FC90E916FB2ACF31257920715.d.5F0D1AFFB085ED8414D391ECD932A8C7.e.7438/click - {}
RESULT: {}
COMMAND: GET /session/a0fa65e418457f6e1528b16bc1e26f2c/screenshot - {}
RESULT: {}
COMMAND: POST /session/a0fa65e418457f6e1528b16bc1e26f2c/elements - {"using":"xpath","value":"//span[text()='Error']"}
RESULT: {"using":"xpath","value":"//span[text()='Error']"}
COMMAND: POST /session/a0fa65e418457f6e1528b16bc1e26f2c/element - {"using":"xpath","value":"//button[@data-kt=\"addNewRUOverflowToolbarButton\"]"}
RESULT: {"using":"xpath","value":"//button[@data-kt=\"addNewRUOverflowToolbarButton\"]"}
COMMAND: POST /session/a0fa65e418457f6e1528b16bc1e26f2c/elements - {"using":"xpath","value":"//button[@data-kt=\"addNewRUOverflowToolbarButton\"]"}
RESULT: {"using":"xpath","value":"//button[@data-kt=\"addNewRUOverflowToolbarButton\"]"}
COMMAND: POST /session/a0fa65e418457f6e1528b16bc1e26f2c/execute/sync - {"script":"<script> [8489 bytes]","args":[{"element-6066-11e4-a52e-4f735466cecf":"f.6300CB9FC90E916FB2ACF31257920715.d.5F0D1AFFB085ED8414D391ECD932A8C7.e.7566","ELEMENT":"f.6300CB9FC90E916FB2ACF31257920715.d.5F0D1AFFB085ED8414D391ECD932A8C7.e.7566"}]}
RESULT: {"script":"<script> [8489 bytes]","args":[{"element-6066-11e4-a52e-4f735466cecf":"f.6300CB9FC90E916FB2ACF31257920715.d.5F0D1AFFB085ED8414D391ECD932A8C7.e.7566","ELEMENT":"f.6300CB9FC90E916FB2ACF31257920715.d.5F0D1AFFB085ED8414D391ECD932A8C7.e.7566"}]}
COMMAND: GET /session/a0fa65e418457f6e1528b16bc1e26f2c/element/f.6300CB9FC90E916FB2ACF31257920715.d.5F0D1AFFB085ED8414D391ECD932A8C7.e.7566/enabled - {}
COMMAND: GET /session/a0fa65e418457f6e1528b16bc1e26f2c/screenshot - {}
RESULT: {}
COMMAND: POST /session/a0fa65e418457f6e1528b16bc1e26f2c/execute/sync - {"script":"<script> [8489 bytes]","args":[{"element-6066-11e4-a52e-4f735466cecf":"f.6300CB9FC90E916FB2ACF31257920715.d.5F0D1AFFB085ED8414D391ECD932A8C7.e.7566","ELEMENT":"f.6300CB9FC90E916FB2ACF31257920715.d.5F0D1AFFB085ED8414D391ECD932A8C7.e.7566"}]}
COMMAND: GET /session/a0fa65e418457f6e1528b16bc1e26f2c/screenshot - {}
RESULT: {}
RESULT: {"script":"<script> [8489 bytes]","args":[{"element-6066-11e4-a52e-4f735466cecf":"f.6300CB9FC90E916FB2ACF31257920715.d.5F0D1AFFB085ED8414D391ECD932A8C7.e.7566","ELEMENT":"f.6300CB9FC90E916FB2ACF31257920715.d.5F0D1AFFB085ED8414D391ECD932A8C7.e.7566"}]}
COMMAND: POST /session/a0fa65e418457f6e1528b16bc1e26f2c/execute/sync - {"script":"<script> [5351 bytes]","args":[{"element-6066-11e4-a52e-4f735466cecf":"f.6300CB9FC90E916FB2ACF31257920715.d.5F0D1AFFB085ED8414D391ECD932A8C7.e.7566","ELEMENT":"f.6300CB9FC90E916FB2ACF31257920715.d.5F0D1AFFB085ED8414D391ECD932A8C7.e.7566"}]}
COMMAND: GET /session/a0fa65e418457f6e1528b16bc1e26f2c/screenshot - {}
RESULT: {}
RESULT: {"script":"<script> [5351 bytes]","args":[{"element-6066-11e4-a52e-4f735466cecf":"f.6300CB9FC90E916FB2ACF31257920715.d.5F0D1AFFB085ED8414D391ECD932A8C7.e.7566","ELEMENT":"f.6300CB9FC90E916FB2ACF31257920715.d.5F0D1AFFB085ED8414D391ECD932A8C7.e.7566"}]}
COMMAND: POST /session/a0fa65e418457f6e1528b16bc1e26f2c/element/f.6300CB9FC90E916FB2ACF31257920715.d.5F0D1AFFB085ED8414D391ECD932A8C7.e.7566/click - {}
COMMAND: GET /session/a0fa65e418457f6e1528b16bc1e26f2c/screenshot - {}
RESULT: {}
RESULT: {}
COMMAND: GET /session/a0fa65e418457f6e1528b16bc1e26f2c/screenshot - {}
RESULT: {}
RESULT: {}
COMMAND: POST /session/a0fa65e418457f6e1528b16bc1e26f2c/execute/async - {"script":"<script> [1562 bytes]","args":[{"selector":{"id":"application-manageresources-display-component---newResourceUnit--TYPE-arrow"},"wdio_ui5_key":"applicationmanageresources-display-component---newResourceUnit--TYPE-arrow"}]}
RESULT: {"script":"<script> [1562 bytes]","args":[{"selector":{"id":"application-manageresources-display-component---newResourceUnit--TYPE-arrow"},"wdio_ui5_key":"applicationmanageresources-display-component---newResourceUnit--TYPE-arrow"}]}
RESULT: undefined
COMMAND: POST /session/a0fa65e418457f6e1528b16bc1e26f2c/element - {"using":"xpath","value":"//*[@id=\"application-manageresources-display-component---newResourceUnit--TYPE-arrow\"]"}
RESULT: {"using":"xpath","value":"//*[@id=\"application-manageresources-display-component---newResourceUnit--TYPE-arrow\"]"}
COMMAND: POST /session/a0fa65e418457f6e1528b16bc1e26f2c/element/f.6300CB9FC90E916FB2ACF31257920715.d.5F0D1AFFB085ED8414D391ECD932A8C7.e.7931/click - {}
RESULT: {}
COMMAND: POST /session/a0fa65e418457f6e1528b16bc1e26f2c/element - {"using":"xpath","value":"//input[@id=\"application-manageresources-display-component---newResourceUnit--TYPE-inner\"]"}
COMMAND: GET /session/a0fa65e418457f6e1528b16bc1e26f2c/screenshot - {}
RESULT: {"using":"xpath","value":"//input[@id=\"application-manageresources-display-component---newResourceUnit--TYPE-inner\"]"}
COMMAND: POST /session/a0fa65e418457f6e1528b16bc1e26f2c/element/f.6300CB9FC90E916FB2ACF31257920715.d.5F0D1AFFB085ED8414D391ECD932A8C7.e.7915/clear - {}
RESULT: {}
RESULT: {}
COMMAND: POST /session/a0fa65e418457f6e1528b16bc1e26f2c/element/f.6300CB9FC90E916FB2ACF31257920715.d.5F0D1AFFB085ED8414D391ECD932A8C7.e.7915/value - {"text":"Material"}
COMMAND: GET /session/a0fa65e418457f6e1528b16bc1e26f2c/screenshot - {}
RESULT: {"text":"Material"}
COMMAND: GET /session/a0fa65e418457f6e1528b16bc1e26f2c/screenshot - {}
RESULT: {}
RESULT: {}
COMMAND: POST /session/a0fa65e418457f6e1528b16bc1e26f2c/actions - {"actions":[{"id":"action29","type":"key","parameters":{},"actions":[{"type":"keyDown","value":"î€‡"},{"type":"pause","duration":10},{"type":"keyUp","value":"î€‡"}]}]}
RESULT: {"actions":[{"id":"action29","type":"key","parameters":{},"actions":[{"type":"keyDown","value":"î€‡"},{"type":"pause","duration":10},{"type":"keyUp","value":"î€‡"}]}]}
COMMAND: POST /session/a0fa65e418457f6e1528b16bc1e26f2c/execute/async - {"script":"<script> [1562 bytes]","args":[{"selector":{"id":"application-manageresources-display-component---newResourceUnit--SHORT_TEXT","interaction":{"idSuffix":"inner"}},"wdio_ui5_key":"applicationmanageresources-display-component---newResourceUnit--SHORT_TEXT"}]}
COMMAND: GET /session/a0fa65e418457f6e1528b16bc1e26f2c/screenshot - {}
RESULT: {"script":"<script> [1562 bytes]","args":[{"selector":{"id":"application-manageresources-display-component---newResourceUnit--SHORT_TEXT","interaction":{"idSuffix":"inner"}},"wdio_ui5_key":"applicationmanageresources-display-component---newResourceUnit--SHORT_TEXT"}]}
RESULT: undefined
COMMAND: POST /session/a0fa65e418457f6e1528b16bc1e26f2c/execute/async - {"script":"<script> [776 bytes]","args":[{"enterText":"Cement WDIO","selector":{"id":"application-manageresources-display-component---newResourceUnit--SHORT_TEXT","interaction":{"idSuffix":"inner"}},"clearTextFirst":true,"interactionType":"ENTER_TEXT"}]}
RESULT: {}
RESULT: {"script":"<script> [776 bytes]","args":[{"enterText":"Cement WDIO","selector":{"id":"application-manageresources-display-component---newResourceUnit--SHORT_TEXT","interaction":{"idSuffix":"inner"}},"clearTextFirst":true,"interactionType":"ENTER_TEXT"}]}
COMMAND: POST /session/a0fa65e418457f6e1528b16bc1e26f2c/execute/async - {"script":"<script> [1562 bytes]","args":[{"selector":{"id":"application-manageresources-display-component---newResourceUnit--BASE_UNIT_OF_MEASURE","interaction":{"idSuffix":"inner"}},"wdio_ui5_key":"applicationmanageresources-display-component---newResourceUnit--BASE_UNIT_OF_MEASURE"}]}
RESULT: {"script":"<script> [1562 bytes]","args":[{"selector":{"id":"application-manageresources-display-component---newResourceUnit--BASE_UNIT_OF_MEASURE","interaction":{"idSuffix":"inner"}},"wdio_ui5_key":"applicationmanageresources-display-component---newResourceUnit--BASE_UNIT_OF_MEASURE"}]}
RESULT: undefined
COMMAND: POST /session/a0fa65e418457f6e1528b16bc1e26f2c/execute/async - {"script":"<script> [776 bytes]","args":[{"enterText":"Piece","selector":{"id":"application-manageresources-display-component---newResourceUnit--BASE_UNIT_OF_MEASURE","interaction":{"idSuffix":"inner"}},"clearTextFirst":true,"interactionType":"ENTER_TEXT"}]}
RESULT: {"script":"<script> [776 bytes]","args":[{"enterText":"Piece","selector":{"id":"application-manageresources-display-component---newResourceUnit--BASE_UNIT_OF_MEASURE","interaction":{"idSuffix":"inner"}},"clearTextFirst":true,"interactionType":"ENTER_TEXT"}]}
COMMAND: POST /session/a0fa65e418457f6e1528b16bc1e26f2c/execute/async - {"script":"<script> [1562 bytes]","args":[{"selector":{"id":"application-manageresources-display-component---newResourceUnit--WEIGHT_UNIT","interaction":{"idSuffix":"inner"}},"wdio_ui5_key":"applicationmanageresources-display-component---newResourceUnit--WEIGHT_UNIT"}]}
RESULT: {"script":"<script> [1562 bytes]","args":[{"selector":{"id":"application-manageresources-display-component---newResourceUnit--WEIGHT_UNIT","interaction":{"idSuffix":"inner"}},"wdio_ui5_key":"applicationmanageresources-display-component---newResourceUnit--WEIGHT_UNIT"}]}
RESULT: undefined
COMMAND: POST /session/a0fa65e418457f6e1528b16bc1e26f2c/execute/async - {"script":"<script> [776 bytes]","args":[{"enterText":"Gram","selector":{"id":"application-manageresources-display-component---newResourceUnit--WEIGHT_UNIT","interaction":{"idSuffix":"inner"}},"clearTextFirst":true,"interactionType":"ENTER_TEXT"}]}
RESULT: {"script":"<script> [776 bytes]","args":[{"enterText":"Gram","selector":{"id":"application-manageresources-display-component---newResourceUnit--WEIGHT_UNIT","interaction":{"idSuffix":"inner"}},"clearTextFirst":true,"interactionType":"ENTER_TEXT"}]}
COMMAND: POST /session/a0fa65e418457f6e1528b16bc1e26f2c/execute/async - {"script":"<script> [1562 bytes]","args":[{"selector":{"id":"application-manageresources-display-component---newResourceUnit--DIMENSION_UNIT","interaction":{"idSuffix":"inner"}},"wdio_ui5_key":"applicationmanageresources-display-component---newResourceUnit--DIMENSION_UNIT"}]}
RESULT: {"script":"<script> [1562 bytes]","args":[{"selector":{"id":"application-manageresources-display-component---newResourceUnit--DIMENSION_UNIT","interaction":{"idSuffix":"inner"}},"wdio_ui5_key":"applicationmanageresources-display-component---newResourceUnit--DIMENSION_UNIT"}]}
RESULT: undefined
COMMAND: POST /session/a0fa65e418457f6e1528b16bc1e26f2c/execute/async - {"script":"<script> [776 bytes]","args":[{"enterText":"Meter","selector":{"id":"application-manageresources-display-component---newResourceUnit--DIMENSION_UNIT","interaction":{"idSuffix":"inner"}},"clearTextFirst":true,"interactionType":"ENTER_TEXT"}]}
RESULT: {"script":"<script> [776 bytes]","args":[{"enterText":"Meter","selector":{"id":"application-manageresources-display-component---newResourceUnit--DIMENSION_UNIT","interaction":{"idSuffix":"inner"}},"clearTextFirst":true,"interactionType":"ENTER_TEXT"}]}
COMMAND: POST /session/a0fa65e418457f6e1528b16bc1e26f2c/execute/async - {"script":"<script> [1562 bytes]","args":[{"selector":{"id":"application-manageresources-display-component---newResourceUnit--newRRUPage-anchBar-application-manageresources-display-component---newResourceUnit--control-anchor","interaction":{"idSuffix":"BDI-content"}},"wdio_ui5_key":"applicationmanageresources-display-component---newResourceUnit--newRRUPage-anchBar-application-manageresources-display-component---newResourceUnit--control-anchor"}]}
RESULT: {"script":"<script> [1562 bytes]","args":[{"selector":{"id":"application-manageresources-display-component---newResourceUnit--newRRUPage-anchBar-application-manageresources-display-component---newResourceUnit--control-anchor","interaction":{"idSuffix":"BDI-content"}},"wdio_ui5_key":"applicationmanageresources-display-component---newResourceUnit--newRRUPage-anchBar-application-manageresources-display-component---newResourceUnit--control-anchor"}]}
RESULT: undefined
COMMAND: POST /session/a0fa65e418457f6e1528b16bc1e26f2c/element - {"using":"xpath","value":"//*[@id=\"application-manageresources-display-component---newResourceUnit--newRRUPage-anchBar-application-manageresources-display-component---newResourceUnit--control-anchor\"]"}
RESULT: {"using":"xpath","value":"//*[@id=\"application-manageresources-display-component---newResourceUnit--newRRUPage-anchBar-application-manageresources-display-component---newResourceUnit--control-anchor\"]"}
COMMAND: POST /session/a0fa65e418457f6e1528b16bc1e26f2c/element/f.6300CB9FC90E916FB2ACF31257920715.d.5F0D1AFFB085ED8414D391ECD932A8C7.e.7997/click - {}
RESULT: {}
COMMAND: POST /session/a0fa65e418457f6e1528b16bc1e26f2c/execute/async - {"script":"<script> [1562 bytes]","args":[{"selector":{"id":"application-manageresources-display-component---newResourceUnit--PLANNING_GROUP","interaction":{"idSuffix":"inner"}},"wdio_ui5_key":"applicationmanageresources-display-component---newResourceUnit--PLANNING_GROUP"}]}
COMMAND: GET /session/a0fa65e418457f6e1528b16bc1e26f2c/screenshot - {}
RESULT: {"script":"<script> [1562 bytes]","args":[{"selector":{"id":"application-manageresources-display-component---newResourceUnit--PLANNING_GROUP","interaction":{"idSuffix":"inner"}},"wdio_ui5_key":"applicationmanageresources-display-component---newResourceUnit--PLANNING_GROUP"}]}
RESULT: undefined
COMMAND: POST /session/a0fa65e418457f6e1528b16bc1e26f2c/execute/async - {"script":"<script> [776 bytes]","args":[{"enterText":"Material","selector":{"id":"application-manageresources-display-component---newResourceUnit--PLANNING_GROUP","interaction":{"idSuffix":"inner"}},"clearTextFirst":true,"interactionType":"ENTER_TEXT"}]}
RESULT: {}
RESULT: {"script":"<script> [776 bytes]","args":[{"enterText":"Material","selector":{"id":"application-manageresources-display-component---newResourceUnit--PLANNING_GROUP","interaction":{"idSuffix":"inner"}},"clearTextFirst":true,"interactionType":"ENTER_TEXT"}]}
COMMAND: POST /session/a0fa65e418457f6e1528b16bc1e26f2c/execute/async - {"script":"<script> [1562 bytes]","args":[{"selector":{"id":"application-manageresources-display-component---newResourceUnit--PLANNING_INDICATOR","interaction":{"idSuffix":"inner"}},"wdio_ui5_key":"applicationmanageresources-display-component---newResourceUnit--PLANNING_INDICATOR"}]}
RESULT: {"script":"<script> [1562 bytes]","args":[{"selector":{"id":"application-manageresources-display-component---newResourceUnit--PLANNING_INDICATOR","interaction":{"idSuffix":"inner"}},"wdio_ui5_key":"applicationmanageresources-display-component---newResourceUnit--PLANNING_INDICATOR"}]}
RESULT: undefined
COMMAND: POST /session/a0fa65e418457f6e1528b16bc1e26f2c/execute/async - {"script":"<script> [776 bytes]","args":[{"enterText":"10 - infinite","selector":{"id":"application-manageresources-display-component---newResourceUnit--PLANNING_INDICATOR","interaction":{"idSuffix":"inner"}},"clearTextFirst":true,"interactionType":"ENTER_TEXT"}]}
RESULT: {"script":"<script> [776 bytes]","args":[{"enterText":"10 - infinite","selector":{"id":"application-manageresources-display-component---newResourceUnit--PLANNING_INDICATOR","interaction":{"idSuffix":"inner"}},"clearTextFirst":true,"interactionType":"ENTER_TEXT"}]}
COMMAND: POST /session/a0fa65e418457f6e1528b16bc1e26f2c/element - {"using":"css selector","value":"#application-manageresources-display-component---newResourceUnit--btnAddTimeSegment"}
RESULT: {"using":"css selector","value":"#application-manageresources-display-component---newResourceUnit--btnAddTimeSegment"}
COMMAND: GET /session/a0fa65e418457f6e1528b16bc1e26f2c/element/f.6300CB9FC90E916FB2ACF31257920715.d.5F0D1AFFB085ED8414D391ECD932A8C7.e.8006/rect - {}
RESULT: {}
COMMAND: GET /session/a0fa65e418457f6e1528b16bc1e26f2c/window/rect - {}
RESULT: {}
COMMAND: POST /session/a0fa65e418457f6e1528b16bc1e26f2c/execute/sync - {"script":"<script> [92 bytes]","args":[]}
RESULT: {"script":"<script> [92 bytes]","args":[]}
COMMAND: POST /session/a0fa65e418457f6e1528b16bc1e26f2c/actions - {"actions":[{"id":"action30","type":"wheel","parameters":{},"actions":[{"type":"scroll","x":-1888,"y":-32,"deltaX":0,"deltaY":0,"duration":0,"origin":{"element-6066-11e4-a52e-4f735466cecf":"f.6300CB9FC90E916FB2ACF31257920715.d.5F0D1AFFB085ED8414D391ECD932A8C7.e.8006"}}]}]}
COMMAND: GET /session/a0fa65e418457f6e1528b16bc1e26f2c/screenshot - {}
RESULT: {}
COMMAND: POST /session/a0fa65e418457f6e1528b16bc1e26f2c/execute/sync - {"script":"<script> [79 bytes]","args":[{"element-6066-11e4-a52e-4f735466cecf":"f.6300CB9FC90E916FB2ACF31257920715.d.5F0D1AFFB085ED8414D391ECD932A8C7.e.8006","ELEMENT":"f.6300CB9FC90E916FB2ACF31257920715.d.5F0D1AFFB085ED8414D391ECD932A8C7.e.8006"},{"block":"start","inline":"nearest"}]}
RESULT: {"script":"<script> [79 bytes]","args":[{"element-6066-11e4-a52e-4f735466cecf":"f.6300CB9FC90E916FB2ACF31257920715.d.5F0D1AFFB085ED8414D391ECD932A8C7.e.8006","ELEMENT":"f.6300CB9FC90E916FB2ACF31257920715.d.5F0D1AFFB085ED8414D391ECD932A8C7.e.8006"},{"block":"start","inline":"nearest"}]}
COMMAND: POST /session/a0fa65e418457f6e1528b16bc1e26f2c/execute/async - {"script":"<script> [1562 bytes]","args":[{"selector":{"id":"application-manageresources-display-component---newResourceUnit--btnAddTimeSegment","interaction":{"idSuffix":"inner"}},"wdio_ui5_key":"applicationmanageresources-display-component---newResourceUnit--btnAddTimeSegment"}]}
COMMAND: GET /session/a0fa65e418457f6e1528b16bc1e26f2c/screenshot - {}
RESULT: {"script":"<script> [1562 bytes]","args":[{"selector":{"id":"application-manageresources-display-component---newResourceUnit--btnAddTimeSegment","interaction":{"idSuffix":"inner"}},"wdio_ui5_key":"applicationmanageresources-display-component---newResourceUnit--btnAddTimeSegment"}]}
RESULT: undefined
COMMAND: POST /session/a0fa65e418457f6e1528b16bc1e26f2c/element - {"using":"xpath","value":"//*[@id=\"application-manageresources-display-component---newResourceUnit--btnAddTimeSegment\"]"}
RESULT: {}
RESULT: {"using":"xpath","value":"//*[@id=\"application-manageresources-display-component---newResourceUnit--btnAddTimeSegment\"]"}
COMMAND: POST /session/a0fa65e418457f6e1528b16bc1e26f2c/element/f.6300CB9FC90E916FB2ACF31257920715.d.5F0D1AFFB085ED8414D391ECD932A8C7.e.8006/click - {}
RESULT: {}
COMMAND: GET /session/a0fa65e418457f6e1528b16bc1e26f2c/screenshot - {}
RESULT: {}
COMMAND: POST /session/a0fa65e418457f6e1528b16bc1e26f2c/element - {"using":"xpath","value":"//input[@id=\"application-manageresources-display-component---newResourceUnit--idRuTSAdmin-application-manageresources-display-component---newResourceUnit--RUTimeSegment-0-inner\"]"}
RESULT: {"using":"xpath","value":"//input[@id=\"application-manageresources-display-component---newResourceUnit--idRuTSAdmin-application-manageresources-display-component---newResourceUnit--RUTimeSegment-0-inner\"]"}
COMMAND: POST /session/a0fa65e418457f6e1528b16bc1e26f2c/element/f.6300CB9FC90E916FB2ACF31257920715.d.5F0D1AFFB085ED8414D391ECD932A8C7.e.8011/clear - {}
RESULT: {}
COMMAND: POST /session/a0fa65e418457f6e1528b16bc1e26f2c/element/f.6300CB9FC90E916FB2ACF31257920715.d.5F0D1AFFB085ED8414D391ECD932A8C7.e.8011/value - {"text":"495"}
COMMAND: GET /session/a0fa65e418457f6e1528b16bc1e26f2c/screenshot - {}
RESULT: {"text":"495"}
COMMAND: GET /session/a0fa65e418457f6e1528b16bc1e26f2c/screenshot - {}
RESULT: {}
RESULT: {}
COMMAND: POST /session/a0fa65e418457f6e1528b16bc1e26f2c/element - {"using":"xpath","value":"//li[.//span[text()='495']]"}
RESULT: {"using":"xpath","value":"//li[.//span[text()='495']]"}
COMMAND: POST /session/a0fa65e418457f6e1528b16bc1e26f2c/element/f.6300CB9FC90E916FB2ACF31257920715.d.5F0D1AFFB085ED8414D391ECD932A8C7.e.8020/click - {}
RESULT: {}
COMMAND: GET /session/a0fa65e418457f6e1528b16bc1e26f2c/screenshot - {}
RESULT: {}
COMMAND: POST /session/a0fa65e418457f6e1528b16bc1e26f2c/element - {"using":"xpath","value":"(//span[contains(@id, \"-application-manageresources-display-component---newResourceUnit--RUTimeSegment-0-arrow\")])[2]"}
RESULT: {"using":"xpath","value":"(//span[contains(@id, \"-application-manageresources-display-component---newResourceUnit--RUTimeSegment-0-arrow\")])[2]"}
COMMAND: POST /session/a0fa65e418457f6e1528b16bc1e26f2c/element/f.6300CB9FC90E916FB2ACF31257920715.d.5F0D1AFFB085ED8414D391ECD932A8C7.e.8021/click - {}
RESULT: {}
COMMAND: POST /session/a0fa65e418457f6e1528b16bc1e26f2c/element - {"using":"xpath","value":"//span[contains(text(), \"PM Order\")]"}
COMMAND: GET /session/a0fa65e418457f6e1528b16bc1e26f2c/screenshot - {}
RESULT: {"using":"xpath","value":"//span[contains(text(), \"PM Order\")]"}
COMMAND: POST /session/a0fa65e418457f6e1528b16bc1e26f2c/element/f.6300CB9FC90E916FB2ACF31257920715.d.5F0D1AFFB085ED8414D391ECD932A8C7.e.8022/click - {}
RESULT: {}
RESULT: {}
COMMAND: GET /session/a0fa65e418457f6e1528b16bc1e26f2c/screenshot - {}
RESULT: {}
COMMAND: POST /session/a0fa65e418457f6e1528b16bc1e26f2c/element - {"using":"xpath","value":"//td/div/div/div/span[contains(@id, \"newResourceUnit--RUTimeSegment-0-vhi\")][1]"}
RESULT: {"using":"xpath","value":"//td/div/div/div/span[contains(@id, \"newResourceUnit--RUTimeSegment-0-vhi\")][1]"}
COMMAND: GET /session/a0fa65e418457f6e1528b16bc1e26f2c/element/f.6300CB9FC90E916FB2ACF31257920715.d.5F0D1AFFB085ED8414D391ECD932A8C7.e.8026/rect - {}
RESULT: {}
COMMAND: GET /session/a0fa65e418457f6e1528b16bc1e26f2c/window/rect - {}
RESULT: {}
COMMAND: POST /session/a0fa65e418457f6e1528b16bc1e26f2c/execute/sync - {"script":"<script> [92 bytes]","args":[]}
RESULT: {"script":"<script> [92 bytes]","args":[]}
COMMAND: POST /session/a0fa65e418457f6e1528b16bc1e26f2c/actions - {"actions":[{"id":"action31","type":"wheel","parameters":{},"actions":[{"type":"scroll","x":-1888,"y":-24,"deltaX":0,"deltaY":0,"duration":0,"origin":{"element-6066-11e4-a52e-4f735466cecf":"f.6300CB9FC90E916FB2ACF31257920715.d.5F0D1AFFB085ED8414D391ECD932A8C7.e.8026"}}]}]}
COMMAND: GET /session/a0fa65e418457f6e1528b16bc1e26f2c/screenshot - {}
RESULT: {}
COMMAND: POST /session/a0fa65e418457f6e1528b16bc1e26f2c/execute/sync - {"script":"<script> [79 bytes]","args":[{"element-6066-11e4-a52e-4f735466cecf":"f.6300CB9FC90E916FB2ACF31257920715.d.5F0D1AFFB085ED8414D391ECD932A8C7.e.8026","ELEMENT":"f.6300CB9FC90E916FB2ACF31257920715.d.5F0D1AFFB085ED8414D391ECD932A8C7.e.8026"},{"block":"start","inline":"nearest"}]}
RESULT: {"script":"<script> [79 bytes]","args":[{"element-6066-11e4-a52e-4f735466cecf":"f.6300CB9FC90E916FB2ACF31257920715.d.5F0D1AFFB085ED8414D391ECD932A8C7.e.8026","ELEMENT":"f.6300CB9FC90E916FB2ACF31257920715.d.5F0D1AFFB085ED8414D391ECD932A8C7.e.8026"},{"block":"start","inline":"nearest"}]}
COMMAND: GET /session/a0fa65e418457f6e1528b16bc1e26f2c/screenshot - {}
RESULT: {}
COMMAND: POST /session/a0fa65e418457f6e1528b16bc1e26f2c/element/f.6300CB9FC90E916FB2ACF31257920715.d.5F0D1AFFB085ED8414D391ECD932A8C7.e.8026/click - {}
RESULT: {}
COMMAND: GET /session/a0fa65e418457f6e1528b16bc1e26f2c/screenshot - {}
RESULT: {}
COMMAND: POST /session/a0fa65e418457f6e1528b16bc1e26f2c/execute/async - {"script":"<script> [1562 bytes]","args":[{"selector":{"controlType":"sap.m.SearchField","properties":{"placeholder":"Search"},"searchOpenDialogs":true,"interaction":{"idSuffix":"I"}},"wdio_ui5_key":"sapm.SearchField{\"placeholder\":\"Search\"}"}]}
RESULT: {"script":"<script> [1562 bytes]","args":[{"selector":{"controlType":"sap.m.SearchField","properties":{"placeholder":"Search"},"searchOpenDialogs":true,"interaction":{"idSuffix":"I"}},"wdio_ui5_key":"sapm.SearchField{\"placeholder\":\"Search\"}"}]}
RESULT: undefined
COMMAND: POST /session/a0fa65e418457f6e1528b16bc1e26f2c/execute/async - {"script":"<script> [776 bytes]","args":[{"enterText":"4000360","selector":{"controlType":"sap.m.SearchField","properties":{"placeholder":"Search"},"searchOpenDialogs":true,"interaction":{"idSuffix":"I"}},"clearTextFirst":true,"interactionType":"ENTER_TEXT"}]}
RESULT: {"script":"<script> [776 bytes]","args":[{"enterText":"4000360","selector":{"controlType":"sap.m.SearchField","properties":{"placeholder":"Search"},"searchOpenDialogs":true,"interaction":{"idSuffix":"I"}},"clearTextFirst":true,"interactionType":"ENTER_TEXT"}]}
COMMAND: POST /session/a0fa65e418457f6e1528b16bc1e26f2c/actions - {"actions":[{"id":"action32","type":"key","parameters":{},"actions":[{"type":"keyDown","value":"î€‡"},{"type":"pause","duration":10},{"type":"keyUp","value":"î€‡"}]}]}
RESULT: {"actions":[{"id":"action32","type":"key","parameters":{},"actions":[{"type":"keyDown","value":"î€‡"},{"type":"pause","duration":10},{"type":"keyUp","value":"î€‡"}]}]}
COMMAND: GET /session/a0fa65e418457f6e1528b16bc1e26f2c/screenshot - {}
RESULT: {}
COMMAND: POST /session/a0fa65e418457f6e1528b16bc1e26f2c/element - {"using":"xpath","value":"//td/div/span[contains(text(), \"BGL Vehicles\")]"}
RESULT: {"using":"xpath","value":"//td/div/span[contains(text(), \"BGL Vehicles\")]"}
COMMAND: POST /session/a0fa65e418457f6e1528b16bc1e26f2c/element/f.6300CB9FC90E916FB2ACF31257920715.d.5F0D1AFFB085ED8414D391ECD932A8C7.e.8048/click - {}
RESULT: {}
COMMAND: GET /session/a0fa65e418457f6e1528b16bc1e26f2c/screenshot - {}
RESULT: {}
COMMAND: POST /session/a0fa65e418457f6e1528b16bc1e26f2c/element - {"using":"xpath","value":"//bdi[contains(text(), \"OK\")]"}
RESULT: {"using":"xpath","value":"//bdi[contains(text(), \"OK\")]"}
COMMAND: POST /session/a0fa65e418457f6e1528b16bc1e26f2c/element/f.6300CB9FC90E916FB2ACF31257920715.d.5F0D1AFFB085ED8414D391ECD932A8C7.e.8049/click - {}
RESULT: {}
COMMAND: GET /session/a0fa65e418457f6e1528b16bc1e26f2c/screenshot - {}
RESULT: {}
COMMAND: POST /session/a0fa65e418457f6e1528b16bc1e26f2c/element - {"using":"xpath","value":"//label[contains(@class, 'sapMLabelRequired') and .//bdi[contains(text(), 'Planned Retirement')]]"}
RESULT: {"using":"xpath","value":"//label[contains(@class, 'sapMLabelRequired') and .//bdi[contains(text(), 'Planned Retirement')]]"}
COMMAND: POST /session/a0fa65e418457f6e1528b16bc1e26f2c/elements - {"using":"xpath","value":"//label[contains(@class, 'sapMLabelRequired') and .//bdi[contains(text(), 'Planned Retirement')]]"}
RESULT: {"using":"xpath","value":"//label[contains(@class, 'sapMLabelRequired') and .//bdi[contains(text(), 'Planned Retirement')]]"}
COMMAND: POST /session/a0fa65e418457f6e1528b16bc1e26f2c/element - {"using":"xpath","value":"//button[@data-kt=\"resourceUnitSaveButton\"]"}
RESULT: {"using":"xpath","value":"//button[@data-kt=\"resourceUnitSaveButton\"]"}
COMMAND: POST /session/a0fa65e418457f6e1528b16bc1e26f2c/element/f.6300CB9FC90E916FB2ACF31257920715.d.5F0D1AFFB085ED8414D391ECD932A8C7.e.7950/click - {}
RESULT: {}
COMMAND: GET /session/a0fa65e418457f6e1528b16bc1e26f2c/screenshot - {}
RESULT: {}
COMMAND: POST /session/a0fa65e418457f6e1528b16bc1e26f2c/element - {"using":"xpath","value":"//bdi[contains(text(), \"Close\")]"}
RESULT: {"using":"xpath","value":"//bdi[contains(text(), \"Close\")]"}
COMMAND: POST /session/a0fa65e418457f6e1528b16bc1e26f2c/element/f.6300CB9FC90E916FB2ACF31257920715.d.5F0D1AFFB085ED8414D391ECD932A8C7.e.8056/click - {}
RESULT: {}
COMMAND: GET /session/a0fa65e418457f6e1528b16bc1e26f2c/screenshot - {}
RESULT: {}
COMMAND: POST /session/a0fa65e418457f6e1528b16bc1e26f2c/element - {"using":"xpath","value":"//header[contains(@id, 'detailRruPage-headerTitle')]/div[1]/div[2]/div[2]/span[1]"}
RESULT: {"using":"xpath","value":"//header[contains(@id, 'detailRruPage-headerTitle')]/div[1]/div[2]/div[2]/span[1]"}
COMMAND: POST /session/a0fa65e418457f6e1528b16bc1e26f2c/elements - {"using":"xpath","value":"//header[contains(@id, 'detailRruPage-headerTitle')]/div[1]/div[2]/div[2]/span[1]"}
RESULT: {"using":"xpath","value":"//header[contains(@id, 'detailRruPage-headerTitle')]/div[1]/div[2]/div[2]/span[1]"}
COMMAND: POST /session/a0fa65e418457f6e1528b16bc1e26f2c/execute/sync - {"script":"<script> [56 bytes]","args":[{"element-6066-11e4-a52e-4f735466cecf":"f.6300CB9FC90E916FB2ACF31257920715.d.5F0D1AFFB085ED8414D391ECD932A8C7.e.8089","ELEMENT":"f.6300CB9FC90E916FB2ACF31257920715.d.5F0D1AFFB085ED8414D391ECD932A8C7.e.8089"}]}
RESULT: {"script":"<script> [56 bytes]","args":[{"element-6066-11e4-a52e-4f735466cecf":"f.6300CB9FC90E916FB2ACF31257920715.d.5F0D1AFFB085ED8414D391ECD932A8C7.e.8089","ELEMENT":"f.6300CB9FC90E916FB2ACF31257920715.d.5F0D1AFFB085ED8414D391ECD932A8C7.e.8089"}]}
COMMAND: POST /session/a0fa65e418457f6e1528b16bc1e26f2c/element - {"using":"css selector","value":"#shell-header-logo"}
COMMAND: GET /session/a0fa65e418457f6e1528b16bc1e26f2c/screenshot - {}
RESULT: {"using":"css selector","value":"#shell-header-logo"}
COMMAND: POST /session/a0fa65e418457f6e1528b16bc1e26f2c/element/f.6300CB9FC90E916FB2ACF31257920715.d.5F0D1AFFB085ED8414D391ECD932A8C7.e.7415/click - {}
RESULT: {}
RESULT: {}
COMMAND: GET /session/a0fa65e418457f6e1528b16bc1e26f2c/screenshot - {}
RESULT: {}
]]></system-out>
    </testcase>
    <testcase classname="chrome.136_0_7103_93.windows.Provide_to_Site_w/_warehouse_management_w/o_clarification_US113782_" name="Bin Status Report Should Create New Organization yard" time="0.004" />
    <testcase classname="chrome.136_0_7103_93.windows.Provide_to_Site_w/_warehouse_management_w/o_clarification_US113782_" name="Bin Status Report Should Create New Organization for Site" time="0.004" />
  </testsuite>
  <testsuite timestamp="2025-05-17T16:42:30" time="379.764" tests="5" failures="0" errors="0" skipped="0">
    <properties>
      <property name="specId" value="0" />
      <property name="suiteName" value="Provide to Site w/ warehouse management wo clarification" />
      <property name="capabilities" value="chrome.136_0_7103_93.windows" />
      <property name="file" value="file:///D:/a/1/s/test/specs/HTR/provide-to-site-w-warehouse-wo-clarification.spec.js" />
    </properties>
    <testcase classname="chrome.136_0_7103_93.windows.Provide_to_Site_w/_warehouse_management_wo_clarification" name="Should do a stock increase handover" time="84.147">
      <system-out><![CDATA[
COMMAND: POST /session/a0fa65e418457f6e1528b16bc1e26f2c/execute/async - {"script":"<script> [1562 bytes]","args":[{"selector":{"controlType":"sap.m.GenericTile","properties":{"header":"Manage Handovers"}},"wdio_ui5_key":"sapm.GenericTile{\"header\":\"Manage Handovers\"}"}]}
RESULT: {"script":"<script> [1562 bytes]","args":[{"selector":{"controlType":"sap.m.GenericTile","properties":{"header":"Manage Handovers"}},"wdio_ui5_key":"sapm.GenericTile{\"header\":\"Manage Handovers\"}"}]}
RESULT: undefined
COMMAND: POST /session/a0fa65e418457f6e1528b16bc1e26f2c/element - {"using":"xpath","value":"//*[@id=\"__tile131\"]"}
RESULT: {"using":"xpath","value":"//*[@id=\"__tile131\"]"}
COMMAND: POST /session/a0fa65e418457f6e1528b16bc1e26f2c/element/f.6300CB9FC90E916FB2ACF31257920715.d.5F0D1AFFB085ED8414D391ECD932A8C7.e.7465/click - {}
RESULT: {}
COMMAND: GET /session/a0fa65e418457f6e1528b16bc1e26f2c/screenshot - {}
RESULT: {}
COMMAND: POST /session/a0fa65e418457f6e1528b16bc1e26f2c/elements - {"using":"xpath","value":"//span[text()='Error']"}
RESULT: {"using":"xpath","value":"//span[text()='Error']"}
COMMAND: POST /session/a0fa65e418457f6e1528b16bc1e26f2c/element - {"using":"xpath","value":"//button[@data-kt=\"masterHOAddButton\"]"}
RESULT: {"using":"xpath","value":"//button[@data-kt=\"masterHOAddButton\"]"}
COMMAND: POST /session/a0fa65e418457f6e1528b16bc1e26f2c/elements - {"using":"xpath","value":"//button[@data-kt=\"masterHOAddButton\"]"}
RESULT: {"using":"xpath","value":"//button[@data-kt=\"masterHOAddButton\"]"}
COMMAND: POST /session/a0fa65e418457f6e1528b16bc1e26f2c/execute/sync - {"script":"<script> [8489 bytes]","args":[{"element-6066-11e4-a52e-4f735466cecf":"f.6300CB9FC90E916FB2ACF31257920715.d.5F0D1AFFB085ED8414D391ECD932A8C7.e.8126","ELEMENT":"f.6300CB9FC90E916FB2ACF31257920715.d.5F0D1AFFB085ED8414D391ECD932A8C7.e.8126"}]}
RESULT: {"script":"<script> [8489 bytes]","args":[{"element-6066-11e4-a52e-4f735466cecf":"f.6300CB9FC90E916FB2ACF31257920715.d.5F0D1AFFB085ED8414D391ECD932A8C7.e.8126","ELEMENT":"f.6300CB9FC90E916FB2ACF31257920715.d.5F0D1AFFB085ED8414D391ECD932A8C7.e.8126"}]}
COMMAND: GET /session/a0fa65e418457f6e1528b16bc1e26f2c/element/f.6300CB9FC90E916FB2ACF31257920715.d.5F0D1AFFB085ED8414D391ECD932A8C7.e.8126/enabled - {}
COMMAND: GET /session/a0fa65e418457f6e1528b16bc1e26f2c/screenshot - {}
RESULT: {}
COMMAND: POST /session/a0fa65e418457f6e1528b16bc1e26f2c/execute/sync - {"script":"<script> [8489 bytes]","args":[{"element-6066-11e4-a52e-4f735466cecf":"f.6300CB9FC90E916FB2ACF31257920715.d.5F0D1AFFB085ED8414D391ECD932A8C7.e.8126","ELEMENT":"f.6300CB9FC90E916FB2ACF31257920715.d.5F0D1AFFB085ED8414D391ECD932A8C7.e.8126"}]}
COMMAND: GET /session/a0fa65e418457f6e1528b16bc1e26f2c/screenshot - {}
RESULT: {}
RESULT: {"script":"<script> [8489 bytes]","args":[{"element-6066-11e4-a52e-4f735466cecf":"f.6300CB9FC90E916FB2ACF31257920715.d.5F0D1AFFB085ED8414D391ECD932A8C7.e.8126","ELEMENT":"f.6300CB9FC90E916FB2ACF31257920715.d.5F0D1AFFB085ED8414D391ECD932A8C7.e.8126"}]}
COMMAND: POST /session/a0fa65e418457f6e1528b16bc1e26f2c/execute/sync - {"script":"<script> [5351 bytes]","args":[{"element-6066-11e4-a52e-4f735466cecf":"f.6300CB9FC90E916FB2ACF31257920715.d.5F0D1AFFB085ED8414D391ECD932A8C7.e.8126","ELEMENT":"f.6300CB9FC90E916FB2ACF31257920715.d.5F0D1AFFB085ED8414D391ECD932A8C7.e.8126"}]}
COMMAND: GET /session/a0fa65e418457f6e1528b16bc1e26f2c/screenshot - {}
RESULT: {}
RESULT: {"script":"<script> [5351 bytes]","args":[{"element-6066-11e4-a52e-4f735466cecf":"f.6300CB9FC90E916FB2ACF31257920715.d.5F0D1AFFB085ED8414D391ECD932A8C7.e.8126","ELEMENT":"f.6300CB9FC90E916FB2ACF31257920715.d.5F0D1AFFB085ED8414D391ECD932A8C7.e.8126"}]}
COMMAND: POST /session/a0fa65e418457f6e1528b16bc1e26f2c/element/f.6300CB9FC90E916FB2ACF31257920715.d.5F0D1AFFB085ED8414D391ECD932A8C7.e.8126/click - {}
COMMAND: GET /session/a0fa65e418457f6e1528b16bc1e26f2c/screenshot - {}
RESULT: {}
RESULT: {}
COMMAND: GET /session/a0fa65e418457f6e1528b16bc1e26f2c/screenshot - {}
RESULT: {}
RESULT: {}
COMMAND: POST /session/a0fa65e418457f6e1528b16bc1e26f2c/element - {"using":"xpath","value":"//span[contains(@id ,\"AddNewHO--typeSelect-arrow\")]"}
RESULT: {"using":"xpath","value":"//span[contains(@id ,\"AddNewHO--typeSelect-arrow\")]"}
COMMAND: POST /session/a0fa65e418457f6e1528b16bc1e26f2c/element/f.6300CB9FC90E916FB2ACF31257920715.d.5F0D1AFFB085ED8414D391ECD932A8C7.e.8487/click - {}
RESULT: {}
COMMAND: GET /session/a0fa65e418457f6e1528b16bc1e26f2c/screenshot - {}
RESULT: {}
COMMAND: POST /session/a0fa65e418457f6e1528b16bc1e26f2c/element - {"using":"xpath","value":"(//li[contains(text(), \"stock increase yard\")])[1]"}
RESULT: {"using":"xpath","value":"(//li[contains(text(), \"stock increase yard\")])[1]"}
COMMAND: POST /session/a0fa65e418457f6e1528b16bc1e26f2c/element/f.6300CB9FC90E916FB2ACF31257920715.d.5F0D1AFFB085ED8414D391ECD932A8C7.e.8488/click - {}
RESULT: {}
COMMAND: GET /session/a0fa65e418457f6e1528b16bc1e26f2c/screenshot - {}
RESULT: {}
COMMAND: POST /session/a0fa65e418457f6e1528b16bc1e26f2c/execute/async - {"script":"<script> [1562 bytes]","args":[{"selector":{"id":"application-managehandovers-display-component---AddNewHO--dueDate","interaction":{"idSuffix":"inner"}},"wdio_ui5_key":"applicationmanagehandovers-display-component---AddNewHO--dueDate"}]}
RESULT: {"script":"<script> [1562 bytes]","args":[{"selector":{"id":"application-managehandovers-display-component---AddNewHO--dueDate","interaction":{"idSuffix":"inner"}},"wdio_ui5_key":"applicationmanagehandovers-display-component---AddNewHO--dueDate"}]}
RESULT: undefined
COMMAND: POST /session/a0fa65e418457f6e1528b16bc1e26f2c/execute/async - {"script":"<script> [6424 bytes]","args":[{"element-6066-11e4-a52e-4f735466cecf":"f.6300CB9FC90E916FB2ACF31257920715.d.5F0D1AFFB085ED8414D391ECD932A8C7.e.8490"},"setValue",["5/17/25"]]}
RESULT: {"script":"<script> [6424 bytes]","args":[{"element-6066-11e4-a52e-4f735466cecf":"f.6300CB9FC90E916FB2ACF31257920715.d.5F0D1AFFB085ED8414D391ECD932A8C7.e.8490"},"setValue",["5/17/25"]]}
COMMAND: POST /session/a0fa65e418457f6e1528b16bc1e26f2c/element - {"using":"xpath","value":"//input[@id=\"generalSectionFrg--receiveYard-inner\"]"}
RESULT: {"using":"xpath","value":"//input[@id=\"generalSectionFrg--receiveYard-inner\"]"}
COMMAND: POST /session/a0fa65e418457f6e1528b16bc1e26f2c/element/f.6300CB9FC90E916FB2ACF31257920715.d.5F0D1AFFB085ED8414D391ECD932A8C7.e.8494/clear - {}
RESULT: {}
COMMAND: POST /session/a0fa65e418457f6e1528b16bc1e26f2c/element/f.6300CB9FC90E916FB2ACF31257920715.d.5F0D1AFFB085ED8414D391ECD932A8C7.e.8494/value - {"text":"495"}
COMMAND: GET /session/a0fa65e418457f6e1528b16bc1e26f2c/screenshot - {}
RESULT: {"text":"495"}
COMMAND: GET /session/a0fa65e418457f6e1528b16bc1e26f2c/screenshot - {}
RESULT: {}
RESULT: {}
COMMAND: POST /session/a0fa65e418457f6e1528b16bc1e26f2c/element - {"using":"xpath","value":"//li[.//span[text()='495']]"}
RESULT: {"using":"xpath","value":"//li[.//span[text()='495']]"}
COMMAND: POST /session/a0fa65e418457f6e1528b16bc1e26f2c/element/f.6300CB9FC90E916FB2ACF31257920715.d.5F0D1AFFB085ED8414D391ECD932A8C7.e.8510/click - {}
RESULT: {}
COMMAND: GET /session/a0fa65e418457f6e1528b16bc1e26f2c/screenshot - {}
RESULT: {}
COMMAND: POST /session/a0fa65e418457f6e1528b16bc1e26f2c/execute/async - {"script":"<script> [1562 bytes]","args":[{"selector":{"id":"application-managehandovers-display-component---AddNewHO--ObjectPageLayout-anchBar-application-managehandovers-display-component---AddNewHO--section4-anchor","interaction":{"idSuffix":"BDI-content"}},"wdio_ui5_key":"applicationmanagehandovers-display-component---AddNewHO--ObjectPageLayout-anchBar-application-managehandovers-display-component---AddNewHO--section4-anchor"}]}
RESULT: {"script":"<script> [1562 bytes]","args":[{"selector":{"id":"application-managehandovers-display-component---AddNewHO--ObjectPageLayout-anchBar-application-managehandovers-display-component---AddNewHO--section4-anchor","interaction":{"idSuffix":"BDI-content"}},"wdio_ui5_key":"applicationmanagehandovers-display-component---AddNewHO--ObjectPageLayout-anchBar-application-managehandovers-display-component---AddNewHO--section4-anchor"}]}
RESULT: undefined
COMMAND: POST /session/a0fa65e418457f6e1528b16bc1e26f2c/element - {"using":"xpath","value":"//*[@id=\"application-managehandovers-display-component---AddNewHO--ObjectPageLayout-anchBar-application-managehandovers-display-component---AddNewHO--section4-anchor\"]"}
RESULT: {"using":"xpath","value":"//*[@id=\"application-managehandovers-display-component---AddNewHO--ObjectPageLayout-anchBar-application-managehandovers-display-component---AddNewHO--section4-anchor\"]"}
COMMAND: POST /session/a0fa65e418457f6e1528b16bc1e26f2c/element/f.6300CB9FC90E916FB2ACF31257920715.d.5F0D1AFFB085ED8414D391ECD932A8C7.e.8512/click - {}
RESULT: {}
COMMAND: POST /session/a0fa65e418457f6e1528b16bc1e26f2c/element - {"using":"xpath","value":"//button[@aria-label=\"Add\"]"}
COMMAND: GET /session/a0fa65e418457f6e1528b16bc1e26f2c/screenshot - {}
RESULT: {"using":"xpath","value":"//button[@aria-label=\"Add\"]"}
COMMAND: POST /session/a0fa65e418457f6e1528b16bc1e26f2c/element/f.6300CB9FC90E916FB2ACF31257920715.d.5F0D1AFFB085ED8414D391ECD932A8C7.e.8514/click - {}
RESULT: {}
RESULT: {}
COMMAND: GET /session/a0fa65e418457f6e1528b16bc1e26f2c/screenshot - {}
RESULT: {}
COMMAND: POST /session/a0fa65e418457f6e1528b16bc1e26f2c/execute/async - {"script":"<script> [1562 bytes]","args":[{"selector":{"id":"application-managehandovers-display-component---AddNewHO--smartFilterBar-btnBasicSearch","searchOpenDialogs":true,"interaction":{"idSuffix":"I"}},"wdio_ui5_key":"applicationmanagehandovers-display-component---AddNewHO--smartFilterBar-btnBasicSearch"}]}
RESULT: {"script":"<script> [1562 bytes]","args":[{"selector":{"id":"application-managehandovers-display-component---AddNewHO--smartFilterBar-btnBasicSearch","searchOpenDialogs":true,"interaction":{"idSuffix":"I"}},"wdio_ui5_key":"applicationmanagehandovers-display-component---AddNewHO--smartFilterBar-btnBasicSearch"}]}
RESULT: undefined
COMMAND: POST /session/a0fa65e418457f6e1528b16bc1e26f2c/execute/async - {"script":"<script> [776 bytes]","args":[{"enterText":"200253","selector":{"id":"application-managehandovers-display-component---AddNewHO--smartFilterBar-btnBasicSearch","searchOpenDialogs":true,"interaction":{"idSuffix":"I"}},"clearTextFirst":true,"interactionType":"ENTER_TEXT"}]}
RESULT: {"script":"<script> [776 bytes]","args":[{"enterText":"200253","selector":{"id":"application-managehandovers-display-component---AddNewHO--smartFilterBar-btnBasicSearch","searchOpenDialogs":true,"interaction":{"idSuffix":"I"}},"clearTextFirst":true,"interactionType":"ENTER_TEXT"}]}
COMMAND: POST /session/a0fa65e418457f6e1528b16bc1e26f2c/actions - {"actions":[{"id":"action33","type":"key","parameters":{},"actions":[{"type":"keyDown","value":"î€‡"},{"type":"pause","duration":10},{"type":"keyUp","value":"î€‡"}]}]}
RESULT: {"actions":[{"id":"action33","type":"key","parameters":{},"actions":[{"type":"keyDown","value":"î€‡"},{"type":"pause","duration":10},{"type":"keyUp","value":"î€‡"}]}]}
COMMAND: GET /session/a0fa65e418457f6e1528b16bc1e26f2c/screenshot - {}
RESULT: {}
COMMAND: POST /session/a0fa65e418457f6e1528b16bc1e26f2c/execute/async - {"script":"<script> [1562 bytes]","args":[{"selector":{"id":"application-managehandovers-display-component---AddNewHO--popup-sa","searchOpenDialogs":true,"interaction":{"idSuffix":"CbBg"}},"wdio_ui5_key":"applicationmanagehandovers-display-component---AddNewHO--popup-sa"}]}
RESULT: {"script":"<script> [1562 bytes]","args":[{"selector":{"id":"application-managehandovers-display-component---AddNewHO--popup-sa","searchOpenDialogs":true,"interaction":{"idSuffix":"CbBg"}},"wdio_ui5_key":"applicationmanagehandovers-display-component---AddNewHO--popup-sa"}]}
RESULT: undefined
COMMAND: POST /session/a0fa65e418457f6e1528b16bc1e26f2c/element - {"using":"xpath","value":"//*[@id=\"application-managehandovers-display-component---AddNewHO--popup-sa\"]"}
RESULT: {"using":"xpath","value":"//*[@id=\"application-managehandovers-display-component---AddNewHO--popup-sa\"]"}
COMMAND: POST /session/a0fa65e418457f6e1528b16bc1e26f2c/element/f.6300CB9FC90E916FB2ACF31257920715.d.5F0D1AFFB085ED8414D391ECD932A8C7.e.8667/click - {}
RESULT: {}
COMMAND: GET /session/a0fa65e418457f6e1528b16bc1e26f2c/screenshot - {}
RESULT: {}
COMMAND: POST /session/a0fa65e418457f6e1528b16bc1e26f2c/element - {"using":"xpath","value":"//bdi[contains(text(), \"Select\")]"}
RESULT: {"using":"xpath","value":"//bdi[contains(text(), \"Select\")]"}
COMMAND: POST /session/a0fa65e418457f6e1528b16bc1e26f2c/element/f.6300CB9FC90E916FB2ACF31257920715.d.5F0D1AFFB085ED8414D391ECD932A8C7.e.8668/click - {}
RESULT: {}
COMMAND: GET /session/a0fa65e418457f6e1528b16bc1e26f2c/screenshot - {}
RESULT: {}
COMMAND: POST /session/a0fa65e418457f6e1528b16bc1e26f2c/element - {"using":"xpath","value":"//button[@data-kt=\"AddNewHOSaveButton\"]"}
RESULT: {"using":"xpath","value":"//button[@data-kt=\"AddNewHOSaveButton\"]"}
COMMAND: POST /session/a0fa65e418457f6e1528b16bc1e26f2c/element/f.6300CB9FC90E916FB2ACF31257920715.d.5F0D1AFFB085ED8414D391ECD932A8C7.e.8672/click - {}
RESULT: {}
COMMAND: GET /session/a0fa65e418457f6e1528b16bc1e26f2c/screenshot - {}
RESULT: {}
COMMAND: POST /session/a0fa65e418457f6e1528b16bc1e26f2c/execute/async - {"script":"<script> [1562 bytes]","args":[{"selector":{"id":"receiptDatePicker","viewName":"etm.portal.ui.managehandovers.view.DetailExecuteHO","interaction":{"idSuffix":"inner"}},"wdio_ui5_key":"receiptDatePickeretmportal.ui.managehandovers.view.DetailExecuteHO"}]}
RESULT: {"script":"<script> [1562 bytes]","args":[{"selector":{"id":"receiptDatePicker","viewName":"etm.portal.ui.managehandovers.view.DetailExecuteHO","interaction":{"idSuffix":"inner"}},"wdio_ui5_key":"receiptDatePickeretmportal.ui.managehandovers.view.DetailExecuteHO"}]}
RESULT: undefined
COMMAND: POST /session/a0fa65e418457f6e1528b16bc1e26f2c/execute/async - {"script":"<script> [6424 bytes]","args":[{"element-6066-11e4-a52e-4f735466cecf":"f.6300CB9FC90E916FB2ACF31257920715.d.5F0D1AFFB085ED8414D391ECD932A8C7.e.8688"},"setValue",["5/17/25"]]}
RESULT: {"script":"<script> [6424 bytes]","args":[{"element-6066-11e4-a52e-4f735466cecf":"f.6300CB9FC90E916FB2ACF31257920715.d.5F0D1AFFB085ED8414D391ECD932A8C7.e.8688"},"setValue",["5/17/25"]]}
COMMAND: POST /session/a0fa65e418457f6e1528b16bc1e26f2c/element - {"using":"xpath","value":"//button[@data-kt=\"PickingTableConfirmAllButton\"]"}
RESULT: {"using":"xpath","value":"//button[@data-kt=\"PickingTableConfirmAllButton\"]"}
COMMAND: POST /session/a0fa65e418457f6e1528b16bc1e26f2c/element/f.6300CB9FC90E916FB2ACF31257920715.d.5F0D1AFFB085ED8414D391ECD932A8C7.e.8706/click - {}
RESULT: {}
COMMAND: GET /session/a0fa65e418457f6e1528b16bc1e26f2c/screenshot - {}
RESULT: {}
COMMAND: POST /session/a0fa65e418457f6e1528b16bc1e26f2c/element - {"using":"xpath","value":"//bdi[contains(text(), \"OK\")]"}
RESULT: {"using":"xpath","value":"//bdi[contains(text(), \"OK\")]"}
COMMAND: POST /session/a0fa65e418457f6e1528b16bc1e26f2c/element/f.6300CB9FC90E916FB2ACF31257920715.d.5F0D1AFFB085ED8414D391ECD932A8C7.e.8708/click - {}
RESULT: {}
COMMAND: GET /session/a0fa65e418457f6e1528b16bc1e26f2c/screenshot - {}
RESULT: {}
COMMAND: POST /session/a0fa65e418457f6e1528b16bc1e26f2c/element - {"using":"xpath","value":"(//bdi[contains(text(), \"Receive\")])[2]"}
RESULT: {"using":"xpath","value":"(//bdi[contains(text(), \"Receive\")])[2]"}
COMMAND: POST /session/a0fa65e418457f6e1528b16bc1e26f2c/element/f.6300CB9FC90E916FB2ACF31257920715.d.5F0D1AFFB085ED8414D391ECD932A8C7.e.8710/click - {}
RESULT: {}
COMMAND: GET /session/a0fa65e418457f6e1528b16bc1e26f2c/screenshot - {}
RESULT: {}
COMMAND: POST /session/a0fa65e418457f6e1528b16bc1e26f2c/element - {"using":"css selector","value":"#shell-header-logo"}
RESULT: {"using":"css selector","value":"#shell-header-logo"}
COMMAND: POST /session/a0fa65e418457f6e1528b16bc1e26f2c/element/f.6300CB9FC90E916FB2ACF31257920715.d.5F0D1AFFB085ED8414D391ECD932A8C7.e.8092/click - {}
RESULT: {}
COMMAND: GET /session/a0fa65e418457f6e1528b16bc1e26f2c/screenshot - {}
RESULT: {}
]]></system-out>
    </testcase>
    <testcase classname="chrome.136_0_7103_93.windows.Provide_to_Site_w/_warehouse_management_wo_clarification" name="Should create a new contract" time="59.15">
      <system-out><![CDATA[
COMMAND: POST /session/a0fa65e418457f6e1528b16bc1e26f2c/execute/async - {"script":"<script> [1562 bytes]","args":[{"selector":{"controlType":"sap.m.GenericTile","properties":{"header":"Manage Contracts"}},"wdio_ui5_key":"sapm.GenericTile{\"header\":\"Manage Contracts\"}"}]}
RESULT: {"script":"<script> [1562 bytes]","args":[{"selector":{"controlType":"sap.m.GenericTile","properties":{"header":"Manage Contracts"}},"wdio_ui5_key":"sapm.GenericTile{\"header\":\"Manage Contracts\"}"}]}
RESULT: undefined
COMMAND: POST /session/a0fa65e418457f6e1528b16bc1e26f2c/element - {"using":"xpath","value":"//*[@id=\"__tile130\"]"}
RESULT: {"using":"xpath","value":"//*[@id=\"__tile130\"]"}
COMMAND: POST /session/a0fa65e418457f6e1528b16bc1e26f2c/element/f.6300CB9FC90E916FB2ACF31257920715.d.5F0D1AFFB085ED8414D391ECD932A8C7.e.7454/click - {}
RESULT: {}
COMMAND: GET /session/a0fa65e418457f6e1528b16bc1e26f2c/screenshot - {}
RESULT: {}
COMMAND: POST /session/a0fa65e418457f6e1528b16bc1e26f2c/elements - {"using":"xpath","value":"//span[text()='Error']"}
RESULT: {"using":"xpath","value":"//span[text()='Error']"}
COMMAND: POST /session/a0fa65e418457f6e1528b16bc1e26f2c/element - {"using":"xpath","value":"//button[@data-kt=\"addButton\"]"}
RESULT: {"using":"xpath","value":"//button[@data-kt=\"addButton\"]"}
COMMAND: POST /session/a0fa65e418457f6e1528b16bc1e26f2c/elements - {"using":"xpath","value":"//button[@data-kt=\"addButton\"]"}
RESULT: {"using":"xpath","value":"//button[@data-kt=\"addButton\"]"}
COMMAND: POST /session/a0fa65e418457f6e1528b16bc1e26f2c/execute/sync - {"script":"<script> [8489 bytes]","args":[{"element-6066-11e4-a52e-4f735466cecf":"f.6300CB9FC90E916FB2ACF31257920715.d.5F0D1AFFB085ED8414D391ECD932A8C7.e.8933","ELEMENT":"f.6300CB9FC90E916FB2ACF31257920715.d.5F0D1AFFB085ED8414D391ECD932A8C7.e.8933"}]}
RESULT: {"script":"<script> [8489 bytes]","args":[{"element-6066-11e4-a52e-4f735466cecf":"f.6300CB9FC90E916FB2ACF31257920715.d.5F0D1AFFB085ED8414D391ECD932A8C7.e.8933","ELEMENT":"f.6300CB9FC90E916FB2ACF31257920715.d.5F0D1AFFB085ED8414D391ECD932A8C7.e.8933"}]}
COMMAND: GET /session/a0fa65e418457f6e1528b16bc1e26f2c/element/f.6300CB9FC90E916FB2ACF31257920715.d.5F0D1AFFB085ED8414D391ECD932A8C7.e.8933/enabled - {}
COMMAND: GET /session/a0fa65e418457f6e1528b16bc1e26f2c/screenshot - {}
RESULT: {}
COMMAND: POST /session/a0fa65e418457f6e1528b16bc1e26f2c/execute/sync - {"script":"<script> [8489 bytes]","args":[{"element-6066-11e4-a52e-4f735466cecf":"f.6300CB9FC90E916FB2ACF31257920715.d.5F0D1AFFB085ED8414D391ECD932A8C7.e.8933","ELEMENT":"f.6300CB9FC90E916FB2ACF31257920715.d.5F0D1AFFB085ED8414D391ECD932A8C7.e.8933"}]}
COMMAND: GET /session/a0fa65e418457f6e1528b16bc1e26f2c/screenshot - {}
RESULT: {}
RESULT: {"script":"<script> [8489 bytes]","args":[{"element-6066-11e4-a52e-4f735466cecf":"f.6300CB9FC90E916FB2ACF31257920715.d.5F0D1AFFB085ED8414D391ECD932A8C7.e.8933","ELEMENT":"f.6300CB9FC90E916FB2ACF31257920715.d.5F0D1AFFB085ED8414D391ECD932A8C7.e.8933"}]}
COMMAND: POST /session/a0fa65e418457f6e1528b16bc1e26f2c/execute/sync - {"script":"<script> [5351 bytes]","args":[{"element-6066-11e4-a52e-4f735466cecf":"f.6300CB9FC90E916FB2ACF31257920715.d.5F0D1AFFB085ED8414D391ECD932A8C7.e.8933","ELEMENT":"f.6300CB9FC90E916FB2ACF31257920715.d.5F0D1AFFB085ED8414D391ECD932A8C7.e.8933"}]}
COMMAND: GET /session/a0fa65e418457f6e1528b16bc1e26f2c/screenshot - {}
RESULT: {}
RESULT: {"script":"<script> [5351 bytes]","args":[{"element-6066-11e4-a52e-4f735466cecf":"f.6300CB9FC90E916FB2ACF31257920715.d.5F0D1AFFB085ED8414D391ECD932A8C7.e.8933","ELEMENT":"f.6300CB9FC90E916FB2ACF31257920715.d.5F0D1AFFB085ED8414D391ECD932A8C7.e.8933"}]}
COMMAND: GET /session/a0fa65e418457f6e1528b16bc1e26f2c/screenshot - {}
RESULT: {}
RESULT: {}
COMMAND: POST /session/a0fa65e418457f6e1528b16bc1e26f2c/element/f.6300CB9FC90E916FB2ACF31257920715.d.5F0D1AFFB085ED8414D391ECD932A8C7.e.8933/click - {}
RESULT: {}
COMMAND: GET /session/a0fa65e418457f6e1528b16bc1e26f2c/screenshot - {}
COMMAND: POST /session/a0fa65e418457f6e1528b16bc1e26f2c/execute/async - {"script":"<script> [1562 bytes]","args":[{"selector":{"id":"application-managecontracts-display-component---AddNewContract--projectDescription","interaction":{"idSuffix":"inner"}},"wdio_ui5_key":"applicationmanagecontracts-display-component---AddNewContract--projectDescription"}]}
RESULT: {}
RESULT: {"script":"<script> [1562 bytes]","args":[{"selector":{"id":"application-managecontracts-display-component---AddNewContract--projectDescription","interaction":{"idSuffix":"inner"}},"wdio_ui5_key":"applicationmanagecontracts-display-component---AddNewContract--projectDescription"}]}
RESULT: undefined
COMMAND: POST /session/a0fa65e418457f6e1528b16bc1e26f2c/execute/async - {"script":"<script> [776 bytes]","args":[{"enterText":"Contract WDIO","selector":{"id":"application-managecontracts-display-component---AddNewContract--projectDescription","interaction":{"idSuffix":"inner"}},"clearTextFirst":true,"interactionType":"ENTER_TEXT"}]}
RESULT: {"script":"<script> [776 bytes]","args":[{"enterText":"Contract WDIO","selector":{"id":"application-managecontracts-display-component---AddNewContract--projectDescription","interaction":{"idSuffix":"inner"}},"clearTextFirst":true,"interactionType":"ENTER_TEXT"}]}
COMMAND: POST /session/a0fa65e418457f6e1528b16bc1e26f2c/element - {"using":"xpath","value":"//input[@id=\"application-managecontracts-display-component---AddNewContract--site-inner\"]"}
RESULT: {"using":"xpath","value":"//input[@id=\"application-managecontracts-display-component---AddNewContract--site-inner\"]"}
COMMAND: POST /session/a0fa65e418457f6e1528b16bc1e26f2c/element/f.6300CB9FC90E916FB2ACF31257920715.d.5F0D1AFFB085ED8414D391ECD932A8C7.e.9288/clear - {}
RESULT: {}
COMMAND: POST /session/a0fa65e418457f6e1528b16bc1e26f2c/element/f.6300CB9FC90E916FB2ACF31257920715.d.5F0D1AFFB085ED8414D391ECD932A8C7.e.9288/value - {"text":"2237"}
COMMAND: GET /session/a0fa65e418457f6e1528b16bc1e26f2c/screenshot - {}
RESULT: {"text":"2237"}
COMMAND: GET /session/a0fa65e418457f6e1528b16bc1e26f2c/screenshot - {}
RESULT: {}
RESULT: {}
COMMAND: POST /session/a0fa65e418457f6e1528b16bc1e26f2c/element - {"using":"xpath","value":"//li[.//span[text()='2237']]"}
RESULT: {"using":"xpath","value":"//li[.//span[text()='2237']]"}
COMMAND: POST /session/a0fa65e418457f6e1528b16bc1e26f2c/element/f.6300CB9FC90E916FB2ACF31257920715.d.5F0D1AFFB085ED8414D391ECD932A8C7.e.9318/click - {}
RESULT: {}
COMMAND: GET /session/a0fa65e418457f6e1528b16bc1e26f2c/screenshot - {}
RESULT: {}
COMMAND: POST /session/a0fa65e418457f6e1528b16bc1e26f2c/element - {"using":"xpath","value":"//input[@id=\"application-managecontracts-display-component---AddNewContract--yardId-inner\"]"}
RESULT: {"using":"xpath","value":"//input[@id=\"application-managecontracts-display-component---AddNewContract--yardId-inner\"]"}
COMMAND: GET /session/a0fa65e418457f6e1528b16bc1e26f2c/element/f.6300CB9FC90E916FB2ACF31257920715.d.5F0D1AFFB085ED8414D391ECD932A8C7.e.9289/property/value - {}
RESULT: {}
COMMAND: POST /session/a0fa65e418457f6e1528b16bc1e26f2c/element - {"using":"xpath","value":"//input[@id=\"application-managecontracts-display-component---AddNewContract--customerSelect-inner\"]"}
COMMAND: GET /session/a0fa65e418457f6e1528b16bc1e26f2c/screenshot - {}
RESULT: {"using":"xpath","value":"//input[@id=\"application-managecontracts-display-component---AddNewContract--customerSelect-inner\"]"}
COMMAND: POST /session/a0fa65e418457f6e1528b16bc1e26f2c/element/f.6300CB9FC90E916FB2ACF31257920715.d.5F0D1AFFB085ED8414D391ECD932A8C7.e.9287/clear - {}
RESULT: {}
RESULT: {}
COMMAND: POST /session/a0fa65e418457f6e1528b16bc1e26f2c/element/f.6300CB9FC90E916FB2ACF31257920715.d.5F0D1AFFB085ED8414D391ECD932A8C7.e.9287/value - {"text":"1281"}
COMMAND: GET /session/a0fa65e418457f6e1528b16bc1e26f2c/screenshot - {}
RESULT: {"text":"1281"}
COMMAND: GET /session/a0fa65e418457f6e1528b16bc1e26f2c/screenshot - {}
COMMAND: POST /session/a0fa65e418457f6e1528b16bc1e26f2c/element - {"using":"xpath","value":"//li[.//span[text()='1281']]"}
RESULT: {}
RESULT: {}
RESULT: {"using":"xpath","value":"//li[.//span[text()='1281']]"}
COMMAND: POST /session/a0fa65e418457f6e1528b16bc1e26f2c/element/f.6300CB9FC90E916FB2ACF31257920715.d.5F0D1AFFB085ED8414D391ECD932A8C7.e.9321/click - {}
RESULT: {}
COMMAND: GET /session/a0fa65e418457f6e1528b16bc1e26f2c/screenshot - {}
RESULT: {}
COMMAND: POST /session/a0fa65e418457f6e1528b16bc1e26f2c/element - {"using":"xpath","value":"//button[@data-kt=\"saveButton\"]"}
RESULT: {"using":"xpath","value":"//button[@data-kt=\"saveButton\"]"}
COMMAND: POST /session/a0fa65e418457f6e1528b16bc1e26f2c/element/f.6300CB9FC90E916FB2ACF31257920715.d.5F0D1AFFB085ED8414D391ECD932A8C7.e.9322/click - {}
RESULT: {}
COMMAND: GET /session/a0fa65e418457f6e1528b16bc1e26f2c/screenshot - {}
RESULT: {}
COMMAND: POST /session/a0fa65e418457f6e1528b16bc1e26f2c/element - {"using":"xpath","value":"//span[contains(@id ,\"contractDetailTitleNoExpanded\")]"}
RESULT: {"using":"xpath","value":"//span[contains(@id ,\"contractDetailTitleNoExpanded\")]"}
COMMAND: POST /session/a0fa65e418457f6e1528b16bc1e26f2c/elements - {"using":"xpath","value":"//span[contains(@id ,\"contractDetailTitleNoExpanded\")]"}
RESULT: {"using":"xpath","value":"//span[contains(@id ,\"contractDetailTitleNoExpanded\")]"}
COMMAND: POST /session/a0fa65e418457f6e1528b16bc1e26f2c/execute/sync - {"script":"<script> [56 bytes]","args":[{"element-6066-11e4-a52e-4f735466cecf":"f.6300CB9FC90E916FB2ACF31257920715.d.5F0D1AFFB085ED8414D391ECD932A8C7.e.9393","ELEMENT":"f.6300CB9FC90E916FB2ACF31257920715.d.5F0D1AFFB085ED8414D391ECD932A8C7.e.9393"}]}
RESULT: {"script":"<script> [56 bytes]","args":[{"element-6066-11e4-a52e-4f735466cecf":"f.6300CB9FC90E916FB2ACF31257920715.d.5F0D1AFFB085ED8414D391ECD932A8C7.e.9393","ELEMENT":"f.6300CB9FC90E916FB2ACF31257920715.d.5F0D1AFFB085ED8414D391ECD932A8C7.e.9393"}]}
COMMAND: GET /session/a0fa65e418457f6e1528b16bc1e26f2c/screenshot - {}
RESULT: {}
]]></system-out>
    </testcase>
    <testcase classname="chrome.136_0_7103_93.windows.Provide_to_Site_w/_warehouse_management_wo_clarification" name="Should add equipment to the contract" time="58.006">
      <system-out><![CDATA[
COMMAND: POST /session/a0fa65e418457f6e1528b16bc1e26f2c/element - {"using":"xpath","value":"//button[@data-kt=\"contractDetailEditBtnButton\"]"}
RESULT: {"using":"xpath","value":"//button[@data-kt=\"contractDetailEditBtnButton\"]"}
COMMAND: POST /session/a0fa65e418457f6e1528b16bc1e26f2c/element/f.6300CB9FC90E916FB2ACF31257920715.d.5F0D1AFFB085ED8414D391ECD932A8C7.e.9395/click - {}
RESULT: {}
COMMAND: GET /session/a0fa65e418457f6e1528b16bc1e26f2c/screenshot - {}
RESULT: {}
COMMAND: POST /session/a0fa65e418457f6e1528b16bc1e26f2c/element - {"using":"xpath","value":"(//span[contains(text(), \"Additional Addresses\")])[2]"}
RESULT: {"using":"xpath","value":"(//span[contains(text(), \"Additional Addresses\")])[2]"}
COMMAND: POST /session/a0fa65e418457f6e1528b16bc1e26f2c/element/f.6300CB9FC90E916FB2ACF31257920715.d.5F0D1AFFB085ED8414D391ECD932A8C7.e.9449/click - {}
RESULT: {}
COMMAND: GET /session/a0fa65e418457f6e1528b16bc1e26f2c/screenshot - {}
RESULT: {}
COMMAND: POST /session/a0fa65e418457f6e1528b16bc1e26f2c/element - {"using":"xpath","value":"//button[@data-kt=\"btnAddTableRowOverflowToolbarButton\"]"}
RESULT: {"using":"xpath","value":"//button[@data-kt=\"btnAddTableRowOverflowToolbarButton\"]"}
COMMAND: POST /session/a0fa65e418457f6e1528b16bc1e26f2c/element/f.6300CB9FC90E916FB2ACF31257920715.d.5F0D1AFFB085ED8414D391ECD932A8C7.e.9453/click - {}
RESULT: {}
COMMAND: GET /session/a0fa65e418457f6e1528b16bc1e26f2c/screenshot - {}
RESULT: {}
COMMAND: POST /session/a0fa65e418457f6e1528b16bc1e26f2c/element - {"using":"xpath","value":"//div[(text() = 'Standard Entry' or . = 'Standard Entry')]"}
RESULT: {"using":"xpath","value":"//div[(text() = 'Standard Entry' or . = 'Standard Entry')]"}
COMMAND: POST /session/a0fa65e418457f6e1528b16bc1e26f2c/element/f.6300CB9FC90E916FB2ACF31257920715.d.5F0D1AFFB085ED8414D391ECD932A8C7.e.9455/click - {}
RESULT: {}
COMMAND: GET /session/a0fa65e418457f6e1528b16bc1e26f2c/screenshot - {}
RESULT: {}
COMMAND: POST /session/a0fa65e418457f6e1528b16bc1e26f2c/element - {"using":"xpath","value":"//td[6]/div/div/div/span"}
RESULT: {"using":"xpath","value":"//td[6]/div/div/div/span"}
COMMAND: POST /session/a0fa65e418457f6e1528b16bc1e26f2c/element/f.6300CB9FC90E916FB2ACF31257920715.d.5F0D1AFFB085ED8414D391ECD932A8C7.e.9467/click - {}
RESULT: {}
COMMAND: GET /session/a0fa65e418457f6e1528b16bc1e26f2c/screenshot - {}
RESULT: {}
COMMAND: POST /session/a0fa65e418457f6e1528b16bc1e26f2c/element - {"using":"xpath","value":"(//span[contains(text(), \"Material\")])"}
RESULT: {"using":"xpath","value":"(//span[contains(text(), \"Material\")])"}
COMMAND: POST /session/a0fa65e418457f6e1528b16bc1e26f2c/element/f.6300CB9FC90E916FB2ACF31257920715.d.5F0D1AFFB085ED8414D391ECD932A8C7.e.9468/click - {}
RESULT: {}
COMMAND: GET /session/a0fa65e418457f6e1528b16bc1e26f2c/screenshot - {}
RESULT: {}
COMMAND: POST /session/a0fa65e418457f6e1528b16bc1e26f2c/element - {"using":"xpath","value":"//td[7]/div/div/input"}
RESULT: {"using":"xpath","value":"//td[7]/div/div/input"}
COMMAND: POST /session/a0fa65e418457f6e1528b16bc1e26f2c/element/f.6300CB9FC90E916FB2ACF31257920715.d.5F0D1AFFB085ED8414D391ECD932A8C7.e.9472/clear - {}
RESULT: {}
COMMAND: POST /session/a0fa65e418457f6e1528b16bc1e26f2c/element/f.6300CB9FC90E916FB2ACF31257920715.d.5F0D1AFFB085ED8414D391ECD932A8C7.e.9472/value - {"text":"200253"}
COMMAND: GET /session/a0fa65e418457f6e1528b16bc1e26f2c/screenshot - {}
RESULT: {"text":"200253"}
COMMAND: GET /session/a0fa65e418457f6e1528b16bc1e26f2c/screenshot - {}
RESULT: {}
RESULT: {}
COMMAND: POST /session/a0fa65e418457f6e1528b16bc1e26f2c/actions - {"actions":[{"id":"action34","type":"key","parameters":{},"actions":[{"type":"keyDown","value":"î€‡"},{"type":"pause","duration":10},{"type":"keyUp","value":"î€‡"}]}]}
RESULT: {"actions":[{"id":"action34","type":"key","parameters":{},"actions":[{"type":"keyDown","value":"î€‡"},{"type":"pause","duration":10},{"type":"keyUp","value":"î€‡"}]}]}
COMMAND: GET /session/a0fa65e418457f6e1528b16bc1e26f2c/screenshot - {}
RESULT: {}
COMMAND: POST /session/a0fa65e418457f6e1528b16bc1e26f2c/execute/sync - {"script":"<script> [276 bytes]","args":["No pricing information was found"]}
RESULT: {"script":"<script> [276 bytes]","args":["No pricing information was found"]}
COMMAND: POST /session/a0fa65e418457f6e1528b16bc1e26f2c/element - {"using":"xpath","value":"//bdi[contains(text(), \"OK\")]"}
COMMAND: GET /session/a0fa65e418457f6e1528b16bc1e26f2c/screenshot - {}
RESULT: {"using":"xpath","value":"//bdi[contains(text(), \"OK\")]"}
COMMAND: POST /session/a0fa65e418457f6e1528b16bc1e26f2c/element/f.6300CB9FC90E916FB2ACF31257920715.d.5F0D1AFFB085ED8414D391ECD932A8C7.e.9498/click - {}
RESULT: {}
RESULT: {}
COMMAND: GET /session/a0fa65e418457f6e1528b16bc1e26f2c/screenshot - {}
RESULT: {}
COMMAND: POST /session/a0fa65e418457f6e1528b16bc1e26f2c/element - {"using":"xpath","value":"(//button[@data-kt=\"saveButton\"])[2]"}
RESULT: {"using":"xpath","value":"(//button[@data-kt=\"saveButton\"])[2]"}
COMMAND: POST /session/a0fa65e418457f6e1528b16bc1e26f2c/element/f.6300CB9FC90E916FB2ACF31257920715.d.5F0D1AFFB085ED8414D391ECD932A8C7.e.9499/click - {}
RESULT: {}
COMMAND: GET /session/a0fa65e418457f6e1528b16bc1e26f2c/screenshot - {}
RESULT: {}
COMMAND: POST /session/a0fa65e418457f6e1528b16bc1e26f2c/execute/sync - {"script":"<script> [276 bytes]","args":["Some contract items are having rental validity exceeding header rental validity"]}
RESULT: {"script":"<script> [276 bytes]","args":["Some contract items are having rental validity exceeding header rental validity"]}
COMMAND: GET /session/a0fa65e418457f6e1528b16bc1e26f2c/screenshot - {}
RESULT: {}
COMMAND: POST /session/a0fa65e418457f6e1528b16bc1e26f2c/element - {"using":"xpath","value":"//span[contains(@id ,\"contractItemsSmartTable-header-inner\")]"}
RESULT: {"using":"xpath","value":"//span[contains(@id ,\"contractItemsSmartTable-header-inner\")]"}
COMMAND: POST /session/a0fa65e418457f6e1528b16bc1e26f2c/elements - {"using":"xpath","value":"//span[contains(@id ,\"contractItemsSmartTable-header-inner\")]"}
RESULT: {"using":"xpath","value":"//span[contains(@id ,\"contractItemsSmartTable-header-inner\")]"}
COMMAND: POST /session/a0fa65e418457f6e1528b16bc1e26f2c/execute/sync - {"script":"<script> [56 bytes]","args":[{"element-6066-11e4-a52e-4f735466cecf":"f.6300CB9FC90E916FB2ACF31257920715.d.5F0D1AFFB085ED8414D391ECD932A8C7.e.9503","ELEMENT":"f.6300CB9FC90E916FB2ACF31257920715.d.5F0D1AFFB085ED8414D391ECD932A8C7.e.9503"}]}
RESULT: {"script":"<script> [56 bytes]","args":[{"element-6066-11e4-a52e-4f735466cecf":"f.6300CB9FC90E916FB2ACF31257920715.d.5F0D1AFFB085ED8414D391ECD932A8C7.e.9503","ELEMENT":"f.6300CB9FC90E916FB2ACF31257920715.d.5F0D1AFFB085ED8414D391ECD932A8C7.e.9503"}]}
]]></system-out>
    </testcase>
    <testcase classname="chrome.136_0_7103_93.windows.Provide_to_Site_w/_warehouse_management_wo_clarification" name="Should provide to site" time="36.328">
      <system-out><![CDATA[
COMMAND: POST /session/a0fa65e418457f6e1528b16bc1e26f2c/element - {"using":"xpath","value":"//button[@data-kt=\"provideButton\"]"}
COMMAND: GET /session/a0fa65e418457f6e1528b16bc1e26f2c/screenshot - {}
RESULT: {"using":"xpath","value":"//button[@data-kt=\"provideButton\"]"}
COMMAND: POST /session/a0fa65e418457f6e1528b16bc1e26f2c/element/f.6300CB9FC90E916FB2ACF31257920715.d.5F0D1AFFB085ED8414D391ECD932A8C7.e.9504/click - {}
RESULT: {}
RESULT: {}
COMMAND: GET /session/a0fa65e418457f6e1528b16bc1e26f2c/screenshot - {}
RESULT: undefined
COMMAND: POST /session/a0fa65e418457f6e1528b16bc1e26f2c/execute/async - {"script":"<script> [6424 bytes]","args":[{"element-6066-11e4-a52e-4f735466cecf":"f.6300CB9FC90E916FB2ACF31257920715.d.5F0D1AFFB085ED8414D391ECD932A8C7.e.8490"},"setValue",["05/17/25"]]}
RESULT: {}
COMMAND: POST /session/a0fa65e418457f6e1528b16bc1e26f2c/execute/async - {"script":"<script> [1562 bytes]","args":[{"selector":{"id":"application-managehandovers-display-component---AddNewHO--dueDate","interaction":{"idSuffix":"inner"}},"wdio_ui5_key":"applicationmanagehandovers-display-component---AddNewHO--dueDate"}]}
RESULT: {"script":"<script> [1562 bytes]","args":[{"selector":{"id":"application-managehandovers-display-component---AddNewHO--dueDate","interaction":{"idSuffix":"inner"}},"wdio_ui5_key":"applicationmanagehandovers-display-component---AddNewHO--dueDate"}]}
COMMAND: POST /session/a0fa65e418457f6e1528b16bc1e26f2c/execute/async - {"script":"<script> [6424 bytes]","args":[{"element-6066-11e4-a52e-4f735466cecf":"f.6300CB9FC90E916FB2ACF31257920715.d.5F0D1AFFB085ED8414D391ECD932A8C7.e.9594"},"setValue",["05/17/25"]]}
RESULT: {"script":"<script> [6424 bytes]","args":[{"element-6066-11e4-a52e-4f735466cecf":"f.6300CB9FC90E916FB2ACF31257920715.d.5F0D1AFFB085ED8414D391ECD932A8C7.e.9594"},"setValue",["05/17/25"]]}
COMMAND: POST /session/a0fa65e418457f6e1528b16bc1e26f2c/element - {"using":"xpath","value":"//bdi[contains(text(), \"Instructions\")]"}
RESULT: {"using":"xpath","value":"//bdi[contains(text(), \"Instructions\")]"}
COMMAND: POST /session/a0fa65e418457f6e1528b16bc1e26f2c/element/f.6300CB9FC90E916FB2ACF31257920715.d.5F0D1AFFB085ED8414D391ECD932A8C7.e.9809/click - {}
RESULT: {}
COMMAND: GET /session/a0fa65e418457f6e1528b16bc1e26f2c/screenshot - {}
RESULT: {}
COMMAND: POST /session/a0fa65e418457f6e1528b16bc1e26f2c/element - {"using":"xpath","value":"//button[@data-kt=\"AddNewHOProvideAddItemsButton\"]"}
RESULT: {"using":"xpath","value":"//button[@data-kt=\"AddNewHOProvideAddItemsButton\"]"}
COMMAND: POST /session/a0fa65e418457f6e1528b16bc1e26f2c/element/f.6300CB9FC90E916FB2ACF31257920715.d.5F0D1AFFB085ED8414D391ECD932A8C7.e.9813/click - {}
RESULT: {}
COMMAND: GET /session/a0fa65e418457f6e1528b16bc1e26f2c/screenshot - {}
RESULT: {}
RESULT: undefined
COMMAND: POST /session/a0fa65e418457f6e1528b16bc1e26f2c/element - {"using":"xpath","value":"//*[@id=\"application-managehandovers-display-component---AddNewHO--popup-sa\"]"}
RESULT: {"using":"xpath","value":"//*[@id=\"application-managehandovers-display-component---AddNewHO--popup-sa\"]"}
COMMAND: POST /session/a0fa65e418457f6e1528b16bc1e26f2c/element/f.6300CB9FC90E916FB2ACF31257920715.d.5F0D1AFFB085ED8414D391ECD932A8C7.e.9822/click - {}
RESULT: {}
COMMAND: GET /session/a0fa65e418457f6e1528b16bc1e26f2c/screenshot - {}
RESULT: {}
COMMAND: POST /session/a0fa65e418457f6e1528b16bc1e26f2c/element - {"using":"xpath","value":"//*[contains(@id ,\"BDI-content\")][contains(text(), \"Select\")]"}
RESULT: {"using":"xpath","value":"//*[contains(@id ,\"BDI-content\")][contains(text(), \"Select\")]"}
COMMAND: POST /session/a0fa65e418457f6e1528b16bc1e26f2c/element/f.6300CB9FC90E916FB2ACF31257920715.d.5F0D1AFFB085ED8414D391ECD932A8C7.e.9824/click - {}
RESULT: {}
COMMAND: GET /session/a0fa65e418457f6e1528b16bc1e26f2c/screenshot - {}
RESULT: {}
COMMAND: POST /session/a0fa65e418457f6e1528b16bc1e26f2c/element - {"using":"xpath","value":"//bdi[(text() = 'Save' or . = 'Save')]"}
RESULT: {"using":"xpath","value":"//bdi[(text() = 'Save' or . = 'Save')]"}
COMMAND: POST /session/a0fa65e418457f6e1528b16bc1e26f2c/element/f.6300CB9FC90E916FB2ACF31257920715.d.5F0D1AFFB085ED8414D391ECD932A8C7.e.9827/click - {}
RESULT: {}
COMMAND: GET /session/a0fa65e418457f6e1528b16bc1e26f2c/screenshot - {}
RESULT: {}
]]></system-out>
    </testcase>
    <testcase classname="chrome.136_0_7103_93.windows.Provide_to_Site_w/_warehouse_management_wo_clarification" name="Should Test for Handover Execution" time="142.129">
      <system-out><![CDATA[
COMMAND: POST /session/a0fa65e418457f6e1528b16bc1e26f2c/execute/async - {"script":"<script> [1562 bytes]","args":[{"selector":{"controlType":"sap.m.Link","viewName":"etm.portal.ui.managehandovers.view.DetailExecuteHO","bindingPath":{"path":"","propertyPath":"/wmDoc","modelName":"warehouseMovModel"}},"wdio_ui5_key":"etmportal.ui.managehandovers.view.DetailExecuteHOsap.m.Link{\"path\":\"\",\"propertyPath\":\"/wmDoc\",\"modelName\":\"warehouseMovModel\"}"}]}
RESULT: {"script":"<script> [1562 bytes]","args":[{"selector":{"controlType":"sap.m.Link","viewName":"etm.portal.ui.managehandovers.view.DetailExecuteHO","bindingPath":{"path":"","propertyPath":"/wmDoc","modelName":"warehouseMovModel"}},"wdio_ui5_key":"etmportal.ui.managehandovers.view.DetailExecuteHOsap.m.Link{\"path\":\"\",\"propertyPath\":\"/wmDoc\",\"modelName\":\"warehouseMovModel\"}"}]}
RESULT: undefined
COMMAND: POST /session/a0fa65e418457f6e1528b16bc1e26f2c/element - {"using":"xpath","value":"//*[@id=\"__link81\"]"}
RESULT: {"using":"xpath","value":"//*[@id=\"__link81\"]"}
COMMAND: POST /session/a0fa65e418457f6e1528b16bc1e26f2c/element/f.6300CB9FC90E916FB2ACF31257920715.d.5F0D1AFFB085ED8414D391ECD932A8C7.e.9858/click - {}
RESULT: {}
COMMAND: GET /session/a0fa65e418457f6e1528b16bc1e26f2c/screenshot - {}
RESULT: {}
COMMAND: POST /session/a0fa65e418457f6e1528b16bc1e26f2c/execute/async - {"script":"<script> [1562 bytes]","args":[{"selector":{"controlType":"sap.m.Link","viewName":"etm.portal.ui.managehandovers.view.DetailExecuteHO","properties":{"text":"Warehouse Overview"},"searchOpenDialogs":true},"wdio_ui5_key":"etmportal.ui.managehandovers.view.DetailExecuteHOsap.m.Link{\"text\":\"Warehouse Overview\"}"}]}
RESULT: {"script":"<script> [1562 bytes]","args":[{"selector":{"controlType":"sap.m.Link","viewName":"etm.portal.ui.managehandovers.view.DetailExecuteHO","properties":{"text":"Warehouse Overview"},"searchOpenDialogs":true},"wdio_ui5_key":"etmportal.ui.managehandovers.view.DetailExecuteHOsap.m.Link{\"text\":\"Warehouse Overview\"}"}]}
RESULT: undefined
COMMAND: POST /session/a0fa65e418457f6e1528b16bc1e26f2c/element - {"using":"xpath","value":"//*[@id=\"__link96\"]"}
RESULT: {"using":"xpath","value":"//*[@id=\"__link96\"]"}
COMMAND: POST /session/a0fa65e418457f6e1528b16bc1e26f2c/element/f.6300CB9FC90E916FB2ACF31257920715.d.5F0D1AFFB085ED8414D391ECD932A8C7.e.9861/click - {}
RESULT: {}
COMMAND: GET /session/a0fa65e418457f6e1528b16bc1e26f2c/screenshot - {}
RESULT: {}
COMMAND: POST /session/a0fa65e418457f6e1528b16bc1e26f2c/execute/async - {"script":"<script> [1562 bytes]","args":[{"selector":{"controlType":"sap.m.Button","viewName":"etm.portal.ui.warehousemovements.view.DisplayMovement","viewId":"application-warehousemovements-display-component---displayMovement","i18NText":{"propertyName":"text","key":"execution"},"interaction":{"idSuffix":"BDI-content"}},"wdio_ui5_key":"etmportal.ui.warehousemovements.view.DisplayMovementsap.m.Button{\"propertyName\":\"text\",\"key\":\"execution\"}"}]}
RESULT: {"script":"<script> [1562 bytes]","args":[{"selector":{"controlType":"sap.m.Button","viewName":"etm.portal.ui.warehousemovements.view.DisplayMovement","viewId":"application-warehousemovements-display-component---displayMovement","i18NText":{"propertyName":"text","key":"execution"},"interaction":{"idSuffix":"BDI-content"}},"wdio_ui5_key":"etmportal.ui.warehousemovements.view.DisplayMovementsap.m.Button{\"propertyName\":\"text\",\"key\":\"execution\"}"}]}
RESULT: undefined
COMMAND: POST /session/a0fa65e418457f6e1528b16bc1e26f2c/element - {"using":"xpath","value":"//*[@id=\"__button219\"]"}
RESULT: {"using":"xpath","value":"//*[@id=\"__button219\"]"}
COMMAND: POST /session/a0fa65e418457f6e1528b16bc1e26f2c/element/f.6300CB9FC90E916FB2ACF31257920715.d.5F0D1AFFB085ED8414D391ECD932A8C7.e.10040/click - {}
RESULT: {}
COMMAND: GET /session/a0fa65e418457f6e1528b16bc1e26f2c/screenshot - {}
RESULT: {}
COMMAND: POST /session/a0fa65e418457f6e1528b16bc1e26f2c/execute/async - {"script":"<script> [1562 bytes]","args":[{"selector":{"controlType":"sap.m.Button","viewName":"etm.portal.ui.warehousemovements.view.ExecuteMovement","viewId":"application-warehousemovements-display-component---executeMovement","properties":{"text":"Items"},"interaction":{"idSuffix":"BDI-content"}},"wdio_ui5_key":"etmportal.ui.warehousemovements.view.ExecuteMovementsap.m.Button{\"text\":\"Items\"}"}]}
RESULT: {"script":"<script> [1562 bytes]","args":[{"selector":{"controlType":"sap.m.Button","viewName":"etm.portal.ui.warehousemovements.view.ExecuteMovement","viewId":"application-warehousemovements-display-component---executeMovement","properties":{"text":"Items"},"interaction":{"idSuffix":"BDI-content"}},"wdio_ui5_key":"etmportal.ui.warehousemovements.view.ExecuteMovementsap.m.Button{\"text\":\"Items\"}"}]}
RESULT: undefined
COMMAND: POST /session/a0fa65e418457f6e1528b16bc1e26f2c/element - {"using":"xpath","value":"//*[@id=\"__layout353-anchBar-application-warehousemovements-display-component---executeMovement--itemsSection-anchor\"]"}
RESULT: {"using":"xpath","value":"//*[@id=\"__layout353-anchBar-application-warehousemovements-display-component---executeMovement--itemsSection-anchor\"]"}
COMMAND: POST /session/a0fa65e418457f6e1528b16bc1e26f2c/element/f.6300CB9FC90E916FB2ACF31257920715.d.5F0D1AFFB085ED8414D391ECD932A8C7.e.10137/click - {}
RESULT: {}
COMMAND: GET /session/a0fa65e418457f6e1528b16bc1e26f2c/screenshot - {}
RESULT: {}
COMMAND: POST /session/a0fa65e418457f6e1528b16bc1e26f2c/execute/async - {"script":"<script> [1562 bytes]","args":[{"selector":{"controlType":"sap.m.ToggleButton","viewName":"etm.portal.ui.warehousemovements.view.ExecuteMovement","viewId":"application-warehousemovements-display-component---executeMovement","bindingPath":{"propertyPath":"STATUS","modelName":"catalogModel"},"interaction":{"idSuffix":"BDI-content"}},"wdio_ui5_key":"etmportal.ui.warehousemovements.view.ExecuteMovementsap.m.ToggleButton{\"propertyPath\":\"STATUS\",\"modelName\":\"catalogModel\"}"}]}
RESULT: {"script":"<script> [1562 bytes]","args":[{"selector":{"controlType":"sap.m.ToggleButton","viewName":"etm.portal.ui.warehousemovements.view.ExecuteMovement","viewId":"application-warehousemovements-display-component---executeMovement","bindingPath":{"propertyPath":"STATUS","modelName":"catalogModel"},"interaction":{"idSuffix":"BDI-content"}},"wdio_ui5_key":"etmportal.ui.warehousemovements.view.ExecuteMovementsap.m.ToggleButton{\"propertyPath\":\"STATUS\",\"modelName\":\"catalogModel\"}"}]}
RESULT: undefined
COMMAND: POST /session/a0fa65e418457f6e1528b16bc1e26f2c/element - {"using":"xpath","value":"//*[@id=\"__button242-__clone3125\"]"}
RESULT: {"using":"xpath","value":"//*[@id=\"__button242-__clone3125\"]"}
COMMAND: POST /session/a0fa65e418457f6e1528b16bc1e26f2c/element/f.6300CB9FC90E916FB2ACF31257920715.d.5F0D1AFFB085ED8414D391ECD932A8C7.e.10108/click - {}
RESULT: {}
RESULT: undefined
COMMAND: POST /session/a0fa65e418457f6e1528b16bc1e26f2c/element - {"using":"xpath","value":"//*[@id=\"__button242-__clone3125\"]"}
COMMAND: GET /session/a0fa65e418457f6e1528b16bc1e26f2c/screenshot - {}
RESULT: {"using":"xpath","value":"//*[@id=\"__button242-__clone3125\"]"}
COMMAND: POST /session/a0fa65e418457f6e1528b16bc1e26f2c/element/f.6300CB9FC90E916FB2ACF31257920715.d.5F0D1AFFB085ED8414D391ECD932A8C7.e.10108/click - {}
RESULT: {}
RESULT: {}
COMMAND: GET /session/a0fa65e418457f6e1528b16bc1e26f2c/screenshot - {}
RESULT: {}
RESULT: undefined
COMMAND: POST /session/a0fa65e418457f6e1528b16bc1e26f2c/execute/async - {"script":"<script> [6424 bytes]","args":[{"element-6066-11e4-a52e-4f735466cecf":"f.6300CB9FC90E916FB2ACF31257920715.d.5F0D1AFFB085ED8414D391ECD932A8C7.e.10141"},"getText",[]]}
RESULT: {"script":"<script> [6424 bytes]","args":[{"element-6066-11e4-a52e-4f735466cecf":"f.6300CB9FC90E916FB2ACF31257920715.d.5F0D1AFFB085ED8414D391ECD932A8C7.e.10141"},"getText",[]]}
COMMAND: POST /session/a0fa65e418457f6e1528b16bc1e26f2c/element - {"using":"xpath","value":"//section[contains(@id,\"FC-NoHead\")]/div[1]/div[5]/div[2]/span"}
RESULT: {"using":"xpath","value":"//section[contains(@id,\"FC-NoHead\")]/div[1]/div[5]/div[2]/span"}
COMMAND: POST /session/a0fa65e418457f6e1528b16bc1e26f2c/elements - {"using":"xpath","value":"//section[contains(@id,\"FC-NoHead\")]/div[1]/div[5]/div[2]/span"}
RESULT: {"using":"xpath","value":"//section[contains(@id,\"FC-NoHead\")]/div[1]/div[5]/div[2]/span"}
COMMAND: POST /session/a0fa65e418457f6e1528b16bc1e26f2c/execute/sync - {"script":"<script> [56 bytes]","args":[{"element-6066-11e4-a52e-4f735466cecf":"f.6300CB9FC90E916FB2ACF31257920715.d.5F0D1AFFB085ED8414D391ECD932A8C7.e.10143","ELEMENT":"f.6300CB9FC90E916FB2ACF31257920715.d.5F0D1AFFB085ED8414D391ECD932A8C7.e.10143"}]}
RESULT: {"script":"<script> [56 bytes]","args":[{"element-6066-11e4-a52e-4f735466cecf":"f.6300CB9FC90E916FB2ACF31257920715.d.5F0D1AFFB085ED8414D391ECD932A8C7.e.10143","ELEMENT":"f.6300CB9FC90E916FB2ACF31257920715.d.5F0D1AFFB085ED8414D391ECD932A8C7.e.10143"}]}
COMMAND: POST /session/a0fa65e418457f6e1528b16bc1e26f2c/actions - {"actions":[{"id":"action35","type":"key","parameters":{},"actions":[{"type":"keyDown","value":"î€‡"},{"type":"pause","duration":10},{"type":"keyUp","value":"î€‡"}]}]}
COMMAND: GET /session/a0fa65e418457f6e1528b16bc1e26f2c/screenshot - {}
RESULT: {"actions":[{"id":"action35","type":"key","parameters":{},"actions":[{"type":"keyDown","value":"î€‡"},{"type":"pause","duration":10},{"type":"keyUp","value":"î€‡"}]}]}
COMMAND: POST /session/a0fa65e418457f6e1528b16bc1e26f2c/execute/async - {"script":"<script> [1562 bytes]","args":[{"selector":{"id":"application-warehousemovements-display-component---executeMovement--executeId","interaction":{"idSuffix":"BDI-content"}},"wdio_ui5_key":"applicationwarehousemovements-display-component---executeMovement--executeId"}]}
COMMAND: GET /session/a0fa65e418457f6e1528b16bc1e26f2c/screenshot - {}
RESULT: {}
RESULT: {"script":"<script> [1562 bytes]","args":[{"selector":{"id":"application-warehousemovements-display-component---executeMovement--executeId","interaction":{"idSuffix":"BDI-content"}},"wdio_ui5_key":"applicationwarehousemovements-display-component---executeMovement--executeId"}]}
RESULT: undefined
COMMAND: POST /session/a0fa65e418457f6e1528b16bc1e26f2c/element - {"using":"xpath","value":"//*[@id=\"application-warehousemovements-display-component---executeMovement--executeId\"]"}
RESULT: {}
RESULT: {"using":"xpath","value":"//*[@id=\"application-warehousemovements-display-component---executeMovement--executeId\"]"}
COMMAND: POST /session/a0fa65e418457f6e1528b16bc1e26f2c/element/f.6300CB9FC90E916FB2ACF31257920715.d.5F0D1AFFB085ED8414D391ECD932A8C7.e.10102/click - {}
RESULT: {}
COMMAND: GET /session/a0fa65e418457f6e1528b16bc1e26f2c/screenshot - {}
RESULT: {}
COMMAND: POST /session/a0fa65e418457f6e1528b16bc1e26f2c/element - {"using":"css selector","value":"#shell-header-logo"}
RESULT: {"using":"css selector","value":"#shell-header-logo"}
COMMAND: POST /session/a0fa65e418457f6e1528b16bc1e26f2c/element/f.6300CB9FC90E916FB2ACF31257920715.d.5F0D1AFFB085ED8414D391ECD932A8C7.e.8883/click - {}
RESULT: {}
COMMAND: GET /session/a0fa65e418457f6e1528b16bc1e26f2c/screenshot - {}
RESULT: {}
RESULT: undefined
COMMAND: POST /session/a0fa65e418457f6e1528b16bc1e26f2c/element - {"using":"xpath","value":"//*[@id=\"__tile131\"]"}
RESULT: {"using":"xpath","value":"//*[@id=\"__tile131\"]"}
COMMAND: POST /session/a0fa65e418457f6e1528b16bc1e26f2c/element/f.6300CB9FC90E916FB2ACF31257920715.d.5F0D1AFFB085ED8414D391ECD932A8C7.e.7465/click - {}
RESULT: {}
COMMAND: GET /session/a0fa65e418457f6e1528b16bc1e26f2c/screenshot - {}
RESULT: {}
COMMAND: POST /session/a0fa65e418457f6e1528b16bc1e26f2c/elements - {"using":"xpath","value":"//span[text()='Error']"}
RESULT: {"using":"xpath","value":"//span[text()='Error']"}
COMMAND: POST /session/a0fa65e418457f6e1528b16bc1e26f2c/execute/async - {"script":"<script> [1562 bytes]","args":[{"selector":{"controlType":"sap.m.SearchField","viewName":"etm.portal.ui.managehandovers.view.MasterHO","bindingPath":{"propertyPath":"/_BASIC_SEARCH_FIELD","modelName":"fi1t3rM0d31"},"interaction":{"idSuffix":"I"}},"wdio_ui5_key":"etmportal.ui.managehandovers.view.MasterHOsap.m.SearchField{\"propertyPath\":\"/_BASIC_SEARCH_FIELD\",\"modelName\":\"fi1t3rM0d31\"}"}]}
RESULT: {"script":"<script> [1562 bytes]","args":[{"selector":{"controlType":"sap.m.SearchField","viewName":"etm.portal.ui.managehandovers.view.MasterHO","bindingPath":{"propertyPath":"/_BASIC_SEARCH_FIELD","modelName":"fi1t3rM0d31"},"interaction":{"idSuffix":"I"}},"wdio_ui5_key":"etmportal.ui.managehandovers.view.MasterHOsap.m.SearchField{\"propertyPath\":\"/_BASIC_SEARCH_FIELD\",\"modelName\":\"fi1t3rM0d31\"}"}]}
RESULT: undefined
COMMAND: POST /session/a0fa65e418457f6e1528b16bc1e26f2c/execute/async - {"script":"<script> [776 bytes]","args":[{"enterText":"30626","selector":{"controlType":"sap.m.SearchField","viewName":"etm.portal.ui.managehandovers.view.MasterHO","bindingPath":{"propertyPath":"/_BASIC_SEARCH_FIELD","modelName":"fi1t3rM0d31"},"interaction":{"idSuffix":"I"}},"clearTextFirst":true,"interactionType":"ENTER_TEXT"}]}
RESULT: {"script":"<script> [776 bytes]","args":[{"enterText":"30626","selector":{"controlType":"sap.m.SearchField","viewName":"etm.portal.ui.managehandovers.view.MasterHO","bindingPath":{"propertyPath":"/_BASIC_SEARCH_FIELD","modelName":"fi1t3rM0d31"},"interaction":{"idSuffix":"I"}},"clearTextFirst":true,"interactionType":"ENTER_TEXT"}]}
COMMAND: POST /session/a0fa65e418457f6e1528b16bc1e26f2c/actions - {"actions":[{"id":"action36","type":"key","parameters":{},"actions":[{"type":"keyDown","value":"î€‡"},{"type":"pause","duration":10},{"type":"keyUp","value":"î€‡"}]}]}
RESULT: {"actions":[{"id":"action36","type":"key","parameters":{},"actions":[{"type":"keyDown","value":"î€‡"},{"type":"pause","duration":10},{"type":"keyUp","value":"î€‡"}]}]}
COMMAND: GET /session/a0fa65e418457f6e1528b16bc1e26f2c/screenshot - {}
RESULT: {}
COMMAND: POST /session/a0fa65e418457f6e1528b16bc1e26f2c/execute/async - {"script":"<script> [1562 bytes]","args":[{"selector":{"controlType":"sap.ui.core.Icon","viewName":"etm.portal.ui.managehandovers.view.MasterHO","properties":{"src":{"regex":{"source":"slim\\-arrow\\-right"}}}},"wdio_ui5_key":"etmportal.ui.managehandovers.view.MasterHOsap.ui.core.Icon{\"src\":{\"regex\":{\"source\":\"slim\\\\-arrow\\\\-right\"}}}"}]}
RESULT: {"script":"<script> [1562 bytes]","args":[{"selector":{"controlType":"sap.ui.core.Icon","viewName":"etm.portal.ui.managehandovers.view.MasterHO","properties":{"src":{"regex":{"source":"slim\\-arrow\\-right"}}}},"wdio_ui5_key":"etmportal.ui.managehandovers.view.MasterHOsap.ui.core.Icon{\"src\":{\"regex\":{\"source\":\"slim\\\\-arrow\\\\-right\"}}}"}]}
RESULT: undefined
COMMAND: POST /session/a0fa65e418457f6e1528b16bc1e26f2c/element - {"using":"xpath","value":"//*[@id=\"__item1664-__clone3204-imgNav\"]"}
RESULT: {"using":"xpath","value":"//*[@id=\"__item1664-__clone3204-imgNav\"]"}
COMMAND: POST /session/a0fa65e418457f6e1528b16bc1e26f2c/element/f.6300CB9FC90E916FB2ACF31257920715.d.5F0D1AFFB085ED8414D391ECD932A8C7.e.10333/click - {}
RESULT: {}
COMMAND: GET /session/a0fa65e418457f6e1528b16bc1e26f2c/screenshot - {}
RESULT: {}
COMMAND: POST /session/a0fa65e418457f6e1528b16bc1e26f2c/execute/async - {"script":"<script> [1562 bytes]","args":[{"selector":{"controlType":"sap.m.Button","viewName":"etm.portal.ui.managehandovers.view.DetailExecuteHO","i18NText":{"propertyName":"text","key":"confirmAll"},"interaction":{"idSuffix":"BDI-content"}},"wdio_ui5_key":"etmportal.ui.managehandovers.view.DetailExecuteHOsap.m.Button{\"propertyName\":\"text\",\"key\":\"confirmAll\"}"}]}
RESULT: {"script":"<script> [1562 bytes]","args":[{"selector":{"controlType":"sap.m.Button","viewName":"etm.portal.ui.managehandovers.view.DetailExecuteHO","i18NText":{"propertyName":"text","key":"confirmAll"},"interaction":{"idSuffix":"BDI-content"}},"wdio_ui5_key":"etmportal.ui.managehandovers.view.DetailExecuteHOsap.m.Button{\"propertyName\":\"text\",\"key\":\"confirmAll\"}"}]}
RESULT: undefined
COMMAND: POST /session/a0fa65e418457f6e1528b16bc1e26f2c/element - {"using":"xpath","value":"//*[@id=\"__button280\"]"}
RESULT: {"using":"xpath","value":"//*[@id=\"__button280\"]"}
COMMAND: POST /session/a0fa65e418457f6e1528b16bc1e26f2c/element/f.6300CB9FC90E916FB2ACF31257920715.d.5F0D1AFFB085ED8414D391ECD932A8C7.e.10412/click - {}
RESULT: {}
COMMAND: GET /session/a0fa65e418457f6e1528b16bc1e26f2c/screenshot - {}
RESULT: {}
COMMAND: POST /session/a0fa65e418457f6e1528b16bc1e26f2c/actions - {"actions":[{"id":"action37","type":"key","parameters":{},"actions":[{"type":"keyDown","value":"î€‡"},{"type":"pause","duration":10},{"type":"keyUp","value":"î€‡"}]}]}
RESULT: {"actions":[{"id":"action37","type":"key","parameters":{},"actions":[{"type":"keyDown","value":"î€‡"},{"type":"pause","duration":10},{"type":"keyUp","value":"î€‡"}]}]}
COMMAND: GET /session/a0fa65e418457f6e1528b16bc1e26f2c/screenshot - {}
RESULT: {}
COMMAND: POST /session/a0fa65e418457f6e1528b16bc1e26f2c/element - {"using":"xpath","value":"//button[@data-kt=\"execHoIssueButton\"]"}
RESULT: {"using":"xpath","value":"//button[@data-kt=\"execHoIssueButton\"]"}
COMMAND: POST /session/a0fa65e418457f6e1528b16bc1e26f2c/element/f.6300CB9FC90E916FB2ACF31257920715.d.5F0D1AFFB085ED8414D391ECD932A8C7.e.10420/click - {}
RESULT: {}
COMMAND: GET /session/a0fa65e418457f6e1528b16bc1e26f2c/screenshot - {}
RESULT: {}
RESULT: undefined
COMMAND: POST /session/a0fa65e418457f6e1528b16bc1e26f2c/execute/async - {"script":"<script> [776 bytes]","args":[{"enterText":"30626","selector":{"controlType":"sap.m.SearchField","viewName":"etm.portal.ui.managehandovers.view.MasterHO","bindingPath":{"propertyPath":"/_BASIC_SEARCH_FIELD","modelName":"fi1t3rM0d31"},"interaction":{"idSuffix":"I"}},"clearTextFirst":true,"interactionType":"ENTER_TEXT"}]}
RESULT: {"script":"<script> [776 bytes]","args":[{"enterText":"30626","selector":{"controlType":"sap.m.SearchField","viewName":"etm.portal.ui.managehandovers.view.MasterHO","bindingPath":{"propertyPath":"/_BASIC_SEARCH_FIELD","modelName":"fi1t3rM0d31"},"interaction":{"idSuffix":"I"}},"clearTextFirst":true,"interactionType":"ENTER_TEXT"}]}
COMMAND: POST /session/a0fa65e418457f6e1528b16bc1e26f2c/actions - {"actions":[{"id":"action38","type":"key","parameters":{},"actions":[{"type":"keyDown","value":"î€‡"},{"type":"pause","duration":10},{"type":"keyUp","value":"î€‡"}]}]}
RESULT: {"actions":[{"id":"action38","type":"key","parameters":{},"actions":[{"type":"keyDown","value":"î€‡"},{"type":"pause","duration":10},{"type":"keyUp","value":"î€‡"}]}]}
COMMAND: GET /session/a0fa65e418457f6e1528b16bc1e26f2c/screenshot - {}
RESULT: {}
COMMAND: POST /session/a0fa65e418457f6e1528b16bc1e26f2c/element - {"using":"xpath","value":"//span[(text() = '30626' or . = '30626')]"}
RESULT: {"using":"xpath","value":"//span[(text() = '30626' or . = '30626')]"}
COMMAND: POST /session/a0fa65e418457f6e1528b16bc1e26f2c/element/f.6300CB9FC90E916FB2ACF31257920715.d.5F0D1AFFB085ED8414D391ECD932A8C7.e.10465/click - {}
RESULT: {}
COMMAND: GET /session/a0fa65e418457f6e1528b16bc1e26f2c/screenshot - {}
RESULT: {}
COMMAND: POST /session/a0fa65e418457f6e1528b16bc1e26f2c/element - {"using":"xpath","value":"//span[contains(text(), \"Instructions\")]"}
RESULT: {"using":"xpath","value":"//span[contains(text(), \"Instructions\")]"}
COMMAND: POST /session/a0fa65e418457f6e1528b16bc1e26f2c/element/f.6300CB9FC90E916FB2ACF31257920715.d.5F0D1AFFB085ED8414D391ECD932A8C7.e.10503/click - {}
RESULT: {}
COMMAND: GET /session/a0fa65e418457f6e1528b16bc1e26f2c/screenshot - {}
RESULT: {}
COMMAND: POST /session/a0fa65e418457f6e1528b16bc1e26f2c/element - {"using":"xpath","value":"//span[contains(text(), \"Instructions\")]"}
RESULT: {"using":"xpath","value":"//span[contains(text(), \"Instructions\")]"}
COMMAND: POST /session/a0fa65e418457f6e1528b16bc1e26f2c/element/f.6300CB9FC90E916FB2ACF31257920715.d.5F0D1AFFB085ED8414D391ECD932A8C7.e.10503/click - {}
RESULT: {}
COMMAND: GET /session/a0fa65e418457f6e1528b16bc1e26f2c/screenshot - {}
RESULT: {}
COMMAND: POST /session/a0fa65e418457f6e1528b16bc1e26f2c/execute/async - {"script":"<script> [1562 bytes]","args":[{"selector":{"controlType":"sap.m.ComboBox","viewName":"etm.portal.ui.managehandovers.view.DetailExecuteHO","bindingPath":{"propertyPath":"RECEIVING_SECTION","modelName":"catalogModel"},"interaction":{"idSuffix":"inner"}},"wdio_ui5_key":"etmportal.ui.managehandovers.view.DetailExecuteHOsap.m.ComboBox{\"propertyPath\":\"RECEIVING_SECTION\",\"modelName\":\"catalogModel\"}"}]}
RESULT: {"script":"<script> [1562 bytes]","args":[{"selector":{"controlType":"sap.m.ComboBox","viewName":"etm.portal.ui.managehandovers.view.DetailExecuteHO","bindingPath":{"propertyPath":"RECEIVING_SECTION","modelName":"catalogModel"},"interaction":{"idSuffix":"inner"}},"wdio_ui5_key":"etmportal.ui.managehandovers.view.DetailExecuteHOsap.m.ComboBox{\"propertyPath\":\"RECEIVING_SECTION\",\"modelName\":\"catalogModel\"}"}]}
RESULT: undefined
COMMAND: POST /session/a0fa65e418457f6e1528b16bc1e26f2c/execute/async - {"script":"<script> [776 bytes]","args":[{"enterText":"WDIO-2237","selector":{"controlType":"sap.m.ComboBox","viewName":"etm.portal.ui.managehandovers.view.DetailExecuteHO","bindingPath":{"propertyPath":"RECEIVING_SECTION","modelName":"catalogModel"},"interaction":{"idSuffix":"inner"}},"clearTextFirst":true,"interactionType":"ENTER_TEXT"}]}
RESULT: {"script":"<script> [776 bytes]","args":[{"enterText":"WDIO-2237","selector":{"controlType":"sap.m.ComboBox","viewName":"etm.portal.ui.managehandovers.view.DetailExecuteHO","bindingPath":{"propertyPath":"RECEIVING_SECTION","modelName":"catalogModel"},"interaction":{"idSuffix":"inner"}},"clearTextFirst":true,"interactionType":"ENTER_TEXT"}]}
COMMAND: POST /session/a0fa65e418457f6e1528b16bc1e26f2c/actions - {"actions":[{"id":"action39","type":"key","parameters":{},"actions":[{"type":"keyDown","value":"î€‡"},{"type":"pause","duration":10},{"type":"keyUp","value":"î€‡"}]}]}
RESULT: {"actions":[{"id":"action39","type":"key","parameters":{},"actions":[{"type":"keyDown","value":"î€‡"},{"type":"pause","duration":10},{"type":"keyUp","value":"î€‡"}]}]}
COMMAND: GET /session/a0fa65e418457f6e1528b16bc1e26f2c/screenshot - {}
RESULT: {}
COMMAND: POST /session/a0fa65e418457f6e1528b16bc1e26f2c/element - {"using":"xpath","value":"//button[@data-kt= \"execHoReceiveButton\"]"}
RESULT: {"using":"xpath","value":"//button[@data-kt= \"execHoReceiveButton\"]"}
COMMAND: POST /session/a0fa65e418457f6e1528b16bc1e26f2c/element/f.6300CB9FC90E916FB2ACF31257920715.d.5F0D1AFFB085ED8414D391ECD932A8C7.e.10508/click - {}
RESULT: {}
COMMAND: GET /session/a0fa65e418457f6e1528b16bc1e26f2c/screenshot - {}
RESULT: {}
COMMAND: POST /session/a0fa65e418457f6e1528b16bc1e26f2c/execute/async - {"script":"<script> [1562 bytes]","args":[{"selector":{"controlType":"sap.m.Button","properties":{"text":"Continue"},"searchOpenDialogs":true,"interaction":{"idSuffix":"content"}},"wdio_ui5_key":"sapm.Button{\"text\":\"Continue\"}"}]}
RESULT: {"script":"<script> [1562 bytes]","args":[{"selector":{"controlType":"sap.m.Button","properties":{"text":"Continue"},"searchOpenDialogs":true,"interaction":{"idSuffix":"content"}},"wdio_ui5_key":"sapm.Button{\"text\":\"Continue\"}"}]}
RESULT: undefined
COMMAND: POST /session/a0fa65e418457f6e1528b16bc1e26f2c/element - {"using":"xpath","value":"//*[@id=\"__mbox-btn-6\"]"}
RESULT: {"using":"xpath","value":"//*[@id=\"__mbox-btn-6\"]"}
COMMAND: POST /session/a0fa65e418457f6e1528b16bc1e26f2c/element/f.6300CB9FC90E916FB2ACF31257920715.d.5F0D1AFFB085ED8414D391ECD932A8C7.e.10509/click - {}
RESULT: {}
COMMAND: GET /session/a0fa65e418457f6e1528b16bc1e26f2c/screenshot - {}
RESULT: {}
COMMAND: POST /session/a0fa65e418457f6e1528b16bc1e26f2c/element - {"using":"css selector","value":"#shell-header-logo"}
RESULT: {"using":"css selector","value":"#shell-header-logo"}
COMMAND: POST /session/a0fa65e418457f6e1528b16bc1e26f2c/element/f.6300CB9FC90E916FB2ACF31257920715.d.5F0D1AFFB085ED8414D391ECD932A8C7.e.10208/click - {}
RESULT: {}
COMMAND: GET /session/a0fa65e418457f6e1528b16bc1e26f2c/screenshot - {}
RESULT: {}
COMMAND: POST /session/a0fa65e418457f6e1528b16bc1e26f2c/element - {"using":"css selector","value":"#j_username"}
COMMAND: POST /session/a0fa65e418457f6e1528b16bc1e26f2c/url - {"url":"https://qa-testing-00-live-etm-ui.cfapps.eu10-004.hana.ondemand.com/"}
RESULT: {"using":"css selector","value":"#j_username"}
COMMAND: POST /session/a0fa65e418457f6e1528b16bc1e26f2c/element - {"using":"css selector","value":"#j_username"}
RESULT: {"url":"https://qa-testing-00-live-etm-ui.cfapps.eu10-004.hana.ondemand.com/"}
RESULT: undefined
COMMAND: GET /session/a0fa65e418457f6e1528b16bc1e26f2c/screenshot - {}
RESULT: {"using":"css selector","value":"#j_username"}
COMMAND: POST /session/a0fa65e418457f6e1528b16bc1e26f2c/element - {"using":"css selector","value":"#shell-header-logo"}
RESULT: {}
RESULT: {"using":"css selector","value":"#shell-header-logo"}
COMMAND: POST /session/a0fa65e418457f6e1528b16bc1e26f2c/execute/sync - {"script":"<script> [8489 bytes]","args":[{"element-6066-11e4-a52e-4f735466cecf":"f.6300CB9FC90E916FB2ACF31257920715.d.CFD81A69ECB52A89A4834B5CD9192FD5.e.10561","ELEMENT":"f.6300CB9FC90E916FB2ACF31257920715.d.CFD81A69ECB52A89A4834B5CD9192FD5.e.10561"}]}
RESULT: {"script":"<script> [8489 bytes]","args":[{"element-6066-11e4-a52e-4f735466cecf":"f.6300CB9FC90E916FB2ACF31257920715.d.CFD81A69ECB52A89A4834B5CD9192FD5.e.10561","ELEMENT":"f.6300CB9FC90E916FB2ACF31257920715.d.CFD81A69ECB52A89A4834B5CD9192FD5.e.10561"}]}
COMMAND: POST /session/a0fa65e418457f6e1528b16bc1e26f2c/element - {"using":"css selector","value":"#shell-header-logo"}
COMMAND: GET /session/a0fa65e418457f6e1528b16bc1e26f2c/screenshot - {}
RESULT: {}
RESULT: {"using":"css selector","value":"#shell-header-logo"}
COMMAND: POST /session/a0fa65e418457f6e1528b16bc1e26f2c/execute/sync - {"script":"<script> [8489 bytes]","args":[{"element-6066-11e4-a52e-4f735466cecf":"f.6300CB9FC90E916FB2ACF31257920715.d.CFD81A69ECB52A89A4834B5CD9192FD5.e.10561","ELEMENT":"f.6300CB9FC90E916FB2ACF31257920715.d.CFD81A69ECB52A89A4834B5CD9192FD5.e.10561"}]}
RESULT: {"script":"<script> [8489 bytes]","args":[{"element-6066-11e4-a52e-4f735466cecf":"f.6300CB9FC90E916FB2ACF31257920715.d.CFD81A69ECB52A89A4834B5CD9192FD5.e.10561","ELEMENT":"f.6300CB9FC90E916FB2ACF31257920715.d.CFD81A69ECB52A89A4834B5CD9192FD5.e.10561"}]}
COMMAND: POST /session/a0fa65e418457f6e1528b16bc1e26f2c/execute/sync - {"script":"<script> [5351 bytes]","args":[{"element-6066-11e4-a52e-4f735466cecf":"f.6300CB9FC90E916FB2ACF31257920715.d.CFD81A69ECB52A89A4834B5CD9192FD5.e.10561","ELEMENT":"f.6300CB9FC90E916FB2ACF31257920715.d.CFD81A69ECB52A89A4834B5CD9192FD5.e.10561"}]}
COMMAND: GET /session/a0fa65e418457f6e1528b16bc1e26f2c/screenshot - {}
RESULT: {"script":"<script> [5351 bytes]","args":[{"element-6066-11e4-a52e-4f735466cecf":"f.6300CB9FC90E916FB2ACF31257920715.d.CFD81A69ECB52A89A4834B5CD9192FD5.e.10561","ELEMENT":"f.6300CB9FC90E916FB2ACF31257920715.d.CFD81A69ECB52A89A4834B5CD9192FD5.e.10561"}]}
COMMAND: POST /session/a0fa65e418457f6e1528b16bc1e26f2c/element - {"using":"css selector","value":"#shell-header-logo"}
COMMAND: GET /session/a0fa65e418457f6e1528b16bc1e26f2c/screenshot - {}
RESULT: {}
RESULT: {"using":"css selector","value":"#shell-header-logo"}
COMMAND: POST /session/a0fa65e418457f6e1528b16bc1e26f2c/element/f.6300CB9FC90E916FB2ACF31257920715.d.CFD81A69ECB52A89A4834B5CD9192FD5.e.10561/click - {}
RESULT: {}
RESULT: {}
COMMAND: GET /session/a0fa65e418457f6e1528b16bc1e26f2c/screenshot - {}
RESULT: {}
COMMAND: POST /session/a0fa65e418457f6e1528b16bc1e26f2c/execute/async - {"script":"<script> [189 bytes]","args":[]}
RESULT: {"script":"<script> [189 bytes]","args":[]}
COMMAND: POST /session/a0fa65e418457f6e1528b16bc1e26f2c/execute/async - {"script":"<script> [123 bytes]","args":[]}
RESULT: {"script":"<script> [123 bytes]","args":[]}
COMMAND: POST /session/a0fa65e418457f6e1528b16bc1e26f2c/timeouts - {"script":"<number>"}
RESULT: {"script":"<number>"}
COMMAND: GET /session/a0fa65e418457f6e1528b16bc1e26f2c/timeouts - {}
RESULT: {}
RESULT: undefined
COMMAND: POST /session/a0fa65e418457f6e1528b16bc1e26f2c/execute/async - {"script":"<script> [2676 bytes]","args":[]}
RESULT: {"script":"<script> [2676 bytes]","args":[]}
COMMAND: POST /session/a0fa65e418457f6e1528b16bc1e26f2c/execute/async - {"script":"<script> [2342 bytes]","args":[{"protocol":"http","hostname":"0.0.0.0","path":"/","capabilities":{"browserName":"chrome","goog:chromeOptions":{"binary":"C:\\Program Files\\Google\\Chrome\\Application\\chrome.exe","args":["--start-maximized"]}},"logLevel":"warn","connectionRetryTimeout":120000,"connectionRetryCount":3,"logLevels":{},"enableDirectConnect":true,"strictSSL":true,"_":"65 more keys: [\"cacheDir\",\"port\",\"requestedCapabilities\",\"automationProtocol\",\"baseUrl\",\"waitforInterval\",\"waitforTimeout\",\"onReload\",\"beforeCommand\",\"afterCommand\",\"rootDir\",\"specs\",\"suites\",\"exclude\",\"groupLogsByTestSpec\",\"excludeDriverLogs\",\"bail\",\"framework\",\"reporters\",\"services\",\"maxInstances\",\"maxInstancesPerCapability\",\"injectGlobals\",\"filesToWatch\",\"execArgv\",\"runnerEnv\",\"runner\",\"shard\",\"specFileRetries\",\"specFileRetriesDelay\",\"specFileRetriesDeferred\",\"reporterSyncInterval\",\"reporterSyncTimeout\",\"cucumberFeaturesWithLineNumbers\",\"autoCompileOpts\",\"mochaOpts\",\"jasmineOpts\",\"cucumberOpts\",\"onPrepare\",\"onWorkerStart\",\"onWorkerEnd\",\"before\",\"beforeSession\",\"beforeSuite\",\"beforeHook\",\"beforeTest\",\"afterTest\",\"afterHook\",\"afterSuite\",\"afterSession\",\"after\",\"onComplete\",\"beforeAssertion\",\"afterAssertion\",\"beforeFeature\",\"beforeScenario\",\"beforeStep\",\"afterStep\",\"afterScenario\",\"afterFeature\",\"_\",\"suite\",\"$0\",\"ignoredWorkerServices\",\"wdi5\"]"}]}
RESULT: {"script":"<script> [2342 bytes]","args":[{"protocol":"http","hostname":"0.0.0.0","path":"/","capabilities":{"browserName":"chrome","goog:chromeOptions":{"binary":"C:\\Program Files\\Google\\Chrome\\Application\\chrome.exe","args":["--start-maximized"]}},"logLevel":"warn","connectionRetryTimeout":120000,"connectionRetryCount":3,"logLevels":{},"enableDirectConnect":true,"strictSSL":true,"_":"65 more keys: [\"cacheDir\",\"port\",\"requestedCapabilities\",\"automationProtocol\",\"baseUrl\",\"waitforInterval\",\"waitforTimeout\",\"onReload\",\"beforeCommand\",\"afterCommand\",\"rootDir\",\"specs\",\"suites\",\"exclude\",\"groupLogsByTestSpec\",\"excludeDriverLogs\",\"bail\",\"framework\",\"reporters\",\"services\",\"maxInstances\",\"maxInstancesPerCapability\",\"injectGlobals\",\"filesToWatch\",\"execArgv\",\"runnerEnv\",\"runner\",\"shard\",\"specFileRetries\",\"specFileRetriesDelay\",\"specFileRetriesDeferred\",\"reporterSyncInterval\",\"reporterSyncTimeout\",\"cucumberFeaturesWithLineNumbers\",\"autoCompileOpts\",\"mochaOpts\",\"jasmineOpts\",\"cucumberOpts\",\"onPrepare\",\"onWorkerStart\",\"onWorkerEnd\",\"before\",\"beforeSession\",\"beforeSuite\",\"beforeHook\",\"beforeTest\",\"afterTest\",\"afterHook\",\"afterSuite\",\"afterSession\",\"after\",\"onComplete\",\"beforeAssertion\",\"afterAssertion\",\"beforeFeature\",\"beforeScenario\",\"beforeStep\",\"afterStep\",\"afterScenario\",\"afterFeature\",\"_\",\"suite\",\"$0\",\"ignoredWorkerServices\",\"wdi5\"]"}]}
COMMAND: POST /session/a0fa65e418457f6e1528b16bc1e26f2c/execute/async - {"script":"<script> [21126 bytes]","args":[35000]}
RESULT: {"script":"<script> [21126 bytes]","args":[35000]}
COMMAND: POST /session/a0fa65e418457f6e1528b16bc1e26f2c/window/maximize - {}
RESULT: {}
COMMAND: POST /session/a0fa65e418457f6e1528b16bc1e26f2c/execute/async - {"script":"<script> [1562 bytes]","args":[{"selector":{"id":"shell-header","interaction":{"idSuffix":"icon"}},"wdio_ui5_key":"shellheader"}]}
COMMAND: GET /session/a0fa65e418457f6e1528b16bc1e26f2c/screenshot - {}
RESULT: {"script":"<script> [1562 bytes]","args":[{"selector":{"id":"shell-header","interaction":{"idSuffix":"icon"}},"wdio_ui5_key":"shellheader"}]}
RESULT: undefined
COMMAND: POST /session/a0fa65e418457f6e1528b16bc1e26f2c/window/fullscreen - {}
RESULT: {}
RESULT: {}
]]></system-out>
    </testcase>
  </testsuite>
  <testsuite timestamp="2025-05-17T16:48:50" time="419.159" tests="4" failures="0" errors="0" skipped="0">
    <properties>
      <property name="specId" value="0" />
      <property name="suiteName" value="Provide to Site w/o warehouse management w/ clarification US116605" />
      <property name="capabilities" value="chrome.136_0_7103_93.windows" />
      <property name="file" value="file:///D:/a/1/s/test/specs/HTR/provide-to-site-wo-warehouse-w-clarification.spec.js" />
    </properties>
    <testcase classname="chrome.136_0_7103_93.windows.Provide_to_Site_w/o_warehouse_management_w/_clarification_US116605" name="Should create a new yard" time="115.167">
      <system-out><![CDATA[
COMMAND: POST /session/a0fa65e418457f6e1528b16bc1e26f2c/window/fullscreen - {}
RESULT: {}
COMMAND: POST /session/a0fa65e418457f6e1528b16bc1e26f2c/execute/async - {"script":"<script> [1562 bytes]","args":[{"selector":{"controlType":"sap.m.GenericTile","properties":{"header":"Manage Yards"}},"wdio_ui5_key":"sapm.GenericTile{\"header\":\"Manage Yards\"}"}]}
RESULT: {"script":"<script> [1562 bytes]","args":[{"selector":{"controlType":"sap.m.GenericTile","properties":{"header":"Manage Yards"}},"wdio_ui5_key":"sapm.GenericTile{\"header\":\"Manage Yards\"}"}]}
RESULT: undefined
COMMAND: POST /session/a0fa65e418457f6e1528b16bc1e26f2c/element - {"using":"xpath","value":"//*[@id=\"__tile33\"]"}
RESULT: {"using":"xpath","value":"//*[@id=\"__tile33\"]"}
COMMAND: POST /session/a0fa65e418457f6e1528b16bc1e26f2c/element/f.6300CB9FC90E916FB2ACF31257920715.d.CFD81A69ECB52A89A4834B5CD9192FD5.e.10590/click - {}
RESULT: {}
COMMAND: GET /session/a0fa65e418457f6e1528b16bc1e26f2c/screenshot - {}
RESULT: {}
COMMAND: POST /session/a0fa65e418457f6e1528b16bc1e26f2c/elements - {"using":"xpath","value":"//span[text()='Error']"}
RESULT: {"using":"xpath","value":"//span[text()='Error']"}
COMMAND: POST /session/a0fa65e418457f6e1528b16bc1e26f2c/element - {"using":"xpath","value":"//button[@data-kt=\"addNewYardOverflowToolbarButton\"]"}
RESULT: {"using":"xpath","value":"//button[@data-kt=\"addNewYardOverflowToolbarButton\"]"}
COMMAND: POST /session/a0fa65e418457f6e1528b16bc1e26f2c/elements - {"using":"xpath","value":"//button[@data-kt=\"addNewYardOverflowToolbarButton\"]"}
RESULT: {"using":"xpath","value":"//button[@data-kt=\"addNewYardOverflowToolbarButton\"]"}
COMMAND: POST /session/a0fa65e418457f6e1528b16bc1e26f2c/elements - {"using":"xpath","value":"//button[@data-kt=\"addNewYardOverflowToolbarButton\"]"}
RESULT: {"using":"xpath","value":"//button[@data-kt=\"addNewYardOverflowToolbarButton\"]"}
COMMAND: POST /session/a0fa65e418457f6e1528b16bc1e26f2c/element - {"using":"xpath","value":"//button[@data-kt=\"addNewYardOverflowToolbarButton\"]"}
RESULT: {"using":"xpath","value":"//button[@data-kt=\"addNewYardOverflowToolbarButton\"]"}
COMMAND: POST /session/a0fa65e418457f6e1528b16bc1e26f2c/execute/sync - {"script":"<script> [8489 bytes]","args":[{"element-6066-11e4-a52e-4f735466cecf":"f.6300CB9FC90E916FB2ACF31257920715.d.CFD81A69ECB52A89A4834B5CD9192FD5.e.10717","ELEMENT":"f.6300CB9FC90E916FB2ACF31257920715.d.CFD81A69ECB52A89A4834B5CD9192FD5.e.10717"}]}
RESULT: {"script":"<script> [8489 bytes]","args":[{"element-6066-11e4-a52e-4f735466cecf":"f.6300CB9FC90E916FB2ACF31257920715.d.CFD81A69ECB52A89A4834B5CD9192FD5.e.10717","ELEMENT":"f.6300CB9FC90E916FB2ACF31257920715.d.CFD81A69ECB52A89A4834B5CD9192FD5.e.10717"}]}
COMMAND: GET /session/a0fa65e418457f6e1528b16bc1e26f2c/element/f.6300CB9FC90E916FB2ACF31257920715.d.CFD81A69ECB52A89A4834B5CD9192FD5.e.10717/enabled - {}
COMMAND: GET /session/a0fa65e418457f6e1528b16bc1e26f2c/screenshot - {}
RESULT: {}
COMMAND: POST /session/a0fa65e418457f6e1528b16bc1e26f2c/execute/sync - {"script":"<script> [8489 bytes]","args":[{"element-6066-11e4-a52e-4f735466cecf":"f.6300CB9FC90E916FB2ACF31257920715.d.CFD81A69ECB52A89A4834B5CD9192FD5.e.10717","ELEMENT":"f.6300CB9FC90E916FB2ACF31257920715.d.CFD81A69ECB52A89A4834B5CD9192FD5.e.10717"}]}
COMMAND: GET /session/a0fa65e418457f6e1528b16bc1e26f2c/screenshot - {}
RESULT: {}
RESULT: {"script":"<script> [8489 bytes]","args":[{"element-6066-11e4-a52e-4f735466cecf":"f.6300CB9FC90E916FB2ACF31257920715.d.CFD81A69ECB52A89A4834B5CD9192FD5.e.10717","ELEMENT":"f.6300CB9FC90E916FB2ACF31257920715.d.CFD81A69ECB52A89A4834B5CD9192FD5.e.10717"}]}
COMMAND: POST /session/a0fa65e418457f6e1528b16bc1e26f2c/execute/sync - {"script":"<script> [5351 bytes]","args":[{"element-6066-11e4-a52e-4f735466cecf":"f.6300CB9FC90E916FB2ACF31257920715.d.CFD81A69ECB52A89A4834B5CD9192FD5.e.10717","ELEMENT":"f.6300CB9FC90E916FB2ACF31257920715.d.CFD81A69ECB52A89A4834B5CD9192FD5.e.10717"}]}
COMMAND: GET /session/a0fa65e418457f6e1528b16bc1e26f2c/screenshot - {}
RESULT: {}
RESULT: {"script":"<script> [5351 bytes]","args":[{"element-6066-11e4-a52e-4f735466cecf":"f.6300CB9FC90E916FB2ACF31257920715.d.CFD81A69ECB52A89A4834B5CD9192FD5.e.10717","ELEMENT":"f.6300CB9FC90E916FB2ACF31257920715.d.CFD81A69ECB52A89A4834B5CD9192FD5.e.10717"}]}
COMMAND: POST /session/a0fa65e418457f6e1528b16bc1e26f2c/element/f.6300CB9FC90E916FB2ACF31257920715.d.CFD81A69ECB52A89A4834B5CD9192FD5.e.10717/click - {}
COMMAND: GET /session/a0fa65e418457f6e1528b16bc1e26f2c/screenshot - {}
RESULT: {}
RESULT: {}
COMMAND: GET /session/a0fa65e418457f6e1528b16bc1e26f2c/screenshot - {}
RESULT: {}
RESULT: {}
COMMAND: POST /session/a0fa65e418457f6e1528b16bc1e26f2c/element - {"using":"xpath","value":"//input[@id=\"application-manageyards-display-component---NewYard--yardId-inner\"]"}
RESULT: {"using":"xpath","value":"//input[@id=\"application-manageyards-display-component---NewYard--yardId-inner\"]"}
COMMAND: POST /session/a0fa65e418457f6e1528b16bc1e26f2c/element - {"using":"xpath","value":"//input[@id=\"application-manageyards-display-component---NewYard--yardId-inner\"]"}
RESULT: {"using":"xpath","value":"//input[@id=\"application-manageyards-display-component---NewYard--yardId-inner\"]"}
COMMAND: POST /session/a0fa65e418457f6e1528b16bc1e26f2c/execute/async - {"script":"<script> [1562 bytes]","args":[{"selector":{"id":"application-manageyards-display-component---NewYard--addressDetailDetailsName1","interaction":{"idSuffix":"inner"}},"wdio_ui5_key":"applicationmanageyards-display-component---NewYard--addressDetailDetailsName1"}]}
RESULT: {"script":"<script> [1562 bytes]","args":[{"selector":{"id":"application-manageyards-display-component---NewYard--addressDetailDetailsName1","interaction":{"idSuffix":"inner"}},"wdio_ui5_key":"applicationmanageyards-display-component---NewYard--addressDetailDetailsName1"}]}
RESULT: undefined
COMMAND: POST /session/a0fa65e418457f6e1528b16bc1e26f2c/execute/async - {"script":"<script> [776 bytes]","args":[{"enterText":"Other Yard WDIO","selector":{"id":"application-manageyards-display-component---NewYard--addressDetailDetailsName1","interaction":{"idSuffix":"inner"}},"clearTextFirst":true,"interactionType":"ENTER_TEXT"}]}
RESULT: {"script":"<script> [776 bytes]","args":[{"enterText":"Other Yard WDIO","selector":{"id":"application-manageyards-display-component---NewYard--addressDetailDetailsName1","interaction":{"idSuffix":"inner"}},"clearTextFirst":true,"interactionType":"ENTER_TEXT"}]}
COMMAND: POST /session/a0fa65e418457f6e1528b16bc1e26f2c/execute/async - {"script":"<script> [1562 bytes]","args":[{"selector":{"id":"application-manageyards-display-component---NewYard--addressDetailDetailsLanguage-arrow"},"wdio_ui5_key":"applicationmanageyards-display-component---NewYard--addressDetailDetailsLanguage-arrow"}]}
RESULT: {"script":"<script> [1562 bytes]","args":[{"selector":{"id":"application-manageyards-display-component---NewYard--addressDetailDetailsLanguage-arrow"},"wdio_ui5_key":"applicationmanageyards-display-component---NewYard--addressDetailDetailsLanguage-arrow"}]}
RESULT: undefined
COMMAND: POST /session/a0fa65e418457f6e1528b16bc1e26f2c/element - {"using":"xpath","value":"//*[@id=\"application-manageyards-display-component---NewYard--addressDetailDetailsLanguage-arrow\"]"}
RESULT: {"using":"xpath","value":"//*[@id=\"application-manageyards-display-component---NewYard--addressDetailDetailsLanguage-arrow\"]"}
COMMAND: POST /session/a0fa65e418457f6e1528b16bc1e26f2c/element/f.6300CB9FC90E916FB2ACF31257920715.d.CFD81A69ECB52A89A4834B5CD9192FD5.e.11167/click - {}
RESULT: {}
COMMAND: POST /session/a0fa65e418457f6e1528b16bc1e26f2c/element - {"using":"xpath","value":"//span[contains(text(), \"English\")]"}
COMMAND: GET /session/a0fa65e418457f6e1528b16bc1e26f2c/screenshot - {}
RESULT: {"using":"xpath","value":"//span[contains(text(), \"English\")]"}
COMMAND: POST /session/a0fa65e418457f6e1528b16bc1e26f2c/element/f.6300CB9FC90E916FB2ACF31257920715.d.CFD81A69ECB52A89A4834B5CD9192FD5.e.11168/click - {}
RESULT: {}
RESULT: {}
COMMAND: POST /session/a0fa65e418457f6e1528b16bc1e26f2c/execute/async - {"script":"<script> [1562 bytes]","args":[{"selector":{"id":"application-manageyards-display-component---NewYard--addressDetailDetailsCity1","interaction":{"idSuffix":"inner"}},"wdio_ui5_key":"applicationmanageyards-display-component---NewYard--addressDetailDetailsCity1"}]}
COMMAND: GET /session/a0fa65e418457f6e1528b16bc1e26f2c/screenshot - {}
RESULT: {"script":"<script> [1562 bytes]","args":[{"selector":{"id":"application-manageyards-display-component---NewYard--addressDetailDetailsCity1","interaction":{"idSuffix":"inner"}},"wdio_ui5_key":"applicationmanageyards-display-component---NewYard--addressDetailDetailsCity1"}]}
RESULT: undefined
COMMAND: POST /session/a0fa65e418457f6e1528b16bc1e26f2c/execute/async - {"script":"<script> [776 bytes]","args":[{"enterText":"Rosario","selector":{"id":"application-manageyards-display-component---NewYard--addressDetailDetailsCity1","interaction":{"idSuffix":"inner"}},"clearTextFirst":true,"interactionType":"ENTER_TEXT"}]}
RESULT: {}
RESULT: {"script":"<script> [776 bytes]","args":[{"enterText":"Rosario","selector":{"id":"application-manageyards-display-component---NewYard--addressDetailDetailsCity1","interaction":{"idSuffix":"inner"}},"clearTextFirst":true,"interactionType":"ENTER_TEXT"}]}
COMMAND: POST /session/a0fa65e418457f6e1528b16bc1e26f2c/execute/async - {"script":"<script> [1562 bytes]","args":[{"selector":{"id":"application-manageyards-display-component---NewYard--addressDetailDetailsCountry-arrow"},"wdio_ui5_key":"applicationmanageyards-display-component---NewYard--addressDetailDetailsCountry-arrow"}]}
RESULT: {"script":"<script> [1562 bytes]","args":[{"selector":{"id":"application-manageyards-display-component---NewYard--addressDetailDetailsCountry-arrow"},"wdio_ui5_key":"applicationmanageyards-display-component---NewYard--addressDetailDetailsCountry-arrow"}]}
RESULT: undefined
COMMAND: POST /session/a0fa65e418457f6e1528b16bc1e26f2c/element - {"using":"xpath","value":"//*[@id=\"application-manageyards-display-component---NewYard--addressDetailDetailsCountry-arrow\"]"}
RESULT: {"using":"xpath","value":"//*[@id=\"application-manageyards-display-component---NewYard--addressDetailDetailsCountry-arrow\"]"}
COMMAND: POST /session/a0fa65e418457f6e1528b16bc1e26f2c/element/f.6300CB9FC90E916FB2ACF31257920715.d.CFD81A69ECB52A89A4834B5CD9192FD5.e.11170/click - {}
RESULT: {}
COMMAND: POST /session/a0fa65e418457f6e1528b16bc1e26f2c/element - {"using":"xpath","value":"//span[contains(text(), \"Argentina\")]"}
COMMAND: GET /session/a0fa65e418457f6e1528b16bc1e26f2c/screenshot - {}
RESULT: {"using":"xpath","value":"//span[contains(text(), \"Argentina\")]"}
COMMAND: POST /session/a0fa65e418457f6e1528b16bc1e26f2c/element/f.6300CB9FC90E916FB2ACF31257920715.d.CFD81A69ECB52A89A4834B5CD9192FD5.e.11171/click - {}
RESULT: {}
RESULT: {}
COMMAND: POST /session/a0fa65e418457f6e1528b16bc1e26f2c/execute/async - {"script":"<script> [1562 bytes]","args":[{"selector":{"id":"application-manageyards-display-component---NewYard--addressEditDetailsCostObjectCstType-arrow"},"wdio_ui5_key":"applicationmanageyards-display-component---NewYard--addressEditDetailsCostObjectCstType-arrow"}]}
COMMAND: GET /session/a0fa65e418457f6e1528b16bc1e26f2c/screenshot - {}
RESULT: {"script":"<script> [1562 bytes]","args":[{"selector":{"id":"application-manageyards-display-component---NewYard--addressEditDetailsCostObjectCstType-arrow"},"wdio_ui5_key":"applicationmanageyards-display-component---NewYard--addressEditDetailsCostObjectCstType-arrow"}]}
RESULT: undefined
COMMAND: POST /session/a0fa65e418457f6e1528b16bc1e26f2c/element - {"using":"xpath","value":"//*[@id=\"application-manageyards-display-component---NewYard--addressEditDetailsCostObjectCstType-arrow\"]"}
RESULT: {}
RESULT: {"using":"xpath","value":"//*[@id=\"application-manageyards-display-component---NewYard--addressEditDetailsCostObjectCstType-arrow\"]"}
COMMAND: POST /session/a0fa65e418457f6e1528b16bc1e26f2c/element/f.6300CB9FC90E916FB2ACF31257920715.d.CFD81A69ECB52A89A4834B5CD9192FD5.e.11173/click - {}
RESULT: {}
COMMAND: POST /session/a0fa65e418457f6e1528b16bc1e26f2c/element - {"using":"xpath","value":"//span[contains(text(), \"Cost Center\")]"}
COMMAND: GET /session/a0fa65e418457f6e1528b16bc1e26f2c/screenshot - {}
RESULT: {"using":"xpath","value":"//span[contains(text(), \"Cost Center\")]"}
COMMAND: POST /session/a0fa65e418457f6e1528b16bc1e26f2c/element/f.6300CB9FC90E916FB2ACF31257920715.d.CFD81A69ECB52A89A4834B5CD9192FD5.e.11174/click - {}
RESULT: {}
RESULT: {}
COMMAND: GET /session/a0fa65e418457f6e1528b16bc1e26f2c/screenshot - {}
RESULT: {}
COMMAND: POST /session/a0fa65e418457f6e1528b16bc1e26f2c/element - {"using":"xpath","value":"//span[@id=\"application-manageyards-display-component---NewYard--addressNewCostObjectCstID-vhi\"]"}
RESULT: {"using":"xpath","value":"//span[@id=\"application-manageyards-display-component---NewYard--addressNewCostObjectCstID-vhi\"]"}
COMMAND: POST /session/a0fa65e418457f6e1528b16bc1e26f2c/execute/sync - {"script":"<script> [8489 bytes]","args":[{"element-6066-11e4-a52e-4f735466cecf":"f.6300CB9FC90E916FB2ACF31257920715.d.CFD81A69ECB52A89A4834B5CD9192FD5.e.11178","ELEMENT":"f.6300CB9FC90E916FB2ACF31257920715.d.CFD81A69ECB52A89A4834B5CD9192FD5.e.11178"}]}
RESULT: {"script":"<script> [8489 bytes]","args":[{"element-6066-11e4-a52e-4f735466cecf":"f.6300CB9FC90E916FB2ACF31257920715.d.CFD81A69ECB52A89A4834B5CD9192FD5.e.11178","ELEMENT":"f.6300CB9FC90E916FB2ACF31257920715.d.CFD81A69ECB52A89A4834B5CD9192FD5.e.11178"}]}
COMMAND: POST /session/a0fa65e418457f6e1528b16bc1e26f2c/execute/async - {"script":"<script> [1562 bytes]","args":[{"selector":{"id":"application-manageyards-display-component---NewYard--addressNewCostObjectCstID-vhi"},"wdio_ui5_key":"applicationmanageyards-display-component---NewYard--addressNewCostObjectCstID-vhi"}]}
COMMAND: GET /session/a0fa65e418457f6e1528b16bc1e26f2c/screenshot - {}
RESULT: {"script":"<script> [1562 bytes]","args":[{"selector":{"id":"application-manageyards-display-component---NewYard--addressNewCostObjectCstID-vhi"},"wdio_ui5_key":"applicationmanageyards-display-component---NewYard--addressNewCostObjectCstID-vhi"}]}
RESULT: undefined
COMMAND: POST /session/a0fa65e418457f6e1528b16bc1e26f2c/element - {"using":"xpath","value":"//*[@id=\"application-manageyards-display-component---NewYard--addressNewCostObjectCstID-vhi\"]"}
RESULT: {}
RESULT: {"using":"xpath","value":"//*[@id=\"application-manageyards-display-component---NewYard--addressNewCostObjectCstID-vhi\"]"}
COMMAND: POST /session/a0fa65e418457f6e1528b16bc1e26f2c/element/f.6300CB9FC90E916FB2ACF31257920715.d.CFD81A69ECB52A89A4834B5CD9192FD5.e.11178/click - {}
RESULT: {}
COMMAND: GET /session/a0fa65e418457f6e1528b16bc1e26f2c/screenshot - {}
RESULT: {}
COMMAND: POST /session/a0fa65e418457f6e1528b16bc1e26f2c/execute/async - {"script":"<script> [1562 bytes]","args":[{"selector":{"controlType":"sap.m.SearchField","properties":{"placeholder":"Search"},"searchOpenDialogs":true,"interaction":{"idSuffix":"I"}},"wdio_ui5_key":"sapm.SearchField{\"placeholder\":\"Search\"}"}]}
RESULT: {"script":"<script> [1562 bytes]","args":[{"selector":{"controlType":"sap.m.SearchField","properties":{"placeholder":"Search"},"searchOpenDialogs":true,"interaction":{"idSuffix":"I"}},"wdio_ui5_key":"sapm.SearchField{\"placeholder\":\"Search\"}"}]}
RESULT: undefined
COMMAND: POST /session/a0fa65e418457f6e1528b16bc1e26f2c/execute/async - {"script":"<script> [776 bytes]","args":[{"enterText":"bauh_b","selector":{"controlType":"sap.m.SearchField","properties":{"placeholder":"Search"},"searchOpenDialogs":true,"interaction":{"idSuffix":"I"}},"clearTextFirst":true,"interactionType":"ENTER_TEXT"}]}
RESULT: {"script":"<script> [776 bytes]","args":[{"enterText":"bauh_b","selector":{"controlType":"sap.m.SearchField","properties":{"placeholder":"Search"},"searchOpenDialogs":true,"interaction":{"idSuffix":"I"}},"clearTextFirst":true,"interactionType":"ENTER_TEXT"}]}
COMMAND: POST /session/a0fa65e418457f6e1528b16bc1e26f2c/actions - {"actions":[{"id":"action40","type":"key","parameters":{},"actions":[{"type":"keyDown","value":"î€‡"},{"type":"pause","duration":10},{"type":"keyUp","value":"î€‡"}]}]}
RESULT: {"actions":[{"id":"action40","type":"key","parameters":{},"actions":[{"type":"keyDown","value":"î€‡"},{"type":"pause","duration":10},{"type":"keyUp","value":"î€‡"}]}]}
COMMAND: GET /session/a0fa65e418457f6e1528b16bc1e26f2c/screenshot - {}
RESULT: {}
COMMAND: POST /session/a0fa65e418457f6e1528b16bc1e26f2c/element - {"using":"xpath","value":"//span[contains(text(), \"Demo Yard\")]"}
RESULT: {"using":"xpath","value":"//span[contains(text(), \"Demo Yard\")]"}
COMMAND: POST /session/a0fa65e418457f6e1528b16bc1e26f2c/element/f.6300CB9FC90E916FB2ACF31257920715.d.CFD81A69ECB52A89A4834B5CD9192FD5.e.11219/click - {}
RESULT: {}
COMMAND: GET /session/a0fa65e418457f6e1528b16bc1e26f2c/screenshot - {}
RESULT: {}
COMMAND: POST /session/a0fa65e418457f6e1528b16bc1e26f2c/element - {"using":"xpath","value":"//bdi[contains(text(), \"OK\")]"}
RESULT: {"using":"xpath","value":"//bdi[contains(text(), \"OK\")]"}
COMMAND: POST /session/a0fa65e418457f6e1528b16bc1e26f2c/element/f.6300CB9FC90E916FB2ACF31257920715.d.CFD81A69ECB52A89A4834B5CD9192FD5.e.11220/click - {}
RESULT: {}
COMMAND: GET /session/a0fa65e418457f6e1528b16bc1e26f2c/screenshot - {}
RESULT: {}
COMMAND: POST /session/a0fa65e418457f6e1528b16bc1e26f2c/execute/async - {"script":"<script> [1562 bytes]","args":[{"selector":{"id":"application-manageyards-display-component---NewYard--addressEditDetailsCurrency-arrow"},"wdio_ui5_key":"applicationmanageyards-display-component---NewYard--addressEditDetailsCurrency-arrow"}]}
RESULT: {"script":"<script> [1562 bytes]","args":[{"selector":{"id":"application-manageyards-display-component---NewYard--addressEditDetailsCurrency-arrow"},"wdio_ui5_key":"applicationmanageyards-display-component---NewYard--addressEditDetailsCurrency-arrow"}]}
RESULT: undefined
COMMAND: POST /session/a0fa65e418457f6e1528b16bc1e26f2c/element - {"using":"xpath","value":"//*[@id=\"application-manageyards-display-component---NewYard--addressEditDetailsCurrency-arrow\"]"}
RESULT: {"using":"xpath","value":"//*[@id=\"application-manageyards-display-component---NewYard--addressEditDetailsCurrency-arrow\"]"}
COMMAND: POST /session/a0fa65e418457f6e1528b16bc1e26f2c/element/f.6300CB9FC90E916FB2ACF31257920715.d.CFD81A69ECB52A89A4834B5CD9192FD5.e.11223/click - {}
RESULT: {}
COMMAND: POST /session/a0fa65e418457f6e1528b16bc1e26f2c/element - {"using":"xpath","value":"//span[contains(text(), \"Euro\")]"}
COMMAND: GET /session/a0fa65e418457f6e1528b16bc1e26f2c/screenshot - {}
RESULT: {"using":"xpath","value":"//span[contains(text(), \"Euro\")]"}
COMMAND: POST /session/a0fa65e418457f6e1528b16bc1e26f2c/element/f.6300CB9FC90E916FB2ACF31257920715.d.CFD81A69ECB52A89A4834B5CD9192FD5.e.11224/click - {}
RESULT: {}
RESULT: {}
COMMAND: POST /session/a0fa65e418457f6e1528b16bc1e26f2c/execute/async - {"script":"<script> [1562 bytes]","args":[{"selector":{"controlType":"sap.m.Input","viewName":"etm.portal.ui.manageyards.view.New","viewId":"application-manageyards-display-component---NewYard","bindingPath":{"path":"","propertyPath":"/CONTROLLING_AREA","modelName":"NewYardModel"},"interaction":{"idSuffix":"inner"}},"wdio_ui5_key":"etmportal.ui.manageyards.view.Newsap.m.Input{\"path\":\"\",\"propertyPath\":\"/CONTROLLING_AREA\",\"modelName\":\"NewYardModel\"}"}]}
COMMAND: GET /session/a0fa65e418457f6e1528b16bc1e26f2c/screenshot - {}
RESULT: {"script":"<script> [1562 bytes]","args":[{"selector":{"controlType":"sap.m.Input","viewName":"etm.portal.ui.manageyards.view.New","viewId":"application-manageyards-display-component---NewYard","bindingPath":{"path":"","propertyPath":"/CONTROLLING_AREA","modelName":"NewYardModel"},"interaction":{"idSuffix":"inner"}},"wdio_ui5_key":"etmportal.ui.manageyards.view.Newsap.m.Input{\"path\":\"\",\"propertyPath\":\"/CONTROLLING_AREA\",\"modelName\":\"NewYardModel\"}"}]}
RESULT: undefined
COMMAND: POST /session/a0fa65e418457f6e1528b16bc1e26f2c/execute/async - {"script":"<script> [776 bytes]","args":[{"enterText":"Z001","selector":{"controlType":"sap.m.Input","viewName":"etm.portal.ui.manageyards.view.New","viewId":"application-manageyards-display-component---NewYard","bindingPath":{"path":"","propertyPath":"/CONTROLLING_AREA","modelName":"NewYardModel"},"interaction":{"idSuffix":"inner"}},"clearTextFirst":true,"interactionType":"ENTER_TEXT"}]}
RESULT: {}
RESULT: {"script":"<script> [776 bytes]","args":[{"enterText":"Z001","selector":{"controlType":"sap.m.Input","viewName":"etm.portal.ui.manageyards.view.New","viewId":"application-manageyards-display-component---NewYard","bindingPath":{"path":"","propertyPath":"/CONTROLLING_AREA","modelName":"NewYardModel"},"interaction":{"idSuffix":"inner"}},"clearTextFirst":true,"interactionType":"ENTER_TEXT"}]}
COMMAND: POST /session/a0fa65e418457f6e1528b16bc1e26f2c/execute/async - {"script":"<script> [1562 bytes]","args":[{"selector":{"id":"application-manageyards-display-component---NewYard--companyCodeComboBox","interaction":{"idSuffix":"inner"}},"wdio_ui5_key":"applicationmanageyards-display-component---NewYard--companyCodeComboBox"}]}
RESULT: {"script":"<script> [1562 bytes]","args":[{"selector":{"id":"application-manageyards-display-component---NewYard--companyCodeComboBox","interaction":{"idSuffix":"inner"}},"wdio_ui5_key":"applicationmanageyards-display-component---NewYard--companyCodeComboBox"}]}
RESULT: undefined
COMMAND: POST /session/a0fa65e418457f6e1528b16bc1e26f2c/execute/async - {"script":"<script> [776 bytes]","args":[{"enterText":"1000","selector":{"id":"application-manageyards-display-component---NewYard--companyCodeComboBox","interaction":{"idSuffix":"inner"}},"clearTextFirst":true,"interactionType":"ENTER_TEXT"}]}
RESULT: {"script":"<script> [776 bytes]","args":[{"enterText":"1000","selector":{"id":"application-manageyards-display-component---NewYard--companyCodeComboBox","interaction":{"idSuffix":"inner"}},"clearTextFirst":true,"interactionType":"ENTER_TEXT"}]}
COMMAND: POST /session/a0fa65e418457f6e1528b16bc1e26f2c/execute/async - {"script":"<script> [1562 bytes]","args":[{"selector":{"controlType":"sap.m.Input","viewName":"etm.portal.ui.manageyards.view.New","viewId":"application-manageyards-display-component---NewYard","bindingPath":{"path":"","propertyPath":"/PLANT","modelName":"NewYardModel"},"interaction":{"idSuffix":"inner"}},"wdio_ui5_key":"etmportal.ui.manageyards.view.Newsap.m.Input{\"path\":\"\",\"propertyPath\":\"/PLANT\",\"modelName\":\"NewYardModel\"}"}]}
RESULT: {"script":"<script> [1562 bytes]","args":[{"selector":{"controlType":"sap.m.Input","viewName":"etm.portal.ui.manageyards.view.New","viewId":"application-manageyards-display-component---NewYard","bindingPath":{"path":"","propertyPath":"/PLANT","modelName":"NewYardModel"},"interaction":{"idSuffix":"inner"}},"wdio_ui5_key":"etmportal.ui.manageyards.view.Newsap.m.Input{\"path\":\"\",\"propertyPath\":\"/PLANT\",\"modelName\":\"NewYardModel\"}"}]}
RESULT: undefined
COMMAND: POST /session/a0fa65e418457f6e1528b16bc1e26f2c/execute/async - {"script":"<script> [776 bytes]","args":[{"enterText":"1001","selector":{"controlType":"sap.m.Input","viewName":"etm.portal.ui.manageyards.view.New","viewId":"application-manageyards-display-component---NewYard","bindingPath":{"path":"","propertyPath":"/PLANT","modelName":"NewYardModel"},"interaction":{"idSuffix":"inner"}},"clearTextFirst":true,"interactionType":"ENTER_TEXT"}]}
RESULT: {"script":"<script> [776 bytes]","args":[{"enterText":"1001","selector":{"controlType":"sap.m.Input","viewName":"etm.portal.ui.manageyards.view.New","viewId":"application-manageyards-display-component---NewYard","bindingPath":{"path":"","propertyPath":"/PLANT","modelName":"NewYardModel"},"interaction":{"idSuffix":"inner"}},"clearTextFirst":true,"interactionType":"ENTER_TEXT"}]}
COMMAND: POST /session/a0fa65e418457f6e1528b16bc1e26f2c/execute/async - {"script":"<script> [1562 bytes]","args":[{"selector":{"controlType":"sap.m.Input","viewName":"etm.portal.ui.manageyards.view.New","viewId":"application-manageyards-display-component---NewYard","bindingPath":{"path":"","propertyPath":"/SALES_AREA_VKORG","modelName":"NewYardModel"},"interaction":{"idSuffix":"inner"}},"wdio_ui5_key":"etmportal.ui.manageyards.view.Newsap.m.Input{\"path\":\"\",\"propertyPath\":\"/SALES_AREA_VKORG\",\"modelName\":\"NewYardModel\"}"}]}
RESULT: {"script":"<script> [1562 bytes]","args":[{"selector":{"controlType":"sap.m.Input","viewName":"etm.portal.ui.manageyards.view.New","viewId":"application-manageyards-display-component---NewYard","bindingPath":{"path":"","propertyPath":"/SALES_AREA_VKORG","modelName":"NewYardModel"},"interaction":{"idSuffix":"inner"}},"wdio_ui5_key":"etmportal.ui.manageyards.view.Newsap.m.Input{\"path\":\"\",\"propertyPath\":\"/SALES_AREA_VKORG\",\"modelName\":\"NewYardModel\"}"}]}
RESULT: undefined
COMMAND: POST /session/a0fa65e418457f6e1528b16bc1e26f2c/execute/async - {"script":"<script> [776 bytes]","args":[{"enterText":"C002","selector":{"controlType":"sap.m.Input","viewName":"etm.portal.ui.manageyards.view.New","viewId":"application-manageyards-display-component---NewYard","bindingPath":{"path":"","propertyPath":"/SALES_AREA_VKORG","modelName":"NewYardModel"},"interaction":{"idSuffix":"inner"}},"clearTextFirst":true,"interactionType":"ENTER_TEXT"}]}
RESULT: {"script":"<script> [776 bytes]","args":[{"enterText":"C002","selector":{"controlType":"sap.m.Input","viewName":"etm.portal.ui.manageyards.view.New","viewId":"application-manageyards-display-component---NewYard","bindingPath":{"path":"","propertyPath":"/SALES_AREA_VKORG","modelName":"NewYardModel"},"interaction":{"idSuffix":"inner"}},"clearTextFirst":true,"interactionType":"ENTER_TEXT"}]}
COMMAND: POST /session/a0fa65e418457f6e1528b16bc1e26f2c/execute/async - {"script":"<script> [1562 bytes]","args":[{"selector":{"controlType":"sap.m.Input","viewName":"etm.portal.ui.manageyards.view.New","viewId":"application-manageyards-display-component---NewYard","bindingPath":{"path":"","propertyPath":"/SALES_AREA_VTWEG","modelName":"NewYardModel"},"interaction":{"idSuffix":"inner"}},"wdio_ui5_key":"etmportal.ui.manageyards.view.Newsap.m.Input{\"path\":\"\",\"propertyPath\":\"/SALES_AREA_VTWEG\",\"modelName\":\"NewYardModel\"}"}]}
RESULT: {"script":"<script> [1562 bytes]","args":[{"selector":{"controlType":"sap.m.Input","viewName":"etm.portal.ui.manageyards.view.New","viewId":"application-manageyards-display-component---NewYard","bindingPath":{"path":"","propertyPath":"/SALES_AREA_VTWEG","modelName":"NewYardModel"},"interaction":{"idSuffix":"inner"}},"wdio_ui5_key":"etmportal.ui.manageyards.view.Newsap.m.Input{\"path\":\"\",\"propertyPath\":\"/SALES_AREA_VTWEG\",\"modelName\":\"NewYardModel\"}"}]}
RESULT: undefined
COMMAND: POST /session/a0fa65e418457f6e1528b16bc1e26f2c/execute/async - {"script":"<script> [776 bytes]","args":[{"enterText":"C2","selector":{"controlType":"sap.m.Input","viewName":"etm.portal.ui.manageyards.view.New","viewId":"application-manageyards-display-component---NewYard","bindingPath":{"path":"","propertyPath":"/SALES_AREA_VTWEG","modelName":"NewYardModel"},"interaction":{"idSuffix":"inner"}},"clearTextFirst":true,"interactionType":"ENTER_TEXT"}]}
RESULT: {"script":"<script> [776 bytes]","args":[{"enterText":"C2","selector":{"controlType":"sap.m.Input","viewName":"etm.portal.ui.manageyards.view.New","viewId":"application-manageyards-display-component---NewYard","bindingPath":{"path":"","propertyPath":"/SALES_AREA_VTWEG","modelName":"NewYardModel"},"interaction":{"idSuffix":"inner"}},"clearTextFirst":true,"interactionType":"ENTER_TEXT"}]}
COMMAND: POST /session/a0fa65e418457f6e1528b16bc1e26f2c/execute/async - {"script":"<script> [1562 bytes]","args":[{"selector":{"controlType":"sap.m.Input","viewName":"etm.portal.ui.manageyards.view.New","viewId":"application-manageyards-display-component---NewYard","bindingPath":{"path":"","propertyPath":"/SALES_AREA_SPART","modelName":"NewYardModel"},"interaction":{"idSuffix":"inner"}},"wdio_ui5_key":"etmportal.ui.manageyards.view.Newsap.m.Input{\"path\":\"\",\"propertyPath\":\"/SALES_AREA_SPART\",\"modelName\":\"NewYardModel\"}"}]}
RESULT: {"script":"<script> [1562 bytes]","args":[{"selector":{"controlType":"sap.m.Input","viewName":"etm.portal.ui.manageyards.view.New","viewId":"application-manageyards-display-component---NewYard","bindingPath":{"path":"","propertyPath":"/SALES_AREA_SPART","modelName":"NewYardModel"},"interaction":{"idSuffix":"inner"}},"wdio_ui5_key":"etmportal.ui.manageyards.view.Newsap.m.Input{\"path\":\"\",\"propertyPath\":\"/SALES_AREA_SPART\",\"modelName\":\"NewYardModel\"}"}]}
RESULT: undefined
COMMAND: POST /session/a0fa65e418457f6e1528b16bc1e26f2c/execute/async - {"script":"<script> [776 bytes]","args":[{"enterText":"C2","selector":{"controlType":"sap.m.Input","viewName":"etm.portal.ui.manageyards.view.New","viewId":"application-manageyards-display-component---NewYard","bindingPath":{"path":"","propertyPath":"/SALES_AREA_SPART","modelName":"NewYardModel"},"interaction":{"idSuffix":"inner"}},"clearTextFirst":true,"interactionType":"ENTER_TEXT"}]}
RESULT: {"script":"<script> [776 bytes]","args":[{"enterText":"C2","selector":{"controlType":"sap.m.Input","viewName":"etm.portal.ui.manageyards.view.New","viewId":"application-manageyards-display-component---NewYard","bindingPath":{"path":"","propertyPath":"/SALES_AREA_SPART","modelName":"NewYardModel"},"interaction":{"idSuffix":"inner"}},"clearTextFirst":true,"interactionType":"ENTER_TEXT"}]}
COMMAND: POST /session/a0fa65e418457f6e1528b16bc1e26f2c/execute/async - {"script":"<script> [1562 bytes]","args":[{"selector":{"controlType":"sap.m.Input","viewName":"etm.portal.ui.manageyards.view.New","viewId":"application-manageyards-display-component---NewYard","bindingPath":{"path":"","propertyPath":"/SHIP_POINT","modelName":"NewYardModel"},"interaction":{"idSuffix":"inner"}},"wdio_ui5_key":"etmportal.ui.manageyards.view.Newsap.m.Input{\"path\":\"\",\"propertyPath\":\"/SHIP_POINT\",\"modelName\":\"NewYardModel\"}"}]}
RESULT: {"script":"<script> [1562 bytes]","args":[{"selector":{"controlType":"sap.m.Input","viewName":"etm.portal.ui.manageyards.view.New","viewId":"application-manageyards-display-component---NewYard","bindingPath":{"path":"","propertyPath":"/SHIP_POINT","modelName":"NewYardModel"},"interaction":{"idSuffix":"inner"}},"wdio_ui5_key":"etmportal.ui.manageyards.view.Newsap.m.Input{\"path\":\"\",\"propertyPath\":\"/SHIP_POINT\",\"modelName\":\"NewYardModel\"}"}]}
RESULT: undefined
COMMAND: POST /session/a0fa65e418457f6e1528b16bc1e26f2c/execute/async - {"script":"<script> [776 bytes]","args":[{"enterText":"1710","selector":{"controlType":"sap.m.Input","viewName":"etm.portal.ui.manageyards.view.New","viewId":"application-manageyards-display-component---NewYard","bindingPath":{"path":"","propertyPath":"/SHIP_POINT","modelName":"NewYardModel"},"interaction":{"idSuffix":"inner"}},"clearTextFirst":true,"interactionType":"ENTER_TEXT"}]}
RESULT: {"script":"<script> [776 bytes]","args":[{"enterText":"1710","selector":{"controlType":"sap.m.Input","viewName":"etm.portal.ui.manageyards.view.New","viewId":"application-manageyards-display-component---NewYard","bindingPath":{"path":"","propertyPath":"/SHIP_POINT","modelName":"NewYardModel"},"interaction":{"idSuffix":"inner"}},"clearTextFirst":true,"interactionType":"ENTER_TEXT"}]}
COMMAND: POST /session/a0fa65e418457f6e1528b16bc1e26f2c/execute/async - {"script":"<script> [1562 bytes]","args":[{"selector":{"controlType":"sap.m.Input","viewName":"etm.portal.ui.manageyards.view.New","viewId":"application-manageyards-display-component---NewYard","bindingPath":{"path":"","propertyPath":"/DELIVERY_TYPE","modelName":"NewYardModel"},"interaction":{"idSuffix":"inner"}},"wdio_ui5_key":"etmportal.ui.manageyards.view.Newsap.m.Input{\"path\":\"\",\"propertyPath\":\"/DELIVERY_TYPE\",\"modelName\":\"NewYardModel\"}"}]}
RESULT: {"script":"<script> [1562 bytes]","args":[{"selector":{"controlType":"sap.m.Input","viewName":"etm.portal.ui.manageyards.view.New","viewId":"application-manageyards-display-component---NewYard","bindingPath":{"path":"","propertyPath":"/DELIVERY_TYPE","modelName":"NewYardModel"},"interaction":{"idSuffix":"inner"}},"wdio_ui5_key":"etmportal.ui.manageyards.view.Newsap.m.Input{\"path\":\"\",\"propertyPath\":\"/DELIVERY_TYPE\",\"modelName\":\"NewYardModel\"}"}]}
RESULT: undefined
COMMAND: POST /session/a0fa65e418457f6e1528b16bc1e26f2c/execute/async - {"script":"<script> [776 bytes]","args":[{"enterText":"ZL01","selector":{"controlType":"sap.m.Input","viewName":"etm.portal.ui.manageyards.view.New","viewId":"application-manageyards-display-component---NewYard","bindingPath":{"path":"","propertyPath":"/DELIVERY_TYPE","modelName":"NewYardModel"},"interaction":{"idSuffix":"inner"}},"clearTextFirst":true,"interactionType":"ENTER_TEXT"}]}
RESULT: {"script":"<script> [776 bytes]","args":[{"enterText":"ZL01","selector":{"controlType":"sap.m.Input","viewName":"etm.portal.ui.manageyards.view.New","viewId":"application-manageyards-display-component---NewYard","bindingPath":{"path":"","propertyPath":"/DELIVERY_TYPE","modelName":"NewYardModel"},"interaction":{"idSuffix":"inner"}},"clearTextFirst":true,"interactionType":"ENTER_TEXT"}]}
COMMAND: POST /session/a0fa65e418457f6e1528b16bc1e26f2c/execute/async - {"script":"<script> [1562 bytes]","args":[{"selector":{"controlType":"sap.m.Input","viewName":"etm.portal.ui.manageyards.view.New","viewId":"application-manageyards-display-component---NewYard","bindingPath":{"path":"","propertyPath":"/AUART","modelName":"NewYardModel"},"interaction":{"idSuffix":"inner"}},"wdio_ui5_key":"etmportal.ui.manageyards.view.Newsap.m.Input{\"path\":\"\",\"propertyPath\":\"/AUART\",\"modelName\":\"NewYardModel\"}"}]}
RESULT: {"script":"<script> [1562 bytes]","args":[{"selector":{"controlType":"sap.m.Input","viewName":"etm.portal.ui.manageyards.view.New","viewId":"application-manageyards-display-component---NewYard","bindingPath":{"path":"","propertyPath":"/AUART","modelName":"NewYardModel"},"interaction":{"idSuffix":"inner"}},"wdio_ui5_key":"etmportal.ui.manageyards.view.Newsap.m.Input{\"path\":\"\",\"propertyPath\":\"/AUART\",\"modelName\":\"NewYardModel\"}"}]}
RESULT: undefined
COMMAND: POST /session/a0fa65e418457f6e1528b16bc1e26f2c/execute/async - {"script":"<script> [776 bytes]","args":[{"enterText":"TA","selector":{"controlType":"sap.m.Input","viewName":"etm.portal.ui.manageyards.view.New","viewId":"application-manageyards-display-component---NewYard","bindingPath":{"path":"","propertyPath":"/AUART","modelName":"NewYardModel"},"interaction":{"idSuffix":"inner"}},"clearTextFirst":true,"interactionType":"ENTER_TEXT"}]}
RESULT: {"script":"<script> [776 bytes]","args":[{"enterText":"TA","selector":{"controlType":"sap.m.Input","viewName":"etm.portal.ui.manageyards.view.New","viewId":"application-manageyards-display-component---NewYard","bindingPath":{"path":"","propertyPath":"/AUART","modelName":"NewYardModel"},"interaction":{"idSuffix":"inner"}},"clearTextFirst":true,"interactionType":"ENTER_TEXT"}]}
COMMAND: POST /session/a0fa65e418457f6e1528b16bc1e26f2c/element - {"using":"xpath","value":"//button[@data-kt=\"newYardSaveButton\"]"}
RESULT: {"using":"xpath","value":"//button[@data-kt=\"newYardSaveButton\"]"}
COMMAND: POST /session/a0fa65e418457f6e1528b16bc1e26f2c/element/f.6300CB9FC90E916FB2ACF31257920715.d.CFD81A69ECB52A89A4834B5CD9192FD5.e.11117/click - {}
RESULT: {}
COMMAND: GET /session/a0fa65e418457f6e1528b16bc1e26f2c/screenshot - {}
RESULT: {}
COMMAND: POST /session/a0fa65e418457f6e1528b16bc1e26f2c/element - {"using":"xpath","value":"//header[contains(@id, 'ObjectPageLayout-headerTitle')]/div[1]/div[2]/div[1]/span[1]"}
RESULT: {"using":"xpath","value":"//header[contains(@id, 'ObjectPageLayout-headerTitle')]/div[1]/div[2]/div[1]/span[1]"}
COMMAND: POST /session/a0fa65e418457f6e1528b16bc1e26f2c/elements - {"using":"xpath","value":"//header[contains(@id, 'ObjectPageLayout-headerTitle')]/div[1]/div[2]/div[1]/span[1]"}
RESULT: {"using":"xpath","value":"//header[contains(@id, 'ObjectPageLayout-headerTitle')]/div[1]/div[2]/div[1]/span[1]"}
COMMAND: POST /session/a0fa65e418457f6e1528b16bc1e26f2c/execute/sync - {"script":"<script> [56 bytes]","args":[{"element-6066-11e4-a52e-4f735466cecf":"f.6300CB9FC90E916FB2ACF31257920715.d.CFD81A69ECB52A89A4834B5CD9192FD5.e.11451","ELEMENT":"f.6300CB9FC90E916FB2ACF31257920715.d.CFD81A69ECB52A89A4834B5CD9192FD5.e.11451"}]}
RESULT: {"script":"<script> [56 bytes]","args":[{"element-6066-11e4-a52e-4f735466cecf":"f.6300CB9FC90E916FB2ACF31257920715.d.CFD81A69ECB52A89A4834B5CD9192FD5.e.11451","ELEMENT":"f.6300CB9FC90E916FB2ACF31257920715.d.CFD81A69ECB52A89A4834B5CD9192FD5.e.11451"}]}
COMMAND: GET /session/a0fa65e418457f6e1528b16bc1e26f2c/screenshot - {}
RESULT: {}
COMMAND: POST /session/a0fa65e418457f6e1528b16bc1e26f2c/element - {"using":"css selector","value":"#shell-header-logo"}
RESULT: {"using":"css selector","value":"#shell-header-logo"}
COMMAND: POST /session/a0fa65e418457f6e1528b16bc1e26f2c/element/f.6300CB9FC90E916FB2ACF31257920715.d.CFD81A69ECB52A89A4834B5CD9192FD5.e.10561/click - {}
RESULT: {}
COMMAND: GET /session/a0fa65e418457f6e1528b16bc1e26f2c/screenshot - {}
RESULT: {}
COMMAND: POST /session/a0fa65e418457f6e1528b16bc1e26f2c/execute/sync - {"script":"<script> [299 bytes]","args":[["getModel","getResource"]]}
RESULT: {"script":"<script> [299 bytes]","args":[["getModel","getResource"]]}
]]></system-out>
    </testcase>
    <testcase classname="chrome.136_0_7103_93.windows.Provide_to_Site_w/o_warehouse_management_w/_clarification_US116605" name="Should create a new external partner" time="91.378">
      <system-out><![CDATA[
COMMAND: POST /session/a0fa65e418457f6e1528b16bc1e26f2c/window/fullscreen - {}
COMMAND: GET /session/a0fa65e418457f6e1528b16bc1e26f2c/screenshot - {}
RESULT: {}
COMMAND: POST /session/a0fa65e418457f6e1528b16bc1e26f2c/execute/async - {"script":"<script> [1562 bytes]","args":[{"selector":{"controlType":"sap.m.GenericTile","properties":{"header":"Manage Partners"}},"wdio_ui5_key":"sapm.GenericTile{\"header\":\"Manage Partners\"}"}]}
RESULT: {}
RESULT: {"script":"<script> [1562 bytes]","args":[{"selector":{"controlType":"sap.m.GenericTile","properties":{"header":"Manage Partners"}},"wdio_ui5_key":"sapm.GenericTile{\"header\":\"Manage Partners\"}"}]}
RESULT: undefined
COMMAND: POST /session/a0fa65e418457f6e1528b16bc1e26f2c/element - {"using":"xpath","value":"//*[@id=\"__tile30\"]"}
RESULT: {"using":"xpath","value":"//*[@id=\"__tile30\"]"}
COMMAND: POST /session/a0fa65e418457f6e1528b16bc1e26f2c/element/f.6300CB9FC90E916FB2ACF31257920715.d.CFD81A69ECB52A89A4834B5CD9192FD5.e.10581/click - {}
RESULT: {}
COMMAND: GET /session/a0fa65e418457f6e1528b16bc1e26f2c/screenshot - {}
RESULT: {}
COMMAND: POST /session/a0fa65e418457f6e1528b16bc1e26f2c/elements - {"using":"xpath","value":"//span[text()='Error']"}
RESULT: {"using":"xpath","value":"//span[text()='Error']"}
COMMAND: POST /session/a0fa65e418457f6e1528b16bc1e26f2c/element - {"using":"xpath","value":"//button[@data-kt=\"addButton\"]"}
RESULT: {"using":"xpath","value":"//button[@data-kt=\"addButton\"]"}
COMMAND: POST /session/a0fa65e418457f6e1528b16bc1e26f2c/elements - {"using":"xpath","value":"//button[@data-kt=\"addButton\"]"}
RESULT: {"using":"xpath","value":"//button[@data-kt=\"addButton\"]"}
COMMAND: POST /session/a0fa65e418457f6e1528b16bc1e26f2c/execute/sync - {"script":"<script> [8489 bytes]","args":[{"element-6066-11e4-a52e-4f735466cecf":"f.6300CB9FC90E916FB2ACF31257920715.d.CFD81A69ECB52A89A4834B5CD9192FD5.e.11499","ELEMENT":"f.6300CB9FC90E916FB2ACF31257920715.d.CFD81A69ECB52A89A4834B5CD9192FD5.e.11499"}]}
RESULT: {"script":"<script> [8489 bytes]","args":[{"element-6066-11e4-a52e-4f735466cecf":"f.6300CB9FC90E916FB2ACF31257920715.d.CFD81A69ECB52A89A4834B5CD9192FD5.e.11499","ELEMENT":"f.6300CB9FC90E916FB2ACF31257920715.d.CFD81A69ECB52A89A4834B5CD9192FD5.e.11499"}]}
COMMAND: GET /session/a0fa65e418457f6e1528b16bc1e26f2c/element/f.6300CB9FC90E916FB2ACF31257920715.d.CFD81A69ECB52A89A4834B5CD9192FD5.e.11499/enabled - {}
COMMAND: GET /session/a0fa65e418457f6e1528b16bc1e26f2c/screenshot - {}
RESULT: {}
COMMAND: POST /session/a0fa65e418457f6e1528b16bc1e26f2c/execute/sync - {"script":"<script> [8489 bytes]","args":[{"element-6066-11e4-a52e-4f735466cecf":"f.6300CB9FC90E916FB2ACF31257920715.d.CFD81A69ECB52A89A4834B5CD9192FD5.e.11499","ELEMENT":"f.6300CB9FC90E916FB2ACF31257920715.d.CFD81A69ECB52A89A4834B5CD9192FD5.e.11499"}]}
COMMAND: GET /session/a0fa65e418457f6e1528b16bc1e26f2c/screenshot - {}
RESULT: {}
RESULT: {"script":"<script> [8489 bytes]","args":[{"element-6066-11e4-a52e-4f735466cecf":"f.6300CB9FC90E916FB2ACF31257920715.d.CFD81A69ECB52A89A4834B5CD9192FD5.e.11499","ELEMENT":"f.6300CB9FC90E916FB2ACF31257920715.d.CFD81A69ECB52A89A4834B5CD9192FD5.e.11499"}]}
COMMAND: POST /session/a0fa65e418457f6e1528b16bc1e26f2c/execute/sync - {"script":"<script> [5351 bytes]","args":[{"element-6066-11e4-a52e-4f735466cecf":"f.6300CB9FC90E916FB2ACF31257920715.d.CFD81A69ECB52A89A4834B5CD9192FD5.e.11499","ELEMENT":"f.6300CB9FC90E916FB2ACF31257920715.d.CFD81A69ECB52A89A4834B5CD9192FD5.e.11499"}]}
COMMAND: GET /session/a0fa65e418457f6e1528b16bc1e26f2c/screenshot - {}
RESULT: {}
RESULT: {"script":"<script> [5351 bytes]","args":[{"element-6066-11e4-a52e-4f735466cecf":"f.6300CB9FC90E916FB2ACF31257920715.d.CFD81A69ECB52A89A4834B5CD9192FD5.e.11499","ELEMENT":"f.6300CB9FC90E916FB2ACF31257920715.d.CFD81A69ECB52A89A4834B5CD9192FD5.e.11499"}]}
COMMAND: POST /session/a0fa65e418457f6e1528b16bc1e26f2c/element/f.6300CB9FC90E916FB2ACF31257920715.d.CFD81A69ECB52A89A4834B5CD9192FD5.e.11499/click - {}
COMMAND: GET /session/a0fa65e418457f6e1528b16bc1e26f2c/screenshot - {}
RESULT: {}
RESULT: {}
COMMAND: GET /session/a0fa65e418457f6e1528b16bc1e26f2c/screenshot - {}
RESULT: {}
RESULT: {}
COMMAND: POST /session/a0fa65e418457f6e1528b16bc1e26f2c/execute/async - {"script":"<script> [1562 bytes]","args":[{"selector":{"id":"application-managepartners-display-component---NewPartner--addressDetailDetailsName1","interaction":{"idSuffix":"inner"}},"wdio_ui5_key":"applicationmanagepartners-display-component---NewPartner--addressDetailDetailsName1"}]}
RESULT: {"script":"<script> [1562 bytes]","args":[{"selector":{"id":"application-managepartners-display-component---NewPartner--addressDetailDetailsName1","interaction":{"idSuffix":"inner"}},"wdio_ui5_key":"applicationmanagepartners-display-component---NewPartner--addressDetailDetailsName1"}]}
RESULT: undefined
COMMAND: POST /session/a0fa65e418457f6e1528b16bc1e26f2c/execute/async - {"script":"<script> [776 bytes]","args":[{"enterText":"External Partner WDIO","selector":{"id":"application-managepartners-display-component---NewPartner--addressDetailDetailsName1","interaction":{"idSuffix":"inner"}},"clearTextFirst":true,"interactionType":"ENTER_TEXT"}]}
RESULT: {"script":"<script> [776 bytes]","args":[{"enterText":"External Partner WDIO","selector":{"id":"application-managepartners-display-component---NewPartner--addressDetailDetailsName1","interaction":{"idSuffix":"inner"}},"clearTextFirst":true,"interactionType":"ENTER_TEXT"}]}
COMMAND: POST /session/a0fa65e418457f6e1528b16bc1e26f2c/execute/async - {"script":"<script> [1562 bytes]","args":[{"selector":{"id":"application-managepartners-display-component---NewPartner--addressDetailDetailsLanguage-arrow"},"wdio_ui5_key":"applicationmanagepartners-display-component---NewPartner--addressDetailDetailsLanguage-arrow"}]}
RESULT: {"script":"<script> [1562 bytes]","args":[{"selector":{"id":"application-managepartners-display-component---NewPartner--addressDetailDetailsLanguage-arrow"},"wdio_ui5_key":"applicationmanagepartners-display-component---NewPartner--addressDetailDetailsLanguage-arrow"}]}
RESULT: undefined
COMMAND: POST /session/a0fa65e418457f6e1528b16bc1e26f2c/element - {"using":"xpath","value":"//*[@id=\"application-managepartners-display-component---NewPartner--addressDetailDetailsLanguage-arrow\"]"}
RESULT: {"using":"xpath","value":"//*[@id=\"application-managepartners-display-component---NewPartner--addressDetailDetailsLanguage-arrow\"]"}
COMMAND: POST /session/a0fa65e418457f6e1528b16bc1e26f2c/element/f.6300CB9FC90E916FB2ACF31257920715.d.CFD81A69ECB52A89A4834B5CD9192FD5.e.11942/click - {}
RESULT: {}
COMMAND: POST /session/a0fa65e418457f6e1528b16bc1e26f2c/element - {"using":"xpath","value":"//span[contains(text(), \"English\")]"}
COMMAND: GET /session/a0fa65e418457f6e1528b16bc1e26f2c/screenshot - {}
RESULT: {"using":"xpath","value":"//span[contains(text(), \"English\")]"}
COMMAND: POST /session/a0fa65e418457f6e1528b16bc1e26f2c/element/f.6300CB9FC90E916FB2ACF31257920715.d.CFD81A69ECB52A89A4834B5CD9192FD5.e.11943/click - {}
RESULT: {}
RESULT: {}
COMMAND: GET /session/a0fa65e418457f6e1528b16bc1e26f2c/screenshot - {}
RESULT: {}
COMMAND: POST /session/a0fa65e418457f6e1528b16bc1e26f2c/execute/async - {"script":"<script> [1562 bytes]","args":[{"selector":{"id":"application-managepartners-display-component---NewPartner--addressDetailDetailsCity1","interaction":{"idSuffix":"inner"}},"wdio_ui5_key":"applicationmanagepartners-display-component---NewPartner--addressDetailDetailsCity1"}]}
RESULT: {"script":"<script> [1562 bytes]","args":[{"selector":{"id":"application-managepartners-display-component---NewPartner--addressDetailDetailsCity1","interaction":{"idSuffix":"inner"}},"wdio_ui5_key":"applicationmanagepartners-display-component---NewPartner--addressDetailDetailsCity1"}]}
RESULT: undefined
COMMAND: POST /session/a0fa65e418457f6e1528b16bc1e26f2c/execute/async - {"script":"<script> [776 bytes]","args":[{"enterText":"Rosario","selector":{"id":"application-managepartners-display-component---NewPartner--addressDetailDetailsCity1","interaction":{"idSuffix":"inner"}},"clearTextFirst":true,"interactionType":"ENTER_TEXT"}]}
RESULT: {"script":"<script> [776 bytes]","args":[{"enterText":"Rosario","selector":{"id":"application-managepartners-display-component---NewPartner--addressDetailDetailsCity1","interaction":{"idSuffix":"inner"}},"clearTextFirst":true,"interactionType":"ENTER_TEXT"}]}
COMMAND: POST /session/a0fa65e418457f6e1528b16bc1e26f2c/execute/async - {"script":"<script> [1562 bytes]","args":[{"selector":{"id":"application-managepartners-display-component---NewPartner--addressDetailDetailsCountry-arrow"},"wdio_ui5_key":"applicationmanagepartners-display-component---NewPartner--addressDetailDetailsCountry-arrow"}]}
RESULT: {"script":"<script> [1562 bytes]","args":[{"selector":{"id":"application-managepartners-display-component---NewPartner--addressDetailDetailsCountry-arrow"},"wdio_ui5_key":"applicationmanagepartners-display-component---NewPartner--addressDetailDetailsCountry-arrow"}]}
RESULT: undefined
COMMAND: POST /session/a0fa65e418457f6e1528b16bc1e26f2c/element - {"using":"xpath","value":"//*[@id=\"application-managepartners-display-component---NewPartner--addressDetailDetailsCountry-arrow\"]"}
RESULT: {"using":"xpath","value":"//*[@id=\"application-managepartners-display-component---NewPartner--addressDetailDetailsCountry-arrow\"]"}
COMMAND: POST /session/a0fa65e418457f6e1528b16bc1e26f2c/element/f.6300CB9FC90E916FB2ACF31257920715.d.CFD81A69ECB52A89A4834B5CD9192FD5.e.11929/click - {}
RESULT: {}
COMMAND: POST /session/a0fa65e418457f6e1528b16bc1e26f2c/element - {"using":"xpath","value":"//span[contains(text(), \"Argentina\")]"}
COMMAND: GET /session/a0fa65e418457f6e1528b16bc1e26f2c/screenshot - {}
RESULT: {"using":"xpath","value":"//span[contains(text(), \"Argentina\")]"}
COMMAND: POST /session/a0fa65e418457f6e1528b16bc1e26f2c/element/f.6300CB9FC90E916FB2ACF31257920715.d.CFD81A69ECB52A89A4834B5CD9192FD5.e.11945/click - {}
RESULT: {}
RESULT: {}
COMMAND: GET /session/a0fa65e418457f6e1528b16bc1e26f2c/screenshot - {}
RESULT: {}
COMMAND: POST /session/a0fa65e418457f6e1528b16bc1e26f2c/element - {"using":"xpath","value":"//bdi[contains(text(), \"Commercial\")]"}
RESULT: {"using":"xpath","value":"//bdi[contains(text(), \"Commercial\")]"}
COMMAND: POST /session/a0fa65e418457f6e1528b16bc1e26f2c/element/f.6300CB9FC90E916FB2ACF31257920715.d.CFD81A69ECB52A89A4834B5CD9192FD5.e.11946/click - {}
RESULT: {}
COMMAND: GET /session/a0fa65e418457f6e1528b16bc1e26f2c/screenshot - {}
RESULT: {}
COMMAND: POST /session/a0fa65e418457f6e1528b16bc1e26f2c/execute/async - {"script":"<script> [1562 bytes]","args":[{"selector":{"id":"application-managepartners-display-component---NewPartner--partnerDetailInternal-arrow"},"wdio_ui5_key":"applicationmanagepartners-display-component---NewPartner--partnerDetailInternal-arrow"}]}
RESULT: {"script":"<script> [1562 bytes]","args":[{"selector":{"id":"application-managepartners-display-component---NewPartner--partnerDetailInternal-arrow"},"wdio_ui5_key":"applicationmanagepartners-display-component---NewPartner--partnerDetailInternal-arrow"}]}
RESULT: undefined
COMMAND: POST /session/a0fa65e418457f6e1528b16bc1e26f2c/element - {"using":"xpath","value":"//*[@id=\"application-managepartners-display-component---NewPartner--partnerDetailInternal-arrow\"]"}
RESULT: {"using":"xpath","value":"//*[@id=\"application-managepartners-display-component---NewPartner--partnerDetailInternal-arrow\"]"}
COMMAND: POST /session/a0fa65e418457f6e1528b16bc1e26f2c/element/f.6300CB9FC90E916FB2ACF31257920715.d.CFD81A69ECB52A89A4834B5CD9192FD5.e.11952/click - {}
RESULT: {}
COMMAND: POST /session/a0fa65e418457f6e1528b16bc1e26f2c/element - {"using":"xpath","value":"//span[contains(text(), \"External partner\")]"}
COMMAND: GET /session/a0fa65e418457f6e1528b16bc1e26f2c/screenshot - {}
RESULT: {"using":"xpath","value":"//span[contains(text(), \"External partner\")]"}
COMMAND: POST /session/a0fa65e418457f6e1528b16bc1e26f2c/element/f.6300CB9FC90E916FB2ACF31257920715.d.CFD81A69ECB52A89A4834B5CD9192FD5.e.11955/click - {}
RESULT: {}
RESULT: {}
COMMAND: POST /session/a0fa65e418457f6e1528b16bc1e26f2c/execute/async - {"script":"<script> [1562 bytes]","args":[{"selector":{"id":"application-managepartners-display-component---NewPartner--partnerDetailsCurrency-arrow"},"wdio_ui5_key":"applicationmanagepartners-display-component---NewPartner--partnerDetailsCurrency-arrow"}]}
COMMAND: GET /session/a0fa65e418457f6e1528b16bc1e26f2c/screenshot - {}
RESULT: {"script":"<script> [1562 bytes]","args":[{"selector":{"id":"application-managepartners-display-component---NewPartner--partnerDetailsCurrency-arrow"},"wdio_ui5_key":"applicationmanagepartners-display-component---NewPartner--partnerDetailsCurrency-arrow"}]}
RESULT: undefined
COMMAND: POST /session/a0fa65e418457f6e1528b16bc1e26f2c/element - {"using":"xpath","value":"//*[@id=\"application-managepartners-display-component---NewPartner--partnerDetailsCurrency-arrow\"]"}
RESULT: {}
RESULT: {"using":"xpath","value":"//*[@id=\"application-managepartners-display-component---NewPartner--partnerDetailsCurrency-arrow\"]"}
COMMAND: POST /session/a0fa65e418457f6e1528b16bc1e26f2c/element/f.6300CB9FC90E916FB2ACF31257920715.d.CFD81A69ECB52A89A4834B5CD9192FD5.e.11960/click - {}
RESULT: {}
COMMAND: POST /session/a0fa65e418457f6e1528b16bc1e26f2c/element - {"using":"xpath","value":"//span[contains(text(), \"US Dollar\")]"}
COMMAND: GET /session/a0fa65e418457f6e1528b16bc1e26f2c/screenshot - {}
RESULT: {"using":"xpath","value":"//span[contains(text(), \"US Dollar\")]"}
COMMAND: POST /session/a0fa65e418457f6e1528b16bc1e26f2c/element/f.6300CB9FC90E916FB2ACF31257920715.d.CFD81A69ECB52A89A4834B5CD9192FD5.e.11961/click - {}
RESULT: {}
RESULT: {}
COMMAND: GET /session/a0fa65e418457f6e1528b16bc1e26f2c/screenshot - {}
RESULT: {}
COMMAND: POST /session/a0fa65e418457f6e1528b16bc1e26f2c/element - {"using":"xpath","value":"//input[@id=\"application-managepartners-display-component---NewPartner--companyCodeComboBox-inner\"]"}
RESULT: {"using":"xpath","value":"//input[@id=\"application-managepartners-display-component---NewPartner--companyCodeComboBox-inner\"]"}
COMMAND: POST /session/a0fa65e418457f6e1528b16bc1e26f2c/element/f.6300CB9FC90E916FB2ACF31257920715.d.CFD81A69ECB52A89A4834B5CD9192FD5.e.11809/clear - {}
RESULT: {}
COMMAND: POST /session/a0fa65e418457f6e1528b16bc1e26f2c/element/f.6300CB9FC90E916FB2ACF31257920715.d.CFD81A69ECB52A89A4834B5CD9192FD5.e.11809/value - {"text":"C002"}
COMMAND: GET /session/a0fa65e418457f6e1528b16bc1e26f2c/screenshot - {}
RESULT: {"text":"C002"}
COMMAND: GET /session/a0fa65e418457f6e1528b16bc1e26f2c/screenshot - {}
RESULT: {}
RESULT: {}
COMMAND: POST /session/a0fa65e418457f6e1528b16bc1e26f2c/element - {"using":"xpath","value":"//li[.//span[text()= \"C002\"]]"}
RESULT: {"using":"xpath","value":"//li[.//span[text()= \"C002\"]]"}
COMMAND: POST /session/a0fa65e418457f6e1528b16bc1e26f2c/element/f.6300CB9FC90E916FB2ACF31257920715.d.CFD81A69ECB52A89A4834B5CD9192FD5.e.11965/click - {}
RESULT: {}
COMMAND: GET /session/a0fa65e418457f6e1528b16bc1e26f2c/screenshot - {}
RESULT: {}
COMMAND: POST /session/a0fa65e418457f6e1528b16bc1e26f2c/execute/async - {"script":"<script> [1562 bytes]","args":[{"selector":{"id":"application-managepartners-display-component---NewPartner--btnAddTableRow-img"},"wdio_ui5_key":"applicationmanagepartners-display-component---NewPartner--btnAddTableRow-img"}]}
RESULT: {"script":"<script> [1562 bytes]","args":[{"selector":{"id":"application-managepartners-display-component---NewPartner--btnAddTableRow-img"},"wdio_ui5_key":"applicationmanagepartners-display-component---NewPartner--btnAddTableRow-img"}]}
RESULT: undefined
COMMAND: POST /session/a0fa65e418457f6e1528b16bc1e26f2c/element - {"using":"xpath","value":"//*[@id=\"application-managepartners-display-component---NewPartner--btnAddTableRow-img\"]"}
RESULT: {"using":"xpath","value":"//*[@id=\"application-managepartners-display-component---NewPartner--btnAddTableRow-img\"]"}
COMMAND: POST /session/a0fa65e418457f6e1528b16bc1e26f2c/element/f.6300CB9FC90E916FB2ACF31257920715.d.CFD81A69ECB52A89A4834B5CD9192FD5.e.11966/click - {}
RESULT: {}
COMMAND: GET /session/a0fa65e418457f6e1528b16bc1e26f2c/screenshot - {}
RESULT: {}
COMMAND: POST /session/a0fa65e418457f6e1528b16bc1e26f2c/element - {"using":"xpath","value":"//input[@id=\"application-managepartners-display-component---NewPartner--assignmentYard-application-managepartners-display-component---NewPartner--assignmentsTable-0-inner\"]"}
RESULT: {"using":"xpath","value":"//input[@id=\"application-managepartners-display-component---NewPartner--assignmentYard-application-managepartners-display-component---NewPartner--assignmentsTable-0-inner\"]"}
COMMAND: POST /session/a0fa65e418457f6e1528b16bc1e26f2c/element/f.6300CB9FC90E916FB2ACF31257920715.d.CFD81A69ECB52A89A4834B5CD9192FD5.e.11969/clear - {}
RESULT: {}
COMMAND: POST /session/a0fa65e418457f6e1528b16bc1e26f2c/element/f.6300CB9FC90E916FB2ACF31257920715.d.CFD81A69ECB52A89A4834B5CD9192FD5.e.11969/value - {"text":"500"}
COMMAND: GET /session/a0fa65e418457f6e1528b16bc1e26f2c/screenshot - {}
RESULT: {"text":"500"}
COMMAND: GET /session/a0fa65e418457f6e1528b16bc1e26f2c/screenshot - {}
RESULT: {}
RESULT: {}
COMMAND: POST /session/a0fa65e418457f6e1528b16bc1e26f2c/element - {"using":"xpath","value":"//li[.//span[text()='500']]"}
RESULT: {"using":"xpath","value":"//li[.//span[text()='500']]"}
COMMAND: POST /session/a0fa65e418457f6e1528b16bc1e26f2c/element/f.6300CB9FC90E916FB2ACF31257920715.d.CFD81A69ECB52A89A4834B5CD9192FD5.e.11977/click - {}
RESULT: {}
COMMAND: GET /session/a0fa65e418457f6e1528b16bc1e26f2c/screenshot - {}
RESULT: {}
COMMAND: POST /session/a0fa65e418457f6e1528b16bc1e26f2c/actions - {"actions":[{"id":"action41","type":"key","parameters":{},"actions":[{"type":"keyDown","value":"î€‡"},{"type":"pause","duration":10},{"type":"keyUp","value":"î€‡"}]}]}
RESULT: {"actions":[{"id":"action41","type":"key","parameters":{},"actions":[{"type":"keyDown","value":"î€‡"},{"type":"pause","duration":10},{"type":"keyUp","value":"î€‡"}]}]}
COMMAND: POST /session/a0fa65e418457f6e1528b16bc1e26f2c/element - {"using":"xpath","value":"//td[contains(@id, \"assignmentsTable-0-cell2\")]/div/div"}
COMMAND: GET /session/a0fa65e418457f6e1528b16bc1e26f2c/screenshot - {}
RESULT: {"using":"xpath","value":"//td[contains(@id, \"assignmentsTable-0-cell2\")]/div/div"}
COMMAND: POST /session/a0fa65e418457f6e1528b16bc1e26f2c/element/f.6300CB9FC90E916FB2ACF31257920715.d.CFD81A69ECB52A89A4834B5CD9192FD5.e.11980/click - {}
RESULT: {}
RESULT: {}
COMMAND: GET /session/a0fa65e418457f6e1528b16bc1e26f2c/screenshot - {}
RESULT: {}
COMMAND: POST /session/a0fa65e418457f6e1528b16bc1e26f2c/element - {"using":"xpath","value":"//button[@data-kt=\"saveButton\"]"}
RESULT: {"using":"xpath","value":"//button[@data-kt=\"saveButton\"]"}
COMMAND: POST /session/a0fa65e418457f6e1528b16bc1e26f2c/element/f.6300CB9FC90E916FB2ACF31257920715.d.CFD81A69ECB52A89A4834B5CD9192FD5.e.11834/click - {}
RESULT: {}
COMMAND: GET /session/a0fa65e418457f6e1528b16bc1e26f2c/screenshot - {}
RESULT: {}
COMMAND: POST /session/a0fa65e418457f6e1528b16bc1e26f2c/element - {"using":"xpath","value":"//header[contains(@id, 'ObjectPageLayout-headerTitle')]/div[1]/div[2]/div[2]/span[1]"}
RESULT: {"using":"xpath","value":"//header[contains(@id, 'ObjectPageLayout-headerTitle')]/div[1]/div[2]/div[2]/span[1]"}
COMMAND: POST /session/a0fa65e418457f6e1528b16bc1e26f2c/elements - {"using":"xpath","value":"//header[contains(@id, 'ObjectPageLayout-headerTitle')]/div[1]/div[2]/div[2]/span[1]"}
RESULT: {"using":"xpath","value":"//header[contains(@id, 'ObjectPageLayout-headerTitle')]/div[1]/div[2]/div[2]/span[1]"}
COMMAND: POST /session/a0fa65e418457f6e1528b16bc1e26f2c/execute/sync - {"script":"<script> [56 bytes]","args":[{"element-6066-11e4-a52e-4f735466cecf":"f.6300CB9FC90E916FB2ACF31257920715.d.CFD81A69ECB52A89A4834B5CD9192FD5.e.12141","ELEMENT":"f.6300CB9FC90E916FB2ACF31257920715.d.CFD81A69ECB52A89A4834B5CD9192FD5.e.12141"}]}
RESULT: {"script":"<script> [56 bytes]","args":[{"element-6066-11e4-a52e-4f735466cecf":"f.6300CB9FC90E916FB2ACF31257920715.d.CFD81A69ECB52A89A4834B5CD9192FD5.e.12141","ELEMENT":"f.6300CB9FC90E916FB2ACF31257920715.d.CFD81A69ECB52A89A4834B5CD9192FD5.e.12141"}]}
COMMAND: POST /session/a0fa65e418457f6e1528b16bc1e26f2c/element - {"using":"css selector","value":"#shell-header-logo"}
COMMAND: GET /session/a0fa65e418457f6e1528b16bc1e26f2c/screenshot - {}
RESULT: {"using":"css selector","value":"#shell-header-logo"}
COMMAND: POST /session/a0fa65e418457f6e1528b16bc1e26f2c/element/f.6300CB9FC90E916FB2ACF31257920715.d.CFD81A69ECB52A89A4834B5CD9192FD5.e.11455/click - {}
RESULT: {}
RESULT: {}
COMMAND: GET /session/a0fa65e418457f6e1528b16bc1e26f2c/screenshot - {}
RESULT: {}
COMMAND: POST /session/a0fa65e418457f6e1528b16bc1e26f2c/execute/sync - {"script":"<script> [299 bytes]","args":[["getModel","getResource"]]}
RESULT: {"script":"<script> [299 bytes]","args":[["getModel","getResource"]]}
COMMAND: GET /session/a0fa65e418457f6e1528b16bc1e26f2c/screenshot - {}
]]></system-out>
    </testcase>
    <testcase classname="chrome.136_0_7103_93.windows.Provide_to_Site_w/o_warehouse_management_w/_clarification_US116605" name="Should create a new site" time="90.203">
      <system-out><![CDATA[
COMMAND: POST /session/a0fa65e418457f6e1528b16bc1e26f2c/execute/async - {"script":"<script> [1562 bytes]","args":[{"selector":{"controlType":"sap.m.GenericTile","properties":{"header":"Manage Sites"}},"wdio_ui5_key":"sapm.GenericTile{\"header\":\"Manage Sites\"}"}]}
RESULT: {}
RESULT: {"script":"<script> [1562 bytes]","args":[{"selector":{"controlType":"sap.m.GenericTile","properties":{"header":"Manage Sites"}},"wdio_ui5_key":"sapm.GenericTile{\"header\":\"Manage Sites\"}"}]}
RESULT: undefined
COMMAND: POST /session/a0fa65e418457f6e1528b16bc1e26f2c/element - {"using":"xpath","value":"//*[@id=\"__tile32\"]"}
RESULT: {"using":"xpath","value":"//*[@id=\"__tile32\"]"}
COMMAND: POST /session/a0fa65e418457f6e1528b16bc1e26f2c/element/f.6300CB9FC90E916FB2ACF31257920715.d.CFD81A69ECB52A89A4834B5CD9192FD5.e.10587/click - {}
RESULT: {}
COMMAND: GET /session/a0fa65e418457f6e1528b16bc1e26f2c/screenshot - {}
RESULT: {}
COMMAND: POST /session/a0fa65e418457f6e1528b16bc1e26f2c/elements - {"using":"xpath","value":"//span[text()='Error']"}
RESULT: {"using":"xpath","value":"//span[text()='Error']"}
COMMAND: POST /session/a0fa65e418457f6e1528b16bc1e26f2c/element - {"using":"xpath","value":"//button[@data-kt=\"addOverflowToolbarButton\"]"}
RESULT: {"using":"xpath","value":"//button[@data-kt=\"addOverflowToolbarButton\"]"}
COMMAND: POST /session/a0fa65e418457f6e1528b16bc1e26f2c/elements - {"using":"xpath","value":"//button[@data-kt=\"addOverflowToolbarButton\"]"}
RESULT: {"using":"xpath","value":"//button[@data-kt=\"addOverflowToolbarButton\"]"}
COMMAND: POST /session/a0fa65e418457f6e1528b16bc1e26f2c/execute/sync - {"script":"<script> [8489 bytes]","args":[{"element-6066-11e4-a52e-4f735466cecf":"f.6300CB9FC90E916FB2ACF31257920715.d.CFD81A69ECB52A89A4834B5CD9192FD5.e.12187","ELEMENT":"f.6300CB9FC90E916FB2ACF31257920715.d.CFD81A69ECB52A89A4834B5CD9192FD5.e.12187"}]}
RESULT: {"script":"<script> [8489 bytes]","args":[{"element-6066-11e4-a52e-4f735466cecf":"f.6300CB9FC90E916FB2ACF31257920715.d.CFD81A69ECB52A89A4834B5CD9192FD5.e.12187","ELEMENT":"f.6300CB9FC90E916FB2ACF31257920715.d.CFD81A69ECB52A89A4834B5CD9192FD5.e.12187"}]}
COMMAND: GET /session/a0fa65e418457f6e1528b16bc1e26f2c/element/f.6300CB9FC90E916FB2ACF31257920715.d.CFD81A69ECB52A89A4834B5CD9192FD5.e.12187/enabled - {}
COMMAND: GET /session/a0fa65e418457f6e1528b16bc1e26f2c/screenshot - {}
RESULT: {}
COMMAND: POST /session/a0fa65e418457f6e1528b16bc1e26f2c/execute/sync - {"script":"<script> [8489 bytes]","args":[{"element-6066-11e4-a52e-4f735466cecf":"f.6300CB9FC90E916FB2ACF31257920715.d.CFD81A69ECB52A89A4834B5CD9192FD5.e.12187","ELEMENT":"f.6300CB9FC90E916FB2ACF31257920715.d.CFD81A69ECB52A89A4834B5CD9192FD5.e.12187"}]}
COMMAND: GET /session/a0fa65e418457f6e1528b16bc1e26f2c/screenshot - {}
RESULT: {}
RESULT: {"script":"<script> [8489 bytes]","args":[{"element-6066-11e4-a52e-4f735466cecf":"f.6300CB9FC90E916FB2ACF31257920715.d.CFD81A69ECB52A89A4834B5CD9192FD5.e.12187","ELEMENT":"f.6300CB9FC90E916FB2ACF31257920715.d.CFD81A69ECB52A89A4834B5CD9192FD5.e.12187"}]}
COMMAND: POST /session/a0fa65e418457f6e1528b16bc1e26f2c/execute/sync - {"script":"<script> [5351 bytes]","args":[{"element-6066-11e4-a52e-4f735466cecf":"f.6300CB9FC90E916FB2ACF31257920715.d.CFD81A69ECB52A89A4834B5CD9192FD5.e.12187","ELEMENT":"f.6300CB9FC90E916FB2ACF31257920715.d.CFD81A69ECB52A89A4834B5CD9192FD5.e.12187"}]}
COMMAND: GET /session/a0fa65e418457f6e1528b16bc1e26f2c/screenshot - {}
RESULT: {}
RESULT: {"script":"<script> [5351 bytes]","args":[{"element-6066-11e4-a52e-4f735466cecf":"f.6300CB9FC90E916FB2ACF31257920715.d.CFD81A69ECB52A89A4834B5CD9192FD5.e.12187","ELEMENT":"f.6300CB9FC90E916FB2ACF31257920715.d.CFD81A69ECB52A89A4834B5CD9192FD5.e.12187"}]}
COMMAND: POST /session/a0fa65e418457f6e1528b16bc1e26f2c/element/f.6300CB9FC90E916FB2ACF31257920715.d.CFD81A69ECB52A89A4834B5CD9192FD5.e.12187/click - {}
COMMAND: GET /session/a0fa65e418457f6e1528b16bc1e26f2c/screenshot - {}
RESULT: {}
RESULT: {}
COMMAND: GET /session/a0fa65e418457f6e1528b16bc1e26f2c/screenshot - {}
RESULT: {}
COMMAND: POST /session/a0fa65e418457f6e1528b16bc1e26f2c/element - {"using":"xpath","value":"//input[@id=\"application-managesites-display-component---NewSite--siteId-inner\"]"}
RESULT: {}
RESULT: {"using":"xpath","value":"//input[@id=\"application-managesites-display-component---NewSite--siteId-inner\"]"}
COMMAND: POST /session/a0fa65e418457f6e1528b16bc1e26f2c/element - {"using":"xpath","value":"//input[@id=\"application-managesites-display-component---NewSite--siteId-inner\"]"}
RESULT: {"using":"xpath","value":"//input[@id=\"application-managesites-display-component---NewSite--siteId-inner\"]"}
COMMAND: POST /session/a0fa65e418457f6e1528b16bc1e26f2c/execute/async - {"script":"<script> [1562 bytes]","args":[{"selector":{"id":"application-managesites-display-component---NewSite--addressDetailDetailsName1","interaction":{"idSuffix":"inner"}},"wdio_ui5_key":"applicationmanagesites-display-component---NewSite--addressDetailDetailsName1"}]}
RESULT: {"script":"<script> [1562 bytes]","args":[{"selector":{"id":"application-managesites-display-component---NewSite--addressDetailDetailsName1","interaction":{"idSuffix":"inner"}},"wdio_ui5_key":"applicationmanagesites-display-component---NewSite--addressDetailDetailsName1"}]}
RESULT: undefined
COMMAND: POST /session/a0fa65e418457f6e1528b16bc1e26f2c/execute/async - {"script":"<script> [776 bytes]","args":[{"enterText":"Other Type Site WDIO","selector":{"id":"application-managesites-display-component---NewSite--addressDetailDetailsName1","interaction":{"idSuffix":"inner"}},"clearTextFirst":true,"interactionType":"ENTER_TEXT"}]}
RESULT: {"script":"<script> [776 bytes]","args":[{"enterText":"Other Type Site WDIO","selector":{"id":"application-managesites-display-component---NewSite--addressDetailDetailsName1","interaction":{"idSuffix":"inner"}},"clearTextFirst":true,"interactionType":"ENTER_TEXT"}]}
COMMAND: POST /session/a0fa65e418457f6e1528b16bc1e26f2c/execute/async - {"script":"<script> [1562 bytes]","args":[{"selector":{"id":"application-managesites-display-component---NewSite--addressDetailDetailsLanguage-arrow"},"wdio_ui5_key":"applicationmanagesites-display-component---NewSite--addressDetailDetailsLanguage-arrow"}]}
RESULT: {"script":"<script> [1562 bytes]","args":[{"selector":{"id":"application-managesites-display-component---NewSite--addressDetailDetailsLanguage-arrow"},"wdio_ui5_key":"applicationmanagesites-display-component---NewSite--addressDetailDetailsLanguage-arrow"}]}
RESULT: undefined
COMMAND: POST /session/a0fa65e418457f6e1528b16bc1e26f2c/element - {"using":"xpath","value":"//*[@id=\"application-managesites-display-component---NewSite--addressDetailDetailsLanguage-arrow\"]"}
RESULT: {"using":"xpath","value":"//*[@id=\"application-managesites-display-component---NewSite--addressDetailDetailsLanguage-arrow\"]"}
COMMAND: POST /session/a0fa65e418457f6e1528b16bc1e26f2c/element/f.6300CB9FC90E916FB2ACF31257920715.d.CFD81A69ECB52A89A4834B5CD9192FD5.e.12808/click - {}
RESULT: {}
COMMAND: POST /session/a0fa65e418457f6e1528b16bc1e26f2c/element - {"using":"xpath","value":"//span[contains(text(), \"English\")]"}
COMMAND: GET /session/a0fa65e418457f6e1528b16bc1e26f2c/screenshot - {}
RESULT: {"using":"xpath","value":"//span[contains(text(), \"English\")]"}
COMMAND: POST /session/a0fa65e418457f6e1528b16bc1e26f2c/element/f.6300CB9FC90E916FB2ACF31257920715.d.CFD81A69ECB52A89A4834B5CD9192FD5.e.12809/click - {}
RESULT: {}
RESULT: {}
COMMAND: POST /session/a0fa65e418457f6e1528b16bc1e26f2c/execute/async - {"script":"<script> [1562 bytes]","args":[{"selector":{"id":"application-managesites-display-component---NewSite--addressDetailDetailsCity1","interaction":{"idSuffix":"inner"}},"wdio_ui5_key":"applicationmanagesites-display-component---NewSite--addressDetailDetailsCity1"}]}
COMMAND: GET /session/a0fa65e418457f6e1528b16bc1e26f2c/screenshot - {}
RESULT: {"script":"<script> [1562 bytes]","args":[{"selector":{"id":"application-managesites-display-component---NewSite--addressDetailDetailsCity1","interaction":{"idSuffix":"inner"}},"wdio_ui5_key":"applicationmanagesites-display-component---NewSite--addressDetailDetailsCity1"}]}
RESULT: undefined
COMMAND: POST /session/a0fa65e418457f6e1528b16bc1e26f2c/execute/async - {"script":"<script> [776 bytes]","args":[{"enterText":"Rosario","selector":{"id":"application-managesites-display-component---NewSite--addressDetailDetailsCity1","interaction":{"idSuffix":"inner"}},"clearTextFirst":true,"interactionType":"ENTER_TEXT"}]}
RESULT: {}
RESULT: {"script":"<script> [776 bytes]","args":[{"enterText":"Rosario","selector":{"id":"application-managesites-display-component---NewSite--addressDetailDetailsCity1","interaction":{"idSuffix":"inner"}},"clearTextFirst":true,"interactionType":"ENTER_TEXT"}]}
COMMAND: POST /session/a0fa65e418457f6e1528b16bc1e26f2c/execute/async - {"script":"<script> [1562 bytes]","args":[{"selector":{"id":"application-managesites-display-component---NewSite--addressDetailDetailsCountry-arrow"},"wdio_ui5_key":"applicationmanagesites-display-component---NewSite--addressDetailDetailsCountry-arrow"}]}
RESULT: {"script":"<script> [1562 bytes]","args":[{"selector":{"id":"application-managesites-display-component---NewSite--addressDetailDetailsCountry-arrow"},"wdio_ui5_key":"applicationmanagesites-display-component---NewSite--addressDetailDetailsCountry-arrow"}]}
RESULT: undefined
COMMAND: POST /session/a0fa65e418457f6e1528b16bc1e26f2c/element - {"using":"xpath","value":"//*[@id=\"application-managesites-display-component---NewSite--addressDetailDetailsCountry-arrow\"]"}
RESULT: {"using":"xpath","value":"//*[@id=\"application-managesites-display-component---NewSite--addressDetailDetailsCountry-arrow\"]"}
COMMAND: POST /session/a0fa65e418457f6e1528b16bc1e26f2c/element/f.6300CB9FC90E916FB2ACF31257920715.d.CFD81A69ECB52A89A4834B5CD9192FD5.e.12811/click - {}
RESULT: {}
COMMAND: POST /session/a0fa65e418457f6e1528b16bc1e26f2c/element - {"using":"xpath","value":"//span[contains(text(), \"Argentina\")]"}
COMMAND: GET /session/a0fa65e418457f6e1528b16bc1e26f2c/screenshot - {}
RESULT: {"using":"xpath","value":"//span[contains(text(), \"Argentina\")]"}
COMMAND: POST /session/a0fa65e418457f6e1528b16bc1e26f2c/element/f.6300CB9FC90E916FB2ACF31257920715.d.CFD81A69ECB52A89A4834B5CD9192FD5.e.12812/click - {}
RESULT: {}
RESULT: {}
COMMAND: GET /session/a0fa65e418457f6e1528b16bc1e26f2c/screenshot - {}
RESULT: {}
COMMAND: POST /session/a0fa65e418457f6e1528b16bc1e26f2c/execute/async - {"script":"<script> [1562 bytes]","args":[{"selector":{"id":"application-managesites-display-component---NewSite--addressEditDetailsCostObjectCstType-arrow"},"wdio_ui5_key":"applicationmanagesites-display-component---NewSite--addressEditDetailsCostObjectCstType-arrow"}]}
RESULT: {"script":"<script> [1562 bytes]","args":[{"selector":{"id":"application-managesites-display-component---NewSite--addressEditDetailsCostObjectCstType-arrow"},"wdio_ui5_key":"applicationmanagesites-display-component---NewSite--addressEditDetailsCostObjectCstType-arrow"}]}
RESULT: undefined
COMMAND: POST /session/a0fa65e418457f6e1528b16bc1e26f2c/element - {"using":"xpath","value":"//*[@id=\"application-managesites-display-component---NewSite--addressEditDetailsCostObjectCstType-arrow\"]"}
RESULT: {"using":"xpath","value":"//*[@id=\"application-managesites-display-component---NewSite--addressEditDetailsCostObjectCstType-arrow\"]"}
COMMAND: POST /session/a0fa65e418457f6e1528b16bc1e26f2c/element/f.6300CB9FC90E916FB2ACF31257920715.d.CFD81A69ECB52A89A4834B5CD9192FD5.e.12814/click - {}
RESULT: {}
COMMAND: POST /session/a0fa65e418457f6e1528b16bc1e26f2c/element - {"using":"xpath","value":"//span[contains(text(), \"Cost Center\")]"}
COMMAND: GET /session/a0fa65e418457f6e1528b16bc1e26f2c/screenshot - {}
RESULT: {"using":"xpath","value":"//span[contains(text(), \"Cost Center\")]"}
COMMAND: POST /session/a0fa65e418457f6e1528b16bc1e26f2c/element/f.6300CB9FC90E916FB2ACF31257920715.d.CFD81A69ECB52A89A4834B5CD9192FD5.e.12815/click - {}
RESULT: {}
RESULT: {}
COMMAND: GET /session/a0fa65e418457f6e1528b16bc1e26f2c/screenshot - {}
RESULT: {}
COMMAND: POST /session/a0fa65e418457f6e1528b16bc1e26f2c/element - {"using":"xpath","value":"//span[@id=\"application-managesites-display-component---NewSite--addressNewCostObjectCstID-vhi\"]"}
RESULT: {"using":"xpath","value":"//span[@id=\"application-managesites-display-component---NewSite--addressNewCostObjectCstID-vhi\"]"}
COMMAND: POST /session/a0fa65e418457f6e1528b16bc1e26f2c/execute/sync - {"script":"<script> [8489 bytes]","args":[{"element-6066-11e4-a52e-4f735466cecf":"f.6300CB9FC90E916FB2ACF31257920715.d.CFD81A69ECB52A89A4834B5CD9192FD5.e.12820","ELEMENT":"f.6300CB9FC90E916FB2ACF31257920715.d.CFD81A69ECB52A89A4834B5CD9192FD5.e.12820"}]}
RESULT: {"script":"<script> [8489 bytes]","args":[{"element-6066-11e4-a52e-4f735466cecf":"f.6300CB9FC90E916FB2ACF31257920715.d.CFD81A69ECB52A89A4834B5CD9192FD5.e.12820","ELEMENT":"f.6300CB9FC90E916FB2ACF31257920715.d.CFD81A69ECB52A89A4834B5CD9192FD5.e.12820"}]}
COMMAND: POST /session/a0fa65e418457f6e1528b16bc1e26f2c/execute/async - {"script":"<script> [1562 bytes]","args":[{"selector":{"id":"application-managesites-display-component---NewSite--addressNewCostObjectCstID-vhi"},"wdio_ui5_key":"applicationmanagesites-display-component---NewSite--addressNewCostObjectCstID-vhi"}]}
COMMAND: GET /session/a0fa65e418457f6e1528b16bc1e26f2c/screenshot - {}
RESULT: {"script":"<script> [1562 bytes]","args":[{"selector":{"id":"application-managesites-display-component---NewSite--addressNewCostObjectCstID-vhi"},"wdio_ui5_key":"applicationmanagesites-display-component---NewSite--addressNewCostObjectCstID-vhi"}]}
RESULT: undefined
COMMAND: POST /session/a0fa65e418457f6e1528b16bc1e26f2c/element - {"using":"xpath","value":"//*[@id=\"application-managesites-display-component---NewSite--addressNewCostObjectCstID-vhi\"]"}
RESULT: {}
RESULT: {"using":"xpath","value":"//*[@id=\"application-managesites-display-component---NewSite--addressNewCostObjectCstID-vhi\"]"}
COMMAND: POST /session/a0fa65e418457f6e1528b16bc1e26f2c/element/f.6300CB9FC90E916FB2ACF31257920715.d.CFD81A69ECB52A89A4834B5CD9192FD5.e.12820/click - {}
RESULT: {}
COMMAND: GET /session/a0fa65e418457f6e1528b16bc1e26f2c/screenshot - {}
RESULT: {}
RESULT: undefined
COMMAND: POST /session/a0fa65e418457f6e1528b16bc1e26f2c/execute/async - {"script":"<script> [776 bytes]","args":[{"enterText":"10001013","selector":{"controlType":"sap.m.SearchField","properties":{"placeholder":"Search"},"searchOpenDialogs":true,"interaction":{"idSuffix":"I"}},"clearTextFirst":true,"interactionType":"ENTER_TEXT"}]}
RESULT: {"script":"<script> [776 bytes]","args":[{"enterText":"10001013","selector":{"controlType":"sap.m.SearchField","properties":{"placeholder":"Search"},"searchOpenDialogs":true,"interaction":{"idSuffix":"I"}},"clearTextFirst":true,"interactionType":"ENTER_TEXT"}]}
COMMAND: POST /session/a0fa65e418457f6e1528b16bc1e26f2c/actions - {"actions":[{"id":"action42","type":"key","parameters":{},"actions":[{"type":"keyDown","value":"î€‡"},{"type":"pause","duration":10},{"type":"keyUp","value":"î€‡"}]}]}
RESULT: {"actions":[{"id":"action42","type":"key","parameters":{},"actions":[{"type":"keyDown","value":"î€‡"},{"type":"pause","duration":10},{"type":"keyUp","value":"î€‡"}]}]}
COMMAND: GET /session/a0fa65e418457f6e1528b16bc1e26f2c/screenshot - {}
RESULT: {}
COMMAND: POST /session/a0fa65e418457f6e1528b16bc1e26f2c/element - {"using":"xpath","value":"//span[contains(text(), \"General Management\")]"}
RESULT: {"using":"xpath","value":"//span[contains(text(), \"General Management\")]"}
COMMAND: POST /session/a0fa65e418457f6e1528b16bc1e26f2c/element/f.6300CB9FC90E916FB2ACF31257920715.d.CFD81A69ECB52A89A4834B5CD9192FD5.e.12859/click - {}
RESULT: {}
COMMAND: GET /session/a0fa65e418457f6e1528b16bc1e26f2c/screenshot - {}
RESULT: {}
COMMAND: POST /session/a0fa65e418457f6e1528b16bc1e26f2c/element - {"using":"xpath","value":"//bdi[contains(text(), \"OK\")]"}
RESULT: {"using":"xpath","value":"//bdi[contains(text(), \"OK\")]"}
COMMAND: POST /session/a0fa65e418457f6e1528b16bc1e26f2c/element/f.6300CB9FC90E916FB2ACF31257920715.d.CFD81A69ECB52A89A4834B5CD9192FD5.e.12860/click - {}
RESULT: {}
COMMAND: GET /session/a0fa65e418457f6e1528b16bc1e26f2c/screenshot - {}
RESULT: {}
COMMAND: POST /session/a0fa65e418457f6e1528b16bc1e26f2c/element - {"using":"xpath","value":"//input[@id=\"application-managesites-display-component---NewSite--addressDetailDetailsCalendar-inner\"]"}
RESULT: {"using":"xpath","value":"//input[@id=\"application-managesites-display-component---NewSite--addressDetailDetailsCalendar-inner\"]"}
COMMAND: POST /session/a0fa65e418457f6e1528b16bc1e26f2c/element/f.6300CB9FC90E916FB2ACF31257920715.d.CFD81A69ECB52A89A4834B5CD9192FD5.e.12606/clear - {}
RESULT: {}
COMMAND: POST /session/a0fa65e418457f6e1528b16bc1e26f2c/element/f.6300CB9FC90E916FB2ACF31257920715.d.CFD81A69ECB52A89A4834B5CD9192FD5.e.12606/value - {"text":"Unit"}
COMMAND: GET /session/a0fa65e418457f6e1528b16bc1e26f2c/screenshot - {}
RESULT: {"text":"Unit"}
COMMAND: GET /session/a0fa65e418457f6e1528b16bc1e26f2c/screenshot - {}
RESULT: {}
RESULT: {}
COMMAND: POST /session/a0fa65e418457f6e1528b16bc1e26f2c/actions - {"actions":[{"id":"action43","type":"key","parameters":{},"actions":[{"type":"keyDown","value":"î€‡"},{"type":"pause","duration":10},{"type":"keyUp","value":"î€‡"}]}]}
RESULT: {"actions":[{"id":"action43","type":"key","parameters":{},"actions":[{"type":"keyDown","value":"î€‡"},{"type":"pause","duration":10},{"type":"keyUp","value":"î€‡"}]}]}
COMMAND: POST /session/a0fa65e418457f6e1528b16bc1e26f2c/element - {"using":"xpath","value":"//input[@id=\"application-managesites-display-component---NewSite--addressDetailDetailsYard-inner\"]"}
COMMAND: GET /session/a0fa65e418457f6e1528b16bc1e26f2c/screenshot - {}
RESULT: {"using":"xpath","value":"//input[@id=\"application-managesites-display-component---NewSite--addressDetailDetailsYard-inner\"]"}
COMMAND: POST /session/a0fa65e418457f6e1528b16bc1e26f2c/element/f.6300CB9FC90E916FB2ACF31257920715.d.CFD81A69ECB52A89A4834B5CD9192FD5.e.12607/clear - {}
RESULT: {}
RESULT: {}
COMMAND: POST /session/a0fa65e418457f6e1528b16bc1e26f2c/element/f.6300CB9FC90E916FB2ACF31257920715.d.CFD81A69ECB52A89A4834B5CD9192FD5.e.12607/value - {"text":"500"}
COMMAND: GET /session/a0fa65e418457f6e1528b16bc1e26f2c/screenshot - {}
RESULT: {"text":"500"}
COMMAND: GET /session/a0fa65e418457f6e1528b16bc1e26f2c/screenshot - {}
RESULT: {}
RESULT: {}
COMMAND: POST /session/a0fa65e418457f6e1528b16bc1e26f2c/element - {"using":"xpath","value":"//li[.//span[text()='500']]"}
RESULT: {"using":"xpath","value":"//li[.//span[text()='500']]"}
COMMAND: POST /session/a0fa65e418457f6e1528b16bc1e26f2c/element/f.6300CB9FC90E916FB2ACF31257920715.d.CFD81A69ECB52A89A4834B5CD9192FD5.e.12868/click - {}
RESULT: {}
COMMAND: GET /session/a0fa65e418457f6e1528b16bc1e26f2c/screenshot - {}
RESULT: {}
COMMAND: POST /session/a0fa65e418457f6e1528b16bc1e26f2c/element - {"using":"xpath","value":"//input[@id=\"application-managesites-display-component---NewSite--addressDetailDetailsPartner-inner\"]"}
RESULT: {"using":"xpath","value":"//input[@id=\"application-managesites-display-component---NewSite--addressDetailDetailsPartner-inner\"]"}
COMMAND: POST /session/a0fa65e418457f6e1528b16bc1e26f2c/element - {"using":"xpath","value":"//input[@id=\"application-managesites-display-component---NewSite--addressDetailDetailsPartner-inner\"]"}
RESULT: {"using":"xpath","value":"//input[@id=\"application-managesites-display-component---NewSite--addressDetailDetailsPartner-inner\"]"}
COMMAND: POST /session/a0fa65e418457f6e1528b16bc1e26f2c/element - {"using":"xpath","value":"//button[@data-kt=\"saveButton\"]"}
RESULT: {"using":"xpath","value":"//button[@data-kt=\"saveButton\"]"}
COMMAND: POST /session/a0fa65e418457f6e1528b16bc1e26f2c/element/f.6300CB9FC90E916FB2ACF31257920715.d.CFD81A69ECB52A89A4834B5CD9192FD5.e.12746/click - {}
RESULT: {}
COMMAND: GET /session/a0fa65e418457f6e1528b16bc1e26f2c/screenshot - {}
RESULT: {}
COMMAND: POST /session/a0fa65e418457f6e1528b16bc1e26f2c/element - {"using":"xpath","value":"//header[contains(@id, 'ObjectPageLayout-headerTitle')]/div[1]/div[2]/div[2]/span[1]"}
RESULT: {"using":"xpath","value":"//header[contains(@id, 'ObjectPageLayout-headerTitle')]/div[1]/div[2]/div[2]/span[1]"}
COMMAND: POST /session/a0fa65e418457f6e1528b16bc1e26f2c/elements - {"using":"xpath","value":"//header[contains(@id, 'ObjectPageLayout-headerTitle')]/div[1]/div[2]/div[2]/span[1]"}
RESULT: {"using":"xpath","value":"//header[contains(@id, 'ObjectPageLayout-headerTitle')]/div[1]/div[2]/div[2]/span[1]"}
COMMAND: POST /session/a0fa65e418457f6e1528b16bc1e26f2c/execute/sync - {"script":"<script> [56 bytes]","args":[{"element-6066-11e4-a52e-4f735466cecf":"f.6300CB9FC90E916FB2ACF31257920715.d.CFD81A69ECB52A89A4834B5CD9192FD5.e.13072","ELEMENT":"f.6300CB9FC90E916FB2ACF31257920715.d.CFD81A69ECB52A89A4834B5CD9192FD5.e.13072"}]}
RESULT: {"script":"<script> [56 bytes]","args":[{"element-6066-11e4-a52e-4f735466cecf":"f.6300CB9FC90E916FB2ACF31257920715.d.CFD81A69ECB52A89A4834B5CD9192FD5.e.13072","ELEMENT":"f.6300CB9FC90E916FB2ACF31257920715.d.CFD81A69ECB52A89A4834B5CD9192FD5.e.13072"}]}
COMMAND: POST /session/a0fa65e418457f6e1528b16bc1e26f2c/element - {"using":"css selector","value":"#shell-header-logo"}
COMMAND: GET /session/a0fa65e418457f6e1528b16bc1e26f2c/screenshot - {}
RESULT: {"using":"css selector","value":"#shell-header-logo"}
COMMAND: POST /session/a0fa65e418457f6e1528b16bc1e26f2c/element/f.6300CB9FC90E916FB2ACF31257920715.d.CFD81A69ECB52A89A4834B5CD9192FD5.e.12145/click - {}
RESULT: {}
RESULT: {}
COMMAND: GET /session/a0fa65e418457f6e1528b16bc1e26f2c/screenshot - {}
RESULT: {}
COMMAND: POST /session/a0fa65e418457f6e1528b16bc1e26f2c/execute/sync - {"script":"<script> [299 bytes]","args":[["getModel","getResource"]]}
RESULT: {"script":"<script> [299 bytes]","args":[["getModel","getResource"]]}
COMMAND: GET /session/a0fa65e418457f6e1528b16bc1e26f2c/screenshot - {}
]]></system-out>
    </testcase>
    <testcase classname="chrome.136_0_7103_93.windows.Provide_to_Site_w/o_warehouse_management_w/_clarification_US116605" name="Should create a new material" time="110.243">
      <system-out><![CDATA[
COMMAND: POST /session/a0fa65e418457f6e1528b16bc1e26f2c/execute/async - {"script":"<script> [1562 bytes]","args":[{"selector":{"controlType":"sap.m.GenericTile","properties":{"header":"Manage Resources"}},"wdio_ui5_key":"sapm.GenericTile{\"header\":\"Manage Resources\"}"}]}
RESULT: {}
RESULT: {"script":"<script> [1562 bytes]","args":[{"selector":{"controlType":"sap.m.GenericTile","properties":{"header":"Manage Resources"}},"wdio_ui5_key":"sapm.GenericTile{\"header\":\"Manage Resources\"}"}]}
RESULT: undefined
COMMAND: POST /session/a0fa65e418457f6e1528b16bc1e26f2c/element - {"using":"xpath","value":"//*[@id=\"__tile31\"]"}
RESULT: {"using":"xpath","value":"//*[@id=\"__tile31\"]"}
COMMAND: POST /session/a0fa65e418457f6e1528b16bc1e26f2c/element/f.6300CB9FC90E916FB2ACF31257920715.d.CFD81A69ECB52A89A4834B5CD9192FD5.e.10584/click - {}
RESULT: {}
COMMAND: GET /session/a0fa65e418457f6e1528b16bc1e26f2c/screenshot - {}
RESULT: {}
COMMAND: POST /session/a0fa65e418457f6e1528b16bc1e26f2c/elements - {"using":"xpath","value":"//span[text()='Error']"}
RESULT: {"using":"xpath","value":"//span[text()='Error']"}
COMMAND: POST /session/a0fa65e418457f6e1528b16bc1e26f2c/element - {"using":"xpath","value":"//button[@data-kt=\"addNewRUOverflowToolbarButton\"]"}
RESULT: {"using":"xpath","value":"//button[@data-kt=\"addNewRUOverflowToolbarButton\"]"}
COMMAND: POST /session/a0fa65e418457f6e1528b16bc1e26f2c/elements - {"using":"xpath","value":"//button[@data-kt=\"addNewRUOverflowToolbarButton\"]"}
RESULT: {"using":"xpath","value":"//button[@data-kt=\"addNewRUOverflowToolbarButton\"]"}
COMMAND: POST /session/a0fa65e418457f6e1528b16bc1e26f2c/execute/sync - {"script":"<script> [8489 bytes]","args":[{"element-6066-11e4-a52e-4f735466cecf":"f.6300CB9FC90E916FB2ACF31257920715.d.CFD81A69ECB52A89A4834B5CD9192FD5.e.13102","ELEMENT":"f.6300CB9FC90E916FB2ACF31257920715.d.CFD81A69ECB52A89A4834B5CD9192FD5.e.13102"}]}
RESULT: {"script":"<script> [8489 bytes]","args":[{"element-6066-11e4-a52e-4f735466cecf":"f.6300CB9FC90E916FB2ACF31257920715.d.CFD81A69ECB52A89A4834B5CD9192FD5.e.13102","ELEMENT":"f.6300CB9FC90E916FB2ACF31257920715.d.CFD81A69ECB52A89A4834B5CD9192FD5.e.13102"}]}
COMMAND: GET /session/a0fa65e418457f6e1528b16bc1e26f2c/element/f.6300CB9FC90E916FB2ACF31257920715.d.CFD81A69ECB52A89A4834B5CD9192FD5.e.13102/enabled - {}
COMMAND: GET /session/a0fa65e418457f6e1528b16bc1e26f2c/screenshot - {}
RESULT: {}
COMMAND: POST /session/a0fa65e418457f6e1528b16bc1e26f2c/execute/sync - {"script":"<script> [8489 bytes]","args":[{"element-6066-11e4-a52e-4f735466cecf":"f.6300CB9FC90E916FB2ACF31257920715.d.CFD81A69ECB52A89A4834B5CD9192FD5.e.13102","ELEMENT":"f.6300CB9FC90E916FB2ACF31257920715.d.CFD81A69ECB52A89A4834B5CD9192FD5.e.13102"}]}
COMMAND: GET /session/a0fa65e418457f6e1528b16bc1e26f2c/screenshot - {}
RESULT: {}
RESULT: {"script":"<script> [8489 bytes]","args":[{"element-6066-11e4-a52e-4f735466cecf":"f.6300CB9FC90E916FB2ACF31257920715.d.CFD81A69ECB52A89A4834B5CD9192FD5.e.13102","ELEMENT":"f.6300CB9FC90E916FB2ACF31257920715.d.CFD81A69ECB52A89A4834B5CD9192FD5.e.13102"}]}
COMMAND: POST /session/a0fa65e418457f6e1528b16bc1e26f2c/execute/sync - {"script":"<script> [5351 bytes]","args":[{"element-6066-11e4-a52e-4f735466cecf":"f.6300CB9FC90E916FB2ACF31257920715.d.CFD81A69ECB52A89A4834B5CD9192FD5.e.13102","ELEMENT":"f.6300CB9FC90E916FB2ACF31257920715.d.CFD81A69ECB52A89A4834B5CD9192FD5.e.13102"}]}
COMMAND: GET /session/a0fa65e418457f6e1528b16bc1e26f2c/screenshot - {}
RESULT: {}
RESULT: {"script":"<script> [5351 bytes]","args":[{"element-6066-11e4-a52e-4f735466cecf":"f.6300CB9FC90E916FB2ACF31257920715.d.CFD81A69ECB52A89A4834B5CD9192FD5.e.13102","ELEMENT":"f.6300CB9FC90E916FB2ACF31257920715.d.CFD81A69ECB52A89A4834B5CD9192FD5.e.13102"}]}
COMMAND: POST /session/a0fa65e418457f6e1528b16bc1e26f2c/element/f.6300CB9FC90E916FB2ACF31257920715.d.CFD81A69ECB52A89A4834B5CD9192FD5.e.13102/click - {}
COMMAND: GET /session/a0fa65e418457f6e1528b16bc1e26f2c/screenshot - {}
RESULT: {}
RESULT: {}
COMMAND: GET /session/a0fa65e418457f6e1528b16bc1e26f2c/screenshot - {}
RESULT: {}
RESULT: {}
COMMAND: POST /session/a0fa65e418457f6e1528b16bc1e26f2c/execute/async - {"script":"<script> [1562 bytes]","args":[{"selector":{"id":"application-manageresources-display-component---newResourceUnit--TYPE-arrow"},"wdio_ui5_key":"applicationmanageresources-display-component---newResourceUnit--TYPE-arrow"}]}
RESULT: {"script":"<script> [1562 bytes]","args":[{"selector":{"id":"application-manageresources-display-component---newResourceUnit--TYPE-arrow"},"wdio_ui5_key":"applicationmanageresources-display-component---newResourceUnit--TYPE-arrow"}]}
RESULT: undefined
COMMAND: POST /session/a0fa65e418457f6e1528b16bc1e26f2c/element - {"using":"xpath","value":"//*[@id=\"application-manageresources-display-component---newResourceUnit--TYPE-arrow\"]"}
RESULT: {"using":"xpath","value":"//*[@id=\"application-manageresources-display-component---newResourceUnit--TYPE-arrow\"]"}
COMMAND: POST /session/a0fa65e418457f6e1528b16bc1e26f2c/element/f.6300CB9FC90E916FB2ACF31257920715.d.CFD81A69ECB52A89A4834B5CD9192FD5.e.13466/click - {}
RESULT: {}
COMMAND: POST /session/a0fa65e418457f6e1528b16bc1e26f2c/element - {"using":"xpath","value":"//input[@id=\"application-manageresources-display-component---newResourceUnit--TYPE-inner\"]"}
COMMAND: GET /session/a0fa65e418457f6e1528b16bc1e26f2c/screenshot - {}
RESULT: {"using":"xpath","value":"//input[@id=\"application-manageresources-display-component---newResourceUnit--TYPE-inner\"]"}
COMMAND: POST /session/a0fa65e418457f6e1528b16bc1e26f2c/element/f.6300CB9FC90E916FB2ACF31257920715.d.CFD81A69ECB52A89A4834B5CD9192FD5.e.13451/clear - {}
RESULT: {}
RESULT: {}
COMMAND: POST /session/a0fa65e418457f6e1528b16bc1e26f2c/element/f.6300CB9FC90E916FB2ACF31257920715.d.CFD81A69ECB52A89A4834B5CD9192FD5.e.13451/value - {"text":"Material"}
COMMAND: GET /session/a0fa65e418457f6e1528b16bc1e26f2c/screenshot - {}
RESULT: {"text":"Material"}
COMMAND: GET /session/a0fa65e418457f6e1528b16bc1e26f2c/screenshot - {}
RESULT: {}
RESULT: {}
COMMAND: POST /session/a0fa65e418457f6e1528b16bc1e26f2c/actions - {"actions":[{"id":"action44","type":"key","parameters":{},"actions":[{"type":"keyDown","value":"î€‡"},{"type":"pause","duration":10},{"type":"keyUp","value":"î€‡"}]}]}
RESULT: {"actions":[{"id":"action44","type":"key","parameters":{},"actions":[{"type":"keyDown","value":"î€‡"},{"type":"pause","duration":10},{"type":"keyUp","value":"î€‡"}]}]}
COMMAND: POST /session/a0fa65e418457f6e1528b16bc1e26f2c/execute/async - {"script":"<script> [1562 bytes]","args":[{"selector":{"id":"application-manageresources-display-component---newResourceUnit--SHORT_TEXT","interaction":{"idSuffix":"inner"}},"wdio_ui5_key":"applicationmanageresources-display-component---newResourceUnit--SHORT_TEXT"}]}
COMMAND: GET /session/a0fa65e418457f6e1528b16bc1e26f2c/screenshot - {}
RESULT: {"script":"<script> [1562 bytes]","args":[{"selector":{"id":"application-manageresources-display-component---newResourceUnit--SHORT_TEXT","interaction":{"idSuffix":"inner"}},"wdio_ui5_key":"applicationmanageresources-display-component---newResourceUnit--SHORT_TEXT"}]}
RESULT: undefined
COMMAND: POST /session/a0fa65e418457f6e1528b16bc1e26f2c/execute/async - {"script":"<script> [776 bytes]","args":[{"enterText":"Cement WDIO","selector":{"id":"application-manageresources-display-component---newResourceUnit--SHORT_TEXT","interaction":{"idSuffix":"inner"}},"clearTextFirst":true,"interactionType":"ENTER_TEXT"}]}
RESULT: {}
RESULT: {"script":"<script> [776 bytes]","args":[{"enterText":"Cement WDIO","selector":{"id":"application-manageresources-display-component---newResourceUnit--SHORT_TEXT","interaction":{"idSuffix":"inner"}},"clearTextFirst":true,"interactionType":"ENTER_TEXT"}]}
COMMAND: POST /session/a0fa65e418457f6e1528b16bc1e26f2c/execute/async - {"script":"<script> [1562 bytes]","args":[{"selector":{"id":"application-manageresources-display-component---newResourceUnit--BASE_UNIT_OF_MEASURE","interaction":{"idSuffix":"inner"}},"wdio_ui5_key":"applicationmanageresources-display-component---newResourceUnit--BASE_UNIT_OF_MEASURE"}]}
RESULT: {"script":"<script> [1562 bytes]","args":[{"selector":{"id":"application-manageresources-display-component---newResourceUnit--BASE_UNIT_OF_MEASURE","interaction":{"idSuffix":"inner"}},"wdio_ui5_key":"applicationmanageresources-display-component---newResourceUnit--BASE_UNIT_OF_MEASURE"}]}
RESULT: undefined
COMMAND: POST /session/a0fa65e418457f6e1528b16bc1e26f2c/execute/async - {"script":"<script> [776 bytes]","args":[{"enterText":"Piece","selector":{"id":"application-manageresources-display-component---newResourceUnit--BASE_UNIT_OF_MEASURE","interaction":{"idSuffix":"inner"}},"clearTextFirst":true,"interactionType":"ENTER_TEXT"}]}
RESULT: {"script":"<script> [776 bytes]","args":[{"enterText":"Piece","selector":{"id":"application-manageresources-display-component---newResourceUnit--BASE_UNIT_OF_MEASURE","interaction":{"idSuffix":"inner"}},"clearTextFirst":true,"interactionType":"ENTER_TEXT"}]}
COMMAND: POST /session/a0fa65e418457f6e1528b16bc1e26f2c/execute/async - {"script":"<script> [1562 bytes]","args":[{"selector":{"id":"application-manageresources-display-component---newResourceUnit--WEIGHT_UNIT","interaction":{"idSuffix":"inner"}},"wdio_ui5_key":"applicationmanageresources-display-component---newResourceUnit--WEIGHT_UNIT"}]}
RESULT: {"script":"<script> [1562 bytes]","args":[{"selector":{"id":"application-manageresources-display-component---newResourceUnit--WEIGHT_UNIT","interaction":{"idSuffix":"inner"}},"wdio_ui5_key":"applicationmanageresources-display-component---newResourceUnit--WEIGHT_UNIT"}]}
RESULT: undefined
COMMAND: POST /session/a0fa65e418457f6e1528b16bc1e26f2c/execute/async - {"script":"<script> [776 bytes]","args":[{"enterText":"Gram","selector":{"id":"application-manageresources-display-component---newResourceUnit--WEIGHT_UNIT","interaction":{"idSuffix":"inner"}},"clearTextFirst":true,"interactionType":"ENTER_TEXT"}]}
RESULT: {"script":"<script> [776 bytes]","args":[{"enterText":"Gram","selector":{"id":"application-manageresources-display-component---newResourceUnit--WEIGHT_UNIT","interaction":{"idSuffix":"inner"}},"clearTextFirst":true,"interactionType":"ENTER_TEXT"}]}
COMMAND: POST /session/a0fa65e418457f6e1528b16bc1e26f2c/execute/async - {"script":"<script> [1562 bytes]","args":[{"selector":{"id":"application-manageresources-display-component---newResourceUnit--DIMENSION_UNIT","interaction":{"idSuffix":"inner"}},"wdio_ui5_key":"applicationmanageresources-display-component---newResourceUnit--DIMENSION_UNIT"}]}
RESULT: {"script":"<script> [1562 bytes]","args":[{"selector":{"id":"application-manageresources-display-component---newResourceUnit--DIMENSION_UNIT","interaction":{"idSuffix":"inner"}},"wdio_ui5_key":"applicationmanageresources-display-component---newResourceUnit--DIMENSION_UNIT"}]}
RESULT: undefined
COMMAND: POST /session/a0fa65e418457f6e1528b16bc1e26f2c/execute/async - {"script":"<script> [776 bytes]","args":[{"enterText":"Meter","selector":{"id":"application-manageresources-display-component---newResourceUnit--DIMENSION_UNIT","interaction":{"idSuffix":"inner"}},"clearTextFirst":true,"interactionType":"ENTER_TEXT"}]}
RESULT: {"script":"<script> [776 bytes]","args":[{"enterText":"Meter","selector":{"id":"application-manageresources-display-component---newResourceUnit--DIMENSION_UNIT","interaction":{"idSuffix":"inner"}},"clearTextFirst":true,"interactionType":"ENTER_TEXT"}]}
COMMAND: POST /session/a0fa65e418457f6e1528b16bc1e26f2c/execute/async - {"script":"<script> [1562 bytes]","args":[{"selector":{"id":"application-manageresources-display-component---newResourceUnit--newRRUPage-anchBar-application-manageresources-display-component---newResourceUnit--control-anchor","interaction":{"idSuffix":"BDI-content"}},"wdio_ui5_key":"applicationmanageresources-display-component---newResourceUnit--newRRUPage-anchBar-application-manageresources-display-component---newResourceUnit--control-anchor"}]}
RESULT: {"script":"<script> [1562 bytes]","args":[{"selector":{"id":"application-manageresources-display-component---newResourceUnit--newRRUPage-anchBar-application-manageresources-display-component---newResourceUnit--control-anchor","interaction":{"idSuffix":"BDI-content"}},"wdio_ui5_key":"applicationmanageresources-display-component---newResourceUnit--newRRUPage-anchBar-application-manageresources-display-component---newResourceUnit--control-anchor"}]}
RESULT: undefined
COMMAND: POST /session/a0fa65e418457f6e1528b16bc1e26f2c/element - {"using":"xpath","value":"//*[@id=\"application-manageresources-display-component---newResourceUnit--newRRUPage-anchBar-application-manageresources-display-component---newResourceUnit--control-anchor\"]"}
RESULT: {"using":"xpath","value":"//*[@id=\"application-manageresources-display-component---newResourceUnit--newRRUPage-anchBar-application-manageresources-display-component---newResourceUnit--control-anchor\"]"}
COMMAND: POST /session/a0fa65e418457f6e1528b16bc1e26f2c/element/f.6300CB9FC90E916FB2ACF31257920715.d.CFD81A69ECB52A89A4834B5CD9192FD5.e.13530/click - {}
RESULT: {}
COMMAND: POST /session/a0fa65e418457f6e1528b16bc1e26f2c/execute/async - {"script":"<script> [1562 bytes]","args":[{"selector":{"id":"application-manageresources-display-component---newResourceUnit--PLANNING_GROUP","interaction":{"idSuffix":"inner"}},"wdio_ui5_key":"applicationmanageresources-display-component---newResourceUnit--PLANNING_GROUP"}]}
COMMAND: GET /session/a0fa65e418457f6e1528b16bc1e26f2c/screenshot - {}
RESULT: {"script":"<script> [1562 bytes]","args":[{"selector":{"id":"application-manageresources-display-component---newResourceUnit--PLANNING_GROUP","interaction":{"idSuffix":"inner"}},"wdio_ui5_key":"applicationmanageresources-display-component---newResourceUnit--PLANNING_GROUP"}]}
RESULT: undefined
COMMAND: POST /session/a0fa65e418457f6e1528b16bc1e26f2c/execute/async - {"script":"<script> [776 bytes]","args":[{"enterText":"Material","selector":{"id":"application-manageresources-display-component---newResourceUnit--PLANNING_GROUP","interaction":{"idSuffix":"inner"}},"clearTextFirst":true,"interactionType":"ENTER_TEXT"}]}
RESULT: {}
RESULT: {"script":"<script> [776 bytes]","args":[{"enterText":"Material","selector":{"id":"application-manageresources-display-component---newResourceUnit--PLANNING_GROUP","interaction":{"idSuffix":"inner"}},"clearTextFirst":true,"interactionType":"ENTER_TEXT"}]}
COMMAND: POST /session/a0fa65e418457f6e1528b16bc1e26f2c/execute/async - {"script":"<script> [1562 bytes]","args":[{"selector":{"id":"application-manageresources-display-component---newResourceUnit--PLANNING_INDICATOR","interaction":{"idSuffix":"inner"}},"wdio_ui5_key":"applicationmanageresources-display-component---newResourceUnit--PLANNING_INDICATOR"}]}
RESULT: {"script":"<script> [1562 bytes]","args":[{"selector":{"id":"application-manageresources-display-component---newResourceUnit--PLANNING_INDICATOR","interaction":{"idSuffix":"inner"}},"wdio_ui5_key":"applicationmanageresources-display-component---newResourceUnit--PLANNING_INDICATOR"}]}
RESULT: undefined
COMMAND: POST /session/a0fa65e418457f6e1528b16bc1e26f2c/execute/async - {"script":"<script> [776 bytes]","args":[{"enterText":"10 - infinite","selector":{"id":"application-manageresources-display-component---newResourceUnit--PLANNING_INDICATOR","interaction":{"idSuffix":"inner"}},"clearTextFirst":true,"interactionType":"ENTER_TEXT"}]}
RESULT: {"script":"<script> [776 bytes]","args":[{"enterText":"10 - infinite","selector":{"id":"application-manageresources-display-component---newResourceUnit--PLANNING_INDICATOR","interaction":{"idSuffix":"inner"}},"clearTextFirst":true,"interactionType":"ENTER_TEXT"}]}
COMMAND: POST /session/a0fa65e418457f6e1528b16bc1e26f2c/element - {"using":"css selector","value":"#application-manageresources-display-component---newResourceUnit--btnAddTimeSegment"}
RESULT: {"using":"css selector","value":"#application-manageresources-display-component---newResourceUnit--btnAddTimeSegment"}
COMMAND: GET /session/a0fa65e418457f6e1528b16bc1e26f2c/element/f.6300CB9FC90E916FB2ACF31257920715.d.CFD81A69ECB52A89A4834B5CD9192FD5.e.13538/rect - {}
RESULT: {}
COMMAND: GET /session/a0fa65e418457f6e1528b16bc1e26f2c/window/rect - {}
RESULT: {}
COMMAND: POST /session/a0fa65e418457f6e1528b16bc1e26f2c/execute/sync - {"script":"<script> [92 bytes]","args":[]}
RESULT: {"script":"<script> [92 bytes]","args":[]}
COMMAND: POST /session/a0fa65e418457f6e1528b16bc1e26f2c/actions - {"actions":[{"id":"action45","type":"wheel","parameters":{},"actions":[{"type":"scroll","x":-1888,"y":-32,"deltaX":0,"deltaY":0,"duration":0,"origin":{"element-6066-11e4-a52e-4f735466cecf":"f.6300CB9FC90E916FB2ACF31257920715.d.CFD81A69ECB52A89A4834B5CD9192FD5.e.13538"}}]}]}
COMMAND: GET /session/a0fa65e418457f6e1528b16bc1e26f2c/screenshot - {}
RESULT: {}
COMMAND: POST /session/a0fa65e418457f6e1528b16bc1e26f2c/execute/sync - {"script":"<script> [79 bytes]","args":[{"element-6066-11e4-a52e-4f735466cecf":"f.6300CB9FC90E916FB2ACF31257920715.d.CFD81A69ECB52A89A4834B5CD9192FD5.e.13538","ELEMENT":"f.6300CB9FC90E916FB2ACF31257920715.d.CFD81A69ECB52A89A4834B5CD9192FD5.e.13538"},{"block":"start","inline":"nearest"}]}
RESULT: {"script":"<script> [79 bytes]","args":[{"element-6066-11e4-a52e-4f735466cecf":"f.6300CB9FC90E916FB2ACF31257920715.d.CFD81A69ECB52A89A4834B5CD9192FD5.e.13538","ELEMENT":"f.6300CB9FC90E916FB2ACF31257920715.d.CFD81A69ECB52A89A4834B5CD9192FD5.e.13538"},{"block":"start","inline":"nearest"}]}
COMMAND: POST /session/a0fa65e418457f6e1528b16bc1e26f2c/execute/async - {"script":"<script> [1562 bytes]","args":[{"selector":{"id":"application-manageresources-display-component---newResourceUnit--btnAddTimeSegment","interaction":{"idSuffix":"inner"}},"wdio_ui5_key":"applicationmanageresources-display-component---newResourceUnit--btnAddTimeSegment"}]}
COMMAND: GET /session/a0fa65e418457f6e1528b16bc1e26f2c/screenshot - {}
RESULT: {"script":"<script> [1562 bytes]","args":[{"selector":{"id":"application-manageresources-display-component---newResourceUnit--btnAddTimeSegment","interaction":{"idSuffix":"inner"}},"wdio_ui5_key":"applicationmanageresources-display-component---newResourceUnit--btnAddTimeSegment"}]}
RESULT: undefined
COMMAND: POST /session/a0fa65e418457f6e1528b16bc1e26f2c/element - {"using":"xpath","value":"//*[@id=\"application-manageresources-display-component---newResourceUnit--btnAddTimeSegment\"]"}
RESULT: {}
RESULT: {"using":"xpath","value":"//*[@id=\"application-manageresources-display-component---newResourceUnit--btnAddTimeSegment\"]"}
COMMAND: POST /session/a0fa65e418457f6e1528b16bc1e26f2c/element/f.6300CB9FC90E916FB2ACF31257920715.d.CFD81A69ECB52A89A4834B5CD9192FD5.e.13538/click - {}
RESULT: {}
COMMAND: GET /session/a0fa65e418457f6e1528b16bc1e26f2c/screenshot - {}
RESULT: {}
COMMAND: POST /session/a0fa65e418457f6e1528b16bc1e26f2c/element - {"using":"xpath","value":"//input[@id=\"application-manageresources-display-component---newResourceUnit--idRuTSAdmin-application-manageresources-display-component---newResourceUnit--RUTimeSegment-0-inner\"]"}
RESULT: {"using":"xpath","value":"//input[@id=\"application-manageresources-display-component---newResourceUnit--idRuTSAdmin-application-manageresources-display-component---newResourceUnit--RUTimeSegment-0-inner\"]"}
COMMAND: POST /session/a0fa65e418457f6e1528b16bc1e26f2c/element/f.6300CB9FC90E916FB2ACF31257920715.d.CFD81A69ECB52A89A4834B5CD9192FD5.e.13543/clear - {}
RESULT: {}
COMMAND: POST /session/a0fa65e418457f6e1528b16bc1e26f2c/element/f.6300CB9FC90E916FB2ACF31257920715.d.CFD81A69ECB52A89A4834B5CD9192FD5.e.13543/value - {"text":"500"}
COMMAND: GET /session/a0fa65e418457f6e1528b16bc1e26f2c/screenshot - {}
RESULT: {"text":"500"}
COMMAND: GET /session/a0fa65e418457f6e1528b16bc1e26f2c/screenshot - {}
RESULT: {}
RESULT: {}
COMMAND: POST /session/a0fa65e418457f6e1528b16bc1e26f2c/element - {"using":"xpath","value":"//li[.//span[text()='500']]"}
RESULT: {"using":"xpath","value":"//li[.//span[text()='500']]"}
COMMAND: POST /session/a0fa65e418457f6e1528b16bc1e26f2c/element/f.6300CB9FC90E916FB2ACF31257920715.d.CFD81A69ECB52A89A4834B5CD9192FD5.e.13552/click - {}
RESULT: {}
COMMAND: GET /session/a0fa65e418457f6e1528b16bc1e26f2c/screenshot - {}
RESULT: {}
COMMAND: POST /session/a0fa65e418457f6e1528b16bc1e26f2c/element - {"using":"xpath","value":"(//span[contains(@id, \"-application-manageresources-display-component---newResourceUnit--RUTimeSegment-0-arrow\")])[2]"}
RESULT: {"using":"xpath","value":"(//span[contains(@id, \"-application-manageresources-display-component---newResourceUnit--RUTimeSegment-0-arrow\")])[2]"}
COMMAND: POST /session/a0fa65e418457f6e1528b16bc1e26f2c/element/f.6300CB9FC90E916FB2ACF31257920715.d.CFD81A69ECB52A89A4834B5CD9192FD5.e.13553/click - {}
RESULT: {}
COMMAND: POST /session/a0fa65e418457f6e1528b16bc1e26f2c/element - {"using":"xpath","value":"//span[contains(text(), \"PM Order\")]"}
COMMAND: GET /session/a0fa65e418457f6e1528b16bc1e26f2c/screenshot - {}
RESULT: {"using":"xpath","value":"//span[contains(text(), \"PM Order\")]"}
COMMAND: POST /session/a0fa65e418457f6e1528b16bc1e26f2c/element/f.6300CB9FC90E916FB2ACF31257920715.d.CFD81A69ECB52A89A4834B5CD9192FD5.e.13554/click - {}
RESULT: {}
RESULT: {}
COMMAND: GET /session/a0fa65e418457f6e1528b16bc1e26f2c/screenshot - {}
RESULT: {}
COMMAND: POST /session/a0fa65e418457f6e1528b16bc1e26f2c/element - {"using":"xpath","value":"//td/div/div/div/span[contains(@id, \"newResourceUnit--RUTimeSegment-0-vhi\")][1]"}
RESULT: {"using":"xpath","value":"//td/div/div/div/span[contains(@id, \"newResourceUnit--RUTimeSegment-0-vhi\")][1]"}
COMMAND: GET /session/a0fa65e418457f6e1528b16bc1e26f2c/element/f.6300CB9FC90E916FB2ACF31257920715.d.CFD81A69ECB52A89A4834B5CD9192FD5.e.13558/rect - {}
RESULT: {}
COMMAND: GET /session/a0fa65e418457f6e1528b16bc1e26f2c/window/rect - {}
RESULT: {}
COMMAND: POST /session/a0fa65e418457f6e1528b16bc1e26f2c/execute/sync - {"script":"<script> [92 bytes]","args":[]}
RESULT: {"script":"<script> [92 bytes]","args":[]}
COMMAND: POST /session/a0fa65e418457f6e1528b16bc1e26f2c/actions - {"actions":[{"id":"action46","type":"wheel","parameters":{},"actions":[{"type":"scroll","x":-1888,"y":-24,"deltaX":0,"deltaY":0,"duration":0,"origin":{"element-6066-11e4-a52e-4f735466cecf":"f.6300CB9FC90E916FB2ACF31257920715.d.CFD81A69ECB52A89A4834B5CD9192FD5.e.13558"}}]}]}
COMMAND: GET /session/a0fa65e418457f6e1528b16bc1e26f2c/screenshot - {}
RESULT: {}
COMMAND: POST /session/a0fa65e418457f6e1528b16bc1e26f2c/execute/sync - {"script":"<script> [79 bytes]","args":[{"element-6066-11e4-a52e-4f735466cecf":"f.6300CB9FC90E916FB2ACF31257920715.d.CFD81A69ECB52A89A4834B5CD9192FD5.e.13558","ELEMENT":"f.6300CB9FC90E916FB2ACF31257920715.d.CFD81A69ECB52A89A4834B5CD9192FD5.e.13558"},{"block":"start","inline":"nearest"}]}
RESULT: {"script":"<script> [79 bytes]","args":[{"element-6066-11e4-a52e-4f735466cecf":"f.6300CB9FC90E916FB2ACF31257920715.d.CFD81A69ECB52A89A4834B5CD9192FD5.e.13558","ELEMENT":"f.6300CB9FC90E916FB2ACF31257920715.d.CFD81A69ECB52A89A4834B5CD9192FD5.e.13558"},{"block":"start","inline":"nearest"}]}
COMMAND: GET /session/a0fa65e418457f6e1528b16bc1e26f2c/screenshot - {}
RESULT: {}
COMMAND: POST /session/a0fa65e418457f6e1528b16bc1e26f2c/element/f.6300CB9FC90E916FB2ACF31257920715.d.CFD81A69ECB52A89A4834B5CD9192FD5.e.13558/click - {}
RESULT: {}
COMMAND: GET /session/a0fa65e418457f6e1528b16bc1e26f2c/screenshot - {}
RESULT: {}
RESULT: undefined
COMMAND: POST /session/a0fa65e418457f6e1528b16bc1e26f2c/execute/async - {"script":"<script> [776 bytes]","args":[{"enterText":"4000360","selector":{"controlType":"sap.m.SearchField","properties":{"placeholder":"Search"},"searchOpenDialogs":true,"interaction":{"idSuffix":"I"}},"clearTextFirst":true,"interactionType":"ENTER_TEXT"}]}
RESULT: {"script":"<script> [776 bytes]","args":[{"enterText":"4000360","selector":{"controlType":"sap.m.SearchField","properties":{"placeholder":"Search"},"searchOpenDialogs":true,"interaction":{"idSuffix":"I"}},"clearTextFirst":true,"interactionType":"ENTER_TEXT"}]}
COMMAND: POST /session/a0fa65e418457f6e1528b16bc1e26f2c/actions - {"actions":[{"id":"action47","type":"key","parameters":{},"actions":[{"type":"keyDown","value":"î€‡"},{"type":"pause","duration":10},{"type":"keyUp","value":"î€‡"}]}]}
RESULT: {"actions":[{"id":"action47","type":"key","parameters":{},"actions":[{"type":"keyDown","value":"î€‡"},{"type":"pause","duration":10},{"type":"keyUp","value":"î€‡"}]}]}
COMMAND: GET /session/a0fa65e418457f6e1528b16bc1e26f2c/screenshot - {}
RESULT: {}
COMMAND: POST /session/a0fa65e418457f6e1528b16bc1e26f2c/element - {"using":"xpath","value":"//td/div/span[contains(text(), \"BGL Vehicles\")]"}
RESULT: {"using":"xpath","value":"//td/div/span[contains(text(), \"BGL Vehicles\")]"}
COMMAND: POST /session/a0fa65e418457f6e1528b16bc1e26f2c/element/f.6300CB9FC90E916FB2ACF31257920715.d.CFD81A69ECB52A89A4834B5CD9192FD5.e.13577/click - {}
RESULT: {}
COMMAND: GET /session/a0fa65e418457f6e1528b16bc1e26f2c/screenshot - {}
RESULT: {}
COMMAND: POST /session/a0fa65e418457f6e1528b16bc1e26f2c/element - {"using":"xpath","value":"//bdi[contains(text(), \"OK\")]"}
RESULT: {"using":"xpath","value":"//bdi[contains(text(), \"OK\")]"}
COMMAND: POST /session/a0fa65e418457f6e1528b16bc1e26f2c/element/f.6300CB9FC90E916FB2ACF31257920715.d.CFD81A69ECB52A89A4834B5CD9192FD5.e.13578/click - {}
RESULT: {}
COMMAND: GET /session/a0fa65e418457f6e1528b16bc1e26f2c/screenshot - {}
RESULT: {}
COMMAND: POST /session/a0fa65e418457f6e1528b16bc1e26f2c/element - {"using":"xpath","value":"//label[contains(@class, 'sapMLabelRequired') and .//bdi[contains(text(), 'Planned Retirement')]]"}
RESULT: {"using":"xpath","value":"//label[contains(@class, 'sapMLabelRequired') and .//bdi[contains(text(), 'Planned Retirement')]]"}
COMMAND: POST /session/a0fa65e418457f6e1528b16bc1e26f2c/elements - {"using":"xpath","value":"//label[contains(@class, 'sapMLabelRequired') and .//bdi[contains(text(), 'Planned Retirement')]]"}
RESULT: {"using":"xpath","value":"//label[contains(@class, 'sapMLabelRequired') and .//bdi[contains(text(), 'Planned Retirement')]]"}
COMMAND: POST /session/a0fa65e418457f6e1528b16bc1e26f2c/element - {"using":"xpath","value":"//button[@data-kt=\"resourceUnitSaveButton\"]"}
RESULT: {"using":"xpath","value":"//button[@data-kt=\"resourceUnitSaveButton\"]"}
COMMAND: POST /session/a0fa65e418457f6e1528b16bc1e26f2c/element/f.6300CB9FC90E916FB2ACF31257920715.d.CFD81A69ECB52A89A4834B5CD9192FD5.e.13483/click - {}
RESULT: {}
COMMAND: GET /session/a0fa65e418457f6e1528b16bc1e26f2c/screenshot - {}
RESULT: {}
COMMAND: POST /session/a0fa65e418457f6e1528b16bc1e26f2c/element - {"using":"xpath","value":"//bdi[contains(text(), \"Close\")]"}
RESULT: {"using":"xpath","value":"//bdi[contains(text(), \"Close\")]"}
COMMAND: POST /session/a0fa65e418457f6e1528b16bc1e26f2c/element/f.6300CB9FC90E916FB2ACF31257920715.d.CFD81A69ECB52A89A4834B5CD9192FD5.e.13584/click - {}
RESULT: {}
COMMAND: GET /session/a0fa65e418457f6e1528b16bc1e26f2c/screenshot - {}
RESULT: {}
COMMAND: POST /session/a0fa65e418457f6e1528b16bc1e26f2c/element - {"using":"xpath","value":"//header[contains(@id, 'detailRruPage-headerTitle')]/div[1]/div[2]/div[2]/span[1]"}
RESULT: {"using":"xpath","value":"//header[contains(@id, 'detailRruPage-headerTitle')]/div[1]/div[2]/div[2]/span[1]"}
COMMAND: POST /session/a0fa65e418457f6e1528b16bc1e26f2c/elements - {"using":"xpath","value":"//header[contains(@id, 'detailRruPage-headerTitle')]/div[1]/div[2]/div[2]/span[1]"}
RESULT: {"using":"xpath","value":"//header[contains(@id, 'detailRruPage-headerTitle')]/div[1]/div[2]/div[2]/span[1]"}
COMMAND: POST /session/a0fa65e418457f6e1528b16bc1e26f2c/execute/sync - {"script":"<script> [56 bytes]","args":[{"element-6066-11e4-a52e-4f735466cecf":"f.6300CB9FC90E916FB2ACF31257920715.d.CFD81A69ECB52A89A4834B5CD9192FD5.e.13609","ELEMENT":"f.6300CB9FC90E916FB2ACF31257920715.d.CFD81A69ECB52A89A4834B5CD9192FD5.e.13609"}]}
RESULT: {"script":"<script> [56 bytes]","args":[{"element-6066-11e4-a52e-4f735466cecf":"f.6300CB9FC90E916FB2ACF31257920715.d.CFD81A69ECB52A89A4834B5CD9192FD5.e.13609","ELEMENT":"f.6300CB9FC90E916FB2ACF31257920715.d.CFD81A69ECB52A89A4834B5CD9192FD5.e.13609"}]}
COMMAND: POST /session/a0fa65e418457f6e1528b16bc1e26f2c/element - {"using":"css selector","value":"#shell-header-logo"}
COMMAND: GET /session/a0fa65e418457f6e1528b16bc1e26f2c/screenshot - {}
RESULT: {"using":"css selector","value":"#shell-header-logo"}
COMMAND: POST /session/a0fa65e418457f6e1528b16bc1e26f2c/element/f.6300CB9FC90E916FB2ACF31257920715.d.CFD81A69ECB52A89A4834B5CD9192FD5.e.13075/click - {}
RESULT: {}
RESULT: {}
COMMAND: GET /session/a0fa65e418457f6e1528b16bc1e26f2c/screenshot - {}
RESULT: {}
]]></system-out>
    </testcase>
  </testsuite>
  <testsuite timestamp="2025-05-17T16:55:49" time="343.157" tests="6" failures="0" errors="0" skipped="0">
    <properties>
      <property name="specId" value="0" />
      <property name="suiteName" value="Provide to Site w/o warehouse management w clarification" />
      <property name="capabilities" value="chrome.136_0_7103_93.windows" />
      <property name="file" value="file:///D:/a/1/s/test/specs/HTR/provide-to-site-wo-warehouse-w-clarification.spec.js" />
    </properties>
    <testcase classname="chrome.136_0_7103_93.windows.Provide_to_Site_w/o_warehouse_management_w_clarification" name="Should do a stock increase handover" time="81.357">
      <system-out><![CDATA[
COMMAND: POST /session/a0fa65e418457f6e1528b16bc1e26f2c/execute/async - {"script":"<script> [1562 bytes]","args":[{"selector":{"controlType":"sap.m.GenericTile","properties":{"header":"Manage Handovers"}},"wdio_ui5_key":"sapm.GenericTile{\"header\":\"Manage Handovers\"}"}]}
RESULT: {"script":"<script> [1562 bytes]","args":[{"selector":{"controlType":"sap.m.GenericTile","properties":{"header":"Manage Handovers"}},"wdio_ui5_key":"sapm.GenericTile{\"header\":\"Manage Handovers\"}"}]}
RESULT: undefined
COMMAND: POST /session/a0fa65e418457f6e1528b16bc1e26f2c/element - {"using":"xpath","value":"//*[@id=\"__tile132\"]"}
RESULT: {"using":"xpath","value":"//*[@id=\"__tile132\"]"}
COMMAND: POST /session/a0fa65e418457f6e1528b16bc1e26f2c/element/f.6300CB9FC90E916FB2ACF31257920715.d.CFD81A69ECB52A89A4834B5CD9192FD5.e.10611/click - {}
RESULT: {}
COMMAND: GET /session/a0fa65e418457f6e1528b16bc1e26f2c/screenshot - {}
RESULT: {}
COMMAND: POST /session/a0fa65e418457f6e1528b16bc1e26f2c/elements - {"using":"xpath","value":"//span[text()='Error']"}
RESULT: {"using":"xpath","value":"//span[text()='Error']"}
COMMAND: POST /session/a0fa65e418457f6e1528b16bc1e26f2c/element - {"using":"xpath","value":"//button[@data-kt=\"masterHOAddButton\"]"}
RESULT: {"using":"xpath","value":"//button[@data-kt=\"masterHOAddButton\"]"}
COMMAND: POST /session/a0fa65e418457f6e1528b16bc1e26f2c/elements - {"using":"xpath","value":"//button[@data-kt=\"masterHOAddButton\"]"}
RESULT: {"using":"xpath","value":"//button[@data-kt=\"masterHOAddButton\"]"}
COMMAND: POST /session/a0fa65e418457f6e1528b16bc1e26f2c/execute/sync - {"script":"<script> [8489 bytes]","args":[{"element-6066-11e4-a52e-4f735466cecf":"f.6300CB9FC90E916FB2ACF31257920715.d.CFD81A69ECB52A89A4834B5CD9192FD5.e.13647","ELEMENT":"f.6300CB9FC90E916FB2ACF31257920715.d.CFD81A69ECB52A89A4834B5CD9192FD5.e.13647"}]}
RESULT: {"script":"<script> [8489 bytes]","args":[{"element-6066-11e4-a52e-4f735466cecf":"f.6300CB9FC90E916FB2ACF31257920715.d.CFD81A69ECB52A89A4834B5CD9192FD5.e.13647","ELEMENT":"f.6300CB9FC90E916FB2ACF31257920715.d.CFD81A69ECB52A89A4834B5CD9192FD5.e.13647"}]}
COMMAND: GET /session/a0fa65e418457f6e1528b16bc1e26f2c/element/f.6300CB9FC90E916FB2ACF31257920715.d.CFD81A69ECB52A89A4834B5CD9192FD5.e.13647/enabled - {}
COMMAND: GET /session/a0fa65e418457f6e1528b16bc1e26f2c/screenshot - {}
RESULT: {}
COMMAND: POST /session/a0fa65e418457f6e1528b16bc1e26f2c/execute/sync - {"script":"<script> [8489 bytes]","args":[{"element-6066-11e4-a52e-4f735466cecf":"f.6300CB9FC90E916FB2ACF31257920715.d.CFD81A69ECB52A89A4834B5CD9192FD5.e.13647","ELEMENT":"f.6300CB9FC90E916FB2ACF31257920715.d.CFD81A69ECB52A89A4834B5CD9192FD5.e.13647"}]}
COMMAND: GET /session/a0fa65e418457f6e1528b16bc1e26f2c/screenshot - {}
RESULT: {}
RESULT: {"script":"<script> [8489 bytes]","args":[{"element-6066-11e4-a52e-4f735466cecf":"f.6300CB9FC90E916FB2ACF31257920715.d.CFD81A69ECB52A89A4834B5CD9192FD5.e.13647","ELEMENT":"f.6300CB9FC90E916FB2ACF31257920715.d.CFD81A69ECB52A89A4834B5CD9192FD5.e.13647"}]}
COMMAND: POST /session/a0fa65e418457f6e1528b16bc1e26f2c/execute/sync - {"script":"<script> [5351 bytes]","args":[{"element-6066-11e4-a52e-4f735466cecf":"f.6300CB9FC90E916FB2ACF31257920715.d.CFD81A69ECB52A89A4834B5CD9192FD5.e.13647","ELEMENT":"f.6300CB9FC90E916FB2ACF31257920715.d.CFD81A69ECB52A89A4834B5CD9192FD5.e.13647"}]}
COMMAND: GET /session/a0fa65e418457f6e1528b16bc1e26f2c/screenshot - {}
RESULT: {}
RESULT: {"script":"<script> [5351 bytes]","args":[{"element-6066-11e4-a52e-4f735466cecf":"f.6300CB9FC90E916FB2ACF31257920715.d.CFD81A69ECB52A89A4834B5CD9192FD5.e.13647","ELEMENT":"f.6300CB9FC90E916FB2ACF31257920715.d.CFD81A69ECB52A89A4834B5CD9192FD5.e.13647"}]}
COMMAND: POST /session/a0fa65e418457f6e1528b16bc1e26f2c/element/f.6300CB9FC90E916FB2ACF31257920715.d.CFD81A69ECB52A89A4834B5CD9192FD5.e.13647/click - {}
COMMAND: GET /session/a0fa65e418457f6e1528b16bc1e26f2c/screenshot - {}
RESULT: {}
RESULT: {}
COMMAND: GET /session/a0fa65e418457f6e1528b16bc1e26f2c/screenshot - {}
RESULT: {}
RESULT: {}
COMMAND: POST /session/a0fa65e418457f6e1528b16bc1e26f2c/element - {"using":"xpath","value":"//span[contains(@id ,\"AddNewHO--typeSelect-arrow\")]"}
RESULT: {"using":"xpath","value":"//span[contains(@id ,\"AddNewHO--typeSelect-arrow\")]"}
COMMAND: POST /session/a0fa65e418457f6e1528b16bc1e26f2c/element/f.6300CB9FC90E916FB2ACF31257920715.d.CFD81A69ECB52A89A4834B5CD9192FD5.e.13998/click - {}
RESULT: {}
COMMAND: GET /session/a0fa65e418457f6e1528b16bc1e26f2c/screenshot - {}
RESULT: {}
COMMAND: POST /session/a0fa65e418457f6e1528b16bc1e26f2c/element - {"using":"xpath","value":"(//li[contains(text(), \"stock increase yard\")])[1]"}
RESULT: {"using":"xpath","value":"(//li[contains(text(), \"stock increase yard\")])[1]"}
COMMAND: POST /session/a0fa65e418457f6e1528b16bc1e26f2c/element/f.6300CB9FC90E916FB2ACF31257920715.d.CFD81A69ECB52A89A4834B5CD9192FD5.e.13999/click - {}
RESULT: {}
COMMAND: GET /session/a0fa65e418457f6e1528b16bc1e26f2c/screenshot - {}
RESULT: {}
COMMAND: POST /session/a0fa65e418457f6e1528b16bc1e26f2c/execute/async - {"script":"<script> [1562 bytes]","args":[{"selector":{"id":"application-managehandovers-display-component---AddNewHO--dueDate","interaction":{"idSuffix":"inner"}},"wdio_ui5_key":"applicationmanagehandovers-display-component---AddNewHO--dueDate"}]}
RESULT: {"script":"<script> [1562 bytes]","args":[{"selector":{"id":"application-managehandovers-display-component---AddNewHO--dueDate","interaction":{"idSuffix":"inner"}},"wdio_ui5_key":"applicationmanagehandovers-display-component---AddNewHO--dueDate"}]}
RESULT: undefined
COMMAND: POST /session/a0fa65e418457f6e1528b16bc1e26f2c/execute/async - {"script":"<script> [6424 bytes]","args":[{"element-6066-11e4-a52e-4f735466cecf":"f.6300CB9FC90E916FB2ACF31257920715.d.CFD81A69ECB52A89A4834B5CD9192FD5.e.14001"},"setValue",["5/17/25"]]}
RESULT: {"script":"<script> [6424 bytes]","args":[{"element-6066-11e4-a52e-4f735466cecf":"f.6300CB9FC90E916FB2ACF31257920715.d.CFD81A69ECB52A89A4834B5CD9192FD5.e.14001"},"setValue",["5/17/25"]]}
COMMAND: POST /session/a0fa65e418457f6e1528b16bc1e26f2c/element - {"using":"xpath","value":"//input[@id=\"generalSectionFrg--receiveYard-inner\"]"}
RESULT: {"using":"xpath","value":"//input[@id=\"generalSectionFrg--receiveYard-inner\"]"}
COMMAND: POST /session/a0fa65e418457f6e1528b16bc1e26f2c/element/f.6300CB9FC90E916FB2ACF31257920715.d.CFD81A69ECB52A89A4834B5CD9192FD5.e.14005/clear - {}
RESULT: {}
COMMAND: POST /session/a0fa65e418457f6e1528b16bc1e26f2c/element/f.6300CB9FC90E916FB2ACF31257920715.d.CFD81A69ECB52A89A4834B5CD9192FD5.e.14005/value - {"text":"500"}
COMMAND: GET /session/a0fa65e418457f6e1528b16bc1e26f2c/screenshot - {}
RESULT: {"text":"500"}
COMMAND: GET /session/a0fa65e418457f6e1528b16bc1e26f2c/screenshot - {}
RESULT: {}
RESULT: {}
COMMAND: POST /session/a0fa65e418457f6e1528b16bc1e26f2c/element - {"using":"xpath","value":"//li[.//span[text()='500']]"}
RESULT: {"using":"xpath","value":"//li[.//span[text()='500']]"}
COMMAND: POST /session/a0fa65e418457f6e1528b16bc1e26f2c/element/f.6300CB9FC90E916FB2ACF31257920715.d.CFD81A69ECB52A89A4834B5CD9192FD5.e.14021/click - {}
RESULT: {}
COMMAND: GET /session/a0fa65e418457f6e1528b16bc1e26f2c/screenshot - {}
RESULT: {}
COMMAND: POST /session/a0fa65e418457f6e1528b16bc1e26f2c/execute/async - {"script":"<script> [1562 bytes]","args":[{"selector":{"id":"application-managehandovers-display-component---AddNewHO--ObjectPageLayout-anchBar-application-managehandovers-display-component---AddNewHO--section4-anchor","interaction":{"idSuffix":"BDI-content"}},"wdio_ui5_key":"applicationmanagehandovers-display-component---AddNewHO--ObjectPageLayout-anchBar-application-managehandovers-display-component---AddNewHO--section4-anchor"}]}
RESULT: {"script":"<script> [1562 bytes]","args":[{"selector":{"id":"application-managehandovers-display-component---AddNewHO--ObjectPageLayout-anchBar-application-managehandovers-display-component---AddNewHO--section4-anchor","interaction":{"idSuffix":"BDI-content"}},"wdio_ui5_key":"applicationmanagehandovers-display-component---AddNewHO--ObjectPageLayout-anchBar-application-managehandovers-display-component---AddNewHO--section4-anchor"}]}
RESULT: undefined
COMMAND: POST /session/a0fa65e418457f6e1528b16bc1e26f2c/element - {"using":"xpath","value":"//*[@id=\"application-managehandovers-display-component---AddNewHO--ObjectPageLayout-anchBar-application-managehandovers-display-component---AddNewHO--section4-anchor\"]"}
RESULT: {"using":"xpath","value":"//*[@id=\"application-managehandovers-display-component---AddNewHO--ObjectPageLayout-anchBar-application-managehandovers-display-component---AddNewHO--section4-anchor\"]"}
COMMAND: POST /session/a0fa65e418457f6e1528b16bc1e26f2c/element/f.6300CB9FC90E916FB2ACF31257920715.d.CFD81A69ECB52A89A4834B5CD9192FD5.e.14023/click - {}
RESULT: {}
COMMAND: POST /session/a0fa65e418457f6e1528b16bc1e26f2c/element - {"using":"xpath","value":"//button[@aria-label=\"Add\"]"}
COMMAND: GET /session/a0fa65e418457f6e1528b16bc1e26f2c/screenshot - {}
RESULT: {"using":"xpath","value":"//button[@aria-label=\"Add\"]"}
COMMAND: POST /session/a0fa65e418457f6e1528b16bc1e26f2c/element/f.6300CB9FC90E916FB2ACF31257920715.d.CFD81A69ECB52A89A4834B5CD9192FD5.e.14027/click - {}
RESULT: {}
RESULT: {}
COMMAND: GET /session/a0fa65e418457f6e1528b16bc1e26f2c/screenshot - {}
RESULT: {}
COMMAND: POST /session/a0fa65e418457f6e1528b16bc1e26f2c/execute/async - {"script":"<script> [1562 bytes]","args":[{"selector":{"id":"application-managehandovers-display-component---AddNewHO--smartFilterBar-btnBasicSearch","searchOpenDialogs":true,"interaction":{"idSuffix":"I"}},"wdio_ui5_key":"applicationmanagehandovers-display-component---AddNewHO--smartFilterBar-btnBasicSearch"}]}
RESULT: {"script":"<script> [1562 bytes]","args":[{"selector":{"id":"application-managehandovers-display-component---AddNewHO--smartFilterBar-btnBasicSearch","searchOpenDialogs":true,"interaction":{"idSuffix":"I"}},"wdio_ui5_key":"applicationmanagehandovers-display-component---AddNewHO--smartFilterBar-btnBasicSearch"}]}
RESULT: undefined
COMMAND: POST /session/a0fa65e418457f6e1528b16bc1e26f2c/execute/async - {"script":"<script> [776 bytes]","args":[{"enterText":"200257","selector":{"id":"application-managehandovers-display-component---AddNewHO--smartFilterBar-btnBasicSearch","searchOpenDialogs":true,"interaction":{"idSuffix":"I"}},"clearTextFirst":true,"interactionType":"ENTER_TEXT"}]}
RESULT: {"script":"<script> [776 bytes]","args":[{"enterText":"200257","selector":{"id":"application-managehandovers-display-component---AddNewHO--smartFilterBar-btnBasicSearch","searchOpenDialogs":true,"interaction":{"idSuffix":"I"}},"clearTextFirst":true,"interactionType":"ENTER_TEXT"}]}
COMMAND: POST /session/a0fa65e418457f6e1528b16bc1e26f2c/actions - {"actions":[{"id":"action48","type":"key","parameters":{},"actions":[{"type":"keyDown","value":"î€‡"},{"type":"pause","duration":10},{"type":"keyUp","value":"î€‡"}]}]}
RESULT: {"actions":[{"id":"action48","type":"key","parameters":{},"actions":[{"type":"keyDown","value":"î€‡"},{"type":"pause","duration":10},{"type":"keyUp","value":"î€‡"}]}]}
COMMAND: GET /session/a0fa65e418457f6e1528b16bc1e26f2c/screenshot - {}
RESULT: {}
COMMAND: POST /session/a0fa65e418457f6e1528b16bc1e26f2c/execute/async - {"script":"<script> [1562 bytes]","args":[{"selector":{"id":"application-managehandovers-display-component---AddNewHO--popup-sa","searchOpenDialogs":true,"interaction":{"idSuffix":"CbBg"}},"wdio_ui5_key":"applicationmanagehandovers-display-component---AddNewHO--popup-sa"}]}
RESULT: {"script":"<script> [1562 bytes]","args":[{"selector":{"id":"application-managehandovers-display-component---AddNewHO--popup-sa","searchOpenDialogs":true,"interaction":{"idSuffix":"CbBg"}},"wdio_ui5_key":"applicationmanagehandovers-display-component---AddNewHO--popup-sa"}]}
RESULT: undefined
COMMAND: POST /session/a0fa65e418457f6e1528b16bc1e26f2c/element - {"using":"xpath","value":"//*[@id=\"application-managehandovers-display-component---AddNewHO--popup-sa\"]"}
RESULT: {"using":"xpath","value":"//*[@id=\"application-managehandovers-display-component---AddNewHO--popup-sa\"]"}
COMMAND: POST /session/a0fa65e418457f6e1528b16bc1e26f2c/element/f.6300CB9FC90E916FB2ACF31257920715.d.CFD81A69ECB52A89A4834B5CD9192FD5.e.14178/click - {}
RESULT: {}
COMMAND: GET /session/a0fa65e418457f6e1528b16bc1e26f2c/screenshot - {}
RESULT: {}
COMMAND: POST /session/a0fa65e418457f6e1528b16bc1e26f2c/element - {"using":"xpath","value":"//bdi[contains(text(), \"Select\")]"}
RESULT: {"using":"xpath","value":"//bdi[contains(text(), \"Select\")]"}
COMMAND: POST /session/a0fa65e418457f6e1528b16bc1e26f2c/element/f.6300CB9FC90E916FB2ACF31257920715.d.CFD81A69ECB52A89A4834B5CD9192FD5.e.14179/click - {}
RESULT: {}
COMMAND: GET /session/a0fa65e418457f6e1528b16bc1e26f2c/screenshot - {}
RESULT: {}
COMMAND: POST /session/a0fa65e418457f6e1528b16bc1e26f2c/element - {"using":"xpath","value":"//button[@data-kt=\"AddNewHOSaveButton\"]"}
RESULT: {"using":"xpath","value":"//button[@data-kt=\"AddNewHOSaveButton\"]"}
COMMAND: POST /session/a0fa65e418457f6e1528b16bc1e26f2c/element/f.6300CB9FC90E916FB2ACF31257920715.d.CFD81A69ECB52A89A4834B5CD9192FD5.e.14183/click - {}
RESULT: {}
COMMAND: GET /session/a0fa65e418457f6e1528b16bc1e26f2c/screenshot - {}
RESULT: {}
COMMAND: POST /session/a0fa65e418457f6e1528b16bc1e26f2c/execute/async - {"script":"<script> [1562 bytes]","args":[{"selector":{"id":"receiptDatePicker","viewName":"etm.portal.ui.managehandovers.view.DetailExecuteHO","interaction":{"idSuffix":"inner"}},"wdio_ui5_key":"receiptDatePickeretmportal.ui.managehandovers.view.DetailExecuteHO"}]}
RESULT: {"script":"<script> [1562 bytes]","args":[{"selector":{"id":"receiptDatePicker","viewName":"etm.portal.ui.managehandovers.view.DetailExecuteHO","interaction":{"idSuffix":"inner"}},"wdio_ui5_key":"receiptDatePickeretmportal.ui.managehandovers.view.DetailExecuteHO"}]}
RESULT: undefined
COMMAND: POST /session/a0fa65e418457f6e1528b16bc1e26f2c/execute/async - {"script":"<script> [6424 bytes]","args":[{"element-6066-11e4-a52e-4f735466cecf":"f.6300CB9FC90E916FB2ACF31257920715.d.CFD81A69ECB52A89A4834B5CD9192FD5.e.14220"},"setValue",["5/17/25"]]}
RESULT: {"script":"<script> [6424 bytes]","args":[{"element-6066-11e4-a52e-4f735466cecf":"f.6300CB9FC90E916FB2ACF31257920715.d.CFD81A69ECB52A89A4834B5CD9192FD5.e.14220"},"setValue",["5/17/25"]]}
COMMAND: POST /session/a0fa65e418457f6e1528b16bc1e26f2c/element - {"using":"xpath","value":"//button[@data-kt=\"PickingTableConfirmAllButton\"]"}
RESULT: {"using":"xpath","value":"//button[@data-kt=\"PickingTableConfirmAllButton\"]"}
COMMAND: POST /session/a0fa65e418457f6e1528b16bc1e26f2c/element/f.6300CB9FC90E916FB2ACF31257920715.d.CFD81A69ECB52A89A4834B5CD9192FD5.e.14233/click - {}
RESULT: {}
COMMAND: GET /session/a0fa65e418457f6e1528b16bc1e26f2c/screenshot - {}
RESULT: {}
COMMAND: POST /session/a0fa65e418457f6e1528b16bc1e26f2c/element - {"using":"xpath","value":"//bdi[contains(text(), \"OK\")]"}
RESULT: {"using":"xpath","value":"//bdi[contains(text(), \"OK\")]"}
COMMAND: POST /session/a0fa65e418457f6e1528b16bc1e26f2c/element/f.6300CB9FC90E916FB2ACF31257920715.d.CFD81A69ECB52A89A4834B5CD9192FD5.e.14235/click - {}
RESULT: {}
COMMAND: GET /session/a0fa65e418457f6e1528b16bc1e26f2c/screenshot - {}
RESULT: {}
COMMAND: POST /session/a0fa65e418457f6e1528b16bc1e26f2c/element - {"using":"xpath","value":"(//bdi[contains(text(), \"Receive\")])[2]"}
RESULT: {"using":"xpath","value":"(//bdi[contains(text(), \"Receive\")])[2]"}
COMMAND: POST /session/a0fa65e418457f6e1528b16bc1e26f2c/element/f.6300CB9FC90E916FB2ACF31257920715.d.CFD81A69ECB52A89A4834B5CD9192FD5.e.14237/click - {}
RESULT: {}
COMMAND: GET /session/a0fa65e418457f6e1528b16bc1e26f2c/screenshot - {}
RESULT: {}
COMMAND: POST /session/a0fa65e418457f6e1528b16bc1e26f2c/element - {"using":"css selector","value":"#shell-header-logo"}
RESULT: {"using":"css selector","value":"#shell-header-logo"}
COMMAND: POST /session/a0fa65e418457f6e1528b16bc1e26f2c/element/f.6300CB9FC90E916FB2ACF31257920715.d.CFD81A69ECB52A89A4834B5CD9192FD5.e.13614/click - {}
RESULT: {}
COMMAND: GET /session/a0fa65e418457f6e1528b16bc1e26f2c/screenshot - {}
RESULT: {}
]]></system-out>
    </testcase>
    <testcase classname="chrome.136_0_7103_93.windows.Provide_to_Site_w/o_warehouse_management_w_clarification" name="Should create a new contract" time="60.563">
      <system-out><![CDATA[
COMMAND: POST /session/a0fa65e418457f6e1528b16bc1e26f2c/execute/async - {"script":"<script> [1562 bytes]","args":[{"selector":{"controlType":"sap.m.GenericTile","properties":{"header":"Manage Contracts"}},"wdio_ui5_key":"sapm.GenericTile{\"header\":\"Manage Contracts\"}"}]}
RESULT: {"script":"<script> [1562 bytes]","args":[{"selector":{"controlType":"sap.m.GenericTile","properties":{"header":"Manage Contracts"}},"wdio_ui5_key":"sapm.GenericTile{\"header\":\"Manage Contracts\"}"}]}
RESULT: undefined
COMMAND: POST /session/a0fa65e418457f6e1528b16bc1e26f2c/element - {"using":"xpath","value":"//*[@id=\"__tile130\"]"}
RESULT: {"using":"xpath","value":"//*[@id=\"__tile130\"]"}
COMMAND: POST /session/a0fa65e418457f6e1528b16bc1e26f2c/element/f.6300CB9FC90E916FB2ACF31257920715.d.CFD81A69ECB52A89A4834B5CD9192FD5.e.10600/click - {}
RESULT: {}
COMMAND: GET /session/a0fa65e418457f6e1528b16bc1e26f2c/screenshot - {}
RESULT: {}
COMMAND: POST /session/a0fa65e418457f6e1528b16bc1e26f2c/elements - {"using":"xpath","value":"//span[text()='Error']"}
RESULT: {"using":"xpath","value":"//span[text()='Error']"}
COMMAND: POST /session/a0fa65e418457f6e1528b16bc1e26f2c/element - {"using":"xpath","value":"//button[@data-kt=\"addButton\"]"}
RESULT: {"using":"xpath","value":"//button[@data-kt=\"addButton\"]"}
COMMAND: POST /session/a0fa65e418457f6e1528b16bc1e26f2c/elements - {"using":"xpath","value":"//button[@data-kt=\"addButton\"]"}
RESULT: {"using":"xpath","value":"//button[@data-kt=\"addButton\"]"}
COMMAND: POST /session/a0fa65e418457f6e1528b16bc1e26f2c/execute/sync - {"script":"<script> [8489 bytes]","args":[{"element-6066-11e4-a52e-4f735466cecf":"f.6300CB9FC90E916FB2ACF31257920715.d.CFD81A69ECB52A89A4834B5CD9192FD5.e.14608","ELEMENT":"f.6300CB9FC90E916FB2ACF31257920715.d.CFD81A69ECB52A89A4834B5CD9192FD5.e.14608"}]}
RESULT: {"script":"<script> [8489 bytes]","args":[{"element-6066-11e4-a52e-4f735466cecf":"f.6300CB9FC90E916FB2ACF31257920715.d.CFD81A69ECB52A89A4834B5CD9192FD5.e.14608","ELEMENT":"f.6300CB9FC90E916FB2ACF31257920715.d.CFD81A69ECB52A89A4834B5CD9192FD5.e.14608"}]}
COMMAND: GET /session/a0fa65e418457f6e1528b16bc1e26f2c/element/f.6300CB9FC90E916FB2ACF31257920715.d.CFD81A69ECB52A89A4834B5CD9192FD5.e.14608/enabled - {}
COMMAND: GET /session/a0fa65e418457f6e1528b16bc1e26f2c/screenshot - {}
RESULT: {}
COMMAND: POST /session/a0fa65e418457f6e1528b16bc1e26f2c/execute/sync - {"script":"<script> [8489 bytes]","args":[{"element-6066-11e4-a52e-4f735466cecf":"f.6300CB9FC90E916FB2ACF31257920715.d.CFD81A69ECB52A89A4834B5CD9192FD5.e.14608","ELEMENT":"f.6300CB9FC90E916FB2ACF31257920715.d.CFD81A69ECB52A89A4834B5CD9192FD5.e.14608"}]}
COMMAND: GET /session/a0fa65e418457f6e1528b16bc1e26f2c/screenshot - {}
RESULT: {}
RESULT: {"script":"<script> [8489 bytes]","args":[{"element-6066-11e4-a52e-4f735466cecf":"f.6300CB9FC90E916FB2ACF31257920715.d.CFD81A69ECB52A89A4834B5CD9192FD5.e.14608","ELEMENT":"f.6300CB9FC90E916FB2ACF31257920715.d.CFD81A69ECB52A89A4834B5CD9192FD5.e.14608"}]}
COMMAND: POST /session/a0fa65e418457f6e1528b16bc1e26f2c/execute/sync - {"script":"<script> [5351 bytes]","args":[{"element-6066-11e4-a52e-4f735466cecf":"f.6300CB9FC90E916FB2ACF31257920715.d.CFD81A69ECB52A89A4834B5CD9192FD5.e.14608","ELEMENT":"f.6300CB9FC90E916FB2ACF31257920715.d.CFD81A69ECB52A89A4834B5CD9192FD5.e.14608"}]}
COMMAND: GET /session/a0fa65e418457f6e1528b16bc1e26f2c/screenshot - {}
RESULT: {}
RESULT: {"script":"<script> [5351 bytes]","args":[{"element-6066-11e4-a52e-4f735466cecf":"f.6300CB9FC90E916FB2ACF31257920715.d.CFD81A69ECB52A89A4834B5CD9192FD5.e.14608","ELEMENT":"f.6300CB9FC90E916FB2ACF31257920715.d.CFD81A69ECB52A89A4834B5CD9192FD5.e.14608"}]}
COMMAND: GET /session/a0fa65e418457f6e1528b16bc1e26f2c/screenshot - {}
RESULT: {}
RESULT: {}
COMMAND: POST /session/a0fa65e418457f6e1528b16bc1e26f2c/element/f.6300CB9FC90E916FB2ACF31257920715.d.CFD81A69ECB52A89A4834B5CD9192FD5.e.14608/click - {}
RESULT: {}
COMMAND: GET /session/a0fa65e418457f6e1528b16bc1e26f2c/screenshot - {}
RESULT: {}
COMMAND: POST /session/a0fa65e418457f6e1528b16bc1e26f2c/execute/async - {"script":"<script> [1562 bytes]","args":[{"selector":{"id":"application-managecontracts-display-component---AddNewContract--projectDescription","interaction":{"idSuffix":"inner"}},"wdio_ui5_key":"applicationmanagecontracts-display-component---AddNewContract--projectDescription"}]}
RESULT: {"script":"<script> [1562 bytes]","args":[{"selector":{"id":"application-managecontracts-display-component---AddNewContract--projectDescription","interaction":{"idSuffix":"inner"}},"wdio_ui5_key":"applicationmanagecontracts-display-component---AddNewContract--projectDescription"}]}
RESULT: undefined
COMMAND: POST /session/a0fa65e418457f6e1528b16bc1e26f2c/execute/async - {"script":"<script> [776 bytes]","args":[{"enterText":"Contract WDIO","selector":{"id":"application-managecontracts-display-component---AddNewContract--projectDescription","interaction":{"idSuffix":"inner"}},"clearTextFirst":true,"interactionType":"ENTER_TEXT"}]}
RESULT: {"script":"<script> [776 bytes]","args":[{"enterText":"Contract WDIO","selector":{"id":"application-managecontracts-display-component---AddNewContract--projectDescription","interaction":{"idSuffix":"inner"}},"clearTextFirst":true,"interactionType":"ENTER_TEXT"}]}
COMMAND: POST /session/a0fa65e418457f6e1528b16bc1e26f2c/element - {"using":"xpath","value":"//input[@id=\"application-managecontracts-display-component---AddNewContract--site-inner\"]"}
RESULT: {"using":"xpath","value":"//input[@id=\"application-managecontracts-display-component---AddNewContract--site-inner\"]"}
COMMAND: POST /session/a0fa65e418457f6e1528b16bc1e26f2c/element/f.6300CB9FC90E916FB2ACF31257920715.d.CFD81A69ECB52A89A4834B5CD9192FD5.e.15001/clear - {}
RESULT: {}
COMMAND: POST /session/a0fa65e418457f6e1528b16bc1e26f2c/element/f.6300CB9FC90E916FB2ACF31257920715.d.CFD81A69ECB52A89A4834B5CD9192FD5.e.15001/value - {"text":"2240"}
COMMAND: GET /session/a0fa65e418457f6e1528b16bc1e26f2c/screenshot - {}
RESULT: {"text":"2240"}
COMMAND: GET /session/a0fa65e418457f6e1528b16bc1e26f2c/screenshot - {}
RESULT: {}
RESULT: {}
COMMAND: POST /session/a0fa65e418457f6e1528b16bc1e26f2c/element - {"using":"xpath","value":"//li[.//span[text()='2240']]"}
RESULT: {"using":"xpath","value":"//li[.//span[text()='2240']]"}
COMMAND: POST /session/a0fa65e418457f6e1528b16bc1e26f2c/element/f.6300CB9FC90E916FB2ACF31257920715.d.CFD81A69ECB52A89A4834B5CD9192FD5.e.15029/click - {}
RESULT: {}
COMMAND: GET /session/a0fa65e418457f6e1528b16bc1e26f2c/screenshot - {}
RESULT: {}
COMMAND: POST /session/a0fa65e418457f6e1528b16bc1e26f2c/element - {"using":"xpath","value":"//input[@id=\"application-managecontracts-display-component---AddNewContract--yardId-inner\"]"}
RESULT: {"using":"xpath","value":"//input[@id=\"application-managecontracts-display-component---AddNewContract--yardId-inner\"]"}
COMMAND: GET /session/a0fa65e418457f6e1528b16bc1e26f2c/element/f.6300CB9FC90E916FB2ACF31257920715.d.CFD81A69ECB52A89A4834B5CD9192FD5.e.15002/property/value - {}
RESULT: {}
COMMAND: POST /session/a0fa65e418457f6e1528b16bc1e26f2c/element - {"using":"xpath","value":"//input[@id=\"application-managecontracts-display-component---AddNewContract--customerSelect-inner\"]"}
COMMAND: GET /session/a0fa65e418457f6e1528b16bc1e26f2c/screenshot - {}
RESULT: {"using":"xpath","value":"//input[@id=\"application-managecontracts-display-component---AddNewContract--customerSelect-inner\"]"}
COMMAND: POST /session/a0fa65e418457f6e1528b16bc1e26f2c/element/f.6300CB9FC90E916FB2ACF31257920715.d.CFD81A69ECB52A89A4834B5CD9192FD5.e.15000/clear - {}
RESULT: {}
RESULT: {}
COMMAND: POST /session/a0fa65e418457f6e1528b16bc1e26f2c/element/f.6300CB9FC90E916FB2ACF31257920715.d.CFD81A69ECB52A89A4834B5CD9192FD5.e.15000/value - {"text":"1284"}
COMMAND: GET /session/a0fa65e418457f6e1528b16bc1e26f2c/screenshot - {}
RESULT: {"text":"1284"}
COMMAND: GET /session/a0fa65e418457f6e1528b16bc1e26f2c/screenshot - {}
RESULT: {}
RESULT: {}
COMMAND: POST /session/a0fa65e418457f6e1528b16bc1e26f2c/element - {"using":"xpath","value":"//li[.//span[text()='1284']]"}
RESULT: {"using":"xpath","value":"//li[.//span[text()='1284']]"}
COMMAND: POST /session/a0fa65e418457f6e1528b16bc1e26f2c/element/f.6300CB9FC90E916FB2ACF31257920715.d.CFD81A69ECB52A89A4834B5CD9192FD5.e.15032/click - {}
RESULT: {}
COMMAND: GET /session/a0fa65e418457f6e1528b16bc1e26f2c/screenshot - {}
RESULT: {}
COMMAND: POST /session/a0fa65e418457f6e1528b16bc1e26f2c/element - {"using":"xpath","value":"//button[@data-kt=\"saveButton\"]"}
RESULT: {"using":"xpath","value":"//button[@data-kt=\"saveButton\"]"}
COMMAND: POST /session/a0fa65e418457f6e1528b16bc1e26f2c/element/f.6300CB9FC90E916FB2ACF31257920715.d.CFD81A69ECB52A89A4834B5CD9192FD5.e.15033/click - {}
RESULT: {}
COMMAND: GET /session/a0fa65e418457f6e1528b16bc1e26f2c/screenshot - {}
RESULT: {}
COMMAND: POST /session/a0fa65e418457f6e1528b16bc1e26f2c/element - {"using":"xpath","value":"//span[contains(@id ,\"contractDetailTitleNoExpanded\")]"}
RESULT: {"using":"xpath","value":"//span[contains(@id ,\"contractDetailTitleNoExpanded\")]"}
COMMAND: POST /session/a0fa65e418457f6e1528b16bc1e26f2c/elements - {"using":"xpath","value":"//span[contains(@id ,\"contractDetailTitleNoExpanded\")]"}
RESULT: {"using":"xpath","value":"//span[contains(@id ,\"contractDetailTitleNoExpanded\")]"}
COMMAND: POST /session/a0fa65e418457f6e1528b16bc1e26f2c/execute/sync - {"script":"<script> [56 bytes]","args":[{"element-6066-11e4-a52e-4f735466cecf":"f.6300CB9FC90E916FB2ACF31257920715.d.CFD81A69ECB52A89A4834B5CD9192FD5.e.15046","ELEMENT":"f.6300CB9FC90E916FB2ACF31257920715.d.CFD81A69ECB52A89A4834B5CD9192FD5.e.15046"}]}
RESULT: {"script":"<script> [56 bytes]","args":[{"element-6066-11e4-a52e-4f735466cecf":"f.6300CB9FC90E916FB2ACF31257920715.d.CFD81A69ECB52A89A4834B5CD9192FD5.e.15046","ELEMENT":"f.6300CB9FC90E916FB2ACF31257920715.d.CFD81A69ECB52A89A4834B5CD9192FD5.e.15046"}]}
COMMAND: GET /session/a0fa65e418457f6e1528b16bc1e26f2c/screenshot - {}
RESULT: {}
]]></system-out>
    </testcase>
    <testcase classname="chrome.136_0_7103_93.windows.Provide_to_Site_w/o_warehouse_management_w_clarification" name="Should add equipment to the contract" time="56.597">
      <system-out><![CDATA[
COMMAND: POST /session/a0fa65e418457f6e1528b16bc1e26f2c/element - {"using":"xpath","value":"//button[@data-kt=\"contractDetailEditBtnButton\"]"}
RESULT: {"using":"xpath","value":"//button[@data-kt=\"contractDetailEditBtnButton\"]"}
COMMAND: POST /session/a0fa65e418457f6e1528b16bc1e26f2c/element/f.6300CB9FC90E916FB2ACF31257920715.d.CFD81A69ECB52A89A4834B5CD9192FD5.e.15047/click - {}
RESULT: {}
COMMAND: GET /session/a0fa65e418457f6e1528b16bc1e26f2c/screenshot - {}
RESULT: {}
COMMAND: POST /session/a0fa65e418457f6e1528b16bc1e26f2c/element - {"using":"xpath","value":"(//span[contains(text(), \"Additional Addresses\")])[2]"}
RESULT: {"using":"xpath","value":"(//span[contains(text(), \"Additional Addresses\")])[2]"}
COMMAND: POST /session/a0fa65e418457f6e1528b16bc1e26f2c/element/f.6300CB9FC90E916FB2ACF31257920715.d.CFD81A69ECB52A89A4834B5CD9192FD5.e.15101/click - {}
RESULT: {}
COMMAND: GET /session/a0fa65e418457f6e1528b16bc1e26f2c/screenshot - {}
RESULT: {}
COMMAND: POST /session/a0fa65e418457f6e1528b16bc1e26f2c/element - {"using":"xpath","value":"//button[@data-kt=\"btnAddTableRowOverflowToolbarButton\"]"}
RESULT: {"using":"xpath","value":"//button[@data-kt=\"btnAddTableRowOverflowToolbarButton\"]"}
COMMAND: POST /session/a0fa65e418457f6e1528b16bc1e26f2c/element/f.6300CB9FC90E916FB2ACF31257920715.d.CFD81A69ECB52A89A4834B5CD9192FD5.e.15105/click - {}
RESULT: {}
COMMAND: GET /session/a0fa65e418457f6e1528b16bc1e26f2c/screenshot - {}
RESULT: {}
COMMAND: POST /session/a0fa65e418457f6e1528b16bc1e26f2c/element - {"using":"xpath","value":"//div[(text() = 'Standard Entry' or . = 'Standard Entry')]"}
RESULT: {"using":"xpath","value":"//div[(text() = 'Standard Entry' or . = 'Standard Entry')]"}
COMMAND: POST /session/a0fa65e418457f6e1528b16bc1e26f2c/element/f.6300CB9FC90E916FB2ACF31257920715.d.CFD81A69ECB52A89A4834B5CD9192FD5.e.15107/click - {}
RESULT: {}
COMMAND: GET /session/a0fa65e418457f6e1528b16bc1e26f2c/screenshot - {}
RESULT: {}
COMMAND: POST /session/a0fa65e418457f6e1528b16bc1e26f2c/element - {"using":"xpath","value":"//td[6]/div/div/div/span"}
RESULT: {"using":"xpath","value":"//td[6]/div/div/div/span"}
COMMAND: POST /session/a0fa65e418457f6e1528b16bc1e26f2c/element/f.6300CB9FC90E916FB2ACF31257920715.d.CFD81A69ECB52A89A4834B5CD9192FD5.e.15119/click - {}
RESULT: {}
COMMAND: GET /session/a0fa65e418457f6e1528b16bc1e26f2c/screenshot - {}
RESULT: {}
COMMAND: POST /session/a0fa65e418457f6e1528b16bc1e26f2c/element - {"using":"xpath","value":"(//span[contains(text(), \"Material\")])"}
RESULT: {"using":"xpath","value":"(//span[contains(text(), \"Material\")])"}
COMMAND: POST /session/a0fa65e418457f6e1528b16bc1e26f2c/element/f.6300CB9FC90E916FB2ACF31257920715.d.CFD81A69ECB52A89A4834B5CD9192FD5.e.15120/click - {}
RESULT: {}
COMMAND: GET /session/a0fa65e418457f6e1528b16bc1e26f2c/screenshot - {}
RESULT: {}
COMMAND: POST /session/a0fa65e418457f6e1528b16bc1e26f2c/element - {"using":"xpath","value":"//td[7]/div/div/input"}
RESULT: {"using":"xpath","value":"//td[7]/div/div/input"}
COMMAND: POST /session/a0fa65e418457f6e1528b16bc1e26f2c/element/f.6300CB9FC90E916FB2ACF31257920715.d.CFD81A69ECB52A89A4834B5CD9192FD5.e.15124/clear - {}
RESULT: {}
COMMAND: POST /session/a0fa65e418457f6e1528b16bc1e26f2c/element/f.6300CB9FC90E916FB2ACF31257920715.d.CFD81A69ECB52A89A4834B5CD9192FD5.e.15124/value - {"text":"200257"}
COMMAND: GET /session/a0fa65e418457f6e1528b16bc1e26f2c/screenshot - {}
RESULT: {"text":"200257"}
COMMAND: GET /session/a0fa65e418457f6e1528b16bc1e26f2c/screenshot - {}
RESULT: {}
RESULT: {}
COMMAND: POST /session/a0fa65e418457f6e1528b16bc1e26f2c/actions - {"actions":[{"id":"action49","type":"key","parameters":{},"actions":[{"type":"keyDown","value":"î€‡"},{"type":"pause","duration":10},{"type":"keyUp","value":"î€‡"}]}]}
RESULT: {"actions":[{"id":"action49","type":"key","parameters":{},"actions":[{"type":"keyDown","value":"î€‡"},{"type":"pause","duration":10},{"type":"keyUp","value":"î€‡"}]}]}
COMMAND: GET /session/a0fa65e418457f6e1528b16bc1e26f2c/screenshot - {}
RESULT: {}
COMMAND: POST /session/a0fa65e418457f6e1528b16bc1e26f2c/execute/sync - {"script":"<script> [276 bytes]","args":["No pricing information was found"]}
RESULT: {"script":"<script> [276 bytes]","args":["No pricing information was found"]}
COMMAND: POST /session/a0fa65e418457f6e1528b16bc1e26f2c/element - {"using":"xpath","value":"//bdi[contains(text(), \"OK\")]"}
COMMAND: GET /session/a0fa65e418457f6e1528b16bc1e26f2c/screenshot - {}
RESULT: {"using":"xpath","value":"//bdi[contains(text(), \"OK\")]"}
COMMAND: POST /session/a0fa65e418457f6e1528b16bc1e26f2c/element/f.6300CB9FC90E916FB2ACF31257920715.d.CFD81A69ECB52A89A4834B5CD9192FD5.e.15150/click - {}
RESULT: {}
RESULT: {}
COMMAND: GET /session/a0fa65e418457f6e1528b16bc1e26f2c/screenshot - {}
RESULT: {}
COMMAND: POST /session/a0fa65e418457f6e1528b16bc1e26f2c/element - {"using":"xpath","value":"(//button[@data-kt=\"saveButton\"])[2]"}
RESULT: {"using":"xpath","value":"(//button[@data-kt=\"saveButton\"])[2]"}
COMMAND: POST /session/a0fa65e418457f6e1528b16bc1e26f2c/element/f.6300CB9FC90E916FB2ACF31257920715.d.CFD81A69ECB52A89A4834B5CD9192FD5.e.15151/click - {}
RESULT: {}
COMMAND: GET /session/a0fa65e418457f6e1528b16bc1e26f2c/screenshot - {}
RESULT: {}
COMMAND: POST /session/a0fa65e418457f6e1528b16bc1e26f2c/execute/sync - {"script":"<script> [276 bytes]","args":["Some contract items are having rental validity exceeding header rental validity"]}
RESULT: {"script":"<script> [276 bytes]","args":["Some contract items are having rental validity exceeding header rental validity"]}
COMMAND: GET /session/a0fa65e418457f6e1528b16bc1e26f2c/screenshot - {}
RESULT: {}
COMMAND: POST /session/a0fa65e418457f6e1528b16bc1e26f2c/element - {"using":"xpath","value":"//span[contains(@id ,\"contractItemsSmartTable-header-inner\")]"}
RESULT: {"using":"xpath","value":"//span[contains(@id ,\"contractItemsSmartTable-header-inner\")]"}
COMMAND: POST /session/a0fa65e418457f6e1528b16bc1e26f2c/elements - {"using":"xpath","value":"//span[contains(@id ,\"contractItemsSmartTable-header-inner\")]"}
RESULT: {"using":"xpath","value":"//span[contains(@id ,\"contractItemsSmartTable-header-inner\")]"}
COMMAND: POST /session/a0fa65e418457f6e1528b16bc1e26f2c/execute/sync - {"script":"<script> [56 bytes]","args":[{"element-6066-11e4-a52e-4f735466cecf":"f.6300CB9FC90E916FB2ACF31257920715.d.CFD81A69ECB52A89A4834B5CD9192FD5.e.15155","ELEMENT":"f.6300CB9FC90E916FB2ACF31257920715.d.CFD81A69ECB52A89A4834B5CD9192FD5.e.15155"}]}
RESULT: {"script":"<script> [56 bytes]","args":[{"element-6066-11e4-a52e-4f735466cecf":"f.6300CB9FC90E916FB2ACF31257920715.d.CFD81A69ECB52A89A4834B5CD9192FD5.e.15155","ELEMENT":"f.6300CB9FC90E916FB2ACF31257920715.d.CFD81A69ECB52A89A4834B5CD9192FD5.e.15155"}]}
COMMAND: GET /session/a0fa65e418457f6e1528b16bc1e26f2c/screenshot - {}
]]></system-out>
    </testcase>
    <testcase classname="chrome.136_0_7103_93.windows.Provide_to_Site_w/o_warehouse_management_w_clarification" name="Should do provide to site" time="132.167">
      <system-out><![CDATA[
COMMAND: POST /session/a0fa65e418457f6e1528b16bc1e26f2c/element - {"using":"xpath","value":"//button[@data-kt=\"provideButton\"]"}
RESULT: {}
RESULT: {"using":"xpath","value":"//button[@data-kt=\"provideButton\"]"}
COMMAND: POST /session/a0fa65e418457f6e1528b16bc1e26f2c/element/f.6300CB9FC90E916FB2ACF31257920715.d.CFD81A69ECB52A89A4834B5CD9192FD5.e.15156/click - {}
RESULT: {}
COMMAND: GET /session/a0fa65e418457f6e1528b16bc1e26f2c/screenshot - {}
RESULT: {}
COMMAND: POST /session/a0fa65e418457f6e1528b16bc1e26f2c/element - {"using":"xpath","value":"(//div[contains(@id, \"application-managehandovers-display-component---AddNewHO--oneStep-CbBg\")])"}
RESULT: {"using":"xpath","value":"(//div[contains(@id, \"application-managehandovers-display-component---AddNewHO--oneStep-CbBg\")])"}
COMMAND: POST /session/a0fa65e418457f6e1528b16bc1e26f2c/element - {"using":"xpath","value":"(//div[contains(@id, \"application-managehandovers-display-component---AddNewHO--oneStep-CbBg\")])/input"}
RESULT: {"using":"xpath","value":"(//div[contains(@id, \"application-managehandovers-display-component---AddNewHO--oneStep-CbBg\")])/input"}
COMMAND: GET /session/a0fa65e418457f6e1528b16bc1e26f2c/element/f.6300CB9FC90E916FB2ACF31257920715.d.CFD81A69ECB52A89A4834B5CD9192FD5.e.15215/attribute/checked - {}
RESULT: {}
RESULT: undefined
COMMAND: POST /session/a0fa65e418457f6e1528b16bc1e26f2c/execute/async - {"script":"<script> [6424 bytes]","args":[{"element-6066-11e4-a52e-4f735466cecf":"f.6300CB9FC90E916FB2ACF31257920715.d.CFD81A69ECB52A89A4834B5CD9192FD5.e.14001"},"setValue",["05/17/25"]]}
COMMAND: POST /session/a0fa65e418457f6e1528b16bc1e26f2c/element/f.6300CB9FC90E916FB2ACF31257920715.d.CFD81A69ECB52A89A4834B5CD9192FD5.e.15466/click - {}
COMMAND: POST /session/a0fa65e418457f6e1528b16bc1e26f2c/execute/async - {"script":"<script> [1562 bytes]","args":[{"selector":{"id":"application-managehandovers-display-component---AddNewHO--dueDate","interaction":{"idSuffix":"inner"}},"wdio_ui5_key":"applicationmanagehandovers-display-component---AddNewHO--dueDate"}]}
RESULT: {}
COMMAND: GET /session/a0fa65e418457f6e1528b16bc1e26f2c/screenshot - {}
RESULT: {"script":"<script> [1562 bytes]","args":[{"selector":{"id":"application-managehandovers-display-component---AddNewHO--dueDate","interaction":{"idSuffix":"inner"}},"wdio_ui5_key":"applicationmanagehandovers-display-component---AddNewHO--dueDate"}]}
COMMAND: POST /session/a0fa65e418457f6e1528b16bc1e26f2c/execute/async - {"script":"<script> [6424 bytes]","args":[{"element-6066-11e4-a52e-4f735466cecf":"f.6300CB9FC90E916FB2ACF31257920715.d.CFD81A69ECB52A89A4834B5CD9192FD5.e.15213"},"setValue",["05/17/25"]]}
RESULT: {}
RESULT: {"script":"<script> [6424 bytes]","args":[{"element-6066-11e4-a52e-4f735466cecf":"f.6300CB9FC90E916FB2ACF31257920715.d.CFD81A69ECB52A89A4834B5CD9192FD5.e.15213"},"setValue",["05/17/25"]]}
COMMAND: POST /session/a0fa65e418457f6e1528b16bc1e26f2c/element - {"using":"xpath","value":"//bdi[contains(text(), \"Instructions\")]"}
RESULT: {"using":"xpath","value":"//bdi[contains(text(), \"Instructions\")]"}
COMMAND: POST /session/a0fa65e418457f6e1528b16bc1e26f2c/element/f.6300CB9FC90E916FB2ACF31257920715.d.CFD81A69ECB52A89A4834B5CD9192FD5.e.15470/click - {}
RESULT: {}
COMMAND: GET /session/a0fa65e418457f6e1528b16bc1e26f2c/screenshot - {}
RESULT: {}
COMMAND: POST /session/a0fa65e418457f6e1528b16bc1e26f2c/element - {"using":"xpath","value":"//button[@data-kt=\"AddNewHOProvideAddItemsButton\"]"}
RESULT: {"using":"xpath","value":"//button[@data-kt=\"AddNewHOProvideAddItemsButton\"]"}
COMMAND: POST /session/a0fa65e418457f6e1528b16bc1e26f2c/element/f.6300CB9FC90E916FB2ACF31257920715.d.CFD81A69ECB52A89A4834B5CD9192FD5.e.15473/click - {}
RESULT: {}
COMMAND: GET /session/a0fa65e418457f6e1528b16bc1e26f2c/screenshot - {}
RESULT: {}
RESULT: undefined
COMMAND: POST /session/a0fa65e418457f6e1528b16bc1e26f2c/element - {"using":"xpath","value":"//*[@id=\"application-managehandovers-display-component---AddNewHO--popup-sa\"]"}
RESULT: {"using":"xpath","value":"//*[@id=\"application-managehandovers-display-component---AddNewHO--popup-sa\"]"}
COMMAND: POST /session/a0fa65e418457f6e1528b16bc1e26f2c/element/f.6300CB9FC90E916FB2ACF31257920715.d.CFD81A69ECB52A89A4834B5CD9192FD5.e.15484/click - {}
RESULT: {}
COMMAND: GET /session/a0fa65e418457f6e1528b16bc1e26f2c/screenshot - {}
RESULT: {}
COMMAND: POST /session/a0fa65e418457f6e1528b16bc1e26f2c/element - {"using":"xpath","value":"//*[contains(@id ,\"BDI-content\")][contains(text(), \"Select\")]"}
RESULT: {"using":"xpath","value":"//*[contains(@id ,\"BDI-content\")][contains(text(), \"Select\")]"}
COMMAND: POST /session/a0fa65e418457f6e1528b16bc1e26f2c/element/f.6300CB9FC90E916FB2ACF31257920715.d.CFD81A69ECB52A89A4834B5CD9192FD5.e.15486/click - {}
RESULT: {}
COMMAND: GET /session/a0fa65e418457f6e1528b16bc1e26f2c/screenshot - {}
RESULT: {}
COMMAND: POST /session/a0fa65e418457f6e1528b16bc1e26f2c/execute/async - {"script":"<script> [1562 bytes]","args":[{"selector":{"id":"application-managehandovers-display-component---AddNewHO--confirmCreationButton","interaction":{"idSuffix":"BDI-content"}},"wdio_ui5_key":"applicationmanagehandovers-display-component---AddNewHO--confirmCreationButton"}]}
RESULT: {"script":"<script> [1562 bytes]","args":[{"selector":{"id":"application-managehandovers-display-component---AddNewHO--confirmCreationButton","interaction":{"idSuffix":"BDI-content"}},"wdio_ui5_key":"applicationmanagehandovers-display-component---AddNewHO--confirmCreationButton"}]}
RESULT: undefined
COMMAND: POST /session/a0fa65e418457f6e1528b16bc1e26f2c/element - {"using":"xpath","value":"//*[@id=\"application-managehandovers-display-component---AddNewHO--confirmCreationButton\"]"}
RESULT: {"using":"xpath","value":"//*[@id=\"application-managehandovers-display-component---AddNewHO--confirmCreationButton\"]"}
COMMAND: POST /session/a0fa65e418457f6e1528b16bc1e26f2c/element/f.6300CB9FC90E916FB2ACF31257920715.d.CFD81A69ECB52A89A4834B5CD9192FD5.e.15292/click - {}
RESULT: {}
COMMAND: GET /session/a0fa65e418457f6e1528b16bc1e26f2c/screenshot - {}
RESULT: {}
COMMAND: POST /session/a0fa65e418457f6e1528b16bc1e26f2c/execute/async - {"script":"<script> [1562 bytes]","args":[{"selector":{"id":"issueDatePicker","viewName":"etm.portal.ui.managehandovers.view.DetailExecuteHO","interaction":{"idSuffix":"inner"}},"wdio_ui5_key":"issueDatePickeretmportal.ui.managehandovers.view.DetailExecuteHO"}]}
RESULT: {"script":"<script> [1562 bytes]","args":[{"selector":{"id":"issueDatePicker","viewName":"etm.portal.ui.managehandovers.view.DetailExecuteHO","interaction":{"idSuffix":"inner"}},"wdio_ui5_key":"issueDatePickeretmportal.ui.managehandovers.view.DetailExecuteHO"}]}
RESULT: undefined
COMMAND: POST /session/a0fa65e418457f6e1528b16bc1e26f2c/execute/async - {"script":"<script> [776 bytes]","args":[{"enterText":"5/17/25","selector":{"id":"issueDatePicker","viewName":"etm.portal.ui.managehandovers.view.DetailExecuteHO","interaction":{"idSuffix":"inner"}},"clearTextFirst":true,"interactionType":"ENTER_TEXT"}]}
RESULT: {"script":"<script> [776 bytes]","args":[{"enterText":"5/17/25","selector":{"id":"issueDatePicker","viewName":"etm.portal.ui.managehandovers.view.DetailExecuteHO","interaction":{"idSuffix":"inner"}},"clearTextFirst":true,"interactionType":"ENTER_TEXT"}]}
COMMAND: POST /session/a0fa65e418457f6e1528b16bc1e26f2c/element - {"using":"xpath","value":"//bdi[contains(text(), \"OK\")]"}
RESULT: {"using":"xpath","value":"//bdi[contains(text(), \"OK\")]"}
COMMAND: POST /session/a0fa65e418457f6e1528b16bc1e26f2c/element/f.6300CB9FC90E916FB2ACF31257920715.d.CFD81A69ECB52A89A4834B5CD9192FD5.e.15530/click - {}
RESULT: {}
COMMAND: GET /session/a0fa65e418457f6e1528b16bc1e26f2c/screenshot - {}
RESULT: {}
COMMAND: POST /session/a0fa65e418457f6e1528b16bc1e26f2c/element - {"using":"xpath","value":"//button[@data-kt=\"PickingTableConfirmAllButton\"]"}
RESULT: {"using":"xpath","value":"//button[@data-kt=\"PickingTableConfirmAllButton\"]"}
COMMAND: POST /session/a0fa65e418457f6e1528b16bc1e26f2c/element/f.6300CB9FC90E916FB2ACF31257920715.d.CFD81A69ECB52A89A4834B5CD9192FD5.e.15536/click - {}
RESULT: {}
COMMAND: GET /session/a0fa65e418457f6e1528b16bc1e26f2c/screenshot - {}
RESULT: {}
COMMAND: POST /session/a0fa65e418457f6e1528b16bc1e26f2c/element - {"using":"xpath","value":"//bdi[contains(text(), \"OK\")]"}
RESULT: {"using":"xpath","value":"//bdi[contains(text(), \"OK\")]"}
COMMAND: POST /session/a0fa65e418457f6e1528b16bc1e26f2c/element/f.6300CB9FC90E916FB2ACF31257920715.d.CFD81A69ECB52A89A4834B5CD9192FD5.e.15540/click - {}
RESULT: {}
COMMAND: GET /session/a0fa65e418457f6e1528b16bc1e26f2c/screenshot - {}
RESULT: {}
COMMAND: POST /session/a0fa65e418457f6e1528b16bc1e26f2c/element - {"using":"xpath","value":"//button[@data-kt=\"execHoPickButton\"]"}
RESULT: {"using":"xpath","value":"//button[@data-kt=\"execHoPickButton\"]"}
COMMAND: POST /session/a0fa65e418457f6e1528b16bc1e26f2c/element/f.6300CB9FC90E916FB2ACF31257920715.d.CFD81A69ECB52A89A4834B5CD9192FD5.e.15541/click - {}
RESULT: {}
COMMAND: GET /session/a0fa65e418457f6e1528b16bc1e26f2c/screenshot - {}
RESULT: {}
COMMAND: POST /session/a0fa65e418457f6e1528b16bc1e26f2c/element - {"using":"xpath","value":"//span[contains(@id ,\"filterItemControl_BASIC-RECEIVE_CONTRACT-vhi\")]"}
RESULT: {"using":"xpath","value":"//span[contains(@id ,\"filterItemControl_BASIC-RECEIVE_CONTRACT-vhi\")]"}
COMMAND: POST /session/a0fa65e418457f6e1528b16bc1e26f2c/element/f.6300CB9FC90E916FB2ACF31257920715.d.CFD81A69ECB52A89A4834B5CD9192FD5.e.15715/click - {}
RESULT: {}
COMMAND: GET /session/a0fa65e418457f6e1528b16bc1e26f2c/screenshot - {}
RESULT: {}
COMMAND: POST /session/a0fa65e418457f6e1528b16bc1e26f2c/execute/async - {"script":"<script> [1562 bytes]","args":[{"selector":{"controlType":"sap.m.SearchField","viewName":"etm.portal.ui.managehandovers.view.MasterHO","bindingPath":{"path":"","propertyPath":"/_BASIC_SEARCH_FIELD","modelName":"fi1t3rM0d31"},"searchOpenDialogs":true,"interaction":{"idSuffix":"I"}},"wdio_ui5_key":"etmportal.ui.managehandovers.view.MasterHOsap.m.SearchField{\"path\":\"\",\"propertyPath\":\"/_BASIC_SEARCH_FIELD\",\"modelName\":\"fi1t3rM0d31\"}"}]}
RESULT: {"script":"<script> [1562 bytes]","args":[{"selector":{"controlType":"sap.m.SearchField","viewName":"etm.portal.ui.managehandovers.view.MasterHO","bindingPath":{"path":"","propertyPath":"/_BASIC_SEARCH_FIELD","modelName":"fi1t3rM0d31"},"searchOpenDialogs":true,"interaction":{"idSuffix":"I"}},"wdio_ui5_key":"etmportal.ui.managehandovers.view.MasterHOsap.m.SearchField{\"path\":\"\",\"propertyPath\":\"/_BASIC_SEARCH_FIELD\",\"modelName\":\"fi1t3rM0d31\"}"}]}
RESULT: undefined
COMMAND: POST /session/a0fa65e418457f6e1528b16bc1e26f2c/execute/async - {"script":"<script> [776 bytes]","args":[{"enterText":"10332","selector":{"controlType":"sap.m.SearchField","viewName":"etm.portal.ui.managehandovers.view.MasterHO","bindingPath":{"path":"","propertyPath":"/_BASIC_SEARCH_FIELD","modelName":"fi1t3rM0d31"},"searchOpenDialogs":true,"interaction":{"idSuffix":"I"}},"clearTextFirst":true,"interactionType":"ENTER_TEXT"}]}
RESULT: {"script":"<script> [776 bytes]","args":[{"enterText":"10332","selector":{"controlType":"sap.m.SearchField","viewName":"etm.portal.ui.managehandovers.view.MasterHO","bindingPath":{"path":"","propertyPath":"/_BASIC_SEARCH_FIELD","modelName":"fi1t3rM0d31"},"searchOpenDialogs":true,"interaction":{"idSuffix":"I"}},"clearTextFirst":true,"interactionType":"ENTER_TEXT"}]}
COMMAND: POST /session/a0fa65e418457f6e1528b16bc1e26f2c/actions - {"actions":[{"id":"action50","type":"key","parameters":{},"actions":[{"type":"keyDown","value":"î€‡"},{"type":"pause","duration":10},{"type":"keyUp","value":"î€‡"}]}]}
RESULT: {"actions":[{"id":"action50","type":"key","parameters":{},"actions":[{"type":"keyDown","value":"î€‡"},{"type":"pause","duration":10},{"type":"keyUp","value":"î€‡"}]}]}
COMMAND: GET /session/a0fa65e418457f6e1528b16bc1e26f2c/screenshot - {}
RESULT: {}
COMMAND: POST /session/a0fa65e418457f6e1528b16bc1e26f2c/element - {"using":"xpath","value":"//div[contains(@id, 'filterItemControl_BASIC-RECEIVE_CONTRACT-valueHelpDialog-table-rowsel0')]"}
RESULT: {"using":"xpath","value":"//div[contains(@id, 'filterItemControl_BASIC-RECEIVE_CONTRACT-valueHelpDialog-table-rowsel0')]"}
COMMAND: POST /session/a0fa65e418457f6e1528b16bc1e26f2c/element/f.6300CB9FC90E916FB2ACF31257920715.d.CFD81A69ECB52A89A4834B5CD9192FD5.e.15724/click - {}
RESULT: {}
COMMAND: GET /session/a0fa65e418457f6e1528b16bc1e26f2c/screenshot - {}
RESULT: {}
COMMAND: POST /session/a0fa65e418457f6e1528b16bc1e26f2c/element - {"using":"xpath","value":"//bdi[contains(text(), \"OK\")]"}
RESULT: {"using":"xpath","value":"//bdi[contains(text(), \"OK\")]"}
COMMAND: POST /session/a0fa65e418457f6e1528b16bc1e26f2c/element/f.6300CB9FC90E916FB2ACF31257920715.d.CFD81A69ECB52A89A4834B5CD9192FD5.e.15726/click - {}
RESULT: {}
COMMAND: GET /session/a0fa65e418457f6e1528b16bc1e26f2c/screenshot - {}
RESULT: {}
COMMAND: POST /session/a0fa65e418457f6e1528b16bc1e26f2c/element - {"using":"xpath","value":"//span[contains(@id, \"smartTable-header-inner\")]"}
RESULT: {"using":"xpath","value":"//span[contains(@id, \"smartTable-header-inner\")]"}
COMMAND: POST /session/a0fa65e418457f6e1528b16bc1e26f2c/elements - {"using":"xpath","value":"//span[contains(@id, \"smartTable-header-inner\")]"}
RESULT: {"using":"xpath","value":"//span[contains(@id, \"smartTable-header-inner\")]"}
COMMAND: POST /session/a0fa65e418457f6e1528b16bc1e26f2c/execute/sync - {"script":"<script> [56 bytes]","args":[{"element-6066-11e4-a52e-4f735466cecf":"f.6300CB9FC90E916FB2ACF31257920715.d.CFD81A69ECB52A89A4834B5CD9192FD5.e.15755","ELEMENT":"f.6300CB9FC90E916FB2ACF31257920715.d.CFD81A69ECB52A89A4834B5CD9192FD5.e.15755"}]}
RESULT: {"script":"<script> [56 bytes]","args":[{"element-6066-11e4-a52e-4f735466cecf":"f.6300CB9FC90E916FB2ACF31257920715.d.CFD81A69ECB52A89A4834B5CD9192FD5.e.15755","ELEMENT":"f.6300CB9FC90E916FB2ACF31257920715.d.CFD81A69ECB52A89A4834B5CD9192FD5.e.15755"}]}
COMMAND: POST /session/a0fa65e418457f6e1528b16bc1e26f2c/element - {"using":"xpath","value":"//table[contains(@id, \"customHandovers\")]//tbody/tr[1]/td[2]/span"}
COMMAND: GET /session/a0fa65e418457f6e1528b16bc1e26f2c/screenshot - {}
RESULT: {"using":"xpath","value":"//table[contains(@id, \"customHandovers\")]//tbody/tr[1]/td[2]/span"}
COMMAND: POST /session/a0fa65e418457f6e1528b16bc1e26f2c/execute/sync - {"script":"<script> [56 bytes]","args":[{"element-6066-11e4-a52e-4f735466cecf":"f.6300CB9FC90E916FB2ACF31257920715.d.CFD81A69ECB52A89A4834B5CD9192FD5.e.15756","ELEMENT":"f.6300CB9FC90E916FB2ACF31257920715.d.CFD81A69ECB52A89A4834B5CD9192FD5.e.15756"}]}
RESULT: {}
RESULT: {"script":"<script> [56 bytes]","args":[{"element-6066-11e4-a52e-4f735466cecf":"f.6300CB9FC90E916FB2ACF31257920715.d.CFD81A69ECB52A89A4834B5CD9192FD5.e.15756","ELEMENT":"f.6300CB9FC90E916FB2ACF31257920715.d.CFD81A69ECB52A89A4834B5CD9192FD5.e.15756"}]}
COMMAND: POST /session/a0fa65e418457f6e1528b16bc1e26f2c/element - {"using":"xpath","value":"(//span[contains(@id, \"imgNav\")])[1]"}
COMMAND: GET /session/a0fa65e418457f6e1528b16bc1e26f2c/screenshot - {}
RESULT: {"using":"xpath","value":"(//span[contains(@id, \"imgNav\")])[1]"}
COMMAND: POST /session/a0fa65e418457f6e1528b16bc1e26f2c/element/f.6300CB9FC90E916FB2ACF31257920715.d.CFD81A69ECB52A89A4834B5CD9192FD5.e.15753/click - {}
RESULT: {}
RESULT: {}
COMMAND: GET /session/a0fa65e418457f6e1528b16bc1e26f2c/screenshot - {}
RESULT: {}
RESULT: undefined
COMMAND: POST /session/a0fa65e418457f6e1528b16bc1e26f2c/execute/async - {"script":"<script> [776 bytes]","args":[{"enterText":"5/17/25","selector":{"id":"issueDatePicker","viewName":"etm.portal.ui.managehandovers.view.DetailExecuteHO","interaction":{"idSuffix":"inner"}},"clearTextFirst":true,"interactionType":"ENTER_TEXT"}]}
RESULT: {"script":"<script> [776 bytes]","args":[{"enterText":"5/17/25","selector":{"id":"issueDatePicker","viewName":"etm.portal.ui.managehandovers.view.DetailExecuteHO","interaction":{"idSuffix":"inner"}},"clearTextFirst":true,"interactionType":"ENTER_TEXT"}]}
COMMAND: POST /session/a0fa65e418457f6e1528b16bc1e26f2c/element - {"using":"xpath","value":"//button[@data-kt=\"PickingTableConfirmAllButton\"]"}
RESULT: {"using":"xpath","value":"//button[@data-kt=\"PickingTableConfirmAllButton\"]"}
COMMAND: POST /session/a0fa65e418457f6e1528b16bc1e26f2c/element/f.6300CB9FC90E916FB2ACF31257920715.d.CFD81A69ECB52A89A4834B5CD9192FD5.e.15795/click - {}
RESULT: {}
COMMAND: GET /session/a0fa65e418457f6e1528b16bc1e26f2c/screenshot - {}
RESULT: {}
COMMAND: POST /session/a0fa65e418457f6e1528b16bc1e26f2c/element - {"using":"xpath","value":"//bdi[contains(text(), \"OK\")]"}
RESULT: {"using":"xpath","value":"//bdi[contains(text(), \"OK\")]"}
COMMAND: POST /session/a0fa65e418457f6e1528b16bc1e26f2c/element/f.6300CB9FC90E916FB2ACF31257920715.d.CFD81A69ECB52A89A4834B5CD9192FD5.e.15807/click - {}
RESULT: {}
COMMAND: GET /session/a0fa65e418457f6e1528b16bc1e26f2c/screenshot - {}
RESULT: {}
COMMAND: POST /session/a0fa65e418457f6e1528b16bc1e26f2c/element - {"using":"xpath","value":"//button[@data-kt=\"execHoIssueButton\"]"}
RESULT: {"using":"xpath","value":"//button[@data-kt=\"execHoIssueButton\"]"}
COMMAND: POST /session/a0fa65e418457f6e1528b16bc1e26f2c/element/f.6300CB9FC90E916FB2ACF31257920715.d.CFD81A69ECB52A89A4834B5CD9192FD5.e.15808/click - {}
RESULT: {}
COMMAND: GET /session/a0fa65e418457f6e1528b16bc1e26f2c/screenshot - {}
RESULT: {}
COMMAND: POST /session/a0fa65e418457f6e1528b16bc1e26f2c/element - {"using":"xpath","value":"//input[contains(@id ,\"smartFilterBar-btnBasicSearch-I\")]"}
RESULT: {"using":"xpath","value":"//input[contains(@id ,\"smartFilterBar-btnBasicSearch-I\")]"}
COMMAND: POST /session/a0fa65e418457f6e1528b16bc1e26f2c/elements - {"using":"xpath","value":"//input[contains(@id ,\"smartFilterBar-btnBasicSearch-I\")]"}
RESULT: {"using":"xpath","value":"//input[contains(@id ,\"smartFilterBar-btnBasicSearch-I\")]"}
COMMAND: POST /session/a0fa65e418457f6e1528b16bc1e26f2c/execute/sync - {"script":"<script> [8489 bytes]","args":[{"element-6066-11e4-a52e-4f735466cecf":"f.6300CB9FC90E916FB2ACF31257920715.d.CFD81A69ECB52A89A4834B5CD9192FD5.e.15212","ELEMENT":"f.6300CB9FC90E916FB2ACF31257920715.d.CFD81A69ECB52A89A4834B5CD9192FD5.e.15212"}]}
RESULT: {"script":"<script> [8489 bytes]","args":[{"element-6066-11e4-a52e-4f735466cecf":"f.6300CB9FC90E916FB2ACF31257920715.d.CFD81A69ECB52A89A4834B5CD9192FD5.e.15212","ELEMENT":"f.6300CB9FC90E916FB2ACF31257920715.d.CFD81A69ECB52A89A4834B5CD9192FD5.e.15212"}]}
COMMAND: GET /session/a0fa65e418457f6e1528b16bc1e26f2c/element/f.6300CB9FC90E916FB2ACF31257920715.d.CFD81A69ECB52A89A4834B5CD9192FD5.e.15212/enabled - {}
COMMAND: GET /session/a0fa65e418457f6e1528b16bc1e26f2c/screenshot - {}
RESULT: {}
COMMAND: POST /session/a0fa65e418457f6e1528b16bc1e26f2c/element/f.6300CB9FC90E916FB2ACF31257920715.d.CFD81A69ECB52A89A4834B5CD9192FD5.e.15212/clear - {}
COMMAND: GET /session/a0fa65e418457f6e1528b16bc1e26f2c/screenshot - {}
RESULT: {}
RESULT: {}
RESULT: {}
COMMAND: POST /session/a0fa65e418457f6e1528b16bc1e26f2c/element/f.6300CB9FC90E916FB2ACF31257920715.d.CFD81A69ECB52A89A4834B5CD9192FD5.e.15212/value - {"text":"30632"}
COMMAND: GET /session/a0fa65e418457f6e1528b16bc1e26f2c/screenshot - {}
RESULT: {"text":"30632"}
COMMAND: GET /session/a0fa65e418457f6e1528b16bc1e26f2c/screenshot - {}
RESULT: {}
RESULT: {}
COMMAND: POST /session/a0fa65e418457f6e1528b16bc1e26f2c/actions - {"actions":[{"id":"action51","type":"key","parameters":{},"actions":[{"type":"keyDown","value":"î€‡"},{"type":"pause","duration":10},{"type":"keyUp","value":"î€‡"}]}]}
RESULT: {"actions":[{"id":"action51","type":"key","parameters":{},"actions":[{"type":"keyDown","value":"î€‡"},{"type":"pause","duration":10},{"type":"keyUp","value":"î€‡"}]}]}
COMMAND: GET /session/a0fa65e418457f6e1528b16bc1e26f2c/screenshot - {}
RESULT: {}
COMMAND: POST /session/a0fa65e418457f6e1528b16bc1e26f2c/element - {"using":"xpath","value":"//span[contains(@id, \"smartTable-header-inner\")]"}
RESULT: {"using":"xpath","value":"//span[contains(@id, \"smartTable-header-inner\")]"}
COMMAND: POST /session/a0fa65e418457f6e1528b16bc1e26f2c/elements - {"using":"xpath","value":"//span[contains(@id, \"smartTable-header-inner\")]"}
RESULT: {"using":"xpath","value":"//span[contains(@id, \"smartTable-header-inner\")]"}
COMMAND: POST /session/a0fa65e418457f6e1528b16bc1e26f2c/execute/sync - {"script":"<script> [56 bytes]","args":[{"element-6066-11e4-a52e-4f735466cecf":"f.6300CB9FC90E916FB2ACF31257920715.d.CFD81A69ECB52A89A4834B5CD9192FD5.e.15755","ELEMENT":"f.6300CB9FC90E916FB2ACF31257920715.d.CFD81A69ECB52A89A4834B5CD9192FD5.e.15755"}]}
RESULT: {"script":"<script> [56 bytes]","args":[{"element-6066-11e4-a52e-4f735466cecf":"f.6300CB9FC90E916FB2ACF31257920715.d.CFD81A69ECB52A89A4834B5CD9192FD5.e.15755","ELEMENT":"f.6300CB9FC90E916FB2ACF31257920715.d.CFD81A69ECB52A89A4834B5CD9192FD5.e.15755"}]}
COMMAND: POST /session/a0fa65e418457f6e1528b16bc1e26f2c/elements - {"using":"xpath","value":"//thead[contains(@class, \"sapMTableTH\")]/tr/th"}
COMMAND: GET /session/a0fa65e418457f6e1528b16bc1e26f2c/screenshot - {}
RESULT: {"using":"xpath","value":"//thead[contains(@class, \"sapMTableTH\")]/tr/th"}
COMMAND: GET /session/a0fa65e418457f6e1528b16bc1e26f2c/element/f.6300CB9FC90E916FB2ACF31257920715.d.CFD81A69ECB52A89A4834B5CD9192FD5.e.15858/text - {}
RESULT: {}
RESULT: {}
COMMAND: GET /session/a0fa65e418457f6e1528b16bc1e26f2c/element/f.6300CB9FC90E916FB2ACF31257920715.d.CFD81A69ECB52A89A4834B5CD9192FD5.e.15859/text - {}
RESULT: {}
COMMAND: GET /session/a0fa65e418457f6e1528b16bc1e26f2c/element/f.6300CB9FC90E916FB2ACF31257920715.d.CFD81A69ECB52A89A4834B5CD9192FD5.e.15257/text - {}
RESULT: {}
COMMAND: GET /session/a0fa65e418457f6e1528b16bc1e26f2c/element/f.6300CB9FC90E916FB2ACF31257920715.d.CFD81A69ECB52A89A4834B5CD9192FD5.e.15259/text - {}
RESULT: {}
COMMAND: GET /session/a0fa65e418457f6e1528b16bc1e26f2c/element/f.6300CB9FC90E916FB2ACF31257920715.d.CFD81A69ECB52A89A4834B5CD9192FD5.e.15813/text - {}
RESULT: {}
COMMAND: GET /session/a0fa65e418457f6e1528b16bc1e26f2c/element/f.6300CB9FC90E916FB2ACF31257920715.d.CFD81A69ECB52A89A4834B5CD9192FD5.e.15814/text - {}
RESULT: {}
COMMAND: GET /session/a0fa65e418457f6e1528b16bc1e26f2c/element/f.6300CB9FC90E916FB2ACF31257920715.d.CFD81A69ECB52A89A4834B5CD9192FD5.e.15815/text - {}
RESULT: {}
COMMAND: GET /session/a0fa65e418457f6e1528b16bc1e26f2c/element/f.6300CB9FC90E916FB2ACF31257920715.d.CFD81A69ECB52A89A4834B5CD9192FD5.e.15816/text - {}
RESULT: {}
COMMAND: GET /session/a0fa65e418457f6e1528b16bc1e26f2c/element/f.6300CB9FC90E916FB2ACF31257920715.d.CFD81A69ECB52A89A4834B5CD9192FD5.e.15817/text - {}
RESULT: {}
COMMAND: GET /session/a0fa65e418457f6e1528b16bc1e26f2c/element/f.6300CB9FC90E916FB2ACF31257920715.d.CFD81A69ECB52A89A4834B5CD9192FD5.e.15818/text - {}
RESULT: {}
COMMAND: GET /session/a0fa65e418457f6e1528b16bc1e26f2c/element/f.6300CB9FC90E916FB2ACF31257920715.d.CFD81A69ECB52A89A4834B5CD9192FD5.e.15819/text - {}
RESULT: {}
COMMAND: GET /session/a0fa65e418457f6e1528b16bc1e26f2c/element/f.6300CB9FC90E916FB2ACF31257920715.d.CFD81A69ECB52A89A4834B5CD9192FD5.e.15820/text - {}
RESULT: {}
COMMAND: GET /session/a0fa65e418457f6e1528b16bc1e26f2c/element/f.6300CB9FC90E916FB2ACF31257920715.d.CFD81A69ECB52A89A4834B5CD9192FD5.e.15821/text - {}
RESULT: {}
COMMAND: GET /session/a0fa65e418457f6e1528b16bc1e26f2c/element/f.6300CB9FC90E916FB2ACF31257920715.d.CFD81A69ECB52A89A4834B5CD9192FD5.e.15260/text - {}
RESULT: {}
COMMAND: POST /session/a0fa65e418457f6e1528b16bc1e26f2c/element - {"using":"xpath","value":"//tbody[contains(@id, \"customHandoversTable-tblBody\")]/tr[1]/td[14]/div/span"}
RESULT: {"using":"xpath","value":"//tbody[contains(@id, \"customHandoversTable-tblBody\")]/tr[1]/td[14]/div/span"}
COMMAND: POST /session/a0fa65e418457f6e1528b16bc1e26f2c/execute/sync - {"script":"<script> [56 bytes]","args":[{"element-6066-11e4-a52e-4f735466cecf":"f.6300CB9FC90E916FB2ACF31257920715.d.CFD81A69ECB52A89A4834B5CD9192FD5.e.15911","ELEMENT":"f.6300CB9FC90E916FB2ACF31257920715.d.CFD81A69ECB52A89A4834B5CD9192FD5.e.15911"}]}
RESULT: {"script":"<script> [56 bytes]","args":[{"element-6066-11e4-a52e-4f735466cecf":"f.6300CB9FC90E916FB2ACF31257920715.d.CFD81A69ECB52A89A4834B5CD9192FD5.e.15911","ELEMENT":"f.6300CB9FC90E916FB2ACF31257920715.d.CFD81A69ECB52A89A4834B5CD9192FD5.e.15911"}]}
COMMAND: POST /session/a0fa65e418457f6e1528b16bc1e26f2c/element - {"using":"xpath","value":"(//span[contains(@id, \"imgNav\")])[1]"}
COMMAND: GET /session/a0fa65e418457f6e1528b16bc1e26f2c/screenshot - {}
RESULT: {"using":"xpath","value":"(//span[contains(@id, \"imgNav\")])[1]"}
COMMAND: POST /session/a0fa65e418457f6e1528b16bc1e26f2c/element/f.6300CB9FC90E916FB2ACF31257920715.d.CFD81A69ECB52A89A4834B5CD9192FD5.e.15853/click - {}
RESULT: {}
RESULT: {}
COMMAND: GET /session/a0fa65e418457f6e1528b16bc1e26f2c/screenshot - {}
RESULT: {}
RESULT: undefined
COMMAND: POST /session/a0fa65e418457f6e1528b16bc1e26f2c/execute/async - {"script":"<script> [776 bytes]","args":[{"enterText":"05/17/25","selector":{"id":"receiptDatePicker","viewName":"etm.portal.ui.managehandovers.view.DetailExecuteHO","interaction":{"idSuffix":"inner"}},"clearTextFirst":true,"interactionType":"ENTER_TEXT"}]}
RESULT: {"script":"<script> [776 bytes]","args":[{"enterText":"05/17/25","selector":{"id":"receiptDatePicker","viewName":"etm.portal.ui.managehandovers.view.DetailExecuteHO","interaction":{"idSuffix":"inner"}},"clearTextFirst":true,"interactionType":"ENTER_TEXT"}]}
COMMAND: POST /session/a0fa65e418457f6e1528b16bc1e26f2c/element - {"using":"xpath","value":"//bdi[contains(text(), \"OK\")]"}
RESULT: {"using":"xpath","value":"//bdi[contains(text(), \"OK\")]"}
COMMAND: POST /session/a0fa65e418457f6e1528b16bc1e26f2c/element/f.6300CB9FC90E916FB2ACF31257920715.d.CFD81A69ECB52A89A4834B5CD9192FD5.e.15931/click - {}
RESULT: {}
COMMAND: GET /session/a0fa65e418457f6e1528b16bc1e26f2c/screenshot - {}
RESULT: {}
COMMAND: POST /session/a0fa65e418457f6e1528b16bc1e26f2c/element - {"using":"xpath","value":"//button[@data-kt=\"PickingTableConfirmAllButton\"]"}
RESULT: {"using":"xpath","value":"//button[@data-kt=\"PickingTableConfirmAllButton\"]"}
COMMAND: POST /session/a0fa65e418457f6e1528b16bc1e26f2c/element/f.6300CB9FC90E916FB2ACF31257920715.d.CFD81A69ECB52A89A4834B5CD9192FD5.e.15919/click - {}
RESULT: {}
COMMAND: GET /session/a0fa65e418457f6e1528b16bc1e26f2c/screenshot - {}
RESULT: {}
COMMAND: POST /session/a0fa65e418457f6e1528b16bc1e26f2c/element - {"using":"xpath","value":"//bdi[contains(text(), \"OK\")]"}
RESULT: {"using":"xpath","value":"//bdi[contains(text(), \"OK\")]"}
COMMAND: POST /session/a0fa65e418457f6e1528b16bc1e26f2c/element/f.6300CB9FC90E916FB2ACF31257920715.d.CFD81A69ECB52A89A4834B5CD9192FD5.e.15941/click - {}
RESULT: {}
COMMAND: GET /session/a0fa65e418457f6e1528b16bc1e26f2c/screenshot - {}
RESULT: {}
COMMAND: POST /session/a0fa65e418457f6e1528b16bc1e26f2c/element - {"using":"xpath","value":"//button[@data-kt= \"execHoReceiveButton\"]"}
RESULT: {"using":"xpath","value":"//button[@data-kt= \"execHoReceiveButton\"]"}
COMMAND: POST /session/a0fa65e418457f6e1528b16bc1e26f2c/element/f.6300CB9FC90E916FB2ACF31257920715.d.CFD81A69ECB52A89A4834B5CD9192FD5.e.15942/click - {}
RESULT: {}
COMMAND: GET /session/a0fa65e418457f6e1528b16bc1e26f2c/screenshot - {}
RESULT: {}
COMMAND: POST /session/a0fa65e418457f6e1528b16bc1e26f2c/element - {"using":"xpath","value":"//input[contains(@id ,\"smartFilterBar-btnBasicSearch-I\")]"}
RESULT: {"using":"xpath","value":"//input[contains(@id ,\"smartFilterBar-btnBasicSearch-I\")]"}
COMMAND: POST /session/a0fa65e418457f6e1528b16bc1e26f2c/elements - {"using":"xpath","value":"//input[contains(@id ,\"smartFilterBar-btnBasicSearch-I\")]"}
RESULT: {"using":"xpath","value":"//input[contains(@id ,\"smartFilterBar-btnBasicSearch-I\")]"}
COMMAND: POST /session/a0fa65e418457f6e1528b16bc1e26f2c/execute/sync - {"script":"<script> [8489 bytes]","args":[{"element-6066-11e4-a52e-4f735466cecf":"f.6300CB9FC90E916FB2ACF31257920715.d.CFD81A69ECB52A89A4834B5CD9192FD5.e.15212","ELEMENT":"f.6300CB9FC90E916FB2ACF31257920715.d.CFD81A69ECB52A89A4834B5CD9192FD5.e.15212"}]}
RESULT: {"script":"<script> [8489 bytes]","args":[{"element-6066-11e4-a52e-4f735466cecf":"f.6300CB9FC90E916FB2ACF31257920715.d.CFD81A69ECB52A89A4834B5CD9192FD5.e.15212","ELEMENT":"f.6300CB9FC90E916FB2ACF31257920715.d.CFD81A69ECB52A89A4834B5CD9192FD5.e.15212"}]}
COMMAND: GET /session/a0fa65e418457f6e1528b16bc1e26f2c/element/f.6300CB9FC90E916FB2ACF31257920715.d.CFD81A69ECB52A89A4834B5CD9192FD5.e.15212/enabled - {}
COMMAND: GET /session/a0fa65e418457f6e1528b16bc1e26f2c/screenshot - {}
RESULT: {}
COMMAND: POST /session/a0fa65e418457f6e1528b16bc1e26f2c/element/f.6300CB9FC90E916FB2ACF31257920715.d.CFD81A69ECB52A89A4834B5CD9192FD5.e.15212/clear - {}
COMMAND: GET /session/a0fa65e418457f6e1528b16bc1e26f2c/screenshot - {}
RESULT: {}
RESULT: {}
COMMAND: POST /session/a0fa65e418457f6e1528b16bc1e26f2c/element/f.6300CB9FC90E916FB2ACF31257920715.d.CFD81A69ECB52A89A4834B5CD9192FD5.e.15212/value - {"text":"30632"}
COMMAND: GET /session/a0fa65e418457f6e1528b16bc1e26f2c/screenshot - {}
RESULT: {}
RESULT: {"text":"30632"}
COMMAND: GET /session/a0fa65e418457f6e1528b16bc1e26f2c/screenshot - {}
RESULT: {}
RESULT: {}
COMMAND: POST /session/a0fa65e418457f6e1528b16bc1e26f2c/actions - {"actions":[{"id":"action52","type":"key","parameters":{},"actions":[{"type":"keyDown","value":"î€‡"},{"type":"pause","duration":10},{"type":"keyUp","value":"î€‡"}]}]}
RESULT: {"actions":[{"id":"action52","type":"key","parameters":{},"actions":[{"type":"keyDown","value":"î€‡"},{"type":"pause","duration":10},{"type":"keyUp","value":"î€‡"}]}]}
COMMAND: GET /session/a0fa65e418457f6e1528b16bc1e26f2c/screenshot - {}
RESULT: {}
COMMAND: POST /session/a0fa65e418457f6e1528b16bc1e26f2c/element - {"using":"xpath","value":"//span[contains(@id, \"smartTable-header-inner\")]"}
RESULT: {"using":"xpath","value":"//span[contains(@id, \"smartTable-header-inner\")]"}
COMMAND: POST /session/a0fa65e418457f6e1528b16bc1e26f2c/elements - {"using":"xpath","value":"//span[contains(@id, \"smartTable-header-inner\")]"}
RESULT: {"using":"xpath","value":"//span[contains(@id, \"smartTable-header-inner\")]"}
COMMAND: POST /session/a0fa65e418457f6e1528b16bc1e26f2c/execute/sync - {"script":"<script> [56 bytes]","args":[{"element-6066-11e4-a52e-4f735466cecf":"f.6300CB9FC90E916FB2ACF31257920715.d.CFD81A69ECB52A89A4834B5CD9192FD5.e.15755","ELEMENT":"f.6300CB9FC90E916FB2ACF31257920715.d.CFD81A69ECB52A89A4834B5CD9192FD5.e.15755"}]}
RESULT: {"script":"<script> [56 bytes]","args":[{"element-6066-11e4-a52e-4f735466cecf":"f.6300CB9FC90E916FB2ACF31257920715.d.CFD81A69ECB52A89A4834B5CD9192FD5.e.15755","ELEMENT":"f.6300CB9FC90E916FB2ACF31257920715.d.CFD81A69ECB52A89A4834B5CD9192FD5.e.15755"}]}
COMMAND: POST /session/a0fa65e418457f6e1528b16bc1e26f2c/elements - {"using":"xpath","value":"//thead[contains(@class, \"sapMTableTH\")]/tr/th"}
COMMAND: GET /session/a0fa65e418457f6e1528b16bc1e26f2c/screenshot - {}
RESULT: {"using":"xpath","value":"//thead[contains(@class, \"sapMTableTH\")]/tr/th"}
COMMAND: GET /session/a0fa65e418457f6e1528b16bc1e26f2c/element/f.6300CB9FC90E916FB2ACF31257920715.d.CFD81A69ECB52A89A4834B5CD9192FD5.e.15858/text - {}
RESULT: {}
RESULT: {}
COMMAND: GET /session/a0fa65e418457f6e1528b16bc1e26f2c/element/f.6300CB9FC90E916FB2ACF31257920715.d.CFD81A69ECB52A89A4834B5CD9192FD5.e.15859/text - {}
RESULT: {}
COMMAND: GET /session/a0fa65e418457f6e1528b16bc1e26f2c/element/f.6300CB9FC90E916FB2ACF31257920715.d.CFD81A69ECB52A89A4834B5CD9192FD5.e.15257/text - {}
RESULT: {}
COMMAND: GET /session/a0fa65e418457f6e1528b16bc1e26f2c/element/f.6300CB9FC90E916FB2ACF31257920715.d.CFD81A69ECB52A89A4834B5CD9192FD5.e.15259/text - {}
RESULT: {}
COMMAND: GET /session/a0fa65e418457f6e1528b16bc1e26f2c/element/f.6300CB9FC90E916FB2ACF31257920715.d.CFD81A69ECB52A89A4834B5CD9192FD5.e.15959/text - {}
RESULT: {}
COMMAND: GET /session/a0fa65e418457f6e1528b16bc1e26f2c/element/f.6300CB9FC90E916FB2ACF31257920715.d.CFD81A69ECB52A89A4834B5CD9192FD5.e.15960/text - {}
RESULT: {}
COMMAND: GET /session/a0fa65e418457f6e1528b16bc1e26f2c/element/f.6300CB9FC90E916FB2ACF31257920715.d.CFD81A69ECB52A89A4834B5CD9192FD5.e.15961/text - {}
RESULT: {}
COMMAND: GET /session/a0fa65e418457f6e1528b16bc1e26f2c/element/f.6300CB9FC90E916FB2ACF31257920715.d.CFD81A69ECB52A89A4834B5CD9192FD5.e.15962/text - {}
RESULT: {}
COMMAND: GET /session/a0fa65e418457f6e1528b16bc1e26f2c/element/f.6300CB9FC90E916FB2ACF31257920715.d.CFD81A69ECB52A89A4834B5CD9192FD5.e.15963/text - {}
RESULT: {}
COMMAND: GET /session/a0fa65e418457f6e1528b16bc1e26f2c/element/f.6300CB9FC90E916FB2ACF31257920715.d.CFD81A69ECB52A89A4834B5CD9192FD5.e.15964/text - {}
RESULT: {}
COMMAND: GET /session/a0fa65e418457f6e1528b16bc1e26f2c/element/f.6300CB9FC90E916FB2ACF31257920715.d.CFD81A69ECB52A89A4834B5CD9192FD5.e.15965/text - {}
RESULT: {}
COMMAND: GET /session/a0fa65e418457f6e1528b16bc1e26f2c/element/f.6300CB9FC90E916FB2ACF31257920715.d.CFD81A69ECB52A89A4834B5CD9192FD5.e.15966/text - {}
RESULT: {}
COMMAND: GET /session/a0fa65e418457f6e1528b16bc1e26f2c/element/f.6300CB9FC90E916FB2ACF31257920715.d.CFD81A69ECB52A89A4834B5CD9192FD5.e.15967/text - {}
RESULT: {}
COMMAND: GET /session/a0fa65e418457f6e1528b16bc1e26f2c/element/f.6300CB9FC90E916FB2ACF31257920715.d.CFD81A69ECB52A89A4834B5CD9192FD5.e.15260/text - {}
RESULT: {}
COMMAND: POST /session/a0fa65e418457f6e1528b16bc1e26f2c/element - {"using":"xpath","value":"//tbody[contains(@id, \"customHandoversTable-tblBody\")]/tr[1]/td[14]/div/span"}
RESULT: {"using":"xpath","value":"//tbody[contains(@id, \"customHandoversTable-tblBody\")]/tr[1]/td[14]/div/span"}
COMMAND: POST /session/a0fa65e418457f6e1528b16bc1e26f2c/execute/sync - {"script":"<script> [56 bytes]","args":[{"element-6066-11e4-a52e-4f735466cecf":"f.6300CB9FC90E916FB2ACF31257920715.d.CFD81A69ECB52A89A4834B5CD9192FD5.e.15998","ELEMENT":"f.6300CB9FC90E916FB2ACF31257920715.d.CFD81A69ECB52A89A4834B5CD9192FD5.e.15998"}]}
RESULT: {"script":"<script> [56 bytes]","args":[{"element-6066-11e4-a52e-4f735466cecf":"f.6300CB9FC90E916FB2ACF31257920715.d.CFD81A69ECB52A89A4834B5CD9192FD5.e.15998","ELEMENT":"f.6300CB9FC90E916FB2ACF31257920715.d.CFD81A69ECB52A89A4834B5CD9192FD5.e.15998"}]}
]]></system-out>
    </testcase>
    <testcase classname="chrome.136_0_7103_93.windows.Provide_to_Site_w/o_warehouse_management_w_clarification" name="Should Test for Handover Execution" time="12.458">
      <system-out><![CDATA[
COMMAND: GET /session/a0fa65e418457f6e1528b16bc1e26f2c/screenshot - {}
COMMAND: POST /session/a0fa65e418457f6e1528b16bc1e26f2c/element - {"using":"xpath","value":"(//span[contains(@id, \"imgNav\")])[1]"}
RESULT: {}
RESULT: {"using":"xpath","value":"(//span[contains(@id, \"imgNav\")])[1]"}
COMMAND: POST /session/a0fa65e418457f6e1528b16bc1e26f2c/element/f.6300CB9FC90E916FB2ACF31257920715.d.CFD81A69ECB52A89A4834B5CD9192FD5.e.15999/click - {}
RESULT: {}
COMMAND: GET /session/a0fa65e418457f6e1528b16bc1e26f2c/screenshot - {}
RESULT: {}
COMMAND: POST /session/a0fa65e418457f6e1528b16bc1e26f2c/element - {"using":"css selector","value":"#shell-header-logo"}
RESULT: {"using":"css selector","value":"#shell-header-logo"}
COMMAND: POST /session/a0fa65e418457f6e1528b16bc1e26f2c/element/f.6300CB9FC90E916FB2ACF31257920715.d.CFD81A69ECB52A89A4834B5CD9192FD5.e.14565/click - {}
RESULT: {}
COMMAND: GET /session/a0fa65e418457f6e1528b16bc1e26f2c/screenshot - {}
RESULT: {}
]]></system-out>
    </testcase>
    <testcase classname="chrome.136_0_7103_93.windows.Provide_to_Site_w/o_warehouse_management_w_clarification" name="Should test for Clarification" time="0.004">
      <system-out><![CDATA[
COMMAND: POST /session/a0fa65e418457f6e1528b16bc1e26f2c/element - {"using":"css selector","value":"#j_username"}
COMMAND: POST /session/a0fa65e418457f6e1528b16bc1e26f2c/url - {"url":"https://qa-testing-00-live-etm-ui.cfapps.eu10-004.hana.ondemand.com/"}
RESULT: {"using":"css selector","value":"#j_username"}
COMMAND: POST /session/a0fa65e418457f6e1528b16bc1e26f2c/element - {"using":"css selector","value":"#j_username"}
RESULT: {"url":"https://qa-testing-00-live-etm-ui.cfapps.eu10-004.hana.ondemand.com/"}
RESULT: undefined
COMMAND: GET /session/a0fa65e418457f6e1528b16bc1e26f2c/screenshot - {}
RESULT: {"using":"css selector","value":"#j_username"}
COMMAND: POST /session/a0fa65e418457f6e1528b16bc1e26f2c/element - {"using":"css selector","value":"#shell-header-logo"}
RESULT: {}
RESULT: {"using":"css selector","value":"#shell-header-logo"}
COMMAND: POST /session/a0fa65e418457f6e1528b16bc1e26f2c/execute/sync - {"script":"<script> [8489 bytes]","args":[{"element-6066-11e4-a52e-4f735466cecf":"f.6300CB9FC90E916FB2ACF31257920715.d.3EA72C43C0032D374DF1EE67146AAD2A.e.16037","ELEMENT":"f.6300CB9FC90E916FB2ACF31257920715.d.3EA72C43C0032D374DF1EE67146AAD2A.e.16037"}]}
RESULT: {"script":"<script> [8489 bytes]","args":[{"element-6066-11e4-a52e-4f735466cecf":"f.6300CB9FC90E916FB2ACF31257920715.d.3EA72C43C0032D374DF1EE67146AAD2A.e.16037","ELEMENT":"f.6300CB9FC90E916FB2ACF31257920715.d.3EA72C43C0032D374DF1EE67146AAD2A.e.16037"}]}
COMMAND: POST /session/a0fa65e418457f6e1528b16bc1e26f2c/element - {"using":"css selector","value":"#shell-header-logo"}
COMMAND: GET /session/a0fa65e418457f6e1528b16bc1e26f2c/screenshot - {}
RESULT: {"using":"css selector","value":"#shell-header-logo"}
COMMAND: POST /session/a0fa65e418457f6e1528b16bc1e26f2c/execute/sync - {"script":"<script> [8489 bytes]","args":[{"element-6066-11e4-a52e-4f735466cecf":"f.6300CB9FC90E916FB2ACF31257920715.d.3EA72C43C0032D374DF1EE67146AAD2A.e.16037","ELEMENT":"f.6300CB9FC90E916FB2ACF31257920715.d.3EA72C43C0032D374DF1EE67146AAD2A.e.16037"}]}
RESULT: {}
RESULT: {"script":"<script> [8489 bytes]","args":[{"element-6066-11e4-a52e-4f735466cecf":"f.6300CB9FC90E916FB2ACF31257920715.d.3EA72C43C0032D374DF1EE67146AAD2A.e.16037","ELEMENT":"f.6300CB9FC90E916FB2ACF31257920715.d.3EA72C43C0032D374DF1EE67146AAD2A.e.16037"}]}
COMMAND: POST /session/a0fa65e418457f6e1528b16bc1e26f2c/execute/sync - {"script":"<script> [5351 bytes]","args":[{"element-6066-11e4-a52e-4f735466cecf":"f.6300CB9FC90E916FB2ACF31257920715.d.3EA72C43C0032D374DF1EE67146AAD2A.e.16037","ELEMENT":"f.6300CB9FC90E916FB2ACF31257920715.d.3EA72C43C0032D374DF1EE67146AAD2A.e.16037"}]}
COMMAND: GET /session/a0fa65e418457f6e1528b16bc1e26f2c/screenshot - {}
RESULT: {"script":"<script> [5351 bytes]","args":[{"element-6066-11e4-a52e-4f735466cecf":"f.6300CB9FC90E916FB2ACF31257920715.d.3EA72C43C0032D374DF1EE67146AAD2A.e.16037","ELEMENT":"f.6300CB9FC90E916FB2ACF31257920715.d.3EA72C43C0032D374DF1EE67146AAD2A.e.16037"}]}
COMMAND: POST /session/a0fa65e418457f6e1528b16bc1e26f2c/element - {"using":"css selector","value":"#shell-header-logo"}
COMMAND: GET /session/a0fa65e418457f6e1528b16bc1e26f2c/screenshot - {}
RESULT: {}
RESULT: {"using":"css selector","value":"#shell-header-logo"}
COMMAND: POST /session/a0fa65e418457f6e1528b16bc1e26f2c/element/f.6300CB9FC90E916FB2ACF31257920715.d.3EA72C43C0032D374DF1EE67146AAD2A.e.16037/click - {}
RESULT: {}
RESULT: {}
COMMAND: GET /session/a0fa65e418457f6e1528b16bc1e26f2c/screenshot - {}
RESULT: {}
COMMAND: POST /session/a0fa65e418457f6e1528b16bc1e26f2c/execute/async - {"script":"<script> [189 bytes]","args":[]}
RESULT: {"script":"<script> [189 bytes]","args":[]}
COMMAND: POST /session/a0fa65e418457f6e1528b16bc1e26f2c/execute/async - {"script":"<script> [123 bytes]","args":[]}
RESULT: {"script":"<script> [123 bytes]","args":[]}
COMMAND: POST /session/a0fa65e418457f6e1528b16bc1e26f2c/timeouts - {"script":"<number>"}
RESULT: {"script":"<number>"}
COMMAND: GET /session/a0fa65e418457f6e1528b16bc1e26f2c/timeouts - {}
RESULT: {}
RESULT: undefined
COMMAND: POST /session/a0fa65e418457f6e1528b16bc1e26f2c/execute/async - {"script":"<script> [2676 bytes]","args":[]}
RESULT: {"script":"<script> [2676 bytes]","args":[]}
COMMAND: POST /session/a0fa65e418457f6e1528b16bc1e26f2c/execute/async - {"script":"<script> [2342 bytes]","args":[{"protocol":"http","hostname":"0.0.0.0","path":"/","capabilities":{"browserName":"chrome","goog:chromeOptions":{"binary":"C:\\Program Files\\Google\\Chrome\\Application\\chrome.exe","args":["--start-maximized"]}},"logLevel":"warn","connectionRetryTimeout":120000,"connectionRetryCount":3,"logLevels":{},"enableDirectConnect":true,"strictSSL":true,"_":"65 more keys: [\"cacheDir\",\"port\",\"requestedCapabilities\",\"automationProtocol\",\"baseUrl\",\"waitforInterval\",\"waitforTimeout\",\"onReload\",\"beforeCommand\",\"afterCommand\",\"rootDir\",\"specs\",\"suites\",\"exclude\",\"groupLogsByTestSpec\",\"excludeDriverLogs\",\"bail\",\"framework\",\"reporters\",\"services\",\"maxInstances\",\"maxInstancesPerCapability\",\"injectGlobals\",\"filesToWatch\",\"execArgv\",\"runnerEnv\",\"runner\",\"shard\",\"specFileRetries\",\"specFileRetriesDelay\",\"specFileRetriesDeferred\",\"reporterSyncInterval\",\"reporterSyncTimeout\",\"cucumberFeaturesWithLineNumbers\",\"autoCompileOpts\",\"mochaOpts\",\"jasmineOpts\",\"cucumberOpts\",\"onPrepare\",\"onWorkerStart\",\"onWorkerEnd\",\"before\",\"beforeSession\",\"beforeSuite\",\"beforeHook\",\"beforeTest\",\"afterTest\",\"afterHook\",\"afterSuite\",\"afterSession\",\"after\",\"onComplete\",\"beforeAssertion\",\"afterAssertion\",\"beforeFeature\",\"beforeScenario\",\"beforeStep\",\"afterStep\",\"afterScenario\",\"afterFeature\",\"_\",\"suite\",\"$0\",\"ignoredWorkerServices\",\"wdi5\"]"}]}
RESULT: {"script":"<script> [2342 bytes]","args":[{"protocol":"http","hostname":"0.0.0.0","path":"/","capabilities":{"browserName":"chrome","goog:chromeOptions":{"binary":"C:\\Program Files\\Google\\Chrome\\Application\\chrome.exe","args":["--start-maximized"]}},"logLevel":"warn","connectionRetryTimeout":120000,"connectionRetryCount":3,"logLevels":{},"enableDirectConnect":true,"strictSSL":true,"_":"65 more keys: [\"cacheDir\",\"port\",\"requestedCapabilities\",\"automationProtocol\",\"baseUrl\",\"waitforInterval\",\"waitforTimeout\",\"onReload\",\"beforeCommand\",\"afterCommand\",\"rootDir\",\"specs\",\"suites\",\"exclude\",\"groupLogsByTestSpec\",\"excludeDriverLogs\",\"bail\",\"framework\",\"reporters\",\"services\",\"maxInstances\",\"maxInstancesPerCapability\",\"injectGlobals\",\"filesToWatch\",\"execArgv\",\"runnerEnv\",\"runner\",\"shard\",\"specFileRetries\",\"specFileRetriesDelay\",\"specFileRetriesDeferred\",\"reporterSyncInterval\",\"reporterSyncTimeout\",\"cucumberFeaturesWithLineNumbers\",\"autoCompileOpts\",\"mochaOpts\",\"jasmineOpts\",\"cucumberOpts\",\"onPrepare\",\"onWorkerStart\",\"onWorkerEnd\",\"before\",\"beforeSession\",\"beforeSuite\",\"beforeHook\",\"beforeTest\",\"afterTest\",\"afterHook\",\"afterSuite\",\"afterSession\",\"after\",\"onComplete\",\"beforeAssertion\",\"afterAssertion\",\"beforeFeature\",\"beforeScenario\",\"beforeStep\",\"afterStep\",\"afterScenario\",\"afterFeature\",\"_\",\"suite\",\"$0\",\"ignoredWorkerServices\",\"wdi5\"]"}]}
COMMAND: POST /session/a0fa65e418457f6e1528b16bc1e26f2c/execute/async - {"script":"<script> [21126 bytes]","args":[35000]}
RESULT: {"script":"<script> [21126 bytes]","args":[35000]}
COMMAND: POST /session/a0fa65e418457f6e1528b16bc1e26f2c/window/maximize - {}
RESULT: {}
COMMAND: POST /session/a0fa65e418457f6e1528b16bc1e26f2c/execute/async - {"script":"<script> [1562 bytes]","args":[{"selector":{"id":"shell-header","interaction":{"idSuffix":"icon"}},"wdio_ui5_key":"shellheader"}]}
COMMAND: GET /session/a0fa65e418457f6e1528b16bc1e26f2c/screenshot - {}
RESULT: {"script":"<script> [1562 bytes]","args":[{"selector":{"id":"shell-header","interaction":{"idSuffix":"icon"}},"wdio_ui5_key":"shellheader"}]}
RESULT: undefined
COMMAND: POST /session/a0fa65e418457f6e1528b16bc1e26f2c/window/fullscreen - {}
RESULT: {}
RESULT: {}
]]></system-out>
    </testcase>
  </testsuite>
  <testsuite timestamp="2025-05-17T17:01:32" time="121.224" tests="4" failures="0" errors="0" skipped="0">
    <properties>
      <property name="specId" value="0" />
      <property name="suiteName" value="Provide to Site w/o warehouse management w/o clarification US116612" />
      <property name="capabilities" value="chrome.136_0_7103_93.windows" />
      <property name="file" value="file:///D:/a/1/s/test/specs/HTR/provide-to-site-wo-warehouse-wo-clarification.spec.js" />
    </properties>
    <testcase classname="chrome.136_0_7103_93.windows.Provide_to_Site_w/o_warehouse_management_w/o_clarification_US116612" name="Should create a new yard" time="0.017">
      <system-out><![CDATA[
COMMAND: POST /session/a0fa65e418457f6e1528b16bc1e26f2c/window/fullscreen - {}
RESULT: {}
]]></system-out>
    </testcase>
    <testcase classname="chrome.136_0_7103_93.windows.Provide_to_Site_w/o_warehouse_management_w/o_clarification_US116612" name="Should create a new external partner" time="0.003" />
    <testcase classname="chrome.136_0_7103_93.windows.Provide_to_Site_w/o_warehouse_management_w/o_clarification_US116612" name="Should create a new site" time="0.003" />
    <testcase classname="chrome.136_0_7103_93.windows.Provide_to_Site_w/o_warehouse_management_w/o_clarification_US116612" name="Should create a new material" time="109.877">
      <system-out><![CDATA[
COMMAND: POST /session/a0fa65e418457f6e1528b16bc1e26f2c/execute/async - {"script":"<script> [1562 bytes]","args":[{"selector":{"controlType":"sap.m.GenericTile","properties":{"header":"Manage Resources"}},"wdio_ui5_key":"sapm.GenericTile{\"header\":\"Manage Resources\"}"}]}
RESULT: {"script":"<script> [1562 bytes]","args":[{"selector":{"controlType":"sap.m.GenericTile","properties":{"header":"Manage Resources"}},"wdio_ui5_key":"sapm.GenericTile{\"header\":\"Manage Resources\"}"}]}
RESULT: undefined
COMMAND: POST /session/a0fa65e418457f6e1528b16bc1e26f2c/element - {"using":"xpath","value":"//*[@id=\"__tile31\"]"}
RESULT: {"using":"xpath","value":"//*[@id=\"__tile31\"]"}
COMMAND: POST /session/a0fa65e418457f6e1528b16bc1e26f2c/element/f.6300CB9FC90E916FB2ACF31257920715.d.3EA72C43C0032D374DF1EE67146AAD2A.e.16064/click - {}
RESULT: {}
COMMAND: GET /session/a0fa65e418457f6e1528b16bc1e26f2c/screenshot - {}
RESULT: {}
COMMAND: POST /session/a0fa65e418457f6e1528b16bc1e26f2c/elements - {"using":"xpath","value":"//span[text()='Error']"}
RESULT: {"using":"xpath","value":"//span[text()='Error']"}
COMMAND: POST /session/a0fa65e418457f6e1528b16bc1e26f2c/element - {"using":"xpath","value":"//button[@data-kt=\"addNewRUOverflowToolbarButton\"]"}
RESULT: {"using":"xpath","value":"//button[@data-kt=\"addNewRUOverflowToolbarButton\"]"}
COMMAND: POST /session/a0fa65e418457f6e1528b16bc1e26f2c/elements - {"using":"xpath","value":"//button[@data-kt=\"addNewRUOverflowToolbarButton\"]"}
RESULT: {"using":"xpath","value":"//button[@data-kt=\"addNewRUOverflowToolbarButton\"]"}
COMMAND: POST /session/a0fa65e418457f6e1528b16bc1e26f2c/execute/sync - {"script":"<script> [8489 bytes]","args":[{"element-6066-11e4-a52e-4f735466cecf":"f.6300CB9FC90E916FB2ACF31257920715.d.3EA72C43C0032D374DF1EE67146AAD2A.e.16193","ELEMENT":"f.6300CB9FC90E916FB2ACF31257920715.d.3EA72C43C0032D374DF1EE67146AAD2A.e.16193"}]}
RESULT: {"script":"<script> [8489 bytes]","args":[{"element-6066-11e4-a52e-4f735466cecf":"f.6300CB9FC90E916FB2ACF31257920715.d.3EA72C43C0032D374DF1EE67146AAD2A.e.16193","ELEMENT":"f.6300CB9FC90E916FB2ACF31257920715.d.3EA72C43C0032D374DF1EE67146AAD2A.e.16193"}]}
COMMAND: GET /session/a0fa65e418457f6e1528b16bc1e26f2c/element/f.6300CB9FC90E916FB2ACF31257920715.d.3EA72C43C0032D374DF1EE67146AAD2A.e.16193/enabled - {}
COMMAND: GET /session/a0fa65e418457f6e1528b16bc1e26f2c/screenshot - {}
RESULT: {}
COMMAND: POST /session/a0fa65e418457f6e1528b16bc1e26f2c/execute/sync - {"script":"<script> [8489 bytes]","args":[{"element-6066-11e4-a52e-4f735466cecf":"f.6300CB9FC90E916FB2ACF31257920715.d.3EA72C43C0032D374DF1EE67146AAD2A.e.16193","ELEMENT":"f.6300CB9FC90E916FB2ACF31257920715.d.3EA72C43C0032D374DF1EE67146AAD2A.e.16193"}]}
COMMAND: GET /session/a0fa65e418457f6e1528b16bc1e26f2c/screenshot - {}
RESULT: {}
RESULT: {"script":"<script> [8489 bytes]","args":[{"element-6066-11e4-a52e-4f735466cecf":"f.6300CB9FC90E916FB2ACF31257920715.d.3EA72C43C0032D374DF1EE67146AAD2A.e.16193","ELEMENT":"f.6300CB9FC90E916FB2ACF31257920715.d.3EA72C43C0032D374DF1EE67146AAD2A.e.16193"}]}
COMMAND: POST /session/a0fa65e418457f6e1528b16bc1e26f2c/execute/sync - {"script":"<script> [5351 bytes]","args":[{"element-6066-11e4-a52e-4f735466cecf":"f.6300CB9FC90E916FB2ACF31257920715.d.3EA72C43C0032D374DF1EE67146AAD2A.e.16193","ELEMENT":"f.6300CB9FC90E916FB2ACF31257920715.d.3EA72C43C0032D374DF1EE67146AAD2A.e.16193"}]}
COMMAND: GET /session/a0fa65e418457f6e1528b16bc1e26f2c/screenshot - {}
RESULT: {}
RESULT: {"script":"<script> [5351 bytes]","args":[{"element-6066-11e4-a52e-4f735466cecf":"f.6300CB9FC90E916FB2ACF31257920715.d.3EA72C43C0032D374DF1EE67146AAD2A.e.16193","ELEMENT":"f.6300CB9FC90E916FB2ACF31257920715.d.3EA72C43C0032D374DF1EE67146AAD2A.e.16193"}]}
COMMAND: POST /session/a0fa65e418457f6e1528b16bc1e26f2c/element/f.6300CB9FC90E916FB2ACF31257920715.d.3EA72C43C0032D374DF1EE67146AAD2A.e.16193/click - {}
COMMAND: GET /session/a0fa65e418457f6e1528b16bc1e26f2c/screenshot - {}
RESULT: {}
RESULT: {}
COMMAND: GET /session/a0fa65e418457f6e1528b16bc1e26f2c/screenshot - {}
RESULT: {}
COMMAND: POST /session/a0fa65e418457f6e1528b16bc1e26f2c/execute/async - {"script":"<script> [1562 bytes]","args":[{"selector":{"id":"application-manageresources-display-component---newResourceUnit--TYPE-arrow"},"wdio_ui5_key":"applicationmanageresources-display-component---newResourceUnit--TYPE-arrow"}]}
RESULT: {}
RESULT: {"script":"<script> [1562 bytes]","args":[{"selector":{"id":"application-manageresources-display-component---newResourceUnit--TYPE-arrow"},"wdio_ui5_key":"applicationmanageresources-display-component---newResourceUnit--TYPE-arrow"}]}
RESULT: undefined
COMMAND: POST /session/a0fa65e418457f6e1528b16bc1e26f2c/element - {"using":"xpath","value":"//*[@id=\"application-manageresources-display-component---newResourceUnit--TYPE-arrow\"]"}
RESULT: {"using":"xpath","value":"//*[@id=\"application-manageresources-display-component---newResourceUnit--TYPE-arrow\"]"}
COMMAND: POST /session/a0fa65e418457f6e1528b16bc1e26f2c/element/f.6300CB9FC90E916FB2ACF31257920715.d.3EA72C43C0032D374DF1EE67146AAD2A.e.16555/click - {}
RESULT: {}
COMMAND: POST /session/a0fa65e418457f6e1528b16bc1e26f2c/element - {"using":"xpath","value":"//input[@id=\"application-manageresources-display-component---newResourceUnit--TYPE-inner\"]"}
COMMAND: GET /session/a0fa65e418457f6e1528b16bc1e26f2c/screenshot - {}
RESULT: {"using":"xpath","value":"//input[@id=\"application-manageresources-display-component---newResourceUnit--TYPE-inner\"]"}
COMMAND: POST /session/a0fa65e418457f6e1528b16bc1e26f2c/element/f.6300CB9FC90E916FB2ACF31257920715.d.3EA72C43C0032D374DF1EE67146AAD2A.e.16546/clear - {}
RESULT: {}
RESULT: {}
COMMAND: POST /session/a0fa65e418457f6e1528b16bc1e26f2c/element/f.6300CB9FC90E916FB2ACF31257920715.d.3EA72C43C0032D374DF1EE67146AAD2A.e.16546/value - {"text":"Material"}
COMMAND: GET /session/a0fa65e418457f6e1528b16bc1e26f2c/screenshot - {}
RESULT: {"text":"Material"}
COMMAND: GET /session/a0fa65e418457f6e1528b16bc1e26f2c/screenshot - {}
RESULT: {}
RESULT: {}
COMMAND: POST /session/a0fa65e418457f6e1528b16bc1e26f2c/actions - {"actions":[{"id":"action53","type":"key","parameters":{},"actions":[{"type":"keyDown","value":"î€‡"},{"type":"pause","duration":10},{"type":"keyUp","value":"î€‡"}]}]}
RESULT: {"actions":[{"id":"action53","type":"key","parameters":{},"actions":[{"type":"keyDown","value":"î€‡"},{"type":"pause","duration":10},{"type":"keyUp","value":"î€‡"}]}]}
COMMAND: POST /session/a0fa65e418457f6e1528b16bc1e26f2c/execute/async - {"script":"<script> [1562 bytes]","args":[{"selector":{"id":"application-manageresources-display-component---newResourceUnit--SHORT_TEXT","interaction":{"idSuffix":"inner"}},"wdio_ui5_key":"applicationmanageresources-display-component---newResourceUnit--SHORT_TEXT"}]}
COMMAND: GET /session/a0fa65e418457f6e1528b16bc1e26f2c/screenshot - {}
RESULT: {"script":"<script> [1562 bytes]","args":[{"selector":{"id":"application-manageresources-display-component---newResourceUnit--SHORT_TEXT","interaction":{"idSuffix":"inner"}},"wdio_ui5_key":"applicationmanageresources-display-component---newResourceUnit--SHORT_TEXT"}]}
RESULT: undefined
COMMAND: POST /session/a0fa65e418457f6e1528b16bc1e26f2c/execute/async - {"script":"<script> [776 bytes]","args":[{"enterText":"Cement WDIO","selector":{"id":"application-manageresources-display-component---newResourceUnit--SHORT_TEXT","interaction":{"idSuffix":"inner"}},"clearTextFirst":true,"interactionType":"ENTER_TEXT"}]}
RESULT: {}
RESULT: {"script":"<script> [776 bytes]","args":[{"enterText":"Cement WDIO","selector":{"id":"application-manageresources-display-component---newResourceUnit--SHORT_TEXT","interaction":{"idSuffix":"inner"}},"clearTextFirst":true,"interactionType":"ENTER_TEXT"}]}
COMMAND: POST /session/a0fa65e418457f6e1528b16bc1e26f2c/execute/async - {"script":"<script> [1562 bytes]","args":[{"selector":{"id":"application-manageresources-display-component---newResourceUnit--BASE_UNIT_OF_MEASURE","interaction":{"idSuffix":"inner"}},"wdio_ui5_key":"applicationmanageresources-display-component---newResourceUnit--BASE_UNIT_OF_MEASURE"}]}
RESULT: {"script":"<script> [1562 bytes]","args":[{"selector":{"id":"application-manageresources-display-component---newResourceUnit--BASE_UNIT_OF_MEASURE","interaction":{"idSuffix":"inner"}},"wdio_ui5_key":"applicationmanageresources-display-component---newResourceUnit--BASE_UNIT_OF_MEASURE"}]}
RESULT: undefined
COMMAND: POST /session/a0fa65e418457f6e1528b16bc1e26f2c/execute/async - {"script":"<script> [776 bytes]","args":[{"enterText":"Piece","selector":{"id":"application-manageresources-display-component---newResourceUnit--BASE_UNIT_OF_MEASURE","interaction":{"idSuffix":"inner"}},"clearTextFirst":true,"interactionType":"ENTER_TEXT"}]}
RESULT: {"script":"<script> [776 bytes]","args":[{"enterText":"Piece","selector":{"id":"application-manageresources-display-component---newResourceUnit--BASE_UNIT_OF_MEASURE","interaction":{"idSuffix":"inner"}},"clearTextFirst":true,"interactionType":"ENTER_TEXT"}]}
COMMAND: POST /session/a0fa65e418457f6e1528b16bc1e26f2c/execute/async - {"script":"<script> [1562 bytes]","args":[{"selector":{"id":"application-manageresources-display-component---newResourceUnit--WEIGHT_UNIT","interaction":{"idSuffix":"inner"}},"wdio_ui5_key":"applicationmanageresources-display-component---newResourceUnit--WEIGHT_UNIT"}]}
RESULT: {"script":"<script> [1562 bytes]","args":[{"selector":{"id":"application-manageresources-display-component---newResourceUnit--WEIGHT_UNIT","interaction":{"idSuffix":"inner"}},"wdio_ui5_key":"applicationmanageresources-display-component---newResourceUnit--WEIGHT_UNIT"}]}
RESULT: undefined
COMMAND: POST /session/a0fa65e418457f6e1528b16bc1e26f2c/execute/async - {"script":"<script> [776 bytes]","args":[{"enterText":"Gram","selector":{"id":"application-manageresources-display-component---newResourceUnit--WEIGHT_UNIT","interaction":{"idSuffix":"inner"}},"clearTextFirst":true,"interactionType":"ENTER_TEXT"}]}
RESULT: {"script":"<script> [776 bytes]","args":[{"enterText":"Gram","selector":{"id":"application-manageresources-display-component---newResourceUnit--WEIGHT_UNIT","interaction":{"idSuffix":"inner"}},"clearTextFirst":true,"interactionType":"ENTER_TEXT"}]}
COMMAND: POST /session/a0fa65e418457f6e1528b16bc1e26f2c/execute/async - {"script":"<script> [1562 bytes]","args":[{"selector":{"id":"application-manageresources-display-component---newResourceUnit--DIMENSION_UNIT","interaction":{"idSuffix":"inner"}},"wdio_ui5_key":"applicationmanageresources-display-component---newResourceUnit--DIMENSION_UNIT"}]}
RESULT: {"script":"<script> [1562 bytes]","args":[{"selector":{"id":"application-manageresources-display-component---newResourceUnit--DIMENSION_UNIT","interaction":{"idSuffix":"inner"}},"wdio_ui5_key":"applicationmanageresources-display-component---newResourceUnit--DIMENSION_UNIT"}]}
RESULT: undefined
COMMAND: POST /session/a0fa65e418457f6e1528b16bc1e26f2c/execute/async - {"script":"<script> [776 bytes]","args":[{"enterText":"Meter","selector":{"id":"application-manageresources-display-component---newResourceUnit--DIMENSION_UNIT","interaction":{"idSuffix":"inner"}},"clearTextFirst":true,"interactionType":"ENTER_TEXT"}]}
RESULT: {"script":"<script> [776 bytes]","args":[{"enterText":"Meter","selector":{"id":"application-manageresources-display-component---newResourceUnit--DIMENSION_UNIT","interaction":{"idSuffix":"inner"}},"clearTextFirst":true,"interactionType":"ENTER_TEXT"}]}
COMMAND: POST /session/a0fa65e418457f6e1528b16bc1e26f2c/execute/async - {"script":"<script> [1562 bytes]","args":[{"selector":{"id":"application-manageresources-display-component---newResourceUnit--newRRUPage-anchBar-application-manageresources-display-component---newResourceUnit--control-anchor","interaction":{"idSuffix":"BDI-content"}},"wdio_ui5_key":"applicationmanageresources-display-component---newResourceUnit--newRRUPage-anchBar-application-manageresources-display-component---newResourceUnit--control-anchor"}]}
RESULT: {"script":"<script> [1562 bytes]","args":[{"selector":{"id":"application-manageresources-display-component---newResourceUnit--newRRUPage-anchBar-application-manageresources-display-component---newResourceUnit--control-anchor","interaction":{"idSuffix":"BDI-content"}},"wdio_ui5_key":"applicationmanageresources-display-component---newResourceUnit--newRRUPage-anchBar-application-manageresources-display-component---newResourceUnit--control-anchor"}]}
RESULT: undefined
COMMAND: POST /session/a0fa65e418457f6e1528b16bc1e26f2c/element - {"using":"xpath","value":"//*[@id=\"application-manageresources-display-component---newResourceUnit--newRRUPage-anchBar-application-manageresources-display-component---newResourceUnit--control-anchor\"]"}
RESULT: {"using":"xpath","value":"//*[@id=\"application-manageresources-display-component---newResourceUnit--newRRUPage-anchBar-application-manageresources-display-component---newResourceUnit--control-anchor\"]"}
COMMAND: POST /session/a0fa65e418457f6e1528b16bc1e26f2c/element/f.6300CB9FC90E916FB2ACF31257920715.d.3EA72C43C0032D374DF1EE67146AAD2A.e.16622/click - {}
RESULT: {}
COMMAND: POST /session/a0fa65e418457f6e1528b16bc1e26f2c/execute/async - {"script":"<script> [1562 bytes]","args":[{"selector":{"id":"application-manageresources-display-component---newResourceUnit--PLANNING_GROUP","interaction":{"idSuffix":"inner"}},"wdio_ui5_key":"applicationmanageresources-display-component---newResourceUnit--PLANNING_GROUP"}]}
COMMAND: GET /session/a0fa65e418457f6e1528b16bc1e26f2c/screenshot - {}
RESULT: {"script":"<script> [1562 bytes]","args":[{"selector":{"id":"application-manageresources-display-component---newResourceUnit--PLANNING_GROUP","interaction":{"idSuffix":"inner"}},"wdio_ui5_key":"applicationmanageresources-display-component---newResourceUnit--PLANNING_GROUP"}]}
RESULT: undefined
COMMAND: POST /session/a0fa65e418457f6e1528b16bc1e26f2c/execute/async - {"script":"<script> [776 bytes]","args":[{"enterText":"Material","selector":{"id":"application-manageresources-display-component---newResourceUnit--PLANNING_GROUP","interaction":{"idSuffix":"inner"}},"clearTextFirst":true,"interactionType":"ENTER_TEXT"}]}
RESULT: {}
RESULT: {"script":"<script> [776 bytes]","args":[{"enterText":"Material","selector":{"id":"application-manageresources-display-component---newResourceUnit--PLANNING_GROUP","interaction":{"idSuffix":"inner"}},"clearTextFirst":true,"interactionType":"ENTER_TEXT"}]}
COMMAND: POST /session/a0fa65e418457f6e1528b16bc1e26f2c/execute/async - {"script":"<script> [1562 bytes]","args":[{"selector":{"id":"application-manageresources-display-component---newResourceUnit--PLANNING_INDICATOR","interaction":{"idSuffix":"inner"}},"wdio_ui5_key":"applicationmanageresources-display-component---newResourceUnit--PLANNING_INDICATOR"}]}
RESULT: {"script":"<script> [1562 bytes]","args":[{"selector":{"id":"application-manageresources-display-component---newResourceUnit--PLANNING_INDICATOR","interaction":{"idSuffix":"inner"}},"wdio_ui5_key":"applicationmanageresources-display-component---newResourceUnit--PLANNING_INDICATOR"}]}
RESULT: undefined
COMMAND: POST /session/a0fa65e418457f6e1528b16bc1e26f2c/execute/async - {"script":"<script> [776 bytes]","args":[{"enterText":"10 - infinite","selector":{"id":"application-manageresources-display-component---newResourceUnit--PLANNING_INDICATOR","interaction":{"idSuffix":"inner"}},"clearTextFirst":true,"interactionType":"ENTER_TEXT"}]}
RESULT: {"script":"<script> [776 bytes]","args":[{"enterText":"10 - infinite","selector":{"id":"application-manageresources-display-component---newResourceUnit--PLANNING_INDICATOR","interaction":{"idSuffix":"inner"}},"clearTextFirst":true,"interactionType":"ENTER_TEXT"}]}
COMMAND: POST /session/a0fa65e418457f6e1528b16bc1e26f2c/element - {"using":"css selector","value":"#application-manageresources-display-component---newResourceUnit--btnAddTimeSegment"}
RESULT: {"using":"css selector","value":"#application-manageresources-display-component---newResourceUnit--btnAddTimeSegment"}
COMMAND: GET /session/a0fa65e418457f6e1528b16bc1e26f2c/element/f.6300CB9FC90E916FB2ACF31257920715.d.3EA72C43C0032D374DF1EE67146AAD2A.e.16632/rect - {}
RESULT: {}
COMMAND: GET /session/a0fa65e418457f6e1528b16bc1e26f2c/window/rect - {}
RESULT: {}
COMMAND: POST /session/a0fa65e418457f6e1528b16bc1e26f2c/execute/sync - {"script":"<script> [92 bytes]","args":[]}
RESULT: {"script":"<script> [92 bytes]","args":[]}
COMMAND: POST /session/a0fa65e418457f6e1528b16bc1e26f2c/actions - {"actions":[{"id":"action54","type":"wheel","parameters":{},"actions":[{"type":"scroll","x":-1888,"y":-32,"deltaX":0,"deltaY":0,"duration":0,"origin":{"element-6066-11e4-a52e-4f735466cecf":"f.6300CB9FC90E916FB2ACF31257920715.d.3EA72C43C0032D374DF1EE67146AAD2A.e.16632"}}]}]}
COMMAND: GET /session/a0fa65e418457f6e1528b16bc1e26f2c/screenshot - {}
RESULT: {}
COMMAND: POST /session/a0fa65e418457f6e1528b16bc1e26f2c/execute/sync - {"script":"<script> [79 bytes]","args":[{"element-6066-11e4-a52e-4f735466cecf":"f.6300CB9FC90E916FB2ACF31257920715.d.3EA72C43C0032D374DF1EE67146AAD2A.e.16632","ELEMENT":"f.6300CB9FC90E916FB2ACF31257920715.d.3EA72C43C0032D374DF1EE67146AAD2A.e.16632"},{"block":"start","inline":"nearest"}]}
RESULT: {"script":"<script> [79 bytes]","args":[{"element-6066-11e4-a52e-4f735466cecf":"f.6300CB9FC90E916FB2ACF31257920715.d.3EA72C43C0032D374DF1EE67146AAD2A.e.16632","ELEMENT":"f.6300CB9FC90E916FB2ACF31257920715.d.3EA72C43C0032D374DF1EE67146AAD2A.e.16632"},{"block":"start","inline":"nearest"}]}
COMMAND: POST /session/a0fa65e418457f6e1528b16bc1e26f2c/execute/async - {"script":"<script> [1562 bytes]","args":[{"selector":{"id":"application-manageresources-display-component---newResourceUnit--btnAddTimeSegment","interaction":{"idSuffix":"inner"}},"wdio_ui5_key":"applicationmanageresources-display-component---newResourceUnit--btnAddTimeSegment"}]}
COMMAND: GET /session/a0fa65e418457f6e1528b16bc1e26f2c/screenshot - {}
RESULT: {"script":"<script> [1562 bytes]","args":[{"selector":{"id":"application-manageresources-display-component---newResourceUnit--btnAddTimeSegment","interaction":{"idSuffix":"inner"}},"wdio_ui5_key":"applicationmanageresources-display-component---newResourceUnit--btnAddTimeSegment"}]}
RESULT: undefined
COMMAND: POST /session/a0fa65e418457f6e1528b16bc1e26f2c/element - {"using":"xpath","value":"//*[@id=\"application-manageresources-display-component---newResourceUnit--btnAddTimeSegment\"]"}
RESULT: {}
RESULT: {"using":"xpath","value":"//*[@id=\"application-manageresources-display-component---newResourceUnit--btnAddTimeSegment\"]"}
COMMAND: POST /session/a0fa65e418457f6e1528b16bc1e26f2c/element/f.6300CB9FC90E916FB2ACF31257920715.d.3EA72C43C0032D374DF1EE67146AAD2A.e.16632/click - {}
RESULT: {}
COMMAND: GET /session/a0fa65e418457f6e1528b16bc1e26f2c/screenshot - {}
RESULT: {}
COMMAND: POST /session/a0fa65e418457f6e1528b16bc1e26f2c/element - {"using":"xpath","value":"//input[@id=\"application-manageresources-display-component---newResourceUnit--idRuTSAdmin-application-manageresources-display-component---newResourceUnit--RUTimeSegment-0-inner\"]"}
RESULT: {"using":"xpath","value":"//input[@id=\"application-manageresources-display-component---newResourceUnit--idRuTSAdmin-application-manageresources-display-component---newResourceUnit--RUTimeSegment-0-inner\"]"}
COMMAND: POST /session/a0fa65e418457f6e1528b16bc1e26f2c/element/f.6300CB9FC90E916FB2ACF31257920715.d.3EA72C43C0032D374DF1EE67146AAD2A.e.16637/clear - {}
RESULT: {}
COMMAND: POST /session/a0fa65e418457f6e1528b16bc1e26f2c/element/f.6300CB9FC90E916FB2ACF31257920715.d.3EA72C43C0032D374DF1EE67146AAD2A.e.16637/value - {"text":"500"}
COMMAND: GET /session/a0fa65e418457f6e1528b16bc1e26f2c/screenshot - {}
RESULT: {"text":"500"}
COMMAND: GET /session/a0fa65e418457f6e1528b16bc1e26f2c/screenshot - {}
RESULT: {}
RESULT: {}
COMMAND: POST /session/a0fa65e418457f6e1528b16bc1e26f2c/element - {"using":"xpath","value":"//li[.//span[text()='500']]"}
RESULT: {"using":"xpath","value":"//li[.//span[text()='500']]"}
COMMAND: POST /session/a0fa65e418457f6e1528b16bc1e26f2c/element/f.6300CB9FC90E916FB2ACF31257920715.d.3EA72C43C0032D374DF1EE67146AAD2A.e.16646/click - {}
RESULT: {}
COMMAND: GET /session/a0fa65e418457f6e1528b16bc1e26f2c/screenshot - {}
RESULT: {}
COMMAND: POST /session/a0fa65e418457f6e1528b16bc1e26f2c/element - {"using":"xpath","value":"(//span[contains(@id, \"-application-manageresources-display-component---newResourceUnit--RUTimeSegment-0-arrow\")])[2]"}
RESULT: {"using":"xpath","value":"(//span[contains(@id, \"-application-manageresources-display-component---newResourceUnit--RUTimeSegment-0-arrow\")])[2]"}
COMMAND: POST /session/a0fa65e418457f6e1528b16bc1e26f2c/element/f.6300CB9FC90E916FB2ACF31257920715.d.3EA72C43C0032D374DF1EE67146AAD2A.e.16647/click - {}
RESULT: {}
COMMAND: POST /session/a0fa65e418457f6e1528b16bc1e26f2c/element - {"using":"xpath","value":"//span[contains(text(), \"PM Order\")]"}
COMMAND: GET /session/a0fa65e418457f6e1528b16bc1e26f2c/screenshot - {}
RESULT: {"using":"xpath","value":"//span[contains(text(), \"PM Order\")]"}
COMMAND: POST /session/a0fa65e418457f6e1528b16bc1e26f2c/element/f.6300CB9FC90E916FB2ACF31257920715.d.3EA72C43C0032D374DF1EE67146AAD2A.e.16648/click - {}
RESULT: {}
RESULT: {}
COMMAND: GET /session/a0fa65e418457f6e1528b16bc1e26f2c/screenshot - {}
RESULT: {}
COMMAND: POST /session/a0fa65e418457f6e1528b16bc1e26f2c/element - {"using":"xpath","value":"//td/div/div/div/span[contains(@id, \"newResourceUnit--RUTimeSegment-0-vhi\")][1]"}
RESULT: {"using":"xpath","value":"//td/div/div/div/span[contains(@id, \"newResourceUnit--RUTimeSegment-0-vhi\")][1]"}
COMMAND: GET /session/a0fa65e418457f6e1528b16bc1e26f2c/element/f.6300CB9FC90E916FB2ACF31257920715.d.3EA72C43C0032D374DF1EE67146AAD2A.e.16652/rect - {}
RESULT: {}
COMMAND: GET /session/a0fa65e418457f6e1528b16bc1e26f2c/window/rect - {}
RESULT: {}
COMMAND: POST /session/a0fa65e418457f6e1528b16bc1e26f2c/execute/sync - {"script":"<script> [92 bytes]","args":[]}
RESULT: {"script":"<script> [92 bytes]","args":[]}
COMMAND: POST /session/a0fa65e418457f6e1528b16bc1e26f2c/actions - {"actions":[{"id":"action55","type":"wheel","parameters":{},"actions":[{"type":"scroll","x":-1888,"y":-24,"deltaX":0,"deltaY":0,"duration":0,"origin":{"element-6066-11e4-a52e-4f735466cecf":"f.6300CB9FC90E916FB2ACF31257920715.d.3EA72C43C0032D374DF1EE67146AAD2A.e.16652"}}]}]}
COMMAND: GET /session/a0fa65e418457f6e1528b16bc1e26f2c/screenshot - {}
RESULT: {}
COMMAND: POST /session/a0fa65e418457f6e1528b16bc1e26f2c/execute/sync - {"script":"<script> [79 bytes]","args":[{"element-6066-11e4-a52e-4f735466cecf":"f.6300CB9FC90E916FB2ACF31257920715.d.3EA72C43C0032D374DF1EE67146AAD2A.e.16652","ELEMENT":"f.6300CB9FC90E916FB2ACF31257920715.d.3EA72C43C0032D374DF1EE67146AAD2A.e.16652"},{"block":"start","inline":"nearest"}]}
RESULT: {"script":"<script> [79 bytes]","args":[{"element-6066-11e4-a52e-4f735466cecf":"f.6300CB9FC90E916FB2ACF31257920715.d.3EA72C43C0032D374DF1EE67146AAD2A.e.16652","ELEMENT":"f.6300CB9FC90E916FB2ACF31257920715.d.3EA72C43C0032D374DF1EE67146AAD2A.e.16652"},{"block":"start","inline":"nearest"}]}
COMMAND: GET /session/a0fa65e418457f6e1528b16bc1e26f2c/screenshot - {}
RESULT: {}
COMMAND: POST /session/a0fa65e418457f6e1528b16bc1e26f2c/element/f.6300CB9FC90E916FB2ACF31257920715.d.3EA72C43C0032D374DF1EE67146AAD2A.e.16652/click - {}
RESULT: {}
COMMAND: GET /session/a0fa65e418457f6e1528b16bc1e26f2c/screenshot - {}
RESULT: {}
COMMAND: POST /session/a0fa65e418457f6e1528b16bc1e26f2c/execute/async - {"script":"<script> [1562 bytes]","args":[{"selector":{"controlType":"sap.m.SearchField","properties":{"placeholder":"Search"},"searchOpenDialogs":true,"interaction":{"idSuffix":"I"}},"wdio_ui5_key":"sapm.SearchField{\"placeholder\":\"Search\"}"}]}
RESULT: {"script":"<script> [1562 bytes]","args":[{"selector":{"controlType":"sap.m.SearchField","properties":{"placeholder":"Search"},"searchOpenDialogs":true,"interaction":{"idSuffix":"I"}},"wdio_ui5_key":"sapm.SearchField{\"placeholder\":\"Search\"}"}]}
RESULT: undefined
COMMAND: POST /session/a0fa65e418457f6e1528b16bc1e26f2c/execute/async - {"script":"<script> [776 bytes]","args":[{"enterText":"4000360","selector":{"controlType":"sap.m.SearchField","properties":{"placeholder":"Search"},"searchOpenDialogs":true,"interaction":{"idSuffix":"I"}},"clearTextFirst":true,"interactionType":"ENTER_TEXT"}]}
RESULT: {"script":"<script> [776 bytes]","args":[{"enterText":"4000360","selector":{"controlType":"sap.m.SearchField","properties":{"placeholder":"Search"},"searchOpenDialogs":true,"interaction":{"idSuffix":"I"}},"clearTextFirst":true,"interactionType":"ENTER_TEXT"}]}
COMMAND: POST /session/a0fa65e418457f6e1528b16bc1e26f2c/actions - {"actions":[{"id":"action56","type":"key","parameters":{},"actions":[{"type":"keyDown","value":"î€‡"},{"type":"pause","duration":10},{"type":"keyUp","value":"î€‡"}]}]}
RESULT: {"actions":[{"id":"action56","type":"key","parameters":{},"actions":[{"type":"keyDown","value":"î€‡"},{"type":"pause","duration":10},{"type":"keyUp","value":"î€‡"}]}]}
COMMAND: GET /session/a0fa65e418457f6e1528b16bc1e26f2c/screenshot - {}
RESULT: {}
COMMAND: POST /session/a0fa65e418457f6e1528b16bc1e26f2c/element - {"using":"xpath","value":"//td/div/span[contains(text(), \"BGL Vehicles\")]"}
RESULT: {"using":"xpath","value":"//td/div/span[contains(text(), \"BGL Vehicles\")]"}
COMMAND: POST /session/a0fa65e418457f6e1528b16bc1e26f2c/element/f.6300CB9FC90E916FB2ACF31257920715.d.3EA72C43C0032D374DF1EE67146AAD2A.e.16673/click - {}
RESULT: {}
COMMAND: GET /session/a0fa65e418457f6e1528b16bc1e26f2c/screenshot - {}
RESULT: {}
COMMAND: POST /session/a0fa65e418457f6e1528b16bc1e26f2c/element - {"using":"xpath","value":"//bdi[contains(text(), \"OK\")]"}
RESULT: {"using":"xpath","value":"//bdi[contains(text(), \"OK\")]"}
COMMAND: POST /session/a0fa65e418457f6e1528b16bc1e26f2c/element/f.6300CB9FC90E916FB2ACF31257920715.d.3EA72C43C0032D374DF1EE67146AAD2A.e.16674/click - {}
RESULT: {}
COMMAND: GET /session/a0fa65e418457f6e1528b16bc1e26f2c/screenshot - {}
RESULT: {}
COMMAND: POST /session/a0fa65e418457f6e1528b16bc1e26f2c/element - {"using":"xpath","value":"//label[contains(@class, 'sapMLabelRequired') and .//bdi[contains(text(), 'Planned Retirement')]]"}
RESULT: {"using":"xpath","value":"//label[contains(@class, 'sapMLabelRequired') and .//bdi[contains(text(), 'Planned Retirement')]]"}
COMMAND: POST /session/a0fa65e418457f6e1528b16bc1e26f2c/elements - {"using":"xpath","value":"//label[contains(@class, 'sapMLabelRequired') and .//bdi[contains(text(), 'Planned Retirement')]]"}
RESULT: {"using":"xpath","value":"//label[contains(@class, 'sapMLabelRequired') and .//bdi[contains(text(), 'Planned Retirement')]]"}
COMMAND: POST /session/a0fa65e418457f6e1528b16bc1e26f2c/element - {"using":"xpath","value":"//button[@data-kt=\"resourceUnitSaveButton\"]"}
RESULT: {"using":"xpath","value":"//button[@data-kt=\"resourceUnitSaveButton\"]"}
COMMAND: POST /session/a0fa65e418457f6e1528b16bc1e26f2c/element/f.6300CB9FC90E916FB2ACF31257920715.d.3EA72C43C0032D374DF1EE67146AAD2A.e.16575/click - {}
RESULT: {}
COMMAND: GET /session/a0fa65e418457f6e1528b16bc1e26f2c/screenshot - {}
RESULT: {}
COMMAND: POST /session/a0fa65e418457f6e1528b16bc1e26f2c/element - {"using":"xpath","value":"//bdi[contains(text(), \"Close\")]"}
RESULT: {"using":"xpath","value":"//bdi[contains(text(), \"Close\")]"}
COMMAND: POST /session/a0fa65e418457f6e1528b16bc1e26f2c/element/f.6300CB9FC90E916FB2ACF31257920715.d.3EA72C43C0032D374DF1EE67146AAD2A.e.16680/click - {}
RESULT: {}
COMMAND: GET /session/a0fa65e418457f6e1528b16bc1e26f2c/screenshot - {}
RESULT: {}
COMMAND: POST /session/a0fa65e418457f6e1528b16bc1e26f2c/element - {"using":"xpath","value":"//header[contains(@id, 'detailRruPage-headerTitle')]/div[1]/div[2]/div[2]/span[1]"}
RESULT: {"using":"xpath","value":"//header[contains(@id, 'detailRruPage-headerTitle')]/div[1]/div[2]/div[2]/span[1]"}
COMMAND: POST /session/a0fa65e418457f6e1528b16bc1e26f2c/elements - {"using":"xpath","value":"//header[contains(@id, 'detailRruPage-headerTitle')]/div[1]/div[2]/div[2]/span[1]"}
RESULT: {"using":"xpath","value":"//header[contains(@id, 'detailRruPage-headerTitle')]/div[1]/div[2]/div[2]/span[1]"}
COMMAND: POST /session/a0fa65e418457f6e1528b16bc1e26f2c/execute/sync - {"script":"<script> [56 bytes]","args":[{"element-6066-11e4-a52e-4f735466cecf":"f.6300CB9FC90E916FB2ACF31257920715.d.3EA72C43C0032D374DF1EE67146AAD2A.e.16712","ELEMENT":"f.6300CB9FC90E916FB2ACF31257920715.d.3EA72C43C0032D374DF1EE67146AAD2A.e.16712"}]}
RESULT: {"script":"<script> [56 bytes]","args":[{"element-6066-11e4-a52e-4f735466cecf":"f.6300CB9FC90E916FB2ACF31257920715.d.3EA72C43C0032D374DF1EE67146AAD2A.e.16712","ELEMENT":"f.6300CB9FC90E916FB2ACF31257920715.d.3EA72C43C0032D374DF1EE67146AAD2A.e.16712"}]}
COMMAND: POST /session/a0fa65e418457f6e1528b16bc1e26f2c/element - {"using":"css selector","value":"#shell-header-logo"}
COMMAND: GET /session/a0fa65e418457f6e1528b16bc1e26f2c/screenshot - {}
RESULT: {"using":"css selector","value":"#shell-header-logo"}
COMMAND: POST /session/a0fa65e418457f6e1528b16bc1e26f2c/element/f.6300CB9FC90E916FB2ACF31257920715.d.3EA72C43C0032D374DF1EE67146AAD2A.e.16037/click - {}
RESULT: {}
RESULT: {}
COMMAND: GET /session/a0fa65e418457f6e1528b16bc1e26f2c/screenshot - {}
RESULT: {}
]]></system-out>
    </testcase>
  </testsuite>
  <testsuite timestamp="2025-05-17T17:03:34" time="352.449" tests="6" failures="0" errors="0" skipped="0">
    <properties>
      <property name="specId" value="0" />
      <property name="suiteName" value="Provide to Site w/o warehouse management w/o clarification" />
      <property name="capabilities" value="chrome.136_0_7103_93.windows" />
      <property name="file" value="file:///D:/a/1/s/test/specs/HTR/provide-to-site-wo-warehouse-wo-clarification.spec.js" />
    </properties>
    <testcase classname="chrome.136_0_7103_93.windows.Provide_to_Site_w/o_warehouse_management_w/o_clarification" name="Should do a stock increase handover" time="87.478">
      <system-out><![CDATA[
COMMAND: POST /session/a0fa65e418457f6e1528b16bc1e26f2c/execute/async - {"script":"<script> [1562 bytes]","args":[{"selector":{"controlType":"sap.m.GenericTile","properties":{"header":"Manage Handovers"}},"wdio_ui5_key":"sapm.GenericTile{\"header\":\"Manage Handovers\"}"}]}
RESULT: {"script":"<script> [1562 bytes]","args":[{"selector":{"controlType":"sap.m.GenericTile","properties":{"header":"Manage Handovers"}},"wdio_ui5_key":"sapm.GenericTile{\"header\":\"Manage Handovers\"}"}]}
RESULT: undefined
COMMAND: POST /session/a0fa65e418457f6e1528b16bc1e26f2c/element - {"using":"xpath","value":"//*[@id=\"__tile130\"]"}
RESULT: {"using":"xpath","value":"//*[@id=\"__tile130\"]"}
COMMAND: POST /session/a0fa65e418457f6e1528b16bc1e26f2c/element/f.6300CB9FC90E916FB2ACF31257920715.d.3EA72C43C0032D374DF1EE67146AAD2A.e.16091/click - {}
RESULT: {}
COMMAND: GET /session/a0fa65e418457f6e1528b16bc1e26f2c/screenshot - {}
RESULT: {}
COMMAND: POST /session/a0fa65e418457f6e1528b16bc1e26f2c/elements - {"using":"xpath","value":"//span[text()='Error']"}
RESULT: {"using":"xpath","value":"//span[text()='Error']"}
COMMAND: POST /session/a0fa65e418457f6e1528b16bc1e26f2c/element - {"using":"xpath","value":"//button[@data-kt=\"masterHOAddButton\"]"}
RESULT: {"using":"xpath","value":"//button[@data-kt=\"masterHOAddButton\"]"}
COMMAND: POST /session/a0fa65e418457f6e1528b16bc1e26f2c/elements - {"using":"xpath","value":"//button[@data-kt=\"masterHOAddButton\"]"}
RESULT: {"using":"xpath","value":"//button[@data-kt=\"masterHOAddButton\"]"}
COMMAND: POST /session/a0fa65e418457f6e1528b16bc1e26f2c/execute/sync - {"script":"<script> [8489 bytes]","args":[{"element-6066-11e4-a52e-4f735466cecf":"f.6300CB9FC90E916FB2ACF31257920715.d.3EA72C43C0032D374DF1EE67146AAD2A.e.16757","ELEMENT":"f.6300CB9FC90E916FB2ACF31257920715.d.3EA72C43C0032D374DF1EE67146AAD2A.e.16757"}]}
RESULT: {"script":"<script> [8489 bytes]","args":[{"element-6066-11e4-a52e-4f735466cecf":"f.6300CB9FC90E916FB2ACF31257920715.d.3EA72C43C0032D374DF1EE67146AAD2A.e.16757","ELEMENT":"f.6300CB9FC90E916FB2ACF31257920715.d.3EA72C43C0032D374DF1EE67146AAD2A.e.16757"}]}
COMMAND: GET /session/a0fa65e418457f6e1528b16bc1e26f2c/element/f.6300CB9FC90E916FB2ACF31257920715.d.3EA72C43C0032D374DF1EE67146AAD2A.e.16757/enabled - {}
COMMAND: GET /session/a0fa65e418457f6e1528b16bc1e26f2c/screenshot - {}
RESULT: {}
COMMAND: POST /session/a0fa65e418457f6e1528b16bc1e26f2c/execute/sync - {"script":"<script> [8489 bytes]","args":[{"element-6066-11e4-a52e-4f735466cecf":"f.6300CB9FC90E916FB2ACF31257920715.d.3EA72C43C0032D374DF1EE67146AAD2A.e.16757","ELEMENT":"f.6300CB9FC90E916FB2ACF31257920715.d.3EA72C43C0032D374DF1EE67146AAD2A.e.16757"}]}
COMMAND: GET /session/a0fa65e418457f6e1528b16bc1e26f2c/screenshot - {}
RESULT: {}
RESULT: {"script":"<script> [8489 bytes]","args":[{"element-6066-11e4-a52e-4f735466cecf":"f.6300CB9FC90E916FB2ACF31257920715.d.3EA72C43C0032D374DF1EE67146AAD2A.e.16757","ELEMENT":"f.6300CB9FC90E916FB2ACF31257920715.d.3EA72C43C0032D374DF1EE67146AAD2A.e.16757"}]}
COMMAND: POST /session/a0fa65e418457f6e1528b16bc1e26f2c/execute/sync - {"script":"<script> [5351 bytes]","args":[{"element-6066-11e4-a52e-4f735466cecf":"f.6300CB9FC90E916FB2ACF31257920715.d.3EA72C43C0032D374DF1EE67146AAD2A.e.16757","ELEMENT":"f.6300CB9FC90E916FB2ACF31257920715.d.3EA72C43C0032D374DF1EE67146AAD2A.e.16757"}]}
COMMAND: GET /session/a0fa65e418457f6e1528b16bc1e26f2c/screenshot - {}
RESULT: {}
RESULT: {"script":"<script> [5351 bytes]","args":[{"element-6066-11e4-a52e-4f735466cecf":"f.6300CB9FC90E916FB2ACF31257920715.d.3EA72C43C0032D374DF1EE67146AAD2A.e.16757","ELEMENT":"f.6300CB9FC90E916FB2ACF31257920715.d.3EA72C43C0032D374DF1EE67146AAD2A.e.16757"}]}
COMMAND: POST /session/a0fa65e418457f6e1528b16bc1e26f2c/element/f.6300CB9FC90E916FB2ACF31257920715.d.3EA72C43C0032D374DF1EE67146AAD2A.e.16757/click - {}
COMMAND: GET /session/a0fa65e418457f6e1528b16bc1e26f2c/screenshot - {}
RESULT: {}
RESULT: {}
COMMAND: GET /session/a0fa65e418457f6e1528b16bc1e26f2c/screenshot - {}
RESULT: {}
RESULT: {}
COMMAND: POST /session/a0fa65e418457f6e1528b16bc1e26f2c/element - {"using":"xpath","value":"//span[contains(@id ,\"AddNewHO--typeSelect-arrow\")]"}
RESULT: {"using":"xpath","value":"//span[contains(@id ,\"AddNewHO--typeSelect-arrow\")]"}
COMMAND: POST /session/a0fa65e418457f6e1528b16bc1e26f2c/element/f.6300CB9FC90E916FB2ACF31257920715.d.3EA72C43C0032D374DF1EE67146AAD2A.e.17112/click - {}
RESULT: {}
COMMAND: GET /session/a0fa65e418457f6e1528b16bc1e26f2c/screenshot - {}
RESULT: {}
COMMAND: POST /session/a0fa65e418457f6e1528b16bc1e26f2c/element - {"using":"xpath","value":"(//li[contains(text(), \"stock increase yard\")])[1]"}
RESULT: {"using":"xpath","value":"(//li[contains(text(), \"stock increase yard\")])[1]"}
COMMAND: POST /session/a0fa65e418457f6e1528b16bc1e26f2c/element/f.6300CB9FC90E916FB2ACF31257920715.d.3EA72C43C0032D374DF1EE67146AAD2A.e.17113/click - {}
RESULT: {}
COMMAND: GET /session/a0fa65e418457f6e1528b16bc1e26f2c/screenshot - {}
RESULT: {}
COMMAND: POST /session/a0fa65e418457f6e1528b16bc1e26f2c/execute/async - {"script":"<script> [1562 bytes]","args":[{"selector":{"id":"application-managehandovers-display-component---AddNewHO--dueDate","interaction":{"idSuffix":"inner"}},"wdio_ui5_key":"applicationmanagehandovers-display-component---AddNewHO--dueDate"}]}
RESULT: {"script":"<script> [1562 bytes]","args":[{"selector":{"id":"application-managehandovers-display-component---AddNewHO--dueDate","interaction":{"idSuffix":"inner"}},"wdio_ui5_key":"applicationmanagehandovers-display-component---AddNewHO--dueDate"}]}
RESULT: undefined
COMMAND: POST /session/a0fa65e418457f6e1528b16bc1e26f2c/execute/async - {"script":"<script> [6424 bytes]","args":[{"element-6066-11e4-a52e-4f735466cecf":"f.6300CB9FC90E916FB2ACF31257920715.d.3EA72C43C0032D374DF1EE67146AAD2A.e.17115"},"setValue",["5/17/25"]]}
RESULT: {"script":"<script> [6424 bytes]","args":[{"element-6066-11e4-a52e-4f735466cecf":"f.6300CB9FC90E916FB2ACF31257920715.d.3EA72C43C0032D374DF1EE67146AAD2A.e.17115"},"setValue",["5/17/25"]]}
COMMAND: POST /session/a0fa65e418457f6e1528b16bc1e26f2c/element - {"using":"xpath","value":"//input[@id=\"generalSectionFrg--receiveYard-inner\"]"}
RESULT: {"using":"xpath","value":"//input[@id=\"generalSectionFrg--receiveYard-inner\"]"}
COMMAND: POST /session/a0fa65e418457f6e1528b16bc1e26f2c/element/f.6300CB9FC90E916FB2ACF31257920715.d.3EA72C43C0032D374DF1EE67146AAD2A.e.17119/clear - {}
RESULT: {}
COMMAND: POST /session/a0fa65e418457f6e1528b16bc1e26f2c/element/f.6300CB9FC90E916FB2ACF31257920715.d.3EA72C43C0032D374DF1EE67146AAD2A.e.17119/value - {"text":"500"}
COMMAND: GET /session/a0fa65e418457f6e1528b16bc1e26f2c/screenshot - {}
RESULT: {"text":"500"}
COMMAND: GET /session/a0fa65e418457f6e1528b16bc1e26f2c/screenshot - {}
RESULT: {}
RESULT: {}
COMMAND: POST /session/a0fa65e418457f6e1528b16bc1e26f2c/element - {"using":"xpath","value":"//li[.//span[text()='500']]"}
RESULT: {"using":"xpath","value":"//li[.//span[text()='500']]"}
COMMAND: POST /session/a0fa65e418457f6e1528b16bc1e26f2c/element/f.6300CB9FC90E916FB2ACF31257920715.d.3EA72C43C0032D374DF1EE67146AAD2A.e.17135/click - {}
RESULT: {}
COMMAND: GET /session/a0fa65e418457f6e1528b16bc1e26f2c/screenshot - {}
RESULT: {}
COMMAND: POST /session/a0fa65e418457f6e1528b16bc1e26f2c/execute/async - {"script":"<script> [1562 bytes]","args":[{"selector":{"id":"application-managehandovers-display-component---AddNewHO--ObjectPageLayout-anchBar-application-managehandovers-display-component---AddNewHO--section4-anchor","interaction":{"idSuffix":"BDI-content"}},"wdio_ui5_key":"applicationmanagehandovers-display-component---AddNewHO--ObjectPageLayout-anchBar-application-managehandovers-display-component---AddNewHO--section4-anchor"}]}
RESULT: {"script":"<script> [1562 bytes]","args":[{"selector":{"id":"application-managehandovers-display-component---AddNewHO--ObjectPageLayout-anchBar-application-managehandovers-display-component---AddNewHO--section4-anchor","interaction":{"idSuffix":"BDI-content"}},"wdio_ui5_key":"applicationmanagehandovers-display-component---AddNewHO--ObjectPageLayout-anchBar-application-managehandovers-display-component---AddNewHO--section4-anchor"}]}
RESULT: undefined
COMMAND: POST /session/a0fa65e418457f6e1528b16bc1e26f2c/element - {"using":"xpath","value":"//*[@id=\"application-managehandovers-display-component---AddNewHO--ObjectPageLayout-anchBar-application-managehandovers-display-component---AddNewHO--section4-anchor\"]"}
RESULT: {"using":"xpath","value":"//*[@id=\"application-managehandovers-display-component---AddNewHO--ObjectPageLayout-anchBar-application-managehandovers-display-component---AddNewHO--section4-anchor\"]"}
COMMAND: POST /session/a0fa65e418457f6e1528b16bc1e26f2c/element/f.6300CB9FC90E916FB2ACF31257920715.d.3EA72C43C0032D374DF1EE67146AAD2A.e.17137/click - {}
RESULT: {}
COMMAND: POST /session/a0fa65e418457f6e1528b16bc1e26f2c/element - {"using":"xpath","value":"//button[@aria-label=\"Add\"]"}
COMMAND: GET /session/a0fa65e418457f6e1528b16bc1e26f2c/screenshot - {}
RESULT: {"using":"xpath","value":"//button[@aria-label=\"Add\"]"}
COMMAND: POST /session/a0fa65e418457f6e1528b16bc1e26f2c/element/f.6300CB9FC90E916FB2ACF31257920715.d.3EA72C43C0032D374DF1EE67146AAD2A.e.17139/click - {}
RESULT: {}
RESULT: {}
COMMAND: GET /session/a0fa65e418457f6e1528b16bc1e26f2c/screenshot - {}
RESULT: {}
COMMAND: POST /session/a0fa65e418457f6e1528b16bc1e26f2c/execute/async - {"script":"<script> [1562 bytes]","args":[{"selector":{"id":"application-managehandovers-display-component---AddNewHO--smartFilterBar-btnBasicSearch","searchOpenDialogs":true,"interaction":{"idSuffix":"I"}},"wdio_ui5_key":"applicationmanagehandovers-display-component---AddNewHO--smartFilterBar-btnBasicSearch"}]}
RESULT: {"script":"<script> [1562 bytes]","args":[{"selector":{"id":"application-managehandovers-display-component---AddNewHO--smartFilterBar-btnBasicSearch","searchOpenDialogs":true,"interaction":{"idSuffix":"I"}},"wdio_ui5_key":"applicationmanagehandovers-display-component---AddNewHO--smartFilterBar-btnBasicSearch"}]}
RESULT: undefined
COMMAND: POST /session/a0fa65e418457f6e1528b16bc1e26f2c/execute/async - {"script":"<script> [776 bytes]","args":[{"enterText":"200258","selector":{"id":"application-managehandovers-display-component---AddNewHO--smartFilterBar-btnBasicSearch","searchOpenDialogs":true,"interaction":{"idSuffix":"I"}},"clearTextFirst":true,"interactionType":"ENTER_TEXT"}]}
RESULT: {"script":"<script> [776 bytes]","args":[{"enterText":"200258","selector":{"id":"application-managehandovers-display-component---AddNewHO--smartFilterBar-btnBasicSearch","searchOpenDialogs":true,"interaction":{"idSuffix":"I"}},"clearTextFirst":true,"interactionType":"ENTER_TEXT"}]}
COMMAND: POST /session/a0fa65e418457f6e1528b16bc1e26f2c/actions - {"actions":[{"id":"action57","type":"key","parameters":{},"actions":[{"type":"keyDown","value":"î€‡"},{"type":"pause","duration":10},{"type":"keyUp","value":"î€‡"}]}]}
RESULT: {"actions":[{"id":"action57","type":"key","parameters":{},"actions":[{"type":"keyDown","value":"î€‡"},{"type":"pause","duration":10},{"type":"keyUp","value":"î€‡"}]}]}
COMMAND: GET /session/a0fa65e418457f6e1528b16bc1e26f2c/screenshot - {}
RESULT: {}
COMMAND: POST /session/a0fa65e418457f6e1528b16bc1e26f2c/execute/async - {"script":"<script> [1562 bytes]","args":[{"selector":{"id":"application-managehandovers-display-component---AddNewHO--popup-sa","searchOpenDialogs":true,"interaction":{"idSuffix":"CbBg"}},"wdio_ui5_key":"applicationmanagehandovers-display-component---AddNewHO--popup-sa"}]}
RESULT: {"script":"<script> [1562 bytes]","args":[{"selector":{"id":"application-managehandovers-display-component---AddNewHO--popup-sa","searchOpenDialogs":true,"interaction":{"idSuffix":"CbBg"}},"wdio_ui5_key":"applicationmanagehandovers-display-component---AddNewHO--popup-sa"}]}
RESULT: undefined
COMMAND: POST /session/a0fa65e418457f6e1528b16bc1e26f2c/element - {"using":"xpath","value":"//*[@id=\"application-managehandovers-display-component---AddNewHO--popup-sa\"]"}
RESULT: {"using":"xpath","value":"//*[@id=\"application-managehandovers-display-component---AddNewHO--popup-sa\"]"}
COMMAND: POST /session/a0fa65e418457f6e1528b16bc1e26f2c/element/f.6300CB9FC90E916FB2ACF31257920715.d.3EA72C43C0032D374DF1EE67146AAD2A.e.17293/click - {}
RESULT: {}
COMMAND: GET /session/a0fa65e418457f6e1528b16bc1e26f2c/screenshot - {}
RESULT: {}
COMMAND: POST /session/a0fa65e418457f6e1528b16bc1e26f2c/element - {"using":"xpath","value":"//bdi[contains(text(), \"Select\")]"}
RESULT: {"using":"xpath","value":"//bdi[contains(text(), \"Select\")]"}
COMMAND: POST /session/a0fa65e418457f6e1528b16bc1e26f2c/element/f.6300CB9FC90E916FB2ACF31257920715.d.3EA72C43C0032D374DF1EE67146AAD2A.e.17294/click - {}
RESULT: {}
COMMAND: GET /session/a0fa65e418457f6e1528b16bc1e26f2c/screenshot - {}
RESULT: {}
COMMAND: POST /session/a0fa65e418457f6e1528b16bc1e26f2c/element - {"using":"xpath","value":"//button[@data-kt=\"AddNewHOSaveButton\"]"}
RESULT: {"using":"xpath","value":"//button[@data-kt=\"AddNewHOSaveButton\"]"}
COMMAND: POST /session/a0fa65e418457f6e1528b16bc1e26f2c/element/f.6300CB9FC90E916FB2ACF31257920715.d.3EA72C43C0032D374DF1EE67146AAD2A.e.17298/click - {}
RESULT: {}
COMMAND: GET /session/a0fa65e418457f6e1528b16bc1e26f2c/screenshot - {}
RESULT: {}
COMMAND: POST /session/a0fa65e418457f6e1528b16bc1e26f2c/execute/async - {"script":"<script> [1562 bytes]","args":[{"selector":{"id":"receiptDatePicker","viewName":"etm.portal.ui.managehandovers.view.DetailExecuteHO","interaction":{"idSuffix":"inner"}},"wdio_ui5_key":"receiptDatePickeretmportal.ui.managehandovers.view.DetailExecuteHO"}]}
RESULT: {"script":"<script> [1562 bytes]","args":[{"selector":{"id":"receiptDatePicker","viewName":"etm.portal.ui.managehandovers.view.DetailExecuteHO","interaction":{"idSuffix":"inner"}},"wdio_ui5_key":"receiptDatePickeretmportal.ui.managehandovers.view.DetailExecuteHO"}]}
RESULT: undefined
COMMAND: POST /session/a0fa65e418457f6e1528b16bc1e26f2c/execute/async - {"script":"<script> [6424 bytes]","args":[{"element-6066-11e4-a52e-4f735466cecf":"f.6300CB9FC90E916FB2ACF31257920715.d.3EA72C43C0032D374DF1EE67146AAD2A.e.17316"},"setValue",["5/17/25"]]}
RESULT: {"script":"<script> [6424 bytes]","args":[{"element-6066-11e4-a52e-4f735466cecf":"f.6300CB9FC90E916FB2ACF31257920715.d.3EA72C43C0032D374DF1EE67146AAD2A.e.17316"},"setValue",["5/17/25"]]}
COMMAND: POST /session/a0fa65e418457f6e1528b16bc1e26f2c/element - {"using":"xpath","value":"//button[@data-kt=\"PickingTableConfirmAllButton\"]"}
RESULT: {"using":"xpath","value":"//button[@data-kt=\"PickingTableConfirmAllButton\"]"}
COMMAND: POST /session/a0fa65e418457f6e1528b16bc1e26f2c/element/f.6300CB9FC90E916FB2ACF31257920715.d.3EA72C43C0032D374DF1EE67146AAD2A.e.17329/click - {}
RESULT: {}
COMMAND: GET /session/a0fa65e418457f6e1528b16bc1e26f2c/screenshot - {}
RESULT: {}
COMMAND: POST /session/a0fa65e418457f6e1528b16bc1e26f2c/element - {"using":"xpath","value":"//bdi[contains(text(), \"OK\")]"}
RESULT: {"using":"xpath","value":"//bdi[contains(text(), \"OK\")]"}
COMMAND: POST /session/a0fa65e418457f6e1528b16bc1e26f2c/element/f.6300CB9FC90E916FB2ACF31257920715.d.3EA72C43C0032D374DF1EE67146AAD2A.e.17331/click - {}
RESULT: {}
COMMAND: GET /session/a0fa65e418457f6e1528b16bc1e26f2c/screenshot - {}
RESULT: {}
COMMAND: POST /session/a0fa65e418457f6e1528b16bc1e26f2c/element - {"using":"xpath","value":"(//bdi[contains(text(), \"Receive\")])[2]"}
RESULT: {"using":"xpath","value":"(//bdi[contains(text(), \"Receive\")])[2]"}
COMMAND: POST /session/a0fa65e418457f6e1528b16bc1e26f2c/element/f.6300CB9FC90E916FB2ACF31257920715.d.3EA72C43C0032D374DF1EE67146AAD2A.e.17333/click - {}
RESULT: {}
COMMAND: GET /session/a0fa65e418457f6e1528b16bc1e26f2c/screenshot - {}
RESULT: {}
COMMAND: POST /session/a0fa65e418457f6e1528b16bc1e26f2c/element - {"using":"css selector","value":"#shell-header-logo"}
RESULT: {"using":"css selector","value":"#shell-header-logo"}
COMMAND: POST /session/a0fa65e418457f6e1528b16bc1e26f2c/element/f.6300CB9FC90E916FB2ACF31257920715.d.3EA72C43C0032D374DF1EE67146AAD2A.e.16717/click - {}
RESULT: {}
COMMAND: GET /session/a0fa65e418457f6e1528b16bc1e26f2c/screenshot - {}
RESULT: {}
]]></system-out>
    </testcase>
    <testcase classname="chrome.136_0_7103_93.windows.Provide_to_Site_w/o_warehouse_management_w/o_clarification" name="Should create a new contract" time="56.879">
      <system-out><![CDATA[
COMMAND: POST /session/a0fa65e418457f6e1528b16bc1e26f2c/execute/async - {"script":"<script> [1562 bytes]","args":[{"selector":{"controlType":"sap.m.GenericTile","properties":{"header":"Manage Contracts"}},"wdio_ui5_key":"sapm.GenericTile{\"header\":\"Manage Contracts\"}"}]}
RESULT: {"script":"<script> [1562 bytes]","args":[{"selector":{"controlType":"sap.m.GenericTile","properties":{"header":"Manage Contracts"}},"wdio_ui5_key":"sapm.GenericTile{\"header\":\"Manage Contracts\"}"}]}
RESULT: undefined
COMMAND: POST /session/a0fa65e418457f6e1528b16bc1e26f2c/element - {"using":"xpath","value":"//*[@id=\"__tile133\"]"}
RESULT: {"using":"xpath","value":"//*[@id=\"__tile133\"]"}
COMMAND: POST /session/a0fa65e418457f6e1528b16bc1e26f2c/element/f.6300CB9FC90E916FB2ACF31257920715.d.3EA72C43C0032D374DF1EE67146AAD2A.e.16080/click - {}
RESULT: {}
COMMAND: GET /session/a0fa65e418457f6e1528b16bc1e26f2c/screenshot - {}
RESULT: {}
COMMAND: POST /session/a0fa65e418457f6e1528b16bc1e26f2c/elements - {"using":"xpath","value":"//span[text()='Error']"}
RESULT: {"using":"xpath","value":"//span[text()='Error']"}
COMMAND: POST /session/a0fa65e418457f6e1528b16bc1e26f2c/element - {"using":"xpath","value":"//button[@data-kt=\"addButton\"]"}
RESULT: {"using":"xpath","value":"//button[@data-kt=\"addButton\"]"}
COMMAND: POST /session/a0fa65e418457f6e1528b16bc1e26f2c/elements - {"using":"xpath","value":"//button[@data-kt=\"addButton\"]"}
RESULT: {"using":"xpath","value":"//button[@data-kt=\"addButton\"]"}
COMMAND: POST /session/a0fa65e418457f6e1528b16bc1e26f2c/execute/sync - {"script":"<script> [8489 bytes]","args":[{"element-6066-11e4-a52e-4f735466cecf":"f.6300CB9FC90E916FB2ACF31257920715.d.3EA72C43C0032D374DF1EE67146AAD2A.e.17551","ELEMENT":"f.6300CB9FC90E916FB2ACF31257920715.d.3EA72C43C0032D374DF1EE67146AAD2A.e.17551"}]}
RESULT: {"script":"<script> [8489 bytes]","args":[{"element-6066-11e4-a52e-4f735466cecf":"f.6300CB9FC90E916FB2ACF31257920715.d.3EA72C43C0032D374DF1EE67146AAD2A.e.17551","ELEMENT":"f.6300CB9FC90E916FB2ACF31257920715.d.3EA72C43C0032D374DF1EE67146AAD2A.e.17551"}]}
COMMAND: GET /session/a0fa65e418457f6e1528b16bc1e26f2c/element/f.6300CB9FC90E916FB2ACF31257920715.d.3EA72C43C0032D374DF1EE67146AAD2A.e.17551/enabled - {}
COMMAND: GET /session/a0fa65e418457f6e1528b16bc1e26f2c/screenshot - {}
RESULT: {}
COMMAND: POST /session/a0fa65e418457f6e1528b16bc1e26f2c/execute/sync - {"script":"<script> [8489 bytes]","args":[{"element-6066-11e4-a52e-4f735466cecf":"f.6300CB9FC90E916FB2ACF31257920715.d.3EA72C43C0032D374DF1EE67146AAD2A.e.17551","ELEMENT":"f.6300CB9FC90E916FB2ACF31257920715.d.3EA72C43C0032D374DF1EE67146AAD2A.e.17551"}]}
COMMAND: GET /session/a0fa65e418457f6e1528b16bc1e26f2c/screenshot - {}
RESULT: {}
RESULT: {"script":"<script> [8489 bytes]","args":[{"element-6066-11e4-a52e-4f735466cecf":"f.6300CB9FC90E916FB2ACF31257920715.d.3EA72C43C0032D374DF1EE67146AAD2A.e.17551","ELEMENT":"f.6300CB9FC90E916FB2ACF31257920715.d.3EA72C43C0032D374DF1EE67146AAD2A.e.17551"}]}
COMMAND: POST /session/a0fa65e418457f6e1528b16bc1e26f2c/execute/sync - {"script":"<script> [5351 bytes]","args":[{"element-6066-11e4-a52e-4f735466cecf":"f.6300CB9FC90E916FB2ACF31257920715.d.3EA72C43C0032D374DF1EE67146AAD2A.e.17551","ELEMENT":"f.6300CB9FC90E916FB2ACF31257920715.d.3EA72C43C0032D374DF1EE67146AAD2A.e.17551"}]}
COMMAND: GET /session/a0fa65e418457f6e1528b16bc1e26f2c/screenshot - {}
RESULT: {}
RESULT: {"script":"<script> [5351 bytes]","args":[{"element-6066-11e4-a52e-4f735466cecf":"f.6300CB9FC90E916FB2ACF31257920715.d.3EA72C43C0032D374DF1EE67146AAD2A.e.17551","ELEMENT":"f.6300CB9FC90E916FB2ACF31257920715.d.3EA72C43C0032D374DF1EE67146AAD2A.e.17551"}]}
COMMAND: GET /session/a0fa65e418457f6e1528b16bc1e26f2c/screenshot - {}
RESULT: {}
RESULT: {}
COMMAND: POST /session/a0fa65e418457f6e1528b16bc1e26f2c/element/f.6300CB9FC90E916FB2ACF31257920715.d.3EA72C43C0032D374DF1EE67146AAD2A.e.17551/click - {}
RESULT: {}
COMMAND: GET /session/a0fa65e418457f6e1528b16bc1e26f2c/screenshot - {}
RESULT: {}
COMMAND: POST /session/a0fa65e418457f6e1528b16bc1e26f2c/execute/async - {"script":"<script> [1562 bytes]","args":[{"selector":{"id":"application-managecontracts-display-component---AddNewContract--projectDescription","interaction":{"idSuffix":"inner"}},"wdio_ui5_key":"applicationmanagecontracts-display-component---AddNewContract--projectDescription"}]}
RESULT: {"script":"<script> [1562 bytes]","args":[{"selector":{"id":"application-managecontracts-display-component---AddNewContract--projectDescription","interaction":{"idSuffix":"inner"}},"wdio_ui5_key":"applicationmanagecontracts-display-component---AddNewContract--projectDescription"}]}
RESULT: undefined
COMMAND: POST /session/a0fa65e418457f6e1528b16bc1e26f2c/execute/async - {"script":"<script> [776 bytes]","args":[{"enterText":"Contract WDIO","selector":{"id":"application-managecontracts-display-component---AddNewContract--projectDescription","interaction":{"idSuffix":"inner"}},"clearTextFirst":true,"interactionType":"ENTER_TEXT"}]}
RESULT: {"script":"<script> [776 bytes]","args":[{"enterText":"Contract WDIO","selector":{"id":"application-managecontracts-display-component---AddNewContract--projectDescription","interaction":{"idSuffix":"inner"}},"clearTextFirst":true,"interactionType":"ENTER_TEXT"}]}
COMMAND: POST /session/a0fa65e418457f6e1528b16bc1e26f2c/element - {"using":"xpath","value":"//input[@id=\"application-managecontracts-display-component---AddNewContract--site-inner\"]"}
RESULT: {"using":"xpath","value":"//input[@id=\"application-managecontracts-display-component---AddNewContract--site-inner\"]"}
COMMAND: POST /session/a0fa65e418457f6e1528b16bc1e26f2c/element/f.6300CB9FC90E916FB2ACF31257920715.d.3EA72C43C0032D374DF1EE67146AAD2A.e.17906/clear - {}
RESULT: {}
COMMAND: POST /session/a0fa65e418457f6e1528b16bc1e26f2c/element/f.6300CB9FC90E916FB2ACF31257920715.d.3EA72C43C0032D374DF1EE67146AAD2A.e.17906/value - {"text":"2240"}
COMMAND: GET /session/a0fa65e418457f6e1528b16bc1e26f2c/screenshot - {}
RESULT: {"text":"2240"}
COMMAND: GET /session/a0fa65e418457f6e1528b16bc1e26f2c/screenshot - {}
RESULT: {}
RESULT: {}
COMMAND: POST /session/a0fa65e418457f6e1528b16bc1e26f2c/element - {"using":"xpath","value":"//li[.//span[text()='2240']]"}
RESULT: {"using":"xpath","value":"//li[.//span[text()='2240']]"}
COMMAND: POST /session/a0fa65e418457f6e1528b16bc1e26f2c/element/f.6300CB9FC90E916FB2ACF31257920715.d.3EA72C43C0032D374DF1EE67146AAD2A.e.17939/click - {}
RESULT: {}
COMMAND: GET /session/a0fa65e418457f6e1528b16bc1e26f2c/screenshot - {}
RESULT: {}
COMMAND: POST /session/a0fa65e418457f6e1528b16bc1e26f2c/element - {"using":"xpath","value":"//input[@id=\"application-managecontracts-display-component---AddNewContract--yardId-inner\"]"}
RESULT: {"using":"xpath","value":"//input[@id=\"application-managecontracts-display-component---AddNewContract--yardId-inner\"]"}
COMMAND: GET /session/a0fa65e418457f6e1528b16bc1e26f2c/element/f.6300CB9FC90E916FB2ACF31257920715.d.3EA72C43C0032D374DF1EE67146AAD2A.e.17907/property/value - {}
RESULT: {}
COMMAND: POST /session/a0fa65e418457f6e1528b16bc1e26f2c/element - {"using":"xpath","value":"//input[@id=\"application-managecontracts-display-component---AddNewContract--customerSelect-inner\"]"}
COMMAND: GET /session/a0fa65e418457f6e1528b16bc1e26f2c/screenshot - {}
RESULT: {"using":"xpath","value":"//input[@id=\"application-managecontracts-display-component---AddNewContract--customerSelect-inner\"]"}
COMMAND: POST /session/a0fa65e418457f6e1528b16bc1e26f2c/element/f.6300CB9FC90E916FB2ACF31257920715.d.3EA72C43C0032D374DF1EE67146AAD2A.e.17905/clear - {}
RESULT: {}
RESULT: {}
COMMAND: POST /session/a0fa65e418457f6e1528b16bc1e26f2c/element/f.6300CB9FC90E916FB2ACF31257920715.d.3EA72C43C0032D374DF1EE67146AAD2A.e.17905/value - {"text":"1284"}
COMMAND: GET /session/a0fa65e418457f6e1528b16bc1e26f2c/screenshot - {}
RESULT: {}
RESULT: {"text":"1284"}
COMMAND: GET /session/a0fa65e418457f6e1528b16bc1e26f2c/screenshot - {}
RESULT: {}
COMMAND: POST /session/a0fa65e418457f6e1528b16bc1e26f2c/element - {"using":"xpath","value":"//li[.//span[text()='1284']]"}
RESULT: {"using":"xpath","value":"//li[.//span[text()='1284']]"}
COMMAND: POST /session/a0fa65e418457f6e1528b16bc1e26f2c/element/f.6300CB9FC90E916FB2ACF31257920715.d.3EA72C43C0032D374DF1EE67146AAD2A.e.17942/click - {}
RESULT: {}
COMMAND: GET /session/a0fa65e418457f6e1528b16bc1e26f2c/screenshot - {}
RESULT: {}
COMMAND: POST /session/a0fa65e418457f6e1528b16bc1e26f2c/element - {"using":"xpath","value":"//button[@data-kt=\"saveButton\"]"}
RESULT: {"using":"xpath","value":"//button[@data-kt=\"saveButton\"]"}
COMMAND: POST /session/a0fa65e418457f6e1528b16bc1e26f2c/element/f.6300CB9FC90E916FB2ACF31257920715.d.3EA72C43C0032D374DF1EE67146AAD2A.e.17943/click - {}
RESULT: {}
COMMAND: GET /session/a0fa65e418457f6e1528b16bc1e26f2c/screenshot - {}
RESULT: {}
COMMAND: POST /session/a0fa65e418457f6e1528b16bc1e26f2c/element - {"using":"xpath","value":"//span[contains(@id ,\"contractDetailTitleNoExpanded\")]"}
RESULT: {"using":"xpath","value":"//span[contains(@id ,\"contractDetailTitleNoExpanded\")]"}
COMMAND: POST /session/a0fa65e418457f6e1528b16bc1e26f2c/elements - {"using":"xpath","value":"//span[contains(@id ,\"contractDetailTitleNoExpanded\")]"}
RESULT: {"using":"xpath","value":"//span[contains(@id ,\"contractDetailTitleNoExpanded\")]"}
COMMAND: POST /session/a0fa65e418457f6e1528b16bc1e26f2c/execute/sync - {"script":"<script> [56 bytes]","args":[{"element-6066-11e4-a52e-4f735466cecf":"f.6300CB9FC90E916FB2ACF31257920715.d.3EA72C43C0032D374DF1EE67146AAD2A.e.17951","ELEMENT":"f.6300CB9FC90E916FB2ACF31257920715.d.3EA72C43C0032D374DF1EE67146AAD2A.e.17951"}]}
RESULT: {"script":"<script> [56 bytes]","args":[{"element-6066-11e4-a52e-4f735466cecf":"f.6300CB9FC90E916FB2ACF31257920715.d.3EA72C43C0032D374DF1EE67146AAD2A.e.17951","ELEMENT":"f.6300CB9FC90E916FB2ACF31257920715.d.3EA72C43C0032D374DF1EE67146AAD2A.e.17951"}]}
COMMAND: GET /session/a0fa65e418457f6e1528b16bc1e26f2c/screenshot - {}
RESULT: {}
]]></system-out>
    </testcase>
    <testcase classname="chrome.136_0_7103_93.windows.Provide_to_Site_w/o_warehouse_management_w/o_clarification" name="Should add equipment to the contract" time="54.759">
      <system-out><![CDATA[
COMMAND: POST /session/a0fa65e418457f6e1528b16bc1e26f2c/element - {"using":"xpath","value":"//button[@data-kt=\"contractDetailEditBtnButton\"]"}
RESULT: {"using":"xpath","value":"//button[@data-kt=\"contractDetailEditBtnButton\"]"}
COMMAND: POST /session/a0fa65e418457f6e1528b16bc1e26f2c/element/f.6300CB9FC90E916FB2ACF31257920715.d.3EA72C43C0032D374DF1EE67146AAD2A.e.17954/click - {}
RESULT: {}
COMMAND: GET /session/a0fa65e418457f6e1528b16bc1e26f2c/screenshot - {}
RESULT: {}
COMMAND: POST /session/a0fa65e418457f6e1528b16bc1e26f2c/element - {"using":"xpath","value":"(//span[contains(text(), \"Additional Addresses\")])[2]"}
RESULT: {"using":"xpath","value":"(//span[contains(text(), \"Additional Addresses\")])[2]"}
COMMAND: POST /session/a0fa65e418457f6e1528b16bc1e26f2c/element/f.6300CB9FC90E916FB2ACF31257920715.d.3EA72C43C0032D374DF1EE67146AAD2A.e.18009/click - {}
RESULT: {}
COMMAND: GET /session/a0fa65e418457f6e1528b16bc1e26f2c/screenshot - {}
RESULT: {}
COMMAND: POST /session/a0fa65e418457f6e1528b16bc1e26f2c/element - {"using":"xpath","value":"//button[@data-kt=\"btnAddTableRowOverflowToolbarButton\"]"}
RESULT: {"using":"xpath","value":"//button[@data-kt=\"btnAddTableRowOverflowToolbarButton\"]"}
COMMAND: POST /session/a0fa65e418457f6e1528b16bc1e26f2c/element/f.6300CB9FC90E916FB2ACF31257920715.d.3EA72C43C0032D374DF1EE67146AAD2A.e.18011/click - {}
RESULT: {}
COMMAND: GET /session/a0fa65e418457f6e1528b16bc1e26f2c/screenshot - {}
RESULT: {}
COMMAND: POST /session/a0fa65e418457f6e1528b16bc1e26f2c/element - {"using":"xpath","value":"//div[(text() = 'Standard Entry' or . = 'Standard Entry')]"}
RESULT: {"using":"xpath","value":"//div[(text() = 'Standard Entry' or . = 'Standard Entry')]"}
COMMAND: POST /session/a0fa65e418457f6e1528b16bc1e26f2c/element/f.6300CB9FC90E916FB2ACF31257920715.d.3EA72C43C0032D374DF1EE67146AAD2A.e.18013/click - {}
RESULT: {}
COMMAND: GET /session/a0fa65e418457f6e1528b16bc1e26f2c/screenshot - {}
RESULT: {}
COMMAND: POST /session/a0fa65e418457f6e1528b16bc1e26f2c/element - {"using":"xpath","value":"//td[6]/div/div/div/span"}
RESULT: {"using":"xpath","value":"//td[6]/div/div/div/span"}
COMMAND: POST /session/a0fa65e418457f6e1528b16bc1e26f2c/element/f.6300CB9FC90E916FB2ACF31257920715.d.3EA72C43C0032D374DF1EE67146AAD2A.e.18025/click - {}
RESULT: {}
COMMAND: GET /session/a0fa65e418457f6e1528b16bc1e26f2c/screenshot - {}
RESULT: {}
COMMAND: POST /session/a0fa65e418457f6e1528b16bc1e26f2c/element - {"using":"xpath","value":"(//span[contains(text(), \"Material\")])"}
RESULT: {"using":"xpath","value":"(//span[contains(text(), \"Material\")])"}
COMMAND: POST /session/a0fa65e418457f6e1528b16bc1e26f2c/element/f.6300CB9FC90E916FB2ACF31257920715.d.3EA72C43C0032D374DF1EE67146AAD2A.e.18026/click - {}
RESULT: {}
COMMAND: GET /session/a0fa65e418457f6e1528b16bc1e26f2c/screenshot - {}
RESULT: {}
COMMAND: POST /session/a0fa65e418457f6e1528b16bc1e26f2c/element - {"using":"xpath","value":"//td[7]/div/div/input"}
RESULT: {"using":"xpath","value":"//td[7]/div/div/input"}
COMMAND: POST /session/a0fa65e418457f6e1528b16bc1e26f2c/element/f.6300CB9FC90E916FB2ACF31257920715.d.3EA72C43C0032D374DF1EE67146AAD2A.e.18030/clear - {}
RESULT: {}
COMMAND: POST /session/a0fa65e418457f6e1528b16bc1e26f2c/element/f.6300CB9FC90E916FB2ACF31257920715.d.3EA72C43C0032D374DF1EE67146AAD2A.e.18030/value - {"text":"200258"}
COMMAND: GET /session/a0fa65e418457f6e1528b16bc1e26f2c/screenshot - {}
RESULT: {"text":"200258"}
COMMAND: GET /session/a0fa65e418457f6e1528b16bc1e26f2c/screenshot - {}
RESULT: {}
RESULT: {}
COMMAND: POST /session/a0fa65e418457f6e1528b16bc1e26f2c/actions - {"actions":[{"id":"action58","type":"key","parameters":{},"actions":[{"type":"keyDown","value":"î€‡"},{"type":"pause","duration":10},{"type":"keyUp","value":"î€‡"}]}]}
RESULT: {"actions":[{"id":"action58","type":"key","parameters":{},"actions":[{"type":"keyDown","value":"î€‡"},{"type":"pause","duration":10},{"type":"keyUp","value":"î€‡"}]}]}
COMMAND: GET /session/a0fa65e418457f6e1528b16bc1e26f2c/screenshot - {}
RESULT: {}
COMMAND: POST /session/a0fa65e418457f6e1528b16bc1e26f2c/execute/sync - {"script":"<script> [276 bytes]","args":["No pricing information was found"]}
RESULT: {"script":"<script> [276 bytes]","args":["No pricing information was found"]}
COMMAND: POST /session/a0fa65e418457f6e1528b16bc1e26f2c/element - {"using":"xpath","value":"//bdi[contains(text(), \"OK\")]"}
COMMAND: GET /session/a0fa65e418457f6e1528b16bc1e26f2c/screenshot - {}
RESULT: {"using":"xpath","value":"//bdi[contains(text(), \"OK\")]"}
COMMAND: POST /session/a0fa65e418457f6e1528b16bc1e26f2c/element/f.6300CB9FC90E916FB2ACF31257920715.d.3EA72C43C0032D374DF1EE67146AAD2A.e.18056/click - {}
RESULT: {}
RESULT: {}
COMMAND: GET /session/a0fa65e418457f6e1528b16bc1e26f2c/screenshot - {}
RESULT: {}
COMMAND: POST /session/a0fa65e418457f6e1528b16bc1e26f2c/element - {"using":"xpath","value":"(//button[@data-kt=\"saveButton\"])[2]"}
RESULT: {"using":"xpath","value":"(//button[@data-kt=\"saveButton\"])[2]"}
COMMAND: POST /session/a0fa65e418457f6e1528b16bc1e26f2c/element/f.6300CB9FC90E916FB2ACF31257920715.d.3EA72C43C0032D374DF1EE67146AAD2A.e.18057/click - {}
RESULT: {}
COMMAND: GET /session/a0fa65e418457f6e1528b16bc1e26f2c/screenshot - {}
RESULT: {}
COMMAND: POST /session/a0fa65e418457f6e1528b16bc1e26f2c/execute/sync - {"script":"<script> [276 bytes]","args":["Some contract items are having rental validity exceeding header rental validity"]}
RESULT: {"script":"<script> [276 bytes]","args":["Some contract items are having rental validity exceeding header rental validity"]}
COMMAND: GET /session/a0fa65e418457f6e1528b16bc1e26f2c/screenshot - {}
RESULT: {}
COMMAND: POST /session/a0fa65e418457f6e1528b16bc1e26f2c/element - {"using":"xpath","value":"//span[contains(@id ,\"contractItemsSmartTable-header-inner\")]"}
RESULT: {"using":"xpath","value":"//span[contains(@id ,\"contractItemsSmartTable-header-inner\")]"}
COMMAND: POST /session/a0fa65e418457f6e1528b16bc1e26f2c/elements - {"using":"xpath","value":"//span[contains(@id ,\"contractItemsSmartTable-header-inner\")]"}
RESULT: {"using":"xpath","value":"//span[contains(@id ,\"contractItemsSmartTable-header-inner\")]"}
COMMAND: POST /session/a0fa65e418457f6e1528b16bc1e26f2c/execute/sync - {"script":"<script> [56 bytes]","args":[{"element-6066-11e4-a52e-4f735466cecf":"f.6300CB9FC90E916FB2ACF31257920715.d.3EA72C43C0032D374DF1EE67146AAD2A.e.18062","ELEMENT":"f.6300CB9FC90E916FB2ACF31257920715.d.3EA72C43C0032D374DF1EE67146AAD2A.e.18062"}]}
RESULT: {"script":"<script> [56 bytes]","args":[{"element-6066-11e4-a52e-4f735466cecf":"f.6300CB9FC90E916FB2ACF31257920715.d.3EA72C43C0032D374DF1EE67146AAD2A.e.18062","ELEMENT":"f.6300CB9FC90E916FB2ACF31257920715.d.3EA72C43C0032D374DF1EE67146AAD2A.e.18062"}]}
]]></system-out>
    </testcase>
    <testcase classname="chrome.136_0_7103_93.windows.Provide_to_Site_w/o_warehouse_management_w/o_clarification" name="Should do provide to site" time="140.885">
      <system-out><![CDATA[
COMMAND: POST /session/a0fa65e418457f6e1528b16bc1e26f2c/element - {"using":"xpath","value":"//button[@data-kt=\"provideButton\"]"}
COMMAND: GET /session/a0fa65e418457f6e1528b16bc1e26f2c/screenshot - {}
RESULT: {"using":"xpath","value":"//button[@data-kt=\"provideButton\"]"}
COMMAND: POST /session/a0fa65e418457f6e1528b16bc1e26f2c/element/f.6300CB9FC90E916FB2ACF31257920715.d.3EA72C43C0032D374DF1EE67146AAD2A.e.18063/click - {}
RESULT: {}
RESULT: {}
COMMAND: GET /session/a0fa65e418457f6e1528b16bc1e26f2c/screenshot - {}
RESULT: {}
COMMAND: POST /session/a0fa65e418457f6e1528b16bc1e26f2c/element - {"using":"xpath","value":"(//div[contains(@id, \"application-managehandovers-display-component---AddNewHO--oneStep-CbBg\")])"}
RESULT: {"using":"xpath","value":"(//div[contains(@id, \"application-managehandovers-display-component---AddNewHO--oneStep-CbBg\")])"}
COMMAND: POST /session/a0fa65e418457f6e1528b16bc1e26f2c/element - {"using":"xpath","value":"(//div[contains(@id, \"application-managehandovers-display-component---AddNewHO--oneStep-CbBg\")])/input"}
RESULT: {"using":"xpath","value":"(//div[contains(@id, \"application-managehandovers-display-component---AddNewHO--oneStep-CbBg\")])/input"}
COMMAND: GET /session/a0fa65e418457f6e1528b16bc1e26f2c/element/f.6300CB9FC90E916FB2ACF31257920715.d.3EA72C43C0032D374DF1EE67146AAD2A.e.18122/attribute/checked - {}
RESULT: {}
RESULT: undefined
COMMAND: POST /session/a0fa65e418457f6e1528b16bc1e26f2c/execute/async - {"script":"<script> [6424 bytes]","args":[{"element-6066-11e4-a52e-4f735466cecf":"f.6300CB9FC90E916FB2ACF31257920715.d.3EA72C43C0032D374DF1EE67146AAD2A.e.17115"},"setValue",["05/17/25"]]}
COMMAND: POST /session/a0fa65e418457f6e1528b16bc1e26f2c/element/f.6300CB9FC90E916FB2ACF31257920715.d.3EA72C43C0032D374DF1EE67146AAD2A.e.18365/click - {}
COMMAND: POST /session/a0fa65e418457f6e1528b16bc1e26f2c/execute/async - {"script":"<script> [1562 bytes]","args":[{"selector":{"id":"application-managehandovers-display-component---AddNewHO--dueDate","interaction":{"idSuffix":"inner"}},"wdio_ui5_key":"applicationmanagehandovers-display-component---AddNewHO--dueDate"}]}
RESULT: {}
COMMAND: GET /session/a0fa65e418457f6e1528b16bc1e26f2c/screenshot - {}
RESULT: {"script":"<script> [1562 bytes]","args":[{"selector":{"id":"application-managehandovers-display-component---AddNewHO--dueDate","interaction":{"idSuffix":"inner"}},"wdio_ui5_key":"applicationmanagehandovers-display-component---AddNewHO--dueDate"}]}
COMMAND: POST /session/a0fa65e418457f6e1528b16bc1e26f2c/execute/async - {"script":"<script> [6424 bytes]","args":[{"element-6066-11e4-a52e-4f735466cecf":"f.6300CB9FC90E916FB2ACF31257920715.d.3EA72C43C0032D374DF1EE67146AAD2A.e.18120"},"setValue",["05/17/25"]]}
RESULT: {}
RESULT: {"script":"<script> [6424 bytes]","args":[{"element-6066-11e4-a52e-4f735466cecf":"f.6300CB9FC90E916FB2ACF31257920715.d.3EA72C43C0032D374DF1EE67146AAD2A.e.18120"},"setValue",["05/17/25"]]}
COMMAND: POST /session/a0fa65e418457f6e1528b16bc1e26f2c/element - {"using":"xpath","value":"//bdi[contains(text(), \"Instructions\")]"}
RESULT: {"using":"xpath","value":"//bdi[contains(text(), \"Instructions\")]"}
COMMAND: POST /session/a0fa65e418457f6e1528b16bc1e26f2c/element/f.6300CB9FC90E916FB2ACF31257920715.d.3EA72C43C0032D374DF1EE67146AAD2A.e.18369/click - {}
RESULT: {}
COMMAND: GET /session/a0fa65e418457f6e1528b16bc1e26f2c/screenshot - {}
RESULT: {}
COMMAND: POST /session/a0fa65e418457f6e1528b16bc1e26f2c/element - {"using":"xpath","value":"//button[@data-kt=\"AddNewHOProvideAddItemsButton\"]"}
RESULT: {"using":"xpath","value":"//button[@data-kt=\"AddNewHOProvideAddItemsButton\"]"}
COMMAND: POST /session/a0fa65e418457f6e1528b16bc1e26f2c/element/f.6300CB9FC90E916FB2ACF31257920715.d.3EA72C43C0032D374DF1EE67146AAD2A.e.18371/click - {}
RESULT: {}
COMMAND: GET /session/a0fa65e418457f6e1528b16bc1e26f2c/screenshot - {}
RESULT: {}
RESULT: undefined
COMMAND: POST /session/a0fa65e418457f6e1528b16bc1e26f2c/element - {"using":"xpath","value":"//*[@id=\"application-managehandovers-display-component---AddNewHO--popup-sa\"]"}
RESULT: {"using":"xpath","value":"//*[@id=\"application-managehandovers-display-component---AddNewHO--popup-sa\"]"}
COMMAND: POST /session/a0fa65e418457f6e1528b16bc1e26f2c/element/f.6300CB9FC90E916FB2ACF31257920715.d.3EA72C43C0032D374DF1EE67146AAD2A.e.18382/click - {}
RESULT: {}
COMMAND: GET /session/a0fa65e418457f6e1528b16bc1e26f2c/screenshot - {}
RESULT: {}
COMMAND: POST /session/a0fa65e418457f6e1528b16bc1e26f2c/element - {"using":"xpath","value":"//*[contains(@id ,\"BDI-content\")][contains(text(), \"Select\")]"}
RESULT: {"using":"xpath","value":"//*[contains(@id ,\"BDI-content\")][contains(text(), \"Select\")]"}
COMMAND: POST /session/a0fa65e418457f6e1528b16bc1e26f2c/element/f.6300CB9FC90E916FB2ACF31257920715.d.3EA72C43C0032D374DF1EE67146AAD2A.e.18384/click - {}
RESULT: {}
COMMAND: GET /session/a0fa65e418457f6e1528b16bc1e26f2c/screenshot - {}
RESULT: {}
COMMAND: POST /session/a0fa65e418457f6e1528b16bc1e26f2c/execute/async - {"script":"<script> [1562 bytes]","args":[{"selector":{"id":"application-managehandovers-display-component---AddNewHO--confirmCreationButton","interaction":{"idSuffix":"BDI-content"}},"wdio_ui5_key":"applicationmanagehandovers-display-component---AddNewHO--confirmCreationButton"}]}
RESULT: {"script":"<script> [1562 bytes]","args":[{"selector":{"id":"application-managehandovers-display-component---AddNewHO--confirmCreationButton","interaction":{"idSuffix":"BDI-content"}},"wdio_ui5_key":"applicationmanagehandovers-display-component---AddNewHO--confirmCreationButton"}]}
RESULT: undefined
COMMAND: POST /session/a0fa65e418457f6e1528b16bc1e26f2c/element - {"using":"xpath","value":"//*[@id=\"application-managehandovers-display-component---AddNewHO--confirmCreationButton\"]"}
RESULT: {"using":"xpath","value":"//*[@id=\"application-managehandovers-display-component---AddNewHO--confirmCreationButton\"]"}
COMMAND: POST /session/a0fa65e418457f6e1528b16bc1e26f2c/element/f.6300CB9FC90E916FB2ACF31257920715.d.3EA72C43C0032D374DF1EE67146AAD2A.e.18197/click - {}
RESULT: {}
COMMAND: GET /session/a0fa65e418457f6e1528b16bc1e26f2c/screenshot - {}
RESULT: {}
COMMAND: POST /session/a0fa65e418457f6e1528b16bc1e26f2c/execute/async - {"script":"<script> [1562 bytes]","args":[{"selector":{"id":"issueDatePicker","viewName":"etm.portal.ui.managehandovers.view.DetailExecuteHO","interaction":{"idSuffix":"inner"}},"wdio_ui5_key":"issueDatePickeretmportal.ui.managehandovers.view.DetailExecuteHO"}]}
RESULT: {"script":"<script> [1562 bytes]","args":[{"selector":{"id":"issueDatePicker","viewName":"etm.portal.ui.managehandovers.view.DetailExecuteHO","interaction":{"idSuffix":"inner"}},"wdio_ui5_key":"issueDatePickeretmportal.ui.managehandovers.view.DetailExecuteHO"}]}
RESULT: undefined
COMMAND: POST /session/a0fa65e418457f6e1528b16bc1e26f2c/execute/async - {"script":"<script> [776 bytes]","args":[{"enterText":"5/17/25","selector":{"id":"issueDatePicker","viewName":"etm.portal.ui.managehandovers.view.DetailExecuteHO","interaction":{"idSuffix":"inner"}},"clearTextFirst":true,"interactionType":"ENTER_TEXT"}]}
RESULT: {"script":"<script> [776 bytes]","args":[{"enterText":"5/17/25","selector":{"id":"issueDatePicker","viewName":"etm.portal.ui.managehandovers.view.DetailExecuteHO","interaction":{"idSuffix":"inner"}},"clearTextFirst":true,"interactionType":"ENTER_TEXT"}]}
COMMAND: POST /session/a0fa65e418457f6e1528b16bc1e26f2c/element - {"using":"xpath","value":"//bdi[contains(text(), \"OK\")]"}
RESULT: {"using":"xpath","value":"//bdi[contains(text(), \"OK\")]"}
COMMAND: POST /session/a0fa65e418457f6e1528b16bc1e26f2c/element/f.6300CB9FC90E916FB2ACF31257920715.d.3EA72C43C0032D374DF1EE67146AAD2A.e.18423/click - {}
RESULT: {}
COMMAND: GET /session/a0fa65e418457f6e1528b16bc1e26f2c/screenshot - {}
RESULT: {}
COMMAND: POST /session/a0fa65e418457f6e1528b16bc1e26f2c/element - {"using":"xpath","value":"//button[@data-kt=\"PickingTableConfirmAllButton\"]"}
RESULT: {"using":"xpath","value":"//button[@data-kt=\"PickingTableConfirmAllButton\"]"}
COMMAND: POST /session/a0fa65e418457f6e1528b16bc1e26f2c/element/f.6300CB9FC90E916FB2ACF31257920715.d.3EA72C43C0032D374DF1EE67146AAD2A.e.18429/click - {}
RESULT: {}
COMMAND: GET /session/a0fa65e418457f6e1528b16bc1e26f2c/screenshot - {}
RESULT: {}
COMMAND: POST /session/a0fa65e418457f6e1528b16bc1e26f2c/element - {"using":"xpath","value":"//bdi[contains(text(), \"OK\")]"}
RESULT: {"using":"xpath","value":"//bdi[contains(text(), \"OK\")]"}
COMMAND: POST /session/a0fa65e418457f6e1528b16bc1e26f2c/element/f.6300CB9FC90E916FB2ACF31257920715.d.3EA72C43C0032D374DF1EE67146AAD2A.e.18432/click - {}
RESULT: {}
COMMAND: GET /session/a0fa65e418457f6e1528b16bc1e26f2c/screenshot - {}
RESULT: {}
COMMAND: POST /session/a0fa65e418457f6e1528b16bc1e26f2c/element - {"using":"xpath","value":"//button[@data-kt=\"execHoPickButton\"]"}
RESULT: {"using":"xpath","value":"//button[@data-kt=\"execHoPickButton\"]"}
COMMAND: POST /session/a0fa65e418457f6e1528b16bc1e26f2c/element/f.6300CB9FC90E916FB2ACF31257920715.d.3EA72C43C0032D374DF1EE67146AAD2A.e.18434/click - {}
RESULT: {}
COMMAND: GET /session/a0fa65e418457f6e1528b16bc1e26f2c/screenshot - {}
RESULT: {}
COMMAND: POST /session/a0fa65e418457f6e1528b16bc1e26f2c/element - {"using":"xpath","value":"//span[contains(@id ,\"filterItemControl_BASIC-RECEIVE_CONTRACT-vhi\")]"}
RESULT: {"using":"xpath","value":"//span[contains(@id ,\"filterItemControl_BASIC-RECEIVE_CONTRACT-vhi\")]"}
COMMAND: POST /session/a0fa65e418457f6e1528b16bc1e26f2c/element/f.6300CB9FC90E916FB2ACF31257920715.d.3EA72C43C0032D374DF1EE67146AAD2A.e.18609/click - {}
RESULT: {}
COMMAND: GET /session/a0fa65e418457f6e1528b16bc1e26f2c/screenshot - {}
RESULT: {}
COMMAND: POST /session/a0fa65e418457f6e1528b16bc1e26f2c/execute/async - {"script":"<script> [1562 bytes]","args":[{"selector":{"controlType":"sap.m.SearchField","viewName":"etm.portal.ui.managehandovers.view.MasterHO","bindingPath":{"path":"","propertyPath":"/_BASIC_SEARCH_FIELD","modelName":"fi1t3rM0d31"},"searchOpenDialogs":true,"interaction":{"idSuffix":"I"}},"wdio_ui5_key":"etmportal.ui.managehandovers.view.MasterHOsap.m.SearchField{\"path\":\"\",\"propertyPath\":\"/_BASIC_SEARCH_FIELD\",\"modelName\":\"fi1t3rM0d31\"}"}]}
RESULT: {"script":"<script> [1562 bytes]","args":[{"selector":{"controlType":"sap.m.SearchField","viewName":"etm.portal.ui.managehandovers.view.MasterHO","bindingPath":{"path":"","propertyPath":"/_BASIC_SEARCH_FIELD","modelName":"fi1t3rM0d31"},"searchOpenDialogs":true,"interaction":{"idSuffix":"I"}},"wdio_ui5_key":"etmportal.ui.managehandovers.view.MasterHOsap.m.SearchField{\"path\":\"\",\"propertyPath\":\"/_BASIC_SEARCH_FIELD\",\"modelName\":\"fi1t3rM0d31\"}"}]}
RESULT: undefined
COMMAND: POST /session/a0fa65e418457f6e1528b16bc1e26f2c/execute/async - {"script":"<script> [776 bytes]","args":[{"enterText":"10333","selector":{"controlType":"sap.m.SearchField","viewName":"etm.portal.ui.managehandovers.view.MasterHO","bindingPath":{"path":"","propertyPath":"/_BASIC_SEARCH_FIELD","modelName":"fi1t3rM0d31"},"searchOpenDialogs":true,"interaction":{"idSuffix":"I"}},"clearTextFirst":true,"interactionType":"ENTER_TEXT"}]}
RESULT: {"script":"<script> [776 bytes]","args":[{"enterText":"10333","selector":{"controlType":"sap.m.SearchField","viewName":"etm.portal.ui.managehandovers.view.MasterHO","bindingPath":{"path":"","propertyPath":"/_BASIC_SEARCH_FIELD","modelName":"fi1t3rM0d31"},"searchOpenDialogs":true,"interaction":{"idSuffix":"I"}},"clearTextFirst":true,"interactionType":"ENTER_TEXT"}]}
COMMAND: POST /session/a0fa65e418457f6e1528b16bc1e26f2c/actions - {"actions":[{"id":"action59","type":"key","parameters":{},"actions":[{"type":"keyDown","value":"î€‡"},{"type":"pause","duration":10},{"type":"keyUp","value":"î€‡"}]}]}
RESULT: {"actions":[{"id":"action59","type":"key","parameters":{},"actions":[{"type":"keyDown","value":"î€‡"},{"type":"pause","duration":10},{"type":"keyUp","value":"î€‡"}]}]}
COMMAND: GET /session/a0fa65e418457f6e1528b16bc1e26f2c/screenshot - {}
RESULT: {}
COMMAND: POST /session/a0fa65e418457f6e1528b16bc1e26f2c/element - {"using":"xpath","value":"//div[contains(@id, 'filterItemControl_BASIC-RECEIVE_CONTRACT-valueHelpDialog-table-rowsel0')]"}
RESULT: {"using":"xpath","value":"//div[contains(@id, 'filterItemControl_BASIC-RECEIVE_CONTRACT-valueHelpDialog-table-rowsel0')]"}
COMMAND: POST /session/a0fa65e418457f6e1528b16bc1e26f2c/element/f.6300CB9FC90E916FB2ACF31257920715.d.3EA72C43C0032D374DF1EE67146AAD2A.e.18617/click - {}
RESULT: {}
COMMAND: GET /session/a0fa65e418457f6e1528b16bc1e26f2c/screenshot - {}
RESULT: {}
COMMAND: POST /session/a0fa65e418457f6e1528b16bc1e26f2c/element - {"using":"xpath","value":"//bdi[contains(text(), \"OK\")]"}
RESULT: {"using":"xpath","value":"//bdi[contains(text(), \"OK\")]"}
COMMAND: POST /session/a0fa65e418457f6e1528b16bc1e26f2c/element/f.6300CB9FC90E916FB2ACF31257920715.d.3EA72C43C0032D374DF1EE67146AAD2A.e.18619/click - {}
RESULT: {}
COMMAND: GET /session/a0fa65e418457f6e1528b16bc1e26f2c/screenshot - {}
RESULT: {}
COMMAND: POST /session/a0fa65e418457f6e1528b16bc1e26f2c/element - {"using":"xpath","value":"//span[contains(@id, \"smartTable-header-inner\")]"}
RESULT: {"using":"xpath","value":"//span[contains(@id, \"smartTable-header-inner\")]"}
COMMAND: POST /session/a0fa65e418457f6e1528b16bc1e26f2c/elements - {"using":"xpath","value":"//span[contains(@id, \"smartTable-header-inner\")]"}
RESULT: {"using":"xpath","value":"//span[contains(@id, \"smartTable-header-inner\")]"}
COMMAND: POST /session/a0fa65e418457f6e1528b16bc1e26f2c/execute/sync - {"script":"<script> [56 bytes]","args":[{"element-6066-11e4-a52e-4f735466cecf":"f.6300CB9FC90E916FB2ACF31257920715.d.3EA72C43C0032D374DF1EE67146AAD2A.e.18647","ELEMENT":"f.6300CB9FC90E916FB2ACF31257920715.d.3EA72C43C0032D374DF1EE67146AAD2A.e.18647"}]}
RESULT: {"script":"<script> [56 bytes]","args":[{"element-6066-11e4-a52e-4f735466cecf":"f.6300CB9FC90E916FB2ACF31257920715.d.3EA72C43C0032D374DF1EE67146AAD2A.e.18647","ELEMENT":"f.6300CB9FC90E916FB2ACF31257920715.d.3EA72C43C0032D374DF1EE67146AAD2A.e.18647"}]}
COMMAND: POST /session/a0fa65e418457f6e1528b16bc1e26f2c/element - {"using":"xpath","value":"//table[contains(@id, \"customHandovers\")]//tbody/tr[1]/td[2]/span"}
COMMAND: GET /session/a0fa65e418457f6e1528b16bc1e26f2c/screenshot - {}
RESULT: {"using":"xpath","value":"//table[contains(@id, \"customHandovers\")]//tbody/tr[1]/td[2]/span"}
COMMAND: POST /session/a0fa65e418457f6e1528b16bc1e26f2c/execute/sync - {"script":"<script> [56 bytes]","args":[{"element-6066-11e4-a52e-4f735466cecf":"f.6300CB9FC90E916FB2ACF31257920715.d.3EA72C43C0032D374DF1EE67146AAD2A.e.18648","ELEMENT":"f.6300CB9FC90E916FB2ACF31257920715.d.3EA72C43C0032D374DF1EE67146AAD2A.e.18648"}]}
RESULT: {}
RESULT: {"script":"<script> [56 bytes]","args":[{"element-6066-11e4-a52e-4f735466cecf":"f.6300CB9FC90E916FB2ACF31257920715.d.3EA72C43C0032D374DF1EE67146AAD2A.e.18648","ELEMENT":"f.6300CB9FC90E916FB2ACF31257920715.d.3EA72C43C0032D374DF1EE67146AAD2A.e.18648"}]}
COMMAND: POST /session/a0fa65e418457f6e1528b16bc1e26f2c/element - {"using":"xpath","value":"(//span[contains(@id, \"imgNav\")])[1]"}
COMMAND: GET /session/a0fa65e418457f6e1528b16bc1e26f2c/screenshot - {}
RESULT: {"using":"xpath","value":"(//span[contains(@id, \"imgNav\")])[1]"}
COMMAND: POST /session/a0fa65e418457f6e1528b16bc1e26f2c/element/f.6300CB9FC90E916FB2ACF31257920715.d.3EA72C43C0032D374DF1EE67146AAD2A.e.18645/click - {}
RESULT: {}
RESULT: {}
COMMAND: GET /session/a0fa65e418457f6e1528b16bc1e26f2c/screenshot - {}
RESULT: {}
RESULT: undefined
COMMAND: POST /session/a0fa65e418457f6e1528b16bc1e26f2c/execute/async - {"script":"<script> [776 bytes]","args":[{"enterText":"5/17/25","selector":{"id":"issueDatePicker","viewName":"etm.portal.ui.managehandovers.view.DetailExecuteHO","interaction":{"idSuffix":"inner"}},"clearTextFirst":true,"interactionType":"ENTER_TEXT"}]}
RESULT: {"script":"<script> [776 bytes]","args":[{"enterText":"5/17/25","selector":{"id":"issueDatePicker","viewName":"etm.portal.ui.managehandovers.view.DetailExecuteHO","interaction":{"idSuffix":"inner"}},"clearTextFirst":true,"interactionType":"ENTER_TEXT"}]}
COMMAND: POST /session/a0fa65e418457f6e1528b16bc1e26f2c/element - {"using":"xpath","value":"//button[@data-kt=\"PickingTableConfirmAllButton\"]"}
RESULT: {"using":"xpath","value":"//button[@data-kt=\"PickingTableConfirmAllButton\"]"}
COMMAND: POST /session/a0fa65e418457f6e1528b16bc1e26f2c/element/f.6300CB9FC90E916FB2ACF31257920715.d.3EA72C43C0032D374DF1EE67146AAD2A.e.18684/click - {}
RESULT: {}
COMMAND: GET /session/a0fa65e418457f6e1528b16bc1e26f2c/screenshot - {}
RESULT: {}
COMMAND: POST /session/a0fa65e418457f6e1528b16bc1e26f2c/element - {"using":"xpath","value":"//bdi[contains(text(), \"OK\")]"}
RESULT: {"using":"xpath","value":"//bdi[contains(text(), \"OK\")]"}
COMMAND: POST /session/a0fa65e418457f6e1528b16bc1e26f2c/element/f.6300CB9FC90E916FB2ACF31257920715.d.3EA72C43C0032D374DF1EE67146AAD2A.e.18698/click - {}
RESULT: {}
COMMAND: GET /session/a0fa65e418457f6e1528b16bc1e26f2c/screenshot - {}
RESULT: {}
COMMAND: POST /session/a0fa65e418457f6e1528b16bc1e26f2c/element - {"using":"xpath","value":"//button[@data-kt=\"execHoIssueButton\"]"}
RESULT: {"using":"xpath","value":"//button[@data-kt=\"execHoIssueButton\"]"}
COMMAND: POST /session/a0fa65e418457f6e1528b16bc1e26f2c/element/f.6300CB9FC90E916FB2ACF31257920715.d.3EA72C43C0032D374DF1EE67146AAD2A.e.18699/click - {}
RESULT: {}
COMMAND: GET /session/a0fa65e418457f6e1528b16bc1e26f2c/screenshot - {}
RESULT: {}
COMMAND: POST /session/a0fa65e418457f6e1528b16bc1e26f2c/element - {"using":"xpath","value":"//input[contains(@id ,\"smartFilterBar-btnBasicSearch-I\")]"}
RESULT: {"using":"xpath","value":"//input[contains(@id ,\"smartFilterBar-btnBasicSearch-I\")]"}
COMMAND: POST /session/a0fa65e418457f6e1528b16bc1e26f2c/elements - {"using":"xpath","value":"//input[contains(@id ,\"smartFilterBar-btnBasicSearch-I\")]"}
RESULT: {"using":"xpath","value":"//input[contains(@id ,\"smartFilterBar-btnBasicSearch-I\")]"}
COMMAND: POST /session/a0fa65e418457f6e1528b16bc1e26f2c/execute/sync - {"script":"<script> [8489 bytes]","args":[{"element-6066-11e4-a52e-4f735466cecf":"f.6300CB9FC90E916FB2ACF31257920715.d.3EA72C43C0032D374DF1EE67146AAD2A.e.18119","ELEMENT":"f.6300CB9FC90E916FB2ACF31257920715.d.3EA72C43C0032D374DF1EE67146AAD2A.e.18119"}]}
RESULT: {"script":"<script> [8489 bytes]","args":[{"element-6066-11e4-a52e-4f735466cecf":"f.6300CB9FC90E916FB2ACF31257920715.d.3EA72C43C0032D374DF1EE67146AAD2A.e.18119","ELEMENT":"f.6300CB9FC90E916FB2ACF31257920715.d.3EA72C43C0032D374DF1EE67146AAD2A.e.18119"}]}
COMMAND: GET /session/a0fa65e418457f6e1528b16bc1e26f2c/element/f.6300CB9FC90E916FB2ACF31257920715.d.3EA72C43C0032D374DF1EE67146AAD2A.e.18119/enabled - {}
COMMAND: GET /session/a0fa65e418457f6e1528b16bc1e26f2c/screenshot - {}
RESULT: {}
COMMAND: POST /session/a0fa65e418457f6e1528b16bc1e26f2c/element/f.6300CB9FC90E916FB2ACF31257920715.d.3EA72C43C0032D374DF1EE67146AAD2A.e.18119/clear - {}
COMMAND: GET /session/a0fa65e418457f6e1528b16bc1e26f2c/screenshot - {}
RESULT: {}
RESULT: {}
COMMAND: POST /session/a0fa65e418457f6e1528b16bc1e26f2c/element/f.6300CB9FC90E916FB2ACF31257920715.d.3EA72C43C0032D374DF1EE67146AAD2A.e.18119/value - {"text":"30634"}
COMMAND: GET /session/a0fa65e418457f6e1528b16bc1e26f2c/screenshot - {}
RESULT: {}
RESULT: {"text":"30634"}
COMMAND: GET /session/a0fa65e418457f6e1528b16bc1e26f2c/screenshot - {}
RESULT: {}
RESULT: {}
COMMAND: POST /session/a0fa65e418457f6e1528b16bc1e26f2c/actions - {"actions":[{"id":"action60","type":"key","parameters":{},"actions":[{"type":"keyDown","value":"î€‡"},{"type":"pause","duration":10},{"type":"keyUp","value":"î€‡"}]}]}
RESULT: {"actions":[{"id":"action60","type":"key","parameters":{},"actions":[{"type":"keyDown","value":"î€‡"},{"type":"pause","duration":10},{"type":"keyUp","value":"î€‡"}]}]}
COMMAND: GET /session/a0fa65e418457f6e1528b16bc1e26f2c/screenshot - {}
RESULT: {}
COMMAND: POST /session/a0fa65e418457f6e1528b16bc1e26f2c/element - {"using":"xpath","value":"//span[contains(@id, \"smartTable-header-inner\")]"}
RESULT: {"using":"xpath","value":"//span[contains(@id, \"smartTable-header-inner\")]"}
COMMAND: POST /session/a0fa65e418457f6e1528b16bc1e26f2c/elements - {"using":"xpath","value":"//span[contains(@id, \"smartTable-header-inner\")]"}
RESULT: {"using":"xpath","value":"//span[contains(@id, \"smartTable-header-inner\")]"}
COMMAND: POST /session/a0fa65e418457f6e1528b16bc1e26f2c/execute/sync - {"script":"<script> [56 bytes]","args":[{"element-6066-11e4-a52e-4f735466cecf":"f.6300CB9FC90E916FB2ACF31257920715.d.3EA72C43C0032D374DF1EE67146AAD2A.e.18647","ELEMENT":"f.6300CB9FC90E916FB2ACF31257920715.d.3EA72C43C0032D374DF1EE67146AAD2A.e.18647"}]}
RESULT: {"script":"<script> [56 bytes]","args":[{"element-6066-11e4-a52e-4f735466cecf":"f.6300CB9FC90E916FB2ACF31257920715.d.3EA72C43C0032D374DF1EE67146AAD2A.e.18647","ELEMENT":"f.6300CB9FC90E916FB2ACF31257920715.d.3EA72C43C0032D374DF1EE67146AAD2A.e.18647"}]}
COMMAND: POST /session/a0fa65e418457f6e1528b16bc1e26f2c/elements - {"using":"xpath","value":"//thead[contains(@class, \"sapMTableTH\")]/tr/th"}
COMMAND: GET /session/a0fa65e418457f6e1528b16bc1e26f2c/screenshot - {}
RESULT: {"using":"xpath","value":"//thead[contains(@class, \"sapMTableTH\")]/tr/th"}
COMMAND: GET /session/a0fa65e418457f6e1528b16bc1e26f2c/element/f.6300CB9FC90E916FB2ACF31257920715.d.3EA72C43C0032D374DF1EE67146AAD2A.e.18734/text - {}
RESULT: {}
RESULT: {}
COMMAND: GET /session/a0fa65e418457f6e1528b16bc1e26f2c/element/f.6300CB9FC90E916FB2ACF31257920715.d.3EA72C43C0032D374DF1EE67146AAD2A.e.18735/text - {}
RESULT: {}
COMMAND: GET /session/a0fa65e418457f6e1528b16bc1e26f2c/element/f.6300CB9FC90E916FB2ACF31257920715.d.3EA72C43C0032D374DF1EE67146AAD2A.e.18164/text - {}
RESULT: {}
COMMAND: GET /session/a0fa65e418457f6e1528b16bc1e26f2c/element/f.6300CB9FC90E916FB2ACF31257920715.d.3EA72C43C0032D374DF1EE67146AAD2A.e.18166/text - {}
RESULT: {}
COMMAND: GET /session/a0fa65e418457f6e1528b16bc1e26f2c/element/f.6300CB9FC90E916FB2ACF31257920715.d.3EA72C43C0032D374DF1EE67146AAD2A.e.18704/text - {}
RESULT: {}
COMMAND: GET /session/a0fa65e418457f6e1528b16bc1e26f2c/element/f.6300CB9FC90E916FB2ACF31257920715.d.3EA72C43C0032D374DF1EE67146AAD2A.e.18705/text - {}
RESULT: {}
COMMAND: GET /session/a0fa65e418457f6e1528b16bc1e26f2c/element/f.6300CB9FC90E916FB2ACF31257920715.d.3EA72C43C0032D374DF1EE67146AAD2A.e.18706/text - {}
RESULT: {}
COMMAND: GET /session/a0fa65e418457f6e1528b16bc1e26f2c/element/f.6300CB9FC90E916FB2ACF31257920715.d.3EA72C43C0032D374DF1EE67146AAD2A.e.18707/text - {}
RESULT: {}
COMMAND: GET /session/a0fa65e418457f6e1528b16bc1e26f2c/element/f.6300CB9FC90E916FB2ACF31257920715.d.3EA72C43C0032D374DF1EE67146AAD2A.e.18708/text - {}
RESULT: {}
COMMAND: GET /session/a0fa65e418457f6e1528b16bc1e26f2c/element/f.6300CB9FC90E916FB2ACF31257920715.d.3EA72C43C0032D374DF1EE67146AAD2A.e.18709/text - {}
RESULT: {}
COMMAND: GET /session/a0fa65e418457f6e1528b16bc1e26f2c/element/f.6300CB9FC90E916FB2ACF31257920715.d.3EA72C43C0032D374DF1EE67146AAD2A.e.18710/text - {}
RESULT: {}
COMMAND: GET /session/a0fa65e418457f6e1528b16bc1e26f2c/element/f.6300CB9FC90E916FB2ACF31257920715.d.3EA72C43C0032D374DF1EE67146AAD2A.e.18711/text - {}
RESULT: {}
COMMAND: GET /session/a0fa65e418457f6e1528b16bc1e26f2c/element/f.6300CB9FC90E916FB2ACF31257920715.d.3EA72C43C0032D374DF1EE67146AAD2A.e.18712/text - {}
RESULT: {}
COMMAND: GET /session/a0fa65e418457f6e1528b16bc1e26f2c/element/f.6300CB9FC90E916FB2ACF31257920715.d.3EA72C43C0032D374DF1EE67146AAD2A.e.18167/text - {}
RESULT: {}
COMMAND: POST /session/a0fa65e418457f6e1528b16bc1e26f2c/element - {"using":"xpath","value":"//tbody[contains(@id, \"customHandoversTable-tblBody\")]/tr[1]/td[14]/div/span"}
RESULT: {"using":"xpath","value":"//tbody[contains(@id, \"customHandoversTable-tblBody\")]/tr[1]/td[14]/div/span"}
COMMAND: POST /session/a0fa65e418457f6e1528b16bc1e26f2c/execute/sync - {"script":"<script> [56 bytes]","args":[{"element-6066-11e4-a52e-4f735466cecf":"f.6300CB9FC90E916FB2ACF31257920715.d.3EA72C43C0032D374DF1EE67146AAD2A.e.18787","ELEMENT":"f.6300CB9FC90E916FB2ACF31257920715.d.3EA72C43C0032D374DF1EE67146AAD2A.e.18787"}]}
RESULT: {"script":"<script> [56 bytes]","args":[{"element-6066-11e4-a52e-4f735466cecf":"f.6300CB9FC90E916FB2ACF31257920715.d.3EA72C43C0032D374DF1EE67146AAD2A.e.18787","ELEMENT":"f.6300CB9FC90E916FB2ACF31257920715.d.3EA72C43C0032D374DF1EE67146AAD2A.e.18787"}]}
COMMAND: POST /session/a0fa65e418457f6e1528b16bc1e26f2c/element - {"using":"xpath","value":"(//span[contains(@id, \"imgNav\")])[1]"}
COMMAND: GET /session/a0fa65e418457f6e1528b16bc1e26f2c/screenshot - {}
RESULT: {"using":"xpath","value":"(//span[contains(@id, \"imgNav\")])[1]"}
COMMAND: POST /session/a0fa65e418457f6e1528b16bc1e26f2c/element/f.6300CB9FC90E916FB2ACF31257920715.d.3EA72C43C0032D374DF1EE67146AAD2A.e.18788/click - {}
RESULT: {}
RESULT: {}
COMMAND: GET /session/a0fa65e418457f6e1528b16bc1e26f2c/screenshot - {}
RESULT: {}
RESULT: undefined
COMMAND: POST /session/a0fa65e418457f6e1528b16bc1e26f2c/execute/async - {"script":"<script> [776 bytes]","args":[{"enterText":"05/17/25","selector":{"id":"receiptDatePicker","viewName":"etm.portal.ui.managehandovers.view.DetailExecuteHO","interaction":{"idSuffix":"inner"}},"clearTextFirst":true,"interactionType":"ENTER_TEXT"}]}
RESULT: {"script":"<script> [776 bytes]","args":[{"enterText":"05/17/25","selector":{"id":"receiptDatePicker","viewName":"etm.portal.ui.managehandovers.view.DetailExecuteHO","interaction":{"idSuffix":"inner"}},"clearTextFirst":true,"interactionType":"ENTER_TEXT"}]}
COMMAND: POST /session/a0fa65e418457f6e1528b16bc1e26f2c/element - {"using":"xpath","value":"//bdi[contains(text(), \"OK\")]"}
RESULT: {"using":"xpath","value":"//bdi[contains(text(), \"OK\")]"}
COMMAND: POST /session/a0fa65e418457f6e1528b16bc1e26f2c/element/f.6300CB9FC90E916FB2ACF31257920715.d.3EA72C43C0032D374DF1EE67146AAD2A.e.18819/click - {}
RESULT: {}
COMMAND: GET /session/a0fa65e418457f6e1528b16bc1e26f2c/screenshot - {}
RESULT: {}
COMMAND: POST /session/a0fa65e418457f6e1528b16bc1e26f2c/element - {"using":"xpath","value":"//button[@data-kt=\"PickingTableConfirmAllButton\"]"}
RESULT: {"using":"xpath","value":"//button[@data-kt=\"PickingTableConfirmAllButton\"]"}
COMMAND: POST /session/a0fa65e418457f6e1528b16bc1e26f2c/element/f.6300CB9FC90E916FB2ACF31257920715.d.3EA72C43C0032D374DF1EE67146AAD2A.e.18807/click - {}
RESULT: {}
COMMAND: GET /session/a0fa65e418457f6e1528b16bc1e26f2c/screenshot - {}
RESULT: {}
COMMAND: POST /session/a0fa65e418457f6e1528b16bc1e26f2c/element - {"using":"xpath","value":"//bdi[contains(text(), \"OK\")]"}
RESULT: {"using":"xpath","value":"//bdi[contains(text(), \"OK\")]"}
COMMAND: POST /session/a0fa65e418457f6e1528b16bc1e26f2c/element/f.6300CB9FC90E916FB2ACF31257920715.d.3EA72C43C0032D374DF1EE67146AAD2A.e.18829/click - {}
RESULT: {}
COMMAND: GET /session/a0fa65e418457f6e1528b16bc1e26f2c/screenshot - {}
RESULT: {}
COMMAND: POST /session/a0fa65e418457f6e1528b16bc1e26f2c/element - {"using":"xpath","value":"//button[@data-kt= \"execHoReceiveButton\"]"}
RESULT: {"using":"xpath","value":"//button[@data-kt= \"execHoReceiveButton\"]"}
COMMAND: POST /session/a0fa65e418457f6e1528b16bc1e26f2c/element/f.6300CB9FC90E916FB2ACF31257920715.d.3EA72C43C0032D374DF1EE67146AAD2A.e.18831/click - {}
RESULT: {}
COMMAND: GET /session/a0fa65e418457f6e1528b16bc1e26f2c/screenshot - {}
RESULT: {}
COMMAND: POST /session/a0fa65e418457f6e1528b16bc1e26f2c/element - {"using":"xpath","value":"//input[contains(@id ,\"smartFilterBar-btnBasicSearch-I\")]"}
RESULT: {"using":"xpath","value":"//input[contains(@id ,\"smartFilterBar-btnBasicSearch-I\")]"}
COMMAND: POST /session/a0fa65e418457f6e1528b16bc1e26f2c/elements - {"using":"xpath","value":"//input[contains(@id ,\"smartFilterBar-btnBasicSearch-I\")]"}
RESULT: {"using":"xpath","value":"//input[contains(@id ,\"smartFilterBar-btnBasicSearch-I\")]"}
COMMAND: POST /session/a0fa65e418457f6e1528b16bc1e26f2c/execute/sync - {"script":"<script> [8489 bytes]","args":[{"element-6066-11e4-a52e-4f735466cecf":"f.6300CB9FC90E916FB2ACF31257920715.d.3EA72C43C0032D374DF1EE67146AAD2A.e.18119","ELEMENT":"f.6300CB9FC90E916FB2ACF31257920715.d.3EA72C43C0032D374DF1EE67146AAD2A.e.18119"}]}
RESULT: {"script":"<script> [8489 bytes]","args":[{"element-6066-11e4-a52e-4f735466cecf":"f.6300CB9FC90E916FB2ACF31257920715.d.3EA72C43C0032D374DF1EE67146AAD2A.e.18119","ELEMENT":"f.6300CB9FC90E916FB2ACF31257920715.d.3EA72C43C0032D374DF1EE67146AAD2A.e.18119"}]}
COMMAND: GET /session/a0fa65e418457f6e1528b16bc1e26f2c/element/f.6300CB9FC90E916FB2ACF31257920715.d.3EA72C43C0032D374DF1EE67146AAD2A.e.18119/enabled - {}
COMMAND: GET /session/a0fa65e418457f6e1528b16bc1e26f2c/screenshot - {}
RESULT: {}
COMMAND: POST /session/a0fa65e418457f6e1528b16bc1e26f2c/element/f.6300CB9FC90E916FB2ACF31257920715.d.3EA72C43C0032D374DF1EE67146AAD2A.e.18119/clear - {}
COMMAND: GET /session/a0fa65e418457f6e1528b16bc1e26f2c/screenshot - {}
RESULT: {}
RESULT: {}
COMMAND: POST /session/a0fa65e418457f6e1528b16bc1e26f2c/element/f.6300CB9FC90E916FB2ACF31257920715.d.3EA72C43C0032D374DF1EE67146AAD2A.e.18119/value - {"text":"30634"}
COMMAND: GET /session/a0fa65e418457f6e1528b16bc1e26f2c/screenshot - {}
RESULT: {}
RESULT: {"text":"30634"}
COMMAND: GET /session/a0fa65e418457f6e1528b16bc1e26f2c/screenshot - {}
RESULT: {}
RESULT: {}
COMMAND: POST /session/a0fa65e418457f6e1528b16bc1e26f2c/actions - {"actions":[{"id":"action61","type":"key","parameters":{},"actions":[{"type":"keyDown","value":"î€‡"},{"type":"pause","duration":10},{"type":"keyUp","value":"î€‡"}]}]}
RESULT: {"actions":[{"id":"action61","type":"key","parameters":{},"actions":[{"type":"keyDown","value":"î€‡"},{"type":"pause","duration":10},{"type":"keyUp","value":"î€‡"}]}]}
COMMAND: GET /session/a0fa65e418457f6e1528b16bc1e26f2c/screenshot - {}
RESULT: {}
COMMAND: POST /session/a0fa65e418457f6e1528b16bc1e26f2c/element - {"using":"xpath","value":"//span[contains(@id, \"smartTable-header-inner\")]"}
RESULT: {"using":"xpath","value":"//span[contains(@id, \"smartTable-header-inner\")]"}
COMMAND: POST /session/a0fa65e418457f6e1528b16bc1e26f2c/elements - {"using":"xpath","value":"//span[contains(@id, \"smartTable-header-inner\")]"}
RESULT: {"using":"xpath","value":"//span[contains(@id, \"smartTable-header-inner\")]"}
COMMAND: POST /session/a0fa65e418457f6e1528b16bc1e26f2c/execute/sync - {"script":"<script> [56 bytes]","args":[{"element-6066-11e4-a52e-4f735466cecf":"f.6300CB9FC90E916FB2ACF31257920715.d.3EA72C43C0032D374DF1EE67146AAD2A.e.18647","ELEMENT":"f.6300CB9FC90E916FB2ACF31257920715.d.3EA72C43C0032D374DF1EE67146AAD2A.e.18647"}]}
RESULT: {"script":"<script> [56 bytes]","args":[{"element-6066-11e4-a52e-4f735466cecf":"f.6300CB9FC90E916FB2ACF31257920715.d.3EA72C43C0032D374DF1EE67146AAD2A.e.18647","ELEMENT":"f.6300CB9FC90E916FB2ACF31257920715.d.3EA72C43C0032D374DF1EE67146AAD2A.e.18647"}]}
COMMAND: POST /session/a0fa65e418457f6e1528b16bc1e26f2c/elements - {"using":"xpath","value":"//thead[contains(@class, \"sapMTableTH\")]/tr/th"}
COMMAND: GET /session/a0fa65e418457f6e1528b16bc1e26f2c/screenshot - {}
RESULT: {"using":"xpath","value":"//thead[contains(@class, \"sapMTableTH\")]/tr/th"}
COMMAND: GET /session/a0fa65e418457f6e1528b16bc1e26f2c/element/f.6300CB9FC90E916FB2ACF31257920715.d.3EA72C43C0032D374DF1EE67146AAD2A.e.18734/text - {}
RESULT: {}
RESULT: {}
COMMAND: GET /session/a0fa65e418457f6e1528b16bc1e26f2c/element/f.6300CB9FC90E916FB2ACF31257920715.d.3EA72C43C0032D374DF1EE67146AAD2A.e.18735/text - {}
RESULT: {}
COMMAND: GET /session/a0fa65e418457f6e1528b16bc1e26f2c/element/f.6300CB9FC90E916FB2ACF31257920715.d.3EA72C43C0032D374DF1EE67146AAD2A.e.18164/text - {}
RESULT: {}
COMMAND: GET /session/a0fa65e418457f6e1528b16bc1e26f2c/element/f.6300CB9FC90E916FB2ACF31257920715.d.3EA72C43C0032D374DF1EE67146AAD2A.e.18166/text - {}
RESULT: {}
COMMAND: GET /session/a0fa65e418457f6e1528b16bc1e26f2c/element/f.6300CB9FC90E916FB2ACF31257920715.d.3EA72C43C0032D374DF1EE67146AAD2A.e.18836/text - {}
RESULT: {}
COMMAND: GET /session/a0fa65e418457f6e1528b16bc1e26f2c/element/f.6300CB9FC90E916FB2ACF31257920715.d.3EA72C43C0032D374DF1EE67146AAD2A.e.18837/text - {}
RESULT: {}
COMMAND: GET /session/a0fa65e418457f6e1528b16bc1e26f2c/element/f.6300CB9FC90E916FB2ACF31257920715.d.3EA72C43C0032D374DF1EE67146AAD2A.e.18838/text - {}
RESULT: {}
COMMAND: GET /session/a0fa65e418457f6e1528b16bc1e26f2c/element/f.6300CB9FC90E916FB2ACF31257920715.d.3EA72C43C0032D374DF1EE67146AAD2A.e.18839/text - {}
RESULT: {}
COMMAND: GET /session/a0fa65e418457f6e1528b16bc1e26f2c/element/f.6300CB9FC90E916FB2ACF31257920715.d.3EA72C43C0032D374DF1EE67146AAD2A.e.18840/text - {}
RESULT: {}
COMMAND: GET /session/a0fa65e418457f6e1528b16bc1e26f2c/element/f.6300CB9FC90E916FB2ACF31257920715.d.3EA72C43C0032D374DF1EE67146AAD2A.e.18841/text - {}
RESULT: {}
COMMAND: GET /session/a0fa65e418457f6e1528b16bc1e26f2c/element/f.6300CB9FC90E916FB2ACF31257920715.d.3EA72C43C0032D374DF1EE67146AAD2A.e.18842/text - {}
RESULT: {}
COMMAND: GET /session/a0fa65e418457f6e1528b16bc1e26f2c/element/f.6300CB9FC90E916FB2ACF31257920715.d.3EA72C43C0032D374DF1EE67146AAD2A.e.18843/text - {}
RESULT: {}
COMMAND: GET /session/a0fa65e418457f6e1528b16bc1e26f2c/element/f.6300CB9FC90E916FB2ACF31257920715.d.3EA72C43C0032D374DF1EE67146AAD2A.e.18844/text - {}
RESULT: {}
COMMAND: GET /session/a0fa65e418457f6e1528b16bc1e26f2c/element/f.6300CB9FC90E916FB2ACF31257920715.d.3EA72C43C0032D374DF1EE67146AAD2A.e.18167/text - {}
RESULT: {}
COMMAND: POST /session/a0fa65e418457f6e1528b16bc1e26f2c/element - {"using":"xpath","value":"//tbody[contains(@id, \"customHandoversTable-tblBody\")]/tr[1]/td[14]/div/span"}
RESULT: {"using":"xpath","value":"//tbody[contains(@id, \"customHandoversTable-tblBody\")]/tr[1]/td[14]/div/span"}
COMMAND: POST /session/a0fa65e418457f6e1528b16bc1e26f2c/execute/sync - {"script":"<script> [56 bytes]","args":[{"element-6066-11e4-a52e-4f735466cecf":"f.6300CB9FC90E916FB2ACF31257920715.d.3EA72C43C0032D374DF1EE67146AAD2A.e.18885","ELEMENT":"f.6300CB9FC90E916FB2ACF31257920715.d.3EA72C43C0032D374DF1EE67146AAD2A.e.18885"}]}
RESULT: {"script":"<script> [56 bytes]","args":[{"element-6066-11e4-a52e-4f735466cecf":"f.6300CB9FC90E916FB2ACF31257920715.d.3EA72C43C0032D374DF1EE67146AAD2A.e.18885","ELEMENT":"f.6300CB9FC90E916FB2ACF31257920715.d.3EA72C43C0032D374DF1EE67146AAD2A.e.18885"}]}
]]></system-out>
    </testcase>
    <testcase classname="chrome.136_0_7103_93.windows.Provide_to_Site_w/o_warehouse_management_w/o_clarification" name="Should Test for Handover Execution" time="12.438">
      <system-out><![CDATA[
COMMAND: GET /session/a0fa65e418457f6e1528b16bc1e26f2c/screenshot - {}
COMMAND: POST /session/a0fa65e418457f6e1528b16bc1e26f2c/element - {"using":"xpath","value":"(//span[contains(@id, \"imgNav\")])[1]"}
RESULT: {}
RESULT: {"using":"xpath","value":"(//span[contains(@id, \"imgNav\")])[1]"}
COMMAND: POST /session/a0fa65e418457f6e1528b16bc1e26f2c/element/f.6300CB9FC90E916FB2ACF31257920715.d.3EA72C43C0032D374DF1EE67146AAD2A.e.18886/click - {}
RESULT: {}
COMMAND: GET /session/a0fa65e418457f6e1528b16bc1e26f2c/screenshot - {}
RESULT: {}
COMMAND: POST /session/a0fa65e418457f6e1528b16bc1e26f2c/element - {"using":"css selector","value":"#shell-header-logo"}
RESULT: {"using":"css selector","value":"#shell-header-logo"}
COMMAND: POST /session/a0fa65e418457f6e1528b16bc1e26f2c/element/f.6300CB9FC90E916FB2ACF31257920715.d.3EA72C43C0032D374DF1EE67146AAD2A.e.17506/click - {}
RESULT: {}
COMMAND: GET /session/a0fa65e418457f6e1528b16bc1e26f2c/screenshot - {}
RESULT: {}
]]></system-out>
    </testcase>
    <testcase classname="chrome.136_0_7103_93.windows.Provide_to_Site_w/o_warehouse_management_w/o_clarification" name="Should test for Clarification" time="0.004">
      <system-out><![CDATA[
COMMAND: POST /session/a0fa65e418457f6e1528b16bc1e26f2c/element - {"using":"css selector","value":"#j_username"}
COMMAND: POST /session/a0fa65e418457f6e1528b16bc1e26f2c/url - {"url":"https://qa-testing-00-live-etm-ui.cfapps.eu10-004.hana.ondemand.com/"}
RESULT: {"using":"css selector","value":"#j_username"}
COMMAND: POST /session/a0fa65e418457f6e1528b16bc1e26f2c/element - {"using":"css selector","value":"#j_username"}
RESULT: {"url":"https://qa-testing-00-live-etm-ui.cfapps.eu10-004.hana.ondemand.com/"}
RESULT: undefined
COMMAND: GET /session/a0fa65e418457f6e1528b16bc1e26f2c/screenshot - {}
RESULT: {"using":"css selector","value":"#j_username"}
COMMAND: POST /session/a0fa65e418457f6e1528b16bc1e26f2c/element - {"using":"css selector","value":"#shell-header-logo"}
RESULT: {}
RESULT: {"using":"css selector","value":"#shell-header-logo"}
COMMAND: POST /session/a0fa65e418457f6e1528b16bc1e26f2c/execute/sync - {"script":"<script> [8489 bytes]","args":[{"element-6066-11e4-a52e-4f735466cecf":"f.6300CB9FC90E916FB2ACF31257920715.d.51FDAB6F2CB7FB0533203DC54C98CBC6.e.18944","ELEMENT":"f.6300CB9FC90E916FB2ACF31257920715.d.51FDAB6F2CB7FB0533203DC54C98CBC6.e.18944"}]}
RESULT: {"script":"<script> [8489 bytes]","args":[{"element-6066-11e4-a52e-4f735466cecf":"f.6300CB9FC90E916FB2ACF31257920715.d.51FDAB6F2CB7FB0533203DC54C98CBC6.e.18944","ELEMENT":"f.6300CB9FC90E916FB2ACF31257920715.d.51FDAB6F2CB7FB0533203DC54C98CBC6.e.18944"}]}
COMMAND: POST /session/a0fa65e418457f6e1528b16bc1e26f2c/element - {"using":"css selector","value":"#shell-header-logo"}
COMMAND: GET /session/a0fa65e418457f6e1528b16bc1e26f2c/screenshot - {}
RESULT: {"using":"css selector","value":"#shell-header-logo"}
COMMAND: POST /session/a0fa65e418457f6e1528b16bc1e26f2c/execute/sync - {"script":"<script> [8489 bytes]","args":[{"element-6066-11e4-a52e-4f735466cecf":"f.6300CB9FC90E916FB2ACF31257920715.d.51FDAB6F2CB7FB0533203DC54C98CBC6.e.18944","ELEMENT":"f.6300CB9FC90E916FB2ACF31257920715.d.51FDAB6F2CB7FB0533203DC54C98CBC6.e.18944"}]}
RESULT: {}
RESULT: {"script":"<script> [8489 bytes]","args":[{"element-6066-11e4-a52e-4f735466cecf":"f.6300CB9FC90E916FB2ACF31257920715.d.51FDAB6F2CB7FB0533203DC54C98CBC6.e.18944","ELEMENT":"f.6300CB9FC90E916FB2ACF31257920715.d.51FDAB6F2CB7FB0533203DC54C98CBC6.e.18944"}]}
COMMAND: POST /session/a0fa65e418457f6e1528b16bc1e26f2c/execute/sync - {"script":"<script> [5351 bytes]","args":[{"element-6066-11e4-a52e-4f735466cecf":"f.6300CB9FC90E916FB2ACF31257920715.d.51FDAB6F2CB7FB0533203DC54C98CBC6.e.18944","ELEMENT":"f.6300CB9FC90E916FB2ACF31257920715.d.51FDAB6F2CB7FB0533203DC54C98CBC6.e.18944"}]}
COMMAND: GET /session/a0fa65e418457f6e1528b16bc1e26f2c/screenshot - {}
RESULT: {"script":"<script> [5351 bytes]","args":[{"element-6066-11e4-a52e-4f735466cecf":"f.6300CB9FC90E916FB2ACF31257920715.d.51FDAB6F2CB7FB0533203DC54C98CBC6.e.18944","ELEMENT":"f.6300CB9FC90E916FB2ACF31257920715.d.51FDAB6F2CB7FB0533203DC54C98CBC6.e.18944"}]}
COMMAND: POST /session/a0fa65e418457f6e1528b16bc1e26f2c/element - {"using":"css selector","value":"#shell-header-logo"}
COMMAND: GET /session/a0fa65e418457f6e1528b16bc1e26f2c/screenshot - {}
RESULT: {}
RESULT: {"using":"css selector","value":"#shell-header-logo"}
COMMAND: POST /session/a0fa65e418457f6e1528b16bc1e26f2c/element/f.6300CB9FC90E916FB2ACF31257920715.d.51FDAB6F2CB7FB0533203DC54C98CBC6.e.18944/click - {}
RESULT: {}
RESULT: {}
COMMAND: GET /session/a0fa65e418457f6e1528b16bc1e26f2c/screenshot - {}
RESULT: {}
COMMAND: POST /session/a0fa65e418457f6e1528b16bc1e26f2c/execute/async - {"script":"<script> [189 bytes]","args":[]}
RESULT: {"script":"<script> [189 bytes]","args":[]}
COMMAND: POST /session/a0fa65e418457f6e1528b16bc1e26f2c/execute/async - {"script":"<script> [123 bytes]","args":[]}
RESULT: {"script":"<script> [123 bytes]","args":[]}
COMMAND: POST /session/a0fa65e418457f6e1528b16bc1e26f2c/timeouts - {"script":"<number>"}
RESULT: {"script":"<number>"}
COMMAND: GET /session/a0fa65e418457f6e1528b16bc1e26f2c/timeouts - {}
RESULT: {}
RESULT: undefined
COMMAND: POST /session/a0fa65e418457f6e1528b16bc1e26f2c/execute/async - {"script":"<script> [2676 bytes]","args":[]}
RESULT: {"script":"<script> [2676 bytes]","args":[]}
COMMAND: POST /session/a0fa65e418457f6e1528b16bc1e26f2c/execute/async - {"script":"<script> [2342 bytes]","args":[{"protocol":"http","hostname":"0.0.0.0","path":"/","capabilities":{"browserName":"chrome","goog:chromeOptions":{"binary":"C:\\Program Files\\Google\\Chrome\\Application\\chrome.exe","args":["--start-maximized"]}},"logLevel":"warn","connectionRetryTimeout":120000,"connectionRetryCount":3,"logLevels":{},"enableDirectConnect":true,"strictSSL":true,"_":"65 more keys: [\"cacheDir\",\"port\",\"requestedCapabilities\",\"automationProtocol\",\"baseUrl\",\"waitforInterval\",\"waitforTimeout\",\"onReload\",\"beforeCommand\",\"afterCommand\",\"rootDir\",\"specs\",\"suites\",\"exclude\",\"groupLogsByTestSpec\",\"excludeDriverLogs\",\"bail\",\"framework\",\"reporters\",\"services\",\"maxInstances\",\"maxInstancesPerCapability\",\"injectGlobals\",\"filesToWatch\",\"execArgv\",\"runnerEnv\",\"runner\",\"shard\",\"specFileRetries\",\"specFileRetriesDelay\",\"specFileRetriesDeferred\",\"reporterSyncInterval\",\"reporterSyncTimeout\",\"cucumberFeaturesWithLineNumbers\",\"autoCompileOpts\",\"mochaOpts\",\"jasmineOpts\",\"cucumberOpts\",\"onPrepare\",\"onWorkerStart\",\"onWorkerEnd\",\"before\",\"beforeSession\",\"beforeSuite\",\"beforeHook\",\"beforeTest\",\"afterTest\",\"afterHook\",\"afterSuite\",\"afterSession\",\"after\",\"onComplete\",\"beforeAssertion\",\"afterAssertion\",\"beforeFeature\",\"beforeScenario\",\"beforeStep\",\"afterStep\",\"afterScenario\",\"afterFeature\",\"_\",\"suite\",\"$0\",\"ignoredWorkerServices\",\"wdi5\"]"}]}
RESULT: {"script":"<script> [2342 bytes]","args":[{"protocol":"http","hostname":"0.0.0.0","path":"/","capabilities":{"browserName":"chrome","goog:chromeOptions":{"binary":"C:\\Program Files\\Google\\Chrome\\Application\\chrome.exe","args":["--start-maximized"]}},"logLevel":"warn","connectionRetryTimeout":120000,"connectionRetryCount":3,"logLevels":{},"enableDirectConnect":true,"strictSSL":true,"_":"65 more keys: [\"cacheDir\",\"port\",\"requestedCapabilities\",\"automationProtocol\",\"baseUrl\",\"waitforInterval\",\"waitforTimeout\",\"onReload\",\"beforeCommand\",\"afterCommand\",\"rootDir\",\"specs\",\"suites\",\"exclude\",\"groupLogsByTestSpec\",\"excludeDriverLogs\",\"bail\",\"framework\",\"reporters\",\"services\",\"maxInstances\",\"maxInstancesPerCapability\",\"injectGlobals\",\"filesToWatch\",\"execArgv\",\"runnerEnv\",\"runner\",\"shard\",\"specFileRetries\",\"specFileRetriesDelay\",\"specFileRetriesDeferred\",\"reporterSyncInterval\",\"reporterSyncTimeout\",\"cucumberFeaturesWithLineNumbers\",\"autoCompileOpts\",\"mochaOpts\",\"jasmineOpts\",\"cucumberOpts\",\"onPrepare\",\"onWorkerStart\",\"onWorkerEnd\",\"before\",\"beforeSession\",\"beforeSuite\",\"beforeHook\",\"beforeTest\",\"afterTest\",\"afterHook\",\"afterSuite\",\"afterSession\",\"after\",\"onComplete\",\"beforeAssertion\",\"afterAssertion\",\"beforeFeature\",\"beforeScenario\",\"beforeStep\",\"afterStep\",\"afterScenario\",\"afterFeature\",\"_\",\"suite\",\"$0\",\"ignoredWorkerServices\",\"wdi5\"]"}]}
COMMAND: POST /session/a0fa65e418457f6e1528b16bc1e26f2c/execute/async - {"script":"<script> [21126 bytes]","args":[35000]}
RESULT: {"script":"<script> [21126 bytes]","args":[35000]}
COMMAND: POST /session/a0fa65e418457f6e1528b16bc1e26f2c/window/maximize - {}
RESULT: {}
COMMAND: POST /session/a0fa65e418457f6e1528b16bc1e26f2c/execute/async - {"script":"<script> [1562 bytes]","args":[{"selector":{"id":"shell-header","interaction":{"idSuffix":"icon"}},"wdio_ui5_key":"shellheader"}]}
COMMAND: GET /session/a0fa65e418457f6e1528b16bc1e26f2c/screenshot - {}
RESULT: {"script":"<script> [1562 bytes]","args":[{"selector":{"id":"shell-header","interaction":{"idSuffix":"icon"}},"wdio_ui5_key":"shellheader"}]}
RESULT: undefined
COMMAND: POST /session/a0fa65e418457f6e1528b16bc1e26f2c/refresh - {}
RESULT: {}
RESULT: {}
COMMAND: GET /session/a0fa65e418457f6e1528b16bc1e26f2c/screenshot - {}
RESULT: {}
COMMAND: POST /session/a0fa65e418457f6e1528b16bc1e26f2c/refresh - {}
RESULT: {}
COMMAND: GET /session/a0fa65e418457f6e1528b16bc1e26f2c/screenshot - {}
RESULT: {}
COMMAND: POST /session/a0fa65e418457f6e1528b16bc1e26f2c/window/fullscreen - {}
RESULT: {}
COMMAND: POST /session/a0fa65e418457f6e1528b16bc1e26f2c/execute/async - {"script":"<script> [189 bytes]","args":[]}
RESULT: {"script":"<script> [189 bytes]","args":[]}
COMMAND: POST /session/a0fa65e418457f6e1528b16bc1e26f2c/execute/async - {"script":"<script> [123 bytes]","args":[]}
RESULT: {"script":"<script> [123 bytes]","args":[]}
COMMAND: POST /session/a0fa65e418457f6e1528b16bc1e26f2c/timeouts - {"script":"<number>"}
RESULT: {"script":"<number>"}
COMMAND: GET /session/a0fa65e418457f6e1528b16bc1e26f2c/timeouts - {}
RESULT: {}
RESULT: undefined
COMMAND: POST /session/a0fa65e418457f6e1528b16bc1e26f2c/execute/async - {"script":"<script> [2676 bytes]","args":[]}
RESULT: {"script":"<script> [2676 bytes]","args":[]}
COMMAND: POST /session/a0fa65e418457f6e1528b16bc1e26f2c/execute/async - {"script":"<script> [2342 bytes]","args":[{"protocol":"http","hostname":"0.0.0.0","path":"/","capabilities":{"browserName":"chrome","goog:chromeOptions":{"binary":"C:\\Program Files\\Google\\Chrome\\Application\\chrome.exe","args":["--start-maximized"]}},"logLevel":"warn","connectionRetryTimeout":120000,"connectionRetryCount":3,"logLevels":{},"enableDirectConnect":true,"strictSSL":true,"_":"65 more keys: [\"cacheDir\",\"port\",\"requestedCapabilities\",\"automationProtocol\",\"baseUrl\",\"waitforInterval\",\"waitforTimeout\",\"onReload\",\"beforeCommand\",\"afterCommand\",\"rootDir\",\"specs\",\"suites\",\"exclude\",\"groupLogsByTestSpec\",\"excludeDriverLogs\",\"bail\",\"framework\",\"reporters\",\"services\",\"maxInstances\",\"maxInstancesPerCapability\",\"injectGlobals\",\"filesToWatch\",\"execArgv\",\"runnerEnv\",\"runner\",\"shard\",\"specFileRetries\",\"specFileRetriesDelay\",\"specFileRetriesDeferred\",\"reporterSyncInterval\",\"reporterSyncTimeout\",\"cucumberFeaturesWithLineNumbers\",\"autoCompileOpts\",\"mochaOpts\",\"jasmineOpts\",\"cucumberOpts\",\"onPrepare\",\"onWorkerStart\",\"onWorkerEnd\",\"before\",\"beforeSession\",\"beforeSuite\",\"beforeHook\",\"beforeTest\",\"afterTest\",\"afterHook\",\"afterSuite\",\"afterSession\",\"after\",\"onComplete\",\"beforeAssertion\",\"afterAssertion\",\"beforeFeature\",\"beforeScenario\",\"beforeStep\",\"afterStep\",\"afterScenario\",\"afterFeature\",\"_\",\"suite\",\"$0\",\"ignoredWorkerServices\",\"wdi5\"]"}]}
RESULT: {"script":"<script> [2342 bytes]","args":[{"protocol":"http","hostname":"0.0.0.0","path":"/","capabilities":{"browserName":"chrome","goog:chromeOptions":{"binary":"C:\\Program Files\\Google\\Chrome\\Application\\chrome.exe","args":["--start-maximized"]}},"logLevel":"warn","connectionRetryTimeout":120000,"connectionRetryCount":3,"logLevels":{},"enableDirectConnect":true,"strictSSL":true,"_":"65 more keys: [\"cacheDir\",\"port\",\"requestedCapabilities\",\"automationProtocol\",\"baseUrl\",\"waitforInterval\",\"waitforTimeout\",\"onReload\",\"beforeCommand\",\"afterCommand\",\"rootDir\",\"specs\",\"suites\",\"exclude\",\"groupLogsByTestSpec\",\"excludeDriverLogs\",\"bail\",\"framework\",\"reporters\",\"services\",\"maxInstances\",\"maxInstancesPerCapability\",\"injectGlobals\",\"filesToWatch\",\"execArgv\",\"runnerEnv\",\"runner\",\"shard\",\"specFileRetries\",\"specFileRetriesDelay\",\"specFileRetriesDeferred\",\"reporterSyncInterval\",\"reporterSyncTimeout\",\"cucumberFeaturesWithLineNumbers\",\"autoCompileOpts\",\"mochaOpts\",\"jasmineOpts\",\"cucumberOpts\",\"onPrepare\",\"onWorkerStart\",\"onWorkerEnd\",\"before\",\"beforeSession\",\"beforeSuite\",\"beforeHook\",\"beforeTest\",\"afterTest\",\"afterHook\",\"afterSuite\",\"afterSession\",\"after\",\"onComplete\",\"beforeAssertion\",\"afterAssertion\",\"beforeFeature\",\"beforeScenario\",\"beforeStep\",\"afterStep\",\"afterScenario\",\"afterFeature\",\"_\",\"suite\",\"$0\",\"ignoredWorkerServices\",\"wdi5\"]"}]}
COMMAND: POST /session/a0fa65e418457f6e1528b16bc1e26f2c/execute/async - {"script":"<script> [21126 bytes]","args":[35000]}
RESULT: {"script":"<script> [21126 bytes]","args":[35000]}
]]></system-out>
    </testcase>
  </testsuite>
  <testsuite timestamp="2025-05-17T17:09:26" time="163.098" tests="6" failures="0" errors="0" skipped="0">
    <properties>
      <property name="specId" value="0" />
      <property name="suiteName" value="Return from Site w/ warehouse management w/ clarification US125588" />
      <property name="capabilities" value="chrome.136_0_7103_93.windows" />
      <property name="file" value="file:///D:/a/1/s/test/specs/HTR/return-from-site-w-warehouse-management-w-clarification.spec.js" />
    </properties>
    <testcase classname="chrome.136_0_7103_93.windows.Return_from_Site_w/_warehouse_management_w/_clarification_US125588" name="Should create a new WHM yard" time="0.016">
      <system-out><![CDATA[
COMMAND: POST /session/a0fa65e418457f6e1528b16bc1e26f2c/window/fullscreen - {}
RESULT: {}
]]></system-out>
    </testcase>
    <testcase classname="chrome.136_0_7103_93.windows.Return_from_Site_w/_warehouse_management_w/_clarification_US125588" name="Should create a new external WHM partner" time="0.004" />
    <testcase classname="chrome.136_0_7103_93.windows.Return_from_Site_w/_warehouse_management_w/_clarification_US125588" name="Should create a new WHM site" time="0.005" />
    <testcase classname="chrome.136_0_7103_93.windows.Return_from_Site_w/_warehouse_management_w/_clarification_US125588" name="Should create a new material" time="111.198">
      <system-out><![CDATA[
COMMAND: POST /session/a0fa65e418457f6e1528b16bc1e26f2c/execute/async - {"script":"<script> [1562 bytes]","args":[{"selector":{"controlType":"sap.m.GenericTile","properties":{"header":"Manage Resources"}},"wdio_ui5_key":"sapm.GenericTile{\"header\":\"Manage Resources\"}"}]}
RESULT: {"script":"<script> [1562 bytes]","args":[{"selector":{"controlType":"sap.m.GenericTile","properties":{"header":"Manage Resources"}},"wdio_ui5_key":"sapm.GenericTile{\"header\":\"Manage Resources\"}"}]}
RESULT: undefined
COMMAND: POST /session/a0fa65e418457f6e1528b16bc1e26f2c/element - {"using":"xpath","value":"//*[@id=\"__tile39\"]"}
RESULT: {"using":"xpath","value":"//*[@id=\"__tile39\"]"}
COMMAND: POST /session/a0fa65e418457f6e1528b16bc1e26f2c/element/f.6300CB9FC90E916FB2ACF31257920715.d.61847414FF143BE38C5BF7188457CF72.e.19099/click - {}
RESULT: {}
COMMAND: GET /session/a0fa65e418457f6e1528b16bc1e26f2c/screenshot - {}
RESULT: {}
COMMAND: POST /session/a0fa65e418457f6e1528b16bc1e26f2c/elements - {"using":"xpath","value":"//span[text()='Error']"}
RESULT: {"using":"xpath","value":"//span[text()='Error']"}
COMMAND: POST /session/a0fa65e418457f6e1528b16bc1e26f2c/element - {"using":"xpath","value":"//button[@data-kt=\"addNewRUOverflowToolbarButton\"]"}
RESULT: {"using":"xpath","value":"//button[@data-kt=\"addNewRUOverflowToolbarButton\"]"}
COMMAND: POST /session/a0fa65e418457f6e1528b16bc1e26f2c/elements - {"using":"xpath","value":"//button[@data-kt=\"addNewRUOverflowToolbarButton\"]"}
RESULT: {"using":"xpath","value":"//button[@data-kt=\"addNewRUOverflowToolbarButton\"]"}
COMMAND: POST /session/a0fa65e418457f6e1528b16bc1e26f2c/execute/sync - {"script":"<script> [8489 bytes]","args":[{"element-6066-11e4-a52e-4f735466cecf":"f.6300CB9FC90E916FB2ACF31257920715.d.61847414FF143BE38C5BF7188457CF72.e.19229","ELEMENT":"f.6300CB9FC90E916FB2ACF31257920715.d.61847414FF143BE38C5BF7188457CF72.e.19229"}]}
RESULT: {"script":"<script> [8489 bytes]","args":[{"element-6066-11e4-a52e-4f735466cecf":"f.6300CB9FC90E916FB2ACF31257920715.d.61847414FF143BE38C5BF7188457CF72.e.19229","ELEMENT":"f.6300CB9FC90E916FB2ACF31257920715.d.61847414FF143BE38C5BF7188457CF72.e.19229"}]}
COMMAND: GET /session/a0fa65e418457f6e1528b16bc1e26f2c/element/f.6300CB9FC90E916FB2ACF31257920715.d.61847414FF143BE38C5BF7188457CF72.e.19229/enabled - {}
COMMAND: GET /session/a0fa65e418457f6e1528b16bc1e26f2c/screenshot - {}
RESULT: {}
RESULT: {}
COMMAND: POST /session/a0fa65e418457f6e1528b16bc1e26f2c/execute/sync - {"script":"<script> [8489 bytes]","args":[{"element-6066-11e4-a52e-4f735466cecf":"f.6300CB9FC90E916FB2ACF31257920715.d.61847414FF143BE38C5BF7188457CF72.e.19229","ELEMENT":"f.6300CB9FC90E916FB2ACF31257920715.d.61847414FF143BE38C5BF7188457CF72.e.19229"}]}
COMMAND: GET /session/a0fa65e418457f6e1528b16bc1e26f2c/screenshot - {}
RESULT: {"script":"<script> [8489 bytes]","args":[{"element-6066-11e4-a52e-4f735466cecf":"f.6300CB9FC90E916FB2ACF31257920715.d.61847414FF143BE38C5BF7188457CF72.e.19229","ELEMENT":"f.6300CB9FC90E916FB2ACF31257920715.d.61847414FF143BE38C5BF7188457CF72.e.19229"}]}
COMMAND: POST /session/a0fa65e418457f6e1528b16bc1e26f2c/execute/sync - {"script":"<script> [5351 bytes]","args":[{"element-6066-11e4-a52e-4f735466cecf":"f.6300CB9FC90E916FB2ACF31257920715.d.61847414FF143BE38C5BF7188457CF72.e.19229","ELEMENT":"f.6300CB9FC90E916FB2ACF31257920715.d.61847414FF143BE38C5BF7188457CF72.e.19229"}]}
COMMAND: GET /session/a0fa65e418457f6e1528b16bc1e26f2c/screenshot - {}
RESULT: {}
RESULT: {"script":"<script> [5351 bytes]","args":[{"element-6066-11e4-a52e-4f735466cecf":"f.6300CB9FC90E916FB2ACF31257920715.d.61847414FF143BE38C5BF7188457CF72.e.19229","ELEMENT":"f.6300CB9FC90E916FB2ACF31257920715.d.61847414FF143BE38C5BF7188457CF72.e.19229"}]}
COMMAND: POST /session/a0fa65e418457f6e1528b16bc1e26f2c/element/f.6300CB9FC90E916FB2ACF31257920715.d.61847414FF143BE38C5BF7188457CF72.e.19229/click - {}
COMMAND: GET /session/a0fa65e418457f6e1528b16bc1e26f2c/screenshot - {}
RESULT: {}
RESULT: {}
COMMAND: GET /session/a0fa65e418457f6e1528b16bc1e26f2c/screenshot - {}
RESULT: {}
RESULT: {}
COMMAND: POST /session/a0fa65e418457f6e1528b16bc1e26f2c/execute/async - {"script":"<script> [1562 bytes]","args":[{"selector":{"id":"application-manageresources-display-component---newResourceUnit--TYPE-arrow"},"wdio_ui5_key":"applicationmanageresources-display-component---newResourceUnit--TYPE-arrow"}]}
RESULT: {"script":"<script> [1562 bytes]","args":[{"selector":{"id":"application-manageresources-display-component---newResourceUnit--TYPE-arrow"},"wdio_ui5_key":"applicationmanageresources-display-component---newResourceUnit--TYPE-arrow"}]}
RESULT: undefined
COMMAND: POST /session/a0fa65e418457f6e1528b16bc1e26f2c/element - {"using":"xpath","value":"//*[@id=\"application-manageresources-display-component---newResourceUnit--TYPE-arrow\"]"}
RESULT: {"using":"xpath","value":"//*[@id=\"application-manageresources-display-component---newResourceUnit--TYPE-arrow\"]"}
COMMAND: POST /session/a0fa65e418457f6e1528b16bc1e26f2c/element/f.6300CB9FC90E916FB2ACF31257920715.d.61847414FF143BE38C5BF7188457CF72.e.19591/click - {}
RESULT: {}
COMMAND: POST /session/a0fa65e418457f6e1528b16bc1e26f2c/element - {"using":"xpath","value":"//input[@id=\"application-manageresources-display-component---newResourceUnit--TYPE-inner\"]"}
COMMAND: GET /session/a0fa65e418457f6e1528b16bc1e26f2c/screenshot - {}
RESULT: {"using":"xpath","value":"//input[@id=\"application-manageresources-display-component---newResourceUnit--TYPE-inner\"]"}
COMMAND: POST /session/a0fa65e418457f6e1528b16bc1e26f2c/element/f.6300CB9FC90E916FB2ACF31257920715.d.61847414FF143BE38C5BF7188457CF72.e.19582/clear - {}
RESULT: {}
RESULT: {}
COMMAND: POST /session/a0fa65e418457f6e1528b16bc1e26f2c/element/f.6300CB9FC90E916FB2ACF31257920715.d.61847414FF143BE38C5BF7188457CF72.e.19582/value - {"text":"Material"}
COMMAND: GET /session/a0fa65e418457f6e1528b16bc1e26f2c/screenshot - {}
RESULT: {"text":"Material"}
COMMAND: GET /session/a0fa65e418457f6e1528b16bc1e26f2c/screenshot - {}
RESULT: {}
RESULT: {}
COMMAND: POST /session/a0fa65e418457f6e1528b16bc1e26f2c/actions - {"actions":[{"id":"action62","type":"key","parameters":{},"actions":[{"type":"keyDown","value":"î€‡"},{"type":"pause","duration":10},{"type":"keyUp","value":"î€‡"}]}]}
RESULT: {"actions":[{"id":"action62","type":"key","parameters":{},"actions":[{"type":"keyDown","value":"î€‡"},{"type":"pause","duration":10},{"type":"keyUp","value":"î€‡"}]}]}
COMMAND: POST /session/a0fa65e418457f6e1528b16bc1e26f2c/execute/async - {"script":"<script> [1562 bytes]","args":[{"selector":{"id":"application-manageresources-display-component---newResourceUnit--SHORT_TEXT","interaction":{"idSuffix":"inner"}},"wdio_ui5_key":"applicationmanageresources-display-component---newResourceUnit--SHORT_TEXT"}]}
COMMAND: GET /session/a0fa65e418457f6e1528b16bc1e26f2c/screenshot - {}
RESULT: {"script":"<script> [1562 bytes]","args":[{"selector":{"id":"application-manageresources-display-component---newResourceUnit--SHORT_TEXT","interaction":{"idSuffix":"inner"}},"wdio_ui5_key":"applicationmanageresources-display-component---newResourceUnit--SHORT_TEXT"}]}
RESULT: undefined
COMMAND: POST /session/a0fa65e418457f6e1528b16bc1e26f2c/execute/async - {"script":"<script> [776 bytes]","args":[{"enterText":"Cement WDIO","selector":{"id":"application-manageresources-display-component---newResourceUnit--SHORT_TEXT","interaction":{"idSuffix":"inner"}},"clearTextFirst":true,"interactionType":"ENTER_TEXT"}]}
RESULT: {}
RESULT: {"script":"<script> [776 bytes]","args":[{"enterText":"Cement WDIO","selector":{"id":"application-manageresources-display-component---newResourceUnit--SHORT_TEXT","interaction":{"idSuffix":"inner"}},"clearTextFirst":true,"interactionType":"ENTER_TEXT"}]}
COMMAND: POST /session/a0fa65e418457f6e1528b16bc1e26f2c/execute/async - {"script":"<script> [1562 bytes]","args":[{"selector":{"id":"application-manageresources-display-component---newResourceUnit--BASE_UNIT_OF_MEASURE","interaction":{"idSuffix":"inner"}},"wdio_ui5_key":"applicationmanageresources-display-component---newResourceUnit--BASE_UNIT_OF_MEASURE"}]}
RESULT: {"script":"<script> [1562 bytes]","args":[{"selector":{"id":"application-manageresources-display-component---newResourceUnit--BASE_UNIT_OF_MEASURE","interaction":{"idSuffix":"inner"}},"wdio_ui5_key":"applicationmanageresources-display-component---newResourceUnit--BASE_UNIT_OF_MEASURE"}]}
RESULT: undefined
COMMAND: POST /session/a0fa65e418457f6e1528b16bc1e26f2c/execute/async - {"script":"<script> [776 bytes]","args":[{"enterText":"Piece","selector":{"id":"application-manageresources-display-component---newResourceUnit--BASE_UNIT_OF_MEASURE","interaction":{"idSuffix":"inner"}},"clearTextFirst":true,"interactionType":"ENTER_TEXT"}]}
RESULT: {"script":"<script> [776 bytes]","args":[{"enterText":"Piece","selector":{"id":"application-manageresources-display-component---newResourceUnit--BASE_UNIT_OF_MEASURE","interaction":{"idSuffix":"inner"}},"clearTextFirst":true,"interactionType":"ENTER_TEXT"}]}
COMMAND: POST /session/a0fa65e418457f6e1528b16bc1e26f2c/execute/async - {"script":"<script> [1562 bytes]","args":[{"selector":{"id":"application-manageresources-display-component---newResourceUnit--WEIGHT_UNIT","interaction":{"idSuffix":"inner"}},"wdio_ui5_key":"applicationmanageresources-display-component---newResourceUnit--WEIGHT_UNIT"}]}
RESULT: {"script":"<script> [1562 bytes]","args":[{"selector":{"id":"application-manageresources-display-component---newResourceUnit--WEIGHT_UNIT","interaction":{"idSuffix":"inner"}},"wdio_ui5_key":"applicationmanageresources-display-component---newResourceUnit--WEIGHT_UNIT"}]}
RESULT: undefined
COMMAND: POST /session/a0fa65e418457f6e1528b16bc1e26f2c/execute/async - {"script":"<script> [776 bytes]","args":[{"enterText":"Gram","selector":{"id":"application-manageresources-display-component---newResourceUnit--WEIGHT_UNIT","interaction":{"idSuffix":"inner"}},"clearTextFirst":true,"interactionType":"ENTER_TEXT"}]}
RESULT: {"script":"<script> [776 bytes]","args":[{"enterText":"Gram","selector":{"id":"application-manageresources-display-component---newResourceUnit--WEIGHT_UNIT","interaction":{"idSuffix":"inner"}},"clearTextFirst":true,"interactionType":"ENTER_TEXT"}]}
COMMAND: POST /session/a0fa65e418457f6e1528b16bc1e26f2c/execute/async - {"script":"<script> [1562 bytes]","args":[{"selector":{"id":"application-manageresources-display-component---newResourceUnit--DIMENSION_UNIT","interaction":{"idSuffix":"inner"}},"wdio_ui5_key":"applicationmanageresources-display-component---newResourceUnit--DIMENSION_UNIT"}]}
RESULT: {"script":"<script> [1562 bytes]","args":[{"selector":{"id":"application-manageresources-display-component---newResourceUnit--DIMENSION_UNIT","interaction":{"idSuffix":"inner"}},"wdio_ui5_key":"applicationmanageresources-display-component---newResourceUnit--DIMENSION_UNIT"}]}
RESULT: undefined
COMMAND: POST /session/a0fa65e418457f6e1528b16bc1e26f2c/execute/async - {"script":"<script> [776 bytes]","args":[{"enterText":"Meter","selector":{"id":"application-manageresources-display-component---newResourceUnit--DIMENSION_UNIT","interaction":{"idSuffix":"inner"}},"clearTextFirst":true,"interactionType":"ENTER_TEXT"}]}
RESULT: {"script":"<script> [776 bytes]","args":[{"enterText":"Meter","selector":{"id":"application-manageresources-display-component---newResourceUnit--DIMENSION_UNIT","interaction":{"idSuffix":"inner"}},"clearTextFirst":true,"interactionType":"ENTER_TEXT"}]}
COMMAND: POST /session/a0fa65e418457f6e1528b16bc1e26f2c/execute/async - {"script":"<script> [1562 bytes]","args":[{"selector":{"id":"application-manageresources-display-component---newResourceUnit--newRRUPage-anchBar-application-manageresources-display-component---newResourceUnit--control-anchor","interaction":{"idSuffix":"BDI-content"}},"wdio_ui5_key":"applicationmanageresources-display-component---newResourceUnit--newRRUPage-anchBar-application-manageresources-display-component---newResourceUnit--control-anchor"}]}
RESULT: {"script":"<script> [1562 bytes]","args":[{"selector":{"id":"application-manageresources-display-component---newResourceUnit--newRRUPage-anchBar-application-manageresources-display-component---newResourceUnit--control-anchor","interaction":{"idSuffix":"BDI-content"}},"wdio_ui5_key":"applicationmanageresources-display-component---newResourceUnit--newRRUPage-anchBar-application-manageresources-display-component---newResourceUnit--control-anchor"}]}
RESULT: undefined
COMMAND: POST /session/a0fa65e418457f6e1528b16bc1e26f2c/element - {"using":"xpath","value":"//*[@id=\"application-manageresources-display-component---newResourceUnit--newRRUPage-anchBar-application-manageresources-display-component---newResourceUnit--control-anchor\"]"}
RESULT: {"using":"xpath","value":"//*[@id=\"application-manageresources-display-component---newResourceUnit--newRRUPage-anchBar-application-manageresources-display-component---newResourceUnit--control-anchor\"]"}
COMMAND: POST /session/a0fa65e418457f6e1528b16bc1e26f2c/element/f.6300CB9FC90E916FB2ACF31257920715.d.61847414FF143BE38C5BF7188457CF72.e.19657/click - {}
RESULT: {}
COMMAND: POST /session/a0fa65e418457f6e1528b16bc1e26f2c/execute/async - {"script":"<script> [1562 bytes]","args":[{"selector":{"id":"application-manageresources-display-component---newResourceUnit--PLANNING_GROUP","interaction":{"idSuffix":"inner"}},"wdio_ui5_key":"applicationmanageresources-display-component---newResourceUnit--PLANNING_GROUP"}]}
COMMAND: GET /session/a0fa65e418457f6e1528b16bc1e26f2c/screenshot - {}
RESULT: {"script":"<script> [1562 bytes]","args":[{"selector":{"id":"application-manageresources-display-component---newResourceUnit--PLANNING_GROUP","interaction":{"idSuffix":"inner"}},"wdio_ui5_key":"applicationmanageresources-display-component---newResourceUnit--PLANNING_GROUP"}]}
RESULT: undefined
COMMAND: POST /session/a0fa65e418457f6e1528b16bc1e26f2c/execute/async - {"script":"<script> [776 bytes]","args":[{"enterText":"Material","selector":{"id":"application-manageresources-display-component---newResourceUnit--PLANNING_GROUP","interaction":{"idSuffix":"inner"}},"clearTextFirst":true,"interactionType":"ENTER_TEXT"}]}
RESULT: {}
RESULT: {"script":"<script> [776 bytes]","args":[{"enterText":"Material","selector":{"id":"application-manageresources-display-component---newResourceUnit--PLANNING_GROUP","interaction":{"idSuffix":"inner"}},"clearTextFirst":true,"interactionType":"ENTER_TEXT"}]}
COMMAND: POST /session/a0fa65e418457f6e1528b16bc1e26f2c/execute/async - {"script":"<script> [1562 bytes]","args":[{"selector":{"id":"application-manageresources-display-component---newResourceUnit--PLANNING_INDICATOR","interaction":{"idSuffix":"inner"}},"wdio_ui5_key":"applicationmanageresources-display-component---newResourceUnit--PLANNING_INDICATOR"}]}
RESULT: {"script":"<script> [1562 bytes]","args":[{"selector":{"id":"application-manageresources-display-component---newResourceUnit--PLANNING_INDICATOR","interaction":{"idSuffix":"inner"}},"wdio_ui5_key":"applicationmanageresources-display-component---newResourceUnit--PLANNING_INDICATOR"}]}
RESULT: undefined
COMMAND: POST /session/a0fa65e418457f6e1528b16bc1e26f2c/execute/async - {"script":"<script> [776 bytes]","args":[{"enterText":"10 - infinite","selector":{"id":"application-manageresources-display-component---newResourceUnit--PLANNING_INDICATOR","interaction":{"idSuffix":"inner"}},"clearTextFirst":true,"interactionType":"ENTER_TEXT"}]}
RESULT: {"script":"<script> [776 bytes]","args":[{"enterText":"10 - infinite","selector":{"id":"application-manageresources-display-component---newResourceUnit--PLANNING_INDICATOR","interaction":{"idSuffix":"inner"}},"clearTextFirst":true,"interactionType":"ENTER_TEXT"}]}
COMMAND: POST /session/a0fa65e418457f6e1528b16bc1e26f2c/element - {"using":"css selector","value":"#application-manageresources-display-component---newResourceUnit--btnAddTimeSegment"}
RESULT: {"using":"css selector","value":"#application-manageresources-display-component---newResourceUnit--btnAddTimeSegment"}
COMMAND: GET /session/a0fa65e418457f6e1528b16bc1e26f2c/element/f.6300CB9FC90E916FB2ACF31257920715.d.61847414FF143BE38C5BF7188457CF72.e.19667/rect - {}
RESULT: {}
COMMAND: GET /session/a0fa65e418457f6e1528b16bc1e26f2c/window/rect - {}
RESULT: {}
COMMAND: POST /session/a0fa65e418457f6e1528b16bc1e26f2c/execute/sync - {"script":"<script> [92 bytes]","args":[]}
RESULT: {"script":"<script> [92 bytes]","args":[]}
COMMAND: POST /session/a0fa65e418457f6e1528b16bc1e26f2c/actions - {"actions":[{"id":"action63","type":"wheel","parameters":{},"actions":[{"type":"scroll","x":-1888,"y":-32,"deltaX":0,"deltaY":0,"duration":0,"origin":{"element-6066-11e4-a52e-4f735466cecf":"f.6300CB9FC90E916FB2ACF31257920715.d.61847414FF143BE38C5BF7188457CF72.e.19667"}}]}]}
COMMAND: GET /session/a0fa65e418457f6e1528b16bc1e26f2c/screenshot - {}
RESULT: {}
COMMAND: POST /session/a0fa65e418457f6e1528b16bc1e26f2c/execute/sync - {"script":"<script> [79 bytes]","args":[{"element-6066-11e4-a52e-4f735466cecf":"f.6300CB9FC90E916FB2ACF31257920715.d.61847414FF143BE38C5BF7188457CF72.e.19667","ELEMENT":"f.6300CB9FC90E916FB2ACF31257920715.d.61847414FF143BE38C5BF7188457CF72.e.19667"},{"block":"start","inline":"nearest"}]}
RESULT: {"script":"<script> [79 bytes]","args":[{"element-6066-11e4-a52e-4f735466cecf":"f.6300CB9FC90E916FB2ACF31257920715.d.61847414FF143BE38C5BF7188457CF72.e.19667","ELEMENT":"f.6300CB9FC90E916FB2ACF31257920715.d.61847414FF143BE38C5BF7188457CF72.e.19667"},{"block":"start","inline":"nearest"}]}
COMMAND: POST /session/a0fa65e418457f6e1528b16bc1e26f2c/execute/async - {"script":"<script> [1562 bytes]","args":[{"selector":{"id":"application-manageresources-display-component---newResourceUnit--btnAddTimeSegment","interaction":{"idSuffix":"inner"}},"wdio_ui5_key":"applicationmanageresources-display-component---newResourceUnit--btnAddTimeSegment"}]}
COMMAND: GET /session/a0fa65e418457f6e1528b16bc1e26f2c/screenshot - {}
RESULT: {"script":"<script> [1562 bytes]","args":[{"selector":{"id":"application-manageresources-display-component---newResourceUnit--btnAddTimeSegment","interaction":{"idSuffix":"inner"}},"wdio_ui5_key":"applicationmanageresources-display-component---newResourceUnit--btnAddTimeSegment"}]}
RESULT: undefined
COMMAND: POST /session/a0fa65e418457f6e1528b16bc1e26f2c/element - {"using":"xpath","value":"//*[@id=\"application-manageresources-display-component---newResourceUnit--btnAddTimeSegment\"]"}
RESULT: {}
RESULT: {"using":"xpath","value":"//*[@id=\"application-manageresources-display-component---newResourceUnit--btnAddTimeSegment\"]"}
COMMAND: POST /session/a0fa65e418457f6e1528b16bc1e26f2c/element/f.6300CB9FC90E916FB2ACF31257920715.d.61847414FF143BE38C5BF7188457CF72.e.19667/click - {}
RESULT: {}
COMMAND: GET /session/a0fa65e418457f6e1528b16bc1e26f2c/screenshot - {}
RESULT: {}
COMMAND: POST /session/a0fa65e418457f6e1528b16bc1e26f2c/element - {"using":"xpath","value":"//input[@id=\"application-manageresources-display-component---newResourceUnit--idRuTSAdmin-application-manageresources-display-component---newResourceUnit--RUTimeSegment-0-inner\"]"}
RESULT: {"using":"xpath","value":"//input[@id=\"application-manageresources-display-component---newResourceUnit--idRuTSAdmin-application-manageresources-display-component---newResourceUnit--RUTimeSegment-0-inner\"]"}
COMMAND: POST /session/a0fa65e418457f6e1528b16bc1e26f2c/element/f.6300CB9FC90E916FB2ACF31257920715.d.61847414FF143BE38C5BF7188457CF72.e.19672/clear - {}
RESULT: {}
COMMAND: POST /session/a0fa65e418457f6e1528b16bc1e26f2c/element/f.6300CB9FC90E916FB2ACF31257920715.d.61847414FF143BE38C5BF7188457CF72.e.19672/value - {"text":"495"}
COMMAND: GET /session/a0fa65e418457f6e1528b16bc1e26f2c/screenshot - {}
RESULT: {"text":"495"}
COMMAND: GET /session/a0fa65e418457f6e1528b16bc1e26f2c/screenshot - {}
RESULT: {}
RESULT: {}
COMMAND: POST /session/a0fa65e418457f6e1528b16bc1e26f2c/element - {"using":"xpath","value":"//li[.//span[text()='495']]"}
RESULT: {"using":"xpath","value":"//li[.//span[text()='495']]"}
COMMAND: POST /session/a0fa65e418457f6e1528b16bc1e26f2c/element/f.6300CB9FC90E916FB2ACF31257920715.d.61847414FF143BE38C5BF7188457CF72.e.19682/click - {}
RESULT: {}
COMMAND: GET /session/a0fa65e418457f6e1528b16bc1e26f2c/screenshot - {}
RESULT: {}
COMMAND: POST /session/a0fa65e418457f6e1528b16bc1e26f2c/element - {"using":"xpath","value":"(//span[contains(@id, \"-application-manageresources-display-component---newResourceUnit--RUTimeSegment-0-arrow\")])[2]"}
RESULT: {"using":"xpath","value":"(//span[contains(@id, \"-application-manageresources-display-component---newResourceUnit--RUTimeSegment-0-arrow\")])[2]"}
COMMAND: POST /session/a0fa65e418457f6e1528b16bc1e26f2c/element/f.6300CB9FC90E916FB2ACF31257920715.d.61847414FF143BE38C5BF7188457CF72.e.19683/click - {}
RESULT: {}
COMMAND: POST /session/a0fa65e418457f6e1528b16bc1e26f2c/element - {"using":"xpath","value":"//span[contains(text(), \"PM Order\")]"}
COMMAND: GET /session/a0fa65e418457f6e1528b16bc1e26f2c/screenshot - {}
RESULT: {"using":"xpath","value":"//span[contains(text(), \"PM Order\")]"}
COMMAND: POST /session/a0fa65e418457f6e1528b16bc1e26f2c/element/f.6300CB9FC90E916FB2ACF31257920715.d.61847414FF143BE38C5BF7188457CF72.e.19684/click - {}
RESULT: {}
RESULT: {}
COMMAND: GET /session/a0fa65e418457f6e1528b16bc1e26f2c/screenshot - {}
RESULT: {}
COMMAND: POST /session/a0fa65e418457f6e1528b16bc1e26f2c/element - {"using":"xpath","value":"//td/div/div/div/span[contains(@id, \"newResourceUnit--RUTimeSegment-0-vhi\")][1]"}
RESULT: {"using":"xpath","value":"//td/div/div/div/span[contains(@id, \"newResourceUnit--RUTimeSegment-0-vhi\")][1]"}
COMMAND: GET /session/a0fa65e418457f6e1528b16bc1e26f2c/element/f.6300CB9FC90E916FB2ACF31257920715.d.61847414FF143BE38C5BF7188457CF72.e.19688/rect - {}
RESULT: {}
COMMAND: GET /session/a0fa65e418457f6e1528b16bc1e26f2c/window/rect - {}
RESULT: {}
COMMAND: POST /session/a0fa65e418457f6e1528b16bc1e26f2c/execute/sync - {"script":"<script> [92 bytes]","args":[]}
RESULT: {"script":"<script> [92 bytes]","args":[]}
COMMAND: POST /session/a0fa65e418457f6e1528b16bc1e26f2c/actions - {"actions":[{"id":"action64","type":"wheel","parameters":{},"actions":[{"type":"scroll","x":-1888,"y":-24,"deltaX":0,"deltaY":0,"duration":0,"origin":{"element-6066-11e4-a52e-4f735466cecf":"f.6300CB9FC90E916FB2ACF31257920715.d.61847414FF143BE38C5BF7188457CF72.e.19688"}}]}]}
COMMAND: GET /session/a0fa65e418457f6e1528b16bc1e26f2c/screenshot - {}
RESULT: {}
COMMAND: POST /session/a0fa65e418457f6e1528b16bc1e26f2c/execute/sync - {"script":"<script> [79 bytes]","args":[{"element-6066-11e4-a52e-4f735466cecf":"f.6300CB9FC90E916FB2ACF31257920715.d.61847414FF143BE38C5BF7188457CF72.e.19688","ELEMENT":"f.6300CB9FC90E916FB2ACF31257920715.d.61847414FF143BE38C5BF7188457CF72.e.19688"},{"block":"start","inline":"nearest"}]}
RESULT: {"script":"<script> [79 bytes]","args":[{"element-6066-11e4-a52e-4f735466cecf":"f.6300CB9FC90E916FB2ACF31257920715.d.61847414FF143BE38C5BF7188457CF72.e.19688","ELEMENT":"f.6300CB9FC90E916FB2ACF31257920715.d.61847414FF143BE38C5BF7188457CF72.e.19688"},{"block":"start","inline":"nearest"}]}
COMMAND: GET /session/a0fa65e418457f6e1528b16bc1e26f2c/screenshot - {}
RESULT: {}
COMMAND: POST /session/a0fa65e418457f6e1528b16bc1e26f2c/element/f.6300CB9FC90E916FB2ACF31257920715.d.61847414FF143BE38C5BF7188457CF72.e.19688/click - {}
RESULT: {}
COMMAND: GET /session/a0fa65e418457f6e1528b16bc1e26f2c/screenshot - {}
RESULT: {}
COMMAND: POST /session/a0fa65e418457f6e1528b16bc1e26f2c/execute/async - {"script":"<script> [1562 bytes]","args":[{"selector":{"controlType":"sap.m.SearchField","properties":{"placeholder":"Search"},"searchOpenDialogs":true,"interaction":{"idSuffix":"I"}},"wdio_ui5_key":"sapm.SearchField{\"placeholder\":\"Search\"}"}]}
RESULT: {"script":"<script> [1562 bytes]","args":[{"selector":{"controlType":"sap.m.SearchField","properties":{"placeholder":"Search"},"searchOpenDialogs":true,"interaction":{"idSuffix":"I"}},"wdio_ui5_key":"sapm.SearchField{\"placeholder\":\"Search\"}"}]}
RESULT: undefined
COMMAND: POST /session/a0fa65e418457f6e1528b16bc1e26f2c/execute/async - {"script":"<script> [776 bytes]","args":[{"enterText":"4000360","selector":{"controlType":"sap.m.SearchField","properties":{"placeholder":"Search"},"searchOpenDialogs":true,"interaction":{"idSuffix":"I"}},"clearTextFirst":true,"interactionType":"ENTER_TEXT"}]}
RESULT: {"script":"<script> [776 bytes]","args":[{"enterText":"4000360","selector":{"controlType":"sap.m.SearchField","properties":{"placeholder":"Search"},"searchOpenDialogs":true,"interaction":{"idSuffix":"I"}},"clearTextFirst":true,"interactionType":"ENTER_TEXT"}]}
COMMAND: POST /session/a0fa65e418457f6e1528b16bc1e26f2c/actions - {"actions":[{"id":"action65","type":"key","parameters":{},"actions":[{"type":"keyDown","value":"î€‡"},{"type":"pause","duration":10},{"type":"keyUp","value":"î€‡"}]}]}
RESULT: {"actions":[{"id":"action65","type":"key","parameters":{},"actions":[{"type":"keyDown","value":"î€‡"},{"type":"pause","duration":10},{"type":"keyUp","value":"î€‡"}]}]}
COMMAND: GET /session/a0fa65e418457f6e1528b16bc1e26f2c/screenshot - {}
RESULT: {}
COMMAND: POST /session/a0fa65e418457f6e1528b16bc1e26f2c/element - {"using":"xpath","value":"//td/div/span[contains(text(), \"BGL Vehicles\")]"}
RESULT: {"using":"xpath","value":"//td/div/span[contains(text(), \"BGL Vehicles\")]"}
COMMAND: POST /session/a0fa65e418457f6e1528b16bc1e26f2c/element/f.6300CB9FC90E916FB2ACF31257920715.d.61847414FF143BE38C5BF7188457CF72.e.19709/click - {}
RESULT: {}
COMMAND: GET /session/a0fa65e418457f6e1528b16bc1e26f2c/screenshot - {}
RESULT: {}
COMMAND: POST /session/a0fa65e418457f6e1528b16bc1e26f2c/element - {"using":"xpath","value":"//bdi[contains(text(), \"OK\")]"}
RESULT: {"using":"xpath","value":"//bdi[contains(text(), \"OK\")]"}
COMMAND: POST /session/a0fa65e418457f6e1528b16bc1e26f2c/element/f.6300CB9FC90E916FB2ACF31257920715.d.61847414FF143BE38C5BF7188457CF72.e.19710/click - {}
RESULT: {}
COMMAND: GET /session/a0fa65e418457f6e1528b16bc1e26f2c/screenshot - {}
RESULT: {}
COMMAND: POST /session/a0fa65e418457f6e1528b16bc1e26f2c/element - {"using":"xpath","value":"//label[contains(@class, 'sapMLabelRequired') and .//bdi[contains(text(), 'Planned Retirement')]]"}
RESULT: {"using":"xpath","value":"//label[contains(@class, 'sapMLabelRequired') and .//bdi[contains(text(), 'Planned Retirement')]]"}
COMMAND: POST /session/a0fa65e418457f6e1528b16bc1e26f2c/elements - {"using":"xpath","value":"//label[contains(@class, 'sapMLabelRequired') and .//bdi[contains(text(), 'Planned Retirement')]]"}
RESULT: {"using":"xpath","value":"//label[contains(@class, 'sapMLabelRequired') and .//bdi[contains(text(), 'Planned Retirement')]]"}
COMMAND: POST /session/a0fa65e418457f6e1528b16bc1e26f2c/element - {"using":"xpath","value":"//button[@data-kt=\"resourceUnitSaveButton\"]"}
RESULT: {"using":"xpath","value":"//button[@data-kt=\"resourceUnitSaveButton\"]"}
COMMAND: POST /session/a0fa65e418457f6e1528b16bc1e26f2c/element/f.6300CB9FC90E916FB2ACF31257920715.d.61847414FF143BE38C5BF7188457CF72.e.19609/click - {}
RESULT: {}
COMMAND: GET /session/a0fa65e418457f6e1528b16bc1e26f2c/screenshot - {}
RESULT: {}
COMMAND: POST /session/a0fa65e418457f6e1528b16bc1e26f2c/element - {"using":"xpath","value":"//bdi[contains(text(), \"Close\")]"}
RESULT: {"using":"xpath","value":"//bdi[contains(text(), \"Close\")]"}
COMMAND: POST /session/a0fa65e418457f6e1528b16bc1e26f2c/element/f.6300CB9FC90E916FB2ACF31257920715.d.61847414FF143BE38C5BF7188457CF72.e.19716/click - {}
RESULT: {}
COMMAND: GET /session/a0fa65e418457f6e1528b16bc1e26f2c/screenshot - {}
RESULT: {}
COMMAND: POST /session/a0fa65e418457f6e1528b16bc1e26f2c/element - {"using":"xpath","value":"//header[contains(@id, 'detailRruPage-headerTitle')]/div[1]/div[2]/div[2]/span[1]"}
RESULT: {"using":"xpath","value":"//header[contains(@id, 'detailRruPage-headerTitle')]/div[1]/div[2]/div[2]/span[1]"}
COMMAND: POST /session/a0fa65e418457f6e1528b16bc1e26f2c/elements - {"using":"xpath","value":"//header[contains(@id, 'detailRruPage-headerTitle')]/div[1]/div[2]/div[2]/span[1]"}
RESULT: {"using":"xpath","value":"//header[contains(@id, 'detailRruPage-headerTitle')]/div[1]/div[2]/div[2]/span[1]"}
COMMAND: POST /session/a0fa65e418457f6e1528b16bc1e26f2c/execute/sync - {"script":"<script> [56 bytes]","args":[{"element-6066-11e4-a52e-4f735466cecf":"f.6300CB9FC90E916FB2ACF31257920715.d.61847414FF143BE38C5BF7188457CF72.e.19744","ELEMENT":"f.6300CB9FC90E916FB2ACF31257920715.d.61847414FF143BE38C5BF7188457CF72.e.19744"}]}
RESULT: {"script":"<script> [56 bytes]","args":[{"element-6066-11e4-a52e-4f735466cecf":"f.6300CB9FC90E916FB2ACF31257920715.d.61847414FF143BE38C5BF7188457CF72.e.19744","ELEMENT":"f.6300CB9FC90E916FB2ACF31257920715.d.61847414FF143BE38C5BF7188457CF72.e.19744"}]}
COMMAND: POST /session/a0fa65e418457f6e1528b16bc1e26f2c/element - {"using":"css selector","value":"#shell-header-logo"}
COMMAND: GET /session/a0fa65e418457f6e1528b16bc1e26f2c/screenshot - {}
RESULT: {"using":"css selector","value":"#shell-header-logo"}
COMMAND: POST /session/a0fa65e418457f6e1528b16bc1e26f2c/element/f.6300CB9FC90E916FB2ACF31257920715.d.61847414FF143BE38C5BF7188457CF72.e.19199/click - {}
RESULT: {}
RESULT: {}
COMMAND: GET /session/a0fa65e418457f6e1528b16bc1e26f2c/screenshot - {}
RESULT: {}
]]></system-out>
    </testcase>
    <testcase classname="chrome.136_0_7103_93.windows.Return_from_Site_w/_warehouse_management_w/_clarification_US125588" name="Bin Status Report Should Create New Organization yard" time="0.004" />
    <testcase classname="chrome.136_0_7103_93.windows.Return_from_Site_w/_warehouse_management_w/_clarification_US125588" name="Bin Status Report Should Create New Organization for Site" time="0.003" />
  </testsuite>
  <testsuite timestamp="2025-05-17T17:12:09" time="443.469" tests="7" failures="1" errors="1" skipped="0">
    <properties>
      <property name="specId" value="0" />
      <property name="suiteName" value="Return from Site w/ warehouse management w clarification" />
      <property name="capabilities" value="chrome.136_0_7103_93.windows" />
      <property name="file" value="file:///D:/a/1/s/test/specs/HTR/return-from-site-w-warehouse-management-w-clarification.spec.js" />
    </properties>
    <testcase classname="chrome.136_0_7103_93.windows.Return_from_Site_w/_warehouse_management_w_clarification" name="Should do a stock increase handover" time="84.041">
      <system-out><![CDATA[
COMMAND: POST /session/a0fa65e418457f6e1528b16bc1e26f2c/execute/async - {"script":"<script> [1562 bytes]","args":[{"selector":{"controlType":"sap.m.GenericTile","properties":{"header":"Manage Handovers"}},"wdio_ui5_key":"sapm.GenericTile{\"header\":\"Manage Handovers\"}"}]}
RESULT: {"script":"<script> [1562 bytes]","args":[{"selector":{"controlType":"sap.m.GenericTile","properties":{"header":"Manage Handovers"}},"wdio_ui5_key":"sapm.GenericTile{\"header\":\"Manage Handovers\"}"}]}
RESULT: undefined
COMMAND: POST /session/a0fa65e418457f6e1528b16bc1e26f2c/element - {"using":"xpath","value":"//*[@id=\"__tile132\"]"}
RESULT: {"using":"xpath","value":"//*[@id=\"__tile132\"]"}
COMMAND: POST /session/a0fa65e418457f6e1528b16bc1e26f2c/element/f.6300CB9FC90E916FB2ACF31257920715.d.61847414FF143BE38C5BF7188457CF72.e.19175/click - {}
RESULT: {}
COMMAND: GET /session/a0fa65e418457f6e1528b16bc1e26f2c/screenshot - {}
RESULT: {}
COMMAND: POST /session/a0fa65e418457f6e1528b16bc1e26f2c/elements - {"using":"xpath","value":"//span[text()='Error']"}
RESULT: {"using":"xpath","value":"//span[text()='Error']"}
COMMAND: POST /session/a0fa65e418457f6e1528b16bc1e26f2c/element - {"using":"xpath","value":"//button[@data-kt=\"masterHOAddButton\"]"}
RESULT: {"using":"xpath","value":"//button[@data-kt=\"masterHOAddButton\"]"}
COMMAND: POST /session/a0fa65e418457f6e1528b16bc1e26f2c/elements - {"using":"xpath","value":"//button[@data-kt=\"masterHOAddButton\"]"}
RESULT: {"using":"xpath","value":"//button[@data-kt=\"masterHOAddButton\"]"}
COMMAND: POST /session/a0fa65e418457f6e1528b16bc1e26f2c/execute/sync - {"script":"<script> [8489 bytes]","args":[{"element-6066-11e4-a52e-4f735466cecf":"f.6300CB9FC90E916FB2ACF31257920715.d.61847414FF143BE38C5BF7188457CF72.e.19786","ELEMENT":"f.6300CB9FC90E916FB2ACF31257920715.d.61847414FF143BE38C5BF7188457CF72.e.19786"}]}
RESULT: {"script":"<script> [8489 bytes]","args":[{"element-6066-11e4-a52e-4f735466cecf":"f.6300CB9FC90E916FB2ACF31257920715.d.61847414FF143BE38C5BF7188457CF72.e.19786","ELEMENT":"f.6300CB9FC90E916FB2ACF31257920715.d.61847414FF143BE38C5BF7188457CF72.e.19786"}]}
COMMAND: GET /session/a0fa65e418457f6e1528b16bc1e26f2c/element/f.6300CB9FC90E916FB2ACF31257920715.d.61847414FF143BE38C5BF7188457CF72.e.19786/enabled - {}
COMMAND: GET /session/a0fa65e418457f6e1528b16bc1e26f2c/screenshot - {}
RESULT: {}
COMMAND: POST /session/a0fa65e418457f6e1528b16bc1e26f2c/execute/sync - {"script":"<script> [8489 bytes]","args":[{"element-6066-11e4-a52e-4f735466cecf":"f.6300CB9FC90E916FB2ACF31257920715.d.61847414FF143BE38C5BF7188457CF72.e.19786","ELEMENT":"f.6300CB9FC90E916FB2ACF31257920715.d.61847414FF143BE38C5BF7188457CF72.e.19786"}]}
COMMAND: GET /session/a0fa65e418457f6e1528b16bc1e26f2c/screenshot - {}
RESULT: {}
RESULT: {"script":"<script> [8489 bytes]","args":[{"element-6066-11e4-a52e-4f735466cecf":"f.6300CB9FC90E916FB2ACF31257920715.d.61847414FF143BE38C5BF7188457CF72.e.19786","ELEMENT":"f.6300CB9FC90E916FB2ACF31257920715.d.61847414FF143BE38C5BF7188457CF72.e.19786"}]}
COMMAND: POST /session/a0fa65e418457f6e1528b16bc1e26f2c/execute/sync - {"script":"<script> [5351 bytes]","args":[{"element-6066-11e4-a52e-4f735466cecf":"f.6300CB9FC90E916FB2ACF31257920715.d.61847414FF143BE38C5BF7188457CF72.e.19786","ELEMENT":"f.6300CB9FC90E916FB2ACF31257920715.d.61847414FF143BE38C5BF7188457CF72.e.19786"}]}
COMMAND: GET /session/a0fa65e418457f6e1528b16bc1e26f2c/screenshot - {}
RESULT: {}
RESULT: {"script":"<script> [5351 bytes]","args":[{"element-6066-11e4-a52e-4f735466cecf":"f.6300CB9FC90E916FB2ACF31257920715.d.61847414FF143BE38C5BF7188457CF72.e.19786","ELEMENT":"f.6300CB9FC90E916FB2ACF31257920715.d.61847414FF143BE38C5BF7188457CF72.e.19786"}]}
COMMAND: POST /session/a0fa65e418457f6e1528b16bc1e26f2c/element/f.6300CB9FC90E916FB2ACF31257920715.d.61847414FF143BE38C5BF7188457CF72.e.19786/click - {}
COMMAND: GET /session/a0fa65e418457f6e1528b16bc1e26f2c/screenshot - {}
RESULT: {}
RESULT: {}
COMMAND: GET /session/a0fa65e418457f6e1528b16bc1e26f2c/screenshot - {}
RESULT: {}
RESULT: {}
COMMAND: POST /session/a0fa65e418457f6e1528b16bc1e26f2c/element - {"using":"xpath","value":"//span[contains(@id ,\"AddNewHO--typeSelect-arrow\")]"}
RESULT: {"using":"xpath","value":"//span[contains(@id ,\"AddNewHO--typeSelect-arrow\")]"}
COMMAND: POST /session/a0fa65e418457f6e1528b16bc1e26f2c/element/f.6300CB9FC90E916FB2ACF31257920715.d.61847414FF143BE38C5BF7188457CF72.e.20135/click - {}
RESULT: {}
COMMAND: GET /session/a0fa65e418457f6e1528b16bc1e26f2c/screenshot - {}
RESULT: {}
COMMAND: POST /session/a0fa65e418457f6e1528b16bc1e26f2c/element - {"using":"xpath","value":"(//li[contains(text(), \"stock increase yard\")])[1]"}
RESULT: {"using":"xpath","value":"(//li[contains(text(), \"stock increase yard\")])[1]"}
COMMAND: POST /session/a0fa65e418457f6e1528b16bc1e26f2c/element/f.6300CB9FC90E916FB2ACF31257920715.d.61847414FF143BE38C5BF7188457CF72.e.20136/click - {}
RESULT: {}
COMMAND: GET /session/a0fa65e418457f6e1528b16bc1e26f2c/screenshot - {}
RESULT: {}
COMMAND: POST /session/a0fa65e418457f6e1528b16bc1e26f2c/execute/async - {"script":"<script> [1562 bytes]","args":[{"selector":{"id":"application-managehandovers-display-component---AddNewHO--dueDate","interaction":{"idSuffix":"inner"}},"wdio_ui5_key":"applicationmanagehandovers-display-component---AddNewHO--dueDate"}]}
RESULT: {"script":"<script> [1562 bytes]","args":[{"selector":{"id":"application-managehandovers-display-component---AddNewHO--dueDate","interaction":{"idSuffix":"inner"}},"wdio_ui5_key":"applicationmanagehandovers-display-component---AddNewHO--dueDate"}]}
RESULT: undefined
COMMAND: POST /session/a0fa65e418457f6e1528b16bc1e26f2c/execute/async - {"script":"<script> [6424 bytes]","args":[{"element-6066-11e4-a52e-4f735466cecf":"f.6300CB9FC90E916FB2ACF31257920715.d.61847414FF143BE38C5BF7188457CF72.e.20138"},"setValue",["5/17/25"]]}
RESULT: {"script":"<script> [6424 bytes]","args":[{"element-6066-11e4-a52e-4f735466cecf":"f.6300CB9FC90E916FB2ACF31257920715.d.61847414FF143BE38C5BF7188457CF72.e.20138"},"setValue",["5/17/25"]]}
COMMAND: POST /session/a0fa65e418457f6e1528b16bc1e26f2c/element - {"using":"xpath","value":"//input[@id=\"generalSectionFrg--receiveYard-inner\"]"}
RESULT: {"using":"xpath","value":"//input[@id=\"generalSectionFrg--receiveYard-inner\"]"}
COMMAND: POST /session/a0fa65e418457f6e1528b16bc1e26f2c/element/f.6300CB9FC90E916FB2ACF31257920715.d.61847414FF143BE38C5BF7188457CF72.e.20142/clear - {}
RESULT: {}
COMMAND: POST /session/a0fa65e418457f6e1528b16bc1e26f2c/element/f.6300CB9FC90E916FB2ACF31257920715.d.61847414FF143BE38C5BF7188457CF72.e.20142/value - {"text":"495"}
COMMAND: GET /session/a0fa65e418457f6e1528b16bc1e26f2c/screenshot - {}
RESULT: {}
RESULT: {"text":"495"}
COMMAND: GET /session/a0fa65e418457f6e1528b16bc1e26f2c/screenshot - {}
RESULT: {}
COMMAND: POST /session/a0fa65e418457f6e1528b16bc1e26f2c/element - {"using":"xpath","value":"//li[.//span[text()='495']]"}
RESULT: {"using":"xpath","value":"//li[.//span[text()='495']]"}
COMMAND: POST /session/a0fa65e418457f6e1528b16bc1e26f2c/element/f.6300CB9FC90E916FB2ACF31257920715.d.61847414FF143BE38C5BF7188457CF72.e.20160/click - {}
RESULT: {}
COMMAND: GET /session/a0fa65e418457f6e1528b16bc1e26f2c/screenshot - {}
RESULT: {}
COMMAND: POST /session/a0fa65e418457f6e1528b16bc1e26f2c/execute/async - {"script":"<script> [1562 bytes]","args":[{"selector":{"id":"application-managehandovers-display-component---AddNewHO--ObjectPageLayout-anchBar-application-managehandovers-display-component---AddNewHO--section4-anchor","interaction":{"idSuffix":"BDI-content"}},"wdio_ui5_key":"applicationmanagehandovers-display-component---AddNewHO--ObjectPageLayout-anchBar-application-managehandovers-display-component---AddNewHO--section4-anchor"}]}
RESULT: {"script":"<script> [1562 bytes]","args":[{"selector":{"id":"application-managehandovers-display-component---AddNewHO--ObjectPageLayout-anchBar-application-managehandovers-display-component---AddNewHO--section4-anchor","interaction":{"idSuffix":"BDI-content"}},"wdio_ui5_key":"applicationmanagehandovers-display-component---AddNewHO--ObjectPageLayout-anchBar-application-managehandovers-display-component---AddNewHO--section4-anchor"}]}
RESULT: undefined
COMMAND: POST /session/a0fa65e418457f6e1528b16bc1e26f2c/element - {"using":"xpath","value":"//*[@id=\"application-managehandovers-display-component---AddNewHO--ObjectPageLayout-anchBar-application-managehandovers-display-component---AddNewHO--section4-anchor\"]"}
RESULT: {"using":"xpath","value":"//*[@id=\"application-managehandovers-display-component---AddNewHO--ObjectPageLayout-anchBar-application-managehandovers-display-component---AddNewHO--section4-anchor\"]"}
COMMAND: POST /session/a0fa65e418457f6e1528b16bc1e26f2c/element/f.6300CB9FC90E916FB2ACF31257920715.d.61847414FF143BE38C5BF7188457CF72.e.20162/click - {}
RESULT: {}
COMMAND: POST /session/a0fa65e418457f6e1528b16bc1e26f2c/element - {"using":"xpath","value":"//button[@aria-label=\"Add\"]"}
COMMAND: GET /session/a0fa65e418457f6e1528b16bc1e26f2c/screenshot - {}
RESULT: {"using":"xpath","value":"//button[@aria-label=\"Add\"]"}
COMMAND: POST /session/a0fa65e418457f6e1528b16bc1e26f2c/element/f.6300CB9FC90E916FB2ACF31257920715.d.61847414FF143BE38C5BF7188457CF72.e.20164/click - {}
RESULT: {}
RESULT: {}
COMMAND: GET /session/a0fa65e418457f6e1528b16bc1e26f2c/screenshot - {}
RESULT: {}
COMMAND: POST /session/a0fa65e418457f6e1528b16bc1e26f2c/execute/async - {"script":"<script> [1562 bytes]","args":[{"selector":{"id":"application-managehandovers-display-component---AddNewHO--smartFilterBar-btnBasicSearch","searchOpenDialogs":true,"interaction":{"idSuffix":"I"}},"wdio_ui5_key":"applicationmanagehandovers-display-component---AddNewHO--smartFilterBar-btnBasicSearch"}]}
RESULT: {"script":"<script> [1562 bytes]","args":[{"selector":{"id":"application-managehandovers-display-component---AddNewHO--smartFilterBar-btnBasicSearch","searchOpenDialogs":true,"interaction":{"idSuffix":"I"}},"wdio_ui5_key":"applicationmanagehandovers-display-component---AddNewHO--smartFilterBar-btnBasicSearch"}]}
RESULT: undefined
COMMAND: POST /session/a0fa65e418457f6e1528b16bc1e26f2c/execute/async - {"script":"<script> [776 bytes]","args":[{"enterText":"200259","selector":{"id":"application-managehandovers-display-component---AddNewHO--smartFilterBar-btnBasicSearch","searchOpenDialogs":true,"interaction":{"idSuffix":"I"}},"clearTextFirst":true,"interactionType":"ENTER_TEXT"}]}
RESULT: {"script":"<script> [776 bytes]","args":[{"enterText":"200259","selector":{"id":"application-managehandovers-display-component---AddNewHO--smartFilterBar-btnBasicSearch","searchOpenDialogs":true,"interaction":{"idSuffix":"I"}},"clearTextFirst":true,"interactionType":"ENTER_TEXT"}]}
COMMAND: POST /session/a0fa65e418457f6e1528b16bc1e26f2c/actions - {"actions":[{"id":"action66","type":"key","parameters":{},"actions":[{"type":"keyDown","value":"î€‡"},{"type":"pause","duration":10},{"type":"keyUp","value":"î€‡"}]}]}
RESULT: {"actions":[{"id":"action66","type":"key","parameters":{},"actions":[{"type":"keyDown","value":"î€‡"},{"type":"pause","duration":10},{"type":"keyUp","value":"î€‡"}]}]}
COMMAND: GET /session/a0fa65e418457f6e1528b16bc1e26f2c/screenshot - {}
RESULT: {}
COMMAND: POST /session/a0fa65e418457f6e1528b16bc1e26f2c/execute/async - {"script":"<script> [1562 bytes]","args":[{"selector":{"id":"application-managehandovers-display-component---AddNewHO--popup-sa","searchOpenDialogs":true,"interaction":{"idSuffix":"CbBg"}},"wdio_ui5_key":"applicationmanagehandovers-display-component---AddNewHO--popup-sa"}]}
RESULT: {"script":"<script> [1562 bytes]","args":[{"selector":{"id":"application-managehandovers-display-component---AddNewHO--popup-sa","searchOpenDialogs":true,"interaction":{"idSuffix":"CbBg"}},"wdio_ui5_key":"applicationmanagehandovers-display-component---AddNewHO--popup-sa"}]}
RESULT: undefined
COMMAND: POST /session/a0fa65e418457f6e1528b16bc1e26f2c/element - {"using":"xpath","value":"//*[@id=\"application-managehandovers-display-component---AddNewHO--popup-sa\"]"}
RESULT: {"using":"xpath","value":"//*[@id=\"application-managehandovers-display-component---AddNewHO--popup-sa\"]"}
COMMAND: POST /session/a0fa65e418457f6e1528b16bc1e26f2c/element/f.6300CB9FC90E916FB2ACF31257920715.d.61847414FF143BE38C5BF7188457CF72.e.20318/click - {}
RESULT: {}
COMMAND: GET /session/a0fa65e418457f6e1528b16bc1e26f2c/screenshot - {}
RESULT: {}
COMMAND: POST /session/a0fa65e418457f6e1528b16bc1e26f2c/element - {"using":"xpath","value":"//bdi[contains(text(), \"Select\")]"}
RESULT: {"using":"xpath","value":"//bdi[contains(text(), \"Select\")]"}
COMMAND: POST /session/a0fa65e418457f6e1528b16bc1e26f2c/element/f.6300CB9FC90E916FB2ACF31257920715.d.61847414FF143BE38C5BF7188457CF72.e.20319/click - {}
RESULT: {}
COMMAND: GET /session/a0fa65e418457f6e1528b16bc1e26f2c/screenshot - {}
RESULT: {}
COMMAND: POST /session/a0fa65e418457f6e1528b16bc1e26f2c/element - {"using":"xpath","value":"//button[@data-kt=\"AddNewHOSaveButton\"]"}
RESULT: {"using":"xpath","value":"//button[@data-kt=\"AddNewHOSaveButton\"]"}
COMMAND: POST /session/a0fa65e418457f6e1528b16bc1e26f2c/element/f.6300CB9FC90E916FB2ACF31257920715.d.61847414FF143BE38C5BF7188457CF72.e.20323/click - {}
RESULT: {}
COMMAND: GET /session/a0fa65e418457f6e1528b16bc1e26f2c/screenshot - {}
RESULT: {}
COMMAND: POST /session/a0fa65e418457f6e1528b16bc1e26f2c/execute/async - {"script":"<script> [1562 bytes]","args":[{"selector":{"id":"receiptDatePicker","viewName":"etm.portal.ui.managehandovers.view.DetailExecuteHO","interaction":{"idSuffix":"inner"}},"wdio_ui5_key":"receiptDatePickeretmportal.ui.managehandovers.view.DetailExecuteHO"}]}
RESULT: {"script":"<script> [1562 bytes]","args":[{"selector":{"id":"receiptDatePicker","viewName":"etm.portal.ui.managehandovers.view.DetailExecuteHO","interaction":{"idSuffix":"inner"}},"wdio_ui5_key":"receiptDatePickeretmportal.ui.managehandovers.view.DetailExecuteHO"}]}
RESULT: undefined
COMMAND: POST /session/a0fa65e418457f6e1528b16bc1e26f2c/execute/async - {"script":"<script> [6424 bytes]","args":[{"element-6066-11e4-a52e-4f735466cecf":"f.6300CB9FC90E916FB2ACF31257920715.d.61847414FF143BE38C5BF7188457CF72.e.20340"},"setValue",["5/17/25"]]}
RESULT: {"script":"<script> [6424 bytes]","args":[{"element-6066-11e4-a52e-4f735466cecf":"f.6300CB9FC90E916FB2ACF31257920715.d.61847414FF143BE38C5BF7188457CF72.e.20340"},"setValue",["5/17/25"]]}
COMMAND: POST /session/a0fa65e418457f6e1528b16bc1e26f2c/element - {"using":"xpath","value":"//button[@data-kt=\"PickingTableConfirmAllButton\"]"}
RESULT: {"using":"xpath","value":"//button[@data-kt=\"PickingTableConfirmAllButton\"]"}
COMMAND: POST /session/a0fa65e418457f6e1528b16bc1e26f2c/element/f.6300CB9FC90E916FB2ACF31257920715.d.61847414FF143BE38C5BF7188457CF72.e.20356/click - {}
RESULT: {}
COMMAND: GET /session/a0fa65e418457f6e1528b16bc1e26f2c/screenshot - {}
RESULT: {}
COMMAND: POST /session/a0fa65e418457f6e1528b16bc1e26f2c/element - {"using":"xpath","value":"//bdi[contains(text(), \"OK\")]"}
RESULT: {"using":"xpath","value":"//bdi[contains(text(), \"OK\")]"}
COMMAND: POST /session/a0fa65e418457f6e1528b16bc1e26f2c/element/f.6300CB9FC90E916FB2ACF31257920715.d.61847414FF143BE38C5BF7188457CF72.e.20358/click - {}
RESULT: {}
COMMAND: GET /session/a0fa65e418457f6e1528b16bc1e26f2c/screenshot - {}
RESULT: {}
COMMAND: POST /session/a0fa65e418457f6e1528b16bc1e26f2c/element - {"using":"xpath","value":"(//bdi[contains(text(), \"Receive\")])[2]"}
RESULT: {"using":"xpath","value":"(//bdi[contains(text(), \"Receive\")])[2]"}
COMMAND: POST /session/a0fa65e418457f6e1528b16bc1e26f2c/element/f.6300CB9FC90E916FB2ACF31257920715.d.61847414FF143BE38C5BF7188457CF72.e.20360/click - {}
RESULT: {}
COMMAND: GET /session/a0fa65e418457f6e1528b16bc1e26f2c/screenshot - {}
RESULT: {}
COMMAND: POST /session/a0fa65e418457f6e1528b16bc1e26f2c/element - {"using":"css selector","value":"#shell-header-logo"}
RESULT: {"using":"css selector","value":"#shell-header-logo"}
COMMAND: POST /session/a0fa65e418457f6e1528b16bc1e26f2c/element/f.6300CB9FC90E916FB2ACF31257920715.d.61847414FF143BE38C5BF7188457CF72.e.19747/click - {}
RESULT: {}
COMMAND: GET /session/a0fa65e418457f6e1528b16bc1e26f2c/screenshot - {}
RESULT: {}
]]></system-out>
    </testcase>
    <testcase classname="chrome.136_0_7103_93.windows.Return_from_Site_w/_warehouse_management_w_clarification" name="Should create a new contract" time="58.429">
      <system-out><![CDATA[
COMMAND: POST /session/a0fa65e418457f6e1528b16bc1e26f2c/execute/async - {"script":"<script> [1562 bytes]","args":[{"selector":{"controlType":"sap.m.GenericTile","properties":{"header":"Manage Contracts"}},"wdio_ui5_key":"sapm.GenericTile{\"header\":\"Manage Contracts\"}"}]}
RESULT: {"script":"<script> [1562 bytes]","args":[{"selector":{"controlType":"sap.m.GenericTile","properties":{"header":"Manage Contracts"}},"wdio_ui5_key":"sapm.GenericTile{\"header\":\"Manage Contracts\"}"}]}
RESULT: undefined
COMMAND: POST /session/a0fa65e418457f6e1528b16bc1e26f2c/element - {"using":"xpath","value":"//*[@id=\"__tile130\"]"}
RESULT: {"using":"xpath","value":"//*[@id=\"__tile130\"]"}
COMMAND: POST /session/a0fa65e418457f6e1528b16bc1e26f2c/element/f.6300CB9FC90E916FB2ACF31257920715.d.61847414FF143BE38C5BF7188457CF72.e.19115/click - {}
RESULT: {}
COMMAND: GET /session/a0fa65e418457f6e1528b16bc1e26f2c/screenshot - {}
RESULT: {}
COMMAND: POST /session/a0fa65e418457f6e1528b16bc1e26f2c/elements - {"using":"xpath","value":"//span[text()='Error']"}
RESULT: {"using":"xpath","value":"//span[text()='Error']"}
COMMAND: POST /session/a0fa65e418457f6e1528b16bc1e26f2c/element - {"using":"xpath","value":"//button[@data-kt=\"addButton\"]"}
RESULT: {"using":"xpath","value":"//button[@data-kt=\"addButton\"]"}
COMMAND: POST /session/a0fa65e418457f6e1528b16bc1e26f2c/elements - {"using":"xpath","value":"//button[@data-kt=\"addButton\"]"}
RESULT: {"using":"xpath","value":"//button[@data-kt=\"addButton\"]"}
COMMAND: POST /session/a0fa65e418457f6e1528b16bc1e26f2c/execute/sync - {"script":"<script> [8489 bytes]","args":[{"element-6066-11e4-a52e-4f735466cecf":"f.6300CB9FC90E916FB2ACF31257920715.d.61847414FF143BE38C5BF7188457CF72.e.20579","ELEMENT":"f.6300CB9FC90E916FB2ACF31257920715.d.61847414FF143BE38C5BF7188457CF72.e.20579"}]}
RESULT: {"script":"<script> [8489 bytes]","args":[{"element-6066-11e4-a52e-4f735466cecf":"f.6300CB9FC90E916FB2ACF31257920715.d.61847414FF143BE38C5BF7188457CF72.e.20579","ELEMENT":"f.6300CB9FC90E916FB2ACF31257920715.d.61847414FF143BE38C5BF7188457CF72.e.20579"}]}
COMMAND: GET /session/a0fa65e418457f6e1528b16bc1e26f2c/element/f.6300CB9FC90E916FB2ACF31257920715.d.61847414FF143BE38C5BF7188457CF72.e.20579/enabled - {}
COMMAND: GET /session/a0fa65e418457f6e1528b16bc1e26f2c/screenshot - {}
RESULT: {}
COMMAND: POST /session/a0fa65e418457f6e1528b16bc1e26f2c/execute/sync - {"script":"<script> [8489 bytes]","args":[{"element-6066-11e4-a52e-4f735466cecf":"f.6300CB9FC90E916FB2ACF31257920715.d.61847414FF143BE38C5BF7188457CF72.e.20579","ELEMENT":"f.6300CB9FC90E916FB2ACF31257920715.d.61847414FF143BE38C5BF7188457CF72.e.20579"}]}
COMMAND: GET /session/a0fa65e418457f6e1528b16bc1e26f2c/screenshot - {}
RESULT: {}
RESULT: {"script":"<script> [8489 bytes]","args":[{"element-6066-11e4-a52e-4f735466cecf":"f.6300CB9FC90E916FB2ACF31257920715.d.61847414FF143BE38C5BF7188457CF72.e.20579","ELEMENT":"f.6300CB9FC90E916FB2ACF31257920715.d.61847414FF143BE38C5BF7188457CF72.e.20579"}]}
COMMAND: POST /session/a0fa65e418457f6e1528b16bc1e26f2c/execute/sync - {"script":"<script> [5351 bytes]","args":[{"element-6066-11e4-a52e-4f735466cecf":"f.6300CB9FC90E916FB2ACF31257920715.d.61847414FF143BE38C5BF7188457CF72.e.20579","ELEMENT":"f.6300CB9FC90E916FB2ACF31257920715.d.61847414FF143BE38C5BF7188457CF72.e.20579"}]}
COMMAND: GET /session/a0fa65e418457f6e1528b16bc1e26f2c/screenshot - {}
RESULT: {}
RESULT: {"script":"<script> [5351 bytes]","args":[{"element-6066-11e4-a52e-4f735466cecf":"f.6300CB9FC90E916FB2ACF31257920715.d.61847414FF143BE38C5BF7188457CF72.e.20579","ELEMENT":"f.6300CB9FC90E916FB2ACF31257920715.d.61847414FF143BE38C5BF7188457CF72.e.20579"}]}
COMMAND: GET /session/a0fa65e418457f6e1528b16bc1e26f2c/screenshot - {}
RESULT: {}
RESULT: {}
COMMAND: POST /session/a0fa65e418457f6e1528b16bc1e26f2c/element/f.6300CB9FC90E916FB2ACF31257920715.d.61847414FF143BE38C5BF7188457CF72.e.20579/click - {}
RESULT: {}
COMMAND: GET /session/a0fa65e418457f6e1528b16bc1e26f2c/screenshot - {}
COMMAND: POST /session/a0fa65e418457f6e1528b16bc1e26f2c/execute/async - {"script":"<script> [1562 bytes]","args":[{"selector":{"id":"application-managecontracts-display-component---AddNewContract--projectDescription","interaction":{"idSuffix":"inner"}},"wdio_ui5_key":"applicationmanagecontracts-display-component---AddNewContract--projectDescription"}]}
RESULT: {}
RESULT: {"script":"<script> [1562 bytes]","args":[{"selector":{"id":"application-managecontracts-display-component---AddNewContract--projectDescription","interaction":{"idSuffix":"inner"}},"wdio_ui5_key":"applicationmanagecontracts-display-component---AddNewContract--projectDescription"}]}
RESULT: undefined
COMMAND: POST /session/a0fa65e418457f6e1528b16bc1e26f2c/execute/async - {"script":"<script> [776 bytes]","args":[{"enterText":"Contract WDIO","selector":{"id":"application-managecontracts-display-component---AddNewContract--projectDescription","interaction":{"idSuffix":"inner"}},"clearTextFirst":true,"interactionType":"ENTER_TEXT"}]}
RESULT: {"script":"<script> [776 bytes]","args":[{"enterText":"Contract WDIO","selector":{"id":"application-managecontracts-display-component---AddNewContract--projectDescription","interaction":{"idSuffix":"inner"}},"clearTextFirst":true,"interactionType":"ENTER_TEXT"}]}
COMMAND: POST /session/a0fa65e418457f6e1528b16bc1e26f2c/element - {"using":"xpath","value":"//input[@id=\"application-managecontracts-display-component---AddNewContract--site-inner\"]"}
RESULT: {"using":"xpath","value":"//input[@id=\"application-managecontracts-display-component---AddNewContract--site-inner\"]"}
COMMAND: POST /session/a0fa65e418457f6e1528b16bc1e26f2c/element/f.6300CB9FC90E916FB2ACF31257920715.d.61847414FF143BE38C5BF7188457CF72.e.20965/clear - {}
RESULT: {}
COMMAND: POST /session/a0fa65e418457f6e1528b16bc1e26f2c/element/f.6300CB9FC90E916FB2ACF31257920715.d.61847414FF143BE38C5BF7188457CF72.e.20965/value - {"text":"2237"}
COMMAND: GET /session/a0fa65e418457f6e1528b16bc1e26f2c/screenshot - {}
RESULT: {"text":"2237"}
COMMAND: GET /session/a0fa65e418457f6e1528b16bc1e26f2c/screenshot - {}
RESULT: {}
RESULT: {}
COMMAND: POST /session/a0fa65e418457f6e1528b16bc1e26f2c/element - {"using":"xpath","value":"//li[.//span[text()='2237']]"}
RESULT: {"using":"xpath","value":"//li[.//span[text()='2237']]"}
COMMAND: POST /session/a0fa65e418457f6e1528b16bc1e26f2c/element/f.6300CB9FC90E916FB2ACF31257920715.d.61847414FF143BE38C5BF7188457CF72.e.21000/click - {}
RESULT: {}
COMMAND: GET /session/a0fa65e418457f6e1528b16bc1e26f2c/screenshot - {}
RESULT: {}
COMMAND: POST /session/a0fa65e418457f6e1528b16bc1e26f2c/element - {"using":"xpath","value":"//input[@id=\"application-managecontracts-display-component---AddNewContract--yardId-inner\"]"}
RESULT: {"using":"xpath","value":"//input[@id=\"application-managecontracts-display-component---AddNewContract--yardId-inner\"]"}
COMMAND: GET /session/a0fa65e418457f6e1528b16bc1e26f2c/element/f.6300CB9FC90E916FB2ACF31257920715.d.61847414FF143BE38C5BF7188457CF72.e.20966/property/value - {}
RESULT: {}
COMMAND: POST /session/a0fa65e418457f6e1528b16bc1e26f2c/element - {"using":"xpath","value":"//input[@id=\"application-managecontracts-display-component---AddNewContract--customerSelect-inner\"]"}
COMMAND: GET /session/a0fa65e418457f6e1528b16bc1e26f2c/screenshot - {}
RESULT: {"using":"xpath","value":"//input[@id=\"application-managecontracts-display-component---AddNewContract--customerSelect-inner\"]"}
COMMAND: POST /session/a0fa65e418457f6e1528b16bc1e26f2c/element/f.6300CB9FC90E916FB2ACF31257920715.d.61847414FF143BE38C5BF7188457CF72.e.20964/clear - {}
RESULT: {}
RESULT: {}
COMMAND: POST /session/a0fa65e418457f6e1528b16bc1e26f2c/element/f.6300CB9FC90E916FB2ACF31257920715.d.61847414FF143BE38C5BF7188457CF72.e.20964/value - {"text":"1281"}
COMMAND: GET /session/a0fa65e418457f6e1528b16bc1e26f2c/screenshot - {}
RESULT: {"text":"1281"}
COMMAND: GET /session/a0fa65e418457f6e1528b16bc1e26f2c/screenshot - {}
RESULT: {}
RESULT: {}
COMMAND: POST /session/a0fa65e418457f6e1528b16bc1e26f2c/element - {"using":"xpath","value":"//li[.//span[text()='1281']]"}
RESULT: {"using":"xpath","value":"//li[.//span[text()='1281']]"}
COMMAND: POST /session/a0fa65e418457f6e1528b16bc1e26f2c/element/f.6300CB9FC90E916FB2ACF31257920715.d.61847414FF143BE38C5BF7188457CF72.e.21003/click - {}
RESULT: {}
COMMAND: GET /session/a0fa65e418457f6e1528b16bc1e26f2c/screenshot - {}
RESULT: {}
COMMAND: POST /session/a0fa65e418457f6e1528b16bc1e26f2c/element - {"using":"xpath","value":"//button[@data-kt=\"saveButton\"]"}
RESULT: {"using":"xpath","value":"//button[@data-kt=\"saveButton\"]"}
COMMAND: POST /session/a0fa65e418457f6e1528b16bc1e26f2c/element/f.6300CB9FC90E916FB2ACF31257920715.d.61847414FF143BE38C5BF7188457CF72.e.21004/click - {}
RESULT: {}
COMMAND: GET /session/a0fa65e418457f6e1528b16bc1e26f2c/screenshot - {}
RESULT: {}
COMMAND: POST /session/a0fa65e418457f6e1528b16bc1e26f2c/element - {"using":"xpath","value":"//span[contains(@id ,\"contractDetailTitleNoExpanded\")]"}
RESULT: {"using":"xpath","value":"//span[contains(@id ,\"contractDetailTitleNoExpanded\")]"}
COMMAND: POST /session/a0fa65e418457f6e1528b16bc1e26f2c/elements - {"using":"xpath","value":"//span[contains(@id ,\"contractDetailTitleNoExpanded\")]"}
RESULT: {"using":"xpath","value":"//span[contains(@id ,\"contractDetailTitleNoExpanded\")]"}
COMMAND: POST /session/a0fa65e418457f6e1528b16bc1e26f2c/execute/sync - {"script":"<script> [56 bytes]","args":[{"element-6066-11e4-a52e-4f735466cecf":"f.6300CB9FC90E916FB2ACF31257920715.d.61847414FF143BE38C5BF7188457CF72.e.21012","ELEMENT":"f.6300CB9FC90E916FB2ACF31257920715.d.61847414FF143BE38C5BF7188457CF72.e.21012"}]}
RESULT: {"script":"<script> [56 bytes]","args":[{"element-6066-11e4-a52e-4f735466cecf":"f.6300CB9FC90E916FB2ACF31257920715.d.61847414FF143BE38C5BF7188457CF72.e.21012","ELEMENT":"f.6300CB9FC90E916FB2ACF31257920715.d.61847414FF143BE38C5BF7188457CF72.e.21012"}]}
COMMAND: GET /session/a0fa65e418457f6e1528b16bc1e26f2c/screenshot - {}
RESULT: {}
]]></system-out>
    </testcase>
    <testcase classname="chrome.136_0_7103_93.windows.Return_from_Site_w/_warehouse_management_w_clarification" name="Should add equipment to the contract" time="56.608">
      <system-out><![CDATA[
COMMAND: POST /session/a0fa65e418457f6e1528b16bc1e26f2c/element - {"using":"xpath","value":"//button[@data-kt=\"contractDetailEditBtnButton\"]"}
RESULT: {"using":"xpath","value":"//button[@data-kt=\"contractDetailEditBtnButton\"]"}
COMMAND: POST /session/a0fa65e418457f6e1528b16bc1e26f2c/element/f.6300CB9FC90E916FB2ACF31257920715.d.61847414FF143BE38C5BF7188457CF72.e.21015/click - {}
RESULT: {}
COMMAND: GET /session/a0fa65e418457f6e1528b16bc1e26f2c/screenshot - {}
RESULT: {}
COMMAND: POST /session/a0fa65e418457f6e1528b16bc1e26f2c/element - {"using":"xpath","value":"(//span[contains(text(), \"Additional Addresses\")])[2]"}
RESULT: {"using":"xpath","value":"(//span[contains(text(), \"Additional Addresses\")])[2]"}
COMMAND: POST /session/a0fa65e418457f6e1528b16bc1e26f2c/element/f.6300CB9FC90E916FB2ACF31257920715.d.61847414FF143BE38C5BF7188457CF72.e.21069/click - {}
RESULT: {}
COMMAND: GET /session/a0fa65e418457f6e1528b16bc1e26f2c/screenshot - {}
RESULT: {}
COMMAND: POST /session/a0fa65e418457f6e1528b16bc1e26f2c/element - {"using":"xpath","value":"//button[@data-kt=\"btnAddTableRowOverflowToolbarButton\"]"}
RESULT: {"using":"xpath","value":"//button[@data-kt=\"btnAddTableRowOverflowToolbarButton\"]"}
COMMAND: POST /session/a0fa65e418457f6e1528b16bc1e26f2c/element/f.6300CB9FC90E916FB2ACF31257920715.d.61847414FF143BE38C5BF7188457CF72.e.21073/click - {}
RESULT: {}
COMMAND: GET /session/a0fa65e418457f6e1528b16bc1e26f2c/screenshot - {}
RESULT: {}
COMMAND: POST /session/a0fa65e418457f6e1528b16bc1e26f2c/element - {"using":"xpath","value":"//div[(text() = 'Standard Entry' or . = 'Standard Entry')]"}
RESULT: {"using":"xpath","value":"//div[(text() = 'Standard Entry' or . = 'Standard Entry')]"}
COMMAND: POST /session/a0fa65e418457f6e1528b16bc1e26f2c/element/f.6300CB9FC90E916FB2ACF31257920715.d.61847414FF143BE38C5BF7188457CF72.e.21075/click - {}
RESULT: {}
COMMAND: GET /session/a0fa65e418457f6e1528b16bc1e26f2c/screenshot - {}
RESULT: {}
COMMAND: POST /session/a0fa65e418457f6e1528b16bc1e26f2c/element - {"using":"xpath","value":"//td[6]/div/div/div/span"}
RESULT: {"using":"xpath","value":"//td[6]/div/div/div/span"}
COMMAND: POST /session/a0fa65e418457f6e1528b16bc1e26f2c/element/f.6300CB9FC90E916FB2ACF31257920715.d.61847414FF143BE38C5BF7188457CF72.e.21087/click - {}
RESULT: {}
COMMAND: GET /session/a0fa65e418457f6e1528b16bc1e26f2c/screenshot - {}
RESULT: {}
COMMAND: POST /session/a0fa65e418457f6e1528b16bc1e26f2c/element - {"using":"xpath","value":"(//span[contains(text(), \"Material\")])"}
RESULT: {"using":"xpath","value":"(//span[contains(text(), \"Material\")])"}
COMMAND: POST /session/a0fa65e418457f6e1528b16bc1e26f2c/element/f.6300CB9FC90E916FB2ACF31257920715.d.61847414FF143BE38C5BF7188457CF72.e.21088/click - {}
RESULT: {}
COMMAND: GET /session/a0fa65e418457f6e1528b16bc1e26f2c/screenshot - {}
RESULT: {}
COMMAND: POST /session/a0fa65e418457f6e1528b16bc1e26f2c/element - {"using":"xpath","value":"//td[7]/div/div/input"}
RESULT: {"using":"xpath","value":"//td[7]/div/div/input"}
COMMAND: POST /session/a0fa65e418457f6e1528b16bc1e26f2c/element/f.6300CB9FC90E916FB2ACF31257920715.d.61847414FF143BE38C5BF7188457CF72.e.21092/clear - {}
RESULT: {}
COMMAND: POST /session/a0fa65e418457f6e1528b16bc1e26f2c/element/f.6300CB9FC90E916FB2ACF31257920715.d.61847414FF143BE38C5BF7188457CF72.e.21092/value - {"text":"200259"}
COMMAND: GET /session/a0fa65e418457f6e1528b16bc1e26f2c/screenshot - {}
RESULT: {"text":"200259"}
COMMAND: GET /session/a0fa65e418457f6e1528b16bc1e26f2c/screenshot - {}
RESULT: {}
RESULT: {}
COMMAND: POST /session/a0fa65e418457f6e1528b16bc1e26f2c/actions - {"actions":[{"id":"action67","type":"key","parameters":{},"actions":[{"type":"keyDown","value":"î€‡"},{"type":"pause","duration":10},{"type":"keyUp","value":"î€‡"}]}]}
RESULT: {"actions":[{"id":"action67","type":"key","parameters":{},"actions":[{"type":"keyDown","value":"î€‡"},{"type":"pause","duration":10},{"type":"keyUp","value":"î€‡"}]}]}
COMMAND: GET /session/a0fa65e418457f6e1528b16bc1e26f2c/screenshot - {}
RESULT: {}
COMMAND: POST /session/a0fa65e418457f6e1528b16bc1e26f2c/execute/sync - {"script":"<script> [276 bytes]","args":["No pricing information was found"]}
RESULT: {"script":"<script> [276 bytes]","args":["No pricing information was found"]}
COMMAND: POST /session/a0fa65e418457f6e1528b16bc1e26f2c/element - {"using":"xpath","value":"//bdi[contains(text(), \"OK\")]"}
COMMAND: GET /session/a0fa65e418457f6e1528b16bc1e26f2c/screenshot - {}
RESULT: {"using":"xpath","value":"//bdi[contains(text(), \"OK\")]"}
COMMAND: POST /session/a0fa65e418457f6e1528b16bc1e26f2c/element/f.6300CB9FC90E916FB2ACF31257920715.d.61847414FF143BE38C5BF7188457CF72.e.21118/click - {}
RESULT: {}
RESULT: {}
COMMAND: GET /session/a0fa65e418457f6e1528b16bc1e26f2c/screenshot - {}
RESULT: {}
COMMAND: POST /session/a0fa65e418457f6e1528b16bc1e26f2c/element - {"using":"xpath","value":"(//button[@data-kt=\"saveButton\"])[2]"}
RESULT: {"using":"xpath","value":"(//button[@data-kt=\"saveButton\"])[2]"}
COMMAND: POST /session/a0fa65e418457f6e1528b16bc1e26f2c/element/f.6300CB9FC90E916FB2ACF31257920715.d.61847414FF143BE38C5BF7188457CF72.e.21119/click - {}
RESULT: {}
COMMAND: GET /session/a0fa65e418457f6e1528b16bc1e26f2c/screenshot - {}
RESULT: {}
COMMAND: POST /session/a0fa65e418457f6e1528b16bc1e26f2c/execute/sync - {"script":"<script> [276 bytes]","args":["Some contract items are having rental validity exceeding header rental validity"]}
RESULT: {"script":"<script> [276 bytes]","args":["Some contract items are having rental validity exceeding header rental validity"]}
COMMAND: GET /session/a0fa65e418457f6e1528b16bc1e26f2c/screenshot - {}
RESULT: {}
COMMAND: POST /session/a0fa65e418457f6e1528b16bc1e26f2c/element - {"using":"xpath","value":"//span[contains(@id ,\"contractItemsSmartTable-header-inner\")]"}
RESULT: {"using":"xpath","value":"//span[contains(@id ,\"contractItemsSmartTable-header-inner\")]"}
COMMAND: POST /session/a0fa65e418457f6e1528b16bc1e26f2c/elements - {"using":"xpath","value":"//span[contains(@id ,\"contractItemsSmartTable-header-inner\")]"}
RESULT: {"using":"xpath","value":"//span[contains(@id ,\"contractItemsSmartTable-header-inner\")]"}
COMMAND: POST /session/a0fa65e418457f6e1528b16bc1e26f2c/execute/sync - {"script":"<script> [56 bytes]","args":[{"element-6066-11e4-a52e-4f735466cecf":"f.6300CB9FC90E916FB2ACF31257920715.d.61847414FF143BE38C5BF7188457CF72.e.21123","ELEMENT":"f.6300CB9FC90E916FB2ACF31257920715.d.61847414FF143BE38C5BF7188457CF72.e.21123"}]}
RESULT: {"script":"<script> [56 bytes]","args":[{"element-6066-11e4-a52e-4f735466cecf":"f.6300CB9FC90E916FB2ACF31257920715.d.61847414FF143BE38C5BF7188457CF72.e.21123","ELEMENT":"f.6300CB9FC90E916FB2ACF31257920715.d.61847414FF143BE38C5BF7188457CF72.e.21123"}]}
]]></system-out>
    </testcase>
    <testcase classname="chrome.136_0_7103_93.windows.Return_from_Site_w/_warehouse_management_w_clarification" name="Should provide to site" time="35.42">
      <system-out><![CDATA[
COMMAND: POST /session/a0fa65e418457f6e1528b16bc1e26f2c/element - {"using":"xpath","value":"//button[@data-kt=\"provideButton\"]"}
COMMAND: GET /session/a0fa65e418457f6e1528b16bc1e26f2c/screenshot - {}
RESULT: {"using":"xpath","value":"//button[@data-kt=\"provideButton\"]"}
COMMAND: POST /session/a0fa65e418457f6e1528b16bc1e26f2c/element/f.6300CB9FC90E916FB2ACF31257920715.d.61847414FF143BE38C5BF7188457CF72.e.21124/click - {}
RESULT: {}
RESULT: {}
COMMAND: GET /session/a0fa65e418457f6e1528b16bc1e26f2c/screenshot - {}
RESULT: undefined
COMMAND: POST /session/a0fa65e418457f6e1528b16bc1e26f2c/execute/async - {"script":"<script> [6424 bytes]","args":[{"element-6066-11e4-a52e-4f735466cecf":"f.6300CB9FC90E916FB2ACF31257920715.d.61847414FF143BE38C5BF7188457CF72.e.20138"},"setValue",["05/17/25"]]}
RESULT: {}
COMMAND: POST /session/a0fa65e418457f6e1528b16bc1e26f2c/execute/async - {"script":"<script> [1562 bytes]","args":[{"selector":{"id":"application-managehandovers-display-component---AddNewHO--dueDate","interaction":{"idSuffix":"inner"}},"wdio_ui5_key":"applicationmanagehandovers-display-component---AddNewHO--dueDate"}]}
RESULT: {"script":"<script> [1562 bytes]","args":[{"selector":{"id":"application-managehandovers-display-component---AddNewHO--dueDate","interaction":{"idSuffix":"inner"}},"wdio_ui5_key":"applicationmanagehandovers-display-component---AddNewHO--dueDate"}]}
COMMAND: POST /session/a0fa65e418457f6e1528b16bc1e26f2c/execute/async - {"script":"<script> [6424 bytes]","args":[{"element-6066-11e4-a52e-4f735466cecf":"f.6300CB9FC90E916FB2ACF31257920715.d.61847414FF143BE38C5BF7188457CF72.e.21181"},"setValue",["05/17/25"]]}
RESULT: {"script":"<script> [6424 bytes]","args":[{"element-6066-11e4-a52e-4f735466cecf":"f.6300CB9FC90E916FB2ACF31257920715.d.61847414FF143BE38C5BF7188457CF72.e.21181"},"setValue",["05/17/25"]]}
COMMAND: POST /session/a0fa65e418457f6e1528b16bc1e26f2c/element - {"using":"xpath","value":"//bdi[contains(text(), \"Instructions\")]"}
RESULT: {"using":"xpath","value":"//bdi[contains(text(), \"Instructions\")]"}
COMMAND: POST /session/a0fa65e418457f6e1528b16bc1e26f2c/element/f.6300CB9FC90E916FB2ACF31257920715.d.61847414FF143BE38C5BF7188457CF72.e.21427/click - {}
RESULT: {}
COMMAND: GET /session/a0fa65e418457f6e1528b16bc1e26f2c/screenshot - {}
RESULT: {}
COMMAND: POST /session/a0fa65e418457f6e1528b16bc1e26f2c/element - {"using":"xpath","value":"//button[@data-kt=\"AddNewHOProvideAddItemsButton\"]"}
RESULT: {"using":"xpath","value":"//button[@data-kt=\"AddNewHOProvideAddItemsButton\"]"}
COMMAND: POST /session/a0fa65e418457f6e1528b16bc1e26f2c/element/f.6300CB9FC90E916FB2ACF31257920715.d.61847414FF143BE38C5BF7188457CF72.e.21431/click - {}
RESULT: {}
COMMAND: GET /session/a0fa65e418457f6e1528b16bc1e26f2c/screenshot - {}
RESULT: {}
RESULT: undefined
COMMAND: POST /session/a0fa65e418457f6e1528b16bc1e26f2c/element - {"using":"xpath","value":"//*[@id=\"application-managehandovers-display-component---AddNewHO--popup-sa\"]"}
RESULT: {"using":"xpath","value":"//*[@id=\"application-managehandovers-display-component---AddNewHO--popup-sa\"]"}
COMMAND: POST /session/a0fa65e418457f6e1528b16bc1e26f2c/element/f.6300CB9FC90E916FB2ACF31257920715.d.61847414FF143BE38C5BF7188457CF72.e.21440/click - {}
RESULT: {}
COMMAND: GET /session/a0fa65e418457f6e1528b16bc1e26f2c/screenshot - {}
RESULT: {}
COMMAND: POST /session/a0fa65e418457f6e1528b16bc1e26f2c/element - {"using":"xpath","value":"//*[contains(@id ,\"BDI-content\")][contains(text(), \"Select\")]"}
RESULT: {"using":"xpath","value":"//*[contains(@id ,\"BDI-content\")][contains(text(), \"Select\")]"}
COMMAND: POST /session/a0fa65e418457f6e1528b16bc1e26f2c/element/f.6300CB9FC90E916FB2ACF31257920715.d.61847414FF143BE38C5BF7188457CF72.e.21442/click - {}
RESULT: {}
COMMAND: GET /session/a0fa65e418457f6e1528b16bc1e26f2c/screenshot - {}
RESULT: {}
COMMAND: POST /session/a0fa65e418457f6e1528b16bc1e26f2c/element - {"using":"xpath","value":"//bdi[(text() = 'Save' or . = 'Save')]"}
RESULT: {"using":"xpath","value":"//bdi[(text() = 'Save' or . = 'Save')]"}
COMMAND: POST /session/a0fa65e418457f6e1528b16bc1e26f2c/element/f.6300CB9FC90E916FB2ACF31257920715.d.61847414FF143BE38C5BF7188457CF72.e.21445/click - {}
RESULT: {}
COMMAND: GET /session/a0fa65e418457f6e1528b16bc1e26f2c/screenshot - {}
RESULT: {}
]]></system-out>
    </testcase>
    <testcase classname="chrome.136_0_7103_93.windows.Return_from_Site_w/_warehouse_management_w_clarification" name="Should test for Handover Execution" time="143.572">
      <system-out><![CDATA[
COMMAND: POST /session/a0fa65e418457f6e1528b16bc1e26f2c/execute/async - {"script":"<script> [1562 bytes]","args":[{"selector":{"controlType":"sap.m.Link","viewName":"etm.portal.ui.managehandovers.view.DetailExecuteHO","bindingPath":{"path":"","propertyPath":"/wmDoc","modelName":"warehouseMovModel"}},"wdio_ui5_key":"etmportal.ui.managehandovers.view.DetailExecuteHOsap.m.Link{\"path\":\"\",\"propertyPath\":\"/wmDoc\",\"modelName\":\"warehouseMovModel\"}"}]}
RESULT: {"script":"<script> [1562 bytes]","args":[{"selector":{"controlType":"sap.m.Link","viewName":"etm.portal.ui.managehandovers.view.DetailExecuteHO","bindingPath":{"path":"","propertyPath":"/wmDoc","modelName":"warehouseMovModel"}},"wdio_ui5_key":"etmportal.ui.managehandovers.view.DetailExecuteHOsap.m.Link{\"path\":\"\",\"propertyPath\":\"/wmDoc\",\"modelName\":\"warehouseMovModel\"}"}]}
RESULT: undefined
COMMAND: POST /session/a0fa65e418457f6e1528b16bc1e26f2c/element - {"using":"xpath","value":"//*[@id=\"__link81\"]"}
RESULT: {"using":"xpath","value":"//*[@id=\"__link81\"]"}
COMMAND: POST /session/a0fa65e418457f6e1528b16bc1e26f2c/element/f.6300CB9FC90E916FB2ACF31257920715.d.61847414FF143BE38C5BF7188457CF72.e.21491/click - {}
RESULT: {}
COMMAND: GET /session/a0fa65e418457f6e1528b16bc1e26f2c/screenshot - {}
RESULT: {}
COMMAND: POST /session/a0fa65e418457f6e1528b16bc1e26f2c/execute/async - {"script":"<script> [1562 bytes]","args":[{"selector":{"controlType":"sap.m.Link","viewName":"etm.portal.ui.managehandovers.view.DetailExecuteHO","properties":{"text":"Warehouse Overview"},"searchOpenDialogs":true},"wdio_ui5_key":"etmportal.ui.managehandovers.view.DetailExecuteHOsap.m.Link{\"text\":\"Warehouse Overview\"}"}]}
RESULT: {"script":"<script> [1562 bytes]","args":[{"selector":{"controlType":"sap.m.Link","viewName":"etm.portal.ui.managehandovers.view.DetailExecuteHO","properties":{"text":"Warehouse Overview"},"searchOpenDialogs":true},"wdio_ui5_key":"etmportal.ui.managehandovers.view.DetailExecuteHOsap.m.Link{\"text\":\"Warehouse Overview\"}"}]}
RESULT: undefined
COMMAND: POST /session/a0fa65e418457f6e1528b16bc1e26f2c/element - {"using":"xpath","value":"//*[@id=\"__link96\"]"}
RESULT: {"using":"xpath","value":"//*[@id=\"__link96\"]"}
COMMAND: POST /session/a0fa65e418457f6e1528b16bc1e26f2c/element/f.6300CB9FC90E916FB2ACF31257920715.d.61847414FF143BE38C5BF7188457CF72.e.21495/click - {}
RESULT: {}
COMMAND: GET /session/a0fa65e418457f6e1528b16bc1e26f2c/screenshot - {}
RESULT: {}
COMMAND: POST /session/a0fa65e418457f6e1528b16bc1e26f2c/execute/async - {"script":"<script> [1562 bytes]","args":[{"selector":{"controlType":"sap.m.Button","viewName":"etm.portal.ui.warehousemovements.view.DisplayMovement","viewId":"application-warehousemovements-display-component---displayMovement","i18NText":{"propertyName":"text","key":"execution"},"interaction":{"idSuffix":"BDI-content"}},"wdio_ui5_key":"etmportal.ui.warehousemovements.view.DisplayMovementsap.m.Button{\"propertyName\":\"text\",\"key\":\"execution\"}"}]}
RESULT: {"script":"<script> [1562 bytes]","args":[{"selector":{"controlType":"sap.m.Button","viewName":"etm.portal.ui.warehousemovements.view.DisplayMovement","viewId":"application-warehousemovements-display-component---displayMovement","i18NText":{"propertyName":"text","key":"execution"},"interaction":{"idSuffix":"BDI-content"}},"wdio_ui5_key":"etmportal.ui.warehousemovements.view.DisplayMovementsap.m.Button{\"propertyName\":\"text\",\"key\":\"execution\"}"}]}
RESULT: undefined
COMMAND: POST /session/a0fa65e418457f6e1528b16bc1e26f2c/element - {"using":"xpath","value":"//*[@id=\"__button219\"]"}
RESULT: {"using":"xpath","value":"//*[@id=\"__button219\"]"}
COMMAND: POST /session/a0fa65e418457f6e1528b16bc1e26f2c/element/f.6300CB9FC90E916FB2ACF31257920715.d.61847414FF143BE38C5BF7188457CF72.e.21621/click - {}
RESULT: {}
COMMAND: GET /session/a0fa65e418457f6e1528b16bc1e26f2c/screenshot - {}
RESULT: {}
COMMAND: POST /session/a0fa65e418457f6e1528b16bc1e26f2c/execute/async - {"script":"<script> [1562 bytes]","args":[{"selector":{"controlType":"sap.m.Button","viewName":"etm.portal.ui.warehousemovements.view.ExecuteMovement","viewId":"application-warehousemovements-display-component---executeMovement","properties":{"text":"Items"},"interaction":{"idSuffix":"BDI-content"}},"wdio_ui5_key":"etmportal.ui.warehousemovements.view.ExecuteMovementsap.m.Button{\"text\":\"Items\"}"}]}
RESULT: {"script":"<script> [1562 bytes]","args":[{"selector":{"controlType":"sap.m.Button","viewName":"etm.portal.ui.warehousemovements.view.ExecuteMovement","viewId":"application-warehousemovements-display-component---executeMovement","properties":{"text":"Items"},"interaction":{"idSuffix":"BDI-content"}},"wdio_ui5_key":"etmportal.ui.warehousemovements.view.ExecuteMovementsap.m.Button{\"text\":\"Items\"}"}]}
RESULT: undefined
COMMAND: POST /session/a0fa65e418457f6e1528b16bc1e26f2c/element - {"using":"xpath","value":"//*[@id=\"__layout353-anchBar-application-warehousemovements-display-component---executeMovement--itemsSection-anchor\"]"}
RESULT: {"using":"xpath","value":"//*[@id=\"__layout353-anchBar-application-warehousemovements-display-component---executeMovement--itemsSection-anchor\"]"}
COMMAND: POST /session/a0fa65e418457f6e1528b16bc1e26f2c/element/f.6300CB9FC90E916FB2ACF31257920715.d.61847414FF143BE38C5BF7188457CF72.e.21717/click - {}
RESULT: {}
COMMAND: GET /session/a0fa65e418457f6e1528b16bc1e26f2c/screenshot - {}
RESULT: {}
COMMAND: POST /session/a0fa65e418457f6e1528b16bc1e26f2c/execute/async - {"script":"<script> [1562 bytes]","args":[{"selector":{"controlType":"sap.m.ToggleButton","viewName":"etm.portal.ui.warehousemovements.view.ExecuteMovement","viewId":"application-warehousemovements-display-component---executeMovement","bindingPath":{"propertyPath":"STATUS","modelName":"catalogModel"},"interaction":{"idSuffix":"BDI-content"}},"wdio_ui5_key":"etmportal.ui.warehousemovements.view.ExecuteMovementsap.m.ToggleButton{\"propertyPath\":\"STATUS\",\"modelName\":\"catalogModel\"}"}]}
RESULT: {"script":"<script> [1562 bytes]","args":[{"selector":{"controlType":"sap.m.ToggleButton","viewName":"etm.portal.ui.warehousemovements.view.ExecuteMovement","viewId":"application-warehousemovements-display-component---executeMovement","bindingPath":{"propertyPath":"STATUS","modelName":"catalogModel"},"interaction":{"idSuffix":"BDI-content"}},"wdio_ui5_key":"etmportal.ui.warehousemovements.view.ExecuteMovementsap.m.ToggleButton{\"propertyPath\":\"STATUS\",\"modelName\":\"catalogModel\"}"}]}
RESULT: undefined
COMMAND: POST /session/a0fa65e418457f6e1528b16bc1e26f2c/element - {"using":"xpath","value":"//*[@id=\"__button242-__clone3140\"]"}
RESULT: {"using":"xpath","value":"//*[@id=\"__button242-__clone3140\"]"}
COMMAND: POST /session/a0fa65e418457f6e1528b16bc1e26f2c/element/f.6300CB9FC90E916FB2ACF31257920715.d.61847414FF143BE38C5BF7188457CF72.e.21689/click - {}
RESULT: {}
RESULT: undefined
COMMAND: POST /session/a0fa65e418457f6e1528b16bc1e26f2c/element - {"using":"xpath","value":"//*[@id=\"__button242-__clone3140\"]"}
COMMAND: GET /session/a0fa65e418457f6e1528b16bc1e26f2c/screenshot - {}
RESULT: {"using":"xpath","value":"//*[@id=\"__button242-__clone3140\"]"}
COMMAND: POST /session/a0fa65e418457f6e1528b16bc1e26f2c/element/f.6300CB9FC90E916FB2ACF31257920715.d.61847414FF143BE38C5BF7188457CF72.e.21689/click - {}
RESULT: {}
RESULT: {}
COMMAND: GET /session/a0fa65e418457f6e1528b16bc1e26f2c/screenshot - {}
RESULT: {}
COMMAND: POST /session/a0fa65e418457f6e1528b16bc1e26f2c/element - {"using":"xpath","value":"//section[contains(@id,\"FC-NoHead\")]/div[1]/div[5]/div[2]/span"}
RESULT: {"using":"xpath","value":"//section[contains(@id,\"FC-NoHead\")]/div[1]/div[5]/div[2]/span"}
COMMAND: POST /session/a0fa65e418457f6e1528b16bc1e26f2c/elements - {"using":"xpath","value":"//section[contains(@id,\"FC-NoHead\")]/div[1]/div[5]/div[2]/span"}
RESULT: {"using":"xpath","value":"//section[contains(@id,\"FC-NoHead\")]/div[1]/div[5]/div[2]/span"}
COMMAND: POST /session/a0fa65e418457f6e1528b16bc1e26f2c/execute/sync - {"script":"<script> [56 bytes]","args":[{"element-6066-11e4-a52e-4f735466cecf":"f.6300CB9FC90E916FB2ACF31257920715.d.61847414FF143BE38C5BF7188457CF72.e.21724","ELEMENT":"f.6300CB9FC90E916FB2ACF31257920715.d.61847414FF143BE38C5BF7188457CF72.e.21724"}]}
RESULT: {"script":"<script> [56 bytes]","args":[{"element-6066-11e4-a52e-4f735466cecf":"f.6300CB9FC90E916FB2ACF31257920715.d.61847414FF143BE38C5BF7188457CF72.e.21724","ELEMENT":"f.6300CB9FC90E916FB2ACF31257920715.d.61847414FF143BE38C5BF7188457CF72.e.21724"}]}
COMMAND: POST /session/a0fa65e418457f6e1528b16bc1e26f2c/actions - {"actions":[{"id":"action68","type":"key","parameters":{},"actions":[{"type":"keyDown","value":"î€‡"},{"type":"pause","duration":10},{"type":"keyUp","value":"î€‡"}]}]}
COMMAND: GET /session/a0fa65e418457f6e1528b16bc1e26f2c/screenshot - {}
RESULT: {"actions":[{"id":"action68","type":"key","parameters":{},"actions":[{"type":"keyDown","value":"î€‡"},{"type":"pause","duration":10},{"type":"keyUp","value":"î€‡"}]}]}
COMMAND: POST /session/a0fa65e418457f6e1528b16bc1e26f2c/execute/async - {"script":"<script> [1562 bytes]","args":[{"selector":{"id":"application-warehousemovements-display-component---executeMovement--executeId","interaction":{"idSuffix":"BDI-content"}},"wdio_ui5_key":"applicationwarehousemovements-display-component---executeMovement--executeId"}]}
COMMAND: GET /session/a0fa65e418457f6e1528b16bc1e26f2c/screenshot - {}
RESULT: {}
RESULT: {"script":"<script> [1562 bytes]","args":[{"selector":{"id":"application-warehousemovements-display-component---executeMovement--executeId","interaction":{"idSuffix":"BDI-content"}},"wdio_ui5_key":"applicationwarehousemovements-display-component---executeMovement--executeId"}]}
RESULT: undefined
COMMAND: POST /session/a0fa65e418457f6e1528b16bc1e26f2c/element - {"using":"xpath","value":"//*[@id=\"application-warehousemovements-display-component---executeMovement--executeId\"]"}
RESULT: {}
RESULT: {"using":"xpath","value":"//*[@id=\"application-warehousemovements-display-component---executeMovement--executeId\"]"}
COMMAND: POST /session/a0fa65e418457f6e1528b16bc1e26f2c/element/f.6300CB9FC90E916FB2ACF31257920715.d.61847414FF143BE38C5BF7188457CF72.e.21683/click - {}
RESULT: {}
COMMAND: GET /session/a0fa65e418457f6e1528b16bc1e26f2c/screenshot - {}
RESULT: {}
COMMAND: POST /session/a0fa65e418457f6e1528b16bc1e26f2c/element - {"using":"css selector","value":"#shell-header-logo"}
RESULT: {"using":"css selector","value":"#shell-header-logo"}
COMMAND: POST /session/a0fa65e418457f6e1528b16bc1e26f2c/element/f.6300CB9FC90E916FB2ACF31257920715.d.61847414FF143BE38C5BF7188457CF72.e.20534/click - {}
RESULT: {}
COMMAND: GET /session/a0fa65e418457f6e1528b16bc1e26f2c/screenshot - {}
RESULT: {}
RESULT: undefined
COMMAND: POST /session/a0fa65e418457f6e1528b16bc1e26f2c/element - {"using":"xpath","value":"//*[@id=\"__tile132\"]"}
RESULT: {"using":"xpath","value":"//*[@id=\"__tile132\"]"}
COMMAND: POST /session/a0fa65e418457f6e1528b16bc1e26f2c/element/f.6300CB9FC90E916FB2ACF31257920715.d.61847414FF143BE38C5BF7188457CF72.e.19175/click - {}
RESULT: {}
COMMAND: GET /session/a0fa65e418457f6e1528b16bc1e26f2c/screenshot - {}
COMMAND: POST /session/a0fa65e418457f6e1528b16bc1e26f2c/elements - {"using":"xpath","value":"//span[text()='Error']"}
RESULT: {}
RESULT: {"using":"xpath","value":"//span[text()='Error']"}
COMMAND: POST /session/a0fa65e418457f6e1528b16bc1e26f2c/execute/async - {"script":"<script> [1562 bytes]","args":[{"selector":{"controlType":"sap.m.SearchField","viewName":"etm.portal.ui.managehandovers.view.MasterHO","bindingPath":{"propertyPath":"/_BASIC_SEARCH_FIELD","modelName":"fi1t3rM0d31"},"interaction":{"idSuffix":"I"}},"wdio_ui5_key":"etmportal.ui.managehandovers.view.MasterHOsap.m.SearchField{\"propertyPath\":\"/_BASIC_SEARCH_FIELD\",\"modelName\":\"fi1t3rM0d31\"}"}]}
RESULT: {"script":"<script> [1562 bytes]","args":[{"selector":{"controlType":"sap.m.SearchField","viewName":"etm.portal.ui.managehandovers.view.MasterHO","bindingPath":{"propertyPath":"/_BASIC_SEARCH_FIELD","modelName":"fi1t3rM0d31"},"interaction":{"idSuffix":"I"}},"wdio_ui5_key":"etmportal.ui.managehandovers.view.MasterHOsap.m.SearchField{\"propertyPath\":\"/_BASIC_SEARCH_FIELD\",\"modelName\":\"fi1t3rM0d31\"}"}]}
RESULT: undefined
COMMAND: POST /session/a0fa65e418457f6e1528b16bc1e26f2c/execute/async - {"script":"<script> [776 bytes]","args":[{"enterText":"30636","selector":{"controlType":"sap.m.SearchField","viewName":"etm.portal.ui.managehandovers.view.MasterHO","bindingPath":{"propertyPath":"/_BASIC_SEARCH_FIELD","modelName":"fi1t3rM0d31"},"interaction":{"idSuffix":"I"}},"clearTextFirst":true,"interactionType":"ENTER_TEXT"}]}
RESULT: {"script":"<script> [776 bytes]","args":[{"enterText":"30636","selector":{"controlType":"sap.m.SearchField","viewName":"etm.portal.ui.managehandovers.view.MasterHO","bindingPath":{"propertyPath":"/_BASIC_SEARCH_FIELD","modelName":"fi1t3rM0d31"},"interaction":{"idSuffix":"I"}},"clearTextFirst":true,"interactionType":"ENTER_TEXT"}]}
COMMAND: POST /session/a0fa65e418457f6e1528b16bc1e26f2c/actions - {"actions":[{"id":"action69","type":"key","parameters":{},"actions":[{"type":"keyDown","value":"î€‡"},{"type":"pause","duration":10},{"type":"keyUp","value":"î€‡"}]}]}
RESULT: {"actions":[{"id":"action69","type":"key","parameters":{},"actions":[{"type":"keyDown","value":"î€‡"},{"type":"pause","duration":10},{"type":"keyUp","value":"î€‡"}]}]}
COMMAND: GET /session/a0fa65e418457f6e1528b16bc1e26f2c/screenshot - {}
RESULT: {}
COMMAND: POST /session/a0fa65e418457f6e1528b16bc1e26f2c/execute/async - {"script":"<script> [1562 bytes]","args":[{"selector":{"controlType":"sap.ui.core.Icon","viewName":"etm.portal.ui.managehandovers.view.MasterHO","properties":{"src":{"regex":{"source":"slim\\-arrow\\-right"}}}},"wdio_ui5_key":"etmportal.ui.managehandovers.view.MasterHOsap.ui.core.Icon{\"src\":{\"regex\":{\"source\":\"slim\\\\-arrow\\\\-right\"}}}"}]}
RESULT: {"script":"<script> [1562 bytes]","args":[{"selector":{"controlType":"sap.ui.core.Icon","viewName":"etm.portal.ui.managehandovers.view.MasterHO","properties":{"src":{"regex":{"source":"slim\\-arrow\\-right"}}}},"wdio_ui5_key":"etmportal.ui.managehandovers.view.MasterHOsap.ui.core.Icon{\"src\":{\"regex\":{\"source\":\"slim\\\\-arrow\\\\-right\"}}}"}]}
RESULT: undefined
COMMAND: POST /session/a0fa65e418457f6e1528b16bc1e26f2c/element - {"using":"xpath","value":"//*[@id=\"__item1675-__clone3219-imgNav\"]"}
RESULT: {"using":"xpath","value":"//*[@id=\"__item1675-__clone3219-imgNav\"]"}
COMMAND: POST /session/a0fa65e418457f6e1528b16bc1e26f2c/element/f.6300CB9FC90E916FB2ACF31257920715.d.61847414FF143BE38C5BF7188457CF72.e.21915/click - {}
RESULT: {}
COMMAND: GET /session/a0fa65e418457f6e1528b16bc1e26f2c/screenshot - {}
RESULT: {}
COMMAND: POST /session/a0fa65e418457f6e1528b16bc1e26f2c/execute/async - {"script":"<script> [1562 bytes]","args":[{"selector":{"controlType":"sap.m.Button","viewName":"etm.portal.ui.managehandovers.view.DetailExecuteHO","i18NText":{"propertyName":"text","key":"confirmAll"},"interaction":{"idSuffix":"BDI-content"}},"wdio_ui5_key":"etmportal.ui.managehandovers.view.DetailExecuteHOsap.m.Button{\"propertyName\":\"text\",\"key\":\"confirmAll\"}"}]}
RESULT: {"script":"<script> [1562 bytes]","args":[{"selector":{"controlType":"sap.m.Button","viewName":"etm.portal.ui.managehandovers.view.DetailExecuteHO","i18NText":{"propertyName":"text","key":"confirmAll"},"interaction":{"idSuffix":"BDI-content"}},"wdio_ui5_key":"etmportal.ui.managehandovers.view.DetailExecuteHOsap.m.Button{\"propertyName\":\"text\",\"key\":\"confirmAll\"}"}]}
RESULT: undefined
COMMAND: POST /session/a0fa65e418457f6e1528b16bc1e26f2c/element - {"using":"xpath","value":"//*[@id=\"__button280\"]"}
RESULT: {"using":"xpath","value":"//*[@id=\"__button280\"]"}
COMMAND: POST /session/a0fa65e418457f6e1528b16bc1e26f2c/element/f.6300CB9FC90E916FB2ACF31257920715.d.61847414FF143BE38C5BF7188457CF72.e.21995/click - {}
RESULT: {}
COMMAND: GET /session/a0fa65e418457f6e1528b16bc1e26f2c/screenshot - {}
RESULT: {}
COMMAND: POST /session/a0fa65e418457f6e1528b16bc1e26f2c/actions - {"actions":[{"id":"action70","type":"key","parameters":{},"actions":[{"type":"keyDown","value":"î€‡"},{"type":"pause","duration":10},{"type":"keyUp","value":"î€‡"}]}]}
RESULT: {"actions":[{"id":"action70","type":"key","parameters":{},"actions":[{"type":"keyDown","value":"î€‡"},{"type":"pause","duration":10},{"type":"keyUp","value":"î€‡"}]}]}
COMMAND: GET /session/a0fa65e418457f6e1528b16bc1e26f2c/screenshot - {}
RESULT: {}
COMMAND: POST /session/a0fa65e418457f6e1528b16bc1e26f2c/element - {"using":"xpath","value":"//button[@data-kt=\"execHoIssueButton\"]"}
RESULT: {"using":"xpath","value":"//button[@data-kt=\"execHoIssueButton\"]"}
COMMAND: POST /session/a0fa65e418457f6e1528b16bc1e26f2c/element/f.6300CB9FC90E916FB2ACF31257920715.d.61847414FF143BE38C5BF7188457CF72.e.22004/click - {}
RESULT: {}
COMMAND: GET /session/a0fa65e418457f6e1528b16bc1e26f2c/screenshot - {}
RESULT: {}
RESULT: undefined
COMMAND: POST /session/a0fa65e418457f6e1528b16bc1e26f2c/execute/async - {"script":"<script> [776 bytes]","args":[{"enterText":"30636","selector":{"controlType":"sap.m.SearchField","viewName":"etm.portal.ui.managehandovers.view.MasterHO","bindingPath":{"propertyPath":"/_BASIC_SEARCH_FIELD","modelName":"fi1t3rM0d31"},"interaction":{"idSuffix":"I"}},"clearTextFirst":true,"interactionType":"ENTER_TEXT"}]}
RESULT: {"script":"<script> [776 bytes]","args":[{"enterText":"30636","selector":{"controlType":"sap.m.SearchField","viewName":"etm.portal.ui.managehandovers.view.MasterHO","bindingPath":{"propertyPath":"/_BASIC_SEARCH_FIELD","modelName":"fi1t3rM0d31"},"interaction":{"idSuffix":"I"}},"clearTextFirst":true,"interactionType":"ENTER_TEXT"}]}
COMMAND: POST /session/a0fa65e418457f6e1528b16bc1e26f2c/actions - {"actions":[{"id":"action71","type":"key","parameters":{},"actions":[{"type":"keyDown","value":"î€‡"},{"type":"pause","duration":10},{"type":"keyUp","value":"î€‡"}]}]}
RESULT: {"actions":[{"id":"action71","type":"key","parameters":{},"actions":[{"type":"keyDown","value":"î€‡"},{"type":"pause","duration":10},{"type":"keyUp","value":"î€‡"}]}]}
COMMAND: GET /session/a0fa65e418457f6e1528b16bc1e26f2c/screenshot - {}
RESULT: {}
COMMAND: POST /session/a0fa65e418457f6e1528b16bc1e26f2c/element - {"using":"xpath","value":"//span[(text() = '30636' or . = '30636')]"}
RESULT: {"using":"xpath","value":"//span[(text() = '30636' or . = '30636')]"}
COMMAND: POST /session/a0fa65e418457f6e1528b16bc1e26f2c/element/f.6300CB9FC90E916FB2ACF31257920715.d.61847414FF143BE38C5BF7188457CF72.e.22062/click - {}
RESULT: {}
COMMAND: GET /session/a0fa65e418457f6e1528b16bc1e26f2c/screenshot - {}
RESULT: {}
COMMAND: POST /session/a0fa65e418457f6e1528b16bc1e26f2c/element - {"using":"xpath","value":"//span[contains(text(), \"Instructions\")]"}
RESULT: {"using":"xpath","value":"//span[contains(text(), \"Instructions\")]"}
COMMAND: POST /session/a0fa65e418457f6e1528b16bc1e26f2c/element/f.6300CB9FC90E916FB2ACF31257920715.d.61847414FF143BE38C5BF7188457CF72.e.22086/click - {}
RESULT: {}
COMMAND: GET /session/a0fa65e418457f6e1528b16bc1e26f2c/screenshot - {}
RESULT: {}
COMMAND: POST /session/a0fa65e418457f6e1528b16bc1e26f2c/element - {"using":"xpath","value":"//span[contains(text(), \"Instructions\")]"}
RESULT: {"using":"xpath","value":"//span[contains(text(), \"Instructions\")]"}
COMMAND: POST /session/a0fa65e418457f6e1528b16bc1e26f2c/element/f.6300CB9FC90E916FB2ACF31257920715.d.61847414FF143BE38C5BF7188457CF72.e.22086/click - {}
RESULT: {}
COMMAND: GET /session/a0fa65e418457f6e1528b16bc1e26f2c/screenshot - {}
RESULT: {}
COMMAND: POST /session/a0fa65e418457f6e1528b16bc1e26f2c/execute/async - {"script":"<script> [1562 bytes]","args":[{"selector":{"controlType":"sap.m.ComboBox","viewName":"etm.portal.ui.managehandovers.view.DetailExecuteHO","bindingPath":{"propertyPath":"RECEIVING_SECTION","modelName":"catalogModel"},"interaction":{"idSuffix":"inner"}},"wdio_ui5_key":"etmportal.ui.managehandovers.view.DetailExecuteHOsap.m.ComboBox{\"propertyPath\":\"RECEIVING_SECTION\",\"modelName\":\"catalogModel\"}"}]}
RESULT: {"script":"<script> [1562 bytes]","args":[{"selector":{"controlType":"sap.m.ComboBox","viewName":"etm.portal.ui.managehandovers.view.DetailExecuteHO","bindingPath":{"propertyPath":"RECEIVING_SECTION","modelName":"catalogModel"},"interaction":{"idSuffix":"inner"}},"wdio_ui5_key":"etmportal.ui.managehandovers.view.DetailExecuteHOsap.m.ComboBox{\"propertyPath\":\"RECEIVING_SECTION\",\"modelName\":\"catalogModel\"}"}]}
RESULT: undefined
COMMAND: POST /session/a0fa65e418457f6e1528b16bc1e26f2c/execute/async - {"script":"<script> [776 bytes]","args":[{"enterText":"WDIO-2237","selector":{"controlType":"sap.m.ComboBox","viewName":"etm.portal.ui.managehandovers.view.DetailExecuteHO","bindingPath":{"propertyPath":"RECEIVING_SECTION","modelName":"catalogModel"},"interaction":{"idSuffix":"inner"}},"clearTextFirst":true,"interactionType":"ENTER_TEXT"}]}
RESULT: {"script":"<script> [776 bytes]","args":[{"enterText":"WDIO-2237","selector":{"controlType":"sap.m.ComboBox","viewName":"etm.portal.ui.managehandovers.view.DetailExecuteHO","bindingPath":{"propertyPath":"RECEIVING_SECTION","modelName":"catalogModel"},"interaction":{"idSuffix":"inner"}},"clearTextFirst":true,"interactionType":"ENTER_TEXT"}]}
COMMAND: POST /session/a0fa65e418457f6e1528b16bc1e26f2c/actions - {"actions":[{"id":"action72","type":"key","parameters":{},"actions":[{"type":"keyDown","value":"î€‡"},{"type":"pause","duration":10},{"type":"keyUp","value":"î€‡"}]}]}
RESULT: {"actions":[{"id":"action72","type":"key","parameters":{},"actions":[{"type":"keyDown","value":"î€‡"},{"type":"pause","duration":10},{"type":"keyUp","value":"î€‡"}]}]}
COMMAND: GET /session/a0fa65e418457f6e1528b16bc1e26f2c/screenshot - {}
RESULT: {}
COMMAND: POST /session/a0fa65e418457f6e1528b16bc1e26f2c/element - {"using":"xpath","value":"//button[@data-kt= \"execHoReceiveButton\"]"}
RESULT: {"using":"xpath","value":"//button[@data-kt= \"execHoReceiveButton\"]"}
COMMAND: POST /session/a0fa65e418457f6e1528b16bc1e26f2c/element/f.6300CB9FC90E916FB2ACF31257920715.d.61847414FF143BE38C5BF7188457CF72.e.22092/click - {}
RESULT: {}
COMMAND: GET /session/a0fa65e418457f6e1528b16bc1e26f2c/screenshot - {}
RESULT: {}
COMMAND: POST /session/a0fa65e418457f6e1528b16bc1e26f2c/execute/async - {"script":"<script> [1562 bytes]","args":[{"selector":{"controlType":"sap.m.Button","properties":{"text":"Continue"},"searchOpenDialogs":true,"interaction":{"idSuffix":"content"}},"wdio_ui5_key":"sapm.Button{\"text\":\"Continue\"}"}]}
RESULT: {"script":"<script> [1562 bytes]","args":[{"selector":{"controlType":"sap.m.Button","properties":{"text":"Continue"},"searchOpenDialogs":true,"interaction":{"idSuffix":"content"}},"wdio_ui5_key":"sapm.Button{\"text\":\"Continue\"}"}]}
RESULT: undefined
COMMAND: POST /session/a0fa65e418457f6e1528b16bc1e26f2c/element - {"using":"xpath","value":"//*[@id=\"__mbox-btn-6\"]"}
RESULT: {"using":"xpath","value":"//*[@id=\"__mbox-btn-6\"]"}
COMMAND: POST /session/a0fa65e418457f6e1528b16bc1e26f2c/element/f.6300CB9FC90E916FB2ACF31257920715.d.61847414FF143BE38C5BF7188457CF72.e.22093/click - {}
RESULT: {}
COMMAND: GET /session/a0fa65e418457f6e1528b16bc1e26f2c/screenshot - {}
RESULT: {}
COMMAND: POST /session/a0fa65e418457f6e1528b16bc1e26f2c/element - {"using":"css selector","value":"#shell-header-logo"}
RESULT: {"using":"css selector","value":"#shell-header-logo"}
COMMAND: POST /session/a0fa65e418457f6e1528b16bc1e26f2c/element/f.6300CB9FC90E916FB2ACF31257920715.d.61847414FF143BE38C5BF7188457CF72.e.21789/click - {}
RESULT: {}
COMMAND: GET /session/a0fa65e418457f6e1528b16bc1e26f2c/screenshot - {}
RESULT: {}
]]></system-out>
    </testcase>
    <testcase classname="chrome.136_0_7103_93.windows.Return_from_Site_w/_warehouse_management_w_clarification" name="Should test for Clarification" time="58.788">
      <system-out><![CDATA[
RESULT: undefined
COMMAND: POST /session/a0fa65e418457f6e1528b16bc1e26f2c/element - {"using":"xpath","value":"//*[@id=\"__tile132\"]"}
RESULT: {"using":"xpath","value":"//*[@id=\"__tile132\"]"}
COMMAND: POST /session/a0fa65e418457f6e1528b16bc1e26f2c/element/f.6300CB9FC90E916FB2ACF31257920715.d.61847414FF143BE38C5BF7188457CF72.e.19175/click - {}
RESULT: {}
COMMAND: GET /session/a0fa65e418457f6e1528b16bc1e26f2c/screenshot - {}
RESULT: {}
COMMAND: POST /session/a0fa65e418457f6e1528b16bc1e26f2c/elements - {"using":"xpath","value":"//span[text()='Error']"}
RESULT: {"using":"xpath","value":"//span[text()='Error']"}
RESULT: undefined
COMMAND: POST /session/a0fa65e418457f6e1528b16bc1e26f2c/execute/async - {"script":"<script> [776 bytes]","args":[{"enterText":"30636","selector":{"controlType":"sap.m.SearchField","viewName":"etm.portal.ui.managehandovers.view.MasterHO","bindingPath":{"propertyPath":"/_BASIC_SEARCH_FIELD","modelName":"fi1t3rM0d31"},"interaction":{"idSuffix":"I"}},"clearTextFirst":true,"interactionType":"ENTER_TEXT"}]}
RESULT: {"script":"<script> [776 bytes]","args":[{"enterText":"30636","selector":{"controlType":"sap.m.SearchField","viewName":"etm.portal.ui.managehandovers.view.MasterHO","bindingPath":{"propertyPath":"/_BASIC_SEARCH_FIELD","modelName":"fi1t3rM0d31"},"interaction":{"idSuffix":"I"}},"clearTextFirst":true,"interactionType":"ENTER_TEXT"}]}
COMMAND: POST /session/a0fa65e418457f6e1528b16bc1e26f2c/actions - {"actions":[{"id":"action73","type":"key","parameters":{},"actions":[{"type":"keyDown","value":"î€‡"},{"type":"pause","duration":10},{"type":"keyUp","value":"î€‡"}]}]}
RESULT: {"actions":[{"id":"action73","type":"key","parameters":{},"actions":[{"type":"keyDown","value":"î€‡"},{"type":"pause","duration":10},{"type":"keyUp","value":"î€‡"}]}]}
COMMAND: GET /session/a0fa65e418457f6e1528b16bc1e26f2c/screenshot - {}
RESULT: {}
COMMAND: POST /session/a0fa65e418457f6e1528b16bc1e26f2c/element - {"using":"xpath","value":"//span[(text() = '30636' or . = '30636')]"}
RESULT: {"using":"xpath","value":"//span[(text() = '30636' or . = '30636')]"}
COMMAND: POST /session/a0fa65e418457f6e1528b16bc1e26f2c/element/f.6300CB9FC90E916FB2ACF31257920715.d.61847414FF143BE38C5BF7188457CF72.e.22246/click - {}
RESULT: {}
COMMAND: GET /session/a0fa65e418457f6e1528b16bc1e26f2c/screenshot - {}
RESULT: {}
COMMAND: POST /session/a0fa65e418457f6e1528b16bc1e26f2c/element - {"using":"xpath","value":"//span[contains(text(), \"Instructions\")]"}
RESULT: {"using":"xpath","value":"//span[contains(text(), \"Instructions\")]"}
COMMAND: POST /session/a0fa65e418457f6e1528b16bc1e26f2c/element/f.6300CB9FC90E916FB2ACF31257920715.d.61847414FF143BE38C5BF7188457CF72.e.22330/click - {}
RESULT: {}
COMMAND: GET /session/a0fa65e418457f6e1528b16bc1e26f2c/screenshot - {}
RESULT: {}
COMMAND: POST /session/a0fa65e418457f6e1528b16bc1e26f2c/element - {"using":"xpath","value":"//span[contains(text(), \"Instructions\")]"}
RESULT: {"using":"xpath","value":"//span[contains(text(), \"Instructions\")]"}
COMMAND: POST /session/a0fa65e418457f6e1528b16bc1e26f2c/element/f.6300CB9FC90E916FB2ACF31257920715.d.61847414FF143BE38C5BF7188457CF72.e.22330/click - {}
RESULT: {}
COMMAND: GET /session/a0fa65e418457f6e1528b16bc1e26f2c/screenshot - {}
RESULT: {}
COMMAND: POST /session/a0fa65e418457f6e1528b16bc1e26f2c/element - {"using":"xpath","value":"//button[.//bdi[text() = \"Refuse\"]]"}
RESULT: {"using":"xpath","value":"//button[.//bdi[text() = \"Refuse\"]]"}
COMMAND: POST /session/a0fa65e418457f6e1528b16bc1e26f2c/element/f.6300CB9FC90E916FB2ACF31257920715.d.61847414FF143BE38C5BF7188457CF72.e.22335/click - {}
RESULT: {}
COMMAND: GET /session/a0fa65e418457f6e1528b16bc1e26f2c/screenshot - {}
RESULT: {}
COMMAND: POST /session/a0fa65e418457f6e1528b16bc1e26f2c/element - {"using":"xpath","value":"//button[@data-kt= \"execHoReceiveRefuseButton\"]"}
RESULT: {"using":"xpath","value":"//button[@data-kt= \"execHoReceiveRefuseButton\"]"}
COMMAND: POST /session/a0fa65e418457f6e1528b16bc1e26f2c/element/f.6300CB9FC90E916FB2ACF31257920715.d.61847414FF143BE38C5BF7188457CF72.e.22337/click - {}
RESULT: {}
COMMAND: GET /session/a0fa65e418457f6e1528b16bc1e26f2c/screenshot - {}
RESULT: {}
]]></system-out>
    </testcase>
  </testsuite>
  <testsuite timestamp="2025-05-17T17:19:33" time="411.625" tests="9" failures="0" errors="0" skipped="0">
    <properties>
      <property name="specId" value="0" />
      <property name="suiteName" value="Create masterdata for Yard Overview - trigger provide US130988" />
      <property name="capabilities" value="chrome.136_0_7103_93.windows" />
      <property name="file" value="file:///D:/a/1/s/test/specs/HTR/stock-decrease.spec.js" />
    </properties>
    <testcase classname="chrome.136_0_7103_93.windows.Create_masterdata_for_Yard_Overview_-_trigger_provide_US130988" name="Should create a new WHM yard" time="0.017">
      <system-out><![CDATA[
COMMAND: POST /session/a0fa65e418457f6e1528b16bc1e26f2c/window/fullscreen - {}
RESULT: {}
]]></system-out>
    </testcase>
    <testcase classname="chrome.136_0_7103_93.windows.Create_masterdata_for_Yard_Overview_-_trigger_provide_US130988" name="Should create a new partner" time="0.004" />
    <testcase classname="chrome.136_0_7103_93.windows.Create_masterdata_for_Yard_Overview_-_trigger_provide_US130988" name="Should create a new site" time="0.004" />
    <testcase classname="chrome.136_0_7103_93.windows.Create_masterdata_for_Yard_Overview_-_trigger_provide_US130988" name="Should create a new material" time="109.959">
      <system-out><![CDATA[
COMMAND: POST /session/a0fa65e418457f6e1528b16bc1e26f2c/execute/async - {"script":"<script> [1562 bytes]","args":[{"selector":{"controlType":"sap.m.GenericTile","properties":{"header":"Manage Resources"}},"wdio_ui5_key":"sapm.GenericTile{\"header\":\"Manage Resources\"}"}]}
RESULT: {"script":"<script> [1562 bytes]","args":[{"selector":{"controlType":"sap.m.GenericTile","properties":{"header":"Manage Resources"}},"wdio_ui5_key":"sapm.GenericTile{\"header\":\"Manage Resources\"}"}]}
RESULT: undefined
COMMAND: POST /session/a0fa65e418457f6e1528b16bc1e26f2c/element - {"using":"xpath","value":"//*[@id=\"__tile31\"]"}
RESULT: {"using":"xpath","value":"//*[@id=\"__tile31\"]"}
COMMAND: POST /session/a0fa65e418457f6e1528b16bc1e26f2c/element/f.6300CB9FC90E916FB2ACF31257920715.d.54B28226F5541F361F2F8527DCFED87B.e.22412/click - {}
RESULT: {}
COMMAND: GET /session/a0fa65e418457f6e1528b16bc1e26f2c/screenshot - {}
RESULT: {}
COMMAND: POST /session/a0fa65e418457f6e1528b16bc1e26f2c/elements - {"using":"xpath","value":"//span[text()='Error']"}
RESULT: {"using":"xpath","value":"//span[text()='Error']"}
COMMAND: POST /session/a0fa65e418457f6e1528b16bc1e26f2c/element - {"using":"xpath","value":"//button[@data-kt=\"addNewRUOverflowToolbarButton\"]"}
RESULT: {"using":"xpath","value":"//button[@data-kt=\"addNewRUOverflowToolbarButton\"]"}
COMMAND: POST /session/a0fa65e418457f6e1528b16bc1e26f2c/elements - {"using":"xpath","value":"//button[@data-kt=\"addNewRUOverflowToolbarButton\"]"}
RESULT: {"using":"xpath","value":"//button[@data-kt=\"addNewRUOverflowToolbarButton\"]"}
COMMAND: POST /session/a0fa65e418457f6e1528b16bc1e26f2c/execute/sync - {"script":"<script> [8489 bytes]","args":[{"element-6066-11e4-a52e-4f735466cecf":"f.6300CB9FC90E916FB2ACF31257920715.d.54B28226F5541F361F2F8527DCFED87B.e.22552","ELEMENT":"f.6300CB9FC90E916FB2ACF31257920715.d.54B28226F5541F361F2F8527DCFED87B.e.22552"}]}
RESULT: {"script":"<script> [8489 bytes]","args":[{"element-6066-11e4-a52e-4f735466cecf":"f.6300CB9FC90E916FB2ACF31257920715.d.54B28226F5541F361F2F8527DCFED87B.e.22552","ELEMENT":"f.6300CB9FC90E916FB2ACF31257920715.d.54B28226F5541F361F2F8527DCFED87B.e.22552"}]}
COMMAND: GET /session/a0fa65e418457f6e1528b16bc1e26f2c/element/f.6300CB9FC90E916FB2ACF31257920715.d.54B28226F5541F361F2F8527DCFED87B.e.22552/enabled - {}
COMMAND: GET /session/a0fa65e418457f6e1528b16bc1e26f2c/screenshot - {}
RESULT: {}
COMMAND: POST /session/a0fa65e418457f6e1528b16bc1e26f2c/execute/sync - {"script":"<script> [8489 bytes]","args":[{"element-6066-11e4-a52e-4f735466cecf":"f.6300CB9FC90E916FB2ACF31257920715.d.54B28226F5541F361F2F8527DCFED87B.e.22552","ELEMENT":"f.6300CB9FC90E916FB2ACF31257920715.d.54B28226F5541F361F2F8527DCFED87B.e.22552"}]}
COMMAND: GET /session/a0fa65e418457f6e1528b16bc1e26f2c/screenshot - {}
RESULT: {}
RESULT: {"script":"<script> [8489 bytes]","args":[{"element-6066-11e4-a52e-4f735466cecf":"f.6300CB9FC90E916FB2ACF31257920715.d.54B28226F5541F361F2F8527DCFED87B.e.22552","ELEMENT":"f.6300CB9FC90E916FB2ACF31257920715.d.54B28226F5541F361F2F8527DCFED87B.e.22552"}]}
COMMAND: POST /session/a0fa65e418457f6e1528b16bc1e26f2c/execute/sync - {"script":"<script> [5351 bytes]","args":[{"element-6066-11e4-a52e-4f735466cecf":"f.6300CB9FC90E916FB2ACF31257920715.d.54B28226F5541F361F2F8527DCFED87B.e.22552","ELEMENT":"f.6300CB9FC90E916FB2ACF31257920715.d.54B28226F5541F361F2F8527DCFED87B.e.22552"}]}
COMMAND: GET /session/a0fa65e418457f6e1528b16bc1e26f2c/screenshot - {}
RESULT: {}
RESULT: {"script":"<script> [5351 bytes]","args":[{"element-6066-11e4-a52e-4f735466cecf":"f.6300CB9FC90E916FB2ACF31257920715.d.54B28226F5541F361F2F8527DCFED87B.e.22552","ELEMENT":"f.6300CB9FC90E916FB2ACF31257920715.d.54B28226F5541F361F2F8527DCFED87B.e.22552"}]}
COMMAND: POST /session/a0fa65e418457f6e1528b16bc1e26f2c/element/f.6300CB9FC90E916FB2ACF31257920715.d.54B28226F5541F361F2F8527DCFED87B.e.22552/click - {}
COMMAND: GET /session/a0fa65e418457f6e1528b16bc1e26f2c/screenshot - {}
RESULT: {}
RESULT: {}
COMMAND: GET /session/a0fa65e418457f6e1528b16bc1e26f2c/screenshot - {}
COMMAND: POST /session/a0fa65e418457f6e1528b16bc1e26f2c/execute/async - {"script":"<script> [1562 bytes]","args":[{"selector":{"id":"application-manageresources-display-component---newResourceUnit--TYPE-arrow"},"wdio_ui5_key":"applicationmanageresources-display-component---newResourceUnit--TYPE-arrow"}]}
RESULT: {}
RESULT: {}
RESULT: {"script":"<script> [1562 bytes]","args":[{"selector":{"id":"application-manageresources-display-component---newResourceUnit--TYPE-arrow"},"wdio_ui5_key":"applicationmanageresources-display-component---newResourceUnit--TYPE-arrow"}]}
RESULT: undefined
COMMAND: POST /session/a0fa65e418457f6e1528b16bc1e26f2c/element - {"using":"xpath","value":"//*[@id=\"application-manageresources-display-component---newResourceUnit--TYPE-arrow\"]"}
RESULT: {"using":"xpath","value":"//*[@id=\"application-manageresources-display-component---newResourceUnit--TYPE-arrow\"]"}
COMMAND: POST /session/a0fa65e418457f6e1528b16bc1e26f2c/element/f.6300CB9FC90E916FB2ACF31257920715.d.54B28226F5541F361F2F8527DCFED87B.e.22906/click - {}
RESULT: {}
COMMAND: POST /session/a0fa65e418457f6e1528b16bc1e26f2c/element - {"using":"xpath","value":"//input[@id=\"application-manageresources-display-component---newResourceUnit--TYPE-inner\"]"}
COMMAND: GET /session/a0fa65e418457f6e1528b16bc1e26f2c/screenshot - {}
RESULT: {"using":"xpath","value":"//input[@id=\"application-manageresources-display-component---newResourceUnit--TYPE-inner\"]"}
COMMAND: POST /session/a0fa65e418457f6e1528b16bc1e26f2c/element/f.6300CB9FC90E916FB2ACF31257920715.d.54B28226F5541F361F2F8527DCFED87B.e.22888/clear - {}
RESULT: {}
RESULT: {}
COMMAND: POST /session/a0fa65e418457f6e1528b16bc1e26f2c/element/f.6300CB9FC90E916FB2ACF31257920715.d.54B28226F5541F361F2F8527DCFED87B.e.22888/value - {"text":"Material"}
COMMAND: GET /session/a0fa65e418457f6e1528b16bc1e26f2c/screenshot - {}
RESULT: {"text":"Material"}
COMMAND: GET /session/a0fa65e418457f6e1528b16bc1e26f2c/screenshot - {}
RESULT: {}
RESULT: {}
COMMAND: POST /session/a0fa65e418457f6e1528b16bc1e26f2c/actions - {"actions":[{"id":"action74","type":"key","parameters":{},"actions":[{"type":"keyDown","value":"î€‡"},{"type":"pause","duration":10},{"type":"keyUp","value":"î€‡"}]}]}
RESULT: {"actions":[{"id":"action74","type":"key","parameters":{},"actions":[{"type":"keyDown","value":"î€‡"},{"type":"pause","duration":10},{"type":"keyUp","value":"î€‡"}]}]}
COMMAND: POST /session/a0fa65e418457f6e1528b16bc1e26f2c/execute/async - {"script":"<script> [1562 bytes]","args":[{"selector":{"id":"application-manageresources-display-component---newResourceUnit--SHORT_TEXT","interaction":{"idSuffix":"inner"}},"wdio_ui5_key":"applicationmanageresources-display-component---newResourceUnit--SHORT_TEXT"}]}
COMMAND: GET /session/a0fa65e418457f6e1528b16bc1e26f2c/screenshot - {}
RESULT: {"script":"<script> [1562 bytes]","args":[{"selector":{"id":"application-manageresources-display-component---newResourceUnit--SHORT_TEXT","interaction":{"idSuffix":"inner"}},"wdio_ui5_key":"applicationmanageresources-display-component---newResourceUnit--SHORT_TEXT"}]}
RESULT: undefined
COMMAND: POST /session/a0fa65e418457f6e1528b16bc1e26f2c/execute/async - {"script":"<script> [776 bytes]","args":[{"enterText":"Cement WDIO","selector":{"id":"application-manageresources-display-component---newResourceUnit--SHORT_TEXT","interaction":{"idSuffix":"inner"}},"clearTextFirst":true,"interactionType":"ENTER_TEXT"}]}
RESULT: {}
RESULT: {"script":"<script> [776 bytes]","args":[{"enterText":"Cement WDIO","selector":{"id":"application-manageresources-display-component---newResourceUnit--SHORT_TEXT","interaction":{"idSuffix":"inner"}},"clearTextFirst":true,"interactionType":"ENTER_TEXT"}]}
COMMAND: POST /session/a0fa65e418457f6e1528b16bc1e26f2c/execute/async - {"script":"<script> [1562 bytes]","args":[{"selector":{"id":"application-manageresources-display-component---newResourceUnit--BASE_UNIT_OF_MEASURE","interaction":{"idSuffix":"inner"}},"wdio_ui5_key":"applicationmanageresources-display-component---newResourceUnit--BASE_UNIT_OF_MEASURE"}]}
RESULT: {"script":"<script> [1562 bytes]","args":[{"selector":{"id":"application-manageresources-display-component---newResourceUnit--BASE_UNIT_OF_MEASURE","interaction":{"idSuffix":"inner"}},"wdio_ui5_key":"applicationmanageresources-display-component---newResourceUnit--BASE_UNIT_OF_MEASURE"}]}
RESULT: undefined
COMMAND: POST /session/a0fa65e418457f6e1528b16bc1e26f2c/execute/async - {"script":"<script> [776 bytes]","args":[{"enterText":"Piece","selector":{"id":"application-manageresources-display-component---newResourceUnit--BASE_UNIT_OF_MEASURE","interaction":{"idSuffix":"inner"}},"clearTextFirst":true,"interactionType":"ENTER_TEXT"}]}
RESULT: {"script":"<script> [776 bytes]","args":[{"enterText":"Piece","selector":{"id":"application-manageresources-display-component---newResourceUnit--BASE_UNIT_OF_MEASURE","interaction":{"idSuffix":"inner"}},"clearTextFirst":true,"interactionType":"ENTER_TEXT"}]}
COMMAND: POST /session/a0fa65e418457f6e1528b16bc1e26f2c/execute/async - {"script":"<script> [1562 bytes]","args":[{"selector":{"id":"application-manageresources-display-component---newResourceUnit--WEIGHT_UNIT","interaction":{"idSuffix":"inner"}},"wdio_ui5_key":"applicationmanageresources-display-component---newResourceUnit--WEIGHT_UNIT"}]}
RESULT: {"script":"<script> [1562 bytes]","args":[{"selector":{"id":"application-manageresources-display-component---newResourceUnit--WEIGHT_UNIT","interaction":{"idSuffix":"inner"}},"wdio_ui5_key":"applicationmanageresources-display-component---newResourceUnit--WEIGHT_UNIT"}]}
RESULT: undefined
COMMAND: POST /session/a0fa65e418457f6e1528b16bc1e26f2c/execute/async - {"script":"<script> [776 bytes]","args":[{"enterText":"Gram","selector":{"id":"application-manageresources-display-component---newResourceUnit--WEIGHT_UNIT","interaction":{"idSuffix":"inner"}},"clearTextFirst":true,"interactionType":"ENTER_TEXT"}]}
RESULT: {"script":"<script> [776 bytes]","args":[{"enterText":"Gram","selector":{"id":"application-manageresources-display-component---newResourceUnit--WEIGHT_UNIT","interaction":{"idSuffix":"inner"}},"clearTextFirst":true,"interactionType":"ENTER_TEXT"}]}
COMMAND: POST /session/a0fa65e418457f6e1528b16bc1e26f2c/execute/async - {"script":"<script> [1562 bytes]","args":[{"selector":{"id":"application-manageresources-display-component---newResourceUnit--DIMENSION_UNIT","interaction":{"idSuffix":"inner"}},"wdio_ui5_key":"applicationmanageresources-display-component---newResourceUnit--DIMENSION_UNIT"}]}
RESULT: {"script":"<script> [1562 bytes]","args":[{"selector":{"id":"application-manageresources-display-component---newResourceUnit--DIMENSION_UNIT","interaction":{"idSuffix":"inner"}},"wdio_ui5_key":"applicationmanageresources-display-component---newResourceUnit--DIMENSION_UNIT"}]}
RESULT: undefined
COMMAND: POST /session/a0fa65e418457f6e1528b16bc1e26f2c/execute/async - {"script":"<script> [776 bytes]","args":[{"enterText":"Meter","selector":{"id":"application-manageresources-display-component---newResourceUnit--DIMENSION_UNIT","interaction":{"idSuffix":"inner"}},"clearTextFirst":true,"interactionType":"ENTER_TEXT"}]}
RESULT: {"script":"<script> [776 bytes]","args":[{"enterText":"Meter","selector":{"id":"application-manageresources-display-component---newResourceUnit--DIMENSION_UNIT","interaction":{"idSuffix":"inner"}},"clearTextFirst":true,"interactionType":"ENTER_TEXT"}]}
COMMAND: POST /session/a0fa65e418457f6e1528b16bc1e26f2c/execute/async - {"script":"<script> [1562 bytes]","args":[{"selector":{"id":"application-manageresources-display-component---newResourceUnit--newRRUPage-anchBar-application-manageresources-display-component---newResourceUnit--control-anchor","interaction":{"idSuffix":"BDI-content"}},"wdio_ui5_key":"applicationmanageresources-display-component---newResourceUnit--newRRUPage-anchBar-application-manageresources-display-component---newResourceUnit--control-anchor"}]}
RESULT: {"script":"<script> [1562 bytes]","args":[{"selector":{"id":"application-manageresources-display-component---newResourceUnit--newRRUPage-anchBar-application-manageresources-display-component---newResourceUnit--control-anchor","interaction":{"idSuffix":"BDI-content"}},"wdio_ui5_key":"applicationmanageresources-display-component---newResourceUnit--newRRUPage-anchBar-application-manageresources-display-component---newResourceUnit--control-anchor"}]}
RESULT: undefined
COMMAND: POST /session/a0fa65e418457f6e1528b16bc1e26f2c/element - {"using":"xpath","value":"//*[@id=\"application-manageresources-display-component---newResourceUnit--newRRUPage-anchBar-application-manageresources-display-component---newResourceUnit--control-anchor\"]"}
RESULT: {"using":"xpath","value":"//*[@id=\"application-manageresources-display-component---newResourceUnit--newRRUPage-anchBar-application-manageresources-display-component---newResourceUnit--control-anchor\"]"}
COMMAND: POST /session/a0fa65e418457f6e1528b16bc1e26f2c/element/f.6300CB9FC90E916FB2ACF31257920715.d.54B28226F5541F361F2F8527DCFED87B.e.22973/click - {}
RESULT: {}
COMMAND: POST /session/a0fa65e418457f6e1528b16bc1e26f2c/execute/async - {"script":"<script> [1562 bytes]","args":[{"selector":{"id":"application-manageresources-display-component---newResourceUnit--PLANNING_GROUP","interaction":{"idSuffix":"inner"}},"wdio_ui5_key":"applicationmanageresources-display-component---newResourceUnit--PLANNING_GROUP"}]}
COMMAND: GET /session/a0fa65e418457f6e1528b16bc1e26f2c/screenshot - {}
RESULT: {"script":"<script> [1562 bytes]","args":[{"selector":{"id":"application-manageresources-display-component---newResourceUnit--PLANNING_GROUP","interaction":{"idSuffix":"inner"}},"wdio_ui5_key":"applicationmanageresources-display-component---newResourceUnit--PLANNING_GROUP"}]}
RESULT: undefined
COMMAND: POST /session/a0fa65e418457f6e1528b16bc1e26f2c/execute/async - {"script":"<script> [776 bytes]","args":[{"enterText":"Material","selector":{"id":"application-manageresources-display-component---newResourceUnit--PLANNING_GROUP","interaction":{"idSuffix":"inner"}},"clearTextFirst":true,"interactionType":"ENTER_TEXT"}]}
RESULT: {}
RESULT: {"script":"<script> [776 bytes]","args":[{"enterText":"Material","selector":{"id":"application-manageresources-display-component---newResourceUnit--PLANNING_GROUP","interaction":{"idSuffix":"inner"}},"clearTextFirst":true,"interactionType":"ENTER_TEXT"}]}
COMMAND: POST /session/a0fa65e418457f6e1528b16bc1e26f2c/execute/async - {"script":"<script> [1562 bytes]","args":[{"selector":{"id":"application-manageresources-display-component---newResourceUnit--PLANNING_INDICATOR","interaction":{"idSuffix":"inner"}},"wdio_ui5_key":"applicationmanageresources-display-component---newResourceUnit--PLANNING_INDICATOR"}]}
RESULT: {"script":"<script> [1562 bytes]","args":[{"selector":{"id":"application-manageresources-display-component---newResourceUnit--PLANNING_INDICATOR","interaction":{"idSuffix":"inner"}},"wdio_ui5_key":"applicationmanageresources-display-component---newResourceUnit--PLANNING_INDICATOR"}]}
RESULT: undefined
COMMAND: POST /session/a0fa65e418457f6e1528b16bc1e26f2c/execute/async - {"script":"<script> [776 bytes]","args":[{"enterText":"10 - infinite","selector":{"id":"application-manageresources-display-component---newResourceUnit--PLANNING_INDICATOR","interaction":{"idSuffix":"inner"}},"clearTextFirst":true,"interactionType":"ENTER_TEXT"}]}
RESULT: {"script":"<script> [776 bytes]","args":[{"enterText":"10 - infinite","selector":{"id":"application-manageresources-display-component---newResourceUnit--PLANNING_INDICATOR","interaction":{"idSuffix":"inner"}},"clearTextFirst":true,"interactionType":"ENTER_TEXT"}]}
COMMAND: POST /session/a0fa65e418457f6e1528b16bc1e26f2c/element - {"using":"css selector","value":"#application-manageresources-display-component---newResourceUnit--btnAddTimeSegment"}
RESULT: {"using":"css selector","value":"#application-manageresources-display-component---newResourceUnit--btnAddTimeSegment"}
COMMAND: GET /session/a0fa65e418457f6e1528b16bc1e26f2c/element/f.6300CB9FC90E916FB2ACF31257920715.d.54B28226F5541F361F2F8527DCFED87B.e.22983/rect - {}
RESULT: {}
COMMAND: GET /session/a0fa65e418457f6e1528b16bc1e26f2c/window/rect - {}
RESULT: {}
COMMAND: POST /session/a0fa65e418457f6e1528b16bc1e26f2c/execute/sync - {"script":"<script> [92 bytes]","args":[]}
RESULT: {"script":"<script> [92 bytes]","args":[]}
COMMAND: POST /session/a0fa65e418457f6e1528b16bc1e26f2c/actions - {"actions":[{"id":"action75","type":"wheel","parameters":{},"actions":[{"type":"scroll","x":-1888,"y":-32,"deltaX":0,"deltaY":0,"duration":0,"origin":{"element-6066-11e4-a52e-4f735466cecf":"f.6300CB9FC90E916FB2ACF31257920715.d.54B28226F5541F361F2F8527DCFED87B.e.22983"}}]}]}
COMMAND: GET /session/a0fa65e418457f6e1528b16bc1e26f2c/screenshot - {}
RESULT: {}
COMMAND: POST /session/a0fa65e418457f6e1528b16bc1e26f2c/execute/sync - {"script":"<script> [79 bytes]","args":[{"element-6066-11e4-a52e-4f735466cecf":"f.6300CB9FC90E916FB2ACF31257920715.d.54B28226F5541F361F2F8527DCFED87B.e.22983","ELEMENT":"f.6300CB9FC90E916FB2ACF31257920715.d.54B28226F5541F361F2F8527DCFED87B.e.22983"},{"block":"start","inline":"nearest"}]}
RESULT: {"script":"<script> [79 bytes]","args":[{"element-6066-11e4-a52e-4f735466cecf":"f.6300CB9FC90E916FB2ACF31257920715.d.54B28226F5541F361F2F8527DCFED87B.e.22983","ELEMENT":"f.6300CB9FC90E916FB2ACF31257920715.d.54B28226F5541F361F2F8527DCFED87B.e.22983"},{"block":"start","inline":"nearest"}]}
COMMAND: POST /session/a0fa65e418457f6e1528b16bc1e26f2c/execute/async - {"script":"<script> [1562 bytes]","args":[{"selector":{"id":"application-manageresources-display-component---newResourceUnit--btnAddTimeSegment","interaction":{"idSuffix":"inner"}},"wdio_ui5_key":"applicationmanageresources-display-component---newResourceUnit--btnAddTimeSegment"}]}
COMMAND: GET /session/a0fa65e418457f6e1528b16bc1e26f2c/screenshot - {}
RESULT: {"script":"<script> [1562 bytes]","args":[{"selector":{"id":"application-manageresources-display-component---newResourceUnit--btnAddTimeSegment","interaction":{"idSuffix":"inner"}},"wdio_ui5_key":"applicationmanageresources-display-component---newResourceUnit--btnAddTimeSegment"}]}
RESULT: undefined
COMMAND: POST /session/a0fa65e418457f6e1528b16bc1e26f2c/element - {"using":"xpath","value":"//*[@id=\"application-manageresources-display-component---newResourceUnit--btnAddTimeSegment\"]"}
RESULT: {}
RESULT: {"using":"xpath","value":"//*[@id=\"application-manageresources-display-component---newResourceUnit--btnAddTimeSegment\"]"}
COMMAND: POST /session/a0fa65e418457f6e1528b16bc1e26f2c/element/f.6300CB9FC90E916FB2ACF31257920715.d.54B28226F5541F361F2F8527DCFED87B.e.22983/click - {}
RESULT: {}
COMMAND: GET /session/a0fa65e418457f6e1528b16bc1e26f2c/screenshot - {}
RESULT: {}
COMMAND: POST /session/a0fa65e418457f6e1528b16bc1e26f2c/element - {"using":"xpath","value":"//input[@id=\"application-manageresources-display-component---newResourceUnit--idRuTSAdmin-application-manageresources-display-component---newResourceUnit--RUTimeSegment-0-inner\"]"}
RESULT: {"using":"xpath","value":"//input[@id=\"application-manageresources-display-component---newResourceUnit--idRuTSAdmin-application-manageresources-display-component---newResourceUnit--RUTimeSegment-0-inner\"]"}
COMMAND: POST /session/a0fa65e418457f6e1528b16bc1e26f2c/element/f.6300CB9FC90E916FB2ACF31257920715.d.54B28226F5541F361F2F8527DCFED87B.e.22988/clear - {}
RESULT: {}
COMMAND: POST /session/a0fa65e418457f6e1528b16bc1e26f2c/element/f.6300CB9FC90E916FB2ACF31257920715.d.54B28226F5541F361F2F8527DCFED87B.e.22988/value - {"text":"495"}
COMMAND: GET /session/a0fa65e418457f6e1528b16bc1e26f2c/screenshot - {}
RESULT: {"text":"495"}
COMMAND: GET /session/a0fa65e418457f6e1528b16bc1e26f2c/screenshot - {}
RESULT: {}
RESULT: {}
COMMAND: POST /session/a0fa65e418457f6e1528b16bc1e26f2c/element - {"using":"xpath","value":"//li[.//span[text()='495']]"}
RESULT: {"using":"xpath","value":"//li[.//span[text()='495']]"}
COMMAND: POST /session/a0fa65e418457f6e1528b16bc1e26f2c/element/f.6300CB9FC90E916FB2ACF31257920715.d.54B28226F5541F361F2F8527DCFED87B.e.22998/click - {}
RESULT: {}
COMMAND: GET /session/a0fa65e418457f6e1528b16bc1e26f2c/screenshot - {}
RESULT: {}
COMMAND: POST /session/a0fa65e418457f6e1528b16bc1e26f2c/element - {"using":"xpath","value":"(//span[contains(@id, \"-application-manageresources-display-component---newResourceUnit--RUTimeSegment-0-arrow\")])[2]"}
RESULT: {"using":"xpath","value":"(//span[contains(@id, \"-application-manageresources-display-component---newResourceUnit--RUTimeSegment-0-arrow\")])[2]"}
COMMAND: POST /session/a0fa65e418457f6e1528b16bc1e26f2c/element/f.6300CB9FC90E916FB2ACF31257920715.d.54B28226F5541F361F2F8527DCFED87B.e.22999/click - {}
RESULT: {}
COMMAND: POST /session/a0fa65e418457f6e1528b16bc1e26f2c/element - {"using":"xpath","value":"//span[contains(text(), \"PM Order\")]"}
COMMAND: GET /session/a0fa65e418457f6e1528b16bc1e26f2c/screenshot - {}
RESULT: {"using":"xpath","value":"//span[contains(text(), \"PM Order\")]"}
COMMAND: POST /session/a0fa65e418457f6e1528b16bc1e26f2c/element/f.6300CB9FC90E916FB2ACF31257920715.d.54B28226F5541F361F2F8527DCFED87B.e.23000/click - {}
RESULT: {}
RESULT: {}
COMMAND: GET /session/a0fa65e418457f6e1528b16bc1e26f2c/screenshot - {}
RESULT: {}
COMMAND: POST /session/a0fa65e418457f6e1528b16bc1e26f2c/element - {"using":"xpath","value":"//td/div/div/div/span[contains(@id, \"newResourceUnit--RUTimeSegment-0-vhi\")][1]"}
RESULT: {"using":"xpath","value":"//td/div/div/div/span[contains(@id, \"newResourceUnit--RUTimeSegment-0-vhi\")][1]"}
COMMAND: GET /session/a0fa65e418457f6e1528b16bc1e26f2c/element/f.6300CB9FC90E916FB2ACF31257920715.d.54B28226F5541F361F2F8527DCFED87B.e.23004/rect - {}
RESULT: {}
COMMAND: GET /session/a0fa65e418457f6e1528b16bc1e26f2c/window/rect - {}
RESULT: {}
COMMAND: POST /session/a0fa65e418457f6e1528b16bc1e26f2c/execute/sync - {"script":"<script> [92 bytes]","args":[]}
RESULT: {"script":"<script> [92 bytes]","args":[]}
COMMAND: POST /session/a0fa65e418457f6e1528b16bc1e26f2c/actions - {"actions":[{"id":"action76","type":"wheel","parameters":{},"actions":[{"type":"scroll","x":-1888,"y":-24,"deltaX":0,"deltaY":0,"duration":0,"origin":{"element-6066-11e4-a52e-4f735466cecf":"f.6300CB9FC90E916FB2ACF31257920715.d.54B28226F5541F361F2F8527DCFED87B.e.23004"}}]}]}
COMMAND: GET /session/a0fa65e418457f6e1528b16bc1e26f2c/screenshot - {}
RESULT: {}
COMMAND: POST /session/a0fa65e418457f6e1528b16bc1e26f2c/execute/sync - {"script":"<script> [79 bytes]","args":[{"element-6066-11e4-a52e-4f735466cecf":"f.6300CB9FC90E916FB2ACF31257920715.d.54B28226F5541F361F2F8527DCFED87B.e.23004","ELEMENT":"f.6300CB9FC90E916FB2ACF31257920715.d.54B28226F5541F361F2F8527DCFED87B.e.23004"},{"block":"start","inline":"nearest"}]}
RESULT: {"script":"<script> [79 bytes]","args":[{"element-6066-11e4-a52e-4f735466cecf":"f.6300CB9FC90E916FB2ACF31257920715.d.54B28226F5541F361F2F8527DCFED87B.e.23004","ELEMENT":"f.6300CB9FC90E916FB2ACF31257920715.d.54B28226F5541F361F2F8527DCFED87B.e.23004"},{"block":"start","inline":"nearest"}]}
COMMAND: GET /session/a0fa65e418457f6e1528b16bc1e26f2c/screenshot - {}
RESULT: {}
COMMAND: POST /session/a0fa65e418457f6e1528b16bc1e26f2c/element/f.6300CB9FC90E916FB2ACF31257920715.d.54B28226F5541F361F2F8527DCFED87B.e.23004/click - {}
RESULT: {}
COMMAND: GET /session/a0fa65e418457f6e1528b16bc1e26f2c/screenshot - {}
RESULT: {}
COMMAND: POST /session/a0fa65e418457f6e1528b16bc1e26f2c/execute/async - {"script":"<script> [1562 bytes]","args":[{"selector":{"controlType":"sap.m.SearchField","properties":{"placeholder":"Search"},"searchOpenDialogs":true,"interaction":{"idSuffix":"I"}},"wdio_ui5_key":"sapm.SearchField{\"placeholder\":\"Search\"}"}]}
RESULT: {"script":"<script> [1562 bytes]","args":[{"selector":{"controlType":"sap.m.SearchField","properties":{"placeholder":"Search"},"searchOpenDialogs":true,"interaction":{"idSuffix":"I"}},"wdio_ui5_key":"sapm.SearchField{\"placeholder\":\"Search\"}"}]}
RESULT: undefined
COMMAND: POST /session/a0fa65e418457f6e1528b16bc1e26f2c/execute/async - {"script":"<script> [776 bytes]","args":[{"enterText":"4000360","selector":{"controlType":"sap.m.SearchField","properties":{"placeholder":"Search"},"searchOpenDialogs":true,"interaction":{"idSuffix":"I"}},"clearTextFirst":true,"interactionType":"ENTER_TEXT"}]}
RESULT: {"script":"<script> [776 bytes]","args":[{"enterText":"4000360","selector":{"controlType":"sap.m.SearchField","properties":{"placeholder":"Search"},"searchOpenDialogs":true,"interaction":{"idSuffix":"I"}},"clearTextFirst":true,"interactionType":"ENTER_TEXT"}]}
COMMAND: POST /session/a0fa65e418457f6e1528b16bc1e26f2c/actions - {"actions":[{"id":"action77","type":"key","parameters":{},"actions":[{"type":"keyDown","value":"î€‡"},{"type":"pause","duration":10},{"type":"keyUp","value":"î€‡"}]}]}
RESULT: {"actions":[{"id":"action77","type":"key","parameters":{},"actions":[{"type":"keyDown","value":"î€‡"},{"type":"pause","duration":10},{"type":"keyUp","value":"î€‡"}]}]}
COMMAND: GET /session/a0fa65e418457f6e1528b16bc1e26f2c/screenshot - {}
RESULT: {}
COMMAND: POST /session/a0fa65e418457f6e1528b16bc1e26f2c/element - {"using":"xpath","value":"//td/div/span[contains(text(), \"BGL Vehicles\")]"}
RESULT: {"using":"xpath","value":"//td/div/span[contains(text(), \"BGL Vehicles\")]"}
COMMAND: POST /session/a0fa65e418457f6e1528b16bc1e26f2c/element/f.6300CB9FC90E916FB2ACF31257920715.d.54B28226F5541F361F2F8527DCFED87B.e.23026/click - {}
RESULT: {}
COMMAND: GET /session/a0fa65e418457f6e1528b16bc1e26f2c/screenshot - {}
RESULT: {}
COMMAND: POST /session/a0fa65e418457f6e1528b16bc1e26f2c/element - {"using":"xpath","value":"//bdi[contains(text(), \"OK\")]"}
RESULT: {"using":"xpath","value":"//bdi[contains(text(), \"OK\")]"}
COMMAND: POST /session/a0fa65e418457f6e1528b16bc1e26f2c/element/f.6300CB9FC90E916FB2ACF31257920715.d.54B28226F5541F361F2F8527DCFED87B.e.23027/click - {}
RESULT: {}
COMMAND: GET /session/a0fa65e418457f6e1528b16bc1e26f2c/screenshot - {}
RESULT: {}
COMMAND: POST /session/a0fa65e418457f6e1528b16bc1e26f2c/element - {"using":"xpath","value":"//label[contains(@class, 'sapMLabelRequired') and .//bdi[contains(text(), 'Planned Retirement')]]"}
RESULT: {"using":"xpath","value":"//label[contains(@class, 'sapMLabelRequired') and .//bdi[contains(text(), 'Planned Retirement')]]"}
COMMAND: POST /session/a0fa65e418457f6e1528b16bc1e26f2c/elements - {"using":"xpath","value":"//label[contains(@class, 'sapMLabelRequired') and .//bdi[contains(text(), 'Planned Retirement')]]"}
RESULT: {"using":"xpath","value":"//label[contains(@class, 'sapMLabelRequired') and .//bdi[contains(text(), 'Planned Retirement')]]"}
COMMAND: POST /session/a0fa65e418457f6e1528b16bc1e26f2c/element - {"using":"xpath","value":"//button[@data-kt=\"resourceUnitSaveButton\"]"}
RESULT: {"using":"xpath","value":"//button[@data-kt=\"resourceUnitSaveButton\"]"}
COMMAND: POST /session/a0fa65e418457f6e1528b16bc1e26f2c/element/f.6300CB9FC90E916FB2ACF31257920715.d.54B28226F5541F361F2F8527DCFED87B.e.22925/click - {}
RESULT: {}
COMMAND: GET /session/a0fa65e418457f6e1528b16bc1e26f2c/screenshot - {}
RESULT: {}
COMMAND: POST /session/a0fa65e418457f6e1528b16bc1e26f2c/element - {"using":"xpath","value":"//bdi[contains(text(), \"Close\")]"}
RESULT: {"using":"xpath","value":"//bdi[contains(text(), \"Close\")]"}
COMMAND: POST /session/a0fa65e418457f6e1528b16bc1e26f2c/element/f.6300CB9FC90E916FB2ACF31257920715.d.54B28226F5541F361F2F8527DCFED87B.e.23034/click - {}
RESULT: {}
COMMAND: GET /session/a0fa65e418457f6e1528b16bc1e26f2c/screenshot - {}
RESULT: {}
COMMAND: POST /session/a0fa65e418457f6e1528b16bc1e26f2c/element - {"using":"xpath","value":"//header[contains(@id, 'detailRruPage-headerTitle')]/div[1]/div[2]/div[2]/span[1]"}
RESULT: {"using":"xpath","value":"//header[contains(@id, 'detailRruPage-headerTitle')]/div[1]/div[2]/div[2]/span[1]"}
COMMAND: POST /session/a0fa65e418457f6e1528b16bc1e26f2c/elements - {"using":"xpath","value":"//header[contains(@id, 'detailRruPage-headerTitle')]/div[1]/div[2]/div[2]/span[1]"}
RESULT: {"using":"xpath","value":"//header[contains(@id, 'detailRruPage-headerTitle')]/div[1]/div[2]/div[2]/span[1]"}
COMMAND: POST /session/a0fa65e418457f6e1528b16bc1e26f2c/execute/sync - {"script":"<script> [56 bytes]","args":[{"element-6066-11e4-a52e-4f735466cecf":"f.6300CB9FC90E916FB2ACF31257920715.d.54B28226F5541F361F2F8527DCFED87B.e.23068","ELEMENT":"f.6300CB9FC90E916FB2ACF31257920715.d.54B28226F5541F361F2F8527DCFED87B.e.23068"}]}
RESULT: {"script":"<script> [56 bytes]","args":[{"element-6066-11e4-a52e-4f735466cecf":"f.6300CB9FC90E916FB2ACF31257920715.d.54B28226F5541F361F2F8527DCFED87B.e.23068","ELEMENT":"f.6300CB9FC90E916FB2ACF31257920715.d.54B28226F5541F361F2F8527DCFED87B.e.23068"}]}
COMMAND: POST /session/a0fa65e418457f6e1528b16bc1e26f2c/element - {"using":"css selector","value":"#shell-header-logo"}
COMMAND: GET /session/a0fa65e418457f6e1528b16bc1e26f2c/screenshot - {}
RESULT: {"using":"css selector","value":"#shell-header-logo"}
COMMAND: POST /session/a0fa65e418457f6e1528b16bc1e26f2c/element/f.6300CB9FC90E916FB2ACF31257920715.d.54B28226F5541F361F2F8527DCFED87B.e.22395/click - {}
RESULT: {}
RESULT: {}
COMMAND: GET /session/a0fa65e418457f6e1528b16bc1e26f2c/screenshot - {}
RESULT: {}
]]></system-out>
    </testcase>
    <testcase classname="chrome.136_0_7103_93.windows.Create_masterdata_for_Yard_Overview_-_trigger_provide_US130988" name="Bin Status Report Should Create New Organization yard" time="0.003" />
    <testcase classname="chrome.136_0_7103_93.windows.Create_masterdata_for_Yard_Overview_-_trigger_provide_US130988" name="Create a Warehouse Movement for created yard" time="41.615">
      <system-out><![CDATA[
COMMAND: POST /session/a0fa65e418457f6e1528b16bc1e26f2c/execute/async - {"script":"<script> [1562 bytes]","args":[{"selector":{"controlType":"sap.m.GenericTile","properties":{"header":"Manage Warehouse Movements"}},"wdio_ui5_key":"sapm.GenericTile{\"header\":\"Manage Warehouse Movements\"}"}]}
RESULT: {"script":"<script> [1562 bytes]","args":[{"selector":{"controlType":"sap.m.GenericTile","properties":{"header":"Manage Warehouse Movements"}},"wdio_ui5_key":"sapm.GenericTile{\"header\":\"Manage Warehouse Movements\"}"}]}
RESULT: undefined
COMMAND: POST /session/a0fa65e418457f6e1528b16bc1e26f2c/element - {"using":"xpath","value":"//*[@id=\"__tile105\"]"}
RESULT: {"using":"xpath","value":"//*[@id=\"__tile105\"]"}
COMMAND: POST /session/a0fa65e418457f6e1528b16bc1e26f2c/element/f.6300CB9FC90E916FB2ACF31257920715.d.54B28226F5541F361F2F8527DCFED87B.e.23074/click - {}
RESULT: {}
COMMAND: POST /session/a0fa65e418457f6e1528b16bc1e26f2c/element - {"using":"xpath","value":"//input[@id='application-warehousemovements-display-component---warehouseMovements--smartFilterBar-filterItemControl_BASIC-YARD-inner']"}
COMMAND: GET /session/a0fa65e418457f6e1528b16bc1e26f2c/screenshot - {}
RESULT: {"using":"xpath","value":"//input[@id='application-warehousemovements-display-component---warehouseMovements--smartFilterBar-filterItemControl_BASIC-YARD-inner']"}
COMMAND: POST /session/a0fa65e418457f6e1528b16bc1e26f2c/elements - {"using":"xpath","value":"//input[@id='application-warehousemovements-display-component---warehouseMovements--smartFilterBar-filterItemControl_BASIC-YARD-inner']"}
RESULT: {}
RESULT: {"using":"xpath","value":"//input[@id='application-warehousemovements-display-component---warehouseMovements--smartFilterBar-filterItemControl_BASIC-YARD-inner']"}
COMMAND: POST /session/a0fa65e418457f6e1528b16bc1e26f2c/element - {"using":"xpath","value":"//input[@id='application-warehousemovements-display-component---warehouseMovements--smartFilterBar-filterItemControl_BASIC-YARD-inner']"}
RESULT: {"using":"xpath","value":"//input[@id='application-warehousemovements-display-component---warehouseMovements--smartFilterBar-filterItemControl_BASIC-YARD-inner']"}
COMMAND: POST /session/a0fa65e418457f6e1528b16bc1e26f2c/execute/sync - {"script":"<script> [8489 bytes]","args":[{"element-6066-11e4-a52e-4f735466cecf":"f.6300CB9FC90E916FB2ACF31257920715.d.54B28226F5541F361F2F8527DCFED87B.e.23082","ELEMENT":"f.6300CB9FC90E916FB2ACF31257920715.d.54B28226F5541F361F2F8527DCFED87B.e.23082"}]}
RESULT: {"script":"<script> [8489 bytes]","args":[{"element-6066-11e4-a52e-4f735466cecf":"f.6300CB9FC90E916FB2ACF31257920715.d.54B28226F5541F361F2F8527DCFED87B.e.23082","ELEMENT":"f.6300CB9FC90E916FB2ACF31257920715.d.54B28226F5541F361F2F8527DCFED87B.e.23082"}]}
COMMAND: GET /session/a0fa65e418457f6e1528b16bc1e26f2c/element/f.6300CB9FC90E916FB2ACF31257920715.d.54B28226F5541F361F2F8527DCFED87B.e.23082/enabled - {}
COMMAND: GET /session/a0fa65e418457f6e1528b16bc1e26f2c/screenshot - {}
RESULT: {}
COMMAND: POST /session/a0fa65e418457f6e1528b16bc1e26f2c/execute/sync - {"script":"<script> [8489 bytes]","args":[{"element-6066-11e4-a52e-4f735466cecf":"f.6300CB9FC90E916FB2ACF31257920715.d.54B28226F5541F361F2F8527DCFED87B.e.23082","ELEMENT":"f.6300CB9FC90E916FB2ACF31257920715.d.54B28226F5541F361F2F8527DCFED87B.e.23082"}]}
COMMAND: GET /session/a0fa65e418457f6e1528b16bc1e26f2c/screenshot - {}
RESULT: {}
RESULT: {"script":"<script> [8489 bytes]","args":[{"element-6066-11e4-a52e-4f735466cecf":"f.6300CB9FC90E916FB2ACF31257920715.d.54B28226F5541F361F2F8527DCFED87B.e.23082","ELEMENT":"f.6300CB9FC90E916FB2ACF31257920715.d.54B28226F5541F361F2F8527DCFED87B.e.23082"}]}
COMMAND: POST /session/a0fa65e418457f6e1528b16bc1e26f2c/execute/sync - {"script":"<script> [5351 bytes]","args":[{"element-6066-11e4-a52e-4f735466cecf":"f.6300CB9FC90E916FB2ACF31257920715.d.54B28226F5541F361F2F8527DCFED87B.e.23082","ELEMENT":"f.6300CB9FC90E916FB2ACF31257920715.d.54B28226F5541F361F2F8527DCFED87B.e.23082"}]}
COMMAND: GET /session/a0fa65e418457f6e1528b16bc1e26f2c/screenshot - {}
RESULT: {}
RESULT: {"script":"<script> [5351 bytes]","args":[{"element-6066-11e4-a52e-4f735466cecf":"f.6300CB9FC90E916FB2ACF31257920715.d.54B28226F5541F361F2F8527DCFED87B.e.23082","ELEMENT":"f.6300CB9FC90E916FB2ACF31257920715.d.54B28226F5541F361F2F8527DCFED87B.e.23082"}]}
COMMAND: GET /session/a0fa65e418457f6e1528b16bc1e26f2c/screenshot - {}
RESULT: {}
RESULT: {}
COMMAND: POST /session/a0fa65e418457f6e1528b16bc1e26f2c/element/f.6300CB9FC90E916FB2ACF31257920715.d.54B28226F5541F361F2F8527DCFED87B.e.23082/clear - {}
RESULT: {}
COMMAND: POST /session/a0fa65e418457f6e1528b16bc1e26f2c/element/f.6300CB9FC90E916FB2ACF31257920715.d.54B28226F5541F361F2F8527DCFED87B.e.23082/value - {"text":"495"}
COMMAND: GET /session/a0fa65e418457f6e1528b16bc1e26f2c/screenshot - {}
RESULT: {"text":"495"}
COMMAND: POST /session/a0fa65e418457f6e1528b16bc1e26f2c/actions - {"actions":[{"id":"action78","type":"key","parameters":{},"actions":[{"type":"keyDown","value":"î€‡"},{"type":"pause","duration":10},{"type":"keyUp","value":"î€‡"}]}]}
COMMAND: GET /session/a0fa65e418457f6e1528b16bc1e26f2c/screenshot - {}
RESULT: {}
RESULT: {"actions":[{"id":"action78","type":"key","parameters":{},"actions":[{"type":"keyDown","value":"î€‡"},{"type":"pause","duration":10},{"type":"keyUp","value":"î€‡"}]}]}
COMMAND: GET /session/a0fa65e418457f6e1528b16bc1e26f2c/screenshot - {}
RESULT: {}
RESULT: {}
COMMAND: POST /session/a0fa65e418457f6e1528b16bc1e26f2c/element - {"using":"xpath","value":"//button[contains(@data-kt, \"MasterMovementAddOverflowToolbarButton\")]"}
RESULT: {"using":"xpath","value":"//button[contains(@data-kt, \"MasterMovementAddOverflowToolbarButton\")]"}
COMMAND: POST /session/a0fa65e418457f6e1528b16bc1e26f2c/element/f.6300CB9FC90E916FB2ACF31257920715.d.54B28226F5541F361F2F8527DCFED87B.e.23122/click - {}
RESULT: {}
COMMAND: GET /session/a0fa65e418457f6e1528b16bc1e26f2c/screenshot - {}
RESULT: {}
COMMAND: POST /session/a0fa65e418457f6e1528b16bc1e26f2c/element - {"using":"xpath","value":"//*[@id=\"application-warehousemovements-display-component---addMovement--sectionsList-arrow\"]"}
RESULT: {"using":"xpath","value":"//*[@id=\"application-warehousemovements-display-component---addMovement--sectionsList-arrow\"]"}
COMMAND: POST /session/a0fa65e418457f6e1528b16bc1e26f2c/element/f.6300CB9FC90E916FB2ACF31257920715.d.54B28226F5541F361F2F8527DCFED87B.e.23339/click - {}
RESULT: {}
COMMAND: POST /session/a0fa65e418457f6e1528b16bc1e26f2c/actions - {"actions":[{"id":"action79","type":"key","parameters":{},"actions":[{"type":"keyDown","value":"î€•"},{"type":"pause","duration":10},{"type":"keyUp","value":"î€•"}]}]}
COMMAND: GET /session/a0fa65e418457f6e1528b16bc1e26f2c/screenshot - {}
RESULT: {"actions":[{"id":"action79","type":"key","parameters":{},"actions":[{"type":"keyDown","value":"î€•"},{"type":"pause","duration":10},{"type":"keyUp","value":"î€•"}]}]}
COMMAND: GET /session/a0fa65e418457f6e1528b16bc1e26f2c/screenshot - {}
RESULT: {}
RESULT: {}
COMMAND: POST /session/a0fa65e418457f6e1528b16bc1e26f2c/actions - {"actions":[{"id":"action80","type":"key","parameters":{},"actions":[{"type":"keyDown","value":"î€‡"},{"type":"pause","duration":10},{"type":"keyUp","value":"î€‡"}]}]}
RESULT: {"actions":[{"id":"action80","type":"key","parameters":{},"actions":[{"type":"keyDown","value":"î€‡"},{"type":"pause","duration":10},{"type":"keyUp","value":"î€‡"}]}]}
COMMAND: GET /session/a0fa65e418457f6e1528b16bc1e26f2c/screenshot - {}
RESULT: {}
COMMAND: POST /session/a0fa65e418457f6e1528b16bc1e26f2c/element - {"using":"xpath","value":"//*[@id=\"application-warehousemovements-display-component---addMovement--saveMovementBtn-BDI-content\" and text()=\"Save\"]"}
RESULT: {"using":"xpath","value":"//*[@id=\"application-warehousemovements-display-component---addMovement--saveMovementBtn-BDI-content\" and text()=\"Save\"]"}
COMMAND: POST /session/a0fa65e418457f6e1528b16bc1e26f2c/element/f.6300CB9FC90E916FB2ACF31257920715.d.54B28226F5541F361F2F8527DCFED87B.e.23340/click - {}
RESULT: {}
COMMAND: GET /session/a0fa65e418457f6e1528b16bc1e26f2c/screenshot - {}
RESULT: {}
COMMAND: POST /session/a0fa65e418457f6e1528b16bc1e26f2c/element - {"using":"css selector","value":"#shell-header-logo"}
RESULT: {"using":"css selector","value":"#shell-header-logo"}
COMMAND: POST /session/a0fa65e418457f6e1528b16bc1e26f2c/element/f.6300CB9FC90E916FB2ACF31257920715.d.54B28226F5541F361F2F8527DCFED87B.e.23078/click - {}
RESULT: {}
COMMAND: GET /session/a0fa65e418457f6e1528b16bc1e26f2c/screenshot - {}
RESULT: {}
]]></system-out>
    </testcase>
    <testcase classname="chrome.136_0_7103_93.windows.Create_masterdata_for_Yard_Overview_-_trigger_provide_US130988" name="Should do a stock increase handover for equipment" time="83.927">
      <system-out><![CDATA[
COMMAND: POST /session/a0fa65e418457f6e1528b16bc1e26f2c/execute/async - {"script":"<script> [1562 bytes]","args":[{"selector":{"controlType":"sap.m.GenericTile","properties":{"header":"Manage Handovers"}},"wdio_ui5_key":"sapm.GenericTile{\"header\":\"Manage Handovers\"}"}]}
RESULT: {"script":"<script> [1562 bytes]","args":[{"selector":{"controlType":"sap.m.GenericTile","properties":{"header":"Manage Handovers"}},"wdio_ui5_key":"sapm.GenericTile{\"header\":\"Manage Handovers\"}"}]}
RESULT: undefined
COMMAND: POST /session/a0fa65e418457f6e1528b16bc1e26f2c/element - {"using":"xpath","value":"//*[@id=\"__tile130\"]"}
RESULT: {"using":"xpath","value":"//*[@id=\"__tile130\"]"}
COMMAND: POST /session/a0fa65e418457f6e1528b16bc1e26f2c/element/f.6300CB9FC90E916FB2ACF31257920715.d.54B28226F5541F361F2F8527DCFED87B.e.22439/click - {}
RESULT: {}
COMMAND: GET /session/a0fa65e418457f6e1528b16bc1e26f2c/screenshot - {}
RESULT: {}
COMMAND: POST /session/a0fa65e418457f6e1528b16bc1e26f2c/elements - {"using":"xpath","value":"//span[text()='Error']"}
RESULT: {"using":"xpath","value":"//span[text()='Error']"}
COMMAND: POST /session/a0fa65e418457f6e1528b16bc1e26f2c/element - {"using":"xpath","value":"//button[@data-kt=\"masterHOAddButton\"]"}
RESULT: {"using":"xpath","value":"//button[@data-kt=\"masterHOAddButton\"]"}
COMMAND: POST /session/a0fa65e418457f6e1528b16bc1e26f2c/elements - {"using":"xpath","value":"//button[@data-kt=\"masterHOAddButton\"]"}
RESULT: {"using":"xpath","value":"//button[@data-kt=\"masterHOAddButton\"]"}
COMMAND: POST /session/a0fa65e418457f6e1528b16bc1e26f2c/execute/sync - {"script":"<script> [8489 bytes]","args":[{"element-6066-11e4-a52e-4f735466cecf":"f.6300CB9FC90E916FB2ACF31257920715.d.54B28226F5541F361F2F8527DCFED87B.e.23454","ELEMENT":"f.6300CB9FC90E916FB2ACF31257920715.d.54B28226F5541F361F2F8527DCFED87B.e.23454"}]}
RESULT: {"script":"<script> [8489 bytes]","args":[{"element-6066-11e4-a52e-4f735466cecf":"f.6300CB9FC90E916FB2ACF31257920715.d.54B28226F5541F361F2F8527DCFED87B.e.23454","ELEMENT":"f.6300CB9FC90E916FB2ACF31257920715.d.54B28226F5541F361F2F8527DCFED87B.e.23454"}]}
COMMAND: GET /session/a0fa65e418457f6e1528b16bc1e26f2c/element/f.6300CB9FC90E916FB2ACF31257920715.d.54B28226F5541F361F2F8527DCFED87B.e.23454/enabled - {}
COMMAND: GET /session/a0fa65e418457f6e1528b16bc1e26f2c/screenshot - {}
RESULT: {}
COMMAND: POST /session/a0fa65e418457f6e1528b16bc1e26f2c/execute/sync - {"script":"<script> [8489 bytes]","args":[{"element-6066-11e4-a52e-4f735466cecf":"f.6300CB9FC90E916FB2ACF31257920715.d.54B28226F5541F361F2F8527DCFED87B.e.23454","ELEMENT":"f.6300CB9FC90E916FB2ACF31257920715.d.54B28226F5541F361F2F8527DCFED87B.e.23454"}]}
COMMAND: GET /session/a0fa65e418457f6e1528b16bc1e26f2c/screenshot - {}
RESULT: {}
RESULT: {"script":"<script> [8489 bytes]","args":[{"element-6066-11e4-a52e-4f735466cecf":"f.6300CB9FC90E916FB2ACF31257920715.d.54B28226F5541F361F2F8527DCFED87B.e.23454","ELEMENT":"f.6300CB9FC90E916FB2ACF31257920715.d.54B28226F5541F361F2F8527DCFED87B.e.23454"}]}
COMMAND: POST /session/a0fa65e418457f6e1528b16bc1e26f2c/execute/sync - {"script":"<script> [5351 bytes]","args":[{"element-6066-11e4-a52e-4f735466cecf":"f.6300CB9FC90E916FB2ACF31257920715.d.54B28226F5541F361F2F8527DCFED87B.e.23454","ELEMENT":"f.6300CB9FC90E916FB2ACF31257920715.d.54B28226F5541F361F2F8527DCFED87B.e.23454"}]}
COMMAND: GET /session/a0fa65e418457f6e1528b16bc1e26f2c/screenshot - {}
RESULT: {}
RESULT: {"script":"<script> [5351 bytes]","args":[{"element-6066-11e4-a52e-4f735466cecf":"f.6300CB9FC90E916FB2ACF31257920715.d.54B28226F5541F361F2F8527DCFED87B.e.23454","ELEMENT":"f.6300CB9FC90E916FB2ACF31257920715.d.54B28226F5541F361F2F8527DCFED87B.e.23454"}]}
COMMAND: POST /session/a0fa65e418457f6e1528b16bc1e26f2c/element/f.6300CB9FC90E916FB2ACF31257920715.d.54B28226F5541F361F2F8527DCFED87B.e.23454/click - {}
COMMAND: GET /session/a0fa65e418457f6e1528b16bc1e26f2c/screenshot - {}
RESULT: {}
RESULT: {}
COMMAND: GET /session/a0fa65e418457f6e1528b16bc1e26f2c/screenshot - {}
RESULT: {}
RESULT: {}
COMMAND: POST /session/a0fa65e418457f6e1528b16bc1e26f2c/element - {"using":"xpath","value":"//span[contains(@id ,\"AddNewHO--typeSelect-arrow\")]"}
RESULT: {"using":"xpath","value":"//span[contains(@id ,\"AddNewHO--typeSelect-arrow\")]"}
COMMAND: POST /session/a0fa65e418457f6e1528b16bc1e26f2c/element/f.6300CB9FC90E916FB2ACF31257920715.d.54B28226F5541F361F2F8527DCFED87B.e.23811/click - {}
RESULT: {}
COMMAND: GET /session/a0fa65e418457f6e1528b16bc1e26f2c/screenshot - {}
RESULT: {}
COMMAND: POST /session/a0fa65e418457f6e1528b16bc1e26f2c/element - {"using":"xpath","value":"(//li[contains(text(), \"stock increase yard\")])[1]"}
RESULT: {"using":"xpath","value":"(//li[contains(text(), \"stock increase yard\")])[1]"}
COMMAND: POST /session/a0fa65e418457f6e1528b16bc1e26f2c/element/f.6300CB9FC90E916FB2ACF31257920715.d.54B28226F5541F361F2F8527DCFED87B.e.23812/click - {}
RESULT: {}
COMMAND: GET /session/a0fa65e418457f6e1528b16bc1e26f2c/screenshot - {}
RESULT: {}
COMMAND: POST /session/a0fa65e418457f6e1528b16bc1e26f2c/execute/async - {"script":"<script> [1562 bytes]","args":[{"selector":{"id":"application-managehandovers-display-component---AddNewHO--dueDate","interaction":{"idSuffix":"inner"}},"wdio_ui5_key":"applicationmanagehandovers-display-component---AddNewHO--dueDate"}]}
RESULT: {"script":"<script> [1562 bytes]","args":[{"selector":{"id":"application-managehandovers-display-component---AddNewHO--dueDate","interaction":{"idSuffix":"inner"}},"wdio_ui5_key":"applicationmanagehandovers-display-component---AddNewHO--dueDate"}]}
RESULT: undefined
COMMAND: POST /session/a0fa65e418457f6e1528b16bc1e26f2c/execute/async - {"script":"<script> [6424 bytes]","args":[{"element-6066-11e4-a52e-4f735466cecf":"f.6300CB9FC90E916FB2ACF31257920715.d.54B28226F5541F361F2F8527DCFED87B.e.23814"},"setValue",["5/17/25"]]}
RESULT: {"script":"<script> [6424 bytes]","args":[{"element-6066-11e4-a52e-4f735466cecf":"f.6300CB9FC90E916FB2ACF31257920715.d.54B28226F5541F361F2F8527DCFED87B.e.23814"},"setValue",["5/17/25"]]}
COMMAND: POST /session/a0fa65e418457f6e1528b16bc1e26f2c/element - {"using":"xpath","value":"//input[@id=\"generalSectionFrg--receiveYard-inner\"]"}
RESULT: {"using":"xpath","value":"//input[@id=\"generalSectionFrg--receiveYard-inner\"]"}
COMMAND: POST /session/a0fa65e418457f6e1528b16bc1e26f2c/element/f.6300CB9FC90E916FB2ACF31257920715.d.54B28226F5541F361F2F8527DCFED87B.e.23818/clear - {}
RESULT: {}
COMMAND: POST /session/a0fa65e418457f6e1528b16bc1e26f2c/element/f.6300CB9FC90E916FB2ACF31257920715.d.54B28226F5541F361F2F8527DCFED87B.e.23818/value - {"text":"495"}
COMMAND: GET /session/a0fa65e418457f6e1528b16bc1e26f2c/screenshot - {}
RESULT: {"text":"495"}
COMMAND: GET /session/a0fa65e418457f6e1528b16bc1e26f2c/screenshot - {}
RESULT: {}
RESULT: {}
COMMAND: POST /session/a0fa65e418457f6e1528b16bc1e26f2c/element - {"using":"xpath","value":"//li[.//span[text()='495']]"}
RESULT: {"using":"xpath","value":"//li[.//span[text()='495']]"}
COMMAND: POST /session/a0fa65e418457f6e1528b16bc1e26f2c/element/f.6300CB9FC90E916FB2ACF31257920715.d.54B28226F5541F361F2F8527DCFED87B.e.23835/click - {}
RESULT: {}
COMMAND: GET /session/a0fa65e418457f6e1528b16bc1e26f2c/screenshot - {}
RESULT: {}
COMMAND: POST /session/a0fa65e418457f6e1528b16bc1e26f2c/execute/async - {"script":"<script> [1562 bytes]","args":[{"selector":{"id":"application-managehandovers-display-component---AddNewHO--ObjectPageLayout-anchBar-application-managehandovers-display-component---AddNewHO--section4-anchor","interaction":{"idSuffix":"BDI-content"}},"wdio_ui5_key":"applicationmanagehandovers-display-component---AddNewHO--ObjectPageLayout-anchBar-application-managehandovers-display-component---AddNewHO--section4-anchor"}]}
RESULT: {"script":"<script> [1562 bytes]","args":[{"selector":{"id":"application-managehandovers-display-component---AddNewHO--ObjectPageLayout-anchBar-application-managehandovers-display-component---AddNewHO--section4-anchor","interaction":{"idSuffix":"BDI-content"}},"wdio_ui5_key":"applicationmanagehandovers-display-component---AddNewHO--ObjectPageLayout-anchBar-application-managehandovers-display-component---AddNewHO--section4-anchor"}]}
RESULT: undefined
COMMAND: POST /session/a0fa65e418457f6e1528b16bc1e26f2c/element - {"using":"xpath","value":"//*[@id=\"application-managehandovers-display-component---AddNewHO--ObjectPageLayout-anchBar-application-managehandovers-display-component---AddNewHO--section4-anchor\"]"}
RESULT: {"using":"xpath","value":"//*[@id=\"application-managehandovers-display-component---AddNewHO--ObjectPageLayout-anchBar-application-managehandovers-display-component---AddNewHO--section4-anchor\"]"}
COMMAND: POST /session/a0fa65e418457f6e1528b16bc1e26f2c/element/f.6300CB9FC90E916FB2ACF31257920715.d.54B28226F5541F361F2F8527DCFED87B.e.23837/click - {}
RESULT: {}
COMMAND: POST /session/a0fa65e418457f6e1528b16bc1e26f2c/element - {"using":"xpath","value":"//button[@aria-label=\"Add\"]"}
COMMAND: GET /session/a0fa65e418457f6e1528b16bc1e26f2c/screenshot - {}
RESULT: {"using":"xpath","value":"//button[@aria-label=\"Add\"]"}
COMMAND: POST /session/a0fa65e418457f6e1528b16bc1e26f2c/element/f.6300CB9FC90E916FB2ACF31257920715.d.54B28226F5541F361F2F8527DCFED87B.e.23839/click - {}
RESULT: {}
RESULT: {}
COMMAND: GET /session/a0fa65e418457f6e1528b16bc1e26f2c/screenshot - {}
RESULT: {}
COMMAND: POST /session/a0fa65e418457f6e1528b16bc1e26f2c/execute/async - {"script":"<script> [1562 bytes]","args":[{"selector":{"id":"application-managehandovers-display-component---AddNewHO--smartFilterBar-btnBasicSearch","searchOpenDialogs":true,"interaction":{"idSuffix":"I"}},"wdio_ui5_key":"applicationmanagehandovers-display-component---AddNewHO--smartFilterBar-btnBasicSearch"}]}
RESULT: {"script":"<script> [1562 bytes]","args":[{"selector":{"id":"application-managehandovers-display-component---AddNewHO--smartFilterBar-btnBasicSearch","searchOpenDialogs":true,"interaction":{"idSuffix":"I"}},"wdio_ui5_key":"applicationmanagehandovers-display-component---AddNewHO--smartFilterBar-btnBasicSearch"}]}
RESULT: undefined
COMMAND: POST /session/a0fa65e418457f6e1528b16bc1e26f2c/execute/async - {"script":"<script> [776 bytes]","args":[{"enterText":"200261","selector":{"id":"application-managehandovers-display-component---AddNewHO--smartFilterBar-btnBasicSearch","searchOpenDialogs":true,"interaction":{"idSuffix":"I"}},"clearTextFirst":true,"interactionType":"ENTER_TEXT"}]}
RESULT: {"script":"<script> [776 bytes]","args":[{"enterText":"200261","selector":{"id":"application-managehandovers-display-component---AddNewHO--smartFilterBar-btnBasicSearch","searchOpenDialogs":true,"interaction":{"idSuffix":"I"}},"clearTextFirst":true,"interactionType":"ENTER_TEXT"}]}
COMMAND: POST /session/a0fa65e418457f6e1528b16bc1e26f2c/actions - {"actions":[{"id":"action81","type":"key","parameters":{},"actions":[{"type":"keyDown","value":"î€‡"},{"type":"pause","duration":10},{"type":"keyUp","value":"î€‡"}]}]}
RESULT: {"actions":[{"id":"action81","type":"key","parameters":{},"actions":[{"type":"keyDown","value":"î€‡"},{"type":"pause","duration":10},{"type":"keyUp","value":"î€‡"}]}]}
COMMAND: GET /session/a0fa65e418457f6e1528b16bc1e26f2c/screenshot - {}
RESULT: {}
COMMAND: POST /session/a0fa65e418457f6e1528b16bc1e26f2c/execute/async - {"script":"<script> [1562 bytes]","args":[{"selector":{"id":"application-managehandovers-display-component---AddNewHO--popup-sa","searchOpenDialogs":true,"interaction":{"idSuffix":"CbBg"}},"wdio_ui5_key":"applicationmanagehandovers-display-component---AddNewHO--popup-sa"}]}
RESULT: {"script":"<script> [1562 bytes]","args":[{"selector":{"id":"application-managehandovers-display-component---AddNewHO--popup-sa","searchOpenDialogs":true,"interaction":{"idSuffix":"CbBg"}},"wdio_ui5_key":"applicationmanagehandovers-display-component---AddNewHO--popup-sa"}]}
RESULT: undefined
COMMAND: POST /session/a0fa65e418457f6e1528b16bc1e26f2c/element - {"using":"xpath","value":"//*[@id=\"application-managehandovers-display-component---AddNewHO--popup-sa\"]"}
RESULT: {"using":"xpath","value":"//*[@id=\"application-managehandovers-display-component---AddNewHO--popup-sa\"]"}
COMMAND: POST /session/a0fa65e418457f6e1528b16bc1e26f2c/element/f.6300CB9FC90E916FB2ACF31257920715.d.54B28226F5541F361F2F8527DCFED87B.e.23991/click - {}
RESULT: {}
COMMAND: GET /session/a0fa65e418457f6e1528b16bc1e26f2c/screenshot - {}
RESULT: {}
COMMAND: POST /session/a0fa65e418457f6e1528b16bc1e26f2c/element - {"using":"xpath","value":"//bdi[contains(text(), \"Select\")]"}
RESULT: {"using":"xpath","value":"//bdi[contains(text(), \"Select\")]"}
COMMAND: POST /session/a0fa65e418457f6e1528b16bc1e26f2c/element/f.6300CB9FC90E916FB2ACF31257920715.d.54B28226F5541F361F2F8527DCFED87B.e.23992/click - {}
RESULT: {}
COMMAND: GET /session/a0fa65e418457f6e1528b16bc1e26f2c/screenshot - {}
RESULT: {}
COMMAND: POST /session/a0fa65e418457f6e1528b16bc1e26f2c/element - {"using":"xpath","value":"//button[@data-kt=\"AddNewHOSaveButton\"]"}
RESULT: {"using":"xpath","value":"//button[@data-kt=\"AddNewHOSaveButton\"]"}
COMMAND: POST /session/a0fa65e418457f6e1528b16bc1e26f2c/element/f.6300CB9FC90E916FB2ACF31257920715.d.54B28226F5541F361F2F8527DCFED87B.e.23996/click - {}
RESULT: {}
COMMAND: GET /session/a0fa65e418457f6e1528b16bc1e26f2c/screenshot - {}
RESULT: {}
COMMAND: POST /session/a0fa65e418457f6e1528b16bc1e26f2c/execute/async - {"script":"<script> [1562 bytes]","args":[{"selector":{"id":"receiptDatePicker","viewName":"etm.portal.ui.managehandovers.view.DetailExecuteHO","interaction":{"idSuffix":"inner"}},"wdio_ui5_key":"receiptDatePickeretmportal.ui.managehandovers.view.DetailExecuteHO"}]}
RESULT: {"script":"<script> [1562 bytes]","args":[{"selector":{"id":"receiptDatePicker","viewName":"etm.portal.ui.managehandovers.view.DetailExecuteHO","interaction":{"idSuffix":"inner"}},"wdio_ui5_key":"receiptDatePickeretmportal.ui.managehandovers.view.DetailExecuteHO"}]}
RESULT: undefined
COMMAND: POST /session/a0fa65e418457f6e1528b16bc1e26f2c/execute/async - {"script":"<script> [6424 bytes]","args":[{"element-6066-11e4-a52e-4f735466cecf":"f.6300CB9FC90E916FB2ACF31257920715.d.54B28226F5541F361F2F8527DCFED87B.e.24017"},"setValue",["5/17/25"]]}
RESULT: {"script":"<script> [6424 bytes]","args":[{"element-6066-11e4-a52e-4f735466cecf":"f.6300CB9FC90E916FB2ACF31257920715.d.54B28226F5541F361F2F8527DCFED87B.e.24017"},"setValue",["5/17/25"]]}
COMMAND: POST /session/a0fa65e418457f6e1528b16bc1e26f2c/element - {"using":"xpath","value":"//button[@data-kt=\"PickingTableConfirmAllButton\"]"}
RESULT: {"using":"xpath","value":"//button[@data-kt=\"PickingTableConfirmAllButton\"]"}
COMMAND: POST /session/a0fa65e418457f6e1528b16bc1e26f2c/element/f.6300CB9FC90E916FB2ACF31257920715.d.54B28226F5541F361F2F8527DCFED87B.e.24033/click - {}
RESULT: {}
COMMAND: GET /session/a0fa65e418457f6e1528b16bc1e26f2c/screenshot - {}
RESULT: {}
COMMAND: POST /session/a0fa65e418457f6e1528b16bc1e26f2c/element - {"using":"xpath","value":"//bdi[contains(text(), \"OK\")]"}
RESULT: {"using":"xpath","value":"//bdi[contains(text(), \"OK\")]"}
COMMAND: POST /session/a0fa65e418457f6e1528b16bc1e26f2c/element/f.6300CB9FC90E916FB2ACF31257920715.d.54B28226F5541F361F2F8527DCFED87B.e.24035/click - {}
RESULT: {}
COMMAND: GET /session/a0fa65e418457f6e1528b16bc1e26f2c/screenshot - {}
RESULT: {}
COMMAND: POST /session/a0fa65e418457f6e1528b16bc1e26f2c/element - {"using":"xpath","value":"(//bdi[contains(text(), \"Receive\")])[2]"}
RESULT: {"using":"xpath","value":"(//bdi[contains(text(), \"Receive\")])[2]"}
COMMAND: POST /session/a0fa65e418457f6e1528b16bc1e26f2c/element/f.6300CB9FC90E916FB2ACF31257920715.d.54B28226F5541F361F2F8527DCFED87B.e.24037/click - {}
RESULT: {}
COMMAND: GET /session/a0fa65e418457f6e1528b16bc1e26f2c/screenshot - {}
RESULT: {}
COMMAND: POST /session/a0fa65e418457f6e1528b16bc1e26f2c/element - {"using":"css selector","value":"#shell-header-logo"}
RESULT: {"using":"css selector","value":"#shell-header-logo"}
COMMAND: POST /session/a0fa65e418457f6e1528b16bc1e26f2c/element/f.6300CB9FC90E916FB2ACF31257920715.d.54B28226F5541F361F2F8527DCFED87B.e.23415/click - {}
RESULT: {}
COMMAND: GET /session/a0fa65e418457f6e1528b16bc1e26f2c/screenshot - {}
RESULT: {}
]]></system-out>
    </testcase>
    <testcase classname="chrome.136_0_7103_93.windows.Create_masterdata_for_Yard_Overview_-_trigger_provide_US130988" name="Set status to defect" time="56.428">
      <system-out><![CDATA[
COMMAND: POST /session/a0fa65e418457f6e1528b16bc1e26f2c/execute/async - {"script":"<script> [1562 bytes]","args":[{"selector":{"controlType":"sap.m.GenericTile","properties":{"header":"Manage States & Performance"}},"wdio_ui5_key":"sapm.GenericTile{\"header\":\"Manage States & Performance\"}"}]}
RESULT: {"script":"<script> [1562 bytes]","args":[{"selector":{"controlType":"sap.m.GenericTile","properties":{"header":"Manage States & Performance"}},"wdio_ui5_key":"sapm.GenericTile{\"header\":\"Manage States & Performance\"}"}]}
RESULT: undefined
COMMAND: POST /session/a0fa65e418457f6e1528b16bc1e26f2c/element - {"using":"xpath","value":"//*[@id=\"__tile96\"]"}
RESULT: {"using":"xpath","value":"//*[@id=\"__tile96\"]"}
COMMAND: POST /session/a0fa65e418457f6e1528b16bc1e26f2c/element/f.6300CB9FC90E916FB2ACF31257920715.d.54B28226F5541F361F2F8527DCFED87B.e.22484/click - {}
RESULT: {}
COMMAND: GET /session/a0fa65e418457f6e1528b16bc1e26f2c/screenshot - {}
RESULT: {}
COMMAND: POST /session/a0fa65e418457f6e1528b16bc1e26f2c/elements - {"using":"xpath","value":"//span[text()='Error']"}
RESULT: {"using":"xpath","value":"//span[text()='Error']"}
COMMAND: POST /session/a0fa65e418457f6e1528b16bc1e26f2c/execute/async - {"script":"<script> [1562 bytes]","args":[{"selector":{"controlType":"sap.ui.core.Icon","viewName":"etm.portal.ui.managestatesandperformance.view.Master","viewId":"application-managestatesandperformance-display-component---stateAndPerform","properties":{"src":{"regex":{"source":"inventory"}}}},"wdio_ui5_key":"etmportal.ui.managestatesandperformance.view.Mastersap.ui.core.Icon{\"src\":{\"regex\":{\"source\":\"inventory\"}}}"}]}
RESULT: {"script":"<script> [1562 bytes]","args":[{"selector":{"controlType":"sap.ui.core.Icon","viewName":"etm.portal.ui.managestatesandperformance.view.Master","viewId":"application-managestatesandperformance-display-component---stateAndPerform","properties":{"src":{"regex":{"source":"inventory"}}}},"wdio_ui5_key":"etmportal.ui.managestatesandperformance.view.Mastersap.ui.core.Icon{\"src\":{\"regex\":{\"source\":\"inventory\"}}}"}]}
RESULT: undefined
COMMAND: POST /session/a0fa65e418457f6e1528b16bc1e26f2c/element - {"using":"xpath","value":"//*[@id=\"__filter57-icon\"]"}
RESULT: {"using":"xpath","value":"//*[@id=\"__filter57-icon\"]"}
COMMAND: POST /session/a0fa65e418457f6e1528b16bc1e26f2c/element/f.6300CB9FC90E916FB2ACF31257920715.d.54B28226F5541F361F2F8527DCFED87B.e.24297/click - {}
RESULT: {}
COMMAND: POST /session/a0fa65e418457f6e1528b16bc1e26f2c/execute/async - {"script":"<script> [1562 bytes]","args":[{"selector":{"id":"application-managestatesandperformance-display-component---stateAndPerform--smartFilterBarYard-btnBasicSearch","interaction":{"idSuffix":"I"}},"wdio_ui5_key":"applicationmanagestatesandperformance-display-component---stateAndPerform--smartFilterBarYard-btnBasicSearch"}]}
COMMAND: GET /session/a0fa65e418457f6e1528b16bc1e26f2c/screenshot - {}
RESULT: {"script":"<script> [1562 bytes]","args":[{"selector":{"id":"application-managestatesandperformance-display-component---stateAndPerform--smartFilterBarYard-btnBasicSearch","interaction":{"idSuffix":"I"}},"wdio_ui5_key":"applicationmanagestatesandperformance-display-component---stateAndPerform--smartFilterBarYard-btnBasicSearch"}]}
RESULT: undefined
COMMAND: POST /session/a0fa65e418457f6e1528b16bc1e26f2c/execute/async - {"script":"<script> [776 bytes]","args":[{"enterText":"200261","selector":{"id":"application-managestatesandperformance-display-component---stateAndPerform--smartFilterBarYard-btnBasicSearch","interaction":{"idSuffix":"I"}},"clearTextFirst":true,"interactionType":"ENTER_TEXT"}]}
RESULT: {}
RESULT: {"script":"<script> [776 bytes]","args":[{"enterText":"200261","selector":{"id":"application-managestatesandperformance-display-component---stateAndPerform--smartFilterBarYard-btnBasicSearch","interaction":{"idSuffix":"I"}},"clearTextFirst":true,"interactionType":"ENTER_TEXT"}]}
COMMAND: POST /session/a0fa65e418457f6e1528b16bc1e26f2c/actions - {"actions":[{"id":"action82","type":"key","parameters":{},"actions":[{"type":"keyDown","value":"î€‡"},{"type":"pause","duration":10},{"type":"keyUp","value":"î€‡"}]}]}
RESULT: {"actions":[{"id":"action82","type":"key","parameters":{},"actions":[{"type":"keyDown","value":"î€‡"},{"type":"pause","duration":10},{"type":"keyUp","value":"î€‡"}]}]}
COMMAND: GET /session/a0fa65e418457f6e1528b16bc1e26f2c/screenshot - {}
RESULT: {}
COMMAND: POST /session/a0fa65e418457f6e1528b16bc1e26f2c/element - {"using":"xpath","value":"(//span[contains(@id, \"imgNav\")])[1]"}
RESULT: {"using":"xpath","value":"(//span[contains(@id, \"imgNav\")])[1]"}
COMMAND: POST /session/a0fa65e418457f6e1528b16bc1e26f2c/element/f.6300CB9FC90E916FB2ACF31257920715.d.54B28226F5541F361F2F8527DCFED87B.e.24378/click - {}
RESULT: {}
COMMAND: GET /session/a0fa65e418457f6e1528b16bc1e26f2c/screenshot - {}
RESULT: {}
COMMAND: POST /session/a0fa65e418457f6e1528b16bc1e26f2c/execute/async - {"script":"<script> [1562 bytes]","args":[{"selector":{"controlType":"sap.m.Button","viewName":"etm.portal.ui.managestatesandperformance.view.Detail","viewId":"application-managestatesandperformance-display-component---detailStateAndPerform","i18NText":{"propertyName":"text","key":"createStateChange"},"interaction":{"idSuffix":"content"}},"wdio_ui5_key":"etmportal.ui.managestatesandperformance.view.Detailsap.m.Button{\"propertyName\":\"text\",\"key\":\"createStateChange\"}"}]}
RESULT: {"script":"<script> [1562 bytes]","args":[{"selector":{"controlType":"sap.m.Button","viewName":"etm.portal.ui.managestatesandperformance.view.Detail","viewId":"application-managestatesandperformance-display-component---detailStateAndPerform","i18NText":{"propertyName":"text","key":"createStateChange"},"interaction":{"idSuffix":"content"}},"wdio_ui5_key":"etmportal.ui.managestatesandperformance.view.Detailsap.m.Button{\"propertyName\":\"text\",\"key\":\"createStateChange\"}"}]}
RESULT: undefined
COMMAND: POST /session/a0fa65e418457f6e1528b16bc1e26f2c/element - {"using":"xpath","value":"//*[@id=\"__button163\"]"}
RESULT: {"using":"xpath","value":"//*[@id=\"__button163\"]"}
COMMAND: POST /session/a0fa65e418457f6e1528b16bc1e26f2c/element/f.6300CB9FC90E916FB2ACF31257920715.d.54B28226F5541F361F2F8527DCFED87B.e.24421/click - {}
RESULT: {}
COMMAND: GET /session/a0fa65e418457f6e1528b16bc1e26f2c/screenshot - {}
RESULT: {}
COMMAND: POST /session/a0fa65e418457f6e1528b16bc1e26f2c/execute/async - {"script":"<script> [1562 bytes]","args":[{"selector":{"id":"addStateDialog--stateSelect","searchOpenDialogs":true,"interaction":{"idSuffix":"arrow"}},"wdio_ui5_key":"addStateDialogstateSelect"}]}
RESULT: {"script":"<script> [1562 bytes]","args":[{"selector":{"id":"addStateDialog--stateSelect","searchOpenDialogs":true,"interaction":{"idSuffix":"arrow"}},"wdio_ui5_key":"addStateDialogstateSelect"}]}
RESULT: undefined
COMMAND: POST /session/a0fa65e418457f6e1528b16bc1e26f2c/element - {"using":"xpath","value":"//*[@id=\"addStateDialog--stateSelect\"]"}
RESULT: {"using":"xpath","value":"//*[@id=\"addStateDialog--stateSelect\"]"}
COMMAND: POST /session/a0fa65e418457f6e1528b16bc1e26f2c/element/f.6300CB9FC90E916FB2ACF31257920715.d.54B28226F5541F361F2F8527DCFED87B.e.24454/click - {}
RESULT: {}
COMMAND: GET /session/a0fa65e418457f6e1528b16bc1e26f2c/screenshot - {}
RESULT: {}
COMMAND: POST /session/a0fa65e418457f6e1528b16bc1e26f2c/element - {"using":"xpath","value":"//li[text()=\"defect\"]"}
RESULT: {"using":"xpath","value":"//li[text()=\"defect\"]"}
COMMAND: POST /session/a0fa65e418457f6e1528b16bc1e26f2c/element/f.6300CB9FC90E916FB2ACF31257920715.d.54B28226F5541F361F2F8527DCFED87B.e.24456/click - {}
RESULT: {}
COMMAND: GET /session/a0fa65e418457f6e1528b16bc1e26f2c/screenshot - {}
RESULT: {}
COMMAND: POST /session/a0fa65e418457f6e1528b16bc1e26f2c/element - {"using":"xpath","value":"//span[contains(@id,\"incrementBtn\")]"}
RESULT: {"using":"xpath","value":"//span[contains(@id,\"incrementBtn\")]"}
COMMAND: POST /session/a0fa65e418457f6e1528b16bc1e26f2c/element/f.6300CB9FC90E916FB2ACF31257920715.d.54B28226F5541F361F2F8527DCFED87B.e.24458/click - {}
RESULT: {}
COMMAND: GET /session/a0fa65e418457f6e1528b16bc1e26f2c/screenshot - {}
RESULT: {}
COMMAND: POST /session/a0fa65e418457f6e1528b16bc1e26f2c/element - {"using":"xpath","value":"//button[@data-kt=\"confirmAddStateButton\"]"}
RESULT: {"using":"xpath","value":"//button[@data-kt=\"confirmAddStateButton\"]"}
COMMAND: POST /session/a0fa65e418457f6e1528b16bc1e26f2c/element/f.6300CB9FC90E916FB2ACF31257920715.d.54B28226F5541F361F2F8527DCFED87B.e.24459/click - {}
RESULT: {}
COMMAND: GET /session/a0fa65e418457f6e1528b16bc1e26f2c/screenshot - {}
RESULT: {}
COMMAND: POST /session/a0fa65e418457f6e1528b16bc1e26f2c/element - {"using":"css selector","value":"#shell-header-logo"}
RESULT: {"using":"css selector","value":"#shell-header-logo"}
COMMAND: POST /session/a0fa65e418457f6e1528b16bc1e26f2c/element/f.6300CB9FC90E916FB2ACF31257920715.d.54B28226F5541F361F2F8527DCFED87B.e.24210/click - {}
RESULT: {}
COMMAND: GET /session/a0fa65e418457f6e1528b16bc1e26f2c/screenshot - {}
RESULT: {}
]]></system-out>
    </testcase>
    <testcase classname="chrome.136_0_7103_93.windows.Create_masterdata_for_Yard_Overview_-_trigger_provide_US130988" name="Should do a Stock Decrease" time="103.24">
      <system-out><![CDATA[
RESULT: undefined
COMMAND: POST /session/a0fa65e418457f6e1528b16bc1e26f2c/element - {"using":"xpath","value":"//*[@id=\"__tile130\"]"}
RESULT: {"using":"xpath","value":"//*[@id=\"__tile130\"]"}
COMMAND: POST /session/a0fa65e418457f6e1528b16bc1e26f2c/element/f.6300CB9FC90E916FB2ACF31257920715.d.54B28226F5541F361F2F8527DCFED87B.e.22439/click - {}
RESULT: {}
COMMAND: GET /session/a0fa65e418457f6e1528b16bc1e26f2c/screenshot - {}
RESULT: {}
COMMAND: POST /session/a0fa65e418457f6e1528b16bc1e26f2c/elements - {"using":"xpath","value":"//span[text()='Error']"}
RESULT: {"using":"xpath","value":"//span[text()='Error']"}
COMMAND: POST /session/a0fa65e418457f6e1528b16bc1e26f2c/element - {"using":"xpath","value":"//button[@data-kt=\"masterHOAddButton\"]"}
RESULT: {"using":"xpath","value":"//button[@data-kt=\"masterHOAddButton\"]"}
COMMAND: POST /session/a0fa65e418457f6e1528b16bc1e26f2c/elements - {"using":"xpath","value":"//button[@data-kt=\"masterHOAddButton\"]"}
RESULT: {"using":"xpath","value":"//button[@data-kt=\"masterHOAddButton\"]"}
COMMAND: POST /session/a0fa65e418457f6e1528b16bc1e26f2c/execute/sync - {"script":"<script> [8489 bytes]","args":[{"element-6066-11e4-a52e-4f735466cecf":"f.6300CB9FC90E916FB2ACF31257920715.d.54B28226F5541F361F2F8527DCFED87B.e.24515","ELEMENT":"f.6300CB9FC90E916FB2ACF31257920715.d.54B28226F5541F361F2F8527DCFED87B.e.24515"}]}
RESULT: {"script":"<script> [8489 bytes]","args":[{"element-6066-11e4-a52e-4f735466cecf":"f.6300CB9FC90E916FB2ACF31257920715.d.54B28226F5541F361F2F8527DCFED87B.e.24515","ELEMENT":"f.6300CB9FC90E916FB2ACF31257920715.d.54B28226F5541F361F2F8527DCFED87B.e.24515"}]}
COMMAND: GET /session/a0fa65e418457f6e1528b16bc1e26f2c/element/f.6300CB9FC90E916FB2ACF31257920715.d.54B28226F5541F361F2F8527DCFED87B.e.24515/enabled - {}
COMMAND: GET /session/a0fa65e418457f6e1528b16bc1e26f2c/screenshot - {}
RESULT: {}
COMMAND: POST /session/a0fa65e418457f6e1528b16bc1e26f2c/execute/sync - {"script":"<script> [8489 bytes]","args":[{"element-6066-11e4-a52e-4f735466cecf":"f.6300CB9FC90E916FB2ACF31257920715.d.54B28226F5541F361F2F8527DCFED87B.e.24515","ELEMENT":"f.6300CB9FC90E916FB2ACF31257920715.d.54B28226F5541F361F2F8527DCFED87B.e.24515"}]}
COMMAND: GET /session/a0fa65e418457f6e1528b16bc1e26f2c/screenshot - {}
RESULT: {}
RESULT: {"script":"<script> [8489 bytes]","args":[{"element-6066-11e4-a52e-4f735466cecf":"f.6300CB9FC90E916FB2ACF31257920715.d.54B28226F5541F361F2F8527DCFED87B.e.24515","ELEMENT":"f.6300CB9FC90E916FB2ACF31257920715.d.54B28226F5541F361F2F8527DCFED87B.e.24515"}]}
COMMAND: POST /session/a0fa65e418457f6e1528b16bc1e26f2c/execute/sync - {"script":"<script> [5351 bytes]","args":[{"element-6066-11e4-a52e-4f735466cecf":"f.6300CB9FC90E916FB2ACF31257920715.d.54B28226F5541F361F2F8527DCFED87B.e.24515","ELEMENT":"f.6300CB9FC90E916FB2ACF31257920715.d.54B28226F5541F361F2F8527DCFED87B.e.24515"}]}
COMMAND: GET /session/a0fa65e418457f6e1528b16bc1e26f2c/screenshot - {}
RESULT: {}
RESULT: {"script":"<script> [5351 bytes]","args":[{"element-6066-11e4-a52e-4f735466cecf":"f.6300CB9FC90E916FB2ACF31257920715.d.54B28226F5541F361F2F8527DCFED87B.e.24515","ELEMENT":"f.6300CB9FC90E916FB2ACF31257920715.d.54B28226F5541F361F2F8527DCFED87B.e.24515"}]}
COMMAND: POST /session/a0fa65e418457f6e1528b16bc1e26f2c/element/f.6300CB9FC90E916FB2ACF31257920715.d.54B28226F5541F361F2F8527DCFED87B.e.24515/click - {}
COMMAND: GET /session/a0fa65e418457f6e1528b16bc1e26f2c/screenshot - {}
RESULT: {}
RESULT: {}
COMMAND: GET /session/a0fa65e418457f6e1528b16bc1e26f2c/screenshot - {}
RESULT: {}
RESULT: {}
COMMAND: POST /session/a0fa65e418457f6e1528b16bc1e26f2c/element - {"using":"xpath","value":"//span[contains(@id ,\"AddNewHO--typeSelect-arrow\")]"}
RESULT: {"using":"xpath","value":"//span[contains(@id ,\"AddNewHO--typeSelect-arrow\")]"}
COMMAND: POST /session/a0fa65e418457f6e1528b16bc1e26f2c/element/f.6300CB9FC90E916FB2ACF31257920715.d.54B28226F5541F361F2F8527DCFED87B.e.24922/click - {}
RESULT: {}
COMMAND: GET /session/a0fa65e418457f6e1528b16bc1e26f2c/screenshot - {}
RESULT: {}
COMMAND: POST /session/a0fa65e418457f6e1528b16bc1e26f2c/element - {"using":"xpath","value":"(//li[contains(text(), \"stock decrease yard\")])[1]"}
RESULT: {"using":"xpath","value":"(//li[contains(text(), \"stock decrease yard\")])[1]"}
COMMAND: POST /session/a0fa65e418457f6e1528b16bc1e26f2c/element/f.6300CB9FC90E916FB2ACF31257920715.d.54B28226F5541F361F2F8527DCFED87B.e.24923/click - {}
RESULT: {}
COMMAND: GET /session/a0fa65e418457f6e1528b16bc1e26f2c/screenshot - {}
RESULT: {}
RESULT: undefined
COMMAND: POST /session/a0fa65e418457f6e1528b16bc1e26f2c/execute/async - {"script":"<script> [6424 bytes]","args":[{"element-6066-11e4-a52e-4f735466cecf":"f.6300CB9FC90E916FB2ACF31257920715.d.54B28226F5541F361F2F8527DCFED87B.e.23814"},"setValue",["5/17/25"]]}
COMMAND: POST /session/a0fa65e418457f6e1528b16bc1e26f2c/execute/async - {"script":"<script> [1562 bytes]","args":[{"selector":{"id":"application-managehandovers-display-component---AddNewHO--dueDate","interaction":{"idSuffix":"inner"}},"wdio_ui5_key":"applicationmanagehandovers-display-component---AddNewHO--dueDate"}]}
RESULT: {"script":"<script> [1562 bytes]","args":[{"selector":{"id":"application-managehandovers-display-component---AddNewHO--dueDate","interaction":{"idSuffix":"inner"}},"wdio_ui5_key":"applicationmanagehandovers-display-component---AddNewHO--dueDate"}]}
COMMAND: POST /session/a0fa65e418457f6e1528b16bc1e26f2c/execute/async - {"script":"<script> [6424 bytes]","args":[{"element-6066-11e4-a52e-4f735466cecf":"f.6300CB9FC90E916FB2ACF31257920715.d.54B28226F5541F361F2F8527DCFED87B.e.24937"},"setValue",["5/17/25"]]}
RESULT: {"script":"<script> [6424 bytes]","args":[{"element-6066-11e4-a52e-4f735466cecf":"f.6300CB9FC90E916FB2ACF31257920715.d.54B28226F5541F361F2F8527DCFED87B.e.24937"},"setValue",["5/17/25"]]}
COMMAND: POST /session/a0fa65e418457f6e1528b16bc1e26f2c/element - {"using":"xpath","value":"//input[@id=\"generalSectionFrg--sendYard-inner\"]"}
RESULT: {"using":"xpath","value":"//input[@id=\"generalSectionFrg--sendYard-inner\"]"}
COMMAND: POST /session/a0fa65e418457f6e1528b16bc1e26f2c/element/f.6300CB9FC90E916FB2ACF31257920715.d.54B28226F5541F361F2F8527DCFED87B.e.24941/clear - {}
RESULT: {}
COMMAND: POST /session/a0fa65e418457f6e1528b16bc1e26f2c/element/f.6300CB9FC90E916FB2ACF31257920715.d.54B28226F5541F361F2F8527DCFED87B.e.24941/value - {"text":"495"}
COMMAND: GET /session/a0fa65e418457f6e1528b16bc1e26f2c/screenshot - {}
RESULT: {"text":"495"}
COMMAND: GET /session/a0fa65e418457f6e1528b16bc1e26f2c/screenshot - {}
RESULT: {}
RESULT: {}
COMMAND: POST /session/a0fa65e418457f6e1528b16bc1e26f2c/element - {"using":"xpath","value":"//li[.//span[text()='495']]"}
RESULT: {"using":"xpath","value":"//li[.//span[text()='495']]"}
COMMAND: POST /session/a0fa65e418457f6e1528b16bc1e26f2c/element/f.6300CB9FC90E916FB2ACF31257920715.d.54B28226F5541F361F2F8527DCFED87B.e.24959/click - {}
RESULT: {}
COMMAND: GET /session/a0fa65e418457f6e1528b16bc1e26f2c/screenshot - {}
RESULT: {}
COMMAND: POST /session/a0fa65e418457f6e1528b16bc1e26f2c/execute/async - {"script":"<script> [1562 bytes]","args":[{"selector":{"controlType":"sap.ui.core.Icon","viewName":"etm.portal.ui.managehandovers.view.AddNewHO","viewId":"application-managehandovers-display-component---AddNewHO","properties":{"src":{"regex":{"source":"slim\\-arrow\\-down"}}},"ancestor":{"controlType":"etm.portal.ui.reusables.customControls.LiveSearchComboBox","viewName":"etm.portal.ui.managehandovers.view.AddNewHO","viewId":"application-managehandovers-display-component---AddNewHO","bindingPath":{"path":"","propertyPath":"/FORWARDER","modelName":"hoItemsModel"}}},"wdio_ui5_key":"etmportal.ui.managehandovers.view.AddNewHOsap.ui.core.Icon{\"src\":{\"regex\":{\"source\":\"slim\\\\-arrow\\\\-down\"}}}{\"controlType\":\"etm.portal.ui.reusables.customControls.LiveSearchComboBox\",\"viewName\":\"etm.portal.ui.managehandovers.view.AddNewHO\",\"viewId\":\"application-managehandovers-display-component---AddNewHO\",\"bindingPath\":{\"path\":\"\",\"propertyPath\":\"/FORWARDER\",\"modelName\":\"hoItemsModel\"}}"}]}
RESULT: {"script":"<script> [1562 bytes]","args":[{"selector":{"controlType":"sap.ui.core.Icon","viewName":"etm.portal.ui.managehandovers.view.AddNewHO","viewId":"application-managehandovers-display-component---AddNewHO","properties":{"src":{"regex":{"source":"slim\\-arrow\\-down"}}},"ancestor":{"controlType":"etm.portal.ui.reusables.customControls.LiveSearchComboBox","viewName":"etm.portal.ui.managehandovers.view.AddNewHO","viewId":"application-managehandovers-display-component---AddNewHO","bindingPath":{"path":"","propertyPath":"/FORWARDER","modelName":"hoItemsModel"}}},"wdio_ui5_key":"etmportal.ui.managehandovers.view.AddNewHOsap.ui.core.Icon{\"src\":{\"regex\":{\"source\":\"slim\\\\-arrow\\\\-down\"}}}{\"controlType\":\"etm.portal.ui.reusables.customControls.LiveSearchComboBox\",\"viewName\":\"etm.portal.ui.managehandovers.view.AddNewHO\",\"viewId\":\"application-managehandovers-display-component---AddNewHO\",\"bindingPath\":{\"path\":\"\",\"propertyPath\":\"/FORWARDER\",\"modelName\":\"hoItemsModel\"}}"}]}
RESULT: undefined
COMMAND: POST /session/a0fa65e418457f6e1528b16bc1e26f2c/element - {"using":"xpath","value":"//*[@id=\"__box41-arrow\"]"}
RESULT: {"using":"xpath","value":"//*[@id=\"__box41-arrow\"]"}
COMMAND: POST /session/a0fa65e418457f6e1528b16bc1e26f2c/element/f.6300CB9FC90E916FB2ACF31257920715.d.54B28226F5541F361F2F8527DCFED87B.e.24960/click - {}
RESULT: {}
COMMAND: GET /session/a0fa65e418457f6e1528b16bc1e26f2c/screenshot - {}
RESULT: {}
COMMAND: POST /session/a0fa65e418457f6e1528b16bc1e26f2c/execute/async - {"script":"<script> [1562 bytes]","args":[{"selector":{"controlType":"sap.m.StandardListItem","viewName":"etm.portal.ui.managehandovers.view.AddNewHO","viewId":"application-managehandovers-display-component---AddNewHO","properties":{"title":"1002 - Test "},"searchOpenDialogs":true,"interaction":{"idSuffix":"content"}},"wdio_ui5_key":"etmportal.ui.managehandovers.view.AddNewHOsap.m.StandardListItem{\"title\":\"1002 - Test \"}"}]}
RESULT: {"script":"<script> [1562 bytes]","args":[{"selector":{"controlType":"sap.m.StandardListItem","viewName":"etm.portal.ui.managehandovers.view.AddNewHO","viewId":"application-managehandovers-display-component---AddNewHO","properties":{"title":"1002 - Test "},"searchOpenDialogs":true,"interaction":{"idSuffix":"content"}},"wdio_ui5_key":"etmportal.ui.managehandovers.view.AddNewHOsap.m.StandardListItem{\"title\":\"1002 - Test \"}"}]}
RESULT: undefined
COMMAND: POST /session/a0fa65e418457f6e1528b16bc1e26f2c/element - {"using":"xpath","value":"//*[@id=\"__item1298\"]"}
RESULT: {"using":"xpath","value":"//*[@id=\"__item1298\"]"}
COMMAND: POST /session/a0fa65e418457f6e1528b16bc1e26f2c/element/f.6300CB9FC90E916FB2ACF31257920715.d.54B28226F5541F361F2F8527DCFED87B.e.24963/click - {}
RESULT: {}
COMMAND: GET /session/a0fa65e418457f6e1528b16bc1e26f2c/screenshot - {}
RESULT: {}
COMMAND: POST /session/a0fa65e418457f6e1528b16bc1e26f2c/execute/async - {"script":"<script> [1562 bytes]","args":[{"selector":{"controlType":"sap.m.Input","viewName":"etm.portal.ui.managehandovers.view.AddNewHO","viewId":"application-managehandovers-display-component---AddNewHO","bindingPath":{"path":"","propertyPath":"/DRIVER","modelName":"hoItemsModel"},"interaction":{"idSuffix":"inner"}},"wdio_ui5_key":"etmportal.ui.managehandovers.view.AddNewHOsap.m.Input{\"path\":\"\",\"propertyPath\":\"/DRIVER\",\"modelName\":\"hoItemsModel\"}"}]}
RESULT: {"script":"<script> [1562 bytes]","args":[{"selector":{"controlType":"sap.m.Input","viewName":"etm.portal.ui.managehandovers.view.AddNewHO","viewId":"application-managehandovers-display-component---AddNewHO","bindingPath":{"path":"","propertyPath":"/DRIVER","modelName":"hoItemsModel"},"interaction":{"idSuffix":"inner"}},"wdio_ui5_key":"etmportal.ui.managehandovers.view.AddNewHOsap.m.Input{\"path\":\"\",\"propertyPath\":\"/DRIVER\",\"modelName\":\"hoItemsModel\"}"}]}
RESULT: undefined
COMMAND: POST /session/a0fa65e418457f6e1528b16bc1e26f2c/execute/async - {"script":"<script> [776 bytes]","args":[{"enterText":"StockDecrease Driver","selector":{"controlType":"sap.m.Input","viewName":"etm.portal.ui.managehandovers.view.AddNewHO","viewId":"application-managehandovers-display-component---AddNewHO","bindingPath":{"path":"","propertyPath":"/DRIVER","modelName":"hoItemsModel"},"interaction":{"idSuffix":"inner"}},"clearTextFirst":true,"interactionType":"ENTER_TEXT"}]}
RESULT: {"script":"<script> [776 bytes]","args":[{"enterText":"StockDecrease Driver","selector":{"controlType":"sap.m.Input","viewName":"etm.portal.ui.managehandovers.view.AddNewHO","viewId":"application-managehandovers-display-component---AddNewHO","bindingPath":{"path":"","propertyPath":"/DRIVER","modelName":"hoItemsModel"},"interaction":{"idSuffix":"inner"}},"clearTextFirst":true,"interactionType":"ENTER_TEXT"}]}
COMMAND: POST /session/a0fa65e418457f6e1528b16bc1e26f2c/execute/async - {"script":"<script> [1562 bytes]","args":[{"selector":{"id":"application-managehandovers-display-component---AddNewHO--responsibleCB-arrow"},"wdio_ui5_key":"applicationmanagehandovers-display-component---AddNewHO--responsibleCB-arrow"}]}
RESULT: {"script":"<script> [1562 bytes]","args":[{"selector":{"id":"application-managehandovers-display-component---AddNewHO--responsibleCB-arrow"},"wdio_ui5_key":"applicationmanagehandovers-display-component---AddNewHO--responsibleCB-arrow"}]}
RESULT: undefined
COMMAND: POST /session/a0fa65e418457f6e1528b16bc1e26f2c/element - {"using":"xpath","value":"//*[@id=\"application-managehandovers-display-component---AddNewHO--responsibleCB-arrow\"]"}
RESULT: {"using":"xpath","value":"//*[@id=\"application-managehandovers-display-component---AddNewHO--responsibleCB-arrow\"]"}
COMMAND: POST /session/a0fa65e418457f6e1528b16bc1e26f2c/element/f.6300CB9FC90E916FB2ACF31257920715.d.54B28226F5541F361F2F8527DCFED87B.e.24965/click - {}
RESULT: {}
COMMAND: GET /session/a0fa65e418457f6e1528b16bc1e26f2c/screenshot - {}
RESULT: {}
COMMAND: POST /session/a0fa65e418457f6e1528b16bc1e26f2c/execute/async - {"script":"<script> [1562 bytes]","args":[{"selector":{"controlType":"sap.m.StandardListItem","viewName":"etm.portal.ui.managehandovers.view.AddNewHO","viewId":"application-managehandovers-display-component---AddNewHO","properties":{"title":"1 - Test unit Update "},"searchOpenDialogs":true},"wdio_ui5_key":"etmportal.ui.managehandovers.view.AddNewHOsap.m.StandardListItem{\"title\":\"1 - Test unit Update \"}"}]}
RESULT: {"script":"<script> [1562 bytes]","args":[{"selector":{"controlType":"sap.m.StandardListItem","viewName":"etm.portal.ui.managehandovers.view.AddNewHO","viewId":"application-managehandovers-display-component---AddNewHO","properties":{"title":"1 - Test unit Update "},"searchOpenDialogs":true},"wdio_ui5_key":"etmportal.ui.managehandovers.view.AddNewHOsap.m.StandardListItem{\"title\":\"1 - Test unit Update \"}"}]}
RESULT: undefined
COMMAND: POST /session/a0fa65e418457f6e1528b16bc1e26f2c/element - {"using":"xpath","value":"//*[@id=\"__item1397\"]"}
RESULT: {"using":"xpath","value":"//*[@id=\"__item1397\"]"}
COMMAND: POST /session/a0fa65e418457f6e1528b16bc1e26f2c/element/f.6300CB9FC90E916FB2ACF31257920715.d.54B28226F5541F361F2F8527DCFED87B.e.24966/click - {}
RESULT: {}
COMMAND: GET /session/a0fa65e418457f6e1528b16bc1e26f2c/screenshot - {}
RESULT: {}
RESULT: undefined
COMMAND: POST /session/a0fa65e418457f6e1528b16bc1e26f2c/element - {"using":"xpath","value":"//*[@id=\"application-managehandovers-display-component---AddNewHO--ObjectPageLayout-anchBar-application-managehandovers-display-component---AddNewHO--section4-anchor\"]"}
RESULT: {"using":"xpath","value":"//*[@id=\"application-managehandovers-display-component---AddNewHO--ObjectPageLayout-anchBar-application-managehandovers-display-component---AddNewHO--section4-anchor\"]"}
COMMAND: POST /session/a0fa65e418457f6e1528b16bc1e26f2c/element/f.6300CB9FC90E916FB2ACF31257920715.d.54B28226F5541F361F2F8527DCFED87B.e.24967/click - {}
RESULT: {}
COMMAND: GET /session/a0fa65e418457f6e1528b16bc1e26f2c/screenshot - {}
RESULT: {}
COMMAND: POST /session/a0fa65e418457f6e1528b16bc1e26f2c/execute/async - {"script":"<script> [1562 bytes]","args":[{"selector":{"controlType":"sap.ui.core.Icon","viewName":"etm.portal.ui.managehandovers.view.AddNewHO","viewId":"application-managehandovers-display-component---AddNewHO","properties":{"src":{"regex":{"source":"add"}}}},"wdio_ui5_key":"etmportal.ui.managehandovers.view.AddNewHOsap.ui.core.Icon{\"src\":{\"regex\":{\"source\":\"add\"}}}"}]}
RESULT: {"script":"<script> [1562 bytes]","args":[{"selector":{"controlType":"sap.ui.core.Icon","viewName":"etm.portal.ui.managehandovers.view.AddNewHO","viewId":"application-managehandovers-display-component---AddNewHO","properties":{"src":{"regex":{"source":"add"}}}},"wdio_ui5_key":"etmportal.ui.managehandovers.view.AddNewHOsap.ui.core.Icon{\"src\":{\"regex\":{\"source\":\"add\"}}}"}]}
RESULT: undefined
COMMAND: POST /session/a0fa65e418457f6e1528b16bc1e26f2c/element - {"using":"xpath","value":"//*[@id=\"__button193-img\"]"}
RESULT: {"using":"xpath","value":"//*[@id=\"__button193-img\"]"}
COMMAND: POST /session/a0fa65e418457f6e1528b16bc1e26f2c/element/f.6300CB9FC90E916FB2ACF31257920715.d.54B28226F5541F361F2F8527DCFED87B.e.24971/click - {}
RESULT: {}
RESULT: undefined
COMMAND: POST /session/a0fa65e418457f6e1528b16bc1e26f2c/execute/async - {"script":"<script> [776 bytes]","args":[{"enterText":"200261","selector":{"id":"application-managehandovers-display-component---AddNewHO--smartFilterBar-btnBasicSearch","searchOpenDialogs":true,"interaction":{"idSuffix":"I"}},"clearTextFirst":true,"interactionType":"ENTER_TEXT"}]}
COMMAND: GET /session/a0fa65e418457f6e1528b16bc1e26f2c/screenshot - {}
RESULT: {"script":"<script> [776 bytes]","args":[{"enterText":"200261","selector":{"id":"application-managehandovers-display-component---AddNewHO--smartFilterBar-btnBasicSearch","searchOpenDialogs":true,"interaction":{"idSuffix":"I"}},"clearTextFirst":true,"interactionType":"ENTER_TEXT"}]}
RESULT: {}
RESULT: undefined
COMMAND: POST /session/a0fa65e418457f6e1528b16bc1e26f2c/element - {"using":"xpath","value":"//*[@id=\"application-managehandovers-display-component---AddNewHO--popup-sa\"]"}
RESULT: {"using":"xpath","value":"//*[@id=\"application-managehandovers-display-component---AddNewHO--popup-sa\"]"}
COMMAND: POST /session/a0fa65e418457f6e1528b16bc1e26f2c/element/f.6300CB9FC90E916FB2ACF31257920715.d.54B28226F5541F361F2F8527DCFED87B.e.25006/click - {}
RESULT: {}
COMMAND: GET /session/a0fa65e418457f6e1528b16bc1e26f2c/screenshot - {}
RESULT: {}
COMMAND: POST /session/a0fa65e418457f6e1528b16bc1e26f2c/element - {"using":"xpath","value":"//*[contains(@id ,\"BDI-content\")][contains(text(), \"Select\")]"}
RESULT: {"using":"xpath","value":"//*[contains(@id ,\"BDI-content\")][contains(text(), \"Select\")]"}
COMMAND: POST /session/a0fa65e418457f6e1528b16bc1e26f2c/element/f.6300CB9FC90E916FB2ACF31257920715.d.54B28226F5541F361F2F8527DCFED87B.e.25007/click - {}
RESULT: {}
COMMAND: POST /session/a0fa65e418457f6e1528b16bc1e26f2c/execute/async - {"script":"<script> [1562 bytes]","args":[{"selector":{"controlType":"sap.m.Button","viewName":"etm.portal.ui.managehandovers.view.AddNewHO","viewId":"application-managehandovers-display-component---AddNewHO","bindingPath":{"path":"/items/0","propertyPath":"QUANTITY","modelName":"hoItemsModel"},"interaction":{"idSuffix":"inner"}},"wdio_ui5_key":"etmportal.ui.managehandovers.view.AddNewHOsap.m.Button{\"path\":\"/items/0\",\"propertyPath\":\"QUANTITY\",\"modelName\":\"hoItemsModel\"}"}]}
COMMAND: GET /session/a0fa65e418457f6e1528b16bc1e26f2c/screenshot - {}
RESULT: {"script":"<script> [1562 bytes]","args":[{"selector":{"controlType":"sap.m.Button","viewName":"etm.portal.ui.managehandovers.view.AddNewHO","viewId":"application-managehandovers-display-component---AddNewHO","bindingPath":{"path":"/items/0","propertyPath":"QUANTITY","modelName":"hoItemsModel"},"interaction":{"idSuffix":"inner"}},"wdio_ui5_key":"etmportal.ui.managehandovers.view.AddNewHOsap.m.Button{\"path\":\"/items/0\",\"propertyPath\":\"QUANTITY\",\"modelName\":\"hoItemsModel\"}"}]}
RESULT: undefined
COMMAND: POST /session/a0fa65e418457f6e1528b16bc1e26f2c/element - {"using":"xpath","value":"//*[@id=\"__button194-__clone2976\"]"}
RESULT: {}
RESULT: {"using":"xpath","value":"//*[@id=\"__button194-__clone2976\"]"}
COMMAND: POST /session/a0fa65e418457f6e1528b16bc1e26f2c/element/f.6300CB9FC90E916FB2ACF31257920715.d.54B28226F5541F361F2F8527DCFED87B.e.25011/click - {}
RESULT: {}
COMMAND: POST /session/a0fa65e418457f6e1528b16bc1e26f2c/execute/async - {"script":"<script> [1562 bytes]","args":[{"selector":{"controlType":"sap.m.NumericInput","viewName":"etm.portal.ui.managehandovers.view.AddNewHO","viewId":"application-managehandovers-display-component---AddNewHO","properties":{"value":"0"},"searchOpenDialogs":true,"interaction":{"idSuffix":"inner"}},"wdio_ui5_key":"etmportal.ui.managehandovers.view.AddNewHOsap.m.NumericInput{\"value\":\"0\"}"}]}
COMMAND: GET /session/a0fa65e418457f6e1528b16bc1e26f2c/screenshot - {}
RESULT: {"script":"<script> [1562 bytes]","args":[{"selector":{"controlType":"sap.m.NumericInput","viewName":"etm.portal.ui.managehandovers.view.AddNewHO","viewId":"application-managehandovers-display-component---AddNewHO","properties":{"value":"0"},"searchOpenDialogs":true,"interaction":{"idSuffix":"inner"}},"wdio_ui5_key":"etmportal.ui.managehandovers.view.AddNewHOsap.m.NumericInput{\"value\":\"0\"}"}]}
RESULT: undefined
COMMAND: POST /session/a0fa65e418457f6e1528b16bc1e26f2c/execute/async - {"script":"<script> [776 bytes]","args":[{"enterText":"1","selector":{"controlType":"sap.m.NumericInput","viewName":"etm.portal.ui.managehandovers.view.AddNewHO","viewId":"application-managehandovers-display-component---AddNewHO","properties":{"value":"0"},"searchOpenDialogs":true,"interaction":{"idSuffix":"inner"}},"clearTextFirst":true,"interactionType":"ENTER_TEXT"}]}
RESULT: {}
RESULT: {"script":"<script> [776 bytes]","args":[{"enterText":"1","selector":{"controlType":"sap.m.NumericInput","viewName":"etm.portal.ui.managehandovers.view.AddNewHO","viewId":"application-managehandovers-display-component---AddNewHO","properties":{"value":"0"},"searchOpenDialogs":true,"interaction":{"idSuffix":"inner"}},"clearTextFirst":true,"interactionType":"ENTER_TEXT"}]}
COMMAND: POST /session/a0fa65e418457f6e1528b16bc1e26f2c/execute/async - {"script":"<script> [1562 bytes]","args":[{"selector":{"controlType":"sap.m.Button","viewName":"etm.portal.ui.managehandovers.view.AddNewHO","viewId":"application-managehandovers-display-component---AddNewHO","i18NText":{"propertyName":"text","key":"confirm"},"searchOpenDialogs":true,"interaction":{"idSuffix":"BDI-content"}},"wdio_ui5_key":"etmportal.ui.managehandovers.view.AddNewHOsap.m.Button{\"propertyName\":\"text\",\"key\":\"confirm\"}"}]}
RESULT: {"script":"<script> [1562 bytes]","args":[{"selector":{"controlType":"sap.m.Button","viewName":"etm.portal.ui.managehandovers.view.AddNewHO","viewId":"application-managehandovers-display-component---AddNewHO","i18NText":{"propertyName":"text","key":"confirm"},"searchOpenDialogs":true,"interaction":{"idSuffix":"BDI-content"}},"wdio_ui5_key":"etmportal.ui.managehandovers.view.AddNewHOsap.m.Button{\"propertyName\":\"text\",\"key\":\"confirm\"}"}]}
RESULT: undefined
COMMAND: POST /session/a0fa65e418457f6e1528b16bc1e26f2c/element - {"using":"xpath","value":"//*[@id=\"__button197\"]"}
RESULT: {"using":"xpath","value":"//*[@id=\"__button197\"]"}
COMMAND: POST /session/a0fa65e418457f6e1528b16bc1e26f2c/element/f.6300CB9FC90E916FB2ACF31257920715.d.54B28226F5541F361F2F8527DCFED87B.e.25012/click - {}
RESULT: {}
COMMAND: POST /session/a0fa65e418457f6e1528b16bc1e26f2c/execute/async - {"script":"<script> [1562 bytes]","args":[{"selector":{"id":"application-managehandovers-display-component---AddNewHO--confirmCreationButton","interaction":{"idSuffix":"inner"}},"wdio_ui5_key":"applicationmanagehandovers-display-component---AddNewHO--confirmCreationButton"}]}
COMMAND: GET /session/a0fa65e418457f6e1528b16bc1e26f2c/screenshot - {}
RESULT: {"script":"<script> [1562 bytes]","args":[{"selector":{"id":"application-managehandovers-display-component---AddNewHO--confirmCreationButton","interaction":{"idSuffix":"inner"}},"wdio_ui5_key":"applicationmanagehandovers-display-component---AddNewHO--confirmCreationButton"}]}
RESULT: undefined
COMMAND: POST /session/a0fa65e418457f6e1528b16bc1e26f2c/element - {"using":"xpath","value":"//*[@id=\"application-managehandovers-display-component---AddNewHO--confirmCreationButton\"]"}
RESULT: {}
RESULT: {"using":"xpath","value":"//*[@id=\"application-managehandovers-display-component---AddNewHO--confirmCreationButton\"]"}
COMMAND: POST /session/a0fa65e418457f6e1528b16bc1e26f2c/element/f.6300CB9FC90E916FB2ACF31257920715.d.54B28226F5541F361F2F8527DCFED87B.e.25023/click - {}
RESULT: {}
COMMAND: GET /session/a0fa65e418457f6e1528b16bc1e26f2c/screenshot - {}
RESULT: {}
RESULT: undefined
COMMAND: POST /session/a0fa65e418457f6e1528b16bc1e26f2c/execute/async - {"script":"<script> [776 bytes]","args":[{"enterText":"5/17/25","selector":{"id":"receiptDatePicker","viewName":"etm.portal.ui.managehandovers.view.DetailExecuteHO","interaction":{"idSuffix":"inner"}},"clearTextFirst":true,"interactionType":"ENTER_TEXT"}]}
RESULT: {"script":"<script> [776 bytes]","args":[{"enterText":"5/17/25","selector":{"id":"receiptDatePicker","viewName":"etm.portal.ui.managehandovers.view.DetailExecuteHO","interaction":{"idSuffix":"inner"}},"clearTextFirst":true,"interactionType":"ENTER_TEXT"}]}
COMMAND: POST /session/a0fa65e418457f6e1528b16bc1e26f2c/execute/async - {"script":"<script> [1562 bytes]","args":[{"selector":{"controlType":"sap.m.Button","viewName":"etm.portal.ui.managehandovers.view.DetailExecuteHO","i18NText":{"propertyName":"text","key":"confirmAll"},"interaction":{"idSuffix":"BDI-content"}},"wdio_ui5_key":"etmportal.ui.managehandovers.view.DetailExecuteHOsap.m.Button{\"propertyName\":\"text\",\"key\":\"confirmAll\"}"}]}
RESULT: {"script":"<script> [1562 bytes]","args":[{"selector":{"controlType":"sap.m.Button","viewName":"etm.portal.ui.managehandovers.view.DetailExecuteHO","i18NText":{"propertyName":"text","key":"confirmAll"},"interaction":{"idSuffix":"BDI-content"}},"wdio_ui5_key":"etmportal.ui.managehandovers.view.DetailExecuteHOsap.m.Button{\"propertyName\":\"text\",\"key\":\"confirmAll\"}"}]}
RESULT: undefined
COMMAND: POST /session/a0fa65e418457f6e1528b16bc1e26f2c/element - {"using":"xpath","value":"//*[@id=\"__button225\"]"}
RESULT: {"using":"xpath","value":"//*[@id=\"__button225\"]"}
COMMAND: POST /session/a0fa65e418457f6e1528b16bc1e26f2c/element/f.6300CB9FC90E916FB2ACF31257920715.d.54B28226F5541F361F2F8527DCFED87B.e.25054/click - {}
RESULT: {}
COMMAND: GET /session/a0fa65e418457f6e1528b16bc1e26f2c/screenshot - {}
RESULT: {}
COMMAND: POST /session/a0fa65e418457f6e1528b16bc1e26f2c/execute/async - {"script":"<script> [1562 bytes]","args":[{"selector":{"controlType":"sap.m.Button","properties":{"text":"OK"},"searchOpenDialogs":true,"interaction":{"idSuffix":"inner"}},"wdio_ui5_key":"sapm.Button{\"text\":\"OK\"}"}]}
RESULT: {"script":"<script> [1562 bytes]","args":[{"selector":{"controlType":"sap.m.Button","properties":{"text":"OK"},"searchOpenDialogs":true,"interaction":{"idSuffix":"inner"}},"wdio_ui5_key":"sapm.Button{\"text\":\"OK\"}"}]}
RESULT: undefined
COMMAND: POST /session/a0fa65e418457f6e1528b16bc1e26f2c/element - {"using":"xpath","value":"//*[@id=\"__mbox-btn-3\"]"}
RESULT: {"using":"xpath","value":"//*[@id=\"__mbox-btn-3\"]"}
COMMAND: POST /session/a0fa65e418457f6e1528b16bc1e26f2c/element/f.6300CB9FC90E916FB2ACF31257920715.d.54B28226F5541F361F2F8527DCFED87B.e.25055/click - {}
RESULT: {}
COMMAND: GET /session/a0fa65e418457f6e1528b16bc1e26f2c/screenshot - {}
RESULT: {}
COMMAND: POST /session/a0fa65e418457f6e1528b16bc1e26f2c/element - {"using":"xpath","value":"//bdi[contains(text(), \"Issue\")]"}
RESULT: {"using":"xpath","value":"//bdi[contains(text(), \"Issue\")]"}
COMMAND: POST /session/a0fa65e418457f6e1528b16bc1e26f2c/element/f.6300CB9FC90E916FB2ACF31257920715.d.54B28226F5541F361F2F8527DCFED87B.e.25058/click - {}
RESULT: {}
COMMAND: GET /session/a0fa65e418457f6e1528b16bc1e26f2c/screenshot - {}
RESULT: {}
COMMAND: POST /session/a0fa65e418457f6e1528b16bc1e26f2c/element - {"using":"css selector","value":"#shell-header-logo"}
RESULT: {"using":"css selector","value":"#shell-header-logo"}
COMMAND: POST /session/a0fa65e418457f6e1528b16bc1e26f2c/element/f.6300CB9FC90E916FB2ACF31257920715.d.54B28226F5541F361F2F8527DCFED87B.e.24465/click - {}
RESULT: {}
COMMAND: GET /session/a0fa65e418457f6e1528b16bc1e26f2c/screenshot - {}
RESULT: {}
COMMAND: POST /session/a0fa65e418457f6e1528b16bc1e26f2c/element - {"using":"css selector","value":"#j_username"}
COMMAND: POST /session/a0fa65e418457f6e1528b16bc1e26f2c/url - {"url":"https://qa-testing-00-live-etm-ui.cfapps.eu10-004.hana.ondemand.com/"}
RESULT: {"using":"css selector","value":"#j_username"}
COMMAND: POST /session/a0fa65e418457f6e1528b16bc1e26f2c/element - {"using":"css selector","value":"#j_username"}
RESULT: {"url":"https://qa-testing-00-live-etm-ui.cfapps.eu10-004.hana.ondemand.com/"}
RESULT: undefined
COMMAND: GET /session/a0fa65e418457f6e1528b16bc1e26f2c/screenshot - {}
RESULT: {"using":"css selector","value":"#j_username"}
COMMAND: POST /session/a0fa65e418457f6e1528b16bc1e26f2c/element - {"using":"css selector","value":"#shell-header-logo"}
RESULT: {}
RESULT: {"using":"css selector","value":"#shell-header-logo"}
COMMAND: POST /session/a0fa65e418457f6e1528b16bc1e26f2c/execute/sync - {"script":"<script> [8489 bytes]","args":[{"element-6066-11e4-a52e-4f735466cecf":"f.6300CB9FC90E916FB2ACF31257920715.d.D66B3395E01DC1BB5BCFB221D7CDD08E.e.25364","ELEMENT":"f.6300CB9FC90E916FB2ACF31257920715.d.D66B3395E01DC1BB5BCFB221D7CDD08E.e.25364"}]}
RESULT: {"script":"<script> [8489 bytes]","args":[{"element-6066-11e4-a52e-4f735466cecf":"f.6300CB9FC90E916FB2ACF31257920715.d.D66B3395E01DC1BB5BCFB221D7CDD08E.e.25364","ELEMENT":"f.6300CB9FC90E916FB2ACF31257920715.d.D66B3395E01DC1BB5BCFB221D7CDD08E.e.25364"}]}
COMMAND: POST /session/a0fa65e418457f6e1528b16bc1e26f2c/element - {"using":"css selector","value":"#shell-header-logo"}
COMMAND: GET /session/a0fa65e418457f6e1528b16bc1e26f2c/screenshot - {}
RESULT: {"using":"css selector","value":"#shell-header-logo"}
COMMAND: POST /session/a0fa65e418457f6e1528b16bc1e26f2c/execute/sync - {"script":"<script> [8489 bytes]","args":[{"element-6066-11e4-a52e-4f735466cecf":"f.6300CB9FC90E916FB2ACF31257920715.d.D66B3395E01DC1BB5BCFB221D7CDD08E.e.25364","ELEMENT":"f.6300CB9FC90E916FB2ACF31257920715.d.D66B3395E01DC1BB5BCFB221D7CDD08E.e.25364"}]}
RESULT: {}
RESULT: {"script":"<script> [8489 bytes]","args":[{"element-6066-11e4-a52e-4f735466cecf":"f.6300CB9FC90E916FB2ACF31257920715.d.D66B3395E01DC1BB5BCFB221D7CDD08E.e.25364","ELEMENT":"f.6300CB9FC90E916FB2ACF31257920715.d.D66B3395E01DC1BB5BCFB221D7CDD08E.e.25364"}]}
COMMAND: POST /session/a0fa65e418457f6e1528b16bc1e26f2c/execute/sync - {"script":"<script> [5351 bytes]","args":[{"element-6066-11e4-a52e-4f735466cecf":"f.6300CB9FC90E916FB2ACF31257920715.d.D66B3395E01DC1BB5BCFB221D7CDD08E.e.25364","ELEMENT":"f.6300CB9FC90E916FB2ACF31257920715.d.D66B3395E01DC1BB5BCFB221D7CDD08E.e.25364"}]}
COMMAND: GET /session/a0fa65e418457f6e1528b16bc1e26f2c/screenshot - {}
RESULT: {"script":"<script> [5351 bytes]","args":[{"element-6066-11e4-a52e-4f735466cecf":"f.6300CB9FC90E916FB2ACF31257920715.d.D66B3395E01DC1BB5BCFB221D7CDD08E.e.25364","ELEMENT":"f.6300CB9FC90E916FB2ACF31257920715.d.D66B3395E01DC1BB5BCFB221D7CDD08E.e.25364"}]}
COMMAND: POST /session/a0fa65e418457f6e1528b16bc1e26f2c/element - {"using":"css selector","value":"#shell-header-logo"}
COMMAND: GET /session/a0fa65e418457f6e1528b16bc1e26f2c/screenshot - {}
RESULT: {}
RESULT: {"using":"css selector","value":"#shell-header-logo"}
COMMAND: POST /session/a0fa65e418457f6e1528b16bc1e26f2c/element/f.6300CB9FC90E916FB2ACF31257920715.d.D66B3395E01DC1BB5BCFB221D7CDD08E.e.25364/click - {}
RESULT: {}
RESULT: {}
COMMAND: GET /session/a0fa65e418457f6e1528b16bc1e26f2c/screenshot - {}
RESULT: {}
COMMAND: POST /session/a0fa65e418457f6e1528b16bc1e26f2c/execute/async - {"script":"<script> [189 bytes]","args":[]}
RESULT: {"script":"<script> [189 bytes]","args":[]}
COMMAND: POST /session/a0fa65e418457f6e1528b16bc1e26f2c/execute/async - {"script":"<script> [123 bytes]","args":[]}
RESULT: {"script":"<script> [123 bytes]","args":[]}
COMMAND: POST /session/a0fa65e418457f6e1528b16bc1e26f2c/timeouts - {"script":"<number>"}
RESULT: {"script":"<number>"}
COMMAND: GET /session/a0fa65e418457f6e1528b16bc1e26f2c/timeouts - {}
RESULT: {}
RESULT: undefined
COMMAND: POST /session/a0fa65e418457f6e1528b16bc1e26f2c/execute/async - {"script":"<script> [2676 bytes]","args":[]}
RESULT: {"script":"<script> [2676 bytes]","args":[]}
COMMAND: POST /session/a0fa65e418457f6e1528b16bc1e26f2c/execute/async - {"script":"<script> [2342 bytes]","args":[{"protocol":"http","hostname":"0.0.0.0","path":"/","capabilities":{"browserName":"chrome","goog:chromeOptions":{"binary":"C:\\Program Files\\Google\\Chrome\\Application\\chrome.exe","args":["--start-maximized"]}},"logLevel":"warn","connectionRetryTimeout":120000,"connectionRetryCount":3,"logLevels":{},"enableDirectConnect":true,"strictSSL":true,"_":"65 more keys: [\"cacheDir\",\"port\",\"requestedCapabilities\",\"automationProtocol\",\"baseUrl\",\"waitforInterval\",\"waitforTimeout\",\"onReload\",\"beforeCommand\",\"afterCommand\",\"rootDir\",\"specs\",\"suites\",\"exclude\",\"groupLogsByTestSpec\",\"excludeDriverLogs\",\"bail\",\"framework\",\"reporters\",\"services\",\"maxInstances\",\"maxInstancesPerCapability\",\"injectGlobals\",\"filesToWatch\",\"execArgv\",\"runnerEnv\",\"runner\",\"shard\",\"specFileRetries\",\"specFileRetriesDelay\",\"specFileRetriesDeferred\",\"reporterSyncInterval\",\"reporterSyncTimeout\",\"cucumberFeaturesWithLineNumbers\",\"autoCompileOpts\",\"mochaOpts\",\"jasmineOpts\",\"cucumberOpts\",\"onPrepare\",\"onWorkerStart\",\"onWorkerEnd\",\"before\",\"beforeSession\",\"beforeSuite\",\"beforeHook\",\"beforeTest\",\"afterTest\",\"afterHook\",\"afterSuite\",\"afterSession\",\"after\",\"onComplete\",\"beforeAssertion\",\"afterAssertion\",\"beforeFeature\",\"beforeScenario\",\"beforeStep\",\"afterStep\",\"afterScenario\",\"afterFeature\",\"_\",\"suite\",\"$0\",\"ignoredWorkerServices\",\"wdi5\"]"}]}
RESULT: {"script":"<script> [2342 bytes]","args":[{"protocol":"http","hostname":"0.0.0.0","path":"/","capabilities":{"browserName":"chrome","goog:chromeOptions":{"binary":"C:\\Program Files\\Google\\Chrome\\Application\\chrome.exe","args":["--start-maximized"]}},"logLevel":"warn","connectionRetryTimeout":120000,"connectionRetryCount":3,"logLevels":{},"enableDirectConnect":true,"strictSSL":true,"_":"65 more keys: [\"cacheDir\",\"port\",\"requestedCapabilities\",\"automationProtocol\",\"baseUrl\",\"waitforInterval\",\"waitforTimeout\",\"onReload\",\"beforeCommand\",\"afterCommand\",\"rootDir\",\"specs\",\"suites\",\"exclude\",\"groupLogsByTestSpec\",\"excludeDriverLogs\",\"bail\",\"framework\",\"reporters\",\"services\",\"maxInstances\",\"maxInstancesPerCapability\",\"injectGlobals\",\"filesToWatch\",\"execArgv\",\"runnerEnv\",\"runner\",\"shard\",\"specFileRetries\",\"specFileRetriesDelay\",\"specFileRetriesDeferred\",\"reporterSyncInterval\",\"reporterSyncTimeout\",\"cucumberFeaturesWithLineNumbers\",\"autoCompileOpts\",\"mochaOpts\",\"jasmineOpts\",\"cucumberOpts\",\"onPrepare\",\"onWorkerStart\",\"onWorkerEnd\",\"before\",\"beforeSession\",\"beforeSuite\",\"beforeHook\",\"beforeTest\",\"afterTest\",\"afterHook\",\"afterSuite\",\"afterSession\",\"after\",\"onComplete\",\"beforeAssertion\",\"afterAssertion\",\"beforeFeature\",\"beforeScenario\",\"beforeStep\",\"afterStep\",\"afterScenario\",\"afterFeature\",\"_\",\"suite\",\"$0\",\"ignoredWorkerServices\",\"wdi5\"]"}]}
COMMAND: POST /session/a0fa65e418457f6e1528b16bc1e26f2c/execute/async - {"script":"<script> [21126 bytes]","args":[35000]}
RESULT: {"script":"<script> [21126 bytes]","args":[35000]}
COMMAND: POST /session/a0fa65e418457f6e1528b16bc1e26f2c/window/maximize - {}
RESULT: {}
COMMAND: POST /session/a0fa65e418457f6e1528b16bc1e26f2c/execute/async - {"script":"<script> [1562 bytes]","args":[{"selector":{"id":"shell-header","interaction":{"idSuffix":"icon"}},"wdio_ui5_key":"shellheader"}]}
COMMAND: GET /session/a0fa65e418457f6e1528b16bc1e26f2c/screenshot - {}
RESULT: {"script":"<script> [1562 bytes]","args":[{"selector":{"id":"shell-header","interaction":{"idSuffix":"icon"}},"wdio_ui5_key":"shellheader"}]}
RESULT: undefined
COMMAND: POST /session/a0fa65e418457f6e1528b16bc1e26f2c/window/fullscreen - {}
RESULT: {}
RESULT: {}
]]></system-out>
    </testcase>
  </testsuite>
  <testsuite timestamp="2025-05-17T17:26:24" time="679.69" tests="7" failures="0" errors="0" skipped="0">
    <properties>
      <property name="specId" value="0" />
      <property name="suiteName" value="Transfer Yard to Yard US131076" />
      <property name="capabilities" value="chrome.136_0_7103_93.windows" />
      <property name="file" value="file:///D:/a/1/s/test/specs/HTR/transfer-yard-to-yard.spec.js" />
    </properties>
    <testcase classname="chrome.136_0_7103_93.windows.Transfer_Yard_to_Yard_US131076" name="Should create a new yard" time="0.013">
      <system-out><![CDATA[
COMMAND: POST /session/a0fa65e418457f6e1528b16bc1e26f2c/window/fullscreen - {}
RESULT: {}
]]></system-out>
    </testcase>
    <testcase classname="chrome.136_0_7103_93.windows.Transfer_Yard_to_Yard_US131076" name="Should create a new 2nd yard" time="115.345">
      <system-out><![CDATA[
COMMAND: POST /session/a0fa65e418457f6e1528b16bc1e26f2c/window/fullscreen - {}
RESULT: {}
COMMAND: POST /session/a0fa65e418457f6e1528b16bc1e26f2c/execute/async - {"script":"<script> [1562 bytes]","args":[{"selector":{"controlType":"sap.m.GenericTile","properties":{"header":"Manage Yards"}},"wdio_ui5_key":"sapm.GenericTile{\"header\":\"Manage Yards\"}"}]}
RESULT: {"script":"<script> [1562 bytes]","args":[{"selector":{"controlType":"sap.m.GenericTile","properties":{"header":"Manage Yards"}},"wdio_ui5_key":"sapm.GenericTile{\"header\":\"Manage Yards\"}"}]}
RESULT: undefined
COMMAND: POST /session/a0fa65e418457f6e1528b16bc1e26f2c/element - {"using":"xpath","value":"//*[@id=\"__tile33\"]"}
RESULT: {"using":"xpath","value":"//*[@id=\"__tile33\"]"}
COMMAND: POST /session/a0fa65e418457f6e1528b16bc1e26f2c/element/f.6300CB9FC90E916FB2ACF31257920715.d.D66B3395E01DC1BB5BCFB221D7CDD08E.e.25386/click - {}
RESULT: {}
COMMAND: GET /session/a0fa65e418457f6e1528b16bc1e26f2c/screenshot - {}
RESULT: {}
COMMAND: POST /session/a0fa65e418457f6e1528b16bc1e26f2c/elements - {"using":"xpath","value":"//span[text()='Error']"}
RESULT: {"using":"xpath","value":"//span[text()='Error']"}
COMMAND: POST /session/a0fa65e418457f6e1528b16bc1e26f2c/element - {"using":"xpath","value":"//button[@data-kt=\"addNewYardOverflowToolbarButton\"]"}
RESULT: {"using":"xpath","value":"//button[@data-kt=\"addNewYardOverflowToolbarButton\"]"}
COMMAND: POST /session/a0fa65e418457f6e1528b16bc1e26f2c/elements - {"using":"xpath","value":"//button[@data-kt=\"addNewYardOverflowToolbarButton\"]"}
RESULT: {"using":"xpath","value":"//button[@data-kt=\"addNewYardOverflowToolbarButton\"]"}
COMMAND: POST /session/a0fa65e418457f6e1528b16bc1e26f2c/execute/sync - {"script":"<script> [8489 bytes]","args":[{"element-6066-11e4-a52e-4f735466cecf":"f.6300CB9FC90E916FB2ACF31257920715.d.D66B3395E01DC1BB5BCFB221D7CDD08E.e.25511","ELEMENT":"f.6300CB9FC90E916FB2ACF31257920715.d.D66B3395E01DC1BB5BCFB221D7CDD08E.e.25511"}]}
RESULT: {"script":"<script> [8489 bytes]","args":[{"element-6066-11e4-a52e-4f735466cecf":"f.6300CB9FC90E916FB2ACF31257920715.d.D66B3395E01DC1BB5BCFB221D7CDD08E.e.25511","ELEMENT":"f.6300CB9FC90E916FB2ACF31257920715.d.D66B3395E01DC1BB5BCFB221D7CDD08E.e.25511"}]}
COMMAND: GET /session/a0fa65e418457f6e1528b16bc1e26f2c/element/f.6300CB9FC90E916FB2ACF31257920715.d.D66B3395E01DC1BB5BCFB221D7CDD08E.e.25511/enabled - {}
COMMAND: GET /session/a0fa65e418457f6e1528b16bc1e26f2c/screenshot - {}
RESULT: {}
COMMAND: POST /session/a0fa65e418457f6e1528b16bc1e26f2c/execute/sync - {"script":"<script> [8489 bytes]","args":[{"element-6066-11e4-a52e-4f735466cecf":"f.6300CB9FC90E916FB2ACF31257920715.d.D66B3395E01DC1BB5BCFB221D7CDD08E.e.25511","ELEMENT":"f.6300CB9FC90E916FB2ACF31257920715.d.D66B3395E01DC1BB5BCFB221D7CDD08E.e.25511"}]}
COMMAND: GET /session/a0fa65e418457f6e1528b16bc1e26f2c/screenshot - {}
RESULT: {}
RESULT: {"script":"<script> [8489 bytes]","args":[{"element-6066-11e4-a52e-4f735466cecf":"f.6300CB9FC90E916FB2ACF31257920715.d.D66B3395E01DC1BB5BCFB221D7CDD08E.e.25511","ELEMENT":"f.6300CB9FC90E916FB2ACF31257920715.d.D66B3395E01DC1BB5BCFB221D7CDD08E.e.25511"}]}
COMMAND: POST /session/a0fa65e418457f6e1528b16bc1e26f2c/execute/sync - {"script":"<script> [5351 bytes]","args":[{"element-6066-11e4-a52e-4f735466cecf":"f.6300CB9FC90E916FB2ACF31257920715.d.D66B3395E01DC1BB5BCFB221D7CDD08E.e.25511","ELEMENT":"f.6300CB9FC90E916FB2ACF31257920715.d.D66B3395E01DC1BB5BCFB221D7CDD08E.e.25511"}]}
RESULT: {}
COMMAND: GET /session/a0fa65e418457f6e1528b16bc1e26f2c/screenshot - {}
RESULT: {"script":"<script> [5351 bytes]","args":[{"element-6066-11e4-a52e-4f735466cecf":"f.6300CB9FC90E916FB2ACF31257920715.d.D66B3395E01DC1BB5BCFB221D7CDD08E.e.25511","ELEMENT":"f.6300CB9FC90E916FB2ACF31257920715.d.D66B3395E01DC1BB5BCFB221D7CDD08E.e.25511"}]}
COMMAND: POST /session/a0fa65e418457f6e1528b16bc1e26f2c/element/f.6300CB9FC90E916FB2ACF31257920715.d.D66B3395E01DC1BB5BCFB221D7CDD08E.e.25511/click - {}
COMMAND: GET /session/a0fa65e418457f6e1528b16bc1e26f2c/screenshot - {}
RESULT: {}
RESULT: {}
COMMAND: GET /session/a0fa65e418457f6e1528b16bc1e26f2c/screenshot - {}
RESULT: {}
RESULT: {}
COMMAND: POST /session/a0fa65e418457f6e1528b16bc1e26f2c/element - {"using":"xpath","value":"//input[@id=\"application-manageyards-display-component---NewYard--yardId-inner\"]"}
RESULT: {"using":"xpath","value":"//input[@id=\"application-manageyards-display-component---NewYard--yardId-inner\"]"}
COMMAND: POST /session/a0fa65e418457f6e1528b16bc1e26f2c/element - {"using":"xpath","value":"//input[@id=\"application-manageyards-display-component---NewYard--yardId-inner\"]"}
RESULT: {"using":"xpath","value":"//input[@id=\"application-manageyards-display-component---NewYard--yardId-inner\"]"}
COMMAND: POST /session/a0fa65e418457f6e1528b16bc1e26f2c/execute/async - {"script":"<script> [1562 bytes]","args":[{"selector":{"id":"application-manageyards-display-component---NewYard--addressDetailDetailsName1","interaction":{"idSuffix":"inner"}},"wdio_ui5_key":"applicationmanageyards-display-component---NewYard--addressDetailDetailsName1"}]}
RESULT: {"script":"<script> [1562 bytes]","args":[{"selector":{"id":"application-manageyards-display-component---NewYard--addressDetailDetailsName1","interaction":{"idSuffix":"inner"}},"wdio_ui5_key":"applicationmanageyards-display-component---NewYard--addressDetailDetailsName1"}]}
RESULT: undefined
COMMAND: POST /session/a0fa65e418457f6e1528b16bc1e26f2c/execute/async - {"script":"<script> [776 bytes]","args":[{"enterText":"Intracompany Yard wdIO","selector":{"id":"application-manageyards-display-component---NewYard--addressDetailDetailsName1","interaction":{"idSuffix":"inner"}},"clearTextFirst":true,"interactionType":"ENTER_TEXT"}]}
RESULT: {"script":"<script> [776 bytes]","args":[{"enterText":"Intracompany Yard wdIO","selector":{"id":"application-manageyards-display-component---NewYard--addressDetailDetailsName1","interaction":{"idSuffix":"inner"}},"clearTextFirst":true,"interactionType":"ENTER_TEXT"}]}
COMMAND: POST /session/a0fa65e418457f6e1528b16bc1e26f2c/execute/async - {"script":"<script> [1562 bytes]","args":[{"selector":{"id":"application-manageyards-display-component---NewYard--addressDetailDetailsLanguage-arrow"},"wdio_ui5_key":"applicationmanageyards-display-component---NewYard--addressDetailDetailsLanguage-arrow"}]}
RESULT: {"script":"<script> [1562 bytes]","args":[{"selector":{"id":"application-manageyards-display-component---NewYard--addressDetailDetailsLanguage-arrow"},"wdio_ui5_key":"applicationmanageyards-display-component---NewYard--addressDetailDetailsLanguage-arrow"}]}
RESULT: undefined
COMMAND: POST /session/a0fa65e418457f6e1528b16bc1e26f2c/element - {"using":"xpath","value":"//*[@id=\"application-manageyards-display-component---NewYard--addressDetailDetailsLanguage-arrow\"]"}
RESULT: {"using":"xpath","value":"//*[@id=\"application-manageyards-display-component---NewYard--addressDetailDetailsLanguage-arrow\"]"}
COMMAND: POST /session/a0fa65e418457f6e1528b16bc1e26f2c/element/f.6300CB9FC90E916FB2ACF31257920715.d.D66B3395E01DC1BB5BCFB221D7CDD08E.e.25944/click - {}
RESULT: {}
COMMAND: POST /session/a0fa65e418457f6e1528b16bc1e26f2c/element - {"using":"xpath","value":"//span[contains(text(), \"English\")]"}
COMMAND: GET /session/a0fa65e418457f6e1528b16bc1e26f2c/screenshot - {}
RESULT: {"using":"xpath","value":"//span[contains(text(), \"English\")]"}
COMMAND: POST /session/a0fa65e418457f6e1528b16bc1e26f2c/element/f.6300CB9FC90E916FB2ACF31257920715.d.D66B3395E01DC1BB5BCFB221D7CDD08E.e.25945/click - {}
RESULT: {}
RESULT: {}
COMMAND: POST /session/a0fa65e418457f6e1528b16bc1e26f2c/execute/async - {"script":"<script> [1562 bytes]","args":[{"selector":{"id":"application-manageyards-display-component---NewYard--addressDetailDetailsCity1","interaction":{"idSuffix":"inner"}},"wdio_ui5_key":"applicationmanageyards-display-component---NewYard--addressDetailDetailsCity1"}]}
COMMAND: GET /session/a0fa65e418457f6e1528b16bc1e26f2c/screenshot - {}
RESULT: {"script":"<script> [1562 bytes]","args":[{"selector":{"id":"application-manageyards-display-component---NewYard--addressDetailDetailsCity1","interaction":{"idSuffix":"inner"}},"wdio_ui5_key":"applicationmanageyards-display-component---NewYard--addressDetailDetailsCity1"}]}
RESULT: undefined
COMMAND: POST /session/a0fa65e418457f6e1528b16bc1e26f2c/execute/async - {"script":"<script> [776 bytes]","args":[{"enterText":"Rosario","selector":{"id":"application-manageyards-display-component---NewYard--addressDetailDetailsCity1","interaction":{"idSuffix":"inner"}},"clearTextFirst":true,"interactionType":"ENTER_TEXT"}]}
RESULT: {}
RESULT: {"script":"<script> [776 bytes]","args":[{"enterText":"Rosario","selector":{"id":"application-manageyards-display-component---NewYard--addressDetailDetailsCity1","interaction":{"idSuffix":"inner"}},"clearTextFirst":true,"interactionType":"ENTER_TEXT"}]}
COMMAND: POST /session/a0fa65e418457f6e1528b16bc1e26f2c/execute/async - {"script":"<script> [1562 bytes]","args":[{"selector":{"id":"application-manageyards-display-component---NewYard--addressDetailDetailsCountry-arrow"},"wdio_ui5_key":"applicationmanageyards-display-component---NewYard--addressDetailDetailsCountry-arrow"}]}
RESULT: {"script":"<script> [1562 bytes]","args":[{"selector":{"id":"application-manageyards-display-component---NewYard--addressDetailDetailsCountry-arrow"},"wdio_ui5_key":"applicationmanageyards-display-component---NewYard--addressDetailDetailsCountry-arrow"}]}
RESULT: undefined
COMMAND: POST /session/a0fa65e418457f6e1528b16bc1e26f2c/element - {"using":"xpath","value":"//*[@id=\"application-manageyards-display-component---NewYard--addressDetailDetailsCountry-arrow\"]"}
RESULT: {"using":"xpath","value":"//*[@id=\"application-manageyards-display-component---NewYard--addressDetailDetailsCountry-arrow\"]"}
COMMAND: POST /session/a0fa65e418457f6e1528b16bc1e26f2c/element/f.6300CB9FC90E916FB2ACF31257920715.d.D66B3395E01DC1BB5BCFB221D7CDD08E.e.25947/click - {}
RESULT: {}
COMMAND: POST /session/a0fa65e418457f6e1528b16bc1e26f2c/element - {"using":"xpath","value":"//span[contains(text(), \"Argentina\")]"}
COMMAND: GET /session/a0fa65e418457f6e1528b16bc1e26f2c/screenshot - {}
RESULT: {"using":"xpath","value":"//span[contains(text(), \"Argentina\")]"}
COMMAND: POST /session/a0fa65e418457f6e1528b16bc1e26f2c/element/f.6300CB9FC90E916FB2ACF31257920715.d.D66B3395E01DC1BB5BCFB221D7CDD08E.e.25949/click - {}
RESULT: {}
RESULT: {}
COMMAND: POST /session/a0fa65e418457f6e1528b16bc1e26f2c/execute/async - {"script":"<script> [1562 bytes]","args":[{"selector":{"id":"application-manageyards-display-component---NewYard--addressEditDetailsCostObjectCstType-arrow"},"wdio_ui5_key":"applicationmanageyards-display-component---NewYard--addressEditDetailsCostObjectCstType-arrow"}]}
COMMAND: GET /session/a0fa65e418457f6e1528b16bc1e26f2c/screenshot - {}
RESULT: {"script":"<script> [1562 bytes]","args":[{"selector":{"id":"application-manageyards-display-component---NewYard--addressEditDetailsCostObjectCstType-arrow"},"wdio_ui5_key":"applicationmanageyards-display-component---NewYard--addressEditDetailsCostObjectCstType-arrow"}]}
RESULT: undefined
COMMAND: POST /session/a0fa65e418457f6e1528b16bc1e26f2c/element - {"using":"xpath","value":"//*[@id=\"application-manageyards-display-component---NewYard--addressEditDetailsCostObjectCstType-arrow\"]"}
RESULT: {}
RESULT: {"using":"xpath","value":"//*[@id=\"application-manageyards-display-component---NewYard--addressEditDetailsCostObjectCstType-arrow\"]"}
COMMAND: POST /session/a0fa65e418457f6e1528b16bc1e26f2c/element/f.6300CB9FC90E916FB2ACF31257920715.d.D66B3395E01DC1BB5BCFB221D7CDD08E.e.25950/click - {}
RESULT: {}
COMMAND: POST /session/a0fa65e418457f6e1528b16bc1e26f2c/element - {"using":"xpath","value":"//span[contains(text(), \"Cost Center\")]"}
COMMAND: GET /session/a0fa65e418457f6e1528b16bc1e26f2c/screenshot - {}
RESULT: {"using":"xpath","value":"//span[contains(text(), \"Cost Center\")]"}
COMMAND: POST /session/a0fa65e418457f6e1528b16bc1e26f2c/element/f.6300CB9FC90E916FB2ACF31257920715.d.D66B3395E01DC1BB5BCFB221D7CDD08E.e.25951/click - {}
RESULT: {}
RESULT: {}
COMMAND: GET /session/a0fa65e418457f6e1528b16bc1e26f2c/screenshot - {}
RESULT: {}
COMMAND: POST /session/a0fa65e418457f6e1528b16bc1e26f2c/element - {"using":"xpath","value":"//span[@id=\"application-manageyards-display-component---NewYard--addressNewCostObjectCstID-vhi\"]"}
RESULT: {"using":"xpath","value":"//span[@id=\"application-manageyards-display-component---NewYard--addressNewCostObjectCstID-vhi\"]"}
COMMAND: POST /session/a0fa65e418457f6e1528b16bc1e26f2c/execute/sync - {"script":"<script> [8489 bytes]","args":[{"element-6066-11e4-a52e-4f735466cecf":"f.6300CB9FC90E916FB2ACF31257920715.d.D66B3395E01DC1BB5BCFB221D7CDD08E.e.25955","ELEMENT":"f.6300CB9FC90E916FB2ACF31257920715.d.D66B3395E01DC1BB5BCFB221D7CDD08E.e.25955"}]}
RESULT: {"script":"<script> [8489 bytes]","args":[{"element-6066-11e4-a52e-4f735466cecf":"f.6300CB9FC90E916FB2ACF31257920715.d.D66B3395E01DC1BB5BCFB221D7CDD08E.e.25955","ELEMENT":"f.6300CB9FC90E916FB2ACF31257920715.d.D66B3395E01DC1BB5BCFB221D7CDD08E.e.25955"}]}
COMMAND: POST /session/a0fa65e418457f6e1528b16bc1e26f2c/execute/async - {"script":"<script> [1562 bytes]","args":[{"selector":{"id":"application-manageyards-display-component---NewYard--addressNewCostObjectCstID-vhi"},"wdio_ui5_key":"applicationmanageyards-display-component---NewYard--addressNewCostObjectCstID-vhi"}]}
COMMAND: GET /session/a0fa65e418457f6e1528b16bc1e26f2c/screenshot - {}
RESULT: {"script":"<script> [1562 bytes]","args":[{"selector":{"id":"application-manageyards-display-component---NewYard--addressNewCostObjectCstID-vhi"},"wdio_ui5_key":"applicationmanageyards-display-component---NewYard--addressNewCostObjectCstID-vhi"}]}
RESULT: undefined
COMMAND: POST /session/a0fa65e418457f6e1528b16bc1e26f2c/element - {"using":"xpath","value":"//*[@id=\"application-manageyards-display-component---NewYard--addressNewCostObjectCstID-vhi\"]"}
RESULT: {}
RESULT: {"using":"xpath","value":"//*[@id=\"application-manageyards-display-component---NewYard--addressNewCostObjectCstID-vhi\"]"}
COMMAND: POST /session/a0fa65e418457f6e1528b16bc1e26f2c/element/f.6300CB9FC90E916FB2ACF31257920715.d.D66B3395E01DC1BB5BCFB221D7CDD08E.e.25955/click - {}
RESULT: {}
COMMAND: GET /session/a0fa65e418457f6e1528b16bc1e26f2c/screenshot - {}
RESULT: {}
COMMAND: POST /session/a0fa65e418457f6e1528b16bc1e26f2c/execute/async - {"script":"<script> [1562 bytes]","args":[{"selector":{"controlType":"sap.m.SearchField","properties":{"placeholder":"Search"},"searchOpenDialogs":true,"interaction":{"idSuffix":"I"}},"wdio_ui5_key":"sapm.SearchField{\"placeholder\":\"Search\"}"}]}
RESULT: {"script":"<script> [1562 bytes]","args":[{"selector":{"controlType":"sap.m.SearchField","properties":{"placeholder":"Search"},"searchOpenDialogs":true,"interaction":{"idSuffix":"I"}},"wdio_ui5_key":"sapm.SearchField{\"placeholder\":\"Search\"}"}]}
RESULT: undefined
COMMAND: POST /session/a0fa65e418457f6e1528b16bc1e26f2c/execute/async - {"script":"<script> [776 bytes]","args":[{"enterText":"bauh_b","selector":{"controlType":"sap.m.SearchField","properties":{"placeholder":"Search"},"searchOpenDialogs":true,"interaction":{"idSuffix":"I"}},"clearTextFirst":true,"interactionType":"ENTER_TEXT"}]}
RESULT: {"script":"<script> [776 bytes]","args":[{"enterText":"bauh_b","selector":{"controlType":"sap.m.SearchField","properties":{"placeholder":"Search"},"searchOpenDialogs":true,"interaction":{"idSuffix":"I"}},"clearTextFirst":true,"interactionType":"ENTER_TEXT"}]}
COMMAND: POST /session/a0fa65e418457f6e1528b16bc1e26f2c/actions - {"actions":[{"id":"action83","type":"key","parameters":{},"actions":[{"type":"keyDown","value":"î€‡"},{"type":"pause","duration":10},{"type":"keyUp","value":"î€‡"}]}]}
RESULT: {"actions":[{"id":"action83","type":"key","parameters":{},"actions":[{"type":"keyDown","value":"î€‡"},{"type":"pause","duration":10},{"type":"keyUp","value":"î€‡"}]}]}
COMMAND: GET /session/a0fa65e418457f6e1528b16bc1e26f2c/screenshot - {}
RESULT: {}
COMMAND: POST /session/a0fa65e418457f6e1528b16bc1e26f2c/element - {"using":"xpath","value":"//span[contains(text(), \"Demo Yard\")]"}
RESULT: {"using":"xpath","value":"//span[contains(text(), \"Demo Yard\")]"}
COMMAND: POST /session/a0fa65e418457f6e1528b16bc1e26f2c/element/f.6300CB9FC90E916FB2ACF31257920715.d.D66B3395E01DC1BB5BCFB221D7CDD08E.e.25995/click - {}
RESULT: {}
COMMAND: GET /session/a0fa65e418457f6e1528b16bc1e26f2c/screenshot - {}
RESULT: {}
COMMAND: POST /session/a0fa65e418457f6e1528b16bc1e26f2c/element - {"using":"xpath","value":"//bdi[contains(text(), \"OK\")]"}
RESULT: {"using":"xpath","value":"//bdi[contains(text(), \"OK\")]"}
COMMAND: POST /session/a0fa65e418457f6e1528b16bc1e26f2c/element/f.6300CB9FC90E916FB2ACF31257920715.d.D66B3395E01DC1BB5BCFB221D7CDD08E.e.25996/click - {}
RESULT: {}
COMMAND: GET /session/a0fa65e418457f6e1528b16bc1e26f2c/screenshot - {}
RESULT: {}
COMMAND: POST /session/a0fa65e418457f6e1528b16bc1e26f2c/execute/async - {"script":"<script> [1562 bytes]","args":[{"selector":{"id":"application-manageyards-display-component---NewYard--addressEditDetailsCurrency-arrow"},"wdio_ui5_key":"applicationmanageyards-display-component---NewYard--addressEditDetailsCurrency-arrow"}]}
RESULT: {"script":"<script> [1562 bytes]","args":[{"selector":{"id":"application-manageyards-display-component---NewYard--addressEditDetailsCurrency-arrow"},"wdio_ui5_key":"applicationmanageyards-display-component---NewYard--addressEditDetailsCurrency-arrow"}]}
RESULT: undefined
COMMAND: POST /session/a0fa65e418457f6e1528b16bc1e26f2c/element - {"using":"xpath","value":"//*[@id=\"application-manageyards-display-component---NewYard--addressEditDetailsCurrency-arrow\"]"}
RESULT: {"using":"xpath","value":"//*[@id=\"application-manageyards-display-component---NewYard--addressEditDetailsCurrency-arrow\"]"}
COMMAND: POST /session/a0fa65e418457f6e1528b16bc1e26f2c/element/f.6300CB9FC90E916FB2ACF31257920715.d.D66B3395E01DC1BB5BCFB221D7CDD08E.e.25999/click - {}
RESULT: {}
COMMAND: POST /session/a0fa65e418457f6e1528b16bc1e26f2c/element - {"using":"xpath","value":"//span[contains(text(), \"Euro\")]"}
COMMAND: GET /session/a0fa65e418457f6e1528b16bc1e26f2c/screenshot - {}
RESULT: {"using":"xpath","value":"//span[contains(text(), \"Euro\")]"}
COMMAND: POST /session/a0fa65e418457f6e1528b16bc1e26f2c/element/f.6300CB9FC90E916FB2ACF31257920715.d.D66B3395E01DC1BB5BCFB221D7CDD08E.e.26000/click - {}
RESULT: {}
RESULT: {}
COMMAND: POST /session/a0fa65e418457f6e1528b16bc1e26f2c/execute/async - {"script":"<script> [1562 bytes]","args":[{"selector":{"controlType":"sap.m.Input","viewName":"etm.portal.ui.manageyards.view.New","viewId":"application-manageyards-display-component---NewYard","bindingPath":{"path":"","propertyPath":"/CONTROLLING_AREA","modelName":"NewYardModel"},"interaction":{"idSuffix":"inner"}},"wdio_ui5_key":"etmportal.ui.manageyards.view.Newsap.m.Input{\"path\":\"\",\"propertyPath\":\"/CONTROLLING_AREA\",\"modelName\":\"NewYardModel\"}"}]}
COMMAND: GET /session/a0fa65e418457f6e1528b16bc1e26f2c/screenshot - {}
RESULT: {"script":"<script> [1562 bytes]","args":[{"selector":{"controlType":"sap.m.Input","viewName":"etm.portal.ui.manageyards.view.New","viewId":"application-manageyards-display-component---NewYard","bindingPath":{"path":"","propertyPath":"/CONTROLLING_AREA","modelName":"NewYardModel"},"interaction":{"idSuffix":"inner"}},"wdio_ui5_key":"etmportal.ui.manageyards.view.Newsap.m.Input{\"path\":\"\",\"propertyPath\":\"/CONTROLLING_AREA\",\"modelName\":\"NewYardModel\"}"}]}
RESULT: undefined
COMMAND: POST /session/a0fa65e418457f6e1528b16bc1e26f2c/execute/async - {"script":"<script> [776 bytes]","args":[{"enterText":"Z001","selector":{"controlType":"sap.m.Input","viewName":"etm.portal.ui.manageyards.view.New","viewId":"application-manageyards-display-component---NewYard","bindingPath":{"path":"","propertyPath":"/CONTROLLING_AREA","modelName":"NewYardModel"},"interaction":{"idSuffix":"inner"}},"clearTextFirst":true,"interactionType":"ENTER_TEXT"}]}
RESULT: {}
RESULT: {"script":"<script> [776 bytes]","args":[{"enterText":"Z001","selector":{"controlType":"sap.m.Input","viewName":"etm.portal.ui.manageyards.view.New","viewId":"application-manageyards-display-component---NewYard","bindingPath":{"path":"","propertyPath":"/CONTROLLING_AREA","modelName":"NewYardModel"},"interaction":{"idSuffix":"inner"}},"clearTextFirst":true,"interactionType":"ENTER_TEXT"}]}
COMMAND: POST /session/a0fa65e418457f6e1528b16bc1e26f2c/execute/async - {"script":"<script> [1562 bytes]","args":[{"selector":{"id":"application-manageyards-display-component---NewYard--companyCodeComboBox","interaction":{"idSuffix":"inner"}},"wdio_ui5_key":"applicationmanageyards-display-component---NewYard--companyCodeComboBox"}]}
RESULT: {"script":"<script> [1562 bytes]","args":[{"selector":{"id":"application-manageyards-display-component---NewYard--companyCodeComboBox","interaction":{"idSuffix":"inner"}},"wdio_ui5_key":"applicationmanageyards-display-component---NewYard--companyCodeComboBox"}]}
RESULT: undefined
COMMAND: POST /session/a0fa65e418457f6e1528b16bc1e26f2c/execute/async - {"script":"<script> [776 bytes]","args":[{"enterText":"1000","selector":{"id":"application-manageyards-display-component---NewYard--companyCodeComboBox","interaction":{"idSuffix":"inner"}},"clearTextFirst":true,"interactionType":"ENTER_TEXT"}]}
RESULT: {"script":"<script> [776 bytes]","args":[{"enterText":"1000","selector":{"id":"application-manageyards-display-component---NewYard--companyCodeComboBox","interaction":{"idSuffix":"inner"}},"clearTextFirst":true,"interactionType":"ENTER_TEXT"}]}
COMMAND: POST /session/a0fa65e418457f6e1528b16bc1e26f2c/execute/async - {"script":"<script> [1562 bytes]","args":[{"selector":{"controlType":"sap.m.Input","viewName":"etm.portal.ui.manageyards.view.New","viewId":"application-manageyards-display-component---NewYard","bindingPath":{"path":"","propertyPath":"/PLANT","modelName":"NewYardModel"},"interaction":{"idSuffix":"inner"}},"wdio_ui5_key":"etmportal.ui.manageyards.view.Newsap.m.Input{\"path\":\"\",\"propertyPath\":\"/PLANT\",\"modelName\":\"NewYardModel\"}"}]}
RESULT: {"script":"<script> [1562 bytes]","args":[{"selector":{"controlType":"sap.m.Input","viewName":"etm.portal.ui.manageyards.view.New","viewId":"application-manageyards-display-component---NewYard","bindingPath":{"path":"","propertyPath":"/PLANT","modelName":"NewYardModel"},"interaction":{"idSuffix":"inner"}},"wdio_ui5_key":"etmportal.ui.manageyards.view.Newsap.m.Input{\"path\":\"\",\"propertyPath\":\"/PLANT\",\"modelName\":\"NewYardModel\"}"}]}
RESULT: undefined
COMMAND: POST /session/a0fa65e418457f6e1528b16bc1e26f2c/execute/async - {"script":"<script> [776 bytes]","args":[{"enterText":"1001","selector":{"controlType":"sap.m.Input","viewName":"etm.portal.ui.manageyards.view.New","viewId":"application-manageyards-display-component---NewYard","bindingPath":{"path":"","propertyPath":"/PLANT","modelName":"NewYardModel"},"interaction":{"idSuffix":"inner"}},"clearTextFirst":true,"interactionType":"ENTER_TEXT"}]}
RESULT: {"script":"<script> [776 bytes]","args":[{"enterText":"1001","selector":{"controlType":"sap.m.Input","viewName":"etm.portal.ui.manageyards.view.New","viewId":"application-manageyards-display-component---NewYard","bindingPath":{"path":"","propertyPath":"/PLANT","modelName":"NewYardModel"},"interaction":{"idSuffix":"inner"}},"clearTextFirst":true,"interactionType":"ENTER_TEXT"}]}
COMMAND: POST /session/a0fa65e418457f6e1528b16bc1e26f2c/execute/async - {"script":"<script> [1562 bytes]","args":[{"selector":{"controlType":"sap.m.Input","viewName":"etm.portal.ui.manageyards.view.New","viewId":"application-manageyards-display-component---NewYard","bindingPath":{"path":"","propertyPath":"/SALES_AREA_VKORG","modelName":"NewYardModel"},"interaction":{"idSuffix":"inner"}},"wdio_ui5_key":"etmportal.ui.manageyards.view.Newsap.m.Input{\"path\":\"\",\"propertyPath\":\"/SALES_AREA_VKORG\",\"modelName\":\"NewYardModel\"}"}]}
RESULT: {"script":"<script> [1562 bytes]","args":[{"selector":{"controlType":"sap.m.Input","viewName":"etm.portal.ui.manageyards.view.New","viewId":"application-manageyards-display-component---NewYard","bindingPath":{"path":"","propertyPath":"/SALES_AREA_VKORG","modelName":"NewYardModel"},"interaction":{"idSuffix":"inner"}},"wdio_ui5_key":"etmportal.ui.manageyards.view.Newsap.m.Input{\"path\":\"\",\"propertyPath\":\"/SALES_AREA_VKORG\",\"modelName\":\"NewYardModel\"}"}]}
RESULT: undefined
COMMAND: POST /session/a0fa65e418457f6e1528b16bc1e26f2c/execute/async - {"script":"<script> [776 bytes]","args":[{"enterText":"C002","selector":{"controlType":"sap.m.Input","viewName":"etm.portal.ui.manageyards.view.New","viewId":"application-manageyards-display-component---NewYard","bindingPath":{"path":"","propertyPath":"/SALES_AREA_VKORG","modelName":"NewYardModel"},"interaction":{"idSuffix":"inner"}},"clearTextFirst":true,"interactionType":"ENTER_TEXT"}]}
RESULT: {"script":"<script> [776 bytes]","args":[{"enterText":"C002","selector":{"controlType":"sap.m.Input","viewName":"etm.portal.ui.manageyards.view.New","viewId":"application-manageyards-display-component---NewYard","bindingPath":{"path":"","propertyPath":"/SALES_AREA_VKORG","modelName":"NewYardModel"},"interaction":{"idSuffix":"inner"}},"clearTextFirst":true,"interactionType":"ENTER_TEXT"}]}
COMMAND: POST /session/a0fa65e418457f6e1528b16bc1e26f2c/execute/async - {"script":"<script> [1562 bytes]","args":[{"selector":{"controlType":"sap.m.Input","viewName":"etm.portal.ui.manageyards.view.New","viewId":"application-manageyards-display-component---NewYard","bindingPath":{"path":"","propertyPath":"/SALES_AREA_VTWEG","modelName":"NewYardModel"},"interaction":{"idSuffix":"inner"}},"wdio_ui5_key":"etmportal.ui.manageyards.view.Newsap.m.Input{\"path\":\"\",\"propertyPath\":\"/SALES_AREA_VTWEG\",\"modelName\":\"NewYardModel\"}"}]}
RESULT: {"script":"<script> [1562 bytes]","args":[{"selector":{"controlType":"sap.m.Input","viewName":"etm.portal.ui.manageyards.view.New","viewId":"application-manageyards-display-component---NewYard","bindingPath":{"path":"","propertyPath":"/SALES_AREA_VTWEG","modelName":"NewYardModel"},"interaction":{"idSuffix":"inner"}},"wdio_ui5_key":"etmportal.ui.manageyards.view.Newsap.m.Input{\"path\":\"\",\"propertyPath\":\"/SALES_AREA_VTWEG\",\"modelName\":\"NewYardModel\"}"}]}
RESULT: undefined
COMMAND: POST /session/a0fa65e418457f6e1528b16bc1e26f2c/execute/async - {"script":"<script> [776 bytes]","args":[{"enterText":"C2","selector":{"controlType":"sap.m.Input","viewName":"etm.portal.ui.manageyards.view.New","viewId":"application-manageyards-display-component---NewYard","bindingPath":{"path":"","propertyPath":"/SALES_AREA_VTWEG","modelName":"NewYardModel"},"interaction":{"idSuffix":"inner"}},"clearTextFirst":true,"interactionType":"ENTER_TEXT"}]}
RESULT: {"script":"<script> [776 bytes]","args":[{"enterText":"C2","selector":{"controlType":"sap.m.Input","viewName":"etm.portal.ui.manageyards.view.New","viewId":"application-manageyards-display-component---NewYard","bindingPath":{"path":"","propertyPath":"/SALES_AREA_VTWEG","modelName":"NewYardModel"},"interaction":{"idSuffix":"inner"}},"clearTextFirst":true,"interactionType":"ENTER_TEXT"}]}
COMMAND: POST /session/a0fa65e418457f6e1528b16bc1e26f2c/execute/async - {"script":"<script> [1562 bytes]","args":[{"selector":{"controlType":"sap.m.Input","viewName":"etm.portal.ui.manageyards.view.New","viewId":"application-manageyards-display-component---NewYard","bindingPath":{"path":"","propertyPath":"/SALES_AREA_SPART","modelName":"NewYardModel"},"interaction":{"idSuffix":"inner"}},"wdio_ui5_key":"etmportal.ui.manageyards.view.Newsap.m.Input{\"path\":\"\",\"propertyPath\":\"/SALES_AREA_SPART\",\"modelName\":\"NewYardModel\"}"}]}
RESULT: {"script":"<script> [1562 bytes]","args":[{"selector":{"controlType":"sap.m.Input","viewName":"etm.portal.ui.manageyards.view.New","viewId":"application-manageyards-display-component---NewYard","bindingPath":{"path":"","propertyPath":"/SALES_AREA_SPART","modelName":"NewYardModel"},"interaction":{"idSuffix":"inner"}},"wdio_ui5_key":"etmportal.ui.manageyards.view.Newsap.m.Input{\"path\":\"\",\"propertyPath\":\"/SALES_AREA_SPART\",\"modelName\":\"NewYardModel\"}"}]}
RESULT: undefined
COMMAND: POST /session/a0fa65e418457f6e1528b16bc1e26f2c/execute/async - {"script":"<script> [776 bytes]","args":[{"enterText":"C2","selector":{"controlType":"sap.m.Input","viewName":"etm.portal.ui.manageyards.view.New","viewId":"application-manageyards-display-component---NewYard","bindingPath":{"path":"","propertyPath":"/SALES_AREA_SPART","modelName":"NewYardModel"},"interaction":{"idSuffix":"inner"}},"clearTextFirst":true,"interactionType":"ENTER_TEXT"}]}
RESULT: {"script":"<script> [776 bytes]","args":[{"enterText":"C2","selector":{"controlType":"sap.m.Input","viewName":"etm.portal.ui.manageyards.view.New","viewId":"application-manageyards-display-component---NewYard","bindingPath":{"path":"","propertyPath":"/SALES_AREA_SPART","modelName":"NewYardModel"},"interaction":{"idSuffix":"inner"}},"clearTextFirst":true,"interactionType":"ENTER_TEXT"}]}
COMMAND: POST /session/a0fa65e418457f6e1528b16bc1e26f2c/execute/async - {"script":"<script> [1562 bytes]","args":[{"selector":{"controlType":"sap.m.Input","viewName":"etm.portal.ui.manageyards.view.New","viewId":"application-manageyards-display-component---NewYard","bindingPath":{"path":"","propertyPath":"/SHIP_POINT","modelName":"NewYardModel"},"interaction":{"idSuffix":"inner"}},"wdio_ui5_key":"etmportal.ui.manageyards.view.Newsap.m.Input{\"path\":\"\",\"propertyPath\":\"/SHIP_POINT\",\"modelName\":\"NewYardModel\"}"}]}
RESULT: {"script":"<script> [1562 bytes]","args":[{"selector":{"controlType":"sap.m.Input","viewName":"etm.portal.ui.manageyards.view.New","viewId":"application-manageyards-display-component---NewYard","bindingPath":{"path":"","propertyPath":"/SHIP_POINT","modelName":"NewYardModel"},"interaction":{"idSuffix":"inner"}},"wdio_ui5_key":"etmportal.ui.manageyards.view.Newsap.m.Input{\"path\":\"\",\"propertyPath\":\"/SHIP_POINT\",\"modelName\":\"NewYardModel\"}"}]}
RESULT: undefined
COMMAND: POST /session/a0fa65e418457f6e1528b16bc1e26f2c/execute/async - {"script":"<script> [776 bytes]","args":[{"enterText":"1710","selector":{"controlType":"sap.m.Input","viewName":"etm.portal.ui.manageyards.view.New","viewId":"application-manageyards-display-component---NewYard","bindingPath":{"path":"","propertyPath":"/SHIP_POINT","modelName":"NewYardModel"},"interaction":{"idSuffix":"inner"}},"clearTextFirst":true,"interactionType":"ENTER_TEXT"}]}
RESULT: {"script":"<script> [776 bytes]","args":[{"enterText":"1710","selector":{"controlType":"sap.m.Input","viewName":"etm.portal.ui.manageyards.view.New","viewId":"application-manageyards-display-component---NewYard","bindingPath":{"path":"","propertyPath":"/SHIP_POINT","modelName":"NewYardModel"},"interaction":{"idSuffix":"inner"}},"clearTextFirst":true,"interactionType":"ENTER_TEXT"}]}
COMMAND: POST /session/a0fa65e418457f6e1528b16bc1e26f2c/execute/async - {"script":"<script> [1562 bytes]","args":[{"selector":{"controlType":"sap.m.Input","viewName":"etm.portal.ui.manageyards.view.New","viewId":"application-manageyards-display-component---NewYard","bindingPath":{"path":"","propertyPath":"/DELIVERY_TYPE","modelName":"NewYardModel"},"interaction":{"idSuffix":"inner"}},"wdio_ui5_key":"etmportal.ui.manageyards.view.Newsap.m.Input{\"path\":\"\",\"propertyPath\":\"/DELIVERY_TYPE\",\"modelName\":\"NewYardModel\"}"}]}
RESULT: {"script":"<script> [1562 bytes]","args":[{"selector":{"controlType":"sap.m.Input","viewName":"etm.portal.ui.manageyards.view.New","viewId":"application-manageyards-display-component---NewYard","bindingPath":{"path":"","propertyPath":"/DELIVERY_TYPE","modelName":"NewYardModel"},"interaction":{"idSuffix":"inner"}},"wdio_ui5_key":"etmportal.ui.manageyards.view.Newsap.m.Input{\"path\":\"\",\"propertyPath\":\"/DELIVERY_TYPE\",\"modelName\":\"NewYardModel\"}"}]}
RESULT: undefined
COMMAND: POST /session/a0fa65e418457f6e1528b16bc1e26f2c/execute/async - {"script":"<script> [776 bytes]","args":[{"enterText":"ZL01","selector":{"controlType":"sap.m.Input","viewName":"etm.portal.ui.manageyards.view.New","viewId":"application-manageyards-display-component---NewYard","bindingPath":{"path":"","propertyPath":"/DELIVERY_TYPE","modelName":"NewYardModel"},"interaction":{"idSuffix":"inner"}},"clearTextFirst":true,"interactionType":"ENTER_TEXT"}]}
RESULT: {"script":"<script> [776 bytes]","args":[{"enterText":"ZL01","selector":{"controlType":"sap.m.Input","viewName":"etm.portal.ui.manageyards.view.New","viewId":"application-manageyards-display-component---NewYard","bindingPath":{"path":"","propertyPath":"/DELIVERY_TYPE","modelName":"NewYardModel"},"interaction":{"idSuffix":"inner"}},"clearTextFirst":true,"interactionType":"ENTER_TEXT"}]}
COMMAND: POST /session/a0fa65e418457f6e1528b16bc1e26f2c/execute/async - {"script":"<script> [1562 bytes]","args":[{"selector":{"controlType":"sap.m.Input","viewName":"etm.portal.ui.manageyards.view.New","viewId":"application-manageyards-display-component---NewYard","bindingPath":{"path":"","propertyPath":"/AUART","modelName":"NewYardModel"},"interaction":{"idSuffix":"inner"}},"wdio_ui5_key":"etmportal.ui.manageyards.view.Newsap.m.Input{\"path\":\"\",\"propertyPath\":\"/AUART\",\"modelName\":\"NewYardModel\"}"}]}
RESULT: {"script":"<script> [1562 bytes]","args":[{"selector":{"controlType":"sap.m.Input","viewName":"etm.portal.ui.manageyards.view.New","viewId":"application-manageyards-display-component---NewYard","bindingPath":{"path":"","propertyPath":"/AUART","modelName":"NewYardModel"},"interaction":{"idSuffix":"inner"}},"wdio_ui5_key":"etmportal.ui.manageyards.view.Newsap.m.Input{\"path\":\"\",\"propertyPath\":\"/AUART\",\"modelName\":\"NewYardModel\"}"}]}
RESULT: undefined
COMMAND: POST /session/a0fa65e418457f6e1528b16bc1e26f2c/execute/async - {"script":"<script> [776 bytes]","args":[{"enterText":"TA","selector":{"controlType":"sap.m.Input","viewName":"etm.portal.ui.manageyards.view.New","viewId":"application-manageyards-display-component---NewYard","bindingPath":{"path":"","propertyPath":"/AUART","modelName":"NewYardModel"},"interaction":{"idSuffix":"inner"}},"clearTextFirst":true,"interactionType":"ENTER_TEXT"}]}
RESULT: {"script":"<script> [776 bytes]","args":[{"enterText":"TA","selector":{"controlType":"sap.m.Input","viewName":"etm.portal.ui.manageyards.view.New","viewId":"application-manageyards-display-component---NewYard","bindingPath":{"path":"","propertyPath":"/AUART","modelName":"NewYardModel"},"interaction":{"idSuffix":"inner"}},"clearTextFirst":true,"interactionType":"ENTER_TEXT"}]}
COMMAND: POST /session/a0fa65e418457f6e1528b16bc1e26f2c/element - {"using":"xpath","value":"//button[@data-kt=\"newYardSaveButton\"]"}
RESULT: {"using":"xpath","value":"//button[@data-kt=\"newYardSaveButton\"]"}
COMMAND: POST /session/a0fa65e418457f6e1528b16bc1e26f2c/element/f.6300CB9FC90E916FB2ACF31257920715.d.D66B3395E01DC1BB5BCFB221D7CDD08E.e.25910/click - {}
RESULT: {}
COMMAND: GET /session/a0fa65e418457f6e1528b16bc1e26f2c/screenshot - {}
RESULT: {}
COMMAND: POST /session/a0fa65e418457f6e1528b16bc1e26f2c/element - {"using":"xpath","value":"//header[contains(@id, 'ObjectPageLayout-headerTitle')]/div[1]/div[2]/div[1]/span[1]"}
RESULT: {"using":"xpath","value":"//header[contains(@id, 'ObjectPageLayout-headerTitle')]/div[1]/div[2]/div[1]/span[1]"}
COMMAND: POST /session/a0fa65e418457f6e1528b16bc1e26f2c/elements - {"using":"xpath","value":"//header[contains(@id, 'ObjectPageLayout-headerTitle')]/div[1]/div[2]/div[1]/span[1]"}
RESULT: {"using":"xpath","value":"//header[contains(@id, 'ObjectPageLayout-headerTitle')]/div[1]/div[2]/div[1]/span[1]"}
COMMAND: POST /session/a0fa65e418457f6e1528b16bc1e26f2c/execute/sync - {"script":"<script> [56 bytes]","args":[{"element-6066-11e4-a52e-4f735466cecf":"f.6300CB9FC90E916FB2ACF31257920715.d.D66B3395E01DC1BB5BCFB221D7CDD08E.e.26223","ELEMENT":"f.6300CB9FC90E916FB2ACF31257920715.d.D66B3395E01DC1BB5BCFB221D7CDD08E.e.26223"}]}
RESULT: {"script":"<script> [56 bytes]","args":[{"element-6066-11e4-a52e-4f735466cecf":"f.6300CB9FC90E916FB2ACF31257920715.d.D66B3395E01DC1BB5BCFB221D7CDD08E.e.26223","ELEMENT":"f.6300CB9FC90E916FB2ACF31257920715.d.D66B3395E01DC1BB5BCFB221D7CDD08E.e.26223"}]}
COMMAND: GET /session/a0fa65e418457f6e1528b16bc1e26f2c/screenshot - {}
RESULT: {}
COMMAND: POST /session/a0fa65e418457f6e1528b16bc1e26f2c/element - {"using":"css selector","value":"#shell-header-logo"}
RESULT: {"using":"css selector","value":"#shell-header-logo"}
COMMAND: POST /session/a0fa65e418457f6e1528b16bc1e26f2c/element/f.6300CB9FC90E916FB2ACF31257920715.d.D66B3395E01DC1BB5BCFB221D7CDD08E.e.25364/click - {}
RESULT: {}
COMMAND: GET /session/a0fa65e418457f6e1528b16bc1e26f2c/screenshot - {}
RESULT: {}
COMMAND: POST /session/a0fa65e418457f6e1528b16bc1e26f2c/execute/sync - {"script":"<script> [299 bytes]","args":[["getModel","getResource"]]}
RESULT: {"script":"<script> [299 bytes]","args":[["getModel","getResource"]]}
COMMAND: GET /session/a0fa65e418457f6e1528b16bc1e26f2c/screenshot - {}
]]></system-out>
    </testcase>
    <testcase classname="chrome.136_0_7103_93.windows.Transfer_Yard_to_Yard_US131076" name="Should create an equipment" time="134.744">
      <system-out><![CDATA[
COMMAND: POST /session/a0fa65e418457f6e1528b16bc1e26f2c/execute/async - {"script":"<script> [1562 bytes]","args":[{"selector":{"controlType":"sap.m.GenericTile","properties":{"header":"Manage Resources"}},"wdio_ui5_key":"sapm.GenericTile{\"header\":\"Manage Resources\"}"}]}
RESULT: {}
RESULT: {"script":"<script> [1562 bytes]","args":[{"selector":{"controlType":"sap.m.GenericTile","properties":{"header":"Manage Resources"}},"wdio_ui5_key":"sapm.GenericTile{\"header\":\"Manage Resources\"}"}]}
RESULT: undefined
COMMAND: POST /session/a0fa65e418457f6e1528b16bc1e26f2c/element - {"using":"xpath","value":"//*[@id=\"__tile31\"]"}
RESULT: {"using":"xpath","value":"//*[@id=\"__tile31\"]"}
COMMAND: POST /session/a0fa65e418457f6e1528b16bc1e26f2c/element/f.6300CB9FC90E916FB2ACF31257920715.d.D66B3395E01DC1BB5BCFB221D7CDD08E.e.25380/click - {}
RESULT: {}
COMMAND: GET /session/a0fa65e418457f6e1528b16bc1e26f2c/screenshot - {}
RESULT: {}
COMMAND: POST /session/a0fa65e418457f6e1528b16bc1e26f2c/elements - {"using":"xpath","value":"//span[text()='Error']"}
RESULT: {"using":"xpath","value":"//span[text()='Error']"}
COMMAND: POST /session/a0fa65e418457f6e1528b16bc1e26f2c/element - {"using":"xpath","value":"//button[@data-kt=\"addNewRUOverflowToolbarButton\"]"}
RESULT: {"using":"xpath","value":"//button[@data-kt=\"addNewRUOverflowToolbarButton\"]"}
COMMAND: POST /session/a0fa65e418457f6e1528b16bc1e26f2c/elements - {"using":"xpath","value":"//button[@data-kt=\"addNewRUOverflowToolbarButton\"]"}
RESULT: {"using":"xpath","value":"//button[@data-kt=\"addNewRUOverflowToolbarButton\"]"}
COMMAND: POST /session/a0fa65e418457f6e1528b16bc1e26f2c/execute/sync - {"script":"<script> [8489 bytes]","args":[{"element-6066-11e4-a52e-4f735466cecf":"f.6300CB9FC90E916FB2ACF31257920715.d.D66B3395E01DC1BB5BCFB221D7CDD08E.e.26269","ELEMENT":"f.6300CB9FC90E916FB2ACF31257920715.d.D66B3395E01DC1BB5BCFB221D7CDD08E.e.26269"}]}
RESULT: {"script":"<script> [8489 bytes]","args":[{"element-6066-11e4-a52e-4f735466cecf":"f.6300CB9FC90E916FB2ACF31257920715.d.D66B3395E01DC1BB5BCFB221D7CDD08E.e.26269","ELEMENT":"f.6300CB9FC90E916FB2ACF31257920715.d.D66B3395E01DC1BB5BCFB221D7CDD08E.e.26269"}]}
COMMAND: GET /session/a0fa65e418457f6e1528b16bc1e26f2c/element/f.6300CB9FC90E916FB2ACF31257920715.d.D66B3395E01DC1BB5BCFB221D7CDD08E.e.26269/enabled - {}
COMMAND: GET /session/a0fa65e418457f6e1528b16bc1e26f2c/screenshot - {}
RESULT: {}
COMMAND: POST /session/a0fa65e418457f6e1528b16bc1e26f2c/execute/sync - {"script":"<script> [8489 bytes]","args":[{"element-6066-11e4-a52e-4f735466cecf":"f.6300CB9FC90E916FB2ACF31257920715.d.D66B3395E01DC1BB5BCFB221D7CDD08E.e.26269","ELEMENT":"f.6300CB9FC90E916FB2ACF31257920715.d.D66B3395E01DC1BB5BCFB221D7CDD08E.e.26269"}]}
COMMAND: GET /session/a0fa65e418457f6e1528b16bc1e26f2c/screenshot - {}
RESULT: {}
RESULT: {"script":"<script> [8489 bytes]","args":[{"element-6066-11e4-a52e-4f735466cecf":"f.6300CB9FC90E916FB2ACF31257920715.d.D66B3395E01DC1BB5BCFB221D7CDD08E.e.26269","ELEMENT":"f.6300CB9FC90E916FB2ACF31257920715.d.D66B3395E01DC1BB5BCFB221D7CDD08E.e.26269"}]}
COMMAND: POST /session/a0fa65e418457f6e1528b16bc1e26f2c/execute/sync - {"script":"<script> [5351 bytes]","args":[{"element-6066-11e4-a52e-4f735466cecf":"f.6300CB9FC90E916FB2ACF31257920715.d.D66B3395E01DC1BB5BCFB221D7CDD08E.e.26269","ELEMENT":"f.6300CB9FC90E916FB2ACF31257920715.d.D66B3395E01DC1BB5BCFB221D7CDD08E.e.26269"}]}
COMMAND: GET /session/a0fa65e418457f6e1528b16bc1e26f2c/screenshot - {}
RESULT: {}
RESULT: {"script":"<script> [5351 bytes]","args":[{"element-6066-11e4-a52e-4f735466cecf":"f.6300CB9FC90E916FB2ACF31257920715.d.D66B3395E01DC1BB5BCFB221D7CDD08E.e.26269","ELEMENT":"f.6300CB9FC90E916FB2ACF31257920715.d.D66B3395E01DC1BB5BCFB221D7CDD08E.e.26269"}]}
COMMAND: POST /session/a0fa65e418457f6e1528b16bc1e26f2c/element/f.6300CB9FC90E916FB2ACF31257920715.d.D66B3395E01DC1BB5BCFB221D7CDD08E.e.26269/click - {}
COMMAND: GET /session/a0fa65e418457f6e1528b16bc1e26f2c/screenshot - {}
RESULT: {}
RESULT: {}
COMMAND: GET /session/a0fa65e418457f6e1528b16bc1e26f2c/screenshot - {}
COMMAND: POST /session/a0fa65e418457f6e1528b16bc1e26f2c/execute/async - {"script":"<script> [1562 bytes]","args":[{"selector":{"id":"application-manageresources-display-component---newResourceUnit--TYPE-arrow"},"wdio_ui5_key":"applicationmanageresources-display-component---newResourceUnit--TYPE-arrow"}]}
RESULT: {}
RESULT: {}
RESULT: {"script":"<script> [1562 bytes]","args":[{"selector":{"id":"application-manageresources-display-component---newResourceUnit--TYPE-arrow"},"wdio_ui5_key":"applicationmanageresources-display-component---newResourceUnit--TYPE-arrow"}]}
RESULT: undefined
COMMAND: POST /session/a0fa65e418457f6e1528b16bc1e26f2c/element - {"using":"xpath","value":"//*[@id=\"application-manageresources-display-component---newResourceUnit--TYPE-arrow\"]"}
RESULT: {"using":"xpath","value":"//*[@id=\"application-manageresources-display-component---newResourceUnit--TYPE-arrow\"]"}
COMMAND: POST /session/a0fa65e418457f6e1528b16bc1e26f2c/element/f.6300CB9FC90E916FB2ACF31257920715.d.D66B3395E01DC1BB5BCFB221D7CDD08E.e.26618/click - {}
RESULT: {}
COMMAND: POST /session/a0fa65e418457f6e1528b16bc1e26f2c/element - {"using":"xpath","value":"//input[@id=\"application-manageresources-display-component---newResourceUnit--TYPE-inner\"]"}
COMMAND: GET /session/a0fa65e418457f6e1528b16bc1e26f2c/screenshot - {}
RESULT: {"using":"xpath","value":"//input[@id=\"application-manageresources-display-component---newResourceUnit--TYPE-inner\"]"}
COMMAND: POST /session/a0fa65e418457f6e1528b16bc1e26f2c/element/f.6300CB9FC90E916FB2ACF31257920715.d.D66B3395E01DC1BB5BCFB221D7CDD08E.e.26611/clear - {}
RESULT: {}
RESULT: {}
COMMAND: POST /session/a0fa65e418457f6e1528b16bc1e26f2c/element/f.6300CB9FC90E916FB2ACF31257920715.d.D66B3395E01DC1BB5BCFB221D7CDD08E.e.26611/value - {"text":"Equipment"}
COMMAND: GET /session/a0fa65e418457f6e1528b16bc1e26f2c/screenshot - {}
RESULT: {"text":"Equipment"}
COMMAND: GET /session/a0fa65e418457f6e1528b16bc1e26f2c/screenshot - {}
RESULT: {}
RESULT: {}
COMMAND: POST /session/a0fa65e418457f6e1528b16bc1e26f2c/actions - {"actions":[{"id":"action84","type":"key","parameters":{},"actions":[{"type":"keyDown","value":"î€‡"},{"type":"pause","duration":10},{"type":"keyUp","value":"î€‡"}]}]}
RESULT: {"actions":[{"id":"action84","type":"key","parameters":{},"actions":[{"type":"keyDown","value":"î€‡"},{"type":"pause","duration":10},{"type":"keyUp","value":"î€‡"}]}]}
COMMAND: POST /session/a0fa65e418457f6e1528b16bc1e26f2c/execute/async - {"script":"<script> [1562 bytes]","args":[{"selector":{"id":"application-manageresources-display-component---newResourceUnit--resourceId","interaction":{"idSuffix":"inner"}},"wdio_ui5_key":"applicationmanageresources-display-component---newResourceUnit--resourceId"}]}
COMMAND: GET /session/a0fa65e418457f6e1528b16bc1e26f2c/screenshot - {}
RESULT: {"script":"<script> [1562 bytes]","args":[{"selector":{"id":"application-manageresources-display-component---newResourceUnit--resourceId","interaction":{"idSuffix":"inner"}},"wdio_ui5_key":"applicationmanageresources-display-component---newResourceUnit--resourceId"}]}
RESULT: undefined
COMMAND: POST /session/a0fa65e418457f6e1528b16bc1e26f2c/execute/async - {"script":"<script> [776 bytes]","args":[{"enterText":"6aQqnNVXTR","selector":{"id":"application-manageresources-display-component---newResourceUnit--resourceId","interaction":{"idSuffix":"inner"}},"clearTextFirst":true,"interactionType":"ENTER_TEXT"}]}
RESULT: {}
RESULT: {"script":"<script> [776 bytes]","args":[{"enterText":"6aQqnNVXTR","selector":{"id":"application-manageresources-display-component---newResourceUnit--resourceId","interaction":{"idSuffix":"inner"}},"clearTextFirst":true,"interactionType":"ENTER_TEXT"}]}
COMMAND: POST /session/a0fa65e418457f6e1528b16bc1e26f2c/execute/async - {"script":"<script> [1562 bytes]","args":[{"selector":{"id":"application-manageresources-display-component---newResourceUnit--SHORT_TEXT","interaction":{"idSuffix":"inner"}},"wdio_ui5_key":"applicationmanageresources-display-component---newResourceUnit--SHORT_TEXT"}]}
RESULT: {"script":"<script> [1562 bytes]","args":[{"selector":{"id":"application-manageresources-display-component---newResourceUnit--SHORT_TEXT","interaction":{"idSuffix":"inner"}},"wdio_ui5_key":"applicationmanageresources-display-component---newResourceUnit--SHORT_TEXT"}]}
RESULT: undefined
COMMAND: POST /session/a0fa65e418457f6e1528b16bc1e26f2c/execute/async - {"script":"<script> [776 bytes]","args":[{"enterText":"Intercompany Equipment WDIO","selector":{"id":"application-manageresources-display-component---newResourceUnit--SHORT_TEXT","interaction":{"idSuffix":"inner"}},"clearTextFirst":true,"interactionType":"ENTER_TEXT"}]}
RESULT: {"script":"<script> [776 bytes]","args":[{"enterText":"Intercompany Equipment WDIO","selector":{"id":"application-manageresources-display-component---newResourceUnit--SHORT_TEXT","interaction":{"idSuffix":"inner"}},"clearTextFirst":true,"interactionType":"ENTER_TEXT"}]}
COMMAND: POST /session/a0fa65e418457f6e1528b16bc1e26f2c/execute/async - {"script":"<script> [1562 bytes]","args":[{"selector":{"id":"application-manageresources-display-component---newResourceUnit--BASE_UNIT_OF_MEASURE","interaction":{"idSuffix":"inner"}},"wdio_ui5_key":"applicationmanageresources-display-component---newResourceUnit--BASE_UNIT_OF_MEASURE"}]}
RESULT: {"script":"<script> [1562 bytes]","args":[{"selector":{"id":"application-manageresources-display-component---newResourceUnit--BASE_UNIT_OF_MEASURE","interaction":{"idSuffix":"inner"}},"wdio_ui5_key":"applicationmanageresources-display-component---newResourceUnit--BASE_UNIT_OF_MEASURE"}]}
RESULT: undefined
COMMAND: POST /session/a0fa65e418457f6e1528b16bc1e26f2c/execute/async - {"script":"<script> [776 bytes]","args":[{"enterText":"Piece","selector":{"id":"application-manageresources-display-component---newResourceUnit--BASE_UNIT_OF_MEASURE","interaction":{"idSuffix":"inner"}},"clearTextFirst":true,"interactionType":"ENTER_TEXT"}]}
RESULT: {"script":"<script> [776 bytes]","args":[{"enterText":"Piece","selector":{"id":"application-manageresources-display-component---newResourceUnit--BASE_UNIT_OF_MEASURE","interaction":{"idSuffix":"inner"}},"clearTextFirst":true,"interactionType":"ENTER_TEXT"}]}
COMMAND: POST /session/a0fa65e418457f6e1528b16bc1e26f2c/execute/async - {"script":"<script> [1562 bytes]","args":[{"selector":{"id":"application-manageresources-display-component---newResourceUnit--WEIGHT_UNIT","interaction":{"idSuffix":"inner"}},"wdio_ui5_key":"applicationmanageresources-display-component---newResourceUnit--WEIGHT_UNIT"}]}
RESULT: {"script":"<script> [1562 bytes]","args":[{"selector":{"id":"application-manageresources-display-component---newResourceUnit--WEIGHT_UNIT","interaction":{"idSuffix":"inner"}},"wdio_ui5_key":"applicationmanageresources-display-component---newResourceUnit--WEIGHT_UNIT"}]}
RESULT: undefined
COMMAND: POST /session/a0fa65e418457f6e1528b16bc1e26f2c/execute/async - {"script":"<script> [776 bytes]","args":[{"enterText":"Gram","selector":{"id":"application-manageresources-display-component---newResourceUnit--WEIGHT_UNIT","interaction":{"idSuffix":"inner"}},"clearTextFirst":true,"interactionType":"ENTER_TEXT"}]}
RESULT: {"script":"<script> [776 bytes]","args":[{"enterText":"Gram","selector":{"id":"application-manageresources-display-component---newResourceUnit--WEIGHT_UNIT","interaction":{"idSuffix":"inner"}},"clearTextFirst":true,"interactionType":"ENTER_TEXT"}]}
COMMAND: POST /session/a0fa65e418457f6e1528b16bc1e26f2c/execute/async - {"script":"<script> [1562 bytes]","args":[{"selector":{"id":"application-manageresources-display-component---newResourceUnit--DIMENSION_UNIT","interaction":{"idSuffix":"inner"}},"wdio_ui5_key":"applicationmanageresources-display-component---newResourceUnit--DIMENSION_UNIT"}]}
RESULT: {"script":"<script> [1562 bytes]","args":[{"selector":{"id":"application-manageresources-display-component---newResourceUnit--DIMENSION_UNIT","interaction":{"idSuffix":"inner"}},"wdio_ui5_key":"applicationmanageresources-display-component---newResourceUnit--DIMENSION_UNIT"}]}
RESULT: undefined
COMMAND: POST /session/a0fa65e418457f6e1528b16bc1e26f2c/execute/async - {"script":"<script> [776 bytes]","args":[{"enterText":"Meter","selector":{"id":"application-manageresources-display-component---newResourceUnit--DIMENSION_UNIT","interaction":{"idSuffix":"inner"}},"clearTextFirst":true,"interactionType":"ENTER_TEXT"}]}
RESULT: {"script":"<script> [776 bytes]","args":[{"enterText":"Meter","selector":{"id":"application-manageresources-display-component---newResourceUnit--DIMENSION_UNIT","interaction":{"idSuffix":"inner"}},"clearTextFirst":true,"interactionType":"ENTER_TEXT"}]}
COMMAND: POST /session/a0fa65e418457f6e1528b16bc1e26f2c/execute/async - {"script":"<script> [1562 bytes]","args":[{"selector":{"id":"application-manageresources-display-component---newResourceUnit--newRRUPage-anchBar-application-manageresources-display-component---newResourceUnit--control-anchor","interaction":{"idSuffix":"BDI-content"}},"wdio_ui5_key":"applicationmanageresources-display-component---newResourceUnit--newRRUPage-anchBar-application-manageresources-display-component---newResourceUnit--control-anchor"}]}
RESULT: {"script":"<script> [1562 bytes]","args":[{"selector":{"id":"application-manageresources-display-component---newResourceUnit--newRRUPage-anchBar-application-manageresources-display-component---newResourceUnit--control-anchor","interaction":{"idSuffix":"BDI-content"}},"wdio_ui5_key":"applicationmanageresources-display-component---newResourceUnit--newRRUPage-anchBar-application-manageresources-display-component---newResourceUnit--control-anchor"}]}
RESULT: undefined
COMMAND: POST /session/a0fa65e418457f6e1528b16bc1e26f2c/element - {"using":"xpath","value":"//*[@id=\"application-manageresources-display-component---newResourceUnit--newRRUPage-anchBar-application-manageresources-display-component---newResourceUnit--control-anchor\"]"}
RESULT: {"using":"xpath","value":"//*[@id=\"application-manageresources-display-component---newResourceUnit--newRRUPage-anchBar-application-manageresources-display-component---newResourceUnit--control-anchor\"]"}
COMMAND: POST /session/a0fa65e418457f6e1528b16bc1e26f2c/element/f.6300CB9FC90E916FB2ACF31257920715.d.D66B3395E01DC1BB5BCFB221D7CDD08E.e.26749/click - {}
RESULT: {}
COMMAND: POST /session/a0fa65e418457f6e1528b16bc1e26f2c/execute/async - {"script":"<script> [1562 bytes]","args":[{"selector":{"id":"application-manageresources-display-component---newResourceUnit--PLANNING_GROUP","interaction":{"idSuffix":"inner"}},"wdio_ui5_key":"applicationmanageresources-display-component---newResourceUnit--PLANNING_GROUP"}]}
COMMAND: GET /session/a0fa65e418457f6e1528b16bc1e26f2c/screenshot - {}
RESULT: {"script":"<script> [1562 bytes]","args":[{"selector":{"id":"application-manageresources-display-component---newResourceUnit--PLANNING_GROUP","interaction":{"idSuffix":"inner"}},"wdio_ui5_key":"applicationmanageresources-display-component---newResourceUnit--PLANNING_GROUP"}]}
RESULT: undefined
COMMAND: POST /session/a0fa65e418457f6e1528b16bc1e26f2c/execute/async - {"script":"<script> [776 bytes]","args":[{"enterText":"Heavy Equi","selector":{"id":"application-manageresources-display-component---newResourceUnit--PLANNING_GROUP","interaction":{"idSuffix":"inner"}},"clearTextFirst":true,"interactionType":"ENTER_TEXT"}]}
RESULT: {}
RESULT: {"script":"<script> [776 bytes]","args":[{"enterText":"Heavy Equi","selector":{"id":"application-manageresources-display-component---newResourceUnit--PLANNING_GROUP","interaction":{"idSuffix":"inner"}},"clearTextFirst":true,"interactionType":"ENTER_TEXT"}]}
COMMAND: POST /session/a0fa65e418457f6e1528b16bc1e26f2c/execute/async - {"script":"<script> [1562 bytes]","args":[{"selector":{"id":"application-manageresources-display-component---newResourceUnit--ITEM_TYPE-arrow"},"wdio_ui5_key":"applicationmanageresources-display-component---newResourceUnit--ITEM_TYPE-arrow"}]}
RESULT: {"script":"<script> [1562 bytes]","args":[{"selector":{"id":"application-manageresources-display-component---newResourceUnit--ITEM_TYPE-arrow"},"wdio_ui5_key":"applicationmanageresources-display-component---newResourceUnit--ITEM_TYPE-arrow"}]}
RESULT: undefined
COMMAND: POST /session/a0fa65e418457f6e1528b16bc1e26f2c/element - {"using":"xpath","value":"//*[@id=\"application-manageresources-display-component---newResourceUnit--ITEM_TYPE-arrow\"]"}
RESULT: {"using":"xpath","value":"//*[@id=\"application-manageresources-display-component---newResourceUnit--ITEM_TYPE-arrow\"]"}
COMMAND: POST /session/a0fa65e418457f6e1528b16bc1e26f2c/element/f.6300CB9FC90E916FB2ACF31257920715.d.D66B3395E01DC1BB5BCFB221D7CDD08E.e.26758/click - {}
RESULT: {}
COMMAND: POST /session/a0fa65e418457f6e1528b16bc1e26f2c/element - {"using":"xpath","value":"(//span[contains(text(), \"Resource Unit\")])[2]"}
COMMAND: GET /session/a0fa65e418457f6e1528b16bc1e26f2c/screenshot - {}
RESULT: {"using":"xpath","value":"(//span[contains(text(), \"Resource Unit\")])[2]"}
COMMAND: POST /session/a0fa65e418457f6e1528b16bc1e26f2c/element/f.6300CB9FC90E916FB2ACF31257920715.d.D66B3395E01DC1BB5BCFB221D7CDD08E.e.26759/click - {}
RESULT: {}
RESULT: {}
COMMAND: GET /session/a0fa65e418457f6e1528b16bc1e26f2c/screenshot - {}
RESULT: {}
COMMAND: POST /session/a0fa65e418457f6e1528b16bc1e26f2c/element - {"using":"css selector","value":"#application-manageresources-display-component---newResourceUnit--btnAddTimeSegment"}
RESULT: {"using":"css selector","value":"#application-manageresources-display-component---newResourceUnit--btnAddTimeSegment"}
COMMAND: GET /session/a0fa65e418457f6e1528b16bc1e26f2c/element/f.6300CB9FC90E916FB2ACF31257920715.d.D66B3395E01DC1BB5BCFB221D7CDD08E.e.26760/rect - {}
RESULT: {}
COMMAND: GET /session/a0fa65e418457f6e1528b16bc1e26f2c/window/rect - {}
RESULT: {}
COMMAND: POST /session/a0fa65e418457f6e1528b16bc1e26f2c/execute/sync - {"script":"<script> [92 bytes]","args":[]}
RESULT: {"script":"<script> [92 bytes]","args":[]}
COMMAND: POST /session/a0fa65e418457f6e1528b16bc1e26f2c/actions - {"actions":[{"id":"action85","type":"wheel","parameters":{},"actions":[{"type":"scroll","x":-1888,"y":-32,"deltaX":0,"deltaY":0,"duration":0,"origin":{"element-6066-11e4-a52e-4f735466cecf":"f.6300CB9FC90E916FB2ACF31257920715.d.D66B3395E01DC1BB5BCFB221D7CDD08E.e.26760"}}]}]}
COMMAND: GET /session/a0fa65e418457f6e1528b16bc1e26f2c/screenshot - {}
RESULT: {}
COMMAND: POST /session/a0fa65e418457f6e1528b16bc1e26f2c/execute/sync - {"script":"<script> [79 bytes]","args":[{"element-6066-11e4-a52e-4f735466cecf":"f.6300CB9FC90E916FB2ACF31257920715.d.D66B3395E01DC1BB5BCFB221D7CDD08E.e.26760","ELEMENT":"f.6300CB9FC90E916FB2ACF31257920715.d.D66B3395E01DC1BB5BCFB221D7CDD08E.e.26760"},{"block":"start","inline":"nearest"}]}
RESULT: {"script":"<script> [79 bytes]","args":[{"element-6066-11e4-a52e-4f735466cecf":"f.6300CB9FC90E916FB2ACF31257920715.d.D66B3395E01DC1BB5BCFB221D7CDD08E.e.26760","ELEMENT":"f.6300CB9FC90E916FB2ACF31257920715.d.D66B3395E01DC1BB5BCFB221D7CDD08E.e.26760"},{"block":"start","inline":"nearest"}]}
COMMAND: POST /session/a0fa65e418457f6e1528b16bc1e26f2c/execute/async - {"script":"<script> [1562 bytes]","args":[{"selector":{"id":"application-manageresources-display-component---newResourceUnit--btnAddTimeSegment","interaction":{"idSuffix":"inner"}},"wdio_ui5_key":"applicationmanageresources-display-component---newResourceUnit--btnAddTimeSegment"}]}
COMMAND: GET /session/a0fa65e418457f6e1528b16bc1e26f2c/screenshot - {}
RESULT: {"script":"<script> [1562 bytes]","args":[{"selector":{"id":"application-manageresources-display-component---newResourceUnit--btnAddTimeSegment","interaction":{"idSuffix":"inner"}},"wdio_ui5_key":"applicationmanageresources-display-component---newResourceUnit--btnAddTimeSegment"}]}
RESULT: undefined
COMMAND: POST /session/a0fa65e418457f6e1528b16bc1e26f2c/element - {"using":"xpath","value":"//*[@id=\"application-manageresources-display-component---newResourceUnit--btnAddTimeSegment\"]"}
RESULT: {}
RESULT: {"using":"xpath","value":"//*[@id=\"application-manageresources-display-component---newResourceUnit--btnAddTimeSegment\"]"}
COMMAND: POST /session/a0fa65e418457f6e1528b16bc1e26f2c/element/f.6300CB9FC90E916FB2ACF31257920715.d.D66B3395E01DC1BB5BCFB221D7CDD08E.e.26760/click - {}
RESULT: {}
COMMAND: GET /session/a0fa65e418457f6e1528b16bc1e26f2c/screenshot - {}
RESULT: {}
COMMAND: POST /session/a0fa65e418457f6e1528b16bc1e26f2c/element - {"using":"xpath","value":"//input[@id=\"application-manageresources-display-component---newResourceUnit--idRuTSAdmin-application-manageresources-display-component---newResourceUnit--RUTimeSegment-0-inner\"]"}
RESULT: {"using":"xpath","value":"//input[@id=\"application-manageresources-display-component---newResourceUnit--idRuTSAdmin-application-manageresources-display-component---newResourceUnit--RUTimeSegment-0-inner\"]"}
COMMAND: POST /session/a0fa65e418457f6e1528b16bc1e26f2c/element/f.6300CB9FC90E916FB2ACF31257920715.d.D66B3395E01DC1BB5BCFB221D7CDD08E.e.26766/clear - {}
RESULT: {}
COMMAND: POST /session/a0fa65e418457f6e1528b16bc1e26f2c/element/f.6300CB9FC90E916FB2ACF31257920715.d.D66B3395E01DC1BB5BCFB221D7CDD08E.e.26766/value - {"text":"500"}
COMMAND: GET /session/a0fa65e418457f6e1528b16bc1e26f2c/screenshot - {}
RESULT: {"text":"500"}
COMMAND: GET /session/a0fa65e418457f6e1528b16bc1e26f2c/screenshot - {}
RESULT: {}
RESULT: {}
COMMAND: POST /session/a0fa65e418457f6e1528b16bc1e26f2c/element - {"using":"xpath","value":"//li[.//span[text()='500']]"}
RESULT: {"using":"xpath","value":"//li[.//span[text()='500']]"}
COMMAND: POST /session/a0fa65e418457f6e1528b16bc1e26f2c/element/f.6300CB9FC90E916FB2ACF31257920715.d.D66B3395E01DC1BB5BCFB221D7CDD08E.e.26778/click - {}
RESULT: {}
COMMAND: GET /session/a0fa65e418457f6e1528b16bc1e26f2c/screenshot - {}
RESULT: {}
COMMAND: POST /session/a0fa65e418457f6e1528b16bc1e26f2c/element - {"using":"xpath","value":"(//span[contains(@id, \"-application-manageresources-display-component---newResourceUnit--RUTimeSegment-0-arrow\")])[6]"}
RESULT: {"using":"xpath","value":"(//span[contains(@id, \"-application-manageresources-display-component---newResourceUnit--RUTimeSegment-0-arrow\")])[6]"}
COMMAND: POST /session/a0fa65e418457f6e1528b16bc1e26f2c/element/f.6300CB9FC90E916FB2ACF31257920715.d.D66B3395E01DC1BB5BCFB221D7CDD08E.e.26779/click - {}
RESULT: {}
COMMAND: GET /session/a0fa65e418457f6e1528b16bc1e26f2c/screenshot - {}
RESULT: {}
COMMAND: POST /session/a0fa65e418457f6e1528b16bc1e26f2c/element - {"using":"xpath","value":"//span[contains(text(), \"PM Order\")]"}
RESULT: {"using":"xpath","value":"//span[contains(text(), \"PM Order\")]"}
COMMAND: POST /session/a0fa65e418457f6e1528b16bc1e26f2c/element/f.6300CB9FC90E916FB2ACF31257920715.d.D66B3395E01DC1BB5BCFB221D7CDD08E.e.26782/click - {}
RESULT: {}
COMMAND: GET /session/a0fa65e418457f6e1528b16bc1e26f2c/screenshot - {}
RESULT: {}
COMMAND: POST /session/a0fa65e418457f6e1528b16bc1e26f2c/element - {"using":"xpath","value":"(//span[contains(@id ,\"manageresources-display-component---newResourceUnit--RUTimeSegment-0-vhi\")])[1]"}
RESULT: {"using":"xpath","value":"(//span[contains(@id ,\"manageresources-display-component---newResourceUnit--RUTimeSegment-0-vhi\")])[1]"}
COMMAND: GET /session/a0fa65e418457f6e1528b16bc1e26f2c/element/f.6300CB9FC90E916FB2ACF31257920715.d.D66B3395E01DC1BB5BCFB221D7CDD08E.e.26786/rect - {}
RESULT: {}
COMMAND: GET /session/a0fa65e418457f6e1528b16bc1e26f2c/window/rect - {}
RESULT: {}
COMMAND: POST /session/a0fa65e418457f6e1528b16bc1e26f2c/execute/sync - {"script":"<script> [92 bytes]","args":[]}
RESULT: {"script":"<script> [92 bytes]","args":[]}
COMMAND: POST /session/a0fa65e418457f6e1528b16bc1e26f2c/actions - {"actions":[{"id":"action86","type":"wheel","parameters":{},"actions":[{"type":"scroll","x":-869,"y":-24,"deltaX":0,"deltaY":0,"duration":0,"origin":{"element-6066-11e4-a52e-4f735466cecf":"f.6300CB9FC90E916FB2ACF31257920715.d.D66B3395E01DC1BB5BCFB221D7CDD08E.e.26786"}}]}]}
COMMAND: GET /session/a0fa65e418457f6e1528b16bc1e26f2c/screenshot - {}
RESULT: {"actions":[{"id":"action86","type":"wheel","parameters":{},"actions":[{"type":"scroll","x":-869,"y":-24,"deltaX":0,"deltaY":0,"duration":0,"origin":{"element-6066-11e4-a52e-4f735466cecf":"f.6300CB9FC90E916FB2ACF31257920715.d.D66B3395E01DC1BB5BCFB221D7CDD08E.e.26786"}}]}]}
COMMAND: DELETE /session/a0fa65e418457f6e1528b16bc1e26f2c/actions - {}
COMMAND: GET /session/a0fa65e418457f6e1528b16bc1e26f2c/screenshot - {}
RESULT: {}
RESULT: {}
COMMAND: GET /session/a0fa65e418457f6e1528b16bc1e26f2c/screenshot - {}
RESULT: {}
RESULT: {}
COMMAND: POST /session/a0fa65e418457f6e1528b16bc1e26f2c/element/f.6300CB9FC90E916FB2ACF31257920715.d.D66B3395E01DC1BB5BCFB221D7CDD08E.e.26786/click - {}
RESULT: {}
COMMAND: GET /session/a0fa65e418457f6e1528b16bc1e26f2c/screenshot - {}
RESULT: {}
RESULT: undefined
COMMAND: POST /session/a0fa65e418457f6e1528b16bc1e26f2c/execute/async - {"script":"<script> [776 bytes]","args":[{"enterText":"4000360","selector":{"controlType":"sap.m.SearchField","properties":{"placeholder":"Search"},"searchOpenDialogs":true,"interaction":{"idSuffix":"I"}},"clearTextFirst":true,"interactionType":"ENTER_TEXT"}]}
RESULT: {"script":"<script> [776 bytes]","args":[{"enterText":"4000360","selector":{"controlType":"sap.m.SearchField","properties":{"placeholder":"Search"},"searchOpenDialogs":true,"interaction":{"idSuffix":"I"}},"clearTextFirst":true,"interactionType":"ENTER_TEXT"}]}
COMMAND: POST /session/a0fa65e418457f6e1528b16bc1e26f2c/actions - {"actions":[{"id":"action87","type":"key","parameters":{},"actions":[{"type":"keyDown","value":"î€‡"},{"type":"pause","duration":10},{"type":"keyUp","value":"î€‡"}]}]}
RESULT: {"actions":[{"id":"action87","type":"key","parameters":{},"actions":[{"type":"keyDown","value":"î€‡"},{"type":"pause","duration":10},{"type":"keyUp","value":"î€‡"}]}]}
COMMAND: GET /session/a0fa65e418457f6e1528b16bc1e26f2c/screenshot - {}
RESULT: {}
COMMAND: POST /session/a0fa65e418457f6e1528b16bc1e26f2c/element - {"using":"xpath","value":"//td/div/span[contains(text(), \"BGL Vehicles\")]"}
RESULT: {"using":"xpath","value":"//td/div/span[contains(text(), \"BGL Vehicles\")]"}
COMMAND: POST /session/a0fa65e418457f6e1528b16bc1e26f2c/element/f.6300CB9FC90E916FB2ACF31257920715.d.D66B3395E01DC1BB5BCFB221D7CDD08E.e.26806/click - {}
RESULT: {}
COMMAND: GET /session/a0fa65e418457f6e1528b16bc1e26f2c/screenshot - {}
RESULT: {}
COMMAND: POST /session/a0fa65e418457f6e1528b16bc1e26f2c/element - {"using":"xpath","value":"//bdi[contains(text(), \"OK\")]"}
RESULT: {"using":"xpath","value":"//bdi[contains(text(), \"OK\")]"}
COMMAND: POST /session/a0fa65e418457f6e1528b16bc1e26f2c/element/f.6300CB9FC90E916FB2ACF31257920715.d.D66B3395E01DC1BB5BCFB221D7CDD08E.e.26807/click - {}
RESULT: {}
COMMAND: GET /session/a0fa65e418457f6e1528b16bc1e26f2c/screenshot - {}
RESULT: {}
COMMAND: POST /session/a0fa65e418457f6e1528b16bc1e26f2c/execute/async - {"script":"<script> [1562 bytes]","args":[{"selector":{"id":"application-manageresources-display-component---newResourceUnit--newRRUPage-anchBar-application-manageresources-display-component---newResourceUnit--resource-anchor","interaction":{"idSuffix":"BDI-content"}},"wdio_ui5_key":"applicationmanageresources-display-component---newResourceUnit--newRRUPage-anchBar-application-manageresources-display-component---newResourceUnit--resource-anchor"}]}
RESULT: {"script":"<script> [1562 bytes]","args":[{"selector":{"id":"application-manageresources-display-component---newResourceUnit--newRRUPage-anchBar-application-manageresources-display-component---newResourceUnit--resource-anchor","interaction":{"idSuffix":"BDI-content"}},"wdio_ui5_key":"applicationmanageresources-display-component---newResourceUnit--newRRUPage-anchBar-application-manageresources-display-component---newResourceUnit--resource-anchor"}]}
RESULT: undefined
COMMAND: POST /session/a0fa65e418457f6e1528b16bc1e26f2c/element - {"using":"xpath","value":"//*[@id=\"application-manageresources-display-component---newResourceUnit--newRRUPage-anchBar-application-manageresources-display-component---newResourceUnit--resource-anchor\"]"}
RESULT: {"using":"xpath","value":"//*[@id=\"application-manageresources-display-component---newResourceUnit--newRRUPage-anchBar-application-manageresources-display-component---newResourceUnit--resource-anchor\"]"}
COMMAND: POST /session/a0fa65e418457f6e1528b16bc1e26f2c/element/f.6300CB9FC90E916FB2ACF31257920715.d.D66B3395E01DC1BB5BCFB221D7CDD08E.e.26811/click - {}
RESULT: {}
COMMAND: POST /session/a0fa65e418457f6e1528b16bc1e26f2c/execute/async - {"script":"<script> [1562 bytes]","args":[{"selector":{"id":"application-manageresources-display-component---newResourceUnit--PLANNED_DELIVERY_DATE","interaction":{"idSuffix":"inner"}},"wdio_ui5_key":"applicationmanageresources-display-component---newResourceUnit--PLANNED_DELIVERY_DATE"}]}
COMMAND: GET /session/a0fa65e418457f6e1528b16bc1e26f2c/screenshot - {}
RESULT: {"script":"<script> [1562 bytes]","args":[{"selector":{"id":"application-manageresources-display-component---newResourceUnit--PLANNED_DELIVERY_DATE","interaction":{"idSuffix":"inner"}},"wdio_ui5_key":"applicationmanageresources-display-component---newResourceUnit--PLANNED_DELIVERY_DATE"}]}
RESULT: undefined
COMMAND: POST /session/a0fa65e418457f6e1528b16bc1e26f2c/execute/async - {"script":"<script> [6424 bytes]","args":[{"element-6066-11e4-a52e-4f735466cecf":"f.6300CB9FC90E916FB2ACF31257920715.d.D66B3395E01DC1BB5BCFB221D7CDD08E.e.26674"},"setValue",["5/17/25"]]}
RESULT: {}
RESULT: {"script":"<script> [6424 bytes]","args":[{"element-6066-11e4-a52e-4f735466cecf":"f.6300CB9FC90E916FB2ACF31257920715.d.D66B3395E01DC1BB5BCFB221D7CDD08E.e.26674"},"setValue",["5/17/25"]]}
COMMAND: POST /session/a0fa65e418457f6e1528b16bc1e26f2c/element - {"using":"xpath","value":"//label[contains(@class, 'sapMLabelRequired') and .//bdi[contains(text(), 'Planned Retirement')]]"}
RESULT: {"using":"xpath","value":"//label[contains(@class, 'sapMLabelRequired') and .//bdi[contains(text(), 'Planned Retirement')]]"}
COMMAND: POST /session/a0fa65e418457f6e1528b16bc1e26f2c/elements - {"using":"xpath","value":"//label[contains(@class, 'sapMLabelRequired') and .//bdi[contains(text(), 'Planned Retirement')]]"}
RESULT: {"using":"xpath","value":"//label[contains(@class, 'sapMLabelRequired') and .//bdi[contains(text(), 'Planned Retirement')]]"}
COMMAND: POST /session/a0fa65e418457f6e1528b16bc1e26f2c/element - {"using":"xpath","value":"//button[@data-kt=\"resourceUnitSaveButton\"]"}
RESULT: {"using":"xpath","value":"//button[@data-kt=\"resourceUnitSaveButton\"]"}
COMMAND: POST /session/a0fa65e418457f6e1528b16bc1e26f2c/element/f.6300CB9FC90E916FB2ACF31257920715.d.D66B3395E01DC1BB5BCFB221D7CDD08E.e.26635/click - {}
RESULT: {}
COMMAND: GET /session/a0fa65e418457f6e1528b16bc1e26f2c/screenshot - {}
RESULT: {}
COMMAND: POST /session/a0fa65e418457f6e1528b16bc1e26f2c/element - {"using":"xpath","value":"//bdi[contains(text(), \"Close\")]"}
RESULT: {"using":"xpath","value":"//bdi[contains(text(), \"Close\")]"}
COMMAND: POST /session/a0fa65e418457f6e1528b16bc1e26f2c/element/f.6300CB9FC90E916FB2ACF31257920715.d.D66B3395E01DC1BB5BCFB221D7CDD08E.e.26819/click - {}
RESULT: {}
COMMAND: GET /session/a0fa65e418457f6e1528b16bc1e26f2c/screenshot - {}
RESULT: {}
COMMAND: POST /session/a0fa65e418457f6e1528b16bc1e26f2c/element - {"using":"xpath","value":"(//button[contains(@id ,\"actionsToolbar-overflowButton\")])[1]"}
RESULT: {"using":"xpath","value":"(//button[contains(@id ,\"actionsToolbar-overflowButton\")])[1]"}
COMMAND: POST /session/a0fa65e418457f6e1528b16bc1e26f2c/element/f.6300CB9FC90E916FB2ACF31257920715.d.D66B3395E01DC1BB5BCFB221D7CDD08E.e.26852/click - {}
RESULT: {}
COMMAND: GET /session/a0fa65e418457f6e1528b16bc1e26f2c/screenshot - {}
RESULT: {}
COMMAND: POST /session/a0fa65e418457f6e1528b16bc1e26f2c/element - {"using":"xpath","value":"//button[@data-kt=\"priceInfoButton\"]"}
RESULT: {"using":"xpath","value":"//button[@data-kt=\"priceInfoButton\"]"}
COMMAND: POST /session/a0fa65e418457f6e1528b16bc1e26f2c/element/f.6300CB9FC90E916FB2ACF31257920715.d.D66B3395E01DC1BB5BCFB221D7CDD08E.e.26854/click - {}
RESULT: {}
COMMAND: GET /session/a0fa65e418457f6e1528b16bc1e26f2c/screenshot - {}
RESULT: {}
COMMAND: POST /session/a0fa65e418457f6e1528b16bc1e26f2c/element - {"using":"css selector","value":"#shell-header-logo"}
RESULT: {"using":"css selector","value":"#shell-header-logo"}
COMMAND: POST /session/a0fa65e418457f6e1528b16bc1e26f2c/element/f.6300CB9FC90E916FB2ACF31257920715.d.D66B3395E01DC1BB5BCFB221D7CDD08E.e.26229/click - {}
RESULT: {}
COMMAND: GET /session/a0fa65e418457f6e1528b16bc1e26f2c/screenshot - {}
RESULT: {}
]]></system-out>
    </testcase>
    <testcase classname="chrome.136_0_7103_93.windows.Transfer_Yard_to_Yard_US131076" name="Prereq Should create a new equipment multipart" time="117.14">
      <system-out><![CDATA[
RESULT: undefined
COMMAND: POST /session/a0fa65e418457f6e1528b16bc1e26f2c/element - {"using":"xpath","value":"//*[@id=\"__tile31\"]"}
RESULT: {"using":"xpath","value":"//*[@id=\"__tile31\"]"}
COMMAND: POST /session/a0fa65e418457f6e1528b16bc1e26f2c/element/f.6300CB9FC90E916FB2ACF31257920715.d.D66B3395E01DC1BB5BCFB221D7CDD08E.e.25380/click - {}
RESULT: {}
COMMAND: GET /session/a0fa65e418457f6e1528b16bc1e26f2c/screenshot - {}
RESULT: {}
COMMAND: POST /session/a0fa65e418457f6e1528b16bc1e26f2c/elements - {"using":"xpath","value":"//span[text()='Error']"}
RESULT: {"using":"xpath","value":"//span[text()='Error']"}
COMMAND: POST /session/a0fa65e418457f6e1528b16bc1e26f2c/element - {"using":"xpath","value":"//button[@data-kt=\"addNewRUOverflowToolbarButton\"]"}
RESULT: {"using":"xpath","value":"//button[@data-kt=\"addNewRUOverflowToolbarButton\"]"}
COMMAND: POST /session/a0fa65e418457f6e1528b16bc1e26f2c/elements - {"using":"xpath","value":"//button[@data-kt=\"addNewRUOverflowToolbarButton\"]"}
RESULT: {"using":"xpath","value":"//button[@data-kt=\"addNewRUOverflowToolbarButton\"]"}
COMMAND: POST /session/a0fa65e418457f6e1528b16bc1e26f2c/execute/sync - {"script":"<script> [8489 bytes]","args":[{"element-6066-11e4-a52e-4f735466cecf":"f.6300CB9FC90E916FB2ACF31257920715.d.D66B3395E01DC1BB5BCFB221D7CDD08E.e.26932","ELEMENT":"f.6300CB9FC90E916FB2ACF31257920715.d.D66B3395E01DC1BB5BCFB221D7CDD08E.e.26932"}]}
RESULT: {"script":"<script> [8489 bytes]","args":[{"element-6066-11e4-a52e-4f735466cecf":"f.6300CB9FC90E916FB2ACF31257920715.d.D66B3395E01DC1BB5BCFB221D7CDD08E.e.26932","ELEMENT":"f.6300CB9FC90E916FB2ACF31257920715.d.D66B3395E01DC1BB5BCFB221D7CDD08E.e.26932"}]}
COMMAND: GET /session/a0fa65e418457f6e1528b16bc1e26f2c/element/f.6300CB9FC90E916FB2ACF31257920715.d.D66B3395E01DC1BB5BCFB221D7CDD08E.e.26932/enabled - {}
COMMAND: GET /session/a0fa65e418457f6e1528b16bc1e26f2c/screenshot - {}
RESULT: {}
COMMAND: POST /session/a0fa65e418457f6e1528b16bc1e26f2c/execute/sync - {"script":"<script> [8489 bytes]","args":[{"element-6066-11e4-a52e-4f735466cecf":"f.6300CB9FC90E916FB2ACF31257920715.d.D66B3395E01DC1BB5BCFB221D7CDD08E.e.26932","ELEMENT":"f.6300CB9FC90E916FB2ACF31257920715.d.D66B3395E01DC1BB5BCFB221D7CDD08E.e.26932"}]}
COMMAND: GET /session/a0fa65e418457f6e1528b16bc1e26f2c/screenshot - {}
RESULT: {}
RESULT: {"script":"<script> [8489 bytes]","args":[{"element-6066-11e4-a52e-4f735466cecf":"f.6300CB9FC90E916FB2ACF31257920715.d.D66B3395E01DC1BB5BCFB221D7CDD08E.e.26932","ELEMENT":"f.6300CB9FC90E916FB2ACF31257920715.d.D66B3395E01DC1BB5BCFB221D7CDD08E.e.26932"}]}
COMMAND: POST /session/a0fa65e418457f6e1528b16bc1e26f2c/execute/sync - {"script":"<script> [5351 bytes]","args":[{"element-6066-11e4-a52e-4f735466cecf":"f.6300CB9FC90E916FB2ACF31257920715.d.D66B3395E01DC1BB5BCFB221D7CDD08E.e.26932","ELEMENT":"f.6300CB9FC90E916FB2ACF31257920715.d.D66B3395E01DC1BB5BCFB221D7CDD08E.e.26932"}]}
COMMAND: GET /session/a0fa65e418457f6e1528b16bc1e26f2c/screenshot - {}
RESULT: {}
RESULT: {"script":"<script> [5351 bytes]","args":[{"element-6066-11e4-a52e-4f735466cecf":"f.6300CB9FC90E916FB2ACF31257920715.d.D66B3395E01DC1BB5BCFB221D7CDD08E.e.26932","ELEMENT":"f.6300CB9FC90E916FB2ACF31257920715.d.D66B3395E01DC1BB5BCFB221D7CDD08E.e.26932"}]}
COMMAND: POST /session/a0fa65e418457f6e1528b16bc1e26f2c/element/f.6300CB9FC90E916FB2ACF31257920715.d.D66B3395E01DC1BB5BCFB221D7CDD08E.e.26932/click - {}
COMMAND: GET /session/a0fa65e418457f6e1528b16bc1e26f2c/screenshot - {}
RESULT: {}
RESULT: {}
COMMAND: GET /session/a0fa65e418457f6e1528b16bc1e26f2c/screenshot - {}
RESULT: undefined
COMMAND: POST /session/a0fa65e418457f6e1528b16bc1e26f2c/element - {"using":"xpath","value":"//*[@id=\"application-manageresources-display-component---newResourceUnit--TYPE-arrow\"]"}
RESULT: {}
RESULT: {}
RESULT: {"using":"xpath","value":"//*[@id=\"application-manageresources-display-component---newResourceUnit--TYPE-arrow\"]"}
COMMAND: POST /session/a0fa65e418457f6e1528b16bc1e26f2c/element/f.6300CB9FC90E916FB2ACF31257920715.d.D66B3395E01DC1BB5BCFB221D7CDD08E.e.27287/click - {}
RESULT: {}
COMMAND: POST /session/a0fa65e418457f6e1528b16bc1e26f2c/element - {"using":"xpath","value":"//input[@id=\"application-manageresources-display-component---newResourceUnit--TYPE-inner\"]"}
COMMAND: GET /session/a0fa65e418457f6e1528b16bc1e26f2c/screenshot - {}
RESULT: {"using":"xpath","value":"//input[@id=\"application-manageresources-display-component---newResourceUnit--TYPE-inner\"]"}
COMMAND: POST /session/a0fa65e418457f6e1528b16bc1e26f2c/element/f.6300CB9FC90E916FB2ACF31257920715.d.D66B3395E01DC1BB5BCFB221D7CDD08E.e.27271/clear - {}
RESULT: {}
RESULT: {}
COMMAND: POST /session/a0fa65e418457f6e1528b16bc1e26f2c/element/f.6300CB9FC90E916FB2ACF31257920715.d.D66B3395E01DC1BB5BCFB221D7CDD08E.e.27271/value - {"text":"Equi Multipart"}
COMMAND: GET /session/a0fa65e418457f6e1528b16bc1e26f2c/screenshot - {}
RESULT: {"text":"Equi Multipart"}
COMMAND: GET /session/a0fa65e418457f6e1528b16bc1e26f2c/screenshot - {}
RESULT: {}
RESULT: {}
COMMAND: POST /session/a0fa65e418457f6e1528b16bc1e26f2c/actions - {"actions":[{"id":"action88","type":"key","parameters":{},"actions":[{"type":"keyDown","value":"î€‡"},{"type":"pause","duration":10},{"type":"keyUp","value":"î€‡"}]}]}
RESULT: {"actions":[{"id":"action88","type":"key","parameters":{},"actions":[{"type":"keyDown","value":"î€‡"},{"type":"pause","duration":10},{"type":"keyUp","value":"î€‡"}]}]}
RESULT: undefined
COMMAND: POST /session/a0fa65e418457f6e1528b16bc1e26f2c/execute/async - {"script":"<script> [776 bytes]","args":[{"enterText":"Equipment Multipart WDIO","selector":{"id":"application-manageresources-display-component---newResourceUnit--SHORT_TEXT","interaction":{"idSuffix":"inner"}},"clearTextFirst":true,"interactionType":"ENTER_TEXT"}]}
COMMAND: GET /session/a0fa65e418457f6e1528b16bc1e26f2c/screenshot - {}
RESULT: {"script":"<script> [776 bytes]","args":[{"enterText":"Equipment Multipart WDIO","selector":{"id":"application-manageresources-display-component---newResourceUnit--SHORT_TEXT","interaction":{"idSuffix":"inner"}},"clearTextFirst":true,"interactionType":"ENTER_TEXT"}]}
RESULT: undefined
COMMAND: POST /session/a0fa65e418457f6e1528b16bc1e26f2c/execute/async - {"script":"<script> [776 bytes]","args":[{"enterText":"Piece","selector":{"id":"application-manageresources-display-component---newResourceUnit--BASE_UNIT_OF_MEASURE","interaction":{"idSuffix":"inner"}},"clearTextFirst":true,"interactionType":"ENTER_TEXT"}]}
RESULT: {}
RESULT: {"script":"<script> [776 bytes]","args":[{"enterText":"Piece","selector":{"id":"application-manageresources-display-component---newResourceUnit--BASE_UNIT_OF_MEASURE","interaction":{"idSuffix":"inner"}},"clearTextFirst":true,"interactionType":"ENTER_TEXT"}]}
RESULT: undefined
COMMAND: POST /session/a0fa65e418457f6e1528b16bc1e26f2c/execute/async - {"script":"<script> [776 bytes]","args":[{"enterText":"Gram","selector":{"id":"application-manageresources-display-component---newResourceUnit--WEIGHT_UNIT","interaction":{"idSuffix":"inner"}},"clearTextFirst":true,"interactionType":"ENTER_TEXT"}]}
RESULT: {"script":"<script> [776 bytes]","args":[{"enterText":"Gram","selector":{"id":"application-manageresources-display-component---newResourceUnit--WEIGHT_UNIT","interaction":{"idSuffix":"inner"}},"clearTextFirst":true,"interactionType":"ENTER_TEXT"}]}
RESULT: undefined
COMMAND: POST /session/a0fa65e418457f6e1528b16bc1e26f2c/execute/async - {"script":"<script> [776 bytes]","args":[{"enterText":"Meter","selector":{"id":"application-manageresources-display-component---newResourceUnit--DIMENSION_UNIT","interaction":{"idSuffix":"inner"}},"clearTextFirst":true,"interactionType":"ENTER_TEXT"}]}
RESULT: {"script":"<script> [776 bytes]","args":[{"enterText":"Meter","selector":{"id":"application-manageresources-display-component---newResourceUnit--DIMENSION_UNIT","interaction":{"idSuffix":"inner"}},"clearTextFirst":true,"interactionType":"ENTER_TEXT"}]}
RESULT: undefined
COMMAND: POST /session/a0fa65e418457f6e1528b16bc1e26f2c/element - {"using":"xpath","value":"//*[@id=\"application-manageresources-display-component---newResourceUnit--newRRUPage-anchBar-application-manageresources-display-component---newResourceUnit--control-anchor\"]"}
RESULT: {"using":"xpath","value":"//*[@id=\"application-manageresources-display-component---newResourceUnit--newRRUPage-anchBar-application-manageresources-display-component---newResourceUnit--control-anchor\"]"}
COMMAND: POST /session/a0fa65e418457f6e1528b16bc1e26f2c/element/f.6300CB9FC90E916FB2ACF31257920715.d.D66B3395E01DC1BB5BCFB221D7CDD08E.e.27349/click - {}
RESULT: {}
RESULT: undefined
COMMAND: POST /session/a0fa65e418457f6e1528b16bc1e26f2c/execute/async - {"script":"<script> [776 bytes]","args":[{"enterText":"Heavy Equi","selector":{"id":"application-manageresources-display-component---newResourceUnit--PLANNING_GROUP","interaction":{"idSuffix":"inner"}},"clearTextFirst":true,"interactionType":"ENTER_TEXT"}]}
COMMAND: GET /session/a0fa65e418457f6e1528b16bc1e26f2c/screenshot - {}
RESULT: {"script":"<script> [776 bytes]","args":[{"enterText":"Heavy Equi","selector":{"id":"application-manageresources-display-component---newResourceUnit--PLANNING_GROUP","interaction":{"idSuffix":"inner"}},"clearTextFirst":true,"interactionType":"ENTER_TEXT"}]}
RESULT: {}
COMMAND: POST /session/a0fa65e418457f6e1528b16bc1e26f2c/execute/async - {"script":"<script> [1562 bytes]","args":[{"selector":{"id":"application-manageresources-display-component---newResourceUnit--PLANNING_INDICATOR","interaction":{"idSuffix":"inner"}},"wdio_ui5_key":"applicationmanageresources-display-component---newResourceUnit--PLANNING_INDICATOR"}]}
RESULT: {"script":"<script> [1562 bytes]","args":[{"selector":{"id":"application-manageresources-display-component---newResourceUnit--PLANNING_INDICATOR","interaction":{"idSuffix":"inner"}},"wdio_ui5_key":"applicationmanageresources-display-component---newResourceUnit--PLANNING_INDICATOR"}]}
RESULT: undefined
COMMAND: POST /session/a0fa65e418457f6e1528b16bc1e26f2c/execute/async - {"script":"<script> [776 bytes]","args":[{"enterText":"10 - infinite","selector":{"id":"application-manageresources-display-component---newResourceUnit--PLANNING_INDICATOR","interaction":{"idSuffix":"inner"}},"clearTextFirst":true,"interactionType":"ENTER_TEXT"}]}
RESULT: {"script":"<script> [776 bytes]","args":[{"enterText":"10 - infinite","selector":{"id":"application-manageresources-display-component---newResourceUnit--PLANNING_INDICATOR","interaction":{"idSuffix":"inner"}},"clearTextFirst":true,"interactionType":"ENTER_TEXT"}]}
RESULT: undefined
COMMAND: POST /session/a0fa65e418457f6e1528b16bc1e26f2c/element - {"using":"xpath","value":"//*[@id=\"application-manageresources-display-component---newResourceUnit--ITEM_TYPE-arrow\"]"}
RESULT: {"using":"xpath","value":"//*[@id=\"application-manageresources-display-component---newResourceUnit--ITEM_TYPE-arrow\"]"}
COMMAND: POST /session/a0fa65e418457f6e1528b16bc1e26f2c/element/f.6300CB9FC90E916FB2ACF31257920715.d.D66B3395E01DC1BB5BCFB221D7CDD08E.e.27356/click - {}
RESULT: {}
COMMAND: GET /session/a0fa65e418457f6e1528b16bc1e26f2c/screenshot - {}
RESULT: {}
COMMAND: POST /session/a0fa65e418457f6e1528b16bc1e26f2c/execute/async - {"script":"<script> [1562 bytes]","args":[{"selector":{"controlType":"sap.m.StandardListItem","viewName":"reusables.view.manageresources.NewResourceUnit","viewId":"application-manageresources-display-component---newResourceUnit","properties":{"title":"Pool Equipment"},"searchOpenDialogs":true,"interaction":{"idSuffix":"content"}},"wdio_ui5_key":"reusablesview.manageresources.NewResourceUnitsap.m.StandardListItem{\"title\":\"Pool Equipment\"}"}]}
RESULT: {"script":"<script> [1562 bytes]","args":[{"selector":{"controlType":"sap.m.StandardListItem","viewName":"reusables.view.manageresources.NewResourceUnit","viewId":"application-manageresources-display-component---newResourceUnit","properties":{"title":"Pool Equipment"},"searchOpenDialogs":true,"interaction":{"idSuffix":"content"}},"wdio_ui5_key":"reusablesview.manageresources.NewResourceUnitsap.m.StandardListItem{\"title\":\"Pool Equipment\"}"}]}
RESULT: undefined
COMMAND: POST /session/a0fa65e418457f6e1528b16bc1e26f2c/element - {"using":"xpath","value":"//*[@id=\"__item1242\"]"}
RESULT: {"using":"xpath","value":"//*[@id=\"__item1242\"]"}
COMMAND: POST /session/a0fa65e418457f6e1528b16bc1e26f2c/element/f.6300CB9FC90E916FB2ACF31257920715.d.D66B3395E01DC1BB5BCFB221D7CDD08E.e.27358/click - {}
RESULT: {}
COMMAND: GET /session/a0fa65e418457f6e1528b16bc1e26f2c/screenshot - {}
RESULT: {}
COMMAND: POST /session/a0fa65e418457f6e1528b16bc1e26f2c/element - {"using":"css selector","value":"#application-manageresources-display-component---newResourceUnit--btnAddTimeSegment"}
RESULT: {"using":"css selector","value":"#application-manageresources-display-component---newResourceUnit--btnAddTimeSegment"}
COMMAND: GET /session/a0fa65e418457f6e1528b16bc1e26f2c/element/f.6300CB9FC90E916FB2ACF31257920715.d.D66B3395E01DC1BB5BCFB221D7CDD08E.e.27359/rect - {}
RESULT: {}
COMMAND: GET /session/a0fa65e418457f6e1528b16bc1e26f2c/window/rect - {}
RESULT: {}
COMMAND: POST /session/a0fa65e418457f6e1528b16bc1e26f2c/execute/sync - {"script":"<script> [92 bytes]","args":[]}
RESULT: {"script":"<script> [92 bytes]","args":[]}
COMMAND: POST /session/a0fa65e418457f6e1528b16bc1e26f2c/actions - {"actions":[{"id":"action89","type":"wheel","parameters":{},"actions":[{"type":"scroll","x":-1888,"y":-32,"deltaX":0,"deltaY":0,"duration":0,"origin":{"element-6066-11e4-a52e-4f735466cecf":"f.6300CB9FC90E916FB2ACF31257920715.d.D66B3395E01DC1BB5BCFB221D7CDD08E.e.27359"}}]}]}
COMMAND: GET /session/a0fa65e418457f6e1528b16bc1e26f2c/screenshot - {}
RESULT: {}
COMMAND: POST /session/a0fa65e418457f6e1528b16bc1e26f2c/execute/sync - {"script":"<script> [79 bytes]","args":[{"element-6066-11e4-a52e-4f735466cecf":"f.6300CB9FC90E916FB2ACF31257920715.d.D66B3395E01DC1BB5BCFB221D7CDD08E.e.27359","ELEMENT":"f.6300CB9FC90E916FB2ACF31257920715.d.D66B3395E01DC1BB5BCFB221D7CDD08E.e.27359"},{"block":"start","inline":"nearest"}]}
RESULT: {"script":"<script> [79 bytes]","args":[{"element-6066-11e4-a52e-4f735466cecf":"f.6300CB9FC90E916FB2ACF31257920715.d.D66B3395E01DC1BB5BCFB221D7CDD08E.e.27359","ELEMENT":"f.6300CB9FC90E916FB2ACF31257920715.d.D66B3395E01DC1BB5BCFB221D7CDD08E.e.27359"},{"block":"start","inline":"nearest"}]}
RESULT: undefined
COMMAND: POST /session/a0fa65e418457f6e1528b16bc1e26f2c/element - {"using":"xpath","value":"//*[@id=\"application-manageresources-display-component---newResourceUnit--btnAddTimeSegment\"]"}
COMMAND: GET /session/a0fa65e418457f6e1528b16bc1e26f2c/screenshot - {}
RESULT: {"using":"xpath","value":"//*[@id=\"application-manageresources-display-component---newResourceUnit--btnAddTimeSegment\"]"}
COMMAND: POST /session/a0fa65e418457f6e1528b16bc1e26f2c/element/f.6300CB9FC90E916FB2ACF31257920715.d.D66B3395E01DC1BB5BCFB221D7CDD08E.e.27359/click - {}
RESULT: {}
RESULT: {}
COMMAND: GET /session/a0fa65e418457f6e1528b16bc1e26f2c/screenshot - {}
RESULT: {}
COMMAND: POST /session/a0fa65e418457f6e1528b16bc1e26f2c/element - {"using":"xpath","value":"//input[@id=\"application-manageresources-display-component---newResourceUnit--idRuTSAdmin-application-manageresources-display-component---newResourceUnit--RUTimeSegment-0-inner\"]"}
RESULT: {"using":"xpath","value":"//input[@id=\"application-manageresources-display-component---newResourceUnit--idRuTSAdmin-application-manageresources-display-component---newResourceUnit--RUTimeSegment-0-inner\"]"}
COMMAND: POST /session/a0fa65e418457f6e1528b16bc1e26f2c/element/f.6300CB9FC90E916FB2ACF31257920715.d.D66B3395E01DC1BB5BCFB221D7CDD08E.e.27364/clear - {}
RESULT: {}
COMMAND: POST /session/a0fa65e418457f6e1528b16bc1e26f2c/element/f.6300CB9FC90E916FB2ACF31257920715.d.D66B3395E01DC1BB5BCFB221D7CDD08E.e.27364/value - {"text":"500"}
COMMAND: GET /session/a0fa65e418457f6e1528b16bc1e26f2c/screenshot - {}
RESULT: {"text":"500"}
COMMAND: GET /session/a0fa65e418457f6e1528b16bc1e26f2c/screenshot - {}
RESULT: {}
RESULT: {}
COMMAND: POST /session/a0fa65e418457f6e1528b16bc1e26f2c/element - {"using":"xpath","value":"//li[.//span[text()='500']]"}
RESULT: {"using":"xpath","value":"//li[.//span[text()='500']]"}
COMMAND: POST /session/a0fa65e418457f6e1528b16bc1e26f2c/element/f.6300CB9FC90E916FB2ACF31257920715.d.D66B3395E01DC1BB5BCFB221D7CDD08E.e.27377/click - {}
RESULT: {}
COMMAND: GET /session/a0fa65e418457f6e1528b16bc1e26f2c/screenshot - {}
RESULT: {}
COMMAND: POST /session/a0fa65e418457f6e1528b16bc1e26f2c/element - {"using":"xpath","value":"(//span[contains(@id, \"-application-manageresources-display-component---newResourceUnit--RUTimeSegment-0-arrow\")])[5]"}
RESULT: {"using":"xpath","value":"(//span[contains(@id, \"-application-manageresources-display-component---newResourceUnit--RUTimeSegment-0-arrow\")])[5]"}
COMMAND: POST /session/a0fa65e418457f6e1528b16bc1e26f2c/element/f.6300CB9FC90E916FB2ACF31257920715.d.D66B3395E01DC1BB5BCFB221D7CDD08E.e.27378/click - {}
RESULT: {}
COMMAND: GET /session/a0fa65e418457f6e1528b16bc1e26f2c/screenshot - {}
RESULT: {}
COMMAND: POST /session/a0fa65e418457f6e1528b16bc1e26f2c/element - {"using":"xpath","value":"//span[contains(text(), \"PM Order\")]"}
RESULT: {"using":"xpath","value":"//span[contains(text(), \"PM Order\")]"}
COMMAND: POST /session/a0fa65e418457f6e1528b16bc1e26f2c/element/f.6300CB9FC90E916FB2ACF31257920715.d.D66B3395E01DC1BB5BCFB221D7CDD08E.e.27379/click - {}
RESULT: {}
COMMAND: GET /session/a0fa65e418457f6e1528b16bc1e26f2c/screenshot - {}
RESULT: {}
COMMAND: POST /session/a0fa65e418457f6e1528b16bc1e26f2c/element - {"using":"xpath","value":"(//span[contains(@id ,\"manageresources-display-component---newResourceUnit--RUTimeSegment-0-vhi\")])[1]"}
RESULT: {"using":"xpath","value":"(//span[contains(@id ,\"manageresources-display-component---newResourceUnit--RUTimeSegment-0-vhi\")])[1]"}
COMMAND: GET /session/a0fa65e418457f6e1528b16bc1e26f2c/element/f.6300CB9FC90E916FB2ACF31257920715.d.D66B3395E01DC1BB5BCFB221D7CDD08E.e.27383/rect - {}
RESULT: {}
COMMAND: GET /session/a0fa65e418457f6e1528b16bc1e26f2c/window/rect - {}
RESULT: {}
COMMAND: POST /session/a0fa65e418457f6e1528b16bc1e26f2c/execute/sync - {"script":"<script> [92 bytes]","args":[]}
RESULT: {"script":"<script> [92 bytes]","args":[]}
COMMAND: POST /session/a0fa65e418457f6e1528b16bc1e26f2c/actions - {"actions":[{"id":"action90","type":"wheel","parameters":{},"actions":[{"type":"scroll","x":-1888,"y":-24,"deltaX":0,"deltaY":0,"duration":0,"origin":{"element-6066-11e4-a52e-4f735466cecf":"f.6300CB9FC90E916FB2ACF31257920715.d.D66B3395E01DC1BB5BCFB221D7CDD08E.e.27383"}}]}]}
COMMAND: GET /session/a0fa65e418457f6e1528b16bc1e26f2c/screenshot - {}
RESULT: {}
COMMAND: POST /session/a0fa65e418457f6e1528b16bc1e26f2c/execute/sync - {"script":"<script> [79 bytes]","args":[{"element-6066-11e4-a52e-4f735466cecf":"f.6300CB9FC90E916FB2ACF31257920715.d.D66B3395E01DC1BB5BCFB221D7CDD08E.e.27383","ELEMENT":"f.6300CB9FC90E916FB2ACF31257920715.d.D66B3395E01DC1BB5BCFB221D7CDD08E.e.27383"},{"block":"start","inline":"nearest"}]}
RESULT: {"script":"<script> [79 bytes]","args":[{"element-6066-11e4-a52e-4f735466cecf":"f.6300CB9FC90E916FB2ACF31257920715.d.D66B3395E01DC1BB5BCFB221D7CDD08E.e.27383","ELEMENT":"f.6300CB9FC90E916FB2ACF31257920715.d.D66B3395E01DC1BB5BCFB221D7CDD08E.e.27383"},{"block":"start","inline":"nearest"}]}
COMMAND: GET /session/a0fa65e418457f6e1528b16bc1e26f2c/screenshot - {}
RESULT: {}
COMMAND: POST /session/a0fa65e418457f6e1528b16bc1e26f2c/element/f.6300CB9FC90E916FB2ACF31257920715.d.D66B3395E01DC1BB5BCFB221D7CDD08E.e.27383/click - {}
RESULT: {}
COMMAND: GET /session/a0fa65e418457f6e1528b16bc1e26f2c/screenshot - {}
RESULT: {}
RESULT: undefined
COMMAND: POST /session/a0fa65e418457f6e1528b16bc1e26f2c/execute/async - {"script":"<script> [776 bytes]","args":[{"enterText":"4000360","selector":{"controlType":"sap.m.SearchField","properties":{"placeholder":"Search"},"searchOpenDialogs":true,"interaction":{"idSuffix":"I"}},"clearTextFirst":true,"interactionType":"ENTER_TEXT"}]}
RESULT: {"script":"<script> [776 bytes]","args":[{"enterText":"4000360","selector":{"controlType":"sap.m.SearchField","properties":{"placeholder":"Search"},"searchOpenDialogs":true,"interaction":{"idSuffix":"I"}},"clearTextFirst":true,"interactionType":"ENTER_TEXT"}]}
COMMAND: POST /session/a0fa65e418457f6e1528b16bc1e26f2c/actions - {"actions":[{"id":"action91","type":"key","parameters":{},"actions":[{"type":"keyDown","value":"î€‡"},{"type":"pause","duration":10},{"type":"keyUp","value":"î€‡"}]}]}
RESULT: {"actions":[{"id":"action91","type":"key","parameters":{},"actions":[{"type":"keyDown","value":"î€‡"},{"type":"pause","duration":10},{"type":"keyUp","value":"î€‡"}]}]}
COMMAND: GET /session/a0fa65e418457f6e1528b16bc1e26f2c/screenshot - {}
RESULT: {}
COMMAND: POST /session/a0fa65e418457f6e1528b16bc1e26f2c/element - {"using":"xpath","value":"//td/div/span[contains(text(), \"BGL Vehicles\")]"}
RESULT: {"using":"xpath","value":"//td/div/span[contains(text(), \"BGL Vehicles\")]"}
COMMAND: POST /session/a0fa65e418457f6e1528b16bc1e26f2c/element/f.6300CB9FC90E916FB2ACF31257920715.d.D66B3395E01DC1BB5BCFB221D7CDD08E.e.27403/click - {}
RESULT: {}
COMMAND: GET /session/a0fa65e418457f6e1528b16bc1e26f2c/screenshot - {}
RESULT: {}
COMMAND: POST /session/a0fa65e418457f6e1528b16bc1e26f2c/element - {"using":"xpath","value":"//bdi[contains(text(), \"OK\")]"}
RESULT: {"using":"xpath","value":"//bdi[contains(text(), \"OK\")]"}
COMMAND: POST /session/a0fa65e418457f6e1528b16bc1e26f2c/element/f.6300CB9FC90E916FB2ACF31257920715.d.D66B3395E01DC1BB5BCFB221D7CDD08E.e.27404/click - {}
RESULT: {}
COMMAND: GET /session/a0fa65e418457f6e1528b16bc1e26f2c/screenshot - {}
RESULT: {}
COMMAND: POST /session/a0fa65e418457f6e1528b16bc1e26f2c/element - {"using":"xpath","value":"//label[contains(@class, 'sapMLabelRequired') and .//bdi[contains(text(), 'Planned Retirement')]]"}
RESULT: {"using":"xpath","value":"//label[contains(@class, 'sapMLabelRequired') and .//bdi[contains(text(), 'Planned Retirement')]]"}
COMMAND: POST /session/a0fa65e418457f6e1528b16bc1e26f2c/elements - {"using":"xpath","value":"//label[contains(@class, 'sapMLabelRequired') and .//bdi[contains(text(), 'Planned Retirement')]]"}
RESULT: {"using":"xpath","value":"//label[contains(@class, 'sapMLabelRequired') and .//bdi[contains(text(), 'Planned Retirement')]]"}
COMMAND: POST /session/a0fa65e418457f6e1528b16bc1e26f2c/element - {"using":"xpath","value":"//button[@data-kt=\"resourceUnitSaveButton\"]"}
RESULT: {"using":"xpath","value":"//button[@data-kt=\"resourceUnitSaveButton\"]"}
COMMAND: POST /session/a0fa65e418457f6e1528b16bc1e26f2c/element/f.6300CB9FC90E916FB2ACF31257920715.d.D66B3395E01DC1BB5BCFB221D7CDD08E.e.27303/click - {}
RESULT: {}
COMMAND: GET /session/a0fa65e418457f6e1528b16bc1e26f2c/screenshot - {}
RESULT: {}
COMMAND: POST /session/a0fa65e418457f6e1528b16bc1e26f2c/element - {"using":"xpath","value":"//bdi[contains(text(), \"Close\")]"}
RESULT: {"using":"xpath","value":"//bdi[contains(text(), \"Close\")]"}
COMMAND: POST /session/a0fa65e418457f6e1528b16bc1e26f2c/element/f.6300CB9FC90E916FB2ACF31257920715.d.D66B3395E01DC1BB5BCFB221D7CDD08E.e.27410/click - {}
RESULT: {}
COMMAND: GET /session/a0fa65e418457f6e1528b16bc1e26f2c/screenshot - {}
RESULT: {}
COMMAND: POST /session/a0fa65e418457f6e1528b16bc1e26f2c/element - {"using":"xpath","value":"//header[contains(@id, 'detailRruPage-headerTitle')]/div[1]/div[2]/div[2]/span[1]"}
RESULT: {"using":"xpath","value":"//header[contains(@id, 'detailRruPage-headerTitle')]/div[1]/div[2]/div[2]/span[1]"}
COMMAND: POST /session/a0fa65e418457f6e1528b16bc1e26f2c/elements - {"using":"xpath","value":"//header[contains(@id, 'detailRruPage-headerTitle')]/div[1]/div[2]/div[2]/span[1]"}
RESULT: {"using":"xpath","value":"//header[contains(@id, 'detailRruPage-headerTitle')]/div[1]/div[2]/div[2]/span[1]"}
COMMAND: POST /session/a0fa65e418457f6e1528b16bc1e26f2c/execute/sync - {"script":"<script> [56 bytes]","args":[{"element-6066-11e4-a52e-4f735466cecf":"f.6300CB9FC90E916FB2ACF31257920715.d.D66B3395E01DC1BB5BCFB221D7CDD08E.e.27437","ELEMENT":"f.6300CB9FC90E916FB2ACF31257920715.d.D66B3395E01DC1BB5BCFB221D7CDD08E.e.27437"}]}
RESULT: {"script":"<script> [56 bytes]","args":[{"element-6066-11e4-a52e-4f735466cecf":"f.6300CB9FC90E916FB2ACF31257920715.d.D66B3395E01DC1BB5BCFB221D7CDD08E.e.27437","ELEMENT":"f.6300CB9FC90E916FB2ACF31257920715.d.D66B3395E01DC1BB5BCFB221D7CDD08E.e.27437"}]}
COMMAND: POST /session/a0fa65e418457f6e1528b16bc1e26f2c/element - {"using":"css selector","value":"#shell-header-logo"}
COMMAND: GET /session/a0fa65e418457f6e1528b16bc1e26f2c/screenshot - {}
RESULT: {"using":"css selector","value":"#shell-header-logo"}
COMMAND: POST /session/a0fa65e418457f6e1528b16bc1e26f2c/element/f.6300CB9FC90E916FB2ACF31257920715.d.D66B3395E01DC1BB5BCFB221D7CDD08E.e.26893/click - {}
RESULT: {}
RESULT: {}
COMMAND: GET /session/a0fa65e418457f6e1528b16bc1e26f2c/screenshot - {}
RESULT: {}
]]></system-out>
    </testcase>
    <testcase classname="chrome.136_0_7103_93.windows.Transfer_Yard_to_Yard_US131076" name="Should do a stock increase handover for equipment" time="84.066">
      <system-out><![CDATA[
COMMAND: POST /session/a0fa65e418457f6e1528b16bc1e26f2c/execute/async - {"script":"<script> [1562 bytes]","args":[{"selector":{"controlType":"sap.m.GenericTile","properties":{"header":"Manage Handovers"}},"wdio_ui5_key":"sapm.GenericTile{\"header\":\"Manage Handovers\"}"}]}
RESULT: {"script":"<script> [1562 bytes]","args":[{"selector":{"controlType":"sap.m.GenericTile","properties":{"header":"Manage Handovers"}},"wdio_ui5_key":"sapm.GenericTile{\"header\":\"Manage Handovers\"}"}]}
RESULT: undefined
COMMAND: POST /session/a0fa65e418457f6e1528b16bc1e26f2c/element - {"using":"xpath","value":"//*[@id=\"__tile132\"]"}
RESULT: {"using":"xpath","value":"//*[@id=\"__tile132\"]"}
COMMAND: POST /session/a0fa65e418457f6e1528b16bc1e26f2c/element/f.6300CB9FC90E916FB2ACF31257920715.d.D66B3395E01DC1BB5BCFB221D7CDD08E.e.25407/click - {}
RESULT: {}
COMMAND: GET /session/a0fa65e418457f6e1528b16bc1e26f2c/screenshot - {}
RESULT: {}
COMMAND: POST /session/a0fa65e418457f6e1528b16bc1e26f2c/elements - {"using":"xpath","value":"//span[text()='Error']"}
RESULT: {"using":"xpath","value":"//span[text()='Error']"}
COMMAND: POST /session/a0fa65e418457f6e1528b16bc1e26f2c/element - {"using":"xpath","value":"//button[@data-kt=\"masterHOAddButton\"]"}
RESULT: {"using":"xpath","value":"//button[@data-kt=\"masterHOAddButton\"]"}
COMMAND: POST /session/a0fa65e418457f6e1528b16bc1e26f2c/elements - {"using":"xpath","value":"//button[@data-kt=\"masterHOAddButton\"]"}
RESULT: {"using":"xpath","value":"//button[@data-kt=\"masterHOAddButton\"]"}
COMMAND: POST /session/a0fa65e418457f6e1528b16bc1e26f2c/execute/sync - {"script":"<script> [8489 bytes]","args":[{"element-6066-11e4-a52e-4f735466cecf":"f.6300CB9FC90E916FB2ACF31257920715.d.D66B3395E01DC1BB5BCFB221D7CDD08E.e.27473","ELEMENT":"f.6300CB9FC90E916FB2ACF31257920715.d.D66B3395E01DC1BB5BCFB221D7CDD08E.e.27473"}]}
RESULT: {"script":"<script> [8489 bytes]","args":[{"element-6066-11e4-a52e-4f735466cecf":"f.6300CB9FC90E916FB2ACF31257920715.d.D66B3395E01DC1BB5BCFB221D7CDD08E.e.27473","ELEMENT":"f.6300CB9FC90E916FB2ACF31257920715.d.D66B3395E01DC1BB5BCFB221D7CDD08E.e.27473"}]}
COMMAND: GET /session/a0fa65e418457f6e1528b16bc1e26f2c/element/f.6300CB9FC90E916FB2ACF31257920715.d.D66B3395E01DC1BB5BCFB221D7CDD08E.e.27473/enabled - {}
COMMAND: GET /session/a0fa65e418457f6e1528b16bc1e26f2c/screenshot - {}
RESULT: {}
COMMAND: POST /session/a0fa65e418457f6e1528b16bc1e26f2c/execute/sync - {"script":"<script> [8489 bytes]","args":[{"element-6066-11e4-a52e-4f735466cecf":"f.6300CB9FC90E916FB2ACF31257920715.d.D66B3395E01DC1BB5BCFB221D7CDD08E.e.27473","ELEMENT":"f.6300CB9FC90E916FB2ACF31257920715.d.D66B3395E01DC1BB5BCFB221D7CDD08E.e.27473"}]}
COMMAND: GET /session/a0fa65e418457f6e1528b16bc1e26f2c/screenshot - {}
RESULT: {}
RESULT: {"script":"<script> [8489 bytes]","args":[{"element-6066-11e4-a52e-4f735466cecf":"f.6300CB9FC90E916FB2ACF31257920715.d.D66B3395E01DC1BB5BCFB221D7CDD08E.e.27473","ELEMENT":"f.6300CB9FC90E916FB2ACF31257920715.d.D66B3395E01DC1BB5BCFB221D7CDD08E.e.27473"}]}
COMMAND: POST /session/a0fa65e418457f6e1528b16bc1e26f2c/execute/sync - {"script":"<script> [5351 bytes]","args":[{"element-6066-11e4-a52e-4f735466cecf":"f.6300CB9FC90E916FB2ACF31257920715.d.D66B3395E01DC1BB5BCFB221D7CDD08E.e.27473","ELEMENT":"f.6300CB9FC90E916FB2ACF31257920715.d.D66B3395E01DC1BB5BCFB221D7CDD08E.e.27473"}]}
COMMAND: GET /session/a0fa65e418457f6e1528b16bc1e26f2c/screenshot - {}
RESULT: {}
RESULT: {"script":"<script> [5351 bytes]","args":[{"element-6066-11e4-a52e-4f735466cecf":"f.6300CB9FC90E916FB2ACF31257920715.d.D66B3395E01DC1BB5BCFB221D7CDD08E.e.27473","ELEMENT":"f.6300CB9FC90E916FB2ACF31257920715.d.D66B3395E01DC1BB5BCFB221D7CDD08E.e.27473"}]}
COMMAND: POST /session/a0fa65e418457f6e1528b16bc1e26f2c/element/f.6300CB9FC90E916FB2ACF31257920715.d.D66B3395E01DC1BB5BCFB221D7CDD08E.e.27473/click - {}
COMMAND: GET /session/a0fa65e418457f6e1528b16bc1e26f2c/screenshot - {}
RESULT: {}
RESULT: {}
COMMAND: GET /session/a0fa65e418457f6e1528b16bc1e26f2c/screenshot - {}
RESULT: {}
RESULT: {}
COMMAND: POST /session/a0fa65e418457f6e1528b16bc1e26f2c/element - {"using":"xpath","value":"//span[contains(@id ,\"AddNewHO--typeSelect-arrow\")]"}
RESULT: {"using":"xpath","value":"//span[contains(@id ,\"AddNewHO--typeSelect-arrow\")]"}
COMMAND: POST /session/a0fa65e418457f6e1528b16bc1e26f2c/element/f.6300CB9FC90E916FB2ACF31257920715.d.D66B3395E01DC1BB5BCFB221D7CDD08E.e.27835/click - {}
RESULT: {}
COMMAND: GET /session/a0fa65e418457f6e1528b16bc1e26f2c/screenshot - {}
RESULT: {}
COMMAND: POST /session/a0fa65e418457f6e1528b16bc1e26f2c/element - {"using":"xpath","value":"(//li[contains(text(), \"stock increase yard\")])[1]"}
RESULT: {"using":"xpath","value":"(//li[contains(text(), \"stock increase yard\")])[1]"}
COMMAND: POST /session/a0fa65e418457f6e1528b16bc1e26f2c/element/f.6300CB9FC90E916FB2ACF31257920715.d.D66B3395E01DC1BB5BCFB221D7CDD08E.e.27836/click - {}
RESULT: {}
COMMAND: GET /session/a0fa65e418457f6e1528b16bc1e26f2c/screenshot - {}
RESULT: {}
COMMAND: POST /session/a0fa65e418457f6e1528b16bc1e26f2c/execute/async - {"script":"<script> [1562 bytes]","args":[{"selector":{"id":"application-managehandovers-display-component---AddNewHO--dueDate","interaction":{"idSuffix":"inner"}},"wdio_ui5_key":"applicationmanagehandovers-display-component---AddNewHO--dueDate"}]}
RESULT: {"script":"<script> [1562 bytes]","args":[{"selector":{"id":"application-managehandovers-display-component---AddNewHO--dueDate","interaction":{"idSuffix":"inner"}},"wdio_ui5_key":"applicationmanagehandovers-display-component---AddNewHO--dueDate"}]}
RESULT: undefined
COMMAND: POST /session/a0fa65e418457f6e1528b16bc1e26f2c/execute/async - {"script":"<script> [6424 bytes]","args":[{"element-6066-11e4-a52e-4f735466cecf":"f.6300CB9FC90E916FB2ACF31257920715.d.D66B3395E01DC1BB5BCFB221D7CDD08E.e.27838"},"setValue",["5/17/25"]]}
RESULT: {"script":"<script> [6424 bytes]","args":[{"element-6066-11e4-a52e-4f735466cecf":"f.6300CB9FC90E916FB2ACF31257920715.d.D66B3395E01DC1BB5BCFB221D7CDD08E.e.27838"},"setValue",["5/17/25"]]}
COMMAND: POST /session/a0fa65e418457f6e1528b16bc1e26f2c/element - {"using":"xpath","value":"//input[@id=\"generalSectionFrg--receiveYard-inner\"]"}
RESULT: {"using":"xpath","value":"//input[@id=\"generalSectionFrg--receiveYard-inner\"]"}
COMMAND: POST /session/a0fa65e418457f6e1528b16bc1e26f2c/element/f.6300CB9FC90E916FB2ACF31257920715.d.D66B3395E01DC1BB5BCFB221D7CDD08E.e.27842/clear - {}
RESULT: {}
COMMAND: POST /session/a0fa65e418457f6e1528b16bc1e26f2c/element/f.6300CB9FC90E916FB2ACF31257920715.d.D66B3395E01DC1BB5BCFB221D7CDD08E.e.27842/value - {"text":"500"}
COMMAND: GET /session/a0fa65e418457f6e1528b16bc1e26f2c/screenshot - {}
RESULT: {"text":"500"}
COMMAND: GET /session/a0fa65e418457f6e1528b16bc1e26f2c/screenshot - {}
RESULT: {}
RESULT: {}
COMMAND: POST /session/a0fa65e418457f6e1528b16bc1e26f2c/element - {"using":"xpath","value":"//li[.//span[text()='500']]"}
RESULT: {"using":"xpath","value":"//li[.//span[text()='500']]"}
COMMAND: POST /session/a0fa65e418457f6e1528b16bc1e26f2c/element/f.6300CB9FC90E916FB2ACF31257920715.d.D66B3395E01DC1BB5BCFB221D7CDD08E.e.27859/click - {}
RESULT: {}
COMMAND: GET /session/a0fa65e418457f6e1528b16bc1e26f2c/screenshot - {}
RESULT: {}
COMMAND: POST /session/a0fa65e418457f6e1528b16bc1e26f2c/execute/async - {"script":"<script> [1562 bytes]","args":[{"selector":{"id":"application-managehandovers-display-component---AddNewHO--ObjectPageLayout-anchBar-application-managehandovers-display-component---AddNewHO--section4-anchor","interaction":{"idSuffix":"BDI-content"}},"wdio_ui5_key":"applicationmanagehandovers-display-component---AddNewHO--ObjectPageLayout-anchBar-application-managehandovers-display-component---AddNewHO--section4-anchor"}]}
RESULT: {"script":"<script> [1562 bytes]","args":[{"selector":{"id":"application-managehandovers-display-component---AddNewHO--ObjectPageLayout-anchBar-application-managehandovers-display-component---AddNewHO--section4-anchor","interaction":{"idSuffix":"BDI-content"}},"wdio_ui5_key":"applicationmanagehandovers-display-component---AddNewHO--ObjectPageLayout-anchBar-application-managehandovers-display-component---AddNewHO--section4-anchor"}]}
RESULT: undefined
COMMAND: POST /session/a0fa65e418457f6e1528b16bc1e26f2c/element - {"using":"xpath","value":"//*[@id=\"application-managehandovers-display-component---AddNewHO--ObjectPageLayout-anchBar-application-managehandovers-display-component---AddNewHO--section4-anchor\"]"}
RESULT: {"using":"xpath","value":"//*[@id=\"application-managehandovers-display-component---AddNewHO--ObjectPageLayout-anchBar-application-managehandovers-display-component---AddNewHO--section4-anchor\"]"}
COMMAND: POST /session/a0fa65e418457f6e1528b16bc1e26f2c/element/f.6300CB9FC90E916FB2ACF31257920715.d.D66B3395E01DC1BB5BCFB221D7CDD08E.e.27861/click - {}
RESULT: {}
COMMAND: POST /session/a0fa65e418457f6e1528b16bc1e26f2c/element - {"using":"xpath","value":"//button[@aria-label=\"Add\"]"}
COMMAND: GET /session/a0fa65e418457f6e1528b16bc1e26f2c/screenshot - {}
RESULT: {"using":"xpath","value":"//button[@aria-label=\"Add\"]"}
COMMAND: POST /session/a0fa65e418457f6e1528b16bc1e26f2c/element/f.6300CB9FC90E916FB2ACF31257920715.d.D66B3395E01DC1BB5BCFB221D7CDD08E.e.27863/click - {}
RESULT: {}
RESULT: {}
COMMAND: GET /session/a0fa65e418457f6e1528b16bc1e26f2c/screenshot - {}
RESULT: {}
COMMAND: POST /session/a0fa65e418457f6e1528b16bc1e26f2c/execute/async - {"script":"<script> [1562 bytes]","args":[{"selector":{"id":"application-managehandovers-display-component---AddNewHO--smartFilterBar-btnBasicSearch","searchOpenDialogs":true,"interaction":{"idSuffix":"I"}},"wdio_ui5_key":"applicationmanagehandovers-display-component---AddNewHO--smartFilterBar-btnBasicSearch"}]}
RESULT: {"script":"<script> [1562 bytes]","args":[{"selector":{"id":"application-managehandovers-display-component---AddNewHO--smartFilterBar-btnBasicSearch","searchOpenDialogs":true,"interaction":{"idSuffix":"I"}},"wdio_ui5_key":"applicationmanagehandovers-display-component---AddNewHO--smartFilterBar-btnBasicSearch"}]}
RESULT: undefined
COMMAND: POST /session/a0fa65e418457f6e1528b16bc1e26f2c/execute/async - {"script":"<script> [776 bytes]","args":[{"enterText":"6aQqnNVXTR","selector":{"id":"application-managehandovers-display-component---AddNewHO--smartFilterBar-btnBasicSearch","searchOpenDialogs":true,"interaction":{"idSuffix":"I"}},"clearTextFirst":true,"interactionType":"ENTER_TEXT"}]}
RESULT: {"script":"<script> [776 bytes]","args":[{"enterText":"6aQqnNVXTR","selector":{"id":"application-managehandovers-display-component---AddNewHO--smartFilterBar-btnBasicSearch","searchOpenDialogs":true,"interaction":{"idSuffix":"I"}},"clearTextFirst":true,"interactionType":"ENTER_TEXT"}]}
COMMAND: POST /session/a0fa65e418457f6e1528b16bc1e26f2c/actions - {"actions":[{"id":"action92","type":"key","parameters":{},"actions":[{"type":"keyDown","value":"î€‡"},{"type":"pause","duration":10},{"type":"keyUp","value":"î€‡"}]}]}
RESULT: {"actions":[{"id":"action92","type":"key","parameters":{},"actions":[{"type":"keyDown","value":"î€‡"},{"type":"pause","duration":10},{"type":"keyUp","value":"î€‡"}]}]}
COMMAND: GET /session/a0fa65e418457f6e1528b16bc1e26f2c/screenshot - {}
RESULT: {}
COMMAND: POST /session/a0fa65e418457f6e1528b16bc1e26f2c/execute/async - {"script":"<script> [1562 bytes]","args":[{"selector":{"id":"application-managehandovers-display-component---AddNewHO--popup-sa","searchOpenDialogs":true,"interaction":{"idSuffix":"CbBg"}},"wdio_ui5_key":"applicationmanagehandovers-display-component---AddNewHO--popup-sa"}]}
RESULT: {"script":"<script> [1562 bytes]","args":[{"selector":{"id":"application-managehandovers-display-component---AddNewHO--popup-sa","searchOpenDialogs":true,"interaction":{"idSuffix":"CbBg"}},"wdio_ui5_key":"applicationmanagehandovers-display-component---AddNewHO--popup-sa"}]}
RESULT: undefined
COMMAND: POST /session/a0fa65e418457f6e1528b16bc1e26f2c/element - {"using":"xpath","value":"//*[@id=\"application-managehandovers-display-component---AddNewHO--popup-sa\"]"}
RESULT: {"using":"xpath","value":"//*[@id=\"application-managehandovers-display-component---AddNewHO--popup-sa\"]"}
COMMAND: POST /session/a0fa65e418457f6e1528b16bc1e26f2c/element/f.6300CB9FC90E916FB2ACF31257920715.d.D66B3395E01DC1BB5BCFB221D7CDD08E.e.28017/click - {}
RESULT: {}
COMMAND: GET /session/a0fa65e418457f6e1528b16bc1e26f2c/screenshot - {}
RESULT: {}
COMMAND: POST /session/a0fa65e418457f6e1528b16bc1e26f2c/element - {"using":"xpath","value":"//bdi[contains(text(), \"Select\")]"}
RESULT: {"using":"xpath","value":"//bdi[contains(text(), \"Select\")]"}
COMMAND: POST /session/a0fa65e418457f6e1528b16bc1e26f2c/element/f.6300CB9FC90E916FB2ACF31257920715.d.D66B3395E01DC1BB5BCFB221D7CDD08E.e.28018/click - {}
RESULT: {}
COMMAND: GET /session/a0fa65e418457f6e1528b16bc1e26f2c/screenshot - {}
RESULT: {}
COMMAND: POST /session/a0fa65e418457f6e1528b16bc1e26f2c/element - {"using":"xpath","value":"//button[@data-kt=\"AddNewHOSaveButton\"]"}
RESULT: {"using":"xpath","value":"//button[@data-kt=\"AddNewHOSaveButton\"]"}
COMMAND: POST /session/a0fa65e418457f6e1528b16bc1e26f2c/element/f.6300CB9FC90E916FB2ACF31257920715.d.D66B3395E01DC1BB5BCFB221D7CDD08E.e.28022/click - {}
RESULT: {}
COMMAND: GET /session/a0fa65e418457f6e1528b16bc1e26f2c/screenshot - {}
RESULT: {}
COMMAND: POST /session/a0fa65e418457f6e1528b16bc1e26f2c/execute/async - {"script":"<script> [1562 bytes]","args":[{"selector":{"id":"receiptDatePicker","viewName":"etm.portal.ui.managehandovers.view.DetailExecuteHO","interaction":{"idSuffix":"inner"}},"wdio_ui5_key":"receiptDatePickeretmportal.ui.managehandovers.view.DetailExecuteHO"}]}
RESULT: {"script":"<script> [1562 bytes]","args":[{"selector":{"id":"receiptDatePicker","viewName":"etm.portal.ui.managehandovers.view.DetailExecuteHO","interaction":{"idSuffix":"inner"}},"wdio_ui5_key":"receiptDatePickeretmportal.ui.managehandovers.view.DetailExecuteHO"}]}
RESULT: undefined
COMMAND: POST /session/a0fa65e418457f6e1528b16bc1e26f2c/execute/async - {"script":"<script> [6424 bytes]","args":[{"element-6066-11e4-a52e-4f735466cecf":"f.6300CB9FC90E916FB2ACF31257920715.d.D66B3395E01DC1BB5BCFB221D7CDD08E.e.28042"},"setValue",["5/17/25"]]}
RESULT: {"script":"<script> [6424 bytes]","args":[{"element-6066-11e4-a52e-4f735466cecf":"f.6300CB9FC90E916FB2ACF31257920715.d.D66B3395E01DC1BB5BCFB221D7CDD08E.e.28042"},"setValue",["5/17/25"]]}
COMMAND: POST /session/a0fa65e418457f6e1528b16bc1e26f2c/element - {"using":"xpath","value":"//button[@data-kt=\"PickingTableConfirmAllButton\"]"}
RESULT: {"using":"xpath","value":"//button[@data-kt=\"PickingTableConfirmAllButton\"]"}
COMMAND: POST /session/a0fa65e418457f6e1528b16bc1e26f2c/element/f.6300CB9FC90E916FB2ACF31257920715.d.D66B3395E01DC1BB5BCFB221D7CDD08E.e.28057/click - {}
RESULT: {}
COMMAND: GET /session/a0fa65e418457f6e1528b16bc1e26f2c/screenshot - {}
RESULT: {}
COMMAND: POST /session/a0fa65e418457f6e1528b16bc1e26f2c/element - {"using":"xpath","value":"//bdi[contains(text(), \"OK\")]"}
RESULT: {"using":"xpath","value":"//bdi[contains(text(), \"OK\")]"}
COMMAND: POST /session/a0fa65e418457f6e1528b16bc1e26f2c/element/f.6300CB9FC90E916FB2ACF31257920715.d.D66B3395E01DC1BB5BCFB221D7CDD08E.e.28059/click - {}
RESULT: {}
COMMAND: GET /session/a0fa65e418457f6e1528b16bc1e26f2c/screenshot - {}
RESULT: {}
COMMAND: POST /session/a0fa65e418457f6e1528b16bc1e26f2c/element - {"using":"xpath","value":"(//bdi[contains(text(), \"Receive\")])[2]"}
RESULT: {"using":"xpath","value":"(//bdi[contains(text(), \"Receive\")])[2]"}
COMMAND: POST /session/a0fa65e418457f6e1528b16bc1e26f2c/element/f.6300CB9FC90E916FB2ACF31257920715.d.D66B3395E01DC1BB5BCFB221D7CDD08E.e.28061/click - {}
RESULT: {}
COMMAND: GET /session/a0fa65e418457f6e1528b16bc1e26f2c/screenshot - {}
RESULT: {}
COMMAND: POST /session/a0fa65e418457f6e1528b16bc1e26f2c/element - {"using":"css selector","value":"#shell-header-logo"}
RESULT: {"using":"css selector","value":"#shell-header-logo"}
COMMAND: POST /session/a0fa65e418457f6e1528b16bc1e26f2c/element/f.6300CB9FC90E916FB2ACF31257920715.d.D66B3395E01DC1BB5BCFB221D7CDD08E.e.27440/click - {}
RESULT: {}
COMMAND: GET /session/a0fa65e418457f6e1528b16bc1e26f2c/screenshot - {}
RESULT: {}
]]></system-out>
    </testcase>
    <testcase classname="chrome.136_0_7103_93.windows.Transfer_Yard_to_Yard_US131076" name="Should do a stock increase handover for equipment multipart" time="90.671">
      <system-out><![CDATA[
RESULT: undefined
COMMAND: POST /session/a0fa65e418457f6e1528b16bc1e26f2c/element - {"using":"xpath","value":"//*[@id=\"__tile132\"]"}
RESULT: {"using":"xpath","value":"//*[@id=\"__tile132\"]"}
COMMAND: POST /session/a0fa65e418457f6e1528b16bc1e26f2c/element/f.6300CB9FC90E916FB2ACF31257920715.d.D66B3395E01DC1BB5BCFB221D7CDD08E.e.25407/click - {}
RESULT: {}
COMMAND: GET /session/a0fa65e418457f6e1528b16bc1e26f2c/screenshot - {}
RESULT: {}
COMMAND: POST /session/a0fa65e418457f6e1528b16bc1e26f2c/elements - {"using":"xpath","value":"//span[text()='Error']"}
RESULT: {"using":"xpath","value":"//span[text()='Error']"}
COMMAND: POST /session/a0fa65e418457f6e1528b16bc1e26f2c/element - {"using":"xpath","value":"//button[@data-kt=\"masterHOAddButton\"]"}
RESULT: {"using":"xpath","value":"//button[@data-kt=\"masterHOAddButton\"]"}
COMMAND: POST /session/a0fa65e418457f6e1528b16bc1e26f2c/elements - {"using":"xpath","value":"//button[@data-kt=\"masterHOAddButton\"]"}
RESULT: {"using":"xpath","value":"//button[@data-kt=\"masterHOAddButton\"]"}
COMMAND: POST /session/a0fa65e418457f6e1528b16bc1e26f2c/execute/sync - {"script":"<script> [8489 bytes]","args":[{"element-6066-11e4-a52e-4f735466cecf":"f.6300CB9FC90E916FB2ACF31257920715.d.D66B3395E01DC1BB5BCFB221D7CDD08E.e.28288","ELEMENT":"f.6300CB9FC90E916FB2ACF31257920715.d.D66B3395E01DC1BB5BCFB221D7CDD08E.e.28288"}]}
RESULT: {"script":"<script> [8489 bytes]","args":[{"element-6066-11e4-a52e-4f735466cecf":"f.6300CB9FC90E916FB2ACF31257920715.d.D66B3395E01DC1BB5BCFB221D7CDD08E.e.28288","ELEMENT":"f.6300CB9FC90E916FB2ACF31257920715.d.D66B3395E01DC1BB5BCFB221D7CDD08E.e.28288"}]}
COMMAND: GET /session/a0fa65e418457f6e1528b16bc1e26f2c/element/f.6300CB9FC90E916FB2ACF31257920715.d.D66B3395E01DC1BB5BCFB221D7CDD08E.e.28288/enabled - {}
COMMAND: GET /session/a0fa65e418457f6e1528b16bc1e26f2c/screenshot - {}
RESULT: {}
COMMAND: POST /session/a0fa65e418457f6e1528b16bc1e26f2c/execute/sync - {"script":"<script> [8489 bytes]","args":[{"element-6066-11e4-a52e-4f735466cecf":"f.6300CB9FC90E916FB2ACF31257920715.d.D66B3395E01DC1BB5BCFB221D7CDD08E.e.28288","ELEMENT":"f.6300CB9FC90E916FB2ACF31257920715.d.D66B3395E01DC1BB5BCFB221D7CDD08E.e.28288"}]}
COMMAND: GET /session/a0fa65e418457f6e1528b16bc1e26f2c/screenshot - {}
RESULT: {}
RESULT: {"script":"<script> [8489 bytes]","args":[{"element-6066-11e4-a52e-4f735466cecf":"f.6300CB9FC90E916FB2ACF31257920715.d.D66B3395E01DC1BB5BCFB221D7CDD08E.e.28288","ELEMENT":"f.6300CB9FC90E916FB2ACF31257920715.d.D66B3395E01DC1BB5BCFB221D7CDD08E.e.28288"}]}
COMMAND: POST /session/a0fa65e418457f6e1528b16bc1e26f2c/execute/sync - {"script":"<script> [5351 bytes]","args":[{"element-6066-11e4-a52e-4f735466cecf":"f.6300CB9FC90E916FB2ACF31257920715.d.D66B3395E01DC1BB5BCFB221D7CDD08E.e.28288","ELEMENT":"f.6300CB9FC90E916FB2ACF31257920715.d.D66B3395E01DC1BB5BCFB221D7CDD08E.e.28288"}]}
COMMAND: GET /session/a0fa65e418457f6e1528b16bc1e26f2c/screenshot - {}
RESULT: {}
RESULT: {"script":"<script> [5351 bytes]","args":[{"element-6066-11e4-a52e-4f735466cecf":"f.6300CB9FC90E916FB2ACF31257920715.d.D66B3395E01DC1BB5BCFB221D7CDD08E.e.28288","ELEMENT":"f.6300CB9FC90E916FB2ACF31257920715.d.D66B3395E01DC1BB5BCFB221D7CDD08E.e.28288"}]}
COMMAND: POST /session/a0fa65e418457f6e1528b16bc1e26f2c/element/f.6300CB9FC90E916FB2ACF31257920715.d.D66B3395E01DC1BB5BCFB221D7CDD08E.e.28288/click - {}
COMMAND: GET /session/a0fa65e418457f6e1528b16bc1e26f2c/screenshot - {}
RESULT: {}
RESULT: {}
COMMAND: GET /session/a0fa65e418457f6e1528b16bc1e26f2c/screenshot - {}
RESULT: {}
COMMAND: POST /session/a0fa65e418457f6e1528b16bc1e26f2c/element - {"using":"xpath","value":"//span[contains(@id ,\"AddNewHO--typeSelect-arrow\")]"}
RESULT: {}
RESULT: {"using":"xpath","value":"//span[contains(@id ,\"AddNewHO--typeSelect-arrow\")]"}
COMMAND: POST /session/a0fa65e418457f6e1528b16bc1e26f2c/element/f.6300CB9FC90E916FB2ACF31257920715.d.D66B3395E01DC1BB5BCFB221D7CDD08E.e.28703/click - {}
RESULT: {}
COMMAND: GET /session/a0fa65e418457f6e1528b16bc1e26f2c/screenshot - {}
RESULT: {}
COMMAND: POST /session/a0fa65e418457f6e1528b16bc1e26f2c/element - {"using":"xpath","value":"(//li[contains(text(), \"stock increase yard\")])[1]"}
RESULT: {"using":"xpath","value":"(//li[contains(text(), \"stock increase yard\")])[1]"}
COMMAND: POST /session/a0fa65e418457f6e1528b16bc1e26f2c/element/f.6300CB9FC90E916FB2ACF31257920715.d.D66B3395E01DC1BB5BCFB221D7CDD08E.e.28704/click - {}
RESULT: {}
COMMAND: GET /session/a0fa65e418457f6e1528b16bc1e26f2c/screenshot - {}
RESULT: {}
RESULT: undefined
COMMAND: POST /session/a0fa65e418457f6e1528b16bc1e26f2c/execute/async - {"script":"<script> [6424 bytes]","args":[{"element-6066-11e4-a52e-4f735466cecf":"f.6300CB9FC90E916FB2ACF31257920715.d.D66B3395E01DC1BB5BCFB221D7CDD08E.e.27838"},"setValue",["5/17/25"]]}
COMMAND: POST /session/a0fa65e418457f6e1528b16bc1e26f2c/execute/async - {"script":"<script> [1562 bytes]","args":[{"selector":{"id":"application-managehandovers-display-component---AddNewHO--dueDate","interaction":{"idSuffix":"inner"}},"wdio_ui5_key":"applicationmanagehandovers-display-component---AddNewHO--dueDate"}]}
RESULT: {"script":"<script> [1562 bytes]","args":[{"selector":{"id":"application-managehandovers-display-component---AddNewHO--dueDate","interaction":{"idSuffix":"inner"}},"wdio_ui5_key":"applicationmanagehandovers-display-component---AddNewHO--dueDate"}]}
COMMAND: POST /session/a0fa65e418457f6e1528b16bc1e26f2c/execute/async - {"script":"<script> [6424 bytes]","args":[{"element-6066-11e4-a52e-4f735466cecf":"f.6300CB9FC90E916FB2ACF31257920715.d.D66B3395E01DC1BB5BCFB221D7CDD08E.e.28706"},"setValue",["5/17/25"]]}
RESULT: {"script":"<script> [6424 bytes]","args":[{"element-6066-11e4-a52e-4f735466cecf":"f.6300CB9FC90E916FB2ACF31257920715.d.D66B3395E01DC1BB5BCFB221D7CDD08E.e.28706"},"setValue",["5/17/25"]]}
COMMAND: POST /session/a0fa65e418457f6e1528b16bc1e26f2c/element - {"using":"xpath","value":"//input[@id=\"generalSectionFrg--receiveYard-inner\"]"}
RESULT: {"using":"xpath","value":"//input[@id=\"generalSectionFrg--receiveYard-inner\"]"}
COMMAND: POST /session/a0fa65e418457f6e1528b16bc1e26f2c/element/f.6300CB9FC90E916FB2ACF31257920715.d.D66B3395E01DC1BB5BCFB221D7CDD08E.e.28710/clear - {}
RESULT: {}
COMMAND: POST /session/a0fa65e418457f6e1528b16bc1e26f2c/element/f.6300CB9FC90E916FB2ACF31257920715.d.D66B3395E01DC1BB5BCFB221D7CDD08E.e.28710/value - {"text":"500"}
COMMAND: GET /session/a0fa65e418457f6e1528b16bc1e26f2c/screenshot - {}
RESULT: {"text":"500"}
COMMAND: GET /session/a0fa65e418457f6e1528b16bc1e26f2c/screenshot - {}
RESULT: {}
RESULT: {}
COMMAND: POST /session/a0fa65e418457f6e1528b16bc1e26f2c/element - {"using":"xpath","value":"//li[.//span[text()='500']]"}
RESULT: {"using":"xpath","value":"//li[.//span[text()='500']]"}
COMMAND: POST /session/a0fa65e418457f6e1528b16bc1e26f2c/element/f.6300CB9FC90E916FB2ACF31257920715.d.D66B3395E01DC1BB5BCFB221D7CDD08E.e.28728/click - {}
RESULT: {}
COMMAND: GET /session/a0fa65e418457f6e1528b16bc1e26f2c/screenshot - {}
RESULT: {}
RESULT: undefined
COMMAND: POST /session/a0fa65e418457f6e1528b16bc1e26f2c/element - {"using":"xpath","value":"//*[@id=\"application-managehandovers-display-component---AddNewHO--ObjectPageLayout-anchBar-application-managehandovers-display-component---AddNewHO--section4-anchor\"]"}
RESULT: {"using":"xpath","value":"//*[@id=\"application-managehandovers-display-component---AddNewHO--ObjectPageLayout-anchBar-application-managehandovers-display-component---AddNewHO--section4-anchor\"]"}
COMMAND: POST /session/a0fa65e418457f6e1528b16bc1e26f2c/element/f.6300CB9FC90E916FB2ACF31257920715.d.D66B3395E01DC1BB5BCFB221D7CDD08E.e.28729/click - {}
RESULT: {}
COMMAND: POST /session/a0fa65e418457f6e1528b16bc1e26f2c/element - {"using":"xpath","value":"//button[@aria-label=\"Add\"]"}
COMMAND: GET /session/a0fa65e418457f6e1528b16bc1e26f2c/screenshot - {}
RESULT: {"using":"xpath","value":"//button[@aria-label=\"Add\"]"}
COMMAND: POST /session/a0fa65e418457f6e1528b16bc1e26f2c/element/f.6300CB9FC90E916FB2ACF31257920715.d.D66B3395E01DC1BB5BCFB221D7CDD08E.e.28732/click - {}
RESULT: {}
RESULT: {}
COMMAND: GET /session/a0fa65e418457f6e1528b16bc1e26f2c/screenshot - {}
RESULT: {}
RESULT: undefined
COMMAND: POST /session/a0fa65e418457f6e1528b16bc1e26f2c/execute/async - {"script":"<script> [776 bytes]","args":[{"enterText":"400040","selector":{"id":"application-managehandovers-display-component---AddNewHO--smartFilterBar-btnBasicSearch","searchOpenDialogs":true,"interaction":{"idSuffix":"I"}},"clearTextFirst":true,"interactionType":"ENTER_TEXT"}]}
RESULT: {"script":"<script> [776 bytes]","args":[{"enterText":"400040","selector":{"id":"application-managehandovers-display-component---AddNewHO--smartFilterBar-btnBasicSearch","searchOpenDialogs":true,"interaction":{"idSuffix":"I"}},"clearTextFirst":true,"interactionType":"ENTER_TEXT"}]}
COMMAND: POST /session/a0fa65e418457f6e1528b16bc1e26f2c/actions - {"actions":[{"id":"action93","type":"key","parameters":{},"actions":[{"type":"keyDown","value":"î€‡"},{"type":"pause","duration":10},{"type":"keyUp","value":"î€‡"}]}]}
RESULT: {"actions":[{"id":"action93","type":"key","parameters":{},"actions":[{"type":"keyDown","value":"î€‡"},{"type":"pause","duration":10},{"type":"keyUp","value":"î€‡"}]}]}
COMMAND: GET /session/a0fa65e418457f6e1528b16bc1e26f2c/screenshot - {}
RESULT: {}
RESULT: undefined
COMMAND: POST /session/a0fa65e418457f6e1528b16bc1e26f2c/element - {"using":"xpath","value":"//*[@id=\"application-managehandovers-display-component---AddNewHO--popup-sa\"]"}
RESULT: {"using":"xpath","value":"//*[@id=\"application-managehandovers-display-component---AddNewHO--popup-sa\"]"}
COMMAND: POST /session/a0fa65e418457f6e1528b16bc1e26f2c/element/f.6300CB9FC90E916FB2ACF31257920715.d.D66B3395E01DC1BB5BCFB221D7CDD08E.e.28882/click - {}
RESULT: {}
COMMAND: GET /session/a0fa65e418457f6e1528b16bc1e26f2c/screenshot - {}
RESULT: {}
COMMAND: POST /session/a0fa65e418457f6e1528b16bc1e26f2c/element - {"using":"xpath","value":"//bdi[contains(text(), \"Select\")]"}
RESULT: {"using":"xpath","value":"//bdi[contains(text(), \"Select\")]"}
COMMAND: POST /session/a0fa65e418457f6e1528b16bc1e26f2c/element/f.6300CB9FC90E916FB2ACF31257920715.d.D66B3395E01DC1BB5BCFB221D7CDD08E.e.28883/click - {}
RESULT: {}
COMMAND: GET /session/a0fa65e418457f6e1528b16bc1e26f2c/screenshot - {}
RESULT: {}
COMMAND: POST /session/a0fa65e418457f6e1528b16bc1e26f2c/element - {"using":"xpath","value":"//button[@data-kt=\"AddNewHOSaveButton\"]"}
RESULT: {"using":"xpath","value":"//button[@data-kt=\"AddNewHOSaveButton\"]"}
COMMAND: POST /session/a0fa65e418457f6e1528b16bc1e26f2c/element/f.6300CB9FC90E916FB2ACF31257920715.d.D66B3395E01DC1BB5BCFB221D7CDD08E.e.28887/click - {}
RESULT: {}
COMMAND: GET /session/a0fa65e418457f6e1528b16bc1e26f2c/screenshot - {}
RESULT: {}
RESULT: undefined
COMMAND: POST /session/a0fa65e418457f6e1528b16bc1e26f2c/execute/async - {"script":"<script> [6424 bytes]","args":[{"element-6066-11e4-a52e-4f735466cecf":"f.6300CB9FC90E916FB2ACF31257920715.d.D66B3395E01DC1BB5BCFB221D7CDD08E.e.28042"},"setValue",["5/17/25"]]}
COMMAND: POST /session/a0fa65e418457f6e1528b16bc1e26f2c/execute/async - {"script":"<script> [1562 bytes]","args":[{"selector":{"id":"receiptDatePicker","viewName":"etm.portal.ui.managehandovers.view.DetailExecuteHO","interaction":{"idSuffix":"inner"}},"wdio_ui5_key":"receiptDatePickeretmportal.ui.managehandovers.view.DetailExecuteHO"}]}
RESULT: {"script":"<script> [1562 bytes]","args":[{"selector":{"id":"receiptDatePicker","viewName":"etm.portal.ui.managehandovers.view.DetailExecuteHO","interaction":{"idSuffix":"inner"}},"wdio_ui5_key":"receiptDatePickeretmportal.ui.managehandovers.view.DetailExecuteHO"}]}
COMMAND: POST /session/a0fa65e418457f6e1528b16bc1e26f2c/execute/async - {"script":"<script> [6424 bytes]","args":[{"element-6066-11e4-a52e-4f735466cecf":"f.6300CB9FC90E916FB2ACF31257920715.d.D66B3395E01DC1BB5BCFB221D7CDD08E.e.28907"},"setValue",["5/17/25"]]}
RESULT: {"script":"<script> [6424 bytes]","args":[{"element-6066-11e4-a52e-4f735466cecf":"f.6300CB9FC90E916FB2ACF31257920715.d.D66B3395E01DC1BB5BCFB221D7CDD08E.e.28907"},"setValue",["5/17/25"]]}
COMMAND: POST /session/a0fa65e418457f6e1528b16bc1e26f2c/element - {"using":"xpath","value":"//button[@data-kt=\"PickingTableConfirmAllButton\"]"}
RESULT: {"using":"xpath","value":"//button[@data-kt=\"PickingTableConfirmAllButton\"]"}
COMMAND: POST /session/a0fa65e418457f6e1528b16bc1e26f2c/element/f.6300CB9FC90E916FB2ACF31257920715.d.D66B3395E01DC1BB5BCFB221D7CDD08E.e.28921/click - {}
RESULT: {}
COMMAND: GET /session/a0fa65e418457f6e1528b16bc1e26f2c/screenshot - {}
RESULT: {}
COMMAND: POST /session/a0fa65e418457f6e1528b16bc1e26f2c/element - {"using":"xpath","value":"//bdi[contains(text(), \"OK\")]"}
RESULT: {"using":"xpath","value":"//bdi[contains(text(), \"OK\")]"}
COMMAND: POST /session/a0fa65e418457f6e1528b16bc1e26f2c/element/f.6300CB9FC90E916FB2ACF31257920715.d.D66B3395E01DC1BB5BCFB221D7CDD08E.e.28923/click - {}
RESULT: {}
COMMAND: GET /session/a0fa65e418457f6e1528b16bc1e26f2c/screenshot - {}
RESULT: {}
COMMAND: POST /session/a0fa65e418457f6e1528b16bc1e26f2c/element - {"using":"xpath","value":"(//bdi[contains(text(), \"Receive\")])[2]"}
RESULT: {"using":"xpath","value":"(//bdi[contains(text(), \"Receive\")])[2]"}
COMMAND: POST /session/a0fa65e418457f6e1528b16bc1e26f2c/element/f.6300CB9FC90E916FB2ACF31257920715.d.D66B3395E01DC1BB5BCFB221D7CDD08E.e.28925/click - {}
RESULT: {}
COMMAND: GET /session/a0fa65e418457f6e1528b16bc1e26f2c/screenshot - {}
RESULT: {}
COMMAND: POST /session/a0fa65e418457f6e1528b16bc1e26f2c/element - {"using":"css selector","value":"#shell-header-logo"}
RESULT: {"using":"css selector","value":"#shell-header-logo"}
COMMAND: POST /session/a0fa65e418457f6e1528b16bc1e26f2c/element/f.6300CB9FC90E916FB2ACF31257920715.d.D66B3395E01DC1BB5BCFB221D7CDD08E.e.28252/click - {}
RESULT: {}
COMMAND: GET /session/a0fa65e418457f6e1528b16bc1e26f2c/screenshot - {}
RESULT: {}
]]></system-out>
    </testcase>
    <testcase classname="chrome.136_0_7103_93.windows.Transfer_Yard_to_Yard_US131076" name="Should create a yard to yard transfer handover" time="121.674">
      <system-out><![CDATA[
RESULT: undefined
COMMAND: POST /session/a0fa65e418457f6e1528b16bc1e26f2c/element - {"using":"xpath","value":"//*[@id=\"__tile132\"]"}
RESULT: {"using":"xpath","value":"//*[@id=\"__tile132\"]"}
COMMAND: POST /session/a0fa65e418457f6e1528b16bc1e26f2c/element/f.6300CB9FC90E916FB2ACF31257920715.d.D66B3395E01DC1BB5BCFB221D7CDD08E.e.25407/click - {}
RESULT: {}
COMMAND: GET /session/a0fa65e418457f6e1528b16bc1e26f2c/screenshot - {}
RESULT: {}
COMMAND: POST /session/a0fa65e418457f6e1528b16bc1e26f2c/elements - {"using":"xpath","value":"//span[text()='Error']"}
RESULT: {"using":"xpath","value":"//span[text()='Error']"}
COMMAND: POST /session/a0fa65e418457f6e1528b16bc1e26f2c/element - {"using":"xpath","value":"//button[@data-kt=\"masterHOAddButton\"]"}
RESULT: {"using":"xpath","value":"//button[@data-kt=\"masterHOAddButton\"]"}
COMMAND: POST /session/a0fa65e418457f6e1528b16bc1e26f2c/elements - {"using":"xpath","value":"//button[@data-kt=\"masterHOAddButton\"]"}
RESULT: {"using":"xpath","value":"//button[@data-kt=\"masterHOAddButton\"]"}
COMMAND: POST /session/a0fa65e418457f6e1528b16bc1e26f2c/execute/sync - {"script":"<script> [8489 bytes]","args":[{"element-6066-11e4-a52e-4f735466cecf":"f.6300CB9FC90E916FB2ACF31257920715.d.D66B3395E01DC1BB5BCFB221D7CDD08E.e.29124","ELEMENT":"f.6300CB9FC90E916FB2ACF31257920715.d.D66B3395E01DC1BB5BCFB221D7CDD08E.e.29124"}]}
RESULT: {"script":"<script> [8489 bytes]","args":[{"element-6066-11e4-a52e-4f735466cecf":"f.6300CB9FC90E916FB2ACF31257920715.d.D66B3395E01DC1BB5BCFB221D7CDD08E.e.29124","ELEMENT":"f.6300CB9FC90E916FB2ACF31257920715.d.D66B3395E01DC1BB5BCFB221D7CDD08E.e.29124"}]}
COMMAND: GET /session/a0fa65e418457f6e1528b16bc1e26f2c/element/f.6300CB9FC90E916FB2ACF31257920715.d.D66B3395E01DC1BB5BCFB221D7CDD08E.e.29124/enabled - {}
COMMAND: GET /session/a0fa65e418457f6e1528b16bc1e26f2c/screenshot - {}
RESULT: {}
COMMAND: POST /session/a0fa65e418457f6e1528b16bc1e26f2c/execute/sync - {"script":"<script> [8489 bytes]","args":[{"element-6066-11e4-a52e-4f735466cecf":"f.6300CB9FC90E916FB2ACF31257920715.d.D66B3395E01DC1BB5BCFB221D7CDD08E.e.29124","ELEMENT":"f.6300CB9FC90E916FB2ACF31257920715.d.D66B3395E01DC1BB5BCFB221D7CDD08E.e.29124"}]}
COMMAND: GET /session/a0fa65e418457f6e1528b16bc1e26f2c/screenshot - {}
RESULT: {}
RESULT: {"script":"<script> [8489 bytes]","args":[{"element-6066-11e4-a52e-4f735466cecf":"f.6300CB9FC90E916FB2ACF31257920715.d.D66B3395E01DC1BB5BCFB221D7CDD08E.e.29124","ELEMENT":"f.6300CB9FC90E916FB2ACF31257920715.d.D66B3395E01DC1BB5BCFB221D7CDD08E.e.29124"}]}
COMMAND: POST /session/a0fa65e418457f6e1528b16bc1e26f2c/execute/sync - {"script":"<script> [5351 bytes]","args":[{"element-6066-11e4-a52e-4f735466cecf":"f.6300CB9FC90E916FB2ACF31257920715.d.D66B3395E01DC1BB5BCFB221D7CDD08E.e.29124","ELEMENT":"f.6300CB9FC90E916FB2ACF31257920715.d.D66B3395E01DC1BB5BCFB221D7CDD08E.e.29124"}]}
COMMAND: GET /session/a0fa65e418457f6e1528b16bc1e26f2c/screenshot - {}
RESULT: {}
RESULT: {"script":"<script> [5351 bytes]","args":[{"element-6066-11e4-a52e-4f735466cecf":"f.6300CB9FC90E916FB2ACF31257920715.d.D66B3395E01DC1BB5BCFB221D7CDD08E.e.29124","ELEMENT":"f.6300CB9FC90E916FB2ACF31257920715.d.D66B3395E01DC1BB5BCFB221D7CDD08E.e.29124"}]}
COMMAND: POST /session/a0fa65e418457f6e1528b16bc1e26f2c/element/f.6300CB9FC90E916FB2ACF31257920715.d.D66B3395E01DC1BB5BCFB221D7CDD08E.e.29124/click - {}
COMMAND: GET /session/a0fa65e418457f6e1528b16bc1e26f2c/screenshot - {}
RESULT: {}
RESULT: {}
COMMAND: GET /session/a0fa65e418457f6e1528b16bc1e26f2c/screenshot - {}
RESULT: {}
COMMAND: POST /session/a0fa65e418457f6e1528b16bc1e26f2c/element - {"using":"xpath","value":"//span[contains(@id ,\"AddNewHO--typeSelect-arrow\")]"}
RESULT: {}
RESULT: {"using":"xpath","value":"//span[contains(@id ,\"AddNewHO--typeSelect-arrow\")]"}
COMMAND: POST /session/a0fa65e418457f6e1528b16bc1e26f2c/element/f.6300CB9FC90E916FB2ACF31257920715.d.D66B3395E01DC1BB5BCFB221D7CDD08E.e.29549/click - {}
RESULT: {}
COMMAND: GET /session/a0fa65e418457f6e1528b16bc1e26f2c/screenshot - {}
RESULT: {}
COMMAND: POST /session/a0fa65e418457f6e1528b16bc1e26f2c/element - {"using":"xpath","value":"(//li[contains(text(), \"transfer\")])[1]"}
RESULT: {"using":"xpath","value":"(//li[contains(text(), \"transfer\")])[1]"}
COMMAND: POST /session/a0fa65e418457f6e1528b16bc1e26f2c/element/f.6300CB9FC90E916FB2ACF31257920715.d.D66B3395E01DC1BB5BCFB221D7CDD08E.e.29550/click - {}
RESULT: {}
COMMAND: GET /session/a0fa65e418457f6e1528b16bc1e26f2c/screenshot - {}
RESULT: {}
RESULT: undefined
COMMAND: POST /session/a0fa65e418457f6e1528b16bc1e26f2c/execute/async - {"script":"<script> [6424 bytes]","args":[{"element-6066-11e4-a52e-4f735466cecf":"f.6300CB9FC90E916FB2ACF31257920715.d.D66B3395E01DC1BB5BCFB221D7CDD08E.e.27838"},"setValue",["05/17/25"]]}
COMMAND: POST /session/a0fa65e418457f6e1528b16bc1e26f2c/execute/async - {"script":"<script> [1562 bytes]","args":[{"selector":{"id":"application-managehandovers-display-component---AddNewHO--dueDate","interaction":{"idSuffix":"inner"}},"wdio_ui5_key":"applicationmanagehandovers-display-component---AddNewHO--dueDate"}]}
RESULT: {"script":"<script> [1562 bytes]","args":[{"selector":{"id":"application-managehandovers-display-component---AddNewHO--dueDate","interaction":{"idSuffix":"inner"}},"wdio_ui5_key":"applicationmanagehandovers-display-component---AddNewHO--dueDate"}]}
COMMAND: POST /session/a0fa65e418457f6e1528b16bc1e26f2c/execute/async - {"script":"<script> [6424 bytes]","args":[{"element-6066-11e4-a52e-4f735466cecf":"f.6300CB9FC90E916FB2ACF31257920715.d.D66B3395E01DC1BB5BCFB221D7CDD08E.e.29552"},"setValue",["05/17/25"]]}
RESULT: {"script":"<script> [6424 bytes]","args":[{"element-6066-11e4-a52e-4f735466cecf":"f.6300CB9FC90E916FB2ACF31257920715.d.D66B3395E01DC1BB5BCFB221D7CDD08E.e.29552"},"setValue",["05/17/25"]]}
COMMAND: POST /session/a0fa65e418457f6e1528b16bc1e26f2c/element - {"using":"xpath","value":"//input[@id=\"generalSectionFrg--sendYard-inner\"]"}
RESULT: {"using":"xpath","value":"//input[@id=\"generalSectionFrg--sendYard-inner\"]"}
COMMAND: POST /session/a0fa65e418457f6e1528b16bc1e26f2c/element/f.6300CB9FC90E916FB2ACF31257920715.d.D66B3395E01DC1BB5BCFB221D7CDD08E.e.29556/clear - {}
RESULT: {}
COMMAND: POST /session/a0fa65e418457f6e1528b16bc1e26f2c/element/f.6300CB9FC90E916FB2ACF31257920715.d.D66B3395E01DC1BB5BCFB221D7CDD08E.e.29556/value - {"text":"500"}
COMMAND: GET /session/a0fa65e418457f6e1528b16bc1e26f2c/screenshot - {}
RESULT: {"text":"500"}
COMMAND: GET /session/a0fa65e418457f6e1528b16bc1e26f2c/screenshot - {}
RESULT: {}
RESULT: {}
COMMAND: POST /session/a0fa65e418457f6e1528b16bc1e26f2c/element - {"using":"xpath","value":"//li[.//span[text()='500']]"}
RESULT: {"using":"xpath","value":"//li[.//span[text()='500']]"}
COMMAND: POST /session/a0fa65e418457f6e1528b16bc1e26f2c/element/f.6300CB9FC90E916FB2ACF31257920715.d.D66B3395E01DC1BB5BCFB221D7CDD08E.e.29575/click - {}
RESULT: {}
COMMAND: GET /session/a0fa65e418457f6e1528b16bc1e26f2c/screenshot - {}
RESULT: {}
COMMAND: POST /session/a0fa65e418457f6e1528b16bc1e26f2c/element - {"using":"xpath","value":"//input[@id=\"generalSectionFrg--receiveYard-inner\"]"}
RESULT: {"using":"xpath","value":"//input[@id=\"generalSectionFrg--receiveYard-inner\"]"}
COMMAND: POST /session/a0fa65e418457f6e1528b16bc1e26f2c/element/f.6300CB9FC90E916FB2ACF31257920715.d.D66B3395E01DC1BB5BCFB221D7CDD08E.e.29557/clear - {}
RESULT: {}
COMMAND: POST /session/a0fa65e418457f6e1528b16bc1e26f2c/element/f.6300CB9FC90E916FB2ACF31257920715.d.D66B3395E01DC1BB5BCFB221D7CDD08E.e.29557/value - {"text":"504"}
COMMAND: GET /session/a0fa65e418457f6e1528b16bc1e26f2c/screenshot - {}
RESULT: {"text":"504"}
COMMAND: GET /session/a0fa65e418457f6e1528b16bc1e26f2c/screenshot - {}
RESULT: {}
RESULT: {}
COMMAND: POST /session/a0fa65e418457f6e1528b16bc1e26f2c/element - {"using":"xpath","value":"//li[.//span[text()='504']]"}
RESULT: {"using":"xpath","value":"//li[.//span[text()='504']]"}
COMMAND: POST /session/a0fa65e418457f6e1528b16bc1e26f2c/element/f.6300CB9FC90E916FB2ACF31257920715.d.D66B3395E01DC1BB5BCFB221D7CDD08E.e.29577/click - {}
RESULT: {}
COMMAND: GET /session/a0fa65e418457f6e1528b16bc1e26f2c/screenshot - {}
RESULT: {}
RESULT: undefined
COMMAND: POST /session/a0fa65e418457f6e1528b16bc1e26f2c/element - {"using":"xpath","value":"//*[@id=\"application-managehandovers-display-component---AddNewHO--ObjectPageLayout-anchBar-application-managehandovers-display-component---AddNewHO--section4-anchor\"]"}
RESULT: {"using":"xpath","value":"//*[@id=\"application-managehandovers-display-component---AddNewHO--ObjectPageLayout-anchBar-application-managehandovers-display-component---AddNewHO--section4-anchor\"]"}
COMMAND: POST /session/a0fa65e418457f6e1528b16bc1e26f2c/element/f.6300CB9FC90E916FB2ACF31257920715.d.D66B3395E01DC1BB5BCFB221D7CDD08E.e.29578/click - {}
RESULT: {}
COMMAND: GET /session/a0fa65e418457f6e1528b16bc1e26f2c/screenshot - {}
RESULT: {}
COMMAND: POST /session/a0fa65e418457f6e1528b16bc1e26f2c/element - {"using":"xpath","value":"//button[@data-kt=\"AddNewHOProvideAddItemsButton\"]"}
RESULT: {"using":"xpath","value":"//button[@data-kt=\"AddNewHOProvideAddItemsButton\"]"}
COMMAND: POST /session/a0fa65e418457f6e1528b16bc1e26f2c/element/f.6300CB9FC90E916FB2ACF31257920715.d.D66B3395E01DC1BB5BCFB221D7CDD08E.e.29581/click - {}
RESULT: {}
COMMAND: GET /session/a0fa65e418457f6e1528b16bc1e26f2c/screenshot - {}
RESULT: {}
COMMAND: POST /session/a0fa65e418457f6e1528b16bc1e26f2c/element - {"using":"xpath","value":"//div[contains(@id,\"AddNewHO--TransferHOTypesRuDialogTable-sa-CbBg\")]"}
RESULT: {"using":"xpath","value":"//div[contains(@id,\"AddNewHO--TransferHOTypesRuDialogTable-sa-CbBg\")]"}
COMMAND: POST /session/a0fa65e418457f6e1528b16bc1e26f2c/element/f.6300CB9FC90E916FB2ACF31257920715.d.D66B3395E01DC1BB5BCFB221D7CDD08E.e.29604/click - {}
RESULT: {}
COMMAND: GET /session/a0fa65e418457f6e1528b16bc1e26f2c/screenshot - {}
RESULT: {}
COMMAND: POST /session/a0fa65e418457f6e1528b16bc1e26f2c/element - {"using":"xpath","value":"//table[contains(@id,\"AddNewHO--TransferHOTypesRuDialogTable-listUl\")]/tbody/tr[1]/td[6]/div/div/input"}
RESULT: {"using":"xpath","value":"//table[contains(@id,\"AddNewHO--TransferHOTypesRuDialogTable-listUl\")]/tbody/tr[1]/td[6]/div/div/input"}
COMMAND: POST /session/a0fa65e418457f6e1528b16bc1e26f2c/element/f.6300CB9FC90E916FB2ACF31257920715.d.D66B3395E01DC1BB5BCFB221D7CDD08E.e.29601/clear - {}
RESULT: {}
COMMAND: POST /session/a0fa65e418457f6e1528b16bc1e26f2c/element/f.6300CB9FC90E916FB2ACF31257920715.d.D66B3395E01DC1BB5BCFB221D7CDD08E.e.29601/value - {"text":"1"}
COMMAND: GET /session/a0fa65e418457f6e1528b16bc1e26f2c/screenshot - {}
RESULT: {"text":"1"}
COMMAND: GET /session/a0fa65e418457f6e1528b16bc1e26f2c/screenshot - {}
RESULT: {}
RESULT: {}
COMMAND: POST /session/a0fa65e418457f6e1528b16bc1e26f2c/element - {"using":"xpath","value":"//bdi[contains(text(), \"OK\")]"}
RESULT: {"using":"xpath","value":"//bdi[contains(text(), \"OK\")]"}
COMMAND: POST /session/a0fa65e418457f6e1528b16bc1e26f2c/element/f.6300CB9FC90E916FB2ACF31257920715.d.D66B3395E01DC1BB5BCFB221D7CDD08E.e.29608/click - {}
RESULT: {}
COMMAND: GET /session/a0fa65e418457f6e1528b16bc1e26f2c/screenshot - {}
RESULT: {}
COMMAND: POST /session/a0fa65e418457f6e1528b16bc1e26f2c/execute/async - {"script":"<script> [1562 bytes]","args":[{"selector":{"id":"application-managehandovers-display-component---AddNewHO--confirmCreationButton","interaction":{"idSuffix":"BDI-content"}},"wdio_ui5_key":"applicationmanagehandovers-display-component---AddNewHO--confirmCreationButton"}]}
RESULT: {"script":"<script> [1562 bytes]","args":[{"selector":{"id":"application-managehandovers-display-component---AddNewHO--confirmCreationButton","interaction":{"idSuffix":"BDI-content"}},"wdio_ui5_key":"applicationmanagehandovers-display-component---AddNewHO--confirmCreationButton"}]}
RESULT: undefined
COMMAND: POST /session/a0fa65e418457f6e1528b16bc1e26f2c/element - {"using":"xpath","value":"//*[@id=\"application-managehandovers-display-component---AddNewHO--confirmCreationButton\"]"}
RESULT: {"using":"xpath","value":"//*[@id=\"application-managehandovers-display-component---AddNewHO--confirmCreationButton\"]"}
COMMAND: POST /session/a0fa65e418457f6e1528b16bc1e26f2c/element/f.6300CB9FC90E916FB2ACF31257920715.d.D66B3395E01DC1BB5BCFB221D7CDD08E.e.29615/click - {}
RESULT: {}
COMMAND: GET /session/a0fa65e418457f6e1528b16bc1e26f2c/screenshot - {}
RESULT: {}
COMMAND: POST /session/a0fa65e418457f6e1528b16bc1e26f2c/element - {"using":"xpath","value":"(//section[contains(@id,\"headerContentForm--FC-NoHead\")])[2]/div[1]/div[5]/div[2]/div/span"}
RESULT: {"using":"xpath","value":"(//section[contains(@id,\"headerContentForm--FC-NoHead\")])[2]/div[1]/div[5]/div[2]/div/span"}
COMMAND: POST /session/a0fa65e418457f6e1528b16bc1e26f2c/execute/sync - {"script":"<script> [56 bytes]","args":[{"element-6066-11e4-a52e-4f735466cecf":"f.6300CB9FC90E916FB2ACF31257920715.d.D66B3395E01DC1BB5BCFB221D7CDD08E.e.29685","ELEMENT":"f.6300CB9FC90E916FB2ACF31257920715.d.D66B3395E01DC1BB5BCFB221D7CDD08E.e.29685"}]}
RESULT: {"script":"<script> [56 bytes]","args":[{"element-6066-11e4-a52e-4f735466cecf":"f.6300CB9FC90E916FB2ACF31257920715.d.D66B3395E01DC1BB5BCFB221D7CDD08E.e.29685","ELEMENT":"f.6300CB9FC90E916FB2ACF31257920715.d.D66B3395E01DC1BB5BCFB221D7CDD08E.e.29685"}]}
COMMAND: POST /session/a0fa65e418457f6e1528b16bc1e26f2c/execute/async - {"script":"<script> [1562 bytes]","args":[{"selector":{"id":"issueDatePicker","viewName":"etm.portal.ui.managehandovers.view.DetailExecuteHO","interaction":{"idSuffix":"inner"}},"wdio_ui5_key":"issueDatePickeretmportal.ui.managehandovers.view.DetailExecuteHO"}]}
COMMAND: GET /session/a0fa65e418457f6e1528b16bc1e26f2c/screenshot - {}
RESULT: {"script":"<script> [1562 bytes]","args":[{"selector":{"id":"issueDatePicker","viewName":"etm.portal.ui.managehandovers.view.DetailExecuteHO","interaction":{"idSuffix":"inner"}},"wdio_ui5_key":"issueDatePickeretmportal.ui.managehandovers.view.DetailExecuteHO"}]}
RESULT: undefined
COMMAND: POST /session/a0fa65e418457f6e1528b16bc1e26f2c/execute/async - {"script":"<script> [776 bytes]","args":[{"enterText":"05/17/25","selector":{"id":"issueDatePicker","viewName":"etm.portal.ui.managehandovers.view.DetailExecuteHO","interaction":{"idSuffix":"inner"}},"clearTextFirst":true,"interactionType":"ENTER_TEXT"}]}
RESULT: {}
RESULT: {"script":"<script> [776 bytes]","args":[{"enterText":"05/17/25","selector":{"id":"issueDatePicker","viewName":"etm.portal.ui.managehandovers.view.DetailExecuteHO","interaction":{"idSuffix":"inner"}},"clearTextFirst":true,"interactionType":"ENTER_TEXT"}]}
COMMAND: POST /session/a0fa65e418457f6e1528b16bc1e26f2c/element - {"using":"xpath","value":"//bdi[contains(text(), \"OK\")]"}
RESULT: {"using":"xpath","value":"//bdi[contains(text(), \"OK\")]"}
COMMAND: POST /session/a0fa65e418457f6e1528b16bc1e26f2c/element/f.6300CB9FC90E916FB2ACF31257920715.d.D66B3395E01DC1BB5BCFB221D7CDD08E.e.29690/click - {}
RESULT: {}
COMMAND: GET /session/a0fa65e418457f6e1528b16bc1e26f2c/screenshot - {}
RESULT: {}
COMMAND: POST /session/a0fa65e418457f6e1528b16bc1e26f2c/execute/async - {"script":"<script> [1562 bytes]","args":[{"selector":{"controlType":"sap.m.Button","viewName":"etm.portal.ui.managehandovers.view.DetailExecuteHO","i18NText":{"propertyName":"text","key":"pickQty"},"interaction":{"idSuffix":"content"}},"wdio_ui5_key":"etmportal.ui.managehandovers.view.DetailExecuteHOsap.m.Button{\"propertyName\":\"text\",\"key\":\"pickQty\"}"}]}
RESULT: {"script":"<script> [1562 bytes]","args":[{"selector":{"controlType":"sap.m.Button","viewName":"etm.portal.ui.managehandovers.view.DetailExecuteHO","i18NText":{"propertyName":"text","key":"pickQty"},"interaction":{"idSuffix":"content"}},"wdio_ui5_key":"etmportal.ui.managehandovers.view.DetailExecuteHOsap.m.Button{\"propertyName\":\"text\",\"key\":\"pickQty\"}"}]}
RESULT: undefined
COMMAND: POST /session/a0fa65e418457f6e1528b16bc1e26f2c/element - {"using":"xpath","value":"//*[@id=\"__button384\"]"}
RESULT: {"using":"xpath","value":"//*[@id=\"__button384\"]"}
COMMAND: POST /session/a0fa65e418457f6e1528b16bc1e26f2c/element/f.6300CB9FC90E916FB2ACF31257920715.d.D66B3395E01DC1BB5BCFB221D7CDD08E.e.29696/click - {}
RESULT: {}
COMMAND: GET /session/a0fa65e418457f6e1528b16bc1e26f2c/screenshot - {}
RESULT: {}
COMMAND: POST /session/a0fa65e418457f6e1528b16bc1e26f2c/execute/async - {"script":"<script> [1562 bytes]","args":[{"selector":{"controlType":"sap.m.NumericInput","viewName":"etm.portal.ui.managehandovers.view.DetailExecuteHO","properties":{"value":"0"},"searchOpenDialogs":true,"interaction":{"idSuffix":"inner"}},"wdio_ui5_key":"etmportal.ui.managehandovers.view.DetailExecuteHOsap.m.NumericInput{\"value\":\"0\"}"}]}
RESULT: {"script":"<script> [1562 bytes]","args":[{"selector":{"controlType":"sap.m.NumericInput","viewName":"etm.portal.ui.managehandovers.view.DetailExecuteHO","properties":{"value":"0"},"searchOpenDialogs":true,"interaction":{"idSuffix":"inner"}},"wdio_ui5_key":"etmportal.ui.managehandovers.view.DetailExecuteHOsap.m.NumericInput{\"value\":\"0\"}"}]}
RESULT: undefined
COMMAND: POST /session/a0fa65e418457f6e1528b16bc1e26f2c/execute/async - {"script":"<script> [1562 bytes]","args":[{"selector":{"id":"statesDialog--okBttnStatesDialog","searchOpenDialogs":true,"interaction":{"idSuffix":"BDI-content"}},"wdio_ui5_key":"statesDialogokBttnStatesDialog"}]}
RESULT: {"script":"<script> [1562 bytes]","args":[{"selector":{"id":"statesDialog--okBttnStatesDialog","searchOpenDialogs":true,"interaction":{"idSuffix":"BDI-content"}},"wdio_ui5_key":"statesDialogokBttnStatesDialog"}]}
RESULT: undefined
COMMAND: POST /session/a0fa65e418457f6e1528b16bc1e26f2c/element - {"using":"xpath","value":"//*[@id=\"statesDialog--okBttnStatesDialog\"]"}
RESULT: {"using":"xpath","value":"//*[@id=\"statesDialog--okBttnStatesDialog\"]"}
COMMAND: POST /session/a0fa65e418457f6e1528b16bc1e26f2c/element/f.6300CB9FC90E916FB2ACF31257920715.d.D66B3395E01DC1BB5BCFB221D7CDD08E.e.29703/click - {}
RESULT: {}
COMMAND: GET /session/a0fa65e418457f6e1528b16bc1e26f2c/screenshot - {}
RESULT: {}
COMMAND: POST /session/a0fa65e418457f6e1528b16bc1e26f2c/element - {"using":"xpath","value":"//button[@data-kt=\"PickingTableConfirmAllButton\"]"}
RESULT: {"using":"xpath","value":"//button[@data-kt=\"PickingTableConfirmAllButton\"]"}
COMMAND: POST /session/a0fa65e418457f6e1528b16bc1e26f2c/element/f.6300CB9FC90E916FB2ACF31257920715.d.D66B3395E01DC1BB5BCFB221D7CDD08E.e.29709/click - {}
RESULT: {}
COMMAND: GET /session/a0fa65e418457f6e1528b16bc1e26f2c/screenshot - {}
RESULT: {}
COMMAND: POST /session/a0fa65e418457f6e1528b16bc1e26f2c/element - {"using":"xpath","value":"//bdi[contains(text(), \"OK\")]"}
RESULT: {"using":"xpath","value":"//bdi[contains(text(), \"OK\")]"}
COMMAND: POST /session/a0fa65e418457f6e1528b16bc1e26f2c/element/f.6300CB9FC90E916FB2ACF31257920715.d.D66B3395E01DC1BB5BCFB221D7CDD08E.e.29712/click - {}
RESULT: {}
COMMAND: GET /session/a0fa65e418457f6e1528b16bc1e26f2c/screenshot - {}
RESULT: {}
COMMAND: POST /session/a0fa65e418457f6e1528b16bc1e26f2c/element - {"using":"xpath","value":"//header[contains(@id,\"headerTitle\") and @aria-roledescription=\"Object page header\"]/div[1]/div[2]/div[1]/span"}
RESULT: {"using":"xpath","value":"//header[contains(@id,\"headerTitle\") and @aria-roledescription=\"Object page header\"]/div[1]/div[2]/div[1]/span"}
COMMAND: POST /session/a0fa65e418457f6e1528b16bc1e26f2c/elements - {"using":"xpath","value":"//header[contains(@id,\"headerTitle\") and @aria-roledescription=\"Object page header\"]/div[1]/div[2]/div[1]/span"}
RESULT: {"using":"xpath","value":"//header[contains(@id,\"headerTitle\") and @aria-roledescription=\"Object page header\"]/div[1]/div[2]/div[1]/span"}
COMMAND: POST /session/a0fa65e418457f6e1528b16bc1e26f2c/execute/sync - {"script":"<script> [56 bytes]","args":[{"element-6066-11e4-a52e-4f735466cecf":"f.6300CB9FC90E916FB2ACF31257920715.d.D66B3395E01DC1BB5BCFB221D7CDD08E.e.29716","ELEMENT":"f.6300CB9FC90E916FB2ACF31257920715.d.D66B3395E01DC1BB5BCFB221D7CDD08E.e.29716"}]}
RESULT: {"script":"<script> [56 bytes]","args":[{"element-6066-11e4-a52e-4f735466cecf":"f.6300CB9FC90E916FB2ACF31257920715.d.D66B3395E01DC1BB5BCFB221D7CDD08E.e.29716","ELEMENT":"f.6300CB9FC90E916FB2ACF31257920715.d.D66B3395E01DC1BB5BCFB221D7CDD08E.e.29716"}]}
COMMAND: POST /session/a0fa65e418457f6e1528b16bc1e26f2c/element - {"using":"xpath","value":"//bdi[contains(text(), \"Issue\")]"}
COMMAND: GET /session/a0fa65e418457f6e1528b16bc1e26f2c/screenshot - {}
RESULT: {"using":"xpath","value":"//bdi[contains(text(), \"Issue\")]"}
COMMAND: POST /session/a0fa65e418457f6e1528b16bc1e26f2c/element/f.6300CB9FC90E916FB2ACF31257920715.d.D66B3395E01DC1BB5BCFB221D7CDD08E.e.29717/click - {}
RESULT: {}
RESULT: {}
COMMAND: GET /session/a0fa65e418457f6e1528b16bc1e26f2c/screenshot - {}
RESULT: {}
COMMAND: POST /session/a0fa65e418457f6e1528b16bc1e26f2c/element - {"using":"xpath","value":"//input[contains(@id ,\"smartFilterBar-btnBasicSearch-I\")]"}
RESULT: {"using":"xpath","value":"//input[contains(@id ,\"smartFilterBar-btnBasicSearch-I\")]"}
COMMAND: POST /session/a0fa65e418457f6e1528b16bc1e26f2c/elements - {"using":"xpath","value":"//input[contains(@id ,\"smartFilterBar-btnBasicSearch-I\")]"}
RESULT: {"using":"xpath","value":"//input[contains(@id ,\"smartFilterBar-btnBasicSearch-I\")]"}
COMMAND: POST /session/a0fa65e418457f6e1528b16bc1e26f2c/execute/sync - {"script":"<script> [8489 bytes]","args":[{"element-6066-11e4-a52e-4f735466cecf":"f.6300CB9FC90E916FB2ACF31257920715.d.D66B3395E01DC1BB5BCFB221D7CDD08E.e.29098","ELEMENT":"f.6300CB9FC90E916FB2ACF31257920715.d.D66B3395E01DC1BB5BCFB221D7CDD08E.e.29098"}]}
RESULT: {"script":"<script> [8489 bytes]","args":[{"element-6066-11e4-a52e-4f735466cecf":"f.6300CB9FC90E916FB2ACF31257920715.d.D66B3395E01DC1BB5BCFB221D7CDD08E.e.29098","ELEMENT":"f.6300CB9FC90E916FB2ACF31257920715.d.D66B3395E01DC1BB5BCFB221D7CDD08E.e.29098"}]}
COMMAND: GET /session/a0fa65e418457f6e1528b16bc1e26f2c/element/f.6300CB9FC90E916FB2ACF31257920715.d.D66B3395E01DC1BB5BCFB221D7CDD08E.e.29098/enabled - {}
COMMAND: GET /session/a0fa65e418457f6e1528b16bc1e26f2c/screenshot - {}
RESULT: {}
COMMAND: POST /session/a0fa65e418457f6e1528b16bc1e26f2c/element/f.6300CB9FC90E916FB2ACF31257920715.d.D66B3395E01DC1BB5BCFB221D7CDD08E.e.29098/clear - {}
COMMAND: GET /session/a0fa65e418457f6e1528b16bc1e26f2c/screenshot - {}
RESULT: {}
RESULT: {}
COMMAND: POST /session/a0fa65e418457f6e1528b16bc1e26f2c/element/f.6300CB9FC90E916FB2ACF31257920715.d.D66B3395E01DC1BB5BCFB221D7CDD08E.e.29098/value - {"text":"30643"}
COMMAND: GET /session/a0fa65e418457f6e1528b16bc1e26f2c/screenshot - {}
RESULT: {}
RESULT: {"text":"30643"}
COMMAND: GET /session/a0fa65e418457f6e1528b16bc1e26f2c/screenshot - {}
RESULT: {}
RESULT: {}
COMMAND: POST /session/a0fa65e418457f6e1528b16bc1e26f2c/actions - {"actions":[{"id":"action94","type":"key","parameters":{},"actions":[{"type":"keyDown","value":"î€‡"},{"type":"pause","duration":10},{"type":"keyUp","value":"î€‡"}]}]}
RESULT: {"actions":[{"id":"action94","type":"key","parameters":{},"actions":[{"type":"keyDown","value":"î€‡"},{"type":"pause","duration":10},{"type":"keyUp","value":"î€‡"}]}]}
COMMAND: GET /session/a0fa65e418457f6e1528b16bc1e26f2c/screenshot - {}
RESULT: {}
COMMAND: POST /session/a0fa65e418457f6e1528b16bc1e26f2c/element - {"using":"xpath","value":"//span[contains(@id, \"smartTable-header-inner\")]"}
RESULT: {"using":"xpath","value":"//span[contains(@id, \"smartTable-header-inner\")]"}
COMMAND: POST /session/a0fa65e418457f6e1528b16bc1e26f2c/elements - {"using":"xpath","value":"//span[contains(@id, \"smartTable-header-inner\")]"}
RESULT: {"using":"xpath","value":"//span[contains(@id, \"smartTable-header-inner\")]"}
COMMAND: POST /session/a0fa65e418457f6e1528b16bc1e26f2c/execute/sync - {"script":"<script> [56 bytes]","args":[{"element-6066-11e4-a52e-4f735466cecf":"f.6300CB9FC90E916FB2ACF31257920715.d.D66B3395E01DC1BB5BCFB221D7CDD08E.e.29917","ELEMENT":"f.6300CB9FC90E916FB2ACF31257920715.d.D66B3395E01DC1BB5BCFB221D7CDD08E.e.29917"}]}
RESULT: {"script":"<script> [56 bytes]","args":[{"element-6066-11e4-a52e-4f735466cecf":"f.6300CB9FC90E916FB2ACF31257920715.d.D66B3395E01DC1BB5BCFB221D7CDD08E.e.29917","ELEMENT":"f.6300CB9FC90E916FB2ACF31257920715.d.D66B3395E01DC1BB5BCFB221D7CDD08E.e.29917"}]}
COMMAND: POST /session/a0fa65e418457f6e1528b16bc1e26f2c/element - {"using":"xpath","value":"(//span[contains(@id, \"imgNav\")])[1]"}
COMMAND: GET /session/a0fa65e418457f6e1528b16bc1e26f2c/screenshot - {}
RESULT: {"using":"xpath","value":"(//span[contains(@id, \"imgNav\")])[1]"}
COMMAND: POST /session/a0fa65e418457f6e1528b16bc1e26f2c/element/f.6300CB9FC90E916FB2ACF31257920715.d.D66B3395E01DC1BB5BCFB221D7CDD08E.e.29915/click - {}
RESULT: {}
RESULT: {}
COMMAND: GET /session/a0fa65e418457f6e1528b16bc1e26f2c/screenshot - {}
RESULT: {}
COMMAND: POST /session/a0fa65e418457f6e1528b16bc1e26f2c/execute/async - {"script":"<script> [1562 bytes]","args":[{"selector":{"controlType":"sap.m.ObjectStatus","viewName":"etm.portal.ui.managehandovers.view.DetailManageHO","viewId":"application-managehandovers-display-component---detailManageHO","bindingPath":{"propertyPath":"LINK_TO_STATUS/DESCRIPTION","modelName":"catalogModel"}},"wdio_ui5_key":"etmportal.ui.managehandovers.view.DetailManageHOsap.m.ObjectStatus{\"propertyPath\":\"LINK_TO_STATUS/DESCRIPTION\",\"modelName\":\"catalogModel\"}"}]}
RESULT: {"script":"<script> [1562 bytes]","args":[{"selector":{"controlType":"sap.m.ObjectStatus","viewName":"etm.portal.ui.managehandovers.view.DetailManageHO","viewId":"application-managehandovers-display-component---detailManageHO","bindingPath":{"propertyPath":"LINK_TO_STATUS/DESCRIPTION","modelName":"catalogModel"}},"wdio_ui5_key":"etmportal.ui.managehandovers.view.DetailManageHOsap.m.ObjectStatus{\"propertyPath\":\"LINK_TO_STATUS/DESCRIPTION\",\"modelName\":\"catalogModel\"}"}]}
RESULT: undefined
COMMAND: POST /session/a0fa65e418457f6e1528b16bc1e26f2c/execute/async - {"script":"<script> [6424 bytes]","args":[{"element-6066-11e4-a52e-4f735466cecf":"f.6300CB9FC90E916FB2ACF31257920715.d.D66B3395E01DC1BB5BCFB221D7CDD08E.e.29959"},"getText",[]]}
RESULT: {"script":"<script> [6424 bytes]","args":[{"element-6066-11e4-a52e-4f735466cecf":"f.6300CB9FC90E916FB2ACF31257920715.d.D66B3395E01DC1BB5BCFB221D7CDD08E.e.29959"},"getText",[]]}
COMMAND: POST /session/a0fa65e418457f6e1528b16bc1e26f2c/element - {"using":"xpath","value":"//header[contains(@id ,\"detailManageHO--ObjectPageLayout-headerTitle\")]/div[1]/div[2]/div[1]/div[1]/div[1]/div[2]/div/span"}
RESULT: {"using":"xpath","value":"//header[contains(@id ,\"detailManageHO--ObjectPageLayout-headerTitle\")]/div[1]/div[2]/div[1]/div[1]/div[1]/div[2]/div/span"}
COMMAND: POST /session/a0fa65e418457f6e1528b16bc1e26f2c/execute/sync - {"script":"<script> [56 bytes]","args":[{"element-6066-11e4-a52e-4f735466cecf":"f.6300CB9FC90E916FB2ACF31257920715.d.D66B3395E01DC1BB5BCFB221D7CDD08E.e.29960","ELEMENT":"f.6300CB9FC90E916FB2ACF31257920715.d.D66B3395E01DC1BB5BCFB221D7CDD08E.e.29960"}]}
RESULT: {"script":"<script> [56 bytes]","args":[{"element-6066-11e4-a52e-4f735466cecf":"f.6300CB9FC90E916FB2ACF31257920715.d.D66B3395E01DC1BB5BCFB221D7CDD08E.e.29960","ELEMENT":"f.6300CB9FC90E916FB2ACF31257920715.d.D66B3395E01DC1BB5BCFB221D7CDD08E.e.29960"}]}
COMMAND: GET /session/a0fa65e418457f6e1528b16bc1e26f2c/screenshot - {}
RESULT: {}
COMMAND: DELETE /session/a0fa65e418457f6e1528b16bc1e26f2c - {}
RESULT: {}
]]></system-out>
    </testcase>
  </testsuite>
</testsuites>