<?xml version="1.0" encoding="UTF-8"?>
<testsuites tests="9" failures="5" errors="5" skipped="0">
  <testsuite timestamp="2025-05-22T17:56:23" time="729.014" tests="9" failures="5" errors="5" skipped="0">
    <properties>
      <property name="specId" value="0"/>
      <property name="suiteName" value="Address Management Tests US156181 US151165 US151160 US156180 US156178 US151157 US151172 US151170 US151166 US151168"/>
      <property name="capabilities" value="chrome.136_0_7103_93.windows"/>
      <property name="file" value="file:///D:/a/1/s/test/specs/BTS/address-management.spec.js"/>
    </properties>
    <testcase classname="chrome.136_0_7103_93.windows.Address_Management_Tests_US156181_US151165_US151160_US156180_US156178_US151157_US151172_US151170_US151166_US151168" name="Step 1 Will check existence of address created with generated name if none then we create US156181" time="66.236">
      <system-out><![CDATA[
COMMAND: POST /session/4901a3b2b8b0c5830f581bb3a1bd3272/execute/async - {"script":"<script> [1562 bytes]","args":[{"selector":{"controlType":"sap.m.GenericTile","properties":{"header":"Address Management"}},"wdio_ui5_key":"sapm.GenericTile{\"header\":\"Address Management\"}"}]}
RESULT: {"script":"<script> [1562 bytes]","args":[{"selector":{"controlType":"sap.m.GenericTile","properties":{"header":"Address Management"}},"wdio_ui5_key":"sapm.GenericTile{\"header\":\"Address Management\"}"}]}
RESULT: undefined
COMMAND: POST /session/4901a3b2b8b0c5830f581bb3a1bd3272/element - {"using":"xpath","value":"//*[@id=\"__tile33\"]"}
RESULT: {"using":"xpath","value":"//*[@id=\"__tile33\"]"}
COMMAND: POST /session/4901a3b2b8b0c5830f581bb3a1bd3272/element/f.67C485243A32FFDA319564F2291E9928.d.818823808109A1D4705CDB8BB2F0AC4A.e.215/click - {}
RESULT: {}
COMMAND: GET /session/4901a3b2b8b0c5830f581bb3a1bd3272/screenshot - {}
RESULT: {}
COMMAND: POST /session/4901a3b2b8b0c5830f581bb3a1bd3272/elements - {"using":"xpath","value":"//span[text()='Error']"}
RESULT: {"using":"xpath","value":"//span[text()='Error']"}
COMMAND: POST /session/4901a3b2b8b0c5830f581bb3a1bd3272/element - {"using":"xpath","value":"//button[@data-kt=\"addButton\"]"}
RESULT: {"using":"xpath","value":"//button[@data-kt=\"addButton\"]"}
COMMAND: POST /session/4901a3b2b8b0c5830f581bb3a1bd3272/elements - {"using":"xpath","value":"//button[@data-kt=\"addButton\"]"}
RESULT: {"using":"xpath","value":"//button[@data-kt=\"addButton\"]"}
COMMAND: POST /session/4901a3b2b8b0c5830f581bb3a1bd3272/elements - {"using":"xpath","value":"//button[@data-kt=\"addButton\"]"}
RESULT: {"using":"xpath","value":"//button[@data-kt=\"addButton\"]"}
COMMAND: POST /session/4901a3b2b8b0c5830f581bb3a1bd3272/element - {"using":"xpath","value":"//button[@data-kt=\"addButton\"]"}
RESULT: {"using":"xpath","value":"//button[@data-kt=\"addButton\"]"}
COMMAND: POST /session/4901a3b2b8b0c5830f581bb3a1bd3272/execute/sync - {"script":"<script> [8489 bytes]","args":[{"element-6066-11e4-a52e-4f735466cecf":"f.67C485243A32FFDA319564F2291E9928.d.818823808109A1D4705CDB8BB2F0AC4A.e.300","ELEMENT":"f.67C485243A32FFDA319564F2291E9928.d.818823808109A1D4705CDB8BB2F0AC4A.e.300"}]}
RESULT: {"script":"<script> [8489 bytes]","args":[{"element-6066-11e4-a52e-4f735466cecf":"f.67C485243A32FFDA319564F2291E9928.d.818823808109A1D4705CDB8BB2F0AC4A.e.300","ELEMENT":"f.67C485243A32FFDA319564F2291E9928.d.818823808109A1D4705CDB8BB2F0AC4A.e.300"}]}
COMMAND: GET /session/4901a3b2b8b0c5830f581bb3a1bd3272/element/f.67C485243A32FFDA319564F2291E9928.d.818823808109A1D4705CDB8BB2F0AC4A.e.300/enabled - {}
COMMAND: GET /session/4901a3b2b8b0c5830f581bb3a1bd3272/screenshot - {}
RESULT: {}
COMMAND: POST /session/4901a3b2b8b0c5830f581bb3a1bd3272/execute/sync - {"script":"<script> [8489 bytes]","args":[{"element-6066-11e4-a52e-4f735466cecf":"f.67C485243A32FFDA319564F2291E9928.d.818823808109A1D4705CDB8BB2F0AC4A.e.300","ELEMENT":"f.67C485243A32FFDA319564F2291E9928.d.818823808109A1D4705CDB8BB2F0AC4A.e.300"}]}
COMMAND: GET /session/4901a3b2b8b0c5830f581bb3a1bd3272/screenshot - {}
RESULT: {}
RESULT: {"script":"<script> [8489 bytes]","args":[{"element-6066-11e4-a52e-4f735466cecf":"f.67C485243A32FFDA319564F2291E9928.d.818823808109A1D4705CDB8BB2F0AC4A.e.300","ELEMENT":"f.67C485243A32FFDA319564F2291E9928.d.818823808109A1D4705CDB8BB2F0AC4A.e.300"}]}
COMMAND: POST /session/4901a3b2b8b0c5830f581bb3a1bd3272/execute/sync - {"script":"<script> [5351 bytes]","args":[{"element-6066-11e4-a52e-4f735466cecf":"f.67C485243A32FFDA319564F2291E9928.d.818823808109A1D4705CDB8BB2F0AC4A.e.300","ELEMENT":"f.67C485243A32FFDA319564F2291E9928.d.818823808109A1D4705CDB8BB2F0AC4A.e.300"}]}
COMMAND: GET /session/4901a3b2b8b0c5830f581bb3a1bd3272/screenshot - {}
RESULT: {}
RESULT: {"script":"<script> [5351 bytes]","args":[{"element-6066-11e4-a52e-4f735466cecf":"f.67C485243A32FFDA319564F2291E9928.d.818823808109A1D4705CDB8BB2F0AC4A.e.300","ELEMENT":"f.67C485243A32FFDA319564F2291E9928.d.818823808109A1D4705CDB8BB2F0AC4A.e.300"}]}
COMMAND: GET /session/4901a3b2b8b0c5830f581bb3a1bd3272/screenshot - {}
RESULT: {}
RESULT: {}
COMMAND: POST /session/4901a3b2b8b0c5830f581bb3a1bd3272/execute/async - {"script":"<script> [1562 bytes]","args":[{"selector":{"id":"application-addressmanagement-display-component---masterAdm--smartFilterBar-btnBasicSearch","interaction":{"idSuffix":"I"}},"wdio_ui5_key":"applicationaddressmanagement-display-component---masterAdm--smartFilterBar-btnBasicSearch"}]}
RESULT: {"script":"<script> [1562 bytes]","args":[{"selector":{"id":"application-addressmanagement-display-component---masterAdm--smartFilterBar-btnBasicSearch","interaction":{"idSuffix":"I"}},"wdio_ui5_key":"applicationaddressmanagement-display-component---masterAdm--smartFilterBar-btnBasicSearch"}]}
RESULT: undefined
COMMAND: POST /session/4901a3b2b8b0c5830f581bb3a1bd3272/execute/async - {"script":"<script> [776 bytes]","args":[{"enterText":"tkkP1QPtD6","selector":{"id":"application-addressmanagement-display-component---masterAdm--smartFilterBar-btnBasicSearch","interaction":{"idSuffix":"I"}},"clearTextFirst":true,"interactionType":"ENTER_TEXT"}]}
RESULT: {"script":"<script> [776 bytes]","args":[{"enterText":"tkkP1QPtD6","selector":{"id":"application-addressmanagement-display-component---masterAdm--smartFilterBar-btnBasicSearch","interaction":{"idSuffix":"I"}},"clearTextFirst":true,"interactionType":"ENTER_TEXT"}]}
COMMAND: POST /session/4901a3b2b8b0c5830f581bb3a1bd3272/actions - {"actions":[{"id":"action1","type":"key","parameters":{},"actions":[{"type":"keyDown","value":""},{"type":"pause","duration":10},{"type":"keyUp","value":""}]}]}
RESULT: {"actions":[{"id":"action1","type":"key","parameters":{},"actions":[{"type":"keyDown","value":""},{"type":"pause","duration":10},{"type":"keyUp","value":""}]}]}
COMMAND: GET /session/4901a3b2b8b0c5830f581bb3a1bd3272/screenshot - {}
RESULT: {}
COMMAND: POST /session/4901a3b2b8b0c5830f581bb3a1bd3272/elements - {"using":"xpath","value":"//table[contains(@id, \"customPersonsAddressesTable-listUl\")]/tbody/tr"}
RESULT: {"using":"xpath","value":"//table[contains(@id, \"customPersonsAddressesTable-listUl\")]/tbody/tr"}
COMMAND: POST /session/4901a3b2b8b0c5830f581bb3a1bd3272/element - {"using":"xpath","value":"//table[contains(@id, \"customPersonsAddressesTable-listUl\")]/tbody/tr[1]/td[5]/span/span"}
RESULT: {"using":"xpath","value":"//table[contains(@id, \"customPersonsAddressesTable-listUl\")]/tbody/tr[1]/td[5]/span/span"}
COMMAND: POST /session/4901a3b2b8b0c5830f581bb3a1bd3272/element - {"using":"xpath","value":"//table[contains(@id, \"customPersonsAddressesTable-listUl\")]/tbody/tr[1]/td[3]/span"}
RESULT: {"using":"xpath","value":"//table[contains(@id, \"customPersonsAddressesTable-listUl\")]/tbody/tr[1]/td[3]/span"}
COMMAND: POST /session/4901a3b2b8b0c5830f581bb3a1bd3272/elements - {"using":"xpath","value":"//table[contains(@id, \"customPersonsAddressesTable-listUl\")]/tbody/tr[1]/td[5]/span/span"}
RESULT: {"using":"xpath","value":"//table[contains(@id, \"customPersonsAddressesTable-listUl\")]/tbody/tr[1]/td[5]/span/span"}
COMMAND: POST /session/4901a3b2b8b0c5830f581bb3a1bd3272/element - {"using":"xpath","value":"//span[@id=\"application-addressmanagement-display-component---masterAdm--smartTable-header-inner\"]"}
RESULT: {"using":"xpath","value":"//span[@id=\"application-addressmanagement-display-component---masterAdm--smartTable-header-inner\"]"}
COMMAND: POST /session/4901a3b2b8b0c5830f581bb3a1bd3272/elements - {"using":"xpath","value":"//span[@id=\"application-addressmanagement-display-component---masterAdm--smartTable-header-inner\"]"}
RESULT: {"using":"xpath","value":"//span[@id=\"application-addressmanagement-display-component---masterAdm--smartTable-header-inner\"]"}
COMMAND: POST /session/4901a3b2b8b0c5830f581bb3a1bd3272/execute/sync - {"script":"<script> [56 bytes]","args":[{"element-6066-11e4-a52e-4f735466cecf":"f.67C485243A32FFDA319564F2291E9928.d.818823808109A1D4705CDB8BB2F0AC4A.e.442","ELEMENT":"f.67C485243A32FFDA319564F2291E9928.d.818823808109A1D4705CDB8BB2F0AC4A.e.442"}]}
RESULT: {"script":"<script> [56 bytes]","args":[{"element-6066-11e4-a52e-4f735466cecf":"f.67C485243A32FFDA319564F2291E9928.d.818823808109A1D4705CDB8BB2F0AC4A.e.442","ELEMENT":"f.67C485243A32FFDA319564F2291E9928.d.818823808109A1D4705CDB8BB2F0AC4A.e.442"}]}
COMMAND: POST /session/4901a3b2b8b0c5830f581bb3a1bd3272/element - {"using":"xpath","value":"//button[@data-kt=\"addButton\"]"}
COMMAND: GET /session/4901a3b2b8b0c5830f581bb3a1bd3272/screenshot - {}
RESULT: {"using":"xpath","value":"//button[@data-kt=\"addButton\"]"}
COMMAND: POST /session/4901a3b2b8b0c5830f581bb3a1bd3272/element/f.67C485243A32FFDA319564F2291E9928.d.818823808109A1D4705CDB8BB2F0AC4A.e.300/click - {}
RESULT: {}
RESULT: {}
COMMAND: GET /session/4901a3b2b8b0c5830f581bb3a1bd3272/screenshot - {}
RESULT: {}
COMMAND: POST /session/4901a3b2b8b0c5830f581bb3a1bd3272/execute/async - {"script":"<script> [1562 bytes]","args":[{"selector":{"controlType":"sap.ui.core.Icon","viewName":"etm.portal.ui.addressmanagement.view.NewAddress","properties":{"src":{"regex":{"source":"slim\\-arrow\\-down"}}},"ancestor":{"id":"addressTitle","viewName":"etm.portal.ui.addressmanagement.view.NewAddress"}},"wdio_ui5_key":"etmportal.ui.addressmanagement.view.NewAddresssap.ui.core.Icon{\"src\":{\"regex\":{\"source\":\"slim\\\\-arrow\\\\-down\"}}}{\"id\":\"addressTitle\",\"viewName\":\"etm.portal.ui.addressmanagement.view.NewAddress\"}"}]}
RESULT: {"script":"<script> [1562 bytes]","args":[{"selector":{"controlType":"sap.ui.core.Icon","viewName":"etm.portal.ui.addressmanagement.view.NewAddress","properties":{"src":{"regex":{"source":"slim\\-arrow\\-down"}}},"ancestor":{"id":"addressTitle","viewName":"etm.portal.ui.addressmanagement.view.NewAddress"}},"wdio_ui5_key":"etmportal.ui.addressmanagement.view.NewAddresssap.ui.core.Icon{\"src\":{\"regex\":{\"source\":\"slim\\\\-arrow\\\\-down\"}}}{\"id\":\"addressTitle\",\"viewName\":\"etm.portal.ui.addressmanagement.view.NewAddress\"}"}]}
RESULT: undefined
COMMAND: POST /session/4901a3b2b8b0c5830f581bb3a1bd3272/element - {"using":"xpath","value":"//*[@id=\"__xmlview58--addressTitle-arrow\"]"}
RESULT: {"using":"xpath","value":"//*[@id=\"__xmlview58--addressTitle-arrow\"]"}
COMMAND: POST /session/4901a3b2b8b0c5830f581bb3a1bd3272/element/f.67C485243A32FFDA319564F2291E9928.d.818823808109A1D4705CDB8BB2F0AC4A.e.575/click - {}
RESULT: {}
COMMAND: GET /session/4901a3b2b8b0c5830f581bb3a1bd3272/screenshot - {}
RESULT: {}
COMMAND: POST /session/4901a3b2b8b0c5830f581bb3a1bd3272/element - {"using":"xpath","value":"//li[.//span[text()=\"Dr.\"]]"}
RESULT: {"using":"xpath","value":"//li[.//span[text()=\"Dr.\"]]"}
COMMAND: POST /session/4901a3b2b8b0c5830f581bb3a1bd3272/element/f.67C485243A32FFDA319564F2291E9928.d.818823808109A1D4705CDB8BB2F0AC4A.e.576/click - {}
RESULT: {}
COMMAND: POST /session/4901a3b2b8b0c5830f581bb3a1bd3272/execute/async - {"script":"<script> [1562 bytes]","args":[{"selector":{"controlType":"sap.ui.core.Icon","viewName":"etm.portal.ui.addressmanagement.view.NewAddress","properties":{"src":{"regex":{"source":"slim\\-arrow\\-down"}}},"ancestor":{"id":"addressDetailDetailsLanguage","viewName":"etm.portal.ui.addressmanagement.view.NewAddress"}},"wdio_ui5_key":"etmportal.ui.addressmanagement.view.NewAddresssap.ui.core.Icon{\"src\":{\"regex\":{\"source\":\"slim\\\\-arrow\\\\-down\"}}}{\"id\":\"addressDetailDetailsLanguage\",\"viewName\":\"etm.portal.ui.addressmanagement.view.NewAddress\"}"}]}
COMMAND: GET /session/4901a3b2b8b0c5830f581bb3a1bd3272/screenshot - {}
RESULT: {"script":"<script> [1562 bytes]","args":[{"selector":{"controlType":"sap.ui.core.Icon","viewName":"etm.portal.ui.addressmanagement.view.NewAddress","properties":{"src":{"regex":{"source":"slim\\-arrow\\-down"}}},"ancestor":{"id":"addressDetailDetailsLanguage","viewName":"etm.portal.ui.addressmanagement.view.NewAddress"}},"wdio_ui5_key":"etmportal.ui.addressmanagement.view.NewAddresssap.ui.core.Icon{\"src\":{\"regex\":{\"source\":\"slim\\\\-arrow\\\\-down\"}}}{\"id\":\"addressDetailDetailsLanguage\",\"viewName\":\"etm.portal.ui.addressmanagement.view.NewAddress\"}"}]}
RESULT: undefined
COMMAND: POST /session/4901a3b2b8b0c5830f581bb3a1bd3272/element - {"using":"xpath","value":"//*[@id=\"__xmlview58--addressDetailDetailsLanguage-arrow\"]"}
RESULT: {}
RESULT: {"using":"xpath","value":"//*[@id=\"__xmlview58--addressDetailDetailsLanguage-arrow\"]"}
COMMAND: POST /session/4901a3b2b8b0c5830f581bb3a1bd3272/element/f.67C485243A32FFDA319564F2291E9928.d.818823808109A1D4705CDB8BB2F0AC4A.e.508/click - {}
RESULT: {}
COMMAND: GET /session/4901a3b2b8b0c5830f581bb3a1bd3272/screenshot - {}
RESULT: {}
COMMAND: POST /session/4901a3b2b8b0c5830f581bb3a1bd3272/element - {"using":"xpath","value":"//span[contains(text(), \"English\")]"}
RESULT: {"using":"xpath","value":"//span[contains(text(), \"English\")]"}
COMMAND: POST /session/4901a3b2b8b0c5830f581bb3a1bd3272/element/f.67C485243A32FFDA319564F2291E9928.d.818823808109A1D4705CDB8BB2F0AC4A.e.577/click - {}
RESULT: {}
COMMAND: POST /session/4901a3b2b8b0c5830f581bb3a1bd3272/execute/async - {"script":"<script> [1562 bytes]","args":[{"selector":{"controlType":"sap.m.Input","viewName":"etm.portal.ui.addressmanagement.view.NewAddress","labelFor":{"text":"Name"},"interaction":{"idSuffix":"inner"}},"wdio_ui5_key":"etmportal.ui.addressmanagement.view.NewAddresssap.m.Input{\"text\":\"Name\"}"}]}
COMMAND: GET /session/4901a3b2b8b0c5830f581bb3a1bd3272/screenshot - {}
RESULT: {"script":"<script> [1562 bytes]","args":[{"selector":{"controlType":"sap.m.Input","viewName":"etm.portal.ui.addressmanagement.view.NewAddress","labelFor":{"text":"Name"},"interaction":{"idSuffix":"inner"}},"wdio_ui5_key":"etmportal.ui.addressmanagement.view.NewAddresssap.m.Input{\"text\":\"Name\"}"}]}
RESULT: undefined
COMMAND: POST /session/4901a3b2b8b0c5830f581bb3a1bd3272/execute/async - {"script":"<script> [776 bytes]","args":[{"enterText":"tkkP1QPtD6","selector":{"controlType":"sap.m.Input","viewName":"etm.portal.ui.addressmanagement.view.NewAddress","labelFor":{"text":"Name"},"interaction":{"idSuffix":"inner"}},"clearTextFirst":true,"interactionType":"ENTER_TEXT"}]}
RESULT: {}
RESULT: {"script":"<script> [776 bytes]","args":[{"enterText":"tkkP1QPtD6","selector":{"controlType":"sap.m.Input","viewName":"etm.portal.ui.addressmanagement.view.NewAddress","labelFor":{"text":"Name"},"interaction":{"idSuffix":"inner"}},"clearTextFirst":true,"interactionType":"ENTER_TEXT"}]}
COMMAND: POST /session/4901a3b2b8b0c5830f581bb3a1bd3272/element - {"using":"xpath","value":"//button[@title=\"Save\"]"}
RESULT: {"using":"xpath","value":"//button[@title=\"Save\"]"}
COMMAND: POST /session/4901a3b2b8b0c5830f581bb3a1bd3272/element/f.67C485243A32FFDA319564F2291E9928.d.818823808109A1D4705CDB8BB2F0AC4A.e.562/click - {}
RESULT: {}
COMMAND: GET /session/4901a3b2b8b0c5830f581bb3a1bd3272/screenshot - {}
RESULT: {}
COMMAND: POST /session/4901a3b2b8b0c5830f581bb3a1bd3272/element - {"using":"xpath","value":"//header[contains(@id, \"application-addressmanagement-display-component---detailAdm--ObjectPageLayout-headerTitle\")]/div[1]/div[3]/div[2]/span"}
RESULT: {"using":"xpath","value":"//header[contains(@id, \"application-addressmanagement-display-component---detailAdm--ObjectPageLayout-headerTitle\")]/div[1]/div[3]/div[2]/span"}
COMMAND: POST /session/4901a3b2b8b0c5830f581bb3a1bd3272/elements - {"using":"xpath","value":"//header[contains(@id, \"application-addressmanagement-display-component---detailAdm--ObjectPageLayout-headerTitle\")]/div[1]/div[3]/div[2]/span"}
RESULT: {"using":"xpath","value":"//header[contains(@id, \"application-addressmanagement-display-component---detailAdm--ObjectPageLayout-headerTitle\")]/div[1]/div[3]/div[2]/span"}
COMMAND: POST /session/4901a3b2b8b0c5830f581bb3a1bd3272/execute/sync - {"script":"<script> [56 bytes]","args":[{"element-6066-11e4-a52e-4f735466cecf":"f.67C485243A32FFDA319564F2291E9928.d.818823808109A1D4705CDB8BB2F0AC4A.e.600","ELEMENT":"f.67C485243A32FFDA319564F2291E9928.d.818823808109A1D4705CDB8BB2F0AC4A.e.600"}]}
RESULT: {"script":"<script> [56 bytes]","args":[{"element-6066-11e4-a52e-4f735466cecf":"f.67C485243A32FFDA319564F2291E9928.d.818823808109A1D4705CDB8BB2F0AC4A.e.600","ELEMENT":"f.67C485243A32FFDA319564F2291E9928.d.818823808109A1D4705CDB8BB2F0AC4A.e.600"}]}
COMMAND: GET /session/4901a3b2b8b0c5830f581bb3a1bd3272/screenshot - {}
RESULT: {}
COMMAND: POST /session/4901a3b2b8b0c5830f581bb3a1bd3272/element - {"using":"css selector","value":"#shell-header-logo"}
RESULT: {"using":"css selector","value":"#shell-header-logo"}
COMMAND: POST /session/4901a3b2b8b0c5830f581bb3a1bd3272/element/f.67C485243A32FFDA319564F2291E9928.d.818823808109A1D4705CDB8BB2F0AC4A.e.263/click - {}
RESULT: {}
COMMAND: GET /session/4901a3b2b8b0c5830f581bb3a1bd3272/screenshot - {}
RESULT: {}
]]></system-out>
    </testcase>
    <testcase classname="chrome.136_0_7103_93.windows.Address_Management_Tests_US156181_US151165_US151160_US156180_US156178_US151157_US151172_US151170_US151166_US151168" name="Step 2 Should deactivate the created address in earlier step US151165" time="40.485">
      <system-out><![CDATA[
RESULT: undefined
COMMAND: POST /session/4901a3b2b8b0c5830f581bb3a1bd3272/element - {"using":"xpath","value":"//*[@id=\"__tile33\"]"}
RESULT: {"using":"xpath","value":"//*[@id=\"__tile33\"]"}
COMMAND: POST /session/4901a3b2b8b0c5830f581bb3a1bd3272/element/f.67C485243A32FFDA319564F2291E9928.d.818823808109A1D4705CDB8BB2F0AC4A.e.215/click - {}
RESULT: {}
COMMAND: GET /session/4901a3b2b8b0c5830f581bb3a1bd3272/screenshot - {}
RESULT: {}
COMMAND: POST /session/4901a3b2b8b0c5830f581bb3a1bd3272/elements - {"using":"xpath","value":"//span[text()='Error']"}
RESULT: {"using":"xpath","value":"//span[text()='Error']"}
COMMAND: POST /session/4901a3b2b8b0c5830f581bb3a1bd3272/element - {"using":"xpath","value":"//button[@data-kt=\"addButton\"]"}
RESULT: {"using":"xpath","value":"//button[@data-kt=\"addButton\"]"}
COMMAND: POST /session/4901a3b2b8b0c5830f581bb3a1bd3272/elements - {"using":"xpath","value":"//button[@data-kt=\"addButton\"]"}
RESULT: {"using":"xpath","value":"//button[@data-kt=\"addButton\"]"}
COMMAND: POST /session/4901a3b2b8b0c5830f581bb3a1bd3272/execute/sync - {"script":"<script> [8489 bytes]","args":[{"element-6066-11e4-a52e-4f735466cecf":"f.67C485243A32FFDA319564F2291E9928.d.818823808109A1D4705CDB8BB2F0AC4A.e.648","ELEMENT":"f.67C485243A32FFDA319564F2291E9928.d.818823808109A1D4705CDB8BB2F0AC4A.e.648"}]}
RESULT: {"script":"<script> [8489 bytes]","args":[{"element-6066-11e4-a52e-4f735466cecf":"f.67C485243A32FFDA319564F2291E9928.d.818823808109A1D4705CDB8BB2F0AC4A.e.648","ELEMENT":"f.67C485243A32FFDA319564F2291E9928.d.818823808109A1D4705CDB8BB2F0AC4A.e.648"}]}
COMMAND: GET /session/4901a3b2b8b0c5830f581bb3a1bd3272/element/f.67C485243A32FFDA319564F2291E9928.d.818823808109A1D4705CDB8BB2F0AC4A.e.648/enabled - {}
COMMAND: GET /session/4901a3b2b8b0c5830f581bb3a1bd3272/screenshot - {}
RESULT: {}
COMMAND: POST /session/4901a3b2b8b0c5830f581bb3a1bd3272/execute/sync - {"script":"<script> [8489 bytes]","args":[{"element-6066-11e4-a52e-4f735466cecf":"f.67C485243A32FFDA319564F2291E9928.d.818823808109A1D4705CDB8BB2F0AC4A.e.648","ELEMENT":"f.67C485243A32FFDA319564F2291E9928.d.818823808109A1D4705CDB8BB2F0AC4A.e.648"}]}
COMMAND: GET /session/4901a3b2b8b0c5830f581bb3a1bd3272/screenshot - {}
RESULT: {}
RESULT: {"script":"<script> [8489 bytes]","args":[{"element-6066-11e4-a52e-4f735466cecf":"f.67C485243A32FFDA319564F2291E9928.d.818823808109A1D4705CDB8BB2F0AC4A.e.648","ELEMENT":"f.67C485243A32FFDA319564F2291E9928.d.818823808109A1D4705CDB8BB2F0AC4A.e.648"}]}
COMMAND: POST /session/4901a3b2b8b0c5830f581bb3a1bd3272/execute/sync - {"script":"<script> [5351 bytes]","args":[{"element-6066-11e4-a52e-4f735466cecf":"f.67C485243A32FFDA319564F2291E9928.d.818823808109A1D4705CDB8BB2F0AC4A.e.648","ELEMENT":"f.67C485243A32FFDA319564F2291E9928.d.818823808109A1D4705CDB8BB2F0AC4A.e.648"}]}
COMMAND: GET /session/4901a3b2b8b0c5830f581bb3a1bd3272/screenshot - {}
RESULT: {}
RESULT: {"script":"<script> [5351 bytes]","args":[{"element-6066-11e4-a52e-4f735466cecf":"f.67C485243A32FFDA319564F2291E9928.d.818823808109A1D4705CDB8BB2F0AC4A.e.648","ELEMENT":"f.67C485243A32FFDA319564F2291E9928.d.818823808109A1D4705CDB8BB2F0AC4A.e.648"}]}
COMMAND: GET /session/4901a3b2b8b0c5830f581bb3a1bd3272/screenshot - {}
RESULT: {}
RESULT: {}
RESULT: undefined
COMMAND: POST /session/4901a3b2b8b0c5830f581bb3a1bd3272/execute/async - {"script":"<script> [776 bytes]","args":[{"enterText":"tkkP1QPtD6","selector":{"id":"application-addressmanagement-display-component---masterAdm--smartFilterBar-btnBasicSearch","interaction":{"idSuffix":"I"}},"clearTextFirst":true,"interactionType":"ENTER_TEXT"}]}
RESULT: {"script":"<script> [776 bytes]","args":[{"enterText":"tkkP1QPtD6","selector":{"id":"application-addressmanagement-display-component---masterAdm--smartFilterBar-btnBasicSearch","interaction":{"idSuffix":"I"}},"clearTextFirst":true,"interactionType":"ENTER_TEXT"}]}
COMMAND: POST /session/4901a3b2b8b0c5830f581bb3a1bd3272/actions - {"actions":[{"id":"action2","type":"key","parameters":{},"actions":[{"type":"keyDown","value":""},{"type":"pause","duration":10},{"type":"keyUp","value":""}]}]}
RESULT: {"actions":[{"id":"action2","type":"key","parameters":{},"actions":[{"type":"keyDown","value":""},{"type":"pause","duration":10},{"type":"keyUp","value":""}]}]}
COMMAND: GET /session/4901a3b2b8b0c5830f581bb3a1bd3272/screenshot - {}
RESULT: {}
COMMAND: POST /session/4901a3b2b8b0c5830f581bb3a1bd3272/elements - {"using":"xpath","value":"//table[contains(@id, \"customPersonsAddressesTable-listUl\")]/tbody/tr"}
RESULT: {"using":"xpath","value":"//table[contains(@id, \"customPersonsAddressesTable-listUl\")]/tbody/tr"}
COMMAND: POST /session/4901a3b2b8b0c5830f581bb3a1bd3272/element - {"using":"xpath","value":"//table[contains(@id, \"customPersonsAddressesTable-listUl\")]/tbody/tr[1]/td[5]/span/span"}
RESULT: {"using":"xpath","value":"//table[contains(@id, \"customPersonsAddressesTable-listUl\")]/tbody/tr[1]/td[5]/span/span"}
COMMAND: POST /session/4901a3b2b8b0c5830f581bb3a1bd3272/element - {"using":"xpath","value":"//table[contains(@id, \"customPersonsAddressesTable-listUl\")]/tbody/tr[1]/td[3]/span"}
RESULT: {"using":"xpath","value":"//table[contains(@id, \"customPersonsAddressesTable-listUl\")]/tbody/tr[1]/td[3]/span"}
COMMAND: POST /session/4901a3b2b8b0c5830f581bb3a1bd3272/elements - {"using":"xpath","value":"//table[contains(@id, \"customPersonsAddressesTable-listUl\")]/tbody/tr[1]/td[5]/span/span"}
RESULT: {"using":"xpath","value":"//table[contains(@id, \"customPersonsAddressesTable-listUl\")]/tbody/tr[1]/td[5]/span/span"}
COMMAND: POST /session/4901a3b2b8b0c5830f581bb3a1bd3272/execute/sync - {"script":"<script> [56 bytes]","args":[{"element-6066-11e4-a52e-4f735466cecf":"f.67C485243A32FFDA319564F2291E9928.d.818823808109A1D4705CDB8BB2F0AC4A.e.795","ELEMENT":"f.67C485243A32FFDA319564F2291E9928.d.818823808109A1D4705CDB8BB2F0AC4A.e.795"}]}
RESULT: {"script":"<script> [56 bytes]","args":[{"element-6066-11e4-a52e-4f735466cecf":"f.67C485243A32FFDA319564F2291E9928.d.818823808109A1D4705CDB8BB2F0AC4A.e.795","ELEMENT":"f.67C485243A32FFDA319564F2291E9928.d.818823808109A1D4705CDB8BB2F0AC4A.e.795"}]}
COMMAND: POST /session/4901a3b2b8b0c5830f581bb3a1bd3272/execute/sync - {"script":"<script> [56 bytes]","args":[{"element-6066-11e4-a52e-4f735466cecf":"f.67C485243A32FFDA319564F2291E9928.d.818823808109A1D4705CDB8BB2F0AC4A.e.796","ELEMENT":"f.67C485243A32FFDA319564F2291E9928.d.818823808109A1D4705CDB8BB2F0AC4A.e.796"}]}
COMMAND: GET /session/4901a3b2b8b0c5830f581bb3a1bd3272/screenshot - {}
RESULT: {"script":"<script> [56 bytes]","args":[{"element-6066-11e4-a52e-4f735466cecf":"f.67C485243A32FFDA319564F2291E9928.d.818823808109A1D4705CDB8BB2F0AC4A.e.796","ELEMENT":"f.67C485243A32FFDA319564F2291E9928.d.818823808109A1D4705CDB8BB2F0AC4A.e.796"}]}
COMMAND: POST /session/4901a3b2b8b0c5830f581bb3a1bd3272/element - {"using":"xpath","value":"//table[contains(@id, \"customPersonsAddressesTable-listUl\")]/tbody/tr[1]/td[10]/div/span"}
COMMAND: GET /session/4901a3b2b8b0c5830f581bb3a1bd3272/screenshot - {}
RESULT: {}
RESULT: {"using":"xpath","value":"//table[contains(@id, \"customPersonsAddressesTable-listUl\")]/tbody/tr[1]/td[10]/div/span"}
COMMAND: POST /session/4901a3b2b8b0c5830f581bb3a1bd3272/execute/sync - {"script":"<script> [56 bytes]","args":[{"element-6066-11e4-a52e-4f735466cecf":"f.67C485243A32FFDA319564F2291E9928.d.818823808109A1D4705CDB8BB2F0AC4A.e.797","ELEMENT":"f.67C485243A32FFDA319564F2291E9928.d.818823808109A1D4705CDB8BB2F0AC4A.e.797"}]}
RESULT: {}
RESULT: {"script":"<script> [56 bytes]","args":[{"element-6066-11e4-a52e-4f735466cecf":"f.67C485243A32FFDA319564F2291E9928.d.818823808109A1D4705CDB8BB2F0AC4A.e.797","ELEMENT":"f.67C485243A32FFDA319564F2291E9928.d.818823808109A1D4705CDB8BB2F0AC4A.e.797"}]}
COMMAND: POST /session/4901a3b2b8b0c5830f581bb3a1bd3272/element - {"using":"xpath","value":"//table[contains(@id, \"customPersonsAddressesTable-listUl\")]/tbody/tr[1]/td[2]/div/div"}
COMMAND: GET /session/4901a3b2b8b0c5830f581bb3a1bd3272/screenshot - {}
RESULT: {"using":"xpath","value":"//table[contains(@id, \"customPersonsAddressesTable-listUl\")]/tbody/tr[1]/td[2]/div/div"}
COMMAND: POST /session/4901a3b2b8b0c5830f581bb3a1bd3272/element/f.67C485243A32FFDA319564F2291E9928.d.818823808109A1D4705CDB8BB2F0AC4A.e.798/click - {}
RESULT: {}
RESULT: {}
COMMAND: GET /session/4901a3b2b8b0c5830f581bb3a1bd3272/screenshot - {}
RESULT: {}
COMMAND: POST /session/4901a3b2b8b0c5830f581bb3a1bd3272/element - {"using":"xpath","value":"//bdi[contains(text(), \"Deactivate\")]"}
RESULT: {"using":"xpath","value":"//bdi[contains(text(), \"Deactivate\")]"}
COMMAND: POST /session/4901a3b2b8b0c5830f581bb3a1bd3272/element/f.67C485243A32FFDA319564F2291E9928.d.818823808109A1D4705CDB8BB2F0AC4A.e.799/click - {}
RESULT: {}
COMMAND: GET /session/4901a3b2b8b0c5830f581bb3a1bd3272/screenshot - {}
RESULT: {}
COMMAND: POST /session/4901a3b2b8b0c5830f581bb3a1bd3272/element - {"using":"xpath","value":"//bdi[contains(text(), \"Yes\")]"}
RESULT: {"using":"xpath","value":"//bdi[contains(text(), \"Yes\")]"}
COMMAND: POST /session/4901a3b2b8b0c5830f581bb3a1bd3272/element/f.67C485243A32FFDA319564F2291E9928.d.818823808109A1D4705CDB8BB2F0AC4A.e.801/click - {}
RESULT: {}
COMMAND: GET /session/4901a3b2b8b0c5830f581bb3a1bd3272/screenshot - {}
RESULT: {}
COMMAND: POST /session/4901a3b2b8b0c5830f581bb3a1bd3272/element - {"using":"xpath","value":"//table[contains(@id, \"customPersonsAddressesTable-listUl\")]/tbody/tr[1]/td[10]/div/span"}
RESULT: {"using":"xpath","value":"//table[contains(@id, \"customPersonsAddressesTable-listUl\")]/tbody/tr[1]/td[10]/div/span"}
COMMAND: POST /session/4901a3b2b8b0c5830f581bb3a1bd3272/execute/sync - {"script":"<script> [56 bytes]","args":[{"element-6066-11e4-a52e-4f735466cecf":"f.67C485243A32FFDA319564F2291E9928.d.818823808109A1D4705CDB8BB2F0AC4A.e.797","ELEMENT":"f.67C485243A32FFDA319564F2291E9928.d.818823808109A1D4705CDB8BB2F0AC4A.e.797"}]}
RESULT: {"script":"<script> [56 bytes]","args":[{"element-6066-11e4-a52e-4f735466cecf":"f.67C485243A32FFDA319564F2291E9928.d.818823808109A1D4705CDB8BB2F0AC4A.e.797","ELEMENT":"f.67C485243A32FFDA319564F2291E9928.d.818823808109A1D4705CDB8BB2F0AC4A.e.797"}]}
COMMAND: GET /session/4901a3b2b8b0c5830f581bb3a1bd3272/screenshot - {}
RESULT: {}
COMMAND: POST /session/4901a3b2b8b0c5830f581bb3a1bd3272/element - {"using":"css selector","value":"#shell-header-logo"}
RESULT: {"using":"css selector","value":"#shell-header-logo"}
COMMAND: POST /session/4901a3b2b8b0c5830f581bb3a1bd3272/element/f.67C485243A32FFDA319564F2291E9928.d.818823808109A1D4705CDB8BB2F0AC4A.e.605/click - {}
RESULT: {}
COMMAND: GET /session/4901a3b2b8b0c5830f581bb3a1bd3272/screenshot - {}
RESULT: {}
]]></system-out>
    </testcase>
    <testcase classname="chrome.136_0_7103_93.windows.Address_Management_Tests_US156181_US151165_US151160_US156180_US156178_US151157_US151172_US151170_US151166_US151168" name="Step 3 Should activate the created address back again US151160" time="40.636">
      <system-out><![CDATA[
RESULT: undefined
COMMAND: POST /session/4901a3b2b8b0c5830f581bb3a1bd3272/element - {"using":"xpath","value":"//*[@id=\"__tile33\"]"}
RESULT: {"using":"xpath","value":"//*[@id=\"__tile33\"]"}
COMMAND: POST /session/4901a3b2b8b0c5830f581bb3a1bd3272/element/f.67C485243A32FFDA319564F2291E9928.d.818823808109A1D4705CDB8BB2F0AC4A.e.215/click - {}
RESULT: {}
COMMAND: GET /session/4901a3b2b8b0c5830f581bb3a1bd3272/screenshot - {}
RESULT: {}
COMMAND: POST /session/4901a3b2b8b0c5830f581bb3a1bd3272/elements - {"using":"xpath","value":"//span[text()='Error']"}
RESULT: {"using":"xpath","value":"//span[text()='Error']"}
COMMAND: POST /session/4901a3b2b8b0c5830f581bb3a1bd3272/element - {"using":"xpath","value":"//button[@data-kt=\"addButton\"]"}
RESULT: {"using":"xpath","value":"//button[@data-kt=\"addButton\"]"}
COMMAND: POST /session/4901a3b2b8b0c5830f581bb3a1bd3272/elements - {"using":"xpath","value":"//button[@data-kt=\"addButton\"]"}
RESULT: {"using":"xpath","value":"//button[@data-kt=\"addButton\"]"}
COMMAND: POST /session/4901a3b2b8b0c5830f581bb3a1bd3272/execute/sync - {"script":"<script> [8489 bytes]","args":[{"element-6066-11e4-a52e-4f735466cecf":"f.67C485243A32FFDA319564F2291E9928.d.818823808109A1D4705CDB8BB2F0AC4A.e.868","ELEMENT":"f.67C485243A32FFDA319564F2291E9928.d.818823808109A1D4705CDB8BB2F0AC4A.e.868"}]}
RESULT: {"script":"<script> [8489 bytes]","args":[{"element-6066-11e4-a52e-4f735466cecf":"f.67C485243A32FFDA319564F2291E9928.d.818823808109A1D4705CDB8BB2F0AC4A.e.868","ELEMENT":"f.67C485243A32FFDA319564F2291E9928.d.818823808109A1D4705CDB8BB2F0AC4A.e.868"}]}
COMMAND: GET /session/4901a3b2b8b0c5830f581bb3a1bd3272/element/f.67C485243A32FFDA319564F2291E9928.d.818823808109A1D4705CDB8BB2F0AC4A.e.868/enabled - {}
COMMAND: GET /session/4901a3b2b8b0c5830f581bb3a1bd3272/screenshot - {}
RESULT: {}
COMMAND: POST /session/4901a3b2b8b0c5830f581bb3a1bd3272/execute/sync - {"script":"<script> [8489 bytes]","args":[{"element-6066-11e4-a52e-4f735466cecf":"f.67C485243A32FFDA319564F2291E9928.d.818823808109A1D4705CDB8BB2F0AC4A.e.868","ELEMENT":"f.67C485243A32FFDA319564F2291E9928.d.818823808109A1D4705CDB8BB2F0AC4A.e.868"}]}
COMMAND: GET /session/4901a3b2b8b0c5830f581bb3a1bd3272/screenshot - {}
RESULT: {}
RESULT: {"script":"<script> [8489 bytes]","args":[{"element-6066-11e4-a52e-4f735466cecf":"f.67C485243A32FFDA319564F2291E9928.d.818823808109A1D4705CDB8BB2F0AC4A.e.868","ELEMENT":"f.67C485243A32FFDA319564F2291E9928.d.818823808109A1D4705CDB8BB2F0AC4A.e.868"}]}
COMMAND: POST /session/4901a3b2b8b0c5830f581bb3a1bd3272/execute/sync - {"script":"<script> [5351 bytes]","args":[{"element-6066-11e4-a52e-4f735466cecf":"f.67C485243A32FFDA319564F2291E9928.d.818823808109A1D4705CDB8BB2F0AC4A.e.868","ELEMENT":"f.67C485243A32FFDA319564F2291E9928.d.818823808109A1D4705CDB8BB2F0AC4A.e.868"}]}
COMMAND: GET /session/4901a3b2b8b0c5830f581bb3a1bd3272/screenshot - {}
RESULT: {}
RESULT: {"script":"<script> [5351 bytes]","args":[{"element-6066-11e4-a52e-4f735466cecf":"f.67C485243A32FFDA319564F2291E9928.d.818823808109A1D4705CDB8BB2F0AC4A.e.868","ELEMENT":"f.67C485243A32FFDA319564F2291E9928.d.818823808109A1D4705CDB8BB2F0AC4A.e.868"}]}
COMMAND: GET /session/4901a3b2b8b0c5830f581bb3a1bd3272/screenshot - {}
RESULT: {}
RESULT: {}
RESULT: undefined
COMMAND: POST /session/4901a3b2b8b0c5830f581bb3a1bd3272/execute/async - {"script":"<script> [776 bytes]","args":[{"enterText":"tkkP1QPtD6","selector":{"id":"application-addressmanagement-display-component---masterAdm--smartFilterBar-btnBasicSearch","interaction":{"idSuffix":"I"}},"clearTextFirst":true,"interactionType":"ENTER_TEXT"}]}
RESULT: {"script":"<script> [776 bytes]","args":[{"enterText":"tkkP1QPtD6","selector":{"id":"application-addressmanagement-display-component---masterAdm--smartFilterBar-btnBasicSearch","interaction":{"idSuffix":"I"}},"clearTextFirst":true,"interactionType":"ENTER_TEXT"}]}
COMMAND: POST /session/4901a3b2b8b0c5830f581bb3a1bd3272/actions - {"actions":[{"id":"action3","type":"key","parameters":{},"actions":[{"type":"keyDown","value":""},{"type":"pause","duration":10},{"type":"keyUp","value":""}]}]}
RESULT: {"actions":[{"id":"action3","type":"key","parameters":{},"actions":[{"type":"keyDown","value":""},{"type":"pause","duration":10},{"type":"keyUp","value":""}]}]}
COMMAND: GET /session/4901a3b2b8b0c5830f581bb3a1bd3272/screenshot - {}
RESULT: {}
COMMAND: POST /session/4901a3b2b8b0c5830f581bb3a1bd3272/elements - {"using":"xpath","value":"//table[contains(@id, \"customPersonsAddressesTable-listUl\")]/tbody/tr"}
RESULT: {"using":"xpath","value":"//table[contains(@id, \"customPersonsAddressesTable-listUl\")]/tbody/tr"}
COMMAND: POST /session/4901a3b2b8b0c5830f581bb3a1bd3272/element - {"using":"xpath","value":"//table[contains(@id, \"customPersonsAddressesTable-listUl\")]/tbody/tr[1]/td[5]/span/span"}
RESULT: {"using":"xpath","value":"//table[contains(@id, \"customPersonsAddressesTable-listUl\")]/tbody/tr[1]/td[5]/span/span"}
COMMAND: POST /session/4901a3b2b8b0c5830f581bb3a1bd3272/element - {"using":"xpath","value":"//table[contains(@id, \"customPersonsAddressesTable-listUl\")]/tbody/tr[1]/td[3]/span"}
RESULT: {"using":"xpath","value":"//table[contains(@id, \"customPersonsAddressesTable-listUl\")]/tbody/tr[1]/td[3]/span"}
COMMAND: POST /session/4901a3b2b8b0c5830f581bb3a1bd3272/elements - {"using":"xpath","value":"//table[contains(@id, \"customPersonsAddressesTable-listUl\")]/tbody/tr[1]/td[5]/span/span"}
RESULT: {"using":"xpath","value":"//table[contains(@id, \"customPersonsAddressesTable-listUl\")]/tbody/tr[1]/td[5]/span/span"}
COMMAND: POST /session/4901a3b2b8b0c5830f581bb3a1bd3272/execute/sync - {"script":"<script> [56 bytes]","args":[{"element-6066-11e4-a52e-4f735466cecf":"f.67C485243A32FFDA319564F2291E9928.d.818823808109A1D4705CDB8BB2F0AC4A.e.1003","ELEMENT":"f.67C485243A32FFDA319564F2291E9928.d.818823808109A1D4705CDB8BB2F0AC4A.e.1003"}]}
RESULT: {"script":"<script> [56 bytes]","args":[{"element-6066-11e4-a52e-4f735466cecf":"f.67C485243A32FFDA319564F2291E9928.d.818823808109A1D4705CDB8BB2F0AC4A.e.1003","ELEMENT":"f.67C485243A32FFDA319564F2291E9928.d.818823808109A1D4705CDB8BB2F0AC4A.e.1003"}]}
COMMAND: POST /session/4901a3b2b8b0c5830f581bb3a1bd3272/execute/sync - {"script":"<script> [56 bytes]","args":[{"element-6066-11e4-a52e-4f735466cecf":"f.67C485243A32FFDA319564F2291E9928.d.818823808109A1D4705CDB8BB2F0AC4A.e.1004","ELEMENT":"f.67C485243A32FFDA319564F2291E9928.d.818823808109A1D4705CDB8BB2F0AC4A.e.1004"}]}
COMMAND: GET /session/4901a3b2b8b0c5830f581bb3a1bd3272/screenshot - {}
RESULT: {"script":"<script> [56 bytes]","args":[{"element-6066-11e4-a52e-4f735466cecf":"f.67C485243A32FFDA319564F2291E9928.d.818823808109A1D4705CDB8BB2F0AC4A.e.1004","ELEMENT":"f.67C485243A32FFDA319564F2291E9928.d.818823808109A1D4705CDB8BB2F0AC4A.e.1004"}]}
COMMAND: POST /session/4901a3b2b8b0c5830f581bb3a1bd3272/element - {"using":"xpath","value":"//table[contains(@id, \"customPersonsAddressesTable-listUl\")]/tbody/tr[1]/td[10]/div/span"}
COMMAND: GET /session/4901a3b2b8b0c5830f581bb3a1bd3272/screenshot - {}
RESULT: {}
RESULT: {"using":"xpath","value":"//table[contains(@id, \"customPersonsAddressesTable-listUl\")]/tbody/tr[1]/td[10]/div/span"}
COMMAND: POST /session/4901a3b2b8b0c5830f581bb3a1bd3272/execute/sync - {"script":"<script> [56 bytes]","args":[{"element-6066-11e4-a52e-4f735466cecf":"f.67C485243A32FFDA319564F2291E9928.d.818823808109A1D4705CDB8BB2F0AC4A.e.1005","ELEMENT":"f.67C485243A32FFDA319564F2291E9928.d.818823808109A1D4705CDB8BB2F0AC4A.e.1005"}]}
RESULT: {}
RESULT: {"script":"<script> [56 bytes]","args":[{"element-6066-11e4-a52e-4f735466cecf":"f.67C485243A32FFDA319564F2291E9928.d.818823808109A1D4705CDB8BB2F0AC4A.e.1005","ELEMENT":"f.67C485243A32FFDA319564F2291E9928.d.818823808109A1D4705CDB8BB2F0AC4A.e.1005"}]}
COMMAND: POST /session/4901a3b2b8b0c5830f581bb3a1bd3272/element - {"using":"xpath","value":"//table[contains(@id, \"customPersonsAddressesTable-listUl\")]/tbody/tr[1]/td[2]/div/div"}
COMMAND: GET /session/4901a3b2b8b0c5830f581bb3a1bd3272/screenshot - {}
RESULT: {"using":"xpath","value":"//table[contains(@id, \"customPersonsAddressesTable-listUl\")]/tbody/tr[1]/td[2]/div/div"}
COMMAND: POST /session/4901a3b2b8b0c5830f581bb3a1bd3272/element/f.67C485243A32FFDA319564F2291E9928.d.818823808109A1D4705CDB8BB2F0AC4A.e.1006/click - {}
RESULT: {}
RESULT: {}
COMMAND: GET /session/4901a3b2b8b0c5830f581bb3a1bd3272/screenshot - {}
RESULT: {}
COMMAND: POST /session/4901a3b2b8b0c5830f581bb3a1bd3272/element - {"using":"xpath","value":"//bdi[contains(text(), \"Activate\")]"}
RESULT: {"using":"xpath","value":"//bdi[contains(text(), \"Activate\")]"}
COMMAND: POST /session/4901a3b2b8b0c5830f581bb3a1bd3272/element/f.67C485243A32FFDA319564F2291E9928.d.818823808109A1D4705CDB8BB2F0AC4A.e.1007/click - {}
RESULT: {}
COMMAND: GET /session/4901a3b2b8b0c5830f581bb3a1bd3272/screenshot - {}
RESULT: {}
COMMAND: POST /session/4901a3b2b8b0c5830f581bb3a1bd3272/element - {"using":"xpath","value":"//bdi[contains(text(), \"Yes\")]"}
RESULT: {"using":"xpath","value":"//bdi[contains(text(), \"Yes\")]"}
COMMAND: POST /session/4901a3b2b8b0c5830f581bb3a1bd3272/element/f.67C485243A32FFDA319564F2291E9928.d.818823808109A1D4705CDB8BB2F0AC4A.e.1009/click - {}
RESULT: {}
COMMAND: GET /session/4901a3b2b8b0c5830f581bb3a1bd3272/screenshot - {}
RESULT: {}
COMMAND: POST /session/4901a3b2b8b0c5830f581bb3a1bd3272/element - {"using":"xpath","value":"//table[contains(@id, \"customPersonsAddressesTable-listUl\")]/tbody/tr[1]/td[10]/div/span"}
RESULT: {"using":"xpath","value":"//table[contains(@id, \"customPersonsAddressesTable-listUl\")]/tbody/tr[1]/td[10]/div/span"}
COMMAND: POST /session/4901a3b2b8b0c5830f581bb3a1bd3272/execute/sync - {"script":"<script> [56 bytes]","args":[{"element-6066-11e4-a52e-4f735466cecf":"f.67C485243A32FFDA319564F2291E9928.d.818823808109A1D4705CDB8BB2F0AC4A.e.1005","ELEMENT":"f.67C485243A32FFDA319564F2291E9928.d.818823808109A1D4705CDB8BB2F0AC4A.e.1005"}]}
RESULT: {"script":"<script> [56 bytes]","args":[{"element-6066-11e4-a52e-4f735466cecf":"f.67C485243A32FFDA319564F2291E9928.d.818823808109A1D4705CDB8BB2F0AC4A.e.1005","ELEMENT":"f.67C485243A32FFDA319564F2291E9928.d.818823808109A1D4705CDB8BB2F0AC4A.e.1005"}]}
COMMAND: GET /session/4901a3b2b8b0c5830f581bb3a1bd3272/screenshot - {}
RESULT: {}
COMMAND: POST /session/4901a3b2b8b0c5830f581bb3a1bd3272/element - {"using":"css selector","value":"#shell-header-logo"}
RESULT: {"using":"css selector","value":"#shell-header-logo"}
COMMAND: POST /session/4901a3b2b8b0c5830f581bb3a1bd3272/element/f.67C485243A32FFDA319564F2291E9928.d.818823808109A1D4705CDB8BB2F0AC4A.e.809/click - {}
RESULT: {}
COMMAND: GET /session/4901a3b2b8b0c5830f581bb3a1bd3272/screenshot - {}
RESULT: {}
]]></system-out>
    </testcase>
    <testcase classname="chrome.136_0_7103_93.windows.Address_Management_Tests_US156181_US151165_US151160_US156180_US156178_US151157_US151172_US151170_US151166_US151168" name="Step 4 Should verify searches US156180 edit person and address US156178" time="75.668">
      <system-out><![CDATA[
RESULT: undefined
COMMAND: POST /session/4901a3b2b8b0c5830f581bb3a1bd3272/element - {"using":"xpath","value":"//*[@id=\"__tile33\"]"}
RESULT: {"using":"xpath","value":"//*[@id=\"__tile33\"]"}
COMMAND: POST /session/4901a3b2b8b0c5830f581bb3a1bd3272/element/f.67C485243A32FFDA319564F2291E9928.d.818823808109A1D4705CDB8BB2F0AC4A.e.215/click - {}
RESULT: {}
COMMAND: GET /session/4901a3b2b8b0c5830f581bb3a1bd3272/screenshot - {}
RESULT: {}
COMMAND: POST /session/4901a3b2b8b0c5830f581bb3a1bd3272/elements - {"using":"xpath","value":"//span[text()='Error']"}
RESULT: {"using":"xpath","value":"//span[text()='Error']"}
COMMAND: POST /session/4901a3b2b8b0c5830f581bb3a1bd3272/element - {"using":"xpath","value":"//button[@data-kt=\"addButton\"]"}
RESULT: {"using":"xpath","value":"//button[@data-kt=\"addButton\"]"}
COMMAND: POST /session/4901a3b2b8b0c5830f581bb3a1bd3272/elements - {"using":"xpath","value":"//button[@data-kt=\"addButton\"]"}
RESULT: {"using":"xpath","value":"//button[@data-kt=\"addButton\"]"}
COMMAND: POST /session/4901a3b2b8b0c5830f581bb3a1bd3272/execute/sync - {"script":"<script> [8489 bytes]","args":[{"element-6066-11e4-a52e-4f735466cecf":"f.67C485243A32FFDA319564F2291E9928.d.818823808109A1D4705CDB8BB2F0AC4A.e.1065","ELEMENT":"f.67C485243A32FFDA319564F2291E9928.d.818823808109A1D4705CDB8BB2F0AC4A.e.1065"}]}
RESULT: {"script":"<script> [8489 bytes]","args":[{"element-6066-11e4-a52e-4f735466cecf":"f.67C485243A32FFDA319564F2291E9928.d.818823808109A1D4705CDB8BB2F0AC4A.e.1065","ELEMENT":"f.67C485243A32FFDA319564F2291E9928.d.818823808109A1D4705CDB8BB2F0AC4A.e.1065"}]}
COMMAND: GET /session/4901a3b2b8b0c5830f581bb3a1bd3272/element/f.67C485243A32FFDA319564F2291E9928.d.818823808109A1D4705CDB8BB2F0AC4A.e.1065/enabled - {}
COMMAND: GET /session/4901a3b2b8b0c5830f581bb3a1bd3272/screenshot - {}
RESULT: {}
COMMAND: POST /session/4901a3b2b8b0c5830f581bb3a1bd3272/execute/sync - {"script":"<script> [8489 bytes]","args":[{"element-6066-11e4-a52e-4f735466cecf":"f.67C485243A32FFDA319564F2291E9928.d.818823808109A1D4705CDB8BB2F0AC4A.e.1065","ELEMENT":"f.67C485243A32FFDA319564F2291E9928.d.818823808109A1D4705CDB8BB2F0AC4A.e.1065"}]}
COMMAND: GET /session/4901a3b2b8b0c5830f581bb3a1bd3272/screenshot - {}
RESULT: {}
RESULT: {"script":"<script> [8489 bytes]","args":[{"element-6066-11e4-a52e-4f735466cecf":"f.67C485243A32FFDA319564F2291E9928.d.818823808109A1D4705CDB8BB2F0AC4A.e.1065","ELEMENT":"f.67C485243A32FFDA319564F2291E9928.d.818823808109A1D4705CDB8BB2F0AC4A.e.1065"}]}
COMMAND: POST /session/4901a3b2b8b0c5830f581bb3a1bd3272/execute/sync - {"script":"<script> [5351 bytes]","args":[{"element-6066-11e4-a52e-4f735466cecf":"f.67C485243A32FFDA319564F2291E9928.d.818823808109A1D4705CDB8BB2F0AC4A.e.1065","ELEMENT":"f.67C485243A32FFDA319564F2291E9928.d.818823808109A1D4705CDB8BB2F0AC4A.e.1065"}]}
COMMAND: GET /session/4901a3b2b8b0c5830f581bb3a1bd3272/screenshot - {}
RESULT: {}
RESULT: {"script":"<script> [5351 bytes]","args":[{"element-6066-11e4-a52e-4f735466cecf":"f.67C485243A32FFDA319564F2291E9928.d.818823808109A1D4705CDB8BB2F0AC4A.e.1065","ELEMENT":"f.67C485243A32FFDA319564F2291E9928.d.818823808109A1D4705CDB8BB2F0AC4A.e.1065"}]}
COMMAND: GET /session/4901a3b2b8b0c5830f581bb3a1bd3272/screenshot - {}
RESULT: {}
RESULT: {}
RESULT: undefined
COMMAND: POST /session/4901a3b2b8b0c5830f581bb3a1bd3272/execute/async - {"script":"<script> [776 bytes]","args":[{"enterText":"tkkP1QPtD6","selector":{"id":"application-addressmanagement-display-component---masterAdm--smartFilterBar-btnBasicSearch","interaction":{"idSuffix":"I"}},"clearTextFirst":true,"interactionType":"ENTER_TEXT"}]}
RESULT: {"script":"<script> [776 bytes]","args":[{"enterText":"tkkP1QPtD6","selector":{"id":"application-addressmanagement-display-component---masterAdm--smartFilterBar-btnBasicSearch","interaction":{"idSuffix":"I"}},"clearTextFirst":true,"interactionType":"ENTER_TEXT"}]}
COMMAND: POST /session/4901a3b2b8b0c5830f581bb3a1bd3272/actions - {"actions":[{"id":"action4","type":"key","parameters":{},"actions":[{"type":"keyDown","value":""},{"type":"pause","duration":10},{"type":"keyUp","value":""}]}]}
RESULT: {"actions":[{"id":"action4","type":"key","parameters":{},"actions":[{"type":"keyDown","value":""},{"type":"pause","duration":10},{"type":"keyUp","value":""}]}]}
COMMAND: GET /session/4901a3b2b8b0c5830f581bb3a1bd3272/screenshot - {}
RESULT: {}
COMMAND: POST /session/4901a3b2b8b0c5830f581bb3a1bd3272/elements - {"using":"xpath","value":"//table[contains(@id, \"customPersonsAddressesTable-listUl\")]/tbody/tr"}
RESULT: {"using":"xpath","value":"//table[contains(@id, \"customPersonsAddressesTable-listUl\")]/tbody/tr"}
COMMAND: POST /session/4901a3b2b8b0c5830f581bb3a1bd3272/element - {"using":"xpath","value":"//table[contains(@id, \"customPersonsAddressesTable-listUl\")]/tbody/tr[1]/td[5]/span/span"}
RESULT: {"using":"xpath","value":"//table[contains(@id, \"customPersonsAddressesTable-listUl\")]/tbody/tr[1]/td[5]/span/span"}
COMMAND: POST /session/4901a3b2b8b0c5830f581bb3a1bd3272/element - {"using":"xpath","value":"//table[contains(@id, \"customPersonsAddressesTable-listUl\")]/tbody/tr[1]/td[3]/span"}
RESULT: {"using":"xpath","value":"//table[contains(@id, \"customPersonsAddressesTable-listUl\")]/tbody/tr[1]/td[3]/span"}
COMMAND: POST /session/4901a3b2b8b0c5830f581bb3a1bd3272/elements - {"using":"xpath","value":"//table[contains(@id, \"customPersonsAddressesTable-listUl\")]/tbody/tr[1]/td[5]/span/span"}
RESULT: {"using":"xpath","value":"//table[contains(@id, \"customPersonsAddressesTable-listUl\")]/tbody/tr[1]/td[5]/span/span"}
COMMAND: POST /session/4901a3b2b8b0c5830f581bb3a1bd3272/execute/sync - {"script":"<script> [56 bytes]","args":[{"element-6066-11e4-a52e-4f735466cecf":"f.67C485243A32FFDA319564F2291E9928.d.818823808109A1D4705CDB8BB2F0AC4A.e.1207","ELEMENT":"f.67C485243A32FFDA319564F2291E9928.d.818823808109A1D4705CDB8BB2F0AC4A.e.1207"}]}
RESULT: {"script":"<script> [56 bytes]","args":[{"element-6066-11e4-a52e-4f735466cecf":"f.67C485243A32FFDA319564F2291E9928.d.818823808109A1D4705CDB8BB2F0AC4A.e.1207","ELEMENT":"f.67C485243A32FFDA319564F2291E9928.d.818823808109A1D4705CDB8BB2F0AC4A.e.1207"}]}
COMMAND: POST /session/4901a3b2b8b0c5830f581bb3a1bd3272/execute/sync - {"script":"<script> [56 bytes]","args":[{"element-6066-11e4-a52e-4f735466cecf":"f.67C485243A32FFDA319564F2291E9928.d.818823808109A1D4705CDB8BB2F0AC4A.e.1208","ELEMENT":"f.67C485243A32FFDA319564F2291E9928.d.818823808109A1D4705CDB8BB2F0AC4A.e.1208"}]}
COMMAND: GET /session/4901a3b2b8b0c5830f581bb3a1bd3272/screenshot - {}
RESULT: {"script":"<script> [56 bytes]","args":[{"element-6066-11e4-a52e-4f735466cecf":"f.67C485243A32FFDA319564F2291E9928.d.818823808109A1D4705CDB8BB2F0AC4A.e.1208","ELEMENT":"f.67C485243A32FFDA319564F2291E9928.d.818823808109A1D4705CDB8BB2F0AC4A.e.1208"}]}
COMMAND: POST /session/4901a3b2b8b0c5830f581bb3a1bd3272/element - {"using":"xpath","value":"(//span[contains(@id, \"imgNav\")])[1]"}
COMMAND: GET /session/4901a3b2b8b0c5830f581bb3a1bd3272/screenshot - {}
RESULT: {}
RESULT: {"using":"xpath","value":"(//span[contains(@id, \"imgNav\")])[1]"}
COMMAND: POST /session/4901a3b2b8b0c5830f581bb3a1bd3272/element/f.67C485243A32FFDA319564F2291E9928.d.818823808109A1D4705CDB8BB2F0AC4A.e.1204/click - {}
RESULT: {}
RESULT: {}
COMMAND: GET /session/4901a3b2b8b0c5830f581bb3a1bd3272/screenshot - {}
RESULT: {}
COMMAND: POST /session/4901a3b2b8b0c5830f581bb3a1bd3272/element - {"using":"xpath","value":"//bdi[contains(text(), \"Edit\")]"}
RESULT: {"using":"xpath","value":"//bdi[contains(text(), \"Edit\")]"}
COMMAND: POST /session/4901a3b2b8b0c5830f581bb3a1bd3272/element/f.67C485243A32FFDA319564F2291E9928.d.818823808109A1D4705CDB8BB2F0AC4A.e.1332/click - {}
RESULT: {}
COMMAND: GET /session/4901a3b2b8b0c5830f581bb3a1bd3272/screenshot - {}
RESULT: {}
COMMAND: POST /session/4901a3b2b8b0c5830f581bb3a1bd3272/execute/async - {"script":"<script> [1562 bytes]","args":[{"selector":{"controlType":"sap.ui.core.Icon","viewName":"etm.portal.ui.addressmanagement.view.EditDetail","properties":{"src":{"regex":{"source":"slim\\-arrow\\-down"}}},"ancestor":{"id":"addressTitle","viewName":"etm.portal.ui.addressmanagement.view.EditDetail"}},"wdio_ui5_key":"etmportal.ui.addressmanagement.view.EditDetailsap.ui.core.Icon{\"src\":{\"regex\":{\"source\":\"slim\\\\-arrow\\\\-down\"}}}{\"id\":\"addressTitle\",\"viewName\":\"etm.portal.ui.addressmanagement.view.EditDetail\"}"}]}
RESULT: {"script":"<script> [1562 bytes]","args":[{"selector":{"controlType":"sap.ui.core.Icon","viewName":"etm.portal.ui.addressmanagement.view.EditDetail","properties":{"src":{"regex":{"source":"slim\\-arrow\\-down"}}},"ancestor":{"id":"addressTitle","viewName":"etm.portal.ui.addressmanagement.view.EditDetail"}},"wdio_ui5_key":"etmportal.ui.addressmanagement.view.EditDetailsap.ui.core.Icon{\"src\":{\"regex\":{\"source\":\"slim\\\\-arrow\\\\-down\"}}}{\"id\":\"addressTitle\",\"viewName\":\"etm.portal.ui.addressmanagement.view.EditDetail\"}"}]}
RESULT: undefined
COMMAND: POST /session/4901a3b2b8b0c5830f581bb3a1bd3272/element - {"using":"xpath","value":"//*[@id=\"__xmlview59--addressTitle-arrow\"]"}
RESULT: {"using":"xpath","value":"//*[@id=\"__xmlview59--addressTitle-arrow\"]"}
COMMAND: POST /session/4901a3b2b8b0c5830f581bb3a1bd3272/element/f.67C485243A32FFDA319564F2291E9928.d.818823808109A1D4705CDB8BB2F0AC4A.e.1372/click - {}
RESULT: {}
COMMAND: GET /session/4901a3b2b8b0c5830f581bb3a1bd3272/screenshot - {}
RESULT: {}
COMMAND: POST /session/4901a3b2b8b0c5830f581bb3a1bd3272/element - {"using":"xpath","value":"//li[.//span[text()=\"Mr.\"]]"}
RESULT: {"using":"xpath","value":"//li[.//span[text()=\"Mr.\"]]"}
COMMAND: POST /session/4901a3b2b8b0c5830f581bb3a1bd3272/element/f.67C485243A32FFDA319564F2291E9928.d.818823808109A1D4705CDB8BB2F0AC4A.e.1374/click - {}
RESULT: {}
COMMAND: GET /session/4901a3b2b8b0c5830f581bb3a1bd3272/screenshot - {}
RESULT: {}
COMMAND: POST /session/4901a3b2b8b0c5830f581bb3a1bd3272/execute/async - {"script":"<script> [1562 bytes]","args":[{"selector":{"controlType":"sap.m.Input","viewName":"etm.portal.ui.addressmanagement.view.EditDetail","labelFor":{"text":"Last Name"},"interaction":{"idSuffix":"inner"}},"wdio_ui5_key":"etmportal.ui.addressmanagement.view.EditDetailsap.m.Input{\"text\":\"Last Name\"}"}]}
RESULT: {"script":"<script> [1562 bytes]","args":[{"selector":{"controlType":"sap.m.Input","viewName":"etm.portal.ui.addressmanagement.view.EditDetail","labelFor":{"text":"Last Name"},"interaction":{"idSuffix":"inner"}},"wdio_ui5_key":"etmportal.ui.addressmanagement.view.EditDetailsap.m.Input{\"text\":\"Last Name\"}"}]}
RESULT: undefined
COMMAND: POST /session/4901a3b2b8b0c5830f581bb3a1bd3272/execute/async - {"script":"<script> [776 bytes]","args":[{"enterText":"EDIT John Cena","selector":{"controlType":"sap.m.Input","viewName":"etm.portal.ui.addressmanagement.view.EditDetail","labelFor":{"text":"Last Name"},"interaction":{"idSuffix":"inner"}},"clearTextFirst":true,"interactionType":"ENTER_TEXT"}]}
RESULT: {"script":"<script> [776 bytes]","args":[{"enterText":"EDIT John Cena","selector":{"controlType":"sap.m.Input","viewName":"etm.portal.ui.addressmanagement.view.EditDetail","labelFor":{"text":"Last Name"},"interaction":{"idSuffix":"inner"}},"clearTextFirst":true,"interactionType":"ENTER_TEXT"}]}
COMMAND: POST /session/4901a3b2b8b0c5830f581bb3a1bd3272/execute/async - {"script":"<script> [1562 bytes]","args":[{"selector":{"controlType":"sap.ui.core.Icon","viewName":"etm.portal.ui.addressmanagement.view.EditDetail","properties":{"src":{"regex":{"source":"slim\\-arrow\\-down"}}},"ancestor":{"id":"addressDetailDetailsLanguage","viewName":"etm.portal.ui.addressmanagement.view.EditDetail"}},"wdio_ui5_key":"etmportal.ui.addressmanagement.view.EditDetailsap.ui.core.Icon{\"src\":{\"regex\":{\"source\":\"slim\\\\-arrow\\\\-down\"}}}{\"id\":\"addressDetailDetailsLanguage\",\"viewName\":\"etm.portal.ui.addressmanagement.view.EditDetail\"}"}]}
RESULT: {"script":"<script> [1562 bytes]","args":[{"selector":{"controlType":"sap.ui.core.Icon","viewName":"etm.portal.ui.addressmanagement.view.EditDetail","properties":{"src":{"regex":{"source":"slim\\-arrow\\-down"}}},"ancestor":{"id":"addressDetailDetailsLanguage","viewName":"etm.portal.ui.addressmanagement.view.EditDetail"}},"wdio_ui5_key":"etmportal.ui.addressmanagement.view.EditDetailsap.ui.core.Icon{\"src\":{\"regex\":{\"source\":\"slim\\\\-arrow\\\\-down\"}}}{\"id\":\"addressDetailDetailsLanguage\",\"viewName\":\"etm.portal.ui.addressmanagement.view.EditDetail\"}"}]}
RESULT: undefined
COMMAND: POST /session/4901a3b2b8b0c5830f581bb3a1bd3272/element - {"using":"xpath","value":"//*[@id=\"__xmlview59--addressDetailDetailsLanguage-arrow\"]"}
RESULT: {"using":"xpath","value":"//*[@id=\"__xmlview59--addressDetailDetailsLanguage-arrow\"]"}
COMMAND: POST /session/4901a3b2b8b0c5830f581bb3a1bd3272/element/f.67C485243A32FFDA319564F2291E9928.d.818823808109A1D4705CDB8BB2F0AC4A.e.1377/click - {}
RESULT: {}
COMMAND: GET /session/4901a3b2b8b0c5830f581bb3a1bd3272/screenshot - {}
RESULT: {}
COMMAND: POST /session/4901a3b2b8b0c5830f581bb3a1bd3272/element - {"using":"xpath","value":"//span[contains(text(), \"Bulgarian\")]"}
RESULT: {"using":"xpath","value":"//span[contains(text(), \"Bulgarian\")]"}
COMMAND: POST /session/4901a3b2b8b0c5830f581bb3a1bd3272/element/f.67C485243A32FFDA319564F2291E9928.d.818823808109A1D4705CDB8BB2F0AC4A.e.1378/click - {}
RESULT: {}
COMMAND: GET /session/4901a3b2b8b0c5830f581bb3a1bd3272/screenshot - {}
RESULT: {}
COMMAND: POST /session/4901a3b2b8b0c5830f581bb3a1bd3272/execute/async - {"script":"<script> [1562 bytes]","args":[{"selector":{"controlType":"sap.m.Input","viewName":"etm.portal.ui.addressmanagement.view.EditDetail","labelFor":{"text":"ZIP/Postal code"},"interaction":{"idSuffix":"inner"}},"wdio_ui5_key":"etmportal.ui.addressmanagement.view.EditDetailsap.m.Input{\"text\":\"ZIP/Postal code\"}"}]}
RESULT: {"script":"<script> [1562 bytes]","args":[{"selector":{"controlType":"sap.m.Input","viewName":"etm.portal.ui.addressmanagement.view.EditDetail","labelFor":{"text":"ZIP/Postal code"},"interaction":{"idSuffix":"inner"}},"wdio_ui5_key":"etmportal.ui.addressmanagement.view.EditDetailsap.m.Input{\"text\":\"ZIP/Postal code\"}"}]}
RESULT: undefined
COMMAND: POST /session/4901a3b2b8b0c5830f581bb3a1bd3272/execute/async - {"script":"<script> [776 bytes]","args":[{"enterText":"500292","selector":{"controlType":"sap.m.Input","viewName":"etm.portal.ui.addressmanagement.view.EditDetail","labelFor":{"text":"ZIP/Postal code"},"interaction":{"idSuffix":"inner"}},"clearTextFirst":true,"interactionType":"ENTER_TEXT"}]}
RESULT: {"script":"<script> [776 bytes]","args":[{"enterText":"500292","selector":{"controlType":"sap.m.Input","viewName":"etm.portal.ui.addressmanagement.view.EditDetail","labelFor":{"text":"ZIP/Postal code"},"interaction":{"idSuffix":"inner"}},"clearTextFirst":true,"interactionType":"ENTER_TEXT"}]}
COMMAND: POST /session/4901a3b2b8b0c5830f581bb3a1bd3272/execute/async - {"script":"<script> [1562 bytes]","args":[{"selector":{"id":"addressDetailContactsEmail","viewName":"etm.portal.ui.addressmanagement.view.EditDetail","interaction":{"idSuffix":"inner"}},"wdio_ui5_key":"addressDetailContactsEmailetmportal.ui.addressmanagement.view.EditDetail"}]}
RESULT: {"script":"<script> [1562 bytes]","args":[{"selector":{"id":"addressDetailContactsEmail","viewName":"etm.portal.ui.addressmanagement.view.EditDetail","interaction":{"idSuffix":"inner"}},"wdio_ui5_key":"addressDetailContactsEmailetmportal.ui.addressmanagement.view.EditDetail"}]}
RESULT: undefined
COMMAND: POST /session/4901a3b2b8b0c5830f581bb3a1bd3272/execute/async - {"script":"<script> [776 bytes]","args":[{"enterText":"webdriverrules@emailfake.com","selector":{"id":"addressDetailContactsEmail","viewName":"etm.portal.ui.addressmanagement.view.EditDetail","interaction":{"idSuffix":"inner"}},"clearTextFirst":true,"interactionType":"ENTER_TEXT"}]}
RESULT: {"script":"<script> [776 bytes]","args":[{"enterText":"webdriverrules@emailfake.com","selector":{"id":"addressDetailContactsEmail","viewName":"etm.portal.ui.addressmanagement.view.EditDetail","interaction":{"idSuffix":"inner"}},"clearTextFirst":true,"interactionType":"ENTER_TEXT"}]}
COMMAND: POST /session/4901a3b2b8b0c5830f581bb3a1bd3272/execute/async - {"script":"<script> [1562 bytes]","args":[{"selector":{"id":"addressUserJobTitle","viewName":"etm.portal.ui.addressmanagement.view.EditDetail","interaction":{"idSuffix":"inner"}},"wdio_ui5_key":"addressUserJobTitleetmportal.ui.addressmanagement.view.EditDetail"}]}
RESULT: {"script":"<script> [1562 bytes]","args":[{"selector":{"id":"addressUserJobTitle","viewName":"etm.portal.ui.addressmanagement.view.EditDetail","interaction":{"idSuffix":"inner"}},"wdio_ui5_key":"addressUserJobTitleetmportal.ui.addressmanagement.view.EditDetail"}]}
RESULT: undefined
COMMAND: POST /session/4901a3b2b8b0c5830f581bb3a1bd3272/execute/async - {"script":"<script> [776 bytes]","args":[{"enterText":"director","selector":{"id":"addressUserJobTitle","viewName":"etm.portal.ui.addressmanagement.view.EditDetail","interaction":{"idSuffix":"inner"}},"clearTextFirst":true,"interactionType":"ENTER_TEXT"}]}
RESULT: {"script":"<script> [776 bytes]","args":[{"enterText":"director","selector":{"id":"addressUserJobTitle","viewName":"etm.portal.ui.addressmanagement.view.EditDetail","interaction":{"idSuffix":"inner"}},"clearTextFirst":true,"interactionType":"ENTER_TEXT"}]}
COMMAND: POST /session/4901a3b2b8b0c5830f581bb3a1bd3272/execute/async - {"script":"<script> [1562 bytes]","args":[{"selector":{"id":"tagMultiInput","viewName":"etm.portal.ui.addressmanagement.view.EditDetail","interaction":{"idSuffix":"inner"}},"wdio_ui5_key":"tagMultiInputetmportal.ui.addressmanagement.view.EditDetail"}]}
RESULT: {"script":"<script> [1562 bytes]","args":[{"selector":{"id":"tagMultiInput","viewName":"etm.portal.ui.addressmanagement.view.EditDetail","interaction":{"idSuffix":"inner"}},"wdio_ui5_key":"tagMultiInputetmportal.ui.addressmanagement.view.EditDetail"}]}
RESULT: undefined
COMMAND: POST /session/4901a3b2b8b0c5830f581bb3a1bd3272/execute/async - {"script":"<script> [776 bytes]","args":[{"enterText":"testyTag1","selector":{"id":"tagMultiInput","viewName":"etm.portal.ui.addressmanagement.view.EditDetail","interaction":{"idSuffix":"inner"}},"clearTextFirst":true,"interactionType":"ENTER_TEXT"}]}
RESULT: {"script":"<script> [776 bytes]","args":[{"enterText":"testyTag1","selector":{"id":"tagMultiInput","viewName":"etm.portal.ui.addressmanagement.view.EditDetail","interaction":{"idSuffix":"inner"}},"clearTextFirst":true,"interactionType":"ENTER_TEXT"}]}
COMMAND: POST /session/4901a3b2b8b0c5830f581bb3a1bd3272/actions - {"actions":[{"id":"action5","type":"key","parameters":{},"actions":[{"type":"keyDown","value":""},{"type":"pause","duration":10},{"type":"keyUp","value":""}]}]}
RESULT: {"actions":[{"id":"action5","type":"key","parameters":{},"actions":[{"type":"keyDown","value":""},{"type":"pause","duration":10},{"type":"keyUp","value":""}]}]}
COMMAND: GET /session/4901a3b2b8b0c5830f581bb3a1bd3272/screenshot - {}
RESULT: {}
RESULT: undefined
COMMAND: POST /session/4901a3b2b8b0c5830f581bb3a1bd3272/execute/async - {"script":"<script> [776 bytes]","args":[{"enterText":"taggyTag2","selector":{"id":"tagMultiInput","viewName":"etm.portal.ui.addressmanagement.view.EditDetail","interaction":{"idSuffix":"inner"}},"clearTextFirst":true,"interactionType":"ENTER_TEXT"}]}
RESULT: {"script":"<script> [776 bytes]","args":[{"enterText":"taggyTag2","selector":{"id":"tagMultiInput","viewName":"etm.portal.ui.addressmanagement.view.EditDetail","interaction":{"idSuffix":"inner"}},"clearTextFirst":true,"interactionType":"ENTER_TEXT"}]}
COMMAND: POST /session/4901a3b2b8b0c5830f581bb3a1bd3272/actions - {"actions":[{"id":"action6","type":"key","parameters":{},"actions":[{"type":"keyDown","value":""},{"type":"pause","duration":10},{"type":"keyUp","value":""}]}]}
RESULT: {"actions":[{"id":"action6","type":"key","parameters":{},"actions":[{"type":"keyDown","value":""},{"type":"pause","duration":10},{"type":"keyUp","value":""}]}]}
COMMAND: GET /session/4901a3b2b8b0c5830f581bb3a1bd3272/screenshot - {}
RESULT: {}
COMMAND: POST /session/4901a3b2b8b0c5830f581bb3a1bd3272/element - {"using":"xpath","value":"//button[@data-kt=\"saveButton\"]"}
RESULT: {"using":"xpath","value":"//button[@data-kt=\"saveButton\"]"}
COMMAND: POST /session/4901a3b2b8b0c5830f581bb3a1bd3272/element/f.67C485243A32FFDA319564F2291E9928.d.818823808109A1D4705CDB8BB2F0AC4A.e.1363/click - {}
RESULT: {}
COMMAND: GET /session/4901a3b2b8b0c5830f581bb3a1bd3272/screenshot - {}
RESULT: {}
COMMAND: POST /session/4901a3b2b8b0c5830f581bb3a1bd3272/element - {"using":"xpath","value":"//span[@id=\"application-addressmanagement-display-component---detailAdm--addressTitle\"]"}
RESULT: {"using":"xpath","value":"//span[@id=\"application-addressmanagement-display-component---detailAdm--addressTitle\"]"}
COMMAND: POST /session/4901a3b2b8b0c5830f581bb3a1bd3272/elements - {"using":"xpath","value":"//span[@id=\"application-addressmanagement-display-component---detailAdm--addressTitle\"]"}
RESULT: {"using":"xpath","value":"//span[@id=\"application-addressmanagement-display-component---detailAdm--addressTitle\"]"}
COMMAND: POST /session/4901a3b2b8b0c5830f581bb3a1bd3272/execute/sync - {"script":"<script> [56 bytes]","args":[{"element-6066-11e4-a52e-4f735466cecf":"f.67C485243A32FFDA319564F2291E9928.d.818823808109A1D4705CDB8BB2F0AC4A.e.1402","ELEMENT":"f.67C485243A32FFDA319564F2291E9928.d.818823808109A1D4705CDB8BB2F0AC4A.e.1402"}]}
RESULT: {"script":"<script> [56 bytes]","args":[{"element-6066-11e4-a52e-4f735466cecf":"f.67C485243A32FFDA319564F2291E9928.d.818823808109A1D4705CDB8BB2F0AC4A.e.1402","ELEMENT":"f.67C485243A32FFDA319564F2291E9928.d.818823808109A1D4705CDB8BB2F0AC4A.e.1402"}]}
COMMAND: POST /session/4901a3b2b8b0c5830f581bb3a1bd3272/element - {"using":"xpath","value":"//span[@id=\"application-addressmanagement-display-component---detailAdm--addressDetailDetailsName2\"]"}
COMMAND: GET /session/4901a3b2b8b0c5830f581bb3a1bd3272/screenshot - {}
RESULT: {"using":"xpath","value":"//span[@id=\"application-addressmanagement-display-component---detailAdm--addressDetailDetailsName2\"]"}
COMMAND: POST /session/4901a3b2b8b0c5830f581bb3a1bd3272/elements - {"using":"xpath","value":"//span[@id=\"application-addressmanagement-display-component---detailAdm--addressDetailDetailsName2\"]"}
RESULT: {}
RESULT: {"using":"xpath","value":"//span[@id=\"application-addressmanagement-display-component---detailAdm--addressDetailDetailsName2\"]"}
COMMAND: POST /session/4901a3b2b8b0c5830f581bb3a1bd3272/execute/sync - {"script":"<script> [56 bytes]","args":[{"element-6066-11e4-a52e-4f735466cecf":"f.67C485243A32FFDA319564F2291E9928.d.818823808109A1D4705CDB8BB2F0AC4A.e.1403","ELEMENT":"f.67C485243A32FFDA319564F2291E9928.d.818823808109A1D4705CDB8BB2F0AC4A.e.1403"}]}
RESULT: {"script":"<script> [56 bytes]","args":[{"element-6066-11e4-a52e-4f735466cecf":"f.67C485243A32FFDA319564F2291E9928.d.818823808109A1D4705CDB8BB2F0AC4A.e.1403","ELEMENT":"f.67C485243A32FFDA319564F2291E9928.d.818823808109A1D4705CDB8BB2F0AC4A.e.1403"}]}
COMMAND: POST /session/4901a3b2b8b0c5830f581bb3a1bd3272/element - {"using":"xpath","value":"//span[@id=\"application-addressmanagement-display-component---detailAdm--addressDetailDetailsLanguage\"]"}
COMMAND: GET /session/4901a3b2b8b0c5830f581bb3a1bd3272/screenshot - {}
RESULT: {"using":"xpath","value":"//span[@id=\"application-addressmanagement-display-component---detailAdm--addressDetailDetailsLanguage\"]"}
COMMAND: POST /session/4901a3b2b8b0c5830f581bb3a1bd3272/elements - {"using":"xpath","value":"//span[@id=\"application-addressmanagement-display-component---detailAdm--addressDetailDetailsLanguage\"]"}
RESULT: {}
RESULT: {"using":"xpath","value":"//span[@id=\"application-addressmanagement-display-component---detailAdm--addressDetailDetailsLanguage\"]"}
COMMAND: POST /session/4901a3b2b8b0c5830f581bb3a1bd3272/execute/sync - {"script":"<script> [56 bytes]","args":[{"element-6066-11e4-a52e-4f735466cecf":"f.67C485243A32FFDA319564F2291E9928.d.818823808109A1D4705CDB8BB2F0AC4A.e.1404","ELEMENT":"f.67C485243A32FFDA319564F2291E9928.d.818823808109A1D4705CDB8BB2F0AC4A.e.1404"}]}
RESULT: {"script":"<script> [56 bytes]","args":[{"element-6066-11e4-a52e-4f735466cecf":"f.67C485243A32FFDA319564F2291E9928.d.818823808109A1D4705CDB8BB2F0AC4A.e.1404","ELEMENT":"f.67C485243A32FFDA319564F2291E9928.d.818823808109A1D4705CDB8BB2F0AC4A.e.1404"}]}
COMMAND: POST /session/4901a3b2b8b0c5830f581bb3a1bd3272/element - {"using":"xpath","value":"//span[@id=\"application-addressmanagement-display-component---detailAdm--addressDetailDetailsZip1\"]"}
COMMAND: GET /session/4901a3b2b8b0c5830f581bb3a1bd3272/screenshot - {}
RESULT: {"using":"xpath","value":"//span[@id=\"application-addressmanagement-display-component---detailAdm--addressDetailDetailsZip1\"]"}
COMMAND: POST /session/4901a3b2b8b0c5830f581bb3a1bd3272/elements - {"using":"xpath","value":"//span[@id=\"application-addressmanagement-display-component---detailAdm--addressDetailDetailsZip1\"]"}
RESULT: {}
RESULT: {"using":"xpath","value":"//span[@id=\"application-addressmanagement-display-component---detailAdm--addressDetailDetailsZip1\"]"}
COMMAND: POST /session/4901a3b2b8b0c5830f581bb3a1bd3272/execute/sync - {"script":"<script> [56 bytes]","args":[{"element-6066-11e4-a52e-4f735466cecf":"f.67C485243A32FFDA319564F2291E9928.d.818823808109A1D4705CDB8BB2F0AC4A.e.1405","ELEMENT":"f.67C485243A32FFDA319564F2291E9928.d.818823808109A1D4705CDB8BB2F0AC4A.e.1405"}]}
RESULT: {"script":"<script> [56 bytes]","args":[{"element-6066-11e4-a52e-4f735466cecf":"f.67C485243A32FFDA319564F2291E9928.d.818823808109A1D4705CDB8BB2F0AC4A.e.1405","ELEMENT":"f.67C485243A32FFDA319564F2291E9928.d.818823808109A1D4705CDB8BB2F0AC4A.e.1405"}]}
COMMAND: POST /session/4901a3b2b8b0c5830f581bb3a1bd3272/element - {"using":"xpath","value":"//span[@id=\"application-addressmanagement-display-component---detailAdm--addressDetailContactsEmail\"]"}
COMMAND: GET /session/4901a3b2b8b0c5830f581bb3a1bd3272/screenshot - {}
RESULT: {"using":"xpath","value":"//span[@id=\"application-addressmanagement-display-component---detailAdm--addressDetailContactsEmail\"]"}
COMMAND: POST /session/4901a3b2b8b0c5830f581bb3a1bd3272/elements - {"using":"xpath","value":"//span[@id=\"application-addressmanagement-display-component---detailAdm--addressDetailContactsEmail\"]"}
RESULT: {}
RESULT: {"using":"xpath","value":"//span[@id=\"application-addressmanagement-display-component---detailAdm--addressDetailContactsEmail\"]"}
COMMAND: POST /session/4901a3b2b8b0c5830f581bb3a1bd3272/execute/sync - {"script":"<script> [56 bytes]","args":[{"element-6066-11e4-a52e-4f735466cecf":"f.67C485243A32FFDA319564F2291E9928.d.818823808109A1D4705CDB8BB2F0AC4A.e.1406","ELEMENT":"f.67C485243A32FFDA319564F2291E9928.d.818823808109A1D4705CDB8BB2F0AC4A.e.1406"}]}
RESULT: {"script":"<script> [56 bytes]","args":[{"element-6066-11e4-a52e-4f735466cecf":"f.67C485243A32FFDA319564F2291E9928.d.818823808109A1D4705CDB8BB2F0AC4A.e.1406","ELEMENT":"f.67C485243A32FFDA319564F2291E9928.d.818823808109A1D4705CDB8BB2F0AC4A.e.1406"}]}
COMMAND: POST /session/4901a3b2b8b0c5830f581bb3a1bd3272/element - {"using":"xpath","value":"//span[@id=\"application-addressmanagement-display-component---detailAdm--addressUserJobTitle\"]"}
COMMAND: GET /session/4901a3b2b8b0c5830f581bb3a1bd3272/screenshot - {}
RESULT: {"using":"xpath","value":"//span[@id=\"application-addressmanagement-display-component---detailAdm--addressUserJobTitle\"]"}
COMMAND: POST /session/4901a3b2b8b0c5830f581bb3a1bd3272/elements - {"using":"xpath","value":"//span[@id=\"application-addressmanagement-display-component---detailAdm--addressUserJobTitle\"]"}
RESULT: {}
RESULT: {"using":"xpath","value":"//span[@id=\"application-addressmanagement-display-component---detailAdm--addressUserJobTitle\"]"}
COMMAND: POST /session/4901a3b2b8b0c5830f581bb3a1bd3272/execute/sync - {"script":"<script> [56 bytes]","args":[{"element-6066-11e4-a52e-4f735466cecf":"f.67C485243A32FFDA319564F2291E9928.d.818823808109A1D4705CDB8BB2F0AC4A.e.1407","ELEMENT":"f.67C485243A32FFDA319564F2291E9928.d.818823808109A1D4705CDB8BB2F0AC4A.e.1407"}]}
RESULT: {"script":"<script> [56 bytes]","args":[{"element-6066-11e4-a52e-4f735466cecf":"f.67C485243A32FFDA319564F2291E9928.d.818823808109A1D4705CDB8BB2F0AC4A.e.1407","ELEMENT":"f.67C485243A32FFDA319564F2291E9928.d.818823808109A1D4705CDB8BB2F0AC4A.e.1407"}]}
COMMAND: POST /session/4901a3b2b8b0c5830f581bb3a1bd3272/element - {"using":"xpath","value":"//span[contains(@class, \"sapMTokenText\") and text()=\"testyTag1\"]"}
COMMAND: GET /session/4901a3b2b8b0c5830f581bb3a1bd3272/screenshot - {}
RESULT: {"using":"xpath","value":"//span[contains(@class, \"sapMTokenText\") and text()=\"testyTag1\"]"}
COMMAND: POST /session/4901a3b2b8b0c5830f581bb3a1bd3272/element - {"using":"xpath","value":"//span[contains(@class, \"sapMTokenText\") and text()=\"taggyTag2\"]"}
RESULT: {}
RESULT: {"using":"xpath","value":"//span[contains(@class, \"sapMTokenText\") and text()=\"taggyTag2\"]"}
COMMAND: POST /session/4901a3b2b8b0c5830f581bb3a1bd3272/elements - {"using":"xpath","value":"//span[contains(@class, \"sapMTokenText\") and text()=\"testyTag1\"]"}
RESULT: {"using":"xpath","value":"//span[contains(@class, \"sapMTokenText\") and text()=\"testyTag1\"]"}
COMMAND: POST /session/4901a3b2b8b0c5830f581bb3a1bd3272/elements - {"using":"xpath","value":"//span[contains(@class, \"sapMTokenText\") and text()=\"taggyTag2\"]"}
RESULT: {"using":"xpath","value":"//span[contains(@class, \"sapMTokenText\") and text()=\"taggyTag2\"]"}
COMMAND: POST /session/4901a3b2b8b0c5830f581bb3a1bd3272/element - {"using":"css selector","value":"#shell-header-logo"}
RESULT: {"using":"css selector","value":"#shell-header-logo"}
COMMAND: POST /session/4901a3b2b8b0c5830f581bb3a1bd3272/element/f.67C485243A32FFDA319564F2291E9928.d.818823808109A1D4705CDB8BB2F0AC4A.e.1016/click - {}
RESULT: {}
COMMAND: GET /session/4901a3b2b8b0c5830f581bb3a1bd3272/screenshot - {}
RESULT: {}
]]></system-out>
    </testcase>
    <testcase classname="chrome.136_0_7103_93.windows.Address_Management_Tests_US156181_US151165_US151160_US156180_US156178_US151157_US151172_US151170_US151166_US151168" name="Step 5 Should verify searches US156180 verify filters US151157" time="68.126">
      <failure/>
      <error message="expect(received).not.toEqual(expected) // deep equality&#xA;&#xA;Expected: not 1&#xA;"/>
      <system-out><![CDATA[
RESULT: undefined
COMMAND: POST /session/4901a3b2b8b0c5830f581bb3a1bd3272/element - {"using":"xpath","value":"//*[@id=\"__tile33\"]"}
RESULT: {"using":"xpath","value":"//*[@id=\"__tile33\"]"}
COMMAND: POST /session/4901a3b2b8b0c5830f581bb3a1bd3272/element/f.67C485243A32FFDA319564F2291E9928.d.818823808109A1D4705CDB8BB2F0AC4A.e.215/click - {}
RESULT: {}
COMMAND: GET /session/4901a3b2b8b0c5830f581bb3a1bd3272/screenshot - {}
RESULT: {}
COMMAND: POST /session/4901a3b2b8b0c5830f581bb3a1bd3272/elements - {"using":"xpath","value":"//span[text()='Error']"}
RESULT: {"using":"xpath","value":"//span[text()='Error']"}
COMMAND: POST /session/4901a3b2b8b0c5830f581bb3a1bd3272/element - {"using":"xpath","value":"//button[@data-kt=\"addButton\"]"}
RESULT: {"using":"xpath","value":"//button[@data-kt=\"addButton\"]"}
COMMAND: POST /session/4901a3b2b8b0c5830f581bb3a1bd3272/elements - {"using":"xpath","value":"//button[@data-kt=\"addButton\"]"}
RESULT: {"using":"xpath","value":"//button[@data-kt=\"addButton\"]"}
COMMAND: POST /session/4901a3b2b8b0c5830f581bb3a1bd3272/execute/sync - {"script":"<script> [8489 bytes]","args":[{"element-6066-11e4-a52e-4f735466cecf":"f.67C485243A32FFDA319564F2291E9928.d.818823808109A1D4705CDB8BB2F0AC4A.e.1479","ELEMENT":"f.67C485243A32FFDA319564F2291E9928.d.818823808109A1D4705CDB8BB2F0AC4A.e.1479"}]}
RESULT: {"script":"<script> [8489 bytes]","args":[{"element-6066-11e4-a52e-4f735466cecf":"f.67C485243A32FFDA319564F2291E9928.d.818823808109A1D4705CDB8BB2F0AC4A.e.1479","ELEMENT":"f.67C485243A32FFDA319564F2291E9928.d.818823808109A1D4705CDB8BB2F0AC4A.e.1479"}]}
COMMAND: GET /session/4901a3b2b8b0c5830f581bb3a1bd3272/element/f.67C485243A32FFDA319564F2291E9928.d.818823808109A1D4705CDB8BB2F0AC4A.e.1479/enabled - {}
COMMAND: GET /session/4901a3b2b8b0c5830f581bb3a1bd3272/screenshot - {}
RESULT: {}
COMMAND: POST /session/4901a3b2b8b0c5830f581bb3a1bd3272/execute/sync - {"script":"<script> [8489 bytes]","args":[{"element-6066-11e4-a52e-4f735466cecf":"f.67C485243A32FFDA319564F2291E9928.d.818823808109A1D4705CDB8BB2F0AC4A.e.1479","ELEMENT":"f.67C485243A32FFDA319564F2291E9928.d.818823808109A1D4705CDB8BB2F0AC4A.e.1479"}]}
COMMAND: GET /session/4901a3b2b8b0c5830f581bb3a1bd3272/screenshot - {}
RESULT: {}
RESULT: {"script":"<script> [8489 bytes]","args":[{"element-6066-11e4-a52e-4f735466cecf":"f.67C485243A32FFDA319564F2291E9928.d.818823808109A1D4705CDB8BB2F0AC4A.e.1479","ELEMENT":"f.67C485243A32FFDA319564F2291E9928.d.818823808109A1D4705CDB8BB2F0AC4A.e.1479"}]}
COMMAND: POST /session/4901a3b2b8b0c5830f581bb3a1bd3272/execute/sync - {"script":"<script> [5351 bytes]","args":[{"element-6066-11e4-a52e-4f735466cecf":"f.67C485243A32FFDA319564F2291E9928.d.818823808109A1D4705CDB8BB2F0AC4A.e.1479","ELEMENT":"f.67C485243A32FFDA319564F2291E9928.d.818823808109A1D4705CDB8BB2F0AC4A.e.1479"}]}
COMMAND: GET /session/4901a3b2b8b0c5830f581bb3a1bd3272/screenshot - {}
RESULT: {}
RESULT: {"script":"<script> [5351 bytes]","args":[{"element-6066-11e4-a52e-4f735466cecf":"f.67C485243A32FFDA319564F2291E9928.d.818823808109A1D4705CDB8BB2F0AC4A.e.1479","ELEMENT":"f.67C485243A32FFDA319564F2291E9928.d.818823808109A1D4705CDB8BB2F0AC4A.e.1479"}]}
COMMAND: GET /session/4901a3b2b8b0c5830f581bb3a1bd3272/screenshot - {}
RESULT: {}
RESULT: {}
COMMAND: POST /session/4901a3b2b8b0c5830f581bb3a1bd3272/element - {"using":"xpath","value":"//span[@id=\"application-addressmanagement-display-component---masterAdm--smartTable-header-inner\"]"}
RESULT: {"using":"xpath","value":"//span[@id=\"application-addressmanagement-display-component---masterAdm--smartTable-header-inner\"]"}
COMMAND: POST /session/4901a3b2b8b0c5830f581bb3a1bd3272/elements - {"using":"xpath","value":"//span[@id=\"application-addressmanagement-display-component---masterAdm--smartTable-header-inner\"]"}
RESULT: {"using":"xpath","value":"//span[@id=\"application-addressmanagement-display-component---masterAdm--smartTable-header-inner\"]"}
COMMAND: POST /session/4901a3b2b8b0c5830f581bb3a1bd3272/execute/sync - {"script":"<script> [56 bytes]","args":[{"element-6066-11e4-a52e-4f735466cecf":"f.67C485243A32FFDA319564F2291E9928.d.818823808109A1D4705CDB8BB2F0AC4A.e.1601","ELEMENT":"f.67C485243A32FFDA319564F2291E9928.d.818823808109A1D4705CDB8BB2F0AC4A.e.1601"}]}
RESULT: {"script":"<script> [56 bytes]","args":[{"element-6066-11e4-a52e-4f735466cecf":"f.67C485243A32FFDA319564F2291E9928.d.818823808109A1D4705CDB8BB2F0AC4A.e.1601","ELEMENT":"f.67C485243A32FFDA319564F2291E9928.d.818823808109A1D4705CDB8BB2F0AC4A.e.1601"}]}
COMMAND: POST /session/4901a3b2b8b0c5830f581bb3a1bd3272/execute/async - {"script":"<script> [1562 bytes]","args":[{"selector":{"id":"application-addressmanagement-display-component---masterAdm--smartFilterBar-filterItemControl_BASIC-COUNTRY-vhi"},"wdio_ui5_key":"applicationaddressmanagement-display-component---masterAdm--smartFilterBar-filterItemControl_BASIC-COUNTRY-vhi"}]}
COMMAND: GET /session/4901a3b2b8b0c5830f581bb3a1bd3272/screenshot - {}
RESULT: {"script":"<script> [1562 bytes]","args":[{"selector":{"id":"application-addressmanagement-display-component---masterAdm--smartFilterBar-filterItemControl_BASIC-COUNTRY-vhi"},"wdio_ui5_key":"applicationaddressmanagement-display-component---masterAdm--smartFilterBar-filterItemControl_BASIC-COUNTRY-vhi"}]}
RESULT: undefined
COMMAND: POST /session/4901a3b2b8b0c5830f581bb3a1bd3272/element - {"using":"xpath","value":"//*[@id=\"application-addressmanagement-display-component---masterAdm--smartFilterBar-filterItemControl_BASIC-COUNTRY-vhi\"]"}
RESULT: {}
RESULT: {"using":"xpath","value":"//*[@id=\"application-addressmanagement-display-component---masterAdm--smartFilterBar-filterItemControl_BASIC-COUNTRY-vhi\"]"}
COMMAND: POST /session/4901a3b2b8b0c5830f581bb3a1bd3272/element/f.67C485243A32FFDA319564F2291E9928.d.818823808109A1D4705CDB8BB2F0AC4A.e.1602/click - {}
RESULT: {}
COMMAND: GET /session/4901a3b2b8b0c5830f581bb3a1bd3272/screenshot - {}
RESULT: {}
COMMAND: POST /session/4901a3b2b8b0c5830f581bb3a1bd3272/execute/async - {"script":"<script> [1562 bytes]","args":[{"selector":{"id":"application-addressmanagement-display-component---masterAdm--smartFilterBar-filterItemControl_BASIC-COUNTRY-valueHelpDialog-smartFilterBar-btnBasicSearch","searchOpenDialogs":true,"interaction":{"idSuffix":"I"}},"wdio_ui5_key":"applicationaddressmanagement-display-component---masterAdm--smartFilterBar-filterItemControl_BASIC-COUNTRY-valueHelpDialog-smartFilterBar-btnBasicSearch"}]}
RESULT: {"script":"<script> [1562 bytes]","args":[{"selector":{"id":"application-addressmanagement-display-component---masterAdm--smartFilterBar-filterItemControl_BASIC-COUNTRY-valueHelpDialog-smartFilterBar-btnBasicSearch","searchOpenDialogs":true,"interaction":{"idSuffix":"I"}},"wdio_ui5_key":"applicationaddressmanagement-display-component---masterAdm--smartFilterBar-filterItemControl_BASIC-COUNTRY-valueHelpDialog-smartFilterBar-btnBasicSearch"}]}
RESULT: undefined
COMMAND: POST /session/4901a3b2b8b0c5830f581bb3a1bd3272/execute/async - {"script":"<script> [776 bytes]","args":[{"enterText":"Romania","selector":{"id":"application-addressmanagement-display-component---masterAdm--smartFilterBar-filterItemControl_BASIC-COUNTRY-valueHelpDialog-smartFilterBar-btnBasicSearch","searchOpenDialogs":true,"interaction":{"idSuffix":"I"}},"clearTextFirst":true,"interactionType":"ENTER_TEXT"}]}
RESULT: {"script":"<script> [776 bytes]","args":[{"enterText":"Romania","selector":{"id":"application-addressmanagement-display-component---masterAdm--smartFilterBar-filterItemControl_BASIC-COUNTRY-valueHelpDialog-smartFilterBar-btnBasicSearch","searchOpenDialogs":true,"interaction":{"idSuffix":"I"}},"clearTextFirst":true,"interactionType":"ENTER_TEXT"}]}
COMMAND: POST /session/4901a3b2b8b0c5830f581bb3a1bd3272/actions - {"actions":[{"id":"action7","type":"key","parameters":{},"actions":[{"type":"keyDown","value":""},{"type":"pause","duration":10},{"type":"keyUp","value":""}]}]}
RESULT: {"actions":[{"id":"action7","type":"key","parameters":{},"actions":[{"type":"keyDown","value":""},{"type":"pause","duration":10},{"type":"keyUp","value":""}]}]}
COMMAND: POST /session/4901a3b2b8b0c5830f581bb3a1bd3272/elements - {"using":"xpath","value":"//table[contains(@id, \"smartFilterBar-filterItemControl_BASIC-COUNTRY-valueHelpDialog-table-table\")]/tbody/tr"}
COMMAND: GET /session/4901a3b2b8b0c5830f581bb3a1bd3272/screenshot - {}
RESULT: {"using":"xpath","value":"//table[contains(@id, \"smartFilterBar-filterItemControl_BASIC-COUNTRY-valueHelpDialog-table-table\")]/tbody/tr"}
COMMAND: POST /session/4901a3b2b8b0c5830f581bb3a1bd3272/element - {"using":"xpath","value":"//table[contains(@id, \"smartFilterBar-filterItemControl_BASIC-COUNTRY-valueHelpDialog-table-table\")]/tbody/tr[1]/td[1]/div/span"}
RESULT: {}
RESULT: {"using":"xpath","value":"//table[contains(@id, \"smartFilterBar-filterItemControl_BASIC-COUNTRY-valueHelpDialog-table-table\")]/tbody/tr[1]/td[1]/div/span"}
COMMAND: POST /session/4901a3b2b8b0c5830f581bb3a1bd3272/elements - {"using":"xpath","value":"//table[contains(@id, \"smartFilterBar-filterItemControl_BASIC-COUNTRY-valueHelpDialog-table-table\")]/tbody/tr[1]/td[1]/div/span"}
RESULT: {"using":"xpath","value":"//table[contains(@id, \"smartFilterBar-filterItemControl_BASIC-COUNTRY-valueHelpDialog-table-table\")]/tbody/tr[1]/td[1]/div/span"}
COMMAND: POST /session/4901a3b2b8b0c5830f581bb3a1bd3272/execute/sync - {"script":"<script> [56 bytes]","args":[{"element-6066-11e4-a52e-4f735466cecf":"f.67C485243A32FFDA319564F2291E9928.d.818823808109A1D4705CDB8BB2F0AC4A.e.1622","ELEMENT":"f.67C485243A32FFDA319564F2291E9928.d.818823808109A1D4705CDB8BB2F0AC4A.e.1622"}]}
RESULT: {"script":"<script> [56 bytes]","args":[{"element-6066-11e4-a52e-4f735466cecf":"f.67C485243A32FFDA319564F2291E9928.d.818823808109A1D4705CDB8BB2F0AC4A.e.1622","ELEMENT":"f.67C485243A32FFDA319564F2291E9928.d.818823808109A1D4705CDB8BB2F0AC4A.e.1622"}]}
COMMAND: POST /session/4901a3b2b8b0c5830f581bb3a1bd3272/element - {"using":"xpath","value":"//div[contains(@id, \"filterItemControl_BASIC-COUNTRY-valueHelpDialog-table-rowsel0\")]"}
COMMAND: GET /session/4901a3b2b8b0c5830f581bb3a1bd3272/screenshot - {}
RESULT: {"using":"xpath","value":"//div[contains(@id, \"filterItemControl_BASIC-COUNTRY-valueHelpDialog-table-rowsel0\")]"}
COMMAND: POST /session/4901a3b2b8b0c5830f581bb3a1bd3272/element/f.67C485243A32FFDA319564F2291E9928.d.818823808109A1D4705CDB8BB2F0AC4A.e.1623/click - {}
RESULT: {}
RESULT: {}
COMMAND: GET /session/4901a3b2b8b0c5830f581bb3a1bd3272/screenshot - {}
RESULT: {}
COMMAND: POST /session/4901a3b2b8b0c5830f581bb3a1bd3272/element - {"using":"xpath","value":"(//bdi[contains(text(), \"OK\")])[1]"}
RESULT: {"using":"xpath","value":"(//bdi[contains(text(), \"OK\")])[1]"}
COMMAND: POST /session/4901a3b2b8b0c5830f581bb3a1bd3272/element/f.67C485243A32FFDA319564F2291E9928.d.818823808109A1D4705CDB8BB2F0AC4A.e.1625/click - {}
RESULT: {}
COMMAND: GET /session/4901a3b2b8b0c5830f581bb3a1bd3272/screenshot - {}
RESULT: {}
COMMAND: POST /session/4901a3b2b8b0c5830f581bb3a1bd3272/element - {"using":"xpath","value":"//span[@id=\"application-addressmanagement-display-component---masterAdm--smartTable-header-inner\"]"}
RESULT: {"using":"xpath","value":"//span[@id=\"application-addressmanagement-display-component---masterAdm--smartTable-header-inner\"]"}
COMMAND: POST /session/4901a3b2b8b0c5830f581bb3a1bd3272/elements - {"using":"xpath","value":"//span[@id=\"application-addressmanagement-display-component---masterAdm--smartTable-header-inner\"]"}
RESULT: {"using":"xpath","value":"//span[@id=\"application-addressmanagement-display-component---masterAdm--smartTable-header-inner\"]"}
COMMAND: POST /session/4901a3b2b8b0c5830f581bb3a1bd3272/execute/sync - {"script":"<script> [56 bytes]","args":[{"element-6066-11e4-a52e-4f735466cecf":"f.67C485243A32FFDA319564F2291E9928.d.818823808109A1D4705CDB8BB2F0AC4A.e.1601","ELEMENT":"f.67C485243A32FFDA319564F2291E9928.d.818823808109A1D4705CDB8BB2F0AC4A.e.1601"}]}
RESULT: {"script":"<script> [56 bytes]","args":[{"element-6066-11e4-a52e-4f735466cecf":"f.67C485243A32FFDA319564F2291E9928.d.818823808109A1D4705CDB8BB2F0AC4A.e.1601","ELEMENT":"f.67C485243A32FFDA319564F2291E9928.d.818823808109A1D4705CDB8BB2F0AC4A.e.1601"}]}
COMMAND: POST /session/4901a3b2b8b0c5830f581bb3a1bd3272/element - {"using":"xpath","value":"//span[contains(@title, \"Remove\")]"}
COMMAND: GET /session/4901a3b2b8b0c5830f581bb3a1bd3272/screenshot - {}
RESULT: {"using":"xpath","value":"//span[contains(@title, \"Remove\")]"}
COMMAND: POST /session/4901a3b2b8b0c5830f581bb3a1bd3272/element/f.67C485243A32FFDA319564F2291E9928.d.818823808109A1D4705CDB8BB2F0AC4A.e.1766/click - {}
RESULT: {}
RESULT: {}
COMMAND: GET /session/4901a3b2b8b0c5830f581bb3a1bd3272/screenshot - {}
RESULT: {}
COMMAND: POST /session/4901a3b2b8b0c5830f581bb3a1bd3272/element - {"using":"xpath","value":"//span[@id=\"application-addressmanagement-display-component---masterAdm--smartTable-header-inner\"]"}
RESULT: {"using":"xpath","value":"//span[@id=\"application-addressmanagement-display-component---masterAdm--smartTable-header-inner\"]"}
COMMAND: POST /session/4901a3b2b8b0c5830f581bb3a1bd3272/elements - {"using":"xpath","value":"//span[@id=\"application-addressmanagement-display-component---masterAdm--smartTable-header-inner\"]"}
RESULT: {"using":"xpath","value":"//span[@id=\"application-addressmanagement-display-component---masterAdm--smartTable-header-inner\"]"}
COMMAND: POST /session/4901a3b2b8b0c5830f581bb3a1bd3272/execute/sync - {"script":"<script> [56 bytes]","args":[{"element-6066-11e4-a52e-4f735466cecf":"f.67C485243A32FFDA319564F2291E9928.d.818823808109A1D4705CDB8BB2F0AC4A.e.1601","ELEMENT":"f.67C485243A32FFDA319564F2291E9928.d.818823808109A1D4705CDB8BB2F0AC4A.e.1601"}]}
RESULT: {"script":"<script> [56 bytes]","args":[{"element-6066-11e4-a52e-4f735466cecf":"f.67C485243A32FFDA319564F2291E9928.d.818823808109A1D4705CDB8BB2F0AC4A.e.1601","ELEMENT":"f.67C485243A32FFDA319564F2291E9928.d.818823808109A1D4705CDB8BB2F0AC4A.e.1601"}]}
RESULT: undefined
COMMAND: POST /session/4901a3b2b8b0c5830f581bb3a1bd3272/element - {"using":"xpath","value":"//*[@id=\"application-addressmanagement-display-component---masterAdm--smartFilterBar-filterItemControl_BASIC-COUNTRY-vhi\"]"}
COMMAND: GET /session/4901a3b2b8b0c5830f581bb3a1bd3272/screenshot - {}
RESULT: {"using":"xpath","value":"//*[@id=\"application-addressmanagement-display-component---masterAdm--smartFilterBar-filterItemControl_BASIC-COUNTRY-vhi\"]"}
COMMAND: POST /session/4901a3b2b8b0c5830f581bb3a1bd3272/element/f.67C485243A32FFDA319564F2291E9928.d.818823808109A1D4705CDB8BB2F0AC4A.e.1602/click - {}
RESULT: {}
RESULT: {}
COMMAND: GET /session/4901a3b2b8b0c5830f581bb3a1bd3272/screenshot - {}
RESULT: {}
RESULT: undefined
COMMAND: POST /session/4901a3b2b8b0c5830f581bb3a1bd3272/execute/async - {"script":"<script> [776 bytes]","args":[{"enterText":"Romania","selector":{"id":"application-addressmanagement-display-component---masterAdm--smartFilterBar-filterItemControl_BASIC-COUNTRY-valueHelpDialog-smartFilterBar-btnBasicSearch","searchOpenDialogs":true,"interaction":{"idSuffix":"I"}},"clearTextFirst":true,"interactionType":"ENTER_TEXT"}]}
RESULT: {"script":"<script> [776 bytes]","args":[{"enterText":"Romania","selector":{"id":"application-addressmanagement-display-component---masterAdm--smartFilterBar-filterItemControl_BASIC-COUNTRY-valueHelpDialog-smartFilterBar-btnBasicSearch","searchOpenDialogs":true,"interaction":{"idSuffix":"I"}},"clearTextFirst":true,"interactionType":"ENTER_TEXT"}]}
COMMAND: POST /session/4901a3b2b8b0c5830f581bb3a1bd3272/actions - {"actions":[{"id":"action8","type":"key","parameters":{},"actions":[{"type":"keyDown","value":""},{"type":"pause","duration":10},{"type":"keyUp","value":""}]}]}
RESULT: {"actions":[{"id":"action8","type":"key","parameters":{},"actions":[{"type":"keyDown","value":""},{"type":"pause","duration":10},{"type":"keyUp","value":""}]}]}
COMMAND: GET /session/4901a3b2b8b0c5830f581bb3a1bd3272/screenshot - {}
RESULT: {}
COMMAND: POST /session/4901a3b2b8b0c5830f581bb3a1bd3272/elements - {"using":"xpath","value":"//table[contains(@id, \"smartFilterBar-filterItemControl_BASIC-COUNTRY-valueHelpDialog-table-table\")]/tbody/tr"}
RESULT: {"using":"xpath","value":"//table[contains(@id, \"smartFilterBar-filterItemControl_BASIC-COUNTRY-valueHelpDialog-table-table\")]/tbody/tr"}
COMMAND: POST /session/4901a3b2b8b0c5830f581bb3a1bd3272/element - {"using":"xpath","value":"//table[contains(@id, \"smartFilterBar-filterItemControl_BASIC-COUNTRY-valueHelpDialog-table-table\")]/tbody/tr[1]/td[1]/div/span"}
RESULT: {"using":"xpath","value":"//table[contains(@id, \"smartFilterBar-filterItemControl_BASIC-COUNTRY-valueHelpDialog-table-table\")]/tbody/tr[1]/td[1]/div/span"}
COMMAND: POST /session/4901a3b2b8b0c5830f581bb3a1bd3272/elements - {"using":"xpath","value":"//table[contains(@id, \"smartFilterBar-filterItemControl_BASIC-COUNTRY-valueHelpDialog-table-table\")]/tbody/tr[1]/td[1]/div/span"}
RESULT: {"using":"xpath","value":"//table[contains(@id, \"smartFilterBar-filterItemControl_BASIC-COUNTRY-valueHelpDialog-table-table\")]/tbody/tr[1]/td[1]/div/span"}
COMMAND: POST /session/4901a3b2b8b0c5830f581bb3a1bd3272/execute/sync - {"script":"<script> [56 bytes]","args":[{"element-6066-11e4-a52e-4f735466cecf":"f.67C485243A32FFDA319564F2291E9928.d.818823808109A1D4705CDB8BB2F0AC4A.e.1864","ELEMENT":"f.67C485243A32FFDA319564F2291E9928.d.818823808109A1D4705CDB8BB2F0AC4A.e.1864"}]}
RESULT: {"script":"<script> [56 bytes]","args":[{"element-6066-11e4-a52e-4f735466cecf":"f.67C485243A32FFDA319564F2291E9928.d.818823808109A1D4705CDB8BB2F0AC4A.e.1864","ELEMENT":"f.67C485243A32FFDA319564F2291E9928.d.818823808109A1D4705CDB8BB2F0AC4A.e.1864"}]}
COMMAND: POST /session/4901a3b2b8b0c5830f581bb3a1bd3272/element - {"using":"xpath","value":"//div[contains(@id, \"filterItemControl_BASIC-COUNTRY-valueHelpDialog-table-rowsel0\")]"}
COMMAND: GET /session/4901a3b2b8b0c5830f581bb3a1bd3272/screenshot - {}
RESULT: {"using":"xpath","value":"//div[contains(@id, \"filterItemControl_BASIC-COUNTRY-valueHelpDialog-table-rowsel0\")]"}
COMMAND: POST /session/4901a3b2b8b0c5830f581bb3a1bd3272/element/f.67C485243A32FFDA319564F2291E9928.d.818823808109A1D4705CDB8BB2F0AC4A.e.1865/click - {}
RESULT: {}
RESULT: {}
COMMAND: GET /session/4901a3b2b8b0c5830f581bb3a1bd3272/screenshot - {}
RESULT: {}
RESULT: undefined
COMMAND: POST /session/4901a3b2b8b0c5830f581bb3a1bd3272/element - {"using":"xpath","value":"//*[@id=\"application-addressmanagement-display-component---masterAdm--smartFilterBar-filterItemControl_BASIC-COUNTRY-vhi\"]"}
RESULT: {"using":"xpath","value":"//*[@id=\"application-addressmanagement-display-component---masterAdm--smartFilterBar-filterItemControl_BASIC-COUNTRY-vhi\"]"}
COMMAND: POST /session/4901a3b2b8b0c5830f581bb3a1bd3272/element/f.67C485243A32FFDA319564F2291E9928.d.818823808109A1D4705CDB8BB2F0AC4A.e.1602/click - {}
RESULT: undefined
COMMAND: POST /session/4901a3b2b8b0c5830f581bb3a1bd3272/execute/async - {"script":"<script> [776 bytes]","args":[{"enterText":"Argentina","selector":{"id":"application-addressmanagement-display-component---masterAdm--smartFilterBar-filterItemControl_BASIC-COUNTRY-valueHelpDialog-smartFilterBar-btnBasicSearch","searchOpenDialogs":true,"interaction":{"idSuffix":"I"}},"clearTextFirst":true,"interactionType":"ENTER_TEXT"}]}
RESULT: {"script":"<script> [776 bytes]","args":[{"enterText":"Argentina","selector":{"id":"application-addressmanagement-display-component---masterAdm--smartFilterBar-filterItemControl_BASIC-COUNTRY-valueHelpDialog-smartFilterBar-btnBasicSearch","searchOpenDialogs":true,"interaction":{"idSuffix":"I"}},"clearTextFirst":true,"interactionType":"ENTER_TEXT"}]}
COMMAND: POST /session/4901a3b2b8b0c5830f581bb3a1bd3272/actions - {"actions":[{"id":"action9","type":"key","parameters":{},"actions":[{"type":"keyDown","value":""},{"type":"pause","duration":10},{"type":"keyUp","value":""}]}]}
RESULT: {"actions":[{"id":"action9","type":"key","parameters":{},"actions":[{"type":"keyDown","value":""},{"type":"pause","duration":10},{"type":"keyUp","value":""}]}]}
COMMAND: GET /session/4901a3b2b8b0c5830f581bb3a1bd3272/screenshot - {}
RESULT: {}
COMMAND: POST /session/4901a3b2b8b0c5830f581bb3a1bd3272/elements - {"using":"xpath","value":"//table[contains(@id, \"smartFilterBar-filterItemControl_BASIC-COUNTRY-valueHelpDialog-table-table\")]/tbody/tr"}
RESULT: {"using":"xpath","value":"//table[contains(@id, \"smartFilterBar-filterItemControl_BASIC-COUNTRY-valueHelpDialog-table-table\")]/tbody/tr"}
COMMAND: POST /session/4901a3b2b8b0c5830f581bb3a1bd3272/element - {"using":"xpath","value":"//table[contains(@id, \"smartFilterBar-filterItemControl_BASIC-COUNTRY-valueHelpDialog-table-table\")]/tbody/tr[1]/td[1]/div/span"}
RESULT: {"using":"xpath","value":"//table[contains(@id, \"smartFilterBar-filterItemControl_BASIC-COUNTRY-valueHelpDialog-table-table\")]/tbody/tr[1]/td[1]/div/span"}
COMMAND: POST /session/4901a3b2b8b0c5830f581bb3a1bd3272/elements - {"using":"xpath","value":"//table[contains(@id, \"smartFilterBar-filterItemControl_BASIC-COUNTRY-valueHelpDialog-table-table\")]/tbody/tr[1]/td[1]/div/span"}
RESULT: {"using":"xpath","value":"//table[contains(@id, \"smartFilterBar-filterItemControl_BASIC-COUNTRY-valueHelpDialog-table-table\")]/tbody/tr[1]/td[1]/div/span"}
COMMAND: POST /session/4901a3b2b8b0c5830f581bb3a1bd3272/execute/sync - {"script":"<script> [56 bytes]","args":[{"element-6066-11e4-a52e-4f735466cecf":"f.67C485243A32FFDA319564F2291E9928.d.818823808109A1D4705CDB8BB2F0AC4A.e.1864","ELEMENT":"f.67C485243A32FFDA319564F2291E9928.d.818823808109A1D4705CDB8BB2F0AC4A.e.1864"}]}
RESULT: {"script":"<script> [56 bytes]","args":[{"element-6066-11e4-a52e-4f735466cecf":"f.67C485243A32FFDA319564F2291E9928.d.818823808109A1D4705CDB8BB2F0AC4A.e.1864","ELEMENT":"f.67C485243A32FFDA319564F2291E9928.d.818823808109A1D4705CDB8BB2F0AC4A.e.1864"}]}
COMMAND: POST /session/4901a3b2b8b0c5830f581bb3a1bd3272/element - {"using":"xpath","value":"//div[contains(@id, \"filterItemControl_BASIC-COUNTRY-valueHelpDialog-table-rowsel0\")]"}
COMMAND: GET /session/4901a3b2b8b0c5830f581bb3a1bd3272/screenshot - {}
RESULT: {"using":"xpath","value":"//div[contains(@id, \"filterItemControl_BASIC-COUNTRY-valueHelpDialog-table-rowsel0\")]"}
COMMAND: POST /session/4901a3b2b8b0c5830f581bb3a1bd3272/element/f.67C485243A32FFDA319564F2291E9928.d.818823808109A1D4705CDB8BB2F0AC4A.e.1865/click - {}
RESULT: {}
RESULT: {}
COMMAND: GET /session/4901a3b2b8b0c5830f581bb3a1bd3272/screenshot - {}
RESULT: {}
COMMAND: POST /session/4901a3b2b8b0c5830f581bb3a1bd3272/element - {"using":"xpath","value":"(//bdi[contains(text(), \"OK\")])[1]"}
RESULT: {"using":"xpath","value":"(//bdi[contains(text(), \"OK\")])[1]"}
COMMAND: POST /session/4901a3b2b8b0c5830f581bb3a1bd3272/element/f.67C485243A32FFDA319564F2291E9928.d.818823808109A1D4705CDB8BB2F0AC4A.e.1867/click - {}
RESULT: {}
COMMAND: GET /session/4901a3b2b8b0c5830f581bb3a1bd3272/screenshot - {}
RESULT: {}
COMMAND: POST /session/4901a3b2b8b0c5830f581bb3a1bd3272/element - {"using":"xpath","value":"//span[@id=\"application-addressmanagement-display-component---masterAdm--smartTable-header-inner\"]"}
RESULT: {"using":"xpath","value":"//span[@id=\"application-addressmanagement-display-component---masterAdm--smartTable-header-inner\"]"}
COMMAND: POST /session/4901a3b2b8b0c5830f581bb3a1bd3272/elements - {"using":"xpath","value":"//span[@id=\"application-addressmanagement-display-component---masterAdm--smartTable-header-inner\"]"}
RESULT: {"using":"xpath","value":"//span[@id=\"application-addressmanagement-display-component---masterAdm--smartTable-header-inner\"]"}
COMMAND: POST /session/4901a3b2b8b0c5830f581bb3a1bd3272/execute/sync - {"script":"<script> [56 bytes]","args":[{"element-6066-11e4-a52e-4f735466cecf":"f.67C485243A32FFDA319564F2291E9928.d.818823808109A1D4705CDB8BB2F0AC4A.e.1601","ELEMENT":"f.67C485243A32FFDA319564F2291E9928.d.818823808109A1D4705CDB8BB2F0AC4A.e.1601"}]}
RESULT: {"script":"<script> [56 bytes]","args":[{"element-6066-11e4-a52e-4f735466cecf":"f.67C485243A32FFDA319564F2291E9928.d.818823808109A1D4705CDB8BB2F0AC4A.e.1601","ELEMENT":"f.67C485243A32FFDA319564F2291E9928.d.818823808109A1D4705CDB8BB2F0AC4A.e.1601"}]}
COMMAND: GET /session/4901a3b2b8b0c5830f581bb3a1bd3272/screenshot - {}
COMMAND: GET /session/4901a3b2b8b0c5830f581bb3a1bd3272/screenshot - {}
RESULT: {}
]]></system-out>
      <system-err><![CDATA[
Error: expect(received).not.toEqual(expected) // deep equality

Expected: not 1

    at Context.<anonymous> (D:\a\1\s\test\specs\BTS\address-management.spec.js:672:48)
]]></system-err>
    </testcase>
    <testcase classname="chrome.136_0_7103_93.windows.Address_Management_Tests_US156181_US151165_US151160_US156180_US156178_US151157_US151172_US151170_US151166_US151168" name="Step 6 Should assign user ID to an user assign them to site US151172" time="145.358">
      <failure/>
      <error message="Can't call click on element with selector &quot;//li[.//span[text()=&quot;Dr.&quot;]]&quot; because element wasn't found"/>
      <system-out><![CDATA[
RESULT: undefined
COMMAND: POST /session/4901a3b2b8b0c5830f581bb3a1bd3272/element - {"using":"xpath","value":"//*[@id=\"__tile33\"]"}
COMMAND: GET /session/4901a3b2b8b0c5830f581bb3a1bd3272/screenshot - {}
RESULT: {}
RESULT: {"using":"xpath","value":"//*[@id=\"__tile33\"]"}
COMMAND: POST /session/4901a3b2b8b0c5830f581bb3a1bd3272/element/f.67C485243A32FFDA319564F2291E9928.d.818823808109A1D4705CDB8BB2F0AC4A.e.215/click - {}
RESULT: {}
COMMAND: POST /session/4901a3b2b8b0c5830f581bb3a1bd3272/elements - {"using":"xpath","value":"//span[text()='Error']"}
RESULT: {"using":"xpath","value":"//span[text()='Error']"}
COMMAND: POST /session/4901a3b2b8b0c5830f581bb3a1bd3272/element - {"using":"xpath","value":"//button[@data-kt=\"addButton\"]"}
RESULT: {"using":"xpath","value":"//button[@data-kt=\"addButton\"]"}
COMMAND: POST /session/4901a3b2b8b0c5830f581bb3a1bd3272/elements - {"using":"xpath","value":"//button[@data-kt=\"addButton\"]"}
RESULT: {"using":"xpath","value":"//button[@data-kt=\"addButton\"]"}
COMMAND: POST /session/4901a3b2b8b0c5830f581bb3a1bd3272/execute/sync - {"script":"<script> [8489 bytes]","args":[{"element-6066-11e4-a52e-4f735466cecf":"f.67C485243A32FFDA319564F2291E9928.d.818823808109A1D4705CDB8BB2F0AC4A.e.1479","ELEMENT":"f.67C485243A32FFDA319564F2291E9928.d.818823808109A1D4705CDB8BB2F0AC4A.e.1479"}]}
RESULT: {"script":"<script> [8489 bytes]","args":[{"element-6066-11e4-a52e-4f735466cecf":"f.67C485243A32FFDA319564F2291E9928.d.818823808109A1D4705CDB8BB2F0AC4A.e.1479","ELEMENT":"f.67C485243A32FFDA319564F2291E9928.d.818823808109A1D4705CDB8BB2F0AC4A.e.1479"}]}
COMMAND: GET /session/4901a3b2b8b0c5830f581bb3a1bd3272/element/f.67C485243A32FFDA319564F2291E9928.d.818823808109A1D4705CDB8BB2F0AC4A.e.1479/enabled - {}
COMMAND: GET /session/4901a3b2b8b0c5830f581bb3a1bd3272/screenshot - {}
RESULT: {}
COMMAND: POST /session/4901a3b2b8b0c5830f581bb3a1bd3272/execute/sync - {"script":"<script> [8489 bytes]","args":[{"element-6066-11e4-a52e-4f735466cecf":"f.67C485243A32FFDA319564F2291E9928.d.818823808109A1D4705CDB8BB2F0AC4A.e.1479","ELEMENT":"f.67C485243A32FFDA319564F2291E9928.d.818823808109A1D4705CDB8BB2F0AC4A.e.1479"}]}
COMMAND: GET /session/4901a3b2b8b0c5830f581bb3a1bd3272/screenshot - {}
RESULT: {}
RESULT: {"script":"<script> [8489 bytes]","args":[{"element-6066-11e4-a52e-4f735466cecf":"f.67C485243A32FFDA319564F2291E9928.d.818823808109A1D4705CDB8BB2F0AC4A.e.1479","ELEMENT":"f.67C485243A32FFDA319564F2291E9928.d.818823808109A1D4705CDB8BB2F0AC4A.e.1479"}]}
COMMAND: POST /session/4901a3b2b8b0c5830f581bb3a1bd3272/execute/sync - {"script":"<script> [5351 bytes]","args":[{"element-6066-11e4-a52e-4f735466cecf":"f.67C485243A32FFDA319564F2291E9928.d.818823808109A1D4705CDB8BB2F0AC4A.e.1479","ELEMENT":"f.67C485243A32FFDA319564F2291E9928.d.818823808109A1D4705CDB8BB2F0AC4A.e.1479"}]}
COMMAND: GET /session/4901a3b2b8b0c5830f581bb3a1bd3272/screenshot - {}
RESULT: {}
RESULT: {"script":"<script> [5351 bytes]","args":[{"element-6066-11e4-a52e-4f735466cecf":"f.67C485243A32FFDA319564F2291E9928.d.818823808109A1D4705CDB8BB2F0AC4A.e.1479","ELEMENT":"f.67C485243A32FFDA319564F2291E9928.d.818823808109A1D4705CDB8BB2F0AC4A.e.1479"}]}
COMMAND: GET /session/4901a3b2b8b0c5830f581bb3a1bd3272/screenshot - {}
RESULT: {}
RESULT: {}
RESULT: undefined
COMMAND: POST /session/4901a3b2b8b0c5830f581bb3a1bd3272/execute/async - {"script":"<script> [776 bytes]","args":[{"enterText":"Test1ETM","selector":{"id":"application-addressmanagement-display-component---masterAdm--smartFilterBar-btnBasicSearch","interaction":{"idSuffix":"I"}},"clearTextFirst":true,"interactionType":"ENTER_TEXT"}]}
RESULT: {"script":"<script> [776 bytes]","args":[{"enterText":"Test1ETM","selector":{"id":"application-addressmanagement-display-component---masterAdm--smartFilterBar-btnBasicSearch","interaction":{"idSuffix":"I"}},"clearTextFirst":true,"interactionType":"ENTER_TEXT"}]}
COMMAND: POST /session/4901a3b2b8b0c5830f581bb3a1bd3272/actions - {"actions":[{"id":"action10","type":"key","parameters":{},"actions":[{"type":"keyDown","value":""},{"type":"pause","duration":10},{"type":"keyUp","value":""}]}]}
RESULT: {"actions":[{"id":"action10","type":"key","parameters":{},"actions":[{"type":"keyDown","value":""},{"type":"pause","duration":10},{"type":"keyUp","value":""}]}]}
COMMAND: GET /session/4901a3b2b8b0c5830f581bb3a1bd3272/screenshot - {}
RESULT: {}
COMMAND: POST /session/4901a3b2b8b0c5830f581bb3a1bd3272/elements - {"using":"xpath","value":"//table[contains(@id, \"customPersonsAddressesTable-listUl\")]/tbody/tr"}
RESULT: {"using":"xpath","value":"//table[contains(@id, \"customPersonsAddressesTable-listUl\")]/tbody/tr"}
COMMAND: POST /session/4901a3b2b8b0c5830f581bb3a1bd3272/element - {"using":"xpath","value":"//table[contains(@id, \"customPersonsAddressesTable-listUl\")]/tbody/tr[1]/td[5]/span/span"}
RESULT: {"using":"xpath","value":"//table[contains(@id, \"customPersonsAddressesTable-listUl\")]/tbody/tr[1]/td[5]/span/span"}
COMMAND: POST /session/4901a3b2b8b0c5830f581bb3a1bd3272/element - {"using":"xpath","value":"//table[contains(@id, \"customPersonsAddressesTable-listUl\")]/tbody/tr[1]/td[3]/span"}
RESULT: {"using":"xpath","value":"//table[contains(@id, \"customPersonsAddressesTable-listUl\")]/tbody/tr[1]/td[3]/span"}
COMMAND: POST /session/4901a3b2b8b0c5830f581bb3a1bd3272/elements - {"using":"xpath","value":"//table[contains(@id, \"customPersonsAddressesTable-listUl\")]/tbody/tr[1]/td[5]/span/span"}
RESULT: {"using":"xpath","value":"//table[contains(@id, \"customPersonsAddressesTable-listUl\")]/tbody/tr[1]/td[5]/span/span"}
COMMAND: POST /session/4901a3b2b8b0c5830f581bb3a1bd3272/element - {"using":"xpath","value":"//span[@id=\"application-addressmanagement-display-component---masterAdm--smartTable-header-inner\"]"}
RESULT: {"using":"xpath","value":"//span[@id=\"application-addressmanagement-display-component---masterAdm--smartTable-header-inner\"]"}
COMMAND: POST /session/4901a3b2b8b0c5830f581bb3a1bd3272/elements - {"using":"xpath","value":"//span[@id=\"application-addressmanagement-display-component---masterAdm--smartTable-header-inner\"]"}
RESULT: {"using":"xpath","value":"//span[@id=\"application-addressmanagement-display-component---masterAdm--smartTable-header-inner\"]"}
COMMAND: POST /session/4901a3b2b8b0c5830f581bb3a1bd3272/execute/sync - {"script":"<script> [56 bytes]","args":[{"element-6066-11e4-a52e-4f735466cecf":"f.67C485243A32FFDA319564F2291E9928.d.818823808109A1D4705CDB8BB2F0AC4A.e.1601","ELEMENT":"f.67C485243A32FFDA319564F2291E9928.d.818823808109A1D4705CDB8BB2F0AC4A.e.1601"}]}
RESULT: {"script":"<script> [56 bytes]","args":[{"element-6066-11e4-a52e-4f735466cecf":"f.67C485243A32FFDA319564F2291E9928.d.818823808109A1D4705CDB8BB2F0AC4A.e.1601","ELEMENT":"f.67C485243A32FFDA319564F2291E9928.d.818823808109A1D4705CDB8BB2F0AC4A.e.1601"}]}
COMMAND: POST /session/4901a3b2b8b0c5830f581bb3a1bd3272/element - {"using":"xpath","value":"//button[@data-kt=\"addButton\"]"}
COMMAND: GET /session/4901a3b2b8b0c5830f581bb3a1bd3272/screenshot - {}
RESULT: {"using":"xpath","value":"//button[@data-kt=\"addButton\"]"}
COMMAND: POST /session/4901a3b2b8b0c5830f581bb3a1bd3272/element/f.67C485243A32FFDA319564F2291E9928.d.818823808109A1D4705CDB8BB2F0AC4A.e.1479/click - {}
RESULT: {}
RESULT: {}
COMMAND: GET /session/4901a3b2b8b0c5830f581bb3a1bd3272/screenshot - {}
RESULT: {}
RESULT: undefined
COMMAND: POST /session/4901a3b2b8b0c5830f581bb3a1bd3272/element - {"using":"xpath","value":"//*[@id=\"__xmlview58--addressTitle-arrow\"]"}
RESULT: {"using":"xpath","value":"//*[@id=\"__xmlview58--addressTitle-arrow\"]"}
COMMAND: POST /session/4901a3b2b8b0c5830f581bb3a1bd3272/elements - {"using":"xpath","value":"//*[@id=\"__xmlview58--addressTitle-arrow\"]"}
RESULT: {"using":"xpath","value":"//*[@id=\"__xmlview58--addressTitle-arrow\"]"}
COMMAND: POST /session/4901a3b2b8b0c5830f581bb3a1bd3272/elements - {"using":"xpath","value":"//*[@id=\"__xmlview58--addressTitle-arrow\"]"}
RESULT: {"using":"xpath","value":"//*[@id=\"__xmlview58--addressTitle-arrow\"]"}
COMMAND: POST /session/4901a3b2b8b0c5830f581bb3a1bd3272/elements - {"using":"xpath","value":"//*[@id=\"__xmlview58--addressTitle-arrow\"]"}
RESULT: {"using":"xpath","value":"//*[@id=\"__xmlview58--addressTitle-arrow\"]"}
COMMAND: POST /session/4901a3b2b8b0c5830f581bb3a1bd3272/elements - {"using":"xpath","value":"//*[@id=\"__xmlview58--addressTitle-arrow\"]"}
RESULT: {"using":"xpath","value":"//*[@id=\"__xmlview58--addressTitle-arrow\"]"}
COMMAND: POST /session/4901a3b2b8b0c5830f581bb3a1bd3272/elements - {"using":"xpath","value":"//*[@id=\"__xmlview58--addressTitle-arrow\"]"}
RESULT: {"using":"xpath","value":"//*[@id=\"__xmlview58--addressTitle-arrow\"]"}
COMMAND: POST /session/4901a3b2b8b0c5830f581bb3a1bd3272/elements - {"using":"xpath","value":"//*[@id=\"__xmlview58--addressTitle-arrow\"]"}
RESULT: {"using":"xpath","value":"//*[@id=\"__xmlview58--addressTitle-arrow\"]"}
COMMAND: POST /session/4901a3b2b8b0c5830f581bb3a1bd3272/elements - {"using":"xpath","value":"//*[@id=\"__xmlview58--addressTitle-arrow\"]"}
RESULT: {"using":"xpath","value":"//*[@id=\"__xmlview58--addressTitle-arrow\"]"}
COMMAND: POST /session/4901a3b2b8b0c5830f581bb3a1bd3272/elements - {"using":"xpath","value":"//*[@id=\"__xmlview58--addressTitle-arrow\"]"}
RESULT: {"using":"xpath","value":"//*[@id=\"__xmlview58--addressTitle-arrow\"]"}
COMMAND: POST /session/4901a3b2b8b0c5830f581bb3a1bd3272/elements - {"using":"xpath","value":"//*[@id=\"__xmlview58--addressTitle-arrow\"]"}
RESULT: {"using":"xpath","value":"//*[@id=\"__xmlview58--addressTitle-arrow\"]"}
COMMAND: POST /session/4901a3b2b8b0c5830f581bb3a1bd3272/elements - {"using":"xpath","value":"//*[@id=\"__xmlview58--addressTitle-arrow\"]"}
RESULT: {"using":"xpath","value":"//*[@id=\"__xmlview58--addressTitle-arrow\"]"}
COMMAND: POST /session/4901a3b2b8b0c5830f581bb3a1bd3272/elements - {"using":"xpath","value":"//*[@id=\"__xmlview58--addressTitle-arrow\"]"}
RESULT: {"using":"xpath","value":"//*[@id=\"__xmlview58--addressTitle-arrow\"]"}
COMMAND: POST /session/4901a3b2b8b0c5830f581bb3a1bd3272/elements - {"using":"xpath","value":"//*[@id=\"__xmlview58--addressTitle-arrow\"]"}
RESULT: {"using":"xpath","value":"//*[@id=\"__xmlview58--addressTitle-arrow\"]"}
COMMAND: POST /session/4901a3b2b8b0c5830f581bb3a1bd3272/elements - {"using":"xpath","value":"//*[@id=\"__xmlview58--addressTitle-arrow\"]"}
RESULT: {"using":"xpath","value":"//*[@id=\"__xmlview58--addressTitle-arrow\"]"}
COMMAND: POST /session/4901a3b2b8b0c5830f581bb3a1bd3272/elements - {"using":"xpath","value":"//*[@id=\"__xmlview58--addressTitle-arrow\"]"}
RESULT: {"using":"xpath","value":"//*[@id=\"__xmlview58--addressTitle-arrow\"]"}
COMMAND: POST /session/4901a3b2b8b0c5830f581bb3a1bd3272/elements - {"using":"xpath","value":"//*[@id=\"__xmlview58--addressTitle-arrow\"]"}
RESULT: {"using":"xpath","value":"//*[@id=\"__xmlview58--addressTitle-arrow\"]"}
COMMAND: POST /session/4901a3b2b8b0c5830f581bb3a1bd3272/elements - {"using":"xpath","value":"//*[@id=\"__xmlview58--addressTitle-arrow\"]"}
RESULT: {"using":"xpath","value":"//*[@id=\"__xmlview58--addressTitle-arrow\"]"}
COMMAND: POST /session/4901a3b2b8b0c5830f581bb3a1bd3272/elements - {"using":"xpath","value":"//*[@id=\"__xmlview58--addressTitle-arrow\"]"}
RESULT: {"using":"xpath","value":"//*[@id=\"__xmlview58--addressTitle-arrow\"]"}
COMMAND: POST /session/4901a3b2b8b0c5830f581bb3a1bd3272/elements - {"using":"xpath","value":"//*[@id=\"__xmlview58--addressTitle-arrow\"]"}
RESULT: {"using":"xpath","value":"//*[@id=\"__xmlview58--addressTitle-arrow\"]"}
COMMAND: POST /session/4901a3b2b8b0c5830f581bb3a1bd3272/elements - {"using":"xpath","value":"//*[@id=\"__xmlview58--addressTitle-arrow\"]"}
RESULT: {"using":"xpath","value":"//*[@id=\"__xmlview58--addressTitle-arrow\"]"}
COMMAND: POST /session/4901a3b2b8b0c5830f581bb3a1bd3272/elements - {"using":"xpath","value":"//*[@id=\"__xmlview58--addressTitle-arrow\"]"}
RESULT: {"using":"xpath","value":"//*[@id=\"__xmlview58--addressTitle-arrow\"]"}
COMMAND: POST /session/4901a3b2b8b0c5830f581bb3a1bd3272/elements - {"using":"xpath","value":"//*[@id=\"__xmlview58--addressTitle-arrow\"]"}
RESULT: {"using":"xpath","value":"//*[@id=\"__xmlview58--addressTitle-arrow\"]"}
COMMAND: POST /session/4901a3b2b8b0c5830f581bb3a1bd3272/elements - {"using":"xpath","value":"//*[@id=\"__xmlview58--addressTitle-arrow\"]"}
RESULT: {"using":"xpath","value":"//*[@id=\"__xmlview58--addressTitle-arrow\"]"}
COMMAND: POST /session/4901a3b2b8b0c5830f581bb3a1bd3272/elements - {"using":"xpath","value":"//*[@id=\"__xmlview58--addressTitle-arrow\"]"}
RESULT: {"using":"xpath","value":"//*[@id=\"__xmlview58--addressTitle-arrow\"]"}
COMMAND: POST /session/4901a3b2b8b0c5830f581bb3a1bd3272/elements - {"using":"xpath","value":"//*[@id=\"__xmlview58--addressTitle-arrow\"]"}
RESULT: {"using":"xpath","value":"//*[@id=\"__xmlview58--addressTitle-arrow\"]"}
COMMAND: POST /session/4901a3b2b8b0c5830f581bb3a1bd3272/elements - {"using":"xpath","value":"//*[@id=\"__xmlview58--addressTitle-arrow\"]"}
RESULT: {"using":"xpath","value":"//*[@id=\"__xmlview58--addressTitle-arrow\"]"}
COMMAND: POST /session/4901a3b2b8b0c5830f581bb3a1bd3272/elements - {"using":"xpath","value":"//*[@id=\"__xmlview58--addressTitle-arrow\"]"}
RESULT: {"using":"xpath","value":"//*[@id=\"__xmlview58--addressTitle-arrow\"]"}
COMMAND: POST /session/4901a3b2b8b0c5830f581bb3a1bd3272/elements - {"using":"xpath","value":"//*[@id=\"__xmlview58--addressTitle-arrow\"]"}
RESULT: {"using":"xpath","value":"//*[@id=\"__xmlview58--addressTitle-arrow\"]"}
COMMAND: POST /session/4901a3b2b8b0c5830f581bb3a1bd3272/elements - {"using":"xpath","value":"//*[@id=\"__xmlview58--addressTitle-arrow\"]"}
RESULT: {"using":"xpath","value":"//*[@id=\"__xmlview58--addressTitle-arrow\"]"}
COMMAND: POST /session/4901a3b2b8b0c5830f581bb3a1bd3272/elements - {"using":"xpath","value":"//*[@id=\"__xmlview58--addressTitle-arrow\"]"}
RESULT: {"using":"xpath","value":"//*[@id=\"__xmlview58--addressTitle-arrow\"]"}
COMMAND: POST /session/4901a3b2b8b0c5830f581bb3a1bd3272/elements - {"using":"xpath","value":"//*[@id=\"__xmlview58--addressTitle-arrow\"]"}
RESULT: {"using":"xpath","value":"//*[@id=\"__xmlview58--addressTitle-arrow\"]"}
COMMAND: POST /session/4901a3b2b8b0c5830f581bb3a1bd3272/elements - {"using":"xpath","value":"//*[@id=\"__xmlview58--addressTitle-arrow\"]"}
RESULT: {"using":"xpath","value":"//*[@id=\"__xmlview58--addressTitle-arrow\"]"}
COMMAND: POST /session/4901a3b2b8b0c5830f581bb3a1bd3272/elements - {"using":"xpath","value":"//*[@id=\"__xmlview58--addressTitle-arrow\"]"}
RESULT: {"using":"xpath","value":"//*[@id=\"__xmlview58--addressTitle-arrow\"]"}
COMMAND: POST /session/4901a3b2b8b0c5830f581bb3a1bd3272/elements - {"using":"xpath","value":"//*[@id=\"__xmlview58--addressTitle-arrow\"]"}
RESULT: {"using":"xpath","value":"//*[@id=\"__xmlview58--addressTitle-arrow\"]"}
COMMAND: POST /session/4901a3b2b8b0c5830f581bb3a1bd3272/elements - {"using":"xpath","value":"//*[@id=\"__xmlview58--addressTitle-arrow\"]"}
RESULT: {"using":"xpath","value":"//*[@id=\"__xmlview58--addressTitle-arrow\"]"}
COMMAND: POST /session/4901a3b2b8b0c5830f581bb3a1bd3272/elements - {"using":"xpath","value":"//*[@id=\"__xmlview58--addressTitle-arrow\"]"}
RESULT: {"using":"xpath","value":"//*[@id=\"__xmlview58--addressTitle-arrow\"]"}
COMMAND: POST /session/4901a3b2b8b0c5830f581bb3a1bd3272/elements - {"using":"xpath","value":"//*[@id=\"__xmlview58--addressTitle-arrow\"]"}
RESULT: {"using":"xpath","value":"//*[@id=\"__xmlview58--addressTitle-arrow\"]"}
COMMAND: POST /session/4901a3b2b8b0c5830f581bb3a1bd3272/elements - {"using":"xpath","value":"//*[@id=\"__xmlview58--addressTitle-arrow\"]"}
RESULT: {"using":"xpath","value":"//*[@id=\"__xmlview58--addressTitle-arrow\"]"}
COMMAND: POST /session/4901a3b2b8b0c5830f581bb3a1bd3272/elements - {"using":"xpath","value":"//*[@id=\"__xmlview58--addressTitle-arrow\"]"}
RESULT: {"using":"xpath","value":"//*[@id=\"__xmlview58--addressTitle-arrow\"]"}
COMMAND: POST /session/4901a3b2b8b0c5830f581bb3a1bd3272/elements - {"using":"xpath","value":"//*[@id=\"__xmlview58--addressTitle-arrow\"]"}
RESULT: {"using":"xpath","value":"//*[@id=\"__xmlview58--addressTitle-arrow\"]"}
COMMAND: POST /session/4901a3b2b8b0c5830f581bb3a1bd3272/elements - {"using":"xpath","value":"//*[@id=\"__xmlview58--addressTitle-arrow\"]"}
RESULT: {"using":"xpath","value":"//*[@id=\"__xmlview58--addressTitle-arrow\"]"}
COMMAND: POST /session/4901a3b2b8b0c5830f581bb3a1bd3272/elements - {"using":"xpath","value":"//*[@id=\"__xmlview58--addressTitle-arrow\"]"}
RESULT: {"using":"xpath","value":"//*[@id=\"__xmlview58--addressTitle-arrow\"]"}
COMMAND: POST /session/4901a3b2b8b0c5830f581bb3a1bd3272/elements - {"using":"xpath","value":"//*[@id=\"__xmlview58--addressTitle-arrow\"]"}
RESULT: {"using":"xpath","value":"//*[@id=\"__xmlview58--addressTitle-arrow\"]"}
COMMAND: POST /session/4901a3b2b8b0c5830f581bb3a1bd3272/elements - {"using":"xpath","value":"//*[@id=\"__xmlview58--addressTitle-arrow\"]"}
RESULT: {"using":"xpath","value":"//*[@id=\"__xmlview58--addressTitle-arrow\"]"}
COMMAND: POST /session/4901a3b2b8b0c5830f581bb3a1bd3272/elements - {"using":"xpath","value":"//*[@id=\"__xmlview58--addressTitle-arrow\"]"}
RESULT: {"using":"xpath","value":"//*[@id=\"__xmlview58--addressTitle-arrow\"]"}
COMMAND: POST /session/4901a3b2b8b0c5830f581bb3a1bd3272/elements - {"using":"xpath","value":"//*[@id=\"__xmlview58--addressTitle-arrow\"]"}
RESULT: {"using":"xpath","value":"//*[@id=\"__xmlview58--addressTitle-arrow\"]"}
COMMAND: POST /session/4901a3b2b8b0c5830f581bb3a1bd3272/elements - {"using":"xpath","value":"//*[@id=\"__xmlview58--addressTitle-arrow\"]"}
RESULT: {"using":"xpath","value":"//*[@id=\"__xmlview58--addressTitle-arrow\"]"}
COMMAND: POST /session/4901a3b2b8b0c5830f581bb3a1bd3272/elements - {"using":"xpath","value":"//*[@id=\"__xmlview58--addressTitle-arrow\"]"}
RESULT: {"using":"xpath","value":"//*[@id=\"__xmlview58--addressTitle-arrow\"]"}
COMMAND: POST /session/4901a3b2b8b0c5830f581bb3a1bd3272/elements - {"using":"xpath","value":"//*[@id=\"__xmlview58--addressTitle-arrow\"]"}
RESULT: {"using":"xpath","value":"//*[@id=\"__xmlview58--addressTitle-arrow\"]"}
COMMAND: POST /session/4901a3b2b8b0c5830f581bb3a1bd3272/elements - {"using":"xpath","value":"//*[@id=\"__xmlview58--addressTitle-arrow\"]"}
RESULT: {"using":"xpath","value":"//*[@id=\"__xmlview58--addressTitle-arrow\"]"}
COMMAND: POST /session/4901a3b2b8b0c5830f581bb3a1bd3272/elements - {"using":"xpath","value":"//*[@id=\"__xmlview58--addressTitle-arrow\"]"}
RESULT: {"using":"xpath","value":"//*[@id=\"__xmlview58--addressTitle-arrow\"]"}
COMMAND: POST /session/4901a3b2b8b0c5830f581bb3a1bd3272/elements - {"using":"xpath","value":"//*[@id=\"__xmlview58--addressTitle-arrow\"]"}
RESULT: {"using":"xpath","value":"//*[@id=\"__xmlview58--addressTitle-arrow\"]"}
COMMAND: POST /session/4901a3b2b8b0c5830f581bb3a1bd3272/elements - {"using":"xpath","value":"//*[@id=\"__xmlview58--addressTitle-arrow\"]"}
RESULT: {"using":"xpath","value":"//*[@id=\"__xmlview58--addressTitle-arrow\"]"}
COMMAND: POST /session/4901a3b2b8b0c5830f581bb3a1bd3272/elements - {"using":"xpath","value":"//*[@id=\"__xmlview58--addressTitle-arrow\"]"}
RESULT: {"using":"xpath","value":"//*[@id=\"__xmlview58--addressTitle-arrow\"]"}
COMMAND: POST /session/4901a3b2b8b0c5830f581bb3a1bd3272/elements - {"using":"xpath","value":"//*[@id=\"__xmlview58--addressTitle-arrow\"]"}
RESULT: {"using":"xpath","value":"//*[@id=\"__xmlview58--addressTitle-arrow\"]"}
COMMAND: POST /session/4901a3b2b8b0c5830f581bb3a1bd3272/elements - {"using":"xpath","value":"//*[@id=\"__xmlview58--addressTitle-arrow\"]"}
RESULT: {"using":"xpath","value":"//*[@id=\"__xmlview58--addressTitle-arrow\"]"}
COMMAND: POST /session/4901a3b2b8b0c5830f581bb3a1bd3272/elements - {"using":"xpath","value":"//*[@id=\"__xmlview58--addressTitle-arrow\"]"}
RESULT: {"using":"xpath","value":"//*[@id=\"__xmlview58--addressTitle-arrow\"]"}
COMMAND: POST /session/4901a3b2b8b0c5830f581bb3a1bd3272/elements - {"using":"xpath","value":"//*[@id=\"__xmlview58--addressTitle-arrow\"]"}
RESULT: {"using":"xpath","value":"//*[@id=\"__xmlview58--addressTitle-arrow\"]"}
COMMAND: POST /session/4901a3b2b8b0c5830f581bb3a1bd3272/elements - {"using":"xpath","value":"//*[@id=\"__xmlview58--addressTitle-arrow\"]"}
RESULT: {"using":"xpath","value":"//*[@id=\"__xmlview58--addressTitle-arrow\"]"}
COMMAND: POST /session/4901a3b2b8b0c5830f581bb3a1bd3272/elements - {"using":"xpath","value":"//*[@id=\"__xmlview58--addressTitle-arrow\"]"}
RESULT: {"using":"xpath","value":"//*[@id=\"__xmlview58--addressTitle-arrow\"]"}
COMMAND: POST /session/4901a3b2b8b0c5830f581bb3a1bd3272/elements - {"using":"xpath","value":"//*[@id=\"__xmlview58--addressTitle-arrow\"]"}
RESULT: {"using":"xpath","value":"//*[@id=\"__xmlview58--addressTitle-arrow\"]"}
COMMAND: POST /session/4901a3b2b8b0c5830f581bb3a1bd3272/elements - {"using":"xpath","value":"//*[@id=\"__xmlview58--addressTitle-arrow\"]"}
RESULT: {"using":"xpath","value":"//*[@id=\"__xmlview58--addressTitle-arrow\"]"}
COMMAND: POST /session/4901a3b2b8b0c5830f581bb3a1bd3272/elements - {"using":"xpath","value":"//*[@id=\"__xmlview58--addressTitle-arrow\"]"}
RESULT: {"using":"xpath","value":"//*[@id=\"__xmlview58--addressTitle-arrow\"]"}
COMMAND: POST /session/4901a3b2b8b0c5830f581bb3a1bd3272/elements - {"using":"xpath","value":"//*[@id=\"__xmlview58--addressTitle-arrow\"]"}
RESULT: {"using":"xpath","value":"//*[@id=\"__xmlview58--addressTitle-arrow\"]"}
COMMAND: POST /session/4901a3b2b8b0c5830f581bb3a1bd3272/elements - {"using":"xpath","value":"//*[@id=\"__xmlview58--addressTitle-arrow\"]"}
RESULT: {"using":"xpath","value":"//*[@id=\"__xmlview58--addressTitle-arrow\"]"}
COMMAND: POST /session/4901a3b2b8b0c5830f581bb3a1bd3272/elements - {"using":"xpath","value":"//*[@id=\"__xmlview58--addressTitle-arrow\"]"}
RESULT: {"using":"xpath","value":"//*[@id=\"__xmlview58--addressTitle-arrow\"]"}
COMMAND: POST /session/4901a3b2b8b0c5830f581bb3a1bd3272/elements - {"using":"xpath","value":"//*[@id=\"__xmlview58--addressTitle-arrow\"]"}
RESULT: {"using":"xpath","value":"//*[@id=\"__xmlview58--addressTitle-arrow\"]"}
COMMAND: POST /session/4901a3b2b8b0c5830f581bb3a1bd3272/elements - {"using":"xpath","value":"//*[@id=\"__xmlview58--addressTitle-arrow\"]"}
RESULT: {"using":"xpath","value":"//*[@id=\"__xmlview58--addressTitle-arrow\"]"}
COMMAND: POST /session/4901a3b2b8b0c5830f581bb3a1bd3272/elements - {"using":"xpath","value":"//*[@id=\"__xmlview58--addressTitle-arrow\"]"}
RESULT: {"using":"xpath","value":"//*[@id=\"__xmlview58--addressTitle-arrow\"]"}
COMMAND: POST /session/4901a3b2b8b0c5830f581bb3a1bd3272/elements - {"using":"xpath","value":"//*[@id=\"__xmlview58--addressTitle-arrow\"]"}
RESULT: {"using":"xpath","value":"//*[@id=\"__xmlview58--addressTitle-arrow\"]"}
COMMAND: POST /session/4901a3b2b8b0c5830f581bb3a1bd3272/elements - {"using":"xpath","value":"//*[@id=\"__xmlview58--addressTitle-arrow\"]"}
RESULT: {"using":"xpath","value":"//*[@id=\"__xmlview58--addressTitle-arrow\"]"}
COMMAND: POST /session/4901a3b2b8b0c5830f581bb3a1bd3272/elements - {"using":"xpath","value":"//*[@id=\"__xmlview58--addressTitle-arrow\"]"}
RESULT: {"using":"xpath","value":"//*[@id=\"__xmlview58--addressTitle-arrow\"]"}
COMMAND: POST /session/4901a3b2b8b0c5830f581bb3a1bd3272/elements - {"using":"xpath","value":"//*[@id=\"__xmlview58--addressTitle-arrow\"]"}
RESULT: {"using":"xpath","value":"//*[@id=\"__xmlview58--addressTitle-arrow\"]"}
COMMAND: POST /session/4901a3b2b8b0c5830f581bb3a1bd3272/elements - {"using":"xpath","value":"//*[@id=\"__xmlview58--addressTitle-arrow\"]"}
RESULT: {"using":"xpath","value":"//*[@id=\"__xmlview58--addressTitle-arrow\"]"}
COMMAND: POST /session/4901a3b2b8b0c5830f581bb3a1bd3272/elements - {"using":"xpath","value":"//*[@id=\"__xmlview58--addressTitle-arrow\"]"}
RESULT: {"using":"xpath","value":"//*[@id=\"__xmlview58--addressTitle-arrow\"]"}
COMMAND: POST /session/4901a3b2b8b0c5830f581bb3a1bd3272/elements - {"using":"xpath","value":"//*[@id=\"__xmlview58--addressTitle-arrow\"]"}
RESULT: {"using":"xpath","value":"//*[@id=\"__xmlview58--addressTitle-arrow\"]"}
COMMAND: POST /session/4901a3b2b8b0c5830f581bb3a1bd3272/elements - {"using":"xpath","value":"//*[@id=\"__xmlview58--addressTitle-arrow\"]"}
RESULT: {"using":"xpath","value":"//*[@id=\"__xmlview58--addressTitle-arrow\"]"}
COMMAND: POST /session/4901a3b2b8b0c5830f581bb3a1bd3272/elements - {"using":"xpath","value":"//*[@id=\"__xmlview58--addressTitle-arrow\"]"}
RESULT: {"using":"xpath","value":"//*[@id=\"__xmlview58--addressTitle-arrow\"]"}
COMMAND: POST /session/4901a3b2b8b0c5830f581bb3a1bd3272/elements - {"using":"xpath","value":"//*[@id=\"__xmlview58--addressTitle-arrow\"]"}
RESULT: {"using":"xpath","value":"//*[@id=\"__xmlview58--addressTitle-arrow\"]"}
COMMAND: POST /session/4901a3b2b8b0c5830f581bb3a1bd3272/elements - {"using":"xpath","value":"//*[@id=\"__xmlview58--addressTitle-arrow\"]"}
RESULT: {"using":"xpath","value":"//*[@id=\"__xmlview58--addressTitle-arrow\"]"}
COMMAND: POST /session/4901a3b2b8b0c5830f581bb3a1bd3272/elements - {"using":"xpath","value":"//*[@id=\"__xmlview58--addressTitle-arrow\"]"}
RESULT: {"using":"xpath","value":"//*[@id=\"__xmlview58--addressTitle-arrow\"]"}
COMMAND: POST /session/4901a3b2b8b0c5830f581bb3a1bd3272/elements - {"using":"xpath","value":"//*[@id=\"__xmlview58--addressTitle-arrow\"]"}
RESULT: {"using":"xpath","value":"//*[@id=\"__xmlview58--addressTitle-arrow\"]"}
COMMAND: POST /session/4901a3b2b8b0c5830f581bb3a1bd3272/elements - {"using":"xpath","value":"//*[@id=\"__xmlview58--addressTitle-arrow\"]"}
RESULT: {"using":"xpath","value":"//*[@id=\"__xmlview58--addressTitle-arrow\"]"}
COMMAND: POST /session/4901a3b2b8b0c5830f581bb3a1bd3272/elements - {"using":"xpath","value":"//*[@id=\"__xmlview58--addressTitle-arrow\"]"}
RESULT: {"using":"xpath","value":"//*[@id=\"__xmlview58--addressTitle-arrow\"]"}
COMMAND: POST /session/4901a3b2b8b0c5830f581bb3a1bd3272/elements - {"using":"xpath","value":"//*[@id=\"__xmlview58--addressTitle-arrow\"]"}
RESULT: {"using":"xpath","value":"//*[@id=\"__xmlview58--addressTitle-arrow\"]"}
COMMAND: POST /session/4901a3b2b8b0c5830f581bb3a1bd3272/elements - {"using":"xpath","value":"//*[@id=\"__xmlview58--addressTitle-arrow\"]"}
RESULT: {"using":"xpath","value":"//*[@id=\"__xmlview58--addressTitle-arrow\"]"}
COMMAND: POST /session/4901a3b2b8b0c5830f581bb3a1bd3272/elements - {"using":"xpath","value":"//*[@id=\"__xmlview58--addressTitle-arrow\"]"}
RESULT: {"using":"xpath","value":"//*[@id=\"__xmlview58--addressTitle-arrow\"]"}
COMMAND: POST /session/4901a3b2b8b0c5830f581bb3a1bd3272/elements - {"using":"xpath","value":"//*[@id=\"__xmlview58--addressTitle-arrow\"]"}
RESULT: {"using":"xpath","value":"//*[@id=\"__xmlview58--addressTitle-arrow\"]"}
COMMAND: POST /session/4901a3b2b8b0c5830f581bb3a1bd3272/elements - {"using":"xpath","value":"//*[@id=\"__xmlview58--addressTitle-arrow\"]"}
RESULT: {"using":"xpath","value":"//*[@id=\"__xmlview58--addressTitle-arrow\"]"}
COMMAND: POST /session/4901a3b2b8b0c5830f581bb3a1bd3272/elements - {"using":"xpath","value":"//*[@id=\"__xmlview58--addressTitle-arrow\"]"}
RESULT: {"using":"xpath","value":"//*[@id=\"__xmlview58--addressTitle-arrow\"]"}
COMMAND: POST /session/4901a3b2b8b0c5830f581bb3a1bd3272/elements - {"using":"xpath","value":"//*[@id=\"__xmlview58--addressTitle-arrow\"]"}
RESULT: {"using":"xpath","value":"//*[@id=\"__xmlview58--addressTitle-arrow\"]"}
COMMAND: POST /session/4901a3b2b8b0c5830f581bb3a1bd3272/elements - {"using":"xpath","value":"//*[@id=\"__xmlview58--addressTitle-arrow\"]"}
RESULT: {"using":"xpath","value":"//*[@id=\"__xmlview58--addressTitle-arrow\"]"}
COMMAND: POST /session/4901a3b2b8b0c5830f581bb3a1bd3272/elements - {"using":"xpath","value":"//*[@id=\"__xmlview58--addressTitle-arrow\"]"}
RESULT: {"using":"xpath","value":"//*[@id=\"__xmlview58--addressTitle-arrow\"]"}
COMMAND: POST /session/4901a3b2b8b0c5830f581bb3a1bd3272/elements - {"using":"xpath","value":"//*[@id=\"__xmlview58--addressTitle-arrow\"]"}
RESULT: {"using":"xpath","value":"//*[@id=\"__xmlview58--addressTitle-arrow\"]"}
COMMAND: POST /session/4901a3b2b8b0c5830f581bb3a1bd3272/elements - {"using":"xpath","value":"//*[@id=\"__xmlview58--addressTitle-arrow\"]"}
RESULT: {"using":"xpath","value":"//*[@id=\"__xmlview58--addressTitle-arrow\"]"}
COMMAND: POST /session/4901a3b2b8b0c5830f581bb3a1bd3272/elements - {"using":"xpath","value":"//*[@id=\"__xmlview58--addressTitle-arrow\"]"}
RESULT: {"using":"xpath","value":"//*[@id=\"__xmlview58--addressTitle-arrow\"]"}
COMMAND: POST /session/4901a3b2b8b0c5830f581bb3a1bd3272/elements - {"using":"xpath","value":"//*[@id=\"__xmlview58--addressTitle-arrow\"]"}
RESULT: {"using":"xpath","value":"//*[@id=\"__xmlview58--addressTitle-arrow\"]"}
COMMAND: POST /session/4901a3b2b8b0c5830f581bb3a1bd3272/elements - {"using":"xpath","value":"//*[@id=\"__xmlview58--addressTitle-arrow\"]"}
RESULT: {"using":"xpath","value":"//*[@id=\"__xmlview58--addressTitle-arrow\"]"}
COMMAND: POST /session/4901a3b2b8b0c5830f581bb3a1bd3272/elements - {"using":"xpath","value":"//*[@id=\"__xmlview58--addressTitle-arrow\"]"}
RESULT: {"using":"xpath","value":"//*[@id=\"__xmlview58--addressTitle-arrow\"]"}
COMMAND: POST /session/4901a3b2b8b0c5830f581bb3a1bd3272/elements - {"using":"xpath","value":"//*[@id=\"__xmlview58--addressTitle-arrow\"]"}
RESULT: {"using":"xpath","value":"//*[@id=\"__xmlview58--addressTitle-arrow\"]"}
COMMAND: POST /session/4901a3b2b8b0c5830f581bb3a1bd3272/elements - {"using":"xpath","value":"//*[@id=\"__xmlview58--addressTitle-arrow\"]"}
RESULT: {"using":"xpath","value":"//*[@id=\"__xmlview58--addressTitle-arrow\"]"}
COMMAND: POST /session/4901a3b2b8b0c5830f581bb3a1bd3272/elements - {"using":"xpath","value":"//*[@id=\"__xmlview58--addressTitle-arrow\"]"}
RESULT: {"using":"xpath","value":"//*[@id=\"__xmlview58--addressTitle-arrow\"]"}
COMMAND: POST /session/4901a3b2b8b0c5830f581bb3a1bd3272/elements - {"using":"xpath","value":"//*[@id=\"__xmlview58--addressTitle-arrow\"]"}
RESULT: {"using":"xpath","value":"//*[@id=\"__xmlview58--addressTitle-arrow\"]"}
COMMAND: POST /session/4901a3b2b8b0c5830f581bb3a1bd3272/elements - {"using":"xpath","value":"//*[@id=\"__xmlview58--addressTitle-arrow\"]"}
RESULT: {"using":"xpath","value":"//*[@id=\"__xmlview58--addressTitle-arrow\"]"}
COMMAND: POST /session/4901a3b2b8b0c5830f581bb3a1bd3272/elements - {"using":"xpath","value":"//*[@id=\"__xmlview58--addressTitle-arrow\"]"}
RESULT: {"using":"xpath","value":"//*[@id=\"__xmlview58--addressTitle-arrow\"]"}
COMMAND: POST /session/4901a3b2b8b0c5830f581bb3a1bd3272/elements - {"using":"xpath","value":"//*[@id=\"__xmlview58--addressTitle-arrow\"]"}
RESULT: {"using":"xpath","value":"//*[@id=\"__xmlview58--addressTitle-arrow\"]"}
COMMAND: POST /session/4901a3b2b8b0c5830f581bb3a1bd3272/elements - {"using":"xpath","value":"//*[@id=\"__xmlview58--addressTitle-arrow\"]"}
RESULT: {"using":"xpath","value":"//*[@id=\"__xmlview58--addressTitle-arrow\"]"}
COMMAND: POST /session/4901a3b2b8b0c5830f581bb3a1bd3272/elements - {"using":"xpath","value":"//*[@id=\"__xmlview58--addressTitle-arrow\"]"}
RESULT: {"using":"xpath","value":"//*[@id=\"__xmlview58--addressTitle-arrow\"]"}
COMMAND: POST /session/4901a3b2b8b0c5830f581bb3a1bd3272/elements - {"using":"xpath","value":"//*[@id=\"__xmlview58--addressTitle-arrow\"]"}
RESULT: {"using":"xpath","value":"//*[@id=\"__xmlview58--addressTitle-arrow\"]"}
COMMAND: POST /session/4901a3b2b8b0c5830f581bb3a1bd3272/elements - {"using":"xpath","value":"//*[@id=\"__xmlview58--addressTitle-arrow\"]"}
RESULT: {"using":"xpath","value":"//*[@id=\"__xmlview58--addressTitle-arrow\"]"}
COMMAND: POST /session/4901a3b2b8b0c5830f581bb3a1bd3272/elements - {"using":"xpath","value":"//*[@id=\"__xmlview58--addressTitle-arrow\"]"}
RESULT: {"using":"xpath","value":"//*[@id=\"__xmlview58--addressTitle-arrow\"]"}
COMMAND: POST /session/4901a3b2b8b0c5830f581bb3a1bd3272/elements - {"using":"xpath","value":"//*[@id=\"__xmlview58--addressTitle-arrow\"]"}
RESULT: {"using":"xpath","value":"//*[@id=\"__xmlview58--addressTitle-arrow\"]"}
COMMAND: POST /session/4901a3b2b8b0c5830f581bb3a1bd3272/elements - {"using":"xpath","value":"//*[@id=\"__xmlview58--addressTitle-arrow\"]"}
RESULT: {"using":"xpath","value":"//*[@id=\"__xmlview58--addressTitle-arrow\"]"}
COMMAND: POST /session/4901a3b2b8b0c5830f581bb3a1bd3272/elements - {"using":"xpath","value":"//*[@id=\"__xmlview58--addressTitle-arrow\"]"}
RESULT: {"using":"xpath","value":"//*[@id=\"__xmlview58--addressTitle-arrow\"]"}
COMMAND: POST /session/4901a3b2b8b0c5830f581bb3a1bd3272/elements - {"using":"xpath","value":"//*[@id=\"__xmlview58--addressTitle-arrow\"]"}
RESULT: {"using":"xpath","value":"//*[@id=\"__xmlview58--addressTitle-arrow\"]"}
COMMAND: POST /session/4901a3b2b8b0c5830f581bb3a1bd3272/elements - {"using":"xpath","value":"//*[@id=\"__xmlview58--addressTitle-arrow\"]"}
RESULT: {"using":"xpath","value":"//*[@id=\"__xmlview58--addressTitle-arrow\"]"}
COMMAND: POST /session/4901a3b2b8b0c5830f581bb3a1bd3272/elements - {"using":"xpath","value":"//*[@id=\"__xmlview58--addressTitle-arrow\"]"}
RESULT: {"using":"xpath","value":"//*[@id=\"__xmlview58--addressTitle-arrow\"]"}
COMMAND: POST /session/4901a3b2b8b0c5830f581bb3a1bd3272/elements - {"using":"xpath","value":"//*[@id=\"__xmlview58--addressTitle-arrow\"]"}
RESULT: {"using":"xpath","value":"//*[@id=\"__xmlview58--addressTitle-arrow\"]"}
COMMAND: POST /session/4901a3b2b8b0c5830f581bb3a1bd3272/elements - {"using":"xpath","value":"//*[@id=\"__xmlview58--addressTitle-arrow\"]"}
RESULT: {"using":"xpath","value":"//*[@id=\"__xmlview58--addressTitle-arrow\"]"}
COMMAND: POST /session/4901a3b2b8b0c5830f581bb3a1bd3272/elements - {"using":"xpath","value":"//*[@id=\"__xmlview58--addressTitle-arrow\"]"}
RESULT: {"using":"xpath","value":"//*[@id=\"__xmlview58--addressTitle-arrow\"]"}
COMMAND: POST /session/4901a3b2b8b0c5830f581bb3a1bd3272/elements - {"using":"xpath","value":"//*[@id=\"__xmlview58--addressTitle-arrow\"]"}
RESULT: {"using":"xpath","value":"//*[@id=\"__xmlview58--addressTitle-arrow\"]"}
COMMAND: POST /session/4901a3b2b8b0c5830f581bb3a1bd3272/elements - {"using":"xpath","value":"//*[@id=\"__xmlview58--addressTitle-arrow\"]"}
RESULT: {"using":"xpath","value":"//*[@id=\"__xmlview58--addressTitle-arrow\"]"}
COMMAND: POST /session/4901a3b2b8b0c5830f581bb3a1bd3272/element - {"using":"xpath","value":"//li[.//span[text()=\"Dr.\"]]"}
RESULT: {"using":"xpath","value":"//li[.//span[text()=\"Dr.\"]]"}
COMMAND: POST /session/4901a3b2b8b0c5830f581bb3a1bd3272/elements - {"using":"xpath","value":"//li[.//span[text()=\"Dr.\"]]"}
RESULT: {"using":"xpath","value":"//li[.//span[text()=\"Dr.\"]]"}
COMMAND: POST /session/4901a3b2b8b0c5830f581bb3a1bd3272/elements - {"using":"xpath","value":"//li[.//span[text()=\"Dr.\"]]"}
RESULT: {"using":"xpath","value":"//li[.//span[text()=\"Dr.\"]]"}
COMMAND: POST /session/4901a3b2b8b0c5830f581bb3a1bd3272/elements - {"using":"xpath","value":"//li[.//span[text()=\"Dr.\"]]"}
RESULT: {"using":"xpath","value":"//li[.//span[text()=\"Dr.\"]]"}
COMMAND: POST /session/4901a3b2b8b0c5830f581bb3a1bd3272/elements - {"using":"xpath","value":"//li[.//span[text()=\"Dr.\"]]"}
RESULT: {"using":"xpath","value":"//li[.//span[text()=\"Dr.\"]]"}
COMMAND: POST /session/4901a3b2b8b0c5830f581bb3a1bd3272/elements - {"using":"xpath","value":"//li[.//span[text()=\"Dr.\"]]"}
RESULT: {"using":"xpath","value":"//li[.//span[text()=\"Dr.\"]]"}
COMMAND: POST /session/4901a3b2b8b0c5830f581bb3a1bd3272/elements - {"using":"xpath","value":"//li[.//span[text()=\"Dr.\"]]"}
RESULT: {"using":"xpath","value":"//li[.//span[text()=\"Dr.\"]]"}
COMMAND: POST /session/4901a3b2b8b0c5830f581bb3a1bd3272/elements - {"using":"xpath","value":"//li[.//span[text()=\"Dr.\"]]"}
RESULT: {"using":"xpath","value":"//li[.//span[text()=\"Dr.\"]]"}
COMMAND: POST /session/4901a3b2b8b0c5830f581bb3a1bd3272/elements - {"using":"xpath","value":"//li[.//span[text()=\"Dr.\"]]"}
RESULT: {"using":"xpath","value":"//li[.//span[text()=\"Dr.\"]]"}
COMMAND: POST /session/4901a3b2b8b0c5830f581bb3a1bd3272/elements - {"using":"xpath","value":"//li[.//span[text()=\"Dr.\"]]"}
RESULT: {"using":"xpath","value":"//li[.//span[text()=\"Dr.\"]]"}
COMMAND: POST /session/4901a3b2b8b0c5830f581bb3a1bd3272/elements - {"using":"xpath","value":"//li[.//span[text()=\"Dr.\"]]"}
RESULT: {"using":"xpath","value":"//li[.//span[text()=\"Dr.\"]]"}
COMMAND: POST /session/4901a3b2b8b0c5830f581bb3a1bd3272/elements - {"using":"xpath","value":"//li[.//span[text()=\"Dr.\"]]"}
RESULT: {"using":"xpath","value":"//li[.//span[text()=\"Dr.\"]]"}
COMMAND: POST /session/4901a3b2b8b0c5830f581bb3a1bd3272/elements - {"using":"xpath","value":"//li[.//span[text()=\"Dr.\"]]"}
RESULT: {"using":"xpath","value":"//li[.//span[text()=\"Dr.\"]]"}
COMMAND: POST /session/4901a3b2b8b0c5830f581bb3a1bd3272/elements - {"using":"xpath","value":"//li[.//span[text()=\"Dr.\"]]"}
RESULT: {"using":"xpath","value":"//li[.//span[text()=\"Dr.\"]]"}
COMMAND: POST /session/4901a3b2b8b0c5830f581bb3a1bd3272/elements - {"using":"xpath","value":"//li[.//span[text()=\"Dr.\"]]"}
RESULT: {"using":"xpath","value":"//li[.//span[text()=\"Dr.\"]]"}
COMMAND: POST /session/4901a3b2b8b0c5830f581bb3a1bd3272/elements - {"using":"xpath","value":"//li[.//span[text()=\"Dr.\"]]"}
RESULT: {"using":"xpath","value":"//li[.//span[text()=\"Dr.\"]]"}
COMMAND: POST /session/4901a3b2b8b0c5830f581bb3a1bd3272/elements - {"using":"xpath","value":"//li[.//span[text()=\"Dr.\"]]"}
RESULT: {"using":"xpath","value":"//li[.//span[text()=\"Dr.\"]]"}
COMMAND: POST /session/4901a3b2b8b0c5830f581bb3a1bd3272/elements - {"using":"xpath","value":"//li[.//span[text()=\"Dr.\"]]"}
RESULT: {"using":"xpath","value":"//li[.//span[text()=\"Dr.\"]]"}
COMMAND: POST /session/4901a3b2b8b0c5830f581bb3a1bd3272/elements - {"using":"xpath","value":"//li[.//span[text()=\"Dr.\"]]"}
RESULT: {"using":"xpath","value":"//li[.//span[text()=\"Dr.\"]]"}
COMMAND: POST /session/4901a3b2b8b0c5830f581bb3a1bd3272/elements - {"using":"xpath","value":"//li[.//span[text()=\"Dr.\"]]"}
RESULT: {"using":"xpath","value":"//li[.//span[text()=\"Dr.\"]]"}
COMMAND: POST /session/4901a3b2b8b0c5830f581bb3a1bd3272/elements - {"using":"xpath","value":"//li[.//span[text()=\"Dr.\"]]"}
RESULT: {"using":"xpath","value":"//li[.//span[text()=\"Dr.\"]]"}
COMMAND: POST /session/4901a3b2b8b0c5830f581bb3a1bd3272/elements - {"using":"xpath","value":"//li[.//span[text()=\"Dr.\"]]"}
RESULT: {"using":"xpath","value":"//li[.//span[text()=\"Dr.\"]]"}
COMMAND: POST /session/4901a3b2b8b0c5830f581bb3a1bd3272/elements - {"using":"xpath","value":"//li[.//span[text()=\"Dr.\"]]"}
RESULT: {"using":"xpath","value":"//li[.//span[text()=\"Dr.\"]]"}
COMMAND: POST /session/4901a3b2b8b0c5830f581bb3a1bd3272/elements - {"using":"xpath","value":"//li[.//span[text()=\"Dr.\"]]"}
RESULT: {"using":"xpath","value":"//li[.//span[text()=\"Dr.\"]]"}
COMMAND: POST /session/4901a3b2b8b0c5830f581bb3a1bd3272/elements - {"using":"xpath","value":"//li[.//span[text()=\"Dr.\"]]"}
RESULT: {"using":"xpath","value":"//li[.//span[text()=\"Dr.\"]]"}
COMMAND: POST /session/4901a3b2b8b0c5830f581bb3a1bd3272/elements - {"using":"xpath","value":"//li[.//span[text()=\"Dr.\"]]"}
RESULT: {"using":"xpath","value":"//li[.//span[text()=\"Dr.\"]]"}
COMMAND: POST /session/4901a3b2b8b0c5830f581bb3a1bd3272/elements - {"using":"xpath","value":"//li[.//span[text()=\"Dr.\"]]"}
RESULT: {"using":"xpath","value":"//li[.//span[text()=\"Dr.\"]]"}
COMMAND: POST /session/4901a3b2b8b0c5830f581bb3a1bd3272/elements - {"using":"xpath","value":"//li[.//span[text()=\"Dr.\"]]"}
RESULT: {"using":"xpath","value":"//li[.//span[text()=\"Dr.\"]]"}
COMMAND: POST /session/4901a3b2b8b0c5830f581bb3a1bd3272/elements - {"using":"xpath","value":"//li[.//span[text()=\"Dr.\"]]"}
RESULT: {"using":"xpath","value":"//li[.//span[text()=\"Dr.\"]]"}
COMMAND: POST /session/4901a3b2b8b0c5830f581bb3a1bd3272/elements - {"using":"xpath","value":"//li[.//span[text()=\"Dr.\"]]"}
RESULT: {"using":"xpath","value":"//li[.//span[text()=\"Dr.\"]]"}
COMMAND: POST /session/4901a3b2b8b0c5830f581bb3a1bd3272/elements - {"using":"xpath","value":"//li[.//span[text()=\"Dr.\"]]"}
RESULT: {"using":"xpath","value":"//li[.//span[text()=\"Dr.\"]]"}
COMMAND: POST /session/4901a3b2b8b0c5830f581bb3a1bd3272/elements - {"using":"xpath","value":"//li[.//span[text()=\"Dr.\"]]"}
RESULT: {"using":"xpath","value":"//li[.//span[text()=\"Dr.\"]]"}
COMMAND: POST /session/4901a3b2b8b0c5830f581bb3a1bd3272/elements - {"using":"xpath","value":"//li[.//span[text()=\"Dr.\"]]"}
RESULT: {"using":"xpath","value":"//li[.//span[text()=\"Dr.\"]]"}
COMMAND: POST /session/4901a3b2b8b0c5830f581bb3a1bd3272/elements - {"using":"xpath","value":"//li[.//span[text()=\"Dr.\"]]"}
RESULT: {"using":"xpath","value":"//li[.//span[text()=\"Dr.\"]]"}
COMMAND: POST /session/4901a3b2b8b0c5830f581bb3a1bd3272/elements - {"using":"xpath","value":"//li[.//span[text()=\"Dr.\"]]"}
RESULT: {"using":"xpath","value":"//li[.//span[text()=\"Dr.\"]]"}
COMMAND: POST /session/4901a3b2b8b0c5830f581bb3a1bd3272/elements - {"using":"xpath","value":"//li[.//span[text()=\"Dr.\"]]"}
RESULT: {"using":"xpath","value":"//li[.//span[text()=\"Dr.\"]]"}
COMMAND: POST /session/4901a3b2b8b0c5830f581bb3a1bd3272/elements - {"using":"xpath","value":"//li[.//span[text()=\"Dr.\"]]"}
RESULT: {"using":"xpath","value":"//li[.//span[text()=\"Dr.\"]]"}
COMMAND: POST /session/4901a3b2b8b0c5830f581bb3a1bd3272/elements - {"using":"xpath","value":"//li[.//span[text()=\"Dr.\"]]"}
RESULT: {"using":"xpath","value":"//li[.//span[text()=\"Dr.\"]]"}
COMMAND: POST /session/4901a3b2b8b0c5830f581bb3a1bd3272/elements - {"using":"xpath","value":"//li[.//span[text()=\"Dr.\"]]"}
RESULT: {"using":"xpath","value":"//li[.//span[text()=\"Dr.\"]]"}
COMMAND: POST /session/4901a3b2b8b0c5830f581bb3a1bd3272/elements - {"using":"xpath","value":"//li[.//span[text()=\"Dr.\"]]"}
RESULT: {"using":"xpath","value":"//li[.//span[text()=\"Dr.\"]]"}
COMMAND: POST /session/4901a3b2b8b0c5830f581bb3a1bd3272/elements - {"using":"xpath","value":"//li[.//span[text()=\"Dr.\"]]"}
RESULT: {"using":"xpath","value":"//li[.//span[text()=\"Dr.\"]]"}
COMMAND: POST /session/4901a3b2b8b0c5830f581bb3a1bd3272/elements - {"using":"xpath","value":"//li[.//span[text()=\"Dr.\"]]"}
RESULT: {"using":"xpath","value":"//li[.//span[text()=\"Dr.\"]]"}
COMMAND: POST /session/4901a3b2b8b0c5830f581bb3a1bd3272/elements - {"using":"xpath","value":"//li[.//span[text()=\"Dr.\"]]"}
RESULT: {"using":"xpath","value":"//li[.//span[text()=\"Dr.\"]]"}
COMMAND: POST /session/4901a3b2b8b0c5830f581bb3a1bd3272/elements - {"using":"xpath","value":"//li[.//span[text()=\"Dr.\"]]"}
RESULT: {"using":"xpath","value":"//li[.//span[text()=\"Dr.\"]]"}
COMMAND: POST /session/4901a3b2b8b0c5830f581bb3a1bd3272/elements - {"using":"xpath","value":"//li[.//span[text()=\"Dr.\"]]"}
RESULT: {"using":"xpath","value":"//li[.//span[text()=\"Dr.\"]]"}
COMMAND: POST /session/4901a3b2b8b0c5830f581bb3a1bd3272/elements - {"using":"xpath","value":"//li[.//span[text()=\"Dr.\"]]"}
RESULT: {"using":"xpath","value":"//li[.//span[text()=\"Dr.\"]]"}
COMMAND: POST /session/4901a3b2b8b0c5830f581bb3a1bd3272/elements - {"using":"xpath","value":"//li[.//span[text()=\"Dr.\"]]"}
RESULT: {"using":"xpath","value":"//li[.//span[text()=\"Dr.\"]]"}
COMMAND: POST /session/4901a3b2b8b0c5830f581bb3a1bd3272/elements - {"using":"xpath","value":"//li[.//span[text()=\"Dr.\"]]"}
RESULT: {"using":"xpath","value":"//li[.//span[text()=\"Dr.\"]]"}
COMMAND: POST /session/4901a3b2b8b0c5830f581bb3a1bd3272/elements - {"using":"xpath","value":"//li[.//span[text()=\"Dr.\"]]"}
RESULT: {"using":"xpath","value":"//li[.//span[text()=\"Dr.\"]]"}
COMMAND: POST /session/4901a3b2b8b0c5830f581bb3a1bd3272/elements - {"using":"xpath","value":"//li[.//span[text()=\"Dr.\"]]"}
RESULT: {"using":"xpath","value":"//li[.//span[text()=\"Dr.\"]]"}
COMMAND: POST /session/4901a3b2b8b0c5830f581bb3a1bd3272/elements - {"using":"xpath","value":"//li[.//span[text()=\"Dr.\"]]"}
RESULT: {"using":"xpath","value":"//li[.//span[text()=\"Dr.\"]]"}
COMMAND: POST /session/4901a3b2b8b0c5830f581bb3a1bd3272/elements - {"using":"xpath","value":"//li[.//span[text()=\"Dr.\"]]"}
RESULT: {"using":"xpath","value":"//li[.//span[text()=\"Dr.\"]]"}
COMMAND: POST /session/4901a3b2b8b0c5830f581bb3a1bd3272/elements - {"using":"xpath","value":"//li[.//span[text()=\"Dr.\"]]"}
RESULT: {"using":"xpath","value":"//li[.//span[text()=\"Dr.\"]]"}
COMMAND: POST /session/4901a3b2b8b0c5830f581bb3a1bd3272/elements - {"using":"xpath","value":"//li[.//span[text()=\"Dr.\"]]"}
RESULT: {"using":"xpath","value":"//li[.//span[text()=\"Dr.\"]]"}
COMMAND: POST /session/4901a3b2b8b0c5830f581bb3a1bd3272/elements - {"using":"xpath","value":"//li[.//span[text()=\"Dr.\"]]"}
RESULT: {"using":"xpath","value":"//li[.//span[text()=\"Dr.\"]]"}
COMMAND: POST /session/4901a3b2b8b0c5830f581bb3a1bd3272/elements - {"using":"xpath","value":"//li[.//span[text()=\"Dr.\"]]"}
RESULT: {"using":"xpath","value":"//li[.//span[text()=\"Dr.\"]]"}
COMMAND: POST /session/4901a3b2b8b0c5830f581bb3a1bd3272/elements - {"using":"xpath","value":"//li[.//span[text()=\"Dr.\"]]"}
RESULT: {"using":"xpath","value":"//li[.//span[text()=\"Dr.\"]]"}
COMMAND: POST /session/4901a3b2b8b0c5830f581bb3a1bd3272/elements - {"using":"xpath","value":"//li[.//span[text()=\"Dr.\"]]"}
RESULT: {"using":"xpath","value":"//li[.//span[text()=\"Dr.\"]]"}
COMMAND: POST /session/4901a3b2b8b0c5830f581bb3a1bd3272/elements - {"using":"xpath","value":"//li[.//span[text()=\"Dr.\"]]"}
RESULT: {"using":"xpath","value":"//li[.//span[text()=\"Dr.\"]]"}
COMMAND: POST /session/4901a3b2b8b0c5830f581bb3a1bd3272/elements - {"using":"xpath","value":"//li[.//span[text()=\"Dr.\"]]"}
RESULT: {"using":"xpath","value":"//li[.//span[text()=\"Dr.\"]]"}
COMMAND: POST /session/4901a3b2b8b0c5830f581bb3a1bd3272/elements - {"using":"xpath","value":"//li[.//span[text()=\"Dr.\"]]"}
RESULT: {"using":"xpath","value":"//li[.//span[text()=\"Dr.\"]]"}
COMMAND: POST /session/4901a3b2b8b0c5830f581bb3a1bd3272/elements - {"using":"xpath","value":"//li[.//span[text()=\"Dr.\"]]"}
RESULT: {"using":"xpath","value":"//li[.//span[text()=\"Dr.\"]]"}
COMMAND: POST /session/4901a3b2b8b0c5830f581bb3a1bd3272/elements - {"using":"xpath","value":"//li[.//span[text()=\"Dr.\"]]"}
RESULT: {"using":"xpath","value":"//li[.//span[text()=\"Dr.\"]]"}
COMMAND: POST /session/4901a3b2b8b0c5830f581bb3a1bd3272/elements - {"using":"xpath","value":"//li[.//span[text()=\"Dr.\"]]"}
RESULT: {"using":"xpath","value":"//li[.//span[text()=\"Dr.\"]]"}
COMMAND: POST /session/4901a3b2b8b0c5830f581bb3a1bd3272/elements - {"using":"xpath","value":"//li[.//span[text()=\"Dr.\"]]"}
RESULT: {"using":"xpath","value":"//li[.//span[text()=\"Dr.\"]]"}
COMMAND: POST /session/4901a3b2b8b0c5830f581bb3a1bd3272/elements - {"using":"xpath","value":"//li[.//span[text()=\"Dr.\"]]"}
RESULT: {"using":"xpath","value":"//li[.//span[text()=\"Dr.\"]]"}
COMMAND: POST /session/4901a3b2b8b0c5830f581bb3a1bd3272/elements - {"using":"xpath","value":"//li[.//span[text()=\"Dr.\"]]"}
RESULT: {"using":"xpath","value":"//li[.//span[text()=\"Dr.\"]]"}
COMMAND: POST /session/4901a3b2b8b0c5830f581bb3a1bd3272/elements - {"using":"xpath","value":"//li[.//span[text()=\"Dr.\"]]"}
RESULT: {"using":"xpath","value":"//li[.//span[text()=\"Dr.\"]]"}
COMMAND: POST /session/4901a3b2b8b0c5830f581bb3a1bd3272/elements - {"using":"xpath","value":"//li[.//span[text()=\"Dr.\"]]"}
RESULT: {"using":"xpath","value":"//li[.//span[text()=\"Dr.\"]]"}
COMMAND: POST /session/4901a3b2b8b0c5830f581bb3a1bd3272/elements - {"using":"xpath","value":"//li[.//span[text()=\"Dr.\"]]"}
RESULT: {"using":"xpath","value":"//li[.//span[text()=\"Dr.\"]]"}
COMMAND: POST /session/4901a3b2b8b0c5830f581bb3a1bd3272/elements - {"using":"xpath","value":"//li[.//span[text()=\"Dr.\"]]"}
RESULT: {"using":"xpath","value":"//li[.//span[text()=\"Dr.\"]]"}
COMMAND: POST /session/4901a3b2b8b0c5830f581bb3a1bd3272/elements - {"using":"xpath","value":"//li[.//span[text()=\"Dr.\"]]"}
RESULT: {"using":"xpath","value":"//li[.//span[text()=\"Dr.\"]]"}
COMMAND: POST /session/4901a3b2b8b0c5830f581bb3a1bd3272/elements - {"using":"xpath","value":"//li[.//span[text()=\"Dr.\"]]"}
RESULT: {"using":"xpath","value":"//li[.//span[text()=\"Dr.\"]]"}
COMMAND: POST /session/4901a3b2b8b0c5830f581bb3a1bd3272/elements - {"using":"xpath","value":"//li[.//span[text()=\"Dr.\"]]"}
RESULT: {"using":"xpath","value":"//li[.//span[text()=\"Dr.\"]]"}
COMMAND: POST /session/4901a3b2b8b0c5830f581bb3a1bd3272/elements - {"using":"xpath","value":"//li[.//span[text()=\"Dr.\"]]"}
RESULT: {"using":"xpath","value":"//li[.//span[text()=\"Dr.\"]]"}
COMMAND: POST /session/4901a3b2b8b0c5830f581bb3a1bd3272/elements - {"using":"xpath","value":"//li[.//span[text()=\"Dr.\"]]"}
RESULT: {"using":"xpath","value":"//li[.//span[text()=\"Dr.\"]]"}
COMMAND: POST /session/4901a3b2b8b0c5830f581bb3a1bd3272/elements - {"using":"xpath","value":"//li[.//span[text()=\"Dr.\"]]"}
RESULT: {"using":"xpath","value":"//li[.//span[text()=\"Dr.\"]]"}
COMMAND: POST /session/4901a3b2b8b0c5830f581bb3a1bd3272/elements - {"using":"xpath","value":"//li[.//span[text()=\"Dr.\"]]"}
RESULT: {"using":"xpath","value":"//li[.//span[text()=\"Dr.\"]]"}
COMMAND: POST /session/4901a3b2b8b0c5830f581bb3a1bd3272/elements - {"using":"xpath","value":"//li[.//span[text()=\"Dr.\"]]"}
RESULT: {"using":"xpath","value":"//li[.//span[text()=\"Dr.\"]]"}
COMMAND: POST /session/4901a3b2b8b0c5830f581bb3a1bd3272/elements - {"using":"xpath","value":"//li[.//span[text()=\"Dr.\"]]"}
RESULT: {"using":"xpath","value":"//li[.//span[text()=\"Dr.\"]]"}
COMMAND: POST /session/4901a3b2b8b0c5830f581bb3a1bd3272/elements - {"using":"xpath","value":"//li[.//span[text()=\"Dr.\"]]"}
RESULT: {"using":"xpath","value":"//li[.//span[text()=\"Dr.\"]]"}
COMMAND: POST /session/4901a3b2b8b0c5830f581bb3a1bd3272/elements - {"using":"xpath","value":"//li[.//span[text()=\"Dr.\"]]"}
RESULT: {"using":"xpath","value":"//li[.//span[text()=\"Dr.\"]]"}
COMMAND: POST /session/4901a3b2b8b0c5830f581bb3a1bd3272/elements - {"using":"xpath","value":"//li[.//span[text()=\"Dr.\"]]"}
RESULT: {"using":"xpath","value":"//li[.//span[text()=\"Dr.\"]]"}
COMMAND: POST /session/4901a3b2b8b0c5830f581bb3a1bd3272/elements - {"using":"xpath","value":"//li[.//span[text()=\"Dr.\"]]"}
RESULT: {"using":"xpath","value":"//li[.//span[text()=\"Dr.\"]]"}
COMMAND: POST /session/4901a3b2b8b0c5830f581bb3a1bd3272/elements - {"using":"xpath","value":"//li[.//span[text()=\"Dr.\"]]"}
RESULT: {"using":"xpath","value":"//li[.//span[text()=\"Dr.\"]]"}
COMMAND: POST /session/4901a3b2b8b0c5830f581bb3a1bd3272/elements - {"using":"xpath","value":"//li[.//span[text()=\"Dr.\"]]"}
RESULT: {"using":"xpath","value":"//li[.//span[text()=\"Dr.\"]]"}
COMMAND: POST /session/4901a3b2b8b0c5830f581bb3a1bd3272/elements - {"using":"xpath","value":"//li[.//span[text()=\"Dr.\"]]"}
RESULT: {"using":"xpath","value":"//li[.//span[text()=\"Dr.\"]]"}
COMMAND: POST /session/4901a3b2b8b0c5830f581bb3a1bd3272/elements - {"using":"xpath","value":"//li[.//span[text()=\"Dr.\"]]"}
RESULT: {"using":"xpath","value":"//li[.//span[text()=\"Dr.\"]]"}
COMMAND: POST /session/4901a3b2b8b0c5830f581bb3a1bd3272/elements - {"using":"xpath","value":"//li[.//span[text()=\"Dr.\"]]"}
RESULT: {"using":"xpath","value":"//li[.//span[text()=\"Dr.\"]]"}
COMMAND: POST /session/4901a3b2b8b0c5830f581bb3a1bd3272/elements - {"using":"xpath","value":"//li[.//span[text()=\"Dr.\"]]"}
RESULT: {"using":"xpath","value":"//li[.//span[text()=\"Dr.\"]]"}
COMMAND: POST /session/4901a3b2b8b0c5830f581bb3a1bd3272/elements - {"using":"xpath","value":"//li[.//span[text()=\"Dr.\"]]"}
RESULT: {"using":"xpath","value":"//li[.//span[text()=\"Dr.\"]]"}
COMMAND: POST /session/4901a3b2b8b0c5830f581bb3a1bd3272/elements - {"using":"xpath","value":"//li[.//span[text()=\"Dr.\"]]"}
RESULT: {"using":"xpath","value":"//li[.//span[text()=\"Dr.\"]]"}
COMMAND: POST /session/4901a3b2b8b0c5830f581bb3a1bd3272/elements - {"using":"xpath","value":"//li[.//span[text()=\"Dr.\"]]"}
RESULT: {"using":"xpath","value":"//li[.//span[text()=\"Dr.\"]]"}
COMMAND: POST /session/4901a3b2b8b0c5830f581bb3a1bd3272/elements - {"using":"xpath","value":"//li[.//span[text()=\"Dr.\"]]"}
RESULT: {"using":"xpath","value":"//li[.//span[text()=\"Dr.\"]]"}
COMMAND: POST /session/4901a3b2b8b0c5830f581bb3a1bd3272/elements - {"using":"xpath","value":"//li[.//span[text()=\"Dr.\"]]"}
RESULT: {"using":"xpath","value":"//li[.//span[text()=\"Dr.\"]]"}
COMMAND: POST /session/4901a3b2b8b0c5830f581bb3a1bd3272/elements - {"using":"xpath","value":"//li[.//span[text()=\"Dr.\"]]"}
RESULT: {"using":"xpath","value":"//li[.//span[text()=\"Dr.\"]]"}
COMMAND: POST /session/4901a3b2b8b0c5830f581bb3a1bd3272/elements - {"using":"xpath","value":"//li[.//span[text()=\"Dr.\"]]"}
RESULT: {"using":"xpath","value":"//li[.//span[text()=\"Dr.\"]]"}
COMMAND: POST /session/4901a3b2b8b0c5830f581bb3a1bd3272/elements - {"using":"xpath","value":"//li[.//span[text()=\"Dr.\"]]"}
RESULT: {"using":"xpath","value":"//li[.//span[text()=\"Dr.\"]]"}
COMMAND: POST /session/4901a3b2b8b0c5830f581bb3a1bd3272/elements - {"using":"xpath","value":"//li[.//span[text()=\"Dr.\"]]"}
RESULT: {"using":"xpath","value":"//li[.//span[text()=\"Dr.\"]]"}
COMMAND: POST /session/4901a3b2b8b0c5830f581bb3a1bd3272/elements - {"using":"xpath","value":"//li[.//span[text()=\"Dr.\"]]"}
RESULT: {"using":"xpath","value":"//li[.//span[text()=\"Dr.\"]]"}
COMMAND: POST /session/4901a3b2b8b0c5830f581bb3a1bd3272/elements - {"using":"xpath","value":"//li[.//span[text()=\"Dr.\"]]"}
RESULT: {"using":"xpath","value":"//li[.//span[text()=\"Dr.\"]]"}
COMMAND: POST /session/4901a3b2b8b0c5830f581bb3a1bd3272/elements - {"using":"xpath","value":"//li[.//span[text()=\"Dr.\"]]"}
RESULT: {"using":"xpath","value":"//li[.//span[text()=\"Dr.\"]]"}
COMMAND: POST /session/4901a3b2b8b0c5830f581bb3a1bd3272/elements - {"using":"xpath","value":"//li[.//span[text()=\"Dr.\"]]"}
RESULT: {"using":"xpath","value":"//li[.//span[text()=\"Dr.\"]]"}
COMMAND: POST /session/4901a3b2b8b0c5830f581bb3a1bd3272/elements - {"using":"xpath","value":"//li[.//span[text()=\"Dr.\"]]"}
RESULT: {"using":"xpath","value":"//li[.//span[text()=\"Dr.\"]]"}
COMMAND: POST /session/4901a3b2b8b0c5830f581bb3a1bd3272/elements - {"using":"xpath","value":"//li[.//span[text()=\"Dr.\"]]"}
RESULT: {"using":"xpath","value":"//li[.//span[text()=\"Dr.\"]]"}
COMMAND: POST /session/4901a3b2b8b0c5830f581bb3a1bd3272/elements - {"using":"xpath","value":"//li[.//span[text()=\"Dr.\"]]"}
RESULT: {"using":"xpath","value":"//li[.//span[text()=\"Dr.\"]]"}
COMMAND: POST /session/4901a3b2b8b0c5830f581bb3a1bd3272/elements - {"using":"xpath","value":"//li[.//span[text()=\"Dr.\"]]"}
RESULT: {"using":"xpath","value":"//li[.//span[text()=\"Dr.\"]]"}
COMMAND: POST /session/4901a3b2b8b0c5830f581bb3a1bd3272/elements - {"using":"xpath","value":"//li[.//span[text()=\"Dr.\"]]"}
RESULT: {"using":"xpath","value":"//li[.//span[text()=\"Dr.\"]]"}
COMMAND: POST /session/4901a3b2b8b0c5830f581bb3a1bd3272/elements - {"using":"xpath","value":"//li[.//span[text()=\"Dr.\"]]"}
RESULT: {"using":"xpath","value":"//li[.//span[text()=\"Dr.\"]]"}
COMMAND: POST /session/4901a3b2b8b0c5830f581bb3a1bd3272/elements - {"using":"xpath","value":"//li[.//span[text()=\"Dr.\"]]"}
RESULT: {"using":"xpath","value":"//li[.//span[text()=\"Dr.\"]]"}
COMMAND: POST /session/4901a3b2b8b0c5830f581bb3a1bd3272/elements - {"using":"xpath","value":"//li[.//span[text()=\"Dr.\"]]"}
RESULT: {"using":"xpath","value":"//li[.//span[text()=\"Dr.\"]]"}
COMMAND: POST /session/4901a3b2b8b0c5830f581bb3a1bd3272/elements - {"using":"xpath","value":"//li[.//span[text()=\"Dr.\"]]"}
RESULT: {"using":"xpath","value":"//li[.//span[text()=\"Dr.\"]]"}
COMMAND: POST /session/4901a3b2b8b0c5830f581bb3a1bd3272/elements - {"using":"xpath","value":"//li[.//span[text()=\"Dr.\"]]"}
RESULT: {"using":"xpath","value":"//li[.//span[text()=\"Dr.\"]]"}
COMMAND: POST /session/4901a3b2b8b0c5830f581bb3a1bd3272/elements - {"using":"xpath","value":"//li[.//span[text()=\"Dr.\"]]"}
RESULT: {"using":"xpath","value":"//li[.//span[text()=\"Dr.\"]]"}
COMMAND: POST /session/4901a3b2b8b0c5830f581bb3a1bd3272/elements - {"using":"xpath","value":"//li[.//span[text()=\"Dr.\"]]"}
RESULT: {"using":"xpath","value":"//li[.//span[text()=\"Dr.\"]]"}
COMMAND: POST /session/4901a3b2b8b0c5830f581bb3a1bd3272/elements - {"using":"xpath","value":"//li[.//span[text()=\"Dr.\"]]"}
RESULT: {"using":"xpath","value":"//li[.//span[text()=\"Dr.\"]]"}
COMMAND: POST /session/4901a3b2b8b0c5830f581bb3a1bd3272/elements - {"using":"xpath","value":"//li[.//span[text()=\"Dr.\"]]"}
RESULT: {"using":"xpath","value":"//li[.//span[text()=\"Dr.\"]]"}
COMMAND: POST /session/4901a3b2b8b0c5830f581bb3a1bd3272/elements - {"using":"xpath","value":"//li[.//span[text()=\"Dr.\"]]"}
RESULT: {"using":"xpath","value":"//li[.//span[text()=\"Dr.\"]]"}
COMMAND: POST /session/4901a3b2b8b0c5830f581bb3a1bd3272/elements - {"using":"xpath","value":"//li[.//span[text()=\"Dr.\"]]"}
RESULT: {"using":"xpath","value":"//li[.//span[text()=\"Dr.\"]]"}
COMMAND: POST /session/4901a3b2b8b0c5830f581bb3a1bd3272/elements - {"using":"xpath","value":"//li[.//span[text()=\"Dr.\"]]"}
RESULT: {"using":"xpath","value":"//li[.//span[text()=\"Dr.\"]]"}
COMMAND: POST /session/4901a3b2b8b0c5830f581bb3a1bd3272/elements - {"using":"xpath","value":"//li[.//span[text()=\"Dr.\"]]"}
RESULT: {"using":"xpath","value":"//li[.//span[text()=\"Dr.\"]]"}
COMMAND: GET /session/4901a3b2b8b0c5830f581bb3a1bd3272/screenshot - {}
RESULT: {}
]]></system-out>
      <system-err><![CDATA[
Error: Can't call click on element with selector "//li[.//span[text()="Dr."]]" because element wasn't found
    at async Context.<anonymous> (D:\a\1\s\test\specs\BTS\address-management.spec.js:803:13)
]]></system-err>
    </testcase>
    <testcase classname="chrome.136_0_7103_93.windows.Address_Management_Tests_US156181_US151165_US151160_US156180_US156178_US151157_US151172_US151170_US151166_US151168" name="Step 7 Should try to save empty address US151170 BUGGED FOR NOW" time="79.875">
      <failure/>
      <error message="Can't call click on element with selector &quot;(//span[contains(@id, &quot;imgNav&quot;)])[1]&quot; because element wasn't found"/>
      <system-out><![CDATA[
COMMAND: GET /session/4901a3b2b8b0c5830f581bb3a1bd3272/screenshot - {}
RESULT: undefined
COMMAND: POST /session/4901a3b2b8b0c5830f581bb3a1bd3272/element - {"using":"xpath","value":"//*[@id=\"__tile33\"]"}
RESULT: {}
RESULT: {"using":"xpath","value":"//*[@id=\"__tile33\"]"}
COMMAND: POST /session/4901a3b2b8b0c5830f581bb3a1bd3272/element/f.67C485243A32FFDA319564F2291E9928.d.818823808109A1D4705CDB8BB2F0AC4A.e.215/click - {}
COMMAND: POST /session/4901a3b2b8b0c5830f581bb3a1bd3272/elements - {"using":"xpath","value":"//span[text()='Error']"}
RESULT: {"using":"xpath","value":"//span[text()='Error']"}
COMMAND: POST /session/4901a3b2b8b0c5830f581bb3a1bd3272/element - {"using":"xpath","value":"//button[@data-kt=\"addButton\"]"}
RESULT: {"using":"xpath","value":"//button[@data-kt=\"addButton\"]"}
COMMAND: POST /session/4901a3b2b8b0c5830f581bb3a1bd3272/elements - {"using":"xpath","value":"//button[@data-kt=\"addButton\"]"}
RESULT: {"using":"xpath","value":"//button[@data-kt=\"addButton\"]"}
COMMAND: POST /session/4901a3b2b8b0c5830f581bb3a1bd3272/execute/sync - {"script":"<script> [8489 bytes]","args":[{"element-6066-11e4-a52e-4f735466cecf":"f.67C485243A32FFDA319564F2291E9928.d.818823808109A1D4705CDB8BB2F0AC4A.e.1479","ELEMENT":"f.67C485243A32FFDA319564F2291E9928.d.818823808109A1D4705CDB8BB2F0AC4A.e.1479"}]}
RESULT: {"script":"<script> [8489 bytes]","args":[{"element-6066-11e4-a52e-4f735466cecf":"f.67C485243A32FFDA319564F2291E9928.d.818823808109A1D4705CDB8BB2F0AC4A.e.1479","ELEMENT":"f.67C485243A32FFDA319564F2291E9928.d.818823808109A1D4705CDB8BB2F0AC4A.e.1479"}]}
COMMAND: GET /session/4901a3b2b8b0c5830f581bb3a1bd3272/element/f.67C485243A32FFDA319564F2291E9928.d.818823808109A1D4705CDB8BB2F0AC4A.e.1479/enabled - {}
COMMAND: GET /session/4901a3b2b8b0c5830f581bb3a1bd3272/screenshot - {}
RESULT: {}
COMMAND: POST /session/4901a3b2b8b0c5830f581bb3a1bd3272/execute/sync - {"script":"<script> [8489 bytes]","args":[{"element-6066-11e4-a52e-4f735466cecf":"f.67C485243A32FFDA319564F2291E9928.d.818823808109A1D4705CDB8BB2F0AC4A.e.1479","ELEMENT":"f.67C485243A32FFDA319564F2291E9928.d.818823808109A1D4705CDB8BB2F0AC4A.e.1479"}]}
COMMAND: GET /session/4901a3b2b8b0c5830f581bb3a1bd3272/screenshot - {}
RESULT: {}
RESULT: {"script":"<script> [8489 bytes]","args":[{"element-6066-11e4-a52e-4f735466cecf":"f.67C485243A32FFDA319564F2291E9928.d.818823808109A1D4705CDB8BB2F0AC4A.e.1479","ELEMENT":"f.67C485243A32FFDA319564F2291E9928.d.818823808109A1D4705CDB8BB2F0AC4A.e.1479"}]}
COMMAND: POST /session/4901a3b2b8b0c5830f581bb3a1bd3272/execute/sync - {"script":"<script> [5351 bytes]","args":[{"element-6066-11e4-a52e-4f735466cecf":"f.67C485243A32FFDA319564F2291E9928.d.818823808109A1D4705CDB8BB2F0AC4A.e.1479","ELEMENT":"f.67C485243A32FFDA319564F2291E9928.d.818823808109A1D4705CDB8BB2F0AC4A.e.1479"}]}
COMMAND: GET /session/4901a3b2b8b0c5830f581bb3a1bd3272/screenshot - {}
RESULT: {}
RESULT: {"script":"<script> [5351 bytes]","args":[{"element-6066-11e4-a52e-4f735466cecf":"f.67C485243A32FFDA319564F2291E9928.d.818823808109A1D4705CDB8BB2F0AC4A.e.1479","ELEMENT":"f.67C485243A32FFDA319564F2291E9928.d.818823808109A1D4705CDB8BB2F0AC4A.e.1479"}]}
COMMAND: GET /session/4901a3b2b8b0c5830f581bb3a1bd3272/screenshot - {}
RESULT: {}
RESULT: {}
RESULT: undefined
COMMAND: POST /session/4901a3b2b8b0c5830f581bb3a1bd3272/execute/async - {"script":"<script> [776 bytes]","args":[{"enterText":"Test1ETM","selector":{"id":"application-addressmanagement-display-component---masterAdm--smartFilterBar-btnBasicSearch","interaction":{"idSuffix":"I"}},"clearTextFirst":true,"interactionType":"ENTER_TEXT"}]}
RESULT: {"script":"<script> [776 bytes]","args":[{"enterText":"Test1ETM","selector":{"id":"application-addressmanagement-display-component---masterAdm--smartFilterBar-btnBasicSearch","interaction":{"idSuffix":"I"}},"clearTextFirst":true,"interactionType":"ENTER_TEXT"}]}
COMMAND: POST /session/4901a3b2b8b0c5830f581bb3a1bd3272/actions - {"actions":[{"id":"action11","type":"key","parameters":{},"actions":[{"type":"keyDown","value":""},{"type":"pause","duration":10},{"type":"keyUp","value":""}]}]}
RESULT: {"actions":[{"id":"action11","type":"key","parameters":{},"actions":[{"type":"keyDown","value":""},{"type":"pause","duration":10},{"type":"keyUp","value":""}]}]}
COMMAND: GET /session/4901a3b2b8b0c5830f581bb3a1bd3272/screenshot - {}
RESULT: {}
COMMAND: POST /session/4901a3b2b8b0c5830f581bb3a1bd3272/elements - {"using":"xpath","value":"//table[contains(@id, \"customPersonsAddressesTable-listUl\")]/tbody/tr"}
RESULT: {"using":"xpath","value":"//table[contains(@id, \"customPersonsAddressesTable-listUl\")]/tbody/tr"}
COMMAND: POST /session/4901a3b2b8b0c5830f581bb3a1bd3272/element - {"using":"xpath","value":"//table[contains(@id, \"customPersonsAddressesTable-listUl\")]/tbody/tr[1]/td[5]/span/span"}
RESULT: {"using":"xpath","value":"//table[contains(@id, \"customPersonsAddressesTable-listUl\")]/tbody/tr[1]/td[5]/span/span"}
COMMAND: POST /session/4901a3b2b8b0c5830f581bb3a1bd3272/element - {"using":"xpath","value":"//table[contains(@id, \"customPersonsAddressesTable-listUl\")]/tbody/tr[1]/td[3]/span"}
RESULT: {"using":"xpath","value":"//table[contains(@id, \"customPersonsAddressesTable-listUl\")]/tbody/tr[1]/td[3]/span"}
COMMAND: POST /session/4901a3b2b8b0c5830f581bb3a1bd3272/elements - {"using":"xpath","value":"//table[contains(@id, \"customPersonsAddressesTable-listUl\")]/tbody/tr[1]/td[5]/span/span"}
RESULT: {"using":"xpath","value":"//table[contains(@id, \"customPersonsAddressesTable-listUl\")]/tbody/tr[1]/td[5]/span/span"}
COMMAND: POST /session/4901a3b2b8b0c5830f581bb3a1bd3272/element - {"using":"xpath","value":"(//span[contains(@id, \"imgNav\")])[1]"}
RESULT: {"using":"xpath","value":"(//span[contains(@id, \"imgNav\")])[1]"}
COMMAND: POST /session/4901a3b2b8b0c5830f581bb3a1bd3272/elements - {"using":"xpath","value":"(//span[contains(@id, \"imgNav\")])[1]"}
RESULT: {"using":"xpath","value":"(//span[contains(@id, \"imgNav\")])[1]"}
COMMAND: POST /session/4901a3b2b8b0c5830f581bb3a1bd3272/elements - {"using":"xpath","value":"(//span[contains(@id, \"imgNav\")])[1]"}
RESULT: {"using":"xpath","value":"(//span[contains(@id, \"imgNav\")])[1]"}
COMMAND: POST /session/4901a3b2b8b0c5830f581bb3a1bd3272/elements - {"using":"xpath","value":"(//span[contains(@id, \"imgNav\")])[1]"}
RESULT: {"using":"xpath","value":"(//span[contains(@id, \"imgNav\")])[1]"}
COMMAND: POST /session/4901a3b2b8b0c5830f581bb3a1bd3272/elements - {"using":"xpath","value":"(//span[contains(@id, \"imgNav\")])[1]"}
RESULT: {"using":"xpath","value":"(//span[contains(@id, \"imgNav\")])[1]"}
COMMAND: POST /session/4901a3b2b8b0c5830f581bb3a1bd3272/elements - {"using":"xpath","value":"(//span[contains(@id, \"imgNav\")])[1]"}
RESULT: {"using":"xpath","value":"(//span[contains(@id, \"imgNav\")])[1]"}
COMMAND: POST /session/4901a3b2b8b0c5830f581bb3a1bd3272/elements - {"using":"xpath","value":"(//span[contains(@id, \"imgNav\")])[1]"}
RESULT: {"using":"xpath","value":"(//span[contains(@id, \"imgNav\")])[1]"}
COMMAND: POST /session/4901a3b2b8b0c5830f581bb3a1bd3272/elements - {"using":"xpath","value":"(//span[contains(@id, \"imgNav\")])[1]"}
RESULT: {"using":"xpath","value":"(//span[contains(@id, \"imgNav\")])[1]"}
COMMAND: POST /session/4901a3b2b8b0c5830f581bb3a1bd3272/elements - {"using":"xpath","value":"(//span[contains(@id, \"imgNav\")])[1]"}
RESULT: {"using":"xpath","value":"(//span[contains(@id, \"imgNav\")])[1]"}
COMMAND: POST /session/4901a3b2b8b0c5830f581bb3a1bd3272/elements - {"using":"xpath","value":"(//span[contains(@id, \"imgNav\")])[1]"}
RESULT: {"using":"xpath","value":"(//span[contains(@id, \"imgNav\")])[1]"}
COMMAND: POST /session/4901a3b2b8b0c5830f581bb3a1bd3272/elements - {"using":"xpath","value":"(//span[contains(@id, \"imgNav\")])[1]"}
RESULT: {"using":"xpath","value":"(//span[contains(@id, \"imgNav\")])[1]"}
COMMAND: POST /session/4901a3b2b8b0c5830f581bb3a1bd3272/elements - {"using":"xpath","value":"(//span[contains(@id, \"imgNav\")])[1]"}
RESULT: {"using":"xpath","value":"(//span[contains(@id, \"imgNav\")])[1]"}
COMMAND: POST /session/4901a3b2b8b0c5830f581bb3a1bd3272/elements - {"using":"xpath","value":"(//span[contains(@id, \"imgNav\")])[1]"}
RESULT: {"using":"xpath","value":"(//span[contains(@id, \"imgNav\")])[1]"}
COMMAND: POST /session/4901a3b2b8b0c5830f581bb3a1bd3272/elements - {"using":"xpath","value":"(//span[contains(@id, \"imgNav\")])[1]"}
RESULT: {"using":"xpath","value":"(//span[contains(@id, \"imgNav\")])[1]"}
COMMAND: POST /session/4901a3b2b8b0c5830f581bb3a1bd3272/elements - {"using":"xpath","value":"(//span[contains(@id, \"imgNav\")])[1]"}
RESULT: {"using":"xpath","value":"(//span[contains(@id, \"imgNav\")])[1]"}
COMMAND: POST /session/4901a3b2b8b0c5830f581bb3a1bd3272/elements - {"using":"xpath","value":"(//span[contains(@id, \"imgNav\")])[1]"}
RESULT: {"using":"xpath","value":"(//span[contains(@id, \"imgNav\")])[1]"}
COMMAND: POST /session/4901a3b2b8b0c5830f581bb3a1bd3272/elements - {"using":"xpath","value":"(//span[contains(@id, \"imgNav\")])[1]"}
RESULT: {"using":"xpath","value":"(//span[contains(@id, \"imgNav\")])[1]"}
COMMAND: POST /session/4901a3b2b8b0c5830f581bb3a1bd3272/elements - {"using":"xpath","value":"(//span[contains(@id, \"imgNav\")])[1]"}
RESULT: {"using":"xpath","value":"(//span[contains(@id, \"imgNav\")])[1]"}
COMMAND: POST /session/4901a3b2b8b0c5830f581bb3a1bd3272/elements - {"using":"xpath","value":"(//span[contains(@id, \"imgNav\")])[1]"}
RESULT: {"using":"xpath","value":"(//span[contains(@id, \"imgNav\")])[1]"}
COMMAND: POST /session/4901a3b2b8b0c5830f581bb3a1bd3272/elements - {"using":"xpath","value":"(//span[contains(@id, \"imgNav\")])[1]"}
RESULT: {"using":"xpath","value":"(//span[contains(@id, \"imgNav\")])[1]"}
COMMAND: POST /session/4901a3b2b8b0c5830f581bb3a1bd3272/elements - {"using":"xpath","value":"(//span[contains(@id, \"imgNav\")])[1]"}
RESULT: {"using":"xpath","value":"(//span[contains(@id, \"imgNav\")])[1]"}
COMMAND: POST /session/4901a3b2b8b0c5830f581bb3a1bd3272/elements - {"using":"xpath","value":"(//span[contains(@id, \"imgNav\")])[1]"}
RESULT: {"using":"xpath","value":"(//span[contains(@id, \"imgNav\")])[1]"}
COMMAND: POST /session/4901a3b2b8b0c5830f581bb3a1bd3272/elements - {"using":"xpath","value":"(//span[contains(@id, \"imgNav\")])[1]"}
RESULT: {"using":"xpath","value":"(//span[contains(@id, \"imgNav\")])[1]"}
COMMAND: POST /session/4901a3b2b8b0c5830f581bb3a1bd3272/elements - {"using":"xpath","value":"(//span[contains(@id, \"imgNav\")])[1]"}
RESULT: {"using":"xpath","value":"(//span[contains(@id, \"imgNav\")])[1]"}
COMMAND: POST /session/4901a3b2b8b0c5830f581bb3a1bd3272/elements - {"using":"xpath","value":"(//span[contains(@id, \"imgNav\")])[1]"}
RESULT: {"using":"xpath","value":"(//span[contains(@id, \"imgNav\")])[1]"}
COMMAND: POST /session/4901a3b2b8b0c5830f581bb3a1bd3272/elements - {"using":"xpath","value":"(//span[contains(@id, \"imgNav\")])[1]"}
RESULT: {"using":"xpath","value":"(//span[contains(@id, \"imgNav\")])[1]"}
COMMAND: POST /session/4901a3b2b8b0c5830f581bb3a1bd3272/elements - {"using":"xpath","value":"(//span[contains(@id, \"imgNav\")])[1]"}
RESULT: {"using":"xpath","value":"(//span[contains(@id, \"imgNav\")])[1]"}
COMMAND: POST /session/4901a3b2b8b0c5830f581bb3a1bd3272/elements - {"using":"xpath","value":"(//span[contains(@id, \"imgNav\")])[1]"}
RESULT: {"using":"xpath","value":"(//span[contains(@id, \"imgNav\")])[1]"}
COMMAND: POST /session/4901a3b2b8b0c5830f581bb3a1bd3272/elements - {"using":"xpath","value":"(//span[contains(@id, \"imgNav\")])[1]"}
RESULT: {"using":"xpath","value":"(//span[contains(@id, \"imgNav\")])[1]"}
COMMAND: POST /session/4901a3b2b8b0c5830f581bb3a1bd3272/elements - {"using":"xpath","value":"(//span[contains(@id, \"imgNav\")])[1]"}
RESULT: {"using":"xpath","value":"(//span[contains(@id, \"imgNav\")])[1]"}
COMMAND: POST /session/4901a3b2b8b0c5830f581bb3a1bd3272/elements - {"using":"xpath","value":"(//span[contains(@id, \"imgNav\")])[1]"}
RESULT: {"using":"xpath","value":"(//span[contains(@id, \"imgNav\")])[1]"}
COMMAND: POST /session/4901a3b2b8b0c5830f581bb3a1bd3272/elements - {"using":"xpath","value":"(//span[contains(@id, \"imgNav\")])[1]"}
RESULT: {"using":"xpath","value":"(//span[contains(@id, \"imgNav\")])[1]"}
COMMAND: POST /session/4901a3b2b8b0c5830f581bb3a1bd3272/elements - {"using":"xpath","value":"(//span[contains(@id, \"imgNav\")])[1]"}
RESULT: {"using":"xpath","value":"(//span[contains(@id, \"imgNav\")])[1]"}
COMMAND: POST /session/4901a3b2b8b0c5830f581bb3a1bd3272/elements - {"using":"xpath","value":"(//span[contains(@id, \"imgNav\")])[1]"}
RESULT: {"using":"xpath","value":"(//span[contains(@id, \"imgNav\")])[1]"}
COMMAND: POST /session/4901a3b2b8b0c5830f581bb3a1bd3272/elements - {"using":"xpath","value":"(//span[contains(@id, \"imgNav\")])[1]"}
RESULT: {"using":"xpath","value":"(//span[contains(@id, \"imgNav\")])[1]"}
COMMAND: POST /session/4901a3b2b8b0c5830f581bb3a1bd3272/elements - {"using":"xpath","value":"(//span[contains(@id, \"imgNav\")])[1]"}
RESULT: {"using":"xpath","value":"(//span[contains(@id, \"imgNav\")])[1]"}
COMMAND: POST /session/4901a3b2b8b0c5830f581bb3a1bd3272/elements - {"using":"xpath","value":"(//span[contains(@id, \"imgNav\")])[1]"}
RESULT: {"using":"xpath","value":"(//span[contains(@id, \"imgNav\")])[1]"}
COMMAND: POST /session/4901a3b2b8b0c5830f581bb3a1bd3272/elements - {"using":"xpath","value":"(//span[contains(@id, \"imgNav\")])[1]"}
RESULT: {"using":"xpath","value":"(//span[contains(@id, \"imgNav\")])[1]"}
COMMAND: POST /session/4901a3b2b8b0c5830f581bb3a1bd3272/elements - {"using":"xpath","value":"(//span[contains(@id, \"imgNav\")])[1]"}
RESULT: {"using":"xpath","value":"(//span[contains(@id, \"imgNav\")])[1]"}
COMMAND: POST /session/4901a3b2b8b0c5830f581bb3a1bd3272/elements - {"using":"xpath","value":"(//span[contains(@id, \"imgNav\")])[1]"}
RESULT: {"using":"xpath","value":"(//span[contains(@id, \"imgNav\")])[1]"}
COMMAND: POST /session/4901a3b2b8b0c5830f581bb3a1bd3272/elements - {"using":"xpath","value":"(//span[contains(@id, \"imgNav\")])[1]"}
RESULT: {"using":"xpath","value":"(//span[contains(@id, \"imgNav\")])[1]"}
COMMAND: POST /session/4901a3b2b8b0c5830f581bb3a1bd3272/elements - {"using":"xpath","value":"(//span[contains(@id, \"imgNav\")])[1]"}
RESULT: {"using":"xpath","value":"(//span[contains(@id, \"imgNav\")])[1]"}
COMMAND: POST /session/4901a3b2b8b0c5830f581bb3a1bd3272/elements - {"using":"xpath","value":"(//span[contains(@id, \"imgNav\")])[1]"}
RESULT: {"using":"xpath","value":"(//span[contains(@id, \"imgNav\")])[1]"}
COMMAND: POST /session/4901a3b2b8b0c5830f581bb3a1bd3272/elements - {"using":"xpath","value":"(//span[contains(@id, \"imgNav\")])[1]"}
RESULT: {"using":"xpath","value":"(//span[contains(@id, \"imgNav\")])[1]"}
COMMAND: POST /session/4901a3b2b8b0c5830f581bb3a1bd3272/elements - {"using":"xpath","value":"(//span[contains(@id, \"imgNav\")])[1]"}
RESULT: {"using":"xpath","value":"(//span[contains(@id, \"imgNav\")])[1]"}
COMMAND: POST /session/4901a3b2b8b0c5830f581bb3a1bd3272/elements - {"using":"xpath","value":"(//span[contains(@id, \"imgNav\")])[1]"}
RESULT: {"using":"xpath","value":"(//span[contains(@id, \"imgNav\")])[1]"}
COMMAND: POST /session/4901a3b2b8b0c5830f581bb3a1bd3272/elements - {"using":"xpath","value":"(//span[contains(@id, \"imgNav\")])[1]"}
RESULT: {"using":"xpath","value":"(//span[contains(@id, \"imgNav\")])[1]"}
COMMAND: POST /session/4901a3b2b8b0c5830f581bb3a1bd3272/elements - {"using":"xpath","value":"(//span[contains(@id, \"imgNav\")])[1]"}
RESULT: {"using":"xpath","value":"(//span[contains(@id, \"imgNav\")])[1]"}
COMMAND: POST /session/4901a3b2b8b0c5830f581bb3a1bd3272/elements - {"using":"xpath","value":"(//span[contains(@id, \"imgNav\")])[1]"}
RESULT: {"using":"xpath","value":"(//span[contains(@id, \"imgNav\")])[1]"}
COMMAND: POST /session/4901a3b2b8b0c5830f581bb3a1bd3272/elements - {"using":"xpath","value":"(//span[contains(@id, \"imgNav\")])[1]"}
RESULT: {"using":"xpath","value":"(//span[contains(@id, \"imgNav\")])[1]"}
COMMAND: POST /session/4901a3b2b8b0c5830f581bb3a1bd3272/elements - {"using":"xpath","value":"(//span[contains(@id, \"imgNav\")])[1]"}
RESULT: {"using":"xpath","value":"(//span[contains(@id, \"imgNav\")])[1]"}
COMMAND: POST /session/4901a3b2b8b0c5830f581bb3a1bd3272/elements - {"using":"xpath","value":"(//span[contains(@id, \"imgNav\")])[1]"}
RESULT: {"using":"xpath","value":"(//span[contains(@id, \"imgNav\")])[1]"}
COMMAND: POST /session/4901a3b2b8b0c5830f581bb3a1bd3272/elements - {"using":"xpath","value":"(//span[contains(@id, \"imgNav\")])[1]"}
RESULT: {"using":"xpath","value":"(//span[contains(@id, \"imgNav\")])[1]"}
COMMAND: POST /session/4901a3b2b8b0c5830f581bb3a1bd3272/elements - {"using":"xpath","value":"(//span[contains(@id, \"imgNav\")])[1]"}
RESULT: {"using":"xpath","value":"(//span[contains(@id, \"imgNav\")])[1]"}
COMMAND: POST /session/4901a3b2b8b0c5830f581bb3a1bd3272/elements - {"using":"xpath","value":"(//span[contains(@id, \"imgNav\")])[1]"}
RESULT: {"using":"xpath","value":"(//span[contains(@id, \"imgNav\")])[1]"}
COMMAND: POST /session/4901a3b2b8b0c5830f581bb3a1bd3272/elements - {"using":"xpath","value":"(//span[contains(@id, \"imgNav\")])[1]"}
RESULT: {"using":"xpath","value":"(//span[contains(@id, \"imgNav\")])[1]"}
COMMAND: POST /session/4901a3b2b8b0c5830f581bb3a1bd3272/elements - {"using":"xpath","value":"(//span[contains(@id, \"imgNav\")])[1]"}
RESULT: {"using":"xpath","value":"(//span[contains(@id, \"imgNav\")])[1]"}
COMMAND: POST /session/4901a3b2b8b0c5830f581bb3a1bd3272/elements - {"using":"xpath","value":"(//span[contains(@id, \"imgNav\")])[1]"}
RESULT: {"using":"xpath","value":"(//span[contains(@id, \"imgNav\")])[1]"}
COMMAND: POST /session/4901a3b2b8b0c5830f581bb3a1bd3272/elements - {"using":"xpath","value":"(//span[contains(@id, \"imgNav\")])[1]"}
RESULT: {"using":"xpath","value":"(//span[contains(@id, \"imgNav\")])[1]"}
COMMAND: POST /session/4901a3b2b8b0c5830f581bb3a1bd3272/elements - {"using":"xpath","value":"(//span[contains(@id, \"imgNav\")])[1]"}
RESULT: {"using":"xpath","value":"(//span[contains(@id, \"imgNav\")])[1]"}
COMMAND: POST /session/4901a3b2b8b0c5830f581bb3a1bd3272/elements - {"using":"xpath","value":"(//span[contains(@id, \"imgNav\")])[1]"}
RESULT: {"using":"xpath","value":"(//span[contains(@id, \"imgNav\")])[1]"}
COMMAND: POST /session/4901a3b2b8b0c5830f581bb3a1bd3272/elements - {"using":"xpath","value":"(//span[contains(@id, \"imgNav\")])[1]"}
RESULT: {"using":"xpath","value":"(//span[contains(@id, \"imgNav\")])[1]"}
COMMAND: POST /session/4901a3b2b8b0c5830f581bb3a1bd3272/elements - {"using":"xpath","value":"(//span[contains(@id, \"imgNav\")])[1]"}
RESULT: {"using":"xpath","value":"(//span[contains(@id, \"imgNav\")])[1]"}
COMMAND: POST /session/4901a3b2b8b0c5830f581bb3a1bd3272/elements - {"using":"xpath","value":"(//span[contains(@id, \"imgNav\")])[1]"}
RESULT: {"using":"xpath","value":"(//span[contains(@id, \"imgNav\")])[1]"}
COMMAND: POST /session/4901a3b2b8b0c5830f581bb3a1bd3272/elements - {"using":"xpath","value":"(//span[contains(@id, \"imgNav\")])[1]"}
RESULT: {"using":"xpath","value":"(//span[contains(@id, \"imgNav\")])[1]"}
COMMAND: POST /session/4901a3b2b8b0c5830f581bb3a1bd3272/elements - {"using":"xpath","value":"(//span[contains(@id, \"imgNav\")])[1]"}
RESULT: {"using":"xpath","value":"(//span[contains(@id, \"imgNav\")])[1]"}
COMMAND: POST /session/4901a3b2b8b0c5830f581bb3a1bd3272/elements - {"using":"xpath","value":"(//span[contains(@id, \"imgNav\")])[1]"}
RESULT: {"using":"xpath","value":"(//span[contains(@id, \"imgNav\")])[1]"}
COMMAND: POST /session/4901a3b2b8b0c5830f581bb3a1bd3272/elements - {"using":"xpath","value":"(//span[contains(@id, \"imgNav\")])[1]"}
RESULT: {"using":"xpath","value":"(//span[contains(@id, \"imgNav\")])[1]"}
COMMAND: POST /session/4901a3b2b8b0c5830f581bb3a1bd3272/elements - {"using":"xpath","value":"(//span[contains(@id, \"imgNav\")])[1]"}
RESULT: {"using":"xpath","value":"(//span[contains(@id, \"imgNav\")])[1]"}
COMMAND: POST /session/4901a3b2b8b0c5830f581bb3a1bd3272/elements - {"using":"xpath","value":"(//span[contains(@id, \"imgNav\")])[1]"}
RESULT: {"using":"xpath","value":"(//span[contains(@id, \"imgNav\")])[1]"}
COMMAND: POST /session/4901a3b2b8b0c5830f581bb3a1bd3272/elements - {"using":"xpath","value":"(//span[contains(@id, \"imgNav\")])[1]"}
RESULT: {"using":"xpath","value":"(//span[contains(@id, \"imgNav\")])[1]"}
COMMAND: POST /session/4901a3b2b8b0c5830f581bb3a1bd3272/elements - {"using":"xpath","value":"(//span[contains(@id, \"imgNav\")])[1]"}
RESULT: {"using":"xpath","value":"(//span[contains(@id, \"imgNav\")])[1]"}
COMMAND: POST /session/4901a3b2b8b0c5830f581bb3a1bd3272/elements - {"using":"xpath","value":"(//span[contains(@id, \"imgNav\")])[1]"}
RESULT: {"using":"xpath","value":"(//span[contains(@id, \"imgNav\")])[1]"}
COMMAND: POST /session/4901a3b2b8b0c5830f581bb3a1bd3272/elements - {"using":"xpath","value":"(//span[contains(@id, \"imgNav\")])[1]"}
RESULT: {"using":"xpath","value":"(//span[contains(@id, \"imgNav\")])[1]"}
COMMAND: POST /session/4901a3b2b8b0c5830f581bb3a1bd3272/elements - {"using":"xpath","value":"(//span[contains(@id, \"imgNav\")])[1]"}
RESULT: {"using":"xpath","value":"(//span[contains(@id, \"imgNav\")])[1]"}
COMMAND: POST /session/4901a3b2b8b0c5830f581bb3a1bd3272/elements - {"using":"xpath","value":"(//span[contains(@id, \"imgNav\")])[1]"}
RESULT: {"using":"xpath","value":"(//span[contains(@id, \"imgNav\")])[1]"}
COMMAND: POST /session/4901a3b2b8b0c5830f581bb3a1bd3272/elements - {"using":"xpath","value":"(//span[contains(@id, \"imgNav\")])[1]"}
RESULT: {"using":"xpath","value":"(//span[contains(@id, \"imgNav\")])[1]"}
COMMAND: POST /session/4901a3b2b8b0c5830f581bb3a1bd3272/elements - {"using":"xpath","value":"(//span[contains(@id, \"imgNav\")])[1]"}
RESULT: {"using":"xpath","value":"(//span[contains(@id, \"imgNav\")])[1]"}
COMMAND: POST /session/4901a3b2b8b0c5830f581bb3a1bd3272/elements - {"using":"xpath","value":"(//span[contains(@id, \"imgNav\")])[1]"}
RESULT: {"using":"xpath","value":"(//span[contains(@id, \"imgNav\")])[1]"}
COMMAND: POST /session/4901a3b2b8b0c5830f581bb3a1bd3272/elements - {"using":"xpath","value":"(//span[contains(@id, \"imgNav\")])[1]"}
RESULT: {"using":"xpath","value":"(//span[contains(@id, \"imgNav\")])[1]"}
COMMAND: POST /session/4901a3b2b8b0c5830f581bb3a1bd3272/elements - {"using":"xpath","value":"(//span[contains(@id, \"imgNav\")])[1]"}
RESULT: {"using":"xpath","value":"(//span[contains(@id, \"imgNav\")])[1]"}
COMMAND: POST /session/4901a3b2b8b0c5830f581bb3a1bd3272/elements - {"using":"xpath","value":"(//span[contains(@id, \"imgNav\")])[1]"}
RESULT: {"using":"xpath","value":"(//span[contains(@id, \"imgNav\")])[1]"}
COMMAND: POST /session/4901a3b2b8b0c5830f581bb3a1bd3272/elements - {"using":"xpath","value":"(//span[contains(@id, \"imgNav\")])[1]"}
RESULT: {"using":"xpath","value":"(//span[contains(@id, \"imgNav\")])[1]"}
COMMAND: POST /session/4901a3b2b8b0c5830f581bb3a1bd3272/elements - {"using":"xpath","value":"(//span[contains(@id, \"imgNav\")])[1]"}
RESULT: {"using":"xpath","value":"(//span[contains(@id, \"imgNav\")])[1]"}
COMMAND: POST /session/4901a3b2b8b0c5830f581bb3a1bd3272/elements - {"using":"xpath","value":"(//span[contains(@id, \"imgNav\")])[1]"}
RESULT: {"using":"xpath","value":"(//span[contains(@id, \"imgNav\")])[1]"}
COMMAND: POST /session/4901a3b2b8b0c5830f581bb3a1bd3272/elements - {"using":"xpath","value":"(//span[contains(@id, \"imgNav\")])[1]"}
RESULT: {"using":"xpath","value":"(//span[contains(@id, \"imgNav\")])[1]"}
COMMAND: POST /session/4901a3b2b8b0c5830f581bb3a1bd3272/elements - {"using":"xpath","value":"(//span[contains(@id, \"imgNav\")])[1]"}
RESULT: {"using":"xpath","value":"(//span[contains(@id, \"imgNav\")])[1]"}
COMMAND: POST /session/4901a3b2b8b0c5830f581bb3a1bd3272/elements - {"using":"xpath","value":"(//span[contains(@id, \"imgNav\")])[1]"}
RESULT: {"using":"xpath","value":"(//span[contains(@id, \"imgNav\")])[1]"}
COMMAND: POST /session/4901a3b2b8b0c5830f581bb3a1bd3272/elements - {"using":"xpath","value":"(//span[contains(@id, \"imgNav\")])[1]"}
RESULT: {"using":"xpath","value":"(//span[contains(@id, \"imgNav\")])[1]"}
COMMAND: POST /session/4901a3b2b8b0c5830f581bb3a1bd3272/elements - {"using":"xpath","value":"(//span[contains(@id, \"imgNav\")])[1]"}
RESULT: {"using":"xpath","value":"(//span[contains(@id, \"imgNav\")])[1]"}
COMMAND: POST /session/4901a3b2b8b0c5830f581bb3a1bd3272/elements - {"using":"xpath","value":"(//span[contains(@id, \"imgNav\")])[1]"}
RESULT: {"using":"xpath","value":"(//span[contains(@id, \"imgNav\")])[1]"}
COMMAND: POST /session/4901a3b2b8b0c5830f581bb3a1bd3272/elements - {"using":"xpath","value":"(//span[contains(@id, \"imgNav\")])[1]"}
RESULT: {"using":"xpath","value":"(//span[contains(@id, \"imgNav\")])[1]"}
COMMAND: POST /session/4901a3b2b8b0c5830f581bb3a1bd3272/elements - {"using":"xpath","value":"(//span[contains(@id, \"imgNav\")])[1]"}
RESULT: {"using":"xpath","value":"(//span[contains(@id, \"imgNav\")])[1]"}
COMMAND: POST /session/4901a3b2b8b0c5830f581bb3a1bd3272/elements - {"using":"xpath","value":"(//span[contains(@id, \"imgNav\")])[1]"}
RESULT: {"using":"xpath","value":"(//span[contains(@id, \"imgNav\")])[1]"}
COMMAND: POST /session/4901a3b2b8b0c5830f581bb3a1bd3272/elements - {"using":"xpath","value":"(//span[contains(@id, \"imgNav\")])[1]"}
RESULT: {"using":"xpath","value":"(//span[contains(@id, \"imgNav\")])[1]"}
COMMAND: POST /session/4901a3b2b8b0c5830f581bb3a1bd3272/elements - {"using":"xpath","value":"(//span[contains(@id, \"imgNav\")])[1]"}
RESULT: {"using":"xpath","value":"(//span[contains(@id, \"imgNav\")])[1]"}
COMMAND: POST /session/4901a3b2b8b0c5830f581bb3a1bd3272/elements - {"using":"xpath","value":"(//span[contains(@id, \"imgNav\")])[1]"}
RESULT: {"using":"xpath","value":"(//span[contains(@id, \"imgNav\")])[1]"}
COMMAND: POST /session/4901a3b2b8b0c5830f581bb3a1bd3272/elements - {"using":"xpath","value":"(//span[contains(@id, \"imgNav\")])[1]"}
RESULT: {"using":"xpath","value":"(//span[contains(@id, \"imgNav\")])[1]"}
COMMAND: POST /session/4901a3b2b8b0c5830f581bb3a1bd3272/elements - {"using":"xpath","value":"(//span[contains(@id, \"imgNav\")])[1]"}
RESULT: {"using":"xpath","value":"(//span[contains(@id, \"imgNav\")])[1]"}
COMMAND: POST /session/4901a3b2b8b0c5830f581bb3a1bd3272/elements - {"using":"xpath","value":"(//span[contains(@id, \"imgNav\")])[1]"}
RESULT: {"using":"xpath","value":"(//span[contains(@id, \"imgNav\")])[1]"}
COMMAND: POST /session/4901a3b2b8b0c5830f581bb3a1bd3272/elements - {"using":"xpath","value":"(//span[contains(@id, \"imgNav\")])[1]"}
RESULT: {"using":"xpath","value":"(//span[contains(@id, \"imgNav\")])[1]"}
COMMAND: POST /session/4901a3b2b8b0c5830f581bb3a1bd3272/elements - {"using":"xpath","value":"(//span[contains(@id, \"imgNav\")])[1]"}
RESULT: {"using":"xpath","value":"(//span[contains(@id, \"imgNav\")])[1]"}
COMMAND: POST /session/4901a3b2b8b0c5830f581bb3a1bd3272/elements - {"using":"xpath","value":"(//span[contains(@id, \"imgNav\")])[1]"}
RESULT: {"using":"xpath","value":"(//span[contains(@id, \"imgNav\")])[1]"}
COMMAND: POST /session/4901a3b2b8b0c5830f581bb3a1bd3272/elements - {"using":"xpath","value":"(//span[contains(@id, \"imgNav\")])[1]"}
RESULT: {"using":"xpath","value":"(//span[contains(@id, \"imgNav\")])[1]"}
COMMAND: POST /session/4901a3b2b8b0c5830f581bb3a1bd3272/elements - {"using":"xpath","value":"(//span[contains(@id, \"imgNav\")])[1]"}
RESULT: {"using":"xpath","value":"(//span[contains(@id, \"imgNav\")])[1]"}
COMMAND: POST /session/4901a3b2b8b0c5830f581bb3a1bd3272/elements - {"using":"xpath","value":"(//span[contains(@id, \"imgNav\")])[1]"}
RESULT: {"using":"xpath","value":"(//span[contains(@id, \"imgNav\")])[1]"}
COMMAND: POST /session/4901a3b2b8b0c5830f581bb3a1bd3272/elements - {"using":"xpath","value":"(//span[contains(@id, \"imgNav\")])[1]"}
RESULT: {"using":"xpath","value":"(//span[contains(@id, \"imgNav\")])[1]"}
COMMAND: POST /session/4901a3b2b8b0c5830f581bb3a1bd3272/elements - {"using":"xpath","value":"(//span[contains(@id, \"imgNav\")])[1]"}
RESULT: {"using":"xpath","value":"(//span[contains(@id, \"imgNav\")])[1]"}
COMMAND: POST /session/4901a3b2b8b0c5830f581bb3a1bd3272/elements - {"using":"xpath","value":"(//span[contains(@id, \"imgNav\")])[1]"}
RESULT: {"using":"xpath","value":"(//span[contains(@id, \"imgNav\")])[1]"}
COMMAND: POST /session/4901a3b2b8b0c5830f581bb3a1bd3272/elements - {"using":"xpath","value":"(//span[contains(@id, \"imgNav\")])[1]"}
RESULT: {"using":"xpath","value":"(//span[contains(@id, \"imgNav\")])[1]"}
COMMAND: POST /session/4901a3b2b8b0c5830f581bb3a1bd3272/elements - {"using":"xpath","value":"(//span[contains(@id, \"imgNav\")])[1]"}
RESULT: {"using":"xpath","value":"(//span[contains(@id, \"imgNav\")])[1]"}
COMMAND: POST /session/4901a3b2b8b0c5830f581bb3a1bd3272/elements - {"using":"xpath","value":"(//span[contains(@id, \"imgNav\")])[1]"}
RESULT: {"using":"xpath","value":"(//span[contains(@id, \"imgNav\")])[1]"}
COMMAND: POST /session/4901a3b2b8b0c5830f581bb3a1bd3272/elements - {"using":"xpath","value":"(//span[contains(@id, \"imgNav\")])[1]"}
RESULT: {"using":"xpath","value":"(//span[contains(@id, \"imgNav\")])[1]"}
COMMAND: POST /session/4901a3b2b8b0c5830f581bb3a1bd3272/elements - {"using":"xpath","value":"(//span[contains(@id, \"imgNav\")])[1]"}
RESULT: {"using":"xpath","value":"(//span[contains(@id, \"imgNav\")])[1]"}
COMMAND: POST /session/4901a3b2b8b0c5830f581bb3a1bd3272/elements - {"using":"xpath","value":"(//span[contains(@id, \"imgNav\")])[1]"}
RESULT: {"using":"xpath","value":"(//span[contains(@id, \"imgNav\")])[1]"}
COMMAND: POST /session/4901a3b2b8b0c5830f581bb3a1bd3272/elements - {"using":"xpath","value":"(//span[contains(@id, \"imgNav\")])[1]"}
RESULT: {"using":"xpath","value":"(//span[contains(@id, \"imgNav\")])[1]"}
COMMAND: POST /session/4901a3b2b8b0c5830f581bb3a1bd3272/elements - {"using":"xpath","value":"(//span[contains(@id, \"imgNav\")])[1]"}
RESULT: {"using":"xpath","value":"(//span[contains(@id, \"imgNav\")])[1]"}
COMMAND: POST /session/4901a3b2b8b0c5830f581bb3a1bd3272/elements - {"using":"xpath","value":"(//span[contains(@id, \"imgNav\")])[1]"}
RESULT: {"using":"xpath","value":"(//span[contains(@id, \"imgNav\")])[1]"}
COMMAND: POST /session/4901a3b2b8b0c5830f581bb3a1bd3272/elements - {"using":"xpath","value":"(//span[contains(@id, \"imgNav\")])[1]"}
RESULT: {"using":"xpath","value":"(//span[contains(@id, \"imgNav\")])[1]"}
COMMAND: POST /session/4901a3b2b8b0c5830f581bb3a1bd3272/elements - {"using":"xpath","value":"(//span[contains(@id, \"imgNav\")])[1]"}
RESULT: {"using":"xpath","value":"(//span[contains(@id, \"imgNav\")])[1]"}
COMMAND: POST /session/4901a3b2b8b0c5830f581bb3a1bd3272/elements - {"using":"xpath","value":"(//span[contains(@id, \"imgNav\")])[1]"}
RESULT: {"using":"xpath","value":"(//span[contains(@id, \"imgNav\")])[1]"}
COMMAND: POST /session/4901a3b2b8b0c5830f581bb3a1bd3272/elements - {"using":"xpath","value":"(//span[contains(@id, \"imgNav\")])[1]"}
COMMAND: GET /session/4901a3b2b8b0c5830f581bb3a1bd3272/screenshot - {}
RESULT: {"using":"xpath","value":"(//span[contains(@id, \"imgNav\")])[1]"}
RESULT: {}
]]></system-out>
      <system-err><![CDATA[
Error: Can't call click on element with selector "(//span[contains(@id, "imgNav")])[1]" because element wasn't found
    at async Context.<anonymous> (D:\a\1\s\test\specs\BTS\address-management.spec.js:986:9)
]]></system-err>
    </testcase>
    <testcase classname="chrome.136_0_7103_93.windows.Address_Management_Tests_US156181_US151165_US151160_US156180_US156178_US151157_US151172_US151170_US151166_US151168" name="Step 8 Should add an attachment to the created address US151166 BUGGED FOR NOW" time="79.642">
      <failure/>
      <error message="Can't call click on element with selector &quot;(//span[contains(@id, &quot;imgNav&quot;)])[0]&quot; because element wasn't found"/>
      <system-out><![CDATA[
COMMAND: GET /session/4901a3b2b8b0c5830f581bb3a1bd3272/screenshot - {}
RESULT: undefined
COMMAND: POST /session/4901a3b2b8b0c5830f581bb3a1bd3272/element - {"using":"xpath","value":"//*[@id=\"__tile33\"]"}
RESULT: {}
RESULT: {"using":"xpath","value":"//*[@id=\"__tile33\"]"}
COMMAND: POST /session/4901a3b2b8b0c5830f581bb3a1bd3272/element/f.67C485243A32FFDA319564F2291E9928.d.818823808109A1D4705CDB8BB2F0AC4A.e.215/click - {}
COMMAND: POST /session/4901a3b2b8b0c5830f581bb3a1bd3272/elements - {"using":"xpath","value":"//span[text()='Error']"}
RESULT: {"using":"xpath","value":"//span[text()='Error']"}
COMMAND: POST /session/4901a3b2b8b0c5830f581bb3a1bd3272/element - {"using":"xpath","value":"//button[@data-kt=\"addButton\"]"}
RESULT: {"using":"xpath","value":"//button[@data-kt=\"addButton\"]"}
COMMAND: POST /session/4901a3b2b8b0c5830f581bb3a1bd3272/elements - {"using":"xpath","value":"//button[@data-kt=\"addButton\"]"}
RESULT: {"using":"xpath","value":"//button[@data-kt=\"addButton\"]"}
COMMAND: POST /session/4901a3b2b8b0c5830f581bb3a1bd3272/execute/sync - {"script":"<script> [8489 bytes]","args":[{"element-6066-11e4-a52e-4f735466cecf":"f.67C485243A32FFDA319564F2291E9928.d.818823808109A1D4705CDB8BB2F0AC4A.e.1479","ELEMENT":"f.67C485243A32FFDA319564F2291E9928.d.818823808109A1D4705CDB8BB2F0AC4A.e.1479"}]}
RESULT: {"script":"<script> [8489 bytes]","args":[{"element-6066-11e4-a52e-4f735466cecf":"f.67C485243A32FFDA319564F2291E9928.d.818823808109A1D4705CDB8BB2F0AC4A.e.1479","ELEMENT":"f.67C485243A32FFDA319564F2291E9928.d.818823808109A1D4705CDB8BB2F0AC4A.e.1479"}]}
COMMAND: GET /session/4901a3b2b8b0c5830f581bb3a1bd3272/element/f.67C485243A32FFDA319564F2291E9928.d.818823808109A1D4705CDB8BB2F0AC4A.e.1479/enabled - {}
COMMAND: GET /session/4901a3b2b8b0c5830f581bb3a1bd3272/screenshot - {}
RESULT: {}
COMMAND: POST /session/4901a3b2b8b0c5830f581bb3a1bd3272/execute/sync - {"script":"<script> [8489 bytes]","args":[{"element-6066-11e4-a52e-4f735466cecf":"f.67C485243A32FFDA319564F2291E9928.d.818823808109A1D4705CDB8BB2F0AC4A.e.1479","ELEMENT":"f.67C485243A32FFDA319564F2291E9928.d.818823808109A1D4705CDB8BB2F0AC4A.e.1479"}]}
COMMAND: GET /session/4901a3b2b8b0c5830f581bb3a1bd3272/screenshot - {}
RESULT: {}
RESULT: {"script":"<script> [8489 bytes]","args":[{"element-6066-11e4-a52e-4f735466cecf":"f.67C485243A32FFDA319564F2291E9928.d.818823808109A1D4705CDB8BB2F0AC4A.e.1479","ELEMENT":"f.67C485243A32FFDA319564F2291E9928.d.818823808109A1D4705CDB8BB2F0AC4A.e.1479"}]}
COMMAND: POST /session/4901a3b2b8b0c5830f581bb3a1bd3272/execute/sync - {"script":"<script> [5351 bytes]","args":[{"element-6066-11e4-a52e-4f735466cecf":"f.67C485243A32FFDA319564F2291E9928.d.818823808109A1D4705CDB8BB2F0AC4A.e.1479","ELEMENT":"f.67C485243A32FFDA319564F2291E9928.d.818823808109A1D4705CDB8BB2F0AC4A.e.1479"}]}
COMMAND: GET /session/4901a3b2b8b0c5830f581bb3a1bd3272/screenshot - {}
RESULT: {}
RESULT: {"script":"<script> [5351 bytes]","args":[{"element-6066-11e4-a52e-4f735466cecf":"f.67C485243A32FFDA319564F2291E9928.d.818823808109A1D4705CDB8BB2F0AC4A.e.1479","ELEMENT":"f.67C485243A32FFDA319564F2291E9928.d.818823808109A1D4705CDB8BB2F0AC4A.e.1479"}]}
COMMAND: GET /session/4901a3b2b8b0c5830f581bb3a1bd3272/screenshot - {}
RESULT: {}
RESULT: {}
RESULT: undefined
COMMAND: POST /session/4901a3b2b8b0c5830f581bb3a1bd3272/execute/async - {"script":"<script> [776 bytes]","args":[{"enterText":"Test1ETM","selector":{"id":"application-addressmanagement-display-component---masterAdm--smartFilterBar-btnBasicSearch","interaction":{"idSuffix":"I"}},"clearTextFirst":true,"interactionType":"ENTER_TEXT"}]}
RESULT: {"script":"<script> [776 bytes]","args":[{"enterText":"Test1ETM","selector":{"id":"application-addressmanagement-display-component---masterAdm--smartFilterBar-btnBasicSearch","interaction":{"idSuffix":"I"}},"clearTextFirst":true,"interactionType":"ENTER_TEXT"}]}
COMMAND: POST /session/4901a3b2b8b0c5830f581bb3a1bd3272/actions - {"actions":[{"id":"action12","type":"key","parameters":{},"actions":[{"type":"keyDown","value":""},{"type":"pause","duration":10},{"type":"keyUp","value":""}]}]}
RESULT: {"actions":[{"id":"action12","type":"key","parameters":{},"actions":[{"type":"keyDown","value":""},{"type":"pause","duration":10},{"type":"keyUp","value":""}]}]}
COMMAND: GET /session/4901a3b2b8b0c5830f581bb3a1bd3272/screenshot - {}
RESULT: {}
COMMAND: POST /session/4901a3b2b8b0c5830f581bb3a1bd3272/elements - {"using":"xpath","value":"//table[contains(@id, \"customPersonsAddressesTable-listUl\")]/tbody/tr"}
RESULT: {"using":"xpath","value":"//table[contains(@id, \"customPersonsAddressesTable-listUl\")]/tbody/tr"}
COMMAND: POST /session/4901a3b2b8b0c5830f581bb3a1bd3272/element - {"using":"xpath","value":"//table[contains(@id, \"customPersonsAddressesTable-listUl\")]/tbody/tr[1]/td[5]/span/span"}
RESULT: {"using":"xpath","value":"//table[contains(@id, \"customPersonsAddressesTable-listUl\")]/tbody/tr[1]/td[5]/span/span"}
COMMAND: POST /session/4901a3b2b8b0c5830f581bb3a1bd3272/element - {"using":"xpath","value":"//table[contains(@id, \"customPersonsAddressesTable-listUl\")]/tbody/tr[1]/td[3]/span"}
RESULT: {"using":"xpath","value":"//table[contains(@id, \"customPersonsAddressesTable-listUl\")]/tbody/tr[1]/td[3]/span"}
COMMAND: POST /session/4901a3b2b8b0c5830f581bb3a1bd3272/elements - {"using":"xpath","value":"//table[contains(@id, \"customPersonsAddressesTable-listUl\")]/tbody/tr[1]/td[5]/span/span"}
RESULT: {"using":"xpath","value":"//table[contains(@id, \"customPersonsAddressesTable-listUl\")]/tbody/tr[1]/td[5]/span/span"}
COMMAND: POST /session/4901a3b2b8b0c5830f581bb3a1bd3272/element - {"using":"xpath","value":"(//span[contains(@id, \"imgNav\")])[0]"}
RESULT: {"using":"xpath","value":"(//span[contains(@id, \"imgNav\")])[0]"}
COMMAND: POST /session/4901a3b2b8b0c5830f581bb3a1bd3272/elements - {"using":"xpath","value":"(//span[contains(@id, \"imgNav\")])[0]"}
RESULT: {"using":"xpath","value":"(//span[contains(@id, \"imgNav\")])[0]"}
COMMAND: POST /session/4901a3b2b8b0c5830f581bb3a1bd3272/elements - {"using":"xpath","value":"(//span[contains(@id, \"imgNav\")])[0]"}
RESULT: {"using":"xpath","value":"(//span[contains(@id, \"imgNav\")])[0]"}
COMMAND: POST /session/4901a3b2b8b0c5830f581bb3a1bd3272/elements - {"using":"xpath","value":"(//span[contains(@id, \"imgNav\")])[0]"}
RESULT: {"using":"xpath","value":"(//span[contains(@id, \"imgNav\")])[0]"}
COMMAND: POST /session/4901a3b2b8b0c5830f581bb3a1bd3272/elements - {"using":"xpath","value":"(//span[contains(@id, \"imgNav\")])[0]"}
RESULT: {"using":"xpath","value":"(//span[contains(@id, \"imgNav\")])[0]"}
COMMAND: POST /session/4901a3b2b8b0c5830f581bb3a1bd3272/elements - {"using":"xpath","value":"(//span[contains(@id, \"imgNav\")])[0]"}
RESULT: {"using":"xpath","value":"(//span[contains(@id, \"imgNav\")])[0]"}
COMMAND: POST /session/4901a3b2b8b0c5830f581bb3a1bd3272/elements - {"using":"xpath","value":"(//span[contains(@id, \"imgNav\")])[0]"}
RESULT: {"using":"xpath","value":"(//span[contains(@id, \"imgNav\")])[0]"}
COMMAND: POST /session/4901a3b2b8b0c5830f581bb3a1bd3272/elements - {"using":"xpath","value":"(//span[contains(@id, \"imgNav\")])[0]"}
RESULT: {"using":"xpath","value":"(//span[contains(@id, \"imgNav\")])[0]"}
COMMAND: POST /session/4901a3b2b8b0c5830f581bb3a1bd3272/elements - {"using":"xpath","value":"(//span[contains(@id, \"imgNav\")])[0]"}
RESULT: {"using":"xpath","value":"(//span[contains(@id, \"imgNav\")])[0]"}
COMMAND: POST /session/4901a3b2b8b0c5830f581bb3a1bd3272/elements - {"using":"xpath","value":"(//span[contains(@id, \"imgNav\")])[0]"}
RESULT: {"using":"xpath","value":"(//span[contains(@id, \"imgNav\")])[0]"}
COMMAND: POST /session/4901a3b2b8b0c5830f581bb3a1bd3272/elements - {"using":"xpath","value":"(//span[contains(@id, \"imgNav\")])[0]"}
RESULT: {"using":"xpath","value":"(//span[contains(@id, \"imgNav\")])[0]"}
COMMAND: POST /session/4901a3b2b8b0c5830f581bb3a1bd3272/elements - {"using":"xpath","value":"(//span[contains(@id, \"imgNav\")])[0]"}
RESULT: {"using":"xpath","value":"(//span[contains(@id, \"imgNav\")])[0]"}
COMMAND: POST /session/4901a3b2b8b0c5830f581bb3a1bd3272/elements - {"using":"xpath","value":"(//span[contains(@id, \"imgNav\")])[0]"}
RESULT: {"using":"xpath","value":"(//span[contains(@id, \"imgNav\")])[0]"}
COMMAND: POST /session/4901a3b2b8b0c5830f581bb3a1bd3272/elements - {"using":"xpath","value":"(//span[contains(@id, \"imgNav\")])[0]"}
RESULT: {"using":"xpath","value":"(//span[contains(@id, \"imgNav\")])[0]"}
COMMAND: POST /session/4901a3b2b8b0c5830f581bb3a1bd3272/elements - {"using":"xpath","value":"(//span[contains(@id, \"imgNav\")])[0]"}
RESULT: {"using":"xpath","value":"(//span[contains(@id, \"imgNav\")])[0]"}
COMMAND: POST /session/4901a3b2b8b0c5830f581bb3a1bd3272/elements - {"using":"xpath","value":"(//span[contains(@id, \"imgNav\")])[0]"}
RESULT: {"using":"xpath","value":"(//span[contains(@id, \"imgNav\")])[0]"}
COMMAND: POST /session/4901a3b2b8b0c5830f581bb3a1bd3272/elements - {"using":"xpath","value":"(//span[contains(@id, \"imgNav\")])[0]"}
RESULT: {"using":"xpath","value":"(//span[contains(@id, \"imgNav\")])[0]"}
COMMAND: POST /session/4901a3b2b8b0c5830f581bb3a1bd3272/elements - {"using":"xpath","value":"(//span[contains(@id, \"imgNav\")])[0]"}
RESULT: {"using":"xpath","value":"(//span[contains(@id, \"imgNav\")])[0]"}
COMMAND: POST /session/4901a3b2b8b0c5830f581bb3a1bd3272/elements - {"using":"xpath","value":"(//span[contains(@id, \"imgNav\")])[0]"}
RESULT: {"using":"xpath","value":"(//span[contains(@id, \"imgNav\")])[0]"}
COMMAND: POST /session/4901a3b2b8b0c5830f581bb3a1bd3272/elements - {"using":"xpath","value":"(//span[contains(@id, \"imgNav\")])[0]"}
RESULT: {"using":"xpath","value":"(//span[contains(@id, \"imgNav\")])[0]"}
COMMAND: POST /session/4901a3b2b8b0c5830f581bb3a1bd3272/elements - {"using":"xpath","value":"(//span[contains(@id, \"imgNav\")])[0]"}
RESULT: {"using":"xpath","value":"(//span[contains(@id, \"imgNav\")])[0]"}
COMMAND: POST /session/4901a3b2b8b0c5830f581bb3a1bd3272/elements - {"using":"xpath","value":"(//span[contains(@id, \"imgNav\")])[0]"}
RESULT: {"using":"xpath","value":"(//span[contains(@id, \"imgNav\")])[0]"}
COMMAND: POST /session/4901a3b2b8b0c5830f581bb3a1bd3272/elements - {"using":"xpath","value":"(//span[contains(@id, \"imgNav\")])[0]"}
RESULT: {"using":"xpath","value":"(//span[contains(@id, \"imgNav\")])[0]"}
COMMAND: POST /session/4901a3b2b8b0c5830f581bb3a1bd3272/elements - {"using":"xpath","value":"(//span[contains(@id, \"imgNav\")])[0]"}
RESULT: {"using":"xpath","value":"(//span[contains(@id, \"imgNav\")])[0]"}
COMMAND: POST /session/4901a3b2b8b0c5830f581bb3a1bd3272/elements - {"using":"xpath","value":"(//span[contains(@id, \"imgNav\")])[0]"}
RESULT: {"using":"xpath","value":"(//span[contains(@id, \"imgNav\")])[0]"}
COMMAND: POST /session/4901a3b2b8b0c5830f581bb3a1bd3272/elements - {"using":"xpath","value":"(//span[contains(@id, \"imgNav\")])[0]"}
RESULT: {"using":"xpath","value":"(//span[contains(@id, \"imgNav\")])[0]"}
COMMAND: POST /session/4901a3b2b8b0c5830f581bb3a1bd3272/elements - {"using":"xpath","value":"(//span[contains(@id, \"imgNav\")])[0]"}
RESULT: {"using":"xpath","value":"(//span[contains(@id, \"imgNav\")])[0]"}
COMMAND: POST /session/4901a3b2b8b0c5830f581bb3a1bd3272/elements - {"using":"xpath","value":"(//span[contains(@id, \"imgNav\")])[0]"}
RESULT: {"using":"xpath","value":"(//span[contains(@id, \"imgNav\")])[0]"}
COMMAND: POST /session/4901a3b2b8b0c5830f581bb3a1bd3272/elements - {"using":"xpath","value":"(//span[contains(@id, \"imgNav\")])[0]"}
RESULT: {"using":"xpath","value":"(//span[contains(@id, \"imgNav\")])[0]"}
COMMAND: POST /session/4901a3b2b8b0c5830f581bb3a1bd3272/elements - {"using":"xpath","value":"(//span[contains(@id, \"imgNav\")])[0]"}
RESULT: {"using":"xpath","value":"(//span[contains(@id, \"imgNav\")])[0]"}
COMMAND: POST /session/4901a3b2b8b0c5830f581bb3a1bd3272/elements - {"using":"xpath","value":"(//span[contains(@id, \"imgNav\")])[0]"}
RESULT: {"using":"xpath","value":"(//span[contains(@id, \"imgNav\")])[0]"}
COMMAND: POST /session/4901a3b2b8b0c5830f581bb3a1bd3272/elements - {"using":"xpath","value":"(//span[contains(@id, \"imgNav\")])[0]"}
RESULT: {"using":"xpath","value":"(//span[contains(@id, \"imgNav\")])[0]"}
COMMAND: POST /session/4901a3b2b8b0c5830f581bb3a1bd3272/elements - {"using":"xpath","value":"(//span[contains(@id, \"imgNav\")])[0]"}
RESULT: {"using":"xpath","value":"(//span[contains(@id, \"imgNav\")])[0]"}
COMMAND: POST /session/4901a3b2b8b0c5830f581bb3a1bd3272/elements - {"using":"xpath","value":"(//span[contains(@id, \"imgNav\")])[0]"}
RESULT: {"using":"xpath","value":"(//span[contains(@id, \"imgNav\")])[0]"}
COMMAND: POST /session/4901a3b2b8b0c5830f581bb3a1bd3272/elements - {"using":"xpath","value":"(//span[contains(@id, \"imgNav\")])[0]"}
RESULT: {"using":"xpath","value":"(//span[contains(@id, \"imgNav\")])[0]"}
COMMAND: POST /session/4901a3b2b8b0c5830f581bb3a1bd3272/elements - {"using":"xpath","value":"(//span[contains(@id, \"imgNav\")])[0]"}
RESULT: {"using":"xpath","value":"(//span[contains(@id, \"imgNav\")])[0]"}
COMMAND: POST /session/4901a3b2b8b0c5830f581bb3a1bd3272/elements - {"using":"xpath","value":"(//span[contains(@id, \"imgNav\")])[0]"}
RESULT: {"using":"xpath","value":"(//span[contains(@id, \"imgNav\")])[0]"}
COMMAND: POST /session/4901a3b2b8b0c5830f581bb3a1bd3272/elements - {"using":"xpath","value":"(//span[contains(@id, \"imgNav\")])[0]"}
RESULT: {"using":"xpath","value":"(//span[contains(@id, \"imgNav\")])[0]"}
COMMAND: POST /session/4901a3b2b8b0c5830f581bb3a1bd3272/elements - {"using":"xpath","value":"(//span[contains(@id, \"imgNav\")])[0]"}
RESULT: {"using":"xpath","value":"(//span[contains(@id, \"imgNav\")])[0]"}
COMMAND: POST /session/4901a3b2b8b0c5830f581bb3a1bd3272/elements - {"using":"xpath","value":"(//span[contains(@id, \"imgNav\")])[0]"}
RESULT: {"using":"xpath","value":"(//span[contains(@id, \"imgNav\")])[0]"}
COMMAND: POST /session/4901a3b2b8b0c5830f581bb3a1bd3272/elements - {"using":"xpath","value":"(//span[contains(@id, \"imgNav\")])[0]"}
RESULT: {"using":"xpath","value":"(//span[contains(@id, \"imgNav\")])[0]"}
COMMAND: POST /session/4901a3b2b8b0c5830f581bb3a1bd3272/elements - {"using":"xpath","value":"(//span[contains(@id, \"imgNav\")])[0]"}
RESULT: {"using":"xpath","value":"(//span[contains(@id, \"imgNav\")])[0]"}
COMMAND: POST /session/4901a3b2b8b0c5830f581bb3a1bd3272/elements - {"using":"xpath","value":"(//span[contains(@id, \"imgNav\")])[0]"}
RESULT: {"using":"xpath","value":"(//span[contains(@id, \"imgNav\")])[0]"}
COMMAND: POST /session/4901a3b2b8b0c5830f581bb3a1bd3272/elements - {"using":"xpath","value":"(//span[contains(@id, \"imgNav\")])[0]"}
RESULT: {"using":"xpath","value":"(//span[contains(@id, \"imgNav\")])[0]"}
COMMAND: POST /session/4901a3b2b8b0c5830f581bb3a1bd3272/elements - {"using":"xpath","value":"(//span[contains(@id, \"imgNav\")])[0]"}
RESULT: {"using":"xpath","value":"(//span[contains(@id, \"imgNav\")])[0]"}
COMMAND: POST /session/4901a3b2b8b0c5830f581bb3a1bd3272/elements - {"using":"xpath","value":"(//span[contains(@id, \"imgNav\")])[0]"}
RESULT: {"using":"xpath","value":"(//span[contains(@id, \"imgNav\")])[0]"}
COMMAND: POST /session/4901a3b2b8b0c5830f581bb3a1bd3272/elements - {"using":"xpath","value":"(//span[contains(@id, \"imgNav\")])[0]"}
RESULT: {"using":"xpath","value":"(//span[contains(@id, \"imgNav\")])[0]"}
COMMAND: POST /session/4901a3b2b8b0c5830f581bb3a1bd3272/elements - {"using":"xpath","value":"(//span[contains(@id, \"imgNav\")])[0]"}
RESULT: {"using":"xpath","value":"(//span[contains(@id, \"imgNav\")])[0]"}
COMMAND: POST /session/4901a3b2b8b0c5830f581bb3a1bd3272/elements - {"using":"xpath","value":"(//span[contains(@id, \"imgNav\")])[0]"}
RESULT: {"using":"xpath","value":"(//span[contains(@id, \"imgNav\")])[0]"}
COMMAND: POST /session/4901a3b2b8b0c5830f581bb3a1bd3272/elements - {"using":"xpath","value":"(//span[contains(@id, \"imgNav\")])[0]"}
RESULT: {"using":"xpath","value":"(//span[contains(@id, \"imgNav\")])[0]"}
COMMAND: POST /session/4901a3b2b8b0c5830f581bb3a1bd3272/elements - {"using":"xpath","value":"(//span[contains(@id, \"imgNav\")])[0]"}
RESULT: {"using":"xpath","value":"(//span[contains(@id, \"imgNav\")])[0]"}
COMMAND: POST /session/4901a3b2b8b0c5830f581bb3a1bd3272/elements - {"using":"xpath","value":"(//span[contains(@id, \"imgNav\")])[0]"}
RESULT: {"using":"xpath","value":"(//span[contains(@id, \"imgNav\")])[0]"}
COMMAND: POST /session/4901a3b2b8b0c5830f581bb3a1bd3272/elements - {"using":"xpath","value":"(//span[contains(@id, \"imgNav\")])[0]"}
RESULT: {"using":"xpath","value":"(//span[contains(@id, \"imgNav\")])[0]"}
COMMAND: POST /session/4901a3b2b8b0c5830f581bb3a1bd3272/elements - {"using":"xpath","value":"(//span[contains(@id, \"imgNav\")])[0]"}
RESULT: {"using":"xpath","value":"(//span[contains(@id, \"imgNav\")])[0]"}
COMMAND: POST /session/4901a3b2b8b0c5830f581bb3a1bd3272/elements - {"using":"xpath","value":"(//span[contains(@id, \"imgNav\")])[0]"}
RESULT: {"using":"xpath","value":"(//span[contains(@id, \"imgNav\")])[0]"}
COMMAND: POST /session/4901a3b2b8b0c5830f581bb3a1bd3272/elements - {"using":"xpath","value":"(//span[contains(@id, \"imgNav\")])[0]"}
RESULT: {"using":"xpath","value":"(//span[contains(@id, \"imgNav\")])[0]"}
COMMAND: POST /session/4901a3b2b8b0c5830f581bb3a1bd3272/elements - {"using":"xpath","value":"(//span[contains(@id, \"imgNav\")])[0]"}
RESULT: {"using":"xpath","value":"(//span[contains(@id, \"imgNav\")])[0]"}
COMMAND: POST /session/4901a3b2b8b0c5830f581bb3a1bd3272/elements - {"using":"xpath","value":"(//span[contains(@id, \"imgNav\")])[0]"}
RESULT: {"using":"xpath","value":"(//span[contains(@id, \"imgNav\")])[0]"}
COMMAND: POST /session/4901a3b2b8b0c5830f581bb3a1bd3272/elements - {"using":"xpath","value":"(//span[contains(@id, \"imgNav\")])[0]"}
RESULT: {"using":"xpath","value":"(//span[contains(@id, \"imgNav\")])[0]"}
COMMAND: POST /session/4901a3b2b8b0c5830f581bb3a1bd3272/elements - {"using":"xpath","value":"(//span[contains(@id, \"imgNav\")])[0]"}
RESULT: {"using":"xpath","value":"(//span[contains(@id, \"imgNav\")])[0]"}
COMMAND: POST /session/4901a3b2b8b0c5830f581bb3a1bd3272/elements - {"using":"xpath","value":"(//span[contains(@id, \"imgNav\")])[0]"}
RESULT: {"using":"xpath","value":"(//span[contains(@id, \"imgNav\")])[0]"}
COMMAND: POST /session/4901a3b2b8b0c5830f581bb3a1bd3272/elements - {"using":"xpath","value":"(//span[contains(@id, \"imgNav\")])[0]"}
RESULT: {"using":"xpath","value":"(//span[contains(@id, \"imgNav\")])[0]"}
COMMAND: POST /session/4901a3b2b8b0c5830f581bb3a1bd3272/elements - {"using":"xpath","value":"(//span[contains(@id, \"imgNav\")])[0]"}
RESULT: {"using":"xpath","value":"(//span[contains(@id, \"imgNav\")])[0]"}
COMMAND: POST /session/4901a3b2b8b0c5830f581bb3a1bd3272/elements - {"using":"xpath","value":"(//span[contains(@id, \"imgNav\")])[0]"}
RESULT: {"using":"xpath","value":"(//span[contains(@id, \"imgNav\")])[0]"}
COMMAND: POST /session/4901a3b2b8b0c5830f581bb3a1bd3272/elements - {"using":"xpath","value":"(//span[contains(@id, \"imgNav\")])[0]"}
RESULT: {"using":"xpath","value":"(//span[contains(@id, \"imgNav\")])[0]"}
COMMAND: POST /session/4901a3b2b8b0c5830f581bb3a1bd3272/elements - {"using":"xpath","value":"(//span[contains(@id, \"imgNav\")])[0]"}
RESULT: {"using":"xpath","value":"(//span[contains(@id, \"imgNav\")])[0]"}
COMMAND: POST /session/4901a3b2b8b0c5830f581bb3a1bd3272/elements - {"using":"xpath","value":"(//span[contains(@id, \"imgNav\")])[0]"}
RESULT: {"using":"xpath","value":"(//span[contains(@id, \"imgNav\")])[0]"}
COMMAND: POST /session/4901a3b2b8b0c5830f581bb3a1bd3272/elements - {"using":"xpath","value":"(//span[contains(@id, \"imgNav\")])[0]"}
RESULT: {"using":"xpath","value":"(//span[contains(@id, \"imgNav\")])[0]"}
COMMAND: POST /session/4901a3b2b8b0c5830f581bb3a1bd3272/elements - {"using":"xpath","value":"(//span[contains(@id, \"imgNav\")])[0]"}
RESULT: {"using":"xpath","value":"(//span[contains(@id, \"imgNav\")])[0]"}
COMMAND: POST /session/4901a3b2b8b0c5830f581bb3a1bd3272/elements - {"using":"xpath","value":"(//span[contains(@id, \"imgNav\")])[0]"}
RESULT: {"using":"xpath","value":"(//span[contains(@id, \"imgNav\")])[0]"}
COMMAND: POST /session/4901a3b2b8b0c5830f581bb3a1bd3272/elements - {"using":"xpath","value":"(//span[contains(@id, \"imgNav\")])[0]"}
RESULT: {"using":"xpath","value":"(//span[contains(@id, \"imgNav\")])[0]"}
COMMAND: POST /session/4901a3b2b8b0c5830f581bb3a1bd3272/elements - {"using":"xpath","value":"(//span[contains(@id, \"imgNav\")])[0]"}
RESULT: {"using":"xpath","value":"(//span[contains(@id, \"imgNav\")])[0]"}
COMMAND: POST /session/4901a3b2b8b0c5830f581bb3a1bd3272/elements - {"using":"xpath","value":"(//span[contains(@id, \"imgNav\")])[0]"}
RESULT: {"using":"xpath","value":"(//span[contains(@id, \"imgNav\")])[0]"}
COMMAND: POST /session/4901a3b2b8b0c5830f581bb3a1bd3272/elements - {"using":"xpath","value":"(//span[contains(@id, \"imgNav\")])[0]"}
RESULT: {"using":"xpath","value":"(//span[contains(@id, \"imgNav\")])[0]"}
COMMAND: POST /session/4901a3b2b8b0c5830f581bb3a1bd3272/elements - {"using":"xpath","value":"(//span[contains(@id, \"imgNav\")])[0]"}
RESULT: {"using":"xpath","value":"(//span[contains(@id, \"imgNav\")])[0]"}
COMMAND: POST /session/4901a3b2b8b0c5830f581bb3a1bd3272/elements - {"using":"xpath","value":"(//span[contains(@id, \"imgNav\")])[0]"}
RESULT: {"using":"xpath","value":"(//span[contains(@id, \"imgNav\")])[0]"}
COMMAND: POST /session/4901a3b2b8b0c5830f581bb3a1bd3272/elements - {"using":"xpath","value":"(//span[contains(@id, \"imgNav\")])[0]"}
RESULT: {"using":"xpath","value":"(//span[contains(@id, \"imgNav\")])[0]"}
COMMAND: POST /session/4901a3b2b8b0c5830f581bb3a1bd3272/elements - {"using":"xpath","value":"(//span[contains(@id, \"imgNav\")])[0]"}
RESULT: {"using":"xpath","value":"(//span[contains(@id, \"imgNav\")])[0]"}
COMMAND: POST /session/4901a3b2b8b0c5830f581bb3a1bd3272/elements - {"using":"xpath","value":"(//span[contains(@id, \"imgNav\")])[0]"}
RESULT: {"using":"xpath","value":"(//span[contains(@id, \"imgNav\")])[0]"}
COMMAND: POST /session/4901a3b2b8b0c5830f581bb3a1bd3272/elements - {"using":"xpath","value":"(//span[contains(@id, \"imgNav\")])[0]"}
RESULT: {"using":"xpath","value":"(//span[contains(@id, \"imgNav\")])[0]"}
COMMAND: POST /session/4901a3b2b8b0c5830f581bb3a1bd3272/elements - {"using":"xpath","value":"(//span[contains(@id, \"imgNav\")])[0]"}
RESULT: {"using":"xpath","value":"(//span[contains(@id, \"imgNav\")])[0]"}
COMMAND: POST /session/4901a3b2b8b0c5830f581bb3a1bd3272/elements - {"using":"xpath","value":"(//span[contains(@id, \"imgNav\")])[0]"}
RESULT: {"using":"xpath","value":"(//span[contains(@id, \"imgNav\")])[0]"}
COMMAND: POST /session/4901a3b2b8b0c5830f581bb3a1bd3272/elements - {"using":"xpath","value":"(//span[contains(@id, \"imgNav\")])[0]"}
RESULT: {"using":"xpath","value":"(//span[contains(@id, \"imgNav\")])[0]"}
COMMAND: POST /session/4901a3b2b8b0c5830f581bb3a1bd3272/elements - {"using":"xpath","value":"(//span[contains(@id, \"imgNav\")])[0]"}
RESULT: {"using":"xpath","value":"(//span[contains(@id, \"imgNav\")])[0]"}
COMMAND: POST /session/4901a3b2b8b0c5830f581bb3a1bd3272/elements - {"using":"xpath","value":"(//span[contains(@id, \"imgNav\")])[0]"}
RESULT: {"using":"xpath","value":"(//span[contains(@id, \"imgNav\")])[0]"}
COMMAND: POST /session/4901a3b2b8b0c5830f581bb3a1bd3272/elements - {"using":"xpath","value":"(//span[contains(@id, \"imgNav\")])[0]"}
RESULT: {"using":"xpath","value":"(//span[contains(@id, \"imgNav\")])[0]"}
COMMAND: POST /session/4901a3b2b8b0c5830f581bb3a1bd3272/elements - {"using":"xpath","value":"(//span[contains(@id, \"imgNav\")])[0]"}
RESULT: {"using":"xpath","value":"(//span[contains(@id, \"imgNav\")])[0]"}
COMMAND: POST /session/4901a3b2b8b0c5830f581bb3a1bd3272/elements - {"using":"xpath","value":"(//span[contains(@id, \"imgNav\")])[0]"}
RESULT: {"using":"xpath","value":"(//span[contains(@id, \"imgNav\")])[0]"}
COMMAND: POST /session/4901a3b2b8b0c5830f581bb3a1bd3272/elements - {"using":"xpath","value":"(//span[contains(@id, \"imgNav\")])[0]"}
RESULT: {"using":"xpath","value":"(//span[contains(@id, \"imgNav\")])[0]"}
COMMAND: POST /session/4901a3b2b8b0c5830f581bb3a1bd3272/elements - {"using":"xpath","value":"(//span[contains(@id, \"imgNav\")])[0]"}
RESULT: {"using":"xpath","value":"(//span[contains(@id, \"imgNav\")])[0]"}
COMMAND: POST /session/4901a3b2b8b0c5830f581bb3a1bd3272/elements - {"using":"xpath","value":"(//span[contains(@id, \"imgNav\")])[0]"}
RESULT: {"using":"xpath","value":"(//span[contains(@id, \"imgNav\")])[0]"}
COMMAND: POST /session/4901a3b2b8b0c5830f581bb3a1bd3272/elements - {"using":"xpath","value":"(//span[contains(@id, \"imgNav\")])[0]"}
RESULT: {"using":"xpath","value":"(//span[contains(@id, \"imgNav\")])[0]"}
COMMAND: POST /session/4901a3b2b8b0c5830f581bb3a1bd3272/elements - {"using":"xpath","value":"(//span[contains(@id, \"imgNav\")])[0]"}
RESULT: {"using":"xpath","value":"(//span[contains(@id, \"imgNav\")])[0]"}
COMMAND: POST /session/4901a3b2b8b0c5830f581bb3a1bd3272/elements - {"using":"xpath","value":"(//span[contains(@id, \"imgNav\")])[0]"}
RESULT: {"using":"xpath","value":"(//span[contains(@id, \"imgNav\")])[0]"}
COMMAND: POST /session/4901a3b2b8b0c5830f581bb3a1bd3272/elements - {"using":"xpath","value":"(//span[contains(@id, \"imgNav\")])[0]"}
RESULT: {"using":"xpath","value":"(//span[contains(@id, \"imgNav\")])[0]"}
COMMAND: POST /session/4901a3b2b8b0c5830f581bb3a1bd3272/elements - {"using":"xpath","value":"(//span[contains(@id, \"imgNav\")])[0]"}
RESULT: {"using":"xpath","value":"(//span[contains(@id, \"imgNav\")])[0]"}
COMMAND: POST /session/4901a3b2b8b0c5830f581bb3a1bd3272/elements - {"using":"xpath","value":"(//span[contains(@id, \"imgNav\")])[0]"}
RESULT: {"using":"xpath","value":"(//span[contains(@id, \"imgNav\")])[0]"}
COMMAND: POST /session/4901a3b2b8b0c5830f581bb3a1bd3272/elements - {"using":"xpath","value":"(//span[contains(@id, \"imgNav\")])[0]"}
RESULT: {"using":"xpath","value":"(//span[contains(@id, \"imgNav\")])[0]"}
COMMAND: POST /session/4901a3b2b8b0c5830f581bb3a1bd3272/elements - {"using":"xpath","value":"(//span[contains(@id, \"imgNav\")])[0]"}
RESULT: {"using":"xpath","value":"(//span[contains(@id, \"imgNav\")])[0]"}
COMMAND: POST /session/4901a3b2b8b0c5830f581bb3a1bd3272/elements - {"using":"xpath","value":"(//span[contains(@id, \"imgNav\")])[0]"}
RESULT: {"using":"xpath","value":"(//span[contains(@id, \"imgNav\")])[0]"}
COMMAND: POST /session/4901a3b2b8b0c5830f581bb3a1bd3272/elements - {"using":"xpath","value":"(//span[contains(@id, \"imgNav\")])[0]"}
RESULT: {"using":"xpath","value":"(//span[contains(@id, \"imgNav\")])[0]"}
COMMAND: POST /session/4901a3b2b8b0c5830f581bb3a1bd3272/elements - {"using":"xpath","value":"(//span[contains(@id, \"imgNav\")])[0]"}
RESULT: {"using":"xpath","value":"(//span[contains(@id, \"imgNav\")])[0]"}
COMMAND: POST /session/4901a3b2b8b0c5830f581bb3a1bd3272/elements - {"using":"xpath","value":"(//span[contains(@id, \"imgNav\")])[0]"}
RESULT: {"using":"xpath","value":"(//span[contains(@id, \"imgNav\")])[0]"}
COMMAND: POST /session/4901a3b2b8b0c5830f581bb3a1bd3272/elements - {"using":"xpath","value":"(//span[contains(@id, \"imgNav\")])[0]"}
RESULT: {"using":"xpath","value":"(//span[contains(@id, \"imgNav\")])[0]"}
COMMAND: POST /session/4901a3b2b8b0c5830f581bb3a1bd3272/elements - {"using":"xpath","value":"(//span[contains(@id, \"imgNav\")])[0]"}
RESULT: {"using":"xpath","value":"(//span[contains(@id, \"imgNav\")])[0]"}
COMMAND: POST /session/4901a3b2b8b0c5830f581bb3a1bd3272/elements - {"using":"xpath","value":"(//span[contains(@id, \"imgNav\")])[0]"}
RESULT: {"using":"xpath","value":"(//span[contains(@id, \"imgNav\")])[0]"}
COMMAND: POST /session/4901a3b2b8b0c5830f581bb3a1bd3272/elements - {"using":"xpath","value":"(//span[contains(@id, \"imgNav\")])[0]"}
RESULT: {"using":"xpath","value":"(//span[contains(@id, \"imgNav\")])[0]"}
COMMAND: POST /session/4901a3b2b8b0c5830f581bb3a1bd3272/elements - {"using":"xpath","value":"(//span[contains(@id, \"imgNav\")])[0]"}
RESULT: {"using":"xpath","value":"(//span[contains(@id, \"imgNav\")])[0]"}
COMMAND: POST /session/4901a3b2b8b0c5830f581bb3a1bd3272/elements - {"using":"xpath","value":"(//span[contains(@id, \"imgNav\")])[0]"}
RESULT: {"using":"xpath","value":"(//span[contains(@id, \"imgNav\")])[0]"}
COMMAND: POST /session/4901a3b2b8b0c5830f581bb3a1bd3272/elements - {"using":"xpath","value":"(//span[contains(@id, \"imgNav\")])[0]"}
RESULT: {"using":"xpath","value":"(//span[contains(@id, \"imgNav\")])[0]"}
COMMAND: POST /session/4901a3b2b8b0c5830f581bb3a1bd3272/elements - {"using":"xpath","value":"(//span[contains(@id, \"imgNav\")])[0]"}
RESULT: {"using":"xpath","value":"(//span[contains(@id, \"imgNav\")])[0]"}
COMMAND: POST /session/4901a3b2b8b0c5830f581bb3a1bd3272/elements - {"using":"xpath","value":"(//span[contains(@id, \"imgNav\")])[0]"}
RESULT: {"using":"xpath","value":"(//span[contains(@id, \"imgNav\")])[0]"}
COMMAND: POST /session/4901a3b2b8b0c5830f581bb3a1bd3272/elements - {"using":"xpath","value":"(//span[contains(@id, \"imgNav\")])[0]"}
RESULT: {"using":"xpath","value":"(//span[contains(@id, \"imgNav\")])[0]"}
COMMAND: POST /session/4901a3b2b8b0c5830f581bb3a1bd3272/elements - {"using":"xpath","value":"(//span[contains(@id, \"imgNav\")])[0]"}
RESULT: {"using":"xpath","value":"(//span[contains(@id, \"imgNav\")])[0]"}
COMMAND: POST /session/4901a3b2b8b0c5830f581bb3a1bd3272/elements - {"using":"xpath","value":"(//span[contains(@id, \"imgNav\")])[0]"}
RESULT: {"using":"xpath","value":"(//span[contains(@id, \"imgNav\")])[0]"}
COMMAND: POST /session/4901a3b2b8b0c5830f581bb3a1bd3272/elements - {"using":"xpath","value":"(//span[contains(@id, \"imgNav\")])[0]"}
RESULT: {"using":"xpath","value":"(//span[contains(@id, \"imgNav\")])[0]"}
COMMAND: POST /session/4901a3b2b8b0c5830f581bb3a1bd3272/elements - {"using":"xpath","value":"(//span[contains(@id, \"imgNav\")])[0]"}
RESULT: {"using":"xpath","value":"(//span[contains(@id, \"imgNav\")])[0]"}
COMMAND: POST /session/4901a3b2b8b0c5830f581bb3a1bd3272/elements - {"using":"xpath","value":"(//span[contains(@id, \"imgNav\")])[0]"}
RESULT: {"using":"xpath","value":"(//span[contains(@id, \"imgNav\")])[0]"}
COMMAND: POST /session/4901a3b2b8b0c5830f581bb3a1bd3272/elements - {"using":"xpath","value":"(//span[contains(@id, \"imgNav\")])[0]"}
RESULT: {"using":"xpath","value":"(//span[contains(@id, \"imgNav\")])[0]"}
COMMAND: POST /session/4901a3b2b8b0c5830f581bb3a1bd3272/elements - {"using":"xpath","value":"(//span[contains(@id, \"imgNav\")])[0]"}
RESULT: {"using":"xpath","value":"(//span[contains(@id, \"imgNav\")])[0]"}
COMMAND: POST /session/4901a3b2b8b0c5830f581bb3a1bd3272/elements - {"using":"xpath","value":"(//span[contains(@id, \"imgNav\")])[0]"}
RESULT: {"using":"xpath","value":"(//span[contains(@id, \"imgNav\")])[0]"}
COMMAND: POST /session/4901a3b2b8b0c5830f581bb3a1bd3272/elements - {"using":"xpath","value":"(//span[contains(@id, \"imgNav\")])[0]"}
RESULT: {"using":"xpath","value":"(//span[contains(@id, \"imgNav\")])[0]"}
COMMAND: GET /session/4901a3b2b8b0c5830f581bb3a1bd3272/screenshot - {}
RESULT: {}
]]></system-out>
      <system-err><![CDATA[
Error: Can't call click on element with selector "(//span[contains(@id, "imgNav")])[0]" because element wasn't found
    at async Context.<anonymous> (D:\a\1\s\test\specs\BTS\address-management.spec.js:1077:9)
]]></system-err>
    </testcase>
    <testcase classname="chrome.136_0_7103_93.windows.Address_Management_Tests_US156181_US151165_US151160_US156180_US156178_US151157_US151172_US151170_US151166_US151168" name="Step 9 Should remove the added attachment on the created address US151168 BUGGED FOR NOW" time="79.594">
      <failure/>
      <error message="Can't call click on element with selector &quot;(//span[contains(@id, &quot;imgNav&quot;)])[0]&quot; because element wasn't found"/>
      <system-out><![CDATA[
RESULT: undefined
COMMAND: POST /session/4901a3b2b8b0c5830f581bb3a1bd3272/element - {"using":"xpath","value":"//*[@id=\"__tile33\"]"}
COMMAND: GET /session/4901a3b2b8b0c5830f581bb3a1bd3272/screenshot - {}
RESULT: {"using":"xpath","value":"//*[@id=\"__tile33\"]"}
COMMAND: POST /session/4901a3b2b8b0c5830f581bb3a1bd3272/element/f.67C485243A32FFDA319564F2291E9928.d.818823808109A1D4705CDB8BB2F0AC4A.e.215/click - {}
RESULT: {}
COMMAND: POST /session/4901a3b2b8b0c5830f581bb3a1bd3272/elements - {"using":"xpath","value":"//span[text()='Error']"}
RESULT: {"using":"xpath","value":"//span[text()='Error']"}
COMMAND: POST /session/4901a3b2b8b0c5830f581bb3a1bd3272/element - {"using":"xpath","value":"//button[@data-kt=\"addButton\"]"}
RESULT: {"using":"xpath","value":"//button[@data-kt=\"addButton\"]"}
COMMAND: POST /session/4901a3b2b8b0c5830f581bb3a1bd3272/elements - {"using":"xpath","value":"//button[@data-kt=\"addButton\"]"}
RESULT: {"using":"xpath","value":"//button[@data-kt=\"addButton\"]"}
COMMAND: POST /session/4901a3b2b8b0c5830f581bb3a1bd3272/execute/sync - {"script":"<script> [8489 bytes]","args":[{"element-6066-11e4-a52e-4f735466cecf":"f.67C485243A32FFDA319564F2291E9928.d.818823808109A1D4705CDB8BB2F0AC4A.e.1479","ELEMENT":"f.67C485243A32FFDA319564F2291E9928.d.818823808109A1D4705CDB8BB2F0AC4A.e.1479"}]}
RESULT: {"script":"<script> [8489 bytes]","args":[{"element-6066-11e4-a52e-4f735466cecf":"f.67C485243A32FFDA319564F2291E9928.d.818823808109A1D4705CDB8BB2F0AC4A.e.1479","ELEMENT":"f.67C485243A32FFDA319564F2291E9928.d.818823808109A1D4705CDB8BB2F0AC4A.e.1479"}]}
COMMAND: GET /session/4901a3b2b8b0c5830f581bb3a1bd3272/element/f.67C485243A32FFDA319564F2291E9928.d.818823808109A1D4705CDB8BB2F0AC4A.e.1479/enabled - {}
COMMAND: GET /session/4901a3b2b8b0c5830f581bb3a1bd3272/screenshot - {}
RESULT: {}
COMMAND: POST /session/4901a3b2b8b0c5830f581bb3a1bd3272/execute/sync - {"script":"<script> [8489 bytes]","args":[{"element-6066-11e4-a52e-4f735466cecf":"f.67C485243A32FFDA319564F2291E9928.d.818823808109A1D4705CDB8BB2F0AC4A.e.1479","ELEMENT":"f.67C485243A32FFDA319564F2291E9928.d.818823808109A1D4705CDB8BB2F0AC4A.e.1479"}]}
COMMAND: GET /session/4901a3b2b8b0c5830f581bb3a1bd3272/screenshot - {}
RESULT: {}
RESULT: {"script":"<script> [8489 bytes]","args":[{"element-6066-11e4-a52e-4f735466cecf":"f.67C485243A32FFDA319564F2291E9928.d.818823808109A1D4705CDB8BB2F0AC4A.e.1479","ELEMENT":"f.67C485243A32FFDA319564F2291E9928.d.818823808109A1D4705CDB8BB2F0AC4A.e.1479"}]}
COMMAND: POST /session/4901a3b2b8b0c5830f581bb3a1bd3272/execute/sync - {"script":"<script> [5351 bytes]","args":[{"element-6066-11e4-a52e-4f735466cecf":"f.67C485243A32FFDA319564F2291E9928.d.818823808109A1D4705CDB8BB2F0AC4A.e.1479","ELEMENT":"f.67C485243A32FFDA319564F2291E9928.d.818823808109A1D4705CDB8BB2F0AC4A.e.1479"}]}
COMMAND: GET /session/4901a3b2b8b0c5830f581bb3a1bd3272/screenshot - {}
RESULT: {}
RESULT: {"script":"<script> [5351 bytes]","args":[{"element-6066-11e4-a52e-4f735466cecf":"f.67C485243A32FFDA319564F2291E9928.d.818823808109A1D4705CDB8BB2F0AC4A.e.1479","ELEMENT":"f.67C485243A32FFDA319564F2291E9928.d.818823808109A1D4705CDB8BB2F0AC4A.e.1479"}]}
COMMAND: GET /session/4901a3b2b8b0c5830f581bb3a1bd3272/screenshot - {}
RESULT: {}
RESULT: {}
RESULT: undefined
COMMAND: POST /session/4901a3b2b8b0c5830f581bb3a1bd3272/execute/async - {"script":"<script> [776 bytes]","args":[{"enterText":"Test1ETM","selector":{"id":"application-addressmanagement-display-component---masterAdm--smartFilterBar-btnBasicSearch","interaction":{"idSuffix":"I"}},"clearTextFirst":true,"interactionType":"ENTER_TEXT"}]}
RESULT: {"script":"<script> [776 bytes]","args":[{"enterText":"Test1ETM","selector":{"id":"application-addressmanagement-display-component---masterAdm--smartFilterBar-btnBasicSearch","interaction":{"idSuffix":"I"}},"clearTextFirst":true,"interactionType":"ENTER_TEXT"}]}
COMMAND: POST /session/4901a3b2b8b0c5830f581bb3a1bd3272/actions - {"actions":[{"id":"action13","type":"key","parameters":{},"actions":[{"type":"keyDown","value":""},{"type":"pause","duration":10},{"type":"keyUp","value":""}]}]}
RESULT: {"actions":[{"id":"action13","type":"key","parameters":{},"actions":[{"type":"keyDown","value":""},{"type":"pause","duration":10},{"type":"keyUp","value":""}]}]}
COMMAND: GET /session/4901a3b2b8b0c5830f581bb3a1bd3272/screenshot - {}
RESULT: {}
COMMAND: POST /session/4901a3b2b8b0c5830f581bb3a1bd3272/elements - {"using":"xpath","value":"//table[contains(@id, \"customPersonsAddressesTable-listUl\")]/tbody/tr"}
RESULT: {"using":"xpath","value":"//table[contains(@id, \"customPersonsAddressesTable-listUl\")]/tbody/tr"}
COMMAND: POST /session/4901a3b2b8b0c5830f581bb3a1bd3272/element - {"using":"xpath","value":"//table[contains(@id, \"customPersonsAddressesTable-listUl\")]/tbody/tr[1]/td[5]/span/span"}
RESULT: {"using":"xpath","value":"//table[contains(@id, \"customPersonsAddressesTable-listUl\")]/tbody/tr[1]/td[5]/span/span"}
COMMAND: POST /session/4901a3b2b8b0c5830f581bb3a1bd3272/element - {"using":"xpath","value":"//table[contains(@id, \"customPersonsAddressesTable-listUl\")]/tbody/tr[1]/td[3]/span"}
RESULT: {"using":"xpath","value":"//table[contains(@id, \"customPersonsAddressesTable-listUl\")]/tbody/tr[1]/td[3]/span"}
COMMAND: POST /session/4901a3b2b8b0c5830f581bb3a1bd3272/elements - {"using":"xpath","value":"//table[contains(@id, \"customPersonsAddressesTable-listUl\")]/tbody/tr[1]/td[5]/span/span"}
RESULT: {"using":"xpath","value":"//table[contains(@id, \"customPersonsAddressesTable-listUl\")]/tbody/tr[1]/td[5]/span/span"}
COMMAND: POST /session/4901a3b2b8b0c5830f581bb3a1bd3272/element - {"using":"xpath","value":"(//span[contains(@id, \"imgNav\")])[0]"}
RESULT: {"using":"xpath","value":"(//span[contains(@id, \"imgNav\")])[0]"}
COMMAND: POST /session/4901a3b2b8b0c5830f581bb3a1bd3272/elements - {"using":"xpath","value":"(//span[contains(@id, \"imgNav\")])[0]"}
RESULT: {"using":"xpath","value":"(//span[contains(@id, \"imgNav\")])[0]"}
COMMAND: POST /session/4901a3b2b8b0c5830f581bb3a1bd3272/elements - {"using":"xpath","value":"(//span[contains(@id, \"imgNav\")])[0]"}
RESULT: {"using":"xpath","value":"(//span[contains(@id, \"imgNav\")])[0]"}
COMMAND: POST /session/4901a3b2b8b0c5830f581bb3a1bd3272/elements - {"using":"xpath","value":"(//span[contains(@id, \"imgNav\")])[0]"}
RESULT: {"using":"xpath","value":"(//span[contains(@id, \"imgNav\")])[0]"}
COMMAND: POST /session/4901a3b2b8b0c5830f581bb3a1bd3272/elements - {"using":"xpath","value":"(//span[contains(@id, \"imgNav\")])[0]"}
RESULT: {"using":"xpath","value":"(//span[contains(@id, \"imgNav\")])[0]"}
COMMAND: POST /session/4901a3b2b8b0c5830f581bb3a1bd3272/elements - {"using":"xpath","value":"(//span[contains(@id, \"imgNav\")])[0]"}
RESULT: {"using":"xpath","value":"(//span[contains(@id, \"imgNav\")])[0]"}
COMMAND: POST /session/4901a3b2b8b0c5830f581bb3a1bd3272/elements - {"using":"xpath","value":"(//span[contains(@id, \"imgNav\")])[0]"}
RESULT: {"using":"xpath","value":"(//span[contains(@id, \"imgNav\")])[0]"}
COMMAND: POST /session/4901a3b2b8b0c5830f581bb3a1bd3272/elements - {"using":"xpath","value":"(//span[contains(@id, \"imgNav\")])[0]"}
RESULT: {"using":"xpath","value":"(//span[contains(@id, \"imgNav\")])[0]"}
COMMAND: POST /session/4901a3b2b8b0c5830f581bb3a1bd3272/elements - {"using":"xpath","value":"(//span[contains(@id, \"imgNav\")])[0]"}
RESULT: {"using":"xpath","value":"(//span[contains(@id, \"imgNav\")])[0]"}
COMMAND: POST /session/4901a3b2b8b0c5830f581bb3a1bd3272/elements - {"using":"xpath","value":"(//span[contains(@id, \"imgNav\")])[0]"}
RESULT: {"using":"xpath","value":"(//span[contains(@id, \"imgNav\")])[0]"}
COMMAND: POST /session/4901a3b2b8b0c5830f581bb3a1bd3272/elements - {"using":"xpath","value":"(//span[contains(@id, \"imgNav\")])[0]"}
RESULT: {"using":"xpath","value":"(//span[contains(@id, \"imgNav\")])[0]"}
COMMAND: POST /session/4901a3b2b8b0c5830f581bb3a1bd3272/elements - {"using":"xpath","value":"(//span[contains(@id, \"imgNav\")])[0]"}
RESULT: {"using":"xpath","value":"(//span[contains(@id, \"imgNav\")])[0]"}
COMMAND: POST /session/4901a3b2b8b0c5830f581bb3a1bd3272/elements - {"using":"xpath","value":"(//span[contains(@id, \"imgNav\")])[0]"}
RESULT: {"using":"xpath","value":"(//span[contains(@id, \"imgNav\")])[0]"}
COMMAND: POST /session/4901a3b2b8b0c5830f581bb3a1bd3272/elements - {"using":"xpath","value":"(//span[contains(@id, \"imgNav\")])[0]"}
RESULT: {"using":"xpath","value":"(//span[contains(@id, \"imgNav\")])[0]"}
COMMAND: POST /session/4901a3b2b8b0c5830f581bb3a1bd3272/elements - {"using":"xpath","value":"(//span[contains(@id, \"imgNav\")])[0]"}
RESULT: {"using":"xpath","value":"(//span[contains(@id, \"imgNav\")])[0]"}
COMMAND: POST /session/4901a3b2b8b0c5830f581bb3a1bd3272/elements - {"using":"xpath","value":"(//span[contains(@id, \"imgNav\")])[0]"}
RESULT: {"using":"xpath","value":"(//span[contains(@id, \"imgNav\")])[0]"}
COMMAND: POST /session/4901a3b2b8b0c5830f581bb3a1bd3272/elements - {"using":"xpath","value":"(//span[contains(@id, \"imgNav\")])[0]"}
RESULT: {"using":"xpath","value":"(//span[contains(@id, \"imgNav\")])[0]"}
COMMAND: POST /session/4901a3b2b8b0c5830f581bb3a1bd3272/elements - {"using":"xpath","value":"(//span[contains(@id, \"imgNav\")])[0]"}
RESULT: {"using":"xpath","value":"(//span[contains(@id, \"imgNav\")])[0]"}
COMMAND: POST /session/4901a3b2b8b0c5830f581bb3a1bd3272/elements - {"using":"xpath","value":"(//span[contains(@id, \"imgNav\")])[0]"}
RESULT: {"using":"xpath","value":"(//span[contains(@id, \"imgNav\")])[0]"}
COMMAND: POST /session/4901a3b2b8b0c5830f581bb3a1bd3272/elements - {"using":"xpath","value":"(//span[contains(@id, \"imgNav\")])[0]"}
RESULT: {"using":"xpath","value":"(//span[contains(@id, \"imgNav\")])[0]"}
COMMAND: POST /session/4901a3b2b8b0c5830f581bb3a1bd3272/elements - {"using":"xpath","value":"(//span[contains(@id, \"imgNav\")])[0]"}
RESULT: {"using":"xpath","value":"(//span[contains(@id, \"imgNav\")])[0]"}
COMMAND: POST /session/4901a3b2b8b0c5830f581bb3a1bd3272/elements - {"using":"xpath","value":"(//span[contains(@id, \"imgNav\")])[0]"}
RESULT: {"using":"xpath","value":"(//span[contains(@id, \"imgNav\")])[0]"}
COMMAND: POST /session/4901a3b2b8b0c5830f581bb3a1bd3272/elements - {"using":"xpath","value":"(//span[contains(@id, \"imgNav\")])[0]"}
RESULT: {"using":"xpath","value":"(//span[contains(@id, \"imgNav\")])[0]"}
COMMAND: POST /session/4901a3b2b8b0c5830f581bb3a1bd3272/elements - {"using":"xpath","value":"(//span[contains(@id, \"imgNav\")])[0]"}
RESULT: {"using":"xpath","value":"(//span[contains(@id, \"imgNav\")])[0]"}
COMMAND: POST /session/4901a3b2b8b0c5830f581bb3a1bd3272/elements - {"using":"xpath","value":"(//span[contains(@id, \"imgNav\")])[0]"}
RESULT: {"using":"xpath","value":"(//span[contains(@id, \"imgNav\")])[0]"}
COMMAND: POST /session/4901a3b2b8b0c5830f581bb3a1bd3272/elements - {"using":"xpath","value":"(//span[contains(@id, \"imgNav\")])[0]"}
RESULT: {"using":"xpath","value":"(//span[contains(@id, \"imgNav\")])[0]"}
COMMAND: POST /session/4901a3b2b8b0c5830f581bb3a1bd3272/elements - {"using":"xpath","value":"(//span[contains(@id, \"imgNav\")])[0]"}
RESULT: {"using":"xpath","value":"(//span[contains(@id, \"imgNav\")])[0]"}
COMMAND: POST /session/4901a3b2b8b0c5830f581bb3a1bd3272/elements - {"using":"xpath","value":"(//span[contains(@id, \"imgNav\")])[0]"}
RESULT: {"using":"xpath","value":"(//span[contains(@id, \"imgNav\")])[0]"}
COMMAND: POST /session/4901a3b2b8b0c5830f581bb3a1bd3272/elements - {"using":"xpath","value":"(//span[contains(@id, \"imgNav\")])[0]"}
RESULT: {"using":"xpath","value":"(//span[contains(@id, \"imgNav\")])[0]"}
COMMAND: POST /session/4901a3b2b8b0c5830f581bb3a1bd3272/elements - {"using":"xpath","value":"(//span[contains(@id, \"imgNav\")])[0]"}
RESULT: {"using":"xpath","value":"(//span[contains(@id, \"imgNav\")])[0]"}
COMMAND: POST /session/4901a3b2b8b0c5830f581bb3a1bd3272/elements - {"using":"xpath","value":"(//span[contains(@id, \"imgNav\")])[0]"}
RESULT: {"using":"xpath","value":"(//span[contains(@id, \"imgNav\")])[0]"}
COMMAND: POST /session/4901a3b2b8b0c5830f581bb3a1bd3272/elements - {"using":"xpath","value":"(//span[contains(@id, \"imgNav\")])[0]"}
RESULT: {"using":"xpath","value":"(//span[contains(@id, \"imgNav\")])[0]"}
COMMAND: POST /session/4901a3b2b8b0c5830f581bb3a1bd3272/elements - {"using":"xpath","value":"(//span[contains(@id, \"imgNav\")])[0]"}
RESULT: {"using":"xpath","value":"(//span[contains(@id, \"imgNav\")])[0]"}
COMMAND: POST /session/4901a3b2b8b0c5830f581bb3a1bd3272/elements - {"using":"xpath","value":"(//span[contains(@id, \"imgNav\")])[0]"}
RESULT: {"using":"xpath","value":"(//span[contains(@id, \"imgNav\")])[0]"}
COMMAND: POST /session/4901a3b2b8b0c5830f581bb3a1bd3272/elements - {"using":"xpath","value":"(//span[contains(@id, \"imgNav\")])[0]"}
RESULT: {"using":"xpath","value":"(//span[contains(@id, \"imgNav\")])[0]"}
COMMAND: POST /session/4901a3b2b8b0c5830f581bb3a1bd3272/elements - {"using":"xpath","value":"(//span[contains(@id, \"imgNav\")])[0]"}
RESULT: {"using":"xpath","value":"(//span[contains(@id, \"imgNav\")])[0]"}
COMMAND: POST /session/4901a3b2b8b0c5830f581bb3a1bd3272/elements - {"using":"xpath","value":"(//span[contains(@id, \"imgNav\")])[0]"}
RESULT: {"using":"xpath","value":"(//span[contains(@id, \"imgNav\")])[0]"}
COMMAND: POST /session/4901a3b2b8b0c5830f581bb3a1bd3272/elements - {"using":"xpath","value":"(//span[contains(@id, \"imgNav\")])[0]"}
RESULT: {"using":"xpath","value":"(//span[contains(@id, \"imgNav\")])[0]"}
COMMAND: POST /session/4901a3b2b8b0c5830f581bb3a1bd3272/elements - {"using":"xpath","value":"(//span[contains(@id, \"imgNav\")])[0]"}
RESULT: {"using":"xpath","value":"(//span[contains(@id, \"imgNav\")])[0]"}
COMMAND: POST /session/4901a3b2b8b0c5830f581bb3a1bd3272/elements - {"using":"xpath","value":"(//span[contains(@id, \"imgNav\")])[0]"}
RESULT: {"using":"xpath","value":"(//span[contains(@id, \"imgNav\")])[0]"}
COMMAND: POST /session/4901a3b2b8b0c5830f581bb3a1bd3272/elements - {"using":"xpath","value":"(//span[contains(@id, \"imgNav\")])[0]"}
RESULT: {"using":"xpath","value":"(//span[contains(@id, \"imgNav\")])[0]"}
COMMAND: POST /session/4901a3b2b8b0c5830f581bb3a1bd3272/elements - {"using":"xpath","value":"(//span[contains(@id, \"imgNav\")])[0]"}
RESULT: {"using":"xpath","value":"(//span[contains(@id, \"imgNav\")])[0]"}
COMMAND: POST /session/4901a3b2b8b0c5830f581bb3a1bd3272/elements - {"using":"xpath","value":"(//span[contains(@id, \"imgNav\")])[0]"}
RESULT: {"using":"xpath","value":"(//span[contains(@id, \"imgNav\")])[0]"}
COMMAND: POST /session/4901a3b2b8b0c5830f581bb3a1bd3272/elements - {"using":"xpath","value":"(//span[contains(@id, \"imgNav\")])[0]"}
RESULT: {"using":"xpath","value":"(//span[contains(@id, \"imgNav\")])[0]"}
COMMAND: POST /session/4901a3b2b8b0c5830f581bb3a1bd3272/elements - {"using":"xpath","value":"(//span[contains(@id, \"imgNav\")])[0]"}
RESULT: {"using":"xpath","value":"(//span[contains(@id, \"imgNav\")])[0]"}
COMMAND: POST /session/4901a3b2b8b0c5830f581bb3a1bd3272/elements - {"using":"xpath","value":"(//span[contains(@id, \"imgNav\")])[0]"}
RESULT: {"using":"xpath","value":"(//span[contains(@id, \"imgNav\")])[0]"}
COMMAND: POST /session/4901a3b2b8b0c5830f581bb3a1bd3272/elements - {"using":"xpath","value":"(//span[contains(@id, \"imgNav\")])[0]"}
RESULT: {"using":"xpath","value":"(//span[contains(@id, \"imgNav\")])[0]"}
COMMAND: POST /session/4901a3b2b8b0c5830f581bb3a1bd3272/elements - {"using":"xpath","value":"(//span[contains(@id, \"imgNav\")])[0]"}
RESULT: {"using":"xpath","value":"(//span[contains(@id, \"imgNav\")])[0]"}
COMMAND: POST /session/4901a3b2b8b0c5830f581bb3a1bd3272/elements - {"using":"xpath","value":"(//span[contains(@id, \"imgNav\")])[0]"}
RESULT: {"using":"xpath","value":"(//span[contains(@id, \"imgNav\")])[0]"}
COMMAND: POST /session/4901a3b2b8b0c5830f581bb3a1bd3272/elements - {"using":"xpath","value":"(//span[contains(@id, \"imgNav\")])[0]"}
RESULT: {"using":"xpath","value":"(//span[contains(@id, \"imgNav\")])[0]"}
COMMAND: POST /session/4901a3b2b8b0c5830f581bb3a1bd3272/elements - {"using":"xpath","value":"(//span[contains(@id, \"imgNav\")])[0]"}
RESULT: {"using":"xpath","value":"(//span[contains(@id, \"imgNav\")])[0]"}
COMMAND: POST /session/4901a3b2b8b0c5830f581bb3a1bd3272/elements - {"using":"xpath","value":"(//span[contains(@id, \"imgNav\")])[0]"}
RESULT: {"using":"xpath","value":"(//span[contains(@id, \"imgNav\")])[0]"}
COMMAND: POST /session/4901a3b2b8b0c5830f581bb3a1bd3272/elements - {"using":"xpath","value":"(//span[contains(@id, \"imgNav\")])[0]"}
RESULT: {"using":"xpath","value":"(//span[contains(@id, \"imgNav\")])[0]"}
COMMAND: POST /session/4901a3b2b8b0c5830f581bb3a1bd3272/elements - {"using":"xpath","value":"(//span[contains(@id, \"imgNav\")])[0]"}
RESULT: {"using":"xpath","value":"(//span[contains(@id, \"imgNav\")])[0]"}
COMMAND: POST /session/4901a3b2b8b0c5830f581bb3a1bd3272/elements - {"using":"xpath","value":"(//span[contains(@id, \"imgNav\")])[0]"}
RESULT: {"using":"xpath","value":"(//span[contains(@id, \"imgNav\")])[0]"}
COMMAND: POST /session/4901a3b2b8b0c5830f581bb3a1bd3272/elements - {"using":"xpath","value":"(//span[contains(@id, \"imgNav\")])[0]"}
RESULT: {"using":"xpath","value":"(//span[contains(@id, \"imgNav\")])[0]"}
COMMAND: POST /session/4901a3b2b8b0c5830f581bb3a1bd3272/elements - {"using":"xpath","value":"(//span[contains(@id, \"imgNav\")])[0]"}
RESULT: {"using":"xpath","value":"(//span[contains(@id, \"imgNav\")])[0]"}
COMMAND: POST /session/4901a3b2b8b0c5830f581bb3a1bd3272/elements - {"using":"xpath","value":"(//span[contains(@id, \"imgNav\")])[0]"}
RESULT: {"using":"xpath","value":"(//span[contains(@id, \"imgNav\")])[0]"}
COMMAND: POST /session/4901a3b2b8b0c5830f581bb3a1bd3272/elements - {"using":"xpath","value":"(//span[contains(@id, \"imgNav\")])[0]"}
RESULT: {"using":"xpath","value":"(//span[contains(@id, \"imgNav\")])[0]"}
COMMAND: POST /session/4901a3b2b8b0c5830f581bb3a1bd3272/elements - {"using":"xpath","value":"(//span[contains(@id, \"imgNav\")])[0]"}
RESULT: {"using":"xpath","value":"(//span[contains(@id, \"imgNav\")])[0]"}
COMMAND: POST /session/4901a3b2b8b0c5830f581bb3a1bd3272/elements - {"using":"xpath","value":"(//span[contains(@id, \"imgNav\")])[0]"}
RESULT: {"using":"xpath","value":"(//span[contains(@id, \"imgNav\")])[0]"}
COMMAND: POST /session/4901a3b2b8b0c5830f581bb3a1bd3272/elements - {"using":"xpath","value":"(//span[contains(@id, \"imgNav\")])[0]"}
RESULT: {"using":"xpath","value":"(//span[contains(@id, \"imgNav\")])[0]"}
COMMAND: POST /session/4901a3b2b8b0c5830f581bb3a1bd3272/elements - {"using":"xpath","value":"(//span[contains(@id, \"imgNav\")])[0]"}
RESULT: {"using":"xpath","value":"(//span[contains(@id, \"imgNav\")])[0]"}
COMMAND: POST /session/4901a3b2b8b0c5830f581bb3a1bd3272/elements - {"using":"xpath","value":"(//span[contains(@id, \"imgNav\")])[0]"}
RESULT: {"using":"xpath","value":"(//span[contains(@id, \"imgNav\")])[0]"}
COMMAND: POST /session/4901a3b2b8b0c5830f581bb3a1bd3272/elements - {"using":"xpath","value":"(//span[contains(@id, \"imgNav\")])[0]"}
RESULT: {"using":"xpath","value":"(//span[contains(@id, \"imgNav\")])[0]"}
COMMAND: POST /session/4901a3b2b8b0c5830f581bb3a1bd3272/elements - {"using":"xpath","value":"(//span[contains(@id, \"imgNav\")])[0]"}
RESULT: {"using":"xpath","value":"(//span[contains(@id, \"imgNav\")])[0]"}
COMMAND: POST /session/4901a3b2b8b0c5830f581bb3a1bd3272/elements - {"using":"xpath","value":"(//span[contains(@id, \"imgNav\")])[0]"}
RESULT: {"using":"xpath","value":"(//span[contains(@id, \"imgNav\")])[0]"}
COMMAND: POST /session/4901a3b2b8b0c5830f581bb3a1bd3272/elements - {"using":"xpath","value":"(//span[contains(@id, \"imgNav\")])[0]"}
RESULT: {"using":"xpath","value":"(//span[contains(@id, \"imgNav\")])[0]"}
COMMAND: POST /session/4901a3b2b8b0c5830f581bb3a1bd3272/elements - {"using":"xpath","value":"(//span[contains(@id, \"imgNav\")])[0]"}
RESULT: {"using":"xpath","value":"(//span[contains(@id, \"imgNav\")])[0]"}
COMMAND: POST /session/4901a3b2b8b0c5830f581bb3a1bd3272/elements - {"using":"xpath","value":"(//span[contains(@id, \"imgNav\")])[0]"}
RESULT: {"using":"xpath","value":"(//span[contains(@id, \"imgNav\")])[0]"}
COMMAND: POST /session/4901a3b2b8b0c5830f581bb3a1bd3272/elements - {"using":"xpath","value":"(//span[contains(@id, \"imgNav\")])[0]"}
RESULT: {"using":"xpath","value":"(//span[contains(@id, \"imgNav\")])[0]"}
COMMAND: POST /session/4901a3b2b8b0c5830f581bb3a1bd3272/elements - {"using":"xpath","value":"(//span[contains(@id, \"imgNav\")])[0]"}
RESULT: {"using":"xpath","value":"(//span[contains(@id, \"imgNav\")])[0]"}
COMMAND: POST /session/4901a3b2b8b0c5830f581bb3a1bd3272/elements - {"using":"xpath","value":"(//span[contains(@id, \"imgNav\")])[0]"}
RESULT: {"using":"xpath","value":"(//span[contains(@id, \"imgNav\")])[0]"}
COMMAND: POST /session/4901a3b2b8b0c5830f581bb3a1bd3272/elements - {"using":"xpath","value":"(//span[contains(@id, \"imgNav\")])[0]"}
RESULT: {"using":"xpath","value":"(//span[contains(@id, \"imgNav\")])[0]"}
COMMAND: POST /session/4901a3b2b8b0c5830f581bb3a1bd3272/elements - {"using":"xpath","value":"(//span[contains(@id, \"imgNav\")])[0]"}
RESULT: {"using":"xpath","value":"(//span[contains(@id, \"imgNav\")])[0]"}
COMMAND: POST /session/4901a3b2b8b0c5830f581bb3a1bd3272/elements - {"using":"xpath","value":"(//span[contains(@id, \"imgNav\")])[0]"}
RESULT: {"using":"xpath","value":"(//span[contains(@id, \"imgNav\")])[0]"}
COMMAND: POST /session/4901a3b2b8b0c5830f581bb3a1bd3272/elements - {"using":"xpath","value":"(//span[contains(@id, \"imgNav\")])[0]"}
RESULT: {"using":"xpath","value":"(//span[contains(@id, \"imgNav\")])[0]"}
COMMAND: POST /session/4901a3b2b8b0c5830f581bb3a1bd3272/elements - {"using":"xpath","value":"(//span[contains(@id, \"imgNav\")])[0]"}
RESULT: {"using":"xpath","value":"(//span[contains(@id, \"imgNav\")])[0]"}
COMMAND: POST /session/4901a3b2b8b0c5830f581bb3a1bd3272/elements - {"using":"xpath","value":"(//span[contains(@id, \"imgNav\")])[0]"}
RESULT: {"using":"xpath","value":"(//span[contains(@id, \"imgNav\")])[0]"}
COMMAND: POST /session/4901a3b2b8b0c5830f581bb3a1bd3272/elements - {"using":"xpath","value":"(//span[contains(@id, \"imgNav\")])[0]"}
RESULT: {"using":"xpath","value":"(//span[contains(@id, \"imgNav\")])[0]"}
COMMAND: POST /session/4901a3b2b8b0c5830f581bb3a1bd3272/elements - {"using":"xpath","value":"(//span[contains(@id, \"imgNav\")])[0]"}
RESULT: {"using":"xpath","value":"(//span[contains(@id, \"imgNav\")])[0]"}
COMMAND: POST /session/4901a3b2b8b0c5830f581bb3a1bd3272/elements - {"using":"xpath","value":"(//span[contains(@id, \"imgNav\")])[0]"}
RESULT: {"using":"xpath","value":"(//span[contains(@id, \"imgNav\")])[0]"}
COMMAND: POST /session/4901a3b2b8b0c5830f581bb3a1bd3272/elements - {"using":"xpath","value":"(//span[contains(@id, \"imgNav\")])[0]"}
RESULT: {"using":"xpath","value":"(//span[contains(@id, \"imgNav\")])[0]"}
COMMAND: POST /session/4901a3b2b8b0c5830f581bb3a1bd3272/elements - {"using":"xpath","value":"(//span[contains(@id, \"imgNav\")])[0]"}
RESULT: {"using":"xpath","value":"(//span[contains(@id, \"imgNav\")])[0]"}
COMMAND: POST /session/4901a3b2b8b0c5830f581bb3a1bd3272/elements - {"using":"xpath","value":"(//span[contains(@id, \"imgNav\")])[0]"}
RESULT: {"using":"xpath","value":"(//span[contains(@id, \"imgNav\")])[0]"}
COMMAND: POST /session/4901a3b2b8b0c5830f581bb3a1bd3272/elements - {"using":"xpath","value":"(//span[contains(@id, \"imgNav\")])[0]"}
RESULT: {"using":"xpath","value":"(//span[contains(@id, \"imgNav\")])[0]"}
COMMAND: POST /session/4901a3b2b8b0c5830f581bb3a1bd3272/elements - {"using":"xpath","value":"(//span[contains(@id, \"imgNav\")])[0]"}
RESULT: {"using":"xpath","value":"(//span[contains(@id, \"imgNav\")])[0]"}
COMMAND: POST /session/4901a3b2b8b0c5830f581bb3a1bd3272/elements - {"using":"xpath","value":"(//span[contains(@id, \"imgNav\")])[0]"}
RESULT: {"using":"xpath","value":"(//span[contains(@id, \"imgNav\")])[0]"}
COMMAND: POST /session/4901a3b2b8b0c5830f581bb3a1bd3272/elements - {"using":"xpath","value":"(//span[contains(@id, \"imgNav\")])[0]"}
RESULT: {"using":"xpath","value":"(//span[contains(@id, \"imgNav\")])[0]"}
COMMAND: POST /session/4901a3b2b8b0c5830f581bb3a1bd3272/elements - {"using":"xpath","value":"(//span[contains(@id, \"imgNav\")])[0]"}
RESULT: {"using":"xpath","value":"(//span[contains(@id, \"imgNav\")])[0]"}
COMMAND: POST /session/4901a3b2b8b0c5830f581bb3a1bd3272/elements - {"using":"xpath","value":"(//span[contains(@id, \"imgNav\")])[0]"}
RESULT: {"using":"xpath","value":"(//span[contains(@id, \"imgNav\")])[0]"}
COMMAND: POST /session/4901a3b2b8b0c5830f581bb3a1bd3272/elements - {"using":"xpath","value":"(//span[contains(@id, \"imgNav\")])[0]"}
RESULT: {"using":"xpath","value":"(//span[contains(@id, \"imgNav\")])[0]"}
COMMAND: POST /session/4901a3b2b8b0c5830f581bb3a1bd3272/elements - {"using":"xpath","value":"(//span[contains(@id, \"imgNav\")])[0]"}
RESULT: {"using":"xpath","value":"(//span[contains(@id, \"imgNav\")])[0]"}
COMMAND: POST /session/4901a3b2b8b0c5830f581bb3a1bd3272/elements - {"using":"xpath","value":"(//span[contains(@id, \"imgNav\")])[0]"}
RESULT: {"using":"xpath","value":"(//span[contains(@id, \"imgNav\")])[0]"}
COMMAND: POST /session/4901a3b2b8b0c5830f581bb3a1bd3272/elements - {"using":"xpath","value":"(//span[contains(@id, \"imgNav\")])[0]"}
RESULT: {"using":"xpath","value":"(//span[contains(@id, \"imgNav\")])[0]"}
COMMAND: POST /session/4901a3b2b8b0c5830f581bb3a1bd3272/elements - {"using":"xpath","value":"(//span[contains(@id, \"imgNav\")])[0]"}
RESULT: {"using":"xpath","value":"(//span[contains(@id, \"imgNav\")])[0]"}
COMMAND: POST /session/4901a3b2b8b0c5830f581bb3a1bd3272/elements - {"using":"xpath","value":"(//span[contains(@id, \"imgNav\")])[0]"}
RESULT: {"using":"xpath","value":"(//span[contains(@id, \"imgNav\")])[0]"}
COMMAND: POST /session/4901a3b2b8b0c5830f581bb3a1bd3272/elements - {"using":"xpath","value":"(//span[contains(@id, \"imgNav\")])[0]"}
RESULT: {"using":"xpath","value":"(//span[contains(@id, \"imgNav\")])[0]"}
COMMAND: POST /session/4901a3b2b8b0c5830f581bb3a1bd3272/elements - {"using":"xpath","value":"(//span[contains(@id, \"imgNav\")])[0]"}
RESULT: {"using":"xpath","value":"(//span[contains(@id, \"imgNav\")])[0]"}
COMMAND: POST /session/4901a3b2b8b0c5830f581bb3a1bd3272/elements - {"using":"xpath","value":"(//span[contains(@id, \"imgNav\")])[0]"}
RESULT: {"using":"xpath","value":"(//span[contains(@id, \"imgNav\")])[0]"}
COMMAND: POST /session/4901a3b2b8b0c5830f581bb3a1bd3272/elements - {"using":"xpath","value":"(//span[contains(@id, \"imgNav\")])[0]"}
RESULT: {"using":"xpath","value":"(//span[contains(@id, \"imgNav\")])[0]"}
COMMAND: POST /session/4901a3b2b8b0c5830f581bb3a1bd3272/elements - {"using":"xpath","value":"(//span[contains(@id, \"imgNav\")])[0]"}
RESULT: {"using":"xpath","value":"(//span[contains(@id, \"imgNav\")])[0]"}
COMMAND: POST /session/4901a3b2b8b0c5830f581bb3a1bd3272/elements - {"using":"xpath","value":"(//span[contains(@id, \"imgNav\")])[0]"}
RESULT: {"using":"xpath","value":"(//span[contains(@id, \"imgNav\")])[0]"}
COMMAND: POST /session/4901a3b2b8b0c5830f581bb3a1bd3272/elements - {"using":"xpath","value":"(//span[contains(@id, \"imgNav\")])[0]"}
RESULT: {"using":"xpath","value":"(//span[contains(@id, \"imgNav\")])[0]"}
COMMAND: POST /session/4901a3b2b8b0c5830f581bb3a1bd3272/elements - {"using":"xpath","value":"(//span[contains(@id, \"imgNav\")])[0]"}
RESULT: {"using":"xpath","value":"(//span[contains(@id, \"imgNav\")])[0]"}
COMMAND: POST /session/4901a3b2b8b0c5830f581bb3a1bd3272/elements - {"using":"xpath","value":"(//span[contains(@id, \"imgNav\")])[0]"}
RESULT: {"using":"xpath","value":"(//span[contains(@id, \"imgNav\")])[0]"}
COMMAND: POST /session/4901a3b2b8b0c5830f581bb3a1bd3272/elements - {"using":"xpath","value":"(//span[contains(@id, \"imgNav\")])[0]"}
RESULT: {"using":"xpath","value":"(//span[contains(@id, \"imgNav\")])[0]"}
COMMAND: POST /session/4901a3b2b8b0c5830f581bb3a1bd3272/elements - {"using":"xpath","value":"(//span[contains(@id, \"imgNav\")])[0]"}
RESULT: {"using":"xpath","value":"(//span[contains(@id, \"imgNav\")])[0]"}
COMMAND: POST /session/4901a3b2b8b0c5830f581bb3a1bd3272/elements - {"using":"xpath","value":"(//span[contains(@id, \"imgNav\")])[0]"}
RESULT: {"using":"xpath","value":"(//span[contains(@id, \"imgNav\")])[0]"}
COMMAND: POST /session/4901a3b2b8b0c5830f581bb3a1bd3272/elements - {"using":"xpath","value":"(//span[contains(@id, \"imgNav\")])[0]"}
RESULT: {"using":"xpath","value":"(//span[contains(@id, \"imgNav\")])[0]"}
COMMAND: POST /session/4901a3b2b8b0c5830f581bb3a1bd3272/elements - {"using":"xpath","value":"(//span[contains(@id, \"imgNav\")])[0]"}
RESULT: {"using":"xpath","value":"(//span[contains(@id, \"imgNav\")])[0]"}
COMMAND: POST /session/4901a3b2b8b0c5830f581bb3a1bd3272/elements - {"using":"xpath","value":"(//span[contains(@id, \"imgNav\")])[0]"}
RESULT: {"using":"xpath","value":"(//span[contains(@id, \"imgNav\")])[0]"}
COMMAND: POST /session/4901a3b2b8b0c5830f581bb3a1bd3272/elements - {"using":"xpath","value":"(//span[contains(@id, \"imgNav\")])[0]"}
RESULT: {"using":"xpath","value":"(//span[contains(@id, \"imgNav\")])[0]"}
COMMAND: POST /session/4901a3b2b8b0c5830f581bb3a1bd3272/elements - {"using":"xpath","value":"(//span[contains(@id, \"imgNav\")])[0]"}
RESULT: {"using":"xpath","value":"(//span[contains(@id, \"imgNav\")])[0]"}
COMMAND: POST /session/4901a3b2b8b0c5830f581bb3a1bd3272/elements - {"using":"xpath","value":"(//span[contains(@id, \"imgNav\")])[0]"}
RESULT: {"using":"xpath","value":"(//span[contains(@id, \"imgNav\")])[0]"}
COMMAND: POST /session/4901a3b2b8b0c5830f581bb3a1bd3272/elements - {"using":"xpath","value":"(//span[contains(@id, \"imgNav\")])[0]"}
RESULT: {"using":"xpath","value":"(//span[contains(@id, \"imgNav\")])[0]"}
COMMAND: POST /session/4901a3b2b8b0c5830f581bb3a1bd3272/elements - {"using":"xpath","value":"(//span[contains(@id, \"imgNav\")])[0]"}
RESULT: {"using":"xpath","value":"(//span[contains(@id, \"imgNav\")])[0]"}
COMMAND: POST /session/4901a3b2b8b0c5830f581bb3a1bd3272/elements - {"using":"xpath","value":"(//span[contains(@id, \"imgNav\")])[0]"}
RESULT: {"using":"xpath","value":"(//span[contains(@id, \"imgNav\")])[0]"}
COMMAND: POST /session/4901a3b2b8b0c5830f581bb3a1bd3272/elements - {"using":"xpath","value":"(//span[contains(@id, \"imgNav\")])[0]"}
RESULT: {"using":"xpath","value":"(//span[contains(@id, \"imgNav\")])[0]"}
COMMAND: POST /session/4901a3b2b8b0c5830f581bb3a1bd3272/elements - {"using":"xpath","value":"(//span[contains(@id, \"imgNav\")])[0]"}
RESULT: {"using":"xpath","value":"(//span[contains(@id, \"imgNav\")])[0]"}
COMMAND: POST /session/4901a3b2b8b0c5830f581bb3a1bd3272/elements - {"using":"xpath","value":"(//span[contains(@id, \"imgNav\")])[0]"}
RESULT: {"using":"xpath","value":"(//span[contains(@id, \"imgNav\")])[0]"}
COMMAND: GET /session/4901a3b2b8b0c5830f581bb3a1bd3272/screenshot - {}
RESULT: {}
COMMAND: GET /session/4901a3b2b8b0c5830f581bb3a1bd3272/screenshot - {}
COMMAND: GET /session/4901a3b2b8b0c5830f581bb3a1bd3272/screenshot - {}
RESULT: {}
RESULT: {}
COMMAND: DELETE /session/4901a3b2b8b0c5830f581bb3a1bd3272 - {}
RESULT: {}
]]></system-out>
      <system-err><![CDATA[
Error: Can't call click on element with selector "(//span[contains(@id, "imgNav")])[0]" because element wasn't found
    at async Context.<anonymous> (D:\a\1\s\test\specs\BTS\address-management.spec.js:1173:9)
]]></system-err>
    </testcase>
  </testsuite>
</testsuites>