<?xml version="1.0" encoding="UTF-8"?>
<testsuites tests="12" failures="4" errors="4" skipped="0">
  <testsuite timestamp="2025-06-12T16:37:09" time="521.439" tests="5" failures="2" errors="2" skipped="0">
    <properties>
      <property name="specId" value="0" />
      <property name="suiteName" value="Warehouse movements inventory test" />
      <property name="capabilities" value="chrome.137_0_7151_69.windows" />
      <property name="file" value="file:///D:/a/1/s/test/specs/HTR/smoke-warehouse-movements-inventory.js" />
    </properties>
    <testcase classname="chrome.137_0_7151_69.windows.Warehouse_movements_inventory_test" name="Should create a new WHM yard" time="131.818">
      <system-out><![CDATA[
COMMAND: POST /session/3063759ab3aa077dff26570c094434dd/execute/async - {"script":"<script> [1562 bytes]","args":[{"selector":{"controlType":"sap.m.GenericTile","properties":{"header":"Manage Yards"}},"wdio_ui5_key":"sapm.GenericTile{\"header\":\"Manage Yards\"}"}]}
RESULT: {"script":"<script> [1562 bytes]","args":[{"selector":{"controlType":"sap.m.GenericTile","properties":{"header":"Manage Yards"}},"wdio_ui5_key":"sapm.GenericTile{\"header\":\"Manage Yards\"}"}]}
RESULT: undefined
COMMAND: POST /session/3063759ab3aa077dff26570c094434dd/element - {"using":"xpath","value":"//*[@id=\"__tile42\"]"}
RESULT: {"using":"xpath","value":"//*[@id=\"__tile42\"]"}
COMMAND: POST /session/3063759ab3aa077dff26570c094434dd/element/f.92BE17D50179148B77FBA55A3B2D928C.d.5A15BBC8BD6A94295BA0ABFE95084914.e.119/click - {}
RESULT: {}
COMMAND: GET /session/3063759ab3aa077dff26570c094434dd/screenshot - {}
RESULT: {}
COMMAND: POST /session/3063759ab3aa077dff26570c094434dd/elements - {"using":"xpath","value":"//span[text()='Error']"}
RESULT: {"using":"xpath","value":"//span[text()='Error']"}
COMMAND: POST /session/3063759ab3aa077dff26570c094434dd/execute/async - {"script":"<script> [1562 bytes]","args":[{"selector":{"controlType":"sap.ui.core.Icon","viewName":"etm.portal.ui.manageyards.view.Master","viewId":"application-manageyards-display-component---masterYard","properties":{"src":{"regex":{"source":"add"}}}},"wdio_ui5_key":"etmportal.ui.manageyards.view.Mastersap.ui.core.Icon{\"src\":{\"regex\":{\"source\":\"add\"}}}"}]}
RESULT: {"script":"<script> [1562 bytes]","args":[{"selector":{"controlType":"sap.ui.core.Icon","viewName":"etm.portal.ui.manageyards.view.Master","viewId":"application-manageyards-display-component---masterYard","properties":{"src":{"regex":{"source":"add"}}}},"wdio_ui5_key":"etmportal.ui.manageyards.view.Mastersap.ui.core.Icon{\"src\":{\"regex\":{\"source\":\"add\"}}}"}]}
RESULT: undefined
COMMAND: POST /session/3063759ab3aa077dff26570c094434dd/element - {"using":"xpath","value":"//*[@id=\"__button4-img\"]"}
RESULT: {"using":"xpath","value":"//*[@id=\"__button4-img\"]"}
COMMAND: POST /session/3063759ab3aa077dff26570c094434dd/element/f.92BE17D50179148B77FBA55A3B2D928C.d.5A15BBC8BD6A94295BA0ABFE95084914.e.166/click - {}
RESULT: {}
COMMAND: GET /session/3063759ab3aa077dff26570c094434dd/screenshot - {}
RESULT: {}
COMMAND: POST /session/3063759ab3aa077dff26570c094434dd/execute/async - {"script":"<script> [1562 bytes]","args":[{"selector":{"id":"application-manageyards-display-component---NewYard--yardId","interaction":{"idSuffix":"inner"}},"wdio_ui5_key":"applicationmanageyards-display-component---NewYard--yardId"}]}
RESULT: {"script":"<script> [1562 bytes]","args":[{"selector":{"id":"application-manageyards-display-component---NewYard--yardId","interaction":{"idSuffix":"inner"}},"wdio_ui5_key":"applicationmanageyards-display-component---NewYard--yardId"}]}
RESULT: undefined
COMMAND: POST /session/3063759ab3aa077dff26570c094434dd/element - {"using":"xpath","value":"//*[@id=\"application-manageyards-display-component---NewYard--addressDetailDetailsName1-inner\"]"}
RESULT: {"using":"xpath","value":"//*[@id=\"application-manageyards-display-component---NewYard--addressDetailDetailsName1-inner\"]"}
COMMAND: POST /session/3063759ab3aa077dff26570c094434dd/element/f.92BE17D50179148B77FBA55A3B2D928C.d.5A15BBC8BD6A94295BA0ABFE95084914.e.368/clear - {}
RESULT: {}
COMMAND: POST /session/3063759ab3aa077dff26570c094434dd/element/f.92BE17D50179148B77FBA55A3B2D928C.d.5A15BBC8BD6A94295BA0ABFE95084914.e.368/value - {"text":"WebdriverWHMYardan3an"}
COMMAND: GET /session/3063759ab3aa077dff26570c094434dd/screenshot - {}
RESULT: {"text":"WebdriverWHMYardan3an"}
COMMAND: POST /session/3063759ab3aa077dff26570c094434dd/element - {"using":"xpath","value":"//*[@id=\"application-manageyards-display-component---NewYard--addressDetailDetailsLanguage-inner\"]"}
COMMAND: GET /session/3063759ab3aa077dff26570c094434dd/screenshot - {}
RESULT: {}
RESULT: {"using":"xpath","value":"//*[@id=\"application-manageyards-display-component---NewYard--addressDetailDetailsLanguage-inner\"]"}
COMMAND: POST /session/3063759ab3aa077dff26570c094434dd/element/f.92BE17D50179148B77FBA55A3B2D928C.d.5A15BBC8BD6A94295BA0ABFE95084914.e.369/clear - {}
RESULT: {}
RESULT: {}
COMMAND: POST /session/3063759ab3aa077dff26570c094434dd/element/f.92BE17D50179148B77FBA55A3B2D928C.d.5A15BBC8BD6A94295BA0ABFE95084914.e.369/value - {"text":"Romanian"}
COMMAND: GET /session/3063759ab3aa077dff26570c094434dd/screenshot - {}
RESULT: {"text":"Romanian"}
COMMAND: POST /session/3063759ab3aa077dff26570c094434dd/element - {"using":"xpath","value":"//input[contains(@id ,\"application-manageyards-display-component---NewYard--addressDetailDetailsName1-inner\")]"}
COMMAND: GET /session/3063759ab3aa077dff26570c094434dd/screenshot - {}
RESULT: {}
RESULT: {"using":"xpath","value":"//input[contains(@id ,\"application-manageyards-display-component---NewYard--addressDetailDetailsName1-inner\")]"}
COMMAND: GET /session/3063759ab3aa077dff26570c094434dd/element/f.92BE17D50179148B77FBA55A3B2D928C.d.5A15BBC8BD6A94295BA0ABFE95084914.e.368/property/value - {}
RESULT: {}
RESULT: {}
COMMAND: GET /session/3063759ab3aa077dff26570c094434dd/screenshot - {}
RESULT: {}
COMMAND: POST /session/3063759ab3aa077dff26570c094434dd/element - {"using":"xpath","value":"//*[@id=\"application-manageyards-display-component---NewYard--addressDetailDetailsCity1-inner\"]"}
RESULT: {"using":"xpath","value":"//*[@id=\"application-manageyards-display-component---NewYard--addressDetailDetailsCity1-inner\"]"}
COMMAND: POST /session/3063759ab3aa077dff26570c094434dd/element/f.92BE17D50179148B77FBA55A3B2D928C.d.5A15BBC8BD6A94295BA0ABFE95084914.e.371/clear - {}
RESULT: {}
COMMAND: POST /session/3063759ab3aa077dff26570c094434dd/element/f.92BE17D50179148B77FBA55A3B2D928C.d.5A15BBC8BD6A94295BA0ABFE95084914.e.371/value - {"text":"Bucuresti"}
COMMAND: GET /session/3063759ab3aa077dff26570c094434dd/screenshot - {}
RESULT: {"text":"Bucuresti"}
COMMAND: GET /session/3063759ab3aa077dff26570c094434dd/screenshot - {}
RESULT: {}
RESULT: {}
COMMAND: POST /session/3063759ab3aa077dff26570c094434dd/element - {"using":"xpath","value":"//*[@id=\"application-manageyards-display-component---NewYard--addressDetailDetailsCountry-inner\"]"}
RESULT: {"using":"xpath","value":"//*[@id=\"application-manageyards-display-component---NewYard--addressDetailDetailsCountry-inner\"]"}
COMMAND: POST /session/3063759ab3aa077dff26570c094434dd/element/f.92BE17D50179148B77FBA55A3B2D928C.d.5A15BBC8BD6A94295BA0ABFE95084914.e.375/clear - {}
RESULT: {}
COMMAND: POST /session/3063759ab3aa077dff26570c094434dd/element/f.92BE17D50179148B77FBA55A3B2D928C.d.5A15BBC8BD6A94295BA0ABFE95084914.e.375/value - {"text":"Romania"}
COMMAND: GET /session/3063759ab3aa077dff26570c094434dd/screenshot - {}
RESULT: {"text":"Romania"}
COMMAND: GET /session/3063759ab3aa077dff26570c094434dd/screenshot - {}
RESULT: {}
RESULT: {}
COMMAND: POST /session/3063759ab3aa077dff26570c094434dd/execute/async - {"script":"<script> [1562 bytes]","args":[{"selector":{"controlType":"sap.m.Button","viewName":"etm.portal.ui.manageyards.view.New","viewId":"application-manageyards-display-component---NewYard","properties":{"text":"Commercial"},"interaction":{"idSuffix":"BDI-content"}},"wdio_ui5_key":"etmportal.ui.manageyards.view.Newsap.m.Button{\"text\":\"Commercial\"}"}]}
RESULT: {"script":"<script> [1562 bytes]","args":[{"selector":{"controlType":"sap.m.Button","viewName":"etm.portal.ui.manageyards.view.New","viewId":"application-manageyards-display-component---NewYard","properties":{"text":"Commercial"},"interaction":{"idSuffix":"BDI-content"}},"wdio_ui5_key":"etmportal.ui.manageyards.view.Newsap.m.Button{\"text\":\"Commercial\"}"}]}
RESULT: undefined
COMMAND: POST /session/3063759ab3aa077dff26570c094434dd/element - {"using":"xpath","value":"//*[@id=\"application-manageyards-display-component---NewYard--ObjectPageLayout-anchBar-__section5-anchor\"]"}
RESULT: {"using":"xpath","value":"//*[@id=\"application-manageyards-display-component---NewYard--ObjectPageLayout-anchBar-__section5-anchor\"]"}
COMMAND: POST /session/3063759ab3aa077dff26570c094434dd/element/f.92BE17D50179148B77FBA55A3B2D928C.d.5A15BBC8BD6A94295BA0ABFE95084914.e.560/click - {}
RESULT: {}
COMMAND: GET /session/3063759ab3aa077dff26570c094434dd/screenshot - {}
RESULT: {}
COMMAND: POST /session/3063759ab3aa077dff26570c094434dd/element - {"using":"xpath","value":"//div[contains(text(), \"Commercial\")]"}
RESULT: {"using":"xpath","value":"//div[contains(text(), \"Commercial\")]"}
COMMAND: GET /session/3063759ab3aa077dff26570c094434dd/element/f.92BE17D50179148B77FBA55A3B2D928C.d.5A15BBC8BD6A94295BA0ABFE95084914.e.569/rect - {}
RESULT: {}
COMMAND: GET /session/3063759ab3aa077dff26570c094434dd/window/rect - {}
RESULT: {}
COMMAND: POST /session/3063759ab3aa077dff26570c094434dd/execute/sync - {"script":"<script> [92 bytes]","args":[]}
RESULT: {"script":"<script> [92 bytes]","args":[]}
COMMAND: POST /session/3063759ab3aa077dff26570c094434dd/actions - {"actions":[{"id":"action1","type":"wheel","parameters":{},"actions":[{"type":"scroll","x":-1841,"y":-44,"deltaX":0,"deltaY":0,"duration":0,"origin":{"element-6066-11e4-a52e-4f735466cecf":"f.92BE17D50179148B77FBA55A3B2D928C.d.5A15BBC8BD6A94295BA0ABFE95084914.e.569"}}]}]}
COMMAND: GET /session/3063759ab3aa077dff26570c094434dd/screenshot - {}
RESULT: {}
COMMAND: POST /session/3063759ab3aa077dff26570c094434dd/execute/sync - {"script":"<script> [79 bytes]","args":[{"element-6066-11e4-a52e-4f735466cecf":"f.92BE17D50179148B77FBA55A3B2D928C.d.5A15BBC8BD6A94295BA0ABFE95084914.e.569","ELEMENT":"f.92BE17D50179148B77FBA55A3B2D928C.d.5A15BBC8BD6A94295BA0ABFE95084914.e.569"},{"block":"start","inline":"nearest"}]}
RESULT: {"script":"<script> [79 bytes]","args":[{"element-6066-11e4-a52e-4f735466cecf":"f.92BE17D50179148B77FBA55A3B2D928C.d.5A15BBC8BD6A94295BA0ABFE95084914.e.569","ELEMENT":"f.92BE17D50179148B77FBA55A3B2D928C.d.5A15BBC8BD6A94295BA0ABFE95084914.e.569"},{"block":"start","inline":"nearest"}]}
COMMAND: GET /session/3063759ab3aa077dff26570c094434dd/screenshot - {}
RESULT: {}
COMMAND: POST /session/3063759ab3aa077dff26570c094434dd/execute/async - {"script":"<script> [1562 bytes]","args":[{"selector":{"id":"application-manageyards-display-component---NewYard--addressEditDetailsCostObjectCstType-arrow"},"wdio_ui5_key":"applicationmanageyards-display-component---NewYard--addressEditDetailsCostObjectCstType-arrow"}]}
RESULT: {"script":"<script> [1562 bytes]","args":[{"selector":{"id":"application-manageyards-display-component---NewYard--addressEditDetailsCostObjectCstType-arrow"},"wdio_ui5_key":"applicationmanageyards-display-component---NewYard--addressEditDetailsCostObjectCstType-arrow"}]}
RESULT: undefined
COMMAND: POST /session/3063759ab3aa077dff26570c094434dd/element - {"using":"xpath","value":"//*[@id=\"application-manageyards-display-component---NewYard--addressEditDetailsCostObjectCstType-arrow\"]"}
RESULT: {"using":"xpath","value":"//*[@id=\"application-manageyards-display-component---NewYard--addressEditDetailsCostObjectCstType-arrow\"]"}
COMMAND: POST /session/3063759ab3aa077dff26570c094434dd/element/f.92BE17D50179148B77FBA55A3B2D928C.d.5A15BBC8BD6A94295BA0ABFE95084914.e.570/click - {}
RESULT: {}
COMMAND: POST /session/3063759ab3aa077dff26570c094434dd/element - {"using":"xpath","value":"//span[contains(text(), \"Cost Center\")]"}
COMMAND: GET /session/3063759ab3aa077dff26570c094434dd/screenshot - {}
RESULT: {"using":"xpath","value":"//span[contains(text(), \"Cost Center\")]"}
COMMAND: POST /session/3063759ab3aa077dff26570c094434dd/element/f.92BE17D50179148B77FBA55A3B2D928C.d.5A15BBC8BD6A94295BA0ABFE95084914.e.571/click - {}
RESULT: {}
RESULT: {}
COMMAND: GET /session/3063759ab3aa077dff26570c094434dd/screenshot - {}
RESULT: {}
COMMAND: POST /session/3063759ab3aa077dff26570c094434dd/execute/async - {"script":"<script> [1562 bytes]","args":[{"selector":{"id":"application-manageyards-display-component---NewYard--addressNewCostObjectCstID-vhi"},"wdio_ui5_key":"applicationmanageyards-display-component---NewYard--addressNewCostObjectCstID-vhi"}]}
RESULT: {"script":"<script> [1562 bytes]","args":[{"selector":{"id":"application-manageyards-display-component---NewYard--addressNewCostObjectCstID-vhi"},"wdio_ui5_key":"applicationmanageyards-display-component---NewYard--addressNewCostObjectCstID-vhi"}]}
RESULT: undefined
COMMAND: POST /session/3063759ab3aa077dff26570c094434dd/element - {"using":"xpath","value":"//*[@id=\"application-manageyards-display-component---NewYard--addressNewCostObjectCstID-vhi\"]"}
RESULT: {"using":"xpath","value":"//*[@id=\"application-manageyards-display-component---NewYard--addressNewCostObjectCstID-vhi\"]"}
COMMAND: POST /session/3063759ab3aa077dff26570c094434dd/element/f.92BE17D50179148B77FBA55A3B2D928C.d.5A15BBC8BD6A94295BA0ABFE95084914.e.575/click - {}
RESULT: {}
COMMAND: GET /session/3063759ab3aa077dff26570c094434dd/screenshot - {}
RESULT: {}
COMMAND: POST /session/3063759ab3aa077dff26570c094434dd/execute/async - {"script":"<script> [1562 bytes]","args":[{"selector":{"controlType":"sap.m.SearchField","properties":{"placeholder":"Search"},"searchOpenDialogs":true,"interaction":{"idSuffix":"I"}},"wdio_ui5_key":"sapm.SearchField{\"placeholder\":\"Search\"}"}]}
RESULT: {"script":"<script> [1562 bytes]","args":[{"selector":{"controlType":"sap.m.SearchField","properties":{"placeholder":"Search"},"searchOpenDialogs":true,"interaction":{"idSuffix":"I"}},"wdio_ui5_key":"sapm.SearchField{\"placeholder\":\"Search\"}"}]}
RESULT: undefined
COMMAND: POST /session/3063759ab3aa077dff26570c094434dd/execute/async - {"script":"<script> [776 bytes]","args":[{"enterText":"10001013","selector":{"controlType":"sap.m.SearchField","properties":{"placeholder":"Search"},"searchOpenDialogs":true,"interaction":{"idSuffix":"I"}},"clearTextFirst":true,"interactionType":"ENTER_TEXT"}]}
RESULT: {"script":"<script> [776 bytes]","args":[{"enterText":"10001013","selector":{"controlType":"sap.m.SearchField","properties":{"placeholder":"Search"},"searchOpenDialogs":true,"interaction":{"idSuffix":"I"}},"clearTextFirst":true,"interactionType":"ENTER_TEXT"}]}
COMMAND: POST /session/3063759ab3aa077dff26570c094434dd/actions - {"actions":[{"id":"action2","type":"key","parameters":{},"actions":[{"type":"keyDown","value":"î€‡"},{"type":"pause","duration":10},{"type":"keyUp","value":"î€‡"}]}]}
RESULT: {"actions":[{"id":"action2","type":"key","parameters":{},"actions":[{"type":"keyDown","value":"î€‡"},{"type":"pause","duration":10},{"type":"keyUp","value":"î€‡"}]}]}
COMMAND: GET /session/3063759ab3aa077dff26570c094434dd/screenshot - {}
RESULT: {}
COMMAND: POST /session/3063759ab3aa077dff26570c094434dd/element - {"using":"xpath","value":"//span[contains(text(), \"General Management\")]"}
RESULT: {"using":"xpath","value":"//span[contains(text(), \"General Management\")]"}
COMMAND: POST /session/3063759ab3aa077dff26570c094434dd/element/f.92BE17D50179148B77FBA55A3B2D928C.d.5A15BBC8BD6A94295BA0ABFE95084914.e.616/click - {}
RESULT: {}
COMMAND: GET /session/3063759ab3aa077dff26570c094434dd/screenshot - {}
RESULT: {}
COMMAND: POST /session/3063759ab3aa077dff26570c094434dd/element - {"using":"xpath","value":"//bdi[contains(text(), \"OK\")]"}
RESULT: {"using":"xpath","value":"//bdi[contains(text(), \"OK\")]"}
COMMAND: POST /session/3063759ab3aa077dff26570c094434dd/element/f.92BE17D50179148B77FBA55A3B2D928C.d.5A15BBC8BD6A94295BA0ABFE95084914.e.617/click - {}
RESULT: {}
COMMAND: GET /session/3063759ab3aa077dff26570c094434dd/screenshot - {}
RESULT: {}
COMMAND: POST /session/3063759ab3aa077dff26570c094434dd/execute/async - {"script":"<script> [1562 bytes]","args":[{"selector":{"id":"application-manageyards-display-component---NewYard--addressEditDetailsCurrency","interaction":{"idSuffix":"inner"}},"wdio_ui5_key":"applicationmanageyards-display-component---NewYard--addressEditDetailsCurrency"}]}
RESULT: {"script":"<script> [1562 bytes]","args":[{"selector":{"id":"application-manageyards-display-component---NewYard--addressEditDetailsCurrency","interaction":{"idSuffix":"inner"}},"wdio_ui5_key":"applicationmanageyards-display-component---NewYard--addressEditDetailsCurrency"}]}
RESULT: undefined
COMMAND: POST /session/3063759ab3aa077dff26570c094434dd/execute/async - {"script":"<script> [776 bytes]","args":[{"enterText":"Euro","selector":{"id":"application-manageyards-display-component---NewYard--addressEditDetailsCurrency","interaction":{"idSuffix":"inner"}},"clearTextFirst":true,"interactionType":"ENTER_TEXT"}]}
RESULT: {"script":"<script> [776 bytes]","args":[{"enterText":"Euro","selector":{"id":"application-manageyards-display-component---NewYard--addressEditDetailsCurrency","interaction":{"idSuffix":"inner"}},"clearTextFirst":true,"interactionType":"ENTER_TEXT"}]}
COMMAND: POST /session/3063759ab3aa077dff26570c094434dd/execute/async - {"script":"<script> [1562 bytes]","args":[{"selector":{"controlType":"sap.m.Input","viewName":"etm.portal.ui.manageyards.view.New","viewId":"application-manageyards-display-component---NewYard","bindingPath":{"path":"","propertyPath":"/CONTROLLING_AREA","modelName":"NewYardModel"},"interaction":{"idSuffix":"inner"}},"wdio_ui5_key":"etmportal.ui.manageyards.view.Newsap.m.Input{\"path\":\"\",\"propertyPath\":\"/CONTROLLING_AREA\",\"modelName\":\"NewYardModel\"}"}]}
RESULT: {"script":"<script> [1562 bytes]","args":[{"selector":{"controlType":"sap.m.Input","viewName":"etm.portal.ui.manageyards.view.New","viewId":"application-manageyards-display-component---NewYard","bindingPath":{"path":"","propertyPath":"/CONTROLLING_AREA","modelName":"NewYardModel"},"interaction":{"idSuffix":"inner"}},"wdio_ui5_key":"etmportal.ui.manageyards.view.Newsap.m.Input{\"path\":\"\",\"propertyPath\":\"/CONTROLLING_AREA\",\"modelName\":\"NewYardModel\"}"}]}
RESULT: undefined
COMMAND: POST /session/3063759ab3aa077dff26570c094434dd/execute/async - {"script":"<script> [776 bytes]","args":[{"enterText":"Z001","selector":{"controlType":"sap.m.Input","viewName":"etm.portal.ui.manageyards.view.New","viewId":"application-manageyards-display-component---NewYard","bindingPath":{"path":"","propertyPath":"/CONTROLLING_AREA","modelName":"NewYardModel"},"interaction":{"idSuffix":"inner"}},"clearTextFirst":true,"interactionType":"ENTER_TEXT"}]}
RESULT: {"script":"<script> [776 bytes]","args":[{"enterText":"Z001","selector":{"controlType":"sap.m.Input","viewName":"etm.portal.ui.manageyards.view.New","viewId":"application-manageyards-display-component---NewYard","bindingPath":{"path":"","propertyPath":"/CONTROLLING_AREA","modelName":"NewYardModel"},"interaction":{"idSuffix":"inner"}},"clearTextFirst":true,"interactionType":"ENTER_TEXT"}]}
COMMAND: POST /session/3063759ab3aa077dff26570c094434dd/execute/async - {"script":"<script> [1562 bytes]","args":[{"selector":{"id":"application-manageyards-display-component---NewYard--companyCodeComboBox","interaction":{"idSuffix":"inner"}},"wdio_ui5_key":"applicationmanageyards-display-component---NewYard--companyCodeComboBox"}]}
RESULT: {"script":"<script> [1562 bytes]","args":[{"selector":{"id":"application-manageyards-display-component---NewYard--companyCodeComboBox","interaction":{"idSuffix":"inner"}},"wdio_ui5_key":"applicationmanageyards-display-component---NewYard--companyCodeComboBox"}]}
RESULT: undefined
COMMAND: POST /session/3063759ab3aa077dff26570c094434dd/execute/async - {"script":"<script> [776 bytes]","args":[{"enterText":"1000","selector":{"id":"application-manageyards-display-component---NewYard--companyCodeComboBox","interaction":{"idSuffix":"inner"}},"clearTextFirst":true,"interactionType":"ENTER_TEXT"}]}
RESULT: {"script":"<script> [776 bytes]","args":[{"enterText":"1000","selector":{"id":"application-manageyards-display-component---NewYard--companyCodeComboBox","interaction":{"idSuffix":"inner"}},"clearTextFirst":true,"interactionType":"ENTER_TEXT"}]}
COMMAND: POST /session/3063759ab3aa077dff26570c094434dd/actions - {"actions":[{"id":"action3","type":"key","parameters":{},"actions":[{"type":"keyDown","value":"î€‡"},{"type":"pause","duration":10},{"type":"keyUp","value":"î€‡"}]}]}
RESULT: {"actions":[{"id":"action3","type":"key","parameters":{},"actions":[{"type":"keyDown","value":"î€‡"},{"type":"pause","duration":10},{"type":"keyUp","value":"î€‡"}]}]}
COMMAND: POST /session/3063759ab3aa077dff26570c094434dd/execute/async - {"script":"<script> [1562 bytes]","args":[{"selector":{"controlType":"sap.m.Input","viewName":"etm.portal.ui.manageyards.view.New","viewId":"application-manageyards-display-component---NewYard","bindingPath":{"path":"","propertyPath":"/PLANT","modelName":"NewYardModel"},"interaction":{"idSuffix":"inner"}},"wdio_ui5_key":"etmportal.ui.manageyards.view.Newsap.m.Input{\"path\":\"\",\"propertyPath\":\"/PLANT\",\"modelName\":\"NewYardModel\"}"}]}
COMMAND: GET /session/3063759ab3aa077dff26570c094434dd/screenshot - {}
RESULT: {"script":"<script> [1562 bytes]","args":[{"selector":{"controlType":"sap.m.Input","viewName":"etm.portal.ui.manageyards.view.New","viewId":"application-manageyards-display-component---NewYard","bindingPath":{"path":"","propertyPath":"/PLANT","modelName":"NewYardModel"},"interaction":{"idSuffix":"inner"}},"wdio_ui5_key":"etmportal.ui.manageyards.view.Newsap.m.Input{\"path\":\"\",\"propertyPath\":\"/PLANT\",\"modelName\":\"NewYardModel\"}"}]}
RESULT: undefined
COMMAND: POST /session/3063759ab3aa077dff26570c094434dd/execute/async - {"script":"<script> [776 bytes]","args":[{"enterText":"1001","selector":{"controlType":"sap.m.Input","viewName":"etm.portal.ui.manageyards.view.New","viewId":"application-manageyards-display-component---NewYard","bindingPath":{"path":"","propertyPath":"/PLANT","modelName":"NewYardModel"},"interaction":{"idSuffix":"inner"}},"clearTextFirst":true,"interactionType":"ENTER_TEXT"}]}
RESULT: {}
RESULT: {"script":"<script> [776 bytes]","args":[{"enterText":"1001","selector":{"controlType":"sap.m.Input","viewName":"etm.portal.ui.manageyards.view.New","viewId":"application-manageyards-display-component---NewYard","bindingPath":{"path":"","propertyPath":"/PLANT","modelName":"NewYardModel"},"interaction":{"idSuffix":"inner"}},"clearTextFirst":true,"interactionType":"ENTER_TEXT"}]}
COMMAND: POST /session/3063759ab3aa077dff26570c094434dd/execute/async - {"script":"<script> [1562 bytes]","args":[{"selector":{"controlType":"sap.m.Input","viewName":"etm.portal.ui.manageyards.view.New","viewId":"application-manageyards-display-component---NewYard","bindingPath":{"path":"","propertyPath":"/SALES_AREA_VKORG","modelName":"NewYardModel"},"interaction":{"idSuffix":"inner"}},"wdio_ui5_key":"etmportal.ui.manageyards.view.Newsap.m.Input{\"path\":\"\",\"propertyPath\":\"/SALES_AREA_VKORG\",\"modelName\":\"NewYardModel\"}"}]}
RESULT: {"script":"<script> [1562 bytes]","args":[{"selector":{"controlType":"sap.m.Input","viewName":"etm.portal.ui.manageyards.view.New","viewId":"application-manageyards-display-component---NewYard","bindingPath":{"path":"","propertyPath":"/SALES_AREA_VKORG","modelName":"NewYardModel"},"interaction":{"idSuffix":"inner"}},"wdio_ui5_key":"etmportal.ui.manageyards.view.Newsap.m.Input{\"path\":\"\",\"propertyPath\":\"/SALES_AREA_VKORG\",\"modelName\":\"NewYardModel\"}"}]}
RESULT: undefined
COMMAND: POST /session/3063759ab3aa077dff26570c094434dd/execute/async - {"script":"<script> [776 bytes]","args":[{"enterText":"C002","selector":{"controlType":"sap.m.Input","viewName":"etm.portal.ui.manageyards.view.New","viewId":"application-manageyards-display-component---NewYard","bindingPath":{"path":"","propertyPath":"/SALES_AREA_VKORG","modelName":"NewYardModel"},"interaction":{"idSuffix":"inner"}},"clearTextFirst":true,"interactionType":"ENTER_TEXT"}]}
RESULT: {"script":"<script> [776 bytes]","args":[{"enterText":"C002","selector":{"controlType":"sap.m.Input","viewName":"etm.portal.ui.manageyards.view.New","viewId":"application-manageyards-display-component---NewYard","bindingPath":{"path":"","propertyPath":"/SALES_AREA_VKORG","modelName":"NewYardModel"},"interaction":{"idSuffix":"inner"}},"clearTextFirst":true,"interactionType":"ENTER_TEXT"}]}
COMMAND: POST /session/3063759ab3aa077dff26570c094434dd/execute/async - {"script":"<script> [1562 bytes]","args":[{"selector":{"controlType":"sap.m.Input","viewName":"etm.portal.ui.manageyards.view.New","viewId":"application-manageyards-display-component---NewYard","bindingPath":{"path":"","propertyPath":"/SALES_AREA_VTWEG","modelName":"NewYardModel"},"interaction":{"idSuffix":"inner"}},"wdio_ui5_key":"etmportal.ui.manageyards.view.Newsap.m.Input{\"path\":\"\",\"propertyPath\":\"/SALES_AREA_VTWEG\",\"modelName\":\"NewYardModel\"}"}]}
RESULT: {"script":"<script> [1562 bytes]","args":[{"selector":{"controlType":"sap.m.Input","viewName":"etm.portal.ui.manageyards.view.New","viewId":"application-manageyards-display-component---NewYard","bindingPath":{"path":"","propertyPath":"/SALES_AREA_VTWEG","modelName":"NewYardModel"},"interaction":{"idSuffix":"inner"}},"wdio_ui5_key":"etmportal.ui.manageyards.view.Newsap.m.Input{\"path\":\"\",\"propertyPath\":\"/SALES_AREA_VTWEG\",\"modelName\":\"NewYardModel\"}"}]}
RESULT: undefined
COMMAND: POST /session/3063759ab3aa077dff26570c094434dd/execute/async - {"script":"<script> [776 bytes]","args":[{"enterText":"C2","selector":{"controlType":"sap.m.Input","viewName":"etm.portal.ui.manageyards.view.New","viewId":"application-manageyards-display-component---NewYard","bindingPath":{"path":"","propertyPath":"/SALES_AREA_VTWEG","modelName":"NewYardModel"},"interaction":{"idSuffix":"inner"}},"clearTextFirst":true,"interactionType":"ENTER_TEXT"}]}
RESULT: {"script":"<script> [776 bytes]","args":[{"enterText":"C2","selector":{"controlType":"sap.m.Input","viewName":"etm.portal.ui.manageyards.view.New","viewId":"application-manageyards-display-component---NewYard","bindingPath":{"path":"","propertyPath":"/SALES_AREA_VTWEG","modelName":"NewYardModel"},"interaction":{"idSuffix":"inner"}},"clearTextFirst":true,"interactionType":"ENTER_TEXT"}]}
COMMAND: POST /session/3063759ab3aa077dff26570c094434dd/execute/async - {"script":"<script> [1562 bytes]","args":[{"selector":{"controlType":"sap.m.Input","viewName":"etm.portal.ui.manageyards.view.New","viewId":"application-manageyards-display-component---NewYard","bindingPath":{"path":"","propertyPath":"/SALES_AREA_SPART","modelName":"NewYardModel"},"interaction":{"idSuffix":"inner"}},"wdio_ui5_key":"etmportal.ui.manageyards.view.Newsap.m.Input{\"path\":\"\",\"propertyPath\":\"/SALES_AREA_SPART\",\"modelName\":\"NewYardModel\"}"}]}
RESULT: {"script":"<script> [1562 bytes]","args":[{"selector":{"controlType":"sap.m.Input","viewName":"etm.portal.ui.manageyards.view.New","viewId":"application-manageyards-display-component---NewYard","bindingPath":{"path":"","propertyPath":"/SALES_AREA_SPART","modelName":"NewYardModel"},"interaction":{"idSuffix":"inner"}},"wdio_ui5_key":"etmportal.ui.manageyards.view.Newsap.m.Input{\"path\":\"\",\"propertyPath\":\"/SALES_AREA_SPART\",\"modelName\":\"NewYardModel\"}"}]}
RESULT: undefined
COMMAND: POST /session/3063759ab3aa077dff26570c094434dd/execute/async - {"script":"<script> [776 bytes]","args":[{"enterText":"C2","selector":{"controlType":"sap.m.Input","viewName":"etm.portal.ui.manageyards.view.New","viewId":"application-manageyards-display-component---NewYard","bindingPath":{"path":"","propertyPath":"/SALES_AREA_SPART","modelName":"NewYardModel"},"interaction":{"idSuffix":"inner"}},"clearTextFirst":true,"interactionType":"ENTER_TEXT"}]}
RESULT: {"script":"<script> [776 bytes]","args":[{"enterText":"C2","selector":{"controlType":"sap.m.Input","viewName":"etm.portal.ui.manageyards.view.New","viewId":"application-manageyards-display-component---NewYard","bindingPath":{"path":"","propertyPath":"/SALES_AREA_SPART","modelName":"NewYardModel"},"interaction":{"idSuffix":"inner"}},"clearTextFirst":true,"interactionType":"ENTER_TEXT"}]}
COMMAND: POST /session/3063759ab3aa077dff26570c094434dd/execute/async - {"script":"<script> [1562 bytes]","args":[{"selector":{"id":"application-manageyards-display-component---NewYard--whmCheckBox","interaction":{"idSuffix":"CbBg"}},"wdio_ui5_key":"applicationmanageyards-display-component---NewYard--whmCheckBox"}]}
RESULT: {"script":"<script> [1562 bytes]","args":[{"selector":{"id":"application-manageyards-display-component---NewYard--whmCheckBox","interaction":{"idSuffix":"CbBg"}},"wdio_ui5_key":"applicationmanageyards-display-component---NewYard--whmCheckBox"}]}
RESULT: undefined
COMMAND: POST /session/3063759ab3aa077dff26570c094434dd/element - {"using":"xpath","value":"//*[@id=\"application-manageyards-display-component---NewYard--whmCheckBox\"]"}
RESULT: {"using":"xpath","value":"//*[@id=\"application-manageyards-display-component---NewYard--whmCheckBox\"]"}
COMMAND: POST /session/3063759ab3aa077dff26570c094434dd/element/f.92BE17D50179148B77FBA55A3B2D928C.d.5A15BBC8BD6A94295BA0ABFE95084914.e.628/click - {}
RESULT: {}
COMMAND: POST /session/3063759ab3aa077dff26570c094434dd/execute/async - {"script":"<script> [1562 bytes]","args":[{"selector":{"controlType":"sap.m.Button","viewName":"etm.portal.ui.manageyards.view.New","viewId":"application-manageyards-display-component---NewYard","i18NText":{"propertyName":"text","key":"save"},"interaction":{"idSuffix":"inner"}},"wdio_ui5_key":"etmportal.ui.manageyards.view.Newsap.m.Button{\"propertyName\":\"text\",\"key\":\"save\"}"}]}
COMMAND: GET /session/3063759ab3aa077dff26570c094434dd/screenshot - {}
RESULT: {"script":"<script> [1562 bytes]","args":[{"selector":{"controlType":"sap.m.Button","viewName":"etm.portal.ui.manageyards.view.New","viewId":"application-manageyards-display-component---NewYard","i18NText":{"propertyName":"text","key":"save"},"interaction":{"idSuffix":"inner"}},"wdio_ui5_key":"etmportal.ui.manageyards.view.Newsap.m.Button{\"propertyName\":\"text\",\"key\":\"save\"}"}]}
RESULT: undefined
COMMAND: POST /session/3063759ab3aa077dff26570c094434dd/element - {"using":"xpath","value":"//*[@id=\"__button18\"]"}
RESULT: {}
RESULT: {"using":"xpath","value":"//*[@id=\"__button18\"]"}
COMMAND: POST /session/3063759ab3aa077dff26570c094434dd/element/f.92BE17D50179148B77FBA55A3B2D928C.d.5A15BBC8BD6A94295BA0ABFE95084914.e.537/click - {}
RESULT: {}
COMMAND: GET /session/3063759ab3aa077dff26570c094434dd/screenshot - {}
RESULT: {}
COMMAND: POST /session/3063759ab3aa077dff26570c094434dd/element - {"using":"css selector","value":"#shell-header-logo"}
RESULT: {"using":"css selector","value":"#shell-header-logo"}
COMMAND: POST /session/3063759ab3aa077dff26570c094434dd/element/f.92BE17D50179148B77FBA55A3B2D928C.d.5A15BBC8BD6A94295BA0ABFE95084914.e.122/click - {}
RESULT: {}
COMMAND: GET /session/3063759ab3aa077dff26570c094434dd/screenshot - {}
RESULT: {}
COMMAND: POST /session/3063759ab3aa077dff26570c094434dd/refresh - {}
RESULT: {}
COMMAND: GET /session/3063759ab3aa077dff26570c094434dd/screenshot - {}
RESULT: {}
COMMAND: POST /session/3063759ab3aa077dff26570c094434dd/execute/async - {"script":"<script> [189 bytes]","args":[]}
RESULT: {"script":"<script> [189 bytes]","args":[]}
COMMAND: POST /session/3063759ab3aa077dff26570c094434dd/execute/async - {"script":"<script> [123 bytes]","args":[]}
RESULT: {"script":"<script> [123 bytes]","args":[]}
COMMAND: POST /session/3063759ab3aa077dff26570c094434dd/timeouts - {"script":"<number>"}
RESULT: {"script":"<number>"}
COMMAND: GET /session/3063759ab3aa077dff26570c094434dd/timeouts - {}
RESULT: {}
RESULT: undefined
COMMAND: POST /session/3063759ab3aa077dff26570c094434dd/execute/async - {"script":"<script> [2676 bytes]","args":[]}
RESULT: {"script":"<script> [2676 bytes]","args":[]}
COMMAND: POST /session/3063759ab3aa077dff26570c094434dd/execute/async - {"script":"<script> [2342 bytes]","args":[{"protocol":"http","hostname":"0.0.0.0","path":"/","capabilities":{"browserName":"chrome","goog:chromeOptions":{"binary":"C:\\Program Files\\Google\\Chrome\\Application\\chrome.exe","args":["--start-maximized"]}},"logLevel":"warn","connectionRetryTimeout":120000,"connectionRetryCount":3,"logLevels":{},"enableDirectConnect":true,"strictSSL":true,"_":"65 more keys: [\"cacheDir\",\"port\",\"requestedCapabilities\",\"automationProtocol\",\"baseUrl\",\"waitforInterval\",\"waitforTimeout\",\"onReload\",\"beforeCommand\",\"afterCommand\",\"rootDir\",\"specs\",\"suites\",\"exclude\",\"groupLogsByTestSpec\",\"excludeDriverLogs\",\"bail\",\"framework\",\"reporters\",\"services\",\"maxInstances\",\"maxInstancesPerCapability\",\"injectGlobals\",\"filesToWatch\",\"execArgv\",\"runnerEnv\",\"runner\",\"shard\",\"specFileRetries\",\"specFileRetriesDelay\",\"specFileRetriesDeferred\",\"reporterSyncInterval\",\"reporterSyncTimeout\",\"cucumberFeaturesWithLineNumbers\",\"autoCompileOpts\",\"mochaOpts\",\"jasmineOpts\",\"cucumberOpts\",\"onPrepare\",\"onWorkerStart\",\"onWorkerEnd\",\"before\",\"beforeSession\",\"beforeSuite\",\"beforeHook\",\"beforeTest\",\"afterTest\",\"afterHook\",\"afterSuite\",\"afterSession\",\"after\",\"onComplete\",\"beforeAssertion\",\"afterAssertion\",\"beforeFeature\",\"beforeScenario\",\"beforeStep\",\"afterStep\",\"afterScenario\",\"afterFeature\",\"_\",\"suite\",\"$0\",\"ignoredWorkerServices\",\"wdi5\"]"}]}
RESULT: {"script":"<script> [2342 bytes]","args":[{"protocol":"http","hostname":"0.0.0.0","path":"/","capabilities":{"browserName":"chrome","goog:chromeOptions":{"binary":"C:\\Program Files\\Google\\Chrome\\Application\\chrome.exe","args":["--start-maximized"]}},"logLevel":"warn","connectionRetryTimeout":120000,"connectionRetryCount":3,"logLevels":{},"enableDirectConnect":true,"strictSSL":true,"_":"65 more keys: [\"cacheDir\",\"port\",\"requestedCapabilities\",\"automationProtocol\",\"baseUrl\",\"waitforInterval\",\"waitforTimeout\",\"onReload\",\"beforeCommand\",\"afterCommand\",\"rootDir\",\"specs\",\"suites\",\"exclude\",\"groupLogsByTestSpec\",\"excludeDriverLogs\",\"bail\",\"framework\",\"reporters\",\"services\",\"maxInstances\",\"maxInstancesPerCapability\",\"injectGlobals\",\"filesToWatch\",\"execArgv\",\"runnerEnv\",\"runner\",\"shard\",\"specFileRetries\",\"specFileRetriesDelay\",\"specFileRetriesDeferred\",\"reporterSyncInterval\",\"reporterSyncTimeout\",\"cucumberFeaturesWithLineNumbers\",\"autoCompileOpts\",\"mochaOpts\",\"jasmineOpts\",\"cucumberOpts\",\"onPrepare\",\"onWorkerStart\",\"onWorkerEnd\",\"before\",\"beforeSession\",\"beforeSuite\",\"beforeHook\",\"beforeTest\",\"afterTest\",\"afterHook\",\"afterSuite\",\"afterSession\",\"after\",\"onComplete\",\"beforeAssertion\",\"afterAssertion\",\"beforeFeature\",\"beforeScenario\",\"beforeStep\",\"afterStep\",\"afterScenario\",\"afterFeature\",\"_\",\"suite\",\"$0\",\"ignoredWorkerServices\",\"wdi5\"]"}]}
COMMAND: POST /session/3063759ab3aa077dff26570c094434dd/execute/async - {"script":"<script> [21126 bytes]","args":[35000]}
RESULT: {"script":"<script> [21126 bytes]","args":[35000]}
]]></system-out>
    </testcase>
    <testcase classname="chrome.137_0_7151_69.windows.Warehouse_movements_inventory_test" name="Should create a new warehouse organization" time="60.132">
      <system-out><![CDATA[
COMMAND: POST /session/3063759ab3aa077dff26570c094434dd/execute/async - {"script":"<script> [1562 bytes]","args":[{"selector":{"controlType":"sap.m.GenericTile","properties":{"header":"Bin Status Report"}},"wdio_ui5_key":"sapm.GenericTile{\"header\":\"Bin Status Report\"}"}]}
RESULT: {"script":"<script> [1562 bytes]","args":[{"selector":{"controlType":"sap.m.GenericTile","properties":{"header":"Bin Status Report"}},"wdio_ui5_key":"sapm.GenericTile{\"header\":\"Bin Status Report\"}"}]}
RESULT: undefined
COMMAND: POST /session/3063759ab3aa077dff26570c094434dd/element - {"using":"xpath","value":"//*[@id=\"__tile106\"]"}
RESULT: {"using":"xpath","value":"//*[@id=\"__tile106\"]"}
COMMAND: POST /session/3063759ab3aa077dff26570c094434dd/element/f.92BE17D50179148B77FBA55A3B2D928C.d.35C64B4E9F60ED37BFB6E6BCAB0B8DDC.e.831/click - {}
RESULT: {}
COMMAND: GET /session/3063759ab3aa077dff26570c094434dd/screenshot - {}
RESULT: {}
COMMAND: POST /session/3063759ab3aa077dff26570c094434dd/elements - {"using":"xpath","value":"//span[text()='Error']"}
RESULT: {"using":"xpath","value":"//span[text()='Error']"}
COMMAND: POST /session/3063759ab3aa077dff26570c094434dd/execute/async - {"script":"<script> [1562 bytes]","args":[{"selector":{"id":"application-binstatusreport-display-component---warehousing--createOrgBtn","interaction":{"idSuffix":"BDI-content"}},"wdio_ui5_key":"applicationbinstatusreport-display-component---warehousing--createOrgBtn"}]}
RESULT: {"script":"<script> [1562 bytes]","args":[{"selector":{"id":"application-binstatusreport-display-component---warehousing--createOrgBtn","interaction":{"idSuffix":"BDI-content"}},"wdio_ui5_key":"applicationbinstatusreport-display-component---warehousing--createOrgBtn"}]}
RESULT: undefined
COMMAND: POST /session/3063759ab3aa077dff26570c094434dd/element - {"using":"xpath","value":"//*[@id=\"application-binstatusreport-display-component---warehousing--createOrgBtn\"]"}
RESULT: {"using":"xpath","value":"//*[@id=\"application-binstatusreport-display-component---warehousing--createOrgBtn\"]"}
COMMAND: POST /session/3063759ab3aa077dff26570c094434dd/element/f.92BE17D50179148B77FBA55A3B2D928C.d.35C64B4E9F60ED37BFB6E6BCAB0B8DDC.e.876/click - {}
RESULT: {}
COMMAND: GET /session/3063759ab3aa077dff26570c094434dd/screenshot - {}
RESULT: {}
COMMAND: POST /session/3063759ab3aa077dff26570c094434dd/execute/async - {"script":"<script> [1562 bytes]","args":[{"selector":{"id":"createOrganizationPop--sectionInput","searchOpenDialogs":true,"interaction":{"idSuffix":"inner"}},"wdio_ui5_key":"createOrganizationPopsectionInput"}]}
RESULT: {"script":"<script> [1562 bytes]","args":[{"selector":{"id":"createOrganizationPop--sectionInput","searchOpenDialogs":true,"interaction":{"idSuffix":"inner"}},"wdio_ui5_key":"createOrganizationPopsectionInput"}]}
RESULT: undefined
COMMAND: POST /session/3063759ab3aa077dff26570c094434dd/execute/async - {"script":"<script> [776 bytes]","args":[{"enterText":"Secs42lzg","selector":{"id":"createOrganizationPop--sectionInput","searchOpenDialogs":true,"interaction":{"idSuffix":"inner"}},"clearTextFirst":true,"interactionType":"ENTER_TEXT"}]}
RESULT: {"script":"<script> [776 bytes]","args":[{"enterText":"Secs42lzg","selector":{"id":"createOrganizationPop--sectionInput","searchOpenDialogs":true,"interaction":{"idSuffix":"inner"}},"clearTextFirst":true,"interactionType":"ENTER_TEXT"}]}
COMMAND: POST /session/3063759ab3aa077dff26570c094434dd/execute/async - {"script":"<script> [1562 bytes]","args":[{"selector":{"id":"createOrganizationPop--descriptionInput","searchOpenDialogs":true,"interaction":{"idSuffix":"inner"}},"wdio_ui5_key":"createOrganizationPopdescriptionInput"}]}
RESULT: {"script":"<script> [1562 bytes]","args":[{"selector":{"id":"createOrganizationPop--descriptionInput","searchOpenDialogs":true,"interaction":{"idSuffix":"inner"}},"wdio_ui5_key":"createOrganizationPopdescriptionInput"}]}
RESULT: undefined
COMMAND: POST /session/3063759ab3aa077dff26570c094434dd/execute/async - {"script":"<script> [776 bytes]","args":[{"enterText":"OrgNameh71gs","selector":{"id":"createOrganizationPop--descriptionInput","searchOpenDialogs":true,"interaction":{"idSuffix":"inner"}},"clearTextFirst":true,"interactionType":"ENTER_TEXT"}]}
RESULT: {"script":"<script> [776 bytes]","args":[{"enterText":"OrgNameh71gs","selector":{"id":"createOrganizationPop--descriptionInput","searchOpenDialogs":true,"interaction":{"idSuffix":"inner"}},"clearTextFirst":true,"interactionType":"ENTER_TEXT"}]}
COMMAND: POST /session/3063759ab3aa077dff26570c094434dd/element - {"using":"xpath","value":"//input[contains(@id ,\"createOrganizationPop--yardOrg-inner\")]"}
RESULT: {"using":"xpath","value":"//input[contains(@id ,\"createOrganizationPop--yardOrg-inner\")]"}
COMMAND: POST /session/3063759ab3aa077dff26570c094434dd/element/f.92BE17D50179148B77FBA55A3B2D928C.d.35C64B4E9F60ED37BFB6E6BCAB0B8DDC.e.913/clear - {}
RESULT: {}
COMMAND: POST /session/3063759ab3aa077dff26570c094434dd/element/f.92BE17D50179148B77FBA55A3B2D928C.d.35C64B4E9F60ED37BFB6E6BCAB0B8DDC.e.913/value - {"text":"WebdriverWHMYardan3an"}
COMMAND: GET /session/3063759ab3aa077dff26570c094434dd/screenshot - {}
RESULT: {"text":"WebdriverWHMYardan3an"}
COMMAND: GET /session/3063759ab3aa077dff26570c094434dd/screenshot - {}
RESULT: {}
RESULT: {}
COMMAND: POST /session/3063759ab3aa077dff26570c094434dd/actions - {"actions":[{"id":"action4","type":"key","parameters":{},"actions":[{"type":"keyDown","value":"î€‡"},{"type":"pause","duration":10},{"type":"keyUp","value":"î€‡"}]}]}
RESULT: {"actions":[{"id":"action4","type":"key","parameters":{},"actions":[{"type":"keyDown","value":"î€‡"},{"type":"pause","duration":10},{"type":"keyUp","value":"î€‡"}]}]}
COMMAND: GET /session/3063759ab3aa077dff26570c094434dd/screenshot - {}
RESULT: {}
COMMAND: POST /session/3063759ab3aa077dff26570c094434dd/execute/async - {"script":"<script> [1562 bytes]","args":[{"selector":{"id":"createOrganizationPop--grZone","searchOpenDialogs":true,"interaction":{"idSuffix":"CbBg"}},"wdio_ui5_key":"createOrganizationPopgrZone"}]}
RESULT: {"script":"<script> [1562 bytes]","args":[{"selector":{"id":"createOrganizationPop--grZone","searchOpenDialogs":true,"interaction":{"idSuffix":"CbBg"}},"wdio_ui5_key":"createOrganizationPopgrZone"}]}
RESULT: undefined
COMMAND: POST /session/3063759ab3aa077dff26570c094434dd/element - {"using":"xpath","value":"//*[@id=\"createOrganizationPop--grZone\"]"}
RESULT: {"using":"xpath","value":"//*[@id=\"createOrganizationPop--grZone\"]"}
COMMAND: POST /session/3063759ab3aa077dff26570c094434dd/element/f.92BE17D50179148B77FBA55A3B2D928C.d.35C64B4E9F60ED37BFB6E6BCAB0B8DDC.e.936/click - {}
RESULT: {}
COMMAND: POST /session/3063759ab3aa077dff26570c094434dd/execute/async - {"script":"<script> [1562 bytes]","args":[{"selector":{"id":"createOrganizationPop--giZone","searchOpenDialogs":true,"interaction":{"idSuffix":"CbBg"}},"wdio_ui5_key":"createOrganizationPopgiZone"}]}
COMMAND: GET /session/3063759ab3aa077dff26570c094434dd/screenshot - {}
RESULT: {"script":"<script> [1562 bytes]","args":[{"selector":{"id":"createOrganizationPop--giZone","searchOpenDialogs":true,"interaction":{"idSuffix":"CbBg"}},"wdio_ui5_key":"createOrganizationPopgiZone"}]}
RESULT: undefined
COMMAND: POST /session/3063759ab3aa077dff26570c094434dd/element - {"using":"xpath","value":"//*[@id=\"createOrganizationPop--giZone\"]"}
RESULT: {}
RESULT: {"using":"xpath","value":"//*[@id=\"createOrganizationPop--giZone\"]"}
COMMAND: POST /session/3063759ab3aa077dff26570c094434dd/element/f.92BE17D50179148B77FBA55A3B2D928C.d.35C64B4E9F60ED37BFB6E6BCAB0B8DDC.e.938/click - {}
RESULT: {}
COMMAND: POST /session/3063759ab3aa077dff26570c094434dd/execute/async - {"script":"<script> [1562 bytes]","args":[{"selector":{"id":"createOrganizationPop--binNoInput","searchOpenDialogs":true,"interaction":{"idSuffix":"inner"}},"wdio_ui5_key":"createOrganizationPopbinNoInput"}]}
COMMAND: GET /session/3063759ab3aa077dff26570c094434dd/screenshot - {}
RESULT: {"script":"<script> [1562 bytes]","args":[{"selector":{"id":"createOrganizationPop--binNoInput","searchOpenDialogs":true,"interaction":{"idSuffix":"inner"}},"wdio_ui5_key":"createOrganizationPopbinNoInput"}]}
RESULT: undefined
COMMAND: POST /session/3063759ab3aa077dff26570c094434dd/execute/async - {"script":"<script> [776 bytes]","args":[{"enterText":"Bint3h1z","selector":{"id":"createOrganizationPop--binNoInput","searchOpenDialogs":true,"interaction":{"idSuffix":"inner"}},"clearTextFirst":true,"interactionType":"ENTER_TEXT"}]}
RESULT: {}
RESULT: {"script":"<script> [776 bytes]","args":[{"enterText":"Bint3h1z","selector":{"id":"createOrganizationPop--binNoInput","searchOpenDialogs":true,"interaction":{"idSuffix":"inner"}},"clearTextFirst":true,"interactionType":"ENTER_TEXT"}]}
COMMAND: POST /session/3063759ab3aa077dff26570c094434dd/execute/async - {"script":"<script> [1562 bytes]","args":[{"selector":{"id":"createOrganizationPop--descriptionId","searchOpenDialogs":true,"interaction":{"idSuffix":"inner"}},"wdio_ui5_key":"createOrganizationPopdescriptionId"}]}
RESULT: {"script":"<script> [1562 bytes]","args":[{"selector":{"id":"createOrganizationPop--descriptionId","searchOpenDialogs":true,"interaction":{"idSuffix":"inner"}},"wdio_ui5_key":"createOrganizationPopdescriptionId"}]}
RESULT: undefined
COMMAND: POST /session/3063759ab3aa077dff26570c094434dd/execute/async - {"script":"<script> [776 bytes]","args":[{"enterText":"Binj7jcpl","selector":{"id":"createOrganizationPop--descriptionId","searchOpenDialogs":true,"interaction":{"idSuffix":"inner"}},"clearTextFirst":true,"interactionType":"ENTER_TEXT"}]}
RESULT: {"script":"<script> [776 bytes]","args":[{"enterText":"Binj7jcpl","selector":{"id":"createOrganizationPop--descriptionId","searchOpenDialogs":true,"interaction":{"idSuffix":"inner"}},"clearTextFirst":true,"interactionType":"ENTER_TEXT"}]}
COMMAND: POST /session/3063759ab3aa077dff26570c094434dd/execute/async - {"script":"<script> [1562 bytes]","args":[{"selector":{"controlType":"sap.m.CheckBox","viewName":"etm.portal.ui.binstatusreport.view.MasterWareBins","viewId":"application-binstatusreport-display-component---warehousing","bindingPath":{"path":"","propertyPath":"/ZONE","modelName":"newBin"},"searchOpenDialogs":true,"interaction":{"idSuffix":"CbBg"}},"wdio_ui5_key":"etmportal.ui.binstatusreport.view.MasterWareBinssap.m.CheckBox{\"path\":\"\",\"propertyPath\":\"/ZONE\",\"modelName\":\"newBin\"}"}]}
RESULT: {"script":"<script> [1562 bytes]","args":[{"selector":{"controlType":"sap.m.CheckBox","viewName":"etm.portal.ui.binstatusreport.view.MasterWareBins","viewId":"application-binstatusreport-display-component---warehousing","bindingPath":{"path":"","propertyPath":"/ZONE","modelName":"newBin"},"searchOpenDialogs":true,"interaction":{"idSuffix":"CbBg"}},"wdio_ui5_key":"etmportal.ui.binstatusreport.view.MasterWareBinssap.m.CheckBox{\"path\":\"\",\"propertyPath\":\"/ZONE\",\"modelName\":\"newBin\"}"}]}
RESULT: undefined
COMMAND: POST /session/3063759ab3aa077dff26570c094434dd/element - {"using":"xpath","value":"//*[@id=\"__box12\"]"}
RESULT: {"using":"xpath","value":"//*[@id=\"__box12\"]"}
COMMAND: POST /session/3063759ab3aa077dff26570c094434dd/element/f.92BE17D50179148B77FBA55A3B2D928C.d.35C64B4E9F60ED37BFB6E6BCAB0B8DDC.e.960/click - {}
RESULT: {}
COMMAND: POST /session/3063759ab3aa077dff26570c094434dd/execute/async - {"script":"<script> [1562 bytes]","args":[{"selector":{"id":"createOrganizationPop--binTypesCB-arrow","searchOpenDialogs":true},"wdio_ui5_key":"createOrganizationPopbinTypesCB-arrow"}]}
COMMAND: GET /session/3063759ab3aa077dff26570c094434dd/screenshot - {}
RESULT: {"script":"<script> [1562 bytes]","args":[{"selector":{"id":"createOrganizationPop--binTypesCB-arrow","searchOpenDialogs":true},"wdio_ui5_key":"createOrganizationPopbinTypesCB-arrow"}]}
RESULT: undefined
COMMAND: POST /session/3063759ab3aa077dff26570c094434dd/element - {"using":"xpath","value":"//*[@id=\"createOrganizationPop--binTypesCB-arrow\"]"}
RESULT: {}
RESULT: {"using":"xpath","value":"//*[@id=\"createOrganizationPop--binTypesCB-arrow\"]"}
COMMAND: POST /session/3063759ab3aa077dff26570c094434dd/element/f.92BE17D50179148B77FBA55A3B2D928C.d.35C64B4E9F60ED37BFB6E6BCAB0B8DDC.e.969/click - {}
RESULT: {}
COMMAND: POST /session/3063759ab3aa077dff26570c094434dd/execute/async - {"script":"<script> [1562 bytes]","args":[{"selector":{"controlType":"sap.m.StandardListItem","viewName":"etm.portal.ui.binstatusreport.view.MasterWareBins","viewId":"application-binstatusreport-display-component---warehousing","properties":{"title":"1 - General / No capacity check"},"searchOpenDialogs":true,"interaction":{"idSuffix":"content"}},"wdio_ui5_key":"etmportal.ui.binstatusreport.view.MasterWareBinssap.m.StandardListItem{\"title\":\"1 - General / No capacity check\"}"}]}
COMMAND: GET /session/3063759ab3aa077dff26570c094434dd/screenshot - {}
RESULT: {"script":"<script> [1562 bytes]","args":[{"selector":{"controlType":"sap.m.StandardListItem","viewName":"etm.portal.ui.binstatusreport.view.MasterWareBins","viewId":"application-binstatusreport-display-component---warehousing","properties":{"title":"1 - General / No capacity check"},"searchOpenDialogs":true,"interaction":{"idSuffix":"content"}},"wdio_ui5_key":"etmportal.ui.binstatusreport.view.MasterWareBinssap.m.StandardListItem{\"title\":\"1 - General / No capacity check\"}"}]}
RESULT: undefined
COMMAND: POST /session/3063759ab3aa077dff26570c094434dd/element - {"using":"xpath","value":"//*[@id=\"__item71\"]"}
RESULT: {}
RESULT: {"using":"xpath","value":"//*[@id=\"__item71\"]"}
COMMAND: POST /session/3063759ab3aa077dff26570c094434dd/element/f.92BE17D50179148B77FBA55A3B2D928C.d.35C64B4E9F60ED37BFB6E6BCAB0B8DDC.e.971/click - {}
RESULT: {}
COMMAND: POST /session/3063759ab3aa077dff26570c094434dd/execute/async - {"script":"<script> [1562 bytes]","args":[{"selector":{"id":"createOrganizationPop--finishBtn","searchOpenDialogs":true,"interaction":{"idSuffix":"BDI-content"}},"wdio_ui5_key":"createOrganizationPopfinishBtn"}]}
COMMAND: GET /session/3063759ab3aa077dff26570c094434dd/screenshot - {}
RESULT: {"script":"<script> [1562 bytes]","args":[{"selector":{"id":"createOrganizationPop--finishBtn","searchOpenDialogs":true,"interaction":{"idSuffix":"BDI-content"}},"wdio_ui5_key":"createOrganizationPopfinishBtn"}]}
RESULT: undefined
COMMAND: POST /session/3063759ab3aa077dff26570c094434dd/element - {"using":"xpath","value":"//*[@id=\"createOrganizationPop--finishBtn\"]"}
RESULT: {}
RESULT: {"using":"xpath","value":"//*[@id=\"createOrganizationPop--finishBtn\"]"}
COMMAND: POST /session/3063759ab3aa077dff26570c094434dd/element/f.92BE17D50179148B77FBA55A3B2D928C.d.35C64B4E9F60ED37BFB6E6BCAB0B8DDC.e.973/click - {}
RESULT: {}
COMMAND: GET /session/3063759ab3aa077dff26570c094434dd/screenshot - {}
RESULT: {}
COMMAND: POST /session/3063759ab3aa077dff26570c094434dd/element - {"using":"css selector","value":"#shell-header-logo"}
RESULT: {"using":"css selector","value":"#shell-header-logo"}
COMMAND: POST /session/3063759ab3aa077dff26570c094434dd/element/f.92BE17D50179148B77FBA55A3B2D928C.d.35C64B4E9F60ED37BFB6E6BCAB0B8DDC.e.836/click - {}
RESULT: {}
COMMAND: GET /session/3063759ab3aa077dff26570c094434dd/screenshot - {}
RESULT: {}
]]></system-out>
    </testcase>
    <testcase classname="chrome.137_0_7151_69.windows.Warehouse_movements_inventory_test" name="Should Create new material for WHM yard" time="138.15">
      <system-out><![CDATA[
COMMAND: POST /session/3063759ab3aa077dff26570c094434dd/execute/async - {"script":"<script> [1562 bytes]","args":[{"selector":{"controlType":"sap.m.GenericTile","properties":{"header":"Manage Resources"}},"wdio_ui5_key":"sapm.GenericTile{\"header\":\"Manage Resources\"}"}]}
RESULT: {"script":"<script> [1562 bytes]","args":[{"selector":{"controlType":"sap.m.GenericTile","properties":{"header":"Manage Resources"}},"wdio_ui5_key":"sapm.GenericTile{\"header\":\"Manage Resources\"}"}]}
RESULT: undefined
COMMAND: POST /session/3063759ab3aa077dff26570c094434dd/element - {"using":"xpath","value":"//*[@id=\"__tile40\"]"}
RESULT: {"using":"xpath","value":"//*[@id=\"__tile40\"]"}
COMMAND: POST /session/3063759ab3aa077dff26570c094434dd/element/f.92BE17D50179148B77FBA55A3B2D928C.d.35C64B4E9F60ED37BFB6E6BCAB0B8DDC.e.982/click - {}
RESULT: {}
COMMAND: GET /session/3063759ab3aa077dff26570c094434dd/screenshot - {}
RESULT: {}
COMMAND: POST /session/3063759ab3aa077dff26570c094434dd/elements - {"using":"xpath","value":"//span[text()='Error']"}
RESULT: {"using":"xpath","value":"//span[text()='Error']"}
COMMAND: POST /session/3063759ab3aa077dff26570c094434dd/element - {"using":"xpath","value":"//button[@data-kt=\"addNewRUOverflowToolbarButton\"]"}
RESULT: {"using":"xpath","value":"//button[@data-kt=\"addNewRUOverflowToolbarButton\"]"}
COMMAND: POST /session/3063759ab3aa077dff26570c094434dd/execute/sync - {"script":"<script> [8489 bytes]","args":[{"element-6066-11e4-a52e-4f735466cecf":"f.92BE17D50179148B77FBA55A3B2D928C.d.35C64B4E9F60ED37BFB6E6BCAB0B8DDC.e.1024","ELEMENT":"f.92BE17D50179148B77FBA55A3B2D928C.d.35C64B4E9F60ED37BFB6E6BCAB0B8DDC.e.1024"}]}
RESULT: {"script":"<script> [8489 bytes]","args":[{"element-6066-11e4-a52e-4f735466cecf":"f.92BE17D50179148B77FBA55A3B2D928C.d.35C64B4E9F60ED37BFB6E6BCAB0B8DDC.e.1024","ELEMENT":"f.92BE17D50179148B77FBA55A3B2D928C.d.35C64B4E9F60ED37BFB6E6BCAB0B8DDC.e.1024"}]}
COMMAND: POST /session/3063759ab3aa077dff26570c094434dd/element/f.92BE17D50179148B77FBA55A3B2D928C.d.35C64B4E9F60ED37BFB6E6BCAB0B8DDC.e.1024/click - {}
COMMAND: GET /session/3063759ab3aa077dff26570c094434dd/screenshot - {}
RESULT: {}
COMMAND: POST /session/3063759ab3aa077dff26570c094434dd/execute/async - {"script":"<script> [1562 bytes]","args":[{"selector":{"id":"application-manageresources-display-component---newResourceUnit--TYPE-arrow"},"wdio_ui5_key":"applicationmanageresources-display-component---newResourceUnit--TYPE-arrow"}]}
COMMAND: GET /session/3063759ab3aa077dff26570c094434dd/screenshot - {}
RESULT: {}
RESULT: {"script":"<script> [1562 bytes]","args":[{"selector":{"id":"application-manageresources-display-component---newResourceUnit--TYPE-arrow"},"wdio_ui5_key":"applicationmanageresources-display-component---newResourceUnit--TYPE-arrow"}]}
RESULT: undefined
COMMAND: POST /session/3063759ab3aa077dff26570c094434dd/element - {"using":"xpath","value":"//*[@id=\"application-manageresources-display-component---newResourceUnit--TYPE-arrow\"]"}
RESULT: {}
RESULT: {"using":"xpath","value":"//*[@id=\"application-manageresources-display-component---newResourceUnit--TYPE-arrow\"]"}
COMMAND: POST /session/3063759ab3aa077dff26570c094434dd/element/f.92BE17D50179148B77FBA55A3B2D928C.d.35C64B4E9F60ED37BFB6E6BCAB0B8DDC.e.1344/click - {}
RESULT: {}
COMMAND: POST /session/3063759ab3aa077dff26570c094434dd/execute/async - {"script":"<script> [1562 bytes]","args":[{"selector":{"controlType":"sap.m.StandardListItem","viewName":"reusables.view.manageresources.NewResourceUnit","viewId":"application-manageresources-display-component---newResourceUnit","properties":{"title":"Material"},"searchOpenDialogs":true,"interaction":{"idSuffix":"titleText"}},"wdio_ui5_key":"reusablesview.manageresources.NewResourceUnitsap.m.StandardListItem{\"title\":\"Material\"}"}]}
COMMAND: GET /session/3063759ab3aa077dff26570c094434dd/screenshot - {}
RESULT: {"script":"<script> [1562 bytes]","args":[{"selector":{"controlType":"sap.m.StandardListItem","viewName":"reusables.view.manageresources.NewResourceUnit","viewId":"application-manageresources-display-component---newResourceUnit","properties":{"title":"Material"},"searchOpenDialogs":true,"interaction":{"idSuffix":"titleText"}},"wdio_ui5_key":"reusablesview.manageresources.NewResourceUnitsap.m.StandardListItem{\"title\":\"Material\"}"}]}
RESULT: undefined
COMMAND: POST /session/3063759ab3aa077dff26570c094434dd/element - {"using":"xpath","value":"//*[@id=\"__item205\"]"}
RESULT: {}
RESULT: {"using":"xpath","value":"//*[@id=\"__item205\"]"}
COMMAND: POST /session/3063759ab3aa077dff26570c094434dd/element/f.92BE17D50179148B77FBA55A3B2D928C.d.35C64B4E9F60ED37BFB6E6BCAB0B8DDC.e.1347/click - {}
RESULT: {}
COMMAND: POST /session/3063759ab3aa077dff26570c094434dd/execute/async - {"script":"<script> [1562 bytes]","args":[{"selector":{"id":"application-manageresources-display-component---newResourceUnit--SHORT_TEXT","interaction":{"idSuffix":"inner"}},"wdio_ui5_key":"applicationmanageresources-display-component---newResourceUnit--SHORT_TEXT"}]}
COMMAND: GET /session/3063759ab3aa077dff26570c094434dd/screenshot - {}
RESULT: undefined
RESULT: undefined
RESULT: {"script":"<script> [1562 bytes]","args":[{"selector":{"id":"application-manageresources-display-component---newResourceUnit--SHORT_TEXT","interaction":{"idSuffix":"inner"}},"wdio_ui5_key":"applicationmanageresources-display-component---newResourceUnit--SHORT_TEXT"}]}
RESULT: undefined
COMMAND: POST /session/3063759ab3aa077dff26570c094434dd/execute/async - {"script":"<script> [776 bytes]","args":[{"enterText":"WebdriverMatTestl3crhk","selector":{"id":"application-manageresources-display-component---newResourceUnit--SHORT_TEXT","interaction":{"idSuffix":"inner"}},"clearTextFirst":true,"interactionType":"ENTER_TEXT"}]}
RESULT: {}
RESULT: {"script":"<script> [776 bytes]","args":[{"enterText":"WebdriverMatTestl3crhk","selector":{"id":"application-manageresources-display-component---newResourceUnit--SHORT_TEXT","interaction":{"idSuffix":"inner"}},"clearTextFirst":true,"interactionType":"ENTER_TEXT"}]}
COMMAND: POST /session/3063759ab3aa077dff26570c094434dd/execute/async - {"script":"<script> [1562 bytes]","args":[{"selector":{"id":"application-manageresources-display-component---newResourceUnit--BASE_UNIT_OF_MEASURE-arrow"},"wdio_ui5_key":"applicationmanageresources-display-component---newResourceUnit--BASE_UNIT_OF_MEASURE-arrow"}]}
RESULT: {"script":"<script> [1562 bytes]","args":[{"selector":{"id":"application-manageresources-display-component---newResourceUnit--BASE_UNIT_OF_MEASURE-arrow"},"wdio_ui5_key":"applicationmanageresources-display-component---newResourceUnit--BASE_UNIT_OF_MEASURE-arrow"}]}
RESULT: undefined
COMMAND: POST /session/3063759ab3aa077dff26570c094434dd/element - {"using":"xpath","value":"//*[@id=\"application-manageresources-display-component---newResourceUnit--BASE_UNIT_OF_MEASURE-arrow\"]"}
RESULT: {"using":"xpath","value":"//*[@id=\"application-manageresources-display-component---newResourceUnit--BASE_UNIT_OF_MEASURE-arrow\"]"}
COMMAND: POST /session/3063759ab3aa077dff26570c094434dd/element/f.92BE17D50179148B77FBA55A3B2D928C.d.35C64B4E9F60ED37BFB6E6BCAB0B8DDC.e.1469/click - {}
RESULT: {}
COMMAND: POST /session/3063759ab3aa077dff26570c094434dd/execute/async - {"script":"<script> [1562 bytes]","args":[{"selector":{"controlType":"sap.m.StandardListItem","viewName":"reusables.view.manageresources.NewResourceUnit","viewId":"application-manageresources-display-component---newResourceUnit","properties":{"title":"Piece"},"searchOpenDialogs":true,"interaction":{"idSuffix":"titleText"}},"wdio_ui5_key":"reusablesview.manageresources.NewResourceUnitsap.m.StandardListItem{\"title\":\"Piece\"}"}]}
COMMAND: GET /session/3063759ab3aa077dff26570c094434dd/screenshot - {}
RESULT: {"script":"<script> [1562 bytes]","args":[{"selector":{"controlType":"sap.m.StandardListItem","viewName":"reusables.view.manageresources.NewResourceUnit","viewId":"application-manageresources-display-component---newResourceUnit","properties":{"title":"Piece"},"searchOpenDialogs":true,"interaction":{"idSuffix":"titleText"}},"wdio_ui5_key":"reusablesview.manageresources.NewResourceUnitsap.m.StandardListItem{\"title\":\"Piece\"}"}]}
RESULT: undefined
COMMAND: POST /session/3063759ab3aa077dff26570c094434dd/element - {"using":"xpath","value":"//*[@id=\"__item258\"]"}
RESULT: {}
RESULT: {"using":"xpath","value":"//*[@id=\"__item258\"]"}
COMMAND: POST /session/3063759ab3aa077dff26570c094434dd/element/f.92BE17D50179148B77FBA55A3B2D928C.d.35C64B4E9F60ED37BFB6E6BCAB0B8DDC.e.1471/click - {}
RESULT: {}
COMMAND: POST /session/3063759ab3aa077dff26570c094434dd/element - {"using":"xpath","value":"//input[contains(@id ,\"application-manageresources-display-component---newResourceUnit--SHORT_TEXT-inner\")]"}
COMMAND: GET /session/3063759ab3aa077dff26570c094434dd/screenshot - {}
RESULT: {"using":"xpath","value":"//input[contains(@id ,\"application-manageresources-display-component---newResourceUnit--SHORT_TEXT-inner\")]"}
COMMAND: GET /session/3063759ab3aa077dff26570c094434dd/element/f.92BE17D50179148B77FBA55A3B2D928C.d.35C64B4E9F60ED37BFB6E6BCAB0B8DDC.e.1364/property/value - {}
RESULT: {}
RESULT: {}
COMMAND: POST /session/3063759ab3aa077dff26570c094434dd/execute/async - {"script":"<script> [1562 bytes]","args":[{"selector":{"id":"application-manageresources-display-component---newResourceUnit--WEIGHT_UNIT-arrow"},"wdio_ui5_key":"applicationmanageresources-display-component---newResourceUnit--WEIGHT_UNIT-arrow"}]}
COMMAND: GET /session/3063759ab3aa077dff26570c094434dd/screenshot - {}
RESULT: {"script":"<script> [1562 bytes]","args":[{"selector":{"id":"application-manageresources-display-component---newResourceUnit--WEIGHT_UNIT-arrow"},"wdio_ui5_key":"applicationmanageresources-display-component---newResourceUnit--WEIGHT_UNIT-arrow"}]}
RESULT: undefined
COMMAND: POST /session/3063759ab3aa077dff26570c094434dd/element - {"using":"xpath","value":"//*[@id=\"application-manageresources-display-component---newResourceUnit--WEIGHT_UNIT-arrow\"]"}
RESULT: {}
RESULT: {"using":"xpath","value":"//*[@id=\"application-manageresources-display-component---newResourceUnit--WEIGHT_UNIT-arrow\"]"}
COMMAND: POST /session/3063759ab3aa077dff26570c094434dd/element/f.92BE17D50179148B77FBA55A3B2D928C.d.35C64B4E9F60ED37BFB6E6BCAB0B8DDC.e.1472/click - {}
RESULT: {}
COMMAND: POST /session/3063759ab3aa077dff26570c094434dd/execute/async - {"script":"<script> [1562 bytes]","args":[{"selector":{"controlType":"sap.m.StandardListItem","viewName":"reusables.view.manageresources.NewResourceUnit","viewId":"application-manageresources-display-component---newResourceUnit","properties":{"title":"Gram"},"searchOpenDialogs":true,"interaction":{"idSuffix":"content"}},"wdio_ui5_key":"reusablesview.manageresources.NewResourceUnitsap.m.StandardListItem{\"title\":\"Gram\"}"}]}
COMMAND: GET /session/3063759ab3aa077dff26570c094434dd/screenshot - {}
RESULT: {"script":"<script> [1562 bytes]","args":[{"selector":{"controlType":"sap.m.StandardListItem","viewName":"reusables.view.manageresources.NewResourceUnit","viewId":"application-manageresources-display-component---newResourceUnit","properties":{"title":"Gram"},"searchOpenDialogs":true,"interaction":{"idSuffix":"content"}},"wdio_ui5_key":"reusablesview.manageresources.NewResourceUnitsap.m.StandardListItem{\"title\":\"Gram\"}"}]}
RESULT: undefined
COMMAND: POST /session/3063759ab3aa077dff26570c094434dd/element - {"using":"xpath","value":"//*[@id=\"__item323\"]"}
RESULT: {}
RESULT: {"using":"xpath","value":"//*[@id=\"__item323\"]"}
COMMAND: POST /session/3063759ab3aa077dff26570c094434dd/element/f.92BE17D50179148B77FBA55A3B2D928C.d.35C64B4E9F60ED37BFB6E6BCAB0B8DDC.e.1474/click - {}
RESULT: {}
COMMAND: POST /session/3063759ab3aa077dff26570c094434dd/execute/async - {"script":"<script> [1562 bytes]","args":[{"selector":{"id":"application-manageresources-display-component---newResourceUnit--newRRUPage-OPHeaderContent-collapseBtn-img"},"wdio_ui5_key":"applicationmanageresources-display-component---newResourceUnit--newRRUPage-OPHeaderContent-collapseBtn-img"}]}
COMMAND: GET /session/3063759ab3aa077dff26570c094434dd/screenshot - {}
RESULT: {"script":"<script> [1562 bytes]","args":[{"selector":{"id":"application-manageresources-display-component---newResourceUnit--newRRUPage-OPHeaderContent-collapseBtn-img"},"wdio_ui5_key":"applicationmanageresources-display-component---newResourceUnit--newRRUPage-OPHeaderContent-collapseBtn-img"}]}
RESULT: undefined
COMMAND: POST /session/3063759ab3aa077dff26570c094434dd/element - {"using":"xpath","value":"//*[@id=\"application-manageresources-display-component---newResourceUnit--newRRUPage-OPHeaderContent-collapseBtn-img\"]"}
RESULT: {}
RESULT: {"using":"xpath","value":"//*[@id=\"application-manageresources-display-component---newResourceUnit--newRRUPage-OPHeaderContent-collapseBtn-img\"]"}
COMMAND: POST /session/3063759ab3aa077dff26570c094434dd/element/f.92BE17D50179148B77FBA55A3B2D928C.d.35C64B4E9F60ED37BFB6E6BCAB0B8DDC.e.1354/click - {}
RESULT: {}
COMMAND: GET /session/3063759ab3aa077dff26570c094434dd/screenshot - {}
RESULT: {}
COMMAND: POST /session/3063759ab3aa077dff26570c094434dd/element - {"using":"xpath","value":"(//span[contains(@id ,\"application-manageresources-display-component---newResourceUnit--DIMENSION_UNIT-arrow\")])[1]"}
RESULT: {"using":"xpath","value":"(//span[contains(@id ,\"application-manageresources-display-component---newResourceUnit--DIMENSION_UNIT-arrow\")])[1]"}
COMMAND: POST /session/3063759ab3aa077dff26570c094434dd/element/f.92BE17D50179148B77FBA55A3B2D928C.d.35C64B4E9F60ED37BFB6E6BCAB0B8DDC.e.1480/click - {}
RESULT: {}
COMMAND: GET /session/3063759ab3aa077dff26570c094434dd/screenshot - {}
RESULT: {}
COMMAND: POST /session/3063759ab3aa077dff26570c094434dd/execute/async - {"script":"<script> [1562 bytes]","args":[{"selector":{"controlType":"sap.m.StandardListItem","viewName":"reusables.view.manageresources.NewResourceUnit","viewId":"application-manageresources-display-component---newResourceUnit","properties":{"title":"Centimeter"},"searchOpenDialogs":true,"interaction":{"idSuffix":"titleText"}},"wdio_ui5_key":"reusablesview.manageresources.NewResourceUnitsap.m.StandardListItem{\"title\":\"Centimeter\"}"}]}
RESULT: {"script":"<script> [1562 bytes]","args":[{"selector":{"controlType":"sap.m.StandardListItem","viewName":"reusables.view.manageresources.NewResourceUnit","viewId":"application-manageresources-display-component---newResourceUnit","properties":{"title":"Centimeter"},"searchOpenDialogs":true,"interaction":{"idSuffix":"titleText"}},"wdio_ui5_key":"reusablesview.manageresources.NewResourceUnitsap.m.StandardListItem{\"title\":\"Centimeter\"}"}]}
RESULT: undefined
COMMAND: POST /session/3063759ab3aa077dff26570c094434dd/element - {"using":"xpath","value":"//*[@id=\"__item326\"]"}
RESULT: {"using":"xpath","value":"//*[@id=\"__item326\"]"}
COMMAND: POST /session/3063759ab3aa077dff26570c094434dd/element/f.92BE17D50179148B77FBA55A3B2D928C.d.35C64B4E9F60ED37BFB6E6BCAB0B8DDC.e.1482/click - {}
RESULT: {}
COMMAND: POST /session/3063759ab3aa077dff26570c094434dd/execute/async - {"script":"<script> [1562 bytes]","args":[{"selector":{"id":"application-manageresources-display-component---newResourceUnit--newRRUPage-anchBar-application-manageresources-display-component---newResourceUnit--reference-anchor","interaction":{"idSuffix":"BDI-content"}},"wdio_ui5_key":"applicationmanageresources-display-component---newResourceUnit--newRRUPage-anchBar-application-manageresources-display-component---newResourceUnit--reference-anchor"}]}
COMMAND: GET /session/3063759ab3aa077dff26570c094434dd/screenshot - {}
RESULT: {"script":"<script> [1562 bytes]","args":[{"selector":{"id":"application-manageresources-display-component---newResourceUnit--newRRUPage-anchBar-application-manageresources-display-component---newResourceUnit--reference-anchor","interaction":{"idSuffix":"BDI-content"}},"wdio_ui5_key":"applicationmanageresources-display-component---newResourceUnit--newRRUPage-anchBar-application-manageresources-display-component---newResourceUnit--reference-anchor"}]}
RESULT: undefined
COMMAND: POST /session/3063759ab3aa077dff26570c094434dd/element - {"using":"xpath","value":"//*[@id=\"application-manageresources-display-component---newResourceUnit--newRRUPage-anchBar-application-manageresources-display-component---newResourceUnit--reference-anchor\"]"}
RESULT: {}
RESULT: {"using":"xpath","value":"//*[@id=\"application-manageresources-display-component---newResourceUnit--newRRUPage-anchBar-application-manageresources-display-component---newResourceUnit--reference-anchor\"]"}
COMMAND: POST /session/3063759ab3aa077dff26570c094434dd/element/f.92BE17D50179148B77FBA55A3B2D928C.d.35C64B4E9F60ED37BFB6E6BCAB0B8DDC.e.1484/click - {}
RESULT: {}
COMMAND: POST /session/3063759ab3aa077dff26570c094434dd/execute/async - {"script":"<script> [1562 bytes]","args":[{"selector":{"id":"application-manageresources-display-component---newResourceUnit--PLANNING_GROUP-arrow"},"wdio_ui5_key":"applicationmanageresources-display-component---newResourceUnit--PLANNING_GROUP-arrow"}]}
COMMAND: GET /session/3063759ab3aa077dff26570c094434dd/screenshot - {}
RESULT: {"script":"<script> [1562 bytes]","args":[{"selector":{"id":"application-manageresources-display-component---newResourceUnit--PLANNING_GROUP-arrow"},"wdio_ui5_key":"applicationmanageresources-display-component---newResourceUnit--PLANNING_GROUP-arrow"}]}
RESULT: undefined
COMMAND: POST /session/3063759ab3aa077dff26570c094434dd/element - {"using":"xpath","value":"//*[@id=\"application-manageresources-display-component---newResourceUnit--PLANNING_GROUP-arrow\"]"}
RESULT: {}
RESULT: {"using":"xpath","value":"//*[@id=\"application-manageresources-display-component---newResourceUnit--PLANNING_GROUP-arrow\"]"}
COMMAND: POST /session/3063759ab3aa077dff26570c094434dd/element/f.92BE17D50179148B77FBA55A3B2D928C.d.35C64B4E9F60ED37BFB6E6BCAB0B8DDC.e.1487/click - {}
RESULT: {}
COMMAND: POST /session/3063759ab3aa077dff26570c094434dd/execute/async - {"script":"<script> [1562 bytes]","args":[{"selector":{"controlType":"sap.m.StandardListItem","viewName":"reusables.view.manageresources.NewResourceUnit","viewId":"application-manageresources-display-component---newResourceUnit","properties":{"title":"Heavy Equi"},"searchOpenDialogs":true,"interaction":{"idSuffix":"content"}},"wdio_ui5_key":"reusablesview.manageresources.NewResourceUnitsap.m.StandardListItem{\"title\":\"Heavy Equi\"}"}]}
COMMAND: GET /session/3063759ab3aa077dff26570c094434dd/screenshot - {}
RESULT: {"script":"<script> [1562 bytes]","args":[{"selector":{"controlType":"sap.m.StandardListItem","viewName":"reusables.view.manageresources.NewResourceUnit","viewId":"application-manageresources-display-component---newResourceUnit","properties":{"title":"Heavy Equi"},"searchOpenDialogs":true,"interaction":{"idSuffix":"content"}},"wdio_ui5_key":"reusablesview.manageresources.NewResourceUnitsap.m.StandardListItem{\"title\":\"Heavy Equi\"}"}]}
RESULT: undefined
COMMAND: POST /session/3063759ab3aa077dff26570c094434dd/element - {"using":"xpath","value":"//*[@id=\"__item334\"]"}
RESULT: {}
RESULT: {"using":"xpath","value":"//*[@id=\"__item334\"]"}
COMMAND: POST /session/3063759ab3aa077dff26570c094434dd/element/f.92BE17D50179148B77FBA55A3B2D928C.d.35C64B4E9F60ED37BFB6E6BCAB0B8DDC.e.1491/click - {}
RESULT: {}
COMMAND: GET /session/3063759ab3aa077dff26570c094434dd/screenshot - {}
RESULT: {}
COMMAND: POST /session/3063759ab3aa077dff26570c094434dd/execute/async - {"script":"<script> [1562 bytes]","args":[{"selector":{"id":"application-manageresources-display-component---newResourceUnit--PLANNING_INDICATOR-arrow"},"wdio_ui5_key":"applicationmanageresources-display-component---newResourceUnit--PLANNING_INDICATOR-arrow"}]}
RESULT: {"script":"<script> [1562 bytes]","args":[{"selector":{"id":"application-manageresources-display-component---newResourceUnit--PLANNING_INDICATOR-arrow"},"wdio_ui5_key":"applicationmanageresources-display-component---newResourceUnit--PLANNING_INDICATOR-arrow"}]}
RESULT: undefined
COMMAND: POST /session/3063759ab3aa077dff26570c094434dd/element - {"using":"xpath","value":"//*[@id=\"application-manageresources-display-component---newResourceUnit--PLANNING_INDICATOR-arrow\"]"}
RESULT: {"using":"xpath","value":"//*[@id=\"application-manageresources-display-component---newResourceUnit--PLANNING_INDICATOR-arrow\"]"}
COMMAND: POST /session/3063759ab3aa077dff26570c094434dd/element/f.92BE17D50179148B77FBA55A3B2D928C.d.35C64B4E9F60ED37BFB6E6BCAB0B8DDC.e.1492/click - {}
RESULT: {}
COMMAND: POST /session/3063759ab3aa077dff26570c094434dd/execute/async - {"script":"<script> [1562 bytes]","args":[{"selector":{"controlType":"sap.m.StandardListItem","viewName":"reusables.view.manageresources.NewResourceUnit","viewId":"application-manageresources-display-component---newResourceUnit","properties":{"title":"10 - infinite"},"searchOpenDialogs":true,"interaction":{"idSuffix":"content"}},"wdio_ui5_key":"reusablesview.manageresources.NewResourceUnitsap.m.StandardListItem{\"title\":\"10 - infinite\"}"}]}
COMMAND: GET /session/3063759ab3aa077dff26570c094434dd/screenshot - {}
RESULT: {"script":"<script> [1562 bytes]","args":[{"selector":{"controlType":"sap.m.StandardListItem","viewName":"reusables.view.manageresources.NewResourceUnit","viewId":"application-manageresources-display-component---newResourceUnit","properties":{"title":"10 - infinite"},"searchOpenDialogs":true,"interaction":{"idSuffix":"content"}},"wdio_ui5_key":"reusablesview.manageresources.NewResourceUnitsap.m.StandardListItem{\"title\":\"10 - infinite\"}"}]}
RESULT: undefined
COMMAND: POST /session/3063759ab3aa077dff26570c094434dd/element - {"using":"xpath","value":"//*[@id=\"__item344\"]"}
RESULT: {}
RESULT: {"using":"xpath","value":"//*[@id=\"__item344\"]"}
COMMAND: POST /session/3063759ab3aa077dff26570c094434dd/element/f.92BE17D50179148B77FBA55A3B2D928C.d.35C64B4E9F60ED37BFB6E6BCAB0B8DDC.e.1494/click - {}
RESULT: {}
COMMAND: GET /session/3063759ab3aa077dff26570c094434dd/screenshot - {}
RESULT: {}
COMMAND: POST /session/3063759ab3aa077dff26570c094434dd/element - {"using":"xpath","value":"//bdi[contains(text(), \"Time Segment\")]"}
RESULT: {"using":"xpath","value":"//bdi[contains(text(), \"Time Segment\")]"}
COMMAND: GET /session/3063759ab3aa077dff26570c094434dd/element/f.92BE17D50179148B77FBA55A3B2D928C.d.35C64B4E9F60ED37BFB6E6BCAB0B8DDC.e.1495/rect - {}
RESULT: {}
COMMAND: GET /session/3063759ab3aa077dff26570c094434dd/window/rect - {}
RESULT: {}
COMMAND: POST /session/3063759ab3aa077dff26570c094434dd/execute/sync - {"script":"<script> [92 bytes]","args":[]}
RESULT: {"script":"<script> [92 bytes]","args":[]}
COMMAND: POST /session/3063759ab3aa077dff26570c094434dd/actions - {"actions":[{"id":"action5","type":"wheel","parameters":{},"actions":[{"type":"scroll","x":-1820,"y":-21,"deltaX":0,"deltaY":0,"duration":0,"origin":{"element-6066-11e4-a52e-4f735466cecf":"f.92BE17D50179148B77FBA55A3B2D928C.d.35C64B4E9F60ED37BFB6E6BCAB0B8DDC.e.1495"}}]}]}
COMMAND: GET /session/3063759ab3aa077dff26570c094434dd/screenshot - {}
RESULT: {}
COMMAND: POST /session/3063759ab3aa077dff26570c094434dd/execute/sync - {"script":"<script> [79 bytes]","args":[{"element-6066-11e4-a52e-4f735466cecf":"f.92BE17D50179148B77FBA55A3B2D928C.d.35C64B4E9F60ED37BFB6E6BCAB0B8DDC.e.1495","ELEMENT":"f.92BE17D50179148B77FBA55A3B2D928C.d.35C64B4E9F60ED37BFB6E6BCAB0B8DDC.e.1495"},{"block":"start","inline":"nearest"}]}
RESULT: {"script":"<script> [79 bytes]","args":[{"element-6066-11e4-a52e-4f735466cecf":"f.92BE17D50179148B77FBA55A3B2D928C.d.35C64B4E9F60ED37BFB6E6BCAB0B8DDC.e.1495","ELEMENT":"f.92BE17D50179148B77FBA55A3B2D928C.d.35C64B4E9F60ED37BFB6E6BCAB0B8DDC.e.1495"},{"block":"start","inline":"nearest"}]}
COMMAND: GET /session/3063759ab3aa077dff26570c094434dd/screenshot - {}
RESULT: {}
COMMAND: POST /session/3063759ab3aa077dff26570c094434dd/element - {"using":"xpath","value":"//span[@id=\"application-manageresources-display-component---newResourceUnit--btnAddTimeSegment-img\"]"}
RESULT: {"using":"xpath","value":"//span[@id=\"application-manageresources-display-component---newResourceUnit--btnAddTimeSegment-img\"]"}
COMMAND: POST /session/3063759ab3aa077dff26570c094434dd/execute/sync - {"script":"<script> [8489 bytes]","args":[{"element-6066-11e4-a52e-4f735466cecf":"f.92BE17D50179148B77FBA55A3B2D928C.d.35C64B4E9F60ED37BFB6E6BCAB0B8DDC.e.1498","ELEMENT":"f.92BE17D50179148B77FBA55A3B2D928C.d.35C64B4E9F60ED37BFB6E6BCAB0B8DDC.e.1498"}]}
RESULT: {"script":"<script> [8489 bytes]","args":[{"element-6066-11e4-a52e-4f735466cecf":"f.92BE17D50179148B77FBA55A3B2D928C.d.35C64B4E9F60ED37BFB6E6BCAB0B8DDC.e.1498","ELEMENT":"f.92BE17D50179148B77FBA55A3B2D928C.d.35C64B4E9F60ED37BFB6E6BCAB0B8DDC.e.1498"}]}
COMMAND: POST /session/3063759ab3aa077dff26570c094434dd/element/f.92BE17D50179148B77FBA55A3B2D928C.d.35C64B4E9F60ED37BFB6E6BCAB0B8DDC.e.1498/click - {}
COMMAND: GET /session/3063759ab3aa077dff26570c094434dd/screenshot - {}
RESULT: {}
COMMAND: GET /session/3063759ab3aa077dff26570c094434dd/screenshot - {}
RESULT: {}
COMMAND: POST /session/3063759ab3aa077dff26570c094434dd/element - {"using":"xpath","value":"//input[@id=\"application-manageresources-display-component---newResourceUnit--idRuTSAdmin-application-manageresources-display-component---newResourceUnit--RUTimeSegment-0-inner\"]"}
RESULT: {}
RESULT: {"using":"xpath","value":"//input[@id=\"application-manageresources-display-component---newResourceUnit--idRuTSAdmin-application-manageresources-display-component---newResourceUnit--RUTimeSegment-0-inner\"]"}
COMMAND: POST /session/3063759ab3aa077dff26570c094434dd/element/f.92BE17D50179148B77FBA55A3B2D928C.d.35C64B4E9F60ED37BFB6E6BCAB0B8DDC.e.1501/clear - {}
RESULT: {}
COMMAND: POST /session/3063759ab3aa077dff26570c094434dd/element/f.92BE17D50179148B77FBA55A3B2D928C.d.35C64B4E9F60ED37BFB6E6BCAB0B8DDC.e.1501/value - {"text":"WebdriverWHMYardan3an"}
COMMAND: GET /session/3063759ab3aa077dff26570c094434dd/screenshot - {}
RESULT: {"text":"WebdriverWHMYardan3an"}
COMMAND: GET /session/3063759ab3aa077dff26570c094434dd/screenshot - {}
RESULT: {}
RESULT: {}
COMMAND: POST /session/3063759ab3aa077dff26570c094434dd/actions - {"actions":[{"id":"action6","type":"key","parameters":{},"actions":[{"type":"keyDown","value":"î€‡"},{"type":"pause","duration":10},{"type":"keyUp","value":"î€‡"}]}]}
RESULT: {"actions":[{"id":"action6","type":"key","parameters":{},"actions":[{"type":"keyDown","value":"î€‡"},{"type":"pause","duration":10},{"type":"keyUp","value":"î€‡"}]}]}
COMMAND: GET /session/3063759ab3aa077dff26570c094434dd/screenshot - {}
RESULT: {}
COMMAND: POST /session/3063759ab3aa077dff26570c094434dd/execute/async - {"script":"<script> [1562 bytes]","args":[{"selector":{"controlType":"sap.m.Button","viewName":"reusables.view.manageresources.NewResourceUnit","viewId":"application-manageresources-display-component---newResourceUnit","i18NText":{"propertyName":"tooltip","key":"save"},"interaction":{"idSuffix":"BDI-content"}},"wdio_ui5_key":"reusablesview.manageresources.NewResourceUnitsap.m.Button{\"propertyName\":\"tooltip\",\"key\":\"save\"}"}]}
RESULT: {"script":"<script> [1562 bytes]","args":[{"selector":{"controlType":"sap.m.Button","viewName":"reusables.view.manageresources.NewResourceUnit","viewId":"application-manageresources-display-component---newResourceUnit","i18NText":{"propertyName":"tooltip","key":"save"},"interaction":{"idSuffix":"BDI-content"}},"wdio_ui5_key":"reusablesview.manageresources.NewResourceUnitsap.m.Button{\"propertyName\":\"tooltip\",\"key\":\"save\"}"}]}
RESULT: undefined
COMMAND: POST /session/3063759ab3aa077dff26570c094434dd/element - {"using":"xpath","value":"//*[@id=\"application-manageresources-display-component---newResourceUnit--createRuButton\"]"}
RESULT: {"using":"xpath","value":"//*[@id=\"application-manageresources-display-component---newResourceUnit--createRuButton\"]"}
COMMAND: POST /session/3063759ab3aa077dff26570c094434dd/element/f.92BE17D50179148B77FBA55A3B2D928C.d.35C64B4E9F60ED37BFB6E6BCAB0B8DDC.e.1360/click - {}
RESULT: {}
COMMAND: GET /session/3063759ab3aa077dff26570c094434dd/screenshot - {}
RESULT: {}
COMMAND: POST /session/3063759ab3aa077dff26570c094434dd/execute/async - {"script":"<script> [1562 bytes]","args":[{"selector":{"controlType":"sap.m.Title","properties":{"text":"Success"},"searchOpenDialogs":true},"wdio_ui5_key":"sapm.Title{\"text\":\"Success\"}"}]}
RESULT: {"script":"<script> [1562 bytes]","args":[{"selector":{"controlType":"sap.m.Title","properties":{"text":"Success"},"searchOpenDialogs":true},"wdio_ui5_key":"sapm.Title{\"text\":\"Success\"}"}]}
RESULT: undefined
COMMAND: POST /session/3063759ab3aa077dff26570c094434dd/execute/async - {"script":"<script> [6424 bytes]","args":[{"element-6066-11e4-a52e-4f735466cecf":"f.92BE17D50179148B77FBA55A3B2D928C.d.35C64B4E9F60ED37BFB6E6BCAB0B8DDC.e.1516"},"getText",[]]}
RESULT: {"script":"<script> [6424 bytes]","args":[{"element-6066-11e4-a52e-4f735466cecf":"f.92BE17D50179148B77FBA55A3B2D928C.d.35C64B4E9F60ED37BFB6E6BCAB0B8DDC.e.1516"},"getText",[]]}
COMMAND: POST /session/3063759ab3aa077dff26570c094434dd/element - {"using":"xpath","value":"//*[contains(@id, '__text') and (contains(text(), 'successfully created') or contains(., 'successfully created'))]"}
RESULT: {"using":"xpath","value":"//*[contains(@id, '__text') and (contains(text(), 'successfully created') or contains(., 'successfully created'))]"}
COMMAND: GET /session/3063759ab3aa077dff26570c094434dd/element/f.92BE17D50179148B77FBA55A3B2D928C.d.35C64B4E9F60ED37BFB6E6BCAB0B8DDC.e.1515/text - {}
RESULT: {}
COMMAND: POST /session/3063759ab3aa077dff26570c094434dd/execute/async - {"script":"<script> [1562 bytes]","args":[{"selector":{"controlType":"sap.m.Button","properties":{"text":"Close"},"searchOpenDialogs":true,"interaction":{"idSuffix":"BDI-content"}},"wdio_ui5_key":"sapm.Button{\"text\":\"Close\"}"}]}
RESULT: {"script":"<script> [1562 bytes]","args":[{"selector":{"controlType":"sap.m.Button","properties":{"text":"Close"},"searchOpenDialogs":true,"interaction":{"idSuffix":"BDI-content"}},"wdio_ui5_key":"sapm.Button{\"text\":\"Close\"}"}]}
RESULT: undefined
COMMAND: POST /session/3063759ab3aa077dff26570c094434dd/element - {"using":"xpath","value":"//*[@id=\"__mbox-btn-0\"]"}
RESULT: {"using":"xpath","value":"//*[@id=\"__mbox-btn-0\"]"}
COMMAND: POST /session/3063759ab3aa077dff26570c094434dd/element/f.92BE17D50179148B77FBA55A3B2D928C.d.35C64B4E9F60ED37BFB6E6BCAB0B8DDC.e.1512/click - {}
RESULT: {}
COMMAND: GET /session/3063759ab3aa077dff26570c094434dd/screenshot - {}
RESULT: {}
COMMAND: POST /session/3063759ab3aa077dff26570c094434dd/execute/async - {"script":"<script> [1562 bytes]","args":[{"selector":{"controlType":"sap.ui.core.Icon","viewName":"etm.portal.ui.manageresources.view.Detail","viewId":"application-manageresources-display-component---detailRU","properties":{"src":{"regex":{"source":"overflow"}}}},"wdio_ui5_key":"etmportal.ui.manageresources.view.Detailsap.ui.core.Icon{\"src\":{\"regex\":{\"source\":\"overflow\"}}}"}]}
RESULT: {"script":"<script> [1562 bytes]","args":[{"selector":{"controlType":"sap.ui.core.Icon","viewName":"etm.portal.ui.manageresources.view.Detail","viewId":"application-manageresources-display-component---detailRU","properties":{"src":{"regex":{"source":"overflow"}}}},"wdio_ui5_key":"etmportal.ui.manageresources.view.Detailsap.ui.core.Icon{\"src\":{\"regex\":{\"source\":\"overflow\"}}}"}]}
RESULT: undefined
COMMAND: POST /session/3063759ab3aa077dff26570c094434dd/element - {"using":"xpath","value":"//*[@id=\"__title18-_actionsToolbar-overflowButton-img\"]"}
RESULT: {"using":"xpath","value":"//*[@id=\"__title18-_actionsToolbar-overflowButton-img\"]"}
COMMAND: POST /session/3063759ab3aa077dff26570c094434dd/element/f.92BE17D50179148B77FBA55A3B2D928C.d.35C64B4E9F60ED37BFB6E6BCAB0B8DDC.e.1549/click - {}
RESULT: {}
COMMAND: POST /session/3063759ab3aa077dff26570c094434dd/execute/async - {"script":"<script> [1562 bytes]","args":[{"selector":{"controlType":"sap.m.Button","viewName":"etm.portal.ui.manageresources.view.Detail","viewId":"application-manageresources-display-component---detailRU","i18NText":{"propertyName":"tooltip","key":"closeColumn"},"searchOpenDialogs":true,"interaction":{"idSuffix":"inner"}},"wdio_ui5_key":"etmportal.ui.manageresources.view.Detailsap.m.Button{\"propertyName\":\"tooltip\",\"key\":\"closeColumn\"}"}]}
COMMAND: GET /session/3063759ab3aa077dff26570c094434dd/screenshot - {}
RESULT: {"script":"<script> [1562 bytes]","args":[{"selector":{"controlType":"sap.m.Button","viewName":"etm.portal.ui.manageresources.view.Detail","viewId":"application-manageresources-display-component---detailRU","i18NText":{"propertyName":"tooltip","key":"closeColumn"},"searchOpenDialogs":true,"interaction":{"idSuffix":"inner"}},"wdio_ui5_key":"etmportal.ui.manageresources.view.Detailsap.m.Button{\"propertyName\":\"tooltip\",\"key\":\"closeColumn\"}"}]}
RESULT: undefined
COMMAND: POST /session/3063759ab3aa077dff26570c094434dd/element - {"using":"xpath","value":"//*[@id=\"__button51\"]"}
RESULT: {}
RESULT: {"using":"xpath","value":"//*[@id=\"__button51\"]"}
COMMAND: POST /session/3063759ab3aa077dff26570c094434dd/element/f.92BE17D50179148B77FBA55A3B2D928C.d.35C64B4E9F60ED37BFB6E6BCAB0B8DDC.e.1551/click - {}
RESULT: {}
COMMAND: GET /session/3063759ab3aa077dff26570c094434dd/screenshot - {}
RESULT: {}
COMMAND: POST /session/3063759ab3aa077dff26570c094434dd/refresh - {}
RESULT: {}
COMMAND: GET /session/3063759ab3aa077dff26570c094434dd/screenshot - {}
RESULT: {}
COMMAND: POST /session/3063759ab3aa077dff26570c094434dd/execute/async - {"script":"<script> [189 bytes]","args":[]}
RESULT: {"script":"<script> [189 bytes]","args":[]}
COMMAND: POST /session/3063759ab3aa077dff26570c094434dd/execute/async - {"script":"<script> [123 bytes]","args":[]}
RESULT: {"script":"<script> [123 bytes]","args":[]}
COMMAND: POST /session/3063759ab3aa077dff26570c094434dd/timeouts - {"script":"<number>"}
RESULT: {"script":"<number>"}
COMMAND: GET /session/3063759ab3aa077dff26570c094434dd/timeouts - {}
RESULT: {}
RESULT: undefined
COMMAND: POST /session/3063759ab3aa077dff26570c094434dd/execute/async - {"script":"<script> [2676 bytes]","args":[]}
RESULT: {"script":"<script> [2676 bytes]","args":[]}
COMMAND: POST /session/3063759ab3aa077dff26570c094434dd/execute/async - {"script":"<script> [2342 bytes]","args":[{"protocol":"http","hostname":"0.0.0.0","path":"/","capabilities":{"browserName":"chrome","goog:chromeOptions":{"binary":"C:\\Program Files\\Google\\Chrome\\Application\\chrome.exe","args":["--start-maximized"]}},"logLevel":"warn","connectionRetryTimeout":120000,"connectionRetryCount":3,"logLevels":{},"enableDirectConnect":true,"strictSSL":true,"_":"65 more keys: [\"cacheDir\",\"port\",\"requestedCapabilities\",\"automationProtocol\",\"baseUrl\",\"waitforInterval\",\"waitforTimeout\",\"onReload\",\"beforeCommand\",\"afterCommand\",\"rootDir\",\"specs\",\"suites\",\"exclude\",\"groupLogsByTestSpec\",\"excludeDriverLogs\",\"bail\",\"framework\",\"reporters\",\"services\",\"maxInstances\",\"maxInstancesPerCapability\",\"injectGlobals\",\"filesToWatch\",\"execArgv\",\"runnerEnv\",\"runner\",\"shard\",\"specFileRetries\",\"specFileRetriesDelay\",\"specFileRetriesDeferred\",\"reporterSyncInterval\",\"reporterSyncTimeout\",\"cucumberFeaturesWithLineNumbers\",\"autoCompileOpts\",\"mochaOpts\",\"jasmineOpts\",\"cucumberOpts\",\"onPrepare\",\"onWorkerStart\",\"onWorkerEnd\",\"before\",\"beforeSession\",\"beforeSuite\",\"beforeHook\",\"beforeTest\",\"afterTest\",\"afterHook\",\"afterSuite\",\"afterSession\",\"after\",\"onComplete\",\"beforeAssertion\",\"afterAssertion\",\"beforeFeature\",\"beforeScenario\",\"beforeStep\",\"afterStep\",\"afterScenario\",\"afterFeature\",\"_\",\"suite\",\"$0\",\"ignoredWorkerServices\",\"wdi5\"]"}]}
RESULT: {"script":"<script> [2342 bytes]","args":[{"protocol":"http","hostname":"0.0.0.0","path":"/","capabilities":{"browserName":"chrome","goog:chromeOptions":{"binary":"C:\\Program Files\\Google\\Chrome\\Application\\chrome.exe","args":["--start-maximized"]}},"logLevel":"warn","connectionRetryTimeout":120000,"connectionRetryCount":3,"logLevels":{},"enableDirectConnect":true,"strictSSL":true,"_":"65 more keys: [\"cacheDir\",\"port\",\"requestedCapabilities\",\"automationProtocol\",\"baseUrl\",\"waitforInterval\",\"waitforTimeout\",\"onReload\",\"beforeCommand\",\"afterCommand\",\"rootDir\",\"specs\",\"suites\",\"exclude\",\"groupLogsByTestSpec\",\"excludeDriverLogs\",\"bail\",\"framework\",\"reporters\",\"services\",\"maxInstances\",\"maxInstancesPerCapability\",\"injectGlobals\",\"filesToWatch\",\"execArgv\",\"runnerEnv\",\"runner\",\"shard\",\"specFileRetries\",\"specFileRetriesDelay\",\"specFileRetriesDeferred\",\"reporterSyncInterval\",\"reporterSyncTimeout\",\"cucumberFeaturesWithLineNumbers\",\"autoCompileOpts\",\"mochaOpts\",\"jasmineOpts\",\"cucumberOpts\",\"onPrepare\",\"onWorkerStart\",\"onWorkerEnd\",\"before\",\"beforeSession\",\"beforeSuite\",\"beforeHook\",\"beforeTest\",\"afterTest\",\"afterHook\",\"afterSuite\",\"afterSession\",\"after\",\"onComplete\",\"beforeAssertion\",\"afterAssertion\",\"beforeFeature\",\"beforeScenario\",\"beforeStep\",\"afterStep\",\"afterScenario\",\"afterFeature\",\"_\",\"suite\",\"$0\",\"ignoredWorkerServices\",\"wdi5\"]"}]}
COMMAND: POST /session/3063759ab3aa077dff26570c094434dd/execute/async - {"script":"<script> [21126 bytes]","args":[35000]}
RESULT: {"script":"<script> [21126 bytes]","args":[35000]}
COMMAND: POST /session/3063759ab3aa077dff26570c094434dd/element - {"using":"css selector","value":"#shell-header-logo"}
RESULT: {"using":"css selector","value":"#shell-header-logo"}
COMMAND: POST /session/3063759ab3aa077dff26570c094434dd/element/f.92BE17D50179148B77FBA55A3B2D928C.d.690D788D9BA4122A9332332EB070C43E.e.1651/click - {}
RESULT: {}
COMMAND: GET /session/3063759ab3aa077dff26570c094434dd/screenshot - {}
RESULT: {}
COMMAND: POST /session/3063759ab3aa077dff26570c094434dd/element - {"using":"css selector","value":"#shell-header-logo"}
RESULT: {"using":"css selector","value":"#shell-header-logo"}
COMMAND: POST /session/3063759ab3aa077dff26570c094434dd/element/f.92BE17D50179148B77FBA55A3B2D928C.d.690D788D9BA4122A9332332EB070C43E.e.1835/click - {}
RESULT: {}
COMMAND: GET /session/3063759ab3aa077dff26570c094434dd/screenshot - {}
RESULT: {}
]]></system-out>
    </testcase>
  </testsuite>
  <testsuite timestamp="2025-06-12T16:45:50" time="735.327" tests="7" failures="2" errors="2" skipped="0">
    <properties>
      <property name="specId" value="0" />
      <property name="suiteName" value="Create masterdata for Yard Overview - trigger provide US130988" />
      <property name="capabilities" value="chrome.137_0_7151_69.windows" />
      <property name="file" value="file:///D:/a/1/s/test/specs/HTR/yard-movement-putaways.spec.js" />
    </properties>
    <testcase classname="chrome.137_0_7151_69.windows.Create_masterdata_for_Yard_Overview_-_trigger_provide_US130988" name="Should create a new WHM yard" time="130.062">
      <system-out><![CDATA[
COMMAND: POST /session/3063759ab3aa077dff26570c094434dd/window/fullscreen - {}
RESULT: {}
COMMAND: POST /session/3063759ab3aa077dff26570c094434dd/execute/async - {"script":"<script> [1562 bytes]","args":[{"selector":{"controlType":"sap.m.GenericTile","properties":{"header":"Manage Yards"}},"wdio_ui5_key":"sapm.GenericTile{\"header\":\"Manage Yards\"}"}]}
RESULT: {"script":"<script> [1562 bytes]","args":[{"selector":{"controlType":"sap.m.GenericTile","properties":{"header":"Manage Yards"}},"wdio_ui5_key":"sapm.GenericTile{\"header\":\"Manage Yards\"}"}]}
RESULT: undefined
COMMAND: POST /session/3063759ab3aa077dff26570c094434dd/element - {"using":"xpath","value":"//*[@id=\"__tile42\"]"}
RESULT: {"using":"xpath","value":"//*[@id=\"__tile42\"]"}
COMMAND: POST /session/3063759ab3aa077dff26570c094434dd/element/f.92BE17D50179148B77FBA55A3B2D928C.d.CAC32476DCE1F580D663FC4CE02E6376.e.2449/click - {}
RESULT: {}
COMMAND: GET /session/3063759ab3aa077dff26570c094434dd/screenshot - {}
RESULT: {}
COMMAND: POST /session/3063759ab3aa077dff26570c094434dd/elements - {"using":"xpath","value":"//span[text()='Error']"}
RESULT: {"using":"xpath","value":"//span[text()='Error']"}
COMMAND: POST /session/3063759ab3aa077dff26570c094434dd/element - {"using":"xpath","value":"//button[@data-kt=\"addNewYardOverflowToolbarButton\"]"}
RESULT: {"using":"xpath","value":"//button[@data-kt=\"addNewYardOverflowToolbarButton\"]"}
COMMAND: POST /session/3063759ab3aa077dff26570c094434dd/elements - {"using":"xpath","value":"//button[@data-kt=\"addNewYardOverflowToolbarButton\"]"}
RESULT: {"using":"xpath","value":"//button[@data-kt=\"addNewYardOverflowToolbarButton\"]"}
COMMAND: POST /session/3063759ab3aa077dff26570c094434dd/elements - {"using":"xpath","value":"//button[@data-kt=\"addNewYardOverflowToolbarButton\"]"}
RESULT: {"using":"xpath","value":"//button[@data-kt=\"addNewYardOverflowToolbarButton\"]"}
COMMAND: POST /session/3063759ab3aa077dff26570c094434dd/elements - {"using":"xpath","value":"//button[@data-kt=\"addNewYardOverflowToolbarButton\"]"}
RESULT: {"using":"xpath","value":"//button[@data-kt=\"addNewYardOverflowToolbarButton\"]"}
COMMAND: POST /session/3063759ab3aa077dff26570c094434dd/elements - {"using":"xpath","value":"//button[@data-kt=\"addNewYardOverflowToolbarButton\"]"}
RESULT: {"using":"xpath","value":"//button[@data-kt=\"addNewYardOverflowToolbarButton\"]"}
COMMAND: POST /session/3063759ab3aa077dff26570c094434dd/element - {"using":"xpath","value":"//button[@data-kt=\"addNewYardOverflowToolbarButton\"]"}
RESULT: {"using":"xpath","value":"//button[@data-kt=\"addNewYardOverflowToolbarButton\"]"}
COMMAND: POST /session/3063759ab3aa077dff26570c094434dd/execute/sync - {"script":"<script> [8489 bytes]","args":[{"element-6066-11e4-a52e-4f735466cecf":"f.92BE17D50179148B77FBA55A3B2D928C.d.CAC32476DCE1F580D663FC4CE02E6376.e.2587","ELEMENT":"f.92BE17D50179148B77FBA55A3B2D928C.d.CAC32476DCE1F580D663FC4CE02E6376.e.2587"}]}
RESULT: {"script":"<script> [8489 bytes]","args":[{"element-6066-11e4-a52e-4f735466cecf":"f.92BE17D50179148B77FBA55A3B2D928C.d.CAC32476DCE1F580D663FC4CE02E6376.e.2587","ELEMENT":"f.92BE17D50179148B77FBA55A3B2D928C.d.CAC32476DCE1F580D663FC4CE02E6376.e.2587"}]}
COMMAND: GET /session/3063759ab3aa077dff26570c094434dd/element/f.92BE17D50179148B77FBA55A3B2D928C.d.CAC32476DCE1F580D663FC4CE02E6376.e.2587/enabled - {}
COMMAND: GET /session/3063759ab3aa077dff26570c094434dd/screenshot - {}
RESULT: {}
COMMAND: POST /session/3063759ab3aa077dff26570c094434dd/execute/sync - {"script":"<script> [8489 bytes]","args":[{"element-6066-11e4-a52e-4f735466cecf":"f.92BE17D50179148B77FBA55A3B2D928C.d.CAC32476DCE1F580D663FC4CE02E6376.e.2587","ELEMENT":"f.92BE17D50179148B77FBA55A3B2D928C.d.CAC32476DCE1F580D663FC4CE02E6376.e.2587"}]}
COMMAND: GET /session/3063759ab3aa077dff26570c094434dd/screenshot - {}
RESULT: {}
RESULT: {"script":"<script> [8489 bytes]","args":[{"element-6066-11e4-a52e-4f735466cecf":"f.92BE17D50179148B77FBA55A3B2D928C.d.CAC32476DCE1F580D663FC4CE02E6376.e.2587","ELEMENT":"f.92BE17D50179148B77FBA55A3B2D928C.d.CAC32476DCE1F580D663FC4CE02E6376.e.2587"}]}
COMMAND: POST /session/3063759ab3aa077dff26570c094434dd/execute/sync - {"script":"<script> [5351 bytes]","args":[{"element-6066-11e4-a52e-4f735466cecf":"f.92BE17D50179148B77FBA55A3B2D928C.d.CAC32476DCE1F580D663FC4CE02E6376.e.2587","ELEMENT":"f.92BE17D50179148B77FBA55A3B2D928C.d.CAC32476DCE1F580D663FC4CE02E6376.e.2587"}]}
COMMAND: GET /session/3063759ab3aa077dff26570c094434dd/screenshot - {}
RESULT: {}
RESULT: {"script":"<script> [5351 bytes]","args":[{"element-6066-11e4-a52e-4f735466cecf":"f.92BE17D50179148B77FBA55A3B2D928C.d.CAC32476DCE1F580D663FC4CE02E6376.e.2587","ELEMENT":"f.92BE17D50179148B77FBA55A3B2D928C.d.CAC32476DCE1F580D663FC4CE02E6376.e.2587"}]}
COMMAND: POST /session/3063759ab3aa077dff26570c094434dd/element/f.92BE17D50179148B77FBA55A3B2D928C.d.CAC32476DCE1F580D663FC4CE02E6376.e.2587/click - {}
COMMAND: GET /session/3063759ab3aa077dff26570c094434dd/screenshot - {}
RESULT: {}
RESULT: {}
COMMAND: GET /session/3063759ab3aa077dff26570c094434dd/screenshot - {}
RESULT: {}
RESULT: {}
COMMAND: POST /session/3063759ab3aa077dff26570c094434dd/element - {"using":"xpath","value":"//input[@id=\"application-manageyards-display-component---NewYard--yardId-inner\"]"}
RESULT: {"using":"xpath","value":"//input[@id=\"application-manageyards-display-component---NewYard--yardId-inner\"]"}
COMMAND: POST /session/3063759ab3aa077dff26570c094434dd/element - {"using":"xpath","value":"//input[@id=\"application-manageyards-display-component---NewYard--yardId-inner\"]"}
RESULT: {"using":"xpath","value":"//input[@id=\"application-manageyards-display-component---NewYard--yardId-inner\"]"}
COMMAND: POST /session/3063759ab3aa077dff26570c094434dd/execute/async - {"script":"<script> [1562 bytes]","args":[{"selector":{"id":"application-manageyards-display-component---NewYard--addressDetailDetailsName1","interaction":{"idSuffix":"inner"}},"wdio_ui5_key":"applicationmanageyards-display-component---NewYard--addressDetailDetailsName1"}]}
RESULT: {"script":"<script> [1562 bytes]","args":[{"selector":{"id":"application-manageyards-display-component---NewYard--addressDetailDetailsName1","interaction":{"idSuffix":"inner"}},"wdio_ui5_key":"applicationmanageyards-display-component---NewYard--addressDetailDetailsName1"}]}
RESULT: undefined
COMMAND: POST /session/3063759ab3aa077dff26570c094434dd/execute/async - {"script":"<script> [776 bytes]","args":[{"enterText":"Warehouse Managed WDIO","selector":{"id":"application-manageyards-display-component---NewYard--addressDetailDetailsName1","interaction":{"idSuffix":"inner"}},"clearTextFirst":true,"interactionType":"ENTER_TEXT"}]}
RESULT: {"script":"<script> [776 bytes]","args":[{"enterText":"Warehouse Managed WDIO","selector":{"id":"application-manageyards-display-component---NewYard--addressDetailDetailsName1","interaction":{"idSuffix":"inner"}},"clearTextFirst":true,"interactionType":"ENTER_TEXT"}]}
COMMAND: POST /session/3063759ab3aa077dff26570c094434dd/execute/async - {"script":"<script> [1562 bytes]","args":[{"selector":{"id":"application-manageyards-display-component---NewYard--addressDetailDetailsLanguage-arrow"},"wdio_ui5_key":"applicationmanageyards-display-component---NewYard--addressDetailDetailsLanguage-arrow"}]}
RESULT: {"script":"<script> [1562 bytes]","args":[{"selector":{"id":"application-manageyards-display-component---NewYard--addressDetailDetailsLanguage-arrow"},"wdio_ui5_key":"applicationmanageyards-display-component---NewYard--addressDetailDetailsLanguage-arrow"}]}
RESULT: undefined
COMMAND: POST /session/3063759ab3aa077dff26570c094434dd/element - {"using":"xpath","value":"//*[@id=\"application-manageyards-display-component---NewYard--addressDetailDetailsLanguage-arrow\"]"}
RESULT: {"using":"xpath","value":"//*[@id=\"application-manageyards-display-component---NewYard--addressDetailDetailsLanguage-arrow\"]"}
COMMAND: POST /session/3063759ab3aa077dff26570c094434dd/element/f.92BE17D50179148B77FBA55A3B2D928C.d.CAC32476DCE1F580D663FC4CE02E6376.e.2991/click - {}
RESULT: {}
COMMAND: POST /session/3063759ab3aa077dff26570c094434dd/element - {"using":"xpath","value":"//span[contains(text(), \"English\")]"}
COMMAND: GET /session/3063759ab3aa077dff26570c094434dd/screenshot - {}
RESULT: {"using":"xpath","value":"//span[contains(text(), \"English\")]"}
COMMAND: POST /session/3063759ab3aa077dff26570c094434dd/element/f.92BE17D50179148B77FBA55A3B2D928C.d.CAC32476DCE1F580D663FC4CE02E6376.e.2992/click - {}
RESULT: {}
RESULT: {}
COMMAND: POST /session/3063759ab3aa077dff26570c094434dd/execute/async - {"script":"<script> [1562 bytes]","args":[{"selector":{"id":"application-manageyards-display-component---NewYard--addressDetailDetailsCity1","interaction":{"idSuffix":"inner"}},"wdio_ui5_key":"applicationmanageyards-display-component---NewYard--addressDetailDetailsCity1"}]}
COMMAND: GET /session/3063759ab3aa077dff26570c094434dd/screenshot - {}
RESULT: {"script":"<script> [1562 bytes]","args":[{"selector":{"id":"application-manageyards-display-component---NewYard--addressDetailDetailsCity1","interaction":{"idSuffix":"inner"}},"wdio_ui5_key":"applicationmanageyards-display-component---NewYard--addressDetailDetailsCity1"}]}
RESULT: undefined
COMMAND: POST /session/3063759ab3aa077dff26570c094434dd/execute/async - {"script":"<script> [776 bytes]","args":[{"enterText":"Rosario","selector":{"id":"application-manageyards-display-component---NewYard--addressDetailDetailsCity1","interaction":{"idSuffix":"inner"}},"clearTextFirst":true,"interactionType":"ENTER_TEXT"}]}
RESULT: {}
RESULT: {"script":"<script> [776 bytes]","args":[{"enterText":"Rosario","selector":{"id":"application-manageyards-display-component---NewYard--addressDetailDetailsCity1","interaction":{"idSuffix":"inner"}},"clearTextFirst":true,"interactionType":"ENTER_TEXT"}]}
COMMAND: POST /session/3063759ab3aa077dff26570c094434dd/execute/async - {"script":"<script> [1562 bytes]","args":[{"selector":{"id":"application-manageyards-display-component---NewYard--addressDetailDetailsCountry-arrow"},"wdio_ui5_key":"applicationmanageyards-display-component---NewYard--addressDetailDetailsCountry-arrow"}]}
RESULT: {"script":"<script> [1562 bytes]","args":[{"selector":{"id":"application-manageyards-display-component---NewYard--addressDetailDetailsCountry-arrow"},"wdio_ui5_key":"applicationmanageyards-display-component---NewYard--addressDetailDetailsCountry-arrow"}]}
RESULT: undefined
COMMAND: POST /session/3063759ab3aa077dff26570c094434dd/element - {"using":"xpath","value":"//*[@id=\"application-manageyards-display-component---NewYard--addressDetailDetailsCountry-arrow\"]"}
RESULT: {"using":"xpath","value":"//*[@id=\"application-manageyards-display-component---NewYard--addressDetailDetailsCountry-arrow\"]"}
COMMAND: POST /session/3063759ab3aa077dff26570c094434dd/element/f.92BE17D50179148B77FBA55A3B2D928C.d.CAC32476DCE1F580D663FC4CE02E6376.e.2994/click - {}
RESULT: {}
COMMAND: POST /session/3063759ab3aa077dff26570c094434dd/element - {"using":"xpath","value":"//span[contains(text(), \"Argentina\")]"}
COMMAND: GET /session/3063759ab3aa077dff26570c094434dd/screenshot - {}
RESULT: {"using":"xpath","value":"//span[contains(text(), \"Argentina\")]"}
COMMAND: POST /session/3063759ab3aa077dff26570c094434dd/element/f.92BE17D50179148B77FBA55A3B2D928C.d.CAC32476DCE1F580D663FC4CE02E6376.e.2996/click - {}
RESULT: {}
RESULT: {}
COMMAND: POST /session/3063759ab3aa077dff26570c094434dd/execute/async - {"script":"<script> [1562 bytes]","args":[{"selector":{"id":"application-manageyards-display-component---NewYard--addressEditDetailsCostObjectCstType-arrow"},"wdio_ui5_key":"applicationmanageyards-display-component---NewYard--addressEditDetailsCostObjectCstType-arrow"}]}
COMMAND: GET /session/3063759ab3aa077dff26570c094434dd/screenshot - {}
RESULT: {"script":"<script> [1562 bytes]","args":[{"selector":{"id":"application-manageyards-display-component---NewYard--addressEditDetailsCostObjectCstType-arrow"},"wdio_ui5_key":"applicationmanageyards-display-component---NewYard--addressEditDetailsCostObjectCstType-arrow"}]}
RESULT: undefined
COMMAND: POST /session/3063759ab3aa077dff26570c094434dd/element - {"using":"xpath","value":"//*[@id=\"application-manageyards-display-component---NewYard--addressEditDetailsCostObjectCstType-arrow\"]"}
RESULT: {}
RESULT: {"using":"xpath","value":"//*[@id=\"application-manageyards-display-component---NewYard--addressEditDetailsCostObjectCstType-arrow\"]"}
COMMAND: POST /session/3063759ab3aa077dff26570c094434dd/element/f.92BE17D50179148B77FBA55A3B2D928C.d.CAC32476DCE1F580D663FC4CE02E6376.e.2997/click - {}
RESULT: {}
COMMAND: POST /session/3063759ab3aa077dff26570c094434dd/element - {"using":"xpath","value":"//span[contains(text(), \"Cost Center\")]"}
COMMAND: GET /session/3063759ab3aa077dff26570c094434dd/screenshot - {}
RESULT: {"using":"xpath","value":"//span[contains(text(), \"Cost Center\")]"}
COMMAND: POST /session/3063759ab3aa077dff26570c094434dd/element/f.92BE17D50179148B77FBA55A3B2D928C.d.CAC32476DCE1F580D663FC4CE02E6376.e.2998/click - {}
RESULT: {}
RESULT: {}
COMMAND: GET /session/3063759ab3aa077dff26570c094434dd/screenshot - {}
RESULT: {}
COMMAND: POST /session/3063759ab3aa077dff26570c094434dd/element - {"using":"xpath","value":"//span[@id=\"application-manageyards-display-component---NewYard--addressNewCostObjectCstID-vhi\"]"}
RESULT: {"using":"xpath","value":"//span[@id=\"application-manageyards-display-component---NewYard--addressNewCostObjectCstID-vhi\"]"}
COMMAND: POST /session/3063759ab3aa077dff26570c094434dd/execute/sync - {"script":"<script> [8489 bytes]","args":[{"element-6066-11e4-a52e-4f735466cecf":"f.92BE17D50179148B77FBA55A3B2D928C.d.CAC32476DCE1F580D663FC4CE02E6376.e.3002","ELEMENT":"f.92BE17D50179148B77FBA55A3B2D928C.d.CAC32476DCE1F580D663FC4CE02E6376.e.3002"}]}
RESULT: {"script":"<script> [8489 bytes]","args":[{"element-6066-11e4-a52e-4f735466cecf":"f.92BE17D50179148B77FBA55A3B2D928C.d.CAC32476DCE1F580D663FC4CE02E6376.e.3002","ELEMENT":"f.92BE17D50179148B77FBA55A3B2D928C.d.CAC32476DCE1F580D663FC4CE02E6376.e.3002"}]}
COMMAND: POST /session/3063759ab3aa077dff26570c094434dd/execute/async - {"script":"<script> [1562 bytes]","args":[{"selector":{"id":"application-manageyards-display-component---NewYard--addressNewCostObjectCstID-vhi"},"wdio_ui5_key":"applicationmanageyards-display-component---NewYard--addressNewCostObjectCstID-vhi"}]}
COMMAND: GET /session/3063759ab3aa077dff26570c094434dd/screenshot - {}
RESULT: {"script":"<script> [1562 bytes]","args":[{"selector":{"id":"application-manageyards-display-component---NewYard--addressNewCostObjectCstID-vhi"},"wdio_ui5_key":"applicationmanageyards-display-component---NewYard--addressNewCostObjectCstID-vhi"}]}
RESULT: undefined
COMMAND: POST /session/3063759ab3aa077dff26570c094434dd/element - {"using":"xpath","value":"//*[@id=\"application-manageyards-display-component---NewYard--addressNewCostObjectCstID-vhi\"]"}
RESULT: {}
RESULT: {"using":"xpath","value":"//*[@id=\"application-manageyards-display-component---NewYard--addressNewCostObjectCstID-vhi\"]"}
COMMAND: POST /session/3063759ab3aa077dff26570c094434dd/element/f.92BE17D50179148B77FBA55A3B2D928C.d.CAC32476DCE1F580D663FC4CE02E6376.e.3002/click - {}
RESULT: {}
COMMAND: GET /session/3063759ab3aa077dff26570c094434dd/screenshot - {}
RESULT: {}
COMMAND: POST /session/3063759ab3aa077dff26570c094434dd/execute/async - {"script":"<script> [1562 bytes]","args":[{"selector":{"controlType":"sap.m.SearchField","properties":{"placeholder":"Search"},"searchOpenDialogs":true,"interaction":{"idSuffix":"I"}},"wdio_ui5_key":"sapm.SearchField{\"placeholder\":\"Search\"}"}]}
RESULT: {"script":"<script> [1562 bytes]","args":[{"selector":{"controlType":"sap.m.SearchField","properties":{"placeholder":"Search"},"searchOpenDialogs":true,"interaction":{"idSuffix":"I"}},"wdio_ui5_key":"sapm.SearchField{\"placeholder\":\"Search\"}"}]}
RESULT: undefined
COMMAND: POST /session/3063759ab3aa077dff26570c094434dd/execute/async - {"script":"<script> [776 bytes]","args":[{"enterText":"bauh_b","selector":{"controlType":"sap.m.SearchField","properties":{"placeholder":"Search"},"searchOpenDialogs":true,"interaction":{"idSuffix":"I"}},"clearTextFirst":true,"interactionType":"ENTER_TEXT"}]}
RESULT: {"script":"<script> [776 bytes]","args":[{"enterText":"bauh_b","selector":{"controlType":"sap.m.SearchField","properties":{"placeholder":"Search"},"searchOpenDialogs":true,"interaction":{"idSuffix":"I"}},"clearTextFirst":true,"interactionType":"ENTER_TEXT"}]}
COMMAND: POST /session/3063759ab3aa077dff26570c094434dd/actions - {"actions":[{"id":"action9","type":"key","parameters":{},"actions":[{"type":"keyDown","value":"î€‡"},{"type":"pause","duration":10},{"type":"keyUp","value":"î€‡"}]}]}
RESULT: {"actions":[{"id":"action9","type":"key","parameters":{},"actions":[{"type":"keyDown","value":"î€‡"},{"type":"pause","duration":10},{"type":"keyUp","value":"î€‡"}]}]}
COMMAND: GET /session/3063759ab3aa077dff26570c094434dd/screenshot - {}
RESULT: {}
COMMAND: POST /session/3063759ab3aa077dff26570c094434dd/element - {"using":"xpath","value":"//span[contains(text(), \"Demo Yard\")]"}
RESULT: {"using":"xpath","value":"//span[contains(text(), \"Demo Yard\")]"}
COMMAND: POST /session/3063759ab3aa077dff26570c094434dd/element/f.92BE17D50179148B77FBA55A3B2D928C.d.CAC32476DCE1F580D663FC4CE02E6376.e.3043/click - {}
RESULT: {}
COMMAND: GET /session/3063759ab3aa077dff26570c094434dd/screenshot - {}
RESULT: {}
COMMAND: POST /session/3063759ab3aa077dff26570c094434dd/element - {"using":"xpath","value":"//bdi[contains(text(), \"OK\")]"}
RESULT: {"using":"xpath","value":"//bdi[contains(text(), \"OK\")]"}
COMMAND: POST /session/3063759ab3aa077dff26570c094434dd/element/f.92BE17D50179148B77FBA55A3B2D928C.d.CAC32476DCE1F580D663FC4CE02E6376.e.3044/click - {}
RESULT: {}
COMMAND: GET /session/3063759ab3aa077dff26570c094434dd/screenshot - {}
RESULT: {}
COMMAND: POST /session/3063759ab3aa077dff26570c094434dd/execute/async - {"script":"<script> [1562 bytes]","args":[{"selector":{"id":"application-manageyards-display-component---NewYard--addressEditDetailsCurrency-arrow"},"wdio_ui5_key":"applicationmanageyards-display-component---NewYard--addressEditDetailsCurrency-arrow"}]}
RESULT: {"script":"<script> [1562 bytes]","args":[{"selector":{"id":"application-manageyards-display-component---NewYard--addressEditDetailsCurrency-arrow"},"wdio_ui5_key":"applicationmanageyards-display-component---NewYard--addressEditDetailsCurrency-arrow"}]}
RESULT: undefined
COMMAND: POST /session/3063759ab3aa077dff26570c094434dd/element - {"using":"xpath","value":"//*[@id=\"application-manageyards-display-component---NewYard--addressEditDetailsCurrency-arrow\"]"}
RESULT: {"using":"xpath","value":"//*[@id=\"application-manageyards-display-component---NewYard--addressEditDetailsCurrency-arrow\"]"}
COMMAND: POST /session/3063759ab3aa077dff26570c094434dd/element/f.92BE17D50179148B77FBA55A3B2D928C.d.CAC32476DCE1F580D663FC4CE02E6376.e.3047/click - {}
RESULT: {}
COMMAND: POST /session/3063759ab3aa077dff26570c094434dd/element - {"using":"xpath","value":"//span[contains(text(), \"Euro\")]"}
COMMAND: GET /session/3063759ab3aa077dff26570c094434dd/screenshot - {}
RESULT: {"using":"xpath","value":"//span[contains(text(), \"Euro\")]"}
COMMAND: POST /session/3063759ab3aa077dff26570c094434dd/element/f.92BE17D50179148B77FBA55A3B2D928C.d.CAC32476DCE1F580D663FC4CE02E6376.e.3048/click - {}
RESULT: {}
RESULT: {}
COMMAND: POST /session/3063759ab3aa077dff26570c094434dd/execute/async - {"script":"<script> [1562 bytes]","args":[{"selector":{"controlType":"sap.m.Input","viewName":"etm.portal.ui.manageyards.view.New","viewId":"application-manageyards-display-component---NewYard","bindingPath":{"path":"","propertyPath":"/CONTROLLING_AREA","modelName":"NewYardModel"},"interaction":{"idSuffix":"inner"}},"wdio_ui5_key":"etmportal.ui.manageyards.view.Newsap.m.Input{\"path\":\"\",\"propertyPath\":\"/CONTROLLING_AREA\",\"modelName\":\"NewYardModel\"}"}]}
COMMAND: GET /session/3063759ab3aa077dff26570c094434dd/screenshot - {}
RESULT: {"script":"<script> [1562 bytes]","args":[{"selector":{"controlType":"sap.m.Input","viewName":"etm.portal.ui.manageyards.view.New","viewId":"application-manageyards-display-component---NewYard","bindingPath":{"path":"","propertyPath":"/CONTROLLING_AREA","modelName":"NewYardModel"},"interaction":{"idSuffix":"inner"}},"wdio_ui5_key":"etmportal.ui.manageyards.view.Newsap.m.Input{\"path\":\"\",\"propertyPath\":\"/CONTROLLING_AREA\",\"modelName\":\"NewYardModel\"}"}]}
RESULT: undefined
COMMAND: POST /session/3063759ab3aa077dff26570c094434dd/execute/async - {"script":"<script> [776 bytes]","args":[{"enterText":"Z001","selector":{"controlType":"sap.m.Input","viewName":"etm.portal.ui.manageyards.view.New","viewId":"application-manageyards-display-component---NewYard","bindingPath":{"path":"","propertyPath":"/CONTROLLING_AREA","modelName":"NewYardModel"},"interaction":{"idSuffix":"inner"}},"clearTextFirst":true,"interactionType":"ENTER_TEXT"}]}
RESULT: {}
RESULT: {"script":"<script> [776 bytes]","args":[{"enterText":"Z001","selector":{"controlType":"sap.m.Input","viewName":"etm.portal.ui.manageyards.view.New","viewId":"application-manageyards-display-component---NewYard","bindingPath":{"path":"","propertyPath":"/CONTROLLING_AREA","modelName":"NewYardModel"},"interaction":{"idSuffix":"inner"}},"clearTextFirst":true,"interactionType":"ENTER_TEXT"}]}
COMMAND: POST /session/3063759ab3aa077dff26570c094434dd/execute/async - {"script":"<script> [1562 bytes]","args":[{"selector":{"id":"application-manageyards-display-component---NewYard--companyCodeComboBox","interaction":{"idSuffix":"inner"}},"wdio_ui5_key":"applicationmanageyards-display-component---NewYard--companyCodeComboBox"}]}
RESULT: {"script":"<script> [1562 bytes]","args":[{"selector":{"id":"application-manageyards-display-component---NewYard--companyCodeComboBox","interaction":{"idSuffix":"inner"}},"wdio_ui5_key":"applicationmanageyards-display-component---NewYard--companyCodeComboBox"}]}
RESULT: undefined
COMMAND: POST /session/3063759ab3aa077dff26570c094434dd/execute/async - {"script":"<script> [776 bytes]","args":[{"enterText":"1000","selector":{"id":"application-manageyards-display-component---NewYard--companyCodeComboBox","interaction":{"idSuffix":"inner"}},"clearTextFirst":true,"interactionType":"ENTER_TEXT"}]}
RESULT: {"script":"<script> [776 bytes]","args":[{"enterText":"1000","selector":{"id":"application-manageyards-display-component---NewYard--companyCodeComboBox","interaction":{"idSuffix":"inner"}},"clearTextFirst":true,"interactionType":"ENTER_TEXT"}]}
COMMAND: POST /session/3063759ab3aa077dff26570c094434dd/execute/async - {"script":"<script> [1562 bytes]","args":[{"selector":{"controlType":"sap.m.Input","viewName":"etm.portal.ui.manageyards.view.New","viewId":"application-manageyards-display-component---NewYard","bindingPath":{"path":"","propertyPath":"/PLANT","modelName":"NewYardModel"},"interaction":{"idSuffix":"inner"}},"wdio_ui5_key":"etmportal.ui.manageyards.view.Newsap.m.Input{\"path\":\"\",\"propertyPath\":\"/PLANT\",\"modelName\":\"NewYardModel\"}"}]}
RESULT: {"script":"<script> [1562 bytes]","args":[{"selector":{"controlType":"sap.m.Input","viewName":"etm.portal.ui.manageyards.view.New","viewId":"application-manageyards-display-component---NewYard","bindingPath":{"path":"","propertyPath":"/PLANT","modelName":"NewYardModel"},"interaction":{"idSuffix":"inner"}},"wdio_ui5_key":"etmportal.ui.manageyards.view.Newsap.m.Input{\"path\":\"\",\"propertyPath\":\"/PLANT\",\"modelName\":\"NewYardModel\"}"}]}
RESULT: undefined
COMMAND: POST /session/3063759ab3aa077dff26570c094434dd/execute/async - {"script":"<script> [776 bytes]","args":[{"enterText":"1001","selector":{"controlType":"sap.m.Input","viewName":"etm.portal.ui.manageyards.view.New","viewId":"application-manageyards-display-component---NewYard","bindingPath":{"path":"","propertyPath":"/PLANT","modelName":"NewYardModel"},"interaction":{"idSuffix":"inner"}},"clearTextFirst":true,"interactionType":"ENTER_TEXT"}]}
RESULT: {"script":"<script> [776 bytes]","args":[{"enterText":"1001","selector":{"controlType":"sap.m.Input","viewName":"etm.portal.ui.manageyards.view.New","viewId":"application-manageyards-display-component---NewYard","bindingPath":{"path":"","propertyPath":"/PLANT","modelName":"NewYardModel"},"interaction":{"idSuffix":"inner"}},"clearTextFirst":true,"interactionType":"ENTER_TEXT"}]}
COMMAND: POST /session/3063759ab3aa077dff26570c094434dd/execute/async - {"script":"<script> [1562 bytes]","args":[{"selector":{"controlType":"sap.m.Input","viewName":"etm.portal.ui.manageyards.view.New","viewId":"application-manageyards-display-component---NewYard","bindingPath":{"path":"","propertyPath":"/SALES_AREA_VKORG","modelName":"NewYardModel"},"interaction":{"idSuffix":"inner"}},"wdio_ui5_key":"etmportal.ui.manageyards.view.Newsap.m.Input{\"path\":\"\",\"propertyPath\":\"/SALES_AREA_VKORG\",\"modelName\":\"NewYardModel\"}"}]}
RESULT: {"script":"<script> [1562 bytes]","args":[{"selector":{"controlType":"sap.m.Input","viewName":"etm.portal.ui.manageyards.view.New","viewId":"application-manageyards-display-component---NewYard","bindingPath":{"path":"","propertyPath":"/SALES_AREA_VKORG","modelName":"NewYardModel"},"interaction":{"idSuffix":"inner"}},"wdio_ui5_key":"etmportal.ui.manageyards.view.Newsap.m.Input{\"path\":\"\",\"propertyPath\":\"/SALES_AREA_VKORG\",\"modelName\":\"NewYardModel\"}"}]}
RESULT: undefined
COMMAND: POST /session/3063759ab3aa077dff26570c094434dd/execute/async - {"script":"<script> [776 bytes]","args":[{"enterText":"C002","selector":{"controlType":"sap.m.Input","viewName":"etm.portal.ui.manageyards.view.New","viewId":"application-manageyards-display-component---NewYard","bindingPath":{"path":"","propertyPath":"/SALES_AREA_VKORG","modelName":"NewYardModel"},"interaction":{"idSuffix":"inner"}},"clearTextFirst":true,"interactionType":"ENTER_TEXT"}]}
RESULT: {"script":"<script> [776 bytes]","args":[{"enterText":"C002","selector":{"controlType":"sap.m.Input","viewName":"etm.portal.ui.manageyards.view.New","viewId":"application-manageyards-display-component---NewYard","bindingPath":{"path":"","propertyPath":"/SALES_AREA_VKORG","modelName":"NewYardModel"},"interaction":{"idSuffix":"inner"}},"clearTextFirst":true,"interactionType":"ENTER_TEXT"}]}
COMMAND: POST /session/3063759ab3aa077dff26570c094434dd/execute/async - {"script":"<script> [1562 bytes]","args":[{"selector":{"controlType":"sap.m.Input","viewName":"etm.portal.ui.manageyards.view.New","viewId":"application-manageyards-display-component---NewYard","bindingPath":{"path":"","propertyPath":"/SALES_AREA_VTWEG","modelName":"NewYardModel"},"interaction":{"idSuffix":"inner"}},"wdio_ui5_key":"etmportal.ui.manageyards.view.Newsap.m.Input{\"path\":\"\",\"propertyPath\":\"/SALES_AREA_VTWEG\",\"modelName\":\"NewYardModel\"}"}]}
RESULT: {"script":"<script> [1562 bytes]","args":[{"selector":{"controlType":"sap.m.Input","viewName":"etm.portal.ui.manageyards.view.New","viewId":"application-manageyards-display-component---NewYard","bindingPath":{"path":"","propertyPath":"/SALES_AREA_VTWEG","modelName":"NewYardModel"},"interaction":{"idSuffix":"inner"}},"wdio_ui5_key":"etmportal.ui.manageyards.view.Newsap.m.Input{\"path\":\"\",\"propertyPath\":\"/SALES_AREA_VTWEG\",\"modelName\":\"NewYardModel\"}"}]}
RESULT: undefined
COMMAND: POST /session/3063759ab3aa077dff26570c094434dd/execute/async - {"script":"<script> [776 bytes]","args":[{"enterText":"C2","selector":{"controlType":"sap.m.Input","viewName":"etm.portal.ui.manageyards.view.New","viewId":"application-manageyards-display-component---NewYard","bindingPath":{"path":"","propertyPath":"/SALES_AREA_VTWEG","modelName":"NewYardModel"},"interaction":{"idSuffix":"inner"}},"clearTextFirst":true,"interactionType":"ENTER_TEXT"}]}
RESULT: {"script":"<script> [776 bytes]","args":[{"enterText":"C2","selector":{"controlType":"sap.m.Input","viewName":"etm.portal.ui.manageyards.view.New","viewId":"application-manageyards-display-component---NewYard","bindingPath":{"path":"","propertyPath":"/SALES_AREA_VTWEG","modelName":"NewYardModel"},"interaction":{"idSuffix":"inner"}},"clearTextFirst":true,"interactionType":"ENTER_TEXT"}]}
COMMAND: POST /session/3063759ab3aa077dff26570c094434dd/execute/async - {"script":"<script> [1562 bytes]","args":[{"selector":{"controlType":"sap.m.Input","viewName":"etm.portal.ui.manageyards.view.New","viewId":"application-manageyards-display-component---NewYard","bindingPath":{"path":"","propertyPath":"/SALES_AREA_SPART","modelName":"NewYardModel"},"interaction":{"idSuffix":"inner"}},"wdio_ui5_key":"etmportal.ui.manageyards.view.Newsap.m.Input{\"path\":\"\",\"propertyPath\":\"/SALES_AREA_SPART\",\"modelName\":\"NewYardModel\"}"}]}
RESULT: {"script":"<script> [1562 bytes]","args":[{"selector":{"controlType":"sap.m.Input","viewName":"etm.portal.ui.manageyards.view.New","viewId":"application-manageyards-display-component---NewYard","bindingPath":{"path":"","propertyPath":"/SALES_AREA_SPART","modelName":"NewYardModel"},"interaction":{"idSuffix":"inner"}},"wdio_ui5_key":"etmportal.ui.manageyards.view.Newsap.m.Input{\"path\":\"\",\"propertyPath\":\"/SALES_AREA_SPART\",\"modelName\":\"NewYardModel\"}"}]}
RESULT: undefined
COMMAND: POST /session/3063759ab3aa077dff26570c094434dd/execute/async - {"script":"<script> [776 bytes]","args":[{"enterText":"C2","selector":{"controlType":"sap.m.Input","viewName":"etm.portal.ui.manageyards.view.New","viewId":"application-manageyards-display-component---NewYard","bindingPath":{"path":"","propertyPath":"/SALES_AREA_SPART","modelName":"NewYardModel"},"interaction":{"idSuffix":"inner"}},"clearTextFirst":true,"interactionType":"ENTER_TEXT"}]}
RESULT: {"script":"<script> [776 bytes]","args":[{"enterText":"C2","selector":{"controlType":"sap.m.Input","viewName":"etm.portal.ui.manageyards.view.New","viewId":"application-manageyards-display-component---NewYard","bindingPath":{"path":"","propertyPath":"/SALES_AREA_SPART","modelName":"NewYardModel"},"interaction":{"idSuffix":"inner"}},"clearTextFirst":true,"interactionType":"ENTER_TEXT"}]}
COMMAND: POST /session/3063759ab3aa077dff26570c094434dd/execute/async - {"script":"<script> [1562 bytes]","args":[{"selector":{"controlType":"sap.m.Input","viewName":"etm.portal.ui.manageyards.view.New","viewId":"application-manageyards-display-component---NewYard","bindingPath":{"path":"","propertyPath":"/SHIP_POINT","modelName":"NewYardModel"},"interaction":{"idSuffix":"inner"}},"wdio_ui5_key":"etmportal.ui.manageyards.view.Newsap.m.Input{\"path\":\"\",\"propertyPath\":\"/SHIP_POINT\",\"modelName\":\"NewYardModel\"}"}]}
RESULT: {"script":"<script> [1562 bytes]","args":[{"selector":{"controlType":"sap.m.Input","viewName":"etm.portal.ui.manageyards.view.New","viewId":"application-manageyards-display-component---NewYard","bindingPath":{"path":"","propertyPath":"/SHIP_POINT","modelName":"NewYardModel"},"interaction":{"idSuffix":"inner"}},"wdio_ui5_key":"etmportal.ui.manageyards.view.Newsap.m.Input{\"path\":\"\",\"propertyPath\":\"/SHIP_POINT\",\"modelName\":\"NewYardModel\"}"}]}
RESULT: undefined
COMMAND: POST /session/3063759ab3aa077dff26570c094434dd/execute/async - {"script":"<script> [776 bytes]","args":[{"enterText":"1710","selector":{"controlType":"sap.m.Input","viewName":"etm.portal.ui.manageyards.view.New","viewId":"application-manageyards-display-component---NewYard","bindingPath":{"path":"","propertyPath":"/SHIP_POINT","modelName":"NewYardModel"},"interaction":{"idSuffix":"inner"}},"clearTextFirst":true,"interactionType":"ENTER_TEXT"}]}
RESULT: {"script":"<script> [776 bytes]","args":[{"enterText":"1710","selector":{"controlType":"sap.m.Input","viewName":"etm.portal.ui.manageyards.view.New","viewId":"application-manageyards-display-component---NewYard","bindingPath":{"path":"","propertyPath":"/SHIP_POINT","modelName":"NewYardModel"},"interaction":{"idSuffix":"inner"}},"clearTextFirst":true,"interactionType":"ENTER_TEXT"}]}
COMMAND: POST /session/3063759ab3aa077dff26570c094434dd/execute/async - {"script":"<script> [1562 bytes]","args":[{"selector":{"controlType":"sap.m.Input","viewName":"etm.portal.ui.manageyards.view.New","viewId":"application-manageyards-display-component---NewYard","bindingPath":{"path":"","propertyPath":"/DELIVERY_TYPE","modelName":"NewYardModel"},"interaction":{"idSuffix":"inner"}},"wdio_ui5_key":"etmportal.ui.manageyards.view.Newsap.m.Input{\"path\":\"\",\"propertyPath\":\"/DELIVERY_TYPE\",\"modelName\":\"NewYardModel\"}"}]}
RESULT: {"script":"<script> [1562 bytes]","args":[{"selector":{"controlType":"sap.m.Input","viewName":"etm.portal.ui.manageyards.view.New","viewId":"application-manageyards-display-component---NewYard","bindingPath":{"path":"","propertyPath":"/DELIVERY_TYPE","modelName":"NewYardModel"},"interaction":{"idSuffix":"inner"}},"wdio_ui5_key":"etmportal.ui.manageyards.view.Newsap.m.Input{\"path\":\"\",\"propertyPath\":\"/DELIVERY_TYPE\",\"modelName\":\"NewYardModel\"}"}]}
RESULT: undefined
COMMAND: POST /session/3063759ab3aa077dff26570c094434dd/execute/async - {"script":"<script> [776 bytes]","args":[{"enterText":"ZL01","selector":{"controlType":"sap.m.Input","viewName":"etm.portal.ui.manageyards.view.New","viewId":"application-manageyards-display-component---NewYard","bindingPath":{"path":"","propertyPath":"/DELIVERY_TYPE","modelName":"NewYardModel"},"interaction":{"idSuffix":"inner"}},"clearTextFirst":true,"interactionType":"ENTER_TEXT"}]}
RESULT: {"script":"<script> [776 bytes]","args":[{"enterText":"ZL01","selector":{"controlType":"sap.m.Input","viewName":"etm.portal.ui.manageyards.view.New","viewId":"application-manageyards-display-component---NewYard","bindingPath":{"path":"","propertyPath":"/DELIVERY_TYPE","modelName":"NewYardModel"},"interaction":{"idSuffix":"inner"}},"clearTextFirst":true,"interactionType":"ENTER_TEXT"}]}
COMMAND: POST /session/3063759ab3aa077dff26570c094434dd/execute/async - {"script":"<script> [1562 bytes]","args":[{"selector":{"controlType":"sap.m.Input","viewName":"etm.portal.ui.manageyards.view.New","viewId":"application-manageyards-display-component---NewYard","bindingPath":{"path":"","propertyPath":"/AUART","modelName":"NewYardModel"},"interaction":{"idSuffix":"inner"}},"wdio_ui5_key":"etmportal.ui.manageyards.view.Newsap.m.Input{\"path\":\"\",\"propertyPath\":\"/AUART\",\"modelName\":\"NewYardModel\"}"}]}
RESULT: {"script":"<script> [1562 bytes]","args":[{"selector":{"controlType":"sap.m.Input","viewName":"etm.portal.ui.manageyards.view.New","viewId":"application-manageyards-display-component---NewYard","bindingPath":{"path":"","propertyPath":"/AUART","modelName":"NewYardModel"},"interaction":{"idSuffix":"inner"}},"wdio_ui5_key":"etmportal.ui.manageyards.view.Newsap.m.Input{\"path\":\"\",\"propertyPath\":\"/AUART\",\"modelName\":\"NewYardModel\"}"}]}
RESULT: undefined
COMMAND: POST /session/3063759ab3aa077dff26570c094434dd/execute/async - {"script":"<script> [776 bytes]","args":[{"enterText":"TA","selector":{"controlType":"sap.m.Input","viewName":"etm.portal.ui.manageyards.view.New","viewId":"application-manageyards-display-component---NewYard","bindingPath":{"path":"","propertyPath":"/AUART","modelName":"NewYardModel"},"interaction":{"idSuffix":"inner"}},"clearTextFirst":true,"interactionType":"ENTER_TEXT"}]}
RESULT: {"script":"<script> [776 bytes]","args":[{"enterText":"TA","selector":{"controlType":"sap.m.Input","viewName":"etm.portal.ui.manageyards.view.New","viewId":"application-manageyards-display-component---NewYard","bindingPath":{"path":"","propertyPath":"/AUART","modelName":"NewYardModel"},"interaction":{"idSuffix":"inner"}},"clearTextFirst":true,"interactionType":"ENTER_TEXT"}]}
COMMAND: POST /session/3063759ab3aa077dff26570c094434dd/execute/async - {"script":"<script> [1562 bytes]","args":[{"selector":{"id":"application-manageyards-display-component---NewYard--whmCheckBox","interaction":{"idSuffix":"CbBg"}},"wdio_ui5_key":"applicationmanageyards-display-component---NewYard--whmCheckBox"}]}
RESULT: {"script":"<script> [1562 bytes]","args":[{"selector":{"id":"application-manageyards-display-component---NewYard--whmCheckBox","interaction":{"idSuffix":"CbBg"}},"wdio_ui5_key":"applicationmanageyards-display-component---NewYard--whmCheckBox"}]}
RESULT: undefined
COMMAND: POST /session/3063759ab3aa077dff26570c094434dd/element - {"using":"xpath","value":"//*[@id=\"application-manageyards-display-component---NewYard--whmCheckBox\"]"}
RESULT: {"using":"xpath","value":"//*[@id=\"application-manageyards-display-component---NewYard--whmCheckBox\"]"}
COMMAND: POST /session/3063759ab3aa077dff26570c094434dd/element/f.92BE17D50179148B77FBA55A3B2D928C.d.CAC32476DCE1F580D663FC4CE02E6376.e.3068/click - {}
RESULT: {}
COMMAND: GET /session/3063759ab3aa077dff26570c094434dd/screenshot - {}
RESULT: {}
COMMAND: POST /session/3063759ab3aa077dff26570c094434dd/element - {"using":"xpath","value":"//button[@data-kt=\"newYardSaveButton\"]"}
RESULT: {"using":"xpath","value":"//button[@data-kt=\"newYardSaveButton\"]"}
COMMAND: POST /session/3063759ab3aa077dff26570c094434dd/element/f.92BE17D50179148B77FBA55A3B2D928C.d.CAC32476DCE1F580D663FC4CE02E6376.e.2984/click - {}
RESULT: {}
COMMAND: GET /session/3063759ab3aa077dff26570c094434dd/screenshot - {}
RESULT: {}
COMMAND: POST /session/3063759ab3aa077dff26570c094434dd/element - {"using":"xpath","value":"//header[contains(@id, 'ObjectPageLayout-headerTitle')]/div[1]/div[2]/div[1]/span[1]"}
RESULT: {"using":"xpath","value":"//header[contains(@id, 'ObjectPageLayout-headerTitle')]/div[1]/div[2]/div[1]/span[1]"}
COMMAND: POST /session/3063759ab3aa077dff26570c094434dd/elements - {"using":"xpath","value":"//header[contains(@id, 'ObjectPageLayout-headerTitle')]/div[1]/div[2]/div[1]/span[1]"}
RESULT: {"using":"xpath","value":"//header[contains(@id, 'ObjectPageLayout-headerTitle')]/div[1]/div[2]/div[1]/span[1]"}
COMMAND: POST /session/3063759ab3aa077dff26570c094434dd/execute/sync - {"script":"<script> [56 bytes]","args":[{"element-6066-11e4-a52e-4f735466cecf":"f.92BE17D50179148B77FBA55A3B2D928C.d.CAC32476DCE1F580D663FC4CE02E6376.e.3260","ELEMENT":"f.92BE17D50179148B77FBA55A3B2D928C.d.CAC32476DCE1F580D663FC4CE02E6376.e.3260"}]}
RESULT: {"script":"<script> [56 bytes]","args":[{"element-6066-11e4-a52e-4f735466cecf":"f.92BE17D50179148B77FBA55A3B2D928C.d.CAC32476DCE1F580D663FC4CE02E6376.e.3260","ELEMENT":"f.92BE17D50179148B77FBA55A3B2D928C.d.CAC32476DCE1F580D663FC4CE02E6376.e.3260"}]}
COMMAND: GET /session/3063759ab3aa077dff26570c094434dd/screenshot - {}
RESULT: {}
COMMAND: POST /session/3063759ab3aa077dff26570c094434dd/element - {"using":"css selector","value":"#shell-header-logo"}
RESULT: {"using":"css selector","value":"#shell-header-logo"}
COMMAND: POST /session/3063759ab3aa077dff26570c094434dd/element/f.92BE17D50179148B77FBA55A3B2D928C.d.CAC32476DCE1F580D663FC4CE02E6376.e.2556/click - {}
RESULT: {}
COMMAND: GET /session/3063759ab3aa077dff26570c094434dd/screenshot - {}
RESULT: {}
COMMAND: POST /session/3063759ab3aa077dff26570c094434dd/execute/sync - {"script":"<script> [299 bytes]","args":[["getModel","getResource"]]}
RESULT: {"script":"<script> [299 bytes]","args":[["getModel","getResource"]]}
COMMAND: GET /session/3063759ab3aa077dff26570c094434dd/screenshot - {}
]]></system-out>
    </testcase>
    <testcase classname="chrome.137_0_7151_69.windows.Create_masterdata_for_Yard_Overview_-_trigger_provide_US130988" name="Should create a new external partner" time="102.6">
      <system-out><![CDATA[
COMMAND: POST /session/3063759ab3aa077dff26570c094434dd/window/fullscreen - {}
RESULT: {}
RESULT: {}
COMMAND: POST /session/3063759ab3aa077dff26570c094434dd/execute/async - {"script":"<script> [1562 bytes]","args":[{"selector":{"controlType":"sap.m.GenericTile","properties":{"header":"Manage Partners"}},"wdio_ui5_key":"sapm.GenericTile{\"header\":\"Manage Partners\"}"}]}
RESULT: {"script":"<script> [1562 bytes]","args":[{"selector":{"controlType":"sap.m.GenericTile","properties":{"header":"Manage Partners"}},"wdio_ui5_key":"sapm.GenericTile{\"header\":\"Manage Partners\"}"}]}
RESULT: undefined
COMMAND: POST /session/3063759ab3aa077dff26570c094434dd/element - {"using":"xpath","value":"//*[@id=\"__tile39\"]"}
RESULT: {"using":"xpath","value":"//*[@id=\"__tile39\"]"}
COMMAND: POST /session/3063759ab3aa077dff26570c094434dd/element/f.92BE17D50179148B77FBA55A3B2D928C.d.CAC32476DCE1F580D663FC4CE02E6376.e.2440/click - {}
RESULT: {}
COMMAND: GET /session/3063759ab3aa077dff26570c094434dd/screenshot - {}
RESULT: {}
COMMAND: POST /session/3063759ab3aa077dff26570c094434dd/elements - {"using":"xpath","value":"//span[text()='Error']"}
RESULT: {"using":"xpath","value":"//span[text()='Error']"}
COMMAND: POST /session/3063759ab3aa077dff26570c094434dd/element - {"using":"xpath","value":"//button[@data-kt=\"addButton\"]"}
RESULT: {"using":"xpath","value":"//button[@data-kt=\"addButton\"]"}
COMMAND: POST /session/3063759ab3aa077dff26570c094434dd/elements - {"using":"xpath","value":"//button[@data-kt=\"addButton\"]"}
RESULT: {"using":"xpath","value":"//button[@data-kt=\"addButton\"]"}
COMMAND: POST /session/3063759ab3aa077dff26570c094434dd/elements - {"using":"xpath","value":"//button[@data-kt=\"addButton\"]"}
RESULT: {"using":"xpath","value":"//button[@data-kt=\"addButton\"]"}
COMMAND: POST /session/3063759ab3aa077dff26570c094434dd/elements - {"using":"xpath","value":"//button[@data-kt=\"addButton\"]"}
RESULT: {"using":"xpath","value":"//button[@data-kt=\"addButton\"]"}
COMMAND: POST /session/3063759ab3aa077dff26570c094434dd/elements - {"using":"xpath","value":"//button[@data-kt=\"addButton\"]"}
RESULT: {"using":"xpath","value":"//button[@data-kt=\"addButton\"]"}
COMMAND: POST /session/3063759ab3aa077dff26570c094434dd/element - {"using":"xpath","value":"//button[@data-kt=\"addButton\"]"}
RESULT: {"using":"xpath","value":"//button[@data-kt=\"addButton\"]"}
COMMAND: POST /session/3063759ab3aa077dff26570c094434dd/execute/sync - {"script":"<script> [8489 bytes]","args":[{"element-6066-11e4-a52e-4f735466cecf":"f.92BE17D50179148B77FBA55A3B2D928C.d.CAC32476DCE1F580D663FC4CE02E6376.e.3299","ELEMENT":"f.92BE17D50179148B77FBA55A3B2D928C.d.CAC32476DCE1F580D663FC4CE02E6376.e.3299"}]}
RESULT: {"script":"<script> [8489 bytes]","args":[{"element-6066-11e4-a52e-4f735466cecf":"f.92BE17D50179148B77FBA55A3B2D928C.d.CAC32476DCE1F580D663FC4CE02E6376.e.3299","ELEMENT":"f.92BE17D50179148B77FBA55A3B2D928C.d.CAC32476DCE1F580D663FC4CE02E6376.e.3299"}]}
COMMAND: GET /session/3063759ab3aa077dff26570c094434dd/element/f.92BE17D50179148B77FBA55A3B2D928C.d.CAC32476DCE1F580D663FC4CE02E6376.e.3299/enabled - {}
COMMAND: GET /session/3063759ab3aa077dff26570c094434dd/screenshot - {}
RESULT: {}
COMMAND: POST /session/3063759ab3aa077dff26570c094434dd/execute/sync - {"script":"<script> [8489 bytes]","args":[{"element-6066-11e4-a52e-4f735466cecf":"f.92BE17D50179148B77FBA55A3B2D928C.d.CAC32476DCE1F580D663FC4CE02E6376.e.3299","ELEMENT":"f.92BE17D50179148B77FBA55A3B2D928C.d.CAC32476DCE1F580D663FC4CE02E6376.e.3299"}]}
COMMAND: GET /session/3063759ab3aa077dff26570c094434dd/screenshot - {}
RESULT: {}
RESULT: {"script":"<script> [8489 bytes]","args":[{"element-6066-11e4-a52e-4f735466cecf":"f.92BE17D50179148B77FBA55A3B2D928C.d.CAC32476DCE1F580D663FC4CE02E6376.e.3299","ELEMENT":"f.92BE17D50179148B77FBA55A3B2D928C.d.CAC32476DCE1F580D663FC4CE02E6376.e.3299"}]}
COMMAND: POST /session/3063759ab3aa077dff26570c094434dd/execute/sync - {"script":"<script> [5351 bytes]","args":[{"element-6066-11e4-a52e-4f735466cecf":"f.92BE17D50179148B77FBA55A3B2D928C.d.CAC32476DCE1F580D663FC4CE02E6376.e.3299","ELEMENT":"f.92BE17D50179148B77FBA55A3B2D928C.d.CAC32476DCE1F580D663FC4CE02E6376.e.3299"}]}
COMMAND: GET /session/3063759ab3aa077dff26570c094434dd/screenshot - {}
RESULT: {}
RESULT: {"script":"<script> [5351 bytes]","args":[{"element-6066-11e4-a52e-4f735466cecf":"f.92BE17D50179148B77FBA55A3B2D928C.d.CAC32476DCE1F580D663FC4CE02E6376.e.3299","ELEMENT":"f.92BE17D50179148B77FBA55A3B2D928C.d.CAC32476DCE1F580D663FC4CE02E6376.e.3299"}]}
COMMAND: POST /session/3063759ab3aa077dff26570c094434dd/element/f.92BE17D50179148B77FBA55A3B2D928C.d.CAC32476DCE1F580D663FC4CE02E6376.e.3299/click - {}
COMMAND: GET /session/3063759ab3aa077dff26570c094434dd/screenshot - {}
RESULT: {}
RESULT: {}
COMMAND: GET /session/3063759ab3aa077dff26570c094434dd/screenshot - {}
RESULT: {}
COMMAND: POST /session/3063759ab3aa077dff26570c094434dd/execute/async - {"script":"<script> [1562 bytes]","args":[{"selector":{"id":"application-managepartners-display-component---NewPartner--addressDetailDetailsName1","interaction":{"idSuffix":"inner"}},"wdio_ui5_key":"applicationmanagepartners-display-component---NewPartner--addressDetailDetailsName1"}]}
RESULT: {}
RESULT: {"script":"<script> [1562 bytes]","args":[{"selector":{"id":"application-managepartners-display-component---NewPartner--addressDetailDetailsName1","interaction":{"idSuffix":"inner"}},"wdio_ui5_key":"applicationmanagepartners-display-component---NewPartner--addressDetailDetailsName1"}]}
RESULT: undefined
COMMAND: POST /session/3063759ab3aa077dff26570c094434dd/execute/async - {"script":"<script> [776 bytes]","args":[{"enterText":"External Partner WDIO","selector":{"id":"application-managepartners-display-component---NewPartner--addressDetailDetailsName1","interaction":{"idSuffix":"inner"}},"clearTextFirst":true,"interactionType":"ENTER_TEXT"}]}
RESULT: {"script":"<script> [776 bytes]","args":[{"enterText":"External Partner WDIO","selector":{"id":"application-managepartners-display-component---NewPartner--addressDetailDetailsName1","interaction":{"idSuffix":"inner"}},"clearTextFirst":true,"interactionType":"ENTER_TEXT"}]}
COMMAND: POST /session/3063759ab3aa077dff26570c094434dd/execute/async - {"script":"<script> [1562 bytes]","args":[{"selector":{"id":"application-managepartners-display-component---NewPartner--addressDetailDetailsLanguage-arrow"},"wdio_ui5_key":"applicationmanagepartners-display-component---NewPartner--addressDetailDetailsLanguage-arrow"}]}
RESULT: {"script":"<script> [1562 bytes]","args":[{"selector":{"id":"application-managepartners-display-component---NewPartner--addressDetailDetailsLanguage-arrow"},"wdio_ui5_key":"applicationmanagepartners-display-component---NewPartner--addressDetailDetailsLanguage-arrow"}]}
RESULT: undefined
COMMAND: POST /session/3063759ab3aa077dff26570c094434dd/element - {"using":"xpath","value":"//*[@id=\"application-managepartners-display-component---NewPartner--addressDetailDetailsLanguage-arrow\"]"}
RESULT: {"using":"xpath","value":"//*[@id=\"application-managepartners-display-component---NewPartner--addressDetailDetailsLanguage-arrow\"]"}
COMMAND: POST /session/3063759ab3aa077dff26570c094434dd/element/f.92BE17D50179148B77FBA55A3B2D928C.d.CAC32476DCE1F580D663FC4CE02E6376.e.3635/click - {}
RESULT: {}
COMMAND: POST /session/3063759ab3aa077dff26570c094434dd/element - {"using":"xpath","value":"//span[contains(text(), \"English\")]"}
COMMAND: GET /session/3063759ab3aa077dff26570c094434dd/screenshot - {}
RESULT: {"using":"xpath","value":"//span[contains(text(), \"English\")]"}
COMMAND: POST /session/3063759ab3aa077dff26570c094434dd/element/f.92BE17D50179148B77FBA55A3B2D928C.d.CAC32476DCE1F580D663FC4CE02E6376.e.3636/click - {}
RESULT: {}
RESULT: {}
COMMAND: GET /session/3063759ab3aa077dff26570c094434dd/screenshot - {}
RESULT: {}
COMMAND: POST /session/3063759ab3aa077dff26570c094434dd/execute/async - {"script":"<script> [1562 bytes]","args":[{"selector":{"id":"application-managepartners-display-component---NewPartner--addressDetailDetailsCity1","interaction":{"idSuffix":"inner"}},"wdio_ui5_key":"applicationmanagepartners-display-component---NewPartner--addressDetailDetailsCity1"}]}
RESULT: {"script":"<script> [1562 bytes]","args":[{"selector":{"id":"application-managepartners-display-component---NewPartner--addressDetailDetailsCity1","interaction":{"idSuffix":"inner"}},"wdio_ui5_key":"applicationmanagepartners-display-component---NewPartner--addressDetailDetailsCity1"}]}
RESULT: undefined
COMMAND: POST /session/3063759ab3aa077dff26570c094434dd/execute/async - {"script":"<script> [776 bytes]","args":[{"enterText":"Rosario","selector":{"id":"application-managepartners-display-component---NewPartner--addressDetailDetailsCity1","interaction":{"idSuffix":"inner"}},"clearTextFirst":true,"interactionType":"ENTER_TEXT"}]}
RESULT: {"script":"<script> [776 bytes]","args":[{"enterText":"Rosario","selector":{"id":"application-managepartners-display-component---NewPartner--addressDetailDetailsCity1","interaction":{"idSuffix":"inner"}},"clearTextFirst":true,"interactionType":"ENTER_TEXT"}]}
COMMAND: POST /session/3063759ab3aa077dff26570c094434dd/execute/async - {"script":"<script> [1562 bytes]","args":[{"selector":{"id":"application-managepartners-display-component---NewPartner--addressDetailDetailsCountry-arrow"},"wdio_ui5_key":"applicationmanagepartners-display-component---NewPartner--addressDetailDetailsCountry-arrow"}]}
RESULT: {"script":"<script> [1562 bytes]","args":[{"selector":{"id":"application-managepartners-display-component---NewPartner--addressDetailDetailsCountry-arrow"},"wdio_ui5_key":"applicationmanagepartners-display-component---NewPartner--addressDetailDetailsCountry-arrow"}]}
RESULT: undefined
COMMAND: POST /session/3063759ab3aa077dff26570c094434dd/element - {"using":"xpath","value":"//*[@id=\"application-managepartners-display-component---NewPartner--addressDetailDetailsCountry-arrow\"]"}
RESULT: {"using":"xpath","value":"//*[@id=\"application-managepartners-display-component---NewPartner--addressDetailDetailsCountry-arrow\"]"}
COMMAND: POST /session/3063759ab3aa077dff26570c094434dd/element/f.92BE17D50179148B77FBA55A3B2D928C.d.CAC32476DCE1F580D663FC4CE02E6376.e.3622/click - {}
RESULT: {}
COMMAND: POST /session/3063759ab3aa077dff26570c094434dd/element - {"using":"xpath","value":"//span[contains(text(), \"Argentina\")]"}
COMMAND: GET /session/3063759ab3aa077dff26570c094434dd/screenshot - {}
RESULT: {"using":"xpath","value":"//span[contains(text(), \"Argentina\")]"}
COMMAND: POST /session/3063759ab3aa077dff26570c094434dd/element/f.92BE17D50179148B77FBA55A3B2D928C.d.CAC32476DCE1F580D663FC4CE02E6376.e.3638/click - {}
RESULT: {}
RESULT: {}
COMMAND: GET /session/3063759ab3aa077dff26570c094434dd/screenshot - {}
RESULT: {}
COMMAND: POST /session/3063759ab3aa077dff26570c094434dd/element - {"using":"xpath","value":"//bdi[contains(text(), \"Commercial\")]"}
RESULT: {"using":"xpath","value":"//bdi[contains(text(), \"Commercial\")]"}
COMMAND: POST /session/3063759ab3aa077dff26570c094434dd/element/f.92BE17D50179148B77FBA55A3B2D928C.d.CAC32476DCE1F580D663FC4CE02E6376.e.3639/click - {}
RESULT: {}
COMMAND: GET /session/3063759ab3aa077dff26570c094434dd/screenshot - {}
RESULT: {}
COMMAND: POST /session/3063759ab3aa077dff26570c094434dd/execute/async - {"script":"<script> [1562 bytes]","args":[{"selector":{"id":"application-managepartners-display-component---NewPartner--partnerDetailInternal-arrow"},"wdio_ui5_key":"applicationmanagepartners-display-component---NewPartner--partnerDetailInternal-arrow"}]}
RESULT: {"script":"<script> [1562 bytes]","args":[{"selector":{"id":"application-managepartners-display-component---NewPartner--partnerDetailInternal-arrow"},"wdio_ui5_key":"applicationmanagepartners-display-component---NewPartner--partnerDetailInternal-arrow"}]}
RESULT: undefined
COMMAND: POST /session/3063759ab3aa077dff26570c094434dd/element - {"using":"xpath","value":"//*[@id=\"application-managepartners-display-component---NewPartner--partnerDetailInternal-arrow\"]"}
RESULT: {"using":"xpath","value":"//*[@id=\"application-managepartners-display-component---NewPartner--partnerDetailInternal-arrow\"]"}
COMMAND: POST /session/3063759ab3aa077dff26570c094434dd/element/f.92BE17D50179148B77FBA55A3B2D928C.d.CAC32476DCE1F580D663FC4CE02E6376.e.3645/click - {}
RESULT: {}
COMMAND: POST /session/3063759ab3aa077dff26570c094434dd/element - {"using":"xpath","value":"//span[contains(text(), \"External partner\")]"}
COMMAND: GET /session/3063759ab3aa077dff26570c094434dd/screenshot - {}
RESULT: {"using":"xpath","value":"//span[contains(text(), \"External partner\")]"}
COMMAND: POST /session/3063759ab3aa077dff26570c094434dd/element/f.92BE17D50179148B77FBA55A3B2D928C.d.CAC32476DCE1F580D663FC4CE02E6376.e.3646/click - {}
RESULT: {}
RESULT: {}
COMMAND: POST /session/3063759ab3aa077dff26570c094434dd/execute/async - {"script":"<script> [1562 bytes]","args":[{"selector":{"id":"application-managepartners-display-component---NewPartner--partnerDetailsCurrency-arrow"},"wdio_ui5_key":"applicationmanagepartners-display-component---NewPartner--partnerDetailsCurrency-arrow"}]}
COMMAND: GET /session/3063759ab3aa077dff26570c094434dd/screenshot - {}
RESULT: {"script":"<script> [1562 bytes]","args":[{"selector":{"id":"application-managepartners-display-component---NewPartner--partnerDetailsCurrency-arrow"},"wdio_ui5_key":"applicationmanagepartners-display-component---NewPartner--partnerDetailsCurrency-arrow"}]}
RESULT: undefined
COMMAND: POST /session/3063759ab3aa077dff26570c094434dd/element - {"using":"xpath","value":"//*[@id=\"application-managepartners-display-component---NewPartner--partnerDetailsCurrency-arrow\"]"}
RESULT: {}
RESULT: {"using":"xpath","value":"//*[@id=\"application-managepartners-display-component---NewPartner--partnerDetailsCurrency-arrow\"]"}
COMMAND: POST /session/3063759ab3aa077dff26570c094434dd/element/f.92BE17D50179148B77FBA55A3B2D928C.d.CAC32476DCE1F580D663FC4CE02E6376.e.3651/click - {}
RESULT: {}
COMMAND: POST /session/3063759ab3aa077dff26570c094434dd/element - {"using":"xpath","value":"//span[contains(text(), \"US Dollar\")]"}
COMMAND: GET /session/3063759ab3aa077dff26570c094434dd/screenshot - {}
RESULT: {"using":"xpath","value":"//span[contains(text(), \"US Dollar\")]"}
COMMAND: POST /session/3063759ab3aa077dff26570c094434dd/element/f.92BE17D50179148B77FBA55A3B2D928C.d.CAC32476DCE1F580D663FC4CE02E6376.e.3652/click - {}
RESULT: {}
RESULT: {}
COMMAND: GET /session/3063759ab3aa077dff26570c094434dd/screenshot - {}
RESULT: {}
COMMAND: POST /session/3063759ab3aa077dff26570c094434dd/element - {"using":"xpath","value":"//input[@id=\"application-managepartners-display-component---NewPartner--companyCodeComboBox-inner\"]"}
RESULT: {"using":"xpath","value":"//input[@id=\"application-managepartners-display-component---NewPartner--companyCodeComboBox-inner\"]"}
COMMAND: POST /session/3063759ab3aa077dff26570c094434dd/element/f.92BE17D50179148B77FBA55A3B2D928C.d.CAC32476DCE1F580D663FC4CE02E6376.e.3490/clear - {}
RESULT: {}
COMMAND: POST /session/3063759ab3aa077dff26570c094434dd/element/f.92BE17D50179148B77FBA55A3B2D928C.d.CAC32476DCE1F580D663FC4CE02E6376.e.3490/value - {"text":"C002"}
COMMAND: GET /session/3063759ab3aa077dff26570c094434dd/screenshot - {}
RESULT: {"text":"C002"}
COMMAND: GET /session/3063759ab3aa077dff26570c094434dd/screenshot - {}
RESULT: {}
RESULT: {}
COMMAND: POST /session/3063759ab3aa077dff26570c094434dd/element - {"using":"xpath","value":"//li[.//span[text()= \"C002\"]]"}
RESULT: {"using":"xpath","value":"//li[.//span[text()= \"C002\"]]"}
COMMAND: POST /session/3063759ab3aa077dff26570c094434dd/element/f.92BE17D50179148B77FBA55A3B2D928C.d.CAC32476DCE1F580D663FC4CE02E6376.e.3656/click - {}
RESULT: {}
COMMAND: GET /session/3063759ab3aa077dff26570c094434dd/screenshot - {}
RESULT: {}
COMMAND: POST /session/3063759ab3aa077dff26570c094434dd/execute/async - {"script":"<script> [1562 bytes]","args":[{"selector":{"controlType":"sap.ui.core.Icon","viewName":"etm.portal.ui.managepartners.view.NewPartner","viewId":"application-managepartners-display-component---NewPartner","properties":{"src":{"regex":{"source":"slim\\-arrow\\-down"}}},"ancestor":{"controlType":"sap.m.ComboBox","viewName":"etm.portal.ui.managepartners.view.NewPartner","viewId":"application-managepartners-display-component---NewPartner","bindingPath":{"path":"","propertyPath":"/CATALOG","modelName":"oNewPartnerModel"}}},"wdio_ui5_key":"etmportal.ui.managepartners.view.NewPartnersap.ui.core.Icon{\"src\":{\"regex\":{\"source\":\"slim\\\\-arrow\\\\-down\"}}}{\"controlType\":\"sap.m.ComboBox\",\"viewName\":\"etm.portal.ui.managepartners.view.NewPartner\",\"viewId\":\"application-managepartners-display-component---NewPartner\",\"bindingPath\":{\"path\":\"\",\"propertyPath\":\"/CATALOG\",\"modelName\":\"oNewPartnerModel\"}}"}]}
RESULT: {"script":"<script> [1562 bytes]","args":[{"selector":{"controlType":"sap.ui.core.Icon","viewName":"etm.portal.ui.managepartners.view.NewPartner","viewId":"application-managepartners-display-component---NewPartner","properties":{"src":{"regex":{"source":"slim\\-arrow\\-down"}}},"ancestor":{"controlType":"sap.m.ComboBox","viewName":"etm.portal.ui.managepartners.view.NewPartner","viewId":"application-managepartners-display-component---NewPartner","bindingPath":{"path":"","propertyPath":"/CATALOG","modelName":"oNewPartnerModel"}}},"wdio_ui5_key":"etmportal.ui.managepartners.view.NewPartnersap.ui.core.Icon{\"src\":{\"regex\":{\"source\":\"slim\\\\-arrow\\\\-down\"}}}{\"controlType\":\"sap.m.ComboBox\",\"viewName\":\"etm.portal.ui.managepartners.view.NewPartner\",\"viewId\":\"application-managepartners-display-component---NewPartner\",\"bindingPath\":{\"path\":\"\",\"propertyPath\":\"/CATALOG\",\"modelName\":\"oNewPartnerModel\"}}"}]}
RESULT: undefined
COMMAND: POST /session/3063759ab3aa077dff26570c094434dd/element - {"using":"xpath","value":"//*[@id=\"__box22-arrow\"]"}
RESULT: {"using":"xpath","value":"//*[@id=\"__box22-arrow\"]"}
COMMAND: POST /session/3063759ab3aa077dff26570c094434dd/element/f.92BE17D50179148B77FBA55A3B2D928C.d.CAC32476DCE1F580D663FC4CE02E6376.e.3623/click - {}
RESULT: {}
COMMAND: GET /session/3063759ab3aa077dff26570c094434dd/screenshot - {}
RESULT: {}
COMMAND: POST /session/3063759ab3aa077dff26570c094434dd/element - {"using":"xpath","value":"//ul[contains(@id,\"popup-list-listUl\")]//li[.//span[text()= \"Webshop Catalog\"]]"}
RESULT: {"using":"xpath","value":"//ul[contains(@id,\"popup-list-listUl\")]//li[.//span[text()= \"Webshop Catalog\"]]"}
COMMAND: POST /session/3063759ab3aa077dff26570c094434dd/element/f.92BE17D50179148B77FBA55A3B2D928C.d.CAC32476DCE1F580D663FC4CE02E6376.e.3658/click - {}
RESULT: {}
COMMAND: GET /session/3063759ab3aa077dff26570c094434dd/screenshot - {}
RESULT: {}
COMMAND: POST /session/3063759ab3aa077dff26570c094434dd/execute/async - {"script":"<script> [1562 bytes]","args":[{"selector":{"id":"application-managepartners-display-component---NewPartner--btnAddTableRow-img"},"wdio_ui5_key":"applicationmanagepartners-display-component---NewPartner--btnAddTableRow-img"}]}
RESULT: {"script":"<script> [1562 bytes]","args":[{"selector":{"id":"application-managepartners-display-component---NewPartner--btnAddTableRow-img"},"wdio_ui5_key":"applicationmanagepartners-display-component---NewPartner--btnAddTableRow-img"}]}
RESULT: undefined
COMMAND: POST /session/3063759ab3aa077dff26570c094434dd/element - {"using":"xpath","value":"//*[@id=\"application-managepartners-display-component---NewPartner--btnAddTableRow-img\"]"}
RESULT: {"using":"xpath","value":"//*[@id=\"application-managepartners-display-component---NewPartner--btnAddTableRow-img\"]"}
COMMAND: POST /session/3063759ab3aa077dff26570c094434dd/element/f.92BE17D50179148B77FBA55A3B2D928C.d.CAC32476DCE1F580D663FC4CE02E6376.e.3659/click - {}
RESULT: {}
COMMAND: GET /session/3063759ab3aa077dff26570c094434dd/screenshot - {}
RESULT: {}
COMMAND: POST /session/3063759ab3aa077dff26570c094434dd/element - {"using":"xpath","value":"//input[@id=\"application-managepartners-display-component---NewPartner--assignmentYard-application-managepartners-display-component---NewPartner--assignmentsTable-0-inner\"]"}
RESULT: {"using":"xpath","value":"//input[@id=\"application-managepartners-display-component---NewPartner--assignmentYard-application-managepartners-display-component---NewPartner--assignmentsTable-0-inner\"]"}
COMMAND: POST /session/3063759ab3aa077dff26570c094434dd/element/f.92BE17D50179148B77FBA55A3B2D928C.d.CAC32476DCE1F580D663FC4CE02E6376.e.3662/clear - {}
RESULT: {}
COMMAND: POST /session/3063759ab3aa077dff26570c094434dd/element/f.92BE17D50179148B77FBA55A3B2D928C.d.CAC32476DCE1F580D663FC4CE02E6376.e.3662/value - {"text":"189"}
COMMAND: GET /session/3063759ab3aa077dff26570c094434dd/screenshot - {}
RESULT: {"text":"189"}
COMMAND: GET /session/3063759ab3aa077dff26570c094434dd/screenshot - {}
RESULT: {}
RESULT: {}
COMMAND: POST /session/3063759ab3aa077dff26570c094434dd/element - {"using":"xpath","value":"//li[.//span[text()='189']]"}
RESULT: {"using":"xpath","value":"//li[.//span[text()='189']]"}
COMMAND: POST /session/3063759ab3aa077dff26570c094434dd/element/f.92BE17D50179148B77FBA55A3B2D928C.d.CAC32476DCE1F580D663FC4CE02E6376.e.3670/click - {}
RESULT: {}
COMMAND: GET /session/3063759ab3aa077dff26570c094434dd/screenshot - {}
RESULT: {}
COMMAND: POST /session/3063759ab3aa077dff26570c094434dd/actions - {"actions":[{"id":"action10","type":"key","parameters":{},"actions":[{"type":"keyDown","value":"î€‡"},{"type":"pause","duration":10},{"type":"keyUp","value":"î€‡"}]}]}
RESULT: {"actions":[{"id":"action10","type":"key","parameters":{},"actions":[{"type":"keyDown","value":"î€‡"},{"type":"pause","duration":10},{"type":"keyUp","value":"î€‡"}]}]}
COMMAND: POST /session/3063759ab3aa077dff26570c094434dd/element - {"using":"xpath","value":"//td[contains(@id, \"assignmentsTable-0-cell2\")]/div/div"}
COMMAND: GET /session/3063759ab3aa077dff26570c094434dd/screenshot - {}
RESULT: {"using":"xpath","value":"//td[contains(@id, \"assignmentsTable-0-cell2\")]/div/div"}
COMMAND: POST /session/3063759ab3aa077dff26570c094434dd/element/f.92BE17D50179148B77FBA55A3B2D928C.d.CAC32476DCE1F580D663FC4CE02E6376.e.3673/click - {}
RESULT: {}
RESULT: {}
COMMAND: GET /session/3063759ab3aa077dff26570c094434dd/screenshot - {}
RESULT: {}
COMMAND: POST /session/3063759ab3aa077dff26570c094434dd/element - {"using":"xpath","value":"//button[@data-kt=\"saveButton\"]"}
RESULT: {"using":"xpath","value":"//button[@data-kt=\"saveButton\"]"}
COMMAND: POST /session/3063759ab3aa077dff26570c094434dd/element/f.92BE17D50179148B77FBA55A3B2D928C.d.CAC32476DCE1F580D663FC4CE02E6376.e.3572/click - {}
RESULT: {}
COMMAND: GET /session/3063759ab3aa077dff26570c094434dd/screenshot - {}
RESULT: {}
COMMAND: POST /session/3063759ab3aa077dff26570c094434dd/element - {"using":"xpath","value":"//header[contains(@id, 'ObjectPageLayout-headerTitle')]/div[1]/div[2]/div[2]/span[1]"}
RESULT: {"using":"xpath","value":"//header[contains(@id, 'ObjectPageLayout-headerTitle')]/div[1]/div[2]/div[2]/span[1]"}
COMMAND: POST /session/3063759ab3aa077dff26570c094434dd/elements - {"using":"xpath","value":"//header[contains(@id, 'ObjectPageLayout-headerTitle')]/div[1]/div[2]/div[2]/span[1]"}
RESULT: {"using":"xpath","value":"//header[contains(@id, 'ObjectPageLayout-headerTitle')]/div[1]/div[2]/div[2]/span[1]"}
COMMAND: POST /session/3063759ab3aa077dff26570c094434dd/execute/sync - {"script":"<script> [56 bytes]","args":[{"element-6066-11e4-a52e-4f735466cecf":"f.92BE17D50179148B77FBA55A3B2D928C.d.CAC32476DCE1F580D663FC4CE02E6376.e.3774","ELEMENT":"f.92BE17D50179148B77FBA55A3B2D928C.d.CAC32476DCE1F580D663FC4CE02E6376.e.3774"}]}
RESULT: {"script":"<script> [56 bytes]","args":[{"element-6066-11e4-a52e-4f735466cecf":"f.92BE17D50179148B77FBA55A3B2D928C.d.CAC32476DCE1F580D663FC4CE02E6376.e.3774","ELEMENT":"f.92BE17D50179148B77FBA55A3B2D928C.d.CAC32476DCE1F580D663FC4CE02E6376.e.3774"}]}
COMMAND: POST /session/3063759ab3aa077dff26570c094434dd/element - {"using":"css selector","value":"#shell-header-logo"}
COMMAND: GET /session/3063759ab3aa077dff26570c094434dd/screenshot - {}
RESULT: {"using":"css selector","value":"#shell-header-logo"}
COMMAND: POST /session/3063759ab3aa077dff26570c094434dd/element/f.92BE17D50179148B77FBA55A3B2D928C.d.CAC32476DCE1F580D663FC4CE02E6376.e.3265/click - {}
RESULT: {}
RESULT: {}
COMMAND: GET /session/3063759ab3aa077dff26570c094434dd/screenshot - {}
RESULT: {}
COMMAND: POST /session/3063759ab3aa077dff26570c094434dd/execute/sync - {"script":"<script> [299 bytes]","args":[["getModel","getResource"]]}
RESULT: {"script":"<script> [299 bytes]","args":[["getModel","getResource"]]}
COMMAND: GET /session/3063759ab3aa077dff26570c094434dd/screenshot - {}
]]></system-out>
    </testcase>
    <testcase classname="chrome.137_0_7151_69.windows.Create_masterdata_for_Yard_Overview_-_trigger_provide_US130988" name="Should create a new WHM site" time="98.829">
      <system-out><![CDATA[
COMMAND: POST /session/3063759ab3aa077dff26570c094434dd/execute/async - {"script":"<script> [1562 bytes]","args":[{"selector":{"controlType":"sap.m.GenericTile","properties":{"header":"Manage Sites"}},"wdio_ui5_key":"sapm.GenericTile{\"header\":\"Manage Sites\"}"}]}
RESULT: {"script":"<script> [1562 bytes]","args":[{"selector":{"controlType":"sap.m.GenericTile","properties":{"header":"Manage Sites"}},"wdio_ui5_key":"sapm.GenericTile{\"header\":\"Manage Sites\"}"}]}
RESULT: undefined
COMMAND: POST /session/3063759ab3aa077dff26570c094434dd/element - {"using":"xpath","value":"//*[@id=\"__tile41\"]"}
RESULT: {}
RESULT: {"using":"xpath","value":"//*[@id=\"__tile41\"]"}
COMMAND: POST /session/3063759ab3aa077dff26570c094434dd/element/f.92BE17D50179148B77FBA55A3B2D928C.d.CAC32476DCE1F580D663FC4CE02E6376.e.2446/click - {}
RESULT: {}
COMMAND: GET /session/3063759ab3aa077dff26570c094434dd/screenshot - {}
RESULT: {}
COMMAND: POST /session/3063759ab3aa077dff26570c094434dd/elements - {"using":"xpath","value":"//span[text()='Error']"}
RESULT: {"using":"xpath","value":"//span[text()='Error']"}
COMMAND: POST /session/3063759ab3aa077dff26570c094434dd/element - {"using":"xpath","value":"//button[@data-kt=\"addOverflowToolbarButton\"]"}
RESULT: {"using":"xpath","value":"//button[@data-kt=\"addOverflowToolbarButton\"]"}
COMMAND: POST /session/3063759ab3aa077dff26570c094434dd/elements - {"using":"xpath","value":"//button[@data-kt=\"addOverflowToolbarButton\"]"}
RESULT: {"using":"xpath","value":"//button[@data-kt=\"addOverflowToolbarButton\"]"}
COMMAND: POST /session/3063759ab3aa077dff26570c094434dd/execute/sync - {"script":"<script> [8489 bytes]","args":[{"element-6066-11e4-a52e-4f735466cecf":"f.92BE17D50179148B77FBA55A3B2D928C.d.CAC32476DCE1F580D663FC4CE02E6376.e.3822","ELEMENT":"f.92BE17D50179148B77FBA55A3B2D928C.d.CAC32476DCE1F580D663FC4CE02E6376.e.3822"}]}
RESULT: {"script":"<script> [8489 bytes]","args":[{"element-6066-11e4-a52e-4f735466cecf":"f.92BE17D50179148B77FBA55A3B2D928C.d.CAC32476DCE1F580D663FC4CE02E6376.e.3822","ELEMENT":"f.92BE17D50179148B77FBA55A3B2D928C.d.CAC32476DCE1F580D663FC4CE02E6376.e.3822"}]}
COMMAND: GET /session/3063759ab3aa077dff26570c094434dd/element/f.92BE17D50179148B77FBA55A3B2D928C.d.CAC32476DCE1F580D663FC4CE02E6376.e.3822/enabled - {}
COMMAND: GET /session/3063759ab3aa077dff26570c094434dd/screenshot - {}
RESULT: {}
COMMAND: POST /session/3063759ab3aa077dff26570c094434dd/execute/sync - {"script":"<script> [8489 bytes]","args":[{"element-6066-11e4-a52e-4f735466cecf":"f.92BE17D50179148B77FBA55A3B2D928C.d.CAC32476DCE1F580D663FC4CE02E6376.e.3822","ELEMENT":"f.92BE17D50179148B77FBA55A3B2D928C.d.CAC32476DCE1F580D663FC4CE02E6376.e.3822"}]}
COMMAND: GET /session/3063759ab3aa077dff26570c094434dd/screenshot - {}
RESULT: {}
RESULT: {"script":"<script> [8489 bytes]","args":[{"element-6066-11e4-a52e-4f735466cecf":"f.92BE17D50179148B77FBA55A3B2D928C.d.CAC32476DCE1F580D663FC4CE02E6376.e.3822","ELEMENT":"f.92BE17D50179148B77FBA55A3B2D928C.d.CAC32476DCE1F580D663FC4CE02E6376.e.3822"}]}
COMMAND: POST /session/3063759ab3aa077dff26570c094434dd/execute/sync - {"script":"<script> [5351 bytes]","args":[{"element-6066-11e4-a52e-4f735466cecf":"f.92BE17D50179148B77FBA55A3B2D928C.d.CAC32476DCE1F580D663FC4CE02E6376.e.3822","ELEMENT":"f.92BE17D50179148B77FBA55A3B2D928C.d.CAC32476DCE1F580D663FC4CE02E6376.e.3822"}]}
COMMAND: GET /session/3063759ab3aa077dff26570c094434dd/screenshot - {}
RESULT: {}
RESULT: {"script":"<script> [5351 bytes]","args":[{"element-6066-11e4-a52e-4f735466cecf":"f.92BE17D50179148B77FBA55A3B2D928C.d.CAC32476DCE1F580D663FC4CE02E6376.e.3822","ELEMENT":"f.92BE17D50179148B77FBA55A3B2D928C.d.CAC32476DCE1F580D663FC4CE02E6376.e.3822"}]}
COMMAND: POST /session/3063759ab3aa077dff26570c094434dd/element/f.92BE17D50179148B77FBA55A3B2D928C.d.CAC32476DCE1F580D663FC4CE02E6376.e.3822/click - {}
COMMAND: GET /session/3063759ab3aa077dff26570c094434dd/screenshot - {}
RESULT: {}
RESULT: {}
COMMAND: GET /session/3063759ab3aa077dff26570c094434dd/screenshot - {}
RESULT: {}
RESULT: {}
COMMAND: POST /session/3063759ab3aa077dff26570c094434dd/element - {"using":"xpath","value":"//input[@id=\"application-managesites-display-component---NewSite--siteId-inner\"]"}
RESULT: {"using":"xpath","value":"//input[@id=\"application-managesites-display-component---NewSite--siteId-inner\"]"}
COMMAND: POST /session/3063759ab3aa077dff26570c094434dd/element - {"using":"xpath","value":"//input[@id=\"application-managesites-display-component---NewSite--siteId-inner\"]"}
RESULT: {"using":"xpath","value":"//input[@id=\"application-managesites-display-component---NewSite--siteId-inner\"]"}
COMMAND: POST /session/3063759ab3aa077dff26570c094434dd/execute/async - {"script":"<script> [1562 bytes]","args":[{"selector":{"id":"application-managesites-display-component---NewSite--addressDetailDetailsName1","interaction":{"idSuffix":"inner"}},"wdio_ui5_key":"applicationmanagesites-display-component---NewSite--addressDetailDetailsName1"}]}
RESULT: {"script":"<script> [1562 bytes]","args":[{"selector":{"id":"application-managesites-display-component---NewSite--addressDetailDetailsName1","interaction":{"idSuffix":"inner"}},"wdio_ui5_key":"applicationmanagesites-display-component---NewSite--addressDetailDetailsName1"}]}
RESULT: undefined
COMMAND: POST /session/3063759ab3aa077dff26570c094434dd/execute/async - {"script":"<script> [776 bytes]","args":[{"enterText":"Other Type Site WDIO","selector":{"id":"application-managesites-display-component---NewSite--addressDetailDetailsName1","interaction":{"idSuffix":"inner"}},"clearTextFirst":true,"interactionType":"ENTER_TEXT"}]}
RESULT: {"script":"<script> [776 bytes]","args":[{"enterText":"Other Type Site WDIO","selector":{"id":"application-managesites-display-component---NewSite--addressDetailDetailsName1","interaction":{"idSuffix":"inner"}},"clearTextFirst":true,"interactionType":"ENTER_TEXT"}]}
COMMAND: POST /session/3063759ab3aa077dff26570c094434dd/execute/async - {"script":"<script> [1562 bytes]","args":[{"selector":{"id":"application-managesites-display-component---NewSite--addressDetailDetailsLanguage-arrow"},"wdio_ui5_key":"applicationmanagesites-display-component---NewSite--addressDetailDetailsLanguage-arrow"}]}
RESULT: {"script":"<script> [1562 bytes]","args":[{"selector":{"id":"application-managesites-display-component---NewSite--addressDetailDetailsLanguage-arrow"},"wdio_ui5_key":"applicationmanagesites-display-component---NewSite--addressDetailDetailsLanguage-arrow"}]}
RESULT: undefined
COMMAND: POST /session/3063759ab3aa077dff26570c094434dd/element - {"using":"xpath","value":"//*[@id=\"application-managesites-display-component---NewSite--addressDetailDetailsLanguage-arrow\"]"}
RESULT: {"using":"xpath","value":"//*[@id=\"application-managesites-display-component---NewSite--addressDetailDetailsLanguage-arrow\"]"}
COMMAND: POST /session/3063759ab3aa077dff26570c094434dd/element/f.92BE17D50179148B77FBA55A3B2D928C.d.CAC32476DCE1F580D663FC4CE02E6376.e.4345/click - {}
RESULT: {}
COMMAND: POST /session/3063759ab3aa077dff26570c094434dd/element - {"using":"xpath","value":"//span[contains(text(), \"English\")]"}
COMMAND: GET /session/3063759ab3aa077dff26570c094434dd/screenshot - {}
RESULT: {"using":"xpath","value":"//span[contains(text(), \"English\")]"}
COMMAND: POST /session/3063759ab3aa077dff26570c094434dd/element/f.92BE17D50179148B77FBA55A3B2D928C.d.CAC32476DCE1F580D663FC4CE02E6376.e.4346/click - {}
RESULT: {}
RESULT: {}
COMMAND: POST /session/3063759ab3aa077dff26570c094434dd/execute/async - {"script":"<script> [1562 bytes]","args":[{"selector":{"id":"application-managesites-display-component---NewSite--addressDetailDetailsCity1","interaction":{"idSuffix":"inner"}},"wdio_ui5_key":"applicationmanagesites-display-component---NewSite--addressDetailDetailsCity1"}]}
COMMAND: GET /session/3063759ab3aa077dff26570c094434dd/screenshot - {}
RESULT: {"script":"<script> [1562 bytes]","args":[{"selector":{"id":"application-managesites-display-component---NewSite--addressDetailDetailsCity1","interaction":{"idSuffix":"inner"}},"wdio_ui5_key":"applicationmanagesites-display-component---NewSite--addressDetailDetailsCity1"}]}
RESULT: undefined
COMMAND: POST /session/3063759ab3aa077dff26570c094434dd/execute/async - {"script":"<script> [776 bytes]","args":[{"enterText":"Rosario","selector":{"id":"application-managesites-display-component---NewSite--addressDetailDetailsCity1","interaction":{"idSuffix":"inner"}},"clearTextFirst":true,"interactionType":"ENTER_TEXT"}]}
RESULT: {}
RESULT: {"script":"<script> [776 bytes]","args":[{"enterText":"Rosario","selector":{"id":"application-managesites-display-component---NewSite--addressDetailDetailsCity1","interaction":{"idSuffix":"inner"}},"clearTextFirst":true,"interactionType":"ENTER_TEXT"}]}
COMMAND: POST /session/3063759ab3aa077dff26570c094434dd/execute/async - {"script":"<script> [1562 bytes]","args":[{"selector":{"id":"application-managesites-display-component---NewSite--addressDetailDetailsCountry-arrow"},"wdio_ui5_key":"applicationmanagesites-display-component---NewSite--addressDetailDetailsCountry-arrow"}]}
RESULT: {"script":"<script> [1562 bytes]","args":[{"selector":{"id":"application-managesites-display-component---NewSite--addressDetailDetailsCountry-arrow"},"wdio_ui5_key":"applicationmanagesites-display-component---NewSite--addressDetailDetailsCountry-arrow"}]}
RESULT: undefined
COMMAND: POST /session/3063759ab3aa077dff26570c094434dd/element - {"using":"xpath","value":"//*[@id=\"application-managesites-display-component---NewSite--addressDetailDetailsCountry-arrow\"]"}
RESULT: {"using":"xpath","value":"//*[@id=\"application-managesites-display-component---NewSite--addressDetailDetailsCountry-arrow\"]"}
COMMAND: POST /session/3063759ab3aa077dff26570c094434dd/element/f.92BE17D50179148B77FBA55A3B2D928C.d.CAC32476DCE1F580D663FC4CE02E6376.e.4348/click - {}
RESULT: {}
COMMAND: POST /session/3063759ab3aa077dff26570c094434dd/element - {"using":"xpath","value":"//span[contains(text(), \"Argentina\")]"}
COMMAND: GET /session/3063759ab3aa077dff26570c094434dd/screenshot - {}
RESULT: {"using":"xpath","value":"//span[contains(text(), \"Argentina\")]"}
COMMAND: POST /session/3063759ab3aa077dff26570c094434dd/element/f.92BE17D50179148B77FBA55A3B2D928C.d.CAC32476DCE1F580D663FC4CE02E6376.e.4349/click - {}
RESULT: {}
RESULT: {}
COMMAND: GET /session/3063759ab3aa077dff26570c094434dd/screenshot - {}
RESULT: {}
COMMAND: POST /session/3063759ab3aa077dff26570c094434dd/execute/async - {"script":"<script> [1562 bytes]","args":[{"selector":{"id":"application-managesites-display-component---NewSite--addressEditDetailsCostObjectCstType-arrow"},"wdio_ui5_key":"applicationmanagesites-display-component---NewSite--addressEditDetailsCostObjectCstType-arrow"}]}
RESULT: {"script":"<script> [1562 bytes]","args":[{"selector":{"id":"application-managesites-display-component---NewSite--addressEditDetailsCostObjectCstType-arrow"},"wdio_ui5_key":"applicationmanagesites-display-component---NewSite--addressEditDetailsCostObjectCstType-arrow"}]}
RESULT: undefined
COMMAND: POST /session/3063759ab3aa077dff26570c094434dd/element - {"using":"xpath","value":"//*[@id=\"application-managesites-display-component---NewSite--addressEditDetailsCostObjectCstType-arrow\"]"}
RESULT: {"using":"xpath","value":"//*[@id=\"application-managesites-display-component---NewSite--addressEditDetailsCostObjectCstType-arrow\"]"}
COMMAND: POST /session/3063759ab3aa077dff26570c094434dd/element/f.92BE17D50179148B77FBA55A3B2D928C.d.CAC32476DCE1F580D663FC4CE02E6376.e.4351/click - {}
RESULT: {}
COMMAND: POST /session/3063759ab3aa077dff26570c094434dd/element - {"using":"xpath","value":"//span[contains(text(), \"Cost Center\")]"}
COMMAND: GET /session/3063759ab3aa077dff26570c094434dd/screenshot - {}
RESULT: {"using":"xpath","value":"//span[contains(text(), \"Cost Center\")]"}
COMMAND: POST /session/3063759ab3aa077dff26570c094434dd/element/f.92BE17D50179148B77FBA55A3B2D928C.d.CAC32476DCE1F580D663FC4CE02E6376.e.4352/click - {}
RESULT: {}
RESULT: {}
COMMAND: GET /session/3063759ab3aa077dff26570c094434dd/screenshot - {}
RESULT: {}
COMMAND: POST /session/3063759ab3aa077dff26570c094434dd/element - {"using":"xpath","value":"//span[@id=\"application-managesites-display-component---NewSite--addressNewCostObjectCstID-vhi\"]"}
RESULT: {"using":"xpath","value":"//span[@id=\"application-managesites-display-component---NewSite--addressNewCostObjectCstID-vhi\"]"}
COMMAND: POST /session/3063759ab3aa077dff26570c094434dd/execute/sync - {"script":"<script> [8489 bytes]","args":[{"element-6066-11e4-a52e-4f735466cecf":"f.92BE17D50179148B77FBA55A3B2D928C.d.CAC32476DCE1F580D663FC4CE02E6376.e.4357","ELEMENT":"f.92BE17D50179148B77FBA55A3B2D928C.d.CAC32476DCE1F580D663FC4CE02E6376.e.4357"}]}
RESULT: {"script":"<script> [8489 bytes]","args":[{"element-6066-11e4-a52e-4f735466cecf":"f.92BE17D50179148B77FBA55A3B2D928C.d.CAC32476DCE1F580D663FC4CE02E6376.e.4357","ELEMENT":"f.92BE17D50179148B77FBA55A3B2D928C.d.CAC32476DCE1F580D663FC4CE02E6376.e.4357"}]}
COMMAND: POST /session/3063759ab3aa077dff26570c094434dd/execute/async - {"script":"<script> [1562 bytes]","args":[{"selector":{"id":"application-managesites-display-component---NewSite--addressNewCostObjectCstID-vhi"},"wdio_ui5_key":"applicationmanagesites-display-component---NewSite--addressNewCostObjectCstID-vhi"}]}
COMMAND: GET /session/3063759ab3aa077dff26570c094434dd/screenshot - {}
RESULT: {"script":"<script> [1562 bytes]","args":[{"selector":{"id":"application-managesites-display-component---NewSite--addressNewCostObjectCstID-vhi"},"wdio_ui5_key":"applicationmanagesites-display-component---NewSite--addressNewCostObjectCstID-vhi"}]}
RESULT: undefined
COMMAND: POST /session/3063759ab3aa077dff26570c094434dd/element - {"using":"xpath","value":"//*[@id=\"application-managesites-display-component---NewSite--addressNewCostObjectCstID-vhi\"]"}
RESULT: {}
RESULT: {"using":"xpath","value":"//*[@id=\"application-managesites-display-component---NewSite--addressNewCostObjectCstID-vhi\"]"}
COMMAND: POST /session/3063759ab3aa077dff26570c094434dd/element/f.92BE17D50179148B77FBA55A3B2D928C.d.CAC32476DCE1F580D663FC4CE02E6376.e.4357/click - {}
RESULT: {}
COMMAND: GET /session/3063759ab3aa077dff26570c094434dd/screenshot - {}
RESULT: {}
RESULT: undefined
COMMAND: POST /session/3063759ab3aa077dff26570c094434dd/execute/async - {"script":"<script> [776 bytes]","args":[{"enterText":"10001013","selector":{"controlType":"sap.m.SearchField","properties":{"placeholder":"Search"},"searchOpenDialogs":true,"interaction":{"idSuffix":"I"}},"clearTextFirst":true,"interactionType":"ENTER_TEXT"}]}
RESULT: {"script":"<script> [776 bytes]","args":[{"enterText":"10001013","selector":{"controlType":"sap.m.SearchField","properties":{"placeholder":"Search"},"searchOpenDialogs":true,"interaction":{"idSuffix":"I"}},"clearTextFirst":true,"interactionType":"ENTER_TEXT"}]}
COMMAND: POST /session/3063759ab3aa077dff26570c094434dd/actions - {"actions":[{"id":"action11","type":"key","parameters":{},"actions":[{"type":"keyDown","value":"î€‡"},{"type":"pause","duration":10},{"type":"keyUp","value":"î€‡"}]}]}
RESULT: {"actions":[{"id":"action11","type":"key","parameters":{},"actions":[{"type":"keyDown","value":"î€‡"},{"type":"pause","duration":10},{"type":"keyUp","value":"î€‡"}]}]}
COMMAND: GET /session/3063759ab3aa077dff26570c094434dd/screenshot - {}
RESULT: {}
COMMAND: POST /session/3063759ab3aa077dff26570c094434dd/element - {"using":"xpath","value":"//span[contains(text(), \"General Management\")]"}
RESULT: {"using":"xpath","value":"//span[contains(text(), \"General Management\")]"}
COMMAND: POST /session/3063759ab3aa077dff26570c094434dd/element/f.92BE17D50179148B77FBA55A3B2D928C.d.CAC32476DCE1F580D663FC4CE02E6376.e.4396/click - {}
RESULT: {}
COMMAND: GET /session/3063759ab3aa077dff26570c094434dd/screenshot - {}
RESULT: {}
COMMAND: POST /session/3063759ab3aa077dff26570c094434dd/element - {"using":"xpath","value":"//bdi[contains(text(), \"OK\")]"}
RESULT: {"using":"xpath","value":"//bdi[contains(text(), \"OK\")]"}
COMMAND: POST /session/3063759ab3aa077dff26570c094434dd/element/f.92BE17D50179148B77FBA55A3B2D928C.d.CAC32476DCE1F580D663FC4CE02E6376.e.4397/click - {}
RESULT: {}
COMMAND: GET /session/3063759ab3aa077dff26570c094434dd/screenshot - {}
RESULT: {}
COMMAND: POST /session/3063759ab3aa077dff26570c094434dd/element - {"using":"xpath","value":"//input[@id=\"application-managesites-display-component---NewSite--addressDetailDetailsCalendar-inner\"]"}
RESULT: {"using":"xpath","value":"//input[@id=\"application-managesites-display-component---NewSite--addressDetailDetailsCalendar-inner\"]"}
COMMAND: POST /session/3063759ab3aa077dff26570c094434dd/element/f.92BE17D50179148B77FBA55A3B2D928C.d.CAC32476DCE1F580D663FC4CE02E6376.e.4194/clear - {}
RESULT: {}
COMMAND: POST /session/3063759ab3aa077dff26570c094434dd/element/f.92BE17D50179148B77FBA55A3B2D928C.d.CAC32476DCE1F580D663FC4CE02E6376.e.4194/value - {"text":"Unit"}
COMMAND: GET /session/3063759ab3aa077dff26570c094434dd/screenshot - {}
RESULT: {"text":"Unit"}
COMMAND: GET /session/3063759ab3aa077dff26570c094434dd/screenshot - {}
RESULT: {}
RESULT: {}
COMMAND: POST /session/3063759ab3aa077dff26570c094434dd/actions - {"actions":[{"id":"action12","type":"key","parameters":{},"actions":[{"type":"keyDown","value":"î€‡"},{"type":"pause","duration":10},{"type":"keyUp","value":"î€‡"}]}]}
RESULT: {"actions":[{"id":"action12","type":"key","parameters":{},"actions":[{"type":"keyDown","value":"î€‡"},{"type":"pause","duration":10},{"type":"keyUp","value":"î€‡"}]}]}
COMMAND: POST /session/3063759ab3aa077dff26570c094434dd/element - {"using":"xpath","value":"//input[@id=\"application-managesites-display-component---NewSite--addressDetailDetailsYard-inner\"]"}
COMMAND: GET /session/3063759ab3aa077dff26570c094434dd/screenshot - {}
RESULT: {"using":"xpath","value":"//input[@id=\"application-managesites-display-component---NewSite--addressDetailDetailsYard-inner\"]"}
COMMAND: POST /session/3063759ab3aa077dff26570c094434dd/element/f.92BE17D50179148B77FBA55A3B2D928C.d.CAC32476DCE1F580D663FC4CE02E6376.e.4195/clear - {}
RESULT: {}
RESULT: {}
COMMAND: POST /session/3063759ab3aa077dff26570c094434dd/element/f.92BE17D50179148B77FBA55A3B2D928C.d.CAC32476DCE1F580D663FC4CE02E6376.e.4195/value - {"text":"189"}
COMMAND: GET /session/3063759ab3aa077dff26570c094434dd/screenshot - {}
RESULT: {"text":"189"}
COMMAND: GET /session/3063759ab3aa077dff26570c094434dd/screenshot - {}
RESULT: {}
RESULT: {}
COMMAND: POST /session/3063759ab3aa077dff26570c094434dd/element - {"using":"xpath","value":"//li[.//span[text()='189']]"}
RESULT: {"using":"xpath","value":"//li[.//span[text()='189']]"}
COMMAND: POST /session/3063759ab3aa077dff26570c094434dd/element/f.92BE17D50179148B77FBA55A3B2D928C.d.CAC32476DCE1F580D663FC4CE02E6376.e.4405/click - {}
RESULT: {}
COMMAND: GET /session/3063759ab3aa077dff26570c094434dd/screenshot - {}
RESULT: {}
COMMAND: POST /session/3063759ab3aa077dff26570c094434dd/element - {"using":"xpath","value":"//input[@id=\"application-managesites-display-component---NewSite--addressDetailDetailsPartner-inner\"]"}
RESULT: {"using":"xpath","value":"//input[@id=\"application-managesites-display-component---NewSite--addressDetailDetailsPartner-inner\"]"}
COMMAND: POST /session/3063759ab3aa077dff26570c094434dd/element - {"using":"xpath","value":"//input[@id=\"application-managesites-display-component---NewSite--addressDetailDetailsPartner-inner\"]"}
RESULT: {"using":"xpath","value":"//input[@id=\"application-managesites-display-component---NewSite--addressDetailDetailsPartner-inner\"]"}
COMMAND: POST /session/3063759ab3aa077dff26570c094434dd/element - {"using":"xpath","value":"//button[@data-kt=\"saveButton\"]"}
RESULT: {"using":"xpath","value":"//button[@data-kt=\"saveButton\"]"}
COMMAND: POST /session/3063759ab3aa077dff26570c094434dd/element/f.92BE17D50179148B77FBA55A3B2D928C.d.CAC32476DCE1F580D663FC4CE02E6376.e.4325/click - {}
RESULT: {}
COMMAND: GET /session/3063759ab3aa077dff26570c094434dd/screenshot - {}
RESULT: {}
COMMAND: POST /session/3063759ab3aa077dff26570c094434dd/element - {"using":"xpath","value":"//header[contains(@id, 'ObjectPageLayout-headerTitle')]/div[1]/div[2]/div[2]/span[1]"}
RESULT: {"using":"xpath","value":"//header[contains(@id, 'ObjectPageLayout-headerTitle')]/div[1]/div[2]/div[2]/span[1]"}
COMMAND: POST /session/3063759ab3aa077dff26570c094434dd/elements - {"using":"xpath","value":"//header[contains(@id, 'ObjectPageLayout-headerTitle')]/div[1]/div[2]/div[2]/span[1]"}
RESULT: {"using":"xpath","value":"//header[contains(@id, 'ObjectPageLayout-headerTitle')]/div[1]/div[2]/div[2]/span[1]"}
COMMAND: POST /session/3063759ab3aa077dff26570c094434dd/execute/sync - {"script":"<script> [56 bytes]","args":[{"element-6066-11e4-a52e-4f735466cecf":"f.92BE17D50179148B77FBA55A3B2D928C.d.CAC32476DCE1F580D663FC4CE02E6376.e.4555","ELEMENT":"f.92BE17D50179148B77FBA55A3B2D928C.d.CAC32476DCE1F580D663FC4CE02E6376.e.4555"}]}
RESULT: {"script":"<script> [56 bytes]","args":[{"element-6066-11e4-a52e-4f735466cecf":"f.92BE17D50179148B77FBA55A3B2D928C.d.CAC32476DCE1F580D663FC4CE02E6376.e.4555","ELEMENT":"f.92BE17D50179148B77FBA55A3B2D928C.d.CAC32476DCE1F580D663FC4CE02E6376.e.4555"}]}
COMMAND: POST /session/3063759ab3aa077dff26570c094434dd/element - {"using":"css selector","value":"#shell-header-logo"}
COMMAND: GET /session/3063759ab3aa077dff26570c094434dd/screenshot - {}
RESULT: {"using":"css selector","value":"#shell-header-logo"}
COMMAND: POST /session/3063759ab3aa077dff26570c094434dd/element/f.92BE17D50179148B77FBA55A3B2D928C.d.CAC32476DCE1F580D663FC4CE02E6376.e.3779/click - {}
RESULT: {}
RESULT: {}
COMMAND: GET /session/3063759ab3aa077dff26570c094434dd/screenshot - {}
RESULT: {}
COMMAND: POST /session/3063759ab3aa077dff26570c094434dd/execute/sync - {"script":"<script> [299 bytes]","args":[["getModel","getResource"]]}
RESULT: {"script":"<script> [299 bytes]","args":[["getModel","getResource"]]}
]]></system-out>
    </testcase>
    <testcase classname="chrome.137_0_7151_69.windows.Create_masterdata_for_Yard_Overview_-_trigger_provide_US130988" name="Should create a new material" time="121.695">
      <system-out><![CDATA[
COMMAND: GET /session/3063759ab3aa077dff26570c094434dd/screenshot - {}
COMMAND: POST /session/3063759ab3aa077dff26570c094434dd/execute/async - {"script":"<script> [1562 bytes]","args":[{"selector":{"controlType":"sap.m.GenericTile","properties":{"header":"Manage Resources"}},"wdio_ui5_key":"sapm.GenericTile{\"header\":\"Manage Resources\"}"}]}
RESULT: {}
RESULT: {"script":"<script> [1562 bytes]","args":[{"selector":{"controlType":"sap.m.GenericTile","properties":{"header":"Manage Resources"}},"wdio_ui5_key":"sapm.GenericTile{\"header\":\"Manage Resources\"}"}]}
RESULT: undefined
COMMAND: POST /session/3063759ab3aa077dff26570c094434dd/element - {"using":"xpath","value":"//*[@id=\"__tile40\"]"}
RESULT: {"using":"xpath","value":"//*[@id=\"__tile40\"]"}
COMMAND: POST /session/3063759ab3aa077dff26570c094434dd/element/f.92BE17D50179148B77FBA55A3B2D928C.d.CAC32476DCE1F580D663FC4CE02E6376.e.2443/click - {}
RESULT: {}
COMMAND: GET /session/3063759ab3aa077dff26570c094434dd/screenshot - {}
RESULT: {}
COMMAND: POST /session/3063759ab3aa077dff26570c094434dd/elements - {"using":"xpath","value":"//span[text()='Error']"}
RESULT: {"using":"xpath","value":"//span[text()='Error']"}
COMMAND: POST /session/3063759ab3aa077dff26570c094434dd/element - {"using":"xpath","value":"//button[@data-kt=\"addNewRUOverflowToolbarButton\"]"}
RESULT: {"using":"xpath","value":"//button[@data-kt=\"addNewRUOverflowToolbarButton\"]"}
COMMAND: POST /session/3063759ab3aa077dff26570c094434dd/elements - {"using":"xpath","value":"//button[@data-kt=\"addNewRUOverflowToolbarButton\"]"}
RESULT: {"using":"xpath","value":"//button[@data-kt=\"addNewRUOverflowToolbarButton\"]"}
COMMAND: POST /session/3063759ab3aa077dff26570c094434dd/execute/sync - {"script":"<script> [8489 bytes]","args":[{"element-6066-11e4-a52e-4f735466cecf":"f.92BE17D50179148B77FBA55A3B2D928C.d.CAC32476DCE1F580D663FC4CE02E6376.e.4598","ELEMENT":"f.92BE17D50179148B77FBA55A3B2D928C.d.CAC32476DCE1F580D663FC4CE02E6376.e.4598"}]}
RESULT: {"script":"<script> [8489 bytes]","args":[{"element-6066-11e4-a52e-4f735466cecf":"f.92BE17D50179148B77FBA55A3B2D928C.d.CAC32476DCE1F580D663FC4CE02E6376.e.4598","ELEMENT":"f.92BE17D50179148B77FBA55A3B2D928C.d.CAC32476DCE1F580D663FC4CE02E6376.e.4598"}]}
COMMAND: GET /session/3063759ab3aa077dff26570c094434dd/element/f.92BE17D50179148B77FBA55A3B2D928C.d.CAC32476DCE1F580D663FC4CE02E6376.e.4598/enabled - {}
COMMAND: GET /session/3063759ab3aa077dff26570c094434dd/screenshot - {}
RESULT: {}
COMMAND: POST /session/3063759ab3aa077dff26570c094434dd/execute/sync - {"script":"<script> [8489 bytes]","args":[{"element-6066-11e4-a52e-4f735466cecf":"f.92BE17D50179148B77FBA55A3B2D928C.d.CAC32476DCE1F580D663FC4CE02E6376.e.4598","ELEMENT":"f.92BE17D50179148B77FBA55A3B2D928C.d.CAC32476DCE1F580D663FC4CE02E6376.e.4598"}]}
COMMAND: GET /session/3063759ab3aa077dff26570c094434dd/screenshot - {}
RESULT: {}
RESULT: {"script":"<script> [8489 bytes]","args":[{"element-6066-11e4-a52e-4f735466cecf":"f.92BE17D50179148B77FBA55A3B2D928C.d.CAC32476DCE1F580D663FC4CE02E6376.e.4598","ELEMENT":"f.92BE17D50179148B77FBA55A3B2D928C.d.CAC32476DCE1F580D663FC4CE02E6376.e.4598"}]}
COMMAND: POST /session/3063759ab3aa077dff26570c094434dd/execute/sync - {"script":"<script> [5351 bytes]","args":[{"element-6066-11e4-a52e-4f735466cecf":"f.92BE17D50179148B77FBA55A3B2D928C.d.CAC32476DCE1F580D663FC4CE02E6376.e.4598","ELEMENT":"f.92BE17D50179148B77FBA55A3B2D928C.d.CAC32476DCE1F580D663FC4CE02E6376.e.4598"}]}
COMMAND: GET /session/3063759ab3aa077dff26570c094434dd/screenshot - {}
RESULT: {}
RESULT: {"script":"<script> [5351 bytes]","args":[{"element-6066-11e4-a52e-4f735466cecf":"f.92BE17D50179148B77FBA55A3B2D928C.d.CAC32476DCE1F580D663FC4CE02E6376.e.4598","ELEMENT":"f.92BE17D50179148B77FBA55A3B2D928C.d.CAC32476DCE1F580D663FC4CE02E6376.e.4598"}]}
COMMAND: POST /session/3063759ab3aa077dff26570c094434dd/element/f.92BE17D50179148B77FBA55A3B2D928C.d.CAC32476DCE1F580D663FC4CE02E6376.e.4598/click - {}
COMMAND: GET /session/3063759ab3aa077dff26570c094434dd/screenshot - {}
RESULT: {}
RESULT: {}
COMMAND: GET /session/3063759ab3aa077dff26570c094434dd/screenshot - {}
RESULT: {}
RESULT: {}
COMMAND: POST /session/3063759ab3aa077dff26570c094434dd/execute/async - {"script":"<script> [1562 bytes]","args":[{"selector":{"id":"application-manageresources-display-component---newResourceUnit--TYPE-arrow"},"wdio_ui5_key":"applicationmanageresources-display-component---newResourceUnit--TYPE-arrow"}]}
RESULT: {"script":"<script> [1562 bytes]","args":[{"selector":{"id":"application-manageresources-display-component---newResourceUnit--TYPE-arrow"},"wdio_ui5_key":"applicationmanageresources-display-component---newResourceUnit--TYPE-arrow"}]}
RESULT: undefined
COMMAND: POST /session/3063759ab3aa077dff26570c094434dd/element - {"using":"xpath","value":"//*[@id=\"application-manageresources-display-component---newResourceUnit--TYPE-arrow\"]"}
RESULT: {"using":"xpath","value":"//*[@id=\"application-manageresources-display-component---newResourceUnit--TYPE-arrow\"]"}
COMMAND: POST /session/3063759ab3aa077dff26570c094434dd/element/f.92BE17D50179148B77FBA55A3B2D928C.d.CAC32476DCE1F580D663FC4CE02E6376.e.4946/click - {}
RESULT: {}
COMMAND: POST /session/3063759ab3aa077dff26570c094434dd/element - {"using":"xpath","value":"//input[@id=\"application-manageresources-display-component---newResourceUnit--TYPE-inner\"]"}
COMMAND: GET /session/3063759ab3aa077dff26570c094434dd/screenshot - {}
RESULT: {"using":"xpath","value":"//input[@id=\"application-manageresources-display-component---newResourceUnit--TYPE-inner\"]"}
COMMAND: POST /session/3063759ab3aa077dff26570c094434dd/element/f.92BE17D50179148B77FBA55A3B2D928C.d.CAC32476DCE1F580D663FC4CE02E6376.e.4939/clear - {}
RESULT: {}
RESULT: {}
COMMAND: POST /session/3063759ab3aa077dff26570c094434dd/element/f.92BE17D50179148B77FBA55A3B2D928C.d.CAC32476DCE1F580D663FC4CE02E6376.e.4939/value - {"text":"Material"}
COMMAND: GET /session/3063759ab3aa077dff26570c094434dd/screenshot - {}
RESULT: {"text":"Material"}
COMMAND: GET /session/3063759ab3aa077dff26570c094434dd/screenshot - {}
RESULT: {}
RESULT: {}
COMMAND: POST /session/3063759ab3aa077dff26570c094434dd/actions - {"actions":[{"id":"action13","type":"key","parameters":{},"actions":[{"type":"keyDown","value":"î€‡"},{"type":"pause","duration":10},{"type":"keyUp","value":"î€‡"}]}]}
RESULT: {"actions":[{"id":"action13","type":"key","parameters":{},"actions":[{"type":"keyDown","value":"î€‡"},{"type":"pause","duration":10},{"type":"keyUp","value":"î€‡"}]}]}
COMMAND: POST /session/3063759ab3aa077dff26570c094434dd/execute/async - {"script":"<script> [1562 bytes]","args":[{"selector":{"id":"application-manageresources-display-component---newResourceUnit--SHORT_TEXT","interaction":{"idSuffix":"inner"}},"wdio_ui5_key":"applicationmanageresources-display-component---newResourceUnit--SHORT_TEXT"}]}
COMMAND: GET /session/3063759ab3aa077dff26570c094434dd/screenshot - {}
RESULT: undefined
RESULT: undefined
RESULT: {}
RESULT: {"script":"<script> [1562 bytes]","args":[{"selector":{"id":"application-manageresources-display-component---newResourceUnit--SHORT_TEXT","interaction":{"idSuffix":"inner"}},"wdio_ui5_key":"applicationmanageresources-display-component---newResourceUnit--SHORT_TEXT"}]}
RESULT: undefined
COMMAND: POST /session/3063759ab3aa077dff26570c094434dd/execute/async - {"script":"<script> [776 bytes]","args":[{"enterText":"Cement WDIO","selector":{"id":"application-manageresources-display-component---newResourceUnit--SHORT_TEXT","interaction":{"idSuffix":"inner"}},"clearTextFirst":true,"interactionType":"ENTER_TEXT"}]}
RESULT: {"script":"<script> [776 bytes]","args":[{"enterText":"Cement WDIO","selector":{"id":"application-manageresources-display-component---newResourceUnit--SHORT_TEXT","interaction":{"idSuffix":"inner"}},"clearTextFirst":true,"interactionType":"ENTER_TEXT"}]}
COMMAND: POST /session/3063759ab3aa077dff26570c094434dd/execute/async - {"script":"<script> [1562 bytes]","args":[{"selector":{"id":"application-manageresources-display-component---newResourceUnit--BASE_UNIT_OF_MEASURE","interaction":{"idSuffix":"inner"}},"wdio_ui5_key":"applicationmanageresources-display-component---newResourceUnit--BASE_UNIT_OF_MEASURE"}]}
RESULT: {"script":"<script> [1562 bytes]","args":[{"selector":{"id":"application-manageresources-display-component---newResourceUnit--BASE_UNIT_OF_MEASURE","interaction":{"idSuffix":"inner"}},"wdio_ui5_key":"applicationmanageresources-display-component---newResourceUnit--BASE_UNIT_OF_MEASURE"}]}
RESULT: undefined
COMMAND: POST /session/3063759ab3aa077dff26570c094434dd/execute/async - {"script":"<script> [776 bytes]","args":[{"enterText":"Piece","selector":{"id":"application-manageresources-display-component---newResourceUnit--BASE_UNIT_OF_MEASURE","interaction":{"idSuffix":"inner"}},"clearTextFirst":true,"interactionType":"ENTER_TEXT"}]}
RESULT: {"script":"<script> [776 bytes]","args":[{"enterText":"Piece","selector":{"id":"application-manageresources-display-component---newResourceUnit--BASE_UNIT_OF_MEASURE","interaction":{"idSuffix":"inner"}},"clearTextFirst":true,"interactionType":"ENTER_TEXT"}]}
COMMAND: POST /session/3063759ab3aa077dff26570c094434dd/execute/async - {"script":"<script> [1562 bytes]","args":[{"selector":{"id":"application-manageresources-display-component---newResourceUnit--WEIGHT_UNIT","interaction":{"idSuffix":"inner"}},"wdio_ui5_key":"applicationmanageresources-display-component---newResourceUnit--WEIGHT_UNIT"}]}
RESULT: {"script":"<script> [1562 bytes]","args":[{"selector":{"id":"application-manageresources-display-component---newResourceUnit--WEIGHT_UNIT","interaction":{"idSuffix":"inner"}},"wdio_ui5_key":"applicationmanageresources-display-component---newResourceUnit--WEIGHT_UNIT"}]}
RESULT: undefined
COMMAND: POST /session/3063759ab3aa077dff26570c094434dd/execute/async - {"script":"<script> [776 bytes]","args":[{"enterText":"Gram","selector":{"id":"application-manageresources-display-component---newResourceUnit--WEIGHT_UNIT","interaction":{"idSuffix":"inner"}},"clearTextFirst":true,"interactionType":"ENTER_TEXT"}]}
RESULT: {"script":"<script> [776 bytes]","args":[{"enterText":"Gram","selector":{"id":"application-manageresources-display-component---newResourceUnit--WEIGHT_UNIT","interaction":{"idSuffix":"inner"}},"clearTextFirst":true,"interactionType":"ENTER_TEXT"}]}
COMMAND: POST /session/3063759ab3aa077dff26570c094434dd/execute/async - {"script":"<script> [1562 bytes]","args":[{"selector":{"id":"application-manageresources-display-component---newResourceUnit--DIMENSION_UNIT","interaction":{"idSuffix":"inner"}},"wdio_ui5_key":"applicationmanageresources-display-component---newResourceUnit--DIMENSION_UNIT"}]}
RESULT: {"script":"<script> [1562 bytes]","args":[{"selector":{"id":"application-manageresources-display-component---newResourceUnit--DIMENSION_UNIT","interaction":{"idSuffix":"inner"}},"wdio_ui5_key":"applicationmanageresources-display-component---newResourceUnit--DIMENSION_UNIT"}]}
RESULT: undefined
COMMAND: POST /session/3063759ab3aa077dff26570c094434dd/execute/async - {"script":"<script> [776 bytes]","args":[{"enterText":"Meter","selector":{"id":"application-manageresources-display-component---newResourceUnit--DIMENSION_UNIT","interaction":{"idSuffix":"inner"}},"clearTextFirst":true,"interactionType":"ENTER_TEXT"}]}
RESULT: {"script":"<script> [776 bytes]","args":[{"enterText":"Meter","selector":{"id":"application-manageresources-display-component---newResourceUnit--DIMENSION_UNIT","interaction":{"idSuffix":"inner"}},"clearTextFirst":true,"interactionType":"ENTER_TEXT"}]}
COMMAND: POST /session/3063759ab3aa077dff26570c094434dd/execute/async - {"script":"<script> [1562 bytes]","args":[{"selector":{"id":"application-manageresources-display-component---newResourceUnit--newRRUPage-anchBar-application-manageresources-display-component---newResourceUnit--control-anchor","interaction":{"idSuffix":"BDI-content"}},"wdio_ui5_key":"applicationmanageresources-display-component---newResourceUnit--newRRUPage-anchBar-application-manageresources-display-component---newResourceUnit--control-anchor"}]}
RESULT: {"script":"<script> [1562 bytes]","args":[{"selector":{"id":"application-manageresources-display-component---newResourceUnit--newRRUPage-anchBar-application-manageresources-display-component---newResourceUnit--control-anchor","interaction":{"idSuffix":"BDI-content"}},"wdio_ui5_key":"applicationmanageresources-display-component---newResourceUnit--newRRUPage-anchBar-application-manageresources-display-component---newResourceUnit--control-anchor"}]}
RESULT: undefined
COMMAND: POST /session/3063759ab3aa077dff26570c094434dd/element - {"using":"xpath","value":"//*[@id=\"application-manageresources-display-component---newResourceUnit--newRRUPage-anchBar-application-manageresources-display-component---newResourceUnit--control-anchor\"]"}
RESULT: {"using":"xpath","value":"//*[@id=\"application-manageresources-display-component---newResourceUnit--newRRUPage-anchBar-application-manageresources-display-component---newResourceUnit--control-anchor\"]"}
COMMAND: POST /session/3063759ab3aa077dff26570c094434dd/element/f.92BE17D50179148B77FBA55A3B2D928C.d.CAC32476DCE1F580D663FC4CE02E6376.e.5077/click - {}
RESULT: {}
COMMAND: POST /session/3063759ab3aa077dff26570c094434dd/execute/async - {"script":"<script> [1562 bytes]","args":[{"selector":{"id":"application-manageresources-display-component---newResourceUnit--PLANNING_GROUP","interaction":{"idSuffix":"inner"}},"wdio_ui5_key":"applicationmanageresources-display-component---newResourceUnit--PLANNING_GROUP"}]}
COMMAND: GET /session/3063759ab3aa077dff26570c094434dd/screenshot - {}
RESULT: {"script":"<script> [1562 bytes]","args":[{"selector":{"id":"application-manageresources-display-component---newResourceUnit--PLANNING_GROUP","interaction":{"idSuffix":"inner"}},"wdio_ui5_key":"applicationmanageresources-display-component---newResourceUnit--PLANNING_GROUP"}]}
RESULT: undefined
COMMAND: POST /session/3063759ab3aa077dff26570c094434dd/execute/async - {"script":"<script> [776 bytes]","args":[{"enterText":"Material","selector":{"id":"application-manageresources-display-component---newResourceUnit--PLANNING_GROUP","interaction":{"idSuffix":"inner"}},"clearTextFirst":true,"interactionType":"ENTER_TEXT"}]}
RESULT: {}
RESULT: {"script":"<script> [776 bytes]","args":[{"enterText":"Material","selector":{"id":"application-manageresources-display-component---newResourceUnit--PLANNING_GROUP","interaction":{"idSuffix":"inner"}},"clearTextFirst":true,"interactionType":"ENTER_TEXT"}]}
COMMAND: POST /session/3063759ab3aa077dff26570c094434dd/execute/async - {"script":"<script> [1562 bytes]","args":[{"selector":{"id":"application-manageresources-display-component---newResourceUnit--PLANNING_INDICATOR","interaction":{"idSuffix":"inner"}},"wdio_ui5_key":"applicationmanageresources-display-component---newResourceUnit--PLANNING_INDICATOR"}]}
RESULT: {"script":"<script> [1562 bytes]","args":[{"selector":{"id":"application-manageresources-display-component---newResourceUnit--PLANNING_INDICATOR","interaction":{"idSuffix":"inner"}},"wdio_ui5_key":"applicationmanageresources-display-component---newResourceUnit--PLANNING_INDICATOR"}]}
RESULT: undefined
COMMAND: POST /session/3063759ab3aa077dff26570c094434dd/execute/async - {"script":"<script> [776 bytes]","args":[{"enterText":"10 - infinite","selector":{"id":"application-manageresources-display-component---newResourceUnit--PLANNING_INDICATOR","interaction":{"idSuffix":"inner"}},"clearTextFirst":true,"interactionType":"ENTER_TEXT"}]}
RESULT: {"script":"<script> [776 bytes]","args":[{"enterText":"10 - infinite","selector":{"id":"application-manageresources-display-component---newResourceUnit--PLANNING_INDICATOR","interaction":{"idSuffix":"inner"}},"clearTextFirst":true,"interactionType":"ENTER_TEXT"}]}
COMMAND: POST /session/3063759ab3aa077dff26570c094434dd/element - {"using":"css selector","value":"#application-manageresources-display-component---newResourceUnit--btnAddTimeSegment"}
RESULT: {"using":"css selector","value":"#application-manageresources-display-component---newResourceUnit--btnAddTimeSegment"}
COMMAND: GET /session/3063759ab3aa077dff26570c094434dd/element/f.92BE17D50179148B77FBA55A3B2D928C.d.CAC32476DCE1F580D663FC4CE02E6376.e.5085/rect - {}
RESULT: {}
COMMAND: GET /session/3063759ab3aa077dff26570c094434dd/window/rect - {}
RESULT: {}
COMMAND: POST /session/3063759ab3aa077dff26570c094434dd/execute/sync - {"script":"<script> [92 bytes]","args":[]}
RESULT: {"script":"<script> [92 bytes]","args":[]}
COMMAND: POST /session/3063759ab3aa077dff26570c094434dd/actions - {"actions":[{"id":"action14","type":"wheel","parameters":{},"actions":[{"type":"scroll","x":-1888,"y":-32,"deltaX":0,"deltaY":0,"duration":0,"origin":{"element-6066-11e4-a52e-4f735466cecf":"f.92BE17D50179148B77FBA55A3B2D928C.d.CAC32476DCE1F580D663FC4CE02E6376.e.5085"}}]}]}
COMMAND: GET /session/3063759ab3aa077dff26570c094434dd/screenshot - {}
RESULT: {}
COMMAND: POST /session/3063759ab3aa077dff26570c094434dd/execute/sync - {"script":"<script> [79 bytes]","args":[{"element-6066-11e4-a52e-4f735466cecf":"f.92BE17D50179148B77FBA55A3B2D928C.d.CAC32476DCE1F580D663FC4CE02E6376.e.5085","ELEMENT":"f.92BE17D50179148B77FBA55A3B2D928C.d.CAC32476DCE1F580D663FC4CE02E6376.e.5085"},{"block":"start","inline":"nearest"}]}
RESULT: {"script":"<script> [79 bytes]","args":[{"element-6066-11e4-a52e-4f735466cecf":"f.92BE17D50179148B77FBA55A3B2D928C.d.CAC32476DCE1F580D663FC4CE02E6376.e.5085","ELEMENT":"f.92BE17D50179148B77FBA55A3B2D928C.d.CAC32476DCE1F580D663FC4CE02E6376.e.5085"},{"block":"start","inline":"nearest"}]}
COMMAND: POST /session/3063759ab3aa077dff26570c094434dd/execute/async - {"script":"<script> [1562 bytes]","args":[{"selector":{"id":"application-manageresources-display-component---newResourceUnit--btnAddTimeSegment","interaction":{"idSuffix":"inner"}},"wdio_ui5_key":"applicationmanageresources-display-component---newResourceUnit--btnAddTimeSegment"}]}
COMMAND: GET /session/3063759ab3aa077dff26570c094434dd/screenshot - {}
RESULT: {"script":"<script> [1562 bytes]","args":[{"selector":{"id":"application-manageresources-display-component---newResourceUnit--btnAddTimeSegment","interaction":{"idSuffix":"inner"}},"wdio_ui5_key":"applicationmanageresources-display-component---newResourceUnit--btnAddTimeSegment"}]}
RESULT: undefined
COMMAND: POST /session/3063759ab3aa077dff26570c094434dd/element - {"using":"xpath","value":"//*[@id=\"application-manageresources-display-component---newResourceUnit--btnAddTimeSegment\"]"}
RESULT: {}
RESULT: {"using":"xpath","value":"//*[@id=\"application-manageresources-display-component---newResourceUnit--btnAddTimeSegment\"]"}
COMMAND: POST /session/3063759ab3aa077dff26570c094434dd/element/f.92BE17D50179148B77FBA55A3B2D928C.d.CAC32476DCE1F580D663FC4CE02E6376.e.5085/click - {}
RESULT: {}
COMMAND: GET /session/3063759ab3aa077dff26570c094434dd/screenshot - {}
RESULT: {}
COMMAND: POST /session/3063759ab3aa077dff26570c094434dd/element - {"using":"xpath","value":"//input[@id=\"application-manageresources-display-component---newResourceUnit--idRuTSAdmin-application-manageresources-display-component---newResourceUnit--RUTimeSegment-0-inner\"]"}
RESULT: {"using":"xpath","value":"//input[@id=\"application-manageresources-display-component---newResourceUnit--idRuTSAdmin-application-manageresources-display-component---newResourceUnit--RUTimeSegment-0-inner\"]"}
COMMAND: POST /session/3063759ab3aa077dff26570c094434dd/element/f.92BE17D50179148B77FBA55A3B2D928C.d.CAC32476DCE1F580D663FC4CE02E6376.e.5090/clear - {}
RESULT: {}
COMMAND: POST /session/3063759ab3aa077dff26570c094434dd/element/f.92BE17D50179148B77FBA55A3B2D928C.d.CAC32476DCE1F580D663FC4CE02E6376.e.5090/value - {"text":"189"}
COMMAND: GET /session/3063759ab3aa077dff26570c094434dd/screenshot - {}
RESULT: {"text":"189"}
COMMAND: GET /session/3063759ab3aa077dff26570c094434dd/screenshot - {}
RESULT: {}
RESULT: {}
COMMAND: POST /session/3063759ab3aa077dff26570c094434dd/element - {"using":"xpath","value":"//li[.//span[text()='189']]"}
RESULT: {"using":"xpath","value":"//li[.//span[text()='189']]"}
COMMAND: POST /session/3063759ab3aa077dff26570c094434dd/element/f.92BE17D50179148B77FBA55A3B2D928C.d.CAC32476DCE1F580D663FC4CE02E6376.e.5099/click - {}
RESULT: {}
COMMAND: GET /session/3063759ab3aa077dff26570c094434dd/screenshot - {}
RESULT: {}
COMMAND: POST /session/3063759ab3aa077dff26570c094434dd/element - {"using":"xpath","value":"(//span[contains(@id, \"-application-manageresources-display-component---newResourceUnit--RUTimeSegment-0-arrow\")])[2]"}
RESULT: {"using":"xpath","value":"(//span[contains(@id, \"-application-manageresources-display-component---newResourceUnit--RUTimeSegment-0-arrow\")])[2]"}
COMMAND: POST /session/3063759ab3aa077dff26570c094434dd/element/f.92BE17D50179148B77FBA55A3B2D928C.d.CAC32476DCE1F580D663FC4CE02E6376.e.5100/click - {}
RESULT: {}
COMMAND: POST /session/3063759ab3aa077dff26570c094434dd/element - {"using":"xpath","value":"//span[contains(text(), \"PM Order\")]"}
COMMAND: GET /session/3063759ab3aa077dff26570c094434dd/screenshot - {}
RESULT: {"using":"xpath","value":"//span[contains(text(), \"PM Order\")]"}
COMMAND: POST /session/3063759ab3aa077dff26570c094434dd/element/f.92BE17D50179148B77FBA55A3B2D928C.d.CAC32476DCE1F580D663FC4CE02E6376.e.5101/click - {}
RESULT: {}
RESULT: {}
COMMAND: GET /session/3063759ab3aa077dff26570c094434dd/screenshot - {}
RESULT: {}
COMMAND: POST /session/3063759ab3aa077dff26570c094434dd/element - {"using":"xpath","value":"//td/div/div/div/span[contains(@id, \"newResourceUnit--RUTimeSegment-0-vhi\")][1]"}
RESULT: {"using":"xpath","value":"//td/div/div/div/span[contains(@id, \"newResourceUnit--RUTimeSegment-0-vhi\")][1]"}
COMMAND: GET /session/3063759ab3aa077dff26570c094434dd/element/f.92BE17D50179148B77FBA55A3B2D928C.d.CAC32476DCE1F580D663FC4CE02E6376.e.5105/rect - {}
RESULT: {}
COMMAND: GET /session/3063759ab3aa077dff26570c094434dd/window/rect - {}
RESULT: {}
COMMAND: POST /session/3063759ab3aa077dff26570c094434dd/execute/sync - {"script":"<script> [92 bytes]","args":[]}
RESULT: {"script":"<script> [92 bytes]","args":[]}
COMMAND: POST /session/3063759ab3aa077dff26570c094434dd/actions - {"actions":[{"id":"action15","type":"wheel","parameters":{},"actions":[{"type":"scroll","x":-1888,"y":-24,"deltaX":0,"deltaY":0,"duration":0,"origin":{"element-6066-11e4-a52e-4f735466cecf":"f.92BE17D50179148B77FBA55A3B2D928C.d.CAC32476DCE1F580D663FC4CE02E6376.e.5105"}}]}]}
COMMAND: GET /session/3063759ab3aa077dff26570c094434dd/screenshot - {}
RESULT: {}
COMMAND: POST /session/3063759ab3aa077dff26570c094434dd/execute/sync - {"script":"<script> [79 bytes]","args":[{"element-6066-11e4-a52e-4f735466cecf":"f.92BE17D50179148B77FBA55A3B2D928C.d.CAC32476DCE1F580D663FC4CE02E6376.e.5105","ELEMENT":"f.92BE17D50179148B77FBA55A3B2D928C.d.CAC32476DCE1F580D663FC4CE02E6376.e.5105"},{"block":"start","inline":"nearest"}]}
RESULT: {"script":"<script> [79 bytes]","args":[{"element-6066-11e4-a52e-4f735466cecf":"f.92BE17D50179148B77FBA55A3B2D928C.d.CAC32476DCE1F580D663FC4CE02E6376.e.5105","ELEMENT":"f.92BE17D50179148B77FBA55A3B2D928C.d.CAC32476DCE1F580D663FC4CE02E6376.e.5105"},{"block":"start","inline":"nearest"}]}
COMMAND: GET /session/3063759ab3aa077dff26570c094434dd/screenshot - {}
RESULT: {}
COMMAND: POST /session/3063759ab3aa077dff26570c094434dd/element/f.92BE17D50179148B77FBA55A3B2D928C.d.CAC32476DCE1F580D663FC4CE02E6376.e.5105/click - {}
RESULT: {}
COMMAND: GET /session/3063759ab3aa077dff26570c094434dd/screenshot - {}
RESULT: {}
RESULT: undefined
COMMAND: POST /session/3063759ab3aa077dff26570c094434dd/execute/async - {"script":"<script> [776 bytes]","args":[{"enterText":"4000360","selector":{"controlType":"sap.m.SearchField","properties":{"placeholder":"Search"},"searchOpenDialogs":true,"interaction":{"idSuffix":"I"}},"clearTextFirst":true,"interactionType":"ENTER_TEXT"}]}
RESULT: {"script":"<script> [776 bytes]","args":[{"enterText":"4000360","selector":{"controlType":"sap.m.SearchField","properties":{"placeholder":"Search"},"searchOpenDialogs":true,"interaction":{"idSuffix":"I"}},"clearTextFirst":true,"interactionType":"ENTER_TEXT"}]}
COMMAND: POST /session/3063759ab3aa077dff26570c094434dd/actions - {"actions":[{"id":"action16","type":"key","parameters":{},"actions":[{"type":"keyDown","value":"î€‡"},{"type":"pause","duration":10},{"type":"keyUp","value":"î€‡"}]}]}
RESULT: {"actions":[{"id":"action16","type":"key","parameters":{},"actions":[{"type":"keyDown","value":"î€‡"},{"type":"pause","duration":10},{"type":"keyUp","value":"î€‡"}]}]}
COMMAND: GET /session/3063759ab3aa077dff26570c094434dd/screenshot - {}
RESULT: {}
COMMAND: POST /session/3063759ab3aa077dff26570c094434dd/element - {"using":"xpath","value":"//td/div/span[contains(text(), \"BGL Vehicles\")]"}
RESULT: {"using":"xpath","value":"//td/div/span[contains(text(), \"BGL Vehicles\")]"}
COMMAND: POST /session/3063759ab3aa077dff26570c094434dd/element/f.92BE17D50179148B77FBA55A3B2D928C.d.CAC32476DCE1F580D663FC4CE02E6376.e.5124/click - {}
RESULT: {}
COMMAND: GET /session/3063759ab3aa077dff26570c094434dd/screenshot - {}
RESULT: {}
COMMAND: POST /session/3063759ab3aa077dff26570c094434dd/element - {"using":"xpath","value":"//bdi[contains(text(), \"OK\")]"}
RESULT: {"using":"xpath","value":"//bdi[contains(text(), \"OK\")]"}
COMMAND: POST /session/3063759ab3aa077dff26570c094434dd/element/f.92BE17D50179148B77FBA55A3B2D928C.d.CAC32476DCE1F580D663FC4CE02E6376.e.5125/click - {}
RESULT: {}
COMMAND: GET /session/3063759ab3aa077dff26570c094434dd/screenshot - {}
RESULT: {}
COMMAND: POST /session/3063759ab3aa077dff26570c094434dd/element - {"using":"xpath","value":"//label[contains(@class, 'sapMLabelRequired') and .//bdi[contains(text(), 'Planned Retirement')]]"}
RESULT: {"using":"xpath","value":"//label[contains(@class, 'sapMLabelRequired') and .//bdi[contains(text(), 'Planned Retirement')]]"}
COMMAND: POST /session/3063759ab3aa077dff26570c094434dd/elements - {"using":"xpath","value":"//label[contains(@class, 'sapMLabelRequired') and .//bdi[contains(text(), 'Planned Retirement')]]"}
RESULT: {"using":"xpath","value":"//label[contains(@class, 'sapMLabelRequired') and .//bdi[contains(text(), 'Planned Retirement')]]"}
COMMAND: POST /session/3063759ab3aa077dff26570c094434dd/element - {"using":"xpath","value":"//button[@data-kt=\"resourceUnitSaveButton\"]"}
RESULT: {"using":"xpath","value":"//button[@data-kt=\"resourceUnitSaveButton\"]"}
COMMAND: POST /session/3063759ab3aa077dff26570c094434dd/element/f.92BE17D50179148B77FBA55A3B2D928C.d.CAC32476DCE1F580D663FC4CE02E6376.e.4962/click - {}
RESULT: {}
COMMAND: GET /session/3063759ab3aa077dff26570c094434dd/screenshot - {}
RESULT: {}
COMMAND: POST /session/3063759ab3aa077dff26570c094434dd/element - {"using":"xpath","value":"//bdi[contains(text(), \"Close\")]"}
RESULT: {"using":"xpath","value":"//bdi[contains(text(), \"Close\")]"}
COMMAND: POST /session/3063759ab3aa077dff26570c094434dd/element/f.92BE17D50179148B77FBA55A3B2D928C.d.CAC32476DCE1F580D663FC4CE02E6376.e.5131/click - {}
RESULT: {}
COMMAND: GET /session/3063759ab3aa077dff26570c094434dd/screenshot - {}
RESULT: {}
COMMAND: POST /session/3063759ab3aa077dff26570c094434dd/element - {"using":"xpath","value":"//header[contains(@id, 'detailRruPage-headerTitle')]/div[1]/div[2]/div[2]/span[1]"}
RESULT: {"using":"xpath","value":"//header[contains(@id, 'detailRruPage-headerTitle')]/div[1]/div[2]/div[2]/span[1]"}
COMMAND: POST /session/3063759ab3aa077dff26570c094434dd/elements - {"using":"xpath","value":"//header[contains(@id, 'detailRruPage-headerTitle')]/div[1]/div[2]/div[2]/span[1]"}
RESULT: {"using":"xpath","value":"//header[contains(@id, 'detailRruPage-headerTitle')]/div[1]/div[2]/div[2]/span[1]"}
COMMAND: POST /session/3063759ab3aa077dff26570c094434dd/execute/sync - {"script":"<script> [56 bytes]","args":[{"element-6066-11e4-a52e-4f735466cecf":"f.92BE17D50179148B77FBA55A3B2D928C.d.CAC32476DCE1F580D663FC4CE02E6376.e.5162","ELEMENT":"f.92BE17D50179148B77FBA55A3B2D928C.d.CAC32476DCE1F580D663FC4CE02E6376.e.5162"}]}
RESULT: {"script":"<script> [56 bytes]","args":[{"element-6066-11e4-a52e-4f735466cecf":"f.92BE17D50179148B77FBA55A3B2D928C.d.CAC32476DCE1F580D663FC4CE02E6376.e.5162","ELEMENT":"f.92BE17D50179148B77FBA55A3B2D928C.d.CAC32476DCE1F580D663FC4CE02E6376.e.5162"}]}
COMMAND: POST /session/3063759ab3aa077dff26570c094434dd/element - {"using":"css selector","value":"#shell-header-logo"}
COMMAND: GET /session/3063759ab3aa077dff26570c094434dd/screenshot - {}
RESULT: {"using":"css selector","value":"#shell-header-logo"}
COMMAND: POST /session/3063759ab3aa077dff26570c094434dd/element/f.92BE17D50179148B77FBA55A3B2D928C.d.CAC32476DCE1F580D663FC4CE02E6376.e.4559/click - {}
RESULT: {}
RESULT: {}
COMMAND: GET /session/3063759ab3aa077dff26570c094434dd/screenshot - {}
RESULT: {}
]]></system-out>
    </testcase>
    <testcase classname="chrome.137_0_7151_69.windows.Create_masterdata_for_Yard_Overview_-_trigger_provide_US130988" name="Bin Status Report Should Create New Organization yard" time="82.825">
      <system-out><![CDATA[
COMMAND: POST /session/3063759ab3aa077dff26570c094434dd/execute/async - {"script":"<script> [1562 bytes]","args":[{"selector":{"controlType":"sap.m.GenericTile","properties":{"header":"Bin Status Report"}},"wdio_ui5_key":"sapm.GenericTile{\"header\":\"Bin Status Report\"}"}]}
RESULT: {"script":"<script> [1562 bytes]","args":[{"selector":{"controlType":"sap.m.GenericTile","properties":{"header":"Bin Status Report"}},"wdio_ui5_key":"sapm.GenericTile{\"header\":\"Bin Status Report\"}"}]}
RESULT: undefined
COMMAND: POST /session/3063759ab3aa077dff26570c094434dd/element - {"using":"xpath","value":"//*[@id=\"__tile106\"]"}
RESULT: {"using":"xpath","value":"//*[@id=\"__tile106\"]"}
COMMAND: POST /session/3063759ab3aa077dff26570c094434dd/element/f.92BE17D50179148B77FBA55A3B2D928C.d.CAC32476DCE1F580D663FC4CE02E6376.e.5164/click - {}
RESULT: {}
COMMAND: GET /session/3063759ab3aa077dff26570c094434dd/screenshot - {}
RESULT: {}
COMMAND: POST /session/3063759ab3aa077dff26570c094434dd/elements - {"using":"xpath","value":"//span[text()='Error']"}
RESULT: {"using":"xpath","value":"//span[text()='Error']"}
COMMAND: POST /session/3063759ab3aa077dff26570c094434dd/element - {"using":"xpath","value":"//button[@id=\"application-binstatusreport-display-component---warehousing--createOrgBtn\"]"}
RESULT: {"using":"xpath","value":"//button[@id=\"application-binstatusreport-display-component---warehousing--createOrgBtn\"]"}
COMMAND: POST /session/3063759ab3aa077dff26570c094434dd/elements - {"using":"xpath","value":"//button[@id=\"application-binstatusreport-display-component---warehousing--createOrgBtn\"]"}
RESULT: {"using":"xpath","value":"//button[@id=\"application-binstatusreport-display-component---warehousing--createOrgBtn\"]"}
COMMAND: POST /session/3063759ab3aa077dff26570c094434dd/execute/sync - {"script":"<script> [8489 bytes]","args":[{"element-6066-11e4-a52e-4f735466cecf":"f.92BE17D50179148B77FBA55A3B2D928C.d.CAC32476DCE1F580D663FC4CE02E6376.e.5225","ELEMENT":"f.92BE17D50179148B77FBA55A3B2D928C.d.CAC32476DCE1F580D663FC4CE02E6376.e.5225"}]}
RESULT: {"script":"<script> [8489 bytes]","args":[{"element-6066-11e4-a52e-4f735466cecf":"f.92BE17D50179148B77FBA55A3B2D928C.d.CAC32476DCE1F580D663FC4CE02E6376.e.5225","ELEMENT":"f.92BE17D50179148B77FBA55A3B2D928C.d.CAC32476DCE1F580D663FC4CE02E6376.e.5225"}]}
COMMAND: GET /session/3063759ab3aa077dff26570c094434dd/element/f.92BE17D50179148B77FBA55A3B2D928C.d.CAC32476DCE1F580D663FC4CE02E6376.e.5225/enabled - {}
COMMAND: GET /session/3063759ab3aa077dff26570c094434dd/screenshot - {}
RESULT: {}
COMMAND: POST /session/3063759ab3aa077dff26570c094434dd/execute/sync - {"script":"<script> [8489 bytes]","args":[{"element-6066-11e4-a52e-4f735466cecf":"f.92BE17D50179148B77FBA55A3B2D928C.d.CAC32476DCE1F580D663FC4CE02E6376.e.5225","ELEMENT":"f.92BE17D50179148B77FBA55A3B2D928C.d.CAC32476DCE1F580D663FC4CE02E6376.e.5225"}]}
COMMAND: GET /session/3063759ab3aa077dff26570c094434dd/screenshot - {}
RESULT: {}
RESULT: {"script":"<script> [8489 bytes]","args":[{"element-6066-11e4-a52e-4f735466cecf":"f.92BE17D50179148B77FBA55A3B2D928C.d.CAC32476DCE1F580D663FC4CE02E6376.e.5225","ELEMENT":"f.92BE17D50179148B77FBA55A3B2D928C.d.CAC32476DCE1F580D663FC4CE02E6376.e.5225"}]}
COMMAND: POST /session/3063759ab3aa077dff26570c094434dd/execute/sync - {"script":"<script> [5351 bytes]","args":[{"element-6066-11e4-a52e-4f735466cecf":"f.92BE17D50179148B77FBA55A3B2D928C.d.CAC32476DCE1F580D663FC4CE02E6376.e.5225","ELEMENT":"f.92BE17D50179148B77FBA55A3B2D928C.d.CAC32476DCE1F580D663FC4CE02E6376.e.5225"}]}
COMMAND: GET /session/3063759ab3aa077dff26570c094434dd/screenshot - {}
RESULT: {}
RESULT: {"script":"<script> [5351 bytes]","args":[{"element-6066-11e4-a52e-4f735466cecf":"f.92BE17D50179148B77FBA55A3B2D928C.d.CAC32476DCE1F580D663FC4CE02E6376.e.5225","ELEMENT":"f.92BE17D50179148B77FBA55A3B2D928C.d.CAC32476DCE1F580D663FC4CE02E6376.e.5225"}]}
COMMAND: GET /session/3063759ab3aa077dff26570c094434dd/screenshot - {}
RESULT: {}
RESULT: {}
COMMAND: POST /session/3063759ab3aa077dff26570c094434dd/element/f.92BE17D50179148B77FBA55A3B2D928C.d.CAC32476DCE1F580D663FC4CE02E6376.e.5225/click - {}
RESULT: {}
COMMAND: GET /session/3063759ab3aa077dff26570c094434dd/screenshot - {}
RESULT: {}
COMMAND: POST /session/3063759ab3aa077dff26570c094434dd/execute/async - {"script":"<script> [1562 bytes]","args":[{"selector":{"id":"createOrganizationPop--sectionInput","searchOpenDialogs":true,"interaction":{"idSuffix":"inner"}},"wdio_ui5_key":"createOrganizationPopsectionInput"}]}
RESULT: {"script":"<script> [1562 bytes]","args":[{"selector":{"id":"createOrganizationPop--sectionInput","searchOpenDialogs":true,"interaction":{"idSuffix":"inner"}},"wdio_ui5_key":"createOrganizationPopsectionInput"}]}
RESULT: undefined
COMMAND: POST /session/3063759ab3aa077dff26570c094434dd/execute/async - {"script":"<script> [776 bytes]","args":[{"enterText":"WDIO-189","selector":{"id":"createOrganizationPop--sectionInput","searchOpenDialogs":true,"interaction":{"idSuffix":"inner"}},"clearTextFirst":true,"interactionType":"ENTER_TEXT"}]}
RESULT: {"script":"<script> [776 bytes]","args":[{"enterText":"WDIO-189","selector":{"id":"createOrganizationPop--sectionInput","searchOpenDialogs":true,"interaction":{"idSuffix":"inner"}},"clearTextFirst":true,"interactionType":"ENTER_TEXT"}]}
COMMAND: POST /session/3063759ab3aa077dff26570c094434dd/execute/async - {"script":"<script> [1562 bytes]","args":[{"selector":{"id":"createOrganizationPop--descriptionInput","searchOpenDialogs":true,"interaction":{"idSuffix":"inner"}},"wdio_ui5_key":"createOrganizationPopdescriptionInput"}]}
RESULT: {"script":"<script> [1562 bytes]","args":[{"selector":{"id":"createOrganizationPop--descriptionInput","searchOpenDialogs":true,"interaction":{"idSuffix":"inner"}},"wdio_ui5_key":"createOrganizationPopdescriptionInput"}]}
RESULT: undefined
COMMAND: POST /session/3063759ab3aa077dff26570c094434dd/execute/async - {"script":"<script> [776 bytes]","args":[{"enterText":"Shipping-189","selector":{"id":"createOrganizationPop--descriptionInput","searchOpenDialogs":true,"interaction":{"idSuffix":"inner"}},"clearTextFirst":true,"interactionType":"ENTER_TEXT"}]}
RESULT: {"script":"<script> [776 bytes]","args":[{"enterText":"Shipping-189","selector":{"id":"createOrganizationPop--descriptionInput","searchOpenDialogs":true,"interaction":{"idSuffix":"inner"}},"clearTextFirst":true,"interactionType":"ENTER_TEXT"}]}
COMMAND: POST /session/3063759ab3aa077dff26570c094434dd/element - {"using":"css selector","value":"#createOrganizationPop--yardOrg-inner"}
RESULT: {"using":"css selector","value":"#createOrganizationPop--yardOrg-inner"}
COMMAND: POST /session/3063759ab3aa077dff26570c094434dd/element/f.92BE17D50179148B77FBA55A3B2D928C.d.CAC32476DCE1F580D663FC4CE02E6376.e.5534/clear - {}
RESULT: {}
COMMAND: POST /session/3063759ab3aa077dff26570c094434dd/element/f.92BE17D50179148B77FBA55A3B2D928C.d.CAC32476DCE1F580D663FC4CE02E6376.e.5534/value - {"text":"189"}
COMMAND: GET /session/3063759ab3aa077dff26570c094434dd/screenshot - {}
RESULT: {"text":"189"}
COMMAND: GET /session/3063759ab3aa077dff26570c094434dd/screenshot - {}
RESULT: {}
RESULT: {}
COMMAND: POST /session/3063759ab3aa077dff26570c094434dd/actions - {"actions":[{"id":"action17","type":"key","parameters":{},"actions":[{"type":"keyDown","value":"î€‡"},{"type":"pause","duration":10},{"type":"keyUp","value":"î€‡"}]}]}
RESULT: {"actions":[{"id":"action17","type":"key","parameters":{},"actions":[{"type":"keyDown","value":"î€‡"},{"type":"pause","duration":10},{"type":"keyUp","value":"î€‡"}]}]}
COMMAND: POST /session/3063759ab3aa077dff26570c094434dd/execute/async - {"script":"<script> [1562 bytes]","args":[{"selector":{"id":"createOrganizationPop--grZone","searchOpenDialogs":true,"interaction":{"idSuffix":"CbBg"}},"wdio_ui5_key":"createOrganizationPopgrZone"}]}
COMMAND: GET /session/3063759ab3aa077dff26570c094434dd/screenshot - {}
RESULT: {"script":"<script> [1562 bytes]","args":[{"selector":{"id":"createOrganizationPop--grZone","searchOpenDialogs":true,"interaction":{"idSuffix":"CbBg"}},"wdio_ui5_key":"createOrganizationPopgrZone"}]}
RESULT: undefined
COMMAND: POST /session/3063759ab3aa077dff26570c094434dd/element - {"using":"xpath","value":"//*[@id=\"createOrganizationPop--grZone\"]"}
RESULT: {}
RESULT: {"using":"xpath","value":"//*[@id=\"createOrganizationPop--grZone\"]"}
COMMAND: POST /session/3063759ab3aa077dff26570c094434dd/element/f.92BE17D50179148B77FBA55A3B2D928C.d.CAC32476DCE1F580D663FC4CE02E6376.e.5556/click - {}
RESULT: {}
COMMAND: GET /session/3063759ab3aa077dff26570c094434dd/screenshot - {}
RESULT: {}
COMMAND: POST /session/3063759ab3aa077dff26570c094434dd/execute/async - {"script":"<script> [1562 bytes]","args":[{"selector":{"id":"createOrganizationPop--giZone","searchOpenDialogs":true,"interaction":{"idSuffix":"CbBg"}},"wdio_ui5_key":"createOrganizationPopgiZone"}]}
RESULT: {"script":"<script> [1562 bytes]","args":[{"selector":{"id":"createOrganizationPop--giZone","searchOpenDialogs":true,"interaction":{"idSuffix":"CbBg"}},"wdio_ui5_key":"createOrganizationPopgiZone"}]}
RESULT: undefined
COMMAND: POST /session/3063759ab3aa077dff26570c094434dd/element - {"using":"xpath","value":"//*[@id=\"createOrganizationPop--giZone\"]"}
RESULT: {"using":"xpath","value":"//*[@id=\"createOrganizationPop--giZone\"]"}
COMMAND: POST /session/3063759ab3aa077dff26570c094434dd/element/f.92BE17D50179148B77FBA55A3B2D928C.d.CAC32476DCE1F580D663FC4CE02E6376.e.5558/click - {}
RESULT: {}
COMMAND: GET /session/3063759ab3aa077dff26570c094434dd/screenshot - {}
RESULT: {}
COMMAND: POST /session/3063759ab3aa077dff26570c094434dd/execute/async - {"script":"<script> [1562 bytes]","args":[{"selector":{"id":"createOrganizationPop--binNoInput","searchOpenDialogs":true,"interaction":{"idSuffix":"inner"}},"wdio_ui5_key":"createOrganizationPopbinNoInput"}]}
RESULT: {"script":"<script> [1562 bytes]","args":[{"selector":{"id":"createOrganizationPop--binNoInput","searchOpenDialogs":true,"interaction":{"idSuffix":"inner"}},"wdio_ui5_key":"createOrganizationPopbinNoInput"}]}
RESULT: undefined
COMMAND: POST /session/3063759ab3aa077dff26570c094434dd/execute/async - {"script":"<script> [776 bytes]","args":[{"enterText":"Bin-Wd","selector":{"id":"createOrganizationPop--binNoInput","searchOpenDialogs":true,"interaction":{"idSuffix":"inner"}},"clearTextFirst":true,"interactionType":"ENTER_TEXT"}]}
RESULT: {"script":"<script> [776 bytes]","args":[{"enterText":"Bin-Wd","selector":{"id":"createOrganizationPop--binNoInput","searchOpenDialogs":true,"interaction":{"idSuffix":"inner"}},"clearTextFirst":true,"interactionType":"ENTER_TEXT"}]}
COMMAND: POST /session/3063759ab3aa077dff26570c094434dd/execute/async - {"script":"<script> [1562 bytes]","args":[{"selector":{"id":"createOrganizationPop--descriptionId","searchOpenDialogs":true,"interaction":{"idSuffix":"inner"}},"wdio_ui5_key":"createOrganizationPopdescriptionId"}]}
RESULT: {"script":"<script> [1562 bytes]","args":[{"selector":{"id":"createOrganizationPop--descriptionId","searchOpenDialogs":true,"interaction":{"idSuffix":"inner"}},"wdio_ui5_key":"createOrganizationPopdescriptionId"}]}
RESULT: undefined
COMMAND: POST /session/3063759ab3aa077dff26570c094434dd/execute/async - {"script":"<script> [776 bytes]","args":[{"enterText":"Shipping-Wd","selector":{"id":"createOrganizationPop--descriptionId","searchOpenDialogs":true,"interaction":{"idSuffix":"inner"}},"clearTextFirst":true,"interactionType":"ENTER_TEXT"}]}
RESULT: {"script":"<script> [776 bytes]","args":[{"enterText":"Shipping-Wd","selector":{"id":"createOrganizationPop--descriptionId","searchOpenDialogs":true,"interaction":{"idSuffix":"inner"}},"clearTextFirst":true,"interactionType":"ENTER_TEXT"}]}
COMMAND: POST /session/3063759ab3aa077dff26570c094434dd/execute/async - {"script":"<script> [1562 bytes]","args":[{"selector":{"controlType":"sap.m.CheckBox","viewName":"etm.portal.ui.binstatusreport.view.MasterWareBins","viewId":"application-binstatusreport-display-component---warehousing","bindingPath":{"path":"","propertyPath":"/ZONE","modelName":"newBin"},"searchOpenDialogs":true,"interaction":{"idSuffix":"CbBg"}},"wdio_ui5_key":"etmportal.ui.binstatusreport.view.MasterWareBinssap.m.CheckBox{\"path\":\"\",\"propertyPath\":\"/ZONE\",\"modelName\":\"newBin\"}"}]}
RESULT: {"script":"<script> [1562 bytes]","args":[{"selector":{"controlType":"sap.m.CheckBox","viewName":"etm.portal.ui.binstatusreport.view.MasterWareBins","viewId":"application-binstatusreport-display-component---warehousing","bindingPath":{"path":"","propertyPath":"/ZONE","modelName":"newBin"},"searchOpenDialogs":true,"interaction":{"idSuffix":"CbBg"}},"wdio_ui5_key":"etmportal.ui.binstatusreport.view.MasterWareBinssap.m.CheckBox{\"path\":\"\",\"propertyPath\":\"/ZONE\",\"modelName\":\"newBin\"}"}]}
RESULT: undefined
COMMAND: POST /session/3063759ab3aa077dff26570c094434dd/element - {"using":"xpath","value":"//*[@id=\"__box56\"]"}
RESULT: {"using":"xpath","value":"//*[@id=\"__box56\"]"}
COMMAND: POST /session/3063759ab3aa077dff26570c094434dd/element/f.92BE17D50179148B77FBA55A3B2D928C.d.CAC32476DCE1F580D663FC4CE02E6376.e.5581/click - {}
RESULT: {}
COMMAND: GET /session/3063759ab3aa077dff26570c094434dd/screenshot - {}
RESULT: {}
COMMAND: POST /session/3063759ab3aa077dff26570c094434dd/execute/async - {"script":"<script> [1562 bytes]","args":[{"selector":{"id":"createOrganizationPop--binTypesCB","searchOpenDialogs":true,"interaction":{"idSuffix":"inner"}},"wdio_ui5_key":"createOrganizationPopbinTypesCB"}]}
RESULT: {"script":"<script> [1562 bytes]","args":[{"selector":{"id":"createOrganizationPop--binTypesCB","searchOpenDialogs":true,"interaction":{"idSuffix":"inner"}},"wdio_ui5_key":"createOrganizationPopbinTypesCB"}]}
RESULT: undefined
COMMAND: POST /session/3063759ab3aa077dff26570c094434dd/execute/async - {"script":"<script> [776 bytes]","args":[{"enterText":"1 - General / No capacity check","selector":{"id":"createOrganizationPop--binTypesCB","searchOpenDialogs":true,"interaction":{"idSuffix":"inner"}},"clearTextFirst":true,"interactionType":"ENTER_TEXT"}]}
RESULT: {"script":"<script> [776 bytes]","args":[{"enterText":"1 - General / No capacity check","selector":{"id":"createOrganizationPop--binTypesCB","searchOpenDialogs":true,"interaction":{"idSuffix":"inner"}},"clearTextFirst":true,"interactionType":"ENTER_TEXT"}]}
COMMAND: POST /session/3063759ab3aa077dff26570c094434dd/actions - {"actions":[{"id":"action18","type":"key","parameters":{},"actions":[{"type":"keyDown","value":"î€‡"},{"type":"pause","duration":10},{"type":"keyUp","value":"î€‡"}]}]}
RESULT: {"actions":[{"id":"action18","type":"key","parameters":{},"actions":[{"type":"keyDown","value":"î€‡"},{"type":"pause","duration":10},{"type":"keyUp","value":"î€‡"}]}]}
COMMAND: GET /session/3063759ab3aa077dff26570c094434dd/screenshot - {}
RESULT: {}
COMMAND: POST /session/3063759ab3aa077dff26570c094434dd/execute/async - {"script":"<script> [1562 bytes]","args":[{"selector":{"id":"createOrganizationPop--finishBtn","searchOpenDialogs":true,"interaction":{"idSuffix":"BDI-content"}},"wdio_ui5_key":"createOrganizationPopfinishBtn"}]}
RESULT: {"script":"<script> [1562 bytes]","args":[{"selector":{"id":"createOrganizationPop--finishBtn","searchOpenDialogs":true,"interaction":{"idSuffix":"BDI-content"}},"wdio_ui5_key":"createOrganizationPopfinishBtn"}]}
RESULT: undefined
COMMAND: POST /session/3063759ab3aa077dff26570c094434dd/element - {"using":"xpath","value":"//*[@id=\"createOrganizationPop--finishBtn\"]"}
RESULT: {"using":"xpath","value":"//*[@id=\"createOrganizationPop--finishBtn\"]"}
COMMAND: POST /session/3063759ab3aa077dff26570c094434dd/element/f.92BE17D50179148B77FBA55A3B2D928C.d.CAC32476DCE1F580D663FC4CE02E6376.e.5592/click - {}
RESULT: {}
COMMAND: GET /session/3063759ab3aa077dff26570c094434dd/screenshot - {}
RESULT: {}
COMMAND: POST /session/3063759ab3aa077dff26570c094434dd/element - {"using":"css selector","value":"#shell-header-logo"}
RESULT: {"using":"css selector","value":"#shell-header-logo"}
COMMAND: POST /session/3063759ab3aa077dff26570c094434dd/element/f.92BE17D50179148B77FBA55A3B2D928C.d.CAC32476DCE1F580D663FC4CE02E6376.e.5170/click - {}
RESULT: {}
COMMAND: GET /session/3063759ab3aa077dff26570c094434dd/screenshot - {}
RESULT: {}
]]></system-out>
    </testcase>
  </testsuite>
</testsuites>