<?xml version="1.0" encoding="UTF-8"?>
<testsuites tests="58" failures="13" errors="13" skipped="0">
  <testsuite timestamp="2025-05-24T17:07:33" time="1171.274" tests="11" failures="0" errors="0" skipped="0">
    <properties>
      <property name="specId" value="0"/>
      <property name="suiteName" value="Billing confirm US117289"/>
      <property name="capabilities" value="chrome.136_0_7103_93.windows"/>
      <property name="file" value="file:///D:/a/1/s/test/specs/BTS/billing-confirm.spec.js"/>
    </properties>
    <testcase classname="chrome.136_0_7103_93.windows.Billing_confirm_US117289" name="Should create a new yard" time="146.507">
      <system-out><![CDATA[
COMMAND: POST /session/130ef63994e902c9deb83fe717a4bbca/window/fullscreen - {}
RESULT: {}
COMMAND: POST /session/130ef63994e902c9deb83fe717a4bbca/execute/async - {"script":"<script> [1562 bytes]","args":[{"selector":{"controlType":"sap.m.GenericTile","properties":{"header":"Manage Yards"}},"wdio_ui5_key":"sapm.GenericTile{\"header\":\"Manage Yards\"}"}]}
RESULT: {"script":"<script> [1562 bytes]","args":[{"selector":{"controlType":"sap.m.GenericTile","properties":{"header":"Manage Yards"}},"wdio_ui5_key":"sapm.GenericTile{\"header\":\"Manage Yards\"}"}]}
RESULT: undefined
COMMAND: POST /session/130ef63994e902c9deb83fe717a4bbca/element - {"using":"xpath","value":"//*[@id=\"__tile41\"]"}
RESULT: {"using":"xpath","value":"//*[@id=\"__tile41\"]"}
COMMAND: POST /session/130ef63994e902c9deb83fe717a4bbca/element/f.DBA113373209FD8E36DE67C53790246B.d.995CC5C6192837042C73627269D6885F.e.155/click - {}
RESULT: {}
COMMAND: GET /session/130ef63994e902c9deb83fe717a4bbca/screenshot - {}
RESULT: {}
COMMAND: POST /session/130ef63994e902c9deb83fe717a4bbca/elements - {"using":"xpath","value":"//span[text()='Error']"}
RESULT: {"using":"xpath","value":"//span[text()='Error']"}
COMMAND: POST /session/130ef63994e902c9deb83fe717a4bbca/element - {"using":"xpath","value":"//button[@data-kt=\"addNewYardOverflowToolbarButton\"]"}
RESULT: {"using":"xpath","value":"//button[@data-kt=\"addNewYardOverflowToolbarButton\"]"}
COMMAND: POST /session/130ef63994e902c9deb83fe717a4bbca/elements - {"using":"xpath","value":"//button[@data-kt=\"addNewYardOverflowToolbarButton\"]"}
RESULT: {"using":"xpath","value":"//button[@data-kt=\"addNewYardOverflowToolbarButton\"]"}
COMMAND: POST /session/130ef63994e902c9deb83fe717a4bbca/elements - {"using":"xpath","value":"//button[@data-kt=\"addNewYardOverflowToolbarButton\"]"}
RESULT: {"using":"xpath","value":"//button[@data-kt=\"addNewYardOverflowToolbarButton\"]"}
COMMAND: POST /session/130ef63994e902c9deb83fe717a4bbca/elements - {"using":"xpath","value":"//button[@data-kt=\"addNewYardOverflowToolbarButton\"]"}
RESULT: {"using":"xpath","value":"//button[@data-kt=\"addNewYardOverflowToolbarButton\"]"}
COMMAND: POST /session/130ef63994e902c9deb83fe717a4bbca/elements - {"using":"xpath","value":"//button[@data-kt=\"addNewYardOverflowToolbarButton\"]"}
RESULT: {"using":"xpath","value":"//button[@data-kt=\"addNewYardOverflowToolbarButton\"]"}
COMMAND: POST /session/130ef63994e902c9deb83fe717a4bbca/elements - {"using":"xpath","value":"//button[@data-kt=\"addNewYardOverflowToolbarButton\"]"}
RESULT: {"using":"xpath","value":"//button[@data-kt=\"addNewYardOverflowToolbarButton\"]"}
COMMAND: POST /session/130ef63994e902c9deb83fe717a4bbca/elements - {"using":"xpath","value":"//button[@data-kt=\"addNewYardOverflowToolbarButton\"]"}
RESULT: {"using":"xpath","value":"//button[@data-kt=\"addNewYardOverflowToolbarButton\"]"}
COMMAND: POST /session/130ef63994e902c9deb83fe717a4bbca/elements - {"using":"xpath","value":"//button[@data-kt=\"addNewYardOverflowToolbarButton\"]"}
RESULT: {"using":"xpath","value":"//button[@data-kt=\"addNewYardOverflowToolbarButton\"]"}
COMMAND: POST /session/130ef63994e902c9deb83fe717a4bbca/elements - {"using":"xpath","value":"//button[@data-kt=\"addNewYardOverflowToolbarButton\"]"}
RESULT: {"using":"xpath","value":"//button[@data-kt=\"addNewYardOverflowToolbarButton\"]"}
COMMAND: POST /session/130ef63994e902c9deb83fe717a4bbca/elements - {"using":"xpath","value":"//button[@data-kt=\"addNewYardOverflowToolbarButton\"]"}
RESULT: {"using":"xpath","value":"//button[@data-kt=\"addNewYardOverflowToolbarButton\"]"}
COMMAND: POST /session/130ef63994e902c9deb83fe717a4bbca/elements - {"using":"xpath","value":"//button[@data-kt=\"addNewYardOverflowToolbarButton\"]"}
RESULT: {"using":"xpath","value":"//button[@data-kt=\"addNewYardOverflowToolbarButton\"]"}
COMMAND: POST /session/130ef63994e902c9deb83fe717a4bbca/elements - {"using":"xpath","value":"//button[@data-kt=\"addNewYardOverflowToolbarButton\"]"}
RESULT: {"using":"xpath","value":"//button[@data-kt=\"addNewYardOverflowToolbarButton\"]"}
COMMAND: POST /session/130ef63994e902c9deb83fe717a4bbca/elements - {"using":"xpath","value":"//button[@data-kt=\"addNewYardOverflowToolbarButton\"]"}
RESULT: {"using":"xpath","value":"//button[@data-kt=\"addNewYardOverflowToolbarButton\"]"}
COMMAND: POST /session/130ef63994e902c9deb83fe717a4bbca/element - {"using":"xpath","value":"//button[@data-kt=\"addNewYardOverflowToolbarButton\"]"}
RESULT: {"using":"xpath","value":"//button[@data-kt=\"addNewYardOverflowToolbarButton\"]"}
COMMAND: POST /session/130ef63994e902c9deb83fe717a4bbca/execute/sync - {"script":"<script> [8489 bytes]","args":[{"element-6066-11e4-a52e-4f735466cecf":"f.DBA113373209FD8E36DE67C53790246B.d.995CC5C6192837042C73627269D6885F.e.292","ELEMENT":"f.DBA113373209FD8E36DE67C53790246B.d.995CC5C6192837042C73627269D6885F.e.292"}]}
RESULT: {"script":"<script> [8489 bytes]","args":[{"element-6066-11e4-a52e-4f735466cecf":"f.DBA113373209FD8E36DE67C53790246B.d.995CC5C6192837042C73627269D6885F.e.292","ELEMENT":"f.DBA113373209FD8E36DE67C53790246B.d.995CC5C6192837042C73627269D6885F.e.292"}]}
COMMAND: GET /session/130ef63994e902c9deb83fe717a4bbca/element/f.DBA113373209FD8E36DE67C53790246B.d.995CC5C6192837042C73627269D6885F.e.292/enabled - {}
COMMAND: GET /session/130ef63994e902c9deb83fe717a4bbca/screenshot - {}
RESULT: {}
COMMAND: POST /session/130ef63994e902c9deb83fe717a4bbca/execute/sync - {"script":"<script> [8489 bytes]","args":[{"element-6066-11e4-a52e-4f735466cecf":"f.DBA113373209FD8E36DE67C53790246B.d.995CC5C6192837042C73627269D6885F.e.292","ELEMENT":"f.DBA113373209FD8E36DE67C53790246B.d.995CC5C6192837042C73627269D6885F.e.292"}]}
COMMAND: GET /session/130ef63994e902c9deb83fe717a4bbca/screenshot - {}
RESULT: {}
RESULT: {"script":"<script> [8489 bytes]","args":[{"element-6066-11e4-a52e-4f735466cecf":"f.DBA113373209FD8E36DE67C53790246B.d.995CC5C6192837042C73627269D6885F.e.292","ELEMENT":"f.DBA113373209FD8E36DE67C53790246B.d.995CC5C6192837042C73627269D6885F.e.292"}]}
COMMAND: POST /session/130ef63994e902c9deb83fe717a4bbca/execute/sync - {"script":"<script> [5351 bytes]","args":[{"element-6066-11e4-a52e-4f735466cecf":"f.DBA113373209FD8E36DE67C53790246B.d.995CC5C6192837042C73627269D6885F.e.292","ELEMENT":"f.DBA113373209FD8E36DE67C53790246B.d.995CC5C6192837042C73627269D6885F.e.292"}]}
COMMAND: GET /session/130ef63994e902c9deb83fe717a4bbca/screenshot - {}
RESULT: {}
RESULT: {"script":"<script> [5351 bytes]","args":[{"element-6066-11e4-a52e-4f735466cecf":"f.DBA113373209FD8E36DE67C53790246B.d.995CC5C6192837042C73627269D6885F.e.292","ELEMENT":"f.DBA113373209FD8E36DE67C53790246B.d.995CC5C6192837042C73627269D6885F.e.292"}]}
COMMAND: POST /session/130ef63994e902c9deb83fe717a4bbca/element/f.DBA113373209FD8E36DE67C53790246B.d.995CC5C6192837042C73627269D6885F.e.292/click - {}
COMMAND: GET /session/130ef63994e902c9deb83fe717a4bbca/screenshot - {}
RESULT: {}
RESULT: {}
COMMAND: GET /session/130ef63994e902c9deb83fe717a4bbca/screenshot - {}
COMMAND: POST /session/130ef63994e902c9deb83fe717a4bbca/element - {"using":"xpath","value":"//input[@id=\"application-manageyards-display-component---NewYard--yardId-inner\"]"}
RESULT: {}
RESULT: {}
RESULT: {"using":"xpath","value":"//input[@id=\"application-manageyards-display-component---NewYard--yardId-inner\"]"}
COMMAND: POST /session/130ef63994e902c9deb83fe717a4bbca/element - {"using":"xpath","value":"//input[@id=\"application-manageyards-display-component---NewYard--yardId-inner\"]"}
RESULT: {"using":"xpath","value":"//input[@id=\"application-manageyards-display-component---NewYard--yardId-inner\"]"}
COMMAND: POST /session/130ef63994e902c9deb83fe717a4bbca/execute/async - {"script":"<script> [1562 bytes]","args":[{"selector":{"id":"application-manageyards-display-component---NewYard--addressDetailDetailsName1","interaction":{"idSuffix":"inner"}},"wdio_ui5_key":"applicationmanageyards-display-component---NewYard--addressDetailDetailsName1"}]}
RESULT: {"script":"<script> [1562 bytes]","args":[{"selector":{"id":"application-manageyards-display-component---NewYard--addressDetailDetailsName1","interaction":{"idSuffix":"inner"}},"wdio_ui5_key":"applicationmanageyards-display-component---NewYard--addressDetailDetailsName1"}]}
RESULT: undefined
COMMAND: POST /session/130ef63994e902c9deb83fe717a4bbca/execute/async - {"script":"<script> [776 bytes]","args":[{"enterText":"Intracompany Yard wdIO","selector":{"id":"application-manageyards-display-component---NewYard--addressDetailDetailsName1","interaction":{"idSuffix":"inner"}},"clearTextFirst":true,"interactionType":"ENTER_TEXT"}]}
RESULT: {"script":"<script> [776 bytes]","args":[{"enterText":"Intracompany Yard wdIO","selector":{"id":"application-manageyards-display-component---NewYard--addressDetailDetailsName1","interaction":{"idSuffix":"inner"}},"clearTextFirst":true,"interactionType":"ENTER_TEXT"}]}
COMMAND: POST /session/130ef63994e902c9deb83fe717a4bbca/execute/async - {"script":"<script> [1562 bytes]","args":[{"selector":{"id":"application-manageyards-display-component---NewYard--addressDetailDetailsLanguage-arrow"},"wdio_ui5_key":"applicationmanageyards-display-component---NewYard--addressDetailDetailsLanguage-arrow"}]}
RESULT: {"script":"<script> [1562 bytes]","args":[{"selector":{"id":"application-manageyards-display-component---NewYard--addressDetailDetailsLanguage-arrow"},"wdio_ui5_key":"applicationmanageyards-display-component---NewYard--addressDetailDetailsLanguage-arrow"}]}
RESULT: undefined
COMMAND: POST /session/130ef63994e902c9deb83fe717a4bbca/element - {"using":"xpath","value":"//*[@id=\"application-manageyards-display-component---NewYard--addressDetailDetailsLanguage-arrow\"]"}
RESULT: {"using":"xpath","value":"//*[@id=\"application-manageyards-display-component---NewYard--addressDetailDetailsLanguage-arrow\"]"}
COMMAND: POST /session/130ef63994e902c9deb83fe717a4bbca/element/f.DBA113373209FD8E36DE67C53790246B.d.995CC5C6192837042C73627269D6885F.e.723/click - {}
RESULT: {}
COMMAND: POST /session/130ef63994e902c9deb83fe717a4bbca/element - {"using":"xpath","value":"//span[contains(text(), \"English\")]"}
COMMAND: GET /session/130ef63994e902c9deb83fe717a4bbca/screenshot - {}
RESULT: {"using":"xpath","value":"//span[contains(text(), \"English\")]"}
COMMAND: POST /session/130ef63994e902c9deb83fe717a4bbca/element/f.DBA113373209FD8E36DE67C53790246B.d.995CC5C6192837042C73627269D6885F.e.724/click - {}
RESULT: {}
RESULT: {}
COMMAND: POST /session/130ef63994e902c9deb83fe717a4bbca/execute/async - {"script":"<script> [1562 bytes]","args":[{"selector":{"id":"application-manageyards-display-component---NewYard--addressDetailDetailsCity1","interaction":{"idSuffix":"inner"}},"wdio_ui5_key":"applicationmanageyards-display-component---NewYard--addressDetailDetailsCity1"}]}
COMMAND: GET /session/130ef63994e902c9deb83fe717a4bbca/screenshot - {}
RESULT: {"script":"<script> [1562 bytes]","args":[{"selector":{"id":"application-manageyards-display-component---NewYard--addressDetailDetailsCity1","interaction":{"idSuffix":"inner"}},"wdio_ui5_key":"applicationmanageyards-display-component---NewYard--addressDetailDetailsCity1"}]}
RESULT: undefined
COMMAND: POST /session/130ef63994e902c9deb83fe717a4bbca/execute/async - {"script":"<script> [776 bytes]","args":[{"enterText":"Rosario","selector":{"id":"application-manageyards-display-component---NewYard--addressDetailDetailsCity1","interaction":{"idSuffix":"inner"}},"clearTextFirst":true,"interactionType":"ENTER_TEXT"}]}
RESULT: {}
RESULT: {"script":"<script> [776 bytes]","args":[{"enterText":"Rosario","selector":{"id":"application-manageyards-display-component---NewYard--addressDetailDetailsCity1","interaction":{"idSuffix":"inner"}},"clearTextFirst":true,"interactionType":"ENTER_TEXT"}]}
COMMAND: POST /session/130ef63994e902c9deb83fe717a4bbca/execute/async - {"script":"<script> [1562 bytes]","args":[{"selector":{"id":"application-manageyards-display-component---NewYard--addressDetailDetailsCountry-arrow"},"wdio_ui5_key":"applicationmanageyards-display-component---NewYard--addressDetailDetailsCountry-arrow"}]}
RESULT: {"script":"<script> [1562 bytes]","args":[{"selector":{"id":"application-manageyards-display-component---NewYard--addressDetailDetailsCountry-arrow"},"wdio_ui5_key":"applicationmanageyards-display-component---NewYard--addressDetailDetailsCountry-arrow"}]}
RESULT: undefined
COMMAND: POST /session/130ef63994e902c9deb83fe717a4bbca/element - {"using":"xpath","value":"//*[@id=\"application-manageyards-display-component---NewYard--addressDetailDetailsCountry-arrow\"]"}
RESULT: {"using":"xpath","value":"//*[@id=\"application-manageyards-display-component---NewYard--addressDetailDetailsCountry-arrow\"]"}
COMMAND: POST /session/130ef63994e902c9deb83fe717a4bbca/element/f.DBA113373209FD8E36DE67C53790246B.d.995CC5C6192837042C73627269D6885F.e.726/click - {}
RESULT: {}
COMMAND: POST /session/130ef63994e902c9deb83fe717a4bbca/element - {"using":"xpath","value":"//span[contains(text(), \"Argentina\")]"}
COMMAND: GET /session/130ef63994e902c9deb83fe717a4bbca/screenshot - {}
RESULT: {"using":"xpath","value":"//span[contains(text(), \"Argentina\")]"}
COMMAND: POST /session/130ef63994e902c9deb83fe717a4bbca/element/f.DBA113373209FD8E36DE67C53790246B.d.995CC5C6192837042C73627269D6885F.e.727/click - {}
RESULT: {}
RESULT: {}
COMMAND: POST /session/130ef63994e902c9deb83fe717a4bbca/execute/async - {"script":"<script> [1562 bytes]","args":[{"selector":{"id":"application-manageyards-display-component---NewYard--addressEditDetailsCostObjectCstType-arrow"},"wdio_ui5_key":"applicationmanageyards-display-component---NewYard--addressEditDetailsCostObjectCstType-arrow"}]}
COMMAND: GET /session/130ef63994e902c9deb83fe717a4bbca/screenshot - {}
RESULT: {"script":"<script> [1562 bytes]","args":[{"selector":{"id":"application-manageyards-display-component---NewYard--addressEditDetailsCostObjectCstType-arrow"},"wdio_ui5_key":"applicationmanageyards-display-component---NewYard--addressEditDetailsCostObjectCstType-arrow"}]}
RESULT: undefined
COMMAND: POST /session/130ef63994e902c9deb83fe717a4bbca/element - {"using":"xpath","value":"//*[@id=\"application-manageyards-display-component---NewYard--addressEditDetailsCostObjectCstType-arrow\"]"}
RESULT: {}
RESULT: {"using":"xpath","value":"//*[@id=\"application-manageyards-display-component---NewYard--addressEditDetailsCostObjectCstType-arrow\"]"}
COMMAND: POST /session/130ef63994e902c9deb83fe717a4bbca/element/f.DBA113373209FD8E36DE67C53790246B.d.995CC5C6192837042C73627269D6885F.e.729/click - {}
RESULT: {}
COMMAND: POST /session/130ef63994e902c9deb83fe717a4bbca/element - {"using":"xpath","value":"//span[contains(text(), \"Cost Center\")]"}
COMMAND: GET /session/130ef63994e902c9deb83fe717a4bbca/screenshot - {}
RESULT: {"using":"xpath","value":"//span[contains(text(), \"Cost Center\")]"}
COMMAND: POST /session/130ef63994e902c9deb83fe717a4bbca/element/f.DBA113373209FD8E36DE67C53790246B.d.995CC5C6192837042C73627269D6885F.e.730/click - {}
RESULT: {}
RESULT: {}
COMMAND: GET /session/130ef63994e902c9deb83fe717a4bbca/screenshot - {}
RESULT: {}
COMMAND: POST /session/130ef63994e902c9deb83fe717a4bbca/element - {"using":"xpath","value":"//span[@id=\"application-manageyards-display-component---NewYard--addressNewCostObjectCstID-vhi\"]"}
RESULT: {"using":"xpath","value":"//span[@id=\"application-manageyards-display-component---NewYard--addressNewCostObjectCstID-vhi\"]"}
COMMAND: POST /session/130ef63994e902c9deb83fe717a4bbca/execute/sync - {"script":"<script> [8489 bytes]","args":[{"element-6066-11e4-a52e-4f735466cecf":"f.DBA113373209FD8E36DE67C53790246B.d.995CC5C6192837042C73627269D6885F.e.734","ELEMENT":"f.DBA113373209FD8E36DE67C53790246B.d.995CC5C6192837042C73627269D6885F.e.734"}]}
RESULT: {"script":"<script> [8489 bytes]","args":[{"element-6066-11e4-a52e-4f735466cecf":"f.DBA113373209FD8E36DE67C53790246B.d.995CC5C6192837042C73627269D6885F.e.734","ELEMENT":"f.DBA113373209FD8E36DE67C53790246B.d.995CC5C6192837042C73627269D6885F.e.734"}]}
COMMAND: POST /session/130ef63994e902c9deb83fe717a4bbca/execute/async - {"script":"<script> [1562 bytes]","args":[{"selector":{"id":"application-manageyards-display-component---NewYard--addressNewCostObjectCstID-vhi"},"wdio_ui5_key":"applicationmanageyards-display-component---NewYard--addressNewCostObjectCstID-vhi"}]}
COMMAND: GET /session/130ef63994e902c9deb83fe717a4bbca/screenshot - {}
RESULT: {"script":"<script> [1562 bytes]","args":[{"selector":{"id":"application-manageyards-display-component---NewYard--addressNewCostObjectCstID-vhi"},"wdio_ui5_key":"applicationmanageyards-display-component---NewYard--addressNewCostObjectCstID-vhi"}]}
RESULT: undefined
COMMAND: POST /session/130ef63994e902c9deb83fe717a4bbca/element - {"using":"xpath","value":"//*[@id=\"application-manageyards-display-component---NewYard--addressNewCostObjectCstID-vhi\"]"}
RESULT: {}
RESULT: {"using":"xpath","value":"//*[@id=\"application-manageyards-display-component---NewYard--addressNewCostObjectCstID-vhi\"]"}
COMMAND: POST /session/130ef63994e902c9deb83fe717a4bbca/element/f.DBA113373209FD8E36DE67C53790246B.d.995CC5C6192837042C73627269D6885F.e.734/click - {}
RESULT: {}
COMMAND: GET /session/130ef63994e902c9deb83fe717a4bbca/screenshot - {}
RESULT: {}
COMMAND: POST /session/130ef63994e902c9deb83fe717a4bbca/execute/async - {"script":"<script> [1562 bytes]","args":[{"selector":{"controlType":"sap.m.SearchField","properties":{"placeholder":"Search"},"searchOpenDialogs":true,"interaction":{"idSuffix":"I"}},"wdio_ui5_key":"sapm.SearchField{\"placeholder\":\"Search\"}"}]}
RESULT: {"script":"<script> [1562 bytes]","args":[{"selector":{"controlType":"sap.m.SearchField","properties":{"placeholder":"Search"},"searchOpenDialogs":true,"interaction":{"idSuffix":"I"}},"wdio_ui5_key":"sapm.SearchField{\"placeholder\":\"Search\"}"}]}
RESULT: undefined
COMMAND: POST /session/130ef63994e902c9deb83fe717a4bbca/execute/async - {"script":"<script> [776 bytes]","args":[{"enterText":"bauh_b","selector":{"controlType":"sap.m.SearchField","properties":{"placeholder":"Search"},"searchOpenDialogs":true,"interaction":{"idSuffix":"I"}},"clearTextFirst":true,"interactionType":"ENTER_TEXT"}]}
RESULT: {"script":"<script> [776 bytes]","args":[{"enterText":"bauh_b","selector":{"controlType":"sap.m.SearchField","properties":{"placeholder":"Search"},"searchOpenDialogs":true,"interaction":{"idSuffix":"I"}},"clearTextFirst":true,"interactionType":"ENTER_TEXT"}]}
COMMAND: POST /session/130ef63994e902c9deb83fe717a4bbca/actions - {"actions":[{"id":"action1","type":"key","parameters":{},"actions":[{"type":"keyDown","value":""},{"type":"pause","duration":10},{"type":"keyUp","value":""}]}]}
RESULT: {"actions":[{"id":"action1","type":"key","parameters":{},"actions":[{"type":"keyDown","value":""},{"type":"pause","duration":10},{"type":"keyUp","value":""}]}]}
COMMAND: GET /session/130ef63994e902c9deb83fe717a4bbca/screenshot - {}
RESULT: {}
COMMAND: POST /session/130ef63994e902c9deb83fe717a4bbca/element - {"using":"xpath","value":"//span[contains(text(), \"Demo Yard\")]"}
RESULT: {"using":"xpath","value":"//span[contains(text(), \"Demo Yard\")]"}
COMMAND: POST /session/130ef63994e902c9deb83fe717a4bbca/element/f.DBA113373209FD8E36DE67C53790246B.d.995CC5C6192837042C73627269D6885F.e.775/click - {}
RESULT: {}
COMMAND: GET /session/130ef63994e902c9deb83fe717a4bbca/screenshot - {}
RESULT: {}
COMMAND: POST /session/130ef63994e902c9deb83fe717a4bbca/element - {"using":"xpath","value":"//bdi[contains(text(), \"OK\")]"}
RESULT: {"using":"xpath","value":"//bdi[contains(text(), \"OK\")]"}
COMMAND: POST /session/130ef63994e902c9deb83fe717a4bbca/element/f.DBA113373209FD8E36DE67C53790246B.d.995CC5C6192837042C73627269D6885F.e.776/click - {}
RESULT: {}
COMMAND: GET /session/130ef63994e902c9deb83fe717a4bbca/screenshot - {}
RESULT: {}
COMMAND: POST /session/130ef63994e902c9deb83fe717a4bbca/execute/async - {"script":"<script> [1562 bytes]","args":[{"selector":{"id":"application-manageyards-display-component---NewYard--addressEditDetailsCurrency-arrow"},"wdio_ui5_key":"applicationmanageyards-display-component---NewYard--addressEditDetailsCurrency-arrow"}]}
RESULT: {"script":"<script> [1562 bytes]","args":[{"selector":{"id":"application-manageyards-display-component---NewYard--addressEditDetailsCurrency-arrow"},"wdio_ui5_key":"applicationmanageyards-display-component---NewYard--addressEditDetailsCurrency-arrow"}]}
RESULT: undefined
COMMAND: POST /session/130ef63994e902c9deb83fe717a4bbca/element - {"using":"xpath","value":"//*[@id=\"application-manageyards-display-component---NewYard--addressEditDetailsCurrency-arrow\"]"}
RESULT: {"using":"xpath","value":"//*[@id=\"application-manageyards-display-component---NewYard--addressEditDetailsCurrency-arrow\"]"}
COMMAND: POST /session/130ef63994e902c9deb83fe717a4bbca/element/f.DBA113373209FD8E36DE67C53790246B.d.995CC5C6192837042C73627269D6885F.e.779/click - {}
RESULT: {}
COMMAND: POST /session/130ef63994e902c9deb83fe717a4bbca/element - {"using":"xpath","value":"//span[contains(text(), \"Euro\")]"}
COMMAND: GET /session/130ef63994e902c9deb83fe717a4bbca/screenshot - {}
RESULT: {"using":"xpath","value":"//span[contains(text(), \"Euro\")]"}
COMMAND: POST /session/130ef63994e902c9deb83fe717a4bbca/element/f.DBA113373209FD8E36DE67C53790246B.d.995CC5C6192837042C73627269D6885F.e.780/click - {}
RESULT: {}
RESULT: {}
COMMAND: POST /session/130ef63994e902c9deb83fe717a4bbca/execute/async - {"script":"<script> [1562 bytes]","args":[{"selector":{"controlType":"sap.m.Input","viewName":"etm.portal.ui.manageyards.view.New","viewId":"application-manageyards-display-component---NewYard","bindingPath":{"path":"","propertyPath":"/CONTROLLING_AREA","modelName":"NewYardModel"},"interaction":{"idSuffix":"inner"}},"wdio_ui5_key":"etmportal.ui.manageyards.view.Newsap.m.Input{\"path\":\"\",\"propertyPath\":\"/CONTROLLING_AREA\",\"modelName\":\"NewYardModel\"}"}]}
COMMAND: GET /session/130ef63994e902c9deb83fe717a4bbca/screenshot - {}
RESULT: {"script":"<script> [1562 bytes]","args":[{"selector":{"controlType":"sap.m.Input","viewName":"etm.portal.ui.manageyards.view.New","viewId":"application-manageyards-display-component---NewYard","bindingPath":{"path":"","propertyPath":"/CONTROLLING_AREA","modelName":"NewYardModel"},"interaction":{"idSuffix":"inner"}},"wdio_ui5_key":"etmportal.ui.manageyards.view.Newsap.m.Input{\"path\":\"\",\"propertyPath\":\"/CONTROLLING_AREA\",\"modelName\":\"NewYardModel\"}"}]}
RESULT: undefined
COMMAND: POST /session/130ef63994e902c9deb83fe717a4bbca/execute/async - {"script":"<script> [776 bytes]","args":[{"enterText":"Z001","selector":{"controlType":"sap.m.Input","viewName":"etm.portal.ui.manageyards.view.New","viewId":"application-manageyards-display-component---NewYard","bindingPath":{"path":"","propertyPath":"/CONTROLLING_AREA","modelName":"NewYardModel"},"interaction":{"idSuffix":"inner"}},"clearTextFirst":true,"interactionType":"ENTER_TEXT"}]}
RESULT: {}
RESULT: {"script":"<script> [776 bytes]","args":[{"enterText":"Z001","selector":{"controlType":"sap.m.Input","viewName":"etm.portal.ui.manageyards.view.New","viewId":"application-manageyards-display-component---NewYard","bindingPath":{"path":"","propertyPath":"/CONTROLLING_AREA","modelName":"NewYardModel"},"interaction":{"idSuffix":"inner"}},"clearTextFirst":true,"interactionType":"ENTER_TEXT"}]}
COMMAND: POST /session/130ef63994e902c9deb83fe717a4bbca/execute/async - {"script":"<script> [1562 bytes]","args":[{"selector":{"id":"application-manageyards-display-component---NewYard--companyCodeComboBox","interaction":{"idSuffix":"inner"}},"wdio_ui5_key":"applicationmanageyards-display-component---NewYard--companyCodeComboBox"}]}
RESULT: {"script":"<script> [1562 bytes]","args":[{"selector":{"id":"application-manageyards-display-component---NewYard--companyCodeComboBox","interaction":{"idSuffix":"inner"}},"wdio_ui5_key":"applicationmanageyards-display-component---NewYard--companyCodeComboBox"}]}
RESULT: undefined
COMMAND: POST /session/130ef63994e902c9deb83fe717a4bbca/execute/async - {"script":"<script> [776 bytes]","args":[{"enterText":"1000","selector":{"id":"application-manageyards-display-component---NewYard--companyCodeComboBox","interaction":{"idSuffix":"inner"}},"clearTextFirst":true,"interactionType":"ENTER_TEXT"}]}
RESULT: {"script":"<script> [776 bytes]","args":[{"enterText":"1000","selector":{"id":"application-manageyards-display-component---NewYard--companyCodeComboBox","interaction":{"idSuffix":"inner"}},"clearTextFirst":true,"interactionType":"ENTER_TEXT"}]}
COMMAND: POST /session/130ef63994e902c9deb83fe717a4bbca/execute/async - {"script":"<script> [1562 bytes]","args":[{"selector":{"controlType":"sap.m.Input","viewName":"etm.portal.ui.manageyards.view.New","viewId":"application-manageyards-display-component---NewYard","bindingPath":{"path":"","propertyPath":"/PLANT","modelName":"NewYardModel"},"interaction":{"idSuffix":"inner"}},"wdio_ui5_key":"etmportal.ui.manageyards.view.Newsap.m.Input{\"path\":\"\",\"propertyPath\":\"/PLANT\",\"modelName\":\"NewYardModel\"}"}]}
RESULT: {"script":"<script> [1562 bytes]","args":[{"selector":{"controlType":"sap.m.Input","viewName":"etm.portal.ui.manageyards.view.New","viewId":"application-manageyards-display-component---NewYard","bindingPath":{"path":"","propertyPath":"/PLANT","modelName":"NewYardModel"},"interaction":{"idSuffix":"inner"}},"wdio_ui5_key":"etmportal.ui.manageyards.view.Newsap.m.Input{\"path\":\"\",\"propertyPath\":\"/PLANT\",\"modelName\":\"NewYardModel\"}"}]}
RESULT: undefined
COMMAND: POST /session/130ef63994e902c9deb83fe717a4bbca/execute/async - {"script":"<script> [776 bytes]","args":[{"enterText":"1001","selector":{"controlType":"sap.m.Input","viewName":"etm.portal.ui.manageyards.view.New","viewId":"application-manageyards-display-component---NewYard","bindingPath":{"path":"","propertyPath":"/PLANT","modelName":"NewYardModel"},"interaction":{"idSuffix":"inner"}},"clearTextFirst":true,"interactionType":"ENTER_TEXT"}]}
RESULT: {"script":"<script> [776 bytes]","args":[{"enterText":"1001","selector":{"controlType":"sap.m.Input","viewName":"etm.portal.ui.manageyards.view.New","viewId":"application-manageyards-display-component---NewYard","bindingPath":{"path":"","propertyPath":"/PLANT","modelName":"NewYardModel"},"interaction":{"idSuffix":"inner"}},"clearTextFirst":true,"interactionType":"ENTER_TEXT"}]}
COMMAND: POST /session/130ef63994e902c9deb83fe717a4bbca/execute/async - {"script":"<script> [1562 bytes]","args":[{"selector":{"controlType":"sap.m.Input","viewName":"etm.portal.ui.manageyards.view.New","viewId":"application-manageyards-display-component---NewYard","bindingPath":{"path":"","propertyPath":"/SALES_AREA_VKORG","modelName":"NewYardModel"},"interaction":{"idSuffix":"inner"}},"wdio_ui5_key":"etmportal.ui.manageyards.view.Newsap.m.Input{\"path\":\"\",\"propertyPath\":\"/SALES_AREA_VKORG\",\"modelName\":\"NewYardModel\"}"}]}
RESULT: {"script":"<script> [1562 bytes]","args":[{"selector":{"controlType":"sap.m.Input","viewName":"etm.portal.ui.manageyards.view.New","viewId":"application-manageyards-display-component---NewYard","bindingPath":{"path":"","propertyPath":"/SALES_AREA_VKORG","modelName":"NewYardModel"},"interaction":{"idSuffix":"inner"}},"wdio_ui5_key":"etmportal.ui.manageyards.view.Newsap.m.Input{\"path\":\"\",\"propertyPath\":\"/SALES_AREA_VKORG\",\"modelName\":\"NewYardModel\"}"}]}
RESULT: undefined
COMMAND: POST /session/130ef63994e902c9deb83fe717a4bbca/execute/async - {"script":"<script> [776 bytes]","args":[{"enterText":"C002","selector":{"controlType":"sap.m.Input","viewName":"etm.portal.ui.manageyards.view.New","viewId":"application-manageyards-display-component---NewYard","bindingPath":{"path":"","propertyPath":"/SALES_AREA_VKORG","modelName":"NewYardModel"},"interaction":{"idSuffix":"inner"}},"clearTextFirst":true,"interactionType":"ENTER_TEXT"}]}
RESULT: {"script":"<script> [776 bytes]","args":[{"enterText":"C002","selector":{"controlType":"sap.m.Input","viewName":"etm.portal.ui.manageyards.view.New","viewId":"application-manageyards-display-component---NewYard","bindingPath":{"path":"","propertyPath":"/SALES_AREA_VKORG","modelName":"NewYardModel"},"interaction":{"idSuffix":"inner"}},"clearTextFirst":true,"interactionType":"ENTER_TEXT"}]}
COMMAND: POST /session/130ef63994e902c9deb83fe717a4bbca/execute/async - {"script":"<script> [1562 bytes]","args":[{"selector":{"controlType":"sap.m.Input","viewName":"etm.portal.ui.manageyards.view.New","viewId":"application-manageyards-display-component---NewYard","bindingPath":{"path":"","propertyPath":"/SALES_AREA_VTWEG","modelName":"NewYardModel"},"interaction":{"idSuffix":"inner"}},"wdio_ui5_key":"etmportal.ui.manageyards.view.Newsap.m.Input{\"path\":\"\",\"propertyPath\":\"/SALES_AREA_VTWEG\",\"modelName\":\"NewYardModel\"}"}]}
RESULT: {"script":"<script> [1562 bytes]","args":[{"selector":{"controlType":"sap.m.Input","viewName":"etm.portal.ui.manageyards.view.New","viewId":"application-manageyards-display-component---NewYard","bindingPath":{"path":"","propertyPath":"/SALES_AREA_VTWEG","modelName":"NewYardModel"},"interaction":{"idSuffix":"inner"}},"wdio_ui5_key":"etmportal.ui.manageyards.view.Newsap.m.Input{\"path\":\"\",\"propertyPath\":\"/SALES_AREA_VTWEG\",\"modelName\":\"NewYardModel\"}"}]}
RESULT: undefined
COMMAND: POST /session/130ef63994e902c9deb83fe717a4bbca/execute/async - {"script":"<script> [776 bytes]","args":[{"enterText":"C2","selector":{"controlType":"sap.m.Input","viewName":"etm.portal.ui.manageyards.view.New","viewId":"application-manageyards-display-component---NewYard","bindingPath":{"path":"","propertyPath":"/SALES_AREA_VTWEG","modelName":"NewYardModel"},"interaction":{"idSuffix":"inner"}},"clearTextFirst":true,"interactionType":"ENTER_TEXT"}]}
RESULT: {"script":"<script> [776 bytes]","args":[{"enterText":"C2","selector":{"controlType":"sap.m.Input","viewName":"etm.portal.ui.manageyards.view.New","viewId":"application-manageyards-display-component---NewYard","bindingPath":{"path":"","propertyPath":"/SALES_AREA_VTWEG","modelName":"NewYardModel"},"interaction":{"idSuffix":"inner"}},"clearTextFirst":true,"interactionType":"ENTER_TEXT"}]}
COMMAND: POST /session/130ef63994e902c9deb83fe717a4bbca/execute/async - {"script":"<script> [1562 bytes]","args":[{"selector":{"controlType":"sap.m.Input","viewName":"etm.portal.ui.manageyards.view.New","viewId":"application-manageyards-display-component---NewYard","bindingPath":{"path":"","propertyPath":"/SALES_AREA_SPART","modelName":"NewYardModel"},"interaction":{"idSuffix":"inner"}},"wdio_ui5_key":"etmportal.ui.manageyards.view.Newsap.m.Input{\"path\":\"\",\"propertyPath\":\"/SALES_AREA_SPART\",\"modelName\":\"NewYardModel\"}"}]}
RESULT: {"script":"<script> [1562 bytes]","args":[{"selector":{"controlType":"sap.m.Input","viewName":"etm.portal.ui.manageyards.view.New","viewId":"application-manageyards-display-component---NewYard","bindingPath":{"path":"","propertyPath":"/SALES_AREA_SPART","modelName":"NewYardModel"},"interaction":{"idSuffix":"inner"}},"wdio_ui5_key":"etmportal.ui.manageyards.view.Newsap.m.Input{\"path\":\"\",\"propertyPath\":\"/SALES_AREA_SPART\",\"modelName\":\"NewYardModel\"}"}]}
RESULT: undefined
COMMAND: POST /session/130ef63994e902c9deb83fe717a4bbca/execute/async - {"script":"<script> [776 bytes]","args":[{"enterText":"C2","selector":{"controlType":"sap.m.Input","viewName":"etm.portal.ui.manageyards.view.New","viewId":"application-manageyards-display-component---NewYard","bindingPath":{"path":"","propertyPath":"/SALES_AREA_SPART","modelName":"NewYardModel"},"interaction":{"idSuffix":"inner"}},"clearTextFirst":true,"interactionType":"ENTER_TEXT"}]}
RESULT: {"script":"<script> [776 bytes]","args":[{"enterText":"C2","selector":{"controlType":"sap.m.Input","viewName":"etm.portal.ui.manageyards.view.New","viewId":"application-manageyards-display-component---NewYard","bindingPath":{"path":"","propertyPath":"/SALES_AREA_SPART","modelName":"NewYardModel"},"interaction":{"idSuffix":"inner"}},"clearTextFirst":true,"interactionType":"ENTER_TEXT"}]}
COMMAND: POST /session/130ef63994e902c9deb83fe717a4bbca/execute/async - {"script":"<script> [1562 bytes]","args":[{"selector":{"controlType":"sap.m.Input","viewName":"etm.portal.ui.manageyards.view.New","viewId":"application-manageyards-display-component---NewYard","bindingPath":{"path":"","propertyPath":"/SHIP_POINT","modelName":"NewYardModel"},"interaction":{"idSuffix":"inner"}},"wdio_ui5_key":"etmportal.ui.manageyards.view.Newsap.m.Input{\"path\":\"\",\"propertyPath\":\"/SHIP_POINT\",\"modelName\":\"NewYardModel\"}"}]}
RESULT: {"script":"<script> [1562 bytes]","args":[{"selector":{"controlType":"sap.m.Input","viewName":"etm.portal.ui.manageyards.view.New","viewId":"application-manageyards-display-component---NewYard","bindingPath":{"path":"","propertyPath":"/SHIP_POINT","modelName":"NewYardModel"},"interaction":{"idSuffix":"inner"}},"wdio_ui5_key":"etmportal.ui.manageyards.view.Newsap.m.Input{\"path\":\"\",\"propertyPath\":\"/SHIP_POINT\",\"modelName\":\"NewYardModel\"}"}]}
RESULT: undefined
COMMAND: POST /session/130ef63994e902c9deb83fe717a4bbca/execute/async - {"script":"<script> [776 bytes]","args":[{"enterText":"1710","selector":{"controlType":"sap.m.Input","viewName":"etm.portal.ui.manageyards.view.New","viewId":"application-manageyards-display-component---NewYard","bindingPath":{"path":"","propertyPath":"/SHIP_POINT","modelName":"NewYardModel"},"interaction":{"idSuffix":"inner"}},"clearTextFirst":true,"interactionType":"ENTER_TEXT"}]}
RESULT: {"script":"<script> [776 bytes]","args":[{"enterText":"1710","selector":{"controlType":"sap.m.Input","viewName":"etm.portal.ui.manageyards.view.New","viewId":"application-manageyards-display-component---NewYard","bindingPath":{"path":"","propertyPath":"/SHIP_POINT","modelName":"NewYardModel"},"interaction":{"idSuffix":"inner"}},"clearTextFirst":true,"interactionType":"ENTER_TEXT"}]}
COMMAND: POST /session/130ef63994e902c9deb83fe717a4bbca/execute/async - {"script":"<script> [1562 bytes]","args":[{"selector":{"controlType":"sap.m.Input","viewName":"etm.portal.ui.manageyards.view.New","viewId":"application-manageyards-display-component---NewYard","bindingPath":{"path":"","propertyPath":"/DELIVERY_TYPE","modelName":"NewYardModel"},"interaction":{"idSuffix":"inner"}},"wdio_ui5_key":"etmportal.ui.manageyards.view.Newsap.m.Input{\"path\":\"\",\"propertyPath\":\"/DELIVERY_TYPE\",\"modelName\":\"NewYardModel\"}"}]}
RESULT: {"script":"<script> [1562 bytes]","args":[{"selector":{"controlType":"sap.m.Input","viewName":"etm.portal.ui.manageyards.view.New","viewId":"application-manageyards-display-component---NewYard","bindingPath":{"path":"","propertyPath":"/DELIVERY_TYPE","modelName":"NewYardModel"},"interaction":{"idSuffix":"inner"}},"wdio_ui5_key":"etmportal.ui.manageyards.view.Newsap.m.Input{\"path\":\"\",\"propertyPath\":\"/DELIVERY_TYPE\",\"modelName\":\"NewYardModel\"}"}]}
RESULT: undefined
COMMAND: POST /session/130ef63994e902c9deb83fe717a4bbca/execute/async - {"script":"<script> [776 bytes]","args":[{"enterText":"ZL01","selector":{"controlType":"sap.m.Input","viewName":"etm.portal.ui.manageyards.view.New","viewId":"application-manageyards-display-component---NewYard","bindingPath":{"path":"","propertyPath":"/DELIVERY_TYPE","modelName":"NewYardModel"},"interaction":{"idSuffix":"inner"}},"clearTextFirst":true,"interactionType":"ENTER_TEXT"}]}
RESULT: {"script":"<script> [776 bytes]","args":[{"enterText":"ZL01","selector":{"controlType":"sap.m.Input","viewName":"etm.portal.ui.manageyards.view.New","viewId":"application-manageyards-display-component---NewYard","bindingPath":{"path":"","propertyPath":"/DELIVERY_TYPE","modelName":"NewYardModel"},"interaction":{"idSuffix":"inner"}},"clearTextFirst":true,"interactionType":"ENTER_TEXT"}]}
COMMAND: POST /session/130ef63994e902c9deb83fe717a4bbca/execute/async - {"script":"<script> [1562 bytes]","args":[{"selector":{"controlType":"sap.m.Input","viewName":"etm.portal.ui.manageyards.view.New","viewId":"application-manageyards-display-component---NewYard","bindingPath":{"path":"","propertyPath":"/AUART","modelName":"NewYardModel"},"interaction":{"idSuffix":"inner"}},"wdio_ui5_key":"etmportal.ui.manageyards.view.Newsap.m.Input{\"path\":\"\",\"propertyPath\":\"/AUART\",\"modelName\":\"NewYardModel\"}"}]}
RESULT: {"script":"<script> [1562 bytes]","args":[{"selector":{"controlType":"sap.m.Input","viewName":"etm.portal.ui.manageyards.view.New","viewId":"application-manageyards-display-component---NewYard","bindingPath":{"path":"","propertyPath":"/AUART","modelName":"NewYardModel"},"interaction":{"idSuffix":"inner"}},"wdio_ui5_key":"etmportal.ui.manageyards.view.Newsap.m.Input{\"path\":\"\",\"propertyPath\":\"/AUART\",\"modelName\":\"NewYardModel\"}"}]}
RESULT: undefined
COMMAND: POST /session/130ef63994e902c9deb83fe717a4bbca/execute/async - {"script":"<script> [776 bytes]","args":[{"enterText":"TA","selector":{"controlType":"sap.m.Input","viewName":"etm.portal.ui.manageyards.view.New","viewId":"application-manageyards-display-component---NewYard","bindingPath":{"path":"","propertyPath":"/AUART","modelName":"NewYardModel"},"interaction":{"idSuffix":"inner"}},"clearTextFirst":true,"interactionType":"ENTER_TEXT"}]}
RESULT: {"script":"<script> [776 bytes]","args":[{"enterText":"TA","selector":{"controlType":"sap.m.Input","viewName":"etm.portal.ui.manageyards.view.New","viewId":"application-manageyards-display-component---NewYard","bindingPath":{"path":"","propertyPath":"/AUART","modelName":"NewYardModel"},"interaction":{"idSuffix":"inner"}},"clearTextFirst":true,"interactionType":"ENTER_TEXT"}]}
COMMAND: POST /session/130ef63994e902c9deb83fe717a4bbca/element - {"using":"xpath","value":"//button[@data-kt=\"newYardSaveButton\"]"}
RESULT: {"using":"xpath","value":"//button[@data-kt=\"newYardSaveButton\"]"}
COMMAND: POST /session/130ef63994e902c9deb83fe717a4bbca/element/f.DBA113373209FD8E36DE67C53790246B.d.995CC5C6192837042C73627269D6885F.e.716/click - {}
RESULT: {}
COMMAND: GET /session/130ef63994e902c9deb83fe717a4bbca/screenshot - {}
RESULT: {}
COMMAND: POST /session/130ef63994e902c9deb83fe717a4bbca/element - {"using":"xpath","value":"//header[contains(@id, 'ObjectPageLayout-headerTitle')]/div[1]/div[2]/div[1]/span[1]"}
RESULT: {"using":"xpath","value":"//header[contains(@id, 'ObjectPageLayout-headerTitle')]/div[1]/div[2]/div[1]/span[1]"}
COMMAND: POST /session/130ef63994e902c9deb83fe717a4bbca/elements - {"using":"xpath","value":"//header[contains(@id, 'ObjectPageLayout-headerTitle')]/div[1]/div[2]/div[1]/span[1]"}
RESULT: {"using":"xpath","value":"//header[contains(@id, 'ObjectPageLayout-headerTitle')]/div[1]/div[2]/div[1]/span[1]"}
COMMAND: POST /session/130ef63994e902c9deb83fe717a4bbca/execute/sync - {"script":"<script> [56 bytes]","args":[{"element-6066-11e4-a52e-4f735466cecf":"f.DBA113373209FD8E36DE67C53790246B.d.995CC5C6192837042C73627269D6885F.e.1003","ELEMENT":"f.DBA113373209FD8E36DE67C53790246B.d.995CC5C6192837042C73627269D6885F.e.1003"}]}
RESULT: {"script":"<script> [56 bytes]","args":[{"element-6066-11e4-a52e-4f735466cecf":"f.DBA113373209FD8E36DE67C53790246B.d.995CC5C6192837042C73627269D6885F.e.1003","ELEMENT":"f.DBA113373209FD8E36DE67C53790246B.d.995CC5C6192837042C73627269D6885F.e.1003"}]}
COMMAND: GET /session/130ef63994e902c9deb83fe717a4bbca/screenshot - {}
RESULT: {}
COMMAND: POST /session/130ef63994e902c9deb83fe717a4bbca/element - {"using":"css selector","value":"#shell-header-logo"}
RESULT: {"using":"css selector","value":"#shell-header-logo"}
COMMAND: POST /session/130ef63994e902c9deb83fe717a4bbca/element/f.DBA113373209FD8E36DE67C53790246B.d.995CC5C6192837042C73627269D6885F.e.261/click - {}
RESULT: {}
COMMAND: GET /session/130ef63994e902c9deb83fe717a4bbca/screenshot - {}
RESULT: {}
COMMAND: POST /session/130ef63994e902c9deb83fe717a4bbca/execute/sync - {"script":"<script> [299 bytes]","args":[["getModel","getResource"]]}
RESULT: {"script":"<script> [299 bytes]","args":[["getModel","getResource"]]}
COMMAND: GET /session/130ef63994e902c9deb83fe717a4bbca/screenshot - {}
]]></system-out>
    </testcase>
    <testcase classname="chrome.136_0_7103_93.windows.Billing_confirm_US117289" name="Should create a new partner" time="145.847">
      <system-out><![CDATA[
COMMAND: POST /session/130ef63994e902c9deb83fe717a4bbca/window/fullscreen - {}
RESULT: {}
RESULT: {}
COMMAND: POST /session/130ef63994e902c9deb83fe717a4bbca/execute/async - {"script":"<script> [1562 bytes]","args":[{"selector":{"controlType":"sap.m.GenericTile","properties":{"header":"Manage Partners"}},"wdio_ui5_key":"sapm.GenericTile{\"header\":\"Manage Partners\"}"}]}
RESULT: {"script":"<script> [1562 bytes]","args":[{"selector":{"controlType":"sap.m.GenericTile","properties":{"header":"Manage Partners"}},"wdio_ui5_key":"sapm.GenericTile{\"header\":\"Manage Partners\"}"}]}
RESULT: undefined
COMMAND: POST /session/130ef63994e902c9deb83fe717a4bbca/element - {"using":"xpath","value":"//*[@id=\"__tile38\"]"}
RESULT: {"using":"xpath","value":"//*[@id=\"__tile38\"]"}
COMMAND: POST /session/130ef63994e902c9deb83fe717a4bbca/element/f.DBA113373209FD8E36DE67C53790246B.d.995CC5C6192837042C73627269D6885F.e.146/click - {}
RESULT: {}
COMMAND: GET /session/130ef63994e902c9deb83fe717a4bbca/screenshot - {}
RESULT: {}
COMMAND: POST /session/130ef63994e902c9deb83fe717a4bbca/elements - {"using":"xpath","value":"//span[text()='Error']"}
RESULT: {"using":"xpath","value":"//span[text()='Error']"}
COMMAND: POST /session/130ef63994e902c9deb83fe717a4bbca/element - {"using":"xpath","value":"//button[@data-kt=\"addButton\"]"}
RESULT: {"using":"xpath","value":"//button[@data-kt=\"addButton\"]"}
COMMAND: POST /session/130ef63994e902c9deb83fe717a4bbca/elements - {"using":"xpath","value":"//button[@data-kt=\"addButton\"]"}
RESULT: {"using":"xpath","value":"//button[@data-kt=\"addButton\"]"}
COMMAND: POST /session/130ef63994e902c9deb83fe717a4bbca/execute/sync - {"script":"<script> [8489 bytes]","args":[{"element-6066-11e4-a52e-4f735466cecf":"f.DBA113373209FD8E36DE67C53790246B.d.995CC5C6192837042C73627269D6885F.e.1040","ELEMENT":"f.DBA113373209FD8E36DE67C53790246B.d.995CC5C6192837042C73627269D6885F.e.1040"}]}
RESULT: {"script":"<script> [8489 bytes]","args":[{"element-6066-11e4-a52e-4f735466cecf":"f.DBA113373209FD8E36DE67C53790246B.d.995CC5C6192837042C73627269D6885F.e.1040","ELEMENT":"f.DBA113373209FD8E36DE67C53790246B.d.995CC5C6192837042C73627269D6885F.e.1040"}]}
COMMAND: GET /session/130ef63994e902c9deb83fe717a4bbca/element/f.DBA113373209FD8E36DE67C53790246B.d.995CC5C6192837042C73627269D6885F.e.1040/enabled - {}
COMMAND: GET /session/130ef63994e902c9deb83fe717a4bbca/screenshot - {}
RESULT: {}
COMMAND: POST /session/130ef63994e902c9deb83fe717a4bbca/execute/sync - {"script":"<script> [8489 bytes]","args":[{"element-6066-11e4-a52e-4f735466cecf":"f.DBA113373209FD8E36DE67C53790246B.d.995CC5C6192837042C73627269D6885F.e.1040","ELEMENT":"f.DBA113373209FD8E36DE67C53790246B.d.995CC5C6192837042C73627269D6885F.e.1040"}]}
COMMAND: GET /session/130ef63994e902c9deb83fe717a4bbca/screenshot - {}
RESULT: {}
RESULT: {"script":"<script> [8489 bytes]","args":[{"element-6066-11e4-a52e-4f735466cecf":"f.DBA113373209FD8E36DE67C53790246B.d.995CC5C6192837042C73627269D6885F.e.1040","ELEMENT":"f.DBA113373209FD8E36DE67C53790246B.d.995CC5C6192837042C73627269D6885F.e.1040"}]}
COMMAND: POST /session/130ef63994e902c9deb83fe717a4bbca/execute/sync - {"script":"<script> [5351 bytes]","args":[{"element-6066-11e4-a52e-4f735466cecf":"f.DBA113373209FD8E36DE67C53790246B.d.995CC5C6192837042C73627269D6885F.e.1040","ELEMENT":"f.DBA113373209FD8E36DE67C53790246B.d.995CC5C6192837042C73627269D6885F.e.1040"}]}
COMMAND: GET /session/130ef63994e902c9deb83fe717a4bbca/screenshot - {}
RESULT: {}
RESULT: {"script":"<script> [5351 bytes]","args":[{"element-6066-11e4-a52e-4f735466cecf":"f.DBA113373209FD8E36DE67C53790246B.d.995CC5C6192837042C73627269D6885F.e.1040","ELEMENT":"f.DBA113373209FD8E36DE67C53790246B.d.995CC5C6192837042C73627269D6885F.e.1040"}]}
COMMAND: POST /session/130ef63994e902c9deb83fe717a4bbca/element/f.DBA113373209FD8E36DE67C53790246B.d.995CC5C6192837042C73627269D6885F.e.1040/click - {}
COMMAND: GET /session/130ef63994e902c9deb83fe717a4bbca/screenshot - {}
RESULT: {}
RESULT: {}
COMMAND: GET /session/130ef63994e902c9deb83fe717a4bbca/screenshot - {}
COMMAND: POST /session/130ef63994e902c9deb83fe717a4bbca/execute/async - {"script":"<script> [1562 bytes]","args":[{"selector":{"id":"application-managepartners-display-component---NewPartner--addressDetailDetailsName1","interaction":{"idSuffix":"inner"}},"wdio_ui5_key":"applicationmanagepartners-display-component---NewPartner--addressDetailDetailsName1"}]}
RESULT: {}
RESULT: {}
RESULT: {"script":"<script> [1562 bytes]","args":[{"selector":{"id":"application-managepartners-display-component---NewPartner--addressDetailDetailsName1","interaction":{"idSuffix":"inner"}},"wdio_ui5_key":"applicationmanagepartners-display-component---NewPartner--addressDetailDetailsName1"}]}
RESULT: undefined
COMMAND: POST /session/130ef63994e902c9deb83fe717a4bbca/execute/async - {"script":"<script> [776 bytes]","args":[{"enterText":"Intracompany Partner WDIO","selector":{"id":"application-managepartners-display-component---NewPartner--addressDetailDetailsName1","interaction":{"idSuffix":"inner"}},"clearTextFirst":true,"interactionType":"ENTER_TEXT"}]}
RESULT: {"script":"<script> [776 bytes]","args":[{"enterText":"Intracompany Partner WDIO","selector":{"id":"application-managepartners-display-component---NewPartner--addressDetailDetailsName1","interaction":{"idSuffix":"inner"}},"clearTextFirst":true,"interactionType":"ENTER_TEXT"}]}
COMMAND: POST /session/130ef63994e902c9deb83fe717a4bbca/execute/async - {"script":"<script> [1562 bytes]","args":[{"selector":{"id":"application-managepartners-display-component---NewPartner--addressDetailDetailsLanguage-arrow"},"wdio_ui5_key":"applicationmanagepartners-display-component---NewPartner--addressDetailDetailsLanguage-arrow"}]}
RESULT: {"script":"<script> [1562 bytes]","args":[{"selector":{"id":"application-managepartners-display-component---NewPartner--addressDetailDetailsLanguage-arrow"},"wdio_ui5_key":"applicationmanagepartners-display-component---NewPartner--addressDetailDetailsLanguage-arrow"}]}
RESULT: undefined
COMMAND: POST /session/130ef63994e902c9deb83fe717a4bbca/element - {"using":"xpath","value":"//*[@id=\"application-managepartners-display-component---NewPartner--addressDetailDetailsLanguage-arrow\"]"}
RESULT: {"using":"xpath","value":"//*[@id=\"application-managepartners-display-component---NewPartner--addressDetailDetailsLanguage-arrow\"]"}
COMMAND: POST /session/130ef63994e902c9deb83fe717a4bbca/element/f.DBA113373209FD8E36DE67C53790246B.d.995CC5C6192837042C73627269D6885F.e.1488/click - {}
RESULT: {}
COMMAND: POST /session/130ef63994e902c9deb83fe717a4bbca/element - {"using":"xpath","value":"//span[contains(text(), \"English\")]"}
COMMAND: GET /session/130ef63994e902c9deb83fe717a4bbca/screenshot - {}
RESULT: {"using":"xpath","value":"//span[contains(text(), \"English\")]"}
COMMAND: POST /session/130ef63994e902c9deb83fe717a4bbca/element/f.DBA113373209FD8E36DE67C53790246B.d.995CC5C6192837042C73627269D6885F.e.1489/click - {}
RESULT: {}
RESULT: {}
COMMAND: GET /session/130ef63994e902c9deb83fe717a4bbca/screenshot - {}
RESULT: {}
COMMAND: POST /session/130ef63994e902c9deb83fe717a4bbca/execute/async - {"script":"<script> [1562 bytes]","args":[{"selector":{"id":"application-managepartners-display-component---NewPartner--addressDetailDetailsCity1","interaction":{"idSuffix":"inner"}},"wdio_ui5_key":"applicationmanagepartners-display-component---NewPartner--addressDetailDetailsCity1"}]}
RESULT: {"script":"<script> [1562 bytes]","args":[{"selector":{"id":"application-managepartners-display-component---NewPartner--addressDetailDetailsCity1","interaction":{"idSuffix":"inner"}},"wdio_ui5_key":"applicationmanagepartners-display-component---NewPartner--addressDetailDetailsCity1"}]}
RESULT: undefined
COMMAND: POST /session/130ef63994e902c9deb83fe717a4bbca/execute/async - {"script":"<script> [776 bytes]","args":[{"enterText":"Rosario","selector":{"id":"application-managepartners-display-component---NewPartner--addressDetailDetailsCity1","interaction":{"idSuffix":"inner"}},"clearTextFirst":true,"interactionType":"ENTER_TEXT"}]}
RESULT: {"script":"<script> [776 bytes]","args":[{"enterText":"Rosario","selector":{"id":"application-managepartners-display-component---NewPartner--addressDetailDetailsCity1","interaction":{"idSuffix":"inner"}},"clearTextFirst":true,"interactionType":"ENTER_TEXT"}]}
COMMAND: POST /session/130ef63994e902c9deb83fe717a4bbca/execute/async - {"script":"<script> [1562 bytes]","args":[{"selector":{"id":"application-managepartners-display-component---NewPartner--addressDetailDetailsCountry-arrow"},"wdio_ui5_key":"applicationmanagepartners-display-component---NewPartner--addressDetailDetailsCountry-arrow"}]}
RESULT: {"script":"<script> [1562 bytes]","args":[{"selector":{"id":"application-managepartners-display-component---NewPartner--addressDetailDetailsCountry-arrow"},"wdio_ui5_key":"applicationmanagepartners-display-component---NewPartner--addressDetailDetailsCountry-arrow"}]}
RESULT: undefined
COMMAND: POST /session/130ef63994e902c9deb83fe717a4bbca/element - {"using":"xpath","value":"//*[@id=\"application-managepartners-display-component---NewPartner--addressDetailDetailsCountry-arrow\"]"}
RESULT: {"using":"xpath","value":"//*[@id=\"application-managepartners-display-component---NewPartner--addressDetailDetailsCountry-arrow\"]"}
COMMAND: POST /session/130ef63994e902c9deb83fe717a4bbca/element/f.DBA113373209FD8E36DE67C53790246B.d.995CC5C6192837042C73627269D6885F.e.1471/click - {}
RESULT: {}
COMMAND: POST /session/130ef63994e902c9deb83fe717a4bbca/element - {"using":"xpath","value":"//span[contains(text(), \"Argentina\")]"}
COMMAND: GET /session/130ef63994e902c9deb83fe717a4bbca/screenshot - {}
RESULT: {}
RESULT: {"using":"xpath","value":"//span[contains(text(), \"Argentina\")]"}
COMMAND: POST /session/130ef63994e902c9deb83fe717a4bbca/element/f.DBA113373209FD8E36DE67C53790246B.d.995CC5C6192837042C73627269D6885F.e.1491/click - {}
RESULT: {}
COMMAND: GET /session/130ef63994e902c9deb83fe717a4bbca/screenshot - {}
RESULT: {}
COMMAND: POST /session/130ef63994e902c9deb83fe717a4bbca/element - {"using":"xpath","value":"//bdi[contains(text(), \"Commercial\")]"}
RESULT: {"using":"xpath","value":"//bdi[contains(text(), \"Commercial\")]"}
COMMAND: POST /session/130ef63994e902c9deb83fe717a4bbca/element/f.DBA113373209FD8E36DE67C53790246B.d.995CC5C6192837042C73627269D6885F.e.1492/click - {}
RESULT: {}
COMMAND: GET /session/130ef63994e902c9deb83fe717a4bbca/screenshot - {}
RESULT: {}
COMMAND: POST /session/130ef63994e902c9deb83fe717a4bbca/execute/async - {"script":"<script> [1562 bytes]","args":[{"selector":{"id":"application-managepartners-display-component---NewPartner--partnerDetailInternal-arrow"},"wdio_ui5_key":"applicationmanagepartners-display-component---NewPartner--partnerDetailInternal-arrow"}]}
RESULT: {"script":"<script> [1562 bytes]","args":[{"selector":{"id":"application-managepartners-display-component---NewPartner--partnerDetailInternal-arrow"},"wdio_ui5_key":"applicationmanagepartners-display-component---NewPartner--partnerDetailInternal-arrow"}]}
RESULT: undefined
COMMAND: POST /session/130ef63994e902c9deb83fe717a4bbca/element - {"using":"xpath","value":"//*[@id=\"application-managepartners-display-component---NewPartner--partnerDetailInternal-arrow\"]"}
RESULT: {"using":"xpath","value":"//*[@id=\"application-managepartners-display-component---NewPartner--partnerDetailInternal-arrow\"]"}
COMMAND: POST /session/130ef63994e902c9deb83fe717a4bbca/element/f.DBA113373209FD8E36DE67C53790246B.d.995CC5C6192837042C73627269D6885F.e.1498/click - {}
RESULT: {}
COMMAND: POST /session/130ef63994e902c9deb83fe717a4bbca/element - {"using":"xpath","value":"//span[contains(text(), \"Affiliated company\")]"}
COMMAND: GET /session/130ef63994e902c9deb83fe717a4bbca/screenshot - {}
RESULT: {"using":"xpath","value":"//span[contains(text(), \"Affiliated company\")]"}
COMMAND: POST /session/130ef63994e902c9deb83fe717a4bbca/element/f.DBA113373209FD8E36DE67C53790246B.d.995CC5C6192837042C73627269D6885F.e.1500/click - {}
RESULT: {}
RESULT: {}
COMMAND: POST /session/130ef63994e902c9deb83fe717a4bbca/execute/async - {"script":"<script> [1562 bytes]","args":[{"selector":{"id":"application-managepartners-display-component---NewPartner--partnerDetailsCurrency-arrow"},"wdio_ui5_key":"applicationmanagepartners-display-component---NewPartner--partnerDetailsCurrency-arrow"}]}
COMMAND: GET /session/130ef63994e902c9deb83fe717a4bbca/screenshot - {}
RESULT: {"script":"<script> [1562 bytes]","args":[{"selector":{"id":"application-managepartners-display-component---NewPartner--partnerDetailsCurrency-arrow"},"wdio_ui5_key":"applicationmanagepartners-display-component---NewPartner--partnerDetailsCurrency-arrow"}]}
RESULT: undefined
COMMAND: POST /session/130ef63994e902c9deb83fe717a4bbca/element - {"using":"xpath","value":"//*[@id=\"application-managepartners-display-component---NewPartner--partnerDetailsCurrency-arrow\"]"}
RESULT: {}
RESULT: {"using":"xpath","value":"//*[@id=\"application-managepartners-display-component---NewPartner--partnerDetailsCurrency-arrow\"]"}
COMMAND: POST /session/130ef63994e902c9deb83fe717a4bbca/element/f.DBA113373209FD8E36DE67C53790246B.d.995CC5C6192837042C73627269D6885F.e.1507/click - {}
RESULT: {}
COMMAND: POST /session/130ef63994e902c9deb83fe717a4bbca/element - {"using":"xpath","value":"//span[contains(text(), \"Euro\")]"}
COMMAND: GET /session/130ef63994e902c9deb83fe717a4bbca/screenshot - {}
RESULT: {"using":"xpath","value":"//span[contains(text(), \"Euro\")]"}
COMMAND: POST /session/130ef63994e902c9deb83fe717a4bbca/element/f.DBA113373209FD8E36DE67C53790246B.d.995CC5C6192837042C73627269D6885F.e.1508/click - {}
RESULT: {}
RESULT: {}
COMMAND: POST /session/130ef63994e902c9deb83fe717a4bbca/execute/async - {"script":"<script> [1562 bytes]","args":[{"selector":{"id":"application-managepartners-display-component---NewPartner--addressEditDetailsCostObjectCstType-arrow"},"wdio_ui5_key":"applicationmanagepartners-display-component---NewPartner--addressEditDetailsCostObjectCstType-arrow"}]}
COMMAND: GET /session/130ef63994e902c9deb83fe717a4bbca/screenshot - {}
RESULT: {"script":"<script> [1562 bytes]","args":[{"selector":{"id":"application-managepartners-display-component---NewPartner--addressEditDetailsCostObjectCstType-arrow"},"wdio_ui5_key":"applicationmanagepartners-display-component---NewPartner--addressEditDetailsCostObjectCstType-arrow"}]}
RESULT: undefined
COMMAND: POST /session/130ef63994e902c9deb83fe717a4bbca/element - {"using":"xpath","value":"//*[@id=\"application-managepartners-display-component---NewPartner--addressEditDetailsCostObjectCstType-arrow\"]"}
RESULT: {}
RESULT: {"using":"xpath","value":"//*[@id=\"application-managepartners-display-component---NewPartner--addressEditDetailsCostObjectCstType-arrow\"]"}
COMMAND: POST /session/130ef63994e902c9deb83fe717a4bbca/element/f.DBA113373209FD8E36DE67C53790246B.d.995CC5C6192837042C73627269D6885F.e.1509/click - {}
RESULT: {}
COMMAND: POST /session/130ef63994e902c9deb83fe717a4bbca/element - {"using":"xpath","value":"//span[contains(text(), \"Cost Center\")]"}
COMMAND: GET /session/130ef63994e902c9deb83fe717a4bbca/screenshot - {}
RESULT: {"using":"xpath","value":"//span[contains(text(), \"Cost Center\")]"}
COMMAND: POST /session/130ef63994e902c9deb83fe717a4bbca/element/f.DBA113373209FD8E36DE67C53790246B.d.995CC5C6192837042C73627269D6885F.e.1510/click - {}
RESULT: {}
RESULT: {}
COMMAND: GET /session/130ef63994e902c9deb83fe717a4bbca/screenshot - {}
RESULT: {}
COMMAND: POST /session/130ef63994e902c9deb83fe717a4bbca/element - {"using":"xpath","value":"//span[@id=\"application-managepartners-display-component---NewPartner--addressNewCostObjectCstID-vhi\"]"}
RESULT: {"using":"xpath","value":"//span[@id=\"application-managepartners-display-component---NewPartner--addressNewCostObjectCstID-vhi\"]"}
COMMAND: POST /session/130ef63994e902c9deb83fe717a4bbca/execute/sync - {"script":"<script> [8489 bytes]","args":[{"element-6066-11e4-a52e-4f735466cecf":"f.DBA113373209FD8E36DE67C53790246B.d.995CC5C6192837042C73627269D6885F.e.1514","ELEMENT":"f.DBA113373209FD8E36DE67C53790246B.d.995CC5C6192837042C73627269D6885F.e.1514"}]}
RESULT: {"script":"<script> [8489 bytes]","args":[{"element-6066-11e4-a52e-4f735466cecf":"f.DBA113373209FD8E36DE67C53790246B.d.995CC5C6192837042C73627269D6885F.e.1514","ELEMENT":"f.DBA113373209FD8E36DE67C53790246B.d.995CC5C6192837042C73627269D6885F.e.1514"}]}
COMMAND: POST /session/130ef63994e902c9deb83fe717a4bbca/execute/async - {"script":"<script> [1562 bytes]","args":[{"selector":{"id":"application-managepartners-display-component---NewPartner--addressNewCostObjectCstID-vhi"},"wdio_ui5_key":"applicationmanagepartners-display-component---NewPartner--addressNewCostObjectCstID-vhi"}]}
COMMAND: GET /session/130ef63994e902c9deb83fe717a4bbca/screenshot - {}
RESULT: {"script":"<script> [1562 bytes]","args":[{"selector":{"id":"application-managepartners-display-component---NewPartner--addressNewCostObjectCstID-vhi"},"wdio_ui5_key":"applicationmanagepartners-display-component---NewPartner--addressNewCostObjectCstID-vhi"}]}
RESULT: undefined
COMMAND: POST /session/130ef63994e902c9deb83fe717a4bbca/element - {"using":"xpath","value":"//*[@id=\"application-managepartners-display-component---NewPartner--addressNewCostObjectCstID-vhi\"]"}
RESULT: {}
RESULT: {"using":"xpath","value":"//*[@id=\"application-managepartners-display-component---NewPartner--addressNewCostObjectCstID-vhi\"]"}
COMMAND: POST /session/130ef63994e902c9deb83fe717a4bbca/element/f.DBA113373209FD8E36DE67C53790246B.d.995CC5C6192837042C73627269D6885F.e.1514/click - {}
RESULT: {}
COMMAND: GET /session/130ef63994e902c9deb83fe717a4bbca/screenshot - {}
RESULT: {}
RESULT: undefined
COMMAND: POST /session/130ef63994e902c9deb83fe717a4bbca/execute/async - {"script":"<script> [776 bytes]","args":[{"enterText":"10001013","selector":{"controlType":"sap.m.SearchField","properties":{"placeholder":"Search"},"searchOpenDialogs":true,"interaction":{"idSuffix":"I"}},"clearTextFirst":true,"interactionType":"ENTER_TEXT"}]}
RESULT: {"script":"<script> [776 bytes]","args":[{"enterText":"10001013","selector":{"controlType":"sap.m.SearchField","properties":{"placeholder":"Search"},"searchOpenDialogs":true,"interaction":{"idSuffix":"I"}},"clearTextFirst":true,"interactionType":"ENTER_TEXT"}]}
COMMAND: POST /session/130ef63994e902c9deb83fe717a4bbca/actions - {"actions":[{"id":"action2","type":"key","parameters":{},"actions":[{"type":"keyDown","value":""},{"type":"pause","duration":10},{"type":"keyUp","value":""}]}]}
RESULT: {"actions":[{"id":"action2","type":"key","parameters":{},"actions":[{"type":"keyDown","value":""},{"type":"pause","duration":10},{"type":"keyUp","value":""}]}]}
COMMAND: GET /session/130ef63994e902c9deb83fe717a4bbca/screenshot - {}
RESULT: {}
COMMAND: POST /session/130ef63994e902c9deb83fe717a4bbca/element - {"using":"xpath","value":"//span[contains(text(), \"General Management\")]"}
RESULT: {"using":"xpath","value":"//span[contains(text(), \"General Management\")]"}
COMMAND: POST /session/130ef63994e902c9deb83fe717a4bbca/element/f.DBA113373209FD8E36DE67C53790246B.d.995CC5C6192837042C73627269D6885F.e.1553/click - {}
RESULT: {}
COMMAND: GET /session/130ef63994e902c9deb83fe717a4bbca/screenshot - {}
RESULT: {}
COMMAND: POST /session/130ef63994e902c9deb83fe717a4bbca/element - {"using":"xpath","value":"//bdi[contains(text(), \"OK\")]"}
RESULT: {"using":"xpath","value":"//bdi[contains(text(), \"OK\")]"}
COMMAND: POST /session/130ef63994e902c9deb83fe717a4bbca/element/f.DBA113373209FD8E36DE67C53790246B.d.995CC5C6192837042C73627269D6885F.e.1554/click - {}
RESULT: {}
COMMAND: GET /session/130ef63994e902c9deb83fe717a4bbca/screenshot - {}
RESULT: {}
COMMAND: POST /session/130ef63994e902c9deb83fe717a4bbca/element - {"using":"xpath","value":"//input[@id=\"application-managepartners-display-component---NewPartner--companyCodeComboBox-inner\"]"}
RESULT: {"using":"xpath","value":"//input[@id=\"application-managepartners-display-component---NewPartner--companyCodeComboBox-inner\"]"}
COMMAND: POST /session/130ef63994e902c9deb83fe717a4bbca/element/f.DBA113373209FD8E36DE67C53790246B.d.995CC5C6192837042C73627269D6885F.e.1447/clear - {}
RESULT: {}
COMMAND: POST /session/130ef63994e902c9deb83fe717a4bbca/element/f.DBA113373209FD8E36DE67C53790246B.d.995CC5C6192837042C73627269D6885F.e.1447/value - {"text":"1000"}
COMMAND: GET /session/130ef63994e902c9deb83fe717a4bbca/screenshot - {}
RESULT: {"text":"1000"}
COMMAND: GET /session/130ef63994e902c9deb83fe717a4bbca/screenshot - {}
RESULT: {}
RESULT: {}
COMMAND: POST /session/130ef63994e902c9deb83fe717a4bbca/element - {"using":"xpath","value":"//li[.//span[text()= \"1000\"]]"}
RESULT: {"using":"xpath","value":"//li[.//span[text()= \"1000\"]]"}
COMMAND: POST /session/130ef63994e902c9deb83fe717a4bbca/element/f.DBA113373209FD8E36DE67C53790246B.d.995CC5C6192837042C73627269D6885F.e.1560/click - {}
RESULT: {}
COMMAND: GET /session/130ef63994e902c9deb83fe717a4bbca/screenshot - {}
RESULT: {}
COMMAND: POST /session/130ef63994e902c9deb83fe717a4bbca/execute/async - {"script":"<script> [1562 bytes]","args":[{"selector":{"id":"application-managepartners-display-component---NewPartner--btnAddTableRow-img"},"wdio_ui5_key":"applicationmanagepartners-display-component---NewPartner--btnAddTableRow-img"}]}
RESULT: {"script":"<script> [1562 bytes]","args":[{"selector":{"id":"application-managepartners-display-component---NewPartner--btnAddTableRow-img"},"wdio_ui5_key":"applicationmanagepartners-display-component---NewPartner--btnAddTableRow-img"}]}
RESULT: undefined
COMMAND: POST /session/130ef63994e902c9deb83fe717a4bbca/element - {"using":"xpath","value":"//*[@id=\"application-managepartners-display-component---NewPartner--btnAddTableRow-img\"]"}
RESULT: {"using":"xpath","value":"//*[@id=\"application-managepartners-display-component---NewPartner--btnAddTableRow-img\"]"}
COMMAND: POST /session/130ef63994e902c9deb83fe717a4bbca/element/f.DBA113373209FD8E36DE67C53790246B.d.995CC5C6192837042C73627269D6885F.e.1561/click - {}
RESULT: {}
COMMAND: GET /session/130ef63994e902c9deb83fe717a4bbca/screenshot - {}
RESULT: {}
COMMAND: POST /session/130ef63994e902c9deb83fe717a4bbca/element - {"using":"xpath","value":"//input[@id=\"application-managepartners-display-component---NewPartner--assignmentYard-application-managepartners-display-component---NewPartner--assignmentsTable-0-inner\"]"}
RESULT: {"using":"xpath","value":"//input[@id=\"application-managepartners-display-component---NewPartner--assignmentYard-application-managepartners-display-component---NewPartner--assignmentsTable-0-inner\"]"}
COMMAND: POST /session/130ef63994e902c9deb83fe717a4bbca/element/f.DBA113373209FD8E36DE67C53790246B.d.995CC5C6192837042C73627269D6885F.e.1564/clear - {}
RESULT: {}
COMMAND: POST /session/130ef63994e902c9deb83fe717a4bbca/element/f.DBA113373209FD8E36DE67C53790246B.d.995CC5C6192837042C73627269D6885F.e.1564/value - {"text":"254"}
COMMAND: GET /session/130ef63994e902c9deb83fe717a4bbca/screenshot - {}
RESULT: {"text":"254"}
COMMAND: GET /session/130ef63994e902c9deb83fe717a4bbca/screenshot - {}
RESULT: {}
RESULT: {}
COMMAND: POST /session/130ef63994e902c9deb83fe717a4bbca/element - {"using":"xpath","value":"//li[.//span[text()='254']]"}
RESULT: {"using":"xpath","value":"//li[.//span[text()='254']]"}
COMMAND: POST /session/130ef63994e902c9deb83fe717a4bbca/element/f.DBA113373209FD8E36DE67C53790246B.d.995CC5C6192837042C73627269D6885F.e.1573/click - {}
RESULT: {}
COMMAND: GET /session/130ef63994e902c9deb83fe717a4bbca/screenshot - {}
RESULT: {}
COMMAND: POST /session/130ef63994e902c9deb83fe717a4bbca/actions - {"actions":[{"id":"action3","type":"key","parameters":{},"actions":[{"type":"keyDown","value":""},{"type":"pause","duration":10},{"type":"keyUp","value":""}]}]}
RESULT: {"actions":[{"id":"action3","type":"key","parameters":{},"actions":[{"type":"keyDown","value":""},{"type":"pause","duration":10},{"type":"keyUp","value":""}]}]}
COMMAND: POST /session/130ef63994e902c9deb83fe717a4bbca/execute/async - {"script":"<script> [1562 bytes]","args":[{"selector":{"id":"application-managepartners-display-component---NewPartner--externalCustomerComboBox-application-managepartners-display-component---NewPartner--assignmentsTable-0-vhi"},"wdio_ui5_key":"applicationmanagepartners-display-component---NewPartner--externalCustomerComboBox-application-managepartners-display-component---NewPartner--assignmentsTable-0-vhi"}]}
COMMAND: GET /session/130ef63994e902c9deb83fe717a4bbca/screenshot - {}
RESULT: {"script":"<script> [1562 bytes]","args":[{"selector":{"id":"application-managepartners-display-component---NewPartner--externalCustomerComboBox-application-managepartners-display-component---NewPartner--assignmentsTable-0-vhi"},"wdio_ui5_key":"applicationmanagepartners-display-component---NewPartner--externalCustomerComboBox-application-managepartners-display-component---NewPartner--assignmentsTable-0-vhi"}]}
RESULT: undefined
COMMAND: POST /session/130ef63994e902c9deb83fe717a4bbca/element - {"using":"xpath","value":"//*[@id=\"application-managepartners-display-component---NewPartner--externalCustomerComboBox-application-managepartners-display-component---NewPartner--assignmentsTable-0-vhi\"]"}
RESULT: {}
RESULT: {"using":"xpath","value":"//*[@id=\"application-managepartners-display-component---NewPartner--externalCustomerComboBox-application-managepartners-display-component---NewPartner--assignmentsTable-0-vhi\"]"}
COMMAND: POST /session/130ef63994e902c9deb83fe717a4bbca/element/f.DBA113373209FD8E36DE67C53790246B.d.995CC5C6192837042C73627269D6885F.e.1577/click - {}
RESULT: {}
RESULT: undefined
COMMAND: POST /session/130ef63994e902c9deb83fe717a4bbca/execute/async - {"script":"<script> [776 bytes]","args":[{"enterText":"300003","selector":{"controlType":"sap.m.SearchField","properties":{"placeholder":"Search"},"searchOpenDialogs":true,"interaction":{"idSuffix":"I"}},"clearTextFirst":true,"interactionType":"ENTER_TEXT"}]}
COMMAND: GET /session/130ef63994e902c9deb83fe717a4bbca/screenshot - {}
RESULT: {"script":"<script> [776 bytes]","args":[{"enterText":"300003","selector":{"controlType":"sap.m.SearchField","properties":{"placeholder":"Search"},"searchOpenDialogs":true,"interaction":{"idSuffix":"I"}},"clearTextFirst":true,"interactionType":"ENTER_TEXT"}]}
COMMAND: POST /session/130ef63994e902c9deb83fe717a4bbca/actions - {"actions":[{"id":"action4","type":"key","parameters":{},"actions":[{"type":"keyDown","value":""},{"type":"pause","duration":10},{"type":"keyUp","value":""}]}]}
RESULT: {}
RESULT: {"actions":[{"id":"action4","type":"key","parameters":{},"actions":[{"type":"keyDown","value":""},{"type":"pause","duration":10},{"type":"keyUp","value":""}]}]}
COMMAND: GET /session/130ef63994e902c9deb83fe717a4bbca/screenshot - {}
RESULT: {}
COMMAND: POST /session/130ef63994e902c9deb83fe717a4bbca/element - {"using":"xpath","value":"//span[contains(text(), \"300003\")]"}
RESULT: {"using":"xpath","value":"//span[contains(text(), \"300003\")]"}
COMMAND: POST /session/130ef63994e902c9deb83fe717a4bbca/element/f.DBA113373209FD8E36DE67C53790246B.d.995CC5C6192837042C73627269D6885F.e.1596/click - {}
RESULT: {}
COMMAND: GET /session/130ef63994e902c9deb83fe717a4bbca/screenshot - {}
RESULT: {}
COMMAND: POST /session/130ef63994e902c9deb83fe717a4bbca/element - {"using":"xpath","value":"//bdi[contains(text(), \"OK\")]"}
RESULT: {"using":"xpath","value":"//bdi[contains(text(), \"OK\")]"}
COMMAND: POST /session/130ef63994e902c9deb83fe717a4bbca/element/f.DBA113373209FD8E36DE67C53790246B.d.995CC5C6192837042C73627269D6885F.e.1598/click - {}
RESULT: {}
COMMAND: GET /session/130ef63994e902c9deb83fe717a4bbca/screenshot - {}
RESULT: {}
COMMAND: POST /session/130ef63994e902c9deb83fe717a4bbca/execute/async - {"script":"<script> [1562 bytes]","args":[{"selector":{"id":"application-managepartners-display-component---NewPartner--intercompVendorComboBox-application-managepartners-display-component---NewPartner--assignmentsTable-0-vhi"},"wdio_ui5_key":"applicationmanagepartners-display-component---NewPartner--intercompVendorComboBox-application-managepartners-display-component---NewPartner--assignmentsTable-0-vhi"}]}
RESULT: {"script":"<script> [1562 bytes]","args":[{"selector":{"id":"application-managepartners-display-component---NewPartner--intercompVendorComboBox-application-managepartners-display-component---NewPartner--assignmentsTable-0-vhi"},"wdio_ui5_key":"applicationmanagepartners-display-component---NewPartner--intercompVendorComboBox-application-managepartners-display-component---NewPartner--assignmentsTable-0-vhi"}]}
RESULT: undefined
COMMAND: POST /session/130ef63994e902c9deb83fe717a4bbca/element - {"using":"xpath","value":"//*[@id=\"application-managepartners-display-component---NewPartner--intercompVendorComboBox-application-managepartners-display-component---NewPartner--assignmentsTable-0-vhi\"]"}
RESULT: {"using":"xpath","value":"//*[@id=\"application-managepartners-display-component---NewPartner--intercompVendorComboBox-application-managepartners-display-component---NewPartner--assignmentsTable-0-vhi\"]"}
COMMAND: POST /session/130ef63994e902c9deb83fe717a4bbca/element/f.DBA113373209FD8E36DE67C53790246B.d.995CC5C6192837042C73627269D6885F.e.1601/click - {}
RESULT: {}
RESULT: undefined
COMMAND: POST /session/130ef63994e902c9deb83fe717a4bbca/execute/async - {"script":"<script> [776 bytes]","args":[{"enterText":"100005","selector":{"controlType":"sap.m.SearchField","properties":{"placeholder":"Search"},"searchOpenDialogs":true,"interaction":{"idSuffix":"I"}},"clearTextFirst":true,"interactionType":"ENTER_TEXT"}]}
COMMAND: GET /session/130ef63994e902c9deb83fe717a4bbca/screenshot - {}
RESULT: {"script":"<script> [776 bytes]","args":[{"enterText":"100005","selector":{"controlType":"sap.m.SearchField","properties":{"placeholder":"Search"},"searchOpenDialogs":true,"interaction":{"idSuffix":"I"}},"clearTextFirst":true,"interactionType":"ENTER_TEXT"}]}
COMMAND: POST /session/130ef63994e902c9deb83fe717a4bbca/actions - {"actions":[{"id":"action5","type":"key","parameters":{},"actions":[{"type":"keyDown","value":""},{"type":"pause","duration":10},{"type":"keyUp","value":""}]}]}
RESULT: {}
RESULT: {"actions":[{"id":"action5","type":"key","parameters":{},"actions":[{"type":"keyDown","value":""},{"type":"pause","duration":10},{"type":"keyUp","value":""}]}]}
COMMAND: GET /session/130ef63994e902c9deb83fe717a4bbca/screenshot - {}
RESULT: {}
COMMAND: POST /session/130ef63994e902c9deb83fe717a4bbca/element - {"using":"xpath","value":"//span[contains(text(), \"Penguins - Field/12345 Berlin\")]"}
RESULT: {"using":"xpath","value":"//span[contains(text(), \"Penguins - Field/12345 Berlin\")]"}
COMMAND: POST /session/130ef63994e902c9deb83fe717a4bbca/element/f.DBA113373209FD8E36DE67C53790246B.d.995CC5C6192837042C73627269D6885F.e.1620/click - {}
RESULT: {}
COMMAND: GET /session/130ef63994e902c9deb83fe717a4bbca/screenshot - {}
RESULT: {}
COMMAND: POST /session/130ef63994e902c9deb83fe717a4bbca/element - {"using":"xpath","value":"//bdi[contains(text(), \"OK\")]"}
RESULT: {"using":"xpath","value":"//bdi[contains(text(), \"OK\")]"}
COMMAND: POST /session/130ef63994e902c9deb83fe717a4bbca/element/f.DBA113373209FD8E36DE67C53790246B.d.995CC5C6192837042C73627269D6885F.e.1621/click - {}
RESULT: {}
COMMAND: GET /session/130ef63994e902c9deb83fe717a4bbca/screenshot - {}
RESULT: {}
COMMAND: POST /session/130ef63994e902c9deb83fe717a4bbca/element - {"using":"xpath","value":"//button[@data-kt=\"saveButton\"]"}
RESULT: {"using":"xpath","value":"//button[@data-kt=\"saveButton\"]"}
COMMAND: POST /session/130ef63994e902c9deb83fe717a4bbca/element/f.DBA113373209FD8E36DE67C53790246B.d.995CC5C6192837042C73627269D6885F.e.1473/click - {}
RESULT: {}
COMMAND: GET /session/130ef63994e902c9deb83fe717a4bbca/screenshot - {}
RESULT: {}
COMMAND: POST /session/130ef63994e902c9deb83fe717a4bbca/element - {"using":"xpath","value":"//header[contains(@id, 'ObjectPageLayout-headerTitle')]/div[1]/div[2]/div[2]/span[1]"}
RESULT: {"using":"xpath","value":"//header[contains(@id, 'ObjectPageLayout-headerTitle')]/div[1]/div[2]/div[2]/span[1]"}
COMMAND: POST /session/130ef63994e902c9deb83fe717a4bbca/elements - {"using":"xpath","value":"//header[contains(@id, 'ObjectPageLayout-headerTitle')]/div[1]/div[2]/div[2]/span[1]"}
RESULT: {"using":"xpath","value":"//header[contains(@id, 'ObjectPageLayout-headerTitle')]/div[1]/div[2]/div[2]/span[1]"}
COMMAND: POST /session/130ef63994e902c9deb83fe717a4bbca/execute/sync - {"script":"<script> [56 bytes]","args":[{"element-6066-11e4-a52e-4f735466cecf":"f.DBA113373209FD8E36DE67C53790246B.d.995CC5C6192837042C73627269D6885F.e.1785","ELEMENT":"f.DBA113373209FD8E36DE67C53790246B.d.995CC5C6192837042C73627269D6885F.e.1785"}]}
RESULT: {"script":"<script> [56 bytes]","args":[{"element-6066-11e4-a52e-4f735466cecf":"f.DBA113373209FD8E36DE67C53790246B.d.995CC5C6192837042C73627269D6885F.e.1785","ELEMENT":"f.DBA113373209FD8E36DE67C53790246B.d.995CC5C6192837042C73627269D6885F.e.1785"}]}
COMMAND: POST /session/130ef63994e902c9deb83fe717a4bbca/element - {"using":"css selector","value":"#shell-header-logo"}
COMMAND: GET /session/130ef63994e902c9deb83fe717a4bbca/screenshot - {}
RESULT: {"using":"css selector","value":"#shell-header-logo"}
COMMAND: POST /session/130ef63994e902c9deb83fe717a4bbca/element/f.DBA113373209FD8E36DE67C53790246B.d.995CC5C6192837042C73627269D6885F.e.1007/click - {}
RESULT: {}
RESULT: {}
COMMAND: GET /session/130ef63994e902c9deb83fe717a4bbca/screenshot - {}
RESULT: {}
COMMAND: POST /session/130ef63994e902c9deb83fe717a4bbca/execute/sync - {"script":"<script> [299 bytes]","args":[["getModel","getResource"]]}
RESULT: {"script":"<script> [299 bytes]","args":[["getModel","getResource"]]}
COMMAND: GET /session/130ef63994e902c9deb83fe717a4bbca/screenshot - {}
]]></system-out>
    </testcase>
    <testcase classname="chrome.136_0_7103_93.windows.Billing_confirm_US117289" name="Should create a new site" time="169.131">
      <system-out><![CDATA[
COMMAND: POST /session/130ef63994e902c9deb83fe717a4bbca/execute/async - {"script":"<script> [1562 bytes]","args":[{"selector":{"controlType":"sap.m.GenericTile","properties":{"header":"Manage Sites"}},"wdio_ui5_key":"sapm.GenericTile{\"header\":\"Manage Sites\"}"}]}
RESULT: {}
RESULT: {"script":"<script> [1562 bytes]","args":[{"selector":{"controlType":"sap.m.GenericTile","properties":{"header":"Manage Sites"}},"wdio_ui5_key":"sapm.GenericTile{\"header\":\"Manage Sites\"}"}]}
RESULT: undefined
COMMAND: POST /session/130ef63994e902c9deb83fe717a4bbca/element - {"using":"xpath","value":"//*[@id=\"__tile40\"]"}
RESULT: {"using":"xpath","value":"//*[@id=\"__tile40\"]"}
COMMAND: POST /session/130ef63994e902c9deb83fe717a4bbca/element/f.DBA113373209FD8E36DE67C53790246B.d.995CC5C6192837042C73627269D6885F.e.152/click - {}
RESULT: {}
COMMAND: GET /session/130ef63994e902c9deb83fe717a4bbca/screenshot - {}
RESULT: {}
COMMAND: POST /session/130ef63994e902c9deb83fe717a4bbca/elements - {"using":"xpath","value":"//span[text()='Error']"}
RESULT: {"using":"xpath","value":"//span[text()='Error']"}
COMMAND: POST /session/130ef63994e902c9deb83fe717a4bbca/element - {"using":"xpath","value":"//button[@data-kt=\"addOverflowToolbarButton\"]"}
RESULT: {"using":"xpath","value":"//button[@data-kt=\"addOverflowToolbarButton\"]"}
COMMAND: POST /session/130ef63994e902c9deb83fe717a4bbca/elements - {"using":"xpath","value":"//button[@data-kt=\"addOverflowToolbarButton\"]"}
RESULT: {"using":"xpath","value":"//button[@data-kt=\"addOverflowToolbarButton\"]"}
COMMAND: POST /session/130ef63994e902c9deb83fe717a4bbca/execute/sync - {"script":"<script> [8489 bytes]","args":[{"element-6066-11e4-a52e-4f735466cecf":"f.DBA113373209FD8E36DE67C53790246B.d.995CC5C6192837042C73627269D6885F.e.1833","ELEMENT":"f.DBA113373209FD8E36DE67C53790246B.d.995CC5C6192837042C73627269D6885F.e.1833"}]}
RESULT: {"script":"<script> [8489 bytes]","args":[{"element-6066-11e4-a52e-4f735466cecf":"f.DBA113373209FD8E36DE67C53790246B.d.995CC5C6192837042C73627269D6885F.e.1833","ELEMENT":"f.DBA113373209FD8E36DE67C53790246B.d.995CC5C6192837042C73627269D6885F.e.1833"}]}
COMMAND: GET /session/130ef63994e902c9deb83fe717a4bbca/element/f.DBA113373209FD8E36DE67C53790246B.d.995CC5C6192837042C73627269D6885F.e.1833/enabled - {}
COMMAND: GET /session/130ef63994e902c9deb83fe717a4bbca/screenshot - {}
RESULT: {}
COMMAND: POST /session/130ef63994e902c9deb83fe717a4bbca/execute/sync - {"script":"<script> [8489 bytes]","args":[{"element-6066-11e4-a52e-4f735466cecf":"f.DBA113373209FD8E36DE67C53790246B.d.995CC5C6192837042C73627269D6885F.e.1833","ELEMENT":"f.DBA113373209FD8E36DE67C53790246B.d.995CC5C6192837042C73627269D6885F.e.1833"}]}
COMMAND: GET /session/130ef63994e902c9deb83fe717a4bbca/screenshot - {}
RESULT: {}
RESULT: {"script":"<script> [8489 bytes]","args":[{"element-6066-11e4-a52e-4f735466cecf":"f.DBA113373209FD8E36DE67C53790246B.d.995CC5C6192837042C73627269D6885F.e.1833","ELEMENT":"f.DBA113373209FD8E36DE67C53790246B.d.995CC5C6192837042C73627269D6885F.e.1833"}]}
COMMAND: POST /session/130ef63994e902c9deb83fe717a4bbca/execute/sync - {"script":"<script> [5351 bytes]","args":[{"element-6066-11e4-a52e-4f735466cecf":"f.DBA113373209FD8E36DE67C53790246B.d.995CC5C6192837042C73627269D6885F.e.1833","ELEMENT":"f.DBA113373209FD8E36DE67C53790246B.d.995CC5C6192837042C73627269D6885F.e.1833"}]}
COMMAND: GET /session/130ef63994e902c9deb83fe717a4bbca/screenshot - {}
RESULT: {}
RESULT: {"script":"<script> [5351 bytes]","args":[{"element-6066-11e4-a52e-4f735466cecf":"f.DBA113373209FD8E36DE67C53790246B.d.995CC5C6192837042C73627269D6885F.e.1833","ELEMENT":"f.DBA113373209FD8E36DE67C53790246B.d.995CC5C6192837042C73627269D6885F.e.1833"}]}
COMMAND: POST /session/130ef63994e902c9deb83fe717a4bbca/element/f.DBA113373209FD8E36DE67C53790246B.d.995CC5C6192837042C73627269D6885F.e.1833/click - {}
COMMAND: GET /session/130ef63994e902c9deb83fe717a4bbca/screenshot - {}
RESULT: {}
RESULT: {}
COMMAND: GET /session/130ef63994e902c9deb83fe717a4bbca/screenshot - {}
COMMAND: POST /session/130ef63994e902c9deb83fe717a4bbca/element - {"using":"xpath","value":"//input[@id=\"application-managesites-display-component---NewSite--siteId-inner\"]"}
RESULT: {}
RESULT: {}
RESULT: {"using":"xpath","value":"//input[@id=\"application-managesites-display-component---NewSite--siteId-inner\"]"}
COMMAND: POST /session/130ef63994e902c9deb83fe717a4bbca/element - {"using":"xpath","value":"//input[@id=\"application-managesites-display-component---NewSite--siteId-inner\"]"}
RESULT: {"using":"xpath","value":"//input[@id=\"application-managesites-display-component---NewSite--siteId-inner\"]"}
COMMAND: POST /session/130ef63994e902c9deb83fe717a4bbca/execute/async - {"script":"<script> [1562 bytes]","args":[{"selector":{"id":"application-managesites-display-component---NewSite--addressDetailDetailsName1","interaction":{"idSuffix":"inner"}},"wdio_ui5_key":"applicationmanagesites-display-component---NewSite--addressDetailDetailsName1"}]}
RESULT: {"script":"<script> [1562 bytes]","args":[{"selector":{"id":"application-managesites-display-component---NewSite--addressDetailDetailsName1","interaction":{"idSuffix":"inner"}},"wdio_ui5_key":"applicationmanagesites-display-component---NewSite--addressDetailDetailsName1"}]}
RESULT: undefined
COMMAND: POST /session/130ef63994e902c9deb83fe717a4bbca/execute/async - {"script":"<script> [776 bytes]","args":[{"enterText":"Intracompany Site wdIO","selector":{"id":"application-managesites-display-component---NewSite--addressDetailDetailsName1","interaction":{"idSuffix":"inner"}},"clearTextFirst":true,"interactionType":"ENTER_TEXT"}]}
RESULT: {"script":"<script> [776 bytes]","args":[{"enterText":"Intracompany Site wdIO","selector":{"id":"application-managesites-display-component---NewSite--addressDetailDetailsName1","interaction":{"idSuffix":"inner"}},"clearTextFirst":true,"interactionType":"ENTER_TEXT"}]}
COMMAND: POST /session/130ef63994e902c9deb83fe717a4bbca/execute/async - {"script":"<script> [1562 bytes]","args":[{"selector":{"id":"application-managesites-display-component---NewSite--addressDetailDetailsLanguage-arrow"},"wdio_ui5_key":"applicationmanagesites-display-component---NewSite--addressDetailDetailsLanguage-arrow"}]}
RESULT: {"script":"<script> [1562 bytes]","args":[{"selector":{"id":"application-managesites-display-component---NewSite--addressDetailDetailsLanguage-arrow"},"wdio_ui5_key":"applicationmanagesites-display-component---NewSite--addressDetailDetailsLanguage-arrow"}]}
RESULT: undefined
COMMAND: POST /session/130ef63994e902c9deb83fe717a4bbca/element - {"using":"xpath","value":"//*[@id=\"application-managesites-display-component---NewSite--addressDetailDetailsLanguage-arrow\"]"}
RESULT: {"using":"xpath","value":"//*[@id=\"application-managesites-display-component---NewSite--addressDetailDetailsLanguage-arrow\"]"}
COMMAND: POST /session/130ef63994e902c9deb83fe717a4bbca/element/f.DBA113373209FD8E36DE67C53790246B.d.995CC5C6192837042C73627269D6885F.e.2228/click - {}
RESULT: {}
COMMAND: POST /session/130ef63994e902c9deb83fe717a4bbca/element - {"using":"xpath","value":"//span[contains(text(), \"English\")]"}
COMMAND: GET /session/130ef63994e902c9deb83fe717a4bbca/screenshot - {}
RESULT: {"using":"xpath","value":"//span[contains(text(), \"English\")]"}
COMMAND: POST /session/130ef63994e902c9deb83fe717a4bbca/element/f.DBA113373209FD8E36DE67C53790246B.d.995CC5C6192837042C73627269D6885F.e.2229/click - {}
RESULT: {}
RESULT: {}
COMMAND: POST /session/130ef63994e902c9deb83fe717a4bbca/execute/async - {"script":"<script> [1562 bytes]","args":[{"selector":{"id":"application-managesites-display-component---NewSite--addressDetailDetailsCity1","interaction":{"idSuffix":"inner"}},"wdio_ui5_key":"applicationmanagesites-display-component---NewSite--addressDetailDetailsCity1"}]}
COMMAND: GET /session/130ef63994e902c9deb83fe717a4bbca/screenshot - {}
RESULT: {"script":"<script> [1562 bytes]","args":[{"selector":{"id":"application-managesites-display-component---NewSite--addressDetailDetailsCity1","interaction":{"idSuffix":"inner"}},"wdio_ui5_key":"applicationmanagesites-display-component---NewSite--addressDetailDetailsCity1"}]}
RESULT: undefined
COMMAND: POST /session/130ef63994e902c9deb83fe717a4bbca/execute/async - {"script":"<script> [776 bytes]","args":[{"enterText":"Rosario","selector":{"id":"application-managesites-display-component---NewSite--addressDetailDetailsCity1","interaction":{"idSuffix":"inner"}},"clearTextFirst":true,"interactionType":"ENTER_TEXT"}]}
RESULT: {}
RESULT: {"script":"<script> [776 bytes]","args":[{"enterText":"Rosario","selector":{"id":"application-managesites-display-component---NewSite--addressDetailDetailsCity1","interaction":{"idSuffix":"inner"}},"clearTextFirst":true,"interactionType":"ENTER_TEXT"}]}
COMMAND: POST /session/130ef63994e902c9deb83fe717a4bbca/execute/async - {"script":"<script> [1562 bytes]","args":[{"selector":{"id":"application-managesites-display-component---NewSite--addressDetailDetailsCountry-arrow"},"wdio_ui5_key":"applicationmanagesites-display-component---NewSite--addressDetailDetailsCountry-arrow"}]}
RESULT: {"script":"<script> [1562 bytes]","args":[{"selector":{"id":"application-managesites-display-component---NewSite--addressDetailDetailsCountry-arrow"},"wdio_ui5_key":"applicationmanagesites-display-component---NewSite--addressDetailDetailsCountry-arrow"}]}
RESULT: undefined
COMMAND: POST /session/130ef63994e902c9deb83fe717a4bbca/element - {"using":"xpath","value":"//*[@id=\"application-managesites-display-component---NewSite--addressDetailDetailsCountry-arrow\"]"}
RESULT: {"using":"xpath","value":"//*[@id=\"application-managesites-display-component---NewSite--addressDetailDetailsCountry-arrow\"]"}
COMMAND: POST /session/130ef63994e902c9deb83fe717a4bbca/element/f.DBA113373209FD8E36DE67C53790246B.d.995CC5C6192837042C73627269D6885F.e.2231/click - {}
RESULT: {}
COMMAND: POST /session/130ef63994e902c9deb83fe717a4bbca/element - {"using":"xpath","value":"//span[contains(text(), \"Argentina\")]"}
COMMAND: GET /session/130ef63994e902c9deb83fe717a4bbca/screenshot - {}
RESULT: {"using":"xpath","value":"//span[contains(text(), \"Argentina\")]"}
COMMAND: POST /session/130ef63994e902c9deb83fe717a4bbca/element/f.DBA113373209FD8E36DE67C53790246B.d.995CC5C6192837042C73627269D6885F.e.2232/click - {}
RESULT: {}
RESULT: {}
COMMAND: GET /session/130ef63994e902c9deb83fe717a4bbca/screenshot - {}
RESULT: {}
COMMAND: POST /session/130ef63994e902c9deb83fe717a4bbca/execute/async - {"script":"<script> [1562 bytes]","args":[{"selector":{"id":"application-managesites-display-component---NewSite--addressEditDetailsCostObjectCstType-arrow"},"wdio_ui5_key":"applicationmanagesites-display-component---NewSite--addressEditDetailsCostObjectCstType-arrow"}]}
RESULT: {"script":"<script> [1562 bytes]","args":[{"selector":{"id":"application-managesites-display-component---NewSite--addressEditDetailsCostObjectCstType-arrow"},"wdio_ui5_key":"applicationmanagesites-display-component---NewSite--addressEditDetailsCostObjectCstType-arrow"}]}
RESULT: undefined
COMMAND: POST /session/130ef63994e902c9deb83fe717a4bbca/element - {"using":"xpath","value":"//*[@id=\"application-managesites-display-component---NewSite--addressEditDetailsCostObjectCstType-arrow\"]"}
RESULT: {"using":"xpath","value":"//*[@id=\"application-managesites-display-component---NewSite--addressEditDetailsCostObjectCstType-arrow\"]"}
COMMAND: POST /session/130ef63994e902c9deb83fe717a4bbca/element/f.DBA113373209FD8E36DE67C53790246B.d.995CC5C6192837042C73627269D6885F.e.2234/click - {}
RESULT: {}
COMMAND: POST /session/130ef63994e902c9deb83fe717a4bbca/element - {"using":"xpath","value":"//span[contains(text(), \"Cost Center\")]"}
COMMAND: GET /session/130ef63994e902c9deb83fe717a4bbca/screenshot - {}
RESULT: {"using":"xpath","value":"//span[contains(text(), \"Cost Center\")]"}
COMMAND: POST /session/130ef63994e902c9deb83fe717a4bbca/element/f.DBA113373209FD8E36DE67C53790246B.d.995CC5C6192837042C73627269D6885F.e.2235/click - {}
RESULT: {}
RESULT: {}
COMMAND: GET /session/130ef63994e902c9deb83fe717a4bbca/screenshot - {}
RESULT: {}
COMMAND: POST /session/130ef63994e902c9deb83fe717a4bbca/element - {"using":"xpath","value":"//span[@id=\"application-managesites-display-component---NewSite--addressNewCostObjectCstID-vhi\"]"}
RESULT: {"using":"xpath","value":"//span[@id=\"application-managesites-display-component---NewSite--addressNewCostObjectCstID-vhi\"]"}
COMMAND: POST /session/130ef63994e902c9deb83fe717a4bbca/execute/sync - {"script":"<script> [8489 bytes]","args":[{"element-6066-11e4-a52e-4f735466cecf":"f.DBA113373209FD8E36DE67C53790246B.d.995CC5C6192837042C73627269D6885F.e.2240","ELEMENT":"f.DBA113373209FD8E36DE67C53790246B.d.995CC5C6192837042C73627269D6885F.e.2240"}]}
RESULT: {"script":"<script> [8489 bytes]","args":[{"element-6066-11e4-a52e-4f735466cecf":"f.DBA113373209FD8E36DE67C53790246B.d.995CC5C6192837042C73627269D6885F.e.2240","ELEMENT":"f.DBA113373209FD8E36DE67C53790246B.d.995CC5C6192837042C73627269D6885F.e.2240"}]}
COMMAND: POST /session/130ef63994e902c9deb83fe717a4bbca/execute/async - {"script":"<script> [1562 bytes]","args":[{"selector":{"id":"application-managesites-display-component---NewSite--addressNewCostObjectCstID-vhi"},"wdio_ui5_key":"applicationmanagesites-display-component---NewSite--addressNewCostObjectCstID-vhi"}]}
COMMAND: GET /session/130ef63994e902c9deb83fe717a4bbca/screenshot - {}
RESULT: {"script":"<script> [1562 bytes]","args":[{"selector":{"id":"application-managesites-display-component---NewSite--addressNewCostObjectCstID-vhi"},"wdio_ui5_key":"applicationmanagesites-display-component---NewSite--addressNewCostObjectCstID-vhi"}]}
RESULT: undefined
COMMAND: POST /session/130ef63994e902c9deb83fe717a4bbca/element - {"using":"xpath","value":"//*[@id=\"application-managesites-display-component---NewSite--addressNewCostObjectCstID-vhi\"]"}
RESULT: {}
RESULT: {"using":"xpath","value":"//*[@id=\"application-managesites-display-component---NewSite--addressNewCostObjectCstID-vhi\"]"}
COMMAND: POST /session/130ef63994e902c9deb83fe717a4bbca/element/f.DBA113373209FD8E36DE67C53790246B.d.995CC5C6192837042C73627269D6885F.e.2240/click - {}
RESULT: {}
COMMAND: GET /session/130ef63994e902c9deb83fe717a4bbca/screenshot - {}
RESULT: {}
RESULT: undefined
COMMAND: POST /session/130ef63994e902c9deb83fe717a4bbca/execute/async - {"script":"<script> [776 bytes]","args":[{"enterText":"10001013","selector":{"controlType":"sap.m.SearchField","properties":{"placeholder":"Search"},"searchOpenDialogs":true,"interaction":{"idSuffix":"I"}},"clearTextFirst":true,"interactionType":"ENTER_TEXT"}]}
RESULT: {"script":"<script> [776 bytes]","args":[{"enterText":"10001013","selector":{"controlType":"sap.m.SearchField","properties":{"placeholder":"Search"},"searchOpenDialogs":true,"interaction":{"idSuffix":"I"}},"clearTextFirst":true,"interactionType":"ENTER_TEXT"}]}
COMMAND: POST /session/130ef63994e902c9deb83fe717a4bbca/actions - {"actions":[{"id":"action6","type":"key","parameters":{},"actions":[{"type":"keyDown","value":""},{"type":"pause","duration":10},{"type":"keyUp","value":""}]}]}
RESULT: {"actions":[{"id":"action6","type":"key","parameters":{},"actions":[{"type":"keyDown","value":""},{"type":"pause","duration":10},{"type":"keyUp","value":""}]}]}
COMMAND: GET /session/130ef63994e902c9deb83fe717a4bbca/screenshot - {}
RESULT: {}
COMMAND: POST /session/130ef63994e902c9deb83fe717a4bbca/element - {"using":"xpath","value":"//span[contains(text(), \"General Management\")]"}
RESULT: {"using":"xpath","value":"//span[contains(text(), \"General Management\")]"}
COMMAND: POST /session/130ef63994e902c9deb83fe717a4bbca/element/f.DBA113373209FD8E36DE67C53790246B.d.995CC5C6192837042C73627269D6885F.e.2280/click - {}
RESULT: {}
COMMAND: GET /session/130ef63994e902c9deb83fe717a4bbca/screenshot - {}
RESULT: {}
COMMAND: POST /session/130ef63994e902c9deb83fe717a4bbca/element - {"using":"xpath","value":"//bdi[contains(text(), \"OK\")]"}
RESULT: {"using":"xpath","value":"//bdi[contains(text(), \"OK\")]"}
COMMAND: POST /session/130ef63994e902c9deb83fe717a4bbca/element/f.DBA113373209FD8E36DE67C53790246B.d.995CC5C6192837042C73627269D6885F.e.2281/click - {}
RESULT: {}
COMMAND: GET /session/130ef63994e902c9deb83fe717a4bbca/screenshot - {}
RESULT: {}
COMMAND: POST /session/130ef63994e902c9deb83fe717a4bbca/element - {"using":"xpath","value":"//input[@id=\"application-managesites-display-component---NewSite--addressDetailDetailsCalendar-inner\"]"}
RESULT: {"using":"xpath","value":"//input[@id=\"application-managesites-display-component---NewSite--addressDetailDetailsCalendar-inner\"]"}
COMMAND: POST /session/130ef63994e902c9deb83fe717a4bbca/element/f.DBA113373209FD8E36DE67C53790246B.d.995CC5C6192837042C73627269D6885F.e.2074/clear - {}
RESULT: {}
COMMAND: POST /session/130ef63994e902c9deb83fe717a4bbca/element/f.DBA113373209FD8E36DE67C53790246B.d.995CC5C6192837042C73627269D6885F.e.2074/value - {"text":"Unit"}
COMMAND: GET /session/130ef63994e902c9deb83fe717a4bbca/screenshot - {}
RESULT: {"text":"Unit"}
COMMAND: GET /session/130ef63994e902c9deb83fe717a4bbca/screenshot - {}
RESULT: {}
RESULT: {}
COMMAND: POST /session/130ef63994e902c9deb83fe717a4bbca/actions - {"actions":[{"id":"action7","type":"key","parameters":{},"actions":[{"type":"keyDown","value":""},{"type":"pause","duration":10},{"type":"keyUp","value":""}]}]}
RESULT: {"actions":[{"id":"action7","type":"key","parameters":{},"actions":[{"type":"keyDown","value":""},{"type":"pause","duration":10},{"type":"keyUp","value":""}]}]}
COMMAND: POST /session/130ef63994e902c9deb83fe717a4bbca/element - {"using":"xpath","value":"//input[@id=\"application-managesites-display-component---NewSite--addressDetailDetailsYard-inner\"]"}
COMMAND: GET /session/130ef63994e902c9deb83fe717a4bbca/screenshot - {}
RESULT: {"using":"xpath","value":"//input[@id=\"application-managesites-display-component---NewSite--addressDetailDetailsYard-inner\"]"}
COMMAND: POST /session/130ef63994e902c9deb83fe717a4bbca/element/f.DBA113373209FD8E36DE67C53790246B.d.995CC5C6192837042C73627269D6885F.e.2075/clear - {}
RESULT: {}
RESULT: {}
COMMAND: POST /session/130ef63994e902c9deb83fe717a4bbca/element/f.DBA113373209FD8E36DE67C53790246B.d.995CC5C6192837042C73627269D6885F.e.2075/value - {"text":"254"}
COMMAND: GET /session/130ef63994e902c9deb83fe717a4bbca/screenshot - {}
RESULT: {"text":"254"}
COMMAND: GET /session/130ef63994e902c9deb83fe717a4bbca/screenshot - {}
RESULT: {}
RESULT: {}
COMMAND: POST /session/130ef63994e902c9deb83fe717a4bbca/element - {"using":"xpath","value":"//li[.//span[text()='254']]"}
RESULT: {"using":"xpath","value":"//li[.//span[text()='254']]"}
COMMAND: POST /session/130ef63994e902c9deb83fe717a4bbca/element/f.DBA113373209FD8E36DE67C53790246B.d.995CC5C6192837042C73627269D6885F.e.2289/click - {}
RESULT: {}
COMMAND: GET /session/130ef63994e902c9deb83fe717a4bbca/screenshot - {}
RESULT: {}
COMMAND: POST /session/130ef63994e902c9deb83fe717a4bbca/element - {"using":"xpath","value":"//input[@id=\"application-managesites-display-component---NewSite--addressDetailDetailsPartner-inner\"]"}
RESULT: {"using":"xpath","value":"//input[@id=\"application-managesites-display-component---NewSite--addressDetailDetailsPartner-inner\"]"}
COMMAND: POST /session/130ef63994e902c9deb83fe717a4bbca/element - {"using":"xpath","value":"//input[@id=\"application-managesites-display-component---NewSite--addressDetailDetailsPartner-inner\"]"}
RESULT: {"using":"xpath","value":"//input[@id=\"application-managesites-display-component---NewSite--addressDetailDetailsPartner-inner\"]"}
COMMAND: POST /session/130ef63994e902c9deb83fe717a4bbca/element - {"using":"xpath","value":"//button[@data-kt=\"saveButton\"]"}
RESULT: {"using":"xpath","value":"//button[@data-kt=\"saveButton\"]"}
COMMAND: POST /session/130ef63994e902c9deb83fe717a4bbca/element/f.DBA113373209FD8E36DE67C53790246B.d.995CC5C6192837042C73627269D6885F.e.2221/click - {}
RESULT: {}
COMMAND: GET /session/130ef63994e902c9deb83fe717a4bbca/screenshot - {}
COMMAND: POST /session/130ef63994e902c9deb83fe717a4bbca/element - {"using":"xpath","value":"//header[contains(@id, 'ObjectPageLayout-headerTitle')]/div[1]/div[2]/div[2]/span[1]"}
RESULT: {}
RESULT: {"using":"xpath","value":"//header[contains(@id, 'ObjectPageLayout-headerTitle')]/div[1]/div[2]/div[2]/span[1]"}
COMMAND: POST /session/130ef63994e902c9deb83fe717a4bbca/elements - {"using":"xpath","value":"//header[contains(@id, 'ObjectPageLayout-headerTitle')]/div[1]/div[2]/div[2]/span[1]"}
RESULT: {"using":"xpath","value":"//header[contains(@id, 'ObjectPageLayout-headerTitle')]/div[1]/div[2]/div[2]/span[1]"}
COMMAND: POST /session/130ef63994e902c9deb83fe717a4bbca/execute/sync - {"script":"<script> [56 bytes]","args":[{"element-6066-11e4-a52e-4f735466cecf":"f.DBA113373209FD8E36DE67C53790246B.d.995CC5C6192837042C73627269D6885F.e.2494","ELEMENT":"f.DBA113373209FD8E36DE67C53790246B.d.995CC5C6192837042C73627269D6885F.e.2494"}]}
RESULT: {"script":"<script> [56 bytes]","args":[{"element-6066-11e4-a52e-4f735466cecf":"f.DBA113373209FD8E36DE67C53790246B.d.995CC5C6192837042C73627269D6885F.e.2494","ELEMENT":"f.DBA113373209FD8E36DE67C53790246B.d.995CC5C6192837042C73627269D6885F.e.2494"}]}
COMMAND: POST /session/130ef63994e902c9deb83fe717a4bbca/element - {"using":"css selector","value":"#shell-header-logo"}
COMMAND: GET /session/130ef63994e902c9deb83fe717a4bbca/screenshot - {}
RESULT: {"using":"css selector","value":"#shell-header-logo"}
COMMAND: POST /session/130ef63994e902c9deb83fe717a4bbca/element/f.DBA113373209FD8E36DE67C53790246B.d.995CC5C6192837042C73627269D6885F.e.1790/click - {}
RESULT: {}
RESULT: {}
COMMAND: GET /session/130ef63994e902c9deb83fe717a4bbca/screenshot - {}
RESULT: {}
COMMAND: POST /session/130ef63994e902c9deb83fe717a4bbca/execute/sync - {"script":"<script> [299 bytes]","args":[["getModel","getResource"]]}
RESULT: {"script":"<script> [299 bytes]","args":[["getModel","getResource"]]}
COMMAND: POST /session/130ef63994e902c9deb83fe717a4bbca/actions - {"actions":[{"id":"action8","type":"key","parameters":{},"actions":[{"type":"keyDown","value":""},{"type":"pause","duration":10},{"type":"keyUp","value":""}]}]}
COMMAND: GET /session/130ef63994e902c9deb83fe717a4bbca/screenshot - {}
RESULT: {"actions":[{"id":"action8","type":"key","parameters":{},"actions":[{"type":"keyDown","value":""},{"type":"pause","duration":10},{"type":"keyUp","value":""}]}]}
COMMAND: GET /session/130ef63994e902c9deb83fe717a4bbca/screenshot - {}
RESULT: {}
RESULT: {}
COMMAND: POST /session/130ef63994e902c9deb83fe717a4bbca/refresh - {}
RESULT: {}
COMMAND: GET /session/130ef63994e902c9deb83fe717a4bbca/screenshot - {}
RESULT: {}
COMMAND: POST /session/130ef63994e902c9deb83fe717a4bbca/refresh - {}
RESULT: {}
COMMAND: GET /session/130ef63994e902c9deb83fe717a4bbca/screenshot - {}
RESULT: {}
COMMAND: POST /session/130ef63994e902c9deb83fe717a4bbca/window/fullscreen - {}
RESULT: {}
COMMAND: POST /session/130ef63994e902c9deb83fe717a4bbca/execute/async - {"script":"<script> [189 bytes]","args":[]}
RESULT: {"script":"<script> [189 bytes]","args":[]}
COMMAND: POST /session/130ef63994e902c9deb83fe717a4bbca/execute/async - {"script":"<script> [123 bytes]","args":[]}
RESULT: {"script":"<script> [123 bytes]","args":[]}
COMMAND: POST /session/130ef63994e902c9deb83fe717a4bbca/timeouts - {"script":"<number>"}
RESULT: {"script":"<number>"}
COMMAND: GET /session/130ef63994e902c9deb83fe717a4bbca/timeouts - {}
RESULT: {}
RESULT: undefined
COMMAND: POST /session/130ef63994e902c9deb83fe717a4bbca/execute/async - {"script":"<script> [2676 bytes]","args":[]}
RESULT: {"script":"<script> [2676 bytes]","args":[]}
COMMAND: POST /session/130ef63994e902c9deb83fe717a4bbca/execute/async - {"script":"<script> [2342 bytes]","args":[{"protocol":"http","hostname":"0.0.0.0","path":"/","capabilities":{"browserName":"chrome","goog:chromeOptions":{"binary":"C:\\Program Files\\Google\\Chrome\\Application\\chrome.exe","args":["--start-maximized"]}},"logLevel":"warn","connectionRetryTimeout":120000,"connectionRetryCount":3,"logLevels":{},"enableDirectConnect":true,"strictSSL":true,"_":"65 more keys: [\"cacheDir\",\"port\",\"requestedCapabilities\",\"automationProtocol\",\"baseUrl\",\"waitforInterval\",\"waitforTimeout\",\"onReload\",\"beforeCommand\",\"afterCommand\",\"rootDir\",\"specs\",\"suites\",\"exclude\",\"groupLogsByTestSpec\",\"excludeDriverLogs\",\"bail\",\"framework\",\"reporters\",\"services\",\"maxInstances\",\"maxInstancesPerCapability\",\"injectGlobals\",\"filesToWatch\",\"execArgv\",\"runnerEnv\",\"runner\",\"shard\",\"specFileRetries\",\"specFileRetriesDelay\",\"specFileRetriesDeferred\",\"reporterSyncInterval\",\"reporterSyncTimeout\",\"cucumberFeaturesWithLineNumbers\",\"autoCompileOpts\",\"mochaOpts\",\"jasmineOpts\",\"cucumberOpts\",\"onPrepare\",\"onWorkerStart\",\"onWorkerEnd\",\"before\",\"beforeSession\",\"beforeSuite\",\"beforeHook\",\"beforeTest\",\"afterTest\",\"afterHook\",\"afterSuite\",\"afterSession\",\"after\",\"onComplete\",\"beforeAssertion\",\"afterAssertion\",\"beforeFeature\",\"beforeScenario\",\"beforeStep\",\"afterStep\",\"afterScenario\",\"afterFeature\",\"_\",\"suite\",\"$0\",\"ignoredWorkerServices\",\"wdi5\"]"}]}
RESULT: {"script":"<script> [2342 bytes]","args":[{"protocol":"http","hostname":"0.0.0.0","path":"/","capabilities":{"browserName":"chrome","goog:chromeOptions":{"binary":"C:\\Program Files\\Google\\Chrome\\Application\\chrome.exe","args":["--start-maximized"]}},"logLevel":"warn","connectionRetryTimeout":120000,"connectionRetryCount":3,"logLevels":{},"enableDirectConnect":true,"strictSSL":true,"_":"65 more keys: [\"cacheDir\",\"port\",\"requestedCapabilities\",\"automationProtocol\",\"baseUrl\",\"waitforInterval\",\"waitforTimeout\",\"onReload\",\"beforeCommand\",\"afterCommand\",\"rootDir\",\"specs\",\"suites\",\"exclude\",\"groupLogsByTestSpec\",\"excludeDriverLogs\",\"bail\",\"framework\",\"reporters\",\"services\",\"maxInstances\",\"maxInstancesPerCapability\",\"injectGlobals\",\"filesToWatch\",\"execArgv\",\"runnerEnv\",\"runner\",\"shard\",\"specFileRetries\",\"specFileRetriesDelay\",\"specFileRetriesDeferred\",\"reporterSyncInterval\",\"reporterSyncTimeout\",\"cucumberFeaturesWithLineNumbers\",\"autoCompileOpts\",\"mochaOpts\",\"jasmineOpts\",\"cucumberOpts\",\"onPrepare\",\"onWorkerStart\",\"onWorkerEnd\",\"before\",\"beforeSession\",\"beforeSuite\",\"beforeHook\",\"beforeTest\",\"afterTest\",\"afterHook\",\"afterSuite\",\"afterSession\",\"after\",\"onComplete\",\"beforeAssertion\",\"afterAssertion\",\"beforeFeature\",\"beforeScenario\",\"beforeStep\",\"afterStep\",\"afterScenario\",\"afterFeature\",\"_\",\"suite\",\"$0\",\"ignoredWorkerServices\",\"wdi5\"]"}]}
COMMAND: POST /session/130ef63994e902c9deb83fe717a4bbca/execute/async - {"script":"<script> [21126 bytes]","args":[35000]}
RESULT: {"script":"<script> [21126 bytes]","args":[35000]}
COMMAND: POST /session/130ef63994e902c9deb83fe717a4bbca/window/fullscreen - {}
RESULT: {}
]]></system-out>
    </testcase>
    <testcase classname="chrome.136_0_7103_93.windows.Billing_confirm_US117289" name="Should create a new equipment" time="152.87">
      <system-out><![CDATA[
COMMAND: POST /session/130ef63994e902c9deb83fe717a4bbca/execute/async - {"script":"<script> [1562 bytes]","args":[{"selector":{"controlType":"sap.m.GenericTile","properties":{"header":"Manage Resources"}},"wdio_ui5_key":"sapm.GenericTile{\"header\":\"Manage Resources\"}"}]}
RESULT: {"script":"<script> [1562 bytes]","args":[{"selector":{"controlType":"sap.m.GenericTile","properties":{"header":"Manage Resources"}},"wdio_ui5_key":"sapm.GenericTile{\"header\":\"Manage Resources\"}"}]}
RESULT: undefined
COMMAND: POST /session/130ef63994e902c9deb83fe717a4bbca/element - {"using":"xpath","value":"//*[@id=\"__tile31\"]"}
RESULT: {"using":"xpath","value":"//*[@id=\"__tile31\"]"}
COMMAND: POST /session/130ef63994e902c9deb83fe717a4bbca/element/f.DBA113373209FD8E36DE67C53790246B.d.A9E4F82BFDD41351751DBE1F58005C74.e.2648/click - {}
RESULT: {}
COMMAND: GET /session/130ef63994e902c9deb83fe717a4bbca/screenshot - {}
RESULT: {}
COMMAND: POST /session/130ef63994e902c9deb83fe717a4bbca/elements - {"using":"xpath","value":"//span[text()='Error']"}
RESULT: {"using":"xpath","value":"//span[text()='Error']"}
COMMAND: POST /session/130ef63994e902c9deb83fe717a4bbca/element - {"using":"xpath","value":"//button[@data-kt=\"addNewRUOverflowToolbarButton\"]"}
RESULT: {"using":"xpath","value":"//button[@data-kt=\"addNewRUOverflowToolbarButton\"]"}
COMMAND: POST /session/130ef63994e902c9deb83fe717a4bbca/elements - {"using":"xpath","value":"//button[@data-kt=\"addNewRUOverflowToolbarButton\"]"}
RESULT: {"using":"xpath","value":"//button[@data-kt=\"addNewRUOverflowToolbarButton\"]"}
COMMAND: POST /session/130ef63994e902c9deb83fe717a4bbca/elements - {"using":"xpath","value":"//button[@data-kt=\"addNewRUOverflowToolbarButton\"]"}
RESULT: {"using":"xpath","value":"//button[@data-kt=\"addNewRUOverflowToolbarButton\"]"}
COMMAND: POST /session/130ef63994e902c9deb83fe717a4bbca/elements - {"using":"xpath","value":"//button[@data-kt=\"addNewRUOverflowToolbarButton\"]"}
RESULT: {"using":"xpath","value":"//button[@data-kt=\"addNewRUOverflowToolbarButton\"]"}
COMMAND: POST /session/130ef63994e902c9deb83fe717a4bbca/elements - {"using":"xpath","value":"//button[@data-kt=\"addNewRUOverflowToolbarButton\"]"}
RESULT: {"using":"xpath","value":"//button[@data-kt=\"addNewRUOverflowToolbarButton\"]"}
COMMAND: POST /session/130ef63994e902c9deb83fe717a4bbca/elements - {"using":"xpath","value":"//button[@data-kt=\"addNewRUOverflowToolbarButton\"]"}
RESULT: {"using":"xpath","value":"//button[@data-kt=\"addNewRUOverflowToolbarButton\"]"}
COMMAND: POST /session/130ef63994e902c9deb83fe717a4bbca/elements - {"using":"xpath","value":"//button[@data-kt=\"addNewRUOverflowToolbarButton\"]"}
RESULT: {"using":"xpath","value":"//button[@data-kt=\"addNewRUOverflowToolbarButton\"]"}
COMMAND: POST /session/130ef63994e902c9deb83fe717a4bbca/elements - {"using":"xpath","value":"//button[@data-kt=\"addNewRUOverflowToolbarButton\"]"}
RESULT: {"using":"xpath","value":"//button[@data-kt=\"addNewRUOverflowToolbarButton\"]"}
COMMAND: POST /session/130ef63994e902c9deb83fe717a4bbca/elements - {"using":"xpath","value":"//button[@data-kt=\"addNewRUOverflowToolbarButton\"]"}
RESULT: {"using":"xpath","value":"//button[@data-kt=\"addNewRUOverflowToolbarButton\"]"}
COMMAND: POST /session/130ef63994e902c9deb83fe717a4bbca/elements - {"using":"xpath","value":"//button[@data-kt=\"addNewRUOverflowToolbarButton\"]"}
RESULT: {"using":"xpath","value":"//button[@data-kt=\"addNewRUOverflowToolbarButton\"]"}
COMMAND: POST /session/130ef63994e902c9deb83fe717a4bbca/elements - {"using":"xpath","value":"//button[@data-kt=\"addNewRUOverflowToolbarButton\"]"}
RESULT: {"using":"xpath","value":"//button[@data-kt=\"addNewRUOverflowToolbarButton\"]"}
COMMAND: POST /session/130ef63994e902c9deb83fe717a4bbca/elements - {"using":"xpath","value":"//button[@data-kt=\"addNewRUOverflowToolbarButton\"]"}
RESULT: {"using":"xpath","value":"//button[@data-kt=\"addNewRUOverflowToolbarButton\"]"}
COMMAND: POST /session/130ef63994e902c9deb83fe717a4bbca/elements - {"using":"xpath","value":"//button[@data-kt=\"addNewRUOverflowToolbarButton\"]"}
RESULT: {"using":"xpath","value":"//button[@data-kt=\"addNewRUOverflowToolbarButton\"]"}
COMMAND: POST /session/130ef63994e902c9deb83fe717a4bbca/elements - {"using":"xpath","value":"//button[@data-kt=\"addNewRUOverflowToolbarButton\"]"}
RESULT: {"using":"xpath","value":"//button[@data-kt=\"addNewRUOverflowToolbarButton\"]"}
COMMAND: POST /session/130ef63994e902c9deb83fe717a4bbca/elements - {"using":"xpath","value":"//button[@data-kt=\"addNewRUOverflowToolbarButton\"]"}
RESULT: {"using":"xpath","value":"//button[@data-kt=\"addNewRUOverflowToolbarButton\"]"}
COMMAND: POST /session/130ef63994e902c9deb83fe717a4bbca/elements - {"using":"xpath","value":"//button[@data-kt=\"addNewRUOverflowToolbarButton\"]"}
RESULT: {"using":"xpath","value":"//button[@data-kt=\"addNewRUOverflowToolbarButton\"]"}
COMMAND: POST /session/130ef63994e902c9deb83fe717a4bbca/elements - {"using":"xpath","value":"//button[@data-kt=\"addNewRUOverflowToolbarButton\"]"}
RESULT: {"using":"xpath","value":"//button[@data-kt=\"addNewRUOverflowToolbarButton\"]"}
COMMAND: POST /session/130ef63994e902c9deb83fe717a4bbca/elements - {"using":"xpath","value":"//button[@data-kt=\"addNewRUOverflowToolbarButton\"]"}
RESULT: {"using":"xpath","value":"//button[@data-kt=\"addNewRUOverflowToolbarButton\"]"}
COMMAND: POST /session/130ef63994e902c9deb83fe717a4bbca/elements - {"using":"xpath","value":"//button[@data-kt=\"addNewRUOverflowToolbarButton\"]"}
RESULT: {"using":"xpath","value":"//button[@data-kt=\"addNewRUOverflowToolbarButton\"]"}
COMMAND: POST /session/130ef63994e902c9deb83fe717a4bbca/elements - {"using":"xpath","value":"//button[@data-kt=\"addNewRUOverflowToolbarButton\"]"}
RESULT: {"using":"xpath","value":"//button[@data-kt=\"addNewRUOverflowToolbarButton\"]"}
COMMAND: POST /session/130ef63994e902c9deb83fe717a4bbca/elements - {"using":"xpath","value":"//button[@data-kt=\"addNewRUOverflowToolbarButton\"]"}
RESULT: {"using":"xpath","value":"//button[@data-kt=\"addNewRUOverflowToolbarButton\"]"}
COMMAND: POST /session/130ef63994e902c9deb83fe717a4bbca/elements - {"using":"xpath","value":"//button[@data-kt=\"addNewRUOverflowToolbarButton\"]"}
RESULT: {"using":"xpath","value":"//button[@data-kt=\"addNewRUOverflowToolbarButton\"]"}
COMMAND: POST /session/130ef63994e902c9deb83fe717a4bbca/elements - {"using":"xpath","value":"//button[@data-kt=\"addNewRUOverflowToolbarButton\"]"}
RESULT: {"using":"xpath","value":"//button[@data-kt=\"addNewRUOverflowToolbarButton\"]"}
COMMAND: POST /session/130ef63994e902c9deb83fe717a4bbca/elements - {"using":"xpath","value":"//button[@data-kt=\"addNewRUOverflowToolbarButton\"]"}
RESULT: {"using":"xpath","value":"//button[@data-kt=\"addNewRUOverflowToolbarButton\"]"}
COMMAND: POST /session/130ef63994e902c9deb83fe717a4bbca/elements - {"using":"xpath","value":"//button[@data-kt=\"addNewRUOverflowToolbarButton\"]"}
RESULT: {"using":"xpath","value":"//button[@data-kt=\"addNewRUOverflowToolbarButton\"]"}
COMMAND: POST /session/130ef63994e902c9deb83fe717a4bbca/elements - {"using":"xpath","value":"//button[@data-kt=\"addNewRUOverflowToolbarButton\"]"}
RESULT: {"using":"xpath","value":"//button[@data-kt=\"addNewRUOverflowToolbarButton\"]"}
COMMAND: POST /session/130ef63994e902c9deb83fe717a4bbca/element - {"using":"xpath","value":"//button[@data-kt=\"addNewRUOverflowToolbarButton\"]"}
RESULT: {"using":"xpath","value":"//button[@data-kt=\"addNewRUOverflowToolbarButton\"]"}
COMMAND: POST /session/130ef63994e902c9deb83fe717a4bbca/execute/sync - {"script":"<script> [8489 bytes]","args":[{"element-6066-11e4-a52e-4f735466cecf":"f.DBA113373209FD8E36DE67C53790246B.d.A9E4F82BFDD41351751DBE1F58005C74.e.2757","ELEMENT":"f.DBA113373209FD8E36DE67C53790246B.d.A9E4F82BFDD41351751DBE1F58005C74.e.2757"}]}
RESULT: {"script":"<script> [8489 bytes]","args":[{"element-6066-11e4-a52e-4f735466cecf":"f.DBA113373209FD8E36DE67C53790246B.d.A9E4F82BFDD41351751DBE1F58005C74.e.2757","ELEMENT":"f.DBA113373209FD8E36DE67C53790246B.d.A9E4F82BFDD41351751DBE1F58005C74.e.2757"}]}
COMMAND: GET /session/130ef63994e902c9deb83fe717a4bbca/element/f.DBA113373209FD8E36DE67C53790246B.d.A9E4F82BFDD41351751DBE1F58005C74.e.2757/enabled - {}
COMMAND: GET /session/130ef63994e902c9deb83fe717a4bbca/screenshot - {}
RESULT: {}
COMMAND: POST /session/130ef63994e902c9deb83fe717a4bbca/execute/sync - {"script":"<script> [8489 bytes]","args":[{"element-6066-11e4-a52e-4f735466cecf":"f.DBA113373209FD8E36DE67C53790246B.d.A9E4F82BFDD41351751DBE1F58005C74.e.2757","ELEMENT":"f.DBA113373209FD8E36DE67C53790246B.d.A9E4F82BFDD41351751DBE1F58005C74.e.2757"}]}
COMMAND: GET /session/130ef63994e902c9deb83fe717a4bbca/screenshot - {}
RESULT: {}
RESULT: {"script":"<script> [8489 bytes]","args":[{"element-6066-11e4-a52e-4f735466cecf":"f.DBA113373209FD8E36DE67C53790246B.d.A9E4F82BFDD41351751DBE1F58005C74.e.2757","ELEMENT":"f.DBA113373209FD8E36DE67C53790246B.d.A9E4F82BFDD41351751DBE1F58005C74.e.2757"}]}
COMMAND: POST /session/130ef63994e902c9deb83fe717a4bbca/execute/sync - {"script":"<script> [5351 bytes]","args":[{"element-6066-11e4-a52e-4f735466cecf":"f.DBA113373209FD8E36DE67C53790246B.d.A9E4F82BFDD41351751DBE1F58005C74.e.2757","ELEMENT":"f.DBA113373209FD8E36DE67C53790246B.d.A9E4F82BFDD41351751DBE1F58005C74.e.2757"}]}
COMMAND: GET /session/130ef63994e902c9deb83fe717a4bbca/screenshot - {}
RESULT: {}
RESULT: {"script":"<script> [5351 bytes]","args":[{"element-6066-11e4-a52e-4f735466cecf":"f.DBA113373209FD8E36DE67C53790246B.d.A9E4F82BFDD41351751DBE1F58005C74.e.2757","ELEMENT":"f.DBA113373209FD8E36DE67C53790246B.d.A9E4F82BFDD41351751DBE1F58005C74.e.2757"}]}
COMMAND: POST /session/130ef63994e902c9deb83fe717a4bbca/element/f.DBA113373209FD8E36DE67C53790246B.d.A9E4F82BFDD41351751DBE1F58005C74.e.2757/click - {}
COMMAND: GET /session/130ef63994e902c9deb83fe717a4bbca/screenshot - {}
RESULT: {}
RESULT: {}
COMMAND: GET /session/130ef63994e902c9deb83fe717a4bbca/screenshot - {}
RESULT: {}
RESULT: {}
COMMAND: POST /session/130ef63994e902c9deb83fe717a4bbca/execute/async - {"script":"<script> [1562 bytes]","args":[{"selector":{"id":"application-manageresources-display-component---newResourceUnit--TYPE-arrow"},"wdio_ui5_key":"applicationmanageresources-display-component---newResourceUnit--TYPE-arrow"}]}
RESULT: {"script":"<script> [1562 bytes]","args":[{"selector":{"id":"application-manageresources-display-component---newResourceUnit--TYPE-arrow"},"wdio_ui5_key":"applicationmanageresources-display-component---newResourceUnit--TYPE-arrow"}]}
RESULT: undefined
COMMAND: POST /session/130ef63994e902c9deb83fe717a4bbca/element - {"using":"xpath","value":"//*[@id=\"application-manageresources-display-component---newResourceUnit--TYPE-arrow\"]"}
RESULT: {"using":"xpath","value":"//*[@id=\"application-manageresources-display-component---newResourceUnit--TYPE-arrow\"]"}
COMMAND: POST /session/130ef63994e902c9deb83fe717a4bbca/element/f.DBA113373209FD8E36DE67C53790246B.d.A9E4F82BFDD41351751DBE1F58005C74.e.2926/click - {}
RESULT: {}
COMMAND: POST /session/130ef63994e902c9deb83fe717a4bbca/element - {"using":"xpath","value":"//input[@id=\"application-manageresources-display-component---newResourceUnit--TYPE-inner\"]"}
COMMAND: GET /session/130ef63994e902c9deb83fe717a4bbca/screenshot - {}
RESULT: {"using":"xpath","value":"//input[@id=\"application-manageresources-display-component---newResourceUnit--TYPE-inner\"]"}
COMMAND: POST /session/130ef63994e902c9deb83fe717a4bbca/element/f.DBA113373209FD8E36DE67C53790246B.d.A9E4F82BFDD41351751DBE1F58005C74.e.2812/clear - {}
RESULT: {}
RESULT: {}
COMMAND: POST /session/130ef63994e902c9deb83fe717a4bbca/element/f.DBA113373209FD8E36DE67C53790246B.d.A9E4F82BFDD41351751DBE1F58005C74.e.2812/value - {"text":"Equipment"}
COMMAND: GET /session/130ef63994e902c9deb83fe717a4bbca/screenshot - {}
RESULT: {"text":"Equipment"}
COMMAND: GET /session/130ef63994e902c9deb83fe717a4bbca/screenshot - {}
RESULT: {}
RESULT: {}
COMMAND: POST /session/130ef63994e902c9deb83fe717a4bbca/actions - {"actions":[{"id":"action9","type":"key","parameters":{},"actions":[{"type":"keyDown","value":""},{"type":"pause","duration":10},{"type":"keyUp","value":""}]}]}
RESULT: {"actions":[{"id":"action9","type":"key","parameters":{},"actions":[{"type":"keyDown","value":""},{"type":"pause","duration":10},{"type":"keyUp","value":""}]}]}
COMMAND: POST /session/130ef63994e902c9deb83fe717a4bbca/execute/async - {"script":"<script> [1562 bytes]","args":[{"selector":{"id":"application-manageresources-display-component---newResourceUnit--resourceId","interaction":{"idSuffix":"inner"}},"wdio_ui5_key":"applicationmanageresources-display-component---newResourceUnit--resourceId"}]}
COMMAND: GET /session/130ef63994e902c9deb83fe717a4bbca/screenshot - {}
RESULT: {"script":"<script> [1562 bytes]","args":[{"selector":{"id":"application-manageresources-display-component---newResourceUnit--resourceId","interaction":{"idSuffix":"inner"}},"wdio_ui5_key":"applicationmanageresources-display-component---newResourceUnit--resourceId"}]}
RESULT: undefined
COMMAND: POST /session/130ef63994e902c9deb83fe717a4bbca/execute/async - {"script":"<script> [776 bytes]","args":[{"enterText":"R5BalNFm6d","selector":{"id":"application-manageresources-display-component---newResourceUnit--resourceId","interaction":{"idSuffix":"inner"}},"clearTextFirst":true,"interactionType":"ENTER_TEXT"}]}
RESULT: {}
RESULT: {"script":"<script> [776 bytes]","args":[{"enterText":"R5BalNFm6d","selector":{"id":"application-manageresources-display-component---newResourceUnit--resourceId","interaction":{"idSuffix":"inner"}},"clearTextFirst":true,"interactionType":"ENTER_TEXT"}]}
COMMAND: POST /session/130ef63994e902c9deb83fe717a4bbca/execute/async - {"script":"<script> [1562 bytes]","args":[{"selector":{"id":"application-manageresources-display-component---newResourceUnit--SHORT_TEXT","interaction":{"idSuffix":"inner"}},"wdio_ui5_key":"applicationmanageresources-display-component---newResourceUnit--SHORT_TEXT"}]}
RESULT: {"script":"<script> [1562 bytes]","args":[{"selector":{"id":"application-manageresources-display-component---newResourceUnit--SHORT_TEXT","interaction":{"idSuffix":"inner"}},"wdio_ui5_key":"applicationmanageresources-display-component---newResourceUnit--SHORT_TEXT"}]}
RESULT: undefined
COMMAND: POST /session/130ef63994e902c9deb83fe717a4bbca/execute/async - {"script":"<script> [776 bytes]","args":[{"enterText":"Intercompany Equipment WDIO","selector":{"id":"application-manageresources-display-component---newResourceUnit--SHORT_TEXT","interaction":{"idSuffix":"inner"}},"clearTextFirst":true,"interactionType":"ENTER_TEXT"}]}
RESULT: {"script":"<script> [776 bytes]","args":[{"enterText":"Intercompany Equipment WDIO","selector":{"id":"application-manageresources-display-component---newResourceUnit--SHORT_TEXT","interaction":{"idSuffix":"inner"}},"clearTextFirst":true,"interactionType":"ENTER_TEXT"}]}
COMMAND: POST /session/130ef63994e902c9deb83fe717a4bbca/execute/async - {"script":"<script> [1562 bytes]","args":[{"selector":{"id":"application-manageresources-display-component---newResourceUnit--BASE_UNIT_OF_MEASURE","interaction":{"idSuffix":"inner"}},"wdio_ui5_key":"applicationmanageresources-display-component---newResourceUnit--BASE_UNIT_OF_MEASURE"}]}
RESULT: {"script":"<script> [1562 bytes]","args":[{"selector":{"id":"application-manageresources-display-component---newResourceUnit--BASE_UNIT_OF_MEASURE","interaction":{"idSuffix":"inner"}},"wdio_ui5_key":"applicationmanageresources-display-component---newResourceUnit--BASE_UNIT_OF_MEASURE"}]}
RESULT: undefined
COMMAND: POST /session/130ef63994e902c9deb83fe717a4bbca/execute/async - {"script":"<script> [776 bytes]","args":[{"enterText":"Piece","selector":{"id":"application-manageresources-display-component---newResourceUnit--BASE_UNIT_OF_MEASURE","interaction":{"idSuffix":"inner"}},"clearTextFirst":true,"interactionType":"ENTER_TEXT"}]}
RESULT: {"script":"<script> [776 bytes]","args":[{"enterText":"Piece","selector":{"id":"application-manageresources-display-component---newResourceUnit--BASE_UNIT_OF_MEASURE","interaction":{"idSuffix":"inner"}},"clearTextFirst":true,"interactionType":"ENTER_TEXT"}]}
COMMAND: POST /session/130ef63994e902c9deb83fe717a4bbca/execute/async - {"script":"<script> [1562 bytes]","args":[{"selector":{"id":"application-manageresources-display-component---newResourceUnit--WEIGHT_UNIT","interaction":{"idSuffix":"inner"}},"wdio_ui5_key":"applicationmanageresources-display-component---newResourceUnit--WEIGHT_UNIT"}]}
RESULT: {"script":"<script> [1562 bytes]","args":[{"selector":{"id":"application-manageresources-display-component---newResourceUnit--WEIGHT_UNIT","interaction":{"idSuffix":"inner"}},"wdio_ui5_key":"applicationmanageresources-display-component---newResourceUnit--WEIGHT_UNIT"}]}
RESULT: undefined
COMMAND: POST /session/130ef63994e902c9deb83fe717a4bbca/execute/async - {"script":"<script> [776 bytes]","args":[{"enterText":"Gram","selector":{"id":"application-manageresources-display-component---newResourceUnit--WEIGHT_UNIT","interaction":{"idSuffix":"inner"}},"clearTextFirst":true,"interactionType":"ENTER_TEXT"}]}
RESULT: {"script":"<script> [776 bytes]","args":[{"enterText":"Gram","selector":{"id":"application-manageresources-display-component---newResourceUnit--WEIGHT_UNIT","interaction":{"idSuffix":"inner"}},"clearTextFirst":true,"interactionType":"ENTER_TEXT"}]}
COMMAND: POST /session/130ef63994e902c9deb83fe717a4bbca/execute/async - {"script":"<script> [1562 bytes]","args":[{"selector":{"id":"application-manageresources-display-component---newResourceUnit--DIMENSION_UNIT","interaction":{"idSuffix":"inner"}},"wdio_ui5_key":"applicationmanageresources-display-component---newResourceUnit--DIMENSION_UNIT"}]}
RESULT: {"script":"<script> [1562 bytes]","args":[{"selector":{"id":"application-manageresources-display-component---newResourceUnit--DIMENSION_UNIT","interaction":{"idSuffix":"inner"}},"wdio_ui5_key":"applicationmanageresources-display-component---newResourceUnit--DIMENSION_UNIT"}]}
RESULT: undefined
COMMAND: POST /session/130ef63994e902c9deb83fe717a4bbca/execute/async - {"script":"<script> [776 bytes]","args":[{"enterText":"Meter","selector":{"id":"application-manageresources-display-component---newResourceUnit--DIMENSION_UNIT","interaction":{"idSuffix":"inner"}},"clearTextFirst":true,"interactionType":"ENTER_TEXT"}]}
RESULT: {"script":"<script> [776 bytes]","args":[{"enterText":"Meter","selector":{"id":"application-manageresources-display-component---newResourceUnit--DIMENSION_UNIT","interaction":{"idSuffix":"inner"}},"clearTextFirst":true,"interactionType":"ENTER_TEXT"}]}
COMMAND: POST /session/130ef63994e902c9deb83fe717a4bbca/execute/async - {"script":"<script> [1562 bytes]","args":[{"selector":{"id":"application-manageresources-display-component---newResourceUnit--newRRUPage-anchBar-application-manageresources-display-component---newResourceUnit--control-anchor","interaction":{"idSuffix":"BDI-content"}},"wdio_ui5_key":"applicationmanageresources-display-component---newResourceUnit--newRRUPage-anchBar-application-manageresources-display-component---newResourceUnit--control-anchor"}]}
RESULT: {"script":"<script> [1562 bytes]","args":[{"selector":{"id":"application-manageresources-display-component---newResourceUnit--newRRUPage-anchBar-application-manageresources-display-component---newResourceUnit--control-anchor","interaction":{"idSuffix":"BDI-content"}},"wdio_ui5_key":"applicationmanageresources-display-component---newResourceUnit--newRRUPage-anchBar-application-manageresources-display-component---newResourceUnit--control-anchor"}]}
RESULT: undefined
COMMAND: POST /session/130ef63994e902c9deb83fe717a4bbca/element - {"using":"xpath","value":"//*[@id=\"application-manageresources-display-component---newResourceUnit--newRRUPage-anchBar-application-manageresources-display-component---newResourceUnit--control-anchor\"]"}
RESULT: {"using":"xpath","value":"//*[@id=\"application-manageresources-display-component---newResourceUnit--newRRUPage-anchBar-application-manageresources-display-component---newResourceUnit--control-anchor\"]"}
COMMAND: POST /session/130ef63994e902c9deb83fe717a4bbca/element/f.DBA113373209FD8E36DE67C53790246B.d.A9E4F82BFDD41351751DBE1F58005C74.e.3086/click - {}
RESULT: {}
COMMAND: POST /session/130ef63994e902c9deb83fe717a4bbca/execute/async - {"script":"<script> [1562 bytes]","args":[{"selector":{"id":"application-manageresources-display-component---newResourceUnit--PLANNING_GROUP","interaction":{"idSuffix":"inner"}},"wdio_ui5_key":"applicationmanageresources-display-component---newResourceUnit--PLANNING_GROUP"}]}
COMMAND: GET /session/130ef63994e902c9deb83fe717a4bbca/screenshot - {}
RESULT: {"script":"<script> [1562 bytes]","args":[{"selector":{"id":"application-manageresources-display-component---newResourceUnit--PLANNING_GROUP","interaction":{"idSuffix":"inner"}},"wdio_ui5_key":"applicationmanageresources-display-component---newResourceUnit--PLANNING_GROUP"}]}
RESULT: undefined
COMMAND: POST /session/130ef63994e902c9deb83fe717a4bbca/execute/async - {"script":"<script> [776 bytes]","args":[{"enterText":"Heavy Equi","selector":{"id":"application-manageresources-display-component---newResourceUnit--PLANNING_GROUP","interaction":{"idSuffix":"inner"}},"clearTextFirst":true,"interactionType":"ENTER_TEXT"}]}
RESULT: {}
RESULT: {"script":"<script> [776 bytes]","args":[{"enterText":"Heavy Equi","selector":{"id":"application-manageresources-display-component---newResourceUnit--PLANNING_GROUP","interaction":{"idSuffix":"inner"}},"clearTextFirst":true,"interactionType":"ENTER_TEXT"}]}
COMMAND: POST /session/130ef63994e902c9deb83fe717a4bbca/execute/async - {"script":"<script> [1562 bytes]","args":[{"selector":{"id":"application-manageresources-display-component---newResourceUnit--ITEM_TYPE-arrow"},"wdio_ui5_key":"applicationmanageresources-display-component---newResourceUnit--ITEM_TYPE-arrow"}]}
RESULT: {"script":"<script> [1562 bytes]","args":[{"selector":{"id":"application-manageresources-display-component---newResourceUnit--ITEM_TYPE-arrow"},"wdio_ui5_key":"applicationmanageresources-display-component---newResourceUnit--ITEM_TYPE-arrow"}]}
RESULT: undefined
COMMAND: POST /session/130ef63994e902c9deb83fe717a4bbca/element - {"using":"xpath","value":"//*[@id=\"application-manageresources-display-component---newResourceUnit--ITEM_TYPE-arrow\"]"}
RESULT: {"using":"xpath","value":"//*[@id=\"application-manageresources-display-component---newResourceUnit--ITEM_TYPE-arrow\"]"}
COMMAND: POST /session/130ef63994e902c9deb83fe717a4bbca/element/f.DBA113373209FD8E36DE67C53790246B.d.A9E4F82BFDD41351751DBE1F58005C74.e.3095/click - {}
RESULT: {}
COMMAND: POST /session/130ef63994e902c9deb83fe717a4bbca/element - {"using":"xpath","value":"(//span[contains(text(), \"Resource Unit\")])[2]"}
COMMAND: GET /session/130ef63994e902c9deb83fe717a4bbca/screenshot - {}
RESULT: {"using":"xpath","value":"(//span[contains(text(), \"Resource Unit\")])[2]"}
COMMAND: POST /session/130ef63994e902c9deb83fe717a4bbca/element/f.DBA113373209FD8E36DE67C53790246B.d.A9E4F82BFDD41351751DBE1F58005C74.e.3096/click - {}
RESULT: {}
RESULT: {}
COMMAND: GET /session/130ef63994e902c9deb83fe717a4bbca/screenshot - {}
RESULT: {}
COMMAND: POST /session/130ef63994e902c9deb83fe717a4bbca/element - {"using":"css selector","value":"#application-manageresources-display-component---newResourceUnit--btnAddTimeSegment"}
RESULT: {"using":"css selector","value":"#application-manageresources-display-component---newResourceUnit--btnAddTimeSegment"}
COMMAND: GET /session/130ef63994e902c9deb83fe717a4bbca/element/f.DBA113373209FD8E36DE67C53790246B.d.A9E4F82BFDD41351751DBE1F58005C74.e.3104/rect - {}
RESULT: {}
COMMAND: GET /session/130ef63994e902c9deb83fe717a4bbca/window/rect - {}
RESULT: {}
COMMAND: POST /session/130ef63994e902c9deb83fe717a4bbca/execute/sync - {"script":"<script> [92 bytes]","args":[]}
RESULT: {"script":"<script> [92 bytes]","args":[]}
COMMAND: POST /session/130ef63994e902c9deb83fe717a4bbca/actions - {"actions":[{"id":"action10","type":"wheel","parameters":{},"actions":[{"type":"scroll","x":-1888,"y":-32,"deltaX":0,"deltaY":0,"duration":0,"origin":{"element-6066-11e4-a52e-4f735466cecf":"f.DBA113373209FD8E36DE67C53790246B.d.A9E4F82BFDD41351751DBE1F58005C74.e.3104"}}]}]}
COMMAND: GET /session/130ef63994e902c9deb83fe717a4bbca/screenshot - {}
RESULT: {}
COMMAND: POST /session/130ef63994e902c9deb83fe717a4bbca/execute/sync - {"script":"<script> [79 bytes]","args":[{"element-6066-11e4-a52e-4f735466cecf":"f.DBA113373209FD8E36DE67C53790246B.d.A9E4F82BFDD41351751DBE1F58005C74.e.3104","ELEMENT":"f.DBA113373209FD8E36DE67C53790246B.d.A9E4F82BFDD41351751DBE1F58005C74.e.3104"},{"block":"start","inline":"nearest"}]}
RESULT: {"script":"<script> [79 bytes]","args":[{"element-6066-11e4-a52e-4f735466cecf":"f.DBA113373209FD8E36DE67C53790246B.d.A9E4F82BFDD41351751DBE1F58005C74.e.3104","ELEMENT":"f.DBA113373209FD8E36DE67C53790246B.d.A9E4F82BFDD41351751DBE1F58005C74.e.3104"},{"block":"start","inline":"nearest"}]}
COMMAND: POST /session/130ef63994e902c9deb83fe717a4bbca/execute/async - {"script":"<script> [1562 bytes]","args":[{"selector":{"id":"application-manageresources-display-component---newResourceUnit--btnAddTimeSegment","interaction":{"idSuffix":"inner"}},"wdio_ui5_key":"applicationmanageresources-display-component---newResourceUnit--btnAddTimeSegment"}]}
COMMAND: GET /session/130ef63994e902c9deb83fe717a4bbca/screenshot - {}
RESULT: {"script":"<script> [1562 bytes]","args":[{"selector":{"id":"application-manageresources-display-component---newResourceUnit--btnAddTimeSegment","interaction":{"idSuffix":"inner"}},"wdio_ui5_key":"applicationmanageresources-display-component---newResourceUnit--btnAddTimeSegment"}]}
RESULT: undefined
COMMAND: POST /session/130ef63994e902c9deb83fe717a4bbca/element - {"using":"xpath","value":"//*[@id=\"application-manageresources-display-component---newResourceUnit--btnAddTimeSegment\"]"}
RESULT: {}
RESULT: {"using":"xpath","value":"//*[@id=\"application-manageresources-display-component---newResourceUnit--btnAddTimeSegment\"]"}
COMMAND: POST /session/130ef63994e902c9deb83fe717a4bbca/element/f.DBA113373209FD8E36DE67C53790246B.d.A9E4F82BFDD41351751DBE1F58005C74.e.3104/click - {}
RESULT: {}
COMMAND: GET /session/130ef63994e902c9deb83fe717a4bbca/screenshot - {}
RESULT: {}
COMMAND: POST /session/130ef63994e902c9deb83fe717a4bbca/element - {"using":"xpath","value":"//input[@id=\"application-manageresources-display-component---newResourceUnit--idRuTSAdmin-application-manageresources-display-component---newResourceUnit--RUTimeSegment-0-inner\"]"}
RESULT: {"using":"xpath","value":"//input[@id=\"application-manageresources-display-component---newResourceUnit--idRuTSAdmin-application-manageresources-display-component---newResourceUnit--RUTimeSegment-0-inner\"]"}
COMMAND: POST /session/130ef63994e902c9deb83fe717a4bbca/element/f.DBA113373209FD8E36DE67C53790246B.d.A9E4F82BFDD41351751DBE1F58005C74.e.3110/clear - {}
RESULT: {}
COMMAND: POST /session/130ef63994e902c9deb83fe717a4bbca/element/f.DBA113373209FD8E36DE67C53790246B.d.A9E4F82BFDD41351751DBE1F58005C74.e.3110/value - {"text":"254"}
COMMAND: GET /session/130ef63994e902c9deb83fe717a4bbca/screenshot - {}
RESULT: {"text":"254"}
COMMAND: GET /session/130ef63994e902c9deb83fe717a4bbca/screenshot - {}
RESULT: {}
RESULT: {}
COMMAND: POST /session/130ef63994e902c9deb83fe717a4bbca/element - {"using":"xpath","value":"//li[.//span[text()='254']]"}
RESULT: {"using":"xpath","value":"//li[.//span[text()='254']]"}
COMMAND: POST /session/130ef63994e902c9deb83fe717a4bbca/element/f.DBA113373209FD8E36DE67C53790246B.d.A9E4F82BFDD41351751DBE1F58005C74.e.3121/click - {}
RESULT: {}
COMMAND: GET /session/130ef63994e902c9deb83fe717a4bbca/screenshot - {}
RESULT: {}
COMMAND: POST /session/130ef63994e902c9deb83fe717a4bbca/element - {"using":"xpath","value":"(//span[contains(@id, \"-application-manageresources-display-component---newResourceUnit--RUTimeSegment-0-arrow\")])[6]"}
RESULT: {"using":"xpath","value":"(//span[contains(@id, \"-application-manageresources-display-component---newResourceUnit--RUTimeSegment-0-arrow\")])[6]"}
COMMAND: POST /session/130ef63994e902c9deb83fe717a4bbca/element/f.DBA113373209FD8E36DE67C53790246B.d.A9E4F82BFDD41351751DBE1F58005C74.e.3122/click - {}
RESULT: {}
COMMAND: GET /session/130ef63994e902c9deb83fe717a4bbca/screenshot - {}
RESULT: {}
COMMAND: POST /session/130ef63994e902c9deb83fe717a4bbca/element - {"using":"xpath","value":"//span[contains(text(), \"PM Order\")]"}
RESULT: {"using":"xpath","value":"//span[contains(text(), \"PM Order\")]"}
COMMAND: POST /session/130ef63994e902c9deb83fe717a4bbca/element/f.DBA113373209FD8E36DE67C53790246B.d.A9E4F82BFDD41351751DBE1F58005C74.e.3125/click - {}
RESULT: {}
COMMAND: GET /session/130ef63994e902c9deb83fe717a4bbca/screenshot - {}
RESULT: {}
COMMAND: POST /session/130ef63994e902c9deb83fe717a4bbca/element - {"using":"xpath","value":"(//span[contains(@id ,\"manageresources-display-component---newResourceUnit--RUTimeSegment-0-vhi\")])[1]"}
RESULT: {"using":"xpath","value":"(//span[contains(@id ,\"manageresources-display-component---newResourceUnit--RUTimeSegment-0-vhi\")])[1]"}
COMMAND: GET /session/130ef63994e902c9deb83fe717a4bbca/element/f.DBA113373209FD8E36DE67C53790246B.d.A9E4F82BFDD41351751DBE1F58005C74.e.3129/rect - {}
RESULT: {}
COMMAND: GET /session/130ef63994e902c9deb83fe717a4bbca/window/rect - {}
RESULT: {}
COMMAND: POST /session/130ef63994e902c9deb83fe717a4bbca/execute/sync - {"script":"<script> [92 bytes]","args":[]}
RESULT: {"script":"<script> [92 bytes]","args":[]}
COMMAND: POST /session/130ef63994e902c9deb83fe717a4bbca/actions - {"actions":[{"id":"action11","type":"wheel","parameters":{},"actions":[{"type":"scroll","x":-869,"y":-24,"deltaX":0,"deltaY":0,"duration":0,"origin":{"element-6066-11e4-a52e-4f735466cecf":"f.DBA113373209FD8E36DE67C53790246B.d.A9E4F82BFDD41351751DBE1F58005C74.e.3129"}}]}]}
COMMAND: GET /session/130ef63994e902c9deb83fe717a4bbca/screenshot - {}
RESULT: {"actions":[{"id":"action11","type":"wheel","parameters":{},"actions":[{"type":"scroll","x":-869,"y":-24,"deltaX":0,"deltaY":0,"duration":0,"origin":{"element-6066-11e4-a52e-4f735466cecf":"f.DBA113373209FD8E36DE67C53790246B.d.A9E4F82BFDD41351751DBE1F58005C74.e.3129"}}]}]}
COMMAND: DELETE /session/130ef63994e902c9deb83fe717a4bbca/actions - {}
COMMAND: GET /session/130ef63994e902c9deb83fe717a4bbca/screenshot - {}
RESULT: {}
RESULT: {}
COMMAND: GET /session/130ef63994e902c9deb83fe717a4bbca/screenshot - {}
RESULT: {}
RESULT: {}
COMMAND: POST /session/130ef63994e902c9deb83fe717a4bbca/element/f.DBA113373209FD8E36DE67C53790246B.d.A9E4F82BFDD41351751DBE1F58005C74.e.3129/click - {}
RESULT: {}
COMMAND: GET /session/130ef63994e902c9deb83fe717a4bbca/screenshot - {}
RESULT: {}
COMMAND: POST /session/130ef63994e902c9deb83fe717a4bbca/execute/async - {"script":"<script> [1562 bytes]","args":[{"selector":{"controlType":"sap.m.SearchField","properties":{"placeholder":"Search"},"searchOpenDialogs":true,"interaction":{"idSuffix":"I"}},"wdio_ui5_key":"sapm.SearchField{\"placeholder\":\"Search\"}"}]}
RESULT: {"script":"<script> [1562 bytes]","args":[{"selector":{"controlType":"sap.m.SearchField","properties":{"placeholder":"Search"},"searchOpenDialogs":true,"interaction":{"idSuffix":"I"}},"wdio_ui5_key":"sapm.SearchField{\"placeholder\":\"Search\"}"}]}
RESULT: undefined
COMMAND: POST /session/130ef63994e902c9deb83fe717a4bbca/execute/async - {"script":"<script> [776 bytes]","args":[{"enterText":"4000360","selector":{"controlType":"sap.m.SearchField","properties":{"placeholder":"Search"},"searchOpenDialogs":true,"interaction":{"idSuffix":"I"}},"clearTextFirst":true,"interactionType":"ENTER_TEXT"}]}
RESULT: {"script":"<script> [776 bytes]","args":[{"enterText":"4000360","selector":{"controlType":"sap.m.SearchField","properties":{"placeholder":"Search"},"searchOpenDialogs":true,"interaction":{"idSuffix":"I"}},"clearTextFirst":true,"interactionType":"ENTER_TEXT"}]}
COMMAND: POST /session/130ef63994e902c9deb83fe717a4bbca/actions - {"actions":[{"id":"action12","type":"key","parameters":{},"actions":[{"type":"keyDown","value":""},{"type":"pause","duration":10},{"type":"keyUp","value":""}]}]}
RESULT: {"actions":[{"id":"action12","type":"key","parameters":{},"actions":[{"type":"keyDown","value":""},{"type":"pause","duration":10},{"type":"keyUp","value":""}]}]}
COMMAND: GET /session/130ef63994e902c9deb83fe717a4bbca/screenshot - {}
RESULT: {}
COMMAND: POST /session/130ef63994e902c9deb83fe717a4bbca/element - {"using":"xpath","value":"//td/div/span[contains(text(), \"BGL Vehicles\")]"}
RESULT: {"using":"xpath","value":"//td/div/span[contains(text(), \"BGL Vehicles\")]"}
COMMAND: POST /session/130ef63994e902c9deb83fe717a4bbca/element/f.DBA113373209FD8E36DE67C53790246B.d.A9E4F82BFDD41351751DBE1F58005C74.e.3150/click - {}
RESULT: {}
COMMAND: GET /session/130ef63994e902c9deb83fe717a4bbca/screenshot - {}
RESULT: {}
COMMAND: POST /session/130ef63994e902c9deb83fe717a4bbca/element - {"using":"xpath","value":"//bdi[contains(text(), \"OK\")]"}
RESULT: {"using":"xpath","value":"//bdi[contains(text(), \"OK\")]"}
COMMAND: POST /session/130ef63994e902c9deb83fe717a4bbca/element/f.DBA113373209FD8E36DE67C53790246B.d.A9E4F82BFDD41351751DBE1F58005C74.e.3151/click - {}
RESULT: {}
COMMAND: GET /session/130ef63994e902c9deb83fe717a4bbca/screenshot - {}
RESULT: {}
COMMAND: POST /session/130ef63994e902c9deb83fe717a4bbca/execute/async - {"script":"<script> [1562 bytes]","args":[{"selector":{"id":"application-manageresources-display-component---newResourceUnit--newRRUPage-anchBar-application-manageresources-display-component---newResourceUnit--resource-anchor","interaction":{"idSuffix":"BDI-content"}},"wdio_ui5_key":"applicationmanageresources-display-component---newResourceUnit--newRRUPage-anchBar-application-manageresources-display-component---newResourceUnit--resource-anchor"}]}
RESULT: {"script":"<script> [1562 bytes]","args":[{"selector":{"id":"application-manageresources-display-component---newResourceUnit--newRRUPage-anchBar-application-manageresources-display-component---newResourceUnit--resource-anchor","interaction":{"idSuffix":"BDI-content"}},"wdio_ui5_key":"applicationmanageresources-display-component---newResourceUnit--newRRUPage-anchBar-application-manageresources-display-component---newResourceUnit--resource-anchor"}]}
RESULT: undefined
COMMAND: POST /session/130ef63994e902c9deb83fe717a4bbca/element - {"using":"xpath","value":"//*[@id=\"application-manageresources-display-component---newResourceUnit--newRRUPage-anchBar-application-manageresources-display-component---newResourceUnit--resource-anchor\"]"}
RESULT: {"using":"xpath","value":"//*[@id=\"application-manageresources-display-component---newResourceUnit--newRRUPage-anchBar-application-manageresources-display-component---newResourceUnit--resource-anchor\"]"}
COMMAND: POST /session/130ef63994e902c9deb83fe717a4bbca/element/f.DBA113373209FD8E36DE67C53790246B.d.A9E4F82BFDD41351751DBE1F58005C74.e.3155/click - {}
RESULT: {}
COMMAND: POST /session/130ef63994e902c9deb83fe717a4bbca/execute/async - {"script":"<script> [1562 bytes]","args":[{"selector":{"id":"application-manageresources-display-component---newResourceUnit--PLANNED_DELIVERY_DATE","interaction":{"idSuffix":"inner"}},"wdio_ui5_key":"applicationmanageresources-display-component---newResourceUnit--PLANNED_DELIVERY_DATE"}]}
COMMAND: GET /session/130ef63994e902c9deb83fe717a4bbca/screenshot - {}
RESULT: {"script":"<script> [1562 bytes]","args":[{"selector":{"id":"application-manageresources-display-component---newResourceUnit--PLANNED_DELIVERY_DATE","interaction":{"idSuffix":"inner"}},"wdio_ui5_key":"applicationmanageresources-display-component---newResourceUnit--PLANNED_DELIVERY_DATE"}]}
RESULT: undefined
COMMAND: POST /session/130ef63994e902c9deb83fe717a4bbca/execute/async - {"script":"<script> [6424 bytes]","args":[{"element-6066-11e4-a52e-4f735466cecf":"f.DBA113373209FD8E36DE67C53790246B.d.A9E4F82BFDD41351751DBE1F58005C74.e.2984"},"setValue",["5/24/25"]]}
RESULT: {}
RESULT: {"script":"<script> [6424 bytes]","args":[{"element-6066-11e4-a52e-4f735466cecf":"f.DBA113373209FD8E36DE67C53790246B.d.A9E4F82BFDD41351751DBE1F58005C74.e.2984"},"setValue",["5/24/25"]]}
COMMAND: POST /session/130ef63994e902c9deb83fe717a4bbca/element - {"using":"xpath","value":"//label[contains(@class, 'sapMLabelRequired') and .//bdi[contains(text(), 'Planned Retirement')]]"}
RESULT: {"using":"xpath","value":"//label[contains(@class, 'sapMLabelRequired') and .//bdi[contains(text(), 'Planned Retirement')]]"}
COMMAND: POST /session/130ef63994e902c9deb83fe717a4bbca/elements - {"using":"xpath","value":"//label[contains(@class, 'sapMLabelRequired') and .//bdi[contains(text(), 'Planned Retirement')]]"}
RESULT: {"using":"xpath","value":"//label[contains(@class, 'sapMLabelRequired') and .//bdi[contains(text(), 'Planned Retirement')]]"}
COMMAND: POST /session/130ef63994e902c9deb83fe717a4bbca/element - {"using":"xpath","value":"//button[@data-kt=\"resourceUnitSaveButton\"]"}
RESULT: {"using":"xpath","value":"//button[@data-kt=\"resourceUnitSaveButton\"]"}
COMMAND: POST /session/130ef63994e902c9deb83fe717a4bbca/element/f.DBA113373209FD8E36DE67C53790246B.d.A9E4F82BFDD41351751DBE1F58005C74.e.2944/click - {}
RESULT: {}
COMMAND: GET /session/130ef63994e902c9deb83fe717a4bbca/screenshot - {}
RESULT: {}
COMMAND: POST /session/130ef63994e902c9deb83fe717a4bbca/element - {"using":"xpath","value":"//bdi[contains(text(), \"Close\")]"}
RESULT: {"using":"xpath","value":"//bdi[contains(text(), \"Close\")]"}
COMMAND: POST /session/130ef63994e902c9deb83fe717a4bbca/element/f.DBA113373209FD8E36DE67C53790246B.d.A9E4F82BFDD41351751DBE1F58005C74.e.3164/click - {}
RESULT: {}
COMMAND: GET /session/130ef63994e902c9deb83fe717a4bbca/screenshot - {}
RESULT: {}
COMMAND: POST /session/130ef63994e902c9deb83fe717a4bbca/element - {"using":"xpath","value":"(//button[contains(@id ,\"actionsToolbar-overflowButton\")])[1]"}
RESULT: {"using":"xpath","value":"(//button[contains(@id ,\"actionsToolbar-overflowButton\")])[1]"}
COMMAND: POST /session/130ef63994e902c9deb83fe717a4bbca/element/f.DBA113373209FD8E36DE67C53790246B.d.A9E4F82BFDD41351751DBE1F58005C74.e.3195/click - {}
RESULT: {}
COMMAND: GET /session/130ef63994e902c9deb83fe717a4bbca/screenshot - {}
RESULT: {}
COMMAND: POST /session/130ef63994e902c9deb83fe717a4bbca/element - {"using":"xpath","value":"//button[@data-kt=\"priceInfoButton\"]"}
RESULT: {"using":"xpath","value":"//button[@data-kt=\"priceInfoButton\"]"}
COMMAND: POST /session/130ef63994e902c9deb83fe717a4bbca/element/f.DBA113373209FD8E36DE67C53790246B.d.A9E4F82BFDD41351751DBE1F58005C74.e.3197/click - {}
RESULT: {}
COMMAND: GET /session/130ef63994e902c9deb83fe717a4bbca/screenshot - {}
RESULT: {}
]]></system-out>
    </testcase>
    <testcase classname="chrome.136_0_7103_93.windows.Billing_confirm_US117289" name="Should create new pricing rule" time="62.909">
      <system-out><![CDATA[
COMMAND: POST /session/130ef63994e902c9deb83fe717a4bbca/element - {"using":"xpath","value":"//button[@data-kt=\"addButton\"]"}
RESULT: {"using":"xpath","value":"//button[@data-kt=\"addButton\"]"}
COMMAND: POST /session/130ef63994e902c9deb83fe717a4bbca/elements - {"using":"xpath","value":"//button[@data-kt=\"addButton\"]"}
RESULT: {"using":"xpath","value":"//button[@data-kt=\"addButton\"]"}
COMMAND: POST /session/130ef63994e902c9deb83fe717a4bbca/element - {"using":"xpath","value":"//button[@data-kt=\"addButton\"]"}
RESULT: {"using":"xpath","value":"//button[@data-kt=\"addButton\"]"}
COMMAND: POST /session/130ef63994e902c9deb83fe717a4bbca/execute/sync - {"script":"<script> [8489 bytes]","args":[{"element-6066-11e4-a52e-4f735466cecf":"f.DBA113373209FD8E36DE67C53790246B.d.A9E4F82BFDD41351751DBE1F58005C74.e.3234","ELEMENT":"f.DBA113373209FD8E36DE67C53790246B.d.A9E4F82BFDD41351751DBE1F58005C74.e.3234"}]}
RESULT: {"script":"<script> [8489 bytes]","args":[{"element-6066-11e4-a52e-4f735466cecf":"f.DBA113373209FD8E36DE67C53790246B.d.A9E4F82BFDD41351751DBE1F58005C74.e.3234","ELEMENT":"f.DBA113373209FD8E36DE67C53790246B.d.A9E4F82BFDD41351751DBE1F58005C74.e.3234"}]}
COMMAND: GET /session/130ef63994e902c9deb83fe717a4bbca/element/f.DBA113373209FD8E36DE67C53790246B.d.A9E4F82BFDD41351751DBE1F58005C74.e.3234/enabled - {}
COMMAND: GET /session/130ef63994e902c9deb83fe717a4bbca/screenshot - {}
RESULT: {}
COMMAND: POST /session/130ef63994e902c9deb83fe717a4bbca/execute/sync - {"script":"<script> [8489 bytes]","args":[{"element-6066-11e4-a52e-4f735466cecf":"f.DBA113373209FD8E36DE67C53790246B.d.A9E4F82BFDD41351751DBE1F58005C74.e.3234","ELEMENT":"f.DBA113373209FD8E36DE67C53790246B.d.A9E4F82BFDD41351751DBE1F58005C74.e.3234"}]}
COMMAND: GET /session/130ef63994e902c9deb83fe717a4bbca/screenshot - {}
RESULT: {}
RESULT: {"script":"<script> [8489 bytes]","args":[{"element-6066-11e4-a52e-4f735466cecf":"f.DBA113373209FD8E36DE67C53790246B.d.A9E4F82BFDD41351751DBE1F58005C74.e.3234","ELEMENT":"f.DBA113373209FD8E36DE67C53790246B.d.A9E4F82BFDD41351751DBE1F58005C74.e.3234"}]}
COMMAND: POST /session/130ef63994e902c9deb83fe717a4bbca/execute/sync - {"script":"<script> [5351 bytes]","args":[{"element-6066-11e4-a52e-4f735466cecf":"f.DBA113373209FD8E36DE67C53790246B.d.A9E4F82BFDD41351751DBE1F58005C74.e.3234","ELEMENT":"f.DBA113373209FD8E36DE67C53790246B.d.A9E4F82BFDD41351751DBE1F58005C74.e.3234"}]}
COMMAND: GET /session/130ef63994e902c9deb83fe717a4bbca/screenshot - {}
RESULT: {}
RESULT: {"script":"<script> [5351 bytes]","args":[{"element-6066-11e4-a52e-4f735466cecf":"f.DBA113373209FD8E36DE67C53790246B.d.A9E4F82BFDD41351751DBE1F58005C74.e.3234","ELEMENT":"f.DBA113373209FD8E36DE67C53790246B.d.A9E4F82BFDD41351751DBE1F58005C74.e.3234"}]}
COMMAND: POST /session/130ef63994e902c9deb83fe717a4bbca/element/f.DBA113373209FD8E36DE67C53790246B.d.A9E4F82BFDD41351751DBE1F58005C74.e.3234/click - {}
COMMAND: GET /session/130ef63994e902c9deb83fe717a4bbca/screenshot - {}
RESULT: {}
RESULT: {}
RESULT: {}
COMMAND: GET /session/130ef63994e902c9deb83fe717a4bbca/screenshot - {}
RESULT: {}
COMMAND: POST /session/130ef63994e902c9deb83fe717a4bbca/execute/async - {"script":"<script> [1562 bytes]","args":[{"selector":{"controlType":"sap.m.Title","viewName":"etm.portal.ui.managepricingrules.view.NewItem","viewId":"application-managepricingrules-display-component---newInfoPriceItem","properties":{"text":"New Pricing Rules - Item Level"}},"wdio_ui5_key":"etmportal.ui.managepricingrules.view.NewItemsap.m.Title{\"text\":\"New Pricing Rules - Item Level\"}"}]}
RESULT: {"script":"<script> [1562 bytes]","args":[{"selector":{"controlType":"sap.m.Title","viewName":"etm.portal.ui.managepricingrules.view.NewItem","viewId":"application-managepricingrules-display-component---newInfoPriceItem","properties":{"text":"New Pricing Rules - Item Level"}},"wdio_ui5_key":"etmportal.ui.managepricingrules.view.NewItemsap.m.Title{\"text\":\"New Pricing Rules - Item Level\"}"}]}
RESULT: undefined
COMMAND: POST /session/130ef63994e902c9deb83fe717a4bbca/execute/async - {"script":"<script> [6424 bytes]","args":[{"element-6066-11e4-a52e-4f735466cecf":"f.DBA113373209FD8E36DE67C53790246B.d.A9E4F82BFDD41351751DBE1F58005C74.e.3307"},"getText",[]]}
RESULT: {"script":"<script> [6424 bytes]","args":[{"element-6066-11e4-a52e-4f735466cecf":"f.DBA113373209FD8E36DE67C53790246B.d.A9E4F82BFDD41351751DBE1F58005C74.e.3307"},"getText",[]]}
COMMAND: POST /session/130ef63994e902c9deb83fe717a4bbca/execute/async - {"script":"<script> [1562 bytes]","args":[{"selector":{"id":"application-managepricingrules-display-component---newInfoPriceItem--condValidTo","interaction":{"idSuffix":"inner"}},"wdio_ui5_key":"applicationmanagepricingrules-display-component---newInfoPriceItem--condValidTo"}]}
RESULT: {"script":"<script> [1562 bytes]","args":[{"selector":{"id":"application-managepricingrules-display-component---newInfoPriceItem--condValidTo","interaction":{"idSuffix":"inner"}},"wdio_ui5_key":"applicationmanagepricingrules-display-component---newInfoPriceItem--condValidTo"}]}
RESULT: undefined
COMMAND: POST /session/130ef63994e902c9deb83fe717a4bbca/execute/async - {"script":"<script> [776 bytes]","args":[{"enterText":"1/24/26","selector":{"id":"application-managepricingrules-display-component---newInfoPriceItem--condValidTo","interaction":{"idSuffix":"inner"}},"clearTextFirst":true,"interactionType":"ENTER_TEXT"}]}
RESULT: {"script":"<script> [776 bytes]","args":[{"enterText":"1/24/26","selector":{"id":"application-managepricingrules-display-component---newInfoPriceItem--condValidTo","interaction":{"idSuffix":"inner"}},"clearTextFirst":true,"interactionType":"ENTER_TEXT"}]}
COMMAND: POST /session/130ef63994e902c9deb83fe717a4bbca/execute/async - {"script":"<script> [1562 bytes]","args":[{"selector":{"id":"application-managepricingrules-display-component---newInfoPriceItem--billType-arrow"},"wdio_ui5_key":"applicationmanagepricingrules-display-component---newInfoPriceItem--billType-arrow"}]}
RESULT: {"script":"<script> [1562 bytes]","args":[{"selector":{"id":"application-managepricingrules-display-component---newInfoPriceItem--billType-arrow"},"wdio_ui5_key":"applicationmanagepricingrules-display-component---newInfoPriceItem--billType-arrow"}]}
RESULT: undefined
COMMAND: POST /session/130ef63994e902c9deb83fe717a4bbca/element - {"using":"xpath","value":"//*[@id=\"application-managepricingrules-display-component---newInfoPriceItem--billType-arrow\"]"}
RESULT: {"using":"xpath","value":"//*[@id=\"application-managepricingrules-display-component---newInfoPriceItem--billType-arrow\"]"}
COMMAND: POST /session/130ef63994e902c9deb83fe717a4bbca/element/f.DBA113373209FD8E36DE67C53790246B.d.A9E4F82BFDD41351751DBE1F58005C74.e.3364/click - {}
RESULT: {}
COMMAND: POST /session/130ef63994e902c9deb83fe717a4bbca/element - {"using":"xpath","value":"//span[contains(text(), \"TB - Time based\")]"}
COMMAND: GET /session/130ef63994e902c9deb83fe717a4bbca/screenshot - {}
RESULT: {"using":"xpath","value":"//span[contains(text(), \"TB - Time based\")]"}
COMMAND: POST /session/130ef63994e902c9deb83fe717a4bbca/element/f.DBA113373209FD8E36DE67C53790246B.d.A9E4F82BFDD41351751DBE1F58005C74.e.3406/click - {}
RESULT: {}
RESULT: {}
COMMAND: POST /session/130ef63994e902c9deb83fe717a4bbca/execute/async - {"script":"<script> [1562 bytes]","args":[{"selector":{"id":"application-managepricingrules-display-component---newInfoPriceItem--priceProc-arrow"},"wdio_ui5_key":"applicationmanagepricingrules-display-component---newInfoPriceItem--priceProc-arrow"}]}
COMMAND: GET /session/130ef63994e902c9deb83fe717a4bbca/screenshot - {}
RESULT: {"script":"<script> [1562 bytes]","args":[{"selector":{"id":"application-managepricingrules-display-component---newInfoPriceItem--priceProc-arrow"},"wdio_ui5_key":"applicationmanagepricingrules-display-component---newInfoPriceItem--priceProc-arrow"}]}
RESULT: undefined
COMMAND: POST /session/130ef63994e902c9deb83fe717a4bbca/element - {"using":"xpath","value":"//*[@id=\"application-managepricingrules-display-component---newInfoPriceItem--priceProc-arrow\"]"}
RESULT: {}
RESULT: {"using":"xpath","value":"//*[@id=\"application-managepricingrules-display-component---newInfoPriceItem--priceProc-arrow\"]"}
COMMAND: POST /session/130ef63994e902c9deb83fe717a4bbca/element/f.DBA113373209FD8E36DE67C53790246B.d.A9E4F82BFDD41351751DBE1F58005C74.e.3371/click - {}
RESULT: {}
COMMAND: POST /session/130ef63994e902c9deb83fe717a4bbca/element - {"using":"xpath","value":"//span[contains(text(), \"TBS - Time based standard\")]"}
COMMAND: GET /session/130ef63994e902c9deb83fe717a4bbca/screenshot - {}
RESULT: {"using":"xpath","value":"//span[contains(text(), \"TBS - Time based standard\")]"}
COMMAND: POST /session/130ef63994e902c9deb83fe717a4bbca/element/f.DBA113373209FD8E36DE67C53790246B.d.A9E4F82BFDD41351751DBE1F58005C74.e.3407/click - {}
RESULT: {}
RESULT: {}
COMMAND: POST /session/130ef63994e902c9deb83fe717a4bbca/execute/async - {"script":"<script> [1562 bytes]","args":[{"selector":{"id":"application-managepricingrules-display-component---newInfoPriceItem--calcBase-arrow"},"wdio_ui5_key":"applicationmanagepricingrules-display-component---newInfoPriceItem--calcBase-arrow"}]}
COMMAND: GET /session/130ef63994e902c9deb83fe717a4bbca/screenshot - {}
RESULT: {"script":"<script> [1562 bytes]","args":[{"selector":{"id":"application-managepricingrules-display-component---newInfoPriceItem--calcBase-arrow"},"wdio_ui5_key":"applicationmanagepricingrules-display-component---newInfoPriceItem--calcBase-arrow"}]}
RESULT: undefined
COMMAND: POST /session/130ef63994e902c9deb83fe717a4bbca/element - {"using":"xpath","value":"//*[@id=\"application-managepricingrules-display-component---newInfoPriceItem--calcBase-arrow\"]"}
RESULT: {}
RESULT: {"using":"xpath","value":"//*[@id=\"application-managepricingrules-display-component---newInfoPriceItem--calcBase-arrow\"]"}
COMMAND: POST /session/130ef63994e902c9deb83fe717a4bbca/element/f.DBA113373209FD8E36DE67C53790246B.d.A9E4F82BFDD41351751DBE1F58005C74.e.3378/click - {}
RESULT: {}
COMMAND: GET /session/130ef63994e902c9deb83fe717a4bbca/screenshot - {}
RESULT: {}
COMMAND: POST /session/130ef63994e902c9deb83fe717a4bbca/element - {"using":"xpath","value":"//span[contains(text(), \"0006 - TB(calendar days)\")]"}
RESULT: {"using":"xpath","value":"//span[contains(text(), \"0006 - TB(calendar days)\")]"}
COMMAND: POST /session/130ef63994e902c9deb83fe717a4bbca/element/f.DBA113373209FD8E36DE67C53790246B.d.A9E4F82BFDD41351751DBE1F58005C74.e.3408/click - {}
RESULT: {}
COMMAND: GET /session/130ef63994e902c9deb83fe717a4bbca/screenshot - {}
RESULT: {}
COMMAND: POST /session/130ef63994e902c9deb83fe717a4bbca/execute/async - {"script":"<script> [1562 bytes]","args":[{"selector":{"id":"application-managepricingrules-display-component---newInfoPriceItem--daysMonth","interaction":{"idSuffix":"inner"}},"wdio_ui5_key":"applicationmanagepricingrules-display-component---newInfoPriceItem--daysMonth"}]}
RESULT: {"script":"<script> [1562 bytes]","args":[{"selector":{"id":"application-managepricingrules-display-component---newInfoPriceItem--daysMonth","interaction":{"idSuffix":"inner"}},"wdio_ui5_key":"applicationmanagepricingrules-display-component---newInfoPriceItem--daysMonth"}]}
RESULT: undefined
COMMAND: POST /session/130ef63994e902c9deb83fe717a4bbca/execute/async - {"script":"<script> [776 bytes]","args":[{"enterText":"30","selector":{"id":"application-managepricingrules-display-component---newInfoPriceItem--daysMonth","interaction":{"idSuffix":"inner"}},"clearTextFirst":true,"interactionType":"ENTER_TEXT"}]}
RESULT: {"script":"<script> [776 bytes]","args":[{"enterText":"30","selector":{"id":"application-managepricingrules-display-component---newInfoPriceItem--daysMonth","interaction":{"idSuffix":"inner"}},"clearTextFirst":true,"interactionType":"ENTER_TEXT"}]}
COMMAND: POST /session/130ef63994e902c9deb83fe717a4bbca/element - {"using":"xpath","value":"//button[@data-kt=\"saveNewRuleButton\"]"}
RESULT: {"using":"xpath","value":"//button[@data-kt=\"saveNewRuleButton\"]"}
COMMAND: POST /session/130ef63994e902c9deb83fe717a4bbca/element/f.DBA113373209FD8E36DE67C53790246B.d.A9E4F82BFDD41351751DBE1F58005C74.e.3399/click - {}
RESULT: {}
COMMAND: GET /session/130ef63994e902c9deb83fe717a4bbca/screenshot - {}
RESULT: {}
COMMAND: POST /session/130ef63994e902c9deb83fe717a4bbca/execute/async - {"script":"<script> [1562 bytes]","args":[{"selector":{"id":"application-managepricingrules-display-component---priceInfoItem--smartFilterBar-btnBasicSearch","interaction":{"idSuffix":"I"}},"wdio_ui5_key":"applicationmanagepricingrules-display-component---priceInfoItem--smartFilterBar-btnBasicSearch"}]}
RESULT: {"script":"<script> [1562 bytes]","args":[{"selector":{"id":"application-managepricingrules-display-component---priceInfoItem--smartFilterBar-btnBasicSearch","interaction":{"idSuffix":"I"}},"wdio_ui5_key":"applicationmanagepricingrules-display-component---priceInfoItem--smartFilterBar-btnBasicSearch"}]}
RESULT: undefined
COMMAND: POST /session/130ef63994e902c9deb83fe717a4bbca/execute/async - {"script":"<script> [776 bytes]","args":[{"enterText":"R5BalNFm6d","selector":{"id":"application-managepricingrules-display-component---priceInfoItem--smartFilterBar-btnBasicSearch","interaction":{"idSuffix":"I"}},"clearTextFirst":true,"interactionType":"ENTER_TEXT"}]}
RESULT: {"script":"<script> [776 bytes]","args":[{"enterText":"R5BalNFm6d","selector":{"id":"application-managepricingrules-display-component---priceInfoItem--smartFilterBar-btnBasicSearch","interaction":{"idSuffix":"I"}},"clearTextFirst":true,"interactionType":"ENTER_TEXT"}]}
COMMAND: POST /session/130ef63994e902c9deb83fe717a4bbca/actions - {"actions":[{"id":"action13","type":"key","parameters":{},"actions":[{"type":"keyDown","value":""},{"type":"pause","duration":10},{"type":"keyUp","value":""}]}]}
RESULT: {"actions":[{"id":"action13","type":"key","parameters":{},"actions":[{"type":"keyDown","value":""},{"type":"pause","duration":10},{"type":"keyUp","value":""}]}]}
COMMAND: GET /session/130ef63994e902c9deb83fe717a4bbca/screenshot - {}
RESULT: {}
COMMAND: POST /session/130ef63994e902c9deb83fe717a4bbca/element - {"using":"xpath","value":"//span[@id=\"application-managepricingrules-display-component---priceInfoItem--smartTable-header-inner\"]"}
RESULT: {"using":"xpath","value":"//span[@id=\"application-managepricingrules-display-component---priceInfoItem--smartTable-header-inner\"]"}
COMMAND: POST /session/130ef63994e902c9deb83fe717a4bbca/elements - {"using":"xpath","value":"//span[@id=\"application-managepricingrules-display-component---priceInfoItem--smartTable-header-inner\"]"}
RESULT: {"using":"xpath","value":"//span[@id=\"application-managepricingrules-display-component---priceInfoItem--smartTable-header-inner\"]"}
COMMAND: POST /session/130ef63994e902c9deb83fe717a4bbca/execute/sync - {"script":"<script> [56 bytes]","args":[{"element-6066-11e4-a52e-4f735466cecf":"f.DBA113373209FD8E36DE67C53790246B.d.A9E4F82BFDD41351751DBE1F58005C74.e.3433","ELEMENT":"f.DBA113373209FD8E36DE67C53790246B.d.A9E4F82BFDD41351751DBE1F58005C74.e.3433"}]}
RESULT: {"script":"<script> [56 bytes]","args":[{"element-6066-11e4-a52e-4f735466cecf":"f.DBA113373209FD8E36DE67C53790246B.d.A9E4F82BFDD41351751DBE1F58005C74.e.3433","ELEMENT":"f.DBA113373209FD8E36DE67C53790246B.d.A9E4F82BFDD41351751DBE1F58005C74.e.3433"}]}
COMMAND: POST /session/130ef63994e902c9deb83fe717a4bbca/element - {"using":"css selector","value":"#shell-header-logo"}
COMMAND: GET /session/130ef63994e902c9deb83fe717a4bbca/screenshot - {}
RESULT: {"using":"css selector","value":"#shell-header-logo"}
COMMAND: POST /session/130ef63994e902c9deb83fe717a4bbca/element/f.DBA113373209FD8E36DE67C53790246B.d.A9E4F82BFDD41351751DBE1F58005C74.e.2727/click - {}
RESULT: {}
RESULT: {}
COMMAND: GET /session/130ef63994e902c9deb83fe717a4bbca/screenshot - {}
RESULT: {}
]]></system-out>
    </testcase>
    <testcase classname="chrome.136_0_7103_93.windows.Billing_confirm_US117289" name="Should create new condition for equipment" time="70.439">
      <system-out><![CDATA[
COMMAND: POST /session/130ef63994e902c9deb83fe717a4bbca/execute/async - {"script":"<script> [1562 bytes]","args":[{"selector":{"controlType":"sap.m.GenericTile","properties":{"header":"Manage Conditions & Prices"}},"wdio_ui5_key":"sapm.GenericTile{\"header\":\"Manage Conditions & Prices\"}"}]}
RESULT: {"script":"<script> [1562 bytes]","args":[{"selector":{"controlType":"sap.m.GenericTile","properties":{"header":"Manage Conditions & Prices"}},"wdio_ui5_key":"sapm.GenericTile{\"header\":\"Manage Conditions & Prices\"}"}]}
RESULT: undefined
COMMAND: POST /session/130ef63994e902c9deb83fe717a4bbca/element - {"using":"xpath","value":"//*[@id=\"__tile93\"]"}
RESULT: {"using":"xpath","value":"//*[@id=\"__tile93\"]"}
COMMAND: POST /session/130ef63994e902c9deb83fe717a4bbca/element/f.DBA113373209FD8E36DE67C53790246B.d.A9E4F82BFDD41351751DBE1F58005C74.e.2711/click - {}
RESULT: {}
COMMAND: GET /session/130ef63994e902c9deb83fe717a4bbca/screenshot - {}
RESULT: {}
COMMAND: POST /session/130ef63994e902c9deb83fe717a4bbca/elements - {"using":"xpath","value":"//span[text()='Error']"}
RESULT: {"using":"xpath","value":"//span[text()='Error']"}
COMMAND: POST /session/130ef63994e902c9deb83fe717a4bbca/element - {"using":"xpath","value":"//button[@aria-label=\"Create\"]"}
RESULT: {"using":"xpath","value":"//button[@aria-label=\"Create\"]"}
COMMAND: POST /session/130ef63994e902c9deb83fe717a4bbca/elements - {"using":"xpath","value":"//button[@aria-label=\"Create\"]"}
RESULT: {"using":"xpath","value":"//button[@aria-label=\"Create\"]"}
COMMAND: POST /session/130ef63994e902c9deb83fe717a4bbca/execute/sync - {"script":"<script> [8489 bytes]","args":[{"element-6066-11e4-a52e-4f735466cecf":"f.DBA113373209FD8E36DE67C53790246B.d.A9E4F82BFDD41351751DBE1F58005C74.e.3475","ELEMENT":"f.DBA113373209FD8E36DE67C53790246B.d.A9E4F82BFDD41351751DBE1F58005C74.e.3475"}]}
RESULT: {"script":"<script> [8489 bytes]","args":[{"element-6066-11e4-a52e-4f735466cecf":"f.DBA113373209FD8E36DE67C53790246B.d.A9E4F82BFDD41351751DBE1F58005C74.e.3475","ELEMENT":"f.DBA113373209FD8E36DE67C53790246B.d.A9E4F82BFDD41351751DBE1F58005C74.e.3475"}]}
COMMAND: GET /session/130ef63994e902c9deb83fe717a4bbca/element/f.DBA113373209FD8E36DE67C53790246B.d.A9E4F82BFDD41351751DBE1F58005C74.e.3475/enabled - {}
COMMAND: GET /session/130ef63994e902c9deb83fe717a4bbca/screenshot - {}
RESULT: {}
COMMAND: POST /session/130ef63994e902c9deb83fe717a4bbca/execute/sync - {"script":"<script> [8489 bytes]","args":[{"element-6066-11e4-a52e-4f735466cecf":"f.DBA113373209FD8E36DE67C53790246B.d.A9E4F82BFDD41351751DBE1F58005C74.e.3475","ELEMENT":"f.DBA113373209FD8E36DE67C53790246B.d.A9E4F82BFDD41351751DBE1F58005C74.e.3475"}]}
COMMAND: GET /session/130ef63994e902c9deb83fe717a4bbca/screenshot - {}
RESULT: {}
RESULT: {"script":"<script> [8489 bytes]","args":[{"element-6066-11e4-a52e-4f735466cecf":"f.DBA113373209FD8E36DE67C53790246B.d.A9E4F82BFDD41351751DBE1F58005C74.e.3475","ELEMENT":"f.DBA113373209FD8E36DE67C53790246B.d.A9E4F82BFDD41351751DBE1F58005C74.e.3475"}]}
COMMAND: POST /session/130ef63994e902c9deb83fe717a4bbca/execute/sync - {"script":"<script> [5351 bytes]","args":[{"element-6066-11e4-a52e-4f735466cecf":"f.DBA113373209FD8E36DE67C53790246B.d.A9E4F82BFDD41351751DBE1F58005C74.e.3475","ELEMENT":"f.DBA113373209FD8E36DE67C53790246B.d.A9E4F82BFDD41351751DBE1F58005C74.e.3475"}]}
COMMAND: GET /session/130ef63994e902c9deb83fe717a4bbca/screenshot - {}
RESULT: {}
RESULT: {"script":"<script> [5351 bytes]","args":[{"element-6066-11e4-a52e-4f735466cecf":"f.DBA113373209FD8E36DE67C53790246B.d.A9E4F82BFDD41351751DBE1F58005C74.e.3475","ELEMENT":"f.DBA113373209FD8E36DE67C53790246B.d.A9E4F82BFDD41351751DBE1F58005C74.e.3475"}]}
COMMAND: POST /session/130ef63994e902c9deb83fe717a4bbca/element/f.DBA113373209FD8E36DE67C53790246B.d.A9E4F82BFDD41351751DBE1F58005C74.e.3475/click - {}
COMMAND: GET /session/130ef63994e902c9deb83fe717a4bbca/screenshot - {}
RESULT: {}
RESULT: {}
COMMAND: GET /session/130ef63994e902c9deb83fe717a4bbca/screenshot - {}
RESULT: {}
RESULT: {}
COMMAND: POST /session/130ef63994e902c9deb83fe717a4bbca/actions - {"actions":[{"id":"action14","type":"key","parameters":{},"actions":[{"type":"keyDown","value":""},{"type":"pause","duration":10},{"type":"keyUp","value":""}]}]}
RESULT: {"actions":[{"id":"action14","type":"key","parameters":{},"actions":[{"type":"keyDown","value":""},{"type":"pause","duration":10},{"type":"keyUp","value":""}]}]}
COMMAND: GET /session/130ef63994e902c9deb83fe717a4bbca/screenshot - {}
RESULT: {}
COMMAND: POST /session/130ef63994e902c9deb83fe717a4bbca/execute/async - {"script":"<script> [1562 bytes]","args":[{"selector":{"id":"application-manageconditionprice-display-component---newCondition--condBillCond-arrow"},"wdio_ui5_key":"applicationmanageconditionprice-display-component---newCondition--condBillCond-arrow"}]}
RESULT: {"script":"<script> [1562 bytes]","args":[{"selector":{"id":"application-manageconditionprice-display-component---newCondition--condBillCond-arrow"},"wdio_ui5_key":"applicationmanageconditionprice-display-component---newCondition--condBillCond-arrow"}]}
RESULT: undefined
COMMAND: POST /session/130ef63994e902c9deb83fe717a4bbca/element - {"using":"xpath","value":"//*[@id=\"application-manageconditionprice-display-component---newCondition--condBillCond-arrow\"]"}
RESULT: {"using":"xpath","value":"//*[@id=\"application-manageconditionprice-display-component---newCondition--condBillCond-arrow\"]"}
COMMAND: POST /session/130ef63994e902c9deb83fe717a4bbca/element/f.DBA113373209FD8E36DE67C53790246B.d.A9E4F82BFDD41351751DBE1F58005C74.e.3661/click - {}
RESULT: {}
COMMAND: GET /session/130ef63994e902c9deb83fe717a4bbca/screenshot - {}
RESULT: {}
COMMAND: POST /session/130ef63994e902c9deb83fe717a4bbca/element - {"using":"xpath","value":"//li[.//span[contains(text(), \"DISP - D&I special price\")]]"}
RESULT: {"using":"xpath","value":"//li[.//span[contains(text(), \"DISP - D&I special price\")]]"}
COMMAND: POST /session/130ef63994e902c9deb83fe717a4bbca/element/f.DBA113373209FD8E36DE67C53790246B.d.A9E4F82BFDD41351751DBE1F58005C74.e.3664/click - {}
RESULT: {}
COMMAND: GET /session/130ef63994e902c9deb83fe717a4bbca/screenshot - {}
RESULT: {}
COMMAND: POST /session/130ef63994e902c9deb83fe717a4bbca/execute/async - {"script":"<script> [1562 bytes]","args":[{"selector":{"id":"application-manageconditionprice-display-component---newCondition--condValidTo","interaction":{"idSuffix":"inner"}},"wdio_ui5_key":"applicationmanageconditionprice-display-component---newCondition--condValidTo"}]}
RESULT: {"script":"<script> [1562 bytes]","args":[{"selector":{"id":"application-manageconditionprice-display-component---newCondition--condValidTo","interaction":{"idSuffix":"inner"}},"wdio_ui5_key":"applicationmanageconditionprice-display-component---newCondition--condValidTo"}]}
RESULT: undefined
COMMAND: POST /session/130ef63994e902c9deb83fe717a4bbca/execute/async - {"script":"<script> [776 bytes]","args":[{"enterText":"1/24/26","selector":{"id":"application-manageconditionprice-display-component---newCondition--condValidTo","interaction":{"idSuffix":"inner"}},"clearTextFirst":true,"interactionType":"ENTER_TEXT"}]}
RESULT: {"script":"<script> [776 bytes]","args":[{"enterText":"1/24/26","selector":{"id":"application-manageconditionprice-display-component---newCondition--condValidTo","interaction":{"idSuffix":"inner"}},"clearTextFirst":true,"interactionType":"ENTER_TEXT"}]}
COMMAND: POST /session/130ef63994e902c9deb83fe717a4bbca/element - {"using":"xpath","value":"//input[@id=\"application-manageconditionprice-display-component---newCondition--condRU-inner\"]"}
RESULT: {"using":"xpath","value":"//input[@id=\"application-manageconditionprice-display-component---newCondition--condRU-inner\"]"}
COMMAND: POST /session/130ef63994e902c9deb83fe717a4bbca/element/f.DBA113373209FD8E36DE67C53790246B.d.A9E4F82BFDD41351751DBE1F58005C74.e.3526/clear - {}
RESULT: {}
COMMAND: POST /session/130ef63994e902c9deb83fe717a4bbca/element/f.DBA113373209FD8E36DE67C53790246B.d.A9E4F82BFDD41351751DBE1F58005C74.e.3526/value - {"text":"R5BalNFm6d"}
COMMAND: GET /session/130ef63994e902c9deb83fe717a4bbca/screenshot - {}
RESULT: {"text":"R5BalNFm6d"}
COMMAND: GET /session/130ef63994e902c9deb83fe717a4bbca/screenshot - {}
RESULT: {}
RESULT: {}
COMMAND: POST /session/130ef63994e902c9deb83fe717a4bbca/actions - {"actions":[{"id":"action15","type":"key","parameters":{},"actions":[{"type":"keyDown","value":""},{"type":"pause","duration":10},{"type":"keyUp","value":""}]}]}
RESULT: {"actions":[{"id":"action15","type":"key","parameters":{},"actions":[{"type":"keyDown","value":""},{"type":"pause","duration":10},{"type":"keyUp","value":""}]}]}
COMMAND: POST /session/130ef63994e902c9deb83fe717a4bbca/execute/async - {"script":"<script> [1562 bytes]","args":[{"selector":{"id":"application-manageconditionprice-display-component---newCondition--condBaseQty","interaction":{"idSuffix":"inner"}},"wdio_ui5_key":"applicationmanageconditionprice-display-component---newCondition--condBaseQty"}]}
COMMAND: GET /session/130ef63994e902c9deb83fe717a4bbca/screenshot - {}
RESULT: {"script":"<script> [1562 bytes]","args":[{"selector":{"id":"application-manageconditionprice-display-component---newCondition--condBaseQty","interaction":{"idSuffix":"inner"}},"wdio_ui5_key":"applicationmanageconditionprice-display-component---newCondition--condBaseQty"}]}
RESULT: undefined
COMMAND: POST /session/130ef63994e902c9deb83fe717a4bbca/execute/async - {"script":"<script> [776 bytes]","args":[{"enterText":"1","selector":{"id":"application-manageconditionprice-display-component---newCondition--condBaseQty","interaction":{"idSuffix":"inner"}},"clearTextFirst":true,"interactionType":"ENTER_TEXT"}]}
RESULT: {}
RESULT: {"script":"<script> [776 bytes]","args":[{"enterText":"1","selector":{"id":"application-manageconditionprice-display-component---newCondition--condBaseQty","interaction":{"idSuffix":"inner"}},"clearTextFirst":true,"interactionType":"ENTER_TEXT"}]}
COMMAND: POST /session/130ef63994e902c9deb83fe717a4bbca/execute/async - {"script":"<script> [1562 bytes]","args":[{"selector":{"id":"application-manageconditionprice-display-component---newCondition--condValue","interaction":{"idSuffix":"inner"}},"wdio_ui5_key":"applicationmanageconditionprice-display-component---newCondition--condValue"}]}
RESULT: {"script":"<script> [1562 bytes]","args":[{"selector":{"id":"application-manageconditionprice-display-component---newCondition--condValue","interaction":{"idSuffix":"inner"}},"wdio_ui5_key":"applicationmanageconditionprice-display-component---newCondition--condValue"}]}
RESULT: undefined
COMMAND: POST /session/130ef63994e902c9deb83fe717a4bbca/execute/async - {"script":"<script> [776 bytes]","args":[{"enterText":"100","selector":{"id":"application-manageconditionprice-display-component---newCondition--condValue","interaction":{"idSuffix":"inner"}},"clearTextFirst":true,"interactionType":"ENTER_TEXT"}]}
RESULT: {"script":"<script> [776 bytes]","args":[{"enterText":"100","selector":{"id":"application-manageconditionprice-display-component---newCondition--condValue","interaction":{"idSuffix":"inner"}},"clearTextFirst":true,"interactionType":"ENTER_TEXT"}]}
COMMAND: POST /session/130ef63994e902c9deb83fe717a4bbca/execute/async - {"script":"<script> [1562 bytes]","args":[{"selector":{"id":"application-manageconditionprice-display-component---newCondition--condCurr-arrow"},"wdio_ui5_key":"applicationmanageconditionprice-display-component---newCondition--condCurr-arrow"}]}
RESULT: {"script":"<script> [1562 bytes]","args":[{"selector":{"id":"application-manageconditionprice-display-component---newCondition--condCurr-arrow"},"wdio_ui5_key":"applicationmanageconditionprice-display-component---newCondition--condCurr-arrow"}]}
RESULT: undefined
COMMAND: POST /session/130ef63994e902c9deb83fe717a4bbca/element - {"using":"xpath","value":"//*[@id=\"application-manageconditionprice-display-component---newCondition--condCurr-arrow\"]"}
RESULT: {"using":"xpath","value":"//*[@id=\"application-manageconditionprice-display-component---newCondition--condCurr-arrow\"]"}
COMMAND: POST /session/130ef63994e902c9deb83fe717a4bbca/element/f.DBA113373209FD8E36DE67C53790246B.d.A9E4F82BFDD41351751DBE1F58005C74.e.3633/click - {}
RESULT: {}
COMMAND: POST /session/130ef63994e902c9deb83fe717a4bbca/element - {"using":"xpath","value":"//span[contains(text(), \"Euro\")]"}
COMMAND: GET /session/130ef63994e902c9deb83fe717a4bbca/screenshot - {}
RESULT: {"using":"xpath","value":"//span[contains(text(), \"Euro\")]"}
COMMAND: POST /session/130ef63994e902c9deb83fe717a4bbca/element/f.DBA113373209FD8E36DE67C53790246B.d.A9E4F82BFDD41351751DBE1F58005C74.e.3701/click - {}
RESULT: {}
RESULT: {}
COMMAND: POST /session/130ef63994e902c9deb83fe717a4bbca/element - {"using":"xpath","value":"//button[@data-kt=\"saveButton\"]"}
COMMAND: GET /session/130ef63994e902c9deb83fe717a4bbca/screenshot - {}
RESULT: {"using":"xpath","value":"//button[@data-kt=\"saveButton\"]"}
COMMAND: POST /session/130ef63994e902c9deb83fe717a4bbca/element/f.DBA113373209FD8E36DE67C53790246B.d.A9E4F82BFDD41351751DBE1F58005C74.e.3634/click - {}
RESULT: {}
RESULT: {}
COMMAND: GET /session/130ef63994e902c9deb83fe717a4bbca/screenshot - {}
RESULT: {}
COMMAND: POST /session/130ef63994e902c9deb83fe717a4bbca/execute/async - {"script":"<script> [1562 bytes]","args":[{"selector":{"id":"application-manageconditionprice-display-component---conditions--smartFilterBar-btnBasicSearch","interaction":{"idSuffix":"I"}},"wdio_ui5_key":"applicationmanageconditionprice-display-component---conditions--smartFilterBar-btnBasicSearch"}]}
RESULT: {"script":"<script> [1562 bytes]","args":[{"selector":{"id":"application-manageconditionprice-display-component---conditions--smartFilterBar-btnBasicSearch","interaction":{"idSuffix":"I"}},"wdio_ui5_key":"applicationmanageconditionprice-display-component---conditions--smartFilterBar-btnBasicSearch"}]}
RESULT: undefined
COMMAND: POST /session/130ef63994e902c9deb83fe717a4bbca/execute/async - {"script":"<script> [776 bytes]","args":[{"enterText":"R5BalNFm6d","selector":{"id":"application-manageconditionprice-display-component---conditions--smartFilterBar-btnBasicSearch","interaction":{"idSuffix":"I"}},"clearTextFirst":true,"interactionType":"ENTER_TEXT"}]}
RESULT: {"script":"<script> [776 bytes]","args":[{"enterText":"R5BalNFm6d","selector":{"id":"application-manageconditionprice-display-component---conditions--smartFilterBar-btnBasicSearch","interaction":{"idSuffix":"I"}},"clearTextFirst":true,"interactionType":"ENTER_TEXT"}]}
COMMAND: POST /session/130ef63994e902c9deb83fe717a4bbca/actions - {"actions":[{"id":"action16","type":"key","parameters":{},"actions":[{"type":"keyDown","value":""},{"type":"pause","duration":10},{"type":"keyUp","value":""}]}]}
RESULT: {"actions":[{"id":"action16","type":"key","parameters":{},"actions":[{"type":"keyDown","value":""},{"type":"pause","duration":10},{"type":"keyUp","value":""}]}]}
COMMAND: GET /session/130ef63994e902c9deb83fe717a4bbca/screenshot - {}
RESULT: {}
COMMAND: POST /session/130ef63994e902c9deb83fe717a4bbca/execute/async - {"script":"<script> [1562 bytes]","args":[{"selector":{"id":"application-manageconditionprice-display-component---conditions--smartFilterBar-filterItemControl_BASIC-BILL_TYPES-vhi"},"wdio_ui5_key":"applicationmanageconditionprice-display-component---conditions--smartFilterBar-filterItemControl_BASIC-BILL_TYPES-vhi"}]}
RESULT: {"script":"<script> [1562 bytes]","args":[{"selector":{"id":"application-manageconditionprice-display-component---conditions--smartFilterBar-filterItemControl_BASIC-BILL_TYPES-vhi"},"wdio_ui5_key":"applicationmanageconditionprice-display-component---conditions--smartFilterBar-filterItemControl_BASIC-BILL_TYPES-vhi"}]}
RESULT: undefined
COMMAND: POST /session/130ef63994e902c9deb83fe717a4bbca/element - {"using":"xpath","value":"//*[@id=\"application-manageconditionprice-display-component---conditions--smartFilterBar-filterItemControl_BASIC-BILL_TYPES-vhi\"]"}
RESULT: {"using":"xpath","value":"//*[@id=\"application-manageconditionprice-display-component---conditions--smartFilterBar-filterItemControl_BASIC-BILL_TYPES-vhi\"]"}
COMMAND: POST /session/130ef63994e902c9deb83fe717a4bbca/element/f.DBA113373209FD8E36DE67C53790246B.d.A9E4F82BFDD41351751DBE1F58005C74.e.3807/click - {}
RESULT: {}
COMMAND: POST /session/130ef63994e902c9deb83fe717a4bbca/execute/async - {"script":"<script> [1562 bytes]","args":[{"selector":{"id":"application-manageconditionprice-display-component---conditions--smartFilterBar-filterItemControl_BASIC-BILL_TYPES-valueHelpDialog-smartFilterBar-btnBasicSearch","searchOpenDialogs":true,"interaction":{"idSuffix":"I"}},"wdio_ui5_key":"applicationmanageconditionprice-display-component---conditions--smartFilterBar-filterItemControl_BASIC-BILL_TYPES-valueHelpDialog-smartFilterBar-btnBasicSearch"}]}
COMMAND: GET /session/130ef63994e902c9deb83fe717a4bbca/screenshot - {}
RESULT: {"script":"<script> [1562 bytes]","args":[{"selector":{"id":"application-manageconditionprice-display-component---conditions--smartFilterBar-filterItemControl_BASIC-BILL_TYPES-valueHelpDialog-smartFilterBar-btnBasicSearch","searchOpenDialogs":true,"interaction":{"idSuffix":"I"}},"wdio_ui5_key":"applicationmanageconditionprice-display-component---conditions--smartFilterBar-filterItemControl_BASIC-BILL_TYPES-valueHelpDialog-smartFilterBar-btnBasicSearch"}]}
RESULT: undefined
COMMAND: POST /session/130ef63994e902c9deb83fe717a4bbca/execute/async - {"script":"<script> [776 bytes]","args":[{"enterText":"TB","selector":{"id":"application-manageconditionprice-display-component---conditions--smartFilterBar-filterItemControl_BASIC-BILL_TYPES-valueHelpDialog-smartFilterBar-btnBasicSearch","searchOpenDialogs":true,"interaction":{"idSuffix":"I"}},"clearTextFirst":true,"interactionType":"ENTER_TEXT"}]}
RESULT: {}
RESULT: {"script":"<script> [776 bytes]","args":[{"enterText":"TB","selector":{"id":"application-manageconditionprice-display-component---conditions--smartFilterBar-filterItemControl_BASIC-BILL_TYPES-valueHelpDialog-smartFilterBar-btnBasicSearch","searchOpenDialogs":true,"interaction":{"idSuffix":"I"}},"clearTextFirst":true,"interactionType":"ENTER_TEXT"}]}
COMMAND: POST /session/130ef63994e902c9deb83fe717a4bbca/actions - {"actions":[{"id":"action17","type":"key","parameters":{},"actions":[{"type":"keyDown","value":""},{"type":"pause","duration":10},{"type":"keyUp","value":""}]}]}
RESULT: {"actions":[{"id":"action17","type":"key","parameters":{},"actions":[{"type":"keyDown","value":""},{"type":"pause","duration":10},{"type":"keyUp","value":""}]}]}
COMMAND: GET /session/130ef63994e902c9deb83fe717a4bbca/screenshot - {}
RESULT: {}
COMMAND: POST /session/130ef63994e902c9deb83fe717a4bbca/element - {"using":"xpath","value":"//div[contains(@id, 'application-manageconditionprice-display-component---conditions--smartFilterBar-filterItemControl_BASIC-BILL_TYPES-valueHelpDialog-table-rowsel0')]"}
RESULT: {"using":"xpath","value":"//div[contains(@id, 'application-manageconditionprice-display-component---conditions--smartFilterBar-filterItemControl_BASIC-BILL_TYPES-valueHelpDialog-table-rowsel0')]"}
COMMAND: POST /session/130ef63994e902c9deb83fe717a4bbca/element/f.DBA113373209FD8E36DE67C53790246B.d.A9E4F82BFDD41351751DBE1F58005C74.e.3816/click - {}
RESULT: {}
COMMAND: GET /session/130ef63994e902c9deb83fe717a4bbca/screenshot - {}
RESULT: {}
COMMAND: POST /session/130ef63994e902c9deb83fe717a4bbca/element - {"using":"xpath","value":"//bdi[contains(text(), \"OK\")]"}
RESULT: {"using":"xpath","value":"//bdi[contains(text(), \"OK\")]"}
COMMAND: POST /session/130ef63994e902c9deb83fe717a4bbca/element/f.DBA113373209FD8E36DE67C53790246B.d.A9E4F82BFDD41351751DBE1F58005C74.e.3818/click - {}
RESULT: {}
COMMAND: GET /session/130ef63994e902c9deb83fe717a4bbca/screenshot - {}
RESULT: {}
COMMAND: POST /session/130ef63994e902c9deb83fe717a4bbca/element - {"using":"xpath","value":"//span[@id=\"application-manageconditionprice-display-component---conditions--smartTable-header-inner\"]"}
RESULT: {"using":"xpath","value":"//span[@id=\"application-manageconditionprice-display-component---conditions--smartTable-header-inner\"]"}
COMMAND: POST /session/130ef63994e902c9deb83fe717a4bbca/elements - {"using":"xpath","value":"//span[@id=\"application-manageconditionprice-display-component---conditions--smartTable-header-inner\"]"}
RESULT: {"using":"xpath","value":"//span[@id=\"application-manageconditionprice-display-component---conditions--smartTable-header-inner\"]"}
COMMAND: POST /session/130ef63994e902c9deb83fe717a4bbca/execute/sync - {"script":"<script> [56 bytes]","args":[{"element-6066-11e4-a52e-4f735466cecf":"f.DBA113373209FD8E36DE67C53790246B.d.A9E4F82BFDD41351751DBE1F58005C74.e.3821","ELEMENT":"f.DBA113373209FD8E36DE67C53790246B.d.A9E4F82BFDD41351751DBE1F58005C74.e.3821"}]}
RESULT: {"script":"<script> [56 bytes]","args":[{"element-6066-11e4-a52e-4f735466cecf":"f.DBA113373209FD8E36DE67C53790246B.d.A9E4F82BFDD41351751DBE1F58005C74.e.3821","ELEMENT":"f.DBA113373209FD8E36DE67C53790246B.d.A9E4F82BFDD41351751DBE1F58005C74.e.3821"}]}
COMMAND: POST /session/130ef63994e902c9deb83fe717a4bbca/element - {"using":"css selector","value":"#shell-header-logo"}
COMMAND: GET /session/130ef63994e902c9deb83fe717a4bbca/screenshot - {}
RESULT: {"using":"css selector","value":"#shell-header-logo"}
COMMAND: POST /session/130ef63994e902c9deb83fe717a4bbca/element/f.DBA113373209FD8E36DE67C53790246B.d.A9E4F82BFDD41351751DBE1F58005C74.e.3438/click - {}
RESULT: {}
RESULT: {}
COMMAND: GET /session/130ef63994e902c9deb83fe717a4bbca/screenshot - {}
RESULT: {}
]]></system-out>
    </testcase>
    <testcase classname="chrome.136_0_7103_93.windows.Billing_confirm_US117289" name="Should do a stock increase" time="93.924">
      <system-out><![CDATA[
COMMAND: POST /session/130ef63994e902c9deb83fe717a4bbca/execute/async - {"script":"<script> [1562 bytes]","args":[{"selector":{"controlType":"sap.m.GenericTile","properties":{"header":"Manage Handovers"}},"wdio_ui5_key":"sapm.GenericTile{\"header\":\"Manage Handovers\"}"}]}
RESULT: {"script":"<script> [1562 bytes]","args":[{"selector":{"controlType":"sap.m.GenericTile","properties":{"header":"Manage Handovers"}},"wdio_ui5_key":"sapm.GenericTile{\"header\":\"Manage Handovers\"}"}]}
RESULT: undefined
COMMAND: POST /session/130ef63994e902c9deb83fe717a4bbca/element - {"using":"xpath","value":"//*[@id=\"__tile131\"]"}
RESULT: {"using":"xpath","value":"//*[@id=\"__tile131\"]"}
COMMAND: POST /session/130ef63994e902c9deb83fe717a4bbca/element/f.DBA113373209FD8E36DE67C53790246B.d.A9E4F82BFDD41351751DBE1F58005C74.e.2675/click - {}
RESULT: {}
COMMAND: GET /session/130ef63994e902c9deb83fe717a4bbca/screenshot - {}
RESULT: {}
COMMAND: POST /session/130ef63994e902c9deb83fe717a4bbca/elements - {"using":"xpath","value":"//span[text()='Error']"}
RESULT: {"using":"xpath","value":"//span[text()='Error']"}
COMMAND: POST /session/130ef63994e902c9deb83fe717a4bbca/element - {"using":"xpath","value":"//button[@data-kt=\"masterHOAddButton\"]"}
RESULT: {"using":"xpath","value":"//button[@data-kt=\"masterHOAddButton\"]"}
COMMAND: POST /session/130ef63994e902c9deb83fe717a4bbca/elements - {"using":"xpath","value":"//button[@data-kt=\"masterHOAddButton\"]"}
RESULT: {"using":"xpath","value":"//button[@data-kt=\"masterHOAddButton\"]"}
COMMAND: POST /session/130ef63994e902c9deb83fe717a4bbca/execute/sync - {"script":"<script> [8489 bytes]","args":[{"element-6066-11e4-a52e-4f735466cecf":"f.DBA113373209FD8E36DE67C53790246B.d.A9E4F82BFDD41351751DBE1F58005C74.e.3863","ELEMENT":"f.DBA113373209FD8E36DE67C53790246B.d.A9E4F82BFDD41351751DBE1F58005C74.e.3863"}]}
RESULT: {"script":"<script> [8489 bytes]","args":[{"element-6066-11e4-a52e-4f735466cecf":"f.DBA113373209FD8E36DE67C53790246B.d.A9E4F82BFDD41351751DBE1F58005C74.e.3863","ELEMENT":"f.DBA113373209FD8E36DE67C53790246B.d.A9E4F82BFDD41351751DBE1F58005C74.e.3863"}]}
COMMAND: GET /session/130ef63994e902c9deb83fe717a4bbca/element/f.DBA113373209FD8E36DE67C53790246B.d.A9E4F82BFDD41351751DBE1F58005C74.e.3863/enabled - {}
COMMAND: GET /session/130ef63994e902c9deb83fe717a4bbca/screenshot - {}
RESULT: {}
COMMAND: POST /session/130ef63994e902c9deb83fe717a4bbca/execute/sync - {"script":"<script> [8489 bytes]","args":[{"element-6066-11e4-a52e-4f735466cecf":"f.DBA113373209FD8E36DE67C53790246B.d.A9E4F82BFDD41351751DBE1F58005C74.e.3863","ELEMENT":"f.DBA113373209FD8E36DE67C53790246B.d.A9E4F82BFDD41351751DBE1F58005C74.e.3863"}]}
COMMAND: GET /session/130ef63994e902c9deb83fe717a4bbca/screenshot - {}
RESULT: {}
RESULT: {"script":"<script> [8489 bytes]","args":[{"element-6066-11e4-a52e-4f735466cecf":"f.DBA113373209FD8E36DE67C53790246B.d.A9E4F82BFDD41351751DBE1F58005C74.e.3863","ELEMENT":"f.DBA113373209FD8E36DE67C53790246B.d.A9E4F82BFDD41351751DBE1F58005C74.e.3863"}]}
COMMAND: POST /session/130ef63994e902c9deb83fe717a4bbca/execute/sync - {"script":"<script> [5351 bytes]","args":[{"element-6066-11e4-a52e-4f735466cecf":"f.DBA113373209FD8E36DE67C53790246B.d.A9E4F82BFDD41351751DBE1F58005C74.e.3863","ELEMENT":"f.DBA113373209FD8E36DE67C53790246B.d.A9E4F82BFDD41351751DBE1F58005C74.e.3863"}]}
COMMAND: GET /session/130ef63994e902c9deb83fe717a4bbca/screenshot - {}
RESULT: {}
RESULT: {"script":"<script> [5351 bytes]","args":[{"element-6066-11e4-a52e-4f735466cecf":"f.DBA113373209FD8E36DE67C53790246B.d.A9E4F82BFDD41351751DBE1F58005C74.e.3863","ELEMENT":"f.DBA113373209FD8E36DE67C53790246B.d.A9E4F82BFDD41351751DBE1F58005C74.e.3863"}]}
COMMAND: POST /session/130ef63994e902c9deb83fe717a4bbca/element/f.DBA113373209FD8E36DE67C53790246B.d.A9E4F82BFDD41351751DBE1F58005C74.e.3863/click - {}
COMMAND: GET /session/130ef63994e902c9deb83fe717a4bbca/screenshot - {}
RESULT: {}
RESULT: {}
COMMAND: GET /session/130ef63994e902c9deb83fe717a4bbca/screenshot - {}
COMMAND: POST /session/130ef63994e902c9deb83fe717a4bbca/element - {"using":"xpath","value":"//span[contains(@id ,\"AddNewHO--typeSelect-arrow\")]"}
RESULT: {}
RESULT: {}
RESULT: {"using":"xpath","value":"//span[contains(@id ,\"AddNewHO--typeSelect-arrow\")]"}
COMMAND: POST /session/130ef63994e902c9deb83fe717a4bbca/element/f.DBA113373209FD8E36DE67C53790246B.d.A9E4F82BFDD41351751DBE1F58005C74.e.4205/click - {}
RESULT: {}
COMMAND: GET /session/130ef63994e902c9deb83fe717a4bbca/screenshot - {}
RESULT: {}
COMMAND: POST /session/130ef63994e902c9deb83fe717a4bbca/element - {"using":"xpath","value":"(//li[contains(text(), \"stock increase yard\")])[1]"}
RESULT: {"using":"xpath","value":"(//li[contains(text(), \"stock increase yard\")])[1]"}
COMMAND: POST /session/130ef63994e902c9deb83fe717a4bbca/element/f.DBA113373209FD8E36DE67C53790246B.d.A9E4F82BFDD41351751DBE1F58005C74.e.4206/click - {}
RESULT: {}
COMMAND: GET /session/130ef63994e902c9deb83fe717a4bbca/screenshot - {}
RESULT: {}
COMMAND: POST /session/130ef63994e902c9deb83fe717a4bbca/execute/async - {"script":"<script> [1562 bytes]","args":[{"selector":{"id":"application-managehandovers-display-component---AddNewHO--dueDate","interaction":{"idSuffix":"inner"}},"wdio_ui5_key":"applicationmanagehandovers-display-component---AddNewHO--dueDate"}]}
RESULT: {"script":"<script> [1562 bytes]","args":[{"selector":{"id":"application-managehandovers-display-component---AddNewHO--dueDate","interaction":{"idSuffix":"inner"}},"wdio_ui5_key":"applicationmanagehandovers-display-component---AddNewHO--dueDate"}]}
RESULT: undefined
COMMAND: POST /session/130ef63994e902c9deb83fe717a4bbca/execute/async - {"script":"<script> [6424 bytes]","args":[{"element-6066-11e4-a52e-4f735466cecf":"f.DBA113373209FD8E36DE67C53790246B.d.A9E4F82BFDD41351751DBE1F58005C74.e.4210"},"setValue",["5/24/25"]]}
RESULT: {"script":"<script> [6424 bytes]","args":[{"element-6066-11e4-a52e-4f735466cecf":"f.DBA113373209FD8E36DE67C53790246B.d.A9E4F82BFDD41351751DBE1F58005C74.e.4210"},"setValue",["5/24/25"]]}
COMMAND: POST /session/130ef63994e902c9deb83fe717a4bbca/element - {"using":"xpath","value":"//input[@id=\"generalSectionFrg--receiveYard-inner\"]"}
RESULT: {"using":"xpath","value":"//input[@id=\"generalSectionFrg--receiveYard-inner\"]"}
COMMAND: POST /session/130ef63994e902c9deb83fe717a4bbca/element/f.DBA113373209FD8E36DE67C53790246B.d.A9E4F82BFDD41351751DBE1F58005C74.e.4216/clear - {}
RESULT: {}
COMMAND: POST /session/130ef63994e902c9deb83fe717a4bbca/element/f.DBA113373209FD8E36DE67C53790246B.d.A9E4F82BFDD41351751DBE1F58005C74.e.4216/value - {"text":"254"}
COMMAND: GET /session/130ef63994e902c9deb83fe717a4bbca/screenshot - {}
RESULT: {"text":"254"}
COMMAND: GET /session/130ef63994e902c9deb83fe717a4bbca/screenshot - {}
RESULT: {}
RESULT: {}
COMMAND: POST /session/130ef63994e902c9deb83fe717a4bbca/element - {"using":"xpath","value":"//li[.//span[text()='254']]"}
RESULT: {"using":"xpath","value":"//li[.//span[text()='254']]"}
COMMAND: POST /session/130ef63994e902c9deb83fe717a4bbca/element/f.DBA113373209FD8E36DE67C53790246B.d.A9E4F82BFDD41351751DBE1F58005C74.e.4232/click - {}
RESULT: {}
COMMAND: GET /session/130ef63994e902c9deb83fe717a4bbca/screenshot - {}
RESULT: {}
COMMAND: POST /session/130ef63994e902c9deb83fe717a4bbca/execute/async - {"script":"<script> [1562 bytes]","args":[{"selector":{"id":"application-managehandovers-display-component---AddNewHO--ObjectPageLayout-anchBar-application-managehandovers-display-component---AddNewHO--section4-anchor","interaction":{"idSuffix":"BDI-content"}},"wdio_ui5_key":"applicationmanagehandovers-display-component---AddNewHO--ObjectPageLayout-anchBar-application-managehandovers-display-component---AddNewHO--section4-anchor"}]}
RESULT: {"script":"<script> [1562 bytes]","args":[{"selector":{"id":"application-managehandovers-display-component---AddNewHO--ObjectPageLayout-anchBar-application-managehandovers-display-component---AddNewHO--section4-anchor","interaction":{"idSuffix":"BDI-content"}},"wdio_ui5_key":"applicationmanagehandovers-display-component---AddNewHO--ObjectPageLayout-anchBar-application-managehandovers-display-component---AddNewHO--section4-anchor"}]}
RESULT: undefined
COMMAND: POST /session/130ef63994e902c9deb83fe717a4bbca/element - {"using":"xpath","value":"//*[@id=\"application-managehandovers-display-component---AddNewHO--ObjectPageLayout-anchBar-application-managehandovers-display-component---AddNewHO--section4-anchor\"]"}
RESULT: {"using":"xpath","value":"//*[@id=\"application-managehandovers-display-component---AddNewHO--ObjectPageLayout-anchBar-application-managehandovers-display-component---AddNewHO--section4-anchor\"]"}
COMMAND: POST /session/130ef63994e902c9deb83fe717a4bbca/element/f.DBA113373209FD8E36DE67C53790246B.d.A9E4F82BFDD41351751DBE1F58005C74.e.4234/click - {}
RESULT: {}
COMMAND: POST /session/130ef63994e902c9deb83fe717a4bbca/element - {"using":"xpath","value":"//button[@aria-label=\"Add\"]"}
COMMAND: GET /session/130ef63994e902c9deb83fe717a4bbca/screenshot - {}
RESULT: {"using":"xpath","value":"//button[@aria-label=\"Add\"]"}
COMMAND: POST /session/130ef63994e902c9deb83fe717a4bbca/element/f.DBA113373209FD8E36DE67C53790246B.d.A9E4F82BFDD41351751DBE1F58005C74.e.4238/click - {}
RESULT: {}
RESULT: {}
COMMAND: GET /session/130ef63994e902c9deb83fe717a4bbca/screenshot - {}
RESULT: {}
COMMAND: POST /session/130ef63994e902c9deb83fe717a4bbca/execute/async - {"script":"<script> [1562 bytes]","args":[{"selector":{"id":"application-managehandovers-display-component---AddNewHO--smartFilterBar-btnBasicSearch","searchOpenDialogs":true,"interaction":{"idSuffix":"I"}},"wdio_ui5_key":"applicationmanagehandovers-display-component---AddNewHO--smartFilterBar-btnBasicSearch"}]}
RESULT: {"script":"<script> [1562 bytes]","args":[{"selector":{"id":"application-managehandovers-display-component---AddNewHO--smartFilterBar-btnBasicSearch","searchOpenDialogs":true,"interaction":{"idSuffix":"I"}},"wdio_ui5_key":"applicationmanagehandovers-display-component---AddNewHO--smartFilterBar-btnBasicSearch"}]}
RESULT: undefined
COMMAND: POST /session/130ef63994e902c9deb83fe717a4bbca/execute/async - {"script":"<script> [776 bytes]","args":[{"enterText":"R5BalNFm6d","selector":{"id":"application-managehandovers-display-component---AddNewHO--smartFilterBar-btnBasicSearch","searchOpenDialogs":true,"interaction":{"idSuffix":"I"}},"clearTextFirst":true,"interactionType":"ENTER_TEXT"}]}
RESULT: {"script":"<script> [776 bytes]","args":[{"enterText":"R5BalNFm6d","selector":{"id":"application-managehandovers-display-component---AddNewHO--smartFilterBar-btnBasicSearch","searchOpenDialogs":true,"interaction":{"idSuffix":"I"}},"clearTextFirst":true,"interactionType":"ENTER_TEXT"}]}
COMMAND: POST /session/130ef63994e902c9deb83fe717a4bbca/actions - {"actions":[{"id":"action18","type":"key","parameters":{},"actions":[{"type":"keyDown","value":""},{"type":"pause","duration":10},{"type":"keyUp","value":""}]}]}
RESULT: {"actions":[{"id":"action18","type":"key","parameters":{},"actions":[{"type":"keyDown","value":""},{"type":"pause","duration":10},{"type":"keyUp","value":""}]}]}
COMMAND: GET /session/130ef63994e902c9deb83fe717a4bbca/screenshot - {}
RESULT: {}
COMMAND: POST /session/130ef63994e902c9deb83fe717a4bbca/execute/async - {"script":"<script> [1562 bytes]","args":[{"selector":{"id":"application-managehandovers-display-component---AddNewHO--popup-sa","searchOpenDialogs":true,"interaction":{"idSuffix":"CbBg"}},"wdio_ui5_key":"applicationmanagehandovers-display-component---AddNewHO--popup-sa"}]}
RESULT: {"script":"<script> [1562 bytes]","args":[{"selector":{"id":"application-managehandovers-display-component---AddNewHO--popup-sa","searchOpenDialogs":true,"interaction":{"idSuffix":"CbBg"}},"wdio_ui5_key":"applicationmanagehandovers-display-component---AddNewHO--popup-sa"}]}
RESULT: undefined
COMMAND: POST /session/130ef63994e902c9deb83fe717a4bbca/element - {"using":"xpath","value":"//*[@id=\"application-managehandovers-display-component---AddNewHO--popup-sa\"]"}
RESULT: {"using":"xpath","value":"//*[@id=\"application-managehandovers-display-component---AddNewHO--popup-sa\"]"}
COMMAND: POST /session/130ef63994e902c9deb83fe717a4bbca/element/f.DBA113373209FD8E36DE67C53790246B.d.A9E4F82BFDD41351751DBE1F58005C74.e.4391/click - {}
RESULT: {}
COMMAND: GET /session/130ef63994e902c9deb83fe717a4bbca/screenshot - {}
RESULT: {}
COMMAND: POST /session/130ef63994e902c9deb83fe717a4bbca/element - {"using":"xpath","value":"//bdi[contains(text(), \"Select\")]"}
RESULT: {"using":"xpath","value":"//bdi[contains(text(), \"Select\")]"}
COMMAND: POST /session/130ef63994e902c9deb83fe717a4bbca/element/f.DBA113373209FD8E36DE67C53790246B.d.A9E4F82BFDD41351751DBE1F58005C74.e.4392/click - {}
RESULT: {}
COMMAND: GET /session/130ef63994e902c9deb83fe717a4bbca/screenshot - {}
RESULT: {}
COMMAND: POST /session/130ef63994e902c9deb83fe717a4bbca/element - {"using":"xpath","value":"//button[@data-kt=\"AddNewHOSaveButton\"]"}
RESULT: {"using":"xpath","value":"//button[@data-kt=\"AddNewHOSaveButton\"]"}
COMMAND: POST /session/130ef63994e902c9deb83fe717a4bbca/element/f.DBA113373209FD8E36DE67C53790246B.d.A9E4F82BFDD41351751DBE1F58005C74.e.4396/click - {}
RESULT: {}
COMMAND: GET /session/130ef63994e902c9deb83fe717a4bbca/screenshot - {}
RESULT: {}
COMMAND: POST /session/130ef63994e902c9deb83fe717a4bbca/execute/async - {"script":"<script> [1562 bytes]","args":[{"selector":{"id":"receiptDatePicker","viewName":"etm.portal.ui.managehandovers.view.DetailExecuteHO","interaction":{"idSuffix":"inner"}},"wdio_ui5_key":"receiptDatePickeretmportal.ui.managehandovers.view.DetailExecuteHO"}]}
RESULT: {"script":"<script> [1562 bytes]","args":[{"selector":{"id":"receiptDatePicker","viewName":"etm.portal.ui.managehandovers.view.DetailExecuteHO","interaction":{"idSuffix":"inner"}},"wdio_ui5_key":"receiptDatePickeretmportal.ui.managehandovers.view.DetailExecuteHO"}]}
RESULT: undefined
COMMAND: POST /session/130ef63994e902c9deb83fe717a4bbca/execute/async - {"script":"<script> [6424 bytes]","args":[{"element-6066-11e4-a52e-4f735466cecf":"f.DBA113373209FD8E36DE67C53790246B.d.A9E4F82BFDD41351751DBE1F58005C74.e.4426"},"setValue",["5/24/25"]]}
RESULT: {"script":"<script> [6424 bytes]","args":[{"element-6066-11e4-a52e-4f735466cecf":"f.DBA113373209FD8E36DE67C53790246B.d.A9E4F82BFDD41351751DBE1F58005C74.e.4426"},"setValue",["5/24/25"]]}
COMMAND: POST /session/130ef63994e902c9deb83fe717a4bbca/element - {"using":"xpath","value":"//button[@data-kt=\"ReceivingTableConfirmAllButton\"]"}
RESULT: {"using":"xpath","value":"//button[@data-kt=\"ReceivingTableConfirmAllButton\"]"}
COMMAND: POST /session/130ef63994e902c9deb83fe717a4bbca/element/f.DBA113373209FD8E36DE67C53790246B.d.A9E4F82BFDD41351751DBE1F58005C74.e.4441/click - {}
RESULT: {}
COMMAND: GET /session/130ef63994e902c9deb83fe717a4bbca/screenshot - {}
RESULT: {}
COMMAND: POST /session/130ef63994e902c9deb83fe717a4bbca/element - {"using":"xpath","value":"//bdi[contains(text(), \"OK\")]"}
RESULT: {"using":"xpath","value":"//bdi[contains(text(), \"OK\")]"}
COMMAND: POST /session/130ef63994e902c9deb83fe717a4bbca/element/f.DBA113373209FD8E36DE67C53790246B.d.A9E4F82BFDD41351751DBE1F58005C74.e.4443/click - {}
RESULT: {}
COMMAND: GET /session/130ef63994e902c9deb83fe717a4bbca/screenshot - {}
RESULT: {}
COMMAND: POST /session/130ef63994e902c9deb83fe717a4bbca/element - {"using":"xpath","value":"(//bdi[contains(text(), \"Receive\")])[2]"}
RESULT: {"using":"xpath","value":"(//bdi[contains(text(), \"Receive\")])[2]"}
COMMAND: POST /session/130ef63994e902c9deb83fe717a4bbca/element/f.DBA113373209FD8E36DE67C53790246B.d.A9E4F82BFDD41351751DBE1F58005C74.e.4445/click - {}
RESULT: {}
COMMAND: GET /session/130ef63994e902c9deb83fe717a4bbca/screenshot - {}
RESULT: {}
COMMAND: POST /session/130ef63994e902c9deb83fe717a4bbca/element - {"using":"css selector","value":"#shell-header-logo"}
RESULT: {"using":"css selector","value":"#shell-header-logo"}
COMMAND: POST /session/130ef63994e902c9deb83fe717a4bbca/element/f.DBA113373209FD8E36DE67C53790246B.d.A9E4F82BFDD41351751DBE1F58005C74.e.3828/click - {}
RESULT: {}
COMMAND: GET /session/130ef63994e902c9deb83fe717a4bbca/screenshot - {}
RESULT: {}
]]></system-out>
    </testcase>
    <testcase classname="chrome.136_0_7103_93.windows.Billing_confirm_US117289" name="Should create a new contract" time="59.751">
      <system-out><![CDATA[
COMMAND: POST /session/130ef63994e902c9deb83fe717a4bbca/execute/async - {"script":"<script> [1562 bytes]","args":[{"selector":{"controlType":"sap.m.GenericTile","properties":{"header":"Manage Contracts"}},"wdio_ui5_key":"sapm.GenericTile{\"header\":\"Manage Contracts\"}"}]}
RESULT: {"script":"<script> [1562 bytes]","args":[{"selector":{"controlType":"sap.m.GenericTile","properties":{"header":"Manage Contracts"}},"wdio_ui5_key":"sapm.GenericTile{\"header\":\"Manage Contracts\"}"}]}
RESULT: undefined
COMMAND: POST /session/130ef63994e902c9deb83fe717a4bbca/element - {"using":"xpath","value":"//*[@id=\"__tile130\"]"}
RESULT: {"using":"xpath","value":"//*[@id=\"__tile130\"]"}
COMMAND: POST /session/130ef63994e902c9deb83fe717a4bbca/element/f.DBA113373209FD8E36DE67C53790246B.d.A9E4F82BFDD41351751DBE1F58005C74.e.2664/click - {}
RESULT: {}
COMMAND: GET /session/130ef63994e902c9deb83fe717a4bbca/screenshot - {}
RESULT: {}
COMMAND: POST /session/130ef63994e902c9deb83fe717a4bbca/elements - {"using":"xpath","value":"//span[text()='Error']"}
RESULT: {"using":"xpath","value":"//span[text()='Error']"}
COMMAND: POST /session/130ef63994e902c9deb83fe717a4bbca/element - {"using":"xpath","value":"//button[@data-kt=\"addButton\"]"}
RESULT: {"using":"xpath","value":"//button[@data-kt=\"addButton\"]"}
COMMAND: POST /session/130ef63994e902c9deb83fe717a4bbca/elements - {"using":"xpath","value":"//button[@data-kt=\"addButton\"]"}
RESULT: {"using":"xpath","value":"//button[@data-kt=\"addButton\"]"}
COMMAND: POST /session/130ef63994e902c9deb83fe717a4bbca/execute/sync - {"script":"<script> [8489 bytes]","args":[{"element-6066-11e4-a52e-4f735466cecf":"f.DBA113373209FD8E36DE67C53790246B.d.A9E4F82BFDD41351751DBE1F58005C74.e.4669","ELEMENT":"f.DBA113373209FD8E36DE67C53790246B.d.A9E4F82BFDD41351751DBE1F58005C74.e.4669"}]}
RESULT: {"script":"<script> [8489 bytes]","args":[{"element-6066-11e4-a52e-4f735466cecf":"f.DBA113373209FD8E36DE67C53790246B.d.A9E4F82BFDD41351751DBE1F58005C74.e.4669","ELEMENT":"f.DBA113373209FD8E36DE67C53790246B.d.A9E4F82BFDD41351751DBE1F58005C74.e.4669"}]}
COMMAND: GET /session/130ef63994e902c9deb83fe717a4bbca/element/f.DBA113373209FD8E36DE67C53790246B.d.A9E4F82BFDD41351751DBE1F58005C74.e.4669/enabled - {}
COMMAND: GET /session/130ef63994e902c9deb83fe717a4bbca/screenshot - {}
RESULT: {}
COMMAND: POST /session/130ef63994e902c9deb83fe717a4bbca/execute/sync - {"script":"<script> [8489 bytes]","args":[{"element-6066-11e4-a52e-4f735466cecf":"f.DBA113373209FD8E36DE67C53790246B.d.A9E4F82BFDD41351751DBE1F58005C74.e.4669","ELEMENT":"f.DBA113373209FD8E36DE67C53790246B.d.A9E4F82BFDD41351751DBE1F58005C74.e.4669"}]}
COMMAND: GET /session/130ef63994e902c9deb83fe717a4bbca/screenshot - {}
RESULT: {}
RESULT: {"script":"<script> [8489 bytes]","args":[{"element-6066-11e4-a52e-4f735466cecf":"f.DBA113373209FD8E36DE67C53790246B.d.A9E4F82BFDD41351751DBE1F58005C74.e.4669","ELEMENT":"f.DBA113373209FD8E36DE67C53790246B.d.A9E4F82BFDD41351751DBE1F58005C74.e.4669"}]}
COMMAND: POST /session/130ef63994e902c9deb83fe717a4bbca/execute/sync - {"script":"<script> [5351 bytes]","args":[{"element-6066-11e4-a52e-4f735466cecf":"f.DBA113373209FD8E36DE67C53790246B.d.A9E4F82BFDD41351751DBE1F58005C74.e.4669","ELEMENT":"f.DBA113373209FD8E36DE67C53790246B.d.A9E4F82BFDD41351751DBE1F58005C74.e.4669"}]}
COMMAND: GET /session/130ef63994e902c9deb83fe717a4bbca/screenshot - {}
RESULT: {}
RESULT: {"script":"<script> [5351 bytes]","args":[{"element-6066-11e4-a52e-4f735466cecf":"f.DBA113373209FD8E36DE67C53790246B.d.A9E4F82BFDD41351751DBE1F58005C74.e.4669","ELEMENT":"f.DBA113373209FD8E36DE67C53790246B.d.A9E4F82BFDD41351751DBE1F58005C74.e.4669"}]}
COMMAND: GET /session/130ef63994e902c9deb83fe717a4bbca/screenshot - {}
RESULT: {}
RESULT: {}
COMMAND: POST /session/130ef63994e902c9deb83fe717a4bbca/element/f.DBA113373209FD8E36DE67C53790246B.d.A9E4F82BFDD41351751DBE1F58005C74.e.4669/click - {}
RESULT: {}
COMMAND: GET /session/130ef63994e902c9deb83fe717a4bbca/screenshot - {}
COMMAND: POST /session/130ef63994e902c9deb83fe717a4bbca/execute/async - {"script":"<script> [1562 bytes]","args":[{"selector":{"id":"application-managecontracts-display-component---AddNewContract--projectDescription","interaction":{"idSuffix":"inner"}},"wdio_ui5_key":"applicationmanagecontracts-display-component---AddNewContract--projectDescription"}]}
RESULT: {}
RESULT: {"script":"<script> [1562 bytes]","args":[{"selector":{"id":"application-managecontracts-display-component---AddNewContract--projectDescription","interaction":{"idSuffix":"inner"}},"wdio_ui5_key":"applicationmanagecontracts-display-component---AddNewContract--projectDescription"}]}
RESULT: undefined
COMMAND: POST /session/130ef63994e902c9deb83fe717a4bbca/execute/async - {"script":"<script> [776 bytes]","args":[{"enterText":"Contract WDIO","selector":{"id":"application-managecontracts-display-component---AddNewContract--projectDescription","interaction":{"idSuffix":"inner"}},"clearTextFirst":true,"interactionType":"ENTER_TEXT"}]}
RESULT: {"script":"<script> [776 bytes]","args":[{"enterText":"Contract WDIO","selector":{"id":"application-managecontracts-display-component---AddNewContract--projectDescription","interaction":{"idSuffix":"inner"}},"clearTextFirst":true,"interactionType":"ENTER_TEXT"}]}
COMMAND: POST /session/130ef63994e902c9deb83fe717a4bbca/element - {"using":"xpath","value":"//input[@id=\"application-managecontracts-display-component---AddNewContract--site-inner\"]"}
RESULT: {"using":"xpath","value":"//input[@id=\"application-managecontracts-display-component---AddNewContract--site-inner\"]"}
COMMAND: POST /session/130ef63994e902c9deb83fe717a4bbca/element/f.DBA113373209FD8E36DE67C53790246B.d.A9E4F82BFDD41351751DBE1F58005C74.e.4986/clear - {}
RESULT: {}
COMMAND: POST /session/130ef63994e902c9deb83fe717a4bbca/element/f.DBA113373209FD8E36DE67C53790246B.d.A9E4F82BFDD41351751DBE1F58005C74.e.4986/value - {"text":"2099"}
COMMAND: GET /session/130ef63994e902c9deb83fe717a4bbca/screenshot - {}
RESULT: {"text":"2099"}
COMMAND: GET /session/130ef63994e902c9deb83fe717a4bbca/screenshot - {}
RESULT: {}
RESULT: {}
COMMAND: POST /session/130ef63994e902c9deb83fe717a4bbca/element - {"using":"xpath","value":"//li[.//span[text()='2099']]"}
RESULT: {"using":"xpath","value":"//li[.//span[text()='2099']]"}
COMMAND: POST /session/130ef63994e902c9deb83fe717a4bbca/element/f.DBA113373209FD8E36DE67C53790246B.d.A9E4F82BFDD41351751DBE1F58005C74.e.5068/click - {}
RESULT: {}
COMMAND: GET /session/130ef63994e902c9deb83fe717a4bbca/screenshot - {}
RESULT: {}
COMMAND: POST /session/130ef63994e902c9deb83fe717a4bbca/element - {"using":"xpath","value":"//input[@id=\"application-managecontracts-display-component---AddNewContract--yardId-inner\"]"}
RESULT: {"using":"xpath","value":"//input[@id=\"application-managecontracts-display-component---AddNewContract--yardId-inner\"]"}
COMMAND: GET /session/130ef63994e902c9deb83fe717a4bbca/element/f.DBA113373209FD8E36DE67C53790246B.d.A9E4F82BFDD41351751DBE1F58005C74.e.4987/property/value - {}
RESULT: {}
COMMAND: POST /session/130ef63994e902c9deb83fe717a4bbca/element - {"using":"xpath","value":"//input[@id=\"application-managecontracts-display-component---AddNewContract--customerSelect-inner\"]"}
COMMAND: GET /session/130ef63994e902c9deb83fe717a4bbca/screenshot - {}
RESULT: {"using":"xpath","value":"//input[@id=\"application-managecontracts-display-component---AddNewContract--customerSelect-inner\"]"}
COMMAND: POST /session/130ef63994e902c9deb83fe717a4bbca/element/f.DBA113373209FD8E36DE67C53790246B.d.A9E4F82BFDD41351751DBE1F58005C74.e.4985/clear - {}
RESULT: {}
RESULT: {}
COMMAND: POST /session/130ef63994e902c9deb83fe717a4bbca/element/f.DBA113373209FD8E36DE67C53790246B.d.A9E4F82BFDD41351751DBE1F58005C74.e.4985/value - {"text":"1102"}
COMMAND: GET /session/130ef63994e902c9deb83fe717a4bbca/screenshot - {}
RESULT: {"text":"1102"}
COMMAND: GET /session/130ef63994e902c9deb83fe717a4bbca/screenshot - {}
RESULT: {}
RESULT: {}
COMMAND: POST /session/130ef63994e902c9deb83fe717a4bbca/element - {"using":"xpath","value":"//li[.//span[text()='1102']]"}
RESULT: {"using":"xpath","value":"//li[.//span[text()='1102']]"}
COMMAND: POST /session/130ef63994e902c9deb83fe717a4bbca/element/f.DBA113373209FD8E36DE67C53790246B.d.A9E4F82BFDD41351751DBE1F58005C74.e.5071/click - {}
RESULT: {}
COMMAND: GET /session/130ef63994e902c9deb83fe717a4bbca/screenshot - {}
RESULT: {}
COMMAND: POST /session/130ef63994e902c9deb83fe717a4bbca/element - {"using":"xpath","value":"//button[@data-kt=\"saveButton\"]"}
RESULT: {"using":"xpath","value":"//button[@data-kt=\"saveButton\"]"}
COMMAND: POST /session/130ef63994e902c9deb83fe717a4bbca/element/f.DBA113373209FD8E36DE67C53790246B.d.A9E4F82BFDD41351751DBE1F58005C74.e.5061/click - {}
RESULT: {}
COMMAND: GET /session/130ef63994e902c9deb83fe717a4bbca/screenshot - {}
RESULT: {}
COMMAND: POST /session/130ef63994e902c9deb83fe717a4bbca/element - {"using":"xpath","value":"//span[contains(@id ,\"contractDetailTitleNoExpanded\")]"}
RESULT: {"using":"xpath","value":"//span[contains(@id ,\"contractDetailTitleNoExpanded\")]"}
COMMAND: POST /session/130ef63994e902c9deb83fe717a4bbca/elements - {"using":"xpath","value":"//span[contains(@id ,\"contractDetailTitleNoExpanded\")]"}
RESULT: {"using":"xpath","value":"//span[contains(@id ,\"contractDetailTitleNoExpanded\")]"}
COMMAND: POST /session/130ef63994e902c9deb83fe717a4bbca/execute/sync - {"script":"<script> [56 bytes]","args":[{"element-6066-11e4-a52e-4f735466cecf":"f.DBA113373209FD8E36DE67C53790246B.d.A9E4F82BFDD41351751DBE1F58005C74.e.5142","ELEMENT":"f.DBA113373209FD8E36DE67C53790246B.d.A9E4F82BFDD41351751DBE1F58005C74.e.5142"}]}
RESULT: {"script":"<script> [56 bytes]","args":[{"element-6066-11e4-a52e-4f735466cecf":"f.DBA113373209FD8E36DE67C53790246B.d.A9E4F82BFDD41351751DBE1F58005C74.e.5142","ELEMENT":"f.DBA113373209FD8E36DE67C53790246B.d.A9E4F82BFDD41351751DBE1F58005C74.e.5142"}]}
COMMAND: GET /session/130ef63994e902c9deb83fe717a4bbca/screenshot - {}
RESULT: {}
]]></system-out>
    </testcase>
    <testcase classname="chrome.136_0_7103_93.windows.Billing_confirm_US117289" name="Should add created equipment to contract" time="49.963">
      <system-out><![CDATA[
COMMAND: POST /session/130ef63994e902c9deb83fe717a4bbca/element - {"using":"xpath","value":"//button[@data-kt=\"contractDetailEditBtnButton\"]"}
RESULT: {"using":"xpath","value":"//button[@data-kt=\"contractDetailEditBtnButton\"]"}
COMMAND: POST /session/130ef63994e902c9deb83fe717a4bbca/element/f.DBA113373209FD8E36DE67C53790246B.d.A9E4F82BFDD41351751DBE1F58005C74.e.5145/click - {}
RESULT: {}
COMMAND: GET /session/130ef63994e902c9deb83fe717a4bbca/screenshot - {}
RESULT: {}
COMMAND: POST /session/130ef63994e902c9deb83fe717a4bbca/element - {"using":"xpath","value":"(//span[contains(text(), \"Additional Addresses\")])[2]"}
RESULT: {"using":"xpath","value":"(//span[contains(text(), \"Additional Addresses\")])[2]"}
COMMAND: POST /session/130ef63994e902c9deb83fe717a4bbca/element/f.DBA113373209FD8E36DE67C53790246B.d.A9E4F82BFDD41351751DBE1F58005C74.e.5200/click - {}
RESULT: {}
COMMAND: GET /session/130ef63994e902c9deb83fe717a4bbca/screenshot - {}
RESULT: {}
COMMAND: POST /session/130ef63994e902c9deb83fe717a4bbca/element - {"using":"xpath","value":"//button[@data-kt=\"btnAddTableRowOverflowToolbarButton\"]"}
RESULT: {"using":"xpath","value":"//button[@data-kt=\"btnAddTableRowOverflowToolbarButton\"]"}
COMMAND: POST /session/130ef63994e902c9deb83fe717a4bbca/element/f.DBA113373209FD8E36DE67C53790246B.d.A9E4F82BFDD41351751DBE1F58005C74.e.5204/click - {}
RESULT: {}
COMMAND: GET /session/130ef63994e902c9deb83fe717a4bbca/screenshot - {}
RESULT: {}
COMMAND: POST /session/130ef63994e902c9deb83fe717a4bbca/element - {"using":"xpath","value":"//div[(text() = 'Standard Entry' or . = 'Standard Entry')]"}
RESULT: {"using":"xpath","value":"//div[(text() = 'Standard Entry' or . = 'Standard Entry')]"}
COMMAND: POST /session/130ef63994e902c9deb83fe717a4bbca/element/f.DBA113373209FD8E36DE67C53790246B.d.A9E4F82BFDD41351751DBE1F58005C74.e.5206/click - {}
RESULT: {}
COMMAND: GET /session/130ef63994e902c9deb83fe717a4bbca/screenshot - {}
RESULT: {}
COMMAND: POST /session/130ef63994e902c9deb83fe717a4bbca/element - {"using":"xpath","value":"//td[7]/div/div/input"}
RESULT: {"using":"xpath","value":"//td[7]/div/div/input"}
COMMAND: POST /session/130ef63994e902c9deb83fe717a4bbca/element/f.DBA113373209FD8E36DE67C53790246B.d.A9E4F82BFDD41351751DBE1F58005C74.e.5215/clear - {}
RESULT: {}
COMMAND: POST /session/130ef63994e902c9deb83fe717a4bbca/element/f.DBA113373209FD8E36DE67C53790246B.d.A9E4F82BFDD41351751DBE1F58005C74.e.5215/value - {"text":"R5BalNFm6d"}
COMMAND: GET /session/130ef63994e902c9deb83fe717a4bbca/screenshot - {}
RESULT: {"text":"R5BalNFm6d"}
COMMAND: GET /session/130ef63994e902c9deb83fe717a4bbca/screenshot - {}
RESULT: {}
RESULT: {}
COMMAND: POST /session/130ef63994e902c9deb83fe717a4bbca/actions - {"actions":[{"id":"action19","type":"key","parameters":{},"actions":[{"type":"keyDown","value":""},{"type":"pause","duration":10},{"type":"keyUp","value":""}]}]}
RESULT: {"actions":[{"id":"action19","type":"key","parameters":{},"actions":[{"type":"keyDown","value":""},{"type":"pause","duration":10},{"type":"keyUp","value":""}]}]}
COMMAND: GET /session/130ef63994e902c9deb83fe717a4bbca/screenshot - {}
RESULT: {}
COMMAND: POST /session/130ef63994e902c9deb83fe717a4bbca/execute/sync - {"script":"<script> [276 bytes]","args":["No pricing information was found"]}
RESULT: {"script":"<script> [276 bytes]","args":["No pricing information was found"]}
COMMAND: POST /session/130ef63994e902c9deb83fe717a4bbca/element - {"using":"xpath","value":"(//button[@data-kt=\"saveButton\"])[2]"}
COMMAND: GET /session/130ef63994e902c9deb83fe717a4bbca/screenshot - {}
RESULT: {"using":"xpath","value":"(//button[@data-kt=\"saveButton\"])[2]"}
COMMAND: POST /session/130ef63994e902c9deb83fe717a4bbca/element/f.DBA113373209FD8E36DE67C53790246B.d.A9E4F82BFDD41351751DBE1F58005C74.e.5230/click - {}
RESULT: {}
RESULT: {}
COMMAND: GET /session/130ef63994e902c9deb83fe717a4bbca/screenshot - {}
RESULT: {}
COMMAND: POST /session/130ef63994e902c9deb83fe717a4bbca/execute/sync - {"script":"<script> [276 bytes]","args":["Some contract items are having rental validity exceeding header rental validity"]}
RESULT: {"script":"<script> [276 bytes]","args":["Some contract items are having rental validity exceeding header rental validity"]}
COMMAND: GET /session/130ef63994e902c9deb83fe717a4bbca/screenshot - {}
RESULT: {}
COMMAND: POST /session/130ef63994e902c9deb83fe717a4bbca/element - {"using":"xpath","value":"//span[contains(@id ,\"contractItemsSmartTable-header-inner\")]"}
RESULT: {"using":"xpath","value":"//span[contains(@id ,\"contractItemsSmartTable-header-inner\")]"}
COMMAND: POST /session/130ef63994e902c9deb83fe717a4bbca/elements - {"using":"xpath","value":"//span[contains(@id ,\"contractItemsSmartTable-header-inner\")]"}
RESULT: {"using":"xpath","value":"//span[contains(@id ,\"contractItemsSmartTable-header-inner\")]"}
COMMAND: POST /session/130ef63994e902c9deb83fe717a4bbca/execute/sync - {"script":"<script> [56 bytes]","args":[{"element-6066-11e4-a52e-4f735466cecf":"f.DBA113373209FD8E36DE67C53790246B.d.A9E4F82BFDD41351751DBE1F58005C74.e.5237","ELEMENT":"f.DBA113373209FD8E36DE67C53790246B.d.A9E4F82BFDD41351751DBE1F58005C74.e.5237"}]}
RESULT: {"script":"<script> [56 bytes]","args":[{"element-6066-11e4-a52e-4f735466cecf":"f.DBA113373209FD8E36DE67C53790246B.d.A9E4F82BFDD41351751DBE1F58005C74.e.5237","ELEMENT":"f.DBA113373209FD8E36DE67C53790246B.d.A9E4F82BFDD41351751DBE1F58005C74.e.5237"}]}
]]></system-out>
    </testcase>
    <testcase classname="chrome.136_0_7103_93.windows.Billing_confirm_US117289" name="Should do a provide to site handover" time="65.539">
      <system-out><![CDATA[
COMMAND: POST /session/130ef63994e902c9deb83fe717a4bbca/element - {"using":"xpath","value":"//button[@data-kt=\"provideButton\"]"}
COMMAND: GET /session/130ef63994e902c9deb83fe717a4bbca/screenshot - {}
RESULT: {"using":"xpath","value":"//button[@data-kt=\"provideButton\"]"}
COMMAND: POST /session/130ef63994e902c9deb83fe717a4bbca/element/f.DBA113373209FD8E36DE67C53790246B.d.A9E4F82BFDD41351751DBE1F58005C74.e.5238/click - {}
RESULT: {}
RESULT: {}
COMMAND: GET /session/130ef63994e902c9deb83fe717a4bbca/screenshot - {}
RESULT: undefined
COMMAND: POST /session/130ef63994e902c9deb83fe717a4bbca/execute/async - {"script":"<script> [6424 bytes]","args":[{"element-6066-11e4-a52e-4f735466cecf":"f.DBA113373209FD8E36DE67C53790246B.d.A9E4F82BFDD41351751DBE1F58005C74.e.4210"},"setValue",["5/24/25"]]}
RESULT: {}
COMMAND: POST /session/130ef63994e902c9deb83fe717a4bbca/execute/async - {"script":"<script> [1562 bytes]","args":[{"selector":{"id":"application-managehandovers-display-component---AddNewHO--dueDate","interaction":{"idSuffix":"inner"}},"wdio_ui5_key":"applicationmanagehandovers-display-component---AddNewHO--dueDate"}]}
RESULT: {"script":"<script> [1562 bytes]","args":[{"selector":{"id":"application-managehandovers-display-component---AddNewHO--dueDate","interaction":{"idSuffix":"inner"}},"wdio_ui5_key":"applicationmanagehandovers-display-component---AddNewHO--dueDate"}]}
COMMAND: POST /session/130ef63994e902c9deb83fe717a4bbca/execute/async - {"script":"<script> [6424 bytes]","args":[{"element-6066-11e4-a52e-4f735466cecf":"f.DBA113373209FD8E36DE67C53790246B.d.A9E4F82BFDD41351751DBE1F58005C74.e.5312"},"setValue",["5/24/25"]]}
RESULT: {"script":"<script> [6424 bytes]","args":[{"element-6066-11e4-a52e-4f735466cecf":"f.DBA113373209FD8E36DE67C53790246B.d.A9E4F82BFDD41351751DBE1F58005C74.e.5312"},"setValue",["5/24/25"]]}
COMMAND: POST /session/130ef63994e902c9deb83fe717a4bbca/element - {"using":"xpath","value":"//bdi[contains(text(), \"Instructions\")]"}
RESULT: {"using":"xpath","value":"//bdi[contains(text(), \"Instructions\")]"}
COMMAND: POST /session/130ef63994e902c9deb83fe717a4bbca/element/f.DBA113373209FD8E36DE67C53790246B.d.A9E4F82BFDD41351751DBE1F58005C74.e.5414/click - {}
RESULT: {}
COMMAND: GET /session/130ef63994e902c9deb83fe717a4bbca/screenshot - {}
RESULT: {}
COMMAND: POST /session/130ef63994e902c9deb83fe717a4bbca/element - {"using":"xpath","value":"//button[@data-kt=\"AddNewHOProvideAddItemsButton\"]"}
RESULT: {"using":"xpath","value":"//button[@data-kt=\"AddNewHOProvideAddItemsButton\"]"}
COMMAND: POST /session/130ef63994e902c9deb83fe717a4bbca/element/f.DBA113373209FD8E36DE67C53790246B.d.A9E4F82BFDD41351751DBE1F58005C74.e.5418/click - {}
RESULT: {}
COMMAND: GET /session/130ef63994e902c9deb83fe717a4bbca/screenshot - {}
RESULT: {}
RESULT: undefined
COMMAND: POST /session/130ef63994e902c9deb83fe717a4bbca/element - {"using":"xpath","value":"//*[@id=\"application-managehandovers-display-component---AddNewHO--popup-sa\"]"}
RESULT: {"using":"xpath","value":"//*[@id=\"application-managehandovers-display-component---AddNewHO--popup-sa\"]"}
COMMAND: POST /session/130ef63994e902c9deb83fe717a4bbca/element/f.DBA113373209FD8E36DE67C53790246B.d.A9E4F82BFDD41351751DBE1F58005C74.e.5428/click - {}
RESULT: {}
COMMAND: GET /session/130ef63994e902c9deb83fe717a4bbca/screenshot - {}
RESULT: {}
COMMAND: POST /session/130ef63994e902c9deb83fe717a4bbca/element - {"using":"xpath","value":"//*[contains(@id ,\"BDI-content\")][contains(text(), \"Select\")]"}
RESULT: {"using":"xpath","value":"//*[contains(@id ,\"BDI-content\")][contains(text(), \"Select\")]"}
COMMAND: POST /session/130ef63994e902c9deb83fe717a4bbca/element/f.DBA113373209FD8E36DE67C53790246B.d.A9E4F82BFDD41351751DBE1F58005C74.e.5429/click - {}
RESULT: {}
COMMAND: GET /session/130ef63994e902c9deb83fe717a4bbca/screenshot - {}
RESULT: {}
COMMAND: POST /session/130ef63994e902c9deb83fe717a4bbca/execute/async - {"script":"<script> [1562 bytes]","args":[{"selector":{"id":"application-managehandovers-display-component---AddNewHO--confirmCreationButton","interaction":{"idSuffix":"BDI-content"}},"wdio_ui5_key":"applicationmanagehandovers-display-component---AddNewHO--confirmCreationButton"}]}
RESULT: {"script":"<script> [1562 bytes]","args":[{"selector":{"id":"application-managehandovers-display-component---AddNewHO--confirmCreationButton","interaction":{"idSuffix":"BDI-content"}},"wdio_ui5_key":"applicationmanagehandovers-display-component---AddNewHO--confirmCreationButton"}]}
RESULT: undefined
COMMAND: POST /session/130ef63994e902c9deb83fe717a4bbca/element - {"using":"xpath","value":"//*[@id=\"application-managehandovers-display-component---AddNewHO--confirmCreationButton\"]"}
RESULT: {"using":"xpath","value":"//*[@id=\"application-managehandovers-display-component---AddNewHO--confirmCreationButton\"]"}
COMMAND: POST /session/130ef63994e902c9deb83fe717a4bbca/element/f.DBA113373209FD8E36DE67C53790246B.d.A9E4F82BFDD41351751DBE1F58005C74.e.5363/click - {}
RESULT: {}
COMMAND: GET /session/130ef63994e902c9deb83fe717a4bbca/screenshot - {}
RESULT: {}
COMMAND: POST /session/130ef63994e902c9deb83fe717a4bbca/execute/async - {"script":"<script> [1562 bytes]","args":[{"selector":{"id":"issueDatePicker","viewName":"etm.portal.ui.managehandovers.view.DetailExecuteHO","interaction":{"idSuffix":"inner"}},"wdio_ui5_key":"issueDatePickeretmportal.ui.managehandovers.view.DetailExecuteHO"}]}
RESULT: {"script":"<script> [1562 bytes]","args":[{"selector":{"id":"issueDatePicker","viewName":"etm.portal.ui.managehandovers.view.DetailExecuteHO","interaction":{"idSuffix":"inner"}},"wdio_ui5_key":"issueDatePickeretmportal.ui.managehandovers.view.DetailExecuteHO"}]}
RESULT: undefined
COMMAND: POST /session/130ef63994e902c9deb83fe717a4bbca/execute/async - {"script":"<script> [776 bytes]","args":[{"enterText":"5/24/25","selector":{"id":"issueDatePicker","viewName":"etm.portal.ui.managehandovers.view.DetailExecuteHO","interaction":{"idSuffix":"inner"}},"clearTextFirst":true,"interactionType":"ENTER_TEXT"}]}
RESULT: {"script":"<script> [776 bytes]","args":[{"enterText":"5/24/25","selector":{"id":"issueDatePicker","viewName":"etm.portal.ui.managehandovers.view.DetailExecuteHO","interaction":{"idSuffix":"inner"}},"clearTextFirst":true,"interactionType":"ENTER_TEXT"}]}
COMMAND: POST /session/130ef63994e902c9deb83fe717a4bbca/element - {"using":"xpath","value":"//button[@data-kt=\"PickingTableConfirmAllButton\"]"}
RESULT: {"using":"xpath","value":"//button[@data-kt=\"PickingTableConfirmAllButton\"]"}
COMMAND: POST /session/130ef63994e902c9deb83fe717a4bbca/element/f.DBA113373209FD8E36DE67C53790246B.d.A9E4F82BFDD41351751DBE1F58005C74.e.5491/click - {}
RESULT: {}
COMMAND: GET /session/130ef63994e902c9deb83fe717a4bbca/screenshot - {}
RESULT: {}
COMMAND: POST /session/130ef63994e902c9deb83fe717a4bbca/element - {"using":"xpath","value":"//bdi[contains(text(), \"OK\")]"}
RESULT: {"using":"xpath","value":"//bdi[contains(text(), \"OK\")]"}
COMMAND: POST /session/130ef63994e902c9deb83fe717a4bbca/element/f.DBA113373209FD8E36DE67C53790246B.d.A9E4F82BFDD41351751DBE1F58005C74.e.5494/click - {}
RESULT: {}
COMMAND: GET /session/130ef63994e902c9deb83fe717a4bbca/screenshot - {}
RESULT: {}
COMMAND: POST /session/130ef63994e902c9deb83fe717a4bbca/element - {"using":"xpath","value":"//bdi[contains(text(), \"Issue\")]"}
RESULT: {"using":"xpath","value":"//bdi[contains(text(), \"Issue\")]"}
COMMAND: POST /session/130ef63994e902c9deb83fe717a4bbca/element/f.DBA113373209FD8E36DE67C53790246B.d.A9E4F82BFDD41351751DBE1F58005C74.e.5496/click - {}
RESULT: {}
COMMAND: GET /session/130ef63994e902c9deb83fe717a4bbca/screenshot - {}
RESULT: {}
COMMAND: POST /session/130ef63994e902c9deb83fe717a4bbca/element - {"using":"css selector","value":"#shell-header-logo"}
RESULT: {"using":"css selector","value":"#shell-header-logo"}
COMMAND: POST /session/130ef63994e902c9deb83fe717a4bbca/element/f.DBA113373209FD8E36DE67C53790246B.d.A9E4F82BFDD41351751DBE1F58005C74.e.4619/click - {}
RESULT: {}
COMMAND: GET /session/130ef63994e902c9deb83fe717a4bbca/screenshot - {}
RESULT: {}
]]></system-out>
    </testcase>
    <testcase classname="chrome.136_0_7103_93.windows.Billing_confirm_US117289" name="Should trigger calculation" time="85.437">
      <system-out><![CDATA[
COMMAND: POST /session/130ef63994e902c9deb83fe717a4bbca/execute/async - {"script":"<script> [1562 bytes]","args":[{"selector":{"controlType":"sap.m.GenericTile","properties":{"header":"Manage Billings"}},"wdio_ui5_key":"sapm.GenericTile{\"header\":\"Manage Billings\"}"}]}
RESULT: {"script":"<script> [1562 bytes]","args":[{"selector":{"controlType":"sap.m.GenericTile","properties":{"header":"Manage Billings"}},"wdio_ui5_key":"sapm.GenericTile{\"header\":\"Manage Billings\"}"}]}
RESULT: undefined
COMMAND: POST /session/130ef63994e902c9deb83fe717a4bbca/element - {"using":"xpath","value":"//*[@id=\"__tile91\"]"}
RESULT: {"using":"xpath","value":"//*[@id=\"__tile91\"]"}
COMMAND: POST /session/130ef63994e902c9deb83fe717a4bbca/element/f.DBA113373209FD8E36DE67C53790246B.d.A9E4F82BFDD41351751DBE1F58005C74.e.2705/click - {}
RESULT: {}
COMMAND: GET /session/130ef63994e902c9deb83fe717a4bbca/screenshot - {}
RESULT: {}
COMMAND: POST /session/130ef63994e902c9deb83fe717a4bbca/elements - {"using":"xpath","value":"//span[text()='Error']"}
RESULT: {"using":"xpath","value":"//span[text()='Error']"}
COMMAND: POST /session/130ef63994e902c9deb83fe717a4bbca/execute/async - {"script":"<script> [1562 bytes]","args":[{"selector":{"id":"application-managebillings-display-component---billRunCalcResult--smartFilterBar-btnBasicSearch","interaction":{"idSuffix":"I"}},"wdio_ui5_key":"applicationmanagebillings-display-component---billRunCalcResult--smartFilterBar-btnBasicSearch"}]}
RESULT: {"script":"<script> [1562 bytes]","args":[{"selector":{"id":"application-managebillings-display-component---billRunCalcResult--smartFilterBar-btnBasicSearch","interaction":{"idSuffix":"I"}},"wdio_ui5_key":"applicationmanagebillings-display-component---billRunCalcResult--smartFilterBar-btnBasicSearch"}]}
RESULT: undefined
COMMAND: POST /session/130ef63994e902c9deb83fe717a4bbca/execute/async - {"script":"<script> [776 bytes]","args":[{"enterText":"10189","selector":{"id":"application-managebillings-display-component---billRunCalcResult--smartFilterBar-btnBasicSearch","interaction":{"idSuffix":"I"}},"clearTextFirst":true,"interactionType":"ENTER_TEXT"}]}
RESULT: {"script":"<script> [776 bytes]","args":[{"enterText":"10189","selector":{"id":"application-managebillings-display-component---billRunCalcResult--smartFilterBar-btnBasicSearch","interaction":{"idSuffix":"I"}},"clearTextFirst":true,"interactionType":"ENTER_TEXT"}]}
COMMAND: POST /session/130ef63994e902c9deb83fe717a4bbca/actions - {"actions":[{"id":"action20","type":"key","parameters":{},"actions":[{"type":"keyDown","value":""},{"type":"pause","duration":10},{"type":"keyUp","value":""}]}]}
RESULT: {"actions":[{"id":"action20","type":"key","parameters":{},"actions":[{"type":"keyDown","value":""},{"type":"pause","duration":10},{"type":"keyUp","value":""}]}]}
COMMAND: GET /session/130ef63994e902c9deb83fe717a4bbca/screenshot - {}
RESULT: {}
COMMAND: POST /session/130ef63994e902c9deb83fe717a4bbca/element - {"using":"xpath","value":"//td[@aria-colindex=\"1\"]/div/div[contains(@class, \"sapMCbBg\")]"}
RESULT: {"using":"xpath","value":"//td[@aria-colindex=\"1\"]/div/div[contains(@class, \"sapMCbBg\")]"}
COMMAND: POST /session/130ef63994e902c9deb83fe717a4bbca/element/f.DBA113373209FD8E36DE67C53790246B.d.A9E4F82BFDD41351751DBE1F58005C74.e.5910/click - {}
RESULT: {}
COMMAND: GET /session/130ef63994e902c9deb83fe717a4bbca/screenshot - {}
RESULT: {}
COMMAND: POST /session/130ef63994e902c9deb83fe717a4bbca/execute/async - {"script":"<script> [1562 bytes]","args":[{"selector":{"id":"application-managebillings-display-component---billRunCalcResult--contractBillRunDate","interaction":{"idSuffix":"inner"}},"wdio_ui5_key":"applicationmanagebillings-display-component---billRunCalcResult--contractBillRunDate"}]}
RESULT: {"script":"<script> [1562 bytes]","args":[{"selector":{"id":"application-managebillings-display-component---billRunCalcResult--contractBillRunDate","interaction":{"idSuffix":"inner"}},"wdio_ui5_key":"applicationmanagebillings-display-component---billRunCalcResult--contractBillRunDate"}]}
RESULT: undefined
COMMAND: POST /session/130ef63994e902c9deb83fe717a4bbca/execute/async - {"script":"<script> [776 bytes]","args":[{"enterText":"6/24/25","selector":{"id":"application-managebillings-display-component---billRunCalcResult--contractBillRunDate","interaction":{"idSuffix":"inner"}},"clearTextFirst":true,"interactionType":"ENTER_TEXT"}]}
RESULT: {"script":"<script> [776 bytes]","args":[{"enterText":"6/24/25","selector":{"id":"application-managebillings-display-component---billRunCalcResult--contractBillRunDate","interaction":{"idSuffix":"inner"}},"clearTextFirst":true,"interactionType":"ENTER_TEXT"}]}
COMMAND: POST /session/130ef63994e902c9deb83fe717a4bbca/element - {"using":"xpath","value":"//bdi[contains(text(), \"Trigger Calculation\")]"}
RESULT: {"using":"xpath","value":"//bdi[contains(text(), \"Trigger Calculation\")]"}
COMMAND: POST /session/130ef63994e902c9deb83fe717a4bbca/element/f.DBA113373209FD8E36DE67C53790246B.d.A9E4F82BFDD41351751DBE1F58005C74.e.5930/click - {}
RESULT: {}
COMMAND: GET /session/130ef63994e902c9deb83fe717a4bbca/screenshot - {}
RESULT: {}
COMMAND: POST /session/130ef63994e902c9deb83fe717a4bbca/element - {"using":"xpath","value":"(//span[contains(@id, \"imgNav\")])[1]"}
RESULT: {"using":"xpath","value":"(//span[contains(@id, \"imgNav\")])[1]"}
COMMAND: POST /session/130ef63994e902c9deb83fe717a4bbca/element/f.DBA113373209FD8E36DE67C53790246B.d.A9E4F82BFDD41351751DBE1F58005C74.e.5924/click - {}
RESULT: {}
COMMAND: GET /session/130ef63994e902c9deb83fe717a4bbca/screenshot - {}
RESULT: {}
COMMAND: POST /session/130ef63994e902c9deb83fe717a4bbca/element - {"using":"xpath","value":"//tr/td[6]/div[1]/span[1]/span[1]"}
RESULT: {"using":"xpath","value":"//tr/td[6]/div[1]/span[1]/span[1]"}
COMMAND: GET /session/130ef63994e902c9deb83fe717a4bbca/element/f.DBA113373209FD8E36DE67C53790246B.d.A9E4F82BFDD41351751DBE1F58005C74.e.5935/text - {}
RESULT: {}
COMMAND: POST /session/130ef63994e902c9deb83fe717a4bbca/element - {"using":"xpath","value":"(//span[contains(@id, \"imgNav\")])[2]"}
RESULT: {"using":"xpath","value":"(//span[contains(@id, \"imgNav\")])[2]"}
COMMAND: POST /session/130ef63994e902c9deb83fe717a4bbca/element/f.DBA113373209FD8E36DE67C53790246B.d.A9E4F82BFDD41351751DBE1F58005C74.e.5936/click - {}
RESULT: {}
COMMAND: GET /session/130ef63994e902c9deb83fe717a4bbca/screenshot - {}
RESULT: {}
COMMAND: POST /session/130ef63994e902c9deb83fe717a4bbca/element - {"using":"xpath","value":"//bdi[contains(text(), \"Business Confirm\")]"}
RESULT: {"using":"xpath","value":"//bdi[contains(text(), \"Business Confirm\")]"}
COMMAND: POST /session/130ef63994e902c9deb83fe717a4bbca/element/f.DBA113373209FD8E36DE67C53790246B.d.A9E4F82BFDD41351751DBE1F58005C74.e.6011/click - {}
RESULT: {}
COMMAND: GET /session/130ef63994e902c9deb83fe717a4bbca/screenshot - {}
RESULT: {}
COMMAND: POST /session/130ef63994e902c9deb83fe717a4bbca/element - {"using":"xpath","value":"//bdi[contains(text(), \"Business Confirmed\")]"}
RESULT: {"using":"xpath","value":"//bdi[contains(text(), \"Business Confirmed\")]"}
COMMAND: POST /session/130ef63994e902c9deb83fe717a4bbca/execute/sync - {"script":"<script> [56 bytes]","args":[{"element-6066-11e4-a52e-4f735466cecf":"f.DBA113373209FD8E36DE67C53790246B.d.A9E4F82BFDD41351751DBE1F58005C74.e.6011","ELEMENT":"f.DBA113373209FD8E36DE67C53790246B.d.A9E4F82BFDD41351751DBE1F58005C74.e.6011"}]}
RESULT: {"script":"<script> [56 bytes]","args":[{"element-6066-11e4-a52e-4f735466cecf":"f.DBA113373209FD8E36DE67C53790246B.d.A9E4F82BFDD41351751DBE1F58005C74.e.6011","ELEMENT":"f.DBA113373209FD8E36DE67C53790246B.d.A9E4F82BFDD41351751DBE1F58005C74.e.6011"}]}
COMMAND: POST /session/130ef63994e902c9deb83fe717a4bbca/element - {"using":"css selector","value":"#shell-header-logo"}
COMMAND: GET /session/130ef63994e902c9deb83fe717a4bbca/screenshot - {}
RESULT: {"using":"css selector","value":"#shell-header-logo"}
COMMAND: POST /session/130ef63994e902c9deb83fe717a4bbca/element/f.DBA113373209FD8E36DE67C53790246B.d.A9E4F82BFDD41351751DBE1F58005C74.e.5684/click - {}
RESULT: {}
RESULT: {}
COMMAND: GET /session/130ef63994e902c9deb83fe717a4bbca/screenshot - {}
RESULT: {}
COMMAND: POST /session/130ef63994e902c9deb83fe717a4bbca/element - {"using":"css selector","value":"#j_username"}
COMMAND: POST /session/130ef63994e902c9deb83fe717a4bbca/url - {"url":"https://qa-testing-00-live-etm-ui.cfapps.eu10-004.hana.ondemand.com/"}
RESULT: {"using":"css selector","value":"#j_username"}
COMMAND: POST /session/130ef63994e902c9deb83fe717a4bbca/element - {"using":"css selector","value":"#j_username"}
RESULT: {"url":"https://qa-testing-00-live-etm-ui.cfapps.eu10-004.hana.ondemand.com/"}
RESULT: undefined
COMMAND: GET /session/130ef63994e902c9deb83fe717a4bbca/screenshot - {}
RESULT: {"using":"css selector","value":"#j_username"}
COMMAND: POST /session/130ef63994e902c9deb83fe717a4bbca/element - {"using":"css selector","value":"#shell-header-logo"}
RESULT: {}
RESULT: {"using":"css selector","value":"#shell-header-logo"}
COMMAND: POST /session/130ef63994e902c9deb83fe717a4bbca/execute/sync - {"script":"<script> [8489 bytes]","args":[{"element-6066-11e4-a52e-4f735466cecf":"f.DBA113373209FD8E36DE67C53790246B.d.AB312A4191355E6B10F5885DE33B396B.e.6024","ELEMENT":"f.DBA113373209FD8E36DE67C53790246B.d.AB312A4191355E6B10F5885DE33B396B.e.6024"}]}
RESULT: {"script":"<script> [8489 bytes]","args":[{"element-6066-11e4-a52e-4f735466cecf":"f.DBA113373209FD8E36DE67C53790246B.d.AB312A4191355E6B10F5885DE33B396B.e.6024","ELEMENT":"f.DBA113373209FD8E36DE67C53790246B.d.AB312A4191355E6B10F5885DE33B396B.e.6024"}]}
COMMAND: POST /session/130ef63994e902c9deb83fe717a4bbca/element - {"using":"css selector","value":"#shell-header-logo"}
COMMAND: GET /session/130ef63994e902c9deb83fe717a4bbca/screenshot - {}
RESULT: {"using":"css selector","value":"#shell-header-logo"}
COMMAND: POST /session/130ef63994e902c9deb83fe717a4bbca/execute/sync - {"script":"<script> [8489 bytes]","args":[{"element-6066-11e4-a52e-4f735466cecf":"f.DBA113373209FD8E36DE67C53790246B.d.AB312A4191355E6B10F5885DE33B396B.e.6024","ELEMENT":"f.DBA113373209FD8E36DE67C53790246B.d.AB312A4191355E6B10F5885DE33B396B.e.6024"}]}
RESULT: {}
RESULT: {"script":"<script> [8489 bytes]","args":[{"element-6066-11e4-a52e-4f735466cecf":"f.DBA113373209FD8E36DE67C53790246B.d.AB312A4191355E6B10F5885DE33B396B.e.6024","ELEMENT":"f.DBA113373209FD8E36DE67C53790246B.d.AB312A4191355E6B10F5885DE33B396B.e.6024"}]}
COMMAND: POST /session/130ef63994e902c9deb83fe717a4bbca/execute/sync - {"script":"<script> [5351 bytes]","args":[{"element-6066-11e4-a52e-4f735466cecf":"f.DBA113373209FD8E36DE67C53790246B.d.AB312A4191355E6B10F5885DE33B396B.e.6024","ELEMENT":"f.DBA113373209FD8E36DE67C53790246B.d.AB312A4191355E6B10F5885DE33B396B.e.6024"}]}
COMMAND: GET /session/130ef63994e902c9deb83fe717a4bbca/screenshot - {}
RESULT: {"script":"<script> [5351 bytes]","args":[{"element-6066-11e4-a52e-4f735466cecf":"f.DBA113373209FD8E36DE67C53790246B.d.AB312A4191355E6B10F5885DE33B396B.e.6024","ELEMENT":"f.DBA113373209FD8E36DE67C53790246B.d.AB312A4191355E6B10F5885DE33B396B.e.6024"}]}
COMMAND: POST /session/130ef63994e902c9deb83fe717a4bbca/element - {"using":"css selector","value":"#shell-header-logo"}
COMMAND: GET /session/130ef63994e902c9deb83fe717a4bbca/screenshot - {}
RESULT: {}
RESULT: {"using":"css selector","value":"#shell-header-logo"}
COMMAND: POST /session/130ef63994e902c9deb83fe717a4bbca/element/f.DBA113373209FD8E36DE67C53790246B.d.AB312A4191355E6B10F5885DE33B396B.e.6024/click - {}
RESULT: {}
RESULT: {}
COMMAND: GET /session/130ef63994e902c9deb83fe717a4bbca/screenshot - {}
RESULT: {}
COMMAND: POST /session/130ef63994e902c9deb83fe717a4bbca/execute/async - {"script":"<script> [189 bytes]","args":[]}
RESULT: {"script":"<script> [189 bytes]","args":[]}
COMMAND: POST /session/130ef63994e902c9deb83fe717a4bbca/execute/async - {"script":"<script> [123 bytes]","args":[]}
RESULT: {"script":"<script> [123 bytes]","args":[]}
COMMAND: POST /session/130ef63994e902c9deb83fe717a4bbca/timeouts - {"script":"<number>"}
RESULT: {"script":"<number>"}
COMMAND: GET /session/130ef63994e902c9deb83fe717a4bbca/timeouts - {}
RESULT: {}
RESULT: undefined
COMMAND: POST /session/130ef63994e902c9deb83fe717a4bbca/execute/async - {"script":"<script> [2676 bytes]","args":[]}
RESULT: {"script":"<script> [2676 bytes]","args":[]}
COMMAND: POST /session/130ef63994e902c9deb83fe717a4bbca/execute/async - {"script":"<script> [2342 bytes]","args":[{"protocol":"http","hostname":"0.0.0.0","path":"/","capabilities":{"browserName":"chrome","goog:chromeOptions":{"binary":"C:\\Program Files\\Google\\Chrome\\Application\\chrome.exe","args":["--start-maximized"]}},"logLevel":"warn","connectionRetryTimeout":120000,"connectionRetryCount":3,"logLevels":{},"enableDirectConnect":true,"strictSSL":true,"_":"65 more keys: [\"cacheDir\",\"port\",\"requestedCapabilities\",\"automationProtocol\",\"baseUrl\",\"waitforInterval\",\"waitforTimeout\",\"onReload\",\"beforeCommand\",\"afterCommand\",\"rootDir\",\"specs\",\"suites\",\"exclude\",\"groupLogsByTestSpec\",\"excludeDriverLogs\",\"bail\",\"framework\",\"reporters\",\"services\",\"maxInstances\",\"maxInstancesPerCapability\",\"injectGlobals\",\"filesToWatch\",\"execArgv\",\"runnerEnv\",\"runner\",\"shard\",\"specFileRetries\",\"specFileRetriesDelay\",\"specFileRetriesDeferred\",\"reporterSyncInterval\",\"reporterSyncTimeout\",\"cucumberFeaturesWithLineNumbers\",\"autoCompileOpts\",\"mochaOpts\",\"jasmineOpts\",\"cucumberOpts\",\"onPrepare\",\"onWorkerStart\",\"onWorkerEnd\",\"before\",\"beforeSession\",\"beforeSuite\",\"beforeHook\",\"beforeTest\",\"afterTest\",\"afterHook\",\"afterSuite\",\"afterSession\",\"after\",\"onComplete\",\"beforeAssertion\",\"afterAssertion\",\"beforeFeature\",\"beforeScenario\",\"beforeStep\",\"afterStep\",\"afterScenario\",\"afterFeature\",\"_\",\"suite\",\"$0\",\"ignoredWorkerServices\",\"wdi5\"]"}]}
RESULT: {"script":"<script> [2342 bytes]","args":[{"protocol":"http","hostname":"0.0.0.0","path":"/","capabilities":{"browserName":"chrome","goog:chromeOptions":{"binary":"C:\\Program Files\\Google\\Chrome\\Application\\chrome.exe","args":["--start-maximized"]}},"logLevel":"warn","connectionRetryTimeout":120000,"connectionRetryCount":3,"logLevels":{},"enableDirectConnect":true,"strictSSL":true,"_":"65 more keys: [\"cacheDir\",\"port\",\"requestedCapabilities\",\"automationProtocol\",\"baseUrl\",\"waitforInterval\",\"waitforTimeout\",\"onReload\",\"beforeCommand\",\"afterCommand\",\"rootDir\",\"specs\",\"suites\",\"exclude\",\"groupLogsByTestSpec\",\"excludeDriverLogs\",\"bail\",\"framework\",\"reporters\",\"services\",\"maxInstances\",\"maxInstancesPerCapability\",\"injectGlobals\",\"filesToWatch\",\"execArgv\",\"runnerEnv\",\"runner\",\"shard\",\"specFileRetries\",\"specFileRetriesDelay\",\"specFileRetriesDeferred\",\"reporterSyncInterval\",\"reporterSyncTimeout\",\"cucumberFeaturesWithLineNumbers\",\"autoCompileOpts\",\"mochaOpts\",\"jasmineOpts\",\"cucumberOpts\",\"onPrepare\",\"onWorkerStart\",\"onWorkerEnd\",\"before\",\"beforeSession\",\"beforeSuite\",\"beforeHook\",\"beforeTest\",\"afterTest\",\"afterHook\",\"afterSuite\",\"afterSession\",\"after\",\"onComplete\",\"beforeAssertion\",\"afterAssertion\",\"beforeFeature\",\"beforeScenario\",\"beforeStep\",\"afterStep\",\"afterScenario\",\"afterFeature\",\"_\",\"suite\",\"$0\",\"ignoredWorkerServices\",\"wdi5\"]"}]}
COMMAND: POST /session/130ef63994e902c9deb83fe717a4bbca/execute/async - {"script":"<script> [21126 bytes]","args":[35000]}
RESULT: {"script":"<script> [21126 bytes]","args":[35000]}
COMMAND: POST /session/130ef63994e902c9deb83fe717a4bbca/window/maximize - {}
RESULT: {}
COMMAND: POST /session/130ef63994e902c9deb83fe717a4bbca/execute/async - {"script":"<script> [1562 bytes]","args":[{"selector":{"id":"shell-header","interaction":{"idSuffix":"icon"}},"wdio_ui5_key":"shellheader"}]}
COMMAND: GET /session/130ef63994e902c9deb83fe717a4bbca/screenshot - {}
RESULT: {"script":"<script> [1562 bytes]","args":[{"selector":{"id":"shell-header","interaction":{"idSuffix":"icon"}},"wdio_ui5_key":"shellheader"}]}
RESULT: undefined
COMMAND: POST /session/130ef63994e902c9deb83fe717a4bbca/refresh - {}
RESULT: {}
RESULT: {}
COMMAND: GET /session/130ef63994e902c9deb83fe717a4bbca/screenshot - {}
RESULT: {}
COMMAND: POST /session/130ef63994e902c9deb83fe717a4bbca/refresh - {}
RESULT: {}
COMMAND: GET /session/130ef63994e902c9deb83fe717a4bbca/screenshot - {}
RESULT: {}
COMMAND: POST /session/130ef63994e902c9deb83fe717a4bbca/window/fullscreen - {}
RESULT: {}
COMMAND: POST /session/130ef63994e902c9deb83fe717a4bbca/execute/async - {"script":"<script> [189 bytes]","args":[]}
RESULT: {"script":"<script> [189 bytes]","args":[]}
COMMAND: POST /session/130ef63994e902c9deb83fe717a4bbca/execute/async - {"script":"<script> [123 bytes]","args":[]}
RESULT: {"script":"<script> [123 bytes]","args":[]}
COMMAND: POST /session/130ef63994e902c9deb83fe717a4bbca/timeouts - {"script":"<number>"}
RESULT: {"script":"<number>"}
COMMAND: GET /session/130ef63994e902c9deb83fe717a4bbca/timeouts - {}
RESULT: {}
RESULT: undefined
COMMAND: POST /session/130ef63994e902c9deb83fe717a4bbca/execute/async - {"script":"<script> [2676 bytes]","args":[]}
RESULT: {"script":"<script> [2676 bytes]","args":[]}
COMMAND: POST /session/130ef63994e902c9deb83fe717a4bbca/execute/async - {"script":"<script> [2342 bytes]","args":[{"protocol":"http","hostname":"0.0.0.0","path":"/","capabilities":{"browserName":"chrome","goog:chromeOptions":{"binary":"C:\\Program Files\\Google\\Chrome\\Application\\chrome.exe","args":["--start-maximized"]}},"logLevel":"warn","connectionRetryTimeout":120000,"connectionRetryCount":3,"logLevels":{},"enableDirectConnect":true,"strictSSL":true,"_":"65 more keys: [\"cacheDir\",\"port\",\"requestedCapabilities\",\"automationProtocol\",\"baseUrl\",\"waitforInterval\",\"waitforTimeout\",\"onReload\",\"beforeCommand\",\"afterCommand\",\"rootDir\",\"specs\",\"suites\",\"exclude\",\"groupLogsByTestSpec\",\"excludeDriverLogs\",\"bail\",\"framework\",\"reporters\",\"services\",\"maxInstances\",\"maxInstancesPerCapability\",\"injectGlobals\",\"filesToWatch\",\"execArgv\",\"runnerEnv\",\"runner\",\"shard\",\"specFileRetries\",\"specFileRetriesDelay\",\"specFileRetriesDeferred\",\"reporterSyncInterval\",\"reporterSyncTimeout\",\"cucumberFeaturesWithLineNumbers\",\"autoCompileOpts\",\"mochaOpts\",\"jasmineOpts\",\"cucumberOpts\",\"onPrepare\",\"onWorkerStart\",\"onWorkerEnd\",\"before\",\"beforeSession\",\"beforeSuite\",\"beforeHook\",\"beforeTest\",\"afterTest\",\"afterHook\",\"afterSuite\",\"afterSession\",\"after\",\"onComplete\",\"beforeAssertion\",\"afterAssertion\",\"beforeFeature\",\"beforeScenario\",\"beforeStep\",\"afterStep\",\"afterScenario\",\"afterFeature\",\"_\",\"suite\",\"$0\",\"ignoredWorkerServices\",\"wdi5\"]"}]}
RESULT: {"script":"<script> [2342 bytes]","args":[{"protocol":"http","hostname":"0.0.0.0","path":"/","capabilities":{"browserName":"chrome","goog:chromeOptions":{"binary":"C:\\Program Files\\Google\\Chrome\\Application\\chrome.exe","args":["--start-maximized"]}},"logLevel":"warn","connectionRetryTimeout":120000,"connectionRetryCount":3,"logLevels":{},"enableDirectConnect":true,"strictSSL":true,"_":"65 more keys: [\"cacheDir\",\"port\",\"requestedCapabilities\",\"automationProtocol\",\"baseUrl\",\"waitforInterval\",\"waitforTimeout\",\"onReload\",\"beforeCommand\",\"afterCommand\",\"rootDir\",\"specs\",\"suites\",\"exclude\",\"groupLogsByTestSpec\",\"excludeDriverLogs\",\"bail\",\"framework\",\"reporters\",\"services\",\"maxInstances\",\"maxInstancesPerCapability\",\"injectGlobals\",\"filesToWatch\",\"execArgv\",\"runnerEnv\",\"runner\",\"shard\",\"specFileRetries\",\"specFileRetriesDelay\",\"specFileRetriesDeferred\",\"reporterSyncInterval\",\"reporterSyncTimeout\",\"cucumberFeaturesWithLineNumbers\",\"autoCompileOpts\",\"mochaOpts\",\"jasmineOpts\",\"cucumberOpts\",\"onPrepare\",\"onWorkerStart\",\"onWorkerEnd\",\"before\",\"beforeSession\",\"beforeSuite\",\"beforeHook\",\"beforeTest\",\"afterTest\",\"afterHook\",\"afterSuite\",\"afterSession\",\"after\",\"onComplete\",\"beforeAssertion\",\"afterAssertion\",\"beforeFeature\",\"beforeScenario\",\"beforeStep\",\"afterStep\",\"afterScenario\",\"afterFeature\",\"_\",\"suite\",\"$0\",\"ignoredWorkerServices\",\"wdi5\"]"}]}
COMMAND: POST /session/130ef63994e902c9deb83fe717a4bbca/execute/async - {"script":"<script> [21126 bytes]","args":[35000]}
RESULT: {"script":"<script> [21126 bytes]","args":[35000]}
]]></system-out>
    </testcase>
  </testsuite>
  <testsuite timestamp="2025-05-24T17:27:04" time="1430.925" tests="14" failures="0" errors="0" skipped="0">
    <properties>
      <property name="specId" value="0"/>
      <property name="suiteName" value="Create master data for mixed billing &amp; do billing calculation US151661"/>
      <property name="capabilities" value="chrome.136_0_7103_93.windows"/>
      <property name="file" value="file:///D:/a/1/s/test/specs/BTS/billing-calculation-mixed.spec.js"/>
    </properties>
    <testcase classname="chrome.136_0_7103_93.windows.Create_master_data_for_mixed_billing_&amp;_do_billing_calculation_US151661" name="Should create a new yard" time="127.653">
      <system-out><![CDATA[
COMMAND: POST /session/130ef63994e902c9deb83fe717a4bbca/window/fullscreen - {}
RESULT: {}
COMMAND: POST /session/130ef63994e902c9deb83fe717a4bbca/execute/async - {"script":"<script> [1562 bytes]","args":[{"selector":{"controlType":"sap.m.GenericTile","properties":{"header":"Manage Yards"}},"wdio_ui5_key":"sapm.GenericTile{\"header\":\"Manage Yards\"}"}]}
RESULT: {"script":"<script> [1562 bytes]","args":[{"selector":{"controlType":"sap.m.GenericTile","properties":{"header":"Manage Yards"}},"wdio_ui5_key":"sapm.GenericTile{\"header\":\"Manage Yards\"}"}]}
RESULT: undefined
COMMAND: POST /session/130ef63994e902c9deb83fe717a4bbca/element - {"using":"xpath","value":"//*[@id=\"__tile41\"]"}
RESULT: {"using":"xpath","value":"//*[@id=\"__tile41\"]"}
COMMAND: POST /session/130ef63994e902c9deb83fe717a4bbca/element/f.DBA113373209FD8E36DE67C53790246B.d.81A4DD98394963B05641EEEC6C095103.e.6185/click - {}
RESULT: {}
COMMAND: GET /session/130ef63994e902c9deb83fe717a4bbca/screenshot - {}
RESULT: {}
COMMAND: POST /session/130ef63994e902c9deb83fe717a4bbca/elements - {"using":"xpath","value":"//span[text()='Error']"}
RESULT: {"using":"xpath","value":"//span[text()='Error']"}
COMMAND: POST /session/130ef63994e902c9deb83fe717a4bbca/element - {"using":"xpath","value":"//button[@data-kt=\"addNewYardOverflowToolbarButton\"]"}
RESULT: {"using":"xpath","value":"//button[@data-kt=\"addNewYardOverflowToolbarButton\"]"}
COMMAND: POST /session/130ef63994e902c9deb83fe717a4bbca/elements - {"using":"xpath","value":"//button[@data-kt=\"addNewYardOverflowToolbarButton\"]"}
RESULT: {"using":"xpath","value":"//button[@data-kt=\"addNewYardOverflowToolbarButton\"]"}
COMMAND: POST /session/130ef63994e902c9deb83fe717a4bbca/elements - {"using":"xpath","value":"//button[@data-kt=\"addNewYardOverflowToolbarButton\"]"}
RESULT: {"using":"xpath","value":"//button[@data-kt=\"addNewYardOverflowToolbarButton\"]"}
COMMAND: POST /session/130ef63994e902c9deb83fe717a4bbca/elements - {"using":"xpath","value":"//button[@data-kt=\"addNewYardOverflowToolbarButton\"]"}
RESULT: {"using":"xpath","value":"//button[@data-kt=\"addNewYardOverflowToolbarButton\"]"}
COMMAND: POST /session/130ef63994e902c9deb83fe717a4bbca/elements - {"using":"xpath","value":"//button[@data-kt=\"addNewYardOverflowToolbarButton\"]"}
RESULT: {"using":"xpath","value":"//button[@data-kt=\"addNewYardOverflowToolbarButton\"]"}
COMMAND: POST /session/130ef63994e902c9deb83fe717a4bbca/element - {"using":"xpath","value":"//button[@data-kt=\"addNewYardOverflowToolbarButton\"]"}
RESULT: {"using":"xpath","value":"//button[@data-kt=\"addNewYardOverflowToolbarButton\"]"}
COMMAND: POST /session/130ef63994e902c9deb83fe717a4bbca/execute/sync - {"script":"<script> [8489 bytes]","args":[{"element-6066-11e4-a52e-4f735466cecf":"f.DBA113373209FD8E36DE67C53790246B.d.81A4DD98394963B05641EEEC6C095103.e.6312","ELEMENT":"f.DBA113373209FD8E36DE67C53790246B.d.81A4DD98394963B05641EEEC6C095103.e.6312"}]}
RESULT: {"script":"<script> [8489 bytes]","args":[{"element-6066-11e4-a52e-4f735466cecf":"f.DBA113373209FD8E36DE67C53790246B.d.81A4DD98394963B05641EEEC6C095103.e.6312","ELEMENT":"f.DBA113373209FD8E36DE67C53790246B.d.81A4DD98394963B05641EEEC6C095103.e.6312"}]}
COMMAND: GET /session/130ef63994e902c9deb83fe717a4bbca/element/f.DBA113373209FD8E36DE67C53790246B.d.81A4DD98394963B05641EEEC6C095103.e.6312/enabled - {}
COMMAND: GET /session/130ef63994e902c9deb83fe717a4bbca/screenshot - {}
RESULT: {}
COMMAND: POST /session/130ef63994e902c9deb83fe717a4bbca/execute/sync - {"script":"<script> [8489 bytes]","args":[{"element-6066-11e4-a52e-4f735466cecf":"f.DBA113373209FD8E36DE67C53790246B.d.81A4DD98394963B05641EEEC6C095103.e.6312","ELEMENT":"f.DBA113373209FD8E36DE67C53790246B.d.81A4DD98394963B05641EEEC6C095103.e.6312"}]}
COMMAND: GET /session/130ef63994e902c9deb83fe717a4bbca/screenshot - {}
RESULT: {}
RESULT: {"script":"<script> [8489 bytes]","args":[{"element-6066-11e4-a52e-4f735466cecf":"f.DBA113373209FD8E36DE67C53790246B.d.81A4DD98394963B05641EEEC6C095103.e.6312","ELEMENT":"f.DBA113373209FD8E36DE67C53790246B.d.81A4DD98394963B05641EEEC6C095103.e.6312"}]}
COMMAND: POST /session/130ef63994e902c9deb83fe717a4bbca/execute/sync - {"script":"<script> [5351 bytes]","args":[{"element-6066-11e4-a52e-4f735466cecf":"f.DBA113373209FD8E36DE67C53790246B.d.81A4DD98394963B05641EEEC6C095103.e.6312","ELEMENT":"f.DBA113373209FD8E36DE67C53790246B.d.81A4DD98394963B05641EEEC6C095103.e.6312"}]}
COMMAND: GET /session/130ef63994e902c9deb83fe717a4bbca/screenshot - {}
RESULT: {}
RESULT: {"script":"<script> [5351 bytes]","args":[{"element-6066-11e4-a52e-4f735466cecf":"f.DBA113373209FD8E36DE67C53790246B.d.81A4DD98394963B05641EEEC6C095103.e.6312","ELEMENT":"f.DBA113373209FD8E36DE67C53790246B.d.81A4DD98394963B05641EEEC6C095103.e.6312"}]}
COMMAND: POST /session/130ef63994e902c9deb83fe717a4bbca/element/f.DBA113373209FD8E36DE67C53790246B.d.81A4DD98394963B05641EEEC6C095103.e.6312/click - {}
COMMAND: GET /session/130ef63994e902c9deb83fe717a4bbca/screenshot - {}
RESULT: {}
RESULT: {}
COMMAND: GET /session/130ef63994e902c9deb83fe717a4bbca/screenshot - {}
COMMAND: POST /session/130ef63994e902c9deb83fe717a4bbca/element - {"using":"xpath","value":"//input[@id=\"application-manageyards-display-component---NewYard--yardId-inner\"]"}
RESULT: {}
RESULT: {}
RESULT: {"using":"xpath","value":"//input[@id=\"application-manageyards-display-component---NewYard--yardId-inner\"]"}
COMMAND: POST /session/130ef63994e902c9deb83fe717a4bbca/element - {"using":"xpath","value":"//input[@id=\"application-manageyards-display-component---NewYard--yardId-inner\"]"}
RESULT: {"using":"xpath","value":"//input[@id=\"application-manageyards-display-component---NewYard--yardId-inner\"]"}
COMMAND: POST /session/130ef63994e902c9deb83fe717a4bbca/execute/async - {"script":"<script> [1562 bytes]","args":[{"selector":{"id":"application-manageyards-display-component---NewYard--addressDetailDetailsName1","interaction":{"idSuffix":"inner"}},"wdio_ui5_key":"applicationmanageyards-display-component---NewYard--addressDetailDetailsName1"}]}
RESULT: {"script":"<script> [1562 bytes]","args":[{"selector":{"id":"application-manageyards-display-component---NewYard--addressDetailDetailsName1","interaction":{"idSuffix":"inner"}},"wdio_ui5_key":"applicationmanageyards-display-component---NewYard--addressDetailDetailsName1"}]}
RESULT: undefined
COMMAND: POST /session/130ef63994e902c9deb83fe717a4bbca/execute/async - {"script":"<script> [776 bytes]","args":[{"enterText":"Intercompany Yard wdIO","selector":{"id":"application-manageyards-display-component---NewYard--addressDetailDetailsName1","interaction":{"idSuffix":"inner"}},"clearTextFirst":true,"interactionType":"ENTER_TEXT"}]}
RESULT: {"script":"<script> [776 bytes]","args":[{"enterText":"Intercompany Yard wdIO","selector":{"id":"application-manageyards-display-component---NewYard--addressDetailDetailsName1","interaction":{"idSuffix":"inner"}},"clearTextFirst":true,"interactionType":"ENTER_TEXT"}]}
COMMAND: POST /session/130ef63994e902c9deb83fe717a4bbca/execute/async - {"script":"<script> [1562 bytes]","args":[{"selector":{"id":"application-manageyards-display-component---NewYard--addressDetailDetailsLanguage-arrow"},"wdio_ui5_key":"applicationmanageyards-display-component---NewYard--addressDetailDetailsLanguage-arrow"}]}
RESULT: {"script":"<script> [1562 bytes]","args":[{"selector":{"id":"application-manageyards-display-component---NewYard--addressDetailDetailsLanguage-arrow"},"wdio_ui5_key":"applicationmanageyards-display-component---NewYard--addressDetailDetailsLanguage-arrow"}]}
RESULT: undefined
COMMAND: POST /session/130ef63994e902c9deb83fe717a4bbca/element - {"using":"xpath","value":"//*[@id=\"application-manageyards-display-component---NewYard--addressDetailDetailsLanguage-arrow\"]"}
RESULT: {"using":"xpath","value":"//*[@id=\"application-manageyards-display-component---NewYard--addressDetailDetailsLanguage-arrow\"]"}
COMMAND: POST /session/130ef63994e902c9deb83fe717a4bbca/element/f.DBA113373209FD8E36DE67C53790246B.d.81A4DD98394963B05641EEEC6C095103.e.6746/click - {}
RESULT: {}
COMMAND: POST /session/130ef63994e902c9deb83fe717a4bbca/element - {"using":"xpath","value":"//span[contains(text(), \"English\")]"}
COMMAND: GET /session/130ef63994e902c9deb83fe717a4bbca/screenshot - {}
RESULT: {"using":"xpath","value":"//span[contains(text(), \"English\")]"}
COMMAND: POST /session/130ef63994e902c9deb83fe717a4bbca/element/f.DBA113373209FD8E36DE67C53790246B.d.81A4DD98394963B05641EEEC6C095103.e.6747/click - {}
RESULT: {}
RESULT: {}
COMMAND: POST /session/130ef63994e902c9deb83fe717a4bbca/execute/async - {"script":"<script> [1562 bytes]","args":[{"selector":{"id":"application-manageyards-display-component---NewYard--addressDetailDetailsCity1","interaction":{"idSuffix":"inner"}},"wdio_ui5_key":"applicationmanageyards-display-component---NewYard--addressDetailDetailsCity1"}]}
COMMAND: GET /session/130ef63994e902c9deb83fe717a4bbca/screenshot - {}
RESULT: {"script":"<script> [1562 bytes]","args":[{"selector":{"id":"application-manageyards-display-component---NewYard--addressDetailDetailsCity1","interaction":{"idSuffix":"inner"}},"wdio_ui5_key":"applicationmanageyards-display-component---NewYard--addressDetailDetailsCity1"}]}
RESULT: undefined
COMMAND: POST /session/130ef63994e902c9deb83fe717a4bbca/execute/async - {"script":"<script> [776 bytes]","args":[{"enterText":"Rosario","selector":{"id":"application-manageyards-display-component---NewYard--addressDetailDetailsCity1","interaction":{"idSuffix":"inner"}},"clearTextFirst":true,"interactionType":"ENTER_TEXT"}]}
RESULT: {}
RESULT: {"script":"<script> [776 bytes]","args":[{"enterText":"Rosario","selector":{"id":"application-manageyards-display-component---NewYard--addressDetailDetailsCity1","interaction":{"idSuffix":"inner"}},"clearTextFirst":true,"interactionType":"ENTER_TEXT"}]}
COMMAND: POST /session/130ef63994e902c9deb83fe717a4bbca/execute/async - {"script":"<script> [1562 bytes]","args":[{"selector":{"id":"application-manageyards-display-component---NewYard--addressDetailDetailsCountry-arrow"},"wdio_ui5_key":"applicationmanageyards-display-component---NewYard--addressDetailDetailsCountry-arrow"}]}
RESULT: {"script":"<script> [1562 bytes]","args":[{"selector":{"id":"application-manageyards-display-component---NewYard--addressDetailDetailsCountry-arrow"},"wdio_ui5_key":"applicationmanageyards-display-component---NewYard--addressDetailDetailsCountry-arrow"}]}
RESULT: undefined
COMMAND: POST /session/130ef63994e902c9deb83fe717a4bbca/element - {"using":"xpath","value":"//*[@id=\"application-manageyards-display-component---NewYard--addressDetailDetailsCountry-arrow\"]"}
RESULT: {"using":"xpath","value":"//*[@id=\"application-manageyards-display-component---NewYard--addressDetailDetailsCountry-arrow\"]"}
COMMAND: POST /session/130ef63994e902c9deb83fe717a4bbca/element/f.DBA113373209FD8E36DE67C53790246B.d.81A4DD98394963B05641EEEC6C095103.e.6749/click - {}
RESULT: {}
COMMAND: POST /session/130ef63994e902c9deb83fe717a4bbca/element - {"using":"xpath","value":"//span[contains(text(), \"Argentina\")]"}
COMMAND: GET /session/130ef63994e902c9deb83fe717a4bbca/screenshot - {}
RESULT: {"using":"xpath","value":"//span[contains(text(), \"Argentina\")]"}
COMMAND: POST /session/130ef63994e902c9deb83fe717a4bbca/element/f.DBA113373209FD8E36DE67C53790246B.d.81A4DD98394963B05641EEEC6C095103.e.6750/click - {}
RESULT: {}
RESULT: {}
COMMAND: POST /session/130ef63994e902c9deb83fe717a4bbca/execute/async - {"script":"<script> [1562 bytes]","args":[{"selector":{"id":"application-manageyards-display-component---NewYard--addressEditDetailsCostObjectCstType-arrow"},"wdio_ui5_key":"applicationmanageyards-display-component---NewYard--addressEditDetailsCostObjectCstType-arrow"}]}
COMMAND: GET /session/130ef63994e902c9deb83fe717a4bbca/screenshot - {}
RESULT: {"script":"<script> [1562 bytes]","args":[{"selector":{"id":"application-manageyards-display-component---NewYard--addressEditDetailsCostObjectCstType-arrow"},"wdio_ui5_key":"applicationmanageyards-display-component---NewYard--addressEditDetailsCostObjectCstType-arrow"}]}
RESULT: undefined
COMMAND: POST /session/130ef63994e902c9deb83fe717a4bbca/element - {"using":"xpath","value":"//*[@id=\"application-manageyards-display-component---NewYard--addressEditDetailsCostObjectCstType-arrow\"]"}
RESULT: {}
RESULT: {"using":"xpath","value":"//*[@id=\"application-manageyards-display-component---NewYard--addressEditDetailsCostObjectCstType-arrow\"]"}
COMMAND: POST /session/130ef63994e902c9deb83fe717a4bbca/element/f.DBA113373209FD8E36DE67C53790246B.d.81A4DD98394963B05641EEEC6C095103.e.6752/click - {}
RESULT: {}
COMMAND: POST /session/130ef63994e902c9deb83fe717a4bbca/element - {"using":"xpath","value":"//span[contains(text(), \"Cost Center\")]"}
COMMAND: GET /session/130ef63994e902c9deb83fe717a4bbca/screenshot - {}
RESULT: {"using":"xpath","value":"//span[contains(text(), \"Cost Center\")]"}
COMMAND: POST /session/130ef63994e902c9deb83fe717a4bbca/element/f.DBA113373209FD8E36DE67C53790246B.d.81A4DD98394963B05641EEEC6C095103.e.6753/click - {}
RESULT: {}
RESULT: {}
COMMAND: GET /session/130ef63994e902c9deb83fe717a4bbca/screenshot - {}
RESULT: {}
COMMAND: POST /session/130ef63994e902c9deb83fe717a4bbca/element - {"using":"xpath","value":"//span[@id=\"application-manageyards-display-component---NewYard--addressNewCostObjectCstID-vhi\"]"}
RESULT: {"using":"xpath","value":"//span[@id=\"application-manageyards-display-component---NewYard--addressNewCostObjectCstID-vhi\"]"}
COMMAND: POST /session/130ef63994e902c9deb83fe717a4bbca/execute/sync - {"script":"<script> [8489 bytes]","args":[{"element-6066-11e4-a52e-4f735466cecf":"f.DBA113373209FD8E36DE67C53790246B.d.81A4DD98394963B05641EEEC6C095103.e.6757","ELEMENT":"f.DBA113373209FD8E36DE67C53790246B.d.81A4DD98394963B05641EEEC6C095103.e.6757"}]}
RESULT: {"script":"<script> [8489 bytes]","args":[{"element-6066-11e4-a52e-4f735466cecf":"f.DBA113373209FD8E36DE67C53790246B.d.81A4DD98394963B05641EEEC6C095103.e.6757","ELEMENT":"f.DBA113373209FD8E36DE67C53790246B.d.81A4DD98394963B05641EEEC6C095103.e.6757"}]}
COMMAND: POST /session/130ef63994e902c9deb83fe717a4bbca/execute/async - {"script":"<script> [1562 bytes]","args":[{"selector":{"id":"application-manageyards-display-component---NewYard--addressNewCostObjectCstID-vhi"},"wdio_ui5_key":"applicationmanageyards-display-component---NewYard--addressNewCostObjectCstID-vhi"}]}
COMMAND: GET /session/130ef63994e902c9deb83fe717a4bbca/screenshot - {}
RESULT: {"script":"<script> [1562 bytes]","args":[{"selector":{"id":"application-manageyards-display-component---NewYard--addressNewCostObjectCstID-vhi"},"wdio_ui5_key":"applicationmanageyards-display-component---NewYard--addressNewCostObjectCstID-vhi"}]}
RESULT: undefined
COMMAND: POST /session/130ef63994e902c9deb83fe717a4bbca/element - {"using":"xpath","value":"//*[@id=\"application-manageyards-display-component---NewYard--addressNewCostObjectCstID-vhi\"]"}
RESULT: {}
RESULT: {"using":"xpath","value":"//*[@id=\"application-manageyards-display-component---NewYard--addressNewCostObjectCstID-vhi\"]"}
COMMAND: POST /session/130ef63994e902c9deb83fe717a4bbca/element/f.DBA113373209FD8E36DE67C53790246B.d.81A4DD98394963B05641EEEC6C095103.e.6757/click - {}
RESULT: {}
COMMAND: GET /session/130ef63994e902c9deb83fe717a4bbca/screenshot - {}
RESULT: {}
COMMAND: POST /session/130ef63994e902c9deb83fe717a4bbca/execute/async - {"script":"<script> [1562 bytes]","args":[{"selector":{"controlType":"sap.m.SearchField","properties":{"placeholder":"Search"},"searchOpenDialogs":true,"interaction":{"idSuffix":"I"}},"wdio_ui5_key":"sapm.SearchField{\"placeholder\":\"Search\"}"}]}
RESULT: {"script":"<script> [1562 bytes]","args":[{"selector":{"controlType":"sap.m.SearchField","properties":{"placeholder":"Search"},"searchOpenDialogs":true,"interaction":{"idSuffix":"I"}},"wdio_ui5_key":"sapm.SearchField{\"placeholder\":\"Search\"}"}]}
RESULT: undefined
COMMAND: POST /session/130ef63994e902c9deb83fe717a4bbca/execute/async - {"script":"<script> [776 bytes]","args":[{"enterText":"bauh_b","selector":{"controlType":"sap.m.SearchField","properties":{"placeholder":"Search"},"searchOpenDialogs":true,"interaction":{"idSuffix":"I"}},"clearTextFirst":true,"interactionType":"ENTER_TEXT"}]}
RESULT: {"script":"<script> [776 bytes]","args":[{"enterText":"bauh_b","selector":{"controlType":"sap.m.SearchField","properties":{"placeholder":"Search"},"searchOpenDialogs":true,"interaction":{"idSuffix":"I"}},"clearTextFirst":true,"interactionType":"ENTER_TEXT"}]}
COMMAND: POST /session/130ef63994e902c9deb83fe717a4bbca/actions - {"actions":[{"id":"action21","type":"key","parameters":{},"actions":[{"type":"keyDown","value":""},{"type":"pause","duration":10},{"type":"keyUp","value":""}]}]}
RESULT: {"actions":[{"id":"action21","type":"key","parameters":{},"actions":[{"type":"keyDown","value":""},{"type":"pause","duration":10},{"type":"keyUp","value":""}]}]}
COMMAND: GET /session/130ef63994e902c9deb83fe717a4bbca/screenshot - {}
RESULT: {}
COMMAND: POST /session/130ef63994e902c9deb83fe717a4bbca/element - {"using":"xpath","value":"//span[contains(text(), \"Demo Yard\")]"}
RESULT: {"using":"xpath","value":"//span[contains(text(), \"Demo Yard\")]"}
COMMAND: POST /session/130ef63994e902c9deb83fe717a4bbca/element/f.DBA113373209FD8E36DE67C53790246B.d.81A4DD98394963B05641EEEC6C095103.e.6798/click - {}
RESULT: {}
COMMAND: GET /session/130ef63994e902c9deb83fe717a4bbca/screenshot - {}
RESULT: {}
COMMAND: POST /session/130ef63994e902c9deb83fe717a4bbca/element - {"using":"xpath","value":"//bdi[contains(text(), \"OK\")]"}
RESULT: {"using":"xpath","value":"//bdi[contains(text(), \"OK\")]"}
COMMAND: POST /session/130ef63994e902c9deb83fe717a4bbca/element/f.DBA113373209FD8E36DE67C53790246B.d.81A4DD98394963B05641EEEC6C095103.e.6799/click - {}
RESULT: {}
COMMAND: GET /session/130ef63994e902c9deb83fe717a4bbca/screenshot - {}
RESULT: {}
COMMAND: POST /session/130ef63994e902c9deb83fe717a4bbca/execute/async - {"script":"<script> [1562 bytes]","args":[{"selector":{"id":"application-manageyards-display-component---NewYard--addressEditDetailsCurrency-arrow"},"wdio_ui5_key":"applicationmanageyards-display-component---NewYard--addressEditDetailsCurrency-arrow"}]}
RESULT: {"script":"<script> [1562 bytes]","args":[{"selector":{"id":"application-manageyards-display-component---NewYard--addressEditDetailsCurrency-arrow"},"wdio_ui5_key":"applicationmanageyards-display-component---NewYard--addressEditDetailsCurrency-arrow"}]}
RESULT: undefined
COMMAND: POST /session/130ef63994e902c9deb83fe717a4bbca/element - {"using":"xpath","value":"//*[@id=\"application-manageyards-display-component---NewYard--addressEditDetailsCurrency-arrow\"]"}
RESULT: {"using":"xpath","value":"//*[@id=\"application-manageyards-display-component---NewYard--addressEditDetailsCurrency-arrow\"]"}
COMMAND: POST /session/130ef63994e902c9deb83fe717a4bbca/element/f.DBA113373209FD8E36DE67C53790246B.d.81A4DD98394963B05641EEEC6C095103.e.6802/click - {}
RESULT: {}
COMMAND: POST /session/130ef63994e902c9deb83fe717a4bbca/element - {"using":"xpath","value":"//span[contains(text(), \"Euro\")]"}
COMMAND: GET /session/130ef63994e902c9deb83fe717a4bbca/screenshot - {}
RESULT: {"using":"xpath","value":"//span[contains(text(), \"Euro\")]"}
COMMAND: POST /session/130ef63994e902c9deb83fe717a4bbca/element/f.DBA113373209FD8E36DE67C53790246B.d.81A4DD98394963B05641EEEC6C095103.e.6803/click - {}
RESULT: {}
RESULT: {}
COMMAND: POST /session/130ef63994e902c9deb83fe717a4bbca/execute/async - {"script":"<script> [1562 bytes]","args":[{"selector":{"controlType":"sap.m.Input","viewName":"etm.portal.ui.manageyards.view.New","viewId":"application-manageyards-display-component---NewYard","bindingPath":{"path":"","propertyPath":"/CONTROLLING_AREA","modelName":"NewYardModel"},"interaction":{"idSuffix":"inner"}},"wdio_ui5_key":"etmportal.ui.manageyards.view.Newsap.m.Input{\"path\":\"\",\"propertyPath\":\"/CONTROLLING_AREA\",\"modelName\":\"NewYardModel\"}"}]}
COMMAND: GET /session/130ef63994e902c9deb83fe717a4bbca/screenshot - {}
RESULT: {"script":"<script> [1562 bytes]","args":[{"selector":{"controlType":"sap.m.Input","viewName":"etm.portal.ui.manageyards.view.New","viewId":"application-manageyards-display-component---NewYard","bindingPath":{"path":"","propertyPath":"/CONTROLLING_AREA","modelName":"NewYardModel"},"interaction":{"idSuffix":"inner"}},"wdio_ui5_key":"etmportal.ui.manageyards.view.Newsap.m.Input{\"path\":\"\",\"propertyPath\":\"/CONTROLLING_AREA\",\"modelName\":\"NewYardModel\"}"}]}
RESULT: undefined
COMMAND: POST /session/130ef63994e902c9deb83fe717a4bbca/execute/async - {"script":"<script> [776 bytes]","args":[{"enterText":"Z001","selector":{"controlType":"sap.m.Input","viewName":"etm.portal.ui.manageyards.view.New","viewId":"application-manageyards-display-component---NewYard","bindingPath":{"path":"","propertyPath":"/CONTROLLING_AREA","modelName":"NewYardModel"},"interaction":{"idSuffix":"inner"}},"clearTextFirst":true,"interactionType":"ENTER_TEXT"}]}
RESULT: {}
RESULT: {"script":"<script> [776 bytes]","args":[{"enterText":"Z001","selector":{"controlType":"sap.m.Input","viewName":"etm.portal.ui.manageyards.view.New","viewId":"application-manageyards-display-component---NewYard","bindingPath":{"path":"","propertyPath":"/CONTROLLING_AREA","modelName":"NewYardModel"},"interaction":{"idSuffix":"inner"}},"clearTextFirst":true,"interactionType":"ENTER_TEXT"}]}
COMMAND: POST /session/130ef63994e902c9deb83fe717a4bbca/execute/async - {"script":"<script> [1562 bytes]","args":[{"selector":{"id":"application-manageyards-display-component---NewYard--companyCodeComboBox","interaction":{"idSuffix":"inner"}},"wdio_ui5_key":"applicationmanageyards-display-component---NewYard--companyCodeComboBox"}]}
RESULT: {"script":"<script> [1562 bytes]","args":[{"selector":{"id":"application-manageyards-display-component---NewYard--companyCodeComboBox","interaction":{"idSuffix":"inner"}},"wdio_ui5_key":"applicationmanageyards-display-component---NewYard--companyCodeComboBox"}]}
RESULT: undefined
COMMAND: POST /session/130ef63994e902c9deb83fe717a4bbca/execute/async - {"script":"<script> [776 bytes]","args":[{"enterText":"1000","selector":{"id":"application-manageyards-display-component---NewYard--companyCodeComboBox","interaction":{"idSuffix":"inner"}},"clearTextFirst":true,"interactionType":"ENTER_TEXT"}]}
RESULT: {"script":"<script> [776 bytes]","args":[{"enterText":"1000","selector":{"id":"application-manageyards-display-component---NewYard--companyCodeComboBox","interaction":{"idSuffix":"inner"}},"clearTextFirst":true,"interactionType":"ENTER_TEXT"}]}
COMMAND: POST /session/130ef63994e902c9deb83fe717a4bbca/execute/async - {"script":"<script> [1562 bytes]","args":[{"selector":{"controlType":"sap.m.Input","viewName":"etm.portal.ui.manageyards.view.New","viewId":"application-manageyards-display-component---NewYard","bindingPath":{"path":"","propertyPath":"/PLANT","modelName":"NewYardModel"},"interaction":{"idSuffix":"inner"}},"wdio_ui5_key":"etmportal.ui.manageyards.view.Newsap.m.Input{\"path\":\"\",\"propertyPath\":\"/PLANT\",\"modelName\":\"NewYardModel\"}"}]}
RESULT: {"script":"<script> [1562 bytes]","args":[{"selector":{"controlType":"sap.m.Input","viewName":"etm.portal.ui.manageyards.view.New","viewId":"application-manageyards-display-component---NewYard","bindingPath":{"path":"","propertyPath":"/PLANT","modelName":"NewYardModel"},"interaction":{"idSuffix":"inner"}},"wdio_ui5_key":"etmportal.ui.manageyards.view.Newsap.m.Input{\"path\":\"\",\"propertyPath\":\"/PLANT\",\"modelName\":\"NewYardModel\"}"}]}
RESULT: undefined
COMMAND: POST /session/130ef63994e902c9deb83fe717a4bbca/execute/async - {"script":"<script> [776 bytes]","args":[{"enterText":"1001","selector":{"controlType":"sap.m.Input","viewName":"etm.portal.ui.manageyards.view.New","viewId":"application-manageyards-display-component---NewYard","bindingPath":{"path":"","propertyPath":"/PLANT","modelName":"NewYardModel"},"interaction":{"idSuffix":"inner"}},"clearTextFirst":true,"interactionType":"ENTER_TEXT"}]}
RESULT: {"script":"<script> [776 bytes]","args":[{"enterText":"1001","selector":{"controlType":"sap.m.Input","viewName":"etm.portal.ui.manageyards.view.New","viewId":"application-manageyards-display-component---NewYard","bindingPath":{"path":"","propertyPath":"/PLANT","modelName":"NewYardModel"},"interaction":{"idSuffix":"inner"}},"clearTextFirst":true,"interactionType":"ENTER_TEXT"}]}
COMMAND: POST /session/130ef63994e902c9deb83fe717a4bbca/execute/async - {"script":"<script> [1562 bytes]","args":[{"selector":{"controlType":"sap.m.Input","viewName":"etm.portal.ui.manageyards.view.New","viewId":"application-manageyards-display-component---NewYard","bindingPath":{"path":"","propertyPath":"/SALES_AREA_VKORG","modelName":"NewYardModel"},"interaction":{"idSuffix":"inner"}},"wdio_ui5_key":"etmportal.ui.manageyards.view.Newsap.m.Input{\"path\":\"\",\"propertyPath\":\"/SALES_AREA_VKORG\",\"modelName\":\"NewYardModel\"}"}]}
RESULT: {"script":"<script> [1562 bytes]","args":[{"selector":{"controlType":"sap.m.Input","viewName":"etm.portal.ui.manageyards.view.New","viewId":"application-manageyards-display-component---NewYard","bindingPath":{"path":"","propertyPath":"/SALES_AREA_VKORG","modelName":"NewYardModel"},"interaction":{"idSuffix":"inner"}},"wdio_ui5_key":"etmportal.ui.manageyards.view.Newsap.m.Input{\"path\":\"\",\"propertyPath\":\"/SALES_AREA_VKORG\",\"modelName\":\"NewYardModel\"}"}]}
RESULT: undefined
COMMAND: POST /session/130ef63994e902c9deb83fe717a4bbca/execute/async - {"script":"<script> [776 bytes]","args":[{"enterText":"C002","selector":{"controlType":"sap.m.Input","viewName":"etm.portal.ui.manageyards.view.New","viewId":"application-manageyards-display-component---NewYard","bindingPath":{"path":"","propertyPath":"/SALES_AREA_VKORG","modelName":"NewYardModel"},"interaction":{"idSuffix":"inner"}},"clearTextFirst":true,"interactionType":"ENTER_TEXT"}]}
RESULT: {"script":"<script> [776 bytes]","args":[{"enterText":"C002","selector":{"controlType":"sap.m.Input","viewName":"etm.portal.ui.manageyards.view.New","viewId":"application-manageyards-display-component---NewYard","bindingPath":{"path":"","propertyPath":"/SALES_AREA_VKORG","modelName":"NewYardModel"},"interaction":{"idSuffix":"inner"}},"clearTextFirst":true,"interactionType":"ENTER_TEXT"}]}
COMMAND: POST /session/130ef63994e902c9deb83fe717a4bbca/execute/async - {"script":"<script> [1562 bytes]","args":[{"selector":{"controlType":"sap.m.Input","viewName":"etm.portal.ui.manageyards.view.New","viewId":"application-manageyards-display-component---NewYard","bindingPath":{"path":"","propertyPath":"/SALES_AREA_VTWEG","modelName":"NewYardModel"},"interaction":{"idSuffix":"inner"}},"wdio_ui5_key":"etmportal.ui.manageyards.view.Newsap.m.Input{\"path\":\"\",\"propertyPath\":\"/SALES_AREA_VTWEG\",\"modelName\":\"NewYardModel\"}"}]}
RESULT: {"script":"<script> [1562 bytes]","args":[{"selector":{"controlType":"sap.m.Input","viewName":"etm.portal.ui.manageyards.view.New","viewId":"application-manageyards-display-component---NewYard","bindingPath":{"path":"","propertyPath":"/SALES_AREA_VTWEG","modelName":"NewYardModel"},"interaction":{"idSuffix":"inner"}},"wdio_ui5_key":"etmportal.ui.manageyards.view.Newsap.m.Input{\"path\":\"\",\"propertyPath\":\"/SALES_AREA_VTWEG\",\"modelName\":\"NewYardModel\"}"}]}
RESULT: undefined
COMMAND: POST /session/130ef63994e902c9deb83fe717a4bbca/execute/async - {"script":"<script> [776 bytes]","args":[{"enterText":"C2","selector":{"controlType":"sap.m.Input","viewName":"etm.portal.ui.manageyards.view.New","viewId":"application-manageyards-display-component---NewYard","bindingPath":{"path":"","propertyPath":"/SALES_AREA_VTWEG","modelName":"NewYardModel"},"interaction":{"idSuffix":"inner"}},"clearTextFirst":true,"interactionType":"ENTER_TEXT"}]}
RESULT: {"script":"<script> [776 bytes]","args":[{"enterText":"C2","selector":{"controlType":"sap.m.Input","viewName":"etm.portal.ui.manageyards.view.New","viewId":"application-manageyards-display-component---NewYard","bindingPath":{"path":"","propertyPath":"/SALES_AREA_VTWEG","modelName":"NewYardModel"},"interaction":{"idSuffix":"inner"}},"clearTextFirst":true,"interactionType":"ENTER_TEXT"}]}
COMMAND: POST /session/130ef63994e902c9deb83fe717a4bbca/execute/async - {"script":"<script> [1562 bytes]","args":[{"selector":{"controlType":"sap.m.Input","viewName":"etm.portal.ui.manageyards.view.New","viewId":"application-manageyards-display-component---NewYard","bindingPath":{"path":"","propertyPath":"/SALES_AREA_SPART","modelName":"NewYardModel"},"interaction":{"idSuffix":"inner"}},"wdio_ui5_key":"etmportal.ui.manageyards.view.Newsap.m.Input{\"path\":\"\",\"propertyPath\":\"/SALES_AREA_SPART\",\"modelName\":\"NewYardModel\"}"}]}
RESULT: {"script":"<script> [1562 bytes]","args":[{"selector":{"controlType":"sap.m.Input","viewName":"etm.portal.ui.manageyards.view.New","viewId":"application-manageyards-display-component---NewYard","bindingPath":{"path":"","propertyPath":"/SALES_AREA_SPART","modelName":"NewYardModel"},"interaction":{"idSuffix":"inner"}},"wdio_ui5_key":"etmportal.ui.manageyards.view.Newsap.m.Input{\"path\":\"\",\"propertyPath\":\"/SALES_AREA_SPART\",\"modelName\":\"NewYardModel\"}"}]}
RESULT: undefined
COMMAND: POST /session/130ef63994e902c9deb83fe717a4bbca/execute/async - {"script":"<script> [776 bytes]","args":[{"enterText":"C2","selector":{"controlType":"sap.m.Input","viewName":"etm.portal.ui.manageyards.view.New","viewId":"application-manageyards-display-component---NewYard","bindingPath":{"path":"","propertyPath":"/SALES_AREA_SPART","modelName":"NewYardModel"},"interaction":{"idSuffix":"inner"}},"clearTextFirst":true,"interactionType":"ENTER_TEXT"}]}
RESULT: {"script":"<script> [776 bytes]","args":[{"enterText":"C2","selector":{"controlType":"sap.m.Input","viewName":"etm.portal.ui.manageyards.view.New","viewId":"application-manageyards-display-component---NewYard","bindingPath":{"path":"","propertyPath":"/SALES_AREA_SPART","modelName":"NewYardModel"},"interaction":{"idSuffix":"inner"}},"clearTextFirst":true,"interactionType":"ENTER_TEXT"}]}
COMMAND: POST /session/130ef63994e902c9deb83fe717a4bbca/execute/async - {"script":"<script> [1562 bytes]","args":[{"selector":{"controlType":"sap.m.Input","viewName":"etm.portal.ui.manageyards.view.New","viewId":"application-manageyards-display-component---NewYard","bindingPath":{"path":"","propertyPath":"/SHIP_POINT","modelName":"NewYardModel"},"interaction":{"idSuffix":"inner"}},"wdio_ui5_key":"etmportal.ui.manageyards.view.Newsap.m.Input{\"path\":\"\",\"propertyPath\":\"/SHIP_POINT\",\"modelName\":\"NewYardModel\"}"}]}
RESULT: {"script":"<script> [1562 bytes]","args":[{"selector":{"controlType":"sap.m.Input","viewName":"etm.portal.ui.manageyards.view.New","viewId":"application-manageyards-display-component---NewYard","bindingPath":{"path":"","propertyPath":"/SHIP_POINT","modelName":"NewYardModel"},"interaction":{"idSuffix":"inner"}},"wdio_ui5_key":"etmportal.ui.manageyards.view.Newsap.m.Input{\"path\":\"\",\"propertyPath\":\"/SHIP_POINT\",\"modelName\":\"NewYardModel\"}"}]}
RESULT: undefined
COMMAND: POST /session/130ef63994e902c9deb83fe717a4bbca/execute/async - {"script":"<script> [776 bytes]","args":[{"enterText":"1710","selector":{"controlType":"sap.m.Input","viewName":"etm.portal.ui.manageyards.view.New","viewId":"application-manageyards-display-component---NewYard","bindingPath":{"path":"","propertyPath":"/SHIP_POINT","modelName":"NewYardModel"},"interaction":{"idSuffix":"inner"}},"clearTextFirst":true,"interactionType":"ENTER_TEXT"}]}
RESULT: {"script":"<script> [776 bytes]","args":[{"enterText":"1710","selector":{"controlType":"sap.m.Input","viewName":"etm.portal.ui.manageyards.view.New","viewId":"application-manageyards-display-component---NewYard","bindingPath":{"path":"","propertyPath":"/SHIP_POINT","modelName":"NewYardModel"},"interaction":{"idSuffix":"inner"}},"clearTextFirst":true,"interactionType":"ENTER_TEXT"}]}
COMMAND: POST /session/130ef63994e902c9deb83fe717a4bbca/execute/async - {"script":"<script> [1562 bytes]","args":[{"selector":{"controlType":"sap.m.Input","viewName":"etm.portal.ui.manageyards.view.New","viewId":"application-manageyards-display-component---NewYard","bindingPath":{"path":"","propertyPath":"/DELIVERY_TYPE","modelName":"NewYardModel"},"interaction":{"idSuffix":"inner"}},"wdio_ui5_key":"etmportal.ui.manageyards.view.Newsap.m.Input{\"path\":\"\",\"propertyPath\":\"/DELIVERY_TYPE\",\"modelName\":\"NewYardModel\"}"}]}
RESULT: {"script":"<script> [1562 bytes]","args":[{"selector":{"controlType":"sap.m.Input","viewName":"etm.portal.ui.manageyards.view.New","viewId":"application-manageyards-display-component---NewYard","bindingPath":{"path":"","propertyPath":"/DELIVERY_TYPE","modelName":"NewYardModel"},"interaction":{"idSuffix":"inner"}},"wdio_ui5_key":"etmportal.ui.manageyards.view.Newsap.m.Input{\"path\":\"\",\"propertyPath\":\"/DELIVERY_TYPE\",\"modelName\":\"NewYardModel\"}"}]}
RESULT: undefined
COMMAND: POST /session/130ef63994e902c9deb83fe717a4bbca/execute/async - {"script":"<script> [776 bytes]","args":[{"enterText":"ZL01","selector":{"controlType":"sap.m.Input","viewName":"etm.portal.ui.manageyards.view.New","viewId":"application-manageyards-display-component---NewYard","bindingPath":{"path":"","propertyPath":"/DELIVERY_TYPE","modelName":"NewYardModel"},"interaction":{"idSuffix":"inner"}},"clearTextFirst":true,"interactionType":"ENTER_TEXT"}]}
RESULT: {"script":"<script> [776 bytes]","args":[{"enterText":"ZL01","selector":{"controlType":"sap.m.Input","viewName":"etm.portal.ui.manageyards.view.New","viewId":"application-manageyards-display-component---NewYard","bindingPath":{"path":"","propertyPath":"/DELIVERY_TYPE","modelName":"NewYardModel"},"interaction":{"idSuffix":"inner"}},"clearTextFirst":true,"interactionType":"ENTER_TEXT"}]}
COMMAND: POST /session/130ef63994e902c9deb83fe717a4bbca/execute/async - {"script":"<script> [1562 bytes]","args":[{"selector":{"controlType":"sap.m.Input","viewName":"etm.portal.ui.manageyards.view.New","viewId":"application-manageyards-display-component---NewYard","bindingPath":{"path":"","propertyPath":"/AUART","modelName":"NewYardModel"},"interaction":{"idSuffix":"inner"}},"wdio_ui5_key":"etmportal.ui.manageyards.view.Newsap.m.Input{\"path\":\"\",\"propertyPath\":\"/AUART\",\"modelName\":\"NewYardModel\"}"}]}
RESULT: {"script":"<script> [1562 bytes]","args":[{"selector":{"controlType":"sap.m.Input","viewName":"etm.portal.ui.manageyards.view.New","viewId":"application-manageyards-display-component---NewYard","bindingPath":{"path":"","propertyPath":"/AUART","modelName":"NewYardModel"},"interaction":{"idSuffix":"inner"}},"wdio_ui5_key":"etmportal.ui.manageyards.view.Newsap.m.Input{\"path\":\"\",\"propertyPath\":\"/AUART\",\"modelName\":\"NewYardModel\"}"}]}
RESULT: undefined
COMMAND: POST /session/130ef63994e902c9deb83fe717a4bbca/execute/async - {"script":"<script> [776 bytes]","args":[{"enterText":"TA","selector":{"controlType":"sap.m.Input","viewName":"etm.portal.ui.manageyards.view.New","viewId":"application-manageyards-display-component---NewYard","bindingPath":{"path":"","propertyPath":"/AUART","modelName":"NewYardModel"},"interaction":{"idSuffix":"inner"}},"clearTextFirst":true,"interactionType":"ENTER_TEXT"}]}
RESULT: {"script":"<script> [776 bytes]","args":[{"enterText":"TA","selector":{"controlType":"sap.m.Input","viewName":"etm.portal.ui.manageyards.view.New","viewId":"application-manageyards-display-component---NewYard","bindingPath":{"path":"","propertyPath":"/AUART","modelName":"NewYardModel"},"interaction":{"idSuffix":"inner"}},"clearTextFirst":true,"interactionType":"ENTER_TEXT"}]}
COMMAND: POST /session/130ef63994e902c9deb83fe717a4bbca/element - {"using":"xpath","value":"//button[@data-kt=\"newYardSaveButton\"]"}
RESULT: {"using":"xpath","value":"//button[@data-kt=\"newYardSaveButton\"]"}
COMMAND: POST /session/130ef63994e902c9deb83fe717a4bbca/element/f.DBA113373209FD8E36DE67C53790246B.d.81A4DD98394963B05641EEEC6C095103.e.6739/click - {}
RESULT: {}
COMMAND: GET /session/130ef63994e902c9deb83fe717a4bbca/screenshot - {}
RESULT: {}
COMMAND: POST /session/130ef63994e902c9deb83fe717a4bbca/element - {"using":"xpath","value":"//header[contains(@id, 'ObjectPageLayout-headerTitle')]/div[1]/div[2]/div[1]/span[1]"}
RESULT: {"using":"xpath","value":"//header[contains(@id, 'ObjectPageLayout-headerTitle')]/div[1]/div[2]/div[1]/span[1]"}
COMMAND: POST /session/130ef63994e902c9deb83fe717a4bbca/elements - {"using":"xpath","value":"//header[contains(@id, 'ObjectPageLayout-headerTitle')]/div[1]/div[2]/div[1]/span[1]"}
RESULT: {"using":"xpath","value":"//header[contains(@id, 'ObjectPageLayout-headerTitle')]/div[1]/div[2]/div[1]/span[1]"}
COMMAND: POST /session/130ef63994e902c9deb83fe717a4bbca/execute/sync - {"script":"<script> [56 bytes]","args":[{"element-6066-11e4-a52e-4f735466cecf":"f.DBA113373209FD8E36DE67C53790246B.d.81A4DD98394963B05641EEEC6C095103.e.7023","ELEMENT":"f.DBA113373209FD8E36DE67C53790246B.d.81A4DD98394963B05641EEEC6C095103.e.7023"}]}
RESULT: {"script":"<script> [56 bytes]","args":[{"element-6066-11e4-a52e-4f735466cecf":"f.DBA113373209FD8E36DE67C53790246B.d.81A4DD98394963B05641EEEC6C095103.e.7023","ELEMENT":"f.DBA113373209FD8E36DE67C53790246B.d.81A4DD98394963B05641EEEC6C095103.e.7023"}]}
COMMAND: GET /session/130ef63994e902c9deb83fe717a4bbca/screenshot - {}
RESULT: {}
COMMAND: POST /session/130ef63994e902c9deb83fe717a4bbca/element - {"using":"css selector","value":"#shell-header-logo"}
RESULT: {"using":"css selector","value":"#shell-header-logo"}
COMMAND: POST /session/130ef63994e902c9deb83fe717a4bbca/element/f.DBA113373209FD8E36DE67C53790246B.d.81A4DD98394963B05641EEEC6C095103.e.6280/click - {}
RESULT: {}
COMMAND: GET /session/130ef63994e902c9deb83fe717a4bbca/screenshot - {}
RESULT: {}
COMMAND: POST /session/130ef63994e902c9deb83fe717a4bbca/execute/sync - {"script":"<script> [299 bytes]","args":[["getModel","getResource"]]}
RESULT: {"script":"<script> [299 bytes]","args":[["getModel","getResource"]]}
COMMAND: GET /session/130ef63994e902c9deb83fe717a4bbca/screenshot - {}
]]></system-out>
    </testcase>
    <testcase classname="chrome.136_0_7103_93.windows.Create_master_data_for_mixed_billing_&amp;_do_billing_calculation_US151661" name="Should create a new partner" time="151.485">
      <system-out><![CDATA[
COMMAND: POST /session/130ef63994e902c9deb83fe717a4bbca/window/fullscreen - {}
RESULT: {}
RESULT: {}
COMMAND: POST /session/130ef63994e902c9deb83fe717a4bbca/execute/async - {"script":"<script> [1562 bytes]","args":[{"selector":{"controlType":"sap.m.GenericTile","properties":{"header":"Manage Partners"}},"wdio_ui5_key":"sapm.GenericTile{\"header\":\"Manage Partners\"}"}]}
RESULT: {"script":"<script> [1562 bytes]","args":[{"selector":{"controlType":"sap.m.GenericTile","properties":{"header":"Manage Partners"}},"wdio_ui5_key":"sapm.GenericTile{\"header\":\"Manage Partners\"}"}]}
RESULT: undefined
COMMAND: POST /session/130ef63994e902c9deb83fe717a4bbca/element - {"using":"xpath","value":"//*[@id=\"__tile38\"]"}
RESULT: {"using":"xpath","value":"//*[@id=\"__tile38\"]"}
COMMAND: POST /session/130ef63994e902c9deb83fe717a4bbca/element/f.DBA113373209FD8E36DE67C53790246B.d.81A4DD98394963B05641EEEC6C095103.e.6176/click - {}
RESULT: {}
COMMAND: GET /session/130ef63994e902c9deb83fe717a4bbca/screenshot - {}
RESULT: {}
COMMAND: POST /session/130ef63994e902c9deb83fe717a4bbca/elements - {"using":"xpath","value":"//span[text()='Error']"}
RESULT: {"using":"xpath","value":"//span[text()='Error']"}
COMMAND: POST /session/130ef63994e902c9deb83fe717a4bbca/element - {"using":"xpath","value":"//button[@data-kt=\"addButton\"]"}
RESULT: {"using":"xpath","value":"//button[@data-kt=\"addButton\"]"}
COMMAND: POST /session/130ef63994e902c9deb83fe717a4bbca/elements - {"using":"xpath","value":"//button[@data-kt=\"addButton\"]"}
RESULT: {"using":"xpath","value":"//button[@data-kt=\"addButton\"]"}
COMMAND: POST /session/130ef63994e902c9deb83fe717a4bbca/elements - {"using":"xpath","value":"//button[@data-kt=\"addButton\"]"}
RESULT: {"using":"xpath","value":"//button[@data-kt=\"addButton\"]"}
COMMAND: POST /session/130ef63994e902c9deb83fe717a4bbca/element - {"using":"xpath","value":"//button[@data-kt=\"addButton\"]"}
RESULT: {"using":"xpath","value":"//button[@data-kt=\"addButton\"]"}
COMMAND: POST /session/130ef63994e902c9deb83fe717a4bbca/execute/sync - {"script":"<script> [8489 bytes]","args":[{"element-6066-11e4-a52e-4f735466cecf":"f.DBA113373209FD8E36DE67C53790246B.d.81A4DD98394963B05641EEEC6C095103.e.7061","ELEMENT":"f.DBA113373209FD8E36DE67C53790246B.d.81A4DD98394963B05641EEEC6C095103.e.7061"}]}
RESULT: {"script":"<script> [8489 bytes]","args":[{"element-6066-11e4-a52e-4f735466cecf":"f.DBA113373209FD8E36DE67C53790246B.d.81A4DD98394963B05641EEEC6C095103.e.7061","ELEMENT":"f.DBA113373209FD8E36DE67C53790246B.d.81A4DD98394963B05641EEEC6C095103.e.7061"}]}
COMMAND: GET /session/130ef63994e902c9deb83fe717a4bbca/element/f.DBA113373209FD8E36DE67C53790246B.d.81A4DD98394963B05641EEEC6C095103.e.7061/enabled - {}
COMMAND: GET /session/130ef63994e902c9deb83fe717a4bbca/screenshot - {}
RESULT: {}
COMMAND: POST /session/130ef63994e902c9deb83fe717a4bbca/execute/sync - {"script":"<script> [8489 bytes]","args":[{"element-6066-11e4-a52e-4f735466cecf":"f.DBA113373209FD8E36DE67C53790246B.d.81A4DD98394963B05641EEEC6C095103.e.7061","ELEMENT":"f.DBA113373209FD8E36DE67C53790246B.d.81A4DD98394963B05641EEEC6C095103.e.7061"}]}
COMMAND: GET /session/130ef63994e902c9deb83fe717a4bbca/screenshot - {}
RESULT: {}
RESULT: {"script":"<script> [8489 bytes]","args":[{"element-6066-11e4-a52e-4f735466cecf":"f.DBA113373209FD8E36DE67C53790246B.d.81A4DD98394963B05641EEEC6C095103.e.7061","ELEMENT":"f.DBA113373209FD8E36DE67C53790246B.d.81A4DD98394963B05641EEEC6C095103.e.7061"}]}
COMMAND: POST /session/130ef63994e902c9deb83fe717a4bbca/execute/sync - {"script":"<script> [5351 bytes]","args":[{"element-6066-11e4-a52e-4f735466cecf":"f.DBA113373209FD8E36DE67C53790246B.d.81A4DD98394963B05641EEEC6C095103.e.7061","ELEMENT":"f.DBA113373209FD8E36DE67C53790246B.d.81A4DD98394963B05641EEEC6C095103.e.7061"}]}
COMMAND: GET /session/130ef63994e902c9deb83fe717a4bbca/screenshot - {}
RESULT: {}
RESULT: {"script":"<script> [5351 bytes]","args":[{"element-6066-11e4-a52e-4f735466cecf":"f.DBA113373209FD8E36DE67C53790246B.d.81A4DD98394963B05641EEEC6C095103.e.7061","ELEMENT":"f.DBA113373209FD8E36DE67C53790246B.d.81A4DD98394963B05641EEEC6C095103.e.7061"}]}
COMMAND: POST /session/130ef63994e902c9deb83fe717a4bbca/element/f.DBA113373209FD8E36DE67C53790246B.d.81A4DD98394963B05641EEEC6C095103.e.7061/click - {}
COMMAND: GET /session/130ef63994e902c9deb83fe717a4bbca/screenshot - {}
RESULT: {}
RESULT: {}
COMMAND: GET /session/130ef63994e902c9deb83fe717a4bbca/screenshot - {}
RESULT: {}
RESULT: {}
COMMAND: POST /session/130ef63994e902c9deb83fe717a4bbca/execute/async - {"script":"<script> [1562 bytes]","args":[{"selector":{"id":"application-managepartners-display-component---NewPartner--addressDetailDetailsName1","interaction":{"idSuffix":"inner"}},"wdio_ui5_key":"applicationmanagepartners-display-component---NewPartner--addressDetailDetailsName1"}]}
RESULT: {"script":"<script> [1562 bytes]","args":[{"selector":{"id":"application-managepartners-display-component---NewPartner--addressDetailDetailsName1","interaction":{"idSuffix":"inner"}},"wdio_ui5_key":"applicationmanagepartners-display-component---NewPartner--addressDetailDetailsName1"}]}
RESULT: undefined
COMMAND: POST /session/130ef63994e902c9deb83fe717a4bbca/execute/async - {"script":"<script> [776 bytes]","args":[{"enterText":"Intercompany Partner WDIO","selector":{"id":"application-managepartners-display-component---NewPartner--addressDetailDetailsName1","interaction":{"idSuffix":"inner"}},"clearTextFirst":true,"interactionType":"ENTER_TEXT"}]}
RESULT: {"script":"<script> [776 bytes]","args":[{"enterText":"Intercompany Partner WDIO","selector":{"id":"application-managepartners-display-component---NewPartner--addressDetailDetailsName1","interaction":{"idSuffix":"inner"}},"clearTextFirst":true,"interactionType":"ENTER_TEXT"}]}
COMMAND: POST /session/130ef63994e902c9deb83fe717a4bbca/execute/async - {"script":"<script> [1562 bytes]","args":[{"selector":{"id":"application-managepartners-display-component---NewPartner--addressDetailDetailsLanguage-arrow"},"wdio_ui5_key":"applicationmanagepartners-display-component---NewPartner--addressDetailDetailsLanguage-arrow"}]}
RESULT: {"script":"<script> [1562 bytes]","args":[{"selector":{"id":"application-managepartners-display-component---NewPartner--addressDetailDetailsLanguage-arrow"},"wdio_ui5_key":"applicationmanagepartners-display-component---NewPartner--addressDetailDetailsLanguage-arrow"}]}
RESULT: undefined
COMMAND: POST /session/130ef63994e902c9deb83fe717a4bbca/element - {"using":"xpath","value":"//*[@id=\"application-managepartners-display-component---NewPartner--addressDetailDetailsLanguage-arrow\"]"}
RESULT: {"using":"xpath","value":"//*[@id=\"application-managepartners-display-component---NewPartner--addressDetailDetailsLanguage-arrow\"]"}
COMMAND: POST /session/130ef63994e902c9deb83fe717a4bbca/element/f.DBA113373209FD8E36DE67C53790246B.d.81A4DD98394963B05641EEEC6C095103.e.7515/click - {}
RESULT: {}
COMMAND: POST /session/130ef63994e902c9deb83fe717a4bbca/element - {"using":"xpath","value":"//span[contains(text(), \"English\")]"}
COMMAND: GET /session/130ef63994e902c9deb83fe717a4bbca/screenshot - {}
RESULT: {"using":"xpath","value":"//span[contains(text(), \"English\")]"}
COMMAND: POST /session/130ef63994e902c9deb83fe717a4bbca/element/f.DBA113373209FD8E36DE67C53790246B.d.81A4DD98394963B05641EEEC6C095103.e.7516/click - {}
RESULT: {}
RESULT: {}
COMMAND: GET /session/130ef63994e902c9deb83fe717a4bbca/screenshot - {}
RESULT: {}
COMMAND: POST /session/130ef63994e902c9deb83fe717a4bbca/execute/async - {"script":"<script> [1562 bytes]","args":[{"selector":{"id":"application-managepartners-display-component---NewPartner--addressDetailDetailsCity1","interaction":{"idSuffix":"inner"}},"wdio_ui5_key":"applicationmanagepartners-display-component---NewPartner--addressDetailDetailsCity1"}]}
RESULT: {"script":"<script> [1562 bytes]","args":[{"selector":{"id":"application-managepartners-display-component---NewPartner--addressDetailDetailsCity1","interaction":{"idSuffix":"inner"}},"wdio_ui5_key":"applicationmanagepartners-display-component---NewPartner--addressDetailDetailsCity1"}]}
RESULT: undefined
COMMAND: POST /session/130ef63994e902c9deb83fe717a4bbca/execute/async - {"script":"<script> [776 bytes]","args":[{"enterText":"Rosario","selector":{"id":"application-managepartners-display-component---NewPartner--addressDetailDetailsCity1","interaction":{"idSuffix":"inner"}},"clearTextFirst":true,"interactionType":"ENTER_TEXT"}]}
RESULT: {"script":"<script> [776 bytes]","args":[{"enterText":"Rosario","selector":{"id":"application-managepartners-display-component---NewPartner--addressDetailDetailsCity1","interaction":{"idSuffix":"inner"}},"clearTextFirst":true,"interactionType":"ENTER_TEXT"}]}
COMMAND: POST /session/130ef63994e902c9deb83fe717a4bbca/execute/async - {"script":"<script> [1562 bytes]","args":[{"selector":{"id":"application-managepartners-display-component---NewPartner--addressDetailDetailsCountry-arrow"},"wdio_ui5_key":"applicationmanagepartners-display-component---NewPartner--addressDetailDetailsCountry-arrow"}]}
RESULT: {"script":"<script> [1562 bytes]","args":[{"selector":{"id":"application-managepartners-display-component---NewPartner--addressDetailDetailsCountry-arrow"},"wdio_ui5_key":"applicationmanagepartners-display-component---NewPartner--addressDetailDetailsCountry-arrow"}]}
RESULT: undefined
COMMAND: POST /session/130ef63994e902c9deb83fe717a4bbca/element - {"using":"xpath","value":"//*[@id=\"application-managepartners-display-component---NewPartner--addressDetailDetailsCountry-arrow\"]"}
RESULT: {"using":"xpath","value":"//*[@id=\"application-managepartners-display-component---NewPartner--addressDetailDetailsCountry-arrow\"]"}
COMMAND: POST /session/130ef63994e902c9deb83fe717a4bbca/element/f.DBA113373209FD8E36DE67C53790246B.d.81A4DD98394963B05641EEEC6C095103.e.7479/click - {}
RESULT: {}
COMMAND: POST /session/130ef63994e902c9deb83fe717a4bbca/element - {"using":"xpath","value":"//span[contains(text(), \"Argentina\")]"}
COMMAND: GET /session/130ef63994e902c9deb83fe717a4bbca/screenshot - {}
RESULT: {"using":"xpath","value":"//span[contains(text(), \"Argentina\")]"}
COMMAND: POST /session/130ef63994e902c9deb83fe717a4bbca/element/f.DBA113373209FD8E36DE67C53790246B.d.81A4DD98394963B05641EEEC6C095103.e.7518/click - {}
RESULT: {}
RESULT: {}
COMMAND: GET /session/130ef63994e902c9deb83fe717a4bbca/screenshot - {}
RESULT: {}
COMMAND: POST /session/130ef63994e902c9deb83fe717a4bbca/element - {"using":"xpath","value":"//bdi[contains(text(), \"Commercial\")]"}
RESULT: {"using":"xpath","value":"//bdi[contains(text(), \"Commercial\")]"}
COMMAND: POST /session/130ef63994e902c9deb83fe717a4bbca/element/f.DBA113373209FD8E36DE67C53790246B.d.81A4DD98394963B05641EEEC6C095103.e.7519/click - {}
RESULT: {}
COMMAND: GET /session/130ef63994e902c9deb83fe717a4bbca/screenshot - {}
RESULT: {}
COMMAND: POST /session/130ef63994e902c9deb83fe717a4bbca/execute/async - {"script":"<script> [1562 bytes]","args":[{"selector":{"id":"application-managepartners-display-component---NewPartner--partnerDetailInternal-arrow"},"wdio_ui5_key":"applicationmanagepartners-display-component---NewPartner--partnerDetailInternal-arrow"}]}
RESULT: {"script":"<script> [1562 bytes]","args":[{"selector":{"id":"application-managepartners-display-component---NewPartner--partnerDetailInternal-arrow"},"wdio_ui5_key":"applicationmanagepartners-display-component---NewPartner--partnerDetailInternal-arrow"}]}
RESULT: undefined
COMMAND: POST /session/130ef63994e902c9deb83fe717a4bbca/element - {"using":"xpath","value":"//*[@id=\"application-managepartners-display-component---NewPartner--partnerDetailInternal-arrow\"]"}
RESULT: {"using":"xpath","value":"//*[@id=\"application-managepartners-display-component---NewPartner--partnerDetailInternal-arrow\"]"}
COMMAND: POST /session/130ef63994e902c9deb83fe717a4bbca/element/f.DBA113373209FD8E36DE67C53790246B.d.81A4DD98394963B05641EEEC6C095103.e.7525/click - {}
RESULT: {}
COMMAND: POST /session/130ef63994e902c9deb83fe717a4bbca/element - {"using":"xpath","value":"//span[contains(text(), \"Affiliated company\")]"}
COMMAND: GET /session/130ef63994e902c9deb83fe717a4bbca/screenshot - {}
RESULT: {"using":"xpath","value":"//span[contains(text(), \"Affiliated company\")]"}
COMMAND: POST /session/130ef63994e902c9deb83fe717a4bbca/element/f.DBA113373209FD8E36DE67C53790246B.d.81A4DD98394963B05641EEEC6C095103.e.7526/click - {}
RESULT: {}
RESULT: {}
COMMAND: POST /session/130ef63994e902c9deb83fe717a4bbca/execute/async - {"script":"<script> [1562 bytes]","args":[{"selector":{"id":"application-managepartners-display-component---NewPartner--partnerDetailsCurrency-arrow"},"wdio_ui5_key":"applicationmanagepartners-display-component---NewPartner--partnerDetailsCurrency-arrow"}]}
COMMAND: GET /session/130ef63994e902c9deb83fe717a4bbca/screenshot - {}
RESULT: {"script":"<script> [1562 bytes]","args":[{"selector":{"id":"application-managepartners-display-component---NewPartner--partnerDetailsCurrency-arrow"},"wdio_ui5_key":"applicationmanagepartners-display-component---NewPartner--partnerDetailsCurrency-arrow"}]}
RESULT: undefined
COMMAND: POST /session/130ef63994e902c9deb83fe717a4bbca/element - {"using":"xpath","value":"//*[@id=\"application-managepartners-display-component---NewPartner--partnerDetailsCurrency-arrow\"]"}
RESULT: {}
RESULT: {"using":"xpath","value":"//*[@id=\"application-managepartners-display-component---NewPartner--partnerDetailsCurrency-arrow\"]"}
COMMAND: POST /session/130ef63994e902c9deb83fe717a4bbca/element/f.DBA113373209FD8E36DE67C53790246B.d.81A4DD98394963B05641EEEC6C095103.e.7533/click - {}
RESULT: {}
COMMAND: POST /session/130ef63994e902c9deb83fe717a4bbca/element - {"using":"xpath","value":"//span[contains(text(), \"Euro\")]"}
COMMAND: GET /session/130ef63994e902c9deb83fe717a4bbca/screenshot - {}
RESULT: {"using":"xpath","value":"//span[contains(text(), \"Euro\")]"}
COMMAND: POST /session/130ef63994e902c9deb83fe717a4bbca/element/f.DBA113373209FD8E36DE67C53790246B.d.81A4DD98394963B05641EEEC6C095103.e.7534/click - {}
RESULT: {}
RESULT: {}
COMMAND: POST /session/130ef63994e902c9deb83fe717a4bbca/execute/async - {"script":"<script> [1562 bytes]","args":[{"selector":{"id":"application-managepartners-display-component---NewPartner--addressEditDetailsCostObjectCstType-arrow"},"wdio_ui5_key":"applicationmanagepartners-display-component---NewPartner--addressEditDetailsCostObjectCstType-arrow"}]}
COMMAND: GET /session/130ef63994e902c9deb83fe717a4bbca/screenshot - {}
RESULT: {"script":"<script> [1562 bytes]","args":[{"selector":{"id":"application-managepartners-display-component---NewPartner--addressEditDetailsCostObjectCstType-arrow"},"wdio_ui5_key":"applicationmanagepartners-display-component---NewPartner--addressEditDetailsCostObjectCstType-arrow"}]}
RESULT: undefined
COMMAND: POST /session/130ef63994e902c9deb83fe717a4bbca/element - {"using":"xpath","value":"//*[@id=\"application-managepartners-display-component---NewPartner--addressEditDetailsCostObjectCstType-arrow\"]"}
RESULT: {}
RESULT: {"using":"xpath","value":"//*[@id=\"application-managepartners-display-component---NewPartner--addressEditDetailsCostObjectCstType-arrow\"]"}
COMMAND: POST /session/130ef63994e902c9deb83fe717a4bbca/element/f.DBA113373209FD8E36DE67C53790246B.d.81A4DD98394963B05641EEEC6C095103.e.7535/click - {}
RESULT: {}
COMMAND: POST /session/130ef63994e902c9deb83fe717a4bbca/element - {"using":"xpath","value":"//span[contains(text(), \"Cost Center\")]"}
COMMAND: GET /session/130ef63994e902c9deb83fe717a4bbca/screenshot - {}
RESULT: {"using":"xpath","value":"//span[contains(text(), \"Cost Center\")]"}
COMMAND: POST /session/130ef63994e902c9deb83fe717a4bbca/element/f.DBA113373209FD8E36DE67C53790246B.d.81A4DD98394963B05641EEEC6C095103.e.7536/click - {}
RESULT: {}
RESULT: {}
COMMAND: GET /session/130ef63994e902c9deb83fe717a4bbca/screenshot - {}
RESULT: {}
COMMAND: POST /session/130ef63994e902c9deb83fe717a4bbca/element - {"using":"xpath","value":"//span[@id=\"application-managepartners-display-component---NewPartner--addressNewCostObjectCstID-vhi\"]"}
RESULT: {"using":"xpath","value":"//span[@id=\"application-managepartners-display-component---NewPartner--addressNewCostObjectCstID-vhi\"]"}
COMMAND: POST /session/130ef63994e902c9deb83fe717a4bbca/execute/sync - {"script":"<script> [8489 bytes]","args":[{"element-6066-11e4-a52e-4f735466cecf":"f.DBA113373209FD8E36DE67C53790246B.d.81A4DD98394963B05641EEEC6C095103.e.7540","ELEMENT":"f.DBA113373209FD8E36DE67C53790246B.d.81A4DD98394963B05641EEEC6C095103.e.7540"}]}
RESULT: {"script":"<script> [8489 bytes]","args":[{"element-6066-11e4-a52e-4f735466cecf":"f.DBA113373209FD8E36DE67C53790246B.d.81A4DD98394963B05641EEEC6C095103.e.7540","ELEMENT":"f.DBA113373209FD8E36DE67C53790246B.d.81A4DD98394963B05641EEEC6C095103.e.7540"}]}
COMMAND: POST /session/130ef63994e902c9deb83fe717a4bbca/execute/async - {"script":"<script> [1562 bytes]","args":[{"selector":{"id":"application-managepartners-display-component---NewPartner--addressNewCostObjectCstID-vhi"},"wdio_ui5_key":"applicationmanagepartners-display-component---NewPartner--addressNewCostObjectCstID-vhi"}]}
COMMAND: GET /session/130ef63994e902c9deb83fe717a4bbca/screenshot - {}
RESULT: {"script":"<script> [1562 bytes]","args":[{"selector":{"id":"application-managepartners-display-component---NewPartner--addressNewCostObjectCstID-vhi"},"wdio_ui5_key":"applicationmanagepartners-display-component---NewPartner--addressNewCostObjectCstID-vhi"}]}
RESULT: undefined
COMMAND: POST /session/130ef63994e902c9deb83fe717a4bbca/element - {"using":"xpath","value":"//*[@id=\"application-managepartners-display-component---NewPartner--addressNewCostObjectCstID-vhi\"]"}
RESULT: {}
RESULT: {"using":"xpath","value":"//*[@id=\"application-managepartners-display-component---NewPartner--addressNewCostObjectCstID-vhi\"]"}
COMMAND: POST /session/130ef63994e902c9deb83fe717a4bbca/element/f.DBA113373209FD8E36DE67C53790246B.d.81A4DD98394963B05641EEEC6C095103.e.7540/click - {}
RESULT: {}
COMMAND: GET /session/130ef63994e902c9deb83fe717a4bbca/screenshot - {}
RESULT: {}
RESULT: undefined
COMMAND: POST /session/130ef63994e902c9deb83fe717a4bbca/execute/async - {"script":"<script> [776 bytes]","args":[{"enterText":"10001013","selector":{"controlType":"sap.m.SearchField","properties":{"placeholder":"Search"},"searchOpenDialogs":true,"interaction":{"idSuffix":"I"}},"clearTextFirst":true,"interactionType":"ENTER_TEXT"}]}
RESULT: {"script":"<script> [776 bytes]","args":[{"enterText":"10001013","selector":{"controlType":"sap.m.SearchField","properties":{"placeholder":"Search"},"searchOpenDialogs":true,"interaction":{"idSuffix":"I"}},"clearTextFirst":true,"interactionType":"ENTER_TEXT"}]}
COMMAND: POST /session/130ef63994e902c9deb83fe717a4bbca/actions - {"actions":[{"id":"action22","type":"key","parameters":{},"actions":[{"type":"keyDown","value":""},{"type":"pause","duration":10},{"type":"keyUp","value":""}]}]}
RESULT: {"actions":[{"id":"action22","type":"key","parameters":{},"actions":[{"type":"keyDown","value":""},{"type":"pause","duration":10},{"type":"keyUp","value":""}]}]}
COMMAND: GET /session/130ef63994e902c9deb83fe717a4bbca/screenshot - {}
RESULT: {}
COMMAND: POST /session/130ef63994e902c9deb83fe717a4bbca/element - {"using":"xpath","value":"//span[contains(text(), \"General Management\")]"}
RESULT: {"using":"xpath","value":"//span[contains(text(), \"General Management\")]"}
COMMAND: POST /session/130ef63994e902c9deb83fe717a4bbca/element/f.DBA113373209FD8E36DE67C53790246B.d.81A4DD98394963B05641EEEC6C095103.e.7546/click - {}
RESULT: {}
COMMAND: GET /session/130ef63994e902c9deb83fe717a4bbca/screenshot - {}
RESULT: {}
COMMAND: POST /session/130ef63994e902c9deb83fe717a4bbca/element - {"using":"xpath","value":"//bdi[contains(text(), \"OK\")]"}
RESULT: {"using":"xpath","value":"//bdi[contains(text(), \"OK\")]"}
COMMAND: POST /session/130ef63994e902c9deb83fe717a4bbca/element/f.DBA113373209FD8E36DE67C53790246B.d.81A4DD98394963B05641EEEC6C095103.e.7548/click - {}
RESULT: {}
COMMAND: GET /session/130ef63994e902c9deb83fe717a4bbca/screenshot - {}
RESULT: {}
COMMAND: POST /session/130ef63994e902c9deb83fe717a4bbca/element - {"using":"xpath","value":"//input[@id=\"application-managepartners-display-component---NewPartner--companyCodeComboBox-inner\"]"}
RESULT: {"using":"xpath","value":"//input[@id=\"application-managepartners-display-component---NewPartner--companyCodeComboBox-inner\"]"}
COMMAND: POST /session/130ef63994e902c9deb83fe717a4bbca/element/f.DBA113373209FD8E36DE67C53790246B.d.81A4DD98394963B05641EEEC6C095103.e.7474/clear - {}
RESULT: {}
COMMAND: POST /session/130ef63994e902c9deb83fe717a4bbca/element/f.DBA113373209FD8E36DE67C53790246B.d.81A4DD98394963B05641EEEC6C095103.e.7474/value - {"text":"C002"}
COMMAND: GET /session/130ef63994e902c9deb83fe717a4bbca/screenshot - {}
RESULT: {"text":"C002"}
COMMAND: GET /session/130ef63994e902c9deb83fe717a4bbca/screenshot - {}
RESULT: {}
RESULT: {}
COMMAND: POST /session/130ef63994e902c9deb83fe717a4bbca/element - {"using":"xpath","value":"//li[.//span[text()= \"C002\"]]"}
RESULT: {"using":"xpath","value":"//li[.//span[text()= \"C002\"]]"}
COMMAND: POST /session/130ef63994e902c9deb83fe717a4bbca/element/f.DBA113373209FD8E36DE67C53790246B.d.81A4DD98394963B05641EEEC6C095103.e.7554/click - {}
RESULT: {}
COMMAND: GET /session/130ef63994e902c9deb83fe717a4bbca/screenshot - {}
RESULT: {}
COMMAND: POST /session/130ef63994e902c9deb83fe717a4bbca/execute/async - {"script":"<script> [1562 bytes]","args":[{"selector":{"id":"application-managepartners-display-component---NewPartner--btnAddTableRow-img"},"wdio_ui5_key":"applicationmanagepartners-display-component---NewPartner--btnAddTableRow-img"}]}
RESULT: {"script":"<script> [1562 bytes]","args":[{"selector":{"id":"application-managepartners-display-component---NewPartner--btnAddTableRow-img"},"wdio_ui5_key":"applicationmanagepartners-display-component---NewPartner--btnAddTableRow-img"}]}
RESULT: undefined
COMMAND: POST /session/130ef63994e902c9deb83fe717a4bbca/element - {"using":"xpath","value":"//*[@id=\"application-managepartners-display-component---NewPartner--btnAddTableRow-img\"]"}
RESULT: {"using":"xpath","value":"//*[@id=\"application-managepartners-display-component---NewPartner--btnAddTableRow-img\"]"}
COMMAND: POST /session/130ef63994e902c9deb83fe717a4bbca/element/f.DBA113373209FD8E36DE67C53790246B.d.81A4DD98394963B05641EEEC6C095103.e.7555/click - {}
RESULT: {}
COMMAND: GET /session/130ef63994e902c9deb83fe717a4bbca/screenshot - {}
RESULT: {}
COMMAND: POST /session/130ef63994e902c9deb83fe717a4bbca/element - {"using":"xpath","value":"//input[@id=\"application-managepartners-display-component---NewPartner--assignmentYard-application-managepartners-display-component---NewPartner--assignmentsTable-0-inner\"]"}
RESULT: {"using":"xpath","value":"//input[@id=\"application-managepartners-display-component---NewPartner--assignmentYard-application-managepartners-display-component---NewPartner--assignmentsTable-0-inner\"]"}
COMMAND: POST /session/130ef63994e902c9deb83fe717a4bbca/element/f.DBA113373209FD8E36DE67C53790246B.d.81A4DD98394963B05641EEEC6C095103.e.7558/clear - {}
RESULT: {}
COMMAND: POST /session/130ef63994e902c9deb83fe717a4bbca/element/f.DBA113373209FD8E36DE67C53790246B.d.81A4DD98394963B05641EEEC6C095103.e.7558/value - {"text":"256"}
COMMAND: GET /session/130ef63994e902c9deb83fe717a4bbca/screenshot - {}
RESULT: {"text":"256"}
COMMAND: GET /session/130ef63994e902c9deb83fe717a4bbca/screenshot - {}
RESULT: {}
RESULT: {}
COMMAND: POST /session/130ef63994e902c9deb83fe717a4bbca/element - {"using":"xpath","value":"//li[.//span[text()='256']]"}
RESULT: {"using":"xpath","value":"//li[.//span[text()='256']]"}
COMMAND: POST /session/130ef63994e902c9deb83fe717a4bbca/element/f.DBA113373209FD8E36DE67C53790246B.d.81A4DD98394963B05641EEEC6C095103.e.7567/click - {}
RESULT: {}
COMMAND: GET /session/130ef63994e902c9deb83fe717a4bbca/screenshot - {}
RESULT: {}
COMMAND: POST /session/130ef63994e902c9deb83fe717a4bbca/actions - {"actions":[{"id":"action23","type":"key","parameters":{},"actions":[{"type":"keyDown","value":""},{"type":"pause","duration":10},{"type":"keyUp","value":""}]}]}
RESULT: {"actions":[{"id":"action23","type":"key","parameters":{},"actions":[{"type":"keyDown","value":""},{"type":"pause","duration":10},{"type":"keyUp","value":""}]}]}
COMMAND: POST /session/130ef63994e902c9deb83fe717a4bbca/execute/async - {"script":"<script> [1562 bytes]","args":[{"selector":{"id":"application-managepartners-display-component---NewPartner--externalCustomerComboBox-application-managepartners-display-component---NewPartner--assignmentsTable-0-vhi"},"wdio_ui5_key":"applicationmanagepartners-display-component---NewPartner--externalCustomerComboBox-application-managepartners-display-component---NewPartner--assignmentsTable-0-vhi"}]}
COMMAND: GET /session/130ef63994e902c9deb83fe717a4bbca/screenshot - {}
RESULT: {"script":"<script> [1562 bytes]","args":[{"selector":{"id":"application-managepartners-display-component---NewPartner--externalCustomerComboBox-application-managepartners-display-component---NewPartner--assignmentsTable-0-vhi"},"wdio_ui5_key":"applicationmanagepartners-display-component---NewPartner--externalCustomerComboBox-application-managepartners-display-component---NewPartner--assignmentsTable-0-vhi"}]}
RESULT: undefined
COMMAND: POST /session/130ef63994e902c9deb83fe717a4bbca/element - {"using":"xpath","value":"//*[@id=\"application-managepartners-display-component---NewPartner--externalCustomerComboBox-application-managepartners-display-component---NewPartner--assignmentsTable-0-vhi\"]"}
RESULT: {}
RESULT: {"using":"xpath","value":"//*[@id=\"application-managepartners-display-component---NewPartner--externalCustomerComboBox-application-managepartners-display-component---NewPartner--assignmentsTable-0-vhi\"]"}
COMMAND: POST /session/130ef63994e902c9deb83fe717a4bbca/element/f.DBA113373209FD8E36DE67C53790246B.d.81A4DD98394963B05641EEEC6C095103.e.7571/click - {}
RESULT: {}
RESULT: undefined
COMMAND: POST /session/130ef63994e902c9deb83fe717a4bbca/execute/async - {"script":"<script> [776 bytes]","args":[{"enterText":"300003","selector":{"controlType":"sap.m.SearchField","properties":{"placeholder":"Search"},"searchOpenDialogs":true,"interaction":{"idSuffix":"I"}},"clearTextFirst":true,"interactionType":"ENTER_TEXT"}]}
COMMAND: GET /session/130ef63994e902c9deb83fe717a4bbca/screenshot - {}
RESULT: {"script":"<script> [776 bytes]","args":[{"enterText":"300003","selector":{"controlType":"sap.m.SearchField","properties":{"placeholder":"Search"},"searchOpenDialogs":true,"interaction":{"idSuffix":"I"}},"clearTextFirst":true,"interactionType":"ENTER_TEXT"}]}
COMMAND: POST /session/130ef63994e902c9deb83fe717a4bbca/actions - {"actions":[{"id":"action24","type":"key","parameters":{},"actions":[{"type":"keyDown","value":""},{"type":"pause","duration":10},{"type":"keyUp","value":""}]}]}
RESULT: {}
RESULT: {"actions":[{"id":"action24","type":"key","parameters":{},"actions":[{"type":"keyDown","value":""},{"type":"pause","duration":10},{"type":"keyUp","value":""}]}]}
COMMAND: GET /session/130ef63994e902c9deb83fe717a4bbca/screenshot - {}
RESULT: {}
COMMAND: POST /session/130ef63994e902c9deb83fe717a4bbca/element - {"using":"xpath","value":"//span[contains(text(), \"300003\")]"}
RESULT: {"using":"xpath","value":"//span[contains(text(), \"300003\")]"}
COMMAND: POST /session/130ef63994e902c9deb83fe717a4bbca/element/f.DBA113373209FD8E36DE67C53790246B.d.81A4DD98394963B05641EEEC6C095103.e.7590/click - {}
RESULT: {}
COMMAND: GET /session/130ef63994e902c9deb83fe717a4bbca/screenshot - {}
RESULT: {}
COMMAND: POST /session/130ef63994e902c9deb83fe717a4bbca/element - {"using":"xpath","value":"//bdi[contains(text(), \"OK\")]"}
RESULT: {"using":"xpath","value":"//bdi[contains(text(), \"OK\")]"}
COMMAND: POST /session/130ef63994e902c9deb83fe717a4bbca/element/f.DBA113373209FD8E36DE67C53790246B.d.81A4DD98394963B05641EEEC6C095103.e.7592/click - {}
RESULT: {}
COMMAND: GET /session/130ef63994e902c9deb83fe717a4bbca/screenshot - {}
RESULT: {}
COMMAND: POST /session/130ef63994e902c9deb83fe717a4bbca/execute/async - {"script":"<script> [1562 bytes]","args":[{"selector":{"id":"application-managepartners-display-component---NewPartner--intercompVendorComboBox-application-managepartners-display-component---NewPartner--assignmentsTable-0-vhi"},"wdio_ui5_key":"applicationmanagepartners-display-component---NewPartner--intercompVendorComboBox-application-managepartners-display-component---NewPartner--assignmentsTable-0-vhi"}]}
RESULT: {"script":"<script> [1562 bytes]","args":[{"selector":{"id":"application-managepartners-display-component---NewPartner--intercompVendorComboBox-application-managepartners-display-component---NewPartner--assignmentsTable-0-vhi"},"wdio_ui5_key":"applicationmanagepartners-display-component---NewPartner--intercompVendorComboBox-application-managepartners-display-component---NewPartner--assignmentsTable-0-vhi"}]}
RESULT: undefined
COMMAND: POST /session/130ef63994e902c9deb83fe717a4bbca/element - {"using":"xpath","value":"//*[@id=\"application-managepartners-display-component---NewPartner--intercompVendorComboBox-application-managepartners-display-component---NewPartner--assignmentsTable-0-vhi\"]"}
RESULT: {"using":"xpath","value":"//*[@id=\"application-managepartners-display-component---NewPartner--intercompVendorComboBox-application-managepartners-display-component---NewPartner--assignmentsTable-0-vhi\"]"}
COMMAND: POST /session/130ef63994e902c9deb83fe717a4bbca/element/f.DBA113373209FD8E36DE67C53790246B.d.81A4DD98394963B05641EEEC6C095103.e.7595/click - {}
RESULT: {}
RESULT: undefined
COMMAND: POST /session/130ef63994e902c9deb83fe717a4bbca/execute/async - {"script":"<script> [776 bytes]","args":[{"enterText":"100005","selector":{"controlType":"sap.m.SearchField","properties":{"placeholder":"Search"},"searchOpenDialogs":true,"interaction":{"idSuffix":"I"}},"clearTextFirst":true,"interactionType":"ENTER_TEXT"}]}
COMMAND: GET /session/130ef63994e902c9deb83fe717a4bbca/screenshot - {}
RESULT: {"script":"<script> [776 bytes]","args":[{"enterText":"100005","selector":{"controlType":"sap.m.SearchField","properties":{"placeholder":"Search"},"searchOpenDialogs":true,"interaction":{"idSuffix":"I"}},"clearTextFirst":true,"interactionType":"ENTER_TEXT"}]}
COMMAND: POST /session/130ef63994e902c9deb83fe717a4bbca/actions - {"actions":[{"id":"action25","type":"key","parameters":{},"actions":[{"type":"keyDown","value":""},{"type":"pause","duration":10},{"type":"keyUp","value":""}]}]}
RESULT: {}
RESULT: {"actions":[{"id":"action25","type":"key","parameters":{},"actions":[{"type":"keyDown","value":""},{"type":"pause","duration":10},{"type":"keyUp","value":""}]}]}
COMMAND: GET /session/130ef63994e902c9deb83fe717a4bbca/screenshot - {}
RESULT: {}
COMMAND: POST /session/130ef63994e902c9deb83fe717a4bbca/element - {"using":"xpath","value":"//span[contains(text(), \"Penguins - Field/12345 Berlin\")]"}
RESULT: {"using":"xpath","value":"//span[contains(text(), \"Penguins - Field/12345 Berlin\")]"}
COMMAND: POST /session/130ef63994e902c9deb83fe717a4bbca/element/f.DBA113373209FD8E36DE67C53790246B.d.81A4DD98394963B05641EEEC6C095103.e.7613/click - {}
RESULT: {}
COMMAND: GET /session/130ef63994e902c9deb83fe717a4bbca/screenshot - {}
RESULT: {}
COMMAND: POST /session/130ef63994e902c9deb83fe717a4bbca/element - {"using":"xpath","value":"//bdi[contains(text(), \"OK\")]"}
RESULT: {"using":"xpath","value":"//bdi[contains(text(), \"OK\")]"}
COMMAND: POST /session/130ef63994e902c9deb83fe717a4bbca/element/f.DBA113373209FD8E36DE67C53790246B.d.81A4DD98394963B05641EEEC6C095103.e.7614/click - {}
RESULT: {}
COMMAND: GET /session/130ef63994e902c9deb83fe717a4bbca/screenshot - {}
RESULT: {}
COMMAND: POST /session/130ef63994e902c9deb83fe717a4bbca/element - {"using":"xpath","value":"//button[@data-kt=\"saveButton\"]"}
RESULT: {"using":"xpath","value":"//button[@data-kt=\"saveButton\"]"}
COMMAND: POST /session/130ef63994e902c9deb83fe717a4bbca/element/f.DBA113373209FD8E36DE67C53790246B.d.81A4DD98394963B05641EEEC6C095103.e.7500/click - {}
RESULT: {}
COMMAND: GET /session/130ef63994e902c9deb83fe717a4bbca/screenshot - {}
RESULT: {}
COMMAND: POST /session/130ef63994e902c9deb83fe717a4bbca/element - {"using":"xpath","value":"//header[contains(@id, 'ObjectPageLayout-headerTitle')]/div[1]/div[2]/div[2]/span[1]"}
RESULT: {"using":"xpath","value":"//header[contains(@id, 'ObjectPageLayout-headerTitle')]/div[1]/div[2]/div[2]/span[1]"}
COMMAND: POST /session/130ef63994e902c9deb83fe717a4bbca/elements - {"using":"xpath","value":"//header[contains(@id, 'ObjectPageLayout-headerTitle')]/div[1]/div[2]/div[2]/span[1]"}
RESULT: {"using":"xpath","value":"//header[contains(@id, 'ObjectPageLayout-headerTitle')]/div[1]/div[2]/div[2]/span[1]"}
COMMAND: POST /session/130ef63994e902c9deb83fe717a4bbca/execute/sync - {"script":"<script> [56 bytes]","args":[{"element-6066-11e4-a52e-4f735466cecf":"f.DBA113373209FD8E36DE67C53790246B.d.81A4DD98394963B05641EEEC6C095103.e.7780","ELEMENT":"f.DBA113373209FD8E36DE67C53790246B.d.81A4DD98394963B05641EEEC6C095103.e.7780"}]}
RESULT: {"script":"<script> [56 bytes]","args":[{"element-6066-11e4-a52e-4f735466cecf":"f.DBA113373209FD8E36DE67C53790246B.d.81A4DD98394963B05641EEEC6C095103.e.7780","ELEMENT":"f.DBA113373209FD8E36DE67C53790246B.d.81A4DD98394963B05641EEEC6C095103.e.7780"}]}
COMMAND: POST /session/130ef63994e902c9deb83fe717a4bbca/element - {"using":"css selector","value":"#shell-header-logo"}
COMMAND: GET /session/130ef63994e902c9deb83fe717a4bbca/screenshot - {}
RESULT: {"using":"css selector","value":"#shell-header-logo"}
COMMAND: POST /session/130ef63994e902c9deb83fe717a4bbca/element/f.DBA113373209FD8E36DE67C53790246B.d.81A4DD98394963B05641EEEC6C095103.e.7027/click - {}
RESULT: {}
RESULT: {}
COMMAND: GET /session/130ef63994e902c9deb83fe717a4bbca/screenshot - {}
RESULT: {}
COMMAND: POST /session/130ef63994e902c9deb83fe717a4bbca/execute/sync - {"script":"<script> [299 bytes]","args":[["getModel","getResource"]]}
RESULT: {"script":"<script> [299 bytes]","args":[["getModel","getResource"]]}
]]></system-out>
    </testcase>
    <testcase classname="chrome.136_0_7103_93.windows.Create_master_data_for_mixed_billing_&amp;_do_billing_calculation_US151661" name="Should create a new site" time="169.324">
      <system-out><![CDATA[
COMMAND: GET /session/130ef63994e902c9deb83fe717a4bbca/screenshot - {}
COMMAND: POST /session/130ef63994e902c9deb83fe717a4bbca/execute/async - {"script":"<script> [1562 bytes]","args":[{"selector":{"controlType":"sap.m.GenericTile","properties":{"header":"Manage Sites"}},"wdio_ui5_key":"sapm.GenericTile{\"header\":\"Manage Sites\"}"}]}
RESULT: {"script":"<script> [1562 bytes]","args":[{"selector":{"controlType":"sap.m.GenericTile","properties":{"header":"Manage Sites"}},"wdio_ui5_key":"sapm.GenericTile{\"header\":\"Manage Sites\"}"}]}
RESULT: undefined
COMMAND: POST /session/130ef63994e902c9deb83fe717a4bbca/element - {"using":"xpath","value":"//*[@id=\"__tile40\"]"}
RESULT: {}
RESULT: {"using":"xpath","value":"//*[@id=\"__tile40\"]"}
COMMAND: POST /session/130ef63994e902c9deb83fe717a4bbca/element/f.DBA113373209FD8E36DE67C53790246B.d.81A4DD98394963B05641EEEC6C095103.e.6182/click - {}
RESULT: {}
COMMAND: GET /session/130ef63994e902c9deb83fe717a4bbca/screenshot - {}
RESULT: {}
COMMAND: POST /session/130ef63994e902c9deb83fe717a4bbca/elements - {"using":"xpath","value":"//span[text()='Error']"}
RESULT: {"using":"xpath","value":"//span[text()='Error']"}
COMMAND: POST /session/130ef63994e902c9deb83fe717a4bbca/element - {"using":"xpath","value":"//button[@data-kt=\"addOverflowToolbarButton\"]"}
RESULT: {"using":"xpath","value":"//button[@data-kt=\"addOverflowToolbarButton\"]"}
COMMAND: POST /session/130ef63994e902c9deb83fe717a4bbca/elements - {"using":"xpath","value":"//button[@data-kt=\"addOverflowToolbarButton\"]"}
RESULT: {"using":"xpath","value":"//button[@data-kt=\"addOverflowToolbarButton\"]"}
COMMAND: POST /session/130ef63994e902c9deb83fe717a4bbca/execute/sync - {"script":"<script> [8489 bytes]","args":[{"element-6066-11e4-a52e-4f735466cecf":"f.DBA113373209FD8E36DE67C53790246B.d.81A4DD98394963B05641EEEC6C095103.e.7826","ELEMENT":"f.DBA113373209FD8E36DE67C53790246B.d.81A4DD98394963B05641EEEC6C095103.e.7826"}]}
RESULT: {"script":"<script> [8489 bytes]","args":[{"element-6066-11e4-a52e-4f735466cecf":"f.DBA113373209FD8E36DE67C53790246B.d.81A4DD98394963B05641EEEC6C095103.e.7826","ELEMENT":"f.DBA113373209FD8E36DE67C53790246B.d.81A4DD98394963B05641EEEC6C095103.e.7826"}]}
COMMAND: GET /session/130ef63994e902c9deb83fe717a4bbca/element/f.DBA113373209FD8E36DE67C53790246B.d.81A4DD98394963B05641EEEC6C095103.e.7826/enabled - {}
COMMAND: GET /session/130ef63994e902c9deb83fe717a4bbca/screenshot - {}
RESULT: {}
COMMAND: POST /session/130ef63994e902c9deb83fe717a4bbca/execute/sync - {"script":"<script> [8489 bytes]","args":[{"element-6066-11e4-a52e-4f735466cecf":"f.DBA113373209FD8E36DE67C53790246B.d.81A4DD98394963B05641EEEC6C095103.e.7826","ELEMENT":"f.DBA113373209FD8E36DE67C53790246B.d.81A4DD98394963B05641EEEC6C095103.e.7826"}]}
COMMAND: GET /session/130ef63994e902c9deb83fe717a4bbca/screenshot - {}
RESULT: {}
RESULT: {"script":"<script> [8489 bytes]","args":[{"element-6066-11e4-a52e-4f735466cecf":"f.DBA113373209FD8E36DE67C53790246B.d.81A4DD98394963B05641EEEC6C095103.e.7826","ELEMENT":"f.DBA113373209FD8E36DE67C53790246B.d.81A4DD98394963B05641EEEC6C095103.e.7826"}]}
COMMAND: POST /session/130ef63994e902c9deb83fe717a4bbca/execute/sync - {"script":"<script> [5351 bytes]","args":[{"element-6066-11e4-a52e-4f735466cecf":"f.DBA113373209FD8E36DE67C53790246B.d.81A4DD98394963B05641EEEC6C095103.e.7826","ELEMENT":"f.DBA113373209FD8E36DE67C53790246B.d.81A4DD98394963B05641EEEC6C095103.e.7826"}]}
COMMAND: GET /session/130ef63994e902c9deb83fe717a4bbca/screenshot - {}
RESULT: {}
RESULT: {"script":"<script> [5351 bytes]","args":[{"element-6066-11e4-a52e-4f735466cecf":"f.DBA113373209FD8E36DE67C53790246B.d.81A4DD98394963B05641EEEC6C095103.e.7826","ELEMENT":"f.DBA113373209FD8E36DE67C53790246B.d.81A4DD98394963B05641EEEC6C095103.e.7826"}]}
COMMAND: POST /session/130ef63994e902c9deb83fe717a4bbca/element/f.DBA113373209FD8E36DE67C53790246B.d.81A4DD98394963B05641EEEC6C095103.e.7826/click - {}
COMMAND: GET /session/130ef63994e902c9deb83fe717a4bbca/screenshot - {}
RESULT: {}
RESULT: {}
COMMAND: GET /session/130ef63994e902c9deb83fe717a4bbca/screenshot - {}
RESULT: {}
RESULT: {}
COMMAND: POST /session/130ef63994e902c9deb83fe717a4bbca/element - {"using":"xpath","value":"//input[@id=\"application-managesites-display-component---NewSite--siteId-inner\"]"}
RESULT: {"using":"xpath","value":"//input[@id=\"application-managesites-display-component---NewSite--siteId-inner\"]"}
COMMAND: POST /session/130ef63994e902c9deb83fe717a4bbca/element - {"using":"xpath","value":"//input[@id=\"application-managesites-display-component---NewSite--siteId-inner\"]"}
RESULT: {"using":"xpath","value":"//input[@id=\"application-managesites-display-component---NewSite--siteId-inner\"]"}
COMMAND: POST /session/130ef63994e902c9deb83fe717a4bbca/execute/async - {"script":"<script> [1562 bytes]","args":[{"selector":{"id":"application-managesites-display-component---NewSite--addressDetailDetailsName1","interaction":{"idSuffix":"inner"}},"wdio_ui5_key":"applicationmanagesites-display-component---NewSite--addressDetailDetailsName1"}]}
RESULT: {"script":"<script> [1562 bytes]","args":[{"selector":{"id":"application-managesites-display-component---NewSite--addressDetailDetailsName1","interaction":{"idSuffix":"inner"}},"wdio_ui5_key":"applicationmanagesites-display-component---NewSite--addressDetailDetailsName1"}]}
RESULT: undefined
COMMAND: POST /session/130ef63994e902c9deb83fe717a4bbca/execute/async - {"script":"<script> [776 bytes]","args":[{"enterText":"Intercompany Site wdIO","selector":{"id":"application-managesites-display-component---NewSite--addressDetailDetailsName1","interaction":{"idSuffix":"inner"}},"clearTextFirst":true,"interactionType":"ENTER_TEXT"}]}
RESULT: {"script":"<script> [776 bytes]","args":[{"enterText":"Intercompany Site wdIO","selector":{"id":"application-managesites-display-component---NewSite--addressDetailDetailsName1","interaction":{"idSuffix":"inner"}},"clearTextFirst":true,"interactionType":"ENTER_TEXT"}]}
COMMAND: POST /session/130ef63994e902c9deb83fe717a4bbca/execute/async - {"script":"<script> [1562 bytes]","args":[{"selector":{"id":"application-managesites-display-component---NewSite--addressDetailDetailsLanguage-arrow"},"wdio_ui5_key":"applicationmanagesites-display-component---NewSite--addressDetailDetailsLanguage-arrow"}]}
RESULT: {"script":"<script> [1562 bytes]","args":[{"selector":{"id":"application-managesites-display-component---NewSite--addressDetailDetailsLanguage-arrow"},"wdio_ui5_key":"applicationmanagesites-display-component---NewSite--addressDetailDetailsLanguage-arrow"}]}
RESULT: undefined
COMMAND: POST /session/130ef63994e902c9deb83fe717a4bbca/element - {"using":"xpath","value":"//*[@id=\"application-managesites-display-component---NewSite--addressDetailDetailsLanguage-arrow\"]"}
RESULT: {"using":"xpath","value":"//*[@id=\"application-managesites-display-component---NewSite--addressDetailDetailsLanguage-arrow\"]"}
COMMAND: POST /session/130ef63994e902c9deb83fe717a4bbca/element/f.DBA113373209FD8E36DE67C53790246B.d.81A4DD98394963B05641EEEC6C095103.e.8227/click - {}
RESULT: {}
COMMAND: POST /session/130ef63994e902c9deb83fe717a4bbca/element - {"using":"xpath","value":"//span[contains(text(), \"English\")]"}
COMMAND: GET /session/130ef63994e902c9deb83fe717a4bbca/screenshot - {}
RESULT: {"using":"xpath","value":"//span[contains(text(), \"English\")]"}
COMMAND: POST /session/130ef63994e902c9deb83fe717a4bbca/element/f.DBA113373209FD8E36DE67C53790246B.d.81A4DD98394963B05641EEEC6C095103.e.8228/click - {}
RESULT: {}
RESULT: {}
COMMAND: POST /session/130ef63994e902c9deb83fe717a4bbca/execute/async - {"script":"<script> [1562 bytes]","args":[{"selector":{"id":"application-managesites-display-component---NewSite--addressDetailDetailsCity1","interaction":{"idSuffix":"inner"}},"wdio_ui5_key":"applicationmanagesites-display-component---NewSite--addressDetailDetailsCity1"}]}
COMMAND: GET /session/130ef63994e902c9deb83fe717a4bbca/screenshot - {}
RESULT: {"script":"<script> [1562 bytes]","args":[{"selector":{"id":"application-managesites-display-component---NewSite--addressDetailDetailsCity1","interaction":{"idSuffix":"inner"}},"wdio_ui5_key":"applicationmanagesites-display-component---NewSite--addressDetailDetailsCity1"}]}
RESULT: undefined
COMMAND: POST /session/130ef63994e902c9deb83fe717a4bbca/execute/async - {"script":"<script> [776 bytes]","args":[{"enterText":"Rosario","selector":{"id":"application-managesites-display-component---NewSite--addressDetailDetailsCity1","interaction":{"idSuffix":"inner"}},"clearTextFirst":true,"interactionType":"ENTER_TEXT"}]}
RESULT: {}
RESULT: {"script":"<script> [776 bytes]","args":[{"enterText":"Rosario","selector":{"id":"application-managesites-display-component---NewSite--addressDetailDetailsCity1","interaction":{"idSuffix":"inner"}},"clearTextFirst":true,"interactionType":"ENTER_TEXT"}]}
COMMAND: POST /session/130ef63994e902c9deb83fe717a4bbca/execute/async - {"script":"<script> [1562 bytes]","args":[{"selector":{"id":"application-managesites-display-component---NewSite--addressDetailDetailsCountry-arrow"},"wdio_ui5_key":"applicationmanagesites-display-component---NewSite--addressDetailDetailsCountry-arrow"}]}
RESULT: {"script":"<script> [1562 bytes]","args":[{"selector":{"id":"application-managesites-display-component---NewSite--addressDetailDetailsCountry-arrow"},"wdio_ui5_key":"applicationmanagesites-display-component---NewSite--addressDetailDetailsCountry-arrow"}]}
RESULT: undefined
COMMAND: POST /session/130ef63994e902c9deb83fe717a4bbca/element - {"using":"xpath","value":"//*[@id=\"application-managesites-display-component---NewSite--addressDetailDetailsCountry-arrow\"]"}
RESULT: {"using":"xpath","value":"//*[@id=\"application-managesites-display-component---NewSite--addressDetailDetailsCountry-arrow\"]"}
COMMAND: POST /session/130ef63994e902c9deb83fe717a4bbca/element/f.DBA113373209FD8E36DE67C53790246B.d.81A4DD98394963B05641EEEC6C095103.e.8230/click - {}
RESULT: {}
COMMAND: POST /session/130ef63994e902c9deb83fe717a4bbca/element - {"using":"xpath","value":"//span[contains(text(), \"Argentina\")]"}
COMMAND: GET /session/130ef63994e902c9deb83fe717a4bbca/screenshot - {}
RESULT: {"using":"xpath","value":"//span[contains(text(), \"Argentina\")]"}
COMMAND: POST /session/130ef63994e902c9deb83fe717a4bbca/element/f.DBA113373209FD8E36DE67C53790246B.d.81A4DD98394963B05641EEEC6C095103.e.8231/click - {}
RESULT: {}
RESULT: {}
COMMAND: GET /session/130ef63994e902c9deb83fe717a4bbca/screenshot - {}
RESULT: {}
COMMAND: POST /session/130ef63994e902c9deb83fe717a4bbca/execute/async - {"script":"<script> [1562 bytes]","args":[{"selector":{"id":"application-managesites-display-component---NewSite--addressEditDetailsCostObjectCstType-arrow"},"wdio_ui5_key":"applicationmanagesites-display-component---NewSite--addressEditDetailsCostObjectCstType-arrow"}]}
RESULT: {"script":"<script> [1562 bytes]","args":[{"selector":{"id":"application-managesites-display-component---NewSite--addressEditDetailsCostObjectCstType-arrow"},"wdio_ui5_key":"applicationmanagesites-display-component---NewSite--addressEditDetailsCostObjectCstType-arrow"}]}
RESULT: undefined
COMMAND: POST /session/130ef63994e902c9deb83fe717a4bbca/element - {"using":"xpath","value":"//*[@id=\"application-managesites-display-component---NewSite--addressEditDetailsCostObjectCstType-arrow\"]"}
RESULT: {"using":"xpath","value":"//*[@id=\"application-managesites-display-component---NewSite--addressEditDetailsCostObjectCstType-arrow\"]"}
COMMAND: POST /session/130ef63994e902c9deb83fe717a4bbca/element/f.DBA113373209FD8E36DE67C53790246B.d.81A4DD98394963B05641EEEC6C095103.e.8233/click - {}
RESULT: {}
COMMAND: POST /session/130ef63994e902c9deb83fe717a4bbca/element - {"using":"xpath","value":"//span[contains(text(), \"Cost Center\")]"}
COMMAND: GET /session/130ef63994e902c9deb83fe717a4bbca/screenshot - {}
RESULT: {"using":"xpath","value":"//span[contains(text(), \"Cost Center\")]"}
COMMAND: POST /session/130ef63994e902c9deb83fe717a4bbca/element/f.DBA113373209FD8E36DE67C53790246B.d.81A4DD98394963B05641EEEC6C095103.e.8234/click - {}
RESULT: {}
RESULT: {}
COMMAND: GET /session/130ef63994e902c9deb83fe717a4bbca/screenshot - {}
RESULT: {}
COMMAND: POST /session/130ef63994e902c9deb83fe717a4bbca/element - {"using":"xpath","value":"//span[@id=\"application-managesites-display-component---NewSite--addressNewCostObjectCstID-vhi\"]"}
RESULT: {"using":"xpath","value":"//span[@id=\"application-managesites-display-component---NewSite--addressNewCostObjectCstID-vhi\"]"}
COMMAND: POST /session/130ef63994e902c9deb83fe717a4bbca/execute/sync - {"script":"<script> [8489 bytes]","args":[{"element-6066-11e4-a52e-4f735466cecf":"f.DBA113373209FD8E36DE67C53790246B.d.81A4DD98394963B05641EEEC6C095103.e.8239","ELEMENT":"f.DBA113373209FD8E36DE67C53790246B.d.81A4DD98394963B05641EEEC6C095103.e.8239"}]}
RESULT: {"script":"<script> [8489 bytes]","args":[{"element-6066-11e4-a52e-4f735466cecf":"f.DBA113373209FD8E36DE67C53790246B.d.81A4DD98394963B05641EEEC6C095103.e.8239","ELEMENT":"f.DBA113373209FD8E36DE67C53790246B.d.81A4DD98394963B05641EEEC6C095103.e.8239"}]}
COMMAND: POST /session/130ef63994e902c9deb83fe717a4bbca/execute/async - {"script":"<script> [1562 bytes]","args":[{"selector":{"id":"application-managesites-display-component---NewSite--addressNewCostObjectCstID-vhi"},"wdio_ui5_key":"applicationmanagesites-display-component---NewSite--addressNewCostObjectCstID-vhi"}]}
COMMAND: GET /session/130ef63994e902c9deb83fe717a4bbca/screenshot - {}
RESULT: {"script":"<script> [1562 bytes]","args":[{"selector":{"id":"application-managesites-display-component---NewSite--addressNewCostObjectCstID-vhi"},"wdio_ui5_key":"applicationmanagesites-display-component---NewSite--addressNewCostObjectCstID-vhi"}]}
RESULT: undefined
COMMAND: POST /session/130ef63994e902c9deb83fe717a4bbca/element - {"using":"xpath","value":"//*[@id=\"application-managesites-display-component---NewSite--addressNewCostObjectCstID-vhi\"]"}
RESULT: {}
RESULT: {"using":"xpath","value":"//*[@id=\"application-managesites-display-component---NewSite--addressNewCostObjectCstID-vhi\"]"}
COMMAND: POST /session/130ef63994e902c9deb83fe717a4bbca/element/f.DBA113373209FD8E36DE67C53790246B.d.81A4DD98394963B05641EEEC6C095103.e.8239/click - {}
RESULT: {}
COMMAND: GET /session/130ef63994e902c9deb83fe717a4bbca/screenshot - {}
RESULT: {}
RESULT: undefined
COMMAND: POST /session/130ef63994e902c9deb83fe717a4bbca/execute/async - {"script":"<script> [776 bytes]","args":[{"enterText":"10001013","selector":{"controlType":"sap.m.SearchField","properties":{"placeholder":"Search"},"searchOpenDialogs":true,"interaction":{"idSuffix":"I"}},"clearTextFirst":true,"interactionType":"ENTER_TEXT"}]}
RESULT: {"script":"<script> [776 bytes]","args":[{"enterText":"10001013","selector":{"controlType":"sap.m.SearchField","properties":{"placeholder":"Search"},"searchOpenDialogs":true,"interaction":{"idSuffix":"I"}},"clearTextFirst":true,"interactionType":"ENTER_TEXT"}]}
COMMAND: POST /session/130ef63994e902c9deb83fe717a4bbca/actions - {"actions":[{"id":"action26","type":"key","parameters":{},"actions":[{"type":"keyDown","value":""},{"type":"pause","duration":10},{"type":"keyUp","value":""}]}]}
RESULT: {"actions":[{"id":"action26","type":"key","parameters":{},"actions":[{"type":"keyDown","value":""},{"type":"pause","duration":10},{"type":"keyUp","value":""}]}]}
COMMAND: GET /session/130ef63994e902c9deb83fe717a4bbca/screenshot - {}
RESULT: {}
COMMAND: POST /session/130ef63994e902c9deb83fe717a4bbca/element - {"using":"xpath","value":"//span[contains(text(), \"General Management\")]"}
RESULT: {"using":"xpath","value":"//span[contains(text(), \"General Management\")]"}
COMMAND: POST /session/130ef63994e902c9deb83fe717a4bbca/element/f.DBA113373209FD8E36DE67C53790246B.d.81A4DD98394963B05641EEEC6C095103.e.8278/click - {}
RESULT: {}
COMMAND: GET /session/130ef63994e902c9deb83fe717a4bbca/screenshot - {}
RESULT: {}
COMMAND: POST /session/130ef63994e902c9deb83fe717a4bbca/element - {"using":"xpath","value":"//bdi[contains(text(), \"OK\")]"}
RESULT: {"using":"xpath","value":"//bdi[contains(text(), \"OK\")]"}
COMMAND: POST /session/130ef63994e902c9deb83fe717a4bbca/element/f.DBA113373209FD8E36DE67C53790246B.d.81A4DD98394963B05641EEEC6C095103.e.8279/click - {}
RESULT: {}
COMMAND: GET /session/130ef63994e902c9deb83fe717a4bbca/screenshot - {}
RESULT: {}
COMMAND: POST /session/130ef63994e902c9deb83fe717a4bbca/element - {"using":"xpath","value":"//input[@id=\"application-managesites-display-component---NewSite--addressDetailDetailsCalendar-inner\"]"}
RESULT: {"using":"xpath","value":"//input[@id=\"application-managesites-display-component---NewSite--addressDetailDetailsCalendar-inner\"]"}
COMMAND: POST /session/130ef63994e902c9deb83fe717a4bbca/element/f.DBA113373209FD8E36DE67C53790246B.d.81A4DD98394963B05641EEEC6C095103.e.8023/clear - {}
RESULT: {}
COMMAND: POST /session/130ef63994e902c9deb83fe717a4bbca/element/f.DBA113373209FD8E36DE67C53790246B.d.81A4DD98394963B05641EEEC6C095103.e.8023/value - {"text":"Unit"}
COMMAND: GET /session/130ef63994e902c9deb83fe717a4bbca/screenshot - {}
RESULT: {"text":"Unit"}
COMMAND: GET /session/130ef63994e902c9deb83fe717a4bbca/screenshot - {}
RESULT: {}
RESULT: {}
COMMAND: POST /session/130ef63994e902c9deb83fe717a4bbca/actions - {"actions":[{"id":"action27","type":"key","parameters":{},"actions":[{"type":"keyDown","value":""},{"type":"pause","duration":10},{"type":"keyUp","value":""}]}]}
RESULT: {"actions":[{"id":"action27","type":"key","parameters":{},"actions":[{"type":"keyDown","value":""},{"type":"pause","duration":10},{"type":"keyUp","value":""}]}]}
COMMAND: POST /session/130ef63994e902c9deb83fe717a4bbca/element - {"using":"xpath","value":"//input[@id=\"application-managesites-display-component---NewSite--addressDetailDetailsYard-inner\"]"}
COMMAND: GET /session/130ef63994e902c9deb83fe717a4bbca/screenshot - {}
RESULT: {"using":"xpath","value":"//input[@id=\"application-managesites-display-component---NewSite--addressDetailDetailsYard-inner\"]"}
COMMAND: POST /session/130ef63994e902c9deb83fe717a4bbca/element/f.DBA113373209FD8E36DE67C53790246B.d.81A4DD98394963B05641EEEC6C095103.e.8024/clear - {}
RESULT: {}
RESULT: {}
COMMAND: POST /session/130ef63994e902c9deb83fe717a4bbca/element/f.DBA113373209FD8E36DE67C53790246B.d.81A4DD98394963B05641EEEC6C095103.e.8024/value - {"text":"256"}
COMMAND: GET /session/130ef63994e902c9deb83fe717a4bbca/screenshot - {}
RESULT: {"text":"256"}
COMMAND: GET /session/130ef63994e902c9deb83fe717a4bbca/screenshot - {}
RESULT: {}
RESULT: {}
COMMAND: POST /session/130ef63994e902c9deb83fe717a4bbca/element - {"using":"xpath","value":"//li[.//span[text()='256']]"}
RESULT: {"using":"xpath","value":"//li[.//span[text()='256']]"}
COMMAND: POST /session/130ef63994e902c9deb83fe717a4bbca/element/f.DBA113373209FD8E36DE67C53790246B.d.81A4DD98394963B05641EEEC6C095103.e.8287/click - {}
RESULT: {}
COMMAND: GET /session/130ef63994e902c9deb83fe717a4bbca/screenshot - {}
RESULT: {}
COMMAND: POST /session/130ef63994e902c9deb83fe717a4bbca/element - {"using":"xpath","value":"//input[@id=\"application-managesites-display-component---NewSite--addressDetailDetailsPartner-inner\"]"}
RESULT: {"using":"xpath","value":"//input[@id=\"application-managesites-display-component---NewSite--addressDetailDetailsPartner-inner\"]"}
COMMAND: POST /session/130ef63994e902c9deb83fe717a4bbca/element - {"using":"xpath","value":"//input[@id=\"application-managesites-display-component---NewSite--addressDetailDetailsPartner-inner\"]"}
RESULT: {"using":"xpath","value":"//input[@id=\"application-managesites-display-component---NewSite--addressDetailDetailsPartner-inner\"]"}
COMMAND: POST /session/130ef63994e902c9deb83fe717a4bbca/element - {"using":"xpath","value":"//button[@data-kt=\"saveButton\"]"}
RESULT: {"using":"xpath","value":"//button[@data-kt=\"saveButton\"]"}
COMMAND: POST /session/130ef63994e902c9deb83fe717a4bbca/element/f.DBA113373209FD8E36DE67C53790246B.d.81A4DD98394963B05641EEEC6C095103.e.8220/click - {}
RESULT: {}
COMMAND: GET /session/130ef63994e902c9deb83fe717a4bbca/screenshot - {}
COMMAND: POST /session/130ef63994e902c9deb83fe717a4bbca/element - {"using":"xpath","value":"//header[contains(@id, 'ObjectPageLayout-headerTitle')]/div[1]/div[2]/div[2]/span[1]"}
RESULT: {}
RESULT: {"using":"xpath","value":"//header[contains(@id, 'ObjectPageLayout-headerTitle')]/div[1]/div[2]/div[2]/span[1]"}
COMMAND: POST /session/130ef63994e902c9deb83fe717a4bbca/elements - {"using":"xpath","value":"//header[contains(@id, 'ObjectPageLayout-headerTitle')]/div[1]/div[2]/div[2]/span[1]"}
RESULT: {"using":"xpath","value":"//header[contains(@id, 'ObjectPageLayout-headerTitle')]/div[1]/div[2]/div[2]/span[1]"}
COMMAND: POST /session/130ef63994e902c9deb83fe717a4bbca/execute/sync - {"script":"<script> [56 bytes]","args":[{"element-6066-11e4-a52e-4f735466cecf":"f.DBA113373209FD8E36DE67C53790246B.d.81A4DD98394963B05641EEEC6C095103.e.8490","ELEMENT":"f.DBA113373209FD8E36DE67C53790246B.d.81A4DD98394963B05641EEEC6C095103.e.8490"}]}
RESULT: {"script":"<script> [56 bytes]","args":[{"element-6066-11e4-a52e-4f735466cecf":"f.DBA113373209FD8E36DE67C53790246B.d.81A4DD98394963B05641EEEC6C095103.e.8490","ELEMENT":"f.DBA113373209FD8E36DE67C53790246B.d.81A4DD98394963B05641EEEC6C095103.e.8490"}]}
COMMAND: POST /session/130ef63994e902c9deb83fe717a4bbca/element - {"using":"css selector","value":"#shell-header-logo"}
COMMAND: GET /session/130ef63994e902c9deb83fe717a4bbca/screenshot - {}
RESULT: {"using":"css selector","value":"#shell-header-logo"}
COMMAND: POST /session/130ef63994e902c9deb83fe717a4bbca/element/f.DBA113373209FD8E36DE67C53790246B.d.81A4DD98394963B05641EEEC6C095103.e.7784/click - {}
RESULT: {}
RESULT: {}
COMMAND: GET /session/130ef63994e902c9deb83fe717a4bbca/screenshot - {}
RESULT: {}
COMMAND: POST /session/130ef63994e902c9deb83fe717a4bbca/execute/sync - {"script":"<script> [299 bytes]","args":[["getModel","getResource"]]}
RESULT: {"script":"<script> [299 bytes]","args":[["getModel","getResource"]]}
COMMAND: POST /session/130ef63994e902c9deb83fe717a4bbca/actions - {"actions":[{"id":"action28","type":"key","parameters":{},"actions":[{"type":"keyDown","value":""},{"type":"pause","duration":10},{"type":"keyUp","value":""}]}]}
RESULT: {"actions":[{"id":"action28","type":"key","parameters":{},"actions":[{"type":"keyDown","value":""},{"type":"pause","duration":10},{"type":"keyUp","value":""}]}]}
COMMAND: GET /session/130ef63994e902c9deb83fe717a4bbca/screenshot - {}
COMMAND: GET /session/130ef63994e902c9deb83fe717a4bbca/screenshot - {}
RESULT: {}
RESULT: {}
COMMAND: POST /session/130ef63994e902c9deb83fe717a4bbca/refresh - {}
RESULT: {}
COMMAND: GET /session/130ef63994e902c9deb83fe717a4bbca/screenshot - {}
RESULT: {}
COMMAND: POST /session/130ef63994e902c9deb83fe717a4bbca/refresh - {}
RESULT: {}
COMMAND: GET /session/130ef63994e902c9deb83fe717a4bbca/screenshot - {}
RESULT: {}
COMMAND: POST /session/130ef63994e902c9deb83fe717a4bbca/window/fullscreen - {}
RESULT: {}
COMMAND: POST /session/130ef63994e902c9deb83fe717a4bbca/execute/async - {"script":"<script> [189 bytes]","args":[]}
RESULT: {"script":"<script> [189 bytes]","args":[]}
COMMAND: POST /session/130ef63994e902c9deb83fe717a4bbca/execute/async - {"script":"<script> [123 bytes]","args":[]}
RESULT: {"script":"<script> [123 bytes]","args":[]}
COMMAND: POST /session/130ef63994e902c9deb83fe717a4bbca/timeouts - {"script":"<number>"}
RESULT: {"script":"<number>"}
COMMAND: GET /session/130ef63994e902c9deb83fe717a4bbca/timeouts - {}
RESULT: {}
RESULT: undefined
COMMAND: POST /session/130ef63994e902c9deb83fe717a4bbca/execute/async - {"script":"<script> [2676 bytes]","args":[]}
RESULT: {"script":"<script> [2676 bytes]","args":[]}
COMMAND: POST /session/130ef63994e902c9deb83fe717a4bbca/execute/async - {"script":"<script> [2342 bytes]","args":[{"protocol":"http","hostname":"0.0.0.0","path":"/","capabilities":{"browserName":"chrome","goog:chromeOptions":{"binary":"C:\\Program Files\\Google\\Chrome\\Application\\chrome.exe","args":["--start-maximized"]}},"logLevel":"warn","connectionRetryTimeout":120000,"connectionRetryCount":3,"logLevels":{},"enableDirectConnect":true,"strictSSL":true,"_":"65 more keys: [\"cacheDir\",\"port\",\"requestedCapabilities\",\"automationProtocol\",\"baseUrl\",\"waitforInterval\",\"waitforTimeout\",\"onReload\",\"beforeCommand\",\"afterCommand\",\"rootDir\",\"specs\",\"suites\",\"exclude\",\"groupLogsByTestSpec\",\"excludeDriverLogs\",\"bail\",\"framework\",\"reporters\",\"services\",\"maxInstances\",\"maxInstancesPerCapability\",\"injectGlobals\",\"filesToWatch\",\"execArgv\",\"runnerEnv\",\"runner\",\"shard\",\"specFileRetries\",\"specFileRetriesDelay\",\"specFileRetriesDeferred\",\"reporterSyncInterval\",\"reporterSyncTimeout\",\"cucumberFeaturesWithLineNumbers\",\"autoCompileOpts\",\"mochaOpts\",\"jasmineOpts\",\"cucumberOpts\",\"onPrepare\",\"onWorkerStart\",\"onWorkerEnd\",\"before\",\"beforeSession\",\"beforeSuite\",\"beforeHook\",\"beforeTest\",\"afterTest\",\"afterHook\",\"afterSuite\",\"afterSession\",\"after\",\"onComplete\",\"beforeAssertion\",\"afterAssertion\",\"beforeFeature\",\"beforeScenario\",\"beforeStep\",\"afterStep\",\"afterScenario\",\"afterFeature\",\"_\",\"suite\",\"$0\",\"ignoredWorkerServices\",\"wdi5\"]"}]}
RESULT: {"script":"<script> [2342 bytes]","args":[{"protocol":"http","hostname":"0.0.0.0","path":"/","capabilities":{"browserName":"chrome","goog:chromeOptions":{"binary":"C:\\Program Files\\Google\\Chrome\\Application\\chrome.exe","args":["--start-maximized"]}},"logLevel":"warn","connectionRetryTimeout":120000,"connectionRetryCount":3,"logLevels":{},"enableDirectConnect":true,"strictSSL":true,"_":"65 more keys: [\"cacheDir\",\"port\",\"requestedCapabilities\",\"automationProtocol\",\"baseUrl\",\"waitforInterval\",\"waitforTimeout\",\"onReload\",\"beforeCommand\",\"afterCommand\",\"rootDir\",\"specs\",\"suites\",\"exclude\",\"groupLogsByTestSpec\",\"excludeDriverLogs\",\"bail\",\"framework\",\"reporters\",\"services\",\"maxInstances\",\"maxInstancesPerCapability\",\"injectGlobals\",\"filesToWatch\",\"execArgv\",\"runnerEnv\",\"runner\",\"shard\",\"specFileRetries\",\"specFileRetriesDelay\",\"specFileRetriesDeferred\",\"reporterSyncInterval\",\"reporterSyncTimeout\",\"cucumberFeaturesWithLineNumbers\",\"autoCompileOpts\",\"mochaOpts\",\"jasmineOpts\",\"cucumberOpts\",\"onPrepare\",\"onWorkerStart\",\"onWorkerEnd\",\"before\",\"beforeSession\",\"beforeSuite\",\"beforeHook\",\"beforeTest\",\"afterTest\",\"afterHook\",\"afterSuite\",\"afterSession\",\"after\",\"onComplete\",\"beforeAssertion\",\"afterAssertion\",\"beforeFeature\",\"beforeScenario\",\"beforeStep\",\"afterStep\",\"afterScenario\",\"afterFeature\",\"_\",\"suite\",\"$0\",\"ignoredWorkerServices\",\"wdi5\"]"}]}
COMMAND: POST /session/130ef63994e902c9deb83fe717a4bbca/execute/async - {"script":"<script> [21126 bytes]","args":[35000]}
RESULT: {"script":"<script> [21126 bytes]","args":[35000]}
COMMAND: POST /session/130ef63994e902c9deb83fe717a4bbca/window/fullscreen - {}
RESULT: {}
]]></system-out>
    </testcase>
    <testcase classname="chrome.136_0_7103_93.windows.Create_master_data_for_mixed_billing_&amp;_do_billing_calculation_US151661" name="Should create a new equipment and add a counter to it" time="182.705">
      <system-out><![CDATA[
COMMAND: POST /session/130ef63994e902c9deb83fe717a4bbca/execute/async - {"script":"<script> [1562 bytes]","args":[{"selector":{"controlType":"sap.m.GenericTile","properties":{"header":"Manage Resources"}},"wdio_ui5_key":"sapm.GenericTile{\"header\":\"Manage Resources\"}"}]}
RESULT: {"script":"<script> [1562 bytes]","args":[{"selector":{"controlType":"sap.m.GenericTile","properties":{"header":"Manage Resources"}},"wdio_ui5_key":"sapm.GenericTile{\"header\":\"Manage Resources\"}"}]}
RESULT: undefined
COMMAND: POST /session/130ef63994e902c9deb83fe717a4bbca/element - {"using":"xpath","value":"//*[@id=\"__tile31\"]"}
RESULT: {"using":"xpath","value":"//*[@id=\"__tile31\"]"}
COMMAND: POST /session/130ef63994e902c9deb83fe717a4bbca/element/f.DBA113373209FD8E36DE67C53790246B.d.C44829E22E9AB2B06B1903F2A75B299A.e.8564/click - {}
RESULT: {}
COMMAND: GET /session/130ef63994e902c9deb83fe717a4bbca/screenshot - {}
RESULT: {}
COMMAND: POST /session/130ef63994e902c9deb83fe717a4bbca/elements - {"using":"xpath","value":"//span[text()='Error']"}
RESULT: {"using":"xpath","value":"//span[text()='Error']"}
COMMAND: POST /session/130ef63994e902c9deb83fe717a4bbca/element - {"using":"xpath","value":"//button[@data-kt=\"addNewRUOverflowToolbarButton\"]"}
RESULT: {"using":"xpath","value":"//button[@data-kt=\"addNewRUOverflowToolbarButton\"]"}
COMMAND: POST /session/130ef63994e902c9deb83fe717a4bbca/elements - {"using":"xpath","value":"//button[@data-kt=\"addNewRUOverflowToolbarButton\"]"}
RESULT: {"using":"xpath","value":"//button[@data-kt=\"addNewRUOverflowToolbarButton\"]"}
COMMAND: POST /session/130ef63994e902c9deb83fe717a4bbca/elements - {"using":"xpath","value":"//button[@data-kt=\"addNewRUOverflowToolbarButton\"]"}
RESULT: {"using":"xpath","value":"//button[@data-kt=\"addNewRUOverflowToolbarButton\"]"}
COMMAND: POST /session/130ef63994e902c9deb83fe717a4bbca/elements - {"using":"xpath","value":"//button[@data-kt=\"addNewRUOverflowToolbarButton\"]"}
RESULT: {"using":"xpath","value":"//button[@data-kt=\"addNewRUOverflowToolbarButton\"]"}
COMMAND: POST /session/130ef63994e902c9deb83fe717a4bbca/elements - {"using":"xpath","value":"//button[@data-kt=\"addNewRUOverflowToolbarButton\"]"}
RESULT: {"using":"xpath","value":"//button[@data-kt=\"addNewRUOverflowToolbarButton\"]"}
COMMAND: POST /session/130ef63994e902c9deb83fe717a4bbca/elements - {"using":"xpath","value":"//button[@data-kt=\"addNewRUOverflowToolbarButton\"]"}
RESULT: {"using":"xpath","value":"//button[@data-kt=\"addNewRUOverflowToolbarButton\"]"}
COMMAND: POST /session/130ef63994e902c9deb83fe717a4bbca/elements - {"using":"xpath","value":"//button[@data-kt=\"addNewRUOverflowToolbarButton\"]"}
RESULT: {"using":"xpath","value":"//button[@data-kt=\"addNewRUOverflowToolbarButton\"]"}
COMMAND: POST /session/130ef63994e902c9deb83fe717a4bbca/elements - {"using":"xpath","value":"//button[@data-kt=\"addNewRUOverflowToolbarButton\"]"}
RESULT: {"using":"xpath","value":"//button[@data-kt=\"addNewRUOverflowToolbarButton\"]"}
COMMAND: POST /session/130ef63994e902c9deb83fe717a4bbca/elements - {"using":"xpath","value":"//button[@data-kt=\"addNewRUOverflowToolbarButton\"]"}
RESULT: {"using":"xpath","value":"//button[@data-kt=\"addNewRUOverflowToolbarButton\"]"}
COMMAND: POST /session/130ef63994e902c9deb83fe717a4bbca/elements - {"using":"xpath","value":"//button[@data-kt=\"addNewRUOverflowToolbarButton\"]"}
RESULT: {"using":"xpath","value":"//button[@data-kt=\"addNewRUOverflowToolbarButton\"]"}
COMMAND: POST /session/130ef63994e902c9deb83fe717a4bbca/elements - {"using":"xpath","value":"//button[@data-kt=\"addNewRUOverflowToolbarButton\"]"}
RESULT: {"using":"xpath","value":"//button[@data-kt=\"addNewRUOverflowToolbarButton\"]"}
COMMAND: POST /session/130ef63994e902c9deb83fe717a4bbca/element - {"using":"xpath","value":"//button[@data-kt=\"addNewRUOverflowToolbarButton\"]"}
RESULT: {"using":"xpath","value":"//button[@data-kt=\"addNewRUOverflowToolbarButton\"]"}
COMMAND: POST /session/130ef63994e902c9deb83fe717a4bbca/execute/sync - {"script":"<script> [8489 bytes]","args":[{"element-6066-11e4-a52e-4f735466cecf":"f.DBA113373209FD8E36DE67C53790246B.d.C44829E22E9AB2B06B1903F2A75B299A.e.8672","ELEMENT":"f.DBA113373209FD8E36DE67C53790246B.d.C44829E22E9AB2B06B1903F2A75B299A.e.8672"}]}
RESULT: {"script":"<script> [8489 bytes]","args":[{"element-6066-11e4-a52e-4f735466cecf":"f.DBA113373209FD8E36DE67C53790246B.d.C44829E22E9AB2B06B1903F2A75B299A.e.8672","ELEMENT":"f.DBA113373209FD8E36DE67C53790246B.d.C44829E22E9AB2B06B1903F2A75B299A.e.8672"}]}
COMMAND: GET /session/130ef63994e902c9deb83fe717a4bbca/element/f.DBA113373209FD8E36DE67C53790246B.d.C44829E22E9AB2B06B1903F2A75B299A.e.8672/enabled - {}
COMMAND: GET /session/130ef63994e902c9deb83fe717a4bbca/screenshot - {}
RESULT: {}
COMMAND: POST /session/130ef63994e902c9deb83fe717a4bbca/execute/sync - {"script":"<script> [8489 bytes]","args":[{"element-6066-11e4-a52e-4f735466cecf":"f.DBA113373209FD8E36DE67C53790246B.d.C44829E22E9AB2B06B1903F2A75B299A.e.8672","ELEMENT":"f.DBA113373209FD8E36DE67C53790246B.d.C44829E22E9AB2B06B1903F2A75B299A.e.8672"}]}
COMMAND: GET /session/130ef63994e902c9deb83fe717a4bbca/screenshot - {}
RESULT: {}
RESULT: {"script":"<script> [8489 bytes]","args":[{"element-6066-11e4-a52e-4f735466cecf":"f.DBA113373209FD8E36DE67C53790246B.d.C44829E22E9AB2B06B1903F2A75B299A.e.8672","ELEMENT":"f.DBA113373209FD8E36DE67C53790246B.d.C44829E22E9AB2B06B1903F2A75B299A.e.8672"}]}
COMMAND: POST /session/130ef63994e902c9deb83fe717a4bbca/execute/sync - {"script":"<script> [5351 bytes]","args":[{"element-6066-11e4-a52e-4f735466cecf":"f.DBA113373209FD8E36DE67C53790246B.d.C44829E22E9AB2B06B1903F2A75B299A.e.8672","ELEMENT":"f.DBA113373209FD8E36DE67C53790246B.d.C44829E22E9AB2B06B1903F2A75B299A.e.8672"}]}
COMMAND: GET /session/130ef63994e902c9deb83fe717a4bbca/screenshot - {}
RESULT: {}
RESULT: {"script":"<script> [5351 bytes]","args":[{"element-6066-11e4-a52e-4f735466cecf":"f.DBA113373209FD8E36DE67C53790246B.d.C44829E22E9AB2B06B1903F2A75B299A.e.8672","ELEMENT":"f.DBA113373209FD8E36DE67C53790246B.d.C44829E22E9AB2B06B1903F2A75B299A.e.8672"}]}
COMMAND: POST /session/130ef63994e902c9deb83fe717a4bbca/element/f.DBA113373209FD8E36DE67C53790246B.d.C44829E22E9AB2B06B1903F2A75B299A.e.8672/click - {}
COMMAND: GET /session/130ef63994e902c9deb83fe717a4bbca/screenshot - {}
RESULT: {}
RESULT: {}
COMMAND: GET /session/130ef63994e902c9deb83fe717a4bbca/screenshot - {}
RESULT: {}
RESULT: {}
COMMAND: POST /session/130ef63994e902c9deb83fe717a4bbca/execute/async - {"script":"<script> [1562 bytes]","args":[{"selector":{"id":"application-manageresources-display-component---newResourceUnit--TYPE-arrow"},"wdio_ui5_key":"applicationmanageresources-display-component---newResourceUnit--TYPE-arrow"}]}
RESULT: {"script":"<script> [1562 bytes]","args":[{"selector":{"id":"application-manageresources-display-component---newResourceUnit--TYPE-arrow"},"wdio_ui5_key":"applicationmanageresources-display-component---newResourceUnit--TYPE-arrow"}]}
RESULT: undefined
COMMAND: POST /session/130ef63994e902c9deb83fe717a4bbca/element - {"using":"xpath","value":"//*[@id=\"application-manageresources-display-component---newResourceUnit--TYPE-arrow\"]"}
RESULT: {"using":"xpath","value":"//*[@id=\"application-manageresources-display-component---newResourceUnit--TYPE-arrow\"]"}
COMMAND: POST /session/130ef63994e902c9deb83fe717a4bbca/element/f.DBA113373209FD8E36DE67C53790246B.d.C44829E22E9AB2B06B1903F2A75B299A.e.8841/click - {}
RESULT: {}
COMMAND: POST /session/130ef63994e902c9deb83fe717a4bbca/element - {"using":"xpath","value":"//input[@id=\"application-manageresources-display-component---newResourceUnit--TYPE-inner\"]"}
COMMAND: GET /session/130ef63994e902c9deb83fe717a4bbca/screenshot - {}
RESULT: {"using":"xpath","value":"//input[@id=\"application-manageresources-display-component---newResourceUnit--TYPE-inner\"]"}
COMMAND: POST /session/130ef63994e902c9deb83fe717a4bbca/element/f.DBA113373209FD8E36DE67C53790246B.d.C44829E22E9AB2B06B1903F2A75B299A.e.8724/clear - {}
RESULT: {}
RESULT: {}
COMMAND: POST /session/130ef63994e902c9deb83fe717a4bbca/element/f.DBA113373209FD8E36DE67C53790246B.d.C44829E22E9AB2B06B1903F2A75B299A.e.8724/value - {"text":"Equipment"}
COMMAND: GET /session/130ef63994e902c9deb83fe717a4bbca/screenshot - {}
RESULT: {"text":"Equipment"}
COMMAND: GET /session/130ef63994e902c9deb83fe717a4bbca/screenshot - {}
RESULT: {}
RESULT: {}
COMMAND: POST /session/130ef63994e902c9deb83fe717a4bbca/actions - {"actions":[{"id":"action29","type":"key","parameters":{},"actions":[{"type":"keyDown","value":""},{"type":"pause","duration":10},{"type":"keyUp","value":""}]}]}
RESULT: {"actions":[{"id":"action29","type":"key","parameters":{},"actions":[{"type":"keyDown","value":""},{"type":"pause","duration":10},{"type":"keyUp","value":""}]}]}
COMMAND: POST /session/130ef63994e902c9deb83fe717a4bbca/execute/async - {"script":"<script> [1562 bytes]","args":[{"selector":{"id":"application-manageresources-display-component---newResourceUnit--resourceId","interaction":{"idSuffix":"inner"}},"wdio_ui5_key":"applicationmanageresources-display-component---newResourceUnit--resourceId"}]}
COMMAND: GET /session/130ef63994e902c9deb83fe717a4bbca/screenshot - {}
RESULT: {"script":"<script> [1562 bytes]","args":[{"selector":{"id":"application-manageresources-display-component---newResourceUnit--resourceId","interaction":{"idSuffix":"inner"}},"wdio_ui5_key":"applicationmanageresources-display-component---newResourceUnit--resourceId"}]}
RESULT: undefined
COMMAND: POST /session/130ef63994e902c9deb83fe717a4bbca/execute/async - {"script":"<script> [776 bytes]","args":[{"enterText":"VxodaTTrBs","selector":{"id":"application-manageresources-display-component---newResourceUnit--resourceId","interaction":{"idSuffix":"inner"}},"clearTextFirst":true,"interactionType":"ENTER_TEXT"}]}
RESULT: {}
RESULT: {"script":"<script> [776 bytes]","args":[{"enterText":"VxodaTTrBs","selector":{"id":"application-manageresources-display-component---newResourceUnit--resourceId","interaction":{"idSuffix":"inner"}},"clearTextFirst":true,"interactionType":"ENTER_TEXT"}]}
COMMAND: POST /session/130ef63994e902c9deb83fe717a4bbca/execute/async - {"script":"<script> [1562 bytes]","args":[{"selector":{"id":"application-manageresources-display-component---newResourceUnit--SHORT_TEXT","interaction":{"idSuffix":"inner"}},"wdio_ui5_key":"applicationmanageresources-display-component---newResourceUnit--SHORT_TEXT"}]}
RESULT: {"script":"<script> [1562 bytes]","args":[{"selector":{"id":"application-manageresources-display-component---newResourceUnit--SHORT_TEXT","interaction":{"idSuffix":"inner"}},"wdio_ui5_key":"applicationmanageresources-display-component---newResourceUnit--SHORT_TEXT"}]}
RESULT: undefined
COMMAND: POST /session/130ef63994e902c9deb83fe717a4bbca/execute/async - {"script":"<script> [776 bytes]","args":[{"enterText":"Intercompany Equipment WDIO","selector":{"id":"application-manageresources-display-component---newResourceUnit--SHORT_TEXT","interaction":{"idSuffix":"inner"}},"clearTextFirst":true,"interactionType":"ENTER_TEXT"}]}
RESULT: {"script":"<script> [776 bytes]","args":[{"enterText":"Intercompany Equipment WDIO","selector":{"id":"application-manageresources-display-component---newResourceUnit--SHORT_TEXT","interaction":{"idSuffix":"inner"}},"clearTextFirst":true,"interactionType":"ENTER_TEXT"}]}
COMMAND: POST /session/130ef63994e902c9deb83fe717a4bbca/execute/async - {"script":"<script> [1562 bytes]","args":[{"selector":{"id":"application-manageresources-display-component---newResourceUnit--BASE_UNIT_OF_MEASURE","interaction":{"idSuffix":"inner"}},"wdio_ui5_key":"applicationmanageresources-display-component---newResourceUnit--BASE_UNIT_OF_MEASURE"}]}
RESULT: {"script":"<script> [1562 bytes]","args":[{"selector":{"id":"application-manageresources-display-component---newResourceUnit--BASE_UNIT_OF_MEASURE","interaction":{"idSuffix":"inner"}},"wdio_ui5_key":"applicationmanageresources-display-component---newResourceUnit--BASE_UNIT_OF_MEASURE"}]}
RESULT: undefined
COMMAND: POST /session/130ef63994e902c9deb83fe717a4bbca/execute/async - {"script":"<script> [776 bytes]","args":[{"enterText":"Piece","selector":{"id":"application-manageresources-display-component---newResourceUnit--BASE_UNIT_OF_MEASURE","interaction":{"idSuffix":"inner"}},"clearTextFirst":true,"interactionType":"ENTER_TEXT"}]}
RESULT: {"script":"<script> [776 bytes]","args":[{"enterText":"Piece","selector":{"id":"application-manageresources-display-component---newResourceUnit--BASE_UNIT_OF_MEASURE","interaction":{"idSuffix":"inner"}},"clearTextFirst":true,"interactionType":"ENTER_TEXT"}]}
COMMAND: POST /session/130ef63994e902c9deb83fe717a4bbca/execute/async - {"script":"<script> [1562 bytes]","args":[{"selector":{"id":"application-manageresources-display-component---newResourceUnit--WEIGHT_UNIT","interaction":{"idSuffix":"inner"}},"wdio_ui5_key":"applicationmanageresources-display-component---newResourceUnit--WEIGHT_UNIT"}]}
RESULT: {"script":"<script> [1562 bytes]","args":[{"selector":{"id":"application-manageresources-display-component---newResourceUnit--WEIGHT_UNIT","interaction":{"idSuffix":"inner"}},"wdio_ui5_key":"applicationmanageresources-display-component---newResourceUnit--WEIGHT_UNIT"}]}
RESULT: undefined
COMMAND: POST /session/130ef63994e902c9deb83fe717a4bbca/execute/async - {"script":"<script> [776 bytes]","args":[{"enterText":"Gram","selector":{"id":"application-manageresources-display-component---newResourceUnit--WEIGHT_UNIT","interaction":{"idSuffix":"inner"}},"clearTextFirst":true,"interactionType":"ENTER_TEXT"}]}
RESULT: {"script":"<script> [776 bytes]","args":[{"enterText":"Gram","selector":{"id":"application-manageresources-display-component---newResourceUnit--WEIGHT_UNIT","interaction":{"idSuffix":"inner"}},"clearTextFirst":true,"interactionType":"ENTER_TEXT"}]}
COMMAND: POST /session/130ef63994e902c9deb83fe717a4bbca/execute/async - {"script":"<script> [1562 bytes]","args":[{"selector":{"id":"application-manageresources-display-component---newResourceUnit--DIMENSION_UNIT","interaction":{"idSuffix":"inner"}},"wdio_ui5_key":"applicationmanageresources-display-component---newResourceUnit--DIMENSION_UNIT"}]}
RESULT: {"script":"<script> [1562 bytes]","args":[{"selector":{"id":"application-manageresources-display-component---newResourceUnit--DIMENSION_UNIT","interaction":{"idSuffix":"inner"}},"wdio_ui5_key":"applicationmanageresources-display-component---newResourceUnit--DIMENSION_UNIT"}]}
RESULT: undefined
COMMAND: POST /session/130ef63994e902c9deb83fe717a4bbca/execute/async - {"script":"<script> [776 bytes]","args":[{"enterText":"Meter","selector":{"id":"application-manageresources-display-component---newResourceUnit--DIMENSION_UNIT","interaction":{"idSuffix":"inner"}},"clearTextFirst":true,"interactionType":"ENTER_TEXT"}]}
RESULT: {"script":"<script> [776 bytes]","args":[{"enterText":"Meter","selector":{"id":"application-manageresources-display-component---newResourceUnit--DIMENSION_UNIT","interaction":{"idSuffix":"inner"}},"clearTextFirst":true,"interactionType":"ENTER_TEXT"}]}
COMMAND: POST /session/130ef63994e902c9deb83fe717a4bbca/execute/async - {"script":"<script> [1562 bytes]","args":[{"selector":{"id":"application-manageresources-display-component---newResourceUnit--newRRUPage-anchBar-application-manageresources-display-component---newResourceUnit--control-anchor","interaction":{"idSuffix":"BDI-content"}},"wdio_ui5_key":"applicationmanageresources-display-component---newResourceUnit--newRRUPage-anchBar-application-manageresources-display-component---newResourceUnit--control-anchor"}]}
RESULT: {"script":"<script> [1562 bytes]","args":[{"selector":{"id":"application-manageresources-display-component---newResourceUnit--newRRUPage-anchBar-application-manageresources-display-component---newResourceUnit--control-anchor","interaction":{"idSuffix":"BDI-content"}},"wdio_ui5_key":"applicationmanageresources-display-component---newResourceUnit--newRRUPage-anchBar-application-manageresources-display-component---newResourceUnit--control-anchor"}]}
RESULT: undefined
COMMAND: POST /session/130ef63994e902c9deb83fe717a4bbca/element - {"using":"xpath","value":"//*[@id=\"application-manageresources-display-component---newResourceUnit--newRRUPage-anchBar-application-manageresources-display-component---newResourceUnit--control-anchor\"]"}
RESULT: {"using":"xpath","value":"//*[@id=\"application-manageresources-display-component---newResourceUnit--newRRUPage-anchBar-application-manageresources-display-component---newResourceUnit--control-anchor\"]"}
COMMAND: POST /session/130ef63994e902c9deb83fe717a4bbca/element/f.DBA113373209FD8E36DE67C53790246B.d.C44829E22E9AB2B06B1903F2A75B299A.e.9003/click - {}
RESULT: {}
COMMAND: POST /session/130ef63994e902c9deb83fe717a4bbca/execute/async - {"script":"<script> [1562 bytes]","args":[{"selector":{"id":"application-manageresources-display-component---newResourceUnit--PLANNING_GROUP","interaction":{"idSuffix":"inner"}},"wdio_ui5_key":"applicationmanageresources-display-component---newResourceUnit--PLANNING_GROUP"}]}
COMMAND: GET /session/130ef63994e902c9deb83fe717a4bbca/screenshot - {}
RESULT: {}
RESULT: {"script":"<script> [1562 bytes]","args":[{"selector":{"id":"application-manageresources-display-component---newResourceUnit--PLANNING_GROUP","interaction":{"idSuffix":"inner"}},"wdio_ui5_key":"applicationmanageresources-display-component---newResourceUnit--PLANNING_GROUP"}]}
RESULT: undefined
COMMAND: POST /session/130ef63994e902c9deb83fe717a4bbca/execute/async - {"script":"<script> [776 bytes]","args":[{"enterText":"Heavy Equi","selector":{"id":"application-manageresources-display-component---newResourceUnit--PLANNING_GROUP","interaction":{"idSuffix":"inner"}},"clearTextFirst":true,"interactionType":"ENTER_TEXT"}]}
RESULT: {"script":"<script> [776 bytes]","args":[{"enterText":"Heavy Equi","selector":{"id":"application-manageresources-display-component---newResourceUnit--PLANNING_GROUP","interaction":{"idSuffix":"inner"}},"clearTextFirst":true,"interactionType":"ENTER_TEXT"}]}
COMMAND: POST /session/130ef63994e902c9deb83fe717a4bbca/execute/async - {"script":"<script> [1562 bytes]","args":[{"selector":{"id":"application-manageresources-display-component---newResourceUnit--ITEM_TYPE-arrow"},"wdio_ui5_key":"applicationmanageresources-display-component---newResourceUnit--ITEM_TYPE-arrow"}]}
RESULT: {"script":"<script> [1562 bytes]","args":[{"selector":{"id":"application-manageresources-display-component---newResourceUnit--ITEM_TYPE-arrow"},"wdio_ui5_key":"applicationmanageresources-display-component---newResourceUnit--ITEM_TYPE-arrow"}]}
RESULT: undefined
COMMAND: POST /session/130ef63994e902c9deb83fe717a4bbca/element - {"using":"xpath","value":"//*[@id=\"application-manageresources-display-component---newResourceUnit--ITEM_TYPE-arrow\"]"}
RESULT: {"using":"xpath","value":"//*[@id=\"application-manageresources-display-component---newResourceUnit--ITEM_TYPE-arrow\"]"}
COMMAND: POST /session/130ef63994e902c9deb83fe717a4bbca/element/f.DBA113373209FD8E36DE67C53790246B.d.C44829E22E9AB2B06B1903F2A75B299A.e.9010/click - {}
RESULT: {}
COMMAND: POST /session/130ef63994e902c9deb83fe717a4bbca/element - {"using":"xpath","value":"(//span[contains(text(), \"Resource Unit\")])[2]"}
COMMAND: GET /session/130ef63994e902c9deb83fe717a4bbca/screenshot - {}
RESULT: {"using":"xpath","value":"(//span[contains(text(), \"Resource Unit\")])[2]"}
COMMAND: POST /session/130ef63994e902c9deb83fe717a4bbca/element/f.DBA113373209FD8E36DE67C53790246B.d.C44829E22E9AB2B06B1903F2A75B299A.e.9011/click - {}
RESULT: {}
RESULT: {}
COMMAND: GET /session/130ef63994e902c9deb83fe717a4bbca/screenshot - {}
RESULT: {}
COMMAND: POST /session/130ef63994e902c9deb83fe717a4bbca/element - {"using":"css selector","value":"#application-manageresources-display-component---newResourceUnit--btnAddTimeSegment"}
RESULT: {"using":"css selector","value":"#application-manageresources-display-component---newResourceUnit--btnAddTimeSegment"}
COMMAND: GET /session/130ef63994e902c9deb83fe717a4bbca/element/f.DBA113373209FD8E36DE67C53790246B.d.C44829E22E9AB2B06B1903F2A75B299A.e.9019/rect - {}
RESULT: {}
COMMAND: GET /session/130ef63994e902c9deb83fe717a4bbca/window/rect - {}
RESULT: {}
COMMAND: POST /session/130ef63994e902c9deb83fe717a4bbca/execute/sync - {"script":"<script> [92 bytes]","args":[]}
RESULT: {"script":"<script> [92 bytes]","args":[]}
COMMAND: POST /session/130ef63994e902c9deb83fe717a4bbca/actions - {"actions":[{"id":"action30","type":"wheel","parameters":{},"actions":[{"type":"scroll","x":-1888,"y":-32,"deltaX":0,"deltaY":0,"duration":0,"origin":{"element-6066-11e4-a52e-4f735466cecf":"f.DBA113373209FD8E36DE67C53790246B.d.C44829E22E9AB2B06B1903F2A75B299A.e.9019"}}]}]}
COMMAND: GET /session/130ef63994e902c9deb83fe717a4bbca/screenshot - {}
RESULT: {}
COMMAND: POST /session/130ef63994e902c9deb83fe717a4bbca/execute/sync - {"script":"<script> [79 bytes]","args":[{"element-6066-11e4-a52e-4f735466cecf":"f.DBA113373209FD8E36DE67C53790246B.d.C44829E22E9AB2B06B1903F2A75B299A.e.9019","ELEMENT":"f.DBA113373209FD8E36DE67C53790246B.d.C44829E22E9AB2B06B1903F2A75B299A.e.9019"},{"block":"start","inline":"nearest"}]}
RESULT: {"script":"<script> [79 bytes]","args":[{"element-6066-11e4-a52e-4f735466cecf":"f.DBA113373209FD8E36DE67C53790246B.d.C44829E22E9AB2B06B1903F2A75B299A.e.9019","ELEMENT":"f.DBA113373209FD8E36DE67C53790246B.d.C44829E22E9AB2B06B1903F2A75B299A.e.9019"},{"block":"start","inline":"nearest"}]}
COMMAND: POST /session/130ef63994e902c9deb83fe717a4bbca/execute/async - {"script":"<script> [1562 bytes]","args":[{"selector":{"id":"application-manageresources-display-component---newResourceUnit--btnAddTimeSegment","interaction":{"idSuffix":"inner"}},"wdio_ui5_key":"applicationmanageresources-display-component---newResourceUnit--btnAddTimeSegment"}]}
COMMAND: GET /session/130ef63994e902c9deb83fe717a4bbca/screenshot - {}
RESULT: {"script":"<script> [1562 bytes]","args":[{"selector":{"id":"application-manageresources-display-component---newResourceUnit--btnAddTimeSegment","interaction":{"idSuffix":"inner"}},"wdio_ui5_key":"applicationmanageresources-display-component---newResourceUnit--btnAddTimeSegment"}]}
RESULT: undefined
COMMAND: POST /session/130ef63994e902c9deb83fe717a4bbca/element - {"using":"xpath","value":"//*[@id=\"application-manageresources-display-component---newResourceUnit--btnAddTimeSegment\"]"}
RESULT: {}
RESULT: {"using":"xpath","value":"//*[@id=\"application-manageresources-display-component---newResourceUnit--btnAddTimeSegment\"]"}
COMMAND: POST /session/130ef63994e902c9deb83fe717a4bbca/element/f.DBA113373209FD8E36DE67C53790246B.d.C44829E22E9AB2B06B1903F2A75B299A.e.9019/click - {}
RESULT: {}
COMMAND: GET /session/130ef63994e902c9deb83fe717a4bbca/screenshot - {}
RESULT: {}
COMMAND: POST /session/130ef63994e902c9deb83fe717a4bbca/element - {"using":"xpath","value":"//input[@id=\"application-manageresources-display-component---newResourceUnit--idRuTSAdmin-application-manageresources-display-component---newResourceUnit--RUTimeSegment-0-inner\"]"}
RESULT: {"using":"xpath","value":"//input[@id=\"application-manageresources-display-component---newResourceUnit--idRuTSAdmin-application-manageresources-display-component---newResourceUnit--RUTimeSegment-0-inner\"]"}
COMMAND: POST /session/130ef63994e902c9deb83fe717a4bbca/element/f.DBA113373209FD8E36DE67C53790246B.d.C44829E22E9AB2B06B1903F2A75B299A.e.9025/clear - {}
RESULT: {}
COMMAND: POST /session/130ef63994e902c9deb83fe717a4bbca/element/f.DBA113373209FD8E36DE67C53790246B.d.C44829E22E9AB2B06B1903F2A75B299A.e.9025/value - {"text":"256"}
COMMAND: GET /session/130ef63994e902c9deb83fe717a4bbca/screenshot - {}
RESULT: {}
RESULT: {"text":"256"}
COMMAND: GET /session/130ef63994e902c9deb83fe717a4bbca/screenshot - {}
RESULT: {}
COMMAND: POST /session/130ef63994e902c9deb83fe717a4bbca/element - {"using":"xpath","value":"//li[.//span[text()='256']]"}
RESULT: {"using":"xpath","value":"//li[.//span[text()='256']]"}
COMMAND: POST /session/130ef63994e902c9deb83fe717a4bbca/element/f.DBA113373209FD8E36DE67C53790246B.d.C44829E22E9AB2B06B1903F2A75B299A.e.9038/click - {}
RESULT: {}
COMMAND: GET /session/130ef63994e902c9deb83fe717a4bbca/screenshot - {}
RESULT: {}
COMMAND: POST /session/130ef63994e902c9deb83fe717a4bbca/element - {"using":"xpath","value":"(//span[contains(@id, \"-application-manageresources-display-component---newResourceUnit--RUTimeSegment-0-arrow\")])[6]"}
RESULT: {"using":"xpath","value":"(//span[contains(@id, \"-application-manageresources-display-component---newResourceUnit--RUTimeSegment-0-arrow\")])[6]"}
COMMAND: POST /session/130ef63994e902c9deb83fe717a4bbca/element/f.DBA113373209FD8E36DE67C53790246B.d.C44829E22E9AB2B06B1903F2A75B299A.e.9039/click - {}
RESULT: {}
COMMAND: GET /session/130ef63994e902c9deb83fe717a4bbca/screenshot - {}
RESULT: {}
COMMAND: POST /session/130ef63994e902c9deb83fe717a4bbca/element - {"using":"xpath","value":"//span[contains(text(), \"PM Order\")]"}
RESULT: {"using":"xpath","value":"//span[contains(text(), \"PM Order\")]"}
COMMAND: POST /session/130ef63994e902c9deb83fe717a4bbca/element/f.DBA113373209FD8E36DE67C53790246B.d.C44829E22E9AB2B06B1903F2A75B299A.e.9042/click - {}
RESULT: {}
COMMAND: GET /session/130ef63994e902c9deb83fe717a4bbca/screenshot - {}
RESULT: {}
COMMAND: POST /session/130ef63994e902c9deb83fe717a4bbca/element - {"using":"xpath","value":"(//span[contains(@id ,\"manageresources-display-component---newResourceUnit--RUTimeSegment-0-vhi\")])[1]"}
RESULT: {"using":"xpath","value":"(//span[contains(@id ,\"manageresources-display-component---newResourceUnit--RUTimeSegment-0-vhi\")])[1]"}
COMMAND: GET /session/130ef63994e902c9deb83fe717a4bbca/element/f.DBA113373209FD8E36DE67C53790246B.d.C44829E22E9AB2B06B1903F2A75B299A.e.9046/rect - {}
RESULT: {}
COMMAND: GET /session/130ef63994e902c9deb83fe717a4bbca/window/rect - {}
RESULT: {}
COMMAND: POST /session/130ef63994e902c9deb83fe717a4bbca/execute/sync - {"script":"<script> [92 bytes]","args":[]}
RESULT: {"script":"<script> [92 bytes]","args":[]}
COMMAND: POST /session/130ef63994e902c9deb83fe717a4bbca/actions - {"actions":[{"id":"action31","type":"wheel","parameters":{},"actions":[{"type":"scroll","x":-869,"y":-24,"deltaX":0,"deltaY":0,"duration":0,"origin":{"element-6066-11e4-a52e-4f735466cecf":"f.DBA113373209FD8E36DE67C53790246B.d.C44829E22E9AB2B06B1903F2A75B299A.e.9046"}}]}]}
COMMAND: GET /session/130ef63994e902c9deb83fe717a4bbca/screenshot - {}
RESULT: {"actions":[{"id":"action31","type":"wheel","parameters":{},"actions":[{"type":"scroll","x":-869,"y":-24,"deltaX":0,"deltaY":0,"duration":0,"origin":{"element-6066-11e4-a52e-4f735466cecf":"f.DBA113373209FD8E36DE67C53790246B.d.C44829E22E9AB2B06B1903F2A75B299A.e.9046"}}]}]}
COMMAND: DELETE /session/130ef63994e902c9deb83fe717a4bbca/actions - {}
COMMAND: GET /session/130ef63994e902c9deb83fe717a4bbca/screenshot - {}
RESULT: {}
RESULT: {}
COMMAND: GET /session/130ef63994e902c9deb83fe717a4bbca/screenshot - {}
RESULT: {}
RESULT: {}
COMMAND: POST /session/130ef63994e902c9deb83fe717a4bbca/element/f.DBA113373209FD8E36DE67C53790246B.d.C44829E22E9AB2B06B1903F2A75B299A.e.9046/click - {}
RESULT: {}
COMMAND: GET /session/130ef63994e902c9deb83fe717a4bbca/screenshot - {}
RESULT: {}
COMMAND: POST /session/130ef63994e902c9deb83fe717a4bbca/execute/async - {"script":"<script> [1562 bytes]","args":[{"selector":{"controlType":"sap.m.SearchField","properties":{"placeholder":"Search"},"searchOpenDialogs":true,"interaction":{"idSuffix":"I"}},"wdio_ui5_key":"sapm.SearchField{\"placeholder\":\"Search\"}"}]}
RESULT: {"script":"<script> [1562 bytes]","args":[{"selector":{"controlType":"sap.m.SearchField","properties":{"placeholder":"Search"},"searchOpenDialogs":true,"interaction":{"idSuffix":"I"}},"wdio_ui5_key":"sapm.SearchField{\"placeholder\":\"Search\"}"}]}
RESULT: undefined
COMMAND: POST /session/130ef63994e902c9deb83fe717a4bbca/execute/async - {"script":"<script> [776 bytes]","args":[{"enterText":"4000360","selector":{"controlType":"sap.m.SearchField","properties":{"placeholder":"Search"},"searchOpenDialogs":true,"interaction":{"idSuffix":"I"}},"clearTextFirst":true,"interactionType":"ENTER_TEXT"}]}
RESULT: {"script":"<script> [776 bytes]","args":[{"enterText":"4000360","selector":{"controlType":"sap.m.SearchField","properties":{"placeholder":"Search"},"searchOpenDialogs":true,"interaction":{"idSuffix":"I"}},"clearTextFirst":true,"interactionType":"ENTER_TEXT"}]}
COMMAND: POST /session/130ef63994e902c9deb83fe717a4bbca/actions - {"actions":[{"id":"action32","type":"key","parameters":{},"actions":[{"type":"keyDown","value":""},{"type":"pause","duration":10},{"type":"keyUp","value":""}]}]}
RESULT: {"actions":[{"id":"action32","type":"key","parameters":{},"actions":[{"type":"keyDown","value":""},{"type":"pause","duration":10},{"type":"keyUp","value":""}]}]}
COMMAND: GET /session/130ef63994e902c9deb83fe717a4bbca/screenshot - {}
RESULT: {}
COMMAND: POST /session/130ef63994e902c9deb83fe717a4bbca/element - {"using":"xpath","value":"//td/div/span[contains(text(), \"BGL Vehicles\")]"}
RESULT: {"using":"xpath","value":"//td/div/span[contains(text(), \"BGL Vehicles\")]"}
COMMAND: POST /session/130ef63994e902c9deb83fe717a4bbca/element/f.DBA113373209FD8E36DE67C53790246B.d.C44829E22E9AB2B06B1903F2A75B299A.e.9069/click - {}
RESULT: {}
COMMAND: GET /session/130ef63994e902c9deb83fe717a4bbca/screenshot - {}
RESULT: {}
COMMAND: POST /session/130ef63994e902c9deb83fe717a4bbca/element - {"using":"xpath","value":"//bdi[contains(text(), \"OK\")]"}
RESULT: {"using":"xpath","value":"//bdi[contains(text(), \"OK\")]"}
COMMAND: POST /session/130ef63994e902c9deb83fe717a4bbca/element/f.DBA113373209FD8E36DE67C53790246B.d.C44829E22E9AB2B06B1903F2A75B299A.e.9070/click - {}
RESULT: {}
COMMAND: GET /session/130ef63994e902c9deb83fe717a4bbca/screenshot - {}
RESULT: {}
COMMAND: POST /session/130ef63994e902c9deb83fe717a4bbca/execute/async - {"script":"<script> [1562 bytes]","args":[{"selector":{"id":"application-manageresources-display-component---newResourceUnit--newRRUPage-anchBar-application-manageresources-display-component---newResourceUnit--resource-anchor","interaction":{"idSuffix":"BDI-content"}},"wdio_ui5_key":"applicationmanageresources-display-component---newResourceUnit--newRRUPage-anchBar-application-manageresources-display-component---newResourceUnit--resource-anchor"}]}
RESULT: {"script":"<script> [1562 bytes]","args":[{"selector":{"id":"application-manageresources-display-component---newResourceUnit--newRRUPage-anchBar-application-manageresources-display-component---newResourceUnit--resource-anchor","interaction":{"idSuffix":"BDI-content"}},"wdio_ui5_key":"applicationmanageresources-display-component---newResourceUnit--newRRUPage-anchBar-application-manageresources-display-component---newResourceUnit--resource-anchor"}]}
RESULT: undefined
COMMAND: POST /session/130ef63994e902c9deb83fe717a4bbca/element - {"using":"xpath","value":"//*[@id=\"application-manageresources-display-component---newResourceUnit--newRRUPage-anchBar-application-manageresources-display-component---newResourceUnit--resource-anchor\"]"}
RESULT: {"using":"xpath","value":"//*[@id=\"application-manageresources-display-component---newResourceUnit--newRRUPage-anchBar-application-manageresources-display-component---newResourceUnit--resource-anchor\"]"}
COMMAND: POST /session/130ef63994e902c9deb83fe717a4bbca/element/f.DBA113373209FD8E36DE67C53790246B.d.C44829E22E9AB2B06B1903F2A75B299A.e.9074/click - {}
RESULT: {}
COMMAND: POST /session/130ef63994e902c9deb83fe717a4bbca/execute/async - {"script":"<script> [1562 bytes]","args":[{"selector":{"id":"application-manageresources-display-component---newResourceUnit--PLANNED_DELIVERY_DATE","interaction":{"idSuffix":"inner"}},"wdio_ui5_key":"applicationmanageresources-display-component---newResourceUnit--PLANNED_DELIVERY_DATE"}]}
COMMAND: GET /session/130ef63994e902c9deb83fe717a4bbca/screenshot - {}
RESULT: {"script":"<script> [1562 bytes]","args":[{"selector":{"id":"application-manageresources-display-component---newResourceUnit--PLANNED_DELIVERY_DATE","interaction":{"idSuffix":"inner"}},"wdio_ui5_key":"applicationmanageresources-display-component---newResourceUnit--PLANNED_DELIVERY_DATE"}]}
RESULT: undefined
COMMAND: POST /session/130ef63994e902c9deb83fe717a4bbca/execute/async - {"script":"<script> [6424 bytes]","args":[{"element-6066-11e4-a52e-4f735466cecf":"f.DBA113373209FD8E36DE67C53790246B.d.C44829E22E9AB2B06B1903F2A75B299A.e.8900"},"setValue",["5/24/25"]]}
RESULT: {}
RESULT: {"script":"<script> [6424 bytes]","args":[{"element-6066-11e4-a52e-4f735466cecf":"f.DBA113373209FD8E36DE67C53790246B.d.C44829E22E9AB2B06B1903F2A75B299A.e.8900"},"setValue",["5/24/25"]]}
COMMAND: POST /session/130ef63994e902c9deb83fe717a4bbca/element - {"using":"xpath","value":"//label[contains(@class, 'sapMLabelRequired') and .//bdi[contains(text(), 'Planned Retirement')]]"}
RESULT: {"using":"xpath","value":"//label[contains(@class, 'sapMLabelRequired') and .//bdi[contains(text(), 'Planned Retirement')]]"}
COMMAND: POST /session/130ef63994e902c9deb83fe717a4bbca/elements - {"using":"xpath","value":"//label[contains(@class, 'sapMLabelRequired') and .//bdi[contains(text(), 'Planned Retirement')]]"}
RESULT: {"using":"xpath","value":"//label[contains(@class, 'sapMLabelRequired') and .//bdi[contains(text(), 'Planned Retirement')]]"}
COMMAND: POST /session/130ef63994e902c9deb83fe717a4bbca/element - {"using":"xpath","value":"//button[@data-kt=\"resourceUnitSaveButton\"]"}
RESULT: {"using":"xpath","value":"//button[@data-kt=\"resourceUnitSaveButton\"]"}
COMMAND: POST /session/130ef63994e902c9deb83fe717a4bbca/element/f.DBA113373209FD8E36DE67C53790246B.d.C44829E22E9AB2B06B1903F2A75B299A.e.8859/click - {}
RESULT: {}
COMMAND: GET /session/130ef63994e902c9deb83fe717a4bbca/screenshot - {}
RESULT: {}
COMMAND: POST /session/130ef63994e902c9deb83fe717a4bbca/element - {"using":"xpath","value":"//bdi[contains(text(), \"Close\")]"}
RESULT: {"using":"xpath","value":"//bdi[contains(text(), \"Close\")]"}
COMMAND: POST /session/130ef63994e902c9deb83fe717a4bbca/element/f.DBA113373209FD8E36DE67C53790246B.d.C44829E22E9AB2B06B1903F2A75B299A.e.9083/click - {}
RESULT: {}
COMMAND: GET /session/130ef63994e902c9deb83fe717a4bbca/screenshot - {}
RESULT: {}
COMMAND: POST /session/130ef63994e902c9deb83fe717a4bbca/element - {"using":"xpath","value":"//bdi[contains(text(), \"Edit\")]"}
RESULT: {"using":"xpath","value":"//bdi[contains(text(), \"Edit\")]"}
COMMAND: POST /session/130ef63994e902c9deb83fe717a4bbca/execute/sync - {"script":"<script> [8489 bytes]","args":[{"element-6066-11e4-a52e-4f735466cecf":"f.DBA113373209FD8E36DE67C53790246B.d.C44829E22E9AB2B06B1903F2A75B299A.e.9113","ELEMENT":"f.DBA113373209FD8E36DE67C53790246B.d.C44829E22E9AB2B06B1903F2A75B299A.e.9113"}]}
RESULT: {"script":"<script> [8489 bytes]","args":[{"element-6066-11e4-a52e-4f735466cecf":"f.DBA113373209FD8E36DE67C53790246B.d.C44829E22E9AB2B06B1903F2A75B299A.e.9113","ELEMENT":"f.DBA113373209FD8E36DE67C53790246B.d.C44829E22E9AB2B06B1903F2A75B299A.e.9113"}]}
COMMAND: POST /session/130ef63994e902c9deb83fe717a4bbca/element/f.DBA113373209FD8E36DE67C53790246B.d.C44829E22E9AB2B06B1903F2A75B299A.e.9113/click - {}
COMMAND: GET /session/130ef63994e902c9deb83fe717a4bbca/screenshot - {}
RESULT: {}
COMMAND: GET /session/130ef63994e902c9deb83fe717a4bbca/screenshot - {}
RESULT: {}
RESULT: {}
COMMAND: POST /session/130ef63994e902c9deb83fe717a4bbca/execute/async - {"script":"<script> [1562 bytes]","args":[{"selector":{"id":"application-manageresources-display-component---editResource--editRruPage-anchBar-application-manageresources-display-component---editResource--counters-anchor","interaction":{"idSuffix":"BDI-content"}},"wdio_ui5_key":"applicationmanageresources-display-component---editResource--editRruPage-anchBar-application-manageresources-display-component---editResource--counters-anchor"}]}
RESULT: {"script":"<script> [1562 bytes]","args":[{"selector":{"id":"application-manageresources-display-component---editResource--editRruPage-anchBar-application-manageresources-display-component---editResource--counters-anchor","interaction":{"idSuffix":"BDI-content"}},"wdio_ui5_key":"applicationmanageresources-display-component---editResource--editRruPage-anchBar-application-manageresources-display-component---editResource--counters-anchor"}]}
RESULT: undefined
COMMAND: POST /session/130ef63994e902c9deb83fe717a4bbca/element - {"using":"xpath","value":"//*[@id=\"application-manageresources-display-component---editResource--editRruPage-anchBar-application-manageresources-display-component---editResource--counters-anchor\"]"}
RESULT: {"using":"xpath","value":"//*[@id=\"application-manageresources-display-component---editResource--editRruPage-anchBar-application-manageresources-display-component---editResource--counters-anchor\"]"}
COMMAND: POST /session/130ef63994e902c9deb83fe717a4bbca/element/f.DBA113373209FD8E36DE67C53790246B.d.C44829E22E9AB2B06B1903F2A75B299A.e.9263/click - {}
RESULT: {}
COMMAND: GET /session/130ef63994e902c9deb83fe717a4bbca/screenshot - {}
RESULT: {}
COMMAND: POST /session/130ef63994e902c9deb83fe717a4bbca/execute/async - {"script":"<script> [1562 bytes]","args":[{"selector":{"id":"application-manageresources-display-component---editResource--btnAddCounter-img"},"wdio_ui5_key":"applicationmanageresources-display-component---editResource--btnAddCounter-img"}]}
RESULT: {"script":"<script> [1562 bytes]","args":[{"selector":{"id":"application-manageresources-display-component---editResource--btnAddCounter-img"},"wdio_ui5_key":"applicationmanageresources-display-component---editResource--btnAddCounter-img"}]}
RESULT: undefined
COMMAND: POST /session/130ef63994e902c9deb83fe717a4bbca/element - {"using":"xpath","value":"//*[@id=\"application-manageresources-display-component---editResource--btnAddCounter-img\"]"}
RESULT: {"using":"xpath","value":"//*[@id=\"application-manageresources-display-component---editResource--btnAddCounter-img\"]"}
COMMAND: POST /session/130ef63994e902c9deb83fe717a4bbca/element/f.DBA113373209FD8E36DE67C53790246B.d.C44829E22E9AB2B06B1903F2A75B299A.e.9268/click - {}
RESULT: {}
COMMAND: POST /session/130ef63994e902c9deb83fe717a4bbca/execute/async - {"script":"<script> [1562 bytes]","args":[{"selector":{"id":"application-manageresources-display-component---editResource--COUNTER_ID-application-manageresources-display-component---editResource--RUCounters-0-arrow"},"wdio_ui5_key":"applicationmanageresources-display-component---editResource--COUNTER_ID-application-manageresources-display-component---editResource--RUCounters-0-arrow"}]}
COMMAND: GET /session/130ef63994e902c9deb83fe717a4bbca/screenshot - {}
RESULT: {"script":"<script> [1562 bytes]","args":[{"selector":{"id":"application-manageresources-display-component---editResource--COUNTER_ID-application-manageresources-display-component---editResource--RUCounters-0-arrow"},"wdio_ui5_key":"applicationmanageresources-display-component---editResource--COUNTER_ID-application-manageresources-display-component---editResource--RUCounters-0-arrow"}]}
RESULT: undefined
COMMAND: POST /session/130ef63994e902c9deb83fe717a4bbca/element - {"using":"xpath","value":"//*[@id=\"application-manageresources-display-component---editResource--COUNTER_ID-application-manageresources-display-component---editResource--RUCounters-0-arrow\"]"}
RESULT: {}
RESULT: {"using":"xpath","value":"//*[@id=\"application-manageresources-display-component---editResource--COUNTER_ID-application-manageresources-display-component---editResource--RUCounters-0-arrow\"]"}
COMMAND: POST /session/130ef63994e902c9deb83fe717a4bbca/element/f.DBA113373209FD8E36DE67C53790246B.d.C44829E22E9AB2B06B1903F2A75B299A.e.9275/click - {}
RESULT: {}
COMMAND: POST /session/130ef63994e902c9deb83fe717a4bbca/execute/async - {"script":"<script> [1562 bytes]","args":[{"selector":{"controlType":"sap.m.StandardListItem","viewName":"etm.portal.ui.manageresources.view.EditResource","viewId":"application-manageresources-display-component---editResource","properties":{"title":"fuel"},"searchOpenDialogs":true,"interaction":{"idSuffix":"content"}},"wdio_ui5_key":"etmportal.ui.manageresources.view.EditResourcesap.m.StandardListItem{\"title\":\"fuel\"}"}]}
COMMAND: GET /session/130ef63994e902c9deb83fe717a4bbca/screenshot - {}
RESULT: {"script":"<script> [1562 bytes]","args":[{"selector":{"controlType":"sap.m.StandardListItem","viewName":"etm.portal.ui.manageresources.view.EditResource","viewId":"application-manageresources-display-component---editResource","properties":{"title":"fuel"},"searchOpenDialogs":true,"interaction":{"idSuffix":"content"}},"wdio_ui5_key":"etmportal.ui.manageresources.view.EditResourcesap.m.StandardListItem{\"title\":\"fuel\"}"}]}
RESULT: undefined
COMMAND: POST /session/130ef63994e902c9deb83fe717a4bbca/element - {"using":"xpath","value":"//*[@id=\"__item793\"]"}
RESULT: {}
RESULT: {"using":"xpath","value":"//*[@id=\"__item793\"]"}
COMMAND: POST /session/130ef63994e902c9deb83fe717a4bbca/element/f.DBA113373209FD8E36DE67C53790246B.d.C44829E22E9AB2B06B1903F2A75B299A.e.9277/click - {}
RESULT: {}
COMMAND: GET /session/130ef63994e902c9deb83fe717a4bbca/screenshot - {}
RESULT: {}
COMMAND: POST /session/130ef63994e902c9deb83fe717a4bbca/element - {"using":"xpath","value":"//button[@data-kt=\"saveButton\"]"}
RESULT: {"using":"xpath","value":"//button[@data-kt=\"saveButton\"]"}
COMMAND: POST /session/130ef63994e902c9deb83fe717a4bbca/element/f.DBA113373209FD8E36DE67C53790246B.d.C44829E22E9AB2B06B1903F2A75B299A.e.9278/click - {}
RESULT: {}
COMMAND: GET /session/130ef63994e902c9deb83fe717a4bbca/screenshot - {}
RESULT: {}
COMMAND: POST /session/130ef63994e902c9deb83fe717a4bbca/element - {"using":"xpath","value":"(//button[contains(@id ,\"actionsToolbar-overflowButton\")])[1]"}
RESULT: {"using":"xpath","value":"(//button[contains(@id ,\"actionsToolbar-overflowButton\")])[1]"}
COMMAND: POST /session/130ef63994e902c9deb83fe717a4bbca/element/f.DBA113373209FD8E36DE67C53790246B.d.C44829E22E9AB2B06B1903F2A75B299A.e.9289/click - {}
RESULT: {}
COMMAND: GET /session/130ef63994e902c9deb83fe717a4bbca/screenshot - {}
RESULT: {}
COMMAND: POST /session/130ef63994e902c9deb83fe717a4bbca/element - {"using":"xpath","value":"//button[@data-kt=\"priceInfoButton\"]"}
RESULT: {"using":"xpath","value":"//button[@data-kt=\"priceInfoButton\"]"}
COMMAND: POST /session/130ef63994e902c9deb83fe717a4bbca/element/f.DBA113373209FD8E36DE67C53790246B.d.C44829E22E9AB2B06B1903F2A75B299A.e.9291/click - {}
RESULT: {}
COMMAND: GET /session/130ef63994e902c9deb83fe717a4bbca/screenshot - {}
]]></system-out>
    </testcase>
    <testcase classname="chrome.136_0_7103_93.windows.Create_master_data_for_mixed_billing_&amp;_do_billing_calculation_US151661" name="Should create a TB pricing procedure" time="56.134">
      <system-out><![CDATA[
COMMAND: POST /session/130ef63994e902c9deb83fe717a4bbca/element - {"using":"xpath","value":"//button[@data-kt=\"addButton\"]"}
RESULT: {}
RESULT: {"using":"xpath","value":"//button[@data-kt=\"addButton\"]"}
COMMAND: POST /session/130ef63994e902c9deb83fe717a4bbca/elements - {"using":"xpath","value":"//button[@data-kt=\"addButton\"]"}
RESULT: {"using":"xpath","value":"//button[@data-kt=\"addButton\"]"}
COMMAND: POST /session/130ef63994e902c9deb83fe717a4bbca/execute/sync - {"script":"<script> [8489 bytes]","args":[{"element-6066-11e4-a52e-4f735466cecf":"f.DBA113373209FD8E36DE67C53790246B.d.C44829E22E9AB2B06B1903F2A75B299A.e.9327","ELEMENT":"f.DBA113373209FD8E36DE67C53790246B.d.C44829E22E9AB2B06B1903F2A75B299A.e.9327"}]}
RESULT: {"script":"<script> [8489 bytes]","args":[{"element-6066-11e4-a52e-4f735466cecf":"f.DBA113373209FD8E36DE67C53790246B.d.C44829E22E9AB2B06B1903F2A75B299A.e.9327","ELEMENT":"f.DBA113373209FD8E36DE67C53790246B.d.C44829E22E9AB2B06B1903F2A75B299A.e.9327"}]}
COMMAND: GET /session/130ef63994e902c9deb83fe717a4bbca/element/f.DBA113373209FD8E36DE67C53790246B.d.C44829E22E9AB2B06B1903F2A75B299A.e.9327/enabled - {}
COMMAND: GET /session/130ef63994e902c9deb83fe717a4bbca/screenshot - {}
RESULT: {}
COMMAND: POST /session/130ef63994e902c9deb83fe717a4bbca/execute/sync - {"script":"<script> [8489 bytes]","args":[{"element-6066-11e4-a52e-4f735466cecf":"f.DBA113373209FD8E36DE67C53790246B.d.C44829E22E9AB2B06B1903F2A75B299A.e.9327","ELEMENT":"f.DBA113373209FD8E36DE67C53790246B.d.C44829E22E9AB2B06B1903F2A75B299A.e.9327"}]}
COMMAND: GET /session/130ef63994e902c9deb83fe717a4bbca/screenshot - {}
RESULT: {}
RESULT: {"script":"<script> [8489 bytes]","args":[{"element-6066-11e4-a52e-4f735466cecf":"f.DBA113373209FD8E36DE67C53790246B.d.C44829E22E9AB2B06B1903F2A75B299A.e.9327","ELEMENT":"f.DBA113373209FD8E36DE67C53790246B.d.C44829E22E9AB2B06B1903F2A75B299A.e.9327"}]}
COMMAND: POST /session/130ef63994e902c9deb83fe717a4bbca/execute/sync - {"script":"<script> [5351 bytes]","args":[{"element-6066-11e4-a52e-4f735466cecf":"f.DBA113373209FD8E36DE67C53790246B.d.C44829E22E9AB2B06B1903F2A75B299A.e.9327","ELEMENT":"f.DBA113373209FD8E36DE67C53790246B.d.C44829E22E9AB2B06B1903F2A75B299A.e.9327"}]}
COMMAND: GET /session/130ef63994e902c9deb83fe717a4bbca/screenshot - {}
RESULT: {}
RESULT: {"script":"<script> [5351 bytes]","args":[{"element-6066-11e4-a52e-4f735466cecf":"f.DBA113373209FD8E36DE67C53790246B.d.C44829E22E9AB2B06B1903F2A75B299A.e.9327","ELEMENT":"f.DBA113373209FD8E36DE67C53790246B.d.C44829E22E9AB2B06B1903F2A75B299A.e.9327"}]}
COMMAND: POST /session/130ef63994e902c9deb83fe717a4bbca/element/f.DBA113373209FD8E36DE67C53790246B.d.C44829E22E9AB2B06B1903F2A75B299A.e.9327/click - {}
COMMAND: GET /session/130ef63994e902c9deb83fe717a4bbca/screenshot - {}
RESULT: {}
RESULT: {}
COMMAND: GET /session/130ef63994e902c9deb83fe717a4bbca/screenshot - {}
RESULT: {}
RESULT: {}
COMMAND: POST /session/130ef63994e902c9deb83fe717a4bbca/execute/async - {"script":"<script> [1562 bytes]","args":[{"selector":{"controlType":"sap.m.Title","viewName":"etm.portal.ui.managepricingrules.view.NewItem","viewId":"application-managepricingrules-display-component---newInfoPriceItem","properties":{"text":"New Pricing Rules - Item Level"}},"wdio_ui5_key":"etmportal.ui.managepricingrules.view.NewItemsap.m.Title{\"text\":\"New Pricing Rules - Item Level\"}"}]}
RESULT: {"script":"<script> [1562 bytes]","args":[{"selector":{"controlType":"sap.m.Title","viewName":"etm.portal.ui.managepricingrules.view.NewItem","viewId":"application-managepricingrules-display-component---newInfoPriceItem","properties":{"text":"New Pricing Rules - Item Level"}},"wdio_ui5_key":"etmportal.ui.managepricingrules.view.NewItemsap.m.Title{\"text\":\"New Pricing Rules - Item Level\"}"}]}
RESULT: undefined
COMMAND: POST /session/130ef63994e902c9deb83fe717a4bbca/execute/async - {"script":"<script> [6424 bytes]","args":[{"element-6066-11e4-a52e-4f735466cecf":"f.DBA113373209FD8E36DE67C53790246B.d.C44829E22E9AB2B06B1903F2A75B299A.e.9454"},"getText",[]]}
RESULT: {"script":"<script> [6424 bytes]","args":[{"element-6066-11e4-a52e-4f735466cecf":"f.DBA113373209FD8E36DE67C53790246B.d.C44829E22E9AB2B06B1903F2A75B299A.e.9454"},"getText",[]]}
COMMAND: POST /session/130ef63994e902c9deb83fe717a4bbca/execute/async - {"script":"<script> [1562 bytes]","args":[{"selector":{"id":"application-managepricingrules-display-component---newInfoPriceItem--condValidTo","interaction":{"idSuffix":"inner"}},"wdio_ui5_key":"applicationmanagepricingrules-display-component---newInfoPriceItem--condValidTo"}]}
RESULT: {"script":"<script> [1562 bytes]","args":[{"selector":{"id":"application-managepricingrules-display-component---newInfoPriceItem--condValidTo","interaction":{"idSuffix":"inner"}},"wdio_ui5_key":"applicationmanagepricingrules-display-component---newInfoPriceItem--condValidTo"}]}
RESULT: undefined
COMMAND: POST /session/130ef63994e902c9deb83fe717a4bbca/execute/async - {"script":"<script> [776 bytes]","args":[{"enterText":"1/24/26","selector":{"id":"application-managepricingrules-display-component---newInfoPriceItem--condValidTo","interaction":{"idSuffix":"inner"}},"clearTextFirst":true,"interactionType":"ENTER_TEXT"}]}
RESULT: {"script":"<script> [776 bytes]","args":[{"enterText":"1/24/26","selector":{"id":"application-managepricingrules-display-component---newInfoPriceItem--condValidTo","interaction":{"idSuffix":"inner"}},"clearTextFirst":true,"interactionType":"ENTER_TEXT"}]}
COMMAND: POST /session/130ef63994e902c9deb83fe717a4bbca/execute/async - {"script":"<script> [1562 bytes]","args":[{"selector":{"id":"application-managepricingrules-display-component---newInfoPriceItem--billType-arrow"},"wdio_ui5_key":"applicationmanagepricingrules-display-component---newInfoPriceItem--billType-arrow"}]}
RESULT: {"script":"<script> [1562 bytes]","args":[{"selector":{"id":"application-managepricingrules-display-component---newInfoPriceItem--billType-arrow"},"wdio_ui5_key":"applicationmanagepricingrules-display-component---newInfoPriceItem--billType-arrow"}]}
RESULT: undefined
COMMAND: POST /session/130ef63994e902c9deb83fe717a4bbca/element - {"using":"xpath","value":"//*[@id=\"application-managepricingrules-display-component---newInfoPriceItem--billType-arrow\"]"}
RESULT: {"using":"xpath","value":"//*[@id=\"application-managepricingrules-display-component---newInfoPriceItem--billType-arrow\"]"}
COMMAND: POST /session/130ef63994e902c9deb83fe717a4bbca/element/f.DBA113373209FD8E36DE67C53790246B.d.C44829E22E9AB2B06B1903F2A75B299A.e.9456/click - {}
RESULT: {}
COMMAND: POST /session/130ef63994e902c9deb83fe717a4bbca/element - {"using":"xpath","value":"//span[contains(text(), \"TB - Time based\")]"}
COMMAND: GET /session/130ef63994e902c9deb83fe717a4bbca/screenshot - {}
RESULT: {"using":"xpath","value":"//span[contains(text(), \"TB - Time based\")]"}
COMMAND: POST /session/130ef63994e902c9deb83fe717a4bbca/element/f.DBA113373209FD8E36DE67C53790246B.d.C44829E22E9AB2B06B1903F2A75B299A.e.9457/click - {}
RESULT: {}
RESULT: {}
COMMAND: POST /session/130ef63994e902c9deb83fe717a4bbca/execute/async - {"script":"<script> [1562 bytes]","args":[{"selector":{"id":"application-managepricingrules-display-component---newInfoPriceItem--priceProc-arrow"},"wdio_ui5_key":"applicationmanagepricingrules-display-component---newInfoPriceItem--priceProc-arrow"}]}
COMMAND: GET /session/130ef63994e902c9deb83fe717a4bbca/screenshot - {}
RESULT: {"script":"<script> [1562 bytes]","args":[{"selector":{"id":"application-managepricingrules-display-component---newInfoPriceItem--priceProc-arrow"},"wdio_ui5_key":"applicationmanagepricingrules-display-component---newInfoPriceItem--priceProc-arrow"}]}
RESULT: undefined
COMMAND: POST /session/130ef63994e902c9deb83fe717a4bbca/element - {"using":"xpath","value":"//*[@id=\"application-managepricingrules-display-component---newInfoPriceItem--priceProc-arrow\"]"}
RESULT: {}
RESULT: {"using":"xpath","value":"//*[@id=\"application-managepricingrules-display-component---newInfoPriceItem--priceProc-arrow\"]"}
COMMAND: POST /session/130ef63994e902c9deb83fe717a4bbca/element/f.DBA113373209FD8E36DE67C53790246B.d.C44829E22E9AB2B06B1903F2A75B299A.e.9458/click - {}
RESULT: {}
COMMAND: POST /session/130ef63994e902c9deb83fe717a4bbca/element - {"using":"xpath","value":"//span[contains(text(), \"TB - Time based BGL\")]"}
COMMAND: GET /session/130ef63994e902c9deb83fe717a4bbca/screenshot - {}
RESULT: {"using":"xpath","value":"//span[contains(text(), \"TB - Time based BGL\")]"}
COMMAND: POST /session/130ef63994e902c9deb83fe717a4bbca/element/f.DBA113373209FD8E36DE67C53790246B.d.C44829E22E9AB2B06B1903F2A75B299A.e.9459/click - {}
RESULT: {}
RESULT: {}
COMMAND: POST /session/130ef63994e902c9deb83fe717a4bbca/execute/async - {"script":"<script> [1562 bytes]","args":[{"selector":{"id":"application-managepricingrules-display-component---newInfoPriceItem--calcBase-arrow"},"wdio_ui5_key":"applicationmanagepricingrules-display-component---newInfoPriceItem--calcBase-arrow"}]}
COMMAND: GET /session/130ef63994e902c9deb83fe717a4bbca/screenshot - {}
RESULT: {"script":"<script> [1562 bytes]","args":[{"selector":{"id":"application-managepricingrules-display-component---newInfoPriceItem--calcBase-arrow"},"wdio_ui5_key":"applicationmanagepricingrules-display-component---newInfoPriceItem--calcBase-arrow"}]}
RESULT: undefined
COMMAND: POST /session/130ef63994e902c9deb83fe717a4bbca/element - {"using":"xpath","value":"//*[@id=\"application-managepricingrules-display-component---newInfoPriceItem--calcBase-arrow\"]"}
RESULT: {}
RESULT: {"using":"xpath","value":"//*[@id=\"application-managepricingrules-display-component---newInfoPriceItem--calcBase-arrow\"]"}
COMMAND: POST /session/130ef63994e902c9deb83fe717a4bbca/element/f.DBA113373209FD8E36DE67C53790246B.d.C44829E22E9AB2B06B1903F2A75B299A.e.9430/click - {}
RESULT: {}
COMMAND: GET /session/130ef63994e902c9deb83fe717a4bbca/screenshot - {}
RESULT: {}
COMMAND: POST /session/130ef63994e902c9deb83fe717a4bbca/element - {"using":"xpath","value":"//span[contains(text(), \"0006 - TB(calendar days)\")]"}
RESULT: {"using":"xpath","value":"//span[contains(text(), \"0006 - TB(calendar days)\")]"}
COMMAND: POST /session/130ef63994e902c9deb83fe717a4bbca/element/f.DBA113373209FD8E36DE67C53790246B.d.C44829E22E9AB2B06B1903F2A75B299A.e.9460/click - {}
RESULT: {}
COMMAND: GET /session/130ef63994e902c9deb83fe717a4bbca/screenshot - {}
RESULT: {}
COMMAND: POST /session/130ef63994e902c9deb83fe717a4bbca/execute/async - {"script":"<script> [1562 bytes]","args":[{"selector":{"id":"application-managepricingrules-display-component---newInfoPriceItem--hoursMonth","interaction":{"idSuffix":"inner"}},"wdio_ui5_key":"applicationmanagepricingrules-display-component---newInfoPriceItem--hoursMonth"}]}
RESULT: {"script":"<script> [1562 bytes]","args":[{"selector":{"id":"application-managepricingrules-display-component---newInfoPriceItem--hoursMonth","interaction":{"idSuffix":"inner"}},"wdio_ui5_key":"applicationmanagepricingrules-display-component---newInfoPriceItem--hoursMonth"}]}
RESULT: undefined
COMMAND: POST /session/130ef63994e902c9deb83fe717a4bbca/execute/async - {"script":"<script> [776 bytes]","args":[{"enterText":"160","selector":{"id":"application-managepricingrules-display-component---newInfoPriceItem--hoursMonth","interaction":{"idSuffix":"inner"}},"clearTextFirst":true,"interactionType":"ENTER_TEXT"}]}
RESULT: {"script":"<script> [776 bytes]","args":[{"enterText":"160","selector":{"id":"application-managepricingrules-display-component---newInfoPriceItem--hoursMonth","interaction":{"idSuffix":"inner"}},"clearTextFirst":true,"interactionType":"ENTER_TEXT"}]}
COMMAND: POST /session/130ef63994e902c9deb83fe717a4bbca/execute/async - {"script":"<script> [1562 bytes]","args":[{"selector":{"id":"application-managepricingrules-display-component---newInfoPriceItem--daysMonth","interaction":{"idSuffix":"inner"}},"wdio_ui5_key":"applicationmanagepricingrules-display-component---newInfoPriceItem--daysMonth"}]}
RESULT: {"script":"<script> [1562 bytes]","args":[{"selector":{"id":"application-managepricingrules-display-component---newInfoPriceItem--daysMonth","interaction":{"idSuffix":"inner"}},"wdio_ui5_key":"applicationmanagepricingrules-display-component---newInfoPriceItem--daysMonth"}]}
RESULT: undefined
COMMAND: POST /session/130ef63994e902c9deb83fe717a4bbca/execute/async - {"script":"<script> [776 bytes]","args":[{"enterText":"30","selector":{"id":"application-managepricingrules-display-component---newInfoPriceItem--daysMonth","interaction":{"idSuffix":"inner"}},"clearTextFirst":true,"interactionType":"ENTER_TEXT"}]}
RESULT: {"script":"<script> [776 bytes]","args":[{"enterText":"30","selector":{"id":"application-managepricingrules-display-component---newInfoPriceItem--daysMonth","interaction":{"idSuffix":"inner"}},"clearTextFirst":true,"interactionType":"ENTER_TEXT"}]}
COMMAND: POST /session/130ef63994e902c9deb83fe717a4bbca/element - {"using":"xpath","value":"//button[@data-kt=\"saveNewRuleButton\"]"}
RESULT: {"using":"xpath","value":"//button[@data-kt=\"saveNewRuleButton\"]"}
COMMAND: POST /session/130ef63994e902c9deb83fe717a4bbca/element/f.DBA113373209FD8E36DE67C53790246B.d.C44829E22E9AB2B06B1903F2A75B299A.e.9442/click - {}
RESULT: {}
COMMAND: GET /session/130ef63994e902c9deb83fe717a4bbca/screenshot - {}
RESULT: {}
COMMAND: POST /session/130ef63994e902c9deb83fe717a4bbca/execute/async - {"script":"<script> [1562 bytes]","args":[{"selector":{"id":"application-managepricingrules-display-component---priceInfoItem--smartFilterBar-btnBasicSearch","interaction":{"idSuffix":"I"}},"wdio_ui5_key":"applicationmanagepricingrules-display-component---priceInfoItem--smartFilterBar-btnBasicSearch"}]}
RESULT: {"script":"<script> [1562 bytes]","args":[{"selector":{"id":"application-managepricingrules-display-component---priceInfoItem--smartFilterBar-btnBasicSearch","interaction":{"idSuffix":"I"}},"wdio_ui5_key":"applicationmanagepricingrules-display-component---priceInfoItem--smartFilterBar-btnBasicSearch"}]}
RESULT: undefined
COMMAND: POST /session/130ef63994e902c9deb83fe717a4bbca/execute/async - {"script":"<script> [776 bytes]","args":[{"enterText":"VxodaTTrBs","selector":{"id":"application-managepricingrules-display-component---priceInfoItem--smartFilterBar-btnBasicSearch","interaction":{"idSuffix":"I"}},"clearTextFirst":true,"interactionType":"ENTER_TEXT"}]}
RESULT: {"script":"<script> [776 bytes]","args":[{"enterText":"VxodaTTrBs","selector":{"id":"application-managepricingrules-display-component---priceInfoItem--smartFilterBar-btnBasicSearch","interaction":{"idSuffix":"I"}},"clearTextFirst":true,"interactionType":"ENTER_TEXT"}]}
COMMAND: POST /session/130ef63994e902c9deb83fe717a4bbca/actions - {"actions":[{"id":"action33","type":"key","parameters":{},"actions":[{"type":"keyDown","value":""},{"type":"pause","duration":10},{"type":"keyUp","value":""}]}]}
RESULT: {"actions":[{"id":"action33","type":"key","parameters":{},"actions":[{"type":"keyDown","value":""},{"type":"pause","duration":10},{"type":"keyUp","value":""}]}]}
COMMAND: GET /session/130ef63994e902c9deb83fe717a4bbca/screenshot - {}
RESULT: {}
COMMAND: POST /session/130ef63994e902c9deb83fe717a4bbca/element - {"using":"xpath","value":"//span[@id=\"application-managepricingrules-display-component---priceInfoItem--smartTable-header-inner\"]"}
RESULT: {"using":"xpath","value":"//span[@id=\"application-managepricingrules-display-component---priceInfoItem--smartTable-header-inner\"]"}
COMMAND: POST /session/130ef63994e902c9deb83fe717a4bbca/elements - {"using":"xpath","value":"//span[@id=\"application-managepricingrules-display-component---priceInfoItem--smartTable-header-inner\"]"}
RESULT: {"using":"xpath","value":"//span[@id=\"application-managepricingrules-display-component---priceInfoItem--smartTable-header-inner\"]"}
COMMAND: POST /session/130ef63994e902c9deb83fe717a4bbca/execute/sync - {"script":"<script> [56 bytes]","args":[{"element-6066-11e4-a52e-4f735466cecf":"f.DBA113373209FD8E36DE67C53790246B.d.C44829E22E9AB2B06B1903F2A75B299A.e.9486","ELEMENT":"f.DBA113373209FD8E36DE67C53790246B.d.C44829E22E9AB2B06B1903F2A75B299A.e.9486"}]}
RESULT: {"script":"<script> [56 bytes]","args":[{"element-6066-11e4-a52e-4f735466cecf":"f.DBA113373209FD8E36DE67C53790246B.d.C44829E22E9AB2B06B1903F2A75B299A.e.9486","ELEMENT":"f.DBA113373209FD8E36DE67C53790246B.d.C44829E22E9AB2B06B1903F2A75B299A.e.9486"}]}
COMMAND: POST /session/130ef63994e902c9deb83fe717a4bbca/element - {"using":"css selector","value":"#shell-header-logo"}
COMMAND: GET /session/130ef63994e902c9deb83fe717a4bbca/screenshot - {}
RESULT: {"using":"css selector","value":"#shell-header-logo"}
COMMAND: POST /session/130ef63994e902c9deb83fe717a4bbca/element/f.DBA113373209FD8E36DE67C53790246B.d.C44829E22E9AB2B06B1903F2A75B299A.e.8642/click - {}
RESULT: {}
RESULT: {}
COMMAND: GET /session/130ef63994e902c9deb83fe717a4bbca/screenshot - {}
RESULT: {}
]]></system-out>
    </testcase>
    <testcase classname="chrome.136_0_7103_93.windows.Create_master_data_for_mixed_billing_&amp;_do_billing_calculation_US151661" name="Should add one time condition" time="72.401">
      <system-out><![CDATA[
COMMAND: POST /session/130ef63994e902c9deb83fe717a4bbca/execute/async - {"script":"<script> [1562 bytes]","args":[{"selector":{"controlType":"sap.m.GenericTile","properties":{"header":"Manage Conditions & Prices"}},"wdio_ui5_key":"sapm.GenericTile{\"header\":\"Manage Conditions & Prices\"}"}]}
RESULT: {"script":"<script> [1562 bytes]","args":[{"selector":{"controlType":"sap.m.GenericTile","properties":{"header":"Manage Conditions & Prices"}},"wdio_ui5_key":"sapm.GenericTile{\"header\":\"Manage Conditions & Prices\"}"}]}
RESULT: undefined
COMMAND: POST /session/130ef63994e902c9deb83fe717a4bbca/element - {"using":"xpath","value":"//*[@id=\"__tile93\"]"}
RESULT: {"using":"xpath","value":"//*[@id=\"__tile93\"]"}
COMMAND: POST /session/130ef63994e902c9deb83fe717a4bbca/element/f.DBA113373209FD8E36DE67C53790246B.d.C44829E22E9AB2B06B1903F2A75B299A.e.8627/click - {}
RESULT: {}
COMMAND: GET /session/130ef63994e902c9deb83fe717a4bbca/screenshot - {}
RESULT: {}
COMMAND: POST /session/130ef63994e902c9deb83fe717a4bbca/elements - {"using":"xpath","value":"//span[text()='Error']"}
RESULT: {"using":"xpath","value":"//span[text()='Error']"}
COMMAND: POST /session/130ef63994e902c9deb83fe717a4bbca/element - {"using":"xpath","value":"//button[@aria-label=\"Create\"]"}
RESULT: {"using":"xpath","value":"//button[@aria-label=\"Create\"]"}
COMMAND: POST /session/130ef63994e902c9deb83fe717a4bbca/elements - {"using":"xpath","value":"//button[@aria-label=\"Create\"]"}
RESULT: {"using":"xpath","value":"//button[@aria-label=\"Create\"]"}
COMMAND: POST /session/130ef63994e902c9deb83fe717a4bbca/execute/sync - {"script":"<script> [8489 bytes]","args":[{"element-6066-11e4-a52e-4f735466cecf":"f.DBA113373209FD8E36DE67C53790246B.d.C44829E22E9AB2B06B1903F2A75B299A.e.9521","ELEMENT":"f.DBA113373209FD8E36DE67C53790246B.d.C44829E22E9AB2B06B1903F2A75B299A.e.9521"}]}
RESULT: {"script":"<script> [8489 bytes]","args":[{"element-6066-11e4-a52e-4f735466cecf":"f.DBA113373209FD8E36DE67C53790246B.d.C44829E22E9AB2B06B1903F2A75B299A.e.9521","ELEMENT":"f.DBA113373209FD8E36DE67C53790246B.d.C44829E22E9AB2B06B1903F2A75B299A.e.9521"}]}
COMMAND: GET /session/130ef63994e902c9deb83fe717a4bbca/element/f.DBA113373209FD8E36DE67C53790246B.d.C44829E22E9AB2B06B1903F2A75B299A.e.9521/enabled - {}
COMMAND: GET /session/130ef63994e902c9deb83fe717a4bbca/screenshot - {}
RESULT: {}
COMMAND: POST /session/130ef63994e902c9deb83fe717a4bbca/execute/sync - {"script":"<script> [8489 bytes]","args":[{"element-6066-11e4-a52e-4f735466cecf":"f.DBA113373209FD8E36DE67C53790246B.d.C44829E22E9AB2B06B1903F2A75B299A.e.9521","ELEMENT":"f.DBA113373209FD8E36DE67C53790246B.d.C44829E22E9AB2B06B1903F2A75B299A.e.9521"}]}
COMMAND: GET /session/130ef63994e902c9deb83fe717a4bbca/screenshot - {}
RESULT: {}
RESULT: {"script":"<script> [8489 bytes]","args":[{"element-6066-11e4-a52e-4f735466cecf":"f.DBA113373209FD8E36DE67C53790246B.d.C44829E22E9AB2B06B1903F2A75B299A.e.9521","ELEMENT":"f.DBA113373209FD8E36DE67C53790246B.d.C44829E22E9AB2B06B1903F2A75B299A.e.9521"}]}
COMMAND: POST /session/130ef63994e902c9deb83fe717a4bbca/execute/sync - {"script":"<script> [5351 bytes]","args":[{"element-6066-11e4-a52e-4f735466cecf":"f.DBA113373209FD8E36DE67C53790246B.d.C44829E22E9AB2B06B1903F2A75B299A.e.9521","ELEMENT":"f.DBA113373209FD8E36DE67C53790246B.d.C44829E22E9AB2B06B1903F2A75B299A.e.9521"}]}
COMMAND: GET /session/130ef63994e902c9deb83fe717a4bbca/screenshot - {}
RESULT: {}
RESULT: {"script":"<script> [5351 bytes]","args":[{"element-6066-11e4-a52e-4f735466cecf":"f.DBA113373209FD8E36DE67C53790246B.d.C44829E22E9AB2B06B1903F2A75B299A.e.9521","ELEMENT":"f.DBA113373209FD8E36DE67C53790246B.d.C44829E22E9AB2B06B1903F2A75B299A.e.9521"}]}
COMMAND: POST /session/130ef63994e902c9deb83fe717a4bbca/element/f.DBA113373209FD8E36DE67C53790246B.d.C44829E22E9AB2B06B1903F2A75B299A.e.9521/click - {}
COMMAND: GET /session/130ef63994e902c9deb83fe717a4bbca/screenshot - {}
RESULT: {}
RESULT: {}
COMMAND: GET /session/130ef63994e902c9deb83fe717a4bbca/screenshot - {}
RESULT: {}
RESULT: {}
COMMAND: POST /session/130ef63994e902c9deb83fe717a4bbca/actions - {"actions":[{"id":"action34","type":"key","parameters":{},"actions":[{"type":"keyDown","value":""},{"type":"pause","duration":10},{"type":"keyUp","value":""}]}]}
RESULT: {"actions":[{"id":"action34","type":"key","parameters":{},"actions":[{"type":"keyDown","value":""},{"type":"pause","duration":10},{"type":"keyUp","value":""}]}]}
COMMAND: GET /session/130ef63994e902c9deb83fe717a4bbca/screenshot - {}
RESULT: {}
COMMAND: POST /session/130ef63994e902c9deb83fe717a4bbca/execute/async - {"script":"<script> [1562 bytes]","args":[{"selector":{"id":"application-manageconditionprice-display-component---newCondition--condBillCond-arrow"},"wdio_ui5_key":"applicationmanageconditionprice-display-component---newCondition--condBillCond-arrow"}]}
RESULT: {"script":"<script> [1562 bytes]","args":[{"selector":{"id":"application-manageconditionprice-display-component---newCondition--condBillCond-arrow"},"wdio_ui5_key":"applicationmanageconditionprice-display-component---newCondition--condBillCond-arrow"}]}
RESULT: undefined
COMMAND: POST /session/130ef63994e902c9deb83fe717a4bbca/element - {"using":"xpath","value":"//*[@id=\"application-manageconditionprice-display-component---newCondition--condBillCond-arrow\"]"}
RESULT: {"using":"xpath","value":"//*[@id=\"application-manageconditionprice-display-component---newCondition--condBillCond-arrow\"]"}
COMMAND: POST /session/130ef63994e902c9deb83fe717a4bbca/element/f.DBA113373209FD8E36DE67C53790246B.d.C44829E22E9AB2B06B1903F2A75B299A.e.9701/click - {}
RESULT: {}
COMMAND: GET /session/130ef63994e902c9deb83fe717a4bbca/screenshot - {}
RESULT: {}
COMMAND: POST /session/130ef63994e902c9deb83fe717a4bbca/element - {"using":"xpath","value":"//li[.//span[contains(text(), \"SAPR - Sales price\")]]"}
RESULT: {"using":"xpath","value":"//li[.//span[contains(text(), \"SAPR - Sales price\")]]"}
COMMAND: POST /session/130ef63994e902c9deb83fe717a4bbca/element/f.DBA113373209FD8E36DE67C53790246B.d.C44829E22E9AB2B06B1903F2A75B299A.e.9704/click - {}
RESULT: {}
COMMAND: GET /session/130ef63994e902c9deb83fe717a4bbca/screenshot - {}
RESULT: {}
COMMAND: POST /session/130ef63994e902c9deb83fe717a4bbca/execute/async - {"script":"<script> [1562 bytes]","args":[{"selector":{"id":"application-manageconditionprice-display-component---newCondition--condValidTo","interaction":{"idSuffix":"inner"}},"wdio_ui5_key":"applicationmanageconditionprice-display-component---newCondition--condValidTo"}]}
RESULT: {"script":"<script> [1562 bytes]","args":[{"selector":{"id":"application-manageconditionprice-display-component---newCondition--condValidTo","interaction":{"idSuffix":"inner"}},"wdio_ui5_key":"applicationmanageconditionprice-display-component---newCondition--condValidTo"}]}
RESULT: undefined
COMMAND: POST /session/130ef63994e902c9deb83fe717a4bbca/execute/async - {"script":"<script> [776 bytes]","args":[{"enterText":"1/24/26","selector":{"id":"application-manageconditionprice-display-component---newCondition--condValidTo","interaction":{"idSuffix":"inner"}},"clearTextFirst":true,"interactionType":"ENTER_TEXT"}]}
RESULT: {"script":"<script> [776 bytes]","args":[{"enterText":"1/24/26","selector":{"id":"application-manageconditionprice-display-component---newCondition--condValidTo","interaction":{"idSuffix":"inner"}},"clearTextFirst":true,"interactionType":"ENTER_TEXT"}]}
COMMAND: POST /session/130ef63994e902c9deb83fe717a4bbca/element - {"using":"xpath","value":"//input[@id=\"application-manageconditionprice-display-component---newCondition--condRU-inner\"]"}
RESULT: {"using":"xpath","value":"//input[@id=\"application-manageconditionprice-display-component---newCondition--condRU-inner\"]"}
COMMAND: POST /session/130ef63994e902c9deb83fe717a4bbca/element/f.DBA113373209FD8E36DE67C53790246B.d.C44829E22E9AB2B06B1903F2A75B299A.e.9565/clear - {}
RESULT: {}
COMMAND: POST /session/130ef63994e902c9deb83fe717a4bbca/element/f.DBA113373209FD8E36DE67C53790246B.d.C44829E22E9AB2B06B1903F2A75B299A.e.9565/value - {"text":"VxodaTTrBs"}
COMMAND: GET /session/130ef63994e902c9deb83fe717a4bbca/screenshot - {}
RESULT: {"text":"VxodaTTrBs"}
COMMAND: GET /session/130ef63994e902c9deb83fe717a4bbca/screenshot - {}
RESULT: {}
RESULT: {}
COMMAND: POST /session/130ef63994e902c9deb83fe717a4bbca/actions - {"actions":[{"id":"action35","type":"key","parameters":{},"actions":[{"type":"keyDown","value":""},{"type":"pause","duration":10},{"type":"keyUp","value":""}]}]}
RESULT: {"actions":[{"id":"action35","type":"key","parameters":{},"actions":[{"type":"keyDown","value":""},{"type":"pause","duration":10},{"type":"keyUp","value":""}]}]}
COMMAND: POST /session/130ef63994e902c9deb83fe717a4bbca/execute/async - {"script":"<script> [1562 bytes]","args":[{"selector":{"id":"application-manageconditionprice-display-component---newCondition--condBaseQty","interaction":{"idSuffix":"inner"}},"wdio_ui5_key":"applicationmanageconditionprice-display-component---newCondition--condBaseQty"}]}
COMMAND: GET /session/130ef63994e902c9deb83fe717a4bbca/screenshot - {}
RESULT: {"script":"<script> [1562 bytes]","args":[{"selector":{"id":"application-manageconditionprice-display-component---newCondition--condBaseQty","interaction":{"idSuffix":"inner"}},"wdio_ui5_key":"applicationmanageconditionprice-display-component---newCondition--condBaseQty"}]}
RESULT: undefined
COMMAND: POST /session/130ef63994e902c9deb83fe717a4bbca/execute/async - {"script":"<script> [776 bytes]","args":[{"enterText":"1","selector":{"id":"application-manageconditionprice-display-component---newCondition--condBaseQty","interaction":{"idSuffix":"inner"}},"clearTextFirst":true,"interactionType":"ENTER_TEXT"}]}
RESULT: {}
RESULT: {"script":"<script> [776 bytes]","args":[{"enterText":"1","selector":{"id":"application-manageconditionprice-display-component---newCondition--condBaseQty","interaction":{"idSuffix":"inner"}},"clearTextFirst":true,"interactionType":"ENTER_TEXT"}]}
COMMAND: POST /session/130ef63994e902c9deb83fe717a4bbca/execute/async - {"script":"<script> [1562 bytes]","args":[{"selector":{"id":"application-manageconditionprice-display-component---newCondition--condValue","interaction":{"idSuffix":"inner"}},"wdio_ui5_key":"applicationmanageconditionprice-display-component---newCondition--condValue"}]}
RESULT: {"script":"<script> [1562 bytes]","args":[{"selector":{"id":"application-manageconditionprice-display-component---newCondition--condValue","interaction":{"idSuffix":"inner"}},"wdio_ui5_key":"applicationmanageconditionprice-display-component---newCondition--condValue"}]}
RESULT: undefined
COMMAND: POST /session/130ef63994e902c9deb83fe717a4bbca/execute/async - {"script":"<script> [776 bytes]","args":[{"enterText":"200","selector":{"id":"application-manageconditionprice-display-component---newCondition--condValue","interaction":{"idSuffix":"inner"}},"clearTextFirst":true,"interactionType":"ENTER_TEXT"}]}
RESULT: {"script":"<script> [776 bytes]","args":[{"enterText":"200","selector":{"id":"application-manageconditionprice-display-component---newCondition--condValue","interaction":{"idSuffix":"inner"}},"clearTextFirst":true,"interactionType":"ENTER_TEXT"}]}
COMMAND: POST /session/130ef63994e902c9deb83fe717a4bbca/execute/async - {"script":"<script> [1562 bytes]","args":[{"selector":{"id":"application-manageconditionprice-display-component---newCondition--condCurr-arrow"},"wdio_ui5_key":"applicationmanageconditionprice-display-component---newCondition--condCurr-arrow"}]}
RESULT: {"script":"<script> [1562 bytes]","args":[{"selector":{"id":"application-manageconditionprice-display-component---newCondition--condCurr-arrow"},"wdio_ui5_key":"applicationmanageconditionprice-display-component---newCondition--condCurr-arrow"}]}
RESULT: undefined
COMMAND: POST /session/130ef63994e902c9deb83fe717a4bbca/element - {"using":"xpath","value":"//*[@id=\"application-manageconditionprice-display-component---newCondition--condCurr-arrow\"]"}
RESULT: {"using":"xpath","value":"//*[@id=\"application-manageconditionprice-display-component---newCondition--condCurr-arrow\"]"}
COMMAND: POST /session/130ef63994e902c9deb83fe717a4bbca/element/f.DBA113373209FD8E36DE67C53790246B.d.C44829E22E9AB2B06B1903F2A75B299A.e.9666/click - {}
RESULT: {}
COMMAND: POST /session/130ef63994e902c9deb83fe717a4bbca/element - {"using":"xpath","value":"//span[contains(text(), \"Euro\")]"}
COMMAND: GET /session/130ef63994e902c9deb83fe717a4bbca/screenshot - {}
RESULT: {"using":"xpath","value":"//span[contains(text(), \"Euro\")]"}
COMMAND: POST /session/130ef63994e902c9deb83fe717a4bbca/element/f.DBA113373209FD8E36DE67C53790246B.d.C44829E22E9AB2B06B1903F2A75B299A.e.9744/click - {}
RESULT: {}
RESULT: {}
COMMAND: POST /session/130ef63994e902c9deb83fe717a4bbca/element - {"using":"xpath","value":"//button[@data-kt=\"saveButton\"]"}
COMMAND: GET /session/130ef63994e902c9deb83fe717a4bbca/screenshot - {}
RESULT: {"using":"xpath","value":"//button[@data-kt=\"saveButton\"]"}
COMMAND: POST /session/130ef63994e902c9deb83fe717a4bbca/element/f.DBA113373209FD8E36DE67C53790246B.d.C44829E22E9AB2B06B1903F2A75B299A.e.9667/click - {}
RESULT: {}
RESULT: {}
COMMAND: GET /session/130ef63994e902c9deb83fe717a4bbca/screenshot - {}
RESULT: {}
COMMAND: POST /session/130ef63994e902c9deb83fe717a4bbca/execute/async - {"script":"<script> [1562 bytes]","args":[{"selector":{"id":"application-manageconditionprice-display-component---conditions--smartFilterBar-btnBasicSearch","interaction":{"idSuffix":"I"}},"wdio_ui5_key":"applicationmanageconditionprice-display-component---conditions--smartFilterBar-btnBasicSearch"}]}
RESULT: {"script":"<script> [1562 bytes]","args":[{"selector":{"id":"application-manageconditionprice-display-component---conditions--smartFilterBar-btnBasicSearch","interaction":{"idSuffix":"I"}},"wdio_ui5_key":"applicationmanageconditionprice-display-component---conditions--smartFilterBar-btnBasicSearch"}]}
RESULT: undefined
COMMAND: POST /session/130ef63994e902c9deb83fe717a4bbca/execute/async - {"script":"<script> [776 bytes]","args":[{"enterText":"VxodaTTrBs","selector":{"id":"application-manageconditionprice-display-component---conditions--smartFilterBar-btnBasicSearch","interaction":{"idSuffix":"I"}},"clearTextFirst":true,"interactionType":"ENTER_TEXT"}]}
RESULT: {"script":"<script> [776 bytes]","args":[{"enterText":"VxodaTTrBs","selector":{"id":"application-manageconditionprice-display-component---conditions--smartFilterBar-btnBasicSearch","interaction":{"idSuffix":"I"}},"clearTextFirst":true,"interactionType":"ENTER_TEXT"}]}
COMMAND: POST /session/130ef63994e902c9deb83fe717a4bbca/actions - {"actions":[{"id":"action36","type":"key","parameters":{},"actions":[{"type":"keyDown","value":""},{"type":"pause","duration":10},{"type":"keyUp","value":""}]}]}
RESULT: {"actions":[{"id":"action36","type":"key","parameters":{},"actions":[{"type":"keyDown","value":""},{"type":"pause","duration":10},{"type":"keyUp","value":""}]}]}
COMMAND: GET /session/130ef63994e902c9deb83fe717a4bbca/screenshot - {}
RESULT: {}
COMMAND: POST /session/130ef63994e902c9deb83fe717a4bbca/execute/async - {"script":"<script> [1562 bytes]","args":[{"selector":{"id":"application-manageconditionprice-display-component---conditions--smartFilterBar-filterItemControl_BASIC-BILL_TYPES-vhi"},"wdio_ui5_key":"applicationmanageconditionprice-display-component---conditions--smartFilterBar-filterItemControl_BASIC-BILL_TYPES-vhi"}]}
RESULT: {"script":"<script> [1562 bytes]","args":[{"selector":{"id":"application-manageconditionprice-display-component---conditions--smartFilterBar-filterItemControl_BASIC-BILL_TYPES-vhi"},"wdio_ui5_key":"applicationmanageconditionprice-display-component---conditions--smartFilterBar-filterItemControl_BASIC-BILL_TYPES-vhi"}]}
RESULT: undefined
COMMAND: POST /session/130ef63994e902c9deb83fe717a4bbca/element - {"using":"xpath","value":"//*[@id=\"application-manageconditionprice-display-component---conditions--smartFilterBar-filterItemControl_BASIC-BILL_TYPES-vhi\"]"}
RESULT: {"using":"xpath","value":"//*[@id=\"application-manageconditionprice-display-component---conditions--smartFilterBar-filterItemControl_BASIC-BILL_TYPES-vhi\"]"}
COMMAND: POST /session/130ef63994e902c9deb83fe717a4bbca/element/f.DBA113373209FD8E36DE67C53790246B.d.C44829E22E9AB2B06B1903F2A75B299A.e.9760/click - {}
RESULT: {}
COMMAND: POST /session/130ef63994e902c9deb83fe717a4bbca/execute/async - {"script":"<script> [1562 bytes]","args":[{"selector":{"id":"application-manageconditionprice-display-component---conditions--smartFilterBar-filterItemControl_BASIC-BILL_TYPES-valueHelpDialog-smartFilterBar-btnBasicSearch","searchOpenDialogs":true,"interaction":{"idSuffix":"I"}},"wdio_ui5_key":"applicationmanageconditionprice-display-component---conditions--smartFilterBar-filterItemControl_BASIC-BILL_TYPES-valueHelpDialog-smartFilterBar-btnBasicSearch"}]}
COMMAND: GET /session/130ef63994e902c9deb83fe717a4bbca/screenshot - {}
RESULT: {"script":"<script> [1562 bytes]","args":[{"selector":{"id":"application-manageconditionprice-display-component---conditions--smartFilterBar-filterItemControl_BASIC-BILL_TYPES-valueHelpDialog-smartFilterBar-btnBasicSearch","searchOpenDialogs":true,"interaction":{"idSuffix":"I"}},"wdio_ui5_key":"applicationmanageconditionprice-display-component---conditions--smartFilterBar-filterItemControl_BASIC-BILL_TYPES-valueHelpDialog-smartFilterBar-btnBasicSearch"}]}
RESULT: undefined
COMMAND: POST /session/130ef63994e902c9deb83fe717a4bbca/execute/async - {"script":"<script> [776 bytes]","args":[{"enterText":"one","selector":{"id":"application-manageconditionprice-display-component---conditions--smartFilterBar-filterItemControl_BASIC-BILL_TYPES-valueHelpDialog-smartFilterBar-btnBasicSearch","searchOpenDialogs":true,"interaction":{"idSuffix":"I"}},"clearTextFirst":true,"interactionType":"ENTER_TEXT"}]}
RESULT: {}
RESULT: {"script":"<script> [776 bytes]","args":[{"enterText":"one","selector":{"id":"application-manageconditionprice-display-component---conditions--smartFilterBar-filterItemControl_BASIC-BILL_TYPES-valueHelpDialog-smartFilterBar-btnBasicSearch","searchOpenDialogs":true,"interaction":{"idSuffix":"I"}},"clearTextFirst":true,"interactionType":"ENTER_TEXT"}]}
COMMAND: POST /session/130ef63994e902c9deb83fe717a4bbca/actions - {"actions":[{"id":"action37","type":"key","parameters":{},"actions":[{"type":"keyDown","value":""},{"type":"pause","duration":10},{"type":"keyUp","value":""}]}]}
RESULT: {"actions":[{"id":"action37","type":"key","parameters":{},"actions":[{"type":"keyDown","value":""},{"type":"pause","duration":10},{"type":"keyUp","value":""}]}]}
COMMAND: GET /session/130ef63994e902c9deb83fe717a4bbca/screenshot - {}
RESULT: {}
COMMAND: POST /session/130ef63994e902c9deb83fe717a4bbca/element - {"using":"xpath","value":"//div[contains(@id, 'application-manageconditionprice-display-component---conditions--smartFilterBar-filterItemControl_BASIC-BILL_TYPES-valueHelpDialog-table-rowsel0')]"}
RESULT: {"using":"xpath","value":"//div[contains(@id, 'application-manageconditionprice-display-component---conditions--smartFilterBar-filterItemControl_BASIC-BILL_TYPES-valueHelpDialog-table-rowsel0')]"}
COMMAND: POST /session/130ef63994e902c9deb83fe717a4bbca/element/f.DBA113373209FD8E36DE67C53790246B.d.C44829E22E9AB2B06B1903F2A75B299A.e.9770/click - {}
RESULT: {}
COMMAND: GET /session/130ef63994e902c9deb83fe717a4bbca/screenshot - {}
RESULT: {}
COMMAND: POST /session/130ef63994e902c9deb83fe717a4bbca/element - {"using":"xpath","value":"//bdi[contains(text(), \"OK\")]"}
RESULT: {"using":"xpath","value":"//bdi[contains(text(), \"OK\")]"}
COMMAND: POST /session/130ef63994e902c9deb83fe717a4bbca/element/f.DBA113373209FD8E36DE67C53790246B.d.C44829E22E9AB2B06B1903F2A75B299A.e.9772/click - {}
RESULT: {}
COMMAND: GET /session/130ef63994e902c9deb83fe717a4bbca/screenshot - {}
RESULT: {}
COMMAND: POST /session/130ef63994e902c9deb83fe717a4bbca/element - {"using":"xpath","value":"//span[@id=\"application-manageconditionprice-display-component---conditions--smartTable-header-inner\"]"}
RESULT: {"using":"xpath","value":"//span[@id=\"application-manageconditionprice-display-component---conditions--smartTable-header-inner\"]"}
COMMAND: POST /session/130ef63994e902c9deb83fe717a4bbca/elements - {"using":"xpath","value":"//span[@id=\"application-manageconditionprice-display-component---conditions--smartTable-header-inner\"]"}
RESULT: {"using":"xpath","value":"//span[@id=\"application-manageconditionprice-display-component---conditions--smartTable-header-inner\"]"}
COMMAND: POST /session/130ef63994e902c9deb83fe717a4bbca/execute/sync - {"script":"<script> [56 bytes]","args":[{"element-6066-11e4-a52e-4f735466cecf":"f.DBA113373209FD8E36DE67C53790246B.d.C44829E22E9AB2B06B1903F2A75B299A.e.9775","ELEMENT":"f.DBA113373209FD8E36DE67C53790246B.d.C44829E22E9AB2B06B1903F2A75B299A.e.9775"}]}
RESULT: {"script":"<script> [56 bytes]","args":[{"element-6066-11e4-a52e-4f735466cecf":"f.DBA113373209FD8E36DE67C53790246B.d.C44829E22E9AB2B06B1903F2A75B299A.e.9775","ELEMENT":"f.DBA113373209FD8E36DE67C53790246B.d.C44829E22E9AB2B06B1903F2A75B299A.e.9775"}]}
COMMAND: POST /session/130ef63994e902c9deb83fe717a4bbca/element - {"using":"css selector","value":"#shell-header-logo"}
COMMAND: GET /session/130ef63994e902c9deb83fe717a4bbca/screenshot - {}
RESULT: {"using":"css selector","value":"#shell-header-logo"}
COMMAND: POST /session/130ef63994e902c9deb83fe717a4bbca/element/f.DBA113373209FD8E36DE67C53790246B.d.C44829E22E9AB2B06B1903F2A75B299A.e.9489/click - {}
RESULT: {}
RESULT: {}
COMMAND: GET /session/130ef63994e902c9deb83fe717a4bbca/screenshot - {}
RESULT: {}
]]></system-out>
    </testcase>
    <testcase classname="chrome.136_0_7103_93.windows.Create_master_data_for_mixed_billing_&amp;_do_billing_calculation_US151661" name="Should add performance based condition" time="72.619">
      <system-out><![CDATA[
RESULT: undefined
COMMAND: POST /session/130ef63994e902c9deb83fe717a4bbca/element - {"using":"xpath","value":"//*[@id=\"__tile93\"]"}
RESULT: {"using":"xpath","value":"//*[@id=\"__tile93\"]"}
COMMAND: POST /session/130ef63994e902c9deb83fe717a4bbca/element/f.DBA113373209FD8E36DE67C53790246B.d.C44829E22E9AB2B06B1903F2A75B299A.e.8627/click - {}
RESULT: {}
COMMAND: GET /session/130ef63994e902c9deb83fe717a4bbca/screenshot - {}
RESULT: {}
COMMAND: POST /session/130ef63994e902c9deb83fe717a4bbca/elements - {"using":"xpath","value":"//span[text()='Error']"}
RESULT: {"using":"xpath","value":"//span[text()='Error']"}
COMMAND: POST /session/130ef63994e902c9deb83fe717a4bbca/element - {"using":"xpath","value":"//button[@aria-label=\"Create\"]"}
RESULT: {"using":"xpath","value":"//button[@aria-label=\"Create\"]"}
COMMAND: POST /session/130ef63994e902c9deb83fe717a4bbca/elements - {"using":"xpath","value":"//button[@aria-label=\"Create\"]"}
RESULT: {"using":"xpath","value":"//button[@aria-label=\"Create\"]"}
COMMAND: POST /session/130ef63994e902c9deb83fe717a4bbca/execute/sync - {"script":"<script> [8489 bytes]","args":[{"element-6066-11e4-a52e-4f735466cecf":"f.DBA113373209FD8E36DE67C53790246B.d.C44829E22E9AB2B06B1903F2A75B299A.e.9831","ELEMENT":"f.DBA113373209FD8E36DE67C53790246B.d.C44829E22E9AB2B06B1903F2A75B299A.e.9831"}]}
RESULT: {"script":"<script> [8489 bytes]","args":[{"element-6066-11e4-a52e-4f735466cecf":"f.DBA113373209FD8E36DE67C53790246B.d.C44829E22E9AB2B06B1903F2A75B299A.e.9831","ELEMENT":"f.DBA113373209FD8E36DE67C53790246B.d.C44829E22E9AB2B06B1903F2A75B299A.e.9831"}]}
COMMAND: GET /session/130ef63994e902c9deb83fe717a4bbca/element/f.DBA113373209FD8E36DE67C53790246B.d.C44829E22E9AB2B06B1903F2A75B299A.e.9831/enabled - {}
COMMAND: GET /session/130ef63994e902c9deb83fe717a4bbca/screenshot - {}
RESULT: {}
COMMAND: POST /session/130ef63994e902c9deb83fe717a4bbca/execute/sync - {"script":"<script> [8489 bytes]","args":[{"element-6066-11e4-a52e-4f735466cecf":"f.DBA113373209FD8E36DE67C53790246B.d.C44829E22E9AB2B06B1903F2A75B299A.e.9831","ELEMENT":"f.DBA113373209FD8E36DE67C53790246B.d.C44829E22E9AB2B06B1903F2A75B299A.e.9831"}]}
COMMAND: GET /session/130ef63994e902c9deb83fe717a4bbca/screenshot - {}
RESULT: {}
RESULT: {"script":"<script> [8489 bytes]","args":[{"element-6066-11e4-a52e-4f735466cecf":"f.DBA113373209FD8E36DE67C53790246B.d.C44829E22E9AB2B06B1903F2A75B299A.e.9831","ELEMENT":"f.DBA113373209FD8E36DE67C53790246B.d.C44829E22E9AB2B06B1903F2A75B299A.e.9831"}]}
COMMAND: POST /session/130ef63994e902c9deb83fe717a4bbca/execute/sync - {"script":"<script> [5351 bytes]","args":[{"element-6066-11e4-a52e-4f735466cecf":"f.DBA113373209FD8E36DE67C53790246B.d.C44829E22E9AB2B06B1903F2A75B299A.e.9831","ELEMENT":"f.DBA113373209FD8E36DE67C53790246B.d.C44829E22E9AB2B06B1903F2A75B299A.e.9831"}]}
COMMAND: GET /session/130ef63994e902c9deb83fe717a4bbca/screenshot - {}
RESULT: {}
RESULT: {"script":"<script> [5351 bytes]","args":[{"element-6066-11e4-a52e-4f735466cecf":"f.DBA113373209FD8E36DE67C53790246B.d.C44829E22E9AB2B06B1903F2A75B299A.e.9831","ELEMENT":"f.DBA113373209FD8E36DE67C53790246B.d.C44829E22E9AB2B06B1903F2A75B299A.e.9831"}]}
COMMAND: POST /session/130ef63994e902c9deb83fe717a4bbca/element/f.DBA113373209FD8E36DE67C53790246B.d.C44829E22E9AB2B06B1903F2A75B299A.e.9831/click - {}
COMMAND: GET /session/130ef63994e902c9deb83fe717a4bbca/screenshot - {}
RESULT: {}
RESULT: {}
COMMAND: GET /session/130ef63994e902c9deb83fe717a4bbca/screenshot - {}
RESULT: {}
RESULT: {}
COMMAND: POST /session/130ef63994e902c9deb83fe717a4bbca/actions - {"actions":[{"id":"action38","type":"key","parameters":{},"actions":[{"type":"keyDown","value":""},{"type":"pause","duration":10},{"type":"keyUp","value":""}]}]}
RESULT: {"actions":[{"id":"action38","type":"key","parameters":{},"actions":[{"type":"keyDown","value":""},{"type":"pause","duration":10},{"type":"keyUp","value":""}]}]}
COMMAND: GET /session/130ef63994e902c9deb83fe717a4bbca/screenshot - {}
RESULT: undefined
COMMAND: POST /session/130ef63994e902c9deb83fe717a4bbca/element - {"using":"xpath","value":"//*[@id=\"application-manageconditionprice-display-component---newCondition--condBillCond-arrow\"]"}
RESULT: {}
RESULT: {"using":"xpath","value":"//*[@id=\"application-manageconditionprice-display-component---newCondition--condBillCond-arrow\"]"}
COMMAND: POST /session/130ef63994e902c9deb83fe717a4bbca/element/f.DBA113373209FD8E36DE67C53790246B.d.C44829E22E9AB2B06B1903F2A75B299A.e.10148/click - {}
RESULT: {}
COMMAND: GET /session/130ef63994e902c9deb83fe717a4bbca/screenshot - {}
RESULT: {}
COMMAND: POST /session/130ef63994e902c9deb83fe717a4bbca/element - {"using":"xpath","value":"//li[.//span[contains(text(), \"PC06 - Performance Price - fuel\")]]"}
RESULT: {"using":"xpath","value":"//li[.//span[contains(text(), \"PC06 - Performance Price - fuel\")]]"}
COMMAND: POST /session/130ef63994e902c9deb83fe717a4bbca/element/f.DBA113373209FD8E36DE67C53790246B.d.C44829E22E9AB2B06B1903F2A75B299A.e.10151/click - {}
RESULT: {}
COMMAND: GET /session/130ef63994e902c9deb83fe717a4bbca/screenshot - {}
RESULT: {}
RESULT: undefined
COMMAND: POST /session/130ef63994e902c9deb83fe717a4bbca/execute/async - {"script":"<script> [776 bytes]","args":[{"enterText":"1/24/26","selector":{"id":"application-manageconditionprice-display-component---newCondition--condValidTo","interaction":{"idSuffix":"inner"}},"clearTextFirst":true,"interactionType":"ENTER_TEXT"}]}
RESULT: {"script":"<script> [776 bytes]","args":[{"enterText":"1/24/26","selector":{"id":"application-manageconditionprice-display-component---newCondition--condValidTo","interaction":{"idSuffix":"inner"}},"clearTextFirst":true,"interactionType":"ENTER_TEXT"}]}
COMMAND: POST /session/130ef63994e902c9deb83fe717a4bbca/element - {"using":"xpath","value":"//input[@id=\"application-manageconditionprice-display-component---newCondition--condRU-inner\"]"}
RESULT: {"using":"xpath","value":"//input[@id=\"application-manageconditionprice-display-component---newCondition--condRU-inner\"]"}
COMMAND: POST /session/130ef63994e902c9deb83fe717a4bbca/element/f.DBA113373209FD8E36DE67C53790246B.d.C44829E22E9AB2B06B1903F2A75B299A.e.9901/clear - {}
RESULT: {}
COMMAND: POST /session/130ef63994e902c9deb83fe717a4bbca/element/f.DBA113373209FD8E36DE67C53790246B.d.C44829E22E9AB2B06B1903F2A75B299A.e.9901/value - {"text":"VxodaTTrBs"}
COMMAND: GET /session/130ef63994e902c9deb83fe717a4bbca/screenshot - {}
RESULT: {"text":"VxodaTTrBs"}
COMMAND: GET /session/130ef63994e902c9deb83fe717a4bbca/screenshot - {}
RESULT: {}
RESULT: {}
COMMAND: POST /session/130ef63994e902c9deb83fe717a4bbca/actions - {"actions":[{"id":"action39","type":"key","parameters":{},"actions":[{"type":"keyDown","value":""},{"type":"pause","duration":10},{"type":"keyUp","value":""}]}]}
RESULT: {"actions":[{"id":"action39","type":"key","parameters":{},"actions":[{"type":"keyDown","value":""},{"type":"pause","duration":10},{"type":"keyUp","value":""}]}]}
RESULT: undefined
COMMAND: POST /session/130ef63994e902c9deb83fe717a4bbca/execute/async - {"script":"<script> [776 bytes]","args":[{"enterText":"1","selector":{"id":"application-manageconditionprice-display-component---newCondition--condBaseQty","interaction":{"idSuffix":"inner"}},"clearTextFirst":true,"interactionType":"ENTER_TEXT"}]}
COMMAND: GET /session/130ef63994e902c9deb83fe717a4bbca/screenshot - {}
RESULT: {"script":"<script> [776 bytes]","args":[{"enterText":"1","selector":{"id":"application-manageconditionprice-display-component---newCondition--condBaseQty","interaction":{"idSuffix":"inner"}},"clearTextFirst":true,"interactionType":"ENTER_TEXT"}]}
RESULT: undefined
COMMAND: POST /session/130ef63994e902c9deb83fe717a4bbca/execute/async - {"script":"<script> [776 bytes]","args":[{"enterText":"10","selector":{"id":"application-manageconditionprice-display-component---newCondition--condValue","interaction":{"idSuffix":"inner"}},"clearTextFirst":true,"interactionType":"ENTER_TEXT"}]}
RESULT: {}
RESULT: {"script":"<script> [776 bytes]","args":[{"enterText":"10","selector":{"id":"application-manageconditionprice-display-component---newCondition--condValue","interaction":{"idSuffix":"inner"}},"clearTextFirst":true,"interactionType":"ENTER_TEXT"}]}
RESULT: undefined
COMMAND: POST /session/130ef63994e902c9deb83fe717a4bbca/element - {"using":"xpath","value":"//*[@id=\"application-manageconditionprice-display-component---newCondition--condCurr-arrow\"]"}
RESULT: {"using":"xpath","value":"//*[@id=\"application-manageconditionprice-display-component---newCondition--condCurr-arrow\"]"}
COMMAND: POST /session/130ef63994e902c9deb83fe717a4bbca/element/f.DBA113373209FD8E36DE67C53790246B.d.C44829E22E9AB2B06B1903F2A75B299A.e.10110/click - {}
RESULT: {}
COMMAND: POST /session/130ef63994e902c9deb83fe717a4bbca/element - {"using":"xpath","value":"//span[contains(text(), \"Euro\")]"}
COMMAND: GET /session/130ef63994e902c9deb83fe717a4bbca/screenshot - {}
RESULT: {"using":"xpath","value":"//span[contains(text(), \"Euro\")]"}
COMMAND: POST /session/130ef63994e902c9deb83fe717a4bbca/element/f.DBA113373209FD8E36DE67C53790246B.d.C44829E22E9AB2B06B1903F2A75B299A.e.10183/click - {}
RESULT: {}
RESULT: {}
COMMAND: POST /session/130ef63994e902c9deb83fe717a4bbca/element - {"using":"xpath","value":"//button[@data-kt=\"saveButton\"]"}
COMMAND: GET /session/130ef63994e902c9deb83fe717a4bbca/screenshot - {}
RESULT: {"using":"xpath","value":"//button[@data-kt=\"saveButton\"]"}
COMMAND: POST /session/130ef63994e902c9deb83fe717a4bbca/element/f.DBA113373209FD8E36DE67C53790246B.d.C44829E22E9AB2B06B1903F2A75B299A.e.10111/click - {}
RESULT: {}
RESULT: {}
COMMAND: GET /session/130ef63994e902c9deb83fe717a4bbca/screenshot - {}
RESULT: {}
RESULT: undefined
COMMAND: POST /session/130ef63994e902c9deb83fe717a4bbca/execute/async - {"script":"<script> [776 bytes]","args":[{"enterText":"VxodaTTrBs","selector":{"id":"application-manageconditionprice-display-component---conditions--smartFilterBar-btnBasicSearch","interaction":{"idSuffix":"I"}},"clearTextFirst":true,"interactionType":"ENTER_TEXT"}]}
RESULT: {"script":"<script> [776 bytes]","args":[{"enterText":"VxodaTTrBs","selector":{"id":"application-manageconditionprice-display-component---conditions--smartFilterBar-btnBasicSearch","interaction":{"idSuffix":"I"}},"clearTextFirst":true,"interactionType":"ENTER_TEXT"}]}
COMMAND: POST /session/130ef63994e902c9deb83fe717a4bbca/actions - {"actions":[{"id":"action40","type":"key","parameters":{},"actions":[{"type":"keyDown","value":""},{"type":"pause","duration":10},{"type":"keyUp","value":""}]}]}
RESULT: {"actions":[{"id":"action40","type":"key","parameters":{},"actions":[{"type":"keyDown","value":""},{"type":"pause","duration":10},{"type":"keyUp","value":""}]}]}
COMMAND: GET /session/130ef63994e902c9deb83fe717a4bbca/screenshot - {}
RESULT: {}
RESULT: undefined
COMMAND: POST /session/130ef63994e902c9deb83fe717a4bbca/element - {"using":"xpath","value":"//*[@id=\"application-manageconditionprice-display-component---conditions--smartFilterBar-filterItemControl_BASIC-BILL_TYPES-vhi\"]"}
RESULT: {"using":"xpath","value":"//*[@id=\"application-manageconditionprice-display-component---conditions--smartFilterBar-filterItemControl_BASIC-BILL_TYPES-vhi\"]"}
COMMAND: POST /session/130ef63994e902c9deb83fe717a4bbca/element/f.DBA113373209FD8E36DE67C53790246B.d.C44829E22E9AB2B06B1903F2A75B299A.e.10377/click - {}
RESULT: {}
RESULT: undefined
COMMAND: POST /session/130ef63994e902c9deb83fe717a4bbca/execute/async - {"script":"<script> [776 bytes]","args":[{"enterText":"PB","selector":{"id":"application-manageconditionprice-display-component---conditions--smartFilterBar-filterItemControl_BASIC-BILL_TYPES-valueHelpDialog-smartFilterBar-btnBasicSearch","searchOpenDialogs":true,"interaction":{"idSuffix":"I"}},"clearTextFirst":true,"interactionType":"ENTER_TEXT"}]}
COMMAND: GET /session/130ef63994e902c9deb83fe717a4bbca/screenshot - {}
RESULT: {"script":"<script> [776 bytes]","args":[{"enterText":"PB","selector":{"id":"application-manageconditionprice-display-component---conditions--smartFilterBar-filterItemControl_BASIC-BILL_TYPES-valueHelpDialog-smartFilterBar-btnBasicSearch","searchOpenDialogs":true,"interaction":{"idSuffix":"I"}},"clearTextFirst":true,"interactionType":"ENTER_TEXT"}]}
COMMAND: POST /session/130ef63994e902c9deb83fe717a4bbca/actions - {"actions":[{"id":"action41","type":"key","parameters":{},"actions":[{"type":"keyDown","value":""},{"type":"pause","duration":10},{"type":"keyUp","value":""}]}]}
RESULT: {}
RESULT: {"actions":[{"id":"action41","type":"key","parameters":{},"actions":[{"type":"keyDown","value":""},{"type":"pause","duration":10},{"type":"keyUp","value":""}]}]}
COMMAND: GET /session/130ef63994e902c9deb83fe717a4bbca/screenshot - {}
RESULT: {}
COMMAND: POST /session/130ef63994e902c9deb83fe717a4bbca/element - {"using":"xpath","value":"//div[contains(@id, 'application-manageconditionprice-display-component---conditions--smartFilterBar-filterItemControl_BASIC-BILL_TYPES-valueHelpDialog-table-rowsel0')]"}
RESULT: {"using":"xpath","value":"//div[contains(@id, 'application-manageconditionprice-display-component---conditions--smartFilterBar-filterItemControl_BASIC-BILL_TYPES-valueHelpDialog-table-rowsel0')]"}
COMMAND: POST /session/130ef63994e902c9deb83fe717a4bbca/element/f.DBA113373209FD8E36DE67C53790246B.d.C44829E22E9AB2B06B1903F2A75B299A.e.10386/click - {}
RESULT: {}
COMMAND: GET /session/130ef63994e902c9deb83fe717a4bbca/screenshot - {}
RESULT: {}
COMMAND: POST /session/130ef63994e902c9deb83fe717a4bbca/element - {"using":"xpath","value":"//bdi[contains(text(), \"OK\")]"}
RESULT: {"using":"xpath","value":"//bdi[contains(text(), \"OK\")]"}
COMMAND: POST /session/130ef63994e902c9deb83fe717a4bbca/element/f.DBA113373209FD8E36DE67C53790246B.d.C44829E22E9AB2B06B1903F2A75B299A.e.10388/click - {}
RESULT: {}
COMMAND: GET /session/130ef63994e902c9deb83fe717a4bbca/screenshot - {}
RESULT: {}
COMMAND: POST /session/130ef63994e902c9deb83fe717a4bbca/element - {"using":"xpath","value":"//span[@id=\"application-manageconditionprice-display-component---conditions--smartTable-header-inner\"]"}
RESULT: {"using":"xpath","value":"//span[@id=\"application-manageconditionprice-display-component---conditions--smartTable-header-inner\"]"}
COMMAND: POST /session/130ef63994e902c9deb83fe717a4bbca/elements - {"using":"xpath","value":"//span[@id=\"application-manageconditionprice-display-component---conditions--smartTable-header-inner\"]"}
RESULT: {"using":"xpath","value":"//span[@id=\"application-manageconditionprice-display-component---conditions--smartTable-header-inner\"]"}
COMMAND: POST /session/130ef63994e902c9deb83fe717a4bbca/execute/sync - {"script":"<script> [56 bytes]","args":[{"element-6066-11e4-a52e-4f735466cecf":"f.DBA113373209FD8E36DE67C53790246B.d.C44829E22E9AB2B06B1903F2A75B299A.e.10391","ELEMENT":"f.DBA113373209FD8E36DE67C53790246B.d.C44829E22E9AB2B06B1903F2A75B299A.e.10391"}]}
RESULT: {"script":"<script> [56 bytes]","args":[{"element-6066-11e4-a52e-4f735466cecf":"f.DBA113373209FD8E36DE67C53790246B.d.C44829E22E9AB2B06B1903F2A75B299A.e.10391","ELEMENT":"f.DBA113373209FD8E36DE67C53790246B.d.C44829E22E9AB2B06B1903F2A75B299A.e.10391"}]}
COMMAND: POST /session/130ef63994e902c9deb83fe717a4bbca/element - {"using":"css selector","value":"#shell-header-logo"}
COMMAND: GET /session/130ef63994e902c9deb83fe717a4bbca/screenshot - {}
RESULT: {"using":"css selector","value":"#shell-header-logo"}
COMMAND: POST /session/130ef63994e902c9deb83fe717a4bbca/element/f.DBA113373209FD8E36DE67C53790246B.d.C44829E22E9AB2B06B1903F2A75B299A.e.9782/click - {}
RESULT: {}
RESULT: {}
COMMAND: GET /session/130ef63994e902c9deb83fe717a4bbca/screenshot - {}
RESULT: {}
]]></system-out>
    </testcase>
    <testcase classname="chrome.136_0_7103_93.windows.Create_master_data_for_mixed_billing_&amp;_do_billing_calculation_US151661" name="Should add time based condition" time="77.118">
      <system-out><![CDATA[
RESULT: undefined
COMMAND: POST /session/130ef63994e902c9deb83fe717a4bbca/element - {"using":"xpath","value":"//*[@id=\"__tile93\"]"}
RESULT: {"using":"xpath","value":"//*[@id=\"__tile93\"]"}
COMMAND: POST /session/130ef63994e902c9deb83fe717a4bbca/element/f.DBA113373209FD8E36DE67C53790246B.d.C44829E22E9AB2B06B1903F2A75B299A.e.8627/click - {}
RESULT: {}
COMMAND: GET /session/130ef63994e902c9deb83fe717a4bbca/screenshot - {}
RESULT: {}
COMMAND: POST /session/130ef63994e902c9deb83fe717a4bbca/elements - {"using":"xpath","value":"//span[text()='Error']"}
RESULT: {"using":"xpath","value":"//span[text()='Error']"}
COMMAND: POST /session/130ef63994e902c9deb83fe717a4bbca/element - {"using":"xpath","value":"//button[@aria-label=\"Create\"]"}
RESULT: {"using":"xpath","value":"//button[@aria-label=\"Create\"]"}
COMMAND: POST /session/130ef63994e902c9deb83fe717a4bbca/elements - {"using":"xpath","value":"//button[@aria-label=\"Create\"]"}
RESULT: {"using":"xpath","value":"//button[@aria-label=\"Create\"]"}
COMMAND: POST /session/130ef63994e902c9deb83fe717a4bbca/execute/sync - {"script":"<script> [8489 bytes]","args":[{"element-6066-11e4-a52e-4f735466cecf":"f.DBA113373209FD8E36DE67C53790246B.d.C44829E22E9AB2B06B1903F2A75B299A.e.10429","ELEMENT":"f.DBA113373209FD8E36DE67C53790246B.d.C44829E22E9AB2B06B1903F2A75B299A.e.10429"}]}
RESULT: {"script":"<script> [8489 bytes]","args":[{"element-6066-11e4-a52e-4f735466cecf":"f.DBA113373209FD8E36DE67C53790246B.d.C44829E22E9AB2B06B1903F2A75B299A.e.10429","ELEMENT":"f.DBA113373209FD8E36DE67C53790246B.d.C44829E22E9AB2B06B1903F2A75B299A.e.10429"}]}
COMMAND: GET /session/130ef63994e902c9deb83fe717a4bbca/element/f.DBA113373209FD8E36DE67C53790246B.d.C44829E22E9AB2B06B1903F2A75B299A.e.10429/enabled - {}
COMMAND: GET /session/130ef63994e902c9deb83fe717a4bbca/screenshot - {}
RESULT: {}
COMMAND: POST /session/130ef63994e902c9deb83fe717a4bbca/execute/sync - {"script":"<script> [8489 bytes]","args":[{"element-6066-11e4-a52e-4f735466cecf":"f.DBA113373209FD8E36DE67C53790246B.d.C44829E22E9AB2B06B1903F2A75B299A.e.10429","ELEMENT":"f.DBA113373209FD8E36DE67C53790246B.d.C44829E22E9AB2B06B1903F2A75B299A.e.10429"}]}
COMMAND: GET /session/130ef63994e902c9deb83fe717a4bbca/screenshot - {}
RESULT: {}
RESULT: {"script":"<script> [8489 bytes]","args":[{"element-6066-11e4-a52e-4f735466cecf":"f.DBA113373209FD8E36DE67C53790246B.d.C44829E22E9AB2B06B1903F2A75B299A.e.10429","ELEMENT":"f.DBA113373209FD8E36DE67C53790246B.d.C44829E22E9AB2B06B1903F2A75B299A.e.10429"}]}
COMMAND: POST /session/130ef63994e902c9deb83fe717a4bbca/execute/sync - {"script":"<script> [5351 bytes]","args":[{"element-6066-11e4-a52e-4f735466cecf":"f.DBA113373209FD8E36DE67C53790246B.d.C44829E22E9AB2B06B1903F2A75B299A.e.10429","ELEMENT":"f.DBA113373209FD8E36DE67C53790246B.d.C44829E22E9AB2B06B1903F2A75B299A.e.10429"}]}
COMMAND: GET /session/130ef63994e902c9deb83fe717a4bbca/screenshot - {}
RESULT: {}
RESULT: {"script":"<script> [5351 bytes]","args":[{"element-6066-11e4-a52e-4f735466cecf":"f.DBA113373209FD8E36DE67C53790246B.d.C44829E22E9AB2B06B1903F2A75B299A.e.10429","ELEMENT":"f.DBA113373209FD8E36DE67C53790246B.d.C44829E22E9AB2B06B1903F2A75B299A.e.10429"}]}
COMMAND: POST /session/130ef63994e902c9deb83fe717a4bbca/element/f.DBA113373209FD8E36DE67C53790246B.d.C44829E22E9AB2B06B1903F2A75B299A.e.10429/click - {}
COMMAND: GET /session/130ef63994e902c9deb83fe717a4bbca/screenshot - {}
RESULT: {}
RESULT: {}
COMMAND: GET /session/130ef63994e902c9deb83fe717a4bbca/screenshot - {}
RESULT: {}
RESULT: {}
COMMAND: POST /session/130ef63994e902c9deb83fe717a4bbca/actions - {"actions":[{"id":"action42","type":"key","parameters":{},"actions":[{"type":"keyDown","value":""},{"type":"pause","duration":10},{"type":"keyUp","value":""}]}]}
RESULT: {"actions":[{"id":"action42","type":"key","parameters":{},"actions":[{"type":"keyDown","value":""},{"type":"pause","duration":10},{"type":"keyUp","value":""}]}]}
COMMAND: GET /session/130ef63994e902c9deb83fe717a4bbca/screenshot - {}
RESULT: {}
RESULT: undefined
COMMAND: POST /session/130ef63994e902c9deb83fe717a4bbca/element - {"using":"xpath","value":"//*[@id=\"application-manageconditionprice-display-component---newCondition--condBillCond-arrow\"]"}
RESULT: {"using":"xpath","value":"//*[@id=\"application-manageconditionprice-display-component---newCondition--condBillCond-arrow\"]"}
COMMAND: POST /session/130ef63994e902c9deb83fe717a4bbca/element/f.DBA113373209FD8E36DE67C53790246B.d.C44829E22E9AB2B06B1903F2A75B299A.e.10790/click - {}
RESULT: {}
COMMAND: GET /session/130ef63994e902c9deb83fe717a4bbca/screenshot - {}
RESULT: {}
COMMAND: POST /session/130ef63994e902c9deb83fe717a4bbca/element - {"using":"xpath","value":"//li[.//span[contains(text(), \"DISP - D&I special price\")]]"}
RESULT: {"using":"xpath","value":"//li[.//span[contains(text(), \"DISP - D&I special price\")]]"}
COMMAND: POST /session/130ef63994e902c9deb83fe717a4bbca/element/f.DBA113373209FD8E36DE67C53790246B.d.C44829E22E9AB2B06B1903F2A75B299A.e.10793/click - {}
RESULT: {}
COMMAND: GET /session/130ef63994e902c9deb83fe717a4bbca/screenshot - {}
RESULT: {}
RESULT: undefined
COMMAND: POST /session/130ef63994e902c9deb83fe717a4bbca/execute/async - {"script":"<script> [776 bytes]","args":[{"enterText":"1/24/26","selector":{"id":"application-manageconditionprice-display-component---newCondition--condValidTo","interaction":{"idSuffix":"inner"}},"clearTextFirst":true,"interactionType":"ENTER_TEXT"}]}
RESULT: {"script":"<script> [776 bytes]","args":[{"enterText":"1/24/26","selector":{"id":"application-manageconditionprice-display-component---newCondition--condValidTo","interaction":{"idSuffix":"inner"}},"clearTextFirst":true,"interactionType":"ENTER_TEXT"}]}
COMMAND: POST /session/130ef63994e902c9deb83fe717a4bbca/element - {"using":"xpath","value":"//input[@id=\"application-manageconditionprice-display-component---newCondition--condRU-inner\"]"}
RESULT: {"using":"xpath","value":"//input[@id=\"application-manageconditionprice-display-component---newCondition--condRU-inner\"]"}
COMMAND: POST /session/130ef63994e902c9deb83fe717a4bbca/element/f.DBA113373209FD8E36DE67C53790246B.d.C44829E22E9AB2B06B1903F2A75B299A.e.10572/clear - {}
RESULT: {}
COMMAND: POST /session/130ef63994e902c9deb83fe717a4bbca/element/f.DBA113373209FD8E36DE67C53790246B.d.C44829E22E9AB2B06B1903F2A75B299A.e.10572/value - {"text":"VxodaTTrBs"}
COMMAND: GET /session/130ef63994e902c9deb83fe717a4bbca/screenshot - {}
RESULT: {"text":"VxodaTTrBs"}
COMMAND: GET /session/130ef63994e902c9deb83fe717a4bbca/screenshot - {}
RESULT: {}
RESULT: {}
COMMAND: POST /session/130ef63994e902c9deb83fe717a4bbca/actions - {"actions":[{"id":"action43","type":"key","parameters":{},"actions":[{"type":"keyDown","value":""},{"type":"pause","duration":10},{"type":"keyUp","value":""}]}]}
RESULT: {"actions":[{"id":"action43","type":"key","parameters":{},"actions":[{"type":"keyDown","value":""},{"type":"pause","duration":10},{"type":"keyUp","value":""}]}]}
RESULT: undefined
COMMAND: POST /session/130ef63994e902c9deb83fe717a4bbca/execute/async - {"script":"<script> [776 bytes]","args":[{"enterText":"1","selector":{"id":"application-manageconditionprice-display-component---newCondition--condBaseQty","interaction":{"idSuffix":"inner"}},"clearTextFirst":true,"interactionType":"ENTER_TEXT"}]}
COMMAND: GET /session/130ef63994e902c9deb83fe717a4bbca/screenshot - {}
RESULT: {"script":"<script> [776 bytes]","args":[{"enterText":"1","selector":{"id":"application-manageconditionprice-display-component---newCondition--condBaseQty","interaction":{"idSuffix":"inner"}},"clearTextFirst":true,"interactionType":"ENTER_TEXT"}]}
RESULT: undefined
COMMAND: POST /session/130ef63994e902c9deb83fe717a4bbca/execute/async - {"script":"<script> [776 bytes]","args":[{"enterText":"100","selector":{"id":"application-manageconditionprice-display-component---newCondition--condValue","interaction":{"idSuffix":"inner"}},"clearTextFirst":true,"interactionType":"ENTER_TEXT"}]}
RESULT: {}
RESULT: {"script":"<script> [776 bytes]","args":[{"enterText":"100","selector":{"id":"application-manageconditionprice-display-component---newCondition--condValue","interaction":{"idSuffix":"inner"}},"clearTextFirst":true,"interactionType":"ENTER_TEXT"}]}
RESULT: undefined
COMMAND: POST /session/130ef63994e902c9deb83fe717a4bbca/element - {"using":"xpath","value":"//*[@id=\"application-manageconditionprice-display-component---newCondition--condCurr-arrow\"]"}
RESULT: {"using":"xpath","value":"//*[@id=\"application-manageconditionprice-display-component---newCondition--condCurr-arrow\"]"}
COMMAND: POST /session/130ef63994e902c9deb83fe717a4bbca/element/f.DBA113373209FD8E36DE67C53790246B.d.C44829E22E9AB2B06B1903F2A75B299A.e.10739/click - {}
RESULT: {}
COMMAND: POST /session/130ef63994e902c9deb83fe717a4bbca/element - {"using":"xpath","value":"//span[contains(text(), \"Euro\")]"}
COMMAND: GET /session/130ef63994e902c9deb83fe717a4bbca/screenshot - {}
RESULT: {"using":"xpath","value":"//span[contains(text(), \"Euro\")]"}
COMMAND: POST /session/130ef63994e902c9deb83fe717a4bbca/element/f.DBA113373209FD8E36DE67C53790246B.d.C44829E22E9AB2B06B1903F2A75B299A.e.10828/click - {}
RESULT: {}
RESULT: {}
COMMAND: POST /session/130ef63994e902c9deb83fe717a4bbca/element - {"using":"xpath","value":"//button[@data-kt=\"saveButton\"]"}
COMMAND: GET /session/130ef63994e902c9deb83fe717a4bbca/screenshot - {}
RESULT: {"using":"xpath","value":"//button[@data-kt=\"saveButton\"]"}
COMMAND: POST /session/130ef63994e902c9deb83fe717a4bbca/element/f.DBA113373209FD8E36DE67C53790246B.d.C44829E22E9AB2B06B1903F2A75B299A.e.10740/click - {}
RESULT: {}
RESULT: {}
COMMAND: GET /session/130ef63994e902c9deb83fe717a4bbca/screenshot - {}
RESULT: {}
RESULT: undefined
COMMAND: POST /session/130ef63994e902c9deb83fe717a4bbca/execute/async - {"script":"<script> [776 bytes]","args":[{"enterText":"VxodaTTrBs","selector":{"id":"application-manageconditionprice-display-component---conditions--smartFilterBar-btnBasicSearch","interaction":{"idSuffix":"I"}},"clearTextFirst":true,"interactionType":"ENTER_TEXT"}]}
RESULT: {"script":"<script> [776 bytes]","args":[{"enterText":"VxodaTTrBs","selector":{"id":"application-manageconditionprice-display-component---conditions--smartFilterBar-btnBasicSearch","interaction":{"idSuffix":"I"}},"clearTextFirst":true,"interactionType":"ENTER_TEXT"}]}
COMMAND: POST /session/130ef63994e902c9deb83fe717a4bbca/actions - {"actions":[{"id":"action44","type":"key","parameters":{},"actions":[{"type":"keyDown","value":""},{"type":"pause","duration":10},{"type":"keyUp","value":""}]}]}
RESULT: {"actions":[{"id":"action44","type":"key","parameters":{},"actions":[{"type":"keyDown","value":""},{"type":"pause","duration":10},{"type":"keyUp","value":""}]}]}
COMMAND: GET /session/130ef63994e902c9deb83fe717a4bbca/screenshot - {}
RESULT: {}
RESULT: undefined
COMMAND: POST /session/130ef63994e902c9deb83fe717a4bbca/element - {"using":"xpath","value":"//*[@id=\"application-manageconditionprice-display-component---conditions--smartFilterBar-filterItemControl_BASIC-BILL_TYPES-vhi\"]"}
RESULT: {"using":"xpath","value":"//*[@id=\"application-manageconditionprice-display-component---conditions--smartFilterBar-filterItemControl_BASIC-BILL_TYPES-vhi\"]"}
COMMAND: POST /session/130ef63994e902c9deb83fe717a4bbca/element/f.DBA113373209FD8E36DE67C53790246B.d.C44829E22E9AB2B06B1903F2A75B299A.e.10997/click - {}
RESULT: {}
RESULT: undefined
COMMAND: POST /session/130ef63994e902c9deb83fe717a4bbca/execute/async - {"script":"<script> [776 bytes]","args":[{"enterText":"TB","selector":{"id":"application-manageconditionprice-display-component---conditions--smartFilterBar-filterItemControl_BASIC-BILL_TYPES-valueHelpDialog-smartFilterBar-btnBasicSearch","searchOpenDialogs":true,"interaction":{"idSuffix":"I"}},"clearTextFirst":true,"interactionType":"ENTER_TEXT"}]}
COMMAND: GET /session/130ef63994e902c9deb83fe717a4bbca/screenshot - {}
RESULT: {"script":"<script> [776 bytes]","args":[{"enterText":"TB","selector":{"id":"application-manageconditionprice-display-component---conditions--smartFilterBar-filterItemControl_BASIC-BILL_TYPES-valueHelpDialog-smartFilterBar-btnBasicSearch","searchOpenDialogs":true,"interaction":{"idSuffix":"I"}},"clearTextFirst":true,"interactionType":"ENTER_TEXT"}]}
COMMAND: POST /session/130ef63994e902c9deb83fe717a4bbca/actions - {"actions":[{"id":"action45","type":"key","parameters":{},"actions":[{"type":"keyDown","value":""},{"type":"pause","duration":10},{"type":"keyUp","value":""}]}]}
RESULT: {}
RESULT: {"actions":[{"id":"action45","type":"key","parameters":{},"actions":[{"type":"keyDown","value":""},{"type":"pause","duration":10},{"type":"keyUp","value":""}]}]}
COMMAND: GET /session/130ef63994e902c9deb83fe717a4bbca/screenshot - {}
RESULT: {}
COMMAND: POST /session/130ef63994e902c9deb83fe717a4bbca/element - {"using":"xpath","value":"//div[contains(@id, 'application-manageconditionprice-display-component---conditions--smartFilterBar-filterItemControl_BASIC-BILL_TYPES-valueHelpDialog-table-rowsel0')]"}
RESULT: {"using":"xpath","value":"//div[contains(@id, 'application-manageconditionprice-display-component---conditions--smartFilterBar-filterItemControl_BASIC-BILL_TYPES-valueHelpDialog-table-rowsel0')]"}
COMMAND: POST /session/130ef63994e902c9deb83fe717a4bbca/element/f.DBA113373209FD8E36DE67C53790246B.d.C44829E22E9AB2B06B1903F2A75B299A.e.11006/click - {}
RESULT: {}
COMMAND: GET /session/130ef63994e902c9deb83fe717a4bbca/screenshot - {}
RESULT: {}
COMMAND: POST /session/130ef63994e902c9deb83fe717a4bbca/element - {"using":"xpath","value":"//bdi[contains(text(), \"OK\")]"}
RESULT: {"using":"xpath","value":"//bdi[contains(text(), \"OK\")]"}
COMMAND: POST /session/130ef63994e902c9deb83fe717a4bbca/element/f.DBA113373209FD8E36DE67C53790246B.d.C44829E22E9AB2B06B1903F2A75B299A.e.11008/click - {}
RESULT: {}
COMMAND: GET /session/130ef63994e902c9deb83fe717a4bbca/screenshot - {}
RESULT: {}
COMMAND: POST /session/130ef63994e902c9deb83fe717a4bbca/element - {"using":"xpath","value":"//span[@id=\"application-manageconditionprice-display-component---conditions--smartTable-header-inner\"]"}
RESULT: {"using":"xpath","value":"//span[@id=\"application-manageconditionprice-display-component---conditions--smartTable-header-inner\"]"}
COMMAND: POST /session/130ef63994e902c9deb83fe717a4bbca/elements - {"using":"xpath","value":"//span[@id=\"application-manageconditionprice-display-component---conditions--smartTable-header-inner\"]"}
RESULT: {"using":"xpath","value":"//span[@id=\"application-manageconditionprice-display-component---conditions--smartTable-header-inner\"]"}
COMMAND: POST /session/130ef63994e902c9deb83fe717a4bbca/execute/sync - {"script":"<script> [56 bytes]","args":[{"element-6066-11e4-a52e-4f735466cecf":"f.DBA113373209FD8E36DE67C53790246B.d.C44829E22E9AB2B06B1903F2A75B299A.e.11045","ELEMENT":"f.DBA113373209FD8E36DE67C53790246B.d.C44829E22E9AB2B06B1903F2A75B299A.e.11045"}]}
RESULT: {"script":"<script> [56 bytes]","args":[{"element-6066-11e4-a52e-4f735466cecf":"f.DBA113373209FD8E36DE67C53790246B.d.C44829E22E9AB2B06B1903F2A75B299A.e.11045","ELEMENT":"f.DBA113373209FD8E36DE67C53790246B.d.C44829E22E9AB2B06B1903F2A75B299A.e.11045"}]}
COMMAND: POST /session/130ef63994e902c9deb83fe717a4bbca/element - {"using":"css selector","value":"#shell-header-logo"}
COMMAND: GET /session/130ef63994e902c9deb83fe717a4bbca/screenshot - {}
RESULT: {"using":"css selector","value":"#shell-header-logo"}
COMMAND: POST /session/130ef63994e902c9deb83fe717a4bbca/element/f.DBA113373209FD8E36DE67C53790246B.d.C44829E22E9AB2B06B1903F2A75B299A.e.10396/click - {}
RESULT: {}
RESULT: {}
COMMAND: GET /session/130ef63994e902c9deb83fe717a4bbca/screenshot - {}
RESULT: {}
]]></system-out>
    </testcase>
    <testcase classname="chrome.136_0_7103_93.windows.Create_master_data_for_mixed_billing_&amp;_do_billing_calculation_US151661" name="Should do a stock increase handover" time="101.228">
      <system-out><![CDATA[
COMMAND: POST /session/130ef63994e902c9deb83fe717a4bbca/execute/async - {"script":"<script> [1562 bytes]","args":[{"selector":{"controlType":"sap.m.GenericTile","properties":{"header":"Manage Handovers"}},"wdio_ui5_key":"sapm.GenericTile{\"header\":\"Manage Handovers\"}"}]}
RESULT: {"script":"<script> [1562 bytes]","args":[{"selector":{"controlType":"sap.m.GenericTile","properties":{"header":"Manage Handovers"}},"wdio_ui5_key":"sapm.GenericTile{\"header\":\"Manage Handovers\"}"}]}
RESULT: undefined
COMMAND: POST /session/130ef63994e902c9deb83fe717a4bbca/element - {"using":"xpath","value":"//*[@id=\"__tile132\"]"}
RESULT: {"using":"xpath","value":"//*[@id=\"__tile132\"]"}
COMMAND: POST /session/130ef63994e902c9deb83fe717a4bbca/element/f.DBA113373209FD8E36DE67C53790246B.d.C44829E22E9AB2B06B1903F2A75B299A.e.8591/click - {}
RESULT: {}
COMMAND: GET /session/130ef63994e902c9deb83fe717a4bbca/screenshot - {}
RESULT: {}
COMMAND: POST /session/130ef63994e902c9deb83fe717a4bbca/elements - {"using":"xpath","value":"//span[text()='Error']"}
RESULT: {"using":"xpath","value":"//span[text()='Error']"}
COMMAND: POST /session/130ef63994e902c9deb83fe717a4bbca/element - {"using":"xpath","value":"//button[@data-kt=\"masterHOAddButton\"]"}
RESULT: {"using":"xpath","value":"//button[@data-kt=\"masterHOAddButton\"]"}
COMMAND: POST /session/130ef63994e902c9deb83fe717a4bbca/elements - {"using":"xpath","value":"//button[@data-kt=\"masterHOAddButton\"]"}
RESULT: {"using":"xpath","value":"//button[@data-kt=\"masterHOAddButton\"]"}
COMMAND: POST /session/130ef63994e902c9deb83fe717a4bbca/execute/sync - {"script":"<script> [8489 bytes]","args":[{"element-6066-11e4-a52e-4f735466cecf":"f.DBA113373209FD8E36DE67C53790246B.d.C44829E22E9AB2B06B1903F2A75B299A.e.11085","ELEMENT":"f.DBA113373209FD8E36DE67C53790246B.d.C44829E22E9AB2B06B1903F2A75B299A.e.11085"}]}
RESULT: {"script":"<script> [8489 bytes]","args":[{"element-6066-11e4-a52e-4f735466cecf":"f.DBA113373209FD8E36DE67C53790246B.d.C44829E22E9AB2B06B1903F2A75B299A.e.11085","ELEMENT":"f.DBA113373209FD8E36DE67C53790246B.d.C44829E22E9AB2B06B1903F2A75B299A.e.11085"}]}
COMMAND: GET /session/130ef63994e902c9deb83fe717a4bbca/element/f.DBA113373209FD8E36DE67C53790246B.d.C44829E22E9AB2B06B1903F2A75B299A.e.11085/enabled - {}
COMMAND: GET /session/130ef63994e902c9deb83fe717a4bbca/screenshot - {}
RESULT: {}
COMMAND: POST /session/130ef63994e902c9deb83fe717a4bbca/execute/sync - {"script":"<script> [8489 bytes]","args":[{"element-6066-11e4-a52e-4f735466cecf":"f.DBA113373209FD8E36DE67C53790246B.d.C44829E22E9AB2B06B1903F2A75B299A.e.11085","ELEMENT":"f.DBA113373209FD8E36DE67C53790246B.d.C44829E22E9AB2B06B1903F2A75B299A.e.11085"}]}
COMMAND: GET /session/130ef63994e902c9deb83fe717a4bbca/screenshot - {}
RESULT: {}
RESULT: {"script":"<script> [8489 bytes]","args":[{"element-6066-11e4-a52e-4f735466cecf":"f.DBA113373209FD8E36DE67C53790246B.d.C44829E22E9AB2B06B1903F2A75B299A.e.11085","ELEMENT":"f.DBA113373209FD8E36DE67C53790246B.d.C44829E22E9AB2B06B1903F2A75B299A.e.11085"}]}
COMMAND: POST /session/130ef63994e902c9deb83fe717a4bbca/execute/sync - {"script":"<script> [5351 bytes]","args":[{"element-6066-11e4-a52e-4f735466cecf":"f.DBA113373209FD8E36DE67C53790246B.d.C44829E22E9AB2B06B1903F2A75B299A.e.11085","ELEMENT":"f.DBA113373209FD8E36DE67C53790246B.d.C44829E22E9AB2B06B1903F2A75B299A.e.11085"}]}
COMMAND: GET /session/130ef63994e902c9deb83fe717a4bbca/screenshot - {}
RESULT: {}
RESULT: {"script":"<script> [5351 bytes]","args":[{"element-6066-11e4-a52e-4f735466cecf":"f.DBA113373209FD8E36DE67C53790246B.d.C44829E22E9AB2B06B1903F2A75B299A.e.11085","ELEMENT":"f.DBA113373209FD8E36DE67C53790246B.d.C44829E22E9AB2B06B1903F2A75B299A.e.11085"}]}
COMMAND: POST /session/130ef63994e902c9deb83fe717a4bbca/element/f.DBA113373209FD8E36DE67C53790246B.d.C44829E22E9AB2B06B1903F2A75B299A.e.11085/click - {}
COMMAND: GET /session/130ef63994e902c9deb83fe717a4bbca/screenshot - {}
RESULT: {}
RESULT: {}
COMMAND: GET /session/130ef63994e902c9deb83fe717a4bbca/screenshot - {}
RESULT: {}
RESULT: {}
COMMAND: POST /session/130ef63994e902c9deb83fe717a4bbca/element - {"using":"xpath","value":"//span[contains(@id ,\"AddNewHO--typeSelect-arrow\")]"}
RESULT: {"using":"xpath","value":"//span[contains(@id ,\"AddNewHO--typeSelect-arrow\")]"}
COMMAND: POST /session/130ef63994e902c9deb83fe717a4bbca/element/f.DBA113373209FD8E36DE67C53790246B.d.C44829E22E9AB2B06B1903F2A75B299A.e.11425/click - {}
RESULT: {}
COMMAND: GET /session/130ef63994e902c9deb83fe717a4bbca/screenshot - {}
RESULT: {}
COMMAND: POST /session/130ef63994e902c9deb83fe717a4bbca/element - {"using":"xpath","value":"(//li[contains(text(), \"stock increase yard\")])[1]"}
RESULT: {"using":"xpath","value":"(//li[contains(text(), \"stock increase yard\")])[1]"}
COMMAND: POST /session/130ef63994e902c9deb83fe717a4bbca/element/f.DBA113373209FD8E36DE67C53790246B.d.C44829E22E9AB2B06B1903F2A75B299A.e.11426/click - {}
RESULT: {}
COMMAND: GET /session/130ef63994e902c9deb83fe717a4bbca/screenshot - {}
RESULT: {}
COMMAND: POST /session/130ef63994e902c9deb83fe717a4bbca/execute/async - {"script":"<script> [1562 bytes]","args":[{"selector":{"id":"application-managehandovers-display-component---AddNewHO--dueDate","interaction":{"idSuffix":"inner"}},"wdio_ui5_key":"applicationmanagehandovers-display-component---AddNewHO--dueDate"}]}
RESULT: {"script":"<script> [1562 bytes]","args":[{"selector":{"id":"application-managehandovers-display-component---AddNewHO--dueDate","interaction":{"idSuffix":"inner"}},"wdio_ui5_key":"applicationmanagehandovers-display-component---AddNewHO--dueDate"}]}
RESULT: undefined
COMMAND: POST /session/130ef63994e902c9deb83fe717a4bbca/execute/async - {"script":"<script> [6424 bytes]","args":[{"element-6066-11e4-a52e-4f735466cecf":"f.DBA113373209FD8E36DE67C53790246B.d.C44829E22E9AB2B06B1903F2A75B299A.e.11428"},"setValue",["5/24/25"]]}
RESULT: {"script":"<script> [6424 bytes]","args":[{"element-6066-11e4-a52e-4f735466cecf":"f.DBA113373209FD8E36DE67C53790246B.d.C44829E22E9AB2B06B1903F2A75B299A.e.11428"},"setValue",["5/24/25"]]}
COMMAND: POST /session/130ef63994e902c9deb83fe717a4bbca/element - {"using":"xpath","value":"//input[@id=\"generalSectionFrg--receiveYard-inner\"]"}
RESULT: {"using":"xpath","value":"//input[@id=\"generalSectionFrg--receiveYard-inner\"]"}
COMMAND: POST /session/130ef63994e902c9deb83fe717a4bbca/element/f.DBA113373209FD8E36DE67C53790246B.d.C44829E22E9AB2B06B1903F2A75B299A.e.11434/clear - {}
RESULT: {}
COMMAND: POST /session/130ef63994e902c9deb83fe717a4bbca/element/f.DBA113373209FD8E36DE67C53790246B.d.C44829E22E9AB2B06B1903F2A75B299A.e.11434/value - {"text":"256"}
COMMAND: GET /session/130ef63994e902c9deb83fe717a4bbca/screenshot - {}
RESULT: {"text":"256"}
COMMAND: GET /session/130ef63994e902c9deb83fe717a4bbca/screenshot - {}
RESULT: {}
RESULT: {}
COMMAND: POST /session/130ef63994e902c9deb83fe717a4bbca/element - {"using":"xpath","value":"//li[.//span[text()='256']]"}
RESULT: {"using":"xpath","value":"//li[.//span[text()='256']]"}
COMMAND: POST /session/130ef63994e902c9deb83fe717a4bbca/element/f.DBA113373209FD8E36DE67C53790246B.d.C44829E22E9AB2B06B1903F2A75B299A.e.11452/click - {}
RESULT: {}
COMMAND: GET /session/130ef63994e902c9deb83fe717a4bbca/screenshot - {}
RESULT: {}
COMMAND: POST /session/130ef63994e902c9deb83fe717a4bbca/execute/async - {"script":"<script> [1562 bytes]","args":[{"selector":{"id":"application-managehandovers-display-component---AddNewHO--ObjectPageLayout-anchBar-application-managehandovers-display-component---AddNewHO--section4-anchor","interaction":{"idSuffix":"BDI-content"}},"wdio_ui5_key":"applicationmanagehandovers-display-component---AddNewHO--ObjectPageLayout-anchBar-application-managehandovers-display-component---AddNewHO--section4-anchor"}]}
RESULT: {"script":"<script> [1562 bytes]","args":[{"selector":{"id":"application-managehandovers-display-component---AddNewHO--ObjectPageLayout-anchBar-application-managehandovers-display-component---AddNewHO--section4-anchor","interaction":{"idSuffix":"BDI-content"}},"wdio_ui5_key":"applicationmanagehandovers-display-component---AddNewHO--ObjectPageLayout-anchBar-application-managehandovers-display-component---AddNewHO--section4-anchor"}]}
RESULT: undefined
COMMAND: POST /session/130ef63994e902c9deb83fe717a4bbca/element - {"using":"xpath","value":"//*[@id=\"application-managehandovers-display-component---AddNewHO--ObjectPageLayout-anchBar-application-managehandovers-display-component---AddNewHO--section4-anchor\"]"}
RESULT: {"using":"xpath","value":"//*[@id=\"application-managehandovers-display-component---AddNewHO--ObjectPageLayout-anchBar-application-managehandovers-display-component---AddNewHO--section4-anchor\"]"}
COMMAND: POST /session/130ef63994e902c9deb83fe717a4bbca/element/f.DBA113373209FD8E36DE67C53790246B.d.C44829E22E9AB2B06B1903F2A75B299A.e.11454/click - {}
RESULT: {}
COMMAND: POST /session/130ef63994e902c9deb83fe717a4bbca/element - {"using":"xpath","value":"//button[@aria-label=\"Add\"]"}
COMMAND: GET /session/130ef63994e902c9deb83fe717a4bbca/screenshot - {}
RESULT: {"using":"xpath","value":"//button[@aria-label=\"Add\"]"}
COMMAND: POST /session/130ef63994e902c9deb83fe717a4bbca/element/f.DBA113373209FD8E36DE67C53790246B.d.C44829E22E9AB2B06B1903F2A75B299A.e.11457/click - {}
RESULT: {}
RESULT: {}
COMMAND: GET /session/130ef63994e902c9deb83fe717a4bbca/screenshot - {}
RESULT: {}
COMMAND: POST /session/130ef63994e902c9deb83fe717a4bbca/execute/async - {"script":"<script> [1562 bytes]","args":[{"selector":{"id":"application-managehandovers-display-component---AddNewHO--smartFilterBar-btnBasicSearch","searchOpenDialogs":true,"interaction":{"idSuffix":"I"}},"wdio_ui5_key":"applicationmanagehandovers-display-component---AddNewHO--smartFilterBar-btnBasicSearch"}]}
RESULT: {"script":"<script> [1562 bytes]","args":[{"selector":{"id":"application-managehandovers-display-component---AddNewHO--smartFilterBar-btnBasicSearch","searchOpenDialogs":true,"interaction":{"idSuffix":"I"}},"wdio_ui5_key":"applicationmanagehandovers-display-component---AddNewHO--smartFilterBar-btnBasicSearch"}]}
RESULT: undefined
COMMAND: POST /session/130ef63994e902c9deb83fe717a4bbca/execute/async - {"script":"<script> [776 bytes]","args":[{"enterText":"VxodaTTrBs","selector":{"id":"application-managehandovers-display-component---AddNewHO--smartFilterBar-btnBasicSearch","searchOpenDialogs":true,"interaction":{"idSuffix":"I"}},"clearTextFirst":true,"interactionType":"ENTER_TEXT"}]}
RESULT: {"script":"<script> [776 bytes]","args":[{"enterText":"VxodaTTrBs","selector":{"id":"application-managehandovers-display-component---AddNewHO--smartFilterBar-btnBasicSearch","searchOpenDialogs":true,"interaction":{"idSuffix":"I"}},"clearTextFirst":true,"interactionType":"ENTER_TEXT"}]}
COMMAND: POST /session/130ef63994e902c9deb83fe717a4bbca/actions - {"actions":[{"id":"action46","type":"key","parameters":{},"actions":[{"type":"keyDown","value":""},{"type":"pause","duration":10},{"type":"keyUp","value":""}]}]}
RESULT: {"actions":[{"id":"action46","type":"key","parameters":{},"actions":[{"type":"keyDown","value":""},{"type":"pause","duration":10},{"type":"keyUp","value":""}]}]}
COMMAND: GET /session/130ef63994e902c9deb83fe717a4bbca/screenshot - {}
RESULT: {}
COMMAND: POST /session/130ef63994e902c9deb83fe717a4bbca/execute/async - {"script":"<script> [1562 bytes]","args":[{"selector":{"id":"application-managehandovers-display-component---AddNewHO--popup-sa","searchOpenDialogs":true,"interaction":{"idSuffix":"CbBg"}},"wdio_ui5_key":"applicationmanagehandovers-display-component---AddNewHO--popup-sa"}]}
RESULT: {"script":"<script> [1562 bytes]","args":[{"selector":{"id":"application-managehandovers-display-component---AddNewHO--popup-sa","searchOpenDialogs":true,"interaction":{"idSuffix":"CbBg"}},"wdio_ui5_key":"applicationmanagehandovers-display-component---AddNewHO--popup-sa"}]}
RESULT: undefined
COMMAND: POST /session/130ef63994e902c9deb83fe717a4bbca/element - {"using":"xpath","value":"//*[@id=\"application-managehandovers-display-component---AddNewHO--popup-sa\"]"}
RESULT: {"using":"xpath","value":"//*[@id=\"application-managehandovers-display-component---AddNewHO--popup-sa\"]"}
COMMAND: POST /session/130ef63994e902c9deb83fe717a4bbca/element/f.DBA113373209FD8E36DE67C53790246B.d.C44829E22E9AB2B06B1903F2A75B299A.e.11610/click - {}
RESULT: {}
COMMAND: GET /session/130ef63994e902c9deb83fe717a4bbca/screenshot - {}
RESULT: {}
COMMAND: POST /session/130ef63994e902c9deb83fe717a4bbca/element - {"using":"xpath","value":"//bdi[contains(text(), \"Select\")]"}
RESULT: {"using":"xpath","value":"//bdi[contains(text(), \"Select\")]"}
COMMAND: POST /session/130ef63994e902c9deb83fe717a4bbca/element/f.DBA113373209FD8E36DE67C53790246B.d.C44829E22E9AB2B06B1903F2A75B299A.e.11611/click - {}
RESULT: {}
COMMAND: GET /session/130ef63994e902c9deb83fe717a4bbca/screenshot - {}
RESULT: {}
COMMAND: POST /session/130ef63994e902c9deb83fe717a4bbca/element - {"using":"xpath","value":"//button[@data-kt=\"AddNewHOSaveButton\"]"}
RESULT: {"using":"xpath","value":"//button[@data-kt=\"AddNewHOSaveButton\"]"}
COMMAND: POST /session/130ef63994e902c9deb83fe717a4bbca/element/f.DBA113373209FD8E36DE67C53790246B.d.C44829E22E9AB2B06B1903F2A75B299A.e.11615/click - {}
RESULT: {}
COMMAND: GET /session/130ef63994e902c9deb83fe717a4bbca/screenshot - {}
RESULT: {}
COMMAND: POST /session/130ef63994e902c9deb83fe717a4bbca/execute/async - {"script":"<script> [1562 bytes]","args":[{"selector":{"id":"receiptDatePicker","viewName":"etm.portal.ui.managehandovers.view.DetailExecuteHO","interaction":{"idSuffix":"inner"}},"wdio_ui5_key":"receiptDatePickeretmportal.ui.managehandovers.view.DetailExecuteHO"}]}
RESULT: {"script":"<script> [1562 bytes]","args":[{"selector":{"id":"receiptDatePicker","viewName":"etm.portal.ui.managehandovers.view.DetailExecuteHO","interaction":{"idSuffix":"inner"}},"wdio_ui5_key":"receiptDatePickeretmportal.ui.managehandovers.view.DetailExecuteHO"}]}
RESULT: undefined
COMMAND: POST /session/130ef63994e902c9deb83fe717a4bbca/execute/async - {"script":"<script> [6424 bytes]","args":[{"element-6066-11e4-a52e-4f735466cecf":"f.DBA113373209FD8E36DE67C53790246B.d.C44829E22E9AB2B06B1903F2A75B299A.e.11642"},"setValue",["5/24/25"]]}
RESULT: {"script":"<script> [6424 bytes]","args":[{"element-6066-11e4-a52e-4f735466cecf":"f.DBA113373209FD8E36DE67C53790246B.d.C44829E22E9AB2B06B1903F2A75B299A.e.11642"},"setValue",["5/24/25"]]}
COMMAND: POST /session/130ef63994e902c9deb83fe717a4bbca/element - {"using":"xpath","value":"//button[@data-kt=\"ReceivingTableConfirmAllButton\"]"}
RESULT: {"using":"xpath","value":"//button[@data-kt=\"ReceivingTableConfirmAllButton\"]"}
COMMAND: POST /session/130ef63994e902c9deb83fe717a4bbca/element/f.DBA113373209FD8E36DE67C53790246B.d.C44829E22E9AB2B06B1903F2A75B299A.e.11657/click - {}
RESULT: {}
COMMAND: GET /session/130ef63994e902c9deb83fe717a4bbca/screenshot - {}
RESULT: {}
COMMAND: POST /session/130ef63994e902c9deb83fe717a4bbca/element - {"using":"xpath","value":"//bdi[contains(text(), \"OK\")]"}
RESULT: {"using":"xpath","value":"//bdi[contains(text(), \"OK\")]"}
COMMAND: POST /session/130ef63994e902c9deb83fe717a4bbca/element/f.DBA113373209FD8E36DE67C53790246B.d.C44829E22E9AB2B06B1903F2A75B299A.e.11659/click - {}
RESULT: {}
COMMAND: GET /session/130ef63994e902c9deb83fe717a4bbca/screenshot - {}
RESULT: {}
COMMAND: POST /session/130ef63994e902c9deb83fe717a4bbca/element - {"using":"xpath","value":"(//bdi[contains(text(), \"Receive\")])[2]"}
RESULT: {"using":"xpath","value":"(//bdi[contains(text(), \"Receive\")])[2]"}
COMMAND: POST /session/130ef63994e902c9deb83fe717a4bbca/element/f.DBA113373209FD8E36DE67C53790246B.d.C44829E22E9AB2B06B1903F2A75B299A.e.11661/click - {}
RESULT: {}
COMMAND: GET /session/130ef63994e902c9deb83fe717a4bbca/screenshot - {}
RESULT: {}
COMMAND: POST /session/130ef63994e902c9deb83fe717a4bbca/element - {"using":"css selector","value":"#shell-header-logo"}
RESULT: {"using":"css selector","value":"#shell-header-logo"}
COMMAND: POST /session/130ef63994e902c9deb83fe717a4bbca/element/f.DBA113373209FD8E36DE67C53790246B.d.C44829E22E9AB2B06B1903F2A75B299A.e.11049/click - {}
RESULT: {}
COMMAND: GET /session/130ef63994e902c9deb83fe717a4bbca/screenshot - {}
RESULT: {}
]]></system-out>
    </testcase>
    <testcase classname="chrome.136_0_7103_93.windows.Create_master_data_for_mixed_billing_&amp;_do_billing_calculation_US151661" name="Should create a new contract" time="69.349">
      <system-out><![CDATA[
COMMAND: POST /session/130ef63994e902c9deb83fe717a4bbca/execute/async - {"script":"<script> [1562 bytes]","args":[{"selector":{"controlType":"sap.m.GenericTile","properties":{"header":"Manage Contracts"}},"wdio_ui5_key":"sapm.GenericTile{\"header\":\"Manage Contracts\"}"}]}
RESULT: {"script":"<script> [1562 bytes]","args":[{"selector":{"controlType":"sap.m.GenericTile","properties":{"header":"Manage Contracts"}},"wdio_ui5_key":"sapm.GenericTile{\"header\":\"Manage Contracts\"}"}]}
RESULT: undefined
COMMAND: POST /session/130ef63994e902c9deb83fe717a4bbca/element - {"using":"xpath","value":"//*[@id=\"__tile131\"]"}
RESULT: {"using":"xpath","value":"//*[@id=\"__tile131\"]"}
COMMAND: POST /session/130ef63994e902c9deb83fe717a4bbca/element/f.DBA113373209FD8E36DE67C53790246B.d.C44829E22E9AB2B06B1903F2A75B299A.e.8580/click - {}
RESULT: {}
COMMAND: GET /session/130ef63994e902c9deb83fe717a4bbca/screenshot - {}
RESULT: {}
COMMAND: POST /session/130ef63994e902c9deb83fe717a4bbca/elements - {"using":"xpath","value":"//span[text()='Error']"}
RESULT: {"using":"xpath","value":"//span[text()='Error']"}
COMMAND: POST /session/130ef63994e902c9deb83fe717a4bbca/element - {"using":"xpath","value":"//button[@data-kt=\"addButton\"]"}
RESULT: {"using":"xpath","value":"//button[@data-kt=\"addButton\"]"}
COMMAND: POST /session/130ef63994e902c9deb83fe717a4bbca/elements - {"using":"xpath","value":"//button[@data-kt=\"addButton\"]"}
RESULT: {"using":"xpath","value":"//button[@data-kt=\"addButton\"]"}
COMMAND: POST /session/130ef63994e902c9deb83fe717a4bbca/execute/sync - {"script":"<script> [8489 bytes]","args":[{"element-6066-11e4-a52e-4f735466cecf":"f.DBA113373209FD8E36DE67C53790246B.d.C44829E22E9AB2B06B1903F2A75B299A.e.11994","ELEMENT":"f.DBA113373209FD8E36DE67C53790246B.d.C44829E22E9AB2B06B1903F2A75B299A.e.11994"}]}
RESULT: {"script":"<script> [8489 bytes]","args":[{"element-6066-11e4-a52e-4f735466cecf":"f.DBA113373209FD8E36DE67C53790246B.d.C44829E22E9AB2B06B1903F2A75B299A.e.11994","ELEMENT":"f.DBA113373209FD8E36DE67C53790246B.d.C44829E22E9AB2B06B1903F2A75B299A.e.11994"}]}
COMMAND: GET /session/130ef63994e902c9deb83fe717a4bbca/element/f.DBA113373209FD8E36DE67C53790246B.d.C44829E22E9AB2B06B1903F2A75B299A.e.11994/enabled - {}
COMMAND: GET /session/130ef63994e902c9deb83fe717a4bbca/screenshot - {}
RESULT: {}
COMMAND: POST /session/130ef63994e902c9deb83fe717a4bbca/execute/sync - {"script":"<script> [8489 bytes]","args":[{"element-6066-11e4-a52e-4f735466cecf":"f.DBA113373209FD8E36DE67C53790246B.d.C44829E22E9AB2B06B1903F2A75B299A.e.11994","ELEMENT":"f.DBA113373209FD8E36DE67C53790246B.d.C44829E22E9AB2B06B1903F2A75B299A.e.11994"}]}
COMMAND: GET /session/130ef63994e902c9deb83fe717a4bbca/screenshot - {}
RESULT: {}
RESULT: {"script":"<script> [8489 bytes]","args":[{"element-6066-11e4-a52e-4f735466cecf":"f.DBA113373209FD8E36DE67C53790246B.d.C44829E22E9AB2B06B1903F2A75B299A.e.11994","ELEMENT":"f.DBA113373209FD8E36DE67C53790246B.d.C44829E22E9AB2B06B1903F2A75B299A.e.11994"}]}
COMMAND: POST /session/130ef63994e902c9deb83fe717a4bbca/execute/sync - {"script":"<script> [5351 bytes]","args":[{"element-6066-11e4-a52e-4f735466cecf":"f.DBA113373209FD8E36DE67C53790246B.d.C44829E22E9AB2B06B1903F2A75B299A.e.11994","ELEMENT":"f.DBA113373209FD8E36DE67C53790246B.d.C44829E22E9AB2B06B1903F2A75B299A.e.11994"}]}
RESULT: {}
RESULT: {"script":"<script> [5351 bytes]","args":[{"element-6066-11e4-a52e-4f735466cecf":"f.DBA113373209FD8E36DE67C53790246B.d.C44829E22E9AB2B06B1903F2A75B299A.e.11994","ELEMENT":"f.DBA113373209FD8E36DE67C53790246B.d.C44829E22E9AB2B06B1903F2A75B299A.e.11994"}]}
COMMAND: GET /session/130ef63994e902c9deb83fe717a4bbca/screenshot - {}
COMMAND: GET /session/130ef63994e902c9deb83fe717a4bbca/screenshot - {}
RESULT: {}
RESULT: {}
COMMAND: POST /session/130ef63994e902c9deb83fe717a4bbca/element/f.DBA113373209FD8E36DE67C53790246B.d.C44829E22E9AB2B06B1903F2A75B299A.e.11994/click - {}
RESULT: {}
COMMAND: GET /session/130ef63994e902c9deb83fe717a4bbca/screenshot - {}
COMMAND: POST /session/130ef63994e902c9deb83fe717a4bbca/execute/async - {"script":"<script> [1562 bytes]","args":[{"selector":{"id":"application-managecontracts-display-component---AddNewContract--projectDescription","interaction":{"idSuffix":"inner"}},"wdio_ui5_key":"applicationmanagecontracts-display-component---AddNewContract--projectDescription"}]}
RESULT: {}
RESULT: {"script":"<script> [1562 bytes]","args":[{"selector":{"id":"application-managecontracts-display-component---AddNewContract--projectDescription","interaction":{"idSuffix":"inner"}},"wdio_ui5_key":"applicationmanagecontracts-display-component---AddNewContract--projectDescription"}]}
RESULT: undefined
COMMAND: POST /session/130ef63994e902c9deb83fe717a4bbca/execute/async - {"script":"<script> [776 bytes]","args":[{"enterText":"Mixed Contract WDIO","selector":{"id":"application-managecontracts-display-component---AddNewContract--projectDescription","interaction":{"idSuffix":"inner"}},"clearTextFirst":true,"interactionType":"ENTER_TEXT"}]}
RESULT: {"script":"<script> [776 bytes]","args":[{"enterText":"Mixed Contract WDIO","selector":{"id":"application-managecontracts-display-component---AddNewContract--projectDescription","interaction":{"idSuffix":"inner"}},"clearTextFirst":true,"interactionType":"ENTER_TEXT"}]}
COMMAND: POST /session/130ef63994e902c9deb83fe717a4bbca/element - {"using":"xpath","value":"//input[@id=\"application-managecontracts-display-component---AddNewContract--site-inner\"]"}
RESULT: {"using":"xpath","value":"//input[@id=\"application-managecontracts-display-component---AddNewContract--site-inner\"]"}
COMMAND: POST /session/130ef63994e902c9deb83fe717a4bbca/element/f.DBA113373209FD8E36DE67C53790246B.d.C44829E22E9AB2B06B1903F2A75B299A.e.12313/clear - {}
RESULT: {}
COMMAND: POST /session/130ef63994e902c9deb83fe717a4bbca/element/f.DBA113373209FD8E36DE67C53790246B.d.C44829E22E9AB2B06B1903F2A75B299A.e.12313/value - {"text":"2101"}
COMMAND: GET /session/130ef63994e902c9deb83fe717a4bbca/screenshot - {}
RESULT: {"text":"2101"}
COMMAND: GET /session/130ef63994e902c9deb83fe717a4bbca/screenshot - {}
RESULT: {}
RESULT: {}
COMMAND: POST /session/130ef63994e902c9deb83fe717a4bbca/element - {"using":"xpath","value":"//li[.//span[text()='2101']]"}
RESULT: {"using":"xpath","value":"//li[.//span[text()='2101']]"}
COMMAND: POST /session/130ef63994e902c9deb83fe717a4bbca/element/f.DBA113373209FD8E36DE67C53790246B.d.C44829E22E9AB2B06B1903F2A75B299A.e.12395/click - {}
RESULT: {}
COMMAND: GET /session/130ef63994e902c9deb83fe717a4bbca/screenshot - {}
RESULT: {}
COMMAND: POST /session/130ef63994e902c9deb83fe717a4bbca/element - {"using":"xpath","value":"//input[@id=\"application-managecontracts-display-component---AddNewContract--yardId-inner\"]"}
RESULT: {"using":"xpath","value":"//input[@id=\"application-managecontracts-display-component---AddNewContract--yardId-inner\"]"}
COMMAND: GET /session/130ef63994e902c9deb83fe717a4bbca/element/f.DBA113373209FD8E36DE67C53790246B.d.C44829E22E9AB2B06B1903F2A75B299A.e.12314/property/value - {}
RESULT: {}
COMMAND: POST /session/130ef63994e902c9deb83fe717a4bbca/element - {"using":"xpath","value":"//input[@id=\"application-managecontracts-display-component---AddNewContract--customerSelect-inner\"]"}
COMMAND: GET /session/130ef63994e902c9deb83fe717a4bbca/screenshot - {}
RESULT: {"using":"xpath","value":"//input[@id=\"application-managecontracts-display-component---AddNewContract--customerSelect-inner\"]"}
COMMAND: POST /session/130ef63994e902c9deb83fe717a4bbca/element/f.DBA113373209FD8E36DE67C53790246B.d.C44829E22E9AB2B06B1903F2A75B299A.e.12312/clear - {}
RESULT: {}
RESULT: {}
COMMAND: POST /session/130ef63994e902c9deb83fe717a4bbca/element/f.DBA113373209FD8E36DE67C53790246B.d.C44829E22E9AB2B06B1903F2A75B299A.e.12312/value - {"text":"1104"}
COMMAND: GET /session/130ef63994e902c9deb83fe717a4bbca/screenshot - {}
RESULT: {"text":"1104"}
COMMAND: GET /session/130ef63994e902c9deb83fe717a4bbca/screenshot - {}
RESULT: {}
RESULT: {}
COMMAND: POST /session/130ef63994e902c9deb83fe717a4bbca/element - {"using":"xpath","value":"//li[.//span[text()='1104']]"}
RESULT: {"using":"xpath","value":"//li[.//span[text()='1104']]"}
COMMAND: POST /session/130ef63994e902c9deb83fe717a4bbca/element/f.DBA113373209FD8E36DE67C53790246B.d.C44829E22E9AB2B06B1903F2A75B299A.e.12398/click - {}
RESULT: {}
COMMAND: GET /session/130ef63994e902c9deb83fe717a4bbca/screenshot - {}
RESULT: {}
COMMAND: POST /session/130ef63994e902c9deb83fe717a4bbca/element - {"using":"xpath","value":"//button[@data-kt=\"saveButton\"]"}
RESULT: {"using":"xpath","value":"//button[@data-kt=\"saveButton\"]"}
COMMAND: POST /session/130ef63994e902c9deb83fe717a4bbca/element/f.DBA113373209FD8E36DE67C53790246B.d.C44829E22E9AB2B06B1903F2A75B299A.e.12388/click - {}
RESULT: {}
COMMAND: GET /session/130ef63994e902c9deb83fe717a4bbca/screenshot - {}
RESULT: {}
COMMAND: POST /session/130ef63994e902c9deb83fe717a4bbca/element - {"using":"xpath","value":"//span[contains(@id ,\"contractDetailTitleNoExpanded\")]"}
RESULT: {"using":"xpath","value":"//span[contains(@id ,\"contractDetailTitleNoExpanded\")]"}
COMMAND: POST /session/130ef63994e902c9deb83fe717a4bbca/elements - {"using":"xpath","value":"//span[contains(@id ,\"contractDetailTitleNoExpanded\")]"}
RESULT: {"using":"xpath","value":"//span[contains(@id ,\"contractDetailTitleNoExpanded\")]"}
COMMAND: POST /session/130ef63994e902c9deb83fe717a4bbca/execute/sync - {"script":"<script> [56 bytes]","args":[{"element-6066-11e4-a52e-4f735466cecf":"f.DBA113373209FD8E36DE67C53790246B.d.C44829E22E9AB2B06B1903F2A75B299A.e.12471","ELEMENT":"f.DBA113373209FD8E36DE67C53790246B.d.C44829E22E9AB2B06B1903F2A75B299A.e.12471"}]}
RESULT: {"script":"<script> [56 bytes]","args":[{"element-6066-11e4-a52e-4f735466cecf":"f.DBA113373209FD8E36DE67C53790246B.d.C44829E22E9AB2B06B1903F2A75B299A.e.12471","ELEMENT":"f.DBA113373209FD8E36DE67C53790246B.d.C44829E22E9AB2B06B1903F2A75B299A.e.12471"}]}
COMMAND: GET /session/130ef63994e902c9deb83fe717a4bbca/screenshot - {}
RESULT: {}
]]></system-out>
    </testcase>
    <testcase classname="chrome.136_0_7103_93.windows.Create_master_data_for_mixed_billing_&amp;_do_billing_calculation_US151661" name="Should add equipment to the contract" time="51.761">
      <system-out><![CDATA[
COMMAND: POST /session/130ef63994e902c9deb83fe717a4bbca/element - {"using":"xpath","value":"//button[@data-kt=\"contractDetailEditBtnButton\"]"}
RESULT: {"using":"xpath","value":"//button[@data-kt=\"contractDetailEditBtnButton\"]"}
COMMAND: POST /session/130ef63994e902c9deb83fe717a4bbca/element/f.DBA113373209FD8E36DE67C53790246B.d.C44829E22E9AB2B06B1903F2A75B299A.e.12472/click - {}
RESULT: {}
COMMAND: GET /session/130ef63994e902c9deb83fe717a4bbca/screenshot - {}
RESULT: {}
COMMAND: POST /session/130ef63994e902c9deb83fe717a4bbca/element - {"using":"xpath","value":"(//span[contains(text(), \"Additional Addresses\")])[2]"}
RESULT: {"using":"xpath","value":"(//span[contains(text(), \"Additional Addresses\")])[2]"}
COMMAND: POST /session/130ef63994e902c9deb83fe717a4bbca/element/f.DBA113373209FD8E36DE67C53790246B.d.C44829E22E9AB2B06B1903F2A75B299A.e.12527/click - {}
RESULT: {}
COMMAND: GET /session/130ef63994e902c9deb83fe717a4bbca/screenshot - {}
RESULT: {}
COMMAND: POST /session/130ef63994e902c9deb83fe717a4bbca/element - {"using":"xpath","value":"//button[@data-kt=\"btnAddTableRowOverflowToolbarButton\"]"}
RESULT: {"using":"xpath","value":"//button[@data-kt=\"btnAddTableRowOverflowToolbarButton\"]"}
COMMAND: POST /session/130ef63994e902c9deb83fe717a4bbca/element/f.DBA113373209FD8E36DE67C53790246B.d.C44829E22E9AB2B06B1903F2A75B299A.e.12530/click - {}
RESULT: {}
COMMAND: GET /session/130ef63994e902c9deb83fe717a4bbca/screenshot - {}
RESULT: {}
COMMAND: POST /session/130ef63994e902c9deb83fe717a4bbca/element - {"using":"xpath","value":"//div[(text() = 'Standard Entry' or . = 'Standard Entry')]"}
RESULT: {"using":"xpath","value":"//div[(text() = 'Standard Entry' or . = 'Standard Entry')]"}
COMMAND: POST /session/130ef63994e902c9deb83fe717a4bbca/element/f.DBA113373209FD8E36DE67C53790246B.d.C44829E22E9AB2B06B1903F2A75B299A.e.12531/click - {}
RESULT: {}
COMMAND: GET /session/130ef63994e902c9deb83fe717a4bbca/screenshot - {}
RESULT: {}
COMMAND: POST /session/130ef63994e902c9deb83fe717a4bbca/element - {"using":"xpath","value":"//td[7]/div/div/input"}
RESULT: {"using":"xpath","value":"//td[7]/div/div/input"}
COMMAND: POST /session/130ef63994e902c9deb83fe717a4bbca/element/f.DBA113373209FD8E36DE67C53790246B.d.C44829E22E9AB2B06B1903F2A75B299A.e.12540/clear - {}
RESULT: {}
COMMAND: POST /session/130ef63994e902c9deb83fe717a4bbca/element/f.DBA113373209FD8E36DE67C53790246B.d.C44829E22E9AB2B06B1903F2A75B299A.e.12540/value - {"text":"VxodaTTrBs"}
COMMAND: GET /session/130ef63994e902c9deb83fe717a4bbca/screenshot - {}
RESULT: {"text":"VxodaTTrBs"}
COMMAND: GET /session/130ef63994e902c9deb83fe717a4bbca/screenshot - {}
RESULT: {}
RESULT: {}
COMMAND: POST /session/130ef63994e902c9deb83fe717a4bbca/actions - {"actions":[{"id":"action47","type":"key","parameters":{},"actions":[{"type":"keyDown","value":""},{"type":"pause","duration":10},{"type":"keyUp","value":""}]}]}
RESULT: {"actions":[{"id":"action47","type":"key","parameters":{},"actions":[{"type":"keyDown","value":""},{"type":"pause","duration":10},{"type":"keyUp","value":""}]}]}
COMMAND: GET /session/130ef63994e902c9deb83fe717a4bbca/screenshot - {}
RESULT: {}
COMMAND: POST /session/130ef63994e902c9deb83fe717a4bbca/execute/sync - {"script":"<script> [276 bytes]","args":["No pricing information was found"]}
RESULT: {"script":"<script> [276 bytes]","args":["No pricing information was found"]}
COMMAND: POST /session/130ef63994e902c9deb83fe717a4bbca/element - {"using":"xpath","value":"(//button[@data-kt=\"saveButton\"])[2]"}
COMMAND: GET /session/130ef63994e902c9deb83fe717a4bbca/screenshot - {}
RESULT: {"using":"xpath","value":"(//button[@data-kt=\"saveButton\"])[2]"}
COMMAND: POST /session/130ef63994e902c9deb83fe717a4bbca/element/f.DBA113373209FD8E36DE67C53790246B.d.C44829E22E9AB2B06B1903F2A75B299A.e.12555/click - {}
RESULT: {}
RESULT: {}
COMMAND: GET /session/130ef63994e902c9deb83fe717a4bbca/screenshot - {}
RESULT: {}
COMMAND: POST /session/130ef63994e902c9deb83fe717a4bbca/execute/sync - {"script":"<script> [276 bytes]","args":["Some contract items are having rental validity exceeding header rental validity"]}
RESULT: {"script":"<script> [276 bytes]","args":["Some contract items are having rental validity exceeding header rental validity"]}
COMMAND: GET /session/130ef63994e902c9deb83fe717a4bbca/screenshot - {}
RESULT: {}
COMMAND: POST /session/130ef63994e902c9deb83fe717a4bbca/element - {"using":"xpath","value":"//span[contains(@id ,\"contractItemsSmartTable-header-inner\")]"}
RESULT: {"using":"xpath","value":"//span[contains(@id ,\"contractItemsSmartTable-header-inner\")]"}
COMMAND: POST /session/130ef63994e902c9deb83fe717a4bbca/elements - {"using":"xpath","value":"//span[contains(@id ,\"contractItemsSmartTable-header-inner\")]"}
RESULT: {"using":"xpath","value":"//span[contains(@id ,\"contractItemsSmartTable-header-inner\")]"}
COMMAND: POST /session/130ef63994e902c9deb83fe717a4bbca/execute/sync - {"script":"<script> [56 bytes]","args":[{"element-6066-11e4-a52e-4f735466cecf":"f.DBA113373209FD8E36DE67C53790246B.d.C44829E22E9AB2B06B1903F2A75B299A.e.12562","ELEMENT":"f.DBA113373209FD8E36DE67C53790246B.d.C44829E22E9AB2B06B1903F2A75B299A.e.12562"}]}
RESULT: {"script":"<script> [56 bytes]","args":[{"element-6066-11e4-a52e-4f735466cecf":"f.DBA113373209FD8E36DE67C53790246B.d.C44829E22E9AB2B06B1903F2A75B299A.e.12562","ELEMENT":"f.DBA113373209FD8E36DE67C53790246B.d.C44829E22E9AB2B06B1903F2A75B299A.e.12562"}]}
COMMAND: GET /session/130ef63994e902c9deb83fe717a4bbca/screenshot - {}
]]></system-out>
    </testcase>
    <testcase classname="chrome.136_0_7103_93.windows.Create_master_data_for_mixed_billing_&amp;_do_billing_calculation_US151661" name="Should do a provide to site handover" time="65.872">
      <system-out><![CDATA[
COMMAND: POST /session/130ef63994e902c9deb83fe717a4bbca/element - {"using":"xpath","value":"//button[@data-kt=\"provideButton\"]"}
RESULT: {"using":"xpath","value":"//button[@data-kt=\"provideButton\"]"}
COMMAND: POST /session/130ef63994e902c9deb83fe717a4bbca/element/f.DBA113373209FD8E36DE67C53790246B.d.C44829E22E9AB2B06B1903F2A75B299A.e.12563/click - {}
RESULT: {}
RESULT: {}
COMMAND: GET /session/130ef63994e902c9deb83fe717a4bbca/screenshot - {}
RESULT: {}
RESULT: undefined
COMMAND: POST /session/130ef63994e902c9deb83fe717a4bbca/execute/async - {"script":"<script> [6424 bytes]","args":[{"element-6066-11e4-a52e-4f735466cecf":"f.DBA113373209FD8E36DE67C53790246B.d.C44829E22E9AB2B06B1903F2A75B299A.e.11428"},"setValue",["5/24/25"]]}
COMMAND: POST /session/130ef63994e902c9deb83fe717a4bbca/execute/async - {"script":"<script> [1562 bytes]","args":[{"selector":{"id":"application-managehandovers-display-component---AddNewHO--dueDate","interaction":{"idSuffix":"inner"}},"wdio_ui5_key":"applicationmanagehandovers-display-component---AddNewHO--dueDate"}]}
RESULT: {"script":"<script> [1562 bytes]","args":[{"selector":{"id":"application-managehandovers-display-component---AddNewHO--dueDate","interaction":{"idSuffix":"inner"}},"wdio_ui5_key":"applicationmanagehandovers-display-component---AddNewHO--dueDate"}]}
COMMAND: POST /session/130ef63994e902c9deb83fe717a4bbca/execute/async - {"script":"<script> [6424 bytes]","args":[{"element-6066-11e4-a52e-4f735466cecf":"f.DBA113373209FD8E36DE67C53790246B.d.C44829E22E9AB2B06B1903F2A75B299A.e.12639"},"setValue",["5/24/25"]]}
RESULT: {"script":"<script> [6424 bytes]","args":[{"element-6066-11e4-a52e-4f735466cecf":"f.DBA113373209FD8E36DE67C53790246B.d.C44829E22E9AB2B06B1903F2A75B299A.e.12639"},"setValue",["5/24/25"]]}
COMMAND: POST /session/130ef63994e902c9deb83fe717a4bbca/element - {"using":"xpath","value":"//bdi[contains(text(), \"Instructions\")]"}
RESULT: {"using":"xpath","value":"//bdi[contains(text(), \"Instructions\")]"}
COMMAND: POST /session/130ef63994e902c9deb83fe717a4bbca/element/f.DBA113373209FD8E36DE67C53790246B.d.C44829E22E9AB2B06B1903F2A75B299A.e.12753/click - {}
RESULT: {}
COMMAND: GET /session/130ef63994e902c9deb83fe717a4bbca/screenshot - {}
RESULT: {}
COMMAND: POST /session/130ef63994e902c9deb83fe717a4bbca/element - {"using":"xpath","value":"//button[@data-kt=\"AddNewHOProvideAddItemsButton\"]"}
RESULT: {"using":"xpath","value":"//button[@data-kt=\"AddNewHOProvideAddItemsButton\"]"}
COMMAND: POST /session/130ef63994e902c9deb83fe717a4bbca/element/f.DBA113373209FD8E36DE67C53790246B.d.C44829E22E9AB2B06B1903F2A75B299A.e.12757/click - {}
RESULT: {}
COMMAND: GET /session/130ef63994e902c9deb83fe717a4bbca/screenshot - {}
RESULT: {}
RESULT: undefined
COMMAND: POST /session/130ef63994e902c9deb83fe717a4bbca/element - {"using":"xpath","value":"//*[@id=\"application-managehandovers-display-component---AddNewHO--popup-sa\"]"}
RESULT: {"using":"xpath","value":"//*[@id=\"application-managehandovers-display-component---AddNewHO--popup-sa\"]"}
COMMAND: POST /session/130ef63994e902c9deb83fe717a4bbca/element/f.DBA113373209FD8E36DE67C53790246B.d.C44829E22E9AB2B06B1903F2A75B299A.e.12766/click - {}
RESULT: {}
COMMAND: GET /session/130ef63994e902c9deb83fe717a4bbca/screenshot - {}
RESULT: {}
COMMAND: POST /session/130ef63994e902c9deb83fe717a4bbca/element - {"using":"xpath","value":"//*[contains(@id ,\"BDI-content\")][contains(text(), \"Select\")]"}
RESULT: {"using":"xpath","value":"//*[contains(@id ,\"BDI-content\")][contains(text(), \"Select\")]"}
COMMAND: POST /session/130ef63994e902c9deb83fe717a4bbca/element/f.DBA113373209FD8E36DE67C53790246B.d.C44829E22E9AB2B06B1903F2A75B299A.e.12768/click - {}
RESULT: {}
COMMAND: GET /session/130ef63994e902c9deb83fe717a4bbca/screenshot - {}
RESULT: {}
COMMAND: POST /session/130ef63994e902c9deb83fe717a4bbca/execute/async - {"script":"<script> [1562 bytes]","args":[{"selector":{"id":"application-managehandovers-display-component---AddNewHO--confirmCreationButton","interaction":{"idSuffix":"BDI-content"}},"wdio_ui5_key":"applicationmanagehandovers-display-component---AddNewHO--confirmCreationButton"}]}
RESULT: {"script":"<script> [1562 bytes]","args":[{"selector":{"id":"application-managehandovers-display-component---AddNewHO--confirmCreationButton","interaction":{"idSuffix":"BDI-content"}},"wdio_ui5_key":"applicationmanagehandovers-display-component---AddNewHO--confirmCreationButton"}]}
RESULT: undefined
COMMAND: POST /session/130ef63994e902c9deb83fe717a4bbca/element - {"using":"xpath","value":"//*[@id=\"application-managehandovers-display-component---AddNewHO--confirmCreationButton\"]"}
RESULT: {"using":"xpath","value":"//*[@id=\"application-managehandovers-display-component---AddNewHO--confirmCreationButton\"]"}
COMMAND: POST /session/130ef63994e902c9deb83fe717a4bbca/element/f.DBA113373209FD8E36DE67C53790246B.d.C44829E22E9AB2B06B1903F2A75B299A.e.12686/click - {}
RESULT: {}
COMMAND: GET /session/130ef63994e902c9deb83fe717a4bbca/screenshot - {}
RESULT: {}
COMMAND: POST /session/130ef63994e902c9deb83fe717a4bbca/execute/async - {"script":"<script> [1562 bytes]","args":[{"selector":{"id":"issueDatePicker","viewName":"etm.portal.ui.managehandovers.view.DetailExecuteHO","interaction":{"idSuffix":"inner"}},"wdio_ui5_key":"issueDatePickeretmportal.ui.managehandovers.view.DetailExecuteHO"}]}
RESULT: {"script":"<script> [1562 bytes]","args":[{"selector":{"id":"issueDatePicker","viewName":"etm.portal.ui.managehandovers.view.DetailExecuteHO","interaction":{"idSuffix":"inner"}},"wdio_ui5_key":"issueDatePickeretmportal.ui.managehandovers.view.DetailExecuteHO"}]}
RESULT: undefined
COMMAND: POST /session/130ef63994e902c9deb83fe717a4bbca/execute/async - {"script":"<script> [776 bytes]","args":[{"enterText":"5/24/25","selector":{"id":"issueDatePicker","viewName":"etm.portal.ui.managehandovers.view.DetailExecuteHO","interaction":{"idSuffix":"inner"}},"clearTextFirst":true,"interactionType":"ENTER_TEXT"}]}
RESULT: {"script":"<script> [776 bytes]","args":[{"enterText":"5/24/25","selector":{"id":"issueDatePicker","viewName":"etm.portal.ui.managehandovers.view.DetailExecuteHO","interaction":{"idSuffix":"inner"}},"clearTextFirst":true,"interactionType":"ENTER_TEXT"}]}
COMMAND: POST /session/130ef63994e902c9deb83fe717a4bbca/element - {"using":"xpath","value":"//button[@data-kt=\"PickingTableConfirmAllButton\"]"}
RESULT: {"using":"xpath","value":"//button[@data-kt=\"PickingTableConfirmAllButton\"]"}
COMMAND: POST /session/130ef63994e902c9deb83fe717a4bbca/element/f.DBA113373209FD8E36DE67C53790246B.d.C44829E22E9AB2B06B1903F2A75B299A.e.12830/click - {}
RESULT: {}
COMMAND: GET /session/130ef63994e902c9deb83fe717a4bbca/screenshot - {}
RESULT: {}
COMMAND: POST /session/130ef63994e902c9deb83fe717a4bbca/element - {"using":"xpath","value":"//bdi[contains(text(), \"OK\")]"}
RESULT: {"using":"xpath","value":"//bdi[contains(text(), \"OK\")]"}
COMMAND: POST /session/130ef63994e902c9deb83fe717a4bbca/element/f.DBA113373209FD8E36DE67C53790246B.d.C44829E22E9AB2B06B1903F2A75B299A.e.12834/click - {}
RESULT: {}
COMMAND: GET /session/130ef63994e902c9deb83fe717a4bbca/screenshot - {}
RESULT: {}
COMMAND: POST /session/130ef63994e902c9deb83fe717a4bbca/element - {"using":"xpath","value":"//bdi[contains(text(), \"Issue\")]"}
RESULT: {"using":"xpath","value":"//bdi[contains(text(), \"Issue\")]"}
COMMAND: POST /session/130ef63994e902c9deb83fe717a4bbca/element/f.DBA113373209FD8E36DE67C53790246B.d.C44829E22E9AB2B06B1903F2A75B299A.e.12835/click - {}
RESULT: {}
COMMAND: GET /session/130ef63994e902c9deb83fe717a4bbca/screenshot - {}
RESULT: {}
COMMAND: POST /session/130ef63994e902c9deb83fe717a4bbca/element - {"using":"css selector","value":"#shell-header-logo"}
RESULT: {"using":"css selector","value":"#shell-header-logo"}
COMMAND: POST /session/130ef63994e902c9deb83fe717a4bbca/element/f.DBA113373209FD8E36DE67C53790246B.d.C44829E22E9AB2B06B1903F2A75B299A.e.11946/click - {}
RESULT: {}
COMMAND: GET /session/130ef63994e902c9deb83fe717a4bbca/screenshot - {}
RESULT: {}
]]></system-out>
    </testcase>
    <testcase classname="chrome.136_0_7103_93.windows.Create_master_data_for_mixed_billing_&amp;_do_billing_calculation_US151661" name="Should create a few performance documents" time="103.67">
      <system-out><![CDATA[
COMMAND: POST /session/130ef63994e902c9deb83fe717a4bbca/execute/async - {"script":"<script> [1562 bytes]","args":[{"selector":{"controlType":"sap.m.GenericTile","properties":{"header":"Manage States & Performance"}},"wdio_ui5_key":"sapm.GenericTile{\"header\":\"Manage States & Performance\"}"}]}
RESULT: {"script":"<script> [1562 bytes]","args":[{"selector":{"controlType":"sap.m.GenericTile","properties":{"header":"Manage States & Performance"}},"wdio_ui5_key":"sapm.GenericTile{\"header\":\"Manage States & Performance\"}"}]}
RESULT: undefined
COMMAND: POST /session/130ef63994e902c9deb83fe717a4bbca/element - {"using":"xpath","value":"//*[@id=\"__tile96\"]"}
RESULT: {"using":"xpath","value":"//*[@id=\"__tile96\"]"}
COMMAND: POST /session/130ef63994e902c9deb83fe717a4bbca/element/f.DBA113373209FD8E36DE67C53790246B.d.C44829E22E9AB2B06B1903F2A75B299A.e.8636/click - {}
RESULT: {}
COMMAND: GET /session/130ef63994e902c9deb83fe717a4bbca/screenshot - {}
RESULT: {}
COMMAND: POST /session/130ef63994e902c9deb83fe717a4bbca/elements - {"using":"xpath","value":"//span[text()='Error']"}
RESULT: {"using":"xpath","value":"//span[text()='Error']"}
COMMAND: POST /session/130ef63994e902c9deb83fe717a4bbca/execute/async - {"script":"<script> [1562 bytes]","args":[{"selector":{"id":"application-managestatesandperformance-display-component---stateAndPerform--smartFilterBarResources-btnBasicSearch","interaction":{"idSuffix":"I"}},"wdio_ui5_key":"applicationmanagestatesandperformance-display-component---stateAndPerform--smartFilterBarResources-btnBasicSearch"}]}
RESULT: {"script":"<script> [1562 bytes]","args":[{"selector":{"id":"application-managestatesandperformance-display-component---stateAndPerform--smartFilterBarResources-btnBasicSearch","interaction":{"idSuffix":"I"}},"wdio_ui5_key":"applicationmanagestatesandperformance-display-component---stateAndPerform--smartFilterBarResources-btnBasicSearch"}]}
RESULT: undefined
COMMAND: POST /session/130ef63994e902c9deb83fe717a4bbca/execute/async - {"script":"<script> [776 bytes]","args":[{"enterText":"VxodaTTrBs","selector":{"id":"application-managestatesandperformance-display-component---stateAndPerform--smartFilterBarResources-btnBasicSearch","interaction":{"idSuffix":"I"}},"clearTextFirst":true,"interactionType":"ENTER_TEXT"}]}
RESULT: {"script":"<script> [776 bytes]","args":[{"enterText":"VxodaTTrBs","selector":{"id":"application-managestatesandperformance-display-component---stateAndPerform--smartFilterBarResources-btnBasicSearch","interaction":{"idSuffix":"I"}},"clearTextFirst":true,"interactionType":"ENTER_TEXT"}]}
COMMAND: POST /session/130ef63994e902c9deb83fe717a4bbca/actions - {"actions":[{"id":"action48","type":"key","parameters":{},"actions":[{"type":"keyDown","value":""},{"type":"pause","duration":10},{"type":"keyUp","value":""}]}]}
RESULT: {"actions":[{"id":"action48","type":"key","parameters":{},"actions":[{"type":"keyDown","value":""},{"type":"pause","duration":10},{"type":"keyUp","value":""}]}]}
COMMAND: GET /session/130ef63994e902c9deb83fe717a4bbca/screenshot - {}
RESULT: {}
COMMAND: POST /session/130ef63994e902c9deb83fe717a4bbca/execute/async - {"script":"<script> [1562 bytes]","args":[{"selector":{"id":"application-managestatesandperformance-display-component---stateAndPerform--stateAndPerformResourcesSmartTable-header"},"wdio_ui5_key":"applicationmanagestatesandperformance-display-component---stateAndPerform--stateAndPerformResourcesSmartTable-header"}]}
RESULT: {"script":"<script> [1562 bytes]","args":[{"selector":{"id":"application-managestatesandperformance-display-component---stateAndPerform--stateAndPerformResourcesSmartTable-header"},"wdio_ui5_key":"applicationmanagestatesandperformance-display-component---stateAndPerform--stateAndPerformResourcesSmartTable-header"}]}
RESULT: undefined
COMMAND: POST /session/130ef63994e902c9deb83fe717a4bbca/execute/async - {"script":"<script> [6424 bytes]","args":[{"element-6066-11e4-a52e-4f735466cecf":"f.DBA113373209FD8E36DE67C53790246B.d.C44829E22E9AB2B06B1903F2A75B299A.e.13248"},"getText",[]]}
RESULT: {"script":"<script> [6424 bytes]","args":[{"element-6066-11e4-a52e-4f735466cecf":"f.DBA113373209FD8E36DE67C53790246B.d.C44829E22E9AB2B06B1903F2A75B299A.e.13248"},"getText",[]]}
COMMAND: POST /session/130ef63994e902c9deb83fe717a4bbca/execute/async - {"script":"<script> [1562 bytes]","args":[{"selector":{"controlType":"sap.ui.core.Icon","viewName":"etm.portal.ui.managestatesandperformance.view.Master","viewId":"application-managestatesandperformance-display-component---stateAndPerform","properties":{"src":{"regex":{"source":"slim\\-arrow\\-right"}}}},"wdio_ui5_key":"etmportal.ui.managestatesandperformance.view.Mastersap.ui.core.Icon{\"src\":{\"regex\":{\"source\":\"slim\\\\-arrow\\\\-right\"}}}"}]}
RESULT: {"script":"<script> [1562 bytes]","args":[{"selector":{"controlType":"sap.ui.core.Icon","viewName":"etm.portal.ui.managestatesandperformance.view.Master","viewId":"application-managestatesandperformance-display-component---stateAndPerform","properties":{"src":{"regex":{"source":"slim\\-arrow\\-right"}}}},"wdio_ui5_key":"etmportal.ui.managestatesandperformance.view.Mastersap.ui.core.Icon{\"src\":{\"regex\":{\"source\":\"slim\\\\-arrow\\\\-right\"}}}"}]}
RESULT: undefined
COMMAND: POST /session/130ef63994e902c9deb83fe717a4bbca/element - {"using":"xpath","value":"//*[@id=\"__item2242-__clone7338-imgNav\"]"}
RESULT: {"using":"xpath","value":"//*[@id=\"__item2242-__clone7338-imgNav\"]"}
COMMAND: POST /session/130ef63994e902c9deb83fe717a4bbca/element/f.DBA113373209FD8E36DE67C53790246B.d.C44829E22E9AB2B06B1903F2A75B299A.e.13247/click - {}
RESULT: {}
COMMAND: GET /session/130ef63994e902c9deb83fe717a4bbca/screenshot - {}
RESULT: {}
COMMAND: POST /session/130ef63994e902c9deb83fe717a4bbca/execute/async - {"script":"<script> [1562 bytes]","args":[{"selector":{"controlType":"sap.m.Button","viewName":"etm.portal.ui.managestatesandperformance.view.Detail","viewId":"application-managestatesandperformance-display-component---detailStateAndPerform","properties":{"text":"Performance Documents"}},"wdio_ui5_key":"etmportal.ui.managestatesandperformance.view.Detailsap.m.Button{\"text\":\"Performance Documents\"}"}]}
RESULT: {"script":"<script> [1562 bytes]","args":[{"selector":{"controlType":"sap.m.Button","viewName":"etm.portal.ui.managestatesandperformance.view.Detail","viewId":"application-managestatesandperformance-display-component---detailStateAndPerform","properties":{"text":"Performance Documents"}},"wdio_ui5_key":"etmportal.ui.managestatesandperformance.view.Detailsap.m.Button{\"text\":\"Performance Documents\"}"}]}
RESULT: undefined
COMMAND: POST /session/130ef63994e902c9deb83fe717a4bbca/element - {"using":"xpath","value":"//*[@id=\"__item2265-button\"]"}
RESULT: {"using":"xpath","value":"//*[@id=\"__item2265-button\"]"}
COMMAND: POST /session/130ef63994e902c9deb83fe717a4bbca/element/f.DBA113373209FD8E36DE67C53790246B.d.C44829E22E9AB2B06B1903F2A75B299A.e.13296/click - {}
RESULT: {}
COMMAND: POST /session/130ef63994e902c9deb83fe717a4bbca/execute/async - {"script":"<script> [1562 bytes]","args":[{"selector":{"controlType":"sap.m.Button","viewName":"etm.portal.ui.managestatesandperformance.view.Detail","viewId":"application-managestatesandperformance-display-component---detailStateAndPerform","i18NText":{"propertyName":"text","key":"createPerformanceDoc"},"interaction":{"idSuffix":"BDI-content"}},"wdio_ui5_key":"etmportal.ui.managestatesandperformance.view.Detailsap.m.Button{\"propertyName\":\"text\",\"key\":\"createPerformanceDoc\"}"}]}
COMMAND: GET /session/130ef63994e902c9deb83fe717a4bbca/screenshot - {}
RESULT: {"script":"<script> [1562 bytes]","args":[{"selector":{"controlType":"sap.m.Button","viewName":"etm.portal.ui.managestatesandperformance.view.Detail","viewId":"application-managestatesandperformance-display-component---detailStateAndPerform","i18NText":{"propertyName":"text","key":"createPerformanceDoc"},"interaction":{"idSuffix":"BDI-content"}},"wdio_ui5_key":"etmportal.ui.managestatesandperformance.view.Detailsap.m.Button{\"propertyName\":\"text\",\"key\":\"createPerformanceDoc\"}"}]}
RESULT: undefined
COMMAND: POST /session/130ef63994e902c9deb83fe717a4bbca/element - {"using":"xpath","value":"//*[@id=\"__button401\"]"}
RESULT: {}
RESULT: {"using":"xpath","value":"//*[@id=\"__button401\"]"}
COMMAND: POST /session/130ef63994e902c9deb83fe717a4bbca/element/f.DBA113373209FD8E36DE67C53790246B.d.C44829E22E9AB2B06B1903F2A75B299A.e.13299/click - {}
RESULT: {}
COMMAND: POST /session/130ef63994e902c9deb83fe717a4bbca/execute/async - {"script":"<script> [1562 bytes]","args":[{"selector":{"id":"application-managestatesandperformance-display-component---detailStateAndPerform--perfDocDatePicker","searchOpenDialogs":true,"interaction":{"idSuffix":"inner"}},"wdio_ui5_key":"applicationmanagestatesandperformance-display-component---detailStateAndPerform--perfDocDatePicker"}]}
COMMAND: GET /session/130ef63994e902c9deb83fe717a4bbca/screenshot - {}
RESULT: {"script":"<script> [1562 bytes]","args":[{"selector":{"id":"application-managestatesandperformance-display-component---detailStateAndPerform--perfDocDatePicker","searchOpenDialogs":true,"interaction":{"idSuffix":"inner"}},"wdio_ui5_key":"applicationmanagestatesandperformance-display-component---detailStateAndPerform--perfDocDatePicker"}]}
RESULT: undefined
COMMAND: POST /session/130ef63994e902c9deb83fe717a4bbca/execute/async - {"script":"<script> [776 bytes]","args":[{"enterText":"5/26/25","selector":{"id":"application-managestatesandperformance-display-component---detailStateAndPerform--perfDocDatePicker","searchOpenDialogs":true,"interaction":{"idSuffix":"inner"}},"clearTextFirst":true,"interactionType":"ENTER_TEXT"}]}
RESULT: {}
RESULT: {"script":"<script> [776 bytes]","args":[{"enterText":"5/26/25","selector":{"id":"application-managestatesandperformance-display-component---detailStateAndPerform--perfDocDatePicker","searchOpenDialogs":true,"interaction":{"idSuffix":"inner"}},"clearTextFirst":true,"interactionType":"ENTER_TEXT"}]}
COMMAND: POST /session/130ef63994e902c9deb83fe717a4bbca/execute/async - {"script":"<script> [1562 bytes]","args":[{"selector":{"id":"application-managestatesandperformance-display-component---detailStateAndPerform--counterValue-input","searchOpenDialogs":true,"interaction":{"idSuffix":"inner"}},"wdio_ui5_key":"applicationmanagestatesandperformance-display-component---detailStateAndPerform--counterValue-input"}]}
RESULT: {"script":"<script> [1562 bytes]","args":[{"selector":{"id":"application-managestatesandperformance-display-component---detailStateAndPerform--counterValue-input","searchOpenDialogs":true,"interaction":{"idSuffix":"inner"}},"wdio_ui5_key":"applicationmanagestatesandperformance-display-component---detailStateAndPerform--counterValue-input"}]}
RESULT: undefined
COMMAND: POST /session/130ef63994e902c9deb83fe717a4bbca/execute/async - {"script":"<script> [776 bytes]","args":[{"enterText":"15.00","selector":{"id":"application-managestatesandperformance-display-component---detailStateAndPerform--counterValue-input","searchOpenDialogs":true,"interaction":{"idSuffix":"inner"}},"clearTextFirst":true,"interactionType":"ENTER_TEXT"}]}
RESULT: {"script":"<script> [776 bytes]","args":[{"enterText":"15.00","selector":{"id":"application-managestatesandperformance-display-component---detailStateAndPerform--counterValue-input","searchOpenDialogs":true,"interaction":{"idSuffix":"inner"}},"clearTextFirst":true,"interactionType":"ENTER_TEXT"}]}
COMMAND: POST /session/130ef63994e902c9deb83fe717a4bbca/execute/async - {"script":"<script> [1562 bytes]","args":[{"selector":{"controlType":"sap.m.Button","viewName":"etm.portal.ui.managestatesandperformance.view.Detail","viewId":"application-managestatesandperformance-display-component---detailStateAndPerform","bindingPath":{"path":"","propertyPath":"/allowAddEdit","modelName":"oScreenModel"},"searchOpenDialogs":true,"interaction":{"idSuffix":"BDI-content"}},"wdio_ui5_key":"etmportal.ui.managestatesandperformance.view.Detailsap.m.Button{\"path\":\"\",\"propertyPath\":\"/allowAddEdit\",\"modelName\":\"oScreenModel\"}"}]}
RESULT: {"script":"<script> [1562 bytes]","args":[{"selector":{"controlType":"sap.m.Button","viewName":"etm.portal.ui.managestatesandperformance.view.Detail","viewId":"application-managestatesandperformance-display-component---detailStateAndPerform","bindingPath":{"path":"","propertyPath":"/allowAddEdit","modelName":"oScreenModel"},"searchOpenDialogs":true,"interaction":{"idSuffix":"BDI-content"}},"wdio_ui5_key":"etmportal.ui.managestatesandperformance.view.Detailsap.m.Button{\"path\":\"\",\"propertyPath\":\"/allowAddEdit\",\"modelName\":\"oScreenModel\"}"}]}
RESULT: undefined
COMMAND: POST /session/130ef63994e902c9deb83fe717a4bbca/element - {"using":"xpath","value":"//*[@id=\"__button408\"]"}
RESULT: {"using":"xpath","value":"//*[@id=\"__button408\"]"}
COMMAND: POST /session/130ef63994e902c9deb83fe717a4bbca/element/f.DBA113373209FD8E36DE67C53790246B.d.C44829E22E9AB2B06B1903F2A75B299A.e.13320/click - {}
RESULT: {}
RESULT: undefined
COMMAND: POST /session/130ef63994e902c9deb83fe717a4bbca/element - {"using":"xpath","value":"//*[@id=\"__button401\"]"}
COMMAND: GET /session/130ef63994e902c9deb83fe717a4bbca/screenshot - {}
RESULT: {"using":"xpath","value":"//*[@id=\"__button401\"]"}
COMMAND: POST /session/130ef63994e902c9deb83fe717a4bbca/element/f.DBA113373209FD8E36DE67C53790246B.d.C44829E22E9AB2B06B1903F2A75B299A.e.13299/click - {}
RESULT: {}
RESULT: {}
RESULT: undefined
COMMAND: POST /session/130ef63994e902c9deb83fe717a4bbca/execute/async - {"script":"<script> [776 bytes]","args":[{"enterText":"5/30/25","selector":{"id":"application-managestatesandperformance-display-component---detailStateAndPerform--perfDocDatePicker","searchOpenDialogs":true,"interaction":{"idSuffix":"inner"}},"clearTextFirst":true,"interactionType":"ENTER_TEXT"}]}
COMMAND: GET /session/130ef63994e902c9deb83fe717a4bbca/screenshot - {}
RESULT: {"script":"<script> [776 bytes]","args":[{"enterText":"5/30/25","selector":{"id":"application-managestatesandperformance-display-component---detailStateAndPerform--perfDocDatePicker","searchOpenDialogs":true,"interaction":{"idSuffix":"inner"}},"clearTextFirst":true,"interactionType":"ENTER_TEXT"}]}
RESULT: undefined
COMMAND: POST /session/130ef63994e902c9deb83fe717a4bbca/execute/async - {"script":"<script> [776 bytes]","args":[{"enterText":"20.00","selector":{"id":"application-managestatesandperformance-display-component---detailStateAndPerform--counterValue-input","searchOpenDialogs":true,"interaction":{"idSuffix":"inner"}},"clearTextFirst":true,"interactionType":"ENTER_TEXT"}]}
RESULT: {}
RESULT: {"script":"<script> [776 bytes]","args":[{"enterText":"20.00","selector":{"id":"application-managestatesandperformance-display-component---detailStateAndPerform--counterValue-input","searchOpenDialogs":true,"interaction":{"idSuffix":"inner"}},"clearTextFirst":true,"interactionType":"ENTER_TEXT"}]}
COMMAND: POST /session/130ef63994e902c9deb83fe717a4bbca/actions - {"actions":[{"id":"action49","type":"key","parameters":{},"actions":[{"type":"keyDown","value":""},{"type":"keyDown","value":""},{"type":"pause","duration":10},{"type":"keyUp","value":""},{"type":"keyUp","value":""}]}]}
RESULT: {"actions":[{"id":"action49","type":"key","parameters":{},"actions":[{"type":"keyDown","value":""},{"type":"keyDown","value":""},{"type":"pause","duration":10},{"type":"keyUp","value":""},{"type":"keyUp","value":""}]}]}
COMMAND: POST /session/130ef63994e902c9deb83fe717a4bbca/actions - {"actions":[{"id":"action50","type":"key","parameters":{},"actions":[{"type":"keyDown","value":""},{"type":"pause","duration":10},{"type":"keyUp","value":""}]}]}
COMMAND: GET /session/130ef63994e902c9deb83fe717a4bbca/screenshot - {}
RESULT: {"actions":[{"id":"action50","type":"key","parameters":{},"actions":[{"type":"keyDown","value":""},{"type":"pause","duration":10},{"type":"keyUp","value":""}]}]}
RESULT: undefined
COMMAND: POST /session/130ef63994e902c9deb83fe717a4bbca/element - {"using":"xpath","value":"//*[@id=\"__button408\"]"}
COMMAND: GET /session/130ef63994e902c9deb83fe717a4bbca/screenshot - {}
RESULT: {}
RESULT: {"using":"xpath","value":"//*[@id=\"__button408\"]"}
COMMAND: POST /session/130ef63994e902c9deb83fe717a4bbca/elements - {"using":"xpath","value":"//*[@id=\"__button408\"]"}
RESULT: {}
RESULT: {"using":"xpath","value":"//*[@id=\"__button408\"]"}
COMMAND: POST /session/130ef63994e902c9deb83fe717a4bbca/elements - {"using":"xpath","value":"//*[@id=\"__button408\"]"}
RESULT: {"using":"xpath","value":"//*[@id=\"__button408\"]"}
COMMAND: POST /session/130ef63994e902c9deb83fe717a4bbca/elements - {"using":"xpath","value":"//*[@id=\"__button408\"]"}
RESULT: {"using":"xpath","value":"//*[@id=\"__button408\"]"}
COMMAND: POST /session/130ef63994e902c9deb83fe717a4bbca/elements - {"using":"xpath","value":"//*[@id=\"__button408\"]"}
RESULT: {"using":"xpath","value":"//*[@id=\"__button408\"]"}
COMMAND: POST /session/130ef63994e902c9deb83fe717a4bbca/elements - {"using":"xpath","value":"//*[@id=\"__button408\"]"}
RESULT: {"using":"xpath","value":"//*[@id=\"__button408\"]"}
COMMAND: POST /session/130ef63994e902c9deb83fe717a4bbca/elements - {"using":"xpath","value":"//*[@id=\"__button408\"]"}
RESULT: {"using":"xpath","value":"//*[@id=\"__button408\"]"}
COMMAND: POST /session/130ef63994e902c9deb83fe717a4bbca/elements - {"using":"xpath","value":"//*[@id=\"__button408\"]"}
RESULT: {"using":"xpath","value":"//*[@id=\"__button408\"]"}
COMMAND: POST /session/130ef63994e902c9deb83fe717a4bbca/elements - {"using":"xpath","value":"//*[@id=\"__button408\"]"}
RESULT: {"using":"xpath","value":"//*[@id=\"__button408\"]"}
COMMAND: POST /session/130ef63994e902c9deb83fe717a4bbca/elements - {"using":"xpath","value":"//*[@id=\"__button408\"]"}
RESULT: {"using":"xpath","value":"//*[@id=\"__button408\"]"}
COMMAND: POST /session/130ef63994e902c9deb83fe717a4bbca/elements - {"using":"xpath","value":"//*[@id=\"__button408\"]"}
RESULT: {"using":"xpath","value":"//*[@id=\"__button408\"]"}
COMMAND: POST /session/130ef63994e902c9deb83fe717a4bbca/elements - {"using":"xpath","value":"//*[@id=\"__button408\"]"}
RESULT: {"using":"xpath","value":"//*[@id=\"__button408\"]"}
COMMAND: POST /session/130ef63994e902c9deb83fe717a4bbca/elements - {"using":"xpath","value":"//*[@id=\"__button408\"]"}
RESULT: {"using":"xpath","value":"//*[@id=\"__button408\"]"}
COMMAND: POST /session/130ef63994e902c9deb83fe717a4bbca/elements - {"using":"xpath","value":"//*[@id=\"__button408\"]"}
RESULT: {"using":"xpath","value":"//*[@id=\"__button408\"]"}
COMMAND: POST /session/130ef63994e902c9deb83fe717a4bbca/elements - {"using":"xpath","value":"//*[@id=\"__button408\"]"}
RESULT: {"using":"xpath","value":"//*[@id=\"__button408\"]"}
COMMAND: POST /session/130ef63994e902c9deb83fe717a4bbca/elements - {"using":"xpath","value":"//*[@id=\"__button408\"]"}
RESULT: {"using":"xpath","value":"//*[@id=\"__button408\"]"}
COMMAND: POST /session/130ef63994e902c9deb83fe717a4bbca/elements - {"using":"xpath","value":"//*[@id=\"__button408\"]"}
RESULT: {"using":"xpath","value":"//*[@id=\"__button408\"]"}
COMMAND: POST /session/130ef63994e902c9deb83fe717a4bbca/elements - {"using":"xpath","value":"//*[@id=\"__button408\"]"}
RESULT: {"using":"xpath","value":"//*[@id=\"__button408\"]"}
COMMAND: POST /session/130ef63994e902c9deb83fe717a4bbca/elements - {"using":"xpath","value":"//*[@id=\"__button408\"]"}
RESULT: {"using":"xpath","value":"//*[@id=\"__button408\"]"}
COMMAND: POST /session/130ef63994e902c9deb83fe717a4bbca/elements - {"using":"xpath","value":"//*[@id=\"__button408\"]"}
RESULT: {"using":"xpath","value":"//*[@id=\"__button408\"]"}
COMMAND: POST /session/130ef63994e902c9deb83fe717a4bbca/elements - {"using":"xpath","value":"//*[@id=\"__button408\"]"}
RESULT: {"using":"xpath","value":"//*[@id=\"__button408\"]"}
COMMAND: POST /session/130ef63994e902c9deb83fe717a4bbca/elements - {"using":"xpath","value":"//*[@id=\"__button408\"]"}
RESULT: {"using":"xpath","value":"//*[@id=\"__button408\"]"}
COMMAND: POST /session/130ef63994e902c9deb83fe717a4bbca/elements - {"using":"xpath","value":"//*[@id=\"__button408\"]"}
RESULT: {"using":"xpath","value":"//*[@id=\"__button408\"]"}
COMMAND: POST /session/130ef63994e902c9deb83fe717a4bbca/elements - {"using":"xpath","value":"//*[@id=\"__button408\"]"}
RESULT: {"using":"xpath","value":"//*[@id=\"__button408\"]"}
COMMAND: POST /session/130ef63994e902c9deb83fe717a4bbca/elements - {"using":"xpath","value":"//*[@id=\"__button408\"]"}
RESULT: {"using":"xpath","value":"//*[@id=\"__button408\"]"}
COMMAND: POST /session/130ef63994e902c9deb83fe717a4bbca/elements - {"using":"xpath","value":"//*[@id=\"__button408\"]"}
RESULT: {"using":"xpath","value":"//*[@id=\"__button408\"]"}
COMMAND: POST /session/130ef63994e902c9deb83fe717a4bbca/elements - {"using":"xpath","value":"//*[@id=\"__button408\"]"}
RESULT: {"using":"xpath","value":"//*[@id=\"__button408\"]"}
COMMAND: POST /session/130ef63994e902c9deb83fe717a4bbca/elements - {"using":"xpath","value":"//*[@id=\"__button408\"]"}
RESULT: {"using":"xpath","value":"//*[@id=\"__button408\"]"}
COMMAND: POST /session/130ef63994e902c9deb83fe717a4bbca/elements - {"using":"xpath","value":"//*[@id=\"__button408\"]"}
RESULT: {"using":"xpath","value":"//*[@id=\"__button408\"]"}
COMMAND: POST /session/130ef63994e902c9deb83fe717a4bbca/elements - {"using":"xpath","value":"//*[@id=\"__button408\"]"}
RESULT: {"using":"xpath","value":"//*[@id=\"__button408\"]"}
COMMAND: POST /session/130ef63994e902c9deb83fe717a4bbca/elements - {"using":"xpath","value":"//*[@id=\"__button408\"]"}
RESULT: {"using":"xpath","value":"//*[@id=\"__button408\"]"}
COMMAND: POST /session/130ef63994e902c9deb83fe717a4bbca/elements - {"using":"xpath","value":"//*[@id=\"__button408\"]"}
RESULT: {"using":"xpath","value":"//*[@id=\"__button408\"]"}
COMMAND: POST /session/130ef63994e902c9deb83fe717a4bbca/elements - {"using":"xpath","value":"//*[@id=\"__button408\"]"}
RESULT: {"using":"xpath","value":"//*[@id=\"__button408\"]"}
COMMAND: POST /session/130ef63994e902c9deb83fe717a4bbca/elements - {"using":"xpath","value":"//*[@id=\"__button408\"]"}
RESULT: {"using":"xpath","value":"//*[@id=\"__button408\"]"}
COMMAND: POST /session/130ef63994e902c9deb83fe717a4bbca/elements - {"using":"xpath","value":"//*[@id=\"__button408\"]"}
RESULT: {"using":"xpath","value":"//*[@id=\"__button408\"]"}
COMMAND: POST /session/130ef63994e902c9deb83fe717a4bbca/elements - {"using":"xpath","value":"//*[@id=\"__button408\"]"}
RESULT: {"using":"xpath","value":"//*[@id=\"__button408\"]"}
COMMAND: POST /session/130ef63994e902c9deb83fe717a4bbca/elements - {"using":"xpath","value":"//*[@id=\"__button408\"]"}
RESULT: {"using":"xpath","value":"//*[@id=\"__button408\"]"}
COMMAND: POST /session/130ef63994e902c9deb83fe717a4bbca/elements - {"using":"xpath","value":"//*[@id=\"__button408\"]"}
RESULT: {"using":"xpath","value":"//*[@id=\"__button408\"]"}
COMMAND: POST /session/130ef63994e902c9deb83fe717a4bbca/elements - {"using":"xpath","value":"//*[@id=\"__button408\"]"}
RESULT: {"using":"xpath","value":"//*[@id=\"__button408\"]"}
COMMAND: POST /session/130ef63994e902c9deb83fe717a4bbca/elements - {"using":"xpath","value":"//*[@id=\"__button408\"]"}
RESULT: {"using":"xpath","value":"//*[@id=\"__button408\"]"}
COMMAND: POST /session/130ef63994e902c9deb83fe717a4bbca/elements - {"using":"xpath","value":"//*[@id=\"__button408\"]"}
RESULT: {"using":"xpath","value":"//*[@id=\"__button408\"]"}
COMMAND: POST /session/130ef63994e902c9deb83fe717a4bbca/elements - {"using":"xpath","value":"//*[@id=\"__button408\"]"}
RESULT: {"using":"xpath","value":"//*[@id=\"__button408\"]"}
COMMAND: POST /session/130ef63994e902c9deb83fe717a4bbca/elements - {"using":"xpath","value":"//*[@id=\"__button408\"]"}
RESULT: {"using":"xpath","value":"//*[@id=\"__button408\"]"}
COMMAND: POST /session/130ef63994e902c9deb83fe717a4bbca/elements - {"using":"xpath","value":"//*[@id=\"__button408\"]"}
RESULT: {"using":"xpath","value":"//*[@id=\"__button408\"]"}
COMMAND: POST /session/130ef63994e902c9deb83fe717a4bbca/elements - {"using":"xpath","value":"//*[@id=\"__button408\"]"}
RESULT: {"using":"xpath","value":"//*[@id=\"__button408\"]"}
COMMAND: POST /session/130ef63994e902c9deb83fe717a4bbca/elements - {"using":"xpath","value":"//*[@id=\"__button408\"]"}
RESULT: {"using":"xpath","value":"//*[@id=\"__button408\"]"}
COMMAND: POST /session/130ef63994e902c9deb83fe717a4bbca/elements - {"using":"xpath","value":"//*[@id=\"__button408\"]"}
RESULT: {"using":"xpath","value":"//*[@id=\"__button408\"]"}
COMMAND: POST /session/130ef63994e902c9deb83fe717a4bbca/elements - {"using":"xpath","value":"//*[@id=\"__button408\"]"}
RESULT: {"using":"xpath","value":"//*[@id=\"__button408\"]"}
COMMAND: POST /session/130ef63994e902c9deb83fe717a4bbca/elements - {"using":"xpath","value":"//*[@id=\"__button408\"]"}
RESULT: {"using":"xpath","value":"//*[@id=\"__button408\"]"}
COMMAND: POST /session/130ef63994e902c9deb83fe717a4bbca/elements - {"using":"xpath","value":"//*[@id=\"__button408\"]"}
RESULT: {"using":"xpath","value":"//*[@id=\"__button408\"]"}
COMMAND: POST /session/130ef63994e902c9deb83fe717a4bbca/elements - {"using":"xpath","value":"//*[@id=\"__button408\"]"}
RESULT: {"using":"xpath","value":"//*[@id=\"__button408\"]"}
COMMAND: POST /session/130ef63994e902c9deb83fe717a4bbca/elements - {"using":"xpath","value":"//*[@id=\"__button408\"]"}
RESULT: {"using":"xpath","value":"//*[@id=\"__button408\"]"}
COMMAND: POST /session/130ef63994e902c9deb83fe717a4bbca/elements - {"using":"xpath","value":"//*[@id=\"__button408\"]"}
RESULT: {"using":"xpath","value":"//*[@id=\"__button408\"]"}
COMMAND: POST /session/130ef63994e902c9deb83fe717a4bbca/elements - {"using":"xpath","value":"//*[@id=\"__button408\"]"}
RESULT: {"using":"xpath","value":"//*[@id=\"__button408\"]"}
COMMAND: POST /session/130ef63994e902c9deb83fe717a4bbca/elements - {"using":"xpath","value":"//*[@id=\"__button408\"]"}
RESULT: {"using":"xpath","value":"//*[@id=\"__button408\"]"}
COMMAND: POST /session/130ef63994e902c9deb83fe717a4bbca/elements - {"using":"xpath","value":"//*[@id=\"__button408\"]"}
RESULT: {"using":"xpath","value":"//*[@id=\"__button408\"]"}
COMMAND: POST /session/130ef63994e902c9deb83fe717a4bbca/elements - {"using":"xpath","value":"//*[@id=\"__button408\"]"}
RESULT: {"using":"xpath","value":"//*[@id=\"__button408\"]"}
COMMAND: POST /session/130ef63994e902c9deb83fe717a4bbca/elements - {"using":"xpath","value":"//*[@id=\"__button408\"]"}
RESULT: {"using":"xpath","value":"//*[@id=\"__button408\"]"}
COMMAND: POST /session/130ef63994e902c9deb83fe717a4bbca/elements - {"using":"xpath","value":"//*[@id=\"__button408\"]"}
RESULT: {"using":"xpath","value":"//*[@id=\"__button408\"]"}
COMMAND: POST /session/130ef63994e902c9deb83fe717a4bbca/elements - {"using":"xpath","value":"//*[@id=\"__button408\"]"}
RESULT: {"using":"xpath","value":"//*[@id=\"__button408\"]"}
COMMAND: POST /session/130ef63994e902c9deb83fe717a4bbca/elements - {"using":"xpath","value":"//*[@id=\"__button408\"]"}
RESULT: {"using":"xpath","value":"//*[@id=\"__button408\"]"}
COMMAND: POST /session/130ef63994e902c9deb83fe717a4bbca/elements - {"using":"xpath","value":"//*[@id=\"__button408\"]"}
RESULT: {"using":"xpath","value":"//*[@id=\"__button408\"]"}
COMMAND: POST /session/130ef63994e902c9deb83fe717a4bbca/elements - {"using":"xpath","value":"//*[@id=\"__button408\"]"}
RESULT: {"using":"xpath","value":"//*[@id=\"__button408\"]"}
COMMAND: POST /session/130ef63994e902c9deb83fe717a4bbca/elements - {"using":"xpath","value":"//*[@id=\"__button408\"]"}
RESULT: {"using":"xpath","value":"//*[@id=\"__button408\"]"}
COMMAND: POST /session/130ef63994e902c9deb83fe717a4bbca/elements - {"using":"xpath","value":"//*[@id=\"__button408\"]"}
RESULT: {"using":"xpath","value":"//*[@id=\"__button408\"]"}
COMMAND: POST /session/130ef63994e902c9deb83fe717a4bbca/elements - {"using":"xpath","value":"//*[@id=\"__button408\"]"}
RESULT: {"using":"xpath","value":"//*[@id=\"__button408\"]"}
COMMAND: POST /session/130ef63994e902c9deb83fe717a4bbca/elements - {"using":"xpath","value":"//*[@id=\"__button408\"]"}
RESULT: {"using":"xpath","value":"//*[@id=\"__button408\"]"}
COMMAND: POST /session/130ef63994e902c9deb83fe717a4bbca/elements - {"using":"xpath","value":"//*[@id=\"__button408\"]"}
RESULT: {"using":"xpath","value":"//*[@id=\"__button408\"]"}
COMMAND: POST /session/130ef63994e902c9deb83fe717a4bbca/elements - {"using":"xpath","value":"//*[@id=\"__button408\"]"}
RESULT: {"using":"xpath","value":"//*[@id=\"__button408\"]"}
COMMAND: POST /session/130ef63994e902c9deb83fe717a4bbca/elements - {"using":"xpath","value":"//*[@id=\"__button408\"]"}
RESULT: {"using":"xpath","value":"//*[@id=\"__button408\"]"}
COMMAND: POST /session/130ef63994e902c9deb83fe717a4bbca/elements - {"using":"xpath","value":"//*[@id=\"__button408\"]"}
RESULT: {"using":"xpath","value":"//*[@id=\"__button408\"]"}
COMMAND: POST /session/130ef63994e902c9deb83fe717a4bbca/elements - {"using":"xpath","value":"//*[@id=\"__button408\"]"}
RESULT: {"using":"xpath","value":"//*[@id=\"__button408\"]"}
COMMAND: POST /session/130ef63994e902c9deb83fe717a4bbca/elements - {"using":"xpath","value":"//*[@id=\"__button408\"]"}
RESULT: {"using":"xpath","value":"//*[@id=\"__button408\"]"}
COMMAND: POST /session/130ef63994e902c9deb83fe717a4bbca/elements - {"using":"xpath","value":"//*[@id=\"__button408\"]"}
RESULT: {"using":"xpath","value":"//*[@id=\"__button408\"]"}
COMMAND: POST /session/130ef63994e902c9deb83fe717a4bbca/elements - {"using":"xpath","value":"//*[@id=\"__button408\"]"}
RESULT: {"using":"xpath","value":"//*[@id=\"__button408\"]"}
COMMAND: POST /session/130ef63994e902c9deb83fe717a4bbca/elements - {"using":"xpath","value":"//*[@id=\"__button408\"]"}
RESULT: {"using":"xpath","value":"//*[@id=\"__button408\"]"}
COMMAND: POST /session/130ef63994e902c9deb83fe717a4bbca/elements - {"using":"xpath","value":"//*[@id=\"__button408\"]"}
RESULT: {"using":"xpath","value":"//*[@id=\"__button408\"]"}
COMMAND: POST /session/130ef63994e902c9deb83fe717a4bbca/elements - {"using":"xpath","value":"//*[@id=\"__button408\"]"}
RESULT: {"using":"xpath","value":"//*[@id=\"__button408\"]"}
COMMAND: POST /session/130ef63994e902c9deb83fe717a4bbca/elements - {"using":"xpath","value":"//*[@id=\"__button408\"]"}
RESULT: {"using":"xpath","value":"//*[@id=\"__button408\"]"}
COMMAND: POST /session/130ef63994e902c9deb83fe717a4bbca/elements - {"using":"xpath","value":"//*[@id=\"__button408\"]"}
RESULT: {"using":"xpath","value":"//*[@id=\"__button408\"]"}
COMMAND: POST /session/130ef63994e902c9deb83fe717a4bbca/elements - {"using":"xpath","value":"//*[@id=\"__button408\"]"}
RESULT: {"using":"xpath","value":"//*[@id=\"__button408\"]"}
COMMAND: POST /session/130ef63994e902c9deb83fe717a4bbca/elements - {"using":"xpath","value":"//*[@id=\"__button408\"]"}
RESULT: {"using":"xpath","value":"//*[@id=\"__button408\"]"}
COMMAND: POST /session/130ef63994e902c9deb83fe717a4bbca/elements - {"using":"xpath","value":"//*[@id=\"__button408\"]"}
RESULT: {"using":"xpath","value":"//*[@id=\"__button408\"]"}
COMMAND: POST /session/130ef63994e902c9deb83fe717a4bbca/elements - {"using":"xpath","value":"//*[@id=\"__button408\"]"}
RESULT: {"using":"xpath","value":"//*[@id=\"__button408\"]"}
COMMAND: POST /session/130ef63994e902c9deb83fe717a4bbca/elements - {"using":"xpath","value":"//*[@id=\"__button408\"]"}
RESULT: {"using":"xpath","value":"//*[@id=\"__button408\"]"}
COMMAND: POST /session/130ef63994e902c9deb83fe717a4bbca/elements - {"using":"xpath","value":"//*[@id=\"__button408\"]"}
RESULT: {"using":"xpath","value":"//*[@id=\"__button408\"]"}
COMMAND: POST /session/130ef63994e902c9deb83fe717a4bbca/elements - {"using":"xpath","value":"//*[@id=\"__button408\"]"}
RESULT: {"using":"xpath","value":"//*[@id=\"__button408\"]"}
COMMAND: POST /session/130ef63994e902c9deb83fe717a4bbca/elements - {"using":"xpath","value":"//*[@id=\"__button408\"]"}
RESULT: {"using":"xpath","value":"//*[@id=\"__button408\"]"}
COMMAND: POST /session/130ef63994e902c9deb83fe717a4bbca/elements - {"using":"xpath","value":"//*[@id=\"__button408\"]"}
RESULT: {"using":"xpath","value":"//*[@id=\"__button408\"]"}
COMMAND: POST /session/130ef63994e902c9deb83fe717a4bbca/elements - {"using":"xpath","value":"//*[@id=\"__button408\"]"}
RESULT: {"using":"xpath","value":"//*[@id=\"__button408\"]"}
COMMAND: POST /session/130ef63994e902c9deb83fe717a4bbca/elements - {"using":"xpath","value":"//*[@id=\"__button408\"]"}
RESULT: {"using":"xpath","value":"//*[@id=\"__button408\"]"}
COMMAND: POST /session/130ef63994e902c9deb83fe717a4bbca/elements - {"using":"xpath","value":"//*[@id=\"__button408\"]"}
RESULT: {"using":"xpath","value":"//*[@id=\"__button408\"]"}
COMMAND: POST /session/130ef63994e902c9deb83fe717a4bbca/elements - {"using":"xpath","value":"//*[@id=\"__button408\"]"}
RESULT: {"using":"xpath","value":"//*[@id=\"__button408\"]"}
COMMAND: POST /session/130ef63994e902c9deb83fe717a4bbca/elements - {"using":"xpath","value":"//*[@id=\"__button408\"]"}
RESULT: {"using":"xpath","value":"//*[@id=\"__button408\"]"}
COMMAND: POST /session/130ef63994e902c9deb83fe717a4bbca/elements - {"using":"xpath","value":"//*[@id=\"__button408\"]"}
RESULT: {"using":"xpath","value":"//*[@id=\"__button408\"]"}
COMMAND: POST /session/130ef63994e902c9deb83fe717a4bbca/elements - {"using":"xpath","value":"//*[@id=\"__button408\"]"}
RESULT: {"using":"xpath","value":"//*[@id=\"__button408\"]"}
COMMAND: POST /session/130ef63994e902c9deb83fe717a4bbca/elements - {"using":"xpath","value":"//*[@id=\"__button408\"]"}
RESULT: {"using":"xpath","value":"//*[@id=\"__button408\"]"}
COMMAND: POST /session/130ef63994e902c9deb83fe717a4bbca/elements - {"using":"xpath","value":"//*[@id=\"__button408\"]"}
RESULT: {"using":"xpath","value":"//*[@id=\"__button408\"]"}
COMMAND: POST /session/130ef63994e902c9deb83fe717a4bbca/elements - {"using":"xpath","value":"//*[@id=\"__button408\"]"}
RESULT: {"using":"xpath","value":"//*[@id=\"__button408\"]"}
COMMAND: POST /session/130ef63994e902c9deb83fe717a4bbca/elements - {"using":"xpath","value":"//*[@id=\"__button408\"]"}
RESULT: {"using":"xpath","value":"//*[@id=\"__button408\"]"}
COMMAND: POST /session/130ef63994e902c9deb83fe717a4bbca/elements - {"using":"xpath","value":"//*[@id=\"__button408\"]"}
RESULT: {"using":"xpath","value":"//*[@id=\"__button408\"]"}
COMMAND: POST /session/130ef63994e902c9deb83fe717a4bbca/elements - {"using":"xpath","value":"//*[@id=\"__button408\"]"}
RESULT: {"using":"xpath","value":"//*[@id=\"__button408\"]"}
COMMAND: POST /session/130ef63994e902c9deb83fe717a4bbca/elements - {"using":"xpath","value":"//*[@id=\"__button408\"]"}
RESULT: {"using":"xpath","value":"//*[@id=\"__button408\"]"}
COMMAND: POST /session/130ef63994e902c9deb83fe717a4bbca/elements - {"using":"xpath","value":"//*[@id=\"__button408\"]"}
RESULT: {"using":"xpath","value":"//*[@id=\"__button408\"]"}
COMMAND: POST /session/130ef63994e902c9deb83fe717a4bbca/elements - {"using":"xpath","value":"//*[@id=\"__button408\"]"}
RESULT: {"using":"xpath","value":"//*[@id=\"__button408\"]"}
COMMAND: POST /session/130ef63994e902c9deb83fe717a4bbca/elements - {"using":"xpath","value":"//*[@id=\"__button408\"]"}
RESULT: {"using":"xpath","value":"//*[@id=\"__button408\"]"}
COMMAND: POST /session/130ef63994e902c9deb83fe717a4bbca/elements - {"using":"xpath","value":"//*[@id=\"__button408\"]"}
RESULT: {"using":"xpath","value":"//*[@id=\"__button408\"]"}
COMMAND: POST /session/130ef63994e902c9deb83fe717a4bbca/elements - {"using":"xpath","value":"//*[@id=\"__button408\"]"}
RESULT: {"using":"xpath","value":"//*[@id=\"__button408\"]"}
COMMAND: POST /session/130ef63994e902c9deb83fe717a4bbca/elements - {"using":"xpath","value":"//*[@id=\"__button408\"]"}
RESULT: {"using":"xpath","value":"//*[@id=\"__button408\"]"}
COMMAND: POST /session/130ef63994e902c9deb83fe717a4bbca/elements - {"using":"xpath","value":"//*[@id=\"__button408\"]"}
RESULT: {"using":"xpath","value":"//*[@id=\"__button408\"]"}
COMMAND: POST /session/130ef63994e902c9deb83fe717a4bbca/elements - {"using":"xpath","value":"//*[@id=\"__button408\"]"}
RESULT: {"using":"xpath","value":"//*[@id=\"__button408\"]"}
COMMAND: POST /session/130ef63994e902c9deb83fe717a4bbca/elements - {"using":"xpath","value":"//*[@id=\"__button408\"]"}
RESULT: {"using":"xpath","value":"//*[@id=\"__button408\"]"}
COMMAND: POST /session/130ef63994e902c9deb83fe717a4bbca/elements - {"using":"xpath","value":"//*[@id=\"__button408\"]"}
RESULT: {"using":"xpath","value":"//*[@id=\"__button408\"]"}
COMMAND: POST /session/130ef63994e902c9deb83fe717a4bbca/elements - {"using":"xpath","value":"//*[@id=\"__button408\"]"}
RESULT: {"using":"xpath","value":"//*[@id=\"__button408\"]"}
COMMAND: POST /session/130ef63994e902c9deb83fe717a4bbca/elements - {"using":"xpath","value":"//*[@id=\"__button408\"]"}
RESULT: {"using":"xpath","value":"//*[@id=\"__button408\"]"}
COMMAND: POST /session/130ef63994e902c9deb83fe717a4bbca/elements - {"using":"xpath","value":"//*[@id=\"__button408\"]"}
RESULT: {"using":"xpath","value":"//*[@id=\"__button408\"]"}
COMMAND: POST /session/130ef63994e902c9deb83fe717a4bbca/elements - {"using":"xpath","value":"//*[@id=\"__button408\"]"}
RESULT: {"using":"xpath","value":"//*[@id=\"__button408\"]"}
COMMAND: POST /session/130ef63994e902c9deb83fe717a4bbca/elements - {"using":"xpath","value":"//*[@id=\"__button408\"]"}
RESULT: {"using":"xpath","value":"//*[@id=\"__button408\"]"}
COMMAND: POST /session/130ef63994e902c9deb83fe717a4bbca/elements - {"using":"xpath","value":"//*[@id=\"__button408\"]"}
RESULT: {"using":"xpath","value":"//*[@id=\"__button408\"]"}
COMMAND: POST /session/130ef63994e902c9deb83fe717a4bbca/elements - {"using":"xpath","value":"//*[@id=\"__button408\"]"}
RESULT: {"using":"xpath","value":"//*[@id=\"__button408\"]"}
COMMAND: POST /session/130ef63994e902c9deb83fe717a4bbca/elements - {"using":"xpath","value":"//*[@id=\"__button408\"]"}
RESULT: {"using":"xpath","value":"//*[@id=\"__button408\"]"}
COMMAND: POST /session/130ef63994e902c9deb83fe717a4bbca/elements - {"using":"xpath","value":"//*[@id=\"__button408\"]"}
COMMAND: POST /session/130ef63994e902c9deb83fe717a4bbca/element - {"using":"css selector","value":"#shell-header-logo"}
RESULT: {"using":"xpath","value":"//*[@id=\"__button408\"]"}
RESULT: {"using":"css selector","value":"#shell-header-logo"}
COMMAND: POST /session/130ef63994e902c9deb83fe717a4bbca/execute/sync - {"script":"<script> [8489 bytes]","args":[{"element-6066-11e4-a52e-4f735466cecf":"f.DBA113373209FD8E36DE67C53790246B.d.C44829E22E9AB2B06B1903F2A75B299A.e.13146","ELEMENT":"f.DBA113373209FD8E36DE67C53790246B.d.C44829E22E9AB2B06B1903F2A75B299A.e.13146"}]}
RESULT: {"script":"<script> [8489 bytes]","args":[{"element-6066-11e4-a52e-4f735466cecf":"f.DBA113373209FD8E36DE67C53790246B.d.C44829E22E9AB2B06B1903F2A75B299A.e.13146","ELEMENT":"f.DBA113373209FD8E36DE67C53790246B.d.C44829E22E9AB2B06B1903F2A75B299A.e.13146"}]}
COMMAND: POST /session/130ef63994e902c9deb83fe717a4bbca/execute/sync - {"script":"<script> [5351 bytes]","args":[{"element-6066-11e4-a52e-4f735466cecf":"f.DBA113373209FD8E36DE67C53790246B.d.C44829E22E9AB2B06B1903F2A75B299A.e.13146","ELEMENT":"f.DBA113373209FD8E36DE67C53790246B.d.C44829E22E9AB2B06B1903F2A75B299A.e.13146"}]}
COMMAND: GET /session/130ef63994e902c9deb83fe717a4bbca/screenshot - {}
RESULT: {"script":"<script> [5351 bytes]","args":[{"element-6066-11e4-a52e-4f735466cecf":"f.DBA113373209FD8E36DE67C53790246B.d.C44829E22E9AB2B06B1903F2A75B299A.e.13146","ELEMENT":"f.DBA113373209FD8E36DE67C53790246B.d.C44829E22E9AB2B06B1903F2A75B299A.e.13146"}]}
COMMAND: POST /session/130ef63994e902c9deb83fe717a4bbca/element/f.DBA113373209FD8E36DE67C53790246B.d.C44829E22E9AB2B06B1903F2A75B299A.e.13146/click - {}
COMMAND: GET /session/130ef63994e902c9deb83fe717a4bbca/screenshot - {}
RESULT: {}
RESULT: {}
]]></system-out>
    </testcase>
    <testcase classname="chrome.136_0_7103_93.windows.Create_master_data_for_mixed_billing_&amp;_do_billing_calculation_US151661" name="Should go to Manage Billings and trigger calculation check the conditions applied" time="71.912">
      <system-out><![CDATA[
COMMAND: POST /session/130ef63994e902c9deb83fe717a4bbca/execute/async - {"script":"<script> [1562 bytes]","args":[{"selector":{"controlType":"sap.m.GenericTile","properties":{"header":"Manage Billings"}},"wdio_ui5_key":"sapm.GenericTile{\"header\":\"Manage Billings\"}"}]}
COMMAND: GET /session/130ef63994e902c9deb83fe717a4bbca/screenshot - {}
RESULT: {}
RESULT: {"script":"<script> [1562 bytes]","args":[{"selector":{"controlType":"sap.m.GenericTile","properties":{"header":"Manage Billings"}},"wdio_ui5_key":"sapm.GenericTile{\"header\":\"Manage Billings\"}"}]}
RESULT: undefined
COMMAND: POST /session/130ef63994e902c9deb83fe717a4bbca/element - {"using":"xpath","value":"//*[@id=\"__tile91\"]"}
RESULT: {}
RESULT: {"using":"xpath","value":"//*[@id=\"__tile91\"]"}
COMMAND: POST /session/130ef63994e902c9deb83fe717a4bbca/element/f.DBA113373209FD8E36DE67C53790246B.d.C44829E22E9AB2B06B1903F2A75B299A.e.8621/click - {}
RESULT: {}
COMMAND: GET /session/130ef63994e902c9deb83fe717a4bbca/screenshot - {}
COMMAND: POST /session/130ef63994e902c9deb83fe717a4bbca/elements - {"using":"xpath","value":"//span[text()='Error']"}
RESULT: {}
RESULT: {"using":"xpath","value":"//span[text()='Error']"}
COMMAND: POST /session/130ef63994e902c9deb83fe717a4bbca/execute/async - {"script":"<script> [1562 bytes]","args":[{"selector":{"id":"application-managebillings-display-component---billRunCalcResult--smartFilterBar-btnBasicSearch","interaction":{"idSuffix":"I"}},"wdio_ui5_key":"applicationmanagebillings-display-component---billRunCalcResult--smartFilterBar-btnBasicSearch"}]}
RESULT: {"script":"<script> [1562 bytes]","args":[{"selector":{"id":"application-managebillings-display-component---billRunCalcResult--smartFilterBar-btnBasicSearch","interaction":{"idSuffix":"I"}},"wdio_ui5_key":"applicationmanagebillings-display-component---billRunCalcResult--smartFilterBar-btnBasicSearch"}]}
RESULT: undefined
COMMAND: POST /session/130ef63994e902c9deb83fe717a4bbca/execute/async - {"script":"<script> [776 bytes]","args":[{"enterText":"10192","selector":{"id":"application-managebillings-display-component---billRunCalcResult--smartFilterBar-btnBasicSearch","interaction":{"idSuffix":"I"}},"clearTextFirst":true,"interactionType":"ENTER_TEXT"}]}
RESULT: {"script":"<script> [776 bytes]","args":[{"enterText":"10192","selector":{"id":"application-managebillings-display-component---billRunCalcResult--smartFilterBar-btnBasicSearch","interaction":{"idSuffix":"I"}},"clearTextFirst":true,"interactionType":"ENTER_TEXT"}]}
COMMAND: POST /session/130ef63994e902c9deb83fe717a4bbca/actions - {"actions":[{"id":"action51","type":"key","parameters":{},"actions":[{"type":"keyDown","value":""},{"type":"pause","duration":10},{"type":"keyUp","value":""}]}]}
RESULT: {"actions":[{"id":"action51","type":"key","parameters":{},"actions":[{"type":"keyDown","value":""},{"type":"pause","duration":10},{"type":"keyUp","value":""}]}]}
COMMAND: GET /session/130ef63994e902c9deb83fe717a4bbca/screenshot - {}
RESULT: {}
COMMAND: POST /session/130ef63994e902c9deb83fe717a4bbca/element - {"using":"xpath","value":"//td[@aria-colindex=\"1\"]/div/div[contains(@class, \"sapMCbBg\")]"}
RESULT: {"using":"xpath","value":"//td[@aria-colindex=\"1\"]/div/div[contains(@class, \"sapMCbBg\")]"}
COMMAND: POST /session/130ef63994e902c9deb83fe717a4bbca/element/f.DBA113373209FD8E36DE67C53790246B.d.C44829E22E9AB2B06B1903F2A75B299A.e.13632/click - {}
RESULT: {}
COMMAND: GET /session/130ef63994e902c9deb83fe717a4bbca/screenshot - {}
RESULT: {}
COMMAND: POST /session/130ef63994e902c9deb83fe717a4bbca/execute/async - {"script":"<script> [1562 bytes]","args":[{"selector":{"id":"application-managebillings-display-component---billRunCalcResult--contractBillRunDate","interaction":{"idSuffix":"inner"}},"wdio_ui5_key":"applicationmanagebillings-display-component---billRunCalcResult--contractBillRunDate"}]}
RESULT: {"script":"<script> [1562 bytes]","args":[{"selector":{"id":"application-managebillings-display-component---billRunCalcResult--contractBillRunDate","interaction":{"idSuffix":"inner"}},"wdio_ui5_key":"applicationmanagebillings-display-component---billRunCalcResult--contractBillRunDate"}]}
RESULT: undefined
COMMAND: POST /session/130ef63994e902c9deb83fe717a4bbca/execute/async - {"script":"<script> [776 bytes]","args":[{"enterText":"6/24/25","selector":{"id":"application-managebillings-display-component---billRunCalcResult--contractBillRunDate","interaction":{"idSuffix":"inner"}},"clearTextFirst":true,"interactionType":"ENTER_TEXT"}]}
RESULT: {"script":"<script> [776 bytes]","args":[{"enterText":"6/24/25","selector":{"id":"application-managebillings-display-component---billRunCalcResult--contractBillRunDate","interaction":{"idSuffix":"inner"}},"clearTextFirst":true,"interactionType":"ENTER_TEXT"}]}
COMMAND: POST /session/130ef63994e902c9deb83fe717a4bbca/element - {"using":"xpath","value":"//bdi[contains(text(), \"Trigger Calculation\")]"}
RESULT: {"using":"xpath","value":"//bdi[contains(text(), \"Trigger Calculation\")]"}
COMMAND: POST /session/130ef63994e902c9deb83fe717a4bbca/element/f.DBA113373209FD8E36DE67C53790246B.d.C44829E22E9AB2B06B1903F2A75B299A.e.13655/click - {}
RESULT: {}
COMMAND: GET /session/130ef63994e902c9deb83fe717a4bbca/screenshot - {}
RESULT: {}
COMMAND: POST /session/130ef63994e902c9deb83fe717a4bbca/element - {"using":"xpath","value":"(//span[contains(@id, \"imgNav\")])[1]"}
RESULT: {"using":"xpath","value":"(//span[contains(@id, \"imgNav\")])[1]"}
COMMAND: POST /session/130ef63994e902c9deb83fe717a4bbca/element/f.DBA113373209FD8E36DE67C53790246B.d.C44829E22E9AB2B06B1903F2A75B299A.e.13646/click - {}
RESULT: {}
COMMAND: GET /session/130ef63994e902c9deb83fe717a4bbca/screenshot - {}
RESULT: {}
COMMAND: POST /session/130ef63994e902c9deb83fe717a4bbca/element - {"using":"xpath","value":"//tr/td[6]/div[1]/span[1]/span[1]"}
RESULT: {"using":"xpath","value":"//tr/td[6]/div[1]/span[1]/span[1]"}
COMMAND: GET /session/130ef63994e902c9deb83fe717a4bbca/element/f.DBA113373209FD8E36DE67C53790246B.d.C44829E22E9AB2B06B1903F2A75B299A.e.13660/text - {}
RESULT: {}
COMMAND: POST /session/130ef63994e902c9deb83fe717a4bbca/element - {"using":"xpath","value":"(//span[contains(@id, \"imgNav\")])[2]"}
RESULT: {"using":"xpath","value":"(//span[contains(@id, \"imgNav\")])[2]"}
COMMAND: POST /session/130ef63994e902c9deb83fe717a4bbca/element/f.DBA113373209FD8E36DE67C53790246B.d.C44829E22E9AB2B06B1903F2A75B299A.e.13661/click - {}
RESULT: {}
COMMAND: POST /session/130ef63994e902c9deb83fe717a4bbca/element - {"using":"xpath","value":"//bdi[contains(text(), \"Business Confirm\")]"}
COMMAND: GET /session/130ef63994e902c9deb83fe717a4bbca/screenshot - {}
RESULT: {"using":"xpath","value":"//bdi[contains(text(), \"Business Confirm\")]"}
COMMAND: POST /session/130ef63994e902c9deb83fe717a4bbca/elements - {"using":"xpath","value":"//bdi[contains(text(), \"Business Confirm\")]"}
RESULT: {}
RESULT: {"using":"xpath","value":"//bdi[contains(text(), \"Business Confirm\")]"}
COMMAND: POST /session/130ef63994e902c9deb83fe717a4bbca/element - {"using":"xpath","value":"//bdi[contains(text(), \"Business Confirm\")]"}
RESULT: {"using":"xpath","value":"//bdi[contains(text(), \"Business Confirm\")]"}
COMMAND: POST /session/130ef63994e902c9deb83fe717a4bbca/element/f.DBA113373209FD8E36DE67C53790246B.d.C44829E22E9AB2B06B1903F2A75B299A.e.13714/click - {}
RESULT: {}
COMMAND: POST /session/130ef63994e902c9deb83fe717a4bbca/element - {"using":"css selector","value":"#shell-header-logo"}
COMMAND: GET /session/130ef63994e902c9deb83fe717a4bbca/screenshot - {}
RESULT: {"using":"css selector","value":"#shell-header-logo"}
COMMAND: POST /session/130ef63994e902c9deb83fe717a4bbca/element/f.DBA113373209FD8E36DE67C53790246B.d.C44829E22E9AB2B06B1903F2A75B299A.e.13345/click - {}
RESULT: {}
RESULT: {}
COMMAND: GET /session/130ef63994e902c9deb83fe717a4bbca/screenshot - {}
RESULT: {}
COMMAND: POST /session/130ef63994e902c9deb83fe717a4bbca/element - {"using":"css selector","value":"#j_username"}
COMMAND: POST /session/130ef63994e902c9deb83fe717a4bbca/url - {"url":"https://qa-testing-00-live-etm-ui.cfapps.eu10-004.hana.ondemand.com/"}
RESULT: {"using":"css selector","value":"#j_username"}
COMMAND: POST /session/130ef63994e902c9deb83fe717a4bbca/element - {"using":"css selector","value":"#j_username"}
RESULT: {"url":"https://qa-testing-00-live-etm-ui.cfapps.eu10-004.hana.ondemand.com/"}
RESULT: undefined
COMMAND: GET /session/130ef63994e902c9deb83fe717a4bbca/screenshot - {}
RESULT: {"using":"css selector","value":"#j_username"}
COMMAND: POST /session/130ef63994e902c9deb83fe717a4bbca/element - {"using":"css selector","value":"#shell-header-logo"}
RESULT: {}
RESULT: {"using":"css selector","value":"#shell-header-logo"}
COMMAND: POST /session/130ef63994e902c9deb83fe717a4bbca/execute/sync - {"script":"<script> [8489 bytes]","args":[{"element-6066-11e4-a52e-4f735466cecf":"f.DBA113373209FD8E36DE67C53790246B.d.E8D28CBE430ADBE6874E4D4CF8222996.e.13732","ELEMENT":"f.DBA113373209FD8E36DE67C53790246B.d.E8D28CBE430ADBE6874E4D4CF8222996.e.13732"}]}
RESULT: {"script":"<script> [8489 bytes]","args":[{"element-6066-11e4-a52e-4f735466cecf":"f.DBA113373209FD8E36DE67C53790246B.d.E8D28CBE430ADBE6874E4D4CF8222996.e.13732","ELEMENT":"f.DBA113373209FD8E36DE67C53790246B.d.E8D28CBE430ADBE6874E4D4CF8222996.e.13732"}]}
COMMAND: POST /session/130ef63994e902c9deb83fe717a4bbca/element - {"using":"css selector","value":"#shell-header-logo"}
COMMAND: GET /session/130ef63994e902c9deb83fe717a4bbca/screenshot - {}
RESULT: {"using":"css selector","value":"#shell-header-logo"}
COMMAND: POST /session/130ef63994e902c9deb83fe717a4bbca/execute/sync - {"script":"<script> [8489 bytes]","args":[{"element-6066-11e4-a52e-4f735466cecf":"f.DBA113373209FD8E36DE67C53790246B.d.E8D28CBE430ADBE6874E4D4CF8222996.e.13732","ELEMENT":"f.DBA113373209FD8E36DE67C53790246B.d.E8D28CBE430ADBE6874E4D4CF8222996.e.13732"}]}
RESULT: {}
RESULT: {"script":"<script> [8489 bytes]","args":[{"element-6066-11e4-a52e-4f735466cecf":"f.DBA113373209FD8E36DE67C53790246B.d.E8D28CBE430ADBE6874E4D4CF8222996.e.13732","ELEMENT":"f.DBA113373209FD8E36DE67C53790246B.d.E8D28CBE430ADBE6874E4D4CF8222996.e.13732"}]}
COMMAND: POST /session/130ef63994e902c9deb83fe717a4bbca/execute/sync - {"script":"<script> [5351 bytes]","args":[{"element-6066-11e4-a52e-4f735466cecf":"f.DBA113373209FD8E36DE67C53790246B.d.E8D28CBE430ADBE6874E4D4CF8222996.e.13732","ELEMENT":"f.DBA113373209FD8E36DE67C53790246B.d.E8D28CBE430ADBE6874E4D4CF8222996.e.13732"}]}
COMMAND: GET /session/130ef63994e902c9deb83fe717a4bbca/screenshot - {}
RESULT: {"script":"<script> [5351 bytes]","args":[{"element-6066-11e4-a52e-4f735466cecf":"f.DBA113373209FD8E36DE67C53790246B.d.E8D28CBE430ADBE6874E4D4CF8222996.e.13732","ELEMENT":"f.DBA113373209FD8E36DE67C53790246B.d.E8D28CBE430ADBE6874E4D4CF8222996.e.13732"}]}
COMMAND: POST /session/130ef63994e902c9deb83fe717a4bbca/element - {"using":"css selector","value":"#shell-header-logo"}
COMMAND: GET /session/130ef63994e902c9deb83fe717a4bbca/screenshot - {}
RESULT: {}
RESULT: {"using":"css selector","value":"#shell-header-logo"}
COMMAND: POST /session/130ef63994e902c9deb83fe717a4bbca/element/f.DBA113373209FD8E36DE67C53790246B.d.E8D28CBE430ADBE6874E4D4CF8222996.e.13732/click - {}
RESULT: {}
RESULT: {}
COMMAND: GET /session/130ef63994e902c9deb83fe717a4bbca/screenshot - {}
RESULT: {}
COMMAND: POST /session/130ef63994e902c9deb83fe717a4bbca/execute/async - {"script":"<script> [189 bytes]","args":[]}
RESULT: {"script":"<script> [189 bytes]","args":[]}
COMMAND: POST /session/130ef63994e902c9deb83fe717a4bbca/execute/async - {"script":"<script> [123 bytes]","args":[]}
RESULT: {"script":"<script> [123 bytes]","args":[]}
COMMAND: POST /session/130ef63994e902c9deb83fe717a4bbca/timeouts - {"script":"<number>"}
RESULT: {"script":"<number>"}
COMMAND: GET /session/130ef63994e902c9deb83fe717a4bbca/timeouts - {}
RESULT: {}
RESULT: undefined
COMMAND: POST /session/130ef63994e902c9deb83fe717a4bbca/execute/async - {"script":"<script> [2676 bytes]","args":[]}
RESULT: {"script":"<script> [2676 bytes]","args":[]}
COMMAND: POST /session/130ef63994e902c9deb83fe717a4bbca/execute/async - {"script":"<script> [2342 bytes]","args":[{"protocol":"http","hostname":"0.0.0.0","path":"/","capabilities":{"browserName":"chrome","goog:chromeOptions":{"binary":"C:\\Program Files\\Google\\Chrome\\Application\\chrome.exe","args":["--start-maximized"]}},"logLevel":"warn","connectionRetryTimeout":120000,"connectionRetryCount":3,"logLevels":{},"enableDirectConnect":true,"strictSSL":true,"_":"65 more keys: [\"cacheDir\",\"port\",\"requestedCapabilities\",\"automationProtocol\",\"baseUrl\",\"waitforInterval\",\"waitforTimeout\",\"onReload\",\"beforeCommand\",\"afterCommand\",\"rootDir\",\"specs\",\"suites\",\"exclude\",\"groupLogsByTestSpec\",\"excludeDriverLogs\",\"bail\",\"framework\",\"reporters\",\"services\",\"maxInstances\",\"maxInstancesPerCapability\",\"injectGlobals\",\"filesToWatch\",\"execArgv\",\"runnerEnv\",\"runner\",\"shard\",\"specFileRetries\",\"specFileRetriesDelay\",\"specFileRetriesDeferred\",\"reporterSyncInterval\",\"reporterSyncTimeout\",\"cucumberFeaturesWithLineNumbers\",\"autoCompileOpts\",\"mochaOpts\",\"jasmineOpts\",\"cucumberOpts\",\"onPrepare\",\"onWorkerStart\",\"onWorkerEnd\",\"before\",\"beforeSession\",\"beforeSuite\",\"beforeHook\",\"beforeTest\",\"afterTest\",\"afterHook\",\"afterSuite\",\"afterSession\",\"after\",\"onComplete\",\"beforeAssertion\",\"afterAssertion\",\"beforeFeature\",\"beforeScenario\",\"beforeStep\",\"afterStep\",\"afterScenario\",\"afterFeature\",\"_\",\"suite\",\"$0\",\"ignoredWorkerServices\",\"wdi5\"]"}]}
RESULT: {"script":"<script> [2342 bytes]","args":[{"protocol":"http","hostname":"0.0.0.0","path":"/","capabilities":{"browserName":"chrome","goog:chromeOptions":{"binary":"C:\\Program Files\\Google\\Chrome\\Application\\chrome.exe","args":["--start-maximized"]}},"logLevel":"warn","connectionRetryTimeout":120000,"connectionRetryCount":3,"logLevels":{},"enableDirectConnect":true,"strictSSL":true,"_":"65 more keys: [\"cacheDir\",\"port\",\"requestedCapabilities\",\"automationProtocol\",\"baseUrl\",\"waitforInterval\",\"waitforTimeout\",\"onReload\",\"beforeCommand\",\"afterCommand\",\"rootDir\",\"specs\",\"suites\",\"exclude\",\"groupLogsByTestSpec\",\"excludeDriverLogs\",\"bail\",\"framework\",\"reporters\",\"services\",\"maxInstances\",\"maxInstancesPerCapability\",\"injectGlobals\",\"filesToWatch\",\"execArgv\",\"runnerEnv\",\"runner\",\"shard\",\"specFileRetries\",\"specFileRetriesDelay\",\"specFileRetriesDeferred\",\"reporterSyncInterval\",\"reporterSyncTimeout\",\"cucumberFeaturesWithLineNumbers\",\"autoCompileOpts\",\"mochaOpts\",\"jasmineOpts\",\"cucumberOpts\",\"onPrepare\",\"onWorkerStart\",\"onWorkerEnd\",\"before\",\"beforeSession\",\"beforeSuite\",\"beforeHook\",\"beforeTest\",\"afterTest\",\"afterHook\",\"afterSuite\",\"afterSession\",\"after\",\"onComplete\",\"beforeAssertion\",\"afterAssertion\",\"beforeFeature\",\"beforeScenario\",\"beforeStep\",\"afterStep\",\"afterScenario\",\"afterFeature\",\"_\",\"suite\",\"$0\",\"ignoredWorkerServices\",\"wdi5\"]"}]}
COMMAND: POST /session/130ef63994e902c9deb83fe717a4bbca/execute/async - {"script":"<script> [21126 bytes]","args":[35000]}
RESULT: {"script":"<script> [21126 bytes]","args":[35000]}
COMMAND: POST /session/130ef63994e902c9deb83fe717a4bbca/window/maximize - {}
RESULT: {}
COMMAND: POST /session/130ef63994e902c9deb83fe717a4bbca/execute/async - {"script":"<script> [1562 bytes]","args":[{"selector":{"id":"shell-header","interaction":{"idSuffix":"icon"}},"wdio_ui5_key":"shellheader"}]}
COMMAND: GET /session/130ef63994e902c9deb83fe717a4bbca/screenshot - {}
RESULT: {"script":"<script> [1562 bytes]","args":[{"selector":{"id":"shell-header","interaction":{"idSuffix":"icon"}},"wdio_ui5_key":"shellheader"}]}
RESULT: undefined
COMMAND: POST /session/130ef63994e902c9deb83fe717a4bbca/refresh - {}
RESULT: {}
RESULT: {}
COMMAND: GET /session/130ef63994e902c9deb83fe717a4bbca/screenshot - {}
RESULT: {}
COMMAND: POST /session/130ef63994e902c9deb83fe717a4bbca/refresh - {}
RESULT: {}
COMMAND: GET /session/130ef63994e902c9deb83fe717a4bbca/screenshot - {}
RESULT: {}
COMMAND: POST /session/130ef63994e902c9deb83fe717a4bbca/window/fullscreen - {}
RESULT: {}
COMMAND: POST /session/130ef63994e902c9deb83fe717a4bbca/execute/async - {"script":"<script> [189 bytes]","args":[]}
RESULT: {"script":"<script> [189 bytes]","args":[]}
COMMAND: POST /session/130ef63994e902c9deb83fe717a4bbca/execute/async - {"script":"<script> [123 bytes]","args":[]}
RESULT: {"script":"<script> [123 bytes]","args":[]}
COMMAND: POST /session/130ef63994e902c9deb83fe717a4bbca/timeouts - {"script":"<number>"}
RESULT: {"script":"<number>"}
COMMAND: GET /session/130ef63994e902c9deb83fe717a4bbca/timeouts - {}
RESULT: {}
RESULT: undefined
COMMAND: POST /session/130ef63994e902c9deb83fe717a4bbca/execute/async - {"script":"<script> [2676 bytes]","args":[]}
RESULT: {"script":"<script> [2676 bytes]","args":[]}
COMMAND: POST /session/130ef63994e902c9deb83fe717a4bbca/execute/async - {"script":"<script> [2342 bytes]","args":[{"protocol":"http","hostname":"0.0.0.0","path":"/","capabilities":{"browserName":"chrome","goog:chromeOptions":{"binary":"C:\\Program Files\\Google\\Chrome\\Application\\chrome.exe","args":["--start-maximized"]}},"logLevel":"warn","connectionRetryTimeout":120000,"connectionRetryCount":3,"logLevels":{},"enableDirectConnect":true,"strictSSL":true,"_":"65 more keys: [\"cacheDir\",\"port\",\"requestedCapabilities\",\"automationProtocol\",\"baseUrl\",\"waitforInterval\",\"waitforTimeout\",\"onReload\",\"beforeCommand\",\"afterCommand\",\"rootDir\",\"specs\",\"suites\",\"exclude\",\"groupLogsByTestSpec\",\"excludeDriverLogs\",\"bail\",\"framework\",\"reporters\",\"services\",\"maxInstances\",\"maxInstancesPerCapability\",\"injectGlobals\",\"filesToWatch\",\"execArgv\",\"runnerEnv\",\"runner\",\"shard\",\"specFileRetries\",\"specFileRetriesDelay\",\"specFileRetriesDeferred\",\"reporterSyncInterval\",\"reporterSyncTimeout\",\"cucumberFeaturesWithLineNumbers\",\"autoCompileOpts\",\"mochaOpts\",\"jasmineOpts\",\"cucumberOpts\",\"onPrepare\",\"onWorkerStart\",\"onWorkerEnd\",\"before\",\"beforeSession\",\"beforeSuite\",\"beforeHook\",\"beforeTest\",\"afterTest\",\"afterHook\",\"afterSuite\",\"afterSession\",\"after\",\"onComplete\",\"beforeAssertion\",\"afterAssertion\",\"beforeFeature\",\"beforeScenario\",\"beforeStep\",\"afterStep\",\"afterScenario\",\"afterFeature\",\"_\",\"suite\",\"$0\",\"ignoredWorkerServices\",\"wdi5\"]"}]}
RESULT: {"script":"<script> [2342 bytes]","args":[{"protocol":"http","hostname":"0.0.0.0","path":"/","capabilities":{"browserName":"chrome","goog:chromeOptions":{"binary":"C:\\Program Files\\Google\\Chrome\\Application\\chrome.exe","args":["--start-maximized"]}},"logLevel":"warn","connectionRetryTimeout":120000,"connectionRetryCount":3,"logLevels":{},"enableDirectConnect":true,"strictSSL":true,"_":"65 more keys: [\"cacheDir\",\"port\",\"requestedCapabilities\",\"automationProtocol\",\"baseUrl\",\"waitforInterval\",\"waitforTimeout\",\"onReload\",\"beforeCommand\",\"afterCommand\",\"rootDir\",\"specs\",\"suites\",\"exclude\",\"groupLogsByTestSpec\",\"excludeDriverLogs\",\"bail\",\"framework\",\"reporters\",\"services\",\"maxInstances\",\"maxInstancesPerCapability\",\"injectGlobals\",\"filesToWatch\",\"execArgv\",\"runnerEnv\",\"runner\",\"shard\",\"specFileRetries\",\"specFileRetriesDelay\",\"specFileRetriesDeferred\",\"reporterSyncInterval\",\"reporterSyncTimeout\",\"cucumberFeaturesWithLineNumbers\",\"autoCompileOpts\",\"mochaOpts\",\"jasmineOpts\",\"cucumberOpts\",\"onPrepare\",\"onWorkerStart\",\"onWorkerEnd\",\"before\",\"beforeSession\",\"beforeSuite\",\"beforeHook\",\"beforeTest\",\"afterTest\",\"afterHook\",\"afterSuite\",\"afterSession\",\"after\",\"onComplete\",\"beforeAssertion\",\"afterAssertion\",\"beforeFeature\",\"beforeScenario\",\"beforeStep\",\"afterStep\",\"afterScenario\",\"afterFeature\",\"_\",\"suite\",\"$0\",\"ignoredWorkerServices\",\"wdi5\"]"}]}
COMMAND: POST /session/130ef63994e902c9deb83fe717a4bbca/execute/async - {"script":"<script> [21126 bytes]","args":[35000]}
RESULT: {"script":"<script> [21126 bytes]","args":[35000]}
]]></system-out>
    </testcase>
  </testsuite>
  <testsuite timestamp="2025-05-24T17:50:55" time="757.158" tests="13" failures="7" errors="7" skipped="0">
    <properties>
      <property name="specId" value="0"/>
      <property name="suiteName" value="Performance based billing (work days) US139742"/>
      <property name="capabilities" value="chrome.136_0_7103_93.windows"/>
      <property name="file" value="file:///D:/a/1/s/test/specs/BTS/billing-performance-workdays.spec.js"/>
    </properties>
    <testcase classname="chrome.136_0_7103_93.windows.Performance_based_billing_(work_days)_US139742" name="Should create a new yard" time="0.557">
      <system-out><![CDATA[
COMMAND: POST /session/130ef63994e902c9deb83fe717a4bbca/window/fullscreen - {}
RESULT: {}
]]></system-out>
    </testcase>
    <testcase classname="chrome.136_0_7103_93.windows.Performance_based_billing_(work_days)_US139742" name="Should create a new partner" time="0.004"/>
    <testcase classname="chrome.136_0_7103_93.windows.Performance_based_billing_(work_days)_US139742" name="Should create a new site" time="0.004"/>
    <testcase classname="chrome.136_0_7103_93.windows.Performance_based_billing_(work_days)_US139742" name="Should do prerequisite steps add equipment" time="152.104">
      <system-out><![CDATA[
COMMAND: POST /session/130ef63994e902c9deb83fe717a4bbca/execute/async - {"script":"<script> [1562 bytes]","args":[{"selector":{"controlType":"sap.m.GenericTile","properties":{"header":"Manage Resources"}},"wdio_ui5_key":"sapm.GenericTile{\"header\":\"Manage Resources\"}"}]}
RESULT: {"script":"<script> [1562 bytes]","args":[{"selector":{"controlType":"sap.m.GenericTile","properties":{"header":"Manage Resources"}},"wdio_ui5_key":"sapm.GenericTile{\"header\":\"Manage Resources\"}"}]}
RESULT: undefined
COMMAND: POST /session/130ef63994e902c9deb83fe717a4bbca/element - {"using":"xpath","value":"//*[@id=\"__tile39\"]"}
RESULT: {"using":"xpath","value":"//*[@id=\"__tile39\"]"}
COMMAND: POST /session/130ef63994e902c9deb83fe717a4bbca/element/f.DBA113373209FD8E36DE67C53790246B.d.3B17AABA7A13C07F69D16B0FDDDB778A.e.13887/click - {}
RESULT: {}
COMMAND: GET /session/130ef63994e902c9deb83fe717a4bbca/screenshot - {}
RESULT: {}
COMMAND: POST /session/130ef63994e902c9deb83fe717a4bbca/elements - {"using":"xpath","value":"//span[text()='Error']"}
RESULT: {"using":"xpath","value":"//span[text()='Error']"}
COMMAND: POST /session/130ef63994e902c9deb83fe717a4bbca/element - {"using":"xpath","value":"//button[@data-kt=\"addNewRUOverflowToolbarButton\"]"}
RESULT: {"using":"xpath","value":"//button[@data-kt=\"addNewRUOverflowToolbarButton\"]"}
COMMAND: POST /session/130ef63994e902c9deb83fe717a4bbca/elements - {"using":"xpath","value":"//button[@data-kt=\"addNewRUOverflowToolbarButton\"]"}
RESULT: {"using":"xpath","value":"//button[@data-kt=\"addNewRUOverflowToolbarButton\"]"}
COMMAND: POST /session/130ef63994e902c9deb83fe717a4bbca/elements - {"using":"xpath","value":"//button[@data-kt=\"addNewRUOverflowToolbarButton\"]"}
RESULT: {"using":"xpath","value":"//button[@data-kt=\"addNewRUOverflowToolbarButton\"]"}
COMMAND: POST /session/130ef63994e902c9deb83fe717a4bbca/elements - {"using":"xpath","value":"//button[@data-kt=\"addNewRUOverflowToolbarButton\"]"}
RESULT: {"using":"xpath","value":"//button[@data-kt=\"addNewRUOverflowToolbarButton\"]"}
COMMAND: POST /session/130ef63994e902c9deb83fe717a4bbca/element - {"using":"xpath","value":"//button[@data-kt=\"addNewRUOverflowToolbarButton\"]"}
RESULT: {"using":"xpath","value":"//button[@data-kt=\"addNewRUOverflowToolbarButton\"]"}
COMMAND: POST /session/130ef63994e902c9deb83fe717a4bbca/execute/sync - {"script":"<script> [8489 bytes]","args":[{"element-6066-11e4-a52e-4f735466cecf":"f.DBA113373209FD8E36DE67C53790246B.d.3B17AABA7A13C07F69D16B0FDDDB778A.e.14018","ELEMENT":"f.DBA113373209FD8E36DE67C53790246B.d.3B17AABA7A13C07F69D16B0FDDDB778A.e.14018"}]}
RESULT: {"script":"<script> [8489 bytes]","args":[{"element-6066-11e4-a52e-4f735466cecf":"f.DBA113373209FD8E36DE67C53790246B.d.3B17AABA7A13C07F69D16B0FDDDB778A.e.14018","ELEMENT":"f.DBA113373209FD8E36DE67C53790246B.d.3B17AABA7A13C07F69D16B0FDDDB778A.e.14018"}]}
COMMAND: GET /session/130ef63994e902c9deb83fe717a4bbca/element/f.DBA113373209FD8E36DE67C53790246B.d.3B17AABA7A13C07F69D16B0FDDDB778A.e.14018/enabled - {}
COMMAND: GET /session/130ef63994e902c9deb83fe717a4bbca/screenshot - {}
RESULT: {}
COMMAND: POST /session/130ef63994e902c9deb83fe717a4bbca/execute/sync - {"script":"<script> [8489 bytes]","args":[{"element-6066-11e4-a52e-4f735466cecf":"f.DBA113373209FD8E36DE67C53790246B.d.3B17AABA7A13C07F69D16B0FDDDB778A.e.14018","ELEMENT":"f.DBA113373209FD8E36DE67C53790246B.d.3B17AABA7A13C07F69D16B0FDDDB778A.e.14018"}]}
COMMAND: GET /session/130ef63994e902c9deb83fe717a4bbca/screenshot - {}
RESULT: {}
RESULT: {"script":"<script> [8489 bytes]","args":[{"element-6066-11e4-a52e-4f735466cecf":"f.DBA113373209FD8E36DE67C53790246B.d.3B17AABA7A13C07F69D16B0FDDDB778A.e.14018","ELEMENT":"f.DBA113373209FD8E36DE67C53790246B.d.3B17AABA7A13C07F69D16B0FDDDB778A.e.14018"}]}
COMMAND: POST /session/130ef63994e902c9deb83fe717a4bbca/execute/sync - {"script":"<script> [5351 bytes]","args":[{"element-6066-11e4-a52e-4f735466cecf":"f.DBA113373209FD8E36DE67C53790246B.d.3B17AABA7A13C07F69D16B0FDDDB778A.e.14018","ELEMENT":"f.DBA113373209FD8E36DE67C53790246B.d.3B17AABA7A13C07F69D16B0FDDDB778A.e.14018"}]}
COMMAND: GET /session/130ef63994e902c9deb83fe717a4bbca/screenshot - {}
RESULT: {}
RESULT: {"script":"<script> [5351 bytes]","args":[{"element-6066-11e4-a52e-4f735466cecf":"f.DBA113373209FD8E36DE67C53790246B.d.3B17AABA7A13C07F69D16B0FDDDB778A.e.14018","ELEMENT":"f.DBA113373209FD8E36DE67C53790246B.d.3B17AABA7A13C07F69D16B0FDDDB778A.e.14018"}]}
COMMAND: POST /session/130ef63994e902c9deb83fe717a4bbca/element/f.DBA113373209FD8E36DE67C53790246B.d.3B17AABA7A13C07F69D16B0FDDDB778A.e.14018/click - {}
COMMAND: GET /session/130ef63994e902c9deb83fe717a4bbca/screenshot - {}
RESULT: {}
RESULT: {}
COMMAND: GET /session/130ef63994e902c9deb83fe717a4bbca/screenshot - {}
RESULT: {}
COMMAND: POST /session/130ef63994e902c9deb83fe717a4bbca/execute/async - {"script":"<script> [1562 bytes]","args":[{"selector":{"id":"application-manageresources-display-component---newResourceUnit--TYPE-arrow"},"wdio_ui5_key":"applicationmanageresources-display-component---newResourceUnit--TYPE-arrow"}]}
RESULT: {}
RESULT: {"script":"<script> [1562 bytes]","args":[{"selector":{"id":"application-manageresources-display-component---newResourceUnit--TYPE-arrow"},"wdio_ui5_key":"applicationmanageresources-display-component---newResourceUnit--TYPE-arrow"}]}
RESULT: undefined
COMMAND: POST /session/130ef63994e902c9deb83fe717a4bbca/element - {"using":"xpath","value":"//*[@id=\"application-manageresources-display-component---newResourceUnit--TYPE-arrow\"]"}
RESULT: {"using":"xpath","value":"//*[@id=\"application-manageresources-display-component---newResourceUnit--TYPE-arrow\"]"}
COMMAND: POST /session/130ef63994e902c9deb83fe717a4bbca/element/f.DBA113373209FD8E36DE67C53790246B.d.3B17AABA7A13C07F69D16B0FDDDB778A.e.14372/click - {}
RESULT: {}
COMMAND: POST /session/130ef63994e902c9deb83fe717a4bbca/element - {"using":"xpath","value":"//input[@id=\"application-manageresources-display-component---newResourceUnit--TYPE-inner\"]"}
COMMAND: GET /session/130ef63994e902c9deb83fe717a4bbca/screenshot - {}
RESULT: {"using":"xpath","value":"//input[@id=\"application-manageresources-display-component---newResourceUnit--TYPE-inner\"]"}
COMMAND: POST /session/130ef63994e902c9deb83fe717a4bbca/element/f.DBA113373209FD8E36DE67C53790246B.d.3B17AABA7A13C07F69D16B0FDDDB778A.e.14368/clear - {}
RESULT: {}
RESULT: {}
COMMAND: POST /session/130ef63994e902c9deb83fe717a4bbca/element/f.DBA113373209FD8E36DE67C53790246B.d.3B17AABA7A13C07F69D16B0FDDDB778A.e.14368/value - {"text":"Equipment"}
COMMAND: GET /session/130ef63994e902c9deb83fe717a4bbca/screenshot - {}
RESULT: {"text":"Equipment"}
COMMAND: GET /session/130ef63994e902c9deb83fe717a4bbca/screenshot - {}
RESULT: {}
RESULT: {}
COMMAND: POST /session/130ef63994e902c9deb83fe717a4bbca/actions - {"actions":[{"id":"action52","type":"key","parameters":{},"actions":[{"type":"keyDown","value":""},{"type":"pause","duration":10},{"type":"keyUp","value":""}]}]}
RESULT: {"actions":[{"id":"action52","type":"key","parameters":{},"actions":[{"type":"keyDown","value":""},{"type":"pause","duration":10},{"type":"keyUp","value":""}]}]}
COMMAND: POST /session/130ef63994e902c9deb83fe717a4bbca/execute/async - {"script":"<script> [1562 bytes]","args":[{"selector":{"id":"application-manageresources-display-component---newResourceUnit--resourceId","interaction":{"idSuffix":"inner"}},"wdio_ui5_key":"applicationmanageresources-display-component---newResourceUnit--resourceId"}]}
COMMAND: GET /session/130ef63994e902c9deb83fe717a4bbca/screenshot - {}
RESULT: {"script":"<script> [1562 bytes]","args":[{"selector":{"id":"application-manageresources-display-component---newResourceUnit--resourceId","interaction":{"idSuffix":"inner"}},"wdio_ui5_key":"applicationmanageresources-display-component---newResourceUnit--resourceId"}]}
RESULT: undefined
COMMAND: POST /session/130ef63994e902c9deb83fe717a4bbca/execute/async - {"script":"<script> [776 bytes]","args":[{"enterText":"xiZlxaXhjO","selector":{"id":"application-manageresources-display-component---newResourceUnit--resourceId","interaction":{"idSuffix":"inner"}},"clearTextFirst":true,"interactionType":"ENTER_TEXT"}]}
RESULT: {}
RESULT: {"script":"<script> [776 bytes]","args":[{"enterText":"xiZlxaXhjO","selector":{"id":"application-manageresources-display-component---newResourceUnit--resourceId","interaction":{"idSuffix":"inner"}},"clearTextFirst":true,"interactionType":"ENTER_TEXT"}]}
COMMAND: POST /session/130ef63994e902c9deb83fe717a4bbca/execute/async - {"script":"<script> [1562 bytes]","args":[{"selector":{"id":"application-manageresources-display-component---newResourceUnit--SHORT_TEXT","interaction":{"idSuffix":"inner"}},"wdio_ui5_key":"applicationmanageresources-display-component---newResourceUnit--SHORT_TEXT"}]}
RESULT: {"script":"<script> [1562 bytes]","args":[{"selector":{"id":"application-manageresources-display-component---newResourceUnit--SHORT_TEXT","interaction":{"idSuffix":"inner"}},"wdio_ui5_key":"applicationmanageresources-display-component---newResourceUnit--SHORT_TEXT"}]}
RESULT: undefined
COMMAND: POST /session/130ef63994e902c9deb83fe717a4bbca/execute/async - {"script":"<script> [776 bytes]","args":[{"enterText":"Intercompany Equipment WDIO","selector":{"id":"application-manageresources-display-component---newResourceUnit--SHORT_TEXT","interaction":{"idSuffix":"inner"}},"clearTextFirst":true,"interactionType":"ENTER_TEXT"}]}
RESULT: {"script":"<script> [776 bytes]","args":[{"enterText":"Intercompany Equipment WDIO","selector":{"id":"application-manageresources-display-component---newResourceUnit--SHORT_TEXT","interaction":{"idSuffix":"inner"}},"clearTextFirst":true,"interactionType":"ENTER_TEXT"}]}
COMMAND: POST /session/130ef63994e902c9deb83fe717a4bbca/execute/async - {"script":"<script> [1562 bytes]","args":[{"selector":{"id":"application-manageresources-display-component---newResourceUnit--BASE_UNIT_OF_MEASURE","interaction":{"idSuffix":"inner"}},"wdio_ui5_key":"applicationmanageresources-display-component---newResourceUnit--BASE_UNIT_OF_MEASURE"}]}
RESULT: {"script":"<script> [1562 bytes]","args":[{"selector":{"id":"application-manageresources-display-component---newResourceUnit--BASE_UNIT_OF_MEASURE","interaction":{"idSuffix":"inner"}},"wdio_ui5_key":"applicationmanageresources-display-component---newResourceUnit--BASE_UNIT_OF_MEASURE"}]}
RESULT: undefined
COMMAND: POST /session/130ef63994e902c9deb83fe717a4bbca/execute/async - {"script":"<script> [776 bytes]","args":[{"enterText":"Piece","selector":{"id":"application-manageresources-display-component---newResourceUnit--BASE_UNIT_OF_MEASURE","interaction":{"idSuffix":"inner"}},"clearTextFirst":true,"interactionType":"ENTER_TEXT"}]}
RESULT: {"script":"<script> [776 bytes]","args":[{"enterText":"Piece","selector":{"id":"application-manageresources-display-component---newResourceUnit--BASE_UNIT_OF_MEASURE","interaction":{"idSuffix":"inner"}},"clearTextFirst":true,"interactionType":"ENTER_TEXT"}]}
COMMAND: POST /session/130ef63994e902c9deb83fe717a4bbca/execute/async - {"script":"<script> [1562 bytes]","args":[{"selector":{"id":"application-manageresources-display-component---newResourceUnit--WEIGHT_UNIT","interaction":{"idSuffix":"inner"}},"wdio_ui5_key":"applicationmanageresources-display-component---newResourceUnit--WEIGHT_UNIT"}]}
RESULT: {"script":"<script> [1562 bytes]","args":[{"selector":{"id":"application-manageresources-display-component---newResourceUnit--WEIGHT_UNIT","interaction":{"idSuffix":"inner"}},"wdio_ui5_key":"applicationmanageresources-display-component---newResourceUnit--WEIGHT_UNIT"}]}
RESULT: undefined
COMMAND: POST /session/130ef63994e902c9deb83fe717a4bbca/execute/async - {"script":"<script> [776 bytes]","args":[{"enterText":"Gram","selector":{"id":"application-manageresources-display-component---newResourceUnit--WEIGHT_UNIT","interaction":{"idSuffix":"inner"}},"clearTextFirst":true,"interactionType":"ENTER_TEXT"}]}
RESULT: {"script":"<script> [776 bytes]","args":[{"enterText":"Gram","selector":{"id":"application-manageresources-display-component---newResourceUnit--WEIGHT_UNIT","interaction":{"idSuffix":"inner"}},"clearTextFirst":true,"interactionType":"ENTER_TEXT"}]}
COMMAND: POST /session/130ef63994e902c9deb83fe717a4bbca/execute/async - {"script":"<script> [1562 bytes]","args":[{"selector":{"id":"application-manageresources-display-component---newResourceUnit--DIMENSION_UNIT","interaction":{"idSuffix":"inner"}},"wdio_ui5_key":"applicationmanageresources-display-component---newResourceUnit--DIMENSION_UNIT"}]}
RESULT: {"script":"<script> [1562 bytes]","args":[{"selector":{"id":"application-manageresources-display-component---newResourceUnit--DIMENSION_UNIT","interaction":{"idSuffix":"inner"}},"wdio_ui5_key":"applicationmanageresources-display-component---newResourceUnit--DIMENSION_UNIT"}]}
RESULT: undefined
COMMAND: POST /session/130ef63994e902c9deb83fe717a4bbca/execute/async - {"script":"<script> [776 bytes]","args":[{"enterText":"Meter","selector":{"id":"application-manageresources-display-component---newResourceUnit--DIMENSION_UNIT","interaction":{"idSuffix":"inner"}},"clearTextFirst":true,"interactionType":"ENTER_TEXT"}]}
RESULT: {"script":"<script> [776 bytes]","args":[{"enterText":"Meter","selector":{"id":"application-manageresources-display-component---newResourceUnit--DIMENSION_UNIT","interaction":{"idSuffix":"inner"}},"clearTextFirst":true,"interactionType":"ENTER_TEXT"}]}
COMMAND: POST /session/130ef63994e902c9deb83fe717a4bbca/execute/async - {"script":"<script> [1562 bytes]","args":[{"selector":{"id":"application-manageresources-display-component---newResourceUnit--newRRUPage-anchBar-application-manageresources-display-component---newResourceUnit--control-anchor","interaction":{"idSuffix":"BDI-content"}},"wdio_ui5_key":"applicationmanageresources-display-component---newResourceUnit--newRRUPage-anchBar-application-manageresources-display-component---newResourceUnit--control-anchor"}]}
RESULT: {"script":"<script> [1562 bytes]","args":[{"selector":{"id":"application-manageresources-display-component---newResourceUnit--newRRUPage-anchBar-application-manageresources-display-component---newResourceUnit--control-anchor","interaction":{"idSuffix":"BDI-content"}},"wdio_ui5_key":"applicationmanageresources-display-component---newResourceUnit--newRRUPage-anchBar-application-manageresources-display-component---newResourceUnit--control-anchor"}]}
RESULT: undefined
COMMAND: POST /session/130ef63994e902c9deb83fe717a4bbca/element - {"using":"xpath","value":"//*[@id=\"application-manageresources-display-component---newResourceUnit--newRRUPage-anchBar-application-manageresources-display-component---newResourceUnit--control-anchor\"]"}
RESULT: {"using":"xpath","value":"//*[@id=\"application-manageresources-display-component---newResourceUnit--newRRUPage-anchBar-application-manageresources-display-component---newResourceUnit--control-anchor\"]"}
COMMAND: POST /session/130ef63994e902c9deb83fe717a4bbca/element/f.DBA113373209FD8E36DE67C53790246B.d.3B17AABA7A13C07F69D16B0FDDDB778A.e.14531/click - {}
RESULT: {}
COMMAND: POST /session/130ef63994e902c9deb83fe717a4bbca/execute/async - {"script":"<script> [1562 bytes]","args":[{"selector":{"id":"application-manageresources-display-component---newResourceUnit--PLANNING_GROUP","interaction":{"idSuffix":"inner"}},"wdio_ui5_key":"applicationmanageresources-display-component---newResourceUnit--PLANNING_GROUP"}]}
COMMAND: GET /session/130ef63994e902c9deb83fe717a4bbca/screenshot - {}
RESULT: {"script":"<script> [1562 bytes]","args":[{"selector":{"id":"application-manageresources-display-component---newResourceUnit--PLANNING_GROUP","interaction":{"idSuffix":"inner"}},"wdio_ui5_key":"applicationmanageresources-display-component---newResourceUnit--PLANNING_GROUP"}]}
RESULT: undefined
COMMAND: POST /session/130ef63994e902c9deb83fe717a4bbca/execute/async - {"script":"<script> [776 bytes]","args":[{"enterText":"Heavy Equi","selector":{"id":"application-manageresources-display-component---newResourceUnit--PLANNING_GROUP","interaction":{"idSuffix":"inner"}},"clearTextFirst":true,"interactionType":"ENTER_TEXT"}]}
RESULT: {}
RESULT: {"script":"<script> [776 bytes]","args":[{"enterText":"Heavy Equi","selector":{"id":"application-manageresources-display-component---newResourceUnit--PLANNING_GROUP","interaction":{"idSuffix":"inner"}},"clearTextFirst":true,"interactionType":"ENTER_TEXT"}]}
COMMAND: POST /session/130ef63994e902c9deb83fe717a4bbca/execute/async - {"script":"<script> [1562 bytes]","args":[{"selector":{"id":"application-manageresources-display-component---newResourceUnit--ITEM_TYPE-arrow"},"wdio_ui5_key":"applicationmanageresources-display-component---newResourceUnit--ITEM_TYPE-arrow"}]}
RESULT: {"script":"<script> [1562 bytes]","args":[{"selector":{"id":"application-manageresources-display-component---newResourceUnit--ITEM_TYPE-arrow"},"wdio_ui5_key":"applicationmanageresources-display-component---newResourceUnit--ITEM_TYPE-arrow"}]}
RESULT: undefined
COMMAND: POST /session/130ef63994e902c9deb83fe717a4bbca/element - {"using":"xpath","value":"//*[@id=\"application-manageresources-display-component---newResourceUnit--ITEM_TYPE-arrow\"]"}
RESULT: {"using":"xpath","value":"//*[@id=\"application-manageresources-display-component---newResourceUnit--ITEM_TYPE-arrow\"]"}
COMMAND: POST /session/130ef63994e902c9deb83fe717a4bbca/element/f.DBA113373209FD8E36DE67C53790246B.d.3B17AABA7A13C07F69D16B0FDDDB778A.e.14540/click - {}
RESULT: {}
COMMAND: POST /session/130ef63994e902c9deb83fe717a4bbca/element - {"using":"xpath","value":"(//span[contains(text(), \"Resource Unit\")])[2]"}
COMMAND: GET /session/130ef63994e902c9deb83fe717a4bbca/screenshot - {}
RESULT: {"using":"xpath","value":"(//span[contains(text(), \"Resource Unit\")])[2]"}
COMMAND: POST /session/130ef63994e902c9deb83fe717a4bbca/element/f.DBA113373209FD8E36DE67C53790246B.d.3B17AABA7A13C07F69D16B0FDDDB778A.e.14541/click - {}
RESULT: {}
RESULT: {}
COMMAND: GET /session/130ef63994e902c9deb83fe717a4bbca/screenshot - {}
RESULT: {}
COMMAND: POST /session/130ef63994e902c9deb83fe717a4bbca/element - {"using":"css selector","value":"#application-manageresources-display-component---newResourceUnit--btnAddTimeSegment"}
RESULT: {"using":"css selector","value":"#application-manageresources-display-component---newResourceUnit--btnAddTimeSegment"}
COMMAND: GET /session/130ef63994e902c9deb83fe717a4bbca/element/f.DBA113373209FD8E36DE67C53790246B.d.3B17AABA7A13C07F69D16B0FDDDB778A.e.14548/rect - {}
RESULT: {}
COMMAND: GET /session/130ef63994e902c9deb83fe717a4bbca/window/rect - {}
RESULT: {}
COMMAND: POST /session/130ef63994e902c9deb83fe717a4bbca/execute/sync - {"script":"<script> [92 bytes]","args":[]}
RESULT: {"script":"<script> [92 bytes]","args":[]}
COMMAND: POST /session/130ef63994e902c9deb83fe717a4bbca/actions - {"actions":[{"id":"action53","type":"wheel","parameters":{},"actions":[{"type":"scroll","x":-1888,"y":-32,"deltaX":0,"deltaY":0,"duration":0,"origin":{"element-6066-11e4-a52e-4f735466cecf":"f.DBA113373209FD8E36DE67C53790246B.d.3B17AABA7A13C07F69D16B0FDDDB778A.e.14548"}}]}]}
COMMAND: GET /session/130ef63994e902c9deb83fe717a4bbca/screenshot - {}
RESULT: {}
COMMAND: POST /session/130ef63994e902c9deb83fe717a4bbca/execute/sync - {"script":"<script> [79 bytes]","args":[{"element-6066-11e4-a52e-4f735466cecf":"f.DBA113373209FD8E36DE67C53790246B.d.3B17AABA7A13C07F69D16B0FDDDB778A.e.14548","ELEMENT":"f.DBA113373209FD8E36DE67C53790246B.d.3B17AABA7A13C07F69D16B0FDDDB778A.e.14548"},{"block":"start","inline":"nearest"}]}
RESULT: {"script":"<script> [79 bytes]","args":[{"element-6066-11e4-a52e-4f735466cecf":"f.DBA113373209FD8E36DE67C53790246B.d.3B17AABA7A13C07F69D16B0FDDDB778A.e.14548","ELEMENT":"f.DBA113373209FD8E36DE67C53790246B.d.3B17AABA7A13C07F69D16B0FDDDB778A.e.14548"},{"block":"start","inline":"nearest"}]}
COMMAND: POST /session/130ef63994e902c9deb83fe717a4bbca/execute/async - {"script":"<script> [1562 bytes]","args":[{"selector":{"id":"application-manageresources-display-component---newResourceUnit--btnAddTimeSegment","interaction":{"idSuffix":"inner"}},"wdio_ui5_key":"applicationmanageresources-display-component---newResourceUnit--btnAddTimeSegment"}]}
COMMAND: GET /session/130ef63994e902c9deb83fe717a4bbca/screenshot - {}
RESULT: {"script":"<script> [1562 bytes]","args":[{"selector":{"id":"application-manageresources-display-component---newResourceUnit--btnAddTimeSegment","interaction":{"idSuffix":"inner"}},"wdio_ui5_key":"applicationmanageresources-display-component---newResourceUnit--btnAddTimeSegment"}]}
RESULT: undefined
COMMAND: POST /session/130ef63994e902c9deb83fe717a4bbca/element - {"using":"xpath","value":"//*[@id=\"application-manageresources-display-component---newResourceUnit--btnAddTimeSegment\"]"}
RESULT: {}
RESULT: {"using":"xpath","value":"//*[@id=\"application-manageresources-display-component---newResourceUnit--btnAddTimeSegment\"]"}
COMMAND: POST /session/130ef63994e902c9deb83fe717a4bbca/element/f.DBA113373209FD8E36DE67C53790246B.d.3B17AABA7A13C07F69D16B0FDDDB778A.e.14548/click - {}
RESULT: {}
COMMAND: GET /session/130ef63994e902c9deb83fe717a4bbca/screenshot - {}
RESULT: {}
COMMAND: POST /session/130ef63994e902c9deb83fe717a4bbca/element - {"using":"xpath","value":"//input[@id=\"application-manageresources-display-component---newResourceUnit--idRuTSAdmin-application-manageresources-display-component---newResourceUnit--RUTimeSegment-0-inner\"]"}
RESULT: {"using":"xpath","value":"//input[@id=\"application-manageresources-display-component---newResourceUnit--idRuTSAdmin-application-manageresources-display-component---newResourceUnit--RUTimeSegment-0-inner\"]"}
COMMAND: POST /session/130ef63994e902c9deb83fe717a4bbca/element/f.DBA113373209FD8E36DE67C53790246B.d.3B17AABA7A13C07F69D16B0FDDDB778A.e.14554/clear - {}
RESULT: {}
COMMAND: POST /session/130ef63994e902c9deb83fe717a4bbca/element/f.DBA113373209FD8E36DE67C53790246B.d.3B17AABA7A13C07F69D16B0FDDDB778A.e.14554/value - {"text":"256"}
COMMAND: GET /session/130ef63994e902c9deb83fe717a4bbca/screenshot - {}
RESULT: {"text":"256"}
RESULT: {}
COMMAND: GET /session/130ef63994e902c9deb83fe717a4bbca/screenshot - {}
RESULT: {}
COMMAND: POST /session/130ef63994e902c9deb83fe717a4bbca/element - {"using":"xpath","value":"//li[.//span[text()='256']]"}
RESULT: {"using":"xpath","value":"//li[.//span[text()='256']]"}
COMMAND: POST /session/130ef63994e902c9deb83fe717a4bbca/element/f.DBA113373209FD8E36DE67C53790246B.d.3B17AABA7A13C07F69D16B0FDDDB778A.e.14565/click - {}
RESULT: {}
COMMAND: GET /session/130ef63994e902c9deb83fe717a4bbca/screenshot - {}
RESULT: {}
COMMAND: POST /session/130ef63994e902c9deb83fe717a4bbca/element - {"using":"xpath","value":"(//span[contains(@id, \"-application-manageresources-display-component---newResourceUnit--RUTimeSegment-0-arrow\")])[6]"}
RESULT: {"using":"xpath","value":"(//span[contains(@id, \"-application-manageresources-display-component---newResourceUnit--RUTimeSegment-0-arrow\")])[6]"}
COMMAND: POST /session/130ef63994e902c9deb83fe717a4bbca/element/f.DBA113373209FD8E36DE67C53790246B.d.3B17AABA7A13C07F69D16B0FDDDB778A.e.14566/click - {}
RESULT: {}
COMMAND: GET /session/130ef63994e902c9deb83fe717a4bbca/screenshot - {}
RESULT: {}
COMMAND: POST /session/130ef63994e902c9deb83fe717a4bbca/element - {"using":"xpath","value":"//span[contains(text(), \"PM Order\")]"}
RESULT: {"using":"xpath","value":"//span[contains(text(), \"PM Order\")]"}
COMMAND: POST /session/130ef63994e902c9deb83fe717a4bbca/element/f.DBA113373209FD8E36DE67C53790246B.d.3B17AABA7A13C07F69D16B0FDDDB778A.e.14569/click - {}
RESULT: {}
COMMAND: GET /session/130ef63994e902c9deb83fe717a4bbca/screenshot - {}
RESULT: {}
COMMAND: POST /session/130ef63994e902c9deb83fe717a4bbca/element - {"using":"xpath","value":"(//span[contains(@id ,\"manageresources-display-component---newResourceUnit--RUTimeSegment-0-vhi\")])[1]"}
RESULT: {"using":"xpath","value":"(//span[contains(@id ,\"manageresources-display-component---newResourceUnit--RUTimeSegment-0-vhi\")])[1]"}
COMMAND: GET /session/130ef63994e902c9deb83fe717a4bbca/element/f.DBA113373209FD8E36DE67C53790246B.d.3B17AABA7A13C07F69D16B0FDDDB778A.e.14573/rect - {}
RESULT: {}
COMMAND: GET /session/130ef63994e902c9deb83fe717a4bbca/window/rect - {}
RESULT: {}
COMMAND: POST /session/130ef63994e902c9deb83fe717a4bbca/execute/sync - {"script":"<script> [92 bytes]","args":[]}
RESULT: {"script":"<script> [92 bytes]","args":[]}
COMMAND: POST /session/130ef63994e902c9deb83fe717a4bbca/actions - {"actions":[{"id":"action54","type":"wheel","parameters":{},"actions":[{"type":"scroll","x":-869,"y":-24,"deltaX":0,"deltaY":0,"duration":0,"origin":{"element-6066-11e4-a52e-4f735466cecf":"f.DBA113373209FD8E36DE67C53790246B.d.3B17AABA7A13C07F69D16B0FDDDB778A.e.14573"}}]}]}
COMMAND: GET /session/130ef63994e902c9deb83fe717a4bbca/screenshot - {}
RESULT: {"actions":[{"id":"action54","type":"wheel","parameters":{},"actions":[{"type":"scroll","x":-869,"y":-24,"deltaX":0,"deltaY":0,"duration":0,"origin":{"element-6066-11e4-a52e-4f735466cecf":"f.DBA113373209FD8E36DE67C53790246B.d.3B17AABA7A13C07F69D16B0FDDDB778A.e.14573"}}]}]}
COMMAND: DELETE /session/130ef63994e902c9deb83fe717a4bbca/actions - {}
COMMAND: GET /session/130ef63994e902c9deb83fe717a4bbca/screenshot - {}
RESULT: {}
RESULT: {}
COMMAND: GET /session/130ef63994e902c9deb83fe717a4bbca/screenshot - {}
RESULT: {}
RESULT: {}
COMMAND: POST /session/130ef63994e902c9deb83fe717a4bbca/element/f.DBA113373209FD8E36DE67C53790246B.d.3B17AABA7A13C07F69D16B0FDDDB778A.e.14573/click - {}
RESULT: {}
COMMAND: GET /session/130ef63994e902c9deb83fe717a4bbca/screenshot - {}
RESULT: {}
COMMAND: POST /session/130ef63994e902c9deb83fe717a4bbca/execute/async - {"script":"<script> [1562 bytes]","args":[{"selector":{"controlType":"sap.m.SearchField","properties":{"placeholder":"Search"},"searchOpenDialogs":true,"interaction":{"idSuffix":"I"}},"wdio_ui5_key":"sapm.SearchField{\"placeholder\":\"Search\"}"}]}
RESULT: {"script":"<script> [1562 bytes]","args":[{"selector":{"controlType":"sap.m.SearchField","properties":{"placeholder":"Search"},"searchOpenDialogs":true,"interaction":{"idSuffix":"I"}},"wdio_ui5_key":"sapm.SearchField{\"placeholder\":\"Search\"}"}]}
RESULT: undefined
COMMAND: POST /session/130ef63994e902c9deb83fe717a4bbca/execute/async - {"script":"<script> [776 bytes]","args":[{"enterText":"4000360","selector":{"controlType":"sap.m.SearchField","properties":{"placeholder":"Search"},"searchOpenDialogs":true,"interaction":{"idSuffix":"I"}},"clearTextFirst":true,"interactionType":"ENTER_TEXT"}]}
RESULT: {"script":"<script> [776 bytes]","args":[{"enterText":"4000360","selector":{"controlType":"sap.m.SearchField","properties":{"placeholder":"Search"},"searchOpenDialogs":true,"interaction":{"idSuffix":"I"}},"clearTextFirst":true,"interactionType":"ENTER_TEXT"}]}
COMMAND: POST /session/130ef63994e902c9deb83fe717a4bbca/actions - {"actions":[{"id":"action55","type":"key","parameters":{},"actions":[{"type":"keyDown","value":""},{"type":"pause","duration":10},{"type":"keyUp","value":""}]}]}
RESULT: {"actions":[{"id":"action55","type":"key","parameters":{},"actions":[{"type":"keyDown","value":""},{"type":"pause","duration":10},{"type":"keyUp","value":""}]}]}
COMMAND: GET /session/130ef63994e902c9deb83fe717a4bbca/screenshot - {}
RESULT: {}
COMMAND: POST /session/130ef63994e902c9deb83fe717a4bbca/element - {"using":"xpath","value":"//td/div/span[contains(text(), \"BGL Vehicles\")]"}
RESULT: {"using":"xpath","value":"//td/div/span[contains(text(), \"BGL Vehicles\")]"}
COMMAND: POST /session/130ef63994e902c9deb83fe717a4bbca/element/f.DBA113373209FD8E36DE67C53790246B.d.3B17AABA7A13C07F69D16B0FDDDB778A.e.14594/click - {}
RESULT: {}
COMMAND: GET /session/130ef63994e902c9deb83fe717a4bbca/screenshot - {}
RESULT: {}
COMMAND: POST /session/130ef63994e902c9deb83fe717a4bbca/element - {"using":"xpath","value":"//bdi[contains(text(), \"OK\")]"}
RESULT: {"using":"xpath","value":"//bdi[contains(text(), \"OK\")]"}
COMMAND: POST /session/130ef63994e902c9deb83fe717a4bbca/element/f.DBA113373209FD8E36DE67C53790246B.d.3B17AABA7A13C07F69D16B0FDDDB778A.e.14595/click - {}
RESULT: {}
COMMAND: GET /session/130ef63994e902c9deb83fe717a4bbca/screenshot - {}
RESULT: {}
COMMAND: POST /session/130ef63994e902c9deb83fe717a4bbca/execute/async - {"script":"<script> [1562 bytes]","args":[{"selector":{"id":"application-manageresources-display-component---newResourceUnit--newRRUPage-anchBar-application-manageresources-display-component---newResourceUnit--resource-anchor","interaction":{"idSuffix":"BDI-content"}},"wdio_ui5_key":"applicationmanageresources-display-component---newResourceUnit--newRRUPage-anchBar-application-manageresources-display-component---newResourceUnit--resource-anchor"}]}
RESULT: {"script":"<script> [1562 bytes]","args":[{"selector":{"id":"application-manageresources-display-component---newResourceUnit--newRRUPage-anchBar-application-manageresources-display-component---newResourceUnit--resource-anchor","interaction":{"idSuffix":"BDI-content"}},"wdio_ui5_key":"applicationmanageresources-display-component---newResourceUnit--newRRUPage-anchBar-application-manageresources-display-component---newResourceUnit--resource-anchor"}]}
RESULT: undefined
COMMAND: POST /session/130ef63994e902c9deb83fe717a4bbca/element - {"using":"xpath","value":"//*[@id=\"application-manageresources-display-component---newResourceUnit--newRRUPage-anchBar-application-manageresources-display-component---newResourceUnit--resource-anchor\"]"}
RESULT: {"using":"xpath","value":"//*[@id=\"application-manageresources-display-component---newResourceUnit--newRRUPage-anchBar-application-manageresources-display-component---newResourceUnit--resource-anchor\"]"}
COMMAND: POST /session/130ef63994e902c9deb83fe717a4bbca/element/f.DBA113373209FD8E36DE67C53790246B.d.3B17AABA7A13C07F69D16B0FDDDB778A.e.14599/click - {}
RESULT: {}
COMMAND: POST /session/130ef63994e902c9deb83fe717a4bbca/execute/async - {"script":"<script> [1562 bytes]","args":[{"selector":{"id":"application-manageresources-display-component---newResourceUnit--PLANNED_DELIVERY_DATE","interaction":{"idSuffix":"inner"}},"wdio_ui5_key":"applicationmanageresources-display-component---newResourceUnit--PLANNED_DELIVERY_DATE"}]}
COMMAND: GET /session/130ef63994e902c9deb83fe717a4bbca/screenshot - {}
RESULT: {"script":"<script> [1562 bytes]","args":[{"selector":{"id":"application-manageresources-display-component---newResourceUnit--PLANNED_DELIVERY_DATE","interaction":{"idSuffix":"inner"}},"wdio_ui5_key":"applicationmanageresources-display-component---newResourceUnit--PLANNED_DELIVERY_DATE"}]}
RESULT: undefined
COMMAND: POST /session/130ef63994e902c9deb83fe717a4bbca/execute/async - {"script":"<script> [6424 bytes]","args":[{"element-6066-11e4-a52e-4f735466cecf":"f.DBA113373209FD8E36DE67C53790246B.d.3B17AABA7A13C07F69D16B0FDDDB778A.e.14430"},"setValue",["5/24/25"]]}
RESULT: {}
RESULT: {"script":"<script> [6424 bytes]","args":[{"element-6066-11e4-a52e-4f735466cecf":"f.DBA113373209FD8E36DE67C53790246B.d.3B17AABA7A13C07F69D16B0FDDDB778A.e.14430"},"setValue",["5/24/25"]]}
COMMAND: POST /session/130ef63994e902c9deb83fe717a4bbca/element - {"using":"xpath","value":"//label[contains(@class, 'sapMLabelRequired') and .//bdi[contains(text(), 'Planned Retirement')]]"}
RESULT: {"using":"xpath","value":"//label[contains(@class, 'sapMLabelRequired') and .//bdi[contains(text(), 'Planned Retirement')]]"}
COMMAND: POST /session/130ef63994e902c9deb83fe717a4bbca/elements - {"using":"xpath","value":"//label[contains(@class, 'sapMLabelRequired') and .//bdi[contains(text(), 'Planned Retirement')]]"}
RESULT: {"using":"xpath","value":"//label[contains(@class, 'sapMLabelRequired') and .//bdi[contains(text(), 'Planned Retirement')]]"}
COMMAND: POST /session/130ef63994e902c9deb83fe717a4bbca/element - {"using":"xpath","value":"//button[@data-kt=\"resourceUnitSaveButton\"]"}
RESULT: {"using":"xpath","value":"//button[@data-kt=\"resourceUnitSaveButton\"]"}
COMMAND: POST /session/130ef63994e902c9deb83fe717a4bbca/element/f.DBA113373209FD8E36DE67C53790246B.d.3B17AABA7A13C07F69D16B0FDDDB778A.e.14389/click - {}
RESULT: {}
COMMAND: GET /session/130ef63994e902c9deb83fe717a4bbca/screenshot - {}
RESULT: {}
COMMAND: POST /session/130ef63994e902c9deb83fe717a4bbca/element - {"using":"xpath","value":"//bdi[contains(text(), \"Close\")]"}
RESULT: {"using":"xpath","value":"//bdi[contains(text(), \"Close\")]"}
COMMAND: POST /session/130ef63994e902c9deb83fe717a4bbca/element/f.DBA113373209FD8E36DE67C53790246B.d.3B17AABA7A13C07F69D16B0FDDDB778A.e.14607/click - {}
RESULT: {}
COMMAND: GET /session/130ef63994e902c9deb83fe717a4bbca/screenshot - {}
RESULT: {}
COMMAND: POST /session/130ef63994e902c9deb83fe717a4bbca/element - {"using":"xpath","value":"(//button[contains(@id ,\"actionsToolbar-overflowButton\")])[1]"}
RESULT: {"using":"xpath","value":"(//button[contains(@id ,\"actionsToolbar-overflowButton\")])[1]"}
COMMAND: POST /session/130ef63994e902c9deb83fe717a4bbca/element/f.DBA113373209FD8E36DE67C53790246B.d.3B17AABA7A13C07F69D16B0FDDDB778A.e.14661/click - {}
RESULT: {}
COMMAND: GET /session/130ef63994e902c9deb83fe717a4bbca/screenshot - {}
RESULT: {}
COMMAND: POST /session/130ef63994e902c9deb83fe717a4bbca/element - {"using":"xpath","value":"//button[@data-kt=\"priceInfoButton\"]"}
RESULT: {"using":"xpath","value":"//button[@data-kt=\"priceInfoButton\"]"}
COMMAND: POST /session/130ef63994e902c9deb83fe717a4bbca/element/f.DBA113373209FD8E36DE67C53790246B.d.3B17AABA7A13C07F69D16B0FDDDB778A.e.14663/click - {}
RESULT: {}
COMMAND: GET /session/130ef63994e902c9deb83fe717a4bbca/screenshot - {}
RESULT: {}
]]></system-out>
    </testcase>
    <testcase classname="chrome.136_0_7103_93.windows.Performance_based_billing_(work_days)_US139742" name="Should create a pricing rule perf based on the equipment" time="56.043">
      <system-out><![CDATA[
COMMAND: POST /session/130ef63994e902c9deb83fe717a4bbca/element - {"using":"xpath","value":"//button[@data-kt=\"addButton\"]"}
RESULT: {"using":"xpath","value":"//button[@data-kt=\"addButton\"]"}
COMMAND: POST /session/130ef63994e902c9deb83fe717a4bbca/elements - {"using":"xpath","value":"//button[@data-kt=\"addButton\"]"}
RESULT: {"using":"xpath","value":"//button[@data-kt=\"addButton\"]"}
COMMAND: POST /session/130ef63994e902c9deb83fe717a4bbca/elements - {"using":"xpath","value":"//button[@data-kt=\"addButton\"]"}
RESULT: {"using":"xpath","value":"//button[@data-kt=\"addButton\"]"}
COMMAND: POST /session/130ef63994e902c9deb83fe717a4bbca/element - {"using":"xpath","value":"//button[@data-kt=\"addButton\"]"}
RESULT: {"using":"xpath","value":"//button[@data-kt=\"addButton\"]"}
COMMAND: POST /session/130ef63994e902c9deb83fe717a4bbca/execute/sync - {"script":"<script> [8489 bytes]","args":[{"element-6066-11e4-a52e-4f735466cecf":"f.DBA113373209FD8E36DE67C53790246B.d.3B17AABA7A13C07F69D16B0FDDDB778A.e.14699","ELEMENT":"f.DBA113373209FD8E36DE67C53790246B.d.3B17AABA7A13C07F69D16B0FDDDB778A.e.14699"}]}
RESULT: {"script":"<script> [8489 bytes]","args":[{"element-6066-11e4-a52e-4f735466cecf":"f.DBA113373209FD8E36DE67C53790246B.d.3B17AABA7A13C07F69D16B0FDDDB778A.e.14699","ELEMENT":"f.DBA113373209FD8E36DE67C53790246B.d.3B17AABA7A13C07F69D16B0FDDDB778A.e.14699"}]}
COMMAND: GET /session/130ef63994e902c9deb83fe717a4bbca/element/f.DBA113373209FD8E36DE67C53790246B.d.3B17AABA7A13C07F69D16B0FDDDB778A.e.14699/enabled - {}
COMMAND: GET /session/130ef63994e902c9deb83fe717a4bbca/screenshot - {}
RESULT: {}
COMMAND: POST /session/130ef63994e902c9deb83fe717a4bbca/execute/sync - {"script":"<script> [8489 bytes]","args":[{"element-6066-11e4-a52e-4f735466cecf":"f.DBA113373209FD8E36DE67C53790246B.d.3B17AABA7A13C07F69D16B0FDDDB778A.e.14699","ELEMENT":"f.DBA113373209FD8E36DE67C53790246B.d.3B17AABA7A13C07F69D16B0FDDDB778A.e.14699"}]}
COMMAND: GET /session/130ef63994e902c9deb83fe717a4bbca/screenshot - {}
RESULT: {}
RESULT: {"script":"<script> [8489 bytes]","args":[{"element-6066-11e4-a52e-4f735466cecf":"f.DBA113373209FD8E36DE67C53790246B.d.3B17AABA7A13C07F69D16B0FDDDB778A.e.14699","ELEMENT":"f.DBA113373209FD8E36DE67C53790246B.d.3B17AABA7A13C07F69D16B0FDDDB778A.e.14699"}]}
COMMAND: POST /session/130ef63994e902c9deb83fe717a4bbca/execute/sync - {"script":"<script> [5351 bytes]","args":[{"element-6066-11e4-a52e-4f735466cecf":"f.DBA113373209FD8E36DE67C53790246B.d.3B17AABA7A13C07F69D16B0FDDDB778A.e.14699","ELEMENT":"f.DBA113373209FD8E36DE67C53790246B.d.3B17AABA7A13C07F69D16B0FDDDB778A.e.14699"}]}
COMMAND: GET /session/130ef63994e902c9deb83fe717a4bbca/screenshot - {}
RESULT: {}
RESULT: {"script":"<script> [5351 bytes]","args":[{"element-6066-11e4-a52e-4f735466cecf":"f.DBA113373209FD8E36DE67C53790246B.d.3B17AABA7A13C07F69D16B0FDDDB778A.e.14699","ELEMENT":"f.DBA113373209FD8E36DE67C53790246B.d.3B17AABA7A13C07F69D16B0FDDDB778A.e.14699"}]}
COMMAND: POST /session/130ef63994e902c9deb83fe717a4bbca/element/f.DBA113373209FD8E36DE67C53790246B.d.3B17AABA7A13C07F69D16B0FDDDB778A.e.14699/click - {}
COMMAND: GET /session/130ef63994e902c9deb83fe717a4bbca/screenshot - {}
RESULT: {}
RESULT: {}
COMMAND: GET /session/130ef63994e902c9deb83fe717a4bbca/screenshot - {}
RESULT: {}
RESULT: {}
COMMAND: POST /session/130ef63994e902c9deb83fe717a4bbca/execute/async - {"script":"<script> [1562 bytes]","args":[{"selector":{"controlType":"sap.m.Title","viewName":"etm.portal.ui.managepricingrules.view.NewItem","viewId":"application-managepricingrules-display-component---newInfoPriceItem","properties":{"text":"New Pricing Rules - Item Level"}},"wdio_ui5_key":"etmportal.ui.managepricingrules.view.NewItemsap.m.Title{\"text\":\"New Pricing Rules - Item Level\"}"}]}
RESULT: {"script":"<script> [1562 bytes]","args":[{"selector":{"controlType":"sap.m.Title","viewName":"etm.portal.ui.managepricingrules.view.NewItem","viewId":"application-managepricingrules-display-component---newInfoPriceItem","properties":{"text":"New Pricing Rules - Item Level"}},"wdio_ui5_key":"etmportal.ui.managepricingrules.view.NewItemsap.m.Title{\"text\":\"New Pricing Rules - Item Level\"}"}]}
RESULT: undefined
COMMAND: POST /session/130ef63994e902c9deb83fe717a4bbca/execute/async - {"script":"<script> [6424 bytes]","args":[{"element-6066-11e4-a52e-4f735466cecf":"f.DBA113373209FD8E36DE67C53790246B.d.3B17AABA7A13C07F69D16B0FDDDB778A.e.14859"},"getText",[]]}
RESULT: {"script":"<script> [6424 bytes]","args":[{"element-6066-11e4-a52e-4f735466cecf":"f.DBA113373209FD8E36DE67C53790246B.d.3B17AABA7A13C07F69D16B0FDDDB778A.e.14859"},"getText",[]]}
COMMAND: POST /session/130ef63994e902c9deb83fe717a4bbca/execute/async - {"script":"<script> [1562 bytes]","args":[{"selector":{"id":"application-managepricingrules-display-component---newInfoPriceItem--condValidTo","interaction":{"idSuffix":"inner"}},"wdio_ui5_key":"applicationmanagepricingrules-display-component---newInfoPriceItem--condValidTo"}]}
RESULT: {"script":"<script> [1562 bytes]","args":[{"selector":{"id":"application-managepricingrules-display-component---newInfoPriceItem--condValidTo","interaction":{"idSuffix":"inner"}},"wdio_ui5_key":"applicationmanagepricingrules-display-component---newInfoPriceItem--condValidTo"}]}
RESULT: undefined
COMMAND: POST /session/130ef63994e902c9deb83fe717a4bbca/execute/async - {"script":"<script> [776 bytes]","args":[{"enterText":"1/24/26","selector":{"id":"application-managepricingrules-display-component---newInfoPriceItem--condValidTo","interaction":{"idSuffix":"inner"}},"clearTextFirst":true,"interactionType":"ENTER_TEXT"}]}
RESULT: {"script":"<script> [776 bytes]","args":[{"enterText":"1/24/26","selector":{"id":"application-managepricingrules-display-component---newInfoPriceItem--condValidTo","interaction":{"idSuffix":"inner"}},"clearTextFirst":true,"interactionType":"ENTER_TEXT"}]}
COMMAND: POST /session/130ef63994e902c9deb83fe717a4bbca/execute/async - {"script":"<script> [1562 bytes]","args":[{"selector":{"id":"application-managepricingrules-display-component---newInfoPriceItem--billType-arrow"},"wdio_ui5_key":"applicationmanagepricingrules-display-component---newInfoPriceItem--billType-arrow"}]}
RESULT: {"script":"<script> [1562 bytes]","args":[{"selector":{"id":"application-managepricingrules-display-component---newInfoPriceItem--billType-arrow"},"wdio_ui5_key":"applicationmanagepricingrules-display-component---newInfoPriceItem--billType-arrow"}]}
RESULT: undefined
COMMAND: POST /session/130ef63994e902c9deb83fe717a4bbca/element - {"using":"xpath","value":"//*[@id=\"application-managepricingrules-display-component---newInfoPriceItem--billType-arrow\"]"}
RESULT: {"using":"xpath","value":"//*[@id=\"application-managepricingrules-display-component---newInfoPriceItem--billType-arrow\"]"}
COMMAND: POST /session/130ef63994e902c9deb83fe717a4bbca/element/f.DBA113373209FD8E36DE67C53790246B.d.3B17AABA7A13C07F69D16B0FDDDB778A.e.14861/click - {}
RESULT: {}
COMMAND: POST /session/130ef63994e902c9deb83fe717a4bbca/element - {"using":"xpath","value":"//span[contains(text(), \"PB - Performance based\")]"}
COMMAND: GET /session/130ef63994e902c9deb83fe717a4bbca/screenshot - {}
RESULT: {"using":"xpath","value":"//span[contains(text(), \"PB - Performance based\")]"}
COMMAND: POST /session/130ef63994e902c9deb83fe717a4bbca/element/f.DBA113373209FD8E36DE67C53790246B.d.3B17AABA7A13C07F69D16B0FDDDB778A.e.14862/click - {}
RESULT: {}
RESULT: {}
COMMAND: POST /session/130ef63994e902c9deb83fe717a4bbca/execute/async - {"script":"<script> [1562 bytes]","args":[{"selector":{"id":"application-managepricingrules-display-component---newInfoPriceItem--priceProc-arrow"},"wdio_ui5_key":"applicationmanagepricingrules-display-component---newInfoPriceItem--priceProc-arrow"}]}
COMMAND: GET /session/130ef63994e902c9deb83fe717a4bbca/screenshot - {}
RESULT: {"script":"<script> [1562 bytes]","args":[{"selector":{"id":"application-managepricingrules-display-component---newInfoPriceItem--priceProc-arrow"},"wdio_ui5_key":"applicationmanagepricingrules-display-component---newInfoPriceItem--priceProc-arrow"}]}
RESULT: undefined
COMMAND: POST /session/130ef63994e902c9deb83fe717a4bbca/element - {"using":"xpath","value":"//*[@id=\"application-managepricingrules-display-component---newInfoPriceItem--priceProc-arrow\"]"}
RESULT: {}
RESULT: {"using":"xpath","value":"//*[@id=\"application-managepricingrules-display-component---newInfoPriceItem--priceProc-arrow\"]"}
COMMAND: POST /session/130ef63994e902c9deb83fe717a4bbca/element/f.DBA113373209FD8E36DE67C53790246B.d.3B17AABA7A13C07F69D16B0FDDDB778A.e.14825/click - {}
RESULT: {}
COMMAND: POST /session/130ef63994e902c9deb83fe717a4bbca/element - {"using":"xpath","value":"//span[contains(text(), \"PRF - Performance based\")]"}
COMMAND: GET /session/130ef63994e902c9deb83fe717a4bbca/screenshot - {}
RESULT: {"using":"xpath","value":"//span[contains(text(), \"PRF - Performance based\")]"}
COMMAND: POST /session/130ef63994e902c9deb83fe717a4bbca/element/f.DBA113373209FD8E36DE67C53790246B.d.3B17AABA7A13C07F69D16B0FDDDB778A.e.14863/click - {}
RESULT: {}
RESULT: {}
COMMAND: POST /session/130ef63994e902c9deb83fe717a4bbca/execute/async - {"script":"<script> [1562 bytes]","args":[{"selector":{"id":"application-managepricingrules-display-component---newInfoPriceItem--calcBase-arrow"},"wdio_ui5_key":"applicationmanagepricingrules-display-component---newInfoPriceItem--calcBase-arrow"}]}
COMMAND: GET /session/130ef63994e902c9deb83fe717a4bbca/screenshot - {}
RESULT: {"script":"<script> [1562 bytes]","args":[{"selector":{"id":"application-managepricingrules-display-component---newInfoPriceItem--calcBase-arrow"},"wdio_ui5_key":"applicationmanagepricingrules-display-component---newInfoPriceItem--calcBase-arrow"}]}
RESULT: undefined
COMMAND: POST /session/130ef63994e902c9deb83fe717a4bbca/element - {"using":"xpath","value":"//*[@id=\"application-managepricingrules-display-component---newInfoPriceItem--calcBase-arrow\"]"}
RESULT: {}
RESULT: {"using":"xpath","value":"//*[@id=\"application-managepricingrules-display-component---newInfoPriceItem--calcBase-arrow\"]"}
COMMAND: POST /session/130ef63994e902c9deb83fe717a4bbca/element/f.DBA113373209FD8E36DE67C53790246B.d.3B17AABA7A13C07F69D16B0FDDDB778A.e.14832/click - {}
RESULT: {}
COMMAND: GET /session/130ef63994e902c9deb83fe717a4bbca/screenshot - {}
RESULT: {}
COMMAND: POST /session/130ef63994e902c9deb83fe717a4bbca/element - {"using":"xpath","value":"//span[contains(text(), \"0007 - PB(work days)\")]"}
RESULT: {"using":"xpath","value":"//span[contains(text(), \"0007 - PB(work days)\")]"}
COMMAND: POST /session/130ef63994e902c9deb83fe717a4bbca/element/f.DBA113373209FD8E36DE67C53790246B.d.3B17AABA7A13C07F69D16B0FDDDB778A.e.14864/click - {}
RESULT: {}
COMMAND: GET /session/130ef63994e902c9deb83fe717a4bbca/screenshot - {}
RESULT: {}
COMMAND: POST /session/130ef63994e902c9deb83fe717a4bbca/execute/async - {"script":"<script> [1562 bytes]","args":[{"selector":{"id":"application-managepricingrules-display-component---newInfoPriceItem--hoursMonth","interaction":{"idSuffix":"inner"}},"wdio_ui5_key":"applicationmanagepricingrules-display-component---newInfoPriceItem--hoursMonth"}]}
RESULT: {"script":"<script> [1562 bytes]","args":[{"selector":{"id":"application-managepricingrules-display-component---newInfoPriceItem--hoursMonth","interaction":{"idSuffix":"inner"}},"wdio_ui5_key":"applicationmanagepricingrules-display-component---newInfoPriceItem--hoursMonth"}]}
RESULT: undefined
COMMAND: POST /session/130ef63994e902c9deb83fe717a4bbca/execute/async - {"script":"<script> [776 bytes]","args":[{"enterText":"160","selector":{"id":"application-managepricingrules-display-component---newInfoPriceItem--hoursMonth","interaction":{"idSuffix":"inner"}},"clearTextFirst":true,"interactionType":"ENTER_TEXT"}]}
RESULT: {"script":"<script> [776 bytes]","args":[{"enterText":"160","selector":{"id":"application-managepricingrules-display-component---newInfoPriceItem--hoursMonth","interaction":{"idSuffix":"inner"}},"clearTextFirst":true,"interactionType":"ENTER_TEXT"}]}
COMMAND: POST /session/130ef63994e902c9deb83fe717a4bbca/element - {"using":"xpath","value":"//button[@data-kt=\"saveNewRuleButton\"]"}
RESULT: {"using":"xpath","value":"//button[@data-kt=\"saveNewRuleButton\"]"}
COMMAND: POST /session/130ef63994e902c9deb83fe717a4bbca/element/f.DBA113373209FD8E36DE67C53790246B.d.3B17AABA7A13C07F69D16B0FDDDB778A.e.14849/click - {}
RESULT: {}
COMMAND: GET /session/130ef63994e902c9deb83fe717a4bbca/screenshot - {}
RESULT: {}
COMMAND: POST /session/130ef63994e902c9deb83fe717a4bbca/execute/async - {"script":"<script> [1562 bytes]","args":[{"selector":{"id":"application-managepricingrules-display-component---priceInfoItem--smartFilterBar-btnBasicSearch","interaction":{"idSuffix":"I"}},"wdio_ui5_key":"applicationmanagepricingrules-display-component---priceInfoItem--smartFilterBar-btnBasicSearch"}]}
RESULT: {"script":"<script> [1562 bytes]","args":[{"selector":{"id":"application-managepricingrules-display-component---priceInfoItem--smartFilterBar-btnBasicSearch","interaction":{"idSuffix":"I"}},"wdio_ui5_key":"applicationmanagepricingrules-display-component---priceInfoItem--smartFilterBar-btnBasicSearch"}]}
RESULT: undefined
COMMAND: POST /session/130ef63994e902c9deb83fe717a4bbca/execute/async - {"script":"<script> [776 bytes]","args":[{"enterText":"xiZlxaXhjO","selector":{"id":"application-managepricingrules-display-component---priceInfoItem--smartFilterBar-btnBasicSearch","interaction":{"idSuffix":"I"}},"clearTextFirst":true,"interactionType":"ENTER_TEXT"}]}
RESULT: {"script":"<script> [776 bytes]","args":[{"enterText":"xiZlxaXhjO","selector":{"id":"application-managepricingrules-display-component---priceInfoItem--smartFilterBar-btnBasicSearch","interaction":{"idSuffix":"I"}},"clearTextFirst":true,"interactionType":"ENTER_TEXT"}]}
COMMAND: POST /session/130ef63994e902c9deb83fe717a4bbca/actions - {"actions":[{"id":"action56","type":"key","parameters":{},"actions":[{"type":"keyDown","value":""},{"type":"pause","duration":10},{"type":"keyUp","value":""}]}]}
RESULT: {"actions":[{"id":"action56","type":"key","parameters":{},"actions":[{"type":"keyDown","value":""},{"type":"pause","duration":10},{"type":"keyUp","value":""}]}]}
COMMAND: GET /session/130ef63994e902c9deb83fe717a4bbca/screenshot - {}
RESULT: {}
COMMAND: POST /session/130ef63994e902c9deb83fe717a4bbca/element - {"using":"xpath","value":"//span[@id=\"application-managepricingrules-display-component---priceInfoItem--smartTable-header-inner\"]"}
RESULT: {"using":"xpath","value":"//span[@id=\"application-managepricingrules-display-component---priceInfoItem--smartTable-header-inner\"]"}
COMMAND: POST /session/130ef63994e902c9deb83fe717a4bbca/elements - {"using":"xpath","value":"//span[@id=\"application-managepricingrules-display-component---priceInfoItem--smartTable-header-inner\"]"}
RESULT: {"using":"xpath","value":"//span[@id=\"application-managepricingrules-display-component---priceInfoItem--smartTable-header-inner\"]"}
COMMAND: POST /session/130ef63994e902c9deb83fe717a4bbca/execute/sync - {"script":"<script> [56 bytes]","args":[{"element-6066-11e4-a52e-4f735466cecf":"f.DBA113373209FD8E36DE67C53790246B.d.3B17AABA7A13C07F69D16B0FDDDB778A.e.14878","ELEMENT":"f.DBA113373209FD8E36DE67C53790246B.d.3B17AABA7A13C07F69D16B0FDDDB778A.e.14878"}]}
RESULT: {"script":"<script> [56 bytes]","args":[{"element-6066-11e4-a52e-4f735466cecf":"f.DBA113373209FD8E36DE67C53790246B.d.3B17AABA7A13C07F69D16B0FDDDB778A.e.14878","ELEMENT":"f.DBA113373209FD8E36DE67C53790246B.d.3B17AABA7A13C07F69D16B0FDDDB778A.e.14878"}]}
COMMAND: POST /session/130ef63994e902c9deb83fe717a4bbca/element - {"using":"css selector","value":"#shell-header-logo"}
COMMAND: GET /session/130ef63994e902c9deb83fe717a4bbca/screenshot - {}
RESULT: {"using":"css selector","value":"#shell-header-logo"}
COMMAND: POST /session/130ef63994e902c9deb83fe717a4bbca/element/f.DBA113373209FD8E36DE67C53790246B.d.3B17AABA7A13C07F69D16B0FDDDB778A.e.13987/click - {}
RESULT: {}
RESULT: {}
COMMAND: GET /session/130ef63994e902c9deb83fe717a4bbca/screenshot - {}
RESULT: {}
]]></system-out>
    </testcase>
    <testcase classname="chrome.136_0_7103_93.windows.Performance_based_billing_(work_days)_US139742" name="Should create a performance based billing condition on the equipment" time="68.225">
      <system-out><![CDATA[
COMMAND: POST /session/130ef63994e902c9deb83fe717a4bbca/execute/async - {"script":"<script> [1562 bytes]","args":[{"selector":{"controlType":"sap.m.GenericTile","properties":{"header":"Manage Conditions & Prices"}},"wdio_ui5_key":"sapm.GenericTile{\"header\":\"Manage Conditions & Prices\"}"}]}
RESULT: {"script":"<script> [1562 bytes]","args":[{"selector":{"controlType":"sap.m.GenericTile","properties":{"header":"Manage Conditions & Prices"}},"wdio_ui5_key":"sapm.GenericTile{\"header\":\"Manage Conditions & Prices\"}"}]}
RESULT: undefined
COMMAND: POST /session/130ef63994e902c9deb83fe717a4bbca/element - {"using":"xpath","value":"//*[@id=\"__tile53\"]"}
RESULT: {"using":"xpath","value":"//*[@id=\"__tile53\"]"}
COMMAND: POST /session/130ef63994e902c9deb83fe717a4bbca/element/f.DBA113373209FD8E36DE67C53790246B.d.3B17AABA7A13C07F69D16B0FDDDB778A.e.13934/click - {}
RESULT: {}
COMMAND: GET /session/130ef63994e902c9deb83fe717a4bbca/screenshot - {}
RESULT: {}
COMMAND: POST /session/130ef63994e902c9deb83fe717a4bbca/elements - {"using":"xpath","value":"//span[text()='Error']"}
RESULT: {"using":"xpath","value":"//span[text()='Error']"}
COMMAND: POST /session/130ef63994e902c9deb83fe717a4bbca/element - {"using":"xpath","value":"//button[@aria-label=\"Create\"]"}
RESULT: {"using":"xpath","value":"//button[@aria-label=\"Create\"]"}
COMMAND: POST /session/130ef63994e902c9deb83fe717a4bbca/elements - {"using":"xpath","value":"//button[@aria-label=\"Create\"]"}
RESULT: {"using":"xpath","value":"//button[@aria-label=\"Create\"]"}
COMMAND: POST /session/130ef63994e902c9deb83fe717a4bbca/execute/sync - {"script":"<script> [8489 bytes]","args":[{"element-6066-11e4-a52e-4f735466cecf":"f.DBA113373209FD8E36DE67C53790246B.d.3B17AABA7A13C07F69D16B0FDDDB778A.e.14913","ELEMENT":"f.DBA113373209FD8E36DE67C53790246B.d.3B17AABA7A13C07F69D16B0FDDDB778A.e.14913"}]}
RESULT: {"script":"<script> [8489 bytes]","args":[{"element-6066-11e4-a52e-4f735466cecf":"f.DBA113373209FD8E36DE67C53790246B.d.3B17AABA7A13C07F69D16B0FDDDB778A.e.14913","ELEMENT":"f.DBA113373209FD8E36DE67C53790246B.d.3B17AABA7A13C07F69D16B0FDDDB778A.e.14913"}]}
COMMAND: GET /session/130ef63994e902c9deb83fe717a4bbca/element/f.DBA113373209FD8E36DE67C53790246B.d.3B17AABA7A13C07F69D16B0FDDDB778A.e.14913/enabled - {}
COMMAND: GET /session/130ef63994e902c9deb83fe717a4bbca/screenshot - {}
RESULT: {}
COMMAND: POST /session/130ef63994e902c9deb83fe717a4bbca/execute/sync - {"script":"<script> [8489 bytes]","args":[{"element-6066-11e4-a52e-4f735466cecf":"f.DBA113373209FD8E36DE67C53790246B.d.3B17AABA7A13C07F69D16B0FDDDB778A.e.14913","ELEMENT":"f.DBA113373209FD8E36DE67C53790246B.d.3B17AABA7A13C07F69D16B0FDDDB778A.e.14913"}]}
COMMAND: GET /session/130ef63994e902c9deb83fe717a4bbca/screenshot - {}
RESULT: {}
RESULT: {"script":"<script> [8489 bytes]","args":[{"element-6066-11e4-a52e-4f735466cecf":"f.DBA113373209FD8E36DE67C53790246B.d.3B17AABA7A13C07F69D16B0FDDDB778A.e.14913","ELEMENT":"f.DBA113373209FD8E36DE67C53790246B.d.3B17AABA7A13C07F69D16B0FDDDB778A.e.14913"}]}
COMMAND: POST /session/130ef63994e902c9deb83fe717a4bbca/execute/sync - {"script":"<script> [5351 bytes]","args":[{"element-6066-11e4-a52e-4f735466cecf":"f.DBA113373209FD8E36DE67C53790246B.d.3B17AABA7A13C07F69D16B0FDDDB778A.e.14913","ELEMENT":"f.DBA113373209FD8E36DE67C53790246B.d.3B17AABA7A13C07F69D16B0FDDDB778A.e.14913"}]}
COMMAND: GET /session/130ef63994e902c9deb83fe717a4bbca/screenshot - {}
RESULT: {}
RESULT: {"script":"<script> [5351 bytes]","args":[{"element-6066-11e4-a52e-4f735466cecf":"f.DBA113373209FD8E36DE67C53790246B.d.3B17AABA7A13C07F69D16B0FDDDB778A.e.14913","ELEMENT":"f.DBA113373209FD8E36DE67C53790246B.d.3B17AABA7A13C07F69D16B0FDDDB778A.e.14913"}]}
COMMAND: POST /session/130ef63994e902c9deb83fe717a4bbca/element/f.DBA113373209FD8E36DE67C53790246B.d.3B17AABA7A13C07F69D16B0FDDDB778A.e.14913/click - {}
COMMAND: GET /session/130ef63994e902c9deb83fe717a4bbca/screenshot - {}
RESULT: {}
RESULT: {}
COMMAND: GET /session/130ef63994e902c9deb83fe717a4bbca/screenshot - {}
RESULT: {}
RESULT: {}
COMMAND: POST /session/130ef63994e902c9deb83fe717a4bbca/actions - {"actions":[{"id":"action57","type":"key","parameters":{},"actions":[{"type":"keyDown","value":""},{"type":"pause","duration":10},{"type":"keyUp","value":""}]}]}
RESULT: {"actions":[{"id":"action57","type":"key","parameters":{},"actions":[{"type":"keyDown","value":""},{"type":"pause","duration":10},{"type":"keyUp","value":""}]}]}
COMMAND: GET /session/130ef63994e902c9deb83fe717a4bbca/screenshot - {}
RESULT: {}
COMMAND: POST /session/130ef63994e902c9deb83fe717a4bbca/execute/async - {"script":"<script> [1562 bytes]","args":[{"selector":{"id":"application-manageconditionprice-display-component---newCondition--condBillCond-arrow"},"wdio_ui5_key":"applicationmanageconditionprice-display-component---newCondition--condBillCond-arrow"}]}
RESULT: {"script":"<script> [1562 bytes]","args":[{"selector":{"id":"application-manageconditionprice-display-component---newCondition--condBillCond-arrow"},"wdio_ui5_key":"applicationmanageconditionprice-display-component---newCondition--condBillCond-arrow"}]}
RESULT: undefined
COMMAND: POST /session/130ef63994e902c9deb83fe717a4bbca/element - {"using":"xpath","value":"//*[@id=\"application-manageconditionprice-display-component---newCondition--condBillCond-arrow\"]"}
RESULT: {"using":"xpath","value":"//*[@id=\"application-manageconditionprice-display-component---newCondition--condBillCond-arrow\"]"}
COMMAND: POST /session/130ef63994e902c9deb83fe717a4bbca/element/f.DBA113373209FD8E36DE67C53790246B.d.3B17AABA7A13C07F69D16B0FDDDB778A.e.15092/click - {}
RESULT: {}
COMMAND: GET /session/130ef63994e902c9deb83fe717a4bbca/screenshot - {}
RESULT: {}
COMMAND: POST /session/130ef63994e902c9deb83fe717a4bbca/element - {"using":"xpath","value":"//li[.//span[contains(text(), \"PC06 - Performance Price - fuel\")]]"}
RESULT: {"using":"xpath","value":"//li[.//span[contains(text(), \"PC06 - Performance Price - fuel\")]]"}
COMMAND: POST /session/130ef63994e902c9deb83fe717a4bbca/element/f.DBA113373209FD8E36DE67C53790246B.d.3B17AABA7A13C07F69D16B0FDDDB778A.e.15095/click - {}
RESULT: {}
COMMAND: GET /session/130ef63994e902c9deb83fe717a4bbca/screenshot - {}
RESULT: {}
COMMAND: POST /session/130ef63994e902c9deb83fe717a4bbca/execute/async - {"script":"<script> [1562 bytes]","args":[{"selector":{"id":"application-manageconditionprice-display-component---newCondition--condValidTo","interaction":{"idSuffix":"inner"}},"wdio_ui5_key":"applicationmanageconditionprice-display-component---newCondition--condValidTo"}]}
RESULT: {"script":"<script> [1562 bytes]","args":[{"selector":{"id":"application-manageconditionprice-display-component---newCondition--condValidTo","interaction":{"idSuffix":"inner"}},"wdio_ui5_key":"applicationmanageconditionprice-display-component---newCondition--condValidTo"}]}
RESULT: undefined
COMMAND: POST /session/130ef63994e902c9deb83fe717a4bbca/execute/async - {"script":"<script> [776 bytes]","args":[{"enterText":"1/24/26","selector":{"id":"application-manageconditionprice-display-component---newCondition--condValidTo","interaction":{"idSuffix":"inner"}},"clearTextFirst":true,"interactionType":"ENTER_TEXT"}]}
RESULT: {"script":"<script> [776 bytes]","args":[{"enterText":"1/24/26","selector":{"id":"application-manageconditionprice-display-component---newCondition--condValidTo","interaction":{"idSuffix":"inner"}},"clearTextFirst":true,"interactionType":"ENTER_TEXT"}]}
COMMAND: POST /session/130ef63994e902c9deb83fe717a4bbca/element - {"using":"xpath","value":"//input[@id=\"application-manageconditionprice-display-component---newCondition--condRU-inner\"]"}
RESULT: {"using":"xpath","value":"//input[@id=\"application-manageconditionprice-display-component---newCondition--condRU-inner\"]"}
COMMAND: POST /session/130ef63994e902c9deb83fe717a4bbca/element/f.DBA113373209FD8E36DE67C53790246B.d.3B17AABA7A13C07F69D16B0FDDDB778A.e.14958/clear - {}
RESULT: {}
COMMAND: POST /session/130ef63994e902c9deb83fe717a4bbca/element/f.DBA113373209FD8E36DE67C53790246B.d.3B17AABA7A13C07F69D16B0FDDDB778A.e.14958/value - {"text":"xiZlxaXhjO"}
COMMAND: GET /session/130ef63994e902c9deb83fe717a4bbca/screenshot - {}
RESULT: {"text":"xiZlxaXhjO"}
COMMAND: GET /session/130ef63994e902c9deb83fe717a4bbca/screenshot - {}
RESULT: {}
RESULT: {}
COMMAND: POST /session/130ef63994e902c9deb83fe717a4bbca/actions - {"actions":[{"id":"action58","type":"key","parameters":{},"actions":[{"type":"keyDown","value":""},{"type":"pause","duration":10},{"type":"keyUp","value":""}]}]}
RESULT: {"actions":[{"id":"action58","type":"key","parameters":{},"actions":[{"type":"keyDown","value":""},{"type":"pause","duration":10},{"type":"keyUp","value":""}]}]}
COMMAND: POST /session/130ef63994e902c9deb83fe717a4bbca/execute/async - {"script":"<script> [1562 bytes]","args":[{"selector":{"id":"application-manageconditionprice-display-component---newCondition--condBaseQty","interaction":{"idSuffix":"inner"}},"wdio_ui5_key":"applicationmanageconditionprice-display-component---newCondition--condBaseQty"}]}
COMMAND: GET /session/130ef63994e902c9deb83fe717a4bbca/screenshot - {}
RESULT: {"script":"<script> [1562 bytes]","args":[{"selector":{"id":"application-manageconditionprice-display-component---newCondition--condBaseQty","interaction":{"idSuffix":"inner"}},"wdio_ui5_key":"applicationmanageconditionprice-display-component---newCondition--condBaseQty"}]}
RESULT: undefined
COMMAND: POST /session/130ef63994e902c9deb83fe717a4bbca/execute/async - {"script":"<script> [776 bytes]","args":[{"enterText":"1","selector":{"id":"application-manageconditionprice-display-component---newCondition--condBaseQty","interaction":{"idSuffix":"inner"}},"clearTextFirst":true,"interactionType":"ENTER_TEXT"}]}
RESULT: {}
RESULT: {"script":"<script> [776 bytes]","args":[{"enterText":"1","selector":{"id":"application-manageconditionprice-display-component---newCondition--condBaseQty","interaction":{"idSuffix":"inner"}},"clearTextFirst":true,"interactionType":"ENTER_TEXT"}]}
COMMAND: POST /session/130ef63994e902c9deb83fe717a4bbca/execute/async - {"script":"<script> [1562 bytes]","args":[{"selector":{"id":"application-manageconditionprice-display-component---newCondition--condValue","interaction":{"idSuffix":"inner"}},"wdio_ui5_key":"applicationmanageconditionprice-display-component---newCondition--condValue"}]}
RESULT: {"script":"<script> [1562 bytes]","args":[{"selector":{"id":"application-manageconditionprice-display-component---newCondition--condValue","interaction":{"idSuffix":"inner"}},"wdio_ui5_key":"applicationmanageconditionprice-display-component---newCondition--condValue"}]}
RESULT: undefined
COMMAND: POST /session/130ef63994e902c9deb83fe717a4bbca/execute/async - {"script":"<script> [776 bytes]","args":[{"enterText":"10","selector":{"id":"application-manageconditionprice-display-component---newCondition--condValue","interaction":{"idSuffix":"inner"}},"clearTextFirst":true,"interactionType":"ENTER_TEXT"}]}
RESULT: {"script":"<script> [776 bytes]","args":[{"enterText":"10","selector":{"id":"application-manageconditionprice-display-component---newCondition--condValue","interaction":{"idSuffix":"inner"}},"clearTextFirst":true,"interactionType":"ENTER_TEXT"}]}
COMMAND: POST /session/130ef63994e902c9deb83fe717a4bbca/execute/async - {"script":"<script> [1562 bytes]","args":[{"selector":{"id":"application-manageconditionprice-display-component---newCondition--condCurr-arrow"},"wdio_ui5_key":"applicationmanageconditionprice-display-component---newCondition--condCurr-arrow"}]}
RESULT: {"script":"<script> [1562 bytes]","args":[{"selector":{"id":"application-manageconditionprice-display-component---newCondition--condCurr-arrow"},"wdio_ui5_key":"applicationmanageconditionprice-display-component---newCondition--condCurr-arrow"}]}
RESULT: undefined
COMMAND: POST /session/130ef63994e902c9deb83fe717a4bbca/element - {"using":"xpath","value":"//*[@id=\"application-manageconditionprice-display-component---newCondition--condCurr-arrow\"]"}
RESULT: {"using":"xpath","value":"//*[@id=\"application-manageconditionprice-display-component---newCondition--condCurr-arrow\"]"}
COMMAND: POST /session/130ef63994e902c9deb83fe717a4bbca/element/f.DBA113373209FD8E36DE67C53790246B.d.3B17AABA7A13C07F69D16B0FDDDB778A.e.15048/click - {}
RESULT: {}
COMMAND: POST /session/130ef63994e902c9deb83fe717a4bbca/element - {"using":"xpath","value":"//span[contains(text(), \"Euro\")]"}
COMMAND: GET /session/130ef63994e902c9deb83fe717a4bbca/screenshot - {}
RESULT: {"using":"xpath","value":"//span[contains(text(), \"Euro\")]"}
COMMAND: POST /session/130ef63994e902c9deb83fe717a4bbca/element/f.DBA113373209FD8E36DE67C53790246B.d.3B17AABA7A13C07F69D16B0FDDDB778A.e.15132/click - {}
RESULT: {}
RESULT: {}
COMMAND: POST /session/130ef63994e902c9deb83fe717a4bbca/element - {"using":"xpath","value":"//button[@data-kt=\"saveButton\"]"}
COMMAND: GET /session/130ef63994e902c9deb83fe717a4bbca/screenshot - {}
RESULT: {"using":"xpath","value":"//button[@data-kt=\"saveButton\"]"}
COMMAND: POST /session/130ef63994e902c9deb83fe717a4bbca/element/f.DBA113373209FD8E36DE67C53790246B.d.3B17AABA7A13C07F69D16B0FDDDB778A.e.15049/click - {}
RESULT: {}
RESULT: {}
COMMAND: GET /session/130ef63994e902c9deb83fe717a4bbca/screenshot - {}
RESULT: {}
COMMAND: POST /session/130ef63994e902c9deb83fe717a4bbca/execute/async - {"script":"<script> [1562 bytes]","args":[{"selector":{"id":"application-manageconditionprice-display-component---conditions--smartFilterBar-btnBasicSearch","interaction":{"idSuffix":"I"}},"wdio_ui5_key":"applicationmanageconditionprice-display-component---conditions--smartFilterBar-btnBasicSearch"}]}
RESULT: {"script":"<script> [1562 bytes]","args":[{"selector":{"id":"application-manageconditionprice-display-component---conditions--smartFilterBar-btnBasicSearch","interaction":{"idSuffix":"I"}},"wdio_ui5_key":"applicationmanageconditionprice-display-component---conditions--smartFilterBar-btnBasicSearch"}]}
RESULT: undefined
COMMAND: POST /session/130ef63994e902c9deb83fe717a4bbca/execute/async - {"script":"<script> [776 bytes]","args":[{"enterText":"xiZlxaXhjO","selector":{"id":"application-manageconditionprice-display-component---conditions--smartFilterBar-btnBasicSearch","interaction":{"idSuffix":"I"}},"clearTextFirst":true,"interactionType":"ENTER_TEXT"}]}
RESULT: {"script":"<script> [776 bytes]","args":[{"enterText":"xiZlxaXhjO","selector":{"id":"application-manageconditionprice-display-component---conditions--smartFilterBar-btnBasicSearch","interaction":{"idSuffix":"I"}},"clearTextFirst":true,"interactionType":"ENTER_TEXT"}]}
COMMAND: POST /session/130ef63994e902c9deb83fe717a4bbca/actions - {"actions":[{"id":"action59","type":"key","parameters":{},"actions":[{"type":"keyDown","value":""},{"type":"pause","duration":10},{"type":"keyUp","value":""}]}]}
RESULT: {"actions":[{"id":"action59","type":"key","parameters":{},"actions":[{"type":"keyDown","value":""},{"type":"pause","duration":10},{"type":"keyUp","value":""}]}]}
COMMAND: GET /session/130ef63994e902c9deb83fe717a4bbca/screenshot - {}
RESULT: {}
COMMAND: POST /session/130ef63994e902c9deb83fe717a4bbca/execute/async - {"script":"<script> [1562 bytes]","args":[{"selector":{"id":"application-manageconditionprice-display-component---conditions--smartFilterBar-filterItemControl_BASIC-BILL_TYPES-vhi"},"wdio_ui5_key":"applicationmanageconditionprice-display-component---conditions--smartFilterBar-filterItemControl_BASIC-BILL_TYPES-vhi"}]}
RESULT: {"script":"<script> [1562 bytes]","args":[{"selector":{"id":"application-manageconditionprice-display-component---conditions--smartFilterBar-filterItemControl_BASIC-BILL_TYPES-vhi"},"wdio_ui5_key":"applicationmanageconditionprice-display-component---conditions--smartFilterBar-filterItemControl_BASIC-BILL_TYPES-vhi"}]}
RESULT: undefined
COMMAND: POST /session/130ef63994e902c9deb83fe717a4bbca/element - {"using":"xpath","value":"//*[@id=\"application-manageconditionprice-display-component---conditions--smartFilterBar-filterItemControl_BASIC-BILL_TYPES-vhi\"]"}
RESULT: {"using":"xpath","value":"//*[@id=\"application-manageconditionprice-display-component---conditions--smartFilterBar-filterItemControl_BASIC-BILL_TYPES-vhi\"]"}
COMMAND: POST /session/130ef63994e902c9deb83fe717a4bbca/element/f.DBA113373209FD8E36DE67C53790246B.d.3B17AABA7A13C07F69D16B0FDDDB778A.e.15149/click - {}
RESULT: {}
COMMAND: POST /session/130ef63994e902c9deb83fe717a4bbca/execute/async - {"script":"<script> [1562 bytes]","args":[{"selector":{"id":"application-manageconditionprice-display-component---conditions--smartFilterBar-filterItemControl_BASIC-BILL_TYPES-valueHelpDialog-smartFilterBar-btnBasicSearch","searchOpenDialogs":true,"interaction":{"idSuffix":"I"}},"wdio_ui5_key":"applicationmanageconditionprice-display-component---conditions--smartFilterBar-filterItemControl_BASIC-BILL_TYPES-valueHelpDialog-smartFilterBar-btnBasicSearch"}]}
COMMAND: GET /session/130ef63994e902c9deb83fe717a4bbca/screenshot - {}
RESULT: {"script":"<script> [1562 bytes]","args":[{"selector":{"id":"application-manageconditionprice-display-component---conditions--smartFilterBar-filterItemControl_BASIC-BILL_TYPES-valueHelpDialog-smartFilterBar-btnBasicSearch","searchOpenDialogs":true,"interaction":{"idSuffix":"I"}},"wdio_ui5_key":"applicationmanageconditionprice-display-component---conditions--smartFilterBar-filterItemControl_BASIC-BILL_TYPES-valueHelpDialog-smartFilterBar-btnBasicSearch"}]}
RESULT: undefined
COMMAND: POST /session/130ef63994e902c9deb83fe717a4bbca/execute/async - {"script":"<script> [776 bytes]","args":[{"enterText":"PB","selector":{"id":"application-manageconditionprice-display-component---conditions--smartFilterBar-filterItemControl_BASIC-BILL_TYPES-valueHelpDialog-smartFilterBar-btnBasicSearch","searchOpenDialogs":true,"interaction":{"idSuffix":"I"}},"clearTextFirst":true,"interactionType":"ENTER_TEXT"}]}
RESULT: {}
RESULT: {"script":"<script> [776 bytes]","args":[{"enterText":"PB","selector":{"id":"application-manageconditionprice-display-component---conditions--smartFilterBar-filterItemControl_BASIC-BILL_TYPES-valueHelpDialog-smartFilterBar-btnBasicSearch","searchOpenDialogs":true,"interaction":{"idSuffix":"I"}},"clearTextFirst":true,"interactionType":"ENTER_TEXT"}]}
COMMAND: POST /session/130ef63994e902c9deb83fe717a4bbca/actions - {"actions":[{"id":"action60","type":"key","parameters":{},"actions":[{"type":"keyDown","value":""},{"type":"pause","duration":10},{"type":"keyUp","value":""}]}]}
RESULT: {"actions":[{"id":"action60","type":"key","parameters":{},"actions":[{"type":"keyDown","value":""},{"type":"pause","duration":10},{"type":"keyUp","value":""}]}]}
COMMAND: GET /session/130ef63994e902c9deb83fe717a4bbca/screenshot - {}
RESULT: {}
COMMAND: POST /session/130ef63994e902c9deb83fe717a4bbca/element - {"using":"xpath","value":"//div[contains(@id, 'application-manageconditionprice-display-component---conditions--smartFilterBar-filterItemControl_BASIC-BILL_TYPES-valueHelpDialog-table-rowsel0')]"}
RESULT: {"using":"xpath","value":"//div[contains(@id, 'application-manageconditionprice-display-component---conditions--smartFilterBar-filterItemControl_BASIC-BILL_TYPES-valueHelpDialog-table-rowsel0')]"}
COMMAND: POST /session/130ef63994e902c9deb83fe717a4bbca/element/f.DBA113373209FD8E36DE67C53790246B.d.3B17AABA7A13C07F69D16B0FDDDB778A.e.15159/click - {}
RESULT: {}
COMMAND: GET /session/130ef63994e902c9deb83fe717a4bbca/screenshot - {}
RESULT: {}
COMMAND: POST /session/130ef63994e902c9deb83fe717a4bbca/element - {"using":"xpath","value":"//bdi[contains(text(), \"OK\")]"}
RESULT: {"using":"xpath","value":"//bdi[contains(text(), \"OK\")]"}
COMMAND: POST /session/130ef63994e902c9deb83fe717a4bbca/element/f.DBA113373209FD8E36DE67C53790246B.d.3B17AABA7A13C07F69D16B0FDDDB778A.e.15161/click - {}
RESULT: {}
COMMAND: GET /session/130ef63994e902c9deb83fe717a4bbca/screenshot - {}
RESULT: {}
COMMAND: POST /session/130ef63994e902c9deb83fe717a4bbca/element - {"using":"xpath","value":"//span[@id=\"application-manageconditionprice-display-component---conditions--smartTable-header-inner\"]"}
RESULT: {"using":"xpath","value":"//span[@id=\"application-manageconditionprice-display-component---conditions--smartTable-header-inner\"]"}
COMMAND: POST /session/130ef63994e902c9deb83fe717a4bbca/elements - {"using":"xpath","value":"//span[@id=\"application-manageconditionprice-display-component---conditions--smartTable-header-inner\"]"}
RESULT: {"using":"xpath","value":"//span[@id=\"application-manageconditionprice-display-component---conditions--smartTable-header-inner\"]"}
COMMAND: POST /session/130ef63994e902c9deb83fe717a4bbca/execute/sync - {"script":"<script> [56 bytes]","args":[{"element-6066-11e4-a52e-4f735466cecf":"f.DBA113373209FD8E36DE67C53790246B.d.3B17AABA7A13C07F69D16B0FDDDB778A.e.15164","ELEMENT":"f.DBA113373209FD8E36DE67C53790246B.d.3B17AABA7A13C07F69D16B0FDDDB778A.e.15164"}]}
RESULT: {"script":"<script> [56 bytes]","args":[{"element-6066-11e4-a52e-4f735466cecf":"f.DBA113373209FD8E36DE67C53790246B.d.3B17AABA7A13C07F69D16B0FDDDB778A.e.15164","ELEMENT":"f.DBA113373209FD8E36DE67C53790246B.d.3B17AABA7A13C07F69D16B0FDDDB778A.e.15164"}]}
COMMAND: POST /session/130ef63994e902c9deb83fe717a4bbca/element - {"using":"css selector","value":"#shell-header-logo"}
COMMAND: GET /session/130ef63994e902c9deb83fe717a4bbca/screenshot - {}
RESULT: {"using":"css selector","value":"#shell-header-logo"}
COMMAND: POST /session/130ef63994e902c9deb83fe717a4bbca/element/f.DBA113373209FD8E36DE67C53790246B.d.3B17AABA7A13C07F69D16B0FDDDB778A.e.14881/click - {}
RESULT: {}
RESULT: {}
COMMAND: GET /session/130ef63994e902c9deb83fe717a4bbca/screenshot - {}
RESULT: {}
]]></system-out>
    </testcase>
    <testcase classname="chrome.136_0_7103_93.windows.Performance_based_billing_(work_days)_US139742" name="Should add a counter to the equipment" time="53.655">
      <failure/>
      <error message="element click intercepted: Element &lt;a id=&quot;shell-header-logo&quot; role=&quot;button&quot; title=&quot;Navigate to Home&quot; class=&quot;sapUshellShellIco&quot; href=&quot;#Shell-home&quot;>...&lt;/a> is not clickable at point (126, 22). Other element would receive the click: &lt;div id=&quot;sap-ui-blocklayer-popup&quot; tabindex=&quot;0&quot; class=&quot;sapUiBLy&quot; style=&quot;z-index: 279; visibility: visible;&quot;>&lt;/div>&#xA;  (Session info: chrome=136.0.7103.93)"/>
      <system-out><![CDATA[
RESULT: undefined
COMMAND: POST /session/130ef63994e902c9deb83fe717a4bbca/element - {"using":"xpath","value":"//*[@id=\"__tile39\"]"}
RESULT: {"using":"xpath","value":"//*[@id=\"__tile39\"]"}
COMMAND: POST /session/130ef63994e902c9deb83fe717a4bbca/element/f.DBA113373209FD8E36DE67C53790246B.d.3B17AABA7A13C07F69D16B0FDDDB778A.e.13887/click - {}
RESULT: {}
COMMAND: GET /session/130ef63994e902c9deb83fe717a4bbca/screenshot - {}
RESULT: {}
COMMAND: POST /session/130ef63994e902c9deb83fe717a4bbca/elements - {"using":"xpath","value":"//span[text()='Error']"}
RESULT: {"using":"xpath","value":"//span[text()='Error']"}
COMMAND: POST /session/130ef63994e902c9deb83fe717a4bbca/execute/async - {"script":"<script> [1562 bytes]","args":[{"selector":{"id":"application-manageresources-display-component---masterRU--smartFilterBar-btnBasicSearch","interaction":{"idSuffix":"I"}},"wdio_ui5_key":"applicationmanageresources-display-component---masterRU--smartFilterBar-btnBasicSearch"}]}
RESULT: {"script":"<script> [1562 bytes]","args":[{"selector":{"id":"application-manageresources-display-component---masterRU--smartFilterBar-btnBasicSearch","interaction":{"idSuffix":"I"}},"wdio_ui5_key":"applicationmanageresources-display-component---masterRU--smartFilterBar-btnBasicSearch"}]}
RESULT: undefined
COMMAND: POST /session/130ef63994e902c9deb83fe717a4bbca/execute/async - {"script":"<script> [776 bytes]","args":[{"enterText":"xiZlxaXhjO","selector":{"id":"application-manageresources-display-component---masterRU--smartFilterBar-btnBasicSearch","interaction":{"idSuffix":"I"}},"clearTextFirst":true,"interactionType":"ENTER_TEXT"}]}
RESULT: {"script":"<script> [776 bytes]","args":[{"enterText":"xiZlxaXhjO","selector":{"id":"application-manageresources-display-component---masterRU--smartFilterBar-btnBasicSearch","interaction":{"idSuffix":"I"}},"clearTextFirst":true,"interactionType":"ENTER_TEXT"}]}
COMMAND: POST /session/130ef63994e902c9deb83fe717a4bbca/actions - {"actions":[{"id":"action61","type":"key","parameters":{},"actions":[{"type":"keyDown","value":""},{"type":"pause","duration":10},{"type":"keyUp","value":""}]}]}
RESULT: {"actions":[{"id":"action61","type":"key","parameters":{},"actions":[{"type":"keyDown","value":""},{"type":"pause","duration":10},{"type":"keyUp","value":""}]}]}
COMMAND: GET /session/130ef63994e902c9deb83fe717a4bbca/screenshot - {}
RESULT: {}
COMMAND: POST /session/130ef63994e902c9deb83fe717a4bbca/execute/async - {"script":"<script> [1562 bytes]","args":[{"selector":{"id":"application-manageresources-display-component---masterRU--smartTable-header"},"wdio_ui5_key":"applicationmanageresources-display-component---masterRU--smartTable-header"}]}
RESULT: {"script":"<script> [1562 bytes]","args":[{"selector":{"id":"application-manageresources-display-component---masterRU--smartTable-header"},"wdio_ui5_key":"applicationmanageresources-display-component---masterRU--smartTable-header"}]}
RESULT: undefined
COMMAND: POST /session/130ef63994e902c9deb83fe717a4bbca/execute/async - {"script":"<script> [6424 bytes]","args":[{"element-6066-11e4-a52e-4f735466cecf":"f.DBA113373209FD8E36DE67C53790246B.d.3B17AABA7A13C07F69D16B0FDDDB778A.e.15353"},"getText",[]]}
RESULT: {"script":"<script> [6424 bytes]","args":[{"element-6066-11e4-a52e-4f735466cecf":"f.DBA113373209FD8E36DE67C53790246B.d.3B17AABA7A13C07F69D16B0FDDDB778A.e.15353"},"getText",[]]}
COMMAND: POST /session/130ef63994e902c9deb83fe717a4bbca/execute/async - {"script":"<script> [1562 bytes]","args":[{"selector":{"controlType":"sap.ui.core.Icon","viewName":"etm.portal.ui.manageresources.view.Master","viewId":"application-manageresources-display-component---masterRU","properties":{"src":{"regex":{"source":"slim\\-arrow\\-right"}}}},"wdio_ui5_key":"etmportal.ui.manageresources.view.Mastersap.ui.core.Icon{\"src\":{\"regex\":{\"source\":\"slim\\\\-arrow\\\\-right\"}}}"}]}
RESULT: {"script":"<script> [1562 bytes]","args":[{"selector":{"controlType":"sap.ui.core.Icon","viewName":"etm.portal.ui.manageresources.view.Master","viewId":"application-manageresources-display-component---masterRU","properties":{"src":{"regex":{"source":"slim\\-arrow\\-right"}}}},"wdio_ui5_key":"etmportal.ui.manageresources.view.Mastersap.ui.core.Icon{\"src\":{\"regex\":{\"source\":\"slim\\\\-arrow\\\\-right\"}}}"}]}
RESULT: undefined
COMMAND: POST /session/130ef63994e902c9deb83fe717a4bbca/element - {"using":"xpath","value":"//*[@id=\"__item856-__clone2024-imgNav\"]"}
RESULT: {"using":"xpath","value":"//*[@id=\"__item856-__clone2024-imgNav\"]"}
COMMAND: POST /session/130ef63994e902c9deb83fe717a4bbca/element/f.DBA113373209FD8E36DE67C53790246B.d.3B17AABA7A13C07F69D16B0FDDDB778A.e.15352/click - {}
RESULT: {}
COMMAND: GET /session/130ef63994e902c9deb83fe717a4bbca/screenshot - {}
COMMAND: POST /session/130ef63994e902c9deb83fe717a4bbca/element - {"using":"xpath","value":"//bdi[contains(text(), \"Edit\")]"}
RESULT: {}
RESULT: {"using":"xpath","value":"//bdi[contains(text(), \"Edit\")]"}
COMMAND: POST /session/130ef63994e902c9deb83fe717a4bbca/execute/sync - {"script":"<script> [8489 bytes]","args":[{"element-6066-11e4-a52e-4f735466cecf":"f.DBA113373209FD8E36DE67C53790246B.d.3B17AABA7A13C07F69D16B0FDDDB778A.e.15525","ELEMENT":"f.DBA113373209FD8E36DE67C53790246B.d.3B17AABA7A13C07F69D16B0FDDDB778A.e.15525"}]}
RESULT: {"script":"<script> [8489 bytes]","args":[{"element-6066-11e4-a52e-4f735466cecf":"f.DBA113373209FD8E36DE67C53790246B.d.3B17AABA7A13C07F69D16B0FDDDB778A.e.15525","ELEMENT":"f.DBA113373209FD8E36DE67C53790246B.d.3B17AABA7A13C07F69D16B0FDDDB778A.e.15525"}]}
COMMAND: POST /session/130ef63994e902c9deb83fe717a4bbca/element/f.DBA113373209FD8E36DE67C53790246B.d.3B17AABA7A13C07F69D16B0FDDDB778A.e.15525/click - {}
COMMAND: GET /session/130ef63994e902c9deb83fe717a4bbca/screenshot - {}
RESULT: {}
COMMAND: GET /session/130ef63994e902c9deb83fe717a4bbca/screenshot - {}
RESULT: {}
RESULT: {}
RESULT: undefined
COMMAND: POST /session/130ef63994e902c9deb83fe717a4bbca/execute/async - {"script":"<script> [1562 bytes]","args":[{"selector":{"id":"application-manageresources-display-component---editResource--editRruPage-anchBar-application-manageresources-display-component---editResource--counters-anchor","interaction":{"idSuffix":"BDI-content"}},"wdio_ui5_key":"applicationmanageresources-display-component---editResource--editRruPage-anchBar-application-manageresources-display-component---editResource--counters-anchor"}]}
RESULT: {"script":"<script> [1562 bytes]","args":[{"selector":{"id":"application-manageresources-display-component---editResource--editRruPage-anchBar-application-manageresources-display-component---editResource--counters-anchor","interaction":{"idSuffix":"BDI-content"}},"wdio_ui5_key":"applicationmanageresources-display-component---editResource--editRruPage-anchBar-application-manageresources-display-component---editResource--counters-anchor"}]}
RESULT: undefined
COMMAND: POST /session/130ef63994e902c9deb83fe717a4bbca/element - {"using":"xpath","value":"//*[@id=\"application-manageresources-display-component---editResource--editRruPage-anchBar-application-manageresources-display-component---editResource--counters-anchor\"]"}
RESULT: {"using":"xpath","value":"//*[@id=\"application-manageresources-display-component---editResource--editRruPage-anchBar-application-manageresources-display-component---editResource--counters-anchor\"]"}
COMMAND: POST /session/130ef63994e902c9deb83fe717a4bbca/element/f.DBA113373209FD8E36DE67C53790246B.d.3B17AABA7A13C07F69D16B0FDDDB778A.e.15546/click - {}
COMMAND: POST /session/130ef63994e902c9deb83fe717a4bbca/execute/async - {"script":"<script> [1562 bytes]","args":[{"selector":{"id":"application-manageresources-display-component---editResource--btnAddCounter-img"},"wdio_ui5_key":"applicationmanageresources-display-component---editResource--btnAddCounter-img"}]}
RESULT: {"script":"<script> [1562 bytes]","args":[{"selector":{"id":"application-manageresources-display-component---editResource--btnAddCounter-img"},"wdio_ui5_key":"applicationmanageresources-display-component---editResource--btnAddCounter-img"}]}
RESULT: undefined
COMMAND: POST /session/130ef63994e902c9deb83fe717a4bbca/execute/async - {"script":"<script> [1562 bytes]","args":[{"selector":{"id":"application-manageresources-display-component---editResource--COUNTER_ID-application-manageresources-display-component---editResource--RUCounters-0-arrow"},"wdio_ui5_key":"applicationmanageresources-display-component---editResource--COUNTER_ID-application-manageresources-display-component---editResource--RUCounters-0-arrow"}]}
RESULT: {"script":"<script> [1562 bytes]","args":[{"selector":{"id":"application-manageresources-display-component---editResource--COUNTER_ID-application-manageresources-display-component---editResource--RUCounters-0-arrow"},"wdio_ui5_key":"applicationmanageresources-display-component---editResource--COUNTER_ID-application-manageresources-display-component---editResource--RUCounters-0-arrow"}]}
RESULT: undefined
COMMAND: POST /session/130ef63994e902c9deb83fe717a4bbca/execute/async - {"script":"<script> [1562 bytes]","args":[{"selector":{"controlType":"sap.m.StandardListItem","viewName":"etm.portal.ui.manageresources.view.EditResource","viewId":"application-manageresources-display-component---editResource","properties":{"title":"fuel"},"searchOpenDialogs":true,"interaction":{"idSuffix":"content"}},"wdio_ui5_key":"etmportal.ui.manageresources.view.EditResourcesap.m.StandardListItem{\"title\":\"fuel\"}"}]}
RESULT: {"script":"<script> [1562 bytes]","args":[{"selector":{"controlType":"sap.m.StandardListItem","viewName":"etm.portal.ui.manageresources.view.EditResource","viewId":"application-manageresources-display-component---editResource","properties":{"title":"fuel"},"searchOpenDialogs":true,"interaction":{"idSuffix":"content"}},"wdio_ui5_key":"etmportal.ui.manageresources.view.EditResourcesap.m.StandardListItem{\"title\":\"fuel\"}"}]}
RESULT: undefined
COMMAND: POST /session/130ef63994e902c9deb83fe717a4bbca/execute/async - {"script":"<script> [1562 bytes]","args":[{"selector":{"controlType":"sap.m.Button","viewName":"etm.portal.ui.manageresources.view.EditResource","viewId":"application-manageresources-display-component---editResource","i18NText":{"propertyName":"text","key":"save"},"interaction":{"idSuffix":"BDI-content"}},"wdio_ui5_key":"etmportal.ui.manageresources.view.EditResourcesap.m.Button{\"propertyName\":\"text\",\"key\":\"save\"}"}]}
RESULT: {"script":"<script> [1562 bytes]","args":[{"selector":{"controlType":"sap.m.Button","viewName":"etm.portal.ui.manageresources.view.EditResource","viewId":"application-manageresources-display-component---editResource","i18NText":{"propertyName":"text","key":"save"},"interaction":{"idSuffix":"BDI-content"}},"wdio_ui5_key":"etmportal.ui.manageresources.view.EditResourcesap.m.Button{\"propertyName\":\"text\",\"key\":\"save\"}"}]}
RESULT: undefined
COMMAND: POST /session/130ef63994e902c9deb83fe717a4bbca/element - {"using":"xpath","value":"//*[@id=\"__button189\"]"}
RESULT: {"using":"xpath","value":"//*[@id=\"__button189\"]"}
COMMAND: POST /session/130ef63994e902c9deb83fe717a4bbca/element/f.DBA113373209FD8E36DE67C53790246B.d.3B17AABA7A13C07F69D16B0FDDDB778A.e.15548/click - {}
COMMAND: POST /session/130ef63994e902c9deb83fe717a4bbca/element - {"using":"css selector","value":"#shell-header-logo"}
RESULT: {"using":"css selector","value":"#shell-header-logo"}
COMMAND: POST /session/130ef63994e902c9deb83fe717a4bbca/element/f.DBA113373209FD8E36DE67C53790246B.d.3B17AABA7A13C07F69D16B0FDDDB778A.e.15169/click - {}
COMMAND: GET /session/130ef63994e902c9deb83fe717a4bbca/screenshot - {}
RESULT: {}
]]></system-out>
      <system-err><![CDATA[
element click intercepted: element click intercepted: Element <a id="shell-header-logo" role="button" title="Navigate to Home" class="sapUshellShellIco" href="#Shell-home">...</a> is not clickable at point (126, 22). Other element would receive the click: <div id="sap-ui-blocklayer-popup" tabindex="0" class="sapUiBLy" style="z-index: 279; visibility: visible;"></div>
  (Session info: chrome=136.0.7103.93)
    at async Context.<anonymous> (D:\a\1\s\test\specs\BTS\billing-performance-workdays.spec.js:183:9)
]]></system-err>
    </testcase>
    <testcase classname="chrome.136_0_7103_93.windows.Performance_based_billing_(work_days)_US139742" name="Should do a stock increase on the yard for the equipment" time="58.96">
      <failure/>
      <error message="element (&quot;//button[@data-kt=&quot;masterHOAddButton&quot;]&quot;) still not existing after 45000ms"/>
      <system-out><![CDATA[
COMMAND: POST /session/130ef63994e902c9deb83fe717a4bbca/execute/async - {"script":"<script> [1562 bytes]","args":[{"selector":{"controlType":"sap.m.GenericTile","properties":{"header":"Manage Handovers"}},"wdio_ui5_key":"sapm.GenericTile{\"header\":\"Manage Handovers\"}"}]}
COMMAND: GET /session/130ef63994e902c9deb83fe717a4bbca/screenshot - {}
RESULT: {"script":"<script> [1562 bytes]","args":[{"selector":{"controlType":"sap.m.GenericTile","properties":{"header":"Manage Handovers"}},"wdio_ui5_key":"sapm.GenericTile{\"header\":\"Manage Handovers\"}"}]}
RESULT: undefined
RESULT: {}
COMMAND: POST /session/130ef63994e902c9deb83fe717a4bbca/elements - {"using":"xpath","value":"//span[text()='Error']"}
RESULT: {"using":"xpath","value":"//span[text()='Error']"}
COMMAND: POST /session/130ef63994e902c9deb83fe717a4bbca/elements - {"using":"xpath","value":"//*[text()='Close']"}
RESULT: {"using":"xpath","value":"//*[text()='Close']"}
COMMAND: GET /session/130ef63994e902c9deb83fe717a4bbca/element/f.DBA113373209FD8E36DE67C53790246B.d.3B17AABA7A13C07F69D16B0FDDDB778A.e.15550/enabled - {}
RESULT: {}
COMMAND: POST /session/130ef63994e902c9deb83fe717a4bbca/execute/sync - {"script":"<script> [8489 bytes]","args":[{"element-6066-11e4-a52e-4f735466cecf":"f.DBA113373209FD8E36DE67C53790246B.d.3B17AABA7A13C07F69D16B0FDDDB778A.e.15550","ELEMENT":"f.DBA113373209FD8E36DE67C53790246B.d.3B17AABA7A13C07F69D16B0FDDDB778A.e.15550"}]}
COMMAND: GET /session/130ef63994e902c9deb83fe717a4bbca/screenshot - {}
RESULT: {"script":"<script> [8489 bytes]","args":[{"element-6066-11e4-a52e-4f735466cecf":"f.DBA113373209FD8E36DE67C53790246B.d.3B17AABA7A13C07F69D16B0FDDDB778A.e.15550","ELEMENT":"f.DBA113373209FD8E36DE67C53790246B.d.3B17AABA7A13C07F69D16B0FDDDB778A.e.15550"}]}
COMMAND: POST /session/130ef63994e902c9deb83fe717a4bbca/execute/sync - {"script":"<script> [5351 bytes]","args":[{"element-6066-11e4-a52e-4f735466cecf":"f.DBA113373209FD8E36DE67C53790246B.d.3B17AABA7A13C07F69D16B0FDDDB778A.e.15550","ELEMENT":"f.DBA113373209FD8E36DE67C53790246B.d.3B17AABA7A13C07F69D16B0FDDDB778A.e.15550"}]}
COMMAND: GET /session/130ef63994e902c9deb83fe717a4bbca/screenshot - {}
RESULT: {}
RESULT: {"script":"<script> [5351 bytes]","args":[{"element-6066-11e4-a52e-4f735466cecf":"f.DBA113373209FD8E36DE67C53790246B.d.3B17AABA7A13C07F69D16B0FDDDB778A.e.15550","ELEMENT":"f.DBA113373209FD8E36DE67C53790246B.d.3B17AABA7A13C07F69D16B0FDDDB778A.e.15550"}]}
COMMAND: POST /session/130ef63994e902c9deb83fe717a4bbca/element/f.DBA113373209FD8E36DE67C53790246B.d.3B17AABA7A13C07F69D16B0FDDDB778A.e.15550/click - {}
COMMAND: GET /session/130ef63994e902c9deb83fe717a4bbca/screenshot - {}
RESULT: {}
RESULT: {}
COMMAND: POST /session/130ef63994e902c9deb83fe717a4bbca/elements - {"using":"xpath","value":"//*[text()='OK']"}
COMMAND: GET /session/130ef63994e902c9deb83fe717a4bbca/screenshot - {}
RESULT: {}
RESULT: {"using":"xpath","value":"//*[text()='OK']"}
COMMAND: POST /session/130ef63994e902c9deb83fe717a4bbca/element - {"using":"xpath","value":"//button[@data-kt=\"masterHOAddButton\"]"}
RESULT: {}
RESULT: {"using":"xpath","value":"//button[@data-kt=\"masterHOAddButton\"]"}
COMMAND: POST /session/130ef63994e902c9deb83fe717a4bbca/elements - {"using":"xpath","value":"//button[@data-kt=\"masterHOAddButton\"]"}
RESULT: {"using":"xpath","value":"//button[@data-kt=\"masterHOAddButton\"]"}
COMMAND: POST /session/130ef63994e902c9deb83fe717a4bbca/elements - {"using":"xpath","value":"//button[@data-kt=\"masterHOAddButton\"]"}
RESULT: {"using":"xpath","value":"//button[@data-kt=\"masterHOAddButton\"]"}
COMMAND: POST /session/130ef63994e902c9deb83fe717a4bbca/elements - {"using":"xpath","value":"//button[@data-kt=\"masterHOAddButton\"]"}
RESULT: {"using":"xpath","value":"//button[@data-kt=\"masterHOAddButton\"]"}
COMMAND: POST /session/130ef63994e902c9deb83fe717a4bbca/elements - {"using":"xpath","value":"//button[@data-kt=\"masterHOAddButton\"]"}
RESULT: {"using":"xpath","value":"//button[@data-kt=\"masterHOAddButton\"]"}
COMMAND: POST /session/130ef63994e902c9deb83fe717a4bbca/elements - {"using":"xpath","value":"//button[@data-kt=\"masterHOAddButton\"]"}
RESULT: {"using":"xpath","value":"//button[@data-kt=\"masterHOAddButton\"]"}
COMMAND: POST /session/130ef63994e902c9deb83fe717a4bbca/elements - {"using":"xpath","value":"//button[@data-kt=\"masterHOAddButton\"]"}
RESULT: {"using":"xpath","value":"//button[@data-kt=\"masterHOAddButton\"]"}
COMMAND: POST /session/130ef63994e902c9deb83fe717a4bbca/elements - {"using":"xpath","value":"//button[@data-kt=\"masterHOAddButton\"]"}
RESULT: {"using":"xpath","value":"//button[@data-kt=\"masterHOAddButton\"]"}
COMMAND: POST /session/130ef63994e902c9deb83fe717a4bbca/elements - {"using":"xpath","value":"//button[@data-kt=\"masterHOAddButton\"]"}
RESULT: {"using":"xpath","value":"//button[@data-kt=\"masterHOAddButton\"]"}
COMMAND: POST /session/130ef63994e902c9deb83fe717a4bbca/elements - {"using":"xpath","value":"//button[@data-kt=\"masterHOAddButton\"]"}
RESULT: {"using":"xpath","value":"//button[@data-kt=\"masterHOAddButton\"]"}
COMMAND: POST /session/130ef63994e902c9deb83fe717a4bbca/elements - {"using":"xpath","value":"//button[@data-kt=\"masterHOAddButton\"]"}
RESULT: {"using":"xpath","value":"//button[@data-kt=\"masterHOAddButton\"]"}
COMMAND: POST /session/130ef63994e902c9deb83fe717a4bbca/elements - {"using":"xpath","value":"//button[@data-kt=\"masterHOAddButton\"]"}
RESULT: {"using":"xpath","value":"//button[@data-kt=\"masterHOAddButton\"]"}
COMMAND: POST /session/130ef63994e902c9deb83fe717a4bbca/elements - {"using":"xpath","value":"//button[@data-kt=\"masterHOAddButton\"]"}
RESULT: {"using":"xpath","value":"//button[@data-kt=\"masterHOAddButton\"]"}
COMMAND: POST /session/130ef63994e902c9deb83fe717a4bbca/elements - {"using":"xpath","value":"//button[@data-kt=\"masterHOAddButton\"]"}
RESULT: {"using":"xpath","value":"//button[@data-kt=\"masterHOAddButton\"]"}
COMMAND: POST /session/130ef63994e902c9deb83fe717a4bbca/elements - {"using":"xpath","value":"//button[@data-kt=\"masterHOAddButton\"]"}
RESULT: {"using":"xpath","value":"//button[@data-kt=\"masterHOAddButton\"]"}
COMMAND: POST /session/130ef63994e902c9deb83fe717a4bbca/elements - {"using":"xpath","value":"//button[@data-kt=\"masterHOAddButton\"]"}
RESULT: {"using":"xpath","value":"//button[@data-kt=\"masterHOAddButton\"]"}
COMMAND: POST /session/130ef63994e902c9deb83fe717a4bbca/elements - {"using":"xpath","value":"//button[@data-kt=\"masterHOAddButton\"]"}
RESULT: {"using":"xpath","value":"//button[@data-kt=\"masterHOAddButton\"]"}
COMMAND: POST /session/130ef63994e902c9deb83fe717a4bbca/elements - {"using":"xpath","value":"//button[@data-kt=\"masterHOAddButton\"]"}
RESULT: {"using":"xpath","value":"//button[@data-kt=\"masterHOAddButton\"]"}
COMMAND: POST /session/130ef63994e902c9deb83fe717a4bbca/elements - {"using":"xpath","value":"//button[@data-kt=\"masterHOAddButton\"]"}
RESULT: {"using":"xpath","value":"//button[@data-kt=\"masterHOAddButton\"]"}
COMMAND: POST /session/130ef63994e902c9deb83fe717a4bbca/elements - {"using":"xpath","value":"//button[@data-kt=\"masterHOAddButton\"]"}
RESULT: {"using":"xpath","value":"//button[@data-kt=\"masterHOAddButton\"]"}
COMMAND: POST /session/130ef63994e902c9deb83fe717a4bbca/elements - {"using":"xpath","value":"//button[@data-kt=\"masterHOAddButton\"]"}
RESULT: {"using":"xpath","value":"//button[@data-kt=\"masterHOAddButton\"]"}
COMMAND: POST /session/130ef63994e902c9deb83fe717a4bbca/elements - {"using":"xpath","value":"//button[@data-kt=\"masterHOAddButton\"]"}
RESULT: {"using":"xpath","value":"//button[@data-kt=\"masterHOAddButton\"]"}
COMMAND: POST /session/130ef63994e902c9deb83fe717a4bbca/elements - {"using":"xpath","value":"//button[@data-kt=\"masterHOAddButton\"]"}
RESULT: {"using":"xpath","value":"//button[@data-kt=\"masterHOAddButton\"]"}
COMMAND: POST /session/130ef63994e902c9deb83fe717a4bbca/elements - {"using":"xpath","value":"//button[@data-kt=\"masterHOAddButton\"]"}
RESULT: {"using":"xpath","value":"//button[@data-kt=\"masterHOAddButton\"]"}
COMMAND: POST /session/130ef63994e902c9deb83fe717a4bbca/elements - {"using":"xpath","value":"//button[@data-kt=\"masterHOAddButton\"]"}
RESULT: {"using":"xpath","value":"//button[@data-kt=\"masterHOAddButton\"]"}
COMMAND: POST /session/130ef63994e902c9deb83fe717a4bbca/elements - {"using":"xpath","value":"//button[@data-kt=\"masterHOAddButton\"]"}
RESULT: {"using":"xpath","value":"//button[@data-kt=\"masterHOAddButton\"]"}
COMMAND: POST /session/130ef63994e902c9deb83fe717a4bbca/elements - {"using":"xpath","value":"//button[@data-kt=\"masterHOAddButton\"]"}
RESULT: {"using":"xpath","value":"//button[@data-kt=\"masterHOAddButton\"]"}
COMMAND: POST /session/130ef63994e902c9deb83fe717a4bbca/elements - {"using":"xpath","value":"//button[@data-kt=\"masterHOAddButton\"]"}
RESULT: {"using":"xpath","value":"//button[@data-kt=\"masterHOAddButton\"]"}
COMMAND: POST /session/130ef63994e902c9deb83fe717a4bbca/elements - {"using":"xpath","value":"//button[@data-kt=\"masterHOAddButton\"]"}
RESULT: {"using":"xpath","value":"//button[@data-kt=\"masterHOAddButton\"]"}
COMMAND: POST /session/130ef63994e902c9deb83fe717a4bbca/elements - {"using":"xpath","value":"//button[@data-kt=\"masterHOAddButton\"]"}
RESULT: {"using":"xpath","value":"//button[@data-kt=\"masterHOAddButton\"]"}
COMMAND: POST /session/130ef63994e902c9deb83fe717a4bbca/elements - {"using":"xpath","value":"//button[@data-kt=\"masterHOAddButton\"]"}
RESULT: {"using":"xpath","value":"//button[@data-kt=\"masterHOAddButton\"]"}
COMMAND: POST /session/130ef63994e902c9deb83fe717a4bbca/elements - {"using":"xpath","value":"//button[@data-kt=\"masterHOAddButton\"]"}
RESULT: {"using":"xpath","value":"//button[@data-kt=\"masterHOAddButton\"]"}
COMMAND: POST /session/130ef63994e902c9deb83fe717a4bbca/elements - {"using":"xpath","value":"//button[@data-kt=\"masterHOAddButton\"]"}
RESULT: {"using":"xpath","value":"//button[@data-kt=\"masterHOAddButton\"]"}
COMMAND: POST /session/130ef63994e902c9deb83fe717a4bbca/elements - {"using":"xpath","value":"//button[@data-kt=\"masterHOAddButton\"]"}
RESULT: {"using":"xpath","value":"//button[@data-kt=\"masterHOAddButton\"]"}
COMMAND: POST /session/130ef63994e902c9deb83fe717a4bbca/elements - {"using":"xpath","value":"//button[@data-kt=\"masterHOAddButton\"]"}
RESULT: {"using":"xpath","value":"//button[@data-kt=\"masterHOAddButton\"]"}
COMMAND: POST /session/130ef63994e902c9deb83fe717a4bbca/elements - {"using":"xpath","value":"//button[@data-kt=\"masterHOAddButton\"]"}
RESULT: {"using":"xpath","value":"//button[@data-kt=\"masterHOAddButton\"]"}
COMMAND: POST /session/130ef63994e902c9deb83fe717a4bbca/elements - {"using":"xpath","value":"//button[@data-kt=\"masterHOAddButton\"]"}
RESULT: {"using":"xpath","value":"//button[@data-kt=\"masterHOAddButton\"]"}
COMMAND: POST /session/130ef63994e902c9deb83fe717a4bbca/elements - {"using":"xpath","value":"//button[@data-kt=\"masterHOAddButton\"]"}
RESULT: {"using":"xpath","value":"//button[@data-kt=\"masterHOAddButton\"]"}
COMMAND: POST /session/130ef63994e902c9deb83fe717a4bbca/elements - {"using":"xpath","value":"//button[@data-kt=\"masterHOAddButton\"]"}
RESULT: {"using":"xpath","value":"//button[@data-kt=\"masterHOAddButton\"]"}
COMMAND: POST /session/130ef63994e902c9deb83fe717a4bbca/elements - {"using":"xpath","value":"//button[@data-kt=\"masterHOAddButton\"]"}
RESULT: {"using":"xpath","value":"//button[@data-kt=\"masterHOAddButton\"]"}
COMMAND: POST /session/130ef63994e902c9deb83fe717a4bbca/elements - {"using":"xpath","value":"//button[@data-kt=\"masterHOAddButton\"]"}
RESULT: {"using":"xpath","value":"//button[@data-kt=\"masterHOAddButton\"]"}
COMMAND: POST /session/130ef63994e902c9deb83fe717a4bbca/elements - {"using":"xpath","value":"//button[@data-kt=\"masterHOAddButton\"]"}
RESULT: {"using":"xpath","value":"//button[@data-kt=\"masterHOAddButton\"]"}
COMMAND: POST /session/130ef63994e902c9deb83fe717a4bbca/elements - {"using":"xpath","value":"//button[@data-kt=\"masterHOAddButton\"]"}
RESULT: {"using":"xpath","value":"//button[@data-kt=\"masterHOAddButton\"]"}
COMMAND: POST /session/130ef63994e902c9deb83fe717a4bbca/elements - {"using":"xpath","value":"//button[@data-kt=\"masterHOAddButton\"]"}
RESULT: {"using":"xpath","value":"//button[@data-kt=\"masterHOAddButton\"]"}
COMMAND: POST /session/130ef63994e902c9deb83fe717a4bbca/elements - {"using":"xpath","value":"//button[@data-kt=\"masterHOAddButton\"]"}
RESULT: {"using":"xpath","value":"//button[@data-kt=\"masterHOAddButton\"]"}
COMMAND: POST /session/130ef63994e902c9deb83fe717a4bbca/elements - {"using":"xpath","value":"//button[@data-kt=\"masterHOAddButton\"]"}
RESULT: {"using":"xpath","value":"//button[@data-kt=\"masterHOAddButton\"]"}
COMMAND: POST /session/130ef63994e902c9deb83fe717a4bbca/elements - {"using":"xpath","value":"//button[@data-kt=\"masterHOAddButton\"]"}
RESULT: {"using":"xpath","value":"//button[@data-kt=\"masterHOAddButton\"]"}
COMMAND: POST /session/130ef63994e902c9deb83fe717a4bbca/elements - {"using":"xpath","value":"//button[@data-kt=\"masterHOAddButton\"]"}
RESULT: {"using":"xpath","value":"//button[@data-kt=\"masterHOAddButton\"]"}
COMMAND: POST /session/130ef63994e902c9deb83fe717a4bbca/elements - {"using":"xpath","value":"//button[@data-kt=\"masterHOAddButton\"]"}
RESULT: {"using":"xpath","value":"//button[@data-kt=\"masterHOAddButton\"]"}
COMMAND: POST /session/130ef63994e902c9deb83fe717a4bbca/elements - {"using":"xpath","value":"//button[@data-kt=\"masterHOAddButton\"]"}
RESULT: {"using":"xpath","value":"//button[@data-kt=\"masterHOAddButton\"]"}
COMMAND: POST /session/130ef63994e902c9deb83fe717a4bbca/elements - {"using":"xpath","value":"//button[@data-kt=\"masterHOAddButton\"]"}
RESULT: {"using":"xpath","value":"//button[@data-kt=\"masterHOAddButton\"]"}
COMMAND: POST /session/130ef63994e902c9deb83fe717a4bbca/elements - {"using":"xpath","value":"//button[@data-kt=\"masterHOAddButton\"]"}
RESULT: {"using":"xpath","value":"//button[@data-kt=\"masterHOAddButton\"]"}
COMMAND: POST /session/130ef63994e902c9deb83fe717a4bbca/elements - {"using":"xpath","value":"//button[@data-kt=\"masterHOAddButton\"]"}
RESULT: {"using":"xpath","value":"//button[@data-kt=\"masterHOAddButton\"]"}
COMMAND: POST /session/130ef63994e902c9deb83fe717a4bbca/elements - {"using":"xpath","value":"//button[@data-kt=\"masterHOAddButton\"]"}
RESULT: {"using":"xpath","value":"//button[@data-kt=\"masterHOAddButton\"]"}
COMMAND: POST /session/130ef63994e902c9deb83fe717a4bbca/elements - {"using":"xpath","value":"//button[@data-kt=\"masterHOAddButton\"]"}
RESULT: {"using":"xpath","value":"//button[@data-kt=\"masterHOAddButton\"]"}
COMMAND: POST /session/130ef63994e902c9deb83fe717a4bbca/elements - {"using":"xpath","value":"//button[@data-kt=\"masterHOAddButton\"]"}
RESULT: {"using":"xpath","value":"//button[@data-kt=\"masterHOAddButton\"]"}
COMMAND: POST /session/130ef63994e902c9deb83fe717a4bbca/elements - {"using":"xpath","value":"//button[@data-kt=\"masterHOAddButton\"]"}
RESULT: {"using":"xpath","value":"//button[@data-kt=\"masterHOAddButton\"]"}
COMMAND: POST /session/130ef63994e902c9deb83fe717a4bbca/elements - {"using":"xpath","value":"//button[@data-kt=\"masterHOAddButton\"]"}
RESULT: {"using":"xpath","value":"//button[@data-kt=\"masterHOAddButton\"]"}
COMMAND: POST /session/130ef63994e902c9deb83fe717a4bbca/elements - {"using":"xpath","value":"//button[@data-kt=\"masterHOAddButton\"]"}
RESULT: {"using":"xpath","value":"//button[@data-kt=\"masterHOAddButton\"]"}
COMMAND: POST /session/130ef63994e902c9deb83fe717a4bbca/elements - {"using":"xpath","value":"//button[@data-kt=\"masterHOAddButton\"]"}
RESULT: {"using":"xpath","value":"//button[@data-kt=\"masterHOAddButton\"]"}
COMMAND: POST /session/130ef63994e902c9deb83fe717a4bbca/elements - {"using":"xpath","value":"//button[@data-kt=\"masterHOAddButton\"]"}
RESULT: {"using":"xpath","value":"//button[@data-kt=\"masterHOAddButton\"]"}
COMMAND: POST /session/130ef63994e902c9deb83fe717a4bbca/elements - {"using":"xpath","value":"//button[@data-kt=\"masterHOAddButton\"]"}
RESULT: {"using":"xpath","value":"//button[@data-kt=\"masterHOAddButton\"]"}
COMMAND: POST /session/130ef63994e902c9deb83fe717a4bbca/elements - {"using":"xpath","value":"//button[@data-kt=\"masterHOAddButton\"]"}
RESULT: {"using":"xpath","value":"//button[@data-kt=\"masterHOAddButton\"]"}
COMMAND: POST /session/130ef63994e902c9deb83fe717a4bbca/elements - {"using":"xpath","value":"//button[@data-kt=\"masterHOAddButton\"]"}
RESULT: {"using":"xpath","value":"//button[@data-kt=\"masterHOAddButton\"]"}
COMMAND: POST /session/130ef63994e902c9deb83fe717a4bbca/elements - {"using":"xpath","value":"//button[@data-kt=\"masterHOAddButton\"]"}
RESULT: {"using":"xpath","value":"//button[@data-kt=\"masterHOAddButton\"]"}
COMMAND: POST /session/130ef63994e902c9deb83fe717a4bbca/elements - {"using":"xpath","value":"//button[@data-kt=\"masterHOAddButton\"]"}
RESULT: {"using":"xpath","value":"//button[@data-kt=\"masterHOAddButton\"]"}
COMMAND: POST /session/130ef63994e902c9deb83fe717a4bbca/elements - {"using":"xpath","value":"//button[@data-kt=\"masterHOAddButton\"]"}
RESULT: {"using":"xpath","value":"//button[@data-kt=\"masterHOAddButton\"]"}
COMMAND: POST /session/130ef63994e902c9deb83fe717a4bbca/elements - {"using":"xpath","value":"//button[@data-kt=\"masterHOAddButton\"]"}
RESULT: {"using":"xpath","value":"//button[@data-kt=\"masterHOAddButton\"]"}
COMMAND: POST /session/130ef63994e902c9deb83fe717a4bbca/elements - {"using":"xpath","value":"//button[@data-kt=\"masterHOAddButton\"]"}
RESULT: {"using":"xpath","value":"//button[@data-kt=\"masterHOAddButton\"]"}
COMMAND: POST /session/130ef63994e902c9deb83fe717a4bbca/elements - {"using":"xpath","value":"//button[@data-kt=\"masterHOAddButton\"]"}
RESULT: {"using":"xpath","value":"//button[@data-kt=\"masterHOAddButton\"]"}
COMMAND: POST /session/130ef63994e902c9deb83fe717a4bbca/elements - {"using":"xpath","value":"//button[@data-kt=\"masterHOAddButton\"]"}
RESULT: {"using":"xpath","value":"//button[@data-kt=\"masterHOAddButton\"]"}
COMMAND: POST /session/130ef63994e902c9deb83fe717a4bbca/elements - {"using":"xpath","value":"//button[@data-kt=\"masterHOAddButton\"]"}
RESULT: {"using":"xpath","value":"//button[@data-kt=\"masterHOAddButton\"]"}
COMMAND: POST /session/130ef63994e902c9deb83fe717a4bbca/elements - {"using":"xpath","value":"//button[@data-kt=\"masterHOAddButton\"]"}
RESULT: {"using":"xpath","value":"//button[@data-kt=\"masterHOAddButton\"]"}
COMMAND: POST /session/130ef63994e902c9deb83fe717a4bbca/elements - {"using":"xpath","value":"//button[@data-kt=\"masterHOAddButton\"]"}
RESULT: {"using":"xpath","value":"//button[@data-kt=\"masterHOAddButton\"]"}
COMMAND: POST /session/130ef63994e902c9deb83fe717a4bbca/elements - {"using":"xpath","value":"//button[@data-kt=\"masterHOAddButton\"]"}
RESULT: {"using":"xpath","value":"//button[@data-kt=\"masterHOAddButton\"]"}
COMMAND: POST /session/130ef63994e902c9deb83fe717a4bbca/elements - {"using":"xpath","value":"//button[@data-kt=\"masterHOAddButton\"]"}
RESULT: {"using":"xpath","value":"//button[@data-kt=\"masterHOAddButton\"]"}
COMMAND: POST /session/130ef63994e902c9deb83fe717a4bbca/elements - {"using":"xpath","value":"//button[@data-kt=\"masterHOAddButton\"]"}
RESULT: {"using":"xpath","value":"//button[@data-kt=\"masterHOAddButton\"]"}
COMMAND: POST /session/130ef63994e902c9deb83fe717a4bbca/elements - {"using":"xpath","value":"//button[@data-kt=\"masterHOAddButton\"]"}
RESULT: {"using":"xpath","value":"//button[@data-kt=\"masterHOAddButton\"]"}
COMMAND: POST /session/130ef63994e902c9deb83fe717a4bbca/elements - {"using":"xpath","value":"//button[@data-kt=\"masterHOAddButton\"]"}
RESULT: {"using":"xpath","value":"//button[@data-kt=\"masterHOAddButton\"]"}
COMMAND: POST /session/130ef63994e902c9deb83fe717a4bbca/elements - {"using":"xpath","value":"//button[@data-kt=\"masterHOAddButton\"]"}
RESULT: {"using":"xpath","value":"//button[@data-kt=\"masterHOAddButton\"]"}
COMMAND: POST /session/130ef63994e902c9deb83fe717a4bbca/elements - {"using":"xpath","value":"//button[@data-kt=\"masterHOAddButton\"]"}
RESULT: {"using":"xpath","value":"//button[@data-kt=\"masterHOAddButton\"]"}
COMMAND: POST /session/130ef63994e902c9deb83fe717a4bbca/elements - {"using":"xpath","value":"//button[@data-kt=\"masterHOAddButton\"]"}
RESULT: {"using":"xpath","value":"//button[@data-kt=\"masterHOAddButton\"]"}
COMMAND: POST /session/130ef63994e902c9deb83fe717a4bbca/elements - {"using":"xpath","value":"//button[@data-kt=\"masterHOAddButton\"]"}
RESULT: {"using":"xpath","value":"//button[@data-kt=\"masterHOAddButton\"]"}
COMMAND: POST /session/130ef63994e902c9deb83fe717a4bbca/elements - {"using":"xpath","value":"//button[@data-kt=\"masterHOAddButton\"]"}
RESULT: {"using":"xpath","value":"//button[@data-kt=\"masterHOAddButton\"]"}
COMMAND: POST /session/130ef63994e902c9deb83fe717a4bbca/elements - {"using":"xpath","value":"//button[@data-kt=\"masterHOAddButton\"]"}
RESULT: {"using":"xpath","value":"//button[@data-kt=\"masterHOAddButton\"]"}
COMMAND: POST /session/130ef63994e902c9deb83fe717a4bbca/elements - {"using":"xpath","value":"//button[@data-kt=\"masterHOAddButton\"]"}
RESULT: {"using":"xpath","value":"//button[@data-kt=\"masterHOAddButton\"]"}
COMMAND: POST /session/130ef63994e902c9deb83fe717a4bbca/elements - {"using":"xpath","value":"//button[@data-kt=\"masterHOAddButton\"]"}
RESULT: {"using":"xpath","value":"//button[@data-kt=\"masterHOAddButton\"]"}
COMMAND: POST /session/130ef63994e902c9deb83fe717a4bbca/elements - {"using":"xpath","value":"//button[@data-kt=\"masterHOAddButton\"]"}
RESULT: {"using":"xpath","value":"//button[@data-kt=\"masterHOAddButton\"]"}
COMMAND: POST /session/130ef63994e902c9deb83fe717a4bbca/elements - {"using":"xpath","value":"//button[@data-kt=\"masterHOAddButton\"]"}
RESULT: {"using":"xpath","value":"//button[@data-kt=\"masterHOAddButton\"]"}
COMMAND: POST /session/130ef63994e902c9deb83fe717a4bbca/elements - {"using":"xpath","value":"//button[@data-kt=\"masterHOAddButton\"]"}
RESULT: {"using":"xpath","value":"//button[@data-kt=\"masterHOAddButton\"]"}
COMMAND: POST /session/130ef63994e902c9deb83fe717a4bbca/elements - {"using":"xpath","value":"//button[@data-kt=\"masterHOAddButton\"]"}
RESULT: {"using":"xpath","value":"//button[@data-kt=\"masterHOAddButton\"]"}
COMMAND: GET /session/130ef63994e902c9deb83fe717a4bbca/screenshot - {}
RESULT: {}
]]></system-out>
      <system-err><![CDATA[
Error: element ("//button[@data-kt="masterHOAddButton"]") still not existing after 45000ms
    at async UtilsPrerequisites.stockIncrease (D:\a\1\s\test\specs\BTS\prerequisites-and-utils-functions.js:1576:9)
    at async Context.<anonymous> (D:\a\1\s\test\specs\BTS\billing-performance-workdays.spec.js:188:9)
]]></system-err>
    </testcase>
    <testcase classname="chrome.136_0_7103_93.windows.Performance_based_billing_(work_days)_US139742" name="Should create a new contract" time="60.753">
      <failure/>
      <error message="element (&quot;//button[@data-kt=&quot;addButton&quot;]&quot;) still not existing after 45000ms"/>
      <system-out><![CDATA[
COMMAND: POST /session/130ef63994e902c9deb83fe717a4bbca/execute/async - {"script":"<script> [1562 bytes]","args":[{"selector":{"controlType":"sap.m.GenericTile","properties":{"header":"Manage Contracts"}},"wdio_ui5_key":"sapm.GenericTile{\"header\":\"Manage Contracts\"}"}]}
COMMAND: GET /session/130ef63994e902c9deb83fe717a4bbca/screenshot - {}
RESULT: {"script":"<script> [1562 bytes]","args":[{"selector":{"controlType":"sap.m.GenericTile","properties":{"header":"Manage Contracts"}},"wdio_ui5_key":"sapm.GenericTile{\"header\":\"Manage Contracts\"}"}]}
RESULT: undefined
RESULT: {}
COMMAND: POST /session/130ef63994e902c9deb83fe717a4bbca/elements - {"using":"xpath","value":"//span[text()='Error']"}
RESULT: {"using":"xpath","value":"//span[text()='Error']"}
COMMAND: POST /session/130ef63994e902c9deb83fe717a4bbca/element - {"using":"xpath","value":"//button[@data-kt=\"addButton\"]"}
RESULT: {"using":"xpath","value":"//button[@data-kt=\"addButton\"]"}
COMMAND: POST /session/130ef63994e902c9deb83fe717a4bbca/elements - {"using":"xpath","value":"//button[@data-kt=\"addButton\"]"}
RESULT: {"using":"xpath","value":"//button[@data-kt=\"addButton\"]"}
COMMAND: POST /session/130ef63994e902c9deb83fe717a4bbca/elements - {"using":"xpath","value":"//button[@data-kt=\"addButton\"]"}
RESULT: {"using":"xpath","value":"//button[@data-kt=\"addButton\"]"}
COMMAND: POST /session/130ef63994e902c9deb83fe717a4bbca/elements - {"using":"xpath","value":"//button[@data-kt=\"addButton\"]"}
RESULT: {"using":"xpath","value":"//button[@data-kt=\"addButton\"]"}
COMMAND: POST /session/130ef63994e902c9deb83fe717a4bbca/elements - {"using":"xpath","value":"//button[@data-kt=\"addButton\"]"}
RESULT: {"using":"xpath","value":"//button[@data-kt=\"addButton\"]"}
COMMAND: POST /session/130ef63994e902c9deb83fe717a4bbca/elements - {"using":"xpath","value":"//button[@data-kt=\"addButton\"]"}
RESULT: {"using":"xpath","value":"//button[@data-kt=\"addButton\"]"}
COMMAND: POST /session/130ef63994e902c9deb83fe717a4bbca/elements - {"using":"xpath","value":"//button[@data-kt=\"addButton\"]"}
RESULT: {"using":"xpath","value":"//button[@data-kt=\"addButton\"]"}
COMMAND: POST /session/130ef63994e902c9deb83fe717a4bbca/elements - {"using":"xpath","value":"//button[@data-kt=\"addButton\"]"}
RESULT: {"using":"xpath","value":"//button[@data-kt=\"addButton\"]"}
COMMAND: POST /session/130ef63994e902c9deb83fe717a4bbca/elements - {"using":"xpath","value":"//button[@data-kt=\"addButton\"]"}
RESULT: {"using":"xpath","value":"//button[@data-kt=\"addButton\"]"}
COMMAND: POST /session/130ef63994e902c9deb83fe717a4bbca/elements - {"using":"xpath","value":"//button[@data-kt=\"addButton\"]"}
RESULT: {"using":"xpath","value":"//button[@data-kt=\"addButton\"]"}
COMMAND: POST /session/130ef63994e902c9deb83fe717a4bbca/elements - {"using":"xpath","value":"//button[@data-kt=\"addButton\"]"}
RESULT: {"using":"xpath","value":"//button[@data-kt=\"addButton\"]"}
COMMAND: POST /session/130ef63994e902c9deb83fe717a4bbca/elements - {"using":"xpath","value":"//button[@data-kt=\"addButton\"]"}
RESULT: {"using":"xpath","value":"//button[@data-kt=\"addButton\"]"}
COMMAND: POST /session/130ef63994e902c9deb83fe717a4bbca/elements - {"using":"xpath","value":"//button[@data-kt=\"addButton\"]"}
RESULT: {"using":"xpath","value":"//button[@data-kt=\"addButton\"]"}
COMMAND: POST /session/130ef63994e902c9deb83fe717a4bbca/elements - {"using":"xpath","value":"//button[@data-kt=\"addButton\"]"}
RESULT: {"using":"xpath","value":"//button[@data-kt=\"addButton\"]"}
COMMAND: POST /session/130ef63994e902c9deb83fe717a4bbca/elements - {"using":"xpath","value":"//button[@data-kt=\"addButton\"]"}
RESULT: {"using":"xpath","value":"//button[@data-kt=\"addButton\"]"}
COMMAND: POST /session/130ef63994e902c9deb83fe717a4bbca/elements - {"using":"xpath","value":"//button[@data-kt=\"addButton\"]"}
RESULT: {"using":"xpath","value":"//button[@data-kt=\"addButton\"]"}
COMMAND: POST /session/130ef63994e902c9deb83fe717a4bbca/elements - {"using":"xpath","value":"//button[@data-kt=\"addButton\"]"}
RESULT: {"using":"xpath","value":"//button[@data-kt=\"addButton\"]"}
COMMAND: POST /session/130ef63994e902c9deb83fe717a4bbca/elements - {"using":"xpath","value":"//button[@data-kt=\"addButton\"]"}
RESULT: {"using":"xpath","value":"//button[@data-kt=\"addButton\"]"}
COMMAND: POST /session/130ef63994e902c9deb83fe717a4bbca/elements - {"using":"xpath","value":"//button[@data-kt=\"addButton\"]"}
RESULT: {"using":"xpath","value":"//button[@data-kt=\"addButton\"]"}
COMMAND: POST /session/130ef63994e902c9deb83fe717a4bbca/elements - {"using":"xpath","value":"//button[@data-kt=\"addButton\"]"}
RESULT: {"using":"xpath","value":"//button[@data-kt=\"addButton\"]"}
COMMAND: POST /session/130ef63994e902c9deb83fe717a4bbca/elements - {"using":"xpath","value":"//button[@data-kt=\"addButton\"]"}
RESULT: {"using":"xpath","value":"//button[@data-kt=\"addButton\"]"}
COMMAND: POST /session/130ef63994e902c9deb83fe717a4bbca/elements - {"using":"xpath","value":"//button[@data-kt=\"addButton\"]"}
RESULT: {"using":"xpath","value":"//button[@data-kt=\"addButton\"]"}
COMMAND: POST /session/130ef63994e902c9deb83fe717a4bbca/elements - {"using":"xpath","value":"//button[@data-kt=\"addButton\"]"}
RESULT: {"using":"xpath","value":"//button[@data-kt=\"addButton\"]"}
COMMAND: POST /session/130ef63994e902c9deb83fe717a4bbca/elements - {"using":"xpath","value":"//button[@data-kt=\"addButton\"]"}
RESULT: {"using":"xpath","value":"//button[@data-kt=\"addButton\"]"}
COMMAND: POST /session/130ef63994e902c9deb83fe717a4bbca/elements - {"using":"xpath","value":"//button[@data-kt=\"addButton\"]"}
RESULT: {"using":"xpath","value":"//button[@data-kt=\"addButton\"]"}
COMMAND: POST /session/130ef63994e902c9deb83fe717a4bbca/elements - {"using":"xpath","value":"//button[@data-kt=\"addButton\"]"}
RESULT: {"using":"xpath","value":"//button[@data-kt=\"addButton\"]"}
COMMAND: POST /session/130ef63994e902c9deb83fe717a4bbca/elements - {"using":"xpath","value":"//button[@data-kt=\"addButton\"]"}
RESULT: {"using":"xpath","value":"//button[@data-kt=\"addButton\"]"}
COMMAND: POST /session/130ef63994e902c9deb83fe717a4bbca/elements - {"using":"xpath","value":"//button[@data-kt=\"addButton\"]"}
RESULT: {"using":"xpath","value":"//button[@data-kt=\"addButton\"]"}
COMMAND: POST /session/130ef63994e902c9deb83fe717a4bbca/elements - {"using":"xpath","value":"//button[@data-kt=\"addButton\"]"}
RESULT: {"using":"xpath","value":"//button[@data-kt=\"addButton\"]"}
COMMAND: POST /session/130ef63994e902c9deb83fe717a4bbca/elements - {"using":"xpath","value":"//button[@data-kt=\"addButton\"]"}
RESULT: {"using":"xpath","value":"//button[@data-kt=\"addButton\"]"}
COMMAND: POST /session/130ef63994e902c9deb83fe717a4bbca/elements - {"using":"xpath","value":"//button[@data-kt=\"addButton\"]"}
RESULT: {"using":"xpath","value":"//button[@data-kt=\"addButton\"]"}
COMMAND: POST /session/130ef63994e902c9deb83fe717a4bbca/elements - {"using":"xpath","value":"//button[@data-kt=\"addButton\"]"}
RESULT: {"using":"xpath","value":"//button[@data-kt=\"addButton\"]"}
COMMAND: POST /session/130ef63994e902c9deb83fe717a4bbca/elements - {"using":"xpath","value":"//button[@data-kt=\"addButton\"]"}
RESULT: {"using":"xpath","value":"//button[@data-kt=\"addButton\"]"}
COMMAND: POST /session/130ef63994e902c9deb83fe717a4bbca/elements - {"using":"xpath","value":"//button[@data-kt=\"addButton\"]"}
RESULT: {"using":"xpath","value":"//button[@data-kt=\"addButton\"]"}
COMMAND: POST /session/130ef63994e902c9deb83fe717a4bbca/elements - {"using":"xpath","value":"//button[@data-kt=\"addButton\"]"}
RESULT: {"using":"xpath","value":"//button[@data-kt=\"addButton\"]"}
COMMAND: POST /session/130ef63994e902c9deb83fe717a4bbca/elements - {"using":"xpath","value":"//button[@data-kt=\"addButton\"]"}
RESULT: {"using":"xpath","value":"//button[@data-kt=\"addButton\"]"}
COMMAND: POST /session/130ef63994e902c9deb83fe717a4bbca/elements - {"using":"xpath","value":"//button[@data-kt=\"addButton\"]"}
RESULT: {"using":"xpath","value":"//button[@data-kt=\"addButton\"]"}
COMMAND: POST /session/130ef63994e902c9deb83fe717a4bbca/elements - {"using":"xpath","value":"//button[@data-kt=\"addButton\"]"}
RESULT: {"using":"xpath","value":"//button[@data-kt=\"addButton\"]"}
COMMAND: POST /session/130ef63994e902c9deb83fe717a4bbca/elements - {"using":"xpath","value":"//button[@data-kt=\"addButton\"]"}
RESULT: {"using":"xpath","value":"//button[@data-kt=\"addButton\"]"}
COMMAND: POST /session/130ef63994e902c9deb83fe717a4bbca/elements - {"using":"xpath","value":"//button[@data-kt=\"addButton\"]"}
RESULT: {"using":"xpath","value":"//button[@data-kt=\"addButton\"]"}
COMMAND: POST /session/130ef63994e902c9deb83fe717a4bbca/elements - {"using":"xpath","value":"//button[@data-kt=\"addButton\"]"}
RESULT: {"using":"xpath","value":"//button[@data-kt=\"addButton\"]"}
COMMAND: POST /session/130ef63994e902c9deb83fe717a4bbca/elements - {"using":"xpath","value":"//button[@data-kt=\"addButton\"]"}
RESULT: {"using":"xpath","value":"//button[@data-kt=\"addButton\"]"}
COMMAND: POST /session/130ef63994e902c9deb83fe717a4bbca/elements - {"using":"xpath","value":"//button[@data-kt=\"addButton\"]"}
RESULT: {"using":"xpath","value":"//button[@data-kt=\"addButton\"]"}
COMMAND: POST /session/130ef63994e902c9deb83fe717a4bbca/elements - {"using":"xpath","value":"//button[@data-kt=\"addButton\"]"}
RESULT: {"using":"xpath","value":"//button[@data-kt=\"addButton\"]"}
COMMAND: POST /session/130ef63994e902c9deb83fe717a4bbca/elements - {"using":"xpath","value":"//button[@data-kt=\"addButton\"]"}
RESULT: {"using":"xpath","value":"//button[@data-kt=\"addButton\"]"}
COMMAND: POST /session/130ef63994e902c9deb83fe717a4bbca/elements - {"using":"xpath","value":"//button[@data-kt=\"addButton\"]"}
RESULT: {"using":"xpath","value":"//button[@data-kt=\"addButton\"]"}
COMMAND: POST /session/130ef63994e902c9deb83fe717a4bbca/elements - {"using":"xpath","value":"//button[@data-kt=\"addButton\"]"}
RESULT: {"using":"xpath","value":"//button[@data-kt=\"addButton\"]"}
COMMAND: POST /session/130ef63994e902c9deb83fe717a4bbca/elements - {"using":"xpath","value":"//button[@data-kt=\"addButton\"]"}
RESULT: {"using":"xpath","value":"//button[@data-kt=\"addButton\"]"}
COMMAND: POST /session/130ef63994e902c9deb83fe717a4bbca/elements - {"using":"xpath","value":"//button[@data-kt=\"addButton\"]"}
RESULT: {"using":"xpath","value":"//button[@data-kt=\"addButton\"]"}
COMMAND: POST /session/130ef63994e902c9deb83fe717a4bbca/elements - {"using":"xpath","value":"//button[@data-kt=\"addButton\"]"}
RESULT: {"using":"xpath","value":"//button[@data-kt=\"addButton\"]"}
COMMAND: POST /session/130ef63994e902c9deb83fe717a4bbca/elements - {"using":"xpath","value":"//button[@data-kt=\"addButton\"]"}
RESULT: {"using":"xpath","value":"//button[@data-kt=\"addButton\"]"}
COMMAND: POST /session/130ef63994e902c9deb83fe717a4bbca/elements - {"using":"xpath","value":"//button[@data-kt=\"addButton\"]"}
RESULT: {"using":"xpath","value":"//button[@data-kt=\"addButton\"]"}
COMMAND: POST /session/130ef63994e902c9deb83fe717a4bbca/elements - {"using":"xpath","value":"//button[@data-kt=\"addButton\"]"}
RESULT: {"using":"xpath","value":"//button[@data-kt=\"addButton\"]"}
COMMAND: POST /session/130ef63994e902c9deb83fe717a4bbca/elements - {"using":"xpath","value":"//button[@data-kt=\"addButton\"]"}
RESULT: {"using":"xpath","value":"//button[@data-kt=\"addButton\"]"}
COMMAND: POST /session/130ef63994e902c9deb83fe717a4bbca/elements - {"using":"xpath","value":"//button[@data-kt=\"addButton\"]"}
RESULT: {"using":"xpath","value":"//button[@data-kt=\"addButton\"]"}
COMMAND: POST /session/130ef63994e902c9deb83fe717a4bbca/elements - {"using":"xpath","value":"//button[@data-kt=\"addButton\"]"}
RESULT: {"using":"xpath","value":"//button[@data-kt=\"addButton\"]"}
COMMAND: POST /session/130ef63994e902c9deb83fe717a4bbca/elements - {"using":"xpath","value":"//button[@data-kt=\"addButton\"]"}
RESULT: {"using":"xpath","value":"//button[@data-kt=\"addButton\"]"}
COMMAND: POST /session/130ef63994e902c9deb83fe717a4bbca/elements - {"using":"xpath","value":"//button[@data-kt=\"addButton\"]"}
RESULT: {"using":"xpath","value":"//button[@data-kt=\"addButton\"]"}
COMMAND: POST /session/130ef63994e902c9deb83fe717a4bbca/elements - {"using":"xpath","value":"//button[@data-kt=\"addButton\"]"}
RESULT: {"using":"xpath","value":"//button[@data-kt=\"addButton\"]"}
COMMAND: POST /session/130ef63994e902c9deb83fe717a4bbca/elements - {"using":"xpath","value":"//button[@data-kt=\"addButton\"]"}
RESULT: {"using":"xpath","value":"//button[@data-kt=\"addButton\"]"}
COMMAND: POST /session/130ef63994e902c9deb83fe717a4bbca/elements - {"using":"xpath","value":"//button[@data-kt=\"addButton\"]"}
RESULT: {"using":"xpath","value":"//button[@data-kt=\"addButton\"]"}
COMMAND: POST /session/130ef63994e902c9deb83fe717a4bbca/elements - {"using":"xpath","value":"//button[@data-kt=\"addButton\"]"}
RESULT: {"using":"xpath","value":"//button[@data-kt=\"addButton\"]"}
COMMAND: POST /session/130ef63994e902c9deb83fe717a4bbca/elements - {"using":"xpath","value":"//button[@data-kt=\"addButton\"]"}
RESULT: {"using":"xpath","value":"//button[@data-kt=\"addButton\"]"}
COMMAND: POST /session/130ef63994e902c9deb83fe717a4bbca/elements - {"using":"xpath","value":"//button[@data-kt=\"addButton\"]"}
RESULT: {"using":"xpath","value":"//button[@data-kt=\"addButton\"]"}
COMMAND: POST /session/130ef63994e902c9deb83fe717a4bbca/elements - {"using":"xpath","value":"//button[@data-kt=\"addButton\"]"}
RESULT: {"using":"xpath","value":"//button[@data-kt=\"addButton\"]"}
COMMAND: POST /session/130ef63994e902c9deb83fe717a4bbca/elements - {"using":"xpath","value":"//button[@data-kt=\"addButton\"]"}
RESULT: {"using":"xpath","value":"//button[@data-kt=\"addButton\"]"}
COMMAND: POST /session/130ef63994e902c9deb83fe717a4bbca/elements - {"using":"xpath","value":"//button[@data-kt=\"addButton\"]"}
RESULT: {"using":"xpath","value":"//button[@data-kt=\"addButton\"]"}
COMMAND: POST /session/130ef63994e902c9deb83fe717a4bbca/elements - {"using":"xpath","value":"//button[@data-kt=\"addButton\"]"}
RESULT: {"using":"xpath","value":"//button[@data-kt=\"addButton\"]"}
COMMAND: POST /session/130ef63994e902c9deb83fe717a4bbca/elements - {"using":"xpath","value":"//button[@data-kt=\"addButton\"]"}
RESULT: {"using":"xpath","value":"//button[@data-kt=\"addButton\"]"}
COMMAND: POST /session/130ef63994e902c9deb83fe717a4bbca/elements - {"using":"xpath","value":"//button[@data-kt=\"addButton\"]"}
RESULT: {"using":"xpath","value":"//button[@data-kt=\"addButton\"]"}
COMMAND: POST /session/130ef63994e902c9deb83fe717a4bbca/elements - {"using":"xpath","value":"//button[@data-kt=\"addButton\"]"}
RESULT: {"using":"xpath","value":"//button[@data-kt=\"addButton\"]"}
COMMAND: POST /session/130ef63994e902c9deb83fe717a4bbca/elements - {"using":"xpath","value":"//button[@data-kt=\"addButton\"]"}
RESULT: {"using":"xpath","value":"//button[@data-kt=\"addButton\"]"}
COMMAND: POST /session/130ef63994e902c9deb83fe717a4bbca/elements - {"using":"xpath","value":"//button[@data-kt=\"addButton\"]"}
RESULT: {"using":"xpath","value":"//button[@data-kt=\"addButton\"]"}
COMMAND: POST /session/130ef63994e902c9deb83fe717a4bbca/elements - {"using":"xpath","value":"//button[@data-kt=\"addButton\"]"}
RESULT: {"using":"xpath","value":"//button[@data-kt=\"addButton\"]"}
COMMAND: POST /session/130ef63994e902c9deb83fe717a4bbca/elements - {"using":"xpath","value":"//button[@data-kt=\"addButton\"]"}
RESULT: {"using":"xpath","value":"//button[@data-kt=\"addButton\"]"}
COMMAND: POST /session/130ef63994e902c9deb83fe717a4bbca/elements - {"using":"xpath","value":"//button[@data-kt=\"addButton\"]"}
RESULT: {"using":"xpath","value":"//button[@data-kt=\"addButton\"]"}
COMMAND: POST /session/130ef63994e902c9deb83fe717a4bbca/elements - {"using":"xpath","value":"//button[@data-kt=\"addButton\"]"}
RESULT: {"using":"xpath","value":"//button[@data-kt=\"addButton\"]"}
COMMAND: POST /session/130ef63994e902c9deb83fe717a4bbca/elements - {"using":"xpath","value":"//button[@data-kt=\"addButton\"]"}
RESULT: {"using":"xpath","value":"//button[@data-kt=\"addButton\"]"}
COMMAND: POST /session/130ef63994e902c9deb83fe717a4bbca/elements - {"using":"xpath","value":"//button[@data-kt=\"addButton\"]"}
RESULT: {"using":"xpath","value":"//button[@data-kt=\"addButton\"]"}
COMMAND: POST /session/130ef63994e902c9deb83fe717a4bbca/elements - {"using":"xpath","value":"//button[@data-kt=\"addButton\"]"}
RESULT: {"using":"xpath","value":"//button[@data-kt=\"addButton\"]"}
COMMAND: POST /session/130ef63994e902c9deb83fe717a4bbca/elements - {"using":"xpath","value":"//button[@data-kt=\"addButton\"]"}
RESULT: {"using":"xpath","value":"//button[@data-kt=\"addButton\"]"}
COMMAND: POST /session/130ef63994e902c9deb83fe717a4bbca/elements - {"using":"xpath","value":"//button[@data-kt=\"addButton\"]"}
RESULT: {"using":"xpath","value":"//button[@data-kt=\"addButton\"]"}
COMMAND: POST /session/130ef63994e902c9deb83fe717a4bbca/elements - {"using":"xpath","value":"//button[@data-kt=\"addButton\"]"}
RESULT: {"using":"xpath","value":"//button[@data-kt=\"addButton\"]"}
COMMAND: POST /session/130ef63994e902c9deb83fe717a4bbca/elements - {"using":"xpath","value":"//button[@data-kt=\"addButton\"]"}
RESULT: {"using":"xpath","value":"//button[@data-kt=\"addButton\"]"}
COMMAND: POST /session/130ef63994e902c9deb83fe717a4bbca/elements - {"using":"xpath","value":"//button[@data-kt=\"addButton\"]"}
RESULT: {"using":"xpath","value":"//button[@data-kt=\"addButton\"]"}
COMMAND: POST /session/130ef63994e902c9deb83fe717a4bbca/elements - {"using":"xpath","value":"//button[@data-kt=\"addButton\"]"}
RESULT: {"using":"xpath","value":"//button[@data-kt=\"addButton\"]"}
COMMAND: POST /session/130ef63994e902c9deb83fe717a4bbca/elements - {"using":"xpath","value":"//button[@data-kt=\"addButton\"]"}
RESULT: {"using":"xpath","value":"//button[@data-kt=\"addButton\"]"}
COMMAND: POST /session/130ef63994e902c9deb83fe717a4bbca/elements - {"using":"xpath","value":"//button[@data-kt=\"addButton\"]"}
RESULT: {"using":"xpath","value":"//button[@data-kt=\"addButton\"]"}
COMMAND: POST /session/130ef63994e902c9deb83fe717a4bbca/elements - {"using":"xpath","value":"//button[@data-kt=\"addButton\"]"}
RESULT: {"using":"xpath","value":"//button[@data-kt=\"addButton\"]"}
COMMAND: POST /session/130ef63994e902c9deb83fe717a4bbca/elements - {"using":"xpath","value":"//button[@data-kt=\"addButton\"]"}
RESULT: {"using":"xpath","value":"//button[@data-kt=\"addButton\"]"}
COMMAND: POST /session/130ef63994e902c9deb83fe717a4bbca/elements - {"using":"xpath","value":"//button[@data-kt=\"addButton\"]"}
RESULT: {"using":"xpath","value":"//button[@data-kt=\"addButton\"]"}
COMMAND: GET /session/130ef63994e902c9deb83fe717a4bbca/screenshot - {}
RESULT: {}
]]></system-out>
      <system-err><![CDATA[
Error: element ("//button[@data-kt="addButton"]") still not existing after 45000ms
    at async UtilsPrerequisites.contractCreation (D:\a\1\s\test\specs\BTS\prerequisites-and-utils-functions.js:1711:9)
    at async Context.<anonymous> (D:\a\1\s\test\specs\BTS\billing-performance-workdays.spec.js:192:44)
]]></system-err>
    </testcase>
    <testcase classname="chrome.136_0_7103_93.windows.Performance_based_billing_(work_days)_US139742" name="Should add equipment to the contract" time="60.425">
      <failure/>
      <error message="Can't call click on element with selector &quot;//button[@data-kt=&quot;contractDetailEditBtnButton&quot;]&quot; because element wasn't found"/>
      <system-out><![CDATA[
COMMAND: POST /session/130ef63994e902c9deb83fe717a4bbca/element - {"using":"xpath","value":"//button[@data-kt=\"contractDetailEditBtnButton\"]"}
COMMAND: GET /session/130ef63994e902c9deb83fe717a4bbca/screenshot - {}
RESULT: {"using":"xpath","value":"//button[@data-kt=\"contractDetailEditBtnButton\"]"}
COMMAND: POST /session/130ef63994e902c9deb83fe717a4bbca/elements - {"using":"xpath","value":"//button[@data-kt=\"contractDetailEditBtnButton\"]"}
RESULT: {}
RESULT: {"using":"xpath","value":"//button[@data-kt=\"contractDetailEditBtnButton\"]"}
COMMAND: POST /session/130ef63994e902c9deb83fe717a4bbca/elements - {"using":"xpath","value":"//button[@data-kt=\"contractDetailEditBtnButton\"]"}
RESULT: {"using":"xpath","value":"//button[@data-kt=\"contractDetailEditBtnButton\"]"}
COMMAND: POST /session/130ef63994e902c9deb83fe717a4bbca/elements - {"using":"xpath","value":"//button[@data-kt=\"contractDetailEditBtnButton\"]"}
RESULT: {"using":"xpath","value":"//button[@data-kt=\"contractDetailEditBtnButton\"]"}
COMMAND: POST /session/130ef63994e902c9deb83fe717a4bbca/elements - {"using":"xpath","value":"//button[@data-kt=\"contractDetailEditBtnButton\"]"}
RESULT: {"using":"xpath","value":"//button[@data-kt=\"contractDetailEditBtnButton\"]"}
COMMAND: POST /session/130ef63994e902c9deb83fe717a4bbca/elements - {"using":"xpath","value":"//button[@data-kt=\"contractDetailEditBtnButton\"]"}
RESULT: {"using":"xpath","value":"//button[@data-kt=\"contractDetailEditBtnButton\"]"}
COMMAND: POST /session/130ef63994e902c9deb83fe717a4bbca/elements - {"using":"xpath","value":"//button[@data-kt=\"contractDetailEditBtnButton\"]"}
RESULT: {"using":"xpath","value":"//button[@data-kt=\"contractDetailEditBtnButton\"]"}
COMMAND: POST /session/130ef63994e902c9deb83fe717a4bbca/elements - {"using":"xpath","value":"//button[@data-kt=\"contractDetailEditBtnButton\"]"}
RESULT: {"using":"xpath","value":"//button[@data-kt=\"contractDetailEditBtnButton\"]"}
COMMAND: POST /session/130ef63994e902c9deb83fe717a4bbca/elements - {"using":"xpath","value":"//button[@data-kt=\"contractDetailEditBtnButton\"]"}
RESULT: {"using":"xpath","value":"//button[@data-kt=\"contractDetailEditBtnButton\"]"}
COMMAND: POST /session/130ef63994e902c9deb83fe717a4bbca/elements - {"using":"xpath","value":"//button[@data-kt=\"contractDetailEditBtnButton\"]"}
RESULT: {"using":"xpath","value":"//button[@data-kt=\"contractDetailEditBtnButton\"]"}
COMMAND: POST /session/130ef63994e902c9deb83fe717a4bbca/elements - {"using":"xpath","value":"//button[@data-kt=\"contractDetailEditBtnButton\"]"}
RESULT: {"using":"xpath","value":"//button[@data-kt=\"contractDetailEditBtnButton\"]"}
COMMAND: POST /session/130ef63994e902c9deb83fe717a4bbca/elements - {"using":"xpath","value":"//button[@data-kt=\"contractDetailEditBtnButton\"]"}
RESULT: {"using":"xpath","value":"//button[@data-kt=\"contractDetailEditBtnButton\"]"}
COMMAND: POST /session/130ef63994e902c9deb83fe717a4bbca/elements - {"using":"xpath","value":"//button[@data-kt=\"contractDetailEditBtnButton\"]"}
RESULT: {"using":"xpath","value":"//button[@data-kt=\"contractDetailEditBtnButton\"]"}
COMMAND: POST /session/130ef63994e902c9deb83fe717a4bbca/elements - {"using":"xpath","value":"//button[@data-kt=\"contractDetailEditBtnButton\"]"}
RESULT: {"using":"xpath","value":"//button[@data-kt=\"contractDetailEditBtnButton\"]"}
COMMAND: POST /session/130ef63994e902c9deb83fe717a4bbca/elements - {"using":"xpath","value":"//button[@data-kt=\"contractDetailEditBtnButton\"]"}
RESULT: {"using":"xpath","value":"//button[@data-kt=\"contractDetailEditBtnButton\"]"}
COMMAND: POST /session/130ef63994e902c9deb83fe717a4bbca/elements - {"using":"xpath","value":"//button[@data-kt=\"contractDetailEditBtnButton\"]"}
RESULT: {"using":"xpath","value":"//button[@data-kt=\"contractDetailEditBtnButton\"]"}
COMMAND: POST /session/130ef63994e902c9deb83fe717a4bbca/elements - {"using":"xpath","value":"//button[@data-kt=\"contractDetailEditBtnButton\"]"}
RESULT: {"using":"xpath","value":"//button[@data-kt=\"contractDetailEditBtnButton\"]"}
COMMAND: POST /session/130ef63994e902c9deb83fe717a4bbca/elements - {"using":"xpath","value":"//button[@data-kt=\"contractDetailEditBtnButton\"]"}
RESULT: {"using":"xpath","value":"//button[@data-kt=\"contractDetailEditBtnButton\"]"}
COMMAND: POST /session/130ef63994e902c9deb83fe717a4bbca/elements - {"using":"xpath","value":"//button[@data-kt=\"contractDetailEditBtnButton\"]"}
RESULT: {"using":"xpath","value":"//button[@data-kt=\"contractDetailEditBtnButton\"]"}
COMMAND: POST /session/130ef63994e902c9deb83fe717a4bbca/elements - {"using":"xpath","value":"//button[@data-kt=\"contractDetailEditBtnButton\"]"}
RESULT: {"using":"xpath","value":"//button[@data-kt=\"contractDetailEditBtnButton\"]"}
COMMAND: POST /session/130ef63994e902c9deb83fe717a4bbca/elements - {"using":"xpath","value":"//button[@data-kt=\"contractDetailEditBtnButton\"]"}
RESULT: {"using":"xpath","value":"//button[@data-kt=\"contractDetailEditBtnButton\"]"}
COMMAND: POST /session/130ef63994e902c9deb83fe717a4bbca/elements - {"using":"xpath","value":"//button[@data-kt=\"contractDetailEditBtnButton\"]"}
RESULT: {"using":"xpath","value":"//button[@data-kt=\"contractDetailEditBtnButton\"]"}
COMMAND: POST /session/130ef63994e902c9deb83fe717a4bbca/elements - {"using":"xpath","value":"//button[@data-kt=\"contractDetailEditBtnButton\"]"}
RESULT: {"using":"xpath","value":"//button[@data-kt=\"contractDetailEditBtnButton\"]"}
COMMAND: POST /session/130ef63994e902c9deb83fe717a4bbca/elements - {"using":"xpath","value":"//button[@data-kt=\"contractDetailEditBtnButton\"]"}
RESULT: {"using":"xpath","value":"//button[@data-kt=\"contractDetailEditBtnButton\"]"}
COMMAND: POST /session/130ef63994e902c9deb83fe717a4bbca/elements - {"using":"xpath","value":"//button[@data-kt=\"contractDetailEditBtnButton\"]"}
RESULT: {"using":"xpath","value":"//button[@data-kt=\"contractDetailEditBtnButton\"]"}
COMMAND: POST /session/130ef63994e902c9deb83fe717a4bbca/elements - {"using":"xpath","value":"//button[@data-kt=\"contractDetailEditBtnButton\"]"}
RESULT: {"using":"xpath","value":"//button[@data-kt=\"contractDetailEditBtnButton\"]"}
COMMAND: POST /session/130ef63994e902c9deb83fe717a4bbca/elements - {"using":"xpath","value":"//button[@data-kt=\"contractDetailEditBtnButton\"]"}
RESULT: {"using":"xpath","value":"//button[@data-kt=\"contractDetailEditBtnButton\"]"}
COMMAND: POST /session/130ef63994e902c9deb83fe717a4bbca/elements - {"using":"xpath","value":"//button[@data-kt=\"contractDetailEditBtnButton\"]"}
RESULT: {"using":"xpath","value":"//button[@data-kt=\"contractDetailEditBtnButton\"]"}
COMMAND: POST /session/130ef63994e902c9deb83fe717a4bbca/elements - {"using":"xpath","value":"//button[@data-kt=\"contractDetailEditBtnButton\"]"}
RESULT: {"using":"xpath","value":"//button[@data-kt=\"contractDetailEditBtnButton\"]"}
COMMAND: POST /session/130ef63994e902c9deb83fe717a4bbca/elements - {"using":"xpath","value":"//button[@data-kt=\"contractDetailEditBtnButton\"]"}
RESULT: {"using":"xpath","value":"//button[@data-kt=\"contractDetailEditBtnButton\"]"}
COMMAND: POST /session/130ef63994e902c9deb83fe717a4bbca/elements - {"using":"xpath","value":"//button[@data-kt=\"contractDetailEditBtnButton\"]"}
RESULT: {"using":"xpath","value":"//button[@data-kt=\"contractDetailEditBtnButton\"]"}
COMMAND: POST /session/130ef63994e902c9deb83fe717a4bbca/elements - {"using":"xpath","value":"//button[@data-kt=\"contractDetailEditBtnButton\"]"}
RESULT: {"using":"xpath","value":"//button[@data-kt=\"contractDetailEditBtnButton\"]"}
COMMAND: POST /session/130ef63994e902c9deb83fe717a4bbca/elements - {"using":"xpath","value":"//button[@data-kt=\"contractDetailEditBtnButton\"]"}
RESULT: {"using":"xpath","value":"//button[@data-kt=\"contractDetailEditBtnButton\"]"}
COMMAND: POST /session/130ef63994e902c9deb83fe717a4bbca/elements - {"using":"xpath","value":"//button[@data-kt=\"contractDetailEditBtnButton\"]"}
RESULT: {"using":"xpath","value":"//button[@data-kt=\"contractDetailEditBtnButton\"]"}
COMMAND: POST /session/130ef63994e902c9deb83fe717a4bbca/elements - {"using":"xpath","value":"//button[@data-kt=\"contractDetailEditBtnButton\"]"}
RESULT: {"using":"xpath","value":"//button[@data-kt=\"contractDetailEditBtnButton\"]"}
COMMAND: POST /session/130ef63994e902c9deb83fe717a4bbca/elements - {"using":"xpath","value":"//button[@data-kt=\"contractDetailEditBtnButton\"]"}
RESULT: {"using":"xpath","value":"//button[@data-kt=\"contractDetailEditBtnButton\"]"}
COMMAND: POST /session/130ef63994e902c9deb83fe717a4bbca/elements - {"using":"xpath","value":"//button[@data-kt=\"contractDetailEditBtnButton\"]"}
RESULT: {"using":"xpath","value":"//button[@data-kt=\"contractDetailEditBtnButton\"]"}
COMMAND: POST /session/130ef63994e902c9deb83fe717a4bbca/elements - {"using":"xpath","value":"//button[@data-kt=\"contractDetailEditBtnButton\"]"}
RESULT: {"using":"xpath","value":"//button[@data-kt=\"contractDetailEditBtnButton\"]"}
COMMAND: POST /session/130ef63994e902c9deb83fe717a4bbca/elements - {"using":"xpath","value":"//button[@data-kt=\"contractDetailEditBtnButton\"]"}
RESULT: {"using":"xpath","value":"//button[@data-kt=\"contractDetailEditBtnButton\"]"}
COMMAND: POST /session/130ef63994e902c9deb83fe717a4bbca/elements - {"using":"xpath","value":"//button[@data-kt=\"contractDetailEditBtnButton\"]"}
RESULT: {"using":"xpath","value":"//button[@data-kt=\"contractDetailEditBtnButton\"]"}
COMMAND: POST /session/130ef63994e902c9deb83fe717a4bbca/elements - {"using":"xpath","value":"//button[@data-kt=\"contractDetailEditBtnButton\"]"}
RESULT: {"using":"xpath","value":"//button[@data-kt=\"contractDetailEditBtnButton\"]"}
COMMAND: POST /session/130ef63994e902c9deb83fe717a4bbca/elements - {"using":"xpath","value":"//button[@data-kt=\"contractDetailEditBtnButton\"]"}
RESULT: {"using":"xpath","value":"//button[@data-kt=\"contractDetailEditBtnButton\"]"}
COMMAND: POST /session/130ef63994e902c9deb83fe717a4bbca/elements - {"using":"xpath","value":"//button[@data-kt=\"contractDetailEditBtnButton\"]"}
RESULT: {"using":"xpath","value":"//button[@data-kt=\"contractDetailEditBtnButton\"]"}
COMMAND: POST /session/130ef63994e902c9deb83fe717a4bbca/elements - {"using":"xpath","value":"//button[@data-kt=\"contractDetailEditBtnButton\"]"}
RESULT: {"using":"xpath","value":"//button[@data-kt=\"contractDetailEditBtnButton\"]"}
COMMAND: POST /session/130ef63994e902c9deb83fe717a4bbca/elements - {"using":"xpath","value":"//button[@data-kt=\"contractDetailEditBtnButton\"]"}
RESULT: {"using":"xpath","value":"//button[@data-kt=\"contractDetailEditBtnButton\"]"}
COMMAND: POST /session/130ef63994e902c9deb83fe717a4bbca/elements - {"using":"xpath","value":"//button[@data-kt=\"contractDetailEditBtnButton\"]"}
RESULT: {"using":"xpath","value":"//button[@data-kt=\"contractDetailEditBtnButton\"]"}
COMMAND: POST /session/130ef63994e902c9deb83fe717a4bbca/elements - {"using":"xpath","value":"//button[@data-kt=\"contractDetailEditBtnButton\"]"}
RESULT: {"using":"xpath","value":"//button[@data-kt=\"contractDetailEditBtnButton\"]"}
COMMAND: POST /session/130ef63994e902c9deb83fe717a4bbca/elements - {"using":"xpath","value":"//button[@data-kt=\"contractDetailEditBtnButton\"]"}
RESULT: {"using":"xpath","value":"//button[@data-kt=\"contractDetailEditBtnButton\"]"}
COMMAND: POST /session/130ef63994e902c9deb83fe717a4bbca/elements - {"using":"xpath","value":"//button[@data-kt=\"contractDetailEditBtnButton\"]"}
RESULT: {"using":"xpath","value":"//button[@data-kt=\"contractDetailEditBtnButton\"]"}
COMMAND: POST /session/130ef63994e902c9deb83fe717a4bbca/elements - {"using":"xpath","value":"//button[@data-kt=\"contractDetailEditBtnButton\"]"}
RESULT: {"using":"xpath","value":"//button[@data-kt=\"contractDetailEditBtnButton\"]"}
COMMAND: POST /session/130ef63994e902c9deb83fe717a4bbca/elements - {"using":"xpath","value":"//button[@data-kt=\"contractDetailEditBtnButton\"]"}
RESULT: {"using":"xpath","value":"//button[@data-kt=\"contractDetailEditBtnButton\"]"}
COMMAND: POST /session/130ef63994e902c9deb83fe717a4bbca/elements - {"using":"xpath","value":"//button[@data-kt=\"contractDetailEditBtnButton\"]"}
RESULT: {"using":"xpath","value":"//button[@data-kt=\"contractDetailEditBtnButton\"]"}
COMMAND: POST /session/130ef63994e902c9deb83fe717a4bbca/elements - {"using":"xpath","value":"//button[@data-kt=\"contractDetailEditBtnButton\"]"}
RESULT: {"using":"xpath","value":"//button[@data-kt=\"contractDetailEditBtnButton\"]"}
COMMAND: POST /session/130ef63994e902c9deb83fe717a4bbca/elements - {"using":"xpath","value":"//button[@data-kt=\"contractDetailEditBtnButton\"]"}
RESULT: {"using":"xpath","value":"//button[@data-kt=\"contractDetailEditBtnButton\"]"}
COMMAND: POST /session/130ef63994e902c9deb83fe717a4bbca/elements - {"using":"xpath","value":"//button[@data-kt=\"contractDetailEditBtnButton\"]"}
RESULT: {"using":"xpath","value":"//button[@data-kt=\"contractDetailEditBtnButton\"]"}
COMMAND: POST /session/130ef63994e902c9deb83fe717a4bbca/elements - {"using":"xpath","value":"//button[@data-kt=\"contractDetailEditBtnButton\"]"}
RESULT: {"using":"xpath","value":"//button[@data-kt=\"contractDetailEditBtnButton\"]"}
COMMAND: POST /session/130ef63994e902c9deb83fe717a4bbca/elements - {"using":"xpath","value":"//button[@data-kt=\"contractDetailEditBtnButton\"]"}
RESULT: {"using":"xpath","value":"//button[@data-kt=\"contractDetailEditBtnButton\"]"}
COMMAND: POST /session/130ef63994e902c9deb83fe717a4bbca/elements - {"using":"xpath","value":"//button[@data-kt=\"contractDetailEditBtnButton\"]"}
RESULT: {"using":"xpath","value":"//button[@data-kt=\"contractDetailEditBtnButton\"]"}
COMMAND: POST /session/130ef63994e902c9deb83fe717a4bbca/elements - {"using":"xpath","value":"//button[@data-kt=\"contractDetailEditBtnButton\"]"}
RESULT: {"using":"xpath","value":"//button[@data-kt=\"contractDetailEditBtnButton\"]"}
COMMAND: POST /session/130ef63994e902c9deb83fe717a4bbca/elements - {"using":"xpath","value":"//button[@data-kt=\"contractDetailEditBtnButton\"]"}
RESULT: {"using":"xpath","value":"//button[@data-kt=\"contractDetailEditBtnButton\"]"}
COMMAND: POST /session/130ef63994e902c9deb83fe717a4bbca/elements - {"using":"xpath","value":"//button[@data-kt=\"contractDetailEditBtnButton\"]"}
RESULT: {"using":"xpath","value":"//button[@data-kt=\"contractDetailEditBtnButton\"]"}
COMMAND: POST /session/130ef63994e902c9deb83fe717a4bbca/elements - {"using":"xpath","value":"//button[@data-kt=\"contractDetailEditBtnButton\"]"}
RESULT: {"using":"xpath","value":"//button[@data-kt=\"contractDetailEditBtnButton\"]"}
COMMAND: POST /session/130ef63994e902c9deb83fe717a4bbca/elements - {"using":"xpath","value":"//button[@data-kt=\"contractDetailEditBtnButton\"]"}
RESULT: {"using":"xpath","value":"//button[@data-kt=\"contractDetailEditBtnButton\"]"}
COMMAND: POST /session/130ef63994e902c9deb83fe717a4bbca/elements - {"using":"xpath","value":"//button[@data-kt=\"contractDetailEditBtnButton\"]"}
RESULT: {"using":"xpath","value":"//button[@data-kt=\"contractDetailEditBtnButton\"]"}
COMMAND: POST /session/130ef63994e902c9deb83fe717a4bbca/elements - {"using":"xpath","value":"//button[@data-kt=\"contractDetailEditBtnButton\"]"}
RESULT: {"using":"xpath","value":"//button[@data-kt=\"contractDetailEditBtnButton\"]"}
COMMAND: POST /session/130ef63994e902c9deb83fe717a4bbca/elements - {"using":"xpath","value":"//button[@data-kt=\"contractDetailEditBtnButton\"]"}
RESULT: {"using":"xpath","value":"//button[@data-kt=\"contractDetailEditBtnButton\"]"}
COMMAND: POST /session/130ef63994e902c9deb83fe717a4bbca/elements - {"using":"xpath","value":"//button[@data-kt=\"contractDetailEditBtnButton\"]"}
RESULT: {"using":"xpath","value":"//button[@data-kt=\"contractDetailEditBtnButton\"]"}
COMMAND: POST /session/130ef63994e902c9deb83fe717a4bbca/elements - {"using":"xpath","value":"//button[@data-kt=\"contractDetailEditBtnButton\"]"}
RESULT: {"using":"xpath","value":"//button[@data-kt=\"contractDetailEditBtnButton\"]"}
COMMAND: POST /session/130ef63994e902c9deb83fe717a4bbca/elements - {"using":"xpath","value":"//button[@data-kt=\"contractDetailEditBtnButton\"]"}
RESULT: {"using":"xpath","value":"//button[@data-kt=\"contractDetailEditBtnButton\"]"}
COMMAND: POST /session/130ef63994e902c9deb83fe717a4bbca/elements - {"using":"xpath","value":"//button[@data-kt=\"contractDetailEditBtnButton\"]"}
RESULT: {"using":"xpath","value":"//button[@data-kt=\"contractDetailEditBtnButton\"]"}
COMMAND: POST /session/130ef63994e902c9deb83fe717a4bbca/elements - {"using":"xpath","value":"//button[@data-kt=\"contractDetailEditBtnButton\"]"}
RESULT: {"using":"xpath","value":"//button[@data-kt=\"contractDetailEditBtnButton\"]"}
COMMAND: POST /session/130ef63994e902c9deb83fe717a4bbca/elements - {"using":"xpath","value":"//button[@data-kt=\"contractDetailEditBtnButton\"]"}
RESULT: {"using":"xpath","value":"//button[@data-kt=\"contractDetailEditBtnButton\"]"}
COMMAND: POST /session/130ef63994e902c9deb83fe717a4bbca/elements - {"using":"xpath","value":"//button[@data-kt=\"contractDetailEditBtnButton\"]"}
RESULT: {"using":"xpath","value":"//button[@data-kt=\"contractDetailEditBtnButton\"]"}
COMMAND: POST /session/130ef63994e902c9deb83fe717a4bbca/elements - {"using":"xpath","value":"//button[@data-kt=\"contractDetailEditBtnButton\"]"}
RESULT: {"using":"xpath","value":"//button[@data-kt=\"contractDetailEditBtnButton\"]"}
COMMAND: POST /session/130ef63994e902c9deb83fe717a4bbca/elements - {"using":"xpath","value":"//button[@data-kt=\"contractDetailEditBtnButton\"]"}
RESULT: {"using":"xpath","value":"//button[@data-kt=\"contractDetailEditBtnButton\"]"}
COMMAND: POST /session/130ef63994e902c9deb83fe717a4bbca/elements - {"using":"xpath","value":"//button[@data-kt=\"contractDetailEditBtnButton\"]"}
RESULT: {"using":"xpath","value":"//button[@data-kt=\"contractDetailEditBtnButton\"]"}
COMMAND: POST /session/130ef63994e902c9deb83fe717a4bbca/elements - {"using":"xpath","value":"//button[@data-kt=\"contractDetailEditBtnButton\"]"}
RESULT: {"using":"xpath","value":"//button[@data-kt=\"contractDetailEditBtnButton\"]"}
COMMAND: POST /session/130ef63994e902c9deb83fe717a4bbca/elements - {"using":"xpath","value":"//button[@data-kt=\"contractDetailEditBtnButton\"]"}
RESULT: {"using":"xpath","value":"//button[@data-kt=\"contractDetailEditBtnButton\"]"}
COMMAND: POST /session/130ef63994e902c9deb83fe717a4bbca/elements - {"using":"xpath","value":"//button[@data-kt=\"contractDetailEditBtnButton\"]"}
RESULT: {"using":"xpath","value":"//button[@data-kt=\"contractDetailEditBtnButton\"]"}
COMMAND: POST /session/130ef63994e902c9deb83fe717a4bbca/elements - {"using":"xpath","value":"//button[@data-kt=\"contractDetailEditBtnButton\"]"}
RESULT: {"using":"xpath","value":"//button[@data-kt=\"contractDetailEditBtnButton\"]"}
COMMAND: POST /session/130ef63994e902c9deb83fe717a4bbca/elements - {"using":"xpath","value":"//button[@data-kt=\"contractDetailEditBtnButton\"]"}
RESULT: {"using":"xpath","value":"//button[@data-kt=\"contractDetailEditBtnButton\"]"}
COMMAND: POST /session/130ef63994e902c9deb83fe717a4bbca/elements - {"using":"xpath","value":"//button[@data-kt=\"contractDetailEditBtnButton\"]"}
RESULT: {"using":"xpath","value":"//button[@data-kt=\"contractDetailEditBtnButton\"]"}
COMMAND: POST /session/130ef63994e902c9deb83fe717a4bbca/elements - {"using":"xpath","value":"//button[@data-kt=\"contractDetailEditBtnButton\"]"}
RESULT: {"using":"xpath","value":"//button[@data-kt=\"contractDetailEditBtnButton\"]"}
COMMAND: POST /session/130ef63994e902c9deb83fe717a4bbca/elements - {"using":"xpath","value":"//button[@data-kt=\"contractDetailEditBtnButton\"]"}
RESULT: {"using":"xpath","value":"//button[@data-kt=\"contractDetailEditBtnButton\"]"}
COMMAND: POST /session/130ef63994e902c9deb83fe717a4bbca/elements - {"using":"xpath","value":"//button[@data-kt=\"contractDetailEditBtnButton\"]"}
RESULT: {"using":"xpath","value":"//button[@data-kt=\"contractDetailEditBtnButton\"]"}
COMMAND: POST /session/130ef63994e902c9deb83fe717a4bbca/elements - {"using":"xpath","value":"//button[@data-kt=\"contractDetailEditBtnButton\"]"}
RESULT: {"using":"xpath","value":"//button[@data-kt=\"contractDetailEditBtnButton\"]"}
COMMAND: POST /session/130ef63994e902c9deb83fe717a4bbca/elements - {"using":"xpath","value":"//button[@data-kt=\"contractDetailEditBtnButton\"]"}
RESULT: {"using":"xpath","value":"//button[@data-kt=\"contractDetailEditBtnButton\"]"}
COMMAND: POST /session/130ef63994e902c9deb83fe717a4bbca/elements - {"using":"xpath","value":"//button[@data-kt=\"contractDetailEditBtnButton\"]"}
RESULT: {"using":"xpath","value":"//button[@data-kt=\"contractDetailEditBtnButton\"]"}
COMMAND: POST /session/130ef63994e902c9deb83fe717a4bbca/elements - {"using":"xpath","value":"//button[@data-kt=\"contractDetailEditBtnButton\"]"}
RESULT: {"using":"xpath","value":"//button[@data-kt=\"contractDetailEditBtnButton\"]"}
COMMAND: POST /session/130ef63994e902c9deb83fe717a4bbca/elements - {"using":"xpath","value":"//button[@data-kt=\"contractDetailEditBtnButton\"]"}
RESULT: {"using":"xpath","value":"//button[@data-kt=\"contractDetailEditBtnButton\"]"}
COMMAND: POST /session/130ef63994e902c9deb83fe717a4bbca/elements - {"using":"xpath","value":"//button[@data-kt=\"contractDetailEditBtnButton\"]"}
RESULT: {"using":"xpath","value":"//button[@data-kt=\"contractDetailEditBtnButton\"]"}
COMMAND: POST /session/130ef63994e902c9deb83fe717a4bbca/elements - {"using":"xpath","value":"//button[@data-kt=\"contractDetailEditBtnButton\"]"}
RESULT: {"using":"xpath","value":"//button[@data-kt=\"contractDetailEditBtnButton\"]"}
COMMAND: POST /session/130ef63994e902c9deb83fe717a4bbca/elements - {"using":"xpath","value":"//button[@data-kt=\"contractDetailEditBtnButton\"]"}
RESULT: {"using":"xpath","value":"//button[@data-kt=\"contractDetailEditBtnButton\"]"}
COMMAND: POST /session/130ef63994e902c9deb83fe717a4bbca/elements - {"using":"xpath","value":"//button[@data-kt=\"contractDetailEditBtnButton\"]"}
RESULT: {"using":"xpath","value":"//button[@data-kt=\"contractDetailEditBtnButton\"]"}
COMMAND: POST /session/130ef63994e902c9deb83fe717a4bbca/elements - {"using":"xpath","value":"//button[@data-kt=\"contractDetailEditBtnButton\"]"}
RESULT: {"using":"xpath","value":"//button[@data-kt=\"contractDetailEditBtnButton\"]"}
COMMAND: POST /session/130ef63994e902c9deb83fe717a4bbca/elements - {"using":"xpath","value":"//button[@data-kt=\"contractDetailEditBtnButton\"]"}
RESULT: {"using":"xpath","value":"//button[@data-kt=\"contractDetailEditBtnButton\"]"}
COMMAND: POST /session/130ef63994e902c9deb83fe717a4bbca/elements - {"using":"xpath","value":"//button[@data-kt=\"contractDetailEditBtnButton\"]"}
RESULT: {"using":"xpath","value":"//button[@data-kt=\"contractDetailEditBtnButton\"]"}
COMMAND: POST /session/130ef63994e902c9deb83fe717a4bbca/elements - {"using":"xpath","value":"//button[@data-kt=\"contractDetailEditBtnButton\"]"}
RESULT: {"using":"xpath","value":"//button[@data-kt=\"contractDetailEditBtnButton\"]"}
COMMAND: POST /session/130ef63994e902c9deb83fe717a4bbca/elements - {"using":"xpath","value":"//button[@data-kt=\"contractDetailEditBtnButton\"]"}
RESULT: {"using":"xpath","value":"//button[@data-kt=\"contractDetailEditBtnButton\"]"}
COMMAND: POST /session/130ef63994e902c9deb83fe717a4bbca/elements - {"using":"xpath","value":"//button[@data-kt=\"contractDetailEditBtnButton\"]"}
RESULT: {"using":"xpath","value":"//button[@data-kt=\"contractDetailEditBtnButton\"]"}
COMMAND: POST /session/130ef63994e902c9deb83fe717a4bbca/elements - {"using":"xpath","value":"//button[@data-kt=\"contractDetailEditBtnButton\"]"}
RESULT: {"using":"xpath","value":"//button[@data-kt=\"contractDetailEditBtnButton\"]"}
COMMAND: POST /session/130ef63994e902c9deb83fe717a4bbca/elements - {"using":"xpath","value":"//button[@data-kt=\"contractDetailEditBtnButton\"]"}
RESULT: {"using":"xpath","value":"//button[@data-kt=\"contractDetailEditBtnButton\"]"}
COMMAND: POST /session/130ef63994e902c9deb83fe717a4bbca/elements - {"using":"xpath","value":"//button[@data-kt=\"contractDetailEditBtnButton\"]"}
RESULT: {"using":"xpath","value":"//button[@data-kt=\"contractDetailEditBtnButton\"]"}
COMMAND: POST /session/130ef63994e902c9deb83fe717a4bbca/elements - {"using":"xpath","value":"//button[@data-kt=\"contractDetailEditBtnButton\"]"}
RESULT: {"using":"xpath","value":"//button[@data-kt=\"contractDetailEditBtnButton\"]"}
COMMAND: POST /session/130ef63994e902c9deb83fe717a4bbca/elements - {"using":"xpath","value":"//button[@data-kt=\"contractDetailEditBtnButton\"]"}
RESULT: {"using":"xpath","value":"//button[@data-kt=\"contractDetailEditBtnButton\"]"}
COMMAND: POST /session/130ef63994e902c9deb83fe717a4bbca/elements - {"using":"xpath","value":"//button[@data-kt=\"contractDetailEditBtnButton\"]"}
RESULT: {"using":"xpath","value":"//button[@data-kt=\"contractDetailEditBtnButton\"]"}
COMMAND: POST /session/130ef63994e902c9deb83fe717a4bbca/elements - {"using":"xpath","value":"//button[@data-kt=\"contractDetailEditBtnButton\"]"}
RESULT: {"using":"xpath","value":"//button[@data-kt=\"contractDetailEditBtnButton\"]"}
COMMAND: POST /session/130ef63994e902c9deb83fe717a4bbca/elements - {"using":"xpath","value":"//button[@data-kt=\"contractDetailEditBtnButton\"]"}
RESULT: {"using":"xpath","value":"//button[@data-kt=\"contractDetailEditBtnButton\"]"}
COMMAND: POST /session/130ef63994e902c9deb83fe717a4bbca/elements - {"using":"xpath","value":"//button[@data-kt=\"contractDetailEditBtnButton\"]"}
RESULT: {"using":"xpath","value":"//button[@data-kt=\"contractDetailEditBtnButton\"]"}
COMMAND: POST /session/130ef63994e902c9deb83fe717a4bbca/elements - {"using":"xpath","value":"//button[@data-kt=\"contractDetailEditBtnButton\"]"}
RESULT: {"using":"xpath","value":"//button[@data-kt=\"contractDetailEditBtnButton\"]"}
COMMAND: POST /session/130ef63994e902c9deb83fe717a4bbca/elements - {"using":"xpath","value":"//button[@data-kt=\"contractDetailEditBtnButton\"]"}
RESULT: {"using":"xpath","value":"//button[@data-kt=\"contractDetailEditBtnButton\"]"}
COMMAND: POST /session/130ef63994e902c9deb83fe717a4bbca/elements - {"using":"xpath","value":"//button[@data-kt=\"contractDetailEditBtnButton\"]"}
RESULT: {"using":"xpath","value":"//button[@data-kt=\"contractDetailEditBtnButton\"]"}
COMMAND: POST /session/130ef63994e902c9deb83fe717a4bbca/elements - {"using":"xpath","value":"//button[@data-kt=\"contractDetailEditBtnButton\"]"}
RESULT: {"using":"xpath","value":"//button[@data-kt=\"contractDetailEditBtnButton\"]"}
COMMAND: POST /session/130ef63994e902c9deb83fe717a4bbca/elements - {"using":"xpath","value":"//button[@data-kt=\"contractDetailEditBtnButton\"]"}
RESULT: {"using":"xpath","value":"//button[@data-kt=\"contractDetailEditBtnButton\"]"}
COMMAND: POST /session/130ef63994e902c9deb83fe717a4bbca/elements - {"using":"xpath","value":"//button[@data-kt=\"contractDetailEditBtnButton\"]"}
RESULT: {"using":"xpath","value":"//button[@data-kt=\"contractDetailEditBtnButton\"]"}
COMMAND: POST /session/130ef63994e902c9deb83fe717a4bbca/elements - {"using":"xpath","value":"//button[@data-kt=\"contractDetailEditBtnButton\"]"}
RESULT: {"using":"xpath","value":"//button[@data-kt=\"contractDetailEditBtnButton\"]"}
COMMAND: POST /session/130ef63994e902c9deb83fe717a4bbca/elements - {"using":"xpath","value":"//button[@data-kt=\"contractDetailEditBtnButton\"]"}
RESULT: {"using":"xpath","value":"//button[@data-kt=\"contractDetailEditBtnButton\"]"}
COMMAND: POST /session/130ef63994e902c9deb83fe717a4bbca/elements - {"using":"xpath","value":"//button[@data-kt=\"contractDetailEditBtnButton\"]"}
RESULT: {"using":"xpath","value":"//button[@data-kt=\"contractDetailEditBtnButton\"]"}
COMMAND: POST /session/130ef63994e902c9deb83fe717a4bbca/elements - {"using":"xpath","value":"//button[@data-kt=\"contractDetailEditBtnButton\"]"}
RESULT: {"using":"xpath","value":"//button[@data-kt=\"contractDetailEditBtnButton\"]"}
COMMAND: POST /session/130ef63994e902c9deb83fe717a4bbca/elements - {"using":"xpath","value":"//button[@data-kt=\"contractDetailEditBtnButton\"]"}
RESULT: {"using":"xpath","value":"//button[@data-kt=\"contractDetailEditBtnButton\"]"}
COMMAND: POST /session/130ef63994e902c9deb83fe717a4bbca/elements - {"using":"xpath","value":"//button[@data-kt=\"contractDetailEditBtnButton\"]"}
RESULT: {"using":"xpath","value":"//button[@data-kt=\"contractDetailEditBtnButton\"]"}
COMMAND: GET /session/130ef63994e902c9deb83fe717a4bbca/screenshot - {}
RESULT: {}
]]></system-out>
      <system-err><![CDATA[
Error: Can't call click on element with selector "//button[@data-kt="contractDetailEditBtnButton"]" because element wasn't found
    at async UtilsPrerequisites.addItemToContract (D:\a\1\s\test\specs\BTS\prerequisites-and-utils-functions.js:1822:9)
    at async Context.<anonymous> (D:\a\1\s\test\specs\BTS\billing-performance-workdays.spec.js:196:9)
]]></system-err>
    </testcase>
    <testcase classname="chrome.136_0_7103_93.windows.Performance_based_billing_(work_days)_US139742" name="Should do a provide to site handover" time="61.663">
      <failure/>
      <error message="Can't call click on element with selector &quot;//button[@data-kt=&quot;provideButton&quot;]&quot; because element wasn't found"/>
      <system-out><![CDATA[
COMMAND: GET /session/130ef63994e902c9deb83fe717a4bbca/screenshot - {}
COMMAND: POST /session/130ef63994e902c9deb83fe717a4bbca/element - {"using":"xpath","value":"//button[@data-kt=\"provideButton\"]"}
RESULT: {}
RESULT: {"using":"xpath","value":"//button[@data-kt=\"provideButton\"]"}
COMMAND: POST /session/130ef63994e902c9deb83fe717a4bbca/elements - {"using":"xpath","value":"//button[@data-kt=\"provideButton\"]"}
RESULT: {"using":"xpath","value":"//button[@data-kt=\"provideButton\"]"}
COMMAND: POST /session/130ef63994e902c9deb83fe717a4bbca/elements - {"using":"xpath","value":"//button[@data-kt=\"provideButton\"]"}
RESULT: {"using":"xpath","value":"//button[@data-kt=\"provideButton\"]"}
COMMAND: POST /session/130ef63994e902c9deb83fe717a4bbca/elements - {"using":"xpath","value":"//button[@data-kt=\"provideButton\"]"}
RESULT: {"using":"xpath","value":"//button[@data-kt=\"provideButton\"]"}
COMMAND: POST /session/130ef63994e902c9deb83fe717a4bbca/elements - {"using":"xpath","value":"//button[@data-kt=\"provideButton\"]"}
RESULT: {"using":"xpath","value":"//button[@data-kt=\"provideButton\"]"}
COMMAND: POST /session/130ef63994e902c9deb83fe717a4bbca/elements - {"using":"xpath","value":"//button[@data-kt=\"provideButton\"]"}
RESULT: {"using":"xpath","value":"//button[@data-kt=\"provideButton\"]"}
COMMAND: POST /session/130ef63994e902c9deb83fe717a4bbca/elements - {"using":"xpath","value":"//button[@data-kt=\"provideButton\"]"}
RESULT: {"using":"xpath","value":"//button[@data-kt=\"provideButton\"]"}
COMMAND: POST /session/130ef63994e902c9deb83fe717a4bbca/elements - {"using":"xpath","value":"//button[@data-kt=\"provideButton\"]"}
RESULT: {"using":"xpath","value":"//button[@data-kt=\"provideButton\"]"}
COMMAND: POST /session/130ef63994e902c9deb83fe717a4bbca/elements - {"using":"xpath","value":"//button[@data-kt=\"provideButton\"]"}
RESULT: {"using":"xpath","value":"//button[@data-kt=\"provideButton\"]"}
COMMAND: POST /session/130ef63994e902c9deb83fe717a4bbca/elements - {"using":"xpath","value":"//button[@data-kt=\"provideButton\"]"}
RESULT: {"using":"xpath","value":"//button[@data-kt=\"provideButton\"]"}
COMMAND: POST /session/130ef63994e902c9deb83fe717a4bbca/elements - {"using":"xpath","value":"//button[@data-kt=\"provideButton\"]"}
RESULT: {"using":"xpath","value":"//button[@data-kt=\"provideButton\"]"}
COMMAND: POST /session/130ef63994e902c9deb83fe717a4bbca/elements - {"using":"xpath","value":"//button[@data-kt=\"provideButton\"]"}
RESULT: {"using":"xpath","value":"//button[@data-kt=\"provideButton\"]"}
COMMAND: POST /session/130ef63994e902c9deb83fe717a4bbca/elements - {"using":"xpath","value":"//button[@data-kt=\"provideButton\"]"}
RESULT: {"using":"xpath","value":"//button[@data-kt=\"provideButton\"]"}
COMMAND: POST /session/130ef63994e902c9deb83fe717a4bbca/elements - {"using":"xpath","value":"//button[@data-kt=\"provideButton\"]"}
RESULT: {"using":"xpath","value":"//button[@data-kt=\"provideButton\"]"}
COMMAND: POST /session/130ef63994e902c9deb83fe717a4bbca/elements - {"using":"xpath","value":"//button[@data-kt=\"provideButton\"]"}
RESULT: {"using":"xpath","value":"//button[@data-kt=\"provideButton\"]"}
COMMAND: POST /session/130ef63994e902c9deb83fe717a4bbca/elements - {"using":"xpath","value":"//button[@data-kt=\"provideButton\"]"}
RESULT: {"using":"xpath","value":"//button[@data-kt=\"provideButton\"]"}
COMMAND: POST /session/130ef63994e902c9deb83fe717a4bbca/elements - {"using":"xpath","value":"//button[@data-kt=\"provideButton\"]"}
RESULT: {"using":"xpath","value":"//button[@data-kt=\"provideButton\"]"}
COMMAND: POST /session/130ef63994e902c9deb83fe717a4bbca/elements - {"using":"xpath","value":"//button[@data-kt=\"provideButton\"]"}
RESULT: {"using":"xpath","value":"//button[@data-kt=\"provideButton\"]"}
COMMAND: POST /session/130ef63994e902c9deb83fe717a4bbca/elements - {"using":"xpath","value":"//button[@data-kt=\"provideButton\"]"}
RESULT: {"using":"xpath","value":"//button[@data-kt=\"provideButton\"]"}
COMMAND: POST /session/130ef63994e902c9deb83fe717a4bbca/elements - {"using":"xpath","value":"//button[@data-kt=\"provideButton\"]"}
RESULT: {"using":"xpath","value":"//button[@data-kt=\"provideButton\"]"}
COMMAND: POST /session/130ef63994e902c9deb83fe717a4bbca/elements - {"using":"xpath","value":"//button[@data-kt=\"provideButton\"]"}
RESULT: {"using":"xpath","value":"//button[@data-kt=\"provideButton\"]"}
COMMAND: POST /session/130ef63994e902c9deb83fe717a4bbca/elements - {"using":"xpath","value":"//button[@data-kt=\"provideButton\"]"}
RESULT: {"using":"xpath","value":"//button[@data-kt=\"provideButton\"]"}
COMMAND: POST /session/130ef63994e902c9deb83fe717a4bbca/elements - {"using":"xpath","value":"//button[@data-kt=\"provideButton\"]"}
RESULT: {"using":"xpath","value":"//button[@data-kt=\"provideButton\"]"}
COMMAND: POST /session/130ef63994e902c9deb83fe717a4bbca/elements - {"using":"xpath","value":"//button[@data-kt=\"provideButton\"]"}
RESULT: {"using":"xpath","value":"//button[@data-kt=\"provideButton\"]"}
COMMAND: POST /session/130ef63994e902c9deb83fe717a4bbca/elements - {"using":"xpath","value":"//button[@data-kt=\"provideButton\"]"}
RESULT: {"using":"xpath","value":"//button[@data-kt=\"provideButton\"]"}
COMMAND: POST /session/130ef63994e902c9deb83fe717a4bbca/elements - {"using":"xpath","value":"//button[@data-kt=\"provideButton\"]"}
RESULT: {"using":"xpath","value":"//button[@data-kt=\"provideButton\"]"}
COMMAND: POST /session/130ef63994e902c9deb83fe717a4bbca/elements - {"using":"xpath","value":"//button[@data-kt=\"provideButton\"]"}
RESULT: {"using":"xpath","value":"//button[@data-kt=\"provideButton\"]"}
COMMAND: POST /session/130ef63994e902c9deb83fe717a4bbca/elements - {"using":"xpath","value":"//button[@data-kt=\"provideButton\"]"}
RESULT: {"using":"xpath","value":"//button[@data-kt=\"provideButton\"]"}
COMMAND: POST /session/130ef63994e902c9deb83fe717a4bbca/elements - {"using":"xpath","value":"//button[@data-kt=\"provideButton\"]"}
RESULT: {"using":"xpath","value":"//button[@data-kt=\"provideButton\"]"}
COMMAND: POST /session/130ef63994e902c9deb83fe717a4bbca/elements - {"using":"xpath","value":"//button[@data-kt=\"provideButton\"]"}
RESULT: {"using":"xpath","value":"//button[@data-kt=\"provideButton\"]"}
COMMAND: POST /session/130ef63994e902c9deb83fe717a4bbca/elements - {"using":"xpath","value":"//button[@data-kt=\"provideButton\"]"}
RESULT: {"using":"xpath","value":"//button[@data-kt=\"provideButton\"]"}
COMMAND: POST /session/130ef63994e902c9deb83fe717a4bbca/elements - {"using":"xpath","value":"//button[@data-kt=\"provideButton\"]"}
RESULT: {"using":"xpath","value":"//button[@data-kt=\"provideButton\"]"}
COMMAND: POST /session/130ef63994e902c9deb83fe717a4bbca/elements - {"using":"xpath","value":"//button[@data-kt=\"provideButton\"]"}
RESULT: {"using":"xpath","value":"//button[@data-kt=\"provideButton\"]"}
COMMAND: POST /session/130ef63994e902c9deb83fe717a4bbca/elements - {"using":"xpath","value":"//button[@data-kt=\"provideButton\"]"}
RESULT: {"using":"xpath","value":"//button[@data-kt=\"provideButton\"]"}
COMMAND: POST /session/130ef63994e902c9deb83fe717a4bbca/elements - {"using":"xpath","value":"//button[@data-kt=\"provideButton\"]"}
RESULT: {"using":"xpath","value":"//button[@data-kt=\"provideButton\"]"}
COMMAND: POST /session/130ef63994e902c9deb83fe717a4bbca/elements - {"using":"xpath","value":"//button[@data-kt=\"provideButton\"]"}
RESULT: {"using":"xpath","value":"//button[@data-kt=\"provideButton\"]"}
COMMAND: POST /session/130ef63994e902c9deb83fe717a4bbca/elements - {"using":"xpath","value":"//button[@data-kt=\"provideButton\"]"}
RESULT: {"using":"xpath","value":"//button[@data-kt=\"provideButton\"]"}
COMMAND: POST /session/130ef63994e902c9deb83fe717a4bbca/elements - {"using":"xpath","value":"//button[@data-kt=\"provideButton\"]"}
RESULT: {"using":"xpath","value":"//button[@data-kt=\"provideButton\"]"}
COMMAND: POST /session/130ef63994e902c9deb83fe717a4bbca/elements - {"using":"xpath","value":"//button[@data-kt=\"provideButton\"]"}
RESULT: {"using":"xpath","value":"//button[@data-kt=\"provideButton\"]"}
COMMAND: POST /session/130ef63994e902c9deb83fe717a4bbca/elements - {"using":"xpath","value":"//button[@data-kt=\"provideButton\"]"}
RESULT: {"using":"xpath","value":"//button[@data-kt=\"provideButton\"]"}
COMMAND: POST /session/130ef63994e902c9deb83fe717a4bbca/elements - {"using":"xpath","value":"//button[@data-kt=\"provideButton\"]"}
RESULT: {"using":"xpath","value":"//button[@data-kt=\"provideButton\"]"}
COMMAND: POST /session/130ef63994e902c9deb83fe717a4bbca/elements - {"using":"xpath","value":"//button[@data-kt=\"provideButton\"]"}
RESULT: {"using":"xpath","value":"//button[@data-kt=\"provideButton\"]"}
COMMAND: POST /session/130ef63994e902c9deb83fe717a4bbca/elements - {"using":"xpath","value":"//button[@data-kt=\"provideButton\"]"}
RESULT: {"using":"xpath","value":"//button[@data-kt=\"provideButton\"]"}
COMMAND: POST /session/130ef63994e902c9deb83fe717a4bbca/elements - {"using":"xpath","value":"//button[@data-kt=\"provideButton\"]"}
RESULT: {"using":"xpath","value":"//button[@data-kt=\"provideButton\"]"}
COMMAND: POST /session/130ef63994e902c9deb83fe717a4bbca/elements - {"using":"xpath","value":"//button[@data-kt=\"provideButton\"]"}
RESULT: {"using":"xpath","value":"//button[@data-kt=\"provideButton\"]"}
COMMAND: POST /session/130ef63994e902c9deb83fe717a4bbca/elements - {"using":"xpath","value":"//button[@data-kt=\"provideButton\"]"}
RESULT: {"using":"xpath","value":"//button[@data-kt=\"provideButton\"]"}
COMMAND: POST /session/130ef63994e902c9deb83fe717a4bbca/elements - {"using":"xpath","value":"//button[@data-kt=\"provideButton\"]"}
RESULT: {"using":"xpath","value":"//button[@data-kt=\"provideButton\"]"}
COMMAND: POST /session/130ef63994e902c9deb83fe717a4bbca/elements - {"using":"xpath","value":"//button[@data-kt=\"provideButton\"]"}
RESULT: {"using":"xpath","value":"//button[@data-kt=\"provideButton\"]"}
COMMAND: POST /session/130ef63994e902c9deb83fe717a4bbca/elements - {"using":"xpath","value":"//button[@data-kt=\"provideButton\"]"}
RESULT: {"using":"xpath","value":"//button[@data-kt=\"provideButton\"]"}
COMMAND: POST /session/130ef63994e902c9deb83fe717a4bbca/elements - {"using":"xpath","value":"//button[@data-kt=\"provideButton\"]"}
RESULT: {"using":"xpath","value":"//button[@data-kt=\"provideButton\"]"}
COMMAND: POST /session/130ef63994e902c9deb83fe717a4bbca/elements - {"using":"xpath","value":"//button[@data-kt=\"provideButton\"]"}
RESULT: {"using":"xpath","value":"//button[@data-kt=\"provideButton\"]"}
COMMAND: POST /session/130ef63994e902c9deb83fe717a4bbca/elements - {"using":"xpath","value":"//button[@data-kt=\"provideButton\"]"}
RESULT: {"using":"xpath","value":"//button[@data-kt=\"provideButton\"]"}
COMMAND: POST /session/130ef63994e902c9deb83fe717a4bbca/elements - {"using":"xpath","value":"//button[@data-kt=\"provideButton\"]"}
RESULT: {"using":"xpath","value":"//button[@data-kt=\"provideButton\"]"}
COMMAND: POST /session/130ef63994e902c9deb83fe717a4bbca/elements - {"using":"xpath","value":"//button[@data-kt=\"provideButton\"]"}
RESULT: {"using":"xpath","value":"//button[@data-kt=\"provideButton\"]"}
COMMAND: POST /session/130ef63994e902c9deb83fe717a4bbca/elements - {"using":"xpath","value":"//button[@data-kt=\"provideButton\"]"}
RESULT: {"using":"xpath","value":"//button[@data-kt=\"provideButton\"]"}
COMMAND: POST /session/130ef63994e902c9deb83fe717a4bbca/elements - {"using":"xpath","value":"//button[@data-kt=\"provideButton\"]"}
RESULT: {"using":"xpath","value":"//button[@data-kt=\"provideButton\"]"}
COMMAND: POST /session/130ef63994e902c9deb83fe717a4bbca/elements - {"using":"xpath","value":"//button[@data-kt=\"provideButton\"]"}
RESULT: {"using":"xpath","value":"//button[@data-kt=\"provideButton\"]"}
COMMAND: POST /session/130ef63994e902c9deb83fe717a4bbca/elements - {"using":"xpath","value":"//button[@data-kt=\"provideButton\"]"}
RESULT: {"using":"xpath","value":"//button[@data-kt=\"provideButton\"]"}
COMMAND: POST /session/130ef63994e902c9deb83fe717a4bbca/elements - {"using":"xpath","value":"//button[@data-kt=\"provideButton\"]"}
RESULT: {"using":"xpath","value":"//button[@data-kt=\"provideButton\"]"}
COMMAND: POST /session/130ef63994e902c9deb83fe717a4bbca/elements - {"using":"xpath","value":"//button[@data-kt=\"provideButton\"]"}
RESULT: {"using":"xpath","value":"//button[@data-kt=\"provideButton\"]"}
COMMAND: POST /session/130ef63994e902c9deb83fe717a4bbca/elements - {"using":"xpath","value":"//button[@data-kt=\"provideButton\"]"}
RESULT: {"using":"xpath","value":"//button[@data-kt=\"provideButton\"]"}
COMMAND: POST /session/130ef63994e902c9deb83fe717a4bbca/elements - {"using":"xpath","value":"//button[@data-kt=\"provideButton\"]"}
RESULT: {"using":"xpath","value":"//button[@data-kt=\"provideButton\"]"}
COMMAND: POST /session/130ef63994e902c9deb83fe717a4bbca/elements - {"using":"xpath","value":"//button[@data-kt=\"provideButton\"]"}
RESULT: {"using":"xpath","value":"//button[@data-kt=\"provideButton\"]"}
COMMAND: POST /session/130ef63994e902c9deb83fe717a4bbca/elements - {"using":"xpath","value":"//button[@data-kt=\"provideButton\"]"}
RESULT: {"using":"xpath","value":"//button[@data-kt=\"provideButton\"]"}
COMMAND: POST /session/130ef63994e902c9deb83fe717a4bbca/elements - {"using":"xpath","value":"//button[@data-kt=\"provideButton\"]"}
RESULT: {"using":"xpath","value":"//button[@data-kt=\"provideButton\"]"}
COMMAND: POST /session/130ef63994e902c9deb83fe717a4bbca/elements - {"using":"xpath","value":"//button[@data-kt=\"provideButton\"]"}
RESULT: {"using":"xpath","value":"//button[@data-kt=\"provideButton\"]"}
COMMAND: POST /session/130ef63994e902c9deb83fe717a4bbca/elements - {"using":"xpath","value":"//button[@data-kt=\"provideButton\"]"}
RESULT: {"using":"xpath","value":"//button[@data-kt=\"provideButton\"]"}
COMMAND: POST /session/130ef63994e902c9deb83fe717a4bbca/elements - {"using":"xpath","value":"//button[@data-kt=\"provideButton\"]"}
RESULT: {"using":"xpath","value":"//button[@data-kt=\"provideButton\"]"}
COMMAND: POST /session/130ef63994e902c9deb83fe717a4bbca/elements - {"using":"xpath","value":"//button[@data-kt=\"provideButton\"]"}
RESULT: {"using":"xpath","value":"//button[@data-kt=\"provideButton\"]"}
COMMAND: POST /session/130ef63994e902c9deb83fe717a4bbca/elements - {"using":"xpath","value":"//button[@data-kt=\"provideButton\"]"}
RESULT: {"using":"xpath","value":"//button[@data-kt=\"provideButton\"]"}
COMMAND: POST /session/130ef63994e902c9deb83fe717a4bbca/elements - {"using":"xpath","value":"//button[@data-kt=\"provideButton\"]"}
RESULT: {"using":"xpath","value":"//button[@data-kt=\"provideButton\"]"}
COMMAND: POST /session/130ef63994e902c9deb83fe717a4bbca/elements - {"using":"xpath","value":"//button[@data-kt=\"provideButton\"]"}
RESULT: {"using":"xpath","value":"//button[@data-kt=\"provideButton\"]"}
COMMAND: POST /session/130ef63994e902c9deb83fe717a4bbca/elements - {"using":"xpath","value":"//button[@data-kt=\"provideButton\"]"}
RESULT: {"using":"xpath","value":"//button[@data-kt=\"provideButton\"]"}
COMMAND: POST /session/130ef63994e902c9deb83fe717a4bbca/elements - {"using":"xpath","value":"//button[@data-kt=\"provideButton\"]"}
RESULT: {"using":"xpath","value":"//button[@data-kt=\"provideButton\"]"}
COMMAND: POST /session/130ef63994e902c9deb83fe717a4bbca/elements - {"using":"xpath","value":"//button[@data-kt=\"provideButton\"]"}
RESULT: {"using":"xpath","value":"//button[@data-kt=\"provideButton\"]"}
COMMAND: POST /session/130ef63994e902c9deb83fe717a4bbca/elements - {"using":"xpath","value":"//button[@data-kt=\"provideButton\"]"}
RESULT: {"using":"xpath","value":"//button[@data-kt=\"provideButton\"]"}
COMMAND: POST /session/130ef63994e902c9deb83fe717a4bbca/elements - {"using":"xpath","value":"//button[@data-kt=\"provideButton\"]"}
RESULT: {"using":"xpath","value":"//button[@data-kt=\"provideButton\"]"}
COMMAND: POST /session/130ef63994e902c9deb83fe717a4bbca/elements - {"using":"xpath","value":"//button[@data-kt=\"provideButton\"]"}
RESULT: {"using":"xpath","value":"//button[@data-kt=\"provideButton\"]"}
COMMAND: POST /session/130ef63994e902c9deb83fe717a4bbca/elements - {"using":"xpath","value":"//button[@data-kt=\"provideButton\"]"}
RESULT: {"using":"xpath","value":"//button[@data-kt=\"provideButton\"]"}
COMMAND: POST /session/130ef63994e902c9deb83fe717a4bbca/elements - {"using":"xpath","value":"//button[@data-kt=\"provideButton\"]"}
RESULT: {"using":"xpath","value":"//button[@data-kt=\"provideButton\"]"}
COMMAND: POST /session/130ef63994e902c9deb83fe717a4bbca/elements - {"using":"xpath","value":"//button[@data-kt=\"provideButton\"]"}
RESULT: {"using":"xpath","value":"//button[@data-kt=\"provideButton\"]"}
COMMAND: POST /session/130ef63994e902c9deb83fe717a4bbca/elements - {"using":"xpath","value":"//button[@data-kt=\"provideButton\"]"}
RESULT: {"using":"xpath","value":"//button[@data-kt=\"provideButton\"]"}
COMMAND: POST /session/130ef63994e902c9deb83fe717a4bbca/elements - {"using":"xpath","value":"//button[@data-kt=\"provideButton\"]"}
RESULT: {"using":"xpath","value":"//button[@data-kt=\"provideButton\"]"}
COMMAND: POST /session/130ef63994e902c9deb83fe717a4bbca/elements - {"using":"xpath","value":"//button[@data-kt=\"provideButton\"]"}
RESULT: {"using":"xpath","value":"//button[@data-kt=\"provideButton\"]"}
COMMAND: POST /session/130ef63994e902c9deb83fe717a4bbca/elements - {"using":"xpath","value":"//button[@data-kt=\"provideButton\"]"}
RESULT: {"using":"xpath","value":"//button[@data-kt=\"provideButton\"]"}
COMMAND: POST /session/130ef63994e902c9deb83fe717a4bbca/elements - {"using":"xpath","value":"//button[@data-kt=\"provideButton\"]"}
RESULT: {"using":"xpath","value":"//button[@data-kt=\"provideButton\"]"}
COMMAND: POST /session/130ef63994e902c9deb83fe717a4bbca/elements - {"using":"xpath","value":"//button[@data-kt=\"provideButton\"]"}
RESULT: {"using":"xpath","value":"//button[@data-kt=\"provideButton\"]"}
COMMAND: POST /session/130ef63994e902c9deb83fe717a4bbca/elements - {"using":"xpath","value":"//button[@data-kt=\"provideButton\"]"}
RESULT: {"using":"xpath","value":"//button[@data-kt=\"provideButton\"]"}
COMMAND: POST /session/130ef63994e902c9deb83fe717a4bbca/elements - {"using":"xpath","value":"//button[@data-kt=\"provideButton\"]"}
RESULT: {"using":"xpath","value":"//button[@data-kt=\"provideButton\"]"}
COMMAND: POST /session/130ef63994e902c9deb83fe717a4bbca/elements - {"using":"xpath","value":"//button[@data-kt=\"provideButton\"]"}
RESULT: {"using":"xpath","value":"//button[@data-kt=\"provideButton\"]"}
COMMAND: POST /session/130ef63994e902c9deb83fe717a4bbca/elements - {"using":"xpath","value":"//button[@data-kt=\"provideButton\"]"}
RESULT: {"using":"xpath","value":"//button[@data-kt=\"provideButton\"]"}
COMMAND: POST /session/130ef63994e902c9deb83fe717a4bbca/elements - {"using":"xpath","value":"//button[@data-kt=\"provideButton\"]"}
RESULT: {"using":"xpath","value":"//button[@data-kt=\"provideButton\"]"}
COMMAND: POST /session/130ef63994e902c9deb83fe717a4bbca/elements - {"using":"xpath","value":"//button[@data-kt=\"provideButton\"]"}
RESULT: {"using":"xpath","value":"//button[@data-kt=\"provideButton\"]"}
COMMAND: POST /session/130ef63994e902c9deb83fe717a4bbca/elements - {"using":"xpath","value":"//button[@data-kt=\"provideButton\"]"}
RESULT: {"using":"xpath","value":"//button[@data-kt=\"provideButton\"]"}
COMMAND: POST /session/130ef63994e902c9deb83fe717a4bbca/elements - {"using":"xpath","value":"//button[@data-kt=\"provideButton\"]"}
RESULT: {"using":"xpath","value":"//button[@data-kt=\"provideButton\"]"}
COMMAND: POST /session/130ef63994e902c9deb83fe717a4bbca/elements - {"using":"xpath","value":"//button[@data-kt=\"provideButton\"]"}
RESULT: {"using":"xpath","value":"//button[@data-kt=\"provideButton\"]"}
COMMAND: POST /session/130ef63994e902c9deb83fe717a4bbca/elements - {"using":"xpath","value":"//button[@data-kt=\"provideButton\"]"}
RESULT: {"using":"xpath","value":"//button[@data-kt=\"provideButton\"]"}
COMMAND: POST /session/130ef63994e902c9deb83fe717a4bbca/elements - {"using":"xpath","value":"//button[@data-kt=\"provideButton\"]"}
RESULT: {"using":"xpath","value":"//button[@data-kt=\"provideButton\"]"}
COMMAND: POST /session/130ef63994e902c9deb83fe717a4bbca/elements - {"using":"xpath","value":"//button[@data-kt=\"provideButton\"]"}
RESULT: {"using":"xpath","value":"//button[@data-kt=\"provideButton\"]"}
COMMAND: POST /session/130ef63994e902c9deb83fe717a4bbca/elements - {"using":"xpath","value":"//button[@data-kt=\"provideButton\"]"}
RESULT: {"using":"xpath","value":"//button[@data-kt=\"provideButton\"]"}
COMMAND: POST /session/130ef63994e902c9deb83fe717a4bbca/elements - {"using":"xpath","value":"//button[@data-kt=\"provideButton\"]"}
RESULT: {"using":"xpath","value":"//button[@data-kt=\"provideButton\"]"}
COMMAND: POST /session/130ef63994e902c9deb83fe717a4bbca/elements - {"using":"xpath","value":"//button[@data-kt=\"provideButton\"]"}
RESULT: {"using":"xpath","value":"//button[@data-kt=\"provideButton\"]"}
COMMAND: POST /session/130ef63994e902c9deb83fe717a4bbca/elements - {"using":"xpath","value":"//button[@data-kt=\"provideButton\"]"}
RESULT: {"using":"xpath","value":"//button[@data-kt=\"provideButton\"]"}
COMMAND: POST /session/130ef63994e902c9deb83fe717a4bbca/elements - {"using":"xpath","value":"//button[@data-kt=\"provideButton\"]"}
RESULT: {"using":"xpath","value":"//button[@data-kt=\"provideButton\"]"}
COMMAND: POST /session/130ef63994e902c9deb83fe717a4bbca/elements - {"using":"xpath","value":"//button[@data-kt=\"provideButton\"]"}
RESULT: {"using":"xpath","value":"//button[@data-kt=\"provideButton\"]"}
COMMAND: POST /session/130ef63994e902c9deb83fe717a4bbca/elements - {"using":"xpath","value":"//button[@data-kt=\"provideButton\"]"}
RESULT: {"using":"xpath","value":"//button[@data-kt=\"provideButton\"]"}
COMMAND: POST /session/130ef63994e902c9deb83fe717a4bbca/elements - {"using":"xpath","value":"//button[@data-kt=\"provideButton\"]"}
RESULT: {"using":"xpath","value":"//button[@data-kt=\"provideButton\"]"}
COMMAND: POST /session/130ef63994e902c9deb83fe717a4bbca/elements - {"using":"xpath","value":"//button[@data-kt=\"provideButton\"]"}
RESULT: {"using":"xpath","value":"//button[@data-kt=\"provideButton\"]"}
COMMAND: POST /session/130ef63994e902c9deb83fe717a4bbca/elements - {"using":"xpath","value":"//button[@data-kt=\"provideButton\"]"}
RESULT: {"using":"xpath","value":"//button[@data-kt=\"provideButton\"]"}
COMMAND: POST /session/130ef63994e902c9deb83fe717a4bbca/elements - {"using":"xpath","value":"//button[@data-kt=\"provideButton\"]"}
RESULT: {"using":"xpath","value":"//button[@data-kt=\"provideButton\"]"}
COMMAND: POST /session/130ef63994e902c9deb83fe717a4bbca/elements - {"using":"xpath","value":"//button[@data-kt=\"provideButton\"]"}
RESULT: {"using":"xpath","value":"//button[@data-kt=\"provideButton\"]"}
COMMAND: POST /session/130ef63994e902c9deb83fe717a4bbca/elements - {"using":"xpath","value":"//button[@data-kt=\"provideButton\"]"}
RESULT: {"using":"xpath","value":"//button[@data-kt=\"provideButton\"]"}
COMMAND: POST /session/130ef63994e902c9deb83fe717a4bbca/elements - {"using":"xpath","value":"//button[@data-kt=\"provideButton\"]"}
RESULT: {"using":"xpath","value":"//button[@data-kt=\"provideButton\"]"}
COMMAND: POST /session/130ef63994e902c9deb83fe717a4bbca/elements - {"using":"xpath","value":"//button[@data-kt=\"provideButton\"]"}
RESULT: {"using":"xpath","value":"//button[@data-kt=\"provideButton\"]"}
COMMAND: POST /session/130ef63994e902c9deb83fe717a4bbca/elements - {"using":"xpath","value":"//button[@data-kt=\"provideButton\"]"}
RESULT: {"using":"xpath","value":"//button[@data-kt=\"provideButton\"]"}
COMMAND: POST /session/130ef63994e902c9deb83fe717a4bbca/elements - {"using":"xpath","value":"//button[@data-kt=\"provideButton\"]"}
RESULT: {"using":"xpath","value":"//button[@data-kt=\"provideButton\"]"}
COMMAND: POST /session/130ef63994e902c9deb83fe717a4bbca/elements - {"using":"xpath","value":"//button[@data-kt=\"provideButton\"]"}
RESULT: {"using":"xpath","value":"//button[@data-kt=\"provideButton\"]"}
COMMAND: POST /session/130ef63994e902c9deb83fe717a4bbca/elements - {"using":"xpath","value":"//button[@data-kt=\"provideButton\"]"}
RESULT: {"using":"xpath","value":"//button[@data-kt=\"provideButton\"]"}
COMMAND: POST /session/130ef63994e902c9deb83fe717a4bbca/elements - {"using":"xpath","value":"//button[@data-kt=\"provideButton\"]"}
RESULT: {"using":"xpath","value":"//button[@data-kt=\"provideButton\"]"}
COMMAND: POST /session/130ef63994e902c9deb83fe717a4bbca/elements - {"using":"xpath","value":"//button[@data-kt=\"provideButton\"]"}
RESULT: {"using":"xpath","value":"//button[@data-kt=\"provideButton\"]"}
COMMAND: POST /session/130ef63994e902c9deb83fe717a4bbca/elements - {"using":"xpath","value":"//button[@data-kt=\"provideButton\"]"}
RESULT: {"using":"xpath","value":"//button[@data-kt=\"provideButton\"]"}
COMMAND: GET /session/130ef63994e902c9deb83fe717a4bbca/screenshot - {}
RESULT: {}
]]></system-out>
      <system-err><![CDATA[
Error: Can't call click on element with selector "//button[@data-kt="provideButton"]" because element wasn't found
    at async UtilsPrerequisites.provideToSiteHandoverFromContractDetails (D:\a\1\s\test\specs\BTS\prerequisites-and-utils-functions.js:1919:9)
    at async Context.<anonymous> (D:\a\1\s\test\specs\BTS\billing-performance-workdays.spec.js:200:9)
]]></system-err>
    </testcase>
    <testcase classname="chrome.136_0_7103_93.windows.Performance_based_billing_(work_days)_US139742" name="Should create a few performance documents" time="41.116">
      <failure/>
      <error message="element (&quot;//div[@id=&quot;application-managestatesandperformance-display-component---stateAndPerform--smartFilterBarResources-btnBasicSearch&quot;]&quot;) still not existing after 30000ms"/>
      <system-out><![CDATA[
COMMAND: POST /session/130ef63994e902c9deb83fe717a4bbca/execute/async - {"script":"<script> [1562 bytes]","args":[{"selector":{"controlType":"sap.m.GenericTile","properties":{"header":"Manage States & Performance"}},"wdio_ui5_key":"sapm.GenericTile{\"header\":\"Manage States & Performance\"}"}]}
COMMAND: GET /session/130ef63994e902c9deb83fe717a4bbca/screenshot - {}
RESULT: {"script":"<script> [1562 bytes]","args":[{"selector":{"controlType":"sap.m.GenericTile","properties":{"header":"Manage States & Performance"}},"wdio_ui5_key":"sapm.GenericTile{\"header\":\"Manage States & Performance\"}"}]}
RESULT: undefined
RESULT: {}
COMMAND: POST /session/130ef63994e902c9deb83fe717a4bbca/elements - {"using":"xpath","value":"//span[text()='Error']"}
RESULT: {"using":"xpath","value":"//span[text()='Error']"}
COMMAND: POST /session/130ef63994e902c9deb83fe717a4bbca/element - {"using":"xpath","value":"//div[@id=\"application-managestatesandperformance-display-component---stateAndPerform--smartFilterBarResources-btnBasicSearch\"]"}
RESULT: {"using":"xpath","value":"//div[@id=\"application-managestatesandperformance-display-component---stateAndPerform--smartFilterBarResources-btnBasicSearch\"]"}
COMMAND: POST /session/130ef63994e902c9deb83fe717a4bbca/elements - {"using":"xpath","value":"//div[@id=\"application-managestatesandperformance-display-component---stateAndPerform--smartFilterBarResources-btnBasicSearch\"]"}
RESULT: {"using":"xpath","value":"//div[@id=\"application-managestatesandperformance-display-component---stateAndPerform--smartFilterBarResources-btnBasicSearch\"]"}
COMMAND: POST /session/130ef63994e902c9deb83fe717a4bbca/elements - {"using":"xpath","value":"//div[@id=\"application-managestatesandperformance-display-component---stateAndPerform--smartFilterBarResources-btnBasicSearch\"]"}
RESULT: {"using":"xpath","value":"//div[@id=\"application-managestatesandperformance-display-component---stateAndPerform--smartFilterBarResources-btnBasicSearch\"]"}
COMMAND: POST /session/130ef63994e902c9deb83fe717a4bbca/elements - {"using":"xpath","value":"//div[@id=\"application-managestatesandperformance-display-component---stateAndPerform--smartFilterBarResources-btnBasicSearch\"]"}
RESULT: {"using":"xpath","value":"//div[@id=\"application-managestatesandperformance-display-component---stateAndPerform--smartFilterBarResources-btnBasicSearch\"]"}
COMMAND: POST /session/130ef63994e902c9deb83fe717a4bbca/elements - {"using":"xpath","value":"//div[@id=\"application-managestatesandperformance-display-component---stateAndPerform--smartFilterBarResources-btnBasicSearch\"]"}
RESULT: {"using":"xpath","value":"//div[@id=\"application-managestatesandperformance-display-component---stateAndPerform--smartFilterBarResources-btnBasicSearch\"]"}
COMMAND: POST /session/130ef63994e902c9deb83fe717a4bbca/elements - {"using":"xpath","value":"//div[@id=\"application-managestatesandperformance-display-component---stateAndPerform--smartFilterBarResources-btnBasicSearch\"]"}
RESULT: {"using":"xpath","value":"//div[@id=\"application-managestatesandperformance-display-component---stateAndPerform--smartFilterBarResources-btnBasicSearch\"]"}
COMMAND: POST /session/130ef63994e902c9deb83fe717a4bbca/elements - {"using":"xpath","value":"//div[@id=\"application-managestatesandperformance-display-component---stateAndPerform--smartFilterBarResources-btnBasicSearch\"]"}
RESULT: {"using":"xpath","value":"//div[@id=\"application-managestatesandperformance-display-component---stateAndPerform--smartFilterBarResources-btnBasicSearch\"]"}
COMMAND: POST /session/130ef63994e902c9deb83fe717a4bbca/elements - {"using":"xpath","value":"//div[@id=\"application-managestatesandperformance-display-component---stateAndPerform--smartFilterBarResources-btnBasicSearch\"]"}
RESULT: {"using":"xpath","value":"//div[@id=\"application-managestatesandperformance-display-component---stateAndPerform--smartFilterBarResources-btnBasicSearch\"]"}
COMMAND: POST /session/130ef63994e902c9deb83fe717a4bbca/elements - {"using":"xpath","value":"//div[@id=\"application-managestatesandperformance-display-component---stateAndPerform--smartFilterBarResources-btnBasicSearch\"]"}
RESULT: {"using":"xpath","value":"//div[@id=\"application-managestatesandperformance-display-component---stateAndPerform--smartFilterBarResources-btnBasicSearch\"]"}
COMMAND: POST /session/130ef63994e902c9deb83fe717a4bbca/elements - {"using":"xpath","value":"//div[@id=\"application-managestatesandperformance-display-component---stateAndPerform--smartFilterBarResources-btnBasicSearch\"]"}
RESULT: {"using":"xpath","value":"//div[@id=\"application-managestatesandperformance-display-component---stateAndPerform--smartFilterBarResources-btnBasicSearch\"]"}
COMMAND: POST /session/130ef63994e902c9deb83fe717a4bbca/elements - {"using":"xpath","value":"//div[@id=\"application-managestatesandperformance-display-component---stateAndPerform--smartFilterBarResources-btnBasicSearch\"]"}
RESULT: {"using":"xpath","value":"//div[@id=\"application-managestatesandperformance-display-component---stateAndPerform--smartFilterBarResources-btnBasicSearch\"]"}
COMMAND: POST /session/130ef63994e902c9deb83fe717a4bbca/elements - {"using":"xpath","value":"//div[@id=\"application-managestatesandperformance-display-component---stateAndPerform--smartFilterBarResources-btnBasicSearch\"]"}
RESULT: {"using":"xpath","value":"//div[@id=\"application-managestatesandperformance-display-component---stateAndPerform--smartFilterBarResources-btnBasicSearch\"]"}
COMMAND: POST /session/130ef63994e902c9deb83fe717a4bbca/elements - {"using":"xpath","value":"//div[@id=\"application-managestatesandperformance-display-component---stateAndPerform--smartFilterBarResources-btnBasicSearch\"]"}
RESULT: {"using":"xpath","value":"//div[@id=\"application-managestatesandperformance-display-component---stateAndPerform--smartFilterBarResources-btnBasicSearch\"]"}
COMMAND: POST /session/130ef63994e902c9deb83fe717a4bbca/elements - {"using":"xpath","value":"//div[@id=\"application-managestatesandperformance-display-component---stateAndPerform--smartFilterBarResources-btnBasicSearch\"]"}
RESULT: {"using":"xpath","value":"//div[@id=\"application-managestatesandperformance-display-component---stateAndPerform--smartFilterBarResources-btnBasicSearch\"]"}
COMMAND: POST /session/130ef63994e902c9deb83fe717a4bbca/elements - {"using":"xpath","value":"//div[@id=\"application-managestatesandperformance-display-component---stateAndPerform--smartFilterBarResources-btnBasicSearch\"]"}
RESULT: {"using":"xpath","value":"//div[@id=\"application-managestatesandperformance-display-component---stateAndPerform--smartFilterBarResources-btnBasicSearch\"]"}
COMMAND: POST /session/130ef63994e902c9deb83fe717a4bbca/elements - {"using":"xpath","value":"//div[@id=\"application-managestatesandperformance-display-component---stateAndPerform--smartFilterBarResources-btnBasicSearch\"]"}
RESULT: {"using":"xpath","value":"//div[@id=\"application-managestatesandperformance-display-component---stateAndPerform--smartFilterBarResources-btnBasicSearch\"]"}
COMMAND: POST /session/130ef63994e902c9deb83fe717a4bbca/elements - {"using":"xpath","value":"//div[@id=\"application-managestatesandperformance-display-component---stateAndPerform--smartFilterBarResources-btnBasicSearch\"]"}
RESULT: {"using":"xpath","value":"//div[@id=\"application-managestatesandperformance-display-component---stateAndPerform--smartFilterBarResources-btnBasicSearch\"]"}
COMMAND: POST /session/130ef63994e902c9deb83fe717a4bbca/elements - {"using":"xpath","value":"//div[@id=\"application-managestatesandperformance-display-component---stateAndPerform--smartFilterBarResources-btnBasicSearch\"]"}
RESULT: {"using":"xpath","value":"//div[@id=\"application-managestatesandperformance-display-component---stateAndPerform--smartFilterBarResources-btnBasicSearch\"]"}
COMMAND: POST /session/130ef63994e902c9deb83fe717a4bbca/elements - {"using":"xpath","value":"//div[@id=\"application-managestatesandperformance-display-component---stateAndPerform--smartFilterBarResources-btnBasicSearch\"]"}
RESULT: {"using":"xpath","value":"//div[@id=\"application-managestatesandperformance-display-component---stateAndPerform--smartFilterBarResources-btnBasicSearch\"]"}
COMMAND: POST /session/130ef63994e902c9deb83fe717a4bbca/elements - {"using":"xpath","value":"//div[@id=\"application-managestatesandperformance-display-component---stateAndPerform--smartFilterBarResources-btnBasicSearch\"]"}
RESULT: {"using":"xpath","value":"//div[@id=\"application-managestatesandperformance-display-component---stateAndPerform--smartFilterBarResources-btnBasicSearch\"]"}
COMMAND: POST /session/130ef63994e902c9deb83fe717a4bbca/elements - {"using":"xpath","value":"//div[@id=\"application-managestatesandperformance-display-component---stateAndPerform--smartFilterBarResources-btnBasicSearch\"]"}
RESULT: {"using":"xpath","value":"//div[@id=\"application-managestatesandperformance-display-component---stateAndPerform--smartFilterBarResources-btnBasicSearch\"]"}
COMMAND: POST /session/130ef63994e902c9deb83fe717a4bbca/elements - {"using":"xpath","value":"//div[@id=\"application-managestatesandperformance-display-component---stateAndPerform--smartFilterBarResources-btnBasicSearch\"]"}
RESULT: {"using":"xpath","value":"//div[@id=\"application-managestatesandperformance-display-component---stateAndPerform--smartFilterBarResources-btnBasicSearch\"]"}
COMMAND: POST /session/130ef63994e902c9deb83fe717a4bbca/elements - {"using":"xpath","value":"//div[@id=\"application-managestatesandperformance-display-component---stateAndPerform--smartFilterBarResources-btnBasicSearch\"]"}
RESULT: {"using":"xpath","value":"//div[@id=\"application-managestatesandperformance-display-component---stateAndPerform--smartFilterBarResources-btnBasicSearch\"]"}
COMMAND: POST /session/130ef63994e902c9deb83fe717a4bbca/elements - {"using":"xpath","value":"//div[@id=\"application-managestatesandperformance-display-component---stateAndPerform--smartFilterBarResources-btnBasicSearch\"]"}
RESULT: {"using":"xpath","value":"//div[@id=\"application-managestatesandperformance-display-component---stateAndPerform--smartFilterBarResources-btnBasicSearch\"]"}
COMMAND: POST /session/130ef63994e902c9deb83fe717a4bbca/elements - {"using":"xpath","value":"//div[@id=\"application-managestatesandperformance-display-component---stateAndPerform--smartFilterBarResources-btnBasicSearch\"]"}
RESULT: {"using":"xpath","value":"//div[@id=\"application-managestatesandperformance-display-component---stateAndPerform--smartFilterBarResources-btnBasicSearch\"]"}
COMMAND: POST /session/130ef63994e902c9deb83fe717a4bbca/elements - {"using":"xpath","value":"//div[@id=\"application-managestatesandperformance-display-component---stateAndPerform--smartFilterBarResources-btnBasicSearch\"]"}
RESULT: {"using":"xpath","value":"//div[@id=\"application-managestatesandperformance-display-component---stateAndPerform--smartFilterBarResources-btnBasicSearch\"]"}
COMMAND: POST /session/130ef63994e902c9deb83fe717a4bbca/elements - {"using":"xpath","value":"//div[@id=\"application-managestatesandperformance-display-component---stateAndPerform--smartFilterBarResources-btnBasicSearch\"]"}
RESULT: {"using":"xpath","value":"//div[@id=\"application-managestatesandperformance-display-component---stateAndPerform--smartFilterBarResources-btnBasicSearch\"]"}
COMMAND: POST /session/130ef63994e902c9deb83fe717a4bbca/elements - {"using":"xpath","value":"//div[@id=\"application-managestatesandperformance-display-component---stateAndPerform--smartFilterBarResources-btnBasicSearch\"]"}
RESULT: {"using":"xpath","value":"//div[@id=\"application-managestatesandperformance-display-component---stateAndPerform--smartFilterBarResources-btnBasicSearch\"]"}
COMMAND: POST /session/130ef63994e902c9deb83fe717a4bbca/elements - {"using":"xpath","value":"//div[@id=\"application-managestatesandperformance-display-component---stateAndPerform--smartFilterBarResources-btnBasicSearch\"]"}
RESULT: {"using":"xpath","value":"//div[@id=\"application-managestatesandperformance-display-component---stateAndPerform--smartFilterBarResources-btnBasicSearch\"]"}
COMMAND: POST /session/130ef63994e902c9deb83fe717a4bbca/elements - {"using":"xpath","value":"//div[@id=\"application-managestatesandperformance-display-component---stateAndPerform--smartFilterBarResources-btnBasicSearch\"]"}
RESULT: {"using":"xpath","value":"//div[@id=\"application-managestatesandperformance-display-component---stateAndPerform--smartFilterBarResources-btnBasicSearch\"]"}
COMMAND: POST /session/130ef63994e902c9deb83fe717a4bbca/elements - {"using":"xpath","value":"//div[@id=\"application-managestatesandperformance-display-component---stateAndPerform--smartFilterBarResources-btnBasicSearch\"]"}
RESULT: {"using":"xpath","value":"//div[@id=\"application-managestatesandperformance-display-component---stateAndPerform--smartFilterBarResources-btnBasicSearch\"]"}
COMMAND: POST /session/130ef63994e902c9deb83fe717a4bbca/elements - {"using":"xpath","value":"//div[@id=\"application-managestatesandperformance-display-component---stateAndPerform--smartFilterBarResources-btnBasicSearch\"]"}
RESULT: {"using":"xpath","value":"//div[@id=\"application-managestatesandperformance-display-component---stateAndPerform--smartFilterBarResources-btnBasicSearch\"]"}
COMMAND: POST /session/130ef63994e902c9deb83fe717a4bbca/elements - {"using":"xpath","value":"//div[@id=\"application-managestatesandperformance-display-component---stateAndPerform--smartFilterBarResources-btnBasicSearch\"]"}
RESULT: {"using":"xpath","value":"//div[@id=\"application-managestatesandperformance-display-component---stateAndPerform--smartFilterBarResources-btnBasicSearch\"]"}
COMMAND: POST /session/130ef63994e902c9deb83fe717a4bbca/elements - {"using":"xpath","value":"//div[@id=\"application-managestatesandperformance-display-component---stateAndPerform--smartFilterBarResources-btnBasicSearch\"]"}
RESULT: {"using":"xpath","value":"//div[@id=\"application-managestatesandperformance-display-component---stateAndPerform--smartFilterBarResources-btnBasicSearch\"]"}
COMMAND: POST /session/130ef63994e902c9deb83fe717a4bbca/elements - {"using":"xpath","value":"//div[@id=\"application-managestatesandperformance-display-component---stateAndPerform--smartFilterBarResources-btnBasicSearch\"]"}
RESULT: {"using":"xpath","value":"//div[@id=\"application-managestatesandperformance-display-component---stateAndPerform--smartFilterBarResources-btnBasicSearch\"]"}
COMMAND: POST /session/130ef63994e902c9deb83fe717a4bbca/elements - {"using":"xpath","value":"//div[@id=\"application-managestatesandperformance-display-component---stateAndPerform--smartFilterBarResources-btnBasicSearch\"]"}
RESULT: {"using":"xpath","value":"//div[@id=\"application-managestatesandperformance-display-component---stateAndPerform--smartFilterBarResources-btnBasicSearch\"]"}
COMMAND: POST /session/130ef63994e902c9deb83fe717a4bbca/elements - {"using":"xpath","value":"//div[@id=\"application-managestatesandperformance-display-component---stateAndPerform--smartFilterBarResources-btnBasicSearch\"]"}
RESULT: {"using":"xpath","value":"//div[@id=\"application-managestatesandperformance-display-component---stateAndPerform--smartFilterBarResources-btnBasicSearch\"]"}
COMMAND: POST /session/130ef63994e902c9deb83fe717a4bbca/elements - {"using":"xpath","value":"//div[@id=\"application-managestatesandperformance-display-component---stateAndPerform--smartFilterBarResources-btnBasicSearch\"]"}
RESULT: {"using":"xpath","value":"//div[@id=\"application-managestatesandperformance-display-component---stateAndPerform--smartFilterBarResources-btnBasicSearch\"]"}
COMMAND: POST /session/130ef63994e902c9deb83fe717a4bbca/elements - {"using":"xpath","value":"//div[@id=\"application-managestatesandperformance-display-component---stateAndPerform--smartFilterBarResources-btnBasicSearch\"]"}
RESULT: {"using":"xpath","value":"//div[@id=\"application-managestatesandperformance-display-component---stateAndPerform--smartFilterBarResources-btnBasicSearch\"]"}
COMMAND: POST /session/130ef63994e902c9deb83fe717a4bbca/elements - {"using":"xpath","value":"//div[@id=\"application-managestatesandperformance-display-component---stateAndPerform--smartFilterBarResources-btnBasicSearch\"]"}
RESULT: {"using":"xpath","value":"//div[@id=\"application-managestatesandperformance-display-component---stateAndPerform--smartFilterBarResources-btnBasicSearch\"]"}
COMMAND: POST /session/130ef63994e902c9deb83fe717a4bbca/elements - {"using":"xpath","value":"//div[@id=\"application-managestatesandperformance-display-component---stateAndPerform--smartFilterBarResources-btnBasicSearch\"]"}
RESULT: {"using":"xpath","value":"//div[@id=\"application-managestatesandperformance-display-component---stateAndPerform--smartFilterBarResources-btnBasicSearch\"]"}
COMMAND: POST /session/130ef63994e902c9deb83fe717a4bbca/elements - {"using":"xpath","value":"//div[@id=\"application-managestatesandperformance-display-component---stateAndPerform--smartFilterBarResources-btnBasicSearch\"]"}
RESULT: {"using":"xpath","value":"//div[@id=\"application-managestatesandperformance-display-component---stateAndPerform--smartFilterBarResources-btnBasicSearch\"]"}
COMMAND: POST /session/130ef63994e902c9deb83fe717a4bbca/elements - {"using":"xpath","value":"//div[@id=\"application-managestatesandperformance-display-component---stateAndPerform--smartFilterBarResources-btnBasicSearch\"]"}
RESULT: {"using":"xpath","value":"//div[@id=\"application-managestatesandperformance-display-component---stateAndPerform--smartFilterBarResources-btnBasicSearch\"]"}
COMMAND: POST /session/130ef63994e902c9deb83fe717a4bbca/elements - {"using":"xpath","value":"//div[@id=\"application-managestatesandperformance-display-component---stateAndPerform--smartFilterBarResources-btnBasicSearch\"]"}
RESULT: {"using":"xpath","value":"//div[@id=\"application-managestatesandperformance-display-component---stateAndPerform--smartFilterBarResources-btnBasicSearch\"]"}
COMMAND: POST /session/130ef63994e902c9deb83fe717a4bbca/elements - {"using":"xpath","value":"//div[@id=\"application-managestatesandperformance-display-component---stateAndPerform--smartFilterBarResources-btnBasicSearch\"]"}
RESULT: {"using":"xpath","value":"//div[@id=\"application-managestatesandperformance-display-component---stateAndPerform--smartFilterBarResources-btnBasicSearch\"]"}
COMMAND: POST /session/130ef63994e902c9deb83fe717a4bbca/elements - {"using":"xpath","value":"//div[@id=\"application-managestatesandperformance-display-component---stateAndPerform--smartFilterBarResources-btnBasicSearch\"]"}
RESULT: {"using":"xpath","value":"//div[@id=\"application-managestatesandperformance-display-component---stateAndPerform--smartFilterBarResources-btnBasicSearch\"]"}
COMMAND: POST /session/130ef63994e902c9deb83fe717a4bbca/elements - {"using":"xpath","value":"//div[@id=\"application-managestatesandperformance-display-component---stateAndPerform--smartFilterBarResources-btnBasicSearch\"]"}
RESULT: {"using":"xpath","value":"//div[@id=\"application-managestatesandperformance-display-component---stateAndPerform--smartFilterBarResources-btnBasicSearch\"]"}
COMMAND: POST /session/130ef63994e902c9deb83fe717a4bbca/elements - {"using":"xpath","value":"//div[@id=\"application-managestatesandperformance-display-component---stateAndPerform--smartFilterBarResources-btnBasicSearch\"]"}
RESULT: {"using":"xpath","value":"//div[@id=\"application-managestatesandperformance-display-component---stateAndPerform--smartFilterBarResources-btnBasicSearch\"]"}
COMMAND: POST /session/130ef63994e902c9deb83fe717a4bbca/elements - {"using":"xpath","value":"//div[@id=\"application-managestatesandperformance-display-component---stateAndPerform--smartFilterBarResources-btnBasicSearch\"]"}
RESULT: {"using":"xpath","value":"//div[@id=\"application-managestatesandperformance-display-component---stateAndPerform--smartFilterBarResources-btnBasicSearch\"]"}
COMMAND: POST /session/130ef63994e902c9deb83fe717a4bbca/elements - {"using":"xpath","value":"//div[@id=\"application-managestatesandperformance-display-component---stateAndPerform--smartFilterBarResources-btnBasicSearch\"]"}
RESULT: {"using":"xpath","value":"//div[@id=\"application-managestatesandperformance-display-component---stateAndPerform--smartFilterBarResources-btnBasicSearch\"]"}
COMMAND: POST /session/130ef63994e902c9deb83fe717a4bbca/elements - {"using":"xpath","value":"//div[@id=\"application-managestatesandperformance-display-component---stateAndPerform--smartFilterBarResources-btnBasicSearch\"]"}
RESULT: {"using":"xpath","value":"//div[@id=\"application-managestatesandperformance-display-component---stateAndPerform--smartFilterBarResources-btnBasicSearch\"]"}
COMMAND: POST /session/130ef63994e902c9deb83fe717a4bbca/elements - {"using":"xpath","value":"//div[@id=\"application-managestatesandperformance-display-component---stateAndPerform--smartFilterBarResources-btnBasicSearch\"]"}
RESULT: {"using":"xpath","value":"//div[@id=\"application-managestatesandperformance-display-component---stateAndPerform--smartFilterBarResources-btnBasicSearch\"]"}
COMMAND: POST /session/130ef63994e902c9deb83fe717a4bbca/elements - {"using":"xpath","value":"//div[@id=\"application-managestatesandperformance-display-component---stateAndPerform--smartFilterBarResources-btnBasicSearch\"]"}
RESULT: {"using":"xpath","value":"//div[@id=\"application-managestatesandperformance-display-component---stateAndPerform--smartFilterBarResources-btnBasicSearch\"]"}
COMMAND: POST /session/130ef63994e902c9deb83fe717a4bbca/elements - {"using":"xpath","value":"//div[@id=\"application-managestatesandperformance-display-component---stateAndPerform--smartFilterBarResources-btnBasicSearch\"]"}
RESULT: {"using":"xpath","value":"//div[@id=\"application-managestatesandperformance-display-component---stateAndPerform--smartFilterBarResources-btnBasicSearch\"]"}
COMMAND: POST /session/130ef63994e902c9deb83fe717a4bbca/elements - {"using":"xpath","value":"//div[@id=\"application-managestatesandperformance-display-component---stateAndPerform--smartFilterBarResources-btnBasicSearch\"]"}
RESULT: {"using":"xpath","value":"//div[@id=\"application-managestatesandperformance-display-component---stateAndPerform--smartFilterBarResources-btnBasicSearch\"]"}
COMMAND: POST /session/130ef63994e902c9deb83fe717a4bbca/elements - {"using":"xpath","value":"//div[@id=\"application-managestatesandperformance-display-component---stateAndPerform--smartFilterBarResources-btnBasicSearch\"]"}
RESULT: {"using":"xpath","value":"//div[@id=\"application-managestatesandperformance-display-component---stateAndPerform--smartFilterBarResources-btnBasicSearch\"]"}
COMMAND: POST /session/130ef63994e902c9deb83fe717a4bbca/elements - {"using":"xpath","value":"//div[@id=\"application-managestatesandperformance-display-component---stateAndPerform--smartFilterBarResources-btnBasicSearch\"]"}
RESULT: {"using":"xpath","value":"//div[@id=\"application-managestatesandperformance-display-component---stateAndPerform--smartFilterBarResources-btnBasicSearch\"]"}
COMMAND: POST /session/130ef63994e902c9deb83fe717a4bbca/elements - {"using":"xpath","value":"//div[@id=\"application-managestatesandperformance-display-component---stateAndPerform--smartFilterBarResources-btnBasicSearch\"]"}
RESULT: {"using":"xpath","value":"//div[@id=\"application-managestatesandperformance-display-component---stateAndPerform--smartFilterBarResources-btnBasicSearch\"]"}
COMMAND: POST /session/130ef63994e902c9deb83fe717a4bbca/elements - {"using":"xpath","value":"//div[@id=\"application-managestatesandperformance-display-component---stateAndPerform--smartFilterBarResources-btnBasicSearch\"]"}
RESULT: {"using":"xpath","value":"//div[@id=\"application-managestatesandperformance-display-component---stateAndPerform--smartFilterBarResources-btnBasicSearch\"]"}
COMMAND: POST /session/130ef63994e902c9deb83fe717a4bbca/elements - {"using":"xpath","value":"//div[@id=\"application-managestatesandperformance-display-component---stateAndPerform--smartFilterBarResources-btnBasicSearch\"]"}
RESULT: {"using":"xpath","value":"//div[@id=\"application-managestatesandperformance-display-component---stateAndPerform--smartFilterBarResources-btnBasicSearch\"]"}
COMMAND: POST /session/130ef63994e902c9deb83fe717a4bbca/elements - {"using":"xpath","value":"//div[@id=\"application-managestatesandperformance-display-component---stateAndPerform--smartFilterBarResources-btnBasicSearch\"]"}
RESULT: {"using":"xpath","value":"//div[@id=\"application-managestatesandperformance-display-component---stateAndPerform--smartFilterBarResources-btnBasicSearch\"]"}
COMMAND: GET /session/130ef63994e902c9deb83fe717a4bbca/screenshot - {}
RESULT: {}
COMMAND: GET /session/130ef63994e902c9deb83fe717a4bbca/screenshot - {}
]]></system-out>
      <system-err><![CDATA[
Error: element ("//div[@id="application-managestatesandperformance-display-component---stateAndPerform--smartFilterBarResources-btnBasicSearch"]") still not existing after 30000ms
    at async Context.<anonymous> (D:\a\1\s\test\specs\BTS\billing-performance-workdays.spec.js:211:9)
]]></system-err>
    </testcase>
    <testcase classname="chrome.136_0_7103_93.windows.Performance_based_billing_(work_days)_US139742" name="Should go to Manage Billings and trigger calculation check the conditions applied" time="86.421">
      <failure/>
      <error message="Can't call click on element with selector &quot;//bdi[contains(text(), &quot;Trigger Calculation&quot;)]&quot; because element wasn't found"/>
      <system-out><![CDATA[
COMMAND: POST /session/130ef63994e902c9deb83fe717a4bbca/execute/async - {"script":"<script> [1562 bytes]","args":[{"selector":{"controlType":"sap.m.GenericTile","properties":{"header":"Manage Billings"}},"wdio_ui5_key":"sapm.GenericTile{\"header\":\"Manage Billings\"}"}]}
RESULT: {}
RESULT: {"script":"<script> [1562 bytes]","args":[{"selector":{"controlType":"sap.m.GenericTile","properties":{"header":"Manage Billings"}},"wdio_ui5_key":"sapm.GenericTile{\"header\":\"Manage Billings\"}"}]}
RESULT: undefined
COMMAND: POST /session/130ef63994e902c9deb83fe717a4bbca/elements - {"using":"xpath","value":"//span[text()='Error']"}
RESULT: {"using":"xpath","value":"//span[text()='Error']"}
COMMAND: POST /session/130ef63994e902c9deb83fe717a4bbca/execute/async - {"script":"<script> [1562 bytes]","args":[{"selector":{"id":"application-managebillings-display-component---billRunCalcResult--smartFilterBar-btnBasicSearch","interaction":{"idSuffix":"I"}},"wdio_ui5_key":"applicationmanagebillings-display-component---billRunCalcResult--smartFilterBar-btnBasicSearch"}]}
RESULT: {"script":"<script> [1562 bytes]","args":[{"selector":{"id":"application-managebillings-display-component---billRunCalcResult--smartFilterBar-btnBasicSearch","interaction":{"idSuffix":"I"}},"wdio_ui5_key":"applicationmanagebillings-display-component---billRunCalcResult--smartFilterBar-btnBasicSearch"}]}
RESULT: undefined
COMMAND: POST /session/130ef63994e902c9deb83fe717a4bbca/actions - {"actions":[{"id":"action62","type":"key","parameters":{},"actions":[{"type":"keyDown","value":""},{"type":"pause","duration":10},{"type":"keyUp","value":""}]}]}
RESULT: {"actions":[{"id":"action62","type":"key","parameters":{},"actions":[{"type":"keyDown","value":""},{"type":"pause","duration":10},{"type":"keyUp","value":""}]}]}
COMMAND: GET /session/130ef63994e902c9deb83fe717a4bbca/screenshot - {}
RESULT: {}
COMMAND: POST /session/130ef63994e902c9deb83fe717a4bbca/element - {"using":"xpath","value":"//td[@aria-colindex=\"1\"]/div/div[contains(@class, \"sapMCbBg\")]"}
RESULT: {"using":"xpath","value":"//td[@aria-colindex=\"1\"]/div/div[contains(@class, \"sapMCbBg\")]"}
COMMAND: POST /session/130ef63994e902c9deb83fe717a4bbca/element/f.DBA113373209FD8E36DE67C53790246B.d.3B17AABA7A13C07F69D16B0FDDDB778A.e.15364/click - {}
RESULT: {}
COMMAND: GET /session/130ef63994e902c9deb83fe717a4bbca/screenshot - {}
RESULT: {}
COMMAND: POST /session/130ef63994e902c9deb83fe717a4bbca/execute/async - {"script":"<script> [1562 bytes]","args":[{"selector":{"id":"application-managebillings-display-component---billRunCalcResult--contractBillRunDate","interaction":{"idSuffix":"inner"}},"wdio_ui5_key":"applicationmanagebillings-display-component---billRunCalcResult--contractBillRunDate"}]}
RESULT: {"script":"<script> [1562 bytes]","args":[{"selector":{"id":"application-managebillings-display-component---billRunCalcResult--contractBillRunDate","interaction":{"idSuffix":"inner"}},"wdio_ui5_key":"applicationmanagebillings-display-component---billRunCalcResult--contractBillRunDate"}]}
RESULT: undefined
COMMAND: POST /session/130ef63994e902c9deb83fe717a4bbca/element - {"using":"xpath","value":"//bdi[contains(text(), \"Trigger Calculation\")]"}
RESULT: {"using":"xpath","value":"//bdi[contains(text(), \"Trigger Calculation\")]"}
COMMAND: POST /session/130ef63994e902c9deb83fe717a4bbca/elements - {"using":"xpath","value":"//bdi[contains(text(), \"Trigger Calculation\")]"}
RESULT: {"using":"xpath","value":"//bdi[contains(text(), \"Trigger Calculation\")]"}
COMMAND: POST /session/130ef63994e902c9deb83fe717a4bbca/elements - {"using":"xpath","value":"//bdi[contains(text(), \"Trigger Calculation\")]"}
RESULT: {"using":"xpath","value":"//bdi[contains(text(), \"Trigger Calculation\")]"}
COMMAND: POST /session/130ef63994e902c9deb83fe717a4bbca/elements - {"using":"xpath","value":"//bdi[contains(text(), \"Trigger Calculation\")]"}
RESULT: {"using":"xpath","value":"//bdi[contains(text(), \"Trigger Calculation\")]"}
COMMAND: POST /session/130ef63994e902c9deb83fe717a4bbca/elements - {"using":"xpath","value":"//bdi[contains(text(), \"Trigger Calculation\")]"}
RESULT: {"using":"xpath","value":"//bdi[contains(text(), \"Trigger Calculation\")]"}
COMMAND: POST /session/130ef63994e902c9deb83fe717a4bbca/elements - {"using":"xpath","value":"//bdi[contains(text(), \"Trigger Calculation\")]"}
RESULT: {"using":"xpath","value":"//bdi[contains(text(), \"Trigger Calculation\")]"}
COMMAND: POST /session/130ef63994e902c9deb83fe717a4bbca/elements - {"using":"xpath","value":"//bdi[contains(text(), \"Trigger Calculation\")]"}
RESULT: {"using":"xpath","value":"//bdi[contains(text(), \"Trigger Calculation\")]"}
COMMAND: POST /session/130ef63994e902c9deb83fe717a4bbca/elements - {"using":"xpath","value":"//bdi[contains(text(), \"Trigger Calculation\")]"}
RESULT: {"using":"xpath","value":"//bdi[contains(text(), \"Trigger Calculation\")]"}
COMMAND: POST /session/130ef63994e902c9deb83fe717a4bbca/elements - {"using":"xpath","value":"//bdi[contains(text(), \"Trigger Calculation\")]"}
RESULT: {"using":"xpath","value":"//bdi[contains(text(), \"Trigger Calculation\")]"}
COMMAND: POST /session/130ef63994e902c9deb83fe717a4bbca/elements - {"using":"xpath","value":"//bdi[contains(text(), \"Trigger Calculation\")]"}
RESULT: {"using":"xpath","value":"//bdi[contains(text(), \"Trigger Calculation\")]"}
COMMAND: POST /session/130ef63994e902c9deb83fe717a4bbca/elements - {"using":"xpath","value":"//bdi[contains(text(), \"Trigger Calculation\")]"}
RESULT: {"using":"xpath","value":"//bdi[contains(text(), \"Trigger Calculation\")]"}
COMMAND: POST /session/130ef63994e902c9deb83fe717a4bbca/elements - {"using":"xpath","value":"//bdi[contains(text(), \"Trigger Calculation\")]"}
RESULT: {"using":"xpath","value":"//bdi[contains(text(), \"Trigger Calculation\")]"}
COMMAND: POST /session/130ef63994e902c9deb83fe717a4bbca/elements - {"using":"xpath","value":"//bdi[contains(text(), \"Trigger Calculation\")]"}
RESULT: {"using":"xpath","value":"//bdi[contains(text(), \"Trigger Calculation\")]"}
COMMAND: POST /session/130ef63994e902c9deb83fe717a4bbca/elements - {"using":"xpath","value":"//bdi[contains(text(), \"Trigger Calculation\")]"}
RESULT: {"using":"xpath","value":"//bdi[contains(text(), \"Trigger Calculation\")]"}
COMMAND: POST /session/130ef63994e902c9deb83fe717a4bbca/elements - {"using":"xpath","value":"//bdi[contains(text(), \"Trigger Calculation\")]"}
RESULT: {"using":"xpath","value":"//bdi[contains(text(), \"Trigger Calculation\")]"}
COMMAND: POST /session/130ef63994e902c9deb83fe717a4bbca/elements - {"using":"xpath","value":"//bdi[contains(text(), \"Trigger Calculation\")]"}
RESULT: {"using":"xpath","value":"//bdi[contains(text(), \"Trigger Calculation\")]"}
COMMAND: POST /session/130ef63994e902c9deb83fe717a4bbca/elements - {"using":"xpath","value":"//bdi[contains(text(), \"Trigger Calculation\")]"}
RESULT: {"using":"xpath","value":"//bdi[contains(text(), \"Trigger Calculation\")]"}
COMMAND: POST /session/130ef63994e902c9deb83fe717a4bbca/elements - {"using":"xpath","value":"//bdi[contains(text(), \"Trigger Calculation\")]"}
RESULT: {"using":"xpath","value":"//bdi[contains(text(), \"Trigger Calculation\")]"}
COMMAND: POST /session/130ef63994e902c9deb83fe717a4bbca/elements - {"using":"xpath","value":"//bdi[contains(text(), \"Trigger Calculation\")]"}
RESULT: {"using":"xpath","value":"//bdi[contains(text(), \"Trigger Calculation\")]"}
COMMAND: POST /session/130ef63994e902c9deb83fe717a4bbca/elements - {"using":"xpath","value":"//bdi[contains(text(), \"Trigger Calculation\")]"}
RESULT: {"using":"xpath","value":"//bdi[contains(text(), \"Trigger Calculation\")]"}
COMMAND: POST /session/130ef63994e902c9deb83fe717a4bbca/elements - {"using":"xpath","value":"//bdi[contains(text(), \"Trigger Calculation\")]"}
RESULT: {"using":"xpath","value":"//bdi[contains(text(), \"Trigger Calculation\")]"}
COMMAND: POST /session/130ef63994e902c9deb83fe717a4bbca/elements - {"using":"xpath","value":"//bdi[contains(text(), \"Trigger Calculation\")]"}
RESULT: {"using":"xpath","value":"//bdi[contains(text(), \"Trigger Calculation\")]"}
COMMAND: POST /session/130ef63994e902c9deb83fe717a4bbca/elements - {"using":"xpath","value":"//bdi[contains(text(), \"Trigger Calculation\")]"}
RESULT: {"using":"xpath","value":"//bdi[contains(text(), \"Trigger Calculation\")]"}
COMMAND: POST /session/130ef63994e902c9deb83fe717a4bbca/elements - {"using":"xpath","value":"//bdi[contains(text(), \"Trigger Calculation\")]"}
RESULT: {"using":"xpath","value":"//bdi[contains(text(), \"Trigger Calculation\")]"}
COMMAND: POST /session/130ef63994e902c9deb83fe717a4bbca/elements - {"using":"xpath","value":"//bdi[contains(text(), \"Trigger Calculation\")]"}
RESULT: {"using":"xpath","value":"//bdi[contains(text(), \"Trigger Calculation\")]"}
COMMAND: POST /session/130ef63994e902c9deb83fe717a4bbca/elements - {"using":"xpath","value":"//bdi[contains(text(), \"Trigger Calculation\")]"}
RESULT: {"using":"xpath","value":"//bdi[contains(text(), \"Trigger Calculation\")]"}
COMMAND: POST /session/130ef63994e902c9deb83fe717a4bbca/elements - {"using":"xpath","value":"//bdi[contains(text(), \"Trigger Calculation\")]"}
RESULT: {"using":"xpath","value":"//bdi[contains(text(), \"Trigger Calculation\")]"}
COMMAND: POST /session/130ef63994e902c9deb83fe717a4bbca/elements - {"using":"xpath","value":"//bdi[contains(text(), \"Trigger Calculation\")]"}
RESULT: {"using":"xpath","value":"//bdi[contains(text(), \"Trigger Calculation\")]"}
COMMAND: POST /session/130ef63994e902c9deb83fe717a4bbca/elements - {"using":"xpath","value":"//bdi[contains(text(), \"Trigger Calculation\")]"}
RESULT: {"using":"xpath","value":"//bdi[contains(text(), \"Trigger Calculation\")]"}
COMMAND: POST /session/130ef63994e902c9deb83fe717a4bbca/elements - {"using":"xpath","value":"//bdi[contains(text(), \"Trigger Calculation\")]"}
RESULT: {"using":"xpath","value":"//bdi[contains(text(), \"Trigger Calculation\")]"}
COMMAND: POST /session/130ef63994e902c9deb83fe717a4bbca/elements - {"using":"xpath","value":"//bdi[contains(text(), \"Trigger Calculation\")]"}
RESULT: {"using":"xpath","value":"//bdi[contains(text(), \"Trigger Calculation\")]"}
COMMAND: POST /session/130ef63994e902c9deb83fe717a4bbca/elements - {"using":"xpath","value":"//bdi[contains(text(), \"Trigger Calculation\")]"}
RESULT: {"using":"xpath","value":"//bdi[contains(text(), \"Trigger Calculation\")]"}
COMMAND: POST /session/130ef63994e902c9deb83fe717a4bbca/elements - {"using":"xpath","value":"//bdi[contains(text(), \"Trigger Calculation\")]"}
RESULT: {"using":"xpath","value":"//bdi[contains(text(), \"Trigger Calculation\")]"}
COMMAND: POST /session/130ef63994e902c9deb83fe717a4bbca/elements - {"using":"xpath","value":"//bdi[contains(text(), \"Trigger Calculation\")]"}
RESULT: {"using":"xpath","value":"//bdi[contains(text(), \"Trigger Calculation\")]"}
COMMAND: POST /session/130ef63994e902c9deb83fe717a4bbca/elements - {"using":"xpath","value":"//bdi[contains(text(), \"Trigger Calculation\")]"}
RESULT: {"using":"xpath","value":"//bdi[contains(text(), \"Trigger Calculation\")]"}
COMMAND: POST /session/130ef63994e902c9deb83fe717a4bbca/elements - {"using":"xpath","value":"//bdi[contains(text(), \"Trigger Calculation\")]"}
RESULT: {"using":"xpath","value":"//bdi[contains(text(), \"Trigger Calculation\")]"}
COMMAND: POST /session/130ef63994e902c9deb83fe717a4bbca/elements - {"using":"xpath","value":"//bdi[contains(text(), \"Trigger Calculation\")]"}
RESULT: {"using":"xpath","value":"//bdi[contains(text(), \"Trigger Calculation\")]"}
COMMAND: POST /session/130ef63994e902c9deb83fe717a4bbca/elements - {"using":"xpath","value":"//bdi[contains(text(), \"Trigger Calculation\")]"}
RESULT: {"using":"xpath","value":"//bdi[contains(text(), \"Trigger Calculation\")]"}
COMMAND: POST /session/130ef63994e902c9deb83fe717a4bbca/elements - {"using":"xpath","value":"//bdi[contains(text(), \"Trigger Calculation\")]"}
RESULT: {"using":"xpath","value":"//bdi[contains(text(), \"Trigger Calculation\")]"}
COMMAND: POST /session/130ef63994e902c9deb83fe717a4bbca/elements - {"using":"xpath","value":"//bdi[contains(text(), \"Trigger Calculation\")]"}
RESULT: {"using":"xpath","value":"//bdi[contains(text(), \"Trigger Calculation\")]"}
COMMAND: POST /session/130ef63994e902c9deb83fe717a4bbca/elements - {"using":"xpath","value":"//bdi[contains(text(), \"Trigger Calculation\")]"}
RESULT: {"using":"xpath","value":"//bdi[contains(text(), \"Trigger Calculation\")]"}
COMMAND: POST /session/130ef63994e902c9deb83fe717a4bbca/elements - {"using":"xpath","value":"//bdi[contains(text(), \"Trigger Calculation\")]"}
RESULT: {"using":"xpath","value":"//bdi[contains(text(), \"Trigger Calculation\")]"}
COMMAND: POST /session/130ef63994e902c9deb83fe717a4bbca/elements - {"using":"xpath","value":"//bdi[contains(text(), \"Trigger Calculation\")]"}
RESULT: {"using":"xpath","value":"//bdi[contains(text(), \"Trigger Calculation\")]"}
COMMAND: POST /session/130ef63994e902c9deb83fe717a4bbca/elements - {"using":"xpath","value":"//bdi[contains(text(), \"Trigger Calculation\")]"}
RESULT: {"using":"xpath","value":"//bdi[contains(text(), \"Trigger Calculation\")]"}
COMMAND: POST /session/130ef63994e902c9deb83fe717a4bbca/elements - {"using":"xpath","value":"//bdi[contains(text(), \"Trigger Calculation\")]"}
RESULT: {"using":"xpath","value":"//bdi[contains(text(), \"Trigger Calculation\")]"}
COMMAND: POST /session/130ef63994e902c9deb83fe717a4bbca/elements - {"using":"xpath","value":"//bdi[contains(text(), \"Trigger Calculation\")]"}
RESULT: {"using":"xpath","value":"//bdi[contains(text(), \"Trigger Calculation\")]"}
COMMAND: POST /session/130ef63994e902c9deb83fe717a4bbca/elements - {"using":"xpath","value":"//bdi[contains(text(), \"Trigger Calculation\")]"}
RESULT: {"using":"xpath","value":"//bdi[contains(text(), \"Trigger Calculation\")]"}
COMMAND: POST /session/130ef63994e902c9deb83fe717a4bbca/elements - {"using":"xpath","value":"//bdi[contains(text(), \"Trigger Calculation\")]"}
RESULT: {"using":"xpath","value":"//bdi[contains(text(), \"Trigger Calculation\")]"}
COMMAND: POST /session/130ef63994e902c9deb83fe717a4bbca/elements - {"using":"xpath","value":"//bdi[contains(text(), \"Trigger Calculation\")]"}
RESULT: {"using":"xpath","value":"//bdi[contains(text(), \"Trigger Calculation\")]"}
COMMAND: POST /session/130ef63994e902c9deb83fe717a4bbca/elements - {"using":"xpath","value":"//bdi[contains(text(), \"Trigger Calculation\")]"}
RESULT: {"using":"xpath","value":"//bdi[contains(text(), \"Trigger Calculation\")]"}
COMMAND: POST /session/130ef63994e902c9deb83fe717a4bbca/elements - {"using":"xpath","value":"//bdi[contains(text(), \"Trigger Calculation\")]"}
RESULT: {"using":"xpath","value":"//bdi[contains(text(), \"Trigger Calculation\")]"}
COMMAND: POST /session/130ef63994e902c9deb83fe717a4bbca/elements - {"using":"xpath","value":"//bdi[contains(text(), \"Trigger Calculation\")]"}
RESULT: {"using":"xpath","value":"//bdi[contains(text(), \"Trigger Calculation\")]"}
COMMAND: POST /session/130ef63994e902c9deb83fe717a4bbca/elements - {"using":"xpath","value":"//bdi[contains(text(), \"Trigger Calculation\")]"}
RESULT: {"using":"xpath","value":"//bdi[contains(text(), \"Trigger Calculation\")]"}
COMMAND: POST /session/130ef63994e902c9deb83fe717a4bbca/elements - {"using":"xpath","value":"//bdi[contains(text(), \"Trigger Calculation\")]"}
RESULT: {"using":"xpath","value":"//bdi[contains(text(), \"Trigger Calculation\")]"}
COMMAND: POST /session/130ef63994e902c9deb83fe717a4bbca/elements - {"using":"xpath","value":"//bdi[contains(text(), \"Trigger Calculation\")]"}
RESULT: {"using":"xpath","value":"//bdi[contains(text(), \"Trigger Calculation\")]"}
COMMAND: POST /session/130ef63994e902c9deb83fe717a4bbca/elements - {"using":"xpath","value":"//bdi[contains(text(), \"Trigger Calculation\")]"}
RESULT: {"using":"xpath","value":"//bdi[contains(text(), \"Trigger Calculation\")]"}
COMMAND: POST /session/130ef63994e902c9deb83fe717a4bbca/elements - {"using":"xpath","value":"//bdi[contains(text(), \"Trigger Calculation\")]"}
RESULT: {"using":"xpath","value":"//bdi[contains(text(), \"Trigger Calculation\")]"}
COMMAND: POST /session/130ef63994e902c9deb83fe717a4bbca/elements - {"using":"xpath","value":"//bdi[contains(text(), \"Trigger Calculation\")]"}
RESULT: {"using":"xpath","value":"//bdi[contains(text(), \"Trigger Calculation\")]"}
COMMAND: POST /session/130ef63994e902c9deb83fe717a4bbca/elements - {"using":"xpath","value":"//bdi[contains(text(), \"Trigger Calculation\")]"}
RESULT: {"using":"xpath","value":"//bdi[contains(text(), \"Trigger Calculation\")]"}
COMMAND: POST /session/130ef63994e902c9deb83fe717a4bbca/elements - {"using":"xpath","value":"//bdi[contains(text(), \"Trigger Calculation\")]"}
RESULT: {"using":"xpath","value":"//bdi[contains(text(), \"Trigger Calculation\")]"}
COMMAND: POST /session/130ef63994e902c9deb83fe717a4bbca/elements - {"using":"xpath","value":"//bdi[contains(text(), \"Trigger Calculation\")]"}
RESULT: {"using":"xpath","value":"//bdi[contains(text(), \"Trigger Calculation\")]"}
COMMAND: POST /session/130ef63994e902c9deb83fe717a4bbca/elements - {"using":"xpath","value":"//bdi[contains(text(), \"Trigger Calculation\")]"}
RESULT: {"using":"xpath","value":"//bdi[contains(text(), \"Trigger Calculation\")]"}
COMMAND: POST /session/130ef63994e902c9deb83fe717a4bbca/elements - {"using":"xpath","value":"//bdi[contains(text(), \"Trigger Calculation\")]"}
RESULT: {"using":"xpath","value":"//bdi[contains(text(), \"Trigger Calculation\")]"}
COMMAND: POST /session/130ef63994e902c9deb83fe717a4bbca/elements - {"using":"xpath","value":"//bdi[contains(text(), \"Trigger Calculation\")]"}
RESULT: {"using":"xpath","value":"//bdi[contains(text(), \"Trigger Calculation\")]"}
COMMAND: POST /session/130ef63994e902c9deb83fe717a4bbca/elements - {"using":"xpath","value":"//bdi[contains(text(), \"Trigger Calculation\")]"}
RESULT: {"using":"xpath","value":"//bdi[contains(text(), \"Trigger Calculation\")]"}
COMMAND: POST /session/130ef63994e902c9deb83fe717a4bbca/elements - {"using":"xpath","value":"//bdi[contains(text(), \"Trigger Calculation\")]"}
RESULT: {"using":"xpath","value":"//bdi[contains(text(), \"Trigger Calculation\")]"}
COMMAND: POST /session/130ef63994e902c9deb83fe717a4bbca/elements - {"using":"xpath","value":"//bdi[contains(text(), \"Trigger Calculation\")]"}
RESULT: {"using":"xpath","value":"//bdi[contains(text(), \"Trigger Calculation\")]"}
COMMAND: POST /session/130ef63994e902c9deb83fe717a4bbca/elements - {"using":"xpath","value":"//bdi[contains(text(), \"Trigger Calculation\")]"}
RESULT: {"using":"xpath","value":"//bdi[contains(text(), \"Trigger Calculation\")]"}
COMMAND: POST /session/130ef63994e902c9deb83fe717a4bbca/elements - {"using":"xpath","value":"//bdi[contains(text(), \"Trigger Calculation\")]"}
RESULT: {"using":"xpath","value":"//bdi[contains(text(), \"Trigger Calculation\")]"}
COMMAND: POST /session/130ef63994e902c9deb83fe717a4bbca/elements - {"using":"xpath","value":"//bdi[contains(text(), \"Trigger Calculation\")]"}
RESULT: {"using":"xpath","value":"//bdi[contains(text(), \"Trigger Calculation\")]"}
COMMAND: POST /session/130ef63994e902c9deb83fe717a4bbca/elements - {"using":"xpath","value":"//bdi[contains(text(), \"Trigger Calculation\")]"}
RESULT: {"using":"xpath","value":"//bdi[contains(text(), \"Trigger Calculation\")]"}
COMMAND: POST /session/130ef63994e902c9deb83fe717a4bbca/elements - {"using":"xpath","value":"//bdi[contains(text(), \"Trigger Calculation\")]"}
RESULT: {"using":"xpath","value":"//bdi[contains(text(), \"Trigger Calculation\")]"}
COMMAND: POST /session/130ef63994e902c9deb83fe717a4bbca/elements - {"using":"xpath","value":"//bdi[contains(text(), \"Trigger Calculation\")]"}
RESULT: {"using":"xpath","value":"//bdi[contains(text(), \"Trigger Calculation\")]"}
COMMAND: POST /session/130ef63994e902c9deb83fe717a4bbca/elements - {"using":"xpath","value":"//bdi[contains(text(), \"Trigger Calculation\")]"}
RESULT: {"using":"xpath","value":"//bdi[contains(text(), \"Trigger Calculation\")]"}
COMMAND: POST /session/130ef63994e902c9deb83fe717a4bbca/elements - {"using":"xpath","value":"//bdi[contains(text(), \"Trigger Calculation\")]"}
RESULT: {"using":"xpath","value":"//bdi[contains(text(), \"Trigger Calculation\")]"}
COMMAND: POST /session/130ef63994e902c9deb83fe717a4bbca/elements - {"using":"xpath","value":"//bdi[contains(text(), \"Trigger Calculation\")]"}
RESULT: {"using":"xpath","value":"//bdi[contains(text(), \"Trigger Calculation\")]"}
COMMAND: POST /session/130ef63994e902c9deb83fe717a4bbca/elements - {"using":"xpath","value":"//bdi[contains(text(), \"Trigger Calculation\")]"}
RESULT: {"using":"xpath","value":"//bdi[contains(text(), \"Trigger Calculation\")]"}
COMMAND: POST /session/130ef63994e902c9deb83fe717a4bbca/elements - {"using":"xpath","value":"//bdi[contains(text(), \"Trigger Calculation\")]"}
RESULT: {"using":"xpath","value":"//bdi[contains(text(), \"Trigger Calculation\")]"}
COMMAND: POST /session/130ef63994e902c9deb83fe717a4bbca/elements - {"using":"xpath","value":"//bdi[contains(text(), \"Trigger Calculation\")]"}
RESULT: {"using":"xpath","value":"//bdi[contains(text(), \"Trigger Calculation\")]"}
COMMAND: POST /session/130ef63994e902c9deb83fe717a4bbca/elements - {"using":"xpath","value":"//bdi[contains(text(), \"Trigger Calculation\")]"}
RESULT: {"using":"xpath","value":"//bdi[contains(text(), \"Trigger Calculation\")]"}
COMMAND: POST /session/130ef63994e902c9deb83fe717a4bbca/elements - {"using":"xpath","value":"//bdi[contains(text(), \"Trigger Calculation\")]"}
RESULT: {"using":"xpath","value":"//bdi[contains(text(), \"Trigger Calculation\")]"}
COMMAND: POST /session/130ef63994e902c9deb83fe717a4bbca/elements - {"using":"xpath","value":"//bdi[contains(text(), \"Trigger Calculation\")]"}
RESULT: {"using":"xpath","value":"//bdi[contains(text(), \"Trigger Calculation\")]"}
COMMAND: POST /session/130ef63994e902c9deb83fe717a4bbca/elements - {"using":"xpath","value":"//bdi[contains(text(), \"Trigger Calculation\")]"}
RESULT: {"using":"xpath","value":"//bdi[contains(text(), \"Trigger Calculation\")]"}
COMMAND: POST /session/130ef63994e902c9deb83fe717a4bbca/elements - {"using":"xpath","value":"//bdi[contains(text(), \"Trigger Calculation\")]"}
RESULT: {"using":"xpath","value":"//bdi[contains(text(), \"Trigger Calculation\")]"}
COMMAND: POST /session/130ef63994e902c9deb83fe717a4bbca/elements - {"using":"xpath","value":"//bdi[contains(text(), \"Trigger Calculation\")]"}
RESULT: {"using":"xpath","value":"//bdi[contains(text(), \"Trigger Calculation\")]"}
COMMAND: POST /session/130ef63994e902c9deb83fe717a4bbca/elements - {"using":"xpath","value":"//bdi[contains(text(), \"Trigger Calculation\")]"}
RESULT: {"using":"xpath","value":"//bdi[contains(text(), \"Trigger Calculation\")]"}
COMMAND: POST /session/130ef63994e902c9deb83fe717a4bbca/elements - {"using":"xpath","value":"//bdi[contains(text(), \"Trigger Calculation\")]"}
RESULT: {"using":"xpath","value":"//bdi[contains(text(), \"Trigger Calculation\")]"}
COMMAND: POST /session/130ef63994e902c9deb83fe717a4bbca/elements - {"using":"xpath","value":"//bdi[contains(text(), \"Trigger Calculation\")]"}
RESULT: {"using":"xpath","value":"//bdi[contains(text(), \"Trigger Calculation\")]"}
COMMAND: POST /session/130ef63994e902c9deb83fe717a4bbca/elements - {"using":"xpath","value":"//bdi[contains(text(), \"Trigger Calculation\")]"}
RESULT: {"using":"xpath","value":"//bdi[contains(text(), \"Trigger Calculation\")]"}
COMMAND: POST /session/130ef63994e902c9deb83fe717a4bbca/elements - {"using":"xpath","value":"//bdi[contains(text(), \"Trigger Calculation\")]"}
RESULT: {"using":"xpath","value":"//bdi[contains(text(), \"Trigger Calculation\")]"}
COMMAND: POST /session/130ef63994e902c9deb83fe717a4bbca/elements - {"using":"xpath","value":"//bdi[contains(text(), \"Trigger Calculation\")]"}
RESULT: {"using":"xpath","value":"//bdi[contains(text(), \"Trigger Calculation\")]"}
COMMAND: POST /session/130ef63994e902c9deb83fe717a4bbca/elements - {"using":"xpath","value":"//bdi[contains(text(), \"Trigger Calculation\")]"}
RESULT: {"using":"xpath","value":"//bdi[contains(text(), \"Trigger Calculation\")]"}
COMMAND: POST /session/130ef63994e902c9deb83fe717a4bbca/elements - {"using":"xpath","value":"//bdi[contains(text(), \"Trigger Calculation\")]"}
RESULT: {"using":"xpath","value":"//bdi[contains(text(), \"Trigger Calculation\")]"}
COMMAND: POST /session/130ef63994e902c9deb83fe717a4bbca/elements - {"using":"xpath","value":"//bdi[contains(text(), \"Trigger Calculation\")]"}
RESULT: {"using":"xpath","value":"//bdi[contains(text(), \"Trigger Calculation\")]"}
COMMAND: POST /session/130ef63994e902c9deb83fe717a4bbca/elements - {"using":"xpath","value":"//bdi[contains(text(), \"Trigger Calculation\")]"}
RESULT: {"using":"xpath","value":"//bdi[contains(text(), \"Trigger Calculation\")]"}
COMMAND: POST /session/130ef63994e902c9deb83fe717a4bbca/elements - {"using":"xpath","value":"//bdi[contains(text(), \"Trigger Calculation\")]"}
RESULT: {"using":"xpath","value":"//bdi[contains(text(), \"Trigger Calculation\")]"}
COMMAND: POST /session/130ef63994e902c9deb83fe717a4bbca/elements - {"using":"xpath","value":"//bdi[contains(text(), \"Trigger Calculation\")]"}
RESULT: {"using":"xpath","value":"//bdi[contains(text(), \"Trigger Calculation\")]"}
COMMAND: POST /session/130ef63994e902c9deb83fe717a4bbca/elements - {"using":"xpath","value":"//bdi[contains(text(), \"Trigger Calculation\")]"}
RESULT: {"using":"xpath","value":"//bdi[contains(text(), \"Trigger Calculation\")]"}
COMMAND: POST /session/130ef63994e902c9deb83fe717a4bbca/elements - {"using":"xpath","value":"//bdi[contains(text(), \"Trigger Calculation\")]"}
RESULT: {"using":"xpath","value":"//bdi[contains(text(), \"Trigger Calculation\")]"}
COMMAND: POST /session/130ef63994e902c9deb83fe717a4bbca/elements - {"using":"xpath","value":"//bdi[contains(text(), \"Trigger Calculation\")]"}
RESULT: {"using":"xpath","value":"//bdi[contains(text(), \"Trigger Calculation\")]"}
COMMAND: POST /session/130ef63994e902c9deb83fe717a4bbca/elements - {"using":"xpath","value":"//bdi[contains(text(), \"Trigger Calculation\")]"}
RESULT: {"using":"xpath","value":"//bdi[contains(text(), \"Trigger Calculation\")]"}
COMMAND: POST /session/130ef63994e902c9deb83fe717a4bbca/elements - {"using":"xpath","value":"//bdi[contains(text(), \"Trigger Calculation\")]"}
RESULT: {"using":"xpath","value":"//bdi[contains(text(), \"Trigger Calculation\")]"}
COMMAND: POST /session/130ef63994e902c9deb83fe717a4bbca/elements - {"using":"xpath","value":"//bdi[contains(text(), \"Trigger Calculation\")]"}
RESULT: {"using":"xpath","value":"//bdi[contains(text(), \"Trigger Calculation\")]"}
COMMAND: POST /session/130ef63994e902c9deb83fe717a4bbca/elements - {"using":"xpath","value":"//bdi[contains(text(), \"Trigger Calculation\")]"}
RESULT: {"using":"xpath","value":"//bdi[contains(text(), \"Trigger Calculation\")]"}
COMMAND: POST /session/130ef63994e902c9deb83fe717a4bbca/elements - {"using":"xpath","value":"//bdi[contains(text(), \"Trigger Calculation\")]"}
RESULT: {"using":"xpath","value":"//bdi[contains(text(), \"Trigger Calculation\")]"}
COMMAND: POST /session/130ef63994e902c9deb83fe717a4bbca/elements - {"using":"xpath","value":"//bdi[contains(text(), \"Trigger Calculation\")]"}
RESULT: {"using":"xpath","value":"//bdi[contains(text(), \"Trigger Calculation\")]"}
COMMAND: POST /session/130ef63994e902c9deb83fe717a4bbca/elements - {"using":"xpath","value":"//bdi[contains(text(), \"Trigger Calculation\")]"}
RESULT: {"using":"xpath","value":"//bdi[contains(text(), \"Trigger Calculation\")]"}
COMMAND: POST /session/130ef63994e902c9deb83fe717a4bbca/elements - {"using":"xpath","value":"//bdi[contains(text(), \"Trigger Calculation\")]"}
RESULT: {"using":"xpath","value":"//bdi[contains(text(), \"Trigger Calculation\")]"}
COMMAND: POST /session/130ef63994e902c9deb83fe717a4bbca/elements - {"using":"xpath","value":"//bdi[contains(text(), \"Trigger Calculation\")]"}
RESULT: {"using":"xpath","value":"//bdi[contains(text(), \"Trigger Calculation\")]"}
COMMAND: POST /session/130ef63994e902c9deb83fe717a4bbca/elements - {"using":"xpath","value":"//bdi[contains(text(), \"Trigger Calculation\")]"}
RESULT: {"using":"xpath","value":"//bdi[contains(text(), \"Trigger Calculation\")]"}
COMMAND: POST /session/130ef63994e902c9deb83fe717a4bbca/elements - {"using":"xpath","value":"//bdi[contains(text(), \"Trigger Calculation\")]"}
RESULT: {"using":"xpath","value":"//bdi[contains(text(), \"Trigger Calculation\")]"}
COMMAND: POST /session/130ef63994e902c9deb83fe717a4bbca/elements - {"using":"xpath","value":"//bdi[contains(text(), \"Trigger Calculation\")]"}
RESULT: {"using":"xpath","value":"//bdi[contains(text(), \"Trigger Calculation\")]"}
COMMAND: POST /session/130ef63994e902c9deb83fe717a4bbca/elements - {"using":"xpath","value":"//bdi[contains(text(), \"Trigger Calculation\")]"}
RESULT: {"using":"xpath","value":"//bdi[contains(text(), \"Trigger Calculation\")]"}
COMMAND: POST /session/130ef63994e902c9deb83fe717a4bbca/elements - {"using":"xpath","value":"//bdi[contains(text(), \"Trigger Calculation\")]"}
RESULT: {"using":"xpath","value":"//bdi[contains(text(), \"Trigger Calculation\")]"}
COMMAND: POST /session/130ef63994e902c9deb83fe717a4bbca/elements - {"using":"xpath","value":"//bdi[contains(text(), \"Trigger Calculation\")]"}
RESULT: {"using":"xpath","value":"//bdi[contains(text(), \"Trigger Calculation\")]"}
COMMAND: POST /session/130ef63994e902c9deb83fe717a4bbca/elements - {"using":"xpath","value":"//bdi[contains(text(), \"Trigger Calculation\")]"}
RESULT: {"using":"xpath","value":"//bdi[contains(text(), \"Trigger Calculation\")]"}
COMMAND: POST /session/130ef63994e902c9deb83fe717a4bbca/elements - {"using":"xpath","value":"//bdi[contains(text(), \"Trigger Calculation\")]"}
RESULT: {"using":"xpath","value":"//bdi[contains(text(), \"Trigger Calculation\")]"}
COMMAND: POST /session/130ef63994e902c9deb83fe717a4bbca/elements - {"using":"xpath","value":"//bdi[contains(text(), \"Trigger Calculation\")]"}
RESULT: {"using":"xpath","value":"//bdi[contains(text(), \"Trigger Calculation\")]"}
COMMAND: POST /session/130ef63994e902c9deb83fe717a4bbca/elements - {"using":"xpath","value":"//bdi[contains(text(), \"Trigger Calculation\")]"}
RESULT: {"using":"xpath","value":"//bdi[contains(text(), \"Trigger Calculation\")]"}
COMMAND: POST /session/130ef63994e902c9deb83fe717a4bbca/elements - {"using":"xpath","value":"//bdi[contains(text(), \"Trigger Calculation\")]"}
RESULT: {"using":"xpath","value":"//bdi[contains(text(), \"Trigger Calculation\")]"}
COMMAND: POST /session/130ef63994e902c9deb83fe717a4bbca/elements - {"using":"xpath","value":"//bdi[contains(text(), \"Trigger Calculation\")]"}
RESULT: {"using":"xpath","value":"//bdi[contains(text(), \"Trigger Calculation\")]"}
COMMAND: GET /session/130ef63994e902c9deb83fe717a4bbca/screenshot - {}
RESULT: {}
COMMAND: POST /session/130ef63994e902c9deb83fe717a4bbca/element - {"using":"css selector","value":"#j_username"}
COMMAND: POST /session/130ef63994e902c9deb83fe717a4bbca/url - {"url":"https://qa-testing-00-live-etm-ui.cfapps.eu10-004.hana.ondemand.com/"}
COMMAND: GET /session/130ef63994e902c9deb83fe717a4bbca/screenshot - {}
COMMAND: GET /session/130ef63994e902c9deb83fe717a4bbca/screenshot - {}
RESULT: {"using":"css selector","value":"#j_username"}
COMMAND: POST /session/130ef63994e902c9deb83fe717a4bbca/element - {"using":"css selector","value":"#j_username"}
RESULT: {"url":"https://qa-testing-00-live-etm-ui.cfapps.eu10-004.hana.ondemand.com/"}
RESULT: undefined
COMMAND: GET /session/130ef63994e902c9deb83fe717a4bbca/screenshot - {}
RESULT: {}
RESULT: {}
RESULT: {"using":"css selector","value":"#j_username"}
COMMAND: POST /session/130ef63994e902c9deb83fe717a4bbca/element - {"using":"css selector","value":"#shell-header-logo"}
RESULT: {}
RESULT: {"using":"css selector","value":"#shell-header-logo"}
COMMAND: POST /session/130ef63994e902c9deb83fe717a4bbca/execute/sync - {"script":"<script> [8489 bytes]","args":[{"element-6066-11e4-a52e-4f735466cecf":"f.DBA113373209FD8E36DE67C53790246B.d.073C712EB8C755B931716A67BB6F7284.e.15563","ELEMENT":"f.DBA113373209FD8E36DE67C53790246B.d.073C712EB8C755B931716A67BB6F7284.e.15563"}]}
RESULT: {"script":"<script> [8489 bytes]","args":[{"element-6066-11e4-a52e-4f735466cecf":"f.DBA113373209FD8E36DE67C53790246B.d.073C712EB8C755B931716A67BB6F7284.e.15563","ELEMENT":"f.DBA113373209FD8E36DE67C53790246B.d.073C712EB8C755B931716A67BB6F7284.e.15563"}]}
COMMAND: POST /session/130ef63994e902c9deb83fe717a4bbca/element - {"using":"css selector","value":"#shell-header-logo"}
COMMAND: GET /session/130ef63994e902c9deb83fe717a4bbca/screenshot - {}
RESULT: {"using":"css selector","value":"#shell-header-logo"}
COMMAND: POST /session/130ef63994e902c9deb83fe717a4bbca/execute/sync - {"script":"<script> [8489 bytes]","args":[{"element-6066-11e4-a52e-4f735466cecf":"f.DBA113373209FD8E36DE67C53790246B.d.073C712EB8C755B931716A67BB6F7284.e.15563","ELEMENT":"f.DBA113373209FD8E36DE67C53790246B.d.073C712EB8C755B931716A67BB6F7284.e.15563"}]}
RESULT: {}
RESULT: {"script":"<script> [8489 bytes]","args":[{"element-6066-11e4-a52e-4f735466cecf":"f.DBA113373209FD8E36DE67C53790246B.d.073C712EB8C755B931716A67BB6F7284.e.15563","ELEMENT":"f.DBA113373209FD8E36DE67C53790246B.d.073C712EB8C755B931716A67BB6F7284.e.15563"}]}
COMMAND: POST /session/130ef63994e902c9deb83fe717a4bbca/execute/sync - {"script":"<script> [5351 bytes]","args":[{"element-6066-11e4-a52e-4f735466cecf":"f.DBA113373209FD8E36DE67C53790246B.d.073C712EB8C755B931716A67BB6F7284.e.15563","ELEMENT":"f.DBA113373209FD8E36DE67C53790246B.d.073C712EB8C755B931716A67BB6F7284.e.15563"}]}
COMMAND: GET /session/130ef63994e902c9deb83fe717a4bbca/screenshot - {}
RESULT: {"script":"<script> [5351 bytes]","args":[{"element-6066-11e4-a52e-4f735466cecf":"f.DBA113373209FD8E36DE67C53790246B.d.073C712EB8C755B931716A67BB6F7284.e.15563","ELEMENT":"f.DBA113373209FD8E36DE67C53790246B.d.073C712EB8C755B931716A67BB6F7284.e.15563"}]}
COMMAND: POST /session/130ef63994e902c9deb83fe717a4bbca/element - {"using":"css selector","value":"#shell-header-logo"}
COMMAND: GET /session/130ef63994e902c9deb83fe717a4bbca/screenshot - {}
RESULT: {}
RESULT: {"using":"css selector","value":"#shell-header-logo"}
COMMAND: POST /session/130ef63994e902c9deb83fe717a4bbca/element/f.DBA113373209FD8E36DE67C53790246B.d.073C712EB8C755B931716A67BB6F7284.e.15563/click - {}
RESULT: {}
RESULT: {}
COMMAND: GET /session/130ef63994e902c9deb83fe717a4bbca/screenshot - {}
RESULT: {}
COMMAND: POST /session/130ef63994e902c9deb83fe717a4bbca/execute/async - {"script":"<script> [189 bytes]","args":[]}
RESULT: {"script":"<script> [189 bytes]","args":[]}
COMMAND: POST /session/130ef63994e902c9deb83fe717a4bbca/execute/async - {"script":"<script> [123 bytes]","args":[]}
RESULT: {"script":"<script> [123 bytes]","args":[]}
COMMAND: POST /session/130ef63994e902c9deb83fe717a4bbca/timeouts - {"script":"<number>"}
RESULT: {"script":"<number>"}
COMMAND: GET /session/130ef63994e902c9deb83fe717a4bbca/timeouts - {}
RESULT: {}
RESULT: undefined
COMMAND: POST /session/130ef63994e902c9deb83fe717a4bbca/execute/async - {"script":"<script> [2676 bytes]","args":[]}
RESULT: {"script":"<script> [2676 bytes]","args":[]}
COMMAND: POST /session/130ef63994e902c9deb83fe717a4bbca/execute/async - {"script":"<script> [2342 bytes]","args":[{"protocol":"http","hostname":"0.0.0.0","path":"/","capabilities":{"browserName":"chrome","goog:chromeOptions":{"binary":"C:\\Program Files\\Google\\Chrome\\Application\\chrome.exe","args":["--start-maximized"]}},"logLevel":"warn","connectionRetryTimeout":120000,"connectionRetryCount":3,"logLevels":{},"enableDirectConnect":true,"strictSSL":true,"_":"65 more keys: [\"cacheDir\",\"port\",\"requestedCapabilities\",\"automationProtocol\",\"baseUrl\",\"waitforInterval\",\"waitforTimeout\",\"onReload\",\"beforeCommand\",\"afterCommand\",\"rootDir\",\"specs\",\"suites\",\"exclude\",\"groupLogsByTestSpec\",\"excludeDriverLogs\",\"bail\",\"framework\",\"reporters\",\"services\",\"maxInstances\",\"maxInstancesPerCapability\",\"injectGlobals\",\"filesToWatch\",\"execArgv\",\"runnerEnv\",\"runner\",\"shard\",\"specFileRetries\",\"specFileRetriesDelay\",\"specFileRetriesDeferred\",\"reporterSyncInterval\",\"reporterSyncTimeout\",\"cucumberFeaturesWithLineNumbers\",\"autoCompileOpts\",\"mochaOpts\",\"jasmineOpts\",\"cucumberOpts\",\"onPrepare\",\"onWorkerStart\",\"onWorkerEnd\",\"before\",\"beforeSession\",\"beforeSuite\",\"beforeHook\",\"beforeTest\",\"afterTest\",\"afterHook\",\"afterSuite\",\"afterSession\",\"after\",\"onComplete\",\"beforeAssertion\",\"afterAssertion\",\"beforeFeature\",\"beforeScenario\",\"beforeStep\",\"afterStep\",\"afterScenario\",\"afterFeature\",\"_\",\"suite\",\"$0\",\"ignoredWorkerServices\",\"wdi5\"]"}]}
RESULT: {"script":"<script> [2342 bytes]","args":[{"protocol":"http","hostname":"0.0.0.0","path":"/","capabilities":{"browserName":"chrome","goog:chromeOptions":{"binary":"C:\\Program Files\\Google\\Chrome\\Application\\chrome.exe","args":["--start-maximized"]}},"logLevel":"warn","connectionRetryTimeout":120000,"connectionRetryCount":3,"logLevels":{},"enableDirectConnect":true,"strictSSL":true,"_":"65 more keys: [\"cacheDir\",\"port\",\"requestedCapabilities\",\"automationProtocol\",\"baseUrl\",\"waitforInterval\",\"waitforTimeout\",\"onReload\",\"beforeCommand\",\"afterCommand\",\"rootDir\",\"specs\",\"suites\",\"exclude\",\"groupLogsByTestSpec\",\"excludeDriverLogs\",\"bail\",\"framework\",\"reporters\",\"services\",\"maxInstances\",\"maxInstancesPerCapability\",\"injectGlobals\",\"filesToWatch\",\"execArgv\",\"runnerEnv\",\"runner\",\"shard\",\"specFileRetries\",\"specFileRetriesDelay\",\"specFileRetriesDeferred\",\"reporterSyncInterval\",\"reporterSyncTimeout\",\"cucumberFeaturesWithLineNumbers\",\"autoCompileOpts\",\"mochaOpts\",\"jasmineOpts\",\"cucumberOpts\",\"onPrepare\",\"onWorkerStart\",\"onWorkerEnd\",\"before\",\"beforeSession\",\"beforeSuite\",\"beforeHook\",\"beforeTest\",\"afterTest\",\"afterHook\",\"afterSuite\",\"afterSession\",\"after\",\"onComplete\",\"beforeAssertion\",\"afterAssertion\",\"beforeFeature\",\"beforeScenario\",\"beforeStep\",\"afterStep\",\"afterScenario\",\"afterFeature\",\"_\",\"suite\",\"$0\",\"ignoredWorkerServices\",\"wdi5\"]"}]}
COMMAND: POST /session/130ef63994e902c9deb83fe717a4bbca/execute/async - {"script":"<script> [21126 bytes]","args":[35000]}
RESULT: {"script":"<script> [21126 bytes]","args":[35000]}
COMMAND: POST /session/130ef63994e902c9deb83fe717a4bbca/window/maximize - {}
RESULT: {}
COMMAND: POST /session/130ef63994e902c9deb83fe717a4bbca/execute/async - {"script":"<script> [1562 bytes]","args":[{"selector":{"id":"shell-header","interaction":{"idSuffix":"icon"}},"wdio_ui5_key":"shellheader"}]}
COMMAND: GET /session/130ef63994e902c9deb83fe717a4bbca/screenshot - {}
RESULT: {"script":"<script> [1562 bytes]","args":[{"selector":{"id":"shell-header","interaction":{"idSuffix":"icon"}},"wdio_ui5_key":"shellheader"}]}
RESULT: undefined
COMMAND: POST /session/130ef63994e902c9deb83fe717a4bbca/refresh - {}
RESULT: {}
RESULT: {}
COMMAND: GET /session/130ef63994e902c9deb83fe717a4bbca/screenshot - {}
RESULT: {}
COMMAND: POST /session/130ef63994e902c9deb83fe717a4bbca/refresh - {}
RESULT: {}
COMMAND: GET /session/130ef63994e902c9deb83fe717a4bbca/screenshot - {}
RESULT: {}
COMMAND: POST /session/130ef63994e902c9deb83fe717a4bbca/window/fullscreen - {}
RESULT: {}
COMMAND: POST /session/130ef63994e902c9deb83fe717a4bbca/execute/async - {"script":"<script> [189 bytes]","args":[]}
RESULT: {"script":"<script> [189 bytes]","args":[]}
COMMAND: POST /session/130ef63994e902c9deb83fe717a4bbca/execute/async - {"script":"<script> [123 bytes]","args":[]}
RESULT: {"script":"<script> [123 bytes]","args":[]}
COMMAND: POST /session/130ef63994e902c9deb83fe717a4bbca/timeouts - {"script":"<number>"}
RESULT: {"script":"<number>"}
COMMAND: GET /session/130ef63994e902c9deb83fe717a4bbca/timeouts - {}
RESULT: {}
RESULT: undefined
COMMAND: POST /session/130ef63994e902c9deb83fe717a4bbca/execute/async - {"script":"<script> [2676 bytes]","args":[]}
RESULT: {"script":"<script> [2676 bytes]","args":[]}
COMMAND: POST /session/130ef63994e902c9deb83fe717a4bbca/execute/async - {"script":"<script> [2342 bytes]","args":[{"protocol":"http","hostname":"0.0.0.0","path":"/","capabilities":{"browserName":"chrome","goog:chromeOptions":{"binary":"C:\\Program Files\\Google\\Chrome\\Application\\chrome.exe","args":["--start-maximized"]}},"logLevel":"warn","connectionRetryTimeout":120000,"connectionRetryCount":3,"logLevels":{},"enableDirectConnect":true,"strictSSL":true,"_":"65 more keys: [\"cacheDir\",\"port\",\"requestedCapabilities\",\"automationProtocol\",\"baseUrl\",\"waitforInterval\",\"waitforTimeout\",\"onReload\",\"beforeCommand\",\"afterCommand\",\"rootDir\",\"specs\",\"suites\",\"exclude\",\"groupLogsByTestSpec\",\"excludeDriverLogs\",\"bail\",\"framework\",\"reporters\",\"services\",\"maxInstances\",\"maxInstancesPerCapability\",\"injectGlobals\",\"filesToWatch\",\"execArgv\",\"runnerEnv\",\"runner\",\"shard\",\"specFileRetries\",\"specFileRetriesDelay\",\"specFileRetriesDeferred\",\"reporterSyncInterval\",\"reporterSyncTimeout\",\"cucumberFeaturesWithLineNumbers\",\"autoCompileOpts\",\"mochaOpts\",\"jasmineOpts\",\"cucumberOpts\",\"onPrepare\",\"onWorkerStart\",\"onWorkerEnd\",\"before\",\"beforeSession\",\"beforeSuite\",\"beforeHook\",\"beforeTest\",\"afterTest\",\"afterHook\",\"afterSuite\",\"afterSession\",\"after\",\"onComplete\",\"beforeAssertion\",\"afterAssertion\",\"beforeFeature\",\"beforeScenario\",\"beforeStep\",\"afterStep\",\"afterScenario\",\"afterFeature\",\"_\",\"suite\",\"$0\",\"ignoredWorkerServices\",\"wdi5\"]"}]}
RESULT: {"script":"<script> [2342 bytes]","args":[{"protocol":"http","hostname":"0.0.0.0","path":"/","capabilities":{"browserName":"chrome","goog:chromeOptions":{"binary":"C:\\Program Files\\Google\\Chrome\\Application\\chrome.exe","args":["--start-maximized"]}},"logLevel":"warn","connectionRetryTimeout":120000,"connectionRetryCount":3,"logLevels":{},"enableDirectConnect":true,"strictSSL":true,"_":"65 more keys: [\"cacheDir\",\"port\",\"requestedCapabilities\",\"automationProtocol\",\"baseUrl\",\"waitforInterval\",\"waitforTimeout\",\"onReload\",\"beforeCommand\",\"afterCommand\",\"rootDir\",\"specs\",\"suites\",\"exclude\",\"groupLogsByTestSpec\",\"excludeDriverLogs\",\"bail\",\"framework\",\"reporters\",\"services\",\"maxInstances\",\"maxInstancesPerCapability\",\"injectGlobals\",\"filesToWatch\",\"execArgv\",\"runnerEnv\",\"runner\",\"shard\",\"specFileRetries\",\"specFileRetriesDelay\",\"specFileRetriesDeferred\",\"reporterSyncInterval\",\"reporterSyncTimeout\",\"cucumberFeaturesWithLineNumbers\",\"autoCompileOpts\",\"mochaOpts\",\"jasmineOpts\",\"cucumberOpts\",\"onPrepare\",\"onWorkerStart\",\"onWorkerEnd\",\"before\",\"beforeSession\",\"beforeSuite\",\"beforeHook\",\"beforeTest\",\"afterTest\",\"afterHook\",\"afterSuite\",\"afterSession\",\"after\",\"onComplete\",\"beforeAssertion\",\"afterAssertion\",\"beforeFeature\",\"beforeScenario\",\"beforeStep\",\"afterStep\",\"afterScenario\",\"afterFeature\",\"_\",\"suite\",\"$0\",\"ignoredWorkerServices\",\"wdi5\"]"}]}
COMMAND: POST /session/130ef63994e902c9deb83fe717a4bbca/execute/async - {"script":"<script> [21126 bytes]","args":[35000]}
RESULT: {"script":"<script> [21126 bytes]","args":[35000]}
]]></system-out>
      <system-err><![CDATA[
Error: Can't call click on element with selector "//bdi[contains(text(), "Trigger Calculation")]" because element wasn't found
    at async UtilsPrerequisites.manageBillingsTriggerCalculation (D:\a\1\s\test\specs\BTS\prerequisites-and-utils-functions.js:2756:9)
    at async Context.<anonymous> (D:\a\1\s\test\specs\BTS\billing-performance-workdays.spec.js:381:9)
]]></system-err>
    </testcase>
  </testsuite>
  <testsuite timestamp="2025-05-24T18:03:32" time="1327.308" tests="20" failures="6" errors="6" skipped="0">
    <properties>
      <property name="specId" value="0"/>
      <property name="suiteName" value="Billing Calculation - Time based (considering transport times) US139738"/>
      <property name="capabilities" value="chrome.136_0_7103_93.windows"/>
      <property name="file" value="file:///D:/a/1/s/test/specs/BTS/billing-calculation-transp-times.spec.js"/>
    </properties>
    <testcase classname="chrome.136_0_7103_93.windows.Billing_Calculation_-_Time_based_(considering_transport_times)_US139738" name="Should create a new yard" time="0.013">
      <system-out><![CDATA[
COMMAND: POST /session/130ef63994e902c9deb83fe717a4bbca/window/fullscreen - {}
RESULT: {}
]]></system-out>
    </testcase>
    <testcase classname="chrome.136_0_7103_93.windows.Billing_Calculation_-_Time_based_(considering_transport_times)_US139738" name="Should create a new partner" time="0.004"/>
    <testcase classname="chrome.136_0_7103_93.windows.Billing_Calculation_-_Time_based_(considering_transport_times)_US139738" name="Should create a new site" time="0.004"/>
    <testcase classname="chrome.136_0_7103_93.windows.Billing_Calculation_-_Time_based_(considering_transport_times)_US139738" name="Should create the equipment" time="156.332">
      <system-out><![CDATA[
COMMAND: POST /session/130ef63994e902c9deb83fe717a4bbca/execute/async - {"script":"<script> [1562 bytes]","args":[{"selector":{"controlType":"sap.m.GenericTile","properties":{"header":"Manage Resources"}},"wdio_ui5_key":"sapm.GenericTile{\"header\":\"Manage Resources\"}"}]}
RESULT: {"script":"<script> [1562 bytes]","args":[{"selector":{"controlType":"sap.m.GenericTile","properties":{"header":"Manage Resources"}},"wdio_ui5_key":"sapm.GenericTile{\"header\":\"Manage Resources\"}"}]}
RESULT: undefined
COMMAND: POST /session/130ef63994e902c9deb83fe717a4bbca/element - {"using":"xpath","value":"//*[@id=\"__tile39\"]"}
RESULT: {"using":"xpath","value":"//*[@id=\"__tile39\"]"}
COMMAND: POST /session/130ef63994e902c9deb83fe717a4bbca/element/f.DBA113373209FD8E36DE67C53790246B.d.557E9C6851192A9364F1F660F10062A8.e.15715/click - {}
RESULT: {}
COMMAND: GET /session/130ef63994e902c9deb83fe717a4bbca/screenshot - {}
RESULT: {}
COMMAND: POST /session/130ef63994e902c9deb83fe717a4bbca/elements - {"using":"xpath","value":"//span[text()='Error']"}
RESULT: {"using":"xpath","value":"//span[text()='Error']"}
COMMAND: POST /session/130ef63994e902c9deb83fe717a4bbca/element - {"using":"xpath","value":"//button[@data-kt=\"addNewRUOverflowToolbarButton\"]"}
RESULT: {"using":"xpath","value":"//button[@data-kt=\"addNewRUOverflowToolbarButton\"]"}
COMMAND: POST /session/130ef63994e902c9deb83fe717a4bbca/elements - {"using":"xpath","value":"//button[@data-kt=\"addNewRUOverflowToolbarButton\"]"}
RESULT: {"using":"xpath","value":"//button[@data-kt=\"addNewRUOverflowToolbarButton\"]"}
COMMAND: POST /session/130ef63994e902c9deb83fe717a4bbca/elements - {"using":"xpath","value":"//button[@data-kt=\"addNewRUOverflowToolbarButton\"]"}
RESULT: {"using":"xpath","value":"//button[@data-kt=\"addNewRUOverflowToolbarButton\"]"}
COMMAND: POST /session/130ef63994e902c9deb83fe717a4bbca/elements - {"using":"xpath","value":"//button[@data-kt=\"addNewRUOverflowToolbarButton\"]"}
RESULT: {"using":"xpath","value":"//button[@data-kt=\"addNewRUOverflowToolbarButton\"]"}
COMMAND: POST /session/130ef63994e902c9deb83fe717a4bbca/element - {"using":"xpath","value":"//button[@data-kt=\"addNewRUOverflowToolbarButton\"]"}
RESULT: {"using":"xpath","value":"//button[@data-kt=\"addNewRUOverflowToolbarButton\"]"}
COMMAND: POST /session/130ef63994e902c9deb83fe717a4bbca/execute/sync - {"script":"<script> [8489 bytes]","args":[{"element-6066-11e4-a52e-4f735466cecf":"f.DBA113373209FD8E36DE67C53790246B.d.557E9C6851192A9364F1F660F10062A8.e.15849","ELEMENT":"f.DBA113373209FD8E36DE67C53790246B.d.557E9C6851192A9364F1F660F10062A8.e.15849"}]}
RESULT: {"script":"<script> [8489 bytes]","args":[{"element-6066-11e4-a52e-4f735466cecf":"f.DBA113373209FD8E36DE67C53790246B.d.557E9C6851192A9364F1F660F10062A8.e.15849","ELEMENT":"f.DBA113373209FD8E36DE67C53790246B.d.557E9C6851192A9364F1F660F10062A8.e.15849"}]}
COMMAND: GET /session/130ef63994e902c9deb83fe717a4bbca/element/f.DBA113373209FD8E36DE67C53790246B.d.557E9C6851192A9364F1F660F10062A8.e.15849/enabled - {}
COMMAND: GET /session/130ef63994e902c9deb83fe717a4bbca/screenshot - {}
RESULT: {}
COMMAND: POST /session/130ef63994e902c9deb83fe717a4bbca/execute/sync - {"script":"<script> [8489 bytes]","args":[{"element-6066-11e4-a52e-4f735466cecf":"f.DBA113373209FD8E36DE67C53790246B.d.557E9C6851192A9364F1F660F10062A8.e.15849","ELEMENT":"f.DBA113373209FD8E36DE67C53790246B.d.557E9C6851192A9364F1F660F10062A8.e.15849"}]}
COMMAND: GET /session/130ef63994e902c9deb83fe717a4bbca/screenshot - {}
RESULT: {}
RESULT: {"script":"<script> [8489 bytes]","args":[{"element-6066-11e4-a52e-4f735466cecf":"f.DBA113373209FD8E36DE67C53790246B.d.557E9C6851192A9364F1F660F10062A8.e.15849","ELEMENT":"f.DBA113373209FD8E36DE67C53790246B.d.557E9C6851192A9364F1F660F10062A8.e.15849"}]}
COMMAND: POST /session/130ef63994e902c9deb83fe717a4bbca/execute/sync - {"script":"<script> [5351 bytes]","args":[{"element-6066-11e4-a52e-4f735466cecf":"f.DBA113373209FD8E36DE67C53790246B.d.557E9C6851192A9364F1F660F10062A8.e.15849","ELEMENT":"f.DBA113373209FD8E36DE67C53790246B.d.557E9C6851192A9364F1F660F10062A8.e.15849"}]}
RESULT: {}
COMMAND: GET /session/130ef63994e902c9deb83fe717a4bbca/screenshot - {}
RESULT: {"script":"<script> [5351 bytes]","args":[{"element-6066-11e4-a52e-4f735466cecf":"f.DBA113373209FD8E36DE67C53790246B.d.557E9C6851192A9364F1F660F10062A8.e.15849","ELEMENT":"f.DBA113373209FD8E36DE67C53790246B.d.557E9C6851192A9364F1F660F10062A8.e.15849"}]}
COMMAND: POST /session/130ef63994e902c9deb83fe717a4bbca/element/f.DBA113373209FD8E36DE67C53790246B.d.557E9C6851192A9364F1F660F10062A8.e.15849/click - {}
COMMAND: GET /session/130ef63994e902c9deb83fe717a4bbca/screenshot - {}
RESULT: {}
RESULT: {}
COMMAND: GET /session/130ef63994e902c9deb83fe717a4bbca/screenshot - {}
COMMAND: POST /session/130ef63994e902c9deb83fe717a4bbca/execute/async - {"script":"<script> [1562 bytes]","args":[{"selector":{"id":"application-manageresources-display-component---newResourceUnit--TYPE-arrow"},"wdio_ui5_key":"applicationmanageresources-display-component---newResourceUnit--TYPE-arrow"}]}
RESULT: {}
RESULT: {}
RESULT: {"script":"<script> [1562 bytes]","args":[{"selector":{"id":"application-manageresources-display-component---newResourceUnit--TYPE-arrow"},"wdio_ui5_key":"applicationmanageresources-display-component---newResourceUnit--TYPE-arrow"}]}
RESULT: undefined
COMMAND: POST /session/130ef63994e902c9deb83fe717a4bbca/element - {"using":"xpath","value":"//*[@id=\"application-manageresources-display-component---newResourceUnit--TYPE-arrow\"]"}
RESULT: {"using":"xpath","value":"//*[@id=\"application-manageresources-display-component---newResourceUnit--TYPE-arrow\"]"}
COMMAND: POST /session/130ef63994e902c9deb83fe717a4bbca/element/f.DBA113373209FD8E36DE67C53790246B.d.557E9C6851192A9364F1F660F10062A8.e.16206/click - {}
RESULT: {}
COMMAND: POST /session/130ef63994e902c9deb83fe717a4bbca/element - {"using":"xpath","value":"//input[@id=\"application-manageresources-display-component---newResourceUnit--TYPE-inner\"]"}
COMMAND: GET /session/130ef63994e902c9deb83fe717a4bbca/screenshot - {}
RESULT: {"using":"xpath","value":"//input[@id=\"application-manageresources-display-component---newResourceUnit--TYPE-inner\"]"}
COMMAND: POST /session/130ef63994e902c9deb83fe717a4bbca/element/f.DBA113373209FD8E36DE67C53790246B.d.557E9C6851192A9364F1F660F10062A8.e.16202/clear - {}
RESULT: {}
RESULT: {}
COMMAND: POST /session/130ef63994e902c9deb83fe717a4bbca/element/f.DBA113373209FD8E36DE67C53790246B.d.557E9C6851192A9364F1F660F10062A8.e.16202/value - {"text":"Equipment"}
COMMAND: GET /session/130ef63994e902c9deb83fe717a4bbca/screenshot - {}
RESULT: {"text":"Equipment"}
COMMAND: GET /session/130ef63994e902c9deb83fe717a4bbca/screenshot - {}
RESULT: {}
RESULT: {}
COMMAND: POST /session/130ef63994e902c9deb83fe717a4bbca/actions - {"actions":[{"id":"action63","type":"key","parameters":{},"actions":[{"type":"keyDown","value":""},{"type":"pause","duration":10},{"type":"keyUp","value":""}]}]}
RESULT: {"actions":[{"id":"action63","type":"key","parameters":{},"actions":[{"type":"keyDown","value":""},{"type":"pause","duration":10},{"type":"keyUp","value":""}]}]}
COMMAND: POST /session/130ef63994e902c9deb83fe717a4bbca/execute/async - {"script":"<script> [1562 bytes]","args":[{"selector":{"id":"application-manageresources-display-component---newResourceUnit--resourceId","interaction":{"idSuffix":"inner"}},"wdio_ui5_key":"applicationmanageresources-display-component---newResourceUnit--resourceId"}]}
COMMAND: GET /session/130ef63994e902c9deb83fe717a4bbca/screenshot - {}
RESULT: {"script":"<script> [1562 bytes]","args":[{"selector":{"id":"application-manageresources-display-component---newResourceUnit--resourceId","interaction":{"idSuffix":"inner"}},"wdio_ui5_key":"applicationmanageresources-display-component---newResourceUnit--resourceId"}]}
RESULT: undefined
COMMAND: POST /session/130ef63994e902c9deb83fe717a4bbca/execute/async - {"script":"<script> [776 bytes]","args":[{"enterText":"1TNF7APpgz","selector":{"id":"application-manageresources-display-component---newResourceUnit--resourceId","interaction":{"idSuffix":"inner"}},"clearTextFirst":true,"interactionType":"ENTER_TEXT"}]}
RESULT: {}
RESULT: {"script":"<script> [776 bytes]","args":[{"enterText":"1TNF7APpgz","selector":{"id":"application-manageresources-display-component---newResourceUnit--resourceId","interaction":{"idSuffix":"inner"}},"clearTextFirst":true,"interactionType":"ENTER_TEXT"}]}
COMMAND: POST /session/130ef63994e902c9deb83fe717a4bbca/execute/async - {"script":"<script> [1562 bytes]","args":[{"selector":{"id":"application-manageresources-display-component---newResourceUnit--SHORT_TEXT","interaction":{"idSuffix":"inner"}},"wdio_ui5_key":"applicationmanageresources-display-component---newResourceUnit--SHORT_TEXT"}]}
RESULT: {"script":"<script> [1562 bytes]","args":[{"selector":{"id":"application-manageresources-display-component---newResourceUnit--SHORT_TEXT","interaction":{"idSuffix":"inner"}},"wdio_ui5_key":"applicationmanageresources-display-component---newResourceUnit--SHORT_TEXT"}]}
RESULT: undefined
COMMAND: POST /session/130ef63994e902c9deb83fe717a4bbca/execute/async - {"script":"<script> [776 bytes]","args":[{"enterText":"Intercompany Equipment WDIO","selector":{"id":"application-manageresources-display-component---newResourceUnit--SHORT_TEXT","interaction":{"idSuffix":"inner"}},"clearTextFirst":true,"interactionType":"ENTER_TEXT"}]}
RESULT: {"script":"<script> [776 bytes]","args":[{"enterText":"Intercompany Equipment WDIO","selector":{"id":"application-manageresources-display-component---newResourceUnit--SHORT_TEXT","interaction":{"idSuffix":"inner"}},"clearTextFirst":true,"interactionType":"ENTER_TEXT"}]}
COMMAND: POST /session/130ef63994e902c9deb83fe717a4bbca/execute/async - {"script":"<script> [1562 bytes]","args":[{"selector":{"id":"application-manageresources-display-component---newResourceUnit--BASE_UNIT_OF_MEASURE","interaction":{"idSuffix":"inner"}},"wdio_ui5_key":"applicationmanageresources-display-component---newResourceUnit--BASE_UNIT_OF_MEASURE"}]}
RESULT: {"script":"<script> [1562 bytes]","args":[{"selector":{"id":"application-manageresources-display-component---newResourceUnit--BASE_UNIT_OF_MEASURE","interaction":{"idSuffix":"inner"}},"wdio_ui5_key":"applicationmanageresources-display-component---newResourceUnit--BASE_UNIT_OF_MEASURE"}]}
RESULT: undefined
COMMAND: POST /session/130ef63994e902c9deb83fe717a4bbca/execute/async - {"script":"<script> [776 bytes]","args":[{"enterText":"Piece","selector":{"id":"application-manageresources-display-component---newResourceUnit--BASE_UNIT_OF_MEASURE","interaction":{"idSuffix":"inner"}},"clearTextFirst":true,"interactionType":"ENTER_TEXT"}]}
RESULT: {"script":"<script> [776 bytes]","args":[{"enterText":"Piece","selector":{"id":"application-manageresources-display-component---newResourceUnit--BASE_UNIT_OF_MEASURE","interaction":{"idSuffix":"inner"}},"clearTextFirst":true,"interactionType":"ENTER_TEXT"}]}
COMMAND: POST /session/130ef63994e902c9deb83fe717a4bbca/execute/async - {"script":"<script> [1562 bytes]","args":[{"selector":{"id":"application-manageresources-display-component---newResourceUnit--WEIGHT_UNIT","interaction":{"idSuffix":"inner"}},"wdio_ui5_key":"applicationmanageresources-display-component---newResourceUnit--WEIGHT_UNIT"}]}
RESULT: {"script":"<script> [1562 bytes]","args":[{"selector":{"id":"application-manageresources-display-component---newResourceUnit--WEIGHT_UNIT","interaction":{"idSuffix":"inner"}},"wdio_ui5_key":"applicationmanageresources-display-component---newResourceUnit--WEIGHT_UNIT"}]}
RESULT: undefined
COMMAND: POST /session/130ef63994e902c9deb83fe717a4bbca/execute/async - {"script":"<script> [776 bytes]","args":[{"enterText":"Gram","selector":{"id":"application-manageresources-display-component---newResourceUnit--WEIGHT_UNIT","interaction":{"idSuffix":"inner"}},"clearTextFirst":true,"interactionType":"ENTER_TEXT"}]}
RESULT: {"script":"<script> [776 bytes]","args":[{"enterText":"Gram","selector":{"id":"application-manageresources-display-component---newResourceUnit--WEIGHT_UNIT","interaction":{"idSuffix":"inner"}},"clearTextFirst":true,"interactionType":"ENTER_TEXT"}]}
COMMAND: POST /session/130ef63994e902c9deb83fe717a4bbca/execute/async - {"script":"<script> [1562 bytes]","args":[{"selector":{"id":"application-manageresources-display-component---newResourceUnit--DIMENSION_UNIT","interaction":{"idSuffix":"inner"}},"wdio_ui5_key":"applicationmanageresources-display-component---newResourceUnit--DIMENSION_UNIT"}]}
RESULT: {"script":"<script> [1562 bytes]","args":[{"selector":{"id":"application-manageresources-display-component---newResourceUnit--DIMENSION_UNIT","interaction":{"idSuffix":"inner"}},"wdio_ui5_key":"applicationmanageresources-display-component---newResourceUnit--DIMENSION_UNIT"}]}
RESULT: undefined
COMMAND: POST /session/130ef63994e902c9deb83fe717a4bbca/execute/async - {"script":"<script> [776 bytes]","args":[{"enterText":"Meter","selector":{"id":"application-manageresources-display-component---newResourceUnit--DIMENSION_UNIT","interaction":{"idSuffix":"inner"}},"clearTextFirst":true,"interactionType":"ENTER_TEXT"}]}
RESULT: {"script":"<script> [776 bytes]","args":[{"enterText":"Meter","selector":{"id":"application-manageresources-display-component---newResourceUnit--DIMENSION_UNIT","interaction":{"idSuffix":"inner"}},"clearTextFirst":true,"interactionType":"ENTER_TEXT"}]}
COMMAND: POST /session/130ef63994e902c9deb83fe717a4bbca/execute/async - {"script":"<script> [1562 bytes]","args":[{"selector":{"id":"application-manageresources-display-component---newResourceUnit--newRRUPage-anchBar-application-manageresources-display-component---newResourceUnit--control-anchor","interaction":{"idSuffix":"BDI-content"}},"wdio_ui5_key":"applicationmanageresources-display-component---newResourceUnit--newRRUPage-anchBar-application-manageresources-display-component---newResourceUnit--control-anchor"}]}
RESULT: {"script":"<script> [1562 bytes]","args":[{"selector":{"id":"application-manageresources-display-component---newResourceUnit--newRRUPage-anchBar-application-manageresources-display-component---newResourceUnit--control-anchor","interaction":{"idSuffix":"BDI-content"}},"wdio_ui5_key":"applicationmanageresources-display-component---newResourceUnit--newRRUPage-anchBar-application-manageresources-display-component---newResourceUnit--control-anchor"}]}
RESULT: undefined
COMMAND: POST /session/130ef63994e902c9deb83fe717a4bbca/element - {"using":"xpath","value":"//*[@id=\"application-manageresources-display-component---newResourceUnit--newRRUPage-anchBar-application-manageresources-display-component---newResourceUnit--control-anchor\"]"}
RESULT: {"using":"xpath","value":"//*[@id=\"application-manageresources-display-component---newResourceUnit--newRRUPage-anchBar-application-manageresources-display-component---newResourceUnit--control-anchor\"]"}
COMMAND: POST /session/130ef63994e902c9deb83fe717a4bbca/element/f.DBA113373209FD8E36DE67C53790246B.d.557E9C6851192A9364F1F660F10062A8.e.16364/click - {}
RESULT: {}
COMMAND: POST /session/130ef63994e902c9deb83fe717a4bbca/execute/async - {"script":"<script> [1562 bytes]","args":[{"selector":{"id":"application-manageresources-display-component---newResourceUnit--PLANNING_GROUP","interaction":{"idSuffix":"inner"}},"wdio_ui5_key":"applicationmanageresources-display-component---newResourceUnit--PLANNING_GROUP"}]}
COMMAND: GET /session/130ef63994e902c9deb83fe717a4bbca/screenshot - {}
RESULT: {"script":"<script> [1562 bytes]","args":[{"selector":{"id":"application-manageresources-display-component---newResourceUnit--PLANNING_GROUP","interaction":{"idSuffix":"inner"}},"wdio_ui5_key":"applicationmanageresources-display-component---newResourceUnit--PLANNING_GROUP"}]}
RESULT: undefined
COMMAND: POST /session/130ef63994e902c9deb83fe717a4bbca/execute/async - {"script":"<script> [776 bytes]","args":[{"enterText":"Heavy Equi","selector":{"id":"application-manageresources-display-component---newResourceUnit--PLANNING_GROUP","interaction":{"idSuffix":"inner"}},"clearTextFirst":true,"interactionType":"ENTER_TEXT"}]}
RESULT: {}
RESULT: {"script":"<script> [776 bytes]","args":[{"enterText":"Heavy Equi","selector":{"id":"application-manageresources-display-component---newResourceUnit--PLANNING_GROUP","interaction":{"idSuffix":"inner"}},"clearTextFirst":true,"interactionType":"ENTER_TEXT"}]}
COMMAND: POST /session/130ef63994e902c9deb83fe717a4bbca/execute/async - {"script":"<script> [1562 bytes]","args":[{"selector":{"id":"application-manageresources-display-component---newResourceUnit--ITEM_TYPE-arrow"},"wdio_ui5_key":"applicationmanageresources-display-component---newResourceUnit--ITEM_TYPE-arrow"}]}
RESULT: {"script":"<script> [1562 bytes]","args":[{"selector":{"id":"application-manageresources-display-component---newResourceUnit--ITEM_TYPE-arrow"},"wdio_ui5_key":"applicationmanageresources-display-component---newResourceUnit--ITEM_TYPE-arrow"}]}
RESULT: undefined
COMMAND: POST /session/130ef63994e902c9deb83fe717a4bbca/element - {"using":"xpath","value":"//*[@id=\"application-manageresources-display-component---newResourceUnit--ITEM_TYPE-arrow\"]"}
RESULT: {"using":"xpath","value":"//*[@id=\"application-manageresources-display-component---newResourceUnit--ITEM_TYPE-arrow\"]"}
COMMAND: POST /session/130ef63994e902c9deb83fe717a4bbca/element/f.DBA113373209FD8E36DE67C53790246B.d.557E9C6851192A9364F1F660F10062A8.e.16371/click - {}
RESULT: {}
COMMAND: POST /session/130ef63994e902c9deb83fe717a4bbca/element - {"using":"xpath","value":"(//span[contains(text(), \"Resource Unit\")])[2]"}
COMMAND: GET /session/130ef63994e902c9deb83fe717a4bbca/screenshot - {}
RESULT: {"using":"xpath","value":"(//span[contains(text(), \"Resource Unit\")])[2]"}
COMMAND: POST /session/130ef63994e902c9deb83fe717a4bbca/element/f.DBA113373209FD8E36DE67C53790246B.d.557E9C6851192A9364F1F660F10062A8.e.16372/click - {}
RESULT: {}
RESULT: {}
COMMAND: GET /session/130ef63994e902c9deb83fe717a4bbca/screenshot - {}
RESULT: {}
COMMAND: POST /session/130ef63994e902c9deb83fe717a4bbca/element - {"using":"css selector","value":"#application-manageresources-display-component---newResourceUnit--btnAddTimeSegment"}
RESULT: {"using":"css selector","value":"#application-manageresources-display-component---newResourceUnit--btnAddTimeSegment"}
COMMAND: GET /session/130ef63994e902c9deb83fe717a4bbca/element/f.DBA113373209FD8E36DE67C53790246B.d.557E9C6851192A9364F1F660F10062A8.e.16379/rect - {}
RESULT: {}
COMMAND: GET /session/130ef63994e902c9deb83fe717a4bbca/window/rect - {}
RESULT: {}
COMMAND: POST /session/130ef63994e902c9deb83fe717a4bbca/execute/sync - {"script":"<script> [92 bytes]","args":[]}
RESULT: {"script":"<script> [92 bytes]","args":[]}
COMMAND: POST /session/130ef63994e902c9deb83fe717a4bbca/actions - {"actions":[{"id":"action64","type":"wheel","parameters":{},"actions":[{"type":"scroll","x":-1888,"y":-32,"deltaX":0,"deltaY":0,"duration":0,"origin":{"element-6066-11e4-a52e-4f735466cecf":"f.DBA113373209FD8E36DE67C53790246B.d.557E9C6851192A9364F1F660F10062A8.e.16379"}}]}]}
COMMAND: GET /session/130ef63994e902c9deb83fe717a4bbca/screenshot - {}
RESULT: {}
COMMAND: POST /session/130ef63994e902c9deb83fe717a4bbca/execute/sync - {"script":"<script> [79 bytes]","args":[{"element-6066-11e4-a52e-4f735466cecf":"f.DBA113373209FD8E36DE67C53790246B.d.557E9C6851192A9364F1F660F10062A8.e.16379","ELEMENT":"f.DBA113373209FD8E36DE67C53790246B.d.557E9C6851192A9364F1F660F10062A8.e.16379"},{"block":"start","inline":"nearest"}]}
RESULT: {"script":"<script> [79 bytes]","args":[{"element-6066-11e4-a52e-4f735466cecf":"f.DBA113373209FD8E36DE67C53790246B.d.557E9C6851192A9364F1F660F10062A8.e.16379","ELEMENT":"f.DBA113373209FD8E36DE67C53790246B.d.557E9C6851192A9364F1F660F10062A8.e.16379"},{"block":"start","inline":"nearest"}]}
COMMAND: POST /session/130ef63994e902c9deb83fe717a4bbca/execute/async - {"script":"<script> [1562 bytes]","args":[{"selector":{"id":"application-manageresources-display-component---newResourceUnit--btnAddTimeSegment","interaction":{"idSuffix":"inner"}},"wdio_ui5_key":"applicationmanageresources-display-component---newResourceUnit--btnAddTimeSegment"}]}
COMMAND: GET /session/130ef63994e902c9deb83fe717a4bbca/screenshot - {}
RESULT: {"script":"<script> [1562 bytes]","args":[{"selector":{"id":"application-manageresources-display-component---newResourceUnit--btnAddTimeSegment","interaction":{"idSuffix":"inner"}},"wdio_ui5_key":"applicationmanageresources-display-component---newResourceUnit--btnAddTimeSegment"}]}
RESULT: undefined
COMMAND: POST /session/130ef63994e902c9deb83fe717a4bbca/element - {"using":"xpath","value":"//*[@id=\"application-manageresources-display-component---newResourceUnit--btnAddTimeSegment\"]"}
RESULT: {}
RESULT: {"using":"xpath","value":"//*[@id=\"application-manageresources-display-component---newResourceUnit--btnAddTimeSegment\"]"}
COMMAND: POST /session/130ef63994e902c9deb83fe717a4bbca/element/f.DBA113373209FD8E36DE67C53790246B.d.557E9C6851192A9364F1F660F10062A8.e.16379/click - {}
RESULT: {}
COMMAND: GET /session/130ef63994e902c9deb83fe717a4bbca/screenshot - {}
RESULT: {}
COMMAND: POST /session/130ef63994e902c9deb83fe717a4bbca/element - {"using":"xpath","value":"//input[@id=\"application-manageresources-display-component---newResourceUnit--idRuTSAdmin-application-manageresources-display-component---newResourceUnit--RUTimeSegment-0-inner\"]"}
RESULT: {"using":"xpath","value":"//input[@id=\"application-manageresources-display-component---newResourceUnit--idRuTSAdmin-application-manageresources-display-component---newResourceUnit--RUTimeSegment-0-inner\"]"}
COMMAND: POST /session/130ef63994e902c9deb83fe717a4bbca/element/f.DBA113373209FD8E36DE67C53790246B.d.557E9C6851192A9364F1F660F10062A8.e.16385/clear - {}
RESULT: {}
COMMAND: POST /session/130ef63994e902c9deb83fe717a4bbca/element/f.DBA113373209FD8E36DE67C53790246B.d.557E9C6851192A9364F1F660F10062A8.e.16385/value - {"text":"254"}
COMMAND: GET /session/130ef63994e902c9deb83fe717a4bbca/screenshot - {}
RESULT: {"text":"254"}
COMMAND: GET /session/130ef63994e902c9deb83fe717a4bbca/screenshot - {}
RESULT: {}
RESULT: {}
COMMAND: POST /session/130ef63994e902c9deb83fe717a4bbca/element - {"using":"xpath","value":"//li[.//span[text()='254']]"}
RESULT: {"using":"xpath","value":"//li[.//span[text()='254']]"}
COMMAND: POST /session/130ef63994e902c9deb83fe717a4bbca/element/f.DBA113373209FD8E36DE67C53790246B.d.557E9C6851192A9364F1F660F10062A8.e.16397/click - {}
RESULT: {}
COMMAND: GET /session/130ef63994e902c9deb83fe717a4bbca/screenshot - {}
RESULT: {}
COMMAND: POST /session/130ef63994e902c9deb83fe717a4bbca/element - {"using":"xpath","value":"(//span[contains(@id, \"-application-manageresources-display-component---newResourceUnit--RUTimeSegment-0-arrow\")])[6]"}
RESULT: {"using":"xpath","value":"(//span[contains(@id, \"-application-manageresources-display-component---newResourceUnit--RUTimeSegment-0-arrow\")])[6]"}
COMMAND: POST /session/130ef63994e902c9deb83fe717a4bbca/element/f.DBA113373209FD8E36DE67C53790246B.d.557E9C6851192A9364F1F660F10062A8.e.16398/click - {}
RESULT: {}
COMMAND: GET /session/130ef63994e902c9deb83fe717a4bbca/screenshot - {}
RESULT: {}
COMMAND: POST /session/130ef63994e902c9deb83fe717a4bbca/element - {"using":"xpath","value":"//span[contains(text(), \"PM Order\")]"}
RESULT: {"using":"xpath","value":"//span[contains(text(), \"PM Order\")]"}
COMMAND: POST /session/130ef63994e902c9deb83fe717a4bbca/element/f.DBA113373209FD8E36DE67C53790246B.d.557E9C6851192A9364F1F660F10062A8.e.16401/click - {}
RESULT: {}
COMMAND: GET /session/130ef63994e902c9deb83fe717a4bbca/screenshot - {}
RESULT: {}
COMMAND: POST /session/130ef63994e902c9deb83fe717a4bbca/element - {"using":"xpath","value":"(//span[contains(@id ,\"manageresources-display-component---newResourceUnit--RUTimeSegment-0-vhi\")])[1]"}
RESULT: {"using":"xpath","value":"(//span[contains(@id ,\"manageresources-display-component---newResourceUnit--RUTimeSegment-0-vhi\")])[1]"}
COMMAND: GET /session/130ef63994e902c9deb83fe717a4bbca/element/f.DBA113373209FD8E36DE67C53790246B.d.557E9C6851192A9364F1F660F10062A8.e.16405/rect - {}
RESULT: {}
COMMAND: GET /session/130ef63994e902c9deb83fe717a4bbca/window/rect - {}
RESULT: {}
COMMAND: POST /session/130ef63994e902c9deb83fe717a4bbca/execute/sync - {"script":"<script> [92 bytes]","args":[]}
RESULT: {"script":"<script> [92 bytes]","args":[]}
COMMAND: POST /session/130ef63994e902c9deb83fe717a4bbca/actions - {"actions":[{"id":"action65","type":"wheel","parameters":{},"actions":[{"type":"scroll","x":-869,"y":-24,"deltaX":0,"deltaY":0,"duration":0,"origin":{"element-6066-11e4-a52e-4f735466cecf":"f.DBA113373209FD8E36DE67C53790246B.d.557E9C6851192A9364F1F660F10062A8.e.16405"}}]}]}
COMMAND: GET /session/130ef63994e902c9deb83fe717a4bbca/screenshot - {}
RESULT: {"actions":[{"id":"action65","type":"wheel","parameters":{},"actions":[{"type":"scroll","x":-869,"y":-24,"deltaX":0,"deltaY":0,"duration":0,"origin":{"element-6066-11e4-a52e-4f735466cecf":"f.DBA113373209FD8E36DE67C53790246B.d.557E9C6851192A9364F1F660F10062A8.e.16405"}}]}]}
COMMAND: DELETE /session/130ef63994e902c9deb83fe717a4bbca/actions - {}
COMMAND: GET /session/130ef63994e902c9deb83fe717a4bbca/screenshot - {}
RESULT: {}
RESULT: {}
COMMAND: GET /session/130ef63994e902c9deb83fe717a4bbca/screenshot - {}
RESULT: {}
RESULT: {}
COMMAND: POST /session/130ef63994e902c9deb83fe717a4bbca/element/f.DBA113373209FD8E36DE67C53790246B.d.557E9C6851192A9364F1F660F10062A8.e.16405/click - {}
RESULT: {}
COMMAND: GET /session/130ef63994e902c9deb83fe717a4bbca/screenshot - {}
RESULT: {}
COMMAND: POST /session/130ef63994e902c9deb83fe717a4bbca/execute/async - {"script":"<script> [1562 bytes]","args":[{"selector":{"controlType":"sap.m.SearchField","properties":{"placeholder":"Search"},"searchOpenDialogs":true,"interaction":{"idSuffix":"I"}},"wdio_ui5_key":"sapm.SearchField{\"placeholder\":\"Search\"}"}]}
RESULT: {"script":"<script> [1562 bytes]","args":[{"selector":{"controlType":"sap.m.SearchField","properties":{"placeholder":"Search"},"searchOpenDialogs":true,"interaction":{"idSuffix":"I"}},"wdio_ui5_key":"sapm.SearchField{\"placeholder\":\"Search\"}"}]}
RESULT: undefined
COMMAND: POST /session/130ef63994e902c9deb83fe717a4bbca/execute/async - {"script":"<script> [776 bytes]","args":[{"enterText":"4000360","selector":{"controlType":"sap.m.SearchField","properties":{"placeholder":"Search"},"searchOpenDialogs":true,"interaction":{"idSuffix":"I"}},"clearTextFirst":true,"interactionType":"ENTER_TEXT"}]}
RESULT: {"script":"<script> [776 bytes]","args":[{"enterText":"4000360","selector":{"controlType":"sap.m.SearchField","properties":{"placeholder":"Search"},"searchOpenDialogs":true,"interaction":{"idSuffix":"I"}},"clearTextFirst":true,"interactionType":"ENTER_TEXT"}]}
COMMAND: POST /session/130ef63994e902c9deb83fe717a4bbca/actions - {"actions":[{"id":"action66","type":"key","parameters":{},"actions":[{"type":"keyDown","value":""},{"type":"pause","duration":10},{"type":"keyUp","value":""}]}]}
RESULT: {"actions":[{"id":"action66","type":"key","parameters":{},"actions":[{"type":"keyDown","value":""},{"type":"pause","duration":10},{"type":"keyUp","value":""}]}]}
COMMAND: GET /session/130ef63994e902c9deb83fe717a4bbca/screenshot - {}
RESULT: {}
COMMAND: POST /session/130ef63994e902c9deb83fe717a4bbca/element - {"using":"xpath","value":"//td/div/span[contains(text(), \"BGL Vehicles\")]"}
RESULT: {"using":"xpath","value":"//td/div/span[contains(text(), \"BGL Vehicles\")]"}
COMMAND: POST /session/130ef63994e902c9deb83fe717a4bbca/element/f.DBA113373209FD8E36DE67C53790246B.d.557E9C6851192A9364F1F660F10062A8.e.16427/click - {}
RESULT: {}
COMMAND: GET /session/130ef63994e902c9deb83fe717a4bbca/screenshot - {}
RESULT: {}
COMMAND: POST /session/130ef63994e902c9deb83fe717a4bbca/element - {"using":"xpath","value":"//bdi[contains(text(), \"OK\")]"}
RESULT: {"using":"xpath","value":"//bdi[contains(text(), \"OK\")]"}
COMMAND: POST /session/130ef63994e902c9deb83fe717a4bbca/element/f.DBA113373209FD8E36DE67C53790246B.d.557E9C6851192A9364F1F660F10062A8.e.16428/click - {}
RESULT: {}
COMMAND: GET /session/130ef63994e902c9deb83fe717a4bbca/screenshot - {}
RESULT: {}
COMMAND: POST /session/130ef63994e902c9deb83fe717a4bbca/execute/async - {"script":"<script> [1562 bytes]","args":[{"selector":{"id":"application-manageresources-display-component---newResourceUnit--newRRUPage-anchBar-application-manageresources-display-component---newResourceUnit--resource-anchor","interaction":{"idSuffix":"BDI-content"}},"wdio_ui5_key":"applicationmanageresources-display-component---newResourceUnit--newRRUPage-anchBar-application-manageresources-display-component---newResourceUnit--resource-anchor"}]}
RESULT: {"script":"<script> [1562 bytes]","args":[{"selector":{"id":"application-manageresources-display-component---newResourceUnit--newRRUPage-anchBar-application-manageresources-display-component---newResourceUnit--resource-anchor","interaction":{"idSuffix":"BDI-content"}},"wdio_ui5_key":"applicationmanageresources-display-component---newResourceUnit--newRRUPage-anchBar-application-manageresources-display-component---newResourceUnit--resource-anchor"}]}
RESULT: undefined
COMMAND: POST /session/130ef63994e902c9deb83fe717a4bbca/element - {"using":"xpath","value":"//*[@id=\"application-manageresources-display-component---newResourceUnit--newRRUPage-anchBar-application-manageresources-display-component---newResourceUnit--resource-anchor\"]"}
RESULT: {"using":"xpath","value":"//*[@id=\"application-manageresources-display-component---newResourceUnit--newRRUPage-anchBar-application-manageresources-display-component---newResourceUnit--resource-anchor\"]"}
COMMAND: POST /session/130ef63994e902c9deb83fe717a4bbca/element/f.DBA113373209FD8E36DE67C53790246B.d.557E9C6851192A9364F1F660F10062A8.e.16432/click - {}
RESULT: {}
COMMAND: POST /session/130ef63994e902c9deb83fe717a4bbca/execute/async - {"script":"<script> [1562 bytes]","args":[{"selector":{"id":"application-manageresources-display-component---newResourceUnit--PLANNED_DELIVERY_DATE","interaction":{"idSuffix":"inner"}},"wdio_ui5_key":"applicationmanageresources-display-component---newResourceUnit--PLANNED_DELIVERY_DATE"}]}
COMMAND: GET /session/130ef63994e902c9deb83fe717a4bbca/screenshot - {}
RESULT: {"script":"<script> [1562 bytes]","args":[{"selector":{"id":"application-manageresources-display-component---newResourceUnit--PLANNED_DELIVERY_DATE","interaction":{"idSuffix":"inner"}},"wdio_ui5_key":"applicationmanageresources-display-component---newResourceUnit--PLANNED_DELIVERY_DATE"}]}
RESULT: undefined
COMMAND: POST /session/130ef63994e902c9deb83fe717a4bbca/execute/async - {"script":"<script> [6424 bytes]","args":[{"element-6066-11e4-a52e-4f735466cecf":"f.DBA113373209FD8E36DE67C53790246B.d.557E9C6851192A9364F1F660F10062A8.e.16263"},"setValue",["5/24/25"]]}
RESULT: {}
RESULT: {"script":"<script> [6424 bytes]","args":[{"element-6066-11e4-a52e-4f735466cecf":"f.DBA113373209FD8E36DE67C53790246B.d.557E9C6851192A9364F1F660F10062A8.e.16263"},"setValue",["5/24/25"]]}
COMMAND: POST /session/130ef63994e902c9deb83fe717a4bbca/element - {"using":"xpath","value":"//label[contains(@class, 'sapMLabelRequired') and .//bdi[contains(text(), 'Planned Retirement')]]"}
RESULT: {"using":"xpath","value":"//label[contains(@class, 'sapMLabelRequired') and .//bdi[contains(text(), 'Planned Retirement')]]"}
COMMAND: POST /session/130ef63994e902c9deb83fe717a4bbca/elements - {"using":"xpath","value":"//label[contains(@class, 'sapMLabelRequired') and .//bdi[contains(text(), 'Planned Retirement')]]"}
RESULT: {"using":"xpath","value":"//label[contains(@class, 'sapMLabelRequired') and .//bdi[contains(text(), 'Planned Retirement')]]"}
COMMAND: POST /session/130ef63994e902c9deb83fe717a4bbca/element - {"using":"xpath","value":"//button[@data-kt=\"resourceUnitSaveButton\"]"}
RESULT: {"using":"xpath","value":"//button[@data-kt=\"resourceUnitSaveButton\"]"}
COMMAND: POST /session/130ef63994e902c9deb83fe717a4bbca/element/f.DBA113373209FD8E36DE67C53790246B.d.557E9C6851192A9364F1F660F10062A8.e.16222/click - {}
RESULT: {}
COMMAND: GET /session/130ef63994e902c9deb83fe717a4bbca/screenshot - {}
RESULT: {}
COMMAND: POST /session/130ef63994e902c9deb83fe717a4bbca/element - {"using":"xpath","value":"//bdi[contains(text(), \"Close\")]"}
RESULT: {"using":"xpath","value":"//bdi[contains(text(), \"Close\")]"}
COMMAND: POST /session/130ef63994e902c9deb83fe717a4bbca/element/f.DBA113373209FD8E36DE67C53790246B.d.557E9C6851192A9364F1F660F10062A8.e.16440/click - {}
RESULT: {}
COMMAND: GET /session/130ef63994e902c9deb83fe717a4bbca/screenshot - {}
RESULT: {}
COMMAND: POST /session/130ef63994e902c9deb83fe717a4bbca/element - {"using":"xpath","value":"(//button[contains(@id ,\"actionsToolbar-overflowButton\")])[1]"}
RESULT: {"using":"xpath","value":"(//button[contains(@id ,\"actionsToolbar-overflowButton\")])[1]"}
COMMAND: POST /session/130ef63994e902c9deb83fe717a4bbca/element/f.DBA113373209FD8E36DE67C53790246B.d.557E9C6851192A9364F1F660F10062A8.e.16472/click - {}
RESULT: {}
COMMAND: GET /session/130ef63994e902c9deb83fe717a4bbca/screenshot - {}
RESULT: {}
COMMAND: POST /session/130ef63994e902c9deb83fe717a4bbca/element - {"using":"xpath","value":"//button[@data-kt=\"priceInfoButton\"]"}
RESULT: {"using":"xpath","value":"//button[@data-kt=\"priceInfoButton\"]"}
COMMAND: POST /session/130ef63994e902c9deb83fe717a4bbca/element/f.DBA113373209FD8E36DE67C53790246B.d.557E9C6851192A9364F1F660F10062A8.e.16474/click - {}
RESULT: {}
COMMAND: GET /session/130ef63994e902c9deb83fe717a4bbca/screenshot - {}
RESULT: {}
]]></system-out>
    </testcase>
    <testcase classname="chrome.136_0_7103_93.windows.Billing_Calculation_-_Time_based_(considering_transport_times)_US139738" name="Should create new pricing rule for the equipment" time="52.185">
      <system-out><![CDATA[
COMMAND: POST /session/130ef63994e902c9deb83fe717a4bbca/element - {"using":"xpath","value":"//button[@data-kt=\"addButton\"]"}
RESULT: {"using":"xpath","value":"//button[@data-kt=\"addButton\"]"}
COMMAND: POST /session/130ef63994e902c9deb83fe717a4bbca/elements - {"using":"xpath","value":"//button[@data-kt=\"addButton\"]"}
RESULT: {"using":"xpath","value":"//button[@data-kt=\"addButton\"]"}
COMMAND: POST /session/130ef63994e902c9deb83fe717a4bbca/elements - {"using":"xpath","value":"//button[@data-kt=\"addButton\"]"}
RESULT: {"using":"xpath","value":"//button[@data-kt=\"addButton\"]"}
COMMAND: POST /session/130ef63994e902c9deb83fe717a4bbca/element - {"using":"xpath","value":"//button[@data-kt=\"addButton\"]"}
RESULT: {"using":"xpath","value":"//button[@data-kt=\"addButton\"]"}
COMMAND: POST /session/130ef63994e902c9deb83fe717a4bbca/execute/sync - {"script":"<script> [8489 bytes]","args":[{"element-6066-11e4-a52e-4f735466cecf":"f.DBA113373209FD8E36DE67C53790246B.d.557E9C6851192A9364F1F660F10062A8.e.16510","ELEMENT":"f.DBA113373209FD8E36DE67C53790246B.d.557E9C6851192A9364F1F660F10062A8.e.16510"}]}
RESULT: {"script":"<script> [8489 bytes]","args":[{"element-6066-11e4-a52e-4f735466cecf":"f.DBA113373209FD8E36DE67C53790246B.d.557E9C6851192A9364F1F660F10062A8.e.16510","ELEMENT":"f.DBA113373209FD8E36DE67C53790246B.d.557E9C6851192A9364F1F660F10062A8.e.16510"}]}
COMMAND: GET /session/130ef63994e902c9deb83fe717a4bbca/element/f.DBA113373209FD8E36DE67C53790246B.d.557E9C6851192A9364F1F660F10062A8.e.16510/enabled - {}
COMMAND: GET /session/130ef63994e902c9deb83fe717a4bbca/screenshot - {}
RESULT: {}
COMMAND: POST /session/130ef63994e902c9deb83fe717a4bbca/execute/sync - {"script":"<script> [8489 bytes]","args":[{"element-6066-11e4-a52e-4f735466cecf":"f.DBA113373209FD8E36DE67C53790246B.d.557E9C6851192A9364F1F660F10062A8.e.16510","ELEMENT":"f.DBA113373209FD8E36DE67C53790246B.d.557E9C6851192A9364F1F660F10062A8.e.16510"}]}
COMMAND: GET /session/130ef63994e902c9deb83fe717a4bbca/screenshot - {}
RESULT: {}
RESULT: {"script":"<script> [8489 bytes]","args":[{"element-6066-11e4-a52e-4f735466cecf":"f.DBA113373209FD8E36DE67C53790246B.d.557E9C6851192A9364F1F660F10062A8.e.16510","ELEMENT":"f.DBA113373209FD8E36DE67C53790246B.d.557E9C6851192A9364F1F660F10062A8.e.16510"}]}
COMMAND: POST /session/130ef63994e902c9deb83fe717a4bbca/execute/sync - {"script":"<script> [5351 bytes]","args":[{"element-6066-11e4-a52e-4f735466cecf":"f.DBA113373209FD8E36DE67C53790246B.d.557E9C6851192A9364F1F660F10062A8.e.16510","ELEMENT":"f.DBA113373209FD8E36DE67C53790246B.d.557E9C6851192A9364F1F660F10062A8.e.16510"}]}
COMMAND: GET /session/130ef63994e902c9deb83fe717a4bbca/screenshot - {}
RESULT: {}
RESULT: {"script":"<script> [5351 bytes]","args":[{"element-6066-11e4-a52e-4f735466cecf":"f.DBA113373209FD8E36DE67C53790246B.d.557E9C6851192A9364F1F660F10062A8.e.16510","ELEMENT":"f.DBA113373209FD8E36DE67C53790246B.d.557E9C6851192A9364F1F660F10062A8.e.16510"}]}
COMMAND: POST /session/130ef63994e902c9deb83fe717a4bbca/element/f.DBA113373209FD8E36DE67C53790246B.d.557E9C6851192A9364F1F660F10062A8.e.16510/click - {}
COMMAND: GET /session/130ef63994e902c9deb83fe717a4bbca/screenshot - {}
RESULT: {}
RESULT: {}
COMMAND: GET /session/130ef63994e902c9deb83fe717a4bbca/screenshot - {}
RESULT: {}
RESULT: {}
COMMAND: POST /session/130ef63994e902c9deb83fe717a4bbca/execute/async - {"script":"<script> [1562 bytes]","args":[{"selector":{"controlType":"sap.m.Title","viewName":"etm.portal.ui.managepricingrules.view.NewItem","viewId":"application-managepricingrules-display-component---newInfoPriceItem","properties":{"text":"New Pricing Rules - Item Level"}},"wdio_ui5_key":"etmportal.ui.managepricingrules.view.NewItemsap.m.Title{\"text\":\"New Pricing Rules - Item Level\"}"}]}
RESULT: {"script":"<script> [1562 bytes]","args":[{"selector":{"controlType":"sap.m.Title","viewName":"etm.portal.ui.managepricingrules.view.NewItem","viewId":"application-managepricingrules-display-component---newInfoPriceItem","properties":{"text":"New Pricing Rules - Item Level"}},"wdio_ui5_key":"etmportal.ui.managepricingrules.view.NewItemsap.m.Title{\"text\":\"New Pricing Rules - Item Level\"}"}]}
RESULT: undefined
COMMAND: POST /session/130ef63994e902c9deb83fe717a4bbca/execute/async - {"script":"<script> [6424 bytes]","args":[{"element-6066-11e4-a52e-4f735466cecf":"f.DBA113373209FD8E36DE67C53790246B.d.557E9C6851192A9364F1F660F10062A8.e.16679"},"getText",[]]}
RESULT: {"script":"<script> [6424 bytes]","args":[{"element-6066-11e4-a52e-4f735466cecf":"f.DBA113373209FD8E36DE67C53790246B.d.557E9C6851192A9364F1F660F10062A8.e.16679"},"getText",[]]}
COMMAND: POST /session/130ef63994e902c9deb83fe717a4bbca/execute/async - {"script":"<script> [1562 bytes]","args":[{"selector":{"id":"application-managepricingrules-display-component---newInfoPriceItem--condValidTo","interaction":{"idSuffix":"inner"}},"wdio_ui5_key":"applicationmanagepricingrules-display-component---newInfoPriceItem--condValidTo"}]}
RESULT: {"script":"<script> [1562 bytes]","args":[{"selector":{"id":"application-managepricingrules-display-component---newInfoPriceItem--condValidTo","interaction":{"idSuffix":"inner"}},"wdio_ui5_key":"applicationmanagepricingrules-display-component---newInfoPriceItem--condValidTo"}]}
RESULT: undefined
COMMAND: POST /session/130ef63994e902c9deb83fe717a4bbca/execute/async - {"script":"<script> [776 bytes]","args":[{"enterText":"1/24/26","selector":{"id":"application-managepricingrules-display-component---newInfoPriceItem--condValidTo","interaction":{"idSuffix":"inner"}},"clearTextFirst":true,"interactionType":"ENTER_TEXT"}]}
RESULT: {"script":"<script> [776 bytes]","args":[{"enterText":"1/24/26","selector":{"id":"application-managepricingrules-display-component---newInfoPriceItem--condValidTo","interaction":{"idSuffix":"inner"}},"clearTextFirst":true,"interactionType":"ENTER_TEXT"}]}
COMMAND: POST /session/130ef63994e902c9deb83fe717a4bbca/execute/async - {"script":"<script> [1562 bytes]","args":[{"selector":{"id":"application-managepricingrules-display-component---newInfoPriceItem--billType-arrow"},"wdio_ui5_key":"applicationmanagepricingrules-display-component---newInfoPriceItem--billType-arrow"}]}
RESULT: {"script":"<script> [1562 bytes]","args":[{"selector":{"id":"application-managepricingrules-display-component---newInfoPriceItem--billType-arrow"},"wdio_ui5_key":"applicationmanagepricingrules-display-component---newInfoPriceItem--billType-arrow"}]}
RESULT: undefined
COMMAND: POST /session/130ef63994e902c9deb83fe717a4bbca/element - {"using":"xpath","value":"//*[@id=\"application-managepricingrules-display-component---newInfoPriceItem--billType-arrow\"]"}
RESULT: {"using":"xpath","value":"//*[@id=\"application-managepricingrules-display-component---newInfoPriceItem--billType-arrow\"]"}
COMMAND: POST /session/130ef63994e902c9deb83fe717a4bbca/element/f.DBA113373209FD8E36DE67C53790246B.d.557E9C6851192A9364F1F660F10062A8.e.16639/click - {}
RESULT: {}
COMMAND: POST /session/130ef63994e902c9deb83fe717a4bbca/element - {"using":"xpath","value":"//span[contains(text(), \"TB - Time based\")]"}
COMMAND: GET /session/130ef63994e902c9deb83fe717a4bbca/screenshot - {}
RESULT: {"using":"xpath","value":"//span[contains(text(), \"TB - Time based\")]"}
COMMAND: POST /session/130ef63994e902c9deb83fe717a4bbca/element/f.DBA113373209FD8E36DE67C53790246B.d.557E9C6851192A9364F1F660F10062A8.e.16681/click - {}
RESULT: {}
RESULT: {}
COMMAND: POST /session/130ef63994e902c9deb83fe717a4bbca/execute/async - {"script":"<script> [1562 bytes]","args":[{"selector":{"id":"application-managepricingrules-display-component---newInfoPriceItem--priceProc-arrow"},"wdio_ui5_key":"applicationmanagepricingrules-display-component---newInfoPriceItem--priceProc-arrow"}]}
COMMAND: GET /session/130ef63994e902c9deb83fe717a4bbca/screenshot - {}
RESULT: {"script":"<script> [1562 bytes]","args":[{"selector":{"id":"application-managepricingrules-display-component---newInfoPriceItem--priceProc-arrow"},"wdio_ui5_key":"applicationmanagepricingrules-display-component---newInfoPriceItem--priceProc-arrow"}]}
RESULT: undefined
COMMAND: POST /session/130ef63994e902c9deb83fe717a4bbca/element - {"using":"xpath","value":"//*[@id=\"application-managepricingrules-display-component---newInfoPriceItem--priceProc-arrow\"]"}
RESULT: {}
RESULT: {"using":"xpath","value":"//*[@id=\"application-managepricingrules-display-component---newInfoPriceItem--priceProc-arrow\"]"}
COMMAND: POST /session/130ef63994e902c9deb83fe717a4bbca/element/f.DBA113373209FD8E36DE67C53790246B.d.557E9C6851192A9364F1F660F10062A8.e.16646/click - {}
RESULT: {}
COMMAND: POST /session/130ef63994e902c9deb83fe717a4bbca/element - {"using":"xpath","value":"//span[contains(text(), \"TBS - Time based standard\")]"}
COMMAND: GET /session/130ef63994e902c9deb83fe717a4bbca/screenshot - {}
RESULT: {"using":"xpath","value":"//span[contains(text(), \"TBS - Time based standard\")]"}
COMMAND: POST /session/130ef63994e902c9deb83fe717a4bbca/element/f.DBA113373209FD8E36DE67C53790246B.d.557E9C6851192A9364F1F660F10062A8.e.16682/click - {}
RESULT: {}
RESULT: {}
COMMAND: POST /session/130ef63994e902c9deb83fe717a4bbca/execute/async - {"script":"<script> [1562 bytes]","args":[{"selector":{"id":"application-managepricingrules-display-component---newInfoPriceItem--calcBase-arrow"},"wdio_ui5_key":"applicationmanagepricingrules-display-component---newInfoPriceItem--calcBase-arrow"}]}
COMMAND: GET /session/130ef63994e902c9deb83fe717a4bbca/screenshot - {}
RESULT: {"script":"<script> [1562 bytes]","args":[{"selector":{"id":"application-managepricingrules-display-component---newInfoPriceItem--calcBase-arrow"},"wdio_ui5_key":"applicationmanagepricingrules-display-component---newInfoPriceItem--calcBase-arrow"}]}
RESULT: undefined
COMMAND: POST /session/130ef63994e902c9deb83fe717a4bbca/element - {"using":"xpath","value":"//*[@id=\"application-managepricingrules-display-component---newInfoPriceItem--calcBase-arrow\"]"}
RESULT: {}
RESULT: {"using":"xpath","value":"//*[@id=\"application-managepricingrules-display-component---newInfoPriceItem--calcBase-arrow\"]"}
COMMAND: POST /session/130ef63994e902c9deb83fe717a4bbca/element/f.DBA113373209FD8E36DE67C53790246B.d.557E9C6851192A9364F1F660F10062A8.e.16653/click - {}
RESULT: {}
COMMAND: GET /session/130ef63994e902c9deb83fe717a4bbca/screenshot - {}
RESULT: {}
COMMAND: POST /session/130ef63994e902c9deb83fe717a4bbca/element - {"using":"xpath","value":"//span[contains(text(), \"0006 - TB(calendar days)\")]"}
RESULT: {"using":"xpath","value":"//span[contains(text(), \"0006 - TB(calendar days)\")]"}
COMMAND: POST /session/130ef63994e902c9deb83fe717a4bbca/element/f.DBA113373209FD8E36DE67C53790246B.d.557E9C6851192A9364F1F660F10062A8.e.16683/click - {}
RESULT: {}
COMMAND: GET /session/130ef63994e902c9deb83fe717a4bbca/screenshot - {}
RESULT: {}
COMMAND: POST /session/130ef63994e902c9deb83fe717a4bbca/execute/async - {"script":"<script> [1562 bytes]","args":[{"selector":{"id":"application-managepricingrules-display-component---newInfoPriceItem--daysMonth","interaction":{"idSuffix":"inner"}},"wdio_ui5_key":"applicationmanagepricingrules-display-component---newInfoPriceItem--daysMonth"}]}
RESULT: {"script":"<script> [1562 bytes]","args":[{"selector":{"id":"application-managepricingrules-display-component---newInfoPriceItem--daysMonth","interaction":{"idSuffix":"inner"}},"wdio_ui5_key":"applicationmanagepricingrules-display-component---newInfoPriceItem--daysMonth"}]}
RESULT: undefined
COMMAND: POST /session/130ef63994e902c9deb83fe717a4bbca/execute/async - {"script":"<script> [776 bytes]","args":[{"enterText":"30","selector":{"id":"application-managepricingrules-display-component---newInfoPriceItem--daysMonth","interaction":{"idSuffix":"inner"}},"clearTextFirst":true,"interactionType":"ENTER_TEXT"}]}
RESULT: {"script":"<script> [776 bytes]","args":[{"enterText":"30","selector":{"id":"application-managepricingrules-display-component---newInfoPriceItem--daysMonth","interaction":{"idSuffix":"inner"}},"clearTextFirst":true,"interactionType":"ENTER_TEXT"}]}
COMMAND: POST /session/130ef63994e902c9deb83fe717a4bbca/element - {"using":"xpath","value":"//button[@data-kt=\"saveNewRuleButton\"]"}
RESULT: {"using":"xpath","value":"//button[@data-kt=\"saveNewRuleButton\"]"}
COMMAND: POST /session/130ef63994e902c9deb83fe717a4bbca/element/f.DBA113373209FD8E36DE67C53790246B.d.557E9C6851192A9364F1F660F10062A8.e.16673/click - {}
RESULT: {}
COMMAND: GET /session/130ef63994e902c9deb83fe717a4bbca/screenshot - {}
RESULT: {}
COMMAND: POST /session/130ef63994e902c9deb83fe717a4bbca/execute/async - {"script":"<script> [1562 bytes]","args":[{"selector":{"id":"application-managepricingrules-display-component---priceInfoItem--smartFilterBar-btnBasicSearch","interaction":{"idSuffix":"I"}},"wdio_ui5_key":"applicationmanagepricingrules-display-component---priceInfoItem--smartFilterBar-btnBasicSearch"}]}
RESULT: {"script":"<script> [1562 bytes]","args":[{"selector":{"id":"application-managepricingrules-display-component---priceInfoItem--smartFilterBar-btnBasicSearch","interaction":{"idSuffix":"I"}},"wdio_ui5_key":"applicationmanagepricingrules-display-component---priceInfoItem--smartFilterBar-btnBasicSearch"}]}
RESULT: undefined
COMMAND: POST /session/130ef63994e902c9deb83fe717a4bbca/execute/async - {"script":"<script> [776 bytes]","args":[{"enterText":"1TNF7APpgz","selector":{"id":"application-managepricingrules-display-component---priceInfoItem--smartFilterBar-btnBasicSearch","interaction":{"idSuffix":"I"}},"clearTextFirst":true,"interactionType":"ENTER_TEXT"}]}
RESULT: {"script":"<script> [776 bytes]","args":[{"enterText":"1TNF7APpgz","selector":{"id":"application-managepricingrules-display-component---priceInfoItem--smartFilterBar-btnBasicSearch","interaction":{"idSuffix":"I"}},"clearTextFirst":true,"interactionType":"ENTER_TEXT"}]}
COMMAND: POST /session/130ef63994e902c9deb83fe717a4bbca/actions - {"actions":[{"id":"action67","type":"key","parameters":{},"actions":[{"type":"keyDown","value":""},{"type":"pause","duration":10},{"type":"keyUp","value":""}]}]}
RESULT: {"actions":[{"id":"action67","type":"key","parameters":{},"actions":[{"type":"keyDown","value":""},{"type":"pause","duration":10},{"type":"keyUp","value":""}]}]}
COMMAND: GET /session/130ef63994e902c9deb83fe717a4bbca/screenshot - {}
RESULT: {}
COMMAND: POST /session/130ef63994e902c9deb83fe717a4bbca/element - {"using":"xpath","value":"//span[@id=\"application-managepricingrules-display-component---priceInfoItem--smartTable-header-inner\"]"}
RESULT: {"using":"xpath","value":"//span[@id=\"application-managepricingrules-display-component---priceInfoItem--smartTable-header-inner\"]"}
COMMAND: POST /session/130ef63994e902c9deb83fe717a4bbca/elements - {"using":"xpath","value":"//span[@id=\"application-managepricingrules-display-component---priceInfoItem--smartTable-header-inner\"]"}
RESULT: {"using":"xpath","value":"//span[@id=\"application-managepricingrules-display-component---priceInfoItem--smartTable-header-inner\"]"}
COMMAND: POST /session/130ef63994e902c9deb83fe717a4bbca/execute/sync - {"script":"<script> [56 bytes]","args":[{"element-6066-11e4-a52e-4f735466cecf":"f.DBA113373209FD8E36DE67C53790246B.d.557E9C6851192A9364F1F660F10062A8.e.16697","ELEMENT":"f.DBA113373209FD8E36DE67C53790246B.d.557E9C6851192A9364F1F660F10062A8.e.16697"}]}
RESULT: {"script":"<script> [56 bytes]","args":[{"element-6066-11e4-a52e-4f735466cecf":"f.DBA113373209FD8E36DE67C53790246B.d.557E9C6851192A9364F1F660F10062A8.e.16697","ELEMENT":"f.DBA113373209FD8E36DE67C53790246B.d.557E9C6851192A9364F1F660F10062A8.e.16697"}]}
COMMAND: POST /session/130ef63994e902c9deb83fe717a4bbca/element - {"using":"css selector","value":"#shell-header-logo"}
COMMAND: GET /session/130ef63994e902c9deb83fe717a4bbca/screenshot - {}
RESULT: {"using":"css selector","value":"#shell-header-logo"}
COMMAND: POST /session/130ef63994e902c9deb83fe717a4bbca/element/f.DBA113373209FD8E36DE67C53790246B.d.557E9C6851192A9364F1F660F10062A8.e.15819/click - {}
RESULT: {}
RESULT: {}
COMMAND: GET /session/130ef63994e902c9deb83fe717a4bbca/screenshot - {}
RESULT: {}
]]></system-out>
    </testcase>
    <testcase classname="chrome.136_0_7103_93.windows.Billing_Calculation_-_Time_based_(considering_transport_times)_US139738" name="Should create new pricing condition for the equipment" time="71.462">
      <system-out><![CDATA[
COMMAND: POST /session/130ef63994e902c9deb83fe717a4bbca/execute/async - {"script":"<script> [1562 bytes]","args":[{"selector":{"controlType":"sap.m.GenericTile","properties":{"header":"Manage Conditions & Prices"}},"wdio_ui5_key":"sapm.GenericTile{\"header\":\"Manage Conditions & Prices\"}"}]}
RESULT: {"script":"<script> [1562 bytes]","args":[{"selector":{"controlType":"sap.m.GenericTile","properties":{"header":"Manage Conditions & Prices"}},"wdio_ui5_key":"sapm.GenericTile{\"header\":\"Manage Conditions & Prices\"}"}]}
RESULT: undefined
COMMAND: POST /session/130ef63994e902c9deb83fe717a4bbca/element - {"using":"xpath","value":"//*[@id=\"__tile53\"]"}
RESULT: {"using":"xpath","value":"//*[@id=\"__tile53\"]"}
COMMAND: POST /session/130ef63994e902c9deb83fe717a4bbca/element/f.DBA113373209FD8E36DE67C53790246B.d.557E9C6851192A9364F1F660F10062A8.e.15753/click - {}
RESULT: {}
COMMAND: GET /session/130ef63994e902c9deb83fe717a4bbca/screenshot - {}
RESULT: {}
COMMAND: POST /session/130ef63994e902c9deb83fe717a4bbca/elements - {"using":"xpath","value":"//span[text()='Error']"}
RESULT: {"using":"xpath","value":"//span[text()='Error']"}
COMMAND: POST /session/130ef63994e902c9deb83fe717a4bbca/element - {"using":"xpath","value":"//button[@aria-label=\"Create\"]"}
RESULT: {"using":"xpath","value":"//button[@aria-label=\"Create\"]"}
COMMAND: POST /session/130ef63994e902c9deb83fe717a4bbca/elements - {"using":"xpath","value":"//button[@aria-label=\"Create\"]"}
RESULT: {"using":"xpath","value":"//button[@aria-label=\"Create\"]"}
COMMAND: POST /session/130ef63994e902c9deb83fe717a4bbca/execute/sync - {"script":"<script> [8489 bytes]","args":[{"element-6066-11e4-a52e-4f735466cecf":"f.DBA113373209FD8E36DE67C53790246B.d.557E9C6851192A9364F1F660F10062A8.e.16732","ELEMENT":"f.DBA113373209FD8E36DE67C53790246B.d.557E9C6851192A9364F1F660F10062A8.e.16732"}]}
RESULT: {"script":"<script> [8489 bytes]","args":[{"element-6066-11e4-a52e-4f735466cecf":"f.DBA113373209FD8E36DE67C53790246B.d.557E9C6851192A9364F1F660F10062A8.e.16732","ELEMENT":"f.DBA113373209FD8E36DE67C53790246B.d.557E9C6851192A9364F1F660F10062A8.e.16732"}]}
COMMAND: GET /session/130ef63994e902c9deb83fe717a4bbca/element/f.DBA113373209FD8E36DE67C53790246B.d.557E9C6851192A9364F1F660F10062A8.e.16732/enabled - {}
COMMAND: GET /session/130ef63994e902c9deb83fe717a4bbca/screenshot - {}
RESULT: {}
COMMAND: POST /session/130ef63994e902c9deb83fe717a4bbca/execute/sync - {"script":"<script> [8489 bytes]","args":[{"element-6066-11e4-a52e-4f735466cecf":"f.DBA113373209FD8E36DE67C53790246B.d.557E9C6851192A9364F1F660F10062A8.e.16732","ELEMENT":"f.DBA113373209FD8E36DE67C53790246B.d.557E9C6851192A9364F1F660F10062A8.e.16732"}]}
COMMAND: GET /session/130ef63994e902c9deb83fe717a4bbca/screenshot - {}
RESULT: {}
RESULT: {"script":"<script> [8489 bytes]","args":[{"element-6066-11e4-a52e-4f735466cecf":"f.DBA113373209FD8E36DE67C53790246B.d.557E9C6851192A9364F1F660F10062A8.e.16732","ELEMENT":"f.DBA113373209FD8E36DE67C53790246B.d.557E9C6851192A9364F1F660F10062A8.e.16732"}]}
COMMAND: POST /session/130ef63994e902c9deb83fe717a4bbca/execute/sync - {"script":"<script> [5351 bytes]","args":[{"element-6066-11e4-a52e-4f735466cecf":"f.DBA113373209FD8E36DE67C53790246B.d.557E9C6851192A9364F1F660F10062A8.e.16732","ELEMENT":"f.DBA113373209FD8E36DE67C53790246B.d.557E9C6851192A9364F1F660F10062A8.e.16732"}]}
COMMAND: GET /session/130ef63994e902c9deb83fe717a4bbca/screenshot - {}
RESULT: {}
RESULT: {"script":"<script> [5351 bytes]","args":[{"element-6066-11e4-a52e-4f735466cecf":"f.DBA113373209FD8E36DE67C53790246B.d.557E9C6851192A9364F1F660F10062A8.e.16732","ELEMENT":"f.DBA113373209FD8E36DE67C53790246B.d.557E9C6851192A9364F1F660F10062A8.e.16732"}]}
COMMAND: POST /session/130ef63994e902c9deb83fe717a4bbca/element/f.DBA113373209FD8E36DE67C53790246B.d.557E9C6851192A9364F1F660F10062A8.e.16732/click - {}
COMMAND: GET /session/130ef63994e902c9deb83fe717a4bbca/screenshot - {}
RESULT: {}
RESULT: {}
COMMAND: GET /session/130ef63994e902c9deb83fe717a4bbca/screenshot - {}
RESULT: {}
RESULT: {}
COMMAND: POST /session/130ef63994e902c9deb83fe717a4bbca/actions - {"actions":[{"id":"action68","type":"key","parameters":{},"actions":[{"type":"keyDown","value":""},{"type":"pause","duration":10},{"type":"keyUp","value":""}]}]}
RESULT: {"actions":[{"id":"action68","type":"key","parameters":{},"actions":[{"type":"keyDown","value":""},{"type":"pause","duration":10},{"type":"keyUp","value":""}]}]}
COMMAND: GET /session/130ef63994e902c9deb83fe717a4bbca/screenshot - {}
RESULT: {}
COMMAND: POST /session/130ef63994e902c9deb83fe717a4bbca/execute/async - {"script":"<script> [1562 bytes]","args":[{"selector":{"id":"application-manageconditionprice-display-component---newCondition--condBillCond-arrow"},"wdio_ui5_key":"applicationmanageconditionprice-display-component---newCondition--condBillCond-arrow"}]}
RESULT: {"script":"<script> [1562 bytes]","args":[{"selector":{"id":"application-manageconditionprice-display-component---newCondition--condBillCond-arrow"},"wdio_ui5_key":"applicationmanageconditionprice-display-component---newCondition--condBillCond-arrow"}]}
RESULT: undefined
COMMAND: POST /session/130ef63994e902c9deb83fe717a4bbca/element - {"using":"xpath","value":"//*[@id=\"application-manageconditionprice-display-component---newCondition--condBillCond-arrow\"]"}
RESULT: {"using":"xpath","value":"//*[@id=\"application-manageconditionprice-display-component---newCondition--condBillCond-arrow\"]"}
COMMAND: POST /session/130ef63994e902c9deb83fe717a4bbca/element/f.DBA113373209FD8E36DE67C53790246B.d.557E9C6851192A9364F1F660F10062A8.e.16912/click - {}
RESULT: {}
COMMAND: GET /session/130ef63994e902c9deb83fe717a4bbca/screenshot - {}
RESULT: {}
COMMAND: POST /session/130ef63994e902c9deb83fe717a4bbca/element - {"using":"xpath","value":"//li[.//span[contains(text(), \"DISP - D&I special price\")]]"}
RESULT: {"using":"xpath","value":"//li[.//span[contains(text(), \"DISP - D&I special price\")]]"}
COMMAND: POST /session/130ef63994e902c9deb83fe717a4bbca/element/f.DBA113373209FD8E36DE67C53790246B.d.557E9C6851192A9364F1F660F10062A8.e.16915/click - {}
RESULT: {}
COMMAND: GET /session/130ef63994e902c9deb83fe717a4bbca/screenshot - {}
RESULT: {}
COMMAND: POST /session/130ef63994e902c9deb83fe717a4bbca/execute/async - {"script":"<script> [1562 bytes]","args":[{"selector":{"id":"application-manageconditionprice-display-component---newCondition--condValidTo","interaction":{"idSuffix":"inner"}},"wdio_ui5_key":"applicationmanageconditionprice-display-component---newCondition--condValidTo"}]}
RESULT: {"script":"<script> [1562 bytes]","args":[{"selector":{"id":"application-manageconditionprice-display-component---newCondition--condValidTo","interaction":{"idSuffix":"inner"}},"wdio_ui5_key":"applicationmanageconditionprice-display-component---newCondition--condValidTo"}]}
RESULT: undefined
COMMAND: POST /session/130ef63994e902c9deb83fe717a4bbca/execute/async - {"script":"<script> [776 bytes]","args":[{"enterText":"1/24/26","selector":{"id":"application-manageconditionprice-display-component---newCondition--condValidTo","interaction":{"idSuffix":"inner"}},"clearTextFirst":true,"interactionType":"ENTER_TEXT"}]}
RESULT: {"script":"<script> [776 bytes]","args":[{"enterText":"1/24/26","selector":{"id":"application-manageconditionprice-display-component---newCondition--condValidTo","interaction":{"idSuffix":"inner"}},"clearTextFirst":true,"interactionType":"ENTER_TEXT"}]}
COMMAND: POST /session/130ef63994e902c9deb83fe717a4bbca/element - {"using":"xpath","value":"//input[@id=\"application-manageconditionprice-display-component---newCondition--condRU-inner\"]"}
RESULT: {"using":"xpath","value":"//input[@id=\"application-manageconditionprice-display-component---newCondition--condRU-inner\"]"}
COMMAND: POST /session/130ef63994e902c9deb83fe717a4bbca/element/f.DBA113373209FD8E36DE67C53790246B.d.557E9C6851192A9364F1F660F10062A8.e.16748/clear - {}
RESULT: {}
COMMAND: POST /session/130ef63994e902c9deb83fe717a4bbca/element/f.DBA113373209FD8E36DE67C53790246B.d.557E9C6851192A9364F1F660F10062A8.e.16748/value - {"text":"1TNF7APpgz"}
COMMAND: GET /session/130ef63994e902c9deb83fe717a4bbca/screenshot - {}
RESULT: {"text":"1TNF7APpgz"}
COMMAND: GET /session/130ef63994e902c9deb83fe717a4bbca/screenshot - {}
RESULT: {}
RESULT: {}
COMMAND: POST /session/130ef63994e902c9deb83fe717a4bbca/actions - {"actions":[{"id":"action69","type":"key","parameters":{},"actions":[{"type":"keyDown","value":""},{"type":"pause","duration":10},{"type":"keyUp","value":""}]}]}
RESULT: {"actions":[{"id":"action69","type":"key","parameters":{},"actions":[{"type":"keyDown","value":""},{"type":"pause","duration":10},{"type":"keyUp","value":""}]}]}
COMMAND: POST /session/130ef63994e902c9deb83fe717a4bbca/execute/async - {"script":"<script> [1562 bytes]","args":[{"selector":{"id":"application-manageconditionprice-display-component---newCondition--condBaseQty","interaction":{"idSuffix":"inner"}},"wdio_ui5_key":"applicationmanageconditionprice-display-component---newCondition--condBaseQty"}]}
COMMAND: GET /session/130ef63994e902c9deb83fe717a4bbca/screenshot - {}
RESULT: {"script":"<script> [1562 bytes]","args":[{"selector":{"id":"application-manageconditionprice-display-component---newCondition--condBaseQty","interaction":{"idSuffix":"inner"}},"wdio_ui5_key":"applicationmanageconditionprice-display-component---newCondition--condBaseQty"}]}
RESULT: undefined
COMMAND: POST /session/130ef63994e902c9deb83fe717a4bbca/execute/async - {"script":"<script> [776 bytes]","args":[{"enterText":"1","selector":{"id":"application-manageconditionprice-display-component---newCondition--condBaseQty","interaction":{"idSuffix":"inner"}},"clearTextFirst":true,"interactionType":"ENTER_TEXT"}]}
RESULT: {}
RESULT: {"script":"<script> [776 bytes]","args":[{"enterText":"1","selector":{"id":"application-manageconditionprice-display-component---newCondition--condBaseQty","interaction":{"idSuffix":"inner"}},"clearTextFirst":true,"interactionType":"ENTER_TEXT"}]}
COMMAND: POST /session/130ef63994e902c9deb83fe717a4bbca/execute/async - {"script":"<script> [1562 bytes]","args":[{"selector":{"id":"application-manageconditionprice-display-component---newCondition--condValue","interaction":{"idSuffix":"inner"}},"wdio_ui5_key":"applicationmanageconditionprice-display-component---newCondition--condValue"}]}
RESULT: {"script":"<script> [1562 bytes]","args":[{"selector":{"id":"application-manageconditionprice-display-component---newCondition--condValue","interaction":{"idSuffix":"inner"}},"wdio_ui5_key":"applicationmanageconditionprice-display-component---newCondition--condValue"}]}
RESULT: undefined
COMMAND: POST /session/130ef63994e902c9deb83fe717a4bbca/execute/async - {"script":"<script> [776 bytes]","args":[{"enterText":"100","selector":{"id":"application-manageconditionprice-display-component---newCondition--condValue","interaction":{"idSuffix":"inner"}},"clearTextFirst":true,"interactionType":"ENTER_TEXT"}]}
RESULT: {"script":"<script> [776 bytes]","args":[{"enterText":"100","selector":{"id":"application-manageconditionprice-display-component---newCondition--condValue","interaction":{"idSuffix":"inner"}},"clearTextFirst":true,"interactionType":"ENTER_TEXT"}]}
COMMAND: POST /session/130ef63994e902c9deb83fe717a4bbca/execute/async - {"script":"<script> [1562 bytes]","args":[{"selector":{"id":"application-manageconditionprice-display-component---newCondition--condCurr-arrow"},"wdio_ui5_key":"applicationmanageconditionprice-display-component---newCondition--condCurr-arrow"}]}
RESULT: {"script":"<script> [1562 bytes]","args":[{"selector":{"id":"application-manageconditionprice-display-component---newCondition--condCurr-arrow"},"wdio_ui5_key":"applicationmanageconditionprice-display-component---newCondition--condCurr-arrow"}]}
RESULT: undefined
COMMAND: POST /session/130ef63994e902c9deb83fe717a4bbca/element - {"using":"xpath","value":"//*[@id=\"application-manageconditionprice-display-component---newCondition--condCurr-arrow\"]"}
RESULT: {"using":"xpath","value":"//*[@id=\"application-manageconditionprice-display-component---newCondition--condCurr-arrow\"]"}
COMMAND: POST /session/130ef63994e902c9deb83fe717a4bbca/element/f.DBA113373209FD8E36DE67C53790246B.d.557E9C6851192A9364F1F660F10062A8.e.16885/click - {}
RESULT: {}
COMMAND: POST /session/130ef63994e902c9deb83fe717a4bbca/element - {"using":"xpath","value":"//span[contains(text(), \"Euro\")]"}
COMMAND: GET /session/130ef63994e902c9deb83fe717a4bbca/screenshot - {}
RESULT: {"using":"xpath","value":"//span[contains(text(), \"Euro\")]"}
COMMAND: POST /session/130ef63994e902c9deb83fe717a4bbca/element/f.DBA113373209FD8E36DE67C53790246B.d.557E9C6851192A9364F1F660F10062A8.e.16948/click - {}
RESULT: {}
RESULT: {}
COMMAND: POST /session/130ef63994e902c9deb83fe717a4bbca/element - {"using":"xpath","value":"//button[@data-kt=\"saveButton\"]"}
COMMAND: GET /session/130ef63994e902c9deb83fe717a4bbca/screenshot - {}
RESULT: {"using":"xpath","value":"//button[@data-kt=\"saveButton\"]"}
COMMAND: POST /session/130ef63994e902c9deb83fe717a4bbca/element/f.DBA113373209FD8E36DE67C53790246B.d.557E9C6851192A9364F1F660F10062A8.e.16886/click - {}
RESULT: {}
RESULT: {}
COMMAND: GET /session/130ef63994e902c9deb83fe717a4bbca/screenshot - {}
RESULT: {}
COMMAND: POST /session/130ef63994e902c9deb83fe717a4bbca/execute/async - {"script":"<script> [1562 bytes]","args":[{"selector":{"id":"application-manageconditionprice-display-component---conditions--smartFilterBar-btnBasicSearch","interaction":{"idSuffix":"I"}},"wdio_ui5_key":"applicationmanageconditionprice-display-component---conditions--smartFilterBar-btnBasicSearch"}]}
RESULT: {"script":"<script> [1562 bytes]","args":[{"selector":{"id":"application-manageconditionprice-display-component---conditions--smartFilterBar-btnBasicSearch","interaction":{"idSuffix":"I"}},"wdio_ui5_key":"applicationmanageconditionprice-display-component---conditions--smartFilterBar-btnBasicSearch"}]}
RESULT: undefined
COMMAND: POST /session/130ef63994e902c9deb83fe717a4bbca/execute/async - {"script":"<script> [776 bytes]","args":[{"enterText":"1TNF7APpgz","selector":{"id":"application-manageconditionprice-display-component---conditions--smartFilterBar-btnBasicSearch","interaction":{"idSuffix":"I"}},"clearTextFirst":true,"interactionType":"ENTER_TEXT"}]}
RESULT: {"script":"<script> [776 bytes]","args":[{"enterText":"1TNF7APpgz","selector":{"id":"application-manageconditionprice-display-component---conditions--smartFilterBar-btnBasicSearch","interaction":{"idSuffix":"I"}},"clearTextFirst":true,"interactionType":"ENTER_TEXT"}]}
COMMAND: POST /session/130ef63994e902c9deb83fe717a4bbca/actions - {"actions":[{"id":"action70","type":"key","parameters":{},"actions":[{"type":"keyDown","value":""},{"type":"pause","duration":10},{"type":"keyUp","value":""}]}]}
RESULT: {"actions":[{"id":"action70","type":"key","parameters":{},"actions":[{"type":"keyDown","value":""},{"type":"pause","duration":10},{"type":"keyUp","value":""}]}]}
COMMAND: GET /session/130ef63994e902c9deb83fe717a4bbca/screenshot - {}
RESULT: {}
COMMAND: POST /session/130ef63994e902c9deb83fe717a4bbca/execute/async - {"script":"<script> [1562 bytes]","args":[{"selector":{"id":"application-manageconditionprice-display-component---conditions--smartFilterBar-filterItemControl_BASIC-BILL_TYPES-vhi"},"wdio_ui5_key":"applicationmanageconditionprice-display-component---conditions--smartFilterBar-filterItemControl_BASIC-BILL_TYPES-vhi"}]}
RESULT: {"script":"<script> [1562 bytes]","args":[{"selector":{"id":"application-manageconditionprice-display-component---conditions--smartFilterBar-filterItemControl_BASIC-BILL_TYPES-vhi"},"wdio_ui5_key":"applicationmanageconditionprice-display-component---conditions--smartFilterBar-filterItemControl_BASIC-BILL_TYPES-vhi"}]}
RESULT: undefined
COMMAND: POST /session/130ef63994e902c9deb83fe717a4bbca/element - {"using":"xpath","value":"//*[@id=\"application-manageconditionprice-display-component---conditions--smartFilterBar-filterItemControl_BASIC-BILL_TYPES-vhi\"]"}
RESULT: {"using":"xpath","value":"//*[@id=\"application-manageconditionprice-display-component---conditions--smartFilterBar-filterItemControl_BASIC-BILL_TYPES-vhi\"]"}
COMMAND: POST /session/130ef63994e902c9deb83fe717a4bbca/element/f.DBA113373209FD8E36DE67C53790246B.d.557E9C6851192A9364F1F660F10062A8.e.16964/click - {}
RESULT: {}
COMMAND: POST /session/130ef63994e902c9deb83fe717a4bbca/execute/async - {"script":"<script> [1562 bytes]","args":[{"selector":{"id":"application-manageconditionprice-display-component---conditions--smartFilterBar-filterItemControl_BASIC-BILL_TYPES-valueHelpDialog-smartFilterBar-btnBasicSearch","searchOpenDialogs":true,"interaction":{"idSuffix":"I"}},"wdio_ui5_key":"applicationmanageconditionprice-display-component---conditions--smartFilterBar-filterItemControl_BASIC-BILL_TYPES-valueHelpDialog-smartFilterBar-btnBasicSearch"}]}
COMMAND: GET /session/130ef63994e902c9deb83fe717a4bbca/screenshot - {}
RESULT: {"script":"<script> [1562 bytes]","args":[{"selector":{"id":"application-manageconditionprice-display-component---conditions--smartFilterBar-filterItemControl_BASIC-BILL_TYPES-valueHelpDialog-smartFilterBar-btnBasicSearch","searchOpenDialogs":true,"interaction":{"idSuffix":"I"}},"wdio_ui5_key":"applicationmanageconditionprice-display-component---conditions--smartFilterBar-filterItemControl_BASIC-BILL_TYPES-valueHelpDialog-smartFilterBar-btnBasicSearch"}]}
RESULT: undefined
COMMAND: POST /session/130ef63994e902c9deb83fe717a4bbca/execute/async - {"script":"<script> [776 bytes]","args":[{"enterText":"TB","selector":{"id":"application-manageconditionprice-display-component---conditions--smartFilterBar-filterItemControl_BASIC-BILL_TYPES-valueHelpDialog-smartFilterBar-btnBasicSearch","searchOpenDialogs":true,"interaction":{"idSuffix":"I"}},"clearTextFirst":true,"interactionType":"ENTER_TEXT"}]}
RESULT: {}
RESULT: {"script":"<script> [776 bytes]","args":[{"enterText":"TB","selector":{"id":"application-manageconditionprice-display-component---conditions--smartFilterBar-filterItemControl_BASIC-BILL_TYPES-valueHelpDialog-smartFilterBar-btnBasicSearch","searchOpenDialogs":true,"interaction":{"idSuffix":"I"}},"clearTextFirst":true,"interactionType":"ENTER_TEXT"}]}
COMMAND: POST /session/130ef63994e902c9deb83fe717a4bbca/actions - {"actions":[{"id":"action71","type":"key","parameters":{},"actions":[{"type":"keyDown","value":""},{"type":"pause","duration":10},{"type":"keyUp","value":""}]}]}
RESULT: {"actions":[{"id":"action71","type":"key","parameters":{},"actions":[{"type":"keyDown","value":""},{"type":"pause","duration":10},{"type":"keyUp","value":""}]}]}
COMMAND: GET /session/130ef63994e902c9deb83fe717a4bbca/screenshot - {}
RESULT: {}
COMMAND: POST /session/130ef63994e902c9deb83fe717a4bbca/element - {"using":"xpath","value":"//div[contains(@id, 'application-manageconditionprice-display-component---conditions--smartFilterBar-filterItemControl_BASIC-BILL_TYPES-valueHelpDialog-table-rowsel0')]"}
RESULT: {"using":"xpath","value":"//div[contains(@id, 'application-manageconditionprice-display-component---conditions--smartFilterBar-filterItemControl_BASIC-BILL_TYPES-valueHelpDialog-table-rowsel0')]"}
COMMAND: POST /session/130ef63994e902c9deb83fe717a4bbca/element/f.DBA113373209FD8E36DE67C53790246B.d.557E9C6851192A9364F1F660F10062A8.e.16973/click - {}
RESULT: {}
COMMAND: GET /session/130ef63994e902c9deb83fe717a4bbca/screenshot - {}
RESULT: {}
COMMAND: POST /session/130ef63994e902c9deb83fe717a4bbca/element - {"using":"xpath","value":"//bdi[contains(text(), \"OK\")]"}
RESULT: {"using":"xpath","value":"//bdi[contains(text(), \"OK\")]"}
COMMAND: POST /session/130ef63994e902c9deb83fe717a4bbca/element/f.DBA113373209FD8E36DE67C53790246B.d.557E9C6851192A9364F1F660F10062A8.e.16975/click - {}
RESULT: {}
COMMAND: GET /session/130ef63994e902c9deb83fe717a4bbca/screenshot - {}
RESULT: {}
COMMAND: POST /session/130ef63994e902c9deb83fe717a4bbca/element - {"using":"xpath","value":"//span[@id=\"application-manageconditionprice-display-component---conditions--smartTable-header-inner\"]"}
RESULT: {"using":"xpath","value":"//span[@id=\"application-manageconditionprice-display-component---conditions--smartTable-header-inner\"]"}
COMMAND: POST /session/130ef63994e902c9deb83fe717a4bbca/elements - {"using":"xpath","value":"//span[@id=\"application-manageconditionprice-display-component---conditions--smartTable-header-inner\"]"}
RESULT: {"using":"xpath","value":"//span[@id=\"application-manageconditionprice-display-component---conditions--smartTable-header-inner\"]"}
COMMAND: POST /session/130ef63994e902c9deb83fe717a4bbca/execute/sync - {"script":"<script> [56 bytes]","args":[{"element-6066-11e4-a52e-4f735466cecf":"f.DBA113373209FD8E36DE67C53790246B.d.557E9C6851192A9364F1F660F10062A8.e.16978","ELEMENT":"f.DBA113373209FD8E36DE67C53790246B.d.557E9C6851192A9364F1F660F10062A8.e.16978"}]}
RESULT: {"script":"<script> [56 bytes]","args":[{"element-6066-11e4-a52e-4f735466cecf":"f.DBA113373209FD8E36DE67C53790246B.d.557E9C6851192A9364F1F660F10062A8.e.16978","ELEMENT":"f.DBA113373209FD8E36DE67C53790246B.d.557E9C6851192A9364F1F660F10062A8.e.16978"}]}
COMMAND: POST /session/130ef63994e902c9deb83fe717a4bbca/element - {"using":"css selector","value":"#shell-header-logo"}
COMMAND: GET /session/130ef63994e902c9deb83fe717a4bbca/screenshot - {}
RESULT: {"using":"css selector","value":"#shell-header-logo"}
COMMAND: POST /session/130ef63994e902c9deb83fe717a4bbca/element/f.DBA113373209FD8E36DE67C53790246B.d.557E9C6851192A9364F1F660F10062A8.e.16700/click - {}
RESULT: {}
RESULT: {}
COMMAND: GET /session/130ef63994e902c9deb83fe717a4bbca/screenshot - {}
RESULT: {}
]]></system-out>
    </testcase>
    <testcase classname="chrome.136_0_7103_93.windows.Billing_Calculation_-_Time_based_(considering_transport_times)_US139738" name="Should do a stock increase for the equipment" time="98.293">
      <system-out><![CDATA[
COMMAND: POST /session/130ef63994e902c9deb83fe717a4bbca/execute/async - {"script":"<script> [1562 bytes]","args":[{"selector":{"controlType":"sap.m.GenericTile","properties":{"header":"Manage Handovers"}},"wdio_ui5_key":"sapm.GenericTile{\"header\":\"Manage Handovers\"}"}]}
RESULT: {"script":"<script> [1562 bytes]","args":[{"selector":{"controlType":"sap.m.GenericTile","properties":{"header":"Manage Handovers"}},"wdio_ui5_key":"sapm.GenericTile{\"header\":\"Manage Handovers\"}"}]}
RESULT: undefined
COMMAND: POST /session/130ef63994e902c9deb83fe717a4bbca/element - {"using":"xpath","value":"//*[@id=\"__tile131\"]"}
RESULT: {"using":"xpath","value":"//*[@id=\"__tile131\"]"}
COMMAND: POST /session/130ef63994e902c9deb83fe717a4bbca/element/f.DBA113373209FD8E36DE67C53790246B.d.557E9C6851192A9364F1F660F10062A8.e.16982/click - {}
RESULT: {}
COMMAND: GET /session/130ef63994e902c9deb83fe717a4bbca/screenshot - {}
RESULT: {}
COMMAND: POST /session/130ef63994e902c9deb83fe717a4bbca/elements - {"using":"xpath","value":"//span[text()='Error']"}
RESULT: {"using":"xpath","value":"//span[text()='Error']"}
COMMAND: POST /session/130ef63994e902c9deb83fe717a4bbca/element - {"using":"xpath","value":"//button[@data-kt=\"masterHOAddButton\"]"}
RESULT: {"using":"xpath","value":"//button[@data-kt=\"masterHOAddButton\"]"}
COMMAND: POST /session/130ef63994e902c9deb83fe717a4bbca/elements - {"using":"xpath","value":"//button[@data-kt=\"masterHOAddButton\"]"}
RESULT: {"using":"xpath","value":"//button[@data-kt=\"masterHOAddButton\"]"}
COMMAND: POST /session/130ef63994e902c9deb83fe717a4bbca/elements - {"using":"xpath","value":"//button[@data-kt=\"masterHOAddButton\"]"}
RESULT: {"using":"xpath","value":"//button[@data-kt=\"masterHOAddButton\"]"}
COMMAND: POST /session/130ef63994e902c9deb83fe717a4bbca/elements - {"using":"xpath","value":"//button[@data-kt=\"masterHOAddButton\"]"}
RESULT: {"using":"xpath","value":"//button[@data-kt=\"masterHOAddButton\"]"}
COMMAND: POST /session/130ef63994e902c9deb83fe717a4bbca/element - {"using":"xpath","value":"//button[@data-kt=\"masterHOAddButton\"]"}
RESULT: {"using":"xpath","value":"//button[@data-kt=\"masterHOAddButton\"]"}
COMMAND: POST /session/130ef63994e902c9deb83fe717a4bbca/execute/sync - {"script":"<script> [8489 bytes]","args":[{"element-6066-11e4-a52e-4f735466cecf":"f.DBA113373209FD8E36DE67C53790246B.d.557E9C6851192A9364F1F660F10062A8.e.17021","ELEMENT":"f.DBA113373209FD8E36DE67C53790246B.d.557E9C6851192A9364F1F660F10062A8.e.17021"}]}
RESULT: {"script":"<script> [8489 bytes]","args":[{"element-6066-11e4-a52e-4f735466cecf":"f.DBA113373209FD8E36DE67C53790246B.d.557E9C6851192A9364F1F660F10062A8.e.17021","ELEMENT":"f.DBA113373209FD8E36DE67C53790246B.d.557E9C6851192A9364F1F660F10062A8.e.17021"}]}
COMMAND: GET /session/130ef63994e902c9deb83fe717a4bbca/element/f.DBA113373209FD8E36DE67C53790246B.d.557E9C6851192A9364F1F660F10062A8.e.17021/enabled - {}
COMMAND: GET /session/130ef63994e902c9deb83fe717a4bbca/screenshot - {}
RESULT: {}
COMMAND: POST /session/130ef63994e902c9deb83fe717a4bbca/execute/sync - {"script":"<script> [8489 bytes]","args":[{"element-6066-11e4-a52e-4f735466cecf":"f.DBA113373209FD8E36DE67C53790246B.d.557E9C6851192A9364F1F660F10062A8.e.17021","ELEMENT":"f.DBA113373209FD8E36DE67C53790246B.d.557E9C6851192A9364F1F660F10062A8.e.17021"}]}
COMMAND: GET /session/130ef63994e902c9deb83fe717a4bbca/screenshot - {}
RESULT: {}
RESULT: {"script":"<script> [8489 bytes]","args":[{"element-6066-11e4-a52e-4f735466cecf":"f.DBA113373209FD8E36DE67C53790246B.d.557E9C6851192A9364F1F660F10062A8.e.17021","ELEMENT":"f.DBA113373209FD8E36DE67C53790246B.d.557E9C6851192A9364F1F660F10062A8.e.17021"}]}
COMMAND: POST /session/130ef63994e902c9deb83fe717a4bbca/execute/sync - {"script":"<script> [5351 bytes]","args":[{"element-6066-11e4-a52e-4f735466cecf":"f.DBA113373209FD8E36DE67C53790246B.d.557E9C6851192A9364F1F660F10062A8.e.17021","ELEMENT":"f.DBA113373209FD8E36DE67C53790246B.d.557E9C6851192A9364F1F660F10062A8.e.17021"}]}
COMMAND: GET /session/130ef63994e902c9deb83fe717a4bbca/screenshot - {}
RESULT: {}
RESULT: {"script":"<script> [5351 bytes]","args":[{"element-6066-11e4-a52e-4f735466cecf":"f.DBA113373209FD8E36DE67C53790246B.d.557E9C6851192A9364F1F660F10062A8.e.17021","ELEMENT":"f.DBA113373209FD8E36DE67C53790246B.d.557E9C6851192A9364F1F660F10062A8.e.17021"}]}
COMMAND: POST /session/130ef63994e902c9deb83fe717a4bbca/element/f.DBA113373209FD8E36DE67C53790246B.d.557E9C6851192A9364F1F660F10062A8.e.17021/click - {}
COMMAND: GET /session/130ef63994e902c9deb83fe717a4bbca/screenshot - {}
RESULT: {}
RESULT: {}
COMMAND: GET /session/130ef63994e902c9deb83fe717a4bbca/screenshot - {}
COMMAND: POST /session/130ef63994e902c9deb83fe717a4bbca/element - {"using":"xpath","value":"//span[contains(@id ,\"AddNewHO--typeSelect-arrow\")]"}
RESULT: {}
RESULT: {}
RESULT: {"using":"xpath","value":"//span[contains(@id ,\"AddNewHO--typeSelect-arrow\")]"}
COMMAND: POST /session/130ef63994e902c9deb83fe717a4bbca/element/f.DBA113373209FD8E36DE67C53790246B.d.557E9C6851192A9364F1F660F10062A8.e.17361/click - {}
RESULT: {}
COMMAND: GET /session/130ef63994e902c9deb83fe717a4bbca/screenshot - {}
RESULT: {}
COMMAND: POST /session/130ef63994e902c9deb83fe717a4bbca/element - {"using":"xpath","value":"(//li[contains(text(), \"stock increase yard\")])[1]"}
RESULT: {"using":"xpath","value":"(//li[contains(text(), \"stock increase yard\")])[1]"}
COMMAND: POST /session/130ef63994e902c9deb83fe717a4bbca/element/f.DBA113373209FD8E36DE67C53790246B.d.557E9C6851192A9364F1F660F10062A8.e.17362/click - {}
RESULT: {}
COMMAND: GET /session/130ef63994e902c9deb83fe717a4bbca/screenshot - {}
RESULT: {}
COMMAND: POST /session/130ef63994e902c9deb83fe717a4bbca/execute/async - {"script":"<script> [1562 bytes]","args":[{"selector":{"id":"application-managehandovers-display-component---AddNewHO--dueDate","interaction":{"idSuffix":"inner"}},"wdio_ui5_key":"applicationmanagehandovers-display-component---AddNewHO--dueDate"}]}
RESULT: {"script":"<script> [1562 bytes]","args":[{"selector":{"id":"application-managehandovers-display-component---AddNewHO--dueDate","interaction":{"idSuffix":"inner"}},"wdio_ui5_key":"applicationmanagehandovers-display-component---AddNewHO--dueDate"}]}
RESULT: undefined
COMMAND: POST /session/130ef63994e902c9deb83fe717a4bbca/execute/async - {"script":"<script> [6424 bytes]","args":[{"element-6066-11e4-a52e-4f735466cecf":"f.DBA113373209FD8E36DE67C53790246B.d.557E9C6851192A9364F1F660F10062A8.e.17366"},"setValue",["5/24/25"]]}
RESULT: {"script":"<script> [6424 bytes]","args":[{"element-6066-11e4-a52e-4f735466cecf":"f.DBA113373209FD8E36DE67C53790246B.d.557E9C6851192A9364F1F660F10062A8.e.17366"},"setValue",["5/24/25"]]}
COMMAND: POST /session/130ef63994e902c9deb83fe717a4bbca/element - {"using":"xpath","value":"//input[@id=\"generalSectionFrg--receiveYard-inner\"]"}
RESULT: {"using":"xpath","value":"//input[@id=\"generalSectionFrg--receiveYard-inner\"]"}
COMMAND: POST /session/130ef63994e902c9deb83fe717a4bbca/element/f.DBA113373209FD8E36DE67C53790246B.d.557E9C6851192A9364F1F660F10062A8.e.17372/clear - {}
RESULT: {}
COMMAND: POST /session/130ef63994e902c9deb83fe717a4bbca/element/f.DBA113373209FD8E36DE67C53790246B.d.557E9C6851192A9364F1F660F10062A8.e.17372/value - {"text":"254"}
COMMAND: GET /session/130ef63994e902c9deb83fe717a4bbca/screenshot - {}
RESULT: {"text":"254"}
COMMAND: GET /session/130ef63994e902c9deb83fe717a4bbca/screenshot - {}
RESULT: {}
RESULT: {}
COMMAND: POST /session/130ef63994e902c9deb83fe717a4bbca/element - {"using":"xpath","value":"//li[.//span[text()='254']]"}
RESULT: {"using":"xpath","value":"//li[.//span[text()='254']]"}
COMMAND: POST /session/130ef63994e902c9deb83fe717a4bbca/element/f.DBA113373209FD8E36DE67C53790246B.d.557E9C6851192A9364F1F660F10062A8.e.17388/click - {}
RESULT: {}
COMMAND: GET /session/130ef63994e902c9deb83fe717a4bbca/screenshot - {}
RESULT: {}
COMMAND: POST /session/130ef63994e902c9deb83fe717a4bbca/execute/async - {"script":"<script> [1562 bytes]","args":[{"selector":{"id":"application-managehandovers-display-component---AddNewHO--ObjectPageLayout-anchBar-application-managehandovers-display-component---AddNewHO--section4-anchor","interaction":{"idSuffix":"BDI-content"}},"wdio_ui5_key":"applicationmanagehandovers-display-component---AddNewHO--ObjectPageLayout-anchBar-application-managehandovers-display-component---AddNewHO--section4-anchor"}]}
RESULT: {"script":"<script> [1562 bytes]","args":[{"selector":{"id":"application-managehandovers-display-component---AddNewHO--ObjectPageLayout-anchBar-application-managehandovers-display-component---AddNewHO--section4-anchor","interaction":{"idSuffix":"BDI-content"}},"wdio_ui5_key":"applicationmanagehandovers-display-component---AddNewHO--ObjectPageLayout-anchBar-application-managehandovers-display-component---AddNewHO--section4-anchor"}]}
RESULT: undefined
COMMAND: POST /session/130ef63994e902c9deb83fe717a4bbca/element - {"using":"xpath","value":"//*[@id=\"application-managehandovers-display-component---AddNewHO--ObjectPageLayout-anchBar-application-managehandovers-display-component---AddNewHO--section4-anchor\"]"}
RESULT: {"using":"xpath","value":"//*[@id=\"application-managehandovers-display-component---AddNewHO--ObjectPageLayout-anchBar-application-managehandovers-display-component---AddNewHO--section4-anchor\"]"}
COMMAND: POST /session/130ef63994e902c9deb83fe717a4bbca/element/f.DBA113373209FD8E36DE67C53790246B.d.557E9C6851192A9364F1F660F10062A8.e.17390/click - {}
RESULT: {}
COMMAND: POST /session/130ef63994e902c9deb83fe717a4bbca/element - {"using":"xpath","value":"//button[@aria-label=\"Add\"]"}
COMMAND: GET /session/130ef63994e902c9deb83fe717a4bbca/screenshot - {}
RESULT: {"using":"xpath","value":"//button[@aria-label=\"Add\"]"}
COMMAND: POST /session/130ef63994e902c9deb83fe717a4bbca/element/f.DBA113373209FD8E36DE67C53790246B.d.557E9C6851192A9364F1F660F10062A8.e.17392/click - {}
RESULT: {}
RESULT: {}
COMMAND: GET /session/130ef63994e902c9deb83fe717a4bbca/screenshot - {}
RESULT: {}
COMMAND: POST /session/130ef63994e902c9deb83fe717a4bbca/execute/async - {"script":"<script> [1562 bytes]","args":[{"selector":{"id":"application-managehandovers-display-component---AddNewHO--smartFilterBar-btnBasicSearch","searchOpenDialogs":true,"interaction":{"idSuffix":"I"}},"wdio_ui5_key":"applicationmanagehandovers-display-component---AddNewHO--smartFilterBar-btnBasicSearch"}]}
RESULT: {"script":"<script> [1562 bytes]","args":[{"selector":{"id":"application-managehandovers-display-component---AddNewHO--smartFilterBar-btnBasicSearch","searchOpenDialogs":true,"interaction":{"idSuffix":"I"}},"wdio_ui5_key":"applicationmanagehandovers-display-component---AddNewHO--smartFilterBar-btnBasicSearch"}]}
RESULT: undefined
COMMAND: POST /session/130ef63994e902c9deb83fe717a4bbca/execute/async - {"script":"<script> [776 bytes]","args":[{"enterText":"1TNF7APpgz","selector":{"id":"application-managehandovers-display-component---AddNewHO--smartFilterBar-btnBasicSearch","searchOpenDialogs":true,"interaction":{"idSuffix":"I"}},"clearTextFirst":true,"interactionType":"ENTER_TEXT"}]}
RESULT: {"script":"<script> [776 bytes]","args":[{"enterText":"1TNF7APpgz","selector":{"id":"application-managehandovers-display-component---AddNewHO--smartFilterBar-btnBasicSearch","searchOpenDialogs":true,"interaction":{"idSuffix":"I"}},"clearTextFirst":true,"interactionType":"ENTER_TEXT"}]}
COMMAND: POST /session/130ef63994e902c9deb83fe717a4bbca/actions - {"actions":[{"id":"action72","type":"key","parameters":{},"actions":[{"type":"keyDown","value":""},{"type":"pause","duration":10},{"type":"keyUp","value":""}]}]}
RESULT: {"actions":[{"id":"action72","type":"key","parameters":{},"actions":[{"type":"keyDown","value":""},{"type":"pause","duration":10},{"type":"keyUp","value":""}]}]}
COMMAND: GET /session/130ef63994e902c9deb83fe717a4bbca/screenshot - {}
RESULT: {}
COMMAND: POST /session/130ef63994e902c9deb83fe717a4bbca/execute/async - {"script":"<script> [1562 bytes]","args":[{"selector":{"id":"application-managehandovers-display-component---AddNewHO--popup-sa","searchOpenDialogs":true,"interaction":{"idSuffix":"CbBg"}},"wdio_ui5_key":"applicationmanagehandovers-display-component---AddNewHO--popup-sa"}]}
RESULT: {"script":"<script> [1562 bytes]","args":[{"selector":{"id":"application-managehandovers-display-component---AddNewHO--popup-sa","searchOpenDialogs":true,"interaction":{"idSuffix":"CbBg"}},"wdio_ui5_key":"applicationmanagehandovers-display-component---AddNewHO--popup-sa"}]}
RESULT: undefined
COMMAND: POST /session/130ef63994e902c9deb83fe717a4bbca/element - {"using":"xpath","value":"//*[@id=\"application-managehandovers-display-component---AddNewHO--popup-sa\"]"}
RESULT: {"using":"xpath","value":"//*[@id=\"application-managehandovers-display-component---AddNewHO--popup-sa\"]"}
COMMAND: POST /session/130ef63994e902c9deb83fe717a4bbca/element/f.DBA113373209FD8E36DE67C53790246B.d.557E9C6851192A9364F1F660F10062A8.e.17546/click - {}
RESULT: {}
COMMAND: GET /session/130ef63994e902c9deb83fe717a4bbca/screenshot - {}
RESULT: {}
COMMAND: POST /session/130ef63994e902c9deb83fe717a4bbca/element - {"using":"xpath","value":"//bdi[contains(text(), \"Select\")]"}
RESULT: {"using":"xpath","value":"//bdi[contains(text(), \"Select\")]"}
COMMAND: POST /session/130ef63994e902c9deb83fe717a4bbca/element/f.DBA113373209FD8E36DE67C53790246B.d.557E9C6851192A9364F1F660F10062A8.e.17547/click - {}
RESULT: {}
COMMAND: GET /session/130ef63994e902c9deb83fe717a4bbca/screenshot - {}
RESULT: {}
COMMAND: POST /session/130ef63994e902c9deb83fe717a4bbca/element - {"using":"xpath","value":"//button[@data-kt=\"AddNewHOSaveButton\"]"}
RESULT: {"using":"xpath","value":"//button[@data-kt=\"AddNewHOSaveButton\"]"}
COMMAND: POST /session/130ef63994e902c9deb83fe717a4bbca/element/f.DBA113373209FD8E36DE67C53790246B.d.557E9C6851192A9364F1F660F10062A8.e.17551/click - {}
RESULT: {}
COMMAND: GET /session/130ef63994e902c9deb83fe717a4bbca/screenshot - {}
COMMAND: POST /session/130ef63994e902c9deb83fe717a4bbca/execute/async - {"script":"<script> [1562 bytes]","args":[{"selector":{"id":"receiptDatePicker","viewName":"etm.portal.ui.managehandovers.view.DetailExecuteHO","interaction":{"idSuffix":"inner"}},"wdio_ui5_key":"receiptDatePickeretmportal.ui.managehandovers.view.DetailExecuteHO"}]}
RESULT: {}
RESULT: {"script":"<script> [1562 bytes]","args":[{"selector":{"id":"receiptDatePicker","viewName":"etm.portal.ui.managehandovers.view.DetailExecuteHO","interaction":{"idSuffix":"inner"}},"wdio_ui5_key":"receiptDatePickeretmportal.ui.managehandovers.view.DetailExecuteHO"}]}
RESULT: undefined
COMMAND: POST /session/130ef63994e902c9deb83fe717a4bbca/execute/async - {"script":"<script> [6424 bytes]","args":[{"element-6066-11e4-a52e-4f735466cecf":"f.DBA113373209FD8E36DE67C53790246B.d.557E9C6851192A9364F1F660F10062A8.e.17574"},"setValue",["5/24/25"]]}
RESULT: {"script":"<script> [6424 bytes]","args":[{"element-6066-11e4-a52e-4f735466cecf":"f.DBA113373209FD8E36DE67C53790246B.d.557E9C6851192A9364F1F660F10062A8.e.17574"},"setValue",["5/24/25"]]}
COMMAND: POST /session/130ef63994e902c9deb83fe717a4bbca/element - {"using":"xpath","value":"//button[@data-kt=\"ReceivingTableConfirmAllButton\"]"}
RESULT: {"using":"xpath","value":"//button[@data-kt=\"ReceivingTableConfirmAllButton\"]"}
COMMAND: POST /session/130ef63994e902c9deb83fe717a4bbca/element/f.DBA113373209FD8E36DE67C53790246B.d.557E9C6851192A9364F1F660F10062A8.e.17590/click - {}
RESULT: {}
COMMAND: GET /session/130ef63994e902c9deb83fe717a4bbca/screenshot - {}
RESULT: {}
COMMAND: POST /session/130ef63994e902c9deb83fe717a4bbca/element - {"using":"xpath","value":"//bdi[contains(text(), \"OK\")]"}
RESULT: {"using":"xpath","value":"//bdi[contains(text(), \"OK\")]"}
COMMAND: POST /session/130ef63994e902c9deb83fe717a4bbca/element/f.DBA113373209FD8E36DE67C53790246B.d.557E9C6851192A9364F1F660F10062A8.e.17592/click - {}
RESULT: {}
COMMAND: GET /session/130ef63994e902c9deb83fe717a4bbca/screenshot - {}
RESULT: {}
COMMAND: POST /session/130ef63994e902c9deb83fe717a4bbca/element - {"using":"xpath","value":"(//bdi[contains(text(), \"Receive\")])[2]"}
RESULT: {"using":"xpath","value":"(//bdi[contains(text(), \"Receive\")])[2]"}
COMMAND: POST /session/130ef63994e902c9deb83fe717a4bbca/element/f.DBA113373209FD8E36DE67C53790246B.d.557E9C6851192A9364F1F660F10062A8.e.17594/click - {}
RESULT: {}
COMMAND: GET /session/130ef63994e902c9deb83fe717a4bbca/screenshot - {}
RESULT: {}
COMMAND: POST /session/130ef63994e902c9deb83fe717a4bbca/element - {"using":"css selector","value":"#shell-header-logo"}
RESULT: {"using":"css selector","value":"#shell-header-logo"}
COMMAND: POST /session/130ef63994e902c9deb83fe717a4bbca/element/f.DBA113373209FD8E36DE67C53790246B.d.557E9C6851192A9364F1F660F10062A8.e.16985/click - {}
RESULT: {}
COMMAND: GET /session/130ef63994e902c9deb83fe717a4bbca/screenshot - {}
RESULT: {}
]]></system-out>
    </testcase>
    <testcase classname="chrome.136_0_7103_93.windows.Billing_Calculation_-_Time_based_(considering_transport_times)_US139738" name="Should create a new contract" time="68.865">
      <system-out><![CDATA[
COMMAND: POST /session/130ef63994e902c9deb83fe717a4bbca/execute/async - {"script":"<script> [1562 bytes]","args":[{"selector":{"controlType":"sap.m.GenericTile","properties":{"header":"Manage Contracts"}},"wdio_ui5_key":"sapm.GenericTile{\"header\":\"Manage Contracts\"}"}]}
RESULT: {"script":"<script> [1562 bytes]","args":[{"selector":{"controlType":"sap.m.GenericTile","properties":{"header":"Manage Contracts"}},"wdio_ui5_key":"sapm.GenericTile{\"header\":\"Manage Contracts\"}"}]}
RESULT: undefined
COMMAND: POST /session/130ef63994e902c9deb83fe717a4bbca/element - {"using":"xpath","value":"//*[@id=\"__tile130\"]"}
RESULT: {"using":"xpath","value":"//*[@id=\"__tile130\"]"}
COMMAND: POST /session/130ef63994e902c9deb83fe717a4bbca/element/f.DBA113373209FD8E36DE67C53790246B.d.557E9C6851192A9364F1F660F10062A8.e.17878/click - {}
RESULT: {}
COMMAND: GET /session/130ef63994e902c9deb83fe717a4bbca/screenshot - {}
RESULT: {}
COMMAND: POST /session/130ef63994e902c9deb83fe717a4bbca/elements - {"using":"xpath","value":"//span[text()='Error']"}
RESULT: {"using":"xpath","value":"//span[text()='Error']"}
COMMAND: POST /session/130ef63994e902c9deb83fe717a4bbca/element - {"using":"xpath","value":"//button[@data-kt=\"addButton\"]"}
RESULT: {"using":"xpath","value":"//button[@data-kt=\"addButton\"]"}
COMMAND: POST /session/130ef63994e902c9deb83fe717a4bbca/elements - {"using":"xpath","value":"//button[@data-kt=\"addButton\"]"}
RESULT: {"using":"xpath","value":"//button[@data-kt=\"addButton\"]"}
COMMAND: POST /session/130ef63994e902c9deb83fe717a4bbca/execute/sync - {"script":"<script> [8489 bytes]","args":[{"element-6066-11e4-a52e-4f735466cecf":"f.DBA113373209FD8E36DE67C53790246B.d.557E9C6851192A9364F1F660F10062A8.e.17928","ELEMENT":"f.DBA113373209FD8E36DE67C53790246B.d.557E9C6851192A9364F1F660F10062A8.e.17928"}]}
RESULT: {"script":"<script> [8489 bytes]","args":[{"element-6066-11e4-a52e-4f735466cecf":"f.DBA113373209FD8E36DE67C53790246B.d.557E9C6851192A9364F1F660F10062A8.e.17928","ELEMENT":"f.DBA113373209FD8E36DE67C53790246B.d.557E9C6851192A9364F1F660F10062A8.e.17928"}]}
COMMAND: GET /session/130ef63994e902c9deb83fe717a4bbca/element/f.DBA113373209FD8E36DE67C53790246B.d.557E9C6851192A9364F1F660F10062A8.e.17928/enabled - {}
COMMAND: GET /session/130ef63994e902c9deb83fe717a4bbca/screenshot - {}
RESULT: {}
COMMAND: POST /session/130ef63994e902c9deb83fe717a4bbca/execute/sync - {"script":"<script> [8489 bytes]","args":[{"element-6066-11e4-a52e-4f735466cecf":"f.DBA113373209FD8E36DE67C53790246B.d.557E9C6851192A9364F1F660F10062A8.e.17928","ELEMENT":"f.DBA113373209FD8E36DE67C53790246B.d.557E9C6851192A9364F1F660F10062A8.e.17928"}]}
COMMAND: GET /session/130ef63994e902c9deb83fe717a4bbca/screenshot - {}
RESULT: {}
RESULT: {"script":"<script> [8489 bytes]","args":[{"element-6066-11e4-a52e-4f735466cecf":"f.DBA113373209FD8E36DE67C53790246B.d.557E9C6851192A9364F1F660F10062A8.e.17928","ELEMENT":"f.DBA113373209FD8E36DE67C53790246B.d.557E9C6851192A9364F1F660F10062A8.e.17928"}]}
COMMAND: POST /session/130ef63994e902c9deb83fe717a4bbca/execute/sync - {"script":"<script> [5351 bytes]","args":[{"element-6066-11e4-a52e-4f735466cecf":"f.DBA113373209FD8E36DE67C53790246B.d.557E9C6851192A9364F1F660F10062A8.e.17928","ELEMENT":"f.DBA113373209FD8E36DE67C53790246B.d.557E9C6851192A9364F1F660F10062A8.e.17928"}]}
COMMAND: GET /session/130ef63994e902c9deb83fe717a4bbca/screenshot - {}
RESULT: {}
RESULT: {"script":"<script> [5351 bytes]","args":[{"element-6066-11e4-a52e-4f735466cecf":"f.DBA113373209FD8E36DE67C53790246B.d.557E9C6851192A9364F1F660F10062A8.e.17928","ELEMENT":"f.DBA113373209FD8E36DE67C53790246B.d.557E9C6851192A9364F1F660F10062A8.e.17928"}]}
COMMAND: GET /session/130ef63994e902c9deb83fe717a4bbca/screenshot - {}
RESULT: {}
RESULT: {}
COMMAND: POST /session/130ef63994e902c9deb83fe717a4bbca/element/f.DBA113373209FD8E36DE67C53790246B.d.557E9C6851192A9364F1F660F10062A8.e.17928/click - {}
RESULT: {}
COMMAND: GET /session/130ef63994e902c9deb83fe717a4bbca/screenshot - {}
COMMAND: POST /session/130ef63994e902c9deb83fe717a4bbca/execute/async - {"script":"<script> [1562 bytes]","args":[{"selector":{"id":"application-managecontracts-display-component---AddNewContract--projectDescription","interaction":{"idSuffix":"inner"}},"wdio_ui5_key":"applicationmanagecontracts-display-component---AddNewContract--projectDescription"}]}
RESULT: {}
RESULT: {"script":"<script> [1562 bytes]","args":[{"selector":{"id":"application-managecontracts-display-component---AddNewContract--projectDescription","interaction":{"idSuffix":"inner"}},"wdio_ui5_key":"applicationmanagecontracts-display-component---AddNewContract--projectDescription"}]}
RESULT: undefined
COMMAND: POST /session/130ef63994e902c9deb83fe717a4bbca/execute/async - {"script":"<script> [776 bytes]","args":[{"enterText":"Contract WDIO","selector":{"id":"application-managecontracts-display-component---AddNewContract--projectDescription","interaction":{"idSuffix":"inner"}},"clearTextFirst":true,"interactionType":"ENTER_TEXT"}]}
RESULT: {"script":"<script> [776 bytes]","args":[{"enterText":"Contract WDIO","selector":{"id":"application-managecontracts-display-component---AddNewContract--projectDescription","interaction":{"idSuffix":"inner"}},"clearTextFirst":true,"interactionType":"ENTER_TEXT"}]}
COMMAND: POST /session/130ef63994e902c9deb83fe717a4bbca/element - {"using":"xpath","value":"//input[@id=\"application-managecontracts-display-component---AddNewContract--site-inner\"]"}
RESULT: {"using":"xpath","value":"//input[@id=\"application-managecontracts-display-component---AddNewContract--site-inner\"]"}
COMMAND: POST /session/130ef63994e902c9deb83fe717a4bbca/element/f.DBA113373209FD8E36DE67C53790246B.d.557E9C6851192A9364F1F660F10062A8.e.18246/clear - {}
RESULT: {}
COMMAND: POST /session/130ef63994e902c9deb83fe717a4bbca/element/f.DBA113373209FD8E36DE67C53790246B.d.557E9C6851192A9364F1F660F10062A8.e.18246/value - {"text":"2099"}
COMMAND: GET /session/130ef63994e902c9deb83fe717a4bbca/screenshot - {}
RESULT: {"text":"2099"}
COMMAND: GET /session/130ef63994e902c9deb83fe717a4bbca/screenshot - {}
RESULT: {}
RESULT: {}
COMMAND: POST /session/130ef63994e902c9deb83fe717a4bbca/element - {"using":"xpath","value":"//li[.//span[text()='2099']]"}
RESULT: {"using":"xpath","value":"//li[.//span[text()='2099']]"}
COMMAND: POST /session/130ef63994e902c9deb83fe717a4bbca/element/f.DBA113373209FD8E36DE67C53790246B.d.557E9C6851192A9364F1F660F10062A8.e.18328/click - {}
RESULT: {}
COMMAND: GET /session/130ef63994e902c9deb83fe717a4bbca/screenshot - {}
RESULT: {}
COMMAND: POST /session/130ef63994e902c9deb83fe717a4bbca/element - {"using":"xpath","value":"//input[@id=\"application-managecontracts-display-component---AddNewContract--yardId-inner\"]"}
RESULT: {"using":"xpath","value":"//input[@id=\"application-managecontracts-display-component---AddNewContract--yardId-inner\"]"}
COMMAND: GET /session/130ef63994e902c9deb83fe717a4bbca/element/f.DBA113373209FD8E36DE67C53790246B.d.557E9C6851192A9364F1F660F10062A8.e.18247/property/value - {}
RESULT: {}
COMMAND: POST /session/130ef63994e902c9deb83fe717a4bbca/element - {"using":"xpath","value":"//input[@id=\"application-managecontracts-display-component---AddNewContract--customerSelect-inner\"]"}
COMMAND: GET /session/130ef63994e902c9deb83fe717a4bbca/screenshot - {}
RESULT: {"using":"xpath","value":"//input[@id=\"application-managecontracts-display-component---AddNewContract--customerSelect-inner\"]"}
COMMAND: POST /session/130ef63994e902c9deb83fe717a4bbca/element/f.DBA113373209FD8E36DE67C53790246B.d.557E9C6851192A9364F1F660F10062A8.e.18245/clear - {}
RESULT: {}
RESULT: {}
COMMAND: POST /session/130ef63994e902c9deb83fe717a4bbca/element/f.DBA113373209FD8E36DE67C53790246B.d.557E9C6851192A9364F1F660F10062A8.e.18245/value - {"text":"1102"}
COMMAND: GET /session/130ef63994e902c9deb83fe717a4bbca/screenshot - {}
RESULT: {"text":"1102"}
COMMAND: GET /session/130ef63994e902c9deb83fe717a4bbca/screenshot - {}
RESULT: {}
RESULT: {}
COMMAND: POST /session/130ef63994e902c9deb83fe717a4bbca/element - {"using":"xpath","value":"//li[.//span[text()='1102']]"}
RESULT: {"using":"xpath","value":"//li[.//span[text()='1102']]"}
COMMAND: POST /session/130ef63994e902c9deb83fe717a4bbca/element/f.DBA113373209FD8E36DE67C53790246B.d.557E9C6851192A9364F1F660F10062A8.e.18331/click - {}
RESULT: {}
COMMAND: GET /session/130ef63994e902c9deb83fe717a4bbca/screenshot - {}
RESULT: {}
COMMAND: POST /session/130ef63994e902c9deb83fe717a4bbca/element - {"using":"xpath","value":"//button[@data-kt=\"saveButton\"]"}
RESULT: {"using":"xpath","value":"//button[@data-kt=\"saveButton\"]"}
COMMAND: POST /session/130ef63994e902c9deb83fe717a4bbca/element/f.DBA113373209FD8E36DE67C53790246B.d.557E9C6851192A9364F1F660F10062A8.e.18321/click - {}
RESULT: {}
COMMAND: GET /session/130ef63994e902c9deb83fe717a4bbca/screenshot - {}
RESULT: {}
COMMAND: POST /session/130ef63994e902c9deb83fe717a4bbca/element - {"using":"xpath","value":"//span[contains(@id ,\"contractDetailTitleNoExpanded\")]"}
RESULT: {"using":"xpath","value":"//span[contains(@id ,\"contractDetailTitleNoExpanded\")]"}
COMMAND: POST /session/130ef63994e902c9deb83fe717a4bbca/elements - {"using":"xpath","value":"//span[contains(@id ,\"contractDetailTitleNoExpanded\")]"}
RESULT: {"using":"xpath","value":"//span[contains(@id ,\"contractDetailTitleNoExpanded\")]"}
COMMAND: POST /session/130ef63994e902c9deb83fe717a4bbca/execute/sync - {"script":"<script> [56 bytes]","args":[{"element-6066-11e4-a52e-4f735466cecf":"f.DBA113373209FD8E36DE67C53790246B.d.557E9C6851192A9364F1F660F10062A8.e.18342","ELEMENT":"f.DBA113373209FD8E36DE67C53790246B.d.557E9C6851192A9364F1F660F10062A8.e.18342"}]}
RESULT: {"script":"<script> [56 bytes]","args":[{"element-6066-11e4-a52e-4f735466cecf":"f.DBA113373209FD8E36DE67C53790246B.d.557E9C6851192A9364F1F660F10062A8.e.18342","ELEMENT":"f.DBA113373209FD8E36DE67C53790246B.d.557E9C6851192A9364F1F660F10062A8.e.18342"}]}
COMMAND: GET /session/130ef63994e902c9deb83fe717a4bbca/screenshot - {}
RESULT: {}
]]></system-out>
    </testcase>
    <testcase classname="chrome.136_0_7103_93.windows.Billing_Calculation_-_Time_based_(considering_transport_times)_US139738" name="Should add transport time checkbox on contract details" time="16.159">
      <system-out><![CDATA[
COMMAND: POST /session/130ef63994e902c9deb83fe717a4bbca/element - {"using":"xpath","value":"//button[@data-kt=\"contractDetailEditBtnButton\"]"}
RESULT: {"using":"xpath","value":"//button[@data-kt=\"contractDetailEditBtnButton\"]"}
COMMAND: POST /session/130ef63994e902c9deb83fe717a4bbca/element/f.DBA113373209FD8E36DE67C53790246B.d.557E9C6851192A9364F1F660F10062A8.e.18343/click - {}
RESULT: {}
COMMAND: GET /session/130ef63994e902c9deb83fe717a4bbca/screenshot - {}
RESULT: {}
COMMAND: POST /session/130ef63994e902c9deb83fe717a4bbca/element - {"using":"xpath","value":"(//span[contains(text(), \"Contract Billing\")])[2]"}
RESULT: {"using":"xpath","value":"(//span[contains(text(), \"Contract Billing\")])[2]"}
COMMAND: POST /session/130ef63994e902c9deb83fe717a4bbca/element/f.DBA113373209FD8E36DE67C53790246B.d.557E9C6851192A9364F1F660F10062A8.e.18399/click - {}
RESULT: {}
COMMAND: GET /session/130ef63994e902c9deb83fe717a4bbca/screenshot - {}
RESULT: {}
COMMAND: POST /session/130ef63994e902c9deb83fe717a4bbca/element - {"using":"xpath","value":"(//div[contains(@id, \"transportTimesBilled-CbBg\")])"}
RESULT: {"using":"xpath","value":"(//div[contains(@id, \"transportTimesBilled-CbBg\")])"}
COMMAND: POST /session/130ef63994e902c9deb83fe717a4bbca/element/f.DBA113373209FD8E36DE67C53790246B.d.557E9C6851192A9364F1F660F10062A8.e.18430/click - {}
RESULT: {}
COMMAND: GET /session/130ef63994e902c9deb83fe717a4bbca/screenshot - {}
RESULT: {}
COMMAND: POST /session/130ef63994e902c9deb83fe717a4bbca/element - {"using":"xpath","value":"(//button[@data-kt=\"saveButton\"])[2]"}
RESULT: {"using":"xpath","value":"(//button[@data-kt=\"saveButton\"])[2]"}
COMMAND: POST /session/130ef63994e902c9deb83fe717a4bbca/element/f.DBA113373209FD8E36DE67C53790246B.d.557E9C6851192A9364F1F660F10062A8.e.18431/click - {}
RESULT: {}
COMMAND: GET /session/130ef63994e902c9deb83fe717a4bbca/screenshot - {}
RESULT: {}
]]></system-out>
    </testcase>
    <testcase classname="chrome.136_0_7103_93.windows.Billing_Calculation_-_Time_based_(considering_transport_times)_US139738" name="Should add created equipment to contract" time="49.629">
      <system-out><![CDATA[
COMMAND: POST /session/130ef63994e902c9deb83fe717a4bbca/element - {"using":"xpath","value":"//button[@data-kt=\"contractDetailEditBtnButton\"]"}
RESULT: {"using":"xpath","value":"//button[@data-kt=\"contractDetailEditBtnButton\"]"}
COMMAND: POST /session/130ef63994e902c9deb83fe717a4bbca/element/f.DBA113373209FD8E36DE67C53790246B.d.557E9C6851192A9364F1F660F10062A8.e.18343/click - {}
RESULT: {}
COMMAND: GET /session/130ef63994e902c9deb83fe717a4bbca/screenshot - {}
RESULT: {}
COMMAND: POST /session/130ef63994e902c9deb83fe717a4bbca/element - {"using":"xpath","value":"(//span[contains(text(), \"Additional Addresses\")])[2]"}
RESULT: {"using":"xpath","value":"(//span[contains(text(), \"Additional Addresses\")])[2]"}
COMMAND: POST /session/130ef63994e902c9deb83fe717a4bbca/element/f.DBA113373209FD8E36DE67C53790246B.d.557E9C6851192A9364F1F660F10062A8.e.18450/click - {}
RESULT: {}
COMMAND: GET /session/130ef63994e902c9deb83fe717a4bbca/screenshot - {}
RESULT: {}
COMMAND: POST /session/130ef63994e902c9deb83fe717a4bbca/element - {"using":"xpath","value":"//button[@data-kt=\"btnAddTableRowOverflowToolbarButton\"]"}
RESULT: {"using":"xpath","value":"//button[@data-kt=\"btnAddTableRowOverflowToolbarButton\"]"}
COMMAND: POST /session/130ef63994e902c9deb83fe717a4bbca/element/f.DBA113373209FD8E36DE67C53790246B.d.557E9C6851192A9364F1F660F10062A8.e.18452/click - {}
RESULT: {}
COMMAND: GET /session/130ef63994e902c9deb83fe717a4bbca/screenshot - {}
RESULT: {}
COMMAND: POST /session/130ef63994e902c9deb83fe717a4bbca/element - {"using":"xpath","value":"//div[(text() = 'Standard Entry' or . = 'Standard Entry')]"}
RESULT: {"using":"xpath","value":"//div[(text() = 'Standard Entry' or . = 'Standard Entry')]"}
COMMAND: POST /session/130ef63994e902c9deb83fe717a4bbca/element/f.DBA113373209FD8E36DE67C53790246B.d.557E9C6851192A9364F1F660F10062A8.e.18454/click - {}
RESULT: {}
COMMAND: GET /session/130ef63994e902c9deb83fe717a4bbca/screenshot - {}
RESULT: {}
COMMAND: POST /session/130ef63994e902c9deb83fe717a4bbca/element - {"using":"xpath","value":"//td[7]/div/div/input"}
RESULT: {"using":"xpath","value":"//td[7]/div/div/input"}
COMMAND: POST /session/130ef63994e902c9deb83fe717a4bbca/element/f.DBA113373209FD8E36DE67C53790246B.d.557E9C6851192A9364F1F660F10062A8.e.18463/clear - {}
RESULT: {}
COMMAND: POST /session/130ef63994e902c9deb83fe717a4bbca/element/f.DBA113373209FD8E36DE67C53790246B.d.557E9C6851192A9364F1F660F10062A8.e.18463/value - {"text":"1TNF7APpgz"}
COMMAND: GET /session/130ef63994e902c9deb83fe717a4bbca/screenshot - {}
RESULT: {"text":"1TNF7APpgz"}
COMMAND: GET /session/130ef63994e902c9deb83fe717a4bbca/screenshot - {}
RESULT: {}
RESULT: {}
COMMAND: POST /session/130ef63994e902c9deb83fe717a4bbca/actions - {"actions":[{"id":"action73","type":"key","parameters":{},"actions":[{"type":"keyDown","value":""},{"type":"pause","duration":10},{"type":"keyUp","value":""}]}]}
RESULT: {"actions":[{"id":"action73","type":"key","parameters":{},"actions":[{"type":"keyDown","value":""},{"type":"pause","duration":10},{"type":"keyUp","value":""}]}]}
COMMAND: GET /session/130ef63994e902c9deb83fe717a4bbca/screenshot - {}
RESULT: {}
COMMAND: POST /session/130ef63994e902c9deb83fe717a4bbca/execute/sync - {"script":"<script> [276 bytes]","args":["No pricing information was found"]}
RESULT: {"script":"<script> [276 bytes]","args":["No pricing information was found"]}
COMMAND: POST /session/130ef63994e902c9deb83fe717a4bbca/element - {"using":"xpath","value":"(//button[@data-kt=\"saveButton\"])[2]"}
COMMAND: GET /session/130ef63994e902c9deb83fe717a4bbca/screenshot - {}
RESULT: {"using":"xpath","value":"(//button[@data-kt=\"saveButton\"])[2]"}
COMMAND: POST /session/130ef63994e902c9deb83fe717a4bbca/element/f.DBA113373209FD8E36DE67C53790246B.d.557E9C6851192A9364F1F660F10062A8.e.18431/click - {}
RESULT: {}
RESULT: {}
COMMAND: GET /session/130ef63994e902c9deb83fe717a4bbca/screenshot - {}
RESULT: {}
COMMAND: POST /session/130ef63994e902c9deb83fe717a4bbca/execute/sync - {"script":"<script> [276 bytes]","args":["Some contract items are having rental validity exceeding header rental validity"]}
RESULT: {"script":"<script> [276 bytes]","args":["Some contract items are having rental validity exceeding header rental validity"]}
COMMAND: GET /session/130ef63994e902c9deb83fe717a4bbca/screenshot - {}
RESULT: {}
COMMAND: POST /session/130ef63994e902c9deb83fe717a4bbca/element - {"using":"xpath","value":"//span[contains(@id ,\"contractItemsSmartTable-header-inner\")]"}
RESULT: {"using":"xpath","value":"//span[contains(@id ,\"contractItemsSmartTable-header-inner\")]"}
COMMAND: POST /session/130ef63994e902c9deb83fe717a4bbca/elements - {"using":"xpath","value":"//span[contains(@id ,\"contractItemsSmartTable-header-inner\")]"}
RESULT: {"using":"xpath","value":"//span[contains(@id ,\"contractItemsSmartTable-header-inner\")]"}
COMMAND: POST /session/130ef63994e902c9deb83fe717a4bbca/execute/sync - {"script":"<script> [56 bytes]","args":[{"element-6066-11e4-a52e-4f735466cecf":"f.DBA113373209FD8E36DE67C53790246B.d.557E9C6851192A9364F1F660F10062A8.e.18485","ELEMENT":"f.DBA113373209FD8E36DE67C53790246B.d.557E9C6851192A9364F1F660F10062A8.e.18485"}]}
RESULT: {"script":"<script> [56 bytes]","args":[{"element-6066-11e4-a52e-4f735466cecf":"f.DBA113373209FD8E36DE67C53790246B.d.557E9C6851192A9364F1F660F10062A8.e.18485","ELEMENT":"f.DBA113373209FD8E36DE67C53790246B.d.557E9C6851192A9364F1F660F10062A8.e.18485"}]}
COMMAND: GET /session/130ef63994e902c9deb83fe717a4bbca/screenshot - {}
]]></system-out>
    </testcase>
    <testcase classname="chrome.136_0_7103_93.windows.Billing_Calculation_-_Time_based_(considering_transport_times)_US139738" name="Should do a provide to site 2 step" time="170.016">
      <system-out><![CDATA[
COMMAND: POST /session/130ef63994e902c9deb83fe717a4bbca/element - {"using":"xpath","value":"//button[@data-kt=\"provideButton\"]"}
RESULT: {}
RESULT: {"using":"xpath","value":"//button[@data-kt=\"provideButton\"]"}
COMMAND: POST /session/130ef63994e902c9deb83fe717a4bbca/element/f.DBA113373209FD8E36DE67C53790246B.d.557E9C6851192A9364F1F660F10062A8.e.18486/click - {}
RESULT: {}
COMMAND: GET /session/130ef63994e902c9deb83fe717a4bbca/screenshot - {}
RESULT: {}
COMMAND: POST /session/130ef63994e902c9deb83fe717a4bbca/element - {"using":"xpath","value":"(//div[contains(@id, \"application-managehandovers-display-component---AddNewHO--oneStep-CbBg\")])"}
RESULT: {"using":"xpath","value":"(//div[contains(@id, \"application-managehandovers-display-component---AddNewHO--oneStep-CbBg\")])"}
COMMAND: POST /session/130ef63994e902c9deb83fe717a4bbca/element - {"using":"xpath","value":"(//div[contains(@id, \"application-managehandovers-display-component---AddNewHO--oneStep-CbBg\")])/input"}
RESULT: {"using":"xpath","value":"(//div[contains(@id, \"application-managehandovers-display-component---AddNewHO--oneStep-CbBg\")])/input"}
COMMAND: GET /session/130ef63994e902c9deb83fe717a4bbca/element/f.DBA113373209FD8E36DE67C53790246B.d.557E9C6851192A9364F1F660F10062A8.e.18566/attribute/checked - {}
RESULT: {}
RESULT: undefined
COMMAND: POST /session/130ef63994e902c9deb83fe717a4bbca/execute/async - {"script":"<script> [6424 bytes]","args":[{"element-6066-11e4-a52e-4f735466cecf":"f.DBA113373209FD8E36DE67C53790246B.d.557E9C6851192A9364F1F660F10062A8.e.17366"},"setValue",["5/24/25"]]}
COMMAND: POST /session/130ef63994e902c9deb83fe717a4bbca/element/f.DBA113373209FD8E36DE67C53790246B.d.557E9C6851192A9364F1F660F10062A8.e.18802/click - {}
COMMAND: POST /session/130ef63994e902c9deb83fe717a4bbca/execute/async - {"script":"<script> [1562 bytes]","args":[{"selector":{"id":"application-managehandovers-display-component---AddNewHO--dueDate","interaction":{"idSuffix":"inner"}},"wdio_ui5_key":"applicationmanagehandovers-display-component---AddNewHO--dueDate"}]}
RESULT: {}
COMMAND: GET /session/130ef63994e902c9deb83fe717a4bbca/screenshot - {}
RESULT: {"script":"<script> [1562 bytes]","args":[{"selector":{"id":"application-managehandovers-display-component---AddNewHO--dueDate","interaction":{"idSuffix":"inner"}},"wdio_ui5_key":"applicationmanagehandovers-display-component---AddNewHO--dueDate"}]}
COMMAND: POST /session/130ef63994e902c9deb83fe717a4bbca/execute/async - {"script":"<script> [6424 bytes]","args":[{"element-6066-11e4-a52e-4f735466cecf":"f.DBA113373209FD8E36DE67C53790246B.d.557E9C6851192A9364F1F660F10062A8.e.18562"},"setValue",["5/24/25"]]}
RESULT: {}
RESULT: {"script":"<script> [6424 bytes]","args":[{"element-6066-11e4-a52e-4f735466cecf":"f.DBA113373209FD8E36DE67C53790246B.d.557E9C6851192A9364F1F660F10062A8.e.18562"},"setValue",["5/24/25"]]}
COMMAND: POST /session/130ef63994e902c9deb83fe717a4bbca/element - {"using":"xpath","value":"//bdi[contains(text(), \"Instructions\")]"}
RESULT: {"using":"xpath","value":"//bdi[contains(text(), \"Instructions\")]"}
COMMAND: POST /session/130ef63994e902c9deb83fe717a4bbca/element/f.DBA113373209FD8E36DE67C53790246B.d.557E9C6851192A9364F1F660F10062A8.e.18804/click - {}
RESULT: {}
COMMAND: GET /session/130ef63994e902c9deb83fe717a4bbca/screenshot - {}
RESULT: {}
COMMAND: POST /session/130ef63994e902c9deb83fe717a4bbca/element - {"using":"xpath","value":"//button[@data-kt=\"AddNewHOProvideAddItemsButton\"]"}
RESULT: {"using":"xpath","value":"//button[@data-kt=\"AddNewHOProvideAddItemsButton\"]"}
COMMAND: POST /session/130ef63994e902c9deb83fe717a4bbca/element/f.DBA113373209FD8E36DE67C53790246B.d.557E9C6851192A9364F1F660F10062A8.e.18808/click - {}
RESULT: {}
COMMAND: GET /session/130ef63994e902c9deb83fe717a4bbca/screenshot - {}
RESULT: {}
RESULT: undefined
COMMAND: POST /session/130ef63994e902c9deb83fe717a4bbca/element - {"using":"xpath","value":"//*[@id=\"application-managehandovers-display-component---AddNewHO--popup-sa\"]"}
RESULT: {"using":"xpath","value":"//*[@id=\"application-managehandovers-display-component---AddNewHO--popup-sa\"]"}
COMMAND: POST /session/130ef63994e902c9deb83fe717a4bbca/element/f.DBA113373209FD8E36DE67C53790246B.d.557E9C6851192A9364F1F660F10062A8.e.18818/click - {}
RESULT: {}
COMMAND: GET /session/130ef63994e902c9deb83fe717a4bbca/screenshot - {}
RESULT: {}
COMMAND: POST /session/130ef63994e902c9deb83fe717a4bbca/element - {"using":"xpath","value":"//*[contains(@id ,\"BDI-content\")][contains(text(), \"Select\")]"}
RESULT: {"using":"xpath","value":"//*[contains(@id ,\"BDI-content\")][contains(text(), \"Select\")]"}
COMMAND: POST /session/130ef63994e902c9deb83fe717a4bbca/element/f.DBA113373209FD8E36DE67C53790246B.d.557E9C6851192A9364F1F660F10062A8.e.18819/click - {}
RESULT: {}
COMMAND: GET /session/130ef63994e902c9deb83fe717a4bbca/screenshot - {}
RESULT: {}
COMMAND: POST /session/130ef63994e902c9deb83fe717a4bbca/execute/async - {"script":"<script> [1562 bytes]","args":[{"selector":{"id":"application-managehandovers-display-component---AddNewHO--confirmCreationButton","interaction":{"idSuffix":"BDI-content"}},"wdio_ui5_key":"applicationmanagehandovers-display-component---AddNewHO--confirmCreationButton"}]}
RESULT: {"script":"<script> [1562 bytes]","args":[{"selector":{"id":"application-managehandovers-display-component---AddNewHO--confirmCreationButton","interaction":{"idSuffix":"BDI-content"}},"wdio_ui5_key":"applicationmanagehandovers-display-component---AddNewHO--confirmCreationButton"}]}
RESULT: undefined
COMMAND: POST /session/130ef63994e902c9deb83fe717a4bbca/element - {"using":"xpath","value":"//*[@id=\"application-managehandovers-display-component---AddNewHO--confirmCreationButton\"]"}
RESULT: {"using":"xpath","value":"//*[@id=\"application-managehandovers-display-component---AddNewHO--confirmCreationButton\"]"}
COMMAND: POST /session/130ef63994e902c9deb83fe717a4bbca/element/f.DBA113373209FD8E36DE67C53790246B.d.557E9C6851192A9364F1F660F10062A8.e.18610/click - {}
RESULT: {}
COMMAND: GET /session/130ef63994e902c9deb83fe717a4bbca/screenshot - {}
RESULT: {}
COMMAND: POST /session/130ef63994e902c9deb83fe717a4bbca/execute/async - {"script":"<script> [1562 bytes]","args":[{"selector":{"id":"issueDatePicker","viewName":"etm.portal.ui.managehandovers.view.DetailExecuteHO","interaction":{"idSuffix":"inner"}},"wdio_ui5_key":"issueDatePickeretmportal.ui.managehandovers.view.DetailExecuteHO"}]}
RESULT: {"script":"<script> [1562 bytes]","args":[{"selector":{"id":"issueDatePicker","viewName":"etm.portal.ui.managehandovers.view.DetailExecuteHO","interaction":{"idSuffix":"inner"}},"wdio_ui5_key":"issueDatePickeretmportal.ui.managehandovers.view.DetailExecuteHO"}]}
RESULT: undefined
COMMAND: POST /session/130ef63994e902c9deb83fe717a4bbca/execute/async - {"script":"<script> [776 bytes]","args":[{"enterText":"5/24/25","selector":{"id":"issueDatePicker","viewName":"etm.portal.ui.managehandovers.view.DetailExecuteHO","interaction":{"idSuffix":"inner"}},"clearTextFirst":true,"interactionType":"ENTER_TEXT"}]}
RESULT: {"script":"<script> [776 bytes]","args":[{"enterText":"5/24/25","selector":{"id":"issueDatePicker","viewName":"etm.portal.ui.managehandovers.view.DetailExecuteHO","interaction":{"idSuffix":"inner"}},"clearTextFirst":true,"interactionType":"ENTER_TEXT"}]}
COMMAND: POST /session/130ef63994e902c9deb83fe717a4bbca/element - {"using":"xpath","value":"//button[@data-kt=\"PickingTableConfirmAllButton\"]"}
RESULT: {"using":"xpath","value":"//button[@data-kt=\"PickingTableConfirmAllButton\"]"}
COMMAND: POST /session/130ef63994e902c9deb83fe717a4bbca/element/f.DBA113373209FD8E36DE67C53790246B.d.557E9C6851192A9364F1F660F10062A8.e.18880/click - {}
RESULT: {}
COMMAND: GET /session/130ef63994e902c9deb83fe717a4bbca/screenshot - {}
RESULT: {}
COMMAND: POST /session/130ef63994e902c9deb83fe717a4bbca/element - {"using":"xpath","value":"//bdi[contains(text(), \"OK\")]"}
RESULT: {"using":"xpath","value":"//bdi[contains(text(), \"OK\")]"}
COMMAND: POST /session/130ef63994e902c9deb83fe717a4bbca/element/f.DBA113373209FD8E36DE67C53790246B.d.557E9C6851192A9364F1F660F10062A8.e.18884/click - {}
RESULT: {}
COMMAND: GET /session/130ef63994e902c9deb83fe717a4bbca/screenshot - {}
RESULT: {}
COMMAND: POST /session/130ef63994e902c9deb83fe717a4bbca/element - {"using":"xpath","value":"//button[@data-kt=\"execHoPickButton\"]"}
RESULT: {"using":"xpath","value":"//button[@data-kt=\"execHoPickButton\"]"}
COMMAND: POST /session/130ef63994e902c9deb83fe717a4bbca/element/f.DBA113373209FD8E36DE67C53790246B.d.557E9C6851192A9364F1F660F10062A8.e.18885/click - {}
RESULT: {}
COMMAND: GET /session/130ef63994e902c9deb83fe717a4bbca/screenshot - {}
RESULT: {}
COMMAND: POST /session/130ef63994e902c9deb83fe717a4bbca/element - {"using":"xpath","value":"//span[contains(@id ,\"filterItemControl_BASIC-RECEIVE_CONTRACT-vhi\")]"}
RESULT: {"using":"xpath","value":"//span[contains(@id ,\"filterItemControl_BASIC-RECEIVE_CONTRACT-vhi\")]"}
COMMAND: POST /session/130ef63994e902c9deb83fe717a4bbca/element/f.DBA113373209FD8E36DE67C53790246B.d.557E9C6851192A9364F1F660F10062A8.e.19055/click - {}
RESULT: {}
COMMAND: GET /session/130ef63994e902c9deb83fe717a4bbca/screenshot - {}
RESULT: {}
COMMAND: POST /session/130ef63994e902c9deb83fe717a4bbca/execute/async - {"script":"<script> [1562 bytes]","args":[{"selector":{"controlType":"sap.m.SearchField","viewName":"etm.portal.ui.managehandovers.view.MasterHO","bindingPath":{"path":"","propertyPath":"/_BASIC_SEARCH_FIELD","modelName":"fi1t3rM0d31"},"searchOpenDialogs":true,"interaction":{"idSuffix":"I"}},"wdio_ui5_key":"etmportal.ui.managehandovers.view.MasterHOsap.m.SearchField{\"path\":\"\",\"propertyPath\":\"/_BASIC_SEARCH_FIELD\",\"modelName\":\"fi1t3rM0d31\"}"}]}
RESULT: {"script":"<script> [1562 bytes]","args":[{"selector":{"controlType":"sap.m.SearchField","viewName":"etm.portal.ui.managehandovers.view.MasterHO","bindingPath":{"path":"","propertyPath":"/_BASIC_SEARCH_FIELD","modelName":"fi1t3rM0d31"},"searchOpenDialogs":true,"interaction":{"idSuffix":"I"}},"wdio_ui5_key":"etmportal.ui.managehandovers.view.MasterHOsap.m.SearchField{\"path\":\"\",\"propertyPath\":\"/_BASIC_SEARCH_FIELD\",\"modelName\":\"fi1t3rM0d31\"}"}]}
RESULT: undefined
COMMAND: POST /session/130ef63994e902c9deb83fe717a4bbca/execute/async - {"script":"<script> [776 bytes]","args":[{"enterText":"10197","selector":{"controlType":"sap.m.SearchField","viewName":"etm.portal.ui.managehandovers.view.MasterHO","bindingPath":{"path":"","propertyPath":"/_BASIC_SEARCH_FIELD","modelName":"fi1t3rM0d31"},"searchOpenDialogs":true,"interaction":{"idSuffix":"I"}},"clearTextFirst":true,"interactionType":"ENTER_TEXT"}]}
RESULT: {"script":"<script> [776 bytes]","args":[{"enterText":"10197","selector":{"controlType":"sap.m.SearchField","viewName":"etm.portal.ui.managehandovers.view.MasterHO","bindingPath":{"path":"","propertyPath":"/_BASIC_SEARCH_FIELD","modelName":"fi1t3rM0d31"},"searchOpenDialogs":true,"interaction":{"idSuffix":"I"}},"clearTextFirst":true,"interactionType":"ENTER_TEXT"}]}
COMMAND: POST /session/130ef63994e902c9deb83fe717a4bbca/actions - {"actions":[{"id":"action74","type":"key","parameters":{},"actions":[{"type":"keyDown","value":""},{"type":"pause","duration":10},{"type":"keyUp","value":""}]}]}
RESULT: {"actions":[{"id":"action74","type":"key","parameters":{},"actions":[{"type":"keyDown","value":""},{"type":"pause","duration":10},{"type":"keyUp","value":""}]}]}
COMMAND: GET /session/130ef63994e902c9deb83fe717a4bbca/screenshot - {}
RESULT: {}
COMMAND: POST /session/130ef63994e902c9deb83fe717a4bbca/element - {"using":"xpath","value":"//div[contains(@id, 'filterItemControl_BASIC-RECEIVE_CONTRACT-valueHelpDialog-table-rowsel0')]"}
RESULT: {"using":"xpath","value":"//div[contains(@id, 'filterItemControl_BASIC-RECEIVE_CONTRACT-valueHelpDialog-table-rowsel0')]"}
COMMAND: POST /session/130ef63994e902c9deb83fe717a4bbca/element/f.DBA113373209FD8E36DE67C53790246B.d.557E9C6851192A9364F1F660F10062A8.e.19065/click - {}
RESULT: {}
COMMAND: GET /session/130ef63994e902c9deb83fe717a4bbca/screenshot - {}
RESULT: {}
COMMAND: POST /session/130ef63994e902c9deb83fe717a4bbca/element - {"using":"xpath","value":"//bdi[contains(text(), \"OK\")]"}
RESULT: {"using":"xpath","value":"//bdi[contains(text(), \"OK\")]"}
COMMAND: POST /session/130ef63994e902c9deb83fe717a4bbca/element/f.DBA113373209FD8E36DE67C53790246B.d.557E9C6851192A9364F1F660F10062A8.e.19067/click - {}
RESULT: {}
COMMAND: GET /session/130ef63994e902c9deb83fe717a4bbca/screenshot - {}
RESULT: {}
COMMAND: POST /session/130ef63994e902c9deb83fe717a4bbca/element - {"using":"xpath","value":"//span[contains(@id, \"smartTable-header-inner\")]"}
RESULT: {"using":"xpath","value":"//span[contains(@id, \"smartTable-header-inner\")]"}
COMMAND: POST /session/130ef63994e902c9deb83fe717a4bbca/elements - {"using":"xpath","value":"//span[contains(@id, \"smartTable-header-inner\")]"}
RESULT: {"using":"xpath","value":"//span[contains(@id, \"smartTable-header-inner\")]"}
COMMAND: POST /session/130ef63994e902c9deb83fe717a4bbca/execute/sync - {"script":"<script> [56 bytes]","args":[{"element-6066-11e4-a52e-4f735466cecf":"f.DBA113373209FD8E36DE67C53790246B.d.557E9C6851192A9364F1F660F10062A8.e.19096","ELEMENT":"f.DBA113373209FD8E36DE67C53790246B.d.557E9C6851192A9364F1F660F10062A8.e.19096"}]}
RESULT: {"script":"<script> [56 bytes]","args":[{"element-6066-11e4-a52e-4f735466cecf":"f.DBA113373209FD8E36DE67C53790246B.d.557E9C6851192A9364F1F660F10062A8.e.19096","ELEMENT":"f.DBA113373209FD8E36DE67C53790246B.d.557E9C6851192A9364F1F660F10062A8.e.19096"}]}
COMMAND: POST /session/130ef63994e902c9deb83fe717a4bbca/element - {"using":"xpath","value":"//table[contains(@id, \"customHandovers\")]//tbody/tr[1]/td[2]/span"}
COMMAND: GET /session/130ef63994e902c9deb83fe717a4bbca/screenshot - {}
RESULT: {"using":"xpath","value":"//table[contains(@id, \"customHandovers\")]//tbody/tr[1]/td[2]/span"}
COMMAND: POST /session/130ef63994e902c9deb83fe717a4bbca/execute/sync - {"script":"<script> [56 bytes]","args":[{"element-6066-11e4-a52e-4f735466cecf":"f.DBA113373209FD8E36DE67C53790246B.d.557E9C6851192A9364F1F660F10062A8.e.19097","ELEMENT":"f.DBA113373209FD8E36DE67C53790246B.d.557E9C6851192A9364F1F660F10062A8.e.19097"}]}
RESULT: {}
RESULT: {"script":"<script> [56 bytes]","args":[{"element-6066-11e4-a52e-4f735466cecf":"f.DBA113373209FD8E36DE67C53790246B.d.557E9C6851192A9364F1F660F10062A8.e.19097","ELEMENT":"f.DBA113373209FD8E36DE67C53790246B.d.557E9C6851192A9364F1F660F10062A8.e.19097"}]}
COMMAND: POST /session/130ef63994e902c9deb83fe717a4bbca/element - {"using":"xpath","value":"(//span[contains(@id, \"imgNav\")])[1]"}
COMMAND: GET /session/130ef63994e902c9deb83fe717a4bbca/screenshot - {}
RESULT: {"using":"xpath","value":"(//span[contains(@id, \"imgNav\")])[1]"}
COMMAND: POST /session/130ef63994e902c9deb83fe717a4bbca/element/f.DBA113373209FD8E36DE67C53790246B.d.557E9C6851192A9364F1F660F10062A8.e.19093/click - {}
RESULT: {}
RESULT: {}
COMMAND: GET /session/130ef63994e902c9deb83fe717a4bbca/screenshot - {}
RESULT: {}
RESULT: undefined
COMMAND: POST /session/130ef63994e902c9deb83fe717a4bbca/execute/async - {"script":"<script> [776 bytes]","args":[{"enterText":"5/24/25","selector":{"id":"issueDatePicker","viewName":"etm.portal.ui.managehandovers.view.DetailExecuteHO","interaction":{"idSuffix":"inner"}},"clearTextFirst":true,"interactionType":"ENTER_TEXT"}]}
RESULT: {"script":"<script> [776 bytes]","args":[{"enterText":"5/24/25","selector":{"id":"issueDatePicker","viewName":"etm.portal.ui.managehandovers.view.DetailExecuteHO","interaction":{"idSuffix":"inner"}},"clearTextFirst":true,"interactionType":"ENTER_TEXT"}]}
COMMAND: POST /session/130ef63994e902c9deb83fe717a4bbca/element - {"using":"xpath","value":"//button[@data-kt=\"IssuingTableConfirmAllButton\"]"}
RESULT: {"using":"xpath","value":"//button[@data-kt=\"IssuingTableConfirmAllButton\"]"}
COMMAND: POST /session/130ef63994e902c9deb83fe717a4bbca/element/f.DBA113373209FD8E36DE67C53790246B.d.557E9C6851192A9364F1F660F10062A8.e.19138/click - {}
RESULT: {}
COMMAND: GET /session/130ef63994e902c9deb83fe717a4bbca/screenshot - {}
RESULT: {}
COMMAND: POST /session/130ef63994e902c9deb83fe717a4bbca/element - {"using":"xpath","value":"//bdi[contains(text(), \"OK\")]"}
RESULT: {"using":"xpath","value":"//bdi[contains(text(), \"OK\")]"}
COMMAND: POST /session/130ef63994e902c9deb83fe717a4bbca/element/f.DBA113373209FD8E36DE67C53790246B.d.557E9C6851192A9364F1F660F10062A8.e.19157/click - {}
RESULT: {}
COMMAND: GET /session/130ef63994e902c9deb83fe717a4bbca/screenshot - {}
RESULT: {}
COMMAND: POST /session/130ef63994e902c9deb83fe717a4bbca/element - {"using":"xpath","value":"//button[@data-kt=\"execHoIssueButton\"]"}
RESULT: {"using":"xpath","value":"//button[@data-kt=\"execHoIssueButton\"]"}
COMMAND: POST /session/130ef63994e902c9deb83fe717a4bbca/element/f.DBA113373209FD8E36DE67C53790246B.d.557E9C6851192A9364F1F660F10062A8.e.19158/click - {}
RESULT: {}
COMMAND: GET /session/130ef63994e902c9deb83fe717a4bbca/screenshot - {}
RESULT: {}
COMMAND: POST /session/130ef63994e902c9deb83fe717a4bbca/element - {"using":"xpath","value":"//input[contains(@id ,\"smartFilterBar-btnBasicSearch-I\")]"}
RESULT: {"using":"xpath","value":"//input[contains(@id ,\"smartFilterBar-btnBasicSearch-I\")]"}
COMMAND: POST /session/130ef63994e902c9deb83fe717a4bbca/elements - {"using":"xpath","value":"//input[contains(@id ,\"smartFilterBar-btnBasicSearch-I\")]"}
RESULT: {"using":"xpath","value":"//input[contains(@id ,\"smartFilterBar-btnBasicSearch-I\")]"}
COMMAND: POST /session/130ef63994e902c9deb83fe717a4bbca/execute/sync - {"script":"<script> [8489 bytes]","args":[{"element-6066-11e4-a52e-4f735466cecf":"f.DBA113373209FD8E36DE67C53790246B.d.557E9C6851192A9364F1F660F10062A8.e.18561","ELEMENT":"f.DBA113373209FD8E36DE67C53790246B.d.557E9C6851192A9364F1F660F10062A8.e.18561"}]}
RESULT: {"script":"<script> [8489 bytes]","args":[{"element-6066-11e4-a52e-4f735466cecf":"f.DBA113373209FD8E36DE67C53790246B.d.557E9C6851192A9364F1F660F10062A8.e.18561","ELEMENT":"f.DBA113373209FD8E36DE67C53790246B.d.557E9C6851192A9364F1F660F10062A8.e.18561"}]}
COMMAND: GET /session/130ef63994e902c9deb83fe717a4bbca/element/f.DBA113373209FD8E36DE67C53790246B.d.557E9C6851192A9364F1F660F10062A8.e.18561/enabled - {}
COMMAND: GET /session/130ef63994e902c9deb83fe717a4bbca/screenshot - {}
RESULT: {}
COMMAND: POST /session/130ef63994e902c9deb83fe717a4bbca/element/f.DBA113373209FD8E36DE67C53790246B.d.557E9C6851192A9364F1F660F10062A8.e.18561/clear - {}
COMMAND: GET /session/130ef63994e902c9deb83fe717a4bbca/screenshot - {}
RESULT: {}
RESULT: {}
COMMAND: POST /session/130ef63994e902c9deb83fe717a4bbca/element/f.DBA113373209FD8E36DE67C53790246B.d.557E9C6851192A9364F1F660F10062A8.e.18561/value - {"text":"30402"}
COMMAND: GET /session/130ef63994e902c9deb83fe717a4bbca/screenshot - {}
RESULT: {}
RESULT: {"text":"30402"}
COMMAND: GET /session/130ef63994e902c9deb83fe717a4bbca/screenshot - {}
RESULT: {}
RESULT: {}
COMMAND: POST /session/130ef63994e902c9deb83fe717a4bbca/actions - {"actions":[{"id":"action75","type":"key","parameters":{},"actions":[{"type":"keyDown","value":""},{"type":"pause","duration":10},{"type":"keyUp","value":""}]}]}
RESULT: {"actions":[{"id":"action75","type":"key","parameters":{},"actions":[{"type":"keyDown","value":""},{"type":"pause","duration":10},{"type":"keyUp","value":""}]}]}
COMMAND: GET /session/130ef63994e902c9deb83fe717a4bbca/screenshot - {}
RESULT: {}
COMMAND: POST /session/130ef63994e902c9deb83fe717a4bbca/element - {"using":"xpath","value":"//span[contains(@id, \"smartTable-header-inner\")]"}
RESULT: {"using":"xpath","value":"//span[contains(@id, \"smartTable-header-inner\")]"}
COMMAND: POST /session/130ef63994e902c9deb83fe717a4bbca/elements - {"using":"xpath","value":"//span[contains(@id, \"smartTable-header-inner\")]"}
RESULT: {"using":"xpath","value":"//span[contains(@id, \"smartTable-header-inner\")]"}
COMMAND: POST /session/130ef63994e902c9deb83fe717a4bbca/execute/sync - {"script":"<script> [56 bytes]","args":[{"element-6066-11e4-a52e-4f735466cecf":"f.DBA113373209FD8E36DE67C53790246B.d.557E9C6851192A9364F1F660F10062A8.e.19096","ELEMENT":"f.DBA113373209FD8E36DE67C53790246B.d.557E9C6851192A9364F1F660F10062A8.e.19096"}]}
RESULT: {"script":"<script> [56 bytes]","args":[{"element-6066-11e4-a52e-4f735466cecf":"f.DBA113373209FD8E36DE67C53790246B.d.557E9C6851192A9364F1F660F10062A8.e.19096","ELEMENT":"f.DBA113373209FD8E36DE67C53790246B.d.557E9C6851192A9364F1F660F10062A8.e.19096"}]}
COMMAND: POST /session/130ef63994e902c9deb83fe717a4bbca/elements - {"using":"xpath","value":"//thead[contains(@class, \"sapMTableTH\")]/tr/th"}
COMMAND: GET /session/130ef63994e902c9deb83fe717a4bbca/screenshot - {}
RESULT: {"using":"xpath","value":"//thead[contains(@class, \"sapMTableTH\")]/tr/th"}
COMMAND: GET /session/130ef63994e902c9deb83fe717a4bbca/element/f.DBA113373209FD8E36DE67C53790246B.d.557E9C6851192A9364F1F660F10062A8.e.19203/text - {}
RESULT: {}
RESULT: {}
COMMAND: GET /session/130ef63994e902c9deb83fe717a4bbca/element/f.DBA113373209FD8E36DE67C53790246B.d.557E9C6851192A9364F1F660F10062A8.e.19204/text - {}
RESULT: {}
COMMAND: GET /session/130ef63994e902c9deb83fe717a4bbca/element/f.DBA113373209FD8E36DE67C53790246B.d.557E9C6851192A9364F1F660F10062A8.e.18555/text - {}
RESULT: {}
COMMAND: GET /session/130ef63994e902c9deb83fe717a4bbca/element/f.DBA113373209FD8E36DE67C53790246B.d.557E9C6851192A9364F1F660F10062A8.e.18557/text - {}
RESULT: {}
COMMAND: GET /session/130ef63994e902c9deb83fe717a4bbca/element/f.DBA113373209FD8E36DE67C53790246B.d.557E9C6851192A9364F1F660F10062A8.e.19163/text - {}
RESULT: {}
COMMAND: GET /session/130ef63994e902c9deb83fe717a4bbca/element/f.DBA113373209FD8E36DE67C53790246B.d.557E9C6851192A9364F1F660F10062A8.e.19164/text - {}
RESULT: {}
COMMAND: GET /session/130ef63994e902c9deb83fe717a4bbca/element/f.DBA113373209FD8E36DE67C53790246B.d.557E9C6851192A9364F1F660F10062A8.e.19165/text - {}
RESULT: {}
COMMAND: GET /session/130ef63994e902c9deb83fe717a4bbca/element/f.DBA113373209FD8E36DE67C53790246B.d.557E9C6851192A9364F1F660F10062A8.e.19166/text - {}
RESULT: {}
COMMAND: GET /session/130ef63994e902c9deb83fe717a4bbca/element/f.DBA113373209FD8E36DE67C53790246B.d.557E9C6851192A9364F1F660F10062A8.e.19167/text - {}
RESULT: {}
COMMAND: GET /session/130ef63994e902c9deb83fe717a4bbca/element/f.DBA113373209FD8E36DE67C53790246B.d.557E9C6851192A9364F1F660F10062A8.e.19168/text - {}
RESULT: {}
COMMAND: GET /session/130ef63994e902c9deb83fe717a4bbca/element/f.DBA113373209FD8E36DE67C53790246B.d.557E9C6851192A9364F1F660F10062A8.e.19169/text - {}
RESULT: {}
COMMAND: GET /session/130ef63994e902c9deb83fe717a4bbca/element/f.DBA113373209FD8E36DE67C53790246B.d.557E9C6851192A9364F1F660F10062A8.e.19170/text - {}
RESULT: {}
COMMAND: GET /session/130ef63994e902c9deb83fe717a4bbca/element/f.DBA113373209FD8E36DE67C53790246B.d.557E9C6851192A9364F1F660F10062A8.e.19171/text - {}
RESULT: {}
COMMAND: GET /session/130ef63994e902c9deb83fe717a4bbca/element/f.DBA113373209FD8E36DE67C53790246B.d.557E9C6851192A9364F1F660F10062A8.e.18558/text - {}
RESULT: {}
COMMAND: POST /session/130ef63994e902c9deb83fe717a4bbca/element - {"using":"xpath","value":"//tbody[contains(@id, \"customHandoversTable-tblBody\")]/tr[1]/td[14]/div/span"}
RESULT: {"using":"xpath","value":"//tbody[contains(@id, \"customHandoversTable-tblBody\")]/tr[1]/td[14]/div/span"}
COMMAND: POST /session/130ef63994e902c9deb83fe717a4bbca/execute/sync - {"script":"<script> [56 bytes]","args":[{"element-6066-11e4-a52e-4f735466cecf":"f.DBA113373209FD8E36DE67C53790246B.d.557E9C6851192A9364F1F660F10062A8.e.19253","ELEMENT":"f.DBA113373209FD8E36DE67C53790246B.d.557E9C6851192A9364F1F660F10062A8.e.19253"}]}
RESULT: {"script":"<script> [56 bytes]","args":[{"element-6066-11e4-a52e-4f735466cecf":"f.DBA113373209FD8E36DE67C53790246B.d.557E9C6851192A9364F1F660F10062A8.e.19253","ELEMENT":"f.DBA113373209FD8E36DE67C53790246B.d.557E9C6851192A9364F1F660F10062A8.e.19253"}]}
COMMAND: POST /session/130ef63994e902c9deb83fe717a4bbca/element - {"using":"xpath","value":"(//span[contains(@id, \"imgNav\")])[1]"}
COMMAND: GET /session/130ef63994e902c9deb83fe717a4bbca/screenshot - {}
RESULT: {"using":"xpath","value":"(//span[contains(@id, \"imgNav\")])[1]"}
COMMAND: POST /session/130ef63994e902c9deb83fe717a4bbca/element/f.DBA113373209FD8E36DE67C53790246B.d.557E9C6851192A9364F1F660F10062A8.e.19199/click - {}
RESULT: {}
RESULT: {}
COMMAND: GET /session/130ef63994e902c9deb83fe717a4bbca/screenshot - {}
RESULT: {}
RESULT: undefined
COMMAND: POST /session/130ef63994e902c9deb83fe717a4bbca/execute/async - {"script":"<script> [776 bytes]","args":[{"enterText":"5/31/25","selector":{"id":"receiptDatePicker","viewName":"etm.portal.ui.managehandovers.view.DetailExecuteHO","interaction":{"idSuffix":"inner"}},"clearTextFirst":true,"interactionType":"ENTER_TEXT"}]}
RESULT: {"script":"<script> [776 bytes]","args":[{"enterText":"5/31/25","selector":{"id":"receiptDatePicker","viewName":"etm.portal.ui.managehandovers.view.DetailExecuteHO","interaction":{"idSuffix":"inner"}},"clearTextFirst":true,"interactionType":"ENTER_TEXT"}]}
COMMAND: POST /session/130ef63994e902c9deb83fe717a4bbca/element - {"using":"xpath","value":"//bdi[contains(text(), \"OK\")]"}
RESULT: {"using":"xpath","value":"//bdi[contains(text(), \"OK\")]"}
COMMAND: POST /session/130ef63994e902c9deb83fe717a4bbca/element/f.DBA113373209FD8E36DE67C53790246B.d.557E9C6851192A9364F1F660F10062A8.e.19280/click - {}
RESULT: {}
COMMAND: GET /session/130ef63994e902c9deb83fe717a4bbca/screenshot - {}
RESULT: {}
COMMAND: POST /session/130ef63994e902c9deb83fe717a4bbca/element - {"using":"xpath","value":"//button[@data-kt=\"ReceivingTableConfirmAllButton\"]"}
RESULT: {"using":"xpath","value":"//button[@data-kt=\"ReceivingTableConfirmAllButton\"]"}
COMMAND: POST /session/130ef63994e902c9deb83fe717a4bbca/element/f.DBA113373209FD8E36DE67C53790246B.d.557E9C6851192A9364F1F660F10062A8.e.19266/click - {}
RESULT: {}
COMMAND: GET /session/130ef63994e902c9deb83fe717a4bbca/screenshot - {}
RESULT: {}
COMMAND: POST /session/130ef63994e902c9deb83fe717a4bbca/element - {"using":"xpath","value":"//bdi[contains(text(), \"OK\")]"}
RESULT: {"using":"xpath","value":"//bdi[contains(text(), \"OK\")]"}
COMMAND: POST /session/130ef63994e902c9deb83fe717a4bbca/element/f.DBA113373209FD8E36DE67C53790246B.d.557E9C6851192A9364F1F660F10062A8.e.19296/click - {}
RESULT: {}
COMMAND: GET /session/130ef63994e902c9deb83fe717a4bbca/screenshot - {}
RESULT: {}
COMMAND: POST /session/130ef63994e902c9deb83fe717a4bbca/element - {"using":"xpath","value":"//button[@data-kt= \"execHoReceiveButton\"]"}
RESULT: {"using":"xpath","value":"//button[@data-kt= \"execHoReceiveButton\"]"}
COMMAND: POST /session/130ef63994e902c9deb83fe717a4bbca/element/f.DBA113373209FD8E36DE67C53790246B.d.557E9C6851192A9364F1F660F10062A8.e.19298/click - {}
RESULT: {}
COMMAND: GET /session/130ef63994e902c9deb83fe717a4bbca/screenshot - {}
RESULT: {}
COMMAND: POST /session/130ef63994e902c9deb83fe717a4bbca/element - {"using":"xpath","value":"//input[contains(@id ,\"smartFilterBar-btnBasicSearch-I\")]"}
RESULT: {"using":"xpath","value":"//input[contains(@id ,\"smartFilterBar-btnBasicSearch-I\")]"}
COMMAND: POST /session/130ef63994e902c9deb83fe717a4bbca/elements - {"using":"xpath","value":"//input[contains(@id ,\"smartFilterBar-btnBasicSearch-I\")]"}
RESULT: {"using":"xpath","value":"//input[contains(@id ,\"smartFilterBar-btnBasicSearch-I\")]"}
COMMAND: POST /session/130ef63994e902c9deb83fe717a4bbca/execute/sync - {"script":"<script> [8489 bytes]","args":[{"element-6066-11e4-a52e-4f735466cecf":"f.DBA113373209FD8E36DE67C53790246B.d.557E9C6851192A9364F1F660F10062A8.e.18561","ELEMENT":"f.DBA113373209FD8E36DE67C53790246B.d.557E9C6851192A9364F1F660F10062A8.e.18561"}]}
RESULT: {"script":"<script> [8489 bytes]","args":[{"element-6066-11e4-a52e-4f735466cecf":"f.DBA113373209FD8E36DE67C53790246B.d.557E9C6851192A9364F1F660F10062A8.e.18561","ELEMENT":"f.DBA113373209FD8E36DE67C53790246B.d.557E9C6851192A9364F1F660F10062A8.e.18561"}]}
COMMAND: GET /session/130ef63994e902c9deb83fe717a4bbca/element/f.DBA113373209FD8E36DE67C53790246B.d.557E9C6851192A9364F1F660F10062A8.e.18561/enabled - {}
COMMAND: GET /session/130ef63994e902c9deb83fe717a4bbca/screenshot - {}
RESULT: {}
COMMAND: POST /session/130ef63994e902c9deb83fe717a4bbca/element/f.DBA113373209FD8E36DE67C53790246B.d.557E9C6851192A9364F1F660F10062A8.e.18561/clear - {}
COMMAND: GET /session/130ef63994e902c9deb83fe717a4bbca/screenshot - {}
RESULT: {}
RESULT: {}
COMMAND: POST /session/130ef63994e902c9deb83fe717a4bbca/element/f.DBA113373209FD8E36DE67C53790246B.d.557E9C6851192A9364F1F660F10062A8.e.18561/value - {"text":"30402"}
COMMAND: GET /session/130ef63994e902c9deb83fe717a4bbca/screenshot - {}
RESULT: {}
RESULT: {"text":"30402"}
COMMAND: GET /session/130ef63994e902c9deb83fe717a4bbca/screenshot - {}
RESULT: {}
RESULT: {}
COMMAND: POST /session/130ef63994e902c9deb83fe717a4bbca/actions - {"actions":[{"id":"action76","type":"key","parameters":{},"actions":[{"type":"keyDown","value":""},{"type":"pause","duration":10},{"type":"keyUp","value":""}]}]}
RESULT: {"actions":[{"id":"action76","type":"key","parameters":{},"actions":[{"type":"keyDown","value":""},{"type":"pause","duration":10},{"type":"keyUp","value":""}]}]}
COMMAND: GET /session/130ef63994e902c9deb83fe717a4bbca/screenshot - {}
RESULT: {}
COMMAND: POST /session/130ef63994e902c9deb83fe717a4bbca/element - {"using":"xpath","value":"//span[contains(@id, \"smartTable-header-inner\")]"}
RESULT: {"using":"xpath","value":"//span[contains(@id, \"smartTable-header-inner\")]"}
COMMAND: POST /session/130ef63994e902c9deb83fe717a4bbca/elements - {"using":"xpath","value":"//span[contains(@id, \"smartTable-header-inner\")]"}
RESULT: {"using":"xpath","value":"//span[contains(@id, \"smartTable-header-inner\")]"}
COMMAND: POST /session/130ef63994e902c9deb83fe717a4bbca/execute/sync - {"script":"<script> [56 bytes]","args":[{"element-6066-11e4-a52e-4f735466cecf":"f.DBA113373209FD8E36DE67C53790246B.d.557E9C6851192A9364F1F660F10062A8.e.19096","ELEMENT":"f.DBA113373209FD8E36DE67C53790246B.d.557E9C6851192A9364F1F660F10062A8.e.19096"}]}
RESULT: {"script":"<script> [56 bytes]","args":[{"element-6066-11e4-a52e-4f735466cecf":"f.DBA113373209FD8E36DE67C53790246B.d.557E9C6851192A9364F1F660F10062A8.e.19096","ELEMENT":"f.DBA113373209FD8E36DE67C53790246B.d.557E9C6851192A9364F1F660F10062A8.e.19096"}]}
COMMAND: POST /session/130ef63994e902c9deb83fe717a4bbca/elements - {"using":"xpath","value":"//thead[contains(@class, \"sapMTableTH\")]/tr/th"}
COMMAND: GET /session/130ef63994e902c9deb83fe717a4bbca/screenshot - {}
RESULT: {"using":"xpath","value":"//thead[contains(@class, \"sapMTableTH\")]/tr/th"}
COMMAND: GET /session/130ef63994e902c9deb83fe717a4bbca/element/f.DBA113373209FD8E36DE67C53790246B.d.557E9C6851192A9364F1F660F10062A8.e.19203/text - {}
RESULT: {}
RESULT: {}
COMMAND: GET /session/130ef63994e902c9deb83fe717a4bbca/element/f.DBA113373209FD8E36DE67C53790246B.d.557E9C6851192A9364F1F660F10062A8.e.19204/text - {}
RESULT: {}
COMMAND: GET /session/130ef63994e902c9deb83fe717a4bbca/element/f.DBA113373209FD8E36DE67C53790246B.d.557E9C6851192A9364F1F660F10062A8.e.18555/text - {}
RESULT: {}
COMMAND: GET /session/130ef63994e902c9deb83fe717a4bbca/element/f.DBA113373209FD8E36DE67C53790246B.d.557E9C6851192A9364F1F660F10062A8.e.18557/text - {}
RESULT: {}
COMMAND: GET /session/130ef63994e902c9deb83fe717a4bbca/element/f.DBA113373209FD8E36DE67C53790246B.d.557E9C6851192A9364F1F660F10062A8.e.19303/text - {}
RESULT: {}
COMMAND: GET /session/130ef63994e902c9deb83fe717a4bbca/element/f.DBA113373209FD8E36DE67C53790246B.d.557E9C6851192A9364F1F660F10062A8.e.19304/text - {}
RESULT: {}
COMMAND: GET /session/130ef63994e902c9deb83fe717a4bbca/element/f.DBA113373209FD8E36DE67C53790246B.d.557E9C6851192A9364F1F660F10062A8.e.19305/text - {}
RESULT: {}
COMMAND: GET /session/130ef63994e902c9deb83fe717a4bbca/element/f.DBA113373209FD8E36DE67C53790246B.d.557E9C6851192A9364F1F660F10062A8.e.19306/text - {}
RESULT: {}
COMMAND: GET /session/130ef63994e902c9deb83fe717a4bbca/element/f.DBA113373209FD8E36DE67C53790246B.d.557E9C6851192A9364F1F660F10062A8.e.19307/text - {}
RESULT: {}
COMMAND: GET /session/130ef63994e902c9deb83fe717a4bbca/element/f.DBA113373209FD8E36DE67C53790246B.d.557E9C6851192A9364F1F660F10062A8.e.19308/text - {}
RESULT: {}
COMMAND: GET /session/130ef63994e902c9deb83fe717a4bbca/element/f.DBA113373209FD8E36DE67C53790246B.d.557E9C6851192A9364F1F660F10062A8.e.19309/text - {}
RESULT: {}
COMMAND: GET /session/130ef63994e902c9deb83fe717a4bbca/element/f.DBA113373209FD8E36DE67C53790246B.d.557E9C6851192A9364F1F660F10062A8.e.19310/text - {}
RESULT: {}
COMMAND: GET /session/130ef63994e902c9deb83fe717a4bbca/element/f.DBA113373209FD8E36DE67C53790246B.d.557E9C6851192A9364F1F660F10062A8.e.19311/text - {}
RESULT: {}
COMMAND: GET /session/130ef63994e902c9deb83fe717a4bbca/element/f.DBA113373209FD8E36DE67C53790246B.d.557E9C6851192A9364F1F660F10062A8.e.18558/text - {}
RESULT: {}
COMMAND: POST /session/130ef63994e902c9deb83fe717a4bbca/element - {"using":"xpath","value":"//tbody[contains(@id, \"customHandoversTable-tblBody\")]/tr[1]/td[14]/div/span"}
RESULT: {"using":"xpath","value":"//tbody[contains(@id, \"customHandoversTable-tblBody\")]/tr[1]/td[14]/div/span"}
COMMAND: POST /session/130ef63994e902c9deb83fe717a4bbca/execute/sync - {"script":"<script> [56 bytes]","args":[{"element-6066-11e4-a52e-4f735466cecf":"f.DBA113373209FD8E36DE67C53790246B.d.557E9C6851192A9364F1F660F10062A8.e.19355","ELEMENT":"f.DBA113373209FD8E36DE67C53790246B.d.557E9C6851192A9364F1F660F10062A8.e.19355"}]}
RESULT: {"script":"<script> [56 bytes]","args":[{"element-6066-11e4-a52e-4f735466cecf":"f.DBA113373209FD8E36DE67C53790246B.d.557E9C6851192A9364F1F660F10062A8.e.19355","ELEMENT":"f.DBA113373209FD8E36DE67C53790246B.d.557E9C6851192A9364F1F660F10062A8.e.19355"}]}
COMMAND: POST /session/130ef63994e902c9deb83fe717a4bbca/element - {"using":"css selector","value":"#shell-header-logo"}
COMMAND: GET /session/130ef63994e902c9deb83fe717a4bbca/screenshot - {}
RESULT: {"using":"css selector","value":"#shell-header-logo"}
COMMAND: POST /session/130ef63994e902c9deb83fe717a4bbca/element/f.DBA113373209FD8E36DE67C53790246B.d.557E9C6851192A9364F1F660F10062A8.e.17881/click - {}
RESULT: {}
RESULT: {}
COMMAND: GET /session/130ef63994e902c9deb83fe717a4bbca/screenshot - {}
RESULT: {}
]]></system-out>
    </testcase>
    <testcase classname="chrome.136_0_7103_93.windows.Billing_Calculation_-_Time_based_(considering_transport_times)_US139738" name="Should navigate to Manage Billings and trigger contract calculation business confirm it" time="69.573">
      <system-out><![CDATA[
COMMAND: POST /session/130ef63994e902c9deb83fe717a4bbca/execute/async - {"script":"<script> [1562 bytes]","args":[{"selector":{"controlType":"sap.m.GenericTile","properties":{"header":"Manage Billings"}},"wdio_ui5_key":"sapm.GenericTile{\"header\":\"Manage Billings\"}"}]}
RESULT: {"script":"<script> [1562 bytes]","args":[{"selector":{"controlType":"sap.m.GenericTile","properties":{"header":"Manage Billings"}},"wdio_ui5_key":"sapm.GenericTile{\"header\":\"Manage Billings\"}"}]}
RESULT: undefined
COMMAND: POST /session/130ef63994e902c9deb83fe717a4bbca/element - {"using":"xpath","value":"//*[@id=\"__tile51\"]"}
RESULT: {"using":"xpath","value":"//*[@id=\"__tile51\"]"}
COMMAND: POST /session/130ef63994e902c9deb83fe717a4bbca/element/f.DBA113373209FD8E36DE67C53790246B.d.557E9C6851192A9364F1F660F10062A8.e.15749/click - {}
RESULT: {}
COMMAND: GET /session/130ef63994e902c9deb83fe717a4bbca/screenshot - {}
COMMAND: POST /session/130ef63994e902c9deb83fe717a4bbca/elements - {"using":"xpath","value":"//span[text()='Error']"}
RESULT: {}
RESULT: {"using":"xpath","value":"//span[text()='Error']"}
COMMAND: POST /session/130ef63994e902c9deb83fe717a4bbca/execute/async - {"script":"<script> [1562 bytes]","args":[{"selector":{"id":"application-managebillings-display-component---billRunCalcResult--smartFilterBar-btnBasicSearch","interaction":{"idSuffix":"I"}},"wdio_ui5_key":"applicationmanagebillings-display-component---billRunCalcResult--smartFilterBar-btnBasicSearch"}]}
RESULT: {"script":"<script> [1562 bytes]","args":[{"selector":{"id":"application-managebillings-display-component---billRunCalcResult--smartFilterBar-btnBasicSearch","interaction":{"idSuffix":"I"}},"wdio_ui5_key":"applicationmanagebillings-display-component---billRunCalcResult--smartFilterBar-btnBasicSearch"}]}
RESULT: undefined
COMMAND: POST /session/130ef63994e902c9deb83fe717a4bbca/execute/async - {"script":"<script> [776 bytes]","args":[{"enterText":"10197","selector":{"id":"application-managebillings-display-component---billRunCalcResult--smartFilterBar-btnBasicSearch","interaction":{"idSuffix":"I"}},"clearTextFirst":true,"interactionType":"ENTER_TEXT"}]}
RESULT: {"script":"<script> [776 bytes]","args":[{"enterText":"10197","selector":{"id":"application-managebillings-display-component---billRunCalcResult--smartFilterBar-btnBasicSearch","interaction":{"idSuffix":"I"}},"clearTextFirst":true,"interactionType":"ENTER_TEXT"}]}
COMMAND: POST /session/130ef63994e902c9deb83fe717a4bbca/actions - {"actions":[{"id":"action77","type":"key","parameters":{},"actions":[{"type":"keyDown","value":""},{"type":"pause","duration":10},{"type":"keyUp","value":""}]}]}
RESULT: {"actions":[{"id":"action77","type":"key","parameters":{},"actions":[{"type":"keyDown","value":""},{"type":"pause","duration":10},{"type":"keyUp","value":""}]}]}
COMMAND: GET /session/130ef63994e902c9deb83fe717a4bbca/screenshot - {}
RESULT: {}
COMMAND: POST /session/130ef63994e902c9deb83fe717a4bbca/element - {"using":"xpath","value":"//td[@aria-colindex=\"1\"]/div/div[contains(@class, \"sapMCbBg\")]"}
RESULT: {"using":"xpath","value":"//td[@aria-colindex=\"1\"]/div/div[contains(@class, \"sapMCbBg\")]"}
COMMAND: POST /session/130ef63994e902c9deb83fe717a4bbca/element/f.DBA113373209FD8E36DE67C53790246B.d.557E9C6851192A9364F1F660F10062A8.e.19580/click - {}
RESULT: {}
COMMAND: GET /session/130ef63994e902c9deb83fe717a4bbca/screenshot - {}
RESULT: {}
COMMAND: POST /session/130ef63994e902c9deb83fe717a4bbca/execute/async - {"script":"<script> [1562 bytes]","args":[{"selector":{"id":"application-managebillings-display-component---billRunCalcResult--contractBillRunDate","interaction":{"idSuffix":"inner"}},"wdio_ui5_key":"applicationmanagebillings-display-component---billRunCalcResult--contractBillRunDate"}]}
RESULT: {"script":"<script> [1562 bytes]","args":[{"selector":{"id":"application-managebillings-display-component---billRunCalcResult--contractBillRunDate","interaction":{"idSuffix":"inner"}},"wdio_ui5_key":"applicationmanagebillings-display-component---billRunCalcResult--contractBillRunDate"}]}
RESULT: undefined
COMMAND: POST /session/130ef63994e902c9deb83fe717a4bbca/execute/async - {"script":"<script> [776 bytes]","args":[{"enterText":"5/24/25","selector":{"id":"application-managebillings-display-component---billRunCalcResult--contractBillRunDate","interaction":{"idSuffix":"inner"}},"clearTextFirst":true,"interactionType":"ENTER_TEXT"}]}
RESULT: {"script":"<script> [776 bytes]","args":[{"enterText":"5/24/25","selector":{"id":"application-managebillings-display-component---billRunCalcResult--contractBillRunDate","interaction":{"idSuffix":"inner"}},"clearTextFirst":true,"interactionType":"ENTER_TEXT"}]}
COMMAND: POST /session/130ef63994e902c9deb83fe717a4bbca/element - {"using":"xpath","value":"//bdi[contains(text(), \"Trigger Calculation\")]"}
RESULT: {"using":"xpath","value":"//bdi[contains(text(), \"Trigger Calculation\")]"}
COMMAND: POST /session/130ef63994e902c9deb83fe717a4bbca/element/f.DBA113373209FD8E36DE67C53790246B.d.557E9C6851192A9364F1F660F10062A8.e.19601/click - {}
RESULT: {}
COMMAND: GET /session/130ef63994e902c9deb83fe717a4bbca/screenshot - {}
RESULT: {}
COMMAND: POST /session/130ef63994e902c9deb83fe717a4bbca/element - {"using":"xpath","value":"(//span[contains(@id, \"imgNav\")])[1]"}
RESULT: {"using":"xpath","value":"(//span[contains(@id, \"imgNav\")])[1]"}
COMMAND: POST /session/130ef63994e902c9deb83fe717a4bbca/element/f.DBA113373209FD8E36DE67C53790246B.d.557E9C6851192A9364F1F660F10062A8.e.19594/click - {}
RESULT: {}
COMMAND: GET /session/130ef63994e902c9deb83fe717a4bbca/screenshot - {}
RESULT: {}
COMMAND: POST /session/130ef63994e902c9deb83fe717a4bbca/element - {"using":"xpath","value":"//tr/td[6]/div[1]/span[1]/span[1]"}
RESULT: {"using":"xpath","value":"//tr/td[6]/div[1]/span[1]/span[1]"}
COMMAND: GET /session/130ef63994e902c9deb83fe717a4bbca/element/f.DBA113373209FD8E36DE67C53790246B.d.557E9C6851192A9364F1F660F10062A8.e.19606/text - {}
RESULT: {}
COMMAND: POST /session/130ef63994e902c9deb83fe717a4bbca/element - {"using":"xpath","value":"(//span[contains(@id, \"imgNav\")])[2]"}
RESULT: {"using":"xpath","value":"(//span[contains(@id, \"imgNav\")])[2]"}
COMMAND: POST /session/130ef63994e902c9deb83fe717a4bbca/element/f.DBA113373209FD8E36DE67C53790246B.d.557E9C6851192A9364F1F660F10062A8.e.19607/click - {}
RESULT: {}
COMMAND: POST /session/130ef63994e902c9deb83fe717a4bbca/element - {"using":"xpath","value":"//bdi[contains(text(), \"Business Confirm\")]"}
COMMAND: GET /session/130ef63994e902c9deb83fe717a4bbca/screenshot - {}
RESULT: {"using":"xpath","value":"//bdi[contains(text(), \"Business Confirm\")]"}
COMMAND: POST /session/130ef63994e902c9deb83fe717a4bbca/elements - {"using":"xpath","value":"//bdi[contains(text(), \"Business Confirm\")]"}
RESULT: {}
RESULT: {"using":"xpath","value":"//bdi[contains(text(), \"Business Confirm\")]"}
COMMAND: POST /session/130ef63994e902c9deb83fe717a4bbca/element - {"using":"xpath","value":"//bdi[contains(text(), \"Business Confirm\")]"}
RESULT: {"using":"xpath","value":"//bdi[contains(text(), \"Business Confirm\")]"}
COMMAND: POST /session/130ef63994e902c9deb83fe717a4bbca/element/f.DBA113373209FD8E36DE67C53790246B.d.557E9C6851192A9364F1F660F10062A8.e.19680/click - {}
RESULT: {}
COMMAND: POST /session/130ef63994e902c9deb83fe717a4bbca/element - {"using":"css selector","value":"#shell-header-logo"}
COMMAND: GET /session/130ef63994e902c9deb83fe717a4bbca/screenshot - {}
RESULT: {"using":"css selector","value":"#shell-header-logo"}
COMMAND: POST /session/130ef63994e902c9deb83fe717a4bbca/element/f.DBA113373209FD8E36DE67C53790246B.d.557E9C6851192A9364F1F660F10062A8.e.19359/click - {}
RESULT: {}
RESULT: {}
COMMAND: GET /session/130ef63994e902c9deb83fe717a4bbca/screenshot - {}
RESULT: {}
]]></system-out>
    </testcase>
    <testcase classname="chrome.136_0_7103_93.windows.Billing_Calculation_-_Time_based_(considering_transport_times)_US139738" name="Should transfer the billing all the way to completion" time="78.992">
      <system-out><![CDATA[
COMMAND: POST /session/130ef63994e902c9deb83fe717a4bbca/execute/async - {"script":"<script> [1562 bytes]","args":[{"selector":{"controlType":"sap.m.GenericTile","properties":{"header":"Billing Transfer"}},"wdio_ui5_key":"sapm.GenericTile{\"header\":\"Billing Transfer\"}"}]}
RESULT: {"script":"<script> [1562 bytes]","args":[{"selector":{"controlType":"sap.m.GenericTile","properties":{"header":"Billing Transfer"}},"wdio_ui5_key":"sapm.GenericTile{\"header\":\"Billing Transfer\"}"}]}
RESULT: undefined
COMMAND: POST /session/130ef63994e902c9deb83fe717a4bbca/element - {"using":"xpath","value":"//*[@id=\"__tile50\"]"}
RESULT: {"using":"xpath","value":"//*[@id=\"__tile50\"]"}
COMMAND: POST /session/130ef63994e902c9deb83fe717a4bbca/element/f.DBA113373209FD8E36DE67C53790246B.d.557E9C6851192A9364F1F660F10062A8.e.15747/click - {}
RESULT: {}
COMMAND: GET /session/130ef63994e902c9deb83fe717a4bbca/screenshot - {}
RESULT: {}
COMMAND: POST /session/130ef63994e902c9deb83fe717a4bbca/elements - {"using":"xpath","value":"//span[text()='Error']"}
RESULT: {"using":"xpath","value":"//span[text()='Error']"}
COMMAND: POST /session/130ef63994e902c9deb83fe717a4bbca/element - {"using":"xpath","value":"//input[contains(@id ,\"application-billingtransfer-display-component---billingWorkbench--smartFilterBar-btnBasicSearch\")]"}
RESULT: {"using":"xpath","value":"//input[contains(@id ,\"application-billingtransfer-display-component---billingWorkbench--smartFilterBar-btnBasicSearch\")]"}
COMMAND: POST /session/130ef63994e902c9deb83fe717a4bbca/elements - {"using":"xpath","value":"//input[contains(@id ,\"application-billingtransfer-display-component---billingWorkbench--smartFilterBar-btnBasicSearch\")]"}
RESULT: {"using":"xpath","value":"//input[contains(@id ,\"application-billingtransfer-display-component---billingWorkbench--smartFilterBar-btnBasicSearch\")]"}
COMMAND: POST /session/130ef63994e902c9deb83fe717a4bbca/execute/sync - {"script":"<script> [8489 bytes]","args":[{"element-6066-11e4-a52e-4f735466cecf":"f.DBA113373209FD8E36DE67C53790246B.d.557E9C6851192A9364F1F660F10062A8.e.19692","ELEMENT":"f.DBA113373209FD8E36DE67C53790246B.d.557E9C6851192A9364F1F660F10062A8.e.19692"}]}
RESULT: {"script":"<script> [8489 bytes]","args":[{"element-6066-11e4-a52e-4f735466cecf":"f.DBA113373209FD8E36DE67C53790246B.d.557E9C6851192A9364F1F660F10062A8.e.19692","ELEMENT":"f.DBA113373209FD8E36DE67C53790246B.d.557E9C6851192A9364F1F660F10062A8.e.19692"}]}
COMMAND: GET /session/130ef63994e902c9deb83fe717a4bbca/element/f.DBA113373209FD8E36DE67C53790246B.d.557E9C6851192A9364F1F660F10062A8.e.19692/enabled - {}
COMMAND: GET /session/130ef63994e902c9deb83fe717a4bbca/screenshot - {}
RESULT: {}
COMMAND: POST /session/130ef63994e902c9deb83fe717a4bbca/element/f.DBA113373209FD8E36DE67C53790246B.d.557E9C6851192A9364F1F660F10062A8.e.19692/click - {}
COMMAND: GET /session/130ef63994e902c9deb83fe717a4bbca/screenshot - {}
RESULT: {}
RESULT: {}
COMMAND: GET /session/130ef63994e902c9deb83fe717a4bbca/screenshot - {}
RESULT: {}
RESULT: {}
COMMAND: POST /session/130ef63994e902c9deb83fe717a4bbca/element/f.DBA113373209FD8E36DE67C53790246B.d.557E9C6851192A9364F1F660F10062A8.e.19692/clear - {}
RESULT: {}
COMMAND: POST /session/130ef63994e902c9deb83fe717a4bbca/element/f.DBA113373209FD8E36DE67C53790246B.d.557E9C6851192A9364F1F660F10062A8.e.19692/value - {"text":"10197"}
COMMAND: GET /session/130ef63994e902c9deb83fe717a4bbca/screenshot - {}
RESULT: {"text":"10197"}
COMMAND: POST /session/130ef63994e902c9deb83fe717a4bbca/actions - {"actions":[{"id":"action78","type":"key","parameters":{},"actions":[{"type":"keyDown","value":""},{"type":"pause","duration":10},{"type":"keyUp","value":""}]}]}
COMMAND: GET /session/130ef63994e902c9deb83fe717a4bbca/screenshot - {}
RESULT: {}
RESULT: {"actions":[{"id":"action78","type":"key","parameters":{},"actions":[{"type":"keyDown","value":""},{"type":"pause","duration":10},{"type":"keyUp","value":""}]}]}
COMMAND: GET /session/130ef63994e902c9deb83fe717a4bbca/screenshot - {}
RESULT: {}
RESULT: {}
COMMAND: POST /session/130ef63994e902c9deb83fe717a4bbca/element - {"using":"xpath","value":"//span[contains(@id ,\"application-billingtransfer-display-component---billingWorkbench--smartTableBillingRuns-header-inner\")]"}
RESULT: {"using":"xpath","value":"//span[contains(@id ,\"application-billingtransfer-display-component---billingWorkbench--smartTableBillingRuns-header-inner\")]"}
COMMAND: POST /session/130ef63994e902c9deb83fe717a4bbca/elements - {"using":"xpath","value":"//span[contains(@id ,\"application-billingtransfer-display-component---billingWorkbench--smartTableBillingRuns-header-inner\")]"}
RESULT: {"using":"xpath","value":"//span[contains(@id ,\"application-billingtransfer-display-component---billingWorkbench--smartTableBillingRuns-header-inner\")]"}
COMMAND: POST /session/130ef63994e902c9deb83fe717a4bbca/execute/sync - {"script":"<script> [56 bytes]","args":[{"element-6066-11e4-a52e-4f735466cecf":"f.DBA113373209FD8E36DE67C53790246B.d.557E9C6851192A9364F1F660F10062A8.e.19794","ELEMENT":"f.DBA113373209FD8E36DE67C53790246B.d.557E9C6851192A9364F1F660F10062A8.e.19794"}]}
RESULT: {"script":"<script> [56 bytes]","args":[{"element-6066-11e4-a52e-4f735466cecf":"f.DBA113373209FD8E36DE67C53790246B.d.557E9C6851192A9364F1F660F10062A8.e.19794","ELEMENT":"f.DBA113373209FD8E36DE67C53790246B.d.557E9C6851192A9364F1F660F10062A8.e.19794"}]}
COMMAND: POST /session/130ef63994e902c9deb83fe717a4bbca/element - {"using":"xpath","value":"//td[@aria-colindex=\"1\"]/div/div[contains(@class, \"sapMCbBg\")]"}
COMMAND: GET /session/130ef63994e902c9deb83fe717a4bbca/screenshot - {}
RESULT: {"using":"xpath","value":"//td[@aria-colindex=\"1\"]/div/div[contains(@class, \"sapMCbBg\")]"}
COMMAND: POST /session/130ef63994e902c9deb83fe717a4bbca/element/f.DBA113373209FD8E36DE67C53790246B.d.557E9C6851192A9364F1F660F10062A8.e.19779/click - {}
RESULT: {}
RESULT: {}
COMMAND: GET /session/130ef63994e902c9deb83fe717a4bbca/screenshot - {}
RESULT: {}
COMMAND: POST /session/130ef63994e902c9deb83fe717a4bbca/element - {"using":"xpath","value":"//bdi[contains(text(), \"Check\")]"}
RESULT: {"using":"xpath","value":"//bdi[contains(text(), \"Check\")]"}
COMMAND: POST /session/130ef63994e902c9deb83fe717a4bbca/element/f.DBA113373209FD8E36DE67C53790246B.d.557E9C6851192A9364F1F660F10062A8.e.19795/click - {}
RESULT: {}
COMMAND: GET /session/130ef63994e902c9deb83fe717a4bbca/screenshot - {}
RESULT: {}
COMMAND: POST /session/130ef63994e902c9deb83fe717a4bbca/element - {"using":"xpath","value":"//bdi[contains(text(), \"OK\")]"}
RESULT: {"using":"xpath","value":"//bdi[contains(text(), \"OK\")]"}
COMMAND: POST /session/130ef63994e902c9deb83fe717a4bbca/element/f.DBA113373209FD8E36DE67C53790246B.d.557E9C6851192A9364F1F660F10062A8.e.19798/click - {}
RESULT: {}
COMMAND: GET /session/130ef63994e902c9deb83fe717a4bbca/screenshot - {}
RESULT: {}
COMMAND: POST /session/130ef63994e902c9deb83fe717a4bbca/element - {"using":"xpath","value":"(//span[contains(text(), \"CO/SD checked\")]/parent::div/preceding-sibling::div/span)[1]"}
RESULT: {"using":"xpath","value":"(//span[contains(text(), \"CO/SD checked\")]/parent::div/preceding-sibling::div/span)[1]"}
COMMAND: POST /session/130ef63994e902c9deb83fe717a4bbca/element/f.DBA113373209FD8E36DE67C53790246B.d.557E9C6851192A9364F1F660F10062A8.e.19800/click - {}
RESULT: {}
COMMAND: GET /session/130ef63994e902c9deb83fe717a4bbca/screenshot - {}
RESULT: {}
COMMAND: POST /session/130ef63994e902c9deb83fe717a4bbca/element - {"using":"xpath","value":"//input[contains(@id ,\"application-billingtransfer-display-component---billingWorkbench--smartFilterBar-btnBasicSearch\")]"}
RESULT: {"using":"xpath","value":"//input[contains(@id ,\"application-billingtransfer-display-component---billingWorkbench--smartFilterBar-btnBasicSearch\")]"}
COMMAND: POST /session/130ef63994e902c9deb83fe717a4bbca/elements - {"using":"xpath","value":"//input[contains(@id ,\"application-billingtransfer-display-component---billingWorkbench--smartFilterBar-btnBasicSearch\")]"}
RESULT: {"using":"xpath","value":"//input[contains(@id ,\"application-billingtransfer-display-component---billingWorkbench--smartFilterBar-btnBasicSearch\")]"}
COMMAND: POST /session/130ef63994e902c9deb83fe717a4bbca/execute/sync - {"script":"<script> [8489 bytes]","args":[{"element-6066-11e4-a52e-4f735466cecf":"f.DBA113373209FD8E36DE67C53790246B.d.557E9C6851192A9364F1F660F10062A8.e.19692","ELEMENT":"f.DBA113373209FD8E36DE67C53790246B.d.557E9C6851192A9364F1F660F10062A8.e.19692"}]}
RESULT: {"script":"<script> [8489 bytes]","args":[{"element-6066-11e4-a52e-4f735466cecf":"f.DBA113373209FD8E36DE67C53790246B.d.557E9C6851192A9364F1F660F10062A8.e.19692","ELEMENT":"f.DBA113373209FD8E36DE67C53790246B.d.557E9C6851192A9364F1F660F10062A8.e.19692"}]}
COMMAND: GET /session/130ef63994e902c9deb83fe717a4bbca/element/f.DBA113373209FD8E36DE67C53790246B.d.557E9C6851192A9364F1F660F10062A8.e.19692/enabled - {}
COMMAND: GET /session/130ef63994e902c9deb83fe717a4bbca/screenshot - {}
RESULT: {}
COMMAND: POST /session/130ef63994e902c9deb83fe717a4bbca/element/f.DBA113373209FD8E36DE67C53790246B.d.557E9C6851192A9364F1F660F10062A8.e.19692/click - {}
COMMAND: GET /session/130ef63994e902c9deb83fe717a4bbca/screenshot - {}
RESULT: {}
RESULT: {}
COMMAND: GET /session/130ef63994e902c9deb83fe717a4bbca/screenshot - {}
RESULT: {}
RESULT: {}
COMMAND: POST /session/130ef63994e902c9deb83fe717a4bbca/element/f.DBA113373209FD8E36DE67C53790246B.d.557E9C6851192A9364F1F660F10062A8.e.19692/clear - {}
RESULT: {}
COMMAND: POST /session/130ef63994e902c9deb83fe717a4bbca/element/f.DBA113373209FD8E36DE67C53790246B.d.557E9C6851192A9364F1F660F10062A8.e.19692/value - {"text":"10197"}
COMMAND: GET /session/130ef63994e902c9deb83fe717a4bbca/screenshot - {}
RESULT: {"text":"10197"}
COMMAND: POST /session/130ef63994e902c9deb83fe717a4bbca/actions - {"actions":[{"id":"action79","type":"key","parameters":{},"actions":[{"type":"keyDown","value":""},{"type":"pause","duration":10},{"type":"keyUp","value":""}]}]}
COMMAND: GET /session/130ef63994e902c9deb83fe717a4bbca/screenshot - {}
RESULT: {}
RESULT: {"actions":[{"id":"action79","type":"key","parameters":{},"actions":[{"type":"keyDown","value":""},{"type":"pause","duration":10},{"type":"keyUp","value":""}]}]}
COMMAND: GET /session/130ef63994e902c9deb83fe717a4bbca/screenshot - {}
RESULT: {}
RESULT: {}
COMMAND: POST /session/130ef63994e902c9deb83fe717a4bbca/element - {"using":"xpath","value":"//span[contains(@id ,\"application-billingtransfer-display-component---billingWorkbench--smartTableBillingRuns-header-inner\")]"}
RESULT: {"using":"xpath","value":"//span[contains(@id ,\"application-billingtransfer-display-component---billingWorkbench--smartTableBillingRuns-header-inner\")]"}
COMMAND: POST /session/130ef63994e902c9deb83fe717a4bbca/elements - {"using":"xpath","value":"//span[contains(@id ,\"application-billingtransfer-display-component---billingWorkbench--smartTableBillingRuns-header-inner\")]"}
RESULT: {"using":"xpath","value":"//span[contains(@id ,\"application-billingtransfer-display-component---billingWorkbench--smartTableBillingRuns-header-inner\")]"}
COMMAND: POST /session/130ef63994e902c9deb83fe717a4bbca/execute/sync - {"script":"<script> [56 bytes]","args":[{"element-6066-11e4-a52e-4f735466cecf":"f.DBA113373209FD8E36DE67C53790246B.d.557E9C6851192A9364F1F660F10062A8.e.19794","ELEMENT":"f.DBA113373209FD8E36DE67C53790246B.d.557E9C6851192A9364F1F660F10062A8.e.19794"}]}
RESULT: {"script":"<script> [56 bytes]","args":[{"element-6066-11e4-a52e-4f735466cecf":"f.DBA113373209FD8E36DE67C53790246B.d.557E9C6851192A9364F1F660F10062A8.e.19794","ELEMENT":"f.DBA113373209FD8E36DE67C53790246B.d.557E9C6851192A9364F1F660F10062A8.e.19794"}]}
COMMAND: POST /session/130ef63994e902c9deb83fe717a4bbca/element - {"using":"xpath","value":"//td[@aria-colindex=\"1\"]/div/div[contains(@class, \"sapMCbBg\")]"}
COMMAND: GET /session/130ef63994e902c9deb83fe717a4bbca/screenshot - {}
RESULT: {"using":"xpath","value":"//td[@aria-colindex=\"1\"]/div/div[contains(@class, \"sapMCbBg\")]"}
COMMAND: POST /session/130ef63994e902c9deb83fe717a4bbca/element/f.DBA113373209FD8E36DE67C53790246B.d.557E9C6851192A9364F1F660F10062A8.e.19804/click - {}
RESULT: {}
RESULT: {}
COMMAND: GET /session/130ef63994e902c9deb83fe717a4bbca/screenshot - {}
RESULT: {}
COMMAND: POST /session/130ef63994e902c9deb83fe717a4bbca/element - {"using":"xpath","value":"//bdi[text()=\"Transfer\"]"}
RESULT: {"using":"xpath","value":"//bdi[text()=\"Transfer\"]"}
COMMAND: POST /session/130ef63994e902c9deb83fe717a4bbca/element/f.DBA113373209FD8E36DE67C53790246B.d.557E9C6851192A9364F1F660F10062A8.e.19805/click - {}
RESULT: {}
COMMAND: GET /session/130ef63994e902c9deb83fe717a4bbca/screenshot - {}
RESULT: {}
COMMAND: POST /session/130ef63994e902c9deb83fe717a4bbca/element - {"using":"xpath","value":"//bdi[contains(text(), \"OK\")]"}
RESULT: {"using":"xpath","value":"//bdi[contains(text(), \"OK\")]"}
COMMAND: POST /session/130ef63994e902c9deb83fe717a4bbca/element/f.DBA113373209FD8E36DE67C53790246B.d.557E9C6851192A9364F1F660F10062A8.e.19808/click - {}
RESULT: {}
COMMAND: GET /session/130ef63994e902c9deb83fe717a4bbca/screenshot - {}
RESULT: {}
COMMAND: POST /session/130ef63994e902c9deb83fe717a4bbca/element - {"using":"xpath","value":"(//span[contains(text(), \"Completed\")]/parent::div/preceding-sibling::div/span)[1]"}
RESULT: {"using":"xpath","value":"(//span[contains(text(), \"Completed\")]/parent::div/preceding-sibling::div/span)[1]"}
COMMAND: POST /session/130ef63994e902c9deb83fe717a4bbca/element/f.DBA113373209FD8E36DE67C53790246B.d.557E9C6851192A9364F1F660F10062A8.e.19821/click - {}
RESULT: {}
COMMAND: POST /session/130ef63994e902c9deb83fe717a4bbca/element - {"using":"xpath","value":"//input[contains(@id ,\"application-billingtransfer-display-component---billingWorkbench--smartFilterBar-btnBasicSearch\")]"}
COMMAND: GET /session/130ef63994e902c9deb83fe717a4bbca/screenshot - {}
RESULT: {"using":"xpath","value":"//input[contains(@id ,\"application-billingtransfer-display-component---billingWorkbench--smartFilterBar-btnBasicSearch\")]"}
COMMAND: POST /session/130ef63994e902c9deb83fe717a4bbca/elements - {"using":"xpath","value":"//input[contains(@id ,\"application-billingtransfer-display-component---billingWorkbench--smartFilterBar-btnBasicSearch\")]"}
RESULT: {}
RESULT: {"using":"xpath","value":"//input[contains(@id ,\"application-billingtransfer-display-component---billingWorkbench--smartFilterBar-btnBasicSearch\")]"}
COMMAND: POST /session/130ef63994e902c9deb83fe717a4bbca/execute/sync - {"script":"<script> [8489 bytes]","args":[{"element-6066-11e4-a52e-4f735466cecf":"f.DBA113373209FD8E36DE67C53790246B.d.557E9C6851192A9364F1F660F10062A8.e.19692","ELEMENT":"f.DBA113373209FD8E36DE67C53790246B.d.557E9C6851192A9364F1F660F10062A8.e.19692"}]}
RESULT: {"script":"<script> [8489 bytes]","args":[{"element-6066-11e4-a52e-4f735466cecf":"f.DBA113373209FD8E36DE67C53790246B.d.557E9C6851192A9364F1F660F10062A8.e.19692","ELEMENT":"f.DBA113373209FD8E36DE67C53790246B.d.557E9C6851192A9364F1F660F10062A8.e.19692"}]}
COMMAND: GET /session/130ef63994e902c9deb83fe717a4bbca/element/f.DBA113373209FD8E36DE67C53790246B.d.557E9C6851192A9364F1F660F10062A8.e.19692/enabled - {}
COMMAND: GET /session/130ef63994e902c9deb83fe717a4bbca/screenshot - {}
RESULT: {}
COMMAND: POST /session/130ef63994e902c9deb83fe717a4bbca/element/f.DBA113373209FD8E36DE67C53790246B.d.557E9C6851192A9364F1F660F10062A8.e.19692/click - {}
COMMAND: GET /session/130ef63994e902c9deb83fe717a4bbca/screenshot - {}
RESULT: {}
RESULT: {}
COMMAND: GET /session/130ef63994e902c9deb83fe717a4bbca/screenshot - {}
RESULT: {}
RESULT: {}
COMMAND: POST /session/130ef63994e902c9deb83fe717a4bbca/element/f.DBA113373209FD8E36DE67C53790246B.d.557E9C6851192A9364F1F660F10062A8.e.19692/clear - {}
RESULT: {}
COMMAND: POST /session/130ef63994e902c9deb83fe717a4bbca/element/f.DBA113373209FD8E36DE67C53790246B.d.557E9C6851192A9364F1F660F10062A8.e.19692/value - {"text":"10197"}
COMMAND: GET /session/130ef63994e902c9deb83fe717a4bbca/screenshot - {}
RESULT: {"text":"10197"}
COMMAND: POST /session/130ef63994e902c9deb83fe717a4bbca/actions - {"actions":[{"id":"action80","type":"key","parameters":{},"actions":[{"type":"keyDown","value":""},{"type":"pause","duration":10},{"type":"keyUp","value":""}]}]}
COMMAND: GET /session/130ef63994e902c9deb83fe717a4bbca/screenshot - {}
RESULT: {}
RESULT: {"actions":[{"id":"action80","type":"key","parameters":{},"actions":[{"type":"keyDown","value":""},{"type":"pause","duration":10},{"type":"keyUp","value":""}]}]}
COMMAND: GET /session/130ef63994e902c9deb83fe717a4bbca/screenshot - {}
RESULT: {}
RESULT: {}
COMMAND: POST /session/130ef63994e902c9deb83fe717a4bbca/element - {"using":"xpath","value":"//span[contains(@id ,\"application-billingtransfer-display-component---billingWorkbench--smartTableBillingRuns-header-inner\")]"}
RESULT: {"using":"xpath","value":"//span[contains(@id ,\"application-billingtransfer-display-component---billingWorkbench--smartTableBillingRuns-header-inner\")]"}
COMMAND: POST /session/130ef63994e902c9deb83fe717a4bbca/elements - {"using":"xpath","value":"//span[contains(@id ,\"application-billingtransfer-display-component---billingWorkbench--smartTableBillingRuns-header-inner\")]"}
RESULT: {"using":"xpath","value":"//span[contains(@id ,\"application-billingtransfer-display-component---billingWorkbench--smartTableBillingRuns-header-inner\")]"}
COMMAND: POST /session/130ef63994e902c9deb83fe717a4bbca/execute/sync - {"script":"<script> [56 bytes]","args":[{"element-6066-11e4-a52e-4f735466cecf":"f.DBA113373209FD8E36DE67C53790246B.d.557E9C6851192A9364F1F660F10062A8.e.19794","ELEMENT":"f.DBA113373209FD8E36DE67C53790246B.d.557E9C6851192A9364F1F660F10062A8.e.19794"}]}
RESULT: {"script":"<script> [56 bytes]","args":[{"element-6066-11e4-a52e-4f735466cecf":"f.DBA113373209FD8E36DE67C53790246B.d.557E9C6851192A9364F1F660F10062A8.e.19794","ELEMENT":"f.DBA113373209FD8E36DE67C53790246B.d.557E9C6851192A9364F1F660F10062A8.e.19794"}]}
COMMAND: POST /session/130ef63994e902c9deb83fe717a4bbca/element - {"using":"css selector","value":"#shell-header-logo"}
COMMAND: GET /session/130ef63994e902c9deb83fe717a4bbca/screenshot - {}
RESULT: {"using":"css selector","value":"#shell-header-logo"}
COMMAND: POST /session/130ef63994e902c9deb83fe717a4bbca/element/f.DBA113373209FD8E36DE67C53790246B.d.557E9C6851192A9364F1F660F10062A8.e.19690/click - {}
RESULT: {}
RESULT: {}
COMMAND: GET /session/130ef63994e902c9deb83fe717a4bbca/screenshot - {}
RESULT: {}
]]></system-out>
    </testcase>
    <testcase classname="chrome.136_0_7103_93.windows.Billing_Calculation_-_Time_based_(considering_transport_times)_US139738" name="Should navigate to the contract item check the billed until field value" time="56.865">
      <system-out><![CDATA[
RESULT: undefined
COMMAND: POST /session/130ef63994e902c9deb83fe717a4bbca/element - {"using":"xpath","value":"//*[@id=\"__tile130\"]"}
RESULT: {"using":"xpath","value":"//*[@id=\"__tile130\"]"}
COMMAND: POST /session/130ef63994e902c9deb83fe717a4bbca/element/f.DBA113373209FD8E36DE67C53790246B.d.557E9C6851192A9364F1F660F10062A8.e.17878/click - {}
RESULT: {}
COMMAND: GET /session/130ef63994e902c9deb83fe717a4bbca/screenshot - {}
RESULT: {}
COMMAND: POST /session/130ef63994e902c9deb83fe717a4bbca/elements - {"using":"xpath","value":"//span[text()='Error']"}
RESULT: {"using":"xpath","value":"//span[text()='Error']"}
COMMAND: POST /session/130ef63994e902c9deb83fe717a4bbca/element - {"using":"xpath","value":"//button[@data-kt=\"addButton\"]"}
RESULT: {"using":"xpath","value":"//button[@data-kt=\"addButton\"]"}
COMMAND: POST /session/130ef63994e902c9deb83fe717a4bbca/elements - {"using":"xpath","value":"//button[@data-kt=\"addButton\"]"}
RESULT: {"using":"xpath","value":"//button[@data-kt=\"addButton\"]"}
COMMAND: POST /session/130ef63994e902c9deb83fe717a4bbca/execute/sync - {"script":"<script> [8489 bytes]","args":[{"element-6066-11e4-a52e-4f735466cecf":"f.DBA113373209FD8E36DE67C53790246B.d.557E9C6851192A9364F1F660F10062A8.e.19871","ELEMENT":"f.DBA113373209FD8E36DE67C53790246B.d.557E9C6851192A9364F1F660F10062A8.e.19871"}]}
RESULT: {"script":"<script> [8489 bytes]","args":[{"element-6066-11e4-a52e-4f735466cecf":"f.DBA113373209FD8E36DE67C53790246B.d.557E9C6851192A9364F1F660F10062A8.e.19871","ELEMENT":"f.DBA113373209FD8E36DE67C53790246B.d.557E9C6851192A9364F1F660F10062A8.e.19871"}]}
COMMAND: GET /session/130ef63994e902c9deb83fe717a4bbca/element/f.DBA113373209FD8E36DE67C53790246B.d.557E9C6851192A9364F1F660F10062A8.e.19871/enabled - {}
COMMAND: GET /session/130ef63994e902c9deb83fe717a4bbca/screenshot - {}
RESULT: {}
COMMAND: POST /session/130ef63994e902c9deb83fe717a4bbca/execute/sync - {"script":"<script> [8489 bytes]","args":[{"element-6066-11e4-a52e-4f735466cecf":"f.DBA113373209FD8E36DE67C53790246B.d.557E9C6851192A9364F1F660F10062A8.e.19871","ELEMENT":"f.DBA113373209FD8E36DE67C53790246B.d.557E9C6851192A9364F1F660F10062A8.e.19871"}]}
COMMAND: GET /session/130ef63994e902c9deb83fe717a4bbca/screenshot - {}
RESULT: {}
RESULT: {"script":"<script> [8489 bytes]","args":[{"element-6066-11e4-a52e-4f735466cecf":"f.DBA113373209FD8E36DE67C53790246B.d.557E9C6851192A9364F1F660F10062A8.e.19871","ELEMENT":"f.DBA113373209FD8E36DE67C53790246B.d.557E9C6851192A9364F1F660F10062A8.e.19871"}]}
COMMAND: POST /session/130ef63994e902c9deb83fe717a4bbca/execute/sync - {"script":"<script> [5351 bytes]","args":[{"element-6066-11e4-a52e-4f735466cecf":"f.DBA113373209FD8E36DE67C53790246B.d.557E9C6851192A9364F1F660F10062A8.e.19871","ELEMENT":"f.DBA113373209FD8E36DE67C53790246B.d.557E9C6851192A9364F1F660F10062A8.e.19871"}]}
COMMAND: GET /session/130ef63994e902c9deb83fe717a4bbca/screenshot - {}
RESULT: {}
RESULT: {"script":"<script> [5351 bytes]","args":[{"element-6066-11e4-a52e-4f735466cecf":"f.DBA113373209FD8E36DE67C53790246B.d.557E9C6851192A9364F1F660F10062A8.e.19871","ELEMENT":"f.DBA113373209FD8E36DE67C53790246B.d.557E9C6851192A9364F1F660F10062A8.e.19871"}]}
COMMAND: POST /session/130ef63994e902c9deb83fe717a4bbca/element - {"using":"xpath","value":"//input[contains(@id ,\"smartContractFilterBar-btnBasicSearch-I\")]"}
COMMAND: GET /session/130ef63994e902c9deb83fe717a4bbca/screenshot - {}
RESULT: {}
RESULT: {"using":"xpath","value":"//input[contains(@id ,\"smartContractFilterBar-btnBasicSearch-I\")]"}
COMMAND: POST /session/130ef63994e902c9deb83fe717a4bbca/elements - {"using":"xpath","value":"//input[contains(@id ,\"smartContractFilterBar-btnBasicSearch-I\")]"}
RESULT: {}
RESULT: {"using":"xpath","value":"//input[contains(@id ,\"smartContractFilterBar-btnBasicSearch-I\")]"}
COMMAND: POST /session/130ef63994e902c9deb83fe717a4bbca/execute/sync - {"script":"<script> [8489 bytes]","args":[{"element-6066-11e4-a52e-4f735466cecf":"f.DBA113373209FD8E36DE67C53790246B.d.557E9C6851192A9364F1F660F10062A8.e.19834","ELEMENT":"f.DBA113373209FD8E36DE67C53790246B.d.557E9C6851192A9364F1F660F10062A8.e.19834"}]}
RESULT: {"script":"<script> [8489 bytes]","args":[{"element-6066-11e4-a52e-4f735466cecf":"f.DBA113373209FD8E36DE67C53790246B.d.557E9C6851192A9364F1F660F10062A8.e.19834","ELEMENT":"f.DBA113373209FD8E36DE67C53790246B.d.557E9C6851192A9364F1F660F10062A8.e.19834"}]}
COMMAND: GET /session/130ef63994e902c9deb83fe717a4bbca/element/f.DBA113373209FD8E36DE67C53790246B.d.557E9C6851192A9364F1F660F10062A8.e.19834/enabled - {}
COMMAND: GET /session/130ef63994e902c9deb83fe717a4bbca/screenshot - {}
RESULT: {}
COMMAND: POST /session/130ef63994e902c9deb83fe717a4bbca/element/f.DBA113373209FD8E36DE67C53790246B.d.557E9C6851192A9364F1F660F10062A8.e.19834/clear - {}
COMMAND: GET /session/130ef63994e902c9deb83fe717a4bbca/screenshot - {}
RESULT: {}
RESULT: {}
COMMAND: POST /session/130ef63994e902c9deb83fe717a4bbca/element/f.DBA113373209FD8E36DE67C53790246B.d.557E9C6851192A9364F1F660F10062A8.e.19834/value - {"text":"10197"}
COMMAND: GET /session/130ef63994e902c9deb83fe717a4bbca/screenshot - {}
RESULT: {}
RESULT: {"text":"10197"}
COMMAND: GET /session/130ef63994e902c9deb83fe717a4bbca/screenshot - {}
RESULT: {}
RESULT: {}
COMMAND: POST /session/130ef63994e902c9deb83fe717a4bbca/actions - {"actions":[{"id":"action81","type":"key","parameters":{},"actions":[{"type":"keyDown","value":""},{"type":"pause","duration":10},{"type":"keyUp","value":""}]}]}
RESULT: {"actions":[{"id":"action81","type":"key","parameters":{},"actions":[{"type":"keyDown","value":""},{"type":"pause","duration":10},{"type":"keyUp","value":""}]}]}
COMMAND: GET /session/130ef63994e902c9deb83fe717a4bbca/screenshot - {}
RESULT: {}
COMMAND: POST /session/130ef63994e902c9deb83fe717a4bbca/element - {"using":"xpath","value":"//span[contains(@id, \"masterListContractsSmartTable-header-inner\")]"}
RESULT: {"using":"xpath","value":"//span[contains(@id, \"masterListContractsSmartTable-header-inner\")]"}
COMMAND: POST /session/130ef63994e902c9deb83fe717a4bbca/elements - {"using":"xpath","value":"//span[contains(@id, \"masterListContractsSmartTable-header-inner\")]"}
RESULT: {"using":"xpath","value":"//span[contains(@id, \"masterListContractsSmartTable-header-inner\")]"}
COMMAND: POST /session/130ef63994e902c9deb83fe717a4bbca/execute/sync - {"script":"<script> [56 bytes]","args":[{"element-6066-11e4-a52e-4f735466cecf":"f.DBA113373209FD8E36DE67C53790246B.d.557E9C6851192A9364F1F660F10062A8.e.19939","ELEMENT":"f.DBA113373209FD8E36DE67C53790246B.d.557E9C6851192A9364F1F660F10062A8.e.19939"}]}
RESULT: {"script":"<script> [56 bytes]","args":[{"element-6066-11e4-a52e-4f735466cecf":"f.DBA113373209FD8E36DE67C53790246B.d.557E9C6851192A9364F1F660F10062A8.e.19939","ELEMENT":"f.DBA113373209FD8E36DE67C53790246B.d.557E9C6851192A9364F1F660F10062A8.e.19939"}]}
COMMAND: POST /session/130ef63994e902c9deb83fe717a4bbca/element - {"using":"xpath","value":"(//span[contains(@id, \"imgNav\")])[1]"}
COMMAND: GET /session/130ef63994e902c9deb83fe717a4bbca/screenshot - {}
RESULT: {"using":"xpath","value":"(//span[contains(@id, \"imgNav\")])[1]"}
COMMAND: POST /session/130ef63994e902c9deb83fe717a4bbca/element/f.DBA113373209FD8E36DE67C53790246B.d.557E9C6851192A9364F1F660F10062A8.e.19938/click - {}
RESULT: {}
RESULT: {}
COMMAND: GET /session/130ef63994e902c9deb83fe717a4bbca/screenshot - {}
RESULT: {}
COMMAND: POST /session/130ef63994e902c9deb83fe717a4bbca/element - {"using":"xpath","value":"//tr[@data-kt=\"productsColumnListItem\"]//td//span[contains(@id, \"imgNav\")][1]"}
RESULT: {"using":"xpath","value":"//tr[@data-kt=\"productsColumnListItem\"]//td//span[contains(@id, \"imgNav\")][1]"}
COMMAND: POST /session/130ef63994e902c9deb83fe717a4bbca/element/f.DBA113373209FD8E36DE67C53790246B.d.557E9C6851192A9364F1F660F10062A8.e.20074/click - {}
RESULT: {}
COMMAND: GET /session/130ef63994e902c9deb83fe717a4bbca/screenshot - {}
RESULT: {}
COMMAND: POST /session/130ef63994e902c9deb83fe717a4bbca/element - {"using":"xpath","value":"//section[contains(@id, \"application-managecontracts-display-component---BillingItem--ObjectPageLayout-OPHeaderContent\")]/div/div/div/div/div[2]/div/div[2]/span"}
RESULT: {"using":"xpath","value":"//section[contains(@id, \"application-managecontracts-display-component---BillingItem--ObjectPageLayout-OPHeaderContent\")]/div/div/div/div/div[2]/div/div[2]/span"}
COMMAND: POST /session/130ef63994e902c9deb83fe717a4bbca/execute/sync - {"script":"<script> [56 bytes]","args":[{"element-6066-11e4-a52e-4f735466cecf":"f.DBA113373209FD8E36DE67C53790246B.d.557E9C6851192A9364F1F660F10062A8.e.20214","ELEMENT":"f.DBA113373209FD8E36DE67C53790246B.d.557E9C6851192A9364F1F660F10062A8.e.20214"}]}
RESULT: {"script":"<script> [56 bytes]","args":[{"element-6066-11e4-a52e-4f735466cecf":"f.DBA113373209FD8E36DE67C53790246B.d.557E9C6851192A9364F1F660F10062A8.e.20214","ELEMENT":"f.DBA113373209FD8E36DE67C53790246B.d.557E9C6851192A9364F1F660F10062A8.e.20214"}]}
COMMAND: POST /session/130ef63994e902c9deb83fe717a4bbca/element - {"using":"xpath","value":"//table[contains(@id, \"application-managecontracts-display-component---BillingItem--billingList-listUl\")]//td//*[contains(text(), \"partial billed\")]"}
COMMAND: GET /session/130ef63994e902c9deb83fe717a4bbca/screenshot - {}
RESULT: {"using":"xpath","value":"//table[contains(@id, \"application-managecontracts-display-component---BillingItem--billingList-listUl\")]//td//*[contains(text(), \"partial billed\")]"}
COMMAND: POST /session/130ef63994e902c9deb83fe717a4bbca/execute/sync - {"script":"<script> [56 bytes]","args":[{"element-6066-11e4-a52e-4f735466cecf":"f.DBA113373209FD8E36DE67C53790246B.d.557E9C6851192A9364F1F660F10062A8.e.20215","ELEMENT":"f.DBA113373209FD8E36DE67C53790246B.d.557E9C6851192A9364F1F660F10062A8.e.20215"}]}
RESULT: {}
RESULT: {"script":"<script> [56 bytes]","args":[{"element-6066-11e4-a52e-4f735466cecf":"f.DBA113373209FD8E36DE67C53790246B.d.557E9C6851192A9364F1F660F10062A8.e.20215","ELEMENT":"f.DBA113373209FD8E36DE67C53790246B.d.557E9C6851192A9364F1F660F10062A8.e.20215"}]}
COMMAND: POST /session/130ef63994e902c9deb83fe717a4bbca/element - {"using":"css selector","value":"#shell-header-logo"}
COMMAND: GET /session/130ef63994e902c9deb83fe717a4bbca/screenshot - {}
RESULT: {"using":"css selector","value":"#shell-header-logo"}
COMMAND: POST /session/130ef63994e902c9deb83fe717a4bbca/element/f.DBA113373209FD8E36DE67C53790246B.d.557E9C6851192A9364F1F660F10062A8.e.19825/click - {}
RESULT: {}
RESULT: {}
COMMAND: GET /session/130ef63994e902c9deb83fe717a4bbca/screenshot - {}
RESULT: {}
]]></system-out>
    </testcase>
    <testcase classname="chrome.136_0_7103_93.windows.Billing_Calculation_-_Time_based_(considering_transport_times)_US139738" name="Should do a handover return 2 step 7 days after provide or 14 days from today receive it in 21 days" time="162.228">
      <failure/>
      <error message="element click intercepted: Element &lt;button id=&quot;__button446&quot; data-sap-ui=&quot;__button446&quot; data-sap-ui-render=&quot;&quot; data-kt=&quot;ReceivingTableConfirmAllButton&quot; data-ui5-accesskey=&quot;c&quot; aria-describedby=&quot;__button446-tooltip&quot; title=&quot;Confirm All&quot; class=&quot;sapMBtnBase sapMBtn sapMColumnHeaderContent&quot;>...&lt;/button> is not clickable at point (726, 749). Other element would receive the click: &lt;div id=&quot;sap-ui-blocklayer-popup&quot; tabindex=&quot;0&quot; class=&quot;sapUiBLy&quot; style=&quot;z-index: 889; visibility: visible;&quot;>&lt;/div>&#xA;  (Session info: chrome=136.0.7103.93)"/>
      <system-out><![CDATA[
RESULT: undefined
COMMAND: POST /session/130ef63994e902c9deb83fe717a4bbca/element - {"using":"xpath","value":"//*[@id=\"__tile130\"]"}
RESULT: {"using":"xpath","value":"//*[@id=\"__tile130\"]"}
COMMAND: POST /session/130ef63994e902c9deb83fe717a4bbca/element/f.DBA113373209FD8E36DE67C53790246B.d.557E9C6851192A9364F1F660F10062A8.e.17878/click - {}
RESULT: {}
COMMAND: GET /session/130ef63994e902c9deb83fe717a4bbca/screenshot - {}
RESULT: {}
COMMAND: POST /session/130ef63994e902c9deb83fe717a4bbca/elements - {"using":"xpath","value":"//span[text()='Error']"}
RESULT: {"using":"xpath","value":"//span[text()='Error']"}
COMMAND: POST /session/130ef63994e902c9deb83fe717a4bbca/element - {"using":"xpath","value":"//button[@data-kt=\"addButton\"]"}
RESULT: {"using":"xpath","value":"//button[@data-kt=\"addButton\"]"}
COMMAND: POST /session/130ef63994e902c9deb83fe717a4bbca/elements - {"using":"xpath","value":"//button[@data-kt=\"addButton\"]"}
RESULT: {"using":"xpath","value":"//button[@data-kt=\"addButton\"]"}
COMMAND: POST /session/130ef63994e902c9deb83fe717a4bbca/execute/sync - {"script":"<script> [8489 bytes]","args":[{"element-6066-11e4-a52e-4f735466cecf":"f.DBA113373209FD8E36DE67C53790246B.d.557E9C6851192A9364F1F660F10062A8.e.20266","ELEMENT":"f.DBA113373209FD8E36DE67C53790246B.d.557E9C6851192A9364F1F660F10062A8.e.20266"}]}
RESULT: {"script":"<script> [8489 bytes]","args":[{"element-6066-11e4-a52e-4f735466cecf":"f.DBA113373209FD8E36DE67C53790246B.d.557E9C6851192A9364F1F660F10062A8.e.20266","ELEMENT":"f.DBA113373209FD8E36DE67C53790246B.d.557E9C6851192A9364F1F660F10062A8.e.20266"}]}
COMMAND: GET /session/130ef63994e902c9deb83fe717a4bbca/element/f.DBA113373209FD8E36DE67C53790246B.d.557E9C6851192A9364F1F660F10062A8.e.20266/enabled - {}
COMMAND: GET /session/130ef63994e902c9deb83fe717a4bbca/screenshot - {}
RESULT: {}
COMMAND: POST /session/130ef63994e902c9deb83fe717a4bbca/execute/sync - {"script":"<script> [8489 bytes]","args":[{"element-6066-11e4-a52e-4f735466cecf":"f.DBA113373209FD8E36DE67C53790246B.d.557E9C6851192A9364F1F660F10062A8.e.20266","ELEMENT":"f.DBA113373209FD8E36DE67C53790246B.d.557E9C6851192A9364F1F660F10062A8.e.20266"}]}
COMMAND: GET /session/130ef63994e902c9deb83fe717a4bbca/screenshot - {}
RESULT: {}
RESULT: {"script":"<script> [8489 bytes]","args":[{"element-6066-11e4-a52e-4f735466cecf":"f.DBA113373209FD8E36DE67C53790246B.d.557E9C6851192A9364F1F660F10062A8.e.20266","ELEMENT":"f.DBA113373209FD8E36DE67C53790246B.d.557E9C6851192A9364F1F660F10062A8.e.20266"}]}
COMMAND: POST /session/130ef63994e902c9deb83fe717a4bbca/execute/sync - {"script":"<script> [5351 bytes]","args":[{"element-6066-11e4-a52e-4f735466cecf":"f.DBA113373209FD8E36DE67C53790246B.d.557E9C6851192A9364F1F660F10062A8.e.20266","ELEMENT":"f.DBA113373209FD8E36DE67C53790246B.d.557E9C6851192A9364F1F660F10062A8.e.20266"}]}
COMMAND: GET /session/130ef63994e902c9deb83fe717a4bbca/screenshot - {}
RESULT: {}
RESULT: {"script":"<script> [5351 bytes]","args":[{"element-6066-11e4-a52e-4f735466cecf":"f.DBA113373209FD8E36DE67C53790246B.d.557E9C6851192A9364F1F660F10062A8.e.20266","ELEMENT":"f.DBA113373209FD8E36DE67C53790246B.d.557E9C6851192A9364F1F660F10062A8.e.20266"}]}
COMMAND: GET /session/130ef63994e902c9deb83fe717a4bbca/screenshot - {}
RESULT: {}
RESULT: {}
COMMAND: POST /session/130ef63994e902c9deb83fe717a4bbca/element - {"using":"xpath","value":"//input[contains(@id ,\"smartContractFilterBar-btnBasicSearch-I\")]"}
RESULT: {"using":"xpath","value":"//input[contains(@id ,\"smartContractFilterBar-btnBasicSearch-I\")]"}
COMMAND: POST /session/130ef63994e902c9deb83fe717a4bbca/elements - {"using":"xpath","value":"//input[contains(@id ,\"smartContractFilterBar-btnBasicSearch-I\")]"}
RESULT: {"using":"xpath","value":"//input[contains(@id ,\"smartContractFilterBar-btnBasicSearch-I\")]"}
COMMAND: POST /session/130ef63994e902c9deb83fe717a4bbca/execute/sync - {"script":"<script> [8489 bytes]","args":[{"element-6066-11e4-a52e-4f735466cecf":"f.DBA113373209FD8E36DE67C53790246B.d.557E9C6851192A9364F1F660F10062A8.e.20228","ELEMENT":"f.DBA113373209FD8E36DE67C53790246B.d.557E9C6851192A9364F1F660F10062A8.e.20228"}]}
RESULT: {"script":"<script> [8489 bytes]","args":[{"element-6066-11e4-a52e-4f735466cecf":"f.DBA113373209FD8E36DE67C53790246B.d.557E9C6851192A9364F1F660F10062A8.e.20228","ELEMENT":"f.DBA113373209FD8E36DE67C53790246B.d.557E9C6851192A9364F1F660F10062A8.e.20228"}]}
COMMAND: GET /session/130ef63994e902c9deb83fe717a4bbca/element/f.DBA113373209FD8E36DE67C53790246B.d.557E9C6851192A9364F1F660F10062A8.e.20228/enabled - {}
COMMAND: GET /session/130ef63994e902c9deb83fe717a4bbca/screenshot - {}
RESULT: {}
COMMAND: POST /session/130ef63994e902c9deb83fe717a4bbca/element/f.DBA113373209FD8E36DE67C53790246B.d.557E9C6851192A9364F1F660F10062A8.e.20228/clear - {}
COMMAND: GET /session/130ef63994e902c9deb83fe717a4bbca/screenshot - {}
RESULT: {}
RESULT: {}
COMMAND: POST /session/130ef63994e902c9deb83fe717a4bbca/element/f.DBA113373209FD8E36DE67C53790246B.d.557E9C6851192A9364F1F660F10062A8.e.20228/value - {"text":"10197"}
COMMAND: GET /session/130ef63994e902c9deb83fe717a4bbca/screenshot - {}
RESULT: {}
RESULT: {"text":"10197"}
COMMAND: GET /session/130ef63994e902c9deb83fe717a4bbca/screenshot - {}
RESULT: {}
RESULT: {}
COMMAND: POST /session/130ef63994e902c9deb83fe717a4bbca/actions - {"actions":[{"id":"action82","type":"key","parameters":{},"actions":[{"type":"keyDown","value":""},{"type":"pause","duration":10},{"type":"keyUp","value":""}]}]}
RESULT: {"actions":[{"id":"action82","type":"key","parameters":{},"actions":[{"type":"keyDown","value":""},{"type":"pause","duration":10},{"type":"keyUp","value":""}]}]}
COMMAND: GET /session/130ef63994e902c9deb83fe717a4bbca/screenshot - {}
RESULT: {}
COMMAND: POST /session/130ef63994e902c9deb83fe717a4bbca/element - {"using":"xpath","value":"//span[contains(@id, \"masterListContractsSmartTable-header-inner\")]"}
RESULT: {"using":"xpath","value":"//span[contains(@id, \"masterListContractsSmartTable-header-inner\")]"}
COMMAND: POST /session/130ef63994e902c9deb83fe717a4bbca/elements - {"using":"xpath","value":"//span[contains(@id, \"masterListContractsSmartTable-header-inner\")]"}
RESULT: {"using":"xpath","value":"//span[contains(@id, \"masterListContractsSmartTable-header-inner\")]"}
COMMAND: POST /session/130ef63994e902c9deb83fe717a4bbca/execute/sync - {"script":"<script> [56 bytes]","args":[{"element-6066-11e4-a52e-4f735466cecf":"f.DBA113373209FD8E36DE67C53790246B.d.557E9C6851192A9364F1F660F10062A8.e.20329","ELEMENT":"f.DBA113373209FD8E36DE67C53790246B.d.557E9C6851192A9364F1F660F10062A8.e.20329"}]}
RESULT: {"script":"<script> [56 bytes]","args":[{"element-6066-11e4-a52e-4f735466cecf":"f.DBA113373209FD8E36DE67C53790246B.d.557E9C6851192A9364F1F660F10062A8.e.20329","ELEMENT":"f.DBA113373209FD8E36DE67C53790246B.d.557E9C6851192A9364F1F660F10062A8.e.20329"}]}
COMMAND: POST /session/130ef63994e902c9deb83fe717a4bbca/element - {"using":"xpath","value":"(//span[contains(@id, \"imgNav\")])[1]"}
COMMAND: GET /session/130ef63994e902c9deb83fe717a4bbca/screenshot - {}
RESULT: {"using":"xpath","value":"(//span[contains(@id, \"imgNav\")])[1]"}
COMMAND: POST /session/130ef63994e902c9deb83fe717a4bbca/element/f.DBA113373209FD8E36DE67C53790246B.d.557E9C6851192A9364F1F660F10062A8.e.20327/click - {}
RESULT: {}
RESULT: {}
COMMAND: GET /session/130ef63994e902c9deb83fe717a4bbca/screenshot - {}
RESULT: {}
COMMAND: POST /session/130ef63994e902c9deb83fe717a4bbca/element - {"using":"xpath","value":"//button[contains(@id, \"contractDetailReturnButton\")]"}
RESULT: {"using":"xpath","value":"//button[contains(@id, \"contractDetailReturnButton\")]"}
COMMAND: POST /session/130ef63994e902c9deb83fe717a4bbca/element/f.DBA113373209FD8E36DE67C53790246B.d.557E9C6851192A9364F1F660F10062A8.e.20462/click - {}
RESULT: {}
COMMAND: GET /session/130ef63994e902c9deb83fe717a4bbca/screenshot - {}
RESULT: {}
RESULT: undefined
COMMAND: POST /session/130ef63994e902c9deb83fe717a4bbca/execute/async - {"script":"<script> [776 bytes]","args":[{"enterText":"6/7/25","selector":{"id":"application-managehandovers-display-component---AddNewHO--dueDate","interaction":{"idSuffix":"inner"}},"clearTextFirst":true,"interactionType":"ENTER_TEXT"}]}
RESULT: {"script":"<script> [776 bytes]","args":[{"enterText":"6/7/25","selector":{"id":"application-managehandovers-display-component---AddNewHO--dueDate","interaction":{"idSuffix":"inner"}},"clearTextFirst":true,"interactionType":"ENTER_TEXT"}]}
COMMAND: POST /session/130ef63994e902c9deb83fe717a4bbca/element - {"using":"xpath","value":"//bdi[contains(text(), \"Instructions\")]"}
RESULT: {"using":"xpath","value":"//bdi[contains(text(), \"Instructions\")]"}
COMMAND: POST /session/130ef63994e902c9deb83fe717a4bbca/element/f.DBA113373209FD8E36DE67C53790246B.d.557E9C6851192A9364F1F660F10062A8.e.20774/click - {}
RESULT: {}
COMMAND: GET /session/130ef63994e902c9deb83fe717a4bbca/screenshot - {}
RESULT: {}
COMMAND: POST /session/130ef63994e902c9deb83fe717a4bbca/element - {"using":"xpath","value":"//button[@data-kt=\"AddNewHOProvideAddItemsButton\"]"}
RESULT: {"using":"xpath","value":"//button[@data-kt=\"AddNewHOProvideAddItemsButton\"]"}
COMMAND: POST /session/130ef63994e902c9deb83fe717a4bbca/element/f.DBA113373209FD8E36DE67C53790246B.d.557E9C6851192A9364F1F660F10062A8.e.20582/click - {}
RESULT: {}
COMMAND: GET /session/130ef63994e902c9deb83fe717a4bbca/screenshot - {}
RESULT: {}
RESULT: undefined
COMMAND: POST /session/130ef63994e902c9deb83fe717a4bbca/element - {"using":"xpath","value":"//*[@id=\"application-managehandovers-display-component---AddNewHO--popup-sa\"]"}
RESULT: {"using":"xpath","value":"//*[@id=\"application-managehandovers-display-component---AddNewHO--popup-sa\"]"}
COMMAND: POST /session/130ef63994e902c9deb83fe717a4bbca/element/f.DBA113373209FD8E36DE67C53790246B.d.557E9C6851192A9364F1F660F10062A8.e.20786/click - {}
RESULT: {}
COMMAND: GET /session/130ef63994e902c9deb83fe717a4bbca/screenshot - {}
RESULT: {}
COMMAND: POST /session/130ef63994e902c9deb83fe717a4bbca/element - {"using":"xpath","value":"//*[contains(@id ,\"BDI-content\")][contains(text(), \"Select\")]"}
RESULT: {"using":"xpath","value":"//*[contains(@id ,\"BDI-content\")][contains(text(), \"Select\")]"}
COMMAND: POST /session/130ef63994e902c9deb83fe717a4bbca/element/f.DBA113373209FD8E36DE67C53790246B.d.557E9C6851192A9364F1F660F10062A8.e.20788/click - {}
RESULT: {}
COMMAND: GET /session/130ef63994e902c9deb83fe717a4bbca/screenshot - {}
RESULT: {}
COMMAND: POST /session/130ef63994e902c9deb83fe717a4bbca/element - {"using":"xpath","value":"(//div[contains(@id, \"application-managehandovers-display-component---AddNewHO--oneStep-CbBg\")])"}
RESULT: {"using":"xpath","value":"(//div[contains(@id, \"application-managehandovers-display-component---AddNewHO--oneStep-CbBg\")])"}
COMMAND: POST /session/130ef63994e902c9deb83fe717a4bbca/element/f.DBA113373209FD8E36DE67C53790246B.d.557E9C6851192A9364F1F660F10062A8.e.20796/click - {}
RESULT: {}
RESULT: undefined
COMMAND: POST /session/130ef63994e902c9deb83fe717a4bbca/element - {"using":"xpath","value":"//*[@id=\"application-managehandovers-display-component---AddNewHO--confirmCreationButton\"]"}
COMMAND: GET /session/130ef63994e902c9deb83fe717a4bbca/screenshot - {}
RESULT: {"using":"xpath","value":"//*[@id=\"application-managehandovers-display-component---AddNewHO--confirmCreationButton\"]"}
COMMAND: POST /session/130ef63994e902c9deb83fe717a4bbca/element/f.DBA113373209FD8E36DE67C53790246B.d.557E9C6851192A9364F1F660F10062A8.e.20589/click - {}
RESULT: {}
RESULT: {}
COMMAND: GET /session/130ef63994e902c9deb83fe717a4bbca/screenshot - {}
RESULT: {}
RESULT: undefined
COMMAND: POST /session/130ef63994e902c9deb83fe717a4bbca/execute/async - {"script":"<script> [776 bytes]","args":[{"enterText":"6/7/25","selector":{"id":"issueDatePicker","viewName":"etm.portal.ui.managehandovers.view.DetailExecuteHO","interaction":{"idSuffix":"inner"}},"clearTextFirst":true,"interactionType":"ENTER_TEXT"}]}
RESULT: {"script":"<script> [776 bytes]","args":[{"enterText":"6/7/25","selector":{"id":"issueDatePicker","viewName":"etm.portal.ui.managehandovers.view.DetailExecuteHO","interaction":{"idSuffix":"inner"}},"clearTextFirst":true,"interactionType":"ENTER_TEXT"}]}
COMMAND: POST /session/130ef63994e902c9deb83fe717a4bbca/element - {"using":"xpath","value":"//button[@data-kt=\"PickingTableConfirmAllButton\"]"}
RESULT: {"using":"xpath","value":"//button[@data-kt=\"PickingTableConfirmAllButton\"]"}
COMMAND: POST /session/130ef63994e902c9deb83fe717a4bbca/element/f.DBA113373209FD8E36DE67C53790246B.d.557E9C6851192A9364F1F660F10062A8.e.20834/click - {}
RESULT: {}
COMMAND: GET /session/130ef63994e902c9deb83fe717a4bbca/screenshot - {}
RESULT: {}
COMMAND: POST /session/130ef63994e902c9deb83fe717a4bbca/element - {"using":"xpath","value":"//bdi[contains(text(), \"OK\")]"}
RESULT: {"using":"xpath","value":"//bdi[contains(text(), \"OK\")]"}
COMMAND: POST /session/130ef63994e902c9deb83fe717a4bbca/element/f.DBA113373209FD8E36DE67C53790246B.d.557E9C6851192A9364F1F660F10062A8.e.20837/click - {}
RESULT: {}
COMMAND: GET /session/130ef63994e902c9deb83fe717a4bbca/screenshot - {}
RESULT: {}
COMMAND: POST /session/130ef63994e902c9deb83fe717a4bbca/element - {"using":"xpath","value":"//button[@data-kt=\"execHoPickButton\"]"}
RESULT: {"using":"xpath","value":"//button[@data-kt=\"execHoPickButton\"]"}
COMMAND: POST /session/130ef63994e902c9deb83fe717a4bbca/element/f.DBA113373209FD8E36DE67C53790246B.d.557E9C6851192A9364F1F660F10062A8.e.20839/click - {}
RESULT: {}
COMMAND: GET /session/130ef63994e902c9deb83fe717a4bbca/screenshot - {}
RESULT: {}
COMMAND: POST /session/130ef63994e902c9deb83fe717a4bbca/element - {"using":"xpath","value":"//span[contains(@id ,\"filterItemControl_BASIC-SEND_CONTRACT-vhi\")]"}
RESULT: {"using":"xpath","value":"//span[contains(@id ,\"filterItemControl_BASIC-SEND_CONTRACT-vhi\")]"}
COMMAND: POST /session/130ef63994e902c9deb83fe717a4bbca/element/f.DBA113373209FD8E36DE67C53790246B.d.557E9C6851192A9364F1F660F10062A8.e.21124/click - {}
RESULT: {}
COMMAND: GET /session/130ef63994e902c9deb83fe717a4bbca/screenshot - {}
RESULT: {}
RESULT: undefined
COMMAND: POST /session/130ef63994e902c9deb83fe717a4bbca/execute/async - {"script":"<script> [776 bytes]","args":[{"enterText":"10197","selector":{"controlType":"sap.m.SearchField","viewName":"etm.portal.ui.managehandovers.view.MasterHO","bindingPath":{"path":"","propertyPath":"/_BASIC_SEARCH_FIELD","modelName":"fi1t3rM0d31"},"searchOpenDialogs":true,"interaction":{"idSuffix":"I"}},"clearTextFirst":true,"interactionType":"ENTER_TEXT"}]}
RESULT: {"script":"<script> [776 bytes]","args":[{"enterText":"10197","selector":{"controlType":"sap.m.SearchField","viewName":"etm.portal.ui.managehandovers.view.MasterHO","bindingPath":{"path":"","propertyPath":"/_BASIC_SEARCH_FIELD","modelName":"fi1t3rM0d31"},"searchOpenDialogs":true,"interaction":{"idSuffix":"I"}},"clearTextFirst":true,"interactionType":"ENTER_TEXT"}]}
COMMAND: POST /session/130ef63994e902c9deb83fe717a4bbca/actions - {"actions":[{"id":"action83","type":"key","parameters":{},"actions":[{"type":"keyDown","value":""},{"type":"pause","duration":10},{"type":"keyUp","value":""}]}]}
RESULT: {"actions":[{"id":"action83","type":"key","parameters":{},"actions":[{"type":"keyDown","value":""},{"type":"pause","duration":10},{"type":"keyUp","value":""}]}]}
COMMAND: GET /session/130ef63994e902c9deb83fe717a4bbca/screenshot - {}
RESULT: {}
COMMAND: POST /session/130ef63994e902c9deb83fe717a4bbca/element - {"using":"xpath","value":"//div[contains(@id, 'filterItemControl_BASIC-SEND_CONTRACT-valueHelpDialog-table-rowsel0')]"}
RESULT: {"using":"xpath","value":"//div[contains(@id, 'filterItemControl_BASIC-SEND_CONTRACT-valueHelpDialog-table-rowsel0')]"}
COMMAND: POST /session/130ef63994e902c9deb83fe717a4bbca/element/f.DBA113373209FD8E36DE67C53790246B.d.557E9C6851192A9364F1F660F10062A8.e.21133/click - {}
RESULT: {}
COMMAND: GET /session/130ef63994e902c9deb83fe717a4bbca/screenshot - {}
RESULT: {}
COMMAND: POST /session/130ef63994e902c9deb83fe717a4bbca/element - {"using":"xpath","value":"//bdi[contains(text(), \"OK\")]"}
RESULT: {"using":"xpath","value":"//bdi[contains(text(), \"OK\")]"}
COMMAND: POST /session/130ef63994e902c9deb83fe717a4bbca/element/f.DBA113373209FD8E36DE67C53790246B.d.557E9C6851192A9364F1F660F10062A8.e.21135/click - {}
RESULT: {}
COMMAND: GET /session/130ef63994e902c9deb83fe717a4bbca/screenshot - {}
RESULT: {}
COMMAND: POST /session/130ef63994e902c9deb83fe717a4bbca/element - {"using":"xpath","value":"//span[contains(@id, \"smartTable-header-inner\")]"}
RESULT: {"using":"xpath","value":"//span[contains(@id, \"smartTable-header-inner\")]"}
COMMAND: POST /session/130ef63994e902c9deb83fe717a4bbca/elements - {"using":"xpath","value":"//span[contains(@id, \"smartTable-header-inner\")]"}
RESULT: {"using":"xpath","value":"//span[contains(@id, \"smartTable-header-inner\")]"}
COMMAND: POST /session/130ef63994e902c9deb83fe717a4bbca/execute/sync - {"script":"<script> [56 bytes]","args":[{"element-6066-11e4-a52e-4f735466cecf":"f.DBA113373209FD8E36DE67C53790246B.d.557E9C6851192A9364F1F660F10062A8.e.21163","ELEMENT":"f.DBA113373209FD8E36DE67C53790246B.d.557E9C6851192A9364F1F660F10062A8.e.21163"}]}
RESULT: {"script":"<script> [56 bytes]","args":[{"element-6066-11e4-a52e-4f735466cecf":"f.DBA113373209FD8E36DE67C53790246B.d.557E9C6851192A9364F1F660F10062A8.e.21163","ELEMENT":"f.DBA113373209FD8E36DE67C53790246B.d.557E9C6851192A9364F1F660F10062A8.e.21163"}]}
COMMAND: POST /session/130ef63994e902c9deb83fe717a4bbca/element - {"using":"xpath","value":"//table[contains(@id, \"customHandovers\")]//tbody/tr[1]/td[2]/span"}
COMMAND: GET /session/130ef63994e902c9deb83fe717a4bbca/screenshot - {}
RESULT: {"using":"xpath","value":"//table[contains(@id, \"customHandovers\")]//tbody/tr[1]/td[2]/span"}
COMMAND: POST /session/130ef63994e902c9deb83fe717a4bbca/execute/sync - {"script":"<script> [56 bytes]","args":[{"element-6066-11e4-a52e-4f735466cecf":"f.DBA113373209FD8E36DE67C53790246B.d.557E9C6851192A9364F1F660F10062A8.e.21164","ELEMENT":"f.DBA113373209FD8E36DE67C53790246B.d.557E9C6851192A9364F1F660F10062A8.e.21164"}]}
RESULT: {}
RESULT: {"script":"<script> [56 bytes]","args":[{"element-6066-11e4-a52e-4f735466cecf":"f.DBA113373209FD8E36DE67C53790246B.d.557E9C6851192A9364F1F660F10062A8.e.21164","ELEMENT":"f.DBA113373209FD8E36DE67C53790246B.d.557E9C6851192A9364F1F660F10062A8.e.21164"}]}
COMMAND: POST /session/130ef63994e902c9deb83fe717a4bbca/element - {"using":"xpath","value":"(//span[contains(@id, \"imgNav\")])[1]"}
COMMAND: GET /session/130ef63994e902c9deb83fe717a4bbca/screenshot - {}
RESULT: {"using":"xpath","value":"(//span[contains(@id, \"imgNav\")])[1]"}
COMMAND: POST /session/130ef63994e902c9deb83fe717a4bbca/element/f.DBA113373209FD8E36DE67C53790246B.d.557E9C6851192A9364F1F660F10062A8.e.21161/click - {}
RESULT: {}
RESULT: {}
COMMAND: GET /session/130ef63994e902c9deb83fe717a4bbca/screenshot - {}
RESULT: {}
RESULT: undefined
COMMAND: POST /session/130ef63994e902c9deb83fe717a4bbca/execute/async - {"script":"<script> [776 bytes]","args":[{"enterText":"6/7/25","selector":{"id":"issueDatePicker","viewName":"etm.portal.ui.managehandovers.view.DetailExecuteHO","interaction":{"idSuffix":"inner"}},"clearTextFirst":true,"interactionType":"ENTER_TEXT"}]}
RESULT: {"script":"<script> [776 bytes]","args":[{"enterText":"6/7/25","selector":{"id":"issueDatePicker","viewName":"etm.portal.ui.managehandovers.view.DetailExecuteHO","interaction":{"idSuffix":"inner"}},"clearTextFirst":true,"interactionType":"ENTER_TEXT"}]}
COMMAND: POST /session/130ef63994e902c9deb83fe717a4bbca/element - {"using":"xpath","value":"//button[@data-kt=\"IssuingTableConfirmAllButton\"]"}
RESULT: {"using":"xpath","value":"//button[@data-kt=\"IssuingTableConfirmAllButton\"]"}
COMMAND: POST /session/130ef63994e902c9deb83fe717a4bbca/element/f.DBA113373209FD8E36DE67C53790246B.d.557E9C6851192A9364F1F660F10062A8.e.21212/click - {}
RESULT: {}
COMMAND: GET /session/130ef63994e902c9deb83fe717a4bbca/screenshot - {}
RESULT: {}
COMMAND: POST /session/130ef63994e902c9deb83fe717a4bbca/element - {"using":"xpath","value":"//bdi[contains(text(), \"OK\")]"}
RESULT: {"using":"xpath","value":"//bdi[contains(text(), \"OK\")]"}
COMMAND: POST /session/130ef63994e902c9deb83fe717a4bbca/element/f.DBA113373209FD8E36DE67C53790246B.d.557E9C6851192A9364F1F660F10062A8.e.21229/click - {}
RESULT: {}
COMMAND: GET /session/130ef63994e902c9deb83fe717a4bbca/screenshot - {}
RESULT: {}
COMMAND: POST /session/130ef63994e902c9deb83fe717a4bbca/element - {"using":"xpath","value":"//button[@data-kt=\"execHoIssueButton\"]"}
RESULT: {"using":"xpath","value":"//button[@data-kt=\"execHoIssueButton\"]"}
COMMAND: POST /session/130ef63994e902c9deb83fe717a4bbca/element/f.DBA113373209FD8E36DE67C53790246B.d.557E9C6851192A9364F1F660F10062A8.e.21230/click - {}
RESULT: {}
COMMAND: GET /session/130ef63994e902c9deb83fe717a4bbca/screenshot - {}
RESULT: {}
COMMAND: POST /session/130ef63994e902c9deb83fe717a4bbca/element - {"using":"xpath","value":"//input[contains(@id ,\"smartFilterBar-btnBasicSearch-I\")]"}
RESULT: {"using":"xpath","value":"//input[contains(@id ,\"smartFilterBar-btnBasicSearch-I\")]"}
COMMAND: POST /session/130ef63994e902c9deb83fe717a4bbca/elements - {"using":"xpath","value":"//input[contains(@id ,\"smartFilterBar-btnBasicSearch-I\")]"}
RESULT: {"using":"xpath","value":"//input[contains(@id ,\"smartFilterBar-btnBasicSearch-I\")]"}
COMMAND: POST /session/130ef63994e902c9deb83fe717a4bbca/execute/sync - {"script":"<script> [8489 bytes]","args":[{"element-6066-11e4-a52e-4f735466cecf":"f.DBA113373209FD8E36DE67C53790246B.d.557E9C6851192A9364F1F660F10062A8.e.20761","ELEMENT":"f.DBA113373209FD8E36DE67C53790246B.d.557E9C6851192A9364F1F660F10062A8.e.20761"}]}
RESULT: {"script":"<script> [8489 bytes]","args":[{"element-6066-11e4-a52e-4f735466cecf":"f.DBA113373209FD8E36DE67C53790246B.d.557E9C6851192A9364F1F660F10062A8.e.20761","ELEMENT":"f.DBA113373209FD8E36DE67C53790246B.d.557E9C6851192A9364F1F660F10062A8.e.20761"}]}
COMMAND: GET /session/130ef63994e902c9deb83fe717a4bbca/element/f.DBA113373209FD8E36DE67C53790246B.d.557E9C6851192A9364F1F660F10062A8.e.20761/enabled - {}
COMMAND: GET /session/130ef63994e902c9deb83fe717a4bbca/screenshot - {}
RESULT: {}
COMMAND: POST /session/130ef63994e902c9deb83fe717a4bbca/element/f.DBA113373209FD8E36DE67C53790246B.d.557E9C6851192A9364F1F660F10062A8.e.20761/clear - {}
COMMAND: GET /session/130ef63994e902c9deb83fe717a4bbca/screenshot - {}
RESULT: {}
RESULT: {}
COMMAND: POST /session/130ef63994e902c9deb83fe717a4bbca/element/f.DBA113373209FD8E36DE67C53790246B.d.557E9C6851192A9364F1F660F10062A8.e.20761/value - {"text":"30403"}
COMMAND: GET /session/130ef63994e902c9deb83fe717a4bbca/screenshot - {}
RESULT: {}
RESULT: {"text":"30403"}
COMMAND: GET /session/130ef63994e902c9deb83fe717a4bbca/screenshot - {}
RESULT: {}
RESULT: {}
COMMAND: POST /session/130ef63994e902c9deb83fe717a4bbca/actions - {"actions":[{"id":"action84","type":"key","parameters":{},"actions":[{"type":"keyDown","value":""},{"type":"pause","duration":10},{"type":"keyUp","value":""}]}]}
RESULT: {"actions":[{"id":"action84","type":"key","parameters":{},"actions":[{"type":"keyDown","value":""},{"type":"pause","duration":10},{"type":"keyUp","value":""}]}]}
COMMAND: GET /session/130ef63994e902c9deb83fe717a4bbca/screenshot - {}
RESULT: {}
COMMAND: POST /session/130ef63994e902c9deb83fe717a4bbca/element - {"using":"xpath","value":"//span[contains(@id, \"smartTable-header-inner\")]"}
RESULT: {"using":"xpath","value":"//span[contains(@id, \"smartTable-header-inner\")]"}
COMMAND: POST /session/130ef63994e902c9deb83fe717a4bbca/elements - {"using":"xpath","value":"//span[contains(@id, \"smartTable-header-inner\")]"}
RESULT: {"using":"xpath","value":"//span[contains(@id, \"smartTable-header-inner\")]"}
COMMAND: POST /session/130ef63994e902c9deb83fe717a4bbca/execute/sync - {"script":"<script> [56 bytes]","args":[{"element-6066-11e4-a52e-4f735466cecf":"f.DBA113373209FD8E36DE67C53790246B.d.557E9C6851192A9364F1F660F10062A8.e.21163","ELEMENT":"f.DBA113373209FD8E36DE67C53790246B.d.557E9C6851192A9364F1F660F10062A8.e.21163"}]}
RESULT: {"script":"<script> [56 bytes]","args":[{"element-6066-11e4-a52e-4f735466cecf":"f.DBA113373209FD8E36DE67C53790246B.d.557E9C6851192A9364F1F660F10062A8.e.21163","ELEMENT":"f.DBA113373209FD8E36DE67C53790246B.d.557E9C6851192A9364F1F660F10062A8.e.21163"}]}
COMMAND: POST /session/130ef63994e902c9deb83fe717a4bbca/elements - {"using":"xpath","value":"//thead[contains(@class, \"sapMTableTH\")]/tr/th"}
COMMAND: GET /session/130ef63994e902c9deb83fe717a4bbca/screenshot - {}
RESULT: {"using":"xpath","value":"//thead[contains(@class, \"sapMTableTH\")]/tr/th"}
COMMAND: GET /session/130ef63994e902c9deb83fe717a4bbca/element/f.DBA113373209FD8E36DE67C53790246B.d.557E9C6851192A9364F1F660F10062A8.e.21267/text - {}
RESULT: {}
RESULT: {}
COMMAND: GET /session/130ef63994e902c9deb83fe717a4bbca/element/f.DBA113373209FD8E36DE67C53790246B.d.557E9C6851192A9364F1F660F10062A8.e.21268/text - {}
RESULT: {}
COMMAND: GET /session/130ef63994e902c9deb83fe717a4bbca/element/f.DBA113373209FD8E36DE67C53790246B.d.557E9C6851192A9364F1F660F10062A8.e.20551/text - {}
RESULT: {}
COMMAND: GET /session/130ef63994e902c9deb83fe717a4bbca/element/f.DBA113373209FD8E36DE67C53790246B.d.557E9C6851192A9364F1F660F10062A8.e.20553/text - {}
RESULT: {}
COMMAND: GET /session/130ef63994e902c9deb83fe717a4bbca/element/f.DBA113373209FD8E36DE67C53790246B.d.557E9C6851192A9364F1F660F10062A8.e.21235/text - {}
RESULT: {}
COMMAND: GET /session/130ef63994e902c9deb83fe717a4bbca/element/f.DBA113373209FD8E36DE67C53790246B.d.557E9C6851192A9364F1F660F10062A8.e.21236/text - {}
RESULT: {}
COMMAND: GET /session/130ef63994e902c9deb83fe717a4bbca/element/f.DBA113373209FD8E36DE67C53790246B.d.557E9C6851192A9364F1F660F10062A8.e.21237/text - {}
RESULT: {}
COMMAND: GET /session/130ef63994e902c9deb83fe717a4bbca/element/f.DBA113373209FD8E36DE67C53790246B.d.557E9C6851192A9364F1F660F10062A8.e.21238/text - {}
RESULT: {}
COMMAND: GET /session/130ef63994e902c9deb83fe717a4bbca/element/f.DBA113373209FD8E36DE67C53790246B.d.557E9C6851192A9364F1F660F10062A8.e.21239/text - {}
RESULT: {}
COMMAND: GET /session/130ef63994e902c9deb83fe717a4bbca/element/f.DBA113373209FD8E36DE67C53790246B.d.557E9C6851192A9364F1F660F10062A8.e.21240/text - {}
RESULT: {}
COMMAND: GET /session/130ef63994e902c9deb83fe717a4bbca/element/f.DBA113373209FD8E36DE67C53790246B.d.557E9C6851192A9364F1F660F10062A8.e.21241/text - {}
RESULT: {}
COMMAND: GET /session/130ef63994e902c9deb83fe717a4bbca/element/f.DBA113373209FD8E36DE67C53790246B.d.557E9C6851192A9364F1F660F10062A8.e.21242/text - {}
RESULT: {}
COMMAND: GET /session/130ef63994e902c9deb83fe717a4bbca/element/f.DBA113373209FD8E36DE67C53790246B.d.557E9C6851192A9364F1F660F10062A8.e.21243/text - {}
RESULT: {}
COMMAND: GET /session/130ef63994e902c9deb83fe717a4bbca/element/f.DBA113373209FD8E36DE67C53790246B.d.557E9C6851192A9364F1F660F10062A8.e.20554/text - {}
RESULT: {}
COMMAND: POST /session/130ef63994e902c9deb83fe717a4bbca/element - {"using":"xpath","value":"//tbody[contains(@id, \"customHandoversTable-tblBody\")]/tr[1]/td[14]/div/span"}
RESULT: {"using":"xpath","value":"//tbody[contains(@id, \"customHandoversTable-tblBody\")]/tr[1]/td[14]/div/span"}
COMMAND: POST /session/130ef63994e902c9deb83fe717a4bbca/execute/sync - {"script":"<script> [56 bytes]","args":[{"element-6066-11e4-a52e-4f735466cecf":"f.DBA113373209FD8E36DE67C53790246B.d.557E9C6851192A9364F1F660F10062A8.e.21317","ELEMENT":"f.DBA113373209FD8E36DE67C53790246B.d.557E9C6851192A9364F1F660F10062A8.e.21317"}]}
RESULT: {"script":"<script> [56 bytes]","args":[{"element-6066-11e4-a52e-4f735466cecf":"f.DBA113373209FD8E36DE67C53790246B.d.557E9C6851192A9364F1F660F10062A8.e.21317","ELEMENT":"f.DBA113373209FD8E36DE67C53790246B.d.557E9C6851192A9364F1F660F10062A8.e.21317"}]}
COMMAND: POST /session/130ef63994e902c9deb83fe717a4bbca/element - {"using":"xpath","value":"(//span[contains(@id, \"imgNav\")])[1]"}
COMMAND: GET /session/130ef63994e902c9deb83fe717a4bbca/screenshot - {}
RESULT: {"using":"xpath","value":"(//span[contains(@id, \"imgNav\")])[1]"}
COMMAND: POST /session/130ef63994e902c9deb83fe717a4bbca/element/f.DBA113373209FD8E36DE67C53790246B.d.557E9C6851192A9364F1F660F10062A8.e.21318/click - {}
RESULT: {}
RESULT: {}
COMMAND: GET /session/130ef63994e902c9deb83fe717a4bbca/screenshot - {}
RESULT: {}
RESULT: undefined
COMMAND: POST /session/130ef63994e902c9deb83fe717a4bbca/execute/async - {"script":"<script> [776 bytes]","args":[{"enterText":"6/14/25","selector":{"id":"receiptDatePicker","viewName":"etm.portal.ui.managehandovers.view.DetailExecuteHO","interaction":{"idSuffix":"inner"}},"clearTextFirst":true,"interactionType":"ENTER_TEXT"}]}
RESULT: {"script":"<script> [776 bytes]","args":[{"enterText":"6/14/25","selector":{"id":"receiptDatePicker","viewName":"etm.portal.ui.managehandovers.view.DetailExecuteHO","interaction":{"idSuffix":"inner"}},"clearTextFirst":true,"interactionType":"ENTER_TEXT"}]}
COMMAND: POST /session/130ef63994e902c9deb83fe717a4bbca/element - {"using":"xpath","value":"//button[@data-kt=\"ReceivingTableConfirmAllButton\"]"}
RESULT: {"using":"xpath","value":"//button[@data-kt=\"ReceivingTableConfirmAllButton\"]"}
COMMAND: POST /session/130ef63994e902c9deb83fe717a4bbca/element/f.DBA113373209FD8E36DE67C53790246B.d.557E9C6851192A9364F1F660F10062A8.e.21341/click - {}
COMMAND: GET /session/130ef63994e902c9deb83fe717a4bbca/screenshot - {}
RESULT: {}
]]></system-out>
      <system-err><![CDATA[
element click intercepted: element click intercepted: Element <button id="__button446" data-sap-ui="__button446" data-sap-ui-render="" data-kt="ReceivingTableConfirmAllButton" data-ui5-accesskey="c" aria-describedby="__button446-tooltip" title="Confirm All" class="sapMBtnBase sapMBtn sapMColumnHeaderContent">...</button> is not clickable at point (726, 749). Other element would receive the click: <div id="sap-ui-blocklayer-popup" tabindex="0" class="sapUiBLy" style="z-index: 889; visibility: visible;"></div>
  (Session info: chrome=136.0.7103.93)
    at async UtilsPrerequisites.returnTwoStep (D:\a\1\s\test\specs\BTS\prerequisites-and-utils-functions.js:2638:9)
    at async Context.<anonymous> (D:\a\1\s\test\specs\BTS\billing-calculation-transp-times.spec.js:108:9)
]]></system-err>
    </testcase>
    <testcase classname="chrome.136_0_7103_93.windows.Billing_Calculation_-_Time_based_(considering_transport_times)_US139738" name="Should do another billing run but in around 17 days from today" time="20.515">
      <failure/>
      <error message="element not interactable&#xA;  (Session info: chrome=136.0.7103.93)"/>
      <system-out><![CDATA[
RESULT: undefined
COMMAND: POST /session/130ef63994e902c9deb83fe717a4bbca/element - {"using":"xpath","value":"//*[@id=\"__tile51\"]"}
COMMAND: GET /session/130ef63994e902c9deb83fe717a4bbca/screenshot - {}
RESULT: {"using":"xpath","value":"//*[@id=\"__tile51\"]"}
COMMAND: POST /session/130ef63994e902c9deb83fe717a4bbca/element/f.DBA113373209FD8E36DE67C53790246B.d.557E9C6851192A9364F1F660F10062A8.e.15749/click - {}
RESULT: {}
COMMAND: POST /session/130ef63994e902c9deb83fe717a4bbca/elements - {"using":"xpath","value":"//span[text()='Error']"}
RESULT: {"using":"xpath","value":"//span[text()='Error']"}
RESULT: undefined
COMMAND: POST /session/130ef63994e902c9deb83fe717a4bbca/execute/async - {"script":"<script> [776 bytes]","args":[{"enterText":"10197","selector":{"id":"application-managebillings-display-component---billRunCalcResult--smartFilterBar-btnBasicSearch","interaction":{"idSuffix":"I"}},"clearTextFirst":true,"interactionType":"ENTER_TEXT"}]}
RESULT: {"script":"<script> [776 bytes]","args":[{"enterText":"10197","selector":{"id":"application-managebillings-display-component---billRunCalcResult--smartFilterBar-btnBasicSearch","interaction":{"idSuffix":"I"}},"clearTextFirst":true,"interactionType":"ENTER_TEXT"}]}
COMMAND: POST /session/130ef63994e902c9deb83fe717a4bbca/actions - {"actions":[{"id":"action85","type":"key","parameters":{},"actions":[{"type":"keyDown","value":""},{"type":"pause","duration":10},{"type":"keyUp","value":""}]}]}
RESULT: {"actions":[{"id":"action85","type":"key","parameters":{},"actions":[{"type":"keyDown","value":""},{"type":"pause","duration":10},{"type":"keyUp","value":""}]}]}
COMMAND: GET /session/130ef63994e902c9deb83fe717a4bbca/screenshot - {}
COMMAND: POST /session/130ef63994e902c9deb83fe717a4bbca/element - {"using":"xpath","value":"//td[@aria-colindex=\"1\"]/div/div[contains(@class, \"sapMCbBg\")]"}
RESULT: {}
RESULT: {"using":"xpath","value":"//td[@aria-colindex=\"1\"]/div/div[contains(@class, \"sapMCbBg\")]"}
COMMAND: POST /session/130ef63994e902c9deb83fe717a4bbca/element/f.DBA113373209FD8E36DE67C53790246B.d.557E9C6851192A9364F1F660F10062A8.e.21366/click - {}
COMMAND: GET /session/130ef63994e902c9deb83fe717a4bbca/screenshot - {}
RESULT: {}
]]></system-out>
      <system-err><![CDATA[
element not interactable: element not interactable
  (Session info: chrome=136.0.7103.93)
    at async UtilsPrerequisites.manageBillingsTriggerCalculation (D:\a\1\s\test\specs\BTS\prerequisites-and-utils-functions.js:2718:9)
    at async Context.<anonymous> (D:\a\1\s\test\specs\BTS\billing-calculation-transp-times.spec.js:112:9)
]]></system-err>
    </testcase>
    <testcase classname="chrome.136_0_7103_93.windows.Billing_Calculation_-_Time_based_(considering_transport_times)_US139738" name="Should transfer the billing all the way to completion" time="56.906">
      <failure/>
      <error message="element (&quot;//input[contains(@id ,&quot;application-billingtransfer-display-component---billingWorkbench--smartFilterBar-btnBasicSearch&quot;)]&quot;) still not existing after 45000ms"/>
      <system-out><![CDATA[
COMMAND: GET /session/130ef63994e902c9deb83fe717a4bbca/screenshot - {}
RESULT: undefined
COMMAND: POST /session/130ef63994e902c9deb83fe717a4bbca/element - {"using":"xpath","value":"//*[@id=\"__tile50\"]"}
RESULT: {}
RESULT: {"using":"xpath","value":"//*[@id=\"__tile50\"]"}
COMMAND: POST /session/130ef63994e902c9deb83fe717a4bbca/element/f.DBA113373209FD8E36DE67C53790246B.d.557E9C6851192A9364F1F660F10062A8.e.15747/click - {}
COMMAND: POST /session/130ef63994e902c9deb83fe717a4bbca/elements - {"using":"xpath","value":"//span[text()='Error']"}
RESULT: {"using":"xpath","value":"//span[text()='Error']"}
COMMAND: POST /session/130ef63994e902c9deb83fe717a4bbca/element - {"using":"xpath","value":"//input[contains(@id ,\"application-billingtransfer-display-component---billingWorkbench--smartFilterBar-btnBasicSearch\")]"}
RESULT: {"using":"xpath","value":"//input[contains(@id ,\"application-billingtransfer-display-component---billingWorkbench--smartFilterBar-btnBasicSearch\")]"}
COMMAND: POST /session/130ef63994e902c9deb83fe717a4bbca/elements - {"using":"xpath","value":"//input[contains(@id ,\"application-billingtransfer-display-component---billingWorkbench--smartFilterBar-btnBasicSearch\")]"}
RESULT: {"using":"xpath","value":"//input[contains(@id ,\"application-billingtransfer-display-component---billingWorkbench--smartFilterBar-btnBasicSearch\")]"}
COMMAND: POST /session/130ef63994e902c9deb83fe717a4bbca/elements - {"using":"xpath","value":"//input[contains(@id ,\"application-billingtransfer-display-component---billingWorkbench--smartFilterBar-btnBasicSearch\")]"}
RESULT: {"using":"xpath","value":"//input[contains(@id ,\"application-billingtransfer-display-component---billingWorkbench--smartFilterBar-btnBasicSearch\")]"}
COMMAND: POST /session/130ef63994e902c9deb83fe717a4bbca/elements - {"using":"xpath","value":"//input[contains(@id ,\"application-billingtransfer-display-component---billingWorkbench--smartFilterBar-btnBasicSearch\")]"}
RESULT: {"using":"xpath","value":"//input[contains(@id ,\"application-billingtransfer-display-component---billingWorkbench--smartFilterBar-btnBasicSearch\")]"}
COMMAND: POST /session/130ef63994e902c9deb83fe717a4bbca/elements - {"using":"xpath","value":"//input[contains(@id ,\"application-billingtransfer-display-component---billingWorkbench--smartFilterBar-btnBasicSearch\")]"}
RESULT: {"using":"xpath","value":"//input[contains(@id ,\"application-billingtransfer-display-component---billingWorkbench--smartFilterBar-btnBasicSearch\")]"}
COMMAND: POST /session/130ef63994e902c9deb83fe717a4bbca/elements - {"using":"xpath","value":"//input[contains(@id ,\"application-billingtransfer-display-component---billingWorkbench--smartFilterBar-btnBasicSearch\")]"}
RESULT: {"using":"xpath","value":"//input[contains(@id ,\"application-billingtransfer-display-component---billingWorkbench--smartFilterBar-btnBasicSearch\")]"}
COMMAND: POST /session/130ef63994e902c9deb83fe717a4bbca/elements - {"using":"xpath","value":"//input[contains(@id ,\"application-billingtransfer-display-component---billingWorkbench--smartFilterBar-btnBasicSearch\")]"}
RESULT: {"using":"xpath","value":"//input[contains(@id ,\"application-billingtransfer-display-component---billingWorkbench--smartFilterBar-btnBasicSearch\")]"}
COMMAND: POST /session/130ef63994e902c9deb83fe717a4bbca/elements - {"using":"xpath","value":"//input[contains(@id ,\"application-billingtransfer-display-component---billingWorkbench--smartFilterBar-btnBasicSearch\")]"}
RESULT: {"using":"xpath","value":"//input[contains(@id ,\"application-billingtransfer-display-component---billingWorkbench--smartFilterBar-btnBasicSearch\")]"}
COMMAND: POST /session/130ef63994e902c9deb83fe717a4bbca/elements - {"using":"xpath","value":"//input[contains(@id ,\"application-billingtransfer-display-component---billingWorkbench--smartFilterBar-btnBasicSearch\")]"}
RESULT: {"using":"xpath","value":"//input[contains(@id ,\"application-billingtransfer-display-component---billingWorkbench--smartFilterBar-btnBasicSearch\")]"}
COMMAND: POST /session/130ef63994e902c9deb83fe717a4bbca/elements - {"using":"xpath","value":"//input[contains(@id ,\"application-billingtransfer-display-component---billingWorkbench--smartFilterBar-btnBasicSearch\")]"}
RESULT: {"using":"xpath","value":"//input[contains(@id ,\"application-billingtransfer-display-component---billingWorkbench--smartFilterBar-btnBasicSearch\")]"}
COMMAND: POST /session/130ef63994e902c9deb83fe717a4bbca/elements - {"using":"xpath","value":"//input[contains(@id ,\"application-billingtransfer-display-component---billingWorkbench--smartFilterBar-btnBasicSearch\")]"}
RESULT: {"using":"xpath","value":"//input[contains(@id ,\"application-billingtransfer-display-component---billingWorkbench--smartFilterBar-btnBasicSearch\")]"}
COMMAND: POST /session/130ef63994e902c9deb83fe717a4bbca/elements - {"using":"xpath","value":"//input[contains(@id ,\"application-billingtransfer-display-component---billingWorkbench--smartFilterBar-btnBasicSearch\")]"}
RESULT: {"using":"xpath","value":"//input[contains(@id ,\"application-billingtransfer-display-component---billingWorkbench--smartFilterBar-btnBasicSearch\")]"}
COMMAND: POST /session/130ef63994e902c9deb83fe717a4bbca/elements - {"using":"xpath","value":"//input[contains(@id ,\"application-billingtransfer-display-component---billingWorkbench--smartFilterBar-btnBasicSearch\")]"}
RESULT: {"using":"xpath","value":"//input[contains(@id ,\"application-billingtransfer-display-component---billingWorkbench--smartFilterBar-btnBasicSearch\")]"}
COMMAND: POST /session/130ef63994e902c9deb83fe717a4bbca/elements - {"using":"xpath","value":"//input[contains(@id ,\"application-billingtransfer-display-component---billingWorkbench--smartFilterBar-btnBasicSearch\")]"}
RESULT: {"using":"xpath","value":"//input[contains(@id ,\"application-billingtransfer-display-component---billingWorkbench--smartFilterBar-btnBasicSearch\")]"}
COMMAND: POST /session/130ef63994e902c9deb83fe717a4bbca/elements - {"using":"xpath","value":"//input[contains(@id ,\"application-billingtransfer-display-component---billingWorkbench--smartFilterBar-btnBasicSearch\")]"}
RESULT: {"using":"xpath","value":"//input[contains(@id ,\"application-billingtransfer-display-component---billingWorkbench--smartFilterBar-btnBasicSearch\")]"}
COMMAND: POST /session/130ef63994e902c9deb83fe717a4bbca/elements - {"using":"xpath","value":"//input[contains(@id ,\"application-billingtransfer-display-component---billingWorkbench--smartFilterBar-btnBasicSearch\")]"}
RESULT: {"using":"xpath","value":"//input[contains(@id ,\"application-billingtransfer-display-component---billingWorkbench--smartFilterBar-btnBasicSearch\")]"}
COMMAND: POST /session/130ef63994e902c9deb83fe717a4bbca/elements - {"using":"xpath","value":"//input[contains(@id ,\"application-billingtransfer-display-component---billingWorkbench--smartFilterBar-btnBasicSearch\")]"}
RESULT: {"using":"xpath","value":"//input[contains(@id ,\"application-billingtransfer-display-component---billingWorkbench--smartFilterBar-btnBasicSearch\")]"}
COMMAND: POST /session/130ef63994e902c9deb83fe717a4bbca/elements - {"using":"xpath","value":"//input[contains(@id ,\"application-billingtransfer-display-component---billingWorkbench--smartFilterBar-btnBasicSearch\")]"}
RESULT: {"using":"xpath","value":"//input[contains(@id ,\"application-billingtransfer-display-component---billingWorkbench--smartFilterBar-btnBasicSearch\")]"}
COMMAND: POST /session/130ef63994e902c9deb83fe717a4bbca/elements - {"using":"xpath","value":"//input[contains(@id ,\"application-billingtransfer-display-component---billingWorkbench--smartFilterBar-btnBasicSearch\")]"}
RESULT: {"using":"xpath","value":"//input[contains(@id ,\"application-billingtransfer-display-component---billingWorkbench--smartFilterBar-btnBasicSearch\")]"}
COMMAND: POST /session/130ef63994e902c9deb83fe717a4bbca/elements - {"using":"xpath","value":"//input[contains(@id ,\"application-billingtransfer-display-component---billingWorkbench--smartFilterBar-btnBasicSearch\")]"}
RESULT: {"using":"xpath","value":"//input[contains(@id ,\"application-billingtransfer-display-component---billingWorkbench--smartFilterBar-btnBasicSearch\")]"}
COMMAND: POST /session/130ef63994e902c9deb83fe717a4bbca/elements - {"using":"xpath","value":"//input[contains(@id ,\"application-billingtransfer-display-component---billingWorkbench--smartFilterBar-btnBasicSearch\")]"}
RESULT: {"using":"xpath","value":"//input[contains(@id ,\"application-billingtransfer-display-component---billingWorkbench--smartFilterBar-btnBasicSearch\")]"}
COMMAND: POST /session/130ef63994e902c9deb83fe717a4bbca/elements - {"using":"xpath","value":"//input[contains(@id ,\"application-billingtransfer-display-component---billingWorkbench--smartFilterBar-btnBasicSearch\")]"}
RESULT: {"using":"xpath","value":"//input[contains(@id ,\"application-billingtransfer-display-component---billingWorkbench--smartFilterBar-btnBasicSearch\")]"}
COMMAND: POST /session/130ef63994e902c9deb83fe717a4bbca/elements - {"using":"xpath","value":"//input[contains(@id ,\"application-billingtransfer-display-component---billingWorkbench--smartFilterBar-btnBasicSearch\")]"}
RESULT: {"using":"xpath","value":"//input[contains(@id ,\"application-billingtransfer-display-component---billingWorkbench--smartFilterBar-btnBasicSearch\")]"}
COMMAND: POST /session/130ef63994e902c9deb83fe717a4bbca/elements - {"using":"xpath","value":"//input[contains(@id ,\"application-billingtransfer-display-component---billingWorkbench--smartFilterBar-btnBasicSearch\")]"}
RESULT: {"using":"xpath","value":"//input[contains(@id ,\"application-billingtransfer-display-component---billingWorkbench--smartFilterBar-btnBasicSearch\")]"}
COMMAND: POST /session/130ef63994e902c9deb83fe717a4bbca/elements - {"using":"xpath","value":"//input[contains(@id ,\"application-billingtransfer-display-component---billingWorkbench--smartFilterBar-btnBasicSearch\")]"}
RESULT: {"using":"xpath","value":"//input[contains(@id ,\"application-billingtransfer-display-component---billingWorkbench--smartFilterBar-btnBasicSearch\")]"}
COMMAND: POST /session/130ef63994e902c9deb83fe717a4bbca/elements - {"using":"xpath","value":"//input[contains(@id ,\"application-billingtransfer-display-component---billingWorkbench--smartFilterBar-btnBasicSearch\")]"}
RESULT: {"using":"xpath","value":"//input[contains(@id ,\"application-billingtransfer-display-component---billingWorkbench--smartFilterBar-btnBasicSearch\")]"}
COMMAND: POST /session/130ef63994e902c9deb83fe717a4bbca/elements - {"using":"xpath","value":"//input[contains(@id ,\"application-billingtransfer-display-component---billingWorkbench--smartFilterBar-btnBasicSearch\")]"}
RESULT: {"using":"xpath","value":"//input[contains(@id ,\"application-billingtransfer-display-component---billingWorkbench--smartFilterBar-btnBasicSearch\")]"}
COMMAND: POST /session/130ef63994e902c9deb83fe717a4bbca/elements - {"using":"xpath","value":"//input[contains(@id ,\"application-billingtransfer-display-component---billingWorkbench--smartFilterBar-btnBasicSearch\")]"}
RESULT: {"using":"xpath","value":"//input[contains(@id ,\"application-billingtransfer-display-component---billingWorkbench--smartFilterBar-btnBasicSearch\")]"}
COMMAND: POST /session/130ef63994e902c9deb83fe717a4bbca/elements - {"using":"xpath","value":"//input[contains(@id ,\"application-billingtransfer-display-component---billingWorkbench--smartFilterBar-btnBasicSearch\")]"}
RESULT: {"using":"xpath","value":"//input[contains(@id ,\"application-billingtransfer-display-component---billingWorkbench--smartFilterBar-btnBasicSearch\")]"}
COMMAND: POST /session/130ef63994e902c9deb83fe717a4bbca/elements - {"using":"xpath","value":"//input[contains(@id ,\"application-billingtransfer-display-component---billingWorkbench--smartFilterBar-btnBasicSearch\")]"}
RESULT: {"using":"xpath","value":"//input[contains(@id ,\"application-billingtransfer-display-component---billingWorkbench--smartFilterBar-btnBasicSearch\")]"}
COMMAND: POST /session/130ef63994e902c9deb83fe717a4bbca/elements - {"using":"xpath","value":"//input[contains(@id ,\"application-billingtransfer-display-component---billingWorkbench--smartFilterBar-btnBasicSearch\")]"}
RESULT: {"using":"xpath","value":"//input[contains(@id ,\"application-billingtransfer-display-component---billingWorkbench--smartFilterBar-btnBasicSearch\")]"}
COMMAND: POST /session/130ef63994e902c9deb83fe717a4bbca/elements - {"using":"xpath","value":"//input[contains(@id ,\"application-billingtransfer-display-component---billingWorkbench--smartFilterBar-btnBasicSearch\")]"}
RESULT: {"using":"xpath","value":"//input[contains(@id ,\"application-billingtransfer-display-component---billingWorkbench--smartFilterBar-btnBasicSearch\")]"}
COMMAND: POST /session/130ef63994e902c9deb83fe717a4bbca/elements - {"using":"xpath","value":"//input[contains(@id ,\"application-billingtransfer-display-component---billingWorkbench--smartFilterBar-btnBasicSearch\")]"}
RESULT: {"using":"xpath","value":"//input[contains(@id ,\"application-billingtransfer-display-component---billingWorkbench--smartFilterBar-btnBasicSearch\")]"}
COMMAND: POST /session/130ef63994e902c9deb83fe717a4bbca/elements - {"using":"xpath","value":"//input[contains(@id ,\"application-billingtransfer-display-component---billingWorkbench--smartFilterBar-btnBasicSearch\")]"}
RESULT: {"using":"xpath","value":"//input[contains(@id ,\"application-billingtransfer-display-component---billingWorkbench--smartFilterBar-btnBasicSearch\")]"}
COMMAND: POST /session/130ef63994e902c9deb83fe717a4bbca/elements - {"using":"xpath","value":"//input[contains(@id ,\"application-billingtransfer-display-component---billingWorkbench--smartFilterBar-btnBasicSearch\")]"}
RESULT: {"using":"xpath","value":"//input[contains(@id ,\"application-billingtransfer-display-component---billingWorkbench--smartFilterBar-btnBasicSearch\")]"}
COMMAND: POST /session/130ef63994e902c9deb83fe717a4bbca/elements - {"using":"xpath","value":"//input[contains(@id ,\"application-billingtransfer-display-component---billingWorkbench--smartFilterBar-btnBasicSearch\")]"}
RESULT: {"using":"xpath","value":"//input[contains(@id ,\"application-billingtransfer-display-component---billingWorkbench--smartFilterBar-btnBasicSearch\")]"}
COMMAND: POST /session/130ef63994e902c9deb83fe717a4bbca/elements - {"using":"xpath","value":"//input[contains(@id ,\"application-billingtransfer-display-component---billingWorkbench--smartFilterBar-btnBasicSearch\")]"}
RESULT: {"using":"xpath","value":"//input[contains(@id ,\"application-billingtransfer-display-component---billingWorkbench--smartFilterBar-btnBasicSearch\")]"}
COMMAND: POST /session/130ef63994e902c9deb83fe717a4bbca/elements - {"using":"xpath","value":"//input[contains(@id ,\"application-billingtransfer-display-component---billingWorkbench--smartFilterBar-btnBasicSearch\")]"}
RESULT: {"using":"xpath","value":"//input[contains(@id ,\"application-billingtransfer-display-component---billingWorkbench--smartFilterBar-btnBasicSearch\")]"}
COMMAND: POST /session/130ef63994e902c9deb83fe717a4bbca/elements - {"using":"xpath","value":"//input[contains(@id ,\"application-billingtransfer-display-component---billingWorkbench--smartFilterBar-btnBasicSearch\")]"}
RESULT: {"using":"xpath","value":"//input[contains(@id ,\"application-billingtransfer-display-component---billingWorkbench--smartFilterBar-btnBasicSearch\")]"}
COMMAND: POST /session/130ef63994e902c9deb83fe717a4bbca/elements - {"using":"xpath","value":"//input[contains(@id ,\"application-billingtransfer-display-component---billingWorkbench--smartFilterBar-btnBasicSearch\")]"}
RESULT: {"using":"xpath","value":"//input[contains(@id ,\"application-billingtransfer-display-component---billingWorkbench--smartFilterBar-btnBasicSearch\")]"}
COMMAND: POST /session/130ef63994e902c9deb83fe717a4bbca/elements - {"using":"xpath","value":"//input[contains(@id ,\"application-billingtransfer-display-component---billingWorkbench--smartFilterBar-btnBasicSearch\")]"}
RESULT: {"using":"xpath","value":"//input[contains(@id ,\"application-billingtransfer-display-component---billingWorkbench--smartFilterBar-btnBasicSearch\")]"}
COMMAND: POST /session/130ef63994e902c9deb83fe717a4bbca/elements - {"using":"xpath","value":"//input[contains(@id ,\"application-billingtransfer-display-component---billingWorkbench--smartFilterBar-btnBasicSearch\")]"}
RESULT: {"using":"xpath","value":"//input[contains(@id ,\"application-billingtransfer-display-component---billingWorkbench--smartFilterBar-btnBasicSearch\")]"}
COMMAND: POST /session/130ef63994e902c9deb83fe717a4bbca/elements - {"using":"xpath","value":"//input[contains(@id ,\"application-billingtransfer-display-component---billingWorkbench--smartFilterBar-btnBasicSearch\")]"}
RESULT: {"using":"xpath","value":"//input[contains(@id ,\"application-billingtransfer-display-component---billingWorkbench--smartFilterBar-btnBasicSearch\")]"}
COMMAND: POST /session/130ef63994e902c9deb83fe717a4bbca/elements - {"using":"xpath","value":"//input[contains(@id ,\"application-billingtransfer-display-component---billingWorkbench--smartFilterBar-btnBasicSearch\")]"}
RESULT: {"using":"xpath","value":"//input[contains(@id ,\"application-billingtransfer-display-component---billingWorkbench--smartFilterBar-btnBasicSearch\")]"}
COMMAND: POST /session/130ef63994e902c9deb83fe717a4bbca/elements - {"using":"xpath","value":"//input[contains(@id ,\"application-billingtransfer-display-component---billingWorkbench--smartFilterBar-btnBasicSearch\")]"}
RESULT: {"using":"xpath","value":"//input[contains(@id ,\"application-billingtransfer-display-component---billingWorkbench--smartFilterBar-btnBasicSearch\")]"}
COMMAND: POST /session/130ef63994e902c9deb83fe717a4bbca/elements - {"using":"xpath","value":"//input[contains(@id ,\"application-billingtransfer-display-component---billingWorkbench--smartFilterBar-btnBasicSearch\")]"}
RESULT: {"using":"xpath","value":"//input[contains(@id ,\"application-billingtransfer-display-component---billingWorkbench--smartFilterBar-btnBasicSearch\")]"}
COMMAND: POST /session/130ef63994e902c9deb83fe717a4bbca/elements - {"using":"xpath","value":"//input[contains(@id ,\"application-billingtransfer-display-component---billingWorkbench--smartFilterBar-btnBasicSearch\")]"}
RESULT: {"using":"xpath","value":"//input[contains(@id ,\"application-billingtransfer-display-component---billingWorkbench--smartFilterBar-btnBasicSearch\")]"}
COMMAND: POST /session/130ef63994e902c9deb83fe717a4bbca/elements - {"using":"xpath","value":"//input[contains(@id ,\"application-billingtransfer-display-component---billingWorkbench--smartFilterBar-btnBasicSearch\")]"}
RESULT: {"using":"xpath","value":"//input[contains(@id ,\"application-billingtransfer-display-component---billingWorkbench--smartFilterBar-btnBasicSearch\")]"}
COMMAND: POST /session/130ef63994e902c9deb83fe717a4bbca/elements - {"using":"xpath","value":"//input[contains(@id ,\"application-billingtransfer-display-component---billingWorkbench--smartFilterBar-btnBasicSearch\")]"}
RESULT: {"using":"xpath","value":"//input[contains(@id ,\"application-billingtransfer-display-component---billingWorkbench--smartFilterBar-btnBasicSearch\")]"}
COMMAND: POST /session/130ef63994e902c9deb83fe717a4bbca/elements - {"using":"xpath","value":"//input[contains(@id ,\"application-billingtransfer-display-component---billingWorkbench--smartFilterBar-btnBasicSearch\")]"}
RESULT: {"using":"xpath","value":"//input[contains(@id ,\"application-billingtransfer-display-component---billingWorkbench--smartFilterBar-btnBasicSearch\")]"}
COMMAND: POST /session/130ef63994e902c9deb83fe717a4bbca/elements - {"using":"xpath","value":"//input[contains(@id ,\"application-billingtransfer-display-component---billingWorkbench--smartFilterBar-btnBasicSearch\")]"}
RESULT: {"using":"xpath","value":"//input[contains(@id ,\"application-billingtransfer-display-component---billingWorkbench--smartFilterBar-btnBasicSearch\")]"}
COMMAND: POST /session/130ef63994e902c9deb83fe717a4bbca/elements - {"using":"xpath","value":"//input[contains(@id ,\"application-billingtransfer-display-component---billingWorkbench--smartFilterBar-btnBasicSearch\")]"}
RESULT: {"using":"xpath","value":"//input[contains(@id ,\"application-billingtransfer-display-component---billingWorkbench--smartFilterBar-btnBasicSearch\")]"}
COMMAND: POST /session/130ef63994e902c9deb83fe717a4bbca/elements - {"using":"xpath","value":"//input[contains(@id ,\"application-billingtransfer-display-component---billingWorkbench--smartFilterBar-btnBasicSearch\")]"}
RESULT: {"using":"xpath","value":"//input[contains(@id ,\"application-billingtransfer-display-component---billingWorkbench--smartFilterBar-btnBasicSearch\")]"}
COMMAND: POST /session/130ef63994e902c9deb83fe717a4bbca/elements - {"using":"xpath","value":"//input[contains(@id ,\"application-billingtransfer-display-component---billingWorkbench--smartFilterBar-btnBasicSearch\")]"}
RESULT: {"using":"xpath","value":"//input[contains(@id ,\"application-billingtransfer-display-component---billingWorkbench--smartFilterBar-btnBasicSearch\")]"}
COMMAND: POST /session/130ef63994e902c9deb83fe717a4bbca/elements - {"using":"xpath","value":"//input[contains(@id ,\"application-billingtransfer-display-component---billingWorkbench--smartFilterBar-btnBasicSearch\")]"}
RESULT: {"using":"xpath","value":"//input[contains(@id ,\"application-billingtransfer-display-component---billingWorkbench--smartFilterBar-btnBasicSearch\")]"}
COMMAND: POST /session/130ef63994e902c9deb83fe717a4bbca/elements - {"using":"xpath","value":"//input[contains(@id ,\"application-billingtransfer-display-component---billingWorkbench--smartFilterBar-btnBasicSearch\")]"}
RESULT: {"using":"xpath","value":"//input[contains(@id ,\"application-billingtransfer-display-component---billingWorkbench--smartFilterBar-btnBasicSearch\")]"}
COMMAND: POST /session/130ef63994e902c9deb83fe717a4bbca/elements - {"using":"xpath","value":"//input[contains(@id ,\"application-billingtransfer-display-component---billingWorkbench--smartFilterBar-btnBasicSearch\")]"}
RESULT: {"using":"xpath","value":"//input[contains(@id ,\"application-billingtransfer-display-component---billingWorkbench--smartFilterBar-btnBasicSearch\")]"}
COMMAND: POST /session/130ef63994e902c9deb83fe717a4bbca/elements - {"using":"xpath","value":"//input[contains(@id ,\"application-billingtransfer-display-component---billingWorkbench--smartFilterBar-btnBasicSearch\")]"}
RESULT: {"using":"xpath","value":"//input[contains(@id ,\"application-billingtransfer-display-component---billingWorkbench--smartFilterBar-btnBasicSearch\")]"}
COMMAND: POST /session/130ef63994e902c9deb83fe717a4bbca/elements - {"using":"xpath","value":"//input[contains(@id ,\"application-billingtransfer-display-component---billingWorkbench--smartFilterBar-btnBasicSearch\")]"}
RESULT: {"using":"xpath","value":"//input[contains(@id ,\"application-billingtransfer-display-component---billingWorkbench--smartFilterBar-btnBasicSearch\")]"}
COMMAND: POST /session/130ef63994e902c9deb83fe717a4bbca/elements - {"using":"xpath","value":"//input[contains(@id ,\"application-billingtransfer-display-component---billingWorkbench--smartFilterBar-btnBasicSearch\")]"}
RESULT: {"using":"xpath","value":"//input[contains(@id ,\"application-billingtransfer-display-component---billingWorkbench--smartFilterBar-btnBasicSearch\")]"}
COMMAND: POST /session/130ef63994e902c9deb83fe717a4bbca/elements - {"using":"xpath","value":"//input[contains(@id ,\"application-billingtransfer-display-component---billingWorkbench--smartFilterBar-btnBasicSearch\")]"}
RESULT: {"using":"xpath","value":"//input[contains(@id ,\"application-billingtransfer-display-component---billingWorkbench--smartFilterBar-btnBasicSearch\")]"}
COMMAND: POST /session/130ef63994e902c9deb83fe717a4bbca/elements - {"using":"xpath","value":"//input[contains(@id ,\"application-billingtransfer-display-component---billingWorkbench--smartFilterBar-btnBasicSearch\")]"}
RESULT: {"using":"xpath","value":"//input[contains(@id ,\"application-billingtransfer-display-component---billingWorkbench--smartFilterBar-btnBasicSearch\")]"}
COMMAND: POST /session/130ef63994e902c9deb83fe717a4bbca/elements - {"using":"xpath","value":"//input[contains(@id ,\"application-billingtransfer-display-component---billingWorkbench--smartFilterBar-btnBasicSearch\")]"}
RESULT: {"using":"xpath","value":"//input[contains(@id ,\"application-billingtransfer-display-component---billingWorkbench--smartFilterBar-btnBasicSearch\")]"}
COMMAND: POST /session/130ef63994e902c9deb83fe717a4bbca/elements - {"using":"xpath","value":"//input[contains(@id ,\"application-billingtransfer-display-component---billingWorkbench--smartFilterBar-btnBasicSearch\")]"}
RESULT: {"using":"xpath","value":"//input[contains(@id ,\"application-billingtransfer-display-component---billingWorkbench--smartFilterBar-btnBasicSearch\")]"}
COMMAND: POST /session/130ef63994e902c9deb83fe717a4bbca/elements - {"using":"xpath","value":"//input[contains(@id ,\"application-billingtransfer-display-component---billingWorkbench--smartFilterBar-btnBasicSearch\")]"}
RESULT: {"using":"xpath","value":"//input[contains(@id ,\"application-billingtransfer-display-component---billingWorkbench--smartFilterBar-btnBasicSearch\")]"}
COMMAND: POST /session/130ef63994e902c9deb83fe717a4bbca/elements - {"using":"xpath","value":"//input[contains(@id ,\"application-billingtransfer-display-component---billingWorkbench--smartFilterBar-btnBasicSearch\")]"}
RESULT: {"using":"xpath","value":"//input[contains(@id ,\"application-billingtransfer-display-component---billingWorkbench--smartFilterBar-btnBasicSearch\")]"}
COMMAND: POST /session/130ef63994e902c9deb83fe717a4bbca/elements - {"using":"xpath","value":"//input[contains(@id ,\"application-billingtransfer-display-component---billingWorkbench--smartFilterBar-btnBasicSearch\")]"}
RESULT: {"using":"xpath","value":"//input[contains(@id ,\"application-billingtransfer-display-component---billingWorkbench--smartFilterBar-btnBasicSearch\")]"}
COMMAND: POST /session/130ef63994e902c9deb83fe717a4bbca/elements - {"using":"xpath","value":"//input[contains(@id ,\"application-billingtransfer-display-component---billingWorkbench--smartFilterBar-btnBasicSearch\")]"}
RESULT: {"using":"xpath","value":"//input[contains(@id ,\"application-billingtransfer-display-component---billingWorkbench--smartFilterBar-btnBasicSearch\")]"}
COMMAND: POST /session/130ef63994e902c9deb83fe717a4bbca/elements - {"using":"xpath","value":"//input[contains(@id ,\"application-billingtransfer-display-component---billingWorkbench--smartFilterBar-btnBasicSearch\")]"}
RESULT: {"using":"xpath","value":"//input[contains(@id ,\"application-billingtransfer-display-component---billingWorkbench--smartFilterBar-btnBasicSearch\")]"}
COMMAND: POST /session/130ef63994e902c9deb83fe717a4bbca/elements - {"using":"xpath","value":"//input[contains(@id ,\"application-billingtransfer-display-component---billingWorkbench--smartFilterBar-btnBasicSearch\")]"}
RESULT: {"using":"xpath","value":"//input[contains(@id ,\"application-billingtransfer-display-component---billingWorkbench--smartFilterBar-btnBasicSearch\")]"}
COMMAND: POST /session/130ef63994e902c9deb83fe717a4bbca/elements - {"using":"xpath","value":"//input[contains(@id ,\"application-billingtransfer-display-component---billingWorkbench--smartFilterBar-btnBasicSearch\")]"}
RESULT: {"using":"xpath","value":"//input[contains(@id ,\"application-billingtransfer-display-component---billingWorkbench--smartFilterBar-btnBasicSearch\")]"}
COMMAND: POST /session/130ef63994e902c9deb83fe717a4bbca/elements - {"using":"xpath","value":"//input[contains(@id ,\"application-billingtransfer-display-component---billingWorkbench--smartFilterBar-btnBasicSearch\")]"}
RESULT: {"using":"xpath","value":"//input[contains(@id ,\"application-billingtransfer-display-component---billingWorkbench--smartFilterBar-btnBasicSearch\")]"}
COMMAND: POST /session/130ef63994e902c9deb83fe717a4bbca/elements - {"using":"xpath","value":"//input[contains(@id ,\"application-billingtransfer-display-component---billingWorkbench--smartFilterBar-btnBasicSearch\")]"}
RESULT: {"using":"xpath","value":"//input[contains(@id ,\"application-billingtransfer-display-component---billingWorkbench--smartFilterBar-btnBasicSearch\")]"}
COMMAND: POST /session/130ef63994e902c9deb83fe717a4bbca/elements - {"using":"xpath","value":"//input[contains(@id ,\"application-billingtransfer-display-component---billingWorkbench--smartFilterBar-btnBasicSearch\")]"}
RESULT: {"using":"xpath","value":"//input[contains(@id ,\"application-billingtransfer-display-component---billingWorkbench--smartFilterBar-btnBasicSearch\")]"}
COMMAND: POST /session/130ef63994e902c9deb83fe717a4bbca/elements - {"using":"xpath","value":"//input[contains(@id ,\"application-billingtransfer-display-component---billingWorkbench--smartFilterBar-btnBasicSearch\")]"}
RESULT: {"using":"xpath","value":"//input[contains(@id ,\"application-billingtransfer-display-component---billingWorkbench--smartFilterBar-btnBasicSearch\")]"}
COMMAND: POST /session/130ef63994e902c9deb83fe717a4bbca/elements - {"using":"xpath","value":"//input[contains(@id ,\"application-billingtransfer-display-component---billingWorkbench--smartFilterBar-btnBasicSearch\")]"}
RESULT: {"using":"xpath","value":"//input[contains(@id ,\"application-billingtransfer-display-component---billingWorkbench--smartFilterBar-btnBasicSearch\")]"}
COMMAND: POST /session/130ef63994e902c9deb83fe717a4bbca/elements - {"using":"xpath","value":"//input[contains(@id ,\"application-billingtransfer-display-component---billingWorkbench--smartFilterBar-btnBasicSearch\")]"}
RESULT: {"using":"xpath","value":"//input[contains(@id ,\"application-billingtransfer-display-component---billingWorkbench--smartFilterBar-btnBasicSearch\")]"}
COMMAND: POST /session/130ef63994e902c9deb83fe717a4bbca/elements - {"using":"xpath","value":"//input[contains(@id ,\"application-billingtransfer-display-component---billingWorkbench--smartFilterBar-btnBasicSearch\")]"}
RESULT: {"using":"xpath","value":"//input[contains(@id ,\"application-billingtransfer-display-component---billingWorkbench--smartFilterBar-btnBasicSearch\")]"}
COMMAND: POST /session/130ef63994e902c9deb83fe717a4bbca/elements - {"using":"xpath","value":"//input[contains(@id ,\"application-billingtransfer-display-component---billingWorkbench--smartFilterBar-btnBasicSearch\")]"}
RESULT: {"using":"xpath","value":"//input[contains(@id ,\"application-billingtransfer-display-component---billingWorkbench--smartFilterBar-btnBasicSearch\")]"}
COMMAND: POST /session/130ef63994e902c9deb83fe717a4bbca/elements - {"using":"xpath","value":"//input[contains(@id ,\"application-billingtransfer-display-component---billingWorkbench--smartFilterBar-btnBasicSearch\")]"}
RESULT: {"using":"xpath","value":"//input[contains(@id ,\"application-billingtransfer-display-component---billingWorkbench--smartFilterBar-btnBasicSearch\")]"}
COMMAND: POST /session/130ef63994e902c9deb83fe717a4bbca/elements - {"using":"xpath","value":"//input[contains(@id ,\"application-billingtransfer-display-component---billingWorkbench--smartFilterBar-btnBasicSearch\")]"}
RESULT: {"using":"xpath","value":"//input[contains(@id ,\"application-billingtransfer-display-component---billingWorkbench--smartFilterBar-btnBasicSearch\")]"}
COMMAND: POST /session/130ef63994e902c9deb83fe717a4bbca/elements - {"using":"xpath","value":"//input[contains(@id ,\"application-billingtransfer-display-component---billingWorkbench--smartFilterBar-btnBasicSearch\")]"}
RESULT: {"using":"xpath","value":"//input[contains(@id ,\"application-billingtransfer-display-component---billingWorkbench--smartFilterBar-btnBasicSearch\")]"}
COMMAND: POST /session/130ef63994e902c9deb83fe717a4bbca/elements - {"using":"xpath","value":"//input[contains(@id ,\"application-billingtransfer-display-component---billingWorkbench--smartFilterBar-btnBasicSearch\")]"}
RESULT: {"using":"xpath","value":"//input[contains(@id ,\"application-billingtransfer-display-component---billingWorkbench--smartFilterBar-btnBasicSearch\")]"}
COMMAND: POST /session/130ef63994e902c9deb83fe717a4bbca/elements - {"using":"xpath","value":"//input[contains(@id ,\"application-billingtransfer-display-component---billingWorkbench--smartFilterBar-btnBasicSearch\")]"}
RESULT: {"using":"xpath","value":"//input[contains(@id ,\"application-billingtransfer-display-component---billingWorkbench--smartFilterBar-btnBasicSearch\")]"}
COMMAND: POST /session/130ef63994e902c9deb83fe717a4bbca/elements - {"using":"xpath","value":"//input[contains(@id ,\"application-billingtransfer-display-component---billingWorkbench--smartFilterBar-btnBasicSearch\")]"}
RESULT: {"using":"xpath","value":"//input[contains(@id ,\"application-billingtransfer-display-component---billingWorkbench--smartFilterBar-btnBasicSearch\")]"}
COMMAND: POST /session/130ef63994e902c9deb83fe717a4bbca/elements - {"using":"xpath","value":"//input[contains(@id ,\"application-billingtransfer-display-component---billingWorkbench--smartFilterBar-btnBasicSearch\")]"}
RESULT: {"using":"xpath","value":"//input[contains(@id ,\"application-billingtransfer-display-component---billingWorkbench--smartFilterBar-btnBasicSearch\")]"}
COMMAND: POST /session/130ef63994e902c9deb83fe717a4bbca/elements - {"using":"xpath","value":"//input[contains(@id ,\"application-billingtransfer-display-component---billingWorkbench--smartFilterBar-btnBasicSearch\")]"}
RESULT: {"using":"xpath","value":"//input[contains(@id ,\"application-billingtransfer-display-component---billingWorkbench--smartFilterBar-btnBasicSearch\")]"}
COMMAND: POST /session/130ef63994e902c9deb83fe717a4bbca/elements - {"using":"xpath","value":"//input[contains(@id ,\"application-billingtransfer-display-component---billingWorkbench--smartFilterBar-btnBasicSearch\")]"}
RESULT: {"using":"xpath","value":"//input[contains(@id ,\"application-billingtransfer-display-component---billingWorkbench--smartFilterBar-btnBasicSearch\")]"}
COMMAND: POST /session/130ef63994e902c9deb83fe717a4bbca/elements - {"using":"xpath","value":"//input[contains(@id ,\"application-billingtransfer-display-component---billingWorkbench--smartFilterBar-btnBasicSearch\")]"}
RESULT: {"using":"xpath","value":"//input[contains(@id ,\"application-billingtransfer-display-component---billingWorkbench--smartFilterBar-btnBasicSearch\")]"}
COMMAND: POST /session/130ef63994e902c9deb83fe717a4bbca/elements - {"using":"xpath","value":"//input[contains(@id ,\"application-billingtransfer-display-component---billingWorkbench--smartFilterBar-btnBasicSearch\")]"}
RESULT: {"using":"xpath","value":"//input[contains(@id ,\"application-billingtransfer-display-component---billingWorkbench--smartFilterBar-btnBasicSearch\")]"}
COMMAND: POST /session/130ef63994e902c9deb83fe717a4bbca/elements - {"using":"xpath","value":"//input[contains(@id ,\"application-billingtransfer-display-component---billingWorkbench--smartFilterBar-btnBasicSearch\")]"}
RESULT: {"using":"xpath","value":"//input[contains(@id ,\"application-billingtransfer-display-component---billingWorkbench--smartFilterBar-btnBasicSearch\")]"}
COMMAND: GET /session/130ef63994e902c9deb83fe717a4bbca/screenshot - {}
RESULT: {}
COMMAND: GET /session/130ef63994e902c9deb83fe717a4bbca/screenshot - {}
]]></system-out>
      <system-err><![CDATA[
Error: element ("//input[contains(@id ,"application-billingtransfer-display-component---billingWorkbench--smartFilterBar-btnBasicSearch")]") still not existing after 45000ms
    at async UtilsPrerequisites.narrowDownSearchBT (D:\a\1\s\test\specs\BTS\prerequisites-and-utils-functions.js:2850:9)
    at async UtilsPrerequisites.billingTransfer (D:\a\1\s\test\specs\BTS\prerequisites-and-utils-functions.js:2775:9)
    at async Context.<anonymous> (D:\a\1\s\test\specs\BTS\billing-calculation-transp-times.spec.js:129:9)
]]></system-err>
    </testcase>
    <testcase classname="chrome.136_0_7103_93.windows.Billing_Calculation_-_Time_based_(considering_transport_times)_US139738" name="Should do another billing run but in around 25 days from today" time="19.836">
      <failure/>
      <error message="element not interactable&#xA;  (Session info: chrome=136.0.7103.93)"/>
      <system-out><![CDATA[
RESULT: undefined
COMMAND: POST /session/130ef63994e902c9deb83fe717a4bbca/element - {"using":"xpath","value":"//*[@id=\"__tile51\"]"}
RESULT: {}
RESULT: {"using":"xpath","value":"//*[@id=\"__tile51\"]"}
COMMAND: POST /session/130ef63994e902c9deb83fe717a4bbca/element/f.DBA113373209FD8E36DE67C53790246B.d.557E9C6851192A9364F1F660F10062A8.e.15749/click - {}
COMMAND: POST /session/130ef63994e902c9deb83fe717a4bbca/elements - {"using":"xpath","value":"//span[text()='Error']"}
RESULT: {"using":"xpath","value":"//span[text()='Error']"}
RESULT: undefined
COMMAND: POST /session/130ef63994e902c9deb83fe717a4bbca/execute/async - {"script":"<script> [776 bytes]","args":[{"enterText":"10197","selector":{"id":"application-managebillings-display-component---billRunCalcResult--smartFilterBar-btnBasicSearch","interaction":{"idSuffix":"I"}},"clearTextFirst":true,"interactionType":"ENTER_TEXT"}]}
RESULT: {"script":"<script> [776 bytes]","args":[{"enterText":"10197","selector":{"id":"application-managebillings-display-component---billRunCalcResult--smartFilterBar-btnBasicSearch","interaction":{"idSuffix":"I"}},"clearTextFirst":true,"interactionType":"ENTER_TEXT"}]}
COMMAND: POST /session/130ef63994e902c9deb83fe717a4bbca/actions - {"actions":[{"id":"action86","type":"key","parameters":{},"actions":[{"type":"keyDown","value":""},{"type":"pause","duration":10},{"type":"keyUp","value":""}]}]}
RESULT: {"actions":[{"id":"action86","type":"key","parameters":{},"actions":[{"type":"keyDown","value":""},{"type":"pause","duration":10},{"type":"keyUp","value":""}]}]}
COMMAND: GET /session/130ef63994e902c9deb83fe717a4bbca/screenshot - {}
RESULT: {}
COMMAND: POST /session/130ef63994e902c9deb83fe717a4bbca/element - {"using":"xpath","value":"//td[@aria-colindex=\"1\"]/div/div[contains(@class, \"sapMCbBg\")]"}
RESULT: {"using":"xpath","value":"//td[@aria-colindex=\"1\"]/div/div[contains(@class, \"sapMCbBg\")]"}
COMMAND: POST /session/130ef63994e902c9deb83fe717a4bbca/element/f.DBA113373209FD8E36DE67C53790246B.d.557E9C6851192A9364F1F660F10062A8.e.21366/click - {}
COMMAND: GET /session/130ef63994e902c9deb83fe717a4bbca/screenshot - {}
RESULT: {}
]]></system-out>
      <system-err><![CDATA[
element not interactable: element not interactable
  (Session info: chrome=136.0.7103.93)
    at async UtilsPrerequisites.manageBillingsTriggerCalculation (D:\a\1\s\test\specs\BTS\prerequisites-and-utils-functions.js:2718:9)
    at async Context.<anonymous> (D:\a\1\s\test\specs\BTS\billing-calculation-transp-times.spec.js:133:9)
]]></system-err>
    </testcase>
    <testcase classname="chrome.136_0_7103_93.windows.Billing_Calculation_-_Time_based_(considering_transport_times)_US139738" name="Should transfer the billing all the way to completion" time="56.118">
      <failure/>
      <error message="element (&quot;//input[contains(@id ,&quot;application-billingtransfer-display-component---billingWorkbench--smartFilterBar-btnBasicSearch&quot;)]&quot;) still not existing after 45000ms"/>
      <system-out><![CDATA[
RESULT: undefined
COMMAND: POST /session/130ef63994e902c9deb83fe717a4bbca/element - {"using":"xpath","value":"//*[@id=\"__tile50\"]"}
COMMAND: GET /session/130ef63994e902c9deb83fe717a4bbca/screenshot - {}
RESULT: {}
RESULT: {"using":"xpath","value":"//*[@id=\"__tile50\"]"}
COMMAND: POST /session/130ef63994e902c9deb83fe717a4bbca/element/f.DBA113373209FD8E36DE67C53790246B.d.557E9C6851192A9364F1F660F10062A8.e.15747/click - {}
COMMAND: POST /session/130ef63994e902c9deb83fe717a4bbca/elements - {"using":"xpath","value":"//span[text()='Error']"}
RESULT: {"using":"xpath","value":"//span[text()='Error']"}
COMMAND: POST /session/130ef63994e902c9deb83fe717a4bbca/element - {"using":"xpath","value":"//input[contains(@id ,\"application-billingtransfer-display-component---billingWorkbench--smartFilterBar-btnBasicSearch\")]"}
RESULT: {"using":"xpath","value":"//input[contains(@id ,\"application-billingtransfer-display-component---billingWorkbench--smartFilterBar-btnBasicSearch\")]"}
COMMAND: POST /session/130ef63994e902c9deb83fe717a4bbca/elements - {"using":"xpath","value":"//input[contains(@id ,\"application-billingtransfer-display-component---billingWorkbench--smartFilterBar-btnBasicSearch\")]"}
RESULT: {"using":"xpath","value":"//input[contains(@id ,\"application-billingtransfer-display-component---billingWorkbench--smartFilterBar-btnBasicSearch\")]"}
COMMAND: POST /session/130ef63994e902c9deb83fe717a4bbca/elements - {"using":"xpath","value":"//input[contains(@id ,\"application-billingtransfer-display-component---billingWorkbench--smartFilterBar-btnBasicSearch\")]"}
RESULT: {"using":"xpath","value":"//input[contains(@id ,\"application-billingtransfer-display-component---billingWorkbench--smartFilterBar-btnBasicSearch\")]"}
COMMAND: POST /session/130ef63994e902c9deb83fe717a4bbca/elements - {"using":"xpath","value":"//input[contains(@id ,\"application-billingtransfer-display-component---billingWorkbench--smartFilterBar-btnBasicSearch\")]"}
RESULT: {"using":"xpath","value":"//input[contains(@id ,\"application-billingtransfer-display-component---billingWorkbench--smartFilterBar-btnBasicSearch\")]"}
COMMAND: POST /session/130ef63994e902c9deb83fe717a4bbca/elements - {"using":"xpath","value":"//input[contains(@id ,\"application-billingtransfer-display-component---billingWorkbench--smartFilterBar-btnBasicSearch\")]"}
RESULT: {"using":"xpath","value":"//input[contains(@id ,\"application-billingtransfer-display-component---billingWorkbench--smartFilterBar-btnBasicSearch\")]"}
COMMAND: POST /session/130ef63994e902c9deb83fe717a4bbca/elements - {"using":"xpath","value":"//input[contains(@id ,\"application-billingtransfer-display-component---billingWorkbench--smartFilterBar-btnBasicSearch\")]"}
RESULT: {"using":"xpath","value":"//input[contains(@id ,\"application-billingtransfer-display-component---billingWorkbench--smartFilterBar-btnBasicSearch\")]"}
COMMAND: POST /session/130ef63994e902c9deb83fe717a4bbca/elements - {"using":"xpath","value":"//input[contains(@id ,\"application-billingtransfer-display-component---billingWorkbench--smartFilterBar-btnBasicSearch\")]"}
RESULT: {"using":"xpath","value":"//input[contains(@id ,\"application-billingtransfer-display-component---billingWorkbench--smartFilterBar-btnBasicSearch\")]"}
COMMAND: POST /session/130ef63994e902c9deb83fe717a4bbca/elements - {"using":"xpath","value":"//input[contains(@id ,\"application-billingtransfer-display-component---billingWorkbench--smartFilterBar-btnBasicSearch\")]"}
RESULT: {"using":"xpath","value":"//input[contains(@id ,\"application-billingtransfer-display-component---billingWorkbench--smartFilterBar-btnBasicSearch\")]"}
COMMAND: POST /session/130ef63994e902c9deb83fe717a4bbca/elements - {"using":"xpath","value":"//input[contains(@id ,\"application-billingtransfer-display-component---billingWorkbench--smartFilterBar-btnBasicSearch\")]"}
RESULT: {"using":"xpath","value":"//input[contains(@id ,\"application-billingtransfer-display-component---billingWorkbench--smartFilterBar-btnBasicSearch\")]"}
COMMAND: POST /session/130ef63994e902c9deb83fe717a4bbca/elements - {"using":"xpath","value":"//input[contains(@id ,\"application-billingtransfer-display-component---billingWorkbench--smartFilterBar-btnBasicSearch\")]"}
RESULT: {"using":"xpath","value":"//input[contains(@id ,\"application-billingtransfer-display-component---billingWorkbench--smartFilterBar-btnBasicSearch\")]"}
COMMAND: POST /session/130ef63994e902c9deb83fe717a4bbca/elements - {"using":"xpath","value":"//input[contains(@id ,\"application-billingtransfer-display-component---billingWorkbench--smartFilterBar-btnBasicSearch\")]"}
RESULT: {"using":"xpath","value":"//input[contains(@id ,\"application-billingtransfer-display-component---billingWorkbench--smartFilterBar-btnBasicSearch\")]"}
COMMAND: POST /session/130ef63994e902c9deb83fe717a4bbca/elements - {"using":"xpath","value":"//input[contains(@id ,\"application-billingtransfer-display-component---billingWorkbench--smartFilterBar-btnBasicSearch\")]"}
RESULT: {"using":"xpath","value":"//input[contains(@id ,\"application-billingtransfer-display-component---billingWorkbench--smartFilterBar-btnBasicSearch\")]"}
COMMAND: POST /session/130ef63994e902c9deb83fe717a4bbca/elements - {"using":"xpath","value":"//input[contains(@id ,\"application-billingtransfer-display-component---billingWorkbench--smartFilterBar-btnBasicSearch\")]"}
RESULT: {"using":"xpath","value":"//input[contains(@id ,\"application-billingtransfer-display-component---billingWorkbench--smartFilterBar-btnBasicSearch\")]"}
COMMAND: POST /session/130ef63994e902c9deb83fe717a4bbca/elements - {"using":"xpath","value":"//input[contains(@id ,\"application-billingtransfer-display-component---billingWorkbench--smartFilterBar-btnBasicSearch\")]"}
RESULT: {"using":"xpath","value":"//input[contains(@id ,\"application-billingtransfer-display-component---billingWorkbench--smartFilterBar-btnBasicSearch\")]"}
COMMAND: POST /session/130ef63994e902c9deb83fe717a4bbca/elements - {"using":"xpath","value":"//input[contains(@id ,\"application-billingtransfer-display-component---billingWorkbench--smartFilterBar-btnBasicSearch\")]"}
RESULT: {"using":"xpath","value":"//input[contains(@id ,\"application-billingtransfer-display-component---billingWorkbench--smartFilterBar-btnBasicSearch\")]"}
COMMAND: POST /session/130ef63994e902c9deb83fe717a4bbca/elements - {"using":"xpath","value":"//input[contains(@id ,\"application-billingtransfer-display-component---billingWorkbench--smartFilterBar-btnBasicSearch\")]"}
RESULT: {"using":"xpath","value":"//input[contains(@id ,\"application-billingtransfer-display-component---billingWorkbench--smartFilterBar-btnBasicSearch\")]"}
COMMAND: POST /session/130ef63994e902c9deb83fe717a4bbca/elements - {"using":"xpath","value":"//input[contains(@id ,\"application-billingtransfer-display-component---billingWorkbench--smartFilterBar-btnBasicSearch\")]"}
RESULT: {"using":"xpath","value":"//input[contains(@id ,\"application-billingtransfer-display-component---billingWorkbench--smartFilterBar-btnBasicSearch\")]"}
COMMAND: POST /session/130ef63994e902c9deb83fe717a4bbca/elements - {"using":"xpath","value":"//input[contains(@id ,\"application-billingtransfer-display-component---billingWorkbench--smartFilterBar-btnBasicSearch\")]"}
RESULT: {"using":"xpath","value":"//input[contains(@id ,\"application-billingtransfer-display-component---billingWorkbench--smartFilterBar-btnBasicSearch\")]"}
COMMAND: POST /session/130ef63994e902c9deb83fe717a4bbca/elements - {"using":"xpath","value":"//input[contains(@id ,\"application-billingtransfer-display-component---billingWorkbench--smartFilterBar-btnBasicSearch\")]"}
RESULT: {"using":"xpath","value":"//input[contains(@id ,\"application-billingtransfer-display-component---billingWorkbench--smartFilterBar-btnBasicSearch\")]"}
COMMAND: POST /session/130ef63994e902c9deb83fe717a4bbca/elements - {"using":"xpath","value":"//input[contains(@id ,\"application-billingtransfer-display-component---billingWorkbench--smartFilterBar-btnBasicSearch\")]"}
RESULT: {"using":"xpath","value":"//input[contains(@id ,\"application-billingtransfer-display-component---billingWorkbench--smartFilterBar-btnBasicSearch\")]"}
COMMAND: POST /session/130ef63994e902c9deb83fe717a4bbca/elements - {"using":"xpath","value":"//input[contains(@id ,\"application-billingtransfer-display-component---billingWorkbench--smartFilterBar-btnBasicSearch\")]"}
RESULT: {"using":"xpath","value":"//input[contains(@id ,\"application-billingtransfer-display-component---billingWorkbench--smartFilterBar-btnBasicSearch\")]"}
COMMAND: POST /session/130ef63994e902c9deb83fe717a4bbca/elements - {"using":"xpath","value":"//input[contains(@id ,\"application-billingtransfer-display-component---billingWorkbench--smartFilterBar-btnBasicSearch\")]"}
RESULT: {"using":"xpath","value":"//input[contains(@id ,\"application-billingtransfer-display-component---billingWorkbench--smartFilterBar-btnBasicSearch\")]"}
COMMAND: POST /session/130ef63994e902c9deb83fe717a4bbca/elements - {"using":"xpath","value":"//input[contains(@id ,\"application-billingtransfer-display-component---billingWorkbench--smartFilterBar-btnBasicSearch\")]"}
RESULT: {"using":"xpath","value":"//input[contains(@id ,\"application-billingtransfer-display-component---billingWorkbench--smartFilterBar-btnBasicSearch\")]"}
COMMAND: POST /session/130ef63994e902c9deb83fe717a4bbca/elements - {"using":"xpath","value":"//input[contains(@id ,\"application-billingtransfer-display-component---billingWorkbench--smartFilterBar-btnBasicSearch\")]"}
RESULT: {"using":"xpath","value":"//input[contains(@id ,\"application-billingtransfer-display-component---billingWorkbench--smartFilterBar-btnBasicSearch\")]"}
COMMAND: POST /session/130ef63994e902c9deb83fe717a4bbca/elements - {"using":"xpath","value":"//input[contains(@id ,\"application-billingtransfer-display-component---billingWorkbench--smartFilterBar-btnBasicSearch\")]"}
RESULT: {"using":"xpath","value":"//input[contains(@id ,\"application-billingtransfer-display-component---billingWorkbench--smartFilterBar-btnBasicSearch\")]"}
COMMAND: POST /session/130ef63994e902c9deb83fe717a4bbca/elements - {"using":"xpath","value":"//input[contains(@id ,\"application-billingtransfer-display-component---billingWorkbench--smartFilterBar-btnBasicSearch\")]"}
RESULT: {"using":"xpath","value":"//input[contains(@id ,\"application-billingtransfer-display-component---billingWorkbench--smartFilterBar-btnBasicSearch\")]"}
COMMAND: POST /session/130ef63994e902c9deb83fe717a4bbca/elements - {"using":"xpath","value":"//input[contains(@id ,\"application-billingtransfer-display-component---billingWorkbench--smartFilterBar-btnBasicSearch\")]"}
RESULT: {"using":"xpath","value":"//input[contains(@id ,\"application-billingtransfer-display-component---billingWorkbench--smartFilterBar-btnBasicSearch\")]"}
COMMAND: POST /session/130ef63994e902c9deb83fe717a4bbca/elements - {"using":"xpath","value":"//input[contains(@id ,\"application-billingtransfer-display-component---billingWorkbench--smartFilterBar-btnBasicSearch\")]"}
RESULT: {"using":"xpath","value":"//input[contains(@id ,\"application-billingtransfer-display-component---billingWorkbench--smartFilterBar-btnBasicSearch\")]"}
COMMAND: POST /session/130ef63994e902c9deb83fe717a4bbca/elements - {"using":"xpath","value":"//input[contains(@id ,\"application-billingtransfer-display-component---billingWorkbench--smartFilterBar-btnBasicSearch\")]"}
RESULT: {"using":"xpath","value":"//input[contains(@id ,\"application-billingtransfer-display-component---billingWorkbench--smartFilterBar-btnBasicSearch\")]"}
COMMAND: POST /session/130ef63994e902c9deb83fe717a4bbca/elements - {"using":"xpath","value":"//input[contains(@id ,\"application-billingtransfer-display-component---billingWorkbench--smartFilterBar-btnBasicSearch\")]"}
RESULT: {"using":"xpath","value":"//input[contains(@id ,\"application-billingtransfer-display-component---billingWorkbench--smartFilterBar-btnBasicSearch\")]"}
COMMAND: POST /session/130ef63994e902c9deb83fe717a4bbca/elements - {"using":"xpath","value":"//input[contains(@id ,\"application-billingtransfer-display-component---billingWorkbench--smartFilterBar-btnBasicSearch\")]"}
RESULT: {"using":"xpath","value":"//input[contains(@id ,\"application-billingtransfer-display-component---billingWorkbench--smartFilterBar-btnBasicSearch\")]"}
COMMAND: POST /session/130ef63994e902c9deb83fe717a4bbca/elements - {"using":"xpath","value":"//input[contains(@id ,\"application-billingtransfer-display-component---billingWorkbench--smartFilterBar-btnBasicSearch\")]"}
RESULT: {"using":"xpath","value":"//input[contains(@id ,\"application-billingtransfer-display-component---billingWorkbench--smartFilterBar-btnBasicSearch\")]"}
COMMAND: POST /session/130ef63994e902c9deb83fe717a4bbca/elements - {"using":"xpath","value":"//input[contains(@id ,\"application-billingtransfer-display-component---billingWorkbench--smartFilterBar-btnBasicSearch\")]"}
RESULT: {"using":"xpath","value":"//input[contains(@id ,\"application-billingtransfer-display-component---billingWorkbench--smartFilterBar-btnBasicSearch\")]"}
COMMAND: POST /session/130ef63994e902c9deb83fe717a4bbca/elements - {"using":"xpath","value":"//input[contains(@id ,\"application-billingtransfer-display-component---billingWorkbench--smartFilterBar-btnBasicSearch\")]"}
RESULT: {"using":"xpath","value":"//input[contains(@id ,\"application-billingtransfer-display-component---billingWorkbench--smartFilterBar-btnBasicSearch\")]"}
COMMAND: POST /session/130ef63994e902c9deb83fe717a4bbca/elements - {"using":"xpath","value":"//input[contains(@id ,\"application-billingtransfer-display-component---billingWorkbench--smartFilterBar-btnBasicSearch\")]"}
RESULT: {"using":"xpath","value":"//input[contains(@id ,\"application-billingtransfer-display-component---billingWorkbench--smartFilterBar-btnBasicSearch\")]"}
COMMAND: POST /session/130ef63994e902c9deb83fe717a4bbca/elements - {"using":"xpath","value":"//input[contains(@id ,\"application-billingtransfer-display-component---billingWorkbench--smartFilterBar-btnBasicSearch\")]"}
RESULT: {"using":"xpath","value":"//input[contains(@id ,\"application-billingtransfer-display-component---billingWorkbench--smartFilterBar-btnBasicSearch\")]"}
COMMAND: POST /session/130ef63994e902c9deb83fe717a4bbca/elements - {"using":"xpath","value":"//input[contains(@id ,\"application-billingtransfer-display-component---billingWorkbench--smartFilterBar-btnBasicSearch\")]"}
RESULT: {"using":"xpath","value":"//input[contains(@id ,\"application-billingtransfer-display-component---billingWorkbench--smartFilterBar-btnBasicSearch\")]"}
COMMAND: POST /session/130ef63994e902c9deb83fe717a4bbca/elements - {"using":"xpath","value":"//input[contains(@id ,\"application-billingtransfer-display-component---billingWorkbench--smartFilterBar-btnBasicSearch\")]"}
RESULT: {"using":"xpath","value":"//input[contains(@id ,\"application-billingtransfer-display-component---billingWorkbench--smartFilterBar-btnBasicSearch\")]"}
COMMAND: POST /session/130ef63994e902c9deb83fe717a4bbca/elements - {"using":"xpath","value":"//input[contains(@id ,\"application-billingtransfer-display-component---billingWorkbench--smartFilterBar-btnBasicSearch\")]"}
RESULT: {"using":"xpath","value":"//input[contains(@id ,\"application-billingtransfer-display-component---billingWorkbench--smartFilterBar-btnBasicSearch\")]"}
COMMAND: POST /session/130ef63994e902c9deb83fe717a4bbca/elements - {"using":"xpath","value":"//input[contains(@id ,\"application-billingtransfer-display-component---billingWorkbench--smartFilterBar-btnBasicSearch\")]"}
RESULT: {"using":"xpath","value":"//input[contains(@id ,\"application-billingtransfer-display-component---billingWorkbench--smartFilterBar-btnBasicSearch\")]"}
COMMAND: POST /session/130ef63994e902c9deb83fe717a4bbca/elements - {"using":"xpath","value":"//input[contains(@id ,\"application-billingtransfer-display-component---billingWorkbench--smartFilterBar-btnBasicSearch\")]"}
RESULT: {"using":"xpath","value":"//input[contains(@id ,\"application-billingtransfer-display-component---billingWorkbench--smartFilterBar-btnBasicSearch\")]"}
COMMAND: POST /session/130ef63994e902c9deb83fe717a4bbca/elements - {"using":"xpath","value":"//input[contains(@id ,\"application-billingtransfer-display-component---billingWorkbench--smartFilterBar-btnBasicSearch\")]"}
RESULT: {"using":"xpath","value":"//input[contains(@id ,\"application-billingtransfer-display-component---billingWorkbench--smartFilterBar-btnBasicSearch\")]"}
COMMAND: POST /session/130ef63994e902c9deb83fe717a4bbca/elements - {"using":"xpath","value":"//input[contains(@id ,\"application-billingtransfer-display-component---billingWorkbench--smartFilterBar-btnBasicSearch\")]"}
RESULT: {"using":"xpath","value":"//input[contains(@id ,\"application-billingtransfer-display-component---billingWorkbench--smartFilterBar-btnBasicSearch\")]"}
COMMAND: POST /session/130ef63994e902c9deb83fe717a4bbca/elements - {"using":"xpath","value":"//input[contains(@id ,\"application-billingtransfer-display-component---billingWorkbench--smartFilterBar-btnBasicSearch\")]"}
RESULT: {"using":"xpath","value":"//input[contains(@id ,\"application-billingtransfer-display-component---billingWorkbench--smartFilterBar-btnBasicSearch\")]"}
COMMAND: POST /session/130ef63994e902c9deb83fe717a4bbca/elements - {"using":"xpath","value":"//input[contains(@id ,\"application-billingtransfer-display-component---billingWorkbench--smartFilterBar-btnBasicSearch\")]"}
RESULT: {"using":"xpath","value":"//input[contains(@id ,\"application-billingtransfer-display-component---billingWorkbench--smartFilterBar-btnBasicSearch\")]"}
COMMAND: POST /session/130ef63994e902c9deb83fe717a4bbca/elements - {"using":"xpath","value":"//input[contains(@id ,\"application-billingtransfer-display-component---billingWorkbench--smartFilterBar-btnBasicSearch\")]"}
RESULT: {"using":"xpath","value":"//input[contains(@id ,\"application-billingtransfer-display-component---billingWorkbench--smartFilterBar-btnBasicSearch\")]"}
COMMAND: POST /session/130ef63994e902c9deb83fe717a4bbca/elements - {"using":"xpath","value":"//input[contains(@id ,\"application-billingtransfer-display-component---billingWorkbench--smartFilterBar-btnBasicSearch\")]"}
RESULT: {"using":"xpath","value":"//input[contains(@id ,\"application-billingtransfer-display-component---billingWorkbench--smartFilterBar-btnBasicSearch\")]"}
COMMAND: POST /session/130ef63994e902c9deb83fe717a4bbca/elements - {"using":"xpath","value":"//input[contains(@id ,\"application-billingtransfer-display-component---billingWorkbench--smartFilterBar-btnBasicSearch\")]"}
RESULT: {"using":"xpath","value":"//input[contains(@id ,\"application-billingtransfer-display-component---billingWorkbench--smartFilterBar-btnBasicSearch\")]"}
COMMAND: POST /session/130ef63994e902c9deb83fe717a4bbca/elements - {"using":"xpath","value":"//input[contains(@id ,\"application-billingtransfer-display-component---billingWorkbench--smartFilterBar-btnBasicSearch\")]"}
RESULT: {"using":"xpath","value":"//input[contains(@id ,\"application-billingtransfer-display-component---billingWorkbench--smartFilterBar-btnBasicSearch\")]"}
COMMAND: POST /session/130ef63994e902c9deb83fe717a4bbca/elements - {"using":"xpath","value":"//input[contains(@id ,\"application-billingtransfer-display-component---billingWorkbench--smartFilterBar-btnBasicSearch\")]"}
RESULT: {"using":"xpath","value":"//input[contains(@id ,\"application-billingtransfer-display-component---billingWorkbench--smartFilterBar-btnBasicSearch\")]"}
COMMAND: POST /session/130ef63994e902c9deb83fe717a4bbca/elements - {"using":"xpath","value":"//input[contains(@id ,\"application-billingtransfer-display-component---billingWorkbench--smartFilterBar-btnBasicSearch\")]"}
RESULT: {"using":"xpath","value":"//input[contains(@id ,\"application-billingtransfer-display-component---billingWorkbench--smartFilterBar-btnBasicSearch\")]"}
COMMAND: POST /session/130ef63994e902c9deb83fe717a4bbca/elements - {"using":"xpath","value":"//input[contains(@id ,\"application-billingtransfer-display-component---billingWorkbench--smartFilterBar-btnBasicSearch\")]"}
RESULT: {"using":"xpath","value":"//input[contains(@id ,\"application-billingtransfer-display-component---billingWorkbench--smartFilterBar-btnBasicSearch\")]"}
COMMAND: POST /session/130ef63994e902c9deb83fe717a4bbca/elements - {"using":"xpath","value":"//input[contains(@id ,\"application-billingtransfer-display-component---billingWorkbench--smartFilterBar-btnBasicSearch\")]"}
RESULT: {"using":"xpath","value":"//input[contains(@id ,\"application-billingtransfer-display-component---billingWorkbench--smartFilterBar-btnBasicSearch\")]"}
COMMAND: POST /session/130ef63994e902c9deb83fe717a4bbca/elements - {"using":"xpath","value":"//input[contains(@id ,\"application-billingtransfer-display-component---billingWorkbench--smartFilterBar-btnBasicSearch\")]"}
RESULT: {"using":"xpath","value":"//input[contains(@id ,\"application-billingtransfer-display-component---billingWorkbench--smartFilterBar-btnBasicSearch\")]"}
COMMAND: POST /session/130ef63994e902c9deb83fe717a4bbca/elements - {"using":"xpath","value":"//input[contains(@id ,\"application-billingtransfer-display-component---billingWorkbench--smartFilterBar-btnBasicSearch\")]"}
RESULT: {"using":"xpath","value":"//input[contains(@id ,\"application-billingtransfer-display-component---billingWorkbench--smartFilterBar-btnBasicSearch\")]"}
COMMAND: POST /session/130ef63994e902c9deb83fe717a4bbca/elements - {"using":"xpath","value":"//input[contains(@id ,\"application-billingtransfer-display-component---billingWorkbench--smartFilterBar-btnBasicSearch\")]"}
RESULT: {"using":"xpath","value":"//input[contains(@id ,\"application-billingtransfer-display-component---billingWorkbench--smartFilterBar-btnBasicSearch\")]"}
COMMAND: POST /session/130ef63994e902c9deb83fe717a4bbca/elements - {"using":"xpath","value":"//input[contains(@id ,\"application-billingtransfer-display-component---billingWorkbench--smartFilterBar-btnBasicSearch\")]"}
RESULT: {"using":"xpath","value":"//input[contains(@id ,\"application-billingtransfer-display-component---billingWorkbench--smartFilterBar-btnBasicSearch\")]"}
COMMAND: POST /session/130ef63994e902c9deb83fe717a4bbca/elements - {"using":"xpath","value":"//input[contains(@id ,\"application-billingtransfer-display-component---billingWorkbench--smartFilterBar-btnBasicSearch\")]"}
RESULT: {"using":"xpath","value":"//input[contains(@id ,\"application-billingtransfer-display-component---billingWorkbench--smartFilterBar-btnBasicSearch\")]"}
COMMAND: POST /session/130ef63994e902c9deb83fe717a4bbca/elements - {"using":"xpath","value":"//input[contains(@id ,\"application-billingtransfer-display-component---billingWorkbench--smartFilterBar-btnBasicSearch\")]"}
RESULT: {"using":"xpath","value":"//input[contains(@id ,\"application-billingtransfer-display-component---billingWorkbench--smartFilterBar-btnBasicSearch\")]"}
COMMAND: POST /session/130ef63994e902c9deb83fe717a4bbca/elements - {"using":"xpath","value":"//input[contains(@id ,\"application-billingtransfer-display-component---billingWorkbench--smartFilterBar-btnBasicSearch\")]"}
RESULT: {"using":"xpath","value":"//input[contains(@id ,\"application-billingtransfer-display-component---billingWorkbench--smartFilterBar-btnBasicSearch\")]"}
COMMAND: POST /session/130ef63994e902c9deb83fe717a4bbca/elements - {"using":"xpath","value":"//input[contains(@id ,\"application-billingtransfer-display-component---billingWorkbench--smartFilterBar-btnBasicSearch\")]"}
RESULT: {"using":"xpath","value":"//input[contains(@id ,\"application-billingtransfer-display-component---billingWorkbench--smartFilterBar-btnBasicSearch\")]"}
COMMAND: POST /session/130ef63994e902c9deb83fe717a4bbca/elements - {"using":"xpath","value":"//input[contains(@id ,\"application-billingtransfer-display-component---billingWorkbench--smartFilterBar-btnBasicSearch\")]"}
RESULT: {"using":"xpath","value":"//input[contains(@id ,\"application-billingtransfer-display-component---billingWorkbench--smartFilterBar-btnBasicSearch\")]"}
COMMAND: POST /session/130ef63994e902c9deb83fe717a4bbca/elements - {"using":"xpath","value":"//input[contains(@id ,\"application-billingtransfer-display-component---billingWorkbench--smartFilterBar-btnBasicSearch\")]"}
RESULT: {"using":"xpath","value":"//input[contains(@id ,\"application-billingtransfer-display-component---billingWorkbench--smartFilterBar-btnBasicSearch\")]"}
COMMAND: POST /session/130ef63994e902c9deb83fe717a4bbca/elements - {"using":"xpath","value":"//input[contains(@id ,\"application-billingtransfer-display-component---billingWorkbench--smartFilterBar-btnBasicSearch\")]"}
RESULT: {"using":"xpath","value":"//input[contains(@id ,\"application-billingtransfer-display-component---billingWorkbench--smartFilterBar-btnBasicSearch\")]"}
COMMAND: POST /session/130ef63994e902c9deb83fe717a4bbca/elements - {"using":"xpath","value":"//input[contains(@id ,\"application-billingtransfer-display-component---billingWorkbench--smartFilterBar-btnBasicSearch\")]"}
RESULT: {"using":"xpath","value":"//input[contains(@id ,\"application-billingtransfer-display-component---billingWorkbench--smartFilterBar-btnBasicSearch\")]"}
COMMAND: POST /session/130ef63994e902c9deb83fe717a4bbca/elements - {"using":"xpath","value":"//input[contains(@id ,\"application-billingtransfer-display-component---billingWorkbench--smartFilterBar-btnBasicSearch\")]"}
RESULT: {"using":"xpath","value":"//input[contains(@id ,\"application-billingtransfer-display-component---billingWorkbench--smartFilterBar-btnBasicSearch\")]"}
COMMAND: POST /session/130ef63994e902c9deb83fe717a4bbca/elements - {"using":"xpath","value":"//input[contains(@id ,\"application-billingtransfer-display-component---billingWorkbench--smartFilterBar-btnBasicSearch\")]"}
RESULT: {"using":"xpath","value":"//input[contains(@id ,\"application-billingtransfer-display-component---billingWorkbench--smartFilterBar-btnBasicSearch\")]"}
COMMAND: POST /session/130ef63994e902c9deb83fe717a4bbca/elements - {"using":"xpath","value":"//input[contains(@id ,\"application-billingtransfer-display-component---billingWorkbench--smartFilterBar-btnBasicSearch\")]"}
RESULT: {"using":"xpath","value":"//input[contains(@id ,\"application-billingtransfer-display-component---billingWorkbench--smartFilterBar-btnBasicSearch\")]"}
COMMAND: POST /session/130ef63994e902c9deb83fe717a4bbca/elements - {"using":"xpath","value":"//input[contains(@id ,\"application-billingtransfer-display-component---billingWorkbench--smartFilterBar-btnBasicSearch\")]"}
RESULT: {"using":"xpath","value":"//input[contains(@id ,\"application-billingtransfer-display-component---billingWorkbench--smartFilterBar-btnBasicSearch\")]"}
COMMAND: POST /session/130ef63994e902c9deb83fe717a4bbca/elements - {"using":"xpath","value":"//input[contains(@id ,\"application-billingtransfer-display-component---billingWorkbench--smartFilterBar-btnBasicSearch\")]"}
RESULT: {"using":"xpath","value":"//input[contains(@id ,\"application-billingtransfer-display-component---billingWorkbench--smartFilterBar-btnBasicSearch\")]"}
COMMAND: POST /session/130ef63994e902c9deb83fe717a4bbca/elements - {"using":"xpath","value":"//input[contains(@id ,\"application-billingtransfer-display-component---billingWorkbench--smartFilterBar-btnBasicSearch\")]"}
RESULT: {"using":"xpath","value":"//input[contains(@id ,\"application-billingtransfer-display-component---billingWorkbench--smartFilterBar-btnBasicSearch\")]"}
COMMAND: POST /session/130ef63994e902c9deb83fe717a4bbca/elements - {"using":"xpath","value":"//input[contains(@id ,\"application-billingtransfer-display-component---billingWorkbench--smartFilterBar-btnBasicSearch\")]"}
RESULT: {"using":"xpath","value":"//input[contains(@id ,\"application-billingtransfer-display-component---billingWorkbench--smartFilterBar-btnBasicSearch\")]"}
COMMAND: POST /session/130ef63994e902c9deb83fe717a4bbca/elements - {"using":"xpath","value":"//input[contains(@id ,\"application-billingtransfer-display-component---billingWorkbench--smartFilterBar-btnBasicSearch\")]"}
RESULT: {"using":"xpath","value":"//input[contains(@id ,\"application-billingtransfer-display-component---billingWorkbench--smartFilterBar-btnBasicSearch\")]"}
COMMAND: POST /session/130ef63994e902c9deb83fe717a4bbca/elements - {"using":"xpath","value":"//input[contains(@id ,\"application-billingtransfer-display-component---billingWorkbench--smartFilterBar-btnBasicSearch\")]"}
RESULT: {"using":"xpath","value":"//input[contains(@id ,\"application-billingtransfer-display-component---billingWorkbench--smartFilterBar-btnBasicSearch\")]"}
COMMAND: POST /session/130ef63994e902c9deb83fe717a4bbca/elements - {"using":"xpath","value":"//input[contains(@id ,\"application-billingtransfer-display-component---billingWorkbench--smartFilterBar-btnBasicSearch\")]"}
RESULT: {"using":"xpath","value":"//input[contains(@id ,\"application-billingtransfer-display-component---billingWorkbench--smartFilterBar-btnBasicSearch\")]"}
COMMAND: POST /session/130ef63994e902c9deb83fe717a4bbca/elements - {"using":"xpath","value":"//input[contains(@id ,\"application-billingtransfer-display-component---billingWorkbench--smartFilterBar-btnBasicSearch\")]"}
RESULT: {"using":"xpath","value":"//input[contains(@id ,\"application-billingtransfer-display-component---billingWorkbench--smartFilterBar-btnBasicSearch\")]"}
COMMAND: POST /session/130ef63994e902c9deb83fe717a4bbca/elements - {"using":"xpath","value":"//input[contains(@id ,\"application-billingtransfer-display-component---billingWorkbench--smartFilterBar-btnBasicSearch\")]"}
RESULT: {"using":"xpath","value":"//input[contains(@id ,\"application-billingtransfer-display-component---billingWorkbench--smartFilterBar-btnBasicSearch\")]"}
COMMAND: POST /session/130ef63994e902c9deb83fe717a4bbca/elements - {"using":"xpath","value":"//input[contains(@id ,\"application-billingtransfer-display-component---billingWorkbench--smartFilterBar-btnBasicSearch\")]"}
RESULT: {"using":"xpath","value":"//input[contains(@id ,\"application-billingtransfer-display-component---billingWorkbench--smartFilterBar-btnBasicSearch\")]"}
COMMAND: POST /session/130ef63994e902c9deb83fe717a4bbca/elements - {"using":"xpath","value":"//input[contains(@id ,\"application-billingtransfer-display-component---billingWorkbench--smartFilterBar-btnBasicSearch\")]"}
RESULT: {"using":"xpath","value":"//input[contains(@id ,\"application-billingtransfer-display-component---billingWorkbench--smartFilterBar-btnBasicSearch\")]"}
COMMAND: POST /session/130ef63994e902c9deb83fe717a4bbca/elements - {"using":"xpath","value":"//input[contains(@id ,\"application-billingtransfer-display-component---billingWorkbench--smartFilterBar-btnBasicSearch\")]"}
RESULT: {"using":"xpath","value":"//input[contains(@id ,\"application-billingtransfer-display-component---billingWorkbench--smartFilterBar-btnBasicSearch\")]"}
COMMAND: POST /session/130ef63994e902c9deb83fe717a4bbca/elements - {"using":"xpath","value":"//input[contains(@id ,\"application-billingtransfer-display-component---billingWorkbench--smartFilterBar-btnBasicSearch\")]"}
RESULT: {"using":"xpath","value":"//input[contains(@id ,\"application-billingtransfer-display-component---billingWorkbench--smartFilterBar-btnBasicSearch\")]"}
COMMAND: POST /session/130ef63994e902c9deb83fe717a4bbca/elements - {"using":"xpath","value":"//input[contains(@id ,\"application-billingtransfer-display-component---billingWorkbench--smartFilterBar-btnBasicSearch\")]"}
RESULT: {"using":"xpath","value":"//input[contains(@id ,\"application-billingtransfer-display-component---billingWorkbench--smartFilterBar-btnBasicSearch\")]"}
COMMAND: POST /session/130ef63994e902c9deb83fe717a4bbca/elements - {"using":"xpath","value":"//input[contains(@id ,\"application-billingtransfer-display-component---billingWorkbench--smartFilterBar-btnBasicSearch\")]"}
RESULT: {"using":"xpath","value":"//input[contains(@id ,\"application-billingtransfer-display-component---billingWorkbench--smartFilterBar-btnBasicSearch\")]"}
COMMAND: POST /session/130ef63994e902c9deb83fe717a4bbca/elements - {"using":"xpath","value":"//input[contains(@id ,\"application-billingtransfer-display-component---billingWorkbench--smartFilterBar-btnBasicSearch\")]"}
RESULT: {"using":"xpath","value":"//input[contains(@id ,\"application-billingtransfer-display-component---billingWorkbench--smartFilterBar-btnBasicSearch\")]"}
COMMAND: POST /session/130ef63994e902c9deb83fe717a4bbca/elements - {"using":"xpath","value":"//input[contains(@id ,\"application-billingtransfer-display-component---billingWorkbench--smartFilterBar-btnBasicSearch\")]"}
RESULT: {"using":"xpath","value":"//input[contains(@id ,\"application-billingtransfer-display-component---billingWorkbench--smartFilterBar-btnBasicSearch\")]"}
COMMAND: POST /session/130ef63994e902c9deb83fe717a4bbca/elements - {"using":"xpath","value":"//input[contains(@id ,\"application-billingtransfer-display-component---billingWorkbench--smartFilterBar-btnBasicSearch\")]"}
RESULT: {"using":"xpath","value":"//input[contains(@id ,\"application-billingtransfer-display-component---billingWorkbench--smartFilterBar-btnBasicSearch\")]"}
COMMAND: POST /session/130ef63994e902c9deb83fe717a4bbca/elements - {"using":"xpath","value":"//input[contains(@id ,\"application-billingtransfer-display-component---billingWorkbench--smartFilterBar-btnBasicSearch\")]"}
RESULT: {"using":"xpath","value":"//input[contains(@id ,\"application-billingtransfer-display-component---billingWorkbench--smartFilterBar-btnBasicSearch\")]"}
COMMAND: POST /session/130ef63994e902c9deb83fe717a4bbca/elements - {"using":"xpath","value":"//input[contains(@id ,\"application-billingtransfer-display-component---billingWorkbench--smartFilterBar-btnBasicSearch\")]"}
RESULT: {"using":"xpath","value":"//input[contains(@id ,\"application-billingtransfer-display-component---billingWorkbench--smartFilterBar-btnBasicSearch\")]"}
COMMAND: POST /session/130ef63994e902c9deb83fe717a4bbca/elements - {"using":"xpath","value":"//input[contains(@id ,\"application-billingtransfer-display-component---billingWorkbench--smartFilterBar-btnBasicSearch\")]"}
RESULT: {"using":"xpath","value":"//input[contains(@id ,\"application-billingtransfer-display-component---billingWorkbench--smartFilterBar-btnBasicSearch\")]"}
COMMAND: POST /session/130ef63994e902c9deb83fe717a4bbca/elements - {"using":"xpath","value":"//input[contains(@id ,\"application-billingtransfer-display-component---billingWorkbench--smartFilterBar-btnBasicSearch\")]"}
RESULT: {"using":"xpath","value":"//input[contains(@id ,\"application-billingtransfer-display-component---billingWorkbench--smartFilterBar-btnBasicSearch\")]"}
COMMAND: POST /session/130ef63994e902c9deb83fe717a4bbca/elements - {"using":"xpath","value":"//input[contains(@id ,\"application-billingtransfer-display-component---billingWorkbench--smartFilterBar-btnBasicSearch\")]"}
RESULT: {"using":"xpath","value":"//input[contains(@id ,\"application-billingtransfer-display-component---billingWorkbench--smartFilterBar-btnBasicSearch\")]"}
COMMAND: POST /session/130ef63994e902c9deb83fe717a4bbca/elements - {"using":"xpath","value":"//input[contains(@id ,\"application-billingtransfer-display-component---billingWorkbench--smartFilterBar-btnBasicSearch\")]"}
COMMAND: GET /session/130ef63994e902c9deb83fe717a4bbca/screenshot - {}
RESULT: {"using":"xpath","value":"//input[contains(@id ,\"application-billingtransfer-display-component---billingWorkbench--smartFilterBar-btnBasicSearch\")]"}
RESULT: {}
COMMAND: GET /session/130ef63994e902c9deb83fe717a4bbca/screenshot - {}
]]></system-out>
      <system-err><![CDATA[
Error: element ("//input[contains(@id ,"application-billingtransfer-display-component---billingWorkbench--smartFilterBar-btnBasicSearch")]") still not existing after 45000ms
    at async UtilsPrerequisites.narrowDownSearchBT (D:\a\1\s\test\specs\BTS\prerequisites-and-utils-functions.js:2850:9)
    at async UtilsPrerequisites.billingTransfer (D:\a\1\s\test\specs\BTS\prerequisites-and-utils-functions.js:2775:9)
    at async Context.<anonymous> (D:\a\1\s\test\specs\BTS\billing-calculation-transp-times.spec.js:150:9)
]]></system-err>
    </testcase>
    <testcase classname="chrome.136_0_7103_93.windows.Billing_Calculation_-_Time_based_(considering_transport_times)_US139738" name="Should navigate to the contract item check the billed until field value" time="60.256">
      <failure/>
      <error message="element (&quot;//button[@data-kt=&quot;addButton&quot;]&quot;) still not existing after 45000ms"/>
      <system-out><![CDATA[
RESULT: undefined
COMMAND: POST /session/130ef63994e902c9deb83fe717a4bbca/element - {"using":"xpath","value":"//*[@id=\"__tile130\"]"}
RESULT: {}
RESULT: {"using":"xpath","value":"//*[@id=\"__tile130\"]"}
COMMAND: POST /session/130ef63994e902c9deb83fe717a4bbca/element/f.DBA113373209FD8E36DE67C53790246B.d.557E9C6851192A9364F1F660F10062A8.e.17878/click - {}
COMMAND: POST /session/130ef63994e902c9deb83fe717a4bbca/elements - {"using":"xpath","value":"//span[text()='Error']"}
RESULT: {"using":"xpath","value":"//span[text()='Error']"}
COMMAND: POST /session/130ef63994e902c9deb83fe717a4bbca/element - {"using":"xpath","value":"//button[@data-kt=\"addButton\"]"}
RESULT: {"using":"xpath","value":"//button[@data-kt=\"addButton\"]"}
COMMAND: POST /session/130ef63994e902c9deb83fe717a4bbca/elements - {"using":"xpath","value":"//button[@data-kt=\"addButton\"]"}
RESULT: {"using":"xpath","value":"//button[@data-kt=\"addButton\"]"}
COMMAND: POST /session/130ef63994e902c9deb83fe717a4bbca/elements - {"using":"xpath","value":"//button[@data-kt=\"addButton\"]"}
RESULT: {"using":"xpath","value":"//button[@data-kt=\"addButton\"]"}
COMMAND: POST /session/130ef63994e902c9deb83fe717a4bbca/elements - {"using":"xpath","value":"//button[@data-kt=\"addButton\"]"}
RESULT: {"using":"xpath","value":"//button[@data-kt=\"addButton\"]"}
COMMAND: POST /session/130ef63994e902c9deb83fe717a4bbca/elements - {"using":"xpath","value":"//button[@data-kt=\"addButton\"]"}
RESULT: {"using":"xpath","value":"//button[@data-kt=\"addButton\"]"}
COMMAND: POST /session/130ef63994e902c9deb83fe717a4bbca/elements - {"using":"xpath","value":"//button[@data-kt=\"addButton\"]"}
RESULT: {"using":"xpath","value":"//button[@data-kt=\"addButton\"]"}
COMMAND: POST /session/130ef63994e902c9deb83fe717a4bbca/elements - {"using":"xpath","value":"//button[@data-kt=\"addButton\"]"}
RESULT: {"using":"xpath","value":"//button[@data-kt=\"addButton\"]"}
COMMAND: POST /session/130ef63994e902c9deb83fe717a4bbca/elements - {"using":"xpath","value":"//button[@data-kt=\"addButton\"]"}
RESULT: {"using":"xpath","value":"//button[@data-kt=\"addButton\"]"}
COMMAND: POST /session/130ef63994e902c9deb83fe717a4bbca/elements - {"using":"xpath","value":"//button[@data-kt=\"addButton\"]"}
RESULT: {"using":"xpath","value":"//button[@data-kt=\"addButton\"]"}
COMMAND: POST /session/130ef63994e902c9deb83fe717a4bbca/elements - {"using":"xpath","value":"//button[@data-kt=\"addButton\"]"}
RESULT: {"using":"xpath","value":"//button[@data-kt=\"addButton\"]"}
COMMAND: POST /session/130ef63994e902c9deb83fe717a4bbca/elements - {"using":"xpath","value":"//button[@data-kt=\"addButton\"]"}
RESULT: {"using":"xpath","value":"//button[@data-kt=\"addButton\"]"}
COMMAND: POST /session/130ef63994e902c9deb83fe717a4bbca/elements - {"using":"xpath","value":"//button[@data-kt=\"addButton\"]"}
RESULT: {"using":"xpath","value":"//button[@data-kt=\"addButton\"]"}
COMMAND: POST /session/130ef63994e902c9deb83fe717a4bbca/elements - {"using":"xpath","value":"//button[@data-kt=\"addButton\"]"}
RESULT: {"using":"xpath","value":"//button[@data-kt=\"addButton\"]"}
COMMAND: POST /session/130ef63994e902c9deb83fe717a4bbca/elements - {"using":"xpath","value":"//button[@data-kt=\"addButton\"]"}
RESULT: {"using":"xpath","value":"//button[@data-kt=\"addButton\"]"}
COMMAND: POST /session/130ef63994e902c9deb83fe717a4bbca/elements - {"using":"xpath","value":"//button[@data-kt=\"addButton\"]"}
RESULT: {"using":"xpath","value":"//button[@data-kt=\"addButton\"]"}
COMMAND: POST /session/130ef63994e902c9deb83fe717a4bbca/elements - {"using":"xpath","value":"//button[@data-kt=\"addButton\"]"}
RESULT: {"using":"xpath","value":"//button[@data-kt=\"addButton\"]"}
COMMAND: POST /session/130ef63994e902c9deb83fe717a4bbca/elements - {"using":"xpath","value":"//button[@data-kt=\"addButton\"]"}
RESULT: {"using":"xpath","value":"//button[@data-kt=\"addButton\"]"}
COMMAND: POST /session/130ef63994e902c9deb83fe717a4bbca/elements - {"using":"xpath","value":"//button[@data-kt=\"addButton\"]"}
RESULT: {"using":"xpath","value":"//button[@data-kt=\"addButton\"]"}
COMMAND: POST /session/130ef63994e902c9deb83fe717a4bbca/elements - {"using":"xpath","value":"//button[@data-kt=\"addButton\"]"}
RESULT: {"using":"xpath","value":"//button[@data-kt=\"addButton\"]"}
COMMAND: POST /session/130ef63994e902c9deb83fe717a4bbca/elements - {"using":"xpath","value":"//button[@data-kt=\"addButton\"]"}
RESULT: {"using":"xpath","value":"//button[@data-kt=\"addButton\"]"}
COMMAND: POST /session/130ef63994e902c9deb83fe717a4bbca/elements - {"using":"xpath","value":"//button[@data-kt=\"addButton\"]"}
RESULT: {"using":"xpath","value":"//button[@data-kt=\"addButton\"]"}
COMMAND: POST /session/130ef63994e902c9deb83fe717a4bbca/elements - {"using":"xpath","value":"//button[@data-kt=\"addButton\"]"}
RESULT: {"using":"xpath","value":"//button[@data-kt=\"addButton\"]"}
COMMAND: POST /session/130ef63994e902c9deb83fe717a4bbca/elements - {"using":"xpath","value":"//button[@data-kt=\"addButton\"]"}
RESULT: {"using":"xpath","value":"//button[@data-kt=\"addButton\"]"}
COMMAND: POST /session/130ef63994e902c9deb83fe717a4bbca/elements - {"using":"xpath","value":"//button[@data-kt=\"addButton\"]"}
RESULT: {"using":"xpath","value":"//button[@data-kt=\"addButton\"]"}
COMMAND: POST /session/130ef63994e902c9deb83fe717a4bbca/elements - {"using":"xpath","value":"//button[@data-kt=\"addButton\"]"}
RESULT: {"using":"xpath","value":"//button[@data-kt=\"addButton\"]"}
COMMAND: POST /session/130ef63994e902c9deb83fe717a4bbca/elements - {"using":"xpath","value":"//button[@data-kt=\"addButton\"]"}
RESULT: {"using":"xpath","value":"//button[@data-kt=\"addButton\"]"}
COMMAND: POST /session/130ef63994e902c9deb83fe717a4bbca/elements - {"using":"xpath","value":"//button[@data-kt=\"addButton\"]"}
RESULT: {"using":"xpath","value":"//button[@data-kt=\"addButton\"]"}
COMMAND: POST /session/130ef63994e902c9deb83fe717a4bbca/elements - {"using":"xpath","value":"//button[@data-kt=\"addButton\"]"}
RESULT: {"using":"xpath","value":"//button[@data-kt=\"addButton\"]"}
COMMAND: POST /session/130ef63994e902c9deb83fe717a4bbca/elements - {"using":"xpath","value":"//button[@data-kt=\"addButton\"]"}
RESULT: {"using":"xpath","value":"//button[@data-kt=\"addButton\"]"}
COMMAND: POST /session/130ef63994e902c9deb83fe717a4bbca/elements - {"using":"xpath","value":"//button[@data-kt=\"addButton\"]"}
RESULT: {"using":"xpath","value":"//button[@data-kt=\"addButton\"]"}
COMMAND: POST /session/130ef63994e902c9deb83fe717a4bbca/elements - {"using":"xpath","value":"//button[@data-kt=\"addButton\"]"}
RESULT: {"using":"xpath","value":"//button[@data-kt=\"addButton\"]"}
COMMAND: POST /session/130ef63994e902c9deb83fe717a4bbca/elements - {"using":"xpath","value":"//button[@data-kt=\"addButton\"]"}
RESULT: {"using":"xpath","value":"//button[@data-kt=\"addButton\"]"}
COMMAND: POST /session/130ef63994e902c9deb83fe717a4bbca/elements - {"using":"xpath","value":"//button[@data-kt=\"addButton\"]"}
RESULT: {"using":"xpath","value":"//button[@data-kt=\"addButton\"]"}
COMMAND: POST /session/130ef63994e902c9deb83fe717a4bbca/elements - {"using":"xpath","value":"//button[@data-kt=\"addButton\"]"}
RESULT: {"using":"xpath","value":"//button[@data-kt=\"addButton\"]"}
COMMAND: POST /session/130ef63994e902c9deb83fe717a4bbca/elements - {"using":"xpath","value":"//button[@data-kt=\"addButton\"]"}
RESULT: {"using":"xpath","value":"//button[@data-kt=\"addButton\"]"}
COMMAND: POST /session/130ef63994e902c9deb83fe717a4bbca/elements - {"using":"xpath","value":"//button[@data-kt=\"addButton\"]"}
RESULT: {"using":"xpath","value":"//button[@data-kt=\"addButton\"]"}
COMMAND: POST /session/130ef63994e902c9deb83fe717a4bbca/elements - {"using":"xpath","value":"//button[@data-kt=\"addButton\"]"}
RESULT: {"using":"xpath","value":"//button[@data-kt=\"addButton\"]"}
COMMAND: POST /session/130ef63994e902c9deb83fe717a4bbca/elements - {"using":"xpath","value":"//button[@data-kt=\"addButton\"]"}
RESULT: {"using":"xpath","value":"//button[@data-kt=\"addButton\"]"}
COMMAND: POST /session/130ef63994e902c9deb83fe717a4bbca/elements - {"using":"xpath","value":"//button[@data-kt=\"addButton\"]"}
RESULT: {"using":"xpath","value":"//button[@data-kt=\"addButton\"]"}
COMMAND: POST /session/130ef63994e902c9deb83fe717a4bbca/elements - {"using":"xpath","value":"//button[@data-kt=\"addButton\"]"}
RESULT: {"using":"xpath","value":"//button[@data-kt=\"addButton\"]"}
COMMAND: POST /session/130ef63994e902c9deb83fe717a4bbca/elements - {"using":"xpath","value":"//button[@data-kt=\"addButton\"]"}
RESULT: {"using":"xpath","value":"//button[@data-kt=\"addButton\"]"}
COMMAND: POST /session/130ef63994e902c9deb83fe717a4bbca/elements - {"using":"xpath","value":"//button[@data-kt=\"addButton\"]"}
RESULT: {"using":"xpath","value":"//button[@data-kt=\"addButton\"]"}
COMMAND: POST /session/130ef63994e902c9deb83fe717a4bbca/elements - {"using":"xpath","value":"//button[@data-kt=\"addButton\"]"}
RESULT: {"using":"xpath","value":"//button[@data-kt=\"addButton\"]"}
COMMAND: POST /session/130ef63994e902c9deb83fe717a4bbca/elements - {"using":"xpath","value":"//button[@data-kt=\"addButton\"]"}
RESULT: {"using":"xpath","value":"//button[@data-kt=\"addButton\"]"}
COMMAND: POST /session/130ef63994e902c9deb83fe717a4bbca/elements - {"using":"xpath","value":"//button[@data-kt=\"addButton\"]"}
RESULT: {"using":"xpath","value":"//button[@data-kt=\"addButton\"]"}
COMMAND: POST /session/130ef63994e902c9deb83fe717a4bbca/elements - {"using":"xpath","value":"//button[@data-kt=\"addButton\"]"}
RESULT: {"using":"xpath","value":"//button[@data-kt=\"addButton\"]"}
COMMAND: POST /session/130ef63994e902c9deb83fe717a4bbca/elements - {"using":"xpath","value":"//button[@data-kt=\"addButton\"]"}
RESULT: {"using":"xpath","value":"//button[@data-kt=\"addButton\"]"}
COMMAND: POST /session/130ef63994e902c9deb83fe717a4bbca/elements - {"using":"xpath","value":"//button[@data-kt=\"addButton\"]"}
RESULT: {"using":"xpath","value":"//button[@data-kt=\"addButton\"]"}
COMMAND: POST /session/130ef63994e902c9deb83fe717a4bbca/elements - {"using":"xpath","value":"//button[@data-kt=\"addButton\"]"}
RESULT: {"using":"xpath","value":"//button[@data-kt=\"addButton\"]"}
COMMAND: POST /session/130ef63994e902c9deb83fe717a4bbca/elements - {"using":"xpath","value":"//button[@data-kt=\"addButton\"]"}
RESULT: {"using":"xpath","value":"//button[@data-kt=\"addButton\"]"}
COMMAND: POST /session/130ef63994e902c9deb83fe717a4bbca/elements - {"using":"xpath","value":"//button[@data-kt=\"addButton\"]"}
RESULT: {"using":"xpath","value":"//button[@data-kt=\"addButton\"]"}
COMMAND: POST /session/130ef63994e902c9deb83fe717a4bbca/elements - {"using":"xpath","value":"//button[@data-kt=\"addButton\"]"}
RESULT: {"using":"xpath","value":"//button[@data-kt=\"addButton\"]"}
COMMAND: POST /session/130ef63994e902c9deb83fe717a4bbca/elements - {"using":"xpath","value":"//button[@data-kt=\"addButton\"]"}
RESULT: {"using":"xpath","value":"//button[@data-kt=\"addButton\"]"}
COMMAND: POST /session/130ef63994e902c9deb83fe717a4bbca/elements - {"using":"xpath","value":"//button[@data-kt=\"addButton\"]"}
RESULT: {"using":"xpath","value":"//button[@data-kt=\"addButton\"]"}
COMMAND: POST /session/130ef63994e902c9deb83fe717a4bbca/elements - {"using":"xpath","value":"//button[@data-kt=\"addButton\"]"}
RESULT: {"using":"xpath","value":"//button[@data-kt=\"addButton\"]"}
COMMAND: POST /session/130ef63994e902c9deb83fe717a4bbca/elements - {"using":"xpath","value":"//button[@data-kt=\"addButton\"]"}
RESULT: {"using":"xpath","value":"//button[@data-kt=\"addButton\"]"}
COMMAND: POST /session/130ef63994e902c9deb83fe717a4bbca/elements - {"using":"xpath","value":"//button[@data-kt=\"addButton\"]"}
RESULT: {"using":"xpath","value":"//button[@data-kt=\"addButton\"]"}
COMMAND: POST /session/130ef63994e902c9deb83fe717a4bbca/elements - {"using":"xpath","value":"//button[@data-kt=\"addButton\"]"}
RESULT: {"using":"xpath","value":"//button[@data-kt=\"addButton\"]"}
COMMAND: POST /session/130ef63994e902c9deb83fe717a4bbca/elements - {"using":"xpath","value":"//button[@data-kt=\"addButton\"]"}
RESULT: {"using":"xpath","value":"//button[@data-kt=\"addButton\"]"}
COMMAND: POST /session/130ef63994e902c9deb83fe717a4bbca/elements - {"using":"xpath","value":"//button[@data-kt=\"addButton\"]"}
RESULT: {"using":"xpath","value":"//button[@data-kt=\"addButton\"]"}
COMMAND: POST /session/130ef63994e902c9deb83fe717a4bbca/elements - {"using":"xpath","value":"//button[@data-kt=\"addButton\"]"}
RESULT: {"using":"xpath","value":"//button[@data-kt=\"addButton\"]"}
COMMAND: POST /session/130ef63994e902c9deb83fe717a4bbca/elements - {"using":"xpath","value":"//button[@data-kt=\"addButton\"]"}
RESULT: {"using":"xpath","value":"//button[@data-kt=\"addButton\"]"}
COMMAND: POST /session/130ef63994e902c9deb83fe717a4bbca/elements - {"using":"xpath","value":"//button[@data-kt=\"addButton\"]"}
RESULT: {"using":"xpath","value":"//button[@data-kt=\"addButton\"]"}
COMMAND: POST /session/130ef63994e902c9deb83fe717a4bbca/elements - {"using":"xpath","value":"//button[@data-kt=\"addButton\"]"}
RESULT: {"using":"xpath","value":"//button[@data-kt=\"addButton\"]"}
COMMAND: POST /session/130ef63994e902c9deb83fe717a4bbca/elements - {"using":"xpath","value":"//button[@data-kt=\"addButton\"]"}
RESULT: {"using":"xpath","value":"//button[@data-kt=\"addButton\"]"}
COMMAND: POST /session/130ef63994e902c9deb83fe717a4bbca/elements - {"using":"xpath","value":"//button[@data-kt=\"addButton\"]"}
RESULT: {"using":"xpath","value":"//button[@data-kt=\"addButton\"]"}
COMMAND: POST /session/130ef63994e902c9deb83fe717a4bbca/elements - {"using":"xpath","value":"//button[@data-kt=\"addButton\"]"}
RESULT: {"using":"xpath","value":"//button[@data-kt=\"addButton\"]"}
COMMAND: POST /session/130ef63994e902c9deb83fe717a4bbca/elements - {"using":"xpath","value":"//button[@data-kt=\"addButton\"]"}
RESULT: {"using":"xpath","value":"//button[@data-kt=\"addButton\"]"}
COMMAND: POST /session/130ef63994e902c9deb83fe717a4bbca/elements - {"using":"xpath","value":"//button[@data-kt=\"addButton\"]"}
RESULT: {"using":"xpath","value":"//button[@data-kt=\"addButton\"]"}
COMMAND: POST /session/130ef63994e902c9deb83fe717a4bbca/elements - {"using":"xpath","value":"//button[@data-kt=\"addButton\"]"}
RESULT: {"using":"xpath","value":"//button[@data-kt=\"addButton\"]"}
COMMAND: POST /session/130ef63994e902c9deb83fe717a4bbca/elements - {"using":"xpath","value":"//button[@data-kt=\"addButton\"]"}
RESULT: {"using":"xpath","value":"//button[@data-kt=\"addButton\"]"}
COMMAND: POST /session/130ef63994e902c9deb83fe717a4bbca/elements - {"using":"xpath","value":"//button[@data-kt=\"addButton\"]"}
RESULT: {"using":"xpath","value":"//button[@data-kt=\"addButton\"]"}
COMMAND: POST /session/130ef63994e902c9deb83fe717a4bbca/elements - {"using":"xpath","value":"//button[@data-kt=\"addButton\"]"}
RESULT: {"using":"xpath","value":"//button[@data-kt=\"addButton\"]"}
COMMAND: POST /session/130ef63994e902c9deb83fe717a4bbca/elements - {"using":"xpath","value":"//button[@data-kt=\"addButton\"]"}
RESULT: {"using":"xpath","value":"//button[@data-kt=\"addButton\"]"}
COMMAND: POST /session/130ef63994e902c9deb83fe717a4bbca/elements - {"using":"xpath","value":"//button[@data-kt=\"addButton\"]"}
RESULT: {"using":"xpath","value":"//button[@data-kt=\"addButton\"]"}
COMMAND: POST /session/130ef63994e902c9deb83fe717a4bbca/elements - {"using":"xpath","value":"//button[@data-kt=\"addButton\"]"}
RESULT: {"using":"xpath","value":"//button[@data-kt=\"addButton\"]"}
COMMAND: POST /session/130ef63994e902c9deb83fe717a4bbca/elements - {"using":"xpath","value":"//button[@data-kt=\"addButton\"]"}
RESULT: {"using":"xpath","value":"//button[@data-kt=\"addButton\"]"}
COMMAND: POST /session/130ef63994e902c9deb83fe717a4bbca/elements - {"using":"xpath","value":"//button[@data-kt=\"addButton\"]"}
RESULT: {"using":"xpath","value":"//button[@data-kt=\"addButton\"]"}
COMMAND: POST /session/130ef63994e902c9deb83fe717a4bbca/elements - {"using":"xpath","value":"//button[@data-kt=\"addButton\"]"}
RESULT: {"using":"xpath","value":"//button[@data-kt=\"addButton\"]"}
COMMAND: POST /session/130ef63994e902c9deb83fe717a4bbca/elements - {"using":"xpath","value":"//button[@data-kt=\"addButton\"]"}
RESULT: {"using":"xpath","value":"//button[@data-kt=\"addButton\"]"}
COMMAND: POST /session/130ef63994e902c9deb83fe717a4bbca/elements - {"using":"xpath","value":"//button[@data-kt=\"addButton\"]"}
RESULT: {"using":"xpath","value":"//button[@data-kt=\"addButton\"]"}
COMMAND: POST /session/130ef63994e902c9deb83fe717a4bbca/elements - {"using":"xpath","value":"//button[@data-kt=\"addButton\"]"}
RESULT: {"using":"xpath","value":"//button[@data-kt=\"addButton\"]"}
COMMAND: POST /session/130ef63994e902c9deb83fe717a4bbca/elements - {"using":"xpath","value":"//button[@data-kt=\"addButton\"]"}
RESULT: {"using":"xpath","value":"//button[@data-kt=\"addButton\"]"}
COMMAND: POST /session/130ef63994e902c9deb83fe717a4bbca/elements - {"using":"xpath","value":"//button[@data-kt=\"addButton\"]"}
RESULT: {"using":"xpath","value":"//button[@data-kt=\"addButton\"]"}
COMMAND: POST /session/130ef63994e902c9deb83fe717a4bbca/elements - {"using":"xpath","value":"//button[@data-kt=\"addButton\"]"}
RESULT: {"using":"xpath","value":"//button[@data-kt=\"addButton\"]"}
COMMAND: POST /session/130ef63994e902c9deb83fe717a4bbca/elements - {"using":"xpath","value":"//button[@data-kt=\"addButton\"]"}
RESULT: {"using":"xpath","value":"//button[@data-kt=\"addButton\"]"}
COMMAND: POST /session/130ef63994e902c9deb83fe717a4bbca/elements - {"using":"xpath","value":"//button[@data-kt=\"addButton\"]"}
RESULT: {"using":"xpath","value":"//button[@data-kt=\"addButton\"]"}
COMMAND: POST /session/130ef63994e902c9deb83fe717a4bbca/elements - {"using":"xpath","value":"//button[@data-kt=\"addButton\"]"}
RESULT: {"using":"xpath","value":"//button[@data-kt=\"addButton\"]"}
COMMAND: POST /session/130ef63994e902c9deb83fe717a4bbca/elements - {"using":"xpath","value":"//button[@data-kt=\"addButton\"]"}
RESULT: {"using":"xpath","value":"//button[@data-kt=\"addButton\"]"}
COMMAND: POST /session/130ef63994e902c9deb83fe717a4bbca/elements - {"using":"xpath","value":"//button[@data-kt=\"addButton\"]"}
RESULT: {"using":"xpath","value":"//button[@data-kt=\"addButton\"]"}
COMMAND: POST /session/130ef63994e902c9deb83fe717a4bbca/elements - {"using":"xpath","value":"//button[@data-kt=\"addButton\"]"}
RESULT: {"using":"xpath","value":"//button[@data-kt=\"addButton\"]"}
COMMAND: GET /session/130ef63994e902c9deb83fe717a4bbca/screenshot - {}
RESULT: {}
COMMAND: GET /session/130ef63994e902c9deb83fe717a4bbca/screenshot - {}
COMMAND: GET /session/130ef63994e902c9deb83fe717a4bbca/screenshot - {}
RESULT: {}
RESULT: {}
COMMAND: DELETE /session/130ef63994e902c9deb83fe717a4bbca - {}
RESULT: {}
]]></system-out>
      <system-err><![CDATA[
Error: element ("//button[@data-kt="addButton"]") still not existing after 45000ms
    at async UtilsPrerequisites.checkBilledUntilDate (D:\a\1\s\test\specs\BTS\prerequisites-and-utils-functions.js:2313:9)
    at async Context.<anonymous> (D:\a\1\s\test\specs\BTS\billing-calculation-transp-times.spec.js:161:9)
]]></system-err>
    </testcase>
  </testsuite>
</testsuites>