<?xml version="1.0" encoding="UTF-8"?>
<testsuites tests="16" failures="0" errors="0" skipped="0">
  <testsuite timestamp="2025-05-27T17:32:42" time="1445.828" tests="12" failures="0" errors="0" skipped="0">
    <properties>
      <property name="specId" value="0"/>
      <property name="suiteName" value="Partner specific tests US150819 US151080 US151654 US151176 US103444 US151078 US151079 US151109 US151174 US151175 US151189"/>
      <property name="capabilities" value="chrome.136_0_7103_93.windows"/>
      <property name="file" value="file:///D:/a/1/s/test/specs/BTS/manage-partners.spec.js"/>
    </properties>
    <testcase classname="chrome.136_0_7103_93.windows.Partner_specific_tests_US150819_US151080_US151654_US151176_US103444_US151078_US151079_US151109_US151174_US151175_US151189" name="Should create a new yard prerequisite" time="130.022">
      <system-out><![CDATA[
COMMAND: POST /session/c72c23a71f957f5f97380492e1ede48b/window/fullscreen - {}
RESULT: {}
COMMAND: POST /session/c72c23a71f957f5f97380492e1ede48b/element - {"using":"xpath","value":"//li[.//span[text()=\"Manage Partners\"]]"}
RESULT: {"using":"xpath","value":"//li[.//span[text()=\"Manage Partners\"]]"}
COMMAND: POST /session/c72c23a71f957f5f97380492e1ede48b/element - {"using":"xpath","value":"//li[.//span[text()=\"Manage Partners\"]]"}
RESULT: {"using":"xpath","value":"//li[.//span[text()=\"Manage Partners\"]]"}
COMMAND: POST /session/c72c23a71f957f5f97380492e1ede48b/element - {"using":"css selector","value":"#shell-header-logo"}
RESULT: {"using":"css selector","value":"#shell-header-logo"}
COMMAND: POST /session/c72c23a71f957f5f97380492e1ede48b/element/f.9B2FD2DF9A9EBD12F39787CA2B3A3B3C.d.F187016BA9202BE32740C80190D790A8.e.258/click - {}
COMMAND: POST /session/c72c23a71f957f5f97380492e1ede48b/execute/sync - {"script":"<script> [8489 bytes]","args":[{"element-6066-11e4-a52e-4f735466cecf":"f.9B2FD2DF9A9EBD12F39787CA2B3A3B3C.d.F187016BA9202BE32740C80190D790A8.e.258","ELEMENT":"f.9B2FD2DF9A9EBD12F39787CA2B3A3B3C.d.F187016BA9202BE32740C80190D790A8.e.258"}]}
RESULT: {}
COMMAND: GET /session/c72c23a71f957f5f97380492e1ede48b/screenshot - {}
RESULT: {"script":"<script> [8489 bytes]","args":[{"element-6066-11e4-a52e-4f735466cecf":"f.9B2FD2DF9A9EBD12F39787CA2B3A3B3C.d.F187016BA9202BE32740C80190D790A8.e.258","ELEMENT":"f.9B2FD2DF9A9EBD12F39787CA2B3A3B3C.d.F187016BA9202BE32740C80190D790A8.e.258"}]}
COMMAND: POST /session/c72c23a71f957f5f97380492e1ede48b/execute/sync - {"script":"<script> [5351 bytes]","args":[{"element-6066-11e4-a52e-4f735466cecf":"f.9B2FD2DF9A9EBD12F39787CA2B3A3B3C.d.F187016BA9202BE32740C80190D790A8.e.258","ELEMENT":"f.9B2FD2DF9A9EBD12F39787CA2B3A3B3C.d.F187016BA9202BE32740C80190D790A8.e.258"}]}
COMMAND: GET /session/c72c23a71f957f5f97380492e1ede48b/screenshot - {}
RESULT: {}
RESULT: {"script":"<script> [5351 bytes]","args":[{"element-6066-11e4-a52e-4f735466cecf":"f.9B2FD2DF9A9EBD12F39787CA2B3A3B3C.d.F187016BA9202BE32740C80190D790A8.e.258","ELEMENT":"f.9B2FD2DF9A9EBD12F39787CA2B3A3B3C.d.F187016BA9202BE32740C80190D790A8.e.258"}]}
COMMAND: GET /session/c72c23a71f957f5f97380492e1ede48b/screenshot - {}
RESULT: {}
RESULT: {}
COMMAND: POST /session/c72c23a71f957f5f97380492e1ede48b/execute/async - {"script":"<script> [1562 bytes]","args":[{"selector":{"controlType":"sap.m.GenericTile","properties":{"header":"Manage Yards"}},"wdio_ui5_key":"sapm.GenericTile{\"header\":\"Manage Yards\"}"}]}
RESULT: {"script":"<script> [1562 bytes]","args":[{"selector":{"controlType":"sap.m.GenericTile","properties":{"header":"Manage Yards"}},"wdio_ui5_key":"sapm.GenericTile{\"header\":\"Manage Yards\"}"}]}
RESULT: undefined
COMMAND: POST /session/c72c23a71f957f5f97380492e1ede48b/element - {"using":"xpath","value":"//*[@id=\"__tile41\"]"}
RESULT: {"using":"xpath","value":"//*[@id=\"__tile41\"]"}
COMMAND: POST /session/c72c23a71f957f5f97380492e1ede48b/element/f.9B2FD2DF9A9EBD12F39787CA2B3A3B3C.d.F187016BA9202BE32740C80190D790A8.e.155/click - {}
RESULT: {}
COMMAND: GET /session/c72c23a71f957f5f97380492e1ede48b/screenshot - {}
RESULT: {}
COMMAND: POST /session/c72c23a71f957f5f97380492e1ede48b/elements - {"using":"xpath","value":"//span[text()='Error']"}
RESULT: {"using":"xpath","value":"//span[text()='Error']"}
COMMAND: POST /session/c72c23a71f957f5f97380492e1ede48b/element - {"using":"xpath","value":"//button[@data-kt=\"addNewYardOverflowToolbarButton\"]"}
RESULT: {"using":"xpath","value":"//button[@data-kt=\"addNewYardOverflowToolbarButton\"]"}
COMMAND: POST /session/c72c23a71f957f5f97380492e1ede48b/elements - {"using":"xpath","value":"//button[@data-kt=\"addNewYardOverflowToolbarButton\"]"}
RESULT: {"using":"xpath","value":"//button[@data-kt=\"addNewYardOverflowToolbarButton\"]"}
COMMAND: POST /session/c72c23a71f957f5f97380492e1ede48b/elements - {"using":"xpath","value":"//button[@data-kt=\"addNewYardOverflowToolbarButton\"]"}
RESULT: {"using":"xpath","value":"//button[@data-kt=\"addNewYardOverflowToolbarButton\"]"}
COMMAND: POST /session/c72c23a71f957f5f97380492e1ede48b/elements - {"using":"xpath","value":"//button[@data-kt=\"addNewYardOverflowToolbarButton\"]"}
RESULT: {"using":"xpath","value":"//button[@data-kt=\"addNewYardOverflowToolbarButton\"]"}
COMMAND: POST /session/c72c23a71f957f5f97380492e1ede48b/elements - {"using":"xpath","value":"//button[@data-kt=\"addNewYardOverflowToolbarButton\"]"}
RESULT: {"using":"xpath","value":"//button[@data-kt=\"addNewYardOverflowToolbarButton\"]"}
COMMAND: POST /session/c72c23a71f957f5f97380492e1ede48b/elements - {"using":"xpath","value":"//button[@data-kt=\"addNewYardOverflowToolbarButton\"]"}
RESULT: {"using":"xpath","value":"//button[@data-kt=\"addNewYardOverflowToolbarButton\"]"}
COMMAND: POST /session/c72c23a71f957f5f97380492e1ede48b/elements - {"using":"xpath","value":"//button[@data-kt=\"addNewYardOverflowToolbarButton\"]"}
RESULT: {"using":"xpath","value":"//button[@data-kt=\"addNewYardOverflowToolbarButton\"]"}
COMMAND: POST /session/c72c23a71f957f5f97380492e1ede48b/elements - {"using":"xpath","value":"//button[@data-kt=\"addNewYardOverflowToolbarButton\"]"}
RESULT: {"using":"xpath","value":"//button[@data-kt=\"addNewYardOverflowToolbarButton\"]"}
COMMAND: POST /session/c72c23a71f957f5f97380492e1ede48b/elements - {"using":"xpath","value":"//button[@data-kt=\"addNewYardOverflowToolbarButton\"]"}
RESULT: {"using":"xpath","value":"//button[@data-kt=\"addNewYardOverflowToolbarButton\"]"}
COMMAND: POST /session/c72c23a71f957f5f97380492e1ede48b/element - {"using":"xpath","value":"//button[@data-kt=\"addNewYardOverflowToolbarButton\"]"}
RESULT: {"using":"xpath","value":"//button[@data-kt=\"addNewYardOverflowToolbarButton\"]"}
COMMAND: POST /session/c72c23a71f957f5f97380492e1ede48b/execute/sync - {"script":"<script> [8489 bytes]","args":[{"element-6066-11e4-a52e-4f735466cecf":"f.9B2FD2DF9A9EBD12F39787CA2B3A3B3C.d.F187016BA9202BE32740C80190D790A8.e.293","ELEMENT":"f.9B2FD2DF9A9EBD12F39787CA2B3A3B3C.d.F187016BA9202BE32740C80190D790A8.e.293"}]}
RESULT: {"script":"<script> [8489 bytes]","args":[{"element-6066-11e4-a52e-4f735466cecf":"f.9B2FD2DF9A9EBD12F39787CA2B3A3B3C.d.F187016BA9202BE32740C80190D790A8.e.293","ELEMENT":"f.9B2FD2DF9A9EBD12F39787CA2B3A3B3C.d.F187016BA9202BE32740C80190D790A8.e.293"}]}
COMMAND: GET /session/c72c23a71f957f5f97380492e1ede48b/element/f.9B2FD2DF9A9EBD12F39787CA2B3A3B3C.d.F187016BA9202BE32740C80190D790A8.e.293/enabled - {}
COMMAND: GET /session/c72c23a71f957f5f97380492e1ede48b/screenshot - {}
RESULT: {}
COMMAND: POST /session/c72c23a71f957f5f97380492e1ede48b/execute/sync - {"script":"<script> [8489 bytes]","args":[{"element-6066-11e4-a52e-4f735466cecf":"f.9B2FD2DF9A9EBD12F39787CA2B3A3B3C.d.F187016BA9202BE32740C80190D790A8.e.293","ELEMENT":"f.9B2FD2DF9A9EBD12F39787CA2B3A3B3C.d.F187016BA9202BE32740C80190D790A8.e.293"}]}
COMMAND: GET /session/c72c23a71f957f5f97380492e1ede48b/screenshot - {}
RESULT: {}
RESULT: {"script":"<script> [8489 bytes]","args":[{"element-6066-11e4-a52e-4f735466cecf":"f.9B2FD2DF9A9EBD12F39787CA2B3A3B3C.d.F187016BA9202BE32740C80190D790A8.e.293","ELEMENT":"f.9B2FD2DF9A9EBD12F39787CA2B3A3B3C.d.F187016BA9202BE32740C80190D790A8.e.293"}]}
COMMAND: POST /session/c72c23a71f957f5f97380492e1ede48b/execute/sync - {"script":"<script> [5351 bytes]","args":[{"element-6066-11e4-a52e-4f735466cecf":"f.9B2FD2DF9A9EBD12F39787CA2B3A3B3C.d.F187016BA9202BE32740C80190D790A8.e.293","ELEMENT":"f.9B2FD2DF9A9EBD12F39787CA2B3A3B3C.d.F187016BA9202BE32740C80190D790A8.e.293"}]}
COMMAND: GET /session/c72c23a71f957f5f97380492e1ede48b/screenshot - {}
RESULT: {}
RESULT: {"script":"<script> [5351 bytes]","args":[{"element-6066-11e4-a52e-4f735466cecf":"f.9B2FD2DF9A9EBD12F39787CA2B3A3B3C.d.F187016BA9202BE32740C80190D790A8.e.293","ELEMENT":"f.9B2FD2DF9A9EBD12F39787CA2B3A3B3C.d.F187016BA9202BE32740C80190D790A8.e.293"}]}
COMMAND: POST /session/c72c23a71f957f5f97380492e1ede48b/element/f.9B2FD2DF9A9EBD12F39787CA2B3A3B3C.d.F187016BA9202BE32740C80190D790A8.e.293/click - {}
COMMAND: GET /session/c72c23a71f957f5f97380492e1ede48b/screenshot - {}
RESULT: {}
RESULT: {}
COMMAND: GET /session/c72c23a71f957f5f97380492e1ede48b/screenshot - {}
RESULT: {}
RESULT: {}
COMMAND: POST /session/c72c23a71f957f5f97380492e1ede48b/element - {"using":"xpath","value":"//input[@id=\"application-manageyards-display-component---NewYard--yardId-inner\"]"}
RESULT: {"using":"xpath","value":"//input[@id=\"application-manageyards-display-component---NewYard--yardId-inner\"]"}
COMMAND: POST /session/c72c23a71f957f5f97380492e1ede48b/element - {"using":"xpath","value":"//input[@id=\"application-manageyards-display-component---NewYard--yardId-inner\"]"}
RESULT: {"using":"xpath","value":"//input[@id=\"application-manageyards-display-component---NewYard--yardId-inner\"]"}
COMMAND: POST /session/c72c23a71f957f5f97380492e1ede48b/execute/async - {"script":"<script> [1562 bytes]","args":[{"selector":{"id":"application-manageyards-display-component---NewYard--addressDetailDetailsName1","interaction":{"idSuffix":"inner"}},"wdio_ui5_key":"applicationmanageyards-display-component---NewYard--addressDetailDetailsName1"}]}
RESULT: {"script":"<script> [1562 bytes]","args":[{"selector":{"id":"application-manageyards-display-component---NewYard--addressDetailDetailsName1","interaction":{"idSuffix":"inner"}},"wdio_ui5_key":"applicationmanageyards-display-component---NewYard--addressDetailDetailsName1"}]}
RESULT: undefined
COMMAND: POST /session/c72c23a71f957f5f97380492e1ede48b/execute/async - {"script":"<script> [776 bytes]","args":[{"enterText":"Intracompany Yard wdIO","selector":{"id":"application-manageyards-display-component---NewYard--addressDetailDetailsName1","interaction":{"idSuffix":"inner"}},"clearTextFirst":true,"interactionType":"ENTER_TEXT"}]}
RESULT: {"script":"<script> [776 bytes]","args":[{"enterText":"Intracompany Yard wdIO","selector":{"id":"application-manageyards-display-component---NewYard--addressDetailDetailsName1","interaction":{"idSuffix":"inner"}},"clearTextFirst":true,"interactionType":"ENTER_TEXT"}]}
COMMAND: POST /session/c72c23a71f957f5f97380492e1ede48b/execute/async - {"script":"<script> [1562 bytes]","args":[{"selector":{"id":"application-manageyards-display-component---NewYard--addressDetailDetailsLanguage-arrow"},"wdio_ui5_key":"applicationmanageyards-display-component---NewYard--addressDetailDetailsLanguage-arrow"}]}
RESULT: {"script":"<script> [1562 bytes]","args":[{"selector":{"id":"application-manageyards-display-component---NewYard--addressDetailDetailsLanguage-arrow"},"wdio_ui5_key":"applicationmanageyards-display-component---NewYard--addressDetailDetailsLanguage-arrow"}]}
RESULT: undefined
COMMAND: POST /session/c72c23a71f957f5f97380492e1ede48b/element - {"using":"xpath","value":"//*[@id=\"application-manageyards-display-component---NewYard--addressDetailDetailsLanguage-arrow\"]"}
RESULT: {"using":"xpath","value":"//*[@id=\"application-manageyards-display-component---NewYard--addressDetailDetailsLanguage-arrow\"]"}
COMMAND: POST /session/c72c23a71f957f5f97380492e1ede48b/element/f.9B2FD2DF9A9EBD12F39787CA2B3A3B3C.d.F187016BA9202BE32740C80190D790A8.e.730/click - {}
RESULT: {}
COMMAND: POST /session/c72c23a71f957f5f97380492e1ede48b/element - {"using":"xpath","value":"//span[contains(text(), \"English\")]"}
COMMAND: GET /session/c72c23a71f957f5f97380492e1ede48b/screenshot - {}
RESULT: {"using":"xpath","value":"//span[contains(text(), \"English\")]"}
COMMAND: POST /session/c72c23a71f957f5f97380492e1ede48b/element/f.9B2FD2DF9A9EBD12F39787CA2B3A3B3C.d.F187016BA9202BE32740C80190D790A8.e.731/click - {}
RESULT: {}
RESULT: {}
COMMAND: POST /session/c72c23a71f957f5f97380492e1ede48b/execute/async - {"script":"<script> [1562 bytes]","args":[{"selector":{"id":"application-manageyards-display-component---NewYard--addressDetailDetailsCity1","interaction":{"idSuffix":"inner"}},"wdio_ui5_key":"applicationmanageyards-display-component---NewYard--addressDetailDetailsCity1"}]}
COMMAND: GET /session/c72c23a71f957f5f97380492e1ede48b/screenshot - {}
RESULT: {"script":"<script> [1562 bytes]","args":[{"selector":{"id":"application-manageyards-display-component---NewYard--addressDetailDetailsCity1","interaction":{"idSuffix":"inner"}},"wdio_ui5_key":"applicationmanageyards-display-component---NewYard--addressDetailDetailsCity1"}]}
RESULT: undefined
COMMAND: POST /session/c72c23a71f957f5f97380492e1ede48b/execute/async - {"script":"<script> [776 bytes]","args":[{"enterText":"Rosario","selector":{"id":"application-manageyards-display-component---NewYard--addressDetailDetailsCity1","interaction":{"idSuffix":"inner"}},"clearTextFirst":true,"interactionType":"ENTER_TEXT"}]}
RESULT: {}
RESULT: {"script":"<script> [776 bytes]","args":[{"enterText":"Rosario","selector":{"id":"application-manageyards-display-component---NewYard--addressDetailDetailsCity1","interaction":{"idSuffix":"inner"}},"clearTextFirst":true,"interactionType":"ENTER_TEXT"}]}
COMMAND: POST /session/c72c23a71f957f5f97380492e1ede48b/execute/async - {"script":"<script> [1562 bytes]","args":[{"selector":{"id":"application-manageyards-display-component---NewYard--addressDetailDetailsCountry-arrow"},"wdio_ui5_key":"applicationmanageyards-display-component---NewYard--addressDetailDetailsCountry-arrow"}]}
RESULT: {"script":"<script> [1562 bytes]","args":[{"selector":{"id":"application-manageyards-display-component---NewYard--addressDetailDetailsCountry-arrow"},"wdio_ui5_key":"applicationmanageyards-display-component---NewYard--addressDetailDetailsCountry-arrow"}]}
RESULT: undefined
COMMAND: POST /session/c72c23a71f957f5f97380492e1ede48b/element - {"using":"xpath","value":"//*[@id=\"application-manageyards-display-component---NewYard--addressDetailDetailsCountry-arrow\"]"}
RESULT: {"using":"xpath","value":"//*[@id=\"application-manageyards-display-component---NewYard--addressDetailDetailsCountry-arrow\"]"}
COMMAND: POST /session/c72c23a71f957f5f97380492e1ede48b/element/f.9B2FD2DF9A9EBD12F39787CA2B3A3B3C.d.F187016BA9202BE32740C80190D790A8.e.733/click - {}
RESULT: {}
COMMAND: POST /session/c72c23a71f957f5f97380492e1ede48b/element - {"using":"xpath","value":"//span[contains(text(), \"Argentina\")]"}
COMMAND: GET /session/c72c23a71f957f5f97380492e1ede48b/screenshot - {}
RESULT: {"using":"xpath","value":"//span[contains(text(), \"Argentina\")]"}
COMMAND: POST /session/c72c23a71f957f5f97380492e1ede48b/element/f.9B2FD2DF9A9EBD12F39787CA2B3A3B3C.d.F187016BA9202BE32740C80190D790A8.e.735/click - {}
RESULT: {}
RESULT: {}
COMMAND: POST /session/c72c23a71f957f5f97380492e1ede48b/execute/async - {"script":"<script> [1562 bytes]","args":[{"selector":{"id":"application-manageyards-display-component---NewYard--addressEditDetailsCostObjectCstType-arrow"},"wdio_ui5_key":"applicationmanageyards-display-component---NewYard--addressEditDetailsCostObjectCstType-arrow"}]}
COMMAND: GET /session/c72c23a71f957f5f97380492e1ede48b/screenshot - {}
RESULT: {"script":"<script> [1562 bytes]","args":[{"selector":{"id":"application-manageyards-display-component---NewYard--addressEditDetailsCostObjectCstType-arrow"},"wdio_ui5_key":"applicationmanageyards-display-component---NewYard--addressEditDetailsCostObjectCstType-arrow"}]}
RESULT: undefined
COMMAND: POST /session/c72c23a71f957f5f97380492e1ede48b/element - {"using":"xpath","value":"//*[@id=\"application-manageyards-display-component---NewYard--addressEditDetailsCostObjectCstType-arrow\"]"}
RESULT: {}
RESULT: {"using":"xpath","value":"//*[@id=\"application-manageyards-display-component---NewYard--addressEditDetailsCostObjectCstType-arrow\"]"}
COMMAND: POST /session/c72c23a71f957f5f97380492e1ede48b/element/f.9B2FD2DF9A9EBD12F39787CA2B3A3B3C.d.F187016BA9202BE32740C80190D790A8.e.736/click - {}
RESULT: {}
COMMAND: POST /session/c72c23a71f957f5f97380492e1ede48b/element - {"using":"xpath","value":"//span[contains(text(), \"Cost Center\")]"}
COMMAND: GET /session/c72c23a71f957f5f97380492e1ede48b/screenshot - {}
RESULT: {"using":"xpath","value":"//span[contains(text(), \"Cost Center\")]"}
COMMAND: POST /session/c72c23a71f957f5f97380492e1ede48b/element/f.9B2FD2DF9A9EBD12F39787CA2B3A3B3C.d.F187016BA9202BE32740C80190D790A8.e.737/click - {}
RESULT: {}
RESULT: {}
COMMAND: GET /session/c72c23a71f957f5f97380492e1ede48b/screenshot - {}
RESULT: {}
COMMAND: POST /session/c72c23a71f957f5f97380492e1ede48b/element - {"using":"xpath","value":"//span[@id=\"application-manageyards-display-component---NewYard--addressNewCostObjectCstID-vhi\"]"}
RESULT: {"using":"xpath","value":"//span[@id=\"application-manageyards-display-component---NewYard--addressNewCostObjectCstID-vhi\"]"}
COMMAND: POST /session/c72c23a71f957f5f97380492e1ede48b/execute/sync - {"script":"<script> [8489 bytes]","args":[{"element-6066-11e4-a52e-4f735466cecf":"f.9B2FD2DF9A9EBD12F39787CA2B3A3B3C.d.F187016BA9202BE32740C80190D790A8.e.741","ELEMENT":"f.9B2FD2DF9A9EBD12F39787CA2B3A3B3C.d.F187016BA9202BE32740C80190D790A8.e.741"}]}
RESULT: {"script":"<script> [8489 bytes]","args":[{"element-6066-11e4-a52e-4f735466cecf":"f.9B2FD2DF9A9EBD12F39787CA2B3A3B3C.d.F187016BA9202BE32740C80190D790A8.e.741","ELEMENT":"f.9B2FD2DF9A9EBD12F39787CA2B3A3B3C.d.F187016BA9202BE32740C80190D790A8.e.741"}]}
COMMAND: POST /session/c72c23a71f957f5f97380492e1ede48b/execute/async - {"script":"<script> [1562 bytes]","args":[{"selector":{"id":"application-manageyards-display-component---NewYard--addressNewCostObjectCstID-vhi"},"wdio_ui5_key":"applicationmanageyards-display-component---NewYard--addressNewCostObjectCstID-vhi"}]}
COMMAND: GET /session/c72c23a71f957f5f97380492e1ede48b/screenshot - {}
RESULT: {"script":"<script> [1562 bytes]","args":[{"selector":{"id":"application-manageyards-display-component---NewYard--addressNewCostObjectCstID-vhi"},"wdio_ui5_key":"applicationmanageyards-display-component---NewYard--addressNewCostObjectCstID-vhi"}]}
RESULT: undefined
COMMAND: POST /session/c72c23a71f957f5f97380492e1ede48b/element - {"using":"xpath","value":"//*[@id=\"application-manageyards-display-component---NewYard--addressNewCostObjectCstID-vhi\"]"}
RESULT: {}
RESULT: {"using":"xpath","value":"//*[@id=\"application-manageyards-display-component---NewYard--addressNewCostObjectCstID-vhi\"]"}
COMMAND: POST /session/c72c23a71f957f5f97380492e1ede48b/element/f.9B2FD2DF9A9EBD12F39787CA2B3A3B3C.d.F187016BA9202BE32740C80190D790A8.e.741/click - {}
RESULT: {}
COMMAND: GET /session/c72c23a71f957f5f97380492e1ede48b/screenshot - {}
RESULT: {}
COMMAND: POST /session/c72c23a71f957f5f97380492e1ede48b/execute/async - {"script":"<script> [1562 bytes]","args":[{"selector":{"controlType":"sap.m.SearchField","properties":{"placeholder":"Search"},"searchOpenDialogs":true,"interaction":{"idSuffix":"I"}},"wdio_ui5_key":"sapm.SearchField{\"placeholder\":\"Search\"}"}]}
RESULT: {"script":"<script> [1562 bytes]","args":[{"selector":{"controlType":"sap.m.SearchField","properties":{"placeholder":"Search"},"searchOpenDialogs":true,"interaction":{"idSuffix":"I"}},"wdio_ui5_key":"sapm.SearchField{\"placeholder\":\"Search\"}"}]}
RESULT: undefined
COMMAND: POST /session/c72c23a71f957f5f97380492e1ede48b/execute/async - {"script":"<script> [776 bytes]","args":[{"enterText":"bauh_b","selector":{"controlType":"sap.m.SearchField","properties":{"placeholder":"Search"},"searchOpenDialogs":true,"interaction":{"idSuffix":"I"}},"clearTextFirst":true,"interactionType":"ENTER_TEXT"}]}
RESULT: {"script":"<script> [776 bytes]","args":[{"enterText":"bauh_b","selector":{"controlType":"sap.m.SearchField","properties":{"placeholder":"Search"},"searchOpenDialogs":true,"interaction":{"idSuffix":"I"}},"clearTextFirst":true,"interactionType":"ENTER_TEXT"}]}
COMMAND: POST /session/c72c23a71f957f5f97380492e1ede48b/actions - {"actions":[{"id":"action1","type":"key","parameters":{},"actions":[{"type":"keyDown","value":""},{"type":"pause","duration":10},{"type":"keyUp","value":""}]}]}
RESULT: {"actions":[{"id":"action1","type":"key","parameters":{},"actions":[{"type":"keyDown","value":""},{"type":"pause","duration":10},{"type":"keyUp","value":""}]}]}
COMMAND: GET /session/c72c23a71f957f5f97380492e1ede48b/screenshot - {}
RESULT: {}
COMMAND: POST /session/c72c23a71f957f5f97380492e1ede48b/element - {"using":"xpath","value":"//span[contains(text(), \"Demo Yard\")]"}
RESULT: {"using":"xpath","value":"//span[contains(text(), \"Demo Yard\")]"}
COMMAND: POST /session/c72c23a71f957f5f97380492e1ede48b/element/f.9B2FD2DF9A9EBD12F39787CA2B3A3B3C.d.F187016BA9202BE32740C80190D790A8.e.783/click - {}
RESULT: {}
COMMAND: GET /session/c72c23a71f957f5f97380492e1ede48b/screenshot - {}
RESULT: {}
COMMAND: POST /session/c72c23a71f957f5f97380492e1ede48b/element - {"using":"xpath","value":"//bdi[contains(text(), \"OK\")]"}
RESULT: {"using":"xpath","value":"//bdi[contains(text(), \"OK\")]"}
COMMAND: POST /session/c72c23a71f957f5f97380492e1ede48b/element/f.9B2FD2DF9A9EBD12F39787CA2B3A3B3C.d.F187016BA9202BE32740C80190D790A8.e.784/click - {}
RESULT: {}
COMMAND: GET /session/c72c23a71f957f5f97380492e1ede48b/screenshot - {}
RESULT: {}
COMMAND: POST /session/c72c23a71f957f5f97380492e1ede48b/execute/async - {"script":"<script> [1562 bytes]","args":[{"selector":{"id":"application-manageyards-display-component---NewYard--addressEditDetailsCurrency-arrow"},"wdio_ui5_key":"applicationmanageyards-display-component---NewYard--addressEditDetailsCurrency-arrow"}]}
RESULT: {"script":"<script> [1562 bytes]","args":[{"selector":{"id":"application-manageyards-display-component---NewYard--addressEditDetailsCurrency-arrow"},"wdio_ui5_key":"applicationmanageyards-display-component---NewYard--addressEditDetailsCurrency-arrow"}]}
RESULT: undefined
COMMAND: POST /session/c72c23a71f957f5f97380492e1ede48b/element - {"using":"xpath","value":"//*[@id=\"application-manageyards-display-component---NewYard--addressEditDetailsCurrency-arrow\"]"}
RESULT: {"using":"xpath","value":"//*[@id=\"application-manageyards-display-component---NewYard--addressEditDetailsCurrency-arrow\"]"}
COMMAND: POST /session/c72c23a71f957f5f97380492e1ede48b/element/f.9B2FD2DF9A9EBD12F39787CA2B3A3B3C.d.F187016BA9202BE32740C80190D790A8.e.787/click - {}
RESULT: {}
COMMAND: POST /session/c72c23a71f957f5f97380492e1ede48b/element - {"using":"xpath","value":"//span[contains(text(), \"Euro\")]"}
COMMAND: GET /session/c72c23a71f957f5f97380492e1ede48b/screenshot - {}
RESULT: {"using":"xpath","value":"//span[contains(text(), \"Euro\")]"}
COMMAND: POST /session/c72c23a71f957f5f97380492e1ede48b/element/f.9B2FD2DF9A9EBD12F39787CA2B3A3B3C.d.F187016BA9202BE32740C80190D790A8.e.788/click - {}
RESULT: {}
RESULT: {}
COMMAND: POST /session/c72c23a71f957f5f97380492e1ede48b/execute/async - {"script":"<script> [1562 bytes]","args":[{"selector":{"controlType":"sap.m.Input","viewName":"etm.portal.ui.manageyards.view.New","viewId":"application-manageyards-display-component---NewYard","bindingPath":{"path":"","propertyPath":"/CONTROLLING_AREA","modelName":"NewYardModel"},"interaction":{"idSuffix":"inner"}},"wdio_ui5_key":"etmportal.ui.manageyards.view.Newsap.m.Input{\"path\":\"\",\"propertyPath\":\"/CONTROLLING_AREA\",\"modelName\":\"NewYardModel\"}"}]}
COMMAND: GET /session/c72c23a71f957f5f97380492e1ede48b/screenshot - {}
RESULT: {"script":"<script> [1562 bytes]","args":[{"selector":{"controlType":"sap.m.Input","viewName":"etm.portal.ui.manageyards.view.New","viewId":"application-manageyards-display-component---NewYard","bindingPath":{"path":"","propertyPath":"/CONTROLLING_AREA","modelName":"NewYardModel"},"interaction":{"idSuffix":"inner"}},"wdio_ui5_key":"etmportal.ui.manageyards.view.Newsap.m.Input{\"path\":\"\",\"propertyPath\":\"/CONTROLLING_AREA\",\"modelName\":\"NewYardModel\"}"}]}
RESULT: undefined
COMMAND: POST /session/c72c23a71f957f5f97380492e1ede48b/execute/async - {"script":"<script> [776 bytes]","args":[{"enterText":"Z001","selector":{"controlType":"sap.m.Input","viewName":"etm.portal.ui.manageyards.view.New","viewId":"application-manageyards-display-component---NewYard","bindingPath":{"path":"","propertyPath":"/CONTROLLING_AREA","modelName":"NewYardModel"},"interaction":{"idSuffix":"inner"}},"clearTextFirst":true,"interactionType":"ENTER_TEXT"}]}
RESULT: {}
RESULT: {"script":"<script> [776 bytes]","args":[{"enterText":"Z001","selector":{"controlType":"sap.m.Input","viewName":"etm.portal.ui.manageyards.view.New","viewId":"application-manageyards-display-component---NewYard","bindingPath":{"path":"","propertyPath":"/CONTROLLING_AREA","modelName":"NewYardModel"},"interaction":{"idSuffix":"inner"}},"clearTextFirst":true,"interactionType":"ENTER_TEXT"}]}
COMMAND: POST /session/c72c23a71f957f5f97380492e1ede48b/execute/async - {"script":"<script> [1562 bytes]","args":[{"selector":{"id":"application-manageyards-display-component---NewYard--companyCodeComboBox","interaction":{"idSuffix":"inner"}},"wdio_ui5_key":"applicationmanageyards-display-component---NewYard--companyCodeComboBox"}]}
RESULT: {"script":"<script> [1562 bytes]","args":[{"selector":{"id":"application-manageyards-display-component---NewYard--companyCodeComboBox","interaction":{"idSuffix":"inner"}},"wdio_ui5_key":"applicationmanageyards-display-component---NewYard--companyCodeComboBox"}]}
RESULT: undefined
COMMAND: POST /session/c72c23a71f957f5f97380492e1ede48b/execute/async - {"script":"<script> [776 bytes]","args":[{"enterText":"1000","selector":{"id":"application-manageyards-display-component---NewYard--companyCodeComboBox","interaction":{"idSuffix":"inner"}},"clearTextFirst":true,"interactionType":"ENTER_TEXT"}]}
RESULT: {"script":"<script> [776 bytes]","args":[{"enterText":"1000","selector":{"id":"application-manageyards-display-component---NewYard--companyCodeComboBox","interaction":{"idSuffix":"inner"}},"clearTextFirst":true,"interactionType":"ENTER_TEXT"}]}
COMMAND: POST /session/c72c23a71f957f5f97380492e1ede48b/execute/async - {"script":"<script> [1562 bytes]","args":[{"selector":{"controlType":"sap.m.Input","viewName":"etm.portal.ui.manageyards.view.New","viewId":"application-manageyards-display-component---NewYard","bindingPath":{"path":"","propertyPath":"/PLANT","modelName":"NewYardModel"},"interaction":{"idSuffix":"inner"}},"wdio_ui5_key":"etmportal.ui.manageyards.view.Newsap.m.Input{\"path\":\"\",\"propertyPath\":\"/PLANT\",\"modelName\":\"NewYardModel\"}"}]}
RESULT: {"script":"<script> [1562 bytes]","args":[{"selector":{"controlType":"sap.m.Input","viewName":"etm.portal.ui.manageyards.view.New","viewId":"application-manageyards-display-component---NewYard","bindingPath":{"path":"","propertyPath":"/PLANT","modelName":"NewYardModel"},"interaction":{"idSuffix":"inner"}},"wdio_ui5_key":"etmportal.ui.manageyards.view.Newsap.m.Input{\"path\":\"\",\"propertyPath\":\"/PLANT\",\"modelName\":\"NewYardModel\"}"}]}
RESULT: undefined
COMMAND: POST /session/c72c23a71f957f5f97380492e1ede48b/execute/async - {"script":"<script> [776 bytes]","args":[{"enterText":"1001","selector":{"controlType":"sap.m.Input","viewName":"etm.portal.ui.manageyards.view.New","viewId":"application-manageyards-display-component---NewYard","bindingPath":{"path":"","propertyPath":"/PLANT","modelName":"NewYardModel"},"interaction":{"idSuffix":"inner"}},"clearTextFirst":true,"interactionType":"ENTER_TEXT"}]}
RESULT: {"script":"<script> [776 bytes]","args":[{"enterText":"1001","selector":{"controlType":"sap.m.Input","viewName":"etm.portal.ui.manageyards.view.New","viewId":"application-manageyards-display-component---NewYard","bindingPath":{"path":"","propertyPath":"/PLANT","modelName":"NewYardModel"},"interaction":{"idSuffix":"inner"}},"clearTextFirst":true,"interactionType":"ENTER_TEXT"}]}
COMMAND: POST /session/c72c23a71f957f5f97380492e1ede48b/execute/async - {"script":"<script> [1562 bytes]","args":[{"selector":{"controlType":"sap.m.Input","viewName":"etm.portal.ui.manageyards.view.New","viewId":"application-manageyards-display-component---NewYard","bindingPath":{"path":"","propertyPath":"/SALES_AREA_VKORG","modelName":"NewYardModel"},"interaction":{"idSuffix":"inner"}},"wdio_ui5_key":"etmportal.ui.manageyards.view.Newsap.m.Input{\"path\":\"\",\"propertyPath\":\"/SALES_AREA_VKORG\",\"modelName\":\"NewYardModel\"}"}]}
RESULT: {"script":"<script> [1562 bytes]","args":[{"selector":{"controlType":"sap.m.Input","viewName":"etm.portal.ui.manageyards.view.New","viewId":"application-manageyards-display-component---NewYard","bindingPath":{"path":"","propertyPath":"/SALES_AREA_VKORG","modelName":"NewYardModel"},"interaction":{"idSuffix":"inner"}},"wdio_ui5_key":"etmportal.ui.manageyards.view.Newsap.m.Input{\"path\":\"\",\"propertyPath\":\"/SALES_AREA_VKORG\",\"modelName\":\"NewYardModel\"}"}]}
RESULT: undefined
COMMAND: POST /session/c72c23a71f957f5f97380492e1ede48b/execute/async - {"script":"<script> [776 bytes]","args":[{"enterText":"C002","selector":{"controlType":"sap.m.Input","viewName":"etm.portal.ui.manageyards.view.New","viewId":"application-manageyards-display-component---NewYard","bindingPath":{"path":"","propertyPath":"/SALES_AREA_VKORG","modelName":"NewYardModel"},"interaction":{"idSuffix":"inner"}},"clearTextFirst":true,"interactionType":"ENTER_TEXT"}]}
RESULT: {"script":"<script> [776 bytes]","args":[{"enterText":"C002","selector":{"controlType":"sap.m.Input","viewName":"etm.portal.ui.manageyards.view.New","viewId":"application-manageyards-display-component---NewYard","bindingPath":{"path":"","propertyPath":"/SALES_AREA_VKORG","modelName":"NewYardModel"},"interaction":{"idSuffix":"inner"}},"clearTextFirst":true,"interactionType":"ENTER_TEXT"}]}
COMMAND: POST /session/c72c23a71f957f5f97380492e1ede48b/execute/async - {"script":"<script> [1562 bytes]","args":[{"selector":{"controlType":"sap.m.Input","viewName":"etm.portal.ui.manageyards.view.New","viewId":"application-manageyards-display-component---NewYard","bindingPath":{"path":"","propertyPath":"/SALES_AREA_VTWEG","modelName":"NewYardModel"},"interaction":{"idSuffix":"inner"}},"wdio_ui5_key":"etmportal.ui.manageyards.view.Newsap.m.Input{\"path\":\"\",\"propertyPath\":\"/SALES_AREA_VTWEG\",\"modelName\":\"NewYardModel\"}"}]}
RESULT: {"script":"<script> [1562 bytes]","args":[{"selector":{"controlType":"sap.m.Input","viewName":"etm.portal.ui.manageyards.view.New","viewId":"application-manageyards-display-component---NewYard","bindingPath":{"path":"","propertyPath":"/SALES_AREA_VTWEG","modelName":"NewYardModel"},"interaction":{"idSuffix":"inner"}},"wdio_ui5_key":"etmportal.ui.manageyards.view.Newsap.m.Input{\"path\":\"\",\"propertyPath\":\"/SALES_AREA_VTWEG\",\"modelName\":\"NewYardModel\"}"}]}
RESULT: undefined
COMMAND: POST /session/c72c23a71f957f5f97380492e1ede48b/execute/async - {"script":"<script> [776 bytes]","args":[{"enterText":"C2","selector":{"controlType":"sap.m.Input","viewName":"etm.portal.ui.manageyards.view.New","viewId":"application-manageyards-display-component---NewYard","bindingPath":{"path":"","propertyPath":"/SALES_AREA_VTWEG","modelName":"NewYardModel"},"interaction":{"idSuffix":"inner"}},"clearTextFirst":true,"interactionType":"ENTER_TEXT"}]}
RESULT: {"script":"<script> [776 bytes]","args":[{"enterText":"C2","selector":{"controlType":"sap.m.Input","viewName":"etm.portal.ui.manageyards.view.New","viewId":"application-manageyards-display-component---NewYard","bindingPath":{"path":"","propertyPath":"/SALES_AREA_VTWEG","modelName":"NewYardModel"},"interaction":{"idSuffix":"inner"}},"clearTextFirst":true,"interactionType":"ENTER_TEXT"}]}
COMMAND: POST /session/c72c23a71f957f5f97380492e1ede48b/execute/async - {"script":"<script> [1562 bytes]","args":[{"selector":{"controlType":"sap.m.Input","viewName":"etm.portal.ui.manageyards.view.New","viewId":"application-manageyards-display-component---NewYard","bindingPath":{"path":"","propertyPath":"/SALES_AREA_SPART","modelName":"NewYardModel"},"interaction":{"idSuffix":"inner"}},"wdio_ui5_key":"etmportal.ui.manageyards.view.Newsap.m.Input{\"path\":\"\",\"propertyPath\":\"/SALES_AREA_SPART\",\"modelName\":\"NewYardModel\"}"}]}
RESULT: {"script":"<script> [1562 bytes]","args":[{"selector":{"controlType":"sap.m.Input","viewName":"etm.portal.ui.manageyards.view.New","viewId":"application-manageyards-display-component---NewYard","bindingPath":{"path":"","propertyPath":"/SALES_AREA_SPART","modelName":"NewYardModel"},"interaction":{"idSuffix":"inner"}},"wdio_ui5_key":"etmportal.ui.manageyards.view.Newsap.m.Input{\"path\":\"\",\"propertyPath\":\"/SALES_AREA_SPART\",\"modelName\":\"NewYardModel\"}"}]}
RESULT: undefined
COMMAND: POST /session/c72c23a71f957f5f97380492e1ede48b/execute/async - {"script":"<script> [776 bytes]","args":[{"enterText":"C2","selector":{"controlType":"sap.m.Input","viewName":"etm.portal.ui.manageyards.view.New","viewId":"application-manageyards-display-component---NewYard","bindingPath":{"path":"","propertyPath":"/SALES_AREA_SPART","modelName":"NewYardModel"},"interaction":{"idSuffix":"inner"}},"clearTextFirst":true,"interactionType":"ENTER_TEXT"}]}
RESULT: {"script":"<script> [776 bytes]","args":[{"enterText":"C2","selector":{"controlType":"sap.m.Input","viewName":"etm.portal.ui.manageyards.view.New","viewId":"application-manageyards-display-component---NewYard","bindingPath":{"path":"","propertyPath":"/SALES_AREA_SPART","modelName":"NewYardModel"},"interaction":{"idSuffix":"inner"}},"clearTextFirst":true,"interactionType":"ENTER_TEXT"}]}
COMMAND: POST /session/c72c23a71f957f5f97380492e1ede48b/execute/async - {"script":"<script> [1562 bytes]","args":[{"selector":{"controlType":"sap.m.Input","viewName":"etm.portal.ui.manageyards.view.New","viewId":"application-manageyards-display-component---NewYard","bindingPath":{"path":"","propertyPath":"/SHIP_POINT","modelName":"NewYardModel"},"interaction":{"idSuffix":"inner"}},"wdio_ui5_key":"etmportal.ui.manageyards.view.Newsap.m.Input{\"path\":\"\",\"propertyPath\":\"/SHIP_POINT\",\"modelName\":\"NewYardModel\"}"}]}
RESULT: {"script":"<script> [1562 bytes]","args":[{"selector":{"controlType":"sap.m.Input","viewName":"etm.portal.ui.manageyards.view.New","viewId":"application-manageyards-display-component---NewYard","bindingPath":{"path":"","propertyPath":"/SHIP_POINT","modelName":"NewYardModel"},"interaction":{"idSuffix":"inner"}},"wdio_ui5_key":"etmportal.ui.manageyards.view.Newsap.m.Input{\"path\":\"\",\"propertyPath\":\"/SHIP_POINT\",\"modelName\":\"NewYardModel\"}"}]}
RESULT: undefined
COMMAND: POST /session/c72c23a71f957f5f97380492e1ede48b/execute/async - {"script":"<script> [776 bytes]","args":[{"enterText":"1710","selector":{"controlType":"sap.m.Input","viewName":"etm.portal.ui.manageyards.view.New","viewId":"application-manageyards-display-component---NewYard","bindingPath":{"path":"","propertyPath":"/SHIP_POINT","modelName":"NewYardModel"},"interaction":{"idSuffix":"inner"}},"clearTextFirst":true,"interactionType":"ENTER_TEXT"}]}
RESULT: {"script":"<script> [776 bytes]","args":[{"enterText":"1710","selector":{"controlType":"sap.m.Input","viewName":"etm.portal.ui.manageyards.view.New","viewId":"application-manageyards-display-component---NewYard","bindingPath":{"path":"","propertyPath":"/SHIP_POINT","modelName":"NewYardModel"},"interaction":{"idSuffix":"inner"}},"clearTextFirst":true,"interactionType":"ENTER_TEXT"}]}
COMMAND: POST /session/c72c23a71f957f5f97380492e1ede48b/execute/async - {"script":"<script> [1562 bytes]","args":[{"selector":{"controlType":"sap.m.Input","viewName":"etm.portal.ui.manageyards.view.New","viewId":"application-manageyards-display-component---NewYard","bindingPath":{"path":"","propertyPath":"/DELIVERY_TYPE","modelName":"NewYardModel"},"interaction":{"idSuffix":"inner"}},"wdio_ui5_key":"etmportal.ui.manageyards.view.Newsap.m.Input{\"path\":\"\",\"propertyPath\":\"/DELIVERY_TYPE\",\"modelName\":\"NewYardModel\"}"}]}
RESULT: {"script":"<script> [1562 bytes]","args":[{"selector":{"controlType":"sap.m.Input","viewName":"etm.portal.ui.manageyards.view.New","viewId":"application-manageyards-display-component---NewYard","bindingPath":{"path":"","propertyPath":"/DELIVERY_TYPE","modelName":"NewYardModel"},"interaction":{"idSuffix":"inner"}},"wdio_ui5_key":"etmportal.ui.manageyards.view.Newsap.m.Input{\"path\":\"\",\"propertyPath\":\"/DELIVERY_TYPE\",\"modelName\":\"NewYardModel\"}"}]}
RESULT: undefined
COMMAND: POST /session/c72c23a71f957f5f97380492e1ede48b/execute/async - {"script":"<script> [776 bytes]","args":[{"enterText":"ZL01","selector":{"controlType":"sap.m.Input","viewName":"etm.portal.ui.manageyards.view.New","viewId":"application-manageyards-display-component---NewYard","bindingPath":{"path":"","propertyPath":"/DELIVERY_TYPE","modelName":"NewYardModel"},"interaction":{"idSuffix":"inner"}},"clearTextFirst":true,"interactionType":"ENTER_TEXT"}]}
RESULT: {"script":"<script> [776 bytes]","args":[{"enterText":"ZL01","selector":{"controlType":"sap.m.Input","viewName":"etm.portal.ui.manageyards.view.New","viewId":"application-manageyards-display-component---NewYard","bindingPath":{"path":"","propertyPath":"/DELIVERY_TYPE","modelName":"NewYardModel"},"interaction":{"idSuffix":"inner"}},"clearTextFirst":true,"interactionType":"ENTER_TEXT"}]}
COMMAND: POST /session/c72c23a71f957f5f97380492e1ede48b/execute/async - {"script":"<script> [1562 bytes]","args":[{"selector":{"controlType":"sap.m.Input","viewName":"etm.portal.ui.manageyards.view.New","viewId":"application-manageyards-display-component---NewYard","bindingPath":{"path":"","propertyPath":"/AUART","modelName":"NewYardModel"},"interaction":{"idSuffix":"inner"}},"wdio_ui5_key":"etmportal.ui.manageyards.view.Newsap.m.Input{\"path\":\"\",\"propertyPath\":\"/AUART\",\"modelName\":\"NewYardModel\"}"}]}
RESULT: {"script":"<script> [1562 bytes]","args":[{"selector":{"controlType":"sap.m.Input","viewName":"etm.portal.ui.manageyards.view.New","viewId":"application-manageyards-display-component---NewYard","bindingPath":{"path":"","propertyPath":"/AUART","modelName":"NewYardModel"},"interaction":{"idSuffix":"inner"}},"wdio_ui5_key":"etmportal.ui.manageyards.view.Newsap.m.Input{\"path\":\"\",\"propertyPath\":\"/AUART\",\"modelName\":\"NewYardModel\"}"}]}
RESULT: undefined
COMMAND: POST /session/c72c23a71f957f5f97380492e1ede48b/execute/async - {"script":"<script> [776 bytes]","args":[{"enterText":"TA","selector":{"controlType":"sap.m.Input","viewName":"etm.portal.ui.manageyards.view.New","viewId":"application-manageyards-display-component---NewYard","bindingPath":{"path":"","propertyPath":"/AUART","modelName":"NewYardModel"},"interaction":{"idSuffix":"inner"}},"clearTextFirst":true,"interactionType":"ENTER_TEXT"}]}
RESULT: {"script":"<script> [776 bytes]","args":[{"enterText":"TA","selector":{"controlType":"sap.m.Input","viewName":"etm.portal.ui.manageyards.view.New","viewId":"application-manageyards-display-component---NewYard","bindingPath":{"path":"","propertyPath":"/AUART","modelName":"NewYardModel"},"interaction":{"idSuffix":"inner"}},"clearTextFirst":true,"interactionType":"ENTER_TEXT"}]}
COMMAND: POST /session/c72c23a71f957f5f97380492e1ede48b/element - {"using":"xpath","value":"//button[@data-kt=\"newYardSaveButton\"]"}
RESULT: {"using":"xpath","value":"//button[@data-kt=\"newYardSaveButton\"]"}
COMMAND: POST /session/c72c23a71f957f5f97380492e1ede48b/element/f.9B2FD2DF9A9EBD12F39787CA2B3A3B3C.d.F187016BA9202BE32740C80190D790A8.e.714/click - {}
RESULT: {}
COMMAND: GET /session/c72c23a71f957f5f97380492e1ede48b/screenshot - {}
RESULT: {}
COMMAND: POST /session/c72c23a71f957f5f97380492e1ede48b/element - {"using":"xpath","value":"//header[contains(@id, 'ObjectPageLayout-headerTitle')]/div[1]/div[2]/div[1]/span[1]"}
RESULT: {"using":"xpath","value":"//header[contains(@id, 'ObjectPageLayout-headerTitle')]/div[1]/div[2]/div[1]/span[1]"}
COMMAND: POST /session/c72c23a71f957f5f97380492e1ede48b/elements - {"using":"xpath","value":"//header[contains(@id, 'ObjectPageLayout-headerTitle')]/div[1]/div[2]/div[1]/span[1]"}
RESULT: {"using":"xpath","value":"//header[contains(@id, 'ObjectPageLayout-headerTitle')]/div[1]/div[2]/div[1]/span[1]"}
COMMAND: POST /session/c72c23a71f957f5f97380492e1ede48b/execute/sync - {"script":"<script> [56 bytes]","args":[{"element-6066-11e4-a52e-4f735466cecf":"f.9B2FD2DF9A9EBD12F39787CA2B3A3B3C.d.F187016BA9202BE32740C80190D790A8.e.1005","ELEMENT":"f.9B2FD2DF9A9EBD12F39787CA2B3A3B3C.d.F187016BA9202BE32740C80190D790A8.e.1005"}]}
RESULT: {"script":"<script> [56 bytes]","args":[{"element-6066-11e4-a52e-4f735466cecf":"f.9B2FD2DF9A9EBD12F39787CA2B3A3B3C.d.F187016BA9202BE32740C80190D790A8.e.1005","ELEMENT":"f.9B2FD2DF9A9EBD12F39787CA2B3A3B3C.d.F187016BA9202BE32740C80190D790A8.e.1005"}]}
COMMAND: GET /session/c72c23a71f957f5f97380492e1ede48b/screenshot - {}
RESULT: {}
COMMAND: POST /session/c72c23a71f957f5f97380492e1ede48b/element - {"using":"css selector","value":"#shell-header-logo"}
RESULT: {"using":"css selector","value":"#shell-header-logo"}
COMMAND: POST /session/c72c23a71f957f5f97380492e1ede48b/element/f.9B2FD2DF9A9EBD12F39787CA2B3A3B3C.d.F187016BA9202BE32740C80190D790A8.e.258/click - {}
RESULT: {}
COMMAND: GET /session/c72c23a71f957f5f97380492e1ede48b/screenshot - {}
RESULT: {}
COMMAND: POST /session/c72c23a71f957f5f97380492e1ede48b/execute/sync - {"script":"<script> [299 bytes]","args":[["getModel","getResource"]]}
RESULT: {"script":"<script> [299 bytes]","args":[["getModel","getResource"]]}
]]></system-out>
    </testcase>
    <testcase classname="chrome.136_0_7103_93.windows.Partner_specific_tests_US150819_US151080_US151654_US151176_US103444_US151078_US151079_US151109_US151174_US151175_US151189" name="Should create new external partner US150819" time="101.609">
      <system-out><![CDATA[
COMMAND: GET /session/c72c23a71f957f5f97380492e1ede48b/screenshot - {}
COMMAND: POST /session/c72c23a71f957f5f97380492e1ede48b/element - {"using":"xpath","value":"//li[.//span[text()=\"Manage Partners\"]]"}
RESULT: {"using":"xpath","value":"//li[.//span[text()=\"Manage Partners\"]]"}
COMMAND: POST /session/c72c23a71f957f5f97380492e1ede48b/element - {"using":"xpath","value":"//li[.//span[text()=\"Manage Partners\"]]"}
RESULT: {}
RESULT: {"using":"xpath","value":"//li[.//span[text()=\"Manage Partners\"]]"}
COMMAND: POST /session/c72c23a71f957f5f97380492e1ede48b/element - {"using":"css selector","value":"#shell-header-logo"}
RESULT: {"using":"css selector","value":"#shell-header-logo"}
COMMAND: POST /session/c72c23a71f957f5f97380492e1ede48b/element/f.9B2FD2DF9A9EBD12F39787CA2B3A3B3C.d.F187016BA9202BE32740C80190D790A8.e.1007/click - {}
COMMAND: POST /session/c72c23a71f957f5f97380492e1ede48b/execute/sync - {"script":"<script> [8489 bytes]","args":[{"element-6066-11e4-a52e-4f735466cecf":"f.9B2FD2DF9A9EBD12F39787CA2B3A3B3C.d.F187016BA9202BE32740C80190D790A8.e.1007","ELEMENT":"f.9B2FD2DF9A9EBD12F39787CA2B3A3B3C.d.F187016BA9202BE32740C80190D790A8.e.1007"}]}
RESULT: {"script":"<script> [8489 bytes]","args":[{"element-6066-11e4-a52e-4f735466cecf":"f.9B2FD2DF9A9EBD12F39787CA2B3A3B3C.d.F187016BA9202BE32740C80190D790A8.e.1007","ELEMENT":"f.9B2FD2DF9A9EBD12F39787CA2B3A3B3C.d.F187016BA9202BE32740C80190D790A8.e.1007"}]}
COMMAND: POST /session/c72c23a71f957f5f97380492e1ede48b/execute/sync - {"script":"<script> [5351 bytes]","args":[{"element-6066-11e4-a52e-4f735466cecf":"f.9B2FD2DF9A9EBD12F39787CA2B3A3B3C.d.F187016BA9202BE32740C80190D790A8.e.1007","ELEMENT":"f.9B2FD2DF9A9EBD12F39787CA2B3A3B3C.d.F187016BA9202BE32740C80190D790A8.e.1007"}]}
COMMAND: GET /session/c72c23a71f957f5f97380492e1ede48b/screenshot - {}
RESULT: {}
COMMAND: GET /session/c72c23a71f957f5f97380492e1ede48b/screenshot - {}
RESULT: {"script":"<script> [5351 bytes]","args":[{"element-6066-11e4-a52e-4f735466cecf":"f.9B2FD2DF9A9EBD12F39787CA2B3A3B3C.d.F187016BA9202BE32740C80190D790A8.e.1007","ELEMENT":"f.9B2FD2DF9A9EBD12F39787CA2B3A3B3C.d.F187016BA9202BE32740C80190D790A8.e.1007"}]}
COMMAND: GET /session/c72c23a71f957f5f97380492e1ede48b/screenshot - {}
RESULT: {}
RESULT: {}
RESULT: {}
COMMAND: POST /session/c72c23a71f957f5f97380492e1ede48b/window/fullscreen - {}
RESULT: {}
COMMAND: POST /session/c72c23a71f957f5f97380492e1ede48b/execute/async - {"script":"<script> [1562 bytes]","args":[{"selector":{"controlType":"sap.m.GenericTile","properties":{"header":"Manage Partners"}},"wdio_ui5_key":"sapm.GenericTile{\"header\":\"Manage Partners\"}"}]}
RESULT: {"script":"<script> [1562 bytes]","args":[{"selector":{"controlType":"sap.m.GenericTile","properties":{"header":"Manage Partners"}},"wdio_ui5_key":"sapm.GenericTile{\"header\":\"Manage Partners\"}"}]}
RESULT: undefined
COMMAND: POST /session/c72c23a71f957f5f97380492e1ede48b/element - {"using":"xpath","value":"//*[@id=\"__tile38\"]"}
RESULT: {"using":"xpath","value":"//*[@id=\"__tile38\"]"}
COMMAND: POST /session/c72c23a71f957f5f97380492e1ede48b/element/f.9B2FD2DF9A9EBD12F39787CA2B3A3B3C.d.F187016BA9202BE32740C80190D790A8.e.146/click - {}
RESULT: {}
COMMAND: GET /session/c72c23a71f957f5f97380492e1ede48b/screenshot - {}
RESULT: {}
COMMAND: POST /session/c72c23a71f957f5f97380492e1ede48b/elements - {"using":"xpath","value":"//span[text()='Error']"}
RESULT: {"using":"xpath","value":"//span[text()='Error']"}
COMMAND: POST /session/c72c23a71f957f5f97380492e1ede48b/element - {"using":"xpath","value":"//button[@data-kt=\"addButton\"]"}
RESULT: {"using":"xpath","value":"//button[@data-kt=\"addButton\"]"}
COMMAND: POST /session/c72c23a71f957f5f97380492e1ede48b/elements - {"using":"xpath","value":"//button[@data-kt=\"addButton\"]"}
RESULT: {"using":"xpath","value":"//button[@data-kt=\"addButton\"]"}
COMMAND: POST /session/c72c23a71f957f5f97380492e1ede48b/execute/sync - {"script":"<script> [8489 bytes]","args":[{"element-6066-11e4-a52e-4f735466cecf":"f.9B2FD2DF9A9EBD12F39787CA2B3A3B3C.d.F187016BA9202BE32740C80190D790A8.e.1054","ELEMENT":"f.9B2FD2DF9A9EBD12F39787CA2B3A3B3C.d.F187016BA9202BE32740C80190D790A8.e.1054"}]}
RESULT: {"script":"<script> [8489 bytes]","args":[{"element-6066-11e4-a52e-4f735466cecf":"f.9B2FD2DF9A9EBD12F39787CA2B3A3B3C.d.F187016BA9202BE32740C80190D790A8.e.1054","ELEMENT":"f.9B2FD2DF9A9EBD12F39787CA2B3A3B3C.d.F187016BA9202BE32740C80190D790A8.e.1054"}]}
COMMAND: GET /session/c72c23a71f957f5f97380492e1ede48b/element/f.9B2FD2DF9A9EBD12F39787CA2B3A3B3C.d.F187016BA9202BE32740C80190D790A8.e.1054/enabled - {}
COMMAND: GET /session/c72c23a71f957f5f97380492e1ede48b/screenshot - {}
RESULT: {}
COMMAND: POST /session/c72c23a71f957f5f97380492e1ede48b/execute/sync - {"script":"<script> [8489 bytes]","args":[{"element-6066-11e4-a52e-4f735466cecf":"f.9B2FD2DF9A9EBD12F39787CA2B3A3B3C.d.F187016BA9202BE32740C80190D790A8.e.1054","ELEMENT":"f.9B2FD2DF9A9EBD12F39787CA2B3A3B3C.d.F187016BA9202BE32740C80190D790A8.e.1054"}]}
COMMAND: GET /session/c72c23a71f957f5f97380492e1ede48b/screenshot - {}
RESULT: {}
RESULT: {"script":"<script> [8489 bytes]","args":[{"element-6066-11e4-a52e-4f735466cecf":"f.9B2FD2DF9A9EBD12F39787CA2B3A3B3C.d.F187016BA9202BE32740C80190D790A8.e.1054","ELEMENT":"f.9B2FD2DF9A9EBD12F39787CA2B3A3B3C.d.F187016BA9202BE32740C80190D790A8.e.1054"}]}
COMMAND: POST /session/c72c23a71f957f5f97380492e1ede48b/execute/sync - {"script":"<script> [5351 bytes]","args":[{"element-6066-11e4-a52e-4f735466cecf":"f.9B2FD2DF9A9EBD12F39787CA2B3A3B3C.d.F187016BA9202BE32740C80190D790A8.e.1054","ELEMENT":"f.9B2FD2DF9A9EBD12F39787CA2B3A3B3C.d.F187016BA9202BE32740C80190D790A8.e.1054"}]}
COMMAND: GET /session/c72c23a71f957f5f97380492e1ede48b/screenshot - {}
RESULT: {}
RESULT: {"script":"<script> [5351 bytes]","args":[{"element-6066-11e4-a52e-4f735466cecf":"f.9B2FD2DF9A9EBD12F39787CA2B3A3B3C.d.F187016BA9202BE32740C80190D790A8.e.1054","ELEMENT":"f.9B2FD2DF9A9EBD12F39787CA2B3A3B3C.d.F187016BA9202BE32740C80190D790A8.e.1054"}]}
COMMAND: POST /session/c72c23a71f957f5f97380492e1ede48b/element/f.9B2FD2DF9A9EBD12F39787CA2B3A3B3C.d.F187016BA9202BE32740C80190D790A8.e.1054/click - {}
COMMAND: GET /session/c72c23a71f957f5f97380492e1ede48b/screenshot - {}
RESULT: {}
RESULT: {}
COMMAND: GET /session/c72c23a71f957f5f97380492e1ede48b/screenshot - {}
COMMAND: POST /session/c72c23a71f957f5f97380492e1ede48b/execute/async - {"script":"<script> [1562 bytes]","args":[{"selector":{"id":"application-managepartners-display-component---NewPartner--addressDetailDetailsName1","interaction":{"idSuffix":"inner"}},"wdio_ui5_key":"applicationmanagepartners-display-component---NewPartner--addressDetailDetailsName1"}]}
RESULT: {}
RESULT: {}
RESULT: {"script":"<script> [1562 bytes]","args":[{"selector":{"id":"application-managepartners-display-component---NewPartner--addressDetailDetailsName1","interaction":{"idSuffix":"inner"}},"wdio_ui5_key":"applicationmanagepartners-display-component---NewPartner--addressDetailDetailsName1"}]}
RESULT: undefined
COMMAND: POST /session/c72c23a71f957f5f97380492e1ede48b/execute/async - {"script":"<script> [776 bytes]","args":[{"enterText":"External Partner WDIO","selector":{"id":"application-managepartners-display-component---NewPartner--addressDetailDetailsName1","interaction":{"idSuffix":"inner"}},"clearTextFirst":true,"interactionType":"ENTER_TEXT"}]}
RESULT: {"script":"<script> [776 bytes]","args":[{"enterText":"External Partner WDIO","selector":{"id":"application-managepartners-display-component---NewPartner--addressDetailDetailsName1","interaction":{"idSuffix":"inner"}},"clearTextFirst":true,"interactionType":"ENTER_TEXT"}]}
COMMAND: POST /session/c72c23a71f957f5f97380492e1ede48b/execute/async - {"script":"<script> [1562 bytes]","args":[{"selector":{"id":"application-managepartners-display-component---NewPartner--addressDetailDetailsLanguage-arrow"},"wdio_ui5_key":"applicationmanagepartners-display-component---NewPartner--addressDetailDetailsLanguage-arrow"}]}
RESULT: {"script":"<script> [1562 bytes]","args":[{"selector":{"id":"application-managepartners-display-component---NewPartner--addressDetailDetailsLanguage-arrow"},"wdio_ui5_key":"applicationmanagepartners-display-component---NewPartner--addressDetailDetailsLanguage-arrow"}]}
RESULT: undefined
COMMAND: POST /session/c72c23a71f957f5f97380492e1ede48b/element - {"using":"xpath","value":"//*[@id=\"application-managepartners-display-component---NewPartner--addressDetailDetailsLanguage-arrow\"]"}
RESULT: {"using":"xpath","value":"//*[@id=\"application-managepartners-display-component---NewPartner--addressDetailDetailsLanguage-arrow\"]"}
COMMAND: POST /session/c72c23a71f957f5f97380492e1ede48b/element/f.9B2FD2DF9A9EBD12F39787CA2B3A3B3C.d.F187016BA9202BE32740C80190D790A8.e.1500/click - {}
RESULT: {}
COMMAND: POST /session/c72c23a71f957f5f97380492e1ede48b/element - {"using":"xpath","value":"//span[contains(text(), \"English\")]"}
COMMAND: GET /session/c72c23a71f957f5f97380492e1ede48b/screenshot - {}
RESULT: {"using":"xpath","value":"//span[contains(text(), \"English\")]"}
COMMAND: POST /session/c72c23a71f957f5f97380492e1ede48b/element/f.9B2FD2DF9A9EBD12F39787CA2B3A3B3C.d.F187016BA9202BE32740C80190D790A8.e.1501/click - {}
RESULT: {}
RESULT: {}
COMMAND: GET /session/c72c23a71f957f5f97380492e1ede48b/screenshot - {}
RESULT: {}
COMMAND: POST /session/c72c23a71f957f5f97380492e1ede48b/execute/async - {"script":"<script> [1562 bytes]","args":[{"selector":{"id":"application-managepartners-display-component---NewPartner--addressDetailDetailsCity1","interaction":{"idSuffix":"inner"}},"wdio_ui5_key":"applicationmanagepartners-display-component---NewPartner--addressDetailDetailsCity1"}]}
RESULT: {"script":"<script> [1562 bytes]","args":[{"selector":{"id":"application-managepartners-display-component---NewPartner--addressDetailDetailsCity1","interaction":{"idSuffix":"inner"}},"wdio_ui5_key":"applicationmanagepartners-display-component---NewPartner--addressDetailDetailsCity1"}]}
RESULT: undefined
COMMAND: POST /session/c72c23a71f957f5f97380492e1ede48b/execute/async - {"script":"<script> [776 bytes]","args":[{"enterText":"Rosario","selector":{"id":"application-managepartners-display-component---NewPartner--addressDetailDetailsCity1","interaction":{"idSuffix":"inner"}},"clearTextFirst":true,"interactionType":"ENTER_TEXT"}]}
RESULT: {"script":"<script> [776 bytes]","args":[{"enterText":"Rosario","selector":{"id":"application-managepartners-display-component---NewPartner--addressDetailDetailsCity1","interaction":{"idSuffix":"inner"}},"clearTextFirst":true,"interactionType":"ENTER_TEXT"}]}
COMMAND: POST /session/c72c23a71f957f5f97380492e1ede48b/execute/async - {"script":"<script> [1562 bytes]","args":[{"selector":{"id":"application-managepartners-display-component---NewPartner--addressDetailDetailsCountry-arrow"},"wdio_ui5_key":"applicationmanagepartners-display-component---NewPartner--addressDetailDetailsCountry-arrow"}]}
RESULT: {"script":"<script> [1562 bytes]","args":[{"selector":{"id":"application-managepartners-display-component---NewPartner--addressDetailDetailsCountry-arrow"},"wdio_ui5_key":"applicationmanagepartners-display-component---NewPartner--addressDetailDetailsCountry-arrow"}]}
RESULT: undefined
COMMAND: POST /session/c72c23a71f957f5f97380492e1ede48b/element - {"using":"xpath","value":"//*[@id=\"application-managepartners-display-component---NewPartner--addressDetailDetailsCountry-arrow\"]"}
RESULT: {"using":"xpath","value":"//*[@id=\"application-managepartners-display-component---NewPartner--addressDetailDetailsCountry-arrow\"]"}
COMMAND: POST /session/c72c23a71f957f5f97380492e1ede48b/element/f.9B2FD2DF9A9EBD12F39787CA2B3A3B3C.d.F187016BA9202BE32740C80190D790A8.e.1487/click - {}
RESULT: {}
COMMAND: POST /session/c72c23a71f957f5f97380492e1ede48b/element - {"using":"xpath","value":"//span[contains(text(), \"Argentina\")]"}
COMMAND: GET /session/c72c23a71f957f5f97380492e1ede48b/screenshot - {}
RESULT: {"using":"xpath","value":"//span[contains(text(), \"Argentina\")]"}
COMMAND: POST /session/c72c23a71f957f5f97380492e1ede48b/element/f.9B2FD2DF9A9EBD12F39787CA2B3A3B3C.d.F187016BA9202BE32740C80190D790A8.e.1503/click - {}
RESULT: {}
RESULT: {}
COMMAND: GET /session/c72c23a71f957f5f97380492e1ede48b/screenshot - {}
RESULT: {}
COMMAND: POST /session/c72c23a71f957f5f97380492e1ede48b/element - {"using":"xpath","value":"//bdi[contains(text(), \"Commercial\")]"}
RESULT: {"using":"xpath","value":"//bdi[contains(text(), \"Commercial\")]"}
COMMAND: POST /session/c72c23a71f957f5f97380492e1ede48b/element/f.9B2FD2DF9A9EBD12F39787CA2B3A3B3C.d.F187016BA9202BE32740C80190D790A8.e.1504/click - {}
RESULT: {}
COMMAND: GET /session/c72c23a71f957f5f97380492e1ede48b/screenshot - {}
RESULT: {}
COMMAND: POST /session/c72c23a71f957f5f97380492e1ede48b/execute/async - {"script":"<script> [1562 bytes]","args":[{"selector":{"id":"application-managepartners-display-component---NewPartner--partnerDetailInternal-arrow"},"wdio_ui5_key":"applicationmanagepartners-display-component---NewPartner--partnerDetailInternal-arrow"}]}
RESULT: {"script":"<script> [1562 bytes]","args":[{"selector":{"id":"application-managepartners-display-component---NewPartner--partnerDetailInternal-arrow"},"wdio_ui5_key":"applicationmanagepartners-display-component---NewPartner--partnerDetailInternal-arrow"}]}
RESULT: undefined
COMMAND: POST /session/c72c23a71f957f5f97380492e1ede48b/element - {"using":"xpath","value":"//*[@id=\"application-managepartners-display-component---NewPartner--partnerDetailInternal-arrow\"]"}
RESULT: {"using":"xpath","value":"//*[@id=\"application-managepartners-display-component---NewPartner--partnerDetailInternal-arrow\"]"}
COMMAND: POST /session/c72c23a71f957f5f97380492e1ede48b/element/f.9B2FD2DF9A9EBD12F39787CA2B3A3B3C.d.F187016BA9202BE32740C80190D790A8.e.1510/click - {}
RESULT: {}
COMMAND: POST /session/c72c23a71f957f5f97380492e1ede48b/element - {"using":"xpath","value":"//span[contains(text(), \"External partner\")]"}
COMMAND: GET /session/c72c23a71f957f5f97380492e1ede48b/screenshot - {}
RESULT: {"using":"xpath","value":"//span[contains(text(), \"External partner\")]"}
COMMAND: POST /session/c72c23a71f957f5f97380492e1ede48b/element/f.9B2FD2DF9A9EBD12F39787CA2B3A3B3C.d.F187016BA9202BE32740C80190D790A8.e.1513/click - {}
RESULT: {}
RESULT: {}
COMMAND: POST /session/c72c23a71f957f5f97380492e1ede48b/execute/async - {"script":"<script> [1562 bytes]","args":[{"selector":{"id":"application-managepartners-display-component---NewPartner--partnerDetailsCurrency-arrow"},"wdio_ui5_key":"applicationmanagepartners-display-component---NewPartner--partnerDetailsCurrency-arrow"}]}
COMMAND: GET /session/c72c23a71f957f5f97380492e1ede48b/screenshot - {}
RESULT: {"script":"<script> [1562 bytes]","args":[{"selector":{"id":"application-managepartners-display-component---NewPartner--partnerDetailsCurrency-arrow"},"wdio_ui5_key":"applicationmanagepartners-display-component---NewPartner--partnerDetailsCurrency-arrow"}]}
RESULT: undefined
COMMAND: POST /session/c72c23a71f957f5f97380492e1ede48b/element - {"using":"xpath","value":"//*[@id=\"application-managepartners-display-component---NewPartner--partnerDetailsCurrency-arrow\"]"}
RESULT: {}
RESULT: {"using":"xpath","value":"//*[@id=\"application-managepartners-display-component---NewPartner--partnerDetailsCurrency-arrow\"]"}
COMMAND: POST /session/c72c23a71f957f5f97380492e1ede48b/element/f.9B2FD2DF9A9EBD12F39787CA2B3A3B3C.d.F187016BA9202BE32740C80190D790A8.e.1518/click - {}
RESULT: {}
COMMAND: POST /session/c72c23a71f957f5f97380492e1ede48b/element - {"using":"xpath","value":"//span[contains(text(), \"US Dollar\")]"}
COMMAND: GET /session/c72c23a71f957f5f97380492e1ede48b/screenshot - {}
RESULT: {"using":"xpath","value":"//span[contains(text(), \"US Dollar\")]"}
COMMAND: POST /session/c72c23a71f957f5f97380492e1ede48b/element/f.9B2FD2DF9A9EBD12F39787CA2B3A3B3C.d.F187016BA9202BE32740C80190D790A8.e.1519/click - {}
RESULT: {}
RESULT: {}
COMMAND: GET /session/c72c23a71f957f5f97380492e1ede48b/screenshot - {}
RESULT: {}
COMMAND: POST /session/c72c23a71f957f5f97380492e1ede48b/element - {"using":"xpath","value":"//input[@id=\"application-managepartners-display-component---NewPartner--companyCodeComboBox-inner\"]"}
RESULT: {"using":"xpath","value":"//input[@id=\"application-managepartners-display-component---NewPartner--companyCodeComboBox-inner\"]"}
COMMAND: POST /session/c72c23a71f957f5f97380492e1ede48b/element/f.9B2FD2DF9A9EBD12F39787CA2B3A3B3C.d.F187016BA9202BE32740C80190D790A8.e.1355/clear - {}
RESULT: {}
COMMAND: POST /session/c72c23a71f957f5f97380492e1ede48b/element/f.9B2FD2DF9A9EBD12F39787CA2B3A3B3C.d.F187016BA9202BE32740C80190D790A8.e.1355/value - {"text":"C002"}
COMMAND: GET /session/c72c23a71f957f5f97380492e1ede48b/screenshot - {}
RESULT: {"text":"C002"}
COMMAND: GET /session/c72c23a71f957f5f97380492e1ede48b/screenshot - {}
RESULT: {}
RESULT: {}
COMMAND: POST /session/c72c23a71f957f5f97380492e1ede48b/element - {"using":"xpath","value":"//li[.//span[text()= \"C002\"]]"}
RESULT: {"using":"xpath","value":"//li[.//span[text()= \"C002\"]]"}
COMMAND: POST /session/c72c23a71f957f5f97380492e1ede48b/element/f.9B2FD2DF9A9EBD12F39787CA2B3A3B3C.d.F187016BA9202BE32740C80190D790A8.e.1523/click - {}
RESULT: {}
COMMAND: GET /session/c72c23a71f957f5f97380492e1ede48b/screenshot - {}
RESULT: {}
COMMAND: POST /session/c72c23a71f957f5f97380492e1ede48b/execute/async - {"script":"<script> [1562 bytes]","args":[{"selector":{"id":"application-managepartners-display-component---NewPartner--btnAddTableRow-img"},"wdio_ui5_key":"applicationmanagepartners-display-component---NewPartner--btnAddTableRow-img"}]}
RESULT: {"script":"<script> [1562 bytes]","args":[{"selector":{"id":"application-managepartners-display-component---NewPartner--btnAddTableRow-img"},"wdio_ui5_key":"applicationmanagepartners-display-component---NewPartner--btnAddTableRow-img"}]}
RESULT: undefined
COMMAND: POST /session/c72c23a71f957f5f97380492e1ede48b/element - {"using":"xpath","value":"//*[@id=\"application-managepartners-display-component---NewPartner--btnAddTableRow-img\"]"}
RESULT: {"using":"xpath","value":"//*[@id=\"application-managepartners-display-component---NewPartner--btnAddTableRow-img\"]"}
COMMAND: POST /session/c72c23a71f957f5f97380492e1ede48b/element/f.9B2FD2DF9A9EBD12F39787CA2B3A3B3C.d.F187016BA9202BE32740C80190D790A8.e.1524/click - {}
RESULT: {}
COMMAND: GET /session/c72c23a71f957f5f97380492e1ede48b/screenshot - {}
RESULT: {}
COMMAND: POST /session/c72c23a71f957f5f97380492e1ede48b/element - {"using":"xpath","value":"//input[@id=\"application-managepartners-display-component---NewPartner--assignmentYard-application-managepartners-display-component---NewPartner--assignmentsTable-0-inner\"]"}
RESULT: {"using":"xpath","value":"//input[@id=\"application-managepartners-display-component---NewPartner--assignmentYard-application-managepartners-display-component---NewPartner--assignmentsTable-0-inner\"]"}
COMMAND: POST /session/c72c23a71f957f5f97380492e1ede48b/element/f.9B2FD2DF9A9EBD12F39787CA2B3A3B3C.d.F187016BA9202BE32740C80190D790A8.e.1527/clear - {}
RESULT: {}
COMMAND: POST /session/c72c23a71f957f5f97380492e1ede48b/element/f.9B2FD2DF9A9EBD12F39787CA2B3A3B3C.d.F187016BA9202BE32740C80190D790A8.e.1527/value - {"text":"397"}
COMMAND: GET /session/c72c23a71f957f5f97380492e1ede48b/screenshot - {}
RESULT: {"text":"397"}
COMMAND: GET /session/c72c23a71f957f5f97380492e1ede48b/screenshot - {}
RESULT: {}
RESULT: {}
COMMAND: POST /session/c72c23a71f957f5f97380492e1ede48b/element - {"using":"xpath","value":"//li[.//span[text()='397']]"}
RESULT: {"using":"xpath","value":"//li[.//span[text()='397']]"}
COMMAND: POST /session/c72c23a71f957f5f97380492e1ede48b/element/f.9B2FD2DF9A9EBD12F39787CA2B3A3B3C.d.F187016BA9202BE32740C80190D790A8.e.1535/click - {}
RESULT: {}
COMMAND: GET /session/c72c23a71f957f5f97380492e1ede48b/screenshot - {}
RESULT: {}
COMMAND: POST /session/c72c23a71f957f5f97380492e1ede48b/actions - {"actions":[{"id":"action2","type":"key","parameters":{},"actions":[{"type":"keyDown","value":""},{"type":"pause","duration":10},{"type":"keyUp","value":""}]}]}
RESULT: {"actions":[{"id":"action2","type":"key","parameters":{},"actions":[{"type":"keyDown","value":""},{"type":"pause","duration":10},{"type":"keyUp","value":""}]}]}
COMMAND: POST /session/c72c23a71f957f5f97380492e1ede48b/element - {"using":"xpath","value":"//td[contains(@id, \"assignmentsTable-0-cell2\")]/div/div"}
COMMAND: GET /session/c72c23a71f957f5f97380492e1ede48b/screenshot - {}
RESULT: {"using":"xpath","value":"//td[contains(@id, \"assignmentsTable-0-cell2\")]/div/div"}
COMMAND: POST /session/c72c23a71f957f5f97380492e1ede48b/element/f.9B2FD2DF9A9EBD12F39787CA2B3A3B3C.d.F187016BA9202BE32740C80190D790A8.e.1538/click - {}
RESULT: {}
RESULT: {}
COMMAND: GET /session/c72c23a71f957f5f97380492e1ede48b/screenshot - {}
RESULT: {}
COMMAND: POST /session/c72c23a71f957f5f97380492e1ede48b/element - {"using":"xpath","value":"//button[@data-kt=\"saveButton\"]"}
RESULT: {"using":"xpath","value":"//button[@data-kt=\"saveButton\"]"}
COMMAND: POST /session/c72c23a71f957f5f97380492e1ede48b/element/f.9B2FD2DF9A9EBD12F39787CA2B3A3B3C.d.F187016BA9202BE32740C80190D790A8.e.1437/click - {}
RESULT: {}
COMMAND: GET /session/c72c23a71f957f5f97380492e1ede48b/screenshot - {}
RESULT: {}
COMMAND: POST /session/c72c23a71f957f5f97380492e1ede48b/element - {"using":"xpath","value":"//header[contains(@id, 'ObjectPageLayout-headerTitle')]/div[1]/div[2]/div[2]/span[1]"}
RESULT: {"using":"xpath","value":"//header[contains(@id, 'ObjectPageLayout-headerTitle')]/div[1]/div[2]/div[2]/span[1]"}
COMMAND: POST /session/c72c23a71f957f5f97380492e1ede48b/elements - {"using":"xpath","value":"//header[contains(@id, 'ObjectPageLayout-headerTitle')]/div[1]/div[2]/div[2]/span[1]"}
RESULT: {"using":"xpath","value":"//header[contains(@id, 'ObjectPageLayout-headerTitle')]/div[1]/div[2]/div[2]/span[1]"}
COMMAND: POST /session/c72c23a71f957f5f97380492e1ede48b/execute/sync - {"script":"<script> [56 bytes]","args":[{"element-6066-11e4-a52e-4f735466cecf":"f.9B2FD2DF9A9EBD12F39787CA2B3A3B3C.d.F187016BA9202BE32740C80190D790A8.e.1702","ELEMENT":"f.9B2FD2DF9A9EBD12F39787CA2B3A3B3C.d.F187016BA9202BE32740C80190D790A8.e.1702"}]}
RESULT: {"script":"<script> [56 bytes]","args":[{"element-6066-11e4-a52e-4f735466cecf":"f.9B2FD2DF9A9EBD12F39787CA2B3A3B3C.d.F187016BA9202BE32740C80190D790A8.e.1702","ELEMENT":"f.9B2FD2DF9A9EBD12F39787CA2B3A3B3C.d.F187016BA9202BE32740C80190D790A8.e.1702"}]}
COMMAND: POST /session/c72c23a71f957f5f97380492e1ede48b/element - {"using":"css selector","value":"#shell-header-logo"}
COMMAND: GET /session/c72c23a71f957f5f97380492e1ede48b/screenshot - {}
RESULT: {"using":"css selector","value":"#shell-header-logo"}
COMMAND: POST /session/c72c23a71f957f5f97380492e1ede48b/element/f.9B2FD2DF9A9EBD12F39787CA2B3A3B3C.d.F187016BA9202BE32740C80190D790A8.e.1007/click - {}
RESULT: {}
RESULT: {}
COMMAND: GET /session/c72c23a71f957f5f97380492e1ede48b/screenshot - {}
RESULT: {}
COMMAND: POST /session/c72c23a71f957f5f97380492e1ede48b/execute/sync - {"script":"<script> [299 bytes]","args":[["getModel","getResource"]]}
RESULT: {"script":"<script> [299 bytes]","args":[["getModel","getResource"]]}
]]></system-out>
    </testcase>
    <testcase classname="chrome.136_0_7103_93.windows.Partner_specific_tests_US150819_US151080_US151654_US151176_US103444_US151078_US151079_US151109_US151174_US151175_US151189" name="Should filter and search partners US151080" time="90.336">
      <system-out><![CDATA[
COMMAND: POST /session/c72c23a71f957f5f97380492e1ede48b/element - {"using":"xpath","value":"//li[.//span[text()=\"Manage Partners\"]]"}
COMMAND: GET /session/c72c23a71f957f5f97380492e1ede48b/screenshot - {}
RESULT: {"using":"xpath","value":"//li[.//span[text()=\"Manage Partners\"]]"}
COMMAND: POST /session/c72c23a71f957f5f97380492e1ede48b/element - {"using":"xpath","value":"//li[.//span[text()=\"Manage Partners\"]]"}
RESULT: {}
RESULT: {"using":"xpath","value":"//li[.//span[text()=\"Manage Partners\"]]"}
COMMAND: POST /session/c72c23a71f957f5f97380492e1ede48b/element - {"using":"css selector","value":"#shell-header-logo"}
RESULT: {"using":"css selector","value":"#shell-header-logo"}
COMMAND: POST /session/c72c23a71f957f5f97380492e1ede48b/element/f.9B2FD2DF9A9EBD12F39787CA2B3A3B3C.d.F187016BA9202BE32740C80190D790A8.e.1704/click - {}
COMMAND: POST /session/c72c23a71f957f5f97380492e1ede48b/execute/sync - {"script":"<script> [8489 bytes]","args":[{"element-6066-11e4-a52e-4f735466cecf":"f.9B2FD2DF9A9EBD12F39787CA2B3A3B3C.d.F187016BA9202BE32740C80190D790A8.e.1704","ELEMENT":"f.9B2FD2DF9A9EBD12F39787CA2B3A3B3C.d.F187016BA9202BE32740C80190D790A8.e.1704"}]}
RESULT: {}
COMMAND: GET /session/c72c23a71f957f5f97380492e1ede48b/screenshot - {}
RESULT: {"script":"<script> [8489 bytes]","args":[{"element-6066-11e4-a52e-4f735466cecf":"f.9B2FD2DF9A9EBD12F39787CA2B3A3B3C.d.F187016BA9202BE32740C80190D790A8.e.1704","ELEMENT":"f.9B2FD2DF9A9EBD12F39787CA2B3A3B3C.d.F187016BA9202BE32740C80190D790A8.e.1704"}]}
COMMAND: POST /session/c72c23a71f957f5f97380492e1ede48b/execute/sync - {"script":"<script> [5351 bytes]","args":[{"element-6066-11e4-a52e-4f735466cecf":"f.9B2FD2DF9A9EBD12F39787CA2B3A3B3C.d.F187016BA9202BE32740C80190D790A8.e.1704","ELEMENT":"f.9B2FD2DF9A9EBD12F39787CA2B3A3B3C.d.F187016BA9202BE32740C80190D790A8.e.1704"}]}
COMMAND: GET /session/c72c23a71f957f5f97380492e1ede48b/screenshot - {}
RESULT: {}
RESULT: {"script":"<script> [5351 bytes]","args":[{"element-6066-11e4-a52e-4f735466cecf":"f.9B2FD2DF9A9EBD12F39787CA2B3A3B3C.d.F187016BA9202BE32740C80190D790A8.e.1704","ELEMENT":"f.9B2FD2DF9A9EBD12F39787CA2B3A3B3C.d.F187016BA9202BE32740C80190D790A8.e.1704"}]}
COMMAND: GET /session/c72c23a71f957f5f97380492e1ede48b/screenshot - {}
RESULT: {}
RESULT: {}
RESULT: undefined
COMMAND: POST /session/c72c23a71f957f5f97380492e1ede48b/element - {"using":"xpath","value":"//*[@id=\"__tile38\"]"}
RESULT: {"using":"xpath","value":"//*[@id=\"__tile38\"]"}
COMMAND: POST /session/c72c23a71f957f5f97380492e1ede48b/element/f.9B2FD2DF9A9EBD12F39787CA2B3A3B3C.d.F187016BA9202BE32740C80190D790A8.e.146/click - {}
RESULT: {}
COMMAND: GET /session/c72c23a71f957f5f97380492e1ede48b/screenshot - {}
RESULT: {}
COMMAND: POST /session/c72c23a71f957f5f97380492e1ede48b/elements - {"using":"xpath","value":"//span[text()='Error']"}
RESULT: {"using":"xpath","value":"//span[text()='Error']"}
COMMAND: POST /session/c72c23a71f957f5f97380492e1ede48b/element - {"using":"xpath","value":"//button[@data-kt=\"addButton\"]"}
RESULT: {"using":"xpath","value":"//button[@data-kt=\"addButton\"]"}
COMMAND: POST /session/c72c23a71f957f5f97380492e1ede48b/elements - {"using":"xpath","value":"//button[@data-kt=\"addButton\"]"}
RESULT: {"using":"xpath","value":"//button[@data-kt=\"addButton\"]"}
COMMAND: POST /session/c72c23a71f957f5f97380492e1ede48b/execute/sync - {"script":"<script> [8489 bytes]","args":[{"element-6066-11e4-a52e-4f735466cecf":"f.9B2FD2DF9A9EBD12F39787CA2B3A3B3C.d.F187016BA9202BE32740C80190D790A8.e.1750","ELEMENT":"f.9B2FD2DF9A9EBD12F39787CA2B3A3B3C.d.F187016BA9202BE32740C80190D790A8.e.1750"}]}
RESULT: {"script":"<script> [8489 bytes]","args":[{"element-6066-11e4-a52e-4f735466cecf":"f.9B2FD2DF9A9EBD12F39787CA2B3A3B3C.d.F187016BA9202BE32740C80190D790A8.e.1750","ELEMENT":"f.9B2FD2DF9A9EBD12F39787CA2B3A3B3C.d.F187016BA9202BE32740C80190D790A8.e.1750"}]}
COMMAND: GET /session/c72c23a71f957f5f97380492e1ede48b/element/f.9B2FD2DF9A9EBD12F39787CA2B3A3B3C.d.F187016BA9202BE32740C80190D790A8.e.1750/enabled - {}
COMMAND: GET /session/c72c23a71f957f5f97380492e1ede48b/screenshot - {}
RESULT: {}
COMMAND: POST /session/c72c23a71f957f5f97380492e1ede48b/execute/sync - {"script":"<script> [8489 bytes]","args":[{"element-6066-11e4-a52e-4f735466cecf":"f.9B2FD2DF9A9EBD12F39787CA2B3A3B3C.d.F187016BA9202BE32740C80190D790A8.e.1750","ELEMENT":"f.9B2FD2DF9A9EBD12F39787CA2B3A3B3C.d.F187016BA9202BE32740C80190D790A8.e.1750"}]}
COMMAND: GET /session/c72c23a71f957f5f97380492e1ede48b/screenshot - {}
RESULT: {}
RESULT: {"script":"<script> [8489 bytes]","args":[{"element-6066-11e4-a52e-4f735466cecf":"f.9B2FD2DF9A9EBD12F39787CA2B3A3B3C.d.F187016BA9202BE32740C80190D790A8.e.1750","ELEMENT":"f.9B2FD2DF9A9EBD12F39787CA2B3A3B3C.d.F187016BA9202BE32740C80190D790A8.e.1750"}]}
COMMAND: POST /session/c72c23a71f957f5f97380492e1ede48b/execute/sync - {"script":"<script> [5351 bytes]","args":[{"element-6066-11e4-a52e-4f735466cecf":"f.9B2FD2DF9A9EBD12F39787CA2B3A3B3C.d.F187016BA9202BE32740C80190D790A8.e.1750","ELEMENT":"f.9B2FD2DF9A9EBD12F39787CA2B3A3B3C.d.F187016BA9202BE32740C80190D790A8.e.1750"}]}
COMMAND: GET /session/c72c23a71f957f5f97380492e1ede48b/screenshot - {}
RESULT: {}
RESULT: {"script":"<script> [5351 bytes]","args":[{"element-6066-11e4-a52e-4f735466cecf":"f.9B2FD2DF9A9EBD12F39787CA2B3A3B3C.d.F187016BA9202BE32740C80190D790A8.e.1750","ELEMENT":"f.9B2FD2DF9A9EBD12F39787CA2B3A3B3C.d.F187016BA9202BE32740C80190D790A8.e.1750"}]}
COMMAND: GET /session/c72c23a71f957f5f97380492e1ede48b/screenshot - {}
RESULT: {}
RESULT: {}
COMMAND: POST /session/c72c23a71f957f5f97380492e1ede48b/execute/async - {"script":"<script> [1562 bytes]","args":[{"selector":{"id":"application-managepartners-display-component---masterPtm--smartTable-btnPersonalisation-img"},"wdio_ui5_key":"applicationmanagepartners-display-component---masterPtm--smartTable-btnPersonalisation-img"}]}
RESULT: {"script":"<script> [1562 bytes]","args":[{"selector":{"id":"application-managepartners-display-component---masterPtm--smartTable-btnPersonalisation-img"},"wdio_ui5_key":"applicationmanagepartners-display-component---masterPtm--smartTable-btnPersonalisation-img"}]}
RESULT: undefined
COMMAND: POST /session/c72c23a71f957f5f97380492e1ede48b/element - {"using":"xpath","value":"//*[@id=\"application-managepartners-display-component---masterPtm--smartTable-btnPersonalisation-img\"]"}
RESULT: {"using":"xpath","value":"//*[@id=\"application-managepartners-display-component---masterPtm--smartTable-btnPersonalisation-img\"]"}
COMMAND: POST /session/c72c23a71f957f5f97380492e1ede48b/element/f.9B2FD2DF9A9EBD12F39787CA2B3A3B3C.d.F187016BA9202BE32740C80190D790A8.e.1755/click - {}
RESULT: {}
COMMAND: GET /session/c72c23a71f957f5f97380492e1ede48b/screenshot - {}
RESULT: {}
COMMAND: POST /session/c72c23a71f957f5f97380492e1ede48b/execute/async - {"script":"<script> [1562 bytes]","args":[{"selector":{"controlType":"sap.m.IconTabFilter","viewName":"etm.portal.ui.managepartners.view.Master","viewId":"application-managepartners-display-component---masterPtm","properties":{"text":"Sort"},"searchOpenDialogs":true,"interaction":{"idSuffix":"text"}},"wdio_ui5_key":"etmportal.ui.managepartners.view.Mastersap.m.IconTabFilter{\"text\":\"Sort\"}"}]}
RESULT: {"script":"<script> [1562 bytes]","args":[{"selector":{"controlType":"sap.m.IconTabFilter","viewName":"etm.portal.ui.managepartners.view.Master","viewId":"application-managepartners-display-component---masterPtm","properties":{"text":"Sort"},"searchOpenDialogs":true,"interaction":{"idSuffix":"text"}},"wdio_ui5_key":"etmportal.ui.managepartners.view.Mastersap.m.IconTabFilter{\"text\":\"Sort\"}"}]}
RESULT: undefined
COMMAND: POST /session/c72c23a71f957f5f97380492e1ede48b/element - {"using":"xpath","value":"//*[@id=\"__filter1\"]"}
RESULT: {"using":"xpath","value":"//*[@id=\"__filter1\"]"}
COMMAND: POST /session/c72c23a71f957f5f97380492e1ede48b/element/f.9B2FD2DF9A9EBD12F39787CA2B3A3B3C.d.F187016BA9202BE32740C80190D790A8.e.1897/click - {}
RESULT: {}
COMMAND: GET /session/c72c23a71f957f5f97380492e1ede48b/screenshot - {}
RESULT: {}
COMMAND: POST /session/c72c23a71f957f5f97380492e1ede48b/element - {"using":"xpath","value":"//input[@placeholder=\"Sort by\"]/following-sibling::div//span"}
RESULT: {"using":"xpath","value":"//input[@placeholder=\"Sort by\"]/following-sibling::div//span"}
COMMAND: POST /session/c72c23a71f957f5f97380492e1ede48b/element/f.9B2FD2DF9A9EBD12F39787CA2B3A3B3C.d.F187016BA9202BE32740C80190D790A8.e.1899/click - {}
RESULT: {}
COMMAND: GET /session/c72c23a71f957f5f97380492e1ede48b/screenshot - {}
RESULT: {}
COMMAND: POST /session/c72c23a71f957f5f97380492e1ede48b/element - {"using":"xpath","value":"//li[.//span[text()=\"Language\"]]"}
RESULT: {"using":"xpath","value":"//li[.//span[text()=\"Language\"]]"}
COMMAND: POST /session/c72c23a71f957f5f97380492e1ede48b/element/f.9B2FD2DF9A9EBD12F39787CA2B3A3B3C.d.F187016BA9202BE32740C80190D790A8.e.1900/click - {}
RESULT: {}
COMMAND: GET /session/c72c23a71f957f5f97380492e1ede48b/screenshot - {}
RESULT: {}
COMMAND: POST /session/c72c23a71f957f5f97380492e1ede48b/element - {"using":"xpath","value":"//bdi[contains(text(), \"OK\")]"}
RESULT: {"using":"xpath","value":"//bdi[contains(text(), \"OK\")]"}
COMMAND: POST /session/c72c23a71f957f5f97380492e1ede48b/element/f.9B2FD2DF9A9EBD12F39787CA2B3A3B3C.d.F187016BA9202BE32740C80190D790A8.e.1904/click - {}
RESULT: {}
COMMAND: GET /session/c72c23a71f957f5f97380492e1ede48b/screenshot - {}
RESULT: {}
COMMAND: POST /session/c72c23a71f957f5f97380492e1ede48b/element - {"using":"xpath","value":"//table[contains(@id, \"customPartnersTable\")]//tbody/tr[1]/td[3]/span"}
RESULT: {"using":"xpath","value":"//table[contains(@id, \"customPartnersTable\")]//tbody/tr[1]/td[3]/span"}
COMMAND: POST /session/c72c23a71f957f5f97380492e1ede48b/execute/sync - {"script":"<script> [56 bytes]","args":[{"element-6066-11e4-a52e-4f735466cecf":"f.9B2FD2DF9A9EBD12F39787CA2B3A3B3C.d.F187016BA9202BE32740C80190D790A8.e.2026","ELEMENT":"f.9B2FD2DF9A9EBD12F39787CA2B3A3B3C.d.F187016BA9202BE32740C80190D790A8.e.2026"}]}
RESULT: {"script":"<script> [56 bytes]","args":[{"element-6066-11e4-a52e-4f735466cecf":"f.9B2FD2DF9A9EBD12F39787CA2B3A3B3C.d.F187016BA9202BE32740C80190D790A8.e.2026","ELEMENT":"f.9B2FD2DF9A9EBD12F39787CA2B3A3B3C.d.F187016BA9202BE32740C80190D790A8.e.2026"}]}
RESULT: undefined
COMMAND: POST /session/c72c23a71f957f5f97380492e1ede48b/element - {"using":"xpath","value":"//*[@id=\"application-managepartners-display-component---masterPtm--smartTable-btnPersonalisation-img\"]"}
COMMAND: GET /session/c72c23a71f957f5f97380492e1ede48b/screenshot - {}
RESULT: {"using":"xpath","value":"//*[@id=\"application-managepartners-display-component---masterPtm--smartTable-btnPersonalisation-img\"]"}
COMMAND: POST /session/c72c23a71f957f5f97380492e1ede48b/element/f.9B2FD2DF9A9EBD12F39787CA2B3A3B3C.d.F187016BA9202BE32740C80190D790A8.e.1755/click - {}
RESULT: {}
RESULT: {}
COMMAND: GET /session/c72c23a71f957f5f97380492e1ede48b/screenshot - {}
RESULT: {}
COMMAND: POST /session/c72c23a71f957f5f97380492e1ede48b/element - {"using":"xpath","value":"//bdi[contains(text(), \"Reset\")]"}
RESULT: {"using":"xpath","value":"//bdi[contains(text(), \"Reset\")]"}
COMMAND: POST /session/c72c23a71f957f5f97380492e1ede48b/element/f.9B2FD2DF9A9EBD12F39787CA2B3A3B3C.d.F187016BA9202BE32740C80190D790A8.e.2030/click - {}
RESULT: {}
COMMAND: GET /session/c72c23a71f957f5f97380492e1ede48b/screenshot - {}
RESULT: {}
COMMAND: POST /session/c72c23a71f957f5f97380492e1ede48b/element - {"using":"xpath","value":"(//bdi[contains(text(), \"OK\")])[2]"}
RESULT: {"using":"xpath","value":"(//bdi[contains(text(), \"OK\")])[2]"}
COMMAND: POST /session/c72c23a71f957f5f97380492e1ede48b/element/f.9B2FD2DF9A9EBD12F39787CA2B3A3B3C.d.F187016BA9202BE32740C80190D790A8.e.2033/click - {}
RESULT: {}
COMMAND: GET /session/c72c23a71f957f5f97380492e1ede48b/screenshot - {}
RESULT: {}
COMMAND: POST /session/c72c23a71f957f5f97380492e1ede48b/element - {"using":"xpath","value":"//bdi[contains(text(), \"OK\")]"}
RESULT: {"using":"xpath","value":"//bdi[contains(text(), \"OK\")]"}
COMMAND: POST /session/c72c23a71f957f5f97380492e1ede48b/element/f.9B2FD2DF9A9EBD12F39787CA2B3A3B3C.d.F187016BA9202BE32740C80190D790A8.e.2084/click - {}
RESULT: {}
COMMAND: GET /session/c72c23a71f957f5f97380492e1ede48b/screenshot - {}
RESULT: {}
COMMAND: POST /session/c72c23a71f957f5f97380492e1ede48b/element - {"using":"xpath","value":"//table[contains(@id, \"customPartnersTable\")]//tbody/tr[1]/td[3]/span"}
RESULT: {"using":"xpath","value":"//table[contains(@id, \"customPartnersTable\")]//tbody/tr[1]/td[3]/span"}
COMMAND: POST /session/c72c23a71f957f5f97380492e1ede48b/execute/sync - {"script":"<script> [56 bytes]","args":[{"element-6066-11e4-a52e-4f735466cecf":"f.9B2FD2DF9A9EBD12F39787CA2B3A3B3C.d.F187016BA9202BE32740C80190D790A8.e.2086","ELEMENT":"f.9B2FD2DF9A9EBD12F39787CA2B3A3B3C.d.F187016BA9202BE32740C80190D790A8.e.2086"}]}
RESULT: {"script":"<script> [56 bytes]","args":[{"element-6066-11e4-a52e-4f735466cecf":"f.9B2FD2DF9A9EBD12F39787CA2B3A3B3C.d.F187016BA9202BE32740C80190D790A8.e.2086","ELEMENT":"f.9B2FD2DF9A9EBD12F39787CA2B3A3B3C.d.F187016BA9202BE32740C80190D790A8.e.2086"}]}
RESULT: undefined
COMMAND: POST /session/c72c23a71f957f5f97380492e1ede48b/element - {"using":"xpath","value":"//*[@id=\"application-managepartners-display-component---masterPtm--smartTable-btnPersonalisation-img\"]"}
COMMAND: GET /session/c72c23a71f957f5f97380492e1ede48b/screenshot - {}
RESULT: {"using":"xpath","value":"//*[@id=\"application-managepartners-display-component---masterPtm--smartTable-btnPersonalisation-img\"]"}
COMMAND: POST /session/c72c23a71f957f5f97380492e1ede48b/element/f.9B2FD2DF9A9EBD12F39787CA2B3A3B3C.d.F187016BA9202BE32740C80190D790A8.e.1755/click - {}
RESULT: {}
RESULT: {}
COMMAND: GET /session/c72c23a71f957f5f97380492e1ede48b/screenshot - {}
RESULT: {}
COMMAND: POST /session/c72c23a71f957f5f97380492e1ede48b/execute/async - {"script":"<script> [1562 bytes]","args":[{"selector":{"controlType":"sap.m.IconTabFilter","viewName":"etm.portal.ui.managepartners.view.Master","viewId":"application-managepartners-display-component---masterPtm","properties":{"text":"Filter"},"searchOpenDialogs":true,"interaction":{"idSuffix":"text"}},"wdio_ui5_key":"etmportal.ui.managepartners.view.Mastersap.m.IconTabFilter{\"text\":\"Filter\"}"}]}
RESULT: {"script":"<script> [1562 bytes]","args":[{"selector":{"controlType":"sap.m.IconTabFilter","viewName":"etm.portal.ui.managepartners.view.Master","viewId":"application-managepartners-display-component---masterPtm","properties":{"text":"Filter"},"searchOpenDialogs":true,"interaction":{"idSuffix":"text"}},"wdio_ui5_key":"etmportal.ui.managepartners.view.Mastersap.m.IconTabFilter{\"text\":\"Filter\"}"}]}
RESULT: undefined
COMMAND: POST /session/c72c23a71f957f5f97380492e1ede48b/element - {"using":"xpath","value":"//*[@id=\"__filter10\"]"}
RESULT: {"using":"xpath","value":"//*[@id=\"__filter10\"]"}
COMMAND: POST /session/c72c23a71f957f5f97380492e1ede48b/element/f.9B2FD2DF9A9EBD12F39787CA2B3A3B3C.d.F187016BA9202BE32740C80190D790A8.e.2091/click - {}
RESULT: {}
COMMAND: GET /session/c72c23a71f957f5f97380492e1ede48b/screenshot - {}
RESULT: {}
COMMAND: POST /session/c72c23a71f957f5f97380492e1ede48b/element - {"using":"xpath","value":"//input[@placeholder=\"Filter by\"]/following-sibling::div//span"}
RESULT: {"using":"xpath","value":"//input[@placeholder=\"Filter by\"]/following-sibling::div//span"}
COMMAND: POST /session/c72c23a71f957f5f97380492e1ede48b/element/f.9B2FD2DF9A9EBD12F39787CA2B3A3B3C.d.F187016BA9202BE32740C80190D790A8.e.2093/click - {}
RESULT: {}
COMMAND: GET /session/c72c23a71f957f5f97380492e1ede48b/screenshot - {}
RESULT: {}
COMMAND: POST /session/c72c23a71f957f5f97380492e1ede48b/element - {"using":"xpath","value":"//li[.//span[text()=\"Preferred Yard\"]]"}
RESULT: {"using":"xpath","value":"//li[.//span[text()=\"Preferred Yard\"]]"}
COMMAND: POST /session/c72c23a71f957f5f97380492e1ede48b/element/f.9B2FD2DF9A9EBD12F39787CA2B3A3B3C.d.F187016BA9202BE32740C80190D790A8.e.2094/click - {}
RESULT: {}
COMMAND: GET /session/c72c23a71f957f5f97380492e1ede48b/screenshot - {}
RESULT: {}
COMMAND: POST /session/c72c23a71f957f5f97380492e1ede48b/execute/async - {"script":"<script> [1562 bytes]","args":[{"selector":{"id":"FilterPanel-filterItemControl_BASIC-application-managepartners-display-component---masterPtm--smartTable-YARDYARD-vhi","searchOpenDialogs":true},"wdio_ui5_key":"FilterPanelfilterItemControl_BASIC-application-managepartners-display-component---masterPtm--smartTable-YARDYARD-vhi"}]}
RESULT: {"script":"<script> [1562 bytes]","args":[{"selector":{"id":"FilterPanel-filterItemControl_BASIC-application-managepartners-display-component---masterPtm--smartTable-YARDYARD-vhi","searchOpenDialogs":true},"wdio_ui5_key":"FilterPanelfilterItemControl_BASIC-application-managepartners-display-component---masterPtm--smartTable-YARDYARD-vhi"}]}
RESULT: undefined
COMMAND: POST /session/c72c23a71f957f5f97380492e1ede48b/element - {"using":"xpath","value":"//*[@id=\"FilterPanel-filterItemControl_BASIC-application-managepartners-display-component---masterPtm--smartTable-YARDYARD-vhi\"]"}
RESULT: {"using":"xpath","value":"//*[@id=\"FilterPanel-filterItemControl_BASIC-application-managepartners-display-component---masterPtm--smartTable-YARDYARD-vhi\"]"}
COMMAND: POST /session/c72c23a71f957f5f97380492e1ede48b/element/f.9B2FD2DF9A9EBD12F39787CA2B3A3B3C.d.F187016BA9202BE32740C80190D790A8.e.2097/click - {}
RESULT: {}
COMMAND: GET /session/c72c23a71f957f5f97380492e1ede48b/screenshot - {}
RESULT: {}
COMMAND: POST /session/c72c23a71f957f5f97380492e1ede48b/execute/async - {"script":"<script> [1562 bytes]","args":[{"selector":{"id":"FilterPanel-filterItemControl_BASIC-application-managepartners-display-component---masterPtm--smartTable-YARDYARD-valueHelpDialog-smartFilterBar-btnBasicSearch","searchOpenDialogs":true,"interaction":{"idSuffix":"I"}},"wdio_ui5_key":"FilterPanelfilterItemControl_BASIC-application-managepartners-display-component---masterPtm--smartTable-YARDYARD-valueHelpDialog-smartFilterBar-btnBasicSearch"}]}
RESULT: {"script":"<script> [1562 bytes]","args":[{"selector":{"id":"FilterPanel-filterItemControl_BASIC-application-managepartners-display-component---masterPtm--smartTable-YARDYARD-valueHelpDialog-smartFilterBar-btnBasicSearch","searchOpenDialogs":true,"interaction":{"idSuffix":"I"}},"wdio_ui5_key":"FilterPanelfilterItemControl_BASIC-application-managepartners-display-component---masterPtm--smartTable-YARDYARD-valueHelpDialog-smartFilterBar-btnBasicSearch"}]}
RESULT: undefined
COMMAND: POST /session/c72c23a71f957f5f97380492e1ede48b/execute/async - {"script":"<script> [776 bytes]","args":[{"enterText":"397","selector":{"id":"FilterPanel-filterItemControl_BASIC-application-managepartners-display-component---masterPtm--smartTable-YARDYARD-valueHelpDialog-smartFilterBar-btnBasicSearch","searchOpenDialogs":true,"interaction":{"idSuffix":"I"}},"clearTextFirst":true,"interactionType":"ENTER_TEXT"}]}
RESULT: {"script":"<script> [776 bytes]","args":[{"enterText":"397","selector":{"id":"FilterPanel-filterItemControl_BASIC-application-managepartners-display-component---masterPtm--smartTable-YARDYARD-valueHelpDialog-smartFilterBar-btnBasicSearch","searchOpenDialogs":true,"interaction":{"idSuffix":"I"}},"clearTextFirst":true,"interactionType":"ENTER_TEXT"}]}
COMMAND: POST /session/c72c23a71f957f5f97380492e1ede48b/actions - {"actions":[{"id":"action3","type":"key","parameters":{},"actions":[{"type":"keyDown","value":""},{"type":"pause","duration":10},{"type":"keyUp","value":""}]}]}
RESULT: {"actions":[{"id":"action3","type":"key","parameters":{},"actions":[{"type":"keyDown","value":""},{"type":"pause","duration":10},{"type":"keyUp","value":""}]}]}
COMMAND: GET /session/c72c23a71f957f5f97380492e1ede48b/screenshot - {}
RESULT: {}
COMMAND: POST /session/c72c23a71f957f5f97380492e1ede48b/elements - {"using":"xpath","value":"//table[contains(@id, \"smartTable-YARDYARD-valueHelpDialog-table-table\")]/tbody/tr"}
RESULT: {"using":"xpath","value":"//table[contains(@id, \"smartTable-YARDYARD-valueHelpDialog-table-table\")]/tbody/tr"}
COMMAND: POST /session/c72c23a71f957f5f97380492e1ede48b/element - {"using":"xpath","value":"//table[contains(@id, \"smartTable-YARDYARD-valueHelpDialog-table-table\")]/tbody/tr[1]/td[1]/div/span"}
RESULT: {"using":"xpath","value":"//table[contains(@id, \"smartTable-YARDYARD-valueHelpDialog-table-table\")]/tbody/tr[1]/td[1]/div/span"}
COMMAND: POST /session/c72c23a71f957f5f97380492e1ede48b/elements - {"using":"xpath","value":"//table[contains(@id, \"smartTable-YARDYARD-valueHelpDialog-table-table\")]/tbody/tr[1]/td[1]/div/span"}
RESULT: {"using":"xpath","value":"//table[contains(@id, \"smartTable-YARDYARD-valueHelpDialog-table-table\")]/tbody/tr[1]/td[1]/div/span"}
COMMAND: POST /session/c72c23a71f957f5f97380492e1ede48b/execute/sync - {"script":"<script> [56 bytes]","args":[{"element-6066-11e4-a52e-4f735466cecf":"f.9B2FD2DF9A9EBD12F39787CA2B3A3B3C.d.F187016BA9202BE32740C80190D790A8.e.2116","ELEMENT":"f.9B2FD2DF9A9EBD12F39787CA2B3A3B3C.d.F187016BA9202BE32740C80190D790A8.e.2116"}]}
RESULT: {"script":"<script> [56 bytes]","args":[{"element-6066-11e4-a52e-4f735466cecf":"f.9B2FD2DF9A9EBD12F39787CA2B3A3B3C.d.F187016BA9202BE32740C80190D790A8.e.2116","ELEMENT":"f.9B2FD2DF9A9EBD12F39787CA2B3A3B3C.d.F187016BA9202BE32740C80190D790A8.e.2116"}]}
COMMAND: POST /session/c72c23a71f957f5f97380492e1ede48b/element - {"using":"xpath","value":"//table[contains(@id, \"smartTable-YARDYARD-valueHelpDialog-table-table\")]/tbody/tr[2]/td[1]/div/span"}
COMMAND: GET /session/c72c23a71f957f5f97380492e1ede48b/screenshot - {}
RESULT: {"using":"xpath","value":"//table[contains(@id, \"smartTable-YARDYARD-valueHelpDialog-table-table\")]/tbody/tr[2]/td[1]/div/span"}
COMMAND: POST /session/c72c23a71f957f5f97380492e1ede48b/elements - {"using":"xpath","value":"//table[contains(@id, \"smartTable-YARDYARD-valueHelpDialog-table-table\")]/tbody/tr[2]/td[1]/div/span"}
RESULT: {}
RESULT: {"using":"xpath","value":"//table[contains(@id, \"smartTable-YARDYARD-valueHelpDialog-table-table\")]/tbody/tr[2]/td[1]/div/span"}
COMMAND: POST /session/c72c23a71f957f5f97380492e1ede48b/execute/sync - {"script":"<script> [56 bytes]","args":[{"element-6066-11e4-a52e-4f735466cecf":"f.9B2FD2DF9A9EBD12F39787CA2B3A3B3C.d.F187016BA9202BE32740C80190D790A8.e.2117","ELEMENT":"f.9B2FD2DF9A9EBD12F39787CA2B3A3B3C.d.F187016BA9202BE32740C80190D790A8.e.2117"}]}
RESULT: {"script":"<script> [56 bytes]","args":[{"element-6066-11e4-a52e-4f735466cecf":"f.9B2FD2DF9A9EBD12F39787CA2B3A3B3C.d.F187016BA9202BE32740C80190D790A8.e.2117","ELEMENT":"f.9B2FD2DF9A9EBD12F39787CA2B3A3B3C.d.F187016BA9202BE32740C80190D790A8.e.2117"}]}
COMMAND: POST /session/c72c23a71f957f5f97380492e1ede48b/element - {"using":"xpath","value":"//div[contains(@id, \"YARDYARD-valueHelpDialog-table-rowsel1\")]"}
COMMAND: GET /session/c72c23a71f957f5f97380492e1ede48b/screenshot - {}
RESULT: {"using":"xpath","value":"//div[contains(@id, \"YARDYARD-valueHelpDialog-table-rowsel1\")]"}
COMMAND: POST /session/c72c23a71f957f5f97380492e1ede48b/element/f.9B2FD2DF9A9EBD12F39787CA2B3A3B3C.d.F187016BA9202BE32740C80190D790A8.e.2118/click - {}
RESULT: {}
RESULT: {}
COMMAND: GET /session/c72c23a71f957f5f97380492e1ede48b/screenshot - {}
RESULT: {}
COMMAND: POST /session/c72c23a71f957f5f97380492e1ede48b/element - {"using":"xpath","value":"(//bdi[contains(text(), \"OK\")])[2]"}
RESULT: {"using":"xpath","value":"(//bdi[contains(text(), \"OK\")])[2]"}
COMMAND: POST /session/c72c23a71f957f5f97380492e1ede48b/element/f.9B2FD2DF9A9EBD12F39787CA2B3A3B3C.d.F187016BA9202BE32740C80190D790A8.e.2120/click - {}
RESULT: {}
COMMAND: GET /session/c72c23a71f957f5f97380492e1ede48b/screenshot - {}
RESULT: {}
COMMAND: POST /session/c72c23a71f957f5f97380492e1ede48b/element - {"using":"xpath","value":"//bdi[contains(text(), \"OK\")]"}
RESULT: {"using":"xpath","value":"//bdi[contains(text(), \"OK\")]"}
COMMAND: POST /session/c72c23a71f957f5f97380492e1ede48b/element/f.9B2FD2DF9A9EBD12F39787CA2B3A3B3C.d.F187016BA9202BE32740C80190D790A8.e.2123/click - {}
RESULT: {}
COMMAND: GET /session/c72c23a71f957f5f97380492e1ede48b/screenshot - {}
RESULT: {}
COMMAND: POST /session/c72c23a71f957f5f97380492e1ede48b/element - {"using":"xpath","value":"//table[contains(@id, \"customPartnersTable\")]//tbody/tr[1]/td[3]/span"}
RESULT: {"using":"xpath","value":"//table[contains(@id, \"customPartnersTable\")]//tbody/tr[1]/td[3]/span"}
COMMAND: POST /session/c72c23a71f957f5f97380492e1ede48b/execute/sync - {"script":"<script> [56 bytes]","args":[{"element-6066-11e4-a52e-4f735466cecf":"f.9B2FD2DF9A9EBD12F39787CA2B3A3B3C.d.F187016BA9202BE32740C80190D790A8.e.2086","ELEMENT":"f.9B2FD2DF9A9EBD12F39787CA2B3A3B3C.d.F187016BA9202BE32740C80190D790A8.e.2086"}]}
RESULT: {"script":"<script> [56 bytes]","args":[{"element-6066-11e4-a52e-4f735466cecf":"f.9B2FD2DF9A9EBD12F39787CA2B3A3B3C.d.F187016BA9202BE32740C80190D790A8.e.2086","ELEMENT":"f.9B2FD2DF9A9EBD12F39787CA2B3A3B3C.d.F187016BA9202BE32740C80190D790A8.e.2086"}]}
COMMAND: POST /session/c72c23a71f957f5f97380492e1ede48b/element - {"using":"css selector","value":"#shell-header-logo"}
COMMAND: GET /session/c72c23a71f957f5f97380492e1ede48b/screenshot - {}
RESULT: {"using":"css selector","value":"#shell-header-logo"}
COMMAND: POST /session/c72c23a71f957f5f97380492e1ede48b/element/f.9B2FD2DF9A9EBD12F39787CA2B3A3B3C.d.F187016BA9202BE32740C80190D790A8.e.1704/click - {}
RESULT: {}
RESULT: {}
COMMAND: GET /session/c72c23a71f957f5f97380492e1ede48b/screenshot - {}
RESULT: {}
]]></system-out>
    </testcase>
    <testcase classname="chrome.136_0_7103_93.windows.Partner_specific_tests_US150819_US151080_US151654_US151176_US103444_US151078_US151079_US151109_US151174_US151175_US151189" name="Should deactivate the created partner in earlier step US151654" time="51.947">
      <system-out><![CDATA[
COMMAND: POST /session/c72c23a71f957f5f97380492e1ede48b/element - {"using":"xpath","value":"//li[.//span[text()=\"Manage Partners\"]]"}
RESULT: {"using":"xpath","value":"//li[.//span[text()=\"Manage Partners\"]]"}
COMMAND: POST /session/c72c23a71f957f5f97380492e1ede48b/element - {"using":"xpath","value":"//li[.//span[text()=\"Manage Partners\"]]"}
RESULT: {"using":"xpath","value":"//li[.//span[text()=\"Manage Partners\"]]"}
COMMAND: POST /session/c72c23a71f957f5f97380492e1ede48b/element - {"using":"css selector","value":"#shell-header-logo"}
RESULT: {"using":"css selector","value":"#shell-header-logo"}
COMMAND: POST /session/c72c23a71f957f5f97380492e1ede48b/element/f.9B2FD2DF9A9EBD12F39787CA2B3A3B3C.d.F187016BA9202BE32740C80190D790A8.e.2173/click - {}
COMMAND: POST /session/c72c23a71f957f5f97380492e1ede48b/execute/sync - {"script":"<script> [8489 bytes]","args":[{"element-6066-11e4-a52e-4f735466cecf":"f.9B2FD2DF9A9EBD12F39787CA2B3A3B3C.d.F187016BA9202BE32740C80190D790A8.e.2173","ELEMENT":"f.9B2FD2DF9A9EBD12F39787CA2B3A3B3C.d.F187016BA9202BE32740C80190D790A8.e.2173"}]}
RESULT: {"script":"<script> [8489 bytes]","args":[{"element-6066-11e4-a52e-4f735466cecf":"f.9B2FD2DF9A9EBD12F39787CA2B3A3B3C.d.F187016BA9202BE32740C80190D790A8.e.2173","ELEMENT":"f.9B2FD2DF9A9EBD12F39787CA2B3A3B3C.d.F187016BA9202BE32740C80190D790A8.e.2173"}]}
COMMAND: POST /session/c72c23a71f957f5f97380492e1ede48b/execute/sync - {"script":"<script> [5351 bytes]","args":[{"element-6066-11e4-a52e-4f735466cecf":"f.9B2FD2DF9A9EBD12F39787CA2B3A3B3C.d.F187016BA9202BE32740C80190D790A8.e.2173","ELEMENT":"f.9B2FD2DF9A9EBD12F39787CA2B3A3B3C.d.F187016BA9202BE32740C80190D790A8.e.2173"}]}
COMMAND: GET /session/c72c23a71f957f5f97380492e1ede48b/screenshot - {}
RESULT: {}
COMMAND: GET /session/c72c23a71f957f5f97380492e1ede48b/screenshot - {}
RESULT: {"script":"<script> [5351 bytes]","args":[{"element-6066-11e4-a52e-4f735466cecf":"f.9B2FD2DF9A9EBD12F39787CA2B3A3B3C.d.F187016BA9202BE32740C80190D790A8.e.2173","ELEMENT":"f.9B2FD2DF9A9EBD12F39787CA2B3A3B3C.d.F187016BA9202BE32740C80190D790A8.e.2173"}]}
COMMAND: GET /session/c72c23a71f957f5f97380492e1ede48b/screenshot - {}
RESULT: {}
RESULT: {}
RESULT: {}
RESULT: undefined
COMMAND: POST /session/c72c23a71f957f5f97380492e1ede48b/element - {"using":"xpath","value":"//*[@id=\"__tile38\"]"}
RESULT: {"using":"xpath","value":"//*[@id=\"__tile38\"]"}
COMMAND: POST /session/c72c23a71f957f5f97380492e1ede48b/element/f.9B2FD2DF9A9EBD12F39787CA2B3A3B3C.d.F187016BA9202BE32740C80190D790A8.e.146/click - {}
RESULT: {}
COMMAND: GET /session/c72c23a71f957f5f97380492e1ede48b/screenshot - {}
RESULT: {}
COMMAND: POST /session/c72c23a71f957f5f97380492e1ede48b/elements - {"using":"xpath","value":"//span[text()='Error']"}
RESULT: {"using":"xpath","value":"//span[text()='Error']"}
COMMAND: POST /session/c72c23a71f957f5f97380492e1ede48b/element - {"using":"xpath","value":"//button[@data-kt=\"addButton\"]"}
RESULT: {"using":"xpath","value":"//button[@data-kt=\"addButton\"]"}
COMMAND: POST /session/c72c23a71f957f5f97380492e1ede48b/elements - {"using":"xpath","value":"//button[@data-kt=\"addButton\"]"}
RESULT: {"using":"xpath","value":"//button[@data-kt=\"addButton\"]"}
COMMAND: POST /session/c72c23a71f957f5f97380492e1ede48b/execute/sync - {"script":"<script> [8489 bytes]","args":[{"element-6066-11e4-a52e-4f735466cecf":"f.9B2FD2DF9A9EBD12F39787CA2B3A3B3C.d.F187016BA9202BE32740C80190D790A8.e.2219","ELEMENT":"f.9B2FD2DF9A9EBD12F39787CA2B3A3B3C.d.F187016BA9202BE32740C80190D790A8.e.2219"}]}
RESULT: {"script":"<script> [8489 bytes]","args":[{"element-6066-11e4-a52e-4f735466cecf":"f.9B2FD2DF9A9EBD12F39787CA2B3A3B3C.d.F187016BA9202BE32740C80190D790A8.e.2219","ELEMENT":"f.9B2FD2DF9A9EBD12F39787CA2B3A3B3C.d.F187016BA9202BE32740C80190D790A8.e.2219"}]}
COMMAND: GET /session/c72c23a71f957f5f97380492e1ede48b/element/f.9B2FD2DF9A9EBD12F39787CA2B3A3B3C.d.F187016BA9202BE32740C80190D790A8.e.2219/enabled - {}
COMMAND: GET /session/c72c23a71f957f5f97380492e1ede48b/screenshot - {}
RESULT: {}
COMMAND: POST /session/c72c23a71f957f5f97380492e1ede48b/execute/sync - {"script":"<script> [8489 bytes]","args":[{"element-6066-11e4-a52e-4f735466cecf":"f.9B2FD2DF9A9EBD12F39787CA2B3A3B3C.d.F187016BA9202BE32740C80190D790A8.e.2219","ELEMENT":"f.9B2FD2DF9A9EBD12F39787CA2B3A3B3C.d.F187016BA9202BE32740C80190D790A8.e.2219"}]}
COMMAND: GET /session/c72c23a71f957f5f97380492e1ede48b/screenshot - {}
RESULT: {}
RESULT: {"script":"<script> [8489 bytes]","args":[{"element-6066-11e4-a52e-4f735466cecf":"f.9B2FD2DF9A9EBD12F39787CA2B3A3B3C.d.F187016BA9202BE32740C80190D790A8.e.2219","ELEMENT":"f.9B2FD2DF9A9EBD12F39787CA2B3A3B3C.d.F187016BA9202BE32740C80190D790A8.e.2219"}]}
COMMAND: POST /session/c72c23a71f957f5f97380492e1ede48b/execute/sync - {"script":"<script> [5351 bytes]","args":[{"element-6066-11e4-a52e-4f735466cecf":"f.9B2FD2DF9A9EBD12F39787CA2B3A3B3C.d.F187016BA9202BE32740C80190D790A8.e.2219","ELEMENT":"f.9B2FD2DF9A9EBD12F39787CA2B3A3B3C.d.F187016BA9202BE32740C80190D790A8.e.2219"}]}
COMMAND: GET /session/c72c23a71f957f5f97380492e1ede48b/screenshot - {}
RESULT: {}
RESULT: {"script":"<script> [5351 bytes]","args":[{"element-6066-11e4-a52e-4f735466cecf":"f.9B2FD2DF9A9EBD12F39787CA2B3A3B3C.d.F187016BA9202BE32740C80190D790A8.e.2219","ELEMENT":"f.9B2FD2DF9A9EBD12F39787CA2B3A3B3C.d.F187016BA9202BE32740C80190D790A8.e.2219"}]}
COMMAND: GET /session/c72c23a71f957f5f97380492e1ede48b/screenshot - {}
RESULT: {}
RESULT: {}
COMMAND: POST /session/c72c23a71f957f5f97380492e1ede48b/execute/async - {"script":"<script> [1562 bytes]","args":[{"selector":{"id":"application-managepartners-display-component---masterPtm--smartFilterBar-btnBasicSearch","interaction":{"idSuffix":"I"}},"wdio_ui5_key":"applicationmanagepartners-display-component---masterPtm--smartFilterBar-btnBasicSearch"}]}
RESULT: {"script":"<script> [1562 bytes]","args":[{"selector":{"id":"application-managepartners-display-component---masterPtm--smartFilterBar-btnBasicSearch","interaction":{"idSuffix":"I"}},"wdio_ui5_key":"applicationmanagepartners-display-component---masterPtm--smartFilterBar-btnBasicSearch"}]}
RESULT: undefined
COMMAND: POST /session/c72c23a71f957f5f97380492e1ede48b/execute/async - {"script":"<script> [776 bytes]","args":[{"enterText":"1204","selector":{"id":"application-managepartners-display-component---masterPtm--smartFilterBar-btnBasicSearch","interaction":{"idSuffix":"I"}},"clearTextFirst":true,"interactionType":"ENTER_TEXT"}]}
RESULT: {"script":"<script> [776 bytes]","args":[{"enterText":"1204","selector":{"id":"application-managepartners-display-component---masterPtm--smartFilterBar-btnBasicSearch","interaction":{"idSuffix":"I"}},"clearTextFirst":true,"interactionType":"ENTER_TEXT"}]}
COMMAND: POST /session/c72c23a71f957f5f97380492e1ede48b/actions - {"actions":[{"id":"action4","type":"key","parameters":{},"actions":[{"type":"keyDown","value":""},{"type":"pause","duration":10},{"type":"keyUp","value":""}]}]}
RESULT: {"actions":[{"id":"action4","type":"key","parameters":{},"actions":[{"type":"keyDown","value":""},{"type":"pause","duration":10},{"type":"keyUp","value":""}]}]}
COMMAND: GET /session/c72c23a71f957f5f97380492e1ede48b/screenshot - {}
RESULT: {}
COMMAND: POST /session/c72c23a71f957f5f97380492e1ede48b/elements - {"using":"xpath","value":"//table[contains(@id, \"customPartnersTable-listUl\")]/tbody/tr"}
RESULT: {"using":"xpath","value":"//table[contains(@id, \"customPartnersTable-listUl\")]/tbody/tr"}
COMMAND: POST /session/c72c23a71f957f5f97380492e1ede48b/element - {"using":"xpath","value":"//table[contains(@id, \"customPartnersTable-listUl\")]/tbody/tr[1]/td[3]/span"}
RESULT: {"using":"xpath","value":"//table[contains(@id, \"customPartnersTable-listUl\")]/tbody/tr[1]/td[3]/span"}
COMMAND: POST /session/c72c23a71f957f5f97380492e1ede48b/elements - {"using":"xpath","value":"//table[contains(@id, \"customPartnersTable-listUl\")]/tbody/tr[1]/td[3]/span"}
RESULT: {"using":"xpath","value":"//table[contains(@id, \"customPartnersTable-listUl\")]/tbody/tr[1]/td[3]/span"}
COMMAND: POST /session/c72c23a71f957f5f97380492e1ede48b/execute/sync - {"script":"<script> [56 bytes]","args":[{"element-6066-11e4-a52e-4f735466cecf":"f.9B2FD2DF9A9EBD12F39787CA2B3A3B3C.d.F187016BA9202BE32740C80190D790A8.e.2356","ELEMENT":"f.9B2FD2DF9A9EBD12F39787CA2B3A3B3C.d.F187016BA9202BE32740C80190D790A8.e.2356"}]}
RESULT: {"script":"<script> [56 bytes]","args":[{"element-6066-11e4-a52e-4f735466cecf":"f.9B2FD2DF9A9EBD12F39787CA2B3A3B3C.d.F187016BA9202BE32740C80190D790A8.e.2356","ELEMENT":"f.9B2FD2DF9A9EBD12F39787CA2B3A3B3C.d.F187016BA9202BE32740C80190D790A8.e.2356"}]}
COMMAND: POST /session/c72c23a71f957f5f97380492e1ede48b/element - {"using":"xpath","value":"//table[contains(@id, \"customPartnersTable-listUl\")]/tbody/tr[1]/td[7]/div/span"}
COMMAND: GET /session/c72c23a71f957f5f97380492e1ede48b/screenshot - {}
RESULT: {"using":"xpath","value":"//table[contains(@id, \"customPartnersTable-listUl\")]/tbody/tr[1]/td[7]/div/span"}
COMMAND: POST /session/c72c23a71f957f5f97380492e1ede48b/execute/sync - {"script":"<script> [56 bytes]","args":[{"element-6066-11e4-a52e-4f735466cecf":"f.9B2FD2DF9A9EBD12F39787CA2B3A3B3C.d.F187016BA9202BE32740C80190D790A8.e.2357","ELEMENT":"f.9B2FD2DF9A9EBD12F39787CA2B3A3B3C.d.F187016BA9202BE32740C80190D790A8.e.2357"}]}
RESULT: {}
RESULT: {"script":"<script> [56 bytes]","args":[{"element-6066-11e4-a52e-4f735466cecf":"f.9B2FD2DF9A9EBD12F39787CA2B3A3B3C.d.F187016BA9202BE32740C80190D790A8.e.2357","ELEMENT":"f.9B2FD2DF9A9EBD12F39787CA2B3A3B3C.d.F187016BA9202BE32740C80190D790A8.e.2357"}]}
COMMAND: POST /session/c72c23a71f957f5f97380492e1ede48b/element - {"using":"xpath","value":"//table[contains(@id, \"customPartnersTable-listUl\")]/tbody/tr[1]/td[2]/div/div"}
COMMAND: GET /session/c72c23a71f957f5f97380492e1ede48b/screenshot - {}
RESULT: {"using":"xpath","value":"//table[contains(@id, \"customPartnersTable-listUl\")]/tbody/tr[1]/td[2]/div/div"}
COMMAND: POST /session/c72c23a71f957f5f97380492e1ede48b/element/f.9B2FD2DF9A9EBD12F39787CA2B3A3B3C.d.F187016BA9202BE32740C80190D790A8.e.2358/click - {}
RESULT: {}
RESULT: {}
COMMAND: GET /session/c72c23a71f957f5f97380492e1ede48b/screenshot - {}
RESULT: {}
COMMAND: POST /session/c72c23a71f957f5f97380492e1ede48b/element - {"using":"xpath","value":"//bdi[contains(text(), \"Deactivate\")]"}
RESULT: {"using":"xpath","value":"//bdi[contains(text(), \"Deactivate\")]"}
COMMAND: POST /session/c72c23a71f957f5f97380492e1ede48b/element/f.9B2FD2DF9A9EBD12F39787CA2B3A3B3C.d.F187016BA9202BE32740C80190D790A8.e.2359/click - {}
RESULT: {}
COMMAND: GET /session/c72c23a71f957f5f97380492e1ede48b/screenshot - {}
RESULT: {}
COMMAND: POST /session/c72c23a71f957f5f97380492e1ede48b/element - {"using":"xpath","value":"//bdi[contains(text(), \"Yes\")]"}
RESULT: {"using":"xpath","value":"//bdi[contains(text(), \"Yes\")]"}
COMMAND: POST /session/c72c23a71f957f5f97380492e1ede48b/element/f.9B2FD2DF9A9EBD12F39787CA2B3A3B3C.d.F187016BA9202BE32740C80190D790A8.e.2361/click - {}
RESULT: {}
COMMAND: GET /session/c72c23a71f957f5f97380492e1ede48b/screenshot - {}
RESULT: {}
COMMAND: POST /session/c72c23a71f957f5f97380492e1ede48b/element - {"using":"xpath","value":"//table[contains(@id, \"customPartnersTable-listUl\")]/tbody/tr[1]/td[7]/div/span"}
RESULT: {"using":"xpath","value":"//table[contains(@id, \"customPartnersTable-listUl\")]/tbody/tr[1]/td[7]/div/span"}
COMMAND: POST /session/c72c23a71f957f5f97380492e1ede48b/execute/sync - {"script":"<script> [56 bytes]","args":[{"element-6066-11e4-a52e-4f735466cecf":"f.9B2FD2DF9A9EBD12F39787CA2B3A3B3C.d.F187016BA9202BE32740C80190D790A8.e.2357","ELEMENT":"f.9B2FD2DF9A9EBD12F39787CA2B3A3B3C.d.F187016BA9202BE32740C80190D790A8.e.2357"}]}
RESULT: {"script":"<script> [56 bytes]","args":[{"element-6066-11e4-a52e-4f735466cecf":"f.9B2FD2DF9A9EBD12F39787CA2B3A3B3C.d.F187016BA9202BE32740C80190D790A8.e.2357","ELEMENT":"f.9B2FD2DF9A9EBD12F39787CA2B3A3B3C.d.F187016BA9202BE32740C80190D790A8.e.2357"}]}
COMMAND: GET /session/c72c23a71f957f5f97380492e1ede48b/screenshot - {}
RESULT: {}
COMMAND: POST /session/c72c23a71f957f5f97380492e1ede48b/element - {"using":"css selector","value":"#shell-header-logo"}
RESULT: {"using":"css selector","value":"#shell-header-logo"}
COMMAND: POST /session/c72c23a71f957f5f97380492e1ede48b/element/f.9B2FD2DF9A9EBD12F39787CA2B3A3B3C.d.F187016BA9202BE32740C80190D790A8.e.2173/click - {}
RESULT: {}
COMMAND: GET /session/c72c23a71f957f5f97380492e1ede48b/screenshot - {}
RESULT: {}
]]></system-out>
    </testcase>
    <testcase classname="chrome.136_0_7103_93.windows.Partner_specific_tests_US150819_US151080_US151654_US151176_US103444_US151078_US151079_US151109_US151174_US151175_US151189" name="Should activate the created partner again US151176" time="52.586">
      <system-out><![CDATA[
COMMAND: POST /session/c72c23a71f957f5f97380492e1ede48b/element - {"using":"xpath","value":"//li[.//span[text()=\"Manage Partners\"]]"}
RESULT: {"using":"xpath","value":"//li[.//span[text()=\"Manage Partners\"]]"}
COMMAND: POST /session/c72c23a71f957f5f97380492e1ede48b/element - {"using":"xpath","value":"//li[.//span[text()=\"Manage Partners\"]]"}
RESULT: {"using":"xpath","value":"//li[.//span[text()=\"Manage Partners\"]]"}
COMMAND: POST /session/c72c23a71f957f5f97380492e1ede48b/element - {"using":"css selector","value":"#shell-header-logo"}
RESULT: {"using":"css selector","value":"#shell-header-logo"}
COMMAND: POST /session/c72c23a71f957f5f97380492e1ede48b/element/f.9B2FD2DF9A9EBD12F39787CA2B3A3B3C.d.F187016BA9202BE32740C80190D790A8.e.2365/click - {}
COMMAND: POST /session/c72c23a71f957f5f97380492e1ede48b/execute/sync - {"script":"<script> [8489 bytes]","args":[{"element-6066-11e4-a52e-4f735466cecf":"f.9B2FD2DF9A9EBD12F39787CA2B3A3B3C.d.F187016BA9202BE32740C80190D790A8.e.2365","ELEMENT":"f.9B2FD2DF9A9EBD12F39787CA2B3A3B3C.d.F187016BA9202BE32740C80190D790A8.e.2365"}]}
RESULT: {}
COMMAND: GET /session/c72c23a71f957f5f97380492e1ede48b/screenshot - {}
RESULT: {"script":"<script> [8489 bytes]","args":[{"element-6066-11e4-a52e-4f735466cecf":"f.9B2FD2DF9A9EBD12F39787CA2B3A3B3C.d.F187016BA9202BE32740C80190D790A8.e.2365","ELEMENT":"f.9B2FD2DF9A9EBD12F39787CA2B3A3B3C.d.F187016BA9202BE32740C80190D790A8.e.2365"}]}
COMMAND: POST /session/c72c23a71f957f5f97380492e1ede48b/execute/sync - {"script":"<script> [5351 bytes]","args":[{"element-6066-11e4-a52e-4f735466cecf":"f.9B2FD2DF9A9EBD12F39787CA2B3A3B3C.d.F187016BA9202BE32740C80190D790A8.e.2365","ELEMENT":"f.9B2FD2DF9A9EBD12F39787CA2B3A3B3C.d.F187016BA9202BE32740C80190D790A8.e.2365"}]}
COMMAND: GET /session/c72c23a71f957f5f97380492e1ede48b/screenshot - {}
RESULT: {}
RESULT: {"script":"<script> [5351 bytes]","args":[{"element-6066-11e4-a52e-4f735466cecf":"f.9B2FD2DF9A9EBD12F39787CA2B3A3B3C.d.F187016BA9202BE32740C80190D790A8.e.2365","ELEMENT":"f.9B2FD2DF9A9EBD12F39787CA2B3A3B3C.d.F187016BA9202BE32740C80190D790A8.e.2365"}]}
COMMAND: GET /session/c72c23a71f957f5f97380492e1ede48b/screenshot - {}
RESULT: {}
RESULT: {}
RESULT: undefined
COMMAND: POST /session/c72c23a71f957f5f97380492e1ede48b/element - {"using":"xpath","value":"//*[@id=\"__tile38\"]"}
RESULT: {"using":"xpath","value":"//*[@id=\"__tile38\"]"}
COMMAND: POST /session/c72c23a71f957f5f97380492e1ede48b/element/f.9B2FD2DF9A9EBD12F39787CA2B3A3B3C.d.F187016BA9202BE32740C80190D790A8.e.146/click - {}
RESULT: {}
COMMAND: GET /session/c72c23a71f957f5f97380492e1ede48b/screenshot - {}
RESULT: {}
COMMAND: POST /session/c72c23a71f957f5f97380492e1ede48b/elements - {"using":"xpath","value":"//span[text()='Error']"}
RESULT: {"using":"xpath","value":"//span[text()='Error']"}
COMMAND: POST /session/c72c23a71f957f5f97380492e1ede48b/element - {"using":"xpath","value":"//button[@data-kt=\"addButton\"]"}
RESULT: {"using":"xpath","value":"//button[@data-kt=\"addButton\"]"}
COMMAND: POST /session/c72c23a71f957f5f97380492e1ede48b/elements - {"using":"xpath","value":"//button[@data-kt=\"addButton\"]"}
RESULT: {"using":"xpath","value":"//button[@data-kt=\"addButton\"]"}
COMMAND: POST /session/c72c23a71f957f5f97380492e1ede48b/execute/sync - {"script":"<script> [8489 bytes]","args":[{"element-6066-11e4-a52e-4f735466cecf":"f.9B2FD2DF9A9EBD12F39787CA2B3A3B3C.d.F187016BA9202BE32740C80190D790A8.e.2410","ELEMENT":"f.9B2FD2DF9A9EBD12F39787CA2B3A3B3C.d.F187016BA9202BE32740C80190D790A8.e.2410"}]}
RESULT: {"script":"<script> [8489 bytes]","args":[{"element-6066-11e4-a52e-4f735466cecf":"f.9B2FD2DF9A9EBD12F39787CA2B3A3B3C.d.F187016BA9202BE32740C80190D790A8.e.2410","ELEMENT":"f.9B2FD2DF9A9EBD12F39787CA2B3A3B3C.d.F187016BA9202BE32740C80190D790A8.e.2410"}]}
COMMAND: GET /session/c72c23a71f957f5f97380492e1ede48b/element/f.9B2FD2DF9A9EBD12F39787CA2B3A3B3C.d.F187016BA9202BE32740C80190D790A8.e.2410/enabled - {}
COMMAND: GET /session/c72c23a71f957f5f97380492e1ede48b/screenshot - {}
RESULT: {}
COMMAND: POST /session/c72c23a71f957f5f97380492e1ede48b/execute/sync - {"script":"<script> [8489 bytes]","args":[{"element-6066-11e4-a52e-4f735466cecf":"f.9B2FD2DF9A9EBD12F39787CA2B3A3B3C.d.F187016BA9202BE32740C80190D790A8.e.2410","ELEMENT":"f.9B2FD2DF9A9EBD12F39787CA2B3A3B3C.d.F187016BA9202BE32740C80190D790A8.e.2410"}]}
COMMAND: GET /session/c72c23a71f957f5f97380492e1ede48b/screenshot - {}
RESULT: {}
RESULT: {"script":"<script> [8489 bytes]","args":[{"element-6066-11e4-a52e-4f735466cecf":"f.9B2FD2DF9A9EBD12F39787CA2B3A3B3C.d.F187016BA9202BE32740C80190D790A8.e.2410","ELEMENT":"f.9B2FD2DF9A9EBD12F39787CA2B3A3B3C.d.F187016BA9202BE32740C80190D790A8.e.2410"}]}
COMMAND: POST /session/c72c23a71f957f5f97380492e1ede48b/execute/sync - {"script":"<script> [5351 bytes]","args":[{"element-6066-11e4-a52e-4f735466cecf":"f.9B2FD2DF9A9EBD12F39787CA2B3A3B3C.d.F187016BA9202BE32740C80190D790A8.e.2410","ELEMENT":"f.9B2FD2DF9A9EBD12F39787CA2B3A3B3C.d.F187016BA9202BE32740C80190D790A8.e.2410"}]}
COMMAND: GET /session/c72c23a71f957f5f97380492e1ede48b/screenshot - {}
RESULT: {}
RESULT: {"script":"<script> [5351 bytes]","args":[{"element-6066-11e4-a52e-4f735466cecf":"f.9B2FD2DF9A9EBD12F39787CA2B3A3B3C.d.F187016BA9202BE32740C80190D790A8.e.2410","ELEMENT":"f.9B2FD2DF9A9EBD12F39787CA2B3A3B3C.d.F187016BA9202BE32740C80190D790A8.e.2410"}]}
COMMAND: GET /session/c72c23a71f957f5f97380492e1ede48b/screenshot - {}
RESULT: {}
RESULT: {}
RESULT: undefined
COMMAND: POST /session/c72c23a71f957f5f97380492e1ede48b/execute/async - {"script":"<script> [776 bytes]","args":[{"enterText":"1204","selector":{"id":"application-managepartners-display-component---masterPtm--smartFilterBar-btnBasicSearch","interaction":{"idSuffix":"I"}},"clearTextFirst":true,"interactionType":"ENTER_TEXT"}]}
RESULT: {"script":"<script> [776 bytes]","args":[{"enterText":"1204","selector":{"id":"application-managepartners-display-component---masterPtm--smartFilterBar-btnBasicSearch","interaction":{"idSuffix":"I"}},"clearTextFirst":true,"interactionType":"ENTER_TEXT"}]}
COMMAND: POST /session/c72c23a71f957f5f97380492e1ede48b/actions - {"actions":[{"id":"action5","type":"key","parameters":{},"actions":[{"type":"keyDown","value":""},{"type":"pause","duration":10},{"type":"keyUp","value":""}]}]}
RESULT: {"actions":[{"id":"action5","type":"key","parameters":{},"actions":[{"type":"keyDown","value":""},{"type":"pause","duration":10},{"type":"keyUp","value":""}]}]}
COMMAND: GET /session/c72c23a71f957f5f97380492e1ede48b/screenshot - {}
RESULT: {}
COMMAND: POST /session/c72c23a71f957f5f97380492e1ede48b/elements - {"using":"xpath","value":"//table[contains(@id, \"customPartnersTable-listUl\")]/tbody/tr"}
RESULT: {"using":"xpath","value":"//table[contains(@id, \"customPartnersTable-listUl\")]/tbody/tr"}
COMMAND: POST /session/c72c23a71f957f5f97380492e1ede48b/element - {"using":"xpath","value":"//table[contains(@id, \"customPartnersTable-listUl\")]/tbody/tr[1]/td[3]/span"}
RESULT: {"using":"xpath","value":"//table[contains(@id, \"customPartnersTable-listUl\")]/tbody/tr[1]/td[3]/span"}
COMMAND: POST /session/c72c23a71f957f5f97380492e1ede48b/elements - {"using":"xpath","value":"//table[contains(@id, \"customPartnersTable-listUl\")]/tbody/tr[1]/td[3]/span"}
RESULT: {"using":"xpath","value":"//table[contains(@id, \"customPartnersTable-listUl\")]/tbody/tr[1]/td[3]/span"}
COMMAND: POST /session/c72c23a71f957f5f97380492e1ede48b/execute/sync - {"script":"<script> [56 bytes]","args":[{"element-6066-11e4-a52e-4f735466cecf":"f.9B2FD2DF9A9EBD12F39787CA2B3A3B3C.d.F187016BA9202BE32740C80190D790A8.e.2546","ELEMENT":"f.9B2FD2DF9A9EBD12F39787CA2B3A3B3C.d.F187016BA9202BE32740C80190D790A8.e.2546"}]}
RESULT: {"script":"<script> [56 bytes]","args":[{"element-6066-11e4-a52e-4f735466cecf":"f.9B2FD2DF9A9EBD12F39787CA2B3A3B3C.d.F187016BA9202BE32740C80190D790A8.e.2546","ELEMENT":"f.9B2FD2DF9A9EBD12F39787CA2B3A3B3C.d.F187016BA9202BE32740C80190D790A8.e.2546"}]}
COMMAND: POST /session/c72c23a71f957f5f97380492e1ede48b/element - {"using":"xpath","value":"//table[contains(@id, \"customPartnersTable-listUl\")]/tbody/tr[1]/td[7]/div/span"}
COMMAND: GET /session/c72c23a71f957f5f97380492e1ede48b/screenshot - {}
RESULT: {"using":"xpath","value":"//table[contains(@id, \"customPartnersTable-listUl\")]/tbody/tr[1]/td[7]/div/span"}
COMMAND: POST /session/c72c23a71f957f5f97380492e1ede48b/execute/sync - {"script":"<script> [56 bytes]","args":[{"element-6066-11e4-a52e-4f735466cecf":"f.9B2FD2DF9A9EBD12F39787CA2B3A3B3C.d.F187016BA9202BE32740C80190D790A8.e.2547","ELEMENT":"f.9B2FD2DF9A9EBD12F39787CA2B3A3B3C.d.F187016BA9202BE32740C80190D790A8.e.2547"}]}
RESULT: {}
RESULT: {"script":"<script> [56 bytes]","args":[{"element-6066-11e4-a52e-4f735466cecf":"f.9B2FD2DF9A9EBD12F39787CA2B3A3B3C.d.F187016BA9202BE32740C80190D790A8.e.2547","ELEMENT":"f.9B2FD2DF9A9EBD12F39787CA2B3A3B3C.d.F187016BA9202BE32740C80190D790A8.e.2547"}]}
COMMAND: POST /session/c72c23a71f957f5f97380492e1ede48b/element - {"using":"xpath","value":"//table[contains(@id, \"customPartnersTable-listUl\")]/tbody/tr[1]/td[2]/div/div"}
COMMAND: GET /session/c72c23a71f957f5f97380492e1ede48b/screenshot - {}
RESULT: {"using":"xpath","value":"//table[contains(@id, \"customPartnersTable-listUl\")]/tbody/tr[1]/td[2]/div/div"}
COMMAND: POST /session/c72c23a71f957f5f97380492e1ede48b/element/f.9B2FD2DF9A9EBD12F39787CA2B3A3B3C.d.F187016BA9202BE32740C80190D790A8.e.2548/click - {}
RESULT: {}
RESULT: {}
COMMAND: GET /session/c72c23a71f957f5f97380492e1ede48b/screenshot - {}
RESULT: {}
COMMAND: POST /session/c72c23a71f957f5f97380492e1ede48b/element - {"using":"xpath","value":"//bdi[contains(text(), \"Activate\")]"}
RESULT: {"using":"xpath","value":"//bdi[contains(text(), \"Activate\")]"}
COMMAND: POST /session/c72c23a71f957f5f97380492e1ede48b/element/f.9B2FD2DF9A9EBD12F39787CA2B3A3B3C.d.F187016BA9202BE32740C80190D790A8.e.2549/click - {}
RESULT: {}
COMMAND: GET /session/c72c23a71f957f5f97380492e1ede48b/screenshot - {}
RESULT: {}
COMMAND: POST /session/c72c23a71f957f5f97380492e1ede48b/element - {"using":"xpath","value":"//bdi[contains(text(), \"Yes\")]"}
RESULT: {"using":"xpath","value":"//bdi[contains(text(), \"Yes\")]"}
COMMAND: POST /session/c72c23a71f957f5f97380492e1ede48b/element/f.9B2FD2DF9A9EBD12F39787CA2B3A3B3C.d.F187016BA9202BE32740C80190D790A8.e.2551/click - {}
RESULT: {}
COMMAND: GET /session/c72c23a71f957f5f97380492e1ede48b/screenshot - {}
RESULT: {}
COMMAND: POST /session/c72c23a71f957f5f97380492e1ede48b/element - {"using":"xpath","value":"//table[contains(@id, \"customPartnersTable-listUl\")]/tbody/tr[1]/td[7]/div/span"}
RESULT: {"using":"xpath","value":"//table[contains(@id, \"customPartnersTable-listUl\")]/tbody/tr[1]/td[7]/div/span"}
COMMAND: POST /session/c72c23a71f957f5f97380492e1ede48b/execute/sync - {"script":"<script> [56 bytes]","args":[{"element-6066-11e4-a52e-4f735466cecf":"f.9B2FD2DF9A9EBD12F39787CA2B3A3B3C.d.F187016BA9202BE32740C80190D790A8.e.2547","ELEMENT":"f.9B2FD2DF9A9EBD12F39787CA2B3A3B3C.d.F187016BA9202BE32740C80190D790A8.e.2547"}]}
RESULT: {"script":"<script> [56 bytes]","args":[{"element-6066-11e4-a52e-4f735466cecf":"f.9B2FD2DF9A9EBD12F39787CA2B3A3B3C.d.F187016BA9202BE32740C80190D790A8.e.2547","ELEMENT":"f.9B2FD2DF9A9EBD12F39787CA2B3A3B3C.d.F187016BA9202BE32740C80190D790A8.e.2547"}]}
COMMAND: GET /session/c72c23a71f957f5f97380492e1ede48b/screenshot - {}
RESULT: {}
COMMAND: POST /session/c72c23a71f957f5f97380492e1ede48b/element - {"using":"css selector","value":"#shell-header-logo"}
RESULT: {"using":"css selector","value":"#shell-header-logo"}
COMMAND: POST /session/c72c23a71f957f5f97380492e1ede48b/element/f.9B2FD2DF9A9EBD12F39787CA2B3A3B3C.d.F187016BA9202BE32740C80190D790A8.e.2365/click - {}
RESULT: {}
COMMAND: GET /session/c72c23a71f957f5f97380492e1ede48b/screenshot - {}
RESULT: {}
]]></system-out>
    </testcase>
    <testcase classname="chrome.136_0_7103_93.windows.Partner_specific_tests_US150819_US151080_US151654_US151176_US103444_US151078_US151079_US151109_US151174_US151175_US151189" name="Should edit the created external partner and save it and check its content US103444" time="57.42">
      <system-out><![CDATA[
COMMAND: POST /session/c72c23a71f957f5f97380492e1ede48b/element - {"using":"xpath","value":"//li[.//span[text()=\"Manage Partners\"]]"}
RESULT: {"using":"xpath","value":"//li[.//span[text()=\"Manage Partners\"]]"}
COMMAND: POST /session/c72c23a71f957f5f97380492e1ede48b/element - {"using":"xpath","value":"//li[.//span[text()=\"Manage Partners\"]]"}
RESULT: {"using":"xpath","value":"//li[.//span[text()=\"Manage Partners\"]]"}
COMMAND: POST /session/c72c23a71f957f5f97380492e1ede48b/element - {"using":"css selector","value":"#shell-header-logo"}
RESULT: {"using":"css selector","value":"#shell-header-logo"}
COMMAND: POST /session/c72c23a71f957f5f97380492e1ede48b/element/f.9B2FD2DF9A9EBD12F39787CA2B3A3B3C.d.F187016BA9202BE32740C80190D790A8.e.2555/click - {}
COMMAND: POST /session/c72c23a71f957f5f97380492e1ede48b/execute/sync - {"script":"<script> [8489 bytes]","args":[{"element-6066-11e4-a52e-4f735466cecf":"f.9B2FD2DF9A9EBD12F39787CA2B3A3B3C.d.F187016BA9202BE32740C80190D790A8.e.2555","ELEMENT":"f.9B2FD2DF9A9EBD12F39787CA2B3A3B3C.d.F187016BA9202BE32740C80190D790A8.e.2555"}]}
RESULT: {}
COMMAND: GET /session/c72c23a71f957f5f97380492e1ede48b/screenshot - {}
RESULT: {"script":"<script> [8489 bytes]","args":[{"element-6066-11e4-a52e-4f735466cecf":"f.9B2FD2DF9A9EBD12F39787CA2B3A3B3C.d.F187016BA9202BE32740C80190D790A8.e.2555","ELEMENT":"f.9B2FD2DF9A9EBD12F39787CA2B3A3B3C.d.F187016BA9202BE32740C80190D790A8.e.2555"}]}
COMMAND: POST /session/c72c23a71f957f5f97380492e1ede48b/execute/sync - {"script":"<script> [5351 bytes]","args":[{"element-6066-11e4-a52e-4f735466cecf":"f.9B2FD2DF9A9EBD12F39787CA2B3A3B3C.d.F187016BA9202BE32740C80190D790A8.e.2555","ELEMENT":"f.9B2FD2DF9A9EBD12F39787CA2B3A3B3C.d.F187016BA9202BE32740C80190D790A8.e.2555"}]}
COMMAND: GET /session/c72c23a71f957f5f97380492e1ede48b/screenshot - {}
RESULT: {}
RESULT: {"script":"<script> [5351 bytes]","args":[{"element-6066-11e4-a52e-4f735466cecf":"f.9B2FD2DF9A9EBD12F39787CA2B3A3B3C.d.F187016BA9202BE32740C80190D790A8.e.2555","ELEMENT":"f.9B2FD2DF9A9EBD12F39787CA2B3A3B3C.d.F187016BA9202BE32740C80190D790A8.e.2555"}]}
COMMAND: GET /session/c72c23a71f957f5f97380492e1ede48b/screenshot - {}
RESULT: {}
RESULT: {}
RESULT: undefined
COMMAND: POST /session/c72c23a71f957f5f97380492e1ede48b/element - {"using":"xpath","value":"//*[@id=\"__tile38\"]"}
RESULT: {"using":"xpath","value":"//*[@id=\"__tile38\"]"}
COMMAND: POST /session/c72c23a71f957f5f97380492e1ede48b/element/f.9B2FD2DF9A9EBD12F39787CA2B3A3B3C.d.F187016BA9202BE32740C80190D790A8.e.146/click - {}
RESULT: {}
COMMAND: GET /session/c72c23a71f957f5f97380492e1ede48b/screenshot - {}
RESULT: {}
COMMAND: POST /session/c72c23a71f957f5f97380492e1ede48b/elements - {"using":"xpath","value":"//span[text()='Error']"}
RESULT: {"using":"xpath","value":"//span[text()='Error']"}
COMMAND: POST /session/c72c23a71f957f5f97380492e1ede48b/element - {"using":"xpath","value":"//button[@data-kt=\"addButton\"]"}
RESULT: {"using":"xpath","value":"//button[@data-kt=\"addButton\"]"}
COMMAND: POST /session/c72c23a71f957f5f97380492e1ede48b/elements - {"using":"xpath","value":"//button[@data-kt=\"addButton\"]"}
RESULT: {"using":"xpath","value":"//button[@data-kt=\"addButton\"]"}
COMMAND: POST /session/c72c23a71f957f5f97380492e1ede48b/execute/sync - {"script":"<script> [8489 bytes]","args":[{"element-6066-11e4-a52e-4f735466cecf":"f.9B2FD2DF9A9EBD12F39787CA2B3A3B3C.d.F187016BA9202BE32740C80190D790A8.e.2601","ELEMENT":"f.9B2FD2DF9A9EBD12F39787CA2B3A3B3C.d.F187016BA9202BE32740C80190D790A8.e.2601"}]}
RESULT: {"script":"<script> [8489 bytes]","args":[{"element-6066-11e4-a52e-4f735466cecf":"f.9B2FD2DF9A9EBD12F39787CA2B3A3B3C.d.F187016BA9202BE32740C80190D790A8.e.2601","ELEMENT":"f.9B2FD2DF9A9EBD12F39787CA2B3A3B3C.d.F187016BA9202BE32740C80190D790A8.e.2601"}]}
COMMAND: GET /session/c72c23a71f957f5f97380492e1ede48b/element/f.9B2FD2DF9A9EBD12F39787CA2B3A3B3C.d.F187016BA9202BE32740C80190D790A8.e.2601/enabled - {}
COMMAND: GET /session/c72c23a71f957f5f97380492e1ede48b/screenshot - {}
RESULT: {}
COMMAND: POST /session/c72c23a71f957f5f97380492e1ede48b/execute/sync - {"script":"<script> [8489 bytes]","args":[{"element-6066-11e4-a52e-4f735466cecf":"f.9B2FD2DF9A9EBD12F39787CA2B3A3B3C.d.F187016BA9202BE32740C80190D790A8.e.2601","ELEMENT":"f.9B2FD2DF9A9EBD12F39787CA2B3A3B3C.d.F187016BA9202BE32740C80190D790A8.e.2601"}]}
COMMAND: GET /session/c72c23a71f957f5f97380492e1ede48b/screenshot - {}
RESULT: {}
RESULT: {"script":"<script> [8489 bytes]","args":[{"element-6066-11e4-a52e-4f735466cecf":"f.9B2FD2DF9A9EBD12F39787CA2B3A3B3C.d.F187016BA9202BE32740C80190D790A8.e.2601","ELEMENT":"f.9B2FD2DF9A9EBD12F39787CA2B3A3B3C.d.F187016BA9202BE32740C80190D790A8.e.2601"}]}
COMMAND: POST /session/c72c23a71f957f5f97380492e1ede48b/execute/sync - {"script":"<script> [5351 bytes]","args":[{"element-6066-11e4-a52e-4f735466cecf":"f.9B2FD2DF9A9EBD12F39787CA2B3A3B3C.d.F187016BA9202BE32740C80190D790A8.e.2601","ELEMENT":"f.9B2FD2DF9A9EBD12F39787CA2B3A3B3C.d.F187016BA9202BE32740C80190D790A8.e.2601"}]}
COMMAND: GET /session/c72c23a71f957f5f97380492e1ede48b/screenshot - {}
RESULT: {}
RESULT: {"script":"<script> [5351 bytes]","args":[{"element-6066-11e4-a52e-4f735466cecf":"f.9B2FD2DF9A9EBD12F39787CA2B3A3B3C.d.F187016BA9202BE32740C80190D790A8.e.2601","ELEMENT":"f.9B2FD2DF9A9EBD12F39787CA2B3A3B3C.d.F187016BA9202BE32740C80190D790A8.e.2601"}]}
COMMAND: GET /session/c72c23a71f957f5f97380492e1ede48b/screenshot - {}
RESULT: {}
RESULT: {}
RESULT: undefined
COMMAND: POST /session/c72c23a71f957f5f97380492e1ede48b/execute/async - {"script":"<script> [776 bytes]","args":[{"enterText":"1204","selector":{"id":"application-managepartners-display-component---masterPtm--smartFilterBar-btnBasicSearch","interaction":{"idSuffix":"I"}},"clearTextFirst":true,"interactionType":"ENTER_TEXT"}]}
RESULT: {"script":"<script> [776 bytes]","args":[{"enterText":"1204","selector":{"id":"application-managepartners-display-component---masterPtm--smartFilterBar-btnBasicSearch","interaction":{"idSuffix":"I"}},"clearTextFirst":true,"interactionType":"ENTER_TEXT"}]}
COMMAND: POST /session/c72c23a71f957f5f97380492e1ede48b/actions - {"actions":[{"id":"action6","type":"key","parameters":{},"actions":[{"type":"keyDown","value":""},{"type":"pause","duration":10},{"type":"keyUp","value":""}]}]}
RESULT: {"actions":[{"id":"action6","type":"key","parameters":{},"actions":[{"type":"keyDown","value":""},{"type":"pause","duration":10},{"type":"keyUp","value":""}]}]}
COMMAND: GET /session/c72c23a71f957f5f97380492e1ede48b/screenshot - {}
RESULT: {}
COMMAND: POST /session/c72c23a71f957f5f97380492e1ede48b/elements - {"using":"xpath","value":"//table[contains(@id, \"customPartnersTable-listUl\")]/tbody/tr"}
RESULT: {"using":"xpath","value":"//table[contains(@id, \"customPartnersTable-listUl\")]/tbody/tr"}
COMMAND: POST /session/c72c23a71f957f5f97380492e1ede48b/element - {"using":"xpath","value":"//table[contains(@id, \"customPartnersTable-listUl\")]/tbody/tr[1]/td[3]/span"}
RESULT: {"using":"xpath","value":"//table[contains(@id, \"customPartnersTable-listUl\")]/tbody/tr[1]/td[3]/span"}
COMMAND: POST /session/c72c23a71f957f5f97380492e1ede48b/elements - {"using":"xpath","value":"//table[contains(@id, \"customPartnersTable-listUl\")]/tbody/tr[1]/td[3]/span"}
RESULT: {"using":"xpath","value":"//table[contains(@id, \"customPartnersTable-listUl\")]/tbody/tr[1]/td[3]/span"}
COMMAND: POST /session/c72c23a71f957f5f97380492e1ede48b/execute/sync - {"script":"<script> [56 bytes]","args":[{"element-6066-11e4-a52e-4f735466cecf":"f.9B2FD2DF9A9EBD12F39787CA2B3A3B3C.d.F187016BA9202BE32740C80190D790A8.e.2737","ELEMENT":"f.9B2FD2DF9A9EBD12F39787CA2B3A3B3C.d.F187016BA9202BE32740C80190D790A8.e.2737"}]}
RESULT: {"script":"<script> [56 bytes]","args":[{"element-6066-11e4-a52e-4f735466cecf":"f.9B2FD2DF9A9EBD12F39787CA2B3A3B3C.d.F187016BA9202BE32740C80190D790A8.e.2737","ELEMENT":"f.9B2FD2DF9A9EBD12F39787CA2B3A3B3C.d.F187016BA9202BE32740C80190D790A8.e.2737"}]}
COMMAND: POST /session/c72c23a71f957f5f97380492e1ede48b/element - {"using":"xpath","value":"(//span[contains(@id, \"imgNav\")])[1]"}
COMMAND: GET /session/c72c23a71f957f5f97380492e1ede48b/screenshot - {}
RESULT: {"using":"xpath","value":"(//span[contains(@id, \"imgNav\")])[1]"}
COMMAND: POST /session/c72c23a71f957f5f97380492e1ede48b/element/f.9B2FD2DF9A9EBD12F39787CA2B3A3B3C.d.F187016BA9202BE32740C80190D790A8.e.2735/click - {}
RESULT: {}
RESULT: {}
COMMAND: GET /session/c72c23a71f957f5f97380492e1ede48b/screenshot - {}
RESULT: {}
COMMAND: POST /session/c72c23a71f957f5f97380492e1ede48b/element - {"using":"xpath","value":"//bdi[contains(text(), \"Edit\")]"}
RESULT: {"using":"xpath","value":"//bdi[contains(text(), \"Edit\")]"}
COMMAND: POST /session/c72c23a71f957f5f97380492e1ede48b/element/f.9B2FD2DF9A9EBD12F39787CA2B3A3B3C.d.F187016BA9202BE32740C80190D790A8.e.2880/click - {}
RESULT: {}
COMMAND: GET /session/c72c23a71f957f5f97380492e1ede48b/screenshot - {}
RESULT: {}
COMMAND: POST /session/c72c23a71f957f5f97380492e1ede48b/execute/async - {"script":"<script> [1562 bytes]","args":[{"selector":{"controlType":"sap.m.Input","viewName":"etm.portal.ui.managepartners.view.EditDetail","labelFor":{"text":"Name"},"interaction":{"idSuffix":"inner"}},"wdio_ui5_key":"etmportal.ui.managepartners.view.EditDetailsap.m.Input{\"text\":\"Name\"}"}]}
RESULT: {"script":"<script> [1562 bytes]","args":[{"selector":{"controlType":"sap.m.Input","viewName":"etm.portal.ui.managepartners.view.EditDetail","labelFor":{"text":"Name"},"interaction":{"idSuffix":"inner"}},"wdio_ui5_key":"etmportal.ui.managepartners.view.EditDetailsap.m.Input{\"text\":\"Name\"}"}]}
RESULT: undefined
COMMAND: POST /session/c72c23a71f957f5f97380492e1ede48b/execute/async - {"script":"<script> [776 bytes]","args":[{"enterText":"External EDIT","selector":{"controlType":"sap.m.Input","viewName":"etm.portal.ui.managepartners.view.EditDetail","labelFor":{"text":"Name"},"interaction":{"idSuffix":"inner"}},"clearTextFirst":true,"interactionType":"ENTER_TEXT"}]}
RESULT: {"script":"<script> [776 bytes]","args":[{"enterText":"External EDIT","selector":{"controlType":"sap.m.Input","viewName":"etm.portal.ui.managepartners.view.EditDetail","labelFor":{"text":"Name"},"interaction":{"idSuffix":"inner"}},"clearTextFirst":true,"interactionType":"ENTER_TEXT"}]}
COMMAND: POST /session/c72c23a71f957f5f97380492e1ede48b/element - {"using":"xpath","value":"(//span[contains(@id,\"addressDetailDetailsLanguage-arrow\")])[1]"}
RESULT: {"using":"xpath","value":"(//span[contains(@id,\"addressDetailDetailsLanguage-arrow\")])[1]"}
COMMAND: POST /session/c72c23a71f957f5f97380492e1ede48b/element/f.9B2FD2DF9A9EBD12F39787CA2B3A3B3C.d.F187016BA9202BE32740C80190D790A8.e.2959/click - {}
RESULT: {}
COMMAND: POST /session/c72c23a71f957f5f97380492e1ede48b/element - {"using":"xpath","value":"//span[contains(text(), \"Chinese\")]"}
COMMAND: GET /session/c72c23a71f957f5f97380492e1ede48b/screenshot - {}
RESULT: {"using":"xpath","value":"//span[contains(text(), \"Chinese\")]"}
COMMAND: POST /session/c72c23a71f957f5f97380492e1ede48b/element/f.9B2FD2DF9A9EBD12F39787CA2B3A3B3C.d.F187016BA9202BE32740C80190D790A8.e.2960/click - {}
RESULT: {}
RESULT: {}
COMMAND: GET /session/c72c23a71f957f5f97380492e1ede48b/screenshot - {}
RESULT: {}
COMMAND: POST /session/c72c23a71f957f5f97380492e1ede48b/execute/async - {"script":"<script> [1562 bytes]","args":[{"selector":{"controlType":"sap.m.Input","viewName":"etm.portal.ui.managepartners.view.EditDetail","labelFor":{"text":"City"},"interaction":{"idSuffix":"inner"}},"wdio_ui5_key":"etmportal.ui.managepartners.view.EditDetailsap.m.Input{\"text\":\"City\"}"}]}
RESULT: {"script":"<script> [1562 bytes]","args":[{"selector":{"controlType":"sap.m.Input","viewName":"etm.portal.ui.managepartners.view.EditDetail","labelFor":{"text":"City"},"interaction":{"idSuffix":"inner"}},"wdio_ui5_key":"etmportal.ui.managepartners.view.EditDetailsap.m.Input{\"text\":\"City\"}"}]}
RESULT: undefined
COMMAND: POST /session/c72c23a71f957f5f97380492e1ede48b/execute/async - {"script":"<script> [776 bytes]","args":[{"enterText":"Clooj-Napoca","selector":{"controlType":"sap.m.Input","viewName":"etm.portal.ui.managepartners.view.EditDetail","labelFor":{"text":"City"},"interaction":{"idSuffix":"inner"}},"clearTextFirst":true,"interactionType":"ENTER_TEXT"}]}
RESULT: {"script":"<script> [776 bytes]","args":[{"enterText":"Clooj-Napoca","selector":{"controlType":"sap.m.Input","viewName":"etm.portal.ui.managepartners.view.EditDetail","labelFor":{"text":"City"},"interaction":{"idSuffix":"inner"}},"clearTextFirst":true,"interactionType":"ENTER_TEXT"}]}
COMMAND: POST /session/c72c23a71f957f5f97380492e1ede48b/element - {"using":"xpath","value":"//button[@data-kt=\"saveButton\"]"}
RESULT: {"using":"xpath","value":"//button[@data-kt=\"saveButton\"]"}
COMMAND: POST /session/c72c23a71f957f5f97380492e1ede48b/element/f.9B2FD2DF9A9EBD12F39787CA2B3A3B3C.d.F187016BA9202BE32740C80190D790A8.e.2943/click - {}
RESULT: {}
COMMAND: GET /session/c72c23a71f957f5f97380492e1ede48b/screenshot - {}
RESULT: {}
COMMAND: POST /session/c72c23a71f957f5f97380492e1ede48b/execute/async - {"script":"<script> [1562 bytes]","args":[{"selector":{"id":"application-managepartners-display-component---detailPtm--addressDetailDetailsName1"},"wdio_ui5_key":"applicationmanagepartners-display-component---detailPtm--addressDetailDetailsName1"}]}
RESULT: {"script":"<script> [1562 bytes]","args":[{"selector":{"id":"application-managepartners-display-component---detailPtm--addressDetailDetailsName1"},"wdio_ui5_key":"applicationmanagepartners-display-component---detailPtm--addressDetailDetailsName1"}]}
RESULT: undefined
COMMAND: POST /session/c72c23a71f957f5f97380492e1ede48b/execute/async - {"script":"<script> [6424 bytes]","args":[{"element-6066-11e4-a52e-4f735466cecf":"f.9B2FD2DF9A9EBD12F39787CA2B3A3B3C.d.F187016BA9202BE32740C80190D790A8.e.2991"},"getValue",[]]}
RESULT: {"script":"<script> [6424 bytes]","args":[{"element-6066-11e4-a52e-4f735466cecf":"f.9B2FD2DF9A9EBD12F39787CA2B3A3B3C.d.F187016BA9202BE32740C80190D790A8.e.2991"},"getValue",[]]}
COMMAND: POST /session/c72c23a71f957f5f97380492e1ede48b/element - {"using":"xpath","value":"//input[@id = \"application-managepartners-display-component---detailPtm--addressDetailDetailsLanguage-inner\"]"}
RESULT: {"using":"xpath","value":"//input[@id = \"application-managepartners-display-component---detailPtm--addressDetailDetailsLanguage-inner\"]"}
COMMAND: GET /session/c72c23a71f957f5f97380492e1ede48b/element/f.9B2FD2DF9A9EBD12F39787CA2B3A3B3C.d.F187016BA9202BE32740C80190D790A8.e.2992/property/value - {}
RESULT: {}
COMMAND: POST /session/c72c23a71f957f5f97380492e1ede48b/execute/async - {"script":"<script> [1562 bytes]","args":[{"selector":{"id":"application-managepartners-display-component---detailPtm--addressDetailDetailsCity1"},"wdio_ui5_key":"applicationmanagepartners-display-component---detailPtm--addressDetailDetailsCity1"}]}
COMMAND: GET /session/c72c23a71f957f5f97380492e1ede48b/screenshot - {}
RESULT: {"script":"<script> [1562 bytes]","args":[{"selector":{"id":"application-managepartners-display-component---detailPtm--addressDetailDetailsCity1"},"wdio_ui5_key":"applicationmanagepartners-display-component---detailPtm--addressDetailDetailsCity1"}]}
RESULT: undefined
COMMAND: POST /session/c72c23a71f957f5f97380492e1ede48b/execute/async - {"script":"<script> [6424 bytes]","args":[{"element-6066-11e4-a52e-4f735466cecf":"f.9B2FD2DF9A9EBD12F39787CA2B3A3B3C.d.F187016BA9202BE32740C80190D790A8.e.2993"},"getValue",[]]}
RESULT: {}
RESULT: {"script":"<script> [6424 bytes]","args":[{"element-6066-11e4-a52e-4f735466cecf":"f.9B2FD2DF9A9EBD12F39787CA2B3A3B3C.d.F187016BA9202BE32740C80190D790A8.e.2993"},"getValue",[]]}
COMMAND: POST /session/c72c23a71f957f5f97380492e1ede48b/element - {"using":"css selector","value":"#shell-header-logo"}
RESULT: {"using":"css selector","value":"#shell-header-logo"}
COMMAND: POST /session/c72c23a71f957f5f97380492e1ede48b/element/f.9B2FD2DF9A9EBD12F39787CA2B3A3B3C.d.F187016BA9202BE32740C80190D790A8.e.2555/click - {}
RESULT: {}
COMMAND: GET /session/c72c23a71f957f5f97380492e1ede48b/screenshot - {}
RESULT: {}
]]></system-out>
    </testcase>
    <testcase classname="chrome.136_0_7103_93.windows.Partner_specific_tests_US150819_US151080_US151654_US151176_US103444_US151078_US151079_US151109_US151174_US151175_US151189" name="Should create a new intercompany partner edit some of its fields US151078" time="237.684">
      <system-out><![CDATA[
COMMAND: POST /session/c72c23a71f957f5f97380492e1ede48b/element - {"using":"xpath","value":"//li[.//span[text()=\"Manage Partners\"]]"}
RESULT: {"using":"xpath","value":"//li[.//span[text()=\"Manage Partners\"]]"}
COMMAND: POST /session/c72c23a71f957f5f97380492e1ede48b/element - {"using":"xpath","value":"//li[.//span[text()=\"Manage Partners\"]]"}
RESULT: {"using":"xpath","value":"//li[.//span[text()=\"Manage Partners\"]]"}
COMMAND: POST /session/c72c23a71f957f5f97380492e1ede48b/element - {"using":"css selector","value":"#shell-header-logo"}
RESULT: {"using":"css selector","value":"#shell-header-logo"}
COMMAND: POST /session/c72c23a71f957f5f97380492e1ede48b/element/f.9B2FD2DF9A9EBD12F39787CA2B3A3B3C.d.F187016BA9202BE32740C80190D790A8.e.3023/click - {}
COMMAND: POST /session/c72c23a71f957f5f97380492e1ede48b/execute/sync - {"script":"<script> [8489 bytes]","args":[{"element-6066-11e4-a52e-4f735466cecf":"f.9B2FD2DF9A9EBD12F39787CA2B3A3B3C.d.F187016BA9202BE32740C80190D790A8.e.3023","ELEMENT":"f.9B2FD2DF9A9EBD12F39787CA2B3A3B3C.d.F187016BA9202BE32740C80190D790A8.e.3023"}]}
RESULT: {"script":"<script> [8489 bytes]","args":[{"element-6066-11e4-a52e-4f735466cecf":"f.9B2FD2DF9A9EBD12F39787CA2B3A3B3C.d.F187016BA9202BE32740C80190D790A8.e.3023","ELEMENT":"f.9B2FD2DF9A9EBD12F39787CA2B3A3B3C.d.F187016BA9202BE32740C80190D790A8.e.3023"}]}
COMMAND: POST /session/c72c23a71f957f5f97380492e1ede48b/execute/sync - {"script":"<script> [5351 bytes]","args":[{"element-6066-11e4-a52e-4f735466cecf":"f.9B2FD2DF9A9EBD12F39787CA2B3A3B3C.d.F187016BA9202BE32740C80190D790A8.e.3023","ELEMENT":"f.9B2FD2DF9A9EBD12F39787CA2B3A3B3C.d.F187016BA9202BE32740C80190D790A8.e.3023"}]}
COMMAND: GET /session/c72c23a71f957f5f97380492e1ede48b/screenshot - {}
RESULT: {}
COMMAND: GET /session/c72c23a71f957f5f97380492e1ede48b/screenshot - {}
RESULT: {"script":"<script> [5351 bytes]","args":[{"element-6066-11e4-a52e-4f735466cecf":"f.9B2FD2DF9A9EBD12F39787CA2B3A3B3C.d.F187016BA9202BE32740C80190D790A8.e.3023","ELEMENT":"f.9B2FD2DF9A9EBD12F39787CA2B3A3B3C.d.F187016BA9202BE32740C80190D790A8.e.3023"}]}
COMMAND: GET /session/c72c23a71f957f5f97380492e1ede48b/screenshot - {}
RESULT: {}
RESULT: {}
RESULT: {}
COMMAND: POST /session/c72c23a71f957f5f97380492e1ede48b/refresh - {}
RESULT: {}
COMMAND: GET /session/c72c23a71f957f5f97380492e1ede48b/screenshot - {}
RESULT: {}
COMMAND: POST /session/c72c23a71f957f5f97380492e1ede48b/refresh - {}
RESULT: {}
COMMAND: GET /session/c72c23a71f957f5f97380492e1ede48b/screenshot - {}
RESULT: {}
COMMAND: POST /session/c72c23a71f957f5f97380492e1ede48b/window/fullscreen - {}
RESULT: {}
COMMAND: POST /session/c72c23a71f957f5f97380492e1ede48b/execute/async - {"script":"<script> [189 bytes]","args":[]}
RESULT: {"script":"<script> [189 bytes]","args":[]}
COMMAND: POST /session/c72c23a71f957f5f97380492e1ede48b/execute/async - {"script":"<script> [123 bytes]","args":[]}
RESULT: {"script":"<script> [123 bytes]","args":[]}
COMMAND: POST /session/c72c23a71f957f5f97380492e1ede48b/timeouts - {"script":"<number>"}
RESULT: {"script":"<number>"}
COMMAND: GET /session/c72c23a71f957f5f97380492e1ede48b/timeouts - {}
RESULT: {}
RESULT: undefined
COMMAND: POST /session/c72c23a71f957f5f97380492e1ede48b/execute/async - {"script":"<script> [2676 bytes]","args":[]}
RESULT: {"script":"<script> [2676 bytes]","args":[]}
COMMAND: POST /session/c72c23a71f957f5f97380492e1ede48b/execute/async - {"script":"<script> [2342 bytes]","args":[{"protocol":"http","hostname":"0.0.0.0","path":"/","capabilities":{"browserName":"chrome","goog:chromeOptions":{"binary":"C:\\Program Files\\Google\\Chrome\\Application\\chrome.exe","args":["--start-maximized"]}},"logLevel":"warn","connectionRetryTimeout":120000,"connectionRetryCount":3,"logLevels":{},"enableDirectConnect":true,"strictSSL":true,"_":"65 more keys: [\"cacheDir\",\"port\",\"requestedCapabilities\",\"automationProtocol\",\"baseUrl\",\"waitforInterval\",\"waitforTimeout\",\"onReload\",\"beforeCommand\",\"afterCommand\",\"rootDir\",\"specs\",\"suites\",\"exclude\",\"groupLogsByTestSpec\",\"excludeDriverLogs\",\"bail\",\"framework\",\"reporters\",\"services\",\"maxInstances\",\"maxInstancesPerCapability\",\"injectGlobals\",\"filesToWatch\",\"execArgv\",\"runnerEnv\",\"runner\",\"shard\",\"specFileRetries\",\"specFileRetriesDelay\",\"specFileRetriesDeferred\",\"reporterSyncInterval\",\"reporterSyncTimeout\",\"cucumberFeaturesWithLineNumbers\",\"autoCompileOpts\",\"mochaOpts\",\"jasmineOpts\",\"cucumberOpts\",\"onPrepare\",\"onWorkerStart\",\"onWorkerEnd\",\"before\",\"beforeSession\",\"beforeSuite\",\"beforeHook\",\"beforeTest\",\"afterTest\",\"afterHook\",\"afterSuite\",\"afterSession\",\"after\",\"onComplete\",\"beforeAssertion\",\"afterAssertion\",\"beforeFeature\",\"beforeScenario\",\"beforeStep\",\"afterStep\",\"afterScenario\",\"afterFeature\",\"_\",\"suite\",\"$0\",\"ignoredWorkerServices\",\"wdi5\"]"}]}
RESULT: {"script":"<script> [2342 bytes]","args":[{"protocol":"http","hostname":"0.0.0.0","path":"/","capabilities":{"browserName":"chrome","goog:chromeOptions":{"binary":"C:\\Program Files\\Google\\Chrome\\Application\\chrome.exe","args":["--start-maximized"]}},"logLevel":"warn","connectionRetryTimeout":120000,"connectionRetryCount":3,"logLevels":{},"enableDirectConnect":true,"strictSSL":true,"_":"65 more keys: [\"cacheDir\",\"port\",\"requestedCapabilities\",\"automationProtocol\",\"baseUrl\",\"waitforInterval\",\"waitforTimeout\",\"onReload\",\"beforeCommand\",\"afterCommand\",\"rootDir\",\"specs\",\"suites\",\"exclude\",\"groupLogsByTestSpec\",\"excludeDriverLogs\",\"bail\",\"framework\",\"reporters\",\"services\",\"maxInstances\",\"maxInstancesPerCapability\",\"injectGlobals\",\"filesToWatch\",\"execArgv\",\"runnerEnv\",\"runner\",\"shard\",\"specFileRetries\",\"specFileRetriesDelay\",\"specFileRetriesDeferred\",\"reporterSyncInterval\",\"reporterSyncTimeout\",\"cucumberFeaturesWithLineNumbers\",\"autoCompileOpts\",\"mochaOpts\",\"jasmineOpts\",\"cucumberOpts\",\"onPrepare\",\"onWorkerStart\",\"onWorkerEnd\",\"before\",\"beforeSession\",\"beforeSuite\",\"beforeHook\",\"beforeTest\",\"afterTest\",\"afterHook\",\"afterSuite\",\"afterSession\",\"after\",\"onComplete\",\"beforeAssertion\",\"afterAssertion\",\"beforeFeature\",\"beforeScenario\",\"beforeStep\",\"afterStep\",\"afterScenario\",\"afterFeature\",\"_\",\"suite\",\"$0\",\"ignoredWorkerServices\",\"wdi5\"]"}]}
COMMAND: POST /session/c72c23a71f957f5f97380492e1ede48b/execute/async - {"script":"<script> [21126 bytes]","args":[35000]}
RESULT: {"script":"<script> [21126 bytes]","args":[35000]}
COMMAND: POST /session/c72c23a71f957f5f97380492e1ede48b/window/fullscreen - {}
RESULT: {}
COMMAND: POST /session/c72c23a71f957f5f97380492e1ede48b/window/fullscreen - {}
RESULT: {}
COMMAND: POST /session/c72c23a71f957f5f97380492e1ede48b/execute/async - {"script":"<script> [1562 bytes]","args":[{"selector":{"controlType":"sap.m.GenericTile","properties":{"header":"Manage Partners"}},"wdio_ui5_key":"sapm.GenericTile{\"header\":\"Manage Partners\"}"}]}
RESULT: {"script":"<script> [1562 bytes]","args":[{"selector":{"controlType":"sap.m.GenericTile","properties":{"header":"Manage Partners"}},"wdio_ui5_key":"sapm.GenericTile{\"header\":\"Manage Partners\"}"}]}
RESULT: undefined
COMMAND: POST /session/c72c23a71f957f5f97380492e1ede48b/element - {"using":"xpath","value":"//*[@id=\"__tile30\"]"}
RESULT: {"using":"xpath","value":"//*[@id=\"__tile30\"]"}
COMMAND: POST /session/c72c23a71f957f5f97380492e1ede48b/element/f.9B2FD2DF9A9EBD12F39787CA2B3A3B3C.d.282715FC262C808DCBB4FFB4DC4FFAB0.e.3091/click - {}
RESULT: {}
COMMAND: GET /session/c72c23a71f957f5f97380492e1ede48b/screenshot - {}
RESULT: {}
COMMAND: POST /session/c72c23a71f957f5f97380492e1ede48b/elements - {"using":"xpath","value":"//span[text()='Error']"}
RESULT: {"using":"xpath","value":"//span[text()='Error']"}
COMMAND: POST /session/c72c23a71f957f5f97380492e1ede48b/element - {"using":"xpath","value":"//button[@data-kt=\"addButton\"]"}
RESULT: {"using":"xpath","value":"//button[@data-kt=\"addButton\"]"}
COMMAND: POST /session/c72c23a71f957f5f97380492e1ede48b/elements - {"using":"xpath","value":"//button[@data-kt=\"addButton\"]"}
RESULT: {"using":"xpath","value":"//button[@data-kt=\"addButton\"]"}
COMMAND: POST /session/c72c23a71f957f5f97380492e1ede48b/elements - {"using":"xpath","value":"//button[@data-kt=\"addButton\"]"}
RESULT: {"using":"xpath","value":"//button[@data-kt=\"addButton\"]"}
COMMAND: POST /session/c72c23a71f957f5f97380492e1ede48b/element - {"using":"xpath","value":"//button[@data-kt=\"addButton\"]"}
RESULT: {"using":"xpath","value":"//button[@data-kt=\"addButton\"]"}
COMMAND: POST /session/c72c23a71f957f5f97380492e1ede48b/execute/sync - {"script":"<script> [8489 bytes]","args":[{"element-6066-11e4-a52e-4f735466cecf":"f.9B2FD2DF9A9EBD12F39787CA2B3A3B3C.d.282715FC262C808DCBB4FFB4DC4FFAB0.e.3206","ELEMENT":"f.9B2FD2DF9A9EBD12F39787CA2B3A3B3C.d.282715FC262C808DCBB4FFB4DC4FFAB0.e.3206"}]}
RESULT: {"script":"<script> [8489 bytes]","args":[{"element-6066-11e4-a52e-4f735466cecf":"f.9B2FD2DF9A9EBD12F39787CA2B3A3B3C.d.282715FC262C808DCBB4FFB4DC4FFAB0.e.3206","ELEMENT":"f.9B2FD2DF9A9EBD12F39787CA2B3A3B3C.d.282715FC262C808DCBB4FFB4DC4FFAB0.e.3206"}]}
COMMAND: GET /session/c72c23a71f957f5f97380492e1ede48b/element/f.9B2FD2DF9A9EBD12F39787CA2B3A3B3C.d.282715FC262C808DCBB4FFB4DC4FFAB0.e.3206/enabled - {}
COMMAND: GET /session/c72c23a71f957f5f97380492e1ede48b/screenshot - {}
RESULT: {}
COMMAND: POST /session/c72c23a71f957f5f97380492e1ede48b/execute/sync - {"script":"<script> [8489 bytes]","args":[{"element-6066-11e4-a52e-4f735466cecf":"f.9B2FD2DF9A9EBD12F39787CA2B3A3B3C.d.282715FC262C808DCBB4FFB4DC4FFAB0.e.3206","ELEMENT":"f.9B2FD2DF9A9EBD12F39787CA2B3A3B3C.d.282715FC262C808DCBB4FFB4DC4FFAB0.e.3206"}]}
COMMAND: GET /session/c72c23a71f957f5f97380492e1ede48b/screenshot - {}
RESULT: {}
RESULT: {"script":"<script> [8489 bytes]","args":[{"element-6066-11e4-a52e-4f735466cecf":"f.9B2FD2DF9A9EBD12F39787CA2B3A3B3C.d.282715FC262C808DCBB4FFB4DC4FFAB0.e.3206","ELEMENT":"f.9B2FD2DF9A9EBD12F39787CA2B3A3B3C.d.282715FC262C808DCBB4FFB4DC4FFAB0.e.3206"}]}
COMMAND: POST /session/c72c23a71f957f5f97380492e1ede48b/execute/sync - {"script":"<script> [5351 bytes]","args":[{"element-6066-11e4-a52e-4f735466cecf":"f.9B2FD2DF9A9EBD12F39787CA2B3A3B3C.d.282715FC262C808DCBB4FFB4DC4FFAB0.e.3206","ELEMENT":"f.9B2FD2DF9A9EBD12F39787CA2B3A3B3C.d.282715FC262C808DCBB4FFB4DC4FFAB0.e.3206"}]}
COMMAND: GET /session/c72c23a71f957f5f97380492e1ede48b/screenshot - {}
RESULT: {}
RESULT: {"script":"<script> [5351 bytes]","args":[{"element-6066-11e4-a52e-4f735466cecf":"f.9B2FD2DF9A9EBD12F39787CA2B3A3B3C.d.282715FC262C808DCBB4FFB4DC4FFAB0.e.3206","ELEMENT":"f.9B2FD2DF9A9EBD12F39787CA2B3A3B3C.d.282715FC262C808DCBB4FFB4DC4FFAB0.e.3206"}]}
COMMAND: POST /session/c72c23a71f957f5f97380492e1ede48b/element/f.9B2FD2DF9A9EBD12F39787CA2B3A3B3C.d.282715FC262C808DCBB4FFB4DC4FFAB0.e.3206/click - {}
COMMAND: GET /session/c72c23a71f957f5f97380492e1ede48b/screenshot - {}
RESULT: {}
RESULT: {}
COMMAND: GET /session/c72c23a71f957f5f97380492e1ede48b/screenshot - {}
COMMAND: POST /session/c72c23a71f957f5f97380492e1ede48b/execute/async - {"script":"<script> [1562 bytes]","args":[{"selector":{"id":"application-managepartners-display-component---NewPartner--addressDetailDetailsName1","interaction":{"idSuffix":"inner"}},"wdio_ui5_key":"applicationmanagepartners-display-component---NewPartner--addressDetailDetailsName1"}]}
RESULT: {}
RESULT: {}
RESULT: {"script":"<script> [1562 bytes]","args":[{"selector":{"id":"application-managepartners-display-component---NewPartner--addressDetailDetailsName1","interaction":{"idSuffix":"inner"}},"wdio_ui5_key":"applicationmanagepartners-display-component---NewPartner--addressDetailDetailsName1"}]}
RESULT: undefined
COMMAND: POST /session/c72c23a71f957f5f97380492e1ede48b/execute/async - {"script":"<script> [776 bytes]","args":[{"enterText":"Intercompany Partner WDIO","selector":{"id":"application-managepartners-display-component---NewPartner--addressDetailDetailsName1","interaction":{"idSuffix":"inner"}},"clearTextFirst":true,"interactionType":"ENTER_TEXT"}]}
RESULT: {"script":"<script> [776 bytes]","args":[{"enterText":"Intercompany Partner WDIO","selector":{"id":"application-managepartners-display-component---NewPartner--addressDetailDetailsName1","interaction":{"idSuffix":"inner"}},"clearTextFirst":true,"interactionType":"ENTER_TEXT"}]}
COMMAND: POST /session/c72c23a71f957f5f97380492e1ede48b/execute/async - {"script":"<script> [1562 bytes]","args":[{"selector":{"id":"application-managepartners-display-component---NewPartner--addressDetailDetailsLanguage-arrow"},"wdio_ui5_key":"applicationmanagepartners-display-component---NewPartner--addressDetailDetailsLanguage-arrow"}]}
RESULT: {"script":"<script> [1562 bytes]","args":[{"selector":{"id":"application-managepartners-display-component---NewPartner--addressDetailDetailsLanguage-arrow"},"wdio_ui5_key":"applicationmanagepartners-display-component---NewPartner--addressDetailDetailsLanguage-arrow"}]}
RESULT: undefined
COMMAND: POST /session/c72c23a71f957f5f97380492e1ede48b/element - {"using":"xpath","value":"//*[@id=\"application-managepartners-display-component---NewPartner--addressDetailDetailsLanguage-arrow\"]"}
RESULT: {"using":"xpath","value":"//*[@id=\"application-managepartners-display-component---NewPartner--addressDetailDetailsLanguage-arrow\"]"}
COMMAND: POST /session/c72c23a71f957f5f97380492e1ede48b/element/f.9B2FD2DF9A9EBD12F39787CA2B3A3B3C.d.282715FC262C808DCBB4FFB4DC4FFAB0.e.3661/click - {}
RESULT: {}
COMMAND: POST /session/c72c23a71f957f5f97380492e1ede48b/element - {"using":"xpath","value":"//span[contains(text(), \"English\")]"}
COMMAND: GET /session/c72c23a71f957f5f97380492e1ede48b/screenshot - {}
RESULT: {"using":"xpath","value":"//span[contains(text(), \"English\")]"}
COMMAND: POST /session/c72c23a71f957f5f97380492e1ede48b/element/f.9B2FD2DF9A9EBD12F39787CA2B3A3B3C.d.282715FC262C808DCBB4FFB4DC4FFAB0.e.3662/click - {}
RESULT: {}
RESULT: {}
COMMAND: GET /session/c72c23a71f957f5f97380492e1ede48b/screenshot - {}
RESULT: {}
COMMAND: POST /session/c72c23a71f957f5f97380492e1ede48b/execute/async - {"script":"<script> [1562 bytes]","args":[{"selector":{"id":"application-managepartners-display-component---NewPartner--addressDetailDetailsCity1","interaction":{"idSuffix":"inner"}},"wdio_ui5_key":"applicationmanagepartners-display-component---NewPartner--addressDetailDetailsCity1"}]}
RESULT: {"script":"<script> [1562 bytes]","args":[{"selector":{"id":"application-managepartners-display-component---NewPartner--addressDetailDetailsCity1","interaction":{"idSuffix":"inner"}},"wdio_ui5_key":"applicationmanagepartners-display-component---NewPartner--addressDetailDetailsCity1"}]}
RESULT: undefined
COMMAND: POST /session/c72c23a71f957f5f97380492e1ede48b/execute/async - {"script":"<script> [776 bytes]","args":[{"enterText":"Rosario","selector":{"id":"application-managepartners-display-component---NewPartner--addressDetailDetailsCity1","interaction":{"idSuffix":"inner"}},"clearTextFirst":true,"interactionType":"ENTER_TEXT"}]}
RESULT: {"script":"<script> [776 bytes]","args":[{"enterText":"Rosario","selector":{"id":"application-managepartners-display-component---NewPartner--addressDetailDetailsCity1","interaction":{"idSuffix":"inner"}},"clearTextFirst":true,"interactionType":"ENTER_TEXT"}]}
COMMAND: POST /session/c72c23a71f957f5f97380492e1ede48b/execute/async - {"script":"<script> [1562 bytes]","args":[{"selector":{"id":"application-managepartners-display-component---NewPartner--addressDetailDetailsCountry-arrow"},"wdio_ui5_key":"applicationmanagepartners-display-component---NewPartner--addressDetailDetailsCountry-arrow"}]}
RESULT: {"script":"<script> [1562 bytes]","args":[{"selector":{"id":"application-managepartners-display-component---NewPartner--addressDetailDetailsCountry-arrow"},"wdio_ui5_key":"applicationmanagepartners-display-component---NewPartner--addressDetailDetailsCountry-arrow"}]}
RESULT: undefined
COMMAND: POST /session/c72c23a71f957f5f97380492e1ede48b/element - {"using":"xpath","value":"//*[@id=\"application-managepartners-display-component---NewPartner--addressDetailDetailsCountry-arrow\"]"}
RESULT: {"using":"xpath","value":"//*[@id=\"application-managepartners-display-component---NewPartner--addressDetailDetailsCountry-arrow\"]"}
COMMAND: POST /session/c72c23a71f957f5f97380492e1ede48b/element/f.9B2FD2DF9A9EBD12F39787CA2B3A3B3C.d.282715FC262C808DCBB4FFB4DC4FFAB0.e.3648/click - {}
RESULT: {}
COMMAND: POST /session/c72c23a71f957f5f97380492e1ede48b/element - {"using":"xpath","value":"//span[contains(text(), \"Argentina\")]"}
COMMAND: GET /session/c72c23a71f957f5f97380492e1ede48b/screenshot - {}
RESULT: {"using":"xpath","value":"//span[contains(text(), \"Argentina\")]"}
COMMAND: POST /session/c72c23a71f957f5f97380492e1ede48b/element/f.9B2FD2DF9A9EBD12F39787CA2B3A3B3C.d.282715FC262C808DCBB4FFB4DC4FFAB0.e.3664/click - {}
RESULT: {}
RESULT: {}
COMMAND: GET /session/c72c23a71f957f5f97380492e1ede48b/screenshot - {}
RESULT: {}
COMMAND: POST /session/c72c23a71f957f5f97380492e1ede48b/element - {"using":"xpath","value":"//bdi[contains(text(), \"Commercial\")]"}
RESULT: {"using":"xpath","value":"//bdi[contains(text(), \"Commercial\")]"}
COMMAND: POST /session/c72c23a71f957f5f97380492e1ede48b/element/f.9B2FD2DF9A9EBD12F39787CA2B3A3B3C.d.282715FC262C808DCBB4FFB4DC4FFAB0.e.3665/click - {}
RESULT: {}
COMMAND: GET /session/c72c23a71f957f5f97380492e1ede48b/screenshot - {}
RESULT: {}
COMMAND: POST /session/c72c23a71f957f5f97380492e1ede48b/execute/async - {"script":"<script> [1562 bytes]","args":[{"selector":{"id":"application-managepartners-display-component---NewPartner--partnerDetailInternal-arrow"},"wdio_ui5_key":"applicationmanagepartners-display-component---NewPartner--partnerDetailInternal-arrow"}]}
RESULT: {"script":"<script> [1562 bytes]","args":[{"selector":{"id":"application-managepartners-display-component---NewPartner--partnerDetailInternal-arrow"},"wdio_ui5_key":"applicationmanagepartners-display-component---NewPartner--partnerDetailInternal-arrow"}]}
RESULT: undefined
COMMAND: POST /session/c72c23a71f957f5f97380492e1ede48b/element - {"using":"xpath","value":"//*[@id=\"application-managepartners-display-component---NewPartner--partnerDetailInternal-arrow\"]"}
RESULT: {"using":"xpath","value":"//*[@id=\"application-managepartners-display-component---NewPartner--partnerDetailInternal-arrow\"]"}
COMMAND: POST /session/c72c23a71f957f5f97380492e1ede48b/element/f.9B2FD2DF9A9EBD12F39787CA2B3A3B3C.d.282715FC262C808DCBB4FFB4DC4FFAB0.e.3671/click - {}
RESULT: {}
COMMAND: POST /session/c72c23a71f957f5f97380492e1ede48b/element - {"using":"xpath","value":"//span[contains(text(), \"Affiliated company\")]"}
COMMAND: GET /session/c72c23a71f957f5f97380492e1ede48b/screenshot - {}
RESULT: {"using":"xpath","value":"//span[contains(text(), \"Affiliated company\")]"}
COMMAND: POST /session/c72c23a71f957f5f97380492e1ede48b/element/f.9B2FD2DF9A9EBD12F39787CA2B3A3B3C.d.282715FC262C808DCBB4FFB4DC4FFAB0.e.3674/click - {}
RESULT: {}
RESULT: {}
COMMAND: POST /session/c72c23a71f957f5f97380492e1ede48b/execute/async - {"script":"<script> [1562 bytes]","args":[{"selector":{"id":"application-managepartners-display-component---NewPartner--partnerDetailsCurrency-arrow"},"wdio_ui5_key":"applicationmanagepartners-display-component---NewPartner--partnerDetailsCurrency-arrow"}]}
COMMAND: GET /session/c72c23a71f957f5f97380492e1ede48b/screenshot - {}
RESULT: {"script":"<script> [1562 bytes]","args":[{"selector":{"id":"application-managepartners-display-component---NewPartner--partnerDetailsCurrency-arrow"},"wdio_ui5_key":"applicationmanagepartners-display-component---NewPartner--partnerDetailsCurrency-arrow"}]}
RESULT: undefined
COMMAND: POST /session/c72c23a71f957f5f97380492e1ede48b/element - {"using":"xpath","value":"//*[@id=\"application-managepartners-display-component---NewPartner--partnerDetailsCurrency-arrow\"]"}
RESULT: {}
RESULT: {"using":"xpath","value":"//*[@id=\"application-managepartners-display-component---NewPartner--partnerDetailsCurrency-arrow\"]"}
COMMAND: POST /session/c72c23a71f957f5f97380492e1ede48b/element/f.9B2FD2DF9A9EBD12F39787CA2B3A3B3C.d.282715FC262C808DCBB4FFB4DC4FFAB0.e.3681/click - {}
RESULT: {}
COMMAND: POST /session/c72c23a71f957f5f97380492e1ede48b/element - {"using":"xpath","value":"//span[contains(text(), \"Euro\")]"}
COMMAND: GET /session/c72c23a71f957f5f97380492e1ede48b/screenshot - {}
RESULT: {"using":"xpath","value":"//span[contains(text(), \"Euro\")]"}
COMMAND: POST /session/c72c23a71f957f5f97380492e1ede48b/element/f.9B2FD2DF9A9EBD12F39787CA2B3A3B3C.d.282715FC262C808DCBB4FFB4DC4FFAB0.e.3682/click - {}
RESULT: {}
RESULT: {}
COMMAND: POST /session/c72c23a71f957f5f97380492e1ede48b/execute/async - {"script":"<script> [1562 bytes]","args":[{"selector":{"id":"application-managepartners-display-component---NewPartner--addressEditDetailsCostObjectCstType-arrow"},"wdio_ui5_key":"applicationmanagepartners-display-component---NewPartner--addressEditDetailsCostObjectCstType-arrow"}]}
COMMAND: GET /session/c72c23a71f957f5f97380492e1ede48b/screenshot - {}
RESULT: {"script":"<script> [1562 bytes]","args":[{"selector":{"id":"application-managepartners-display-component---NewPartner--addressEditDetailsCostObjectCstType-arrow"},"wdio_ui5_key":"applicationmanagepartners-display-component---NewPartner--addressEditDetailsCostObjectCstType-arrow"}]}
RESULT: undefined
COMMAND: POST /session/c72c23a71f957f5f97380492e1ede48b/element - {"using":"xpath","value":"//*[@id=\"application-managepartners-display-component---NewPartner--addressEditDetailsCostObjectCstType-arrow\"]"}
RESULT: {}
RESULT: {"using":"xpath","value":"//*[@id=\"application-managepartners-display-component---NewPartner--addressEditDetailsCostObjectCstType-arrow\"]"}
COMMAND: POST /session/c72c23a71f957f5f97380492e1ede48b/element/f.9B2FD2DF9A9EBD12F39787CA2B3A3B3C.d.282715FC262C808DCBB4FFB4DC4FFAB0.e.3683/click - {}
RESULT: {}
COMMAND: POST /session/c72c23a71f957f5f97380492e1ede48b/element - {"using":"xpath","value":"//span[contains(text(), \"Cost Center\")]"}
COMMAND: GET /session/c72c23a71f957f5f97380492e1ede48b/screenshot - {}
RESULT: {"using":"xpath","value":"//span[contains(text(), \"Cost Center\")]"}
COMMAND: POST /session/c72c23a71f957f5f97380492e1ede48b/element/f.9B2FD2DF9A9EBD12F39787CA2B3A3B3C.d.282715FC262C808DCBB4FFB4DC4FFAB0.e.3684/click - {}
RESULT: {}
RESULT: {}
COMMAND: GET /session/c72c23a71f957f5f97380492e1ede48b/screenshot - {}
RESULT: {}
COMMAND: POST /session/c72c23a71f957f5f97380492e1ede48b/element - {"using":"xpath","value":"//span[@id=\"application-managepartners-display-component---NewPartner--addressNewCostObjectCstID-vhi\"]"}
RESULT: {"using":"xpath","value":"//span[@id=\"application-managepartners-display-component---NewPartner--addressNewCostObjectCstID-vhi\"]"}
COMMAND: POST /session/c72c23a71f957f5f97380492e1ede48b/execute/sync - {"script":"<script> [8489 bytes]","args":[{"element-6066-11e4-a52e-4f735466cecf":"f.9B2FD2DF9A9EBD12F39787CA2B3A3B3C.d.282715FC262C808DCBB4FFB4DC4FFAB0.e.3688","ELEMENT":"f.9B2FD2DF9A9EBD12F39787CA2B3A3B3C.d.282715FC262C808DCBB4FFB4DC4FFAB0.e.3688"}]}
RESULT: {"script":"<script> [8489 bytes]","args":[{"element-6066-11e4-a52e-4f735466cecf":"f.9B2FD2DF9A9EBD12F39787CA2B3A3B3C.d.282715FC262C808DCBB4FFB4DC4FFAB0.e.3688","ELEMENT":"f.9B2FD2DF9A9EBD12F39787CA2B3A3B3C.d.282715FC262C808DCBB4FFB4DC4FFAB0.e.3688"}]}
COMMAND: POST /session/c72c23a71f957f5f97380492e1ede48b/execute/async - {"script":"<script> [1562 bytes]","args":[{"selector":{"id":"application-managepartners-display-component---NewPartner--addressNewCostObjectCstID-vhi"},"wdio_ui5_key":"applicationmanagepartners-display-component---NewPartner--addressNewCostObjectCstID-vhi"}]}
COMMAND: GET /session/c72c23a71f957f5f97380492e1ede48b/screenshot - {}
RESULT: {"script":"<script> [1562 bytes]","args":[{"selector":{"id":"application-managepartners-display-component---NewPartner--addressNewCostObjectCstID-vhi"},"wdio_ui5_key":"applicationmanagepartners-display-component---NewPartner--addressNewCostObjectCstID-vhi"}]}
RESULT: undefined
COMMAND: POST /session/c72c23a71f957f5f97380492e1ede48b/element - {"using":"xpath","value":"//*[@id=\"application-managepartners-display-component---NewPartner--addressNewCostObjectCstID-vhi\"]"}
RESULT: {}
RESULT: {"using":"xpath","value":"//*[@id=\"application-managepartners-display-component---NewPartner--addressNewCostObjectCstID-vhi\"]"}
COMMAND: POST /session/c72c23a71f957f5f97380492e1ede48b/element/f.9B2FD2DF9A9EBD12F39787CA2B3A3B3C.d.282715FC262C808DCBB4FFB4DC4FFAB0.e.3688/click - {}
RESULT: {}
COMMAND: GET /session/c72c23a71f957f5f97380492e1ede48b/screenshot - {}
RESULT: {}
COMMAND: POST /session/c72c23a71f957f5f97380492e1ede48b/execute/async - {"script":"<script> [1562 bytes]","args":[{"selector":{"controlType":"sap.m.SearchField","properties":{"placeholder":"Search"},"searchOpenDialogs":true,"interaction":{"idSuffix":"I"}},"wdio_ui5_key":"sapm.SearchField{\"placeholder\":\"Search\"}"}]}
RESULT: {"script":"<script> [1562 bytes]","args":[{"selector":{"controlType":"sap.m.SearchField","properties":{"placeholder":"Search"},"searchOpenDialogs":true,"interaction":{"idSuffix":"I"}},"wdio_ui5_key":"sapm.SearchField{\"placeholder\":\"Search\"}"}]}
RESULT: undefined
COMMAND: POST /session/c72c23a71f957f5f97380492e1ede48b/execute/async - {"script":"<script> [776 bytes]","args":[{"enterText":"10001013","selector":{"controlType":"sap.m.SearchField","properties":{"placeholder":"Search"},"searchOpenDialogs":true,"interaction":{"idSuffix":"I"}},"clearTextFirst":true,"interactionType":"ENTER_TEXT"}]}
RESULT: {"script":"<script> [776 bytes]","args":[{"enterText":"10001013","selector":{"controlType":"sap.m.SearchField","properties":{"placeholder":"Search"},"searchOpenDialogs":true,"interaction":{"idSuffix":"I"}},"clearTextFirst":true,"interactionType":"ENTER_TEXT"}]}
COMMAND: POST /session/c72c23a71f957f5f97380492e1ede48b/actions - {"actions":[{"id":"action7","type":"key","parameters":{},"actions":[{"type":"keyDown","value":""},{"type":"pause","duration":10},{"type":"keyUp","value":""}]}]}
RESULT: {"actions":[{"id":"action7","type":"key","parameters":{},"actions":[{"type":"keyDown","value":""},{"type":"pause","duration":10},{"type":"keyUp","value":""}]}]}
COMMAND: GET /session/c72c23a71f957f5f97380492e1ede48b/screenshot - {}
RESULT: {}
COMMAND: POST /session/c72c23a71f957f5f97380492e1ede48b/element - {"using":"xpath","value":"//span[contains(text(), \"General Management\")]"}
RESULT: {"using":"xpath","value":"//span[contains(text(), \"General Management\")]"}
COMMAND: POST /session/c72c23a71f957f5f97380492e1ede48b/element/f.9B2FD2DF9A9EBD12F39787CA2B3A3B3C.d.282715FC262C808DCBB4FFB4DC4FFAB0.e.3730/click - {}
RESULT: {}
COMMAND: GET /session/c72c23a71f957f5f97380492e1ede48b/screenshot - {}
RESULT: {}
COMMAND: POST /session/c72c23a71f957f5f97380492e1ede48b/element - {"using":"xpath","value":"//bdi[contains(text(), \"OK\")]"}
RESULT: {"using":"xpath","value":"//bdi[contains(text(), \"OK\")]"}
COMMAND: POST /session/c72c23a71f957f5f97380492e1ede48b/element/f.9B2FD2DF9A9EBD12F39787CA2B3A3B3C.d.282715FC262C808DCBB4FFB4DC4FFAB0.e.3731/click - {}
RESULT: {}
COMMAND: GET /session/c72c23a71f957f5f97380492e1ede48b/screenshot - {}
RESULT: {}
COMMAND: POST /session/c72c23a71f957f5f97380492e1ede48b/element - {"using":"xpath","value":"//input[@id=\"application-managepartners-display-component---NewPartner--companyCodeComboBox-inner\"]"}
RESULT: {"using":"xpath","value":"//input[@id=\"application-managepartners-display-component---NewPartner--companyCodeComboBox-inner\"]"}
COMMAND: POST /session/c72c23a71f957f5f97380492e1ede48b/element/f.9B2FD2DF9A9EBD12F39787CA2B3A3B3C.d.282715FC262C808DCBB4FFB4DC4FFAB0.e.3520/clear - {}
RESULT: {}
COMMAND: POST /session/c72c23a71f957f5f97380492e1ede48b/element/f.9B2FD2DF9A9EBD12F39787CA2B3A3B3C.d.282715FC262C808DCBB4FFB4DC4FFAB0.e.3520/value - {"text":"C002"}
COMMAND: GET /session/c72c23a71f957f5f97380492e1ede48b/screenshot - {}
RESULT: {"text":"C002"}
COMMAND: GET /session/c72c23a71f957f5f97380492e1ede48b/screenshot - {}
RESULT: {}
RESULT: {}
COMMAND: POST /session/c72c23a71f957f5f97380492e1ede48b/element - {"using":"xpath","value":"//li[.//span[text()= \"C002\"]]"}
RESULT: {"using":"xpath","value":"//li[.//span[text()= \"C002\"]]"}
COMMAND: POST /session/c72c23a71f957f5f97380492e1ede48b/element/f.9B2FD2DF9A9EBD12F39787CA2B3A3B3C.d.282715FC262C808DCBB4FFB4DC4FFAB0.e.3737/click - {}
RESULT: {}
COMMAND: GET /session/c72c23a71f957f5f97380492e1ede48b/screenshot - {}
RESULT: {}
COMMAND: POST /session/c72c23a71f957f5f97380492e1ede48b/execute/async - {"script":"<script> [1562 bytes]","args":[{"selector":{"id":"application-managepartners-display-component---NewPartner--btnAddTableRow-img"},"wdio_ui5_key":"applicationmanagepartners-display-component---NewPartner--btnAddTableRow-img"}]}
RESULT: {"script":"<script> [1562 bytes]","args":[{"selector":{"id":"application-managepartners-display-component---NewPartner--btnAddTableRow-img"},"wdio_ui5_key":"applicationmanagepartners-display-component---NewPartner--btnAddTableRow-img"}]}
RESULT: undefined
COMMAND: POST /session/c72c23a71f957f5f97380492e1ede48b/element - {"using":"xpath","value":"//*[@id=\"application-managepartners-display-component---NewPartner--btnAddTableRow-img\"]"}
RESULT: {"using":"xpath","value":"//*[@id=\"application-managepartners-display-component---NewPartner--btnAddTableRow-img\"]"}
COMMAND: POST /session/c72c23a71f957f5f97380492e1ede48b/element/f.9B2FD2DF9A9EBD12F39787CA2B3A3B3C.d.282715FC262C808DCBB4FFB4DC4FFAB0.e.3738/click - {}
RESULT: {}
COMMAND: GET /session/c72c23a71f957f5f97380492e1ede48b/screenshot - {}
RESULT: {}
COMMAND: POST /session/c72c23a71f957f5f97380492e1ede48b/element - {"using":"xpath","value":"//input[@id=\"application-managepartners-display-component---NewPartner--assignmentYard-application-managepartners-display-component---NewPartner--assignmentsTable-0-inner\"]"}
RESULT: {"using":"xpath","value":"//input[@id=\"application-managepartners-display-component---NewPartner--assignmentYard-application-managepartners-display-component---NewPartner--assignmentsTable-0-inner\"]"}
COMMAND: POST /session/c72c23a71f957f5f97380492e1ede48b/element/f.9B2FD2DF9A9EBD12F39787CA2B3A3B3C.d.282715FC262C808DCBB4FFB4DC4FFAB0.e.3741/clear - {}
RESULT: {}
COMMAND: POST /session/c72c23a71f957f5f97380492e1ede48b/element/f.9B2FD2DF9A9EBD12F39787CA2B3A3B3C.d.282715FC262C808DCBB4FFB4DC4FFAB0.e.3741/value - {"text":"397"}
COMMAND: GET /session/c72c23a71f957f5f97380492e1ede48b/screenshot - {}
RESULT: {"text":"397"}
COMMAND: GET /session/c72c23a71f957f5f97380492e1ede48b/screenshot - {}
RESULT: {}
RESULT: {}
COMMAND: POST /session/c72c23a71f957f5f97380492e1ede48b/element - {"using":"xpath","value":"//li[.//span[text()='397']]"}
RESULT: {"using":"xpath","value":"//li[.//span[text()='397']]"}
COMMAND: POST /session/c72c23a71f957f5f97380492e1ede48b/element/f.9B2FD2DF9A9EBD12F39787CA2B3A3B3C.d.282715FC262C808DCBB4FFB4DC4FFAB0.e.3750/click - {}
RESULT: {}
COMMAND: GET /session/c72c23a71f957f5f97380492e1ede48b/screenshot - {}
RESULT: {}
COMMAND: POST /session/c72c23a71f957f5f97380492e1ede48b/actions - {"actions":[{"id":"action8","type":"key","parameters":{},"actions":[{"type":"keyDown","value":""},{"type":"pause","duration":10},{"type":"keyUp","value":""}]}]}
RESULT: {"actions":[{"id":"action8","type":"key","parameters":{},"actions":[{"type":"keyDown","value":""},{"type":"pause","duration":10},{"type":"keyUp","value":""}]}]}
COMMAND: POST /session/c72c23a71f957f5f97380492e1ede48b/execute/async - {"script":"<script> [1562 bytes]","args":[{"selector":{"id":"application-managepartners-display-component---NewPartner--externalCustomerComboBox-application-managepartners-display-component---NewPartner--assignmentsTable-0-vhi"},"wdio_ui5_key":"applicationmanagepartners-display-component---NewPartner--externalCustomerComboBox-application-managepartners-display-component---NewPartner--assignmentsTable-0-vhi"}]}
COMMAND: GET /session/c72c23a71f957f5f97380492e1ede48b/screenshot - {}
RESULT: {"script":"<script> [1562 bytes]","args":[{"selector":{"id":"application-managepartners-display-component---NewPartner--externalCustomerComboBox-application-managepartners-display-component---NewPartner--assignmentsTable-0-vhi"},"wdio_ui5_key":"applicationmanagepartners-display-component---NewPartner--externalCustomerComboBox-application-managepartners-display-component---NewPartner--assignmentsTable-0-vhi"}]}
RESULT: undefined
COMMAND: POST /session/c72c23a71f957f5f97380492e1ede48b/element - {"using":"xpath","value":"//*[@id=\"application-managepartners-display-component---NewPartner--externalCustomerComboBox-application-managepartners-display-component---NewPartner--assignmentsTable-0-vhi\"]"}
RESULT: {}
RESULT: {"using":"xpath","value":"//*[@id=\"application-managepartners-display-component---NewPartner--externalCustomerComboBox-application-managepartners-display-component---NewPartner--assignmentsTable-0-vhi\"]"}
COMMAND: POST /session/c72c23a71f957f5f97380492e1ede48b/element/f.9B2FD2DF9A9EBD12F39787CA2B3A3B3C.d.282715FC262C808DCBB4FFB4DC4FFAB0.e.3754/click - {}
RESULT: {}
RESULT: undefined
COMMAND: POST /session/c72c23a71f957f5f97380492e1ede48b/execute/async - {"script":"<script> [776 bytes]","args":[{"enterText":"300003","selector":{"controlType":"sap.m.SearchField","properties":{"placeholder":"Search"},"searchOpenDialogs":true,"interaction":{"idSuffix":"I"}},"clearTextFirst":true,"interactionType":"ENTER_TEXT"}]}
COMMAND: GET /session/c72c23a71f957f5f97380492e1ede48b/screenshot - {}
RESULT: {"script":"<script> [776 bytes]","args":[{"enterText":"300003","selector":{"controlType":"sap.m.SearchField","properties":{"placeholder":"Search"},"searchOpenDialogs":true,"interaction":{"idSuffix":"I"}},"clearTextFirst":true,"interactionType":"ENTER_TEXT"}]}
COMMAND: POST /session/c72c23a71f957f5f97380492e1ede48b/actions - {"actions":[{"id":"action9","type":"key","parameters":{},"actions":[{"type":"keyDown","value":""},{"type":"pause","duration":10},{"type":"keyUp","value":""}]}]}
RESULT: {}
RESULT: {"actions":[{"id":"action9","type":"key","parameters":{},"actions":[{"type":"keyDown","value":""},{"type":"pause","duration":10},{"type":"keyUp","value":""}]}]}
COMMAND: GET /session/c72c23a71f957f5f97380492e1ede48b/screenshot - {}
RESULT: {}
COMMAND: POST /session/c72c23a71f957f5f97380492e1ede48b/element - {"using":"xpath","value":"//span[contains(text(), \"300003\")]"}
RESULT: {"using":"xpath","value":"//span[contains(text(), \"300003\")]"}
COMMAND: POST /session/c72c23a71f957f5f97380492e1ede48b/element/f.9B2FD2DF9A9EBD12F39787CA2B3A3B3C.d.282715FC262C808DCBB4FFB4DC4FFAB0.e.3771/click - {}
RESULT: {}
COMMAND: GET /session/c72c23a71f957f5f97380492e1ede48b/screenshot - {}
RESULT: {}
COMMAND: POST /session/c72c23a71f957f5f97380492e1ede48b/element - {"using":"xpath","value":"//bdi[contains(text(), \"OK\")]"}
RESULT: {"using":"xpath","value":"//bdi[contains(text(), \"OK\")]"}
COMMAND: POST /session/c72c23a71f957f5f97380492e1ede48b/element/f.9B2FD2DF9A9EBD12F39787CA2B3A3B3C.d.282715FC262C808DCBB4FFB4DC4FFAB0.e.3773/click - {}
RESULT: {}
COMMAND: GET /session/c72c23a71f957f5f97380492e1ede48b/screenshot - {}
RESULT: {}
COMMAND: POST /session/c72c23a71f957f5f97380492e1ede48b/execute/async - {"script":"<script> [1562 bytes]","args":[{"selector":{"id":"application-managepartners-display-component---NewPartner--intercompVendorComboBox-application-managepartners-display-component---NewPartner--assignmentsTable-0-vhi"},"wdio_ui5_key":"applicationmanagepartners-display-component---NewPartner--intercompVendorComboBox-application-managepartners-display-component---NewPartner--assignmentsTable-0-vhi"}]}
RESULT: {"script":"<script> [1562 bytes]","args":[{"selector":{"id":"application-managepartners-display-component---NewPartner--intercompVendorComboBox-application-managepartners-display-component---NewPartner--assignmentsTable-0-vhi"},"wdio_ui5_key":"applicationmanagepartners-display-component---NewPartner--intercompVendorComboBox-application-managepartners-display-component---NewPartner--assignmentsTable-0-vhi"}]}
RESULT: undefined
COMMAND: POST /session/c72c23a71f957f5f97380492e1ede48b/element - {"using":"xpath","value":"//*[@id=\"application-managepartners-display-component---NewPartner--intercompVendorComboBox-application-managepartners-display-component---NewPartner--assignmentsTable-0-vhi\"]"}
RESULT: {"using":"xpath","value":"//*[@id=\"application-managepartners-display-component---NewPartner--intercompVendorComboBox-application-managepartners-display-component---NewPartner--assignmentsTable-0-vhi\"]"}
COMMAND: POST /session/c72c23a71f957f5f97380492e1ede48b/element/f.9B2FD2DF9A9EBD12F39787CA2B3A3B3C.d.282715FC262C808DCBB4FFB4DC4FFAB0.e.3776/click - {}
RESULT: {}
RESULT: undefined
COMMAND: POST /session/c72c23a71f957f5f97380492e1ede48b/execute/async - {"script":"<script> [776 bytes]","args":[{"enterText":"100005","selector":{"controlType":"sap.m.SearchField","properties":{"placeholder":"Search"},"searchOpenDialogs":true,"interaction":{"idSuffix":"I"}},"clearTextFirst":true,"interactionType":"ENTER_TEXT"}]}
COMMAND: GET /session/c72c23a71f957f5f97380492e1ede48b/screenshot - {}
RESULT: {"script":"<script> [776 bytes]","args":[{"enterText":"100005","selector":{"controlType":"sap.m.SearchField","properties":{"placeholder":"Search"},"searchOpenDialogs":true,"interaction":{"idSuffix":"I"}},"clearTextFirst":true,"interactionType":"ENTER_TEXT"}]}
COMMAND: POST /session/c72c23a71f957f5f97380492e1ede48b/actions - {"actions":[{"id":"action10","type":"key","parameters":{},"actions":[{"type":"keyDown","value":""},{"type":"pause","duration":10},{"type":"keyUp","value":""}]}]}
RESULT: {}
RESULT: {"actions":[{"id":"action10","type":"key","parameters":{},"actions":[{"type":"keyDown","value":""},{"type":"pause","duration":10},{"type":"keyUp","value":""}]}]}
COMMAND: GET /session/c72c23a71f957f5f97380492e1ede48b/screenshot - {}
RESULT: {}
COMMAND: POST /session/c72c23a71f957f5f97380492e1ede48b/element - {"using":"xpath","value":"//span[contains(text(), \"Penguins - Field/12345 Berlin\")]"}
RESULT: {"using":"xpath","value":"//span[contains(text(), \"Penguins - Field/12345 Berlin\")]"}
COMMAND: POST /session/c72c23a71f957f5f97380492e1ede48b/element/f.9B2FD2DF9A9EBD12F39787CA2B3A3B3C.d.282715FC262C808DCBB4FFB4DC4FFAB0.e.3792/click - {}
RESULT: {}
COMMAND: GET /session/c72c23a71f957f5f97380492e1ede48b/screenshot - {}
RESULT: {}
COMMAND: POST /session/c72c23a71f957f5f97380492e1ede48b/element - {"using":"xpath","value":"//bdi[contains(text(), \"OK\")]"}
RESULT: {"using":"xpath","value":"//bdi[contains(text(), \"OK\")]"}
COMMAND: POST /session/c72c23a71f957f5f97380492e1ede48b/element/f.9B2FD2DF9A9EBD12F39787CA2B3A3B3C.d.282715FC262C808DCBB4FFB4DC4FFAB0.e.3793/click - {}
RESULT: {}
COMMAND: GET /session/c72c23a71f957f5f97380492e1ede48b/screenshot - {}
RESULT: {}
COMMAND: POST /session/c72c23a71f957f5f97380492e1ede48b/element - {"using":"xpath","value":"//button[@data-kt=\"saveButton\"]"}
RESULT: {"using":"xpath","value":"//button[@data-kt=\"saveButton\"]"}
COMMAND: POST /session/c72c23a71f957f5f97380492e1ede48b/element/f.9B2FD2DF9A9EBD12F39787CA2B3A3B3C.d.282715FC262C808DCBB4FFB4DC4FFAB0.e.3587/click - {}
RESULT: {}
COMMAND: GET /session/c72c23a71f957f5f97380492e1ede48b/screenshot - {}
RESULT: {}
COMMAND: POST /session/c72c23a71f957f5f97380492e1ede48b/element - {"using":"xpath","value":"//header[contains(@id, 'ObjectPageLayout-headerTitle')]/div[1]/div[2]/div[2]/span[1]"}
RESULT: {"using":"xpath","value":"//header[contains(@id, 'ObjectPageLayout-headerTitle')]/div[1]/div[2]/div[2]/span[1]"}
COMMAND: POST /session/c72c23a71f957f5f97380492e1ede48b/elements - {"using":"xpath","value":"//header[contains(@id, 'ObjectPageLayout-headerTitle')]/div[1]/div[2]/div[2]/span[1]"}
RESULT: {"using":"xpath","value":"//header[contains(@id, 'ObjectPageLayout-headerTitle')]/div[1]/div[2]/div[2]/span[1]"}
COMMAND: POST /session/c72c23a71f957f5f97380492e1ede48b/execute/sync - {"script":"<script> [56 bytes]","args":[{"element-6066-11e4-a52e-4f735466cecf":"f.9B2FD2DF9A9EBD12F39787CA2B3A3B3C.d.282715FC262C808DCBB4FFB4DC4FFAB0.e.3957","ELEMENT":"f.9B2FD2DF9A9EBD12F39787CA2B3A3B3C.d.282715FC262C808DCBB4FFB4DC4FFAB0.e.3957"}]}
RESULT: {"script":"<script> [56 bytes]","args":[{"element-6066-11e4-a52e-4f735466cecf":"f.9B2FD2DF9A9EBD12F39787CA2B3A3B3C.d.282715FC262C808DCBB4FFB4DC4FFAB0.e.3957","ELEMENT":"f.9B2FD2DF9A9EBD12F39787CA2B3A3B3C.d.282715FC262C808DCBB4FFB4DC4FFAB0.e.3957"}]}
COMMAND: POST /session/c72c23a71f957f5f97380492e1ede48b/element - {"using":"css selector","value":"#shell-header-logo"}
COMMAND: GET /session/c72c23a71f957f5f97380492e1ede48b/screenshot - {}
RESULT: {"using":"css selector","value":"#shell-header-logo"}
COMMAND: POST /session/c72c23a71f957f5f97380492e1ede48b/element/f.9B2FD2DF9A9EBD12F39787CA2B3A3B3C.d.282715FC262C808DCBB4FFB4DC4FFAB0.e.3171/click - {}
RESULT: {}
RESULT: {}
COMMAND: GET /session/c72c23a71f957f5f97380492e1ede48b/screenshot - {}
RESULT: {}
COMMAND: POST /session/c72c23a71f957f5f97380492e1ede48b/execute/sync - {"script":"<script> [299 bytes]","args":[["getModel","getResource"]]}
RESULT: {"script":"<script> [299 bytes]","args":[["getModel","getResource"]]}
RESULT: undefined
COMMAND: POST /session/c72c23a71f957f5f97380492e1ede48b/element - {"using":"xpath","value":"//*[@id=\"__tile30\"]"}
COMMAND: GET /session/c72c23a71f957f5f97380492e1ede48b/screenshot - {}
RESULT: {"using":"xpath","value":"//*[@id=\"__tile30\"]"}
COMMAND: POST /session/c72c23a71f957f5f97380492e1ede48b/element/f.9B2FD2DF9A9EBD12F39787CA2B3A3B3C.d.282715FC262C808DCBB4FFB4DC4FFAB0.e.3091/click - {}
RESULT: {}
RESULT: {}
COMMAND: GET /session/c72c23a71f957f5f97380492e1ede48b/screenshot - {}
RESULT: {}
COMMAND: POST /session/c72c23a71f957f5f97380492e1ede48b/elements - {"using":"xpath","value":"//span[text()='Error']"}
RESULT: {"using":"xpath","value":"//span[text()='Error']"}
COMMAND: POST /session/c72c23a71f957f5f97380492e1ede48b/element - {"using":"xpath","value":"//button[@data-kt=\"addButton\"]"}
RESULT: {"using":"xpath","value":"//button[@data-kt=\"addButton\"]"}
COMMAND: POST /session/c72c23a71f957f5f97380492e1ede48b/elements - {"using":"xpath","value":"//button[@data-kt=\"addButton\"]"}
RESULT: {"using":"xpath","value":"//button[@data-kt=\"addButton\"]"}
COMMAND: POST /session/c72c23a71f957f5f97380492e1ede48b/execute/sync - {"script":"<script> [8489 bytes]","args":[{"element-6066-11e4-a52e-4f735466cecf":"f.9B2FD2DF9A9EBD12F39787CA2B3A3B3C.d.282715FC262C808DCBB4FFB4DC4FFAB0.e.4004","ELEMENT":"f.9B2FD2DF9A9EBD12F39787CA2B3A3B3C.d.282715FC262C808DCBB4FFB4DC4FFAB0.e.4004"}]}
RESULT: {"script":"<script> [8489 bytes]","args":[{"element-6066-11e4-a52e-4f735466cecf":"f.9B2FD2DF9A9EBD12F39787CA2B3A3B3C.d.282715FC262C808DCBB4FFB4DC4FFAB0.e.4004","ELEMENT":"f.9B2FD2DF9A9EBD12F39787CA2B3A3B3C.d.282715FC262C808DCBB4FFB4DC4FFAB0.e.4004"}]}
COMMAND: GET /session/c72c23a71f957f5f97380492e1ede48b/element/f.9B2FD2DF9A9EBD12F39787CA2B3A3B3C.d.282715FC262C808DCBB4FFB4DC4FFAB0.e.4004/enabled - {}
COMMAND: GET /session/c72c23a71f957f5f97380492e1ede48b/screenshot - {}
RESULT: {}
COMMAND: POST /session/c72c23a71f957f5f97380492e1ede48b/execute/sync - {"script":"<script> [8489 bytes]","args":[{"element-6066-11e4-a52e-4f735466cecf":"f.9B2FD2DF9A9EBD12F39787CA2B3A3B3C.d.282715FC262C808DCBB4FFB4DC4FFAB0.e.4004","ELEMENT":"f.9B2FD2DF9A9EBD12F39787CA2B3A3B3C.d.282715FC262C808DCBB4FFB4DC4FFAB0.e.4004"}]}
COMMAND: GET /session/c72c23a71f957f5f97380492e1ede48b/screenshot - {}
RESULT: {}
RESULT: {"script":"<script> [8489 bytes]","args":[{"element-6066-11e4-a52e-4f735466cecf":"f.9B2FD2DF9A9EBD12F39787CA2B3A3B3C.d.282715FC262C808DCBB4FFB4DC4FFAB0.e.4004","ELEMENT":"f.9B2FD2DF9A9EBD12F39787CA2B3A3B3C.d.282715FC262C808DCBB4FFB4DC4FFAB0.e.4004"}]}
COMMAND: POST /session/c72c23a71f957f5f97380492e1ede48b/execute/sync - {"script":"<script> [5351 bytes]","args":[{"element-6066-11e4-a52e-4f735466cecf":"f.9B2FD2DF9A9EBD12F39787CA2B3A3B3C.d.282715FC262C808DCBB4FFB4DC4FFAB0.e.4004","ELEMENT":"f.9B2FD2DF9A9EBD12F39787CA2B3A3B3C.d.282715FC262C808DCBB4FFB4DC4FFAB0.e.4004"}]}
COMMAND: GET /session/c72c23a71f957f5f97380492e1ede48b/screenshot - {}
RESULT: {}
RESULT: {"script":"<script> [5351 bytes]","args":[{"element-6066-11e4-a52e-4f735466cecf":"f.9B2FD2DF9A9EBD12F39787CA2B3A3B3C.d.282715FC262C808DCBB4FFB4DC4FFAB0.e.4004","ELEMENT":"f.9B2FD2DF9A9EBD12F39787CA2B3A3B3C.d.282715FC262C808DCBB4FFB4DC4FFAB0.e.4004"}]}
COMMAND: GET /session/c72c23a71f957f5f97380492e1ede48b/screenshot - {}
RESULT: {}
RESULT: {}
COMMAND: POST /session/c72c23a71f957f5f97380492e1ede48b/execute/async - {"script":"<script> [1562 bytes]","args":[{"selector":{"id":"application-managepartners-display-component---masterPtm--smartFilterBar-btnBasicSearch","interaction":{"idSuffix":"I"}},"wdio_ui5_key":"applicationmanagepartners-display-component---masterPtm--smartFilterBar-btnBasicSearch"}]}
RESULT: {"script":"<script> [1562 bytes]","args":[{"selector":{"id":"application-managepartners-display-component---masterPtm--smartFilterBar-btnBasicSearch","interaction":{"idSuffix":"I"}},"wdio_ui5_key":"applicationmanagepartners-display-component---masterPtm--smartFilterBar-btnBasicSearch"}]}
RESULT: undefined
COMMAND: POST /session/c72c23a71f957f5f97380492e1ede48b/execute/async - {"script":"<script> [776 bytes]","args":[{"enterText":"1206","selector":{"id":"application-managepartners-display-component---masterPtm--smartFilterBar-btnBasicSearch","interaction":{"idSuffix":"I"}},"clearTextFirst":true,"interactionType":"ENTER_TEXT"}]}
RESULT: {"script":"<script> [776 bytes]","args":[{"enterText":"1206","selector":{"id":"application-managepartners-display-component---masterPtm--smartFilterBar-btnBasicSearch","interaction":{"idSuffix":"I"}},"clearTextFirst":true,"interactionType":"ENTER_TEXT"}]}
COMMAND: POST /session/c72c23a71f957f5f97380492e1ede48b/actions - {"actions":[{"id":"action11","type":"key","parameters":{},"actions":[{"type":"keyDown","value":""},{"type":"pause","duration":10},{"type":"keyUp","value":""}]}]}
RESULT: {"actions":[{"id":"action11","type":"key","parameters":{},"actions":[{"type":"keyDown","value":""},{"type":"pause","duration":10},{"type":"keyUp","value":""}]}]}
COMMAND: GET /session/c72c23a71f957f5f97380492e1ede48b/screenshot - {}
RESULT: {}
COMMAND: POST /session/c72c23a71f957f5f97380492e1ede48b/elements - {"using":"xpath","value":"//table[contains(@id, \"customPartnersTable-listUl\")]/tbody/tr"}
RESULT: {"using":"xpath","value":"//table[contains(@id, \"customPartnersTable-listUl\")]/tbody/tr"}
COMMAND: POST /session/c72c23a71f957f5f97380492e1ede48b/element - {"using":"xpath","value":"//table[contains(@id, \"customPartnersTable-listUl\")]/tbody/tr[1]/td[3]/span"}
RESULT: {"using":"xpath","value":"//table[contains(@id, \"customPartnersTable-listUl\")]/tbody/tr[1]/td[3]/span"}
COMMAND: POST /session/c72c23a71f957f5f97380492e1ede48b/elements - {"using":"xpath","value":"//table[contains(@id, \"customPartnersTable-listUl\")]/tbody/tr[1]/td[3]/span"}
RESULT: {"using":"xpath","value":"//table[contains(@id, \"customPartnersTable-listUl\")]/tbody/tr[1]/td[3]/span"}
COMMAND: POST /session/c72c23a71f957f5f97380492e1ede48b/execute/sync - {"script":"<script> [56 bytes]","args":[{"element-6066-11e4-a52e-4f735466cecf":"f.9B2FD2DF9A9EBD12F39787CA2B3A3B3C.d.282715FC262C808DCBB4FFB4DC4FFAB0.e.4142","ELEMENT":"f.9B2FD2DF9A9EBD12F39787CA2B3A3B3C.d.282715FC262C808DCBB4FFB4DC4FFAB0.e.4142"}]}
RESULT: {"script":"<script> [56 bytes]","args":[{"element-6066-11e4-a52e-4f735466cecf":"f.9B2FD2DF9A9EBD12F39787CA2B3A3B3C.d.282715FC262C808DCBB4FFB4DC4FFAB0.e.4142","ELEMENT":"f.9B2FD2DF9A9EBD12F39787CA2B3A3B3C.d.282715FC262C808DCBB4FFB4DC4FFAB0.e.4142"}]}
COMMAND: POST /session/c72c23a71f957f5f97380492e1ede48b/element - {"using":"xpath","value":"(//span[contains(@id, \"imgNav\")])[1]"}
COMMAND: GET /session/c72c23a71f957f5f97380492e1ede48b/screenshot - {}
RESULT: {"using":"xpath","value":"(//span[contains(@id, \"imgNav\")])[1]"}
COMMAND: POST /session/c72c23a71f957f5f97380492e1ede48b/element/f.9B2FD2DF9A9EBD12F39787CA2B3A3B3C.d.282715FC262C808DCBB4FFB4DC4FFAB0.e.4140/click - {}
RESULT: {}
RESULT: {}
COMMAND: GET /session/c72c23a71f957f5f97380492e1ede48b/screenshot - {}
RESULT: {}
COMMAND: POST /session/c72c23a71f957f5f97380492e1ede48b/element - {"using":"xpath","value":"//bdi[contains(text(), \"Edit\")]"}
RESULT: {"using":"xpath","value":"//bdi[contains(text(), \"Edit\")]"}
COMMAND: POST /session/c72c23a71f957f5f97380492e1ede48b/element/f.9B2FD2DF9A9EBD12F39787CA2B3A3B3C.d.282715FC262C808DCBB4FFB4DC4FFAB0.e.4287/click - {}
RESULT: {}
COMMAND: GET /session/c72c23a71f957f5f97380492e1ede48b/screenshot - {}
RESULT: {}
COMMAND: POST /session/c72c23a71f957f5f97380492e1ede48b/execute/async - {"script":"<script> [1562 bytes]","args":[{"selector":{"controlType":"sap.m.Input","viewName":"etm.portal.ui.managepartners.view.EditDetail","labelFor":{"text":"Name"},"interaction":{"idSuffix":"inner"}},"wdio_ui5_key":"etmportal.ui.managepartners.view.EditDetailsap.m.Input{\"text\":\"Name\"}"}]}
RESULT: {"script":"<script> [1562 bytes]","args":[{"selector":{"controlType":"sap.m.Input","viewName":"etm.portal.ui.managepartners.view.EditDetail","labelFor":{"text":"Name"},"interaction":{"idSuffix":"inner"}},"wdio_ui5_key":"etmportal.ui.managepartners.view.EditDetailsap.m.Input{\"text\":\"Name\"}"}]}
RESULT: undefined
COMMAND: POST /session/c72c23a71f957f5f97380492e1ede48b/execute/async - {"script":"<script> [776 bytes]","args":[{"enterText":"Intercompany EDIT","selector":{"controlType":"sap.m.Input","viewName":"etm.portal.ui.managepartners.view.EditDetail","labelFor":{"text":"Name"},"interaction":{"idSuffix":"inner"}},"clearTextFirst":true,"interactionType":"ENTER_TEXT"}]}
RESULT: {"script":"<script> [776 bytes]","args":[{"enterText":"Intercompany EDIT","selector":{"controlType":"sap.m.Input","viewName":"etm.portal.ui.managepartners.view.EditDetail","labelFor":{"text":"Name"},"interaction":{"idSuffix":"inner"}},"clearTextFirst":true,"interactionType":"ENTER_TEXT"}]}
COMMAND: POST /session/c72c23a71f957f5f97380492e1ede48b/element - {"using":"xpath","value":"(//span[contains(@id,\"addressDetailDetailsLanguage-arrow\")])[1]"}
RESULT: {"using":"xpath","value":"(//span[contains(@id,\"addressDetailDetailsLanguage-arrow\")])[1]"}
COMMAND: POST /session/c72c23a71f957f5f97380492e1ede48b/element/f.9B2FD2DF9A9EBD12F39787CA2B3A3B3C.d.282715FC262C808DCBB4FFB4DC4FFAB0.e.4371/click - {}
RESULT: {}
COMMAND: POST /session/c72c23a71f957f5f97380492e1ede48b/element - {"using":"xpath","value":"//span[contains(text(), \"Chinese\")]"}
COMMAND: GET /session/c72c23a71f957f5f97380492e1ede48b/screenshot - {}
RESULT: {"using":"xpath","value":"//span[contains(text(), \"Chinese\")]"}
COMMAND: POST /session/c72c23a71f957f5f97380492e1ede48b/element/f.9B2FD2DF9A9EBD12F39787CA2B3A3B3C.d.282715FC262C808DCBB4FFB4DC4FFAB0.e.4372/click - {}
RESULT: {}
RESULT: {}
COMMAND: GET /session/c72c23a71f957f5f97380492e1ede48b/screenshot - {}
RESULT: {}
COMMAND: POST /session/c72c23a71f957f5f97380492e1ede48b/execute/async - {"script":"<script> [1562 bytes]","args":[{"selector":{"controlType":"sap.m.Input","viewName":"etm.portal.ui.managepartners.view.EditDetail","labelFor":{"text":"City"},"interaction":{"idSuffix":"inner"}},"wdio_ui5_key":"etmportal.ui.managepartners.view.EditDetailsap.m.Input{\"text\":\"City\"}"}]}
RESULT: {"script":"<script> [1562 bytes]","args":[{"selector":{"controlType":"sap.m.Input","viewName":"etm.portal.ui.managepartners.view.EditDetail","labelFor":{"text":"City"},"interaction":{"idSuffix":"inner"}},"wdio_ui5_key":"etmportal.ui.managepartners.view.EditDetailsap.m.Input{\"text\":\"City\"}"}]}
RESULT: undefined
COMMAND: POST /session/c72c23a71f957f5f97380492e1ede48b/execute/async - {"script":"<script> [776 bytes]","args":[{"enterText":"Clooj-Napoca","selector":{"controlType":"sap.m.Input","viewName":"etm.portal.ui.managepartners.view.EditDetail","labelFor":{"text":"City"},"interaction":{"idSuffix":"inner"}},"clearTextFirst":true,"interactionType":"ENTER_TEXT"}]}
RESULT: {"script":"<script> [776 bytes]","args":[{"enterText":"Clooj-Napoca","selector":{"controlType":"sap.m.Input","viewName":"etm.portal.ui.managepartners.view.EditDetail","labelFor":{"text":"City"},"interaction":{"idSuffix":"inner"}},"clearTextFirst":true,"interactionType":"ENTER_TEXT"}]}
COMMAND: POST /session/c72c23a71f957f5f97380492e1ede48b/element - {"using":"xpath","value":"//button[@data-kt=\"saveButton\"]"}
RESULT: {"using":"xpath","value":"//button[@data-kt=\"saveButton\"]"}
COMMAND: POST /session/c72c23a71f957f5f97380492e1ede48b/element/f.9B2FD2DF9A9EBD12F39787CA2B3A3B3C.d.282715FC262C808DCBB4FFB4DC4FFAB0.e.4349/click - {}
RESULT: {}
COMMAND: GET /session/c72c23a71f957f5f97380492e1ede48b/screenshot - {}
RESULT: {}
COMMAND: POST /session/c72c23a71f957f5f97380492e1ede48b/execute/async - {"script":"<script> [1562 bytes]","args":[{"selector":{"id":"application-managepartners-display-component---detailPtm--addressDetailDetailsName1"},"wdio_ui5_key":"applicationmanagepartners-display-component---detailPtm--addressDetailDetailsName1"}]}
RESULT: {"script":"<script> [1562 bytes]","args":[{"selector":{"id":"application-managepartners-display-component---detailPtm--addressDetailDetailsName1"},"wdio_ui5_key":"applicationmanagepartners-display-component---detailPtm--addressDetailDetailsName1"}]}
RESULT: undefined
COMMAND: POST /session/c72c23a71f957f5f97380492e1ede48b/execute/async - {"script":"<script> [6424 bytes]","args":[{"element-6066-11e4-a52e-4f735466cecf":"f.9B2FD2DF9A9EBD12F39787CA2B3A3B3C.d.282715FC262C808DCBB4FFB4DC4FFAB0.e.4403"},"getValue",[]]}
RESULT: {"script":"<script> [6424 bytes]","args":[{"element-6066-11e4-a52e-4f735466cecf":"f.9B2FD2DF9A9EBD12F39787CA2B3A3B3C.d.282715FC262C808DCBB4FFB4DC4FFAB0.e.4403"},"getValue",[]]}
COMMAND: POST /session/c72c23a71f957f5f97380492e1ede48b/element - {"using":"xpath","value":"//input[@id = \"application-managepartners-display-component---detailPtm--addressDetailDetailsLanguage-inner\"]"}
RESULT: {"using":"xpath","value":"//input[@id = \"application-managepartners-display-component---detailPtm--addressDetailDetailsLanguage-inner\"]"}
COMMAND: GET /session/c72c23a71f957f5f97380492e1ede48b/element/f.9B2FD2DF9A9EBD12F39787CA2B3A3B3C.d.282715FC262C808DCBB4FFB4DC4FFAB0.e.4404/property/value - {}
RESULT: {}
COMMAND: POST /session/c72c23a71f957f5f97380492e1ede48b/execute/async - {"script":"<script> [1562 bytes]","args":[{"selector":{"id":"application-managepartners-display-component---detailPtm--addressDetailDetailsCity1"},"wdio_ui5_key":"applicationmanagepartners-display-component---detailPtm--addressDetailDetailsCity1"}]}
COMMAND: GET /session/c72c23a71f957f5f97380492e1ede48b/screenshot - {}
RESULT: {"script":"<script> [1562 bytes]","args":[{"selector":{"id":"application-managepartners-display-component---detailPtm--addressDetailDetailsCity1"},"wdio_ui5_key":"applicationmanagepartners-display-component---detailPtm--addressDetailDetailsCity1"}]}
RESULT: undefined
COMMAND: POST /session/c72c23a71f957f5f97380492e1ede48b/execute/async - {"script":"<script> [6424 bytes]","args":[{"element-6066-11e4-a52e-4f735466cecf":"f.9B2FD2DF9A9EBD12F39787CA2B3A3B3C.d.282715FC262C808DCBB4FFB4DC4FFAB0.e.4405"},"getValue",[]]}
RESULT: {}
RESULT: {"script":"<script> [6424 bytes]","args":[{"element-6066-11e4-a52e-4f735466cecf":"f.9B2FD2DF9A9EBD12F39787CA2B3A3B3C.d.282715FC262C808DCBB4FFB4DC4FFAB0.e.4405"},"getValue",[]]}
COMMAND: POST /session/c72c23a71f957f5f97380492e1ede48b/element - {"using":"css selector","value":"#shell-header-logo"}
RESULT: {"using":"css selector","value":"#shell-header-logo"}
COMMAND: POST /session/c72c23a71f957f5f97380492e1ede48b/element/f.9B2FD2DF9A9EBD12F39787CA2B3A3B3C.d.282715FC262C808DCBB4FFB4DC4FFAB0.e.3960/click - {}
RESULT: {}
COMMAND: GET /session/c72c23a71f957f5f97380492e1ede48b/screenshot - {}
RESULT: {}
]]></system-out>
    </testcase>
    <testcase classname="chrome.136_0_7103_93.windows.Partner_specific_tests_US150819_US151080_US151654_US151176_US103444_US151078_US151079_US151109_US151174_US151175_US151189" name="Should create a new intracompany partner edit some of its fields US151079" time="243.769">
      <system-out><![CDATA[
COMMAND: POST /session/c72c23a71f957f5f97380492e1ede48b/element - {"using":"xpath","value":"//li[.//span[text()=\"Manage Partners\"]]"}
RESULT: {"using":"xpath","value":"//li[.//span[text()=\"Manage Partners\"]]"}
COMMAND: POST /session/c72c23a71f957f5f97380492e1ede48b/element - {"using":"xpath","value":"//li[.//span[text()=\"Manage Partners\"]]"}
RESULT: {"using":"xpath","value":"//li[.//span[text()=\"Manage Partners\"]]"}
COMMAND: POST /session/c72c23a71f957f5f97380492e1ede48b/element - {"using":"css selector","value":"#shell-header-logo"}
RESULT: {"using":"css selector","value":"#shell-header-logo"}
COMMAND: POST /session/c72c23a71f957f5f97380492e1ede48b/element/f.9B2FD2DF9A9EBD12F39787CA2B3A3B3C.d.282715FC262C808DCBB4FFB4DC4FFAB0.e.4435/click - {}
COMMAND: POST /session/c72c23a71f957f5f97380492e1ede48b/execute/sync - {"script":"<script> [8489 bytes]","args":[{"element-6066-11e4-a52e-4f735466cecf":"f.9B2FD2DF9A9EBD12F39787CA2B3A3B3C.d.282715FC262C808DCBB4FFB4DC4FFAB0.e.4435","ELEMENT":"f.9B2FD2DF9A9EBD12F39787CA2B3A3B3C.d.282715FC262C808DCBB4FFB4DC4FFAB0.e.4435"}]}
RESULT: {"script":"<script> [8489 bytes]","args":[{"element-6066-11e4-a52e-4f735466cecf":"f.9B2FD2DF9A9EBD12F39787CA2B3A3B3C.d.282715FC262C808DCBB4FFB4DC4FFAB0.e.4435","ELEMENT":"f.9B2FD2DF9A9EBD12F39787CA2B3A3B3C.d.282715FC262C808DCBB4FFB4DC4FFAB0.e.4435"}]}
COMMAND: POST /session/c72c23a71f957f5f97380492e1ede48b/execute/sync - {"script":"<script> [5351 bytes]","args":[{"element-6066-11e4-a52e-4f735466cecf":"f.9B2FD2DF9A9EBD12F39787CA2B3A3B3C.d.282715FC262C808DCBB4FFB4DC4FFAB0.e.4435","ELEMENT":"f.9B2FD2DF9A9EBD12F39787CA2B3A3B3C.d.282715FC262C808DCBB4FFB4DC4FFAB0.e.4435"}]}
COMMAND: GET /session/c72c23a71f957f5f97380492e1ede48b/screenshot - {}
RESULT: {}
COMMAND: GET /session/c72c23a71f957f5f97380492e1ede48b/screenshot - {}
RESULT: {"script":"<script> [5351 bytes]","args":[{"element-6066-11e4-a52e-4f735466cecf":"f.9B2FD2DF9A9EBD12F39787CA2B3A3B3C.d.282715FC262C808DCBB4FFB4DC4FFAB0.e.4435","ELEMENT":"f.9B2FD2DF9A9EBD12F39787CA2B3A3B3C.d.282715FC262C808DCBB4FFB4DC4FFAB0.e.4435"}]}
COMMAND: GET /session/c72c23a71f957f5f97380492e1ede48b/screenshot - {}
RESULT: {}
RESULT: {}
RESULT: {}
COMMAND: POST /session/c72c23a71f957f5f97380492e1ede48b/refresh - {}
RESULT: {}
COMMAND: GET /session/c72c23a71f957f5f97380492e1ede48b/screenshot - {}
RESULT: {}
COMMAND: POST /session/c72c23a71f957f5f97380492e1ede48b/refresh - {}
RESULT: {}
COMMAND: GET /session/c72c23a71f957f5f97380492e1ede48b/screenshot - {}
RESULT: {}
COMMAND: POST /session/c72c23a71f957f5f97380492e1ede48b/window/fullscreen - {}
RESULT: {}
COMMAND: POST /session/c72c23a71f957f5f97380492e1ede48b/execute/async - {"script":"<script> [189 bytes]","args":[]}
RESULT: {"script":"<script> [189 bytes]","args":[]}
COMMAND: POST /session/c72c23a71f957f5f97380492e1ede48b/execute/async - {"script":"<script> [123 bytes]","args":[]}
RESULT: {"script":"<script> [123 bytes]","args":[]}
COMMAND: POST /session/c72c23a71f957f5f97380492e1ede48b/timeouts - {"script":"<number>"}
RESULT: {"script":"<number>"}
COMMAND: GET /session/c72c23a71f957f5f97380492e1ede48b/timeouts - {}
RESULT: {}
RESULT: undefined
COMMAND: POST /session/c72c23a71f957f5f97380492e1ede48b/execute/async - {"script":"<script> [2676 bytes]","args":[]}
RESULT: {"script":"<script> [2676 bytes]","args":[]}
COMMAND: POST /session/c72c23a71f957f5f97380492e1ede48b/execute/async - {"script":"<script> [2342 bytes]","args":[{"protocol":"http","hostname":"0.0.0.0","path":"/","capabilities":{"browserName":"chrome","goog:chromeOptions":{"binary":"C:\\Program Files\\Google\\Chrome\\Application\\chrome.exe","args":["--start-maximized"]}},"logLevel":"warn","connectionRetryTimeout":120000,"connectionRetryCount":3,"logLevels":{},"enableDirectConnect":true,"strictSSL":true,"_":"65 more keys: [\"cacheDir\",\"port\",\"requestedCapabilities\",\"automationProtocol\",\"baseUrl\",\"waitforInterval\",\"waitforTimeout\",\"onReload\",\"beforeCommand\",\"afterCommand\",\"rootDir\",\"specs\",\"suites\",\"exclude\",\"groupLogsByTestSpec\",\"excludeDriverLogs\",\"bail\",\"framework\",\"reporters\",\"services\",\"maxInstances\",\"maxInstancesPerCapability\",\"injectGlobals\",\"filesToWatch\",\"execArgv\",\"runnerEnv\",\"runner\",\"shard\",\"specFileRetries\",\"specFileRetriesDelay\",\"specFileRetriesDeferred\",\"reporterSyncInterval\",\"reporterSyncTimeout\",\"cucumberFeaturesWithLineNumbers\",\"autoCompileOpts\",\"mochaOpts\",\"jasmineOpts\",\"cucumberOpts\",\"onPrepare\",\"onWorkerStart\",\"onWorkerEnd\",\"before\",\"beforeSession\",\"beforeSuite\",\"beforeHook\",\"beforeTest\",\"afterTest\",\"afterHook\",\"afterSuite\",\"afterSession\",\"after\",\"onComplete\",\"beforeAssertion\",\"afterAssertion\",\"beforeFeature\",\"beforeScenario\",\"beforeStep\",\"afterStep\",\"afterScenario\",\"afterFeature\",\"_\",\"suite\",\"$0\",\"ignoredWorkerServices\",\"wdi5\"]"}]}
RESULT: {"script":"<script> [2342 bytes]","args":[{"protocol":"http","hostname":"0.0.0.0","path":"/","capabilities":{"browserName":"chrome","goog:chromeOptions":{"binary":"C:\\Program Files\\Google\\Chrome\\Application\\chrome.exe","args":["--start-maximized"]}},"logLevel":"warn","connectionRetryTimeout":120000,"connectionRetryCount":3,"logLevels":{},"enableDirectConnect":true,"strictSSL":true,"_":"65 more keys: [\"cacheDir\",\"port\",\"requestedCapabilities\",\"automationProtocol\",\"baseUrl\",\"waitforInterval\",\"waitforTimeout\",\"onReload\",\"beforeCommand\",\"afterCommand\",\"rootDir\",\"specs\",\"suites\",\"exclude\",\"groupLogsByTestSpec\",\"excludeDriverLogs\",\"bail\",\"framework\",\"reporters\",\"services\",\"maxInstances\",\"maxInstancesPerCapability\",\"injectGlobals\",\"filesToWatch\",\"execArgv\",\"runnerEnv\",\"runner\",\"shard\",\"specFileRetries\",\"specFileRetriesDelay\",\"specFileRetriesDeferred\",\"reporterSyncInterval\",\"reporterSyncTimeout\",\"cucumberFeaturesWithLineNumbers\",\"autoCompileOpts\",\"mochaOpts\",\"jasmineOpts\",\"cucumberOpts\",\"onPrepare\",\"onWorkerStart\",\"onWorkerEnd\",\"before\",\"beforeSession\",\"beforeSuite\",\"beforeHook\",\"beforeTest\",\"afterTest\",\"afterHook\",\"afterSuite\",\"afterSession\",\"after\",\"onComplete\",\"beforeAssertion\",\"afterAssertion\",\"beforeFeature\",\"beforeScenario\",\"beforeStep\",\"afterStep\",\"afterScenario\",\"afterFeature\",\"_\",\"suite\",\"$0\",\"ignoredWorkerServices\",\"wdi5\"]"}]}
COMMAND: POST /session/c72c23a71f957f5f97380492e1ede48b/execute/async - {"script":"<script> [21126 bytes]","args":[35000]}
RESULT: {"script":"<script> [21126 bytes]","args":[35000]}
COMMAND: POST /session/c72c23a71f957f5f97380492e1ede48b/window/fullscreen - {}
RESULT: {}
COMMAND: POST /session/c72c23a71f957f5f97380492e1ede48b/window/fullscreen - {}
RESULT: {}
COMMAND: POST /session/c72c23a71f957f5f97380492e1ede48b/execute/async - {"script":"<script> [1562 bytes]","args":[{"selector":{"controlType":"sap.m.GenericTile","properties":{"header":"Manage Partners"}},"wdio_ui5_key":"sapm.GenericTile{\"header\":\"Manage Partners\"}"}]}
RESULT: {"script":"<script> [1562 bytes]","args":[{"selector":{"controlType":"sap.m.GenericTile","properties":{"header":"Manage Partners"}},"wdio_ui5_key":"sapm.GenericTile{\"header\":\"Manage Partners\"}"}]}
RESULT: undefined
COMMAND: POST /session/c72c23a71f957f5f97380492e1ede48b/element - {"using":"xpath","value":"//*[@id=\"__tile30\"]"}
RESULT: {"using":"xpath","value":"//*[@id=\"__tile30\"]"}
COMMAND: POST /session/c72c23a71f957f5f97380492e1ede48b/element/f.9B2FD2DF9A9EBD12F39787CA2B3A3B3C.d.9D2F1153692D7F3ECC6A82C6B20F0F66.e.4498/click - {}
RESULT: {}
COMMAND: GET /session/c72c23a71f957f5f97380492e1ede48b/screenshot - {}
RESULT: {}
COMMAND: POST /session/c72c23a71f957f5f97380492e1ede48b/elements - {"using":"xpath","value":"//span[text()='Error']"}
RESULT: {"using":"xpath","value":"//span[text()='Error']"}
COMMAND: POST /session/c72c23a71f957f5f97380492e1ede48b/element - {"using":"xpath","value":"//button[@data-kt=\"addButton\"]"}
RESULT: {"using":"xpath","value":"//button[@data-kt=\"addButton\"]"}
COMMAND: POST /session/c72c23a71f957f5f97380492e1ede48b/elements - {"using":"xpath","value":"//button[@data-kt=\"addButton\"]"}
RESULT: {"using":"xpath","value":"//button[@data-kt=\"addButton\"]"}
COMMAND: POST /session/c72c23a71f957f5f97380492e1ede48b/execute/sync - {"script":"<script> [8489 bytes]","args":[{"element-6066-11e4-a52e-4f735466cecf":"f.9B2FD2DF9A9EBD12F39787CA2B3A3B3C.d.9D2F1153692D7F3ECC6A82C6B20F0F66.e.4625","ELEMENT":"f.9B2FD2DF9A9EBD12F39787CA2B3A3B3C.d.9D2F1153692D7F3ECC6A82C6B20F0F66.e.4625"}]}
RESULT: {"script":"<script> [8489 bytes]","args":[{"element-6066-11e4-a52e-4f735466cecf":"f.9B2FD2DF9A9EBD12F39787CA2B3A3B3C.d.9D2F1153692D7F3ECC6A82C6B20F0F66.e.4625","ELEMENT":"f.9B2FD2DF9A9EBD12F39787CA2B3A3B3C.d.9D2F1153692D7F3ECC6A82C6B20F0F66.e.4625"}]}
COMMAND: GET /session/c72c23a71f957f5f97380492e1ede48b/element/f.9B2FD2DF9A9EBD12F39787CA2B3A3B3C.d.9D2F1153692D7F3ECC6A82C6B20F0F66.e.4625/enabled - {}
COMMAND: GET /session/c72c23a71f957f5f97380492e1ede48b/screenshot - {}
RESULT: {}
COMMAND: POST /session/c72c23a71f957f5f97380492e1ede48b/execute/sync - {"script":"<script> [8489 bytes]","args":[{"element-6066-11e4-a52e-4f735466cecf":"f.9B2FD2DF9A9EBD12F39787CA2B3A3B3C.d.9D2F1153692D7F3ECC6A82C6B20F0F66.e.4625","ELEMENT":"f.9B2FD2DF9A9EBD12F39787CA2B3A3B3C.d.9D2F1153692D7F3ECC6A82C6B20F0F66.e.4625"}]}
COMMAND: GET /session/c72c23a71f957f5f97380492e1ede48b/screenshot - {}
RESULT: {}
RESULT: {"script":"<script> [8489 bytes]","args":[{"element-6066-11e4-a52e-4f735466cecf":"f.9B2FD2DF9A9EBD12F39787CA2B3A3B3C.d.9D2F1153692D7F3ECC6A82C6B20F0F66.e.4625","ELEMENT":"f.9B2FD2DF9A9EBD12F39787CA2B3A3B3C.d.9D2F1153692D7F3ECC6A82C6B20F0F66.e.4625"}]}
COMMAND: POST /session/c72c23a71f957f5f97380492e1ede48b/execute/sync - {"script":"<script> [5351 bytes]","args":[{"element-6066-11e4-a52e-4f735466cecf":"f.9B2FD2DF9A9EBD12F39787CA2B3A3B3C.d.9D2F1153692D7F3ECC6A82C6B20F0F66.e.4625","ELEMENT":"f.9B2FD2DF9A9EBD12F39787CA2B3A3B3C.d.9D2F1153692D7F3ECC6A82C6B20F0F66.e.4625"}]}
COMMAND: GET /session/c72c23a71f957f5f97380492e1ede48b/screenshot - {}
RESULT: {}
RESULT: {"script":"<script> [5351 bytes]","args":[{"element-6066-11e4-a52e-4f735466cecf":"f.9B2FD2DF9A9EBD12F39787CA2B3A3B3C.d.9D2F1153692D7F3ECC6A82C6B20F0F66.e.4625","ELEMENT":"f.9B2FD2DF9A9EBD12F39787CA2B3A3B3C.d.9D2F1153692D7F3ECC6A82C6B20F0F66.e.4625"}]}
COMMAND: POST /session/c72c23a71f957f5f97380492e1ede48b/element/f.9B2FD2DF9A9EBD12F39787CA2B3A3B3C.d.9D2F1153692D7F3ECC6A82C6B20F0F66.e.4625/click - {}
COMMAND: GET /session/c72c23a71f957f5f97380492e1ede48b/screenshot - {}
RESULT: {}
RESULT: {}
COMMAND: GET /session/c72c23a71f957f5f97380492e1ede48b/screenshot - {}
COMMAND: POST /session/c72c23a71f957f5f97380492e1ede48b/execute/async - {"script":"<script> [1562 bytes]","args":[{"selector":{"id":"application-managepartners-display-component---NewPartner--addressDetailDetailsName1","interaction":{"idSuffix":"inner"}},"wdio_ui5_key":"applicationmanagepartners-display-component---NewPartner--addressDetailDetailsName1"}]}
RESULT: {}
RESULT: {}
RESULT: {"script":"<script> [1562 bytes]","args":[{"selector":{"id":"application-managepartners-display-component---NewPartner--addressDetailDetailsName1","interaction":{"idSuffix":"inner"}},"wdio_ui5_key":"applicationmanagepartners-display-component---NewPartner--addressDetailDetailsName1"}]}
RESULT: undefined
COMMAND: POST /session/c72c23a71f957f5f97380492e1ede48b/execute/async - {"script":"<script> [776 bytes]","args":[{"enterText":"Intracompany Partner WDIO","selector":{"id":"application-managepartners-display-component---NewPartner--addressDetailDetailsName1","interaction":{"idSuffix":"inner"}},"clearTextFirst":true,"interactionType":"ENTER_TEXT"}]}
RESULT: {"script":"<script> [776 bytes]","args":[{"enterText":"Intracompany Partner WDIO","selector":{"id":"application-managepartners-display-component---NewPartner--addressDetailDetailsName1","interaction":{"idSuffix":"inner"}},"clearTextFirst":true,"interactionType":"ENTER_TEXT"}]}
COMMAND: POST /session/c72c23a71f957f5f97380492e1ede48b/execute/async - {"script":"<script> [1562 bytes]","args":[{"selector":{"id":"application-managepartners-display-component---NewPartner--addressDetailDetailsLanguage-arrow"},"wdio_ui5_key":"applicationmanagepartners-display-component---NewPartner--addressDetailDetailsLanguage-arrow"}]}
RESULT: {"script":"<script> [1562 bytes]","args":[{"selector":{"id":"application-managepartners-display-component---NewPartner--addressDetailDetailsLanguage-arrow"},"wdio_ui5_key":"applicationmanagepartners-display-component---NewPartner--addressDetailDetailsLanguage-arrow"}]}
RESULT: undefined
COMMAND: POST /session/c72c23a71f957f5f97380492e1ede48b/element - {"using":"xpath","value":"//*[@id=\"application-managepartners-display-component---NewPartner--addressDetailDetailsLanguage-arrow\"]"}
RESULT: {"using":"xpath","value":"//*[@id=\"application-managepartners-display-component---NewPartner--addressDetailDetailsLanguage-arrow\"]"}
COMMAND: POST /session/c72c23a71f957f5f97380492e1ede48b/element/f.9B2FD2DF9A9EBD12F39787CA2B3A3B3C.d.9D2F1153692D7F3ECC6A82C6B20F0F66.e.5064/click - {}
RESULT: {}
COMMAND: POST /session/c72c23a71f957f5f97380492e1ede48b/element - {"using":"xpath","value":"//span[contains(text(), \"English\")]"}
COMMAND: GET /session/c72c23a71f957f5f97380492e1ede48b/screenshot - {}
RESULT: {"using":"xpath","value":"//span[contains(text(), \"English\")]"}
COMMAND: POST /session/c72c23a71f957f5f97380492e1ede48b/element/f.9B2FD2DF9A9EBD12F39787CA2B3A3B3C.d.9D2F1153692D7F3ECC6A82C6B20F0F66.e.5065/click - {}
RESULT: {}
RESULT: {}
COMMAND: GET /session/c72c23a71f957f5f97380492e1ede48b/screenshot - {}
RESULT: {}
COMMAND: POST /session/c72c23a71f957f5f97380492e1ede48b/execute/async - {"script":"<script> [1562 bytes]","args":[{"selector":{"id":"application-managepartners-display-component---NewPartner--addressDetailDetailsCity1","interaction":{"idSuffix":"inner"}},"wdio_ui5_key":"applicationmanagepartners-display-component---NewPartner--addressDetailDetailsCity1"}]}
RESULT: {"script":"<script> [1562 bytes]","args":[{"selector":{"id":"application-managepartners-display-component---NewPartner--addressDetailDetailsCity1","interaction":{"idSuffix":"inner"}},"wdio_ui5_key":"applicationmanagepartners-display-component---NewPartner--addressDetailDetailsCity1"}]}
RESULT: undefined
COMMAND: POST /session/c72c23a71f957f5f97380492e1ede48b/execute/async - {"script":"<script> [776 bytes]","args":[{"enterText":"Rosario","selector":{"id":"application-managepartners-display-component---NewPartner--addressDetailDetailsCity1","interaction":{"idSuffix":"inner"}},"clearTextFirst":true,"interactionType":"ENTER_TEXT"}]}
RESULT: {"script":"<script> [776 bytes]","args":[{"enterText":"Rosario","selector":{"id":"application-managepartners-display-component---NewPartner--addressDetailDetailsCity1","interaction":{"idSuffix":"inner"}},"clearTextFirst":true,"interactionType":"ENTER_TEXT"}]}
COMMAND: POST /session/c72c23a71f957f5f97380492e1ede48b/execute/async - {"script":"<script> [1562 bytes]","args":[{"selector":{"id":"application-managepartners-display-component---NewPartner--addressDetailDetailsCountry-arrow"},"wdio_ui5_key":"applicationmanagepartners-display-component---NewPartner--addressDetailDetailsCountry-arrow"}]}
RESULT: {"script":"<script> [1562 bytes]","args":[{"selector":{"id":"application-managepartners-display-component---NewPartner--addressDetailDetailsCountry-arrow"},"wdio_ui5_key":"applicationmanagepartners-display-component---NewPartner--addressDetailDetailsCountry-arrow"}]}
RESULT: undefined
COMMAND: POST /session/c72c23a71f957f5f97380492e1ede48b/element - {"using":"xpath","value":"//*[@id=\"application-managepartners-display-component---NewPartner--addressDetailDetailsCountry-arrow\"]"}
RESULT: {"using":"xpath","value":"//*[@id=\"application-managepartners-display-component---NewPartner--addressDetailDetailsCountry-arrow\"]"}
COMMAND: POST /session/c72c23a71f957f5f97380492e1ede48b/element/f.9B2FD2DF9A9EBD12F39787CA2B3A3B3C.d.9D2F1153692D7F3ECC6A82C6B20F0F66.e.5050/click - {}
RESULT: {}
COMMAND: POST /session/c72c23a71f957f5f97380492e1ede48b/element - {"using":"xpath","value":"//span[contains(text(), \"Argentina\")]"}
COMMAND: GET /session/c72c23a71f957f5f97380492e1ede48b/screenshot - {}
RESULT: {"using":"xpath","value":"//span[contains(text(), \"Argentina\")]"}
COMMAND: POST /session/c72c23a71f957f5f97380492e1ede48b/element/f.9B2FD2DF9A9EBD12F39787CA2B3A3B3C.d.9D2F1153692D7F3ECC6A82C6B20F0F66.e.5067/click - {}
RESULT: {}
RESULT: {}
COMMAND: GET /session/c72c23a71f957f5f97380492e1ede48b/screenshot - {}
RESULT: {}
COMMAND: POST /session/c72c23a71f957f5f97380492e1ede48b/element - {"using":"xpath","value":"//bdi[contains(text(), \"Commercial\")]"}
RESULT: {"using":"xpath","value":"//bdi[contains(text(), \"Commercial\")]"}
COMMAND: POST /session/c72c23a71f957f5f97380492e1ede48b/element/f.9B2FD2DF9A9EBD12F39787CA2B3A3B3C.d.9D2F1153692D7F3ECC6A82C6B20F0F66.e.5068/click - {}
RESULT: {}
COMMAND: GET /session/c72c23a71f957f5f97380492e1ede48b/screenshot - {}
RESULT: {}
COMMAND: POST /session/c72c23a71f957f5f97380492e1ede48b/execute/async - {"script":"<script> [1562 bytes]","args":[{"selector":{"id":"application-managepartners-display-component---NewPartner--partnerDetailInternal-arrow"},"wdio_ui5_key":"applicationmanagepartners-display-component---NewPartner--partnerDetailInternal-arrow"}]}
RESULT: {"script":"<script> [1562 bytes]","args":[{"selector":{"id":"application-managepartners-display-component---NewPartner--partnerDetailInternal-arrow"},"wdio_ui5_key":"applicationmanagepartners-display-component---NewPartner--partnerDetailInternal-arrow"}]}
RESULT: undefined
COMMAND: POST /session/c72c23a71f957f5f97380492e1ede48b/element - {"using":"xpath","value":"//*[@id=\"application-managepartners-display-component---NewPartner--partnerDetailInternal-arrow\"]"}
RESULT: {"using":"xpath","value":"//*[@id=\"application-managepartners-display-component---NewPartner--partnerDetailInternal-arrow\"]"}
COMMAND: POST /session/c72c23a71f957f5f97380492e1ede48b/element/f.9B2FD2DF9A9EBD12F39787CA2B3A3B3C.d.9D2F1153692D7F3ECC6A82C6B20F0F66.e.5076/click - {}
RESULT: {}
COMMAND: POST /session/c72c23a71f957f5f97380492e1ede48b/element - {"using":"xpath","value":"//span[contains(text(), \"Affiliated company\")]"}
COMMAND: GET /session/c72c23a71f957f5f97380492e1ede48b/screenshot - {}
RESULT: {"using":"xpath","value":"//span[contains(text(), \"Affiliated company\")]"}
COMMAND: POST /session/c72c23a71f957f5f97380492e1ede48b/element/f.9B2FD2DF9A9EBD12F39787CA2B3A3B3C.d.9D2F1153692D7F3ECC6A82C6B20F0F66.e.5077/click - {}
RESULT: {}
RESULT: {}
COMMAND: POST /session/c72c23a71f957f5f97380492e1ede48b/execute/async - {"script":"<script> [1562 bytes]","args":[{"selector":{"id":"application-managepartners-display-component---NewPartner--partnerDetailsCurrency-arrow"},"wdio_ui5_key":"applicationmanagepartners-display-component---NewPartner--partnerDetailsCurrency-arrow"}]}
COMMAND: GET /session/c72c23a71f957f5f97380492e1ede48b/screenshot - {}
RESULT: {"script":"<script> [1562 bytes]","args":[{"selector":{"id":"application-managepartners-display-component---NewPartner--partnerDetailsCurrency-arrow"},"wdio_ui5_key":"applicationmanagepartners-display-component---NewPartner--partnerDetailsCurrency-arrow"}]}
RESULT: undefined
COMMAND: POST /session/c72c23a71f957f5f97380492e1ede48b/element - {"using":"xpath","value":"//*[@id=\"application-managepartners-display-component---NewPartner--partnerDetailsCurrency-arrow\"]"}
RESULT: {}
RESULT: {"using":"xpath","value":"//*[@id=\"application-managepartners-display-component---NewPartner--partnerDetailsCurrency-arrow\"]"}
COMMAND: POST /session/c72c23a71f957f5f97380492e1ede48b/element/f.9B2FD2DF9A9EBD12F39787CA2B3A3B3C.d.9D2F1153692D7F3ECC6A82C6B20F0F66.e.5084/click - {}
RESULT: {}
COMMAND: POST /session/c72c23a71f957f5f97380492e1ede48b/element - {"using":"xpath","value":"//span[contains(text(), \"Euro\")]"}
COMMAND: GET /session/c72c23a71f957f5f97380492e1ede48b/screenshot - {}
RESULT: {"using":"xpath","value":"//span[contains(text(), \"Euro\")]"}
COMMAND: POST /session/c72c23a71f957f5f97380492e1ede48b/element/f.9B2FD2DF9A9EBD12F39787CA2B3A3B3C.d.9D2F1153692D7F3ECC6A82C6B20F0F66.e.5085/click - {}
RESULT: {}
RESULT: {}
COMMAND: POST /session/c72c23a71f957f5f97380492e1ede48b/execute/async - {"script":"<script> [1562 bytes]","args":[{"selector":{"id":"application-managepartners-display-component---NewPartner--addressEditDetailsCostObjectCstType-arrow"},"wdio_ui5_key":"applicationmanagepartners-display-component---NewPartner--addressEditDetailsCostObjectCstType-arrow"}]}
COMMAND: GET /session/c72c23a71f957f5f97380492e1ede48b/screenshot - {}
RESULT: {"script":"<script> [1562 bytes]","args":[{"selector":{"id":"application-managepartners-display-component---NewPartner--addressEditDetailsCostObjectCstType-arrow"},"wdio_ui5_key":"applicationmanagepartners-display-component---NewPartner--addressEditDetailsCostObjectCstType-arrow"}]}
RESULT: undefined
COMMAND: POST /session/c72c23a71f957f5f97380492e1ede48b/element - {"using":"xpath","value":"//*[@id=\"application-managepartners-display-component---NewPartner--addressEditDetailsCostObjectCstType-arrow\"]"}
RESULT: {}
RESULT: {"using":"xpath","value":"//*[@id=\"application-managepartners-display-component---NewPartner--addressEditDetailsCostObjectCstType-arrow\"]"}
COMMAND: POST /session/c72c23a71f957f5f97380492e1ede48b/element/f.9B2FD2DF9A9EBD12F39787CA2B3A3B3C.d.9D2F1153692D7F3ECC6A82C6B20F0F66.e.5086/click - {}
RESULT: {}
COMMAND: POST /session/c72c23a71f957f5f97380492e1ede48b/element - {"using":"xpath","value":"//span[contains(text(), \"Cost Center\")]"}
COMMAND: GET /session/c72c23a71f957f5f97380492e1ede48b/screenshot - {}
RESULT: {"using":"xpath","value":"//span[contains(text(), \"Cost Center\")]"}
COMMAND: POST /session/c72c23a71f957f5f97380492e1ede48b/element/f.9B2FD2DF9A9EBD12F39787CA2B3A3B3C.d.9D2F1153692D7F3ECC6A82C6B20F0F66.e.5087/click - {}
RESULT: {}
RESULT: {}
COMMAND: GET /session/c72c23a71f957f5f97380492e1ede48b/screenshot - {}
RESULT: {}
COMMAND: POST /session/c72c23a71f957f5f97380492e1ede48b/element - {"using":"xpath","value":"//span[@id=\"application-managepartners-display-component---NewPartner--addressNewCostObjectCstID-vhi\"]"}
RESULT: {"using":"xpath","value":"//span[@id=\"application-managepartners-display-component---NewPartner--addressNewCostObjectCstID-vhi\"]"}
COMMAND: POST /session/c72c23a71f957f5f97380492e1ede48b/execute/sync - {"script":"<script> [8489 bytes]","args":[{"element-6066-11e4-a52e-4f735466cecf":"f.9B2FD2DF9A9EBD12F39787CA2B3A3B3C.d.9D2F1153692D7F3ECC6A82C6B20F0F66.e.5091","ELEMENT":"f.9B2FD2DF9A9EBD12F39787CA2B3A3B3C.d.9D2F1153692D7F3ECC6A82C6B20F0F66.e.5091"}]}
RESULT: {"script":"<script> [8489 bytes]","args":[{"element-6066-11e4-a52e-4f735466cecf":"f.9B2FD2DF9A9EBD12F39787CA2B3A3B3C.d.9D2F1153692D7F3ECC6A82C6B20F0F66.e.5091","ELEMENT":"f.9B2FD2DF9A9EBD12F39787CA2B3A3B3C.d.9D2F1153692D7F3ECC6A82C6B20F0F66.e.5091"}]}
COMMAND: POST /session/c72c23a71f957f5f97380492e1ede48b/execute/async - {"script":"<script> [1562 bytes]","args":[{"selector":{"id":"application-managepartners-display-component---NewPartner--addressNewCostObjectCstID-vhi"},"wdio_ui5_key":"applicationmanagepartners-display-component---NewPartner--addressNewCostObjectCstID-vhi"}]}
COMMAND: GET /session/c72c23a71f957f5f97380492e1ede48b/screenshot - {}
RESULT: {"script":"<script> [1562 bytes]","args":[{"selector":{"id":"application-managepartners-display-component---NewPartner--addressNewCostObjectCstID-vhi"},"wdio_ui5_key":"applicationmanagepartners-display-component---NewPartner--addressNewCostObjectCstID-vhi"}]}
RESULT: undefined
COMMAND: POST /session/c72c23a71f957f5f97380492e1ede48b/element - {"using":"xpath","value":"//*[@id=\"application-managepartners-display-component---NewPartner--addressNewCostObjectCstID-vhi\"]"}
RESULT: {}
RESULT: {"using":"xpath","value":"//*[@id=\"application-managepartners-display-component---NewPartner--addressNewCostObjectCstID-vhi\"]"}
COMMAND: POST /session/c72c23a71f957f5f97380492e1ede48b/element/f.9B2FD2DF9A9EBD12F39787CA2B3A3B3C.d.9D2F1153692D7F3ECC6A82C6B20F0F66.e.5091/click - {}
RESULT: {}
COMMAND: GET /session/c72c23a71f957f5f97380492e1ede48b/screenshot - {}
RESULT: {}
COMMAND: POST /session/c72c23a71f957f5f97380492e1ede48b/execute/async - {"script":"<script> [1562 bytes]","args":[{"selector":{"controlType":"sap.m.SearchField","properties":{"placeholder":"Search"},"searchOpenDialogs":true,"interaction":{"idSuffix":"I"}},"wdio_ui5_key":"sapm.SearchField{\"placeholder\":\"Search\"}"}]}
RESULT: {"script":"<script> [1562 bytes]","args":[{"selector":{"controlType":"sap.m.SearchField","properties":{"placeholder":"Search"},"searchOpenDialogs":true,"interaction":{"idSuffix":"I"}},"wdio_ui5_key":"sapm.SearchField{\"placeholder\":\"Search\"}"}]}
RESULT: undefined
COMMAND: POST /session/c72c23a71f957f5f97380492e1ede48b/execute/async - {"script":"<script> [776 bytes]","args":[{"enterText":"10001013","selector":{"controlType":"sap.m.SearchField","properties":{"placeholder":"Search"},"searchOpenDialogs":true,"interaction":{"idSuffix":"I"}},"clearTextFirst":true,"interactionType":"ENTER_TEXT"}]}
RESULT: {"script":"<script> [776 bytes]","args":[{"enterText":"10001013","selector":{"controlType":"sap.m.SearchField","properties":{"placeholder":"Search"},"searchOpenDialogs":true,"interaction":{"idSuffix":"I"}},"clearTextFirst":true,"interactionType":"ENTER_TEXT"}]}
COMMAND: POST /session/c72c23a71f957f5f97380492e1ede48b/actions - {"actions":[{"id":"action12","type":"key","parameters":{},"actions":[{"type":"keyDown","value":""},{"type":"pause","duration":10},{"type":"keyUp","value":""}]}]}
RESULT: {"actions":[{"id":"action12","type":"key","parameters":{},"actions":[{"type":"keyDown","value":""},{"type":"pause","duration":10},{"type":"keyUp","value":""}]}]}
COMMAND: GET /session/c72c23a71f957f5f97380492e1ede48b/screenshot - {}
RESULT: {}
COMMAND: POST /session/c72c23a71f957f5f97380492e1ede48b/element - {"using":"xpath","value":"//span[contains(text(), \"General Management\")]"}
RESULT: {"using":"xpath","value":"//span[contains(text(), \"General Management\")]"}
COMMAND: POST /session/c72c23a71f957f5f97380492e1ede48b/element/f.9B2FD2DF9A9EBD12F39787CA2B3A3B3C.d.9D2F1153692D7F3ECC6A82C6B20F0F66.e.5101/click - {}
RESULT: {}
COMMAND: GET /session/c72c23a71f957f5f97380492e1ede48b/screenshot - {}
RESULT: {}
COMMAND: POST /session/c72c23a71f957f5f97380492e1ede48b/element - {"using":"xpath","value":"//bdi[contains(text(), \"OK\")]"}
RESULT: {"using":"xpath","value":"//bdi[contains(text(), \"OK\")]"}
COMMAND: POST /session/c72c23a71f957f5f97380492e1ede48b/element/f.9B2FD2DF9A9EBD12F39787CA2B3A3B3C.d.9D2F1153692D7F3ECC6A82C6B20F0F66.e.5103/click - {}
RESULT: {}
COMMAND: GET /session/c72c23a71f957f5f97380492e1ede48b/screenshot - {}
RESULT: {}
COMMAND: POST /session/c72c23a71f957f5f97380492e1ede48b/element - {"using":"xpath","value":"//input[@id=\"application-managepartners-display-component---NewPartner--companyCodeComboBox-inner\"]"}
RESULT: {"using":"xpath","value":"//input[@id=\"application-managepartners-display-component---NewPartner--companyCodeComboBox-inner\"]"}
COMMAND: POST /session/c72c23a71f957f5f97380492e1ede48b/element/f.9B2FD2DF9A9EBD12F39787CA2B3A3B3C.d.9D2F1153692D7F3ECC6A82C6B20F0F66.e.4923/clear - {}
RESULT: {}
COMMAND: POST /session/c72c23a71f957f5f97380492e1ede48b/element/f.9B2FD2DF9A9EBD12F39787CA2B3A3B3C.d.9D2F1153692D7F3ECC6A82C6B20F0F66.e.4923/value - {"text":"1000"}
COMMAND: GET /session/c72c23a71f957f5f97380492e1ede48b/screenshot - {}
RESULT: {"text":"1000"}
COMMAND: GET /session/c72c23a71f957f5f97380492e1ede48b/screenshot - {}
RESULT: {}
RESULT: {}
COMMAND: POST /session/c72c23a71f957f5f97380492e1ede48b/element - {"using":"xpath","value":"//li[.//span[text()= \"1000\"]]"}
RESULT: {"using":"xpath","value":"//li[.//span[text()= \"1000\"]]"}
COMMAND: POST /session/c72c23a71f957f5f97380492e1ede48b/element/f.9B2FD2DF9A9EBD12F39787CA2B3A3B3C.d.9D2F1153692D7F3ECC6A82C6B20F0F66.e.5109/click - {}
RESULT: {}
COMMAND: GET /session/c72c23a71f957f5f97380492e1ede48b/screenshot - {}
RESULT: {}
COMMAND: POST /session/c72c23a71f957f5f97380492e1ede48b/execute/async - {"script":"<script> [1562 bytes]","args":[{"selector":{"id":"application-managepartners-display-component---NewPartner--btnAddTableRow-img"},"wdio_ui5_key":"applicationmanagepartners-display-component---NewPartner--btnAddTableRow-img"}]}
RESULT: {"script":"<script> [1562 bytes]","args":[{"selector":{"id":"application-managepartners-display-component---NewPartner--btnAddTableRow-img"},"wdio_ui5_key":"applicationmanagepartners-display-component---NewPartner--btnAddTableRow-img"}]}
RESULT: undefined
COMMAND: POST /session/c72c23a71f957f5f97380492e1ede48b/element - {"using":"xpath","value":"//*[@id=\"application-managepartners-display-component---NewPartner--btnAddTableRow-img\"]"}
RESULT: {"using":"xpath","value":"//*[@id=\"application-managepartners-display-component---NewPartner--btnAddTableRow-img\"]"}
COMMAND: POST /session/c72c23a71f957f5f97380492e1ede48b/element/f.9B2FD2DF9A9EBD12F39787CA2B3A3B3C.d.9D2F1153692D7F3ECC6A82C6B20F0F66.e.5110/click - {}
RESULT: {}
COMMAND: GET /session/c72c23a71f957f5f97380492e1ede48b/screenshot - {}
RESULT: {}
COMMAND: POST /session/c72c23a71f957f5f97380492e1ede48b/element - {"using":"xpath","value":"//input[@id=\"application-managepartners-display-component---NewPartner--assignmentYard-application-managepartners-display-component---NewPartner--assignmentsTable-0-inner\"]"}
RESULT: {"using":"xpath","value":"//input[@id=\"application-managepartners-display-component---NewPartner--assignmentYard-application-managepartners-display-component---NewPartner--assignmentsTable-0-inner\"]"}
COMMAND: POST /session/c72c23a71f957f5f97380492e1ede48b/element/f.9B2FD2DF9A9EBD12F39787CA2B3A3B3C.d.9D2F1153692D7F3ECC6A82C6B20F0F66.e.5113/clear - {}
RESULT: {}
COMMAND: POST /session/c72c23a71f957f5f97380492e1ede48b/element/f.9B2FD2DF9A9EBD12F39787CA2B3A3B3C.d.9D2F1153692D7F3ECC6A82C6B20F0F66.e.5113/value - {"text":"397"}
COMMAND: GET /session/c72c23a71f957f5f97380492e1ede48b/screenshot - {}
RESULT: {"text":"397"}
COMMAND: GET /session/c72c23a71f957f5f97380492e1ede48b/screenshot - {}
RESULT: {}
RESULT: {}
COMMAND: POST /session/c72c23a71f957f5f97380492e1ede48b/element - {"using":"xpath","value":"//li[.//span[text()='397']]"}
RESULT: {"using":"xpath","value":"//li[.//span[text()='397']]"}
COMMAND: POST /session/c72c23a71f957f5f97380492e1ede48b/element/f.9B2FD2DF9A9EBD12F39787CA2B3A3B3C.d.9D2F1153692D7F3ECC6A82C6B20F0F66.e.5122/click - {}
RESULT: {}
COMMAND: GET /session/c72c23a71f957f5f97380492e1ede48b/screenshot - {}
RESULT: {}
COMMAND: POST /session/c72c23a71f957f5f97380492e1ede48b/actions - {"actions":[{"id":"action13","type":"key","parameters":{},"actions":[{"type":"keyDown","value":""},{"type":"pause","duration":10},{"type":"keyUp","value":""}]}]}
RESULT: {"actions":[{"id":"action13","type":"key","parameters":{},"actions":[{"type":"keyDown","value":""},{"type":"pause","duration":10},{"type":"keyUp","value":""}]}]}
COMMAND: POST /session/c72c23a71f957f5f97380492e1ede48b/execute/async - {"script":"<script> [1562 bytes]","args":[{"selector":{"id":"application-managepartners-display-component---NewPartner--externalCustomerComboBox-application-managepartners-display-component---NewPartner--assignmentsTable-0-vhi"},"wdio_ui5_key":"applicationmanagepartners-display-component---NewPartner--externalCustomerComboBox-application-managepartners-display-component---NewPartner--assignmentsTable-0-vhi"}]}
COMMAND: GET /session/c72c23a71f957f5f97380492e1ede48b/screenshot - {}
RESULT: {"script":"<script> [1562 bytes]","args":[{"selector":{"id":"application-managepartners-display-component---NewPartner--externalCustomerComboBox-application-managepartners-display-component---NewPartner--assignmentsTable-0-vhi"},"wdio_ui5_key":"applicationmanagepartners-display-component---NewPartner--externalCustomerComboBox-application-managepartners-display-component---NewPartner--assignmentsTable-0-vhi"}]}
RESULT: undefined
COMMAND: POST /session/c72c23a71f957f5f97380492e1ede48b/element - {"using":"xpath","value":"//*[@id=\"application-managepartners-display-component---NewPartner--externalCustomerComboBox-application-managepartners-display-component---NewPartner--assignmentsTable-0-vhi\"]"}
RESULT: {}
RESULT: {"using":"xpath","value":"//*[@id=\"application-managepartners-display-component---NewPartner--externalCustomerComboBox-application-managepartners-display-component---NewPartner--assignmentsTable-0-vhi\"]"}
COMMAND: POST /session/c72c23a71f957f5f97380492e1ede48b/element/f.9B2FD2DF9A9EBD12F39787CA2B3A3B3C.d.9D2F1153692D7F3ECC6A82C6B20F0F66.e.5126/click - {}
RESULT: {}
RESULT: undefined
COMMAND: POST /session/c72c23a71f957f5f97380492e1ede48b/execute/async - {"script":"<script> [776 bytes]","args":[{"enterText":"300003","selector":{"controlType":"sap.m.SearchField","properties":{"placeholder":"Search"},"searchOpenDialogs":true,"interaction":{"idSuffix":"I"}},"clearTextFirst":true,"interactionType":"ENTER_TEXT"}]}
COMMAND: GET /session/c72c23a71f957f5f97380492e1ede48b/screenshot - {}
RESULT: {"script":"<script> [776 bytes]","args":[{"enterText":"300003","selector":{"controlType":"sap.m.SearchField","properties":{"placeholder":"Search"},"searchOpenDialogs":true,"interaction":{"idSuffix":"I"}},"clearTextFirst":true,"interactionType":"ENTER_TEXT"}]}
COMMAND: POST /session/c72c23a71f957f5f97380492e1ede48b/actions - {"actions":[{"id":"action14","type":"key","parameters":{},"actions":[{"type":"keyDown","value":""},{"type":"pause","duration":10},{"type":"keyUp","value":""}]}]}
RESULT: {}
RESULT: {"actions":[{"id":"action14","type":"key","parameters":{},"actions":[{"type":"keyDown","value":""},{"type":"pause","duration":10},{"type":"keyUp","value":""}]}]}
COMMAND: GET /session/c72c23a71f957f5f97380492e1ede48b/screenshot - {}
RESULT: {}
COMMAND: POST /session/c72c23a71f957f5f97380492e1ede48b/element - {"using":"xpath","value":"//span[contains(text(), \"300003\")]"}
RESULT: {"using":"xpath","value":"//span[contains(text(), \"300003\")]"}
COMMAND: POST /session/c72c23a71f957f5f97380492e1ede48b/element/f.9B2FD2DF9A9EBD12F39787CA2B3A3B3C.d.9D2F1153692D7F3ECC6A82C6B20F0F66.e.5143/click - {}
RESULT: {}
COMMAND: GET /session/c72c23a71f957f5f97380492e1ede48b/screenshot - {}
RESULT: {}
COMMAND: POST /session/c72c23a71f957f5f97380492e1ede48b/element - {"using":"xpath","value":"//bdi[contains(text(), \"OK\")]"}
RESULT: {"using":"xpath","value":"//bdi[contains(text(), \"OK\")]"}
COMMAND: POST /session/c72c23a71f957f5f97380492e1ede48b/element/f.9B2FD2DF9A9EBD12F39787CA2B3A3B3C.d.9D2F1153692D7F3ECC6A82C6B20F0F66.e.5145/click - {}
RESULT: {}
COMMAND: GET /session/c72c23a71f957f5f97380492e1ede48b/screenshot - {}
RESULT: {}
COMMAND: POST /session/c72c23a71f957f5f97380492e1ede48b/execute/async - {"script":"<script> [1562 bytes]","args":[{"selector":{"id":"application-managepartners-display-component---NewPartner--intercompVendorComboBox-application-managepartners-display-component---NewPartner--assignmentsTable-0-vhi"},"wdio_ui5_key":"applicationmanagepartners-display-component---NewPartner--intercompVendorComboBox-application-managepartners-display-component---NewPartner--assignmentsTable-0-vhi"}]}
RESULT: {"script":"<script> [1562 bytes]","args":[{"selector":{"id":"application-managepartners-display-component---NewPartner--intercompVendorComboBox-application-managepartners-display-component---NewPartner--assignmentsTable-0-vhi"},"wdio_ui5_key":"applicationmanagepartners-display-component---NewPartner--intercompVendorComboBox-application-managepartners-display-component---NewPartner--assignmentsTable-0-vhi"}]}
RESULT: undefined
COMMAND: POST /session/c72c23a71f957f5f97380492e1ede48b/element - {"using":"xpath","value":"//*[@id=\"application-managepartners-display-component---NewPartner--intercompVendorComboBox-application-managepartners-display-component---NewPartner--assignmentsTable-0-vhi\"]"}
RESULT: {"using":"xpath","value":"//*[@id=\"application-managepartners-display-component---NewPartner--intercompVendorComboBox-application-managepartners-display-component---NewPartner--assignmentsTable-0-vhi\"]"}
COMMAND: POST /session/c72c23a71f957f5f97380492e1ede48b/element/f.9B2FD2DF9A9EBD12F39787CA2B3A3B3C.d.9D2F1153692D7F3ECC6A82C6B20F0F66.e.5148/click - {}
RESULT: {}
RESULT: undefined
COMMAND: POST /session/c72c23a71f957f5f97380492e1ede48b/execute/async - {"script":"<script> [776 bytes]","args":[{"enterText":"100005","selector":{"controlType":"sap.m.SearchField","properties":{"placeholder":"Search"},"searchOpenDialogs":true,"interaction":{"idSuffix":"I"}},"clearTextFirst":true,"interactionType":"ENTER_TEXT"}]}
COMMAND: GET /session/c72c23a71f957f5f97380492e1ede48b/screenshot - {}
RESULT: {"script":"<script> [776 bytes]","args":[{"enterText":"100005","selector":{"controlType":"sap.m.SearchField","properties":{"placeholder":"Search"},"searchOpenDialogs":true,"interaction":{"idSuffix":"I"}},"clearTextFirst":true,"interactionType":"ENTER_TEXT"}]}
COMMAND: POST /session/c72c23a71f957f5f97380492e1ede48b/actions - {"actions":[{"id":"action15","type":"key","parameters":{},"actions":[{"type":"keyDown","value":""},{"type":"pause","duration":10},{"type":"keyUp","value":""}]}]}
RESULT: {}
RESULT: {"actions":[{"id":"action15","type":"key","parameters":{},"actions":[{"type":"keyDown","value":""},{"type":"pause","duration":10},{"type":"keyUp","value":""}]}]}
COMMAND: GET /session/c72c23a71f957f5f97380492e1ede48b/screenshot - {}
RESULT: {}
COMMAND: POST /session/c72c23a71f957f5f97380492e1ede48b/element - {"using":"xpath","value":"//span[contains(text(), \"Penguins - Field/12345 Berlin\")]"}
RESULT: {"using":"xpath","value":"//span[contains(text(), \"Penguins - Field/12345 Berlin\")]"}
COMMAND: POST /session/c72c23a71f957f5f97380492e1ede48b/element/f.9B2FD2DF9A9EBD12F39787CA2B3A3B3C.d.9D2F1153692D7F3ECC6A82C6B20F0F66.e.5166/click - {}
RESULT: {}
COMMAND: GET /session/c72c23a71f957f5f97380492e1ede48b/screenshot - {}
RESULT: {}
COMMAND: POST /session/c72c23a71f957f5f97380492e1ede48b/element - {"using":"xpath","value":"//bdi[contains(text(), \"OK\")]"}
RESULT: {"using":"xpath","value":"//bdi[contains(text(), \"OK\")]"}
COMMAND: POST /session/c72c23a71f957f5f97380492e1ede48b/element/f.9B2FD2DF9A9EBD12F39787CA2B3A3B3C.d.9D2F1153692D7F3ECC6A82C6B20F0F66.e.5167/click - {}
RESULT: {}
COMMAND: GET /session/c72c23a71f957f5f97380492e1ede48b/screenshot - {}
RESULT: {}
COMMAND: POST /session/c72c23a71f957f5f97380492e1ede48b/element - {"using":"xpath","value":"//button[@data-kt=\"saveButton\"]"}
RESULT: {"using":"xpath","value":"//button[@data-kt=\"saveButton\"]"}
COMMAND: POST /session/c72c23a71f957f5f97380492e1ede48b/element/f.9B2FD2DF9A9EBD12F39787CA2B3A3B3C.d.9D2F1153692D7F3ECC6A82C6B20F0F66.e.4978/click - {}
RESULT: {}
COMMAND: GET /session/c72c23a71f957f5f97380492e1ede48b/screenshot - {}
RESULT: {}
COMMAND: POST /session/c72c23a71f957f5f97380492e1ede48b/element - {"using":"xpath","value":"//header[contains(@id, 'ObjectPageLayout-headerTitle')]/div[1]/div[2]/div[2]/span[1]"}
RESULT: {"using":"xpath","value":"//header[contains(@id, 'ObjectPageLayout-headerTitle')]/div[1]/div[2]/div[2]/span[1]"}
COMMAND: POST /session/c72c23a71f957f5f97380492e1ede48b/elements - {"using":"xpath","value":"//header[contains(@id, 'ObjectPageLayout-headerTitle')]/div[1]/div[2]/div[2]/span[1]"}
RESULT: {"using":"xpath","value":"//header[contains(@id, 'ObjectPageLayout-headerTitle')]/div[1]/div[2]/div[2]/span[1]"}
COMMAND: POST /session/c72c23a71f957f5f97380492e1ede48b/execute/sync - {"script":"<script> [56 bytes]","args":[{"element-6066-11e4-a52e-4f735466cecf":"f.9B2FD2DF9A9EBD12F39787CA2B3A3B3C.d.9D2F1153692D7F3ECC6A82C6B20F0F66.e.5333","ELEMENT":"f.9B2FD2DF9A9EBD12F39787CA2B3A3B3C.d.9D2F1153692D7F3ECC6A82C6B20F0F66.e.5333"}]}
RESULT: {"script":"<script> [56 bytes]","args":[{"element-6066-11e4-a52e-4f735466cecf":"f.9B2FD2DF9A9EBD12F39787CA2B3A3B3C.d.9D2F1153692D7F3ECC6A82C6B20F0F66.e.5333","ELEMENT":"f.9B2FD2DF9A9EBD12F39787CA2B3A3B3C.d.9D2F1153692D7F3ECC6A82C6B20F0F66.e.5333"}]}
COMMAND: POST /session/c72c23a71f957f5f97380492e1ede48b/element - {"using":"css selector","value":"#shell-header-logo"}
COMMAND: GET /session/c72c23a71f957f5f97380492e1ede48b/screenshot - {}
RESULT: {"using":"css selector","value":"#shell-header-logo"}
COMMAND: POST /session/c72c23a71f957f5f97380492e1ede48b/element/f.9B2FD2DF9A9EBD12F39787CA2B3A3B3C.d.9D2F1153692D7F3ECC6A82C6B20F0F66.e.4578/click - {}
RESULT: {}
RESULT: {}
COMMAND: GET /session/c72c23a71f957f5f97380492e1ede48b/screenshot - {}
RESULT: {}
COMMAND: POST /session/c72c23a71f957f5f97380492e1ede48b/execute/sync - {"script":"<script> [299 bytes]","args":[["getModel","getResource"]]}
RESULT: {"script":"<script> [299 bytes]","args":[["getModel","getResource"]]}
RESULT: undefined
COMMAND: POST /session/c72c23a71f957f5f97380492e1ede48b/element - {"using":"xpath","value":"//*[@id=\"__tile30\"]"}
COMMAND: GET /session/c72c23a71f957f5f97380492e1ede48b/screenshot - {}
RESULT: {"using":"xpath","value":"//*[@id=\"__tile30\"]"}
COMMAND: POST /session/c72c23a71f957f5f97380492e1ede48b/element/f.9B2FD2DF9A9EBD12F39787CA2B3A3B3C.d.9D2F1153692D7F3ECC6A82C6B20F0F66.e.4498/click - {}
RESULT: {}
RESULT: {}
COMMAND: GET /session/c72c23a71f957f5f97380492e1ede48b/screenshot - {}
RESULT: {}
COMMAND: POST /session/c72c23a71f957f5f97380492e1ede48b/elements - {"using":"xpath","value":"//span[text()='Error']"}
RESULT: {"using":"xpath","value":"//span[text()='Error']"}
COMMAND: POST /session/c72c23a71f957f5f97380492e1ede48b/element - {"using":"xpath","value":"//button[@data-kt=\"addButton\"]"}
RESULT: {"using":"xpath","value":"//button[@data-kt=\"addButton\"]"}
COMMAND: POST /session/c72c23a71f957f5f97380492e1ede48b/elements - {"using":"xpath","value":"//button[@data-kt=\"addButton\"]"}
RESULT: {"using":"xpath","value":"//button[@data-kt=\"addButton\"]"}
COMMAND: POST /session/c72c23a71f957f5f97380492e1ede48b/execute/sync - {"script":"<script> [8489 bytes]","args":[{"element-6066-11e4-a52e-4f735466cecf":"f.9B2FD2DF9A9EBD12F39787CA2B3A3B3C.d.9D2F1153692D7F3ECC6A82C6B20F0F66.e.5380","ELEMENT":"f.9B2FD2DF9A9EBD12F39787CA2B3A3B3C.d.9D2F1153692D7F3ECC6A82C6B20F0F66.e.5380"}]}
RESULT: {"script":"<script> [8489 bytes]","args":[{"element-6066-11e4-a52e-4f735466cecf":"f.9B2FD2DF9A9EBD12F39787CA2B3A3B3C.d.9D2F1153692D7F3ECC6A82C6B20F0F66.e.5380","ELEMENT":"f.9B2FD2DF9A9EBD12F39787CA2B3A3B3C.d.9D2F1153692D7F3ECC6A82C6B20F0F66.e.5380"}]}
COMMAND: GET /session/c72c23a71f957f5f97380492e1ede48b/element/f.9B2FD2DF9A9EBD12F39787CA2B3A3B3C.d.9D2F1153692D7F3ECC6A82C6B20F0F66.e.5380/enabled - {}
COMMAND: GET /session/c72c23a71f957f5f97380492e1ede48b/screenshot - {}
RESULT: {}
COMMAND: POST /session/c72c23a71f957f5f97380492e1ede48b/execute/sync - {"script":"<script> [8489 bytes]","args":[{"element-6066-11e4-a52e-4f735466cecf":"f.9B2FD2DF9A9EBD12F39787CA2B3A3B3C.d.9D2F1153692D7F3ECC6A82C6B20F0F66.e.5380","ELEMENT":"f.9B2FD2DF9A9EBD12F39787CA2B3A3B3C.d.9D2F1153692D7F3ECC6A82C6B20F0F66.e.5380"}]}
COMMAND: GET /session/c72c23a71f957f5f97380492e1ede48b/screenshot - {}
RESULT: {}
RESULT: {"script":"<script> [8489 bytes]","args":[{"element-6066-11e4-a52e-4f735466cecf":"f.9B2FD2DF9A9EBD12F39787CA2B3A3B3C.d.9D2F1153692D7F3ECC6A82C6B20F0F66.e.5380","ELEMENT":"f.9B2FD2DF9A9EBD12F39787CA2B3A3B3C.d.9D2F1153692D7F3ECC6A82C6B20F0F66.e.5380"}]}
COMMAND: POST /session/c72c23a71f957f5f97380492e1ede48b/execute/sync - {"script":"<script> [5351 bytes]","args":[{"element-6066-11e4-a52e-4f735466cecf":"f.9B2FD2DF9A9EBD12F39787CA2B3A3B3C.d.9D2F1153692D7F3ECC6A82C6B20F0F66.e.5380","ELEMENT":"f.9B2FD2DF9A9EBD12F39787CA2B3A3B3C.d.9D2F1153692D7F3ECC6A82C6B20F0F66.e.5380"}]}
COMMAND: GET /session/c72c23a71f957f5f97380492e1ede48b/screenshot - {}
RESULT: {}
RESULT: {"script":"<script> [5351 bytes]","args":[{"element-6066-11e4-a52e-4f735466cecf":"f.9B2FD2DF9A9EBD12F39787CA2B3A3B3C.d.9D2F1153692D7F3ECC6A82C6B20F0F66.e.5380","ELEMENT":"f.9B2FD2DF9A9EBD12F39787CA2B3A3B3C.d.9D2F1153692D7F3ECC6A82C6B20F0F66.e.5380"}]}
COMMAND: GET /session/c72c23a71f957f5f97380492e1ede48b/screenshot - {}
RESULT: {}
RESULT: {}
COMMAND: POST /session/c72c23a71f957f5f97380492e1ede48b/execute/async - {"script":"<script> [1562 bytes]","args":[{"selector":{"id":"application-managepartners-display-component---masterPtm--smartFilterBar-btnBasicSearch","interaction":{"idSuffix":"I"}},"wdio_ui5_key":"applicationmanagepartners-display-component---masterPtm--smartFilterBar-btnBasicSearch"}]}
RESULT: {"script":"<script> [1562 bytes]","args":[{"selector":{"id":"application-managepartners-display-component---masterPtm--smartFilterBar-btnBasicSearch","interaction":{"idSuffix":"I"}},"wdio_ui5_key":"applicationmanagepartners-display-component---masterPtm--smartFilterBar-btnBasicSearch"}]}
RESULT: undefined
COMMAND: POST /session/c72c23a71f957f5f97380492e1ede48b/execute/async - {"script":"<script> [776 bytes]","args":[{"enterText":"1207","selector":{"id":"application-managepartners-display-component---masterPtm--smartFilterBar-btnBasicSearch","interaction":{"idSuffix":"I"}},"clearTextFirst":true,"interactionType":"ENTER_TEXT"}]}
RESULT: {"script":"<script> [776 bytes]","args":[{"enterText":"1207","selector":{"id":"application-managepartners-display-component---masterPtm--smartFilterBar-btnBasicSearch","interaction":{"idSuffix":"I"}},"clearTextFirst":true,"interactionType":"ENTER_TEXT"}]}
COMMAND: POST /session/c72c23a71f957f5f97380492e1ede48b/actions - {"actions":[{"id":"action16","type":"key","parameters":{},"actions":[{"type":"keyDown","value":""},{"type":"pause","duration":10},{"type":"keyUp","value":""}]}]}
RESULT: {"actions":[{"id":"action16","type":"key","parameters":{},"actions":[{"type":"keyDown","value":""},{"type":"pause","duration":10},{"type":"keyUp","value":""}]}]}
COMMAND: GET /session/c72c23a71f957f5f97380492e1ede48b/screenshot - {}
RESULT: {}
COMMAND: POST /session/c72c23a71f957f5f97380492e1ede48b/elements - {"using":"xpath","value":"//table[contains(@id, \"customPartnersTable-listUl\")]/tbody/tr"}
RESULT: {"using":"xpath","value":"//table[contains(@id, \"customPartnersTable-listUl\")]/tbody/tr"}
COMMAND: POST /session/c72c23a71f957f5f97380492e1ede48b/element - {"using":"xpath","value":"//table[contains(@id, \"customPartnersTable-listUl\")]/tbody/tr[1]/td[3]/span"}
RESULT: {"using":"xpath","value":"//table[contains(@id, \"customPartnersTable-listUl\")]/tbody/tr[1]/td[3]/span"}
COMMAND: POST /session/c72c23a71f957f5f97380492e1ede48b/elements - {"using":"xpath","value":"//table[contains(@id, \"customPartnersTable-listUl\")]/tbody/tr[1]/td[3]/span"}
RESULT: {"using":"xpath","value":"//table[contains(@id, \"customPartnersTable-listUl\")]/tbody/tr[1]/td[3]/span"}
COMMAND: POST /session/c72c23a71f957f5f97380492e1ede48b/execute/sync - {"script":"<script> [56 bytes]","args":[{"element-6066-11e4-a52e-4f735466cecf":"f.9B2FD2DF9A9EBD12F39787CA2B3A3B3C.d.9D2F1153692D7F3ECC6A82C6B20F0F66.e.5519","ELEMENT":"f.9B2FD2DF9A9EBD12F39787CA2B3A3B3C.d.9D2F1153692D7F3ECC6A82C6B20F0F66.e.5519"}]}
RESULT: {"script":"<script> [56 bytes]","args":[{"element-6066-11e4-a52e-4f735466cecf":"f.9B2FD2DF9A9EBD12F39787CA2B3A3B3C.d.9D2F1153692D7F3ECC6A82C6B20F0F66.e.5519","ELEMENT":"f.9B2FD2DF9A9EBD12F39787CA2B3A3B3C.d.9D2F1153692D7F3ECC6A82C6B20F0F66.e.5519"}]}
COMMAND: POST /session/c72c23a71f957f5f97380492e1ede48b/element - {"using":"xpath","value":"(//span[contains(@id, \"imgNav\")])[1]"}
COMMAND: GET /session/c72c23a71f957f5f97380492e1ede48b/screenshot - {}
RESULT: {"using":"xpath","value":"(//span[contains(@id, \"imgNav\")])[1]"}
COMMAND: POST /session/c72c23a71f957f5f97380492e1ede48b/element/f.9B2FD2DF9A9EBD12F39787CA2B3A3B3C.d.9D2F1153692D7F3ECC6A82C6B20F0F66.e.5517/click - {}
RESULT: {}
RESULT: {}
COMMAND: GET /session/c72c23a71f957f5f97380492e1ede48b/screenshot - {}
RESULT: {}
COMMAND: POST /session/c72c23a71f957f5f97380492e1ede48b/element - {"using":"xpath","value":"//bdi[contains(text(), \"Edit\")]"}
RESULT: {"using":"xpath","value":"//bdi[contains(text(), \"Edit\")]"}
COMMAND: POST /session/c72c23a71f957f5f97380492e1ede48b/element/f.9B2FD2DF9A9EBD12F39787CA2B3A3B3C.d.9D2F1153692D7F3ECC6A82C6B20F0F66.e.5665/click - {}
RESULT: {}
COMMAND: GET /session/c72c23a71f957f5f97380492e1ede48b/screenshot - {}
RESULT: {}
COMMAND: POST /session/c72c23a71f957f5f97380492e1ede48b/execute/async - {"script":"<script> [1562 bytes]","args":[{"selector":{"controlType":"sap.m.Input","viewName":"etm.portal.ui.managepartners.view.EditDetail","labelFor":{"text":"Name"},"interaction":{"idSuffix":"inner"}},"wdio_ui5_key":"etmportal.ui.managepartners.view.EditDetailsap.m.Input{\"text\":\"Name\"}"}]}
RESULT: {"script":"<script> [1562 bytes]","args":[{"selector":{"controlType":"sap.m.Input","viewName":"etm.portal.ui.managepartners.view.EditDetail","labelFor":{"text":"Name"},"interaction":{"idSuffix":"inner"}},"wdio_ui5_key":"etmportal.ui.managepartners.view.EditDetailsap.m.Input{\"text\":\"Name\"}"}]}
RESULT: undefined
COMMAND: POST /session/c72c23a71f957f5f97380492e1ede48b/execute/async - {"script":"<script> [776 bytes]","args":[{"enterText":"Intracompany EDIT","selector":{"controlType":"sap.m.Input","viewName":"etm.portal.ui.managepartners.view.EditDetail","labelFor":{"text":"Name"},"interaction":{"idSuffix":"inner"}},"clearTextFirst":true,"interactionType":"ENTER_TEXT"}]}
RESULT: {"script":"<script> [776 bytes]","args":[{"enterText":"Intracompany EDIT","selector":{"controlType":"sap.m.Input","viewName":"etm.portal.ui.managepartners.view.EditDetail","labelFor":{"text":"Name"},"interaction":{"idSuffix":"inner"}},"clearTextFirst":true,"interactionType":"ENTER_TEXT"}]}
COMMAND: POST /session/c72c23a71f957f5f97380492e1ede48b/element - {"using":"xpath","value":"(//span[contains(@id,\"addressDetailDetailsLanguage-arrow\")])[1]"}
RESULT: {"using":"xpath","value":"(//span[contains(@id,\"addressDetailDetailsLanguage-arrow\")])[1]"}
COMMAND: POST /session/c72c23a71f957f5f97380492e1ede48b/element/f.9B2FD2DF9A9EBD12F39787CA2B3A3B3C.d.9D2F1153692D7F3ECC6A82C6B20F0F66.e.5749/click - {}
RESULT: {}
COMMAND: POST /session/c72c23a71f957f5f97380492e1ede48b/element - {"using":"xpath","value":"//span[contains(text(), \"Chinese\")]"}
COMMAND: GET /session/c72c23a71f957f5f97380492e1ede48b/screenshot - {}
RESULT: {"using":"xpath","value":"//span[contains(text(), \"Chinese\")]"}
COMMAND: POST /session/c72c23a71f957f5f97380492e1ede48b/element/f.9B2FD2DF9A9EBD12F39787CA2B3A3B3C.d.9D2F1153692D7F3ECC6A82C6B20F0F66.e.5750/click - {}
RESULT: {}
RESULT: {}
COMMAND: GET /session/c72c23a71f957f5f97380492e1ede48b/screenshot - {}
RESULT: {}
COMMAND: POST /session/c72c23a71f957f5f97380492e1ede48b/execute/async - {"script":"<script> [1562 bytes]","args":[{"selector":{"controlType":"sap.m.Input","viewName":"etm.portal.ui.managepartners.view.EditDetail","labelFor":{"text":"City"},"interaction":{"idSuffix":"inner"}},"wdio_ui5_key":"etmportal.ui.managepartners.view.EditDetailsap.m.Input{\"text\":\"City\"}"}]}
RESULT: {"script":"<script> [1562 bytes]","args":[{"selector":{"controlType":"sap.m.Input","viewName":"etm.portal.ui.managepartners.view.EditDetail","labelFor":{"text":"City"},"interaction":{"idSuffix":"inner"}},"wdio_ui5_key":"etmportal.ui.managepartners.view.EditDetailsap.m.Input{\"text\":\"City\"}"}]}
RESULT: undefined
COMMAND: POST /session/c72c23a71f957f5f97380492e1ede48b/execute/async - {"script":"<script> [776 bytes]","args":[{"enterText":"Clooj-Napoca","selector":{"controlType":"sap.m.Input","viewName":"etm.portal.ui.managepartners.view.EditDetail","labelFor":{"text":"City"},"interaction":{"idSuffix":"inner"}},"clearTextFirst":true,"interactionType":"ENTER_TEXT"}]}
RESULT: {"script":"<script> [776 bytes]","args":[{"enterText":"Clooj-Napoca","selector":{"controlType":"sap.m.Input","viewName":"etm.portal.ui.managepartners.view.EditDetail","labelFor":{"text":"City"},"interaction":{"idSuffix":"inner"}},"clearTextFirst":true,"interactionType":"ENTER_TEXT"}]}
COMMAND: POST /session/c72c23a71f957f5f97380492e1ede48b/element - {"using":"xpath","value":"//button[@data-kt=\"saveButton\"]"}
RESULT: {"using":"xpath","value":"//button[@data-kt=\"saveButton\"]"}
COMMAND: POST /session/c72c23a71f957f5f97380492e1ede48b/element/f.9B2FD2DF9A9EBD12F39787CA2B3A3B3C.d.9D2F1153692D7F3ECC6A82C6B20F0F66.e.5728/click - {}
RESULT: {}
COMMAND: GET /session/c72c23a71f957f5f97380492e1ede48b/screenshot - {}
RESULT: {}
COMMAND: POST /session/c72c23a71f957f5f97380492e1ede48b/execute/async - {"script":"<script> [1562 bytes]","args":[{"selector":{"id":"application-managepartners-display-component---detailPtm--addressDetailDetailsName1"},"wdio_ui5_key":"applicationmanagepartners-display-component---detailPtm--addressDetailDetailsName1"}]}
RESULT: {"script":"<script> [1562 bytes]","args":[{"selector":{"id":"application-managepartners-display-component---detailPtm--addressDetailDetailsName1"},"wdio_ui5_key":"applicationmanagepartners-display-component---detailPtm--addressDetailDetailsName1"}]}
RESULT: undefined
COMMAND: POST /session/c72c23a71f957f5f97380492e1ede48b/execute/async - {"script":"<script> [6424 bytes]","args":[{"element-6066-11e4-a52e-4f735466cecf":"f.9B2FD2DF9A9EBD12F39787CA2B3A3B3C.d.9D2F1153692D7F3ECC6A82C6B20F0F66.e.5781"},"getValue",[]]}
RESULT: {"script":"<script> [6424 bytes]","args":[{"element-6066-11e4-a52e-4f735466cecf":"f.9B2FD2DF9A9EBD12F39787CA2B3A3B3C.d.9D2F1153692D7F3ECC6A82C6B20F0F66.e.5781"},"getValue",[]]}
COMMAND: POST /session/c72c23a71f957f5f97380492e1ede48b/element - {"using":"xpath","value":"//input[@id = \"application-managepartners-display-component---detailPtm--addressDetailDetailsLanguage-inner\"]"}
RESULT: {"using":"xpath","value":"//input[@id = \"application-managepartners-display-component---detailPtm--addressDetailDetailsLanguage-inner\"]"}
COMMAND: GET /session/c72c23a71f957f5f97380492e1ede48b/element/f.9B2FD2DF9A9EBD12F39787CA2B3A3B3C.d.9D2F1153692D7F3ECC6A82C6B20F0F66.e.5782/property/value - {}
RESULT: {}
COMMAND: POST /session/c72c23a71f957f5f97380492e1ede48b/execute/async - {"script":"<script> [1562 bytes]","args":[{"selector":{"id":"application-managepartners-display-component---detailPtm--addressDetailDetailsCity1"},"wdio_ui5_key":"applicationmanagepartners-display-component---detailPtm--addressDetailDetailsCity1"}]}
COMMAND: GET /session/c72c23a71f957f5f97380492e1ede48b/screenshot - {}
RESULT: {"script":"<script> [1562 bytes]","args":[{"selector":{"id":"application-managepartners-display-component---detailPtm--addressDetailDetailsCity1"},"wdio_ui5_key":"applicationmanagepartners-display-component---detailPtm--addressDetailDetailsCity1"}]}
RESULT: undefined
COMMAND: POST /session/c72c23a71f957f5f97380492e1ede48b/execute/async - {"script":"<script> [6424 bytes]","args":[{"element-6066-11e4-a52e-4f735466cecf":"f.9B2FD2DF9A9EBD12F39787CA2B3A3B3C.d.9D2F1153692D7F3ECC6A82C6B20F0F66.e.5783"},"getValue",[]]}
RESULT: {}
RESULT: {"script":"<script> [6424 bytes]","args":[{"element-6066-11e4-a52e-4f735466cecf":"f.9B2FD2DF9A9EBD12F39787CA2B3A3B3C.d.9D2F1153692D7F3ECC6A82C6B20F0F66.e.5783"},"getValue",[]]}
COMMAND: POST /session/c72c23a71f957f5f97380492e1ede48b/element - {"using":"css selector","value":"#shell-header-logo"}
RESULT: {"using":"css selector","value":"#shell-header-logo"}
COMMAND: POST /session/c72c23a71f957f5f97380492e1ede48b/element/f.9B2FD2DF9A9EBD12F39787CA2B3A3B3C.d.9D2F1153692D7F3ECC6A82C6B20F0F66.e.5336/click - {}
RESULT: {}
COMMAND: GET /session/c72c23a71f957f5f97380492e1ede48b/screenshot - {}
RESULT: {}
]]></system-out>
    </testcase>
    <testcase classname="chrome.136_0_7103_93.windows.Partner_specific_tests_US150819_US151080_US151654_US151176_US103444_US151078_US151079_US151109_US151174_US151175_US151189" name="Should do filtering and navigation tests US151109" time="157.669">
      <system-out><![CDATA[
COMMAND: POST /session/c72c23a71f957f5f97380492e1ede48b/element - {"using":"xpath","value":"//li[.//span[text()=\"Manage Partners\"]]"}
RESULT: {"using":"xpath","value":"//li[.//span[text()=\"Manage Partners\"]]"}
COMMAND: POST /session/c72c23a71f957f5f97380492e1ede48b/element - {"using":"xpath","value":"//li[.//span[text()=\"Manage Partners\"]]"}
RESULT: {"using":"xpath","value":"//li[.//span[text()=\"Manage Partners\"]]"}
COMMAND: POST /session/c72c23a71f957f5f97380492e1ede48b/element - {"using":"css selector","value":"#shell-header-logo"}
RESULT: {"using":"css selector","value":"#shell-header-logo"}
COMMAND: POST /session/c72c23a71f957f5f97380492e1ede48b/element/f.9B2FD2DF9A9EBD12F39787CA2B3A3B3C.d.9D2F1153692D7F3ECC6A82C6B20F0F66.e.5813/click - {}
COMMAND: POST /session/c72c23a71f957f5f97380492e1ede48b/execute/sync - {"script":"<script> [8489 bytes]","args":[{"element-6066-11e4-a52e-4f735466cecf":"f.9B2FD2DF9A9EBD12F39787CA2B3A3B3C.d.9D2F1153692D7F3ECC6A82C6B20F0F66.e.5813","ELEMENT":"f.9B2FD2DF9A9EBD12F39787CA2B3A3B3C.d.9D2F1153692D7F3ECC6A82C6B20F0F66.e.5813"}]}
RESULT: {"script":"<script> [8489 bytes]","args":[{"element-6066-11e4-a52e-4f735466cecf":"f.9B2FD2DF9A9EBD12F39787CA2B3A3B3C.d.9D2F1153692D7F3ECC6A82C6B20F0F66.e.5813","ELEMENT":"f.9B2FD2DF9A9EBD12F39787CA2B3A3B3C.d.9D2F1153692D7F3ECC6A82C6B20F0F66.e.5813"}]}
COMMAND: POST /session/c72c23a71f957f5f97380492e1ede48b/execute/sync - {"script":"<script> [5351 bytes]","args":[{"element-6066-11e4-a52e-4f735466cecf":"f.9B2FD2DF9A9EBD12F39787CA2B3A3B3C.d.9D2F1153692D7F3ECC6A82C6B20F0F66.e.5813","ELEMENT":"f.9B2FD2DF9A9EBD12F39787CA2B3A3B3C.d.9D2F1153692D7F3ECC6A82C6B20F0F66.e.5813"}]}
COMMAND: GET /session/c72c23a71f957f5f97380492e1ede48b/screenshot - {}
RESULT: {}
COMMAND: GET /session/c72c23a71f957f5f97380492e1ede48b/screenshot - {}
RESULT: {"script":"<script> [5351 bytes]","args":[{"element-6066-11e4-a52e-4f735466cecf":"f.9B2FD2DF9A9EBD12F39787CA2B3A3B3C.d.9D2F1153692D7F3ECC6A82C6B20F0F66.e.5813","ELEMENT":"f.9B2FD2DF9A9EBD12F39787CA2B3A3B3C.d.9D2F1153692D7F3ECC6A82C6B20F0F66.e.5813"}]}
COMMAND: GET /session/c72c23a71f957f5f97380492e1ede48b/screenshot - {}
RESULT: {}
RESULT: {}
RESULT: {}
RESULT: undefined
COMMAND: POST /session/c72c23a71f957f5f97380492e1ede48b/element - {"using":"xpath","value":"//*[@id=\"__tile30\"]"}
RESULT: {"using":"xpath","value":"//*[@id=\"__tile30\"]"}
COMMAND: POST /session/c72c23a71f957f5f97380492e1ede48b/element/f.9B2FD2DF9A9EBD12F39787CA2B3A3B3C.d.9D2F1153692D7F3ECC6A82C6B20F0F66.e.4498/click - {}
RESULT: {}
COMMAND: GET /session/c72c23a71f957f5f97380492e1ede48b/screenshot - {}
RESULT: {}
COMMAND: POST /session/c72c23a71f957f5f97380492e1ede48b/elements - {"using":"xpath","value":"//span[text()='Error']"}
RESULT: {"using":"xpath","value":"//span[text()='Error']"}
COMMAND: POST /session/c72c23a71f957f5f97380492e1ede48b/element - {"using":"xpath","value":"//button[@data-kt=\"addButton\"]"}
RESULT: {"using":"xpath","value":"//button[@data-kt=\"addButton\"]"}
COMMAND: POST /session/c72c23a71f957f5f97380492e1ede48b/elements - {"using":"xpath","value":"//button[@data-kt=\"addButton\"]"}
RESULT: {"using":"xpath","value":"//button[@data-kt=\"addButton\"]"}
COMMAND: POST /session/c72c23a71f957f5f97380492e1ede48b/execute/sync - {"script":"<script> [8489 bytes]","args":[{"element-6066-11e4-a52e-4f735466cecf":"f.9B2FD2DF9A9EBD12F39787CA2B3A3B3C.d.9D2F1153692D7F3ECC6A82C6B20F0F66.e.5858","ELEMENT":"f.9B2FD2DF9A9EBD12F39787CA2B3A3B3C.d.9D2F1153692D7F3ECC6A82C6B20F0F66.e.5858"}]}
RESULT: {"script":"<script> [8489 bytes]","args":[{"element-6066-11e4-a52e-4f735466cecf":"f.9B2FD2DF9A9EBD12F39787CA2B3A3B3C.d.9D2F1153692D7F3ECC6A82C6B20F0F66.e.5858","ELEMENT":"f.9B2FD2DF9A9EBD12F39787CA2B3A3B3C.d.9D2F1153692D7F3ECC6A82C6B20F0F66.e.5858"}]}
COMMAND: GET /session/c72c23a71f957f5f97380492e1ede48b/element/f.9B2FD2DF9A9EBD12F39787CA2B3A3B3C.d.9D2F1153692D7F3ECC6A82C6B20F0F66.e.5858/enabled - {}
COMMAND: GET /session/c72c23a71f957f5f97380492e1ede48b/screenshot - {}
RESULT: {}
COMMAND: POST /session/c72c23a71f957f5f97380492e1ede48b/execute/sync - {"script":"<script> [8489 bytes]","args":[{"element-6066-11e4-a52e-4f735466cecf":"f.9B2FD2DF9A9EBD12F39787CA2B3A3B3C.d.9D2F1153692D7F3ECC6A82C6B20F0F66.e.5858","ELEMENT":"f.9B2FD2DF9A9EBD12F39787CA2B3A3B3C.d.9D2F1153692D7F3ECC6A82C6B20F0F66.e.5858"}]}
COMMAND: GET /session/c72c23a71f957f5f97380492e1ede48b/screenshot - {}
RESULT: {}
RESULT: {}
RESULT: {"script":"<script> [8489 bytes]","args":[{"element-6066-11e4-a52e-4f735466cecf":"f.9B2FD2DF9A9EBD12F39787CA2B3A3B3C.d.9D2F1153692D7F3ECC6A82C6B20F0F66.e.5858","ELEMENT":"f.9B2FD2DF9A9EBD12F39787CA2B3A3B3C.d.9D2F1153692D7F3ECC6A82C6B20F0F66.e.5858"}]}
COMMAND: POST /session/c72c23a71f957f5f97380492e1ede48b/execute/sync - {"script":"<script> [5351 bytes]","args":[{"element-6066-11e4-a52e-4f735466cecf":"f.9B2FD2DF9A9EBD12F39787CA2B3A3B3C.d.9D2F1153692D7F3ECC6A82C6B20F0F66.e.5858","ELEMENT":"f.9B2FD2DF9A9EBD12F39787CA2B3A3B3C.d.9D2F1153692D7F3ECC6A82C6B20F0F66.e.5858"}]}
COMMAND: GET /session/c72c23a71f957f5f97380492e1ede48b/screenshot - {}
RESULT: {"script":"<script> [5351 bytes]","args":[{"element-6066-11e4-a52e-4f735466cecf":"f.9B2FD2DF9A9EBD12F39787CA2B3A3B3C.d.9D2F1153692D7F3ECC6A82C6B20F0F66.e.5858","ELEMENT":"f.9B2FD2DF9A9EBD12F39787CA2B3A3B3C.d.9D2F1153692D7F3ECC6A82C6B20F0F66.e.5858"}]}
COMMAND: GET /session/c72c23a71f957f5f97380492e1ede48b/screenshot - {}
RESULT: {}
RESULT: {}
COMMAND: POST /session/c72c23a71f957f5f97380492e1ede48b/element - {"using":"xpath","value":"//span[@id=\"application-managepartners-display-component---masterPtm--smartTable-header-inner\"]"}
RESULT: {"using":"xpath","value":"//span[@id=\"application-managepartners-display-component---masterPtm--smartTable-header-inner\"]"}
COMMAND: POST /session/c72c23a71f957f5f97380492e1ede48b/elements - {"using":"xpath","value":"//span[@id=\"application-managepartners-display-component---masterPtm--smartTable-header-inner\"]"}
RESULT: {"using":"xpath","value":"//span[@id=\"application-managepartners-display-component---masterPtm--smartTable-header-inner\"]"}
COMMAND: POST /session/c72c23a71f957f5f97380492e1ede48b/execute/sync - {"script":"<script> [56 bytes]","args":[{"element-6066-11e4-a52e-4f735466cecf":"f.9B2FD2DF9A9EBD12F39787CA2B3A3B3C.d.9D2F1153692D7F3ECC6A82C6B20F0F66.e.5983","ELEMENT":"f.9B2FD2DF9A9EBD12F39787CA2B3A3B3C.d.9D2F1153692D7F3ECC6A82C6B20F0F66.e.5983"}]}
RESULT: {"script":"<script> [56 bytes]","args":[{"element-6066-11e4-a52e-4f735466cecf":"f.9B2FD2DF9A9EBD12F39787CA2B3A3B3C.d.9D2F1153692D7F3ECC6A82C6B20F0F66.e.5983","ELEMENT":"f.9B2FD2DF9A9EBD12F39787CA2B3A3B3C.d.9D2F1153692D7F3ECC6A82C6B20F0F66.e.5983"}]}
RESULT: undefined
COMMAND: POST /session/c72c23a71f957f5f97380492e1ede48b/execute/async - {"script":"<script> [776 bytes]","args":[{"enterText":"External Partner WDIO","selector":{"id":"application-managepartners-display-component---masterPtm--smartFilterBar-btnBasicSearch","interaction":{"idSuffix":"I"}},"clearTextFirst":true,"interactionType":"ENTER_TEXT"}]}
COMMAND: GET /session/c72c23a71f957f5f97380492e1ede48b/screenshot - {}
RESULT: {"script":"<script> [776 bytes]","args":[{"enterText":"External Partner WDIO","selector":{"id":"application-managepartners-display-component---masterPtm--smartFilterBar-btnBasicSearch","interaction":{"idSuffix":"I"}},"clearTextFirst":true,"interactionType":"ENTER_TEXT"}]}
RESULT: {}
COMMAND: POST /session/c72c23a71f957f5f97380492e1ede48b/actions - {"actions":[{"id":"action17","type":"key","parameters":{},"actions":[{"type":"keyDown","value":""},{"type":"pause","duration":10},{"type":"keyUp","value":""}]}]}
RESULT: {"actions":[{"id":"action17","type":"key","parameters":{},"actions":[{"type":"keyDown","value":""},{"type":"pause","duration":10},{"type":"keyUp","value":""}]}]}
COMMAND: GET /session/c72c23a71f957f5f97380492e1ede48b/screenshot - {}
RESULT: {}
COMMAND: POST /session/c72c23a71f957f5f97380492e1ede48b/element - {"using":"xpath","value":"//span[@id=\"application-managepartners-display-component---masterPtm--smartTable-header-inner\"]"}
RESULT: {"using":"xpath","value":"//span[@id=\"application-managepartners-display-component---masterPtm--smartTable-header-inner\"]"}
COMMAND: POST /session/c72c23a71f957f5f97380492e1ede48b/elements - {"using":"xpath","value":"//span[@id=\"application-managepartners-display-component---masterPtm--smartTable-header-inner\"]"}
RESULT: {"using":"xpath","value":"//span[@id=\"application-managepartners-display-component---masterPtm--smartTable-header-inner\"]"}
COMMAND: POST /session/c72c23a71f957f5f97380492e1ede48b/execute/sync - {"script":"<script> [56 bytes]","args":[{"element-6066-11e4-a52e-4f735466cecf":"f.9B2FD2DF9A9EBD12F39787CA2B3A3B3C.d.9D2F1153692D7F3ECC6A82C6B20F0F66.e.5983","ELEMENT":"f.9B2FD2DF9A9EBD12F39787CA2B3A3B3C.d.9D2F1153692D7F3ECC6A82C6B20F0F66.e.5983"}]}
RESULT: {"script":"<script> [56 bytes]","args":[{"element-6066-11e4-a52e-4f735466cecf":"f.9B2FD2DF9A9EBD12F39787CA2B3A3B3C.d.9D2F1153692D7F3ECC6A82C6B20F0F66.e.5983","ELEMENT":"f.9B2FD2DF9A9EBD12F39787CA2B3A3B3C.d.9D2F1153692D7F3ECC6A82C6B20F0F66.e.5983"}]}
COMMAND: POST /session/c72c23a71f957f5f97380492e1ede48b/element - {"using":"xpath","value":"//div[contains(@id, \"managepartners-display-component---masterPtm--smartFilterBar-btnBasicSearch-reset\")]"}
COMMAND: GET /session/c72c23a71f957f5f97380492e1ede48b/screenshot - {}
RESULT: {"using":"xpath","value":"//div[contains(@id, \"managepartners-display-component---masterPtm--smartFilterBar-btnBasicSearch-reset\")]"}
COMMAND: POST /session/c72c23a71f957f5f97380492e1ede48b/element/f.9B2FD2DF9A9EBD12F39787CA2B3A3B3C.d.9D2F1153692D7F3ECC6A82C6B20F0F66.e.6106/click - {}
RESULT: {}
RESULT: {}
COMMAND: GET /session/c72c23a71f957f5f97380492e1ede48b/screenshot - {}
RESULT: {}
COMMAND: POST /session/c72c23a71f957f5f97380492e1ede48b/execute/async - {"script":"<script> [1562 bytes]","args":[{"selector":{"id":"application-managepartners-display-component---masterPtm--smartFilterBar-filterItemControl_BASIC-MAIN_ADDRESS-vhi"},"wdio_ui5_key":"applicationmanagepartners-display-component---masterPtm--smartFilterBar-filterItemControl_BASIC-MAIN_ADDRESS-vhi"}]}
RESULT: {"script":"<script> [1562 bytes]","args":[{"selector":{"id":"application-managepartners-display-component---masterPtm--smartFilterBar-filterItemControl_BASIC-MAIN_ADDRESS-vhi"},"wdio_ui5_key":"applicationmanagepartners-display-component---masterPtm--smartFilterBar-filterItemControl_BASIC-MAIN_ADDRESS-vhi"}]}
RESULT: undefined
COMMAND: POST /session/c72c23a71f957f5f97380492e1ede48b/element - {"using":"xpath","value":"//*[@id=\"application-managepartners-display-component---masterPtm--smartFilterBar-filterItemControl_BASIC-MAIN_ADDRESS-vhi\"]"}
RESULT: {"using":"xpath","value":"//*[@id=\"application-managepartners-display-component---masterPtm--smartFilterBar-filterItemControl_BASIC-MAIN_ADDRESS-vhi\"]"}
COMMAND: POST /session/c72c23a71f957f5f97380492e1ede48b/element/f.9B2FD2DF9A9EBD12F39787CA2B3A3B3C.d.9D2F1153692D7F3ECC6A82C6B20F0F66.e.6188/click - {}
RESULT: {}
COMMAND: GET /session/c72c23a71f957f5f97380492e1ede48b/screenshot - {}
RESULT: {}
COMMAND: POST /session/c72c23a71f957f5f97380492e1ede48b/execute/async - {"script":"<script> [1562 bytes]","args":[{"selector":{"id":"application-managepartners-display-component---masterPtm--smartFilterBar-filterItemControl_BASIC-MAIN_ADDRESS-valueHelpDialog-smartFilterBar-btnBasicSearch","searchOpenDialogs":true,"interaction":{"idSuffix":"I"}},"wdio_ui5_key":"applicationmanagepartners-display-component---masterPtm--smartFilterBar-filterItemControl_BASIC-MAIN_ADDRESS-valueHelpDialog-smartFilterBar-btnBasicSearch"}]}
RESULT: {"script":"<script> [1562 bytes]","args":[{"selector":{"id":"application-managepartners-display-component---masterPtm--smartFilterBar-filterItemControl_BASIC-MAIN_ADDRESS-valueHelpDialog-smartFilterBar-btnBasicSearch","searchOpenDialogs":true,"interaction":{"idSuffix":"I"}},"wdio_ui5_key":"applicationmanagepartners-display-component---masterPtm--smartFilterBar-filterItemControl_BASIC-MAIN_ADDRESS-valueHelpDialog-smartFilterBar-btnBasicSearch"}]}
RESULT: undefined
COMMAND: POST /session/c72c23a71f957f5f97380492e1ede48b/execute/async - {"script":"<script> [776 bytes]","args":[{"enterText":"Romania","selector":{"id":"application-managepartners-display-component---masterPtm--smartFilterBar-filterItemControl_BASIC-MAIN_ADDRESS-valueHelpDialog-smartFilterBar-btnBasicSearch","searchOpenDialogs":true,"interaction":{"idSuffix":"I"}},"clearTextFirst":true,"interactionType":"ENTER_TEXT"}]}
RESULT: {"script":"<script> [776 bytes]","args":[{"enterText":"Romania","selector":{"id":"application-managepartners-display-component---masterPtm--smartFilterBar-filterItemControl_BASIC-MAIN_ADDRESS-valueHelpDialog-smartFilterBar-btnBasicSearch","searchOpenDialogs":true,"interaction":{"idSuffix":"I"}},"clearTextFirst":true,"interactionType":"ENTER_TEXT"}]}
COMMAND: POST /session/c72c23a71f957f5f97380492e1ede48b/actions - {"actions":[{"id":"action18","type":"key","parameters":{},"actions":[{"type":"keyDown","value":""},{"type":"pause","duration":10},{"type":"keyUp","value":""}]}]}
RESULT: {"actions":[{"id":"action18","type":"key","parameters":{},"actions":[{"type":"keyDown","value":""},{"type":"pause","duration":10},{"type":"keyUp","value":""}]}]}
COMMAND: POST /session/c72c23a71f957f5f97380492e1ede48b/elements - {"using":"xpath","value":"//table[contains(@id, \"smartFilterBar-filterItemControl_BASIC-MAIN_ADDRESS-valueHelpDialog-table-table\")]/tbody/tr"}
COMMAND: GET /session/c72c23a71f957f5f97380492e1ede48b/screenshot - {}
RESULT: {"using":"xpath","value":"//table[contains(@id, \"smartFilterBar-filterItemControl_BASIC-MAIN_ADDRESS-valueHelpDialog-table-table\")]/tbody/tr"}
COMMAND: POST /session/c72c23a71f957f5f97380492e1ede48b/element - {"using":"xpath","value":"//table[contains(@id, \"smartFilterBar-filterItemControl_BASIC-MAIN_ADDRESS-valueHelpDialog-table-table\")]/tbody/tr[1]/td[1]/div/span"}
RESULT: {}
RESULT: {"using":"xpath","value":"//table[contains(@id, \"smartFilterBar-filterItemControl_BASIC-MAIN_ADDRESS-valueHelpDialog-table-table\")]/tbody/tr[1]/td[1]/div/span"}
COMMAND: POST /session/c72c23a71f957f5f97380492e1ede48b/elements - {"using":"xpath","value":"//table[contains(@id, \"smartFilterBar-filterItemControl_BASIC-MAIN_ADDRESS-valueHelpDialog-table-table\")]/tbody/tr[1]/td[1]/div/span"}
RESULT: {"using":"xpath","value":"//table[contains(@id, \"smartFilterBar-filterItemControl_BASIC-MAIN_ADDRESS-valueHelpDialog-table-table\")]/tbody/tr[1]/td[1]/div/span"}
COMMAND: POST /session/c72c23a71f957f5f97380492e1ede48b/execute/sync - {"script":"<script> [56 bytes]","args":[{"element-6066-11e4-a52e-4f735466cecf":"f.9B2FD2DF9A9EBD12F39787CA2B3A3B3C.d.9D2F1153692D7F3ECC6A82C6B20F0F66.e.6208","ELEMENT":"f.9B2FD2DF9A9EBD12F39787CA2B3A3B3C.d.9D2F1153692D7F3ECC6A82C6B20F0F66.e.6208"}]}
RESULT: {"script":"<script> [56 bytes]","args":[{"element-6066-11e4-a52e-4f735466cecf":"f.9B2FD2DF9A9EBD12F39787CA2B3A3B3C.d.9D2F1153692D7F3ECC6A82C6B20F0F66.e.6208","ELEMENT":"f.9B2FD2DF9A9EBD12F39787CA2B3A3B3C.d.9D2F1153692D7F3ECC6A82C6B20F0F66.e.6208"}]}
COMMAND: POST /session/c72c23a71f957f5f97380492e1ede48b/element - {"using":"xpath","value":"//div[contains(@id, \"filterItemControl_BASIC-MAIN_ADDRESS-valueHelpDialog-table-rowsel0\")]"}
COMMAND: GET /session/c72c23a71f957f5f97380492e1ede48b/screenshot - {}
RESULT: {"using":"xpath","value":"//div[contains(@id, \"filterItemControl_BASIC-MAIN_ADDRESS-valueHelpDialog-table-rowsel0\")]"}
COMMAND: POST /session/c72c23a71f957f5f97380492e1ede48b/element/f.9B2FD2DF9A9EBD12F39787CA2B3A3B3C.d.9D2F1153692D7F3ECC6A82C6B20F0F66.e.6209/click - {}
RESULT: {}
RESULT: {}
COMMAND: GET /session/c72c23a71f957f5f97380492e1ede48b/screenshot - {}
RESULT: {}
COMMAND: POST /session/c72c23a71f957f5f97380492e1ede48b/element - {"using":"xpath","value":"(//bdi[contains(text(), \"OK\")])[1]"}
RESULT: {"using":"xpath","value":"(//bdi[contains(text(), \"OK\")])[1]"}
COMMAND: POST /session/c72c23a71f957f5f97380492e1ede48b/element/f.9B2FD2DF9A9EBD12F39787CA2B3A3B3C.d.9D2F1153692D7F3ECC6A82C6B20F0F66.e.6211/click - {}
RESULT: {}
COMMAND: GET /session/c72c23a71f957f5f97380492e1ede48b/screenshot - {}
RESULT: {}
COMMAND: POST /session/c72c23a71f957f5f97380492e1ede48b/element - {"using":"xpath","value":"//span[@id=\"application-managepartners-display-component---masterPtm--smartTable-header-inner\"]"}
RESULT: {"using":"xpath","value":"//span[@id=\"application-managepartners-display-component---masterPtm--smartTable-header-inner\"]"}
COMMAND: POST /session/c72c23a71f957f5f97380492e1ede48b/elements - {"using":"xpath","value":"//span[@id=\"application-managepartners-display-component---masterPtm--smartTable-header-inner\"]"}
RESULT: {"using":"xpath","value":"//span[@id=\"application-managepartners-display-component---masterPtm--smartTable-header-inner\"]"}
COMMAND: POST /session/c72c23a71f957f5f97380492e1ede48b/execute/sync - {"script":"<script> [56 bytes]","args":[{"element-6066-11e4-a52e-4f735466cecf":"f.9B2FD2DF9A9EBD12F39787CA2B3A3B3C.d.9D2F1153692D7F3ECC6A82C6B20F0F66.e.5983","ELEMENT":"f.9B2FD2DF9A9EBD12F39787CA2B3A3B3C.d.9D2F1153692D7F3ECC6A82C6B20F0F66.e.5983"}]}
RESULT: {"script":"<script> [56 bytes]","args":[{"element-6066-11e4-a52e-4f735466cecf":"f.9B2FD2DF9A9EBD12F39787CA2B3A3B3C.d.9D2F1153692D7F3ECC6A82C6B20F0F66.e.5983","ELEMENT":"f.9B2FD2DF9A9EBD12F39787CA2B3A3B3C.d.9D2F1153692D7F3ECC6A82C6B20F0F66.e.5983"}]}
COMMAND: POST /session/c72c23a71f957f5f97380492e1ede48b/element - {"using":"xpath","value":"//span[contains(@title, \"Remove\")]"}
COMMAND: GET /session/c72c23a71f957f5f97380492e1ede48b/screenshot - {}
RESULT: {"using":"xpath","value":"//span[contains(@title, \"Remove\")]"}
COMMAND: POST /session/c72c23a71f957f5f97380492e1ede48b/element/f.9B2FD2DF9A9EBD12F39787CA2B3A3B3C.d.9D2F1153692D7F3ECC6A82C6B20F0F66.e.6224/click - {}
RESULT: {}
RESULT: {}
COMMAND: GET /session/c72c23a71f957f5f97380492e1ede48b/screenshot - {}
RESULT: {}
COMMAND: POST /session/c72c23a71f957f5f97380492e1ede48b/element - {"using":"xpath","value":"//span[@id=\"application-managepartners-display-component---masterPtm--smartTable-header-inner\"]"}
RESULT: {"using":"xpath","value":"//span[@id=\"application-managepartners-display-component---masterPtm--smartTable-header-inner\"]"}
COMMAND: POST /session/c72c23a71f957f5f97380492e1ede48b/elements - {"using":"xpath","value":"//span[@id=\"application-managepartners-display-component---masterPtm--smartTable-header-inner\"]"}
RESULT: {"using":"xpath","value":"//span[@id=\"application-managepartners-display-component---masterPtm--smartTable-header-inner\"]"}
COMMAND: POST /session/c72c23a71f957f5f97380492e1ede48b/execute/sync - {"script":"<script> [56 bytes]","args":[{"element-6066-11e4-a52e-4f735466cecf":"f.9B2FD2DF9A9EBD12F39787CA2B3A3B3C.d.9D2F1153692D7F3ECC6A82C6B20F0F66.e.5983","ELEMENT":"f.9B2FD2DF9A9EBD12F39787CA2B3A3B3C.d.9D2F1153692D7F3ECC6A82C6B20F0F66.e.5983"}]}
RESULT: {"script":"<script> [56 bytes]","args":[{"element-6066-11e4-a52e-4f735466cecf":"f.9B2FD2DF9A9EBD12F39787CA2B3A3B3C.d.9D2F1153692D7F3ECC6A82C6B20F0F66.e.5983","ELEMENT":"f.9B2FD2DF9A9EBD12F39787CA2B3A3B3C.d.9D2F1153692D7F3ECC6A82C6B20F0F66.e.5983"}]}
COMMAND: POST /session/c72c23a71f957f5f97380492e1ede48b/execute/async - {"script":"<script> [1562 bytes]","args":[{"selector":{"id":"application-managepartners-display-component---masterPtm--smartFilterBar-filterItemControl_BASIC-YARD-vhi"},"wdio_ui5_key":"applicationmanagepartners-display-component---masterPtm--smartFilterBar-filterItemControl_BASIC-YARD-vhi"}]}
COMMAND: GET /session/c72c23a71f957f5f97380492e1ede48b/screenshot - {}
RESULT: {"script":"<script> [1562 bytes]","args":[{"selector":{"id":"application-managepartners-display-component---masterPtm--smartFilterBar-filterItemControl_BASIC-YARD-vhi"},"wdio_ui5_key":"applicationmanagepartners-display-component---masterPtm--smartFilterBar-filterItemControl_BASIC-YARD-vhi"}]}
RESULT: undefined
COMMAND: POST /session/c72c23a71f957f5f97380492e1ede48b/element - {"using":"xpath","value":"//*[@id=\"application-managepartners-display-component---masterPtm--smartFilterBar-filterItemControl_BASIC-YARD-vhi\"]"}
RESULT: {}
RESULT: {"using":"xpath","value":"//*[@id=\"application-managepartners-display-component---masterPtm--smartFilterBar-filterItemControl_BASIC-YARD-vhi\"]"}
COMMAND: POST /session/c72c23a71f957f5f97380492e1ede48b/element/f.9B2FD2DF9A9EBD12F39787CA2B3A3B3C.d.9D2F1153692D7F3ECC6A82C6B20F0F66.e.6329/click - {}
RESULT: {}
COMMAND: GET /session/c72c23a71f957f5f97380492e1ede48b/screenshot - {}
RESULT: {}
COMMAND: POST /session/c72c23a71f957f5f97380492e1ede48b/execute/async - {"script":"<script> [1562 bytes]","args":[{"selector":{"id":"application-managepartners-display-component---masterPtm--smartFilterBar-filterItemControl_BASIC-YARD-valueHelpDialog-smartFilterBar-btnBasicSearch","searchOpenDialogs":true,"interaction":{"idSuffix":"I"}},"wdio_ui5_key":"applicationmanagepartners-display-component---masterPtm--smartFilterBar-filterItemControl_BASIC-YARD-valueHelpDialog-smartFilterBar-btnBasicSearch"}]}
RESULT: {"script":"<script> [1562 bytes]","args":[{"selector":{"id":"application-managepartners-display-component---masterPtm--smartFilterBar-filterItemControl_BASIC-YARD-valueHelpDialog-smartFilterBar-btnBasicSearch","searchOpenDialogs":true,"interaction":{"idSuffix":"I"}},"wdio_ui5_key":"applicationmanagepartners-display-component---masterPtm--smartFilterBar-filterItemControl_BASIC-YARD-valueHelpDialog-smartFilterBar-btnBasicSearch"}]}
RESULT: undefined
COMMAND: POST /session/c72c23a71f957f5f97380492e1ede48b/execute/async - {"script":"<script> [776 bytes]","args":[{"enterText":"Test","selector":{"id":"application-managepartners-display-component---masterPtm--smartFilterBar-filterItemControl_BASIC-YARD-valueHelpDialog-smartFilterBar-btnBasicSearch","searchOpenDialogs":true,"interaction":{"idSuffix":"I"}},"clearTextFirst":true,"interactionType":"ENTER_TEXT"}]}
RESULT: {"script":"<script> [776 bytes]","args":[{"enterText":"Test","selector":{"id":"application-managepartners-display-component---masterPtm--smartFilterBar-filterItemControl_BASIC-YARD-valueHelpDialog-smartFilterBar-btnBasicSearch","searchOpenDialogs":true,"interaction":{"idSuffix":"I"}},"clearTextFirst":true,"interactionType":"ENTER_TEXT"}]}
COMMAND: POST /session/c72c23a71f957f5f97380492e1ede48b/actions - {"actions":[{"id":"action19","type":"key","parameters":{},"actions":[{"type":"keyDown","value":""},{"type":"pause","duration":10},{"type":"keyUp","value":""}]}]}
RESULT: {"actions":[{"id":"action19","type":"key","parameters":{},"actions":[{"type":"keyDown","value":""},{"type":"pause","duration":10},{"type":"keyUp","value":""}]}]}
COMMAND: POST /session/c72c23a71f957f5f97380492e1ede48b/elements - {"using":"xpath","value":"//table[contains(@id, \"smartFilterBar-filterItemControl_BASIC-YARD-valueHelpDialog-table-table\")]/tbody/tr"}
COMMAND: GET /session/c72c23a71f957f5f97380492e1ede48b/screenshot - {}
RESULT: {"using":"xpath","value":"//table[contains(@id, \"smartFilterBar-filterItemControl_BASIC-YARD-valueHelpDialog-table-table\")]/tbody/tr"}
COMMAND: POST /session/c72c23a71f957f5f97380492e1ede48b/element - {"using":"xpath","value":"//table[contains(@id, \"smartFilterBar-filterItemControl_BASIC-YARD-valueHelpDialog-table-table\")]/tbody/tr[1]/td[1]/div/span"}
RESULT: {}
RESULT: {"using":"xpath","value":"//table[contains(@id, \"smartFilterBar-filterItemControl_BASIC-YARD-valueHelpDialog-table-table\")]/tbody/tr[1]/td[1]/div/span"}
COMMAND: POST /session/c72c23a71f957f5f97380492e1ede48b/elements - {"using":"xpath","value":"//table[contains(@id, \"smartFilterBar-filterItemControl_BASIC-YARD-valueHelpDialog-table-table\")]/tbody/tr[1]/td[1]/div/span"}
RESULT: {"using":"xpath","value":"//table[contains(@id, \"smartFilterBar-filterItemControl_BASIC-YARD-valueHelpDialog-table-table\")]/tbody/tr[1]/td[1]/div/span"}
COMMAND: POST /session/c72c23a71f957f5f97380492e1ede48b/execute/sync - {"script":"<script> [56 bytes]","args":[{"element-6066-11e4-a52e-4f735466cecf":"f.9B2FD2DF9A9EBD12F39787CA2B3A3B3C.d.9D2F1153692D7F3ECC6A82C6B20F0F66.e.6349","ELEMENT":"f.9B2FD2DF9A9EBD12F39787CA2B3A3B3C.d.9D2F1153692D7F3ECC6A82C6B20F0F66.e.6349"}]}
RESULT: {"script":"<script> [56 bytes]","args":[{"element-6066-11e4-a52e-4f735466cecf":"f.9B2FD2DF9A9EBD12F39787CA2B3A3B3C.d.9D2F1153692D7F3ECC6A82C6B20F0F66.e.6349","ELEMENT":"f.9B2FD2DF9A9EBD12F39787CA2B3A3B3C.d.9D2F1153692D7F3ECC6A82C6B20F0F66.e.6349"}]}
COMMAND: POST /session/c72c23a71f957f5f97380492e1ede48b/element - {"using":"xpath","value":"//table[contains(@id, \"smartFilterBar-filterItemControl_BASIC-YARD-valueHelpDialog-table-table\")]/tbody/tr[2]/td[1]/div/span"}
COMMAND: GET /session/c72c23a71f957f5f97380492e1ede48b/screenshot - {}
RESULT: {"using":"xpath","value":"//table[contains(@id, \"smartFilterBar-filterItemControl_BASIC-YARD-valueHelpDialog-table-table\")]/tbody/tr[2]/td[1]/div/span"}
COMMAND: POST /session/c72c23a71f957f5f97380492e1ede48b/elements - {"using":"xpath","value":"//table[contains(@id, \"smartFilterBar-filterItemControl_BASIC-YARD-valueHelpDialog-table-table\")]/tbody/tr[2]/td[1]/div/span"}
RESULT: {}
RESULT: {"using":"xpath","value":"//table[contains(@id, \"smartFilterBar-filterItemControl_BASIC-YARD-valueHelpDialog-table-table\")]/tbody/tr[2]/td[1]/div/span"}
COMMAND: POST /session/c72c23a71f957f5f97380492e1ede48b/execute/sync - {"script":"<script> [56 bytes]","args":[{"element-6066-11e4-a52e-4f735466cecf":"f.9B2FD2DF9A9EBD12F39787CA2B3A3B3C.d.9D2F1153692D7F3ECC6A82C6B20F0F66.e.6350","ELEMENT":"f.9B2FD2DF9A9EBD12F39787CA2B3A3B3C.d.9D2F1153692D7F3ECC6A82C6B20F0F66.e.6350"}]}
RESULT: {"script":"<script> [56 bytes]","args":[{"element-6066-11e4-a52e-4f735466cecf":"f.9B2FD2DF9A9EBD12F39787CA2B3A3B3C.d.9D2F1153692D7F3ECC6A82C6B20F0F66.e.6350","ELEMENT":"f.9B2FD2DF9A9EBD12F39787CA2B3A3B3C.d.9D2F1153692D7F3ECC6A82C6B20F0F66.e.6350"}]}
COMMAND: POST /session/c72c23a71f957f5f97380492e1ede48b/element - {"using":"xpath","value":"//table[contains(@id, \"smartFilterBar-filterItemControl_BASIC-YARD-valueHelpDialog-table-table\")]/tbody/tr[3]/td[1]/div/span"}
COMMAND: GET /session/c72c23a71f957f5f97380492e1ede48b/screenshot - {}
RESULT: {"using":"xpath","value":"//table[contains(@id, \"smartFilterBar-filterItemControl_BASIC-YARD-valueHelpDialog-table-table\")]/tbody/tr[3]/td[1]/div/span"}
COMMAND: POST /session/c72c23a71f957f5f97380492e1ede48b/elements - {"using":"xpath","value":"//table[contains(@id, \"smartFilterBar-filterItemControl_BASIC-YARD-valueHelpDialog-table-table\")]/tbody/tr[3]/td[1]/div/span"}
RESULT: {}
RESULT: {"using":"xpath","value":"//table[contains(@id, \"smartFilterBar-filterItemControl_BASIC-YARD-valueHelpDialog-table-table\")]/tbody/tr[3]/td[1]/div/span"}
COMMAND: POST /session/c72c23a71f957f5f97380492e1ede48b/execute/sync - {"script":"<script> [56 bytes]","args":[{"element-6066-11e4-a52e-4f735466cecf":"f.9B2FD2DF9A9EBD12F39787CA2B3A3B3C.d.9D2F1153692D7F3ECC6A82C6B20F0F66.e.6351","ELEMENT":"f.9B2FD2DF9A9EBD12F39787CA2B3A3B3C.d.9D2F1153692D7F3ECC6A82C6B20F0F66.e.6351"}]}
RESULT: {"script":"<script> [56 bytes]","args":[{"element-6066-11e4-a52e-4f735466cecf":"f.9B2FD2DF9A9EBD12F39787CA2B3A3B3C.d.9D2F1153692D7F3ECC6A82C6B20F0F66.e.6351","ELEMENT":"f.9B2FD2DF9A9EBD12F39787CA2B3A3B3C.d.9D2F1153692D7F3ECC6A82C6B20F0F66.e.6351"}]}
COMMAND: POST /session/c72c23a71f957f5f97380492e1ede48b/element - {"using":"xpath","value":"//div[contains(@id, \"filterItemControl_BASIC-YARD-valueHelpDialog-table-rowsel2\")]"}
COMMAND: GET /session/c72c23a71f957f5f97380492e1ede48b/screenshot - {}
RESULT: {"using":"xpath","value":"//div[contains(@id, \"filterItemControl_BASIC-YARD-valueHelpDialog-table-rowsel2\")]"}
COMMAND: POST /session/c72c23a71f957f5f97380492e1ede48b/element/f.9B2FD2DF9A9EBD12F39787CA2B3A3B3C.d.9D2F1153692D7F3ECC6A82C6B20F0F66.e.6352/click - {}
RESULT: {}
RESULT: {}
COMMAND: GET /session/c72c23a71f957f5f97380492e1ede48b/screenshot - {}
RESULT: {}
COMMAND: POST /session/c72c23a71f957f5f97380492e1ede48b/element - {"using":"xpath","value":"(//bdi[contains(text(), \"OK\")])[1]"}
RESULT: {"using":"xpath","value":"(//bdi[contains(text(), \"OK\")])[1]"}
COMMAND: POST /session/c72c23a71f957f5f97380492e1ede48b/element/f.9B2FD2DF9A9EBD12F39787CA2B3A3B3C.d.9D2F1153692D7F3ECC6A82C6B20F0F66.e.6354/click - {}
RESULT: {}
COMMAND: GET /session/c72c23a71f957f5f97380492e1ede48b/screenshot - {}
RESULT: {}
COMMAND: POST /session/c72c23a71f957f5f97380492e1ede48b/element - {"using":"xpath","value":"//span[@id=\"application-managepartners-display-component---masterPtm--smartTable-header-inner\"]"}
RESULT: {"using":"xpath","value":"//span[@id=\"application-managepartners-display-component---masterPtm--smartTable-header-inner\"]"}
COMMAND: POST /session/c72c23a71f957f5f97380492e1ede48b/elements - {"using":"xpath","value":"//span[@id=\"application-managepartners-display-component---masterPtm--smartTable-header-inner\"]"}
RESULT: {"using":"xpath","value":"//span[@id=\"application-managepartners-display-component---masterPtm--smartTable-header-inner\"]"}
COMMAND: POST /session/c72c23a71f957f5f97380492e1ede48b/execute/sync - {"script":"<script> [56 bytes]","args":[{"element-6066-11e4-a52e-4f735466cecf":"f.9B2FD2DF9A9EBD12F39787CA2B3A3B3C.d.9D2F1153692D7F3ECC6A82C6B20F0F66.e.5983","ELEMENT":"f.9B2FD2DF9A9EBD12F39787CA2B3A3B3C.d.9D2F1153692D7F3ECC6A82C6B20F0F66.e.5983"}]}
RESULT: {"script":"<script> [56 bytes]","args":[{"element-6066-11e4-a52e-4f735466cecf":"f.9B2FD2DF9A9EBD12F39787CA2B3A3B3C.d.9D2F1153692D7F3ECC6A82C6B20F0F66.e.5983","ELEMENT":"f.9B2FD2DF9A9EBD12F39787CA2B3A3B3C.d.9D2F1153692D7F3ECC6A82C6B20F0F66.e.5983"}]}
COMMAND: POST /session/c72c23a71f957f5f97380492e1ede48b/element - {"using":"xpath","value":"//span[contains(@title, \"Remove\")]"}
COMMAND: GET /session/c72c23a71f957f5f97380492e1ede48b/screenshot - {}
RESULT: {"using":"xpath","value":"//span[contains(@title, \"Remove\")]"}
COMMAND: POST /session/c72c23a71f957f5f97380492e1ede48b/element/f.9B2FD2DF9A9EBD12F39787CA2B3A3B3C.d.9D2F1153692D7F3ECC6A82C6B20F0F66.e.6367/click - {}
RESULT: {}
RESULT: {}
COMMAND: GET /session/c72c23a71f957f5f97380492e1ede48b/screenshot - {}
RESULT: {}
COMMAND: POST /session/c72c23a71f957f5f97380492e1ede48b/element - {"using":"xpath","value":"//span[@id=\"application-managepartners-display-component---masterPtm--smartTable-header-inner\"]"}
RESULT: {"using":"xpath","value":"//span[@id=\"application-managepartners-display-component---masterPtm--smartTable-header-inner\"]"}
COMMAND: POST /session/c72c23a71f957f5f97380492e1ede48b/elements - {"using":"xpath","value":"//span[@id=\"application-managepartners-display-component---masterPtm--smartTable-header-inner\"]"}
RESULT: {"using":"xpath","value":"//span[@id=\"application-managepartners-display-component---masterPtm--smartTable-header-inner\"]"}
COMMAND: POST /session/c72c23a71f957f5f97380492e1ede48b/execute/sync - {"script":"<script> [56 bytes]","args":[{"element-6066-11e4-a52e-4f735466cecf":"f.9B2FD2DF9A9EBD12F39787CA2B3A3B3C.d.9D2F1153692D7F3ECC6A82C6B20F0F66.e.5983","ELEMENT":"f.9B2FD2DF9A9EBD12F39787CA2B3A3B3C.d.9D2F1153692D7F3ECC6A82C6B20F0F66.e.5983"}]}
RESULT: {"script":"<script> [56 bytes]","args":[{"element-6066-11e4-a52e-4f735466cecf":"f.9B2FD2DF9A9EBD12F39787CA2B3A3B3C.d.9D2F1153692D7F3ECC6A82C6B20F0F66.e.5983","ELEMENT":"f.9B2FD2DF9A9EBD12F39787CA2B3A3B3C.d.9D2F1153692D7F3ECC6A82C6B20F0F66.e.5983"}]}
COMMAND: POST /session/c72c23a71f957f5f97380492e1ede48b/execute/async - {"script":"<script> [1562 bytes]","args":[{"selector":{"id":"application-managepartners-display-component---masterPtm--smartFilterBar-filterItemControl_BASIC-ALL_TAGS-vhi"},"wdio_ui5_key":"applicationmanagepartners-display-component---masterPtm--smartFilterBar-filterItemControl_BASIC-ALL_TAGS-vhi"}]}
COMMAND: GET /session/c72c23a71f957f5f97380492e1ede48b/screenshot - {}
RESULT: {"script":"<script> [1562 bytes]","args":[{"selector":{"id":"application-managepartners-display-component---masterPtm--smartFilterBar-filterItemControl_BASIC-ALL_TAGS-vhi"},"wdio_ui5_key":"applicationmanagepartners-display-component---masterPtm--smartFilterBar-filterItemControl_BASIC-ALL_TAGS-vhi"}]}
RESULT: undefined
COMMAND: POST /session/c72c23a71f957f5f97380492e1ede48b/element - {"using":"xpath","value":"//*[@id=\"application-managepartners-display-component---masterPtm--smartFilterBar-filterItemControl_BASIC-ALL_TAGS-vhi\"]"}
RESULT: {}
RESULT: {"using":"xpath","value":"//*[@id=\"application-managepartners-display-component---masterPtm--smartFilterBar-filterItemControl_BASIC-ALL_TAGS-vhi\"]"}
COMMAND: POST /session/c72c23a71f957f5f97380492e1ede48b/element/f.9B2FD2DF9A9EBD12F39787CA2B3A3B3C.d.9D2F1153692D7F3ECC6A82C6B20F0F66.e.6473/click - {}
RESULT: {}
COMMAND: GET /session/c72c23a71f957f5f97380492e1ede48b/screenshot - {}
RESULT: {}
COMMAND: POST /session/c72c23a71f957f5f97380492e1ede48b/execute/async - {"script":"<script> [1562 bytes]","args":[{"selector":{"id":"application-managepartners-display-component---masterPtm--smartFilterBar-filterItemControl_BASIC-ALL_TAGS-valueHelpDialog-smartFilterBar-btnBasicSearch","searchOpenDialogs":true,"interaction":{"idSuffix":"I"}},"wdio_ui5_key":"applicationmanagepartners-display-component---masterPtm--smartFilterBar-filterItemControl_BASIC-ALL_TAGS-valueHelpDialog-smartFilterBar-btnBasicSearch"}]}
RESULT: {"script":"<script> [1562 bytes]","args":[{"selector":{"id":"application-managepartners-display-component---masterPtm--smartFilterBar-filterItemControl_BASIC-ALL_TAGS-valueHelpDialog-smartFilterBar-btnBasicSearch","searchOpenDialogs":true,"interaction":{"idSuffix":"I"}},"wdio_ui5_key":"applicationmanagepartners-display-component---masterPtm--smartFilterBar-filterItemControl_BASIC-ALL_TAGS-valueHelpDialog-smartFilterBar-btnBasicSearch"}]}
RESULT: undefined
COMMAND: POST /session/c72c23a71f957f5f97380492e1ede48b/execute/async - {"script":"<script> [776 bytes]","args":[{"enterText":"test-tag-1","selector":{"id":"application-managepartners-display-component---masterPtm--smartFilterBar-filterItemControl_BASIC-ALL_TAGS-valueHelpDialog-smartFilterBar-btnBasicSearch","searchOpenDialogs":true,"interaction":{"idSuffix":"I"}},"clearTextFirst":true,"interactionType":"ENTER_TEXT"}]}
RESULT: {"script":"<script> [776 bytes]","args":[{"enterText":"test-tag-1","selector":{"id":"application-managepartners-display-component---masterPtm--smartFilterBar-filterItemControl_BASIC-ALL_TAGS-valueHelpDialog-smartFilterBar-btnBasicSearch","searchOpenDialogs":true,"interaction":{"idSuffix":"I"}},"clearTextFirst":true,"interactionType":"ENTER_TEXT"}]}
COMMAND: POST /session/c72c23a71f957f5f97380492e1ede48b/actions - {"actions":[{"id":"action20","type":"key","parameters":{},"actions":[{"type":"keyDown","value":""},{"type":"pause","duration":10},{"type":"keyUp","value":""}]}]}
RESULT: {"actions":[{"id":"action20","type":"key","parameters":{},"actions":[{"type":"keyDown","value":""},{"type":"pause","duration":10},{"type":"keyUp","value":""}]}]}
COMMAND: POST /session/c72c23a71f957f5f97380492e1ede48b/elements - {"using":"xpath","value":"//table[contains(@id, \"smartFilterBar-filterItemControl_BASIC-ALL_TAGS-valueHelpDialog-table-table\")]/tbody/tr"}
COMMAND: GET /session/c72c23a71f957f5f97380492e1ede48b/screenshot - {}
RESULT: {"using":"xpath","value":"//table[contains(@id, \"smartFilterBar-filterItemControl_BASIC-ALL_TAGS-valueHelpDialog-table-table\")]/tbody/tr"}
COMMAND: POST /session/c72c23a71f957f5f97380492e1ede48b/element - {"using":"xpath","value":"//table[contains(@id, \"smartFilterBar-filterItemControl_BASIC-ALL_TAGS-valueHelpDialog-table-table\")]/tbody/tr[1]/td[1]/div/span"}
RESULT: {}
RESULT: {"using":"xpath","value":"//table[contains(@id, \"smartFilterBar-filterItemControl_BASIC-ALL_TAGS-valueHelpDialog-table-table\")]/tbody/tr[1]/td[1]/div/span"}
COMMAND: POST /session/c72c23a71f957f5f97380492e1ede48b/elements - {"using":"xpath","value":"//table[contains(@id, \"smartFilterBar-filterItemControl_BASIC-ALL_TAGS-valueHelpDialog-table-table\")]/tbody/tr[1]/td[1]/div/span"}
RESULT: {"using":"xpath","value":"//table[contains(@id, \"smartFilterBar-filterItemControl_BASIC-ALL_TAGS-valueHelpDialog-table-table\")]/tbody/tr[1]/td[1]/div/span"}
COMMAND: POST /session/c72c23a71f957f5f97380492e1ede48b/execute/sync - {"script":"<script> [56 bytes]","args":[{"element-6066-11e4-a52e-4f735466cecf":"f.9B2FD2DF9A9EBD12F39787CA2B3A3B3C.d.9D2F1153692D7F3ECC6A82C6B20F0F66.e.6493","ELEMENT":"f.9B2FD2DF9A9EBD12F39787CA2B3A3B3C.d.9D2F1153692D7F3ECC6A82C6B20F0F66.e.6493"}]}
RESULT: {"script":"<script> [56 bytes]","args":[{"element-6066-11e4-a52e-4f735466cecf":"f.9B2FD2DF9A9EBD12F39787CA2B3A3B3C.d.9D2F1153692D7F3ECC6A82C6B20F0F66.e.6493","ELEMENT":"f.9B2FD2DF9A9EBD12F39787CA2B3A3B3C.d.9D2F1153692D7F3ECC6A82C6B20F0F66.e.6493"}]}
COMMAND: POST /session/c72c23a71f957f5f97380492e1ede48b/element - {"using":"xpath","value":"//div[contains(@id, \"filterItemControl_BASIC-ALL_TAGS-valueHelpDialog-table-rowsel0\")]"}
COMMAND: GET /session/c72c23a71f957f5f97380492e1ede48b/screenshot - {}
RESULT: {"using":"xpath","value":"//div[contains(@id, \"filterItemControl_BASIC-ALL_TAGS-valueHelpDialog-table-rowsel0\")]"}
COMMAND: POST /session/c72c23a71f957f5f97380492e1ede48b/element/f.9B2FD2DF9A9EBD12F39787CA2B3A3B3C.d.9D2F1153692D7F3ECC6A82C6B20F0F66.e.6494/click - {}
RESULT: {}
RESULT: {}
COMMAND: GET /session/c72c23a71f957f5f97380492e1ede48b/screenshot - {}
RESULT: {}
COMMAND: POST /session/c72c23a71f957f5f97380492e1ede48b/element - {"using":"xpath","value":"(//bdi[contains(text(), \"OK\")])[1]"}
RESULT: {"using":"xpath","value":"(//bdi[contains(text(), \"OK\")])[1]"}
COMMAND: POST /session/c72c23a71f957f5f97380492e1ede48b/element/f.9B2FD2DF9A9EBD12F39787CA2B3A3B3C.d.9D2F1153692D7F3ECC6A82C6B20F0F66.e.6496/click - {}
RESULT: {}
COMMAND: GET /session/c72c23a71f957f5f97380492e1ede48b/screenshot - {}
RESULT: {}
COMMAND: POST /session/c72c23a71f957f5f97380492e1ede48b/element - {"using":"xpath","value":"//span[@id=\"application-managepartners-display-component---masterPtm--smartTable-header-inner\"]"}
RESULT: {"using":"xpath","value":"//span[@id=\"application-managepartners-display-component---masterPtm--smartTable-header-inner\"]"}
COMMAND: POST /session/c72c23a71f957f5f97380492e1ede48b/elements - {"using":"xpath","value":"//span[@id=\"application-managepartners-display-component---masterPtm--smartTable-header-inner\"]"}
RESULT: {"using":"xpath","value":"//span[@id=\"application-managepartners-display-component---masterPtm--smartTable-header-inner\"]"}
COMMAND: POST /session/c72c23a71f957f5f97380492e1ede48b/execute/sync - {"script":"<script> [56 bytes]","args":[{"element-6066-11e4-a52e-4f735466cecf":"f.9B2FD2DF9A9EBD12F39787CA2B3A3B3C.d.9D2F1153692D7F3ECC6A82C6B20F0F66.e.5983","ELEMENT":"f.9B2FD2DF9A9EBD12F39787CA2B3A3B3C.d.9D2F1153692D7F3ECC6A82C6B20F0F66.e.5983"}]}
RESULT: {"script":"<script> [56 bytes]","args":[{"element-6066-11e4-a52e-4f735466cecf":"f.9B2FD2DF9A9EBD12F39787CA2B3A3B3C.d.9D2F1153692D7F3ECC6A82C6B20F0F66.e.5983","ELEMENT":"f.9B2FD2DF9A9EBD12F39787CA2B3A3B3C.d.9D2F1153692D7F3ECC6A82C6B20F0F66.e.5983"}]}
COMMAND: POST /session/c72c23a71f957f5f97380492e1ede48b/element - {"using":"xpath","value":"//span[contains(@title, \"Remove\")]"}
COMMAND: GET /session/c72c23a71f957f5f97380492e1ede48b/screenshot - {}
RESULT: {"using":"xpath","value":"//span[contains(@title, \"Remove\")]"}
COMMAND: POST /session/c72c23a71f957f5f97380492e1ede48b/element/f.9B2FD2DF9A9EBD12F39787CA2B3A3B3C.d.9D2F1153692D7F3ECC6A82C6B20F0F66.e.6518/click - {}
RESULT: {}
RESULT: {}
COMMAND: GET /session/c72c23a71f957f5f97380492e1ede48b/screenshot - {}
RESULT: {}
COMMAND: POST /session/c72c23a71f957f5f97380492e1ede48b/execute/async - {"script":"<script> [1562 bytes]","args":[{"selector":{"id":"application-managepartners-display-component---masterPtm--partnerTypes-arrow"},"wdio_ui5_key":"applicationmanagepartners-display-component---masterPtm--partnerTypes-arrow"}]}
RESULT: {"script":"<script> [1562 bytes]","args":[{"selector":{"id":"application-managepartners-display-component---masterPtm--partnerTypes-arrow"},"wdio_ui5_key":"applicationmanagepartners-display-component---masterPtm--partnerTypes-arrow"}]}
RESULT: undefined
COMMAND: POST /session/c72c23a71f957f5f97380492e1ede48b/element - {"using":"xpath","value":"//*[@id=\"application-managepartners-display-component---masterPtm--partnerTypes-arrow\"]"}
RESULT: {"using":"xpath","value":"//*[@id=\"application-managepartners-display-component---masterPtm--partnerTypes-arrow\"]"}
COMMAND: POST /session/c72c23a71f957f5f97380492e1ede48b/element/f.9B2FD2DF9A9EBD12F39787CA2B3A3B3C.d.9D2F1153692D7F3ECC6A82C6B20F0F66.e.6623/click - {}
RESULT: {}
COMMAND: GET /session/c72c23a71f957f5f97380492e1ede48b/screenshot - {}
RESULT: {}
COMMAND: POST /session/c72c23a71f957f5f97380492e1ede48b/element - {"using":"xpath","value":"//li[.//span[text()=\"External partner\"]]//div[contains(@class,\"sapMCbBg\")]"}
RESULT: {"using":"xpath","value":"//li[.//span[text()=\"External partner\"]]//div[contains(@class,\"sapMCbBg\")]"}
COMMAND: POST /session/c72c23a71f957f5f97380492e1ede48b/element/f.9B2FD2DF9A9EBD12F39787CA2B3A3B3C.d.9D2F1153692D7F3ECC6A82C6B20F0F66.e.6626/click - {}
RESULT: {}
COMMAND: GET /session/c72c23a71f957f5f97380492e1ede48b/screenshot - {}
RESULT: {}
COMMAND: POST /session/c72c23a71f957f5f97380492e1ede48b/element - {"using":"xpath","value":"//div[contains(@id,\"application-managepartners-display-component---masterPtm--smartFilterBar-btnBasicSearch-search\")]"}
RESULT: {"using":"xpath","value":"//div[contains(@id,\"application-managepartners-display-component---masterPtm--smartFilterBar-btnBasicSearch-search\")]"}
COMMAND: POST /session/c72c23a71f957f5f97380492e1ede48b/element/f.9B2FD2DF9A9EBD12F39787CA2B3A3B3C.d.9D2F1153692D7F3ECC6A82C6B20F0F66.e.6702/click - {}
RESULT: {}
COMMAND: GET /session/c72c23a71f957f5f97380492e1ede48b/screenshot - {}
RESULT: {}
COMMAND: POST /session/c72c23a71f957f5f97380492e1ede48b/element - {"using":"xpath","value":"//span[@id=\"application-managepartners-display-component---masterPtm--smartTable-header-inner\"]"}
RESULT: {"using":"xpath","value":"//span[@id=\"application-managepartners-display-component---masterPtm--smartTable-header-inner\"]"}
COMMAND: POST /session/c72c23a71f957f5f97380492e1ede48b/elements - {"using":"xpath","value":"//span[@id=\"application-managepartners-display-component---masterPtm--smartTable-header-inner\"]"}
RESULT: {"using":"xpath","value":"//span[@id=\"application-managepartners-display-component---masterPtm--smartTable-header-inner\"]"}
COMMAND: POST /session/c72c23a71f957f5f97380492e1ede48b/execute/sync - {"script":"<script> [56 bytes]","args":[{"element-6066-11e4-a52e-4f735466cecf":"f.9B2FD2DF9A9EBD12F39787CA2B3A3B3C.d.9D2F1153692D7F3ECC6A82C6B20F0F66.e.5983","ELEMENT":"f.9B2FD2DF9A9EBD12F39787CA2B3A3B3C.d.9D2F1153692D7F3ECC6A82C6B20F0F66.e.5983"}]}
RESULT: {"script":"<script> [56 bytes]","args":[{"element-6066-11e4-a52e-4f735466cecf":"f.9B2FD2DF9A9EBD12F39787CA2B3A3B3C.d.9D2F1153692D7F3ECC6A82C6B20F0F66.e.5983","ELEMENT":"f.9B2FD2DF9A9EBD12F39787CA2B3A3B3C.d.9D2F1153692D7F3ECC6A82C6B20F0F66.e.5983"}]}
COMMAND: POST /session/c72c23a71f957f5f97380492e1ede48b/element - {"using":"xpath","value":"//span[contains(@title, \"Remove\")]"}
COMMAND: GET /session/c72c23a71f957f5f97380492e1ede48b/screenshot - {}
RESULT: {"using":"xpath","value":"//span[contains(@title, \"Remove\")]"}
COMMAND: POST /session/c72c23a71f957f5f97380492e1ede48b/element/f.9B2FD2DF9A9EBD12F39787CA2B3A3B3C.d.9D2F1153692D7F3ECC6A82C6B20F0F66.e.6706/click - {}
RESULT: {}
RESULT: {}
COMMAND: GET /session/c72c23a71f957f5f97380492e1ede48b/screenshot - {}
RESULT: {}
COMMAND: POST /session/c72c23a71f957f5f97380492e1ede48b/execute/async - {"script":"<script> [1562 bytes]","args":[{"selector":{"id":"application-managepartners-display-component---masterPtm--smartFilterBar-btnFilters","interaction":{"idSuffix":"BDI-content"}},"wdio_ui5_key":"applicationmanagepartners-display-component---masterPtm--smartFilterBar-btnFilters"}]}
RESULT: {"script":"<script> [1562 bytes]","args":[{"selector":{"id":"application-managepartners-display-component---masterPtm--smartFilterBar-btnFilters","interaction":{"idSuffix":"BDI-content"}},"wdio_ui5_key":"applicationmanagepartners-display-component---masterPtm--smartFilterBar-btnFilters"}]}
RESULT: undefined
COMMAND: POST /session/c72c23a71f957f5f97380492e1ede48b/element - {"using":"xpath","value":"//*[@id=\"application-managepartners-display-component---masterPtm--smartFilterBar-btnFilters\"]"}
RESULT: {"using":"xpath","value":"//*[@id=\"application-managepartners-display-component---masterPtm--smartFilterBar-btnFilters\"]"}
COMMAND: POST /session/c72c23a71f957f5f97380492e1ede48b/element/f.9B2FD2DF9A9EBD12F39787CA2B3A3B3C.d.9D2F1153692D7F3ECC6A82C6B20F0F66.e.5835/click - {}
RESULT: {}
COMMAND: GET /session/c72c23a71f957f5f97380492e1ede48b/screenshot - {}
RESULT: {}
COMMAND: POST /session/c72c23a71f957f5f97380492e1ede48b/elements - {"using":"xpath","value":"//table[contains(@id, \"listView-innerSelectionPanelTable-listUl\")]/tbody/tr"}
RESULT: {"using":"xpath","value":"//table[contains(@id, \"listView-innerSelectionPanelTable-listUl\")]/tbody/tr"}
COMMAND: POST /session/c72c23a71f957f5f97380492e1ede48b/element - {"using":"xpath","value":"//table[contains(@id, \"listView-innerSelectionPanelTable-listUl\")]/tbody/tr[2]/td[2]/div/div"}
RESULT: {"using":"xpath","value":"//table[contains(@id, \"listView-innerSelectionPanelTable-listUl\")]/tbody/tr[2]/td[2]/div/div"}
COMMAND: POST /session/c72c23a71f957f5f97380492e1ede48b/element - {"using":"xpath","value":"//table[contains(@id, \"listView-innerSelectionPanelTable-listUl\")]/tbody/tr[2]/td[2]/div"}
RESULT: {"using":"xpath","value":"//table[contains(@id, \"listView-innerSelectionPanelTable-listUl\")]/tbody/tr[2]/td[2]/div"}
COMMAND: POST /session/c72c23a71f957f5f97380492e1ede48b/element - {"using":"xpath","value":"//table[contains(@id, \"listView-innerSelectionPanelTable-listUl\")]/tbody/tr[2]/td[3]/div/div/span/span[1]/bdi"}
RESULT: {"using":"xpath","value":"//table[contains(@id, \"listView-innerSelectionPanelTable-listUl\")]/tbody/tr[2]/td[3]/div/div/span/span[1]/bdi"}
COMMAND: POST /session/c72c23a71f957f5f97380492e1ede48b/execute/sync - {"script":"<script> [56 bytes]","args":[{"element-6066-11e4-a52e-4f735466cecf":"f.9B2FD2DF9A9EBD12F39787CA2B3A3B3C.d.9D2F1153692D7F3ECC6A82C6B20F0F66.e.6815","ELEMENT":"f.9B2FD2DF9A9EBD12F39787CA2B3A3B3C.d.9D2F1153692D7F3ECC6A82C6B20F0F66.e.6815"}]}
RESULT: {"script":"<script> [56 bytes]","args":[{"element-6066-11e4-a52e-4f735466cecf":"f.9B2FD2DF9A9EBD12F39787CA2B3A3B3C.d.9D2F1153692D7F3ECC6A82C6B20F0F66.e.6815","ELEMENT":"f.9B2FD2DF9A9EBD12F39787CA2B3A3B3C.d.9D2F1153692D7F3ECC6A82C6B20F0F66.e.6815"}]}
COMMAND: GET /session/c72c23a71f957f5f97380492e1ede48b/element/f.9B2FD2DF9A9EBD12F39787CA2B3A3B3C.d.9D2F1153692D7F3ECC6A82C6B20F0F66.e.6814/attribute/aria-checked - {}
COMMAND: GET /session/c72c23a71f957f5f97380492e1ede48b/screenshot - {}
RESULT: {}
COMMAND: POST /session/c72c23a71f957f5f97380492e1ede48b/element - {"using":"xpath","value":"//table[contains(@id, \"listView-innerSelectionPanelTable-listUl\")]/tbody/tr[3]/td[2]/div/div"}
RESULT: {}
RESULT: {"using":"xpath","value":"//table[contains(@id, \"listView-innerSelectionPanelTable-listUl\")]/tbody/tr[3]/td[2]/div/div"}
COMMAND: POST /session/c72c23a71f957f5f97380492e1ede48b/element - {"using":"xpath","value":"//table[contains(@id, \"listView-innerSelectionPanelTable-listUl\")]/tbody/tr[3]/td[2]/div"}
RESULT: {"using":"xpath","value":"//table[contains(@id, \"listView-innerSelectionPanelTable-listUl\")]/tbody/tr[3]/td[2]/div"}
COMMAND: POST /session/c72c23a71f957f5f97380492e1ede48b/element - {"using":"xpath","value":"//table[contains(@id, \"listView-innerSelectionPanelTable-listUl\")]/tbody/tr[3]/td[3]/div/div/span/span[1]/bdi"}
RESULT: {"using":"xpath","value":"//table[contains(@id, \"listView-innerSelectionPanelTable-listUl\")]/tbody/tr[3]/td[3]/div/div/span/span[1]/bdi"}
COMMAND: POST /session/c72c23a71f957f5f97380492e1ede48b/execute/sync - {"script":"<script> [56 bytes]","args":[{"element-6066-11e4-a52e-4f735466cecf":"f.9B2FD2DF9A9EBD12F39787CA2B3A3B3C.d.9D2F1153692D7F3ECC6A82C6B20F0F66.e.6818","ELEMENT":"f.9B2FD2DF9A9EBD12F39787CA2B3A3B3C.d.9D2F1153692D7F3ECC6A82C6B20F0F66.e.6818"}]}
RESULT: {"script":"<script> [56 bytes]","args":[{"element-6066-11e4-a52e-4f735466cecf":"f.9B2FD2DF9A9EBD12F39787CA2B3A3B3C.d.9D2F1153692D7F3ECC6A82C6B20F0F66.e.6818","ELEMENT":"f.9B2FD2DF9A9EBD12F39787CA2B3A3B3C.d.9D2F1153692D7F3ECC6A82C6B20F0F66.e.6818"}]}
COMMAND: GET /session/c72c23a71f957f5f97380492e1ede48b/element/f.9B2FD2DF9A9EBD12F39787CA2B3A3B3C.d.9D2F1153692D7F3ECC6A82C6B20F0F66.e.6817/attribute/aria-checked - {}
COMMAND: GET /session/c72c23a71f957f5f97380492e1ede48b/screenshot - {}
RESULT: {}
COMMAND: POST /session/c72c23a71f957f5f97380492e1ede48b/element - {"using":"xpath","value":"//table[contains(@id, \"listView-innerSelectionPanelTable-listUl\")]/tbody/tr[4]/td[2]/div/div"}
RESULT: {}
RESULT: {"using":"xpath","value":"//table[contains(@id, \"listView-innerSelectionPanelTable-listUl\")]/tbody/tr[4]/td[2]/div/div"}
COMMAND: POST /session/c72c23a71f957f5f97380492e1ede48b/element - {"using":"xpath","value":"//table[contains(@id, \"listView-innerSelectionPanelTable-listUl\")]/tbody/tr[4]/td[2]/div"}
RESULT: {"using":"xpath","value":"//table[contains(@id, \"listView-innerSelectionPanelTable-listUl\")]/tbody/tr[4]/td[2]/div"}
COMMAND: POST /session/c72c23a71f957f5f97380492e1ede48b/element - {"using":"xpath","value":"//table[contains(@id, \"listView-innerSelectionPanelTable-listUl\")]/tbody/tr[4]/td[3]/div/div/span/span[1]/bdi"}
RESULT: {"using":"xpath","value":"//table[contains(@id, \"listView-innerSelectionPanelTable-listUl\")]/tbody/tr[4]/td[3]/div/div/span/span[1]/bdi"}
COMMAND: POST /session/c72c23a71f957f5f97380492e1ede48b/execute/sync - {"script":"<script> [56 bytes]","args":[{"element-6066-11e4-a52e-4f735466cecf":"f.9B2FD2DF9A9EBD12F39787CA2B3A3B3C.d.9D2F1153692D7F3ECC6A82C6B20F0F66.e.6821","ELEMENT":"f.9B2FD2DF9A9EBD12F39787CA2B3A3B3C.d.9D2F1153692D7F3ECC6A82C6B20F0F66.e.6821"}]}
RESULT: {"script":"<script> [56 bytes]","args":[{"element-6066-11e4-a52e-4f735466cecf":"f.9B2FD2DF9A9EBD12F39787CA2B3A3B3C.d.9D2F1153692D7F3ECC6A82C6B20F0F66.e.6821","ELEMENT":"f.9B2FD2DF9A9EBD12F39787CA2B3A3B3C.d.9D2F1153692D7F3ECC6A82C6B20F0F66.e.6821"}]}
COMMAND: GET /session/c72c23a71f957f5f97380492e1ede48b/element/f.9B2FD2DF9A9EBD12F39787CA2B3A3B3C.d.9D2F1153692D7F3ECC6A82C6B20F0F66.e.6820/attribute/aria-checked - {}
COMMAND: GET /session/c72c23a71f957f5f97380492e1ede48b/screenshot - {}
RESULT: {}
COMMAND: POST /session/c72c23a71f957f5f97380492e1ede48b/element - {"using":"xpath","value":"//table[contains(@id, \"listView-innerSelectionPanelTable-listUl\")]/tbody/tr[5]/td[2]/div/div"}
RESULT: {}
RESULT: {"using":"xpath","value":"//table[contains(@id, \"listView-innerSelectionPanelTable-listUl\")]/tbody/tr[5]/td[2]/div/div"}
COMMAND: POST /session/c72c23a71f957f5f97380492e1ede48b/element - {"using":"xpath","value":"//table[contains(@id, \"listView-innerSelectionPanelTable-listUl\")]/tbody/tr[5]/td[2]/div"}
RESULT: {"using":"xpath","value":"//table[contains(@id, \"listView-innerSelectionPanelTable-listUl\")]/tbody/tr[5]/td[2]/div"}
COMMAND: POST /session/c72c23a71f957f5f97380492e1ede48b/element - {"using":"xpath","value":"//table[contains(@id, \"listView-innerSelectionPanelTable-listUl\")]/tbody/tr[5]/td[3]/div/div/span/span[1]/bdi"}
RESULT: {"using":"xpath","value":"//table[contains(@id, \"listView-innerSelectionPanelTable-listUl\")]/tbody/tr[5]/td[3]/div/div/span/span[1]/bdi"}
COMMAND: POST /session/c72c23a71f957f5f97380492e1ede48b/execute/sync - {"script":"<script> [56 bytes]","args":[{"element-6066-11e4-a52e-4f735466cecf":"f.9B2FD2DF9A9EBD12F39787CA2B3A3B3C.d.9D2F1153692D7F3ECC6A82C6B20F0F66.e.6824","ELEMENT":"f.9B2FD2DF9A9EBD12F39787CA2B3A3B3C.d.9D2F1153692D7F3ECC6A82C6B20F0F66.e.6824"}]}
RESULT: {"script":"<script> [56 bytes]","args":[{"element-6066-11e4-a52e-4f735466cecf":"f.9B2FD2DF9A9EBD12F39787CA2B3A3B3C.d.9D2F1153692D7F3ECC6A82C6B20F0F66.e.6824","ELEMENT":"f.9B2FD2DF9A9EBD12F39787CA2B3A3B3C.d.9D2F1153692D7F3ECC6A82C6B20F0F66.e.6824"}]}
COMMAND: GET /session/c72c23a71f957f5f97380492e1ede48b/element/f.9B2FD2DF9A9EBD12F39787CA2B3A3B3C.d.9D2F1153692D7F3ECC6A82C6B20F0F66.e.6823/attribute/aria-checked - {}
COMMAND: GET /session/c72c23a71f957f5f97380492e1ede48b/screenshot - {}
RESULT: {}
COMMAND: POST /session/c72c23a71f957f5f97380492e1ede48b/element - {"using":"xpath","value":"//table[contains(@id, \"listView-innerSelectionPanelTable-listUl\")]/tbody/tr[6]/td[2]/div/div"}
RESULT: {}
RESULT: {"using":"xpath","value":"//table[contains(@id, \"listView-innerSelectionPanelTable-listUl\")]/tbody/tr[6]/td[2]/div/div"}
COMMAND: POST /session/c72c23a71f957f5f97380492e1ede48b/element - {"using":"xpath","value":"//table[contains(@id, \"listView-innerSelectionPanelTable-listUl\")]/tbody/tr[6]/td[2]/div"}
RESULT: {"using":"xpath","value":"//table[contains(@id, \"listView-innerSelectionPanelTable-listUl\")]/tbody/tr[6]/td[2]/div"}
COMMAND: POST /session/c72c23a71f957f5f97380492e1ede48b/element - {"using":"xpath","value":"//table[contains(@id, \"listView-innerSelectionPanelTable-listUl\")]/tbody/tr[6]/td[3]/div/div/span/span[1]/bdi"}
RESULT: {"using":"xpath","value":"//table[contains(@id, \"listView-innerSelectionPanelTable-listUl\")]/tbody/tr[6]/td[3]/div/div/span/span[1]/bdi"}
COMMAND: POST /session/c72c23a71f957f5f97380492e1ede48b/execute/sync - {"script":"<script> [56 bytes]","args":[{"element-6066-11e4-a52e-4f735466cecf":"f.9B2FD2DF9A9EBD12F39787CA2B3A3B3C.d.9D2F1153692D7F3ECC6A82C6B20F0F66.e.6827","ELEMENT":"f.9B2FD2DF9A9EBD12F39787CA2B3A3B3C.d.9D2F1153692D7F3ECC6A82C6B20F0F66.e.6827"}]}
RESULT: {"script":"<script> [56 bytes]","args":[{"element-6066-11e4-a52e-4f735466cecf":"f.9B2FD2DF9A9EBD12F39787CA2B3A3B3C.d.9D2F1153692D7F3ECC6A82C6B20F0F66.e.6827","ELEMENT":"f.9B2FD2DF9A9EBD12F39787CA2B3A3B3C.d.9D2F1153692D7F3ECC6A82C6B20F0F66.e.6827"}]}
COMMAND: GET /session/c72c23a71f957f5f97380492e1ede48b/element/f.9B2FD2DF9A9EBD12F39787CA2B3A3B3C.d.9D2F1153692D7F3ECC6A82C6B20F0F66.e.6826/attribute/aria-checked - {}
COMMAND: GET /session/c72c23a71f957f5f97380492e1ede48b/screenshot - {}
RESULT: {}
COMMAND: POST /session/c72c23a71f957f5f97380492e1ede48b/element - {"using":"xpath","value":"//table[contains(@id, \"listView-innerSelectionPanelTable-listUl\")]/tbody/tr[7]/td[2]/div/div"}
RESULT: {}
RESULT: {"using":"xpath","value":"//table[contains(@id, \"listView-innerSelectionPanelTable-listUl\")]/tbody/tr[7]/td[2]/div/div"}
COMMAND: POST /session/c72c23a71f957f5f97380492e1ede48b/element - {"using":"xpath","value":"//table[contains(@id, \"listView-innerSelectionPanelTable-listUl\")]/tbody/tr[7]/td[2]/div"}
RESULT: {"using":"xpath","value":"//table[contains(@id, \"listView-innerSelectionPanelTable-listUl\")]/tbody/tr[7]/td[2]/div"}
COMMAND: POST /session/c72c23a71f957f5f97380492e1ede48b/element - {"using":"xpath","value":"//table[contains(@id, \"listView-innerSelectionPanelTable-listUl\")]/tbody/tr[7]/td[3]/div/div/span/span[1]/bdi"}
RESULT: {"using":"xpath","value":"//table[contains(@id, \"listView-innerSelectionPanelTable-listUl\")]/tbody/tr[7]/td[3]/div/div/span/span[1]/bdi"}
COMMAND: POST /session/c72c23a71f957f5f97380492e1ede48b/execute/sync - {"script":"<script> [56 bytes]","args":[{"element-6066-11e4-a52e-4f735466cecf":"f.9B2FD2DF9A9EBD12F39787CA2B3A3B3C.d.9D2F1153692D7F3ECC6A82C6B20F0F66.e.6830","ELEMENT":"f.9B2FD2DF9A9EBD12F39787CA2B3A3B3C.d.9D2F1153692D7F3ECC6A82C6B20F0F66.e.6830"}]}
RESULT: {"script":"<script> [56 bytes]","args":[{"element-6066-11e4-a52e-4f735466cecf":"f.9B2FD2DF9A9EBD12F39787CA2B3A3B3C.d.9D2F1153692D7F3ECC6A82C6B20F0F66.e.6830","ELEMENT":"f.9B2FD2DF9A9EBD12F39787CA2B3A3B3C.d.9D2F1153692D7F3ECC6A82C6B20F0F66.e.6830"}]}
COMMAND: GET /session/c72c23a71f957f5f97380492e1ede48b/element/f.9B2FD2DF9A9EBD12F39787CA2B3A3B3C.d.9D2F1153692D7F3ECC6A82C6B20F0F66.e.6829/attribute/aria-checked - {}
COMMAND: GET /session/c72c23a71f957f5f97380492e1ede48b/screenshot - {}
RESULT: {}
COMMAND: POST /session/c72c23a71f957f5f97380492e1ede48b/element - {"using":"xpath","value":"//table[contains(@id, \"listView-innerSelectionPanelTable-listUl\")]/tbody/tr[8]/td[2]/div/div"}
RESULT: {}
RESULT: {"using":"xpath","value":"//table[contains(@id, \"listView-innerSelectionPanelTable-listUl\")]/tbody/tr[8]/td[2]/div/div"}
COMMAND: POST /session/c72c23a71f957f5f97380492e1ede48b/element - {"using":"xpath","value":"//table[contains(@id, \"listView-innerSelectionPanelTable-listUl\")]/tbody/tr[8]/td[2]/div"}
RESULT: {"using":"xpath","value":"//table[contains(@id, \"listView-innerSelectionPanelTable-listUl\")]/tbody/tr[8]/td[2]/div"}
COMMAND: POST /session/c72c23a71f957f5f97380492e1ede48b/element - {"using":"xpath","value":"//table[contains(@id, \"listView-innerSelectionPanelTable-listUl\")]/tbody/tr[8]/td[3]/div/div/span/span[1]/bdi"}
RESULT: {"using":"xpath","value":"//table[contains(@id, \"listView-innerSelectionPanelTable-listUl\")]/tbody/tr[8]/td[3]/div/div/span/span[1]/bdi"}
COMMAND: POST /session/c72c23a71f957f5f97380492e1ede48b/execute/sync - {"script":"<script> [56 bytes]","args":[{"element-6066-11e4-a52e-4f735466cecf":"f.9B2FD2DF9A9EBD12F39787CA2B3A3B3C.d.9D2F1153692D7F3ECC6A82C6B20F0F66.e.6833","ELEMENT":"f.9B2FD2DF9A9EBD12F39787CA2B3A3B3C.d.9D2F1153692D7F3ECC6A82C6B20F0F66.e.6833"}]}
RESULT: {"script":"<script> [56 bytes]","args":[{"element-6066-11e4-a52e-4f735466cecf":"f.9B2FD2DF9A9EBD12F39787CA2B3A3B3C.d.9D2F1153692D7F3ECC6A82C6B20F0F66.e.6833","ELEMENT":"f.9B2FD2DF9A9EBD12F39787CA2B3A3B3C.d.9D2F1153692D7F3ECC6A82C6B20F0F66.e.6833"}]}
COMMAND: GET /session/c72c23a71f957f5f97380492e1ede48b/element/f.9B2FD2DF9A9EBD12F39787CA2B3A3B3C.d.9D2F1153692D7F3ECC6A82C6B20F0F66.e.6832/attribute/aria-checked - {}
COMMAND: GET /session/c72c23a71f957f5f97380492e1ede48b/screenshot - {}
RESULT: {}
COMMAND: POST /session/c72c23a71f957f5f97380492e1ede48b/element - {"using":"xpath","value":"//table[contains(@id, \"listView-innerSelectionPanelTable-listUl\")]/tbody/tr[9]/td[2]/div/div"}
RESULT: {}
RESULT: {"using":"xpath","value":"//table[contains(@id, \"listView-innerSelectionPanelTable-listUl\")]/tbody/tr[9]/td[2]/div/div"}
COMMAND: POST /session/c72c23a71f957f5f97380492e1ede48b/element - {"using":"xpath","value":"//table[contains(@id, \"listView-innerSelectionPanelTable-listUl\")]/tbody/tr[9]/td[2]/div"}
RESULT: {"using":"xpath","value":"//table[contains(@id, \"listView-innerSelectionPanelTable-listUl\")]/tbody/tr[9]/td[2]/div"}
COMMAND: POST /session/c72c23a71f957f5f97380492e1ede48b/element - {"using":"xpath","value":"//table[contains(@id, \"listView-innerSelectionPanelTable-listUl\")]/tbody/tr[9]/td[3]/div/div/span/span[1]/bdi"}
RESULT: {"using":"xpath","value":"//table[contains(@id, \"listView-innerSelectionPanelTable-listUl\")]/tbody/tr[9]/td[3]/div/div/span/span[1]/bdi"}
COMMAND: POST /session/c72c23a71f957f5f97380492e1ede48b/execute/sync - {"script":"<script> [56 bytes]","args":[{"element-6066-11e4-a52e-4f735466cecf":"f.9B2FD2DF9A9EBD12F39787CA2B3A3B3C.d.9D2F1153692D7F3ECC6A82C6B20F0F66.e.6836","ELEMENT":"f.9B2FD2DF9A9EBD12F39787CA2B3A3B3C.d.9D2F1153692D7F3ECC6A82C6B20F0F66.e.6836"}]}
RESULT: {"script":"<script> [56 bytes]","args":[{"element-6066-11e4-a52e-4f735466cecf":"f.9B2FD2DF9A9EBD12F39787CA2B3A3B3C.d.9D2F1153692D7F3ECC6A82C6B20F0F66.e.6836","ELEMENT":"f.9B2FD2DF9A9EBD12F39787CA2B3A3B3C.d.9D2F1153692D7F3ECC6A82C6B20F0F66.e.6836"}]}
COMMAND: GET /session/c72c23a71f957f5f97380492e1ede48b/element/f.9B2FD2DF9A9EBD12F39787CA2B3A3B3C.d.9D2F1153692D7F3ECC6A82C6B20F0F66.e.6835/attribute/aria-checked - {}
COMMAND: GET /session/c72c23a71f957f5f97380492e1ede48b/screenshot - {}
RESULT: {}
COMMAND: POST /session/c72c23a71f957f5f97380492e1ede48b/element - {"using":"xpath","value":"//table[contains(@id, \"listView-innerSelectionPanelTable-listUl\")]/tbody/tr[10]/td[2]/div/div"}
RESULT: {}
RESULT: {"using":"xpath","value":"//table[contains(@id, \"listView-innerSelectionPanelTable-listUl\")]/tbody/tr[10]/td[2]/div/div"}
COMMAND: POST /session/c72c23a71f957f5f97380492e1ede48b/element - {"using":"xpath","value":"//table[contains(@id, \"listView-innerSelectionPanelTable-listUl\")]/tbody/tr[10]/td[2]/div"}
RESULT: {"using":"xpath","value":"//table[contains(@id, \"listView-innerSelectionPanelTable-listUl\")]/tbody/tr[10]/td[2]/div"}
COMMAND: POST /session/c72c23a71f957f5f97380492e1ede48b/element - {"using":"xpath","value":"//table[contains(@id, \"listView-innerSelectionPanelTable-listUl\")]/tbody/tr[10]/td[3]/div/div/span/span[1]/bdi"}
RESULT: {"using":"xpath","value":"//table[contains(@id, \"listView-innerSelectionPanelTable-listUl\")]/tbody/tr[10]/td[3]/div/div/span/span[1]/bdi"}
COMMAND: POST /session/c72c23a71f957f5f97380492e1ede48b/execute/sync - {"script":"<script> [56 bytes]","args":[{"element-6066-11e4-a52e-4f735466cecf":"f.9B2FD2DF9A9EBD12F39787CA2B3A3B3C.d.9D2F1153692D7F3ECC6A82C6B20F0F66.e.6839","ELEMENT":"f.9B2FD2DF9A9EBD12F39787CA2B3A3B3C.d.9D2F1153692D7F3ECC6A82C6B20F0F66.e.6839"}]}
RESULT: {"script":"<script> [56 bytes]","args":[{"element-6066-11e4-a52e-4f735466cecf":"f.9B2FD2DF9A9EBD12F39787CA2B3A3B3C.d.9D2F1153692D7F3ECC6A82C6B20F0F66.e.6839","ELEMENT":"f.9B2FD2DF9A9EBD12F39787CA2B3A3B3C.d.9D2F1153692D7F3ECC6A82C6B20F0F66.e.6839"}]}
COMMAND: GET /session/c72c23a71f957f5f97380492e1ede48b/element/f.9B2FD2DF9A9EBD12F39787CA2B3A3B3C.d.9D2F1153692D7F3ECC6A82C6B20F0F66.e.6838/attribute/aria-checked - {}
COMMAND: GET /session/c72c23a71f957f5f97380492e1ede48b/screenshot - {}
RESULT: {}
COMMAND: POST /session/c72c23a71f957f5f97380492e1ede48b/element - {"using":"xpath","value":"//table[contains(@id, \"listView-innerSelectionPanelTable-listUl\")]/tbody/tr[11]/td[2]/div/div"}
RESULT: {}
RESULT: {"using":"xpath","value":"//table[contains(@id, \"listView-innerSelectionPanelTable-listUl\")]/tbody/tr[11]/td[2]/div/div"}
COMMAND: POST /session/c72c23a71f957f5f97380492e1ede48b/element - {"using":"xpath","value":"//table[contains(@id, \"listView-innerSelectionPanelTable-listUl\")]/tbody/tr[11]/td[2]/div"}
RESULT: {"using":"xpath","value":"//table[contains(@id, \"listView-innerSelectionPanelTable-listUl\")]/tbody/tr[11]/td[2]/div"}
COMMAND: POST /session/c72c23a71f957f5f97380492e1ede48b/element - {"using":"xpath","value":"//table[contains(@id, \"listView-innerSelectionPanelTable-listUl\")]/tbody/tr[11]/td[3]/div/div/span/span[1]/bdi"}
RESULT: {"using":"xpath","value":"//table[contains(@id, \"listView-innerSelectionPanelTable-listUl\")]/tbody/tr[11]/td[3]/div/div/span/span[1]/bdi"}
COMMAND: POST /session/c72c23a71f957f5f97380492e1ede48b/execute/sync - {"script":"<script> [56 bytes]","args":[{"element-6066-11e4-a52e-4f735466cecf":"f.9B2FD2DF9A9EBD12F39787CA2B3A3B3C.d.9D2F1153692D7F3ECC6A82C6B20F0F66.e.6842","ELEMENT":"f.9B2FD2DF9A9EBD12F39787CA2B3A3B3C.d.9D2F1153692D7F3ECC6A82C6B20F0F66.e.6842"}]}
RESULT: {"script":"<script> [56 bytes]","args":[{"element-6066-11e4-a52e-4f735466cecf":"f.9B2FD2DF9A9EBD12F39787CA2B3A3B3C.d.9D2F1153692D7F3ECC6A82C6B20F0F66.e.6842","ELEMENT":"f.9B2FD2DF9A9EBD12F39787CA2B3A3B3C.d.9D2F1153692D7F3ECC6A82C6B20F0F66.e.6842"}]}
COMMAND: GET /session/c72c23a71f957f5f97380492e1ede48b/element/f.9B2FD2DF9A9EBD12F39787CA2B3A3B3C.d.9D2F1153692D7F3ECC6A82C6B20F0F66.e.6841/attribute/aria-checked - {}
COMMAND: GET /session/c72c23a71f957f5f97380492e1ede48b/screenshot - {}
RESULT: {}
COMMAND: POST /session/c72c23a71f957f5f97380492e1ede48b/element - {"using":"xpath","value":"//table[contains(@id, \"listView-innerSelectionPanelTable-listUl\")]/tbody/tr[12]/td[2]/div/div"}
RESULT: {}
RESULT: {"using":"xpath","value":"//table[contains(@id, \"listView-innerSelectionPanelTable-listUl\")]/tbody/tr[12]/td[2]/div/div"}
COMMAND: POST /session/c72c23a71f957f5f97380492e1ede48b/element - {"using":"xpath","value":"//table[contains(@id, \"listView-innerSelectionPanelTable-listUl\")]/tbody/tr[12]/td[2]/div"}
RESULT: {"using":"xpath","value":"//table[contains(@id, \"listView-innerSelectionPanelTable-listUl\")]/tbody/tr[12]/td[2]/div"}
COMMAND: POST /session/c72c23a71f957f5f97380492e1ede48b/element - {"using":"xpath","value":"//table[contains(@id, \"listView-innerSelectionPanelTable-listUl\")]/tbody/tr[12]/td[3]/div/div/span/span[1]/bdi"}
RESULT: {"using":"xpath","value":"//table[contains(@id, \"listView-innerSelectionPanelTable-listUl\")]/tbody/tr[12]/td[3]/div/div/span/span[1]/bdi"}
COMMAND: POST /session/c72c23a71f957f5f97380492e1ede48b/execute/sync - {"script":"<script> [56 bytes]","args":[{"element-6066-11e4-a52e-4f735466cecf":"f.9B2FD2DF9A9EBD12F39787CA2B3A3B3C.d.9D2F1153692D7F3ECC6A82C6B20F0F66.e.6845","ELEMENT":"f.9B2FD2DF9A9EBD12F39787CA2B3A3B3C.d.9D2F1153692D7F3ECC6A82C6B20F0F66.e.6845"}]}
RESULT: {"script":"<script> [56 bytes]","args":[{"element-6066-11e4-a52e-4f735466cecf":"f.9B2FD2DF9A9EBD12F39787CA2B3A3B3C.d.9D2F1153692D7F3ECC6A82C6B20F0F66.e.6845","ELEMENT":"f.9B2FD2DF9A9EBD12F39787CA2B3A3B3C.d.9D2F1153692D7F3ECC6A82C6B20F0F66.e.6845"}]}
COMMAND: GET /session/c72c23a71f957f5f97380492e1ede48b/element/f.9B2FD2DF9A9EBD12F39787CA2B3A3B3C.d.9D2F1153692D7F3ECC6A82C6B20F0F66.e.6844/attribute/aria-checked - {}
COMMAND: GET /session/c72c23a71f957f5f97380492e1ede48b/screenshot - {}
RESULT: {}
COMMAND: POST /session/c72c23a71f957f5f97380492e1ede48b/element - {"using":"xpath","value":"//table[contains(@id, \"listView-innerSelectionPanelTable-listUl\")]/tbody/tr[13]/td[2]/div/div"}
RESULT: {}
RESULT: {"using":"xpath","value":"//table[contains(@id, \"listView-innerSelectionPanelTable-listUl\")]/tbody/tr[13]/td[2]/div/div"}
COMMAND: POST /session/c72c23a71f957f5f97380492e1ede48b/element - {"using":"xpath","value":"//table[contains(@id, \"listView-innerSelectionPanelTable-listUl\")]/tbody/tr[13]/td[2]/div"}
RESULT: {"using":"xpath","value":"//table[contains(@id, \"listView-innerSelectionPanelTable-listUl\")]/tbody/tr[13]/td[2]/div"}
COMMAND: POST /session/c72c23a71f957f5f97380492e1ede48b/element - {"using":"xpath","value":"//table[contains(@id, \"listView-innerSelectionPanelTable-listUl\")]/tbody/tr[13]/td[3]/div/div/span/span[1]/bdi"}
RESULT: {"using":"xpath","value":"//table[contains(@id, \"listView-innerSelectionPanelTable-listUl\")]/tbody/tr[13]/td[3]/div/div/span/span[1]/bdi"}
COMMAND: POST /session/c72c23a71f957f5f97380492e1ede48b/execute/sync - {"script":"<script> [56 bytes]","args":[{"element-6066-11e4-a52e-4f735466cecf":"f.9B2FD2DF9A9EBD12F39787CA2B3A3B3C.d.9D2F1153692D7F3ECC6A82C6B20F0F66.e.6848","ELEMENT":"f.9B2FD2DF9A9EBD12F39787CA2B3A3B3C.d.9D2F1153692D7F3ECC6A82C6B20F0F66.e.6848"}]}
RESULT: {"script":"<script> [56 bytes]","args":[{"element-6066-11e4-a52e-4f735466cecf":"f.9B2FD2DF9A9EBD12F39787CA2B3A3B3C.d.9D2F1153692D7F3ECC6A82C6B20F0F66.e.6848","ELEMENT":"f.9B2FD2DF9A9EBD12F39787CA2B3A3B3C.d.9D2F1153692D7F3ECC6A82C6B20F0F66.e.6848"}]}
COMMAND: GET /session/c72c23a71f957f5f97380492e1ede48b/element/f.9B2FD2DF9A9EBD12F39787CA2B3A3B3C.d.9D2F1153692D7F3ECC6A82C6B20F0F66.e.6847/attribute/aria-checked - {}
COMMAND: GET /session/c72c23a71f957f5f97380492e1ede48b/screenshot - {}
RESULT: {}
COMMAND: POST /session/c72c23a71f957f5f97380492e1ede48b/element - {"using":"xpath","value":"//table[contains(@id, \"listView-innerSelectionPanelTable-listUl\")]/tbody/tr[14]/td[2]/div/div"}
COMMAND: POST /session/c72c23a71f957f5f97380492e1ede48b/element/f.9B2FD2DF9A9EBD12F39787CA2B3A3B3C.d.9D2F1153692D7F3ECC6A82C6B20F0F66.e.6846/click - {}
RESULT: {}
RESULT: {"using":"xpath","value":"//table[contains(@id, \"listView-innerSelectionPanelTable-listUl\")]/tbody/tr[14]/td[2]/div/div"}
COMMAND: POST /session/c72c23a71f957f5f97380492e1ede48b/element - {"using":"xpath","value":"//table[contains(@id, \"listView-innerSelectionPanelTable-listUl\")]/tbody/tr[14]/td[2]/div"}
RESULT: {}
COMMAND: GET /session/c72c23a71f957f5f97380492e1ede48b/screenshot - {}
RESULT: {"using":"xpath","value":"//table[contains(@id, \"listView-innerSelectionPanelTable-listUl\")]/tbody/tr[14]/td[2]/div"}
COMMAND: POST /session/c72c23a71f957f5f97380492e1ede48b/element - {"using":"xpath","value":"//table[contains(@id, \"listView-innerSelectionPanelTable-listUl\")]/tbody/tr[14]/td[3]/div/div/span/span[1]/bdi"}
RESULT: {}
RESULT: {"using":"xpath","value":"//table[contains(@id, \"listView-innerSelectionPanelTable-listUl\")]/tbody/tr[14]/td[3]/div/div/span/span[1]/bdi"}
COMMAND: POST /session/c72c23a71f957f5f97380492e1ede48b/execute/sync - {"script":"<script> [56 bytes]","args":[{"element-6066-11e4-a52e-4f735466cecf":"f.9B2FD2DF9A9EBD12F39787CA2B3A3B3C.d.9D2F1153692D7F3ECC6A82C6B20F0F66.e.6852","ELEMENT":"f.9B2FD2DF9A9EBD12F39787CA2B3A3B3C.d.9D2F1153692D7F3ECC6A82C6B20F0F66.e.6852"}]}
RESULT: {"script":"<script> [56 bytes]","args":[{"element-6066-11e4-a52e-4f735466cecf":"f.9B2FD2DF9A9EBD12F39787CA2B3A3B3C.d.9D2F1153692D7F3ECC6A82C6B20F0F66.e.6852","ELEMENT":"f.9B2FD2DF9A9EBD12F39787CA2B3A3B3C.d.9D2F1153692D7F3ECC6A82C6B20F0F66.e.6852"}]}
COMMAND: GET /session/c72c23a71f957f5f97380492e1ede48b/element/f.9B2FD2DF9A9EBD12F39787CA2B3A3B3C.d.9D2F1153692D7F3ECC6A82C6B20F0F66.e.6851/attribute/aria-checked - {}
COMMAND: GET /session/c72c23a71f957f5f97380492e1ede48b/screenshot - {}
RESULT: {}
COMMAND: POST /session/c72c23a71f957f5f97380492e1ede48b/element - {"using":"xpath","value":"//table[contains(@id, \"listView-innerSelectionPanelTable-listUl\")]/tbody/tr[15]/td[2]/div/div"}
RESULT: {}
RESULT: {"using":"xpath","value":"//table[contains(@id, \"listView-innerSelectionPanelTable-listUl\")]/tbody/tr[15]/td[2]/div/div"}
COMMAND: POST /session/c72c23a71f957f5f97380492e1ede48b/element - {"using":"xpath","value":"//table[contains(@id, \"listView-innerSelectionPanelTable-listUl\")]/tbody/tr[15]/td[2]/div"}
RESULT: {"using":"xpath","value":"//table[contains(@id, \"listView-innerSelectionPanelTable-listUl\")]/tbody/tr[15]/td[2]/div"}
COMMAND: POST /session/c72c23a71f957f5f97380492e1ede48b/element - {"using":"xpath","value":"//table[contains(@id, \"listView-innerSelectionPanelTable-listUl\")]/tbody/tr[15]/td[3]/div/div/span/span[1]/bdi"}
RESULT: {"using":"xpath","value":"//table[contains(@id, \"listView-innerSelectionPanelTable-listUl\")]/tbody/tr[15]/td[3]/div/div/span/span[1]/bdi"}
COMMAND: POST /session/c72c23a71f957f5f97380492e1ede48b/execute/sync - {"script":"<script> [56 bytes]","args":[{"element-6066-11e4-a52e-4f735466cecf":"f.9B2FD2DF9A9EBD12F39787CA2B3A3B3C.d.9D2F1153692D7F3ECC6A82C6B20F0F66.e.6855","ELEMENT":"f.9B2FD2DF9A9EBD12F39787CA2B3A3B3C.d.9D2F1153692D7F3ECC6A82C6B20F0F66.e.6855"}]}
RESULT: {"script":"<script> [56 bytes]","args":[{"element-6066-11e4-a52e-4f735466cecf":"f.9B2FD2DF9A9EBD12F39787CA2B3A3B3C.d.9D2F1153692D7F3ECC6A82C6B20F0F66.e.6855","ELEMENT":"f.9B2FD2DF9A9EBD12F39787CA2B3A3B3C.d.9D2F1153692D7F3ECC6A82C6B20F0F66.e.6855"}]}
COMMAND: GET /session/c72c23a71f957f5f97380492e1ede48b/element/f.9B2FD2DF9A9EBD12F39787CA2B3A3B3C.d.9D2F1153692D7F3ECC6A82C6B20F0F66.e.6854/attribute/aria-checked - {}
COMMAND: GET /session/c72c23a71f957f5f97380492e1ede48b/screenshot - {}
RESULT: {}
COMMAND: POST /session/c72c23a71f957f5f97380492e1ede48b/element - {"using":"xpath","value":"//table[contains(@id, \"listView-innerSelectionPanelTable-listUl\")]/tbody/tr[16]/td[2]/div/div"}
RESULT: {}
RESULT: {"using":"xpath","value":"//table[contains(@id, \"listView-innerSelectionPanelTable-listUl\")]/tbody/tr[16]/td[2]/div/div"}
COMMAND: POST /session/c72c23a71f957f5f97380492e1ede48b/element - {"using":"xpath","value":"//table[contains(@id, \"listView-innerSelectionPanelTable-listUl\")]/tbody/tr[16]/td[2]/div"}
RESULT: {"using":"xpath","value":"//table[contains(@id, \"listView-innerSelectionPanelTable-listUl\")]/tbody/tr[16]/td[2]/div"}
COMMAND: POST /session/c72c23a71f957f5f97380492e1ede48b/element - {"using":"xpath","value":"//table[contains(@id, \"listView-innerSelectionPanelTable-listUl\")]/tbody/tr[16]/td[3]/div/div/span/span[1]/bdi"}
RESULT: {"using":"xpath","value":"//table[contains(@id, \"listView-innerSelectionPanelTable-listUl\")]/tbody/tr[16]/td[3]/div/div/span/span[1]/bdi"}
COMMAND: POST /session/c72c23a71f957f5f97380492e1ede48b/execute/sync - {"script":"<script> [56 bytes]","args":[{"element-6066-11e4-a52e-4f735466cecf":"f.9B2FD2DF9A9EBD12F39787CA2B3A3B3C.d.9D2F1153692D7F3ECC6A82C6B20F0F66.e.6858","ELEMENT":"f.9B2FD2DF9A9EBD12F39787CA2B3A3B3C.d.9D2F1153692D7F3ECC6A82C6B20F0F66.e.6858"}]}
RESULT: {"script":"<script> [56 bytes]","args":[{"element-6066-11e4-a52e-4f735466cecf":"f.9B2FD2DF9A9EBD12F39787CA2B3A3B3C.d.9D2F1153692D7F3ECC6A82C6B20F0F66.e.6858","ELEMENT":"f.9B2FD2DF9A9EBD12F39787CA2B3A3B3C.d.9D2F1153692D7F3ECC6A82C6B20F0F66.e.6858"}]}
COMMAND: GET /session/c72c23a71f957f5f97380492e1ede48b/element/f.9B2FD2DF9A9EBD12F39787CA2B3A3B3C.d.9D2F1153692D7F3ECC6A82C6B20F0F66.e.6857/attribute/aria-checked - {}
COMMAND: GET /session/c72c23a71f957f5f97380492e1ede48b/screenshot - {}
RESULT: {}
COMMAND: POST /session/c72c23a71f957f5f97380492e1ede48b/element - {"using":"xpath","value":"//table[contains(@id, \"listView-innerSelectionPanelTable-listUl\")]/tbody/tr[17]/td[2]/div/div"}
RESULT: {}
RESULT: {"using":"xpath","value":"//table[contains(@id, \"listView-innerSelectionPanelTable-listUl\")]/tbody/tr[17]/td[2]/div/div"}
COMMAND: POST /session/c72c23a71f957f5f97380492e1ede48b/element - {"using":"xpath","value":"//table[contains(@id, \"listView-innerSelectionPanelTable-listUl\")]/tbody/tr[17]/td[2]/div"}
RESULT: {"using":"xpath","value":"//table[contains(@id, \"listView-innerSelectionPanelTable-listUl\")]/tbody/tr[17]/td[2]/div"}
COMMAND: POST /session/c72c23a71f957f5f97380492e1ede48b/element - {"using":"xpath","value":"//table[contains(@id, \"listView-innerSelectionPanelTable-listUl\")]/tbody/tr[17]/td[3]/div/div/span/span[1]/bdi"}
RESULT: {"using":"xpath","value":"//table[contains(@id, \"listView-innerSelectionPanelTable-listUl\")]/tbody/tr[17]/td[3]/div/div/span/span[1]/bdi"}
COMMAND: POST /session/c72c23a71f957f5f97380492e1ede48b/execute/sync - {"script":"<script> [56 bytes]","args":[{"element-6066-11e4-a52e-4f735466cecf":"f.9B2FD2DF9A9EBD12F39787CA2B3A3B3C.d.9D2F1153692D7F3ECC6A82C6B20F0F66.e.6861","ELEMENT":"f.9B2FD2DF9A9EBD12F39787CA2B3A3B3C.d.9D2F1153692D7F3ECC6A82C6B20F0F66.e.6861"}]}
RESULT: {"script":"<script> [56 bytes]","args":[{"element-6066-11e4-a52e-4f735466cecf":"f.9B2FD2DF9A9EBD12F39787CA2B3A3B3C.d.9D2F1153692D7F3ECC6A82C6B20F0F66.e.6861","ELEMENT":"f.9B2FD2DF9A9EBD12F39787CA2B3A3B3C.d.9D2F1153692D7F3ECC6A82C6B20F0F66.e.6861"}]}
COMMAND: GET /session/c72c23a71f957f5f97380492e1ede48b/element/f.9B2FD2DF9A9EBD12F39787CA2B3A3B3C.d.9D2F1153692D7F3ECC6A82C6B20F0F66.e.6860/attribute/aria-checked - {}
COMMAND: GET /session/c72c23a71f957f5f97380492e1ede48b/screenshot - {}
RESULT: {}
COMMAND: POST /session/c72c23a71f957f5f97380492e1ede48b/element - {"using":"xpath","value":"//table[contains(@id, \"listView-innerSelectionPanelTable-listUl\")]/tbody/tr[18]/td[2]/div/div"}
RESULT: {}
RESULT: {"using":"xpath","value":"//table[contains(@id, \"listView-innerSelectionPanelTable-listUl\")]/tbody/tr[18]/td[2]/div/div"}
COMMAND: POST /session/c72c23a71f957f5f97380492e1ede48b/element - {"using":"xpath","value":"//table[contains(@id, \"listView-innerSelectionPanelTable-listUl\")]/tbody/tr[18]/td[2]/div"}
RESULT: {"using":"xpath","value":"//table[contains(@id, \"listView-innerSelectionPanelTable-listUl\")]/tbody/tr[18]/td[2]/div"}
COMMAND: POST /session/c72c23a71f957f5f97380492e1ede48b/element - {"using":"xpath","value":"//table[contains(@id, \"listView-innerSelectionPanelTable-listUl\")]/tbody/tr[18]/td[3]/div/div/span/span[1]/bdi"}
RESULT: {"using":"xpath","value":"//table[contains(@id, \"listView-innerSelectionPanelTable-listUl\")]/tbody/tr[18]/td[3]/div/div/span/span[1]/bdi"}
COMMAND: POST /session/c72c23a71f957f5f97380492e1ede48b/execute/sync - {"script":"<script> [56 bytes]","args":[{"element-6066-11e4-a52e-4f735466cecf":"f.9B2FD2DF9A9EBD12F39787CA2B3A3B3C.d.9D2F1153692D7F3ECC6A82C6B20F0F66.e.6864","ELEMENT":"f.9B2FD2DF9A9EBD12F39787CA2B3A3B3C.d.9D2F1153692D7F3ECC6A82C6B20F0F66.e.6864"}]}
RESULT: {"script":"<script> [56 bytes]","args":[{"element-6066-11e4-a52e-4f735466cecf":"f.9B2FD2DF9A9EBD12F39787CA2B3A3B3C.d.9D2F1153692D7F3ECC6A82C6B20F0F66.e.6864","ELEMENT":"f.9B2FD2DF9A9EBD12F39787CA2B3A3B3C.d.9D2F1153692D7F3ECC6A82C6B20F0F66.e.6864"}]}
COMMAND: GET /session/c72c23a71f957f5f97380492e1ede48b/element/f.9B2FD2DF9A9EBD12F39787CA2B3A3B3C.d.9D2F1153692D7F3ECC6A82C6B20F0F66.e.6863/attribute/aria-checked - {}
COMMAND: GET /session/c72c23a71f957f5f97380492e1ede48b/screenshot - {}
RESULT: {}
COMMAND: POST /session/c72c23a71f957f5f97380492e1ede48b/element - {"using":"xpath","value":"//table[contains(@id, \"listView-innerSelectionPanelTable-listUl\")]/tbody/tr[19]/td[2]/div/div"}
RESULT: {}
RESULT: {"using":"xpath","value":"//table[contains(@id, \"listView-innerSelectionPanelTable-listUl\")]/tbody/tr[19]/td[2]/div/div"}
COMMAND: POST /session/c72c23a71f957f5f97380492e1ede48b/element - {"using":"xpath","value":"//table[contains(@id, \"listView-innerSelectionPanelTable-listUl\")]/tbody/tr[19]/td[2]/div"}
RESULT: {"using":"xpath","value":"//table[contains(@id, \"listView-innerSelectionPanelTable-listUl\")]/tbody/tr[19]/td[2]/div"}
COMMAND: POST /session/c72c23a71f957f5f97380492e1ede48b/element - {"using":"xpath","value":"//table[contains(@id, \"listView-innerSelectionPanelTable-listUl\")]/tbody/tr[19]/td[3]/div/div/span/span[1]/bdi"}
RESULT: {"using":"xpath","value":"//table[contains(@id, \"listView-innerSelectionPanelTable-listUl\")]/tbody/tr[19]/td[3]/div/div/span/span[1]/bdi"}
COMMAND: POST /session/c72c23a71f957f5f97380492e1ede48b/execute/sync - {"script":"<script> [56 bytes]","args":[{"element-6066-11e4-a52e-4f735466cecf":"f.9B2FD2DF9A9EBD12F39787CA2B3A3B3C.d.9D2F1153692D7F3ECC6A82C6B20F0F66.e.6867","ELEMENT":"f.9B2FD2DF9A9EBD12F39787CA2B3A3B3C.d.9D2F1153692D7F3ECC6A82C6B20F0F66.e.6867"}]}
RESULT: {"script":"<script> [56 bytes]","args":[{"element-6066-11e4-a52e-4f735466cecf":"f.9B2FD2DF9A9EBD12F39787CA2B3A3B3C.d.9D2F1153692D7F3ECC6A82C6B20F0F66.e.6867","ELEMENT":"f.9B2FD2DF9A9EBD12F39787CA2B3A3B3C.d.9D2F1153692D7F3ECC6A82C6B20F0F66.e.6867"}]}
COMMAND: GET /session/c72c23a71f957f5f97380492e1ede48b/element/f.9B2FD2DF9A9EBD12F39787CA2B3A3B3C.d.9D2F1153692D7F3ECC6A82C6B20F0F66.e.6866/attribute/aria-checked - {}
COMMAND: GET /session/c72c23a71f957f5f97380492e1ede48b/screenshot - {}
RESULT: {}
COMMAND: POST /session/c72c23a71f957f5f97380492e1ede48b/element - {"using":"xpath","value":"//table[contains(@id, \"listView-innerSelectionPanelTable-listUl\")]/tbody/tr[20]/td[2]/div/div"}
RESULT: {}
RESULT: {"using":"xpath","value":"//table[contains(@id, \"listView-innerSelectionPanelTable-listUl\")]/tbody/tr[20]/td[2]/div/div"}
COMMAND: POST /session/c72c23a71f957f5f97380492e1ede48b/element - {"using":"xpath","value":"//table[contains(@id, \"listView-innerSelectionPanelTable-listUl\")]/tbody/tr[20]/td[2]/div"}
RESULT: {"using":"xpath","value":"//table[contains(@id, \"listView-innerSelectionPanelTable-listUl\")]/tbody/tr[20]/td[2]/div"}
COMMAND: POST /session/c72c23a71f957f5f97380492e1ede48b/element - {"using":"xpath","value":"//table[contains(@id, \"listView-innerSelectionPanelTable-listUl\")]/tbody/tr[20]/td[3]/div/div/span/span[1]/bdi"}
RESULT: {"using":"xpath","value":"//table[contains(@id, \"listView-innerSelectionPanelTable-listUl\")]/tbody/tr[20]/td[3]/div/div/span/span[1]/bdi"}
COMMAND: POST /session/c72c23a71f957f5f97380492e1ede48b/execute/sync - {"script":"<script> [56 bytes]","args":[{"element-6066-11e4-a52e-4f735466cecf":"f.9B2FD2DF9A9EBD12F39787CA2B3A3B3C.d.9D2F1153692D7F3ECC6A82C6B20F0F66.e.6870","ELEMENT":"f.9B2FD2DF9A9EBD12F39787CA2B3A3B3C.d.9D2F1153692D7F3ECC6A82C6B20F0F66.e.6870"}]}
RESULT: {"script":"<script> [56 bytes]","args":[{"element-6066-11e4-a52e-4f735466cecf":"f.9B2FD2DF9A9EBD12F39787CA2B3A3B3C.d.9D2F1153692D7F3ECC6A82C6B20F0F66.e.6870","ELEMENT":"f.9B2FD2DF9A9EBD12F39787CA2B3A3B3C.d.9D2F1153692D7F3ECC6A82C6B20F0F66.e.6870"}]}
COMMAND: GET /session/c72c23a71f957f5f97380492e1ede48b/element/f.9B2FD2DF9A9EBD12F39787CA2B3A3B3C.d.9D2F1153692D7F3ECC6A82C6B20F0F66.e.6869/attribute/aria-checked - {}
COMMAND: GET /session/c72c23a71f957f5f97380492e1ede48b/screenshot - {}
RESULT: {}
COMMAND: POST /session/c72c23a71f957f5f97380492e1ede48b/element - {"using":"xpath","value":"//table[contains(@id, \"listView-innerSelectionPanelTable-listUl\")]/tbody/tr[21]/td[2]/div/div"}
RESULT: {}
RESULT: {"using":"xpath","value":"//table[contains(@id, \"listView-innerSelectionPanelTable-listUl\")]/tbody/tr[21]/td[2]/div/div"}
COMMAND: POST /session/c72c23a71f957f5f97380492e1ede48b/element - {"using":"xpath","value":"//table[contains(@id, \"listView-innerSelectionPanelTable-listUl\")]/tbody/tr[21]/td[2]/div"}
RESULT: {"using":"xpath","value":"//table[contains(@id, \"listView-innerSelectionPanelTable-listUl\")]/tbody/tr[21]/td[2]/div"}
COMMAND: POST /session/c72c23a71f957f5f97380492e1ede48b/element - {"using":"xpath","value":"//table[contains(@id, \"listView-innerSelectionPanelTable-listUl\")]/tbody/tr[21]/td[3]/div/div/span/span[1]/bdi"}
RESULT: {"using":"xpath","value":"//table[contains(@id, \"listView-innerSelectionPanelTable-listUl\")]/tbody/tr[21]/td[3]/div/div/span/span[1]/bdi"}
COMMAND: POST /session/c72c23a71f957f5f97380492e1ede48b/execute/sync - {"script":"<script> [56 bytes]","args":[{"element-6066-11e4-a52e-4f735466cecf":"f.9B2FD2DF9A9EBD12F39787CA2B3A3B3C.d.9D2F1153692D7F3ECC6A82C6B20F0F66.e.6873","ELEMENT":"f.9B2FD2DF9A9EBD12F39787CA2B3A3B3C.d.9D2F1153692D7F3ECC6A82C6B20F0F66.e.6873"}]}
RESULT: {"script":"<script> [56 bytes]","args":[{"element-6066-11e4-a52e-4f735466cecf":"f.9B2FD2DF9A9EBD12F39787CA2B3A3B3C.d.9D2F1153692D7F3ECC6A82C6B20F0F66.e.6873","ELEMENT":"f.9B2FD2DF9A9EBD12F39787CA2B3A3B3C.d.9D2F1153692D7F3ECC6A82C6B20F0F66.e.6873"}]}
COMMAND: GET /session/c72c23a71f957f5f97380492e1ede48b/element/f.9B2FD2DF9A9EBD12F39787CA2B3A3B3C.d.9D2F1153692D7F3ECC6A82C6B20F0F66.e.6872/attribute/aria-checked - {}
COMMAND: GET /session/c72c23a71f957f5f97380492e1ede48b/screenshot - {}
RESULT: {}
COMMAND: POST /session/c72c23a71f957f5f97380492e1ede48b/element - {"using":"xpath","value":"//table[contains(@id, \"listView-innerSelectionPanelTable-listUl\")]/tbody/tr[22]/td[2]/div/div"}
RESULT: {}
RESULT: {"using":"xpath","value":"//table[contains(@id, \"listView-innerSelectionPanelTable-listUl\")]/tbody/tr[22]/td[2]/div/div"}
COMMAND: POST /session/c72c23a71f957f5f97380492e1ede48b/element - {"using":"xpath","value":"//table[contains(@id, \"listView-innerSelectionPanelTable-listUl\")]/tbody/tr[22]/td[2]/div"}
RESULT: {"using":"xpath","value":"//table[contains(@id, \"listView-innerSelectionPanelTable-listUl\")]/tbody/tr[22]/td[2]/div"}
COMMAND: POST /session/c72c23a71f957f5f97380492e1ede48b/element - {"using":"xpath","value":"//table[contains(@id, \"listView-innerSelectionPanelTable-listUl\")]/tbody/tr[22]/td[3]/div/div/span/span[1]/bdi"}
RESULT: {"using":"xpath","value":"//table[contains(@id, \"listView-innerSelectionPanelTable-listUl\")]/tbody/tr[22]/td[3]/div/div/span/span[1]/bdi"}
COMMAND: POST /session/c72c23a71f957f5f97380492e1ede48b/execute/sync - {"script":"<script> [56 bytes]","args":[{"element-6066-11e4-a52e-4f735466cecf":"f.9B2FD2DF9A9EBD12F39787CA2B3A3B3C.d.9D2F1153692D7F3ECC6A82C6B20F0F66.e.6876","ELEMENT":"f.9B2FD2DF9A9EBD12F39787CA2B3A3B3C.d.9D2F1153692D7F3ECC6A82C6B20F0F66.e.6876"}]}
RESULT: {"script":"<script> [56 bytes]","args":[{"element-6066-11e4-a52e-4f735466cecf":"f.9B2FD2DF9A9EBD12F39787CA2B3A3B3C.d.9D2F1153692D7F3ECC6A82C6B20F0F66.e.6876","ELEMENT":"f.9B2FD2DF9A9EBD12F39787CA2B3A3B3C.d.9D2F1153692D7F3ECC6A82C6B20F0F66.e.6876"}]}
COMMAND: GET /session/c72c23a71f957f5f97380492e1ede48b/element/f.9B2FD2DF9A9EBD12F39787CA2B3A3B3C.d.9D2F1153692D7F3ECC6A82C6B20F0F66.e.6875/attribute/aria-checked - {}
COMMAND: GET /session/c72c23a71f957f5f97380492e1ede48b/screenshot - {}
RESULT: {}
COMMAND: POST /session/c72c23a71f957f5f97380492e1ede48b/element - {"using":"xpath","value":"//table[contains(@id, \"listView-innerSelectionPanelTable-listUl\")]/tbody/tr[23]/td[2]/div/div"}
RESULT: {}
RESULT: {"using":"xpath","value":"//table[contains(@id, \"listView-innerSelectionPanelTable-listUl\")]/tbody/tr[23]/td[2]/div/div"}
COMMAND: POST /session/c72c23a71f957f5f97380492e1ede48b/element - {"using":"xpath","value":"//table[contains(@id, \"listView-innerSelectionPanelTable-listUl\")]/tbody/tr[23]/td[2]/div"}
RESULT: {"using":"xpath","value":"//table[contains(@id, \"listView-innerSelectionPanelTable-listUl\")]/tbody/tr[23]/td[2]/div"}
COMMAND: POST /session/c72c23a71f957f5f97380492e1ede48b/element - {"using":"xpath","value":"//table[contains(@id, \"listView-innerSelectionPanelTable-listUl\")]/tbody/tr[23]/td[3]/div/div/span/span[1]/bdi"}
RESULT: {"using":"xpath","value":"//table[contains(@id, \"listView-innerSelectionPanelTable-listUl\")]/tbody/tr[23]/td[3]/div/div/span/span[1]/bdi"}
COMMAND: POST /session/c72c23a71f957f5f97380492e1ede48b/execute/sync - {"script":"<script> [56 bytes]","args":[{"element-6066-11e4-a52e-4f735466cecf":"f.9B2FD2DF9A9EBD12F39787CA2B3A3B3C.d.9D2F1153692D7F3ECC6A82C6B20F0F66.e.6879","ELEMENT":"f.9B2FD2DF9A9EBD12F39787CA2B3A3B3C.d.9D2F1153692D7F3ECC6A82C6B20F0F66.e.6879"}]}
RESULT: {"script":"<script> [56 bytes]","args":[{"element-6066-11e4-a52e-4f735466cecf":"f.9B2FD2DF9A9EBD12F39787CA2B3A3B3C.d.9D2F1153692D7F3ECC6A82C6B20F0F66.e.6879","ELEMENT":"f.9B2FD2DF9A9EBD12F39787CA2B3A3B3C.d.9D2F1153692D7F3ECC6A82C6B20F0F66.e.6879"}]}
COMMAND: GET /session/c72c23a71f957f5f97380492e1ede48b/element/f.9B2FD2DF9A9EBD12F39787CA2B3A3B3C.d.9D2F1153692D7F3ECC6A82C6B20F0F66.e.6878/attribute/aria-checked - {}
COMMAND: GET /session/c72c23a71f957f5f97380492e1ede48b/screenshot - {}
RESULT: {}
COMMAND: POST /session/c72c23a71f957f5f97380492e1ede48b/element - {"using":"xpath","value":"//table[contains(@id, \"listView-innerSelectionPanelTable-listUl\")]/tbody/tr[24]/td[2]/div/div"}
RESULT: {}
RESULT: {"using":"xpath","value":"//table[contains(@id, \"listView-innerSelectionPanelTable-listUl\")]/tbody/tr[24]/td[2]/div/div"}
COMMAND: POST /session/c72c23a71f957f5f97380492e1ede48b/element - {"using":"xpath","value":"//table[contains(@id, \"listView-innerSelectionPanelTable-listUl\")]/tbody/tr[24]/td[2]/div"}
RESULT: {"using":"xpath","value":"//table[contains(@id, \"listView-innerSelectionPanelTable-listUl\")]/tbody/tr[24]/td[2]/div"}
COMMAND: POST /session/c72c23a71f957f5f97380492e1ede48b/element - {"using":"xpath","value":"//table[contains(@id, \"listView-innerSelectionPanelTable-listUl\")]/tbody/tr[24]/td[3]/div/div/span/span[1]/bdi"}
RESULT: {"using":"xpath","value":"//table[contains(@id, \"listView-innerSelectionPanelTable-listUl\")]/tbody/tr[24]/td[3]/div/div/span/span[1]/bdi"}
COMMAND: POST /session/c72c23a71f957f5f97380492e1ede48b/execute/sync - {"script":"<script> [56 bytes]","args":[{"element-6066-11e4-a52e-4f735466cecf":"f.9B2FD2DF9A9EBD12F39787CA2B3A3B3C.d.9D2F1153692D7F3ECC6A82C6B20F0F66.e.6882","ELEMENT":"f.9B2FD2DF9A9EBD12F39787CA2B3A3B3C.d.9D2F1153692D7F3ECC6A82C6B20F0F66.e.6882"}]}
RESULT: {"script":"<script> [56 bytes]","args":[{"element-6066-11e4-a52e-4f735466cecf":"f.9B2FD2DF9A9EBD12F39787CA2B3A3B3C.d.9D2F1153692D7F3ECC6A82C6B20F0F66.e.6882","ELEMENT":"f.9B2FD2DF9A9EBD12F39787CA2B3A3B3C.d.9D2F1153692D7F3ECC6A82C6B20F0F66.e.6882"}]}
COMMAND: GET /session/c72c23a71f957f5f97380492e1ede48b/element/f.9B2FD2DF9A9EBD12F39787CA2B3A3B3C.d.9D2F1153692D7F3ECC6A82C6B20F0F66.e.6881/attribute/aria-checked - {}
COMMAND: GET /session/c72c23a71f957f5f97380492e1ede48b/screenshot - {}
RESULT: {}
COMMAND: POST /session/c72c23a71f957f5f97380492e1ede48b/element - {"using":"xpath","value":"//table[contains(@id, \"listView-innerSelectionPanelTable-listUl\")]/tbody/tr[25]/td[2]/div/div"}
RESULT: {}
RESULT: {"using":"xpath","value":"//table[contains(@id, \"listView-innerSelectionPanelTable-listUl\")]/tbody/tr[25]/td[2]/div/div"}
COMMAND: POST /session/c72c23a71f957f5f97380492e1ede48b/element - {"using":"xpath","value":"//table[contains(@id, \"listView-innerSelectionPanelTable-listUl\")]/tbody/tr[25]/td[2]/div"}
RESULT: {"using":"xpath","value":"//table[contains(@id, \"listView-innerSelectionPanelTable-listUl\")]/tbody/tr[25]/td[2]/div"}
COMMAND: POST /session/c72c23a71f957f5f97380492e1ede48b/element - {"using":"xpath","value":"//table[contains(@id, \"listView-innerSelectionPanelTable-listUl\")]/tbody/tr[25]/td[3]/div/div/span/span[1]/bdi"}
RESULT: {"using":"xpath","value":"//table[contains(@id, \"listView-innerSelectionPanelTable-listUl\")]/tbody/tr[25]/td[3]/div/div/span/span[1]/bdi"}
COMMAND: POST /session/c72c23a71f957f5f97380492e1ede48b/execute/sync - {"script":"<script> [56 bytes]","args":[{"element-6066-11e4-a52e-4f735466cecf":"f.9B2FD2DF9A9EBD12F39787CA2B3A3B3C.d.9D2F1153692D7F3ECC6A82C6B20F0F66.e.6885","ELEMENT":"f.9B2FD2DF9A9EBD12F39787CA2B3A3B3C.d.9D2F1153692D7F3ECC6A82C6B20F0F66.e.6885"}]}
RESULT: {"script":"<script> [56 bytes]","args":[{"element-6066-11e4-a52e-4f735466cecf":"f.9B2FD2DF9A9EBD12F39787CA2B3A3B3C.d.9D2F1153692D7F3ECC6A82C6B20F0F66.e.6885","ELEMENT":"f.9B2FD2DF9A9EBD12F39787CA2B3A3B3C.d.9D2F1153692D7F3ECC6A82C6B20F0F66.e.6885"}]}
COMMAND: GET /session/c72c23a71f957f5f97380492e1ede48b/element/f.9B2FD2DF9A9EBD12F39787CA2B3A3B3C.d.9D2F1153692D7F3ECC6A82C6B20F0F66.e.6884/attribute/aria-checked - {}
COMMAND: GET /session/c72c23a71f957f5f97380492e1ede48b/screenshot - {}
RESULT: {}
COMMAND: POST /session/c72c23a71f957f5f97380492e1ede48b/element - {"using":"xpath","value":"//bdi[contains(text(), \"OK\")]"}
RESULT: {}
RESULT: {"using":"xpath","value":"//bdi[contains(text(), \"OK\")]"}
COMMAND: POST /session/c72c23a71f957f5f97380492e1ede48b/element/f.9B2FD2DF9A9EBD12F39787CA2B3A3B3C.d.9D2F1153692D7F3ECC6A82C6B20F0F66.e.6886/click - {}
RESULT: {}
COMMAND: GET /session/c72c23a71f957f5f97380492e1ede48b/screenshot - {}
RESULT: {}
COMMAND: POST /session/c72c23a71f957f5f97380492e1ede48b/execute/async - {"script":"<script> [1562 bytes]","args":[{"selector":{"id":"application-managepartners-display-component---masterPtm--smartFilterBar-filterItemControlA_-LINK_TO_ADDRESSES_MAIN.CITY1-vhi"},"wdio_ui5_key":"applicationmanagepartners-display-component---masterPtm--smartFilterBar-filterItemControlA_-LINK_TO_ADDRESSES_MAIN.CITY1-vhi"}]}
RESULT: {"script":"<script> [1562 bytes]","args":[{"selector":{"id":"application-managepartners-display-component---masterPtm--smartFilterBar-filterItemControlA_-LINK_TO_ADDRESSES_MAIN.CITY1-vhi"},"wdio_ui5_key":"applicationmanagepartners-display-component---masterPtm--smartFilterBar-filterItemControlA_-LINK_TO_ADDRESSES_MAIN.CITY1-vhi"}]}
RESULT: undefined
COMMAND: POST /session/c72c23a71f957f5f97380492e1ede48b/element - {"using":"xpath","value":"//*[@id=\"application-managepartners-display-component---masterPtm--smartFilterBar-filterItemControlA_-LINK_TO_ADDRESSES_MAIN.CITY1-vhi\"]"}
RESULT: {"using":"xpath","value":"//*[@id=\"application-managepartners-display-component---masterPtm--smartFilterBar-filterItemControlA_-LINK_TO_ADDRESSES_MAIN.CITY1-vhi\"]"}
COMMAND: POST /session/c72c23a71f957f5f97380492e1ede48b/element/f.9B2FD2DF9A9EBD12F39787CA2B3A3B3C.d.9D2F1153692D7F3ECC6A82C6B20F0F66.e.6900/click - {}
RESULT: {}
COMMAND: GET /session/c72c23a71f957f5f97380492e1ede48b/screenshot - {}
RESULT: {}
COMMAND: POST /session/c72c23a71f957f5f97380492e1ede48b/execute/async - {"script":"<script> [1562 bytes]","args":[{"selector":{"controlType":"sap.m.Input","viewName":"etm.portal.ui.managepartners.view.Master","viewId":"application-managepartners-display-component---masterPtm","properties":{"valueState":"None"},"searchOpenDialogs":true,"interaction":{"idSuffix":"inner"}},"wdio_ui5_key":"etmportal.ui.managepartners.view.Mastersap.m.Input{\"valueState\":\"None\"}"}]}
RESULT: {"script":"<script> [1562 bytes]","args":[{"selector":{"controlType":"sap.m.Input","viewName":"etm.portal.ui.managepartners.view.Master","viewId":"application-managepartners-display-component---masterPtm","properties":{"valueState":"None"},"searchOpenDialogs":true,"interaction":{"idSuffix":"inner"}},"wdio_ui5_key":"etmportal.ui.managepartners.view.Mastersap.m.Input{\"valueState\":\"None\"}"}]}
RESULT: undefined
COMMAND: POST /session/c72c23a71f957f5f97380492e1ede48b/execute/async - {"script":"<script> [776 bytes]","args":[{"enterText":"Bucure","selector":{"controlType":"sap.m.Input","viewName":"etm.portal.ui.managepartners.view.Master","viewId":"application-managepartners-display-component---masterPtm","properties":{"valueState":"None"},"searchOpenDialogs":true,"interaction":{"idSuffix":"inner"}},"clearTextFirst":true,"interactionType":"ENTER_TEXT"}]}
RESULT: {"script":"<script> [776 bytes]","args":[{"enterText":"Bucure","selector":{"controlType":"sap.m.Input","viewName":"etm.portal.ui.managepartners.view.Master","viewId":"application-managepartners-display-component---masterPtm","properties":{"valueState":"None"},"searchOpenDialogs":true,"interaction":{"idSuffix":"inner"}},"clearTextFirst":true,"interactionType":"ENTER_TEXT"}]}
COMMAND: POST /session/c72c23a71f957f5f97380492e1ede48b/actions - {"actions":[{"id":"action21","type":"key","parameters":{},"actions":[{"type":"keyDown","value":""},{"type":"pause","duration":10},{"type":"keyUp","value":""}]}]}
RESULT: {"actions":[{"id":"action21","type":"key","parameters":{},"actions":[{"type":"keyDown","value":""},{"type":"pause","duration":10},{"type":"keyUp","value":""}]}]}
COMMAND: GET /session/c72c23a71f957f5f97380492e1ede48b/screenshot - {}
RESULT: {}
COMMAND: POST /session/c72c23a71f957f5f97380492e1ede48b/element - {"using":"xpath","value":"(//bdi[contains(text(), \"OK\")])[1]"}
RESULT: {"using":"xpath","value":"(//bdi[contains(text(), \"OK\")])[1]"}
COMMAND: POST /session/c72c23a71f957f5f97380492e1ede48b/element/f.9B2FD2DF9A9EBD12F39787CA2B3A3B3C.d.9D2F1153692D7F3ECC6A82C6B20F0F66.e.6906/click - {}
RESULT: {}
COMMAND: GET /session/c72c23a71f957f5f97380492e1ede48b/screenshot - {}
RESULT: {}
COMMAND: POST /session/c72c23a71f957f5f97380492e1ede48b/element - {"using":"xpath","value":"//span[@id=\"application-managepartners-display-component---masterPtm--smartTable-header-inner\"]"}
RESULT: {"using":"xpath","value":"//span[@id=\"application-managepartners-display-component---masterPtm--smartTable-header-inner\"]"}
COMMAND: POST /session/c72c23a71f957f5f97380492e1ede48b/elements - {"using":"xpath","value":"//span[@id=\"application-managepartners-display-component---masterPtm--smartTable-header-inner\"]"}
RESULT: {"using":"xpath","value":"//span[@id=\"application-managepartners-display-component---masterPtm--smartTable-header-inner\"]"}
COMMAND: POST /session/c72c23a71f957f5f97380492e1ede48b/execute/sync - {"script":"<script> [56 bytes]","args":[{"element-6066-11e4-a52e-4f735466cecf":"f.9B2FD2DF9A9EBD12F39787CA2B3A3B3C.d.9D2F1153692D7F3ECC6A82C6B20F0F66.e.5983","ELEMENT":"f.9B2FD2DF9A9EBD12F39787CA2B3A3B3C.d.9D2F1153692D7F3ECC6A82C6B20F0F66.e.5983"}]}
RESULT: {"script":"<script> [56 bytes]","args":[{"element-6066-11e4-a52e-4f735466cecf":"f.9B2FD2DF9A9EBD12F39787CA2B3A3B3C.d.9D2F1153692D7F3ECC6A82C6B20F0F66.e.5983","ELEMENT":"f.9B2FD2DF9A9EBD12F39787CA2B3A3B3C.d.9D2F1153692D7F3ECC6A82C6B20F0F66.e.5983"}]}
COMMAND: POST /session/c72c23a71f957f5f97380492e1ede48b/element - {"using":"xpath","value":"//span[contains(@title, \"Remove\")]"}
COMMAND: GET /session/c72c23a71f957f5f97380492e1ede48b/screenshot - {}
RESULT: {"using":"xpath","value":"//span[contains(@title, \"Remove\")]"}
COMMAND: POST /session/c72c23a71f957f5f97380492e1ede48b/element/f.9B2FD2DF9A9EBD12F39787CA2B3A3B3C.d.9D2F1153692D7F3ECC6A82C6B20F0F66.e.6982/click - {}
RESULT: {}
RESULT: {}
COMMAND: GET /session/c72c23a71f957f5f97380492e1ede48b/screenshot - {}
RESULT: {}
COMMAND: POST /session/c72c23a71f957f5f97380492e1ede48b/element - {"using":"xpath","value":"//span[@id=\"application-managepartners-display-component---masterPtm--smartTable-header-inner\"]"}
RESULT: {"using":"xpath","value":"//span[@id=\"application-managepartners-display-component---masterPtm--smartTable-header-inner\"]"}
COMMAND: POST /session/c72c23a71f957f5f97380492e1ede48b/elements - {"using":"xpath","value":"//span[@id=\"application-managepartners-display-component---masterPtm--smartTable-header-inner\"]"}
RESULT: {"using":"xpath","value":"//span[@id=\"application-managepartners-display-component---masterPtm--smartTable-header-inner\"]"}
COMMAND: POST /session/c72c23a71f957f5f97380492e1ede48b/execute/sync - {"script":"<script> [56 bytes]","args":[{"element-6066-11e4-a52e-4f735466cecf":"f.9B2FD2DF9A9EBD12F39787CA2B3A3B3C.d.9D2F1153692D7F3ECC6A82C6B20F0F66.e.5983","ELEMENT":"f.9B2FD2DF9A9EBD12F39787CA2B3A3B3C.d.9D2F1153692D7F3ECC6A82C6B20F0F66.e.5983"}]}
RESULT: {"script":"<script> [56 bytes]","args":[{"element-6066-11e4-a52e-4f735466cecf":"f.9B2FD2DF9A9EBD12F39787CA2B3A3B3C.d.9D2F1153692D7F3ECC6A82C6B20F0F66.e.5983","ELEMENT":"f.9B2FD2DF9A9EBD12F39787CA2B3A3B3C.d.9D2F1153692D7F3ECC6A82C6B20F0F66.e.5983"}]}
COMMAND: POST /session/c72c23a71f957f5f97380492e1ede48b/element - {"using":"css selector","value":"#shell-header-logo"}
COMMAND: GET /session/c72c23a71f957f5f97380492e1ede48b/screenshot - {}
RESULT: {"using":"css selector","value":"#shell-header-logo"}
COMMAND: POST /session/c72c23a71f957f5f97380492e1ede48b/element/f.9B2FD2DF9A9EBD12F39787CA2B3A3B3C.d.9D2F1153692D7F3ECC6A82C6B20F0F66.e.5813/click - {}
RESULT: {}
RESULT: {}
COMMAND: GET /session/c72c23a71f957f5f97380492e1ede48b/screenshot - {}
RESULT: {}
]]></system-out>
    </testcase>
    <testcase classname="chrome.136_0_7103_93.windows.Partner_specific_tests_US150819_US151080_US151654_US151176_US103444_US151078_US151079_US151109_US151174_US151175_US151189" name="Should try to save empty partner US151174" time="48.315">
      <system-out><![CDATA[
COMMAND: POST /session/c72c23a71f957f5f97380492e1ede48b/element - {"using":"xpath","value":"//li[.//span[text()=\"Manage Partners\"]]"}
RESULT: {"using":"xpath","value":"//li[.//span[text()=\"Manage Partners\"]]"}
COMMAND: POST /session/c72c23a71f957f5f97380492e1ede48b/element - {"using":"xpath","value":"//li[.//span[text()=\"Manage Partners\"]]"}
RESULT: {"using":"xpath","value":"//li[.//span[text()=\"Manage Partners\"]]"}
COMMAND: POST /session/c72c23a71f957f5f97380492e1ede48b/element - {"using":"css selector","value":"#shell-header-logo"}
RESULT: {"using":"css selector","value":"#shell-header-logo"}
COMMAND: POST /session/c72c23a71f957f5f97380492e1ede48b/element/f.9B2FD2DF9A9EBD12F39787CA2B3A3B3C.d.9D2F1153692D7F3ECC6A82C6B20F0F66.e.7077/click - {}
COMMAND: POST /session/c72c23a71f957f5f97380492e1ede48b/execute/sync - {"script":"<script> [8489 bytes]","args":[{"element-6066-11e4-a52e-4f735466cecf":"f.9B2FD2DF9A9EBD12F39787CA2B3A3B3C.d.9D2F1153692D7F3ECC6A82C6B20F0F66.e.7077","ELEMENT":"f.9B2FD2DF9A9EBD12F39787CA2B3A3B3C.d.9D2F1153692D7F3ECC6A82C6B20F0F66.e.7077"}]}
RESULT: {"script":"<script> [8489 bytes]","args":[{"element-6066-11e4-a52e-4f735466cecf":"f.9B2FD2DF9A9EBD12F39787CA2B3A3B3C.d.9D2F1153692D7F3ECC6A82C6B20F0F66.e.7077","ELEMENT":"f.9B2FD2DF9A9EBD12F39787CA2B3A3B3C.d.9D2F1153692D7F3ECC6A82C6B20F0F66.e.7077"}]}
COMMAND: POST /session/c72c23a71f957f5f97380492e1ede48b/execute/sync - {"script":"<script> [5351 bytes]","args":[{"element-6066-11e4-a52e-4f735466cecf":"f.9B2FD2DF9A9EBD12F39787CA2B3A3B3C.d.9D2F1153692D7F3ECC6A82C6B20F0F66.e.7077","ELEMENT":"f.9B2FD2DF9A9EBD12F39787CA2B3A3B3C.d.9D2F1153692D7F3ECC6A82C6B20F0F66.e.7077"}]}
COMMAND: GET /session/c72c23a71f957f5f97380492e1ede48b/screenshot - {}
RESULT: {}
COMMAND: GET /session/c72c23a71f957f5f97380492e1ede48b/screenshot - {}
RESULT: {"script":"<script> [5351 bytes]","args":[{"element-6066-11e4-a52e-4f735466cecf":"f.9B2FD2DF9A9EBD12F39787CA2B3A3B3C.d.9D2F1153692D7F3ECC6A82C6B20F0F66.e.7077","ELEMENT":"f.9B2FD2DF9A9EBD12F39787CA2B3A3B3C.d.9D2F1153692D7F3ECC6A82C6B20F0F66.e.7077"}]}
COMMAND: GET /session/c72c23a71f957f5f97380492e1ede48b/screenshot - {}
RESULT: {}
RESULT: {}
RESULT: {}
RESULT: undefined
COMMAND: POST /session/c72c23a71f957f5f97380492e1ede48b/element - {"using":"xpath","value":"//*[@id=\"__tile30\"]"}
RESULT: {"using":"xpath","value":"//*[@id=\"__tile30\"]"}
COMMAND: POST /session/c72c23a71f957f5f97380492e1ede48b/element/f.9B2FD2DF9A9EBD12F39787CA2B3A3B3C.d.9D2F1153692D7F3ECC6A82C6B20F0F66.e.4498/click - {}
RESULT: {}
COMMAND: GET /session/c72c23a71f957f5f97380492e1ede48b/screenshot - {}
RESULT: {}
COMMAND: POST /session/c72c23a71f957f5f97380492e1ede48b/elements - {"using":"xpath","value":"//span[text()='Error']"}
RESULT: {"using":"xpath","value":"//span[text()='Error']"}
COMMAND: POST /session/c72c23a71f957f5f97380492e1ede48b/element - {"using":"xpath","value":"//button[@data-kt=\"addButton\"]"}
RESULT: {"using":"xpath","value":"//button[@data-kt=\"addButton\"]"}
COMMAND: POST /session/c72c23a71f957f5f97380492e1ede48b/elements - {"using":"xpath","value":"//button[@data-kt=\"addButton\"]"}
RESULT: {"using":"xpath","value":"//button[@data-kt=\"addButton\"]"}
COMMAND: POST /session/c72c23a71f957f5f97380492e1ede48b/execute/sync - {"script":"<script> [8489 bytes]","args":[{"element-6066-11e4-a52e-4f735466cecf":"f.9B2FD2DF9A9EBD12F39787CA2B3A3B3C.d.9D2F1153692D7F3ECC6A82C6B20F0F66.e.7122","ELEMENT":"f.9B2FD2DF9A9EBD12F39787CA2B3A3B3C.d.9D2F1153692D7F3ECC6A82C6B20F0F66.e.7122"}]}
RESULT: {"script":"<script> [8489 bytes]","args":[{"element-6066-11e4-a52e-4f735466cecf":"f.9B2FD2DF9A9EBD12F39787CA2B3A3B3C.d.9D2F1153692D7F3ECC6A82C6B20F0F66.e.7122","ELEMENT":"f.9B2FD2DF9A9EBD12F39787CA2B3A3B3C.d.9D2F1153692D7F3ECC6A82C6B20F0F66.e.7122"}]}
COMMAND: GET /session/c72c23a71f957f5f97380492e1ede48b/element/f.9B2FD2DF9A9EBD12F39787CA2B3A3B3C.d.9D2F1153692D7F3ECC6A82C6B20F0F66.e.7122/enabled - {}
COMMAND: GET /session/c72c23a71f957f5f97380492e1ede48b/screenshot - {}
RESULT: {}
COMMAND: POST /session/c72c23a71f957f5f97380492e1ede48b/execute/sync - {"script":"<script> [8489 bytes]","args":[{"element-6066-11e4-a52e-4f735466cecf":"f.9B2FD2DF9A9EBD12F39787CA2B3A3B3C.d.9D2F1153692D7F3ECC6A82C6B20F0F66.e.7122","ELEMENT":"f.9B2FD2DF9A9EBD12F39787CA2B3A3B3C.d.9D2F1153692D7F3ECC6A82C6B20F0F66.e.7122"}]}
COMMAND: GET /session/c72c23a71f957f5f97380492e1ede48b/screenshot - {}
RESULT: {}
RESULT: {"script":"<script> [8489 bytes]","args":[{"element-6066-11e4-a52e-4f735466cecf":"f.9B2FD2DF9A9EBD12F39787CA2B3A3B3C.d.9D2F1153692D7F3ECC6A82C6B20F0F66.e.7122","ELEMENT":"f.9B2FD2DF9A9EBD12F39787CA2B3A3B3C.d.9D2F1153692D7F3ECC6A82C6B20F0F66.e.7122"}]}
COMMAND: POST /session/c72c23a71f957f5f97380492e1ede48b/execute/sync - {"script":"<script> [5351 bytes]","args":[{"element-6066-11e4-a52e-4f735466cecf":"f.9B2FD2DF9A9EBD12F39787CA2B3A3B3C.d.9D2F1153692D7F3ECC6A82C6B20F0F66.e.7122","ELEMENT":"f.9B2FD2DF9A9EBD12F39787CA2B3A3B3C.d.9D2F1153692D7F3ECC6A82C6B20F0F66.e.7122"}]}
COMMAND: GET /session/c72c23a71f957f5f97380492e1ede48b/screenshot - {}
RESULT: {}
RESULT: {"script":"<script> [5351 bytes]","args":[{"element-6066-11e4-a52e-4f735466cecf":"f.9B2FD2DF9A9EBD12F39787CA2B3A3B3C.d.9D2F1153692D7F3ECC6A82C6B20F0F66.e.7122","ELEMENT":"f.9B2FD2DF9A9EBD12F39787CA2B3A3B3C.d.9D2F1153692D7F3ECC6A82C6B20F0F66.e.7122"}]}
COMMAND: POST /session/c72c23a71f957f5f97380492e1ede48b/element/f.9B2FD2DF9A9EBD12F39787CA2B3A3B3C.d.9D2F1153692D7F3ECC6A82C6B20F0F66.e.7122/click - {}
COMMAND: GET /session/c72c23a71f957f5f97380492e1ede48b/screenshot - {}
RESULT: {}
RESULT: {}
COMMAND: GET /session/c72c23a71f957f5f97380492e1ede48b/screenshot - {}
RESULT: {}
COMMAND: POST /session/c72c23a71f957f5f97380492e1ede48b/element - {"using":"xpath","value":"//button[@data-kt=\"saveButton\"]"}
RESULT: {}
RESULT: {"using":"xpath","value":"//button[@data-kt=\"saveButton\"]"}
COMMAND: POST /session/c72c23a71f957f5f97380492e1ede48b/element/f.9B2FD2DF9A9EBD12F39787CA2B3A3B3C.d.9D2F1153692D7F3ECC6A82C6B20F0F66.e.7526/click - {}
RESULT: {}
COMMAND: GET /session/c72c23a71f957f5f97380492e1ede48b/screenshot - {}
RESULT: {}
COMMAND: POST /session/c72c23a71f957f5f97380492e1ede48b/element - {"using":"xpath","value":"//span[contains(@class, \"sapMMsgBoxText\")]"}
RESULT: {"using":"xpath","value":"//span[contains(@class, \"sapMMsgBoxText\")]"}
COMMAND: POST /session/c72c23a71f957f5f97380492e1ede48b/execute/sync - {"script":"<script> [56 bytes]","args":[{"element-6066-11e4-a52e-4f735466cecf":"f.9B2FD2DF9A9EBD12F39787CA2B3A3B3C.d.9D2F1153692D7F3ECC6A82C6B20F0F66.e.7551","ELEMENT":"f.9B2FD2DF9A9EBD12F39787CA2B3A3B3C.d.9D2F1153692D7F3ECC6A82C6B20F0F66.e.7551"}]}
RESULT: {"script":"<script> [56 bytes]","args":[{"element-6066-11e4-a52e-4f735466cecf":"f.9B2FD2DF9A9EBD12F39787CA2B3A3B3C.d.9D2F1153692D7F3ECC6A82C6B20F0F66.e.7551","ELEMENT":"f.9B2FD2DF9A9EBD12F39787CA2B3A3B3C.d.9D2F1153692D7F3ECC6A82C6B20F0F66.e.7551"}]}
COMMAND: POST /session/c72c23a71f957f5f97380492e1ede48b/element - {"using":"xpath","value":"(//bdi[contains(text(), \"Close\")])[1]"}
COMMAND: POST /session/c72c23a71f957f5f97380492e1ede48b/elements - {"using":"xpath","value":"//span[contains(@class, \"sapMMsgBoxText\")]"}
COMMAND: GET /session/c72c23a71f957f5f97380492e1ede48b/screenshot - {}
RESULT: {"using":"xpath","value":"(//bdi[contains(text(), \"Close\")])[1]"}
COMMAND: POST /session/c72c23a71f957f5f97380492e1ede48b/element/f.9B2FD2DF9A9EBD12F39787CA2B3A3B3C.d.9D2F1153692D7F3ECC6A82C6B20F0F66.e.7552/click - {}
RESULT: {"using":"xpath","value":"//span[contains(@class, \"sapMMsgBoxText\")]"}
RESULT: {}
RESULT: {}
COMMAND: GET /session/c72c23a71f957f5f97380492e1ede48b/screenshot - {}
RESULT: {}
COMMAND: POST /session/c72c23a71f957f5f97380492e1ede48b/element - {"using":"css selector","value":"#shell-header-logo"}
RESULT: {"using":"css selector","value":"#shell-header-logo"}
COMMAND: POST /session/c72c23a71f957f5f97380492e1ede48b/element/f.9B2FD2DF9A9EBD12F39787CA2B3A3B3C.d.9D2F1153692D7F3ECC6A82C6B20F0F66.e.7077/click - {}
RESULT: {}
COMMAND: GET /session/c72c23a71f957f5f97380492e1ede48b/screenshot - {}
RESULT: {}
]]></system-out>
    </testcase>
    <testcase classname="chrome.136_0_7103_93.windows.Partner_specific_tests_US150819_US151080_US151654_US151176_US103444_US151078_US151079_US151109_US151174_US151175_US151189" name="Should do various searches US151175" time="148.93">
      <system-out><![CDATA[
COMMAND: POST /session/c72c23a71f957f5f97380492e1ede48b/element - {"using":"xpath","value":"//li[.//span[text()=\"Manage Partners\"]]"}
RESULT: {"using":"xpath","value":"//li[.//span[text()=\"Manage Partners\"]]"}
COMMAND: POST /session/c72c23a71f957f5f97380492e1ede48b/element - {"using":"xpath","value":"//li[.//span[text()=\"Manage Partners\"]]"}
RESULT: {"using":"xpath","value":"//li[.//span[text()=\"Manage Partners\"]]"}
COMMAND: POST /session/c72c23a71f957f5f97380492e1ede48b/element - {"using":"css selector","value":"#shell-header-logo"}
RESULT: {"using":"css selector","value":"#shell-header-logo"}
COMMAND: POST /session/c72c23a71f957f5f97380492e1ede48b/element/f.9B2FD2DF9A9EBD12F39787CA2B3A3B3C.d.9D2F1153692D7F3ECC6A82C6B20F0F66.e.7554/click - {}
COMMAND: POST /session/c72c23a71f957f5f97380492e1ede48b/execute/sync - {"script":"<script> [8489 bytes]","args":[{"element-6066-11e4-a52e-4f735466cecf":"f.9B2FD2DF9A9EBD12F39787CA2B3A3B3C.d.9D2F1153692D7F3ECC6A82C6B20F0F66.e.7554","ELEMENT":"f.9B2FD2DF9A9EBD12F39787CA2B3A3B3C.d.9D2F1153692D7F3ECC6A82C6B20F0F66.e.7554"}]}
RESULT: {}
COMMAND: GET /session/c72c23a71f957f5f97380492e1ede48b/screenshot - {}
RESULT: {"script":"<script> [8489 bytes]","args":[{"element-6066-11e4-a52e-4f735466cecf":"f.9B2FD2DF9A9EBD12F39787CA2B3A3B3C.d.9D2F1153692D7F3ECC6A82C6B20F0F66.e.7554","ELEMENT":"f.9B2FD2DF9A9EBD12F39787CA2B3A3B3C.d.9D2F1153692D7F3ECC6A82C6B20F0F66.e.7554"}]}
COMMAND: POST /session/c72c23a71f957f5f97380492e1ede48b/execute/sync - {"script":"<script> [5351 bytes]","args":[{"element-6066-11e4-a52e-4f735466cecf":"f.9B2FD2DF9A9EBD12F39787CA2B3A3B3C.d.9D2F1153692D7F3ECC6A82C6B20F0F66.e.7554","ELEMENT":"f.9B2FD2DF9A9EBD12F39787CA2B3A3B3C.d.9D2F1153692D7F3ECC6A82C6B20F0F66.e.7554"}]}
COMMAND: GET /session/c72c23a71f957f5f97380492e1ede48b/screenshot - {}
RESULT: {}
RESULT: {"script":"<script> [5351 bytes]","args":[{"element-6066-11e4-a52e-4f735466cecf":"f.9B2FD2DF9A9EBD12F39787CA2B3A3B3C.d.9D2F1153692D7F3ECC6A82C6B20F0F66.e.7554","ELEMENT":"f.9B2FD2DF9A9EBD12F39787CA2B3A3B3C.d.9D2F1153692D7F3ECC6A82C6B20F0F66.e.7554"}]}
COMMAND: GET /session/c72c23a71f957f5f97380492e1ede48b/screenshot - {}
RESULT: {}
RESULT: {}
RESULT: undefined
COMMAND: POST /session/c72c23a71f957f5f97380492e1ede48b/element - {"using":"xpath","value":"//*[@id=\"__tile30\"]"}
RESULT: {"using":"xpath","value":"//*[@id=\"__tile30\"]"}
COMMAND: POST /session/c72c23a71f957f5f97380492e1ede48b/element/f.9B2FD2DF9A9EBD12F39787CA2B3A3B3C.d.9D2F1153692D7F3ECC6A82C6B20F0F66.e.4498/click - {}
RESULT: {}
COMMAND: GET /session/c72c23a71f957f5f97380492e1ede48b/screenshot - {}
RESULT: {}
COMMAND: POST /session/c72c23a71f957f5f97380492e1ede48b/elements - {"using":"xpath","value":"//span[text()='Error']"}
RESULT: {"using":"xpath","value":"//span[text()='Error']"}
COMMAND: POST /session/c72c23a71f957f5f97380492e1ede48b/element - {"using":"xpath","value":"//button[@data-kt=\"addButton\"]"}
RESULT: {"using":"xpath","value":"//button[@data-kt=\"addButton\"]"}
COMMAND: POST /session/c72c23a71f957f5f97380492e1ede48b/elements - {"using":"xpath","value":"//button[@data-kt=\"addButton\"]"}
RESULT: {"using":"xpath","value":"//button[@data-kt=\"addButton\"]"}
COMMAND: POST /session/c72c23a71f957f5f97380492e1ede48b/execute/sync - {"script":"<script> [8489 bytes]","args":[{"element-6066-11e4-a52e-4f735466cecf":"f.9B2FD2DF9A9EBD12F39787CA2B3A3B3C.d.9D2F1153692D7F3ECC6A82C6B20F0F66.e.7599","ELEMENT":"f.9B2FD2DF9A9EBD12F39787CA2B3A3B3C.d.9D2F1153692D7F3ECC6A82C6B20F0F66.e.7599"}]}
RESULT: {"script":"<script> [8489 bytes]","args":[{"element-6066-11e4-a52e-4f735466cecf":"f.9B2FD2DF9A9EBD12F39787CA2B3A3B3C.d.9D2F1153692D7F3ECC6A82C6B20F0F66.e.7599","ELEMENT":"f.9B2FD2DF9A9EBD12F39787CA2B3A3B3C.d.9D2F1153692D7F3ECC6A82C6B20F0F66.e.7599"}]}
COMMAND: GET /session/c72c23a71f957f5f97380492e1ede48b/element/f.9B2FD2DF9A9EBD12F39787CA2B3A3B3C.d.9D2F1153692D7F3ECC6A82C6B20F0F66.e.7599/enabled - {}
COMMAND: GET /session/c72c23a71f957f5f97380492e1ede48b/screenshot - {}
RESULT: {}
COMMAND: POST /session/c72c23a71f957f5f97380492e1ede48b/execute/sync - {"script":"<script> [8489 bytes]","args":[{"element-6066-11e4-a52e-4f735466cecf":"f.9B2FD2DF9A9EBD12F39787CA2B3A3B3C.d.9D2F1153692D7F3ECC6A82C6B20F0F66.e.7599","ELEMENT":"f.9B2FD2DF9A9EBD12F39787CA2B3A3B3C.d.9D2F1153692D7F3ECC6A82C6B20F0F66.e.7599"}]}
COMMAND: GET /session/c72c23a71f957f5f97380492e1ede48b/screenshot - {}
RESULT: {}
RESULT: {"script":"<script> [8489 bytes]","args":[{"element-6066-11e4-a52e-4f735466cecf":"f.9B2FD2DF9A9EBD12F39787CA2B3A3B3C.d.9D2F1153692D7F3ECC6A82C6B20F0F66.e.7599","ELEMENT":"f.9B2FD2DF9A9EBD12F39787CA2B3A3B3C.d.9D2F1153692D7F3ECC6A82C6B20F0F66.e.7599"}]}
COMMAND: POST /session/c72c23a71f957f5f97380492e1ede48b/execute/sync - {"script":"<script> [5351 bytes]","args":[{"element-6066-11e4-a52e-4f735466cecf":"f.9B2FD2DF9A9EBD12F39787CA2B3A3B3C.d.9D2F1153692D7F3ECC6A82C6B20F0F66.e.7599","ELEMENT":"f.9B2FD2DF9A9EBD12F39787CA2B3A3B3C.d.9D2F1153692D7F3ECC6A82C6B20F0F66.e.7599"}]}
COMMAND: GET /session/c72c23a71f957f5f97380492e1ede48b/screenshot - {}
RESULT: {}
RESULT: {"script":"<script> [5351 bytes]","args":[{"element-6066-11e4-a52e-4f735466cecf":"f.9B2FD2DF9A9EBD12F39787CA2B3A3B3C.d.9D2F1153692D7F3ECC6A82C6B20F0F66.e.7599","ELEMENT":"f.9B2FD2DF9A9EBD12F39787CA2B3A3B3C.d.9D2F1153692D7F3ECC6A82C6B20F0F66.e.7599"}]}
COMMAND: GET /session/c72c23a71f957f5f97380492e1ede48b/screenshot - {}
RESULT: {}
RESULT: {}
COMMAND: POST /session/c72c23a71f957f5f97380492e1ede48b/element - {"using":"xpath","value":"//span[@id=\"application-managepartners-display-component---masterPtm--smartTable-header-inner\"]"}
RESULT: {"using":"xpath","value":"//span[@id=\"application-managepartners-display-component---masterPtm--smartTable-header-inner\"]"}
COMMAND: POST /session/c72c23a71f957f5f97380492e1ede48b/elements - {"using":"xpath","value":"//span[@id=\"application-managepartners-display-component---masterPtm--smartTable-header-inner\"]"}
RESULT: {"using":"xpath","value":"//span[@id=\"application-managepartners-display-component---masterPtm--smartTable-header-inner\"]"}
COMMAND: POST /session/c72c23a71f957f5f97380492e1ede48b/execute/sync - {"script":"<script> [56 bytes]","args":[{"element-6066-11e4-a52e-4f735466cecf":"f.9B2FD2DF9A9EBD12F39787CA2B3A3B3C.d.9D2F1153692D7F3ECC6A82C6B20F0F66.e.7724","ELEMENT":"f.9B2FD2DF9A9EBD12F39787CA2B3A3B3C.d.9D2F1153692D7F3ECC6A82C6B20F0F66.e.7724"}]}
RESULT: {"script":"<script> [56 bytes]","args":[{"element-6066-11e4-a52e-4f735466cecf":"f.9B2FD2DF9A9EBD12F39787CA2B3A3B3C.d.9D2F1153692D7F3ECC6A82C6B20F0F66.e.7724","ELEMENT":"f.9B2FD2DF9A9EBD12F39787CA2B3A3B3C.d.9D2F1153692D7F3ECC6A82C6B20F0F66.e.7724"}]}
RESULT: undefined
COMMAND: POST /session/c72c23a71f957f5f97380492e1ede48b/element - {"using":"xpath","value":"//*[@id=\"application-managepartners-display-component---masterPtm--smartFilterBar-btnFilters\"]"}
COMMAND: GET /session/c72c23a71f957f5f97380492e1ede48b/screenshot - {}
RESULT: {"using":"xpath","value":"//*[@id=\"application-managepartners-display-component---masterPtm--smartFilterBar-btnFilters\"]"}
COMMAND: POST /session/c72c23a71f957f5f97380492e1ede48b/element/f.9B2FD2DF9A9EBD12F39787CA2B3A3B3C.d.9D2F1153692D7F3ECC6A82C6B20F0F66.e.7576/click - {}
RESULT: {}
RESULT: {}
COMMAND: GET /session/c72c23a71f957f5f97380492e1ede48b/screenshot - {}
RESULT: {}
COMMAND: POST /session/c72c23a71f957f5f97380492e1ede48b/elements - {"using":"xpath","value":"//table[contains(@id, \"listView-innerSelectionPanelTable-listUl\")]/tbody/tr"}
RESULT: {"using":"xpath","value":"//table[contains(@id, \"listView-innerSelectionPanelTable-listUl\")]/tbody/tr"}
COMMAND: POST /session/c72c23a71f957f5f97380492e1ede48b/element - {"using":"xpath","value":"//table[contains(@id, \"listView-innerSelectionPanelTable-listUl\")]/tbody/tr[2]/td[2]/div/div"}
RESULT: {"using":"xpath","value":"//table[contains(@id, \"listView-innerSelectionPanelTable-listUl\")]/tbody/tr[2]/td[2]/div/div"}
COMMAND: POST /session/c72c23a71f957f5f97380492e1ede48b/element - {"using":"xpath","value":"//table[contains(@id, \"listView-innerSelectionPanelTable-listUl\")]/tbody/tr[2]/td[2]/div"}
RESULT: {"using":"xpath","value":"//table[contains(@id, \"listView-innerSelectionPanelTable-listUl\")]/tbody/tr[2]/td[2]/div"}
COMMAND: POST /session/c72c23a71f957f5f97380492e1ede48b/element - {"using":"xpath","value":"//table[contains(@id, \"listView-innerSelectionPanelTable-listUl\")]/tbody/tr[2]/td[3]/div/div/span/span[1]/bdi"}
RESULT: {"using":"xpath","value":"//table[contains(@id, \"listView-innerSelectionPanelTable-listUl\")]/tbody/tr[2]/td[3]/div/div/span/span[1]/bdi"}
COMMAND: POST /session/c72c23a71f957f5f97380492e1ede48b/execute/sync - {"script":"<script> [56 bytes]","args":[{"element-6066-11e4-a52e-4f735466cecf":"f.9B2FD2DF9A9EBD12F39787CA2B3A3B3C.d.9D2F1153692D7F3ECC6A82C6B20F0F66.e.7792","ELEMENT":"f.9B2FD2DF9A9EBD12F39787CA2B3A3B3C.d.9D2F1153692D7F3ECC6A82C6B20F0F66.e.7792"}]}
RESULT: {"script":"<script> [56 bytes]","args":[{"element-6066-11e4-a52e-4f735466cecf":"f.9B2FD2DF9A9EBD12F39787CA2B3A3B3C.d.9D2F1153692D7F3ECC6A82C6B20F0F66.e.7792","ELEMENT":"f.9B2FD2DF9A9EBD12F39787CA2B3A3B3C.d.9D2F1153692D7F3ECC6A82C6B20F0F66.e.7792"}]}
COMMAND: GET /session/c72c23a71f957f5f97380492e1ede48b/element/f.9B2FD2DF9A9EBD12F39787CA2B3A3B3C.d.9D2F1153692D7F3ECC6A82C6B20F0F66.e.7791/attribute/aria-checked - {}
COMMAND: GET /session/c72c23a71f957f5f97380492e1ede48b/screenshot - {}
RESULT: {}
COMMAND: POST /session/c72c23a71f957f5f97380492e1ede48b/element - {"using":"xpath","value":"//table[contains(@id, \"listView-innerSelectionPanelTable-listUl\")]/tbody/tr[3]/td[2]/div/div"}
RESULT: {}
RESULT: {"using":"xpath","value":"//table[contains(@id, \"listView-innerSelectionPanelTable-listUl\")]/tbody/tr[3]/td[2]/div/div"}
COMMAND: POST /session/c72c23a71f957f5f97380492e1ede48b/element - {"using":"xpath","value":"//table[contains(@id, \"listView-innerSelectionPanelTable-listUl\")]/tbody/tr[3]/td[2]/div"}
RESULT: {"using":"xpath","value":"//table[contains(@id, \"listView-innerSelectionPanelTable-listUl\")]/tbody/tr[3]/td[2]/div"}
COMMAND: POST /session/c72c23a71f957f5f97380492e1ede48b/element - {"using":"xpath","value":"//table[contains(@id, \"listView-innerSelectionPanelTable-listUl\")]/tbody/tr[3]/td[3]/div/div/span/span[1]/bdi"}
RESULT: {"using":"xpath","value":"//table[contains(@id, \"listView-innerSelectionPanelTable-listUl\")]/tbody/tr[3]/td[3]/div/div/span/span[1]/bdi"}
COMMAND: POST /session/c72c23a71f957f5f97380492e1ede48b/execute/sync - {"script":"<script> [56 bytes]","args":[{"element-6066-11e4-a52e-4f735466cecf":"f.9B2FD2DF9A9EBD12F39787CA2B3A3B3C.d.9D2F1153692D7F3ECC6A82C6B20F0F66.e.7795","ELEMENT":"f.9B2FD2DF9A9EBD12F39787CA2B3A3B3C.d.9D2F1153692D7F3ECC6A82C6B20F0F66.e.7795"}]}
RESULT: {"script":"<script> [56 bytes]","args":[{"element-6066-11e4-a52e-4f735466cecf":"f.9B2FD2DF9A9EBD12F39787CA2B3A3B3C.d.9D2F1153692D7F3ECC6A82C6B20F0F66.e.7795","ELEMENT":"f.9B2FD2DF9A9EBD12F39787CA2B3A3B3C.d.9D2F1153692D7F3ECC6A82C6B20F0F66.e.7795"}]}
COMMAND: GET /session/c72c23a71f957f5f97380492e1ede48b/element/f.9B2FD2DF9A9EBD12F39787CA2B3A3B3C.d.9D2F1153692D7F3ECC6A82C6B20F0F66.e.7794/attribute/aria-checked - {}
COMMAND: GET /session/c72c23a71f957f5f97380492e1ede48b/screenshot - {}
RESULT: {}
COMMAND: POST /session/c72c23a71f957f5f97380492e1ede48b/element - {"using":"xpath","value":"//table[contains(@id, \"listView-innerSelectionPanelTable-listUl\")]/tbody/tr[4]/td[2]/div/div"}
RESULT: {}
RESULT: {"using":"xpath","value":"//table[contains(@id, \"listView-innerSelectionPanelTable-listUl\")]/tbody/tr[4]/td[2]/div/div"}
COMMAND: POST /session/c72c23a71f957f5f97380492e1ede48b/element - {"using":"xpath","value":"//table[contains(@id, \"listView-innerSelectionPanelTable-listUl\")]/tbody/tr[4]/td[2]/div"}
RESULT: {"using":"xpath","value":"//table[contains(@id, \"listView-innerSelectionPanelTable-listUl\")]/tbody/tr[4]/td[2]/div"}
COMMAND: POST /session/c72c23a71f957f5f97380492e1ede48b/element - {"using":"xpath","value":"//table[contains(@id, \"listView-innerSelectionPanelTable-listUl\")]/tbody/tr[4]/td[3]/div/div/span/span[1]/bdi"}
RESULT: {"using":"xpath","value":"//table[contains(@id, \"listView-innerSelectionPanelTable-listUl\")]/tbody/tr[4]/td[3]/div/div/span/span[1]/bdi"}
COMMAND: POST /session/c72c23a71f957f5f97380492e1ede48b/execute/sync - {"script":"<script> [56 bytes]","args":[{"element-6066-11e4-a52e-4f735466cecf":"f.9B2FD2DF9A9EBD12F39787CA2B3A3B3C.d.9D2F1153692D7F3ECC6A82C6B20F0F66.e.7798","ELEMENT":"f.9B2FD2DF9A9EBD12F39787CA2B3A3B3C.d.9D2F1153692D7F3ECC6A82C6B20F0F66.e.7798"}]}
RESULT: {"script":"<script> [56 bytes]","args":[{"element-6066-11e4-a52e-4f735466cecf":"f.9B2FD2DF9A9EBD12F39787CA2B3A3B3C.d.9D2F1153692D7F3ECC6A82C6B20F0F66.e.7798","ELEMENT":"f.9B2FD2DF9A9EBD12F39787CA2B3A3B3C.d.9D2F1153692D7F3ECC6A82C6B20F0F66.e.7798"}]}
COMMAND: GET /session/c72c23a71f957f5f97380492e1ede48b/element/f.9B2FD2DF9A9EBD12F39787CA2B3A3B3C.d.9D2F1153692D7F3ECC6A82C6B20F0F66.e.7797/attribute/aria-checked - {}
COMMAND: GET /session/c72c23a71f957f5f97380492e1ede48b/screenshot - {}
RESULT: {}
COMMAND: POST /session/c72c23a71f957f5f97380492e1ede48b/element - {"using":"xpath","value":"//table[contains(@id, \"listView-innerSelectionPanelTable-listUl\")]/tbody/tr[5]/td[2]/div/div"}
RESULT: {}
RESULT: {"using":"xpath","value":"//table[contains(@id, \"listView-innerSelectionPanelTable-listUl\")]/tbody/tr[5]/td[2]/div/div"}
COMMAND: POST /session/c72c23a71f957f5f97380492e1ede48b/element - {"using":"xpath","value":"//table[contains(@id, \"listView-innerSelectionPanelTable-listUl\")]/tbody/tr[5]/td[2]/div"}
RESULT: {"using":"xpath","value":"//table[contains(@id, \"listView-innerSelectionPanelTable-listUl\")]/tbody/tr[5]/td[2]/div"}
COMMAND: POST /session/c72c23a71f957f5f97380492e1ede48b/element - {"using":"xpath","value":"//table[contains(@id, \"listView-innerSelectionPanelTable-listUl\")]/tbody/tr[5]/td[3]/div/div/span/span[1]/bdi"}
RESULT: {"using":"xpath","value":"//table[contains(@id, \"listView-innerSelectionPanelTable-listUl\")]/tbody/tr[5]/td[3]/div/div/span/span[1]/bdi"}
COMMAND: POST /session/c72c23a71f957f5f97380492e1ede48b/execute/sync - {"script":"<script> [56 bytes]","args":[{"element-6066-11e4-a52e-4f735466cecf":"f.9B2FD2DF9A9EBD12F39787CA2B3A3B3C.d.9D2F1153692D7F3ECC6A82C6B20F0F66.e.7801","ELEMENT":"f.9B2FD2DF9A9EBD12F39787CA2B3A3B3C.d.9D2F1153692D7F3ECC6A82C6B20F0F66.e.7801"}]}
RESULT: {"script":"<script> [56 bytes]","args":[{"element-6066-11e4-a52e-4f735466cecf":"f.9B2FD2DF9A9EBD12F39787CA2B3A3B3C.d.9D2F1153692D7F3ECC6A82C6B20F0F66.e.7801","ELEMENT":"f.9B2FD2DF9A9EBD12F39787CA2B3A3B3C.d.9D2F1153692D7F3ECC6A82C6B20F0F66.e.7801"}]}
COMMAND: GET /session/c72c23a71f957f5f97380492e1ede48b/element/f.9B2FD2DF9A9EBD12F39787CA2B3A3B3C.d.9D2F1153692D7F3ECC6A82C6B20F0F66.e.7800/attribute/aria-checked - {}
COMMAND: GET /session/c72c23a71f957f5f97380492e1ede48b/screenshot - {}
RESULT: {}
RESULT: {}
COMMAND: POST /session/c72c23a71f957f5f97380492e1ede48b/element - {"using":"xpath","value":"//table[contains(@id, \"listView-innerSelectionPanelTable-listUl\")]/tbody/tr[6]/td[2]/div/div"}
RESULT: {"using":"xpath","value":"//table[contains(@id, \"listView-innerSelectionPanelTable-listUl\")]/tbody/tr[6]/td[2]/div/div"}
COMMAND: POST /session/c72c23a71f957f5f97380492e1ede48b/element - {"using":"xpath","value":"//table[contains(@id, \"listView-innerSelectionPanelTable-listUl\")]/tbody/tr[6]/td[2]/div"}
RESULT: {"using":"xpath","value":"//table[contains(@id, \"listView-innerSelectionPanelTable-listUl\")]/tbody/tr[6]/td[2]/div"}
COMMAND: POST /session/c72c23a71f957f5f97380492e1ede48b/element - {"using":"xpath","value":"//table[contains(@id, \"listView-innerSelectionPanelTable-listUl\")]/tbody/tr[6]/td[3]/div/div/span/span[1]/bdi"}
RESULT: {"using":"xpath","value":"//table[contains(@id, \"listView-innerSelectionPanelTable-listUl\")]/tbody/tr[6]/td[3]/div/div/span/span[1]/bdi"}
COMMAND: POST /session/c72c23a71f957f5f97380492e1ede48b/execute/sync - {"script":"<script> [56 bytes]","args":[{"element-6066-11e4-a52e-4f735466cecf":"f.9B2FD2DF9A9EBD12F39787CA2B3A3B3C.d.9D2F1153692D7F3ECC6A82C6B20F0F66.e.7804","ELEMENT":"f.9B2FD2DF9A9EBD12F39787CA2B3A3B3C.d.9D2F1153692D7F3ECC6A82C6B20F0F66.e.7804"}]}
RESULT: {"script":"<script> [56 bytes]","args":[{"element-6066-11e4-a52e-4f735466cecf":"f.9B2FD2DF9A9EBD12F39787CA2B3A3B3C.d.9D2F1153692D7F3ECC6A82C6B20F0F66.e.7804","ELEMENT":"f.9B2FD2DF9A9EBD12F39787CA2B3A3B3C.d.9D2F1153692D7F3ECC6A82C6B20F0F66.e.7804"}]}
COMMAND: GET /session/c72c23a71f957f5f97380492e1ede48b/element/f.9B2FD2DF9A9EBD12F39787CA2B3A3B3C.d.9D2F1153692D7F3ECC6A82C6B20F0F66.e.7803/attribute/aria-checked - {}
COMMAND: GET /session/c72c23a71f957f5f97380492e1ede48b/screenshot - {}
RESULT: {}
COMMAND: POST /session/c72c23a71f957f5f97380492e1ede48b/element - {"using":"xpath","value":"//table[contains(@id, \"listView-innerSelectionPanelTable-listUl\")]/tbody/tr[7]/td[2]/div/div"}
RESULT: {}
RESULT: {"using":"xpath","value":"//table[contains(@id, \"listView-innerSelectionPanelTable-listUl\")]/tbody/tr[7]/td[2]/div/div"}
COMMAND: POST /session/c72c23a71f957f5f97380492e1ede48b/element - {"using":"xpath","value":"//table[contains(@id, \"listView-innerSelectionPanelTable-listUl\")]/tbody/tr[7]/td[2]/div"}
RESULT: {"using":"xpath","value":"//table[contains(@id, \"listView-innerSelectionPanelTable-listUl\")]/tbody/tr[7]/td[2]/div"}
COMMAND: POST /session/c72c23a71f957f5f97380492e1ede48b/element - {"using":"xpath","value":"//table[contains(@id, \"listView-innerSelectionPanelTable-listUl\")]/tbody/tr[7]/td[3]/div/div/span/span[1]/bdi"}
RESULT: {"using":"xpath","value":"//table[contains(@id, \"listView-innerSelectionPanelTable-listUl\")]/tbody/tr[7]/td[3]/div/div/span/span[1]/bdi"}
COMMAND: POST /session/c72c23a71f957f5f97380492e1ede48b/execute/sync - {"script":"<script> [56 bytes]","args":[{"element-6066-11e4-a52e-4f735466cecf":"f.9B2FD2DF9A9EBD12F39787CA2B3A3B3C.d.9D2F1153692D7F3ECC6A82C6B20F0F66.e.7807","ELEMENT":"f.9B2FD2DF9A9EBD12F39787CA2B3A3B3C.d.9D2F1153692D7F3ECC6A82C6B20F0F66.e.7807"}]}
RESULT: {"script":"<script> [56 bytes]","args":[{"element-6066-11e4-a52e-4f735466cecf":"f.9B2FD2DF9A9EBD12F39787CA2B3A3B3C.d.9D2F1153692D7F3ECC6A82C6B20F0F66.e.7807","ELEMENT":"f.9B2FD2DF9A9EBD12F39787CA2B3A3B3C.d.9D2F1153692D7F3ECC6A82C6B20F0F66.e.7807"}]}
COMMAND: GET /session/c72c23a71f957f5f97380492e1ede48b/element/f.9B2FD2DF9A9EBD12F39787CA2B3A3B3C.d.9D2F1153692D7F3ECC6A82C6B20F0F66.e.7806/attribute/aria-checked - {}
COMMAND: GET /session/c72c23a71f957f5f97380492e1ede48b/screenshot - {}
RESULT: {}
COMMAND: POST /session/c72c23a71f957f5f97380492e1ede48b/element - {"using":"xpath","value":"//table[contains(@id, \"listView-innerSelectionPanelTable-listUl\")]/tbody/tr[8]/td[2]/div/div"}
RESULT: {}
RESULT: {"using":"xpath","value":"//table[contains(@id, \"listView-innerSelectionPanelTable-listUl\")]/tbody/tr[8]/td[2]/div/div"}
COMMAND: POST /session/c72c23a71f957f5f97380492e1ede48b/element - {"using":"xpath","value":"//table[contains(@id, \"listView-innerSelectionPanelTable-listUl\")]/tbody/tr[8]/td[2]/div"}
RESULT: {"using":"xpath","value":"//table[contains(@id, \"listView-innerSelectionPanelTable-listUl\")]/tbody/tr[8]/td[2]/div"}
COMMAND: POST /session/c72c23a71f957f5f97380492e1ede48b/element - {"using":"xpath","value":"//table[contains(@id, \"listView-innerSelectionPanelTable-listUl\")]/tbody/tr[8]/td[3]/div/div/span/span[1]/bdi"}
RESULT: {"using":"xpath","value":"//table[contains(@id, \"listView-innerSelectionPanelTable-listUl\")]/tbody/tr[8]/td[3]/div/div/span/span[1]/bdi"}
COMMAND: POST /session/c72c23a71f957f5f97380492e1ede48b/execute/sync - {"script":"<script> [56 bytes]","args":[{"element-6066-11e4-a52e-4f735466cecf":"f.9B2FD2DF9A9EBD12F39787CA2B3A3B3C.d.9D2F1153692D7F3ECC6A82C6B20F0F66.e.7810","ELEMENT":"f.9B2FD2DF9A9EBD12F39787CA2B3A3B3C.d.9D2F1153692D7F3ECC6A82C6B20F0F66.e.7810"}]}
RESULT: {"script":"<script> [56 bytes]","args":[{"element-6066-11e4-a52e-4f735466cecf":"f.9B2FD2DF9A9EBD12F39787CA2B3A3B3C.d.9D2F1153692D7F3ECC6A82C6B20F0F66.e.7810","ELEMENT":"f.9B2FD2DF9A9EBD12F39787CA2B3A3B3C.d.9D2F1153692D7F3ECC6A82C6B20F0F66.e.7810"}]}
COMMAND: GET /session/c72c23a71f957f5f97380492e1ede48b/element/f.9B2FD2DF9A9EBD12F39787CA2B3A3B3C.d.9D2F1153692D7F3ECC6A82C6B20F0F66.e.7809/attribute/aria-checked - {}
COMMAND: GET /session/c72c23a71f957f5f97380492e1ede48b/screenshot - {}
RESULT: {}
COMMAND: POST /session/c72c23a71f957f5f97380492e1ede48b/element - {"using":"xpath","value":"//table[contains(@id, \"listView-innerSelectionPanelTable-listUl\")]/tbody/tr[9]/td[2]/div/div"}
RESULT: {}
RESULT: {"using":"xpath","value":"//table[contains(@id, \"listView-innerSelectionPanelTable-listUl\")]/tbody/tr[9]/td[2]/div/div"}
COMMAND: POST /session/c72c23a71f957f5f97380492e1ede48b/element - {"using":"xpath","value":"//table[contains(@id, \"listView-innerSelectionPanelTable-listUl\")]/tbody/tr[9]/td[2]/div"}
RESULT: {"using":"xpath","value":"//table[contains(@id, \"listView-innerSelectionPanelTable-listUl\")]/tbody/tr[9]/td[2]/div"}
COMMAND: POST /session/c72c23a71f957f5f97380492e1ede48b/element - {"using":"xpath","value":"//table[contains(@id, \"listView-innerSelectionPanelTable-listUl\")]/tbody/tr[9]/td[3]/div/div/span/span[1]/bdi"}
RESULT: {"using":"xpath","value":"//table[contains(@id, \"listView-innerSelectionPanelTable-listUl\")]/tbody/tr[9]/td[3]/div/div/span/span[1]/bdi"}
COMMAND: POST /session/c72c23a71f957f5f97380492e1ede48b/execute/sync - {"script":"<script> [56 bytes]","args":[{"element-6066-11e4-a52e-4f735466cecf":"f.9B2FD2DF9A9EBD12F39787CA2B3A3B3C.d.9D2F1153692D7F3ECC6A82C6B20F0F66.e.7813","ELEMENT":"f.9B2FD2DF9A9EBD12F39787CA2B3A3B3C.d.9D2F1153692D7F3ECC6A82C6B20F0F66.e.7813"}]}
RESULT: {"script":"<script> [56 bytes]","args":[{"element-6066-11e4-a52e-4f735466cecf":"f.9B2FD2DF9A9EBD12F39787CA2B3A3B3C.d.9D2F1153692D7F3ECC6A82C6B20F0F66.e.7813","ELEMENT":"f.9B2FD2DF9A9EBD12F39787CA2B3A3B3C.d.9D2F1153692D7F3ECC6A82C6B20F0F66.e.7813"}]}
COMMAND: GET /session/c72c23a71f957f5f97380492e1ede48b/element/f.9B2FD2DF9A9EBD12F39787CA2B3A3B3C.d.9D2F1153692D7F3ECC6A82C6B20F0F66.e.7812/attribute/aria-checked - {}
COMMAND: GET /session/c72c23a71f957f5f97380492e1ede48b/screenshot - {}
RESULT: {}
COMMAND: POST /session/c72c23a71f957f5f97380492e1ede48b/element - {"using":"xpath","value":"//table[contains(@id, \"listView-innerSelectionPanelTable-listUl\")]/tbody/tr[10]/td[2]/div/div"}
RESULT: {}
RESULT: {"using":"xpath","value":"//table[contains(@id, \"listView-innerSelectionPanelTable-listUl\")]/tbody/tr[10]/td[2]/div/div"}
COMMAND: POST /session/c72c23a71f957f5f97380492e1ede48b/element - {"using":"xpath","value":"//table[contains(@id, \"listView-innerSelectionPanelTable-listUl\")]/tbody/tr[10]/td[2]/div"}
RESULT: {"using":"xpath","value":"//table[contains(@id, \"listView-innerSelectionPanelTable-listUl\")]/tbody/tr[10]/td[2]/div"}
COMMAND: POST /session/c72c23a71f957f5f97380492e1ede48b/element - {"using":"xpath","value":"//table[contains(@id, \"listView-innerSelectionPanelTable-listUl\")]/tbody/tr[10]/td[3]/div/div/span/span[1]/bdi"}
RESULT: {"using":"xpath","value":"//table[contains(@id, \"listView-innerSelectionPanelTable-listUl\")]/tbody/tr[10]/td[3]/div/div/span/span[1]/bdi"}
COMMAND: POST /session/c72c23a71f957f5f97380492e1ede48b/execute/sync - {"script":"<script> [56 bytes]","args":[{"element-6066-11e4-a52e-4f735466cecf":"f.9B2FD2DF9A9EBD12F39787CA2B3A3B3C.d.9D2F1153692D7F3ECC6A82C6B20F0F66.e.7816","ELEMENT":"f.9B2FD2DF9A9EBD12F39787CA2B3A3B3C.d.9D2F1153692D7F3ECC6A82C6B20F0F66.e.7816"}]}
RESULT: {"script":"<script> [56 bytes]","args":[{"element-6066-11e4-a52e-4f735466cecf":"f.9B2FD2DF9A9EBD12F39787CA2B3A3B3C.d.9D2F1153692D7F3ECC6A82C6B20F0F66.e.7816","ELEMENT":"f.9B2FD2DF9A9EBD12F39787CA2B3A3B3C.d.9D2F1153692D7F3ECC6A82C6B20F0F66.e.7816"}]}
COMMAND: GET /session/c72c23a71f957f5f97380492e1ede48b/element/f.9B2FD2DF9A9EBD12F39787CA2B3A3B3C.d.9D2F1153692D7F3ECC6A82C6B20F0F66.e.7815/attribute/aria-checked - {}
COMMAND: GET /session/c72c23a71f957f5f97380492e1ede48b/screenshot - {}
RESULT: {}
COMMAND: POST /session/c72c23a71f957f5f97380492e1ede48b/element - {"using":"xpath","value":"//table[contains(@id, \"listView-innerSelectionPanelTable-listUl\")]/tbody/tr[11]/td[2]/div/div"}
RESULT: {}
RESULT: {"using":"xpath","value":"//table[contains(@id, \"listView-innerSelectionPanelTable-listUl\")]/tbody/tr[11]/td[2]/div/div"}
COMMAND: POST /session/c72c23a71f957f5f97380492e1ede48b/element - {"using":"xpath","value":"//table[contains(@id, \"listView-innerSelectionPanelTable-listUl\")]/tbody/tr[11]/td[2]/div"}
RESULT: {"using":"xpath","value":"//table[contains(@id, \"listView-innerSelectionPanelTable-listUl\")]/tbody/tr[11]/td[2]/div"}
COMMAND: POST /session/c72c23a71f957f5f97380492e1ede48b/element - {"using":"xpath","value":"//table[contains(@id, \"listView-innerSelectionPanelTable-listUl\")]/tbody/tr[11]/td[3]/div/div/span/span[1]/bdi"}
RESULT: {"using":"xpath","value":"//table[contains(@id, \"listView-innerSelectionPanelTable-listUl\")]/tbody/tr[11]/td[3]/div/div/span/span[1]/bdi"}
COMMAND: POST /session/c72c23a71f957f5f97380492e1ede48b/execute/sync - {"script":"<script> [56 bytes]","args":[{"element-6066-11e4-a52e-4f735466cecf":"f.9B2FD2DF9A9EBD12F39787CA2B3A3B3C.d.9D2F1153692D7F3ECC6A82C6B20F0F66.e.7819","ELEMENT":"f.9B2FD2DF9A9EBD12F39787CA2B3A3B3C.d.9D2F1153692D7F3ECC6A82C6B20F0F66.e.7819"}]}
RESULT: {"script":"<script> [56 bytes]","args":[{"element-6066-11e4-a52e-4f735466cecf":"f.9B2FD2DF9A9EBD12F39787CA2B3A3B3C.d.9D2F1153692D7F3ECC6A82C6B20F0F66.e.7819","ELEMENT":"f.9B2FD2DF9A9EBD12F39787CA2B3A3B3C.d.9D2F1153692D7F3ECC6A82C6B20F0F66.e.7819"}]}
COMMAND: GET /session/c72c23a71f957f5f97380492e1ede48b/element/f.9B2FD2DF9A9EBD12F39787CA2B3A3B3C.d.9D2F1153692D7F3ECC6A82C6B20F0F66.e.7818/attribute/aria-checked - {}
COMMAND: GET /session/c72c23a71f957f5f97380492e1ede48b/screenshot - {}
RESULT: {}
COMMAND: POST /session/c72c23a71f957f5f97380492e1ede48b/element - {"using":"xpath","value":"//table[contains(@id, \"listView-innerSelectionPanelTable-listUl\")]/tbody/tr[12]/td[2]/div/div"}
RESULT: {}
RESULT: {"using":"xpath","value":"//table[contains(@id, \"listView-innerSelectionPanelTable-listUl\")]/tbody/tr[12]/td[2]/div/div"}
COMMAND: POST /session/c72c23a71f957f5f97380492e1ede48b/element - {"using":"xpath","value":"//table[contains(@id, \"listView-innerSelectionPanelTable-listUl\")]/tbody/tr[12]/td[2]/div"}
RESULT: {"using":"xpath","value":"//table[contains(@id, \"listView-innerSelectionPanelTable-listUl\")]/tbody/tr[12]/td[2]/div"}
COMMAND: POST /session/c72c23a71f957f5f97380492e1ede48b/element - {"using":"xpath","value":"//table[contains(@id, \"listView-innerSelectionPanelTable-listUl\")]/tbody/tr[12]/td[3]/div/div/span/span[1]/bdi"}
RESULT: {"using":"xpath","value":"//table[contains(@id, \"listView-innerSelectionPanelTable-listUl\")]/tbody/tr[12]/td[3]/div/div/span/span[1]/bdi"}
COMMAND: POST /session/c72c23a71f957f5f97380492e1ede48b/execute/sync - {"script":"<script> [56 bytes]","args":[{"element-6066-11e4-a52e-4f735466cecf":"f.9B2FD2DF9A9EBD12F39787CA2B3A3B3C.d.9D2F1153692D7F3ECC6A82C6B20F0F66.e.7822","ELEMENT":"f.9B2FD2DF9A9EBD12F39787CA2B3A3B3C.d.9D2F1153692D7F3ECC6A82C6B20F0F66.e.7822"}]}
RESULT: {"script":"<script> [56 bytes]","args":[{"element-6066-11e4-a52e-4f735466cecf":"f.9B2FD2DF9A9EBD12F39787CA2B3A3B3C.d.9D2F1153692D7F3ECC6A82C6B20F0F66.e.7822","ELEMENT":"f.9B2FD2DF9A9EBD12F39787CA2B3A3B3C.d.9D2F1153692D7F3ECC6A82C6B20F0F66.e.7822"}]}
COMMAND: GET /session/c72c23a71f957f5f97380492e1ede48b/element/f.9B2FD2DF9A9EBD12F39787CA2B3A3B3C.d.9D2F1153692D7F3ECC6A82C6B20F0F66.e.7821/attribute/aria-checked - {}
COMMAND: GET /session/c72c23a71f957f5f97380492e1ede48b/screenshot - {}
RESULT: {}
COMMAND: POST /session/c72c23a71f957f5f97380492e1ede48b/element - {"using":"xpath","value":"//table[contains(@id, \"listView-innerSelectionPanelTable-listUl\")]/tbody/tr[13]/td[2]/div/div"}
RESULT: {}
RESULT: {"using":"xpath","value":"//table[contains(@id, \"listView-innerSelectionPanelTable-listUl\")]/tbody/tr[13]/td[2]/div/div"}
COMMAND: POST /session/c72c23a71f957f5f97380492e1ede48b/element - {"using":"xpath","value":"//table[contains(@id, \"listView-innerSelectionPanelTable-listUl\")]/tbody/tr[13]/td[2]/div"}
RESULT: {"using":"xpath","value":"//table[contains(@id, \"listView-innerSelectionPanelTable-listUl\")]/tbody/tr[13]/td[2]/div"}
COMMAND: POST /session/c72c23a71f957f5f97380492e1ede48b/element - {"using":"xpath","value":"//table[contains(@id, \"listView-innerSelectionPanelTable-listUl\")]/tbody/tr[13]/td[3]/div/div/span/span[1]/bdi"}
RESULT: {"using":"xpath","value":"//table[contains(@id, \"listView-innerSelectionPanelTable-listUl\")]/tbody/tr[13]/td[3]/div/div/span/span[1]/bdi"}
COMMAND: POST /session/c72c23a71f957f5f97380492e1ede48b/execute/sync - {"script":"<script> [56 bytes]","args":[{"element-6066-11e4-a52e-4f735466cecf":"f.9B2FD2DF9A9EBD12F39787CA2B3A3B3C.d.9D2F1153692D7F3ECC6A82C6B20F0F66.e.7825","ELEMENT":"f.9B2FD2DF9A9EBD12F39787CA2B3A3B3C.d.9D2F1153692D7F3ECC6A82C6B20F0F66.e.7825"}]}
RESULT: {"script":"<script> [56 bytes]","args":[{"element-6066-11e4-a52e-4f735466cecf":"f.9B2FD2DF9A9EBD12F39787CA2B3A3B3C.d.9D2F1153692D7F3ECC6A82C6B20F0F66.e.7825","ELEMENT":"f.9B2FD2DF9A9EBD12F39787CA2B3A3B3C.d.9D2F1153692D7F3ECC6A82C6B20F0F66.e.7825"}]}
COMMAND: GET /session/c72c23a71f957f5f97380492e1ede48b/element/f.9B2FD2DF9A9EBD12F39787CA2B3A3B3C.d.9D2F1153692D7F3ECC6A82C6B20F0F66.e.7824/attribute/aria-checked - {}
COMMAND: GET /session/c72c23a71f957f5f97380492e1ede48b/screenshot - {}
RESULT: {}
COMMAND: POST /session/c72c23a71f957f5f97380492e1ede48b/element - {"using":"xpath","value":"//table[contains(@id, \"listView-innerSelectionPanelTable-listUl\")]/tbody/tr[14]/td[2]/div/div"}
RESULT: {}
RESULT: {"using":"xpath","value":"//table[contains(@id, \"listView-innerSelectionPanelTable-listUl\")]/tbody/tr[14]/td[2]/div/div"}
COMMAND: POST /session/c72c23a71f957f5f97380492e1ede48b/element - {"using":"xpath","value":"//table[contains(@id, \"listView-innerSelectionPanelTable-listUl\")]/tbody/tr[14]/td[2]/div"}
RESULT: {"using":"xpath","value":"//table[contains(@id, \"listView-innerSelectionPanelTable-listUl\")]/tbody/tr[14]/td[2]/div"}
COMMAND: POST /session/c72c23a71f957f5f97380492e1ede48b/element - {"using":"xpath","value":"//table[contains(@id, \"listView-innerSelectionPanelTable-listUl\")]/tbody/tr[14]/td[3]/div/div/span/span[1]/bdi"}
RESULT: {"using":"xpath","value":"//table[contains(@id, \"listView-innerSelectionPanelTable-listUl\")]/tbody/tr[14]/td[3]/div/div/span/span[1]/bdi"}
COMMAND: POST /session/c72c23a71f957f5f97380492e1ede48b/execute/sync - {"script":"<script> [56 bytes]","args":[{"element-6066-11e4-a52e-4f735466cecf":"f.9B2FD2DF9A9EBD12F39787CA2B3A3B3C.d.9D2F1153692D7F3ECC6A82C6B20F0F66.e.7828","ELEMENT":"f.9B2FD2DF9A9EBD12F39787CA2B3A3B3C.d.9D2F1153692D7F3ECC6A82C6B20F0F66.e.7828"}]}
RESULT: {"script":"<script> [56 bytes]","args":[{"element-6066-11e4-a52e-4f735466cecf":"f.9B2FD2DF9A9EBD12F39787CA2B3A3B3C.d.9D2F1153692D7F3ECC6A82C6B20F0F66.e.7828","ELEMENT":"f.9B2FD2DF9A9EBD12F39787CA2B3A3B3C.d.9D2F1153692D7F3ECC6A82C6B20F0F66.e.7828"}]}
COMMAND: GET /session/c72c23a71f957f5f97380492e1ede48b/element/f.9B2FD2DF9A9EBD12F39787CA2B3A3B3C.d.9D2F1153692D7F3ECC6A82C6B20F0F66.e.7827/attribute/aria-checked - {}
COMMAND: GET /session/c72c23a71f957f5f97380492e1ede48b/screenshot - {}
RESULT: {}
COMMAND: POST /session/c72c23a71f957f5f97380492e1ede48b/element - {"using":"xpath","value":"//table[contains(@id, \"listView-innerSelectionPanelTable-listUl\")]/tbody/tr[15]/td[2]/div/div"}
RESULT: {}
RESULT: {"using":"xpath","value":"//table[contains(@id, \"listView-innerSelectionPanelTable-listUl\")]/tbody/tr[15]/td[2]/div/div"}
COMMAND: POST /session/c72c23a71f957f5f97380492e1ede48b/element - {"using":"xpath","value":"//table[contains(@id, \"listView-innerSelectionPanelTable-listUl\")]/tbody/tr[15]/td[2]/div"}
RESULT: {"using":"xpath","value":"//table[contains(@id, \"listView-innerSelectionPanelTable-listUl\")]/tbody/tr[15]/td[2]/div"}
COMMAND: POST /session/c72c23a71f957f5f97380492e1ede48b/element - {"using":"xpath","value":"//table[contains(@id, \"listView-innerSelectionPanelTable-listUl\")]/tbody/tr[15]/td[3]/div/div/span/span[1]/bdi"}
RESULT: {"using":"xpath","value":"//table[contains(@id, \"listView-innerSelectionPanelTable-listUl\")]/tbody/tr[15]/td[3]/div/div/span/span[1]/bdi"}
COMMAND: POST /session/c72c23a71f957f5f97380492e1ede48b/execute/sync - {"script":"<script> [56 bytes]","args":[{"element-6066-11e4-a52e-4f735466cecf":"f.9B2FD2DF9A9EBD12F39787CA2B3A3B3C.d.9D2F1153692D7F3ECC6A82C6B20F0F66.e.7831","ELEMENT":"f.9B2FD2DF9A9EBD12F39787CA2B3A3B3C.d.9D2F1153692D7F3ECC6A82C6B20F0F66.e.7831"}]}
RESULT: {"script":"<script> [56 bytes]","args":[{"element-6066-11e4-a52e-4f735466cecf":"f.9B2FD2DF9A9EBD12F39787CA2B3A3B3C.d.9D2F1153692D7F3ECC6A82C6B20F0F66.e.7831","ELEMENT":"f.9B2FD2DF9A9EBD12F39787CA2B3A3B3C.d.9D2F1153692D7F3ECC6A82C6B20F0F66.e.7831"}]}
COMMAND: GET /session/c72c23a71f957f5f97380492e1ede48b/element/f.9B2FD2DF9A9EBD12F39787CA2B3A3B3C.d.9D2F1153692D7F3ECC6A82C6B20F0F66.e.7830/attribute/aria-checked - {}
COMMAND: GET /session/c72c23a71f957f5f97380492e1ede48b/screenshot - {}
RESULT: {}
COMMAND: POST /session/c72c23a71f957f5f97380492e1ede48b/element - {"using":"xpath","value":"//table[contains(@id, \"listView-innerSelectionPanelTable-listUl\")]/tbody/tr[16]/td[2]/div/div"}
RESULT: {}
RESULT: {"using":"xpath","value":"//table[contains(@id, \"listView-innerSelectionPanelTable-listUl\")]/tbody/tr[16]/td[2]/div/div"}
COMMAND: POST /session/c72c23a71f957f5f97380492e1ede48b/element - {"using":"xpath","value":"//table[contains(@id, \"listView-innerSelectionPanelTable-listUl\")]/tbody/tr[16]/td[2]/div"}
RESULT: {"using":"xpath","value":"//table[contains(@id, \"listView-innerSelectionPanelTable-listUl\")]/tbody/tr[16]/td[2]/div"}
COMMAND: POST /session/c72c23a71f957f5f97380492e1ede48b/element - {"using":"xpath","value":"//table[contains(@id, \"listView-innerSelectionPanelTable-listUl\")]/tbody/tr[16]/td[3]/div/div/span/span[1]/bdi"}
RESULT: {"using":"xpath","value":"//table[contains(@id, \"listView-innerSelectionPanelTable-listUl\")]/tbody/tr[16]/td[3]/div/div/span/span[1]/bdi"}
COMMAND: POST /session/c72c23a71f957f5f97380492e1ede48b/execute/sync - {"script":"<script> [56 bytes]","args":[{"element-6066-11e4-a52e-4f735466cecf":"f.9B2FD2DF9A9EBD12F39787CA2B3A3B3C.d.9D2F1153692D7F3ECC6A82C6B20F0F66.e.7834","ELEMENT":"f.9B2FD2DF9A9EBD12F39787CA2B3A3B3C.d.9D2F1153692D7F3ECC6A82C6B20F0F66.e.7834"}]}
RESULT: {"script":"<script> [56 bytes]","args":[{"element-6066-11e4-a52e-4f735466cecf":"f.9B2FD2DF9A9EBD12F39787CA2B3A3B3C.d.9D2F1153692D7F3ECC6A82C6B20F0F66.e.7834","ELEMENT":"f.9B2FD2DF9A9EBD12F39787CA2B3A3B3C.d.9D2F1153692D7F3ECC6A82C6B20F0F66.e.7834"}]}
COMMAND: GET /session/c72c23a71f957f5f97380492e1ede48b/element/f.9B2FD2DF9A9EBD12F39787CA2B3A3B3C.d.9D2F1153692D7F3ECC6A82C6B20F0F66.e.7833/attribute/aria-checked - {}
COMMAND: GET /session/c72c23a71f957f5f97380492e1ede48b/screenshot - {}
RESULT: {}
COMMAND: POST /session/c72c23a71f957f5f97380492e1ede48b/element - {"using":"xpath","value":"//table[contains(@id, \"listView-innerSelectionPanelTable-listUl\")]/tbody/tr[17]/td[2]/div/div"}
RESULT: {}
RESULT: {"using":"xpath","value":"//table[contains(@id, \"listView-innerSelectionPanelTable-listUl\")]/tbody/tr[17]/td[2]/div/div"}
COMMAND: POST /session/c72c23a71f957f5f97380492e1ede48b/element - {"using":"xpath","value":"//table[contains(@id, \"listView-innerSelectionPanelTable-listUl\")]/tbody/tr[17]/td[2]/div"}
RESULT: {"using":"xpath","value":"//table[contains(@id, \"listView-innerSelectionPanelTable-listUl\")]/tbody/tr[17]/td[2]/div"}
COMMAND: POST /session/c72c23a71f957f5f97380492e1ede48b/element - {"using":"xpath","value":"//table[contains(@id, \"listView-innerSelectionPanelTable-listUl\")]/tbody/tr[17]/td[3]/div/div/span/span[1]/bdi"}
RESULT: {"using":"xpath","value":"//table[contains(@id, \"listView-innerSelectionPanelTable-listUl\")]/tbody/tr[17]/td[3]/div/div/span/span[1]/bdi"}
COMMAND: POST /session/c72c23a71f957f5f97380492e1ede48b/execute/sync - {"script":"<script> [56 bytes]","args":[{"element-6066-11e4-a52e-4f735466cecf":"f.9B2FD2DF9A9EBD12F39787CA2B3A3B3C.d.9D2F1153692D7F3ECC6A82C6B20F0F66.e.7837","ELEMENT":"f.9B2FD2DF9A9EBD12F39787CA2B3A3B3C.d.9D2F1153692D7F3ECC6A82C6B20F0F66.e.7837"}]}
RESULT: {"script":"<script> [56 bytes]","args":[{"element-6066-11e4-a52e-4f735466cecf":"f.9B2FD2DF9A9EBD12F39787CA2B3A3B3C.d.9D2F1153692D7F3ECC6A82C6B20F0F66.e.7837","ELEMENT":"f.9B2FD2DF9A9EBD12F39787CA2B3A3B3C.d.9D2F1153692D7F3ECC6A82C6B20F0F66.e.7837"}]}
COMMAND: GET /session/c72c23a71f957f5f97380492e1ede48b/element/f.9B2FD2DF9A9EBD12F39787CA2B3A3B3C.d.9D2F1153692D7F3ECC6A82C6B20F0F66.e.7836/attribute/aria-checked - {}
COMMAND: GET /session/c72c23a71f957f5f97380492e1ede48b/screenshot - {}
RESULT: {}
COMMAND: POST /session/c72c23a71f957f5f97380492e1ede48b/element - {"using":"xpath","value":"//table[contains(@id, \"listView-innerSelectionPanelTable-listUl\")]/tbody/tr[18]/td[2]/div/div"}
RESULT: {}
RESULT: {"using":"xpath","value":"//table[contains(@id, \"listView-innerSelectionPanelTable-listUl\")]/tbody/tr[18]/td[2]/div/div"}
COMMAND: POST /session/c72c23a71f957f5f97380492e1ede48b/element - {"using":"xpath","value":"//table[contains(@id, \"listView-innerSelectionPanelTable-listUl\")]/tbody/tr[18]/td[2]/div"}
RESULT: {"using":"xpath","value":"//table[contains(@id, \"listView-innerSelectionPanelTable-listUl\")]/tbody/tr[18]/td[2]/div"}
COMMAND: POST /session/c72c23a71f957f5f97380492e1ede48b/element - {"using":"xpath","value":"//table[contains(@id, \"listView-innerSelectionPanelTable-listUl\")]/tbody/tr[18]/td[3]/div/div/span/span[1]/bdi"}
RESULT: {"using":"xpath","value":"//table[contains(@id, \"listView-innerSelectionPanelTable-listUl\")]/tbody/tr[18]/td[3]/div/div/span/span[1]/bdi"}
COMMAND: POST /session/c72c23a71f957f5f97380492e1ede48b/execute/sync - {"script":"<script> [56 bytes]","args":[{"element-6066-11e4-a52e-4f735466cecf":"f.9B2FD2DF9A9EBD12F39787CA2B3A3B3C.d.9D2F1153692D7F3ECC6A82C6B20F0F66.e.7840","ELEMENT":"f.9B2FD2DF9A9EBD12F39787CA2B3A3B3C.d.9D2F1153692D7F3ECC6A82C6B20F0F66.e.7840"}]}
RESULT: {"script":"<script> [56 bytes]","args":[{"element-6066-11e4-a52e-4f735466cecf":"f.9B2FD2DF9A9EBD12F39787CA2B3A3B3C.d.9D2F1153692D7F3ECC6A82C6B20F0F66.e.7840","ELEMENT":"f.9B2FD2DF9A9EBD12F39787CA2B3A3B3C.d.9D2F1153692D7F3ECC6A82C6B20F0F66.e.7840"}]}
COMMAND: GET /session/c72c23a71f957f5f97380492e1ede48b/element/f.9B2FD2DF9A9EBD12F39787CA2B3A3B3C.d.9D2F1153692D7F3ECC6A82C6B20F0F66.e.7839/attribute/aria-checked - {}
COMMAND: GET /session/c72c23a71f957f5f97380492e1ede48b/screenshot - {}
RESULT: {}
COMMAND: POST /session/c72c23a71f957f5f97380492e1ede48b/element - {"using":"xpath","value":"//table[contains(@id, \"listView-innerSelectionPanelTable-listUl\")]/tbody/tr[19]/td[2]/div/div"}
RESULT: {}
RESULT: {"using":"xpath","value":"//table[contains(@id, \"listView-innerSelectionPanelTable-listUl\")]/tbody/tr[19]/td[2]/div/div"}
COMMAND: POST /session/c72c23a71f957f5f97380492e1ede48b/element - {"using":"xpath","value":"//table[contains(@id, \"listView-innerSelectionPanelTable-listUl\")]/tbody/tr[19]/td[2]/div"}
RESULT: {"using":"xpath","value":"//table[contains(@id, \"listView-innerSelectionPanelTable-listUl\")]/tbody/tr[19]/td[2]/div"}
COMMAND: POST /session/c72c23a71f957f5f97380492e1ede48b/element - {"using":"xpath","value":"//table[contains(@id, \"listView-innerSelectionPanelTable-listUl\")]/tbody/tr[19]/td[3]/div/div/span/span[1]/bdi"}
RESULT: {"using":"xpath","value":"//table[contains(@id, \"listView-innerSelectionPanelTable-listUl\")]/tbody/tr[19]/td[3]/div/div/span/span[1]/bdi"}
COMMAND: POST /session/c72c23a71f957f5f97380492e1ede48b/execute/sync - {"script":"<script> [56 bytes]","args":[{"element-6066-11e4-a52e-4f735466cecf":"f.9B2FD2DF9A9EBD12F39787CA2B3A3B3C.d.9D2F1153692D7F3ECC6A82C6B20F0F66.e.7843","ELEMENT":"f.9B2FD2DF9A9EBD12F39787CA2B3A3B3C.d.9D2F1153692D7F3ECC6A82C6B20F0F66.e.7843"}]}
RESULT: {"script":"<script> [56 bytes]","args":[{"element-6066-11e4-a52e-4f735466cecf":"f.9B2FD2DF9A9EBD12F39787CA2B3A3B3C.d.9D2F1153692D7F3ECC6A82C6B20F0F66.e.7843","ELEMENT":"f.9B2FD2DF9A9EBD12F39787CA2B3A3B3C.d.9D2F1153692D7F3ECC6A82C6B20F0F66.e.7843"}]}
COMMAND: GET /session/c72c23a71f957f5f97380492e1ede48b/element/f.9B2FD2DF9A9EBD12F39787CA2B3A3B3C.d.9D2F1153692D7F3ECC6A82C6B20F0F66.e.7842/attribute/aria-checked - {}
COMMAND: GET /session/c72c23a71f957f5f97380492e1ede48b/screenshot - {}
RESULT: {}
COMMAND: POST /session/c72c23a71f957f5f97380492e1ede48b/element - {"using":"xpath","value":"//table[contains(@id, \"listView-innerSelectionPanelTable-listUl\")]/tbody/tr[20]/td[2]/div/div"}
RESULT: {}
RESULT: {"using":"xpath","value":"//table[contains(@id, \"listView-innerSelectionPanelTable-listUl\")]/tbody/tr[20]/td[2]/div/div"}
COMMAND: POST /session/c72c23a71f957f5f97380492e1ede48b/element - {"using":"xpath","value":"//table[contains(@id, \"listView-innerSelectionPanelTable-listUl\")]/tbody/tr[20]/td[2]/div"}
RESULT: {"using":"xpath","value":"//table[contains(@id, \"listView-innerSelectionPanelTable-listUl\")]/tbody/tr[20]/td[2]/div"}
COMMAND: POST /session/c72c23a71f957f5f97380492e1ede48b/element - {"using":"xpath","value":"//table[contains(@id, \"listView-innerSelectionPanelTable-listUl\")]/tbody/tr[20]/td[3]/div/div/span/span[1]/bdi"}
RESULT: {"using":"xpath","value":"//table[contains(@id, \"listView-innerSelectionPanelTable-listUl\")]/tbody/tr[20]/td[3]/div/div/span/span[1]/bdi"}
COMMAND: POST /session/c72c23a71f957f5f97380492e1ede48b/execute/sync - {"script":"<script> [56 bytes]","args":[{"element-6066-11e4-a52e-4f735466cecf":"f.9B2FD2DF9A9EBD12F39787CA2B3A3B3C.d.9D2F1153692D7F3ECC6A82C6B20F0F66.e.7846","ELEMENT":"f.9B2FD2DF9A9EBD12F39787CA2B3A3B3C.d.9D2F1153692D7F3ECC6A82C6B20F0F66.e.7846"}]}
RESULT: {"script":"<script> [56 bytes]","args":[{"element-6066-11e4-a52e-4f735466cecf":"f.9B2FD2DF9A9EBD12F39787CA2B3A3B3C.d.9D2F1153692D7F3ECC6A82C6B20F0F66.e.7846","ELEMENT":"f.9B2FD2DF9A9EBD12F39787CA2B3A3B3C.d.9D2F1153692D7F3ECC6A82C6B20F0F66.e.7846"}]}
COMMAND: GET /session/c72c23a71f957f5f97380492e1ede48b/element/f.9B2FD2DF9A9EBD12F39787CA2B3A3B3C.d.9D2F1153692D7F3ECC6A82C6B20F0F66.e.7845/attribute/aria-checked - {}
COMMAND: GET /session/c72c23a71f957f5f97380492e1ede48b/screenshot - {}
RESULT: {}
COMMAND: POST /session/c72c23a71f957f5f97380492e1ede48b/element - {"using":"xpath","value":"//table[contains(@id, \"listView-innerSelectionPanelTable-listUl\")]/tbody/tr[21]/td[2]/div/div"}
COMMAND: POST /session/c72c23a71f957f5f97380492e1ede48b/element/f.9B2FD2DF9A9EBD12F39787CA2B3A3B3C.d.9D2F1153692D7F3ECC6A82C6B20F0F66.e.7844/click - {}
RESULT: {}
RESULT: {}
COMMAND: GET /session/c72c23a71f957f5f97380492e1ede48b/screenshot - {}
RESULT: {"using":"xpath","value":"//table[contains(@id, \"listView-innerSelectionPanelTable-listUl\")]/tbody/tr[21]/td[2]/div/div"}
COMMAND: POST /session/c72c23a71f957f5f97380492e1ede48b/element - {"using":"xpath","value":"//table[contains(@id, \"listView-innerSelectionPanelTable-listUl\")]/tbody/tr[21]/td[2]/div"}
RESULT: {}
RESULT: {"using":"xpath","value":"//table[contains(@id, \"listView-innerSelectionPanelTable-listUl\")]/tbody/tr[21]/td[2]/div"}
COMMAND: POST /session/c72c23a71f957f5f97380492e1ede48b/element - {"using":"xpath","value":"//table[contains(@id, \"listView-innerSelectionPanelTable-listUl\")]/tbody/tr[21]/td[3]/div/div/span/span[1]/bdi"}
RESULT: {"using":"xpath","value":"//table[contains(@id, \"listView-innerSelectionPanelTable-listUl\")]/tbody/tr[21]/td[3]/div/div/span/span[1]/bdi"}
COMMAND: POST /session/c72c23a71f957f5f97380492e1ede48b/execute/sync - {"script":"<script> [56 bytes]","args":[{"element-6066-11e4-a52e-4f735466cecf":"f.9B2FD2DF9A9EBD12F39787CA2B3A3B3C.d.9D2F1153692D7F3ECC6A82C6B20F0F66.e.7852","ELEMENT":"f.9B2FD2DF9A9EBD12F39787CA2B3A3B3C.d.9D2F1153692D7F3ECC6A82C6B20F0F66.e.7852"}]}
RESULT: {"script":"<script> [56 bytes]","args":[{"element-6066-11e4-a52e-4f735466cecf":"f.9B2FD2DF9A9EBD12F39787CA2B3A3B3C.d.9D2F1153692D7F3ECC6A82C6B20F0F66.e.7852","ELEMENT":"f.9B2FD2DF9A9EBD12F39787CA2B3A3B3C.d.9D2F1153692D7F3ECC6A82C6B20F0F66.e.7852"}]}
COMMAND: GET /session/c72c23a71f957f5f97380492e1ede48b/element/f.9B2FD2DF9A9EBD12F39787CA2B3A3B3C.d.9D2F1153692D7F3ECC6A82C6B20F0F66.e.7851/attribute/aria-checked - {}
COMMAND: GET /session/c72c23a71f957f5f97380492e1ede48b/screenshot - {}
RESULT: {}
COMMAND: POST /session/c72c23a71f957f5f97380492e1ede48b/element - {"using":"xpath","value":"//table[contains(@id, \"listView-innerSelectionPanelTable-listUl\")]/tbody/tr[22]/td[2]/div/div"}
COMMAND: POST /session/c72c23a71f957f5f97380492e1ede48b/element/f.9B2FD2DF9A9EBD12F39787CA2B3A3B3C.d.9D2F1153692D7F3ECC6A82C6B20F0F66.e.7850/click - {}
RESULT: {}
RESULT: {}
COMMAND: GET /session/c72c23a71f957f5f97380492e1ede48b/screenshot - {}
RESULT: {"using":"xpath","value":"//table[contains(@id, \"listView-innerSelectionPanelTable-listUl\")]/tbody/tr[22]/td[2]/div/div"}
COMMAND: POST /session/c72c23a71f957f5f97380492e1ede48b/element - {"using":"xpath","value":"//table[contains(@id, \"listView-innerSelectionPanelTable-listUl\")]/tbody/tr[22]/td[2]/div"}
RESULT: {}
RESULT: {"using":"xpath","value":"//table[contains(@id, \"listView-innerSelectionPanelTable-listUl\")]/tbody/tr[22]/td[2]/div"}
COMMAND: POST /session/c72c23a71f957f5f97380492e1ede48b/element - {"using":"xpath","value":"//table[contains(@id, \"listView-innerSelectionPanelTable-listUl\")]/tbody/tr[22]/td[3]/div/div/span/span[1]/bdi"}
RESULT: {"using":"xpath","value":"//table[contains(@id, \"listView-innerSelectionPanelTable-listUl\")]/tbody/tr[22]/td[3]/div/div/span/span[1]/bdi"}
COMMAND: POST /session/c72c23a71f957f5f97380492e1ede48b/execute/sync - {"script":"<script> [56 bytes]","args":[{"element-6066-11e4-a52e-4f735466cecf":"f.9B2FD2DF9A9EBD12F39787CA2B3A3B3C.d.9D2F1153692D7F3ECC6A82C6B20F0F66.e.7856","ELEMENT":"f.9B2FD2DF9A9EBD12F39787CA2B3A3B3C.d.9D2F1153692D7F3ECC6A82C6B20F0F66.e.7856"}]}
RESULT: {"script":"<script> [56 bytes]","args":[{"element-6066-11e4-a52e-4f735466cecf":"f.9B2FD2DF9A9EBD12F39787CA2B3A3B3C.d.9D2F1153692D7F3ECC6A82C6B20F0F66.e.7856","ELEMENT":"f.9B2FD2DF9A9EBD12F39787CA2B3A3B3C.d.9D2F1153692D7F3ECC6A82C6B20F0F66.e.7856"}]}
COMMAND: GET /session/c72c23a71f957f5f97380492e1ede48b/element/f.9B2FD2DF9A9EBD12F39787CA2B3A3B3C.d.9D2F1153692D7F3ECC6A82C6B20F0F66.e.7855/attribute/aria-checked - {}
COMMAND: GET /session/c72c23a71f957f5f97380492e1ede48b/screenshot - {}
RESULT: {}
COMMAND: POST /session/c72c23a71f957f5f97380492e1ede48b/element - {"using":"xpath","value":"//table[contains(@id, \"listView-innerSelectionPanelTable-listUl\")]/tbody/tr[23]/td[2]/div/div"}
RESULT: {}
RESULT: {"using":"xpath","value":"//table[contains(@id, \"listView-innerSelectionPanelTable-listUl\")]/tbody/tr[23]/td[2]/div/div"}
COMMAND: POST /session/c72c23a71f957f5f97380492e1ede48b/element - {"using":"xpath","value":"//table[contains(@id, \"listView-innerSelectionPanelTable-listUl\")]/tbody/tr[23]/td[2]/div"}
RESULT: {"using":"xpath","value":"//table[contains(@id, \"listView-innerSelectionPanelTable-listUl\")]/tbody/tr[23]/td[2]/div"}
COMMAND: POST /session/c72c23a71f957f5f97380492e1ede48b/element - {"using":"xpath","value":"//table[contains(@id, \"listView-innerSelectionPanelTable-listUl\")]/tbody/tr[23]/td[3]/div/div/span/span[1]/bdi"}
RESULT: {"using":"xpath","value":"//table[contains(@id, \"listView-innerSelectionPanelTable-listUl\")]/tbody/tr[23]/td[3]/div/div/span/span[1]/bdi"}
COMMAND: POST /session/c72c23a71f957f5f97380492e1ede48b/execute/sync - {"script":"<script> [56 bytes]","args":[{"element-6066-11e4-a52e-4f735466cecf":"f.9B2FD2DF9A9EBD12F39787CA2B3A3B3C.d.9D2F1153692D7F3ECC6A82C6B20F0F66.e.7859","ELEMENT":"f.9B2FD2DF9A9EBD12F39787CA2B3A3B3C.d.9D2F1153692D7F3ECC6A82C6B20F0F66.e.7859"}]}
RESULT: {"script":"<script> [56 bytes]","args":[{"element-6066-11e4-a52e-4f735466cecf":"f.9B2FD2DF9A9EBD12F39787CA2B3A3B3C.d.9D2F1153692D7F3ECC6A82C6B20F0F66.e.7859","ELEMENT":"f.9B2FD2DF9A9EBD12F39787CA2B3A3B3C.d.9D2F1153692D7F3ECC6A82C6B20F0F66.e.7859"}]}
COMMAND: GET /session/c72c23a71f957f5f97380492e1ede48b/element/f.9B2FD2DF9A9EBD12F39787CA2B3A3B3C.d.9D2F1153692D7F3ECC6A82C6B20F0F66.e.7858/attribute/aria-checked - {}
COMMAND: GET /session/c72c23a71f957f5f97380492e1ede48b/screenshot - {}
RESULT: {}
COMMAND: POST /session/c72c23a71f957f5f97380492e1ede48b/element - {"using":"xpath","value":"//table[contains(@id, \"listView-innerSelectionPanelTable-listUl\")]/tbody/tr[24]/td[2]/div/div"}
RESULT: {}
RESULT: {"using":"xpath","value":"//table[contains(@id, \"listView-innerSelectionPanelTable-listUl\")]/tbody/tr[24]/td[2]/div/div"}
COMMAND: POST /session/c72c23a71f957f5f97380492e1ede48b/element - {"using":"xpath","value":"//table[contains(@id, \"listView-innerSelectionPanelTable-listUl\")]/tbody/tr[24]/td[2]/div"}
RESULT: {"using":"xpath","value":"//table[contains(@id, \"listView-innerSelectionPanelTable-listUl\")]/tbody/tr[24]/td[2]/div"}
COMMAND: POST /session/c72c23a71f957f5f97380492e1ede48b/element - {"using":"xpath","value":"//table[contains(@id, \"listView-innerSelectionPanelTable-listUl\")]/tbody/tr[24]/td[3]/div/div/span/span[1]/bdi"}
RESULT: {"using":"xpath","value":"//table[contains(@id, \"listView-innerSelectionPanelTable-listUl\")]/tbody/tr[24]/td[3]/div/div/span/span[1]/bdi"}
COMMAND: POST /session/c72c23a71f957f5f97380492e1ede48b/execute/sync - {"script":"<script> [56 bytes]","args":[{"element-6066-11e4-a52e-4f735466cecf":"f.9B2FD2DF9A9EBD12F39787CA2B3A3B3C.d.9D2F1153692D7F3ECC6A82C6B20F0F66.e.7862","ELEMENT":"f.9B2FD2DF9A9EBD12F39787CA2B3A3B3C.d.9D2F1153692D7F3ECC6A82C6B20F0F66.e.7862"}]}
RESULT: {"script":"<script> [56 bytes]","args":[{"element-6066-11e4-a52e-4f735466cecf":"f.9B2FD2DF9A9EBD12F39787CA2B3A3B3C.d.9D2F1153692D7F3ECC6A82C6B20F0F66.e.7862","ELEMENT":"f.9B2FD2DF9A9EBD12F39787CA2B3A3B3C.d.9D2F1153692D7F3ECC6A82C6B20F0F66.e.7862"}]}
COMMAND: GET /session/c72c23a71f957f5f97380492e1ede48b/element/f.9B2FD2DF9A9EBD12F39787CA2B3A3B3C.d.9D2F1153692D7F3ECC6A82C6B20F0F66.e.7861/attribute/aria-checked - {}
COMMAND: GET /session/c72c23a71f957f5f97380492e1ede48b/screenshot - {}
RESULT: {}
COMMAND: POST /session/c72c23a71f957f5f97380492e1ede48b/element - {"using":"xpath","value":"//table[contains(@id, \"listView-innerSelectionPanelTable-listUl\")]/tbody/tr[25]/td[2]/div/div"}
RESULT: {}
RESULT: {"using":"xpath","value":"//table[contains(@id, \"listView-innerSelectionPanelTable-listUl\")]/tbody/tr[25]/td[2]/div/div"}
COMMAND: POST /session/c72c23a71f957f5f97380492e1ede48b/element - {"using":"xpath","value":"//table[contains(@id, \"listView-innerSelectionPanelTable-listUl\")]/tbody/tr[25]/td[2]/div"}
RESULT: {"using":"xpath","value":"//table[contains(@id, \"listView-innerSelectionPanelTable-listUl\")]/tbody/tr[25]/td[2]/div"}
COMMAND: POST /session/c72c23a71f957f5f97380492e1ede48b/element - {"using":"xpath","value":"//table[contains(@id, \"listView-innerSelectionPanelTable-listUl\")]/tbody/tr[25]/td[3]/div/div/span/span[1]/bdi"}
RESULT: {"using":"xpath","value":"//table[contains(@id, \"listView-innerSelectionPanelTable-listUl\")]/tbody/tr[25]/td[3]/div/div/span/span[1]/bdi"}
COMMAND: POST /session/c72c23a71f957f5f97380492e1ede48b/execute/sync - {"script":"<script> [56 bytes]","args":[{"element-6066-11e4-a52e-4f735466cecf":"f.9B2FD2DF9A9EBD12F39787CA2B3A3B3C.d.9D2F1153692D7F3ECC6A82C6B20F0F66.e.7865","ELEMENT":"f.9B2FD2DF9A9EBD12F39787CA2B3A3B3C.d.9D2F1153692D7F3ECC6A82C6B20F0F66.e.7865"}]}
RESULT: {"script":"<script> [56 bytes]","args":[{"element-6066-11e4-a52e-4f735466cecf":"f.9B2FD2DF9A9EBD12F39787CA2B3A3B3C.d.9D2F1153692D7F3ECC6A82C6B20F0F66.e.7865","ELEMENT":"f.9B2FD2DF9A9EBD12F39787CA2B3A3B3C.d.9D2F1153692D7F3ECC6A82C6B20F0F66.e.7865"}]}
COMMAND: GET /session/c72c23a71f957f5f97380492e1ede48b/element/f.9B2FD2DF9A9EBD12F39787CA2B3A3B3C.d.9D2F1153692D7F3ECC6A82C6B20F0F66.e.7864/attribute/aria-checked - {}
COMMAND: GET /session/c72c23a71f957f5f97380492e1ede48b/screenshot - {}
RESULT: {}
COMMAND: POST /session/c72c23a71f957f5f97380492e1ede48b/element - {"using":"xpath","value":"//bdi[contains(text(), \"OK\")]"}
RESULT: {}
RESULT: {"using":"xpath","value":"//bdi[contains(text(), \"OK\")]"}
COMMAND: POST /session/c72c23a71f957f5f97380492e1ede48b/element/f.9B2FD2DF9A9EBD12F39787CA2B3A3B3C.d.9D2F1153692D7F3ECC6A82C6B20F0F66.e.7866/click - {}
RESULT: {}
COMMAND: GET /session/c72c23a71f957f5f97380492e1ede48b/screenshot - {}
RESULT: {}
COMMAND: POST /session/c72c23a71f957f5f97380492e1ede48b/execute/async - {"script":"<script> [1562 bytes]","args":[{"selector":{"id":"application-managepartners-display-component---masterPtm--smartFilterBar-filterItemControlA_-LINK_TO_ADDRESSES_MAIN.ID-vhi"},"wdio_ui5_key":"applicationmanagepartners-display-component---masterPtm--smartFilterBar-filterItemControlA_-LINK_TO_ADDRESSES_MAIN.ID-vhi"}]}
RESULT: {"script":"<script> [1562 bytes]","args":[{"selector":{"id":"application-managepartners-display-component---masterPtm--smartFilterBar-filterItemControlA_-LINK_TO_ADDRESSES_MAIN.ID-vhi"},"wdio_ui5_key":"applicationmanagepartners-display-component---masterPtm--smartFilterBar-filterItemControlA_-LINK_TO_ADDRESSES_MAIN.ID-vhi"}]}
RESULT: undefined
COMMAND: POST /session/c72c23a71f957f5f97380492e1ede48b/element - {"using":"xpath","value":"//*[@id=\"application-managepartners-display-component---masterPtm--smartFilterBar-filterItemControlA_-LINK_TO_ADDRESSES_MAIN.ID-vhi\"]"}
RESULT: {"using":"xpath","value":"//*[@id=\"application-managepartners-display-component---masterPtm--smartFilterBar-filterItemControlA_-LINK_TO_ADDRESSES_MAIN.ID-vhi\"]"}
COMMAND: POST /session/c72c23a71f957f5f97380492e1ede48b/element/f.9B2FD2DF9A9EBD12F39787CA2B3A3B3C.d.9D2F1153692D7F3ECC6A82C6B20F0F66.e.7879/click - {}
RESULT: {}
COMMAND: GET /session/c72c23a71f957f5f97380492e1ede48b/screenshot - {}
RESULT: {}
COMMAND: POST /session/c72c23a71f957f5f97380492e1ede48b/element - {"using":"xpath","value":"//div[input[@value=\"contains\"]]//span[contains(@id, \"arrow\")]"}
RESULT: {"using":"xpath","value":"//div[input[@value=\"contains\"]]//span[contains(@id, \"arrow\")]"}
COMMAND: POST /session/c72c23a71f957f5f97380492e1ede48b/element/f.9B2FD2DF9A9EBD12F39787CA2B3A3B3C.d.9D2F1153692D7F3ECC6A82C6B20F0F66.e.7884/click - {}
RESULT: {}
COMMAND: GET /session/c72c23a71f957f5f97380492e1ede48b/screenshot - {}
RESULT: {}
COMMAND: POST /session/c72c23a71f957f5f97380492e1ede48b/element - {"using":"xpath","value":"//li[.//span[text()='equal to']]"}
RESULT: {"using":"xpath","value":"//li[.//span[text()='equal to']]"}
COMMAND: POST /session/c72c23a71f957f5f97380492e1ede48b/element/f.9B2FD2DF9A9EBD12F39787CA2B3A3B3C.d.9D2F1153692D7F3ECC6A82C6B20F0F66.e.7885/click - {}
RESULT: {}
COMMAND: GET /session/c72c23a71f957f5f97380492e1ede48b/screenshot - {}
RESULT: {}
RESULT: undefined
COMMAND: POST /session/c72c23a71f957f5f97380492e1ede48b/execute/async - {"script":"<script> [776 bytes]","args":[{"enterText":"1006","selector":{"controlType":"sap.m.Input","viewName":"etm.portal.ui.managepartners.view.Master","viewId":"application-managepartners-display-component---masterPtm","properties":{"valueState":"None"},"searchOpenDialogs":true,"interaction":{"idSuffix":"inner"}},"clearTextFirst":true,"interactionType":"ENTER_TEXT"}]}
RESULT: {"script":"<script> [776 bytes]","args":[{"enterText":"1006","selector":{"controlType":"sap.m.Input","viewName":"etm.portal.ui.managepartners.view.Master","viewId":"application-managepartners-display-component---masterPtm","properties":{"valueState":"None"},"searchOpenDialogs":true,"interaction":{"idSuffix":"inner"}},"clearTextFirst":true,"interactionType":"ENTER_TEXT"}]}
COMMAND: POST /session/c72c23a71f957f5f97380492e1ede48b/actions - {"actions":[{"id":"action22","type":"key","parameters":{},"actions":[{"type":"keyDown","value":""},{"type":"pause","duration":10},{"type":"keyUp","value":""}]}]}
RESULT: {"actions":[{"id":"action22","type":"key","parameters":{},"actions":[{"type":"keyDown","value":""},{"type":"pause","duration":10},{"type":"keyUp","value":""}]}]}
COMMAND: GET /session/c72c23a71f957f5f97380492e1ede48b/screenshot - {}
RESULT: {}
COMMAND: POST /session/c72c23a71f957f5f97380492e1ede48b/element - {"using":"xpath","value":"(//bdi[contains(text(), \"OK\")])[1]"}
RESULT: {"using":"xpath","value":"(//bdi[contains(text(), \"OK\")])[1]"}
COMMAND: POST /session/c72c23a71f957f5f97380492e1ede48b/element/f.9B2FD2DF9A9EBD12F39787CA2B3A3B3C.d.9D2F1153692D7F3ECC6A82C6B20F0F66.e.7886/click - {}
RESULT: {}
COMMAND: GET /session/c72c23a71f957f5f97380492e1ede48b/screenshot - {}
RESULT: {}
COMMAND: POST /session/c72c23a71f957f5f97380492e1ede48b/element - {"using":"xpath","value":"//span[@id=\"application-managepartners-display-component---masterPtm--smartTable-header-inner\"]"}
RESULT: {"using":"xpath","value":"//span[@id=\"application-managepartners-display-component---masterPtm--smartTable-header-inner\"]"}
COMMAND: POST /session/c72c23a71f957f5f97380492e1ede48b/elements - {"using":"xpath","value":"//span[@id=\"application-managepartners-display-component---masterPtm--smartTable-header-inner\"]"}
RESULT: {"using":"xpath","value":"//span[@id=\"application-managepartners-display-component---masterPtm--smartTable-header-inner\"]"}
COMMAND: POST /session/c72c23a71f957f5f97380492e1ede48b/execute/sync - {"script":"<script> [56 bytes]","args":[{"element-6066-11e4-a52e-4f735466cecf":"f.9B2FD2DF9A9EBD12F39787CA2B3A3B3C.d.9D2F1153692D7F3ECC6A82C6B20F0F66.e.7724","ELEMENT":"f.9B2FD2DF9A9EBD12F39787CA2B3A3B3C.d.9D2F1153692D7F3ECC6A82C6B20F0F66.e.7724"}]}
RESULT: {"script":"<script> [56 bytes]","args":[{"element-6066-11e4-a52e-4f735466cecf":"f.9B2FD2DF9A9EBD12F39787CA2B3A3B3C.d.9D2F1153692D7F3ECC6A82C6B20F0F66.e.7724","ELEMENT":"f.9B2FD2DF9A9EBD12F39787CA2B3A3B3C.d.9D2F1153692D7F3ECC6A82C6B20F0F66.e.7724"}]}
COMMAND: POST /session/c72c23a71f957f5f97380492e1ede48b/element - {"using":"xpath","value":"//span[contains(@title, \"Remove\")]"}
COMMAND: GET /session/c72c23a71f957f5f97380492e1ede48b/screenshot - {}
RESULT: {"using":"xpath","value":"//span[contains(@title, \"Remove\")]"}
COMMAND: POST /session/c72c23a71f957f5f97380492e1ede48b/element/f.9B2FD2DF9A9EBD12F39787CA2B3A3B3C.d.9D2F1153692D7F3ECC6A82C6B20F0F66.e.7890/click - {}
RESULT: {}
RESULT: {}
COMMAND: GET /session/c72c23a71f957f5f97380492e1ede48b/screenshot - {}
RESULT: {}
RESULT: undefined
COMMAND: POST /session/c72c23a71f957f5f97380492e1ede48b/element - {"using":"xpath","value":"//*[@id=\"application-managepartners-display-component---masterPtm--smartFilterBar-filterItemControl_BASIC-YARD-vhi\"]"}
RESULT: {"using":"xpath","value":"//*[@id=\"application-managepartners-display-component---masterPtm--smartFilterBar-filterItemControl_BASIC-YARD-vhi\"]"}
COMMAND: POST /session/c72c23a71f957f5f97380492e1ede48b/element/f.9B2FD2DF9A9EBD12F39787CA2B3A3B3C.d.9D2F1153692D7F3ECC6A82C6B20F0F66.e.7994/click - {}
RESULT: {}
COMMAND: GET /session/c72c23a71f957f5f97380492e1ede48b/screenshot - {}
RESULT: {}
RESULT: undefined
COMMAND: POST /session/c72c23a71f957f5f97380492e1ede48b/execute/async - {"script":"<script> [776 bytes]","args":[{"enterText":"Test","selector":{"id":"application-managepartners-display-component---masterPtm--smartFilterBar-filterItemControl_BASIC-YARD-valueHelpDialog-smartFilterBar-btnBasicSearch","searchOpenDialogs":true,"interaction":{"idSuffix":"I"}},"clearTextFirst":true,"interactionType":"ENTER_TEXT"}]}
RESULT: {"script":"<script> [776 bytes]","args":[{"enterText":"Test","selector":{"id":"application-managepartners-display-component---masterPtm--smartFilterBar-filterItemControl_BASIC-YARD-valueHelpDialog-smartFilterBar-btnBasicSearch","searchOpenDialogs":true,"interaction":{"idSuffix":"I"}},"clearTextFirst":true,"interactionType":"ENTER_TEXT"}]}
COMMAND: POST /session/c72c23a71f957f5f97380492e1ede48b/actions - {"actions":[{"id":"action23","type":"key","parameters":{},"actions":[{"type":"keyDown","value":""},{"type":"pause","duration":10},{"type":"keyUp","value":""}]}]}
RESULT: {"actions":[{"id":"action23","type":"key","parameters":{},"actions":[{"type":"keyDown","value":""},{"type":"pause","duration":10},{"type":"keyUp","value":""}]}]}
COMMAND: POST /session/c72c23a71f957f5f97380492e1ede48b/elements - {"using":"xpath","value":"//table[contains(@id, \"smartFilterBar-filterItemControl_BASIC-YARD-valueHelpDialog-table-table\")]/tbody/tr"}
COMMAND: GET /session/c72c23a71f957f5f97380492e1ede48b/screenshot - {}
RESULT: {"using":"xpath","value":"//table[contains(@id, \"smartFilterBar-filterItemControl_BASIC-YARD-valueHelpDialog-table-table\")]/tbody/tr"}
COMMAND: POST /session/c72c23a71f957f5f97380492e1ede48b/element - {"using":"xpath","value":"//table[contains(@id, \"smartFilterBar-filterItemControl_BASIC-YARD-valueHelpDialog-table-table\")]/tbody/tr[1]/td[1]/div/span"}
RESULT: {}
RESULT: {"using":"xpath","value":"//table[contains(@id, \"smartFilterBar-filterItemControl_BASIC-YARD-valueHelpDialog-table-table\")]/tbody/tr[1]/td[1]/div/span"}
COMMAND: POST /session/c72c23a71f957f5f97380492e1ede48b/elements - {"using":"xpath","value":"//table[contains(@id, \"smartFilterBar-filterItemControl_BASIC-YARD-valueHelpDialog-table-table\")]/tbody/tr[1]/td[1]/div/span"}
RESULT: {"using":"xpath","value":"//table[contains(@id, \"smartFilterBar-filterItemControl_BASIC-YARD-valueHelpDialog-table-table\")]/tbody/tr[1]/td[1]/div/span"}
COMMAND: POST /session/c72c23a71f957f5f97380492e1ede48b/execute/sync - {"script":"<script> [56 bytes]","args":[{"element-6066-11e4-a52e-4f735466cecf":"f.9B2FD2DF9A9EBD12F39787CA2B3A3B3C.d.9D2F1153692D7F3ECC6A82C6B20F0F66.e.8013","ELEMENT":"f.9B2FD2DF9A9EBD12F39787CA2B3A3B3C.d.9D2F1153692D7F3ECC6A82C6B20F0F66.e.8013"}]}
RESULT: {"script":"<script> [56 bytes]","args":[{"element-6066-11e4-a52e-4f735466cecf":"f.9B2FD2DF9A9EBD12F39787CA2B3A3B3C.d.9D2F1153692D7F3ECC6A82C6B20F0F66.e.8013","ELEMENT":"f.9B2FD2DF9A9EBD12F39787CA2B3A3B3C.d.9D2F1153692D7F3ECC6A82C6B20F0F66.e.8013"}]}
COMMAND: POST /session/c72c23a71f957f5f97380492e1ede48b/element - {"using":"xpath","value":"//table[contains(@id, \"smartFilterBar-filterItemControl_BASIC-YARD-valueHelpDialog-table-table\")]/tbody/tr[2]/td[1]/div/span"}
COMMAND: GET /session/c72c23a71f957f5f97380492e1ede48b/screenshot - {}
RESULT: {"using":"xpath","value":"//table[contains(@id, \"smartFilterBar-filterItemControl_BASIC-YARD-valueHelpDialog-table-table\")]/tbody/tr[2]/td[1]/div/span"}
COMMAND: POST /session/c72c23a71f957f5f97380492e1ede48b/elements - {"using":"xpath","value":"//table[contains(@id, \"smartFilterBar-filterItemControl_BASIC-YARD-valueHelpDialog-table-table\")]/tbody/tr[2]/td[1]/div/span"}
RESULT: {}
RESULT: {"using":"xpath","value":"//table[contains(@id, \"smartFilterBar-filterItemControl_BASIC-YARD-valueHelpDialog-table-table\")]/tbody/tr[2]/td[1]/div/span"}
COMMAND: POST /session/c72c23a71f957f5f97380492e1ede48b/execute/sync - {"script":"<script> [56 bytes]","args":[{"element-6066-11e4-a52e-4f735466cecf":"f.9B2FD2DF9A9EBD12F39787CA2B3A3B3C.d.9D2F1153692D7F3ECC6A82C6B20F0F66.e.8014","ELEMENT":"f.9B2FD2DF9A9EBD12F39787CA2B3A3B3C.d.9D2F1153692D7F3ECC6A82C6B20F0F66.e.8014"}]}
RESULT: {"script":"<script> [56 bytes]","args":[{"element-6066-11e4-a52e-4f735466cecf":"f.9B2FD2DF9A9EBD12F39787CA2B3A3B3C.d.9D2F1153692D7F3ECC6A82C6B20F0F66.e.8014","ELEMENT":"f.9B2FD2DF9A9EBD12F39787CA2B3A3B3C.d.9D2F1153692D7F3ECC6A82C6B20F0F66.e.8014"}]}
COMMAND: POST /session/c72c23a71f957f5f97380492e1ede48b/element - {"using":"xpath","value":"//table[contains(@id, \"smartFilterBar-filterItemControl_BASIC-YARD-valueHelpDialog-table-table\")]/tbody/tr[3]/td[1]/div/span"}
COMMAND: GET /session/c72c23a71f957f5f97380492e1ede48b/screenshot - {}
RESULT: {"using":"xpath","value":"//table[contains(@id, \"smartFilterBar-filterItemControl_BASIC-YARD-valueHelpDialog-table-table\")]/tbody/tr[3]/td[1]/div/span"}
COMMAND: POST /session/c72c23a71f957f5f97380492e1ede48b/elements - {"using":"xpath","value":"//table[contains(@id, \"smartFilterBar-filterItemControl_BASIC-YARD-valueHelpDialog-table-table\")]/tbody/tr[3]/td[1]/div/span"}
RESULT: {}
RESULT: {"using":"xpath","value":"//table[contains(@id, \"smartFilterBar-filterItemControl_BASIC-YARD-valueHelpDialog-table-table\")]/tbody/tr[3]/td[1]/div/span"}
COMMAND: POST /session/c72c23a71f957f5f97380492e1ede48b/execute/sync - {"script":"<script> [56 bytes]","args":[{"element-6066-11e4-a52e-4f735466cecf":"f.9B2FD2DF9A9EBD12F39787CA2B3A3B3C.d.9D2F1153692D7F3ECC6A82C6B20F0F66.e.8015","ELEMENT":"f.9B2FD2DF9A9EBD12F39787CA2B3A3B3C.d.9D2F1153692D7F3ECC6A82C6B20F0F66.e.8015"}]}
RESULT: {"script":"<script> [56 bytes]","args":[{"element-6066-11e4-a52e-4f735466cecf":"f.9B2FD2DF9A9EBD12F39787CA2B3A3B3C.d.9D2F1153692D7F3ECC6A82C6B20F0F66.e.8015","ELEMENT":"f.9B2FD2DF9A9EBD12F39787CA2B3A3B3C.d.9D2F1153692D7F3ECC6A82C6B20F0F66.e.8015"}]}
COMMAND: POST /session/c72c23a71f957f5f97380492e1ede48b/element - {"using":"xpath","value":"//div[contains(@id, \"filterItemControl_BASIC-YARD-valueHelpDialog-table-rowsel2\")]"}
COMMAND: GET /session/c72c23a71f957f5f97380492e1ede48b/screenshot - {}
RESULT: {}
RESULT: {"using":"xpath","value":"//div[contains(@id, \"filterItemControl_BASIC-YARD-valueHelpDialog-table-rowsel2\")]"}
COMMAND: POST /session/c72c23a71f957f5f97380492e1ede48b/element/f.9B2FD2DF9A9EBD12F39787CA2B3A3B3C.d.9D2F1153692D7F3ECC6A82C6B20F0F66.e.8016/click - {}
RESULT: {}
COMMAND: GET /session/c72c23a71f957f5f97380492e1ede48b/screenshot - {}
RESULT: {}
COMMAND: POST /session/c72c23a71f957f5f97380492e1ede48b/element - {"using":"xpath","value":"(//bdi[contains(text(), \"OK\")])[1]"}
RESULT: {"using":"xpath","value":"(//bdi[contains(text(), \"OK\")])[1]"}
COMMAND: POST /session/c72c23a71f957f5f97380492e1ede48b/element/f.9B2FD2DF9A9EBD12F39787CA2B3A3B3C.d.9D2F1153692D7F3ECC6A82C6B20F0F66.e.8018/click - {}
RESULT: {}
COMMAND: GET /session/c72c23a71f957f5f97380492e1ede48b/screenshot - {}
RESULT: {}
COMMAND: POST /session/c72c23a71f957f5f97380492e1ede48b/element - {"using":"xpath","value":"//span[@id=\"application-managepartners-display-component---masterPtm--smartTable-header-inner\"]"}
RESULT: {"using":"xpath","value":"//span[@id=\"application-managepartners-display-component---masterPtm--smartTable-header-inner\"]"}
COMMAND: POST /session/c72c23a71f957f5f97380492e1ede48b/elements - {"using":"xpath","value":"//span[@id=\"application-managepartners-display-component---masterPtm--smartTable-header-inner\"]"}
RESULT: {"using":"xpath","value":"//span[@id=\"application-managepartners-display-component---masterPtm--smartTable-header-inner\"]"}
COMMAND: POST /session/c72c23a71f957f5f97380492e1ede48b/execute/sync - {"script":"<script> [56 bytes]","args":[{"element-6066-11e4-a52e-4f735466cecf":"f.9B2FD2DF9A9EBD12F39787CA2B3A3B3C.d.9D2F1153692D7F3ECC6A82C6B20F0F66.e.7724","ELEMENT":"f.9B2FD2DF9A9EBD12F39787CA2B3A3B3C.d.9D2F1153692D7F3ECC6A82C6B20F0F66.e.7724"}]}
RESULT: {"script":"<script> [56 bytes]","args":[{"element-6066-11e4-a52e-4f735466cecf":"f.9B2FD2DF9A9EBD12F39787CA2B3A3B3C.d.9D2F1153692D7F3ECC6A82C6B20F0F66.e.7724","ELEMENT":"f.9B2FD2DF9A9EBD12F39787CA2B3A3B3C.d.9D2F1153692D7F3ECC6A82C6B20F0F66.e.7724"}]}
COMMAND: POST /session/c72c23a71f957f5f97380492e1ede48b/element - {"using":"xpath","value":"//span[contains(@title, \"Remove\")]"}
COMMAND: GET /session/c72c23a71f957f5f97380492e1ede48b/screenshot - {}
RESULT: {"using":"xpath","value":"//span[contains(@title, \"Remove\")]"}
COMMAND: POST /session/c72c23a71f957f5f97380492e1ede48b/element/f.9B2FD2DF9A9EBD12F39787CA2B3A3B3C.d.9D2F1153692D7F3ECC6A82C6B20F0F66.e.8031/click - {}
RESULT: {}
RESULT: {}
COMMAND: GET /session/c72c23a71f957f5f97380492e1ede48b/screenshot - {}
RESULT: {}
RESULT: undefined
COMMAND: POST /session/c72c23a71f957f5f97380492e1ede48b/element - {"using":"xpath","value":"//*[@id=\"application-managepartners-display-component---masterPtm--smartFilterBar-filterItemControl_BASIC-MAIN_ADDRESS-vhi\"]"}
RESULT: {"using":"xpath","value":"//*[@id=\"application-managepartners-display-component---masterPtm--smartFilterBar-filterItemControl_BASIC-MAIN_ADDRESS-vhi\"]"}
COMMAND: POST /session/c72c23a71f957f5f97380492e1ede48b/element/f.9B2FD2DF9A9EBD12F39787CA2B3A3B3C.d.9D2F1153692D7F3ECC6A82C6B20F0F66.e.8135/click - {}
RESULT: {}
COMMAND: GET /session/c72c23a71f957f5f97380492e1ede48b/screenshot - {}
RESULT: {}
RESULT: undefined
COMMAND: POST /session/c72c23a71f957f5f97380492e1ede48b/execute/async - {"script":"<script> [776 bytes]","args":[{"enterText":"Romania","selector":{"id":"application-managepartners-display-component---masterPtm--smartFilterBar-filterItemControl_BASIC-MAIN_ADDRESS-valueHelpDialog-smartFilterBar-btnBasicSearch","searchOpenDialogs":true,"interaction":{"idSuffix":"I"}},"clearTextFirst":true,"interactionType":"ENTER_TEXT"}]}
RESULT: {"script":"<script> [776 bytes]","args":[{"enterText":"Romania","selector":{"id":"application-managepartners-display-component---masterPtm--smartFilterBar-filterItemControl_BASIC-MAIN_ADDRESS-valueHelpDialog-smartFilterBar-btnBasicSearch","searchOpenDialogs":true,"interaction":{"idSuffix":"I"}},"clearTextFirst":true,"interactionType":"ENTER_TEXT"}]}
COMMAND: POST /session/c72c23a71f957f5f97380492e1ede48b/actions - {"actions":[{"id":"action24","type":"key","parameters":{},"actions":[{"type":"keyDown","value":""},{"type":"pause","duration":10},{"type":"keyUp","value":""}]}]}
RESULT: {"actions":[{"id":"action24","type":"key","parameters":{},"actions":[{"type":"keyDown","value":""},{"type":"pause","duration":10},{"type":"keyUp","value":""}]}]}
COMMAND: POST /session/c72c23a71f957f5f97380492e1ede48b/elements - {"using":"xpath","value":"//table[contains(@id, \"smartFilterBar-filterItemControl_BASIC-MAIN_ADDRESS-valueHelpDialog-table-table\")]/tbody/tr"}
COMMAND: GET /session/c72c23a71f957f5f97380492e1ede48b/screenshot - {}
RESULT: {"using":"xpath","value":"//table[contains(@id, \"smartFilterBar-filterItemControl_BASIC-MAIN_ADDRESS-valueHelpDialog-table-table\")]/tbody/tr"}
COMMAND: POST /session/c72c23a71f957f5f97380492e1ede48b/element - {"using":"xpath","value":"//table[contains(@id, \"smartFilterBar-filterItemControl_BASIC-MAIN_ADDRESS-valueHelpDialog-table-table\")]/tbody/tr[1]/td[1]/div/span"}
RESULT: {}
RESULT: {"using":"xpath","value":"//table[contains(@id, \"smartFilterBar-filterItemControl_BASIC-MAIN_ADDRESS-valueHelpDialog-table-table\")]/tbody/tr[1]/td[1]/div/span"}
COMMAND: POST /session/c72c23a71f957f5f97380492e1ede48b/elements - {"using":"xpath","value":"//table[contains(@id, \"smartFilterBar-filterItemControl_BASIC-MAIN_ADDRESS-valueHelpDialog-table-table\")]/tbody/tr[1]/td[1]/div/span"}
RESULT: {"using":"xpath","value":"//table[contains(@id, \"smartFilterBar-filterItemControl_BASIC-MAIN_ADDRESS-valueHelpDialog-table-table\")]/tbody/tr[1]/td[1]/div/span"}
COMMAND: POST /session/c72c23a71f957f5f97380492e1ede48b/execute/sync - {"script":"<script> [56 bytes]","args":[{"element-6066-11e4-a52e-4f735466cecf":"f.9B2FD2DF9A9EBD12F39787CA2B3A3B3C.d.9D2F1153692D7F3ECC6A82C6B20F0F66.e.8155","ELEMENT":"f.9B2FD2DF9A9EBD12F39787CA2B3A3B3C.d.9D2F1153692D7F3ECC6A82C6B20F0F66.e.8155"}]}
RESULT: {"script":"<script> [56 bytes]","args":[{"element-6066-11e4-a52e-4f735466cecf":"f.9B2FD2DF9A9EBD12F39787CA2B3A3B3C.d.9D2F1153692D7F3ECC6A82C6B20F0F66.e.8155","ELEMENT":"f.9B2FD2DF9A9EBD12F39787CA2B3A3B3C.d.9D2F1153692D7F3ECC6A82C6B20F0F66.e.8155"}]}
COMMAND: POST /session/c72c23a71f957f5f97380492e1ede48b/element - {"using":"xpath","value":"//div[contains(@id, \"filterItemControl_BASIC-MAIN_ADDRESS-valueHelpDialog-table-rowsel0\")]"}
COMMAND: GET /session/c72c23a71f957f5f97380492e1ede48b/screenshot - {}
RESULT: {"using":"xpath","value":"//div[contains(@id, \"filterItemControl_BASIC-MAIN_ADDRESS-valueHelpDialog-table-rowsel0\")]"}
COMMAND: POST /session/c72c23a71f957f5f97380492e1ede48b/element/f.9B2FD2DF9A9EBD12F39787CA2B3A3B3C.d.9D2F1153692D7F3ECC6A82C6B20F0F66.e.8156/click - {}
RESULT: {}
RESULT: {}
COMMAND: GET /session/c72c23a71f957f5f97380492e1ede48b/screenshot - {}
RESULT: {}
COMMAND: POST /session/c72c23a71f957f5f97380492e1ede48b/element - {"using":"xpath","value":"(//bdi[contains(text(), \"OK\")])[1]"}
RESULT: {"using":"xpath","value":"(//bdi[contains(text(), \"OK\")])[1]"}
COMMAND: POST /session/c72c23a71f957f5f97380492e1ede48b/element/f.9B2FD2DF9A9EBD12F39787CA2B3A3B3C.d.9D2F1153692D7F3ECC6A82C6B20F0F66.e.8158/click - {}
RESULT: {}
COMMAND: GET /session/c72c23a71f957f5f97380492e1ede48b/screenshot - {}
RESULT: {}
COMMAND: POST /session/c72c23a71f957f5f97380492e1ede48b/element - {"using":"xpath","value":"//span[@id=\"application-managepartners-display-component---masterPtm--smartTable-header-inner\"]"}
RESULT: {"using":"xpath","value":"//span[@id=\"application-managepartners-display-component---masterPtm--smartTable-header-inner\"]"}
COMMAND: POST /session/c72c23a71f957f5f97380492e1ede48b/elements - {"using":"xpath","value":"//span[@id=\"application-managepartners-display-component---masterPtm--smartTable-header-inner\"]"}
RESULT: {"using":"xpath","value":"//span[@id=\"application-managepartners-display-component---masterPtm--smartTable-header-inner\"]"}
COMMAND: POST /session/c72c23a71f957f5f97380492e1ede48b/execute/sync - {"script":"<script> [56 bytes]","args":[{"element-6066-11e4-a52e-4f735466cecf":"f.9B2FD2DF9A9EBD12F39787CA2B3A3B3C.d.9D2F1153692D7F3ECC6A82C6B20F0F66.e.7724","ELEMENT":"f.9B2FD2DF9A9EBD12F39787CA2B3A3B3C.d.9D2F1153692D7F3ECC6A82C6B20F0F66.e.7724"}]}
RESULT: {"script":"<script> [56 bytes]","args":[{"element-6066-11e4-a52e-4f735466cecf":"f.9B2FD2DF9A9EBD12F39787CA2B3A3B3C.d.9D2F1153692D7F3ECC6A82C6B20F0F66.e.7724","ELEMENT":"f.9B2FD2DF9A9EBD12F39787CA2B3A3B3C.d.9D2F1153692D7F3ECC6A82C6B20F0F66.e.7724"}]}
COMMAND: POST /session/c72c23a71f957f5f97380492e1ede48b/element - {"using":"xpath","value":"//span[contains(@title, \"Remove\")]"}
COMMAND: GET /session/c72c23a71f957f5f97380492e1ede48b/screenshot - {}
RESULT: {"using":"xpath","value":"//span[contains(@title, \"Remove\")]"}
COMMAND: POST /session/c72c23a71f957f5f97380492e1ede48b/element/f.9B2FD2DF9A9EBD12F39787CA2B3A3B3C.d.9D2F1153692D7F3ECC6A82C6B20F0F66.e.8171/click - {}
RESULT: {}
RESULT: {}
COMMAND: GET /session/c72c23a71f957f5f97380492e1ede48b/screenshot - {}
RESULT: {}
COMMAND: POST /session/c72c23a71f957f5f97380492e1ede48b/execute/async - {"script":"<script> [1562 bytes]","args":[{"selector":{"id":"application-managepartners-display-component---masterPtm--catalogs-arrow"},"wdio_ui5_key":"applicationmanagepartners-display-component---masterPtm--catalogs-arrow"}]}
RESULT: {"script":"<script> [1562 bytes]","args":[{"selector":{"id":"application-managepartners-display-component---masterPtm--catalogs-arrow"},"wdio_ui5_key":"applicationmanagepartners-display-component---masterPtm--catalogs-arrow"}]}
RESULT: undefined
COMMAND: POST /session/c72c23a71f957f5f97380492e1ede48b/element - {"using":"xpath","value":"//*[@id=\"application-managepartners-display-component---masterPtm--catalogs-arrow\"]"}
RESULT: {"using":"xpath","value":"//*[@id=\"application-managepartners-display-component---masterPtm--catalogs-arrow\"]"}
COMMAND: POST /session/c72c23a71f957f5f97380492e1ede48b/element/f.9B2FD2DF9A9EBD12F39787CA2B3A3B3C.d.9D2F1153692D7F3ECC6A82C6B20F0F66.e.8276/click - {}
RESULT: {}
COMMAND: GET /session/c72c23a71f957f5f97380492e1ede48b/screenshot - {}
RESULT: {}
COMMAND: POST /session/c72c23a71f957f5f97380492e1ede48b/element - {"using":"xpath","value":"//li[.//span[text()=\"Webshop Catalog\"]]//div[contains(@class,\"sapMCbBg\")]"}
RESULT: {"using":"xpath","value":"//li[.//span[text()=\"Webshop Catalog\"]]//div[contains(@class,\"sapMCbBg\")]"}
COMMAND: POST /session/c72c23a71f957f5f97380492e1ede48b/element/f.9B2FD2DF9A9EBD12F39787CA2B3A3B3C.d.9D2F1153692D7F3ECC6A82C6B20F0F66.e.8290/click - {}
RESULT: {}
COMMAND: GET /session/c72c23a71f957f5f97380492e1ede48b/screenshot - {}
RESULT: {}
RESULT: undefined
COMMAND: POST /session/c72c23a71f957f5f97380492e1ede48b/element - {"using":"xpath","value":"//*[@id=\"application-managepartners-display-component---masterPtm--catalogs-arrow\"]"}
RESULT: {"using":"xpath","value":"//*[@id=\"application-managepartners-display-component---masterPtm--catalogs-arrow\"]"}
COMMAND: POST /session/c72c23a71f957f5f97380492e1ede48b/element/f.9B2FD2DF9A9EBD12F39787CA2B3A3B3C.d.9D2F1153692D7F3ECC6A82C6B20F0F66.e.8276/click - {}
RESULT: {}
COMMAND: POST /session/c72c23a71f957f5f97380492e1ede48b/element - {"using":"xpath","value":"//span[@id=\"application-managepartners-display-component---masterPtm--smartTable-header-inner\"]"}
COMMAND: GET /session/c72c23a71f957f5f97380492e1ede48b/screenshot - {}
RESULT: {"using":"xpath","value":"//span[@id=\"application-managepartners-display-component---masterPtm--smartTable-header-inner\"]"}
COMMAND: POST /session/c72c23a71f957f5f97380492e1ede48b/elements - {"using":"xpath","value":"//span[@id=\"application-managepartners-display-component---masterPtm--smartTable-header-inner\"]"}
RESULT: {}
RESULT: {"using":"xpath","value":"//span[@id=\"application-managepartners-display-component---masterPtm--smartTable-header-inner\"]"}
COMMAND: POST /session/c72c23a71f957f5f97380492e1ede48b/execute/sync - {"script":"<script> [56 bytes]","args":[{"element-6066-11e4-a52e-4f735466cecf":"f.9B2FD2DF9A9EBD12F39787CA2B3A3B3C.d.9D2F1153692D7F3ECC6A82C6B20F0F66.e.7724","ELEMENT":"f.9B2FD2DF9A9EBD12F39787CA2B3A3B3C.d.9D2F1153692D7F3ECC6A82C6B20F0F66.e.7724"}]}
RESULT: {"script":"<script> [56 bytes]","args":[{"element-6066-11e4-a52e-4f735466cecf":"f.9B2FD2DF9A9EBD12F39787CA2B3A3B3C.d.9D2F1153692D7F3ECC6A82C6B20F0F66.e.7724","ELEMENT":"f.9B2FD2DF9A9EBD12F39787CA2B3A3B3C.d.9D2F1153692D7F3ECC6A82C6B20F0F66.e.7724"}]}
COMMAND: POST /session/c72c23a71f957f5f97380492e1ede48b/element - {"using":"xpath","value":"//span[contains(@title, \"Remove\")]"}
COMMAND: GET /session/c72c23a71f957f5f97380492e1ede48b/screenshot - {}
RESULT: {"using":"xpath","value":"//span[contains(@title, \"Remove\")]"}
COMMAND: POST /session/c72c23a71f957f5f97380492e1ede48b/element/f.9B2FD2DF9A9EBD12F39787CA2B3A3B3C.d.9D2F1153692D7F3ECC6A82C6B20F0F66.e.8310/click - {}
RESULT: {}
RESULT: {}
COMMAND: GET /session/c72c23a71f957f5f97380492e1ede48b/screenshot - {}
RESULT: {}
COMMAND: POST /session/c72c23a71f957f5f97380492e1ede48b/execute/async - {"script":"<script> [1562 bytes]","args":[{"selector":{"id":"application-managepartners-display-component---masterPtm--currencies-arrow"},"wdio_ui5_key":"applicationmanagepartners-display-component---masterPtm--currencies-arrow"}]}
RESULT: {"script":"<script> [1562 bytes]","args":[{"selector":{"id":"application-managepartners-display-component---masterPtm--currencies-arrow"},"wdio_ui5_key":"applicationmanagepartners-display-component---masterPtm--currencies-arrow"}]}
RESULT: undefined
COMMAND: POST /session/c72c23a71f957f5f97380492e1ede48b/element - {"using":"xpath","value":"//*[@id=\"application-managepartners-display-component---masterPtm--currencies-arrow\"]"}
RESULT: {"using":"xpath","value":"//*[@id=\"application-managepartners-display-component---masterPtm--currencies-arrow\"]"}
COMMAND: POST /session/c72c23a71f957f5f97380492e1ede48b/element/f.9B2FD2DF9A9EBD12F39787CA2B3A3B3C.d.9D2F1153692D7F3ECC6A82C6B20F0F66.e.8425/click - {}
RESULT: {}
COMMAND: GET /session/c72c23a71f957f5f97380492e1ede48b/screenshot - {}
RESULT: {}
COMMAND: POST /session/c72c23a71f957f5f97380492e1ede48b/element - {"using":"xpath","value":"//li[.//span[text()=\"US Dollar\"]]//div[contains(@class,\"sapMCbBg\")]"}
RESULT: {"using":"xpath","value":"//li[.//span[text()=\"US Dollar\"]]//div[contains(@class,\"sapMCbBg\")]"}
COMMAND: POST /session/c72c23a71f957f5f97380492e1ede48b/element/f.9B2FD2DF9A9EBD12F39787CA2B3A3B3C.d.9D2F1153692D7F3ECC6A82C6B20F0F66.e.8428/click - {}
RESULT: {}
COMMAND: GET /session/c72c23a71f957f5f97380492e1ede48b/screenshot - {}
RESULT: {}
RESULT: undefined
COMMAND: POST /session/c72c23a71f957f5f97380492e1ede48b/element - {"using":"xpath","value":"//*[@id=\"application-managepartners-display-component---masterPtm--currencies-arrow\"]"}
RESULT: {"using":"xpath","value":"//*[@id=\"application-managepartners-display-component---masterPtm--currencies-arrow\"]"}
COMMAND: POST /session/c72c23a71f957f5f97380492e1ede48b/element/f.9B2FD2DF9A9EBD12F39787CA2B3A3B3C.d.9D2F1153692D7F3ECC6A82C6B20F0F66.e.8425/click - {}
RESULT: {}
COMMAND: POST /session/c72c23a71f957f5f97380492e1ede48b/element - {"using":"xpath","value":"//span[@id=\"application-managepartners-display-component---masterPtm--smartTable-header-inner\"]"}
COMMAND: GET /session/c72c23a71f957f5f97380492e1ede48b/screenshot - {}
RESULT: {"using":"xpath","value":"//span[@id=\"application-managepartners-display-component---masterPtm--smartTable-header-inner\"]"}
COMMAND: POST /session/c72c23a71f957f5f97380492e1ede48b/elements - {"using":"xpath","value":"//span[@id=\"application-managepartners-display-component---masterPtm--smartTable-header-inner\"]"}
RESULT: {}
RESULT: {"using":"xpath","value":"//span[@id=\"application-managepartners-display-component---masterPtm--smartTable-header-inner\"]"}
COMMAND: POST /session/c72c23a71f957f5f97380492e1ede48b/execute/sync - {"script":"<script> [56 bytes]","args":[{"element-6066-11e4-a52e-4f735466cecf":"f.9B2FD2DF9A9EBD12F39787CA2B3A3B3C.d.9D2F1153692D7F3ECC6A82C6B20F0F66.e.7724","ELEMENT":"f.9B2FD2DF9A9EBD12F39787CA2B3A3B3C.d.9D2F1153692D7F3ECC6A82C6B20F0F66.e.7724"}]}
RESULT: {"script":"<script> [56 bytes]","args":[{"element-6066-11e4-a52e-4f735466cecf":"f.9B2FD2DF9A9EBD12F39787CA2B3A3B3C.d.9D2F1153692D7F3ECC6A82C6B20F0F66.e.7724","ELEMENT":"f.9B2FD2DF9A9EBD12F39787CA2B3A3B3C.d.9D2F1153692D7F3ECC6A82C6B20F0F66.e.7724"}]}
COMMAND: POST /session/c72c23a71f957f5f97380492e1ede48b/element - {"using":"xpath","value":"//span[contains(@title, \"Remove\")]"}
COMMAND: GET /session/c72c23a71f957f5f97380492e1ede48b/screenshot - {}
RESULT: {"using":"xpath","value":"//span[contains(@title, \"Remove\")]"}
COMMAND: POST /session/c72c23a71f957f5f97380492e1ede48b/element/f.9B2FD2DF9A9EBD12F39787CA2B3A3B3C.d.9D2F1153692D7F3ECC6A82C6B20F0F66.e.8555/click - {}
RESULT: {}
RESULT: {}
COMMAND: GET /session/c72c23a71f957f5f97380492e1ede48b/screenshot - {}
RESULT: {}
COMMAND: POST /session/c72c23a71f957f5f97380492e1ede48b/execute/async - {"script":"<script> [1562 bytes]","args":[{"selector":{"id":"application-managepartners-display-component---masterPtm--languages-arrow"},"wdio_ui5_key":"applicationmanagepartners-display-component---masterPtm--languages-arrow"}]}
RESULT: {"script":"<script> [1562 bytes]","args":[{"selector":{"id":"application-managepartners-display-component---masterPtm--languages-arrow"},"wdio_ui5_key":"applicationmanagepartners-display-component---masterPtm--languages-arrow"}]}
RESULT: undefined
COMMAND: POST /session/c72c23a71f957f5f97380492e1ede48b/element - {"using":"xpath","value":"//*[@id=\"application-managepartners-display-component---masterPtm--languages-arrow\"]"}
RESULT: {"using":"xpath","value":"//*[@id=\"application-managepartners-display-component---masterPtm--languages-arrow\"]"}
COMMAND: POST /session/c72c23a71f957f5f97380492e1ede48b/element/f.9B2FD2DF9A9EBD12F39787CA2B3A3B3C.d.9D2F1153692D7F3ECC6A82C6B20F0F66.e.8636/click - {}
RESULT: {}
COMMAND: GET /session/c72c23a71f957f5f97380492e1ede48b/screenshot - {}
RESULT: {}
COMMAND: POST /session/c72c23a71f957f5f97380492e1ede48b/element - {"using":"xpath","value":"//li[.//span[text()=\"German\"]]//div[contains(@class,\"sapMCbBg\")]"}
RESULT: {"using":"xpath","value":"//li[.//span[text()=\"German\"]]//div[contains(@class,\"sapMCbBg\")]"}
COMMAND: POST /session/c72c23a71f957f5f97380492e1ede48b/element/f.9B2FD2DF9A9EBD12F39787CA2B3A3B3C.d.9D2F1153692D7F3ECC6A82C6B20F0F66.e.8680/click - {}
RESULT: {}
COMMAND: GET /session/c72c23a71f957f5f97380492e1ede48b/screenshot - {}
RESULT: {}
RESULT: undefined
COMMAND: POST /session/c72c23a71f957f5f97380492e1ede48b/element - {"using":"xpath","value":"//*[@id=\"application-managepartners-display-component---masterPtm--languages-arrow\"]"}
RESULT: {"using":"xpath","value":"//*[@id=\"application-managepartners-display-component---masterPtm--languages-arrow\"]"}
COMMAND: POST /session/c72c23a71f957f5f97380492e1ede48b/element/f.9B2FD2DF9A9EBD12F39787CA2B3A3B3C.d.9D2F1153692D7F3ECC6A82C6B20F0F66.e.8636/click - {}
RESULT: {}
COMMAND: POST /session/c72c23a71f957f5f97380492e1ede48b/element - {"using":"xpath","value":"//span[@id=\"application-managepartners-display-component---masterPtm--smartTable-header-inner\"]"}
COMMAND: GET /session/c72c23a71f957f5f97380492e1ede48b/screenshot - {}
RESULT: {"using":"xpath","value":"//span[@id=\"application-managepartners-display-component---masterPtm--smartTable-header-inner\"]"}
COMMAND: POST /session/c72c23a71f957f5f97380492e1ede48b/elements - {"using":"xpath","value":"//span[@id=\"application-managepartners-display-component---masterPtm--smartTable-header-inner\"]"}
RESULT: {}
RESULT: {"using":"xpath","value":"//span[@id=\"application-managepartners-display-component---masterPtm--smartTable-header-inner\"]"}
COMMAND: POST /session/c72c23a71f957f5f97380492e1ede48b/execute/sync - {"script":"<script> [56 bytes]","args":[{"element-6066-11e4-a52e-4f735466cecf":"f.9B2FD2DF9A9EBD12F39787CA2B3A3B3C.d.9D2F1153692D7F3ECC6A82C6B20F0F66.e.7724","ELEMENT":"f.9B2FD2DF9A9EBD12F39787CA2B3A3B3C.d.9D2F1153692D7F3ECC6A82C6B20F0F66.e.7724"}]}
RESULT: {"script":"<script> [56 bytes]","args":[{"element-6066-11e4-a52e-4f735466cecf":"f.9B2FD2DF9A9EBD12F39787CA2B3A3B3C.d.9D2F1153692D7F3ECC6A82C6B20F0F66.e.7724","ELEMENT":"f.9B2FD2DF9A9EBD12F39787CA2B3A3B3C.d.9D2F1153692D7F3ECC6A82C6B20F0F66.e.7724"}]}
COMMAND: POST /session/c72c23a71f957f5f97380492e1ede48b/element - {"using":"css selector","value":"#shell-header-logo"}
COMMAND: GET /session/c72c23a71f957f5f97380492e1ede48b/screenshot - {}
RESULT: {"using":"css selector","value":"#shell-header-logo"}
COMMAND: POST /session/c72c23a71f957f5f97380492e1ede48b/element/f.9B2FD2DF9A9EBD12F39787CA2B3A3B3C.d.9D2F1153692D7F3ECC6A82C6B20F0F66.e.7554/click - {}
RESULT: {}
RESULT: {}
COMMAND: GET /session/c72c23a71f957f5f97380492e1ede48b/screenshot - {}
RESULT: {}
]]></system-out>
    </testcase>
    <testcase classname="chrome.136_0_7103_93.windows.Partner_specific_tests_US150819_US151080_US151654_US151176_US103444_US151078_US151079_US151109_US151174_US151175_US151189" name="Should add a new Business Partner role same role US151541" time="73.407">
      <system-out><![CDATA[
COMMAND: POST /session/c72c23a71f957f5f97380492e1ede48b/execute/async - {"script":"<script> [1562 bytes]","args":[{"selector":{"controlType":"sap.m.GenericTile","properties":{"header":"Data Explorer"}},"wdio_ui5_key":"sapm.GenericTile{\"header\":\"Data Explorer\"}"}]}
RESULT: {"script":"<script> [1562 bytes]","args":[{"selector":{"controlType":"sap.m.GenericTile","properties":{"header":"Data Explorer"}},"wdio_ui5_key":"sapm.GenericTile{\"header\":\"Data Explorer\"}"}]}
RESULT: undefined
COMMAND: POST /session/c72c23a71f957f5f97380492e1ede48b/element - {"using":"xpath","value":"//*[@id=\"__tile117\"]"}
RESULT: {"using":"xpath","value":"//*[@id=\"__tile117\"]"}
COMMAND: POST /session/c72c23a71f957f5f97380492e1ede48b/element/f.9B2FD2DF9A9EBD12F39787CA2B3A3B3C.d.9D2F1153692D7F3ECC6A82C6B20F0F66.e.8744/click - {}
RESULT: {}
COMMAND: GET /session/c72c23a71f957f5f97380492e1ede48b/screenshot - {}
RESULT: {}
COMMAND: POST /session/c72c23a71f957f5f97380492e1ede48b/elements - {"using":"xpath","value":"//span[text()='Error']"}
RESULT: {"using":"xpath","value":"//span[text()='Error']"}
COMMAND: POST /session/c72c23a71f957f5f97380492e1ede48b/window/fullscreen - {}
RESULT: {}
COMMAND: POST /session/c72c23a71f957f5f97380492e1ede48b/element - {"using":"xpath","value":"//input[@id=\"application-businessconfigurations-display-component---masterBusinessConfigurations--smartFilterBar-btnBasicSearch-I\"]"}
RESULT: {"using":"xpath","value":"//input[@id=\"application-businessconfigurations-display-component---masterBusinessConfigurations--smartFilterBar-btnBasicSearch-I\"]"}
COMMAND: POST /session/c72c23a71f957f5f97380492e1ede48b/elements - {"using":"xpath","value":"//input[@id=\"application-businessconfigurations-display-component---masterBusinessConfigurations--smartFilterBar-btnBasicSearch-I\"]"}
RESULT: {"using":"xpath","value":"//input[@id=\"application-businessconfigurations-display-component---masterBusinessConfigurations--smartFilterBar-btnBasicSearch-I\"]"}
COMMAND: POST /session/c72c23a71f957f5f97380492e1ede48b/execute/sync - {"script":"<script> [8489 bytes]","args":[{"element-6066-11e4-a52e-4f735466cecf":"f.9B2FD2DF9A9EBD12F39787CA2B3A3B3C.d.9D2F1153692D7F3ECC6A82C6B20F0F66.e.8764","ELEMENT":"f.9B2FD2DF9A9EBD12F39787CA2B3A3B3C.d.9D2F1153692D7F3ECC6A82C6B20F0F66.e.8764"}]}
RESULT: {"script":"<script> [8489 bytes]","args":[{"element-6066-11e4-a52e-4f735466cecf":"f.9B2FD2DF9A9EBD12F39787CA2B3A3B3C.d.9D2F1153692D7F3ECC6A82C6B20F0F66.e.8764","ELEMENT":"f.9B2FD2DF9A9EBD12F39787CA2B3A3B3C.d.9D2F1153692D7F3ECC6A82C6B20F0F66.e.8764"}]}
COMMAND: GET /session/c72c23a71f957f5f97380492e1ede48b/element/f.9B2FD2DF9A9EBD12F39787CA2B3A3B3C.d.9D2F1153692D7F3ECC6A82C6B20F0F66.e.8764/enabled - {}
COMMAND: GET /session/c72c23a71f957f5f97380492e1ede48b/screenshot - {}
RESULT: {}
COMMAND: POST /session/c72c23a71f957f5f97380492e1ede48b/execute/sync - {"script":"<script> [8489 bytes]","args":[{"element-6066-11e4-a52e-4f735466cecf":"f.9B2FD2DF9A9EBD12F39787CA2B3A3B3C.d.9D2F1153692D7F3ECC6A82C6B20F0F66.e.8764","ELEMENT":"f.9B2FD2DF9A9EBD12F39787CA2B3A3B3C.d.9D2F1153692D7F3ECC6A82C6B20F0F66.e.8764"}]}
COMMAND: GET /session/c72c23a71f957f5f97380492e1ede48b/screenshot - {}
RESULT: {}
RESULT: {"script":"<script> [8489 bytes]","args":[{"element-6066-11e4-a52e-4f735466cecf":"f.9B2FD2DF9A9EBD12F39787CA2B3A3B3C.d.9D2F1153692D7F3ECC6A82C6B20F0F66.e.8764","ELEMENT":"f.9B2FD2DF9A9EBD12F39787CA2B3A3B3C.d.9D2F1153692D7F3ECC6A82C6B20F0F66.e.8764"}]}
COMMAND: POST /session/c72c23a71f957f5f97380492e1ede48b/execute/sync - {"script":"<script> [5351 bytes]","args":[{"element-6066-11e4-a52e-4f735466cecf":"f.9B2FD2DF9A9EBD12F39787CA2B3A3B3C.d.9D2F1153692D7F3ECC6A82C6B20F0F66.e.8764","ELEMENT":"f.9B2FD2DF9A9EBD12F39787CA2B3A3B3C.d.9D2F1153692D7F3ECC6A82C6B20F0F66.e.8764"}]}
COMMAND: GET /session/c72c23a71f957f5f97380492e1ede48b/screenshot - {}
RESULT: {}
RESULT: {"script":"<script> [5351 bytes]","args":[{"element-6066-11e4-a52e-4f735466cecf":"f.9B2FD2DF9A9EBD12F39787CA2B3A3B3C.d.9D2F1153692D7F3ECC6A82C6B20F0F66.e.8764","ELEMENT":"f.9B2FD2DF9A9EBD12F39787CA2B3A3B3C.d.9D2F1153692D7F3ECC6A82C6B20F0F66.e.8764"}]}
COMMAND: GET /session/c72c23a71f957f5f97380492e1ede48b/screenshot - {}
RESULT: {}
RESULT: {}
COMMAND: POST /session/c72c23a71f957f5f97380492e1ede48b/element - {"using":"xpath","value":"//span[@id=\"application-businessconfigurations-display-component---masterBusinessConfigurations--masterListDataExplorerSmartTable-header-inner\"]"}
RESULT: {"using":"xpath","value":"//span[@id=\"application-businessconfigurations-display-component---masterBusinessConfigurations--masterListDataExplorerSmartTable-header-inner\"]"}
COMMAND: POST /session/c72c23a71f957f5f97380492e1ede48b/elements - {"using":"xpath","value":"//span[@id=\"application-businessconfigurations-display-component---masterBusinessConfigurations--masterListDataExplorerSmartTable-header-inner\"]"}
RESULT: {"using":"xpath","value":"//span[@id=\"application-businessconfigurations-display-component---masterBusinessConfigurations--masterListDataExplorerSmartTable-header-inner\"]"}
COMMAND: POST /session/c72c23a71f957f5f97380492e1ede48b/execute/sync - {"script":"<script> [56 bytes]","args":[{"element-6066-11e4-a52e-4f735466cecf":"f.9B2FD2DF9A9EBD12F39787CA2B3A3B3C.d.9D2F1153692D7F3ECC6A82C6B20F0F66.e.8930","ELEMENT":"f.9B2FD2DF9A9EBD12F39787CA2B3A3B3C.d.9D2F1153692D7F3ECC6A82C6B20F0F66.e.8930"}]}
RESULT: {"script":"<script> [56 bytes]","args":[{"element-6066-11e4-a52e-4f735466cecf":"f.9B2FD2DF9A9EBD12F39787CA2B3A3B3C.d.9D2F1153692D7F3ECC6A82C6B20F0F66.e.8930","ELEMENT":"f.9B2FD2DF9A9EBD12F39787CA2B3A3B3C.d.9D2F1153692D7F3ECC6A82C6B20F0F66.e.8930"}]}
COMMAND: POST /session/c72c23a71f957f5f97380492e1ede48b/element/f.9B2FD2DF9A9EBD12F39787CA2B3A3B3C.d.9D2F1153692D7F3ECC6A82C6B20F0F66.e.8764/clear - {}
COMMAND: GET /session/c72c23a71f957f5f97380492e1ede48b/screenshot - {}
RESULT: {}
COMMAND: POST /session/c72c23a71f957f5f97380492e1ede48b/element/f.9B2FD2DF9A9EBD12F39787CA2B3A3B3C.d.9D2F1153692D7F3ECC6A82C6B20F0F66.e.8764/value - {"text":"NETM_C_BUSINESS_PARTNER_ROLES"}
COMMAND: GET /session/c72c23a71f957f5f97380492e1ede48b/screenshot - {}
RESULT: {}
RESULT: {"text":"NETM_C_BUSINESS_PARTNER_ROLES"}
COMMAND: GET /session/c72c23a71f957f5f97380492e1ede48b/screenshot - {}
RESULT: {}
RESULT: {}
COMMAND: POST /session/c72c23a71f957f5f97380492e1ede48b/actions - {"actions":[{"id":"action25","type":"key","parameters":{},"actions":[{"type":"keyDown","value":""},{"type":"pause","duration":10},{"type":"keyUp","value":""}]}]}
RESULT: {"actions":[{"id":"action25","type":"key","parameters":{},"actions":[{"type":"keyDown","value":""},{"type":"pause","duration":10},{"type":"keyUp","value":""}]}]}
COMMAND: GET /session/c72c23a71f957f5f97380492e1ede48b/screenshot - {}
RESULT: {}
COMMAND: POST /session/c72c23a71f957f5f97380492e1ede48b/elements - {"using":"xpath","value":"//table[contains(@id, \"masterListDataExplorerTable-listUl\")]/tbody/tr"}
RESULT: {"using":"xpath","value":"//table[contains(@id, \"masterListDataExplorerTable-listUl\")]/tbody/tr"}
COMMAND: POST /session/c72c23a71f957f5f97380492e1ede48b/element - {"using":"xpath","value":"//table[contains(@id, \"masterListDataExplorerTable-listUl\")]/tbody/tr[2]/td[4]/span"}
RESULT: {"using":"xpath","value":"//table[contains(@id, \"masterListDataExplorerTable-listUl\")]/tbody/tr[2]/td[4]/span"}
COMMAND: POST /session/c72c23a71f957f5f97380492e1ede48b/elements - {"using":"xpath","value":"//table[contains(@id, \"masterListDataExplorerTable-listUl\")]/tbody/tr[2]/td[4]/span"}
RESULT: {"using":"xpath","value":"//table[contains(@id, \"masterListDataExplorerTable-listUl\")]/tbody/tr[2]/td[4]/span"}
COMMAND: POST /session/c72c23a71f957f5f97380492e1ede48b/execute/sync - {"script":"<script> [56 bytes]","args":[{"element-6066-11e4-a52e-4f735466cecf":"f.9B2FD2DF9A9EBD12F39787CA2B3A3B3C.d.9D2F1153692D7F3ECC6A82C6B20F0F66.e.8938","ELEMENT":"f.9B2FD2DF9A9EBD12F39787CA2B3A3B3C.d.9D2F1153692D7F3ECC6A82C6B20F0F66.e.8938"}]}
RESULT: {"script":"<script> [56 bytes]","args":[{"element-6066-11e4-a52e-4f735466cecf":"f.9B2FD2DF9A9EBD12F39787CA2B3A3B3C.d.9D2F1153692D7F3ECC6A82C6B20F0F66.e.8938","ELEMENT":"f.9B2FD2DF9A9EBD12F39787CA2B3A3B3C.d.9D2F1153692D7F3ECC6A82C6B20F0F66.e.8938"}]}
COMMAND: POST /session/c72c23a71f957f5f97380492e1ede48b/element - {"using":"xpath","value":"(//span[contains(@id, \"imgNav\")])[1]"}
COMMAND: GET /session/c72c23a71f957f5f97380492e1ede48b/screenshot - {}
RESULT: {"using":"xpath","value":"(//span[contains(@id, \"imgNav\")])[1]"}
COMMAND: POST /session/c72c23a71f957f5f97380492e1ede48b/element/f.9B2FD2DF9A9EBD12F39787CA2B3A3B3C.d.9D2F1153692D7F3ECC6A82C6B20F0F66.e.8939/click - {}
RESULT: {}
RESULT: {}
COMMAND: GET /session/c72c23a71f957f5f97380492e1ede48b/screenshot - {}
RESULT: {}
COMMAND: POST /session/c72c23a71f957f5f97380492e1ede48b/element - {"using":"xpath","value":"//bdi[contains(text(), \"Edit\")]"}
RESULT: {"using":"xpath","value":"//bdi[contains(text(), \"Edit\")]"}
COMMAND: POST /session/c72c23a71f957f5f97380492e1ede48b/element/f.9B2FD2DF9A9EBD12F39787CA2B3A3B3C.d.9D2F1153692D7F3ECC6A82C6B20F0F66.e.9063/click - {}
RESULT: {}
COMMAND: GET /session/c72c23a71f957f5f97380492e1ede48b/screenshot - {}
RESULT: {}
COMMAND: POST /session/c72c23a71f957f5f97380492e1ede48b/element - {"using":"xpath","value":"//button[contains(@id, \"detailBusinessConfigurations--addButton\")]"}
RESULT: {"using":"xpath","value":"//button[contains(@id, \"detailBusinessConfigurations--addButton\")]"}
COMMAND: POST /session/c72c23a71f957f5f97380492e1ede48b/element/f.9B2FD2DF9A9EBD12F39787CA2B3A3B3C.d.9D2F1153692D7F3ECC6A82C6B20F0F66.e.9073/click - {}
RESULT: {}
COMMAND: GET /session/c72c23a71f957f5f97380492e1ede48b/screenshot - {}
RESULT: {}
COMMAND: POST /session/c72c23a71f957f5f97380492e1ede48b/elements - {"using":"xpath","value":"//table[contains(@id, \"detailBusinessConfigurations--detailsTable-listUl\")]/tbody/tr"}
RESULT: {"using":"xpath","value":"//table[contains(@id, \"detailBusinessConfigurations--detailsTable-listUl\")]/tbody/tr"}
COMMAND: POST /session/c72c23a71f957f5f97380492e1ede48b/element - {"using":"xpath","value":"//table[contains(@id, \"detailBusinessConfigurations--detailsTable-listUl\")]/tbody/tr[1]/td[3]/div/div/div/div/input"}
RESULT: {"using":"xpath","value":"//table[contains(@id, \"detailBusinessConfigurations--detailsTable-listUl\")]/tbody/tr[1]/td[3]/div/div/div/div/input"}
COMMAND: POST /session/c72c23a71f957f5f97380492e1ede48b/element/f.9B2FD2DF9A9EBD12F39787CA2B3A3B3C.d.9D2F1153692D7F3ECC6A82C6B20F0F66.e.9076/clear - {}
RESULT: {}
COMMAND: POST /session/c72c23a71f957f5f97380492e1ede48b/element/f.9B2FD2DF9A9EBD12F39787CA2B3A3B3C.d.9D2F1153692D7F3ECC6A82C6B20F0F66.e.9076/value - {"text":"WebDriver Testy"}
COMMAND: GET /session/c72c23a71f957f5f97380492e1ede48b/screenshot - {}
RESULT: {"text":"WebDriver Testy"}
COMMAND: GET /session/c72c23a71f957f5f97380492e1ede48b/screenshot - {}
RESULT: {}
RESULT: {}
COMMAND: POST /session/c72c23a71f957f5f97380492e1ede48b/element - {"using":"xpath","value":"//button[contains(@id, \"detailBusinessConfigurations--addButton\")]"}
RESULT: {"using":"xpath","value":"//button[contains(@id, \"detailBusinessConfigurations--addButton\")]"}
COMMAND: POST /session/c72c23a71f957f5f97380492e1ede48b/element/f.9B2FD2DF9A9EBD12F39787CA2B3A3B3C.d.9D2F1153692D7F3ECC6A82C6B20F0F66.e.9073/click - {}
RESULT: {}
COMMAND: GET /session/c72c23a71f957f5f97380492e1ede48b/screenshot - {}
RESULT: {}
COMMAND: POST /session/c72c23a71f957f5f97380492e1ede48b/element - {"using":"xpath","value":"//table[contains(@id, \"detailBusinessConfigurations--detailsTable-listUl\")]/tbody/tr[1]/td[3]/div/div/div/div/input"}
RESULT: {"using":"xpath","value":"//table[contains(@id, \"detailBusinessConfigurations--detailsTable-listUl\")]/tbody/tr[1]/td[3]/div/div/div/div/input"}
COMMAND: POST /session/c72c23a71f957f5f97380492e1ede48b/element/f.9B2FD2DF9A9EBD12F39787CA2B3A3B3C.d.9D2F1153692D7F3ECC6A82C6B20F0F66.e.9089/clear - {}
RESULT: {}
COMMAND: POST /session/c72c23a71f957f5f97380492e1ede48b/element/f.9B2FD2DF9A9EBD12F39787CA2B3A3B3C.d.9D2F1153692D7F3ECC6A82C6B20F0F66.e.9089/value - {"text":"WebDriver Testy"}
COMMAND: GET /session/c72c23a71f957f5f97380492e1ede48b/screenshot - {}
RESULT: {"text":"WebDriver Testy"}
COMMAND: GET /session/c72c23a71f957f5f97380492e1ede48b/screenshot - {}
RESULT: {}
RESULT: {}
COMMAND: POST /session/c72c23a71f957f5f97380492e1ede48b/element - {"using":"xpath","value":"//bdi[text()=\"Save\"]"}
RESULT: {"using":"xpath","value":"//bdi[text()=\"Save\"]"}
COMMAND: POST /session/c72c23a71f957f5f97380492e1ede48b/element/f.9B2FD2DF9A9EBD12F39787CA2B3A3B3C.d.9D2F1153692D7F3ECC6A82C6B20F0F66.e.9096/click - {}
RESULT: {}
COMMAND: GET /session/c72c23a71f957f5f97380492e1ede48b/screenshot - {}
RESULT: {}
COMMAND: POST /session/c72c23a71f957f5f97380492e1ede48b/element - {"using":"xpath","value":"//span[contains(@class, \"sapMMsgBoxText\")]"}
RESULT: {"using":"xpath","value":"//span[contains(@class, \"sapMMsgBoxText\")]"}
COMMAND: POST /session/c72c23a71f957f5f97380492e1ede48b/elements - {"using":"xpath","value":"//span[contains(@class, \"sapMMsgBoxText\")]"}
RESULT: {"using":"xpath","value":"//span[contains(@class, \"sapMMsgBoxText\")]"}
COMMAND: POST /session/c72c23a71f957f5f97380492e1ede48b/execute/sync - {"script":"<script> [56 bytes]","args":[{"element-6066-11e4-a52e-4f735466cecf":"f.9B2FD2DF9A9EBD12F39787CA2B3A3B3C.d.9D2F1153692D7F3ECC6A82C6B20F0F66.e.9115","ELEMENT":"f.9B2FD2DF9A9EBD12F39787CA2B3A3B3C.d.9D2F1153692D7F3ECC6A82C6B20F0F66.e.9115"}]}
RESULT: {"script":"<script> [56 bytes]","args":[{"element-6066-11e4-a52e-4f735466cecf":"f.9B2FD2DF9A9EBD12F39787CA2B3A3B3C.d.9D2F1153692D7F3ECC6A82C6B20F0F66.e.9115","ELEMENT":"f.9B2FD2DF9A9EBD12F39787CA2B3A3B3C.d.9D2F1153692D7F3ECC6A82C6B20F0F66.e.9115"}]}
COMMAND: POST /session/c72c23a71f957f5f97380492e1ede48b/element - {"using":"xpath","value":"//bdi[text()=\"Close\"]"}
COMMAND: GET /session/c72c23a71f957f5f97380492e1ede48b/screenshot - {}
RESULT: {"using":"xpath","value":"//bdi[text()=\"Close\"]"}
COMMAND: POST /session/c72c23a71f957f5f97380492e1ede48b/element/f.9B2FD2DF9A9EBD12F39787CA2B3A3B3C.d.9D2F1153692D7F3ECC6A82C6B20F0F66.e.9116/click - {}
RESULT: {}
RESULT: {}
COMMAND: GET /session/c72c23a71f957f5f97380492e1ede48b/screenshot - {}
RESULT: {}
COMMAND: POST /session/c72c23a71f957f5f97380492e1ede48b/element - {"using":"css selector","value":"#shell-header-logo"}
RESULT: {"using":"css selector","value":"#shell-header-logo"}
COMMAND: POST /session/c72c23a71f957f5f97380492e1ede48b/element/f.9B2FD2DF9A9EBD12F39787CA2B3A3B3C.d.9D2F1153692D7F3ECC6A82C6B20F0F66.e.8751/click - {}
RESULT: {}
COMMAND: GET /session/c72c23a71f957f5f97380492e1ede48b/screenshot - {}
RESULT: {}
COMMAND: POST /session/c72c23a71f957f5f97380492e1ede48b/element - {"using":"css selector","value":"#j_username"}
COMMAND: POST /session/c72c23a71f957f5f97380492e1ede48b/url - {"url":"https://qa-testing-00-live-etm-ui.cfapps.eu10-004.hana.ondemand.com/"}
RESULT: {"using":"css selector","value":"#j_username"}
COMMAND: POST /session/c72c23a71f957f5f97380492e1ede48b/element - {"using":"css selector","value":"#j_username"}
RESULT: {"url":"https://qa-testing-00-live-etm-ui.cfapps.eu10-004.hana.ondemand.com/"}
RESULT: undefined
COMMAND: GET /session/c72c23a71f957f5f97380492e1ede48b/screenshot - {}
RESULT: {"using":"css selector","value":"#j_username"}
COMMAND: POST /session/c72c23a71f957f5f97380492e1ede48b/element - {"using":"css selector","value":"#shell-header-logo"}
RESULT: {}
RESULT: {"using":"css selector","value":"#shell-header-logo"}
COMMAND: POST /session/c72c23a71f957f5f97380492e1ede48b/execute/sync - {"script":"<script> [8489 bytes]","args":[{"element-6066-11e4-a52e-4f735466cecf":"f.9B2FD2DF9A9EBD12F39787CA2B3A3B3C.d.CAE302653F58D693D941C5AD770BDE40.e.9132","ELEMENT":"f.9B2FD2DF9A9EBD12F39787CA2B3A3B3C.d.CAE302653F58D693D941C5AD770BDE40.e.9132"}]}
RESULT: {"script":"<script> [8489 bytes]","args":[{"element-6066-11e4-a52e-4f735466cecf":"f.9B2FD2DF9A9EBD12F39787CA2B3A3B3C.d.CAE302653F58D693D941C5AD770BDE40.e.9132","ELEMENT":"f.9B2FD2DF9A9EBD12F39787CA2B3A3B3C.d.CAE302653F58D693D941C5AD770BDE40.e.9132"}]}
COMMAND: POST /session/c72c23a71f957f5f97380492e1ede48b/element - {"using":"css selector","value":"#shell-header-logo"}
COMMAND: GET /session/c72c23a71f957f5f97380492e1ede48b/screenshot - {}
RESULT: {"using":"css selector","value":"#shell-header-logo"}
COMMAND: POST /session/c72c23a71f957f5f97380492e1ede48b/execute/sync - {"script":"<script> [8489 bytes]","args":[{"element-6066-11e4-a52e-4f735466cecf":"f.9B2FD2DF9A9EBD12F39787CA2B3A3B3C.d.CAE302653F58D693D941C5AD770BDE40.e.9132","ELEMENT":"f.9B2FD2DF9A9EBD12F39787CA2B3A3B3C.d.CAE302653F58D693D941C5AD770BDE40.e.9132"}]}
RESULT: {}
RESULT: {"script":"<script> [8489 bytes]","args":[{"element-6066-11e4-a52e-4f735466cecf":"f.9B2FD2DF9A9EBD12F39787CA2B3A3B3C.d.CAE302653F58D693D941C5AD770BDE40.e.9132","ELEMENT":"f.9B2FD2DF9A9EBD12F39787CA2B3A3B3C.d.CAE302653F58D693D941C5AD770BDE40.e.9132"}]}
COMMAND: POST /session/c72c23a71f957f5f97380492e1ede48b/execute/sync - {"script":"<script> [5351 bytes]","args":[{"element-6066-11e4-a52e-4f735466cecf":"f.9B2FD2DF9A9EBD12F39787CA2B3A3B3C.d.CAE302653F58D693D941C5AD770BDE40.e.9132","ELEMENT":"f.9B2FD2DF9A9EBD12F39787CA2B3A3B3C.d.CAE302653F58D693D941C5AD770BDE40.e.9132"}]}
COMMAND: GET /session/c72c23a71f957f5f97380492e1ede48b/screenshot - {}
RESULT: {"script":"<script> [5351 bytes]","args":[{"element-6066-11e4-a52e-4f735466cecf":"f.9B2FD2DF9A9EBD12F39787CA2B3A3B3C.d.CAE302653F58D693D941C5AD770BDE40.e.9132","ELEMENT":"f.9B2FD2DF9A9EBD12F39787CA2B3A3B3C.d.CAE302653F58D693D941C5AD770BDE40.e.9132"}]}
COMMAND: POST /session/c72c23a71f957f5f97380492e1ede48b/element - {"using":"css selector","value":"#shell-header-logo"}
COMMAND: GET /session/c72c23a71f957f5f97380492e1ede48b/screenshot - {}
RESULT: {}
RESULT: {"using":"css selector","value":"#shell-header-logo"}
COMMAND: POST /session/c72c23a71f957f5f97380492e1ede48b/element/f.9B2FD2DF9A9EBD12F39787CA2B3A3B3C.d.CAE302653F58D693D941C5AD770BDE40.e.9132/click - {}
RESULT: {}
RESULT: {}
COMMAND: GET /session/c72c23a71f957f5f97380492e1ede48b/screenshot - {}
RESULT: {}
COMMAND: POST /session/c72c23a71f957f5f97380492e1ede48b/execute/async - {"script":"<script> [189 bytes]","args":[]}
RESULT: {"script":"<script> [189 bytes]","args":[]}
COMMAND: POST /session/c72c23a71f957f5f97380492e1ede48b/execute/async - {"script":"<script> [123 bytes]","args":[]}
RESULT: {"script":"<script> [123 bytes]","args":[]}
COMMAND: POST /session/c72c23a71f957f5f97380492e1ede48b/timeouts - {"script":"<number>"}
RESULT: {"script":"<number>"}
COMMAND: GET /session/c72c23a71f957f5f97380492e1ede48b/timeouts - {}
RESULT: {}
RESULT: undefined
COMMAND: POST /session/c72c23a71f957f5f97380492e1ede48b/execute/async - {"script":"<script> [2676 bytes]","args":[]}
RESULT: {"script":"<script> [2676 bytes]","args":[]}
COMMAND: POST /session/c72c23a71f957f5f97380492e1ede48b/execute/async - {"script":"<script> [2342 bytes]","args":[{"protocol":"http","hostname":"0.0.0.0","path":"/","capabilities":{"browserName":"chrome","goog:chromeOptions":{"binary":"C:\\Program Files\\Google\\Chrome\\Application\\chrome.exe","args":["--start-maximized"]}},"logLevel":"warn","connectionRetryTimeout":120000,"connectionRetryCount":3,"logLevels":{},"enableDirectConnect":true,"strictSSL":true,"_":"65 more keys: [\"cacheDir\",\"port\",\"requestedCapabilities\",\"automationProtocol\",\"baseUrl\",\"waitforInterval\",\"waitforTimeout\",\"onReload\",\"beforeCommand\",\"afterCommand\",\"rootDir\",\"specs\",\"suites\",\"exclude\",\"groupLogsByTestSpec\",\"excludeDriverLogs\",\"bail\",\"framework\",\"reporters\",\"services\",\"maxInstances\",\"maxInstancesPerCapability\",\"injectGlobals\",\"filesToWatch\",\"execArgv\",\"runnerEnv\",\"runner\",\"shard\",\"specFileRetries\",\"specFileRetriesDelay\",\"specFileRetriesDeferred\",\"reporterSyncInterval\",\"reporterSyncTimeout\",\"cucumberFeaturesWithLineNumbers\",\"autoCompileOpts\",\"mochaOpts\",\"jasmineOpts\",\"cucumberOpts\",\"onPrepare\",\"onWorkerStart\",\"onWorkerEnd\",\"before\",\"beforeSession\",\"beforeSuite\",\"beforeHook\",\"beforeTest\",\"afterTest\",\"afterHook\",\"afterSuite\",\"afterSession\",\"after\",\"onComplete\",\"beforeAssertion\",\"afterAssertion\",\"beforeFeature\",\"beforeScenario\",\"beforeStep\",\"afterStep\",\"afterScenario\",\"afterFeature\",\"_\",\"suite\",\"$0\",\"ignoredWorkerServices\",\"wdi5\"]"}]}
RESULT: {"script":"<script> [2342 bytes]","args":[{"protocol":"http","hostname":"0.0.0.0","path":"/","capabilities":{"browserName":"chrome","goog:chromeOptions":{"binary":"C:\\Program Files\\Google\\Chrome\\Application\\chrome.exe","args":["--start-maximized"]}},"logLevel":"warn","connectionRetryTimeout":120000,"connectionRetryCount":3,"logLevels":{},"enableDirectConnect":true,"strictSSL":true,"_":"65 more keys: [\"cacheDir\",\"port\",\"requestedCapabilities\",\"automationProtocol\",\"baseUrl\",\"waitforInterval\",\"waitforTimeout\",\"onReload\",\"beforeCommand\",\"afterCommand\",\"rootDir\",\"specs\",\"suites\",\"exclude\",\"groupLogsByTestSpec\",\"excludeDriverLogs\",\"bail\",\"framework\",\"reporters\",\"services\",\"maxInstances\",\"maxInstancesPerCapability\",\"injectGlobals\",\"filesToWatch\",\"execArgv\",\"runnerEnv\",\"runner\",\"shard\",\"specFileRetries\",\"specFileRetriesDelay\",\"specFileRetriesDeferred\",\"reporterSyncInterval\",\"reporterSyncTimeout\",\"cucumberFeaturesWithLineNumbers\",\"autoCompileOpts\",\"mochaOpts\",\"jasmineOpts\",\"cucumberOpts\",\"onPrepare\",\"onWorkerStart\",\"onWorkerEnd\",\"before\",\"beforeSession\",\"beforeSuite\",\"beforeHook\",\"beforeTest\",\"afterTest\",\"afterHook\",\"afterSuite\",\"afterSession\",\"after\",\"onComplete\",\"beforeAssertion\",\"afterAssertion\",\"beforeFeature\",\"beforeScenario\",\"beforeStep\",\"afterStep\",\"afterScenario\",\"afterFeature\",\"_\",\"suite\",\"$0\",\"ignoredWorkerServices\",\"wdi5\"]"}]}
COMMAND: POST /session/c72c23a71f957f5f97380492e1ede48b/execute/async - {"script":"<script> [21126 bytes]","args":[35000]}
RESULT: {"script":"<script> [21126 bytes]","args":[35000]}
COMMAND: POST /session/c72c23a71f957f5f97380492e1ede48b/window/maximize - {}
RESULT: {}
COMMAND: POST /session/c72c23a71f957f5f97380492e1ede48b/execute/async - {"script":"<script> [1562 bytes]","args":[{"selector":{"id":"shell-header","interaction":{"idSuffix":"icon"}},"wdio_ui5_key":"shellheader"}]}
COMMAND: GET /session/c72c23a71f957f5f97380492e1ede48b/screenshot - {}
RESULT: {"script":"<script> [1562 bytes]","args":[{"selector":{"id":"shell-header","interaction":{"idSuffix":"icon"}},"wdio_ui5_key":"shellheader"}]}
RESULT: undefined
COMMAND: POST /session/c72c23a71f957f5f97380492e1ede48b/refresh - {}
RESULT: {}
RESULT: {}
COMMAND: GET /session/c72c23a71f957f5f97380492e1ede48b/screenshot - {}
RESULT: {}
COMMAND: POST /session/c72c23a71f957f5f97380492e1ede48b/refresh - {}
RESULT: {}
COMMAND: GET /session/c72c23a71f957f5f97380492e1ede48b/screenshot - {}
RESULT: {}
COMMAND: POST /session/c72c23a71f957f5f97380492e1ede48b/window/fullscreen - {}
RESULT: {}
COMMAND: POST /session/c72c23a71f957f5f97380492e1ede48b/execute/async - {"script":"<script> [189 bytes]","args":[]}
RESULT: {"script":"<script> [189 bytes]","args":[]}
COMMAND: POST /session/c72c23a71f957f5f97380492e1ede48b/execute/async - {"script":"<script> [123 bytes]","args":[]}
RESULT: {"script":"<script> [123 bytes]","args":[]}
COMMAND: POST /session/c72c23a71f957f5f97380492e1ede48b/timeouts - {"script":"<number>"}
RESULT: {"script":"<number>"}
COMMAND: GET /session/c72c23a71f957f5f97380492e1ede48b/timeouts - {}
RESULT: {}
RESULT: undefined
COMMAND: POST /session/c72c23a71f957f5f97380492e1ede48b/execute/async - {"script":"<script> [2676 bytes]","args":[]}
RESULT: {"script":"<script> [2676 bytes]","args":[]}
COMMAND: POST /session/c72c23a71f957f5f97380492e1ede48b/execute/async - {"script":"<script> [2342 bytes]","args":[{"protocol":"http","hostname":"0.0.0.0","path":"/","capabilities":{"browserName":"chrome","goog:chromeOptions":{"binary":"C:\\Program Files\\Google\\Chrome\\Application\\chrome.exe","args":["--start-maximized"]}},"logLevel":"warn","connectionRetryTimeout":120000,"connectionRetryCount":3,"logLevels":{},"enableDirectConnect":true,"strictSSL":true,"_":"65 more keys: [\"cacheDir\",\"port\",\"requestedCapabilities\",\"automationProtocol\",\"baseUrl\",\"waitforInterval\",\"waitforTimeout\",\"onReload\",\"beforeCommand\",\"afterCommand\",\"rootDir\",\"specs\",\"suites\",\"exclude\",\"groupLogsByTestSpec\",\"excludeDriverLogs\",\"bail\",\"framework\",\"reporters\",\"services\",\"maxInstances\",\"maxInstancesPerCapability\",\"injectGlobals\",\"filesToWatch\",\"execArgv\",\"runnerEnv\",\"runner\",\"shard\",\"specFileRetries\",\"specFileRetriesDelay\",\"specFileRetriesDeferred\",\"reporterSyncInterval\",\"reporterSyncTimeout\",\"cucumberFeaturesWithLineNumbers\",\"autoCompileOpts\",\"mochaOpts\",\"jasmineOpts\",\"cucumberOpts\",\"onPrepare\",\"onWorkerStart\",\"onWorkerEnd\",\"before\",\"beforeSession\",\"beforeSuite\",\"beforeHook\",\"beforeTest\",\"afterTest\",\"afterHook\",\"afterSuite\",\"afterSession\",\"after\",\"onComplete\",\"beforeAssertion\",\"afterAssertion\",\"beforeFeature\",\"beforeScenario\",\"beforeStep\",\"afterStep\",\"afterScenario\",\"afterFeature\",\"_\",\"suite\",\"$0\",\"ignoredWorkerServices\",\"wdi5\"]"}]}
RESULT: {"script":"<script> [2342 bytes]","args":[{"protocol":"http","hostname":"0.0.0.0","path":"/","capabilities":{"browserName":"chrome","goog:chromeOptions":{"binary":"C:\\Program Files\\Google\\Chrome\\Application\\chrome.exe","args":["--start-maximized"]}},"logLevel":"warn","connectionRetryTimeout":120000,"connectionRetryCount":3,"logLevels":{},"enableDirectConnect":true,"strictSSL":true,"_":"65 more keys: [\"cacheDir\",\"port\",\"requestedCapabilities\",\"automationProtocol\",\"baseUrl\",\"waitforInterval\",\"waitforTimeout\",\"onReload\",\"beforeCommand\",\"afterCommand\",\"rootDir\",\"specs\",\"suites\",\"exclude\",\"groupLogsByTestSpec\",\"excludeDriverLogs\",\"bail\",\"framework\",\"reporters\",\"services\",\"maxInstances\",\"maxInstancesPerCapability\",\"injectGlobals\",\"filesToWatch\",\"execArgv\",\"runnerEnv\",\"runner\",\"shard\",\"specFileRetries\",\"specFileRetriesDelay\",\"specFileRetriesDeferred\",\"reporterSyncInterval\",\"reporterSyncTimeout\",\"cucumberFeaturesWithLineNumbers\",\"autoCompileOpts\",\"mochaOpts\",\"jasmineOpts\",\"cucumberOpts\",\"onPrepare\",\"onWorkerStart\",\"onWorkerEnd\",\"before\",\"beforeSession\",\"beforeSuite\",\"beforeHook\",\"beforeTest\",\"afterTest\",\"afterHook\",\"afterSuite\",\"afterSession\",\"after\",\"onComplete\",\"beforeAssertion\",\"afterAssertion\",\"beforeFeature\",\"beforeScenario\",\"beforeStep\",\"afterStep\",\"afterScenario\",\"afterFeature\",\"_\",\"suite\",\"$0\",\"ignoredWorkerServices\",\"wdi5\"]"}]}
COMMAND: POST /session/c72c23a71f957f5f97380492e1ede48b/execute/async - {"script":"<script> [21126 bytes]","args":[35000]}
RESULT: {"script":"<script> [21126 bytes]","args":[35000]}
]]></system-out>
    </testcase>
  </testsuite>
  <testsuite timestamp="2025-05-27T17:56:47" time="450.814" tests="4" failures="0" errors="0" skipped="0">
    <properties>
      <property name="specId" value="0"/>
      <property name="suiteName" value="Create partner US118246"/>
      <property name="capabilities" value="chrome.136_0_7103_93.windows"/>
      <property name="file" value="file:///D:/a/1/s/test/specs/BTS/create-partner.spec.js"/>
    </properties>
    <testcase classname="chrome.136_0_7103_93.windows.Create_partner_US118246" name="Should create a new yard in case create yard failed" time="115.166">
      <system-out><![CDATA[
COMMAND: POST /session/c72c23a71f957f5f97380492e1ede48b/window/fullscreen - {}
RESULT: {}
COMMAND: POST /session/c72c23a71f957f5f97380492e1ede48b/execute/async - {"script":"<script> [1562 bytes]","args":[{"selector":{"controlType":"sap.m.GenericTile","properties":{"header":"Manage Yards"}},"wdio_ui5_key":"sapm.GenericTile{\"header\":\"Manage Yards\"}"}]}
RESULT: {"script":"<script> [1562 bytes]","args":[{"selector":{"controlType":"sap.m.GenericTile","properties":{"header":"Manage Yards"}},"wdio_ui5_key":"sapm.GenericTile{\"header\":\"Manage Yards\"}"}]}
RESULT: undefined
COMMAND: POST /session/c72c23a71f957f5f97380492e1ede48b/element - {"using":"xpath","value":"//*[@id=\"__tile41\"]"}
RESULT: {"using":"xpath","value":"//*[@id=\"__tile41\"]"}
COMMAND: POST /session/c72c23a71f957f5f97380492e1ede48b/element/f.9B2FD2DF9A9EBD12F39787CA2B3A3B3C.d.9DB36346AF92DB5EA081B41BC6FDAAEA.e.9284/click - {}
RESULT: {}
COMMAND: GET /session/c72c23a71f957f5f97380492e1ede48b/screenshot - {}
RESULT: {}
COMMAND: POST /session/c72c23a71f957f5f97380492e1ede48b/elements - {"using":"xpath","value":"//span[text()='Error']"}
RESULT: {"using":"xpath","value":"//span[text()='Error']"}
COMMAND: POST /session/c72c23a71f957f5f97380492e1ede48b/element - {"using":"xpath","value":"//button[@data-kt=\"addNewYardOverflowToolbarButton\"]"}
RESULT: {"using":"xpath","value":"//button[@data-kt=\"addNewYardOverflowToolbarButton\"]"}
COMMAND: POST /session/c72c23a71f957f5f97380492e1ede48b/elements - {"using":"xpath","value":"//button[@data-kt=\"addNewYardOverflowToolbarButton\"]"}
RESULT: {"using":"xpath","value":"//button[@data-kt=\"addNewYardOverflowToolbarButton\"]"}
COMMAND: POST /session/c72c23a71f957f5f97380492e1ede48b/execute/sync - {"script":"<script> [8489 bytes]","args":[{"element-6066-11e4-a52e-4f735466cecf":"f.9B2FD2DF9A9EBD12F39787CA2B3A3B3C.d.9DB36346AF92DB5EA081B41BC6FDAAEA.e.9418","ELEMENT":"f.9B2FD2DF9A9EBD12F39787CA2B3A3B3C.d.9DB36346AF92DB5EA081B41BC6FDAAEA.e.9418"}]}
RESULT: {"script":"<script> [8489 bytes]","args":[{"element-6066-11e4-a52e-4f735466cecf":"f.9B2FD2DF9A9EBD12F39787CA2B3A3B3C.d.9DB36346AF92DB5EA081B41BC6FDAAEA.e.9418","ELEMENT":"f.9B2FD2DF9A9EBD12F39787CA2B3A3B3C.d.9DB36346AF92DB5EA081B41BC6FDAAEA.e.9418"}]}
COMMAND: GET /session/c72c23a71f957f5f97380492e1ede48b/element/f.9B2FD2DF9A9EBD12F39787CA2B3A3B3C.d.9DB36346AF92DB5EA081B41BC6FDAAEA.e.9418/enabled - {}
COMMAND: GET /session/c72c23a71f957f5f97380492e1ede48b/screenshot - {}
RESULT: {}
COMMAND: POST /session/c72c23a71f957f5f97380492e1ede48b/execute/sync - {"script":"<script> [8489 bytes]","args":[{"element-6066-11e4-a52e-4f735466cecf":"f.9B2FD2DF9A9EBD12F39787CA2B3A3B3C.d.9DB36346AF92DB5EA081B41BC6FDAAEA.e.9418","ELEMENT":"f.9B2FD2DF9A9EBD12F39787CA2B3A3B3C.d.9DB36346AF92DB5EA081B41BC6FDAAEA.e.9418"}]}
COMMAND: GET /session/c72c23a71f957f5f97380492e1ede48b/screenshot - {}
RESULT: {}
RESULT: {"script":"<script> [8489 bytes]","args":[{"element-6066-11e4-a52e-4f735466cecf":"f.9B2FD2DF9A9EBD12F39787CA2B3A3B3C.d.9DB36346AF92DB5EA081B41BC6FDAAEA.e.9418","ELEMENT":"f.9B2FD2DF9A9EBD12F39787CA2B3A3B3C.d.9DB36346AF92DB5EA081B41BC6FDAAEA.e.9418"}]}
COMMAND: POST /session/c72c23a71f957f5f97380492e1ede48b/execute/sync - {"script":"<script> [5351 bytes]","args":[{"element-6066-11e4-a52e-4f735466cecf":"f.9B2FD2DF9A9EBD12F39787CA2B3A3B3C.d.9DB36346AF92DB5EA081B41BC6FDAAEA.e.9418","ELEMENT":"f.9B2FD2DF9A9EBD12F39787CA2B3A3B3C.d.9DB36346AF92DB5EA081B41BC6FDAAEA.e.9418"}]}
COMMAND: GET /session/c72c23a71f957f5f97380492e1ede48b/screenshot - {}
RESULT: {}
RESULT: {"script":"<script> [5351 bytes]","args":[{"element-6066-11e4-a52e-4f735466cecf":"f.9B2FD2DF9A9EBD12F39787CA2B3A3B3C.d.9DB36346AF92DB5EA081B41BC6FDAAEA.e.9418","ELEMENT":"f.9B2FD2DF9A9EBD12F39787CA2B3A3B3C.d.9DB36346AF92DB5EA081B41BC6FDAAEA.e.9418"}]}
COMMAND: POST /session/c72c23a71f957f5f97380492e1ede48b/element/f.9B2FD2DF9A9EBD12F39787CA2B3A3B3C.d.9DB36346AF92DB5EA081B41BC6FDAAEA.e.9418/click - {}
COMMAND: GET /session/c72c23a71f957f5f97380492e1ede48b/screenshot - {}
RESULT: {}
RESULT: {}
COMMAND: GET /session/c72c23a71f957f5f97380492e1ede48b/screenshot - {}
RESULT: {}
RESULT: {}
COMMAND: POST /session/c72c23a71f957f5f97380492e1ede48b/element - {"using":"xpath","value":"//input[@id=\"application-manageyards-display-component---NewYard--yardId-inner\"]"}
RESULT: {"using":"xpath","value":"//input[@id=\"application-manageyards-display-component---NewYard--yardId-inner\"]"}
COMMAND: POST /session/c72c23a71f957f5f97380492e1ede48b/element - {"using":"xpath","value":"//input[@id=\"application-manageyards-display-component---NewYard--yardId-inner\"]"}
RESULT: {"using":"xpath","value":"//input[@id=\"application-manageyards-display-component---NewYard--yardId-inner\"]"}
COMMAND: POST /session/c72c23a71f957f5f97380492e1ede48b/execute/async - {"script":"<script> [1562 bytes]","args":[{"selector":{"id":"application-manageyards-display-component---NewYard--addressDetailDetailsName1","interaction":{"idSuffix":"inner"}},"wdio_ui5_key":"applicationmanageyards-display-component---NewYard--addressDetailDetailsName1"}]}
RESULT: {"script":"<script> [1562 bytes]","args":[{"selector":{"id":"application-manageyards-display-component---NewYard--addressDetailDetailsName1","interaction":{"idSuffix":"inner"}},"wdio_ui5_key":"applicationmanageyards-display-component---NewYard--addressDetailDetailsName1"}]}
RESULT: undefined
COMMAND: POST /session/c72c23a71f957f5f97380492e1ede48b/execute/async - {"script":"<script> [776 bytes]","args":[{"enterText":"Intracompany Yard wdIO","selector":{"id":"application-manageyards-display-component---NewYard--addressDetailDetailsName1","interaction":{"idSuffix":"inner"}},"clearTextFirst":true,"interactionType":"ENTER_TEXT"}]}
RESULT: {"script":"<script> [776 bytes]","args":[{"enterText":"Intracompany Yard wdIO","selector":{"id":"application-manageyards-display-component---NewYard--addressDetailDetailsName1","interaction":{"idSuffix":"inner"}},"clearTextFirst":true,"interactionType":"ENTER_TEXT"}]}
COMMAND: POST /session/c72c23a71f957f5f97380492e1ede48b/execute/async - {"script":"<script> [1562 bytes]","args":[{"selector":{"id":"application-manageyards-display-component---NewYard--addressDetailDetailsLanguage-arrow"},"wdio_ui5_key":"applicationmanageyards-display-component---NewYard--addressDetailDetailsLanguage-arrow"}]}
RESULT: {"script":"<script> [1562 bytes]","args":[{"selector":{"id":"application-manageyards-display-component---NewYard--addressDetailDetailsLanguage-arrow"},"wdio_ui5_key":"applicationmanageyards-display-component---NewYard--addressDetailDetailsLanguage-arrow"}]}
RESULT: undefined
COMMAND: POST /session/c72c23a71f957f5f97380492e1ede48b/element - {"using":"xpath","value":"//*[@id=\"application-manageyards-display-component---NewYard--addressDetailDetailsLanguage-arrow\"]"}
RESULT: {"using":"xpath","value":"//*[@id=\"application-manageyards-display-component---NewYard--addressDetailDetailsLanguage-arrow\"]"}
COMMAND: POST /session/c72c23a71f957f5f97380492e1ede48b/element/f.9B2FD2DF9A9EBD12F39787CA2B3A3B3C.d.9DB36346AF92DB5EA081B41BC6FDAAEA.e.9855/click - {}
RESULT: {}
COMMAND: POST /session/c72c23a71f957f5f97380492e1ede48b/element - {"using":"xpath","value":"//span[contains(text(), \"English\")]"}
COMMAND: GET /session/c72c23a71f957f5f97380492e1ede48b/screenshot - {}
RESULT: {"using":"xpath","value":"//span[contains(text(), \"English\")]"}
COMMAND: POST /session/c72c23a71f957f5f97380492e1ede48b/element/f.9B2FD2DF9A9EBD12F39787CA2B3A3B3C.d.9DB36346AF92DB5EA081B41BC6FDAAEA.e.9856/click - {}
RESULT: {}
RESULT: {}
COMMAND: POST /session/c72c23a71f957f5f97380492e1ede48b/execute/async - {"script":"<script> [1562 bytes]","args":[{"selector":{"id":"application-manageyards-display-component---NewYard--addressDetailDetailsCity1","interaction":{"idSuffix":"inner"}},"wdio_ui5_key":"applicationmanageyards-display-component---NewYard--addressDetailDetailsCity1"}]}
COMMAND: GET /session/c72c23a71f957f5f97380492e1ede48b/screenshot - {}
RESULT: {"script":"<script> [1562 bytes]","args":[{"selector":{"id":"application-manageyards-display-component---NewYard--addressDetailDetailsCity1","interaction":{"idSuffix":"inner"}},"wdio_ui5_key":"applicationmanageyards-display-component---NewYard--addressDetailDetailsCity1"}]}
RESULT: undefined
COMMAND: POST /session/c72c23a71f957f5f97380492e1ede48b/execute/async - {"script":"<script> [776 bytes]","args":[{"enterText":"Rosario","selector":{"id":"application-manageyards-display-component---NewYard--addressDetailDetailsCity1","interaction":{"idSuffix":"inner"}},"clearTextFirst":true,"interactionType":"ENTER_TEXT"}]}
RESULT: {}
RESULT: {"script":"<script> [776 bytes]","args":[{"enterText":"Rosario","selector":{"id":"application-manageyards-display-component---NewYard--addressDetailDetailsCity1","interaction":{"idSuffix":"inner"}},"clearTextFirst":true,"interactionType":"ENTER_TEXT"}]}
COMMAND: POST /session/c72c23a71f957f5f97380492e1ede48b/execute/async - {"script":"<script> [1562 bytes]","args":[{"selector":{"id":"application-manageyards-display-component---NewYard--addressDetailDetailsCountry-arrow"},"wdio_ui5_key":"applicationmanageyards-display-component---NewYard--addressDetailDetailsCountry-arrow"}]}
RESULT: {"script":"<script> [1562 bytes]","args":[{"selector":{"id":"application-manageyards-display-component---NewYard--addressDetailDetailsCountry-arrow"},"wdio_ui5_key":"applicationmanageyards-display-component---NewYard--addressDetailDetailsCountry-arrow"}]}
RESULT: undefined
COMMAND: POST /session/c72c23a71f957f5f97380492e1ede48b/element - {"using":"xpath","value":"//*[@id=\"application-manageyards-display-component---NewYard--addressDetailDetailsCountry-arrow\"]"}
RESULT: {"using":"xpath","value":"//*[@id=\"application-manageyards-display-component---NewYard--addressDetailDetailsCountry-arrow\"]"}
COMMAND: POST /session/c72c23a71f957f5f97380492e1ede48b/element/f.9B2FD2DF9A9EBD12F39787CA2B3A3B3C.d.9DB36346AF92DB5EA081B41BC6FDAAEA.e.9858/click - {}
RESULT: {}
COMMAND: POST /session/c72c23a71f957f5f97380492e1ede48b/element - {"using":"xpath","value":"//span[contains(text(), \"Argentina\")]"}
COMMAND: GET /session/c72c23a71f957f5f97380492e1ede48b/screenshot - {}
RESULT: {"using":"xpath","value":"//span[contains(text(), \"Argentina\")]"}
COMMAND: POST /session/c72c23a71f957f5f97380492e1ede48b/element/f.9B2FD2DF9A9EBD12F39787CA2B3A3B3C.d.9DB36346AF92DB5EA081B41BC6FDAAEA.e.9859/click - {}
RESULT: {}
RESULT: {}
COMMAND: POST /session/c72c23a71f957f5f97380492e1ede48b/execute/async - {"script":"<script> [1562 bytes]","args":[{"selector":{"id":"application-manageyards-display-component---NewYard--addressEditDetailsCostObjectCstType-arrow"},"wdio_ui5_key":"applicationmanageyards-display-component---NewYard--addressEditDetailsCostObjectCstType-arrow"}]}
COMMAND: GET /session/c72c23a71f957f5f97380492e1ede48b/screenshot - {}
RESULT: {"script":"<script> [1562 bytes]","args":[{"selector":{"id":"application-manageyards-display-component---NewYard--addressEditDetailsCostObjectCstType-arrow"},"wdio_ui5_key":"applicationmanageyards-display-component---NewYard--addressEditDetailsCostObjectCstType-arrow"}]}
RESULT: undefined
COMMAND: POST /session/c72c23a71f957f5f97380492e1ede48b/element - {"using":"xpath","value":"//*[@id=\"application-manageyards-display-component---NewYard--addressEditDetailsCostObjectCstType-arrow\"]"}
RESULT: {}
RESULT: {"using":"xpath","value":"//*[@id=\"application-manageyards-display-component---NewYard--addressEditDetailsCostObjectCstType-arrow\"]"}
COMMAND: POST /session/c72c23a71f957f5f97380492e1ede48b/element/f.9B2FD2DF9A9EBD12F39787CA2B3A3B3C.d.9DB36346AF92DB5EA081B41BC6FDAAEA.e.9860/click - {}
RESULT: {}
COMMAND: POST /session/c72c23a71f957f5f97380492e1ede48b/element - {"using":"xpath","value":"//span[contains(text(), \"Cost Center\")]"}
COMMAND: GET /session/c72c23a71f957f5f97380492e1ede48b/screenshot - {}
RESULT: {"using":"xpath","value":"//span[contains(text(), \"Cost Center\")]"}
COMMAND: POST /session/c72c23a71f957f5f97380492e1ede48b/element/f.9B2FD2DF9A9EBD12F39787CA2B3A3B3C.d.9DB36346AF92DB5EA081B41BC6FDAAEA.e.9861/click - {}
RESULT: {}
RESULT: {}
COMMAND: GET /session/c72c23a71f957f5f97380492e1ede48b/screenshot - {}
RESULT: {}
COMMAND: POST /session/c72c23a71f957f5f97380492e1ede48b/element - {"using":"xpath","value":"//span[@id=\"application-manageyards-display-component---NewYard--addressNewCostObjectCstID-vhi\"]"}
RESULT: {"using":"xpath","value":"//span[@id=\"application-manageyards-display-component---NewYard--addressNewCostObjectCstID-vhi\"]"}
COMMAND: POST /session/c72c23a71f957f5f97380492e1ede48b/execute/sync - {"script":"<script> [8489 bytes]","args":[{"element-6066-11e4-a52e-4f735466cecf":"f.9B2FD2DF9A9EBD12F39787CA2B3A3B3C.d.9DB36346AF92DB5EA081B41BC6FDAAEA.e.9865","ELEMENT":"f.9B2FD2DF9A9EBD12F39787CA2B3A3B3C.d.9DB36346AF92DB5EA081B41BC6FDAAEA.e.9865"}]}
RESULT: {"script":"<script> [8489 bytes]","args":[{"element-6066-11e4-a52e-4f735466cecf":"f.9B2FD2DF9A9EBD12F39787CA2B3A3B3C.d.9DB36346AF92DB5EA081B41BC6FDAAEA.e.9865","ELEMENT":"f.9B2FD2DF9A9EBD12F39787CA2B3A3B3C.d.9DB36346AF92DB5EA081B41BC6FDAAEA.e.9865"}]}
COMMAND: POST /session/c72c23a71f957f5f97380492e1ede48b/execute/async - {"script":"<script> [1562 bytes]","args":[{"selector":{"id":"application-manageyards-display-component---NewYard--addressNewCostObjectCstID-vhi"},"wdio_ui5_key":"applicationmanageyards-display-component---NewYard--addressNewCostObjectCstID-vhi"}]}
COMMAND: GET /session/c72c23a71f957f5f97380492e1ede48b/screenshot - {}
RESULT: {"script":"<script> [1562 bytes]","args":[{"selector":{"id":"application-manageyards-display-component---NewYard--addressNewCostObjectCstID-vhi"},"wdio_ui5_key":"applicationmanageyards-display-component---NewYard--addressNewCostObjectCstID-vhi"}]}
RESULT: undefined
COMMAND: POST /session/c72c23a71f957f5f97380492e1ede48b/element - {"using":"xpath","value":"//*[@id=\"application-manageyards-display-component---NewYard--addressNewCostObjectCstID-vhi\"]"}
RESULT: {}
RESULT: {"using":"xpath","value":"//*[@id=\"application-manageyards-display-component---NewYard--addressNewCostObjectCstID-vhi\"]"}
COMMAND: POST /session/c72c23a71f957f5f97380492e1ede48b/element/f.9B2FD2DF9A9EBD12F39787CA2B3A3B3C.d.9DB36346AF92DB5EA081B41BC6FDAAEA.e.9865/click - {}
RESULT: {}
COMMAND: GET /session/c72c23a71f957f5f97380492e1ede48b/screenshot - {}
RESULT: {}
COMMAND: POST /session/c72c23a71f957f5f97380492e1ede48b/execute/async - {"script":"<script> [1562 bytes]","args":[{"selector":{"controlType":"sap.m.SearchField","properties":{"placeholder":"Search"},"searchOpenDialogs":true,"interaction":{"idSuffix":"I"}},"wdio_ui5_key":"sapm.SearchField{\"placeholder\":\"Search\"}"}]}
RESULT: {"script":"<script> [1562 bytes]","args":[{"selector":{"controlType":"sap.m.SearchField","properties":{"placeholder":"Search"},"searchOpenDialogs":true,"interaction":{"idSuffix":"I"}},"wdio_ui5_key":"sapm.SearchField{\"placeholder\":\"Search\"}"}]}
RESULT: undefined
COMMAND: POST /session/c72c23a71f957f5f97380492e1ede48b/execute/async - {"script":"<script> [776 bytes]","args":[{"enterText":"bauh_b","selector":{"controlType":"sap.m.SearchField","properties":{"placeholder":"Search"},"searchOpenDialogs":true,"interaction":{"idSuffix":"I"}},"clearTextFirst":true,"interactionType":"ENTER_TEXT"}]}
RESULT: {"script":"<script> [776 bytes]","args":[{"enterText":"bauh_b","selector":{"controlType":"sap.m.SearchField","properties":{"placeholder":"Search"},"searchOpenDialogs":true,"interaction":{"idSuffix":"I"}},"clearTextFirst":true,"interactionType":"ENTER_TEXT"}]}
COMMAND: POST /session/c72c23a71f957f5f97380492e1ede48b/actions - {"actions":[{"id":"action26","type":"key","parameters":{},"actions":[{"type":"keyDown","value":""},{"type":"pause","duration":10},{"type":"keyUp","value":""}]}]}
RESULT: {"actions":[{"id":"action26","type":"key","parameters":{},"actions":[{"type":"keyDown","value":""},{"type":"pause","duration":10},{"type":"keyUp","value":""}]}]}
COMMAND: GET /session/c72c23a71f957f5f97380492e1ede48b/screenshot - {}
RESULT: {}
COMMAND: POST /session/c72c23a71f957f5f97380492e1ede48b/element - {"using":"xpath","value":"//span[contains(text(), \"Demo Yard\")]"}
RESULT: {"using":"xpath","value":"//span[contains(text(), \"Demo Yard\")]"}
COMMAND: POST /session/c72c23a71f957f5f97380492e1ede48b/element/f.9B2FD2DF9A9EBD12F39787CA2B3A3B3C.d.9DB36346AF92DB5EA081B41BC6FDAAEA.e.9906/click - {}
RESULT: {}
COMMAND: GET /session/c72c23a71f957f5f97380492e1ede48b/screenshot - {}
RESULT: {}
COMMAND: POST /session/c72c23a71f957f5f97380492e1ede48b/element - {"using":"xpath","value":"//bdi[contains(text(), \"OK\")]"}
RESULT: {"using":"xpath","value":"//bdi[contains(text(), \"OK\")]"}
COMMAND: POST /session/c72c23a71f957f5f97380492e1ede48b/element/f.9B2FD2DF9A9EBD12F39787CA2B3A3B3C.d.9DB36346AF92DB5EA081B41BC6FDAAEA.e.9907/click - {}
RESULT: {}
COMMAND: GET /session/c72c23a71f957f5f97380492e1ede48b/screenshot - {}
RESULT: {}
COMMAND: POST /session/c72c23a71f957f5f97380492e1ede48b/execute/async - {"script":"<script> [1562 bytes]","args":[{"selector":{"id":"application-manageyards-display-component---NewYard--addressEditDetailsCurrency-arrow"},"wdio_ui5_key":"applicationmanageyards-display-component---NewYard--addressEditDetailsCurrency-arrow"}]}
RESULT: {"script":"<script> [1562 bytes]","args":[{"selector":{"id":"application-manageyards-display-component---NewYard--addressEditDetailsCurrency-arrow"},"wdio_ui5_key":"applicationmanageyards-display-component---NewYard--addressEditDetailsCurrency-arrow"}]}
RESULT: undefined
COMMAND: POST /session/c72c23a71f957f5f97380492e1ede48b/element - {"using":"xpath","value":"//*[@id=\"application-manageyards-display-component---NewYard--addressEditDetailsCurrency-arrow\"]"}
RESULT: {"using":"xpath","value":"//*[@id=\"application-manageyards-display-component---NewYard--addressEditDetailsCurrency-arrow\"]"}
COMMAND: POST /session/c72c23a71f957f5f97380492e1ede48b/element/f.9B2FD2DF9A9EBD12F39787CA2B3A3B3C.d.9DB36346AF92DB5EA081B41BC6FDAAEA.e.9910/click - {}
RESULT: {}
COMMAND: POST /session/c72c23a71f957f5f97380492e1ede48b/element - {"using":"xpath","value":"//span[contains(text(), \"Euro\")]"}
COMMAND: GET /session/c72c23a71f957f5f97380492e1ede48b/screenshot - {}
RESULT: {"using":"xpath","value":"//span[contains(text(), \"Euro\")]"}
COMMAND: POST /session/c72c23a71f957f5f97380492e1ede48b/element/f.9B2FD2DF9A9EBD12F39787CA2B3A3B3C.d.9DB36346AF92DB5EA081B41BC6FDAAEA.e.9911/click - {}
RESULT: {}
RESULT: {}
COMMAND: POST /session/c72c23a71f957f5f97380492e1ede48b/execute/async - {"script":"<script> [1562 bytes]","args":[{"selector":{"controlType":"sap.m.Input","viewName":"etm.portal.ui.manageyards.view.New","viewId":"application-manageyards-display-component---NewYard","bindingPath":{"path":"","propertyPath":"/CONTROLLING_AREA","modelName":"NewYardModel"},"interaction":{"idSuffix":"inner"}},"wdio_ui5_key":"etmportal.ui.manageyards.view.Newsap.m.Input{\"path\":\"\",\"propertyPath\":\"/CONTROLLING_AREA\",\"modelName\":\"NewYardModel\"}"}]}
COMMAND: GET /session/c72c23a71f957f5f97380492e1ede48b/screenshot - {}
RESULT: {"script":"<script> [1562 bytes]","args":[{"selector":{"controlType":"sap.m.Input","viewName":"etm.portal.ui.manageyards.view.New","viewId":"application-manageyards-display-component---NewYard","bindingPath":{"path":"","propertyPath":"/CONTROLLING_AREA","modelName":"NewYardModel"},"interaction":{"idSuffix":"inner"}},"wdio_ui5_key":"etmportal.ui.manageyards.view.Newsap.m.Input{\"path\":\"\",\"propertyPath\":\"/CONTROLLING_AREA\",\"modelName\":\"NewYardModel\"}"}]}
RESULT: undefined
COMMAND: POST /session/c72c23a71f957f5f97380492e1ede48b/execute/async - {"script":"<script> [776 bytes]","args":[{"enterText":"Z001","selector":{"controlType":"sap.m.Input","viewName":"etm.portal.ui.manageyards.view.New","viewId":"application-manageyards-display-component---NewYard","bindingPath":{"path":"","propertyPath":"/CONTROLLING_AREA","modelName":"NewYardModel"},"interaction":{"idSuffix":"inner"}},"clearTextFirst":true,"interactionType":"ENTER_TEXT"}]}
RESULT: {}
RESULT: {"script":"<script> [776 bytes]","args":[{"enterText":"Z001","selector":{"controlType":"sap.m.Input","viewName":"etm.portal.ui.manageyards.view.New","viewId":"application-manageyards-display-component---NewYard","bindingPath":{"path":"","propertyPath":"/CONTROLLING_AREA","modelName":"NewYardModel"},"interaction":{"idSuffix":"inner"}},"clearTextFirst":true,"interactionType":"ENTER_TEXT"}]}
COMMAND: POST /session/c72c23a71f957f5f97380492e1ede48b/execute/async - {"script":"<script> [1562 bytes]","args":[{"selector":{"id":"application-manageyards-display-component---NewYard--companyCodeComboBox","interaction":{"idSuffix":"inner"}},"wdio_ui5_key":"applicationmanageyards-display-component---NewYard--companyCodeComboBox"}]}
RESULT: {"script":"<script> [1562 bytes]","args":[{"selector":{"id":"application-manageyards-display-component---NewYard--companyCodeComboBox","interaction":{"idSuffix":"inner"}},"wdio_ui5_key":"applicationmanageyards-display-component---NewYard--companyCodeComboBox"}]}
RESULT: undefined
COMMAND: POST /session/c72c23a71f957f5f97380492e1ede48b/execute/async - {"script":"<script> [776 bytes]","args":[{"enterText":"1000","selector":{"id":"application-manageyards-display-component---NewYard--companyCodeComboBox","interaction":{"idSuffix":"inner"}},"clearTextFirst":true,"interactionType":"ENTER_TEXT"}]}
RESULT: {"script":"<script> [776 bytes]","args":[{"enterText":"1000","selector":{"id":"application-manageyards-display-component---NewYard--companyCodeComboBox","interaction":{"idSuffix":"inner"}},"clearTextFirst":true,"interactionType":"ENTER_TEXT"}]}
COMMAND: POST /session/c72c23a71f957f5f97380492e1ede48b/execute/async - {"script":"<script> [1562 bytes]","args":[{"selector":{"controlType":"sap.m.Input","viewName":"etm.portal.ui.manageyards.view.New","viewId":"application-manageyards-display-component---NewYard","bindingPath":{"path":"","propertyPath":"/PLANT","modelName":"NewYardModel"},"interaction":{"idSuffix":"inner"}},"wdio_ui5_key":"etmportal.ui.manageyards.view.Newsap.m.Input{\"path\":\"\",\"propertyPath\":\"/PLANT\",\"modelName\":\"NewYardModel\"}"}]}
RESULT: {"script":"<script> [1562 bytes]","args":[{"selector":{"controlType":"sap.m.Input","viewName":"etm.portal.ui.manageyards.view.New","viewId":"application-manageyards-display-component---NewYard","bindingPath":{"path":"","propertyPath":"/PLANT","modelName":"NewYardModel"},"interaction":{"idSuffix":"inner"}},"wdio_ui5_key":"etmportal.ui.manageyards.view.Newsap.m.Input{\"path\":\"\",\"propertyPath\":\"/PLANT\",\"modelName\":\"NewYardModel\"}"}]}
RESULT: undefined
COMMAND: POST /session/c72c23a71f957f5f97380492e1ede48b/execute/async - {"script":"<script> [776 bytes]","args":[{"enterText":"1001","selector":{"controlType":"sap.m.Input","viewName":"etm.portal.ui.manageyards.view.New","viewId":"application-manageyards-display-component---NewYard","bindingPath":{"path":"","propertyPath":"/PLANT","modelName":"NewYardModel"},"interaction":{"idSuffix":"inner"}},"clearTextFirst":true,"interactionType":"ENTER_TEXT"}]}
RESULT: {"script":"<script> [776 bytes]","args":[{"enterText":"1001","selector":{"controlType":"sap.m.Input","viewName":"etm.portal.ui.manageyards.view.New","viewId":"application-manageyards-display-component---NewYard","bindingPath":{"path":"","propertyPath":"/PLANT","modelName":"NewYardModel"},"interaction":{"idSuffix":"inner"}},"clearTextFirst":true,"interactionType":"ENTER_TEXT"}]}
COMMAND: POST /session/c72c23a71f957f5f97380492e1ede48b/execute/async - {"script":"<script> [1562 bytes]","args":[{"selector":{"controlType":"sap.m.Input","viewName":"etm.portal.ui.manageyards.view.New","viewId":"application-manageyards-display-component---NewYard","bindingPath":{"path":"","propertyPath":"/SALES_AREA_VKORG","modelName":"NewYardModel"},"interaction":{"idSuffix":"inner"}},"wdio_ui5_key":"etmportal.ui.manageyards.view.Newsap.m.Input{\"path\":\"\",\"propertyPath\":\"/SALES_AREA_VKORG\",\"modelName\":\"NewYardModel\"}"}]}
RESULT: {"script":"<script> [1562 bytes]","args":[{"selector":{"controlType":"sap.m.Input","viewName":"etm.portal.ui.manageyards.view.New","viewId":"application-manageyards-display-component---NewYard","bindingPath":{"path":"","propertyPath":"/SALES_AREA_VKORG","modelName":"NewYardModel"},"interaction":{"idSuffix":"inner"}},"wdio_ui5_key":"etmportal.ui.manageyards.view.Newsap.m.Input{\"path\":\"\",\"propertyPath\":\"/SALES_AREA_VKORG\",\"modelName\":\"NewYardModel\"}"}]}
RESULT: undefined
COMMAND: POST /session/c72c23a71f957f5f97380492e1ede48b/execute/async - {"script":"<script> [776 bytes]","args":[{"enterText":"C002","selector":{"controlType":"sap.m.Input","viewName":"etm.portal.ui.manageyards.view.New","viewId":"application-manageyards-display-component---NewYard","bindingPath":{"path":"","propertyPath":"/SALES_AREA_VKORG","modelName":"NewYardModel"},"interaction":{"idSuffix":"inner"}},"clearTextFirst":true,"interactionType":"ENTER_TEXT"}]}
RESULT: {"script":"<script> [776 bytes]","args":[{"enterText":"C002","selector":{"controlType":"sap.m.Input","viewName":"etm.portal.ui.manageyards.view.New","viewId":"application-manageyards-display-component---NewYard","bindingPath":{"path":"","propertyPath":"/SALES_AREA_VKORG","modelName":"NewYardModel"},"interaction":{"idSuffix":"inner"}},"clearTextFirst":true,"interactionType":"ENTER_TEXT"}]}
COMMAND: POST /session/c72c23a71f957f5f97380492e1ede48b/execute/async - {"script":"<script> [1562 bytes]","args":[{"selector":{"controlType":"sap.m.Input","viewName":"etm.portal.ui.manageyards.view.New","viewId":"application-manageyards-display-component---NewYard","bindingPath":{"path":"","propertyPath":"/SALES_AREA_VTWEG","modelName":"NewYardModel"},"interaction":{"idSuffix":"inner"}},"wdio_ui5_key":"etmportal.ui.manageyards.view.Newsap.m.Input{\"path\":\"\",\"propertyPath\":\"/SALES_AREA_VTWEG\",\"modelName\":\"NewYardModel\"}"}]}
RESULT: {"script":"<script> [1562 bytes]","args":[{"selector":{"controlType":"sap.m.Input","viewName":"etm.portal.ui.manageyards.view.New","viewId":"application-manageyards-display-component---NewYard","bindingPath":{"path":"","propertyPath":"/SALES_AREA_VTWEG","modelName":"NewYardModel"},"interaction":{"idSuffix":"inner"}},"wdio_ui5_key":"etmportal.ui.manageyards.view.Newsap.m.Input{\"path\":\"\",\"propertyPath\":\"/SALES_AREA_VTWEG\",\"modelName\":\"NewYardModel\"}"}]}
RESULT: undefined
COMMAND: POST /session/c72c23a71f957f5f97380492e1ede48b/execute/async - {"script":"<script> [776 bytes]","args":[{"enterText":"C2","selector":{"controlType":"sap.m.Input","viewName":"etm.portal.ui.manageyards.view.New","viewId":"application-manageyards-display-component---NewYard","bindingPath":{"path":"","propertyPath":"/SALES_AREA_VTWEG","modelName":"NewYardModel"},"interaction":{"idSuffix":"inner"}},"clearTextFirst":true,"interactionType":"ENTER_TEXT"}]}
RESULT: {"script":"<script> [776 bytes]","args":[{"enterText":"C2","selector":{"controlType":"sap.m.Input","viewName":"etm.portal.ui.manageyards.view.New","viewId":"application-manageyards-display-component---NewYard","bindingPath":{"path":"","propertyPath":"/SALES_AREA_VTWEG","modelName":"NewYardModel"},"interaction":{"idSuffix":"inner"}},"clearTextFirst":true,"interactionType":"ENTER_TEXT"}]}
COMMAND: POST /session/c72c23a71f957f5f97380492e1ede48b/execute/async - {"script":"<script> [1562 bytes]","args":[{"selector":{"controlType":"sap.m.Input","viewName":"etm.portal.ui.manageyards.view.New","viewId":"application-manageyards-display-component---NewYard","bindingPath":{"path":"","propertyPath":"/SALES_AREA_SPART","modelName":"NewYardModel"},"interaction":{"idSuffix":"inner"}},"wdio_ui5_key":"etmportal.ui.manageyards.view.Newsap.m.Input{\"path\":\"\",\"propertyPath\":\"/SALES_AREA_SPART\",\"modelName\":\"NewYardModel\"}"}]}
RESULT: {"script":"<script> [1562 bytes]","args":[{"selector":{"controlType":"sap.m.Input","viewName":"etm.portal.ui.manageyards.view.New","viewId":"application-manageyards-display-component---NewYard","bindingPath":{"path":"","propertyPath":"/SALES_AREA_SPART","modelName":"NewYardModel"},"interaction":{"idSuffix":"inner"}},"wdio_ui5_key":"etmportal.ui.manageyards.view.Newsap.m.Input{\"path\":\"\",\"propertyPath\":\"/SALES_AREA_SPART\",\"modelName\":\"NewYardModel\"}"}]}
RESULT: undefined
COMMAND: POST /session/c72c23a71f957f5f97380492e1ede48b/execute/async - {"script":"<script> [776 bytes]","args":[{"enterText":"C2","selector":{"controlType":"sap.m.Input","viewName":"etm.portal.ui.manageyards.view.New","viewId":"application-manageyards-display-component---NewYard","bindingPath":{"path":"","propertyPath":"/SALES_AREA_SPART","modelName":"NewYardModel"},"interaction":{"idSuffix":"inner"}},"clearTextFirst":true,"interactionType":"ENTER_TEXT"}]}
RESULT: {"script":"<script> [776 bytes]","args":[{"enterText":"C2","selector":{"controlType":"sap.m.Input","viewName":"etm.portal.ui.manageyards.view.New","viewId":"application-manageyards-display-component---NewYard","bindingPath":{"path":"","propertyPath":"/SALES_AREA_SPART","modelName":"NewYardModel"},"interaction":{"idSuffix":"inner"}},"clearTextFirst":true,"interactionType":"ENTER_TEXT"}]}
COMMAND: POST /session/c72c23a71f957f5f97380492e1ede48b/execute/async - {"script":"<script> [1562 bytes]","args":[{"selector":{"controlType":"sap.m.Input","viewName":"etm.portal.ui.manageyards.view.New","viewId":"application-manageyards-display-component---NewYard","bindingPath":{"path":"","propertyPath":"/SHIP_POINT","modelName":"NewYardModel"},"interaction":{"idSuffix":"inner"}},"wdio_ui5_key":"etmportal.ui.manageyards.view.Newsap.m.Input{\"path\":\"\",\"propertyPath\":\"/SHIP_POINT\",\"modelName\":\"NewYardModel\"}"}]}
RESULT: {"script":"<script> [1562 bytes]","args":[{"selector":{"controlType":"sap.m.Input","viewName":"etm.portal.ui.manageyards.view.New","viewId":"application-manageyards-display-component---NewYard","bindingPath":{"path":"","propertyPath":"/SHIP_POINT","modelName":"NewYardModel"},"interaction":{"idSuffix":"inner"}},"wdio_ui5_key":"etmportal.ui.manageyards.view.Newsap.m.Input{\"path\":\"\",\"propertyPath\":\"/SHIP_POINT\",\"modelName\":\"NewYardModel\"}"}]}
RESULT: undefined
COMMAND: POST /session/c72c23a71f957f5f97380492e1ede48b/execute/async - {"script":"<script> [776 bytes]","args":[{"enterText":"1710","selector":{"controlType":"sap.m.Input","viewName":"etm.portal.ui.manageyards.view.New","viewId":"application-manageyards-display-component---NewYard","bindingPath":{"path":"","propertyPath":"/SHIP_POINT","modelName":"NewYardModel"},"interaction":{"idSuffix":"inner"}},"clearTextFirst":true,"interactionType":"ENTER_TEXT"}]}
RESULT: {"script":"<script> [776 bytes]","args":[{"enterText":"1710","selector":{"controlType":"sap.m.Input","viewName":"etm.portal.ui.manageyards.view.New","viewId":"application-manageyards-display-component---NewYard","bindingPath":{"path":"","propertyPath":"/SHIP_POINT","modelName":"NewYardModel"},"interaction":{"idSuffix":"inner"}},"clearTextFirst":true,"interactionType":"ENTER_TEXT"}]}
COMMAND: POST /session/c72c23a71f957f5f97380492e1ede48b/execute/async - {"script":"<script> [1562 bytes]","args":[{"selector":{"controlType":"sap.m.Input","viewName":"etm.portal.ui.manageyards.view.New","viewId":"application-manageyards-display-component---NewYard","bindingPath":{"path":"","propertyPath":"/DELIVERY_TYPE","modelName":"NewYardModel"},"interaction":{"idSuffix":"inner"}},"wdio_ui5_key":"etmportal.ui.manageyards.view.Newsap.m.Input{\"path\":\"\",\"propertyPath\":\"/DELIVERY_TYPE\",\"modelName\":\"NewYardModel\"}"}]}
RESULT: {"script":"<script> [1562 bytes]","args":[{"selector":{"controlType":"sap.m.Input","viewName":"etm.portal.ui.manageyards.view.New","viewId":"application-manageyards-display-component---NewYard","bindingPath":{"path":"","propertyPath":"/DELIVERY_TYPE","modelName":"NewYardModel"},"interaction":{"idSuffix":"inner"}},"wdio_ui5_key":"etmportal.ui.manageyards.view.Newsap.m.Input{\"path\":\"\",\"propertyPath\":\"/DELIVERY_TYPE\",\"modelName\":\"NewYardModel\"}"}]}
RESULT: undefined
COMMAND: POST /session/c72c23a71f957f5f97380492e1ede48b/execute/async - {"script":"<script> [776 bytes]","args":[{"enterText":"ZL01","selector":{"controlType":"sap.m.Input","viewName":"etm.portal.ui.manageyards.view.New","viewId":"application-manageyards-display-component---NewYard","bindingPath":{"path":"","propertyPath":"/DELIVERY_TYPE","modelName":"NewYardModel"},"interaction":{"idSuffix":"inner"}},"clearTextFirst":true,"interactionType":"ENTER_TEXT"}]}
RESULT: {"script":"<script> [776 bytes]","args":[{"enterText":"ZL01","selector":{"controlType":"sap.m.Input","viewName":"etm.portal.ui.manageyards.view.New","viewId":"application-manageyards-display-component---NewYard","bindingPath":{"path":"","propertyPath":"/DELIVERY_TYPE","modelName":"NewYardModel"},"interaction":{"idSuffix":"inner"}},"clearTextFirst":true,"interactionType":"ENTER_TEXT"}]}
COMMAND: POST /session/c72c23a71f957f5f97380492e1ede48b/execute/async - {"script":"<script> [1562 bytes]","args":[{"selector":{"controlType":"sap.m.Input","viewName":"etm.portal.ui.manageyards.view.New","viewId":"application-manageyards-display-component---NewYard","bindingPath":{"path":"","propertyPath":"/AUART","modelName":"NewYardModel"},"interaction":{"idSuffix":"inner"}},"wdio_ui5_key":"etmportal.ui.manageyards.view.Newsap.m.Input{\"path\":\"\",\"propertyPath\":\"/AUART\",\"modelName\":\"NewYardModel\"}"}]}
RESULT: {"script":"<script> [1562 bytes]","args":[{"selector":{"controlType":"sap.m.Input","viewName":"etm.portal.ui.manageyards.view.New","viewId":"application-manageyards-display-component---NewYard","bindingPath":{"path":"","propertyPath":"/AUART","modelName":"NewYardModel"},"interaction":{"idSuffix":"inner"}},"wdio_ui5_key":"etmportal.ui.manageyards.view.Newsap.m.Input{\"path\":\"\",\"propertyPath\":\"/AUART\",\"modelName\":\"NewYardModel\"}"}]}
RESULT: undefined
COMMAND: POST /session/c72c23a71f957f5f97380492e1ede48b/execute/async - {"script":"<script> [776 bytes]","args":[{"enterText":"TA","selector":{"controlType":"sap.m.Input","viewName":"etm.portal.ui.manageyards.view.New","viewId":"application-manageyards-display-component---NewYard","bindingPath":{"path":"","propertyPath":"/AUART","modelName":"NewYardModel"},"interaction":{"idSuffix":"inner"}},"clearTextFirst":true,"interactionType":"ENTER_TEXT"}]}
RESULT: {"script":"<script> [776 bytes]","args":[{"enterText":"TA","selector":{"controlType":"sap.m.Input","viewName":"etm.portal.ui.manageyards.view.New","viewId":"application-manageyards-display-component---NewYard","bindingPath":{"path":"","propertyPath":"/AUART","modelName":"NewYardModel"},"interaction":{"idSuffix":"inner"}},"clearTextFirst":true,"interactionType":"ENTER_TEXT"}]}
COMMAND: POST /session/c72c23a71f957f5f97380492e1ede48b/element - {"using":"xpath","value":"//button[@data-kt=\"newYardSaveButton\"]"}
RESULT: {"using":"xpath","value":"//button[@data-kt=\"newYardSaveButton\"]"}
COMMAND: POST /session/c72c23a71f957f5f97380492e1ede48b/element/f.9B2FD2DF9A9EBD12F39787CA2B3A3B3C.d.9DB36346AF92DB5EA081B41BC6FDAAEA.e.9821/click - {}
RESULT: {}
COMMAND: GET /session/c72c23a71f957f5f97380492e1ede48b/screenshot - {}
RESULT: {}
COMMAND: POST /session/c72c23a71f957f5f97380492e1ede48b/element - {"using":"xpath","value":"//header[contains(@id, 'ObjectPageLayout-headerTitle')]/div[1]/div[2]/div[1]/span[1]"}
RESULT: {"using":"xpath","value":"//header[contains(@id, 'ObjectPageLayout-headerTitle')]/div[1]/div[2]/div[1]/span[1]"}
COMMAND: POST /session/c72c23a71f957f5f97380492e1ede48b/elements - {"using":"xpath","value":"//header[contains(@id, 'ObjectPageLayout-headerTitle')]/div[1]/div[2]/div[1]/span[1]"}
RESULT: {"using":"xpath","value":"//header[contains(@id, 'ObjectPageLayout-headerTitle')]/div[1]/div[2]/div[1]/span[1]"}
COMMAND: POST /session/c72c23a71f957f5f97380492e1ede48b/execute/sync - {"script":"<script> [56 bytes]","args":[{"element-6066-11e4-a52e-4f735466cecf":"f.9B2FD2DF9A9EBD12F39787CA2B3A3B3C.d.9DB36346AF92DB5EA081B41BC6FDAAEA.e.10129","ELEMENT":"f.9B2FD2DF9A9EBD12F39787CA2B3A3B3C.d.9DB36346AF92DB5EA081B41BC6FDAAEA.e.10129"}]}
RESULT: {"script":"<script> [56 bytes]","args":[{"element-6066-11e4-a52e-4f735466cecf":"f.9B2FD2DF9A9EBD12F39787CA2B3A3B3C.d.9DB36346AF92DB5EA081B41BC6FDAAEA.e.10129","ELEMENT":"f.9B2FD2DF9A9EBD12F39787CA2B3A3B3C.d.9DB36346AF92DB5EA081B41BC6FDAAEA.e.10129"}]}
COMMAND: GET /session/c72c23a71f957f5f97380492e1ede48b/screenshot - {}
RESULT: {}
COMMAND: POST /session/c72c23a71f957f5f97380492e1ede48b/element - {"using":"css selector","value":"#shell-header-logo"}
RESULT: {"using":"css selector","value":"#shell-header-logo"}
COMMAND: POST /session/c72c23a71f957f5f97380492e1ede48b/element/f.9B2FD2DF9A9EBD12F39787CA2B3A3B3C.d.9DB36346AF92DB5EA081B41BC6FDAAEA.e.9387/click - {}
RESULT: {}
COMMAND: GET /session/c72c23a71f957f5f97380492e1ede48b/screenshot - {}
RESULT: {}
COMMAND: POST /session/c72c23a71f957f5f97380492e1ede48b/execute/sync - {"script":"<script> [299 bytes]","args":[["getModel","getResource"]]}
RESULT: {"script":"<script> [299 bytes]","args":[["getModel","getResource"]]}
]]></system-out>
    </testcase>
    <testcase classname="chrome.136_0_7103_93.windows.Create_partner_US118246" name="Should create new external partner" time="92.602">
      <system-out><![CDATA[
COMMAND: POST /session/c72c23a71f957f5f97380492e1ede48b/window/fullscreen - {}
COMMAND: GET /session/c72c23a71f957f5f97380492e1ede48b/screenshot - {}
RESULT: {}
COMMAND: POST /session/c72c23a71f957f5f97380492e1ede48b/execute/async - {"script":"<script> [1562 bytes]","args":[{"selector":{"controlType":"sap.m.GenericTile","properties":{"header":"Manage Partners"}},"wdio_ui5_key":"sapm.GenericTile{\"header\":\"Manage Partners\"}"}]}
RESULT: {}
RESULT: {"script":"<script> [1562 bytes]","args":[{"selector":{"controlType":"sap.m.GenericTile","properties":{"header":"Manage Partners"}},"wdio_ui5_key":"sapm.GenericTile{\"header\":\"Manage Partners\"}"}]}
RESULT: undefined
COMMAND: POST /session/c72c23a71f957f5f97380492e1ede48b/element - {"using":"xpath","value":"//*[@id=\"__tile38\"]"}
RESULT: {"using":"xpath","value":"//*[@id=\"__tile38\"]"}
COMMAND: POST /session/c72c23a71f957f5f97380492e1ede48b/element/f.9B2FD2DF9A9EBD12F39787CA2B3A3B3C.d.9DB36346AF92DB5EA081B41BC6FDAAEA.e.9275/click - {}
RESULT: {}
COMMAND: GET /session/c72c23a71f957f5f97380492e1ede48b/screenshot - {}
RESULT: {}
COMMAND: POST /session/c72c23a71f957f5f97380492e1ede48b/elements - {"using":"xpath","value":"//span[text()='Error']"}
RESULT: {"using":"xpath","value":"//span[text()='Error']"}
COMMAND: POST /session/c72c23a71f957f5f97380492e1ede48b/element - {"using":"xpath","value":"//button[@data-kt=\"addButton\"]"}
RESULT: {"using":"xpath","value":"//button[@data-kt=\"addButton\"]"}
COMMAND: POST /session/c72c23a71f957f5f97380492e1ede48b/elements - {"using":"xpath","value":"//button[@data-kt=\"addButton\"]"}
RESULT: {"using":"xpath","value":"//button[@data-kt=\"addButton\"]"}
COMMAND: POST /session/c72c23a71f957f5f97380492e1ede48b/execute/sync - {"script":"<script> [8489 bytes]","args":[{"element-6066-11e4-a52e-4f735466cecf":"f.9B2FD2DF9A9EBD12F39787CA2B3A3B3C.d.9DB36346AF92DB5EA081B41BC6FDAAEA.e.10176","ELEMENT":"f.9B2FD2DF9A9EBD12F39787CA2B3A3B3C.d.9DB36346AF92DB5EA081B41BC6FDAAEA.e.10176"}]}
RESULT: {"script":"<script> [8489 bytes]","args":[{"element-6066-11e4-a52e-4f735466cecf":"f.9B2FD2DF9A9EBD12F39787CA2B3A3B3C.d.9DB36346AF92DB5EA081B41BC6FDAAEA.e.10176","ELEMENT":"f.9B2FD2DF9A9EBD12F39787CA2B3A3B3C.d.9DB36346AF92DB5EA081B41BC6FDAAEA.e.10176"}]}
COMMAND: GET /session/c72c23a71f957f5f97380492e1ede48b/element/f.9B2FD2DF9A9EBD12F39787CA2B3A3B3C.d.9DB36346AF92DB5EA081B41BC6FDAAEA.e.10176/enabled - {}
COMMAND: GET /session/c72c23a71f957f5f97380492e1ede48b/screenshot - {}
RESULT: {}
COMMAND: POST /session/c72c23a71f957f5f97380492e1ede48b/execute/sync - {"script":"<script> [8489 bytes]","args":[{"element-6066-11e4-a52e-4f735466cecf":"f.9B2FD2DF9A9EBD12F39787CA2B3A3B3C.d.9DB36346AF92DB5EA081B41BC6FDAAEA.e.10176","ELEMENT":"f.9B2FD2DF9A9EBD12F39787CA2B3A3B3C.d.9DB36346AF92DB5EA081B41BC6FDAAEA.e.10176"}]}
COMMAND: GET /session/c72c23a71f957f5f97380492e1ede48b/screenshot - {}
RESULT: {}
RESULT: {"script":"<script> [8489 bytes]","args":[{"element-6066-11e4-a52e-4f735466cecf":"f.9B2FD2DF9A9EBD12F39787CA2B3A3B3C.d.9DB36346AF92DB5EA081B41BC6FDAAEA.e.10176","ELEMENT":"f.9B2FD2DF9A9EBD12F39787CA2B3A3B3C.d.9DB36346AF92DB5EA081B41BC6FDAAEA.e.10176"}]}
COMMAND: POST /session/c72c23a71f957f5f97380492e1ede48b/execute/sync - {"script":"<script> [5351 bytes]","args":[{"element-6066-11e4-a52e-4f735466cecf":"f.9B2FD2DF9A9EBD12F39787CA2B3A3B3C.d.9DB36346AF92DB5EA081B41BC6FDAAEA.e.10176","ELEMENT":"f.9B2FD2DF9A9EBD12F39787CA2B3A3B3C.d.9DB36346AF92DB5EA081B41BC6FDAAEA.e.10176"}]}
COMMAND: GET /session/c72c23a71f957f5f97380492e1ede48b/screenshot - {}
RESULT: {}
RESULT: {"script":"<script> [5351 bytes]","args":[{"element-6066-11e4-a52e-4f735466cecf":"f.9B2FD2DF9A9EBD12F39787CA2B3A3B3C.d.9DB36346AF92DB5EA081B41BC6FDAAEA.e.10176","ELEMENT":"f.9B2FD2DF9A9EBD12F39787CA2B3A3B3C.d.9DB36346AF92DB5EA081B41BC6FDAAEA.e.10176"}]}
COMMAND: POST /session/c72c23a71f957f5f97380492e1ede48b/element/f.9B2FD2DF9A9EBD12F39787CA2B3A3B3C.d.9DB36346AF92DB5EA081B41BC6FDAAEA.e.10176/click - {}
COMMAND: GET /session/c72c23a71f957f5f97380492e1ede48b/screenshot - {}
RESULT: {}
RESULT: {}
COMMAND: GET /session/c72c23a71f957f5f97380492e1ede48b/screenshot - {}
COMMAND: POST /session/c72c23a71f957f5f97380492e1ede48b/execute/async - {"script":"<script> [1562 bytes]","args":[{"selector":{"id":"application-managepartners-display-component---NewPartner--addressDetailDetailsName1","interaction":{"idSuffix":"inner"}},"wdio_ui5_key":"applicationmanagepartners-display-component---NewPartner--addressDetailDetailsName1"}]}
RESULT: {}
RESULT: {}
RESULT: {"script":"<script> [1562 bytes]","args":[{"selector":{"id":"application-managepartners-display-component---NewPartner--addressDetailDetailsName1","interaction":{"idSuffix":"inner"}},"wdio_ui5_key":"applicationmanagepartners-display-component---NewPartner--addressDetailDetailsName1"}]}
RESULT: undefined
COMMAND: POST /session/c72c23a71f957f5f97380492e1ede48b/execute/async - {"script":"<script> [776 bytes]","args":[{"enterText":"External Partner WDIO","selector":{"id":"application-managepartners-display-component---NewPartner--addressDetailDetailsName1","interaction":{"idSuffix":"inner"}},"clearTextFirst":true,"interactionType":"ENTER_TEXT"}]}
RESULT: {"script":"<script> [776 bytes]","args":[{"enterText":"External Partner WDIO","selector":{"id":"application-managepartners-display-component---NewPartner--addressDetailDetailsName1","interaction":{"idSuffix":"inner"}},"clearTextFirst":true,"interactionType":"ENTER_TEXT"}]}
COMMAND: POST /session/c72c23a71f957f5f97380492e1ede48b/execute/async - {"script":"<script> [1562 bytes]","args":[{"selector":{"id":"application-managepartners-display-component---NewPartner--addressDetailDetailsLanguage-arrow"},"wdio_ui5_key":"applicationmanagepartners-display-component---NewPartner--addressDetailDetailsLanguage-arrow"}]}
RESULT: {"script":"<script> [1562 bytes]","args":[{"selector":{"id":"application-managepartners-display-component---NewPartner--addressDetailDetailsLanguage-arrow"},"wdio_ui5_key":"applicationmanagepartners-display-component---NewPartner--addressDetailDetailsLanguage-arrow"}]}
RESULT: undefined
COMMAND: POST /session/c72c23a71f957f5f97380492e1ede48b/element - {"using":"xpath","value":"//*[@id=\"application-managepartners-display-component---NewPartner--addressDetailDetailsLanguage-arrow\"]"}
RESULT: {"using":"xpath","value":"//*[@id=\"application-managepartners-display-component---NewPartner--addressDetailDetailsLanguage-arrow\"]"}
COMMAND: POST /session/c72c23a71f957f5f97380492e1ede48b/element/f.9B2FD2DF9A9EBD12F39787CA2B3A3B3C.d.9DB36346AF92DB5EA081B41BC6FDAAEA.e.10621/click - {}
RESULT: {}
COMMAND: POST /session/c72c23a71f957f5f97380492e1ede48b/element - {"using":"xpath","value":"//span[contains(text(), \"English\")]"}
COMMAND: GET /session/c72c23a71f957f5f97380492e1ede48b/screenshot - {}
RESULT: {"using":"xpath","value":"//span[contains(text(), \"English\")]"}
COMMAND: POST /session/c72c23a71f957f5f97380492e1ede48b/element/f.9B2FD2DF9A9EBD12F39787CA2B3A3B3C.d.9DB36346AF92DB5EA081B41BC6FDAAEA.e.10622/click - {}
RESULT: {}
RESULT: {}
COMMAND: GET /session/c72c23a71f957f5f97380492e1ede48b/screenshot - {}
RESULT: {}
COMMAND: POST /session/c72c23a71f957f5f97380492e1ede48b/execute/async - {"script":"<script> [1562 bytes]","args":[{"selector":{"id":"application-managepartners-display-component---NewPartner--addressDetailDetailsCity1","interaction":{"idSuffix":"inner"}},"wdio_ui5_key":"applicationmanagepartners-display-component---NewPartner--addressDetailDetailsCity1"}]}
RESULT: {"script":"<script> [1562 bytes]","args":[{"selector":{"id":"application-managepartners-display-component---NewPartner--addressDetailDetailsCity1","interaction":{"idSuffix":"inner"}},"wdio_ui5_key":"applicationmanagepartners-display-component---NewPartner--addressDetailDetailsCity1"}]}
RESULT: undefined
COMMAND: POST /session/c72c23a71f957f5f97380492e1ede48b/execute/async - {"script":"<script> [776 bytes]","args":[{"enterText":"Rosario","selector":{"id":"application-managepartners-display-component---NewPartner--addressDetailDetailsCity1","interaction":{"idSuffix":"inner"}},"clearTextFirst":true,"interactionType":"ENTER_TEXT"}]}
RESULT: {"script":"<script> [776 bytes]","args":[{"enterText":"Rosario","selector":{"id":"application-managepartners-display-component---NewPartner--addressDetailDetailsCity1","interaction":{"idSuffix":"inner"}},"clearTextFirst":true,"interactionType":"ENTER_TEXT"}]}
COMMAND: POST /session/c72c23a71f957f5f97380492e1ede48b/execute/async - {"script":"<script> [1562 bytes]","args":[{"selector":{"id":"application-managepartners-display-component---NewPartner--addressDetailDetailsCountry-arrow"},"wdio_ui5_key":"applicationmanagepartners-display-component---NewPartner--addressDetailDetailsCountry-arrow"}]}
RESULT: {"script":"<script> [1562 bytes]","args":[{"selector":{"id":"application-managepartners-display-component---NewPartner--addressDetailDetailsCountry-arrow"},"wdio_ui5_key":"applicationmanagepartners-display-component---NewPartner--addressDetailDetailsCountry-arrow"}]}
RESULT: undefined
COMMAND: POST /session/c72c23a71f957f5f97380492e1ede48b/element - {"using":"xpath","value":"//*[@id=\"application-managepartners-display-component---NewPartner--addressDetailDetailsCountry-arrow\"]"}
RESULT: {"using":"xpath","value":"//*[@id=\"application-managepartners-display-component---NewPartner--addressDetailDetailsCountry-arrow\"]"}
COMMAND: POST /session/c72c23a71f957f5f97380492e1ede48b/element/f.9B2FD2DF9A9EBD12F39787CA2B3A3B3C.d.9DB36346AF92DB5EA081B41BC6FDAAEA.e.10608/click - {}
RESULT: {}
COMMAND: POST /session/c72c23a71f957f5f97380492e1ede48b/element - {"using":"xpath","value":"//span[contains(text(), \"Argentina\")]"}
COMMAND: GET /session/c72c23a71f957f5f97380492e1ede48b/screenshot - {}
RESULT: {"using":"xpath","value":"//span[contains(text(), \"Argentina\")]"}
COMMAND: POST /session/c72c23a71f957f5f97380492e1ede48b/element/f.9B2FD2DF9A9EBD12F39787CA2B3A3B3C.d.9DB36346AF92DB5EA081B41BC6FDAAEA.e.10624/click - {}
RESULT: {}
RESULT: {}
COMMAND: GET /session/c72c23a71f957f5f97380492e1ede48b/screenshot - {}
RESULT: {}
COMMAND: POST /session/c72c23a71f957f5f97380492e1ede48b/element - {"using":"xpath","value":"//bdi[contains(text(), \"Commercial\")]"}
RESULT: {"using":"xpath","value":"//bdi[contains(text(), \"Commercial\")]"}
COMMAND: POST /session/c72c23a71f957f5f97380492e1ede48b/element/f.9B2FD2DF9A9EBD12F39787CA2B3A3B3C.d.9DB36346AF92DB5EA081B41BC6FDAAEA.e.10625/click - {}
RESULT: {}
COMMAND: GET /session/c72c23a71f957f5f97380492e1ede48b/screenshot - {}
RESULT: {}
COMMAND: POST /session/c72c23a71f957f5f97380492e1ede48b/execute/async - {"script":"<script> [1562 bytes]","args":[{"selector":{"id":"application-managepartners-display-component---NewPartner--partnerDetailInternal-arrow"},"wdio_ui5_key":"applicationmanagepartners-display-component---NewPartner--partnerDetailInternal-arrow"}]}
RESULT: {"script":"<script> [1562 bytes]","args":[{"selector":{"id":"application-managepartners-display-component---NewPartner--partnerDetailInternal-arrow"},"wdio_ui5_key":"applicationmanagepartners-display-component---NewPartner--partnerDetailInternal-arrow"}]}
RESULT: undefined
COMMAND: POST /session/c72c23a71f957f5f97380492e1ede48b/element - {"using":"xpath","value":"//*[@id=\"application-managepartners-display-component---NewPartner--partnerDetailInternal-arrow\"]"}
RESULT: {"using":"xpath","value":"//*[@id=\"application-managepartners-display-component---NewPartner--partnerDetailInternal-arrow\"]"}
COMMAND: POST /session/c72c23a71f957f5f97380492e1ede48b/element/f.9B2FD2DF9A9EBD12F39787CA2B3A3B3C.d.9DB36346AF92DB5EA081B41BC6FDAAEA.e.10631/click - {}
RESULT: {}
COMMAND: POST /session/c72c23a71f957f5f97380492e1ede48b/element - {"using":"xpath","value":"//span[contains(text(), \"External partner\")]"}
COMMAND: GET /session/c72c23a71f957f5f97380492e1ede48b/screenshot - {}
RESULT: {"using":"xpath","value":"//span[contains(text(), \"External partner\")]"}
COMMAND: POST /session/c72c23a71f957f5f97380492e1ede48b/element/f.9B2FD2DF9A9EBD12F39787CA2B3A3B3C.d.9DB36346AF92DB5EA081B41BC6FDAAEA.e.10632/click - {}
RESULT: {}
RESULT: {}
COMMAND: POST /session/c72c23a71f957f5f97380492e1ede48b/execute/async - {"script":"<script> [1562 bytes]","args":[{"selector":{"id":"application-managepartners-display-component---NewPartner--partnerDetailsCurrency-arrow"},"wdio_ui5_key":"applicationmanagepartners-display-component---NewPartner--partnerDetailsCurrency-arrow"}]}
COMMAND: GET /session/c72c23a71f957f5f97380492e1ede48b/screenshot - {}
RESULT: {"script":"<script> [1562 bytes]","args":[{"selector":{"id":"application-managepartners-display-component---NewPartner--partnerDetailsCurrency-arrow"},"wdio_ui5_key":"applicationmanagepartners-display-component---NewPartner--partnerDetailsCurrency-arrow"}]}
RESULT: undefined
COMMAND: POST /session/c72c23a71f957f5f97380492e1ede48b/element - {"using":"xpath","value":"//*[@id=\"application-managepartners-display-component---NewPartner--partnerDetailsCurrency-arrow\"]"}
RESULT: {}
RESULT: {"using":"xpath","value":"//*[@id=\"application-managepartners-display-component---NewPartner--partnerDetailsCurrency-arrow\"]"}
COMMAND: POST /session/c72c23a71f957f5f97380492e1ede48b/element/f.9B2FD2DF9A9EBD12F39787CA2B3A3B3C.d.9DB36346AF92DB5EA081B41BC6FDAAEA.e.10637/click - {}
RESULT: {}
COMMAND: POST /session/c72c23a71f957f5f97380492e1ede48b/element - {"using":"xpath","value":"//span[contains(text(), \"US Dollar\")]"}
COMMAND: GET /session/c72c23a71f957f5f97380492e1ede48b/screenshot - {}
RESULT: {"using":"xpath","value":"//span[contains(text(), \"US Dollar\")]"}
COMMAND: POST /session/c72c23a71f957f5f97380492e1ede48b/element/f.9B2FD2DF9A9EBD12F39787CA2B3A3B3C.d.9DB36346AF92DB5EA081B41BC6FDAAEA.e.10638/click - {}
RESULT: {}
RESULT: {}
COMMAND: GET /session/c72c23a71f957f5f97380492e1ede48b/screenshot - {}
RESULT: {}
COMMAND: POST /session/c72c23a71f957f5f97380492e1ede48b/element - {"using":"xpath","value":"//input[@id=\"application-managepartners-display-component---NewPartner--companyCodeComboBox-inner\"]"}
RESULT: {"using":"xpath","value":"//input[@id=\"application-managepartners-display-component---NewPartner--companyCodeComboBox-inner\"]"}
COMMAND: POST /session/c72c23a71f957f5f97380492e1ede48b/element/f.9B2FD2DF9A9EBD12F39787CA2B3A3B3C.d.9DB36346AF92DB5EA081B41BC6FDAAEA.e.10480/clear - {}
RESULT: {}
COMMAND: POST /session/c72c23a71f957f5f97380492e1ede48b/element/f.9B2FD2DF9A9EBD12F39787CA2B3A3B3C.d.9DB36346AF92DB5EA081B41BC6FDAAEA.e.10480/value - {"text":"C002"}
COMMAND: GET /session/c72c23a71f957f5f97380492e1ede48b/screenshot - {}
RESULT: {"text":"C002"}
COMMAND: GET /session/c72c23a71f957f5f97380492e1ede48b/screenshot - {}
RESULT: {}
RESULT: {}
COMMAND: POST /session/c72c23a71f957f5f97380492e1ede48b/element - {"using":"xpath","value":"//li[.//span[text()= \"C002\"]]"}
RESULT: {"using":"xpath","value":"//li[.//span[text()= \"C002\"]]"}
COMMAND: POST /session/c72c23a71f957f5f97380492e1ede48b/element/f.9B2FD2DF9A9EBD12F39787CA2B3A3B3C.d.9DB36346AF92DB5EA081B41BC6FDAAEA.e.10642/click - {}
RESULT: {}
COMMAND: GET /session/c72c23a71f957f5f97380492e1ede48b/screenshot - {}
RESULT: {}
COMMAND: POST /session/c72c23a71f957f5f97380492e1ede48b/execute/async - {"script":"<script> [1562 bytes]","args":[{"selector":{"id":"application-managepartners-display-component---NewPartner--btnAddTableRow-img"},"wdio_ui5_key":"applicationmanagepartners-display-component---NewPartner--btnAddTableRow-img"}]}
RESULT: {"script":"<script> [1562 bytes]","args":[{"selector":{"id":"application-managepartners-display-component---NewPartner--btnAddTableRow-img"},"wdio_ui5_key":"applicationmanagepartners-display-component---NewPartner--btnAddTableRow-img"}]}
RESULT: undefined
COMMAND: POST /session/c72c23a71f957f5f97380492e1ede48b/element - {"using":"xpath","value":"//*[@id=\"application-managepartners-display-component---NewPartner--btnAddTableRow-img\"]"}
RESULT: {"using":"xpath","value":"//*[@id=\"application-managepartners-display-component---NewPartner--btnAddTableRow-img\"]"}
COMMAND: POST /session/c72c23a71f957f5f97380492e1ede48b/element/f.9B2FD2DF9A9EBD12F39787CA2B3A3B3C.d.9DB36346AF92DB5EA081B41BC6FDAAEA.e.10643/click - {}
RESULT: {}
COMMAND: GET /session/c72c23a71f957f5f97380492e1ede48b/screenshot - {}
RESULT: {}
COMMAND: POST /session/c72c23a71f957f5f97380492e1ede48b/element - {"using":"xpath","value":"//input[@id=\"application-managepartners-display-component---NewPartner--assignmentYard-application-managepartners-display-component---NewPartner--assignmentsTable-0-inner\"]"}
RESULT: {"using":"xpath","value":"//input[@id=\"application-managepartners-display-component---NewPartner--assignmentYard-application-managepartners-display-component---NewPartner--assignmentsTable-0-inner\"]"}
COMMAND: POST /session/c72c23a71f957f5f97380492e1ede48b/element/f.9B2FD2DF9A9EBD12F39787CA2B3A3B3C.d.9DB36346AF92DB5EA081B41BC6FDAAEA.e.10646/clear - {}
RESULT: {}
COMMAND: POST /session/c72c23a71f957f5f97380492e1ede48b/element/f.9B2FD2DF9A9EBD12F39787CA2B3A3B3C.d.9DB36346AF92DB5EA081B41BC6FDAAEA.e.10646/value - {"text":"402"}
COMMAND: GET /session/c72c23a71f957f5f97380492e1ede48b/screenshot - {}
RESULT: {"text":"402"}
COMMAND: GET /session/c72c23a71f957f5f97380492e1ede48b/screenshot - {}
RESULT: {}
RESULT: {}
COMMAND: POST /session/c72c23a71f957f5f97380492e1ede48b/element - {"using":"xpath","value":"//li[.//span[text()='402']]"}
RESULT: {"using":"xpath","value":"//li[.//span[text()='402']]"}
COMMAND: POST /session/c72c23a71f957f5f97380492e1ede48b/element/f.9B2FD2DF9A9EBD12F39787CA2B3A3B3C.d.9DB36346AF92DB5EA081B41BC6FDAAEA.e.10654/click - {}
RESULT: {}
COMMAND: GET /session/c72c23a71f957f5f97380492e1ede48b/screenshot - {}
RESULT: {}
COMMAND: POST /session/c72c23a71f957f5f97380492e1ede48b/actions - {"actions":[{"id":"action27","type":"key","parameters":{},"actions":[{"type":"keyDown","value":""},{"type":"pause","duration":10},{"type":"keyUp","value":""}]}]}
RESULT: {"actions":[{"id":"action27","type":"key","parameters":{},"actions":[{"type":"keyDown","value":""},{"type":"pause","duration":10},{"type":"keyUp","value":""}]}]}
COMMAND: POST /session/c72c23a71f957f5f97380492e1ede48b/element - {"using":"xpath","value":"//td[contains(@id, \"assignmentsTable-0-cell2\")]/div/div"}
COMMAND: GET /session/c72c23a71f957f5f97380492e1ede48b/screenshot - {}
RESULT: {"using":"xpath","value":"//td[contains(@id, \"assignmentsTable-0-cell2\")]/div/div"}
COMMAND: POST /session/c72c23a71f957f5f97380492e1ede48b/element/f.9B2FD2DF9A9EBD12F39787CA2B3A3B3C.d.9DB36346AF92DB5EA081B41BC6FDAAEA.e.10657/click - {}
RESULT: {}
RESULT: {}
COMMAND: GET /session/c72c23a71f957f5f97380492e1ede48b/screenshot - {}
RESULT: {}
COMMAND: POST /session/c72c23a71f957f5f97380492e1ede48b/element - {"using":"xpath","value":"//button[@data-kt=\"saveButton\"]"}
RESULT: {"using":"xpath","value":"//button[@data-kt=\"saveButton\"]"}
COMMAND: POST /session/c72c23a71f957f5f97380492e1ede48b/element/f.9B2FD2DF9A9EBD12F39787CA2B3A3B3C.d.9DB36346AF92DB5EA081B41BC6FDAAEA.e.10604/click - {}
RESULT: {}
COMMAND: GET /session/c72c23a71f957f5f97380492e1ede48b/screenshot - {}
RESULT: {}
COMMAND: POST /session/c72c23a71f957f5f97380492e1ede48b/element - {"using":"xpath","value":"//header[contains(@id, 'ObjectPageLayout-headerTitle')]/div[1]/div[2]/div[2]/span[1]"}
RESULT: {"using":"xpath","value":"//header[contains(@id, 'ObjectPageLayout-headerTitle')]/div[1]/div[2]/div[2]/span[1]"}
COMMAND: POST /session/c72c23a71f957f5f97380492e1ede48b/elements - {"using":"xpath","value":"//header[contains(@id, 'ObjectPageLayout-headerTitle')]/div[1]/div[2]/div[2]/span[1]"}
RESULT: {"using":"xpath","value":"//header[contains(@id, 'ObjectPageLayout-headerTitle')]/div[1]/div[2]/div[2]/span[1]"}
COMMAND: POST /session/c72c23a71f957f5f97380492e1ede48b/execute/sync - {"script":"<script> [56 bytes]","args":[{"element-6066-11e4-a52e-4f735466cecf":"f.9B2FD2DF9A9EBD12F39787CA2B3A3B3C.d.9DB36346AF92DB5EA081B41BC6FDAAEA.e.10818","ELEMENT":"f.9B2FD2DF9A9EBD12F39787CA2B3A3B3C.d.9DB36346AF92DB5EA081B41BC6FDAAEA.e.10818"}]}
RESULT: {"script":"<script> [56 bytes]","args":[{"element-6066-11e4-a52e-4f735466cecf":"f.9B2FD2DF9A9EBD12F39787CA2B3A3B3C.d.9DB36346AF92DB5EA081B41BC6FDAAEA.e.10818","ELEMENT":"f.9B2FD2DF9A9EBD12F39787CA2B3A3B3C.d.9DB36346AF92DB5EA081B41BC6FDAAEA.e.10818"}]}
COMMAND: POST /session/c72c23a71f957f5f97380492e1ede48b/element - {"using":"css selector","value":"#shell-header-logo"}
COMMAND: GET /session/c72c23a71f957f5f97380492e1ede48b/screenshot - {}
RESULT: {"using":"css selector","value":"#shell-header-logo"}
COMMAND: POST /session/c72c23a71f957f5f97380492e1ede48b/element/f.9B2FD2DF9A9EBD12F39787CA2B3A3B3C.d.9DB36346AF92DB5EA081B41BC6FDAAEA.e.10132/click - {}
RESULT: {}
RESULT: {}
COMMAND: GET /session/c72c23a71f957f5f97380492e1ede48b/screenshot - {}
RESULT: {}
COMMAND: POST /session/c72c23a71f957f5f97380492e1ede48b/execute/sync - {"script":"<script> [299 bytes]","args":[["getModel","getResource"]]}
RESULT: {"script":"<script> [299 bytes]","args":[["getModel","getResource"]]}
]]></system-out>
    </testcase>
    <testcase classname="chrome.136_0_7103_93.windows.Create_partner_US118246" name="Should create a new yard in case create yard failed" time="102.292">
      <system-out><![CDATA[
COMMAND: GET /session/c72c23a71f957f5f97380492e1ede48b/screenshot - {}
RESULT: undefined
COMMAND: POST /session/c72c23a71f957f5f97380492e1ede48b/element - {"using":"xpath","value":"//*[@id=\"__tile41\"]"}
RESULT: {}
RESULT: {"using":"xpath","value":"//*[@id=\"__tile41\"]"}
COMMAND: POST /session/c72c23a71f957f5f97380492e1ede48b/element/f.9B2FD2DF9A9EBD12F39787CA2B3A3B3C.d.9DB36346AF92DB5EA081B41BC6FDAAEA.e.9284/click - {}
RESULT: {}
COMMAND: GET /session/c72c23a71f957f5f97380492e1ede48b/screenshot - {}
RESULT: {}
COMMAND: POST /session/c72c23a71f957f5f97380492e1ede48b/elements - {"using":"xpath","value":"//span[text()='Error']"}
RESULT: {"using":"xpath","value":"//span[text()='Error']"}
COMMAND: POST /session/c72c23a71f957f5f97380492e1ede48b/element - {"using":"xpath","value":"//button[@data-kt=\"addNewYardOverflowToolbarButton\"]"}
RESULT: {"using":"xpath","value":"//button[@data-kt=\"addNewYardOverflowToolbarButton\"]"}
COMMAND: POST /session/c72c23a71f957f5f97380492e1ede48b/elements - {"using":"xpath","value":"//button[@data-kt=\"addNewYardOverflowToolbarButton\"]"}
RESULT: {"using":"xpath","value":"//button[@data-kt=\"addNewYardOverflowToolbarButton\"]"}
COMMAND: POST /session/c72c23a71f957f5f97380492e1ede48b/execute/sync - {"script":"<script> [8489 bytes]","args":[{"element-6066-11e4-a52e-4f735466cecf":"f.9B2FD2DF9A9EBD12F39787CA2B3A3B3C.d.9DB36346AF92DB5EA081B41BC6FDAAEA.e.10860","ELEMENT":"f.9B2FD2DF9A9EBD12F39787CA2B3A3B3C.d.9DB36346AF92DB5EA081B41BC6FDAAEA.e.10860"}]}
RESULT: {"script":"<script> [8489 bytes]","args":[{"element-6066-11e4-a52e-4f735466cecf":"f.9B2FD2DF9A9EBD12F39787CA2B3A3B3C.d.9DB36346AF92DB5EA081B41BC6FDAAEA.e.10860","ELEMENT":"f.9B2FD2DF9A9EBD12F39787CA2B3A3B3C.d.9DB36346AF92DB5EA081B41BC6FDAAEA.e.10860"}]}
COMMAND: GET /session/c72c23a71f957f5f97380492e1ede48b/element/f.9B2FD2DF9A9EBD12F39787CA2B3A3B3C.d.9DB36346AF92DB5EA081B41BC6FDAAEA.e.10860/enabled - {}
COMMAND: GET /session/c72c23a71f957f5f97380492e1ede48b/screenshot - {}
RESULT: {}
COMMAND: POST /session/c72c23a71f957f5f97380492e1ede48b/execute/sync - {"script":"<script> [8489 bytes]","args":[{"element-6066-11e4-a52e-4f735466cecf":"f.9B2FD2DF9A9EBD12F39787CA2B3A3B3C.d.9DB36346AF92DB5EA081B41BC6FDAAEA.e.10860","ELEMENT":"f.9B2FD2DF9A9EBD12F39787CA2B3A3B3C.d.9DB36346AF92DB5EA081B41BC6FDAAEA.e.10860"}]}
COMMAND: GET /session/c72c23a71f957f5f97380492e1ede48b/screenshot - {}
RESULT: {}
RESULT: {"script":"<script> [8489 bytes]","args":[{"element-6066-11e4-a52e-4f735466cecf":"f.9B2FD2DF9A9EBD12F39787CA2B3A3B3C.d.9DB36346AF92DB5EA081B41BC6FDAAEA.e.10860","ELEMENT":"f.9B2FD2DF9A9EBD12F39787CA2B3A3B3C.d.9DB36346AF92DB5EA081B41BC6FDAAEA.e.10860"}]}
COMMAND: POST /session/c72c23a71f957f5f97380492e1ede48b/execute/sync - {"script":"<script> [5351 bytes]","args":[{"element-6066-11e4-a52e-4f735466cecf":"f.9B2FD2DF9A9EBD12F39787CA2B3A3B3C.d.9DB36346AF92DB5EA081B41BC6FDAAEA.e.10860","ELEMENT":"f.9B2FD2DF9A9EBD12F39787CA2B3A3B3C.d.9DB36346AF92DB5EA081B41BC6FDAAEA.e.10860"}]}
COMMAND: GET /session/c72c23a71f957f5f97380492e1ede48b/screenshot - {}
RESULT: {}
RESULT: {"script":"<script> [5351 bytes]","args":[{"element-6066-11e4-a52e-4f735466cecf":"f.9B2FD2DF9A9EBD12F39787CA2B3A3B3C.d.9DB36346AF92DB5EA081B41BC6FDAAEA.e.10860","ELEMENT":"f.9B2FD2DF9A9EBD12F39787CA2B3A3B3C.d.9DB36346AF92DB5EA081B41BC6FDAAEA.e.10860"}]}
COMMAND: POST /session/c72c23a71f957f5f97380492e1ede48b/element/f.9B2FD2DF9A9EBD12F39787CA2B3A3B3C.d.9DB36346AF92DB5EA081B41BC6FDAAEA.e.10860/click - {}
COMMAND: GET /session/c72c23a71f957f5f97380492e1ede48b/screenshot - {}
RESULT: {}
RESULT: {}
COMMAND: GET /session/c72c23a71f957f5f97380492e1ede48b/screenshot - {}
RESULT: {}
RESULT: {}
COMMAND: POST /session/c72c23a71f957f5f97380492e1ede48b/element - {"using":"xpath","value":"//input[@id=\"application-manageyards-display-component---NewYard--yardId-inner\"]"}
RESULT: {"using":"xpath","value":"//input[@id=\"application-manageyards-display-component---NewYard--yardId-inner\"]"}
COMMAND: POST /session/c72c23a71f957f5f97380492e1ede48b/element - {"using":"xpath","value":"//input[@id=\"application-manageyards-display-component---NewYard--yardId-inner\"]"}
RESULT: {"using":"xpath","value":"//input[@id=\"application-manageyards-display-component---NewYard--yardId-inner\"]"}
RESULT: undefined
COMMAND: POST /session/c72c23a71f957f5f97380492e1ede48b/execute/async - {"script":"<script> [776 bytes]","args":[{"enterText":"Warehouse Managed WDIO","selector":{"id":"application-manageyards-display-component---NewYard--addressDetailDetailsName1","interaction":{"idSuffix":"inner"}},"clearTextFirst":true,"interactionType":"ENTER_TEXT"}]}
RESULT: {"script":"<script> [776 bytes]","args":[{"enterText":"Warehouse Managed WDIO","selector":{"id":"application-manageyards-display-component---NewYard--addressDetailDetailsName1","interaction":{"idSuffix":"inner"}},"clearTextFirst":true,"interactionType":"ENTER_TEXT"}]}
RESULT: undefined
COMMAND: POST /session/c72c23a71f957f5f97380492e1ede48b/element - {"using":"xpath","value":"//*[@id=\"application-manageyards-display-component---NewYard--addressDetailDetailsLanguage-arrow\"]"}
RESULT: {"using":"xpath","value":"//*[@id=\"application-manageyards-display-component---NewYard--addressDetailDetailsLanguage-arrow\"]"}
COMMAND: POST /session/c72c23a71f957f5f97380492e1ede48b/element/f.9B2FD2DF9A9EBD12F39787CA2B3A3B3C.d.9DB36346AF92DB5EA081B41BC6FDAAEA.e.11467/click - {}
RESULT: {}
COMMAND: POST /session/c72c23a71f957f5f97380492e1ede48b/element - {"using":"xpath","value":"//span[contains(text(), \"English\")]"}
COMMAND: GET /session/c72c23a71f957f5f97380492e1ede48b/screenshot - {}
RESULT: {"using":"xpath","value":"//span[contains(text(), \"English\")]"}
COMMAND: POST /session/c72c23a71f957f5f97380492e1ede48b/element/f.9B2FD2DF9A9EBD12F39787CA2B3A3B3C.d.9DB36346AF92DB5EA081B41BC6FDAAEA.e.11468/click - {}
RESULT: {}
RESULT: {}
RESULT: undefined
COMMAND: POST /session/c72c23a71f957f5f97380492e1ede48b/execute/async - {"script":"<script> [776 bytes]","args":[{"enterText":"Rosario","selector":{"id":"application-manageyards-display-component---NewYard--addressDetailDetailsCity1","interaction":{"idSuffix":"inner"}},"clearTextFirst":true,"interactionType":"ENTER_TEXT"}]}
COMMAND: GET /session/c72c23a71f957f5f97380492e1ede48b/screenshot - {}
RESULT: {"script":"<script> [776 bytes]","args":[{"enterText":"Rosario","selector":{"id":"application-manageyards-display-component---NewYard--addressDetailDetailsCity1","interaction":{"idSuffix":"inner"}},"clearTextFirst":true,"interactionType":"ENTER_TEXT"}]}
RESULT: undefined
COMMAND: POST /session/c72c23a71f957f5f97380492e1ede48b/element - {"using":"xpath","value":"//*[@id=\"application-manageyards-display-component---NewYard--addressDetailDetailsCountry-arrow\"]"}
RESULT: {}
RESULT: {"using":"xpath","value":"//*[@id=\"application-manageyards-display-component---NewYard--addressDetailDetailsCountry-arrow\"]"}
COMMAND: POST /session/c72c23a71f957f5f97380492e1ede48b/element/f.9B2FD2DF9A9EBD12F39787CA2B3A3B3C.d.9DB36346AF92DB5EA081B41BC6FDAAEA.e.11469/click - {}
RESULT: {}
COMMAND: POST /session/c72c23a71f957f5f97380492e1ede48b/element - {"using":"xpath","value":"//span[contains(text(), \"Argentina\")]"}
COMMAND: GET /session/c72c23a71f957f5f97380492e1ede48b/screenshot - {}
RESULT: {"using":"xpath","value":"//span[contains(text(), \"Argentina\")]"}
COMMAND: POST /session/c72c23a71f957f5f97380492e1ede48b/element/f.9B2FD2DF9A9EBD12F39787CA2B3A3B3C.d.9DB36346AF92DB5EA081B41BC6FDAAEA.e.11470/click - {}
RESULT: {}
RESULT: {}
RESULT: undefined
COMMAND: POST /session/c72c23a71f957f5f97380492e1ede48b/element - {"using":"xpath","value":"//*[@id=\"application-manageyards-display-component---NewYard--addressEditDetailsCostObjectCstType-arrow\"]"}
COMMAND: GET /session/c72c23a71f957f5f97380492e1ede48b/screenshot - {}
RESULT: {"using":"xpath","value":"//*[@id=\"application-manageyards-display-component---NewYard--addressEditDetailsCostObjectCstType-arrow\"]"}
COMMAND: POST /session/c72c23a71f957f5f97380492e1ede48b/element/f.9B2FD2DF9A9EBD12F39787CA2B3A3B3C.d.9DB36346AF92DB5EA081B41BC6FDAAEA.e.11472/click - {}
RESULT: {}
RESULT: {}
COMMAND: POST /session/c72c23a71f957f5f97380492e1ede48b/element - {"using":"xpath","value":"//span[contains(text(), \"Cost Center\")]"}
COMMAND: GET /session/c72c23a71f957f5f97380492e1ede48b/screenshot - {}
RESULT: {"using":"xpath","value":"//span[contains(text(), \"Cost Center\")]"}
COMMAND: POST /session/c72c23a71f957f5f97380492e1ede48b/element/f.9B2FD2DF9A9EBD12F39787CA2B3A3B3C.d.9DB36346AF92DB5EA081B41BC6FDAAEA.e.11473/click - {}
RESULT: {}
RESULT: {}
COMMAND: GET /session/c72c23a71f957f5f97380492e1ede48b/screenshot - {}
RESULT: {}
COMMAND: POST /session/c72c23a71f957f5f97380492e1ede48b/element - {"using":"xpath","value":"//span[@id=\"application-manageyards-display-component---NewYard--addressNewCostObjectCstID-vhi\"]"}
RESULT: {"using":"xpath","value":"//span[@id=\"application-manageyards-display-component---NewYard--addressNewCostObjectCstID-vhi\"]"}
COMMAND: POST /session/c72c23a71f957f5f97380492e1ede48b/execute/sync - {"script":"<script> [8489 bytes]","args":[{"element-6066-11e4-a52e-4f735466cecf":"f.9B2FD2DF9A9EBD12F39787CA2B3A3B3C.d.9DB36346AF92DB5EA081B41BC6FDAAEA.e.11477","ELEMENT":"f.9B2FD2DF9A9EBD12F39787CA2B3A3B3C.d.9DB36346AF92DB5EA081B41BC6FDAAEA.e.11477"}]}
RESULT: {"script":"<script> [8489 bytes]","args":[{"element-6066-11e4-a52e-4f735466cecf":"f.9B2FD2DF9A9EBD12F39787CA2B3A3B3C.d.9DB36346AF92DB5EA081B41BC6FDAAEA.e.11477","ELEMENT":"f.9B2FD2DF9A9EBD12F39787CA2B3A3B3C.d.9DB36346AF92DB5EA081B41BC6FDAAEA.e.11477"}]}
RESULT: undefined
COMMAND: POST /session/c72c23a71f957f5f97380492e1ede48b/element - {"using":"xpath","value":"//*[@id=\"application-manageyards-display-component---NewYard--addressNewCostObjectCstID-vhi\"]"}
COMMAND: GET /session/c72c23a71f957f5f97380492e1ede48b/screenshot - {}
RESULT: {"using":"xpath","value":"//*[@id=\"application-manageyards-display-component---NewYard--addressNewCostObjectCstID-vhi\"]"}
COMMAND: POST /session/c72c23a71f957f5f97380492e1ede48b/element/f.9B2FD2DF9A9EBD12F39787CA2B3A3B3C.d.9DB36346AF92DB5EA081B41BC6FDAAEA.e.11477/click - {}
RESULT: {}
RESULT: {}
COMMAND: GET /session/c72c23a71f957f5f97380492e1ede48b/screenshot - {}
RESULT: {}
RESULT: undefined
COMMAND: POST /session/c72c23a71f957f5f97380492e1ede48b/execute/async - {"script":"<script> [776 bytes]","args":[{"enterText":"bauh_b","selector":{"controlType":"sap.m.SearchField","properties":{"placeholder":"Search"},"searchOpenDialogs":true,"interaction":{"idSuffix":"I"}},"clearTextFirst":true,"interactionType":"ENTER_TEXT"}]}
RESULT: {"script":"<script> [776 bytes]","args":[{"enterText":"bauh_b","selector":{"controlType":"sap.m.SearchField","properties":{"placeholder":"Search"},"searchOpenDialogs":true,"interaction":{"idSuffix":"I"}},"clearTextFirst":true,"interactionType":"ENTER_TEXT"}]}
COMMAND: POST /session/c72c23a71f957f5f97380492e1ede48b/actions - {"actions":[{"id":"action28","type":"key","parameters":{},"actions":[{"type":"keyDown","value":""},{"type":"pause","duration":10},{"type":"keyUp","value":""}]}]}
RESULT: {"actions":[{"id":"action28","type":"key","parameters":{},"actions":[{"type":"keyDown","value":""},{"type":"pause","duration":10},{"type":"keyUp","value":""}]}]}
COMMAND: GET /session/c72c23a71f957f5f97380492e1ede48b/screenshot - {}
RESULT: {}
COMMAND: POST /session/c72c23a71f957f5f97380492e1ede48b/element - {"using":"xpath","value":"//span[contains(text(), \"Demo Yard\")]"}
RESULT: {"using":"xpath","value":"//span[contains(text(), \"Demo Yard\")]"}
COMMAND: POST /session/c72c23a71f957f5f97380492e1ede48b/element/f.9B2FD2DF9A9EBD12F39787CA2B3A3B3C.d.9DB36346AF92DB5EA081B41BC6FDAAEA.e.11517/click - {}
RESULT: {}
COMMAND: GET /session/c72c23a71f957f5f97380492e1ede48b/screenshot - {}
RESULT: {}
COMMAND: POST /session/c72c23a71f957f5f97380492e1ede48b/element - {"using":"xpath","value":"//bdi[contains(text(), \"OK\")]"}
RESULT: {"using":"xpath","value":"//bdi[contains(text(), \"OK\")]"}
COMMAND: POST /session/c72c23a71f957f5f97380492e1ede48b/element/f.9B2FD2DF9A9EBD12F39787CA2B3A3B3C.d.9DB36346AF92DB5EA081B41BC6FDAAEA.e.11518/click - {}
RESULT: {}
COMMAND: GET /session/c72c23a71f957f5f97380492e1ede48b/screenshot - {}
RESULT: {}
RESULT: undefined
COMMAND: POST /session/c72c23a71f957f5f97380492e1ede48b/element - {"using":"xpath","value":"//*[@id=\"application-manageyards-display-component---NewYard--addressEditDetailsCurrency-arrow\"]"}
RESULT: {"using":"xpath","value":"//*[@id=\"application-manageyards-display-component---NewYard--addressEditDetailsCurrency-arrow\"]"}
COMMAND: POST /session/c72c23a71f957f5f97380492e1ede48b/element/f.9B2FD2DF9A9EBD12F39787CA2B3A3B3C.d.9DB36346AF92DB5EA081B41BC6FDAAEA.e.11521/click - {}
RESULT: {}
COMMAND: POST /session/c72c23a71f957f5f97380492e1ede48b/element - {"using":"xpath","value":"//span[contains(text(), \"Euro\")]"}
COMMAND: GET /session/c72c23a71f957f5f97380492e1ede48b/screenshot - {}
RESULT: {"using":"xpath","value":"//span[contains(text(), \"Euro\")]"}
COMMAND: POST /session/c72c23a71f957f5f97380492e1ede48b/element/f.9B2FD2DF9A9EBD12F39787CA2B3A3B3C.d.9DB36346AF92DB5EA081B41BC6FDAAEA.e.11522/click - {}
RESULT: {}
RESULT: {}
RESULT: undefined
COMMAND: POST /session/c72c23a71f957f5f97380492e1ede48b/execute/async - {"script":"<script> [776 bytes]","args":[{"enterText":"Z001","selector":{"controlType":"sap.m.Input","viewName":"etm.portal.ui.manageyards.view.New","viewId":"application-manageyards-display-component---NewYard","bindingPath":{"path":"","propertyPath":"/CONTROLLING_AREA","modelName":"NewYardModel"},"interaction":{"idSuffix":"inner"}},"clearTextFirst":true,"interactionType":"ENTER_TEXT"}]}
COMMAND: GET /session/c72c23a71f957f5f97380492e1ede48b/screenshot - {}
RESULT: {"script":"<script> [776 bytes]","args":[{"enterText":"Z001","selector":{"controlType":"sap.m.Input","viewName":"etm.portal.ui.manageyards.view.New","viewId":"application-manageyards-display-component---NewYard","bindingPath":{"path":"","propertyPath":"/CONTROLLING_AREA","modelName":"NewYardModel"},"interaction":{"idSuffix":"inner"}},"clearTextFirst":true,"interactionType":"ENTER_TEXT"}]}
RESULT: undefined
COMMAND: POST /session/c72c23a71f957f5f97380492e1ede48b/execute/async - {"script":"<script> [776 bytes]","args":[{"enterText":"1000","selector":{"id":"application-manageyards-display-component---NewYard--companyCodeComboBox","interaction":{"idSuffix":"inner"}},"clearTextFirst":true,"interactionType":"ENTER_TEXT"}]}
RESULT: {}
RESULT: {"script":"<script> [776 bytes]","args":[{"enterText":"1000","selector":{"id":"application-manageyards-display-component---NewYard--companyCodeComboBox","interaction":{"idSuffix":"inner"}},"clearTextFirst":true,"interactionType":"ENTER_TEXT"}]}
RESULT: undefined
COMMAND: POST /session/c72c23a71f957f5f97380492e1ede48b/execute/async - {"script":"<script> [776 bytes]","args":[{"enterText":"1001","selector":{"controlType":"sap.m.Input","viewName":"etm.portal.ui.manageyards.view.New","viewId":"application-manageyards-display-component---NewYard","bindingPath":{"path":"","propertyPath":"/PLANT","modelName":"NewYardModel"},"interaction":{"idSuffix":"inner"}},"clearTextFirst":true,"interactionType":"ENTER_TEXT"}]}
RESULT: {"script":"<script> [776 bytes]","args":[{"enterText":"1001","selector":{"controlType":"sap.m.Input","viewName":"etm.portal.ui.manageyards.view.New","viewId":"application-manageyards-display-component---NewYard","bindingPath":{"path":"","propertyPath":"/PLANT","modelName":"NewYardModel"},"interaction":{"idSuffix":"inner"}},"clearTextFirst":true,"interactionType":"ENTER_TEXT"}]}
RESULT: undefined
COMMAND: POST /session/c72c23a71f957f5f97380492e1ede48b/execute/async - {"script":"<script> [776 bytes]","args":[{"enterText":"C002","selector":{"controlType":"sap.m.Input","viewName":"etm.portal.ui.manageyards.view.New","viewId":"application-manageyards-display-component---NewYard","bindingPath":{"path":"","propertyPath":"/SALES_AREA_VKORG","modelName":"NewYardModel"},"interaction":{"idSuffix":"inner"}},"clearTextFirst":true,"interactionType":"ENTER_TEXT"}]}
RESULT: {"script":"<script> [776 bytes]","args":[{"enterText":"C002","selector":{"controlType":"sap.m.Input","viewName":"etm.portal.ui.manageyards.view.New","viewId":"application-manageyards-display-component---NewYard","bindingPath":{"path":"","propertyPath":"/SALES_AREA_VKORG","modelName":"NewYardModel"},"interaction":{"idSuffix":"inner"}},"clearTextFirst":true,"interactionType":"ENTER_TEXT"}]}
RESULT: undefined
COMMAND: POST /session/c72c23a71f957f5f97380492e1ede48b/execute/async - {"script":"<script> [776 bytes]","args":[{"enterText":"C2","selector":{"controlType":"sap.m.Input","viewName":"etm.portal.ui.manageyards.view.New","viewId":"application-manageyards-display-component---NewYard","bindingPath":{"path":"","propertyPath":"/SALES_AREA_VTWEG","modelName":"NewYardModel"},"interaction":{"idSuffix":"inner"}},"clearTextFirst":true,"interactionType":"ENTER_TEXT"}]}
RESULT: {"script":"<script> [776 bytes]","args":[{"enterText":"C2","selector":{"controlType":"sap.m.Input","viewName":"etm.portal.ui.manageyards.view.New","viewId":"application-manageyards-display-component---NewYard","bindingPath":{"path":"","propertyPath":"/SALES_AREA_VTWEG","modelName":"NewYardModel"},"interaction":{"idSuffix":"inner"}},"clearTextFirst":true,"interactionType":"ENTER_TEXT"}]}
RESULT: undefined
COMMAND: POST /session/c72c23a71f957f5f97380492e1ede48b/execute/async - {"script":"<script> [776 bytes]","args":[{"enterText":"C2","selector":{"controlType":"sap.m.Input","viewName":"etm.portal.ui.manageyards.view.New","viewId":"application-manageyards-display-component---NewYard","bindingPath":{"path":"","propertyPath":"/SALES_AREA_SPART","modelName":"NewYardModel"},"interaction":{"idSuffix":"inner"}},"clearTextFirst":true,"interactionType":"ENTER_TEXT"}]}
RESULT: {"script":"<script> [776 bytes]","args":[{"enterText":"C2","selector":{"controlType":"sap.m.Input","viewName":"etm.portal.ui.manageyards.view.New","viewId":"application-manageyards-display-component---NewYard","bindingPath":{"path":"","propertyPath":"/SALES_AREA_SPART","modelName":"NewYardModel"},"interaction":{"idSuffix":"inner"}},"clearTextFirst":true,"interactionType":"ENTER_TEXT"}]}
RESULT: undefined
COMMAND: POST /session/c72c23a71f957f5f97380492e1ede48b/execute/async - {"script":"<script> [776 bytes]","args":[{"enterText":"1710","selector":{"controlType":"sap.m.Input","viewName":"etm.portal.ui.manageyards.view.New","viewId":"application-manageyards-display-component---NewYard","bindingPath":{"path":"","propertyPath":"/SHIP_POINT","modelName":"NewYardModel"},"interaction":{"idSuffix":"inner"}},"clearTextFirst":true,"interactionType":"ENTER_TEXT"}]}
RESULT: {"script":"<script> [776 bytes]","args":[{"enterText":"1710","selector":{"controlType":"sap.m.Input","viewName":"etm.portal.ui.manageyards.view.New","viewId":"application-manageyards-display-component---NewYard","bindingPath":{"path":"","propertyPath":"/SHIP_POINT","modelName":"NewYardModel"},"interaction":{"idSuffix":"inner"}},"clearTextFirst":true,"interactionType":"ENTER_TEXT"}]}
RESULT: undefined
COMMAND: POST /session/c72c23a71f957f5f97380492e1ede48b/execute/async - {"script":"<script> [776 bytes]","args":[{"enterText":"ZL01","selector":{"controlType":"sap.m.Input","viewName":"etm.portal.ui.manageyards.view.New","viewId":"application-manageyards-display-component---NewYard","bindingPath":{"path":"","propertyPath":"/DELIVERY_TYPE","modelName":"NewYardModel"},"interaction":{"idSuffix":"inner"}},"clearTextFirst":true,"interactionType":"ENTER_TEXT"}]}
RESULT: {"script":"<script> [776 bytes]","args":[{"enterText":"ZL01","selector":{"controlType":"sap.m.Input","viewName":"etm.portal.ui.manageyards.view.New","viewId":"application-manageyards-display-component---NewYard","bindingPath":{"path":"","propertyPath":"/DELIVERY_TYPE","modelName":"NewYardModel"},"interaction":{"idSuffix":"inner"}},"clearTextFirst":true,"interactionType":"ENTER_TEXT"}]}
RESULT: undefined
COMMAND: POST /session/c72c23a71f957f5f97380492e1ede48b/execute/async - {"script":"<script> [776 bytes]","args":[{"enterText":"TA","selector":{"controlType":"sap.m.Input","viewName":"etm.portal.ui.manageyards.view.New","viewId":"application-manageyards-display-component---NewYard","bindingPath":{"path":"","propertyPath":"/AUART","modelName":"NewYardModel"},"interaction":{"idSuffix":"inner"}},"clearTextFirst":true,"interactionType":"ENTER_TEXT"}]}
RESULT: {"script":"<script> [776 bytes]","args":[{"enterText":"TA","selector":{"controlType":"sap.m.Input","viewName":"etm.portal.ui.manageyards.view.New","viewId":"application-manageyards-display-component---NewYard","bindingPath":{"path":"","propertyPath":"/AUART","modelName":"NewYardModel"},"interaction":{"idSuffix":"inner"}},"clearTextFirst":true,"interactionType":"ENTER_TEXT"}]}
COMMAND: POST /session/c72c23a71f957f5f97380492e1ede48b/execute/async - {"script":"<script> [1562 bytes]","args":[{"selector":{"id":"application-manageyards-display-component---NewYard--whmCheckBox","interaction":{"idSuffix":"CbBg"}},"wdio_ui5_key":"applicationmanageyards-display-component---NewYard--whmCheckBox"}]}
RESULT: {"script":"<script> [1562 bytes]","args":[{"selector":{"id":"application-manageyards-display-component---NewYard--whmCheckBox","interaction":{"idSuffix":"CbBg"}},"wdio_ui5_key":"applicationmanageyards-display-component---NewYard--whmCheckBox"}]}
RESULT: undefined
COMMAND: POST /session/c72c23a71f957f5f97380492e1ede48b/element - {"using":"xpath","value":"//*[@id=\"application-manageyards-display-component---NewYard--whmCheckBox\"]"}
RESULT: {"using":"xpath","value":"//*[@id=\"application-manageyards-display-component---NewYard--whmCheckBox\"]"}
COMMAND: POST /session/c72c23a71f957f5f97380492e1ede48b/element/f.9B2FD2DF9A9EBD12F39787CA2B3A3B3C.d.9DB36346AF92DB5EA081B41BC6FDAAEA.e.11533/click - {}
RESULT: {}
COMMAND: GET /session/c72c23a71f957f5f97380492e1ede48b/screenshot - {}
RESULT: {}
COMMAND: POST /session/c72c23a71f957f5f97380492e1ede48b/element - {"using":"xpath","value":"//button[@data-kt=\"newYardSaveButton\"]"}
RESULT: {"using":"xpath","value":"//button[@data-kt=\"newYardSaveButton\"]"}
COMMAND: POST /session/c72c23a71f957f5f97380492e1ede48b/element/f.9B2FD2DF9A9EBD12F39787CA2B3A3B3C.d.9DB36346AF92DB5EA081B41BC6FDAAEA.e.11453/click - {}
RESULT: {}
COMMAND: GET /session/c72c23a71f957f5f97380492e1ede48b/screenshot - {}
RESULT: {}
COMMAND: POST /session/c72c23a71f957f5f97380492e1ede48b/element - {"using":"xpath","value":"//header[contains(@id, 'ObjectPageLayout-headerTitle')]/div[1]/div[2]/div[1]/span[1]"}
RESULT: {"using":"xpath","value":"//header[contains(@id, 'ObjectPageLayout-headerTitle')]/div[1]/div[2]/div[1]/span[1]"}
COMMAND: POST /session/c72c23a71f957f5f97380492e1ede48b/elements - {"using":"xpath","value":"//header[contains(@id, 'ObjectPageLayout-headerTitle')]/div[1]/div[2]/div[1]/span[1]"}
RESULT: {"using":"xpath","value":"//header[contains(@id, 'ObjectPageLayout-headerTitle')]/div[1]/div[2]/div[1]/span[1]"}
COMMAND: POST /session/c72c23a71f957f5f97380492e1ede48b/execute/sync - {"script":"<script> [56 bytes]","args":[{"element-6066-11e4-a52e-4f735466cecf":"f.9B2FD2DF9A9EBD12F39787CA2B3A3B3C.d.9DB36346AF92DB5EA081B41BC6FDAAEA.e.11730","ELEMENT":"f.9B2FD2DF9A9EBD12F39787CA2B3A3B3C.d.9DB36346AF92DB5EA081B41BC6FDAAEA.e.11730"}]}
RESULT: {"script":"<script> [56 bytes]","args":[{"element-6066-11e4-a52e-4f735466cecf":"f.9B2FD2DF9A9EBD12F39787CA2B3A3B3C.d.9DB36346AF92DB5EA081B41BC6FDAAEA.e.11730","ELEMENT":"f.9B2FD2DF9A9EBD12F39787CA2B3A3B3C.d.9DB36346AF92DB5EA081B41BC6FDAAEA.e.11730"}]}
COMMAND: GET /session/c72c23a71f957f5f97380492e1ede48b/screenshot - {}
RESULT: {}
COMMAND: POST /session/c72c23a71f957f5f97380492e1ede48b/element - {"using":"css selector","value":"#shell-header-logo"}
RESULT: {"using":"css selector","value":"#shell-header-logo"}
COMMAND: POST /session/c72c23a71f957f5f97380492e1ede48b/element/f.9B2FD2DF9A9EBD12F39787CA2B3A3B3C.d.9DB36346AF92DB5EA081B41BC6FDAAEA.e.10822/click - {}
RESULT: {}
COMMAND: GET /session/c72c23a71f957f5f97380492e1ede48b/screenshot - {}
RESULT: {}
COMMAND: POST /session/c72c23a71f957f5f97380492e1ede48b/execute/sync - {"script":"<script> [299 bytes]","args":[["getModel","getResource"]]}
RESULT: {"script":"<script> [299 bytes]","args":[["getModel","getResource"]]}
]]></system-out>
    </testcase>
    <testcase classname="chrome.136_0_7103_93.windows.Create_partner_US118246" name="Should create new external WHM partner" time="89.995">
      <system-out><![CDATA[
COMMAND: POST /session/c72c23a71f957f5f97380492e1ede48b/window/fullscreen - {}
COMMAND: GET /session/c72c23a71f957f5f97380492e1ede48b/screenshot - {}
RESULT: {}
RESULT: undefined
COMMAND: POST /session/c72c23a71f957f5f97380492e1ede48b/element - {"using":"xpath","value":"//*[@id=\"__tile38\"]"}
RESULT: {}
RESULT: {"using":"xpath","value":"//*[@id=\"__tile38\"]"}
COMMAND: POST /session/c72c23a71f957f5f97380492e1ede48b/element/f.9B2FD2DF9A9EBD12F39787CA2B3A3B3C.d.9DB36346AF92DB5EA081B41BC6FDAAEA.e.9275/click - {}
RESULT: {}
COMMAND: GET /session/c72c23a71f957f5f97380492e1ede48b/screenshot - {}
COMMAND: POST /session/c72c23a71f957f5f97380492e1ede48b/elements - {"using":"xpath","value":"//span[text()='Error']"}
RESULT: {}
RESULT: {"using":"xpath","value":"//span[text()='Error']"}
COMMAND: POST /session/c72c23a71f957f5f97380492e1ede48b/element - {"using":"xpath","value":"//button[@data-kt=\"addButton\"]"}
RESULT: {"using":"xpath","value":"//button[@data-kt=\"addButton\"]"}
COMMAND: POST /session/c72c23a71f957f5f97380492e1ede48b/elements - {"using":"xpath","value":"//button[@data-kt=\"addButton\"]"}
RESULT: {"using":"xpath","value":"//button[@data-kt=\"addButton\"]"}
COMMAND: POST /session/c72c23a71f957f5f97380492e1ede48b/elements - {"using":"xpath","value":"//button[@data-kt=\"addButton\"]"}
RESULT: {"using":"xpath","value":"//button[@data-kt=\"addButton\"]"}
COMMAND: POST /session/c72c23a71f957f5f97380492e1ede48b/elements - {"using":"xpath","value":"//button[@data-kt=\"addButton\"]"}
RESULT: {"using":"xpath","value":"//button[@data-kt=\"addButton\"]"}
COMMAND: POST /session/c72c23a71f957f5f97380492e1ede48b/elements - {"using":"xpath","value":"//button[@data-kt=\"addButton\"]"}
RESULT: {"using":"xpath","value":"//button[@data-kt=\"addButton\"]"}
COMMAND: POST /session/c72c23a71f957f5f97380492e1ede48b/element - {"using":"xpath","value":"//button[@data-kt=\"addButton\"]"}
RESULT: {"using":"xpath","value":"//button[@data-kt=\"addButton\"]"}
COMMAND: POST /session/c72c23a71f957f5f97380492e1ede48b/execute/sync - {"script":"<script> [8489 bytes]","args":[{"element-6066-11e4-a52e-4f735466cecf":"f.9B2FD2DF9A9EBD12F39787CA2B3A3B3C.d.9DB36346AF92DB5EA081B41BC6FDAAEA.e.11767","ELEMENT":"f.9B2FD2DF9A9EBD12F39787CA2B3A3B3C.d.9DB36346AF92DB5EA081B41BC6FDAAEA.e.11767"}]}
RESULT: {"script":"<script> [8489 bytes]","args":[{"element-6066-11e4-a52e-4f735466cecf":"f.9B2FD2DF9A9EBD12F39787CA2B3A3B3C.d.9DB36346AF92DB5EA081B41BC6FDAAEA.e.11767","ELEMENT":"f.9B2FD2DF9A9EBD12F39787CA2B3A3B3C.d.9DB36346AF92DB5EA081B41BC6FDAAEA.e.11767"}]}
COMMAND: GET /session/c72c23a71f957f5f97380492e1ede48b/element/f.9B2FD2DF9A9EBD12F39787CA2B3A3B3C.d.9DB36346AF92DB5EA081B41BC6FDAAEA.e.11767/enabled - {}
COMMAND: GET /session/c72c23a71f957f5f97380492e1ede48b/screenshot - {}
RESULT: {}
COMMAND: POST /session/c72c23a71f957f5f97380492e1ede48b/execute/sync - {"script":"<script> [8489 bytes]","args":[{"element-6066-11e4-a52e-4f735466cecf":"f.9B2FD2DF9A9EBD12F39787CA2B3A3B3C.d.9DB36346AF92DB5EA081B41BC6FDAAEA.e.11767","ELEMENT":"f.9B2FD2DF9A9EBD12F39787CA2B3A3B3C.d.9DB36346AF92DB5EA081B41BC6FDAAEA.e.11767"}]}
COMMAND: GET /session/c72c23a71f957f5f97380492e1ede48b/screenshot - {}
RESULT: {}
RESULT: {"script":"<script> [8489 bytes]","args":[{"element-6066-11e4-a52e-4f735466cecf":"f.9B2FD2DF9A9EBD12F39787CA2B3A3B3C.d.9DB36346AF92DB5EA081B41BC6FDAAEA.e.11767","ELEMENT":"f.9B2FD2DF9A9EBD12F39787CA2B3A3B3C.d.9DB36346AF92DB5EA081B41BC6FDAAEA.e.11767"}]}
COMMAND: POST /session/c72c23a71f957f5f97380492e1ede48b/execute/sync - {"script":"<script> [5351 bytes]","args":[{"element-6066-11e4-a52e-4f735466cecf":"f.9B2FD2DF9A9EBD12F39787CA2B3A3B3C.d.9DB36346AF92DB5EA081B41BC6FDAAEA.e.11767","ELEMENT":"f.9B2FD2DF9A9EBD12F39787CA2B3A3B3C.d.9DB36346AF92DB5EA081B41BC6FDAAEA.e.11767"}]}
COMMAND: GET /session/c72c23a71f957f5f97380492e1ede48b/screenshot - {}
RESULT: {}
RESULT: {"script":"<script> [5351 bytes]","args":[{"element-6066-11e4-a52e-4f735466cecf":"f.9B2FD2DF9A9EBD12F39787CA2B3A3B3C.d.9DB36346AF92DB5EA081B41BC6FDAAEA.e.11767","ELEMENT":"f.9B2FD2DF9A9EBD12F39787CA2B3A3B3C.d.9DB36346AF92DB5EA081B41BC6FDAAEA.e.11767"}]}
COMMAND: POST /session/c72c23a71f957f5f97380492e1ede48b/element/f.9B2FD2DF9A9EBD12F39787CA2B3A3B3C.d.9DB36346AF92DB5EA081B41BC6FDAAEA.e.11767/click - {}
COMMAND: GET /session/c72c23a71f957f5f97380492e1ede48b/screenshot - {}
RESULT: {}
RESULT: {}
COMMAND: GET /session/c72c23a71f957f5f97380492e1ede48b/screenshot - {}
RESULT: {}
RESULT: undefined
COMMAND: POST /session/c72c23a71f957f5f97380492e1ede48b/execute/async - {"script":"<script> [776 bytes]","args":[{"enterText":"External Partner WDIO","selector":{"id":"application-managepartners-display-component---NewPartner--addressDetailDetailsName1","interaction":{"idSuffix":"inner"}},"clearTextFirst":true,"interactionType":"ENTER_TEXT"}]}
RESULT: {}
RESULT: {"script":"<script> [776 bytes]","args":[{"enterText":"External Partner WDIO","selector":{"id":"application-managepartners-display-component---NewPartner--addressDetailDetailsName1","interaction":{"idSuffix":"inner"}},"clearTextFirst":true,"interactionType":"ENTER_TEXT"}]}
RESULT: undefined
COMMAND: POST /session/c72c23a71f957f5f97380492e1ede48b/element - {"using":"xpath","value":"//*[@id=\"application-managepartners-display-component---NewPartner--addressDetailDetailsLanguage-arrow\"]"}
RESULT: {"using":"xpath","value":"//*[@id=\"application-managepartners-display-component---NewPartner--addressDetailDetailsLanguage-arrow\"]"}
COMMAND: POST /session/c72c23a71f957f5f97380492e1ede48b/element/f.9B2FD2DF9A9EBD12F39787CA2B3A3B3C.d.9DB36346AF92DB5EA081B41BC6FDAAEA.e.12220/click - {}
RESULT: {}
COMMAND: POST /session/c72c23a71f957f5f97380492e1ede48b/element - {"using":"xpath","value":"//span[contains(text(), \"English\")]"}
COMMAND: GET /session/c72c23a71f957f5f97380492e1ede48b/screenshot - {}
RESULT: {"using":"xpath","value":"//span[contains(text(), \"English\")]"}
COMMAND: POST /session/c72c23a71f957f5f97380492e1ede48b/element/f.9B2FD2DF9A9EBD12F39787CA2B3A3B3C.d.9DB36346AF92DB5EA081B41BC6FDAAEA.e.12221/click - {}
RESULT: {}
RESULT: {}
COMMAND: GET /session/c72c23a71f957f5f97380492e1ede48b/screenshot - {}
RESULT: {}
RESULT: undefined
COMMAND: POST /session/c72c23a71f957f5f97380492e1ede48b/execute/async - {"script":"<script> [776 bytes]","args":[{"enterText":"Rosario","selector":{"id":"application-managepartners-display-component---NewPartner--addressDetailDetailsCity1","interaction":{"idSuffix":"inner"}},"clearTextFirst":true,"interactionType":"ENTER_TEXT"}]}
RESULT: {"script":"<script> [776 bytes]","args":[{"enterText":"Rosario","selector":{"id":"application-managepartners-display-component---NewPartner--addressDetailDetailsCity1","interaction":{"idSuffix":"inner"}},"clearTextFirst":true,"interactionType":"ENTER_TEXT"}]}
RESULT: undefined
COMMAND: POST /session/c72c23a71f957f5f97380492e1ede48b/element - {"using":"xpath","value":"//*[@id=\"application-managepartners-display-component---NewPartner--addressDetailDetailsCountry-arrow\"]"}
RESULT: {"using":"xpath","value":"//*[@id=\"application-managepartners-display-component---NewPartner--addressDetailDetailsCountry-arrow\"]"}
COMMAND: POST /session/c72c23a71f957f5f97380492e1ede48b/element/f.9B2FD2DF9A9EBD12F39787CA2B3A3B3C.d.9DB36346AF92DB5EA081B41BC6FDAAEA.e.12208/click - {}
RESULT: {}
COMMAND: POST /session/c72c23a71f957f5f97380492e1ede48b/element - {"using":"xpath","value":"//span[contains(text(), \"Argentina\")]"}
COMMAND: GET /session/c72c23a71f957f5f97380492e1ede48b/screenshot - {}
RESULT: {"using":"xpath","value":"//span[contains(text(), \"Argentina\")]"}
COMMAND: POST /session/c72c23a71f957f5f97380492e1ede48b/element/f.9B2FD2DF9A9EBD12F39787CA2B3A3B3C.d.9DB36346AF92DB5EA081B41BC6FDAAEA.e.12222/click - {}
RESULT: {}
RESULT: {}
COMMAND: GET /session/c72c23a71f957f5f97380492e1ede48b/screenshot - {}
RESULT: {}
COMMAND: POST /session/c72c23a71f957f5f97380492e1ede48b/element - {"using":"xpath","value":"//bdi[contains(text(), \"Commercial\")]"}
RESULT: {"using":"xpath","value":"//bdi[contains(text(), \"Commercial\")]"}
COMMAND: POST /session/c72c23a71f957f5f97380492e1ede48b/element/f.9B2FD2DF9A9EBD12F39787CA2B3A3B3C.d.9DB36346AF92DB5EA081B41BC6FDAAEA.e.12223/click - {}
RESULT: {}
COMMAND: GET /session/c72c23a71f957f5f97380492e1ede48b/screenshot - {}
RESULT: {}
RESULT: undefined
COMMAND: POST /session/c72c23a71f957f5f97380492e1ede48b/element - {"using":"xpath","value":"//*[@id=\"application-managepartners-display-component---NewPartner--partnerDetailInternal-arrow\"]"}
RESULT: {"using":"xpath","value":"//*[@id=\"application-managepartners-display-component---NewPartner--partnerDetailInternal-arrow\"]"}
COMMAND: POST /session/c72c23a71f957f5f97380492e1ede48b/element/f.9B2FD2DF9A9EBD12F39787CA2B3A3B3C.d.9DB36346AF92DB5EA081B41BC6FDAAEA.e.12229/click - {}
RESULT: {}
COMMAND: POST /session/c72c23a71f957f5f97380492e1ede48b/element - {"using":"xpath","value":"//span[contains(text(), \"External partner\")]"}
COMMAND: GET /session/c72c23a71f957f5f97380492e1ede48b/screenshot - {}
RESULT: {"using":"xpath","value":"//span[contains(text(), \"External partner\")]"}
COMMAND: POST /session/c72c23a71f957f5f97380492e1ede48b/element/f.9B2FD2DF9A9EBD12F39787CA2B3A3B3C.d.9DB36346AF92DB5EA081B41BC6FDAAEA.e.12230/click - {}
RESULT: {}
RESULT: {}
RESULT: undefined
COMMAND: POST /session/c72c23a71f957f5f97380492e1ede48b/element - {"using":"xpath","value":"//*[@id=\"application-managepartners-display-component---NewPartner--partnerDetailsCurrency-arrow\"]"}
COMMAND: GET /session/c72c23a71f957f5f97380492e1ede48b/screenshot - {}
RESULT: {"using":"xpath","value":"//*[@id=\"application-managepartners-display-component---NewPartner--partnerDetailsCurrency-arrow\"]"}
COMMAND: POST /session/c72c23a71f957f5f97380492e1ede48b/element/f.9B2FD2DF9A9EBD12F39787CA2B3A3B3C.d.9DB36346AF92DB5EA081B41BC6FDAAEA.e.12235/click - {}
RESULT: {}
RESULT: {}
COMMAND: POST /session/c72c23a71f957f5f97380492e1ede48b/element - {"using":"xpath","value":"//span[contains(text(), \"US Dollar\")]"}
COMMAND: GET /session/c72c23a71f957f5f97380492e1ede48b/screenshot - {}
RESULT: {"using":"xpath","value":"//span[contains(text(), \"US Dollar\")]"}
COMMAND: POST /session/c72c23a71f957f5f97380492e1ede48b/element/f.9B2FD2DF9A9EBD12F39787CA2B3A3B3C.d.9DB36346AF92DB5EA081B41BC6FDAAEA.e.12236/click - {}
RESULT: {}
RESULT: {}
COMMAND: GET /session/c72c23a71f957f5f97380492e1ede48b/screenshot - {}
RESULT: {}
COMMAND: POST /session/c72c23a71f957f5f97380492e1ede48b/element - {"using":"xpath","value":"//input[@id=\"application-managepartners-display-component---NewPartner--companyCodeComboBox-inner\"]"}
RESULT: {"using":"xpath","value":"//input[@id=\"application-managepartners-display-component---NewPartner--companyCodeComboBox-inner\"]"}
COMMAND: POST /session/c72c23a71f957f5f97380492e1ede48b/element/f.9B2FD2DF9A9EBD12F39787CA2B3A3B3C.d.9DB36346AF92DB5EA081B41BC6FDAAEA.e.12078/clear - {}
RESULT: {}
COMMAND: POST /session/c72c23a71f957f5f97380492e1ede48b/element/f.9B2FD2DF9A9EBD12F39787CA2B3A3B3C.d.9DB36346AF92DB5EA081B41BC6FDAAEA.e.12078/value - {"text":"C002"}
COMMAND: GET /session/c72c23a71f957f5f97380492e1ede48b/screenshot - {}
RESULT: {"text":"C002"}
COMMAND: GET /session/c72c23a71f957f5f97380492e1ede48b/screenshot - {}
RESULT: {}
RESULT: {}
COMMAND: POST /session/c72c23a71f957f5f97380492e1ede48b/element - {"using":"xpath","value":"//li[.//span[text()= \"C002\"]]"}
RESULT: {"using":"xpath","value":"//li[.//span[text()= \"C002\"]]"}
COMMAND: POST /session/c72c23a71f957f5f97380492e1ede48b/element/f.9B2FD2DF9A9EBD12F39787CA2B3A3B3C.d.9DB36346AF92DB5EA081B41BC6FDAAEA.e.12240/click - {}
RESULT: {}
COMMAND: GET /session/c72c23a71f957f5f97380492e1ede48b/screenshot - {}
RESULT: {}
RESULT: undefined
COMMAND: POST /session/c72c23a71f957f5f97380492e1ede48b/element - {"using":"xpath","value":"//*[@id=\"application-managepartners-display-component---NewPartner--btnAddTableRow-img\"]"}
RESULT: {"using":"xpath","value":"//*[@id=\"application-managepartners-display-component---NewPartner--btnAddTableRow-img\"]"}
COMMAND: POST /session/c72c23a71f957f5f97380492e1ede48b/element/f.9B2FD2DF9A9EBD12F39787CA2B3A3B3C.d.9DB36346AF92DB5EA081B41BC6FDAAEA.e.12241/click - {}
RESULT: {}
COMMAND: GET /session/c72c23a71f957f5f97380492e1ede48b/screenshot - {}
RESULT: {}
COMMAND: POST /session/c72c23a71f957f5f97380492e1ede48b/element - {"using":"xpath","value":"//input[@id=\"application-managepartners-display-component---NewPartner--assignmentYard-application-managepartners-display-component---NewPartner--assignmentsTable-0-inner\"]"}
RESULT: {"using":"xpath","value":"//input[@id=\"application-managepartners-display-component---NewPartner--assignmentYard-application-managepartners-display-component---NewPartner--assignmentsTable-0-inner\"]"}
COMMAND: POST /session/c72c23a71f957f5f97380492e1ede48b/element/f.9B2FD2DF9A9EBD12F39787CA2B3A3B3C.d.9DB36346AF92DB5EA081B41BC6FDAAEA.e.12244/clear - {}
RESULT: {}
COMMAND: POST /session/c72c23a71f957f5f97380492e1ede48b/element/f.9B2FD2DF9A9EBD12F39787CA2B3A3B3C.d.9DB36346AF92DB5EA081B41BC6FDAAEA.e.12244/value - {"text":"404"}
COMMAND: GET /session/c72c23a71f957f5f97380492e1ede48b/screenshot - {}
RESULT: {"text":"404"}
COMMAND: GET /session/c72c23a71f957f5f97380492e1ede48b/screenshot - {}
RESULT: {}
RESULT: {}
COMMAND: POST /session/c72c23a71f957f5f97380492e1ede48b/element - {"using":"xpath","value":"//li[.//span[text()='404']]"}
RESULT: {"using":"xpath","value":"//li[.//span[text()='404']]"}
COMMAND: POST /session/c72c23a71f957f5f97380492e1ede48b/element/f.9B2FD2DF9A9EBD12F39787CA2B3A3B3C.d.9DB36346AF92DB5EA081B41BC6FDAAEA.e.12252/click - {}
RESULT: {}
COMMAND: GET /session/c72c23a71f957f5f97380492e1ede48b/screenshot - {}
RESULT: {}
COMMAND: POST /session/c72c23a71f957f5f97380492e1ede48b/actions - {"actions":[{"id":"action29","type":"key","parameters":{},"actions":[{"type":"keyDown","value":""},{"type":"pause","duration":10},{"type":"keyUp","value":""}]}]}
RESULT: {"actions":[{"id":"action29","type":"key","parameters":{},"actions":[{"type":"keyDown","value":""},{"type":"pause","duration":10},{"type":"keyUp","value":""}]}]}
COMMAND: POST /session/c72c23a71f957f5f97380492e1ede48b/element - {"using":"xpath","value":"//td[contains(@id, \"assignmentsTable-0-cell2\")]/div/div"}
COMMAND: GET /session/c72c23a71f957f5f97380492e1ede48b/screenshot - {}
RESULT: {"using":"xpath","value":"//td[contains(@id, \"assignmentsTable-0-cell2\")]/div/div"}
COMMAND: POST /session/c72c23a71f957f5f97380492e1ede48b/element/f.9B2FD2DF9A9EBD12F39787CA2B3A3B3C.d.9DB36346AF92DB5EA081B41BC6FDAAEA.e.12255/click - {}
RESULT: {}
RESULT: {}
COMMAND: GET /session/c72c23a71f957f5f97380492e1ede48b/screenshot - {}
RESULT: {}
COMMAND: POST /session/c72c23a71f957f5f97380492e1ede48b/element - {"using":"xpath","value":"//button[@data-kt=\"saveButton\"]"}
RESULT: {"using":"xpath","value":"//button[@data-kt=\"saveButton\"]"}
COMMAND: POST /session/c72c23a71f957f5f97380492e1ede48b/element/f.9B2FD2DF9A9EBD12F39787CA2B3A3B3C.d.9DB36346AF92DB5EA081B41BC6FDAAEA.e.12204/click - {}
RESULT: {}
COMMAND: GET /session/c72c23a71f957f5f97380492e1ede48b/screenshot - {}
RESULT: {}
COMMAND: POST /session/c72c23a71f957f5f97380492e1ede48b/element - {"using":"xpath","value":"//header[contains(@id, 'ObjectPageLayout-headerTitle')]/div[1]/div[2]/div[2]/span[1]"}
RESULT: {"using":"xpath","value":"//header[contains(@id, 'ObjectPageLayout-headerTitle')]/div[1]/div[2]/div[2]/span[1]"}
COMMAND: POST /session/c72c23a71f957f5f97380492e1ede48b/elements - {"using":"xpath","value":"//header[contains(@id, 'ObjectPageLayout-headerTitle')]/div[1]/div[2]/div[2]/span[1]"}
RESULT: {"using":"xpath","value":"//header[contains(@id, 'ObjectPageLayout-headerTitle')]/div[1]/div[2]/div[2]/span[1]"}
COMMAND: POST /session/c72c23a71f957f5f97380492e1ede48b/execute/sync - {"script":"<script> [56 bytes]","args":[{"element-6066-11e4-a52e-4f735466cecf":"f.9B2FD2DF9A9EBD12F39787CA2B3A3B3C.d.9DB36346AF92DB5EA081B41BC6FDAAEA.e.12416","ELEMENT":"f.9B2FD2DF9A9EBD12F39787CA2B3A3B3C.d.9DB36346AF92DB5EA081B41BC6FDAAEA.e.12416"}]}
RESULT: {"script":"<script> [56 bytes]","args":[{"element-6066-11e4-a52e-4f735466cecf":"f.9B2FD2DF9A9EBD12F39787CA2B3A3B3C.d.9DB36346AF92DB5EA081B41BC6FDAAEA.e.12416","ELEMENT":"f.9B2FD2DF9A9EBD12F39787CA2B3A3B3C.d.9DB36346AF92DB5EA081B41BC6FDAAEA.e.12416"}]}
COMMAND: POST /session/c72c23a71f957f5f97380492e1ede48b/element - {"using":"css selector","value":"#shell-header-logo"}
COMMAND: GET /session/c72c23a71f957f5f97380492e1ede48b/screenshot - {}
RESULT: {"using":"css selector","value":"#shell-header-logo"}
COMMAND: POST /session/c72c23a71f957f5f97380492e1ede48b/element/f.9B2FD2DF9A9EBD12F39787CA2B3A3B3C.d.9DB36346AF92DB5EA081B41BC6FDAAEA.e.11734/click - {}
RESULT: {}
RESULT: {}
COMMAND: GET /session/c72c23a71f957f5f97380492e1ede48b/screenshot - {}
RESULT: {}
COMMAND: POST /session/c72c23a71f957f5f97380492e1ede48b/execute/sync - {"script":"<script> [299 bytes]","args":[["getModel","getResource"]]}
RESULT: {"script":"<script> [299 bytes]","args":[["getModel","getResource"]]}
COMMAND: GET /session/c72c23a71f957f5f97380492e1ede48b/screenshot - {}
RESULT: {}
COMMAND: DELETE /session/c72c23a71f957f5f97380492e1ede48b - {}
RESULT: {}
]]></system-out>
    </testcase>
  </testsuite>
</testsuites>