<?xml version="1.0" encoding="UTF-8"?>
<testsuites tests="7" failures="0" errors="0" skipped="0">
  <testsuite timestamp="2025-05-26T15:22:27" time="741.624" tests="7" failures="0" errors="0" skipped="0">
    <properties>
      <property name="specId" value="0"/>
      <property name="suiteName" value="Related resources for groups US139107"/>
      <property name="capabilities" value="chrome.136_0_7103_93.windows"/>
      <property name="file" value="file:///D:/a/1/s/test/specs/R2C/related-resources-area-rpg.spec.js"/>
    </properties>
    <testcase classname="chrome.136_0_7103_93.windows.Related_resources_for_groups_US139107" name="Should create a new yard" time="117.309">
      <system-out><![CDATA[
COMMAND: POST /session/e17b2d300284dfd621e67fe570e9cb9c/execute/async - {"script":"<script> [1562 bytes]","args":[{"selector":{"controlType":"sap.m.GenericTile","properties":{"header":"Manage Yards"}},"wdio_ui5_key":"sapm.GenericTile{\"header\":\"Manage Yards\"}"}]}
RESULT: {"script":"<script> [1562 bytes]","args":[{"selector":{"controlType":"sap.m.GenericTile","properties":{"header":"Manage Yards"}},"wdio_ui5_key":"sapm.GenericTile{\"header\":\"Manage Yards\"}"}]}
RESULT: undefined
COMMAND: POST /session/e17b2d300284dfd621e67fe570e9cb9c/element - {"using":"xpath","value":"//*[@id=\"__tile41\"]"}
RESULT: {"using":"xpath","value":"//*[@id=\"__tile41\"]"}
COMMAND: POST /session/e17b2d300284dfd621e67fe570e9cb9c/element/f.3EE29FDE339C3D4269C60DE74BD8FBA1.d.5CA0FE859C977C2A5F42AF9870B38837.e.114/click - {}
RESULT: {}
COMMAND: GET /session/e17b2d300284dfd621e67fe570e9cb9c/screenshot - {}
RESULT: {}
COMMAND: POST /session/e17b2d300284dfd621e67fe570e9cb9c/elements - {"using":"xpath","value":"//span[text()='Error']"}
RESULT: {"using":"xpath","value":"//span[text()='Error']"}
COMMAND: POST /session/e17b2d300284dfd621e67fe570e9cb9c/execute/async - {"script":"<script> [1562 bytes]","args":[{"selector":{"controlType":"sap.ui.core.Icon","viewName":"etm.portal.ui.manageyards.view.Master","viewId":"application-manageyards-display-component---masterYard","properties":{"src":{"regex":{"source":"add"}}}},"wdio_ui5_key":"etmportal.ui.manageyards.view.Mastersap.ui.core.Icon{\"src\":{\"regex\":{\"source\":\"add\"}}}"}]}
RESULT: {"script":"<script> [1562 bytes]","args":[{"selector":{"controlType":"sap.ui.core.Icon","viewName":"etm.portal.ui.manageyards.view.Master","viewId":"application-manageyards-display-component---masterYard","properties":{"src":{"regex":{"source":"add"}}}},"wdio_ui5_key":"etmportal.ui.manageyards.view.Mastersap.ui.core.Icon{\"src\":{\"regex\":{\"source\":\"add\"}}}"}]}
RESULT: undefined
COMMAND: POST /session/e17b2d300284dfd621e67fe570e9cb9c/element - {"using":"xpath","value":"//*[@id=\"__button4-img\"]"}
RESULT: {"using":"xpath","value":"//*[@id=\"__button4-img\"]"}
COMMAND: POST /session/e17b2d300284dfd621e67fe570e9cb9c/element/f.3EE29FDE339C3D4269C60DE74BD8FBA1.d.5CA0FE859C977C2A5F42AF9870B38837.e.161/click - {}
RESULT: {}
COMMAND: GET /session/e17b2d300284dfd621e67fe570e9cb9c/screenshot - {}
RESULT: {}
COMMAND: POST /session/e17b2d300284dfd621e67fe570e9cb9c/execute/async - {"script":"<script> [1562 bytes]","args":[{"selector":{"id":"application-manageyards-display-component---NewYard--yardId","interaction":{"idSuffix":"inner"}},"wdio_ui5_key":"applicationmanageyards-display-component---NewYard--yardId"}]}
RESULT: {"script":"<script> [1562 bytes]","args":[{"selector":{"id":"application-manageyards-display-component---NewYard--yardId","interaction":{"idSuffix":"inner"}},"wdio_ui5_key":"applicationmanageyards-display-component---NewYard--yardId"}]}
RESULT: undefined
COMMAND: POST /session/e17b2d300284dfd621e67fe570e9cb9c/element - {"using":"xpath","value":"//*[@id=\"application-manageyards-display-component---NewYard--addressDetailDetailsName1-inner\"]"}
RESULT: {"using":"xpath","value":"//*[@id=\"application-manageyards-display-component---NewYard--addressDetailDetailsName1-inner\"]"}
COMMAND: POST /session/e17b2d300284dfd621e67fe570e9cb9c/element/f.3EE29FDE339C3D4269C60DE74BD8FBA1.d.5CA0FE859C977C2A5F42AF9870B38837.e.374/clear - {}
RESULT: {}
COMMAND: POST /session/e17b2d300284dfd621e67fe570e9cb9c/element/f.3EE29FDE339C3D4269C60DE74BD8FBA1.d.5CA0FE859C977C2A5F42AF9870B38837.e.374/value - {"text":"WebdriverYardbo7m"}
COMMAND: GET /session/e17b2d300284dfd621e67fe570e9cb9c/screenshot - {}
RESULT: {"text":"WebdriverYardbo7m"}
COMMAND: POST /session/e17b2d300284dfd621e67fe570e9cb9c/element - {"using":"xpath","value":"//*[@id=\"application-manageyards-display-component---NewYard--addressDetailDetailsLanguage-inner\"]"}
COMMAND: GET /session/e17b2d300284dfd621e67fe570e9cb9c/screenshot - {}
RESULT: {}
RESULT: {"using":"xpath","value":"//*[@id=\"application-manageyards-display-component---NewYard--addressDetailDetailsLanguage-inner\"]"}
COMMAND: POST /session/e17b2d300284dfd621e67fe570e9cb9c/element/f.3EE29FDE339C3D4269C60DE74BD8FBA1.d.5CA0FE859C977C2A5F42AF9870B38837.e.375/clear - {}
RESULT: {}
RESULT: {}
COMMAND: POST /session/e17b2d300284dfd621e67fe570e9cb9c/element/f.3EE29FDE339C3D4269C60DE74BD8FBA1.d.5CA0FE859C977C2A5F42AF9870B38837.e.375/value - {"text":"Romanian"}
COMMAND: GET /session/e17b2d300284dfd621e67fe570e9cb9c/screenshot - {}
RESULT: {"text":"Romanian"}
COMMAND: POST /session/e17b2d300284dfd621e67fe570e9cb9c/element - {"using":"xpath","value":"//input[contains(@id ,\"application-manageyards-display-component---NewYard--addressDetailDetailsName1-inner\")]"}
COMMAND: GET /session/e17b2d300284dfd621e67fe570e9cb9c/screenshot - {}
RESULT: {}
RESULT: {"using":"xpath","value":"//input[contains(@id ,\"application-manageyards-display-component---NewYard--addressDetailDetailsName1-inner\")]"}
COMMAND: GET /session/e17b2d300284dfd621e67fe570e9cb9c/element/f.3EE29FDE339C3D4269C60DE74BD8FBA1.d.5CA0FE859C977C2A5F42AF9870B38837.e.374/property/value - {}
RESULT: {}
RESULT: {}
COMMAND: GET /session/e17b2d300284dfd621e67fe570e9cb9c/screenshot - {}
RESULT: {}
COMMAND: POST /session/e17b2d300284dfd621e67fe570e9cb9c/element - {"using":"xpath","value":"//*[@id=\"application-manageyards-display-component---NewYard--addressDetailDetailsCity1-inner\"]"}
RESULT: {"using":"xpath","value":"//*[@id=\"application-manageyards-display-component---NewYard--addressDetailDetailsCity1-inner\"]"}
COMMAND: POST /session/e17b2d300284dfd621e67fe570e9cb9c/element/f.3EE29FDE339C3D4269C60DE74BD8FBA1.d.5CA0FE859C977C2A5F42AF9870B38837.e.377/clear - {}
RESULT: {}
COMMAND: POST /session/e17b2d300284dfd621e67fe570e9cb9c/element/f.3EE29FDE339C3D4269C60DE74BD8FBA1.d.5CA0FE859C977C2A5F42AF9870B38837.e.377/value - {"text":"Bucuresti"}
COMMAND: GET /session/e17b2d300284dfd621e67fe570e9cb9c/screenshot - {}
RESULT: {"text":"Bucuresti"}
COMMAND: GET /session/e17b2d300284dfd621e67fe570e9cb9c/screenshot - {}
RESULT: {}
RESULT: {}
COMMAND: POST /session/e17b2d300284dfd621e67fe570e9cb9c/element - {"using":"xpath","value":"//*[@id=\"application-manageyards-display-component---NewYard--addressDetailDetailsCountry-inner\"]"}
RESULT: {"using":"xpath","value":"//*[@id=\"application-manageyards-display-component---NewYard--addressDetailDetailsCountry-inner\"]"}
COMMAND: POST /session/e17b2d300284dfd621e67fe570e9cb9c/element/f.3EE29FDE339C3D4269C60DE74BD8FBA1.d.5CA0FE859C977C2A5F42AF9870B38837.e.381/clear - {}
RESULT: {}
COMMAND: POST /session/e17b2d300284dfd621e67fe570e9cb9c/element/f.3EE29FDE339C3D4269C60DE74BD8FBA1.d.5CA0FE859C977C2A5F42AF9870B38837.e.381/value - {"text":"Romania"}
COMMAND: GET /session/e17b2d300284dfd621e67fe570e9cb9c/screenshot - {}
RESULT: {"text":"Romania"}
COMMAND: GET /session/e17b2d300284dfd621e67fe570e9cb9c/screenshot - {}
RESULT: {}
RESULT: {}
COMMAND: POST /session/e17b2d300284dfd621e67fe570e9cb9c/element - {"using":"xpath","value":"//div[contains(text(), \"Commercial\")]"}
RESULT: {"using":"xpath","value":"//div[contains(text(), \"Commercial\")]"}
COMMAND: GET /session/e17b2d300284dfd621e67fe570e9cb9c/element/f.3EE29FDE339C3D4269C60DE74BD8FBA1.d.5CA0FE859C977C2A5F42AF9870B38837.e.578/rect - {}
RESULT: {}
COMMAND: GET /session/e17b2d300284dfd621e67fe570e9cb9c/window/rect - {}
RESULT: {}
COMMAND: POST /session/e17b2d300284dfd621e67fe570e9cb9c/execute/sync - {"script":"<script> [92 bytes]","args":[]}
RESULT: {"script":"<script> [92 bytes]","args":[]}
COMMAND: POST /session/e17b2d300284dfd621e67fe570e9cb9c/actions - {"actions":[{"id":"action1","type":"wheel","parameters":{},"actions":[{"type":"scroll","x":-1841,"y":-44,"deltaX":0,"deltaY":0,"duration":0,"origin":{"element-6066-11e4-a52e-4f735466cecf":"f.3EE29FDE339C3D4269C60DE74BD8FBA1.d.5CA0FE859C977C2A5F42AF9870B38837.e.578"}}]}]}
COMMAND: GET /session/e17b2d300284dfd621e67fe570e9cb9c/screenshot - {}
RESULT: {}
COMMAND: POST /session/e17b2d300284dfd621e67fe570e9cb9c/execute/sync - {"script":"<script> [79 bytes]","args":[{"element-6066-11e4-a52e-4f735466cecf":"f.3EE29FDE339C3D4269C60DE74BD8FBA1.d.5CA0FE859C977C2A5F42AF9870B38837.e.578","ELEMENT":"f.3EE29FDE339C3D4269C60DE74BD8FBA1.d.5CA0FE859C977C2A5F42AF9870B38837.e.578"},{"block":"start","inline":"nearest"}]}
RESULT: {"script":"<script> [79 bytes]","args":[{"element-6066-11e4-a52e-4f735466cecf":"f.3EE29FDE339C3D4269C60DE74BD8FBA1.d.5CA0FE859C977C2A5F42AF9870B38837.e.578","ELEMENT":"f.3EE29FDE339C3D4269C60DE74BD8FBA1.d.5CA0FE859C977C2A5F42AF9870B38837.e.578"},{"block":"start","inline":"nearest"}]}
COMMAND: GET /session/e17b2d300284dfd621e67fe570e9cb9c/screenshot - {}
RESULT: {}
COMMAND: POST /session/e17b2d300284dfd621e67fe570e9cb9c/execute/async - {"script":"<script> [1562 bytes]","args":[{"selector":{"id":"application-manageyards-display-component---NewYard--addressEditDetailsCostObjectCstType-arrow"},"wdio_ui5_key":"applicationmanageyards-display-component---NewYard--addressEditDetailsCostObjectCstType-arrow"}]}
RESULT: {"script":"<script> [1562 bytes]","args":[{"selector":{"id":"application-manageyards-display-component---NewYard--addressEditDetailsCostObjectCstType-arrow"},"wdio_ui5_key":"applicationmanageyards-display-component---NewYard--addressEditDetailsCostObjectCstType-arrow"}]}
RESULT: undefined
COMMAND: POST /session/e17b2d300284dfd621e67fe570e9cb9c/element - {"using":"xpath","value":"//*[@id=\"application-manageyards-display-component---NewYard--addressEditDetailsCostObjectCstType-arrow\"]"}
RESULT: {"using":"xpath","value":"//*[@id=\"application-manageyards-display-component---NewYard--addressEditDetailsCostObjectCstType-arrow\"]"}
COMMAND: POST /session/e17b2d300284dfd621e67fe570e9cb9c/element/f.3EE29FDE339C3D4269C60DE74BD8FBA1.d.5CA0FE859C977C2A5F42AF9870B38837.e.586/click - {}
RESULT: {}
COMMAND: POST /session/e17b2d300284dfd621e67fe570e9cb9c/element - {"using":"xpath","value":"//span[contains(text(), \"Cost Center\")]"}
COMMAND: GET /session/e17b2d300284dfd621e67fe570e9cb9c/screenshot - {}
RESULT: {"using":"xpath","value":"//span[contains(text(), \"Cost Center\")]"}
COMMAND: POST /session/e17b2d300284dfd621e67fe570e9cb9c/element/f.3EE29FDE339C3D4269C60DE74BD8FBA1.d.5CA0FE859C977C2A5F42AF9870B38837.e.587/click - {}
RESULT: {}
RESULT: {}
COMMAND: GET /session/e17b2d300284dfd621e67fe570e9cb9c/screenshot - {}
RESULT: {}
COMMAND: POST /session/e17b2d300284dfd621e67fe570e9cb9c/execute/async - {"script":"<script> [1562 bytes]","args":[{"selector":{"id":"application-manageyards-display-component---NewYard--addressNewCostObjectCstID-vhi"},"wdio_ui5_key":"applicationmanageyards-display-component---NewYard--addressNewCostObjectCstID-vhi"}]}
RESULT: {"script":"<script> [1562 bytes]","args":[{"selector":{"id":"application-manageyards-display-component---NewYard--addressNewCostObjectCstID-vhi"},"wdio_ui5_key":"applicationmanageyards-display-component---NewYard--addressNewCostObjectCstID-vhi"}]}
RESULT: undefined
COMMAND: POST /session/e17b2d300284dfd621e67fe570e9cb9c/element - {"using":"xpath","value":"//*[@id=\"application-manageyards-display-component---NewYard--addressNewCostObjectCstID-vhi\"]"}
RESULT: {"using":"xpath","value":"//*[@id=\"application-manageyards-display-component---NewYard--addressNewCostObjectCstID-vhi\"]"}
COMMAND: POST /session/e17b2d300284dfd621e67fe570e9cb9c/element/f.3EE29FDE339C3D4269C60DE74BD8FBA1.d.5CA0FE859C977C2A5F42AF9870B38837.e.591/click - {}
RESULT: {}
COMMAND: GET /session/e17b2d300284dfd621e67fe570e9cb9c/screenshot - {}
RESULT: {}
COMMAND: POST /session/e17b2d300284dfd621e67fe570e9cb9c/execute/async - {"script":"<script> [1562 bytes]","args":[{"selector":{"controlType":"sap.m.SearchField","properties":{"placeholder":"Search"},"searchOpenDialogs":true,"interaction":{"idSuffix":"I"}},"wdio_ui5_key":"sapm.SearchField{\"placeholder\":\"Search\"}"}]}
RESULT: {"script":"<script> [1562 bytes]","args":[{"selector":{"controlType":"sap.m.SearchField","properties":{"placeholder":"Search"},"searchOpenDialogs":true,"interaction":{"idSuffix":"I"}},"wdio_ui5_key":"sapm.SearchField{\"placeholder\":\"Search\"}"}]}
RESULT: undefined
COMMAND: POST /session/e17b2d300284dfd621e67fe570e9cb9c/execute/async - {"script":"<script> [776 bytes]","args":[{"enterText":"10001013","selector":{"controlType":"sap.m.SearchField","properties":{"placeholder":"Search"},"searchOpenDialogs":true,"interaction":{"idSuffix":"I"}},"clearTextFirst":true,"interactionType":"ENTER_TEXT"}]}
RESULT: {"script":"<script> [776 bytes]","args":[{"enterText":"10001013","selector":{"controlType":"sap.m.SearchField","properties":{"placeholder":"Search"},"searchOpenDialogs":true,"interaction":{"idSuffix":"I"}},"clearTextFirst":true,"interactionType":"ENTER_TEXT"}]}
COMMAND: POST /session/e17b2d300284dfd621e67fe570e9cb9c/actions - {"actions":[{"id":"action2","type":"key","parameters":{},"actions":[{"type":"keyDown","value":""},{"type":"pause","duration":10},{"type":"keyUp","value":""}]}]}
RESULT: {"actions":[{"id":"action2","type":"key","parameters":{},"actions":[{"type":"keyDown","value":""},{"type":"pause","duration":10},{"type":"keyUp","value":""}]}]}
COMMAND: GET /session/e17b2d300284dfd621e67fe570e9cb9c/screenshot - {}
RESULT: {}
COMMAND: POST /session/e17b2d300284dfd621e67fe570e9cb9c/element - {"using":"xpath","value":"//span[contains(text(), \"General Management\")]"}
RESULT: {"using":"xpath","value":"//span[contains(text(), \"General Management\")]"}
COMMAND: POST /session/e17b2d300284dfd621e67fe570e9cb9c/element/f.3EE29FDE339C3D4269C60DE74BD8FBA1.d.5CA0FE859C977C2A5F42AF9870B38837.e.631/click - {}
RESULT: {}
COMMAND: GET /session/e17b2d300284dfd621e67fe570e9cb9c/screenshot - {}
RESULT: {}
COMMAND: POST /session/e17b2d300284dfd621e67fe570e9cb9c/element - {"using":"xpath","value":"//bdi[contains(text(), \"OK\")]"}
RESULT: {"using":"xpath","value":"//bdi[contains(text(), \"OK\")]"}
COMMAND: POST /session/e17b2d300284dfd621e67fe570e9cb9c/element/f.3EE29FDE339C3D4269C60DE74BD8FBA1.d.5CA0FE859C977C2A5F42AF9870B38837.e.632/click - {}
RESULT: {}
COMMAND: GET /session/e17b2d300284dfd621e67fe570e9cb9c/screenshot - {}
RESULT: {}
COMMAND: POST /session/e17b2d300284dfd621e67fe570e9cb9c/execute/async - {"script":"<script> [1562 bytes]","args":[{"selector":{"controlType":"sap.m.Button","viewName":"etm.portal.ui.manageyards.view.New","viewId":"application-manageyards-display-component---NewYard","i18NText":{"propertyName":"text","key":"save"},"interaction":{"idSuffix":"inner"}},"wdio_ui5_key":"etmportal.ui.manageyards.view.Newsap.m.Button{\"propertyName\":\"text\",\"key\":\"save\"}"}]}
RESULT: {"script":"<script> [1562 bytes]","args":[{"selector":{"controlType":"sap.m.Button","viewName":"etm.portal.ui.manageyards.view.New","viewId":"application-manageyards-display-component---NewYard","i18NText":{"propertyName":"text","key":"save"},"interaction":{"idSuffix":"inner"}},"wdio_ui5_key":"etmportal.ui.manageyards.view.Newsap.m.Button{\"propertyName\":\"text\",\"key\":\"save\"}"}]}
RESULT: undefined
COMMAND: POST /session/e17b2d300284dfd621e67fe570e9cb9c/element - {"using":"xpath","value":"//*[@id=\"__button18\"]"}
RESULT: {"using":"xpath","value":"//*[@id=\"__button18\"]"}
COMMAND: POST /session/e17b2d300284dfd621e67fe570e9cb9c/element/f.3EE29FDE339C3D4269C60DE74BD8FBA1.d.5CA0FE859C977C2A5F42AF9870B38837.e.543/click - {}
RESULT: {}
COMMAND: GET /session/e17b2d300284dfd621e67fe570e9cb9c/screenshot - {}
RESULT: {}
COMMAND: POST /session/e17b2d300284dfd621e67fe570e9cb9c/element - {"using":"xpath","value":"//header/div/div[2]/div[2]/span"}
RESULT: {"using":"xpath","value":"//header/div/div[2]/div[2]/span"}
COMMAND: GET /session/e17b2d300284dfd621e67fe570e9cb9c/element/f.3EE29FDE339C3D4269C60DE74BD8FBA1.d.5CA0FE859C977C2A5F42AF9870B38837.e.828/text - {}
RESULT: {}
COMMAND: POST /session/e17b2d300284dfd621e67fe570e9cb9c/execute/async - {"script":"<script> [1562 bytes]","args":[{"selector":{"controlType":"sap.m.OverflowToolbarButton","viewName":"etm.portal.ui.manageyards.view.Detail","viewId":"application-manageyards-display-component---detailYard","i18NText":{"propertyName":"tooltip","key":"closeColumn"},"interaction":{"idSuffix":"inner"}},"wdio_ui5_key":"etmportal.ui.manageyards.view.Detailsap.m.OverflowToolbarButton{\"propertyName\":\"tooltip\",\"key\":\"closeColumn\"}"}]}
RESULT: {"script":"<script> [1562 bytes]","args":[{"selector":{"controlType":"sap.m.OverflowToolbarButton","viewName":"etm.portal.ui.manageyards.view.Detail","viewId":"application-manageyards-display-component---detailYard","i18NText":{"propertyName":"tooltip","key":"closeColumn"},"interaction":{"idSuffix":"inner"}},"wdio_ui5_key":"etmportal.ui.manageyards.view.Detailsap.m.OverflowToolbarButton{\"propertyName\":\"tooltip\",\"key\":\"closeColumn\"}"}]}
RESULT: undefined
COMMAND: POST /session/e17b2d300284dfd621e67fe570e9cb9c/element - {"using":"xpath","value":"//*[@id=\"__button42\"]"}
RESULT: {"using":"xpath","value":"//*[@id=\"__button42\"]"}
COMMAND: POST /session/e17b2d300284dfd621e67fe570e9cb9c/element/f.3EE29FDE339C3D4269C60DE74BD8FBA1.d.5CA0FE859C977C2A5F42AF9870B38837.e.830/click - {}
RESULT: {}
COMMAND: GET /session/e17b2d300284dfd621e67fe570e9cb9c/screenshot - {}
RESULT: {}
COMMAND: POST /session/e17b2d300284dfd621e67fe570e9cb9c/element - {"using":"css selector","value":"#shell-header-logo"}
RESULT: {"using":"css selector","value":"#shell-header-logo"}
COMMAND: POST /session/e17b2d300284dfd621e67fe570e9cb9c/element/f.3EE29FDE339C3D4269C60DE74BD8FBA1.d.5CA0FE859C977C2A5F42AF9870B38837.e.116/click - {}
RESULT: {}
COMMAND: GET /session/e17b2d300284dfd621e67fe570e9cb9c/screenshot - {}
RESULT: {}
COMMAND: POST /session/e17b2d300284dfd621e67fe570e9cb9c/refresh - {}
RESULT: {}
COMMAND: GET /session/e17b2d300284dfd621e67fe570e9cb9c/screenshot - {}
RESULT: {}
COMMAND: POST /session/e17b2d300284dfd621e67fe570e9cb9c/execute/async - {"script":"<script> [189 bytes]","args":[]}
RESULT: {"script":"<script> [189 bytes]","args":[]}
COMMAND: POST /session/e17b2d300284dfd621e67fe570e9cb9c/execute/async - {"script":"<script> [123 bytes]","args":[]}
RESULT: {"script":"<script> [123 bytes]","args":[]}
COMMAND: POST /session/e17b2d300284dfd621e67fe570e9cb9c/timeouts - {"script":"<number>"}
RESULT: {"script":"<number>"}
COMMAND: GET /session/e17b2d300284dfd621e67fe570e9cb9c/timeouts - {}
RESULT: {}
RESULT: undefined
COMMAND: POST /session/e17b2d300284dfd621e67fe570e9cb9c/execute/async - {"script":"<script> [2676 bytes]","args":[]}
RESULT: {"script":"<script> [2676 bytes]","args":[]}
COMMAND: POST /session/e17b2d300284dfd621e67fe570e9cb9c/execute/async - {"script":"<script> [2342 bytes]","args":[{"protocol":"http","hostname":"0.0.0.0","path":"/","capabilities":{"browserName":"chrome","goog:chromeOptions":{"binary":"C:\\Program Files\\Google\\Chrome\\Application\\chrome.exe","args":["--start-maximized"]}},"logLevel":"warn","connectionRetryTimeout":120000,"connectionRetryCount":3,"logLevels":{},"enableDirectConnect":true,"strictSSL":true,"_":"65 more keys: [\"cacheDir\",\"port\",\"requestedCapabilities\",\"automationProtocol\",\"baseUrl\",\"waitforInterval\",\"waitforTimeout\",\"onReload\",\"beforeCommand\",\"afterCommand\",\"rootDir\",\"specs\",\"suites\",\"exclude\",\"groupLogsByTestSpec\",\"excludeDriverLogs\",\"bail\",\"framework\",\"reporters\",\"services\",\"maxInstances\",\"maxInstancesPerCapability\",\"injectGlobals\",\"filesToWatch\",\"execArgv\",\"runnerEnv\",\"runner\",\"shard\",\"specFileRetries\",\"specFileRetriesDelay\",\"specFileRetriesDeferred\",\"reporterSyncInterval\",\"reporterSyncTimeout\",\"cucumberFeaturesWithLineNumbers\",\"autoCompileOpts\",\"mochaOpts\",\"jasmineOpts\",\"cucumberOpts\",\"onPrepare\",\"onWorkerStart\",\"onWorkerEnd\",\"before\",\"beforeSession\",\"beforeSuite\",\"beforeHook\",\"beforeTest\",\"afterTest\",\"afterHook\",\"afterSuite\",\"afterSession\",\"after\",\"onComplete\",\"beforeAssertion\",\"afterAssertion\",\"beforeFeature\",\"beforeScenario\",\"beforeStep\",\"afterStep\",\"afterScenario\",\"afterFeature\",\"_\",\"suite\",\"$0\",\"ignoredWorkerServices\",\"wdi5\"]"}]}
RESULT: {"script":"<script> [2342 bytes]","args":[{"protocol":"http","hostname":"0.0.0.0","path":"/","capabilities":{"browserName":"chrome","goog:chromeOptions":{"binary":"C:\\Program Files\\Google\\Chrome\\Application\\chrome.exe","args":["--start-maximized"]}},"logLevel":"warn","connectionRetryTimeout":120000,"connectionRetryCount":3,"logLevels":{},"enableDirectConnect":true,"strictSSL":true,"_":"65 more keys: [\"cacheDir\",\"port\",\"requestedCapabilities\",\"automationProtocol\",\"baseUrl\",\"waitforInterval\",\"waitforTimeout\",\"onReload\",\"beforeCommand\",\"afterCommand\",\"rootDir\",\"specs\",\"suites\",\"exclude\",\"groupLogsByTestSpec\",\"excludeDriverLogs\",\"bail\",\"framework\",\"reporters\",\"services\",\"maxInstances\",\"maxInstancesPerCapability\",\"injectGlobals\",\"filesToWatch\",\"execArgv\",\"runnerEnv\",\"runner\",\"shard\",\"specFileRetries\",\"specFileRetriesDelay\",\"specFileRetriesDeferred\",\"reporterSyncInterval\",\"reporterSyncTimeout\",\"cucumberFeaturesWithLineNumbers\",\"autoCompileOpts\",\"mochaOpts\",\"jasmineOpts\",\"cucumberOpts\",\"onPrepare\",\"onWorkerStart\",\"onWorkerEnd\",\"before\",\"beforeSession\",\"beforeSuite\",\"beforeHook\",\"beforeTest\",\"afterTest\",\"afterHook\",\"afterSuite\",\"afterSession\",\"after\",\"onComplete\",\"beforeAssertion\",\"afterAssertion\",\"beforeFeature\",\"beforeScenario\",\"beforeStep\",\"afterStep\",\"afterScenario\",\"afterFeature\",\"_\",\"suite\",\"$0\",\"ignoredWorkerServices\",\"wdi5\"]"}]}
COMMAND: POST /session/e17b2d300284dfd621e67fe570e9cb9c/execute/async - {"script":"<script> [21126 bytes]","args":[35000]}
RESULT: {"script":"<script> [21126 bytes]","args":[35000]}
]]></system-out>
    </testcase>
    <testcase classname="chrome.136_0_7103_93.windows.Related_resources_for_groups_US139107" name="Should create a resource of type group" time="93.229">
      <system-out><![CDATA[
COMMAND: POST /session/e17b2d300284dfd621e67fe570e9cb9c/execute/async - {"script":"<script> [1562 bytes]","args":[{"selector":{"controlType":"sap.m.GenericTile","properties":{"header":"Manage Resources"}},"wdio_ui5_key":"sapm.GenericTile{\"header\":\"Manage Resources\"}"}]}
RESULT: {"script":"<script> [1562 bytes]","args":[{"selector":{"controlType":"sap.m.GenericTile","properties":{"header":"Manage Resources"}},"wdio_ui5_key":"sapm.GenericTile{\"header\":\"Manage Resources\"}"}]}
RESULT: undefined
COMMAND: POST /session/e17b2d300284dfd621e67fe570e9cb9c/element - {"using":"xpath","value":"//*[@id=\"__tile39\"]"}
RESULT: {"using":"xpath","value":"//*[@id=\"__tile39\"]"}
COMMAND: POST /session/e17b2d300284dfd621e67fe570e9cb9c/element/f.3EE29FDE339C3D4269C60DE74BD8FBA1.d.83C32F059DD041473F0307DB2A2DF34C.e.1182/click - {}
RESULT: {}
COMMAND: GET /session/e17b2d300284dfd621e67fe570e9cb9c/screenshot - {}
RESULT: {}
COMMAND: POST /session/e17b2d300284dfd621e67fe570e9cb9c/elements - {"using":"xpath","value":"//span[text()='Error']"}
RESULT: {"using":"xpath","value":"//span[text()='Error']"}
COMMAND: POST /session/e17b2d300284dfd621e67fe570e9cb9c/element - {"using":"xpath","value":"//button[@data-kt=\"addNewRUOverflowToolbarButton\"]"}
RESULT: {"using":"xpath","value":"//button[@data-kt=\"addNewRUOverflowToolbarButton\"]"}
COMMAND: POST /session/e17b2d300284dfd621e67fe570e9cb9c/execute/sync - {"script":"<script> [8489 bytes]","args":[{"element-6066-11e4-a52e-4f735466cecf":"f.3EE29FDE339C3D4269C60DE74BD8FBA1.d.83C32F059DD041473F0307DB2A2DF34C.e.1227","ELEMENT":"f.3EE29FDE339C3D4269C60DE74BD8FBA1.d.83C32F059DD041473F0307DB2A2DF34C.e.1227"}]}
RESULT: {"script":"<script> [8489 bytes]","args":[{"element-6066-11e4-a52e-4f735466cecf":"f.3EE29FDE339C3D4269C60DE74BD8FBA1.d.83C32F059DD041473F0307DB2A2DF34C.e.1227","ELEMENT":"f.3EE29FDE339C3D4269C60DE74BD8FBA1.d.83C32F059DD041473F0307DB2A2DF34C.e.1227"}]}
COMMAND: POST /session/e17b2d300284dfd621e67fe570e9cb9c/element/f.3EE29FDE339C3D4269C60DE74BD8FBA1.d.83C32F059DD041473F0307DB2A2DF34C.e.1227/click - {}
COMMAND: GET /session/e17b2d300284dfd621e67fe570e9cb9c/screenshot - {}
RESULT: {}
COMMAND: GET /session/e17b2d300284dfd621e67fe570e9cb9c/screenshot - {}
RESULT: {}
RESULT: {}
COMMAND: POST /session/e17b2d300284dfd621e67fe570e9cb9c/execute/async - {"script":"<script> [1562 bytes]","args":[{"selector":{"id":"application-manageresources-display-component---newResourceUnit--TYPE-arrow"},"wdio_ui5_key":"applicationmanageresources-display-component---newResourceUnit--TYPE-arrow"}]}
RESULT: {"script":"<script> [1562 bytes]","args":[{"selector":{"id":"application-manageresources-display-component---newResourceUnit--TYPE-arrow"},"wdio_ui5_key":"applicationmanageresources-display-component---newResourceUnit--TYPE-arrow"}]}
RESULT: undefined
COMMAND: POST /session/e17b2d300284dfd621e67fe570e9cb9c/element - {"using":"xpath","value":"//*[@id=\"application-manageresources-display-component---newResourceUnit--TYPE-arrow\"]"}
RESULT: {"using":"xpath","value":"//*[@id=\"application-manageresources-display-component---newResourceUnit--TYPE-arrow\"]"}
COMMAND: POST /session/e17b2d300284dfd621e67fe570e9cb9c/element/f.3EE29FDE339C3D4269C60DE74BD8FBA1.d.83C32F059DD041473F0307DB2A2DF34C.e.1558/click - {}
RESULT: {}
COMMAND: POST /session/e17b2d300284dfd621e67fe570e9cb9c/execute/async - {"script":"<script> [1562 bytes]","args":[{"selector":{"controlType":"sap.m.StandardListItem","viewName":"reusables.view.manageresources.NewResourceUnit","viewId":"application-manageresources-display-component---newResourceUnit","properties":{"title":"Group"},"searchOpenDialogs":true,"interaction":{"idSuffix":"content"}},"wdio_ui5_key":"reusablesview.manageresources.NewResourceUnitsap.m.StandardListItem{\"title\":\"Group\"}"}]}
COMMAND: GET /session/e17b2d300284dfd621e67fe570e9cb9c/screenshot - {}
RESULT: {"script":"<script> [1562 bytes]","args":[{"selector":{"controlType":"sap.m.StandardListItem","viewName":"reusables.view.manageresources.NewResourceUnit","viewId":"application-manageresources-display-component---newResourceUnit","properties":{"title":"Group"},"searchOpenDialogs":true,"interaction":{"idSuffix":"content"}},"wdio_ui5_key":"reusablesview.manageresources.NewResourceUnitsap.m.StandardListItem{\"title\":\"Group\"}"}]}
RESULT: undefined
COMMAND: POST /session/e17b2d300284dfd621e67fe570e9cb9c/element - {"using":"xpath","value":"//*[@id=\"__item154\"]"}
RESULT: {}
RESULT: {"using":"xpath","value":"//*[@id=\"__item154\"]"}
COMMAND: POST /session/e17b2d300284dfd621e67fe570e9cb9c/element/f.3EE29FDE339C3D4269C60DE74BD8FBA1.d.83C32F059DD041473F0307DB2A2DF34C.e.1561/click - {}
RESULT: {}
COMMAND: GET /session/e17b2d300284dfd621e67fe570e9cb9c/screenshot - {}
RESULT: {}
COMMAND: POST /session/e17b2d300284dfd621e67fe570e9cb9c/execute/async - {"script":"<script> [1562 bytes]","args":[{"selector":{"id":"application-manageresources-display-component---newResourceUnit--SHORT_TEXT","interaction":{"idSuffix":"inner"}},"wdio_ui5_key":"applicationmanageresources-display-component---newResourceUnit--SHORT_TEXT"}]}
RESULT: {"script":"<script> [1562 bytes]","args":[{"selector":{"id":"application-manageresources-display-component---newResourceUnit--SHORT_TEXT","interaction":{"idSuffix":"inner"}},"wdio_ui5_key":"applicationmanageresources-display-component---newResourceUnit--SHORT_TEXT"}]}
RESULT: undefined
COMMAND: POST /session/e17b2d300284dfd621e67fe570e9cb9c/execute/async - {"script":"<script> [776 bytes]","args":[{"enterText":"WdIORUGroupv5idg","selector":{"id":"application-manageresources-display-component---newResourceUnit--SHORT_TEXT","interaction":{"idSuffix":"inner"}},"clearTextFirst":true,"interactionType":"ENTER_TEXT"}]}
RESULT: {"script":"<script> [776 bytes]","args":[{"enterText":"WdIORUGroupv5idg","selector":{"id":"application-manageresources-display-component---newResourceUnit--SHORT_TEXT","interaction":{"idSuffix":"inner"}},"clearTextFirst":true,"interactionType":"ENTER_TEXT"}]}
COMMAND: POST /session/e17b2d300284dfd621e67fe570e9cb9c/execute/async - {"script":"<script> [1562 bytes]","args":[{"selector":{"id":"application-manageresources-display-component---newResourceUnit--BASE_UNIT_OF_MEASURE","interaction":{"idSuffix":"inner"}},"wdio_ui5_key":"applicationmanageresources-display-component---newResourceUnit--BASE_UNIT_OF_MEASURE"}]}
RESULT: {"script":"<script> [1562 bytes]","args":[{"selector":{"id":"application-manageresources-display-component---newResourceUnit--BASE_UNIT_OF_MEASURE","interaction":{"idSuffix":"inner"}},"wdio_ui5_key":"applicationmanageresources-display-component---newResourceUnit--BASE_UNIT_OF_MEASURE"}]}
RESULT: undefined
COMMAND: POST /session/e17b2d300284dfd621e67fe570e9cb9c/execute/async - {"script":"<script> [776 bytes]","args":[{"enterText":"Piece","selector":{"id":"application-manageresources-display-component---newResourceUnit--BASE_UNIT_OF_MEASURE","interaction":{"idSuffix":"inner"}},"clearTextFirst":true,"interactionType":"ENTER_TEXT"}]}
RESULT: {"script":"<script> [776 bytes]","args":[{"enterText":"Piece","selector":{"id":"application-manageresources-display-component---newResourceUnit--BASE_UNIT_OF_MEASURE","interaction":{"idSuffix":"inner"}},"clearTextFirst":true,"interactionType":"ENTER_TEXT"}]}
COMMAND: POST /session/e17b2d300284dfd621e67fe570e9cb9c/execute/async - {"script":"<script> [1562 bytes]","args":[{"selector":{"id":"application-manageresources-display-component---newResourceUnit--newRRUPage-OPHeaderContent-collapseBtn-img"},"wdio_ui5_key":"applicationmanageresources-display-component---newResourceUnit--newRRUPage-OPHeaderContent-collapseBtn-img"}]}
RESULT: {"script":"<script> [1562 bytes]","args":[{"selector":{"id":"application-manageresources-display-component---newResourceUnit--newRRUPage-OPHeaderContent-collapseBtn-img"},"wdio_ui5_key":"applicationmanageresources-display-component---newResourceUnit--newRRUPage-OPHeaderContent-collapseBtn-img"}]}
RESULT: undefined
COMMAND: POST /session/e17b2d300284dfd621e67fe570e9cb9c/element - {"using":"xpath","value":"//*[@id=\"application-manageresources-display-component---newResourceUnit--newRRUPage-OPHeaderContent-collapseBtn-img\"]"}
RESULT: {"using":"xpath","value":"//*[@id=\"application-manageresources-display-component---newResourceUnit--newRRUPage-OPHeaderContent-collapseBtn-img\"]"}
COMMAND: POST /session/e17b2d300284dfd621e67fe570e9cb9c/element/f.3EE29FDE339C3D4269C60DE74BD8FBA1.d.83C32F059DD041473F0307DB2A2DF34C.e.1569/click - {}
RESULT: {}
COMMAND: GET /session/e17b2d300284dfd621e67fe570e9cb9c/screenshot - {}
RESULT: {}
COMMAND: POST /session/e17b2d300284dfd621e67fe570e9cb9c/execute/async - {"script":"<script> [1562 bytes]","args":[{"selector":{"id":"application-manageresources-display-component---newResourceUnit--newRRUPage-anchBar-application-manageresources-display-component---newResourceUnit--control-anchor","interaction":{"idSuffix":"BDI-content"}},"wdio_ui5_key":"applicationmanageresources-display-component---newResourceUnit--newRRUPage-anchBar-application-manageresources-display-component---newResourceUnit--control-anchor"}]}
RESULT: {"script":"<script> [1562 bytes]","args":[{"selector":{"id":"application-manageresources-display-component---newResourceUnit--newRRUPage-anchBar-application-manageresources-display-component---newResourceUnit--control-anchor","interaction":{"idSuffix":"BDI-content"}},"wdio_ui5_key":"applicationmanageresources-display-component---newResourceUnit--newRRUPage-anchBar-application-manageresources-display-component---newResourceUnit--control-anchor"}]}
RESULT: undefined
COMMAND: POST /session/e17b2d300284dfd621e67fe570e9cb9c/element - {"using":"xpath","value":"//*[@id=\"application-manageresources-display-component---newResourceUnit--newRRUPage-anchBar-application-manageresources-display-component---newResourceUnit--control-anchor\"]"}
RESULT: {"using":"xpath","value":"//*[@id=\"application-manageresources-display-component---newResourceUnit--newRRUPage-anchBar-application-manageresources-display-component---newResourceUnit--control-anchor\"]"}
COMMAND: POST /session/e17b2d300284dfd621e67fe570e9cb9c/element/f.3EE29FDE339C3D4269C60DE74BD8FBA1.d.83C32F059DD041473F0307DB2A2DF34C.e.1680/click - {}
RESULT: {}
COMMAND: POST /session/e17b2d300284dfd621e67fe570e9cb9c/execute/async - {"script":"<script> [1562 bytes]","args":[{"selector":{"id":"application-manageresources-display-component---newResourceUnit--PLANNING_GROUP","interaction":{"idSuffix":"inner"}},"wdio_ui5_key":"applicationmanageresources-display-component---newResourceUnit--PLANNING_GROUP"}]}
COMMAND: GET /session/e17b2d300284dfd621e67fe570e9cb9c/screenshot - {}
RESULT: {"script":"<script> [1562 bytes]","args":[{"selector":{"id":"application-manageresources-display-component---newResourceUnit--PLANNING_GROUP","interaction":{"idSuffix":"inner"}},"wdio_ui5_key":"applicationmanageresources-display-component---newResourceUnit--PLANNING_GROUP"}]}
RESULT: undefined
COMMAND: POST /session/e17b2d300284dfd621e67fe570e9cb9c/execute/async - {"script":"<script> [776 bytes]","args":[{"enterText":"Heavy Equi","selector":{"id":"application-manageresources-display-component---newResourceUnit--PLANNING_GROUP","interaction":{"idSuffix":"inner"}},"clearTextFirst":true,"interactionType":"ENTER_TEXT"}]}
RESULT: {}
RESULT: {"script":"<script> [776 bytes]","args":[{"enterText":"Heavy Equi","selector":{"id":"application-manageresources-display-component---newResourceUnit--PLANNING_GROUP","interaction":{"idSuffix":"inner"}},"clearTextFirst":true,"interactionType":"ENTER_TEXT"}]}
COMMAND: POST /session/e17b2d300284dfd621e67fe570e9cb9c/element - {"using":"xpath","value":"//bdi[contains(text(), \"Time Segment\")]"}
RESULT: {"using":"xpath","value":"//bdi[contains(text(), \"Time Segment\")]"}
COMMAND: GET /session/e17b2d300284dfd621e67fe570e9cb9c/element/f.3EE29FDE339C3D4269C60DE74BD8FBA1.d.83C32F059DD041473F0307DB2A2DF34C.e.1687/rect - {}
RESULT: {}
COMMAND: GET /session/e17b2d300284dfd621e67fe570e9cb9c/window/rect - {}
RESULT: {}
COMMAND: POST /session/e17b2d300284dfd621e67fe570e9cb9c/execute/sync - {"script":"<script> [92 bytes]","args":[]}
RESULT: {"script":"<script> [92 bytes]","args":[]}
COMMAND: POST /session/e17b2d300284dfd621e67fe570e9cb9c/actions - {"actions":[{"id":"action3","type":"wheel","parameters":{},"actions":[{"type":"scroll","x":-1820,"y":-21,"deltaX":0,"deltaY":0,"duration":0,"origin":{"element-6066-11e4-a52e-4f735466cecf":"f.3EE29FDE339C3D4269C60DE74BD8FBA1.d.83C32F059DD041473F0307DB2A2DF34C.e.1687"}}]}]}
COMMAND: GET /session/e17b2d300284dfd621e67fe570e9cb9c/screenshot - {}
RESULT: {}
COMMAND: POST /session/e17b2d300284dfd621e67fe570e9cb9c/execute/sync - {"script":"<script> [79 bytes]","args":[{"element-6066-11e4-a52e-4f735466cecf":"f.3EE29FDE339C3D4269C60DE74BD8FBA1.d.83C32F059DD041473F0307DB2A2DF34C.e.1687","ELEMENT":"f.3EE29FDE339C3D4269C60DE74BD8FBA1.d.83C32F059DD041473F0307DB2A2DF34C.e.1687"},{"block":"start","inline":"nearest"}]}
RESULT: {"script":"<script> [79 bytes]","args":[{"element-6066-11e4-a52e-4f735466cecf":"f.3EE29FDE339C3D4269C60DE74BD8FBA1.d.83C32F059DD041473F0307DB2A2DF34C.e.1687","ELEMENT":"f.3EE29FDE339C3D4269C60DE74BD8FBA1.d.83C32F059DD041473F0307DB2A2DF34C.e.1687"},{"block":"start","inline":"nearest"}]}
COMMAND: GET /session/e17b2d300284dfd621e67fe570e9cb9c/screenshot - {}
RESULT: {}
COMMAND: POST /session/e17b2d300284dfd621e67fe570e9cb9c/execute/async - {"script":"<script> [1562 bytes]","args":[{"selector":{"id":"application-manageresources-display-component---newResourceUnit--btnAddTimeSegment-img"},"wdio_ui5_key":"applicationmanageresources-display-component---newResourceUnit--btnAddTimeSegment-img"}]}
RESULT: {"script":"<script> [1562 bytes]","args":[{"selector":{"id":"application-manageresources-display-component---newResourceUnit--btnAddTimeSegment-img"},"wdio_ui5_key":"applicationmanageresources-display-component---newResourceUnit--btnAddTimeSegment-img"}]}
RESULT: undefined
COMMAND: POST /session/e17b2d300284dfd621e67fe570e9cb9c/element - {"using":"xpath","value":"//*[@id=\"application-manageresources-display-component---newResourceUnit--btnAddTimeSegment-img\"]"}
RESULT: {"using":"xpath","value":"//*[@id=\"application-manageresources-display-component---newResourceUnit--btnAddTimeSegment-img\"]"}
COMMAND: POST /session/e17b2d300284dfd621e67fe570e9cb9c/element/f.3EE29FDE339C3D4269C60DE74BD8FBA1.d.83C32F059DD041473F0307DB2A2DF34C.e.1690/click - {}
RESULT: {}
COMMAND: GET /session/e17b2d300284dfd621e67fe570e9cb9c/screenshot - {}
RESULT: {}
COMMAND: POST /session/e17b2d300284dfd621e67fe570e9cb9c/element - {"using":"xpath","value":"//input[@id=\"application-manageresources-display-component---newResourceUnit--idRuTSAdmin-application-manageresources-display-component---newResourceUnit--RUTimeSegment-0-inner\"]"}
RESULT: {"using":"xpath","value":"//input[@id=\"application-manageresources-display-component---newResourceUnit--idRuTSAdmin-application-manageresources-display-component---newResourceUnit--RUTimeSegment-0-inner\"]"}
COMMAND: POST /session/e17b2d300284dfd621e67fe570e9cb9c/element/f.3EE29FDE339C3D4269C60DE74BD8FBA1.d.83C32F059DD041473F0307DB2A2DF34C.e.1693/clear - {}
RESULT: {}
COMMAND: POST /session/e17b2d300284dfd621e67fe570e9cb9c/element/f.3EE29FDE339C3D4269C60DE74BD8FBA1.d.83C32F059DD041473F0307DB2A2DF34C.e.1693/value - {"text":"WebdriverYardbo7m"}
COMMAND: GET /session/e17b2d300284dfd621e67fe570e9cb9c/screenshot - {}
RESULT: {"text":"WebdriverYardbo7m"}
COMMAND: GET /session/e17b2d300284dfd621e67fe570e9cb9c/screenshot - {}
RESULT: {}
RESULT: {}
COMMAND: POST /session/e17b2d300284dfd621e67fe570e9cb9c/actions - {"actions":[{"id":"action4","type":"key","parameters":{},"actions":[{"type":"keyDown","value":""},{"type":"pause","duration":10},{"type":"keyUp","value":""}]}]}
RESULT: {"actions":[{"id":"action4","type":"key","parameters":{},"actions":[{"type":"keyDown","value":""},{"type":"pause","duration":10},{"type":"keyUp","value":""}]}]}
COMMAND: GET /session/e17b2d300284dfd621e67fe570e9cb9c/screenshot - {}
RESULT: {}
COMMAND: POST /session/e17b2d300284dfd621e67fe570e9cb9c/execute/async - {"script":"<script> [1562 bytes]","args":[{"selector":{"controlType":"sap.m.Button","viewName":"reusables.view.manageresources.NewResourceUnit","viewId":"application-manageresources-display-component---newResourceUnit","i18NText":{"propertyName":"tooltip","key":"save"},"interaction":{"idSuffix":"BDI-content"}},"wdio_ui5_key":"reusablesview.manageresources.NewResourceUnitsap.m.Button{\"propertyName\":\"tooltip\",\"key\":\"save\"}"}]}
RESULT: {"script":"<script> [1562 bytes]","args":[{"selector":{"controlType":"sap.m.Button","viewName":"reusables.view.manageresources.NewResourceUnit","viewId":"application-manageresources-display-component---newResourceUnit","i18NText":{"propertyName":"tooltip","key":"save"},"interaction":{"idSuffix":"BDI-content"}},"wdio_ui5_key":"reusablesview.manageresources.NewResourceUnitsap.m.Button{\"propertyName\":\"tooltip\",\"key\":\"save\"}"}]}
RESULT: undefined
COMMAND: POST /session/e17b2d300284dfd621e67fe570e9cb9c/element - {"using":"xpath","value":"//*[@id=\"application-manageresources-display-component---newResourceUnit--createRuButton\"]"}
RESULT: {"using":"xpath","value":"//*[@id=\"application-manageresources-display-component---newResourceUnit--createRuButton\"]"}
COMMAND: POST /session/e17b2d300284dfd621e67fe570e9cb9c/element/f.3EE29FDE339C3D4269C60DE74BD8FBA1.d.83C32F059DD041473F0307DB2A2DF34C.e.1575/click - {}
RESULT: {}
COMMAND: GET /session/e17b2d300284dfd621e67fe570e9cb9c/screenshot - {}
RESULT: {}
COMMAND: POST /session/e17b2d300284dfd621e67fe570e9cb9c/execute/async - {"script":"<script> [1562 bytes]","args":[{"selector":{"controlType":"sap.m.Button","properties":{"text":"Close"},"searchOpenDialogs":true,"interaction":{"idSuffix":"inner"}},"wdio_ui5_key":"sapm.Button{\"text\":\"Close\"}"}]}
RESULT: {"script":"<script> [1562 bytes]","args":[{"selector":{"controlType":"sap.m.Button","properties":{"text":"Close"},"searchOpenDialogs":true,"interaction":{"idSuffix":"inner"}},"wdio_ui5_key":"sapm.Button{\"text\":\"Close\"}"}]}
RESULT: undefined
COMMAND: POST /session/e17b2d300284dfd621e67fe570e9cb9c/element - {"using":"xpath","value":"//*[@id=\"__mbox-btn-0\"]"}
RESULT: {"using":"xpath","value":"//*[@id=\"__mbox-btn-0\"]"}
COMMAND: POST /session/e17b2d300284dfd621e67fe570e9cb9c/element/f.3EE29FDE339C3D4269C60DE74BD8FBA1.d.83C32F059DD041473F0307DB2A2DF34C.e.1699/click - {}
RESULT: {}
COMMAND: GET /session/e17b2d300284dfd621e67fe570e9cb9c/screenshot - {}
RESULT: {}
COMMAND: POST /session/e17b2d300284dfd621e67fe570e9cb9c/element - {"using":"css selector","value":"#shell-header-logo"}
RESULT: {"using":"css selector","value":"#shell-header-logo"}
COMMAND: POST /session/e17b2d300284dfd621e67fe570e9cb9c/element/f.3EE29FDE339C3D4269C60DE74BD8FBA1.d.83C32F059DD041473F0307DB2A2DF34C.e.1185/click - {}
RESULT: {}
COMMAND: GET /session/e17b2d300284dfd621e67fe570e9cb9c/screenshot - {}
RESULT: {}
]]></system-out>
    </testcase>
    <testcase classname="chrome.136_0_7103_93.windows.Related_resources_for_groups_US139107" name="Should create first equipment and add it to the group" time="116.363">
      <system-out><![CDATA[
RESULT: undefined
COMMAND: POST /session/e17b2d300284dfd621e67fe570e9cb9c/element - {"using":"xpath","value":"//*[@id=\"__tile39\"]"}
RESULT: {"using":"xpath","value":"//*[@id=\"__tile39\"]"}
COMMAND: POST /session/e17b2d300284dfd621e67fe570e9cb9c/element/f.3EE29FDE339C3D4269C60DE74BD8FBA1.d.83C32F059DD041473F0307DB2A2DF34C.e.1182/click - {}
RESULT: {}
COMMAND: GET /session/e17b2d300284dfd621e67fe570e9cb9c/screenshot - {}
RESULT: {}
COMMAND: POST /session/e17b2d300284dfd621e67fe570e9cb9c/elements - {"using":"xpath","value":"//span[text()='Error']"}
RESULT: {"using":"xpath","value":"//span[text()='Error']"}
COMMAND: POST /session/e17b2d300284dfd621e67fe570e9cb9c/element - {"using":"xpath","value":"//button[@data-kt=\"addNewRUOverflowToolbarButton\"]"}
RESULT: {"using":"xpath","value":"//button[@data-kt=\"addNewRUOverflowToolbarButton\"]"}
COMMAND: POST /session/e17b2d300284dfd621e67fe570e9cb9c/execute/sync - {"script":"<script> [8489 bytes]","args":[{"element-6066-11e4-a52e-4f735466cecf":"f.3EE29FDE339C3D4269C60DE74BD8FBA1.d.83C32F059DD041473F0307DB2A2DF34C.e.1771","ELEMENT":"f.3EE29FDE339C3D4269C60DE74BD8FBA1.d.83C32F059DD041473F0307DB2A2DF34C.e.1771"}]}
RESULT: {"script":"<script> [8489 bytes]","args":[{"element-6066-11e4-a52e-4f735466cecf":"f.3EE29FDE339C3D4269C60DE74BD8FBA1.d.83C32F059DD041473F0307DB2A2DF34C.e.1771","ELEMENT":"f.3EE29FDE339C3D4269C60DE74BD8FBA1.d.83C32F059DD041473F0307DB2A2DF34C.e.1771"}]}
COMMAND: POST /session/e17b2d300284dfd621e67fe570e9cb9c/element/f.3EE29FDE339C3D4269C60DE74BD8FBA1.d.83C32F059DD041473F0307DB2A2DF34C.e.1771/click - {}
COMMAND: GET /session/e17b2d300284dfd621e67fe570e9cb9c/screenshot - {}
RESULT: {}
COMMAND: GET /session/e17b2d300284dfd621e67fe570e9cb9c/screenshot - {}
RESULT: {}
RESULT: {}
RESULT: undefined
COMMAND: POST /session/e17b2d300284dfd621e67fe570e9cb9c/element - {"using":"xpath","value":"//*[@id=\"application-manageresources-display-component---newResourceUnit--TYPE-arrow\"]"}
RESULT: {"using":"xpath","value":"//*[@id=\"application-manageresources-display-component---newResourceUnit--TYPE-arrow\"]"}
COMMAND: POST /session/e17b2d300284dfd621e67fe570e9cb9c/element/f.3EE29FDE339C3D4269C60DE74BD8FBA1.d.83C32F059DD041473F0307DB2A2DF34C.e.2096/click - {}
RESULT: {}
COMMAND: POST /session/e17b2d300284dfd621e67fe570e9cb9c/execute/async - {"script":"<script> [1562 bytes]","args":[{"selector":{"controlType":"sap.m.StandardListItem","viewName":"reusables.view.manageresources.NewResourceUnit","viewId":"application-manageresources-display-component---newResourceUnit","properties":{"title":"Equipment"},"searchOpenDialogs":true,"interaction":{"idSuffix":"content"}},"wdio_ui5_key":"reusablesview.manageresources.NewResourceUnitsap.m.StandardListItem{\"title\":\"Equipment\"}"}]}
COMMAND: GET /session/e17b2d300284dfd621e67fe570e9cb9c/screenshot - {}
RESULT: {"script":"<script> [1562 bytes]","args":[{"selector":{"controlType":"sap.m.StandardListItem","viewName":"reusables.view.manageresources.NewResourceUnit","viewId":"application-manageresources-display-component---newResourceUnit","properties":{"title":"Equipment"},"searchOpenDialogs":true,"interaction":{"idSuffix":"content"}},"wdio_ui5_key":"reusablesview.manageresources.NewResourceUnitsap.m.StandardListItem{\"title\":\"Equipment\"}"}]}
RESULT: undefined
COMMAND: POST /session/e17b2d300284dfd621e67fe570e9cb9c/element - {"using":"xpath","value":"//*[@id=\"__item604\"]"}
RESULT: {}
RESULT: {"using":"xpath","value":"//*[@id=\"__item604\"]"}
COMMAND: POST /session/e17b2d300284dfd621e67fe570e9cb9c/element/f.3EE29FDE339C3D4269C60DE74BD8FBA1.d.83C32F059DD041473F0307DB2A2DF34C.e.2102/click - {}
RESULT: {}
COMMAND: GET /session/e17b2d300284dfd621e67fe570e9cb9c/screenshot - {}
RESULT: {}
COMMAND: POST /session/e17b2d300284dfd621e67fe570e9cb9c/execute/async - {"script":"<script> [1562 bytes]","args":[{"selector":{"id":"application-manageresources-display-component---newResourceUnit--resourceId","interaction":{"idSuffix":"inner"}},"wdio_ui5_key":"applicationmanageresources-display-component---newResourceUnit--resourceId"}]}
RESULT: {"script":"<script> [1562 bytes]","args":[{"selector":{"id":"application-manageresources-display-component---newResourceUnit--resourceId","interaction":{"idSuffix":"inner"}},"wdio_ui5_key":"applicationmanageresources-display-component---newResourceUnit--resourceId"}]}
RESULT: undefined
COMMAND: POST /session/e17b2d300284dfd621e67fe570e9cb9c/execute/async - {"script":"<script> [776 bytes]","args":[{"enterText":"WdIORUEquip1i3vfe","selector":{"id":"application-manageresources-display-component---newResourceUnit--resourceId","interaction":{"idSuffix":"inner"}},"clearTextFirst":true,"interactionType":"ENTER_TEXT"}]}
RESULT: {"script":"<script> [776 bytes]","args":[{"enterText":"WdIORUEquip1i3vfe","selector":{"id":"application-manageresources-display-component---newResourceUnit--resourceId","interaction":{"idSuffix":"inner"}},"clearTextFirst":true,"interactionType":"ENTER_TEXT"}]}
RESULT: undefined
COMMAND: POST /session/e17b2d300284dfd621e67fe570e9cb9c/execute/async - {"script":"<script> [776 bytes]","args":[{"enterText":"WdIORUEquip1i3vfe","selector":{"id":"application-manageresources-display-component---newResourceUnit--SHORT_TEXT","interaction":{"idSuffix":"inner"}},"clearTextFirst":true,"interactionType":"ENTER_TEXT"}]}
RESULT: {"script":"<script> [776 bytes]","args":[{"enterText":"WdIORUEquip1i3vfe","selector":{"id":"application-manageresources-display-component---newResourceUnit--SHORT_TEXT","interaction":{"idSuffix":"inner"}},"clearTextFirst":true,"interactionType":"ENTER_TEXT"}]}
RESULT: undefined
COMMAND: POST /session/e17b2d300284dfd621e67fe570e9cb9c/execute/async - {"script":"<script> [776 bytes]","args":[{"enterText":"Piece","selector":{"id":"application-manageresources-display-component---newResourceUnit--BASE_UNIT_OF_MEASURE","interaction":{"idSuffix":"inner"}},"clearTextFirst":true,"interactionType":"ENTER_TEXT"}]}
RESULT: {"script":"<script> [776 bytes]","args":[{"enterText":"Piece","selector":{"id":"application-manageresources-display-component---newResourceUnit--BASE_UNIT_OF_MEASURE","interaction":{"idSuffix":"inner"}},"clearTextFirst":true,"interactionType":"ENTER_TEXT"}]}
COMMAND: POST /session/e17b2d300284dfd621e67fe570e9cb9c/element - {"using":"xpath","value":"//input[contains(@id ,\"application-manageresources-display-component---newResourceUnit--HIGHER_LEVEL_RESOURCE-inner\")]"}
RESULT: {"using":"xpath","value":"//input[contains(@id ,\"application-manageresources-display-component---newResourceUnit--HIGHER_LEVEL_RESOURCE-inner\")]"}
COMMAND: POST /session/e17b2d300284dfd621e67fe570e9cb9c/element/f.3EE29FDE339C3D4269C60DE74BD8FBA1.d.83C32F059DD041473F0307DB2A2DF34C.e.2124/value - {"text":"WdIORUGroupv5idg"}
RESULT: {"text":"WdIORUGroupv5idg"}
COMMAND: GET /session/e17b2d300284dfd621e67fe570e9cb9c/screenshot - {}
RESULT: {}
COMMAND: POST /session/e17b2d300284dfd621e67fe570e9cb9c/actions - {"actions":[{"id":"action5","type":"key","parameters":{},"actions":[{"type":"keyDown","value":""},{"type":"pause","duration":10},{"type":"keyUp","value":""}]}]}
RESULT: {"actions":[{"id":"action5","type":"key","parameters":{},"actions":[{"type":"keyDown","value":""},{"type":"pause","duration":10},{"type":"keyUp","value":""}]}]}
COMMAND: POST /session/e17b2d300284dfd621e67fe570e9cb9c/execute/async - {"script":"<script> [1562 bytes]","args":[{"selector":{"id":"application-manageresources-display-component---newResourceUnit--WEIGHT_UNIT","interaction":{"idSuffix":"inner"}},"wdio_ui5_key":"applicationmanageresources-display-component---newResourceUnit--WEIGHT_UNIT"}]}
COMMAND: GET /session/e17b2d300284dfd621e67fe570e9cb9c/screenshot - {}
RESULT: {"script":"<script> [1562 bytes]","args":[{"selector":{"id":"application-manageresources-display-component---newResourceUnit--WEIGHT_UNIT","interaction":{"idSuffix":"inner"}},"wdio_ui5_key":"applicationmanageresources-display-component---newResourceUnit--WEIGHT_UNIT"}]}
RESULT: undefined
COMMAND: POST /session/e17b2d300284dfd621e67fe570e9cb9c/execute/async - {"script":"<script> [776 bytes]","args":[{"enterText":"Gram","selector":{"id":"application-manageresources-display-component---newResourceUnit--WEIGHT_UNIT","interaction":{"idSuffix":"inner"}},"clearTextFirst":true,"interactionType":"ENTER_TEXT"}]}
RESULT: {}
RESULT: {"script":"<script> [776 bytes]","args":[{"enterText":"Gram","selector":{"id":"application-manageresources-display-component---newResourceUnit--WEIGHT_UNIT","interaction":{"idSuffix":"inner"}},"clearTextFirst":true,"interactionType":"ENTER_TEXT"}]}
RESULT: undefined
COMMAND: POST /session/e17b2d300284dfd621e67fe570e9cb9c/element - {"using":"xpath","value":"//*[@id=\"application-manageresources-display-component---newResourceUnit--newRRUPage-OPHeaderContent-collapseBtn-img\"]"}
RESULT: {"using":"xpath","value":"//*[@id=\"application-manageresources-display-component---newResourceUnit--newRRUPage-OPHeaderContent-collapseBtn-img\"]"}
COMMAND: POST /session/e17b2d300284dfd621e67fe570e9cb9c/element/f.3EE29FDE339C3D4269C60DE74BD8FBA1.d.83C32F059DD041473F0307DB2A2DF34C.e.2109/click - {}
RESULT: {}
COMMAND: GET /session/e17b2d300284dfd621e67fe570e9cb9c/screenshot - {}
RESULT: {}
COMMAND: POST /session/e17b2d300284dfd621e67fe570e9cb9c/element - {"using":"xpath","value":"(//span[contains(@id ,\"application-manageresources-display-component---newResourceUnit--DIMENSION_UNIT-arrow\")])[1]"}
RESULT: {"using":"xpath","value":"(//span[contains(@id ,\"application-manageresources-display-component---newResourceUnit--DIMENSION_UNIT-arrow\")])[1]"}
COMMAND: POST /session/e17b2d300284dfd621e67fe570e9cb9c/element/f.3EE29FDE339C3D4269C60DE74BD8FBA1.d.83C32F059DD041473F0307DB2A2DF34C.e.2259/click - {}
RESULT: {}
COMMAND: GET /session/e17b2d300284dfd621e67fe570e9cb9c/screenshot - {}
RESULT: {}
COMMAND: POST /session/e17b2d300284dfd621e67fe570e9cb9c/execute/async - {"script":"<script> [1562 bytes]","args":[{"selector":{"controlType":"sap.m.StandardListItem","viewName":"reusables.view.manageresources.NewResourceUnit","viewId":"application-manageresources-display-component---newResourceUnit","properties":{"title":"Centimeter"},"searchOpenDialogs":true,"interaction":{"idSuffix":"titleText"}},"wdio_ui5_key":"reusablesview.manageresources.NewResourceUnitsap.m.StandardListItem{\"title\":\"Centimeter\"}"}]}
RESULT: {"script":"<script> [1562 bytes]","args":[{"selector":{"controlType":"sap.m.StandardListItem","viewName":"reusables.view.manageresources.NewResourceUnit","viewId":"application-manageresources-display-component---newResourceUnit","properties":{"title":"Centimeter"},"searchOpenDialogs":true,"interaction":{"idSuffix":"titleText"}},"wdio_ui5_key":"reusablesview.manageresources.NewResourceUnitsap.m.StandardListItem{\"title\":\"Centimeter\"}"}]}
RESULT: undefined
COMMAND: POST /session/e17b2d300284dfd621e67fe570e9cb9c/element - {"using":"xpath","value":"//*[@id=\"__item689\"]"}
RESULT: {"using":"xpath","value":"//*[@id=\"__item689\"]"}
COMMAND: POST /session/e17b2d300284dfd621e67fe570e9cb9c/element/f.3EE29FDE339C3D4269C60DE74BD8FBA1.d.83C32F059DD041473F0307DB2A2DF34C.e.2261/click - {}
RESULT: {}
COMMAND: GET /session/e17b2d300284dfd621e67fe570e9cb9c/screenshot - {}
RESULT: {}
RESULT: undefined
COMMAND: POST /session/e17b2d300284dfd621e67fe570e9cb9c/element - {"using":"xpath","value":"//*[@id=\"application-manageresources-display-component---newResourceUnit--newRRUPage-anchBar-application-manageresources-display-component---newResourceUnit--control-anchor\"]"}
RESULT: {"using":"xpath","value":"//*[@id=\"application-manageresources-display-component---newResourceUnit--newRRUPage-anchBar-application-manageresources-display-component---newResourceUnit--control-anchor\"]"}
COMMAND: POST /session/e17b2d300284dfd621e67fe570e9cb9c/element/f.3EE29FDE339C3D4269C60DE74BD8FBA1.d.83C32F059DD041473F0307DB2A2DF34C.e.2262/click - {}
RESULT: {}
RESULT: undefined
COMMAND: POST /session/e17b2d300284dfd621e67fe570e9cb9c/execute/async - {"script":"<script> [776 bytes]","args":[{"enterText":"Heavy Equi","selector":{"id":"application-manageresources-display-component---newResourceUnit--PLANNING_GROUP","interaction":{"idSuffix":"inner"}},"clearTextFirst":true,"interactionType":"ENTER_TEXT"}]}
COMMAND: GET /session/e17b2d300284dfd621e67fe570e9cb9c/screenshot - {}
RESULT: {"script":"<script> [776 bytes]","args":[{"enterText":"Heavy Equi","selector":{"id":"application-manageresources-display-component---newResourceUnit--PLANNING_GROUP","interaction":{"idSuffix":"inner"}},"clearTextFirst":true,"interactionType":"ENTER_TEXT"}]}
RESULT: {}
COMMAND: POST /session/e17b2d300284dfd621e67fe570e9cb9c/execute/async - {"script":"<script> [1562 bytes]","args":[{"selector":{"id":"application-manageresources-display-component---newResourceUnit--ITEM_TYPE-arrow"},"wdio_ui5_key":"applicationmanageresources-display-component---newResourceUnit--ITEM_TYPE-arrow"}]}
RESULT: {"script":"<script> [1562 bytes]","args":[{"selector":{"id":"application-manageresources-display-component---newResourceUnit--ITEM_TYPE-arrow"},"wdio_ui5_key":"applicationmanageresources-display-component---newResourceUnit--ITEM_TYPE-arrow"}]}
RESULT: undefined
COMMAND: POST /session/e17b2d300284dfd621e67fe570e9cb9c/element - {"using":"xpath","value":"//*[@id=\"application-manageresources-display-component---newResourceUnit--ITEM_TYPE-arrow\"]"}
RESULT: {"using":"xpath","value":"//*[@id=\"application-manageresources-display-component---newResourceUnit--ITEM_TYPE-arrow\"]"}
COMMAND: POST /session/e17b2d300284dfd621e67fe570e9cb9c/element/f.3EE29FDE339C3D4269C60DE74BD8FBA1.d.83C32F059DD041473F0307DB2A2DF34C.e.2268/click - {}
RESULT: {}
COMMAND: POST /session/e17b2d300284dfd621e67fe570e9cb9c/execute/async - {"script":"<script> [1562 bytes]","args":[{"selector":{"controlType":"sap.m.StandardListItem","viewName":"reusables.view.manageresources.NewResourceUnit","viewId":"application-manageresources-display-component---newResourceUnit","properties":{"title":"Resource Unit"},"searchOpenDialogs":true,"interaction":{"idSuffix":"titleText"}},"wdio_ui5_key":"reusablesview.manageresources.NewResourceUnitsap.m.StandardListItem{\"title\":\"Resource Unit\"}"}]}
COMMAND: GET /session/e17b2d300284dfd621e67fe570e9cb9c/screenshot - {}
RESULT: {"script":"<script> [1562 bytes]","args":[{"selector":{"controlType":"sap.m.StandardListItem","viewName":"reusables.view.manageresources.NewResourceUnit","viewId":"application-manageresources-display-component---newResourceUnit","properties":{"title":"Resource Unit"},"searchOpenDialogs":true,"interaction":{"idSuffix":"titleText"}},"wdio_ui5_key":"reusablesview.manageresources.NewResourceUnitsap.m.StandardListItem{\"title\":\"Resource Unit\"}"}]}
RESULT: undefined
COMMAND: POST /session/e17b2d300284dfd621e67fe570e9cb9c/element - {"using":"xpath","value":"//*[@id=\"__item711\"]"}
RESULT: {}
RESULT: {"using":"xpath","value":"//*[@id=\"__item711\"]"}
COMMAND: POST /session/e17b2d300284dfd621e67fe570e9cb9c/element/f.3EE29FDE339C3D4269C60DE74BD8FBA1.d.83C32F059DD041473F0307DB2A2DF34C.e.2270/click - {}
RESULT: {}
COMMAND: POST /session/e17b2d300284dfd621e67fe570e9cb9c/element - {"using":"xpath","value":"//bdi[contains(text(), \"Time Segment\")]"}
COMMAND: GET /session/e17b2d300284dfd621e67fe570e9cb9c/screenshot - {}
RESULT: {"using":"xpath","value":"//bdi[contains(text(), \"Time Segment\")]"}
COMMAND: GET /session/e17b2d300284dfd621e67fe570e9cb9c/element/f.3EE29FDE339C3D4269C60DE74BD8FBA1.d.83C32F059DD041473F0307DB2A2DF34C.e.2277/rect - {}
RESULT: {}
RESULT: {}
COMMAND: GET /session/e17b2d300284dfd621e67fe570e9cb9c/window/rect - {}
RESULT: {}
COMMAND: POST /session/e17b2d300284dfd621e67fe570e9cb9c/execute/sync - {"script":"<script> [92 bytes]","args":[]}
RESULT: {"script":"<script> [92 bytes]","args":[]}
COMMAND: POST /session/e17b2d300284dfd621e67fe570e9cb9c/actions - {"actions":[{"id":"action6","type":"wheel","parameters":{},"actions":[{"type":"scroll","x":-1820,"y":-21,"deltaX":0,"deltaY":0,"duration":0,"origin":{"element-6066-11e4-a52e-4f735466cecf":"f.3EE29FDE339C3D4269C60DE74BD8FBA1.d.83C32F059DD041473F0307DB2A2DF34C.e.2277"}}]}]}
COMMAND: GET /session/e17b2d300284dfd621e67fe570e9cb9c/screenshot - {}
RESULT: {}
COMMAND: POST /session/e17b2d300284dfd621e67fe570e9cb9c/execute/sync - {"script":"<script> [79 bytes]","args":[{"element-6066-11e4-a52e-4f735466cecf":"f.3EE29FDE339C3D4269C60DE74BD8FBA1.d.83C32F059DD041473F0307DB2A2DF34C.e.2277","ELEMENT":"f.3EE29FDE339C3D4269C60DE74BD8FBA1.d.83C32F059DD041473F0307DB2A2DF34C.e.2277"},{"block":"start","inline":"nearest"}]}
RESULT: {"script":"<script> [79 bytes]","args":[{"element-6066-11e4-a52e-4f735466cecf":"f.3EE29FDE339C3D4269C60DE74BD8FBA1.d.83C32F059DD041473F0307DB2A2DF34C.e.2277","ELEMENT":"f.3EE29FDE339C3D4269C60DE74BD8FBA1.d.83C32F059DD041473F0307DB2A2DF34C.e.2277"},{"block":"start","inline":"nearest"}]}
RESULT: undefined
COMMAND: POST /session/e17b2d300284dfd621e67fe570e9cb9c/element - {"using":"xpath","value":"//*[@id=\"application-manageresources-display-component---newResourceUnit--btnAddTimeSegment-img\"]"}
COMMAND: GET /session/e17b2d300284dfd621e67fe570e9cb9c/screenshot - {}
RESULT: {"using":"xpath","value":"//*[@id=\"application-manageresources-display-component---newResourceUnit--btnAddTimeSegment-img\"]"}
COMMAND: POST /session/e17b2d300284dfd621e67fe570e9cb9c/element/f.3EE29FDE339C3D4269C60DE74BD8FBA1.d.83C32F059DD041473F0307DB2A2DF34C.e.2278/click - {}
RESULT: {}
RESULT: {}
COMMAND: GET /session/e17b2d300284dfd621e67fe570e9cb9c/screenshot - {}
RESULT: {}
COMMAND: POST /session/e17b2d300284dfd621e67fe570e9cb9c/element - {"using":"xpath","value":"//input[@id=\"application-manageresources-display-component---newResourceUnit--idRuTSAdmin-application-manageresources-display-component---newResourceUnit--RUTimeSegment-0-inner\"]"}
RESULT: {"using":"xpath","value":"//input[@id=\"application-manageresources-display-component---newResourceUnit--idRuTSAdmin-application-manageresources-display-component---newResourceUnit--RUTimeSegment-0-inner\"]"}
COMMAND: POST /session/e17b2d300284dfd621e67fe570e9cb9c/element/f.3EE29FDE339C3D4269C60DE74BD8FBA1.d.83C32F059DD041473F0307DB2A2DF34C.e.2284/clear - {}
RESULT: {}
COMMAND: POST /session/e17b2d300284dfd621e67fe570e9cb9c/element/f.3EE29FDE339C3D4269C60DE74BD8FBA1.d.83C32F059DD041473F0307DB2A2DF34C.e.2284/value - {"text":"WebdriverYardbo7m"}
COMMAND: GET /session/e17b2d300284dfd621e67fe570e9cb9c/screenshot - {}
RESULT: {"text":"WebdriverYardbo7m"}
COMMAND: GET /session/e17b2d300284dfd621e67fe570e9cb9c/screenshot - {}
RESULT: {}
RESULT: {}
COMMAND: POST /session/e17b2d300284dfd621e67fe570e9cb9c/actions - {"actions":[{"id":"action7","type":"key","parameters":{},"actions":[{"type":"keyDown","value":""},{"type":"pause","duration":10},{"type":"keyUp","value":""}]}]}
RESULT: {"actions":[{"id":"action7","type":"key","parameters":{},"actions":[{"type":"keyDown","value":""},{"type":"pause","duration":10},{"type":"keyUp","value":""}]}]}
COMMAND: POST /session/e17b2d300284dfd621e67fe570e9cb9c/execute/async - {"script":"<script> [1562 bytes]","args":[{"selector":{"controlType":"sap.ui.core.Icon","viewName":"reusables.view.manageresources.NewResourceUnit","viewId":"application-manageresources-display-component---newResourceUnit","properties":{"src":{"regex":{"source":"slim\\-arrow\\-down"}}},"ancestor":{"controlType":"sap.m.ComboBox","viewName":"reusables.view.manageresources.NewResourceUnit","viewId":"application-manageresources-display-component---newResourceUnit","bindingPath":{"path":"/RESOURCE_UNIT_TIME_SEQUENCES/0","propertyPath":"COST_OBJECT_ADMIN_CST_TYPE","modelName":"oNewRruModel"}}},"wdio_ui5_key":"reusablesview.manageresources.NewResourceUnitsap.ui.core.Icon{\"src\":{\"regex\":{\"source\":\"slim\\\\-arrow\\\\-down\"}}}{\"controlType\":\"sap.m.ComboBox\",\"viewName\":\"reusables.view.manageresources.NewResourceUnit\",\"viewId\":\"application-manageresources-display-component---newResourceUnit\",\"bindingPath\":{\"path\":\"/RESOURCE_UNIT_TIME_SEQUENCES/0\",\"propertyPath\":\"COST_OBJECT_ADMIN_CST_TYPE\",\"modelName\":\"oNewRruModel\"}}"}]}
COMMAND: GET /session/e17b2d300284dfd621e67fe570e9cb9c/screenshot - {}
RESULT: {"script":"<script> [1562 bytes]","args":[{"selector":{"controlType":"sap.ui.core.Icon","viewName":"reusables.view.manageresources.NewResourceUnit","viewId":"application-manageresources-display-component---newResourceUnit","properties":{"src":{"regex":{"source":"slim\\-arrow\\-down"}}},"ancestor":{"controlType":"sap.m.ComboBox","viewName":"reusables.view.manageresources.NewResourceUnit","viewId":"application-manageresources-display-component---newResourceUnit","bindingPath":{"path":"/RESOURCE_UNIT_TIME_SEQUENCES/0","propertyPath":"COST_OBJECT_ADMIN_CST_TYPE","modelName":"oNewRruModel"}}},"wdio_ui5_key":"reusablesview.manageresources.NewResourceUnitsap.ui.core.Icon{\"src\":{\"regex\":{\"source\":\"slim\\\\-arrow\\\\-down\"}}}{\"controlType\":\"sap.m.ComboBox\",\"viewName\":\"reusables.view.manageresources.NewResourceUnit\",\"viewId\":\"application-manageresources-display-component---newResourceUnit\",\"bindingPath\":{\"path\":\"/RESOURCE_UNIT_TIME_SEQUENCES/0\",\"propertyPath\":\"COST_OBJECT_ADMIN_CST_TYPE\",\"modelName\":\"oNewRruModel\"}}"}]}
RESULT: undefined
COMMAND: POST /session/e17b2d300284dfd621e67fe570e9cb9c/element - {"using":"xpath","value":"//*[@id=\"__box10-application-manageresources-display-component---newResourceUnit--RUTimeSegment-0-arrow\"]"}
RESULT: {}
RESULT: {"using":"xpath","value":"//*[@id=\"__box10-application-manageresources-display-component---newResourceUnit--RUTimeSegment-0-arrow\"]"}
COMMAND: POST /session/e17b2d300284dfd621e67fe570e9cb9c/element/f.3EE29FDE339C3D4269C60DE74BD8FBA1.d.83C32F059DD041473F0307DB2A2DF34C.e.2294/click - {}
RESULT: {}
COMMAND: POST /session/e17b2d300284dfd621e67fe570e9cb9c/execute/async - {"script":"<script> [1562 bytes]","args":[{"selector":{"controlType":"sap.m.StandardListItem","viewName":"reusables.view.manageresources.NewResourceUnit","viewId":"application-manageresources-display-component---newResourceUnit","properties":{"title":"PM Order"},"searchOpenDialogs":true,"interaction":{"idSuffix":"titleText"}},"wdio_ui5_key":"reusablesview.manageresources.NewResourceUnitsap.m.StandardListItem{\"title\":\"PM Order\"}"}]}
COMMAND: GET /session/e17b2d300284dfd621e67fe570e9cb9c/screenshot - {}
RESULT: {"script":"<script> [1562 bytes]","args":[{"selector":{"controlType":"sap.m.StandardListItem","viewName":"reusables.view.manageresources.NewResourceUnit","viewId":"application-manageresources-display-component---newResourceUnit","properties":{"title":"PM Order"},"searchOpenDialogs":true,"interaction":{"idSuffix":"titleText"}},"wdio_ui5_key":"reusablesview.manageresources.NewResourceUnitsap.m.StandardListItem{\"title\":\"PM Order\"}"}]}
RESULT: undefined
COMMAND: POST /session/e17b2d300284dfd621e67fe570e9cb9c/element - {"using":"xpath","value":"//*[@id=\"__item952\"]"}
RESULT: {}
RESULT: {"using":"xpath","value":"//*[@id=\"__item952\"]"}
COMMAND: POST /session/e17b2d300284dfd621e67fe570e9cb9c/element/f.3EE29FDE339C3D4269C60DE74BD8FBA1.d.83C32F059DD041473F0307DB2A2DF34C.e.2298/click - {}
RESULT: {}
COMMAND: GET /session/e17b2d300284dfd621e67fe570e9cb9c/screenshot - {}
RESULT: {}
COMMAND: POST /session/e17b2d300284dfd621e67fe570e9cb9c/element - {"using":"xpath","value":"(//input[contains(@id ,\"-application-manageresources-display-component---newResourceUnit--RUTimeSegment-0-inner\")])[8]"}
RESULT: {"using":"xpath","value":"(//input[contains(@id ,\"-application-manageresources-display-component---newResourceUnit--RUTimeSegment-0-inner\")])[8]"}
COMMAND: POST /session/e17b2d300284dfd621e67fe570e9cb9c/element/f.3EE29FDE339C3D4269C60DE74BD8FBA1.d.83C32F059DD041473F0307DB2A2DF34C.e.2301/clear - {}
RESULT: {}
COMMAND: POST /session/e17b2d300284dfd621e67fe570e9cb9c/element/f.3EE29FDE339C3D4269C60DE74BD8FBA1.d.83C32F059DD041473F0307DB2A2DF34C.e.2301/value - {"text":"4000360"}
COMMAND: GET /session/e17b2d300284dfd621e67fe570e9cb9c/screenshot - {}
RESULT: {"text":"4000360"}
COMMAND: GET /session/e17b2d300284dfd621e67fe570e9cb9c/screenshot - {}
RESULT: {}
RESULT: {}
COMMAND: POST /session/e17b2d300284dfd621e67fe570e9cb9c/actions - {"actions":[{"id":"action8","type":"key","parameters":{},"actions":[{"type":"keyDown","value":""},{"type":"pause","duration":10},{"type":"keyUp","value":""}]}]}
RESULT: {"actions":[{"id":"action8","type":"key","parameters":{},"actions":[{"type":"keyDown","value":""},{"type":"pause","duration":10},{"type":"keyUp","value":""}]}]}
COMMAND: GET /session/e17b2d300284dfd621e67fe570e9cb9c/screenshot - {}
RESULT: {}
COMMAND: POST /session/e17b2d300284dfd621e67fe570e9cb9c/element - {"using":"xpath","value":"//input[contains(@id ,\"application-manageresources-display-component---newResourceUnit--newTimeSegmentFromDatePicker-application-manageresources-display-component---newResourceUnit--RUTimeSegment-0-inner\")]"}
RESULT: {"using":"xpath","value":"//input[contains(@id ,\"application-manageresources-display-component---newResourceUnit--newTimeSegmentFromDatePicker-application-manageresources-display-component---newResourceUnit--RUTimeSegment-0-inner\")]"}
COMMAND: POST /session/e17b2d300284dfd621e67fe570e9cb9c/element/f.3EE29FDE339C3D4269C60DE74BD8FBA1.d.83C32F059DD041473F0307DB2A2DF34C.e.2291/clear - {}
RESULT: {}
COMMAND: POST /session/e17b2d300284dfd621e67fe570e9cb9c/element/f.3EE29FDE339C3D4269C60DE74BD8FBA1.d.83C32F059DD041473F0307DB2A2DF34C.e.2291/clear - {}
COMMAND: GET /session/e17b2d300284dfd621e67fe570e9cb9c/screenshot - {}
RESULT: {}
COMMAND: POST /session/e17b2d300284dfd621e67fe570e9cb9c/element/f.3EE29FDE339C3D4269C60DE74BD8FBA1.d.83C32F059DD041473F0307DB2A2DF34C.e.2291/value - {"text":"06/26/24"}
COMMAND: GET /session/e17b2d300284dfd621e67fe570e9cb9c/screenshot - {}
RESULT: {}
RESULT: {"text":"06/26/24"}
COMMAND: POST /session/e17b2d300284dfd621e67fe570e9cb9c/execute/async - {"script":"<script> [1562 bytes]","args":[{"selector":{"id":"application-manageresources-display-component---newResourceUnit--newRRUPage-anchBar-application-manageresources-display-component---newResourceUnit--resource-anchor","interaction":{"idSuffix":"BDI-content"}},"wdio_ui5_key":"applicationmanageresources-display-component---newResourceUnit--newRRUPage-anchBar-application-manageresources-display-component---newResourceUnit--resource-anchor"}]}
COMMAND: GET /session/e17b2d300284dfd621e67fe570e9cb9c/screenshot - {}
RESULT: {}
RESULT: {"script":"<script> [1562 bytes]","args":[{"selector":{"id":"application-manageresources-display-component---newResourceUnit--newRRUPage-anchBar-application-manageresources-display-component---newResourceUnit--resource-anchor","interaction":{"idSuffix":"BDI-content"}},"wdio_ui5_key":"applicationmanageresources-display-component---newResourceUnit--newRRUPage-anchBar-application-manageresources-display-component---newResourceUnit--resource-anchor"}]}
RESULT: undefined
COMMAND: POST /session/e17b2d300284dfd621e67fe570e9cb9c/element - {"using":"xpath","value":"//*[@id=\"application-manageresources-display-component---newResourceUnit--newRRUPage-anchBar-application-manageresources-display-component---newResourceUnit--resource-anchor\"]"}
RESULT: {}
RESULT: {"using":"xpath","value":"//*[@id=\"application-manageresources-display-component---newResourceUnit--newRRUPage-anchBar-application-manageresources-display-component---newResourceUnit--resource-anchor\"]"}
COMMAND: POST /session/e17b2d300284dfd621e67fe570e9cb9c/element/f.3EE29FDE339C3D4269C60DE74BD8FBA1.d.83C32F059DD041473F0307DB2A2DF34C.e.2322/click - {}
RESULT: {}
COMMAND: POST /session/e17b2d300284dfd621e67fe570e9cb9c/execute/async - {"script":"<script> [1562 bytes]","args":[{"selector":{"id":"application-manageresources-display-component---newResourceUnit--PLANNED_DELIVERY_DATE","interaction":{"idSuffix":"inner"}},"wdio_ui5_key":"applicationmanageresources-display-component---newResourceUnit--PLANNED_DELIVERY_DATE"}]}
COMMAND: GET /session/e17b2d300284dfd621e67fe570e9cb9c/screenshot - {}
RESULT: {"script":"<script> [1562 bytes]","args":[{"selector":{"id":"application-manageresources-display-component---newResourceUnit--PLANNED_DELIVERY_DATE","interaction":{"idSuffix":"inner"}},"wdio_ui5_key":"applicationmanageresources-display-component---newResourceUnit--PLANNED_DELIVERY_DATE"}]}
RESULT: undefined
COMMAND: POST /session/e17b2d300284dfd621e67fe570e9cb9c/execute/async - {"script":"<script> [6424 bytes]","args":[{"element-6066-11e4-a52e-4f735466cecf":"f.3EE29FDE339C3D4269C60DE74BD8FBA1.d.83C32F059DD041473F0307DB2A2DF34C.e.2155"},"setValue",["06/26/24"]]}
RESULT: {}
RESULT: {"script":"<script> [6424 bytes]","args":[{"element-6066-11e4-a52e-4f735466cecf":"f.3EE29FDE339C3D4269C60DE74BD8FBA1.d.83C32F059DD041473F0307DB2A2DF34C.e.2155"},"setValue",["06/26/24"]]}
COMMAND: POST /session/e17b2d300284dfd621e67fe570e9cb9c/execute/async - {"script":"<script> [1562 bytes]","args":[{"selector":{"id":"application-manageresources-display-component---newResourceUnit--RETIRE_PLANNED_DATE","interaction":{"idSuffix":"inner"}},"wdio_ui5_key":"applicationmanageresources-display-component---newResourceUnit--RETIRE_PLANNED_DATE"}]}
RESULT: {"script":"<script> [1562 bytes]","args":[{"selector":{"id":"application-manageresources-display-component---newResourceUnit--RETIRE_PLANNED_DATE","interaction":{"idSuffix":"inner"}},"wdio_ui5_key":"applicationmanageresources-display-component---newResourceUnit--RETIRE_PLANNED_DATE"}]}
RESULT: undefined
COMMAND: POST /session/e17b2d300284dfd621e67fe570e9cb9c/execute/async - {"script":"<script> [776 bytes]","args":[{"enterText":"3/14/29","selector":{"id":"application-manageresources-display-component---newResourceUnit--RETIRE_PLANNED_DATE","interaction":{"idSuffix":"inner"}},"clearTextFirst":true,"interactionType":"ENTER_TEXT"}]}
RESULT: {"script":"<script> [776 bytes]","args":[{"enterText":"3/14/29","selector":{"id":"application-manageresources-display-component---newResourceUnit--RETIRE_PLANNED_DATE","interaction":{"idSuffix":"inner"}},"clearTextFirst":true,"interactionType":"ENTER_TEXT"}]}
RESULT: undefined
COMMAND: POST /session/e17b2d300284dfd621e67fe570e9cb9c/element - {"using":"xpath","value":"//*[@id=\"application-manageresources-display-component---newResourceUnit--createRuButton\"]"}
RESULT: {"using":"xpath","value":"//*[@id=\"application-manageresources-display-component---newResourceUnit--createRuButton\"]"}
COMMAND: POST /session/e17b2d300284dfd621e67fe570e9cb9c/element/f.3EE29FDE339C3D4269C60DE74BD8FBA1.d.83C32F059DD041473F0307DB2A2DF34C.e.2115/click - {}
RESULT: {}
COMMAND: GET /session/e17b2d300284dfd621e67fe570e9cb9c/screenshot - {}
RESULT: {}
COMMAND: POST /session/e17b2d300284dfd621e67fe570e9cb9c/element - {"using":"xpath","value":"(//bdi[contains(text(), \"Close\")])[1]"}
RESULT: {"using":"xpath","value":"(//bdi[contains(text(), \"Close\")])[1]"}
COMMAND: POST /session/e17b2d300284dfd621e67fe570e9cb9c/element/f.3EE29FDE339C3D4269C60DE74BD8FBA1.d.83C32F059DD041473F0307DB2A2DF34C.e.2331/click - {}
RESULT: {}
COMMAND: GET /session/e17b2d300284dfd621e67fe570e9cb9c/screenshot - {}
RESULT: {}
]]></system-out>
    </testcase>
    <testcase classname="chrome.136_0_7103_93.windows.Related_resources_for_groups_US139107" name="Should create one more equipment using copy function and add it to the group" time="60.86">
      <system-out><![CDATA[
COMMAND: POST /session/e17b2d300284dfd621e67fe570e9cb9c/element - {"using":"xpath","value":"//span[contains(@id ,\"actionsToolbar-overflowButton-img\")]"}
RESULT: {"using":"xpath","value":"//span[contains(@id ,\"actionsToolbar-overflowButton-img\")]"}
COMMAND: POST /session/e17b2d300284dfd621e67fe570e9cb9c/execute/sync - {"script":"<script> [8489 bytes]","args":[{"element-6066-11e4-a52e-4f735466cecf":"f.3EE29FDE339C3D4269C60DE74BD8FBA1.d.83C32F059DD041473F0307DB2A2DF34C.e.2364","ELEMENT":"f.3EE29FDE339C3D4269C60DE74BD8FBA1.d.83C32F059DD041473F0307DB2A2DF34C.e.2364"}]}
RESULT: {"script":"<script> [8489 bytes]","args":[{"element-6066-11e4-a52e-4f735466cecf":"f.3EE29FDE339C3D4269C60DE74BD8FBA1.d.83C32F059DD041473F0307DB2A2DF34C.e.2364","ELEMENT":"f.3EE29FDE339C3D4269C60DE74BD8FBA1.d.83C32F059DD041473F0307DB2A2DF34C.e.2364"}]}
COMMAND: POST /session/e17b2d300284dfd621e67fe570e9cb9c/execute/sync - {"script":"<script> [5351 bytes]","args":[{"element-6066-11e4-a52e-4f735466cecf":"f.3EE29FDE339C3D4269C60DE74BD8FBA1.d.83C32F059DD041473F0307DB2A2DF34C.e.2364","ELEMENT":"f.3EE29FDE339C3D4269C60DE74BD8FBA1.d.83C32F059DD041473F0307DB2A2DF34C.e.2364"}]}
COMMAND: GET /session/e17b2d300284dfd621e67fe570e9cb9c/screenshot - {}
RESULT: {"script":"<script> [5351 bytes]","args":[{"element-6066-11e4-a52e-4f735466cecf":"f.3EE29FDE339C3D4269C60DE74BD8FBA1.d.83C32F059DD041473F0307DB2A2DF34C.e.2364","ELEMENT":"f.3EE29FDE339C3D4269C60DE74BD8FBA1.d.83C32F059DD041473F0307DB2A2DF34C.e.2364"}]}
COMMAND: POST /session/e17b2d300284dfd621e67fe570e9cb9c/element/f.3EE29FDE339C3D4269C60DE74BD8FBA1.d.83C32F059DD041473F0307DB2A2DF34C.e.2364/click - {}
COMMAND: GET /session/e17b2d300284dfd621e67fe570e9cb9c/screenshot - {}
RESULT: {}
RESULT: {}
COMMAND: GET /session/e17b2d300284dfd621e67fe570e9cb9c/screenshot - {}
RESULT: {}
RESULT: {}
COMMAND: POST /session/e17b2d300284dfd621e67fe570e9cb9c/execute/async - {"script":"<script> [1562 bytes]","args":[{"selector":{"controlType":"sap.m.Button","viewName":"etm.portal.ui.manageresources.view.Detail","viewId":"application-manageresources-display-component---detailRU","i18NText":{"propertyName":"text","key":"copy"},"interaction":{"idSuffix":"BDI-content"}},"wdio_ui5_key":"etmportal.ui.manageresources.view.Detailsap.m.Button{\"propertyName\":\"text\",\"key\":\"copy\"}"}]}
RESULT: {"script":"<script> [1562 bytes]","args":[{"selector":{"controlType":"sap.m.Button","viewName":"etm.portal.ui.manageresources.view.Detail","viewId":"application-manageresources-display-component---detailRU","i18NText":{"propertyName":"text","key":"copy"},"interaction":{"idSuffix":"BDI-content"}},"wdio_ui5_key":"etmportal.ui.manageresources.view.Detailsap.m.Button{\"propertyName\":\"text\",\"key\":\"copy\"}"}]}
RESULT: undefined
COMMAND: POST /session/e17b2d300284dfd621e67fe570e9cb9c/element - {"using":"xpath","value":"//*[@id=\"__button117\"]"}
RESULT: {"using":"xpath","value":"//*[@id=\"__button117\"]"}
COMMAND: POST /session/e17b2d300284dfd621e67fe570e9cb9c/element/f.3EE29FDE339C3D4269C60DE74BD8FBA1.d.83C32F059DD041473F0307DB2A2DF34C.e.2368/click - {}
RESULT: {}
COMMAND: GET /session/e17b2d300284dfd621e67fe570e9cb9c/screenshot - {}
RESULT: {}
COMMAND: POST /session/e17b2d300284dfd621e67fe570e9cb9c/execute/async - {"script":"<script> [1562 bytes]","args":[{"selector":{"controlType":"sap.m.Button","viewName":"etm.portal.ui.manageresources.view.Detail","viewId":"application-manageresources-display-component---detailRU","i18NText":{"propertyName":"text","key":"selectAll"},"searchOpenDialogs":true,"interaction":{"idSuffix":"BDI-content"}},"wdio_ui5_key":"etmportal.ui.manageresources.view.Detailsap.m.Button{\"propertyName\":\"text\",\"key\":\"selectAll\"}"}]}
RESULT: {"script":"<script> [1562 bytes]","args":[{"selector":{"controlType":"sap.m.Button","viewName":"etm.portal.ui.manageresources.view.Detail","viewId":"application-manageresources-display-component---detailRU","i18NText":{"propertyName":"text","key":"selectAll"},"searchOpenDialogs":true,"interaction":{"idSuffix":"BDI-content"}},"wdio_ui5_key":"etmportal.ui.manageresources.view.Detailsap.m.Button{\"propertyName\":\"text\",\"key\":\"selectAll\"}"}]}
RESULT: undefined
COMMAND: POST /session/e17b2d300284dfd621e67fe570e9cb9c/element - {"using":"xpath","value":"//*[@id=\"__button168\"]"}
RESULT: {"using":"xpath","value":"//*[@id=\"__button168\"]"}
COMMAND: POST /session/e17b2d300284dfd621e67fe570e9cb9c/element/f.3EE29FDE339C3D4269C60DE74BD8FBA1.d.83C32F059DD041473F0307DB2A2DF34C.e.2369/click - {}
RESULT: {}
COMMAND: GET /session/e17b2d300284dfd621e67fe570e9cb9c/screenshot - {}
RESULT: {}
COMMAND: POST /session/e17b2d300284dfd621e67fe570e9cb9c/execute/async - {"script":"<script> [1562 bytes]","args":[{"selector":{"controlType":"sap.m.Button","viewName":"etm.portal.ui.manageresources.view.Detail","viewId":"application-manageresources-display-component---detailRU","i18NText":{"propertyName":"text","key":"confirm"},"searchOpenDialogs":true,"interaction":{"idSuffix":"content"}},"wdio_ui5_key":"etmportal.ui.manageresources.view.Detailsap.m.Button{\"propertyName\":\"text\",\"key\":\"confirm\"}"}]}
RESULT: {"script":"<script> [1562 bytes]","args":[{"selector":{"controlType":"sap.m.Button","viewName":"etm.portal.ui.manageresources.view.Detail","viewId":"application-manageresources-display-component---detailRU","i18NText":{"propertyName":"text","key":"confirm"},"searchOpenDialogs":true,"interaction":{"idSuffix":"content"}},"wdio_ui5_key":"etmportal.ui.manageresources.view.Detailsap.m.Button{\"propertyName\":\"text\",\"key\":\"confirm\"}"}]}
RESULT: undefined
COMMAND: POST /session/e17b2d300284dfd621e67fe570e9cb9c/element - {"using":"xpath","value":"//*[@id=\"__button169\"]"}
RESULT: {"using":"xpath","value":"//*[@id=\"__button169\"]"}
COMMAND: POST /session/e17b2d300284dfd621e67fe570e9cb9c/element/f.3EE29FDE339C3D4269C60DE74BD8FBA1.d.83C32F059DD041473F0307DB2A2DF34C.e.2393/click - {}
RESULT: {}
COMMAND: GET /session/e17b2d300284dfd621e67fe570e9cb9c/screenshot - {}
RESULT: {}
COMMAND: POST /session/e17b2d300284dfd621e67fe570e9cb9c/element - {"using":"xpath","value":"(//span[contains(@id ,\"expandBtn-inner\")])[2]"}
RESULT: {"using":"xpath","value":"(//span[contains(@id ,\"expandBtn-inner\")])[2]"}
COMMAND: POST /session/e17b2d300284dfd621e67fe570e9cb9c/element/f.3EE29FDE339C3D4269C60DE74BD8FBA1.d.83C32F059DD041473F0307DB2A2DF34C.e.2406/click - {}
RESULT: {}
COMMAND: GET /session/e17b2d300284dfd621e67fe570e9cb9c/screenshot - {}
RESULT: {}
COMMAND: POST /session/e17b2d300284dfd621e67fe570e9cb9c/element - {"using":"xpath","value":"//input[contains(@id ,\"application-manageresources-display-component---newResourceUnit--resourceId-inner\")]"}
RESULT: {"using":"xpath","value":"//input[contains(@id ,\"application-manageresources-display-component---newResourceUnit--resourceId-inner\")]"}
COMMAND: POST /session/e17b2d300284dfd621e67fe570e9cb9c/element/f.3EE29FDE339C3D4269C60DE74BD8FBA1.d.83C32F059DD041473F0307DB2A2DF34C.e.2119/clear - {}
RESULT: {}
COMMAND: POST /session/e17b2d300284dfd621e67fe570e9cb9c/element/f.3EE29FDE339C3D4269C60DE74BD8FBA1.d.83C32F059DD041473F0307DB2A2DF34C.e.2119/value - {"text":"WdIORUEquip2vjz7e"}
COMMAND: GET /session/e17b2d300284dfd621e67fe570e9cb9c/screenshot - {}
RESULT: {"text":"WdIORUEquip2vjz7e"}
COMMAND: POST /session/e17b2d300284dfd621e67fe570e9cb9c/element - {"using":"xpath","value":"//input[contains(@id ,\"application-manageresources-display-component---newResourceUnit--SHORT_TEXT-inner\")]"}
COMMAND: GET /session/e17b2d300284dfd621e67fe570e9cb9c/screenshot - {}
RESULT: {}
RESULT: {"using":"xpath","value":"//input[contains(@id ,\"application-manageresources-display-component---newResourceUnit--SHORT_TEXT-inner\")]"}
COMMAND: POST /session/e17b2d300284dfd621e67fe570e9cb9c/element/f.3EE29FDE339C3D4269C60DE74BD8FBA1.d.83C32F059DD041473F0307DB2A2DF34C.e.2120/clear - {}
RESULT: {}
RESULT: {}
COMMAND: POST /session/e17b2d300284dfd621e67fe570e9cb9c/element/f.3EE29FDE339C3D4269C60DE74BD8FBA1.d.83C32F059DD041473F0307DB2A2DF34C.e.2120/clear - {}
COMMAND: GET /session/e17b2d300284dfd621e67fe570e9cb9c/screenshot - {}
RESULT: {}
COMMAND: POST /session/e17b2d300284dfd621e67fe570e9cb9c/element/f.3EE29FDE339C3D4269C60DE74BD8FBA1.d.83C32F059DD041473F0307DB2A2DF34C.e.2120/value - {"text":"WdIORUEquip2vjz7e"}
COMMAND: GET /session/e17b2d300284dfd621e67fe570e9cb9c/screenshot - {}
RESULT: {}
RESULT: {"text":"WdIORUEquip2vjz7e"}
COMMAND: POST /session/e17b2d300284dfd621e67fe570e9cb9c/element - {"using":"xpath","value":"//bdi[contains(text(), \"Time Segment\")]"}
COMMAND: GET /session/e17b2d300284dfd621e67fe570e9cb9c/screenshot - {}
RESULT: {}
RESULT: {"using":"xpath","value":"//bdi[contains(text(), \"Time Segment\")]"}
COMMAND: GET /session/e17b2d300284dfd621e67fe570e9cb9c/element/f.3EE29FDE339C3D4269C60DE74BD8FBA1.d.83C32F059DD041473F0307DB2A2DF34C.e.2277/rect - {}
RESULT: {}
RESULT: {}
COMMAND: GET /session/e17b2d300284dfd621e67fe570e9cb9c/window/rect - {}
RESULT: {}
COMMAND: POST /session/e17b2d300284dfd621e67fe570e9cb9c/execute/sync - {"script":"<script> [92 bytes]","args":[]}
RESULT: {"script":"<script> [92 bytes]","args":[]}
COMMAND: POST /session/e17b2d300284dfd621e67fe570e9cb9c/actions - {"actions":[{"id":"action9","type":"wheel","parameters":{},"actions":[{"type":"scroll","x":-1820,"y":1110,"deltaX":0,"deltaY":0,"duration":0,"origin":{"element-6066-11e4-a52e-4f735466cecf":"f.3EE29FDE339C3D4269C60DE74BD8FBA1.d.83C32F059DD041473F0307DB2A2DF34C.e.2277"}}]}]}
COMMAND: GET /session/e17b2d300284dfd621e67fe570e9cb9c/screenshot - {}
RESULT: {}
COMMAND: POST /session/e17b2d300284dfd621e67fe570e9cb9c/execute/sync - {"script":"<script> [79 bytes]","args":[{"element-6066-11e4-a52e-4f735466cecf":"f.3EE29FDE339C3D4269C60DE74BD8FBA1.d.83C32F059DD041473F0307DB2A2DF34C.e.2277","ELEMENT":"f.3EE29FDE339C3D4269C60DE74BD8FBA1.d.83C32F059DD041473F0307DB2A2DF34C.e.2277"},{"block":"start","inline":"nearest"}]}
RESULT: {"script":"<script> [79 bytes]","args":[{"element-6066-11e4-a52e-4f735466cecf":"f.3EE29FDE339C3D4269C60DE74BD8FBA1.d.83C32F059DD041473F0307DB2A2DF34C.e.2277","ELEMENT":"f.3EE29FDE339C3D4269C60DE74BD8FBA1.d.83C32F059DD041473F0307DB2A2DF34C.e.2277"},{"block":"start","inline":"nearest"}]}
COMMAND: GET /session/e17b2d300284dfd621e67fe570e9cb9c/screenshot - {}
RESULT: {}
COMMAND: POST /session/e17b2d300284dfd621e67fe570e9cb9c/element - {"using":"xpath","value":"//input[@id=\"application-manageresources-display-component---newResourceUnit--idRuTSAdmin-application-manageresources-display-component---newResourceUnit--RUTimeSegment-0-inner\"]"}
RESULT: {"using":"xpath","value":"//input[@id=\"application-manageresources-display-component---newResourceUnit--idRuTSAdmin-application-manageresources-display-component---newResourceUnit--RUTimeSegment-0-inner\"]"}
COMMAND: POST /session/e17b2d300284dfd621e67fe570e9cb9c/element/f.3EE29FDE339C3D4269C60DE74BD8FBA1.d.83C32F059DD041473F0307DB2A2DF34C.e.2284/clear - {}
RESULT: {}
COMMAND: POST /session/e17b2d300284dfd621e67fe570e9cb9c/element/f.3EE29FDE339C3D4269C60DE74BD8FBA1.d.83C32F059DD041473F0307DB2A2DF34C.e.2284/value - {"text":"WebdriverYardbo7m"}
COMMAND: GET /session/e17b2d300284dfd621e67fe570e9cb9c/screenshot - {}
RESULT: {"text":"WebdriverYardbo7m"}
COMMAND: GET /session/e17b2d300284dfd621e67fe570e9cb9c/screenshot - {}
RESULT: {}
RESULT: {}
COMMAND: POST /session/e17b2d300284dfd621e67fe570e9cb9c/actions - {"actions":[{"id":"action10","type":"key","parameters":{},"actions":[{"type":"keyDown","value":""},{"type":"pause","duration":10},{"type":"keyUp","value":""}]}]}
RESULT: {"actions":[{"id":"action10","type":"key","parameters":{},"actions":[{"type":"keyDown","value":""},{"type":"pause","duration":10},{"type":"keyUp","value":""}]}]}
COMMAND: GET /session/e17b2d300284dfd621e67fe570e9cb9c/screenshot - {}
RESULT: {}
RESULT: undefined
COMMAND: POST /session/e17b2d300284dfd621e67fe570e9cb9c/element - {"using":"xpath","value":"//*[@id=\"__box10-application-manageresources-display-component---newResourceUnit--RUTimeSegment-0-arrow\"]"}
RESULT: {"using":"xpath","value":"//*[@id=\"__box10-application-manageresources-display-component---newResourceUnit--RUTimeSegment-0-arrow\"]"}
COMMAND: POST /session/e17b2d300284dfd621e67fe570e9cb9c/element/f.3EE29FDE339C3D4269C60DE74BD8FBA1.d.83C32F059DD041473F0307DB2A2DF34C.e.2294/click - {}
RESULT: {}
COMMAND: GET /session/e17b2d300284dfd621e67fe570e9cb9c/screenshot - {}
RESULT: {}
COMMAND: POST /session/e17b2d300284dfd621e67fe570e9cb9c/element - {"using":"xpath","value":"//span[contains(@id ,\"titleText\")][contains(text(), \"PM Order\")]"}
RESULT: {"using":"xpath","value":"//span[contains(@id ,\"titleText\")][contains(text(), \"PM Order\")]"}
COMMAND: POST /session/e17b2d300284dfd621e67fe570e9cb9c/element/f.3EE29FDE339C3D4269C60DE74BD8FBA1.d.83C32F059DD041473F0307DB2A2DF34C.e.2480/click - {}
RESULT: {}
COMMAND: GET /session/e17b2d300284dfd621e67fe570e9cb9c/screenshot - {}
RESULT: {}
COMMAND: POST /session/e17b2d300284dfd621e67fe570e9cb9c/element - {"using":"xpath","value":"(//input[contains(@id ,\"-application-manageresources-display-component---newResourceUnit--RUTimeSegment-0-inner\")])[8]"}
RESULT: {"using":"xpath","value":"(//input[contains(@id ,\"-application-manageresources-display-component---newResourceUnit--RUTimeSegment-0-inner\")])[8]"}
COMMAND: POST /session/e17b2d300284dfd621e67fe570e9cb9c/element/f.3EE29FDE339C3D4269C60DE74BD8FBA1.d.83C32F059DD041473F0307DB2A2DF34C.e.2483/clear - {}
RESULT: {}
COMMAND: POST /session/e17b2d300284dfd621e67fe570e9cb9c/element/f.3EE29FDE339C3D4269C60DE74BD8FBA1.d.83C32F059DD041473F0307DB2A2DF34C.e.2483/value - {"text":"4000360"}
COMMAND: GET /session/e17b2d300284dfd621e67fe570e9cb9c/screenshot - {}
RESULT: {"text":"4000360"}
COMMAND: GET /session/e17b2d300284dfd621e67fe570e9cb9c/screenshot - {}
RESULT: {}
RESULT: {}
COMMAND: POST /session/e17b2d300284dfd621e67fe570e9cb9c/actions - {"actions":[{"id":"action11","type":"key","parameters":{},"actions":[{"type":"keyDown","value":""},{"type":"pause","duration":10},{"type":"keyUp","value":""}]}]}
RESULT: {"actions":[{"id":"action11","type":"key","parameters":{},"actions":[{"type":"keyDown","value":""},{"type":"pause","duration":10},{"type":"keyUp","value":""}]}]}
COMMAND: GET /session/e17b2d300284dfd621e67fe570e9cb9c/screenshot - {}
RESULT: {}
RESULT: undefined
COMMAND: POST /session/e17b2d300284dfd621e67fe570e9cb9c/element - {"using":"xpath","value":"//*[@id=\"application-manageresources-display-component---newResourceUnit--createRuButton\"]"}
RESULT: {"using":"xpath","value":"//*[@id=\"application-manageresources-display-component---newResourceUnit--createRuButton\"]"}
COMMAND: POST /session/e17b2d300284dfd621e67fe570e9cb9c/element/f.3EE29FDE339C3D4269C60DE74BD8FBA1.d.83C32F059DD041473F0307DB2A2DF34C.e.2115/click - {}
RESULT: {}
COMMAND: GET /session/e17b2d300284dfd621e67fe570e9cb9c/screenshot - {}
RESULT: {}
COMMAND: POST /session/e17b2d300284dfd621e67fe570e9cb9c/element - {"using":"xpath","value":"(//bdi[contains(text(), \"Close\")])[1]"}
RESULT: {"using":"xpath","value":"(//bdi[contains(text(), \"Close\")])[1]"}
COMMAND: POST /session/e17b2d300284dfd621e67fe570e9cb9c/element/f.3EE29FDE339C3D4269C60DE74BD8FBA1.d.83C32F059DD041473F0307DB2A2DF34C.e.2505/click - {}
RESULT: {}
COMMAND: GET /session/e17b2d300284dfd621e67fe570e9cb9c/screenshot - {}
RESULT: {}
]]></system-out>
    </testcase>
    <testcase classname="chrome.136_0_7103_93.windows.Related_resources_for_groups_US139107" name="Should verify the Yard Overview hyperlinks in related resource" time="110.541">
      <system-out><![CDATA[
COMMAND: POST /session/e17b2d300284dfd621e67fe570e9cb9c/execute/async - {"script":"<script> [1562 bytes]","args":[{"selector":{"controlType":"sap.ui.core.Icon","viewName":"etm.portal.ui.manageresources.view.Detail","viewId":"application-manageresources-display-component---detailRU","properties":{"src":{"regex":{"source":"decline"}}}},"wdio_ui5_key":"etmportal.ui.manageresources.view.Detailsap.ui.core.Icon{\"src\":{\"regex\":{\"source\":\"decline\"}}}"}]}
RESULT: {"script":"<script> [1562 bytes]","args":[{"selector":{"controlType":"sap.ui.core.Icon","viewName":"etm.portal.ui.manageresources.view.Detail","viewId":"application-manageresources-display-component---detailRU","properties":{"src":{"regex":{"source":"decline"}}}},"wdio_ui5_key":"etmportal.ui.manageresources.view.Detailsap.ui.core.Icon{\"src\":{\"regex\":{\"source\":\"decline\"}}}"}]}
RESULT: undefined
COMMAND: POST /session/e17b2d300284dfd621e67fe570e9cb9c/element - {"using":"xpath","value":"//input[contains(@id ,\"application-manageresources-display-component---masterRU--smartFilterBar-btnBasicSearch-I\")]"}
RESULT: {"using":"xpath","value":"//input[contains(@id ,\"application-manageresources-display-component---masterRU--smartFilterBar-btnBasicSearch-I\")]"}
COMMAND: POST /session/e17b2d300284dfd621e67fe570e9cb9c/element/f.3EE29FDE339C3D4269C60DE74BD8FBA1.d.83C32F059DD041473F0307DB2A2DF34C.e.1745/value - {"text":"WdIORUGroupv5idg"}
RESULT: {"text":"WdIORUGroupv5idg"}
COMMAND: GET /session/e17b2d300284dfd621e67fe570e9cb9c/screenshot - {}
RESULT: {}
COMMAND: POST /session/e17b2d300284dfd621e67fe570e9cb9c/actions - {"actions":[{"id":"action12","type":"key","parameters":{},"actions":[{"type":"keyDown","value":""},{"type":"pause","duration":10},{"type":"keyUp","value":""}]}]}
RESULT: {"actions":[{"id":"action12","type":"key","parameters":{},"actions":[{"type":"keyDown","value":""},{"type":"pause","duration":10},{"type":"keyUp","value":""}]}]}
COMMAND: GET /session/e17b2d300284dfd621e67fe570e9cb9c/screenshot - {}
RESULT: {}
COMMAND: POST /session/e17b2d300284dfd621e67fe570e9cb9c/execute/async - {"script":"<script> [1562 bytes]","args":[{"selector":{"controlType":"sap.ui.core.Icon","viewName":"etm.portal.ui.manageresources.view.Master","viewId":"application-manageresources-display-component---masterRU","properties":{"src":{"regex":{"source":"slim\\-arrow\\-right"}}}},"wdio_ui5_key":"etmportal.ui.manageresources.view.Mastersap.ui.core.Icon{\"src\":{\"regex\":{\"source\":\"slim\\\\-arrow\\\\-right\"}}}"}]}
RESULT: {"script":"<script> [1562 bytes]","args":[{"selector":{"controlType":"sap.ui.core.Icon","viewName":"etm.portal.ui.manageresources.view.Master","viewId":"application-manageresources-display-component---masterRU","properties":{"src":{"regex":{"source":"slim\\-arrow\\-right"}}}},"wdio_ui5_key":"etmportal.ui.manageresources.view.Mastersap.ui.core.Icon{\"src\":{\"regex\":{\"source\":\"slim\\\\-arrow\\\\-right\"}}}"}]}
RESULT: undefined
COMMAND: POST /session/e17b2d300284dfd621e67fe570e9cb9c/element - {"using":"xpath","value":"//*[@id=\"__item494-__clone1215-imgNav\"]"}
RESULT: {"using":"xpath","value":"//*[@id=\"__item494-__clone1215-imgNav\"]"}
COMMAND: POST /session/e17b2d300284dfd621e67fe570e9cb9c/element/f.3EE29FDE339C3D4269C60DE74BD8FBA1.d.83C32F059DD041473F0307DB2A2DF34C.e.1919/click - {}
RESULT: {}
COMMAND: GET /session/e17b2d300284dfd621e67fe570e9cb9c/screenshot - {}
RESULT: {}
COMMAND: POST /session/e17b2d300284dfd621e67fe570e9cb9c/element - {"using":"xpath","value":"//bdi[contains(@id ,\"application-manageresources-display-component---detailRU--openRelatedRus-BDI-content\")]"}
RESULT: {"using":"xpath","value":"//bdi[contains(@id ,\"application-manageresources-display-component---detailRU--openRelatedRus-BDI-content\")]"}
COMMAND: POST /session/e17b2d300284dfd621e67fe570e9cb9c/execute/sync - {"script":"<script> [8489 bytes]","args":[{"element-6066-11e4-a52e-4f735466cecf":"f.3EE29FDE339C3D4269C60DE74BD8FBA1.d.83C32F059DD041473F0307DB2A2DF34C.e.2746","ELEMENT":"f.3EE29FDE339C3D4269C60DE74BD8FBA1.d.83C32F059DD041473F0307DB2A2DF34C.e.2746"}]}
RESULT: {"script":"<script> [8489 bytes]","args":[{"element-6066-11e4-a52e-4f735466cecf":"f.3EE29FDE339C3D4269C60DE74BD8FBA1.d.83C32F059DD041473F0307DB2A2DF34C.e.2746","ELEMENT":"f.3EE29FDE339C3D4269C60DE74BD8FBA1.d.83C32F059DD041473F0307DB2A2DF34C.e.2746"}]}
COMMAND: POST /session/e17b2d300284dfd621e67fe570e9cb9c/execute/sync - {"script":"<script> [5351 bytes]","args":[{"element-6066-11e4-a52e-4f735466cecf":"f.3EE29FDE339C3D4269C60DE74BD8FBA1.d.83C32F059DD041473F0307DB2A2DF34C.e.2746","ELEMENT":"f.3EE29FDE339C3D4269C60DE74BD8FBA1.d.83C32F059DD041473F0307DB2A2DF34C.e.2746"}]}
COMMAND: GET /session/e17b2d300284dfd621e67fe570e9cb9c/screenshot - {}
RESULT: {"script":"<script> [5351 bytes]","args":[{"element-6066-11e4-a52e-4f735466cecf":"f.3EE29FDE339C3D4269C60DE74BD8FBA1.d.83C32F059DD041473F0307DB2A2DF34C.e.2746","ELEMENT":"f.3EE29FDE339C3D4269C60DE74BD8FBA1.d.83C32F059DD041473F0307DB2A2DF34C.e.2746"}]}
COMMAND: POST /session/e17b2d300284dfd621e67fe570e9cb9c/element/f.3EE29FDE339C3D4269C60DE74BD8FBA1.d.83C32F059DD041473F0307DB2A2DF34C.e.2746/click - {}
COMMAND: GET /session/e17b2d300284dfd621e67fe570e9cb9c/screenshot - {}
RESULT: {}
RESULT: {}
COMMAND: GET /session/e17b2d300284dfd621e67fe570e9cb9c/screenshot - {}
RESULT: {}
RESULT: {}
COMMAND: POST /session/e17b2d300284dfd621e67fe570e9cb9c/element - {"using":"xpath","value":"//*[contains(@data-kt ,\"openRUIdMenuLink\")]"}
RESULT: {"using":"xpath","value":"//*[contains(@data-kt ,\"openRUIdMenuLink\")]"}
COMMAND: POST /session/e17b2d300284dfd621e67fe570e9cb9c/execute/sync - {"script":"<script> [8489 bytes]","args":[{"element-6066-11e4-a52e-4f735466cecf":"f.3EE29FDE339C3D4269C60DE74BD8FBA1.d.83C32F059DD041473F0307DB2A2DF34C.e.2752","ELEMENT":"f.3EE29FDE339C3D4269C60DE74BD8FBA1.d.83C32F059DD041473F0307DB2A2DF34C.e.2752"}]}
RESULT: {"script":"<script> [8489 bytes]","args":[{"element-6066-11e4-a52e-4f735466cecf":"f.3EE29FDE339C3D4269C60DE74BD8FBA1.d.83C32F059DD041473F0307DB2A2DF34C.e.2752","ELEMENT":"f.3EE29FDE339C3D4269C60DE74BD8FBA1.d.83C32F059DD041473F0307DB2A2DF34C.e.2752"}]}
COMMAND: POST /session/e17b2d300284dfd621e67fe570e9cb9c/execute/sync - {"script":"<script> [5351 bytes]","args":[{"element-6066-11e4-a52e-4f735466cecf":"f.3EE29FDE339C3D4269C60DE74BD8FBA1.d.83C32F059DD041473F0307DB2A2DF34C.e.2752","ELEMENT":"f.3EE29FDE339C3D4269C60DE74BD8FBA1.d.83C32F059DD041473F0307DB2A2DF34C.e.2752"}]}
COMMAND: GET /session/e17b2d300284dfd621e67fe570e9cb9c/screenshot - {}
RESULT: {"script":"<script> [5351 bytes]","args":[{"element-6066-11e4-a52e-4f735466cecf":"f.3EE29FDE339C3D4269C60DE74BD8FBA1.d.83C32F059DD041473F0307DB2A2DF34C.e.2752","ELEMENT":"f.3EE29FDE339C3D4269C60DE74BD8FBA1.d.83C32F059DD041473F0307DB2A2DF34C.e.2752"}]}
COMMAND: POST /session/e17b2d300284dfd621e67fe570e9cb9c/execute/async - {"script":"<script> [1562 bytes]","args":[{"selector":{"id":"RelatedRUsFragmentID--smartTableRUs-header","searchOpenDialogs":true},"wdio_ui5_key":"RelatedRUsFragmentIDsmartTableRUs-header"}]}
COMMAND: GET /session/e17b2d300284dfd621e67fe570e9cb9c/screenshot - {}
RESULT: {}
RESULT: {"script":"<script> [1562 bytes]","args":[{"selector":{"id":"RelatedRUsFragmentID--smartTableRUs-header","searchOpenDialogs":true},"wdio_ui5_key":"RelatedRUsFragmentIDsmartTableRUs-header"}]}
RESULT: undefined
COMMAND: POST /session/e17b2d300284dfd621e67fe570e9cb9c/execute/async - {"script":"<script> [6424 bytes]","args":[{"element-6066-11e4-a52e-4f735466cecf":"f.3EE29FDE339C3D4269C60DE74BD8FBA1.d.83C32F059DD041473F0307DB2A2DF34C.e.2753"},"getText",[]]}
RESULT: {}
RESULT: {"script":"<script> [6424 bytes]","args":[{"element-6066-11e4-a52e-4f735466cecf":"f.3EE29FDE339C3D4269C60DE74BD8FBA1.d.83C32F059DD041473F0307DB2A2DF34C.e.2753"},"getText",[]]}
COMMAND: POST /session/e17b2d300284dfd621e67fe570e9cb9c/element/f.3EE29FDE339C3D4269C60DE74BD8FBA1.d.83C32F059DD041473F0307DB2A2DF34C.e.2752/click - {}
RESULT: {}
COMMAND: GET /session/e17b2d300284dfd621e67fe570e9cb9c/screenshot - {}
RESULT: {}
COMMAND: POST /session/e17b2d300284dfd621e67fe570e9cb9c/element - {"using":"xpath","value":"//*[contains(@data-kt ,\"ContextMenuId2Link\")][contains(text(), \"RU Overview\")]"}
RESULT: {"using":"xpath","value":"//*[contains(@data-kt ,\"ContextMenuId2Link\")][contains(text(), \"RU Overview\")]"}
COMMAND: POST /session/e17b2d300284dfd621e67fe570e9cb9c/execute/sync - {"script":"<script> [8489 bytes]","args":[{"element-6066-11e4-a52e-4f735466cecf":"f.3EE29FDE339C3D4269C60DE74BD8FBA1.d.83C32F059DD041473F0307DB2A2DF34C.e.2755","ELEMENT":"f.3EE29FDE339C3D4269C60DE74BD8FBA1.d.83C32F059DD041473F0307DB2A2DF34C.e.2755"}]}
COMMAND: POST /session/e17b2d300284dfd621e67fe570e9cb9c/element/f.3EE29FDE339C3D4269C60DE74BD8FBA1.d.83C32F059DD041473F0307DB2A2DF34C.e.2755/click - {}
RESULT: {"script":"<script> [8489 bytes]","args":[{"element-6066-11e4-a52e-4f735466cecf":"f.3EE29FDE339C3D4269C60DE74BD8FBA1.d.83C32F059DD041473F0307DB2A2DF34C.e.2755","ELEMENT":"f.3EE29FDE339C3D4269C60DE74BD8FBA1.d.83C32F059DD041473F0307DB2A2DF34C.e.2755"}]}
COMMAND: GET /session/e17b2d300284dfd621e67fe570e9cb9c/screenshot - {}
RESULT: {}
COMMAND: GET /session/e17b2d300284dfd621e67fe570e9cb9c/screenshot - {}
RESULT: {}
RESULT: {}
COMMAND: POST /session/e17b2d300284dfd621e67fe570e9cb9c/execute/async - {"script":"<script> [1562 bytes]","args":[{"selector":{"id":"shellAppTitle"},"wdio_ui5_key":"shellAppTitle"}]}
RESULT: {"script":"<script> [1562 bytes]","args":[{"selector":{"id":"shellAppTitle"},"wdio_ui5_key":"shellAppTitle"}]}
RESULT: undefined
COMMAND: POST /session/e17b2d300284dfd621e67fe570e9cb9c/execute/async - {"script":"<script> [6424 bytes]","args":[{"element-6066-11e4-a52e-4f735466cecf":"f.3EE29FDE339C3D4269C60DE74BD8FBA1.d.83C32F059DD041473F0307DB2A2DF34C.e.3050"},"getTitle",[]]}
RESULT: {"script":"<script> [6424 bytes]","args":[{"element-6066-11e4-a52e-4f735466cecf":"f.3EE29FDE339C3D4269C60DE74BD8FBA1.d.83C32F059DD041473F0307DB2A2DF34C.e.3050"},"getTitle",[]]}
COMMAND: POST /session/e17b2d300284dfd621e67fe570e9cb9c/element - {"using":"xpath","value":"//span[contains(@id ,\"application-manageresources-display-component---detailRU--snappedTitle-inner\")][contains(text(), \"WdIORUEquip1i3vfe\")]"}
RESULT: {"using":"xpath","value":"//span[contains(@id ,\"application-manageresources-display-component---detailRU--snappedTitle-inner\")][contains(text(), \"WdIORUEquip1i3vfe\")]"}
COMMAND: POST /session/e17b2d300284dfd621e67fe570e9cb9c/execute/sync - {"script":"<script> [8489 bytes]","args":[{"element-6066-11e4-a52e-4f735466cecf":"f.3EE29FDE339C3D4269C60DE74BD8FBA1.d.83C32F059DD041473F0307DB2A2DF34C.e.3051","ELEMENT":"f.3EE29FDE339C3D4269C60DE74BD8FBA1.d.83C32F059DD041473F0307DB2A2DF34C.e.3051"}]}
COMMAND: POST /session/e17b2d300284dfd621e67fe570e9cb9c/execute/async - {"script":"<script> [1562 bytes]","args":[{"selector":{"id":"backBtn"},"wdio_ui5_key":"backBtn"}]}
RESULT: {"script":"<script> [8489 bytes]","args":[{"element-6066-11e4-a52e-4f735466cecf":"f.3EE29FDE339C3D4269C60DE74BD8FBA1.d.83C32F059DD041473F0307DB2A2DF34C.e.3051","ELEMENT":"f.3EE29FDE339C3D4269C60DE74BD8FBA1.d.83C32F059DD041473F0307DB2A2DF34C.e.3051"}]}
COMMAND: GET /session/e17b2d300284dfd621e67fe570e9cb9c/screenshot - {}
RESULT: {"script":"<script> [1562 bytes]","args":[{"selector":{"id":"backBtn"},"wdio_ui5_key":"backBtn"}]}
RESULT: undefined
COMMAND: POST /session/e17b2d300284dfd621e67fe570e9cb9c/element - {"using":"xpath","value":"//*[@id=\"backBtn\"]"}
RESULT: {}
RESULT: {"using":"xpath","value":"//*[@id=\"backBtn\"]"}
COMMAND: POST /session/e17b2d300284dfd621e67fe570e9cb9c/element/f.3EE29FDE339C3D4269C60DE74BD8FBA1.d.83C32F059DD041473F0307DB2A2DF34C.e.3052/click - {}
RESULT: {}
COMMAND: GET /session/e17b2d300284dfd621e67fe570e9cb9c/screenshot - {}
RESULT: {}
COMMAND: POST /session/e17b2d300284dfd621e67fe570e9cb9c/execute/sync - {"script":"<script> [8489 bytes]","args":[{"element-6066-11e4-a52e-4f735466cecf":"f.3EE29FDE339C3D4269C60DE74BD8FBA1.d.83C32F059DD041473F0307DB2A2DF34C.e.2746","ELEMENT":"f.3EE29FDE339C3D4269C60DE74BD8FBA1.d.83C32F059DD041473F0307DB2A2DF34C.e.2746"}]}
COMMAND: POST /session/e17b2d300284dfd621e67fe570e9cb9c/element - {"using":"xpath","value":"//bdi[contains(@id ,\"application-manageresources-display-component---detailRU--openRelatedRus-BDI-content\")]"}
RESULT: {"using":"xpath","value":"//bdi[contains(@id ,\"application-manageresources-display-component---detailRU--openRelatedRus-BDI-content\")]"}
COMMAND: POST /session/e17b2d300284dfd621e67fe570e9cb9c/execute/sync - {"script":"<script> [8489 bytes]","args":[{"element-6066-11e4-a52e-4f735466cecf":"f.3EE29FDE339C3D4269C60DE74BD8FBA1.d.83C32F059DD041473F0307DB2A2DF34C.e.3343","ELEMENT":"f.3EE29FDE339C3D4269C60DE74BD8FBA1.d.83C32F059DD041473F0307DB2A2DF34C.e.3343"}]}
RESULT: {"script":"<script> [8489 bytes]","args":[{"element-6066-11e4-a52e-4f735466cecf":"f.3EE29FDE339C3D4269C60DE74BD8FBA1.d.83C32F059DD041473F0307DB2A2DF34C.e.3343","ELEMENT":"f.3EE29FDE339C3D4269C60DE74BD8FBA1.d.83C32F059DD041473F0307DB2A2DF34C.e.3343"}]}
COMMAND: POST /session/e17b2d300284dfd621e67fe570e9cb9c/execute/sync - {"script":"<script> [5351 bytes]","args":[{"element-6066-11e4-a52e-4f735466cecf":"f.3EE29FDE339C3D4269C60DE74BD8FBA1.d.83C32F059DD041473F0307DB2A2DF34C.e.3343","ELEMENT":"f.3EE29FDE339C3D4269C60DE74BD8FBA1.d.83C32F059DD041473F0307DB2A2DF34C.e.3343"}]}
COMMAND: GET /session/e17b2d300284dfd621e67fe570e9cb9c/screenshot - {}
RESULT: {"script":"<script> [5351 bytes]","args":[{"element-6066-11e4-a52e-4f735466cecf":"f.3EE29FDE339C3D4269C60DE74BD8FBA1.d.83C32F059DD041473F0307DB2A2DF34C.e.3343","ELEMENT":"f.3EE29FDE339C3D4269C60DE74BD8FBA1.d.83C32F059DD041473F0307DB2A2DF34C.e.3343"}]}
COMMAND: POST /session/e17b2d300284dfd621e67fe570e9cb9c/element/f.3EE29FDE339C3D4269C60DE74BD8FBA1.d.83C32F059DD041473F0307DB2A2DF34C.e.3343/click - {}
COMMAND: GET /session/e17b2d300284dfd621e67fe570e9cb9c/screenshot - {}
RESULT: {}
RESULT: {}
COMMAND: GET /session/e17b2d300284dfd621e67fe570e9cb9c/screenshot - {}
RESULT: {}
RESULT: {}
COMMAND: POST /session/e17b2d300284dfd621e67fe570e9cb9c/execute/sync - {"script":"<script> [8489 bytes]","args":[{"element-6066-11e4-a52e-4f735466cecf":"f.3EE29FDE339C3D4269C60DE74BD8FBA1.d.83C32F059DD041473F0307DB2A2DF34C.e.2752","ELEMENT":"f.3EE29FDE339C3D4269C60DE74BD8FBA1.d.83C32F059DD041473F0307DB2A2DF34C.e.2752"}]}
COMMAND: POST /session/e17b2d300284dfd621e67fe570e9cb9c/element - {"using":"xpath","value":"//*[contains(@data-kt ,\"openRUIdMenuLink\")]"}
RESULT: {"using":"xpath","value":"//*[contains(@data-kt ,\"openRUIdMenuLink\")]"}
COMMAND: POST /session/e17b2d300284dfd621e67fe570e9cb9c/execute/sync - {"script":"<script> [8489 bytes]","args":[{"element-6066-11e4-a52e-4f735466cecf":"f.3EE29FDE339C3D4269C60DE74BD8FBA1.d.83C32F059DD041473F0307DB2A2DF34C.e.3348","ELEMENT":"f.3EE29FDE339C3D4269C60DE74BD8FBA1.d.83C32F059DD041473F0307DB2A2DF34C.e.3348"}]}
RESULT: {"script":"<script> [8489 bytes]","args":[{"element-6066-11e4-a52e-4f735466cecf":"f.3EE29FDE339C3D4269C60DE74BD8FBA1.d.83C32F059DD041473F0307DB2A2DF34C.e.3348","ELEMENT":"f.3EE29FDE339C3D4269C60DE74BD8FBA1.d.83C32F059DD041473F0307DB2A2DF34C.e.3348"}]}
COMMAND: POST /session/e17b2d300284dfd621e67fe570e9cb9c/execute/sync - {"script":"<script> [5351 bytes]","args":[{"element-6066-11e4-a52e-4f735466cecf":"f.3EE29FDE339C3D4269C60DE74BD8FBA1.d.83C32F059DD041473F0307DB2A2DF34C.e.3348","ELEMENT":"f.3EE29FDE339C3D4269C60DE74BD8FBA1.d.83C32F059DD041473F0307DB2A2DF34C.e.3348"}]}
COMMAND: GET /session/e17b2d300284dfd621e67fe570e9cb9c/screenshot - {}
RESULT: {"script":"<script> [5351 bytes]","args":[{"element-6066-11e4-a52e-4f735466cecf":"f.3EE29FDE339C3D4269C60DE74BD8FBA1.d.83C32F059DD041473F0307DB2A2DF34C.e.3348","ELEMENT":"f.3EE29FDE339C3D4269C60DE74BD8FBA1.d.83C32F059DD041473F0307DB2A2DF34C.e.3348"}]}
COMMAND: POST /session/e17b2d300284dfd621e67fe570e9cb9c/element/f.3EE29FDE339C3D4269C60DE74BD8FBA1.d.83C32F059DD041473F0307DB2A2DF34C.e.3348/click - {}
COMMAND: GET /session/e17b2d300284dfd621e67fe570e9cb9c/screenshot - {}
RESULT: {}
RESULT: {}
COMMAND: GET /session/e17b2d300284dfd621e67fe570e9cb9c/screenshot - {}
RESULT: {}
RESULT: {}
COMMAND: POST /session/e17b2d300284dfd621e67fe570e9cb9c/element - {"using":"xpath","value":"//button[contains(@data-kt ,\"ContextMenuExternalId2Link\")]"}
RESULT: {"using":"xpath","value":"//button[contains(@data-kt ,\"ContextMenuExternalId2Link\")]"}
COMMAND: POST /session/e17b2d300284dfd621e67fe570e9cb9c/element/f.3EE29FDE339C3D4269C60DE74BD8FBA1.d.83C32F059DD041473F0307DB2A2DF34C.e.3349/click - {}
RESULT: {}
COMMAND: GET /session/e17b2d300284dfd621e67fe570e9cb9c/screenshot - {}
RESULT: {}
COMMAND: GET /session/e17b2d300284dfd621e67fe570e9cb9c/window/handles - {}
RESULT: {}
COMMAND: POST /session/e17b2d300284dfd621e67fe570e9cb9c/window - {"handle":"A3B80A9048EBD5CE20AE88191B986FA3"}
RESULT: {"handle":"A3B80A9048EBD5CE20AE88191B986FA3"}
COMMAND: GET /session/e17b2d300284dfd621e67fe570e9cb9c/url - {}
RESULT: {}
COMMAND: GET /session/e17b2d300284dfd621e67fe570e9cb9c/screenshot - {}
RESULT: {}
COMMAND: POST /session/e17b2d300284dfd621e67fe570e9cb9c/execute/sync - {"script":"<script> [8489 bytes]","args":[{"element-6066-11e4-a52e-4f735466cecf":"f.3EE29FDE339C3D4269C60DE74BD8FBA1.d.83C32F059DD041473F0307DB2A2DF34C.e.3051","ELEMENT":"f.3EE29FDE339C3D4269C60DE74BD8FBA1.d.83C32F059DD041473F0307DB2A2DF34C.e.3051"}]}
COMMAND: DELETE /session/e17b2d300284dfd621e67fe570e9cb9c/window - {}
RESULT: {}
COMMAND: POST /session/e17b2d300284dfd621e67fe570e9cb9c/window - {"handle":"3EE29FDE339C3D4269C60DE74BD8FBA1"}
RESULT: {"handle":"3EE29FDE339C3D4269C60DE74BD8FBA1"}
COMMAND: GET /session/e17b2d300284dfd621e67fe570e9cb9c/url - {}
COMMAND: POST /session/e17b2d300284dfd621e67fe570e9cb9c/element - {"using":"xpath","value":"//span[contains(@id ,\"application-manageresources-display-component---detailRU--snappedTitle-inner\")][contains(text(), \"WdIORUEquip1i3vfe\")]"}
RESULT: {}
COMMAND: GET /session/e17b2d300284dfd621e67fe570e9cb9c/screenshot - {}
RESULT: {"using":"xpath","value":"//span[contains(@id ,\"application-manageresources-display-component---detailRU--snappedTitle-inner\")][contains(text(), \"WdIORUEquip1i3vfe\")]"}
COMMAND: POST /session/e17b2d300284dfd621e67fe570e9cb9c/element - {"using":"xpath","value":"//span[contains(@id ,\"application-manageresources-display-component---detailRU--snappedTitle-inner\")][contains(text(), \"WdIORUEquip1i3vfe\")]"}
RESULT: {}
RESULT: {"using":"xpath","value":"//span[contains(@id ,\"application-manageresources-display-component---detailRU--snappedTitle-inner\")][contains(text(), \"WdIORUEquip1i3vfe\")]"}
COMMAND: POST /session/e17b2d300284dfd621e67fe570e9cb9c/element - {"using":"xpath","value":"//span[contains(@id ,\"application-manageresources-display-component---detailRU--snappedTitle-inner\")][contains(text(), \"WdIORUEquip1i3vfe\")]"}
RESULT: {"using":"xpath","value":"//span[contains(@id ,\"application-manageresources-display-component---detailRU--snappedTitle-inner\")][contains(text(), \"WdIORUEquip1i3vfe\")]"}
COMMAND: POST /session/e17b2d300284dfd621e67fe570e9cb9c/element - {"using":"xpath","value":"//span[contains(@id ,\"application-manageresources-display-component---detailRU--snappedTitle-inner\")][contains(text(), \"WdIORUEquip1i3vfe\")]"}
RESULT: {"using":"xpath","value":"//span[contains(@id ,\"application-manageresources-display-component---detailRU--snappedTitle-inner\")][contains(text(), \"WdIORUEquip1i3vfe\")]"}
COMMAND: POST /session/e17b2d300284dfd621e67fe570e9cb9c/element - {"using":"xpath","value":"//span[contains(@id ,\"application-manageresources-display-component---detailRU--snappedTitle-inner\")][contains(text(), \"WdIORUEquip1i3vfe\")]"}
RESULT: {"using":"xpath","value":"//span[contains(@id ,\"application-manageresources-display-component---detailRU--snappedTitle-inner\")][contains(text(), \"WdIORUEquip1i3vfe\")]"}
COMMAND: POST /session/e17b2d300284dfd621e67fe570e9cb9c/element - {"using":"xpath","value":"//span[contains(@id ,\"application-manageresources-display-component---detailRU--snappedTitle-inner\")][contains(text(), \"WdIORUEquip1i3vfe\")]"}
RESULT: {"using":"xpath","value":"//span[contains(@id ,\"application-manageresources-display-component---detailRU--snappedTitle-inner\")][contains(text(), \"WdIORUEquip1i3vfe\")]"}
COMMAND: POST /session/e17b2d300284dfd621e67fe570e9cb9c/element - {"using":"xpath","value":"//span[contains(@id ,\"application-manageresources-display-component---detailRU--snappedTitle-inner\")][contains(text(), \"WdIORUEquip1i3vfe\")]"}
RESULT: {"using":"xpath","value":"//span[contains(@id ,\"application-manageresources-display-component---detailRU--snappedTitle-inner\")][contains(text(), \"WdIORUEquip1i3vfe\")]"}
COMMAND: POST /session/e17b2d300284dfd621e67fe570e9cb9c/element - {"using":"xpath","value":"//span[contains(@id ,\"application-manageresources-display-component---detailRU--snappedTitle-inner\")][contains(text(), \"WdIORUEquip1i3vfe\")]"}
RESULT: {"using":"xpath","value":"//span[contains(@id ,\"application-manageresources-display-component---detailRU--snappedTitle-inner\")][contains(text(), \"WdIORUEquip1i3vfe\")]"}
COMMAND: POST /session/e17b2d300284dfd621e67fe570e9cb9c/element - {"using":"xpath","value":"//span[contains(@id ,\"application-manageresources-display-component---detailRU--snappedTitle-inner\")][contains(text(), \"WdIORUEquip1i3vfe\")]"}
RESULT: {"using":"xpath","value":"//span[contains(@id ,\"application-manageresources-display-component---detailRU--snappedTitle-inner\")][contains(text(), \"WdIORUEquip1i3vfe\")]"}
COMMAND: POST /session/e17b2d300284dfd621e67fe570e9cb9c/element - {"using":"xpath","value":"//span[contains(@id ,\"application-manageresources-display-component---detailRU--snappedTitle-inner\")][contains(text(), \"WdIORUEquip1i3vfe\")]"}
RESULT: {"using":"xpath","value":"//span[contains(@id ,\"application-manageresources-display-component---detailRU--snappedTitle-inner\")][contains(text(), \"WdIORUEquip1i3vfe\")]"}
]]></system-out>
    </testcase>
    <testcase classname="chrome.136_0_7103_93.windows.Related_resources_for_groups_US139107" name="Should verify the current location hyperlinks in related resources" time="159.544">
      <system-out><![CDATA[
COMMAND: POST /session/e17b2d300284dfd621e67fe570e9cb9c/element - {"using":"xpath","value":"//*[contains(@data-kt ,\"openLocationActionMenuLink\")]"}
RESULT: {"using":"xpath","value":"//*[contains(@data-kt ,\"openLocationActionMenuLink\")]"}
COMMAND: POST /session/e17b2d300284dfd621e67fe570e9cb9c/execute/sync - {"script":"<script> [8489 bytes]","args":[{"element-6066-11e4-a52e-4f735466cecf":"f.3EE29FDE339C3D4269C60DE74BD8FBA1.d.83C32F059DD041473F0307DB2A2DF34C.e.3650","ELEMENT":"f.3EE29FDE339C3D4269C60DE74BD8FBA1.d.83C32F059DD041473F0307DB2A2DF34C.e.3650"}]}
RESULT: {"script":"<script> [8489 bytes]","args":[{"element-6066-11e4-a52e-4f735466cecf":"f.3EE29FDE339C3D4269C60DE74BD8FBA1.d.83C32F059DD041473F0307DB2A2DF34C.e.3650","ELEMENT":"f.3EE29FDE339C3D4269C60DE74BD8FBA1.d.83C32F059DD041473F0307DB2A2DF34C.e.3650"}]}
COMMAND: POST /session/e17b2d300284dfd621e67fe570e9cb9c/execute/sync - {"script":"<script> [5351 bytes]","args":[{"element-6066-11e4-a52e-4f735466cecf":"f.3EE29FDE339C3D4269C60DE74BD8FBA1.d.83C32F059DD041473F0307DB2A2DF34C.e.3650","ELEMENT":"f.3EE29FDE339C3D4269C60DE74BD8FBA1.d.83C32F059DD041473F0307DB2A2DF34C.e.3650"}]}
COMMAND: GET /session/e17b2d300284dfd621e67fe570e9cb9c/screenshot - {}
RESULT: {"script":"<script> [5351 bytes]","args":[{"element-6066-11e4-a52e-4f735466cecf":"f.3EE29FDE339C3D4269C60DE74BD8FBA1.d.83C32F059DD041473F0307DB2A2DF34C.e.3650","ELEMENT":"f.3EE29FDE339C3D4269C60DE74BD8FBA1.d.83C32F059DD041473F0307DB2A2DF34C.e.3650"}]}
COMMAND: POST /session/e17b2d300284dfd621e67fe570e9cb9c/element/f.3EE29FDE339C3D4269C60DE74BD8FBA1.d.83C32F059DD041473F0307DB2A2DF34C.e.3650/click - {}
COMMAND: GET /session/e17b2d300284dfd621e67fe570e9cb9c/screenshot - {}
COMMAND: POST /session/e17b2d300284dfd621e67fe570e9cb9c/element - {"using":"xpath","value":"//span[contains(@id ,\"application-manageresources-display-component---detailRU--snappedTitle-inner\")][contains(text(), \"WdIORUEquip1i3vfe\")]"}
RESULT: {}
RESULT: {}
COMMAND: GET /session/e17b2d300284dfd621e67fe570e9cb9c/screenshot - {}
RESULT: {}
RESULT: {"using":"xpath","value":"//span[contains(@id ,\"application-manageresources-display-component---detailRU--snappedTitle-inner\")][contains(text(), \"WdIORUEquip1i3vfe\")]"}
RESULT: {}
COMMAND: POST /session/e17b2d300284dfd621e67fe570e9cb9c/element - {"using":"xpath","value":"//span[contains(@id ,\"application-manageresources-display-component---detailRU--snappedTitle-inner\")][contains(text(), \"WdIORUEquip1i3vfe\")]"}
RESULT: {"using":"xpath","value":"//span[contains(@id ,\"application-manageresources-display-component---detailRU--snappedTitle-inner\")][contains(text(), \"WdIORUEquip1i3vfe\")]"}
COMMAND: POST /session/e17b2d300284dfd621e67fe570e9cb9c/element - {"using":"xpath","value":"//span[contains(@id ,\"application-manageresources-display-component---detailRU--snappedTitle-inner\")][contains(text(), \"WdIORUEquip1i3vfe\")]"}
RESULT: {"using":"xpath","value":"//span[contains(@id ,\"application-manageresources-display-component---detailRU--snappedTitle-inner\")][contains(text(), \"WdIORUEquip1i3vfe\")]"}
COMMAND: POST /session/e17b2d300284dfd621e67fe570e9cb9c/element - {"using":"xpath","value":"//span[contains(@id ,\"application-manageresources-display-component---detailRU--snappedTitle-inner\")][contains(text(), \"WdIORUEquip1i3vfe\")]"}
RESULT: {"using":"xpath","value":"//span[contains(@id ,\"application-manageresources-display-component---detailRU--snappedTitle-inner\")][contains(text(), \"WdIORUEquip1i3vfe\")]"}
COMMAND: POST /session/e17b2d300284dfd621e67fe570e9cb9c/element - {"using":"xpath","value":"//a[contains(@class ,\"sapMLnk sapMLnkMaxWidth sapUiTinyMarginTop\")][contains(text(), \"Yard Overview\")]"}
RESULT: {"using":"xpath","value":"//a[contains(@class ,\"sapMLnk sapMLnkMaxWidth sapUiTinyMarginTop\")][contains(text(), \"Yard Overview\")]"}
COMMAND: POST /session/e17b2d300284dfd621e67fe570e9cb9c/execute/sync - {"script":"<script> [8489 bytes]","args":[{"element-6066-11e4-a52e-4f735466cecf":"f.3EE29FDE339C3D4269C60DE74BD8FBA1.d.83C32F059DD041473F0307DB2A2DF34C.e.3652","ELEMENT":"f.3EE29FDE339C3D4269C60DE74BD8FBA1.d.83C32F059DD041473F0307DB2A2DF34C.e.3652"}]}
COMMAND: POST /session/e17b2d300284dfd621e67fe570e9cb9c/element - {"using":"xpath","value":"//a[contains(@class ,\"sapMLnk sapMLnkMaxWidth sapUiTinyMarginTop\")][contains(text(), \"Yard Address\")]"}
RESULT: {"using":"xpath","value":"//a[contains(@class ,\"sapMLnk sapMLnkMaxWidth sapUiTinyMarginTop\")][contains(text(), \"Yard Address\")]"}
COMMAND: POST /session/e17b2d300284dfd621e67fe570e9cb9c/execute/sync - {"script":"<script> [8489 bytes]","args":[{"element-6066-11e4-a52e-4f735466cecf":"f.3EE29FDE339C3D4269C60DE74BD8FBA1.d.83C32F059DD041473F0307DB2A2DF34C.e.3653","ELEMENT":"f.3EE29FDE339C3D4269C60DE74BD8FBA1.d.83C32F059DD041473F0307DB2A2DF34C.e.3653"}]}
COMMAND: POST /session/e17b2d300284dfd621e67fe570e9cb9c/element/f.3EE29FDE339C3D4269C60DE74BD8FBA1.d.83C32F059DD041473F0307DB2A2DF34C.e.3652/click - {}
RESULT: {"script":"<script> [8489 bytes]","args":[{"element-6066-11e4-a52e-4f735466cecf":"f.3EE29FDE339C3D4269C60DE74BD8FBA1.d.83C32F059DD041473F0307DB2A2DF34C.e.3652","ELEMENT":"f.3EE29FDE339C3D4269C60DE74BD8FBA1.d.83C32F059DD041473F0307DB2A2DF34C.e.3652"}]}
COMMAND: GET /session/e17b2d300284dfd621e67fe570e9cb9c/screenshot - {}
RESULT: {"script":"<script> [8489 bytes]","args":[{"element-6066-11e4-a52e-4f735466cecf":"f.3EE29FDE339C3D4269C60DE74BD8FBA1.d.83C32F059DD041473F0307DB2A2DF34C.e.3653","ELEMENT":"f.3EE29FDE339C3D4269C60DE74BD8FBA1.d.83C32F059DD041473F0307DB2A2DF34C.e.3653"}]}
COMMAND: GET /session/e17b2d300284dfd621e67fe570e9cb9c/screenshot - {}
COMMAND: POST /session/e17b2d300284dfd621e67fe570e9cb9c/element - {"using":"xpath","value":"//span[contains(@id ,\"application-manageresources-display-component---detailRU--snappedTitle-inner\")][contains(text(), \"WdIORUEquip1i3vfe\")]"}
RESULT: {}
COMMAND: GET /session/e17b2d300284dfd621e67fe570e9cb9c/screenshot - {}
RESULT: {}
RESULT: {}
RESULT: {"using":"xpath","value":"//span[contains(@id ,\"application-manageresources-display-component---detailRU--snappedTitle-inner\")][contains(text(), \"WdIORUEquip1i3vfe\")]"}
COMMAND: POST /session/e17b2d300284dfd621e67fe570e9cb9c/element - {"using":"xpath","value":"//span[contains(@id ,\"application-manageresources-display-component---detailRU--snappedTitle-inner\")][contains(text(), \"WdIORUEquip1i3vfe\")]"}
RESULT: {}
RESULT: {"using":"xpath","value":"//span[contains(@id ,\"application-manageresources-display-component---detailRU--snappedTitle-inner\")][contains(text(), \"WdIORUEquip1i3vfe\")]"}
COMMAND: POST /session/e17b2d300284dfd621e67fe570e9cb9c/element - {"using":"xpath","value":"//span[contains(@id ,\"application-manageresources-display-component---detailRU--snappedTitle-inner\")][contains(text(), \"WdIORUEquip1i3vfe\")]"}
RESULT: {"using":"xpath","value":"//span[contains(@id ,\"application-manageresources-display-component---detailRU--snappedTitle-inner\")][contains(text(), \"WdIORUEquip1i3vfe\")]"}
COMMAND: POST /session/e17b2d300284dfd621e67fe570e9cb9c/element - {"using":"xpath","value":"//span[contains(@id ,\"application-manageresources-display-component---detailRU--snappedTitle-inner\")][contains(text(), \"WdIORUEquip1i3vfe\")]"}
RESULT: {"using":"xpath","value":"//span[contains(@id ,\"application-manageresources-display-component---detailRU--snappedTitle-inner\")][contains(text(), \"WdIORUEquip1i3vfe\")]"}
COMMAND: POST /session/e17b2d300284dfd621e67fe570e9cb9c/element - {"using":"xpath","value":"//span[contains(@id ,\"application-manageresources-display-component---detailRU--snappedTitle-inner\")][contains(text(), \"WdIORUEquip1i3vfe\")]"}
RESULT: {"using":"xpath","value":"//span[contains(@id ,\"application-manageresources-display-component---detailRU--snappedTitle-inner\")][contains(text(), \"WdIORUEquip1i3vfe\")]"}
COMMAND: POST /session/e17b2d300284dfd621e67fe570e9cb9c/element - {"using":"xpath","value":"//span[contains(@id ,\"application-manageresources-display-component---detailRU--snappedTitle-inner\")][contains(text(), \"WdIORUEquip1i3vfe\")]"}
RESULT: {"using":"xpath","value":"//span[contains(@id ,\"application-manageresources-display-component---detailRU--snappedTitle-inner\")][contains(text(), \"WdIORUEquip1i3vfe\")]"}
COMMAND: POST /session/e17b2d300284dfd621e67fe570e9cb9c/element - {"using":"xpath","value":"//span[contains(@id ,\"application-manageresources-display-component---detailRU--snappedTitle-inner\")][contains(text(), \"WdIORUEquip1i3vfe\")]"}
RESULT: {"using":"xpath","value":"//span[contains(@id ,\"application-manageresources-display-component---detailRU--snappedTitle-inner\")][contains(text(), \"WdIORUEquip1i3vfe\")]"}
COMMAND: POST /session/e17b2d300284dfd621e67fe570e9cb9c/element - {"using":"xpath","value":"//span[contains(@id ,\"application-manageresources-display-component---detailRU--snappedTitle-inner\")][contains(text(), \"WdIORUEquip1i3vfe\")]"}
RESULT: {"using":"xpath","value":"//span[contains(@id ,\"application-manageresources-display-component---detailRU--snappedTitle-inner\")][contains(text(), \"WdIORUEquip1i3vfe\")]"}
COMMAND: POST /session/e17b2d300284dfd621e67fe570e9cb9c/element - {"using":"xpath","value":"//span[contains(@id ,\"application-manageresources-display-component---detailRU--snappedTitle-inner\")][contains(text(), \"WdIORUEquip1i3vfe\")]"}
RESULT: {"using":"xpath","value":"//span[contains(@id ,\"application-manageresources-display-component---detailRU--snappedTitle-inner\")][contains(text(), \"WdIORUEquip1i3vfe\")]"}
COMMAND: POST /session/e17b2d300284dfd621e67fe570e9cb9c/element - {"using":"xpath","value":"//span[contains(@id ,\"application-manageresources-display-component---detailRU--snappedTitle-inner\")][contains(text(), \"WdIORUEquip1i3vfe\")]"}
RESULT: {"using":"xpath","value":"//span[contains(@id ,\"application-manageresources-display-component---detailRU--snappedTitle-inner\")][contains(text(), \"WdIORUEquip1i3vfe\")]"}
COMMAND: POST /session/e17b2d300284dfd621e67fe570e9cb9c/element - {"using":"xpath","value":"//span[contains(@id ,\"application-manageresources-display-component---detailRU--snappedTitle-inner\")][contains(text(), \"WdIORUEquip1i3vfe\")]"}
RESULT: {"using":"xpath","value":"//span[contains(@id ,\"application-manageresources-display-component---detailRU--snappedTitle-inner\")][contains(text(), \"WdIORUEquip1i3vfe\")]"}
COMMAND: POST /session/e17b2d300284dfd621e67fe570e9cb9c/element - {"using":"xpath","value":"//span[contains(@id ,\"application-manageresources-display-component---detailRU--snappedTitle-inner\")][contains(text(), \"WdIORUEquip1i3vfe\")]"}
RESULT: {"using":"xpath","value":"//span[contains(@id ,\"application-manageresources-display-component---detailRU--snappedTitle-inner\")][contains(text(), \"WdIORUEquip1i3vfe\")]"}
COMMAND: POST /session/e17b2d300284dfd621e67fe570e9cb9c/element - {"using":"xpath","value":"//span[contains(@id ,\"application-manageresources-display-component---detailRU--snappedTitle-inner\")][contains(text(), \"WdIORUEquip1i3vfe\")]"}
RESULT: {"using":"xpath","value":"//span[contains(@id ,\"application-manageresources-display-component---detailRU--snappedTitle-inner\")][contains(text(), \"WdIORUEquip1i3vfe\")]"}
COMMAND: POST /session/e17b2d300284dfd621e67fe570e9cb9c/element - {"using":"xpath","value":"//span[contains(@id ,\"application-manageresources-display-component---detailRU--snappedTitle-inner\")][contains(text(), \"WdIORUEquip1i3vfe\")]"}
RESULT: {"using":"xpath","value":"//span[contains(@id ,\"application-manageresources-display-component---detailRU--snappedTitle-inner\")][contains(text(), \"WdIORUEquip1i3vfe\")]"}
COMMAND: POST /session/e17b2d300284dfd621e67fe570e9cb9c/element - {"using":"xpath","value":"//span[contains(@id ,\"application-manageresources-display-component---detailRU--snappedTitle-inner\")][contains(text(), \"WdIORUEquip1i3vfe\")]"}
RESULT: {"using":"xpath","value":"//span[contains(@id ,\"application-manageresources-display-component---detailRU--snappedTitle-inner\")][contains(text(), \"WdIORUEquip1i3vfe\")]"}
COMMAND: POST /session/e17b2d300284dfd621e67fe570e9cb9c/element - {"using":"xpath","value":"//span[contains(@id ,\"application-manageresources-display-component---detailRU--snappedTitle-inner\")][contains(text(), \"WdIORUEquip1i3vfe\")]"}
RESULT: {"using":"xpath","value":"//span[contains(@id ,\"application-manageresources-display-component---detailRU--snappedTitle-inner\")][contains(text(), \"WdIORUEquip1i3vfe\")]"}
COMMAND: POST /session/e17b2d300284dfd621e67fe570e9cb9c/element - {"using":"xpath","value":"//span[contains(@id ,\"application-manageresources-display-component---detailRU--snappedTitle-inner\")][contains(text(), \"WdIORUEquip1i3vfe\")]"}
RESULT: {"using":"xpath","value":"//span[contains(@id ,\"application-manageresources-display-component---detailRU--snappedTitle-inner\")][contains(text(), \"WdIORUEquip1i3vfe\")]"}
COMMAND: POST /session/e17b2d300284dfd621e67fe570e9cb9c/element - {"using":"xpath","value":"//span[contains(@id ,\"application-manageresources-display-component---detailRU--snappedTitle-inner\")][contains(text(), \"WdIORUEquip1i3vfe\")]"}
RESULT: {"using":"xpath","value":"//span[contains(@id ,\"application-manageresources-display-component---detailRU--snappedTitle-inner\")][contains(text(), \"WdIORUEquip1i3vfe\")]"}
COMMAND: POST /session/e17b2d300284dfd621e67fe570e9cb9c/element - {"using":"xpath","value":"//span[contains(@id ,\"application-manageresources-display-component---detailRU--snappedTitle-inner\")][contains(text(), \"WdIORUEquip1i3vfe\")]"}
RESULT: {"using":"xpath","value":"//span[contains(@id ,\"application-manageresources-display-component---detailRU--snappedTitle-inner\")][contains(text(), \"WdIORUEquip1i3vfe\")]"}
COMMAND: POST /session/e17b2d300284dfd621e67fe570e9cb9c/element - {"using":"xpath","value":"//span[contains(@id ,\"application-manageresources-display-component---detailRU--snappedTitle-inner\")][contains(text(), \"WdIORUEquip1i3vfe\")]"}
RESULT: {"using":"xpath","value":"//span[contains(@id ,\"application-manageresources-display-component---detailRU--snappedTitle-inner\")][contains(text(), \"WdIORUEquip1i3vfe\")]"}
COMMAND: POST /session/e17b2d300284dfd621e67fe570e9cb9c/element - {"using":"xpath","value":"//span[contains(@id ,\"application-manageresources-display-component---detailRU--snappedTitle-inner\")][contains(text(), \"WdIORUEquip1i3vfe\")]"}
RESULT: {"using":"xpath","value":"//span[contains(@id ,\"application-manageresources-display-component---detailRU--snappedTitle-inner\")][contains(text(), \"WdIORUEquip1i3vfe\")]"}
COMMAND: POST /session/e17b2d300284dfd621e67fe570e9cb9c/element - {"using":"xpath","value":"//span[contains(@id ,\"application-manageresources-display-component---detailRU--snappedTitle-inner\")][contains(text(), \"WdIORUEquip1i3vfe\")]"}
RESULT: {"using":"xpath","value":"//span[contains(@id ,\"application-manageresources-display-component---detailRU--snappedTitle-inner\")][contains(text(), \"WdIORUEquip1i3vfe\")]"}
COMMAND: POST /session/e17b2d300284dfd621e67fe570e9cb9c/element - {"using":"xpath","value":"//span[contains(@id ,\"application-manageresources-display-component---detailRU--snappedTitle-inner\")][contains(text(), \"WdIORUEquip1i3vfe\")]"}
RESULT: {"using":"xpath","value":"//span[contains(@id ,\"application-manageresources-display-component---detailRU--snappedTitle-inner\")][contains(text(), \"WdIORUEquip1i3vfe\")]"}
COMMAND: POST /session/e17b2d300284dfd621e67fe570e9cb9c/element - {"using":"xpath","value":"//span[contains(@id ,\"application-manageresources-display-component---detailRU--snappedTitle-inner\")][contains(text(), \"WdIORUEquip1i3vfe\")]"}
RESULT: {"using":"xpath","value":"//span[contains(@id ,\"application-manageresources-display-component---detailRU--snappedTitle-inner\")][contains(text(), \"WdIORUEquip1i3vfe\")]"}
COMMAND: POST /session/e17b2d300284dfd621e67fe570e9cb9c/element - {"using":"xpath","value":"//span[contains(@id ,\"application-manageresources-display-component---detailRU--snappedTitle-inner\")][contains(text(), \"WdIORUEquip1i3vfe\")]"}
RESULT: {"using":"xpath","value":"//span[contains(@id ,\"application-manageresources-display-component---detailRU--snappedTitle-inner\")][contains(text(), \"WdIORUEquip1i3vfe\")]"}
COMMAND: POST /session/e17b2d300284dfd621e67fe570e9cb9c/element - {"using":"xpath","value":"//span[contains(@id ,\"application-manageresources-display-component---detailRU--snappedTitle-inner\")][contains(text(), \"WdIORUEquip1i3vfe\")]"}
RESULT: {"using":"xpath","value":"//span[contains(@id ,\"application-manageresources-display-component---detailRU--snappedTitle-inner\")][contains(text(), \"WdIORUEquip1i3vfe\")]"}
COMMAND: POST /session/e17b2d300284dfd621e67fe570e9cb9c/element - {"using":"xpath","value":"//span[contains(@id ,\"application-manageresources-display-component---detailRU--snappedTitle-inner\")][contains(text(), \"WdIORUEquip1i3vfe\")]"}
RESULT: {"using":"xpath","value":"//span[contains(@id ,\"application-manageresources-display-component---detailRU--snappedTitle-inner\")][contains(text(), \"WdIORUEquip1i3vfe\")]"}
RESULT: undefined
COMMAND: POST /session/e17b2d300284dfd621e67fe570e9cb9c/execute/async - {"script":"<script> [6424 bytes]","args":[{"element-6066-11e4-a52e-4f735466cecf":"f.3EE29FDE339C3D4269C60DE74BD8FBA1.d.83C32F059DD041473F0307DB2A2DF34C.e.3050"},"getTitle",[]]}
COMMAND: POST /session/e17b2d300284dfd621e67fe570e9cb9c/execute/async - {"script":"<script> [1562 bytes]","args":[{"selector":{"id":"shellAppTitle"},"wdio_ui5_key":"shellAppTitle"}]}
COMMAND: POST /session/e17b2d300284dfd621e67fe570e9cb9c/element - {"using":"xpath","value":"//span[contains(@id ,\"application-manageresources-display-component---detailRU--snappedTitle-inner\")][contains(text(), \"WdIORUEquip1i3vfe\")]"}
RESULT: {"script":"<script> [1562 bytes]","args":[{"selector":{"id":"shellAppTitle"},"wdio_ui5_key":"shellAppTitle"}]}
COMMAND: POST /session/e17b2d300284dfd621e67fe570e9cb9c/execute/async - {"script":"<script> [6424 bytes]","args":[{"element-6066-11e4-a52e-4f735466cecf":"f.3EE29FDE339C3D4269C60DE74BD8FBA1.d.83C32F059DD041473F0307DB2A2DF34C.e.3791"},"getTitle",[]]}
RESULT: {"using":"xpath","value":"//span[contains(@id ,\"application-manageresources-display-component---detailRU--snappedTitle-inner\")][contains(text(), \"WdIORUEquip1i3vfe\")]"}
RESULT: {"script":"<script> [6424 bytes]","args":[{"element-6066-11e4-a52e-4f735466cecf":"f.3EE29FDE339C3D4269C60DE74BD8FBA1.d.83C32F059DD041473F0307DB2A2DF34C.e.3791"},"getTitle",[]]}
COMMAND: POST /session/e17b2d300284dfd621e67fe570e9cb9c/element - {"using":"xpath","value":"(//span[contains(text(), \"WebdriverYardbo7m\")])[2]"}
RESULT: {"using":"xpath","value":"(//span[contains(text(), \"WebdriverYardbo7m\")])[2]"}
COMMAND: POST /session/e17b2d300284dfd621e67fe570e9cb9c/execute/sync - {"script":"<script> [8489 bytes]","args":[{"element-6066-11e4-a52e-4f735466cecf":"f.3EE29FDE339C3D4269C60DE74BD8FBA1.d.83C32F059DD041473F0307DB2A2DF34C.e.3792","ELEMENT":"f.3EE29FDE339C3D4269C60DE74BD8FBA1.d.83C32F059DD041473F0307DB2A2DF34C.e.3792"}]}
RESULT: undefined
COMMAND: POST /session/e17b2d300284dfd621e67fe570e9cb9c/element - {"using":"xpath","value":"//*[@id=\"backBtn\"]"}
RESULT: {"using":"xpath","value":"//*[@id=\"backBtn\"]"}
COMMAND: POST /session/e17b2d300284dfd621e67fe570e9cb9c/element/f.3EE29FDE339C3D4269C60DE74BD8FBA1.d.83C32F059DD041473F0307DB2A2DF34C.e.3052/click - {}
RESULT: {"script":"<script> [8489 bytes]","args":[{"element-6066-11e4-a52e-4f735466cecf":"f.3EE29FDE339C3D4269C60DE74BD8FBA1.d.83C32F059DD041473F0307DB2A2DF34C.e.3792","ELEMENT":"f.3EE29FDE339C3D4269C60DE74BD8FBA1.d.83C32F059DD041473F0307DB2A2DF34C.e.3792"}]}
COMMAND: GET /session/e17b2d300284dfd621e67fe570e9cb9c/screenshot - {}
COMMAND: POST /session/e17b2d300284dfd621e67fe570e9cb9c/element - {"using":"xpath","value":"//span[contains(@id ,\"application-manageresources-display-component---detailRU--snappedTitle-inner\")][contains(text(), \"WdIORUEquip1i3vfe\")]"}
RESULT: {}
COMMAND: GET /session/e17b2d300284dfd621e67fe570e9cb9c/screenshot - {}
COMMAND: POST /session/e17b2d300284dfd621e67fe570e9cb9c/execute/sync - {"script":"<script> [8489 bytes]","args":[{"element-6066-11e4-a52e-4f735466cecf":"f.3EE29FDE339C3D4269C60DE74BD8FBA1.d.83C32F059DD041473F0307DB2A2DF34C.e.3792","ELEMENT":"f.3EE29FDE339C3D4269C60DE74BD8FBA1.d.83C32F059DD041473F0307DB2A2DF34C.e.3792"}]}
RESULT: {}
RESULT: {"using":"xpath","value":"//span[contains(@id ,\"application-manageresources-display-component---detailRU--snappedTitle-inner\")][contains(text(), \"WdIORUEquip1i3vfe\")]"}
RESULT: {}
COMMAND: POST /session/e17b2d300284dfd621e67fe570e9cb9c/element - {"using":"xpath","value":"(//span[contains(text(), \"WebdriverYardbo7m\")])[2]"}
RESULT: {"using":"xpath","value":"(//span[contains(text(), \"WebdriverYardbo7m\")])[2]"}
COMMAND: POST /session/e17b2d300284dfd621e67fe570e9cb9c/element - {"using":"xpath","value":"(//span[contains(text(), \"WebdriverYardbo7m\")])[2]"}
RESULT: {"using":"xpath","value":"(//span[contains(text(), \"WebdriverYardbo7m\")])[2]"}
COMMAND: POST /session/e17b2d300284dfd621e67fe570e9cb9c/element - {"using":"xpath","value":"//span[contains(@id ,\"application-manageresources-display-component---detailRU--snappedTitle-inner\")][contains(text(), \"WdIORUEquip1i3vfe\")]"}
COMMAND: POST /session/e17b2d300284dfd621e67fe570e9cb9c/element - {"using":"xpath","value":"(//span[contains(text(), \"WebdriverYardbo7m\")])[2]"}
RESULT: {"using":"xpath","value":"//span[contains(@id ,\"application-manageresources-display-component---detailRU--snappedTitle-inner\")][contains(text(), \"WdIORUEquip1i3vfe\")]"}
RESULT: {"using":"xpath","value":"(//span[contains(text(), \"WebdriverYardbo7m\")])[2]"}
COMMAND: POST /session/e17b2d300284dfd621e67fe570e9cb9c/element - {"using":"xpath","value":"//span[contains(@id ,\"application-manageresources-display-component---detailRU--snappedTitle-inner\")][contains(text(), \"WdIORUEquip1i3vfe\")]"}
COMMAND: POST /session/e17b2d300284dfd621e67fe570e9cb9c/element - {"using":"xpath","value":"(//span[contains(text(), \"WebdriverYardbo7m\")])[2]"}
RESULT: {"using":"xpath","value":"//span[contains(@id ,\"application-manageresources-display-component---detailRU--snappedTitle-inner\")][contains(text(), \"WdIORUEquip1i3vfe\")]"}
RESULT: {"using":"xpath","value":"(//span[contains(text(), \"WebdriverYardbo7m\")])[2]"}
COMMAND: POST /session/e17b2d300284dfd621e67fe570e9cb9c/element - {"using":"xpath","value":"//span[contains(@id ,\"application-manageresources-display-component---detailRU--snappedTitle-inner\")][contains(text(), \"WdIORUEquip1i3vfe\")]"}
COMMAND: POST /session/e17b2d300284dfd621e67fe570e9cb9c/element - {"using":"xpath","value":"(//span[contains(text(), \"WebdriverYardbo7m\")])[2]"}
RESULT: {"using":"xpath","value":"//span[contains(@id ,\"application-manageresources-display-component---detailRU--snappedTitle-inner\")][contains(text(), \"WdIORUEquip1i3vfe\")]"}
RESULT: {"using":"xpath","value":"(//span[contains(text(), \"WebdriverYardbo7m\")])[2]"}
COMMAND: POST /session/e17b2d300284dfd621e67fe570e9cb9c/execute/sync - {"script":"<script> [8489 bytes]","args":[{"element-6066-11e4-a52e-4f735466cecf":"f.3EE29FDE339C3D4269C60DE74BD8FBA1.d.83C32F059DD041473F0307DB2A2DF34C.e.4081","ELEMENT":"f.3EE29FDE339C3D4269C60DE74BD8FBA1.d.83C32F059DD041473F0307DB2A2DF34C.e.4081"}]}
RESULT: {"script":"<script> [8489 bytes]","args":[{"element-6066-11e4-a52e-4f735466cecf":"f.3EE29FDE339C3D4269C60DE74BD8FBA1.d.83C32F059DD041473F0307DB2A2DF34C.e.4081","ELEMENT":"f.3EE29FDE339C3D4269C60DE74BD8FBA1.d.83C32F059DD041473F0307DB2A2DF34C.e.4081"}]}
COMMAND: GET /session/e17b2d300284dfd621e67fe570e9cb9c/screenshot - {}
RESULT: {}
COMMAND: POST /session/e17b2d300284dfd621e67fe570e9cb9c/element - {"using":"xpath","value":"//span[contains(@id ,\"application-manageresources-display-component---detailRU--snappedTitle-inner\")][contains(text(), \"WdIORUEquip1i3vfe\")]"}
RESULT: {"using":"xpath","value":"//span[contains(@id ,\"application-manageresources-display-component---detailRU--snappedTitle-inner\")][contains(text(), \"WdIORUEquip1i3vfe\")]"}
COMMAND: POST /session/e17b2d300284dfd621e67fe570e9cb9c/element - {"using":"xpath","value":"//span[contains(@id ,\"application-manageresources-display-component---detailRU--snappedTitle-inner\")][contains(text(), \"WdIORUEquip1i3vfe\")]"}
RESULT: {"using":"xpath","value":"//span[contains(@id ,\"application-manageresources-display-component---detailRU--snappedTitle-inner\")][contains(text(), \"WdIORUEquip1i3vfe\")]"}
COMMAND: POST /session/e17b2d300284dfd621e67fe570e9cb9c/element - {"using":"xpath","value":"//span[contains(@id ,\"application-manageresources-display-component---detailRU--snappedTitle-inner\")][contains(text(), \"WdIORUEquip1i3vfe\")]"}
RESULT: {"using":"xpath","value":"//span[contains(@id ,\"application-manageresources-display-component---detailRU--snappedTitle-inner\")][contains(text(), \"WdIORUEquip1i3vfe\")]"}
COMMAND: POST /session/e17b2d300284dfd621e67fe570e9cb9c/element - {"using":"xpath","value":"//span[contains(@id ,\"application-manageresources-display-component---detailRU--snappedTitle-inner\")][contains(text(), \"WdIORUEquip1i3vfe\")]"}
RESULT: {"using":"xpath","value":"//span[contains(@id ,\"application-manageresources-display-component---detailRU--snappedTitle-inner\")][contains(text(), \"WdIORUEquip1i3vfe\")]"}
COMMAND: POST /session/e17b2d300284dfd621e67fe570e9cb9c/element - {"using":"xpath","value":"//span[contains(@id ,\"application-manageresources-display-component---detailRU--snappedTitle-inner\")][contains(text(), \"WdIORUEquip1i3vfe\")]"}
RESULT: {"using":"xpath","value":"//span[contains(@id ,\"application-manageresources-display-component---detailRU--snappedTitle-inner\")][contains(text(), \"WdIORUEquip1i3vfe\")]"}
COMMAND: POST /session/e17b2d300284dfd621e67fe570e9cb9c/element - {"using":"xpath","value":"//span[contains(@id ,\"application-manageresources-display-component---detailRU--snappedTitle-inner\")][contains(text(), \"WdIORUEquip1i3vfe\")]"}
RESULT: {"using":"xpath","value":"//span[contains(@id ,\"application-manageresources-display-component---detailRU--snappedTitle-inner\")][contains(text(), \"WdIORUEquip1i3vfe\")]"}
COMMAND: POST /session/e17b2d300284dfd621e67fe570e9cb9c/element - {"using":"xpath","value":"//span[contains(@id ,\"application-manageresources-display-component---detailRU--snappedTitle-inner\")][contains(text(), \"WdIORUEquip1i3vfe\")]"}
RESULT: {"using":"xpath","value":"//span[contains(@id ,\"application-manageresources-display-component---detailRU--snappedTitle-inner\")][contains(text(), \"WdIORUEquip1i3vfe\")]"}
COMMAND: POST /session/e17b2d300284dfd621e67fe570e9cb9c/element - {"using":"xpath","value":"//span[contains(@id ,\"application-manageresources-display-component---detailRU--snappedTitle-inner\")][contains(text(), \"WdIORUEquip1i3vfe\")]"}
RESULT: {"using":"xpath","value":"//span[contains(@id ,\"application-manageresources-display-component---detailRU--snappedTitle-inner\")][contains(text(), \"WdIORUEquip1i3vfe\")]"}
COMMAND: POST /session/e17b2d300284dfd621e67fe570e9cb9c/element - {"using":"xpath","value":"//span[contains(@id ,\"application-manageresources-display-component---detailRU--snappedTitle-inner\")][contains(text(), \"WdIORUEquip1i3vfe\")]"}
RESULT: {"using":"xpath","value":"//span[contains(@id ,\"application-manageresources-display-component---detailRU--snappedTitle-inner\")][contains(text(), \"WdIORUEquip1i3vfe\")]"}
COMMAND: POST /session/e17b2d300284dfd621e67fe570e9cb9c/element - {"using":"xpath","value":"//span[contains(@id ,\"application-manageresources-display-component---detailRU--snappedTitle-inner\")][contains(text(), \"WdIORUEquip1i3vfe\")]"}
RESULT: {"using":"xpath","value":"//span[contains(@id ,\"application-manageresources-display-component---detailRU--snappedTitle-inner\")][contains(text(), \"WdIORUEquip1i3vfe\")]"}
COMMAND: POST /session/e17b2d300284dfd621e67fe570e9cb9c/element - {"using":"xpath","value":"//span[contains(@id ,\"application-manageresources-display-component---detailRU--snappedTitle-inner\")][contains(text(), \"WdIORUEquip1i3vfe\")]"}
RESULT: {"using":"xpath","value":"//span[contains(@id ,\"application-manageresources-display-component---detailRU--snappedTitle-inner\")][contains(text(), \"WdIORUEquip1i3vfe\")]"}
COMMAND: POST /session/e17b2d300284dfd621e67fe570e9cb9c/element - {"using":"xpath","value":"//span[contains(@id ,\"application-manageresources-display-component---detailRU--snappedTitle-inner\")][contains(text(), \"WdIORUEquip1i3vfe\")]"}
RESULT: {"using":"xpath","value":"//span[contains(@id ,\"application-manageresources-display-component---detailRU--snappedTitle-inner\")][contains(text(), \"WdIORUEquip1i3vfe\")]"}
COMMAND: POST /session/e17b2d300284dfd621e67fe570e9cb9c/element - {"using":"xpath","value":"//span[contains(@id ,\"application-manageresources-display-component---detailRU--snappedTitle-inner\")][contains(text(), \"WdIORUEquip1i3vfe\")]"}
RESULT: {"using":"xpath","value":"//span[contains(@id ,\"application-manageresources-display-component---detailRU--snappedTitle-inner\")][contains(text(), \"WdIORUEquip1i3vfe\")]"}
COMMAND: POST /session/e17b2d300284dfd621e67fe570e9cb9c/element - {"using":"xpath","value":"//span[contains(@id ,\"application-manageresources-display-component---detailRU--snappedTitle-inner\")][contains(text(), \"WdIORUEquip1i3vfe\")]"}
RESULT: {"using":"xpath","value":"//span[contains(@id ,\"application-manageresources-display-component---detailRU--snappedTitle-inner\")][contains(text(), \"WdIORUEquip1i3vfe\")]"}
COMMAND: POST /session/e17b2d300284dfd621e67fe570e9cb9c/element - {"using":"xpath","value":"//span[contains(@id ,\"application-manageresources-display-component---detailRU--snappedTitle-inner\")][contains(text(), \"WdIORUEquip1i3vfe\")]"}
RESULT: {"using":"xpath","value":"//span[contains(@id ,\"application-manageresources-display-component---detailRU--snappedTitle-inner\")][contains(text(), \"WdIORUEquip1i3vfe\")]"}
COMMAND: POST /session/e17b2d300284dfd621e67fe570e9cb9c/element - {"using":"xpath","value":"//span[contains(@id ,\"application-manageresources-display-component---detailRU--snappedTitle-inner\")][contains(text(), \"WdIORUEquip1i3vfe\")]"}
RESULT: {"using":"xpath","value":"//span[contains(@id ,\"application-manageresources-display-component---detailRU--snappedTitle-inner\")][contains(text(), \"WdIORUEquip1i3vfe\")]"}
COMMAND: POST /session/e17b2d300284dfd621e67fe570e9cb9c/element - {"using":"xpath","value":"//span[contains(@id ,\"application-manageresources-display-component---detailRU--snappedTitle-inner\")][contains(text(), \"WdIORUEquip1i3vfe\")]"}
RESULT: {"using":"xpath","value":"//span[contains(@id ,\"application-manageresources-display-component---detailRU--snappedTitle-inner\")][contains(text(), \"WdIORUEquip1i3vfe\")]"}
COMMAND: POST /session/e17b2d300284dfd621e67fe570e9cb9c/element - {"using":"xpath","value":"//span[contains(@id ,\"application-manageresources-display-component---detailRU--snappedTitle-inner\")][contains(text(), \"WdIORUEquip1i3vfe\")]"}
RESULT: {"using":"xpath","value":"//span[contains(@id ,\"application-manageresources-display-component---detailRU--snappedTitle-inner\")][contains(text(), \"WdIORUEquip1i3vfe\")]"}
COMMAND: POST /session/e17b2d300284dfd621e67fe570e9cb9c/element - {"using":"xpath","value":"//span[contains(@id ,\"application-manageresources-display-component---detailRU--snappedTitle-inner\")][contains(text(), \"WdIORUEquip1i3vfe\")]"}
RESULT: {"using":"xpath","value":"//span[contains(@id ,\"application-manageresources-display-component---detailRU--snappedTitle-inner\")][contains(text(), \"WdIORUEquip1i3vfe\")]"}
COMMAND: POST /session/e17b2d300284dfd621e67fe570e9cb9c/element - {"using":"xpath","value":"//bdi[contains(@id ,\"application-manageresources-display-component---detailRU--openRelatedRus-BDI-content\")]"}
RESULT: {"using":"xpath","value":"//bdi[contains(@id ,\"application-manageresources-display-component---detailRU--openRelatedRus-BDI-content\")]"}
COMMAND: POST /session/e17b2d300284dfd621e67fe570e9cb9c/execute/sync - {"script":"<script> [8489 bytes]","args":[{"element-6066-11e4-a52e-4f735466cecf":"f.3EE29FDE339C3D4269C60DE74BD8FBA1.d.83C32F059DD041473F0307DB2A2DF34C.e.4082","ELEMENT":"f.3EE29FDE339C3D4269C60DE74BD8FBA1.d.83C32F059DD041473F0307DB2A2DF34C.e.4082"}]}
RESULT: {"script":"<script> [8489 bytes]","args":[{"element-6066-11e4-a52e-4f735466cecf":"f.3EE29FDE339C3D4269C60DE74BD8FBA1.d.83C32F059DD041473F0307DB2A2DF34C.e.4082","ELEMENT":"f.3EE29FDE339C3D4269C60DE74BD8FBA1.d.83C32F059DD041473F0307DB2A2DF34C.e.4082"}]}
COMMAND: POST /session/e17b2d300284dfd621e67fe570e9cb9c/execute/sync - {"script":"<script> [5351 bytes]","args":[{"element-6066-11e4-a52e-4f735466cecf":"f.3EE29FDE339C3D4269C60DE74BD8FBA1.d.83C32F059DD041473F0307DB2A2DF34C.e.4082","ELEMENT":"f.3EE29FDE339C3D4269C60DE74BD8FBA1.d.83C32F059DD041473F0307DB2A2DF34C.e.4082"}]}
COMMAND: GET /session/e17b2d300284dfd621e67fe570e9cb9c/screenshot - {}
RESULT: {"script":"<script> [5351 bytes]","args":[{"element-6066-11e4-a52e-4f735466cecf":"f.3EE29FDE339C3D4269C60DE74BD8FBA1.d.83C32F059DD041473F0307DB2A2DF34C.e.4082","ELEMENT":"f.3EE29FDE339C3D4269C60DE74BD8FBA1.d.83C32F059DD041473F0307DB2A2DF34C.e.4082"}]}
COMMAND: POST /session/e17b2d300284dfd621e67fe570e9cb9c/element/f.3EE29FDE339C3D4269C60DE74BD8FBA1.d.83C32F059DD041473F0307DB2A2DF34C.e.4082/click - {}
COMMAND: GET /session/e17b2d300284dfd621e67fe570e9cb9c/screenshot - {}
RESULT: {}
COMMAND: POST /session/e17b2d300284dfd621e67fe570e9cb9c/element - {"using":"xpath","value":"//span[contains(@id ,\"application-manageresources-display-component---detailRU--snappedTitle-inner\")][contains(text(), \"WdIORUEquip1i3vfe\")]"}
RESULT: {}
COMMAND: GET /session/e17b2d300284dfd621e67fe570e9cb9c/screenshot - {}
RESULT: {}
RESULT: {"using":"xpath","value":"//span[contains(@id ,\"application-manageresources-display-component---detailRU--snappedTitle-inner\")][contains(text(), \"WdIORUEquip1i3vfe\")]"}
RESULT: {}
COMMAND: POST /session/e17b2d300284dfd621e67fe570e9cb9c/element - {"using":"xpath","value":"//span[contains(@id ,\"application-manageresources-display-component---detailRU--snappedTitle-inner\")][contains(text(), \"WdIORUEquip1i3vfe\")]"}
RESULT: {"using":"xpath","value":"//span[contains(@id ,\"application-manageresources-display-component---detailRU--snappedTitle-inner\")][contains(text(), \"WdIORUEquip1i3vfe\")]"}
COMMAND: POST /session/e17b2d300284dfd621e67fe570e9cb9c/element - {"using":"xpath","value":"//span[contains(@id ,\"application-manageresources-display-component---detailRU--snappedTitle-inner\")][contains(text(), \"WdIORUEquip1i3vfe\")]"}
RESULT: {"using":"xpath","value":"//span[contains(@id ,\"application-manageresources-display-component---detailRU--snappedTitle-inner\")][contains(text(), \"WdIORUEquip1i3vfe\")]"}
COMMAND: POST /session/e17b2d300284dfd621e67fe570e9cb9c/element - {"using":"xpath","value":"//span[contains(@id ,\"application-manageresources-display-component---detailRU--snappedTitle-inner\")][contains(text(), \"WdIORUEquip1i3vfe\")]"}
RESULT: {"using":"xpath","value":"//span[contains(@id ,\"application-manageresources-display-component---detailRU--snappedTitle-inner\")][contains(text(), \"WdIORUEquip1i3vfe\")]"}
COMMAND: POST /session/e17b2d300284dfd621e67fe570e9cb9c/element - {"using":"xpath","value":"//span[contains(@id ,\"application-manageresources-display-component---detailRU--snappedTitle-inner\")][contains(text(), \"WdIORUEquip1i3vfe\")]"}
RESULT: {"using":"xpath","value":"//span[contains(@id ,\"application-manageresources-display-component---detailRU--snappedTitle-inner\")][contains(text(), \"WdIORUEquip1i3vfe\")]"}
COMMAND: POST /session/e17b2d300284dfd621e67fe570e9cb9c/element - {"using":"xpath","value":"//span[contains(@id ,\"application-manageresources-display-component---detailRU--snappedTitle-inner\")][contains(text(), \"WdIORUEquip1i3vfe\")]"}
RESULT: {"using":"xpath","value":"//span[contains(@id ,\"application-manageresources-display-component---detailRU--snappedTitle-inner\")][contains(text(), \"WdIORUEquip1i3vfe\")]"}
COMMAND: POST /session/e17b2d300284dfd621e67fe570e9cb9c/element - {"using":"xpath","value":"//span[contains(@id ,\"application-manageresources-display-component---detailRU--snappedTitle-inner\")][contains(text(), \"WdIORUEquip1i3vfe\")]"}
RESULT: {"using":"xpath","value":"//span[contains(@id ,\"application-manageresources-display-component---detailRU--snappedTitle-inner\")][contains(text(), \"WdIORUEquip1i3vfe\")]"}
COMMAND: POST /session/e17b2d300284dfd621e67fe570e9cb9c/element - {"using":"xpath","value":"//span[contains(@id ,\"application-manageresources-display-component---detailRU--snappedTitle-inner\")][contains(text(), \"WdIORUEquip1i3vfe\")]"}
RESULT: {"using":"xpath","value":"//span[contains(@id ,\"application-manageresources-display-component---detailRU--snappedTitle-inner\")][contains(text(), \"WdIORUEquip1i3vfe\")]"}
COMMAND: POST /session/e17b2d300284dfd621e67fe570e9cb9c/element - {"using":"xpath","value":"//span[contains(@id ,\"application-manageresources-display-component---detailRU--snappedTitle-inner\")][contains(text(), \"WdIORUEquip1i3vfe\")]"}
RESULT: {"using":"xpath","value":"//span[contains(@id ,\"application-manageresources-display-component---detailRU--snappedTitle-inner\")][contains(text(), \"WdIORUEquip1i3vfe\")]"}
COMMAND: POST /session/e17b2d300284dfd621e67fe570e9cb9c/element/f.3EE29FDE339C3D4269C60DE74BD8FBA1.d.83C32F059DD041473F0307DB2A2DF34C.e.3650/click - {}
COMMAND: POST /session/e17b2d300284dfd621e67fe570e9cb9c/element - {"using":"xpath","value":"//*[contains(@data-kt ,\"openLocationActionMenuLink\")]"}
RESULT: {"using":"xpath","value":"//*[contains(@data-kt ,\"openLocationActionMenuLink\")]"}
COMMAND: POST /session/e17b2d300284dfd621e67fe570e9cb9c/element/f.3EE29FDE339C3D4269C60DE74BD8FBA1.d.83C32F059DD041473F0307DB2A2DF34C.e.3650/click - {}
COMMAND: POST /session/e17b2d300284dfd621e67fe570e9cb9c/element - {"using":"xpath","value":"//*[contains(@data-kt ,\"openLocationActionMenuLink\")]"}
RESULT: {"using":"xpath","value":"//*[contains(@data-kt ,\"openLocationActionMenuLink\")]"}
COMMAND: POST /session/e17b2d300284dfd621e67fe570e9cb9c/element/f.3EE29FDE339C3D4269C60DE74BD8FBA1.d.83C32F059DD041473F0307DB2A2DF34C.e.4087/click - {}
COMMAND: POST /session/e17b2d300284dfd621e67fe570e9cb9c/element - {"using":"xpath","value":"//span[contains(@id ,\"application-manageresources-display-component---detailRU--snappedTitle-inner\")][contains(text(), \"WdIORUEquip1i3vfe\")]"}
RESULT: {}
COMMAND: GET /session/e17b2d300284dfd621e67fe570e9cb9c/screenshot - {}
RESULT: {"using":"xpath","value":"//span[contains(@id ,\"application-manageresources-display-component---detailRU--snappedTitle-inner\")][contains(text(), \"WdIORUEquip1i3vfe\")]"}
RESULT: {}
COMMAND: POST /session/e17b2d300284dfd621e67fe570e9cb9c/element - {"using":"xpath","value":"//span[contains(@id ,\"application-manageresources-display-component---detailRU--snappedTitle-inner\")][contains(text(), \"WdIORUEquip1i3vfe\")]"}
RESULT: {"using":"xpath","value":"//span[contains(@id ,\"application-manageresources-display-component---detailRU--snappedTitle-inner\")][contains(text(), \"WdIORUEquip1i3vfe\")]"}
COMMAND: POST /session/e17b2d300284dfd621e67fe570e9cb9c/element - {"using":"xpath","value":"//span[contains(@id ,\"application-manageresources-display-component---detailRU--snappedTitle-inner\")][contains(text(), \"WdIORUEquip1i3vfe\")]"}
RESULT: {"using":"xpath","value":"//span[contains(@id ,\"application-manageresources-display-component---detailRU--snappedTitle-inner\")][contains(text(), \"WdIORUEquip1i3vfe\")]"}
COMMAND: POST /session/e17b2d300284dfd621e67fe570e9cb9c/element - {"using":"xpath","value":"//span[contains(@id ,\"application-manageresources-display-component---detailRU--snappedTitle-inner\")][contains(text(), \"WdIORUEquip1i3vfe\")]"}
RESULT: {"using":"xpath","value":"//span[contains(@id ,\"application-manageresources-display-component---detailRU--snappedTitle-inner\")][contains(text(), \"WdIORUEquip1i3vfe\")]"}
COMMAND: POST /session/e17b2d300284dfd621e67fe570e9cb9c/element/f.3EE29FDE339C3D4269C60DE74BD8FBA1.d.83C32F059DD041473F0307DB2A2DF34C.e.3653/click - {}
COMMAND: POST /session/e17b2d300284dfd621e67fe570e9cb9c/element - {"using":"xpath","value":"//a[contains(@class ,\"sapMLnk sapMLnkMaxWidth sapUiTinyMarginTop\")][contains(text(), \"Yard Address\")]"}
RESULT: {"using":"xpath","value":"//a[contains(@class ,\"sapMLnk sapMLnkMaxWidth sapUiTinyMarginTop\")][contains(text(), \"Yard Address\")]"}
COMMAND: POST /session/e17b2d300284dfd621e67fe570e9cb9c/element/f.3EE29FDE339C3D4269C60DE74BD8FBA1.d.83C32F059DD041473F0307DB2A2DF34C.e.3653/click - {}
COMMAND: POST /session/e17b2d300284dfd621e67fe570e9cb9c/element - {"using":"xpath","value":"//a[contains(@class ,\"sapMLnk sapMLnkMaxWidth sapUiTinyMarginTop\")][contains(text(), \"Yard Address\")]"}
RESULT: {"using":"xpath","value":"//a[contains(@class ,\"sapMLnk sapMLnkMaxWidth sapUiTinyMarginTop\")][contains(text(), \"Yard Address\")]"}
COMMAND: POST /session/e17b2d300284dfd621e67fe570e9cb9c/element/f.3EE29FDE339C3D4269C60DE74BD8FBA1.d.83C32F059DD041473F0307DB2A2DF34C.e.4089/click - {}
COMMAND: POST /session/e17b2d300284dfd621e67fe570e9cb9c/element - {"using":"xpath","value":"//span[contains(@id ,\"application-manageresources-display-component---detailRU--snappedTitle-inner\")][contains(text(), \"WdIORUEquip1i3vfe\")]"}
RESULT: {}
COMMAND: GET /session/e17b2d300284dfd621e67fe570e9cb9c/screenshot - {}
RESULT: {"using":"xpath","value":"//span[contains(@id ,\"application-manageresources-display-component---detailRU--snappedTitle-inner\")][contains(text(), \"WdIORUEquip1i3vfe\")]"}
RESULT: {}
COMMAND: POST /session/e17b2d300284dfd621e67fe570e9cb9c/element - {"using":"xpath","value":"//span[contains(@id ,\"application-manageresources-display-component---detailRU--snappedTitle-inner\")][contains(text(), \"WdIORUEquip1i3vfe\")]"}
RESULT: {"using":"xpath","value":"//span[contains(@id ,\"application-manageresources-display-component---detailRU--snappedTitle-inner\")][contains(text(), \"WdIORUEquip1i3vfe\")]"}
COMMAND: POST /session/e17b2d300284dfd621e67fe570e9cb9c/element - {"using":"xpath","value":"//span[contains(@id ,\"application-manageresources-display-component---detailRU--snappedTitle-inner\")][contains(text(), \"WdIORUEquip1i3vfe\")]"}
RESULT: {"using":"xpath","value":"//span[contains(@id ,\"application-manageresources-display-component---detailRU--snappedTitle-inner\")][contains(text(), \"WdIORUEquip1i3vfe\")]"}
RESULT: undefined
COMMAND: POST /session/e17b2d300284dfd621e67fe570e9cb9c/execute/async - {"script":"<script> [6424 bytes]","args":[{"element-6066-11e4-a52e-4f735466cecf":"f.3EE29FDE339C3D4269C60DE74BD8FBA1.d.83C32F059DD041473F0307DB2A2DF34C.e.3050"},"getTitle",[]]}
COMMAND: POST /session/e17b2d300284dfd621e67fe570e9cb9c/execute/async - {"script":"<script> [1562 bytes]","args":[{"selector":{"id":"shellAppTitle"},"wdio_ui5_key":"shellAppTitle"}]}
RESULT: {"script":"<script> [1562 bytes]","args":[{"selector":{"id":"shellAppTitle"},"wdio_ui5_key":"shellAppTitle"}]}
COMMAND: POST /session/e17b2d300284dfd621e67fe570e9cb9c/execute/async - {"script":"<script> [6424 bytes]","args":[{"element-6066-11e4-a52e-4f735466cecf":"f.3EE29FDE339C3D4269C60DE74BD8FBA1.d.83C32F059DD041473F0307DB2A2DF34C.e.4371"},"getTitle",[]]}
RESULT: {"script":"<script> [6424 bytes]","args":[{"element-6066-11e4-a52e-4f735466cecf":"f.3EE29FDE339C3D4269C60DE74BD8FBA1.d.83C32F059DD041473F0307DB2A2DF34C.e.4371"},"getTitle",[]]}
COMMAND: POST /session/e17b2d300284dfd621e67fe570e9cb9c/element - {"using":"xpath","value":"//span[contains(@id ,\"application-addressmanagement-display-component---detailAdm--addressDetailDetailsName1\")][contains(text(), \"WebdriverYardbo7m\")]"}
RESULT: {"using":"xpath","value":"//span[contains(@id ,\"application-addressmanagement-display-component---detailAdm--addressDetailDetailsName1\")][contains(text(), \"WebdriverYardbo7m\")]"}
COMMAND: POST /session/e17b2d300284dfd621e67fe570e9cb9c/execute/sync - {"script":"<script> [8489 bytes]","args":[{"element-6066-11e4-a52e-4f735466cecf":"f.3EE29FDE339C3D4269C60DE74BD8FBA1.d.83C32F059DD041473F0307DB2A2DF34C.e.4372","ELEMENT":"f.3EE29FDE339C3D4269C60DE74BD8FBA1.d.83C32F059DD041473F0307DB2A2DF34C.e.4372"}]}
RESULT: undefined
COMMAND: POST /session/e17b2d300284dfd621e67fe570e9cb9c/element - {"using":"xpath","value":"//*[@id=\"backBtn\"]"}
RESULT: {"using":"xpath","value":"//*[@id=\"backBtn\"]"}
COMMAND: POST /session/e17b2d300284dfd621e67fe570e9cb9c/element/f.3EE29FDE339C3D4269C60DE74BD8FBA1.d.83C32F059DD041473F0307DB2A2DF34C.e.3052/click - {}
RESULT: {"script":"<script> [8489 bytes]","args":[{"element-6066-11e4-a52e-4f735466cecf":"f.3EE29FDE339C3D4269C60DE74BD8FBA1.d.83C32F059DD041473F0307DB2A2DF34C.e.4372","ELEMENT":"f.3EE29FDE339C3D4269C60DE74BD8FBA1.d.83C32F059DD041473F0307DB2A2DF34C.e.4372"}]}
COMMAND: GET /session/e17b2d300284dfd621e67fe570e9cb9c/screenshot - {}
RESULT: {}
COMMAND: GET /session/e17b2d300284dfd621e67fe570e9cb9c/screenshot - {}
RESULT: {}
RESULT: {}
COMMAND: POST /session/e17b2d300284dfd621e67fe570e9cb9c/execute/sync - {"script":"<script> [8489 bytes]","args":[{"element-6066-11e4-a52e-4f735466cecf":"f.3EE29FDE339C3D4269C60DE74BD8FBA1.d.83C32F059DD041473F0307DB2A2DF34C.e.4082","ELEMENT":"f.3EE29FDE339C3D4269C60DE74BD8FBA1.d.83C32F059DD041473F0307DB2A2DF34C.e.4082"}]}
COMMAND: POST /session/e17b2d300284dfd621e67fe570e9cb9c/element - {"using":"xpath","value":"//bdi[contains(@id ,\"application-manageresources-display-component---detailRU--openRelatedRus-BDI-content\")]"}
RESULT: {"using":"xpath","value":"//bdi[contains(@id ,\"application-manageresources-display-component---detailRU--openRelatedRus-BDI-content\")]"}
COMMAND: POST /session/e17b2d300284dfd621e67fe570e9cb9c/execute/sync - {"script":"<script> [8489 bytes]","args":[{"element-6066-11e4-a52e-4f735466cecf":"f.3EE29FDE339C3D4269C60DE74BD8FBA1.d.83C32F059DD041473F0307DB2A2DF34C.e.4660","ELEMENT":"f.3EE29FDE339C3D4269C60DE74BD8FBA1.d.83C32F059DD041473F0307DB2A2DF34C.e.4660"}]}
RESULT: {"script":"<script> [8489 bytes]","args":[{"element-6066-11e4-a52e-4f735466cecf":"f.3EE29FDE339C3D4269C60DE74BD8FBA1.d.83C32F059DD041473F0307DB2A2DF34C.e.4660","ELEMENT":"f.3EE29FDE339C3D4269C60DE74BD8FBA1.d.83C32F059DD041473F0307DB2A2DF34C.e.4660"}]}
COMMAND: POST /session/e17b2d300284dfd621e67fe570e9cb9c/execute/sync - {"script":"<script> [5351 bytes]","args":[{"element-6066-11e4-a52e-4f735466cecf":"f.3EE29FDE339C3D4269C60DE74BD8FBA1.d.83C32F059DD041473F0307DB2A2DF34C.e.4660","ELEMENT":"f.3EE29FDE339C3D4269C60DE74BD8FBA1.d.83C32F059DD041473F0307DB2A2DF34C.e.4660"}]}
COMMAND: GET /session/e17b2d300284dfd621e67fe570e9cb9c/screenshot - {}
RESULT: {"script":"<script> [5351 bytes]","args":[{"element-6066-11e4-a52e-4f735466cecf":"f.3EE29FDE339C3D4269C60DE74BD8FBA1.d.83C32F059DD041473F0307DB2A2DF34C.e.4660","ELEMENT":"f.3EE29FDE339C3D4269C60DE74BD8FBA1.d.83C32F059DD041473F0307DB2A2DF34C.e.4660"}]}
COMMAND: POST /session/e17b2d300284dfd621e67fe570e9cb9c/element/f.3EE29FDE339C3D4269C60DE74BD8FBA1.d.83C32F059DD041473F0307DB2A2DF34C.e.4660/click - {}
COMMAND: GET /session/e17b2d300284dfd621e67fe570e9cb9c/screenshot - {}
RESULT: {}
RESULT: {}
COMMAND: GET /session/e17b2d300284dfd621e67fe570e9cb9c/screenshot - {}
RESULT: {}
RESULT: {}
COMMAND: POST /session/e17b2d300284dfd621e67fe570e9cb9c/element/f.3EE29FDE339C3D4269C60DE74BD8FBA1.d.83C32F059DD041473F0307DB2A2DF34C.e.4087/click - {}
COMMAND: POST /session/e17b2d300284dfd621e67fe570e9cb9c/element - {"using":"xpath","value":"//*[contains(@data-kt ,\"openLocationActionMenuLink\")]"}
RESULT: {"using":"xpath","value":"//*[contains(@data-kt ,\"openLocationActionMenuLink\")]"}
COMMAND: POST /session/e17b2d300284dfd621e67fe570e9cb9c/element/f.3EE29FDE339C3D4269C60DE74BD8FBA1.d.83C32F059DD041473F0307DB2A2DF34C.e.4087/click - {}
COMMAND: POST /session/e17b2d300284dfd621e67fe570e9cb9c/element - {"using":"xpath","value":"//*[contains(@data-kt ,\"openLocationActionMenuLink\")]"}
RESULT: {"using":"xpath","value":"//*[contains(@data-kt ,\"openLocationActionMenuLink\")]"}
COMMAND: POST /session/e17b2d300284dfd621e67fe570e9cb9c/element/f.3EE29FDE339C3D4269C60DE74BD8FBA1.d.83C32F059DD041473F0307DB2A2DF34C.e.4664/click - {}
RESULT: {}
COMMAND: GET /session/e17b2d300284dfd621e67fe570e9cb9c/screenshot - {}
RESULT: {}
COMMAND: POST /session/e17b2d300284dfd621e67fe570e9cb9c/element - {"using":"xpath","value":"(//button[contains(@title ,\"Open in new tab\")])[1]"}
RESULT: {"using":"xpath","value":"(//button[contains(@title ,\"Open in new tab\")])[1]"}
COMMAND: POST /session/e17b2d300284dfd621e67fe570e9cb9c/element/f.3EE29FDE339C3D4269C60DE74BD8FBA1.d.83C32F059DD041473F0307DB2A2DF34C.e.4665/click - {}
RESULT: {}
COMMAND: GET /session/e17b2d300284dfd621e67fe570e9cb9c/screenshot - {}
RESULT: {}
COMMAND: GET /session/e17b2d300284dfd621e67fe570e9cb9c/window/handles - {}
RESULT: {}
COMMAND: POST /session/e17b2d300284dfd621e67fe570e9cb9c/window - {"handle":"38E0E74EFF999C7FC3AF72FA8552E302"}
RESULT: {"handle":"38E0E74EFF999C7FC3AF72FA8552E302"}
COMMAND: GET /session/e17b2d300284dfd621e67fe570e9cb9c/url - {}
RESULT: {}
COMMAND: GET /session/e17b2d300284dfd621e67fe570e9cb9c/screenshot - {}
RESULT: {}
COMMAND: POST /session/e17b2d300284dfd621e67fe570e9cb9c/execute/sync - {"script":"<script> [8489 bytes]","args":[{"element-6066-11e4-a52e-4f735466cecf":"f.3EE29FDE339C3D4269C60DE74BD8FBA1.d.83C32F059DD041473F0307DB2A2DF34C.e.4081","ELEMENT":"f.3EE29FDE339C3D4269C60DE74BD8FBA1.d.83C32F059DD041473F0307DB2A2DF34C.e.4081"}]}
COMMAND: DELETE /session/e17b2d300284dfd621e67fe570e9cb9c/window - {}
RESULT: {"script":"<script> [8489 bytes]","args":[{"element-6066-11e4-a52e-4f735466cecf":"f.3EE29FDE339C3D4269C60DE74BD8FBA1.d.83C32F059DD041473F0307DB2A2DF34C.e.4081","ELEMENT":"f.3EE29FDE339C3D4269C60DE74BD8FBA1.d.83C32F059DD041473F0307DB2A2DF34C.e.4081"}]}
COMMAND: GET /session/e17b2d300284dfd621e67fe570e9cb9c/screenshot - {}
RESULT: {}
COMMAND: POST /session/e17b2d300284dfd621e67fe570e9cb9c/window - {"handle":"3EE29FDE339C3D4269C60DE74BD8FBA1"}
RESULT: {"handle":"3EE29FDE339C3D4269C60DE74BD8FBA1"}
COMMAND: GET /session/e17b2d300284dfd621e67fe570e9cb9c/url - {}
COMMAND: POST /session/e17b2d300284dfd621e67fe570e9cb9c/execute/sync - {"script":"<script> [8489 bytes]","args":[{"element-6066-11e4-a52e-4f735466cecf":"f.3EE29FDE339C3D4269C60DE74BD8FBA1.d.83C32F059DD041473F0307DB2A2DF34C.e.4081","ELEMENT":"f.3EE29FDE339C3D4269C60DE74BD8FBA1.d.83C32F059DD041473F0307DB2A2DF34C.e.4081"}]}
RESULT: {}
RESULT: {}
COMMAND: GET /session/e17b2d300284dfd621e67fe570e9cb9c/screenshot - {}
COMMAND: POST /session/e17b2d300284dfd621e67fe570e9cb9c/element - {"using":"xpath","value":"(//span[contains(text(), \"WebdriverYardbo7m\")])[2]"}
RESULT: {}
RESULT: {"using":"xpath","value":"(//span[contains(text(), \"WebdriverYardbo7m\")])[2]"}
COMMAND: POST /session/e17b2d300284dfd621e67fe570e9cb9c/execute/sync - {"script":"<script> [8489 bytes]","args":[{"element-6066-11e4-a52e-4f735466cecf":"f.3EE29FDE339C3D4269C60DE74BD8FBA1.d.83C32F059DD041473F0307DB2A2DF34C.e.4695","ELEMENT":"f.3EE29FDE339C3D4269C60DE74BD8FBA1.d.83C32F059DD041473F0307DB2A2DF34C.e.4695"}]}
RESULT: {"script":"<script> [8489 bytes]","args":[{"element-6066-11e4-a52e-4f735466cecf":"f.3EE29FDE339C3D4269C60DE74BD8FBA1.d.83C32F059DD041473F0307DB2A2DF34C.e.4695","ELEMENT":"f.3EE29FDE339C3D4269C60DE74BD8FBA1.d.83C32F059DD041473F0307DB2A2DF34C.e.4695"}]}
COMMAND: GET /session/e17b2d300284dfd621e67fe570e9cb9c/screenshot - {}
RESULT: {}
COMMAND: POST /session/e17b2d300284dfd621e67fe570e9cb9c/element - {"using":"xpath","value":"(//button[contains(@title ,\"Open in new tab\")])[2]"}
RESULT: {"using":"xpath","value":"(//button[contains(@title ,\"Open in new tab\")])[2]"}
COMMAND: POST /session/e17b2d300284dfd621e67fe570e9cb9c/element/f.3EE29FDE339C3D4269C60DE74BD8FBA1.d.83C32F059DD041473F0307DB2A2DF34C.e.4696/click - {}
RESULT: {}
COMMAND: GET /session/e17b2d300284dfd621e67fe570e9cb9c/screenshot - {}
RESULT: {}
COMMAND: GET /session/e17b2d300284dfd621e67fe570e9cb9c/window/handles - {}
RESULT: {}
COMMAND: POST /session/e17b2d300284dfd621e67fe570e9cb9c/window - {"handle":"A0B776F2F71DD4B02B9E063B3B316D54"}
RESULT: {"handle":"A0B776F2F71DD4B02B9E063B3B316D54"}
COMMAND: GET /session/e17b2d300284dfd621e67fe570e9cb9c/url - {}
RESULT: {}
COMMAND: GET /session/e17b2d300284dfd621e67fe570e9cb9c/screenshot - {}
RESULT: {}
COMMAND: POST /session/e17b2d300284dfd621e67fe570e9cb9c/execute/sync - {"script":"<script> [8489 bytes]","args":[{"element-6066-11e4-a52e-4f735466cecf":"f.3EE29FDE339C3D4269C60DE74BD8FBA1.d.83C32F059DD041473F0307DB2A2DF34C.e.4372","ELEMENT":"f.3EE29FDE339C3D4269C60DE74BD8FBA1.d.83C32F059DD041473F0307DB2A2DF34C.e.4372"}]}
COMMAND: DELETE /session/e17b2d300284dfd621e67fe570e9cb9c/window - {}
RESULT: {}
COMMAND: POST /session/e17b2d300284dfd621e67fe570e9cb9c/window - {"handle":"3EE29FDE339C3D4269C60DE74BD8FBA1"}
RESULT: {"handle":"3EE29FDE339C3D4269C60DE74BD8FBA1"}
COMMAND: GET /session/e17b2d300284dfd621e67fe570e9cb9c/url - {}
COMMAND: POST /session/e17b2d300284dfd621e67fe570e9cb9c/element - {"using":"xpath","value":"//span[contains(@id ,\"application-addressmanagement-display-component---detailAdm--addressDetailDetailsName1\")][contains(text(), \"WebdriverYardbo7m\")]"}
RESULT: {}
COMMAND: GET /session/e17b2d300284dfd621e67fe570e9cb9c/screenshot - {}
RESULT: {"using":"xpath","value":"//span[contains(@id ,\"application-addressmanagement-display-component---detailAdm--addressDetailDetailsName1\")][contains(text(), \"WebdriverYardbo7m\")]"}
COMMAND: POST /session/e17b2d300284dfd621e67fe570e9cb9c/element - {"using":"xpath","value":"//span[contains(@id ,\"application-addressmanagement-display-component---detailAdm--addressDetailDetailsName1\")][contains(text(), \"WebdriverYardbo7m\")]"}
RESULT: {}
RESULT: {"using":"xpath","value":"//span[contains(@id ,\"application-addressmanagement-display-component---detailAdm--addressDetailDetailsName1\")][contains(text(), \"WebdriverYardbo7m\")]"}
COMMAND: POST /session/e17b2d300284dfd621e67fe570e9cb9c/element - {"using":"xpath","value":"//span[contains(@id ,\"application-addressmanagement-display-component---detailAdm--addressDetailDetailsName1\")][contains(text(), \"WebdriverYardbo7m\")]"}
RESULT: {"using":"xpath","value":"//span[contains(@id ,\"application-addressmanagement-display-component---detailAdm--addressDetailDetailsName1\")][contains(text(), \"WebdriverYardbo7m\")]"}
COMMAND: POST /session/e17b2d300284dfd621e67fe570e9cb9c/element - {"using":"xpath","value":"//span[contains(@id ,\"application-addressmanagement-display-component---detailAdm--addressDetailDetailsName1\")][contains(text(), \"WebdriverYardbo7m\")]"}
RESULT: {"using":"xpath","value":"//span[contains(@id ,\"application-addressmanagement-display-component---detailAdm--addressDetailDetailsName1\")][contains(text(), \"WebdriverYardbo7m\")]"}
COMMAND: POST /session/e17b2d300284dfd621e67fe570e9cb9c/element - {"using":"xpath","value":"//span[contains(@id ,\"application-addressmanagement-display-component---detailAdm--addressDetailDetailsName1\")][contains(text(), \"WebdriverYardbo7m\")]"}
RESULT: {"using":"xpath","value":"//span[contains(@id ,\"application-addressmanagement-display-component---detailAdm--addressDetailDetailsName1\")][contains(text(), \"WebdriverYardbo7m\")]"}
COMMAND: POST /session/e17b2d300284dfd621e67fe570e9cb9c/element - {"using":"xpath","value":"//span[contains(@id ,\"application-addressmanagement-display-component---detailAdm--addressDetailDetailsName1\")][contains(text(), \"WebdriverYardbo7m\")]"}
RESULT: {"using":"xpath","value":"//span[contains(@id ,\"application-addressmanagement-display-component---detailAdm--addressDetailDetailsName1\")][contains(text(), \"WebdriverYardbo7m\")]"}
COMMAND: POST /session/e17b2d300284dfd621e67fe570e9cb9c/element - {"using":"xpath","value":"//span[contains(@id ,\"application-addressmanagement-display-component---detailAdm--addressDetailDetailsName1\")][contains(text(), \"WebdriverYardbo7m\")]"}
RESULT: {"using":"xpath","value":"//span[contains(@id ,\"application-addressmanagement-display-component---detailAdm--addressDetailDetailsName1\")][contains(text(), \"WebdriverYardbo7m\")]"}
COMMAND: POST /session/e17b2d300284dfd621e67fe570e9cb9c/element - {"using":"xpath","value":"//span[contains(@id ,\"application-addressmanagement-display-component---detailAdm--addressDetailDetailsName1\")][contains(text(), \"WebdriverYardbo7m\")]"}
RESULT: {"using":"xpath","value":"//span[contains(@id ,\"application-addressmanagement-display-component---detailAdm--addressDetailDetailsName1\")][contains(text(), \"WebdriverYardbo7m\")]"}
COMMAND: POST /session/e17b2d300284dfd621e67fe570e9cb9c/element - {"using":"xpath","value":"//span[contains(@id ,\"application-addressmanagement-display-component---detailAdm--addressDetailDetailsName1\")][contains(text(), \"WebdriverYardbo7m\")]"}
RESULT: {"using":"xpath","value":"//span[contains(@id ,\"application-addressmanagement-display-component---detailAdm--addressDetailDetailsName1\")][contains(text(), \"WebdriverYardbo7m\")]"}
]]></system-out>
    </testcase>
    <testcase classname="chrome.136_0_7103_93.windows.Related_resources_for_groups_US139107" name="Should set one equipment to inactive and verify that it does not show in the releated resources" time="55.91">
      <system-out><![CDATA[
COMMAND: POST /session/e17b2d300284dfd621e67fe570e9cb9c/element - {"using":"xpath","value":"//*[contains(@data-kt ,\"openRUIdMenuLink\")]"}
RESULT: {"using":"xpath","value":"//*[contains(@data-kt ,\"openRUIdMenuLink\")]"}
COMMAND: POST /session/e17b2d300284dfd621e67fe570e9cb9c/execute/sync - {"script":"<script> [8489 bytes]","args":[{"element-6066-11e4-a52e-4f735466cecf":"f.3EE29FDE339C3D4269C60DE74BD8FBA1.d.83C32F059DD041473F0307DB2A2DF34C.e.4902","ELEMENT":"f.3EE29FDE339C3D4269C60DE74BD8FBA1.d.83C32F059DD041473F0307DB2A2DF34C.e.4902"}]}
RESULT: {"script":"<script> [8489 bytes]","args":[{"element-6066-11e4-a52e-4f735466cecf":"f.3EE29FDE339C3D4269C60DE74BD8FBA1.d.83C32F059DD041473F0307DB2A2DF34C.e.4902","ELEMENT":"f.3EE29FDE339C3D4269C60DE74BD8FBA1.d.83C32F059DD041473F0307DB2A2DF34C.e.4902"}]}
COMMAND: POST /session/e17b2d300284dfd621e67fe570e9cb9c/execute/sync - {"script":"<script> [5351 bytes]","args":[{"element-6066-11e4-a52e-4f735466cecf":"f.3EE29FDE339C3D4269C60DE74BD8FBA1.d.83C32F059DD041473F0307DB2A2DF34C.e.4902","ELEMENT":"f.3EE29FDE339C3D4269C60DE74BD8FBA1.d.83C32F059DD041473F0307DB2A2DF34C.e.4902"}]}
COMMAND: GET /session/e17b2d300284dfd621e67fe570e9cb9c/screenshot - {}
RESULT: {"script":"<script> [5351 bytes]","args":[{"element-6066-11e4-a52e-4f735466cecf":"f.3EE29FDE339C3D4269C60DE74BD8FBA1.d.83C32F059DD041473F0307DB2A2DF34C.e.4902","ELEMENT":"f.3EE29FDE339C3D4269C60DE74BD8FBA1.d.83C32F059DD041473F0307DB2A2DF34C.e.4902"}]}
COMMAND: POST /session/e17b2d300284dfd621e67fe570e9cb9c/element/f.3EE29FDE339C3D4269C60DE74BD8FBA1.d.83C32F059DD041473F0307DB2A2DF34C.e.4902/click - {}
COMMAND: GET /session/e17b2d300284dfd621e67fe570e9cb9c/screenshot - {}
COMMAND: POST /session/e17b2d300284dfd621e67fe570e9cb9c/element - {"using":"xpath","value":"//span[contains(@id ,\"application-addressmanagement-display-component---detailAdm--addressDetailDetailsName1\")][contains(text(), \"WebdriverYardbo7m\")]"}
RESULT: {}
RESULT: {}
COMMAND: GET /session/e17b2d300284dfd621e67fe570e9cb9c/screenshot - {}
RESULT: {}
RESULT: {"using":"xpath","value":"//span[contains(@id ,\"application-addressmanagement-display-component---detailAdm--addressDetailDetailsName1\")][contains(text(), \"WebdriverYardbo7m\")]"}
RESULT: {}
COMMAND: POST /session/e17b2d300284dfd621e67fe570e9cb9c/element - {"using":"xpath","value":"//span[contains(@id ,\"application-addressmanagement-display-component---detailAdm--addressDetailDetailsName1\")][contains(text(), \"WebdriverYardbo7m\")]"}
RESULT: {"using":"xpath","value":"//span[contains(@id ,\"application-addressmanagement-display-component---detailAdm--addressDetailDetailsName1\")][contains(text(), \"WebdriverYardbo7m\")]"}
COMMAND: POST /session/e17b2d300284dfd621e67fe570e9cb9c/element - {"using":"xpath","value":"//span[contains(@id ,\"application-addressmanagement-display-component---detailAdm--addressDetailDetailsName1\")][contains(text(), \"WebdriverYardbo7m\")]"}
RESULT: {"using":"xpath","value":"//span[contains(@id ,\"application-addressmanagement-display-component---detailAdm--addressDetailDetailsName1\")][contains(text(), \"WebdriverYardbo7m\")]"}
COMMAND: POST /session/e17b2d300284dfd621e67fe570e9cb9c/element - {"using":"xpath","value":"//span[contains(@id ,\"application-addressmanagement-display-component---detailAdm--addressDetailDetailsName1\")][contains(text(), \"WebdriverYardbo7m\")]"}
RESULT: {"using":"xpath","value":"//span[contains(@id ,\"application-addressmanagement-display-component---detailAdm--addressDetailDetailsName1\")][contains(text(), \"WebdriverYardbo7m\")]"}
COMMAND: POST /session/e17b2d300284dfd621e67fe570e9cb9c/element - {"using":"xpath","value":"//*[contains(@data-kt ,\"ContextMenuId2Link\")][contains(text(), \"RU Overview\")]"}
RESULT: {"using":"xpath","value":"//*[contains(@data-kt ,\"ContextMenuId2Link\")][contains(text(), \"RU Overview\")]"}
COMMAND: POST /session/e17b2d300284dfd621e67fe570e9cb9c/execute/sync - {"script":"<script> [8489 bytes]","args":[{"element-6066-11e4-a52e-4f735466cecf":"f.3EE29FDE339C3D4269C60DE74BD8FBA1.d.83C32F059DD041473F0307DB2A2DF34C.e.4904","ELEMENT":"f.3EE29FDE339C3D4269C60DE74BD8FBA1.d.83C32F059DD041473F0307DB2A2DF34C.e.4904"}]}
COMMAND: POST /session/e17b2d300284dfd621e67fe570e9cb9c/element/f.3EE29FDE339C3D4269C60DE74BD8FBA1.d.83C32F059DD041473F0307DB2A2DF34C.e.4904/click - {}
RESULT: {"script":"<script> [8489 bytes]","args":[{"element-6066-11e4-a52e-4f735466cecf":"f.3EE29FDE339C3D4269C60DE74BD8FBA1.d.83C32F059DD041473F0307DB2A2DF34C.e.4904","ELEMENT":"f.3EE29FDE339C3D4269C60DE74BD8FBA1.d.83C32F059DD041473F0307DB2A2DF34C.e.4904"}]}
COMMAND: GET /session/e17b2d300284dfd621e67fe570e9cb9c/screenshot - {}
RESULT: {}
COMMAND: GET /session/e17b2d300284dfd621e67fe570e9cb9c/screenshot - {}
COMMAND: POST /session/e17b2d300284dfd621e67fe570e9cb9c/element - {"using":"xpath","value":"//span[contains(@id ,\"application-addressmanagement-display-component---detailAdm--addressDetailDetailsName1\")][contains(text(), \"WebdriverYardbo7m\")]"}
RESULT: {}
RESULT: {}
RESULT: {"using":"xpath","value":"//span[contains(@id ,\"application-addressmanagement-display-component---detailAdm--addressDetailDetailsName1\")][contains(text(), \"WebdriverYardbo7m\")]"}
COMMAND: POST /session/e17b2d300284dfd621e67fe570e9cb9c/element - {"using":"xpath","value":"//span[contains(@id ,\"application-addressmanagement-display-component---detailAdm--addressDetailDetailsName1\")][contains(text(), \"WebdriverYardbo7m\")]"}
RESULT: {"using":"xpath","value":"//span[contains(@id ,\"application-addressmanagement-display-component---detailAdm--addressDetailDetailsName1\")][contains(text(), \"WebdriverYardbo7m\")]"}
COMMAND: POST /session/e17b2d300284dfd621e67fe570e9cb9c/element - {"using":"xpath","value":"//span[contains(@id ,\"application-addressmanagement-display-component---detailAdm--addressDetailDetailsName1\")][contains(text(), \"WebdriverYardbo7m\")]"}
RESULT: {"using":"xpath","value":"//span[contains(@id ,\"application-addressmanagement-display-component---detailAdm--addressDetailDetailsName1\")][contains(text(), \"WebdriverYardbo7m\")]"}
COMMAND: POST /session/e17b2d300284dfd621e67fe570e9cb9c/element - {"using":"xpath","value":"//span[contains(@id ,\"application-addressmanagement-display-component---detailAdm--addressDetailDetailsName1\")][contains(text(), \"WebdriverYardbo7m\")]"}
RESULT: {"using":"xpath","value":"//span[contains(@id ,\"application-addressmanagement-display-component---detailAdm--addressDetailDetailsName1\")][contains(text(), \"WebdriverYardbo7m\")]"}
COMMAND: POST /session/e17b2d300284dfd621e67fe570e9cb9c/element - {"using":"xpath","value":"//span[contains(@id ,\"application-addressmanagement-display-component---detailAdm--addressDetailDetailsName1\")][contains(text(), \"WebdriverYardbo7m\")]"}
RESULT: {"using":"xpath","value":"//span[contains(@id ,\"application-addressmanagement-display-component---detailAdm--addressDetailDetailsName1\")][contains(text(), \"WebdriverYardbo7m\")]"}
COMMAND: POST /session/e17b2d300284dfd621e67fe570e9cb9c/element - {"using":"xpath","value":"//span[contains(@id ,\"application-addressmanagement-display-component---detailAdm--addressDetailDetailsName1\")][contains(text(), \"WebdriverYardbo7m\")]"}
RESULT: {"using":"xpath","value":"//span[contains(@id ,\"application-addressmanagement-display-component---detailAdm--addressDetailDetailsName1\")][contains(text(), \"WebdriverYardbo7m\")]"}
COMMAND: POST /session/e17b2d300284dfd621e67fe570e9cb9c/element - {"using":"xpath","value":"//span[contains(@id ,\"application-addressmanagement-display-component---detailAdm--addressDetailDetailsName1\")][contains(text(), \"WebdriverYardbo7m\")]"}
RESULT: {"using":"xpath","value":"//span[contains(@id ,\"application-addressmanagement-display-component---detailAdm--addressDetailDetailsName1\")][contains(text(), \"WebdriverYardbo7m\")]"}
COMMAND: POST /session/e17b2d300284dfd621e67fe570e9cb9c/element - {"using":"xpath","value":"//span[contains(@id ,\"application-addressmanagement-display-component---detailAdm--addressDetailDetailsName1\")][contains(text(), \"WebdriverYardbo7m\")]"}
RESULT: {"using":"xpath","value":"//span[contains(@id ,\"application-addressmanagement-display-component---detailAdm--addressDetailDetailsName1\")][contains(text(), \"WebdriverYardbo7m\")]"}
COMMAND: POST /session/e17b2d300284dfd621e67fe570e9cb9c/element - {"using":"xpath","value":"//span[contains(@id ,\"application-addressmanagement-display-component---detailAdm--addressDetailDetailsName1\")][contains(text(), \"WebdriverYardbo7m\")]"}
RESULT: {"using":"xpath","value":"//span[contains(@id ,\"application-addressmanagement-display-component---detailAdm--addressDetailDetailsName1\")][contains(text(), \"WebdriverYardbo7m\")]"}
COMMAND: POST /session/e17b2d300284dfd621e67fe570e9cb9c/element - {"using":"xpath","value":"//span[contains(@id ,\"application-addressmanagement-display-component---detailAdm--addressDetailDetailsName1\")][contains(text(), \"WebdriverYardbo7m\")]"}
RESULT: {"using":"xpath","value":"//span[contains(@id ,\"application-addressmanagement-display-component---detailAdm--addressDetailDetailsName1\")][contains(text(), \"WebdriverYardbo7m\")]"}
COMMAND: POST /session/e17b2d300284dfd621e67fe570e9cb9c/element - {"using":"xpath","value":"//span[contains(@id ,\"application-addressmanagement-display-component---detailAdm--addressDetailDetailsName1\")][contains(text(), \"WebdriverYardbo7m\")]"}
RESULT: {"using":"xpath","value":"//span[contains(@id ,\"application-addressmanagement-display-component---detailAdm--addressDetailDetailsName1\")][contains(text(), \"WebdriverYardbo7m\")]"}
COMMAND: POST /session/e17b2d300284dfd621e67fe570e9cb9c/element - {"using":"xpath","value":"//span[contains(@id ,\"application-addressmanagement-display-component---detailAdm--addressDetailDetailsName1\")][contains(text(), \"WebdriverYardbo7m\")]"}
RESULT: {"using":"xpath","value":"//span[contains(@id ,\"application-addressmanagement-display-component---detailAdm--addressDetailDetailsName1\")][contains(text(), \"WebdriverYardbo7m\")]"}
COMMAND: POST /session/e17b2d300284dfd621e67fe570e9cb9c/element - {"using":"xpath","value":"//span[contains(@id ,\"application-addressmanagement-display-component---detailAdm--addressDetailDetailsName1\")][contains(text(), \"WebdriverYardbo7m\")]"}
RESULT: {"using":"xpath","value":"//span[contains(@id ,\"application-addressmanagement-display-component---detailAdm--addressDetailDetailsName1\")][contains(text(), \"WebdriverYardbo7m\")]"}
COMMAND: POST /session/e17b2d300284dfd621e67fe570e9cb9c/element - {"using":"xpath","value":"//span[contains(@id ,\"application-addressmanagement-display-component---detailAdm--addressDetailDetailsName1\")][contains(text(), \"WebdriverYardbo7m\")]"}
RESULT: {"using":"xpath","value":"//span[contains(@id ,\"application-addressmanagement-display-component---detailAdm--addressDetailDetailsName1\")][contains(text(), \"WebdriverYardbo7m\")]"}
COMMAND: POST /session/e17b2d300284dfd621e67fe570e9cb9c/element - {"using":"xpath","value":"//span[contains(@id ,\"application-addressmanagement-display-component---detailAdm--addressDetailDetailsName1\")][contains(text(), \"WebdriverYardbo7m\")]"}
RESULT: {"using":"xpath","value":"//span[contains(@id ,\"application-addressmanagement-display-component---detailAdm--addressDetailDetailsName1\")][contains(text(), \"WebdriverYardbo7m\")]"}
COMMAND: POST /session/e17b2d300284dfd621e67fe570e9cb9c/element - {"using":"xpath","value":"//span[contains(@id ,\"application-addressmanagement-display-component---detailAdm--addressDetailDetailsName1\")][contains(text(), \"WebdriverYardbo7m\")]"}
RESULT: {"using":"xpath","value":"//span[contains(@id ,\"application-addressmanagement-display-component---detailAdm--addressDetailDetailsName1\")][contains(text(), \"WebdriverYardbo7m\")]"}
COMMAND: POST /session/e17b2d300284dfd621e67fe570e9cb9c/element - {"using":"xpath","value":"//span[contains(@id ,\"application-addressmanagement-display-component---detailAdm--addressDetailDetailsName1\")][contains(text(), \"WebdriverYardbo7m\")]"}
RESULT: {"using":"xpath","value":"//span[contains(@id ,\"application-addressmanagement-display-component---detailAdm--addressDetailDetailsName1\")][contains(text(), \"WebdriverYardbo7m\")]"}
COMMAND: POST /session/e17b2d300284dfd621e67fe570e9cb9c/element - {"using":"xpath","value":"//span[contains(@id ,\"application-addressmanagement-display-component---detailAdm--addressDetailDetailsName1\")][contains(text(), \"WebdriverYardbo7m\")]"}
RESULT: {"using":"xpath","value":"//span[contains(@id ,\"application-addressmanagement-display-component---detailAdm--addressDetailDetailsName1\")][contains(text(), \"WebdriverYardbo7m\")]"}
COMMAND: POST /session/e17b2d300284dfd621e67fe570e9cb9c/element - {"using":"xpath","value":"//span[contains(@id ,\"application-addressmanagement-display-component---detailAdm--addressDetailDetailsName1\")][contains(text(), \"WebdriverYardbo7m\")]"}
RESULT: {"using":"xpath","value":"//span[contains(@id ,\"application-addressmanagement-display-component---detailAdm--addressDetailDetailsName1\")][contains(text(), \"WebdriverYardbo7m\")]"}
COMMAND: POST /session/e17b2d300284dfd621e67fe570e9cb9c/element - {"using":"xpath","value":"//span[contains(@id ,\"actionsToolbar-overflowButton-img\")]"}
RESULT: {"using":"xpath","value":"//span[contains(@id ,\"actionsToolbar-overflowButton-img\")]"}
COMMAND: POST /session/e17b2d300284dfd621e67fe570e9cb9c/execute/sync - {"script":"<script> [8489 bytes]","args":[{"element-6066-11e4-a52e-4f735466cecf":"f.3EE29FDE339C3D4269C60DE74BD8FBA1.d.83C32F059DD041473F0307DB2A2DF34C.e.5200","ELEMENT":"f.3EE29FDE339C3D4269C60DE74BD8FBA1.d.83C32F059DD041473F0307DB2A2DF34C.e.5200"}]}
RESULT: {"script":"<script> [8489 bytes]","args":[{"element-6066-11e4-a52e-4f735466cecf":"f.3EE29FDE339C3D4269C60DE74BD8FBA1.d.83C32F059DD041473F0307DB2A2DF34C.e.5200","ELEMENT":"f.3EE29FDE339C3D4269C60DE74BD8FBA1.d.83C32F059DD041473F0307DB2A2DF34C.e.5200"}]}
COMMAND: POST /session/e17b2d300284dfd621e67fe570e9cb9c/execute/sync - {"script":"<script> [5351 bytes]","args":[{"element-6066-11e4-a52e-4f735466cecf":"f.3EE29FDE339C3D4269C60DE74BD8FBA1.d.83C32F059DD041473F0307DB2A2DF34C.e.5200","ELEMENT":"f.3EE29FDE339C3D4269C60DE74BD8FBA1.d.83C32F059DD041473F0307DB2A2DF34C.e.5200"}]}
COMMAND: GET /session/e17b2d300284dfd621e67fe570e9cb9c/screenshot - {}
RESULT: {"script":"<script> [5351 bytes]","args":[{"element-6066-11e4-a52e-4f735466cecf":"f.3EE29FDE339C3D4269C60DE74BD8FBA1.d.83C32F059DD041473F0307DB2A2DF34C.e.5200","ELEMENT":"f.3EE29FDE339C3D4269C60DE74BD8FBA1.d.83C32F059DD041473F0307DB2A2DF34C.e.5200"}]}
COMMAND: POST /session/e17b2d300284dfd621e67fe570e9cb9c/element/f.3EE29FDE339C3D4269C60DE74BD8FBA1.d.83C32F059DD041473F0307DB2A2DF34C.e.5200/click - {}
COMMAND: GET /session/e17b2d300284dfd621e67fe570e9cb9c/screenshot - {}
COMMAND: POST /session/e17b2d300284dfd621e67fe570e9cb9c/element - {"using":"xpath","value":"//span[contains(@id ,\"application-addressmanagement-display-component---detailAdm--addressDetailDetailsName1\")][contains(text(), \"WebdriverYardbo7m\")]"}
RESULT: {}
RESULT: {}
COMMAND: GET /session/e17b2d300284dfd621e67fe570e9cb9c/screenshot - {}
RESULT: {}
RESULT: {"using":"xpath","value":"//span[contains(@id ,\"application-addressmanagement-display-component---detailAdm--addressDetailDetailsName1\")][contains(text(), \"WebdriverYardbo7m\")]"}
RESULT: {}
COMMAND: POST /session/e17b2d300284dfd621e67fe570e9cb9c/element - {"using":"xpath","value":"//span[contains(@id ,\"application-addressmanagement-display-component---detailAdm--addressDetailDetailsName1\")][contains(text(), \"WebdriverYardbo7m\")]"}
RESULT: {"using":"xpath","value":"//span[contains(@id ,\"application-addressmanagement-display-component---detailAdm--addressDetailDetailsName1\")][contains(text(), \"WebdriverYardbo7m\")]"}
COMMAND: POST /session/e17b2d300284dfd621e67fe570e9cb9c/element - {"using":"xpath","value":"//span[contains(@id ,\"application-addressmanagement-display-component---detailAdm--addressDetailDetailsName1\")][contains(text(), \"WebdriverYardbo7m\")]"}
RESULT: {"using":"xpath","value":"//span[contains(@id ,\"application-addressmanagement-display-component---detailAdm--addressDetailDetailsName1\")][contains(text(), \"WebdriverYardbo7m\")]"}
COMMAND: POST /session/e17b2d300284dfd621e67fe570e9cb9c/element - {"using":"xpath","value":"//span[contains(@id ,\"application-addressmanagement-display-component---detailAdm--addressDetailDetailsName1\")][contains(text(), \"WebdriverYardbo7m\")]"}
RESULT: {"using":"xpath","value":"//span[contains(@id ,\"application-addressmanagement-display-component---detailAdm--addressDetailDetailsName1\")][contains(text(), \"WebdriverYardbo7m\")]"}
COMMAND: POST /session/e17b2d300284dfd621e67fe570e9cb9c/element - {"using":"xpath","value":"(//bdi[contains(text(), \"Deactivate\")])[1]"}
RESULT: {"using":"xpath","value":"(//bdi[contains(text(), \"Deactivate\")])[1]"}
COMMAND: POST /session/e17b2d300284dfd621e67fe570e9cb9c/element/f.3EE29FDE339C3D4269C60DE74BD8FBA1.d.83C32F059DD041473F0307DB2A2DF34C.e.5204/click - {}
COMMAND: POST /session/e17b2d300284dfd621e67fe570e9cb9c/element - {"using":"xpath","value":"//span[contains(@id ,\"application-addressmanagement-display-component---detailAdm--addressDetailDetailsName1\")][contains(text(), \"WebdriverYardbo7m\")]"}
RESULT: {}
COMMAND: GET /session/e17b2d300284dfd621e67fe570e9cb9c/screenshot - {}
RESULT: {"using":"xpath","value":"//span[contains(@id ,\"application-addressmanagement-display-component---detailAdm--addressDetailDetailsName1\")][contains(text(), \"WebdriverYardbo7m\")]"}
RESULT: {}
COMMAND: POST /session/e17b2d300284dfd621e67fe570e9cb9c/element - {"using":"xpath","value":"//span[contains(@id ,\"application-addressmanagement-display-component---detailAdm--addressDetailDetailsName1\")][contains(text(), \"WebdriverYardbo7m\")]"}
RESULT: {"using":"xpath","value":"//span[contains(@id ,\"application-addressmanagement-display-component---detailAdm--addressDetailDetailsName1\")][contains(text(), \"WebdriverYardbo7m\")]"}
COMMAND: POST /session/e17b2d300284dfd621e67fe570e9cb9c/element - {"using":"xpath","value":"//span[contains(@id ,\"application-addressmanagement-display-component---detailAdm--addressDetailDetailsName1\")][contains(text(), \"WebdriverYardbo7m\")]"}
RESULT: {"using":"xpath","value":"//span[contains(@id ,\"application-addressmanagement-display-component---detailAdm--addressDetailDetailsName1\")][contains(text(), \"WebdriverYardbo7m\")]"}
COMMAND: POST /session/e17b2d300284dfd621e67fe570e9cb9c/element - {"using":"xpath","value":"//span[contains(@id ,\"application-addressmanagement-display-component---detailAdm--addressDetailDetailsName1\")][contains(text(), \"WebdriverYardbo7m\")]"}
RESULT: {"using":"xpath","value":"//span[contains(@id ,\"application-addressmanagement-display-component---detailAdm--addressDetailDetailsName1\")][contains(text(), \"WebdriverYardbo7m\")]"}
COMMAND: POST /session/e17b2d300284dfd621e67fe570e9cb9c/element - {"using":"xpath","value":"(//bdi[contains(text(), \"OK\")])[1]"}
RESULT: {"using":"xpath","value":"(//bdi[contains(text(), \"OK\")])[1]"}
COMMAND: POST /session/e17b2d300284dfd621e67fe570e9cb9c/element/f.3EE29FDE339C3D4269C60DE74BD8FBA1.d.83C32F059DD041473F0307DB2A2DF34C.e.5207/click - {}
COMMAND: POST /session/e17b2d300284dfd621e67fe570e9cb9c/element - {"using":"xpath","value":"//span[contains(@id ,\"application-addressmanagement-display-component---detailAdm--addressDetailDetailsName1\")][contains(text(), \"WebdriverYardbo7m\")]"}
RESULT: {}
COMMAND: GET /session/e17b2d300284dfd621e67fe570e9cb9c/screenshot - {}
RESULT: {"using":"xpath","value":"//span[contains(@id ,\"application-addressmanagement-display-component---detailAdm--addressDetailDetailsName1\")][contains(text(), \"WebdriverYardbo7m\")]"}
RESULT: {}
COMMAND: POST /session/e17b2d300284dfd621e67fe570e9cb9c/element - {"using":"xpath","value":"//span[contains(@id ,\"application-addressmanagement-display-component---detailAdm--addressDetailDetailsName1\")][contains(text(), \"WebdriverYardbo7m\")]"}
RESULT: {"using":"xpath","value":"//span[contains(@id ,\"application-addressmanagement-display-component---detailAdm--addressDetailDetailsName1\")][contains(text(), \"WebdriverYardbo7m\")]"}
COMMAND: POST /session/e17b2d300284dfd621e67fe570e9cb9c/element - {"using":"xpath","value":"//span[contains(@id ,\"application-addressmanagement-display-component---detailAdm--addressDetailDetailsName1\")][contains(text(), \"WebdriverYardbo7m\")]"}
RESULT: {"using":"xpath","value":"//span[contains(@id ,\"application-addressmanagement-display-component---detailAdm--addressDetailDetailsName1\")][contains(text(), \"WebdriverYardbo7m\")]"}
COMMAND: POST /session/e17b2d300284dfd621e67fe570e9cb9c/element - {"using":"xpath","value":"//span[contains(@id ,\"application-addressmanagement-display-component---detailAdm--addressDetailDetailsName1\")][contains(text(), \"WebdriverYardbo7m\")]"}
RESULT: {"using":"xpath","value":"//span[contains(@id ,\"application-addressmanagement-display-component---detailAdm--addressDetailDetailsName1\")][contains(text(), \"WebdriverYardbo7m\")]"}
COMMAND: POST /session/e17b2d300284dfd621e67fe570e9cb9c/element - {"using":"xpath","value":"//span[contains(@id ,\"application-addressmanagement-display-component---detailAdm--addressDetailDetailsName1\")][contains(text(), \"WebdriverYardbo7m\")]"}
RESULT: {"using":"xpath","value":"//span[contains(@id ,\"application-addressmanagement-display-component---detailAdm--addressDetailDetailsName1\")][contains(text(), \"WebdriverYardbo7m\")]"}
COMMAND: POST /session/e17b2d300284dfd621e67fe570e9cb9c/element - {"using":"xpath","value":"//span[contains(@id ,\"application-addressmanagement-display-component---detailAdm--addressDetailDetailsName1\")][contains(text(), \"WebdriverYardbo7m\")]"}
RESULT: {"using":"xpath","value":"//span[contains(@id ,\"application-addressmanagement-display-component---detailAdm--addressDetailDetailsName1\")][contains(text(), \"WebdriverYardbo7m\")]"}
COMMAND: POST /session/e17b2d300284dfd621e67fe570e9cb9c/element - {"using":"xpath","value":"//input[contains(@id ,\"application-manageresources-display-component---masterRU--smartFilterBar-btnBasicSearch-I\")]"}
RESULT: {"using":"xpath","value":"//input[contains(@id ,\"application-manageresources-display-component---masterRU--smartFilterBar-btnBasicSearch-I\")]"}
COMMAND: POST /session/e17b2d300284dfd621e67fe570e9cb9c/element/f.3EE29FDE339C3D4269C60DE74BD8FBA1.d.83C32F059DD041473F0307DB2A2DF34C.e.4909/value - {"text":"WdIORUGroupv5idg"}
RESULT: {"text":"WdIORUGroupv5idg"}
COMMAND: GET /session/e17b2d300284dfd621e67fe570e9cb9c/screenshot - {}
COMMAND: POST /session/e17b2d300284dfd621e67fe570e9cb9c/element - {"using":"xpath","value":"//span[contains(@id ,\"application-addressmanagement-display-component---detailAdm--addressDetailDetailsName1\")][contains(text(), \"WebdriverYardbo7m\")]"}
RESULT: {}
RESULT: {"using":"xpath","value":"//span[contains(@id ,\"application-addressmanagement-display-component---detailAdm--addressDetailDetailsName1\")][contains(text(), \"WebdriverYardbo7m\")]"}
COMMAND: POST /session/e17b2d300284dfd621e67fe570e9cb9c/element - {"using":"xpath","value":"//span[contains(@id ,\"application-addressmanagement-display-component---detailAdm--addressDetailDetailsName1\")][contains(text(), \"WebdriverYardbo7m\")]"}
RESULT: {"using":"xpath","value":"//span[contains(@id ,\"application-addressmanagement-display-component---detailAdm--addressDetailDetailsName1\")][contains(text(), \"WebdriverYardbo7m\")]"}
COMMAND: POST /session/e17b2d300284dfd621e67fe570e9cb9c/element - {"using":"xpath","value":"//span[contains(@id ,\"application-addressmanagement-display-component---detailAdm--addressDetailDetailsName1\")][contains(text(), \"WebdriverYardbo7m\")]"}
RESULT: {"using":"xpath","value":"//span[contains(@id ,\"application-addressmanagement-display-component---detailAdm--addressDetailDetailsName1\")][contains(text(), \"WebdriverYardbo7m\")]"}
COMMAND: POST /session/e17b2d300284dfd621e67fe570e9cb9c/element - {"using":"xpath","value":"//span[contains(@id ,\"application-addressmanagement-display-component---detailAdm--addressDetailDetailsName1\")][contains(text(), \"WebdriverYardbo7m\")]"}
RESULT: {"using":"xpath","value":"//span[contains(@id ,\"application-addressmanagement-display-component---detailAdm--addressDetailDetailsName1\")][contains(text(), \"WebdriverYardbo7m\")]"}
COMMAND: POST /session/e17b2d300284dfd621e67fe570e9cb9c/actions - {"actions":[{"id":"action13","type":"key","parameters":{},"actions":[{"type":"keyDown","value":""},{"type":"pause","duration":10},{"type":"keyUp","value":""}]}]}
RESULT: {"actions":[{"id":"action13","type":"key","parameters":{},"actions":[{"type":"keyDown","value":""},{"type":"pause","duration":10},{"type":"keyUp","value":""}]}]}
COMMAND: GET /session/e17b2d300284dfd621e67fe570e9cb9c/screenshot - {}
COMMAND: POST /session/e17b2d300284dfd621e67fe570e9cb9c/element - {"using":"xpath","value":"//span[contains(@id ,\"application-addressmanagement-display-component---detailAdm--addressDetailDetailsName1\")][contains(text(), \"WebdriverYardbo7m\")]"}
RESULT: {}
RESULT: {"using":"xpath","value":"//span[contains(@id ,\"application-addressmanagement-display-component---detailAdm--addressDetailDetailsName1\")][contains(text(), \"WebdriverYardbo7m\")]"}
COMMAND: POST /session/e17b2d300284dfd621e67fe570e9cb9c/element - {"using":"xpath","value":"//span[contains(@id ,\"application-addressmanagement-display-component---detailAdm--addressDetailDetailsName1\")][contains(text(), \"WebdriverYardbo7m\")]"}
RESULT: {"using":"xpath","value":"//span[contains(@id ,\"application-addressmanagement-display-component---detailAdm--addressDetailDetailsName1\")][contains(text(), \"WebdriverYardbo7m\")]"}
COMMAND: POST /session/e17b2d300284dfd621e67fe570e9cb9c/element - {"using":"xpath","value":"//span[contains(@id ,\"application-addressmanagement-display-component---detailAdm--addressDetailDetailsName1\")][contains(text(), \"WebdriverYardbo7m\")]"}
RESULT: {"using":"xpath","value":"//span[contains(@id ,\"application-addressmanagement-display-component---detailAdm--addressDetailDetailsName1\")][contains(text(), \"WebdriverYardbo7m\")]"}
COMMAND: POST /session/e17b2d300284dfd621e67fe570e9cb9c/element - {"using":"xpath","value":"//span[contains(@id ,\"application-addressmanagement-display-component---detailAdm--addressDetailDetailsName1\")][contains(text(), \"WebdriverYardbo7m\")]"}
RESULT: {"using":"xpath","value":"//span[contains(@id ,\"application-addressmanagement-display-component---detailAdm--addressDetailDetailsName1\")][contains(text(), \"WebdriverYardbo7m\")]"}
COMMAND: POST /session/e17b2d300284dfd621e67fe570e9cb9c/element - {"using":"xpath","value":"//span[contains(@id ,\"application-addressmanagement-display-component---detailAdm--addressDetailDetailsName1\")][contains(text(), \"WebdriverYardbo7m\")]"}
RESULT: {"using":"xpath","value":"//span[contains(@id ,\"application-addressmanagement-display-component---detailAdm--addressDetailDetailsName1\")][contains(text(), \"WebdriverYardbo7m\")]"}
COMMAND: POST /session/e17b2d300284dfd621e67fe570e9cb9c/element - {"using":"xpath","value":"//span[contains(@id ,\"application-addressmanagement-display-component---detailAdm--addressDetailDetailsName1\")][contains(text(), \"WebdriverYardbo7m\")]"}
RESULT: {"using":"xpath","value":"//span[contains(@id ,\"application-addressmanagement-display-component---detailAdm--addressDetailDetailsName1\")][contains(text(), \"WebdriverYardbo7m\")]"}
COMMAND: POST /session/e17b2d300284dfd621e67fe570e9cb9c/element - {"using":"xpath","value":"//span[contains(@id ,\"application-addressmanagement-display-component---detailAdm--addressDetailDetailsName1\")][contains(text(), \"WebdriverYardbo7m\")]"}
RESULT: {"using":"xpath","value":"//span[contains(@id ,\"application-addressmanagement-display-component---detailAdm--addressDetailDetailsName1\")][contains(text(), \"WebdriverYardbo7m\")]"}
COMMAND: POST /session/e17b2d300284dfd621e67fe570e9cb9c/element - {"using":"xpath","value":"//span[contains(@id ,\"application-addressmanagement-display-component---detailAdm--addressDetailDetailsName1\")][contains(text(), \"WebdriverYardbo7m\")]"}
RESULT: {"using":"xpath","value":"//span[contains(@id ,\"application-addressmanagement-display-component---detailAdm--addressDetailDetailsName1\")][contains(text(), \"WebdriverYardbo7m\")]"}
COMMAND: POST /session/e17b2d300284dfd621e67fe570e9cb9c/element - {"using":"xpath","value":"//span[contains(@id ,\"application-addressmanagement-display-component---detailAdm--addressDetailDetailsName1\")][contains(text(), \"WebdriverYardbo7m\")]"}
RESULT: {"using":"xpath","value":"//span[contains(@id ,\"application-addressmanagement-display-component---detailAdm--addressDetailDetailsName1\")][contains(text(), \"WebdriverYardbo7m\")]"}
COMMAND: POST /session/e17b2d300284dfd621e67fe570e9cb9c/element - {"using":"xpath","value":"//span[contains(@id ,\"application-addressmanagement-display-component---detailAdm--addressDetailDetailsName1\")][contains(text(), \"WebdriverYardbo7m\")]"}
RESULT: {"using":"xpath","value":"//span[contains(@id ,\"application-addressmanagement-display-component---detailAdm--addressDetailDetailsName1\")][contains(text(), \"WebdriverYardbo7m\")]"}
COMMAND: POST /session/e17b2d300284dfd621e67fe570e9cb9c/element - {"using":"xpath","value":"//span[contains(@id ,\"application-addressmanagement-display-component---detailAdm--addressDetailDetailsName1\")][contains(text(), \"WebdriverYardbo7m\")]"}
RESULT: {"using":"xpath","value":"//span[contains(@id ,\"application-addressmanagement-display-component---detailAdm--addressDetailDetailsName1\")][contains(text(), \"WebdriverYardbo7m\")]"}
COMMAND: POST /session/e17b2d300284dfd621e67fe570e9cb9c/element - {"using":"xpath","value":"//span[contains(@id ,\"application-addressmanagement-display-component---detailAdm--addressDetailDetailsName1\")][contains(text(), \"WebdriverYardbo7m\")]"}
RESULT: {"using":"xpath","value":"//span[contains(@id ,\"application-addressmanagement-display-component---detailAdm--addressDetailDetailsName1\")][contains(text(), \"WebdriverYardbo7m\")]"}
COMMAND: POST /session/e17b2d300284dfd621e67fe570e9cb9c/element - {"using":"xpath","value":"//span[contains(@id ,\"application-addressmanagement-display-component---detailAdm--addressDetailDetailsName1\")][contains(text(), \"WebdriverYardbo7m\")]"}
RESULT: {"using":"xpath","value":"//span[contains(@id ,\"application-addressmanagement-display-component---detailAdm--addressDetailDetailsName1\")][contains(text(), \"WebdriverYardbo7m\")]"}
COMMAND: POST /session/e17b2d300284dfd621e67fe570e9cb9c/element - {"using":"xpath","value":"//span[contains(text(), \"WdIORUGroupv5idg\")][contains(@class ,\"sapMText sapUiSelectable sapMTextBreakWord sapMTextMaxWidth\")]"}
RESULT: {"using":"xpath","value":"//span[contains(text(), \"WdIORUGroupv5idg\")][contains(@class ,\"sapMText sapUiSelectable sapMTextBreakWord sapMTextMaxWidth\")]"}
COMMAND: POST /session/e17b2d300284dfd621e67fe570e9cb9c/element/f.3EE29FDE339C3D4269C60DE74BD8FBA1.d.83C32F059DD041473F0307DB2A2DF34C.e.5541/click - {}
RESULT: {}
COMMAND: GET /session/e17b2d300284dfd621e67fe570e9cb9c/screenshot - {}
COMMAND: POST /session/e17b2d300284dfd621e67fe570e9cb9c/element - {"using":"xpath","value":"//span[contains(@id ,\"application-addressmanagement-display-component---detailAdm--addressDetailDetailsName1\")][contains(text(), \"WebdriverYardbo7m\")]"}
RESULT: {}
RESULT: {"using":"xpath","value":"//span[contains(@id ,\"application-addressmanagement-display-component---detailAdm--addressDetailDetailsName1\")][contains(text(), \"WebdriverYardbo7m\")]"}
COMMAND: POST /session/e17b2d300284dfd621e67fe570e9cb9c/element - {"using":"xpath","value":"//span[contains(@id ,\"application-addressmanagement-display-component---detailAdm--addressDetailDetailsName1\")][contains(text(), \"WebdriverYardbo7m\")]"}
RESULT: {"using":"xpath","value":"//span[contains(@id ,\"application-addressmanagement-display-component---detailAdm--addressDetailDetailsName1\")][contains(text(), \"WebdriverYardbo7m\")]"}
COMMAND: POST /session/e17b2d300284dfd621e67fe570e9cb9c/element - {"using":"xpath","value":"//span[contains(@id ,\"application-addressmanagement-display-component---detailAdm--addressDetailDetailsName1\")][contains(text(), \"WebdriverYardbo7m\")]"}
RESULT: {"using":"xpath","value":"//span[contains(@id ,\"application-addressmanagement-display-component---detailAdm--addressDetailDetailsName1\")][contains(text(), \"WebdriverYardbo7m\")]"}
COMMAND: POST /session/e17b2d300284dfd621e67fe570e9cb9c/element - {"using":"xpath","value":"//span[contains(@id ,\"application-addressmanagement-display-component---detailAdm--addressDetailDetailsName1\")][contains(text(), \"WebdriverYardbo7m\")]"}
RESULT: {"using":"xpath","value":"//span[contains(@id ,\"application-addressmanagement-display-component---detailAdm--addressDetailDetailsName1\")][contains(text(), \"WebdriverYardbo7m\")]"}
COMMAND: POST /session/e17b2d300284dfd621e67fe570e9cb9c/element - {"using":"xpath","value":"//span[contains(@id ,\"application-addressmanagement-display-component---detailAdm--addressDetailDetailsName1\")][contains(text(), \"WebdriverYardbo7m\")]"}
RESULT: {"using":"xpath","value":"//span[contains(@id ,\"application-addressmanagement-display-component---detailAdm--addressDetailDetailsName1\")][contains(text(), \"WebdriverYardbo7m\")]"}
COMMAND: POST /session/e17b2d300284dfd621e67fe570e9cb9c/element - {"using":"xpath","value":"//span[contains(@id ,\"application-addressmanagement-display-component---detailAdm--addressDetailDetailsName1\")][contains(text(), \"WebdriverYardbo7m\")]"}
RESULT: {"using":"xpath","value":"//span[contains(@id ,\"application-addressmanagement-display-component---detailAdm--addressDetailDetailsName1\")][contains(text(), \"WebdriverYardbo7m\")]"}
COMMAND: POST /session/e17b2d300284dfd621e67fe570e9cb9c/element - {"using":"xpath","value":"//span[contains(@id ,\"application-addressmanagement-display-component---detailAdm--addressDetailDetailsName1\")][contains(text(), \"WebdriverYardbo7m\")]"}
RESULT: {"using":"xpath","value":"//span[contains(@id ,\"application-addressmanagement-display-component---detailAdm--addressDetailDetailsName1\")][contains(text(), \"WebdriverYardbo7m\")]"}
COMMAND: POST /session/e17b2d300284dfd621e67fe570e9cb9c/element - {"using":"xpath","value":"//span[contains(@id ,\"application-addressmanagement-display-component---detailAdm--addressDetailDetailsName1\")][contains(text(), \"WebdriverYardbo7m\")]"}
RESULT: {"using":"xpath","value":"//span[contains(@id ,\"application-addressmanagement-display-component---detailAdm--addressDetailDetailsName1\")][contains(text(), \"WebdriverYardbo7m\")]"}
COMMAND: POST /session/e17b2d300284dfd621e67fe570e9cb9c/element - {"using":"xpath","value":"//span[contains(@id ,\"application-addressmanagement-display-component---detailAdm--addressDetailDetailsName1\")][contains(text(), \"WebdriverYardbo7m\")]"}
RESULT: {"using":"xpath","value":"//span[contains(@id ,\"application-addressmanagement-display-component---detailAdm--addressDetailDetailsName1\")][contains(text(), \"WebdriverYardbo7m\")]"}
COMMAND: POST /session/e17b2d300284dfd621e67fe570e9cb9c/element - {"using":"xpath","value":"//span[contains(@id ,\"application-addressmanagement-display-component---detailAdm--addressDetailDetailsName1\")][contains(text(), \"WebdriverYardbo7m\")]"}
RESULT: {"using":"xpath","value":"//span[contains(@id ,\"application-addressmanagement-display-component---detailAdm--addressDetailDetailsName1\")][contains(text(), \"WebdriverYardbo7m\")]"}
COMMAND: POST /session/e17b2d300284dfd621e67fe570e9cb9c/element - {"using":"xpath","value":"//span[contains(@id ,\"application-addressmanagement-display-component---detailAdm--addressDetailDetailsName1\")][contains(text(), \"WebdriverYardbo7m\")]"}
RESULT: {"using":"xpath","value":"//span[contains(@id ,\"application-addressmanagement-display-component---detailAdm--addressDetailDetailsName1\")][contains(text(), \"WebdriverYardbo7m\")]"}
COMMAND: POST /session/e17b2d300284dfd621e67fe570e9cb9c/element - {"using":"xpath","value":"//bdi[contains(@id ,\"application-manageresources-display-component---detailRU--openRelatedRus-BDI-content\")]"}
RESULT: {"using":"xpath","value":"//bdi[contains(@id ,\"application-manageresources-display-component---detailRU--openRelatedRus-BDI-content\")]"}
COMMAND: POST /session/e17b2d300284dfd621e67fe570e9cb9c/execute/sync - {"script":"<script> [8489 bytes]","args":[{"element-6066-11e4-a52e-4f735466cecf":"f.3EE29FDE339C3D4269C60DE74BD8FBA1.d.83C32F059DD041473F0307DB2A2DF34C.e.5651","ELEMENT":"f.3EE29FDE339C3D4269C60DE74BD8FBA1.d.83C32F059DD041473F0307DB2A2DF34C.e.5651"}]}
RESULT: {"script":"<script> [8489 bytes]","args":[{"element-6066-11e4-a52e-4f735466cecf":"f.3EE29FDE339C3D4269C60DE74BD8FBA1.d.83C32F059DD041473F0307DB2A2DF34C.e.5651","ELEMENT":"f.3EE29FDE339C3D4269C60DE74BD8FBA1.d.83C32F059DD041473F0307DB2A2DF34C.e.5651"}]}
COMMAND: POST /session/e17b2d300284dfd621e67fe570e9cb9c/execute/sync - {"script":"<script> [5351 bytes]","args":[{"element-6066-11e4-a52e-4f735466cecf":"f.3EE29FDE339C3D4269C60DE74BD8FBA1.d.83C32F059DD041473F0307DB2A2DF34C.e.5651","ELEMENT":"f.3EE29FDE339C3D4269C60DE74BD8FBA1.d.83C32F059DD041473F0307DB2A2DF34C.e.5651"}]}
COMMAND: GET /session/e17b2d300284dfd621e67fe570e9cb9c/screenshot - {}
RESULT: {"script":"<script> [5351 bytes]","args":[{"element-6066-11e4-a52e-4f735466cecf":"f.3EE29FDE339C3D4269C60DE74BD8FBA1.d.83C32F059DD041473F0307DB2A2DF34C.e.5651","ELEMENT":"f.3EE29FDE339C3D4269C60DE74BD8FBA1.d.83C32F059DD041473F0307DB2A2DF34C.e.5651"}]}
COMMAND: POST /session/e17b2d300284dfd621e67fe570e9cb9c/element/f.3EE29FDE339C3D4269C60DE74BD8FBA1.d.83C32F059DD041473F0307DB2A2DF34C.e.5651/click - {}
COMMAND: GET /session/e17b2d300284dfd621e67fe570e9cb9c/screenshot - {}
RESULT: {}
COMMAND: POST /session/e17b2d300284dfd621e67fe570e9cb9c/element - {"using":"xpath","value":"//span[contains(@id ,\"application-addressmanagement-display-component---detailAdm--addressDetailDetailsName1\")][contains(text(), \"WebdriverYardbo7m\")]"}
RESULT: {}
COMMAND: GET /session/e17b2d300284dfd621e67fe570e9cb9c/screenshot - {}
RESULT: {}
RESULT: {"using":"xpath","value":"//span[contains(@id ,\"application-addressmanagement-display-component---detailAdm--addressDetailDetailsName1\")][contains(text(), \"WebdriverYardbo7m\")]"}
RESULT: {}
COMMAND: POST /session/e17b2d300284dfd621e67fe570e9cb9c/element - {"using":"xpath","value":"//span[contains(@id ,\"application-addressmanagement-display-component---detailAdm--addressDetailDetailsName1\")][contains(text(), \"WebdriverYardbo7m\")]"}
RESULT: {"using":"xpath","value":"//span[contains(@id ,\"application-addressmanagement-display-component---detailAdm--addressDetailDetailsName1\")][contains(text(), \"WebdriverYardbo7m\")]"}
COMMAND: POST /session/e17b2d300284dfd621e67fe570e9cb9c/element - {"using":"xpath","value":"//span[contains(@id ,\"application-addressmanagement-display-component---detailAdm--addressDetailDetailsName1\")][contains(text(), \"WebdriverYardbo7m\")]"}
RESULT: {"using":"xpath","value":"//span[contains(@id ,\"application-addressmanagement-display-component---detailAdm--addressDetailDetailsName1\")][contains(text(), \"WebdriverYardbo7m\")]"}
COMMAND: POST /session/e17b2d300284dfd621e67fe570e9cb9c/element - {"using":"xpath","value":"//span[contains(@id ,\"application-addressmanagement-display-component---detailAdm--addressDetailDetailsName1\")][contains(text(), \"WebdriverYardbo7m\")]"}
RESULT: {"using":"xpath","value":"//span[contains(@id ,\"application-addressmanagement-display-component---detailAdm--addressDetailDetailsName1\")][contains(text(), \"WebdriverYardbo7m\")]"}
COMMAND: POST /session/e17b2d300284dfd621e67fe570e9cb9c/element - {"using":"xpath","value":"//span[contains(@id ,\"application-addressmanagement-display-component---detailAdm--addressDetailDetailsName1\")][contains(text(), \"WebdriverYardbo7m\")]"}
RESULT: {"using":"xpath","value":"//span[contains(@id ,\"application-addressmanagement-display-component---detailAdm--addressDetailDetailsName1\")][contains(text(), \"WebdriverYardbo7m\")]"}
COMMAND: POST /session/e17b2d300284dfd621e67fe570e9cb9c/element - {"using":"xpath","value":"//span[contains(@id ,\"application-addressmanagement-display-component---detailAdm--addressDetailDetailsName1\")][contains(text(), \"WebdriverYardbo7m\")]"}
RESULT: {"using":"xpath","value":"//span[contains(@id ,\"application-addressmanagement-display-component---detailAdm--addressDetailDetailsName1\")][contains(text(), \"WebdriverYardbo7m\")]"}
COMMAND: POST /session/e17b2d300284dfd621e67fe570e9cb9c/element - {"using":"xpath","value":"//span[contains(@id ,\"application-addressmanagement-display-component---detailAdm--addressDetailDetailsName1\")][contains(text(), \"WebdriverYardbo7m\")]"}
RESULT: {"using":"xpath","value":"//span[contains(@id ,\"application-addressmanagement-display-component---detailAdm--addressDetailDetailsName1\")][contains(text(), \"WebdriverYardbo7m\")]"}
COMMAND: POST /session/e17b2d300284dfd621e67fe570e9cb9c/element - {"using":"xpath","value":"//span[contains(@id ,\"application-addressmanagement-display-component---detailAdm--addressDetailDetailsName1\")][contains(text(), \"WebdriverYardbo7m\")]"}
RESULT: {"using":"xpath","value":"//span[contains(@id ,\"application-addressmanagement-display-component---detailAdm--addressDetailDetailsName1\")][contains(text(), \"WebdriverYardbo7m\")]"}
RESULT: undefined
COMMAND: POST /session/e17b2d300284dfd621e67fe570e9cb9c/execute/async - {"script":"<script> [6424 bytes]","args":[{"element-6066-11e4-a52e-4f735466cecf":"f.3EE29FDE339C3D4269C60DE74BD8FBA1.d.83C32F059DD041473F0307DB2A2DF34C.e.2753"},"getText",[]]}
COMMAND: POST /session/e17b2d300284dfd621e67fe570e9cb9c/execute/async - {"script":"<script> [1562 bytes]","args":[{"selector":{"id":"RelatedRUsFragmentID--smartTableRUs-header","searchOpenDialogs":true},"wdio_ui5_key":"RelatedRUsFragmentIDsmartTableRUs-header"}]}
RESULT: {"script":"<script> [1562 bytes]","args":[{"selector":{"id":"RelatedRUsFragmentID--smartTableRUs-header","searchOpenDialogs":true},"wdio_ui5_key":"RelatedRUsFragmentIDsmartTableRUs-header"}]}
COMMAND: POST /session/e17b2d300284dfd621e67fe570e9cb9c/execute/async - {"script":"<script> [6424 bytes]","args":[{"element-6066-11e4-a52e-4f735466cecf":"f.3EE29FDE339C3D4269C60DE74BD8FBA1.d.83C32F059DD041473F0307DB2A2DF34C.e.5656"},"getText",[]]}
RESULT: {"script":"<script> [6424 bytes]","args":[{"element-6066-11e4-a52e-4f735466cecf":"f.3EE29FDE339C3D4269C60DE74BD8FBA1.d.83C32F059DD041473F0307DB2A2DF34C.e.5656"},"getText",[]]}
COMMAND: POST /session/e17b2d300284dfd621e67fe570e9cb9c/element - {"using":"xpath","value":"//span[contains(text(), \"WdIORUEquip1i3vfe\")]"}
RESULT: {"using":"xpath","value":"//span[contains(text(), \"WdIORUEquip1i3vfe\")]"}
COMMAND: POST /session/e17b2d300284dfd621e67fe570e9cb9c/element - {"using":"xpath","value":"//span[contains(text(), \"WdIORUEquip1i3vfe\")]"}
RESULT: {"using":"xpath","value":"//span[contains(text(), \"WdIORUEquip1i3vfe\")]"}
COMMAND: DELETE /session/e17b2d300284dfd621e67fe570e9cb9c - {}
RESULT: {}
]]></system-out>
    </testcase>
  </testsuite>
</testsuites>